<?xml version="1.0" encoding="UTF-8"?>
<testsuite xmlns:xsi="http://www.w3.org/2001/XMLSchema-instance" xsi:noNamespaceSchemaLocation="https://maven.apache.org/surefire/maven-failsafe-plugin/xsd/failsafe-test-report-3.0.xsd" version="3.0" name="project.mobile.acceptancetests.AcceptanceTestSuite" time="293.706" tests="16" errors="0" skipped="0" failures="0">
  <properties>
    <property name="java.specification.version" value="15"/>
    <property name="sun.cpu.isalist" value="amd64"/>
    <property name="sun.jnu.encoding" value="Cp1252"/>
    <property name="java.class.path" value="E:\My Documents\File Difa\TI Semester 6 Kampus Merdeka Alterra\Tugas\CAPSTONE Project\Capstone-Project-Mobile\target\test-classes;C:\Users\USER\.m2\repository\net\serenity-bdd\serenity-core\2.3.2\serenity-core-2.3.2.jar;C:\Users\USER\.m2\repository\net\bytebuddy\byte-buddy\1.10.1\byte-buddy-1.10.1.jar;C:\Users\USER\.m2\repository\net\bytebuddy\byte-buddy-agent\1.10.1\byte-buddy-agent-1.10.1.jar;C:\Users\USER\.m2\repository\com\google\guava\guava\25.0-jre\guava-25.0-jre.jar;C:\Users\USER\.m2\repository\com\google\code\findbugs\jsr305\1.3.9\jsr305-1.3.9.jar;C:\Users\USER\.m2\repository\org\checkerframework\checker-compat-qual\2.0.0\checker-compat-qual-2.0.0.jar;C:\Users\USER\.m2\repository\com\google\errorprone\error_prone_annotations\2.1.3\error_prone_annotations-2.1.3.jar;C:\Users\USER\.m2\repository\com\google\j2objc\j2objc-annotations\1.1\j2objc-annotations-1.1.jar;C:\Users\USER\.m2\repository\org\codehaus\mojo\animal-sniffer-annotations\1.14\animal-sniffer-annotations-1.14.jar;C:\Users\USER\.m2\repository\com\google\inject\guice\4.2.2\guice-4.2.2.jar;C:\Users\USER\.m2\repository\javax\inject\javax.inject\1\javax.inject-1.jar;C:\Users\USER\.m2\repository\aopalliance\aopalliance\1.0\aopalliance-1.0.jar;C:\Users\USER\.m2\repository\org\ow2\asm\asm\7.2\asm-7.2.jar;C:\Users\USER\.m2\repository\commons-codec\commons-codec\1.10\commons-codec-1.10.jar;C:\Users\USER\.m2\repository\org\objenesis\objenesis\3.0.1\objenesis-3.0.1.jar;C:\Users\USER\.m2\repository\org\slf4j\slf4j-api\1.7.26\slf4j-api-1.7.26.jar;C:\Users\USER\.m2\repository\xml-apis\xml-apis\1.4.01\xml-apis-1.4.01.jar;C:\Users\USER\.m2\repository\io\cucumber\cucumber-core\6.6.0\cucumber-core-6.6.0.jar;C:\Users\USER\.m2\repository\io\cucumber\cucumber-gherkin\6.6.0\cucumber-gherkin-6.6.0.jar;C:\Users\USER\.m2\repository\io\cucumber\cucumber-gherkin-messages\6.6.0\cucumber-gherkin-messages-6.6.0.jar;C:\Users\USER\.m2\repository\io\cucumber\messages\13.0.1\messages-13.0.1.jar;C:\Users\USER\.m2\repository\io\cucumber\tag-expressions\3.0.0\tag-expressions-3.0.0.jar;C:\Users\USER\.m2\repository\io\cucumber\cucumber-expressions\10.3.0\cucumber-expressions-10.3.0.jar;C:\Users\USER\.m2\repository\io\cucumber\datatable\3.4.0\datatable-3.4.0.jar;C:\Users\USER\.m2\repository\io\cucumber\cucumber-plugin\6.6.0\cucumber-plugin-6.6.0.jar;C:\Users\USER\.m2\repository\io\cucumber\docstring\6.6.0\docstring-6.6.0.jar;C:\Users\USER\.m2\repository\io\cucumber\html-formatter\9.0.0\html-formatter-9.0.0.jar;C:\Users\USER\.m2\repository\io\cucumber\create-meta\2.0.1\create-meta-2.0.1.jar;C:\Users\USER\.m2\repository\io\cucumber\cucumber-java\6.6.0\cucumber-java-6.6.0.jar;C:\Users\USER\.m2\repository\commons-logging\commons-logging\1.2\commons-logging-1.2.jar;C:\Users\USER\.m2\repository\io\vavr\vavr\0.9.0\vavr-0.9.0.jar;C:\Users\USER\.m2\repository\io\vavr\vavr-match\0.9.0\vavr-match-0.9.0.jar;C:\Users\USER\.m2\repository\javax\xml\bind\jaxb-api\2.2.12\jaxb-api-2.2.12.jar;C:\Users\USER\.m2\repository\com\sun\xml\bind\jaxb-core\2.3.0.1\jaxb-core-2.3.0.1.jar;C:\Users\USER\.m2\repository\com\sun\xml\bind\jaxb-impl\2.3.0.1\jaxb-impl-2.3.0.1.jar;C:\Users\USER\.m2\repository\javax\activation\activation\1.1.1\activation-1.1.1.jar;C:\Users\USER\.m2\repository\org\mockito\mockito-core\3.1.0\mockito-core-3.1.0.jar;C:\Users\USER\.m2\repository\net\serenity-bdd\serenity-report-resources\2.3.2\serenity-report-resources-2.3.2.jar;C:\Users\USER\.m2\repository\net\serenity-bdd\serenity-model\2.3.2\serenity-model-2.3.2.jar;C:\Users\USER\.m2\repository\commons-net\commons-net\3.6\commons-net-3.6.jar;C:\Users\USER\.m2\repository\org\apache\commons\commons-text\1.6\commons-text-1.6.jar;C:\Users\USER\.m2\repository\org\reflections\reflections\0.9.11\reflections-0.9.11.jar;C:\Users\USER\.m2\repository\org\javassist\javassist\3.21.0-GA\javassist-3.21.0-GA.jar;C:\Users\USER\.m2\repository\es\nitaur\markdown\txtmark\0.16\txtmark-0.16.jar;C:\Users\USER\.m2\repository\net\serenity-bdd\serenity-reports\2.3.2\serenity-reports-2.3.2.jar;C:\Users\USER\.m2\repository\net\serenity-bdd\serenity-stats\2.3.2\serenity-stats-2.3.2.jar;C:\Users\USER\.m2\repository\com\google\code\gson\gson\2.8.6\gson-2.8.6.jar;C:\Users\USER\.m2\repository\commons-io\commons-io\2.6\commons-io-2.6.jar;C:\Users\USER\.m2\repository\org\seleniumhq\selenium\selenium-server\3.141.59\selenium-server-3.141.59.jar;C:\Users\USER\.m2\repository\org\seleniumhq\selenium\selenium-firefox-driver\3.141.59\selenium-firefox-driver-3.141.59.jar;C:\Users\USER\.m2\repository\org\seleniumhq\selenium\selenium-ie-driver\3.141.59\selenium-ie-driver-3.141.59.jar;C:\Users\USER\.m2\repository\com\beust\jcommander\1.72\jcommander-1.72.jar;C:\Users\USER\.m2\repository\org\apache\commons\commons-exec\1.3\commons-exec-1.3.jar;C:\Users\USER\.m2\repository\net\jcip\jcip-annotations\1.0\jcip-annotations-1.0.jar;C:\Users\USER\.m2\repository\org\seleniumhq\selenium\jetty-repacked\9.4.12.v20180830\jetty-repacked-9.4.12.v20180830.jar;C:\Users\USER\.m2\repository\com\squareup\okhttp3\okhttp\3.11.0\okhttp-3.11.0.jar;C:\Users\USER\.m2\repository\com\squareup\okio\okio\1.14.0\okio-1.14.0.jar;C:\Users\USER\.m2\repository\javax\servlet\javax.servlet-api\3.1.0\javax.servlet-api-3.1.0.jar;C:\Users\USER\.m2\repository\org\seleniumhq\selenium\selenium-java\3.141.59\selenium-java-3.141.59.jar;C:\Users\USER\.m2\repository\org\seleniumhq\selenium\selenium-api\3.141.59\selenium-api-3.141.59.jar;C:\Users\USER\.m2\repository\org\seleniumhq\selenium\selenium-chrome-driver\3.141.59\selenium-chrome-driver-3.141.59.jar;C:\Users\USER\.m2\repository\org\seleniumhq\selenium\selenium-edge-driver\3.141.59\selenium-edge-driver-3.141.59.jar;C:\Users\USER\.m2\repository\org\seleniumhq\selenium\selenium-remote-driver\3.141.59\selenium-remote-driver-3.141.59.jar;C:\Users\USER\.m2\repository\org\seleniumhq\selenium\selenium-safari-driver\3.141.59\selenium-safari-driver-3.141.59.jar;C:\Users\USER\.m2\repository\org\seleniumhq\selenium\selenium-opera-driver\3.141.59\selenium-opera-driver-3.141.59.jar;C:\Users\USER\.m2\repository\org\seleniumhq\selenium\selenium-support\3.141.59\selenium-support-3.141.59.jar;C:\Users\USER\.m2\repository\com\paulhammant\ngwebdriver\1.1.5\ngwebdriver-1.1.5.jar;C:\Users\USER\.m2\repository\com\assertthat\selenium-shutterbug\0.9.3\selenium-shutterbug-0.9.3.jar;C:\Users\USER\.m2\repository\org\projectlombok\lombok\1.18.8\lombok-1.18.8.jar;C:\Users\USER\.m2\repository\com\github\zafarkhaja\java-semver\0.9.0\java-semver-0.9.0.jar;C:\Users\USER\.m2\repository\com\codeborne\phantomjsdriver\1.4.4\phantomjsdriver-1.4.4.jar;C:\Users\USER\.m2\repository\org\seleniumhq\selenium\htmlunit-driver\2.37.0\htmlunit-driver-2.37.0.jar;C:\Users\USER\.m2\repository\org\springframework\spring-context-support\5.1.2.RELEASE\spring-context-support-5.1.2.RELEASE.jar;C:\Users\USER\.m2\repository\org\springframework\spring-beans\5.1.2.RELEASE\spring-beans-5.1.2.RELEASE.jar;C:\Users\USER\.m2\repository\org\springframework\spring-core\5.1.2.RELEASE\spring-core-5.1.2.RELEASE.jar;C:\Users\USER\.m2\repository\org\springframework\spring-jcl\5.1.2.RELEASE\spring-jcl-5.1.2.RELEASE.jar;C:\Users\USER\.m2\repository\org\codehaus\groovy\groovy\2.5.5\groovy-2.5.5.jar;C:\Users\USER\.m2\repository\net\sf\opencsv\opencsv\2.0\opencsv-2.0.jar;C:\Users\USER\.m2\repository\commons-beanutils\commons-beanutils-core\1.8.3\commons-beanutils-core-1.8.3.jar;C:\Users\USER\.m2\repository\joda-time\joda-time\2.7\joda-time-2.7.jar;C:\Users\USER\.m2\repository\com\thoughtworks\xstream\xstream\1.4.9\xstream-1.4.9.jar;C:\Users\USER\.m2\repository\xmlpull\xmlpull\1.1.3.1\xmlpull-1.1.3.1.jar;C:\Users\USER\.m2\repository\xpp3\xpp3_min\1.1.4c\xpp3_min-1.1.4c.jar;C:\Users\USER\.m2\repository\org\apache\commons\commons-lang3\3.8.1\commons-lang3-3.8.1.jar;C:\Users\USER\.m2\repository\commons-collections\commons-collections\3.2.2\commons-collections-3.2.2.jar;C:\Users\USER\.m2\repository\org\freemarker\freemarker\2.3.29\freemarker-2.3.29.jar;C:\Users\USER\.m2\repository\net\sourceforge\jexcelapi\jxl\2.6.12\jxl-2.6.12.jar;C:\Users\USER\.m2\repository\org\hamcrest\hamcrest-core\1.3\hamcrest-core-1.3.jar;C:\Users\USER\.m2\repository\org\hamcrest\hamcrest-library\1.3\hamcrest-library-1.3.jar;C:\Users\USER\.m2\repository\net\sourceforge\htmlunit\htmlunit\2.37.0\htmlunit-2.37.0.jar;C:\Users\USER\.m2\repository\net\sourceforge\htmlunit\htmlunit-core-js\2.37.0\htmlunit-core-js-2.37.0.jar;C:\Users\USER\.m2\repository\net\sourceforge\htmlunit\neko-htmlunit\2.37.0\neko-htmlunit-2.37.0.jar;C:\Users\USER\.m2\repository\xerces\xercesImpl\2.12.0\xercesImpl-2.12.0.jar;C:\Users\USER\.m2\repository\net\sourceforge\htmlunit\htmlunit-cssparser\1.5.0\htmlunit-cssparser-1.5.0.jar;C:\Users\USER\.m2\repository\org\brotli\dec\0.1.2\dec-0.1.2.jar;C:\Users\USER\.m2\repository\org\eclipse\jetty\websocket\websocket-client\9.4.26.v20200117\websocket-client-9.4.26.v20200117.jar;C:\Users\USER\.m2\repository\org\eclipse\jetty\jetty-client\9.4.26.v20200117\jetty-client-9.4.26.v20200117.jar;C:\Users\USER\.m2\repository\org\eclipse\jetty\jetty-http\9.4.26.v20200117\jetty-http-9.4.26.v20200117.jar;C:\Users\USER\.m2\repository\org\eclipse\jetty\jetty-xml\9.4.26.v20200117\jetty-xml-9.4.26.v20200117.jar;C:\Users\USER\.m2\repository\org\eclipse\jetty\jetty-util\9.4.26.v20200117\jetty-util-9.4.26.v20200117.jar;C:\Users\USER\.m2\repository\org\eclipse\jetty\jetty-io\9.4.26.v20200117\jetty-io-9.4.26.v20200117.jar;C:\Users\USER\.m2\repository\org\eclipse\jetty\websocket\websocket-common\9.4.26.v20200117\websocket-common-9.4.26.v20200117.jar;C:\Users\USER\.m2\repository\org\eclipse\jetty\websocket\websocket-api\9.4.26.v20200117\websocket-api-9.4.26.v20200117.jar;C:\Users\USER\.m2\repository\org\apache\httpcomponents\httpclient\4.5.5\httpclient-4.5.5.jar;C:\Users\USER\.m2\repository\org\apache\httpcomponents\httpcore\4.4.9\httpcore-4.4.9.jar;C:\Users\USER\.m2\repository\org\apache\httpcomponents\httpmime\4.5.5\httpmime-4.5.5.jar;C:\Users\USER\.m2\repository\org\fluentlenium\fluentlenium-core\0.10.2\fluentlenium-core-0.10.2.jar;C:\Users\USER\.m2\repository\com\jhlabs\filters\2.0.235\filters-2.0.235.jar;C:\Users\USER\.m2\repository\org\asciidoctor\asciidoctorj\1.5.6\asciidoctorj-1.5.6.jar;C:\Users\USER\.m2\repository\org\jruby\jruby-complete\1.7.26\jruby-complete-1.7.26.jar;C:\Users\USER\.m2\repository\org\imgscalr\imgscalr-lib\4.2\imgscalr-lib-4.2.jar;C:\Users\USER\.m2\repository\javax\el\javax.el-api\2.2.4\javax.el-api-2.2.4.jar;C:\Users\USER\.m2\repository\org\glassfish\web\javax.el\2.2.4\javax.el-2.2.4.jar;C:\Users\USER\.m2\repository\xalan\xalan\2.7.2\xalan-2.7.2.jar;C:\Users\USER\.m2\repository\xalan\serializer\2.7.2\serializer-2.7.2.jar;C:\Users\USER\.m2\repository\org\awaitility\awaitility\4.0.1\awaitility-4.0.1.jar;C:\Users\USER\.m2\repository\org\hamcrest\hamcrest\2.1\hamcrest-2.1.jar;C:\Users\USER\.m2\repository\com\typesafe\config\1.3.1\config-1.3.1.jar;C:\Users\USER\.m2\repository\org\jsoup\jsoup\1.10.3\jsoup-1.10.3.jar;C:\Users\USER\.m2\repository\com\google\jimfs\jimfs\1.1\jimfs-1.1.jar;C:\Users\USER\.m2\repository\com\vladsch\flexmark\flexmark-all\0.34.30\flexmark-all-0.34.30.jar;C:\Users\USER\.m2\repository\com\vladsch\flexmark\flexmark\0.34.30\flexmark-0.34.30.jar;C:\Users\USER\.m2\repository\com\vladsch\flexmark\flexmark-ext-abbreviation\0.34.30\flexmark-ext-abbreviation-0.34.30.jar;C:\Users\USER\.m2\repository\com\vladsch\flexmark\flexmark-ext-admonition\0.34.30\flexmark-ext-admonition-0.34.30.jar;C:\Users\USER\.m2\repository\com\vladsch\flexmark\flexmark-ext-anchorlink\0.34.30\flexmark-ext-anchorlink-0.34.30.jar;C:\Users\USER\.m2\repository\com\vladsch\flexmark\flexmark-ext-aside\0.34.30\flexmark-ext-aside-0.34.30.jar;C:\Users\USER\.m2\repository\com\vladsch\flexmark\flexmark-ext-attributes\0.34.30\flexmark-ext-attributes-0.34.30.jar;C:\Users\USER\.m2\repository\com\vladsch\flexmark\flexmark-ext-autolink\0.34.30\flexmark-ext-autolink-0.34.30.jar;C:\Users\USER\.m2\repository\org\nibor\autolink\autolink\0.6.0\autolink-0.6.0.jar;C:\Users\USER\.m2\repository\com\vladsch\flexmark\flexmark-ext-definition\0.34.30\flexmark-ext-definition-0.34.30.jar;C:\Users\USER\.m2\repository\com\vladsch\flexmark\flexmark-ext-emoji\0.34.30\flexmark-ext-emoji-0.34.30.jar;C:\Users\USER\.m2\repository\com\vladsch\flexmark\flexmark-ext-enumerated-reference\0.34.30\flexmark-ext-enumerated-reference-0.34.30.jar;C:\Users\USER\.m2\repository\com\vladsch\flexmark\flexmark-ext-escaped-character\0.34.30\flexmark-ext-escaped-character-0.34.30.jar;C:\Users\USER\.m2\repository\com\vladsch\flexmark\flexmark-ext-footnotes\0.34.30\flexmark-ext-footnotes-0.34.30.jar;C:\Users\USER\.m2\repository\com\vladsch\flexmark\flexmark-ext-gfm-issues\0.34.30\flexmark-ext-gfm-issues-0.34.30.jar;C:\Users\USER\.m2\repository\com\vladsch\flexmark\flexmark-ext-gfm-strikethrough\0.34.30\flexmark-ext-gfm-strikethrough-0.34.30.jar;C:\Users\USER\.m2\repository\com\vladsch\flexmark\flexmark-ext-gfm-tables\0.34.30\flexmark-ext-gfm-tables-0.34.30.jar;C:\Users\USER\.m2\repository\com\vladsch\flexmark\flexmark-ext-gfm-tasklist\0.34.30\flexmark-ext-gfm-tasklist-0.34.30.jar;C:\Users\USER\.m2\repository\com\vladsch\flexmark\flexmark-ext-gfm-users\0.34.30\flexmark-ext-gfm-users-0.34.30.jar;C:\Users\USER\.m2\repository\com\vladsch\flexmark\flexmark-ext-gitlab\0.34.30\flexmark-ext-gitlab-0.34.30.jar;C:\Users\USER\.m2\repository\com\vladsch\flexmark\flexmark-ext-jekyll-front-matter\0.34.30\flexmark-ext-jekyll-front-matter-0.34.30.jar;C:\Users\USER\.m2\repository\com\vladsch\flexmark\flexmark-ext-jekyll-tag\0.34.30\flexmark-ext-jekyll-tag-0.34.30.jar;C:\Users\USER\.m2\repository\com\vladsch\flexmark\flexmark-ext-media-tags\0.34.30\flexmark-ext-media-tags-0.34.30.jar;C:\Users\USER\.m2\repository\com\vladsch\flexmark\flexmark-test-util\0.34.30\flexmark-test-util-0.34.30.jar;C:\Users\USER\.m2\repository\com\vladsch\flexmark\flexmark-ext-ins\0.34.30\flexmark-ext-ins-0.34.30.jar;C:\Users\USER\.m2\repository\com\vladsch\flexmark\flexmark-ext-xwiki-macros\0.34.30\flexmark-ext-xwiki-macros-0.34.30.jar;C:\Users\USER\.m2\repository\com\vladsch\flexmark\flexmark-ext-superscript\0.34.30\flexmark-ext-superscript-0.34.30.jar;C:\Users\USER\.m2\repository\com\vladsch\flexmark\flexmark-ext-tables\0.34.30\flexmark-ext-tables-0.34.30.jar;C:\Users\USER\.m2\repository\com\vladsch\flexmark\flexmark-ext-toc\0.34.30\flexmark-ext-toc-0.34.30.jar;C:\Users\USER\.m2\repository\com\vladsch\flexmark\flexmark-ext-typographic\0.34.30\flexmark-ext-typographic-0.34.30.jar;C:\Users\USER\.m2\repository\com\vladsch\flexmark\flexmark-ext-wikilink\0.34.30\flexmark-ext-wikilink-0.34.30.jar;C:\Users\USER\.m2\repository\com\vladsch\flexmark\flexmark-ext-yaml-front-matter\0.34.30\flexmark-ext-yaml-front-matter-0.34.30.jar;C:\Users\USER\.m2\repository\com\vladsch\flexmark\flexmark-ext-youtube-embedded\0.34.30\flexmark-ext-youtube-embedded-0.34.30.jar;C:\Users\USER\.m2\repository\com\vladsch\flexmark\flexmark-formatter\0.34.30\flexmark-formatter-0.34.30.jar;C:\Users\USER\.m2\repository\com\vladsch\flexmark\flexmark-html-parser\0.34.30\flexmark-html-parser-0.34.30.jar;C:\Users\USER\.m2\repository\com\vladsch\flexmark\flexmark-jira-converter\0.34.30\flexmark-jira-converter-0.34.30.jar;C:\Users\USER\.m2\repository\com\vladsch\flexmark\flexmark-pdf-converter\0.34.30\flexmark-pdf-converter-0.34.30.jar;C:\Users\USER\.m2\repository\com\openhtmltopdf\openhtmltopdf-core\0.0.1-RC13\openhtmltopdf-core-0.0.1-RC13.jar;C:\Users\USER\.m2\repository\com\openhtmltopdf\openhtmltopdf-pdfbox\0.0.1-RC13\openhtmltopdf-pdfbox-0.0.1-RC13.jar;C:\Users\USER\.m2\repository\org\apache\pdfbox\pdfbox\2.0.8\pdfbox-2.0.8.jar;C:\Users\USER\.m2\repository\org\apache\pdfbox\fontbox\2.0.8\fontbox-2.0.8.jar;C:\Users\USER\.m2\repository\org\apache\pdfbox\xmpbox\2.0.8\xmpbox-2.0.8.jar;C:\Users\USER\.m2\repository\de\rototor\pdfbox\graphics2d\0.12\graphics2d-0.12.jar;C:\Users\USER\.m2\repository\com\openhtmltopdf\openhtmltopdf-rtl-support\0.0.1-RC13\openhtmltopdf-rtl-support-0.0.1-RC13.jar;C:\Users\USER\.m2\repository\com\ibm\icu\icu4j\59.1\icu4j-59.1.jar;C:\Users\USER\.m2\repository\com\openhtmltopdf\openhtmltopdf-jsoup-dom-converter\0.0.1-RC13\openhtmltopdf-jsoup-dom-converter-0.0.1-RC13.jar;C:\Users\USER\.m2\repository\com\vladsch\flexmark\flexmark-profile-pegdown\0.34.30\flexmark-profile-pegdown-0.34.30.jar;C:\Users\USER\.m2\repository\com\vladsch\flexmark\flexmark-util\0.34.30\flexmark-util-0.34.30.jar;C:\Users\USER\.m2\repository\com\vladsch\flexmark\flexmark-youtrack-converter\0.34.30\flexmark-youtrack-converter-0.34.30.jar;C:\Users\USER\.m2\repository\io\github\bonigarcia\webdrivermanager\4.1.0\webdrivermanager-4.1.0.jar;C:\Users\USER\.m2\repository\org\apache\httpcomponents\client5\httpclient5\5.0.1\httpclient5-5.0.1.jar;C:\Users\USER\.m2\repository\org\apache\httpcomponents\core5\httpcore5\5.0.1\httpcore5-5.0.1.jar;C:\Users\USER\.m2\repository\org\apache\httpcomponents\core5\httpcore5-h2\5.0.1\httpcore5-h2-5.0.1.jar;C:\Users\USER\.m2\repository\org\rauschig\jarchivelib\1.0.0\jarchivelib-1.0.0.jar;C:\Users\USER\.m2\repository\org\apache\commons\commons-compress\1.18\commons-compress-1.18.jar;C:\Users\USER\.m2\repository\net\serenity-bdd\serenity-screenplay\2.3.2\serenity-screenplay-2.3.2.jar;C:\Users\USER\.m2\repository\net\serenity-bdd\serenity-screenplay-webdriver\2.3.2\serenity-screenplay-webdriver-2.3.2.jar;C:\Users\USER\.m2\repository\net\serenity-bdd\serenity-ensure\2.3.2\serenity-ensure-2.3.2.jar;C:\Users\USER\.m2\repository\net\serenity-bdd\serenity-junit\2.3.2\serenity-junit-2.3.2.jar;C:\Users\USER\.m2\repository\org\jetbrains\kotlin\kotlin-stdlib\1.3.31\kotlin-stdlib-1.3.31.jar;C:\Users\USER\.m2\repository\org\jetbrains\kotlin\kotlin-stdlib-common\1.3.31\kotlin-stdlib-common-1.3.31.jar;C:\Users\USER\.m2\repository\org\jetbrains\annotations\13.0\annotations-13.0.jar;C:\Users\USER\.m2\repository\net\serenity-bdd\serenity-assertions\2.3.2\serenity-assertions-2.3.2.jar;C:\Users\USER\.m2\repository\net\serenity-bdd\serenity-screenplay-rest\2.3.2\serenity-screenplay-rest-2.3.2.jar;C:\Users\USER\.m2\repository\net\serenity-bdd\serenity-rest-assured\2.3.2\serenity-rest-assured-2.3.2.jar;C:\Users\USER\.m2\repository\io\rest-assured\rest-assured\3.3.0\rest-assured-3.3.0.jar;C:\Users\USER\.m2\repository\org\ccil\cowan\tagsoup\tagsoup\1.2.1\tagsoup-1.2.1.jar;C:\Users\USER\.m2\repository\io\rest-assured\json-path\3.3.0\json-path-3.3.0.jar;C:\Users\USER\.m2\repository\io\rest-assured\rest-assured-common\3.3.0\rest-assured-common-3.3.0.jar;C:\Users\USER\.m2\repository\io\rest-assured\xml-path\3.3.0\xml-path-3.3.0.jar;C:\Users\USER\.m2\repository\com\sun\xml\bind\jaxb-osgi\2.2.10\jaxb-osgi-2.2.10.jar;C:\Users\USER\.m2\repository\org\apache\sling\org.apache.sling.javax.activation\0.1.0\org.apache.sling.javax.activation-0.1.0.jar;C:\Users\USER\.m2\repository\org\codehaus\groovy\groovy-xml\2.5.5\groovy-xml-2.5.5.jar;C:\Users\USER\.m2\repository\org\codehaus\groovy\groovy-json\2.5.5\groovy-json-2.5.5.jar;C:\Users\USER\.m2\repository\net\serenity-bdd\serenity-cucumber6\2.3.2\serenity-cucumber6-2.3.2.jar;C:\Users\USER\.m2\repository\io\cucumber\cucumber-junit\6.6.0\cucumber-junit-6.6.0.jar;C:\Users\USER\.m2\repository\io\cucumber\datatable-matchers\3.4.0\datatable-matchers-3.4.0.jar;C:\Users\USER\.m2\repository\org\apache\commons\commons-csv\1.5\commons-csv-1.5.jar;C:\Users\USER\.m2\repository\junit\junit\4.12\junit-4.12.jar;C:\Users\USER\.m2\repository\org\slf4j\slf4j-simple\1.7.7\slf4j-simple-1.7.7.jar;C:\Users\USER\.m2\repository\org\junit\platform\junit-platform-launcher\1.5.2\junit-platform-launcher-1.5.2.jar;C:\Users\USER\.m2\repository\org\apiguardian\apiguardian-api\1.1.0\apiguardian-api-1.1.0.jar;C:\Users\USER\.m2\repository\org\junit\platform\junit-platform-engine\1.5.2\junit-platform-engine-1.5.2.jar;C:\Users\USER\.m2\repository\org\junit\jupiter\junit-jupiter-engine\5.5.2\junit-jupiter-engine-5.5.2.jar;C:\Users\USER\.m2\repository\org\junit\vintage\junit-vintage-engine\5.5.2\junit-vintage-engine-5.5.2.jar;C:\Users\USER\.m2\repository\org\assertj\assertj-core\3.13.2\assertj-core-3.13.2.jar;C:\Users\USER\.m2\repository\io\appium\java-client\7.6.0\java-client-7.6.0.jar;C:\Users\USER\.m2\repository\cglib\cglib\3.3.0\cglib-3.3.0.jar;C:\Users\USER\.m2\repository\commons-validator\commons-validator\1.7\commons-validator-1.7.jar;C:\Users\USER\.m2\repository\commons-beanutils\commons-beanutils\1.9.4\commons-beanutils-1.9.4.jar;C:\Users\USER\.m2\repository\commons-digester\commons-digester\2.1\commons-digester-2.1.jar;C:\Users\USER\.m2\repository\org\springframework\spring-context\5.3.10\spring-context-5.3.10.jar;C:\Users\USER\.m2\repository\org\springframework\spring-aop\5.3.10\spring-aop-5.3.10.jar;C:\Users\USER\.m2\repository\org\springframework\spring-expression\5.3.10\spring-expression-5.3.10.jar;C:\Users\USER\.m2\repository\org\aspectj\aspectjweaver\1.9.7\aspectjweaver-1.9.7.jar;C:\Users\USER\.m2\repository\org\junit\jupiter\junit-jupiter-api\5.5.2\junit-jupiter-api-5.5.2.jar;C:\Users\USER\.m2\repository\org\opentest4j\opentest4j\1.2.0\opentest4j-1.2.0.jar;C:\Users\USER\.m2\repository\org\junit\platform\junit-platform-commons\1.5.2\junit-platform-commons-1.5.2.jar;C:\Users\USER\.m2\repository\com\github\javafaker\javafaker\1.0.2\javafaker-1.0.2.jar;C:\Users\USER\.m2\repository\org\yaml\snakeyaml\1.23\snakeyaml-1.23-android.jar;C:\Users\USER\.m2\repository\com\github\mifmif\generex\1.0.2\generex-1.0.2.jar;C:\Users\USER\.m2\repository\dk\brics\automaton\automaton\1.11-8\automaton-1.11-8.jar;C:\Users\USER\.m2\repository\org\yaml\snakeyaml\1.29\snakeyaml-1.29.jar;"/>
    <property name="java.vm.vendor" value="Oracle Corporation"/>
    <property name="sun.arch.data.model" value="64"/>
    <property name="user.variant" value=""/>
    <property name="java.vendor.url" value="https://java.oracle.com/"/>
    <property name="user.timezone" value="Asia/Bangkok"/>
    <property name="os.name" value="Windows 8.1"/>
    <property name="java.vm.specification.version" value="15"/>
    <property name="sun.java.launcher" value="SUN_STANDARD"/>
    <property name="user.country" value="US"/>
    <property name="sun.boot.library.path" value="C:\Program Files\Java\jdk-15.0.2\bin"/>
    <property name="sun.java.command" value="org.apache.maven.surefire.booter.ForkedBooter C:\Users\USER\AppData\Local\Temp\surefire18364657161290069822 2022-07-04T12-56-32_224-jvmRun1 surefire10154562830278257789tmp surefire_08302689916964876538tmp"/>
    <property name="jdk.debug" value="release"/>
    <property name="surefire.test.class.path" value="E:\My Documents\File Difa\TI Semester 6 Kampus Merdeka Alterra\Tugas\CAPSTONE Project\Capstone-Project-Mobile\target\test-classes;C:\Users\USER\.m2\repository\net\serenity-bdd\serenity-core\2.3.2\serenity-core-2.3.2.jar;C:\Users\USER\.m2\repository\net\bytebuddy\byte-buddy\1.10.1\byte-buddy-1.10.1.jar;C:\Users\USER\.m2\repository\net\bytebuddy\byte-buddy-agent\1.10.1\byte-buddy-agent-1.10.1.jar;C:\Users\USER\.m2\repository\com\google\guava\guava\25.0-jre\guava-25.0-jre.jar;C:\Users\USER\.m2\repository\com\google\code\findbugs\jsr305\1.3.9\jsr305-1.3.9.jar;C:\Users\USER\.m2\repository\org\checkerframework\checker-compat-qual\2.0.0\checker-compat-qual-2.0.0.jar;C:\Users\USER\.m2\repository\com\google\errorprone\error_prone_annotations\2.1.3\error_prone_annotations-2.1.3.jar;C:\Users\USER\.m2\repository\com\google\j2objc\j2objc-annotations\1.1\j2objc-annotations-1.1.jar;C:\Users\USER\.m2\repository\org\codehaus\mojo\animal-sniffer-annotations\1.14\animal-sniffer-annotations-1.14.jar;C:\Users\USER\.m2\repository\com\google\inject\guice\4.2.2\guice-4.2.2.jar;C:\Users\USER\.m2\repository\javax\inject\javax.inject\1\javax.inject-1.jar;C:\Users\USER\.m2\repository\aopalliance\aopalliance\1.0\aopalliance-1.0.jar;C:\Users\USER\.m2\repository\org\ow2\asm\asm\7.2\asm-7.2.jar;C:\Users\USER\.m2\repository\commons-codec\commons-codec\1.10\commons-codec-1.10.jar;C:\Users\USER\.m2\repository\org\objenesis\objenesis\3.0.1\objenesis-3.0.1.jar;C:\Users\USER\.m2\repository\org\slf4j\slf4j-api\1.7.26\slf4j-api-1.7.26.jar;C:\Users\USER\.m2\repository\xml-apis\xml-apis\1.4.01\xml-apis-1.4.01.jar;C:\Users\USER\.m2\repository\io\cucumber\cucumber-core\6.6.0\cucumber-core-6.6.0.jar;C:\Users\USER\.m2\repository\io\cucumber\cucumber-gherkin\6.6.0\cucumber-gherkin-6.6.0.jar;C:\Users\USER\.m2\repository\io\cucumber\cucumber-gherkin-messages\6.6.0\cucumber-gherkin-messages-6.6.0.jar;C:\Users\USER\.m2\repository\io\cucumber\messages\13.0.1\messages-13.0.1.jar;C:\Users\USER\.m2\repository\io\cucumber\tag-expressions\3.0.0\tag-expressions-3.0.0.jar;C:\Users\USER\.m2\repository\io\cucumber\cucumber-expressions\10.3.0\cucumber-expressions-10.3.0.jar;C:\Users\USER\.m2\repository\io\cucumber\datatable\3.4.0\datatable-3.4.0.jar;C:\Users\USER\.m2\repository\io\cucumber\cucumber-plugin\6.6.0\cucumber-plugin-6.6.0.jar;C:\Users\USER\.m2\repository\io\cucumber\docstring\6.6.0\docstring-6.6.0.jar;C:\Users\USER\.m2\repository\io\cucumber\html-formatter\9.0.0\html-formatter-9.0.0.jar;C:\Users\USER\.m2\repository\io\cucumber\create-meta\2.0.1\create-meta-2.0.1.jar;C:\Users\USER\.m2\repository\io\cucumber\cucumber-java\6.6.0\cucumber-java-6.6.0.jar;C:\Users\USER\.m2\repository\commons-logging\commons-logging\1.2\commons-logging-1.2.jar;C:\Users\USER\.m2\repository\io\vavr\vavr\0.9.0\vavr-0.9.0.jar;C:\Users\USER\.m2\repository\io\vavr\vavr-match\0.9.0\vavr-match-0.9.0.jar;C:\Users\USER\.m2\repository\javax\xml\bind\jaxb-api\2.2.12\jaxb-api-2.2.12.jar;C:\Users\USER\.m2\repository\com\sun\xml\bind\jaxb-core\2.3.0.1\jaxb-core-2.3.0.1.jar;C:\Users\USER\.m2\repository\com\sun\xml\bind\jaxb-impl\2.3.0.1\jaxb-impl-2.3.0.1.jar;C:\Users\USER\.m2\repository\javax\activation\activation\1.1.1\activation-1.1.1.jar;C:\Users\USER\.m2\repository\org\mockito\mockito-core\3.1.0\mockito-core-3.1.0.jar;C:\Users\USER\.m2\repository\net\serenity-bdd\serenity-report-resources\2.3.2\serenity-report-resources-2.3.2.jar;C:\Users\USER\.m2\repository\net\serenity-bdd\serenity-model\2.3.2\serenity-model-2.3.2.jar;C:\Users\USER\.m2\repository\commons-net\commons-net\3.6\commons-net-3.6.jar;C:\Users\USER\.m2\repository\org\apache\commons\commons-text\1.6\commons-text-1.6.jar;C:\Users\USER\.m2\repository\org\reflections\reflections\0.9.11\reflections-0.9.11.jar;C:\Users\USER\.m2\repository\org\javassist\javassist\3.21.0-GA\javassist-3.21.0-GA.jar;C:\Users\USER\.m2\repository\es\nitaur\markdown\txtmark\0.16\txtmark-0.16.jar;C:\Users\USER\.m2\repository\net\serenity-bdd\serenity-reports\2.3.2\serenity-reports-2.3.2.jar;C:\Users\USER\.m2\repository\net\serenity-bdd\serenity-stats\2.3.2\serenity-stats-2.3.2.jar;C:\Users\USER\.m2\repository\com\google\code\gson\gson\2.8.6\gson-2.8.6.jar;C:\Users\USER\.m2\repository\commons-io\commons-io\2.6\commons-io-2.6.jar;C:\Users\USER\.m2\repository\org\seleniumhq\selenium\selenium-server\3.141.59\selenium-server-3.141.59.jar;C:\Users\USER\.m2\repository\org\seleniumhq\selenium\selenium-firefox-driver\3.141.59\selenium-firefox-driver-3.141.59.jar;C:\Users\USER\.m2\repository\org\seleniumhq\selenium\selenium-ie-driver\3.141.59\selenium-ie-driver-3.141.59.jar;C:\Users\USER\.m2\repository\com\beust\jcommander\1.72\jcommander-1.72.jar;C:\Users\USER\.m2\repository\org\apache\commons\commons-exec\1.3\commons-exec-1.3.jar;C:\Users\USER\.m2\repository\net\jcip\jcip-annotations\1.0\jcip-annotations-1.0.jar;C:\Users\USER\.m2\repository\org\seleniumhq\selenium\jetty-repacked\9.4.12.v20180830\jetty-repacked-9.4.12.v20180830.jar;C:\Users\USER\.m2\repository\com\squareup\okhttp3\okhttp\3.11.0\okhttp-3.11.0.jar;C:\Users\USER\.m2\repository\com\squareup\okio\okio\1.14.0\okio-1.14.0.jar;C:\Users\USER\.m2\repository\javax\servlet\javax.servlet-api\3.1.0\javax.servlet-api-3.1.0.jar;C:\Users\USER\.m2\repository\org\seleniumhq\selenium\selenium-java\3.141.59\selenium-java-3.141.59.jar;C:\Users\USER\.m2\repository\org\seleniumhq\selenium\selenium-api\3.141.59\selenium-api-3.141.59.jar;C:\Users\USER\.m2\repository\org\seleniumhq\selenium\selenium-chrome-driver\3.141.59\selenium-chrome-driver-3.141.59.jar;C:\Users\USER\.m2\repository\org\seleniumhq\selenium\selenium-edge-driver\3.141.59\selenium-edge-driver-3.141.59.jar;C:\Users\USER\.m2\repository\org\seleniumhq\selenium\selenium-remote-driver\3.141.59\selenium-remote-driver-3.141.59.jar;C:\Users\USER\.m2\repository\org\seleniumhq\selenium\selenium-safari-driver\3.141.59\selenium-safari-driver-3.141.59.jar;C:\Users\USER\.m2\repository\org\seleniumhq\selenium\selenium-opera-driver\3.141.59\selenium-opera-driver-3.141.59.jar;C:\Users\USER\.m2\repository\org\seleniumhq\selenium\selenium-support\3.141.59\selenium-support-3.141.59.jar;C:\Users\USER\.m2\repository\com\paulhammant\ngwebdriver\1.1.5\ngwebdriver-1.1.5.jar;C:\Users\USER\.m2\repository\com\assertthat\selenium-shutterbug\0.9.3\selenium-shutterbug-0.9.3.jar;C:\Users\USER\.m2\repository\org\projectlombok\lombok\1.18.8\lombok-1.18.8.jar;C:\Users\USER\.m2\repository\com\github\zafarkhaja\java-semver\0.9.0\java-semver-0.9.0.jar;C:\Users\USER\.m2\repository\com\codeborne\phantomjsdriver\1.4.4\phantomjsdriver-1.4.4.jar;C:\Users\USER\.m2\repository\org\seleniumhq\selenium\htmlunit-driver\2.37.0\htmlunit-driver-2.37.0.jar;C:\Users\USER\.m2\repository\org\springframework\spring-context-support\5.1.2.RELEASE\spring-context-support-5.1.2.RELEASE.jar;C:\Users\USER\.m2\repository\org\springframework\spring-beans\5.1.2.RELEASE\spring-beans-5.1.2.RELEASE.jar;C:\Users\USER\.m2\repository\org\springframework\spring-core\5.1.2.RELEASE\spring-core-5.1.2.RELEASE.jar;C:\Users\USER\.m2\repository\org\springframework\spring-jcl\5.1.2.RELEASE\spring-jcl-5.1.2.RELEASE.jar;C:\Users\USER\.m2\repository\org\codehaus\groovy\groovy\2.5.5\groovy-2.5.5.jar;C:\Users\USER\.m2\repository\net\sf\opencsv\opencsv\2.0\opencsv-2.0.jar;C:\Users\USER\.m2\repository\commons-beanutils\commons-beanutils-core\1.8.3\commons-beanutils-core-1.8.3.jar;C:\Users\USER\.m2\repository\joda-time\joda-time\2.7\joda-time-2.7.jar;C:\Users\USER\.m2\repository\com\thoughtworks\xstream\xstream\1.4.9\xstream-1.4.9.jar;C:\Users\USER\.m2\repository\xmlpull\xmlpull\1.1.3.1\xmlpull-1.1.3.1.jar;C:\Users\USER\.m2\repository\xpp3\xpp3_min\1.1.4c\xpp3_min-1.1.4c.jar;C:\Users\USER\.m2\repository\org\apache\commons\commons-lang3\3.8.1\commons-lang3-3.8.1.jar;C:\Users\USER\.m2\repository\commons-collections\commons-collections\3.2.2\commons-collections-3.2.2.jar;C:\Users\USER\.m2\repository\org\freemarker\freemarker\2.3.29\freemarker-2.3.29.jar;C:\Users\USER\.m2\repository\net\sourceforge\jexcelapi\jxl\2.6.12\jxl-2.6.12.jar;C:\Users\USER\.m2\repository\org\hamcrest\hamcrest-core\1.3\hamcrest-core-1.3.jar;C:\Users\USER\.m2\repository\org\hamcrest\hamcrest-library\1.3\hamcrest-library-1.3.jar;C:\Users\USER\.m2\repository\net\sourceforge\htmlunit\htmlunit\2.37.0\htmlunit-2.37.0.jar;C:\Users\USER\.m2\repository\net\sourceforge\htmlunit\htmlunit-core-js\2.37.0\htmlunit-core-js-2.37.0.jar;C:\Users\USER\.m2\repository\net\sourceforge\htmlunit\neko-htmlunit\2.37.0\neko-htmlunit-2.37.0.jar;C:\Users\USER\.m2\repository\xerces\xercesImpl\2.12.0\xercesImpl-2.12.0.jar;C:\Users\USER\.m2\repository\net\sourceforge\htmlunit\htmlunit-cssparser\1.5.0\htmlunit-cssparser-1.5.0.jar;C:\Users\USER\.m2\repository\org\brotli\dec\0.1.2\dec-0.1.2.jar;C:\Users\USER\.m2\repository\org\eclipse\jetty\websocket\websocket-client\9.4.26.v20200117\websocket-client-9.4.26.v20200117.jar;C:\Users\USER\.m2\repository\org\eclipse\jetty\jetty-client\9.4.26.v20200117\jetty-client-9.4.26.v20200117.jar;C:\Users\USER\.m2\repository\org\eclipse\jetty\jetty-http\9.4.26.v20200117\jetty-http-9.4.26.v20200117.jar;C:\Users\USER\.m2\repository\org\eclipse\jetty\jetty-xml\9.4.26.v20200117\jetty-xml-9.4.26.v20200117.jar;C:\Users\USER\.m2\repository\org\eclipse\jetty\jetty-util\9.4.26.v20200117\jetty-util-9.4.26.v20200117.jar;C:\Users\USER\.m2\repository\org\eclipse\jetty\jetty-io\9.4.26.v20200117\jetty-io-9.4.26.v20200117.jar;C:\Users\USER\.m2\repository\org\eclipse\jetty\websocket\websocket-common\9.4.26.v20200117\websocket-common-9.4.26.v20200117.jar;C:\Users\USER\.m2\repository\org\eclipse\jetty\websocket\websocket-api\9.4.26.v20200117\websocket-api-9.4.26.v20200117.jar;C:\Users\USER\.m2\repository\org\apache\httpcomponents\httpclient\4.5.5\httpclient-4.5.5.jar;C:\Users\USER\.m2\repository\org\apache\httpcomponents\httpcore\4.4.9\httpcore-4.4.9.jar;C:\Users\USER\.m2\repository\org\apache\httpcomponents\httpmime\4.5.5\httpmime-4.5.5.jar;C:\Users\USER\.m2\repository\org\fluentlenium\fluentlenium-core\0.10.2\fluentlenium-core-0.10.2.jar;C:\Users\USER\.m2\repository\com\jhlabs\filters\2.0.235\filters-2.0.235.jar;C:\Users\USER\.m2\repository\org\asciidoctor\asciidoctorj\1.5.6\asciidoctorj-1.5.6.jar;C:\Users\USER\.m2\repository\org\jruby\jruby-complete\1.7.26\jruby-complete-1.7.26.jar;C:\Users\USER\.m2\repository\org\imgscalr\imgscalr-lib\4.2\imgscalr-lib-4.2.jar;C:\Users\USER\.m2\repository\javax\el\javax.el-api\2.2.4\javax.el-api-2.2.4.jar;C:\Users\USER\.m2\repository\org\glassfish\web\javax.el\2.2.4\javax.el-2.2.4.jar;C:\Users\USER\.m2\repository\xalan\xalan\2.7.2\xalan-2.7.2.jar;C:\Users\USER\.m2\repository\xalan\serializer\2.7.2\serializer-2.7.2.jar;C:\Users\USER\.m2\repository\org\awaitility\awaitility\4.0.1\awaitility-4.0.1.jar;C:\Users\USER\.m2\repository\org\hamcrest\hamcrest\2.1\hamcrest-2.1.jar;C:\Users\USER\.m2\repository\com\typesafe\config\1.3.1\config-1.3.1.jar;C:\Users\USER\.m2\repository\org\jsoup\jsoup\1.10.3\jsoup-1.10.3.jar;C:\Users\USER\.m2\repository\com\google\jimfs\jimfs\1.1\jimfs-1.1.jar;C:\Users\USER\.m2\repository\com\vladsch\flexmark\flexmark-all\0.34.30\flexmark-all-0.34.30.jar;C:\Users\USER\.m2\repository\com\vladsch\flexmark\flexmark\0.34.30\flexmark-0.34.30.jar;C:\Users\USER\.m2\repository\com\vladsch\flexmark\flexmark-ext-abbreviation\0.34.30\flexmark-ext-abbreviation-0.34.30.jar;C:\Users\USER\.m2\repository\com\vladsch\flexmark\flexmark-ext-admonition\0.34.30\flexmark-ext-admonition-0.34.30.jar;C:\Users\USER\.m2\repository\com\vladsch\flexmark\flexmark-ext-anchorlink\0.34.30\flexmark-ext-anchorlink-0.34.30.jar;C:\Users\USER\.m2\repository\com\vladsch\flexmark\flexmark-ext-aside\0.34.30\flexmark-ext-aside-0.34.30.jar;C:\Users\USER\.m2\repository\com\vladsch\flexmark\flexmark-ext-attributes\0.34.30\flexmark-ext-attributes-0.34.30.jar;C:\Users\USER\.m2\repository\com\vladsch\flexmark\flexmark-ext-autolink\0.34.30\flexmark-ext-autolink-0.34.30.jar;C:\Users\USER\.m2\repository\org\nibor\autolink\autolink\0.6.0\autolink-0.6.0.jar;C:\Users\USER\.m2\repository\com\vladsch\flexmark\flexmark-ext-definition\0.34.30\flexmark-ext-definition-0.34.30.jar;C:\Users\USER\.m2\repository\com\vladsch\flexmark\flexmark-ext-emoji\0.34.30\flexmark-ext-emoji-0.34.30.jar;C:\Users\USER\.m2\repository\com\vladsch\flexmark\flexmark-ext-enumerated-reference\0.34.30\flexmark-ext-enumerated-reference-0.34.30.jar;C:\Users\USER\.m2\repository\com\vladsch\flexmark\flexmark-ext-escaped-character\0.34.30\flexmark-ext-escaped-character-0.34.30.jar;C:\Users\USER\.m2\repository\com\vladsch\flexmark\flexmark-ext-footnotes\0.34.30\flexmark-ext-footnotes-0.34.30.jar;C:\Users\USER\.m2\repository\com\vladsch\flexmark\flexmark-ext-gfm-issues\0.34.30\flexmark-ext-gfm-issues-0.34.30.jar;C:\Users\USER\.m2\repository\com\vladsch\flexmark\flexmark-ext-gfm-strikethrough\0.34.30\flexmark-ext-gfm-strikethrough-0.34.30.jar;C:\Users\USER\.m2\repository\com\vladsch\flexmark\flexmark-ext-gfm-tables\0.34.30\flexmark-ext-gfm-tables-0.34.30.jar;C:\Users\USER\.m2\repository\com\vladsch\flexmark\flexmark-ext-gfm-tasklist\0.34.30\flexmark-ext-gfm-tasklist-0.34.30.jar;C:\Users\USER\.m2\repository\com\vladsch\flexmark\flexmark-ext-gfm-users\0.34.30\flexmark-ext-gfm-users-0.34.30.jar;C:\Users\USER\.m2\repository\com\vladsch\flexmark\flexmark-ext-gitlab\0.34.30\flexmark-ext-gitlab-0.34.30.jar;C:\Users\USER\.m2\repository\com\vladsch\flexmark\flexmark-ext-jekyll-front-matter\0.34.30\flexmark-ext-jekyll-front-matter-0.34.30.jar;C:\Users\USER\.m2\repository\com\vladsch\flexmark\flexmark-ext-jekyll-tag\0.34.30\flexmark-ext-jekyll-tag-0.34.30.jar;C:\Users\USER\.m2\repository\com\vladsch\flexmark\flexmark-ext-media-tags\0.34.30\flexmark-ext-media-tags-0.34.30.jar;C:\Users\USER\.m2\repository\com\vladsch\flexmark\flexmark-test-util\0.34.30\flexmark-test-util-0.34.30.jar;C:\Users\USER\.m2\repository\com\vladsch\flexmark\flexmark-ext-ins\0.34.30\flexmark-ext-ins-0.34.30.jar;C:\Users\USER\.m2\repository\com\vladsch\flexmark\flexmark-ext-xwiki-macros\0.34.30\flexmark-ext-xwiki-macros-0.34.30.jar;C:\Users\USER\.m2\repository\com\vladsch\flexmark\flexmark-ext-superscript\0.34.30\flexmark-ext-superscript-0.34.30.jar;C:\Users\USER\.m2\repository\com\vladsch\flexmark\flexmark-ext-tables\0.34.30\flexmark-ext-tables-0.34.30.jar;C:\Users\USER\.m2\repository\com\vladsch\flexmark\flexmark-ext-toc\0.34.30\flexmark-ext-toc-0.34.30.jar;C:\Users\USER\.m2\repository\com\vladsch\flexmark\flexmark-ext-typographic\0.34.30\flexmark-ext-typographic-0.34.30.jar;C:\Users\USER\.m2\repository\com\vladsch\flexmark\flexmark-ext-wikilink\0.34.30\flexmark-ext-wikilink-0.34.30.jar;C:\Users\USER\.m2\repository\com\vladsch\flexmark\flexmark-ext-yaml-front-matter\0.34.30\flexmark-ext-yaml-front-matter-0.34.30.jar;C:\Users\USER\.m2\repository\com\vladsch\flexmark\flexmark-ext-youtube-embedded\0.34.30\flexmark-ext-youtube-embedded-0.34.30.jar;C:\Users\USER\.m2\repository\com\vladsch\flexmark\flexmark-formatter\0.34.30\flexmark-formatter-0.34.30.jar;C:\Users\USER\.m2\repository\com\vladsch\flexmark\flexmark-html-parser\0.34.30\flexmark-html-parser-0.34.30.jar;C:\Users\USER\.m2\repository\com\vladsch\flexmark\flexmark-jira-converter\0.34.30\flexmark-jira-converter-0.34.30.jar;C:\Users\USER\.m2\repository\com\vladsch\flexmark\flexmark-pdf-converter\0.34.30\flexmark-pdf-converter-0.34.30.jar;C:\Users\USER\.m2\repository\com\openhtmltopdf\openhtmltopdf-core\0.0.1-RC13\openhtmltopdf-core-0.0.1-RC13.jar;C:\Users\USER\.m2\repository\com\openhtmltopdf\openhtmltopdf-pdfbox\0.0.1-RC13\openhtmltopdf-pdfbox-0.0.1-RC13.jar;C:\Users\USER\.m2\repository\org\apache\pdfbox\pdfbox\2.0.8\pdfbox-2.0.8.jar;C:\Users\USER\.m2\repository\org\apache\pdfbox\fontbox\2.0.8\fontbox-2.0.8.jar;C:\Users\USER\.m2\repository\org\apache\pdfbox\xmpbox\2.0.8\xmpbox-2.0.8.jar;C:\Users\USER\.m2\repository\de\rototor\pdfbox\graphics2d\0.12\graphics2d-0.12.jar;C:\Users\USER\.m2\repository\com\openhtmltopdf\openhtmltopdf-rtl-support\0.0.1-RC13\openhtmltopdf-rtl-support-0.0.1-RC13.jar;C:\Users\USER\.m2\repository\com\ibm\icu\icu4j\59.1\icu4j-59.1.jar;C:\Users\USER\.m2\repository\com\openhtmltopdf\openhtmltopdf-jsoup-dom-converter\0.0.1-RC13\openhtmltopdf-jsoup-dom-converter-0.0.1-RC13.jar;C:\Users\USER\.m2\repository\com\vladsch\flexmark\flexmark-profile-pegdown\0.34.30\flexmark-profile-pegdown-0.34.30.jar;C:\Users\USER\.m2\repository\com\vladsch\flexmark\flexmark-util\0.34.30\flexmark-util-0.34.30.jar;C:\Users\USER\.m2\repository\com\vladsch\flexmark\flexmark-youtrack-converter\0.34.30\flexmark-youtrack-converter-0.34.30.jar;C:\Users\USER\.m2\repository\io\github\bonigarcia\webdrivermanager\4.1.0\webdrivermanager-4.1.0.jar;C:\Users\USER\.m2\repository\org\apache\httpcomponents\client5\httpclient5\5.0.1\httpclient5-5.0.1.jar;C:\Users\USER\.m2\repository\org\apache\httpcomponents\core5\httpcore5\5.0.1\httpcore5-5.0.1.jar;C:\Users\USER\.m2\repository\org\apache\httpcomponents\core5\httpcore5-h2\5.0.1\httpcore5-h2-5.0.1.jar;C:\Users\USER\.m2\repository\org\rauschig\jarchivelib\1.0.0\jarchivelib-1.0.0.jar;C:\Users\USER\.m2\repository\org\apache\commons\commons-compress\1.18\commons-compress-1.18.jar;C:\Users\USER\.m2\repository\net\serenity-bdd\serenity-screenplay\2.3.2\serenity-screenplay-2.3.2.jar;C:\Users\USER\.m2\repository\net\serenity-bdd\serenity-screenplay-webdriver\2.3.2\serenity-screenplay-webdriver-2.3.2.jar;C:\Users\USER\.m2\repository\net\serenity-bdd\serenity-ensure\2.3.2\serenity-ensure-2.3.2.jar;C:\Users\USER\.m2\repository\net\serenity-bdd\serenity-junit\2.3.2\serenity-junit-2.3.2.jar;C:\Users\USER\.m2\repository\org\jetbrains\kotlin\kotlin-stdlib\1.3.31\kotlin-stdlib-1.3.31.jar;C:\Users\USER\.m2\repository\org\jetbrains\kotlin\kotlin-stdlib-common\1.3.31\kotlin-stdlib-common-1.3.31.jar;C:\Users\USER\.m2\repository\org\jetbrains\annotations\13.0\annotations-13.0.jar;C:\Users\USER\.m2\repository\net\serenity-bdd\serenity-assertions\2.3.2\serenity-assertions-2.3.2.jar;C:\Users\USER\.m2\repository\net\serenity-bdd\serenity-screenplay-rest\2.3.2\serenity-screenplay-rest-2.3.2.jar;C:\Users\USER\.m2\repository\net\serenity-bdd\serenity-rest-assured\2.3.2\serenity-rest-assured-2.3.2.jar;C:\Users\USER\.m2\repository\io\rest-assured\rest-assured\3.3.0\rest-assured-3.3.0.jar;C:\Users\USER\.m2\repository\org\ccil\cowan\tagsoup\tagsoup\1.2.1\tagsoup-1.2.1.jar;C:\Users\USER\.m2\repository\io\rest-assured\json-path\3.3.0\json-path-3.3.0.jar;C:\Users\USER\.m2\repository\io\rest-assured\rest-assured-common\3.3.0\rest-assured-common-3.3.0.jar;C:\Users\USER\.m2\repository\io\rest-assured\xml-path\3.3.0\xml-path-3.3.0.jar;C:\Users\USER\.m2\repository\com\sun\xml\bind\jaxb-osgi\2.2.10\jaxb-osgi-2.2.10.jar;C:\Users\USER\.m2\repository\org\apache\sling\org.apache.sling.javax.activation\0.1.0\org.apache.sling.javax.activation-0.1.0.jar;C:\Users\USER\.m2\repository\org\codehaus\groovy\groovy-xml\2.5.5\groovy-xml-2.5.5.jar;C:\Users\USER\.m2\repository\org\codehaus\groovy\groovy-json\2.5.5\groovy-json-2.5.5.jar;C:\Users\USER\.m2\repository\net\serenity-bdd\serenity-cucumber6\2.3.2\serenity-cucumber6-2.3.2.jar;C:\Users\USER\.m2\repository\io\cucumber\cucumber-junit\6.6.0\cucumber-junit-6.6.0.jar;C:\Users\USER\.m2\repository\io\cucumber\datatable-matchers\3.4.0\datatable-matchers-3.4.0.jar;C:\Users\USER\.m2\repository\org\apache\commons\commons-csv\1.5\commons-csv-1.5.jar;C:\Users\USER\.m2\repository\junit\junit\4.12\junit-4.12.jar;C:\Users\USER\.m2\repository\org\slf4j\slf4j-simple\1.7.7\slf4j-simple-1.7.7.jar;C:\Users\USER\.m2\repository\org\junit\platform\junit-platform-launcher\1.5.2\junit-platform-launcher-1.5.2.jar;C:\Users\USER\.m2\repository\org\apiguardian\apiguardian-api\1.1.0\apiguardian-api-1.1.0.jar;C:\Users\USER\.m2\repository\org\junit\platform\junit-platform-engine\1.5.2\junit-platform-engine-1.5.2.jar;C:\Users\USER\.m2\repository\org\junit\jupiter\junit-jupiter-engine\5.5.2\junit-jupiter-engine-5.5.2.jar;C:\Users\USER\.m2\repository\org\junit\vintage\junit-vintage-engine\5.5.2\junit-vintage-engine-5.5.2.jar;C:\Users\USER\.m2\repository\org\assertj\assertj-core\3.13.2\assertj-core-3.13.2.jar;C:\Users\USER\.m2\repository\io\appium\java-client\7.6.0\java-client-7.6.0.jar;C:\Users\USER\.m2\repository\cglib\cglib\3.3.0\cglib-3.3.0.jar;C:\Users\USER\.m2\repository\commons-validator\commons-validator\1.7\commons-validator-1.7.jar;C:\Users\USER\.m2\repository\commons-beanutils\commons-beanutils\1.9.4\commons-beanutils-1.9.4.jar;C:\Users\USER\.m2\repository\commons-digester\commons-digester\2.1\commons-digester-2.1.jar;C:\Users\USER\.m2\repository\org\springframework\spring-context\5.3.10\spring-context-5.3.10.jar;C:\Users\USER\.m2\repository\org\springframework\spring-aop\5.3.10\spring-aop-5.3.10.jar;C:\Users\USER\.m2\repository\org\springframework\spring-expression\5.3.10\spring-expression-5.3.10.jar;C:\Users\USER\.m2\repository\org\aspectj\aspectjweaver\1.9.7\aspectjweaver-1.9.7.jar;C:\Users\USER\.m2\repository\org\junit\jupiter\junit-jupiter-api\5.5.2\junit-jupiter-api-5.5.2.jar;C:\Users\USER\.m2\repository\org\opentest4j\opentest4j\1.2.0\opentest4j-1.2.0.jar;C:\Users\USER\.m2\repository\org\junit\platform\junit-platform-commons\1.5.2\junit-platform-commons-1.5.2.jar;C:\Users\USER\.m2\repository\com\github\javafaker\javafaker\1.0.2\javafaker-1.0.2.jar;C:\Users\USER\.m2\repository\org\yaml\snakeyaml\1.23\snakeyaml-1.23-android.jar;C:\Users\USER\.m2\repository\com\github\mifmif\generex\1.0.2\generex-1.0.2.jar;C:\Users\USER\.m2\repository\dk\brics\automaton\automaton\1.11-8\automaton-1.11-8.jar;C:\Users\USER\.m2\repository\org\yaml\snakeyaml\1.29\snakeyaml-1.29.jar;"/>
    <property name="sun.cpu.endian" value="little"/>
    <property name="user.home" value="C:\Users\USER"/>
    <property name="user.language" value="en"/>
    <property name="java.specification.vendor" value="Oracle Corporation"/>
    <property name="jdk.module.path" value="E:\My Documents\File Difa\TI Semester 6 Kampus Merdeka Alterra\Tugas\CAPSTONE Project\Capstone-Project-Mobile\target\Capstone-Project-Mobile-1.0-SNAPSHOT.jar"/>
    <property name="java.version.date" value="2021-01-19"/>
    <property name="java.home" value="C:\Program Files\Java\jdk-15.0.2"/>
    <property name="file.separator" value="\"/>
    <property name="basedir" value="E:\My Documents\File Difa\TI Semester 6 Kampus Merdeka Alterra\Tugas\CAPSTONE Project\Capstone-Project-Mobile"/>
    <property name="java.vm.compressedOopsMode" value="32-bit"/>
    <property name="line.separator" value="&#10;"/>
    <property name="java.vm.specification.vendor" value="Oracle Corporation"/>
    <property name="java.specification.name" value="Java Platform API Specification"/>
    <property name="surefire.real.class.path" value="C:\Users\USER\.m2\repository\org\apache\maven\surefire\surefire-booter\3.0.0-M5\surefire-booter-3.0.0-M5.jar;C:\Users\USER\.m2\repository\org\apache\maven\surefire\surefire-api\3.0.0-M5\surefire-api-3.0.0-M5.jar;C:\Users\USER\.m2\repository\org\apache\maven\surefire\surefire-logger-api\3.0.0-M5\surefire-logger-api-3.0.0-M5.jar;C:\Users\USER\.m2\repository\org\apache\maven\surefire\surefire-shared-utils\3.0.0-M4\surefire-shared-utils-3.0.0-M4.jar;C:\Users\USER\.m2\repository\org\apache\maven\surefire\surefire-extensions-spi\3.0.0-M5\surefire-extensions-spi-3.0.0-M5.jar;E:\My Documents\File Difa\TI Semester 6 Kampus Merdeka Alterra\Tugas\CAPSTONE Project\Capstone-Project-Mobile\target\test-classes;C:\Users\USER\.m2\repository\net\serenity-bdd\serenity-core\2.3.2\serenity-core-2.3.2.jar;C:\Users\USER\.m2\repository\net\bytebuddy\byte-buddy\1.10.1\byte-buddy-1.10.1.jar;C:\Users\USER\.m2\repository\net\bytebuddy\byte-buddy-agent\1.10.1\byte-buddy-agent-1.10.1.jar;C:\Users\USER\.m2\repository\com\google\guava\guava\25.0-jre\guava-25.0-jre.jar;C:\Users\USER\.m2\repository\com\google\code\findbugs\jsr305\1.3.9\jsr305-1.3.9.jar;C:\Users\USER\.m2\repository\org\checkerframework\checker-compat-qual\2.0.0\checker-compat-qual-2.0.0.jar;C:\Users\USER\.m2\repository\com\google\errorprone\error_prone_annotations\2.1.3\error_prone_annotations-2.1.3.jar;C:\Users\USER\.m2\repository\com\google\j2objc\j2objc-annotations\1.1\j2objc-annotations-1.1.jar;C:\Users\USER\.m2\repository\org\codehaus\mojo\animal-sniffer-annotations\1.14\animal-sniffer-annotations-1.14.jar;C:\Users\USER\.m2\repository\com\google\inject\guice\4.2.2\guice-4.2.2.jar;C:\Users\USER\.m2\repository\javax\inject\javax.inject\1\javax.inject-1.jar;C:\Users\USER\.m2\repository\aopalliance\aopalliance\1.0\aopalliance-1.0.jar;C:\Users\USER\.m2\repository\org\ow2\asm\asm\7.2\asm-7.2.jar;C:\Users\USER\.m2\repository\commons-codec\commons-codec\1.10\commons-codec-1.10.jar;C:\Users\USER\.m2\repository\org\objenesis\objenesis\3.0.1\objenesis-3.0.1.jar;C:\Users\USER\.m2\repository\org\slf4j\slf4j-api\1.7.26\slf4j-api-1.7.26.jar;C:\Users\USER\.m2\repository\xml-apis\xml-apis\1.4.01\xml-apis-1.4.01.jar;C:\Users\USER\.m2\repository\io\cucumber\cucumber-core\6.6.0\cucumber-core-6.6.0.jar;C:\Users\USER\.m2\repository\io\cucumber\cucumber-gherkin\6.6.0\cucumber-gherkin-6.6.0.jar;C:\Users\USER\.m2\repository\io\cucumber\cucumber-gherkin-messages\6.6.0\cucumber-gherkin-messages-6.6.0.jar;C:\Users\USER\.m2\repository\io\cucumber\messages\13.0.1\messages-13.0.1.jar;C:\Users\USER\.m2\repository\io\cucumber\tag-expressions\3.0.0\tag-expressions-3.0.0.jar;C:\Users\USER\.m2\repository\io\cucumber\cucumber-expressions\10.3.0\cucumber-expressions-10.3.0.jar;C:\Users\USER\.m2\repository\io\cucumber\datatable\3.4.0\datatable-3.4.0.jar;C:\Users\USER\.m2\repository\io\cucumber\cucumber-plugin\6.6.0\cucumber-plugin-6.6.0.jar;C:\Users\USER\.m2\repository\io\cucumber\docstring\6.6.0\docstring-6.6.0.jar;C:\Users\USER\.m2\repository\io\cucumber\html-formatter\9.0.0\html-formatter-9.0.0.jar;C:\Users\USER\.m2\repository\io\cucumber\create-meta\2.0.1\create-meta-2.0.1.jar;C:\Users\USER\.m2\repository\io\cucumber\cucumber-java\6.6.0\cucumber-java-6.6.0.jar;C:\Users\USER\.m2\repository\commons-logging\commons-logging\1.2\commons-logging-1.2.jar;C:\Users\USER\.m2\repository\io\vavr\vavr\0.9.0\vavr-0.9.0.jar;C:\Users\USER\.m2\repository\io\vavr\vavr-match\0.9.0\vavr-match-0.9.0.jar;C:\Users\USER\.m2\repository\javax\xml\bind\jaxb-api\2.2.12\jaxb-api-2.2.12.jar;C:\Users\USER\.m2\repository\com\sun\xml\bind\jaxb-core\2.3.0.1\jaxb-core-2.3.0.1.jar;C:\Users\USER\.m2\repository\com\sun\xml\bind\jaxb-impl\2.3.0.1\jaxb-impl-2.3.0.1.jar;C:\Users\USER\.m2\repository\javax\activation\activation\1.1.1\activation-1.1.1.jar;C:\Users\USER\.m2\repository\org\mockito\mockito-core\3.1.0\mockito-core-3.1.0.jar;C:\Users\USER\.m2\repository\net\serenity-bdd\serenity-report-resources\2.3.2\serenity-report-resources-2.3.2.jar;C:\Users\USER\.m2\repository\net\serenity-bdd\serenity-model\2.3.2\serenity-model-2.3.2.jar;C:\Users\USER\.m2\repository\commons-net\commons-net\3.6\commons-net-3.6.jar;C:\Users\USER\.m2\repository\org\apache\commons\commons-text\1.6\commons-text-1.6.jar;C:\Users\USER\.m2\repository\org\reflections\reflections\0.9.11\reflections-0.9.11.jar;C:\Users\USER\.m2\repository\org\javassist\javassist\3.21.0-GA\javassist-3.21.0-GA.jar;C:\Users\USER\.m2\repository\es\nitaur\markdown\txtmark\0.16\txtmark-0.16.jar;C:\Users\USER\.m2\repository\net\serenity-bdd\serenity-reports\2.3.2\serenity-reports-2.3.2.jar;C:\Users\USER\.m2\repository\net\serenity-bdd\serenity-stats\2.3.2\serenity-stats-2.3.2.jar;C:\Users\USER\.m2\repository\com\google\code\gson\gson\2.8.6\gson-2.8.6.jar;C:\Users\USER\.m2\repository\commons-io\commons-io\2.6\commons-io-2.6.jar;C:\Users\USER\.m2\repository\org\seleniumhq\selenium\selenium-server\3.141.59\selenium-server-3.141.59.jar;C:\Users\USER\.m2\repository\org\seleniumhq\selenium\selenium-firefox-driver\3.141.59\selenium-firefox-driver-3.141.59.jar;C:\Users\USER\.m2\repository\org\seleniumhq\selenium\selenium-ie-driver\3.141.59\selenium-ie-driver-3.141.59.jar;C:\Users\USER\.m2\repository\com\beust\jcommander\1.72\jcommander-1.72.jar;C:\Users\USER\.m2\repository\org\apache\commons\commons-exec\1.3\commons-exec-1.3.jar;C:\Users\USER\.m2\repository\net\jcip\jcip-annotations\1.0\jcip-annotations-1.0.jar;C:\Users\USER\.m2\repository\org\seleniumhq\selenium\jetty-repacked\9.4.12.v20180830\jetty-repacked-9.4.12.v20180830.jar;C:\Users\USER\.m2\repository\com\squareup\okhttp3\okhttp\3.11.0\okhttp-3.11.0.jar;C:\Users\USER\.m2\repository\com\squareup\okio\okio\1.14.0\okio-1.14.0.jar;C:\Users\USER\.m2\repository\javax\servlet\javax.servlet-api\3.1.0\javax.servlet-api-3.1.0.jar;C:\Users\USER\.m2\repository\org\seleniumhq\selenium\selenium-java\3.141.59\selenium-java-3.141.59.jar;C:\Users\USER\.m2\repository\org\seleniumhq\selenium\selenium-api\3.141.59\selenium-api-3.141.59.jar;C:\Users\USER\.m2\repository\org\seleniumhq\selenium\selenium-chrome-driver\3.141.59\selenium-chrome-driver-3.141.59.jar;C:\Users\USER\.m2\repository\org\seleniumhq\selenium\selenium-edge-driver\3.141.59\selenium-edge-driver-3.141.59.jar;C:\Users\USER\.m2\repository\org\seleniumhq\selenium\selenium-remote-driver\3.141.59\selenium-remote-driver-3.141.59.jar;C:\Users\USER\.m2\repository\org\seleniumhq\selenium\selenium-safari-driver\3.141.59\selenium-safari-driver-3.141.59.jar;C:\Users\USER\.m2\repository\org\seleniumhq\selenium\selenium-opera-driver\3.141.59\selenium-opera-driver-3.141.59.jar;C:\Users\USER\.m2\repository\org\seleniumhq\selenium\selenium-support\3.141.59\selenium-support-3.141.59.jar;C:\Users\USER\.m2\repository\com\paulhammant\ngwebdriver\1.1.5\ngwebdriver-1.1.5.jar;C:\Users\USER\.m2\repository\com\assertthat\selenium-shutterbug\0.9.3\selenium-shutterbug-0.9.3.jar;C:\Users\USER\.m2\repository\org\projectlombok\lombok\1.18.8\lombok-1.18.8.jar;C:\Users\USER\.m2\repository\com\github\zafarkhaja\java-semver\0.9.0\java-semver-0.9.0.jar;C:\Users\USER\.m2\repository\com\codeborne\phantomjsdriver\1.4.4\phantomjsdriver-1.4.4.jar;C:\Users\USER\.m2\repository\org\seleniumhq\selenium\htmlunit-driver\2.37.0\htmlunit-driver-2.37.0.jar;C:\Users\USER\.m2\repository\org\springframework\spring-context-support\5.1.2.RELEASE\spring-context-support-5.1.2.RELEASE.jar;C:\Users\USER\.m2\repository\org\springframework\spring-beans\5.1.2.RELEASE\spring-beans-5.1.2.RELEASE.jar;C:\Users\USER\.m2\repository\org\springframework\spring-core\5.1.2.RELEASE\spring-core-5.1.2.RELEASE.jar;C:\Users\USER\.m2\repository\org\springframework\spring-jcl\5.1.2.RELEASE\spring-jcl-5.1.2.RELEASE.jar;C:\Users\USER\.m2\repository\org\codehaus\groovy\groovy\2.5.5\groovy-2.5.5.jar;C:\Users\USER\.m2\repository\net\sf\opencsv\opencsv\2.0\opencsv-2.0.jar;C:\Users\USER\.m2\repository\commons-beanutils\commons-beanutils-core\1.8.3\commons-beanutils-core-1.8.3.jar;C:\Users\USER\.m2\repository\joda-time\joda-time\2.7\joda-time-2.7.jar;C:\Users\USER\.m2\repository\com\thoughtworks\xstream\xstream\1.4.9\xstream-1.4.9.jar;C:\Users\USER\.m2\repository\xmlpull\xmlpull\1.1.3.1\xmlpull-1.1.3.1.jar;C:\Users\USER\.m2\repository\xpp3\xpp3_min\1.1.4c\xpp3_min-1.1.4c.jar;C:\Users\USER\.m2\repository\org\apache\commons\commons-lang3\3.8.1\commons-lang3-3.8.1.jar;C:\Users\USER\.m2\repository\commons-collections\commons-collections\3.2.2\commons-collections-3.2.2.jar;C:\Users\USER\.m2\repository\org\freemarker\freemarker\2.3.29\freemarker-2.3.29.jar;C:\Users\USER\.m2\repository\net\sourceforge\jexcelapi\jxl\2.6.12\jxl-2.6.12.jar;C:\Users\USER\.m2\repository\org\hamcrest\hamcrest-core\1.3\hamcrest-core-1.3.jar;C:\Users\USER\.m2\repository\org\hamcrest\hamcrest-library\1.3\hamcrest-library-1.3.jar;C:\Users\USER\.m2\repository\net\sourceforge\htmlunit\htmlunit\2.37.0\htmlunit-2.37.0.jar;C:\Users\USER\.m2\repository\net\sourceforge\htmlunit\htmlunit-core-js\2.37.0\htmlunit-core-js-2.37.0.jar;C:\Users\USER\.m2\repository\net\sourceforge\htmlunit\neko-htmlunit\2.37.0\neko-htmlunit-2.37.0.jar;C:\Users\USER\.m2\repository\xerces\xercesImpl\2.12.0\xercesImpl-2.12.0.jar;C:\Users\USER\.m2\repository\net\sourceforge\htmlunit\htmlunit-cssparser\1.5.0\htmlunit-cssparser-1.5.0.jar;C:\Users\USER\.m2\repository\org\brotli\dec\0.1.2\dec-0.1.2.jar;C:\Users\USER\.m2\repository\org\eclipse\jetty\websocket\websocket-client\9.4.26.v20200117\websocket-client-9.4.26.v20200117.jar;C:\Users\USER\.m2\repository\org\eclipse\jetty\jetty-client\9.4.26.v20200117\jetty-client-9.4.26.v20200117.jar;C:\Users\USER\.m2\repository\org\eclipse\jetty\jetty-http\9.4.26.v20200117\jetty-http-9.4.26.v20200117.jar;C:\Users\USER\.m2\repository\org\eclipse\jetty\jetty-xml\9.4.26.v20200117\jetty-xml-9.4.26.v20200117.jar;C:\Users\USER\.m2\repository\org\eclipse\jetty\jetty-util\9.4.26.v20200117\jetty-util-9.4.26.v20200117.jar;C:\Users\USER\.m2\repository\org\eclipse\jetty\jetty-io\9.4.26.v20200117\jetty-io-9.4.26.v20200117.jar;C:\Users\USER\.m2\repository\org\eclipse\jetty\websocket\websocket-common\9.4.26.v20200117\websocket-common-9.4.26.v20200117.jar;C:\Users\USER\.m2\repository\org\eclipse\jetty\websocket\websocket-api\9.4.26.v20200117\websocket-api-9.4.26.v20200117.jar;C:\Users\USER\.m2\repository\org\apache\httpcomponents\httpclient\4.5.5\httpclient-4.5.5.jar;C:\Users\USER\.m2\repository\org\apache\httpcomponents\httpcore\4.4.9\httpcore-4.4.9.jar;C:\Users\USER\.m2\repository\org\apache\httpcomponents\httpmime\4.5.5\httpmime-4.5.5.jar;C:\Users\USER\.m2\repository\org\fluentlenium\fluentlenium-core\0.10.2\fluentlenium-core-0.10.2.jar;C:\Users\USER\.m2\repository\com\jhlabs\filters\2.0.235\filters-2.0.235.jar;C:\Users\USER\.m2\repository\org\asciidoctor\asciidoctorj\1.5.6\asciidoctorj-1.5.6.jar;C:\Users\USER\.m2\repository\org\jruby\jruby-complete\1.7.26\jruby-complete-1.7.26.jar;C:\Users\USER\.m2\repository\org\imgscalr\imgscalr-lib\4.2\imgscalr-lib-4.2.jar;C:\Users\USER\.m2\repository\javax\el\javax.el-api\2.2.4\javax.el-api-2.2.4.jar;C:\Users\USER\.m2\repository\org\glassfish\web\javax.el\2.2.4\javax.el-2.2.4.jar;C:\Users\USER\.m2\repository\xalan\xalan\2.7.2\xalan-2.7.2.jar;C:\Users\USER\.m2\repository\xalan\serializer\2.7.2\serializer-2.7.2.jar;C:\Users\USER\.m2\repository\org\awaitility\awaitility\4.0.1\awaitility-4.0.1.jar;C:\Users\USER\.m2\repository\org\hamcrest\hamcrest\2.1\hamcrest-2.1.jar;C:\Users\USER\.m2\repository\com\typesafe\config\1.3.1\config-1.3.1.jar;C:\Users\USER\.m2\repository\org\jsoup\jsoup\1.10.3\jsoup-1.10.3.jar;C:\Users\USER\.m2\repository\com\google\jimfs\jimfs\1.1\jimfs-1.1.jar;C:\Users\USER\.m2\repository\com\vladsch\flexmark\flexmark-all\0.34.30\flexmark-all-0.34.30.jar;C:\Users\USER\.m2\repository\com\vladsch\flexmark\flexmark\0.34.30\flexmark-0.34.30.jar;C:\Users\USER\.m2\repository\com\vladsch\flexmark\flexmark-ext-abbreviation\0.34.30\flexmark-ext-abbreviation-0.34.30.jar;C:\Users\USER\.m2\repository\com\vladsch\flexmark\flexmark-ext-admonition\0.34.30\flexmark-ext-admonition-0.34.30.jar;C:\Users\USER\.m2\repository\com\vladsch\flexmark\flexmark-ext-anchorlink\0.34.30\flexmark-ext-anchorlink-0.34.30.jar;C:\Users\USER\.m2\repository\com\vladsch\flexmark\flexmark-ext-aside\0.34.30\flexmark-ext-aside-0.34.30.jar;C:\Users\USER\.m2\repository\com\vladsch\flexmark\flexmark-ext-attributes\0.34.30\flexmark-ext-attributes-0.34.30.jar;C:\Users\USER\.m2\repository\com\vladsch\flexmark\flexmark-ext-autolink\0.34.30\flexmark-ext-autolink-0.34.30.jar;C:\Users\USER\.m2\repository\org\nibor\autolink\autolink\0.6.0\autolink-0.6.0.jar;C:\Users\USER\.m2\repository\com\vladsch\flexmark\flexmark-ext-definition\0.34.30\flexmark-ext-definition-0.34.30.jar;C:\Users\USER\.m2\repository\com\vladsch\flexmark\flexmark-ext-emoji\0.34.30\flexmark-ext-emoji-0.34.30.jar;C:\Users\USER\.m2\repository\com\vladsch\flexmark\flexmark-ext-enumerated-reference\0.34.30\flexmark-ext-enumerated-reference-0.34.30.jar;C:\Users\USER\.m2\repository\com\vladsch\flexmark\flexmark-ext-escaped-character\0.34.30\flexmark-ext-escaped-character-0.34.30.jar;C:\Users\USER\.m2\repository\com\vladsch\flexmark\flexmark-ext-footnotes\0.34.30\flexmark-ext-footnotes-0.34.30.jar;C:\Users\USER\.m2\repository\com\vladsch\flexmark\flexmark-ext-gfm-issues\0.34.30\flexmark-ext-gfm-issues-0.34.30.jar;C:\Users\USER\.m2\repository\com\vladsch\flexmark\flexmark-ext-gfm-strikethrough\0.34.30\flexmark-ext-gfm-strikethrough-0.34.30.jar;C:\Users\USER\.m2\repository\com\vladsch\flexmark\flexmark-ext-gfm-tables\0.34.30\flexmark-ext-gfm-tables-0.34.30.jar;C:\Users\USER\.m2\repository\com\vladsch\flexmark\flexmark-ext-gfm-tasklist\0.34.30\flexmark-ext-gfm-tasklist-0.34.30.jar;C:\Users\USER\.m2\repository\com\vladsch\flexmark\flexmark-ext-gfm-users\0.34.30\flexmark-ext-gfm-users-0.34.30.jar;C:\Users\USER\.m2\repository\com\vladsch\flexmark\flexmark-ext-gitlab\0.34.30\flexmark-ext-gitlab-0.34.30.jar;C:\Users\USER\.m2\repository\com\vladsch\flexmark\flexmark-ext-jekyll-front-matter\0.34.30\flexmark-ext-jekyll-front-matter-0.34.30.jar;C:\Users\USER\.m2\repository\com\vladsch\flexmark\flexmark-ext-jekyll-tag\0.34.30\flexmark-ext-jekyll-tag-0.34.30.jar;C:\Users\USER\.m2\repository\com\vladsch\flexmark\flexmark-ext-media-tags\0.34.30\flexmark-ext-media-tags-0.34.30.jar;C:\Users\USER\.m2\repository\com\vladsch\flexmark\flexmark-test-util\0.34.30\flexmark-test-util-0.34.30.jar;C:\Users\USER\.m2\repository\com\vladsch\flexmark\flexmark-ext-ins\0.34.30\flexmark-ext-ins-0.34.30.jar;C:\Users\USER\.m2\repository\com\vladsch\flexmark\flexmark-ext-xwiki-macros\0.34.30\flexmark-ext-xwiki-macros-0.34.30.jar;C:\Users\USER\.m2\repository\com\vladsch\flexmark\flexmark-ext-superscript\0.34.30\flexmark-ext-superscript-0.34.30.jar;C:\Users\USER\.m2\repository\com\vladsch\flexmark\flexmark-ext-tables\0.34.30\flexmark-ext-tables-0.34.30.jar;C:\Users\USER\.m2\repository\com\vladsch\flexmark\flexmark-ext-toc\0.34.30\flexmark-ext-toc-0.34.30.jar;C:\Users\USER\.m2\repository\com\vladsch\flexmark\flexmark-ext-typographic\0.34.30\flexmark-ext-typographic-0.34.30.jar;C:\Users\USER\.m2\repository\com\vladsch\flexmark\flexmark-ext-wikilink\0.34.30\flexmark-ext-wikilink-0.34.30.jar;C:\Users\USER\.m2\repository\com\vladsch\flexmark\flexmark-ext-yaml-front-matter\0.34.30\flexmark-ext-yaml-front-matter-0.34.30.jar;C:\Users\USER\.m2\repository\com\vladsch\flexmark\flexmark-ext-youtube-embedded\0.34.30\flexmark-ext-youtube-embedded-0.34.30.jar;C:\Users\USER\.m2\repository\com\vladsch\flexmark\flexmark-formatter\0.34.30\flexmark-formatter-0.34.30.jar;C:\Users\USER\.m2\repository\com\vladsch\flexmark\flexmark-html-parser\0.34.30\flexmark-html-parser-0.34.30.jar;C:\Users\USER\.m2\repository\com\vladsch\flexmark\flexmark-jira-converter\0.34.30\flexmark-jira-converter-0.34.30.jar;C:\Users\USER\.m2\repository\com\vladsch\flexmark\flexmark-pdf-converter\0.34.30\flexmark-pdf-converter-0.34.30.jar;C:\Users\USER\.m2\repository\com\openhtmltopdf\openhtmltopdf-core\0.0.1-RC13\openhtmltopdf-core-0.0.1-RC13.jar;C:\Users\USER\.m2\repository\com\openhtmltopdf\openhtmltopdf-pdfbox\0.0.1-RC13\openhtmltopdf-pdfbox-0.0.1-RC13.jar;C:\Users\USER\.m2\repository\org\apache\pdfbox\pdfbox\2.0.8\pdfbox-2.0.8.jar;C:\Users\USER\.m2\repository\org\apache\pdfbox\fontbox\2.0.8\fontbox-2.0.8.jar;C:\Users\USER\.m2\repository\org\apache\pdfbox\xmpbox\2.0.8\xmpbox-2.0.8.jar;C:\Users\USER\.m2\repository\de\rototor\pdfbox\graphics2d\0.12\graphics2d-0.12.jar;C:\Users\USER\.m2\repository\com\openhtmltopdf\openhtmltopdf-rtl-support\0.0.1-RC13\openhtmltopdf-rtl-support-0.0.1-RC13.jar;C:\Users\USER\.m2\repository\com\ibm\icu\icu4j\59.1\icu4j-59.1.jar;C:\Users\USER\.m2\repository\com\openhtmltopdf\openhtmltopdf-jsoup-dom-converter\0.0.1-RC13\openhtmltopdf-jsoup-dom-converter-0.0.1-RC13.jar;C:\Users\USER\.m2\repository\com\vladsch\flexmark\flexmark-profile-pegdown\0.34.30\flexmark-profile-pegdown-0.34.30.jar;C:\Users\USER\.m2\repository\com\vladsch\flexmark\flexmark-util\0.34.30\flexmark-util-0.34.30.jar;C:\Users\USER\.m2\repository\com\vladsch\flexmark\flexmark-youtrack-converter\0.34.30\flexmark-youtrack-converter-0.34.30.jar;C:\Users\USER\.m2\repository\io\github\bonigarcia\webdrivermanager\4.1.0\webdrivermanager-4.1.0.jar;C:\Users\USER\.m2\repository\org\apache\httpcomponents\client5\httpclient5\5.0.1\httpclient5-5.0.1.jar;C:\Users\USER\.m2\repository\org\apache\httpcomponents\core5\httpcore5\5.0.1\httpcore5-5.0.1.jar;C:\Users\USER\.m2\repository\org\apache\httpcomponents\core5\httpcore5-h2\5.0.1\httpcore5-h2-5.0.1.jar;C:\Users\USER\.m2\repository\org\rauschig\jarchivelib\1.0.0\jarchivelib-1.0.0.jar;C:\Users\USER\.m2\repository\org\apache\commons\commons-compress\1.18\commons-compress-1.18.jar;C:\Users\USER\.m2\repository\net\serenity-bdd\serenity-screenplay\2.3.2\serenity-screenplay-2.3.2.jar;C:\Users\USER\.m2\repository\net\serenity-bdd\serenity-screenplay-webdriver\2.3.2\serenity-screenplay-webdriver-2.3.2.jar;C:\Users\USER\.m2\repository\net\serenity-bdd\serenity-ensure\2.3.2\serenity-ensure-2.3.2.jar;C:\Users\USER\.m2\repository\net\serenity-bdd\serenity-junit\2.3.2\serenity-junit-2.3.2.jar;C:\Users\USER\.m2\repository\org\jetbrains\kotlin\kotlin-stdlib\1.3.31\kotlin-stdlib-1.3.31.jar;C:\Users\USER\.m2\repository\org\jetbrains\kotlin\kotlin-stdlib-common\1.3.31\kotlin-stdlib-common-1.3.31.jar;C:\Users\USER\.m2\repository\org\jetbrains\annotations\13.0\annotations-13.0.jar;C:\Users\USER\.m2\repository\net\serenity-bdd\serenity-assertions\2.3.2\serenity-assertions-2.3.2.jar;C:\Users\USER\.m2\repository\net\serenity-bdd\serenity-screenplay-rest\2.3.2\serenity-screenplay-rest-2.3.2.jar;C:\Users\USER\.m2\repository\net\serenity-bdd\serenity-rest-assured\2.3.2\serenity-rest-assured-2.3.2.jar;C:\Users\USER\.m2\repository\io\rest-assured\rest-assured\3.3.0\rest-assured-3.3.0.jar;C:\Users\USER\.m2\repository\org\ccil\cowan\tagsoup\tagsoup\1.2.1\tagsoup-1.2.1.jar;C:\Users\USER\.m2\repository\io\rest-assured\json-path\3.3.0\json-path-3.3.0.jar;C:\Users\USER\.m2\repository\io\rest-assured\rest-assured-common\3.3.0\rest-assured-common-3.3.0.jar;C:\Users\USER\.m2\repository\io\rest-assured\xml-path\3.3.0\xml-path-3.3.0.jar;C:\Users\USER\.m2\repository\com\sun\xml\bind\jaxb-osgi\2.2.10\jaxb-osgi-2.2.10.jar;C:\Users\USER\.m2\repository\org\apache\sling\org.apache.sling.javax.activation\0.1.0\org.apache.sling.javax.activation-0.1.0.jar;C:\Users\USER\.m2\repository\org\codehaus\groovy\groovy-xml\2.5.5\groovy-xml-2.5.5.jar;C:\Users\USER\.m2\repository\org\codehaus\groovy\groovy-json\2.5.5\groovy-json-2.5.5.jar;C:\Users\USER\.m2\repository\net\serenity-bdd\serenity-cucumber6\2.3.2\serenity-cucumber6-2.3.2.jar;C:\Users\USER\.m2\repository\io\cucumber\cucumber-junit\6.6.0\cucumber-junit-6.6.0.jar;C:\Users\USER\.m2\repository\io\cucumber\datatable-matchers\3.4.0\datatable-matchers-3.4.0.jar;C:\Users\USER\.m2\repository\org\apache\commons\commons-csv\1.5\commons-csv-1.5.jar;C:\Users\USER\.m2\repository\junit\junit\4.12\junit-4.12.jar;C:\Users\USER\.m2\repository\org\slf4j\slf4j-simple\1.7.7\slf4j-simple-1.7.7.jar;C:\Users\USER\.m2\repository\org\junit\platform\junit-platform-launcher\1.5.2\junit-platform-launcher-1.5.2.jar;C:\Users\USER\.m2\repository\org\apiguardian\apiguardian-api\1.1.0\apiguardian-api-1.1.0.jar;C:\Users\USER\.m2\repository\org\junit\platform\junit-platform-engine\1.5.2\junit-platform-engine-1.5.2.jar;C:\Users\USER\.m2\repository\org\junit\jupiter\junit-jupiter-engine\5.5.2\junit-jupiter-engine-5.5.2.jar;C:\Users\USER\.m2\repository\org\junit\vintage\junit-vintage-engine\5.5.2\junit-vintage-engine-5.5.2.jar;C:\Users\USER\.m2\repository\org\assertj\assertj-core\3.13.2\assertj-core-3.13.2.jar;C:\Users\USER\.m2\repository\io\appium\java-client\7.6.0\java-client-7.6.0.jar;C:\Users\USER\.m2\repository\cglib\cglib\3.3.0\cglib-3.3.0.jar;C:\Users\USER\.m2\repository\commons-validator\commons-validator\1.7\commons-validator-1.7.jar;C:\Users\USER\.m2\repository\commons-beanutils\commons-beanutils\1.9.4\commons-beanutils-1.9.4.jar;C:\Users\USER\.m2\repository\commons-digester\commons-digester\2.1\commons-digester-2.1.jar;C:\Users\USER\.m2\repository\org\springframework\spring-context\5.3.10\spring-context-5.3.10.jar;C:\Users\USER\.m2\repository\org\springframework\spring-aop\5.3.10\spring-aop-5.3.10.jar;C:\Users\USER\.m2\repository\org\springframework\spring-expression\5.3.10\spring-expression-5.3.10.jar;C:\Users\USER\.m2\repository\org\aspectj\aspectjweaver\1.9.7\aspectjweaver-1.9.7.jar;C:\Users\USER\.m2\repository\org\junit\jupiter\junit-jupiter-api\5.5.2\junit-jupiter-api-5.5.2.jar;C:\Users\USER\.m2\repository\org\opentest4j\opentest4j\1.2.0\opentest4j-1.2.0.jar;C:\Users\USER\.m2\repository\org\junit\platform\junit-platform-commons\1.5.2\junit-platform-commons-1.5.2.jar;C:\Users\USER\.m2\repository\com\github\javafaker\javafaker\1.0.2\javafaker-1.0.2.jar;C:\Users\USER\.m2\repository\org\yaml\snakeyaml\1.23\snakeyaml-1.23-android.jar;C:\Users\USER\.m2\repository\com\github\mifmif\generex\1.0.2\generex-1.0.2.jar;C:\Users\USER\.m2\repository\dk\brics\automaton\automaton\1.11-8\automaton-1.11-8.jar;C:\Users\USER\.m2\repository\org\yaml\snakeyaml\1.29\snakeyaml-1.29.jar;C:\Users\USER\.m2\repository\org\apache\maven\surefire\surefire-junit-platform\3.0.0-M5\surefire-junit-platform-3.0.0-M5.jar;C:\Users\USER\.m2\repository\org\apache\maven\surefire\common-java5\3.0.0-M5\common-java5-3.0.0-M5.jar"/>
    <property name="user.script" value=""/>
    <property name="sun.management.compiler" value="HotSpot 64-Bit Tiered Compilers"/>
    <property name="java.runtime.version" value="15.0.2+7-27"/>
    <property name="user.name" value="USER"/>
    <property name="path.separator" value=";"/>
    <property name="os.version" value="6.3"/>
    <property name="java.runtime.name" value="Java(TM) SE Runtime Environment"/>
    <property name="file.encoding" value="Cp1252"/>
    <property name="java.vm.name" value="Java HotSpot(TM) 64-Bit Server VM"/>
    <property name="localRepository" value="C:\Users\USER\.m2\repository"/>
    <property name="java.vendor.url.bug" value="https://bugreport.java.com/bugreport/"/>
    <property name="java.io.tmpdir" value="C:\Users\USER\AppData\Local\Temp\"/>
    <property name="java.version" value="15.0.2"/>
    <property name="user.dir" value="E:\My Documents\File Difa\TI Semester 6 Kampus Merdeka Alterra\Tugas\CAPSTONE Project\Capstone-Project-Mobile"/>
    <property name="os.arch" value="amd64"/>
    <property name="java.vm.specification.name" value="Java Virtual Machine Specification"/>
    <property name="sun.os.patch.level" value=""/>
    <property name="java.library.path" value="C:\Program Files\Java\jdk-15.0.2\bin;C:\Windows\Sun\Java\bin;C:\Windows\system32;C:\Windows;C:\Program Files\Git\mingw64\bin;C:\Program Files\Git\usr\bin;C:\Users\USER\bin;C:\Program Files\Common Files\Oracle\Java\javapath;C:\Windows\system32;C:\Windows;C:\Windows\System32\Wbem;C:\Windows\System32\WindowsPowerShell\v1.0;C:\Program Files\nodejs;C:\Program Files\Java\jdk-15.0.2\bin;C:\apache-jmeter-5.4.3\bin;C:\Program Files\apache-maven-3.8.5\bin;C:\Users\USER\AppData\Local\Android\Sdk\platform-tools;C:\Users\USER\AppData\Local\Android\Sdk\tools\bin;C:\Program Files\Git\cmd;C:\Users\USER\AppData\Local\Programs\Microsoft VS Code\bin;C:\Program Files\JetBrains\IntelliJ IDEA Community Edition 2022.1\bin;C:\Users\USER\AppData\Roaming\npm;."/>
    <property name="java.vm.info" value="mixed mode"/>
    <property name="java.vendor" value="Oracle Corporation"/>
    <property name="java.vm.version" value="15.0.2+7-27"/>
    <property name="sun.io.unicode.encoding" value="UnicodeLittle"/>
    <property name="java.class.version" value="59.0"/>
  </properties>
  <testcase name="Log in Scenario #1" classname="Login" time="35.346">
    <system-out><![CDATA[
@LoginScenario
Scenario Outline: Log in Scenario                            &amp#27;[90m# src/test/resources/features/1.Login.feature:16&amp#27;[0m
  &amp#27;[32mGiven &amp#27;[0m&amp#27;[32mI am on the login page&amp#27;[0m                               &amp#27;[90m# project.mobile.steps.LoginSteps.iAmOnTheLoginPage()&amp#27;[0m
  &amp#27;[32mWhen &amp#27;[0m&amp#27;[32mI input &amp#27;[0m&amp#27;[32m&amp#27;[1m"test"&amp#27;[0m&amp#27;[32m email&amp#27;[0m                                  &amp#27;[90m# project.mobile.steps.LoginSteps.iInputEmail(java.lang.String)&amp#27;[0m
  &amp#27;[32mAnd &amp#27;[0m&amp#27;[32mI tap show password icon and input &amp#27;[0m&amp#27;[32m&amp#27;[1m"Test@123"&amp#27;[0m&amp#27;[32m password&amp#27;[0m &amp#27;[90m# project.mobile.steps.LoginSteps.iTapShowPasswordIconAndInputPassword(java.lang.String)&amp#27;[0m
  &amp#27;[32mAnd &amp#27;[0m&amp#27;[32mI tap hide password icon and tap sign in button&amp#27;[0m        &amp#27;[90m# project.mobile.steps.LoginSteps.iTapHidePasswordIconAndTapSignInButton()&amp#27;[0m
  &amp#27;[32mThen &amp#27;[0m&amp#27;[32mI get the &amp#27;[0m&amp#27;[32m&amp#27;[1m"Please enter a valid email address"&amp#27;[0m        &amp#27;[90m# project.mobile.steps.LoginSteps.iGetThe(java.lang.String)&amp#27;[0m
]]></system-out>
    <system-err><![CDATA[[main] INFO io.cucumber.core.plugin.SerenityReporter - Running feature from file:///E:/My%20Documents/File%20Difa/TI%20Semester%206%20Kampus%20Merdeka%20Alterra/Tugas/CAPSTONE%20Project/Capstone-Project-Mobile/src/test/resources/features/1.Login.feature
[main] WARN io.cucumber.core.plugin.SerenityReporter - Feature from file:///E:/My%20Documents/File%20Difa/TI%20Semester%206%20Kampus%20Merdeka%20Alterra/Tugas/CAPSTONE%20Project/Capstone-Project-Mobile/src/test/resources/features/1.Login.feature is not under the 'features' directory. Requirements report will not be correctly generated!
[main] INFO  - 

-------------------------------------------------------------------------------------
     _______. _______ .______       _______ .__   __.  __  .___________.____    ____ 
    /       ||   ____||   _  \     |   ____||  \ |  | |  | |           |\   \  /   / 
   |   (----`|  |__   |  |_)  |    |  |__   |   \|  | |  | `---|  |----` \   \/   /  
    \   \    |   __|  |      /     |   __|  |  . `  | |  |     |  |       \_    _/   
.----)   |   |  |____ |  |\  \----.|  |____ |  |\   | |  |     |  |         |  |     
|_______/    |_______|| _| `._____||_______||__| \__| |__|     |__|         |__|    
                                                                                     
 News and tutorials at http://www.serenity-bdd.info                                  
 Documentation at https://wakaleo.gitbooks.io/the-serenity-book/content/             
 Join the Serenity Community on Gitter: https://gitter.im/serenity-bdd/serenity-core 
 Serenity BDD Support and Training at http://serenity-bdd.info/#/trainingandsupport  
-------------------------------------------------------------------------------------

[main] INFO  - Test Suite Started: Login
[main] INFO io.cucumber.core.plugin.SerenityReporter - Running feature from file:///E:/My%20Documents/File%20Difa/TI%20Semester%206%20Kampus%20Merdeka%20Alterra/Tugas/CAPSTONE%20Project/Capstone-Project-Mobile/src/test/resources/features/2.Dashboard.feature
[main] WARN io.cucumber.core.plugin.SerenityReporter - Feature from file:///E:/My%20Documents/File%20Difa/TI%20Semester%206%20Kampus%20Merdeka%20Alterra/Tugas/CAPSTONE%20Project/Capstone-Project-Mobile/src/test/resources/features/2.Dashboard.feature is not under the 'features' directory. Requirements report will not be correctly generated!
[main] INFO  - Test Suite Started: Dashboard
[main] INFO io.cucumber.core.plugin.SerenityReporter - Running feature from file:///E:/My%20Documents/File%20Difa/TI%20Semester%206%20Kampus%20Merdeka%20Alterra/Tugas/CAPSTONE%20Project/Capstone-Project-Mobile/src/test/resources/features/3.Patient.feature
[main] WARN io.cucumber.core.plugin.SerenityReporter - Feature from file:///E:/My%20Documents/File%20Difa/TI%20Semester%206%20Kampus%20Merdeka%20Alterra/Tugas/CAPSTONE%20Project/Capstone-Project-Mobile/src/test/resources/features/3.Patient.feature is not under the 'features' directory. Requirements report will not be correctly generated!
[main] INFO  - Test Suite Started: Patient
[main] INFO io.cucumber.core.plugin.SerenityReporter - Running feature from file:///E:/My%20Documents/File%20Difa/TI%20Semester%206%20Kampus%20Merdeka%20Alterra/Tugas/CAPSTONE%20Project/Capstone-Project-Mobile/src/test/resources/features/4.Sidebar.feature
[main] WARN io.cucumber.core.plugin.SerenityReporter - Feature from file:///E:/My%20Documents/File%20Difa/TI%20Semester%206%20Kampus%20Merdeka%20Alterra/Tugas/CAPSTONE%20Project/Capstone-Project-Mobile/src/test/resources/features/4.Sidebar.feature is not under the 'features' directory. Requirements report will not be correctly generated!
[main] INFO  - Test Suite Started: Sidebar
[main] INFO io.cucumber.core.plugin.SerenityReporter - Running feature from file:///E:/My%20Documents/File%20Difa/TI%20Semester%206%20Kampus%20Merdeka%20Alterra/Tugas/CAPSTONE%20Project/Capstone-Project-Mobile/src/test/resources/features/1.Login.feature
[main] WARN io.cucumber.core.plugin.SerenityReporter - Feature from file:///E:/My%20Documents/File%20Difa/TI%20Semester%206%20Kampus%20Merdeka%20Alterra/Tugas/CAPSTONE%20Project/Capstone-Project-Mobile/src/test/resources/features/1.Login.feature is not under the 'features' directory. Requirements report will not be correctly generated!
[main] INFO  - 
 _____ _____ ____ _____   ____ _____  _    ____ _____ _____ ____  
|_   _| ____/ ___|_   _| / ___|_   _|/ \  |  _ \_   _| ____|  _ \ 
  | | |  _| \___ \ | |   \___ \ | | / _ \ | |_) || | |  _| | | | |
  | | | |___ ___) || |    ___) || |/ ___ \|  _ < | | | |___| |_| |
  |_| |_____|____/ |_|   |____/ |_/_/   \_\_| \_\|_| |_____|____/ 

Log in Scenario(login;log-in-scenario)
-------------------------------------------------------------------
Jul 04, 2022 12:57:02 PM io.appium.java_client.remote.AppiumCommandExecutor$1 lambda$0
INFO: Detected dialect: W3C
[main] INFO  - 
        __    _____ _____ ____ _____   ____   _    ____  ____  _____ ____  
  _     \ \  |_   _| ____/ ___|_   _| |  _ \ / \  / ___|/ ___|| ____|  _ \ 
 (_)_____| |   | | |  _| \___ \ | |   | |_) / _ \ \___ \\___ \|  _| | | | |
  _|_____| |   | | | |___ ___) || |   |  __/ ___ \ ___) |___) | |___| |_| |
 (_)     | |   |_| |_____|____/ |_|   |_| /_/   \_\____/|____/|_____|____/ 
        /_/                                                                

Log in Scenario
----------------------------------------------------------------------------
]]></system-err>
  </testcase>
  <testcase name="Log in Scenario #2" classname="Login" time="19.109">
    <system-out><![CDATA[
@LoginScenario
Scenario Outline: Log in Scenario                            &amp#27;[90m# src/test/resources/features/1.Login.feature:17&amp#27;[0m
  &amp#27;[32mGiven &amp#27;[0m&amp#27;[32mI am on the login page&amp#27;[0m                               &amp#27;[90m# project.mobile.steps.LoginSteps.iAmOnTheLoginPage()&amp#27;[0m
  &amp#27;[32mWhen &amp#27;[0m&amp#27;[32mI input &amp#27;[0m&amp#27;[32m&amp#27;[1m"test@gmail.com"&amp#27;[0m&amp#27;[32m email&amp#27;[0m                        &amp#27;[90m# project.mobile.steps.LoginSteps.iInputEmail(java.lang.String)&amp#27;[0m
  &amp#27;[32mAnd &amp#27;[0m&amp#27;[32mI tap show password icon and input &amp#27;[0m&amp#27;[32m&amp#27;[1m"test1234"&amp#27;[0m&amp#27;[32m password&amp#27;[0m &amp#27;[90m# project.mobile.steps.LoginSteps.iTapShowPasswordIconAndInputPassword(java.lang.String)&amp#27;[0m
  &amp#27;[32mAnd &amp#27;[0m&amp#27;[32mI tap hide password icon and tap sign in button&amp#27;[0m        &amp#27;[90m# project.mobile.steps.LoginSteps.iTapHidePasswordIconAndTapSignInButton()&amp#27;[0m
  &amp#27;[32mThen &amp#27;[0m&amp#27;[32mI get the &amp#27;[0m&amp#27;[32m&amp#27;[1m"Please enter valid password!"&amp#27;[0m              &amp#27;[90m# project.mobile.steps.LoginSteps.iGetThe(java.lang.String)&amp#27;[0m
]]></system-out>
    <system-err><![CDATA[[main] INFO io.cucumber.core.plugin.SerenityReporter - Running feature from file:///E:/My%20Documents/File%20Difa/TI%20Semester%206%20Kampus%20Merdeka%20Alterra/Tugas/CAPSTONE%20Project/Capstone-Project-Mobile/src/test/resources/features/1.Login.feature
[main] WARN io.cucumber.core.plugin.SerenityReporter - Feature from file:///E:/My%20Documents/File%20Difa/TI%20Semester%206%20Kampus%20Merdeka%20Alterra/Tugas/CAPSTONE%20Project/Capstone-Project-Mobile/src/test/resources/features/1.Login.feature is not under the 'features' directory. Requirements report will not be correctly generated!
Jul 04, 2022 12:57:22 PM io.appium.java_client.remote.AppiumCommandExecutor$1 lambda$0
INFO: Detected dialect: W3C
[main] INFO  - 
        __    _____ _____ ____ _____   ____   _    ____  ____  _____ ____  
  _     \ \  |_   _| ____/ ___|_   _| |  _ \ / \  / ___|/ ___|| ____|  _ \ 
 (_)_____| |   | | |  _| \___ \ | |   | |_) / _ \ \___ \\___ \|  _| | | | |
  _|_____| |   | | | |___ ___) || |   |  __/ ___ \ ___) |___) | |___| |_| |
 (_)     | |   |_| |_____|____/ |_|   |_| /_/   \_\____/|____/|_____|____/ 
        /_/                                                                

Log in Scenario
----------------------------------------------------------------------------
]]></system-err>
  </testcase>
  <testcase name="Log in Scenario #3" classname="Login" time="18.971">
    <system-out><![CDATA[
@LoginScenario
Scenario Outline: Log in Scenario                                   &amp#27;[90m# src/test/resources/features/1.Login.feature:18&amp#27;[0m
  &amp#27;[32mGiven &amp#27;[0m&amp#27;[32mI am on the login page&amp#27;[0m                                      &amp#27;[90m# project.mobile.steps.LoginSteps.iAmOnTheLoginPage()&amp#27;[0m
  &amp#27;[32mWhen &amp#27;[0m&amp#27;[32mI input &amp#27;[0m&amp#27;[32m&amp#27;[1m"test@gmail.com"&amp#27;[0m&amp#27;[32m email&amp#27;[0m                               &amp#27;[90m# project.mobile.steps.LoginSteps.iInputEmail(java.lang.String)&amp#27;[0m
  &amp#27;[32mAnd &amp#27;[0m&amp#27;[32mI tap show password icon and input &amp#27;[0m&amp#27;[32m&amp#27;[1m"Test"&amp#27;[0m&amp#27;[32m password&amp#27;[0m            &amp#27;[90m# project.mobile.steps.LoginSteps.iTapShowPasswordIconAndInputPassword(java.lang.String)&amp#27;[0m
  &amp#27;[32mAnd &amp#27;[0m&amp#27;[32mI tap hide password icon and tap sign in button&amp#27;[0m               &amp#27;[90m# project.mobile.steps.LoginSteps.iTapHidePasswordIconAndTapSignInButton()&amp#27;[0m
  &amp#27;[32mThen &amp#27;[0m&amp#27;[32mI get the &amp#27;[0m&amp#27;[32m&amp#27;[1m"Password must be at least 8 characters in length"&amp#27;[0m &amp#27;[90m# project.mobile.steps.LoginSteps.iGetThe(java.lang.String)&amp#27;[0m
]]></system-out>
    <system-err><![CDATA[[main] INFO io.cucumber.core.plugin.SerenityReporter - Running feature from file:///E:/My%20Documents/File%20Difa/TI%20Semester%206%20Kampus%20Merdeka%20Alterra/Tugas/CAPSTONE%20Project/Capstone-Project-Mobile/src/test/resources/features/1.Login.feature
[main] WARN io.cucumber.core.plugin.SerenityReporter - Feature from file:///E:/My%20Documents/File%20Difa/TI%20Semester%206%20Kampus%20Merdeka%20Alterra/Tugas/CAPSTONE%20Project/Capstone-Project-Mobile/src/test/resources/features/1.Login.feature is not under the 'features' directory. Requirements report will not be correctly generated!
Jul 04, 2022 12:57:41 PM io.appium.java_client.remote.AppiumCommandExecutor$1 lambda$0
INFO: Detected dialect: W3C
]]></system-err>
  </testcase>
  <testcase name="Log in Scenario #4" classname="Login" time="31.936">
    <system-out><![CDATA[
@LoginScenario
Scenario Outline: Log in Scenario                            &amp#27;[90m# src/test/resources/features/1.Login.feature:19&amp#27;[0m
  &amp#27;[32mGiven &amp#27;[0m&amp#27;[32mI am on the login page&amp#27;[0m                               &amp#27;[90m# project.mobile.steps.LoginSteps.iAmOnTheLoginPage()&amp#27;[0m
  &amp#27;[32mWhen &amp#27;[0m&amp#27;[32mI input &amp#27;[0m&amp#27;[32m&amp#27;[1m""&amp#27;[0m&amp#27;[32m email&amp#27;[0m                                      &amp#27;[90m# project.mobile.steps.LoginSteps.iInputEmail(java.lang.String)&amp#27;[0m
  &amp#27;[32mAnd &amp#27;[0m&amp#27;[32mI tap show password icon and input &amp#27;[0m&amp#27;[32m&amp#27;[1m"Test@123"&amp#27;[0m&amp#27;[32m password&amp#27;[0m &amp#27;[90m# project.mobile.steps.LoginSteps.iTapShowPasswordIconAndInputPassword(java.lang.String)&amp#27;[0m
  &amp#27;[32mAnd &amp#27;[0m&amp#27;[32mI tap hide password icon and tap sign in button&amp#27;[0m        &amp#27;[90m# project.mobile.steps.LoginSteps.iTapHidePasswordIconAndTapSignInButton()&amp#27;[0m
  &amp#27;[32mThen &amp#27;[0m&amp#27;[32mI get the &amp#27;[0m&amp#27;[32m&amp#27;[1m"Please enter your email"&amp#27;[0m                   &amp#27;[90m# project.mobile.steps.LoginSteps.iGetThe(java.lang.String)&amp#27;[0m
]]></system-out>
    <system-err><![CDATA[[main] INFO io.cucumber.core.plugin.SerenityReporter - Running feature from file:///E:/My%20Documents/File%20Difa/TI%20Semester%206%20Kampus%20Merdeka%20Alterra/Tugas/CAPSTONE%20Project/Capstone-Project-Mobile/src/test/resources/features/1.Login.feature
[main] WARN io.cucumber.core.plugin.SerenityReporter - Feature from file:///E:/My%20Documents/File%20Difa/TI%20Semester%206%20Kampus%20Merdeka%20Alterra/Tugas/CAPSTONE%20Project/Capstone-Project-Mobile/src/test/resources/features/1.Login.feature is not under the 'features' directory. Requirements report will not be correctly generated!
Jul 04, 2022 12:58:10 PM io.appium.java_client.remote.AppiumCommandExecutor$1 lambda$0
INFO: Detected dialect: W3C
]]></system-err>
  </testcase>
  <testcase name="Log in Scenario #5" classname="Login" time="21.657">
    <system-out><![CDATA[
@LoginScenario
Scenario Outline: Log in Scenario                     &amp#27;[90m# src/test/resources/features/1.Login.feature:20&amp#27;[0m
  &amp#27;[32mGiven &amp#27;[0m&amp#27;[32mI am on the login page&amp#27;[0m                        &amp#27;[90m# project.mobile.steps.LoginSteps.iAmOnTheLoginPage()&amp#27;[0m
  &amp#27;[32mWhen &amp#27;[0m&amp#27;[32mI input &amp#27;[0m&amp#27;[32m&amp#27;[1m"test@gmail.com"&amp#27;[0m&amp#27;[32m email&amp#27;[0m                 &amp#27;[90m# project.mobile.steps.LoginSteps.iInputEmail(java.lang.String)&amp#27;[0m
  &amp#27;[32mAnd &amp#27;[0m&amp#27;[32mI tap show password icon and input &amp#27;[0m&amp#27;[32m&amp#27;[1m""&amp#27;[0m&amp#27;[32m password&amp#27;[0m  &amp#27;[90m# project.mobile.steps.LoginSteps.iTapShowPasswordIconAndInputPassword(java.lang.String)&amp#27;[0m
  &amp#27;[32mAnd &amp#27;[0m&amp#27;[32mI tap hide password icon and tap sign in button&amp#27;[0m &amp#27;[90m# project.mobile.steps.LoginSteps.iTapHidePasswordIconAndTapSignInButton()&amp#27;[0m
  &amp#27;[32mThen &amp#27;[0m&amp#27;[32mI get the &amp#27;[0m&amp#27;[32m&amp#27;[1m"Please enter your password"&amp#27;[0m         &amp#27;[90m# project.mobile.steps.LoginSteps.iGetThe(java.lang.String)&amp#27;[0m
]]></system-out>
    <system-err><![CDATA[[main] INFO io.cucumber.core.plugin.SerenityReporter - Running feature from file:///E:/My%20Documents/File%20Difa/TI%20Semester%206%20Kampus%20Merdeka%20Alterra/Tugas/CAPSTONE%20Project/Capstone-Project-Mobile/src/test/resources/features/1.Login.feature
[main] WARN io.cucumber.core.plugin.SerenityReporter - Feature from file:///E:/My%20Documents/File%20Difa/TI%20Semester%206%20Kampus%20Merdeka%20Alterra/Tugas/CAPSTONE%20Project/Capstone-Project-Mobile/src/test/resources/features/1.Login.feature is not under the 'features' directory. Requirements report will not be correctly generated!
Jul 04, 2022 12:58:33 PM io.appium.java_client.remote.AppiumCommandExecutor$1 lambda$0
INFO: Detected dialect: W3C
]]></system-err>
  </testcase>
  <testcase name="Log in Scenario #6" classname="Login" time="20.1">
    <system-out><![CDATA[
@LoginScenario
Scenario Outline: Log in Scenario                            &amp#27;[90m# src/test/resources/features/1.Login.feature:21&amp#27;[0m
  &amp#27;[32mGiven &amp#27;[0m&amp#27;[32mI am on the login page&amp#27;[0m                               &amp#27;[90m# project.mobile.steps.LoginSteps.iAmOnTheLoginPage()&amp#27;[0m
  &amp#27;[32mWhen &amp#27;[0m&amp#27;[32mI input &amp#27;[0m&amp#27;[32m&amp#27;[1m"test@gmail.com"&amp#27;[0m&amp#27;[32m email&amp#27;[0m                        &amp#27;[90m# project.mobile.steps.LoginSteps.iInputEmail(java.lang.String)&amp#27;[0m
  &amp#27;[32mAnd &amp#27;[0m&amp#27;[32mI tap show password icon and input &amp#27;[0m&amp#27;[32m&amp#27;[1m"Test@123"&amp#27;[0m&amp#27;[32m password&amp#27;[0m &amp#27;[90m# project.mobile.steps.LoginSteps.iTapShowPasswordIconAndInputPassword(java.lang.String)&amp#27;[0m
  &amp#27;[32mAnd &amp#27;[0m&amp#27;[32mI tap hide password icon and tap sign in button&amp#27;[0m        &amp#27;[90m# project.mobile.steps.LoginSteps.iTapHidePasswordIconAndTapSignInButton()&amp#27;[0m
  &amp#27;[32mThen &amp#27;[0m&amp#27;[32mI get the &amp#27;[0m&amp#27;[32m&amp#27;[1m"dashboard page"&amp#27;[0m                            &amp#27;[90m# project.mobile.steps.LoginSteps.iGetThe(java.lang.String)&amp#27;[0m
]]></system-out>
    <system-err><![CDATA[[main] INFO io.cucumber.core.plugin.SerenityReporter - Running feature from file:///E:/My%20Documents/File%20Difa/TI%20Semester%206%20Kampus%20Merdeka%20Alterra/Tugas/CAPSTONE%20Project/Capstone-Project-Mobile/src/test/resources/features/1.Login.feature
[main] WARN io.cucumber.core.plugin.SerenityReporter - Feature from file:///E:/My%20Documents/File%20Difa/TI%20Semester%206%20Kampus%20Merdeka%20Alterra/Tugas/CAPSTONE%20Project/Capstone-Project-Mobile/src/test/resources/features/1.Login.feature is not under the 'features' directory. Requirements report will not be correctly generated!
Jul 04, 2022 12:58:54 PM io.appium.java_client.remote.AppiumCommandExecutor$1 lambda$0
INFO: Detected dialect: W3C
]]></system-err>
  </testcase>
  <testcase name="Log Out Scenario" classname="Login" time="20.443">
    <system-out><![CDATA[
@LogOutScenario
Scenario: Log Out Scenario         &amp#27;[90m# src/test/resources/features/1.Login.feature:25&amp#27;[0m
  &amp#27;[32mGiven &amp#27;[0m&amp#27;[32mI am at the Dashboard page&amp#27;[0m &amp#27;[90m# project.mobile.steps.DashboardSteps.iAmAtTheDashboardPage()&amp#27;[0m
  &amp#27;[32mWhen &amp#27;[0m&amp#27;[32mI click sidebar button&amp#27;[0m      &amp#27;[90m# project.mobile.steps.SidebarSteps.iClickSidebarButton()&amp#27;[0m
  &amp#27;[32mAnd &amp#27;[0m&amp#27;[32mI click logout sidebar menu&amp#27;[0m  &amp#27;[90m# project.mobile.steps.SidebarSteps.iClickLogoutSidebarMenu()&amp#27;[0m
  &amp#27;[32mThen &amp#27;[0m&amp#27;[32mI am on the login page&amp#27;[0m      &amp#27;[90m# project.mobile.steps.LoginSteps.iAmOnTheLoginPage()&amp#27;[0m
  &amp#27;[32mAnd &amp#27;[0m&amp#27;[32mI login again for next test&amp#27;[0m  &amp#27;[90m# project.mobile.steps.LoginSteps.iLoginAgainForNextTest()&amp#27;[0m
]]></system-out>
    <system-err><![CDATA[[main] INFO io.cucumber.core.plugin.SerenityReporter - Running feature from file:///E:/My%20Documents/File%20Difa/TI%20Semester%206%20Kampus%20Merdeka%20Alterra/Tugas/CAPSTONE%20Project/Capstone-Project-Mobile/src/test/resources/features/1.Login.feature
[main] WARN io.cucumber.core.plugin.SerenityReporter - Feature from file:///E:/My%20Documents/File%20Difa/TI%20Semester%206%20Kampus%20Merdeka%20Alterra/Tugas/CAPSTONE%20Project/Capstone-Project-Mobile/src/test/resources/features/1.Login.feature is not under the 'features' directory. Requirements report will not be correctly generated!
[main] INFO  - 
 _____ _____ ____ _____   ____ _____  _    ____ _____ _____ ____  
|_   _| ____/ ___|_   _| / ___|_   _|/ \  |  _ \_   _| ____|  _ \ 
  | | |  _| \___ \ | |   \___ \ | | / _ \ | |_) || | |  _| | | | |
  | | | |___ ___) || |    ___) || |/ ___ \|  _ < | | | |___| |_| |
  |_| |_____|____/ |_|   |____/ |_/_/   \_\_| \_\|_| |_____|____/ 

Log Out Scenario(login;log-out-scenario)
-------------------------------------------------------------------
Jul 04, 2022 12:59:14 PM io.appium.java_client.remote.AppiumCommandExecutor$1 lambda$0
INFO: Detected dialect: W3C
[main] INFO  - 
        __    _____ _____ ____ _____   ____   _    ____  ____  _____ ____  
  _     \ \  |_   _| ____/ ___|_   _| |  _ \ / \  / ___|/ ___|| ____|  _ \ 
 (_)_____| |   | | |  _| \___ \ | |   | |_) / _ \ \___ \\___ \|  _| | | | |
  _|_____| |   | | | |___ ___) || |   |  __/ ___ \ ___) |___) | |___| |_| |
 (_)     | |   |_| |_____|____/ |_|   |_| /_/   \_\____/|____/|_____|____/ 
        /_/                                                                

Log Out Scenario
----------------------------------------------------------------------------
]]></system-err>
  </testcase>
  <testcase name="See Patients Today Detail And Close Page Scenario" classname="Dashboard" time="9.058">
    <system-out><![CDATA[
@SeePatientsTodayDetailAndClosePageScenario
Scenario: See Patients Today Detail And Close Page Scenario &amp#27;[90m# src/test/resources/features/2.Dashboard.feature:8&amp#27;[0m
  &amp#27;[32mGiven &amp#27;[0m&amp#27;[32mI am at the Dashboard page&amp#27;[0m                          &amp#27;[90m# project.mobile.steps.DashboardSteps.iAmAtTheDashboardPage()&amp#27;[0m
  &amp#27;[32mWhen &amp#27;[0m&amp#27;[32mI click > icon on Patients Today list&amp#27;[0m                &amp#27;[90m# project.mobile.steps.DashboardSteps.iClickIconOnPatientsTodayList()&amp#27;[0m
  &amp#27;[32mThen &amp#27;[0m&amp#27;[32mI am on update patient data page&amp#27;[0m                     &amp#27;[90m# project.mobile.steps.DashboardSteps.iAmOnUpdatePatientDataPage()&amp#27;[0m
  &amp#27;[32mAnd &amp#27;[0m&amp#27;[32mI click < icon on Update Patient Data form&amp#27;[0m            &amp#27;[90m# project.mobile.steps.DashboardSteps.iClickIconOnUpdatePatientDataForm()&amp#27;[0m
]]></system-out>
    <system-err><![CDATA[[main] INFO io.cucumber.core.plugin.SerenityReporter - Running feature from file:///E:/My%20Documents/File%20Difa/TI%20Semester%206%20Kampus%20Merdeka%20Alterra/Tugas/CAPSTONE%20Project/Capstone-Project-Mobile/src/test/resources/features/2.Dashboard.feature
[main] WARN io.cucumber.core.plugin.SerenityReporter - Feature from file:///E:/My%20Documents/File%20Difa/TI%20Semester%206%20Kampus%20Merdeka%20Alterra/Tugas/CAPSTONE%20Project/Capstone-Project-Mobile/src/test/resources/features/2.Dashboard.feature is not under the 'features' directory. Requirements report will not be correctly generated!
[main] INFO  - 
 _____ _____ ____ _____   ____ _____  _    ____ _____ _____ ____  
|_   _| ____/ ___|_   _| / ___|_   _|/ \  |  _ \_   _| ____|  _ \ 
  | | |  _| \___ \ | |   \___ \ | | / _ \ | |_) || | |  _| | | | |
  | | | |___ ___) || |    ___) || |/ ___ \|  _ < | | | |___| |_| |
  |_| |_____|____/ |_|   |____/ |_/_/   \_\_| \_\|_| |_____|____/ 

See Patients Today Detail And Close Page Scenario(dashboard;see-patients-today-detail-and-close-page-scenario)
-------------------------------------------------------------------
Jul 04, 2022 12:59:34 PM io.appium.java_client.remote.AppiumCommandExecutor$1 lambda$0
INFO: Detected dialect: W3C
[main] INFO  - 
        __    _____ _____ ____ _____   ____   _    ____  ____  _____ ____  
  _     \ \  |_   _| ____/ ___|_   _| |  _ \ / \  / ___|/ ___|| ____|  _ \ 
 (_)_____| |   | | |  _| \___ \ | |   | |_) / _ \ \___ \\___ \|  _| | | | |
  _|_____| |   | | | |___ ___) || |   |  __/ ___ \ ___) |___) | |___| |_| |
 (_)     | |   |_| |_____|____/ |_|   |_| /_/   \_\____/|____/|_____|____/ 
        /_/                                                                

See Patients Today Detail And Close Page Scenario
----------------------------------------------------------------------------
]]></system-err>
  </testcase>
  <testcase name="See More Patients Today Page And Close Page Scenario" classname="Dashboard" time="10.146">
    <system-out><![CDATA[
@SeeMorePatientsTodayPageAndClosePageScenario
Scenario: See More Patients Today Page And Close Page Scenario &amp#27;[90m# src/test/resources/features/2.Dashboard.feature:16&amp#27;[0m
  &amp#27;[32mGiven &amp#27;[0m&amp#27;[32mI am at the Dashboard page&amp#27;[0m                             &amp#27;[90m# project.mobile.steps.DashboardSteps.iAmAtTheDashboardPage()&amp#27;[0m
  &amp#27;[32mWhen &amp#27;[0m&amp#27;[32mI click see more > button on Patients Today&amp#27;[0m             &amp#27;[90m# project.mobile.steps.DashboardSteps.iClickSeeMoreButtonOnPatientsToday()&amp#27;[0m
  &amp#27;[32mThen &amp#27;[0m&amp#27;[32mI am on patient page&amp#27;[0m                                    &amp#27;[90m# project.mobile.steps.DashboardSteps.iAmOnPatientPage()&amp#27;[0m
  &amp#27;[32mAnd &amp#27;[0m&amp#27;[32mI click < icon on Patient Page&amp#27;[0m                           &amp#27;[90m# project.mobile.steps.DashboardSteps.iClickIconOnPatientPage()&amp#27;[0m
]]></system-out>
    <system-err><![CDATA[[main] INFO io.cucumber.core.plugin.SerenityReporter - Running feature from file:///E:/My%20Documents/File%20Difa/TI%20Semester%206%20Kampus%20Merdeka%20Alterra/Tugas/CAPSTONE%20Project/Capstone-Project-Mobile/src/test/resources/features/2.Dashboard.feature
[main] WARN io.cucumber.core.plugin.SerenityReporter - Feature from file:///E:/My%20Documents/File%20Difa/TI%20Semester%206%20Kampus%20Merdeka%20Alterra/Tugas/CAPSTONE%20Project/Capstone-Project-Mobile/src/test/resources/features/2.Dashboard.feature is not under the 'features' directory. Requirements report will not be correctly generated!
[main] INFO  - 
 _____ _____ ____ _____   ____ _____  _    ____ _____ _____ ____  
|_   _| ____/ ___|_   _| / ___|_   _|/ \  |  _ \_   _| ____|  _ \ 
  | | |  _| \___ \ | |   \___ \ | | / _ \ | |_) || | |  _| | | | |
  | | | |___ ___) || |    ___) || |/ ___ \|  _ < | | | |___| |_| |
  |_| |_____|____/ |_|   |____/ |_/_/   \_\_| \_\|_| |_____|____/ 

See More Patients Today Page And Close Page Scenario(dashboard;see-more-patients-today-page-and-close-page-scenario)
-------------------------------------------------------------------
Jul 04, 2022 12:59:45 PM io.appium.java_client.remote.AppiumCommandExecutor$1 lambda$0
INFO: Detected dialect: W3C
[main] INFO  - 
        __    _____ _____ ____ _____   ____   _    ____  ____  _____ ____  
  _     \ \  |_   _| ____/ ___|_   _| |  _ \ / \  / ___|/ ___|| ____|  _ \ 
 (_)_____| |   | | |  _| \___ \ | |   | |_) / _ \ \___ \\___ \|  _| | | | |
  _|_____| |   | | | |___ ___) || |   |  __/ ___ \ ___) |___) | |___| |_| |
 (_)     | |   |_| |_____|____/ |_|   |_| /_/   \_\____/|____/|_____|____/ 
        /_/                                                                

See More Patients Today Page And Close Page Scenario
----------------------------------------------------------------------------
]]></system-err>
  </testcase>
  <testcase name="See Finished Consultation Detail And Close Page Scenario" classname="Dashboard" time="10.792">
    <system-out><![CDATA[
@SeeFinishedConsultationDetailAndClosePageScenario
Scenario: See Finished Consultation Detail And Close Page Scenario &amp#27;[90m# src/test/resources/features/2.Dashboard.feature:24&amp#27;[0m
  &amp#27;[32mGiven &amp#27;[0m&amp#27;[32mI am at the Dashboard page&amp#27;[0m                                 &amp#27;[90m# project.mobile.steps.DashboardSteps.iAmAtTheDashboardPage()&amp#27;[0m
  &amp#27;[32mWhen &amp#27;[0m&amp#27;[32mI click > icon on Finished Patients list&amp#27;[0m                    &amp#27;[90m# project.mobile.steps.DashboardSteps.iClickIconOnFinishedPatientsList()&amp#27;[0m
  &amp#27;[32mThen &amp#27;[0m&amp#27;[32mI am on Finished Patients Data page&amp#27;[0m                         &amp#27;[90m# project.mobile.steps.DashboardSteps.iAmOnFinishedPatientsDataPage()&amp#27;[0m
  &amp#27;[32mAnd &amp#27;[0m&amp#27;[32mI click < icon on Finished Patients Data form&amp#27;[0m                &amp#27;[90m# project.mobile.steps.DashboardSteps.iClickIconOnFinishedPatientsDataForm()&amp#27;[0m
]]></system-out>
    <system-err><![CDATA[[main] INFO io.cucumber.core.plugin.SerenityReporter - Running feature from file:///E:/My%20Documents/File%20Difa/TI%20Semester%206%20Kampus%20Merdeka%20Alterra/Tugas/CAPSTONE%20Project/Capstone-Project-Mobile/src/test/resources/features/2.Dashboard.feature
[main] WARN io.cucumber.core.plugin.SerenityReporter - Feature from file:///E:/My%20Documents/File%20Difa/TI%20Semester%206%20Kampus%20Merdeka%20Alterra/Tugas/CAPSTONE%20Project/Capstone-Project-Mobile/src/test/resources/features/2.Dashboard.feature is not under the 'features' directory. Requirements report will not be correctly generated!
[main] INFO  - 
 _____ _____ ____ _____   ____ _____  _    ____ _____ _____ ____  
|_   _| ____/ ___|_   _| / ___|_   _|/ \  |  _ \_   _| ____|  _ \ 
  | | |  _| \___ \ | |   \___ \ | | / _ \ | |_) || | |  _| | | | |
  | | | |___ ___) || |    ___) || |/ ___ \|  _ < | | | |___| |_| |
  |_| |_____|____/ |_|   |____/ |_/_/   \_\_| \_\|_| |_____|____/ 

See Finished Consultation Detail And Close Page Scenario(dashboard;see-finished-consultation-detail-and-close-page-scenario)
-------------------------------------------------------------------
Jul 04, 2022 12:59:55 PM io.appium.java_client.remote.AppiumCommandExecutor$1 lambda$0
INFO: Detected dialect: W3C
[main] INFO  - 
        __    _____ _____ ____ _____   ____   _    ____  ____  _____ ____  
  _     \ \  |_   _| ____/ ___|_   _| |  _ \ / \  / ___|/ ___|| ____|  _ \ 
 (_)_____| |   | | |  _| \___ \ | |   | |_) / _ \ \___ \\___ \|  _| | | | |
  _|_____| |   | | | |___ ___) || |   |  __/ ___ \ ___) |___) | |___| |_| |
 (_)     | |   |_| |_____|____/ |_|   |_| /_/   \_\____/|____/|_____|____/ 
        /_/                                                                

See Finished Consultation Detail And Close Page Scenario
----------------------------------------------------------------------------
]]></system-err>
  </testcase>
  <testcase name="See More Finished Consultation Page And Close Page Scenario" classname="Dashboard" time="9.866">
    <system-out><![CDATA[
@SeeMoreFinishedConsultationPageAndClosePageScenario
Scenario: See More Finished Consultation Page And Close Page Scenario &amp#27;[90m# src/test/resources/features/2.Dashboard.feature:32&amp#27;[0m
  &amp#27;[32mGiven &amp#27;[0m&amp#27;[32mI am at the Dashboard page&amp#27;[0m                                    &amp#27;[90m# project.mobile.steps.DashboardSteps.iAmAtTheDashboardPage()&amp#27;[0m
  &amp#27;[32mWhen &amp#27;[0m&amp#27;[32mI click see more > button on Finished Consultation&amp#27;[0m             &amp#27;[90m# project.mobile.steps.DashboardSteps.iClickSeeMoreButtonOnFinishedConsultation()&amp#27;[0m
  &amp#27;[32mThen &amp#27;[0m&amp#27;[32mI am on Finished Consultation Patient page&amp#27;[0m                     &amp#27;[90m# project.mobile.steps.DashboardSteps.iAmOnFinishedConsultationPatientPage()&amp#27;[0m
  &amp#27;[32mAnd &amp#27;[0m&amp#27;[32mI click < icon on Finished Consultation Patient Page&amp#27;[0m            &amp#27;[90m# project.mobile.steps.DashboardSteps.iClickIconOnFinishedConsultationPatientPage()&amp#27;[0m
]]></system-out>
    <system-err><![CDATA[[main] INFO io.cucumber.core.plugin.SerenityReporter - Running feature from file:///E:/My%20Documents/File%20Difa/TI%20Semester%206%20Kampus%20Merdeka%20Alterra/Tugas/CAPSTONE%20Project/Capstone-Project-Mobile/src/test/resources/features/2.Dashboard.feature
[main] WARN io.cucumber.core.plugin.SerenityReporter - Feature from file:///E:/My%20Documents/File%20Difa/TI%20Semester%206%20Kampus%20Merdeka%20Alterra/Tugas/CAPSTONE%20Project/Capstone-Project-Mobile/src/test/resources/features/2.Dashboard.feature is not under the 'features' directory. Requirements report will not be correctly generated!
[main] INFO  - 
 _____ _____ ____ _____   ____ _____  _    ____ _____ _____ ____  
|_   _| ____/ ___|_   _| / ___|_   _|/ \  |  _ \_   _| ____|  _ \ 
  | | |  _| \___ \ | |   \___ \ | | / _ \ | |_) || | |  _| | | | |
  | | | |___ ___) || |    ___) || |/ ___ \|  _ < | | | |___| |_| |
  |_| |_____|____/ |_|   |____/ |_/_/   \_\_| \_\|_| |_____|____/ 

See More Finished Consultation Page And Close Page Scenario(dashboard;see-more-finished-consultation-page-and-close-page-scenario)
-------------------------------------------------------------------
Jul 04, 2022 1:00:04 PM io.appium.java_client.remote.AppiumCommandExecutor$1 lambda$0
INFO: Detected dialect: W3C
[main] INFO  - 
        __    _____ _____ ____ _____   ____   _    ____  ____  _____ ____  
  _     \ \  |_   _| ____/ ___|_   _| |  _ \ / \  / ___|/ ___|| ____|  _ \ 
 (_)_____| |   | | |  _| \___ \ | |   | |_) / _ \ \___ \\___ \|  _| | | | |
  _|_____| |   | | | |___ ___) || |   |  __/ ___ \ ___) |___) | |___| |_| |
 (_)     | |   |_| |_____|____/ |_|   |_| /_/   \_\____/|____/|_____|____/ 
        /_/                                                                

See More Finished Consultation Page And Close Page Scenario
----------------------------------------------------------------------------
]]></system-err>
  </testcase>
  <testcase name="Validate Date On Dashboard Page Scenario" classname="Dashboard" time="7.573">
    <system-out><![CDATA[
@ValidateDateOnDashboardPageScenario
Scenario: Validate Date On Dashboard Page Scenario  &amp#27;[90m# src/test/resources/features/2.Dashboard.feature:40&amp#27;[0m
  &amp#27;[32mGiven &amp#27;[0m&amp#27;[32mI am at the Dashboard page&amp#27;[0m                  &amp#27;[90m# project.mobile.steps.DashboardSteps.iAmAtTheDashboardPage()&amp#27;[0m
  &amp#27;[32mThen &amp#27;[0m&amp#27;[32mI validate date on dashboard page is correct&amp#27;[0m &amp#27;[90m# project.mobile.steps.DashboardSteps.iValidateDateOnDashboardPageIsCorrect()&amp#27;[0m
]]></system-out>
    <system-err><![CDATA[[main] INFO io.cucumber.core.plugin.SerenityReporter - Running feature from file:///E:/My%20Documents/File%20Difa/TI%20Semester%206%20Kampus%20Merdeka%20Alterra/Tugas/CAPSTONE%20Project/Capstone-Project-Mobile/src/test/resources/features/2.Dashboard.feature
[main] WARN io.cucumber.core.plugin.SerenityReporter - Feature from file:///E:/My%20Documents/File%20Difa/TI%20Semester%206%20Kampus%20Merdeka%20Alterra/Tugas/CAPSTONE%20Project/Capstone-Project-Mobile/src/test/resources/features/2.Dashboard.feature is not under the 'features' directory. Requirements report will not be correctly generated!
[main] INFO  - 
 _____ _____ ____ _____   ____ _____  _    ____ _____ _____ ____  
|_   _| ____/ ___|_   _| / ___|_   _|/ \  |  _ \_   _| ____|  _ \ 
  | | |  _| \___ \ | |   \___ \ | | / _ \ | |_) || | |  _| | | | |
  | | | |___ ___) || |    ___) || |/ ___ \|  _ < | | | |___| |_| |
  |_| |_____|____/ |_|   |____/ |_/_/   \_\_| \_\|_| |_____|____/ 

Validate Date On Dashboard Page Scenario(dashboard;validate-date-on-dashboard-page-scenario)
-------------------------------------------------------------------
Jul 04, 2022 1:00:14 PM io.appium.java_client.remote.AppiumCommandExecutor$1 lambda$0
INFO: Detected dialect: W3C
[main] INFO  - 
        __    _____ _____ ____ _____   ____   _    ____  ____  _____ ____  
  _     \ \  |_   _| ____/ ___|_   _| |  _ \ / \  / ___|/ ___|| ____|  _ \ 
 (_)_____| |   | | |  _| \___ \ | |   | |_) / _ \ \___ \\___ \|  _| | | | |
  _|_____| |   | | | |___ ___) || |   |  __/ ___ \ ___) |___) | |___| |_| |
 (_)     | |   |_| |_____|____/ |_|   |_| /_/   \_\____/|____/|_____|____/ 
        /_/                                                                

Validate Date On Dashboard Page Scenario
----------------------------------------------------------------------------
]]></system-err>
  </testcase>
  <testcase name="Tap The Back Icon On The Patient Page Scenario" classname="Patient" time="11.775">
    <system-out><![CDATA[
@TapTheBackIconOnThePatientPageScenario
Scenario: Tap The Back Icon On The Patient Page Scenario &amp#27;[90m# src/test/resources/features/3.Patient.feature:8&amp#27;[0m
  &amp#27;[32mGiven &amp#27;[0m&amp#27;[32mI am on the Dashboard page&amp#27;[0m                       &amp#27;[90m# project.mobile.steps.PatientSteps.iAmOnTheDashboardPage()&amp#27;[0m
  &amp#27;[32mWhen &amp#27;[0m&amp#27;[32mI click the sidebar button&amp#27;[0m                        &amp#27;[90m# project.mobile.steps.PatientSteps.iClickTheSidebarButton()&amp#27;[0m
  &amp#27;[32mAnd &amp#27;[0m&amp#27;[32mI click patient sidebar menu&amp#27;[0m                       &amp#27;[90m# project.mobile.steps.PatientSteps.iClickPatientSidebarMenu()&amp#27;[0m
  &amp#27;[32mAnd &amp#27;[0m&amp#27;[32mI click back button on patient page&amp#27;[0m                &amp#27;[90m# project.mobile.steps.PatientSteps.iClickBackButtonOnPatientPage()&amp#27;[0m
  &amp#27;[32mThen &amp#27;[0m&amp#27;[32mI am back to Dashboard page&amp#27;[0m                       &amp#27;[90m# project.mobile.steps.PatientSteps.iAmBackToDashboardPage()&amp#27;[0m
]]></system-out>
    <system-err><![CDATA[[main] INFO io.cucumber.core.plugin.SerenityReporter - Running feature from file:///E:/My%20Documents/File%20Difa/TI%20Semester%206%20Kampus%20Merdeka%20Alterra/Tugas/CAPSTONE%20Project/Capstone-Project-Mobile/src/test/resources/features/3.Patient.feature
[main] WARN io.cucumber.core.plugin.SerenityReporter - Feature from file:///E:/My%20Documents/File%20Difa/TI%20Semester%206%20Kampus%20Merdeka%20Alterra/Tugas/CAPSTONE%20Project/Capstone-Project-Mobile/src/test/resources/features/3.Patient.feature is not under the 'features' directory. Requirements report will not be correctly generated!
[main] INFO  - 
 _____ _____ ____ _____   ____ _____  _    ____ _____ _____ ____  
|_   _| ____/ ___|_   _| / ___|_   _|/ \  |  _ \_   _| ____|  _ \ 
  | | |  _| \___ \ | |   \___ \ | | / _ \ | |_) || | |  _| | | | |
  | | | |___ ___) || |    ___) || |/ ___ \|  _ < | | | |___| |_| |
  |_| |_____|____/ |_|   |____/ |_/_/   \_\_| \_\|_| |_____|____/ 

Tap The Back Icon On The Patient Page Scenario(patient;tap-the-back-icon-on-the-patient-page-scenario)
-------------------------------------------------------------------
Jul 04, 2022 1:00:22 PM io.appium.java_client.remote.AppiumCommandExecutor$1 lambda$0
INFO: Detected dialect: W3C
[main] INFO  - 
        __    _____ _____ ____ _____   ____   _    ____  ____  _____ ____  
  _     \ \  |_   _| ____/ ___|_   _| |  _ \ / \  / ___|/ ___|| ____|  _ \ 
 (_)_____| |   | | |  _| \___ \ | |   | |_) / _ \ \___ \\___ \|  _| | | | |
  _|_____| |   | | | |___ ___) || |   |  __/ ___ \ ___) |___) | |___| |_| |
 (_)     | |   |_| |_____|____/ |_|   |_| /_/   \_\____/|____/|_____|____/ 
        /_/                                                                

Tap The Back Icon On The Patient Page Scenario
----------------------------------------------------------------------------
]]></system-err>
  </testcase>
  <testcase name="See Update Patient Data Page Scenario" classname="Patient" time="18.936">
    <system-out><![CDATA[
@SeeUpdatePatientDataPageScenario
Scenario: See Update Patient Data Page Scenario &amp#27;[90m# src/test/resources/features/3.Patient.feature:17&amp#27;[0m
  &amp#27;[32mGiven &amp#27;[0m&amp#27;[32mI am on the Dashboard page&amp#27;[0m              &amp#27;[90m# project.mobile.steps.PatientSteps.iAmOnTheDashboardPage()&amp#27;[0m
  &amp#27;[32mWhen &amp#27;[0m&amp#27;[32mI click the sidebar button&amp#27;[0m               &amp#27;[90m# project.mobile.steps.PatientSteps.iClickTheSidebarButton()&amp#27;[0m
  &amp#27;[32mAnd &amp#27;[0m&amp#27;[32mI click patient sidebar menu&amp#27;[0m              &amp#27;[90m# project.mobile.steps.PatientSteps.iClickPatientSidebarMenu()&amp#27;[0m
  &amp#27;[32mAnd &amp#27;[0m&amp#27;[32mI tap the > icon on Patient Page patient&amp#27;[0m  &amp#27;[90m# project.mobile.steps.PatientSteps.iTapTheIconOnPatientPagePatient()&amp#27;[0m
  &amp#27;[32mThen &amp#27;[0m&amp#27;[32mI am on the Update Patient Data page&amp#27;[0m     &amp#27;[90m# project.mobile.steps.PatientSteps.iAmOnTheUpdatePatientDataPage()&amp#27;[0m
]]></system-out>
    <system-err><![CDATA[[main] INFO io.cucumber.core.plugin.SerenityReporter - Running feature from file:///E:/My%20Documents/File%20Difa/TI%20Semester%206%20Kampus%20Merdeka%20Alterra/Tugas/CAPSTONE%20Project/Capstone-Project-Mobile/src/test/resources/features/3.Patient.feature
[main] WARN io.cucumber.core.plugin.SerenityReporter - Feature from file:///E:/My%20Documents/File%20Difa/TI%20Semester%206%20Kampus%20Merdeka%20Alterra/Tugas/CAPSTONE%20Project/Capstone-Project-Mobile/src/test/resources/features/3.Patient.feature is not under the 'features' directory. Requirements report will not be correctly generated!
[main] INFO  - 
 _____ _____ ____ _____   ____ _____  _    ____ _____ _____ ____  
|_   _| ____/ ___|_   _| / ___|_   _|/ \  |  _ \_   _| ____|  _ \ 
  | | |  _| \___ \ | |   \___ \ | | / _ \ | |_) || | |  _| | | | |
  | | | |___ ___) || |    ___) || |/ ___ \|  _ < | | | |___| |_| |
  |_| |_____|____/ |_|   |____/ |_/_/   \_\_| \_\|_| |_____|____/ 

See Update Patient Data Page Scenario(patient;see-update-patient-data-page-scenario)
-------------------------------------------------------------------
Jul 04, 2022 1:00:34 PM io.appium.java_client.remote.AppiumCommandExecutor$1 lambda$0
INFO: Detected dialect: W3C
[main] INFO  - 
        __    _____ _____ ____ _____   ____   _    ____  ____  _____ ____  
  _     \ \  |_   _| ____/ ___|_   _| |  _ \ / \  / ___|/ ___|| ____|  _ \ 
 (_)_____| |   | | |  _| \___ \ | |   | |_) / _ \ \___ \\___ \|  _| | | | |
  _|_____| |   | | | |___ ___) || |   |  __/ ___ \ ___) |___) | |___| |_| |
 (_)     | |   |_| |_____|____/ |_|   |_| /_/   \_\____/|____/|_____|____/ 
        /_/                                                                

See Update Patient Data Page Scenario
----------------------------------------------------------------------------
]]></system-err>
  </testcase>
  <testcase name="Sidebar Scenario #1" classname="Sidebar" time="9.857">
    <system-out><![CDATA[
@SidebarScenario
Scenario Outline: Sidebar Scenario     &amp#27;[90m# src/test/resources/features/4.Sidebar.feature:15&amp#27;[0m
  &amp#27;[32mGiven &amp#27;[0m&amp#27;[32mI am on Dashboard page&amp#27;[0m         &amp#27;[90m# project.mobile.steps.SidebarSteps.iAmOnDashboardPage()&amp#27;[0m
  &amp#27;[32mWhen &amp#27;[0m&amp#27;[32mI click sidebar button&amp#27;[0m          &amp#27;[90m# project.mobile.steps.SidebarSteps.iClickSidebarButton()&amp#27;[0m
  &amp#27;[32mAnd &amp#27;[0m&amp#27;[32mI click &amp#27;[0m&amp#27;[32m&amp#27;[1m"dashboard"&amp#27;[0m&amp#27;[32m menu&amp#27;[0m         &amp#27;[90m# project.mobile.steps.SidebarSteps.iClickMenu(java.lang.String)&amp#27;[0m
  &amp#27;[32mThen &amp#27;[0m&amp#27;[32mI get the &amp#27;[0m&amp#27;[32m&amp#27;[1m"dashboard page"&amp#27;[0m&amp#27;[32m page&amp#27;[0m &amp#27;[90m# project.mobile.steps.SidebarSteps.iGetThePage(java.lang.String)&amp#27;[0m
]]></system-out>
    <system-err><![CDATA[[main] INFO io.cucumber.core.plugin.SerenityReporter - Running feature from file:///E:/My%20Documents/File%20Difa/TI%20Semester%206%20Kampus%20Merdeka%20Alterra/Tugas/CAPSTONE%20Project/Capstone-Project-Mobile/src/test/resources/features/4.Sidebar.feature
[main] WARN io.cucumber.core.plugin.SerenityReporter - Feature from file:///E:/My%20Documents/File%20Difa/TI%20Semester%206%20Kampus%20Merdeka%20Alterra/Tugas/CAPSTONE%20Project/Capstone-Project-Mobile/src/test/resources/features/4.Sidebar.feature is not under the 'features' directory. Requirements report will not be correctly generated!
[main] INFO  - 
 _____ _____ ____ _____   ____ _____  _    ____ _____ _____ ____  
|_   _| ____/ ___|_   _| / ___|_   _|/ \  |  _ \_   _| ____|  _ \ 
  | | |  _| \___ \ | |   \___ \ | | / _ \ | |_) || | |  _| | | | |
  | | | |___ ___) || |    ___) || |/ ___ \|  _ < | | | |___| |_| |
  |_| |_____|____/ |_|   |____/ |_/_/   \_\_| \_\|_| |_____|____/ 

Sidebar Scenario(sidebar;sidebar-scenario)
-------------------------------------------------------------------
Jul 04, 2022 1:00:53 PM io.appium.java_client.remote.AppiumCommandExecutor$1 lambda$0
INFO: Detected dialect: W3C
[main] INFO  - 
        __    _____ _____ ____ _____   ____   _    ____  ____  _____ ____  
  _     \ \  |_   _| ____/ ___|_   _| |  _ \ / \  / ___|/ ___|| ____|  _ \ 
 (_)_____| |   | | |  _| \___ \ | |   | |_) / _ \ \___ \\___ \|  _| | | | |
  _|_____| |   | | | |___ ___) || |   |  __/ ___ \ ___) |___) | |___| |_| |
 (_)     | |   |_| |_____|____/ |_|   |_| /_/   \_\____/|____/|_____|____/ 
        /_/                                                                

Sidebar Scenario
----------------------------------------------------------------------------
]]></system-err>
  </testcase>
  <testcase name="Sidebar Scenario #2" classname="Sidebar" time="10.671">
    <system-out><![CDATA[
@SidebarScenario
Scenario Outline: Sidebar Scenario   &amp#27;[90m# src/test/resources/features/4.Sidebar.feature:16&amp#27;[0m
  &amp#27;[32mGiven &amp#27;[0m&amp#27;[32mI am on Dashboard page&amp#27;[0m       &amp#27;[90m# project.mobile.steps.SidebarSteps.iAmOnDashboardPage()&amp#27;[0m
  &amp#27;[32mWhen &amp#27;[0m&amp#27;[32mI click sidebar button&amp#27;[0m        &amp#27;[90m# project.mobile.steps.SidebarSteps.iClickSidebarButton()&amp#27;[0m
  &amp#27;[32mAnd &amp#27;[0m&amp#27;[32mI click &amp#27;[0m&amp#27;[32m&amp#27;[1m"patient"&amp#27;[0m&amp#27;[32m menu&amp#27;[0m         &amp#27;[90m# project.mobile.steps.SidebarSteps.iClickMenu(java.lang.String)&amp#27;[0m
  &amp#27;[32mThen &amp#27;[0m&amp#27;[32mI get the &amp#27;[0m&amp#27;[32m&amp#27;[1m"patient page"&amp#27;[0m&amp#27;[32m page&amp#27;[0m &amp#27;[90m# project.mobile.steps.SidebarSteps.iGetThePage(java.lang.String)&amp#27;[0m
]]></system-out>
    <system-err><![CDATA[[main] INFO io.cucumber.core.plugin.SerenityReporter - Running feature from file:///E:/My%20Documents/File%20Difa/TI%20Semester%206%20Kampus%20Merdeka%20Alterra/Tugas/CAPSTONE%20Project/Capstone-Project-Mobile/src/test/resources/features/4.Sidebar.feature
[main] WARN io.cucumber.core.plugin.SerenityReporter - Feature from file:///E:/My%20Documents/File%20Difa/TI%20Semester%206%20Kampus%20Merdeka%20Alterra/Tugas/CAPSTONE%20Project/Capstone-Project-Mobile/src/test/resources/features/4.Sidebar.feature is not under the 'features' directory. Requirements report will not be correctly generated!
Jul 04, 2022 1:01:02 PM io.appium.java_client.remote.AppiumCommandExecutor$1 lambda$0
INFO: Detected dialect: W3C
[main] INFO  - 
        __    _____ _____ ____ _____   ____   _    ____  ____  _____ ____  
  _     \ \  |_   _| ____/ ___|_   _| |  _ \ / \  / ___|/ ___|| ____|  _ \ 
 (_)_____| |   | | |  _| \___ \ | |   | |_) / _ \ \___ \\___ \|  _| | | | |
  _|_____| |   | | | |___ ___) || |   |  __/ ___ \ ___) |___) | |___| |_| |
 (_)     | |   |_| |_____|____/ |_|   |_| /_/   \_\____/|____/|_____|____/ 
        /_/                                                                

Sidebar Scenario
----------------------------------------------------------------------------
]]></system-err>
  </testcase>
</testsuite>