<?xml version="1.0" encoding="UTF-8"?>
<testsuite xmlns:xsi="http://www.w3.org/2001/XMLSchema-instance" xsi:noNamespaceSchemaLocation="https://maven.apache.org/surefire/maven-failsafe-plugin/xsd/failsafe-test-report-3.0.xsd" version="3.0" name="CucumberTestSuite" time="125.962" tests="5" errors="0" skipped="0" failures="0">
  <properties>
    <property name="java.specification.version" value="15"/>
    <property name="webdriver.chrome.driver" value="E:\My Documents\File Difa\TI Semester 6 Kampus Merdeka Alterra\Tugas\CAPSTONE Project\Capstone-Project-Website\src\test\resources\webdriver\chromedriver.exe"/>
    <property name="sun.cpu.isalist" value="amd64"/>
    <property name="sun.jnu.encoding" value="Cp1252"/>
    <property name="java.class.path" value="E:\My Documents\File Difa\TI Semester 6 Kampus Merdeka Alterra\Tugas\CAPSTONE Project\Capstone-Project-Website\target\test-classes;C:\Users\USER\.m2\repository\net\serenity-bdd\serenity-core\3.2.1\serenity-core-3.2.1.jar;C:\Users\USER\.m2\repository\net\serenity-bdd\serenity-model\3.2.1\serenity-model-3.2.1.jar;C:\Users\USER\.m2\repository\org\apache\commons\commons-text\1.9\commons-text-1.9.jar;C:\Users\USER\.m2\repository\commons-net\commons-net\3.8.0\commons-net-3.8.0.jar;C:\Users\USER\.m2\repository\com\google\guava\guava\31.1-jre\guava-31.1-jre.jar;C:\Users\USER\.m2\repository\com\google\guava\failureaccess\1.0.1\failureaccess-1.0.1.jar;C:\Users\USER\.m2\repository\com\google\guava\listenablefuture\9999.0-empty-to-avoid-conflict-with-guava\listenablefuture-9999.0-empty-to-avoid-conflict-with-guava.jar;C:\Users\USER\.m2\repository\com\google\code\findbugs\jsr305\3.0.2\jsr305-3.0.2.jar;C:\Users\USER\.m2\repository\org\checkerframework\checker-qual\3.12.0\checker-qual-3.12.0.jar;C:\Users\USER\.m2\repository\com\google\errorprone\error_prone_annotations\2.11.0\error_prone_annotations-2.11.0.jar;C:\Users\USER\.m2\repository\com\google\j2objc\j2objc-annotations\1.3\j2objc-annotations-1.3.jar;C:\Users\USER\.m2\repository\com\google\inject\guice\5.1.0\guice-5.1.0.jar;C:\Users\USER\.m2\repository\javax\inject\javax.inject\1\javax.inject-1.jar;C:\Users\USER\.m2\repository\aopalliance\aopalliance\1.0\aopalliance-1.0.jar;C:\Users\USER\.m2\repository\org\jsoup\jsoup\1.14.3\jsoup-1.14.3.jar;C:\Users\USER\.m2\repository\com\thoughtworks\xstream\xstream\1.4.19\xstream-1.4.19.jar;C:\Users\USER\.m2\repository\io\github\x-stream\mxparser\1.2.2\mxparser-1.2.2.jar;C:\Users\USER\.m2\repository\xmlpull\xmlpull\1.1.3.1\xmlpull-1.1.3.1.jar;C:\Users\USER\.m2\repository\io\cucumber\cucumber-java\7.2.3\cucumber-java-7.2.3.jar;C:\Users\USER\.m2\repository\com\typesafe\config\1.4.2\config-1.4.2.jar;C:\Users\USER\.m2\repository\org\imgscalr\imgscalr-lib\4.2\imgscalr-lib-4.2.jar;C:\Users\USER\.m2\repository\org\awaitility\awaitility\4.2.0\awaitility-4.2.0.jar;C:\Users\USER\.m2\repository\org\freemarker\freemarker\2.3.31\freemarker-2.3.31.jar;C:\Users\USER\.m2\repository\io\github\classgraph\classgraph\4.8.138\classgraph-4.8.138.jar;C:\Users\USER\.m2\repository\net\sourceforge\jexcelapi\jxl\2.6.12\jxl-2.6.12.jar;C:\Users\USER\.m2\repository\net\bytebuddy\byte-buddy\1.12.8\byte-buddy-1.12.8.jar;C:\Users\USER\.m2\repository\net\bytebuddy\byte-buddy-agent\1.12.8\byte-buddy-agent-1.12.8.jar;C:\Users\USER\.m2\repository\org\objenesis\objenesis\3.1\objenesis-3.1.jar;C:\Users\USER\.m2\repository\net\serenity-bdd\serenity-reports\3.2.1\serenity-reports-3.2.1.jar;C:\Users\USER\.m2\repository\net\serenity-bdd\serenity-stats\3.2.1\serenity-stats-3.2.1.jar;C:\Users\USER\.m2\repository\net\serenity-bdd\serenity-reports-configuration\3.2.1\serenity-reports-configuration-3.2.1.jar;C:\Users\USER\.m2\repository\com\vladsch\flexmark\flexmark-all\0.34.30\flexmark-all-0.34.30.jar;C:\Users\USER\.m2\repository\com\vladsch\flexmark\flexmark\0.34.30\flexmark-0.34.30.jar;C:\Users\USER\.m2\repository\com\vladsch\flexmark\flexmark-ext-abbreviation\0.34.30\flexmark-ext-abbreviation-0.34.30.jar;C:\Users\USER\.m2\repository\com\vladsch\flexmark\flexmark-ext-admonition\0.34.30\flexmark-ext-admonition-0.34.30.jar;C:\Users\USER\.m2\repository\com\vladsch\flexmark\flexmark-ext-anchorlink\0.34.30\flexmark-ext-anchorlink-0.34.30.jar;C:\Users\USER\.m2\repository\com\vladsch\flexmark\flexmark-ext-aside\0.34.30\flexmark-ext-aside-0.34.30.jar;C:\Users\USER\.m2\repository\com\vladsch\flexmark\flexmark-ext-attributes\0.34.30\flexmark-ext-attributes-0.34.30.jar;C:\Users\USER\.m2\repository\com\vladsch\flexmark\flexmark-ext-autolink\0.34.30\flexmark-ext-autolink-0.34.30.jar;C:\Users\USER\.m2\repository\org\nibor\autolink\autolink\0.6.0\autolink-0.6.0.jar;C:\Users\USER\.m2\repository\com\vladsch\flexmark\flexmark-ext-definition\0.34.30\flexmark-ext-definition-0.34.30.jar;C:\Users\USER\.m2\repository\com\vladsch\flexmark\flexmark-ext-emoji\0.34.30\flexmark-ext-emoji-0.34.30.jar;C:\Users\USER\.m2\repository\com\vladsch\flexmark\flexmark-ext-enumerated-reference\0.34.30\flexmark-ext-enumerated-reference-0.34.30.jar;C:\Users\USER\.m2\repository\com\vladsch\flexmark\flexmark-ext-escaped-character\0.34.30\flexmark-ext-escaped-character-0.34.30.jar;C:\Users\USER\.m2\repository\com\vladsch\flexmark\flexmark-ext-footnotes\0.34.30\flexmark-ext-footnotes-0.34.30.jar;C:\Users\USER\.m2\repository\com\vladsch\flexmark\flexmark-ext-gfm-issues\0.34.30\flexmark-ext-gfm-issues-0.34.30.jar;C:\Users\USER\.m2\repository\com\vladsch\flexmark\flexmark-ext-gfm-strikethrough\0.34.30\flexmark-ext-gfm-strikethrough-0.34.30.jar;C:\Users\USER\.m2\repository\com\vladsch\flexmark\flexmark-ext-gfm-tables\0.34.30\flexmark-ext-gfm-tables-0.34.30.jar;C:\Users\USER\.m2\repository\com\vladsch\flexmark\flexmark-ext-gfm-tasklist\0.34.30\flexmark-ext-gfm-tasklist-0.34.30.jar;C:\Users\USER\.m2\repository\com\vladsch\flexmark\flexmark-ext-gfm-users\0.34.30\flexmark-ext-gfm-users-0.34.30.jar;C:\Users\USER\.m2\repository\com\vladsch\flexmark\flexmark-ext-gitlab\0.34.30\flexmark-ext-gitlab-0.34.30.jar;C:\Users\USER\.m2\repository\com\vladsch\flexmark\flexmark-ext-jekyll-front-matter\0.34.30\flexmark-ext-jekyll-front-matter-0.34.30.jar;C:\Users\USER\.m2\repository\com\vladsch\flexmark\flexmark-ext-jekyll-tag\0.34.30\flexmark-ext-jekyll-tag-0.34.30.jar;C:\Users\USER\.m2\repository\com\vladsch\flexmark\flexmark-ext-media-tags\0.34.30\flexmark-ext-media-tags-0.34.30.jar;C:\Users\USER\.m2\repository\com\vladsch\flexmark\flexmark-test-util\0.34.30\flexmark-test-util-0.34.30.jar;C:\Users\USER\.m2\repository\com\vladsch\flexmark\flexmark-ext-ins\0.34.30\flexmark-ext-ins-0.34.30.jar;C:\Users\USER\.m2\repository\com\vladsch\flexmark\flexmark-ext-xwiki-macros\0.34.30\flexmark-ext-xwiki-macros-0.34.30.jar;C:\Users\USER\.m2\repository\com\vladsch\flexmark\flexmark-ext-superscript\0.34.30\flexmark-ext-superscript-0.34.30.jar;C:\Users\USER\.m2\repository\com\vladsch\flexmark\flexmark-ext-tables\0.34.30\flexmark-ext-tables-0.34.30.jar;C:\Users\USER\.m2\repository\com\vladsch\flexmark\flexmark-ext-toc\0.34.30\flexmark-ext-toc-0.34.30.jar;C:\Users\USER\.m2\repository\com\vladsch\flexmark\flexmark-ext-typographic\0.34.30\flexmark-ext-typographic-0.34.30.jar;C:\Users\USER\.m2\repository\com\vladsch\flexmark\flexmark-ext-wikilink\0.34.30\flexmark-ext-wikilink-0.34.30.jar;C:\Users\USER\.m2\repository\com\vladsch\flexmark\flexmark-ext-yaml-front-matter\0.34.30\flexmark-ext-yaml-front-matter-0.34.30.jar;C:\Users\USER\.m2\repository\com\vladsch\flexmark\flexmark-ext-youtube-embedded\0.34.30\flexmark-ext-youtube-embedded-0.34.30.jar;C:\Users\USER\.m2\repository\com\vladsch\flexmark\flexmark-formatter\0.34.30\flexmark-formatter-0.34.30.jar;C:\Users\USER\.m2\repository\com\vladsch\flexmark\flexmark-html-parser\0.34.30\flexmark-html-parser-0.34.30.jar;C:\Users\USER\.m2\repository\com\vladsch\flexmark\flexmark-jira-converter\0.34.30\flexmark-jira-converter-0.34.30.jar;C:\Users\USER\.m2\repository\com\vladsch\flexmark\flexmark-pdf-converter\0.34.30\flexmark-pdf-converter-0.34.30.jar;C:\Users\USER\.m2\repository\com\openhtmltopdf\openhtmltopdf-core\0.0.1-RC13\openhtmltopdf-core-0.0.1-RC13.jar;C:\Users\USER\.m2\repository\com\openhtmltopdf\openhtmltopdf-pdfbox\0.0.1-RC13\openhtmltopdf-pdfbox-0.0.1-RC13.jar;C:\Users\USER\.m2\repository\org\apache\pdfbox\pdfbox\2.0.8\pdfbox-2.0.8.jar;C:\Users\USER\.m2\repository\org\apache\pdfbox\fontbox\2.0.8\fontbox-2.0.8.jar;C:\Users\USER\.m2\repository\commons-logging\commons-logging\1.2\commons-logging-1.2.jar;C:\Users\USER\.m2\repository\org\apache\pdfbox\xmpbox\2.0.8\xmpbox-2.0.8.jar;C:\Users\USER\.m2\repository\de\rototor\pdfbox\graphics2d\0.12\graphics2d-0.12.jar;C:\Users\USER\.m2\repository\com\openhtmltopdf\openhtmltopdf-rtl-support\0.0.1-RC13\openhtmltopdf-rtl-support-0.0.1-RC13.jar;C:\Users\USER\.m2\repository\com\ibm\icu\icu4j\59.1\icu4j-59.1.jar;C:\Users\USER\.m2\repository\com\openhtmltopdf\openhtmltopdf-jsoup-dom-converter\0.0.1-RC13\openhtmltopdf-jsoup-dom-converter-0.0.1-RC13.jar;C:\Users\USER\.m2\repository\com\vladsch\flexmark\flexmark-profile-pegdown\0.34.30\flexmark-profile-pegdown-0.34.30.jar;C:\Users\USER\.m2\repository\com\vladsch\flexmark\flexmark-util\0.34.30\flexmark-util-0.34.30.jar;C:\Users\USER\.m2\repository\com\vladsch\flexmark\flexmark-youtrack-converter\0.34.30\flexmark-youtrack-converter-0.34.30.jar;C:\Users\USER\.m2\repository\es\nitaur\markdown\txtmark\0.16\txtmark-0.16.jar;C:\Users\USER\.m2\repository\net\serenity-bdd\serenity-report-resources\3.2.1\serenity-report-resources-3.2.1.jar;C:\Users\USER\.m2\repository\com\google\code\gson\gson\2.9.0\gson-2.9.0.jar;C:\Users\USER\.m2\repository\com\fasterxml\jackson\core\jackson-core\2.13.2\jackson-core-2.13.2.jar;C:\Users\USER\.m2\repository\com\fasterxml\jackson\core\jackson-databind\2.13.2\jackson-databind-2.13.2.jar;C:\Users\USER\.m2\repository\com\fasterxml\jackson\core\jackson-annotations\2.13.2\jackson-annotations-2.13.2.jar;C:\Users\USER\.m2\repository\commons-codec\commons-codec\1.15\commons-codec-1.15.jar;C:\Users\USER\.m2\repository\commons-io\commons-io\2.11.0\commons-io-2.11.0.jar;C:\Users\USER\.m2\repository\org\seleniumhq\selenium\selenium-java\4.1.2\selenium-java-4.1.2.jar;C:\Users\USER\.m2\repository\org\seleniumhq\selenium\selenium-devtools-v85\4.1.2\selenium-devtools-v85-4.1.2.jar;C:\Users\USER\.m2\repository\org\seleniumhq\selenium\selenium-devtools-v95\4.1.2\selenium-devtools-v95-4.1.2.jar;C:\Users\USER\.m2\repository\org\seleniumhq\selenium\selenium-devtools-v96\4.1.2\selenium-devtools-v96-4.1.2.jar;C:\Users\USER\.m2\repository\org\seleniumhq\selenium\selenium-devtools-v97\4.1.2\selenium-devtools-v97-4.1.2.jar;C:\Users\USER\.m2\repository\org\seleniumhq\selenium\selenium-firefox-xpi-driver\4.1.2\selenium-firefox-xpi-driver-4.1.2.jar;C:\Users\USER\.m2\repository\org\seleniumhq\selenium\selenium-opera-driver\4.1.2\selenium-opera-driver-4.1.2.jar;C:\Users\USER\.m2\repository\org\seleniumhq\selenium\selenium-remote-driver\4.1.2\selenium-remote-driver-4.1.2.jar;C:\Users\USER\.m2\repository\com\beust\jcommander\1.82\jcommander-1.82.jar;C:\Users\USER\.m2\repository\io\netty\netty-buffer\4.1.73.Final\netty-buffer-4.1.73.Final.jar;C:\Users\USER\.m2\repository\io\netty\netty-codec-http\4.1.73.Final\netty-codec-http-4.1.73.Final.jar;C:\Users\USER\.m2\repository\io\netty\netty-codec\4.1.73.Final\netty-codec-4.1.73.Final.jar;C:\Users\USER\.m2\repository\io\netty\netty-handler\4.1.73.Final\netty-handler-4.1.73.Final.jar;C:\Users\USER\.m2\repository\io\netty\netty-tcnative-classes\2.0.46.Final\netty-tcnative-classes-2.0.46.Final.jar;C:\Users\USER\.m2\repository\io\netty\netty-common\4.1.73.Final\netty-common-4.1.73.Final.jar;C:\Users\USER\.m2\repository\io\netty\netty-transport-classes-epoll\4.1.73.Final\netty-transport-classes-epoll-4.1.73.Final.jar;C:\Users\USER\.m2\repository\io\netty\netty-transport-classes-kqueue\4.1.73.Final\netty-transport-classes-kqueue-4.1.73.Final.jar;C:\Users\USER\.m2\repository\io\netty\netty-transport-native-epoll\4.1.73.Final\netty-transport-native-epoll-4.1.73.Final.jar;C:\Users\USER\.m2\repository\io\netty\netty-transport-native-kqueue\4.1.73.Final\netty-transport-native-kqueue-4.1.73.Final.jar;C:\Users\USER\.m2\repository\io\netty\netty-transport-native-unix-common\4.1.73.Final\netty-transport-native-unix-common-4.1.73.Final.jar;C:\Users\USER\.m2\repository\io\netty\netty-transport\4.1.73.Final\netty-transport-4.1.73.Final.jar;C:\Users\USER\.m2\repository\io\netty\netty-resolver\4.1.73.Final\netty-resolver-4.1.73.Final.jar;C:\Users\USER\.m2\repository\io\opentelemetry\opentelemetry-api\1.10.1\opentelemetry-api-1.10.1.jar;C:\Users\USER\.m2\repository\io\opentelemetry\opentelemetry-context\1.10.1\opentelemetry-context-1.10.1.jar;C:\Users\USER\.m2\repository\io\opentelemetry\opentelemetry-exporter-logging\1.10.1\opentelemetry-exporter-logging-1.10.1.jar;C:\Users\USER\.m2\repository\io\opentelemetry\opentelemetry-sdk-metrics\1.10.1-alpha\opentelemetry-sdk-metrics-1.10.1-alpha.jar;C:\Users\USER\.m2\repository\io\opentelemetry\opentelemetry-sdk-logs\1.10.1-alpha\opentelemetry-sdk-logs-1.10.1-alpha.jar;C:\Users\USER\.m2\repository\io\opentelemetry\opentelemetry-sdk-common\1.10.1\opentelemetry-sdk-common-1.10.1.jar;C:\Users\USER\.m2\repository\io\opentelemetry\opentelemetry-sdk-extension-autoconfigure-spi\1.10.1\opentelemetry-sdk-extension-autoconfigure-spi-1.10.1.jar;C:\Users\USER\.m2\repository\io\opentelemetry\opentelemetry-sdk-extension-autoconfigure\1.10.1-alpha\opentelemetry-sdk-extension-autoconfigure-1.10.1-alpha.jar;C:\Users\USER\.m2\repository\io\opentelemetry\opentelemetry-sdk-trace\1.10.1\opentelemetry-sdk-trace-1.10.1.jar;C:\Users\USER\.m2\repository\io\opentelemetry\opentelemetry-sdk\1.10.1\opentelemetry-sdk-1.10.1.jar;C:\Users\USER\.m2\repository\io\opentelemetry\opentelemetry-semconv\1.10.1-alpha\opentelemetry-semconv-1.10.1-alpha.jar;C:\Users\USER\.m2\repository\io\ous\jtoml\2.0.0\jtoml-2.0.0.jar;C:\Users\USER\.m2\repository\org\apache\commons\commons-exec\1.3\commons-exec-1.3.jar;C:\Users\USER\.m2\repository\org\asynchttpclient\async-http-client\2.12.3\async-http-client-2.12.3.jar;C:\Users\USER\.m2\repository\org\asynchttpclient\async-http-client-netty-utils\2.12.3\async-http-client-netty-utils-2.12.3.jar;C:\Users\USER\.m2\repository\io\netty\netty-codec-socks\4.1.60.Final\netty-codec-socks-4.1.60.Final.jar;C:\Users\USER\.m2\repository\io\netty\netty-handler-proxy\4.1.60.Final\netty-handler-proxy-4.1.60.Final.jar;C:\Users\USER\.m2\repository\io\netty\netty-transport-native-epoll\4.1.60.Final\netty-transport-native-epoll-4.1.60.Final-linux-x86_64.jar;C:\Users\USER\.m2\repository\io\netty\netty-transport-native-kqueue\4.1.60.Final\netty-transport-native-kqueue-4.1.60.Final-osx-x86_64.jar;C:\Users\USER\.m2\repository\org\reactivestreams\reactive-streams\1.0.3\reactive-streams-1.0.3.jar;C:\Users\USER\.m2\repository\com\typesafe\netty\netty-reactive-streams\2.0.4\netty-reactive-streams-2.0.4.jar;C:\Users\USER\.m2\repository\org\seleniumhq\selenium\selenium-http\4.1.2\selenium-http-4.1.2.jar;C:\Users\USER\.m2\repository\net\jodah\failsafe\2.4.4\failsafe-2.4.4.jar;C:\Users\USER\.m2\repository\org\seleniumhq\selenium\selenium-safari-driver\4.1.2\selenium-safari-driver-4.1.2.jar;C:\Users\USER\.m2\repository\org\seleniumhq\selenium\selenium-api\4.1.2\selenium-api-4.1.2.jar;C:\Users\USER\.m2\repository\org\seleniumhq\selenium\selenium-support\4.1.2\selenium-support-4.1.2.jar;C:\Users\USER\.m2\repository\com\google\auto\service\auto-service-annotations\1.0.1\auto-service-annotations-1.0.1.jar;C:\Users\USER\.m2\repository\com\google\auto\service\auto-service\1.0.1\auto-service-1.0.1.jar;C:\Users\USER\.m2\repository\com\google\auto\auto-common\1.2\auto-common-1.2.jar;C:\Users\USER\.m2\repository\org\seleniumhq\selenium\selenium-json\4.1.2\selenium-json-4.1.2.jar;C:\Users\USER\.m2\repository\org\seleniumhq\selenium\selenium-chrome-driver\4.1.2\selenium-chrome-driver-4.1.2.jar;C:\Users\USER\.m2\repository\org\seleniumhq\selenium\selenium-chromium-driver\4.1.2\selenium-chromium-driver-4.1.2.jar;C:\Users\USER\.m2\repository\org\seleniumhq\selenium\selenium-firefox-driver\4.1.2\selenium-firefox-driver-4.1.2.jar;C:\Users\USER\.m2\repository\org\seleniumhq\selenium\selenium-edge-driver\4.1.2\selenium-edge-driver-4.1.2.jar;C:\Users\USER\.m2\repository\org\seleniumhq\selenium\selenium-ie-driver\4.1.2\selenium-ie-driver-4.1.2.jar;C:\Users\USER\.m2\repository\org\projectlombok\lombok\1.18.20\lombok-1.18.20.jar;C:\Users\USER\.m2\repository\io\appium\java-client\8.0.0\java-client-8.0.0.jar;C:\Users\USER\.m2\repository\commons-validator\commons-validator\1.7\commons-validator-1.7.jar;C:\Users\USER\.m2\repository\commons-digester\commons-digester\2.1\commons-digester-2.1.jar;C:\Users\USER\.m2\repository\org\aspectj\aspectjweaver\1.9.8\aspectjweaver-1.9.8.jar;C:\Users\USER\.m2\repository\org\codehaus\groovy\groovy\3.0.10\groovy-3.0.10.jar;C:\Users\USER\.m2\repository\net\sf\opencsv\opencsv\2.0\opencsv-2.0.jar;C:\Users\USER\.m2\repository\commons-beanutils\commons-beanutils\1.9.4\commons-beanutils-1.9.4.jar;C:\Users\USER\.m2\repository\org\apache\commons\commons-lang3\3.12.0\commons-lang3-3.12.0.jar;C:\Users\USER\.m2\repository\commons-collections\commons-collections\3.2.2\commons-collections-3.2.2.jar;C:\Users\USER\.m2\repository\org\fluentlenium\fluentlenium-core\0.10.2\fluentlenium-core-0.10.2.jar;C:\Users\USER\.m2\repository\io\github\bonigarcia\webdrivermanager\5.1.0\webdrivermanager-5.1.0.jar;C:\Users\USER\.m2\repository\com\github\docker-java\docker-java\3.2.13\docker-java-3.2.13.jar;C:\Users\USER\.m2\repository\com\github\docker-java\docker-java-core\3.2.13\docker-java-core-3.2.13.jar;C:\Users\USER\.m2\repository\com\github\docker-java\docker-java-api\3.2.13\docker-java-api-3.2.13.jar;C:\Users\USER\.m2\repository\org\apache\commons\commons-compress\1.21\commons-compress-1.21.jar;C:\Users\USER\.m2\repository\org\bouncycastle\bcpkix-jdk15on\1.64\bcpkix-jdk15on-1.64.jar;C:\Users\USER\.m2\repository\org\bouncycastle\bcprov-jdk15on\1.64\bcprov-jdk15on-1.64.jar;C:\Users\USER\.m2\repository\org\slf4j\jcl-over-slf4j\1.7.30\jcl-over-slf4j-1.7.30.jar;C:\Users\USER\.m2\repository\com\github\docker-java\docker-java-transport-httpclient5\3.2.13\docker-java-transport-httpclient5-3.2.13.jar;C:\Users\USER\.m2\repository\com\github\docker-java\docker-java-transport\3.2.13\docker-java-transport-3.2.13.jar;C:\Users\USER\.m2\repository\org\apache\httpcomponents\client5\httpclient5\5.0.3\httpclient5-5.0.3.jar;C:\Users\USER\.m2\repository\org\apache\httpcomponents\core5\httpcore5\5.0.2\httpcore5-5.0.2.jar;C:\Users\USER\.m2\repository\net\java\dev\jna\jna\5.8.0\jna-5.8.0.jar;C:\Users\USER\.m2\repository\org\brotli\dec\0.1.2\dec-0.1.2.jar;C:\Users\USER\.m2\repository\com\jhlabs\filters\2.0.235\filters-2.0.235.jar;C:\Users\USER\.m2\repository\com\paulhammant\ngwebdriver\1.1.6\ngwebdriver-1.1.6.jar;C:\Users\USER\.m2\repository\joda-time\joda-time\2.8.2\joda-time-2.8.2.jar;C:\Users\USER\.m2\repository\org\hamcrest\hamcrest\2.2\hamcrest-2.2.jar;C:\Users\USER\.m2\repository\com\google\jimfs\jimfs\1.2\jimfs-1.2.jar;C:\Users\USER\.m2\repository\org\mockito\mockito-core\3.3.3\mockito-core-3.3.3.jar;C:\Users\USER\.m2\repository\javax\xml\bind\jaxb-api\2.3.1\jaxb-api-2.3.1.jar;C:\Users\USER\.m2\repository\javax\activation\javax.activation-api\1.2.0\javax.activation-api-1.2.0.jar;C:\Users\USER\.m2\repository\com\sun\xml\bind\jaxb-core\2.3.0.1\jaxb-core-2.3.0.1.jar;C:\Users\USER\.m2\repository\com\sun\xml\bind\jaxb-impl\2.3.3\jaxb-impl-2.3.3.jar;C:\Users\USER\.m2\repository\jakarta\xml\bind\jakarta.xml.bind-api\2.3.3\jakarta.xml.bind-api-2.3.3.jar;C:\Users\USER\.m2\repository\com\sun\activation\jakarta.activation\1.2.2\jakarta.activation-1.2.2.jar;C:\Users\USER\.m2\repository\javax\activation\activation\1.1.1\activation-1.1.1.jar;C:\Users\USER\.m2\repository\net\serenity-bdd\serenity-cucumber\3.2.1\serenity-cucumber-3.2.1.jar;C:\Users\USER\.m2\repository\io\cucumber\cucumber-core\7.2.3\cucumber-core-7.2.3.jar;C:\Users\USER\.m2\repository\io\cucumber\cucumber-gherkin\7.2.3\cucumber-gherkin-7.2.3.jar;C:\Users\USER\.m2\repository\io\cucumber\cucumber-gherkin-messages\7.2.3\cucumber-gherkin-messages-7.2.3.jar;C:\Users\USER\.m2\repository\io\cucumber\messages\17.1.1\messages-17.1.1.jar;C:\Users\USER\.m2\repository\io\cucumber\tag-expressions\4.1.0\tag-expressions-4.1.0.jar;C:\Users\USER\.m2\repository\io\cucumber\cucumber-expressions\15.0.1\cucumber-expressions-15.0.1.jar;C:\Users\USER\.m2\repository\io\cucumber\datatable\7.2.3\datatable-7.2.3.jar;C:\Users\USER\.m2\repository\io\cucumber\cucumber-plugin\7.2.3\cucumber-plugin-7.2.3.jar;C:\Users\USER\.m2\repository\io\cucumber\docstring\7.2.3\docstring-7.2.3.jar;C:\Users\USER\.m2\repository\io\cucumber\html-formatter\17.0.0\html-formatter-17.0.0.jar;C:\Users\USER\.m2\repository\io\cucumber\ci-environment\8.1.0\ci-environment-8.1.0.jar;C:\Users\USER\.m2\repository\io\cucumber\cucumber-junit\7.2.3\cucumber-junit-7.2.3.jar;C:\Users\USER\.m2\repository\org\apache\commons\commons-csv\1.5\commons-csv-1.5.jar;C:\Users\USER\.m2\repository\net\serenity-bdd\serenity-screenplay\3.2.1\serenity-screenplay-3.2.1.jar;C:\Users\USER\.m2\repository\net\serenity-bdd\serenity-screenplay-webdriver\3.2.1\serenity-screenplay-webdriver-3.2.1.jar;C:\Users\USER\.m2\repository\net\serenity-bdd\serenity-ensure\3.2.1\serenity-ensure-3.2.1.jar;C:\Users\USER\.m2\repository\net\serenity-bdd\serenity-junit\3.2.1\serenity-junit-3.2.1.jar;C:\Users\USER\.m2\repository\org\jetbrains\kotlin\kotlin-stdlib\1.6.0\kotlin-stdlib-1.6.0.jar;C:\Users\USER\.m2\repository\org\jetbrains\annotations\13.0\annotations-13.0.jar;C:\Users\USER\.m2\repository\org\jetbrains\kotlin\kotlin-stdlib-common\1.6.0\kotlin-stdlib-common-1.6.0.jar;C:\Users\USER\.m2\repository\org\junit\platform\junit-platform-launcher\1.8.1\junit-platform-launcher-1.8.1.jar;C:\Users\USER\.m2\repository\org\junit\platform\junit-platform-engine\1.8.1\junit-platform-engine-1.8.1.jar;C:\Users\USER\.m2\repository\org\opentest4j\opentest4j\1.2.0\opentest4j-1.2.0.jar;C:\Users\USER\.m2\repository\org\junit\platform\junit-platform-commons\1.8.1\junit-platform-commons-1.8.1.jar;C:\Users\USER\.m2\repository\org\apiguardian\apiguardian-api\1.1.2\apiguardian-api-1.1.2.jar;C:\Users\USER\.m2\repository\org\junit\jupiter\junit-jupiter-engine\5.8.2\junit-jupiter-engine-5.8.2.jar;C:\Users\USER\.m2\repository\org\junit\jupiter\junit-jupiter-api\5.8.2\junit-jupiter-api-5.8.2.jar;C:\Users\USER\.m2\repository\org\junit\vintage\junit-vintage-engine\5.8.2\junit-vintage-engine-5.8.2.jar;C:\Users\USER\.m2\repository\junit\junit\4.13.2\junit-4.13.2.jar;C:\Users\USER\.m2\repository\org\hamcrest\hamcrest-core\1.3\hamcrest-core-1.3.jar;C:\Users\USER\.m2\repository\ch\qos\logback\logback-classic\1.2.10\logback-classic-1.2.10.jar;C:\Users\USER\.m2\repository\ch\qos\logback\logback-core\1.2.10\logback-core-1.2.10.jar;C:\Users\USER\.m2\repository\org\slf4j\slf4j-api\1.7.32\slf4j-api-1.7.32.jar;C:\Users\USER\.m2\repository\org\assertj\assertj-core\3.6.2\assertj-core-3.6.2.jar;C:\Users\USER\.m2\repository\com\googlecode\json-simple\json-simple\1.1.1\json-simple-1.1.1.jar;"/>
    <property name="java.vm.vendor" value="Oracle Corporation"/>
    <property name="sun.arch.data.model" value="64"/>
    <property name="user.variant" value=""/>
    <property name="java.vendor.url" value="https://java.oracle.com/"/>
    <property name="user.timezone" value="Asia/Bangkok"/>
    <property name="log4j2.formatMsgNoLookups" value="true"/>
    <property name="os.name" value="Windows 8.1"/>
    <property name="java.vm.specification.version" value="15"/>
    <property name="sun.java.launcher" value="SUN_STANDARD"/>
    <property name="user.country" value="US"/>
    <property name="sun.boot.library.path" value="C:\Program Files\Java\jdk-15.0.2\bin"/>
    <property name="sun.java.command" value="org.apache.maven.surefire.booter.ForkedBooter C:\Users\USER\AppData\Local\Temp\surefire4086965263747395910 2022-06-13T16-02-54_959-jvmRun1 surefire2375014348273526543tmp surefire_013018248372269214954tmp"/>
    <property name="jdk.debug" value="release"/>
    <property name="surefire.test.class.path" value="E:\My Documents\File Difa\TI Semester 6 Kampus Merdeka Alterra\Tugas\CAPSTONE Project\Capstone-Project-Website\target\test-classes;C:\Users\USER\.m2\repository\net\serenity-bdd\serenity-core\3.2.1\serenity-core-3.2.1.jar;C:\Users\USER\.m2\repository\net\serenity-bdd\serenity-model\3.2.1\serenity-model-3.2.1.jar;C:\Users\USER\.m2\repository\org\apache\commons\commons-text\1.9\commons-text-1.9.jar;C:\Users\USER\.m2\repository\commons-net\commons-net\3.8.0\commons-net-3.8.0.jar;C:\Users\USER\.m2\repository\com\google\guava\guava\31.1-jre\guava-31.1-jre.jar;C:\Users\USER\.m2\repository\com\google\guava\failureaccess\1.0.1\failureaccess-1.0.1.jar;C:\Users\USER\.m2\repository\com\google\guava\listenablefuture\9999.0-empty-to-avoid-conflict-with-guava\listenablefuture-9999.0-empty-to-avoid-conflict-with-guava.jar;C:\Users\USER\.m2\repository\com\google\code\findbugs\jsr305\3.0.2\jsr305-3.0.2.jar;C:\Users\USER\.m2\repository\org\checkerframework\checker-qual\3.12.0\checker-qual-3.12.0.jar;C:\Users\USER\.m2\repository\com\google\errorprone\error_prone_annotations\2.11.0\error_prone_annotations-2.11.0.jar;C:\Users\USER\.m2\repository\com\google\j2objc\j2objc-annotations\1.3\j2objc-annotations-1.3.jar;C:\Users\USER\.m2\repository\com\google\inject\guice\5.1.0\guice-5.1.0.jar;C:\Users\USER\.m2\repository\javax\inject\javax.inject\1\javax.inject-1.jar;C:\Users\USER\.m2\repository\aopalliance\aopalliance\1.0\aopalliance-1.0.jar;C:\Users\USER\.m2\repository\org\jsoup\jsoup\1.14.3\jsoup-1.14.3.jar;C:\Users\USER\.m2\repository\com\thoughtworks\xstream\xstream\1.4.19\xstream-1.4.19.jar;C:\Users\USER\.m2\repository\io\github\x-stream\mxparser\1.2.2\mxparser-1.2.2.jar;C:\Users\USER\.m2\repository\xmlpull\xmlpull\1.1.3.1\xmlpull-1.1.3.1.jar;C:\Users\USER\.m2\repository\io\cucumber\cucumber-java\7.2.3\cucumber-java-7.2.3.jar;C:\Users\USER\.m2\repository\com\typesafe\config\1.4.2\config-1.4.2.jar;C:\Users\USER\.m2\repository\org\imgscalr\imgscalr-lib\4.2\imgscalr-lib-4.2.jar;C:\Users\USER\.m2\repository\org\awaitility\awaitility\4.2.0\awaitility-4.2.0.jar;C:\Users\USER\.m2\repository\org\freemarker\freemarker\2.3.31\freemarker-2.3.31.jar;C:\Users\USER\.m2\repository\io\github\classgraph\classgraph\4.8.138\classgraph-4.8.138.jar;C:\Users\USER\.m2\repository\net\sourceforge\jexcelapi\jxl\2.6.12\jxl-2.6.12.jar;C:\Users\USER\.m2\repository\net\bytebuddy\byte-buddy\1.12.8\byte-buddy-1.12.8.jar;C:\Users\USER\.m2\repository\net\bytebuddy\byte-buddy-agent\1.12.8\byte-buddy-agent-1.12.8.jar;C:\Users\USER\.m2\repository\org\objenesis\objenesis\3.1\objenesis-3.1.jar;C:\Users\USER\.m2\repository\net\serenity-bdd\serenity-reports\3.2.1\serenity-reports-3.2.1.jar;C:\Users\USER\.m2\repository\net\serenity-bdd\serenity-stats\3.2.1\serenity-stats-3.2.1.jar;C:\Users\USER\.m2\repository\net\serenity-bdd\serenity-reports-configuration\3.2.1\serenity-reports-configuration-3.2.1.jar;C:\Users\USER\.m2\repository\com\vladsch\flexmark\flexmark-all\0.34.30\flexmark-all-0.34.30.jar;C:\Users\USER\.m2\repository\com\vladsch\flexmark\flexmark\0.34.30\flexmark-0.34.30.jar;C:\Users\USER\.m2\repository\com\vladsch\flexmark\flexmark-ext-abbreviation\0.34.30\flexmark-ext-abbreviation-0.34.30.jar;C:\Users\USER\.m2\repository\com\vladsch\flexmark\flexmark-ext-admonition\0.34.30\flexmark-ext-admonition-0.34.30.jar;C:\Users\USER\.m2\repository\com\vladsch\flexmark\flexmark-ext-anchorlink\0.34.30\flexmark-ext-anchorlink-0.34.30.jar;C:\Users\USER\.m2\repository\com\vladsch\flexmark\flexmark-ext-aside\0.34.30\flexmark-ext-aside-0.34.30.jar;C:\Users\USER\.m2\repository\com\vladsch\flexmark\flexmark-ext-attributes\0.34.30\flexmark-ext-attributes-0.34.30.jar;C:\Users\USER\.m2\repository\com\vladsch\flexmark\flexmark-ext-autolink\0.34.30\flexmark-ext-autolink-0.34.30.jar;C:\Users\USER\.m2\repository\org\nibor\autolink\autolink\0.6.0\autolink-0.6.0.jar;C:\Users\USER\.m2\repository\com\vladsch\flexmark\flexmark-ext-definition\0.34.30\flexmark-ext-definition-0.34.30.jar;C:\Users\USER\.m2\repository\com\vladsch\flexmark\flexmark-ext-emoji\0.34.30\flexmark-ext-emoji-0.34.30.jar;C:\Users\USER\.m2\repository\com\vladsch\flexmark\flexmark-ext-enumerated-reference\0.34.30\flexmark-ext-enumerated-reference-0.34.30.jar;C:\Users\USER\.m2\repository\com\vladsch\flexmark\flexmark-ext-escaped-character\0.34.30\flexmark-ext-escaped-character-0.34.30.jar;C:\Users\USER\.m2\repository\com\vladsch\flexmark\flexmark-ext-footnotes\0.34.30\flexmark-ext-footnotes-0.34.30.jar;C:\Users\USER\.m2\repository\com\vladsch\flexmark\flexmark-ext-gfm-issues\0.34.30\flexmark-ext-gfm-issues-0.34.30.jar;C:\Users\USER\.m2\repository\com\vladsch\flexmark\flexmark-ext-gfm-strikethrough\0.34.30\flexmark-ext-gfm-strikethrough-0.34.30.jar;C:\Users\USER\.m2\repository\com\vladsch\flexmark\flexmark-ext-gfm-tables\0.34.30\flexmark-ext-gfm-tables-0.34.30.jar;C:\Users\USER\.m2\repository\com\vladsch\flexmark\flexmark-ext-gfm-tasklist\0.34.30\flexmark-ext-gfm-tasklist-0.34.30.jar;C:\Users\USER\.m2\repository\com\vladsch\flexmark\flexmark-ext-gfm-users\0.34.30\flexmark-ext-gfm-users-0.34.30.jar;C:\Users\USER\.m2\repository\com\vladsch\flexmark\flexmark-ext-gitlab\0.34.30\flexmark-ext-gitlab-0.34.30.jar;C:\Users\USER\.m2\repository\com\vladsch\flexmark\flexmark-ext-jekyll-front-matter\0.34.30\flexmark-ext-jekyll-front-matter-0.34.30.jar;C:\Users\USER\.m2\repository\com\vladsch\flexmark\flexmark-ext-jekyll-tag\0.34.30\flexmark-ext-jekyll-tag-0.34.30.jar;C:\Users\USER\.m2\repository\com\vladsch\flexmark\flexmark-ext-media-tags\0.34.30\flexmark-ext-media-tags-0.34.30.jar;C:\Users\USER\.m2\repository\com\vladsch\flexmark\flexmark-test-util\0.34.30\flexmark-test-util-0.34.30.jar;C:\Users\USER\.m2\repository\com\vladsch\flexmark\flexmark-ext-ins\0.34.30\flexmark-ext-ins-0.34.30.jar;C:\Users\USER\.m2\repository\com\vladsch\flexmark\flexmark-ext-xwiki-macros\0.34.30\flexmark-ext-xwiki-macros-0.34.30.jar;C:\Users\USER\.m2\repository\com\vladsch\flexmark\flexmark-ext-superscript\0.34.30\flexmark-ext-superscript-0.34.30.jar;C:\Users\USER\.m2\repository\com\vladsch\flexmark\flexmark-ext-tables\0.34.30\flexmark-ext-tables-0.34.30.jar;C:\Users\USER\.m2\repository\com\vladsch\flexmark\flexmark-ext-toc\0.34.30\flexmark-ext-toc-0.34.30.jar;C:\Users\USER\.m2\repository\com\vladsch\flexmark\flexmark-ext-typographic\0.34.30\flexmark-ext-typographic-0.34.30.jar;C:\Users\USER\.m2\repository\com\vladsch\flexmark\flexmark-ext-wikilink\0.34.30\flexmark-ext-wikilink-0.34.30.jar;C:\Users\USER\.m2\repository\com\vladsch\flexmark\flexmark-ext-yaml-front-matter\0.34.30\flexmark-ext-yaml-front-matter-0.34.30.jar;C:\Users\USER\.m2\repository\com\vladsch\flexmark\flexmark-ext-youtube-embedded\0.34.30\flexmark-ext-youtube-embedded-0.34.30.jar;C:\Users\USER\.m2\repository\com\vladsch\flexmark\flexmark-formatter\0.34.30\flexmark-formatter-0.34.30.jar;C:\Users\USER\.m2\repository\com\vladsch\flexmark\flexmark-html-parser\0.34.30\flexmark-html-parser-0.34.30.jar;C:\Users\USER\.m2\repository\com\vladsch\flexmark\flexmark-jira-converter\0.34.30\flexmark-jira-converter-0.34.30.jar;C:\Users\USER\.m2\repository\com\vladsch\flexmark\flexmark-pdf-converter\0.34.30\flexmark-pdf-converter-0.34.30.jar;C:\Users\USER\.m2\repository\com\openhtmltopdf\openhtmltopdf-core\0.0.1-RC13\openhtmltopdf-core-0.0.1-RC13.jar;C:\Users\USER\.m2\repository\com\openhtmltopdf\openhtmltopdf-pdfbox\0.0.1-RC13\openhtmltopdf-pdfbox-0.0.1-RC13.jar;C:\Users\USER\.m2\repository\org\apache\pdfbox\pdfbox\2.0.8\pdfbox-2.0.8.jar;C:\Users\USER\.m2\repository\org\apache\pdfbox\fontbox\2.0.8\fontbox-2.0.8.jar;C:\Users\USER\.m2\repository\commons-logging\commons-logging\1.2\commons-logging-1.2.jar;C:\Users\USER\.m2\repository\org\apache\pdfbox\xmpbox\2.0.8\xmpbox-2.0.8.jar;C:\Users\USER\.m2\repository\de\rototor\pdfbox\graphics2d\0.12\graphics2d-0.12.jar;C:\Users\USER\.m2\repository\com\openhtmltopdf\openhtmltopdf-rtl-support\0.0.1-RC13\openhtmltopdf-rtl-support-0.0.1-RC13.jar;C:\Users\USER\.m2\repository\com\ibm\icu\icu4j\59.1\icu4j-59.1.jar;C:\Users\USER\.m2\repository\com\openhtmltopdf\openhtmltopdf-jsoup-dom-converter\0.0.1-RC13\openhtmltopdf-jsoup-dom-converter-0.0.1-RC13.jar;C:\Users\USER\.m2\repository\com\vladsch\flexmark\flexmark-profile-pegdown\0.34.30\flexmark-profile-pegdown-0.34.30.jar;C:\Users\USER\.m2\repository\com\vladsch\flexmark\flexmark-util\0.34.30\flexmark-util-0.34.30.jar;C:\Users\USER\.m2\repository\com\vladsch\flexmark\flexmark-youtrack-converter\0.34.30\flexmark-youtrack-converter-0.34.30.jar;C:\Users\USER\.m2\repository\es\nitaur\markdown\txtmark\0.16\txtmark-0.16.jar;C:\Users\USER\.m2\repository\net\serenity-bdd\serenity-report-resources\3.2.1\serenity-report-resources-3.2.1.jar;C:\Users\USER\.m2\repository\com\google\code\gson\gson\2.9.0\gson-2.9.0.jar;C:\Users\USER\.m2\repository\com\fasterxml\jackson\core\jackson-core\2.13.2\jackson-core-2.13.2.jar;C:\Users\USER\.m2\repository\com\fasterxml\jackson\core\jackson-databind\2.13.2\jackson-databind-2.13.2.jar;C:\Users\USER\.m2\repository\com\fasterxml\jackson\core\jackson-annotations\2.13.2\jackson-annotations-2.13.2.jar;C:\Users\USER\.m2\repository\commons-codec\commons-codec\1.15\commons-codec-1.15.jar;C:\Users\USER\.m2\repository\commons-io\commons-io\2.11.0\commons-io-2.11.0.jar;C:\Users\USER\.m2\repository\org\seleniumhq\selenium\selenium-java\4.1.2\selenium-java-4.1.2.jar;C:\Users\USER\.m2\repository\org\seleniumhq\selenium\selenium-devtools-v85\4.1.2\selenium-devtools-v85-4.1.2.jar;C:\Users\USER\.m2\repository\org\seleniumhq\selenium\selenium-devtools-v95\4.1.2\selenium-devtools-v95-4.1.2.jar;C:\Users\USER\.m2\repository\org\seleniumhq\selenium\selenium-devtools-v96\4.1.2\selenium-devtools-v96-4.1.2.jar;C:\Users\USER\.m2\repository\org\seleniumhq\selenium\selenium-devtools-v97\4.1.2\selenium-devtools-v97-4.1.2.jar;C:\Users\USER\.m2\repository\org\seleniumhq\selenium\selenium-firefox-xpi-driver\4.1.2\selenium-firefox-xpi-driver-4.1.2.jar;C:\Users\USER\.m2\repository\org\seleniumhq\selenium\selenium-opera-driver\4.1.2\selenium-opera-driver-4.1.2.jar;C:\Users\USER\.m2\repository\org\seleniumhq\selenium\selenium-remote-driver\4.1.2\selenium-remote-driver-4.1.2.jar;C:\Users\USER\.m2\repository\com\beust\jcommander\1.82\jcommander-1.82.jar;C:\Users\USER\.m2\repository\io\netty\netty-buffer\4.1.73.Final\netty-buffer-4.1.73.Final.jar;C:\Users\USER\.m2\repository\io\netty\netty-codec-http\4.1.73.Final\netty-codec-http-4.1.73.Final.jar;C:\Users\USER\.m2\repository\io\netty\netty-codec\4.1.73.Final\netty-codec-4.1.73.Final.jar;C:\Users\USER\.m2\repository\io\netty\netty-handler\4.1.73.Final\netty-handler-4.1.73.Final.jar;C:\Users\USER\.m2\repository\io\netty\netty-tcnative-classes\2.0.46.Final\netty-tcnative-classes-2.0.46.Final.jar;C:\Users\USER\.m2\repository\io\netty\netty-common\4.1.73.Final\netty-common-4.1.73.Final.jar;C:\Users\USER\.m2\repository\io\netty\netty-transport-classes-epoll\4.1.73.Final\netty-transport-classes-epoll-4.1.73.Final.jar;C:\Users\USER\.m2\repository\io\netty\netty-transport-classes-kqueue\4.1.73.Final\netty-transport-classes-kqueue-4.1.73.Final.jar;C:\Users\USER\.m2\repository\io\netty\netty-transport-native-epoll\4.1.73.Final\netty-transport-native-epoll-4.1.73.Final.jar;C:\Users\USER\.m2\repository\io\netty\netty-transport-native-kqueue\4.1.73.Final\netty-transport-native-kqueue-4.1.73.Final.jar;C:\Users\USER\.m2\repository\io\netty\netty-transport-native-unix-common\4.1.73.Final\netty-transport-native-unix-common-4.1.73.Final.jar;C:\Users\USER\.m2\repository\io\netty\netty-transport\4.1.73.Final\netty-transport-4.1.73.Final.jar;C:\Users\USER\.m2\repository\io\netty\netty-resolver\4.1.73.Final\netty-resolver-4.1.73.Final.jar;C:\Users\USER\.m2\repository\io\opentelemetry\opentelemetry-api\1.10.1\opentelemetry-api-1.10.1.jar;C:\Users\USER\.m2\repository\io\opentelemetry\opentelemetry-context\1.10.1\opentelemetry-context-1.10.1.jar;C:\Users\USER\.m2\repository\io\opentelemetry\opentelemetry-exporter-logging\1.10.1\opentelemetry-exporter-logging-1.10.1.jar;C:\Users\USER\.m2\repository\io\opentelemetry\opentelemetry-sdk-metrics\1.10.1-alpha\opentelemetry-sdk-metrics-1.10.1-alpha.jar;C:\Users\USER\.m2\repository\io\opentelemetry\opentelemetry-sdk-logs\1.10.1-alpha\opentelemetry-sdk-logs-1.10.1-alpha.jar;C:\Users\USER\.m2\repository\io\opentelemetry\opentelemetry-sdk-common\1.10.1\opentelemetry-sdk-common-1.10.1.jar;C:\Users\USER\.m2\repository\io\opentelemetry\opentelemetry-sdk-extension-autoconfigure-spi\1.10.1\opentelemetry-sdk-extension-autoconfigure-spi-1.10.1.jar;C:\Users\USER\.m2\repository\io\opentelemetry\opentelemetry-sdk-extension-autoconfigure\1.10.1-alpha\opentelemetry-sdk-extension-autoconfigure-1.10.1-alpha.jar;C:\Users\USER\.m2\repository\io\opentelemetry\opentelemetry-sdk-trace\1.10.1\opentelemetry-sdk-trace-1.10.1.jar;C:\Users\USER\.m2\repository\io\opentelemetry\opentelemetry-sdk\1.10.1\opentelemetry-sdk-1.10.1.jar;C:\Users\USER\.m2\repository\io\opentelemetry\opentelemetry-semconv\1.10.1-alpha\opentelemetry-semconv-1.10.1-alpha.jar;C:\Users\USER\.m2\repository\io\ous\jtoml\2.0.0\jtoml-2.0.0.jar;C:\Users\USER\.m2\repository\org\apache\commons\commons-exec\1.3\commons-exec-1.3.jar;C:\Users\USER\.m2\repository\org\asynchttpclient\async-http-client\2.12.3\async-http-client-2.12.3.jar;C:\Users\USER\.m2\repository\org\asynchttpclient\async-http-client-netty-utils\2.12.3\async-http-client-netty-utils-2.12.3.jar;C:\Users\USER\.m2\repository\io\netty\netty-codec-socks\4.1.60.Final\netty-codec-socks-4.1.60.Final.jar;C:\Users\USER\.m2\repository\io\netty\netty-handler-proxy\4.1.60.Final\netty-handler-proxy-4.1.60.Final.jar;C:\Users\USER\.m2\repository\io\netty\netty-transport-native-epoll\4.1.60.Final\netty-transport-native-epoll-4.1.60.Final-linux-x86_64.jar;C:\Users\USER\.m2\repository\io\netty\netty-transport-native-kqueue\4.1.60.Final\netty-transport-native-kqueue-4.1.60.Final-osx-x86_64.jar;C:\Users\USER\.m2\repository\org\reactivestreams\reactive-streams\1.0.3\reactive-streams-1.0.3.jar;C:\Users\USER\.m2\repository\com\typesafe\netty\netty-reactive-streams\2.0.4\netty-reactive-streams-2.0.4.jar;C:\Users\USER\.m2\repository\org\seleniumhq\selenium\selenium-http\4.1.2\selenium-http-4.1.2.jar;C:\Users\USER\.m2\repository\net\jodah\failsafe\2.4.4\failsafe-2.4.4.jar;C:\Users\USER\.m2\repository\org\seleniumhq\selenium\selenium-safari-driver\4.1.2\selenium-safari-driver-4.1.2.jar;C:\Users\USER\.m2\repository\org\seleniumhq\selenium\selenium-api\4.1.2\selenium-api-4.1.2.jar;C:\Users\USER\.m2\repository\org\seleniumhq\selenium\selenium-support\4.1.2\selenium-support-4.1.2.jar;C:\Users\USER\.m2\repository\com\google\auto\service\auto-service-annotations\1.0.1\auto-service-annotations-1.0.1.jar;C:\Users\USER\.m2\repository\com\google\auto\service\auto-service\1.0.1\auto-service-1.0.1.jar;C:\Users\USER\.m2\repository\com\google\auto\auto-common\1.2\auto-common-1.2.jar;C:\Users\USER\.m2\repository\org\seleniumhq\selenium\selenium-json\4.1.2\selenium-json-4.1.2.jar;C:\Users\USER\.m2\repository\org\seleniumhq\selenium\selenium-chrome-driver\4.1.2\selenium-chrome-driver-4.1.2.jar;C:\Users\USER\.m2\repository\org\seleniumhq\selenium\selenium-chromium-driver\4.1.2\selenium-chromium-driver-4.1.2.jar;C:\Users\USER\.m2\repository\org\seleniumhq\selenium\selenium-firefox-driver\4.1.2\selenium-firefox-driver-4.1.2.jar;C:\Users\USER\.m2\repository\org\seleniumhq\selenium\selenium-edge-driver\4.1.2\selenium-edge-driver-4.1.2.jar;C:\Users\USER\.m2\repository\org\seleniumhq\selenium\selenium-ie-driver\4.1.2\selenium-ie-driver-4.1.2.jar;C:\Users\USER\.m2\repository\org\projectlombok\lombok\1.18.20\lombok-1.18.20.jar;C:\Users\USER\.m2\repository\io\appium\java-client\8.0.0\java-client-8.0.0.jar;C:\Users\USER\.m2\repository\commons-validator\commons-validator\1.7\commons-validator-1.7.jar;C:\Users\USER\.m2\repository\commons-digester\commons-digester\2.1\commons-digester-2.1.jar;C:\Users\USER\.m2\repository\org\aspectj\aspectjweaver\1.9.8\aspectjweaver-1.9.8.jar;C:\Users\USER\.m2\repository\org\codehaus\groovy\groovy\3.0.10\groovy-3.0.10.jar;C:\Users\USER\.m2\repository\net\sf\opencsv\opencsv\2.0\opencsv-2.0.jar;C:\Users\USER\.m2\repository\commons-beanutils\commons-beanutils\1.9.4\commons-beanutils-1.9.4.jar;C:\Users\USER\.m2\repository\org\apache\commons\commons-lang3\3.12.0\commons-lang3-3.12.0.jar;C:\Users\USER\.m2\repository\commons-collections\commons-collections\3.2.2\commons-collections-3.2.2.jar;C:\Users\USER\.m2\repository\org\fluentlenium\fluentlenium-core\0.10.2\fluentlenium-core-0.10.2.jar;C:\Users\USER\.m2\repository\io\github\bonigarcia\webdrivermanager\5.1.0\webdrivermanager-5.1.0.jar;C:\Users\USER\.m2\repository\com\github\docker-java\docker-java\3.2.13\docker-java-3.2.13.jar;C:\Users\USER\.m2\repository\com\github\docker-java\docker-java-core\3.2.13\docker-java-core-3.2.13.jar;C:\Users\USER\.m2\repository\com\github\docker-java\docker-java-api\3.2.13\docker-java-api-3.2.13.jar;C:\Users\USER\.m2\repository\org\apache\commons\commons-compress\1.21\commons-compress-1.21.jar;C:\Users\USER\.m2\repository\org\bouncycastle\bcpkix-jdk15on\1.64\bcpkix-jdk15on-1.64.jar;C:\Users\USER\.m2\repository\org\bouncycastle\bcprov-jdk15on\1.64\bcprov-jdk15on-1.64.jar;C:\Users\USER\.m2\repository\org\slf4j\jcl-over-slf4j\1.7.30\jcl-over-slf4j-1.7.30.jar;C:\Users\USER\.m2\repository\com\github\docker-java\docker-java-transport-httpclient5\3.2.13\docker-java-transport-httpclient5-3.2.13.jar;C:\Users\USER\.m2\repository\com\github\docker-java\docker-java-transport\3.2.13\docker-java-transport-3.2.13.jar;C:\Users\USER\.m2\repository\org\apache\httpcomponents\client5\httpclient5\5.0.3\httpclient5-5.0.3.jar;C:\Users\USER\.m2\repository\org\apache\httpcomponents\core5\httpcore5\5.0.2\httpcore5-5.0.2.jar;C:\Users\USER\.m2\repository\net\java\dev\jna\jna\5.8.0\jna-5.8.0.jar;C:\Users\USER\.m2\repository\org\brotli\dec\0.1.2\dec-0.1.2.jar;C:\Users\USER\.m2\repository\com\jhlabs\filters\2.0.235\filters-2.0.235.jar;C:\Users\USER\.m2\repository\com\paulhammant\ngwebdriver\1.1.6\ngwebdriver-1.1.6.jar;C:\Users\USER\.m2\repository\joda-time\joda-time\2.8.2\joda-time-2.8.2.jar;C:\Users\USER\.m2\repository\org\hamcrest\hamcrest\2.2\hamcrest-2.2.jar;C:\Users\USER\.m2\repository\com\google\jimfs\jimfs\1.2\jimfs-1.2.jar;C:\Users\USER\.m2\repository\org\mockito\mockito-core\3.3.3\mockito-core-3.3.3.jar;C:\Users\USER\.m2\repository\javax\xml\bind\jaxb-api\2.3.1\jaxb-api-2.3.1.jar;C:\Users\USER\.m2\repository\javax\activation\javax.activation-api\1.2.0\javax.activation-api-1.2.0.jar;C:\Users\USER\.m2\repository\com\sun\xml\bind\jaxb-core\2.3.0.1\jaxb-core-2.3.0.1.jar;C:\Users\USER\.m2\repository\com\sun\xml\bind\jaxb-impl\2.3.3\jaxb-impl-2.3.3.jar;C:\Users\USER\.m2\repository\jakarta\xml\bind\jakarta.xml.bind-api\2.3.3\jakarta.xml.bind-api-2.3.3.jar;C:\Users\USER\.m2\repository\com\sun\activation\jakarta.activation\1.2.2\jakarta.activation-1.2.2.jar;C:\Users\USER\.m2\repository\javax\activation\activation\1.1.1\activation-1.1.1.jar;C:\Users\USER\.m2\repository\net\serenity-bdd\serenity-cucumber\3.2.1\serenity-cucumber-3.2.1.jar;C:\Users\USER\.m2\repository\io\cucumber\cucumber-core\7.2.3\cucumber-core-7.2.3.jar;C:\Users\USER\.m2\repository\io\cucumber\cucumber-gherkin\7.2.3\cucumber-gherkin-7.2.3.jar;C:\Users\USER\.m2\repository\io\cucumber\cucumber-gherkin-messages\7.2.3\cucumber-gherkin-messages-7.2.3.jar;C:\Users\USER\.m2\repository\io\cucumber\messages\17.1.1\messages-17.1.1.jar;C:\Users\USER\.m2\repository\io\cucumber\tag-expressions\4.1.0\tag-expressions-4.1.0.jar;C:\Users\USER\.m2\repository\io\cucumber\cucumber-expressions\15.0.1\cucumber-expressions-15.0.1.jar;C:\Users\USER\.m2\repository\io\cucumber\datatable\7.2.3\datatable-7.2.3.jar;C:\Users\USER\.m2\repository\io\cucumber\cucumber-plugin\7.2.3\cucumber-plugin-7.2.3.jar;C:\Users\USER\.m2\repository\io\cucumber\docstring\7.2.3\docstring-7.2.3.jar;C:\Users\USER\.m2\repository\io\cucumber\html-formatter\17.0.0\html-formatter-17.0.0.jar;C:\Users\USER\.m2\repository\io\cucumber\ci-environment\8.1.0\ci-environment-8.1.0.jar;C:\Users\USER\.m2\repository\io\cucumber\cucumber-junit\7.2.3\cucumber-junit-7.2.3.jar;C:\Users\USER\.m2\repository\org\apache\commons\commons-csv\1.5\commons-csv-1.5.jar;C:\Users\USER\.m2\repository\net\serenity-bdd\serenity-screenplay\3.2.1\serenity-screenplay-3.2.1.jar;C:\Users\USER\.m2\repository\net\serenity-bdd\serenity-screenplay-webdriver\3.2.1\serenity-screenplay-webdriver-3.2.1.jar;C:\Users\USER\.m2\repository\net\serenity-bdd\serenity-ensure\3.2.1\serenity-ensure-3.2.1.jar;C:\Users\USER\.m2\repository\net\serenity-bdd\serenity-junit\3.2.1\serenity-junit-3.2.1.jar;C:\Users\USER\.m2\repository\org\jetbrains\kotlin\kotlin-stdlib\1.6.0\kotlin-stdlib-1.6.0.jar;C:\Users\USER\.m2\repository\org\jetbrains\annotations\13.0\annotations-13.0.jar;C:\Users\USER\.m2\repository\org\jetbrains\kotlin\kotlin-stdlib-common\1.6.0\kotlin-stdlib-common-1.6.0.jar;C:\Users\USER\.m2\repository\org\junit\platform\junit-platform-launcher\1.8.1\junit-platform-launcher-1.8.1.jar;C:\Users\USER\.m2\repository\org\junit\platform\junit-platform-engine\1.8.1\junit-platform-engine-1.8.1.jar;C:\Users\USER\.m2\repository\org\opentest4j\opentest4j\1.2.0\opentest4j-1.2.0.jar;C:\Users\USER\.m2\repository\org\junit\platform\junit-platform-commons\1.8.1\junit-platform-commons-1.8.1.jar;C:\Users\USER\.m2\repository\org\apiguardian\apiguardian-api\1.1.2\apiguardian-api-1.1.2.jar;C:\Users\USER\.m2\repository\org\junit\jupiter\junit-jupiter-engine\5.8.2\junit-jupiter-engine-5.8.2.jar;C:\Users\USER\.m2\repository\org\junit\jupiter\junit-jupiter-api\5.8.2\junit-jupiter-api-5.8.2.jar;C:\Users\USER\.m2\repository\org\junit\vintage\junit-vintage-engine\5.8.2\junit-vintage-engine-5.8.2.jar;C:\Users\USER\.m2\repository\junit\junit\4.13.2\junit-4.13.2.jar;C:\Users\USER\.m2\repository\org\hamcrest\hamcrest-core\1.3\hamcrest-core-1.3.jar;C:\Users\USER\.m2\repository\ch\qos\logback\logback-classic\1.2.10\logback-classic-1.2.10.jar;C:\Users\USER\.m2\repository\ch\qos\logback\logback-core\1.2.10\logback-core-1.2.10.jar;C:\Users\USER\.m2\repository\org\slf4j\slf4j-api\1.7.32\slf4j-api-1.7.32.jar;C:\Users\USER\.m2\repository\org\assertj\assertj-core\3.6.2\assertj-core-3.6.2.jar;C:\Users\USER\.m2\repository\com\googlecode\json-simple\json-simple\1.1.1\json-simple-1.1.1.jar;"/>
    <property name="sun.cpu.endian" value="little"/>
    <property name="user.home" value="C:\Users\USER"/>
    <property name="user.language" value="en"/>
    <property name="java.specification.vendor" value="Oracle Corporation"/>
    <property name="jdk.module.path" value="E:\My Documents\File Difa\TI Semester 6 Kampus Merdeka Alterra\Tugas\CAPSTONE Project\Capstone-Project-Website\target\Capstone-Project-Website-1.0-SNAPSHOT.jar"/>
    <property name="java.version.date" value="2021-01-19"/>
    <property name="java.home" value="C:\Program Files\Java\jdk-15.0.2"/>
    <property name="file.separator" value="\"/>
    <property name="basedir" value="E:\My Documents\File Difa\TI Semester 6 Kampus Merdeka Alterra\Tugas\CAPSTONE Project\Capstone-Project-Website"/>
    <property name="java.vm.compressedOopsMode" value="32-bit"/>
    <property name="line.separator" value="&#10;"/>
    <property name="java.vm.specification.vendor" value="Oracle Corporation"/>
    <property name="java.specification.name" value="Java Platform API Specification"/>
    <property name="surefire.real.class.path" value="C:\Users\USER\.m2\repository\org\apache\maven\surefire\surefire-booter\3.0.0-M5\surefire-booter-3.0.0-M5.jar;C:\Users\USER\.m2\repository\org\apache\maven\surefire\surefire-api\3.0.0-M5\surefire-api-3.0.0-M5.jar;C:\Users\USER\.m2\repository\org\apache\maven\surefire\surefire-logger-api\3.0.0-M5\surefire-logger-api-3.0.0-M5.jar;C:\Users\USER\.m2\repository\org\apache\maven\surefire\surefire-shared-utils\3.0.0-M4\surefire-shared-utils-3.0.0-M4.jar;C:\Users\USER\.m2\repository\org\apache\maven\surefire\surefire-extensions-spi\3.0.0-M5\surefire-extensions-spi-3.0.0-M5.jar;E:\My Documents\File Difa\TI Semester 6 Kampus Merdeka Alterra\Tugas\CAPSTONE Project\Capstone-Project-Website\target\test-classes;C:\Users\USER\.m2\repository\net\serenity-bdd\serenity-core\3.2.1\serenity-core-3.2.1.jar;C:\Users\USER\.m2\repository\net\serenity-bdd\serenity-model\3.2.1\serenity-model-3.2.1.jar;C:\Users\USER\.m2\repository\org\apache\commons\commons-text\1.9\commons-text-1.9.jar;C:\Users\USER\.m2\repository\commons-net\commons-net\3.8.0\commons-net-3.8.0.jar;C:\Users\USER\.m2\repository\com\google\guava\guava\31.1-jre\guava-31.1-jre.jar;C:\Users\USER\.m2\repository\com\google\guava\failureaccess\1.0.1\failureaccess-1.0.1.jar;C:\Users\USER\.m2\repository\com\google\guava\listenablefuture\9999.0-empty-to-avoid-conflict-with-guava\listenablefuture-9999.0-empty-to-avoid-conflict-with-guava.jar;C:\Users\USER\.m2\repository\com\google\code\findbugs\jsr305\3.0.2\jsr305-3.0.2.jar;C:\Users\USER\.m2\repository\org\checkerframework\checker-qual\3.12.0\checker-qual-3.12.0.jar;C:\Users\USER\.m2\repository\com\google\errorprone\error_prone_annotations\2.11.0\error_prone_annotations-2.11.0.jar;C:\Users\USER\.m2\repository\com\google\j2objc\j2objc-annotations\1.3\j2objc-annotations-1.3.jar;C:\Users\USER\.m2\repository\com\google\inject\guice\5.1.0\guice-5.1.0.jar;C:\Users\USER\.m2\repository\javax\inject\javax.inject\1\javax.inject-1.jar;C:\Users\USER\.m2\repository\aopalliance\aopalliance\1.0\aopalliance-1.0.jar;C:\Users\USER\.m2\repository\org\jsoup\jsoup\1.14.3\jsoup-1.14.3.jar;C:\Users\USER\.m2\repository\com\thoughtworks\xstream\xstream\1.4.19\xstream-1.4.19.jar;C:\Users\USER\.m2\repository\io\github\x-stream\mxparser\1.2.2\mxparser-1.2.2.jar;C:\Users\USER\.m2\repository\xmlpull\xmlpull\1.1.3.1\xmlpull-1.1.3.1.jar;C:\Users\USER\.m2\repository\io\cucumber\cucumber-java\7.2.3\cucumber-java-7.2.3.jar;C:\Users\USER\.m2\repository\com\typesafe\config\1.4.2\config-1.4.2.jar;C:\Users\USER\.m2\repository\org\imgscalr\imgscalr-lib\4.2\imgscalr-lib-4.2.jar;C:\Users\USER\.m2\repository\org\awaitility\awaitility\4.2.0\awaitility-4.2.0.jar;C:\Users\USER\.m2\repository\org\freemarker\freemarker\2.3.31\freemarker-2.3.31.jar;C:\Users\USER\.m2\repository\io\github\classgraph\classgraph\4.8.138\classgraph-4.8.138.jar;C:\Users\USER\.m2\repository\net\sourceforge\jexcelapi\jxl\2.6.12\jxl-2.6.12.jar;C:\Users\USER\.m2\repository\net\bytebuddy\byte-buddy\1.12.8\byte-buddy-1.12.8.jar;C:\Users\USER\.m2\repository\net\bytebuddy\byte-buddy-agent\1.12.8\byte-buddy-agent-1.12.8.jar;C:\Users\USER\.m2\repository\org\objenesis\objenesis\3.1\objenesis-3.1.jar;C:\Users\USER\.m2\repository\net\serenity-bdd\serenity-reports\3.2.1\serenity-reports-3.2.1.jar;C:\Users\USER\.m2\repository\net\serenity-bdd\serenity-stats\3.2.1\serenity-stats-3.2.1.jar;C:\Users\USER\.m2\repository\net\serenity-bdd\serenity-reports-configuration\3.2.1\serenity-reports-configuration-3.2.1.jar;C:\Users\USER\.m2\repository\com\vladsch\flexmark\flexmark-all\0.34.30\flexmark-all-0.34.30.jar;C:\Users\USER\.m2\repository\com\vladsch\flexmark\flexmark\0.34.30\flexmark-0.34.30.jar;C:\Users\USER\.m2\repository\com\vladsch\flexmark\flexmark-ext-abbreviation\0.34.30\flexmark-ext-abbreviation-0.34.30.jar;C:\Users\USER\.m2\repository\com\vladsch\flexmark\flexmark-ext-admonition\0.34.30\flexmark-ext-admonition-0.34.30.jar;C:\Users\USER\.m2\repository\com\vladsch\flexmark\flexmark-ext-anchorlink\0.34.30\flexmark-ext-anchorlink-0.34.30.jar;C:\Users\USER\.m2\repository\com\vladsch\flexmark\flexmark-ext-aside\0.34.30\flexmark-ext-aside-0.34.30.jar;C:\Users\USER\.m2\repository\com\vladsch\flexmark\flexmark-ext-attributes\0.34.30\flexmark-ext-attributes-0.34.30.jar;C:\Users\USER\.m2\repository\com\vladsch\flexmark\flexmark-ext-autolink\0.34.30\flexmark-ext-autolink-0.34.30.jar;C:\Users\USER\.m2\repository\org\nibor\autolink\autolink\0.6.0\autolink-0.6.0.jar;C:\Users\USER\.m2\repository\com\vladsch\flexmark\flexmark-ext-definition\0.34.30\flexmark-ext-definition-0.34.30.jar;C:\Users\USER\.m2\repository\com\vladsch\flexmark\flexmark-ext-emoji\0.34.30\flexmark-ext-emoji-0.34.30.jar;C:\Users\USER\.m2\repository\com\vladsch\flexmark\flexmark-ext-enumerated-reference\0.34.30\flexmark-ext-enumerated-reference-0.34.30.jar;C:\Users\USER\.m2\repository\com\vladsch\flexmark\flexmark-ext-escaped-character\0.34.30\flexmark-ext-escaped-character-0.34.30.jar;C:\Users\USER\.m2\repository\com\vladsch\flexmark\flexmark-ext-footnotes\0.34.30\flexmark-ext-footnotes-0.34.30.jar;C:\Users\USER\.m2\repository\com\vladsch\flexmark\flexmark-ext-gfm-issues\0.34.30\flexmark-ext-gfm-issues-0.34.30.jar;C:\Users\USER\.m2\repository\com\vladsch\flexmark\flexmark-ext-gfm-strikethrough\0.34.30\flexmark-ext-gfm-strikethrough-0.34.30.jar;C:\Users\USER\.m2\repository\com\vladsch\flexmark\flexmark-ext-gfm-tables\0.34.30\flexmark-ext-gfm-tables-0.34.30.jar;C:\Users\USER\.m2\repository\com\vladsch\flexmark\flexmark-ext-gfm-tasklist\0.34.30\flexmark-ext-gfm-tasklist-0.34.30.jar;C:\Users\USER\.m2\repository\com\vladsch\flexmark\flexmark-ext-gfm-users\0.34.30\flexmark-ext-gfm-users-0.34.30.jar;C:\Users\USER\.m2\repository\com\vladsch\flexmark\flexmark-ext-gitlab\0.34.30\flexmark-ext-gitlab-0.34.30.jar;C:\Users\USER\.m2\repository\com\vladsch\flexmark\flexmark-ext-jekyll-front-matter\0.34.30\flexmark-ext-jekyll-front-matter-0.34.30.jar;C:\Users\USER\.m2\repository\com\vladsch\flexmark\flexmark-ext-jekyll-tag\0.34.30\flexmark-ext-jekyll-tag-0.34.30.jar;C:\Users\USER\.m2\repository\com\vladsch\flexmark\flexmark-ext-media-tags\0.34.30\flexmark-ext-media-tags-0.34.30.jar;C:\Users\USER\.m2\repository\com\vladsch\flexmark\flexmark-test-util\0.34.30\flexmark-test-util-0.34.30.jar;C:\Users\USER\.m2\repository\com\vladsch\flexmark\flexmark-ext-ins\0.34.30\flexmark-ext-ins-0.34.30.jar;C:\Users\USER\.m2\repository\com\vladsch\flexmark\flexmark-ext-xwiki-macros\0.34.30\flexmark-ext-xwiki-macros-0.34.30.jar;C:\Users\USER\.m2\repository\com\vladsch\flexmark\flexmark-ext-superscript\0.34.30\flexmark-ext-superscript-0.34.30.jar;C:\Users\USER\.m2\repository\com\vladsch\flexmark\flexmark-ext-tables\0.34.30\flexmark-ext-tables-0.34.30.jar;C:\Users\USER\.m2\repository\com\vladsch\flexmark\flexmark-ext-toc\0.34.30\flexmark-ext-toc-0.34.30.jar;C:\Users\USER\.m2\repository\com\vladsch\flexmark\flexmark-ext-typographic\0.34.30\flexmark-ext-typographic-0.34.30.jar;C:\Users\USER\.m2\repository\com\vladsch\flexmark\flexmark-ext-wikilink\0.34.30\flexmark-ext-wikilink-0.34.30.jar;C:\Users\USER\.m2\repository\com\vladsch\flexmark\flexmark-ext-yaml-front-matter\0.34.30\flexmark-ext-yaml-front-matter-0.34.30.jar;C:\Users\USER\.m2\repository\com\vladsch\flexmark\flexmark-ext-youtube-embedded\0.34.30\flexmark-ext-youtube-embedded-0.34.30.jar;C:\Users\USER\.m2\repository\com\vladsch\flexmark\flexmark-formatter\0.34.30\flexmark-formatter-0.34.30.jar;C:\Users\USER\.m2\repository\com\vladsch\flexmark\flexmark-html-parser\0.34.30\flexmark-html-parser-0.34.30.jar;C:\Users\USER\.m2\repository\com\vladsch\flexmark\flexmark-jira-converter\0.34.30\flexmark-jira-converter-0.34.30.jar;C:\Users\USER\.m2\repository\com\vladsch\flexmark\flexmark-pdf-converter\0.34.30\flexmark-pdf-converter-0.34.30.jar;C:\Users\USER\.m2\repository\com\openhtmltopdf\openhtmltopdf-core\0.0.1-RC13\openhtmltopdf-core-0.0.1-RC13.jar;C:\Users\USER\.m2\repository\com\openhtmltopdf\openhtmltopdf-pdfbox\0.0.1-RC13\openhtmltopdf-pdfbox-0.0.1-RC13.jar;C:\Users\USER\.m2\repository\org\apache\pdfbox\pdfbox\2.0.8\pdfbox-2.0.8.jar;C:\Users\USER\.m2\repository\org\apache\pdfbox\fontbox\2.0.8\fontbox-2.0.8.jar;C:\Users\USER\.m2\repository\commons-logging\commons-logging\1.2\commons-logging-1.2.jar;C:\Users\USER\.m2\repository\org\apache\pdfbox\xmpbox\2.0.8\xmpbox-2.0.8.jar;C:\Users\USER\.m2\repository\de\rototor\pdfbox\graphics2d\0.12\graphics2d-0.12.jar;C:\Users\USER\.m2\repository\com\openhtmltopdf\openhtmltopdf-rtl-support\0.0.1-RC13\openhtmltopdf-rtl-support-0.0.1-RC13.jar;C:\Users\USER\.m2\repository\com\ibm\icu\icu4j\59.1\icu4j-59.1.jar;C:\Users\USER\.m2\repository\com\openhtmltopdf\openhtmltopdf-jsoup-dom-converter\0.0.1-RC13\openhtmltopdf-jsoup-dom-converter-0.0.1-RC13.jar;C:\Users\USER\.m2\repository\com\vladsch\flexmark\flexmark-profile-pegdown\0.34.30\flexmark-profile-pegdown-0.34.30.jar;C:\Users\USER\.m2\repository\com\vladsch\flexmark\flexmark-util\0.34.30\flexmark-util-0.34.30.jar;C:\Users\USER\.m2\repository\com\vladsch\flexmark\flexmark-youtrack-converter\0.34.30\flexmark-youtrack-converter-0.34.30.jar;C:\Users\USER\.m2\repository\es\nitaur\markdown\txtmark\0.16\txtmark-0.16.jar;C:\Users\USER\.m2\repository\net\serenity-bdd\serenity-report-resources\3.2.1\serenity-report-resources-3.2.1.jar;C:\Users\USER\.m2\repository\com\google\code\gson\gson\2.9.0\gson-2.9.0.jar;C:\Users\USER\.m2\repository\com\fasterxml\jackson\core\jackson-core\2.13.2\jackson-core-2.13.2.jar;C:\Users\USER\.m2\repository\com\fasterxml\jackson\core\jackson-databind\2.13.2\jackson-databind-2.13.2.jar;C:\Users\USER\.m2\repository\com\fasterxml\jackson\core\jackson-annotations\2.13.2\jackson-annotations-2.13.2.jar;C:\Users\USER\.m2\repository\commons-codec\commons-codec\1.15\commons-codec-1.15.jar;C:\Users\USER\.m2\repository\commons-io\commons-io\2.11.0\commons-io-2.11.0.jar;C:\Users\USER\.m2\repository\org\seleniumhq\selenium\selenium-java\4.1.2\selenium-java-4.1.2.jar;C:\Users\USER\.m2\repository\org\seleniumhq\selenium\selenium-devtools-v85\4.1.2\selenium-devtools-v85-4.1.2.jar;C:\Users\USER\.m2\repository\org\seleniumhq\selenium\selenium-devtools-v95\4.1.2\selenium-devtools-v95-4.1.2.jar;C:\Users\USER\.m2\repository\org\seleniumhq\selenium\selenium-devtools-v96\4.1.2\selenium-devtools-v96-4.1.2.jar;C:\Users\USER\.m2\repository\org\seleniumhq\selenium\selenium-devtools-v97\4.1.2\selenium-devtools-v97-4.1.2.jar;C:\Users\USER\.m2\repository\org\seleniumhq\selenium\selenium-firefox-xpi-driver\4.1.2\selenium-firefox-xpi-driver-4.1.2.jar;C:\Users\USER\.m2\repository\org\seleniumhq\selenium\selenium-opera-driver\4.1.2\selenium-opera-driver-4.1.2.jar;C:\Users\USER\.m2\repository\org\seleniumhq\selenium\selenium-remote-driver\4.1.2\selenium-remote-driver-4.1.2.jar;C:\Users\USER\.m2\repository\com\beust\jcommander\1.82\jcommander-1.82.jar;C:\Users\USER\.m2\repository\io\netty\netty-buffer\4.1.73.Final\netty-buffer-4.1.73.Final.jar;C:\Users\USER\.m2\repository\io\netty\netty-codec-http\4.1.73.Final\netty-codec-http-4.1.73.Final.jar;C:\Users\USER\.m2\repository\io\netty\netty-codec\4.1.73.Final\netty-codec-4.1.73.Final.jar;C:\Users\USER\.m2\repository\io\netty\netty-handler\4.1.73.Final\netty-handler-4.1.73.Final.jar;C:\Users\USER\.m2\repository\io\netty\netty-tcnative-classes\2.0.46.Final\netty-tcnative-classes-2.0.46.Final.jar;C:\Users\USER\.m2\repository\io\netty\netty-common\4.1.73.Final\netty-common-4.1.73.Final.jar;C:\Users\USER\.m2\repository\io\netty\netty-transport-classes-epoll\4.1.73.Final\netty-transport-classes-epoll-4.1.73.Final.jar;C:\Users\USER\.m2\repository\io\netty\netty-transport-classes-kqueue\4.1.73.Final\netty-transport-classes-kqueue-4.1.73.Final.jar;C:\Users\USER\.m2\repository\io\netty\netty-transport-native-epoll\4.1.73.Final\netty-transport-native-epoll-4.1.73.Final.jar;C:\Users\USER\.m2\repository\io\netty\netty-transport-native-kqueue\4.1.73.Final\netty-transport-native-kqueue-4.1.73.Final.jar;C:\Users\USER\.m2\repository\io\netty\netty-transport-native-unix-common\4.1.73.Final\netty-transport-native-unix-common-4.1.73.Final.jar;C:\Users\USER\.m2\repository\io\netty\netty-transport\4.1.73.Final\netty-transport-4.1.73.Final.jar;C:\Users\USER\.m2\repository\io\netty\netty-resolver\4.1.73.Final\netty-resolver-4.1.73.Final.jar;C:\Users\USER\.m2\repository\io\opentelemetry\opentelemetry-api\1.10.1\opentelemetry-api-1.10.1.jar;C:\Users\USER\.m2\repository\io\opentelemetry\opentelemetry-context\1.10.1\opentelemetry-context-1.10.1.jar;C:\Users\USER\.m2\repository\io\opentelemetry\opentelemetry-exporter-logging\1.10.1\opentelemetry-exporter-logging-1.10.1.jar;C:\Users\USER\.m2\repository\io\opentelemetry\opentelemetry-sdk-metrics\1.10.1-alpha\opentelemetry-sdk-metrics-1.10.1-alpha.jar;C:\Users\USER\.m2\repository\io\opentelemetry\opentelemetry-sdk-logs\1.10.1-alpha\opentelemetry-sdk-logs-1.10.1-alpha.jar;C:\Users\USER\.m2\repository\io\opentelemetry\opentelemetry-sdk-common\1.10.1\opentelemetry-sdk-common-1.10.1.jar;C:\Users\USER\.m2\repository\io\opentelemetry\opentelemetry-sdk-extension-autoconfigure-spi\1.10.1\opentelemetry-sdk-extension-autoconfigure-spi-1.10.1.jar;C:\Users\USER\.m2\repository\io\opentelemetry\opentelemetry-sdk-extension-autoconfigure\1.10.1-alpha\opentelemetry-sdk-extension-autoconfigure-1.10.1-alpha.jar;C:\Users\USER\.m2\repository\io\opentelemetry\opentelemetry-sdk-trace\1.10.1\opentelemetry-sdk-trace-1.10.1.jar;C:\Users\USER\.m2\repository\io\opentelemetry\opentelemetry-sdk\1.10.1\opentelemetry-sdk-1.10.1.jar;C:\Users\USER\.m2\repository\io\opentelemetry\opentelemetry-semconv\1.10.1-alpha\opentelemetry-semconv-1.10.1-alpha.jar;C:\Users\USER\.m2\repository\io\ous\jtoml\2.0.0\jtoml-2.0.0.jar;C:\Users\USER\.m2\repository\org\apache\commons\commons-exec\1.3\commons-exec-1.3.jar;C:\Users\USER\.m2\repository\org\asynchttpclient\async-http-client\2.12.3\async-http-client-2.12.3.jar;C:\Users\USER\.m2\repository\org\asynchttpclient\async-http-client-netty-utils\2.12.3\async-http-client-netty-utils-2.12.3.jar;C:\Users\USER\.m2\repository\io\netty\netty-codec-socks\4.1.60.Final\netty-codec-socks-4.1.60.Final.jar;C:\Users\USER\.m2\repository\io\netty\netty-handler-proxy\4.1.60.Final\netty-handler-proxy-4.1.60.Final.jar;C:\Users\USER\.m2\repository\io\netty\netty-transport-native-epoll\4.1.60.Final\netty-transport-native-epoll-4.1.60.Final-linux-x86_64.jar;C:\Users\USER\.m2\repository\io\netty\netty-transport-native-kqueue\4.1.60.Final\netty-transport-native-kqueue-4.1.60.Final-osx-x86_64.jar;C:\Users\USER\.m2\repository\org\reactivestreams\reactive-streams\1.0.3\reactive-streams-1.0.3.jar;C:\Users\USER\.m2\repository\com\typesafe\netty\netty-reactive-streams\2.0.4\netty-reactive-streams-2.0.4.jar;C:\Users\USER\.m2\repository\org\seleniumhq\selenium\selenium-http\4.1.2\selenium-http-4.1.2.jar;C:\Users\USER\.m2\repository\net\jodah\failsafe\2.4.4\failsafe-2.4.4.jar;C:\Users\USER\.m2\repository\org\seleniumhq\selenium\selenium-safari-driver\4.1.2\selenium-safari-driver-4.1.2.jar;C:\Users\USER\.m2\repository\org\seleniumhq\selenium\selenium-api\4.1.2\selenium-api-4.1.2.jar;C:\Users\USER\.m2\repository\org\seleniumhq\selenium\selenium-support\4.1.2\selenium-support-4.1.2.jar;C:\Users\USER\.m2\repository\com\google\auto\service\auto-service-annotations\1.0.1\auto-service-annotations-1.0.1.jar;C:\Users\USER\.m2\repository\com\google\auto\service\auto-service\1.0.1\auto-service-1.0.1.jar;C:\Users\USER\.m2\repository\com\google\auto\auto-common\1.2\auto-common-1.2.jar;C:\Users\USER\.m2\repository\org\seleniumhq\selenium\selenium-json\4.1.2\selenium-json-4.1.2.jar;C:\Users\USER\.m2\repository\org\seleniumhq\selenium\selenium-chrome-driver\4.1.2\selenium-chrome-driver-4.1.2.jar;C:\Users\USER\.m2\repository\org\seleniumhq\selenium\selenium-chromium-driver\4.1.2\selenium-chromium-driver-4.1.2.jar;C:\Users\USER\.m2\repository\org\seleniumhq\selenium\selenium-firefox-driver\4.1.2\selenium-firefox-driver-4.1.2.jar;C:\Users\USER\.m2\repository\org\seleniumhq\selenium\selenium-edge-driver\4.1.2\selenium-edge-driver-4.1.2.jar;C:\Users\USER\.m2\repository\org\seleniumhq\selenium\selenium-ie-driver\4.1.2\selenium-ie-driver-4.1.2.jar;C:\Users\USER\.m2\repository\org\projectlombok\lombok\1.18.20\lombok-1.18.20.jar;C:\Users\USER\.m2\repository\io\appium\java-client\8.0.0\java-client-8.0.0.jar;C:\Users\USER\.m2\repository\commons-validator\commons-validator\1.7\commons-validator-1.7.jar;C:\Users\USER\.m2\repository\commons-digester\commons-digester\2.1\commons-digester-2.1.jar;C:\Users\USER\.m2\repository\org\aspectj\aspectjweaver\1.9.8\aspectjweaver-1.9.8.jar;C:\Users\USER\.m2\repository\org\codehaus\groovy\groovy\3.0.10\groovy-3.0.10.jar;C:\Users\USER\.m2\repository\net\sf\opencsv\opencsv\2.0\opencsv-2.0.jar;C:\Users\USER\.m2\repository\commons-beanutils\commons-beanutils\1.9.4\commons-beanutils-1.9.4.jar;C:\Users\USER\.m2\repository\org\apache\commons\commons-lang3\3.12.0\commons-lang3-3.12.0.jar;C:\Users\USER\.m2\repository\commons-collections\commons-collections\3.2.2\commons-collections-3.2.2.jar;C:\Users\USER\.m2\repository\org\fluentlenium\fluentlenium-core\0.10.2\fluentlenium-core-0.10.2.jar;C:\Users\USER\.m2\repository\io\github\bonigarcia\webdrivermanager\5.1.0\webdrivermanager-5.1.0.jar;C:\Users\USER\.m2\repository\com\github\docker-java\docker-java\3.2.13\docker-java-3.2.13.jar;C:\Users\USER\.m2\repository\com\github\docker-java\docker-java-core\3.2.13\docker-java-core-3.2.13.jar;C:\Users\USER\.m2\repository\com\github\docker-java\docker-java-api\3.2.13\docker-java-api-3.2.13.jar;C:\Users\USER\.m2\repository\org\apache\commons\commons-compress\1.21\commons-compress-1.21.jar;C:\Users\USER\.m2\repository\org\bouncycastle\bcpkix-jdk15on\1.64\bcpkix-jdk15on-1.64.jar;C:\Users\USER\.m2\repository\org\bouncycastle\bcprov-jdk15on\1.64\bcprov-jdk15on-1.64.jar;C:\Users\USER\.m2\repository\org\slf4j\jcl-over-slf4j\1.7.30\jcl-over-slf4j-1.7.30.jar;C:\Users\USER\.m2\repository\com\github\docker-java\docker-java-transport-httpclient5\3.2.13\docker-java-transport-httpclient5-3.2.13.jar;C:\Users\USER\.m2\repository\com\github\docker-java\docker-java-transport\3.2.13\docker-java-transport-3.2.13.jar;C:\Users\USER\.m2\repository\org\apache\httpcomponents\client5\httpclient5\5.0.3\httpclient5-5.0.3.jar;C:\Users\USER\.m2\repository\org\apache\httpcomponents\core5\httpcore5\5.0.2\httpcore5-5.0.2.jar;C:\Users\USER\.m2\repository\net\java\dev\jna\jna\5.8.0\jna-5.8.0.jar;C:\Users\USER\.m2\repository\org\brotli\dec\0.1.2\dec-0.1.2.jar;C:\Users\USER\.m2\repository\com\jhlabs\filters\2.0.235\filters-2.0.235.jar;C:\Users\USER\.m2\repository\com\paulhammant\ngwebdriver\1.1.6\ngwebdriver-1.1.6.jar;C:\Users\USER\.m2\repository\joda-time\joda-time\2.8.2\joda-time-2.8.2.jar;C:\Users\USER\.m2\repository\org\hamcrest\hamcrest\2.2\hamcrest-2.2.jar;C:\Users\USER\.m2\repository\com\google\jimfs\jimfs\1.2\jimfs-1.2.jar;C:\Users\USER\.m2\repository\org\mockito\mockito-core\3.3.3\mockito-core-3.3.3.jar;C:\Users\USER\.m2\repository\javax\xml\bind\jaxb-api\2.3.1\jaxb-api-2.3.1.jar;C:\Users\USER\.m2\repository\javax\activation\javax.activation-api\1.2.0\javax.activation-api-1.2.0.jar;C:\Users\USER\.m2\repository\com\sun\xml\bind\jaxb-core\2.3.0.1\jaxb-core-2.3.0.1.jar;C:\Users\USER\.m2\repository\com\sun\xml\bind\jaxb-impl\2.3.3\jaxb-impl-2.3.3.jar;C:\Users\USER\.m2\repository\jakarta\xml\bind\jakarta.xml.bind-api\2.3.3\jakarta.xml.bind-api-2.3.3.jar;C:\Users\USER\.m2\repository\com\sun\activation\jakarta.activation\1.2.2\jakarta.activation-1.2.2.jar;C:\Users\USER\.m2\repository\javax\activation\activation\1.1.1\activation-1.1.1.jar;C:\Users\USER\.m2\repository\net\serenity-bdd\serenity-cucumber\3.2.1\serenity-cucumber-3.2.1.jar;C:\Users\USER\.m2\repository\io\cucumber\cucumber-core\7.2.3\cucumber-core-7.2.3.jar;C:\Users\USER\.m2\repository\io\cucumber\cucumber-gherkin\7.2.3\cucumber-gherkin-7.2.3.jar;C:\Users\USER\.m2\repository\io\cucumber\cucumber-gherkin-messages\7.2.3\cucumber-gherkin-messages-7.2.3.jar;C:\Users\USER\.m2\repository\io\cucumber\messages\17.1.1\messages-17.1.1.jar;C:\Users\USER\.m2\repository\io\cucumber\tag-expressions\4.1.0\tag-expressions-4.1.0.jar;C:\Users\USER\.m2\repository\io\cucumber\cucumber-expressions\15.0.1\cucumber-expressions-15.0.1.jar;C:\Users\USER\.m2\repository\io\cucumber\datatable\7.2.3\datatable-7.2.3.jar;C:\Users\USER\.m2\repository\io\cucumber\cucumber-plugin\7.2.3\cucumber-plugin-7.2.3.jar;C:\Users\USER\.m2\repository\io\cucumber\docstring\7.2.3\docstring-7.2.3.jar;C:\Users\USER\.m2\repository\io\cucumber\html-formatter\17.0.0\html-formatter-17.0.0.jar;C:\Users\USER\.m2\repository\io\cucumber\ci-environment\8.1.0\ci-environment-8.1.0.jar;C:\Users\USER\.m2\repository\io\cucumber\cucumber-junit\7.2.3\cucumber-junit-7.2.3.jar;C:\Users\USER\.m2\repository\org\apache\commons\commons-csv\1.5\commons-csv-1.5.jar;C:\Users\USER\.m2\repository\net\serenity-bdd\serenity-screenplay\3.2.1\serenity-screenplay-3.2.1.jar;C:\Users\USER\.m2\repository\net\serenity-bdd\serenity-screenplay-webdriver\3.2.1\serenity-screenplay-webdriver-3.2.1.jar;C:\Users\USER\.m2\repository\net\serenity-bdd\serenity-ensure\3.2.1\serenity-ensure-3.2.1.jar;C:\Users\USER\.m2\repository\net\serenity-bdd\serenity-junit\3.2.1\serenity-junit-3.2.1.jar;C:\Users\USER\.m2\repository\org\jetbrains\kotlin\kotlin-stdlib\1.6.0\kotlin-stdlib-1.6.0.jar;C:\Users\USER\.m2\repository\org\jetbrains\annotations\13.0\annotations-13.0.jar;C:\Users\USER\.m2\repository\org\jetbrains\kotlin\kotlin-stdlib-common\1.6.0\kotlin-stdlib-common-1.6.0.jar;C:\Users\USER\.m2\repository\org\junit\platform\junit-platform-launcher\1.8.1\junit-platform-launcher-1.8.1.jar;C:\Users\USER\.m2\repository\org\junit\platform\junit-platform-engine\1.8.1\junit-platform-engine-1.8.1.jar;C:\Users\USER\.m2\repository\org\opentest4j\opentest4j\1.2.0\opentest4j-1.2.0.jar;C:\Users\USER\.m2\repository\org\junit\platform\junit-platform-commons\1.8.1\junit-platform-commons-1.8.1.jar;C:\Users\USER\.m2\repository\org\apiguardian\apiguardian-api\1.1.2\apiguardian-api-1.1.2.jar;C:\Users\USER\.m2\repository\org\junit\jupiter\junit-jupiter-engine\5.8.2\junit-jupiter-engine-5.8.2.jar;C:\Users\USER\.m2\repository\org\junit\jupiter\junit-jupiter-api\5.8.2\junit-jupiter-api-5.8.2.jar;C:\Users\USER\.m2\repository\org\junit\vintage\junit-vintage-engine\5.8.2\junit-vintage-engine-5.8.2.jar;C:\Users\USER\.m2\repository\junit\junit\4.13.2\junit-4.13.2.jar;C:\Users\USER\.m2\repository\org\hamcrest\hamcrest-core\1.3\hamcrest-core-1.3.jar;C:\Users\USER\.m2\repository\ch\qos\logback\logback-classic\1.2.10\logback-classic-1.2.10.jar;C:\Users\USER\.m2\repository\ch\qos\logback\logback-core\1.2.10\logback-core-1.2.10.jar;C:\Users\USER\.m2\repository\org\slf4j\slf4j-api\1.7.32\slf4j-api-1.7.32.jar;C:\Users\USER\.m2\repository\org\assertj\assertj-core\3.6.2\assertj-core-3.6.2.jar;C:\Users\USER\.m2\repository\com\googlecode\json-simple\json-simple\1.1.1\json-simple-1.1.1.jar;C:\Users\USER\.m2\repository\org\apache\maven\surefire\surefire-junit-platform\3.0.0-M5\surefire-junit-platform-3.0.0-M5.jar;C:\Users\USER\.m2\repository\org\apache\maven\surefire\common-java5\3.0.0-M5\common-java5-3.0.0-M5.jar"/>
    <property name="user.script" value=""/>
    <property name="java.protocol.handler.pkgs" value="com.google.common"/>
    <property name="sun.management.compiler" value="HotSpot 64-Bit Tiered Compilers"/>
    <property name="java.runtime.version" value="15.0.2+7-27"/>
    <property name="user.name" value="USER"/>
    <property name="path.separator" value=";"/>
    <property name="os.version" value="6.3"/>
    <property name="java.runtime.name" value="Java(TM) SE Runtime Environment"/>
    <property name="file.encoding" value="Cp1252"/>
    <property name="webdriver.base.url" value=""/>
    <property name="java.vm.name" value="Java HotSpot(TM) 64-Bit Server VM"/>
    <property name="localRepository" value="C:\Users\USER\.m2\repository"/>
    <property name="java.vendor.url.bug" value="https://bugreport.java.com/bugreport/"/>
    <property name="java.io.tmpdir" value="C:\Users\USER\AppData\Local\Temp\"/>
    <property name="java.version" value="15.0.2"/>
    <property name="user.dir" value="E:\My Documents\File Difa\TI Semester 6 Kampus Merdeka Alterra\Tugas\CAPSTONE Project\Capstone-Project-Website"/>
    <property name="os.arch" value="amd64"/>
    <property name="java.vm.specification.name" value="Java Virtual Machine Specification"/>
    <property name="sun.os.patch.level" value=""/>
    <property name="java.library.path" value="C:\Program Files\Java\jdk-15.0.2\bin;C:\Windows\Sun\Java\bin;C:\Windows\system32;C:\Windows;C:\Program Files\Git\mingw64\bin;C:\Program Files\Git\usr\bin;C:\Users\USER\bin;C:\Program Files\Common Files\Oracle\Java\javapath;C:\Windows\system32;C:\Windows;C:\Windows\System32\Wbem;C:\Windows\System32\WindowsPowerShell\v1.0;C:\Program Files\nodejs;C:\Program Files\Java\jdk-15.0.2\bin;C:\apache-jmeter-5.4.3\bin;C:\Program Files\apache-maven-3.8.5\bin;C:\Users\USER\AppData\Local\Android\Sdk\platform-tools;C:\Users\USER\AppData\Local\Android\Sdk\tools\bin;C:\Program Files\Git\cmd;C:\Users\USER\AppData\Local\Programs\Microsoft VS Code\bin;C:\Program Files\JetBrains\IntelliJ IDEA Community Edition 2022.1\bin;C:\Users\USER\AppData\Roaming\npm;."/>
    <property name="java.vm.info" value="mixed mode"/>
    <property name="java.vendor" value="Oracle Corporation"/>
    <property name="java.vm.version" value="15.0.2+7-27"/>
    <property name="sun.io.unicode.encoding" value="UnicodeLittle"/>
    <property name="java.class.version" value="59.0"/>
  </properties>
  <testcase name="Create New Patient scenario" classname="Patient" time="52.047">
    <system-out><![CDATA[16:03:12.092 [main] INFO io.cucumber.core.plugin.SerenityReporter - Running feature from file:///E:/My%20Documents/File%20Difa/TI%20Semester%206%20Kampus%20Merdeka%20Alterra/Tugas/CAPSTONE%20Project/Capstone-Project-Website/src/test/resources/features/Patient.feature
16:03:12.465 [main] INFO  - 

-------------------------------------------------------------------------------------
     _______. _______ .______       _______ .__   __.  __  .___________.____    ____ 
    /       ||   ____||   _  \     |   ____||  \ |  | |  | |           |\   \  /   / 
   |   (----`|  |__   |  |_)  |    |  |__   |   \|  | |  | `---|  |----` \   \/   /  
    \   \    |   __|  |      /     |   __|  |  . `  | |  |     |  |       \_    _/   
.----)   |   |  |____ |  |\  \----.|  |____ |  |\   | |  |     |  |         |  |     
|_______/    |_______|| _| `._____||_______||__| \__| |__|     |__|         |__|    
                                                                                     
 News and tutorials at http://www.serenity-bdd.info                                  
 Documentation at https://wakaleo.gitbooks.io/the-serenity-book/content/             
 Join the Serenity Community on Gitter: https://gitter.im/serenity-bdd/serenity-core 
 Serenity BDD Support and Training at http://serenity-bdd.info/#/trainingandsupport  
-------------------------------------------------------------------------------------

16:03:12.470 [main] DEBUG net.thucydides.core.steps.StepEventBus - Test suite started for story net.thucydides.core.model.Story@8363ce88
16:03:12.480 [main] INFO  - Test Suite Started: Patient
16:03:12.533 [main] INFO io.cucumber.core.plugin.SerenityReporter - Running feature from file:///E:/My%20Documents/File%20Difa/TI%20Semester%206%20Kampus%20Merdeka%20Alterra/Tugas/CAPSTONE%20Project/Capstone-Project-Website/src/test/resources/features/Patient.feature
16:03:12.538 [main] DEBUG net.thucydides.core.steps.StepEventBus - Test suite started for story net.thucydides.core.model.Story@8363ce88
16:03:12.539 [main] INFO  - Test Suite Started: Patient

@Patient @Create
Scenario: Create New Patient scenario             &amp#27;[90m# src/test/resources/features/Patient.feature:8&amp#27;[0m
16:03:12.755 [main] INFO io.cucumber.core.plugin.SerenityReporter - Running feature from file:///E:/My%20Documents/File%20Difa/TI%20Semester%206%20Kampus%20Merdeka%20Alterra/Tugas/CAPSTONE%20Project/Capstone-Project-Website/src/test/resources/features/Patient.feature
16:03:13.199 [main] INFO  - 
  _____   ___   ___   _____     ___   _____     _     ___   _____   ___   ___  
 |_   _| | __| / __| |_   _|   / __| |_   _|   /_\   | _ \ |_   _| | __| |   \ 
   | |   | _|  \__ \   | |     \__ \   | |    / _ \  |   /   | |   | _|  | |) |
   |_|   |___| |___/   |_|     |___/   |_|   /_/ \_\ |_|_\   |_|   |___| |___/ 

Create New Patient scenario(patient;create-new-patient-scenario)
--------------------------------------------------------------------------------
16:03:14.974 [main] DEBUG net.thucydides.core.steps.StepInterceptor - STARTING STEP: PatientSteps.iAmAtTheDashboardPage - openUrl
16:03:15.024 [main] INFO net.serenitybdd.core.webdriver.driverproviders.ChromeDriverProvider - Using automatically driver download
16:03:16.621 [main] DEBUG io.github.bonigarcia.wdm.cache.ResolutionCache - Resolution chrome=102 in cache (valid until 16:10:42 13/06/2022 ICT)
16:03:16.631 [main] DEBUG io.github.bonigarcia.wdm.cache.ResolutionCache - Resolution chrome102=102.0.5005.61 in cache (valid until 11:58:55 14/06/2022 ICT)
16:03:16.637 [main] INFO io.github.bonigarcia.wdm.WebDriverManager - Using chromedriver 102.0.5005.61 (resolved driver for Chrome 102)
16:03:16.672 [main] DEBUG io.github.bonigarcia.wdm.WebDriverManager - Driver chromedriver 102.0.5005.61 found in cache
16:03:16.675 [main] INFO io.github.bonigarcia.wdm.WebDriverManager - Exporting webdriver.chrome.driver as C:\Users\USER\.cache\selenium\chromedriver\win32\102.0.5005.61\chromedriver.exe
16:03:17.822 [main] DEBUG net.thucydides.core.reflection.ClassFinder - Could not load class .CucumberTestSuite
16:03:17.822 [main] DEBUG net.thucydides.core.reflection.ClassFinder - Could not load class .Utils.General
16:03:17.823 [main] DEBUG net.thucydides.core.reflection.ClassFinder - Could not load class .starter.pages.DashboardPage
16:03:17.823 [main] DEBUG net.thucydides.core.reflection.ClassFinder - Could not load class .starter.pages.PatientPage
16:03:17.823 [main] DEBUG net.thucydides.core.reflection.ClassFinder - Could not load class .starter.stepdefinitions.DashboardSteps
16:03:17.823 [main] DEBUG net.thucydides.core.reflection.ClassFinder - Could not load class .starter.stepdefinitions.PatientSteps
16:03:17.824 [main] DEBUG net.thucydides.core.reflection.ClassFinder - Could not load class META-INF.versions.9.com.sun.istack.logging.StackHelper
16:03:17.824 [main] DEBUG net.thucydides.core.reflection.ClassFinder - Could not load class META-INF.versions.9.com.sun.xml.bind.v2.runtime.reflect.opt.AccessorInjector
16:03:17.825 [main] DEBUG net.thucydides.core.reflection.ClassFinder - Could not load class META-INF.versions.9.com.sun.xml.bind.v2.runtime.reflect.opt.Injector
16:03:17.825 [main] DEBUG net.thucydides.core.reflection.ClassFinder - Could not load class META-INF.versions.9.com.sun.xml.bind.v2.runtime.reflect.opt.OptimizedAccessorFactory
16:03:17.826 [main] DEBUG net.thucydides.core.reflection.ClassFinder - Could not load class META-INF.versions.9.com.sun.xml.bind.v2.runtime.reflect.opt.OptimizedTransducedAccessorFactory
16:03:17.826 [main] DEBUG net.thucydides.core.reflection.ClassFinder - Could not load class META-INF.versions.9.io.opentelemetry.sdk.internal.CurrentJavaVersionSpecific
16:03:17.826 [main] DEBUG net.thucydides.core.reflection.ClassFinder - Could not load class META-INF.versions.9.io.opentelemetry.sdk.internal.Java9VersionSpecific
16:03:17.827 [main] DEBUG net.thucydides.core.reflection.ClassFinder - Could not load class META-INF.versions.9.javax.xml.bind.ModuleUtil
16:03:17.827 [main] DEBUG net.thucydides.core.reflection.ClassFinder - Could not load class META-INF.versions.9.module-info
16:03:17.828 [main] DEBUG net.thucydides.core.reflection.ClassFinder - Could not load class META-INF.versions.9.org.junit.platform.commons.util.ModuleUtils
16:03:18.298 [main] DEBUG net.thucydides.core.reflection.ClassFinder - Could not load class com.google.gson.internal.
16:03:18.549 [main] DEBUG net.thucydides.core.reflection.ClassFinder - Could not load class com.sun.xml.bind.v2.runtime.output.FastInfosetStreamWriterOutput
16:03:19.255 [main] DEBUG net.thucydides.core.reflection.ClassFinder - Could not load class module-info
16:03:23.491 [main] DEBUG io.netty.util.internal.logging.InternalLoggerFactory - Using SLF4J as the default logging framework
16:03:23.495 [main] DEBUG io.netty.util.ResourceLeakDetector - -Dio.netty.leakDetection.level: simple
16:03:23.496 [main] DEBUG io.netty.util.ResourceLeakDetector - -Dio.netty.leakDetection.targetRecords: 4
16:03:23.501 [main] DEBUG io.netty.util.ResourceLeakDetectorFactory - Loaded default ResourceLeakDetector: io.netty.util.ResourceLeakDetector@2a0a5865
16:03:23.537 [main] DEBUG io.netty.util.internal.PlatformDependent0 - -Dio.netty.noUnsafe: false
16:03:23.537 [main] DEBUG io.netty.util.internal.PlatformDependent0 - Java version: 15
16:03:23.538 [main] DEBUG io.netty.util.internal.PlatformDependent0 - sun.misc.Unsafe.theUnsafe: available
16:03:23.539 [main] DEBUG io.netty.util.internal.PlatformDependent0 - sun.misc.Unsafe.copyMemory: available
16:03:23.539 [main] DEBUG io.netty.util.internal.PlatformDependent0 - java.nio.Buffer.address: available
16:03:23.540 [main] DEBUG io.netty.util.internal.PlatformDependent0 - direct buffer constructor: unavailable: Reflective setAccessible(true) disabled
16:03:23.541 [main] DEBUG io.netty.util.internal.PlatformDependent0 - java.nio.Bits.unaligned: available, true
16:03:23.543 [main] DEBUG io.netty.util.internal.PlatformDependent0 - jdk.internal.misc.Unsafe.allocateUninitializedArray(int): unavailable: class io.netty.util.internal.PlatformDependent0$6 cannot access class jdk.internal.misc.Unsafe (in module java.base) because module java.base does not export jdk.internal.misc to unnamed module @70e29e14
16:03:23.546 [main] DEBUG io.netty.util.internal.PlatformDependent0 - java.nio.DirectByteBuffer.<init>(long, int): unavailable
16:03:23.546 [main] DEBUG io.netty.util.internal.PlatformDependent - sun.misc.Unsafe: available
16:03:23.552 [main] DEBUG io.netty.util.internal.PlatformDependent - maxDirectMemory: 1050673152 bytes (maybe)
16:03:23.552 [main] DEBUG io.netty.util.internal.PlatformDependent - -Dio.netty.tmpdir: C:\Users\USER\AppData\Local\Temp (java.io.tmpdir)
16:03:23.552 [main] DEBUG io.netty.util.internal.PlatformDependent - -Dio.netty.bitMode: 64 (sun.arch.data.model)
16:03:23.553 [main] DEBUG io.netty.util.internal.PlatformDependent - Platform: Windows
16:03:23.554 [main] DEBUG io.netty.util.internal.PlatformDependent - -Dio.netty.maxDirectMemory: -1 bytes
16:03:23.554 [main] DEBUG io.netty.util.internal.PlatformDependent - -Dio.netty.uninitializedArrayAllocationThreshold: -1
16:03:23.556 [main] DEBUG io.netty.util.internal.CleanerJava9 - java.nio.ByteBuffer.cleaner(): available
16:03:23.556 [main] DEBUG io.netty.util.internal.PlatformDependent - -Dio.netty.noPreferDirect: false
16:03:23.567 [main] DEBUG io.netty.util.internal.PlatformDependent - org.jctools-core.MpscChunkedArrayQueue: available
16:03:23.593 [main] DEBUG io.netty.util.internal.InternalThreadLocalMap - -Dio.netty.threadLocalMap.stringBuilder.initialSize: 1024
16:03:23.593 [main] DEBUG io.netty.util.internal.InternalThreadLocalMap - -Dio.netty.threadLocalMap.stringBuilder.maxSize: 4096
16:03:23.739 [main] DEBUG io.netty.handler.ssl.JdkSslContext - Default protocols (JDK): [TLSv1.3, TLSv1.2, TLSv1.1, TLSv1] 
16:03:23.739 [main] DEBUG io.netty.handler.ssl.JdkSslContext - Default cipher suites (JDK): [TLS_ECDHE_ECDSA_WITH_AES_256_GCM_SHA384, TLS_ECDHE_ECDSA_WITH_AES_128_GCM_SHA256, TLS_ECDHE_RSA_WITH_AES_128_GCM_SHA256, TLS_ECDHE_RSA_WITH_AES_256_GCM_SHA384, TLS_ECDHE_RSA_WITH_AES_128_CBC_SHA, TLS_ECDHE_RSA_WITH_AES_256_CBC_SHA, TLS_RSA_WITH_AES_128_GCM_SHA256, TLS_RSA_WITH_AES_128_CBC_SHA, TLS_RSA_WITH_AES_256_CBC_SHA, TLS_AES_128_GCM_SHA256, TLS_AES_256_GCM_SHA384]
16:03:23.785 [main] DEBUG io.netty.channel.MultithreadEventLoopGroup - -Dio.netty.eventLoopThreads: 8
16:03:23.803 [main] DEBUG io.netty.channel.nio.NioEventLoop - -Dio.netty.noKeySetOptimization: false
16:03:23.803 [main] DEBUG io.netty.channel.nio.NioEventLoop - -Dio.netty.selectorAutoRebuildThreshold: 512
16:03:23.864 [main] DEBUG io.netty.buffer.PooledByteBufAllocator - -Dio.netty.allocator.numHeapArenas: 8
16:03:23.864 [main] DEBUG io.netty.buffer.PooledByteBufAllocator - -Dio.netty.allocator.numDirectArenas: 8
16:03:23.864 [main] DEBUG io.netty.buffer.PooledByteBufAllocator - -Dio.netty.allocator.pageSize: 8192
16:03:23.864 [main] DEBUG io.netty.buffer.PooledByteBufAllocator - -Dio.netty.allocator.maxOrder: 11
16:03:23.865 [main] DEBUG io.netty.buffer.PooledByteBufAllocator - -Dio.netty.allocator.chunkSize: 16777216
16:03:23.865 [main] DEBUG io.netty.buffer.PooledByteBufAllocator - -Dio.netty.allocator.smallCacheSize: 256
16:03:23.865 [main] DEBUG io.netty.buffer.PooledByteBufAllocator - -Dio.netty.allocator.normalCacheSize: 64
16:03:23.865 [main] DEBUG io.netty.buffer.PooledByteBufAllocator - -Dio.netty.allocator.maxCachedBufferCapacity: 32768
16:03:23.865 [main] DEBUG io.netty.buffer.PooledByteBufAllocator - -Dio.netty.allocator.cacheTrimInterval: 8192
16:03:23.865 [main] DEBUG io.netty.buffer.PooledByteBufAllocator - -Dio.netty.allocator.cacheTrimIntervalMillis: 0
16:03:23.865 [main] DEBUG io.netty.buffer.PooledByteBufAllocator - -Dio.netty.allocator.useCacheForAllThreads: true
16:03:23.865 [main] DEBUG io.netty.buffer.PooledByteBufAllocator - -Dio.netty.allocator.maxCachedByteBuffersPerChunk: 1023
16:03:23.881 [main] DEBUG io.netty.buffer.ByteBufUtil - -Dio.netty.allocator.type: pooled
16:03:23.881 [main] DEBUG io.netty.buffer.ByteBufUtil - -Dio.netty.threadLocalDirectBufferSize: 0
16:03:23.881 [main] DEBUG io.netty.buffer.ByteBufUtil - -Dio.netty.maxThreadLocalCharBufferSize: 16384
16:03:24.210 [main] DEBUG net.serenitybdd.core.webdriver.driverproviders.ProvideNewDriver - Instantiating driver
16:03:24.212 [main] DEBUG net.serenitybdd.core.webdriver.driverproviders.ProvideNewDriver - Driver capabilities: Capabilities {acceptInsecureCerts: false, base.url: https://group7-react-dev.ne..., browserName: chrome, chrome.driver: src/test/resources/webdrive..., driver: chrome, goog:chromeOptions: {args: [], extensions: []}}
16:03:25.141 [Forwarding newSession on session null to remote] DEBUG io.netty.channel.DefaultChannelId - -Dio.netty.processId: 5624 (auto-detected)
16:03:25.147 [Forwarding newSession on session null to remote] DEBUG io.netty.util.NetUtil - -Djava.net.preferIPv4Stack: false
16:03:25.147 [Forwarding newSession on session null to remote] DEBUG io.netty.util.NetUtil - -Djava.net.preferIPv6Addresses: false
16:03:25.158 [Forwarding newSession on session null to remote] DEBUG io.netty.util.NetUtilInitializations - Loopback interface: lo (Software Loopback Interface 1, 127.0.0.1)
16:03:25.159 [Forwarding newSession on session null to remote] DEBUG io.netty.util.NetUtil - Failed to get SOMAXCONN from sysctl and file \proc\sys\net\core\somaxconn. Default: 200
16:03:25.188 [Forwarding newSession on session null to remote] DEBUG io.netty.channel.DefaultChannelId - -Dio.netty.machineId: 00:00:00:00:00:00:00:e0 (auto-detected)
16:03:25.271 [AsyncHttpClient-1-2] DEBUG io.netty.buffer.AbstractByteBuf - -Dio.netty.buffer.checkAccessible: true
16:03:25.272 [AsyncHttpClient-1-2] DEBUG io.netty.buffer.AbstractByteBuf - -Dio.netty.buffer.checkBounds: true
16:03:25.272 [AsyncHttpClient-1-2] DEBUG io.netty.util.ResourceLeakDetectorFactory - Loaded default ResourceLeakDetector: io.netty.util.ResourceLeakDetector@6daca50f
16:03:25.288 [AsyncHttpClient-1-2] DEBUG org.asynchttpclient.netty.channel.NettyConnectListener - Using new Channel '[id: 0x79b846cd, L:/127.0.0.1:50071 - R:localhost/127.0.0.1:59697]' for 'POST' to '/session'
16:03:25.314 [AsyncHttpClient-1-2] DEBUG io.netty.util.Recycler - -Dio.netty.recycler.maxCapacityPerThread: 4096
16:03:25.314 [AsyncHttpClient-1-2] DEBUG io.netty.util.Recycler - -Dio.netty.recycler.ratio: 8
16:03:25.314 [AsyncHttpClient-1-2] DEBUG io.netty.util.Recycler - -Dio.netty.recycler.chunkSize: 32
16:03:25.314 [AsyncHttpClient-1-2] DEBUG io.netty.util.Recycler - -Dio.netty.recycler.blocking: false
16:03:44.253 [AsyncHttpClient-1-2] DEBUG io.netty.handler.codec.compression.Brotli - brotli4j not in the classpath; Brotli support will be unavailable.
16:03:44.253 [AsyncHttpClient-1-2] DEBUG org.asynchttpclient.netty.handler.HttpHandler - 

Request DefaultHttpRequest(decodeResult: success, version: HTTP/1.1)
POST /session HTTP/1.1
User-Agent: selenium/4.1.2 (java windows)
Content-Length: 617
Content-Type: application/json; charset=utf-8
host: localhost:59697
accept: */*

Response DefaultHttpResponse(decodeResult: success, version: HTTP/1.1)
HTTP/1.1 200 OK
Content-Type: application/json; charset=utf-8
cache-control: no-cache
content-length: 789

16:03:44.285 [AsyncHttpClient-1-2] DEBUG org.asynchttpclient.netty.channel.ChannelManager - Adding key: http://localhost:59697 for channel [id: 0x79b846cd, L:/127.0.0.1:50071 - R:localhost/127.0.0.1:59697]
16:03:44.453 [AsyncHttpClient-1-3] DEBUG org.asynchttpclient.netty.channel.NettyConnectListener - Using new Channel '[id: 0xa500a3a3, L:/127.0.0.1:50079 - R:localhost/127.0.0.1:50072]' for 'GET' to '/json/version'
16:03:44.466 [AsyncHttpClient-1-3] DEBUG org.asynchttpclient.netty.handler.HttpHandler - 

Request DefaultFullHttpRequest(decodeResult: success, version: HTTP/1.1, content: EmptyByteBufBE)
GET /json/version HTTP/1.1
User-Agent: selenium/4.1.2 (java windows)
host: localhost:50072
accept: */*

Response DefaultHttpResponse(decodeResult: success, version: HTTP/1.1)
HTTP/1.1 200 OK
Content-Type: application/json; charset=UTF-8
content-length: 427

16:03:44.466 [AsyncHttpClient-1-3] DEBUG org.asynchttpclient.netty.channel.ChannelManager - Adding key: http://localhost:50072 for channel [id: 0xa500a3a3, L:/127.0.0.1:50079 - R:localhost/127.0.0.1:50072]
16:03:44.479 [main] DEBUG io.netty.util.internal.ThreadLocalRandom - -Dio.netty.initialSeedUniquifier: 0x2c3baeeb9ff023da
16:03:44.484 [AsyncHttpClient-1-4] DEBUG org.asynchttpclient.netty.channel.NettyConnectListener - Using new Channel '[id: 0x472efaa0, L:/127.0.0.1:50080 - R:localhost/127.0.0.1:50072]' for 'GET' to '/devtools/browser/bd6420d8-be09-4dd7-b582-065187cb0665'
16:03:44.498 [AsyncHttpClient-1-4] DEBUG org.asynchttpclient.netty.handler.WebSocketHandler - 

Request DefaultFullHttpRequest(decodeResult: success, version: HTTP/1.1, content: EmptyByteBufBE)
GET /devtools/browser/bd6420d8-be09-4dd7-b582-065187cb0665 HTTP/1.1
upgrade: websocket
connection: upgrade
sec-websocket-key: iduzV2KK/Dy3uIjrhoZZqQ==
sec-websocket-version: 13
origin: http://localhost:50072
host: localhost:50072
accept: */*
user-agent: AHC/2.1

Response DefaultHttpResponse(decodeResult: success, version: HTTP/1.1)
HTTP/1.1 101 WebSocket Protocol Handshake
Upgrade: WebSocket
Connection: Upgrade
Sec-WebSocket-Accept: 8B441HYT9+sPAhs5wIbfvF0pACE=

16:03:44.575 [AsyncHttpClient-1-1] DEBUG org.asynchttpclient.netty.channel.DefaultChannelPool - Entry count for : http://localhost:59697 : 1
16:03:44.576 [AsyncHttpClient-1-1] DEBUG org.asynchttpclient.netty.channel.DefaultChannelPool - Entry count for : http://localhost:50072 : 1
16:03:44.681 [Forwarding maximizeCurrentWindow on session 73fa2e6cb2e14b016e8f45eac9c89011 to remote] DEBUG org.asynchttpclient.netty.request.NettyRequestSender - Using pooled Channel '[id: 0x79b846cd, L:/127.0.0.1:50071 - R:localhost/127.0.0.1:59697]' for 'POST' to 'http://localhost:59697/session/73fa2e6cb2e14b016e8f45eac9c89011/window/maximize'
16:03:44.682 [Forwarding maximizeCurrentWindow on session 73fa2e6cb2e14b016e8f45eac9c89011 to remote] DEBUG org.asynchttpclient.netty.request.NettyRequestSender - Using open Channel [id: 0x79b846cd, L:/127.0.0.1:50071 - R:localhost/127.0.0.1:59697] for POST '/session/73fa2e6cb2e14b016e8f45eac9c89011/window/maximize'
16:03:44.955 [AsyncHttpClient-1-2] DEBUG org.asynchttpclient.netty.handler.HttpHandler - 

Request DefaultHttpRequest(decodeResult: success, version: HTTP/1.1)
POST /session/73fa2e6cb2e14b016e8f45eac9c89011/window/maximize HTTP/1.1
User-Agent: selenium/4.1.2 (java windows)
Content-Length: 3
Content-Type: application/json; charset=utf-8
host: localhost:59697
accept: */*

Response DefaultHttpResponse(decodeResult: success, version: HTTP/1.1)
HTTP/1.1 200 OK
Content-Type: application/json; charset=utf-8
cache-control: no-cache
content-length: 51

16:03:44.957 [AsyncHttpClient-1-2] DEBUG org.asynchttpclient.netty.channel.ChannelManager - Adding key: http://localhost:59697 for channel [id: 0x79b846cd, L:/127.0.0.1:50071 - R:localhost/127.0.0.1:59697]
16:03:45.673 [AsyncHttpClient-1-1] DEBUG org.asynchttpclient.netty.channel.DefaultChannelPool - Entry count for : http://localhost:59697 : 1
16:03:45.673 [AsyncHttpClient-1-1] DEBUG org.asynchttpclient.netty.channel.DefaultChannelPool - Entry count for : http://localhost:50072 : 1
16:03:45.935 [main] DEBUG net.thucydides.core.reflection.ClassFinder - Could not load class .CucumberTestSuite
16:03:45.935 [main] DEBUG net.thucydides.core.reflection.ClassFinder - Could not load class .Utils.General
16:03:45.935 [main] DEBUG net.thucydides.core.reflection.ClassFinder - Could not load class .starter.pages.DashboardPage
16:03:45.935 [main] DEBUG net.thucydides.core.reflection.ClassFinder - Could not load class .starter.pages.PatientPage
16:03:45.935 [main] DEBUG net.thucydides.core.reflection.ClassFinder - Could not load class .starter.stepdefinitions.DashboardSteps
16:03:45.935 [main] DEBUG net.thucydides.core.reflection.ClassFinder - Could not load class .starter.stepdefinitions.PatientSteps
16:03:45.936 [main] DEBUG net.thucydides.core.reflection.ClassFinder - Could not load class META-INF.versions.9.com.sun.istack.logging.StackHelper
16:03:45.937 [main] DEBUG net.thucydides.core.reflection.ClassFinder - Could not load class META-INF.versions.9.com.sun.xml.bind.v2.runtime.reflect.opt.AccessorInjector
16:03:45.937 [main] DEBUG net.thucydides.core.reflection.ClassFinder - Could not load class META-INF.versions.9.com.sun.xml.bind.v2.runtime.reflect.opt.Injector
16:03:45.937 [main] DEBUG net.thucydides.core.reflection.ClassFinder - Could not load class META-INF.versions.9.com.sun.xml.bind.v2.runtime.reflect.opt.OptimizedAccessorFactory
16:03:45.938 [main] DEBUG net.thucydides.core.reflection.ClassFinder - Could not load class META-INF.versions.9.com.sun.xml.bind.v2.runtime.reflect.opt.OptimizedTransducedAccessorFactory
16:03:45.938 [main] DEBUG net.thucydides.core.reflection.ClassFinder - Could not load class META-INF.versions.9.io.opentelemetry.sdk.internal.CurrentJavaVersionSpecific
16:03:45.938 [main] DEBUG net.thucydides.core.reflection.ClassFinder - Could not load class META-INF.versions.9.io.opentelemetry.sdk.internal.Java9VersionSpecific
16:03:45.939 [main] DEBUG net.thucydides.core.reflection.ClassFinder - Could not load class META-INF.versions.9.javax.xml.bind.ModuleUtil
16:03:45.939 [main] DEBUG net.thucydides.core.reflection.ClassFinder - Could not load class META-INF.versions.9.module-info
16:03:45.940 [main] DEBUG net.thucydides.core.reflection.ClassFinder - Could not load class META-INF.versions.9.org.junit.platform.commons.util.ModuleUtils
16:03:45.943 [main] DEBUG net.thucydides.core.reflection.ClassFinder - Could not load class com.google.gson.internal.
16:03:45.944 [main] DEBUG net.thucydides.core.reflection.ClassFinder - Could not load class com.sun.xml.bind.v2.runtime.output.FastInfosetStreamWriterOutput
16:03:45.948 [main] DEBUG net.thucydides.core.reflection.ClassFinder - Could not load class module-info
16:03:45.975 [Forwarding get on session 73fa2e6cb2e14b016e8f45eac9c89011 to remote] DEBUG org.asynchttpclient.netty.request.NettyRequestSender - Using pooled Channel '[id: 0x79b846cd, L:/127.0.0.1:50071 - R:localhost/127.0.0.1:59697]' for 'POST' to 'http://localhost:59697/session/73fa2e6cb2e14b016e8f45eac9c89011/url'
16:03:45.976 [Forwarding get on session 73fa2e6cb2e14b016e8f45eac9c89011 to remote] DEBUG org.asynchttpclient.netty.request.NettyRequestSender - Using open Channel [id: 0x79b846cd, L:/127.0.0.1:50071 - R:localhost/127.0.0.1:59697] for POST '/session/73fa2e6cb2e14b016e8f45eac9c89011/url'
16:03:46.773 [AsyncHttpClient-1-1] DEBUG org.asynchttpclient.netty.channel.DefaultChannelPool - Entry count for : http://localhost:50072 : 1
16:03:47.873 [AsyncHttpClient-1-1] DEBUG org.asynchttpclient.netty.channel.DefaultChannelPool - Entry count for : http://localhost:50072 : 1
16:03:48.973 [AsyncHttpClient-1-1] DEBUG org.asynchttpclient.netty.channel.DefaultChannelPool - Entry count for : http://localhost:50072 : 1
16:03:50.074 [AsyncHttpClient-1-1] DEBUG org.asynchttpclient.netty.channel.DefaultChannelPool - Entry count for : http://localhost:50072 : 1
16:03:50.878 [AsyncHttpClient-1-2] DEBUG org.asynchttpclient.netty.handler.HttpHandler - 

Request DefaultHttpRequest(decodeResult: success, version: HTTP/1.1)
POST /session/73fa2e6cb2e14b016e8f45eac9c89011/url HTTP/1.1
User-Agent: selenium/4.1.2 (java windows)
Content-Length: 61
Content-Type: application/json; charset=utf-8
host: localhost:59697
accept: */*

Response DefaultHttpResponse(decodeResult: success, version: HTTP/1.1)
HTTP/1.1 200 OK
Content-Type: application/json; charset=utf-8
cache-control: no-cache
content-length: 14

16:03:50.880 [AsyncHttpClient-1-2] DEBUG org.asynchttpclient.netty.channel.ChannelManager - Adding key: http://localhost:59697 for channel [id: 0x79b846cd, L:/127.0.0.1:50071 - R:localhost/127.0.0.1:59697]
16:03:50.898 [Forwarding setTimeout on session 73fa2e6cb2e14b016e8f45eac9c89011 to remote] DEBUG org.asynchttpclient.netty.request.NettyRequestSender - Using pooled Channel '[id: 0x79b846cd, L:/127.0.0.1:50071 - R:localhost/127.0.0.1:59697]' for 'POST' to 'http://localhost:59697/session/73fa2e6cb2e14b016e8f45eac9c89011/timeouts'
16:03:50.898 [Forwarding setTimeout on session 73fa2e6cb2e14b016e8f45eac9c89011 to remote] DEBUG org.asynchttpclient.netty.request.NettyRequestSender - Using open Channel [id: 0x79b846cd, L:/127.0.0.1:50071 - R:localhost/127.0.0.1:59697] for POST '/session/73fa2e6cb2e14b016e8f45eac9c89011/timeouts'
16:03:50.901 [AsyncHttpClient-1-2] DEBUG org.asynchttpclient.netty.handler.HttpHandler - 

Request DefaultHttpRequest(decodeResult: success, version: HTTP/1.1)
POST /session/73fa2e6cb2e14b016e8f45eac9c89011/timeouts HTTP/1.1
User-Agent: selenium/4.1.2 (java windows)
Content-Length: 22
Content-Type: application/json; charset=utf-8
host: localhost:59697
accept: */*

Response DefaultHttpResponse(decodeResult: success, version: HTTP/1.1)
HTTP/1.1 200 OK
Content-Type: application/json; charset=utf-8
cache-control: no-cache
content-length: 14

16:03:50.901 [AsyncHttpClient-1-2] DEBUG org.asynchttpclient.netty.channel.ChannelManager - Adding key: http://localhost:59697 for channel [id: 0x79b846cd, L:/127.0.0.1:50071 - R:localhost/127.0.0.1:59697]
16:03:50.914 [Forwarding getCurrentUrl on session 73fa2e6cb2e14b016e8f45eac9c89011 to remote] DEBUG org.asynchttpclient.netty.request.NettyRequestSender - Using pooled Channel '[id: 0x79b846cd, L:/127.0.0.1:50071 - R:localhost/127.0.0.1:59697]' for 'GET' to 'http://localhost:59697/session/73fa2e6cb2e14b016e8f45eac9c89011/url'
16:03:50.914 [Forwarding getCurrentUrl on session 73fa2e6cb2e14b016e8f45eac9c89011 to remote] DEBUG org.asynchttpclient.netty.request.NettyRequestSender - Using open Channel [id: 0x79b846cd, L:/127.0.0.1:50071 - R:localhost/127.0.0.1:59697] for GET '/session/73fa2e6cb2e14b016e8f45eac9c89011/url'
16:03:51.174 [AsyncHttpClient-1-1] DEBUG org.asynchttpclient.netty.channel.DefaultChannelPool - Entry count for : http://localhost:50072 : 1
16:03:52.007 [AsyncHttpClient-1-2] DEBUG org.asynchttpclient.netty.handler.HttpHandler - 

Request DefaultFullHttpRequest(decodeResult: success, version: HTTP/1.1, content: EmptyByteBufBE)
GET /session/73fa2e6cb2e14b016e8f45eac9c89011/url HTTP/1.1
User-Agent: selenium/4.1.2 (java windows)
Cache-Control: no-cache
Content-Type: application/json; charset=utf-8
host: localhost:59697
accept: */*

Response DefaultHttpResponse(decodeResult: success, version: HTTP/1.1)
HTTP/1.1 200 OK
Content-Type: application/json; charset=utf-8
cache-control: no-cache
content-length: 49

16:03:52.008 [AsyncHttpClient-1-2] DEBUG org.asynchttpclient.netty.channel.ChannelManager - Adding key: http://localhost:59697 for channel [id: 0x79b846cd, L:/127.0.0.1:50071 - R:localhost/127.0.0.1:59697]
16:03:52.029 [Forwarding getCurrentUrl on session 73fa2e6cb2e14b016e8f45eac9c89011 to remote] DEBUG org.asynchttpclient.netty.request.NettyRequestSender - Using pooled Channel '[id: 0x79b846cd, L:/127.0.0.1:50071 - R:localhost/127.0.0.1:59697]' for 'GET' to 'http://localhost:59697/session/73fa2e6cb2e14b016e8f45eac9c89011/url'
16:03:52.029 [Forwarding getCurrentUrl on session 73fa2e6cb2e14b016e8f45eac9c89011 to remote] DEBUG org.asynchttpclient.netty.request.NettyRequestSender - Using open Channel [id: 0x79b846cd, L:/127.0.0.1:50071 - R:localhost/127.0.0.1:59697] for GET '/session/73fa2e6cb2e14b016e8f45eac9c89011/url'
16:03:52.037 [AsyncHttpClient-1-2] DEBUG org.asynchttpclient.netty.handler.HttpHandler - 

Request DefaultFullHttpRequest(decodeResult: success, version: HTTP/1.1, content: EmptyByteBufBE)
GET /session/73fa2e6cb2e14b016e8f45eac9c89011/url HTTP/1.1
User-Agent: selenium/4.1.2 (java windows)
Cache-Control: no-cache
Content-Type: application/json; charset=utf-8
host: localhost:59697
accept: */*

Response DefaultHttpResponse(decodeResult: success, version: HTTP/1.1)
HTTP/1.1 200 OK
Content-Type: application/json; charset=utf-8
cache-control: no-cache
content-length: 49

16:03:52.037 [AsyncHttpClient-1-2] DEBUG org.asynchttpclient.netty.channel.ChannelManager - Adding key: http://localhost:59697 for channel [id: 0x79b846cd, L:/127.0.0.1:50071 - R:localhost/127.0.0.1:59697]
16:03:52.070 [main] DEBUG net.serenitybdd.core.photography.Darkroom - Opening darkroom
16:03:52.071 [Darkroom Processing Line] DEBUG net.serenitybdd.core.photography.DarkroomProcessingLine - Darkroom processing line starting up
16:03:52.073 [Forwarding screenshot on session 73fa2e6cb2e14b016e8f45eac9c89011 to remote] DEBUG org.asynchttpclient.netty.request.NettyRequestSender - Using pooled Channel '[id: 0x79b846cd, L:/127.0.0.1:50071 - R:localhost/127.0.0.1:59697]' for 'GET' to 'http://localhost:59697/session/73fa2e6cb2e14b016e8f45eac9c89011/screenshot'
16:03:52.073 [Forwarding screenshot on session 73fa2e6cb2e14b016e8f45eac9c89011 to remote] DEBUG org.asynchttpclient.netty.request.NettyRequestSender - Using open Channel [id: 0x79b846cd, L:/127.0.0.1:50071 - R:localhost/127.0.0.1:59697] for GET '/session/73fa2e6cb2e14b016e8f45eac9c89011/screenshot'
16:03:52.273 [AsyncHttpClient-1-1] DEBUG org.asynchttpclient.netty.channel.DefaultChannelPool - Entry count for : http://localhost:50072 : 1
16:03:52.730 [AsyncHttpClient-1-2] DEBUG org.asynchttpclient.netty.handler.HttpHandler - 

Request DefaultFullHttpRequest(decodeResult: success, version: HTTP/1.1, content: EmptyByteBufBE)
GET /session/73fa2e6cb2e14b016e8f45eac9c89011/screenshot HTTP/1.1
User-Agent: selenium/4.1.2 (java windows)
Cache-Control: no-cache
Content-Type: application/json; charset=utf-8
host: localhost:59697
accept: */*

Response DefaultHttpResponse(decodeResult: success, version: HTTP/1.1)
HTTP/1.1 200 OK
Content-Type: application/json; charset=utf-8
cache-control: no-cache
content-length: 380872

16:03:52.747 [AsyncHttpClient-1-2] DEBUG org.asynchttpclient.netty.channel.ChannelManager - Adding key: http://localhost:59697 for channel [id: 0x79b846cd, L:/127.0.0.1:50071 - R:localhost/127.0.0.1:59697]
16:03:53.100 [main] DEBUG net.serenitybdd.core.photography.Darkroom - Send negative for processing for target\site\serenity\1b25efb9c5676e1f2b3324c7366fede00ec6a6e3688f57813becf0b32f51831d.png
16:03:53.101 [Darkroom Processing Line] DEBUG net.serenitybdd.core.photography.DarkroomProcessingLine - Processing screenshot image in /var/screenshots/screenshot-544528878552057096
16:03:53.101 [Darkroom Processing Line] DEBUG net.serenitybdd.core.photography.DarkroomProcessingLine - Saving screenshot to target\site\serenity\1b25efb9c5676e1f2b3324c7366fede00ec6a6e3688f57813becf0b32f51831d.png
16:03:53.135 [main] DEBUG net.thucydides.core.steps.StepInterceptor - STEP DONE: openUrl
16:03:53.156 [Forwarding screenshot on session 73fa2e6cb2e14b016e8f45eac9c89011 to remote] DEBUG org.asynchttpclient.netty.request.NettyRequestSender - Using pooled Channel '[id: 0x79b846cd, L:/127.0.0.1:50071 - R:localhost/127.0.0.1:59697]' for 'GET' to 'http://localhost:59697/session/73fa2e6cb2e14b016e8f45eac9c89011/screenshot'
16:03:53.157 [Forwarding screenshot on session 73fa2e6cb2e14b016e8f45eac9c89011 to remote] DEBUG org.asynchttpclient.netty.request.NettyRequestSender - Using open Channel [id: 0x79b846cd, L:/127.0.0.1:50071 - R:localhost/127.0.0.1:59697] for GET '/session/73fa2e6cb2e14b016e8f45eac9c89011/screenshot'
16:03:53.373 [AsyncHttpClient-1-1] DEBUG org.asynchttpclient.netty.channel.DefaultChannelPool - Entry count for : http://localhost:50072 : 1
16:03:53.435 [AsyncHttpClient-1-2] DEBUG org.asynchttpclient.netty.handler.HttpHandler - 

Request DefaultFullHttpRequest(decodeResult: success, version: HTTP/1.1, content: EmptyByteBufBE)
GET /session/73fa2e6cb2e14b016e8f45eac9c89011/screenshot HTTP/1.1
User-Agent: selenium/4.1.2 (java windows)
Cache-Control: no-cache
Content-Type: application/json; charset=utf-8
host: localhost:59697
accept: */*

Response DefaultHttpResponse(decodeResult: success, version: HTTP/1.1)
HTTP/1.1 200 OK
Content-Type: application/json; charset=utf-8
cache-control: no-cache
content-length: 384188

16:03:53.441 [AsyncHttpClient-1-2] DEBUG org.asynchttpclient.netty.channel.ChannelManager - Adding key: http://localhost:59697 for channel [id: 0x79b846cd, L:/127.0.0.1:50071 - R:localhost/127.0.0.1:59697]
16:03:53.506 [main] DEBUG net.serenitybdd.core.photography.Darkroom - Send negative for processing for target\site\serenity\28136b2b3dc1c1b1003c38660b3e8bc4e2e5485967a9dfae5fde567d26a07878.png
16:03:53.507 [main] DEBUG net.thucydides.core.steps.StepInterceptor - STARTING STEP: PatientSteps.iAmAtTheDashboardPage - validateOnDashboardPage
16:03:53.506 [Darkroom Processing Line] DEBUG net.serenitybdd.core.photography.DarkroomProcessingLine - Processing screenshot image in /var/screenshots/screenshot-14061573509044055660
16:03:53.509 [Darkroom Processing Line] DEBUG net.serenitybdd.core.photography.DarkroomProcessingLine - Saving screenshot to target\site\serenity\28136b2b3dc1c1b1003c38660b3e8bc4e2e5485967a9dfae5fde567d26a07878.png
16:03:53.516 [Forwarding findElement on session 73fa2e6cb2e14b016e8f45eac9c89011 to remote] DEBUG org.asynchttpclient.netty.request.NettyRequestSender - Using pooled Channel '[id: 0x79b846cd, L:/127.0.0.1:50071 - R:localhost/127.0.0.1:59697]' for 'POST' to 'http://localhost:59697/session/73fa2e6cb2e14b016e8f45eac9c89011/element'
16:03:53.516 [Forwarding findElement on session 73fa2e6cb2e14b016e8f45eac9c89011 to remote] DEBUG org.asynchttpclient.netty.request.NettyRequestSender - Using open Channel [id: 0x79b846cd, L:/127.0.0.1:50071 - R:localhost/127.0.0.1:59697] for POST '/session/73fa2e6cb2e14b016e8f45eac9c89011/element'
16:03:54.240 [AsyncHttpClient-1-2] DEBUG org.asynchttpclient.netty.handler.HttpHandler - 

Request DefaultHttpRequest(decodeResult: success, version: HTTP/1.1)
POST /session/73fa2e6cb2e14b016e8f45eac9c89011/element HTTP/1.1
User-Agent: selenium/4.1.2 (java windows)
Content-Length: 105
Content-Type: application/json; charset=utf-8
host: localhost:59697
accept: */*

Response DefaultHttpResponse(decodeResult: success, version: HTTP/1.1)
HTTP/1.1 200 OK
Content-Type: application/json; charset=utf-8
cache-control: no-cache
content-length: 88

16:03:54.240 [AsyncHttpClient-1-2] DEBUG org.asynchttpclient.netty.channel.ChannelManager - Adding key: http://localhost:59697 for channel [id: 0x79b846cd, L:/127.0.0.1:50071 - R:localhost/127.0.0.1:59697]
16:03:54.267 [Forwarding isElementDisplayed on session 73fa2e6cb2e14b016e8f45eac9c89011 to remote] DEBUG org.asynchttpclient.netty.request.NettyRequestSender - Using pooled Channel '[id: 0x79b846cd, L:/127.0.0.1:50071 - R:localhost/127.0.0.1:59697]' for 'POST' to 'http://localhost:59697/session/73fa2e6cb2e14b016e8f45eac9c89011/execute/sync'
16:03:54.268 [Forwarding isElementDisplayed on session 73fa2e6cb2e14b016e8f45eac9c89011 to remote] DEBUG org.asynchttpclient.netty.request.NettyRequestSender - Using open Channel [id: 0x79b846cd, L:/127.0.0.1:50071 - R:localhost/127.0.0.1:59697] for POST '/session/73fa2e6cb2e14b016e8f45eac9c89011/execute/sync'
16:03:54.473 [AsyncHttpClient-1-1] DEBUG org.asynchttpclient.netty.channel.DefaultChannelPool - Entry count for : http://localhost:50072 : 1
16:03:54.507 [AsyncHttpClient-1-2] DEBUG org.asynchttpclient.netty.handler.HttpHandler - 

Request DefaultHttpRequest(decodeResult: success, version: HTTP/1.1)
POST /session/73fa2e6cb2e14b016e8f45eac9c89011/execute/sync HTTP/1.1
User-Agent: selenium/4.1.2 (java windows)
Content-Length: 48780
Content-Type: application/json; charset=utf-8
host: localhost:59697
accept: */*

Response DefaultHttpResponse(decodeResult: success, version: HTTP/1.1)
HTTP/1.1 200 OK
Content-Type: application/json; charset=utf-8
cache-control: no-cache
content-length: 14

16:03:54.507 [AsyncHttpClient-1-2] DEBUG org.asynchttpclient.netty.channel.ChannelManager - Adding key: http://localhost:59697 for channel [id: 0x79b846cd, L:/127.0.0.1:50071 - R:localhost/127.0.0.1:59697]
16:03:54.516 [Forwarding screenshot on session 73fa2e6cb2e14b016e8f45eac9c89011 to remote] DEBUG org.asynchttpclient.netty.request.NettyRequestSender - Using pooled Channel '[id: 0x79b846cd, L:/127.0.0.1:50071 - R:localhost/127.0.0.1:59697]' for 'GET' to 'http://localhost:59697/session/73fa2e6cb2e14b016e8f45eac9c89011/screenshot'
16:03:54.516 [Forwarding screenshot on session 73fa2e6cb2e14b016e8f45eac9c89011 to remote] DEBUG org.asynchttpclient.netty.request.NettyRequestSender - Using open Channel [id: 0x79b846cd, L:/127.0.0.1:50071 - R:localhost/127.0.0.1:59697] for GET '/session/73fa2e6cb2e14b016e8f45eac9c89011/screenshot'
16:03:54.785 [AsyncHttpClient-1-2] DEBUG org.asynchttpclient.netty.handler.HttpHandler - 

Request DefaultFullHttpRequest(decodeResult: success, version: HTTP/1.1, content: EmptyByteBufBE)
GET /session/73fa2e6cb2e14b016e8f45eac9c89011/screenshot HTTP/1.1
User-Agent: selenium/4.1.2 (java windows)
Cache-Control: no-cache
Content-Type: application/json; charset=utf-8
host: localhost:59697
accept: */*

Response DefaultHttpResponse(decodeResult: success, version: HTTP/1.1)
HTTP/1.1 200 OK
Content-Type: application/json; charset=utf-8
cache-control: no-cache
content-length: 390836

16:03:54.791 [AsyncHttpClient-1-2] DEBUG org.asynchttpclient.netty.channel.ChannelManager - Adding key: http://localhost:59697 for channel [id: 0x79b846cd, L:/127.0.0.1:50071 - R:localhost/127.0.0.1:59697]
16:03:54.815 [main] DEBUG net.serenitybdd.core.photography.Darkroom - Send negative for processing for target\site\serenity\1370a2abbf86a5c3c50d19e0b6974f2d345468b77030dbe5797702f10a184be3.png
16:03:54.816 [main] DEBUG net.thucydides.core.steps.StepInterceptor - STEP DONE: validateOnDashboardPage
16:03:54.818 [Darkroom Processing Line] DEBUG net.serenitybdd.core.photography.DarkroomProcessingLine - Processing screenshot image in /var/screenshots/screenshot-17735166876247029042
16:03:54.818 [Darkroom Processing Line] DEBUG net.serenitybdd.core.photography.DarkroomProcessingLine - Saving screenshot to target\site\serenity\1370a2abbf86a5c3c50d19e0b6974f2d345468b77030dbe5797702f10a184be3.png
  &amp#27;[32mGiven &amp#27;[0m&amp#27;[32mI am at the dashboard page&amp#27;[0m                &amp#27;[90m# starter.stepdefinitions.PatientSteps.iAmAtTheDashboardPage()&amp#27;[0m
16:03:54.871 [Forwarding screenshot on session 73fa2e6cb2e14b016e8f45eac9c89011 to remote] DEBUG org.asynchttpclient.netty.request.NettyRequestSender - Using pooled Channel '[id: 0x79b846cd, L:/127.0.0.1:50071 - R:localhost/127.0.0.1:59697]' for 'GET' to 'http://localhost:59697/session/73fa2e6cb2e14b016e8f45eac9c89011/screenshot'
16:03:54.871 [Forwarding screenshot on session 73fa2e6cb2e14b016e8f45eac9c89011 to remote] DEBUG org.asynchttpclient.netty.request.NettyRequestSender - Using open Channel [id: 0x79b846cd, L:/127.0.0.1:50071 - R:localhost/127.0.0.1:59697] for GET '/session/73fa2e6cb2e14b016e8f45eac9c89011/screenshot'
16:03:55.123 [AsyncHttpClient-1-2] DEBUG org.asynchttpclient.netty.handler.HttpHandler - 

Request DefaultFullHttpRequest(decodeResult: success, version: HTTP/1.1, content: EmptyByteBufBE)
GET /session/73fa2e6cb2e14b016e8f45eac9c89011/screenshot HTTP/1.1
User-Agent: selenium/4.1.2 (java windows)
Cache-Control: no-cache
Content-Type: application/json; charset=utf-8
host: localhost:59697
accept: */*

Response DefaultHttpResponse(decodeResult: success, version: HTTP/1.1)
HTTP/1.1 200 OK
Content-Type: application/json; charset=utf-8
cache-control: no-cache
content-length: 390836

16:03:55.129 [AsyncHttpClient-1-2] DEBUG org.asynchttpclient.netty.channel.ChannelManager - Adding key: http://localhost:59697 for channel [id: 0x79b846cd, L:/127.0.0.1:50071 - R:localhost/127.0.0.1:59697]
16:03:55.153 [main] DEBUG net.serenitybdd.core.photography.Darkroom - Send negative for processing for target\site\serenity\1370a2abbf86a5c3c50d19e0b6974f2d345468b77030dbe5797702f10a184be3.png
16:03:55.180 [main] DEBUG net.thucydides.core.steps.StepInterceptor - STARTING STEP: PatientSteps.iClickMenuPatient - clickMenuPatientButton
16:03:55.195 [Forwarding findElement on session 73fa2e6cb2e14b016e8f45eac9c89011 to remote] DEBUG org.asynchttpclient.netty.request.NettyRequestSender - Using pooled Channel '[id: 0x79b846cd, L:/127.0.0.1:50071 - R:localhost/127.0.0.1:59697]' for 'POST' to 'http://localhost:59697/session/73fa2e6cb2e14b016e8f45eac9c89011/element'
16:03:55.195 [Forwarding findElement on session 73fa2e6cb2e14b016e8f45eac9c89011 to remote] DEBUG org.asynchttpclient.netty.request.NettyRequestSender - Using open Channel [id: 0x79b846cd, L:/127.0.0.1:50071 - R:localhost/127.0.0.1:59697] for POST '/session/73fa2e6cb2e14b016e8f45eac9c89011/element'
16:03:55.308 [AsyncHttpClient-1-2] DEBUG org.asynchttpclient.netty.handler.HttpHandler - 

Request DefaultHttpRequest(decodeResult: success, version: HTTP/1.1)
POST /session/73fa2e6cb2e14b016e8f45eac9c89011/element HTTP/1.1
User-Agent: selenium/4.1.2 (java windows)
Content-Length: 134
Content-Type: application/json; charset=utf-8
host: localhost:59697
accept: */*

Response DefaultHttpResponse(decodeResult: success, version: HTTP/1.1)
HTTP/1.1 200 OK
Content-Type: application/json; charset=utf-8
cache-control: no-cache
content-length: 88

16:03:55.308 [AsyncHttpClient-1-2] DEBUG org.asynchttpclient.netty.channel.ChannelManager - Adding key: http://localhost:59697 for channel [id: 0x79b846cd, L:/127.0.0.1:50071 - R:localhost/127.0.0.1:59697]
16:03:55.312 [Forwarding getElementTagName on session 73fa2e6cb2e14b016e8f45eac9c89011 to remote] DEBUG org.asynchttpclient.netty.request.NettyRequestSender - Using pooled Channel '[id: 0x79b846cd, L:/127.0.0.1:50071 - R:localhost/127.0.0.1:59697]' for 'GET' to 'http://localhost:59697/session/73fa2e6cb2e14b016e8f45eac9c89011/element/8e11fc22-328b-4d82-9d50-30f4dc815c60/name'
16:03:55.312 [Forwarding getElementTagName on session 73fa2e6cb2e14b016e8f45eac9c89011 to remote] DEBUG org.asynchttpclient.netty.request.NettyRequestSender - Using open Channel [id: 0x79b846cd, L:/127.0.0.1:50071 - R:localhost/127.0.0.1:59697] for GET '/session/73fa2e6cb2e14b016e8f45eac9c89011/element/8e11fc22-328b-4d82-9d50-30f4dc815c60/name'
16:03:55.317 [AsyncHttpClient-1-2] DEBUG org.asynchttpclient.netty.handler.HttpHandler - 

Request DefaultFullHttpRequest(decodeResult: success, version: HTTP/1.1, content: EmptyByteBufBE)
GET /session/73fa2e6cb2e14b016e8f45eac9c89011/element/8e11fc22-328b-4d82-9d50-30f4dc815c60/name HTTP/1.1
User-Agent: selenium/4.1.2 (java windows)
Cache-Control: no-cache
Content-Type: application/json; charset=utf-8
host: localhost:59697
accept: */*

Response DefaultHttpResponse(decodeResult: success, version: HTTP/1.1)
HTTP/1.1 200 OK
Content-Type: application/json; charset=utf-8
cache-control: no-cache
content-length: 15

16:03:55.318 [AsyncHttpClient-1-2] DEBUG org.asynchttpclient.netty.channel.ChannelManager - Adding key: http://localhost:59697 for channel [id: 0x79b846cd, L:/127.0.0.1:50071 - R:localhost/127.0.0.1:59697]
16:03:55.321 [Forwarding getElementTagName on session 73fa2e6cb2e14b016e8f45eac9c89011 to remote] DEBUG org.asynchttpclient.netty.request.NettyRequestSender - Using pooled Channel '[id: 0x79b846cd, L:/127.0.0.1:50071 - R:localhost/127.0.0.1:59697]' for 'GET' to 'http://localhost:59697/session/73fa2e6cb2e14b016e8f45eac9c89011/element/8e11fc22-328b-4d82-9d50-30f4dc815c60/name'
16:03:55.321 [Forwarding getElementTagName on session 73fa2e6cb2e14b016e8f45eac9c89011 to remote] DEBUG org.asynchttpclient.netty.request.NettyRequestSender - Using open Channel [id: 0x79b846cd, L:/127.0.0.1:50071 - R:localhost/127.0.0.1:59697] for GET '/session/73fa2e6cb2e14b016e8f45eac9c89011/element/8e11fc22-328b-4d82-9d50-30f4dc815c60/name'
16:03:55.325 [AsyncHttpClient-1-2] DEBUG org.asynchttpclient.netty.handler.HttpHandler - 

Request DefaultFullHttpRequest(decodeResult: success, version: HTTP/1.1, content: EmptyByteBufBE)
GET /session/73fa2e6cb2e14b016e8f45eac9c89011/element/8e11fc22-328b-4d82-9d50-30f4dc815c60/name HTTP/1.1
User-Agent: selenium/4.1.2 (java windows)
Cache-Control: no-cache
Content-Type: application/json; charset=utf-8
host: localhost:59697
accept: */*

Response DefaultHttpResponse(decodeResult: success, version: HTTP/1.1)
HTTP/1.1 200 OK
Content-Type: application/json; charset=utf-8
cache-control: no-cache
content-length: 15

16:03:55.326 [AsyncHttpClient-1-2] DEBUG org.asynchttpclient.netty.channel.ChannelManager - Adding key: http://localhost:59697 for channel [id: 0x79b846cd, L:/127.0.0.1:50071 - R:localhost/127.0.0.1:59697]
16:03:55.330 [Forwarding findElement on session 73fa2e6cb2e14b016e8f45eac9c89011 to remote] DEBUG org.asynchttpclient.netty.request.NettyRequestSender - Using pooled Channel '[id: 0x79b846cd, L:/127.0.0.1:50071 - R:localhost/127.0.0.1:59697]' for 'POST' to 'http://localhost:59697/session/73fa2e6cb2e14b016e8f45eac9c89011/element'
16:03:55.330 [Forwarding findElement on session 73fa2e6cb2e14b016e8f45eac9c89011 to remote] DEBUG org.asynchttpclient.netty.request.NettyRequestSender - Using open Channel [id: 0x79b846cd, L:/127.0.0.1:50071 - R:localhost/127.0.0.1:59697] for POST '/session/73fa2e6cb2e14b016e8f45eac9c89011/element'
16:03:55.339 [AsyncHttpClient-1-2] DEBUG org.asynchttpclient.netty.handler.HttpHandler - 

Request DefaultHttpRequest(decodeResult: success, version: HTTP/1.1)
POST /session/73fa2e6cb2e14b016e8f45eac9c89011/element HTTP/1.1
User-Agent: selenium/4.1.2 (java windows)
Content-Length: 134
Content-Type: application/json; charset=utf-8
host: localhost:59697
accept: */*

Response DefaultHttpResponse(decodeResult: success, version: HTTP/1.1)
HTTP/1.1 200 OK
Content-Type: application/json; charset=utf-8
cache-control: no-cache
content-length: 88

16:03:55.339 [AsyncHttpClient-1-2] DEBUG org.asynchttpclient.netty.channel.ChannelManager - Adding key: http://localhost:59697 for channel [id: 0x79b846cd, L:/127.0.0.1:50071 - R:localhost/127.0.0.1:59697]
16:03:55.343 [Forwarding clickElement on session 73fa2e6cb2e14b016e8f45eac9c89011 to remote] DEBUG org.asynchttpclient.netty.request.NettyRequestSender - Using pooled Channel '[id: 0x79b846cd, L:/127.0.0.1:50071 - R:localhost/127.0.0.1:59697]' for 'POST' to 'http://localhost:59697/session/73fa2e6cb2e14b016e8f45eac9c89011/element/8e11fc22-328b-4d82-9d50-30f4dc815c60/click'
16:03:55.343 [Forwarding clickElement on session 73fa2e6cb2e14b016e8f45eac9c89011 to remote] DEBUG org.asynchttpclient.netty.request.NettyRequestSender - Using open Channel [id: 0x79b846cd, L:/127.0.0.1:50071 - R:localhost/127.0.0.1:59697] for POST '/session/73fa2e6cb2e14b016e8f45eac9c89011/element/8e11fc22-328b-4d82-9d50-30f4dc815c60/click'
16:03:55.573 [AsyncHttpClient-1-1] DEBUG org.asynchttpclient.netty.channel.DefaultChannelPool - Entry count for : http://localhost:50072 : 1
16:03:56.483 [AsyncHttpClient-1-2] DEBUG org.asynchttpclient.netty.handler.HttpHandler - 

Request DefaultHttpRequest(decodeResult: success, version: HTTP/1.1)
POST /session/73fa2e6cb2e14b016e8f45eac9c89011/element/8e11fc22-328b-4d82-9d50-30f4dc815c60/click HTTP/1.1
User-Agent: selenium/4.1.2 (java windows)
Content-Length: 50
Content-Type: application/json; charset=utf-8
host: localhost:59697
accept: */*

Response DefaultHttpResponse(decodeResult: success, version: HTTP/1.1)
HTTP/1.1 200 OK
Content-Type: application/json; charset=utf-8
cache-control: no-cache
content-length: 14

16:03:56.484 [AsyncHttpClient-1-2] DEBUG org.asynchttpclient.netty.channel.ChannelManager - Adding key: http://localhost:59697 for channel [id: 0x79b846cd, L:/127.0.0.1:50071 - R:localhost/127.0.0.1:59697]
16:03:56.503 [Forwarding screenshot on session 73fa2e6cb2e14b016e8f45eac9c89011 to remote] DEBUG org.asynchttpclient.netty.request.NettyRequestSender - Using pooled Channel '[id: 0x79b846cd, L:/127.0.0.1:50071 - R:localhost/127.0.0.1:59697]' for 'GET' to 'http://localhost:59697/session/73fa2e6cb2e14b016e8f45eac9c89011/screenshot'
16:03:56.504 [Forwarding screenshot on session 73fa2e6cb2e14b016e8f45eac9c89011 to remote] DEBUG org.asynchttpclient.netty.request.NettyRequestSender - Using open Channel [id: 0x79b846cd, L:/127.0.0.1:50071 - R:localhost/127.0.0.1:59697] for GET '/session/73fa2e6cb2e14b016e8f45eac9c89011/screenshot'
16:03:56.673 [AsyncHttpClient-1-1] DEBUG org.asynchttpclient.netty.channel.DefaultChannelPool - Entry count for : http://localhost:50072 : 1
16:03:56.716 [AsyncHttpClient-1-2] DEBUG org.asynchttpclient.netty.handler.HttpHandler - 

Request DefaultFullHttpRequest(decodeResult: success, version: HTTP/1.1, content: EmptyByteBufBE)
GET /session/73fa2e6cb2e14b016e8f45eac9c89011/screenshot HTTP/1.1
User-Agent: selenium/4.1.2 (java windows)
Cache-Control: no-cache
Content-Type: application/json; charset=utf-8
host: localhost:59697
accept: */*

Response DefaultHttpResponse(decodeResult: success, version: HTTP/1.1)
HTTP/1.1 200 OK
Content-Type: application/json; charset=utf-8
cache-control: no-cache
content-length: 55372

16:03:56.717 [AsyncHttpClient-1-2] DEBUG org.asynchttpclient.netty.channel.ChannelManager - Adding key: http://localhost:59697 for channel [id: 0x79b846cd, L:/127.0.0.1:50071 - R:localhost/127.0.0.1:59697]
16:03:56.721 [main] DEBUG net.serenitybdd.core.photography.Darkroom - Send negative for processing for target\site\serenity\9e4e4d30e6e03ca337b9b6e74c3e0fb4b758a8d158d5b46074567ca6e4de1dd4.png
16:03:56.721 [main] DEBUG net.thucydides.core.steps.StepInterceptor - STEP DONE: clickMenuPatientButton
16:03:56.721 [Darkroom Processing Line] DEBUG net.serenitybdd.core.photography.DarkroomProcessingLine - Processing screenshot image in /var/screenshots/screenshot-13597950684632336212
16:03:56.721 [Darkroom Processing Line] DEBUG net.serenitybdd.core.photography.DarkroomProcessingLine - Saving screenshot to target\site\serenity\9e4e4d30e6e03ca337b9b6e74c3e0fb4b758a8d158d5b46074567ca6e4de1dd4.png
  &amp#27;[32mAnd &amp#27;[0m&amp#27;[32mI click menu patient&amp#27;[0m                        &amp#27;[90m# starter.stepdefinitions.PatientSteps.iClickMenuPatient()&amp#27;[0m
16:03:56.744 [main] DEBUG net.thucydides.core.steps.StepInterceptor - STARTING STEP: PatientSteps.iClickAddNewPatient - clickAddNewPatientButton
16:03:56.751 [Forwarding findElement on session 73fa2e6cb2e14b016e8f45eac9c89011 to remote] DEBUG org.asynchttpclient.netty.request.NettyRequestSender - Using pooled Channel '[id: 0x79b846cd, L:/127.0.0.1:50071 - R:localhost/127.0.0.1:59697]' for 'POST' to 'http://localhost:59697/session/73fa2e6cb2e14b016e8f45eac9c89011/element'
16:03:56.751 [Forwarding findElement on session 73fa2e6cb2e14b016e8f45eac9c89011 to remote] DEBUG org.asynchttpclient.netty.request.NettyRequestSender - Using open Channel [id: 0x79b846cd, L:/127.0.0.1:50071 - R:localhost/127.0.0.1:59697] for POST '/session/73fa2e6cb2e14b016e8f45eac9c89011/element'
16:03:56.767 [AsyncHttpClient-1-2] DEBUG org.asynchttpclient.netty.handler.HttpHandler - 

Request DefaultHttpRequest(decodeResult: success, version: HTTP/1.1)
POST /session/73fa2e6cb2e14b016e8f45eac9c89011/element HTTP/1.1
User-Agent: selenium/4.1.2 (java windows)
Content-Length: 133
Content-Type: application/json; charset=utf-8
host: localhost:59697
accept: */*

Response DefaultHttpResponse(decodeResult: success, version: HTTP/1.1)
HTTP/1.1 200 OK
Content-Type: application/json; charset=utf-8
cache-control: no-cache
content-length: 88

16:03:56.768 [AsyncHttpClient-1-2] DEBUG org.asynchttpclient.netty.channel.ChannelManager - Adding key: http://localhost:59697 for channel [id: 0x79b846cd, L:/127.0.0.1:50071 - R:localhost/127.0.0.1:59697]
16:03:56.772 [Forwarding getElementTagName on session 73fa2e6cb2e14b016e8f45eac9c89011 to remote] DEBUG org.asynchttpclient.netty.request.NettyRequestSender - Using pooled Channel '[id: 0x79b846cd, L:/127.0.0.1:50071 - R:localhost/127.0.0.1:59697]' for 'GET' to 'http://localhost:59697/session/73fa2e6cb2e14b016e8f45eac9c89011/element/a5c64be3-8810-49b1-b40e-f8936256f5fc/name'
16:03:56.772 [Forwarding getElementTagName on session 73fa2e6cb2e14b016e8f45eac9c89011 to remote] DEBUG org.asynchttpclient.netty.request.NettyRequestSender - Using open Channel [id: 0x79b846cd, L:/127.0.0.1:50071 - R:localhost/127.0.0.1:59697] for GET '/session/73fa2e6cb2e14b016e8f45eac9c89011/element/a5c64be3-8810-49b1-b40e-f8936256f5fc/name'
16:03:56.851 [AsyncHttpClient-1-2] DEBUG org.asynchttpclient.netty.handler.HttpHandler - 

Request DefaultFullHttpRequest(decodeResult: success, version: HTTP/1.1, content: EmptyByteBufBE)
GET /session/73fa2e6cb2e14b016e8f45eac9c89011/element/a5c64be3-8810-49b1-b40e-f8936256f5fc/name HTTP/1.1
User-Agent: selenium/4.1.2 (java windows)
Cache-Control: no-cache
Content-Type: application/json; charset=utf-8
host: localhost:59697
accept: */*

Response DefaultHttpResponse(decodeResult: success, version: HTTP/1.1)
HTTP/1.1 200 OK
Content-Type: application/json; charset=utf-8
cache-control: no-cache
content-length: 18

16:03:56.852 [AsyncHttpClient-1-2] DEBUG org.asynchttpclient.netty.channel.ChannelManager - Adding key: http://localhost:59697 for channel [id: 0x79b846cd, L:/127.0.0.1:50071 - R:localhost/127.0.0.1:59697]
16:03:56.854 [Forwarding getElementTagName on session 73fa2e6cb2e14b016e8f45eac9c89011 to remote] DEBUG org.asynchttpclient.netty.request.NettyRequestSender - Using pooled Channel '[id: 0x79b846cd, L:/127.0.0.1:50071 - R:localhost/127.0.0.1:59697]' for 'GET' to 'http://localhost:59697/session/73fa2e6cb2e14b016e8f45eac9c89011/element/a5c64be3-8810-49b1-b40e-f8936256f5fc/name'
16:03:56.855 [Forwarding getElementTagName on session 73fa2e6cb2e14b016e8f45eac9c89011 to remote] DEBUG org.asynchttpclient.netty.request.NettyRequestSender - Using open Channel [id: 0x79b846cd, L:/127.0.0.1:50071 - R:localhost/127.0.0.1:59697] for GET '/session/73fa2e6cb2e14b016e8f45eac9c89011/element/a5c64be3-8810-49b1-b40e-f8936256f5fc/name'
16:03:56.859 [AsyncHttpClient-1-2] DEBUG org.asynchttpclient.netty.handler.HttpHandler - 

Request DefaultFullHttpRequest(decodeResult: success, version: HTTP/1.1, content: EmptyByteBufBE)
GET /session/73fa2e6cb2e14b016e8f45eac9c89011/element/a5c64be3-8810-49b1-b40e-f8936256f5fc/name HTTP/1.1
User-Agent: selenium/4.1.2 (java windows)
Cache-Control: no-cache
Content-Type: application/json; charset=utf-8
host: localhost:59697
accept: */*

Response DefaultHttpResponse(decodeResult: success, version: HTTP/1.1)
HTTP/1.1 200 OK
Content-Type: application/json; charset=utf-8
cache-control: no-cache
content-length: 18

16:03:56.859 [AsyncHttpClient-1-2] DEBUG org.asynchttpclient.netty.channel.ChannelManager - Adding key: http://localhost:59697 for channel [id: 0x79b846cd, L:/127.0.0.1:50071 - R:localhost/127.0.0.1:59697]
16:03:56.866 [Forwarding isElementEnabled on session 73fa2e6cb2e14b016e8f45eac9c89011 to remote] DEBUG org.asynchttpclient.netty.request.NettyRequestSender - Using pooled Channel '[id: 0x79b846cd, L:/127.0.0.1:50071 - R:localhost/127.0.0.1:59697]' for 'GET' to 'http://localhost:59697/session/73fa2e6cb2e14b016e8f45eac9c89011/element/a5c64be3-8810-49b1-b40e-f8936256f5fc/enabled'
16:03:56.866 [Forwarding isElementEnabled on session 73fa2e6cb2e14b016e8f45eac9c89011 to remote] DEBUG org.asynchttpclient.netty.request.NettyRequestSender - Using open Channel [id: 0x79b846cd, L:/127.0.0.1:50071 - R:localhost/127.0.0.1:59697] for GET '/session/73fa2e6cb2e14b016e8f45eac9c89011/element/a5c64be3-8810-49b1-b40e-f8936256f5fc/enabled'
16:03:56.876 [AsyncHttpClient-1-2] DEBUG org.asynchttpclient.netty.handler.HttpHandler - 

Request DefaultFullHttpRequest(decodeResult: success, version: HTTP/1.1, content: EmptyByteBufBE)
GET /session/73fa2e6cb2e14b016e8f45eac9c89011/element/a5c64be3-8810-49b1-b40e-f8936256f5fc/enabled HTTP/1.1
User-Agent: selenium/4.1.2 (java windows)
Cache-Control: no-cache
Content-Type: application/json; charset=utf-8
host: localhost:59697
accept: */*

Response DefaultHttpResponse(decodeResult: success, version: HTTP/1.1)
HTTP/1.1 200 OK
Content-Type: application/json; charset=utf-8
cache-control: no-cache
content-length: 14

16:03:56.876 [AsyncHttpClient-1-2] DEBUG org.asynchttpclient.netty.channel.ChannelManager - Adding key: http://localhost:59697 for channel [id: 0x79b846cd, L:/127.0.0.1:50071 - R:localhost/127.0.0.1:59697]
16:03:56.879 [Forwarding isElementEnabled on session 73fa2e6cb2e14b016e8f45eac9c89011 to remote] DEBUG org.asynchttpclient.netty.request.NettyRequestSender - Using pooled Channel '[id: 0x79b846cd, L:/127.0.0.1:50071 - R:localhost/127.0.0.1:59697]' for 'GET' to 'http://localhost:59697/session/73fa2e6cb2e14b016e8f45eac9c89011/element/a5c64be3-8810-49b1-b40e-f8936256f5fc/enabled'
16:03:56.879 [Forwarding isElementEnabled on session 73fa2e6cb2e14b016e8f45eac9c89011 to remote] DEBUG org.asynchttpclient.netty.request.NettyRequestSender - Using open Channel [id: 0x79b846cd, L:/127.0.0.1:50071 - R:localhost/127.0.0.1:59697] for GET '/session/73fa2e6cb2e14b016e8f45eac9c89011/element/a5c64be3-8810-49b1-b40e-f8936256f5fc/enabled'
16:03:56.887 [AsyncHttpClient-1-2] DEBUG org.asynchttpclient.netty.handler.HttpHandler - 

Request DefaultFullHttpRequest(decodeResult: success, version: HTTP/1.1, content: EmptyByteBufBE)
GET /session/73fa2e6cb2e14b016e8f45eac9c89011/element/a5c64be3-8810-49b1-b40e-f8936256f5fc/enabled HTTP/1.1
User-Agent: selenium/4.1.2 (java windows)
Cache-Control: no-cache
Content-Type: application/json; charset=utf-8
host: localhost:59697
accept: */*

Response DefaultHttpResponse(decodeResult: success, version: HTTP/1.1)
HTTP/1.1 200 OK
Content-Type: application/json; charset=utf-8
cache-control: no-cache
content-length: 14

16:03:56.887 [AsyncHttpClient-1-2] DEBUG org.asynchttpclient.netty.channel.ChannelManager - Adding key: http://localhost:59697 for channel [id: 0x79b846cd, L:/127.0.0.1:50071 - R:localhost/127.0.0.1:59697]
16:03:56.891 [Forwarding findElement on session 73fa2e6cb2e14b016e8f45eac9c89011 to remote] DEBUG org.asynchttpclient.netty.request.NettyRequestSender - Using pooled Channel '[id: 0x79b846cd, L:/127.0.0.1:50071 - R:localhost/127.0.0.1:59697]' for 'POST' to 'http://localhost:59697/session/73fa2e6cb2e14b016e8f45eac9c89011/element'
16:03:56.891 [Forwarding findElement on session 73fa2e6cb2e14b016e8f45eac9c89011 to remote] DEBUG org.asynchttpclient.netty.request.NettyRequestSender - Using open Channel [id: 0x79b846cd, L:/127.0.0.1:50071 - R:localhost/127.0.0.1:59697] for POST '/session/73fa2e6cb2e14b016e8f45eac9c89011/element'
16:03:56.900 [AsyncHttpClient-1-2] DEBUG org.asynchttpclient.netty.handler.HttpHandler - 

Request DefaultHttpRequest(decodeResult: success, version: HTTP/1.1)
POST /session/73fa2e6cb2e14b016e8f45eac9c89011/element HTTP/1.1
User-Agent: selenium/4.1.2 (java windows)
Content-Length: 133
Content-Type: application/json; charset=utf-8
host: localhost:59697
accept: */*

Response DefaultHttpResponse(decodeResult: success, version: HTTP/1.1)
HTTP/1.1 200 OK
Content-Type: application/json; charset=utf-8
cache-control: no-cache
content-length: 88

16:03:56.900 [AsyncHttpClient-1-2] DEBUG org.asynchttpclient.netty.channel.ChannelManager - Adding key: http://localhost:59697 for channel [id: 0x79b846cd, L:/127.0.0.1:50071 - R:localhost/127.0.0.1:59697]
16:03:56.903 [Forwarding clickElement on session 73fa2e6cb2e14b016e8f45eac9c89011 to remote] DEBUG org.asynchttpclient.netty.request.NettyRequestSender - Using pooled Channel '[id: 0x79b846cd, L:/127.0.0.1:50071 - R:localhost/127.0.0.1:59697]' for 'POST' to 'http://localhost:59697/session/73fa2e6cb2e14b016e8f45eac9c89011/element/a5c64be3-8810-49b1-b40e-f8936256f5fc/click'
16:03:56.903 [Forwarding clickElement on session 73fa2e6cb2e14b016e8f45eac9c89011 to remote] DEBUG org.asynchttpclient.netty.request.NettyRequestSender - Using open Channel [id: 0x79b846cd, L:/127.0.0.1:50071 - R:localhost/127.0.0.1:59697] for POST '/session/73fa2e6cb2e14b016e8f45eac9c89011/element/a5c64be3-8810-49b1-b40e-f8936256f5fc/click'
16:03:57.405 [AsyncHttpClient-1-2] DEBUG org.asynchttpclient.netty.handler.HttpHandler - 

Request DefaultHttpRequest(decodeResult: success, version: HTTP/1.1)
POST /session/73fa2e6cb2e14b016e8f45eac9c89011/element/a5c64be3-8810-49b1-b40e-f8936256f5fc/click HTTP/1.1
User-Agent: selenium/4.1.2 (java windows)
Content-Length: 50
Content-Type: application/json; charset=utf-8
host: localhost:59697
accept: */*

Response DefaultHttpResponse(decodeResult: success, version: HTTP/1.1)
HTTP/1.1 200 OK
Content-Type: application/json; charset=utf-8
cache-control: no-cache
content-length: 14

16:03:57.406 [AsyncHttpClient-1-2] DEBUG org.asynchttpclient.netty.channel.ChannelManager - Adding key: http://localhost:59697 for channel [id: 0x79b846cd, L:/127.0.0.1:50071 - R:localhost/127.0.0.1:59697]
16:03:57.429 [Forwarding screenshot on session 73fa2e6cb2e14b016e8f45eac9c89011 to remote] DEBUG org.asynchttpclient.netty.request.NettyRequestSender - Using pooled Channel '[id: 0x79b846cd, L:/127.0.0.1:50071 - R:localhost/127.0.0.1:59697]' for 'GET' to 'http://localhost:59697/session/73fa2e6cb2e14b016e8f45eac9c89011/screenshot'
16:03:57.430 [Forwarding screenshot on session 73fa2e6cb2e14b016e8f45eac9c89011 to remote] DEBUG org.asynchttpclient.netty.request.NettyRequestSender - Using open Channel [id: 0x79b846cd, L:/127.0.0.1:50071 - R:localhost/127.0.0.1:59697] for GET '/session/73fa2e6cb2e14b016e8f45eac9c89011/screenshot'
16:03:57.773 [AsyncHttpClient-1-1] DEBUG org.asynchttpclient.netty.channel.DefaultChannelPool - Entry count for : http://localhost:50072 : 1
16:03:57.896 [AsyncHttpClient-1-2] DEBUG org.asynchttpclient.netty.handler.HttpHandler - 

Request DefaultFullHttpRequest(decodeResult: success, version: HTTP/1.1, content: EmptyByteBufBE)
GET /session/73fa2e6cb2e14b016e8f45eac9c89011/screenshot HTTP/1.1
User-Agent: selenium/4.1.2 (java windows)
Cache-Control: no-cache
Content-Type: application/json; charset=utf-8
host: localhost:59697
accept: */*

Response DefaultHttpResponse(decodeResult: success, version: HTTP/1.1)
HTTP/1.1 200 OK
Content-Type: application/json; charset=utf-8
cache-control: no-cache
content-length: 95892

16:03:57.899 [AsyncHttpClient-1-2] DEBUG org.asynchttpclient.netty.channel.ChannelManager - Adding key: http://localhost:59697 for channel [id: 0x79b846cd, L:/127.0.0.1:50071 - R:localhost/127.0.0.1:59697]
16:03:57.909 [main] DEBUG net.serenitybdd.core.photography.Darkroom - Send negative for processing for target\site\serenity\f2e54420098cf20612b618511020accb28b90e5f7a1c6be395db8ffaf865dc81.png
16:03:57.911 [main] DEBUG net.thucydides.core.steps.StepInterceptor - STEP DONE: clickAddNewPatientButton
16:03:57.911 [Darkroom Processing Line] DEBUG net.serenitybdd.core.photography.DarkroomProcessingLine - Processing screenshot image in /var/screenshots/screenshot-12825059282125864010
16:03:57.911 [Darkroom Processing Line] DEBUG net.serenitybdd.core.photography.DarkroomProcessingLine - Saving screenshot to target\site\serenity\f2e54420098cf20612b618511020accb28b90e5f7a1c6be395db8ffaf865dc81.png
  &amp#27;[32mWhen &amp#27;[0m&amp#27;[32mI click Add New Patient&amp#27;[0m                    &amp#27;[90m# starter.stepdefinitions.PatientSteps.iClickAddNewPatient()&amp#27;[0m
16:03:57.945 [main] DEBUG net.thucydides.core.steps.StepInterceptor - STARTING STEP: PatientSteps.iInputValidDataPatientAndClickSubmit - inputName
16:03:57.951 [Forwarding findElement on session 73fa2e6cb2e14b016e8f45eac9c89011 to remote] DEBUG org.asynchttpclient.netty.request.NettyRequestSender - Using pooled Channel '[id: 0x79b846cd, L:/127.0.0.1:50071 - R:localhost/127.0.0.1:59697]' for 'POST' to 'http://localhost:59697/session/73fa2e6cb2e14b016e8f45eac9c89011/element'
16:03:57.952 [Forwarding findElement on session 73fa2e6cb2e14b016e8f45eac9c89011 to remote] DEBUG org.asynchttpclient.netty.request.NettyRequestSender - Using open Channel [id: 0x79b846cd, L:/127.0.0.1:50071 - R:localhost/127.0.0.1:59697] for POST '/session/73fa2e6cb2e14b016e8f45eac9c89011/element'
16:03:57.969 [AsyncHttpClient-1-2] DEBUG org.asynchttpclient.netty.handler.HttpHandler - 

Request DefaultHttpRequest(decodeResult: success, version: HTTP/1.1)
POST /session/73fa2e6cb2e14b016e8f45eac9c89011/element HTTP/1.1
User-Agent: selenium/4.1.2 (java windows)
Content-Length: 134
Content-Type: application/json; charset=utf-8
host: localhost:59697
accept: */*

Response DefaultHttpResponse(decodeResult: success, version: HTTP/1.1)
HTTP/1.1 200 OK
Content-Type: application/json; charset=utf-8
cache-control: no-cache
content-length: 88

16:03:57.970 [AsyncHttpClient-1-2] DEBUG org.asynchttpclient.netty.channel.ChannelManager - Adding key: http://localhost:59697 for channel [id: 0x79b846cd, L:/127.0.0.1:50071 - R:localhost/127.0.0.1:59697]
16:03:57.972 [Forwarding clearElement on session 73fa2e6cb2e14b016e8f45eac9c89011 to remote] DEBUG org.asynchttpclient.netty.request.NettyRequestSender - Using pooled Channel '[id: 0x79b846cd, L:/127.0.0.1:50071 - R:localhost/127.0.0.1:59697]' for 'POST' to 'http://localhost:59697/session/73fa2e6cb2e14b016e8f45eac9c89011/element/9e5db1f4-079e-4922-8282-6a282d2b8c48/clear'
16:03:57.973 [Forwarding clearElement on session 73fa2e6cb2e14b016e8f45eac9c89011 to remote] DEBUG org.asynchttpclient.netty.request.NettyRequestSender - Using open Channel [id: 0x79b846cd, L:/127.0.0.1:50071 - R:localhost/127.0.0.1:59697] for POST '/session/73fa2e6cb2e14b016e8f45eac9c89011/element/9e5db1f4-079e-4922-8282-6a282d2b8c48/clear'
16:03:58.013 [AsyncHttpClient-1-2] DEBUG org.asynchttpclient.netty.handler.HttpHandler - 

Request DefaultHttpRequest(decodeResult: success, version: HTTP/1.1)
POST /session/73fa2e6cb2e14b016e8f45eac9c89011/element/9e5db1f4-079e-4922-8282-6a282d2b8c48/clear HTTP/1.1
User-Agent: selenium/4.1.2 (java windows)
Content-Length: 50
Content-Type: application/json; charset=utf-8
host: localhost:59697
accept: */*

Response DefaultHttpResponse(decodeResult: success, version: HTTP/1.1)
HTTP/1.1 200 OK
Content-Type: application/json; charset=utf-8
cache-control: no-cache
content-length: 14

16:03:58.013 [AsyncHttpClient-1-2] DEBUG org.asynchttpclient.netty.channel.ChannelManager - Adding key: http://localhost:59697 for channel [id: 0x79b846cd, L:/127.0.0.1:50071 - R:localhost/127.0.0.1:59697]
16:03:58.019 [Forwarding sendKeysToElement on session 73fa2e6cb2e14b016e8f45eac9c89011 to remote] DEBUG org.asynchttpclient.netty.request.NettyRequestSender - Using pooled Channel '[id: 0x79b846cd, L:/127.0.0.1:50071 - R:localhost/127.0.0.1:59697]' for 'POST' to 'http://localhost:59697/session/73fa2e6cb2e14b016e8f45eac9c89011/element/9e5db1f4-079e-4922-8282-6a282d2b8c48/value'
16:03:58.019 [Forwarding sendKeysToElement on session 73fa2e6cb2e14b016e8f45eac9c89011 to remote] DEBUG org.asynchttpclient.netty.request.NettyRequestSender - Using open Channel [id: 0x79b846cd, L:/127.0.0.1:50071 - R:localhost/127.0.0.1:59697] for POST '/session/73fa2e6cb2e14b016e8f45eac9c89011/element/9e5db1f4-079e-4922-8282-6a282d2b8c48/value'
16:03:58.181 [AsyncHttpClient-1-2] DEBUG org.asynchttpclient.netty.handler.HttpHandler - 

Request DefaultHttpRequest(decodeResult: success, version: HTTP/1.1)
POST /session/73fa2e6cb2e14b016e8f45eac9c89011/element/9e5db1f4-079e-4922-8282-6a282d2b8c48/value HTTP/1.1
User-Agent: selenium/4.1.2 (java windows)
Content-Length: 101
Content-Type: application/json; charset=utf-8
host: localhost:59697
accept: */*

Response DefaultHttpResponse(decodeResult: success, version: HTTP/1.1)
HTTP/1.1 200 OK
Content-Type: application/json; charset=utf-8
cache-control: no-cache
content-length: 14

16:03:58.182 [AsyncHttpClient-1-2] DEBUG org.asynchttpclient.netty.channel.ChannelManager - Adding key: http://localhost:59697 for channel [id: 0x79b846cd, L:/127.0.0.1:50071 - R:localhost/127.0.0.1:59697]
16:03:58.197 [Forwarding screenshot on session 73fa2e6cb2e14b016e8f45eac9c89011 to remote] DEBUG org.asynchttpclient.netty.request.NettyRequestSender - Using pooled Channel '[id: 0x79b846cd, L:/127.0.0.1:50071 - R:localhost/127.0.0.1:59697]' for 'GET' to 'http://localhost:59697/session/73fa2e6cb2e14b016e8f45eac9c89011/screenshot'
16:03:58.197 [Forwarding screenshot on session 73fa2e6cb2e14b016e8f45eac9c89011 to remote] DEBUG org.asynchttpclient.netty.request.NettyRequestSender - Using open Channel [id: 0x79b846cd, L:/127.0.0.1:50071 - R:localhost/127.0.0.1:59697] for GET '/session/73fa2e6cb2e14b016e8f45eac9c89011/screenshot'
16:03:58.319 [AsyncHttpClient-1-2] DEBUG org.asynchttpclient.netty.handler.HttpHandler - 

Request DefaultFullHttpRequest(decodeResult: success, version: HTTP/1.1, content: EmptyByteBufBE)
GET /session/73fa2e6cb2e14b016e8f45eac9c89011/screenshot HTTP/1.1
User-Agent: selenium/4.1.2 (java windows)
Cache-Control: no-cache
Content-Type: application/json; charset=utf-8
host: localhost:59697
accept: */*

Response DefaultHttpResponse(decodeResult: success, version: HTTP/1.1)
HTTP/1.1 200 OK
Content-Type: application/json; charset=utf-8
cache-control: no-cache
content-length: 85068

16:03:58.321 [AsyncHttpClient-1-2] DEBUG org.asynchttpclient.netty.channel.ChannelManager - Adding key: http://localhost:59697 for channel [id: 0x79b846cd, L:/127.0.0.1:50071 - R:localhost/127.0.0.1:59697]
16:03:58.326 [main] DEBUG net.serenitybdd.core.photography.Darkroom - Send negative for processing for target\site\serenity\42f85e96d2e1d99791ffc2af547444f1dda9a5d5715b4dd3a2b783079ef5f678.png
16:03:58.327 [main] DEBUG net.thucydides.core.steps.StepInterceptor - STEP DONE: inputName
16:03:58.327 [Darkroom Processing Line] DEBUG net.serenitybdd.core.photography.DarkroomProcessingLine - Processing screenshot image in /var/screenshots/screenshot-13011357328323080068
16:03:58.327 [Darkroom Processing Line] DEBUG net.serenitybdd.core.photography.DarkroomProcessingLine - Saving screenshot to target\site\serenity\42f85e96d2e1d99791ffc2af547444f1dda9a5d5715b4dd3a2b783079ef5f678.png
16:03:58.340 [main] DEBUG net.thucydides.core.steps.StepInterceptor - STARTING STEP: PatientSteps.iInputValidDataPatientAndClickSubmit - inputDateOfBirth
16:03:58.346 [Forwarding findElement on session 73fa2e6cb2e14b016e8f45eac9c89011 to remote] DEBUG org.asynchttpclient.netty.request.NettyRequestSender - Using pooled Channel '[id: 0x79b846cd, L:/127.0.0.1:50071 - R:localhost/127.0.0.1:59697]' for 'POST' to 'http://localhost:59697/session/73fa2e6cb2e14b016e8f45eac9c89011/element'
16:03:58.346 [Forwarding findElement on session 73fa2e6cb2e14b016e8f45eac9c89011 to remote] DEBUG org.asynchttpclient.netty.request.NettyRequestSender - Using open Channel [id: 0x79b846cd, L:/127.0.0.1:50071 - R:localhost/127.0.0.1:59697] for POST '/session/73fa2e6cb2e14b016e8f45eac9c89011/element'
16:03:58.362 [AsyncHttpClient-1-2] DEBUG org.asynchttpclient.netty.handler.HttpHandler - 

Request DefaultHttpRequest(decodeResult: success, version: HTTP/1.1)
POST /session/73fa2e6cb2e14b016e8f45eac9c89011/element HTTP/1.1
User-Agent: selenium/4.1.2 (java windows)
Content-Length: 134
Content-Type: application/json; charset=utf-8
host: localhost:59697
accept: */*

Response DefaultHttpResponse(decodeResult: success, version: HTTP/1.1)
HTTP/1.1 200 OK
Content-Type: application/json; charset=utf-8
cache-control: no-cache
content-length: 88

16:03:58.363 [AsyncHttpClient-1-2] DEBUG org.asynchttpclient.netty.channel.ChannelManager - Adding key: http://localhost:59697 for channel [id: 0x79b846cd, L:/127.0.0.1:50071 - R:localhost/127.0.0.1:59697]
16:03:58.366 [Forwarding clearElement on session 73fa2e6cb2e14b016e8f45eac9c89011 to remote] DEBUG org.asynchttpclient.netty.request.NettyRequestSender - Using pooled Channel '[id: 0x79b846cd, L:/127.0.0.1:50071 - R:localhost/127.0.0.1:59697]' for 'POST' to 'http://localhost:59697/session/73fa2e6cb2e14b016e8f45eac9c89011/element/041ca7c5-5825-4d39-a8cc-cb5e0e56c448/clear'
16:03:58.366 [Forwarding clearElement on session 73fa2e6cb2e14b016e8f45eac9c89011 to remote] DEBUG org.asynchttpclient.netty.request.NettyRequestSender - Using open Channel [id: 0x79b846cd, L:/127.0.0.1:50071 - R:localhost/127.0.0.1:59697] for POST '/session/73fa2e6cb2e14b016e8f45eac9c89011/element/041ca7c5-5825-4d39-a8cc-cb5e0e56c448/clear'
16:03:58.455 [AsyncHttpClient-1-2] DEBUG org.asynchttpclient.netty.handler.HttpHandler - 

Request DefaultHttpRequest(decodeResult: success, version: HTTP/1.1)
POST /session/73fa2e6cb2e14b016e8f45eac9c89011/element/041ca7c5-5825-4d39-a8cc-cb5e0e56c448/clear HTTP/1.1
User-Agent: selenium/4.1.2 (java windows)
Content-Length: 50
Content-Type: application/json; charset=utf-8
host: localhost:59697
accept: */*

Response DefaultHttpResponse(decodeResult: success, version: HTTP/1.1)
HTTP/1.1 200 OK
Content-Type: application/json; charset=utf-8
cache-control: no-cache
content-length: 14

16:03:58.456 [AsyncHttpClient-1-2] DEBUG org.asynchttpclient.netty.channel.ChannelManager - Adding key: http://localhost:59697 for channel [id: 0x79b846cd, L:/127.0.0.1:50071 - R:localhost/127.0.0.1:59697]
16:03:58.460 [Forwarding sendKeysToElement on session 73fa2e6cb2e14b016e8f45eac9c89011 to remote] DEBUG org.asynchttpclient.netty.request.NettyRequestSender - Using pooled Channel '[id: 0x79b846cd, L:/127.0.0.1:50071 - R:localhost/127.0.0.1:59697]' for 'POST' to 'http://localhost:59697/session/73fa2e6cb2e14b016e8f45eac9c89011/element/041ca7c5-5825-4d39-a8cc-cb5e0e56c448/value'
16:03:58.460 [Forwarding sendKeysToElement on session 73fa2e6cb2e14b016e8f45eac9c89011 to remote] DEBUG org.asynchttpclient.netty.request.NettyRequestSender - Using open Channel [id: 0x79b846cd, L:/127.0.0.1:50071 - R:localhost/127.0.0.1:59697] for POST '/session/73fa2e6cb2e14b016e8f45eac9c89011/element/041ca7c5-5825-4d39-a8cc-cb5e0e56c448/value'
16:03:58.772 [AsyncHttpClient-1-2] DEBUG org.asynchttpclient.netty.handler.HttpHandler - 

Request DefaultHttpRequest(decodeResult: success, version: HTTP/1.1)
POST /session/73fa2e6cb2e14b016e8f45eac9c89011/element/041ca7c5-5825-4d39-a8cc-cb5e0e56c448/value HTTP/1.1
User-Agent: selenium/4.1.2 (java windows)
Content-Length: 161
Content-Type: application/json; charset=utf-8
host: localhost:59697
accept: */*

Response DefaultHttpResponse(decodeResult: success, version: HTTP/1.1)
HTTP/1.1 200 OK
Content-Type: application/json; charset=utf-8
cache-control: no-cache
content-length: 14

16:03:58.773 [AsyncHttpClient-1-2] DEBUG org.asynchttpclient.netty.channel.ChannelManager - Adding key: http://localhost:59697 for channel [id: 0x79b846cd, L:/127.0.0.1:50071 - R:localhost/127.0.0.1:59697]
16:03:58.792 [Forwarding screenshot on session 73fa2e6cb2e14b016e8f45eac9c89011 to remote] DEBUG org.asynchttpclient.netty.request.NettyRequestSender - Using pooled Channel '[id: 0x79b846cd, L:/127.0.0.1:50071 - R:localhost/127.0.0.1:59697]' for 'GET' to 'http://localhost:59697/session/73fa2e6cb2e14b016e8f45eac9c89011/screenshot'
16:03:58.792 [Forwarding screenshot on session 73fa2e6cb2e14b016e8f45eac9c89011 to remote] DEBUG org.asynchttpclient.netty.request.NettyRequestSender - Using open Channel [id: 0x79b846cd, L:/127.0.0.1:50071 - R:localhost/127.0.0.1:59697] for GET '/session/73fa2e6cb2e14b016e8f45eac9c89011/screenshot'
16:03:58.873 [AsyncHttpClient-1-1] DEBUG org.asynchttpclient.netty.channel.DefaultChannelPool - Entry count for : http://localhost:50072 : 1
16:03:58.920 [AsyncHttpClient-1-2] DEBUG org.asynchttpclient.netty.handler.HttpHandler - 

Request DefaultFullHttpRequest(decodeResult: success, version: HTTP/1.1, content: EmptyByteBufBE)
GET /session/73fa2e6cb2e14b016e8f45eac9c89011/screenshot HTTP/1.1
User-Agent: selenium/4.1.2 (java windows)
Cache-Control: no-cache
Content-Type: application/json; charset=utf-8
host: localhost:59697
accept: */*

Response DefaultHttpResponse(decodeResult: success, version: HTTP/1.1)
HTTP/1.1 200 OK
Content-Type: application/json; charset=utf-8
cache-control: no-cache
content-length: 85136

16:03:58.922 [AsyncHttpClient-1-2] DEBUG org.asynchttpclient.netty.channel.ChannelManager - Adding key: http://localhost:59697 for channel [id: 0x79b846cd, L:/127.0.0.1:50071 - R:localhost/127.0.0.1:59697]
16:03:58.928 [main] DEBUG net.serenitybdd.core.photography.Darkroom - Send negative for processing for target\site\serenity\ff90ba56f22cb1357d6a32baf7feb022ed7561d6bd9dcbb957b0f6767cca1a5e.png
16:03:58.929 [main] DEBUG net.thucydides.core.steps.StepInterceptor - STEP DONE: inputDateOfBirth
16:03:58.929 [Darkroom Processing Line] DEBUG net.serenitybdd.core.photography.DarkroomProcessingLine - Processing screenshot image in /var/screenshots/screenshot-16800548812617237863
16:03:58.929 [Darkroom Processing Line] DEBUG net.serenitybdd.core.photography.DarkroomProcessingLine - Saving screenshot to target\site\serenity\ff90ba56f22cb1357d6a32baf7feb022ed7561d6bd9dcbb957b0f6767cca1a5e.png
16:03:58.939 [main] DEBUG net.thucydides.core.steps.StepInterceptor - STARTING STEP: PatientSteps.iInputValidDataPatientAndClickSubmit - clickGenderType
16:03:58.945 [Forwarding findElement on session 73fa2e6cb2e14b016e8f45eac9c89011 to remote] DEBUG org.asynchttpclient.netty.request.NettyRequestSender - Using pooled Channel '[id: 0x79b846cd, L:/127.0.0.1:50071 - R:localhost/127.0.0.1:59697]' for 'POST' to 'http://localhost:59697/session/73fa2e6cb2e14b016e8f45eac9c89011/element'
16:03:58.945 [Forwarding findElement on session 73fa2e6cb2e14b016e8f45eac9c89011 to remote] DEBUG org.asynchttpclient.netty.request.NettyRequestSender - Using open Channel [id: 0x79b846cd, L:/127.0.0.1:50071 - R:localhost/127.0.0.1:59697] for POST '/session/73fa2e6cb2e14b016e8f45eac9c89011/element'
16:03:58.962 [AsyncHttpClient-1-2] DEBUG org.asynchttpclient.netty.handler.HttpHandler - 

Request DefaultHttpRequest(decodeResult: success, version: HTTP/1.1)
POST /session/73fa2e6cb2e14b016e8f45eac9c89011/element HTTP/1.1
User-Agent: selenium/4.1.2 (java windows)
Content-Length: 152
Content-Type: application/json; charset=utf-8
host: localhost:59697
accept: */*

Response DefaultHttpResponse(decodeResult: success, version: HTTP/1.1)
HTTP/1.1 200 OK
Content-Type: application/json; charset=utf-8
cache-control: no-cache
content-length: 88

16:03:58.962 [AsyncHttpClient-1-2] DEBUG org.asynchttpclient.netty.channel.ChannelManager - Adding key: http://localhost:59697 for channel [id: 0x79b846cd, L:/127.0.0.1:50071 - R:localhost/127.0.0.1:59697]
16:03:58.966 [Forwarding getElementTagName on session 73fa2e6cb2e14b016e8f45eac9c89011 to remote] DEBUG org.asynchttpclient.netty.request.NettyRequestSender - Using pooled Channel '[id: 0x79b846cd, L:/127.0.0.1:50071 - R:localhost/127.0.0.1:59697]' for 'GET' to 'http://localhost:59697/session/73fa2e6cb2e14b016e8f45eac9c89011/element/deec0f45-30e1-496f-92b8-49d02067181a/name'
16:03:58.966 [Forwarding getElementTagName on session 73fa2e6cb2e14b016e8f45eac9c89011 to remote] DEBUG org.asynchttpclient.netty.request.NettyRequestSender - Using open Channel [id: 0x79b846cd, L:/127.0.0.1:50071 - R:localhost/127.0.0.1:59697] for GET '/session/73fa2e6cb2e14b016e8f45eac9c89011/element/deec0f45-30e1-496f-92b8-49d02067181a/name'
16:03:58.978 [AsyncHttpClient-1-2] DEBUG org.asynchttpclient.netty.handler.HttpHandler - 

Request DefaultFullHttpRequest(decodeResult: success, version: HTTP/1.1, content: EmptyByteBufBE)
GET /session/73fa2e6cb2e14b016e8f45eac9c89011/element/deec0f45-30e1-496f-92b8-49d02067181a/name HTTP/1.1
User-Agent: selenium/4.1.2 (java windows)
Cache-Control: no-cache
Content-Type: application/json; charset=utf-8
host: localhost:59697
accept: */*

Response DefaultHttpResponse(decodeResult: success, version: HTTP/1.1)
HTTP/1.1 200 OK
Content-Type: application/json; charset=utf-8
cache-control: no-cache
content-length: 17

16:03:58.978 [AsyncHttpClient-1-2] DEBUG org.asynchttpclient.netty.channel.ChannelManager - Adding key: http://localhost:59697 for channel [id: 0x79b846cd, L:/127.0.0.1:50071 - R:localhost/127.0.0.1:59697]
16:03:58.981 [Forwarding getElementTagName on session 73fa2e6cb2e14b016e8f45eac9c89011 to remote] DEBUG org.asynchttpclient.netty.request.NettyRequestSender - Using pooled Channel '[id: 0x79b846cd, L:/127.0.0.1:50071 - R:localhost/127.0.0.1:59697]' for 'GET' to 'http://localhost:59697/session/73fa2e6cb2e14b016e8f45eac9c89011/element/deec0f45-30e1-496f-92b8-49d02067181a/name'
16:03:58.982 [Forwarding getElementTagName on session 73fa2e6cb2e14b016e8f45eac9c89011 to remote] DEBUG org.asynchttpclient.netty.request.NettyRequestSender - Using open Channel [id: 0x79b846cd, L:/127.0.0.1:50071 - R:localhost/127.0.0.1:59697] for GET '/session/73fa2e6cb2e14b016e8f45eac9c89011/element/deec0f45-30e1-496f-92b8-49d02067181a/name'
16:03:58.987 [AsyncHttpClient-1-2] DEBUG org.asynchttpclient.netty.handler.HttpHandler - 

Request DefaultFullHttpRequest(decodeResult: success, version: HTTP/1.1, content: EmptyByteBufBE)
GET /session/73fa2e6cb2e14b016e8f45eac9c89011/element/deec0f45-30e1-496f-92b8-49d02067181a/name HTTP/1.1
User-Agent: selenium/4.1.2 (java windows)
Cache-Control: no-cache
Content-Type: application/json; charset=utf-8
host: localhost:59697
accept: */*

Response DefaultHttpResponse(decodeResult: success, version: HTTP/1.1)
HTTP/1.1 200 OK
Content-Type: application/json; charset=utf-8
cache-control: no-cache
content-length: 17

16:03:58.987 [AsyncHttpClient-1-2] DEBUG org.asynchttpclient.netty.channel.ChannelManager - Adding key: http://localhost:59697 for channel [id: 0x79b846cd, L:/127.0.0.1:50071 - R:localhost/127.0.0.1:59697]
16:03:58.993 [Forwarding isElementEnabled on session 73fa2e6cb2e14b016e8f45eac9c89011 to remote] DEBUG org.asynchttpclient.netty.request.NettyRequestSender - Using pooled Channel '[id: 0x79b846cd, L:/127.0.0.1:50071 - R:localhost/127.0.0.1:59697]' for 'GET' to 'http://localhost:59697/session/73fa2e6cb2e14b016e8f45eac9c89011/element/deec0f45-30e1-496f-92b8-49d02067181a/enabled'
16:03:58.994 [Forwarding isElementEnabled on session 73fa2e6cb2e14b016e8f45eac9c89011 to remote] DEBUG org.asynchttpclient.netty.request.NettyRequestSender - Using open Channel [id: 0x79b846cd, L:/127.0.0.1:50071 - R:localhost/127.0.0.1:59697] for GET '/session/73fa2e6cb2e14b016e8f45eac9c89011/element/deec0f45-30e1-496f-92b8-49d02067181a/enabled'
16:03:59.008 [AsyncHttpClient-1-2] DEBUG org.asynchttpclient.netty.handler.HttpHandler - 

Request DefaultFullHttpRequest(decodeResult: success, version: HTTP/1.1, content: EmptyByteBufBE)
GET /session/73fa2e6cb2e14b016e8f45eac9c89011/element/deec0f45-30e1-496f-92b8-49d02067181a/enabled HTTP/1.1
User-Agent: selenium/4.1.2 (java windows)
Cache-Control: no-cache
Content-Type: application/json; charset=utf-8
host: localhost:59697
accept: */*

Response DefaultHttpResponse(decodeResult: success, version: HTTP/1.1)
HTTP/1.1 200 OK
Content-Type: application/json; charset=utf-8
cache-control: no-cache
content-length: 14

16:03:59.008 [AsyncHttpClient-1-2] DEBUG org.asynchttpclient.netty.channel.ChannelManager - Adding key: http://localhost:59697 for channel [id: 0x79b846cd, L:/127.0.0.1:50071 - R:localhost/127.0.0.1:59697]
16:03:59.012 [Forwarding isElementEnabled on session 73fa2e6cb2e14b016e8f45eac9c89011 to remote] DEBUG org.asynchttpclient.netty.request.NettyRequestSender - Using pooled Channel '[id: 0x79b846cd, L:/127.0.0.1:50071 - R:localhost/127.0.0.1:59697]' for 'GET' to 'http://localhost:59697/session/73fa2e6cb2e14b016e8f45eac9c89011/element/deec0f45-30e1-496f-92b8-49d02067181a/enabled'
16:03:59.012 [Forwarding isElementEnabled on session 73fa2e6cb2e14b016e8f45eac9c89011 to remote] DEBUG org.asynchttpclient.netty.request.NettyRequestSender - Using open Channel [id: 0x79b846cd, L:/127.0.0.1:50071 - R:localhost/127.0.0.1:59697] for GET '/session/73fa2e6cb2e14b016e8f45eac9c89011/element/deec0f45-30e1-496f-92b8-49d02067181a/enabled'
16:03:59.024 [AsyncHttpClient-1-2] DEBUG org.asynchttpclient.netty.handler.HttpHandler - 

Request DefaultFullHttpRequest(decodeResult: success, version: HTTP/1.1, content: EmptyByteBufBE)
GET /session/73fa2e6cb2e14b016e8f45eac9c89011/element/deec0f45-30e1-496f-92b8-49d02067181a/enabled HTTP/1.1
User-Agent: selenium/4.1.2 (java windows)
Cache-Control: no-cache
Content-Type: application/json; charset=utf-8
host: localhost:59697
accept: */*

Response DefaultHttpResponse(decodeResult: success, version: HTTP/1.1)
HTTP/1.1 200 OK
Content-Type: application/json; charset=utf-8
cache-control: no-cache
content-length: 14

16:03:59.024 [AsyncHttpClient-1-2] DEBUG org.asynchttpclient.netty.channel.ChannelManager - Adding key: http://localhost:59697 for channel [id: 0x79b846cd, L:/127.0.0.1:50071 - R:localhost/127.0.0.1:59697]
16:03:59.028 [Forwarding findElement on session 73fa2e6cb2e14b016e8f45eac9c89011 to remote] DEBUG org.asynchttpclient.netty.request.NettyRequestSender - Using pooled Channel '[id: 0x79b846cd, L:/127.0.0.1:50071 - R:localhost/127.0.0.1:59697]' for 'POST' to 'http://localhost:59697/session/73fa2e6cb2e14b016e8f45eac9c89011/element'
16:03:59.028 [Forwarding findElement on session 73fa2e6cb2e14b016e8f45eac9c89011 to remote] DEBUG org.asynchttpclient.netty.request.NettyRequestSender - Using open Channel [id: 0x79b846cd, L:/127.0.0.1:50071 - R:localhost/127.0.0.1:59697] for POST '/session/73fa2e6cb2e14b016e8f45eac9c89011/element'
16:03:59.038 [AsyncHttpClient-1-2] DEBUG org.asynchttpclient.netty.handler.HttpHandler - 

Request DefaultHttpRequest(decodeResult: success, version: HTTP/1.1)
POST /session/73fa2e6cb2e14b016e8f45eac9c89011/element HTTP/1.1
User-Agent: selenium/4.1.2 (java windows)
Content-Length: 152
Content-Type: application/json; charset=utf-8
host: localhost:59697
accept: */*

Response DefaultHttpResponse(decodeResult: success, version: HTTP/1.1)
HTTP/1.1 200 OK
Content-Type: application/json; charset=utf-8
cache-control: no-cache
content-length: 88

16:03:59.039 [AsyncHttpClient-1-2] DEBUG org.asynchttpclient.netty.channel.ChannelManager - Adding key: http://localhost:59697 for channel [id: 0x79b846cd, L:/127.0.0.1:50071 - R:localhost/127.0.0.1:59697]
16:03:59.043 [Forwarding clickElement on session 73fa2e6cb2e14b016e8f45eac9c89011 to remote] DEBUG org.asynchttpclient.netty.request.NettyRequestSender - Using pooled Channel '[id: 0x79b846cd, L:/127.0.0.1:50071 - R:localhost/127.0.0.1:59697]' for 'POST' to 'http://localhost:59697/session/73fa2e6cb2e14b016e8f45eac9c89011/element/deec0f45-30e1-496f-92b8-49d02067181a/click'
16:03:59.043 [Forwarding clickElement on session 73fa2e6cb2e14b016e8f45eac9c89011 to remote] DEBUG org.asynchttpclient.netty.request.NettyRequestSender - Using open Channel [id: 0x79b846cd, L:/127.0.0.1:50071 - R:localhost/127.0.0.1:59697] for POST '/session/73fa2e6cb2e14b016e8f45eac9c89011/element/deec0f45-30e1-496f-92b8-49d02067181a/click'
16:03:59.177 [AsyncHttpClient-1-2] DEBUG org.asynchttpclient.netty.handler.HttpHandler - 

Request DefaultHttpRequest(decodeResult: success, version: HTTP/1.1)
POST /session/73fa2e6cb2e14b016e8f45eac9c89011/element/deec0f45-30e1-496f-92b8-49d02067181a/click HTTP/1.1
User-Agent: selenium/4.1.2 (java windows)
Content-Length: 50
Content-Type: application/json; charset=utf-8
host: localhost:59697
accept: */*

Response DefaultHttpResponse(decodeResult: success, version: HTTP/1.1)
HTTP/1.1 200 OK
Content-Type: application/json; charset=utf-8
cache-control: no-cache
content-length: 14

16:03:59.178 [AsyncHttpClient-1-2] DEBUG org.asynchttpclient.netty.channel.ChannelManager - Adding key: http://localhost:59697 for channel [id: 0x79b846cd, L:/127.0.0.1:50071 - R:localhost/127.0.0.1:59697]
16:03:59.201 [Forwarding screenshot on session 73fa2e6cb2e14b016e8f45eac9c89011 to remote] DEBUG org.asynchttpclient.netty.request.NettyRequestSender - Using pooled Channel '[id: 0x79b846cd, L:/127.0.0.1:50071 - R:localhost/127.0.0.1:59697]' for 'GET' to 'http://localhost:59697/session/73fa2e6cb2e14b016e8f45eac9c89011/screenshot'
16:03:59.201 [Forwarding screenshot on session 73fa2e6cb2e14b016e8f45eac9c89011 to remote] DEBUG org.asynchttpclient.netty.request.NettyRequestSender - Using open Channel [id: 0x79b846cd, L:/127.0.0.1:50071 - R:localhost/127.0.0.1:59697] for GET '/session/73fa2e6cb2e14b016e8f45eac9c89011/screenshot'
16:03:59.360 [AsyncHttpClient-1-2] DEBUG org.asynchttpclient.netty.handler.HttpHandler - 

Request DefaultFullHttpRequest(decodeResult: success, version: HTTP/1.1, content: EmptyByteBufBE)
GET /session/73fa2e6cb2e14b016e8f45eac9c89011/screenshot HTTP/1.1
User-Agent: selenium/4.1.2 (java windows)
Cache-Control: no-cache
Content-Type: application/json; charset=utf-8
host: localhost:59697
accept: */*

Response DefaultHttpResponse(decodeResult: success, version: HTTP/1.1)
HTTP/1.1 200 OK
Content-Type: application/json; charset=utf-8
cache-control: no-cache
content-length: 86176

16:03:59.361 [AsyncHttpClient-1-2] DEBUG org.asynchttpclient.netty.channel.ChannelManager - Adding key: http://localhost:59697 for channel [id: 0x79b846cd, L:/127.0.0.1:50071 - R:localhost/127.0.0.1:59697]
16:03:59.367 [main] DEBUG net.serenitybdd.core.photography.Darkroom - Send negative for processing for target\site\serenity\94b75279709f28e94826937a1cdff5d40235cec93fb01881aab747208bc57dc8.png
16:03:59.367 [main] DEBUG net.thucydides.core.steps.StepInterceptor - STEP DONE: clickGenderType
16:03:59.367 [Darkroom Processing Line] DEBUG net.serenitybdd.core.photography.DarkroomProcessingLine - Processing screenshot image in /var/screenshots/screenshot-17807480725177192868
16:03:59.368 [Darkroom Processing Line] DEBUG net.serenitybdd.core.photography.DarkroomProcessingLine - Saving screenshot to target\site\serenity\94b75279709f28e94826937a1cdff5d40235cec93fb01881aab747208bc57dc8.png
16:03:59.388 [main] DEBUG net.thucydides.core.steps.StepInterceptor - STARTING STEP: PatientSteps.iInputValidDataPatientAndClickSubmit - inputPhoneNumber
16:03:59.392 [Forwarding findElement on session 73fa2e6cb2e14b016e8f45eac9c89011 to remote] DEBUG org.asynchttpclient.netty.request.NettyRequestSender - Using pooled Channel '[id: 0x79b846cd, L:/127.0.0.1:50071 - R:localhost/127.0.0.1:59697]' for 'POST' to 'http://localhost:59697/session/73fa2e6cb2e14b016e8f45eac9c89011/element'
16:03:59.392 [Forwarding findElement on session 73fa2e6cb2e14b016e8f45eac9c89011 to remote] DEBUG org.asynchttpclient.netty.request.NettyRequestSender - Using open Channel [id: 0x79b846cd, L:/127.0.0.1:50071 - R:localhost/127.0.0.1:59697] for POST '/session/73fa2e6cb2e14b016e8f45eac9c89011/element'
16:03:59.413 [AsyncHttpClient-1-2] DEBUG org.asynchttpclient.netty.handler.HttpHandler - 

Request DefaultHttpRequest(decodeResult: success, version: HTTP/1.1)
POST /session/73fa2e6cb2e14b016e8f45eac9c89011/element HTTP/1.1
User-Agent: selenium/4.1.2 (java windows)
Content-Length: 134
Content-Type: application/json; charset=utf-8
host: localhost:59697
accept: */*

Response DefaultHttpResponse(decodeResult: success, version: HTTP/1.1)
HTTP/1.1 200 OK
Content-Type: application/json; charset=utf-8
cache-control: no-cache
content-length: 88

16:03:59.414 [AsyncHttpClient-1-2] DEBUG org.asynchttpclient.netty.channel.ChannelManager - Adding key: http://localhost:59697 for channel [id: 0x79b846cd, L:/127.0.0.1:50071 - R:localhost/127.0.0.1:59697]
16:03:59.418 [Forwarding clearElement on session 73fa2e6cb2e14b016e8f45eac9c89011 to remote] DEBUG org.asynchttpclient.netty.request.NettyRequestSender - Using pooled Channel '[id: 0x79b846cd, L:/127.0.0.1:50071 - R:localhost/127.0.0.1:59697]' for 'POST' to 'http://localhost:59697/session/73fa2e6cb2e14b016e8f45eac9c89011/element/f3a2698d-6950-44fd-be3f-9f203a562cb4/clear'
16:03:59.419 [Forwarding clearElement on session 73fa2e6cb2e14b016e8f45eac9c89011 to remote] DEBUG org.asynchttpclient.netty.request.NettyRequestSender - Using open Channel [id: 0x79b846cd, L:/127.0.0.1:50071 - R:localhost/127.0.0.1:59697] for POST '/session/73fa2e6cb2e14b016e8f45eac9c89011/element/f3a2698d-6950-44fd-be3f-9f203a562cb4/clear'
16:03:59.473 [AsyncHttpClient-1-2] DEBUG org.asynchttpclient.netty.handler.HttpHandler - 

Request DefaultHttpRequest(decodeResult: success, version: HTTP/1.1)
POST /session/73fa2e6cb2e14b016e8f45eac9c89011/element/f3a2698d-6950-44fd-be3f-9f203a562cb4/clear HTTP/1.1
User-Agent: selenium/4.1.2 (java windows)
Content-Length: 50
Content-Type: application/json; charset=utf-8
host: localhost:59697
accept: */*

Response DefaultHttpResponse(decodeResult: success, version: HTTP/1.1)
HTTP/1.1 200 OK
Content-Type: application/json; charset=utf-8
cache-control: no-cache
content-length: 14

16:03:59.475 [AsyncHttpClient-1-2] DEBUG org.asynchttpclient.netty.channel.ChannelManager - Adding key: http://localhost:59697 for channel [id: 0x79b846cd, L:/127.0.0.1:50071 - R:localhost/127.0.0.1:59697]
16:03:59.479 [Forwarding sendKeysToElement on session 73fa2e6cb2e14b016e8f45eac9c89011 to remote] DEBUG org.asynchttpclient.netty.request.NettyRequestSender - Using pooled Channel '[id: 0x79b846cd, L:/127.0.0.1:50071 - R:localhost/127.0.0.1:59697]' for 'POST' to 'http://localhost:59697/session/73fa2e6cb2e14b016e8f45eac9c89011/element/f3a2698d-6950-44fd-be3f-9f203a562cb4/value'
16:03:59.479 [Forwarding sendKeysToElement on session 73fa2e6cb2e14b016e8f45eac9c89011 to remote] DEBUG org.asynchttpclient.netty.request.NettyRequestSender - Using open Channel [id: 0x79b846cd, L:/127.0.0.1:50071 - R:localhost/127.0.0.1:59697] for POST '/session/73fa2e6cb2e14b016e8f45eac9c89011/element/f3a2698d-6950-44fd-be3f-9f203a562cb4/value'
16:03:59.788 [AsyncHttpClient-1-2] DEBUG org.asynchttpclient.netty.handler.HttpHandler - 

Request DefaultHttpRequest(decodeResult: success, version: HTTP/1.1)
POST /session/73fa2e6cb2e14b016e8f45eac9c89011/element/f3a2698d-6950-44fd-be3f-9f203a562cb4/value HTTP/1.1
User-Agent: selenium/4.1.2 (java windows)
Content-Length: 211
Content-Type: application/json; charset=utf-8
host: localhost:59697
accept: */*

Response DefaultHttpResponse(decodeResult: success, version: HTTP/1.1)
HTTP/1.1 200 OK
Content-Type: application/json; charset=utf-8
cache-control: no-cache
content-length: 14

16:03:59.788 [AsyncHttpClient-1-2] DEBUG org.asynchttpclient.netty.channel.ChannelManager - Adding key: http://localhost:59697 for channel [id: 0x79b846cd, L:/127.0.0.1:50071 - R:localhost/127.0.0.1:59697]
16:03:59.802 [Forwarding screenshot on session 73fa2e6cb2e14b016e8f45eac9c89011 to remote] DEBUG org.asynchttpclient.netty.request.NettyRequestSender - Using pooled Channel '[id: 0x79b846cd, L:/127.0.0.1:50071 - R:localhost/127.0.0.1:59697]' for 'GET' to 'http://localhost:59697/session/73fa2e6cb2e14b016e8f45eac9c89011/screenshot'
16:03:59.802 [Forwarding screenshot on session 73fa2e6cb2e14b016e8f45eac9c89011 to remote] DEBUG org.asynchttpclient.netty.request.NettyRequestSender - Using open Channel [id: 0x79b846cd, L:/127.0.0.1:50071 - R:localhost/127.0.0.1:59697] for GET '/session/73fa2e6cb2e14b016e8f45eac9c89011/screenshot'
16:03:59.952 [AsyncHttpClient-1-2] DEBUG org.asynchttpclient.netty.handler.HttpHandler - 

Request DefaultFullHttpRequest(decodeResult: success, version: HTTP/1.1, content: EmptyByteBufBE)
GET /session/73fa2e6cb2e14b016e8f45eac9c89011/screenshot HTTP/1.1
User-Agent: selenium/4.1.2 (java windows)
Cache-Control: no-cache
Content-Type: application/json; charset=utf-8
host: localhost:59697
accept: */*

Response DefaultHttpResponse(decodeResult: success, version: HTTP/1.1)
HTTP/1.1 200 OK
Content-Type: application/json; charset=utf-8
cache-control: no-cache
content-length: 89664

16:03:59.953 [AsyncHttpClient-1-2] DEBUG org.asynchttpclient.netty.channel.ChannelManager - Adding key: http://localhost:59697 for channel [id: 0x79b846cd, L:/127.0.0.1:50071 - R:localhost/127.0.0.1:59697]
16:03:59.961 [main] DEBUG net.serenitybdd.core.photography.Darkroom - Send negative for processing for target\site\serenity\2141eb74a8598e26d4f159ab1aef0bc335759ee3cddc3cdfd8f239ac30ba7a45.png
16:03:59.961 [main] DEBUG net.thucydides.core.steps.StepInterceptor - STEP DONE: inputPhoneNumber
16:03:59.962 [Darkroom Processing Line] DEBUG net.serenitybdd.core.photography.DarkroomProcessingLine - Processing screenshot image in /var/screenshots/screenshot-5041545508766421198
16:03:59.962 [Darkroom Processing Line] DEBUG net.serenitybdd.core.photography.DarkroomProcessingLine - Saving screenshot to target\site\serenity\2141eb74a8598e26d4f159ab1aef0bc335759ee3cddc3cdfd8f239ac30ba7a45.png
16:03:59.972 [main] DEBUG net.thucydides.core.steps.StepInterceptor - STARTING STEP: PatientSteps.iInputValidDataPatientAndClickSubmit - clickBlodeTypeDropdown
16:03:59.974 [AsyncHttpClient-1-1] DEBUG org.asynchttpclient.netty.channel.DefaultChannelPool - Entry count for : http://localhost:59697 : 1
16:03:59.974 [AsyncHttpClient-1-1] DEBUG org.asynchttpclient.netty.channel.DefaultChannelPool - Entry count for : http://localhost:50072 : 1
16:03:59.980 [Forwarding findElement on session 73fa2e6cb2e14b016e8f45eac9c89011 to remote] DEBUG org.asynchttpclient.netty.request.NettyRequestSender - Using pooled Channel '[id: 0x79b846cd, L:/127.0.0.1:50071 - R:localhost/127.0.0.1:59697]' for 'POST' to 'http://localhost:59697/session/73fa2e6cb2e14b016e8f45eac9c89011/element'
16:03:59.980 [Forwarding findElement on session 73fa2e6cb2e14b016e8f45eac9c89011 to remote] DEBUG org.asynchttpclient.netty.request.NettyRequestSender - Using open Channel [id: 0x79b846cd, L:/127.0.0.1:50071 - R:localhost/127.0.0.1:59697] for POST '/session/73fa2e6cb2e14b016e8f45eac9c89011/element'
16:03:59.995 [AsyncHttpClient-1-2] DEBUG org.asynchttpclient.netty.handler.HttpHandler - 

Request DefaultHttpRequest(decodeResult: success, version: HTTP/1.1)
POST /session/73fa2e6cb2e14b016e8f45eac9c89011/element HTTP/1.1
User-Agent: selenium/4.1.2 (java windows)
Content-Length: 82
Content-Type: application/json; charset=utf-8
host: localhost:59697
accept: */*

Response DefaultHttpResponse(decodeResult: success, version: HTTP/1.1)
HTTP/1.1 200 OK
Content-Type: application/json; charset=utf-8
cache-control: no-cache
content-length: 88

16:03:59.995 [AsyncHttpClient-1-2] DEBUG org.asynchttpclient.netty.channel.ChannelManager - Adding key: http://localhost:59697 for channel [id: 0x79b846cd, L:/127.0.0.1:50071 - R:localhost/127.0.0.1:59697]
16:03:59.998 [Forwarding getElementTagName on session 73fa2e6cb2e14b016e8f45eac9c89011 to remote] DEBUG org.asynchttpclient.netty.request.NettyRequestSender - Using pooled Channel '[id: 0x79b846cd, L:/127.0.0.1:50071 - R:localhost/127.0.0.1:59697]' for 'GET' to 'http://localhost:59697/session/73fa2e6cb2e14b016e8f45eac9c89011/element/0206f317-a71b-47a8-bfdf-c3dacd980ef3/name'
16:03:59.999 [Forwarding getElementTagName on session 73fa2e6cb2e14b016e8f45eac9c89011 to remote] DEBUG org.asynchttpclient.netty.request.NettyRequestSender - Using open Channel [id: 0x79b846cd, L:/127.0.0.1:50071 - R:localhost/127.0.0.1:59697] for GET '/session/73fa2e6cb2e14b016e8f45eac9c89011/element/0206f317-a71b-47a8-bfdf-c3dacd980ef3/name'
16:04:00.006 [AsyncHttpClient-1-2] DEBUG org.asynchttpclient.netty.handler.HttpHandler - 

Request DefaultFullHttpRequest(decodeResult: success, version: HTTP/1.1, content: EmptyByteBufBE)
GET /session/73fa2e6cb2e14b016e8f45eac9c89011/element/0206f317-a71b-47a8-bfdf-c3dacd980ef3/name HTTP/1.1
User-Agent: selenium/4.1.2 (java windows)
Cache-Control: no-cache
Content-Type: application/json; charset=utf-8
host: localhost:59697
accept: */*

Response DefaultHttpResponse(decodeResult: success, version: HTTP/1.1)
HTTP/1.1 200 OK
Content-Type: application/json; charset=utf-8
cache-control: no-cache
content-length: 15

16:04:00.007 [AsyncHttpClient-1-2] DEBUG org.asynchttpclient.netty.channel.ChannelManager - Adding key: http://localhost:59697 for channel [id: 0x79b846cd, L:/127.0.0.1:50071 - R:localhost/127.0.0.1:59697]
16:04:00.009 [Forwarding getElementTagName on session 73fa2e6cb2e14b016e8f45eac9c89011 to remote] DEBUG org.asynchttpclient.netty.request.NettyRequestSender - Using pooled Channel '[id: 0x79b846cd, L:/127.0.0.1:50071 - R:localhost/127.0.0.1:59697]' for 'GET' to 'http://localhost:59697/session/73fa2e6cb2e14b016e8f45eac9c89011/element/0206f317-a71b-47a8-bfdf-c3dacd980ef3/name'
16:04:00.009 [Forwarding getElementTagName on session 73fa2e6cb2e14b016e8f45eac9c89011 to remote] DEBUG org.asynchttpclient.netty.request.NettyRequestSender - Using open Channel [id: 0x79b846cd, L:/127.0.0.1:50071 - R:localhost/127.0.0.1:59697] for GET '/session/73fa2e6cb2e14b016e8f45eac9c89011/element/0206f317-a71b-47a8-bfdf-c3dacd980ef3/name'
16:04:00.014 [AsyncHttpClient-1-2] DEBUG org.asynchttpclient.netty.handler.HttpHandler - 

Request DefaultFullHttpRequest(decodeResult: success, version: HTTP/1.1, content: EmptyByteBufBE)
GET /session/73fa2e6cb2e14b016e8f45eac9c89011/element/0206f317-a71b-47a8-bfdf-c3dacd980ef3/name HTTP/1.1
User-Agent: selenium/4.1.2 (java windows)
Cache-Control: no-cache
Content-Type: application/json; charset=utf-8
host: localhost:59697
accept: */*

Response DefaultHttpResponse(decodeResult: success, version: HTTP/1.1)
HTTP/1.1 200 OK
Content-Type: application/json; charset=utf-8
cache-control: no-cache
content-length: 15

16:04:00.014 [AsyncHttpClient-1-2] DEBUG org.asynchttpclient.netty.channel.ChannelManager - Adding key: http://localhost:59697 for channel [id: 0x79b846cd, L:/127.0.0.1:50071 - R:localhost/127.0.0.1:59697]
16:04:00.018 [Forwarding findElement on session 73fa2e6cb2e14b016e8f45eac9c89011 to remote] DEBUG org.asynchttpclient.netty.request.NettyRequestSender - Using pooled Channel '[id: 0x79b846cd, L:/127.0.0.1:50071 - R:localhost/127.0.0.1:59697]' for 'POST' to 'http://localhost:59697/session/73fa2e6cb2e14b016e8f45eac9c89011/element'
16:04:00.018 [Forwarding findElement on session 73fa2e6cb2e14b016e8f45eac9c89011 to remote] DEBUG org.asynchttpclient.netty.request.NettyRequestSender - Using open Channel [id: 0x79b846cd, L:/127.0.0.1:50071 - R:localhost/127.0.0.1:59697] for POST '/session/73fa2e6cb2e14b016e8f45eac9c89011/element'
16:04:00.027 [AsyncHttpClient-1-2] DEBUG org.asynchttpclient.netty.handler.HttpHandler - 

Request DefaultHttpRequest(decodeResult: success, version: HTTP/1.1)
POST /session/73fa2e6cb2e14b016e8f45eac9c89011/element HTTP/1.1
User-Agent: selenium/4.1.2 (java windows)
Content-Length: 82
Content-Type: application/json; charset=utf-8
host: localhost:59697
accept: */*

Response DefaultHttpResponse(decodeResult: success, version: HTTP/1.1)
HTTP/1.1 200 OK
Content-Type: application/json; charset=utf-8
cache-control: no-cache
content-length: 88

16:04:00.028 [AsyncHttpClient-1-2] DEBUG org.asynchttpclient.netty.channel.ChannelManager - Adding key: http://localhost:59697 for channel [id: 0x79b846cd, L:/127.0.0.1:50071 - R:localhost/127.0.0.1:59697]
16:04:00.031 [Forwarding clickElement on session 73fa2e6cb2e14b016e8f45eac9c89011 to remote] DEBUG org.asynchttpclient.netty.request.NettyRequestSender - Using pooled Channel '[id: 0x79b846cd, L:/127.0.0.1:50071 - R:localhost/127.0.0.1:59697]' for 'POST' to 'http://localhost:59697/session/73fa2e6cb2e14b016e8f45eac9c89011/element/0206f317-a71b-47a8-bfdf-c3dacd980ef3/click'
16:04:00.031 [Forwarding clickElement on session 73fa2e6cb2e14b016e8f45eac9c89011 to remote] DEBUG org.asynchttpclient.netty.request.NettyRequestSender - Using open Channel [id: 0x79b846cd, L:/127.0.0.1:50071 - R:localhost/127.0.0.1:59697] for POST '/session/73fa2e6cb2e14b016e8f45eac9c89011/element/0206f317-a71b-47a8-bfdf-c3dacd980ef3/click'
16:04:00.161 [AsyncHttpClient-1-2] DEBUG org.asynchttpclient.netty.handler.HttpHandler - 

Request DefaultHttpRequest(decodeResult: success, version: HTTP/1.1)
POST /session/73fa2e6cb2e14b016e8f45eac9c89011/element/0206f317-a71b-47a8-bfdf-c3dacd980ef3/click HTTP/1.1
User-Agent: selenium/4.1.2 (java windows)
Content-Length: 50
Content-Type: application/json; charset=utf-8
host: localhost:59697
accept: */*

Response DefaultHttpResponse(decodeResult: success, version: HTTP/1.1)
HTTP/1.1 200 OK
Content-Type: application/json; charset=utf-8
cache-control: no-cache
content-length: 14

16:04:00.162 [AsyncHttpClient-1-2] DEBUG org.asynchttpclient.netty.channel.ChannelManager - Adding key: http://localhost:59697 for channel [id: 0x79b846cd, L:/127.0.0.1:50071 - R:localhost/127.0.0.1:59697]
16:04:00.170 [Forwarding screenshot on session 73fa2e6cb2e14b016e8f45eac9c89011 to remote] DEBUG org.asynchttpclient.netty.request.NettyRequestSender - Using pooled Channel '[id: 0x79b846cd, L:/127.0.0.1:50071 - R:localhost/127.0.0.1:59697]' for 'GET' to 'http://localhost:59697/session/73fa2e6cb2e14b016e8f45eac9c89011/screenshot'
16:04:00.170 [Forwarding screenshot on session 73fa2e6cb2e14b016e8f45eac9c89011 to remote] DEBUG org.asynchttpclient.netty.request.NettyRequestSender - Using open Channel [id: 0x79b846cd, L:/127.0.0.1:50071 - R:localhost/127.0.0.1:59697] for GET '/session/73fa2e6cb2e14b016e8f45eac9c89011/screenshot'
16:04:00.361 [AsyncHttpClient-1-2] DEBUG org.asynchttpclient.netty.handler.HttpHandler - 

Request DefaultFullHttpRequest(decodeResult: success, version: HTTP/1.1, content: EmptyByteBufBE)
GET /session/73fa2e6cb2e14b016e8f45eac9c89011/screenshot HTTP/1.1
User-Agent: selenium/4.1.2 (java windows)
Cache-Control: no-cache
Content-Type: application/json; charset=utf-8
host: localhost:59697
accept: */*

Response DefaultHttpResponse(decodeResult: success, version: HTTP/1.1)
HTTP/1.1 200 OK
Content-Type: application/json; charset=utf-8
cache-control: no-cache
content-length: 91988

16:04:00.363 [AsyncHttpClient-1-2] DEBUG org.asynchttpclient.netty.channel.ChannelManager - Adding key: http://localhost:59697 for channel [id: 0x79b846cd, L:/127.0.0.1:50071 - R:localhost/127.0.0.1:59697]
16:04:00.371 [main] DEBUG net.serenitybdd.core.photography.Darkroom - Send negative for processing for target\site\serenity\246842ceed2f910e13082f11743c14ac84e500ee2ff1ddc26a1157b9c2581eb3.png
16:04:00.372 [main] DEBUG net.thucydides.core.steps.StepInterceptor - STEP DONE: clickBlodeTypeDropdown
16:04:00.372 [Darkroom Processing Line] DEBUG net.serenitybdd.core.photography.DarkroomProcessingLine - Processing screenshot image in /var/screenshots/screenshot-8517525368516895520
16:04:00.372 [Darkroom Processing Line] DEBUG net.serenitybdd.core.photography.DarkroomProcessingLine - Saving screenshot to target\site\serenity\246842ceed2f910e13082f11743c14ac84e500ee2ff1ddc26a1157b9c2581eb3.png
16:04:00.387 [main] DEBUG net.thucydides.core.steps.StepInterceptor - STARTING STEP: PatientSteps.iInputValidDataPatientAndClickSubmit - clickBlodeTypeOption
16:04:00.393 [Forwarding findElement on session 73fa2e6cb2e14b016e8f45eac9c89011 to remote] DEBUG org.asynchttpclient.netty.request.NettyRequestSender - Using pooled Channel '[id: 0x79b846cd, L:/127.0.0.1:50071 - R:localhost/127.0.0.1:59697]' for 'POST' to 'http://localhost:59697/session/73fa2e6cb2e14b016e8f45eac9c89011/element'
16:04:00.393 [Forwarding findElement on session 73fa2e6cb2e14b016e8f45eac9c89011 to remote] DEBUG org.asynchttpclient.netty.request.NettyRequestSender - Using open Channel [id: 0x79b846cd, L:/127.0.0.1:50071 - R:localhost/127.0.0.1:59697] for POST '/session/73fa2e6cb2e14b016e8f45eac9c89011/element'
16:04:00.414 [AsyncHttpClient-1-2] DEBUG org.asynchttpclient.netty.handler.HttpHandler - 

Request DefaultHttpRequest(decodeResult: success, version: HTTP/1.1)
POST /session/73fa2e6cb2e14b016e8f45eac9c89011/element HTTP/1.1
User-Agent: selenium/4.1.2 (java windows)
Content-Length: 106
Content-Type: application/json; charset=utf-8
host: localhost:59697
accept: */*

Response DefaultHttpResponse(decodeResult: success, version: HTTP/1.1)
HTTP/1.1 200 OK
Content-Type: application/json; charset=utf-8
cache-control: no-cache
content-length: 88

16:04:00.414 [AsyncHttpClient-1-2] DEBUG org.asynchttpclient.netty.channel.ChannelManager - Adding key: http://localhost:59697 for channel [id: 0x79b846cd, L:/127.0.0.1:50071 - R:localhost/127.0.0.1:59697]
16:04:00.418 [Forwarding getElementTagName on session 73fa2e6cb2e14b016e8f45eac9c89011 to remote] DEBUG org.asynchttpclient.netty.request.NettyRequestSender - Using pooled Channel '[id: 0x79b846cd, L:/127.0.0.1:50071 - R:localhost/127.0.0.1:59697]' for 'GET' to 'http://localhost:59697/session/73fa2e6cb2e14b016e8f45eac9c89011/element/01671b46-d57d-4c07-a5e4-6a0076eb031f/name'
16:04:00.419 [Forwarding getElementTagName on session 73fa2e6cb2e14b016e8f45eac9c89011 to remote] DEBUG org.asynchttpclient.netty.request.NettyRequestSender - Using open Channel [id: 0x79b846cd, L:/127.0.0.1:50071 - R:localhost/127.0.0.1:59697] for GET '/session/73fa2e6cb2e14b016e8f45eac9c89011/element/01671b46-d57d-4c07-a5e4-6a0076eb031f/name'
16:04:00.428 [AsyncHttpClient-1-2] DEBUG org.asynchttpclient.netty.handler.HttpHandler - 

Request DefaultFullHttpRequest(decodeResult: success, version: HTTP/1.1, content: EmptyByteBufBE)
GET /session/73fa2e6cb2e14b016e8f45eac9c89011/element/01671b46-d57d-4c07-a5e4-6a0076eb031f/name HTTP/1.1
User-Agent: selenium/4.1.2 (java windows)
Cache-Control: no-cache
Content-Type: application/json; charset=utf-8
host: localhost:59697
accept: */*

Response DefaultHttpResponse(decodeResult: success, version: HTTP/1.1)
HTTP/1.1 200 OK
Content-Type: application/json; charset=utf-8
cache-control: no-cache
content-length: 14

16:04:00.429 [AsyncHttpClient-1-2] DEBUG org.asynchttpclient.netty.channel.ChannelManager - Adding key: http://localhost:59697 for channel [id: 0x79b846cd, L:/127.0.0.1:50071 - R:localhost/127.0.0.1:59697]
16:04:00.431 [Forwarding getElementTagName on session 73fa2e6cb2e14b016e8f45eac9c89011 to remote] DEBUG org.asynchttpclient.netty.request.NettyRequestSender - Using pooled Channel '[id: 0x79b846cd, L:/127.0.0.1:50071 - R:localhost/127.0.0.1:59697]' for 'GET' to 'http://localhost:59697/session/73fa2e6cb2e14b016e8f45eac9c89011/element/01671b46-d57d-4c07-a5e4-6a0076eb031f/name'
16:04:00.432 [Forwarding getElementTagName on session 73fa2e6cb2e14b016e8f45eac9c89011 to remote] DEBUG org.asynchttpclient.netty.request.NettyRequestSender - Using open Channel [id: 0x79b846cd, L:/127.0.0.1:50071 - R:localhost/127.0.0.1:59697] for GET '/session/73fa2e6cb2e14b016e8f45eac9c89011/element/01671b46-d57d-4c07-a5e4-6a0076eb031f/name'
16:04:00.436 [AsyncHttpClient-1-2] DEBUG org.asynchttpclient.netty.handler.HttpHandler - 

Request DefaultFullHttpRequest(decodeResult: success, version: HTTP/1.1, content: EmptyByteBufBE)
GET /session/73fa2e6cb2e14b016e8f45eac9c89011/element/01671b46-d57d-4c07-a5e4-6a0076eb031f/name HTTP/1.1
User-Agent: selenium/4.1.2 (java windows)
Cache-Control: no-cache
Content-Type: application/json; charset=utf-8
host: localhost:59697
accept: */*

Response DefaultHttpResponse(decodeResult: success, version: HTTP/1.1)
HTTP/1.1 200 OK
Content-Type: application/json; charset=utf-8
cache-control: no-cache
content-length: 14

16:04:00.437 [AsyncHttpClient-1-2] DEBUG org.asynchttpclient.netty.channel.ChannelManager - Adding key: http://localhost:59697 for channel [id: 0x79b846cd, L:/127.0.0.1:50071 - R:localhost/127.0.0.1:59697]
16:04:00.440 [Forwarding findElement on session 73fa2e6cb2e14b016e8f45eac9c89011 to remote] DEBUG org.asynchttpclient.netty.request.NettyRequestSender - Using pooled Channel '[id: 0x79b846cd, L:/127.0.0.1:50071 - R:localhost/127.0.0.1:59697]' for 'POST' to 'http://localhost:59697/session/73fa2e6cb2e14b016e8f45eac9c89011/element'
16:04:00.440 [Forwarding findElement on session 73fa2e6cb2e14b016e8f45eac9c89011 to remote] DEBUG org.asynchttpclient.netty.request.NettyRequestSender - Using open Channel [id: 0x79b846cd, L:/127.0.0.1:50071 - R:localhost/127.0.0.1:59697] for POST '/session/73fa2e6cb2e14b016e8f45eac9c89011/element'
16:04:00.454 [AsyncHttpClient-1-2] DEBUG org.asynchttpclient.netty.handler.HttpHandler - 

Request DefaultHttpRequest(decodeResult: success, version: HTTP/1.1)
POST /session/73fa2e6cb2e14b016e8f45eac9c89011/element HTTP/1.1
User-Agent: selenium/4.1.2 (java windows)
Content-Length: 106
Content-Type: application/json; charset=utf-8
host: localhost:59697
accept: */*

Response DefaultHttpResponse(decodeResult: success, version: HTTP/1.1)
HTTP/1.1 200 OK
Content-Type: application/json; charset=utf-8
cache-control: no-cache
content-length: 88

16:04:00.454 [AsyncHttpClient-1-2] DEBUG org.asynchttpclient.netty.channel.ChannelManager - Adding key: http://localhost:59697 for channel [id: 0x79b846cd, L:/127.0.0.1:50071 - R:localhost/127.0.0.1:59697]
16:04:00.457 [Forwarding clickElement on session 73fa2e6cb2e14b016e8f45eac9c89011 to remote] DEBUG org.asynchttpclient.netty.request.NettyRequestSender - Using pooled Channel '[id: 0x79b846cd, L:/127.0.0.1:50071 - R:localhost/127.0.0.1:59697]' for 'POST' to 'http://localhost:59697/session/73fa2e6cb2e14b016e8f45eac9c89011/element/01671b46-d57d-4c07-a5e4-6a0076eb031f/click'
16:04:00.457 [Forwarding clickElement on session 73fa2e6cb2e14b016e8f45eac9c89011 to remote] DEBUG org.asynchttpclient.netty.request.NettyRequestSender - Using open Channel [id: 0x79b846cd, L:/127.0.0.1:50071 - R:localhost/127.0.0.1:59697] for POST '/session/73fa2e6cb2e14b016e8f45eac9c89011/element/01671b46-d57d-4c07-a5e4-6a0076eb031f/click'
16:04:00.617 [AsyncHttpClient-1-2] DEBUG org.asynchttpclient.netty.handler.HttpHandler - 

Request DefaultHttpRequest(decodeResult: success, version: HTTP/1.1)
POST /session/73fa2e6cb2e14b016e8f45eac9c89011/element/01671b46-d57d-4c07-a5e4-6a0076eb031f/click HTTP/1.1
User-Agent: selenium/4.1.2 (java windows)
Content-Length: 50
Content-Type: application/json; charset=utf-8
host: localhost:59697
accept: */*

Response DefaultHttpResponse(decodeResult: success, version: HTTP/1.1)
HTTP/1.1 200 OK
Content-Type: application/json; charset=utf-8
cache-control: no-cache
content-length: 14

16:04:00.618 [AsyncHttpClient-1-2] DEBUG org.asynchttpclient.netty.channel.ChannelManager - Adding key: http://localhost:59697 for channel [id: 0x79b846cd, L:/127.0.0.1:50071 - R:localhost/127.0.0.1:59697]
16:04:00.628 [Forwarding screenshot on session 73fa2e6cb2e14b016e8f45eac9c89011 to remote] DEBUG org.asynchttpclient.netty.request.NettyRequestSender - Using pooled Channel '[id: 0x79b846cd, L:/127.0.0.1:50071 - R:localhost/127.0.0.1:59697]' for 'GET' to 'http://localhost:59697/session/73fa2e6cb2e14b016e8f45eac9c89011/screenshot'
16:04:00.628 [Forwarding screenshot on session 73fa2e6cb2e14b016e8f45eac9c89011 to remote] DEBUG org.asynchttpclient.netty.request.NettyRequestSender - Using open Channel [id: 0x79b846cd, L:/127.0.0.1:50071 - R:localhost/127.0.0.1:59697] for GET '/session/73fa2e6cb2e14b016e8f45eac9c89011/screenshot'
16:04:00.781 [AsyncHttpClient-1-2] DEBUG org.asynchttpclient.netty.handler.HttpHandler - 

Request DefaultFullHttpRequest(decodeResult: success, version: HTTP/1.1, content: EmptyByteBufBE)
GET /session/73fa2e6cb2e14b016e8f45eac9c89011/screenshot HTTP/1.1
User-Agent: selenium/4.1.2 (java windows)
Cache-Control: no-cache
Content-Type: application/json; charset=utf-8
host: localhost:59697
accept: */*

Response DefaultHttpResponse(decodeResult: success, version: HTTP/1.1)
HTTP/1.1 200 OK
Content-Type: application/json; charset=utf-8
cache-control: no-cache
content-length: 95996

16:04:00.782 [AsyncHttpClient-1-2] DEBUG org.asynchttpclient.netty.channel.ChannelManager - Adding key: http://localhost:59697 for channel [id: 0x79b846cd, L:/127.0.0.1:50071 - R:localhost/127.0.0.1:59697]
16:04:00.790 [main] DEBUG net.serenitybdd.core.photography.Darkroom - Send negative for processing for target\site\serenity\f6cc17cfceec5bc867d3e7fa899024e3a0490bb783fb88d404f6138008a37af6.png
16:04:00.790 [main] DEBUG net.thucydides.core.steps.StepInterceptor - STEP DONE: clickBlodeTypeOption
16:04:00.800 [Darkroom Processing Line] DEBUG net.serenitybdd.core.photography.DarkroomProcessingLine - Processing screenshot image in /var/screenshots/screenshot-955234040144417005
16:04:00.800 [Darkroom Processing Line] DEBUG net.serenitybdd.core.photography.DarkroomProcessingLine - Saving screenshot to target\site\serenity\f6cc17cfceec5bc867d3e7fa899024e3a0490bb783fb88d404f6138008a37af6.png
16:04:00.811 [main] DEBUG net.thucydides.core.steps.StepInterceptor - STARTING STEP: PatientSteps.iInputValidDataPatientAndClickSubmit - inputCity
16:04:00.819 [Forwarding findElement on session 73fa2e6cb2e14b016e8f45eac9c89011 to remote] DEBUG org.asynchttpclient.netty.request.NettyRequestSender - Using pooled Channel '[id: 0x79b846cd, L:/127.0.0.1:50071 - R:localhost/127.0.0.1:59697]' for 'POST' to 'http://localhost:59697/session/73fa2e6cb2e14b016e8f45eac9c89011/element'
16:04:00.819 [Forwarding findElement on session 73fa2e6cb2e14b016e8f45eac9c89011 to remote] DEBUG org.asynchttpclient.netty.request.NettyRequestSender - Using open Channel [id: 0x79b846cd, L:/127.0.0.1:50071 - R:localhost/127.0.0.1:59697] for POST '/session/73fa2e6cb2e14b016e8f45eac9c89011/element'
16:04:00.846 [AsyncHttpClient-1-2] DEBUG org.asynchttpclient.netty.handler.HttpHandler - 

Request DefaultHttpRequest(decodeResult: success, version: HTTP/1.1)
POST /session/73fa2e6cb2e14b016e8f45eac9c89011/element HTTP/1.1
User-Agent: selenium/4.1.2 (java windows)
Content-Length: 134
Content-Type: application/json; charset=utf-8
host: localhost:59697
accept: */*

Response DefaultHttpResponse(decodeResult: success, version: HTTP/1.1)
HTTP/1.1 200 OK
Content-Type: application/json; charset=utf-8
cache-control: no-cache
content-length: 88

16:04:00.847 [AsyncHttpClient-1-2] DEBUG org.asynchttpclient.netty.channel.ChannelManager - Adding key: http://localhost:59697 for channel [id: 0x79b846cd, L:/127.0.0.1:50071 - R:localhost/127.0.0.1:59697]
16:04:00.856 [Forwarding clearElement on session 73fa2e6cb2e14b016e8f45eac9c89011 to remote] DEBUG org.asynchttpclient.netty.request.NettyRequestSender - Using pooled Channel '[id: 0x79b846cd, L:/127.0.0.1:50071 - R:localhost/127.0.0.1:59697]' for 'POST' to 'http://localhost:59697/session/73fa2e6cb2e14b016e8f45eac9c89011/element/b8f4eb02-d1f9-4ba7-8b71-3808937656d9/clear'
16:04:00.856 [Forwarding clearElement on session 73fa2e6cb2e14b016e8f45eac9c89011 to remote] DEBUG org.asynchttpclient.netty.request.NettyRequestSender - Using open Channel [id: 0x79b846cd, L:/127.0.0.1:50071 - R:localhost/127.0.0.1:59697] for POST '/session/73fa2e6cb2e14b016e8f45eac9c89011/element/b8f4eb02-d1f9-4ba7-8b71-3808937656d9/clear'
16:04:00.941 [AsyncHttpClient-1-2] DEBUG org.asynchttpclient.netty.handler.HttpHandler - 

Request DefaultHttpRequest(decodeResult: success, version: HTTP/1.1)
POST /session/73fa2e6cb2e14b016e8f45eac9c89011/element/b8f4eb02-d1f9-4ba7-8b71-3808937656d9/clear HTTP/1.1
User-Agent: selenium/4.1.2 (java windows)
Content-Length: 50
Content-Type: application/json; charset=utf-8
host: localhost:59697
accept: */*

Response DefaultHttpResponse(decodeResult: success, version: HTTP/1.1)
HTTP/1.1 200 OK
Content-Type: application/json; charset=utf-8
cache-control: no-cache
content-length: 14

16:04:00.941 [AsyncHttpClient-1-2] DEBUG org.asynchttpclient.netty.channel.ChannelManager - Adding key: http://localhost:59697 for channel [id: 0x79b846cd, L:/127.0.0.1:50071 - R:localhost/127.0.0.1:59697]
16:04:00.945 [Forwarding sendKeysToElement on session 73fa2e6cb2e14b016e8f45eac9c89011 to remote] DEBUG org.asynchttpclient.netty.request.NettyRequestSender - Using pooled Channel '[id: 0x79b846cd, L:/127.0.0.1:50071 - R:localhost/127.0.0.1:59697]' for 'POST' to 'http://localhost:59697/session/73fa2e6cb2e14b016e8f45eac9c89011/element/b8f4eb02-d1f9-4ba7-8b71-3808937656d9/value'
16:04:00.945 [Forwarding sendKeysToElement on session 73fa2e6cb2e14b016e8f45eac9c89011 to remote] DEBUG org.asynchttpclient.netty.request.NettyRequestSender - Using open Channel [id: 0x79b846cd, L:/127.0.0.1:50071 - R:localhost/127.0.0.1:59697] for POST '/session/73fa2e6cb2e14b016e8f45eac9c89011/element/b8f4eb02-d1f9-4ba7-8b71-3808937656d9/value'
16:04:01.074 [AsyncHttpClient-1-1] DEBUG org.asynchttpclient.netty.channel.DefaultChannelPool - Entry count for : http://localhost:50072 : 1
16:04:01.315 [AsyncHttpClient-1-2] DEBUG org.asynchttpclient.netty.handler.HttpHandler - 

Request DefaultHttpRequest(decodeResult: success, version: HTTP/1.1)
POST /session/73fa2e6cb2e14b016e8f45eac9c89011/element/b8f4eb02-d1f9-4ba7-8b71-3808937656d9/value HTTP/1.1
User-Agent: selenium/4.1.2 (java windows)
Content-Length: 191
Content-Type: application/json; charset=utf-8
host: localhost:59697
accept: */*

Response DefaultHttpResponse(decodeResult: success, version: HTTP/1.1)
HTTP/1.1 200 OK
Content-Type: application/json; charset=utf-8
cache-control: no-cache
content-length: 14

16:04:01.315 [AsyncHttpClient-1-2] DEBUG org.asynchttpclient.netty.channel.ChannelManager - Adding key: http://localhost:59697 for channel [id: 0x79b846cd, L:/127.0.0.1:50071 - R:localhost/127.0.0.1:59697]
16:04:01.326 [Forwarding screenshot on session 73fa2e6cb2e14b016e8f45eac9c89011 to remote] DEBUG org.asynchttpclient.netty.request.NettyRequestSender - Using pooled Channel '[id: 0x79b846cd, L:/127.0.0.1:50071 - R:localhost/127.0.0.1:59697]' for 'GET' to 'http://localhost:59697/session/73fa2e6cb2e14b016e8f45eac9c89011/screenshot'
16:04:01.326 [Forwarding screenshot on session 73fa2e6cb2e14b016e8f45eac9c89011 to remote] DEBUG org.asynchttpclient.netty.request.NettyRequestSender - Using open Channel [id: 0x79b846cd, L:/127.0.0.1:50071 - R:localhost/127.0.0.1:59697] for GET '/session/73fa2e6cb2e14b016e8f45eac9c89011/screenshot'
16:04:01.430 [AsyncHttpClient-1-2] DEBUG org.asynchttpclient.netty.handler.HttpHandler - 

Request DefaultFullHttpRequest(decodeResult: success, version: HTTP/1.1, content: EmptyByteBufBE)
GET /session/73fa2e6cb2e14b016e8f45eac9c89011/screenshot HTTP/1.1
User-Agent: selenium/4.1.2 (java windows)
Cache-Control: no-cache
Content-Type: application/json; charset=utf-8
host: localhost:59697
accept: */*

Response DefaultHttpResponse(decodeResult: success, version: HTTP/1.1)
HTTP/1.1 200 OK
Content-Type: application/json; charset=utf-8
cache-control: no-cache
content-length: 81532

16:04:01.431 [AsyncHttpClient-1-2] DEBUG org.asynchttpclient.netty.channel.ChannelManager - Adding key: http://localhost:59697 for channel [id: 0x79b846cd, L:/127.0.0.1:50071 - R:localhost/127.0.0.1:59697]
16:04:01.436 [main] DEBUG net.serenitybdd.core.photography.Darkroom - Send negative for processing for target\site\serenity\cbf596b289516a54192928643bc7adfcdfb81f2d1a1cae3093e01f83b4602dbb.png
16:04:01.437 [main] DEBUG net.thucydides.core.steps.StepInterceptor - STEP DONE: inputCity
16:04:01.437 [Darkroom Processing Line] DEBUG net.serenitybdd.core.photography.DarkroomProcessingLine - Processing screenshot image in /var/screenshots/screenshot-7753344973082610962
16:04:01.437 [Darkroom Processing Line] DEBUG net.serenitybdd.core.photography.DarkroomProcessingLine - Saving screenshot to target\site\serenity\cbf596b289516a54192928643bc7adfcdfb81f2d1a1cae3093e01f83b4602dbb.png
16:04:01.445 [main] DEBUG net.thucydides.core.steps.StepInterceptor - STARTING STEP: PatientSteps.iInputValidDataPatientAndClickSubmit - inputAddress
16:04:01.448 [Forwarding findElement on session 73fa2e6cb2e14b016e8f45eac9c89011 to remote] DEBUG org.asynchttpclient.netty.request.NettyRequestSender - Using pooled Channel '[id: 0x79b846cd, L:/127.0.0.1:50071 - R:localhost/127.0.0.1:59697]' for 'POST' to 'http://localhost:59697/session/73fa2e6cb2e14b016e8f45eac9c89011/element'
16:04:01.449 [Forwarding findElement on session 73fa2e6cb2e14b016e8f45eac9c89011 to remote] DEBUG org.asynchttpclient.netty.request.NettyRequestSender - Using open Channel [id: 0x79b846cd, L:/127.0.0.1:50071 - R:localhost/127.0.0.1:59697] for POST '/session/73fa2e6cb2e14b016e8f45eac9c89011/element'
16:04:01.465 [AsyncHttpClient-1-2] DEBUG org.asynchttpclient.netty.handler.HttpHandler - 

Request DefaultHttpRequest(decodeResult: success, version: HTTP/1.1)
POST /session/73fa2e6cb2e14b016e8f45eac9c89011/element HTTP/1.1
User-Agent: selenium/4.1.2 (java windows)
Content-Length: 134
Content-Type: application/json; charset=utf-8
host: localhost:59697
accept: */*

Response DefaultHttpResponse(decodeResult: success, version: HTTP/1.1)
HTTP/1.1 200 OK
Content-Type: application/json; charset=utf-8
cache-control: no-cache
content-length: 88

16:04:01.465 [AsyncHttpClient-1-2] DEBUG org.asynchttpclient.netty.channel.ChannelManager - Adding key: http://localhost:59697 for channel [id: 0x79b846cd, L:/127.0.0.1:50071 - R:localhost/127.0.0.1:59697]
16:04:01.467 [Forwarding clearElement on session 73fa2e6cb2e14b016e8f45eac9c89011 to remote] DEBUG org.asynchttpclient.netty.request.NettyRequestSender - Using pooled Channel '[id: 0x79b846cd, L:/127.0.0.1:50071 - R:localhost/127.0.0.1:59697]' for 'POST' to 'http://localhost:59697/session/73fa2e6cb2e14b016e8f45eac9c89011/element/dabd21c4-4710-4258-a2c5-d33281c3c89b/clear'
16:04:01.467 [Forwarding clearElement on session 73fa2e6cb2e14b016e8f45eac9c89011 to remote] DEBUG org.asynchttpclient.netty.request.NettyRequestSender - Using open Channel [id: 0x79b846cd, L:/127.0.0.1:50071 - R:localhost/127.0.0.1:59697] for POST '/session/73fa2e6cb2e14b016e8f45eac9c89011/element/dabd21c4-4710-4258-a2c5-d33281c3c89b/clear'
16:04:01.508 [AsyncHttpClient-1-2] DEBUG org.asynchttpclient.netty.handler.HttpHandler - 

Request DefaultHttpRequest(decodeResult: success, version: HTTP/1.1)
POST /session/73fa2e6cb2e14b016e8f45eac9c89011/element/dabd21c4-4710-4258-a2c5-d33281c3c89b/clear HTTP/1.1
User-Agent: selenium/4.1.2 (java windows)
Content-Length: 50
Content-Type: application/json; charset=utf-8
host: localhost:59697
accept: */*

Response DefaultHttpResponse(decodeResult: success, version: HTTP/1.1)
HTTP/1.1 200 OK
Content-Type: application/json; charset=utf-8
cache-control: no-cache
content-length: 14

16:04:01.509 [AsyncHttpClient-1-2] DEBUG org.asynchttpclient.netty.channel.ChannelManager - Adding key: http://localhost:59697 for channel [id: 0x79b846cd, L:/127.0.0.1:50071 - R:localhost/127.0.0.1:59697]
16:04:01.512 [Forwarding sendKeysToElement on session 73fa2e6cb2e14b016e8f45eac9c89011 to remote] DEBUG org.asynchttpclient.netty.request.NettyRequestSender - Using pooled Channel '[id: 0x79b846cd, L:/127.0.0.1:50071 - R:localhost/127.0.0.1:59697]' for 'POST' to 'http://localhost:59697/session/73fa2e6cb2e14b016e8f45eac9c89011/element/dabd21c4-4710-4258-a2c5-d33281c3c89b/value'
16:04:01.512 [Forwarding sendKeysToElement on session 73fa2e6cb2e14b016e8f45eac9c89011 to remote] DEBUG org.asynchttpclient.netty.request.NettyRequestSender - Using open Channel [id: 0x79b846cd, L:/127.0.0.1:50071 - R:localhost/127.0.0.1:59697] for POST '/session/73fa2e6cb2e14b016e8f45eac9c89011/element/dabd21c4-4710-4258-a2c5-d33281c3c89b/value'
16:04:01.665 [AsyncHttpClient-1-2] DEBUG org.asynchttpclient.netty.handler.HttpHandler - 

Request DefaultHttpRequest(decodeResult: success, version: HTTP/1.1)
POST /session/73fa2e6cb2e14b016e8f45eac9c89011/element/dabd21c4-4710-4258-a2c5-d33281c3c89b/value HTTP/1.1
User-Agent: selenium/4.1.2 (java windows)
Content-Length: 151
Content-Type: application/json; charset=utf-8
host: localhost:59697
accept: */*

Response DefaultHttpResponse(decodeResult: success, version: HTTP/1.1)
HTTP/1.1 200 OK
Content-Type: application/json; charset=utf-8
cache-control: no-cache
content-length: 14

16:04:01.665 [AsyncHttpClient-1-2] DEBUG org.asynchttpclient.netty.channel.ChannelManager - Adding key: http://localhost:59697 for channel [id: 0x79b846cd, L:/127.0.0.1:50071 - R:localhost/127.0.0.1:59697]
16:04:01.673 [Forwarding screenshot on session 73fa2e6cb2e14b016e8f45eac9c89011 to remote] DEBUG org.asynchttpclient.netty.request.NettyRequestSender - Using pooled Channel '[id: 0x79b846cd, L:/127.0.0.1:50071 - R:localhost/127.0.0.1:59697]' for 'GET' to 'http://localhost:59697/session/73fa2e6cb2e14b016e8f45eac9c89011/screenshot'
16:04:01.673 [Forwarding screenshot on session 73fa2e6cb2e14b016e8f45eac9c89011 to remote] DEBUG org.asynchttpclient.netty.request.NettyRequestSender - Using open Channel [id: 0x79b846cd, L:/127.0.0.1:50071 - R:localhost/127.0.0.1:59697] for GET '/session/73fa2e6cb2e14b016e8f45eac9c89011/screenshot'
16:04:01.815 [AsyncHttpClient-1-2] DEBUG org.asynchttpclient.netty.handler.HttpHandler - 

Request DefaultFullHttpRequest(decodeResult: success, version: HTTP/1.1, content: EmptyByteBufBE)
GET /session/73fa2e6cb2e14b016e8f45eac9c89011/screenshot HTTP/1.1
User-Agent: selenium/4.1.2 (java windows)
Cache-Control: no-cache
Content-Type: application/json; charset=utf-8
host: localhost:59697
accept: */*

Response DefaultHttpResponse(decodeResult: success, version: HTTP/1.1)
HTTP/1.1 200 OK
Content-Type: application/json; charset=utf-8
cache-control: no-cache
content-length: 83012

16:04:01.817 [AsyncHttpClient-1-2] DEBUG org.asynchttpclient.netty.channel.ChannelManager - Adding key: http://localhost:59697 for channel [id: 0x79b846cd, L:/127.0.0.1:50071 - R:localhost/127.0.0.1:59697]
16:04:01.823 [main] DEBUG net.serenitybdd.core.photography.Darkroom - Send negative for processing for target\site\serenity\8dfee61f2d13633c6b9784ccbad9dd4d8a716461b19b857f25080531e535219c.png
16:04:01.823 [main] DEBUG net.thucydides.core.steps.StepInterceptor - STEP DONE: inputAddress
16:04:01.823 [Darkroom Processing Line] DEBUG net.serenitybdd.core.photography.DarkroomProcessingLine - Processing screenshot image in /var/screenshots/screenshot-12820852410529822411
16:04:01.824 [Darkroom Processing Line] DEBUG net.serenitybdd.core.photography.DarkroomProcessingLine - Saving screenshot to target\site\serenity\8dfee61f2d13633c6b9784ccbad9dd4d8a716461b19b857f25080531e535219c.png
16:04:01.837 [main] DEBUG net.thucydides.core.steps.StepInterceptor - STARTING STEP: PatientSteps.iInputValidDataPatientAndClickSubmit - clickSubmitButton
16:04:01.843 [Forwarding findElement on session 73fa2e6cb2e14b016e8f45eac9c89011 to remote] DEBUG org.asynchttpclient.netty.request.NettyRequestSender - Using pooled Channel '[id: 0x79b846cd, L:/127.0.0.1:50071 - R:localhost/127.0.0.1:59697]' for 'POST' to 'http://localhost:59697/session/73fa2e6cb2e14b016e8f45eac9c89011/element'
16:04:01.843 [Forwarding findElement on session 73fa2e6cb2e14b016e8f45eac9c89011 to remote] DEBUG org.asynchttpclient.netty.request.NettyRequestSender - Using open Channel [id: 0x79b846cd, L:/127.0.0.1:50071 - R:localhost/127.0.0.1:59697] for POST '/session/73fa2e6cb2e14b016e8f45eac9c89011/element'
16:04:01.862 [AsyncHttpClient-1-2] DEBUG org.asynchttpclient.netty.handler.HttpHandler - 

Request DefaultHttpRequest(decodeResult: success, version: HTTP/1.1)
POST /session/73fa2e6cb2e14b016e8f45eac9c89011/element HTTP/1.1
User-Agent: selenium/4.1.2 (java windows)
Content-Length: 114
Content-Type: application/json; charset=utf-8
host: localhost:59697
accept: */*

Response DefaultHttpResponse(decodeResult: success, version: HTTP/1.1)
HTTP/1.1 200 OK
Content-Type: application/json; charset=utf-8
cache-control: no-cache
content-length: 88

16:04:01.862 [AsyncHttpClient-1-2] DEBUG org.asynchttpclient.netty.channel.ChannelManager - Adding key: http://localhost:59697 for channel [id: 0x79b846cd, L:/127.0.0.1:50071 - R:localhost/127.0.0.1:59697]
16:04:01.866 [Forwarding getElementTagName on session 73fa2e6cb2e14b016e8f45eac9c89011 to remote] DEBUG org.asynchttpclient.netty.request.NettyRequestSender - Using pooled Channel '[id: 0x79b846cd, L:/127.0.0.1:50071 - R:localhost/127.0.0.1:59697]' for 'GET' to 'http://localhost:59697/session/73fa2e6cb2e14b016e8f45eac9c89011/element/32d41421-fe40-4198-976b-f617648b93b4/name'
16:04:01.866 [Forwarding getElementTagName on session 73fa2e6cb2e14b016e8f45eac9c89011 to remote] DEBUG org.asynchttpclient.netty.request.NettyRequestSender - Using open Channel [id: 0x79b846cd, L:/127.0.0.1:50071 - R:localhost/127.0.0.1:59697] for GET '/session/73fa2e6cb2e14b016e8f45eac9c89011/element/32d41421-fe40-4198-976b-f617648b93b4/name'
16:04:01.872 [AsyncHttpClient-1-2] DEBUG org.asynchttpclient.netty.handler.HttpHandler - 

Request DefaultFullHttpRequest(decodeResult: success, version: HTTP/1.1, content: EmptyByteBufBE)
GET /session/73fa2e6cb2e14b016e8f45eac9c89011/element/32d41421-fe40-4198-976b-f617648b93b4/name HTTP/1.1
User-Agent: selenium/4.1.2 (java windows)
Cache-Control: no-cache
Content-Type: application/json; charset=utf-8
host: localhost:59697
accept: */*

Response DefaultHttpResponse(decodeResult: success, version: HTTP/1.1)
HTTP/1.1 200 OK
Content-Type: application/json; charset=utf-8
cache-control: no-cache
content-length: 18

16:04:01.872 [AsyncHttpClient-1-2] DEBUG org.asynchttpclient.netty.channel.ChannelManager - Adding key: http://localhost:59697 for channel [id: 0x79b846cd, L:/127.0.0.1:50071 - R:localhost/127.0.0.1:59697]
16:04:01.875 [Forwarding getElementTagName on session 73fa2e6cb2e14b016e8f45eac9c89011 to remote] DEBUG org.asynchttpclient.netty.request.NettyRequestSender - Using pooled Channel '[id: 0x79b846cd, L:/127.0.0.1:50071 - R:localhost/127.0.0.1:59697]' for 'GET' to 'http://localhost:59697/session/73fa2e6cb2e14b016e8f45eac9c89011/element/32d41421-fe40-4198-976b-f617648b93b4/name'
16:04:01.875 [Forwarding getElementTagName on session 73fa2e6cb2e14b016e8f45eac9c89011 to remote] DEBUG org.asynchttpclient.netty.request.NettyRequestSender - Using open Channel [id: 0x79b846cd, L:/127.0.0.1:50071 - R:localhost/127.0.0.1:59697] for GET '/session/73fa2e6cb2e14b016e8f45eac9c89011/element/32d41421-fe40-4198-976b-f617648b93b4/name'
16:04:01.881 [AsyncHttpClient-1-2] DEBUG org.asynchttpclient.netty.handler.HttpHandler - 

Request DefaultFullHttpRequest(decodeResult: success, version: HTTP/1.1, content: EmptyByteBufBE)
GET /session/73fa2e6cb2e14b016e8f45eac9c89011/element/32d41421-fe40-4198-976b-f617648b93b4/name HTTP/1.1
User-Agent: selenium/4.1.2 (java windows)
Cache-Control: no-cache
Content-Type: application/json; charset=utf-8
host: localhost:59697
accept: */*

Response DefaultHttpResponse(decodeResult: success, version: HTTP/1.1)
HTTP/1.1 200 OK
Content-Type: application/json; charset=utf-8
cache-control: no-cache
content-length: 18

16:04:01.881 [AsyncHttpClient-1-2] DEBUG org.asynchttpclient.netty.channel.ChannelManager - Adding key: http://localhost:59697 for channel [id: 0x79b846cd, L:/127.0.0.1:50071 - R:localhost/127.0.0.1:59697]
16:04:01.886 [Forwarding isElementEnabled on session 73fa2e6cb2e14b016e8f45eac9c89011 to remote] DEBUG org.asynchttpclient.netty.request.NettyRequestSender - Using pooled Channel '[id: 0x79b846cd, L:/127.0.0.1:50071 - R:localhost/127.0.0.1:59697]' for 'GET' to 'http://localhost:59697/session/73fa2e6cb2e14b016e8f45eac9c89011/element/32d41421-fe40-4198-976b-f617648b93b4/enabled'
16:04:01.887 [Forwarding isElementEnabled on session 73fa2e6cb2e14b016e8f45eac9c89011 to remote] DEBUG org.asynchttpclient.netty.request.NettyRequestSender - Using open Channel [id: 0x79b846cd, L:/127.0.0.1:50071 - R:localhost/127.0.0.1:59697] for GET '/session/73fa2e6cb2e14b016e8f45eac9c89011/element/32d41421-fe40-4198-976b-f617648b93b4/enabled'
16:04:01.899 [AsyncHttpClient-1-2] DEBUG org.asynchttpclient.netty.handler.HttpHandler - 

Request DefaultFullHttpRequest(decodeResult: success, version: HTTP/1.1, content: EmptyByteBufBE)
GET /session/73fa2e6cb2e14b016e8f45eac9c89011/element/32d41421-fe40-4198-976b-f617648b93b4/enabled HTTP/1.1
User-Agent: selenium/4.1.2 (java windows)
Cache-Control: no-cache
Content-Type: application/json; charset=utf-8
host: localhost:59697
accept: */*

Response DefaultHttpResponse(decodeResult: success, version: HTTP/1.1)
HTTP/1.1 200 OK
Content-Type: application/json; charset=utf-8
cache-control: no-cache
content-length: 14

16:04:01.900 [AsyncHttpClient-1-2] DEBUG org.asynchttpclient.netty.channel.ChannelManager - Adding key: http://localhost:59697 for channel [id: 0x79b846cd, L:/127.0.0.1:50071 - R:localhost/127.0.0.1:59697]
16:04:01.903 [Forwarding isElementEnabled on session 73fa2e6cb2e14b016e8f45eac9c89011 to remote] DEBUG org.asynchttpclient.netty.request.NettyRequestSender - Using pooled Channel '[id: 0x79b846cd, L:/127.0.0.1:50071 - R:localhost/127.0.0.1:59697]' for 'GET' to 'http://localhost:59697/session/73fa2e6cb2e14b016e8f45eac9c89011/element/32d41421-fe40-4198-976b-f617648b93b4/enabled'
16:04:01.903 [Forwarding isElementEnabled on session 73fa2e6cb2e14b016e8f45eac9c89011 to remote] DEBUG org.asynchttpclient.netty.request.NettyRequestSender - Using open Channel [id: 0x79b846cd, L:/127.0.0.1:50071 - R:localhost/127.0.0.1:59697] for GET '/session/73fa2e6cb2e14b016e8f45eac9c89011/element/32d41421-fe40-4198-976b-f617648b93b4/enabled'
16:04:01.912 [AsyncHttpClient-1-2] DEBUG org.asynchttpclient.netty.handler.HttpHandler - 

Request DefaultFullHttpRequest(decodeResult: success, version: HTTP/1.1, content: EmptyByteBufBE)
GET /session/73fa2e6cb2e14b016e8f45eac9c89011/element/32d41421-fe40-4198-976b-f617648b93b4/enabled HTTP/1.1
User-Agent: selenium/4.1.2 (java windows)
Cache-Control: no-cache
Content-Type: application/json; charset=utf-8
host: localhost:59697
accept: */*

Response DefaultHttpResponse(decodeResult: success, version: HTTP/1.1)
HTTP/1.1 200 OK
Content-Type: application/json; charset=utf-8
cache-control: no-cache
content-length: 14

16:04:01.913 [AsyncHttpClient-1-2] DEBUG org.asynchttpclient.netty.channel.ChannelManager - Adding key: http://localhost:59697 for channel [id: 0x79b846cd, L:/127.0.0.1:50071 - R:localhost/127.0.0.1:59697]
16:04:01.917 [Forwarding findElement on session 73fa2e6cb2e14b016e8f45eac9c89011 to remote] DEBUG org.asynchttpclient.netty.request.NettyRequestSender - Using pooled Channel '[id: 0x79b846cd, L:/127.0.0.1:50071 - R:localhost/127.0.0.1:59697]' for 'POST' to 'http://localhost:59697/session/73fa2e6cb2e14b016e8f45eac9c89011/element'
16:04:01.917 [Forwarding findElement on session 73fa2e6cb2e14b016e8f45eac9c89011 to remote] DEBUG org.asynchttpclient.netty.request.NettyRequestSender - Using open Channel [id: 0x79b846cd, L:/127.0.0.1:50071 - R:localhost/127.0.0.1:59697] for POST '/session/73fa2e6cb2e14b016e8f45eac9c89011/element'
16:04:01.927 [AsyncHttpClient-1-2] DEBUG org.asynchttpclient.netty.handler.HttpHandler - 

Request DefaultHttpRequest(decodeResult: success, version: HTTP/1.1)
POST /session/73fa2e6cb2e14b016e8f45eac9c89011/element HTTP/1.1
User-Agent: selenium/4.1.2 (java windows)
Content-Length: 114
Content-Type: application/json; charset=utf-8
host: localhost:59697
accept: */*

Response DefaultHttpResponse(decodeResult: success, version: HTTP/1.1)
HTTP/1.1 200 OK
Content-Type: application/json; charset=utf-8
cache-control: no-cache
content-length: 88

16:04:01.928 [AsyncHttpClient-1-2] DEBUG org.asynchttpclient.netty.channel.ChannelManager - Adding key: http://localhost:59697 for channel [id: 0x79b846cd, L:/127.0.0.1:50071 - R:localhost/127.0.0.1:59697]
16:04:01.930 [Forwarding clickElement on session 73fa2e6cb2e14b016e8f45eac9c89011 to remote] DEBUG org.asynchttpclient.netty.request.NettyRequestSender - Using pooled Channel '[id: 0x79b846cd, L:/127.0.0.1:50071 - R:localhost/127.0.0.1:59697]' for 'POST' to 'http://localhost:59697/session/73fa2e6cb2e14b016e8f45eac9c89011/element/32d41421-fe40-4198-976b-f617648b93b4/click'
16:04:01.931 [Forwarding clickElement on session 73fa2e6cb2e14b016e8f45eac9c89011 to remote] DEBUG org.asynchttpclient.netty.request.NettyRequestSender - Using open Channel [id: 0x79b846cd, L:/127.0.0.1:50071 - R:localhost/127.0.0.1:59697] for POST '/session/73fa2e6cb2e14b016e8f45eac9c89011/element/32d41421-fe40-4198-976b-f617648b93b4/click'
16:04:02.103 [AsyncHttpClient-1-2] DEBUG org.asynchttpclient.netty.handler.HttpHandler - 

Request DefaultHttpRequest(decodeResult: success, version: HTTP/1.1)
POST /session/73fa2e6cb2e14b016e8f45eac9c89011/element/32d41421-fe40-4198-976b-f617648b93b4/click HTTP/1.1
User-Agent: selenium/4.1.2 (java windows)
Content-Length: 50
Content-Type: application/json; charset=utf-8
host: localhost:59697
accept: */*

Response DefaultHttpResponse(decodeResult: success, version: HTTP/1.1)
HTTP/1.1 200 OK
Content-Type: application/json; charset=utf-8
cache-control: no-cache
content-length: 14

16:04:02.104 [AsyncHttpClient-1-2] DEBUG org.asynchttpclient.netty.channel.ChannelManager - Adding key: http://localhost:59697 for channel [id: 0x79b846cd, L:/127.0.0.1:50071 - R:localhost/127.0.0.1:59697]
16:04:02.138 [Forwarding screenshot on session 73fa2e6cb2e14b016e8f45eac9c89011 to remote] DEBUG org.asynchttpclient.netty.request.NettyRequestSender - Using pooled Channel '[id: 0x79b846cd, L:/127.0.0.1:50071 - R:localhost/127.0.0.1:59697]' for 'GET' to 'http://localhost:59697/session/73fa2e6cb2e14b016e8f45eac9c89011/screenshot'
16:04:02.139 [Forwarding screenshot on session 73fa2e6cb2e14b016e8f45eac9c89011 to remote] DEBUG org.asynchttpclient.netty.request.NettyRequestSender - Using open Channel [id: 0x79b846cd, L:/127.0.0.1:50071 - R:localhost/127.0.0.1:59697] for GET '/session/73fa2e6cb2e14b016e8f45eac9c89011/screenshot'
16:04:02.173 [AsyncHttpClient-1-1] DEBUG org.asynchttpclient.netty.channel.DefaultChannelPool - Entry count for : http://localhost:50072 : 1
16:04:02.320 [AsyncHttpClient-1-2] DEBUG org.asynchttpclient.netty.handler.HttpHandler - 

Request DefaultFullHttpRequest(decodeResult: success, version: HTTP/1.1, content: EmptyByteBufBE)
GET /session/73fa2e6cb2e14b016e8f45eac9c89011/screenshot HTTP/1.1
User-Agent: selenium/4.1.2 (java windows)
Cache-Control: no-cache
Content-Type: application/json; charset=utf-8
host: localhost:59697
accept: */*

Response DefaultHttpResponse(decodeResult: success, version: HTTP/1.1)
HTTP/1.1 200 OK
Content-Type: application/json; charset=utf-8
cache-control: no-cache
content-length: 82072

16:04:02.322 [AsyncHttpClient-1-2] DEBUG org.asynchttpclient.netty.channel.ChannelManager - Adding key: http://localhost:59697 for channel [id: 0x79b846cd, L:/127.0.0.1:50071 - R:localhost/127.0.0.1:59697]
16:04:02.327 [main] DEBUG net.serenitybdd.core.photography.Darkroom - Send negative for processing for target\site\serenity\bc36e4509e05ae4a9f1c343878bc07dc5ce96402d32f1d3e1c98353ec749a250.png
16:04:02.328 [main] DEBUG net.thucydides.core.steps.StepInterceptor - STEP DONE: clickSubmitButton
16:04:02.328 [Darkroom Processing Line] DEBUG net.serenitybdd.core.photography.DarkroomProcessingLine - Processing screenshot image in /var/screenshots/screenshot-8152450558231152936
16:04:02.328 [Darkroom Processing Line] DEBUG net.serenitybdd.core.photography.DarkroomProcessingLine - Saving screenshot to target\site\serenity\bc36e4509e05ae4a9f1c343878bc07dc5ce96402d32f1d3e1c98353ec749a250.png
  &amp#27;[32mAnd &amp#27;[0m&amp#27;[32mI input valid data patient and click submit&amp#27;[0m &amp#27;[90m# starter.stepdefinitions.PatientSteps.iInputValidDataPatientAndClickSubmit()&amp#27;[0m
16:04:02.347 [main] DEBUG net.thucydides.core.steps.StepInterceptor - STARTING STEP: PatientSteps.iGetNewPatientHasBeenAddedResult - newPatientAdded
16:04:02.351 [Forwarding findElement on session 73fa2e6cb2e14b016e8f45eac9c89011 to remote] DEBUG org.asynchttpclient.netty.request.NettyRequestSender - Using pooled Channel '[id: 0x79b846cd, L:/127.0.0.1:50071 - R:localhost/127.0.0.1:59697]' for 'POST' to 'http://localhost:59697/session/73fa2e6cb2e14b016e8f45eac9c89011/element'
16:04:02.352 [Forwarding findElement on session 73fa2e6cb2e14b016e8f45eac9c89011 to remote] DEBUG org.asynchttpclient.netty.request.NettyRequestSender - Using open Channel [id: 0x79b846cd, L:/127.0.0.1:50071 - R:localhost/127.0.0.1:59697] for POST '/session/73fa2e6cb2e14b016e8f45eac9c89011/element'
16:04:03.273 [AsyncHttpClient-1-1] DEBUG org.asynchttpclient.netty.channel.DefaultChannelPool - Entry count for : http://localhost:50072 : 1
16:04:03.285 [AsyncHttpClient-1-2] DEBUG org.asynchttpclient.netty.handler.HttpHandler - 

Request DefaultHttpRequest(decodeResult: success, version: HTTP/1.1)
POST /session/73fa2e6cb2e14b016e8f45eac9c89011/element HTTP/1.1
User-Agent: selenium/4.1.2 (java windows)
Content-Length: 74
Content-Type: application/json; charset=utf-8
host: localhost:59697
accept: */*

Response DefaultHttpResponse(decodeResult: success, version: HTTP/1.1)
HTTP/1.1 200 OK
Content-Type: application/json; charset=utf-8
cache-control: no-cache
content-length: 88

16:04:03.285 [AsyncHttpClient-1-2] DEBUG org.asynchttpclient.netty.channel.ChannelManager - Adding key: http://localhost:59697 for channel [id: 0x79b846cd, L:/127.0.0.1:50071 - R:localhost/127.0.0.1:59697]
16:04:03.296 [Forwarding isElementDisplayed on session 73fa2e6cb2e14b016e8f45eac9c89011 to remote] DEBUG org.asynchttpclient.netty.request.NettyRequestSender - Using pooled Channel '[id: 0x79b846cd, L:/127.0.0.1:50071 - R:localhost/127.0.0.1:59697]' for 'POST' to 'http://localhost:59697/session/73fa2e6cb2e14b016e8f45eac9c89011/execute/sync'
16:04:03.297 [Forwarding isElementDisplayed on session 73fa2e6cb2e14b016e8f45eac9c89011 to remote] DEBUG org.asynchttpclient.netty.request.NettyRequestSender - Using open Channel [id: 0x79b846cd, L:/127.0.0.1:50071 - R:localhost/127.0.0.1:59697] for POST '/session/73fa2e6cb2e14b016e8f45eac9c89011/execute/sync'
16:04:03.327 [AsyncHttpClient-1-2] DEBUG org.asynchttpclient.netty.handler.HttpHandler - 

Request DefaultHttpRequest(decodeResult: success, version: HTTP/1.1)
POST /session/73fa2e6cb2e14b016e8f45eac9c89011/execute/sync HTTP/1.1
User-Agent: selenium/4.1.2 (java windows)
Content-Length: 48780
Content-Type: application/json; charset=utf-8
host: localhost:59697
accept: */*

Response DefaultHttpResponse(decodeResult: success, version: HTTP/1.1)
HTTP/1.1 200 OK
Content-Type: application/json; charset=utf-8
cache-control: no-cache
content-length: 14

16:04:03.327 [AsyncHttpClient-1-2] DEBUG org.asynchttpclient.netty.channel.ChannelManager - Adding key: http://localhost:59697 for channel [id: 0x79b846cd, L:/127.0.0.1:50071 - R:localhost/127.0.0.1:59697]
16:04:03.338 [Forwarding screenshot on session 73fa2e6cb2e14b016e8f45eac9c89011 to remote] DEBUG org.asynchttpclient.netty.request.NettyRequestSender - Using pooled Channel '[id: 0x79b846cd, L:/127.0.0.1:50071 - R:localhost/127.0.0.1:59697]' for 'GET' to 'http://localhost:59697/session/73fa2e6cb2e14b016e8f45eac9c89011/screenshot'
16:04:03.338 [Forwarding screenshot on session 73fa2e6cb2e14b016e8f45eac9c89011 to remote] DEBUG org.asynchttpclient.netty.request.NettyRequestSender - Using open Channel [id: 0x79b846cd, L:/127.0.0.1:50071 - R:localhost/127.0.0.1:59697] for GET '/session/73fa2e6cb2e14b016e8f45eac9c89011/screenshot'
16:04:03.492 [AsyncHttpClient-1-2] DEBUG org.asynchttpclient.netty.handler.HttpHandler - 

Request DefaultFullHttpRequest(decodeResult: success, version: HTTP/1.1, content: EmptyByteBufBE)
GET /session/73fa2e6cb2e14b016e8f45eac9c89011/screenshot HTTP/1.1
User-Agent: selenium/4.1.2 (java windows)
Cache-Control: no-cache
Content-Type: application/json; charset=utf-8
host: localhost:59697
accept: */*

Response DefaultHttpResponse(decodeResult: success, version: HTTP/1.1)
HTTP/1.1 200 OK
Content-Type: application/json; charset=utf-8
cache-control: no-cache
content-length: 102344

16:04:03.494 [AsyncHttpClient-1-2] DEBUG org.asynchttpclient.netty.channel.ChannelManager - Adding key: http://localhost:59697 for channel [id: 0x79b846cd, L:/127.0.0.1:50071 - R:localhost/127.0.0.1:59697]
16:04:03.511 [main] DEBUG net.serenitybdd.core.photography.Darkroom - Send negative for processing for target\site\serenity\e9cd5bfb055b1de564841867a46833a58c24ca48917af03ddbf7b66fd3f2173a.png
16:04:03.511 [main] DEBUG net.thucydides.core.steps.StepInterceptor - STEP DONE: newPatientAdded
  &amp#27;[32mThen &amp#27;[0m&amp#27;[32mI get New Patient has been added result&amp#27;[0m    &amp#27;[90m# starter.stepdefinitions.PatientSteps.iGetNewPatientHasBeenAddedResult()&amp#27;[0m
16:04:03.519 [Darkroom Processing Line] DEBUG net.serenitybdd.core.photography.DarkroomProcessingLine - Processing screenshot image in /var/screenshots/screenshot-14275190006591393208
16:04:03.519 [Darkroom Processing Line] DEBUG net.serenitybdd.core.photography.DarkroomProcessingLine - Saving screenshot to target\site\serenity\e9cd5bfb055b1de564841867a46833a58c24ca48917af03ddbf7b66fd3f2173a.png
16:04:03.528 [main] INFO  - 
  _____   ___   ___   _____     ___     _     ___   ___   ___   ___  
 |_   _| | __| / __| |_   _|   | _ \   /_\   / __| / __| | __| |   \ 
   | |   | _|  \__ \   | |     |  _/  / _ \  \__ \ \__ \ | _|  | |) |
   |_|   |___| |___/   |_|     |_|   /_/ \_\ |___/ |___/ |___| |___/ 

Create New Patient scenario
----------------------------------------------------------------------
16:04:03.763 [Driver Command Executor] DEBUG org.asynchttpclient.netty.request.NettyRequestSender - Using pooled Channel '[id: 0x79b846cd, L:/127.0.0.1:50071 - R:localhost/127.0.0.1:59697]' for 'DELETE' to 'http://localhost:59697/session/73fa2e6cb2e14b016e8f45eac9c89011'
16:04:03.763 [Driver Command Executor] DEBUG org.asynchttpclient.netty.request.NettyRequestSender - Using open Channel [id: 0x79b846cd, L:/127.0.0.1:50071 - R:localhost/127.0.0.1:59697] for DELETE '/session/73fa2e6cb2e14b016e8f45eac9c89011'
16:04:03.765 [AsyncHttpClient-1-4] DEBUG org.asynchttpclient.netty.handler.WebSocketHandler - Channel Closed: [id: 0x472efaa0, L:/127.0.0.1:50080 ! R:localhost/127.0.0.1:50072] with attribute NettyResponseFuture{currentRetry=5,
	isDone=1,
	isCancelled=0,
	asyncHandler=org.asynchttpclient.ws.WebSocketUpgradeHandler@2780a154,
	nettyRequest=org.asynchttpclient.netty.request.NettyRequest@6c6ab8a6,
	future=java.util.concurrent.CompletableFuture@30600f8d[Completed normally],
	uri=ws://localhost:50072/devtools/browser/bd6420d8-be09-4dd7-b582-065187cb0665,
	keepAlive=true,
	redirectCount=0,
	timeoutsHolder=null,
	inAuth=0,
	touch=1655111024620}
16:04:03.766 [AsyncHttpClient-1-4] DEBUG org.asynchttpclient.netty.channel.ChannelManager - Closing Channel [id: 0x472efaa0, L:/127.0.0.1:50080 ! R:localhost/127.0.0.1:50072] 
16:04:03.928 [AsyncHttpClient-1-2] DEBUG org.asynchttpclient.netty.handler.HttpHandler - 

Request DefaultFullHttpRequest(decodeResult: success, version: HTTP/1.1, content: EmptyByteBufBE)
DELETE /session/73fa2e6cb2e14b016e8f45eac9c89011 HTTP/1.1
User-Agent: selenium/4.1.2 (java windows)
Content-Type: application/json; charset=utf-8
host: localhost:59697
accept: */*

Response DefaultHttpResponse(decodeResult: success, version: HTTP/1.1)
HTTP/1.1 200 OK
Content-Type: application/json; charset=utf-8
cache-control: no-cache
content-length: 14

16:04:03.929 [AsyncHttpClient-1-2] DEBUG org.asynchttpclient.netty.channel.ChannelManager - Adding key: http://localhost:59697 for channel [id: 0x79b846cd, L:/127.0.0.1:50071 - R:localhost/127.0.0.1:59697]
16:04:03.949 [AsyncHttpClient-1-3] DEBUG org.asynchttpclient.netty.handler.HttpHandler - Unexpected I/O exception on channel [id: 0xa500a3a3, L:/127.0.0.1:50079 - R:localhost/127.0.0.1:50072]
java.net.SocketException: Connection reset
	at java.base/sun.nio.ch.SocketChannelImpl.throwConnectionReset(SocketChannelImpl.java:367)
	at java.base/sun.nio.ch.SocketChannelImpl.read(SocketChannelImpl.java:398)
	at io.netty.buffer.PooledByteBuf.setBytes(PooledByteBuf.java:258)
	at io.netty.buffer.AbstractByteBuf.writeBytes(AbstractByteBuf.java:1132)
	at io.netty.channel.socket.nio.NioSocketChannel.doReadBytes(NioSocketChannel.java:350)
	at io.netty.channel.nio.AbstractNioByteChannel$NioByteUnsafe.read(AbstractNioByteChannel.java:151)
	at io.netty.channel.nio.NioEventLoop.processSelectedKey(NioEventLoop.java:722)
	at io.netty.channel.nio.NioEventLoop.processSelectedKeysOptimized(NioEventLoop.java:658)
	at io.netty.channel.nio.NioEventLoop.processSelectedKeys(NioEventLoop.java:584)
	at io.netty.channel.nio.NioEventLoop.run(NioEventLoop.java:496)
	at io.netty.util.concurrent.SingleThreadEventExecutor$4.run(SingleThreadEventExecutor.java:986)
	at io.netty.util.internal.ThreadExecutorMap$2.run(ThreadExecutorMap.java:74)
	at io.netty.util.concurrent.FastThreadLocalRunnable.run(FastThreadLocalRunnable.java:30)
	at java.base/java.lang.Thread.run(Thread.java:832)
16:04:03.949 [AsyncHttpClient-1-3] DEBUG org.asynchttpclient.netty.channel.ChannelManager - Closing Channel [id: 0xa500a3a3, L:/127.0.0.1:50079 - R:localhost/127.0.0.1:50072] 
16:04:03.994 [AsyncHttpClient-1-3] DEBUG org.asynchttpclient.netty.handler.HttpHandler - Channel Closed: [id: 0xa500a3a3, L:/127.0.0.1:50079 ! R:localhost/127.0.0.1:50072] with attribute DISCARD
16:04:04.079 [AsyncHttpClient-1-2] DEBUG org.asynchttpclient.netty.handler.HttpHandler - Channel Closed: [id: 0x79b846cd, L:/127.0.0.1:50071 ! R:localhost/127.0.0.1:59697] with attribute DISCARD
16:04:04.375 [AsyncHttpClient-1-1] DEBUG org.asynchttpclient.netty.channel.DefaultChannelPool - Entry count for : http://localhost:59697 : 1
16:04:04.375 [AsyncHttpClient-1-1] DEBUG org.asynchttpclient.netty.channel.DefaultChannelPool - Entry count for : http://localhost:50072 : 1
16:04:04.375 [AsyncHttpClient-1-1] DEBUG org.asynchttpclient.netty.channel.DefaultChannelPool - Adding Candidate expired Channel [id: 0x79b846cd, L:/127.0.0.1:50071 ! R:localhost/127.0.0.1:59697] isIdleTimeoutExpired=false isRemotelyClosed=true isTtlExpired=false
16:04:04.375 [AsyncHttpClient-1-1] DEBUG org.asynchttpclient.netty.channel.DefaultChannelPool - Closing Idle Channel [id: 0x79b846cd, L:/127.0.0.1:50071 ! R:localhost/127.0.0.1:59697]
16:04:04.376 [AsyncHttpClient-1-1] DEBUG org.asynchttpclient.netty.channel.DefaultChannelPool - Adding Candidate expired Channel [id: 0xa500a3a3, L:/127.0.0.1:50079 ! R:localhost/127.0.0.1:50072] isIdleTimeoutExpired=false isRemotelyClosed=true isTtlExpired=false
16:04:04.376 [AsyncHttpClient-1-1] DEBUG org.asynchttpclient.netty.channel.DefaultChannelPool - Closing Idle Channel [id: 0xa500a3a3, L:/127.0.0.1:50079 ! R:localhost/127.0.0.1:50072]
16:04:04.377 [AsyncHttpClient-1-1] DEBUG org.asynchttpclient.netty.channel.DefaultChannelPool - Closed 2 connections out of 2 in 2 ms
]]></system-out>
    <system-err><![CDATA[Starting ChromeDriver 102.0.5005.61 (0e59bcc00cc4985ce39ad31c150065f159d95ad3-refs/branch-heads/5005@{#819}) on port 59697
Only local connections are allowed.
Please see https://chromedriver.chromium.org/security-considerations for suggestions on keeping ChromeDriver safe.
ChromeDriver was started successfully.
Jun 13, 2022 4:03:44 PM org.openqa.selenium.remote.ProtocolHandshake createSession
INFO: Detected dialect: W3C
Jun 13, 2022 4:03:44 PM org.openqa.selenium.devtools.CdpVersionFinder findNearestMatch
WARNING: Unable to find an exact match for CDP version 102, so returning the closest version found: a no-op implementation
Jun 13, 2022 4:03:44 PM org.openqa.selenium.devtools.CdpVersionFinder findNearestMatch
INFO: Unable to find CDP implementation matching 102.
Jun 13, 2022 4:03:44 PM org.openqa.selenium.chromium.ChromiumDriver lambda$new$3
WARNING: Unable to find version of CDP to use for . You may need to include a dependency on a specific version of the CDP using something similar to `org.seleniumhq.selenium:selenium-devtools-v86:4.1.2` where the version ("v86") matches the version of the chromium-based browser you're using and the version number of the artifact is the same as Selenium's.
]]></system-err>
  </testcase>
  <testcase name="Edit Patient Data scenario" classname="Patient" time="19.099">
    <system-out><![CDATA[
@Patient
Scenario: Edit Patient Data scenario            &amp#27;[90m# src/test/resources/features/Patient.feature:15&amp#27;[0m
16:04:04.662 [main] INFO io.cucumber.core.plugin.SerenityReporter - Running feature from file:///E:/My%20Documents/File%20Difa/TI%20Semester%206%20Kampus%20Merdeka%20Alterra/Tugas/CAPSTONE%20Project/Capstone-Project-Website/src/test/resources/features/Patient.feature
16:04:04.667 [main] INFO  - 
  _____   ___   ___   _____     ___   _____     _     ___   _____   ___   ___  
 |_   _| | __| / __| |_   _|   / __| |_   _|   /_\   | _ \ |_   _| | __| |   \ 
   | |   | _|  \__ \   | |     \__ \   | |    / _ \  |   /   | |   | _|  | |) |
   |_|   |___| |___/   |_|     |___/   |_|   /_/ \_\ |_|_\   |_|   |___| |___/ 

Edit Patient Data scenario(patient;edit-patient-data-scenario)
--------------------------------------------------------------------------------
16:04:04.716 [main] DEBUG net.thucydides.core.steps.StepInterceptor - STARTING STEP: PatientSteps.iAmAtTheDashboardPage - openUrl
16:04:04.718 [main] INFO net.serenitybdd.core.webdriver.driverproviders.ChromeDriverProvider - Using automatically driver download
16:04:04.901 [main] DEBUG io.github.bonigarcia.wdm.cache.ResolutionCache - Resolution chrome=102 in cache (valid until 16:10:42 13/06/2022 ICT)
16:04:04.909 [main] DEBUG io.github.bonigarcia.wdm.cache.ResolutionCache - Resolution chrome102=102.0.5005.61 in cache (valid until 11:58:55 14/06/2022 ICT)
16:04:04.913 [main] INFO io.github.bonigarcia.wdm.WebDriverManager - Using chromedriver 102.0.5005.61 (resolved driver for Chrome 102)
16:04:04.932 [main] DEBUG io.github.bonigarcia.wdm.WebDriverManager - Driver chromedriver 102.0.5005.61 found in cache
16:04:04.933 [main] INFO io.github.bonigarcia.wdm.WebDriverManager - Exporting webdriver.chrome.driver as C:\Users\USER\.cache\selenium\chromedriver\win32\102.0.5005.61\chromedriver.exe
16:04:05.112 [main] DEBUG net.serenitybdd.core.webdriver.driverproviders.ProvideNewDriver - Instantiating driver
16:04:05.113 [main] DEBUG net.serenitybdd.core.webdriver.driverproviders.ProvideNewDriver - Driver capabilities: Capabilities {acceptInsecureCerts: false, base.url: https://group7-react-dev.ne..., browserName: chrome, chrome.driver: src/test/resources/webdrive..., driver: chrome, goog:chromeOptions: {args: [], extensions: []}}
16:04:05.654 [AsyncHttpClient-1-5] DEBUG org.asynchttpclient.netty.channel.NettyConnectListener - Using new Channel '[id: 0x31dfea76, L:/127.0.0.1:50095 - R:localhost/127.0.0.1:50806]' for 'POST' to '/session'
16:04:06.789 [AsyncHttpClient-1-5] DEBUG org.asynchttpclient.netty.handler.HttpHandler - 

Request DefaultHttpRequest(decodeResult: success, version: HTTP/1.1)
POST /session HTTP/1.1
User-Agent: selenium/4.1.2 (java windows)
Content-Length: 617
Content-Type: application/json; charset=utf-8
host: localhost:50806
accept: */*

Response DefaultHttpResponse(decodeResult: success, version: HTTP/1.1)
HTTP/1.1 200 OK
Content-Type: application/json; charset=utf-8
cache-control: no-cache
content-length: 789

16:04:06.790 [AsyncHttpClient-1-5] DEBUG org.asynchttpclient.netty.channel.ChannelManager - Adding key: http://localhost:50806 for channel [id: 0x31dfea76, L:/127.0.0.1:50095 - R:localhost/127.0.0.1:50806]
16:04:06.799 [AsyncHttpClient-1-6] DEBUG org.asynchttpclient.netty.channel.NettyConnectListener - Using new Channel '[id: 0xc9d2f98a, L:/127.0.0.1:50101 - R:localhost/127.0.0.1:50096]' for 'GET' to '/json/version'
16:04:06.809 [AsyncHttpClient-1-6] DEBUG org.asynchttpclient.netty.handler.HttpHandler - 

Request DefaultFullHttpRequest(decodeResult: success, version: HTTP/1.1, content: EmptyByteBufBE)
GET /json/version HTTP/1.1
User-Agent: selenium/4.1.2 (java windows)
host: localhost:50096
accept: */*

Response DefaultHttpResponse(decodeResult: success, version: HTTP/1.1)
HTTP/1.1 200 OK
Content-Type: application/json; charset=UTF-8
content-length: 427

16:04:06.809 [AsyncHttpClient-1-6] DEBUG org.asynchttpclient.netty.channel.ChannelManager - Adding key: http://localhost:50096 for channel [id: 0xc9d2f98a, L:/127.0.0.1:50101 - R:localhost/127.0.0.1:50096]
16:04:06.813 [AsyncHttpClient-1-7] DEBUG org.asynchttpclient.netty.channel.NettyConnectListener - Using new Channel '[id: 0xa926850f, L:/127.0.0.1:50102 - R:localhost/127.0.0.1:50096]' for 'GET' to '/devtools/browser/fb09b1f3-ebc8-4e2b-a055-2c4770c8f6af'
16:04:06.820 [AsyncHttpClient-1-7] DEBUG org.asynchttpclient.netty.handler.WebSocketHandler - 

Request DefaultFullHttpRequest(decodeResult: success, version: HTTP/1.1, content: EmptyByteBufBE)
GET /devtools/browser/fb09b1f3-ebc8-4e2b-a055-2c4770c8f6af HTTP/1.1
upgrade: websocket
connection: upgrade
sec-websocket-key: 7Q2FAq93jbg/J6fcPV+SXA==
sec-websocket-version: 13
origin: http://localhost:50096
host: localhost:50096
accept: */*
user-agent: AHC/2.1

Response DefaultHttpResponse(decodeResult: success, version: HTTP/1.1)
HTTP/1.1 101 WebSocket Protocol Handshake
Upgrade: WebSocket
Connection: Upgrade
Sec-WebSocket-Accept: UwDeF6LuraZggZa6t8TygRoyuls=

16:04:06.829 [Forwarding maximizeCurrentWindow on session 96b8960412cc1a054700f57462b396bd to remote] DEBUG org.asynchttpclient.netty.request.NettyRequestSender - Using pooled Channel '[id: 0x31dfea76, L:/127.0.0.1:50095 - R:localhost/127.0.0.1:50806]' for 'POST' to 'http://localhost:50806/session/96b8960412cc1a054700f57462b396bd/window/maximize'
16:04:06.830 [Forwarding maximizeCurrentWindow on session 96b8960412cc1a054700f57462b396bd to remote] DEBUG org.asynchttpclient.netty.request.NettyRequestSender - Using open Channel [id: 0x31dfea76, L:/127.0.0.1:50095 - R:localhost/127.0.0.1:50806] for POST '/session/96b8960412cc1a054700f57462b396bd/window/maximize'
16:04:06.949 [AsyncHttpClient-1-5] DEBUG org.asynchttpclient.netty.handler.HttpHandler - 

Request DefaultHttpRequest(decodeResult: success, version: HTTP/1.1)
POST /session/96b8960412cc1a054700f57462b396bd/window/maximize HTTP/1.1
User-Agent: selenium/4.1.2 (java windows)
Content-Length: 3
Content-Type: application/json; charset=utf-8
host: localhost:50806
accept: */*

Response DefaultHttpResponse(decodeResult: success, version: HTTP/1.1)
HTTP/1.1 200 OK
Content-Type: application/json; charset=utf-8
cache-control: no-cache
content-length: 51

16:04:06.950 [AsyncHttpClient-1-5] DEBUG org.asynchttpclient.netty.channel.ChannelManager - Adding key: http://localhost:50806 for channel [id: 0x31dfea76, L:/127.0.0.1:50095 - R:localhost/127.0.0.1:50806]
16:04:06.955 [Forwarding get on session 96b8960412cc1a054700f57462b396bd to remote] DEBUG org.asynchttpclient.netty.request.NettyRequestSender - Using pooled Channel '[id: 0x31dfea76, L:/127.0.0.1:50095 - R:localhost/127.0.0.1:50806]' for 'POST' to 'http://localhost:50806/session/96b8960412cc1a054700f57462b396bd/url'
16:04:06.955 [Forwarding get on session 96b8960412cc1a054700f57462b396bd to remote] DEBUG org.asynchttpclient.netty.request.NettyRequestSender - Using open Channel [id: 0x31dfea76, L:/127.0.0.1:50095 - R:localhost/127.0.0.1:50806] for POST '/session/96b8960412cc1a054700f57462b396bd/url'
16:04:07.675 [AsyncHttpClient-1-1] DEBUG org.asynchttpclient.netty.channel.DefaultChannelPool - Entry count for : http://localhost:50096 : 1
16:04:08.773 [AsyncHttpClient-1-1] DEBUG org.asynchttpclient.netty.channel.DefaultChannelPool - Entry count for : http://localhost:50096 : 1
16:04:09.873 [AsyncHttpClient-1-1] DEBUG org.asynchttpclient.netty.channel.DefaultChannelPool - Entry count for : http://localhost:50096 : 1
16:04:10.175 [AsyncHttpClient-1-5] DEBUG org.asynchttpclient.netty.handler.HttpHandler - 

Request DefaultHttpRequest(decodeResult: success, version: HTTP/1.1)
POST /session/96b8960412cc1a054700f57462b396bd/url HTTP/1.1
User-Agent: selenium/4.1.2 (java windows)
Content-Length: 61
Content-Type: application/json; charset=utf-8
host: localhost:50806
accept: */*

Response DefaultHttpResponse(decodeResult: success, version: HTTP/1.1)
HTTP/1.1 200 OK
Content-Type: application/json; charset=utf-8
cache-control: no-cache
content-length: 14

16:04:10.176 [AsyncHttpClient-1-5] DEBUG org.asynchttpclient.netty.channel.ChannelManager - Adding key: http://localhost:50806 for channel [id: 0x31dfea76, L:/127.0.0.1:50095 - R:localhost/127.0.0.1:50806]
16:04:10.180 [Forwarding setTimeout on session 96b8960412cc1a054700f57462b396bd to remote] DEBUG org.asynchttpclient.netty.request.NettyRequestSender - Using pooled Channel '[id: 0x31dfea76, L:/127.0.0.1:50095 - R:localhost/127.0.0.1:50806]' for 'POST' to 'http://localhost:50806/session/96b8960412cc1a054700f57462b396bd/timeouts'
16:04:10.180 [Forwarding setTimeout on session 96b8960412cc1a054700f57462b396bd to remote] DEBUG org.asynchttpclient.netty.request.NettyRequestSender - Using open Channel [id: 0x31dfea76, L:/127.0.0.1:50095 - R:localhost/127.0.0.1:50806] for POST '/session/96b8960412cc1a054700f57462b396bd/timeouts'
16:04:10.182 [AsyncHttpClient-1-5] DEBUG org.asynchttpclient.netty.handler.HttpHandler - 

Request DefaultHttpRequest(decodeResult: success, version: HTTP/1.1)
POST /session/96b8960412cc1a054700f57462b396bd/timeouts HTTP/1.1
User-Agent: selenium/4.1.2 (java windows)
Content-Length: 22
Content-Type: application/json; charset=utf-8
host: localhost:50806
accept: */*

Response DefaultHttpResponse(decodeResult: success, version: HTTP/1.1)
HTTP/1.1 200 OK
Content-Type: application/json; charset=utf-8
cache-control: no-cache
content-length: 14

16:04:10.182 [AsyncHttpClient-1-5] DEBUG org.asynchttpclient.netty.channel.ChannelManager - Adding key: http://localhost:50806 for channel [id: 0x31dfea76, L:/127.0.0.1:50095 - R:localhost/127.0.0.1:50806]
16:04:10.198 [Forwarding getCurrentUrl on session 96b8960412cc1a054700f57462b396bd to remote] DEBUG org.asynchttpclient.netty.request.NettyRequestSender - Using pooled Channel '[id: 0x31dfea76, L:/127.0.0.1:50095 - R:localhost/127.0.0.1:50806]' for 'GET' to 'http://localhost:50806/session/96b8960412cc1a054700f57462b396bd/url'
16:04:10.199 [Forwarding getCurrentUrl on session 96b8960412cc1a054700f57462b396bd to remote] DEBUG org.asynchttpclient.netty.request.NettyRequestSender - Using open Channel [id: 0x31dfea76, L:/127.0.0.1:50095 - R:localhost/127.0.0.1:50806] for GET '/session/96b8960412cc1a054700f57462b396bd/url'
16:04:10.206 [AsyncHttpClient-1-5] DEBUG org.asynchttpclient.netty.handler.HttpHandler - 

Request DefaultFullHttpRequest(decodeResult: success, version: HTTP/1.1, content: EmptyByteBufBE)
GET /session/96b8960412cc1a054700f57462b396bd/url HTTP/1.1
User-Agent: selenium/4.1.2 (java windows)
Cache-Control: no-cache
Content-Type: application/json; charset=utf-8
host: localhost:50806
accept: */*

Response DefaultHttpResponse(decodeResult: success, version: HTTP/1.1)
HTTP/1.1 200 OK
Content-Type: application/json; charset=utf-8
cache-control: no-cache
content-length: 49

16:04:10.207 [AsyncHttpClient-1-5] DEBUG org.asynchttpclient.netty.channel.ChannelManager - Adding key: http://localhost:50806 for channel [id: 0x31dfea76, L:/127.0.0.1:50095 - R:localhost/127.0.0.1:50806]
16:04:10.213 [Forwarding getCurrentUrl on session 96b8960412cc1a054700f57462b396bd to remote] DEBUG org.asynchttpclient.netty.request.NettyRequestSender - Using pooled Channel '[id: 0x31dfea76, L:/127.0.0.1:50095 - R:localhost/127.0.0.1:50806]' for 'GET' to 'http://localhost:50806/session/96b8960412cc1a054700f57462b396bd/url'
16:04:10.214 [Forwarding getCurrentUrl on session 96b8960412cc1a054700f57462b396bd to remote] DEBUG org.asynchttpclient.netty.request.NettyRequestSender - Using open Channel [id: 0x31dfea76, L:/127.0.0.1:50095 - R:localhost/127.0.0.1:50806] for GET '/session/96b8960412cc1a054700f57462b396bd/url'
16:04:10.219 [AsyncHttpClient-1-5] DEBUG org.asynchttpclient.netty.handler.HttpHandler - 

Request DefaultFullHttpRequest(decodeResult: success, version: HTTP/1.1, content: EmptyByteBufBE)
GET /session/96b8960412cc1a054700f57462b396bd/url HTTP/1.1
User-Agent: selenium/4.1.2 (java windows)
Cache-Control: no-cache
Content-Type: application/json; charset=utf-8
host: localhost:50806
accept: */*

Response DefaultHttpResponse(decodeResult: success, version: HTTP/1.1)
HTTP/1.1 200 OK
Content-Type: application/json; charset=utf-8
cache-control: no-cache
content-length: 49

16:04:10.219 [AsyncHttpClient-1-5] DEBUG org.asynchttpclient.netty.channel.ChannelManager - Adding key: http://localhost:50806 for channel [id: 0x31dfea76, L:/127.0.0.1:50095 - R:localhost/127.0.0.1:50806]
16:04:10.233 [Forwarding screenshot on session 96b8960412cc1a054700f57462b396bd to remote] DEBUG org.asynchttpclient.netty.request.NettyRequestSender - Using pooled Channel '[id: 0x31dfea76, L:/127.0.0.1:50095 - R:localhost/127.0.0.1:50806]' for 'GET' to 'http://localhost:50806/session/96b8960412cc1a054700f57462b396bd/screenshot'
16:04:10.233 [Forwarding screenshot on session 96b8960412cc1a054700f57462b396bd to remote] DEBUG org.asynchttpclient.netty.request.NettyRequestSender - Using open Channel [id: 0x31dfea76, L:/127.0.0.1:50095 - R:localhost/127.0.0.1:50806] for GET '/session/96b8960412cc1a054700f57462b396bd/screenshot'
16:04:10.451 [AsyncHttpClient-1-5] DEBUG org.asynchttpclient.netty.handler.HttpHandler - 

Request DefaultFullHttpRequest(decodeResult: success, version: HTTP/1.1, content: EmptyByteBufBE)
GET /session/96b8960412cc1a054700f57462b396bd/screenshot HTTP/1.1
User-Agent: selenium/4.1.2 (java windows)
Cache-Control: no-cache
Content-Type: application/json; charset=utf-8
host: localhost:50806
accept: */*

Response DefaultHttpResponse(decodeResult: success, version: HTTP/1.1)
HTTP/1.1 200 OK
Content-Type: application/json; charset=utf-8
cache-control: no-cache
content-length: 134664

16:04:10.453 [AsyncHttpClient-1-5] DEBUG org.asynchttpclient.netty.channel.ChannelManager - Adding key: http://localhost:50806 for channel [id: 0x31dfea76, L:/127.0.0.1:50095 - R:localhost/127.0.0.1:50806]
16:04:10.461 [main] DEBUG net.serenitybdd.core.photography.Darkroom - Send negative for processing for target\site\serenity\a38800f0c2d57ae8427245bd0fe65dd18e522f6d1ee8f18fd77e8c49274aaeb5.png
16:04:10.461 [main] DEBUG net.thucydides.core.steps.StepInterceptor - STEP DONE: openUrl
16:04:10.462 [Darkroom Processing Line] DEBUG net.serenitybdd.core.photography.DarkroomProcessingLine - Processing screenshot image in /var/screenshots/screenshot-17213094651771174137
16:04:10.462 [Darkroom Processing Line] DEBUG net.serenitybdd.core.photography.DarkroomProcessingLine - Saving screenshot to target\site\serenity\a38800f0c2d57ae8427245bd0fe65dd18e522f6d1ee8f18fd77e8c49274aaeb5.png
16:04:10.474 [main] DEBUG net.thucydides.core.steps.StepInterceptor - STARTING STEP: PatientSteps.iAmAtTheDashboardPage - validateOnDashboardPage
16:04:10.478 [Forwarding findElement on session 96b8960412cc1a054700f57462b396bd to remote] DEBUG org.asynchttpclient.netty.request.NettyRequestSender - Using pooled Channel '[id: 0x31dfea76, L:/127.0.0.1:50095 - R:localhost/127.0.0.1:50806]' for 'POST' to 'http://localhost:50806/session/96b8960412cc1a054700f57462b396bd/element'
16:04:10.478 [Forwarding findElement on session 96b8960412cc1a054700f57462b396bd to remote] DEBUG org.asynchttpclient.netty.request.NettyRequestSender - Using open Channel [id: 0x31dfea76, L:/127.0.0.1:50095 - R:localhost/127.0.0.1:50806] for POST '/session/96b8960412cc1a054700f57462b396bd/element'
16:04:10.499 [AsyncHttpClient-1-5] DEBUG org.asynchttpclient.netty.handler.HttpHandler - 

Request DefaultHttpRequest(decodeResult: success, version: HTTP/1.1)
POST /session/96b8960412cc1a054700f57462b396bd/element HTTP/1.1
User-Agent: selenium/4.1.2 (java windows)
Content-Length: 105
Content-Type: application/json; charset=utf-8
host: localhost:50806
accept: */*

Response DefaultHttpResponse(decodeResult: success, version: HTTP/1.1)
HTTP/1.1 200 OK
Content-Type: application/json; charset=utf-8
cache-control: no-cache
content-length: 88

16:04:10.499 [AsyncHttpClient-1-5] DEBUG org.asynchttpclient.netty.channel.ChannelManager - Adding key: http://localhost:50806 for channel [id: 0x31dfea76, L:/127.0.0.1:50095 - R:localhost/127.0.0.1:50806]
16:04:10.506 [Forwarding isElementDisplayed on session 96b8960412cc1a054700f57462b396bd to remote] DEBUG org.asynchttpclient.netty.request.NettyRequestSender - Using pooled Channel '[id: 0x31dfea76, L:/127.0.0.1:50095 - R:localhost/127.0.0.1:50806]' for 'POST' to 'http://localhost:50806/session/96b8960412cc1a054700f57462b396bd/execute/sync'
16:04:10.506 [Forwarding isElementDisplayed on session 96b8960412cc1a054700f57462b396bd to remote] DEBUG org.asynchttpclient.netty.request.NettyRequestSender - Using open Channel [id: 0x31dfea76, L:/127.0.0.1:50095 - R:localhost/127.0.0.1:50806] for POST '/session/96b8960412cc1a054700f57462b396bd/execute/sync'
16:04:10.526 [AsyncHttpClient-1-5] DEBUG org.asynchttpclient.netty.handler.HttpHandler - 

Request DefaultHttpRequest(decodeResult: success, version: HTTP/1.1)
POST /session/96b8960412cc1a054700f57462b396bd/execute/sync HTTP/1.1
User-Agent: selenium/4.1.2 (java windows)
Content-Length: 48780
Content-Type: application/json; charset=utf-8
host: localhost:50806
accept: */*

Response DefaultHttpResponse(decodeResult: success, version: HTTP/1.1)
HTTP/1.1 200 OK
Content-Type: application/json; charset=utf-8
cache-control: no-cache
content-length: 14

16:04:10.526 [AsyncHttpClient-1-5] DEBUG org.asynchttpclient.netty.channel.ChannelManager - Adding key: http://localhost:50806 for channel [id: 0x31dfea76, L:/127.0.0.1:50095 - R:localhost/127.0.0.1:50806]
16:04:10.532 [Forwarding screenshot on session 96b8960412cc1a054700f57462b396bd to remote] DEBUG org.asynchttpclient.netty.request.NettyRequestSender - Using pooled Channel '[id: 0x31dfea76, L:/127.0.0.1:50095 - R:localhost/127.0.0.1:50806]' for 'GET' to 'http://localhost:50806/session/96b8960412cc1a054700f57462b396bd/screenshot'
16:04:10.532 [Forwarding screenshot on session 96b8960412cc1a054700f57462b396bd to remote] DEBUG org.asynchttpclient.netty.request.NettyRequestSender - Using open Channel [id: 0x31dfea76, L:/127.0.0.1:50095 - R:localhost/127.0.0.1:50806] for GET '/session/96b8960412cc1a054700f57462b396bd/screenshot'
16:04:10.681 [AsyncHttpClient-1-5] DEBUG org.asynchttpclient.netty.handler.HttpHandler - 

Request DefaultFullHttpRequest(decodeResult: success, version: HTTP/1.1, content: EmptyByteBufBE)
GET /session/96b8960412cc1a054700f57462b396bd/screenshot HTTP/1.1
User-Agent: selenium/4.1.2 (java windows)
Cache-Control: no-cache
Content-Type: application/json; charset=utf-8
host: localhost:50806
accept: */*

Response DefaultHttpResponse(decodeResult: success, version: HTTP/1.1)
HTTP/1.1 200 OK
Content-Type: application/json; charset=utf-8
cache-control: no-cache
content-length: 136956

16:04:10.683 [AsyncHttpClient-1-5] DEBUG org.asynchttpclient.netty.channel.ChannelManager - Adding key: http://localhost:50806 for channel [id: 0x31dfea76, L:/127.0.0.1:50095 - R:localhost/127.0.0.1:50806]
16:04:10.692 [main] DEBUG net.serenitybdd.core.photography.Darkroom - Send negative for processing for target\site\serenity\06a623a2ba3952f088d090be823fd87372789a7d3b2f3f12047003a2dc674d78.png
16:04:10.692 [main] DEBUG net.thucydides.core.steps.StepInterceptor - STEP DONE: validateOnDashboardPage
16:04:10.693 [Darkroom Processing Line] DEBUG net.serenitybdd.core.photography.DarkroomProcessingLine - Processing screenshot image in /var/screenshots/screenshot-7005742511086798968
  &amp#27;[32mGiven &amp#27;[0m&amp#27;[32mI am at the dashboard page&amp#27;[0m              &amp#27;[90m# starter.stepdefinitions.PatientSteps.iAmAtTheDashboardPage()&amp#27;[0m
16:04:10.693 [Darkroom Processing Line] DEBUG net.serenitybdd.core.photography.DarkroomProcessingLine - Saving screenshot to target\site\serenity\06a623a2ba3952f088d090be823fd87372789a7d3b2f3f12047003a2dc674d78.png
16:04:10.714 [main] DEBUG net.thucydides.core.steps.StepInterceptor - STARTING STEP: PatientSteps.iClickMenuPatient - clickMenuPatientButton
16:04:10.720 [Forwarding findElement on session 96b8960412cc1a054700f57462b396bd to remote] DEBUG org.asynchttpclient.netty.request.NettyRequestSender - Using pooled Channel '[id: 0x31dfea76, L:/127.0.0.1:50095 - R:localhost/127.0.0.1:50806]' for 'POST' to 'http://localhost:50806/session/96b8960412cc1a054700f57462b396bd/element'
16:04:10.720 [Forwarding findElement on session 96b8960412cc1a054700f57462b396bd to remote] DEBUG org.asynchttpclient.netty.request.NettyRequestSender - Using open Channel [id: 0x31dfea76, L:/127.0.0.1:50095 - R:localhost/127.0.0.1:50806] for POST '/session/96b8960412cc1a054700f57462b396bd/element'
16:04:10.735 [AsyncHttpClient-1-5] DEBUG org.asynchttpclient.netty.handler.HttpHandler - 

Request DefaultHttpRequest(decodeResult: success, version: HTTP/1.1)
POST /session/96b8960412cc1a054700f57462b396bd/element HTTP/1.1
User-Agent: selenium/4.1.2 (java windows)
Content-Length: 134
Content-Type: application/json; charset=utf-8
host: localhost:50806
accept: */*

Response DefaultHttpResponse(decodeResult: success, version: HTTP/1.1)
HTTP/1.1 200 OK
Content-Type: application/json; charset=utf-8
cache-control: no-cache
content-length: 88

16:04:10.735 [AsyncHttpClient-1-5] DEBUG org.asynchttpclient.netty.channel.ChannelManager - Adding key: http://localhost:50806 for channel [id: 0x31dfea76, L:/127.0.0.1:50095 - R:localhost/127.0.0.1:50806]
16:04:10.738 [Forwarding getElementTagName on session 96b8960412cc1a054700f57462b396bd to remote] DEBUG org.asynchttpclient.netty.request.NettyRequestSender - Using pooled Channel '[id: 0x31dfea76, L:/127.0.0.1:50095 - R:localhost/127.0.0.1:50806]' for 'GET' to 'http://localhost:50806/session/96b8960412cc1a054700f57462b396bd/element/81f4aa4c-9b3c-4ffb-988d-3eb747bc0a65/name'
16:04:10.738 [Forwarding getElementTagName on session 96b8960412cc1a054700f57462b396bd to remote] DEBUG org.asynchttpclient.netty.request.NettyRequestSender - Using open Channel [id: 0x31dfea76, L:/127.0.0.1:50095 - R:localhost/127.0.0.1:50806] for GET '/session/96b8960412cc1a054700f57462b396bd/element/81f4aa4c-9b3c-4ffb-988d-3eb747bc0a65/name'
16:04:10.744 [AsyncHttpClient-1-5] DEBUG org.asynchttpclient.netty.handler.HttpHandler - 

Request DefaultFullHttpRequest(decodeResult: success, version: HTTP/1.1, content: EmptyByteBufBE)
GET /session/96b8960412cc1a054700f57462b396bd/element/81f4aa4c-9b3c-4ffb-988d-3eb747bc0a65/name HTTP/1.1
User-Agent: selenium/4.1.2 (java windows)
Cache-Control: no-cache
Content-Type: application/json; charset=utf-8
host: localhost:50806
accept: */*

Response DefaultHttpResponse(decodeResult: success, version: HTTP/1.1)
HTTP/1.1 200 OK
Content-Type: application/json; charset=utf-8
cache-control: no-cache
content-length: 15

16:04:10.744 [AsyncHttpClient-1-5] DEBUG org.asynchttpclient.netty.channel.ChannelManager - Adding key: http://localhost:50806 for channel [id: 0x31dfea76, L:/127.0.0.1:50095 - R:localhost/127.0.0.1:50806]
16:04:10.746 [Forwarding getElementTagName on session 96b8960412cc1a054700f57462b396bd to remote] DEBUG org.asynchttpclient.netty.request.NettyRequestSender - Using pooled Channel '[id: 0x31dfea76, L:/127.0.0.1:50095 - R:localhost/127.0.0.1:50806]' for 'GET' to 'http://localhost:50806/session/96b8960412cc1a054700f57462b396bd/element/81f4aa4c-9b3c-4ffb-988d-3eb747bc0a65/name'
16:04:10.747 [Forwarding getElementTagName on session 96b8960412cc1a054700f57462b396bd to remote] DEBUG org.asynchttpclient.netty.request.NettyRequestSender - Using open Channel [id: 0x31dfea76, L:/127.0.0.1:50095 - R:localhost/127.0.0.1:50806] for GET '/session/96b8960412cc1a054700f57462b396bd/element/81f4aa4c-9b3c-4ffb-988d-3eb747bc0a65/name'
16:04:10.754 [AsyncHttpClient-1-5] DEBUG org.asynchttpclient.netty.handler.HttpHandler - 

Request DefaultFullHttpRequest(decodeResult: success, version: HTTP/1.1, content: EmptyByteBufBE)
GET /session/96b8960412cc1a054700f57462b396bd/element/81f4aa4c-9b3c-4ffb-988d-3eb747bc0a65/name HTTP/1.1
User-Agent: selenium/4.1.2 (java windows)
Cache-Control: no-cache
Content-Type: application/json; charset=utf-8
host: localhost:50806
accept: */*

Response DefaultHttpResponse(decodeResult: success, version: HTTP/1.1)
HTTP/1.1 200 OK
Content-Type: application/json; charset=utf-8
cache-control: no-cache
content-length: 15

16:04:10.754 [AsyncHttpClient-1-5] DEBUG org.asynchttpclient.netty.channel.ChannelManager - Adding key: http://localhost:50806 for channel [id: 0x31dfea76, L:/127.0.0.1:50095 - R:localhost/127.0.0.1:50806]
16:04:10.758 [Forwarding findElement on session 96b8960412cc1a054700f57462b396bd to remote] DEBUG org.asynchttpclient.netty.request.NettyRequestSender - Using pooled Channel '[id: 0x31dfea76, L:/127.0.0.1:50095 - R:localhost/127.0.0.1:50806]' for 'POST' to 'http://localhost:50806/session/96b8960412cc1a054700f57462b396bd/element'
16:04:10.758 [Forwarding findElement on session 96b8960412cc1a054700f57462b396bd to remote] DEBUG org.asynchttpclient.netty.request.NettyRequestSender - Using open Channel [id: 0x31dfea76, L:/127.0.0.1:50095 - R:localhost/127.0.0.1:50806] for POST '/session/96b8960412cc1a054700f57462b396bd/element'
16:04:10.795 [AsyncHttpClient-1-5] DEBUG org.asynchttpclient.netty.handler.HttpHandler - 

Request DefaultHttpRequest(decodeResult: success, version: HTTP/1.1)
POST /session/96b8960412cc1a054700f57462b396bd/element HTTP/1.1
User-Agent: selenium/4.1.2 (java windows)
Content-Length: 134
Content-Type: application/json; charset=utf-8
host: localhost:50806
accept: */*

Response DefaultHttpResponse(decodeResult: success, version: HTTP/1.1)
HTTP/1.1 200 OK
Content-Type: application/json; charset=utf-8
cache-control: no-cache
content-length: 88

16:04:10.795 [AsyncHttpClient-1-5] DEBUG org.asynchttpclient.netty.channel.ChannelManager - Adding key: http://localhost:50806 for channel [id: 0x31dfea76, L:/127.0.0.1:50095 - R:localhost/127.0.0.1:50806]
16:04:10.799 [Forwarding clickElement on session 96b8960412cc1a054700f57462b396bd to remote] DEBUG org.asynchttpclient.netty.request.NettyRequestSender - Using pooled Channel '[id: 0x31dfea76, L:/127.0.0.1:50095 - R:localhost/127.0.0.1:50806]' for 'POST' to 'http://localhost:50806/session/96b8960412cc1a054700f57462b396bd/element/81f4aa4c-9b3c-4ffb-988d-3eb747bc0a65/click'
16:04:10.799 [Forwarding clickElement on session 96b8960412cc1a054700f57462b396bd to remote] DEBUG org.asynchttpclient.netty.request.NettyRequestSender - Using open Channel [id: 0x31dfea76, L:/127.0.0.1:50095 - R:localhost/127.0.0.1:50806] for POST '/session/96b8960412cc1a054700f57462b396bd/element/81f4aa4c-9b3c-4ffb-988d-3eb747bc0a65/click'
16:04:10.967 [AsyncHttpClient-1-5] DEBUG org.asynchttpclient.netty.handler.HttpHandler - 

Request DefaultHttpRequest(decodeResult: success, version: HTTP/1.1)
POST /session/96b8960412cc1a054700f57462b396bd/element/81f4aa4c-9b3c-4ffb-988d-3eb747bc0a65/click HTTP/1.1
User-Agent: selenium/4.1.2 (java windows)
Content-Length: 50
Content-Type: application/json; charset=utf-8
host: localhost:50806
accept: */*

Response DefaultHttpResponse(decodeResult: success, version: HTTP/1.1)
HTTP/1.1 200 OK
Content-Type: application/json; charset=utf-8
cache-control: no-cache
content-length: 14

16:04:10.967 [AsyncHttpClient-1-5] DEBUG org.asynchttpclient.netty.channel.ChannelManager - Adding key: http://localhost:50806 for channel [id: 0x31dfea76, L:/127.0.0.1:50095 - R:localhost/127.0.0.1:50806]
16:04:10.974 [AsyncHttpClient-1-1] DEBUG org.asynchttpclient.netty.channel.DefaultChannelPool - Entry count for : http://localhost:50096 : 1
16:04:10.974 [AsyncHttpClient-1-1] DEBUG org.asynchttpclient.netty.channel.DefaultChannelPool - Entry count for : http://localhost:50806 : 1
16:04:10.976 [Forwarding screenshot on session 96b8960412cc1a054700f57462b396bd to remote] DEBUG org.asynchttpclient.netty.request.NettyRequestSender - Using pooled Channel '[id: 0x31dfea76, L:/127.0.0.1:50095 - R:localhost/127.0.0.1:50806]' for 'GET' to 'http://localhost:50806/session/96b8960412cc1a054700f57462b396bd/screenshot'
16:04:10.976 [Forwarding screenshot on session 96b8960412cc1a054700f57462b396bd to remote] DEBUG org.asynchttpclient.netty.request.NettyRequestSender - Using open Channel [id: 0x31dfea76, L:/127.0.0.1:50095 - R:localhost/127.0.0.1:50806] for GET '/session/96b8960412cc1a054700f57462b396bd/screenshot'
16:04:11.091 [AsyncHttpClient-1-5] DEBUG org.asynchttpclient.netty.handler.HttpHandler - 

Request DefaultFullHttpRequest(decodeResult: success, version: HTTP/1.1, content: EmptyByteBufBE)
GET /session/96b8960412cc1a054700f57462b396bd/screenshot HTTP/1.1
User-Agent: selenium/4.1.2 (java windows)
Cache-Control: no-cache
Content-Type: application/json; charset=utf-8
host: localhost:50806
accept: */*

Response DefaultHttpResponse(decodeResult: success, version: HTTP/1.1)
HTTP/1.1 200 OK
Content-Type: application/json; charset=utf-8
cache-control: no-cache
content-length: 55356

16:04:11.092 [AsyncHttpClient-1-5] DEBUG org.asynchttpclient.netty.channel.ChannelManager - Adding key: http://localhost:50806 for channel [id: 0x31dfea76, L:/127.0.0.1:50095 - R:localhost/127.0.0.1:50806]
16:04:11.096 [main] DEBUG net.serenitybdd.core.photography.Darkroom - Send negative for processing for target\site\serenity\ba5e98368b8b80bc67dec291e300f29f857b0a624580ce977aa7580a9f0871db.png
16:04:11.097 [main] DEBUG net.thucydides.core.steps.StepInterceptor - STEP DONE: clickMenuPatientButton
16:04:11.097 [Darkroom Processing Line] DEBUG net.serenitybdd.core.photography.DarkroomProcessingLine - Processing screenshot image in /var/screenshots/screenshot-16016418958974964982
16:04:11.097 [Darkroom Processing Line] DEBUG net.serenitybdd.core.photography.DarkroomProcessingLine - Saving screenshot to target\site\serenity\ba5e98368b8b80bc67dec291e300f29f857b0a624580ce977aa7580a9f0871db.png
  &amp#27;[32mAnd &amp#27;[0m&amp#27;[32mI click menu patient&amp#27;[0m                      &amp#27;[90m# starter.stepdefinitions.PatientSteps.iClickMenuPatient()&amp#27;[0m
16:04:11.136 [main] DEBUG net.thucydides.core.steps.StepInterceptor - STARTING STEP: PatientSteps.iClickEditPatientButton - clickEditPatientButton
16:04:11.165 [Forwarding findElement on session 96b8960412cc1a054700f57462b396bd to remote] DEBUG org.asynchttpclient.netty.request.NettyRequestSender - Using pooled Channel '[id: 0x31dfea76, L:/127.0.0.1:50095 - R:localhost/127.0.0.1:50806]' for 'POST' to 'http://localhost:50806/session/96b8960412cc1a054700f57462b396bd/element'
16:04:11.166 [Forwarding findElement on session 96b8960412cc1a054700f57462b396bd to remote] DEBUG org.asynchttpclient.netty.request.NettyRequestSender - Using open Channel [id: 0x31dfea76, L:/127.0.0.1:50095 - R:localhost/127.0.0.1:50806] for POST '/session/96b8960412cc1a054700f57462b396bd/element'
16:04:12.074 [AsyncHttpClient-1-1] DEBUG org.asynchttpclient.netty.channel.DefaultChannelPool - Entry count for : http://localhost:50096 : 1
16:04:13.173 [AsyncHttpClient-1-1] DEBUG org.asynchttpclient.netty.channel.DefaultChannelPool - Entry count for : http://localhost:50096 : 1
16:04:13.219 [AsyncHttpClient-1-5] DEBUG org.asynchttpclient.netty.handler.HttpHandler - 

Request DefaultHttpRequest(decodeResult: success, version: HTTP/1.1)
POST /session/96b8960412cc1a054700f57462b396bd/element HTTP/1.1
User-Agent: selenium/4.1.2 (java windows)
Content-Length: 177
Content-Type: application/json; charset=utf-8
host: localhost:50806
accept: */*

Response DefaultHttpResponse(decodeResult: success, version: HTTP/1.1)
HTTP/1.1 404 Not Found
Content-Type: application/json; charset=utf-8
cache-control: no-cache
content-length: 1074

16:04:13.219 [AsyncHttpClient-1-5] DEBUG org.asynchttpclient.netty.channel.ChannelManager - Adding key: http://localhost:50806 for channel [id: 0x31dfea76, L:/127.0.0.1:50095 - R:localhost/127.0.0.1:50806]
16:04:13.821 [Forwarding findElement on session 96b8960412cc1a054700f57462b396bd to remote] DEBUG org.asynchttpclient.netty.request.NettyRequestSender - Using pooled Channel '[id: 0x31dfea76, L:/127.0.0.1:50095 - R:localhost/127.0.0.1:50806]' for 'POST' to 'http://localhost:50806/session/96b8960412cc1a054700f57462b396bd/element'
16:04:13.821 [Forwarding findElement on session 96b8960412cc1a054700f57462b396bd to remote] DEBUG org.asynchttpclient.netty.request.NettyRequestSender - Using open Channel [id: 0x31dfea76, L:/127.0.0.1:50095 - R:localhost/127.0.0.1:50806] for POST '/session/96b8960412cc1a054700f57462b396bd/element'
16:04:14.274 [AsyncHttpClient-1-1] DEBUG org.asynchttpclient.netty.channel.DefaultChannelPool - Entry count for : http://localhost:50096 : 1
16:04:15.373 [AsyncHttpClient-1-1] DEBUG org.asynchttpclient.netty.channel.DefaultChannelPool - Entry count for : http://localhost:50096 : 1
16:04:15.888 [AsyncHttpClient-1-5] DEBUG org.asynchttpclient.netty.handler.HttpHandler - 

Request DefaultHttpRequest(decodeResult: success, version: HTTP/1.1)
POST /session/96b8960412cc1a054700f57462b396bd/element HTTP/1.1
User-Agent: selenium/4.1.2 (java windows)
Content-Length: 177
Content-Type: application/json; charset=utf-8
host: localhost:50806
accept: */*

Response DefaultHttpResponse(decodeResult: success, version: HTTP/1.1)
HTTP/1.1 404 Not Found
Content-Type: application/json; charset=utf-8
cache-control: no-cache
content-length: 1074

16:04:15.889 [AsyncHttpClient-1-5] DEBUG org.asynchttpclient.netty.channel.ChannelManager - Adding key: http://localhost:50806 for channel [id: 0x31dfea76, L:/127.0.0.1:50095 - R:localhost/127.0.0.1:50806]
16:04:16.003 [Forwarding findElement on session 96b8960412cc1a054700f57462b396bd to remote] DEBUG org.asynchttpclient.netty.request.NettyRequestSender - Using pooled Channel '[id: 0x31dfea76, L:/127.0.0.1:50095 - R:localhost/127.0.0.1:50806]' for 'POST' to 'http://localhost:50806/session/96b8960412cc1a054700f57462b396bd/element'
16:04:16.004 [Forwarding findElement on session 96b8960412cc1a054700f57462b396bd to remote] DEBUG org.asynchttpclient.netty.request.NettyRequestSender - Using open Channel [id: 0x31dfea76, L:/127.0.0.1:50095 - R:localhost/127.0.0.1:50806] for POST '/session/96b8960412cc1a054700f57462b396bd/element'
16:04:16.473 [AsyncHttpClient-1-1] DEBUG org.asynchttpclient.netty.channel.DefaultChannelPool - Entry count for : http://localhost:50096 : 1
16:04:17.425 [AsyncHttpClient-1-5] DEBUG org.asynchttpclient.netty.handler.HttpHandler - 

Request DefaultHttpRequest(decodeResult: success, version: HTTP/1.1)
POST /session/96b8960412cc1a054700f57462b396bd/element HTTP/1.1
User-Agent: selenium/4.1.2 (java windows)
Content-Length: 177
Content-Type: application/json; charset=utf-8
host: localhost:50806
accept: */*

Response DefaultHttpResponse(decodeResult: success, version: HTTP/1.1)
HTTP/1.1 200 OK
Content-Type: application/json; charset=utf-8
cache-control: no-cache
content-length: 88

16:04:17.426 [AsyncHttpClient-1-5] DEBUG org.asynchttpclient.netty.channel.ChannelManager - Adding key: http://localhost:50806 for channel [id: 0x31dfea76, L:/127.0.0.1:50095 - R:localhost/127.0.0.1:50806]
16:04:17.430 [Forwarding getElementTagName on session 96b8960412cc1a054700f57462b396bd to remote] DEBUG org.asynchttpclient.netty.request.NettyRequestSender - Using pooled Channel '[id: 0x31dfea76, L:/127.0.0.1:50095 - R:localhost/127.0.0.1:50806]' for 'GET' to 'http://localhost:50806/session/96b8960412cc1a054700f57462b396bd/element/b11cf515-e204-4ae8-9eac-dd1b033b7d6d/name'
16:04:17.430 [Forwarding getElementTagName on session 96b8960412cc1a054700f57462b396bd to remote] DEBUG org.asynchttpclient.netty.request.NettyRequestSender - Using open Channel [id: 0x31dfea76, L:/127.0.0.1:50095 - R:localhost/127.0.0.1:50806] for GET '/session/96b8960412cc1a054700f57462b396bd/element/b11cf515-e204-4ae8-9eac-dd1b033b7d6d/name'
16:04:17.437 [AsyncHttpClient-1-5] DEBUG org.asynchttpclient.netty.handler.HttpHandler - 

Request DefaultFullHttpRequest(decodeResult: success, version: HTTP/1.1, content: EmptyByteBufBE)
GET /session/96b8960412cc1a054700f57462b396bd/element/b11cf515-e204-4ae8-9eac-dd1b033b7d6d/name HTTP/1.1
User-Agent: selenium/4.1.2 (java windows)
Cache-Control: no-cache
Content-Type: application/json; charset=utf-8
host: localhost:50806
accept: */*

Response DefaultHttpResponse(decodeResult: success, version: HTTP/1.1)
HTTP/1.1 200 OK
Content-Type: application/json; charset=utf-8
cache-control: no-cache
content-length: 18

16:04:17.437 [AsyncHttpClient-1-5] DEBUG org.asynchttpclient.netty.channel.ChannelManager - Adding key: http://localhost:50806 for channel [id: 0x31dfea76, L:/127.0.0.1:50095 - R:localhost/127.0.0.1:50806]
16:04:17.439 [Forwarding getElementTagName on session 96b8960412cc1a054700f57462b396bd to remote] DEBUG org.asynchttpclient.netty.request.NettyRequestSender - Using pooled Channel '[id: 0x31dfea76, L:/127.0.0.1:50095 - R:localhost/127.0.0.1:50806]' for 'GET' to 'http://localhost:50806/session/96b8960412cc1a054700f57462b396bd/element/b11cf515-e204-4ae8-9eac-dd1b033b7d6d/name'
16:04:17.439 [Forwarding getElementTagName on session 96b8960412cc1a054700f57462b396bd to remote] DEBUG org.asynchttpclient.netty.request.NettyRequestSender - Using open Channel [id: 0x31dfea76, L:/127.0.0.1:50095 - R:localhost/127.0.0.1:50806] for GET '/session/96b8960412cc1a054700f57462b396bd/element/b11cf515-e204-4ae8-9eac-dd1b033b7d6d/name'
16:04:17.443 [AsyncHttpClient-1-5] DEBUG org.asynchttpclient.netty.handler.HttpHandler - 

Request DefaultFullHttpRequest(decodeResult: success, version: HTTP/1.1, content: EmptyByteBufBE)
GET /session/96b8960412cc1a054700f57462b396bd/element/b11cf515-e204-4ae8-9eac-dd1b033b7d6d/name HTTP/1.1
User-Agent: selenium/4.1.2 (java windows)
Cache-Control: no-cache
Content-Type: application/json; charset=utf-8
host: localhost:50806
accept: */*

Response DefaultHttpResponse(decodeResult: success, version: HTTP/1.1)
HTTP/1.1 200 OK
Content-Type: application/json; charset=utf-8
cache-control: no-cache
content-length: 18

16:04:17.443 [AsyncHttpClient-1-5] DEBUG org.asynchttpclient.netty.channel.ChannelManager - Adding key: http://localhost:50806 for channel [id: 0x31dfea76, L:/127.0.0.1:50095 - R:localhost/127.0.0.1:50806]
16:04:17.448 [Forwarding isElementEnabled on session 96b8960412cc1a054700f57462b396bd to remote] DEBUG org.asynchttpclient.netty.request.NettyRequestSender - Using pooled Channel '[id: 0x31dfea76, L:/127.0.0.1:50095 - R:localhost/127.0.0.1:50806]' for 'GET' to 'http://localhost:50806/session/96b8960412cc1a054700f57462b396bd/element/b11cf515-e204-4ae8-9eac-dd1b033b7d6d/enabled'
16:04:17.448 [Forwarding isElementEnabled on session 96b8960412cc1a054700f57462b396bd to remote] DEBUG org.asynchttpclient.netty.request.NettyRequestSender - Using open Channel [id: 0x31dfea76, L:/127.0.0.1:50095 - R:localhost/127.0.0.1:50806] for GET '/session/96b8960412cc1a054700f57462b396bd/element/b11cf515-e204-4ae8-9eac-dd1b033b7d6d/enabled'
16:04:17.459 [AsyncHttpClient-1-5] DEBUG org.asynchttpclient.netty.handler.HttpHandler - 

Request DefaultFullHttpRequest(decodeResult: success, version: HTTP/1.1, content: EmptyByteBufBE)
GET /session/96b8960412cc1a054700f57462b396bd/element/b11cf515-e204-4ae8-9eac-dd1b033b7d6d/enabled HTTP/1.1
User-Agent: selenium/4.1.2 (java windows)
Cache-Control: no-cache
Content-Type: application/json; charset=utf-8
host: localhost:50806
accept: */*

Response DefaultHttpResponse(decodeResult: success, version: HTTP/1.1)
HTTP/1.1 200 OK
Content-Type: application/json; charset=utf-8
cache-control: no-cache
content-length: 14

16:04:17.459 [AsyncHttpClient-1-5] DEBUG org.asynchttpclient.netty.channel.ChannelManager - Adding key: http://localhost:50806 for channel [id: 0x31dfea76, L:/127.0.0.1:50095 - R:localhost/127.0.0.1:50806]
16:04:17.461 [Forwarding isElementEnabled on session 96b8960412cc1a054700f57462b396bd to remote] DEBUG org.asynchttpclient.netty.request.NettyRequestSender - Using pooled Channel '[id: 0x31dfea76, L:/127.0.0.1:50095 - R:localhost/127.0.0.1:50806]' for 'GET' to 'http://localhost:50806/session/96b8960412cc1a054700f57462b396bd/element/b11cf515-e204-4ae8-9eac-dd1b033b7d6d/enabled'
16:04:17.461 [Forwarding isElementEnabled on session 96b8960412cc1a054700f57462b396bd to remote] DEBUG org.asynchttpclient.netty.request.NettyRequestSender - Using open Channel [id: 0x31dfea76, L:/127.0.0.1:50095 - R:localhost/127.0.0.1:50806] for GET '/session/96b8960412cc1a054700f57462b396bd/element/b11cf515-e204-4ae8-9eac-dd1b033b7d6d/enabled'
16:04:17.467 [AsyncHttpClient-1-5] DEBUG org.asynchttpclient.netty.handler.HttpHandler - 

Request DefaultFullHttpRequest(decodeResult: success, version: HTTP/1.1, content: EmptyByteBufBE)
GET /session/96b8960412cc1a054700f57462b396bd/element/b11cf515-e204-4ae8-9eac-dd1b033b7d6d/enabled HTTP/1.1
User-Agent: selenium/4.1.2 (java windows)
Cache-Control: no-cache
Content-Type: application/json; charset=utf-8
host: localhost:50806
accept: */*

Response DefaultHttpResponse(decodeResult: success, version: HTTP/1.1)
HTTP/1.1 200 OK
Content-Type: application/json; charset=utf-8
cache-control: no-cache
content-length: 14

16:04:17.467 [AsyncHttpClient-1-5] DEBUG org.asynchttpclient.netty.channel.ChannelManager - Adding key: http://localhost:50806 for channel [id: 0x31dfea76, L:/127.0.0.1:50095 - R:localhost/127.0.0.1:50806]
16:04:17.470 [Forwarding findElement on session 96b8960412cc1a054700f57462b396bd to remote] DEBUG org.asynchttpclient.netty.request.NettyRequestSender - Using pooled Channel '[id: 0x31dfea76, L:/127.0.0.1:50095 - R:localhost/127.0.0.1:50806]' for 'POST' to 'http://localhost:50806/session/96b8960412cc1a054700f57462b396bd/element'
16:04:17.470 [Forwarding findElement on session 96b8960412cc1a054700f57462b396bd to remote] DEBUG org.asynchttpclient.netty.request.NettyRequestSender - Using open Channel [id: 0x31dfea76, L:/127.0.0.1:50095 - R:localhost/127.0.0.1:50806] for POST '/session/96b8960412cc1a054700f57462b396bd/element'
16:04:17.479 [AsyncHttpClient-1-5] DEBUG org.asynchttpclient.netty.handler.HttpHandler - 

Request DefaultHttpRequest(decodeResult: success, version: HTTP/1.1)
POST /session/96b8960412cc1a054700f57462b396bd/element HTTP/1.1
User-Agent: selenium/4.1.2 (java windows)
Content-Length: 177
Content-Type: application/json; charset=utf-8
host: localhost:50806
accept: */*

Response DefaultHttpResponse(decodeResult: success, version: HTTP/1.1)
HTTP/1.1 200 OK
Content-Type: application/json; charset=utf-8
cache-control: no-cache
content-length: 88

16:04:17.479 [AsyncHttpClient-1-5] DEBUG org.asynchttpclient.netty.channel.ChannelManager - Adding key: http://localhost:50806 for channel [id: 0x31dfea76, L:/127.0.0.1:50095 - R:localhost/127.0.0.1:50806]
16:04:17.481 [Forwarding clickElement on session 96b8960412cc1a054700f57462b396bd to remote] DEBUG org.asynchttpclient.netty.request.NettyRequestSender - Using pooled Channel '[id: 0x31dfea76, L:/127.0.0.1:50095 - R:localhost/127.0.0.1:50806]' for 'POST' to 'http://localhost:50806/session/96b8960412cc1a054700f57462b396bd/element/b11cf515-e204-4ae8-9eac-dd1b033b7d6d/click'
16:04:17.481 [Forwarding clickElement on session 96b8960412cc1a054700f57462b396bd to remote] DEBUG org.asynchttpclient.netty.request.NettyRequestSender - Using open Channel [id: 0x31dfea76, L:/127.0.0.1:50095 - R:localhost/127.0.0.1:50806] for POST '/session/96b8960412cc1a054700f57462b396bd/element/b11cf515-e204-4ae8-9eac-dd1b033b7d6d/click'
16:04:17.573 [AsyncHttpClient-1-1] DEBUG org.asynchttpclient.netty.channel.DefaultChannelPool - Entry count for : http://localhost:50096 : 1
16:04:18.231 [AsyncHttpClient-1-5] DEBUG org.asynchttpclient.netty.handler.HttpHandler - 

Request DefaultHttpRequest(decodeResult: success, version: HTTP/1.1)
POST /session/96b8960412cc1a054700f57462b396bd/element/b11cf515-e204-4ae8-9eac-dd1b033b7d6d/click HTTP/1.1
User-Agent: selenium/4.1.2 (java windows)
Content-Length: 50
Content-Type: application/json; charset=utf-8
host: localhost:50806
accept: */*

Response DefaultHttpResponse(decodeResult: success, version: HTTP/1.1)
HTTP/1.1 200 OK
Content-Type: application/json; charset=utf-8
cache-control: no-cache
content-length: 14

16:04:18.231 [AsyncHttpClient-1-5] DEBUG org.asynchttpclient.netty.channel.ChannelManager - Adding key: http://localhost:50806 for channel [id: 0x31dfea76, L:/127.0.0.1:50095 - R:localhost/127.0.0.1:50806]
16:04:18.245 [Forwarding screenshot on session 96b8960412cc1a054700f57462b396bd to remote] DEBUG org.asynchttpclient.netty.request.NettyRequestSender - Using pooled Channel '[id: 0x31dfea76, L:/127.0.0.1:50095 - R:localhost/127.0.0.1:50806]' for 'GET' to 'http://localhost:50806/session/96b8960412cc1a054700f57462b396bd/screenshot'
16:04:18.245 [Forwarding screenshot on session 96b8960412cc1a054700f57462b396bd to remote] DEBUG org.asynchttpclient.netty.request.NettyRequestSender - Using open Channel [id: 0x31dfea76, L:/127.0.0.1:50095 - R:localhost/127.0.0.1:50806] for GET '/session/96b8960412cc1a054700f57462b396bd/screenshot'
16:04:18.404 [AsyncHttpClient-1-5] DEBUG org.asynchttpclient.netty.handler.HttpHandler - 

Request DefaultFullHttpRequest(decodeResult: success, version: HTTP/1.1, content: EmptyByteBufBE)
GET /session/96b8960412cc1a054700f57462b396bd/screenshot HTTP/1.1
User-Agent: selenium/4.1.2 (java windows)
Cache-Control: no-cache
Content-Type: application/json; charset=utf-8
host: localhost:50806
accept: */*

Response DefaultHttpResponse(decodeResult: success, version: HTTP/1.1)
HTTP/1.1 200 OK
Content-Type: application/json; charset=utf-8
cache-control: no-cache
content-length: 107560

16:04:18.407 [AsyncHttpClient-1-5] DEBUG org.asynchttpclient.netty.channel.ChannelManager - Adding key: http://localhost:50806 for channel [id: 0x31dfea76, L:/127.0.0.1:50095 - R:localhost/127.0.0.1:50806]
16:04:18.415 [main] DEBUG net.serenitybdd.core.photography.Darkroom - Send negative for processing for target\site\serenity\d5787eaaed294e4dd9c5add0791db365253951607c265acf36318badfa693f4d.png
16:04:18.415 [main] DEBUG net.thucydides.core.steps.StepInterceptor - STEP DONE: clickEditPatientButton
16:04:18.416 [Darkroom Processing Line] DEBUG net.serenitybdd.core.photography.DarkroomProcessingLine - Processing screenshot image in /var/screenshots/screenshot-17506395557321775360
16:04:18.416 [Darkroom Processing Line] DEBUG net.serenitybdd.core.photography.DarkroomProcessingLine - Saving screenshot to target\site\serenity\d5787eaaed294e4dd9c5add0791db365253951607c265acf36318badfa693f4d.png
  &amp#27;[32mWhen &amp#27;[0m&amp#27;[32mI click Edit Patient button&amp#27;[0m              &amp#27;[90m# starter.stepdefinitions.PatientSteps.iClickEditPatientButton()&amp#27;[0m
16:04:18.442 [main] DEBUG net.thucydides.core.steps.StepInterceptor - STARTING STEP: PatientSteps.iChangePatientData - clickBlodeTypeDropdown
16:04:18.449 [Forwarding findElement on session 96b8960412cc1a054700f57462b396bd to remote] DEBUG org.asynchttpclient.netty.request.NettyRequestSender - Using pooled Channel '[id: 0x31dfea76, L:/127.0.0.1:50095 - R:localhost/127.0.0.1:50806]' for 'POST' to 'http://localhost:50806/session/96b8960412cc1a054700f57462b396bd/element'
16:04:18.450 [Forwarding findElement on session 96b8960412cc1a054700f57462b396bd to remote] DEBUG org.asynchttpclient.netty.request.NettyRequestSender - Using open Channel [id: 0x31dfea76, L:/127.0.0.1:50095 - R:localhost/127.0.0.1:50806] for POST '/session/96b8960412cc1a054700f57462b396bd/element'
16:04:18.468 [AsyncHttpClient-1-5] DEBUG org.asynchttpclient.netty.handler.HttpHandler - 

Request DefaultHttpRequest(decodeResult: success, version: HTTP/1.1)
POST /session/96b8960412cc1a054700f57462b396bd/element HTTP/1.1
User-Agent: selenium/4.1.2 (java windows)
Content-Length: 82
Content-Type: application/json; charset=utf-8
host: localhost:50806
accept: */*

Response DefaultHttpResponse(decodeResult: success, version: HTTP/1.1)
HTTP/1.1 200 OK
Content-Type: application/json; charset=utf-8
cache-control: no-cache
content-length: 88

16:04:18.468 [AsyncHttpClient-1-5] DEBUG org.asynchttpclient.netty.channel.ChannelManager - Adding key: http://localhost:50806 for channel [id: 0x31dfea76, L:/127.0.0.1:50095 - R:localhost/127.0.0.1:50806]
16:04:18.470 [Forwarding getElementTagName on session 96b8960412cc1a054700f57462b396bd to remote] DEBUG org.asynchttpclient.netty.request.NettyRequestSender - Using pooled Channel '[id: 0x31dfea76, L:/127.0.0.1:50095 - R:localhost/127.0.0.1:50806]' for 'GET' to 'http://localhost:50806/session/96b8960412cc1a054700f57462b396bd/element/88b2810a-8c68-48cb-82ef-00749ce013b5/name'
16:04:18.470 [Forwarding getElementTagName on session 96b8960412cc1a054700f57462b396bd to remote] DEBUG org.asynchttpclient.netty.request.NettyRequestSender - Using open Channel [id: 0x31dfea76, L:/127.0.0.1:50095 - R:localhost/127.0.0.1:50806] for GET '/session/96b8960412cc1a054700f57462b396bd/element/88b2810a-8c68-48cb-82ef-00749ce013b5/name'
16:04:18.478 [AsyncHttpClient-1-5] DEBUG org.asynchttpclient.netty.handler.HttpHandler - 

Request DefaultFullHttpRequest(decodeResult: success, version: HTTP/1.1, content: EmptyByteBufBE)
GET /session/96b8960412cc1a054700f57462b396bd/element/88b2810a-8c68-48cb-82ef-00749ce013b5/name HTTP/1.1
User-Agent: selenium/4.1.2 (java windows)
Cache-Control: no-cache
Content-Type: application/json; charset=utf-8
host: localhost:50806
accept: */*

Response DefaultHttpResponse(decodeResult: success, version: HTTP/1.1)
HTTP/1.1 200 OK
Content-Type: application/json; charset=utf-8
cache-control: no-cache
content-length: 15

16:04:18.478 [AsyncHttpClient-1-5] DEBUG org.asynchttpclient.netty.channel.ChannelManager - Adding key: http://localhost:50806 for channel [id: 0x31dfea76, L:/127.0.0.1:50095 - R:localhost/127.0.0.1:50806]
16:04:18.484 [Forwarding getElementTagName on session 96b8960412cc1a054700f57462b396bd to remote] DEBUG org.asynchttpclient.netty.request.NettyRequestSender - Using pooled Channel '[id: 0x31dfea76, L:/127.0.0.1:50095 - R:localhost/127.0.0.1:50806]' for 'GET' to 'http://localhost:50806/session/96b8960412cc1a054700f57462b396bd/element/88b2810a-8c68-48cb-82ef-00749ce013b5/name'
16:04:18.484 [Forwarding getElementTagName on session 96b8960412cc1a054700f57462b396bd to remote] DEBUG org.asynchttpclient.netty.request.NettyRequestSender - Using open Channel [id: 0x31dfea76, L:/127.0.0.1:50095 - R:localhost/127.0.0.1:50806] for GET '/session/96b8960412cc1a054700f57462b396bd/element/88b2810a-8c68-48cb-82ef-00749ce013b5/name'
16:04:18.488 [AsyncHttpClient-1-5] DEBUG org.asynchttpclient.netty.handler.HttpHandler - 

Request DefaultFullHttpRequest(decodeResult: success, version: HTTP/1.1, content: EmptyByteBufBE)
GET /session/96b8960412cc1a054700f57462b396bd/element/88b2810a-8c68-48cb-82ef-00749ce013b5/name HTTP/1.1
User-Agent: selenium/4.1.2 (java windows)
Cache-Control: no-cache
Content-Type: application/json; charset=utf-8
host: localhost:50806
accept: */*

Response DefaultHttpResponse(decodeResult: success, version: HTTP/1.1)
HTTP/1.1 200 OK
Content-Type: application/json; charset=utf-8
cache-control: no-cache
content-length: 15

16:04:18.488 [AsyncHttpClient-1-5] DEBUG org.asynchttpclient.netty.channel.ChannelManager - Adding key: http://localhost:50806 for channel [id: 0x31dfea76, L:/127.0.0.1:50095 - R:localhost/127.0.0.1:50806]
16:04:18.492 [Forwarding findElement on session 96b8960412cc1a054700f57462b396bd to remote] DEBUG org.asynchttpclient.netty.request.NettyRequestSender - Using pooled Channel '[id: 0x31dfea76, L:/127.0.0.1:50095 - R:localhost/127.0.0.1:50806]' for 'POST' to 'http://localhost:50806/session/96b8960412cc1a054700f57462b396bd/element'
16:04:18.493 [Forwarding findElement on session 96b8960412cc1a054700f57462b396bd to remote] DEBUG org.asynchttpclient.netty.request.NettyRequestSender - Using open Channel [id: 0x31dfea76, L:/127.0.0.1:50095 - R:localhost/127.0.0.1:50806] for POST '/session/96b8960412cc1a054700f57462b396bd/element'
16:04:18.509 [AsyncHttpClient-1-5] DEBUG org.asynchttpclient.netty.handler.HttpHandler - 

Request DefaultHttpRequest(decodeResult: success, version: HTTP/1.1)
POST /session/96b8960412cc1a054700f57462b396bd/element HTTP/1.1
User-Agent: selenium/4.1.2 (java windows)
Content-Length: 82
Content-Type: application/json; charset=utf-8
host: localhost:50806
accept: */*

Response DefaultHttpResponse(decodeResult: success, version: HTTP/1.1)
HTTP/1.1 200 OK
Content-Type: application/json; charset=utf-8
cache-control: no-cache
content-length: 88

16:04:18.509 [AsyncHttpClient-1-5] DEBUG org.asynchttpclient.netty.channel.ChannelManager - Adding key: http://localhost:50806 for channel [id: 0x31dfea76, L:/127.0.0.1:50095 - R:localhost/127.0.0.1:50806]
16:04:18.514 [Forwarding clickElement on session 96b8960412cc1a054700f57462b396bd to remote] DEBUG org.asynchttpclient.netty.request.NettyRequestSender - Using pooled Channel '[id: 0x31dfea76, L:/127.0.0.1:50095 - R:localhost/127.0.0.1:50806]' for 'POST' to 'http://localhost:50806/session/96b8960412cc1a054700f57462b396bd/element/88b2810a-8c68-48cb-82ef-00749ce013b5/click'
16:04:18.514 [Forwarding clickElement on session 96b8960412cc1a054700f57462b396bd to remote] DEBUG org.asynchttpclient.netty.request.NettyRequestSender - Using open Channel [id: 0x31dfea76, L:/127.0.0.1:50095 - R:localhost/127.0.0.1:50806] for POST '/session/96b8960412cc1a054700f57462b396bd/element/88b2810a-8c68-48cb-82ef-00749ce013b5/click'
16:04:18.633 [AsyncHttpClient-1-5] DEBUG org.asynchttpclient.netty.handler.HttpHandler - 

Request DefaultHttpRequest(decodeResult: success, version: HTTP/1.1)
POST /session/96b8960412cc1a054700f57462b396bd/element/88b2810a-8c68-48cb-82ef-00749ce013b5/click HTTP/1.1
User-Agent: selenium/4.1.2 (java windows)
Content-Length: 50
Content-Type: application/json; charset=utf-8
host: localhost:50806
accept: */*

Response DefaultHttpResponse(decodeResult: success, version: HTTP/1.1)
HTTP/1.1 200 OK
Content-Type: application/json; charset=utf-8
cache-control: no-cache
content-length: 14

16:04:18.633 [AsyncHttpClient-1-5] DEBUG org.asynchttpclient.netty.channel.ChannelManager - Adding key: http://localhost:50806 for channel [id: 0x31dfea76, L:/127.0.0.1:50095 - R:localhost/127.0.0.1:50806]
16:04:18.648 [Forwarding screenshot on session 96b8960412cc1a054700f57462b396bd to remote] DEBUG org.asynchttpclient.netty.request.NettyRequestSender - Using pooled Channel '[id: 0x31dfea76, L:/127.0.0.1:50095 - R:localhost/127.0.0.1:50806]' for 'GET' to 'http://localhost:50806/session/96b8960412cc1a054700f57462b396bd/screenshot'
16:04:18.648 [Forwarding screenshot on session 96b8960412cc1a054700f57462b396bd to remote] DEBUG org.asynchttpclient.netty.request.NettyRequestSender - Using open Channel [id: 0x31dfea76, L:/127.0.0.1:50095 - R:localhost/127.0.0.1:50806] for GET '/session/96b8960412cc1a054700f57462b396bd/screenshot'
16:04:18.673 [AsyncHttpClient-1-1] DEBUG org.asynchttpclient.netty.channel.DefaultChannelPool - Entry count for : http://localhost:50096 : 1
16:04:18.792 [AsyncHttpClient-1-5] DEBUG org.asynchttpclient.netty.handler.HttpHandler - 

Request DefaultFullHttpRequest(decodeResult: success, version: HTTP/1.1, content: EmptyByteBufBE)
GET /session/96b8960412cc1a054700f57462b396bd/screenshot HTTP/1.1
User-Agent: selenium/4.1.2 (java windows)
Cache-Control: no-cache
Content-Type: application/json; charset=utf-8
host: localhost:50806
accept: */*

Response DefaultHttpResponse(decodeResult: success, version: HTTP/1.1)
HTTP/1.1 200 OK
Content-Type: application/json; charset=utf-8
cache-control: no-cache
content-length: 85056

16:04:18.793 [AsyncHttpClient-1-5] DEBUG org.asynchttpclient.netty.channel.ChannelManager - Adding key: http://localhost:50806 for channel [id: 0x31dfea76, L:/127.0.0.1:50095 - R:localhost/127.0.0.1:50806]
16:04:18.798 [main] DEBUG net.serenitybdd.core.photography.Darkroom - Send negative for processing for target\site\serenity\faf212b4fbb4ac25782d826917e3a2a68721ee91999e69504814365efa8db8f9.png
16:04:18.799 [main] DEBUG net.thucydides.core.steps.StepInterceptor - STEP DONE: clickBlodeTypeDropdown
16:04:18.799 [Darkroom Processing Line] DEBUG net.serenitybdd.core.photography.DarkroomProcessingLine - Processing screenshot image in /var/screenshots/screenshot-12731154201790420943
16:04:18.799 [Darkroom Processing Line] DEBUG net.serenitybdd.core.photography.DarkroomProcessingLine - Saving screenshot to target\site\serenity\faf212b4fbb4ac25782d826917e3a2a68721ee91999e69504814365efa8db8f9.png
16:04:18.807 [main] DEBUG net.thucydides.core.steps.StepInterceptor - STARTING STEP: PatientSteps.iChangePatientData - clickBlodeTypeOption
16:04:18.811 [Forwarding findElement on session 96b8960412cc1a054700f57462b396bd to remote] DEBUG org.asynchttpclient.netty.request.NettyRequestSender - Using pooled Channel '[id: 0x31dfea76, L:/127.0.0.1:50095 - R:localhost/127.0.0.1:50806]' for 'POST' to 'http://localhost:50806/session/96b8960412cc1a054700f57462b396bd/element'
16:04:18.811 [Forwarding findElement on session 96b8960412cc1a054700f57462b396bd to remote] DEBUG org.asynchttpclient.netty.request.NettyRequestSender - Using open Channel [id: 0x31dfea76, L:/127.0.0.1:50095 - R:localhost/127.0.0.1:50806] for POST '/session/96b8960412cc1a054700f57462b396bd/element'
16:04:18.829 [AsyncHttpClient-1-5] DEBUG org.asynchttpclient.netty.handler.HttpHandler - 

Request DefaultHttpRequest(decodeResult: success, version: HTTP/1.1)
POST /session/96b8960412cc1a054700f57462b396bd/element HTTP/1.1
User-Agent: selenium/4.1.2 (java windows)
Content-Length: 106
Content-Type: application/json; charset=utf-8
host: localhost:50806
accept: */*

Response DefaultHttpResponse(decodeResult: success, version: HTTP/1.1)
HTTP/1.1 200 OK
Content-Type: application/json; charset=utf-8
cache-control: no-cache
content-length: 88

16:04:18.829 [AsyncHttpClient-1-5] DEBUG org.asynchttpclient.netty.channel.ChannelManager - Adding key: http://localhost:50806 for channel [id: 0x31dfea76, L:/127.0.0.1:50095 - R:localhost/127.0.0.1:50806]
16:04:18.831 [Forwarding getElementTagName on session 96b8960412cc1a054700f57462b396bd to remote] DEBUG org.asynchttpclient.netty.request.NettyRequestSender - Using pooled Channel '[id: 0x31dfea76, L:/127.0.0.1:50095 - R:localhost/127.0.0.1:50806]' for 'GET' to 'http://localhost:50806/session/96b8960412cc1a054700f57462b396bd/element/dce0b0e5-6691-4f72-bad9-9b21dc7ed3d0/name'
16:04:18.831 [Forwarding getElementTagName on session 96b8960412cc1a054700f57462b396bd to remote] DEBUG org.asynchttpclient.netty.request.NettyRequestSender - Using open Channel [id: 0x31dfea76, L:/127.0.0.1:50095 - R:localhost/127.0.0.1:50806] for GET '/session/96b8960412cc1a054700f57462b396bd/element/dce0b0e5-6691-4f72-bad9-9b21dc7ed3d0/name'
16:04:18.837 [AsyncHttpClient-1-5] DEBUG org.asynchttpclient.netty.handler.HttpHandler - 

Request DefaultFullHttpRequest(decodeResult: success, version: HTTP/1.1, content: EmptyByteBufBE)
GET /session/96b8960412cc1a054700f57462b396bd/element/dce0b0e5-6691-4f72-bad9-9b21dc7ed3d0/name HTTP/1.1
User-Agent: selenium/4.1.2 (java windows)
Cache-Control: no-cache
Content-Type: application/json; charset=utf-8
host: localhost:50806
accept: */*

Response DefaultHttpResponse(decodeResult: success, version: HTTP/1.1)
HTTP/1.1 200 OK
Content-Type: application/json; charset=utf-8
cache-control: no-cache
content-length: 14

16:04:18.837 [AsyncHttpClient-1-5] DEBUG org.asynchttpclient.netty.channel.ChannelManager - Adding key: http://localhost:50806 for channel [id: 0x31dfea76, L:/127.0.0.1:50095 - R:localhost/127.0.0.1:50806]
16:04:18.840 [Forwarding getElementTagName on session 96b8960412cc1a054700f57462b396bd to remote] DEBUG org.asynchttpclient.netty.request.NettyRequestSender - Using pooled Channel '[id: 0x31dfea76, L:/127.0.0.1:50095 - R:localhost/127.0.0.1:50806]' for 'GET' to 'http://localhost:50806/session/96b8960412cc1a054700f57462b396bd/element/dce0b0e5-6691-4f72-bad9-9b21dc7ed3d0/name'
16:04:18.840 [Forwarding getElementTagName on session 96b8960412cc1a054700f57462b396bd to remote] DEBUG org.asynchttpclient.netty.request.NettyRequestSender - Using open Channel [id: 0x31dfea76, L:/127.0.0.1:50095 - R:localhost/127.0.0.1:50806] for GET '/session/96b8960412cc1a054700f57462b396bd/element/dce0b0e5-6691-4f72-bad9-9b21dc7ed3d0/name'
16:04:18.844 [AsyncHttpClient-1-5] DEBUG org.asynchttpclient.netty.handler.HttpHandler - 

Request DefaultFullHttpRequest(decodeResult: success, version: HTTP/1.1, content: EmptyByteBufBE)
GET /session/96b8960412cc1a054700f57462b396bd/element/dce0b0e5-6691-4f72-bad9-9b21dc7ed3d0/name HTTP/1.1
User-Agent: selenium/4.1.2 (java windows)
Cache-Control: no-cache
Content-Type: application/json; charset=utf-8
host: localhost:50806
accept: */*

Response DefaultHttpResponse(decodeResult: success, version: HTTP/1.1)
HTTP/1.1 200 OK
Content-Type: application/json; charset=utf-8
cache-control: no-cache
content-length: 14

16:04:18.845 [AsyncHttpClient-1-5] DEBUG org.asynchttpclient.netty.channel.ChannelManager - Adding key: http://localhost:50806 for channel [id: 0x31dfea76, L:/127.0.0.1:50095 - R:localhost/127.0.0.1:50806]
16:04:18.847 [Forwarding findElement on session 96b8960412cc1a054700f57462b396bd to remote] DEBUG org.asynchttpclient.netty.request.NettyRequestSender - Using pooled Channel '[id: 0x31dfea76, L:/127.0.0.1:50095 - R:localhost/127.0.0.1:50806]' for 'POST' to 'http://localhost:50806/session/96b8960412cc1a054700f57462b396bd/element'
16:04:18.847 [Forwarding findElement on session 96b8960412cc1a054700f57462b396bd to remote] DEBUG org.asynchttpclient.netty.request.NettyRequestSender - Using open Channel [id: 0x31dfea76, L:/127.0.0.1:50095 - R:localhost/127.0.0.1:50806] for POST '/session/96b8960412cc1a054700f57462b396bd/element'
16:04:18.856 [AsyncHttpClient-1-5] DEBUG org.asynchttpclient.netty.handler.HttpHandler - 

Request DefaultHttpRequest(decodeResult: success, version: HTTP/1.1)
POST /session/96b8960412cc1a054700f57462b396bd/element HTTP/1.1
User-Agent: selenium/4.1.2 (java windows)
Content-Length: 106
Content-Type: application/json; charset=utf-8
host: localhost:50806
accept: */*

Response DefaultHttpResponse(decodeResult: success, version: HTTP/1.1)
HTTP/1.1 200 OK
Content-Type: application/json; charset=utf-8
cache-control: no-cache
content-length: 88

16:04:18.863 [AsyncHttpClient-1-5] DEBUG org.asynchttpclient.netty.channel.ChannelManager - Adding key: http://localhost:50806 for channel [id: 0x31dfea76, L:/127.0.0.1:50095 - R:localhost/127.0.0.1:50806]
16:04:18.866 [Forwarding clickElement on session 96b8960412cc1a054700f57462b396bd to remote] DEBUG org.asynchttpclient.netty.request.NettyRequestSender - Using pooled Channel '[id: 0x31dfea76, L:/127.0.0.1:50095 - R:localhost/127.0.0.1:50806]' for 'POST' to 'http://localhost:50806/session/96b8960412cc1a054700f57462b396bd/element/dce0b0e5-6691-4f72-bad9-9b21dc7ed3d0/click'
16:04:18.866 [Forwarding clickElement on session 96b8960412cc1a054700f57462b396bd to remote] DEBUG org.asynchttpclient.netty.request.NettyRequestSender - Using open Channel [id: 0x31dfea76, L:/127.0.0.1:50095 - R:localhost/127.0.0.1:50806] for POST '/session/96b8960412cc1a054700f57462b396bd/element/dce0b0e5-6691-4f72-bad9-9b21dc7ed3d0/click'
16:04:18.935 [AsyncHttpClient-1-5] DEBUG org.asynchttpclient.netty.handler.HttpHandler - 

Request DefaultHttpRequest(decodeResult: success, version: HTTP/1.1)
POST /session/96b8960412cc1a054700f57462b396bd/element/dce0b0e5-6691-4f72-bad9-9b21dc7ed3d0/click HTTP/1.1
User-Agent: selenium/4.1.2 (java windows)
Content-Length: 50
Content-Type: application/json; charset=utf-8
host: localhost:50806
accept: */*

Response DefaultHttpResponse(decodeResult: success, version: HTTP/1.1)
HTTP/1.1 200 OK
Content-Type: application/json; charset=utf-8
cache-control: no-cache
content-length: 14

16:04:18.936 [AsyncHttpClient-1-5] DEBUG org.asynchttpclient.netty.channel.ChannelManager - Adding key: http://localhost:50806 for channel [id: 0x31dfea76, L:/127.0.0.1:50095 - R:localhost/127.0.0.1:50806]
16:04:18.946 [Forwarding screenshot on session 96b8960412cc1a054700f57462b396bd to remote] DEBUG org.asynchttpclient.netty.request.NettyRequestSender - Using pooled Channel '[id: 0x31dfea76, L:/127.0.0.1:50095 - R:localhost/127.0.0.1:50806]' for 'GET' to 'http://localhost:50806/session/96b8960412cc1a054700f57462b396bd/screenshot'
16:04:18.947 [Forwarding screenshot on session 96b8960412cc1a054700f57462b396bd to remote] DEBUG org.asynchttpclient.netty.request.NettyRequestSender - Using open Channel [id: 0x31dfea76, L:/127.0.0.1:50095 - R:localhost/127.0.0.1:50806] for GET '/session/96b8960412cc1a054700f57462b396bd/screenshot'
16:04:19.064 [AsyncHttpClient-1-5] DEBUG org.asynchttpclient.netty.handler.HttpHandler - 

Request DefaultFullHttpRequest(decodeResult: success, version: HTTP/1.1, content: EmptyByteBufBE)
GET /session/96b8960412cc1a054700f57462b396bd/screenshot HTTP/1.1
User-Agent: selenium/4.1.2 (java windows)
Cache-Control: no-cache
Content-Type: application/json; charset=utf-8
host: localhost:50806
accept: */*

Response DefaultHttpResponse(decodeResult: success, version: HTTP/1.1)
HTTP/1.1 200 OK
Content-Type: application/json; charset=utf-8
cache-control: no-cache
content-length: 87152

16:04:19.065 [AsyncHttpClient-1-5] DEBUG org.asynchttpclient.netty.channel.ChannelManager - Adding key: http://localhost:50806 for channel [id: 0x31dfea76, L:/127.0.0.1:50095 - R:localhost/127.0.0.1:50806]
16:04:19.072 [main] DEBUG net.serenitybdd.core.photography.Darkroom - Send negative for processing for target\site\serenity\bb6f1e6ff4f9483894b191971fa6cdc7fd7d1785bb423534562d43f3e2aa4d9c.png
16:04:19.072 [main] DEBUG net.thucydides.core.steps.StepInterceptor - STEP DONE: clickBlodeTypeOption
16:04:19.072 [Darkroom Processing Line] DEBUG net.serenitybdd.core.photography.DarkroomProcessingLine - Processing screenshot image in /var/screenshots/screenshot-5855732124120589713
16:04:19.072 [Darkroom Processing Line] DEBUG net.serenitybdd.core.photography.DarkroomProcessingLine - Saving screenshot to target\site\serenity\bb6f1e6ff4f9483894b191971fa6cdc7fd7d1785bb423534562d43f3e2aa4d9c.png
16:04:19.079 [main] DEBUG net.thucydides.core.steps.StepInterceptor - STARTING STEP: PatientSteps.iChangePatientData - clickSubmitButton
16:04:19.086 [Forwarding findElement on session 96b8960412cc1a054700f57462b396bd to remote] DEBUG org.asynchttpclient.netty.request.NettyRequestSender - Using pooled Channel '[id: 0x31dfea76, L:/127.0.0.1:50095 - R:localhost/127.0.0.1:50806]' for 'POST' to 'http://localhost:50806/session/96b8960412cc1a054700f57462b396bd/element'
16:04:19.086 [Forwarding findElement on session 96b8960412cc1a054700f57462b396bd to remote] DEBUG org.asynchttpclient.netty.request.NettyRequestSender - Using open Channel [id: 0x31dfea76, L:/127.0.0.1:50095 - R:localhost/127.0.0.1:50806] for POST '/session/96b8960412cc1a054700f57462b396bd/element'
16:04:19.102 [AsyncHttpClient-1-5] DEBUG org.asynchttpclient.netty.handler.HttpHandler - 

Request DefaultHttpRequest(decodeResult: success, version: HTTP/1.1)
POST /session/96b8960412cc1a054700f57462b396bd/element HTTP/1.1
User-Agent: selenium/4.1.2 (java windows)
Content-Length: 114
Content-Type: application/json; charset=utf-8
host: localhost:50806
accept: */*

Response DefaultHttpResponse(decodeResult: success, version: HTTP/1.1)
HTTP/1.1 200 OK
Content-Type: application/json; charset=utf-8
cache-control: no-cache
content-length: 88

16:04:19.102 [AsyncHttpClient-1-5] DEBUG org.asynchttpclient.netty.channel.ChannelManager - Adding key: http://localhost:50806 for channel [id: 0x31dfea76, L:/127.0.0.1:50095 - R:localhost/127.0.0.1:50806]
16:04:19.105 [Forwarding getElementTagName on session 96b8960412cc1a054700f57462b396bd to remote] DEBUG org.asynchttpclient.netty.request.NettyRequestSender - Using pooled Channel '[id: 0x31dfea76, L:/127.0.0.1:50095 - R:localhost/127.0.0.1:50806]' for 'GET' to 'http://localhost:50806/session/96b8960412cc1a054700f57462b396bd/element/8d8ec548-388d-4460-b9bf-64dc0e7c5b9f/name'
16:04:19.105 [Forwarding getElementTagName on session 96b8960412cc1a054700f57462b396bd to remote] DEBUG org.asynchttpclient.netty.request.NettyRequestSender - Using open Channel [id: 0x31dfea76, L:/127.0.0.1:50095 - R:localhost/127.0.0.1:50806] for GET '/session/96b8960412cc1a054700f57462b396bd/element/8d8ec548-388d-4460-b9bf-64dc0e7c5b9f/name'
16:04:19.111 [AsyncHttpClient-1-5] DEBUG org.asynchttpclient.netty.handler.HttpHandler - 

Request DefaultFullHttpRequest(decodeResult: success, version: HTTP/1.1, content: EmptyByteBufBE)
GET /session/96b8960412cc1a054700f57462b396bd/element/8d8ec548-388d-4460-b9bf-64dc0e7c5b9f/name HTTP/1.1
User-Agent: selenium/4.1.2 (java windows)
Cache-Control: no-cache
Content-Type: application/json; charset=utf-8
host: localhost:50806
accept: */*

Response DefaultHttpResponse(decodeResult: success, version: HTTP/1.1)
HTTP/1.1 200 OK
Content-Type: application/json; charset=utf-8
cache-control: no-cache
content-length: 18

16:04:19.111 [AsyncHttpClient-1-5] DEBUG org.asynchttpclient.netty.channel.ChannelManager - Adding key: http://localhost:50806 for channel [id: 0x31dfea76, L:/127.0.0.1:50095 - R:localhost/127.0.0.1:50806]
16:04:19.114 [Forwarding getElementTagName on session 96b8960412cc1a054700f57462b396bd to remote] DEBUG org.asynchttpclient.netty.request.NettyRequestSender - Using pooled Channel '[id: 0x31dfea76, L:/127.0.0.1:50095 - R:localhost/127.0.0.1:50806]' for 'GET' to 'http://localhost:50806/session/96b8960412cc1a054700f57462b396bd/element/8d8ec548-388d-4460-b9bf-64dc0e7c5b9f/name'
16:04:19.114 [Forwarding getElementTagName on session 96b8960412cc1a054700f57462b396bd to remote] DEBUG org.asynchttpclient.netty.request.NettyRequestSender - Using open Channel [id: 0x31dfea76, L:/127.0.0.1:50095 - R:localhost/127.0.0.1:50806] for GET '/session/96b8960412cc1a054700f57462b396bd/element/8d8ec548-388d-4460-b9bf-64dc0e7c5b9f/name'
16:04:19.120 [AsyncHttpClient-1-5] DEBUG org.asynchttpclient.netty.handler.HttpHandler - 

Request DefaultFullHttpRequest(decodeResult: success, version: HTTP/1.1, content: EmptyByteBufBE)
GET /session/96b8960412cc1a054700f57462b396bd/element/8d8ec548-388d-4460-b9bf-64dc0e7c5b9f/name HTTP/1.1
User-Agent: selenium/4.1.2 (java windows)
Cache-Control: no-cache
Content-Type: application/json; charset=utf-8
host: localhost:50806
accept: */*

Response DefaultHttpResponse(decodeResult: success, version: HTTP/1.1)
HTTP/1.1 200 OK
Content-Type: application/json; charset=utf-8
cache-control: no-cache
content-length: 18

16:04:19.121 [AsyncHttpClient-1-5] DEBUG org.asynchttpclient.netty.channel.ChannelManager - Adding key: http://localhost:50806 for channel [id: 0x31dfea76, L:/127.0.0.1:50095 - R:localhost/127.0.0.1:50806]
16:04:19.124 [Forwarding isElementEnabled on session 96b8960412cc1a054700f57462b396bd to remote] DEBUG org.asynchttpclient.netty.request.NettyRequestSender - Using pooled Channel '[id: 0x31dfea76, L:/127.0.0.1:50095 - R:localhost/127.0.0.1:50806]' for 'GET' to 'http://localhost:50806/session/96b8960412cc1a054700f57462b396bd/element/8d8ec548-388d-4460-b9bf-64dc0e7c5b9f/enabled'
16:04:19.125 [Forwarding isElementEnabled on session 96b8960412cc1a054700f57462b396bd to remote] DEBUG org.asynchttpclient.netty.request.NettyRequestSender - Using open Channel [id: 0x31dfea76, L:/127.0.0.1:50095 - R:localhost/127.0.0.1:50806] for GET '/session/96b8960412cc1a054700f57462b396bd/element/8d8ec548-388d-4460-b9bf-64dc0e7c5b9f/enabled'
16:04:19.138 [AsyncHttpClient-1-5] DEBUG org.asynchttpclient.netty.handler.HttpHandler - 

Request DefaultFullHttpRequest(decodeResult: success, version: HTTP/1.1, content: EmptyByteBufBE)
GET /session/96b8960412cc1a054700f57462b396bd/element/8d8ec548-388d-4460-b9bf-64dc0e7c5b9f/enabled HTTP/1.1
User-Agent: selenium/4.1.2 (java windows)
Cache-Control: no-cache
Content-Type: application/json; charset=utf-8
host: localhost:50806
accept: */*

Response DefaultHttpResponse(decodeResult: success, version: HTTP/1.1)
HTTP/1.1 200 OK
Content-Type: application/json; charset=utf-8
cache-control: no-cache
content-length: 14

16:04:19.138 [AsyncHttpClient-1-5] DEBUG org.asynchttpclient.netty.channel.ChannelManager - Adding key: http://localhost:50806 for channel [id: 0x31dfea76, L:/127.0.0.1:50095 - R:localhost/127.0.0.1:50806]
16:04:19.141 [Forwarding isElementEnabled on session 96b8960412cc1a054700f57462b396bd to remote] DEBUG org.asynchttpclient.netty.request.NettyRequestSender - Using pooled Channel '[id: 0x31dfea76, L:/127.0.0.1:50095 - R:localhost/127.0.0.1:50806]' for 'GET' to 'http://localhost:50806/session/96b8960412cc1a054700f57462b396bd/element/8d8ec548-388d-4460-b9bf-64dc0e7c5b9f/enabled'
16:04:19.141 [Forwarding isElementEnabled on session 96b8960412cc1a054700f57462b396bd to remote] DEBUG org.asynchttpclient.netty.request.NettyRequestSender - Using open Channel [id: 0x31dfea76, L:/127.0.0.1:50095 - R:localhost/127.0.0.1:50806] for GET '/session/96b8960412cc1a054700f57462b396bd/element/8d8ec548-388d-4460-b9bf-64dc0e7c5b9f/enabled'
16:04:19.151 [AsyncHttpClient-1-5] DEBUG org.asynchttpclient.netty.handler.HttpHandler - 

Request DefaultFullHttpRequest(decodeResult: success, version: HTTP/1.1, content: EmptyByteBufBE)
GET /session/96b8960412cc1a054700f57462b396bd/element/8d8ec548-388d-4460-b9bf-64dc0e7c5b9f/enabled HTTP/1.1
User-Agent: selenium/4.1.2 (java windows)
Cache-Control: no-cache
Content-Type: application/json; charset=utf-8
host: localhost:50806
accept: */*

Response DefaultHttpResponse(decodeResult: success, version: HTTP/1.1)
HTTP/1.1 200 OK
Content-Type: application/json; charset=utf-8
cache-control: no-cache
content-length: 14

16:04:19.151 [AsyncHttpClient-1-5] DEBUG org.asynchttpclient.netty.channel.ChannelManager - Adding key: http://localhost:50806 for channel [id: 0x31dfea76, L:/127.0.0.1:50095 - R:localhost/127.0.0.1:50806]
16:04:19.154 [Forwarding findElement on session 96b8960412cc1a054700f57462b396bd to remote] DEBUG org.asynchttpclient.netty.request.NettyRequestSender - Using pooled Channel '[id: 0x31dfea76, L:/127.0.0.1:50095 - R:localhost/127.0.0.1:50806]' for 'POST' to 'http://localhost:50806/session/96b8960412cc1a054700f57462b396bd/element'
16:04:19.155 [Forwarding findElement on session 96b8960412cc1a054700f57462b396bd to remote] DEBUG org.asynchttpclient.netty.request.NettyRequestSender - Using open Channel [id: 0x31dfea76, L:/127.0.0.1:50095 - R:localhost/127.0.0.1:50806] for POST '/session/96b8960412cc1a054700f57462b396bd/element'
16:04:19.170 [AsyncHttpClient-1-5] DEBUG org.asynchttpclient.netty.handler.HttpHandler - 

Request DefaultHttpRequest(decodeResult: success, version: HTTP/1.1)
POST /session/96b8960412cc1a054700f57462b396bd/element HTTP/1.1
User-Agent: selenium/4.1.2 (java windows)
Content-Length: 114
Content-Type: application/json; charset=utf-8
host: localhost:50806
accept: */*

Response DefaultHttpResponse(decodeResult: success, version: HTTP/1.1)
HTTP/1.1 200 OK
Content-Type: application/json; charset=utf-8
cache-control: no-cache
content-length: 88

16:04:19.171 [AsyncHttpClient-1-5] DEBUG org.asynchttpclient.netty.channel.ChannelManager - Adding key: http://localhost:50806 for channel [id: 0x31dfea76, L:/127.0.0.1:50095 - R:localhost/127.0.0.1:50806]
16:04:19.174 [Forwarding clickElement on session 96b8960412cc1a054700f57462b396bd to remote] DEBUG org.asynchttpclient.netty.request.NettyRequestSender - Using pooled Channel '[id: 0x31dfea76, L:/127.0.0.1:50095 - R:localhost/127.0.0.1:50806]' for 'POST' to 'http://localhost:50806/session/96b8960412cc1a054700f57462b396bd/element/8d8ec548-388d-4460-b9bf-64dc0e7c5b9f/click'
16:04:19.175 [Forwarding clickElement on session 96b8960412cc1a054700f57462b396bd to remote] DEBUG org.asynchttpclient.netty.request.NettyRequestSender - Using open Channel [id: 0x31dfea76, L:/127.0.0.1:50095 - R:localhost/127.0.0.1:50806] for POST '/session/96b8960412cc1a054700f57462b396bd/element/8d8ec548-388d-4460-b9bf-64dc0e7c5b9f/click'
16:04:19.283 [AsyncHttpClient-1-5] DEBUG org.asynchttpclient.netty.handler.HttpHandler - 

Request DefaultHttpRequest(decodeResult: success, version: HTTP/1.1)
POST /session/96b8960412cc1a054700f57462b396bd/element/8d8ec548-388d-4460-b9bf-64dc0e7c5b9f/click HTTP/1.1
User-Agent: selenium/4.1.2 (java windows)
Content-Length: 50
Content-Type: application/json; charset=utf-8
host: localhost:50806
accept: */*

Response DefaultHttpResponse(decodeResult: success, version: HTTP/1.1)
HTTP/1.1 200 OK
Content-Type: application/json; charset=utf-8
cache-control: no-cache
content-length: 14

16:04:19.284 [AsyncHttpClient-1-5] DEBUG org.asynchttpclient.netty.channel.ChannelManager - Adding key: http://localhost:50806 for channel [id: 0x31dfea76, L:/127.0.0.1:50095 - R:localhost/127.0.0.1:50806]
16:04:19.296 [Forwarding screenshot on session 96b8960412cc1a054700f57462b396bd to remote] DEBUG org.asynchttpclient.netty.request.NettyRequestSender - Using pooled Channel '[id: 0x31dfea76, L:/127.0.0.1:50095 - R:localhost/127.0.0.1:50806]' for 'GET' to 'http://localhost:50806/session/96b8960412cc1a054700f57462b396bd/screenshot'
16:04:19.296 [Forwarding screenshot on session 96b8960412cc1a054700f57462b396bd to remote] DEBUG org.asynchttpclient.netty.request.NettyRequestSender - Using open Channel [id: 0x31dfea76, L:/127.0.0.1:50095 - R:localhost/127.0.0.1:50806] for GET '/session/96b8960412cc1a054700f57462b396bd/screenshot'
16:04:19.436 [AsyncHttpClient-1-5] DEBUG org.asynchttpclient.netty.handler.HttpHandler - 

Request DefaultFullHttpRequest(decodeResult: success, version: HTTP/1.1, content: EmptyByteBufBE)
GET /session/96b8960412cc1a054700f57462b396bd/screenshot HTTP/1.1
User-Agent: selenium/4.1.2 (java windows)
Cache-Control: no-cache
Content-Type: application/json; charset=utf-8
host: localhost:50806
accept: */*

Response DefaultHttpResponse(decodeResult: success, version: HTTP/1.1)
HTTP/1.1 200 OK
Content-Type: application/json; charset=utf-8
cache-control: no-cache
content-length: 80504

16:04:19.437 [AsyncHttpClient-1-5] DEBUG org.asynchttpclient.netty.channel.ChannelManager - Adding key: http://localhost:50806 for channel [id: 0x31dfea76, L:/127.0.0.1:50095 - R:localhost/127.0.0.1:50806]
16:04:19.442 [main] DEBUG net.serenitybdd.core.photography.Darkroom - Send negative for processing for target\site\serenity\3cfc8b1ee7ddf9d5285bce560fc13d6f327f8686d267207b500e08abb783c1f0.png
16:04:19.443 [main] DEBUG net.thucydides.core.steps.StepInterceptor - STEP DONE: clickSubmitButton
16:04:19.443 [Darkroom Processing Line] DEBUG net.serenitybdd.core.photography.DarkroomProcessingLine - Processing screenshot image in /var/screenshots/screenshot-4033733071665781830
  &amp#27;[32mAnd &amp#27;[0m&amp#27;[32mI change patient data&amp#27;[0m                     &amp#27;[90m# starter.stepdefinitions.PatientSteps.iChangePatientData()&amp#27;[0m
16:04:19.443 [Darkroom Processing Line] DEBUG net.serenitybdd.core.photography.DarkroomProcessingLine - Saving screenshot to target\site\serenity\3cfc8b1ee7ddf9d5285bce560fc13d6f327f8686d267207b500e08abb783c1f0.png
16:04:19.774 [AsyncHttpClient-1-1] DEBUG org.asynchttpclient.netty.channel.DefaultChannelPool - Entry count for : http://localhost:50096 : 1
16:04:19.774 [AsyncHttpClient-1-1] DEBUG org.asynchttpclient.netty.channel.DefaultChannelPool - Entry count for : http://localhost:50806 : 1
16:04:20.448 [Forwarding findElement on session 96b8960412cc1a054700f57462b396bd to remote] DEBUG org.asynchttpclient.netty.request.NettyRequestSender - Using pooled Channel '[id: 0x31dfea76, L:/127.0.0.1:50095 - R:localhost/127.0.0.1:50806]' for 'POST' to 'http://localhost:50806/session/96b8960412cc1a054700f57462b396bd/element'
16:04:20.448 [Forwarding findElement on session 96b8960412cc1a054700f57462b396bd to remote] DEBUG org.asynchttpclient.netty.request.NettyRequestSender - Using open Channel [id: 0x31dfea76, L:/127.0.0.1:50095 - R:localhost/127.0.0.1:50806] for POST '/session/96b8960412cc1a054700f57462b396bd/element'
16:04:20.513 [AsyncHttpClient-1-5] DEBUG org.asynchttpclient.netty.handler.HttpHandler - 

Request DefaultHttpRequest(decodeResult: success, version: HTTP/1.1)
POST /session/96b8960412cc1a054700f57462b396bd/element HTTP/1.1
User-Agent: selenium/4.1.2 (java windows)
Content-Length: 74
Content-Type: application/json; charset=utf-8
host: localhost:50806
accept: */*

Response DefaultHttpResponse(decodeResult: success, version: HTTP/1.1)
HTTP/1.1 200 OK
Content-Type: application/json; charset=utf-8
cache-control: no-cache
content-length: 88

16:04:20.513 [AsyncHttpClient-1-5] DEBUG org.asynchttpclient.netty.channel.ChannelManager - Adding key: http://localhost:50806 for channel [id: 0x31dfea76, L:/127.0.0.1:50095 - R:localhost/127.0.0.1:50806]
16:04:20.518 [Forwarding isElementDisplayed on session 96b8960412cc1a054700f57462b396bd to remote] DEBUG org.asynchttpclient.netty.request.NettyRequestSender - Using pooled Channel '[id: 0x31dfea76, L:/127.0.0.1:50095 - R:localhost/127.0.0.1:50806]' for 'POST' to 'http://localhost:50806/session/96b8960412cc1a054700f57462b396bd/execute/sync'
16:04:20.518 [Forwarding isElementDisplayed on session 96b8960412cc1a054700f57462b396bd to remote] DEBUG org.asynchttpclient.netty.request.NettyRequestSender - Using open Channel [id: 0x31dfea76, L:/127.0.0.1:50095 - R:localhost/127.0.0.1:50806] for POST '/session/96b8960412cc1a054700f57462b396bd/execute/sync'
16:04:20.546 [AsyncHttpClient-1-5] DEBUG org.asynchttpclient.netty.handler.HttpHandler - 

Request DefaultHttpRequest(decodeResult: success, version: HTTP/1.1)
POST /session/96b8960412cc1a054700f57462b396bd/execute/sync HTTP/1.1
User-Agent: selenium/4.1.2 (java windows)
Content-Length: 48780
Content-Type: application/json; charset=utf-8
host: localhost:50806
accept: */*

Response DefaultHttpResponse(decodeResult: success, version: HTTP/1.1)
HTTP/1.1 200 OK
Content-Type: application/json; charset=utf-8
cache-control: no-cache
content-length: 14

16:04:20.546 [AsyncHttpClient-1-5] DEBUG org.asynchttpclient.netty.channel.ChannelManager - Adding key: http://localhost:50806 for channel [id: 0x31dfea76, L:/127.0.0.1:50095 - R:localhost/127.0.0.1:50806]
  &amp#27;[32mThen &amp#27;[0m&amp#27;[32mI get Edit Patient has been added result&amp#27;[0m &amp#27;[90m# starter.stepdefinitions.PatientSteps.iGetEditPatientHasBeenAddedResult()&amp#27;[0m
16:04:20.563 [Forwarding screenshot on session 96b8960412cc1a054700f57462b396bd to remote] DEBUG org.asynchttpclient.netty.request.NettyRequestSender - Using pooled Channel '[id: 0x31dfea76, L:/127.0.0.1:50095 - R:localhost/127.0.0.1:50806]' for 'GET' to 'http://localhost:50806/session/96b8960412cc1a054700f57462b396bd/screenshot'
16:04:20.563 [Forwarding screenshot on session 96b8960412cc1a054700f57462b396bd to remote] DEBUG org.asynchttpclient.netty.request.NettyRequestSender - Using open Channel [id: 0x31dfea76, L:/127.0.0.1:50095 - R:localhost/127.0.0.1:50806] for GET '/session/96b8960412cc1a054700f57462b396bd/screenshot'
16:04:20.721 [AsyncHttpClient-1-5] DEBUG org.asynchttpclient.netty.handler.HttpHandler - 

Request DefaultFullHttpRequest(decodeResult: success, version: HTTP/1.1, content: EmptyByteBufBE)
GET /session/96b8960412cc1a054700f57462b396bd/screenshot HTTP/1.1
User-Agent: selenium/4.1.2 (java windows)
Cache-Control: no-cache
Content-Type: application/json; charset=utf-8
host: localhost:50806
accept: */*

Response DefaultHttpResponse(decodeResult: success, version: HTTP/1.1)
HTTP/1.1 200 OK
Content-Type: application/json; charset=utf-8
cache-control: no-cache
content-length: 97544

16:04:20.721 [AsyncHttpClient-1-5] DEBUG org.asynchttpclient.netty.channel.ChannelManager - Adding key: http://localhost:50806 for channel [id: 0x31dfea76, L:/127.0.0.1:50095 - R:localhost/127.0.0.1:50806]
16:04:20.729 [main] DEBUG net.serenitybdd.core.photography.Darkroom - Send negative for processing for target\site\serenity\a3211a06f08bd495274403f6b4976544ae40bf740b7d68f1c8c04ed1ff89b71f.png
16:04:20.729 [Darkroom Processing Line] DEBUG net.serenitybdd.core.photography.DarkroomProcessingLine - Processing screenshot image in /var/screenshots/screenshot-5564886090593256434
16:04:20.729 [Darkroom Processing Line] DEBUG net.serenitybdd.core.photography.DarkroomProcessingLine - Saving screenshot to target\site\serenity\a3211a06f08bd495274403f6b4976544ae40bf740b7d68f1c8c04ed1ff89b71f.png
16:04:20.733 [main] INFO  - 
  _____   ___   ___   _____     ___     _     ___   ___   ___   ___  
 |_   _| | __| / __| |_   _|   | _ \   /_\   / __| / __| | __| |   \ 
   | |   | _|  \__ \   | |     |  _/  / _ \  \__ \ \__ \ | _|  | |) |
   |_|   |___| |___/   |_|     |_|   /_/ \_\ |___/ |___/ |___| |___/ 

Edit Patient Data scenario
----------------------------------------------------------------------
16:04:20.735 [AsyncHttpClient-1-7] DEBUG org.asynchttpclient.netty.handler.WebSocketHandler - Channel Closed: [id: 0xa926850f, L:/127.0.0.1:50102 ! R:localhost/127.0.0.1:50096] with attribute NettyResponseFuture{currentRetry=5,
	isDone=1,
	isCancelled=0,
	asyncHandler=org.asynchttpclient.ws.WebSocketUpgradeHandler@daee80e,
	nettyRequest=org.asynchttpclient.netty.request.NettyRequest@48ac67df,
	future=java.util.concurrent.CompletableFuture@7bd250c7[Completed normally],
	uri=ws://localhost:50096/devtools/browser/fb09b1f3-ebc8-4e2b-a055-2c4770c8f6af,
	keepAlive=true,
	redirectCount=0,
	timeoutsHolder=null,
	inAuth=0,
	touch=1655111046822}
16:04:20.736 [AsyncHttpClient-1-7] DEBUG org.asynchttpclient.netty.channel.ChannelManager - Closing Channel [id: 0xa926850f, L:/127.0.0.1:50102 ! R:localhost/127.0.0.1:50096] 
16:04:20.736 [Driver Command Executor] DEBUG org.asynchttpclient.netty.request.NettyRequestSender - Using pooled Channel '[id: 0x31dfea76, L:/127.0.0.1:50095 - R:localhost/127.0.0.1:50806]' for 'DELETE' to 'http://localhost:50806/session/96b8960412cc1a054700f57462b396bd'
16:04:20.736 [Driver Command Executor] DEBUG org.asynchttpclient.netty.request.NettyRequestSender - Using open Channel [id: 0x31dfea76, L:/127.0.0.1:50095 - R:localhost/127.0.0.1:50806] for DELETE '/session/96b8960412cc1a054700f57462b396bd'
16:04:20.873 [AsyncHttpClient-1-1] DEBUG org.asynchttpclient.netty.channel.DefaultChannelPool - Entry count for : http://localhost:50096 : 1
16:04:21.973 [AsyncHttpClient-1-1] DEBUG org.asynchttpclient.netty.channel.DefaultChannelPool - Entry count for : http://localhost:50096 : 1
16:04:23.073 [AsyncHttpClient-1-1] DEBUG org.asynchttpclient.netty.channel.DefaultChannelPool - Entry count for : http://localhost:50096 : 1
16:04:23.082 [AsyncHttpClient-1-6] DEBUG org.asynchttpclient.netty.handler.HttpHandler - Unexpected I/O exception on channel [id: 0xc9d2f98a, L:/127.0.0.1:50101 - R:localhost/127.0.0.1:50096]
java.net.SocketException: Connection reset
	at java.base/sun.nio.ch.SocketChannelImpl.throwConnectionReset(SocketChannelImpl.java:367)
	at java.base/sun.nio.ch.SocketChannelImpl.read(SocketChannelImpl.java:398)
	at io.netty.buffer.PooledByteBuf.setBytes(PooledByteBuf.java:258)
	at io.netty.buffer.AbstractByteBuf.writeBytes(AbstractByteBuf.java:1132)
	at io.netty.channel.socket.nio.NioSocketChannel.doReadBytes(NioSocketChannel.java:350)
	at io.netty.channel.nio.AbstractNioByteChannel$NioByteUnsafe.read(AbstractNioByteChannel.java:151)
	at io.netty.channel.nio.NioEventLoop.processSelectedKey(NioEventLoop.java:722)
	at io.netty.channel.nio.NioEventLoop.processSelectedKeysOptimized(NioEventLoop.java:658)
	at io.netty.channel.nio.NioEventLoop.processSelectedKeys(NioEventLoop.java:584)
	at io.netty.channel.nio.NioEventLoop.run(NioEventLoop.java:496)
	at io.netty.util.concurrent.SingleThreadEventExecutor$4.run(SingleThreadEventExecutor.java:986)
	at io.netty.util.internal.ThreadExecutorMap$2.run(ThreadExecutorMap.java:74)
	at io.netty.util.concurrent.FastThreadLocalRunnable.run(FastThreadLocalRunnable.java:30)
	at java.base/java.lang.Thread.run(Thread.java:832)
16:04:23.083 [AsyncHttpClient-1-6] DEBUG org.asynchttpclient.netty.channel.ChannelManager - Closing Channel [id: 0xc9d2f98a, L:/127.0.0.1:50101 - R:localhost/127.0.0.1:50096] 
16:04:23.083 [AsyncHttpClient-1-6] DEBUG org.asynchttpclient.netty.handler.HttpHandler - Channel Closed: [id: 0xc9d2f98a, L:/127.0.0.1:50101 ! R:localhost/127.0.0.1:50096] with attribute DISCARD
16:04:23.102 [AsyncHttpClient-1-5] DEBUG org.asynchttpclient.netty.handler.HttpHandler - 

Request DefaultFullHttpRequest(decodeResult: success, version: HTTP/1.1, content: EmptyByteBufBE)
DELETE /session/96b8960412cc1a054700f57462b396bd HTTP/1.1
User-Agent: selenium/4.1.2 (java windows)
Content-Type: application/json; charset=utf-8
host: localhost:50806
accept: */*

Response DefaultHttpResponse(decodeResult: success, version: HTTP/1.1)
HTTP/1.1 200 OK
Content-Type: application/json; charset=utf-8
cache-control: no-cache
content-length: 14

16:04:23.103 [AsyncHttpClient-1-5] DEBUG org.asynchttpclient.netty.channel.ChannelManager - Adding key: http://localhost:50806 for channel [id: 0x31dfea76, L:/127.0.0.1:50095 - R:localhost/127.0.0.1:50806]
16:04:23.196 [AsyncHttpClient-1-5] DEBUG org.asynchttpclient.netty.handler.HttpHandler - Channel Closed: [id: 0x31dfea76, L:/127.0.0.1:50095 ! R:localhost/127.0.0.1:50806] with attribute DISCARD
]]></system-out>
    <system-err><![CDATA[Starting ChromeDriver 102.0.5005.61 (0e59bcc00cc4985ce39ad31c150065f159d95ad3-refs/branch-heads/5005@{#819}) on port 50806
Only local connections are allowed.
Please see https://chromedriver.chromium.org/security-considerations for suggestions on keeping ChromeDriver safe.
ChromeDriver was started successfully.
Jun 13, 2022 4:04:06 PM org.openqa.selenium.remote.ProtocolHandshake createSession
INFO: Detected dialect: W3C
Jun 13, 2022 4:04:06 PM org.openqa.selenium.devtools.CdpVersionFinder findNearestMatch
WARNING: Unable to find an exact match for CDP version 102, so returning the closest version found: a no-op implementation
Jun 13, 2022 4:04:06 PM org.openqa.selenium.devtools.CdpVersionFinder findNearestMatch
INFO: Unable to find CDP implementation matching 102.
Jun 13, 2022 4:04:06 PM org.openqa.selenium.chromium.ChromiumDriver lambda$new$3
WARNING: Unable to find version of CDP to use for . You may need to include a dependency on a specific version of the CDP using something similar to `org.seleniumhq.selenium:selenium-devtools-v86:4.1.2` where the version ("v86") matches the version of the chromium-based browser you're using and the version number of the artifact is the same as Selenium's.
]]></system-err>
  </testcase>
  <testcase name="Cancel Edit Patient Data scenario" classname="Patient" time="12.017">
    <system-out><![CDATA[
@Patient
Scenario: Cancel Edit Patient Data scenario &amp#27;[90m# src/test/resources/features/Patient.feature:22&amp#27;[0m
16:04:23.750 [main] INFO io.cucumber.core.plugin.SerenityReporter - Running feature from file:///E:/My%20Documents/File%20Difa/TI%20Semester%206%20Kampus%20Merdeka%20Alterra/Tugas/CAPSTONE%20Project/Capstone-Project-Website/src/test/resources/features/Patient.feature
16:04:23.759 [main] INFO  - 
  _____   ___   ___   _____     ___   _____     _     ___   _____   ___   ___  
 |_   _| | __| / __| |_   _|   / __| |_   _|   /_\   | _ \ |_   _| | __| |   \ 
   | |   | _|  \__ \   | |     \__ \   | |    / _ \  |   /   | |   | _|  | |) |
   |_|   |___| |___/   |_|     |___/   |_|   /_/ \_\ |_|_\   |_|   |___| |___/ 

Cancel Edit Patient Data scenario(patient;cancel-edit-patient-data-scenario)
--------------------------------------------------------------------------------
16:04:23.785 [main] DEBUG net.thucydides.core.steps.StepInterceptor - STARTING STEP: PatientSteps.iAmAtTheDashboardPage - openUrl
16:04:23.789 [main] INFO net.serenitybdd.core.webdriver.driverproviders.ChromeDriverProvider - Using automatically driver download
16:04:23.962 [main] DEBUG io.github.bonigarcia.wdm.cache.ResolutionCache - Resolution chrome=102 in cache (valid until 16:10:42 13/06/2022 ICT)
16:04:23.971 [main] DEBUG io.github.bonigarcia.wdm.cache.ResolutionCache - Resolution chrome102=102.0.5005.61 in cache (valid until 11:58:55 14/06/2022 ICT)
16:04:23.975 [main] INFO io.github.bonigarcia.wdm.WebDriverManager - Using chromedriver 102.0.5005.61 (resolved driver for Chrome 102)
16:04:23.993 [main] DEBUG io.github.bonigarcia.wdm.WebDriverManager - Driver chromedriver 102.0.5005.61 found in cache
16:04:23.994 [main] INFO io.github.bonigarcia.wdm.WebDriverManager - Exporting webdriver.chrome.driver as C:\Users\USER\.cache\selenium\chromedriver\win32\102.0.5005.61\chromedriver.exe
16:04:24.174 [AsyncHttpClient-1-1] DEBUG org.asynchttpclient.netty.channel.DefaultChannelPool - Entry count for : http://localhost:50096 : 1
16:04:24.174 [AsyncHttpClient-1-1] DEBUG org.asynchttpclient.netty.channel.DefaultChannelPool - Entry count for : http://localhost:50806 : 1
16:04:24.174 [AsyncHttpClient-1-1] DEBUG org.asynchttpclient.netty.channel.DefaultChannelPool - Adding Candidate expired Channel [id: 0xc9d2f98a, L:/127.0.0.1:50101 ! R:localhost/127.0.0.1:50096] isIdleTimeoutExpired=false isRemotelyClosed=true isTtlExpired=false
16:04:24.174 [AsyncHttpClient-1-1] DEBUG org.asynchttpclient.netty.channel.DefaultChannelPool - Closing Idle Channel [id: 0xc9d2f98a, L:/127.0.0.1:50101 ! R:localhost/127.0.0.1:50096]
16:04:24.174 [AsyncHttpClient-1-1] DEBUG org.asynchttpclient.netty.channel.DefaultChannelPool - Adding Candidate expired Channel [id: 0x31dfea76, L:/127.0.0.1:50095 ! R:localhost/127.0.0.1:50806] isIdleTimeoutExpired=false isRemotelyClosed=true isTtlExpired=false
16:04:24.174 [AsyncHttpClient-1-1] DEBUG org.asynchttpclient.netty.channel.DefaultChannelPool - Closing Idle Channel [id: 0x31dfea76, L:/127.0.0.1:50095 ! R:localhost/127.0.0.1:50806]
16:04:24.174 [AsyncHttpClient-1-1] DEBUG org.asynchttpclient.netty.channel.DefaultChannelPool - Closed 2 connections out of 2 in 0 ms
16:04:24.183 [main] DEBUG net.serenitybdd.core.webdriver.driverproviders.ProvideNewDriver - Instantiating driver
16:04:24.183 [main] DEBUG net.serenitybdd.core.webdriver.driverproviders.ProvideNewDriver - Driver capabilities: Capabilities {acceptInsecureCerts: false, base.url: https://group7-react-dev.ne..., browserName: chrome, chrome.driver: src/test/resources/webdrive..., driver: chrome, goog:chromeOptions: {args: [], extensions: []}}
16:04:24.717 [AsyncHttpClient-1-8] DEBUG org.asynchttpclient.netty.channel.NettyConnectListener - Using new Channel '[id: 0x9377cc30, L:/127.0.0.1:50120 - R:localhost/127.0.0.1:54225]' for 'POST' to '/session'
16:04:26.885 [AsyncHttpClient-1-8] DEBUG org.asynchttpclient.netty.handler.HttpHandler - 

Request DefaultHttpRequest(decodeResult: success, version: HTTP/1.1)
POST /session HTTP/1.1
User-Agent: selenium/4.1.2 (java windows)
Content-Length: 617
Content-Type: application/json; charset=utf-8
host: localhost:54225
accept: */*

Response DefaultHttpResponse(decodeResult: success, version: HTTP/1.1)
HTTP/1.1 200 OK
Content-Type: application/json; charset=utf-8
cache-control: no-cache
content-length: 788

16:04:26.885 [AsyncHttpClient-1-8] DEBUG org.asynchttpclient.netty.channel.ChannelManager - Adding key: http://localhost:54225 for channel [id: 0x9377cc30, L:/127.0.0.1:50120 - R:localhost/127.0.0.1:54225]
16:04:26.898 [AsyncHttpClient-1-9] DEBUG org.asynchttpclient.netty.channel.NettyConnectListener - Using new Channel '[id: 0x54f53828, L:/127.0.0.1:50126 - R:localhost/127.0.0.1:50121]' for 'GET' to '/json/version'
16:04:26.907 [AsyncHttpClient-1-9] DEBUG org.asynchttpclient.netty.handler.HttpHandler - 

Request DefaultFullHttpRequest(decodeResult: success, version: HTTP/1.1, content: EmptyByteBufBE)
GET /json/version HTTP/1.1
User-Agent: selenium/4.1.2 (java windows)
host: localhost:50121
accept: */*

Response DefaultHttpResponse(decodeResult: success, version: HTTP/1.1)
HTTP/1.1 200 OK
Content-Type: application/json; charset=UTF-8
content-length: 427

16:04:26.907 [AsyncHttpClient-1-9] DEBUG org.asynchttpclient.netty.channel.ChannelManager - Adding key: http://localhost:50121 for channel [id: 0x54f53828, L:/127.0.0.1:50126 - R:localhost/127.0.0.1:50121]
16:04:26.911 [AsyncHttpClient-1-2] DEBUG org.asynchttpclient.netty.channel.NettyConnectListener - Using new Channel '[id: 0x73c35594, L:/127.0.0.1:50127 - R:localhost/127.0.0.1:50121]' for 'GET' to '/devtools/browser/4e97b90e-cfcd-4c36-b142-69a545a5c164'
16:04:26.913 [AsyncHttpClient-1-2] DEBUG org.asynchttpclient.netty.handler.WebSocketHandler - 

Request DefaultFullHttpRequest(decodeResult: success, version: HTTP/1.1, content: EmptyByteBufBE)
GET /devtools/browser/4e97b90e-cfcd-4c36-b142-69a545a5c164 HTTP/1.1
upgrade: websocket
connection: upgrade
sec-websocket-key: ARNu2FX03bXe528/vqM3Lg==
sec-websocket-version: 13
origin: http://localhost:50121
host: localhost:50121
accept: */*
user-agent: AHC/2.1

Response DefaultHttpResponse(decodeResult: success, version: HTTP/1.1)
HTTP/1.1 101 WebSocket Protocol Handshake
Upgrade: WebSocket
Connection: Upgrade
Sec-WebSocket-Accept: eXqbCLcs77hjZ78In0UBEK/uqNg=

16:04:26.922 [Forwarding maximizeCurrentWindow on session 0de6196e18086c1262a8673c1257bec2 to remote] DEBUG org.asynchttpclient.netty.request.NettyRequestSender - Using pooled Channel '[id: 0x9377cc30, L:/127.0.0.1:50120 - R:localhost/127.0.0.1:54225]' for 'POST' to 'http://localhost:54225/session/0de6196e18086c1262a8673c1257bec2/window/maximize'
16:04:26.922 [Forwarding maximizeCurrentWindow on session 0de6196e18086c1262a8673c1257bec2 to remote] DEBUG org.asynchttpclient.netty.request.NettyRequestSender - Using open Channel [id: 0x9377cc30, L:/127.0.0.1:50120 - R:localhost/127.0.0.1:54225] for POST '/session/0de6196e18086c1262a8673c1257bec2/window/maximize'
16:04:27.038 [AsyncHttpClient-1-8] DEBUG org.asynchttpclient.netty.handler.HttpHandler - 

Request DefaultHttpRequest(decodeResult: success, version: HTTP/1.1)
POST /session/0de6196e18086c1262a8673c1257bec2/window/maximize HTTP/1.1
User-Agent: selenium/4.1.2 (java windows)
Content-Length: 3
Content-Type: application/json; charset=utf-8
host: localhost:54225
accept: */*

Response DefaultHttpResponse(decodeResult: success, version: HTTP/1.1)
HTTP/1.1 200 OK
Content-Type: application/json; charset=utf-8
cache-control: no-cache
content-length: 51

16:04:27.038 [AsyncHttpClient-1-8] DEBUG org.asynchttpclient.netty.channel.ChannelManager - Adding key: http://localhost:54225 for channel [id: 0x9377cc30, L:/127.0.0.1:50120 - R:localhost/127.0.0.1:54225]
16:04:27.041 [Forwarding get on session 0de6196e18086c1262a8673c1257bec2 to remote] DEBUG org.asynchttpclient.netty.request.NettyRequestSender - Using pooled Channel '[id: 0x9377cc30, L:/127.0.0.1:50120 - R:localhost/127.0.0.1:54225]' for 'POST' to 'http://localhost:54225/session/0de6196e18086c1262a8673c1257bec2/url'
16:04:27.041 [Forwarding get on session 0de6196e18086c1262a8673c1257bec2 to remote] DEBUG org.asynchttpclient.netty.request.NettyRequestSender - Using open Channel [id: 0x9377cc30, L:/127.0.0.1:50120 - R:localhost/127.0.0.1:54225] for POST '/session/0de6196e18086c1262a8673c1257bec2/url'
16:04:27.472 [AsyncHttpClient-1-1] DEBUG org.asynchttpclient.netty.channel.DefaultChannelPool - Entry count for : http://localhost:50121 : 1
16:04:28.573 [AsyncHttpClient-1-1] DEBUG org.asynchttpclient.netty.channel.DefaultChannelPool - Entry count for : http://localhost:50121 : 1
16:04:29.675 [AsyncHttpClient-1-1] DEBUG org.asynchttpclient.netty.channel.DefaultChannelPool - Entry count for : http://localhost:50121 : 1
16:04:29.969 [AsyncHttpClient-1-8] DEBUG org.asynchttpclient.netty.handler.HttpHandler - 

Request DefaultHttpRequest(decodeResult: success, version: HTTP/1.1)
POST /session/0de6196e18086c1262a8673c1257bec2/url HTTP/1.1
User-Agent: selenium/4.1.2 (java windows)
Content-Length: 61
Content-Type: application/json; charset=utf-8
host: localhost:54225
accept: */*

Response DefaultHttpResponse(decodeResult: success, version: HTTP/1.1)
HTTP/1.1 200 OK
Content-Type: application/json; charset=utf-8
cache-control: no-cache
content-length: 14

16:04:29.969 [AsyncHttpClient-1-8] DEBUG org.asynchttpclient.netty.channel.ChannelManager - Adding key: http://localhost:54225 for channel [id: 0x9377cc30, L:/127.0.0.1:50120 - R:localhost/127.0.0.1:54225]
16:04:29.971 [Forwarding setTimeout on session 0de6196e18086c1262a8673c1257bec2 to remote] DEBUG org.asynchttpclient.netty.request.NettyRequestSender - Using pooled Channel '[id: 0x9377cc30, L:/127.0.0.1:50120 - R:localhost/127.0.0.1:54225]' for 'POST' to 'http://localhost:54225/session/0de6196e18086c1262a8673c1257bec2/timeouts'
16:04:29.971 [Forwarding setTimeout on session 0de6196e18086c1262a8673c1257bec2 to remote] DEBUG org.asynchttpclient.netty.request.NettyRequestSender - Using open Channel [id: 0x9377cc30, L:/127.0.0.1:50120 - R:localhost/127.0.0.1:54225] for POST '/session/0de6196e18086c1262a8673c1257bec2/timeouts'
16:04:29.972 [AsyncHttpClient-1-8] DEBUG org.asynchttpclient.netty.handler.HttpHandler - 

Request DefaultHttpRequest(decodeResult: success, version: HTTP/1.1)
POST /session/0de6196e18086c1262a8673c1257bec2/timeouts HTTP/1.1
User-Agent: selenium/4.1.2 (java windows)
Content-Length: 22
Content-Type: application/json; charset=utf-8
host: localhost:54225
accept: */*

Response DefaultHttpResponse(decodeResult: success, version: HTTP/1.1)
HTTP/1.1 200 OK
Content-Type: application/json; charset=utf-8
cache-control: no-cache
content-length: 14

16:04:29.973 [AsyncHttpClient-1-8] DEBUG org.asynchttpclient.netty.channel.ChannelManager - Adding key: http://localhost:54225 for channel [id: 0x9377cc30, L:/127.0.0.1:50120 - R:localhost/127.0.0.1:54225]
16:04:29.979 [Forwarding getCurrentUrl on session 0de6196e18086c1262a8673c1257bec2 to remote] DEBUG org.asynchttpclient.netty.request.NettyRequestSender - Using pooled Channel '[id: 0x9377cc30, L:/127.0.0.1:50120 - R:localhost/127.0.0.1:54225]' for 'GET' to 'http://localhost:54225/session/0de6196e18086c1262a8673c1257bec2/url'
16:04:29.979 [Forwarding getCurrentUrl on session 0de6196e18086c1262a8673c1257bec2 to remote] DEBUG org.asynchttpclient.netty.request.NettyRequestSender - Using open Channel [id: 0x9377cc30, L:/127.0.0.1:50120 - R:localhost/127.0.0.1:54225] for GET '/session/0de6196e18086c1262a8673c1257bec2/url'
16:04:29.987 [AsyncHttpClient-1-8] DEBUG org.asynchttpclient.netty.handler.HttpHandler - 

Request DefaultFullHttpRequest(decodeResult: success, version: HTTP/1.1, content: EmptyByteBufBE)
GET /session/0de6196e18086c1262a8673c1257bec2/url HTTP/1.1
User-Agent: selenium/4.1.2 (java windows)
Cache-Control: no-cache
Content-Type: application/json; charset=utf-8
host: localhost:54225
accept: */*

Response DefaultHttpResponse(decodeResult: success, version: HTTP/1.1)
HTTP/1.1 200 OK
Content-Type: application/json; charset=utf-8
cache-control: no-cache
content-length: 49

16:04:29.987 [AsyncHttpClient-1-8] DEBUG org.asynchttpclient.netty.channel.ChannelManager - Adding key: http://localhost:54225 for channel [id: 0x9377cc30, L:/127.0.0.1:50120 - R:localhost/127.0.0.1:54225]
16:04:29.991 [Forwarding getCurrentUrl on session 0de6196e18086c1262a8673c1257bec2 to remote] DEBUG org.asynchttpclient.netty.request.NettyRequestSender - Using pooled Channel '[id: 0x9377cc30, L:/127.0.0.1:50120 - R:localhost/127.0.0.1:54225]' for 'GET' to 'http://localhost:54225/session/0de6196e18086c1262a8673c1257bec2/url'
16:04:29.992 [Forwarding getCurrentUrl on session 0de6196e18086c1262a8673c1257bec2 to remote] DEBUG org.asynchttpclient.netty.request.NettyRequestSender - Using open Channel [id: 0x9377cc30, L:/127.0.0.1:50120 - R:localhost/127.0.0.1:54225] for GET '/session/0de6196e18086c1262a8673c1257bec2/url'
16:04:29.996 [AsyncHttpClient-1-8] DEBUG org.asynchttpclient.netty.handler.HttpHandler - 

Request DefaultFullHttpRequest(decodeResult: success, version: HTTP/1.1, content: EmptyByteBufBE)
GET /session/0de6196e18086c1262a8673c1257bec2/url HTTP/1.1
User-Agent: selenium/4.1.2 (java windows)
Cache-Control: no-cache
Content-Type: application/json; charset=utf-8
host: localhost:54225
accept: */*

Response DefaultHttpResponse(decodeResult: success, version: HTTP/1.1)
HTTP/1.1 200 OK
Content-Type: application/json; charset=utf-8
cache-control: no-cache
content-length: 49

16:04:29.996 [AsyncHttpClient-1-8] DEBUG org.asynchttpclient.netty.channel.ChannelManager - Adding key: http://localhost:54225 for channel [id: 0x9377cc30, L:/127.0.0.1:50120 - R:localhost/127.0.0.1:54225]
16:04:30.003 [Forwarding screenshot on session 0de6196e18086c1262a8673c1257bec2 to remote] DEBUG org.asynchttpclient.netty.request.NettyRequestSender - Using pooled Channel '[id: 0x9377cc30, L:/127.0.0.1:50120 - R:localhost/127.0.0.1:54225]' for 'GET' to 'http://localhost:54225/session/0de6196e18086c1262a8673c1257bec2/screenshot'
16:04:30.003 [Forwarding screenshot on session 0de6196e18086c1262a8673c1257bec2 to remote] DEBUG org.asynchttpclient.netty.request.NettyRequestSender - Using open Channel [id: 0x9377cc30, L:/127.0.0.1:50120 - R:localhost/127.0.0.1:54225] for GET '/session/0de6196e18086c1262a8673c1257bec2/screenshot'
16:04:30.168 [AsyncHttpClient-1-8] DEBUG org.asynchttpclient.netty.handler.HttpHandler - 

Request DefaultFullHttpRequest(decodeResult: success, version: HTTP/1.1, content: EmptyByteBufBE)
GET /session/0de6196e18086c1262a8673c1257bec2/screenshot HTTP/1.1
User-Agent: selenium/4.1.2 (java windows)
Cache-Control: no-cache
Content-Type: application/json; charset=utf-8
host: localhost:54225
accept: */*

Response DefaultHttpResponse(decodeResult: success, version: HTTP/1.1)
HTTP/1.1 200 OK
Content-Type: application/json; charset=utf-8
cache-control: no-cache
content-length: 109120

16:04:30.169 [AsyncHttpClient-1-8] DEBUG org.asynchttpclient.netty.channel.ChannelManager - Adding key: http://localhost:54225 for channel [id: 0x9377cc30, L:/127.0.0.1:50120 - R:localhost/127.0.0.1:54225]
16:04:30.175 [main] DEBUG net.serenitybdd.core.photography.Darkroom - Send negative for processing for target\site\serenity\1f65c5d160a300e1148e7dc818aa6c85c31f1fdcd065e572f19874528512f53c.png
16:04:30.175 [main] DEBUG net.thucydides.core.steps.StepInterceptor - STEP DONE: openUrl
16:04:30.175 [Darkroom Processing Line] DEBUG net.serenitybdd.core.photography.DarkroomProcessingLine - Processing screenshot image in /var/screenshots/screenshot-17554038855622826708
16:04:30.175 [Darkroom Processing Line] DEBUG net.serenitybdd.core.photography.DarkroomProcessingLine - Saving screenshot to target\site\serenity\1f65c5d160a300e1148e7dc818aa6c85c31f1fdcd065e572f19874528512f53c.png
16:04:30.188 [main] DEBUG net.thucydides.core.steps.StepInterceptor - STARTING STEP: PatientSteps.iAmAtTheDashboardPage - validateOnDashboardPage
16:04:30.191 [Forwarding findElement on session 0de6196e18086c1262a8673c1257bec2 to remote] DEBUG org.asynchttpclient.netty.request.NettyRequestSender - Using pooled Channel '[id: 0x9377cc30, L:/127.0.0.1:50120 - R:localhost/127.0.0.1:54225]' for 'POST' to 'http://localhost:54225/session/0de6196e18086c1262a8673c1257bec2/element'
16:04:30.191 [Forwarding findElement on session 0de6196e18086c1262a8673c1257bec2 to remote] DEBUG org.asynchttpclient.netty.request.NettyRequestSender - Using open Channel [id: 0x9377cc30, L:/127.0.0.1:50120 - R:localhost/127.0.0.1:54225] for POST '/session/0de6196e18086c1262a8673c1257bec2/element'
16:04:30.209 [AsyncHttpClient-1-8] DEBUG org.asynchttpclient.netty.handler.HttpHandler - 

Request DefaultHttpRequest(decodeResult: success, version: HTTP/1.1)
POST /session/0de6196e18086c1262a8673c1257bec2/element HTTP/1.1
User-Agent: selenium/4.1.2 (java windows)
Content-Length: 105
Content-Type: application/json; charset=utf-8
host: localhost:54225
accept: */*

Response DefaultHttpResponse(decodeResult: success, version: HTTP/1.1)
HTTP/1.1 200 OK
Content-Type: application/json; charset=utf-8
cache-control: no-cache
content-length: 88

16:04:30.209 [AsyncHttpClient-1-8] DEBUG org.asynchttpclient.netty.channel.ChannelManager - Adding key: http://localhost:54225 for channel [id: 0x9377cc30, L:/127.0.0.1:50120 - R:localhost/127.0.0.1:54225]
16:04:30.214 [Forwarding isElementDisplayed on session 0de6196e18086c1262a8673c1257bec2 to remote] DEBUG org.asynchttpclient.netty.request.NettyRequestSender - Using pooled Channel '[id: 0x9377cc30, L:/127.0.0.1:50120 - R:localhost/127.0.0.1:54225]' for 'POST' to 'http://localhost:54225/session/0de6196e18086c1262a8673c1257bec2/execute/sync'
16:04:30.215 [Forwarding isElementDisplayed on session 0de6196e18086c1262a8673c1257bec2 to remote] DEBUG org.asynchttpclient.netty.request.NettyRequestSender - Using open Channel [id: 0x9377cc30, L:/127.0.0.1:50120 - R:localhost/127.0.0.1:54225] for POST '/session/0de6196e18086c1262a8673c1257bec2/execute/sync'
16:04:30.234 [AsyncHttpClient-1-8] DEBUG org.asynchttpclient.netty.handler.HttpHandler - 

Request DefaultHttpRequest(decodeResult: success, version: HTTP/1.1)
POST /session/0de6196e18086c1262a8673c1257bec2/execute/sync HTTP/1.1
User-Agent: selenium/4.1.2 (java windows)
Content-Length: 48780
Content-Type: application/json; charset=utf-8
host: localhost:54225
accept: */*

Response DefaultHttpResponse(decodeResult: success, version: HTTP/1.1)
HTTP/1.1 200 OK
Content-Type: application/json; charset=utf-8
cache-control: no-cache
content-length: 14

16:04:30.235 [AsyncHttpClient-1-8] DEBUG org.asynchttpclient.netty.channel.ChannelManager - Adding key: http://localhost:54225 for channel [id: 0x9377cc30, L:/127.0.0.1:50120 - R:localhost/127.0.0.1:54225]
16:04:30.240 [Forwarding screenshot on session 0de6196e18086c1262a8673c1257bec2 to remote] DEBUG org.asynchttpclient.netty.request.NettyRequestSender - Using pooled Channel '[id: 0x9377cc30, L:/127.0.0.1:50120 - R:localhost/127.0.0.1:54225]' for 'GET' to 'http://localhost:54225/session/0de6196e18086c1262a8673c1257bec2/screenshot'
16:04:30.240 [Forwarding screenshot on session 0de6196e18086c1262a8673c1257bec2 to remote] DEBUG org.asynchttpclient.netty.request.NettyRequestSender - Using open Channel [id: 0x9377cc30, L:/127.0.0.1:50120 - R:localhost/127.0.0.1:54225] for GET '/session/0de6196e18086c1262a8673c1257bec2/screenshot'
16:04:30.449 [AsyncHttpClient-1-8] DEBUG org.asynchttpclient.netty.handler.HttpHandler - 

Request DefaultFullHttpRequest(decodeResult: success, version: HTTP/1.1, content: EmptyByteBufBE)
GET /session/0de6196e18086c1262a8673c1257bec2/screenshot HTTP/1.1
User-Agent: selenium/4.1.2 (java windows)
Cache-Control: no-cache
Content-Type: application/json; charset=utf-8
host: localhost:54225
accept: */*

Response DefaultHttpResponse(decodeResult: success, version: HTTP/1.1)
HTTP/1.1 200 OK
Content-Type: application/json; charset=utf-8
cache-control: no-cache
content-length: 240028

16:04:30.452 [AsyncHttpClient-1-8] DEBUG org.asynchttpclient.netty.channel.ChannelManager - Adding key: http://localhost:54225 for channel [id: 0x9377cc30, L:/127.0.0.1:50120 - R:localhost/127.0.0.1:54225]
16:04:30.468 [main] DEBUG net.serenitybdd.core.photography.Darkroom - Send negative for processing for target\site\serenity\0cc4d4ca289d3d989a87f6fe56341223b27a54f06ba50774bffc7c049f7b986c.png
16:04:30.468 [main] DEBUG net.thucydides.core.steps.StepInterceptor - STEP DONE: validateOnDashboardPage
  &amp#27;[32mGiven &amp#27;[0m&amp#27;[32mI am at the dashboard page&amp#27;[0m          &amp#27;[90m# starter.stepdefinitions.PatientSteps.iAmAtTheDashboardPage()&amp#27;[0m
16:04:30.468 [Darkroom Processing Line] DEBUG net.serenitybdd.core.photography.DarkroomProcessingLine - Processing screenshot image in /var/screenshots/screenshot-13480238193250179448
16:04:30.468 [Darkroom Processing Line] DEBUG net.serenitybdd.core.photography.DarkroomProcessingLine - Saving screenshot to target\site\serenity\0cc4d4ca289d3d989a87f6fe56341223b27a54f06ba50774bffc7c049f7b986c.png
16:04:30.491 [main] DEBUG net.thucydides.core.steps.StepInterceptor - STARTING STEP: PatientSteps.iClickMenuPatient - clickMenuPatientButton
16:04:30.496 [Forwarding findElement on session 0de6196e18086c1262a8673c1257bec2 to remote] DEBUG org.asynchttpclient.netty.request.NettyRequestSender - Using pooled Channel '[id: 0x9377cc30, L:/127.0.0.1:50120 - R:localhost/127.0.0.1:54225]' for 'POST' to 'http://localhost:54225/session/0de6196e18086c1262a8673c1257bec2/element'
16:04:30.497 [Forwarding findElement on session 0de6196e18086c1262a8673c1257bec2 to remote] DEBUG org.asynchttpclient.netty.request.NettyRequestSender - Using open Channel [id: 0x9377cc30, L:/127.0.0.1:50120 - R:localhost/127.0.0.1:54225] for POST '/session/0de6196e18086c1262a8673c1257bec2/element'
16:04:30.512 [AsyncHttpClient-1-8] DEBUG org.asynchttpclient.netty.handler.HttpHandler - 

Request DefaultHttpRequest(decodeResult: success, version: HTTP/1.1)
POST /session/0de6196e18086c1262a8673c1257bec2/element HTTP/1.1
User-Agent: selenium/4.1.2 (java windows)
Content-Length: 134
Content-Type: application/json; charset=utf-8
host: localhost:54225
accept: */*

Response DefaultHttpResponse(decodeResult: success, version: HTTP/1.1)
HTTP/1.1 200 OK
Content-Type: application/json; charset=utf-8
cache-control: no-cache
content-length: 88

16:04:30.512 [AsyncHttpClient-1-8] DEBUG org.asynchttpclient.netty.channel.ChannelManager - Adding key: http://localhost:54225 for channel [id: 0x9377cc30, L:/127.0.0.1:50120 - R:localhost/127.0.0.1:54225]
16:04:30.514 [Forwarding getElementTagName on session 0de6196e18086c1262a8673c1257bec2 to remote] DEBUG org.asynchttpclient.netty.request.NettyRequestSender - Using pooled Channel '[id: 0x9377cc30, L:/127.0.0.1:50120 - R:localhost/127.0.0.1:54225]' for 'GET' to 'http://localhost:54225/session/0de6196e18086c1262a8673c1257bec2/element/a81fc62d-1371-49c0-aa83-3ba10ff9f62f/name'
16:04:30.515 [Forwarding getElementTagName on session 0de6196e18086c1262a8673c1257bec2 to remote] DEBUG org.asynchttpclient.netty.request.NettyRequestSender - Using open Channel [id: 0x9377cc30, L:/127.0.0.1:50120 - R:localhost/127.0.0.1:54225] for GET '/session/0de6196e18086c1262a8673c1257bec2/element/a81fc62d-1371-49c0-aa83-3ba10ff9f62f/name'
16:04:30.520 [AsyncHttpClient-1-8] DEBUG org.asynchttpclient.netty.handler.HttpHandler - 

Request DefaultFullHttpRequest(decodeResult: success, version: HTTP/1.1, content: EmptyByteBufBE)
GET /session/0de6196e18086c1262a8673c1257bec2/element/a81fc62d-1371-49c0-aa83-3ba10ff9f62f/name HTTP/1.1
User-Agent: selenium/4.1.2 (java windows)
Cache-Control: no-cache
Content-Type: application/json; charset=utf-8
host: localhost:54225
accept: */*

Response DefaultHttpResponse(decodeResult: success, version: HTTP/1.1)
HTTP/1.1 200 OK
Content-Type: application/json; charset=utf-8
cache-control: no-cache
content-length: 15

16:04:30.520 [AsyncHttpClient-1-8] DEBUG org.asynchttpclient.netty.channel.ChannelManager - Adding key: http://localhost:54225 for channel [id: 0x9377cc30, L:/127.0.0.1:50120 - R:localhost/127.0.0.1:54225]
16:04:30.523 [Forwarding getElementTagName on session 0de6196e18086c1262a8673c1257bec2 to remote] DEBUG org.asynchttpclient.netty.request.NettyRequestSender - Using pooled Channel '[id: 0x9377cc30, L:/127.0.0.1:50120 - R:localhost/127.0.0.1:54225]' for 'GET' to 'http://localhost:54225/session/0de6196e18086c1262a8673c1257bec2/element/a81fc62d-1371-49c0-aa83-3ba10ff9f62f/name'
16:04:30.523 [Forwarding getElementTagName on session 0de6196e18086c1262a8673c1257bec2 to remote] DEBUG org.asynchttpclient.netty.request.NettyRequestSender - Using open Channel [id: 0x9377cc30, L:/127.0.0.1:50120 - R:localhost/127.0.0.1:54225] for GET '/session/0de6196e18086c1262a8673c1257bec2/element/a81fc62d-1371-49c0-aa83-3ba10ff9f62f/name'
16:04:30.527 [AsyncHttpClient-1-8] DEBUG org.asynchttpclient.netty.handler.HttpHandler - 

Request DefaultFullHttpRequest(decodeResult: success, version: HTTP/1.1, content: EmptyByteBufBE)
GET /session/0de6196e18086c1262a8673c1257bec2/element/a81fc62d-1371-49c0-aa83-3ba10ff9f62f/name HTTP/1.1
User-Agent: selenium/4.1.2 (java windows)
Cache-Control: no-cache
Content-Type: application/json; charset=utf-8
host: localhost:54225
accept: */*

Response DefaultHttpResponse(decodeResult: success, version: HTTP/1.1)
HTTP/1.1 200 OK
Content-Type: application/json; charset=utf-8
cache-control: no-cache
content-length: 15

16:04:30.527 [AsyncHttpClient-1-8] DEBUG org.asynchttpclient.netty.channel.ChannelManager - Adding key: http://localhost:54225 for channel [id: 0x9377cc30, L:/127.0.0.1:50120 - R:localhost/127.0.0.1:54225]
16:04:30.530 [Forwarding findElement on session 0de6196e18086c1262a8673c1257bec2 to remote] DEBUG org.asynchttpclient.netty.request.NettyRequestSender - Using pooled Channel '[id: 0x9377cc30, L:/127.0.0.1:50120 - R:localhost/127.0.0.1:54225]' for 'POST' to 'http://localhost:54225/session/0de6196e18086c1262a8673c1257bec2/element'
16:04:30.530 [Forwarding findElement on session 0de6196e18086c1262a8673c1257bec2 to remote] DEBUG org.asynchttpclient.netty.request.NettyRequestSender - Using open Channel [id: 0x9377cc30, L:/127.0.0.1:50120 - R:localhost/127.0.0.1:54225] for POST '/session/0de6196e18086c1262a8673c1257bec2/element'
16:04:30.540 [AsyncHttpClient-1-8] DEBUG org.asynchttpclient.netty.handler.HttpHandler - 

Request DefaultHttpRequest(decodeResult: success, version: HTTP/1.1)
POST /session/0de6196e18086c1262a8673c1257bec2/element HTTP/1.1
User-Agent: selenium/4.1.2 (java windows)
Content-Length: 134
Content-Type: application/json; charset=utf-8
host: localhost:54225
accept: */*

Response DefaultHttpResponse(decodeResult: success, version: HTTP/1.1)
HTTP/1.1 200 OK
Content-Type: application/json; charset=utf-8
cache-control: no-cache
content-length: 88

16:04:30.540 [AsyncHttpClient-1-8] DEBUG org.asynchttpclient.netty.channel.ChannelManager - Adding key: http://localhost:54225 for channel [id: 0x9377cc30, L:/127.0.0.1:50120 - R:localhost/127.0.0.1:54225]
16:04:30.542 [Forwarding clickElement on session 0de6196e18086c1262a8673c1257bec2 to remote] DEBUG org.asynchttpclient.netty.request.NettyRequestSender - Using pooled Channel '[id: 0x9377cc30, L:/127.0.0.1:50120 - R:localhost/127.0.0.1:54225]' for 'POST' to 'http://localhost:54225/session/0de6196e18086c1262a8673c1257bec2/element/a81fc62d-1371-49c0-aa83-3ba10ff9f62f/click'
16:04:30.542 [Forwarding clickElement on session 0de6196e18086c1262a8673c1257bec2 to remote] DEBUG org.asynchttpclient.netty.request.NettyRequestSender - Using open Channel [id: 0x9377cc30, L:/127.0.0.1:50120 - R:localhost/127.0.0.1:54225] for POST '/session/0de6196e18086c1262a8673c1257bec2/element/a81fc62d-1371-49c0-aa83-3ba10ff9f62f/click'
16:04:30.773 [AsyncHttpClient-1-1] DEBUG org.asynchttpclient.netty.channel.DefaultChannelPool - Entry count for : http://localhost:50121 : 1
16:04:31.251 [AsyncHttpClient-1-8] DEBUG org.asynchttpclient.netty.handler.HttpHandler - 

Request DefaultHttpRequest(decodeResult: success, version: HTTP/1.1)
POST /session/0de6196e18086c1262a8673c1257bec2/element/a81fc62d-1371-49c0-aa83-3ba10ff9f62f/click HTTP/1.1
User-Agent: selenium/4.1.2 (java windows)
Content-Length: 50
Content-Type: application/json; charset=utf-8
host: localhost:54225
accept: */*

Response DefaultHttpResponse(decodeResult: success, version: HTTP/1.1)
HTTP/1.1 200 OK
Content-Type: application/json; charset=utf-8
cache-control: no-cache
content-length: 14

16:04:31.251 [AsyncHttpClient-1-8] DEBUG org.asynchttpclient.netty.channel.ChannelManager - Adding key: http://localhost:54225 for channel [id: 0x9377cc30, L:/127.0.0.1:50120 - R:localhost/127.0.0.1:54225]
16:04:31.264 [Forwarding screenshot on session 0de6196e18086c1262a8673c1257bec2 to remote] DEBUG org.asynchttpclient.netty.request.NettyRequestSender - Using pooled Channel '[id: 0x9377cc30, L:/127.0.0.1:50120 - R:localhost/127.0.0.1:54225]' for 'GET' to 'http://localhost:54225/session/0de6196e18086c1262a8673c1257bec2/screenshot'
16:04:31.264 [Forwarding screenshot on session 0de6196e18086c1262a8673c1257bec2 to remote] DEBUG org.asynchttpclient.netty.request.NettyRequestSender - Using open Channel [id: 0x9377cc30, L:/127.0.0.1:50120 - R:localhost/127.0.0.1:54225] for GET '/session/0de6196e18086c1262a8673c1257bec2/screenshot'
16:04:31.449 [AsyncHttpClient-1-8] DEBUG org.asynchttpclient.netty.handler.HttpHandler - 

Request DefaultFullHttpRequest(decodeResult: success, version: HTTP/1.1, content: EmptyByteBufBE)
GET /session/0de6196e18086c1262a8673c1257bec2/screenshot HTTP/1.1
User-Agent: selenium/4.1.2 (java windows)
Cache-Control: no-cache
Content-Type: application/json; charset=utf-8
host: localhost:54225
accept: */*

Response DefaultHttpResponse(decodeResult: success, version: HTTP/1.1)
HTTP/1.1 200 OK
Content-Type: application/json; charset=utf-8
cache-control: no-cache
content-length: 37184

16:04:31.450 [AsyncHttpClient-1-8] DEBUG org.asynchttpclient.netty.channel.ChannelManager - Adding key: http://localhost:54225 for channel [id: 0x9377cc30, L:/127.0.0.1:50120 - R:localhost/127.0.0.1:54225]
16:04:31.453 [main] DEBUG net.serenitybdd.core.photography.Darkroom - Send negative for processing for target\site\serenity\4354f57489d082c5967af0c15ba04b2b1983814dd76f103a13194bc08eb64a40.png
16:04:31.453 [main] DEBUG net.thucydides.core.steps.StepInterceptor - STEP DONE: clickMenuPatientButton
  &amp#27;[32mAnd &amp#27;[0m&amp#27;[32mI click menu patient&amp#27;[0m                  &amp#27;[90m# starter.stepdefinitions.PatientSteps.iClickMenuPatient()&amp#27;[0m
16:04:31.453 [Darkroom Processing Line] DEBUG net.serenitybdd.core.photography.DarkroomProcessingLine - Processing screenshot image in /var/screenshots/screenshot-10238394995937440908
16:04:31.454 [Darkroom Processing Line] DEBUG net.serenitybdd.core.photography.DarkroomProcessingLine - Saving screenshot to target\site\serenity\4354f57489d082c5967af0c15ba04b2b1983814dd76f103a13194bc08eb64a40.png
16:04:31.474 [main] DEBUG net.thucydides.core.steps.StepInterceptor - STARTING STEP: PatientSteps.iClickEditPatientButton - clickEditPatientButton
16:04:31.480 [Forwarding findElement on session 0de6196e18086c1262a8673c1257bec2 to remote] DEBUG org.asynchttpclient.netty.request.NettyRequestSender - Using pooled Channel '[id: 0x9377cc30, L:/127.0.0.1:50120 - R:localhost/127.0.0.1:54225]' for 'POST' to 'http://localhost:54225/session/0de6196e18086c1262a8673c1257bec2/element'
16:04:31.480 [Forwarding findElement on session 0de6196e18086c1262a8673c1257bec2 to remote] DEBUG org.asynchttpclient.netty.request.NettyRequestSender - Using open Channel [id: 0x9377cc30, L:/127.0.0.1:50120 - R:localhost/127.0.0.1:54225] for POST '/session/0de6196e18086c1262a8673c1257bec2/element'
16:04:31.873 [AsyncHttpClient-1-1] DEBUG org.asynchttpclient.netty.channel.DefaultChannelPool - Entry count for : http://localhost:50121 : 1
16:04:32.974 [AsyncHttpClient-1-1] DEBUG org.asynchttpclient.netty.channel.DefaultChannelPool - Entry count for : http://localhost:50121 : 1
16:04:33.495 [AsyncHttpClient-1-8] DEBUG org.asynchttpclient.netty.handler.HttpHandler - 

Request DefaultHttpRequest(decodeResult: success, version: HTTP/1.1)
POST /session/0de6196e18086c1262a8673c1257bec2/element HTTP/1.1
User-Agent: selenium/4.1.2 (java windows)
Content-Length: 177
Content-Type: application/json; charset=utf-8
host: localhost:54225
accept: */*

Response DefaultHttpResponse(decodeResult: success, version: HTTP/1.1)
HTTP/1.1 404 Not Found
Content-Type: application/json; charset=utf-8
cache-control: no-cache
content-length: 1074

16:04:33.496 [AsyncHttpClient-1-8] DEBUG org.asynchttpclient.netty.channel.ChannelManager - Adding key: http://localhost:54225 for channel [id: 0x9377cc30, L:/127.0.0.1:50120 - R:localhost/127.0.0.1:54225]
16:04:33.604 [Forwarding findElement on session 0de6196e18086c1262a8673c1257bec2 to remote] DEBUG org.asynchttpclient.netty.request.NettyRequestSender - Using pooled Channel '[id: 0x9377cc30, L:/127.0.0.1:50120 - R:localhost/127.0.0.1:54225]' for 'POST' to 'http://localhost:54225/session/0de6196e18086c1262a8673c1257bec2/element'
16:04:33.604 [Forwarding findElement on session 0de6196e18086c1262a8673c1257bec2 to remote] DEBUG org.asynchttpclient.netty.request.NettyRequestSender - Using open Channel [id: 0x9377cc30, L:/127.0.0.1:50120 - R:localhost/127.0.0.1:54225] for POST '/session/0de6196e18086c1262a8673c1257bec2/element'
16:04:34.065 [AsyncHttpClient-1-8] DEBUG org.asynchttpclient.netty.handler.HttpHandler - 

Request DefaultHttpRequest(decodeResult: success, version: HTTP/1.1)
POST /session/0de6196e18086c1262a8673c1257bec2/element HTTP/1.1
User-Agent: selenium/4.1.2 (java windows)
Content-Length: 177
Content-Type: application/json; charset=utf-8
host: localhost:54225
accept: */*

Response DefaultHttpResponse(decodeResult: success, version: HTTP/1.1)
HTTP/1.1 200 OK
Content-Type: application/json; charset=utf-8
cache-control: no-cache
content-length: 88

16:04:34.065 [AsyncHttpClient-1-8] DEBUG org.asynchttpclient.netty.channel.ChannelManager - Adding key: http://localhost:54225 for channel [id: 0x9377cc30, L:/127.0.0.1:50120 - R:localhost/127.0.0.1:54225]
16:04:34.067 [Forwarding getElementTagName on session 0de6196e18086c1262a8673c1257bec2 to remote] DEBUG org.asynchttpclient.netty.request.NettyRequestSender - Using pooled Channel '[id: 0x9377cc30, L:/127.0.0.1:50120 - R:localhost/127.0.0.1:54225]' for 'GET' to 'http://localhost:54225/session/0de6196e18086c1262a8673c1257bec2/element/448270d4-1ab5-4cc4-8c78-bb8f3991f027/name'
16:04:34.067 [Forwarding getElementTagName on session 0de6196e18086c1262a8673c1257bec2 to remote] DEBUG org.asynchttpclient.netty.request.NettyRequestSender - Using open Channel [id: 0x9377cc30, L:/127.0.0.1:50120 - R:localhost/127.0.0.1:54225] for GET '/session/0de6196e18086c1262a8673c1257bec2/element/448270d4-1ab5-4cc4-8c78-bb8f3991f027/name'
16:04:34.074 [AsyncHttpClient-1-1] DEBUG org.asynchttpclient.netty.channel.DefaultChannelPool - Entry count for : http://localhost:50121 : 1
16:04:34.088 [AsyncHttpClient-1-8] DEBUG org.asynchttpclient.netty.handler.HttpHandler - 

Request DefaultFullHttpRequest(decodeResult: success, version: HTTP/1.1, content: EmptyByteBufBE)
GET /session/0de6196e18086c1262a8673c1257bec2/element/448270d4-1ab5-4cc4-8c78-bb8f3991f027/name HTTP/1.1
User-Agent: selenium/4.1.2 (java windows)
Cache-Control: no-cache
Content-Type: application/json; charset=utf-8
host: localhost:54225
accept: */*

Response DefaultHttpResponse(decodeResult: success, version: HTTP/1.1)
HTTP/1.1 200 OK
Content-Type: application/json; charset=utf-8
cache-control: no-cache
content-length: 18

16:04:34.089 [AsyncHttpClient-1-8] DEBUG org.asynchttpclient.netty.channel.ChannelManager - Adding key: http://localhost:54225 for channel [id: 0x9377cc30, L:/127.0.0.1:50120 - R:localhost/127.0.0.1:54225]
16:04:34.090 [Forwarding getElementTagName on session 0de6196e18086c1262a8673c1257bec2 to remote] DEBUG org.asynchttpclient.netty.request.NettyRequestSender - Using pooled Channel '[id: 0x9377cc30, L:/127.0.0.1:50120 - R:localhost/127.0.0.1:54225]' for 'GET' to 'http://localhost:54225/session/0de6196e18086c1262a8673c1257bec2/element/448270d4-1ab5-4cc4-8c78-bb8f3991f027/name'
16:04:34.090 [Forwarding getElementTagName on session 0de6196e18086c1262a8673c1257bec2 to remote] DEBUG org.asynchttpclient.netty.request.NettyRequestSender - Using open Channel [id: 0x9377cc30, L:/127.0.0.1:50120 - R:localhost/127.0.0.1:54225] for GET '/session/0de6196e18086c1262a8673c1257bec2/element/448270d4-1ab5-4cc4-8c78-bb8f3991f027/name'
16:04:34.096 [AsyncHttpClient-1-8] DEBUG org.asynchttpclient.netty.handler.HttpHandler - 

Request DefaultFullHttpRequest(decodeResult: success, version: HTTP/1.1, content: EmptyByteBufBE)
GET /session/0de6196e18086c1262a8673c1257bec2/element/448270d4-1ab5-4cc4-8c78-bb8f3991f027/name HTTP/1.1
User-Agent: selenium/4.1.2 (java windows)
Cache-Control: no-cache
Content-Type: application/json; charset=utf-8
host: localhost:54225
accept: */*

Response DefaultHttpResponse(decodeResult: success, version: HTTP/1.1)
HTTP/1.1 200 OK
Content-Type: application/json; charset=utf-8
cache-control: no-cache
content-length: 18

16:04:34.096 [AsyncHttpClient-1-8] DEBUG org.asynchttpclient.netty.channel.ChannelManager - Adding key: http://localhost:54225 for channel [id: 0x9377cc30, L:/127.0.0.1:50120 - R:localhost/127.0.0.1:54225]
16:04:34.099 [Forwarding isElementEnabled on session 0de6196e18086c1262a8673c1257bec2 to remote] DEBUG org.asynchttpclient.netty.request.NettyRequestSender - Using pooled Channel '[id: 0x9377cc30, L:/127.0.0.1:50120 - R:localhost/127.0.0.1:54225]' for 'GET' to 'http://localhost:54225/session/0de6196e18086c1262a8673c1257bec2/element/448270d4-1ab5-4cc4-8c78-bb8f3991f027/enabled'
16:04:34.099 [Forwarding isElementEnabled on session 0de6196e18086c1262a8673c1257bec2 to remote] DEBUG org.asynchttpclient.netty.request.NettyRequestSender - Using open Channel [id: 0x9377cc30, L:/127.0.0.1:50120 - R:localhost/127.0.0.1:54225] for GET '/session/0de6196e18086c1262a8673c1257bec2/element/448270d4-1ab5-4cc4-8c78-bb8f3991f027/enabled'
16:04:34.111 [AsyncHttpClient-1-8] DEBUG org.asynchttpclient.netty.handler.HttpHandler - 

Request DefaultFullHttpRequest(decodeResult: success, version: HTTP/1.1, content: EmptyByteBufBE)
GET /session/0de6196e18086c1262a8673c1257bec2/element/448270d4-1ab5-4cc4-8c78-bb8f3991f027/enabled HTTP/1.1
User-Agent: selenium/4.1.2 (java windows)
Cache-Control: no-cache
Content-Type: application/json; charset=utf-8
host: localhost:54225
accept: */*

Response DefaultHttpResponse(decodeResult: success, version: HTTP/1.1)
HTTP/1.1 200 OK
Content-Type: application/json; charset=utf-8
cache-control: no-cache
content-length: 14

16:04:34.111 [AsyncHttpClient-1-8] DEBUG org.asynchttpclient.netty.channel.ChannelManager - Adding key: http://localhost:54225 for channel [id: 0x9377cc30, L:/127.0.0.1:50120 - R:localhost/127.0.0.1:54225]
16:04:34.112 [Forwarding isElementEnabled on session 0de6196e18086c1262a8673c1257bec2 to remote] DEBUG org.asynchttpclient.netty.request.NettyRequestSender - Using pooled Channel '[id: 0x9377cc30, L:/127.0.0.1:50120 - R:localhost/127.0.0.1:54225]' for 'GET' to 'http://localhost:54225/session/0de6196e18086c1262a8673c1257bec2/element/448270d4-1ab5-4cc4-8c78-bb8f3991f027/enabled'
16:04:34.112 [Forwarding isElementEnabled on session 0de6196e18086c1262a8673c1257bec2 to remote] DEBUG org.asynchttpclient.netty.request.NettyRequestSender - Using open Channel [id: 0x9377cc30, L:/127.0.0.1:50120 - R:localhost/127.0.0.1:54225] for GET '/session/0de6196e18086c1262a8673c1257bec2/element/448270d4-1ab5-4cc4-8c78-bb8f3991f027/enabled'
16:04:34.119 [AsyncHttpClient-1-8] DEBUG org.asynchttpclient.netty.handler.HttpHandler - 

Request DefaultFullHttpRequest(decodeResult: success, version: HTTP/1.1, content: EmptyByteBufBE)
GET /session/0de6196e18086c1262a8673c1257bec2/element/448270d4-1ab5-4cc4-8c78-bb8f3991f027/enabled HTTP/1.1
User-Agent: selenium/4.1.2 (java windows)
Cache-Control: no-cache
Content-Type: application/json; charset=utf-8
host: localhost:54225
accept: */*

Response DefaultHttpResponse(decodeResult: success, version: HTTP/1.1)
HTTP/1.1 200 OK
Content-Type: application/json; charset=utf-8
cache-control: no-cache
content-length: 14

16:04:34.119 [AsyncHttpClient-1-8] DEBUG org.asynchttpclient.netty.channel.ChannelManager - Adding key: http://localhost:54225 for channel [id: 0x9377cc30, L:/127.0.0.1:50120 - R:localhost/127.0.0.1:54225]
16:04:34.123 [Forwarding findElement on session 0de6196e18086c1262a8673c1257bec2 to remote] DEBUG org.asynchttpclient.netty.request.NettyRequestSender - Using pooled Channel '[id: 0x9377cc30, L:/127.0.0.1:50120 - R:localhost/127.0.0.1:54225]' for 'POST' to 'http://localhost:54225/session/0de6196e18086c1262a8673c1257bec2/element'
16:04:34.123 [Forwarding findElement on session 0de6196e18086c1262a8673c1257bec2 to remote] DEBUG org.asynchttpclient.netty.request.NettyRequestSender - Using open Channel [id: 0x9377cc30, L:/127.0.0.1:50120 - R:localhost/127.0.0.1:54225] for POST '/session/0de6196e18086c1262a8673c1257bec2/element'
16:04:34.132 [AsyncHttpClient-1-8] DEBUG org.asynchttpclient.netty.handler.HttpHandler - 

Request DefaultHttpRequest(decodeResult: success, version: HTTP/1.1)
POST /session/0de6196e18086c1262a8673c1257bec2/element HTTP/1.1
User-Agent: selenium/4.1.2 (java windows)
Content-Length: 177
Content-Type: application/json; charset=utf-8
host: localhost:54225
accept: */*

Response DefaultHttpResponse(decodeResult: success, version: HTTP/1.1)
HTTP/1.1 200 OK
Content-Type: application/json; charset=utf-8
cache-control: no-cache
content-length: 88

16:04:34.132 [AsyncHttpClient-1-8] DEBUG org.asynchttpclient.netty.channel.ChannelManager - Adding key: http://localhost:54225 for channel [id: 0x9377cc30, L:/127.0.0.1:50120 - R:localhost/127.0.0.1:54225]
16:04:34.134 [Forwarding clickElement on session 0de6196e18086c1262a8673c1257bec2 to remote] DEBUG org.asynchttpclient.netty.request.NettyRequestSender - Using pooled Channel '[id: 0x9377cc30, L:/127.0.0.1:50120 - R:localhost/127.0.0.1:54225]' for 'POST' to 'http://localhost:54225/session/0de6196e18086c1262a8673c1257bec2/element/448270d4-1ab5-4cc4-8c78-bb8f3991f027/click'
16:04:34.134 [Forwarding clickElement on session 0de6196e18086c1262a8673c1257bec2 to remote] DEBUG org.asynchttpclient.netty.request.NettyRequestSender - Using open Channel [id: 0x9377cc30, L:/127.0.0.1:50120 - R:localhost/127.0.0.1:54225] for POST '/session/0de6196e18086c1262a8673c1257bec2/element/448270d4-1ab5-4cc4-8c78-bb8f3991f027/click'
16:04:34.406 [AsyncHttpClient-1-8] DEBUG org.asynchttpclient.netty.handler.HttpHandler - 

Request DefaultHttpRequest(decodeResult: success, version: HTTP/1.1)
POST /session/0de6196e18086c1262a8673c1257bec2/element/448270d4-1ab5-4cc4-8c78-bb8f3991f027/click HTTP/1.1
User-Agent: selenium/4.1.2 (java windows)
Content-Length: 50
Content-Type: application/json; charset=utf-8
host: localhost:54225
accept: */*

Response DefaultHttpResponse(decodeResult: success, version: HTTP/1.1)
HTTP/1.1 200 OK
Content-Type: application/json; charset=utf-8
cache-control: no-cache
content-length: 14

16:04:34.406 [AsyncHttpClient-1-8] DEBUG org.asynchttpclient.netty.channel.ChannelManager - Adding key: http://localhost:54225 for channel [id: 0x9377cc30, L:/127.0.0.1:50120 - R:localhost/127.0.0.1:54225]
16:04:34.415 [Forwarding screenshot on session 0de6196e18086c1262a8673c1257bec2 to remote] DEBUG org.asynchttpclient.netty.request.NettyRequestSender - Using pooled Channel '[id: 0x9377cc30, L:/127.0.0.1:50120 - R:localhost/127.0.0.1:54225]' for 'GET' to 'http://localhost:54225/session/0de6196e18086c1262a8673c1257bec2/screenshot'
16:04:34.415 [Forwarding screenshot on session 0de6196e18086c1262a8673c1257bec2 to remote] DEBUG org.asynchttpclient.netty.request.NettyRequestSender - Using open Channel [id: 0x9377cc30, L:/127.0.0.1:50120 - R:localhost/127.0.0.1:54225] for GET '/session/0de6196e18086c1262a8673c1257bec2/screenshot'
16:04:34.591 [AsyncHttpClient-1-8] DEBUG org.asynchttpclient.netty.handler.HttpHandler - 

Request DefaultFullHttpRequest(decodeResult: success, version: HTTP/1.1, content: EmptyByteBufBE)
GET /session/0de6196e18086c1262a8673c1257bec2/screenshot HTTP/1.1
User-Agent: selenium/4.1.2 (java windows)
Cache-Control: no-cache
Content-Type: application/json; charset=utf-8
host: localhost:54225
accept: */*

Response DefaultHttpResponse(decodeResult: success, version: HTTP/1.1)
HTTP/1.1 200 OK
Content-Type: application/json; charset=utf-8
cache-control: no-cache
content-length: 107536

16:04:34.592 [AsyncHttpClient-1-8] DEBUG org.asynchttpclient.netty.channel.ChannelManager - Adding key: http://localhost:54225 for channel [id: 0x9377cc30, L:/127.0.0.1:50120 - R:localhost/127.0.0.1:54225]
16:04:34.598 [main] DEBUG net.serenitybdd.core.photography.Darkroom - Send negative for processing for target\site\serenity\8329afdfe537d9e4ffdb640de39bfaa19a789fe78d506ccb086cd39a35def817.png
16:04:34.599 [main] DEBUG net.thucydides.core.steps.StepInterceptor - STEP DONE: clickEditPatientButton
  &amp#27;[32mWhen &amp#27;[0m&amp#27;[32mI click Edit Patient button&amp#27;[0m          &amp#27;[90m# starter.stepdefinitions.PatientSteps.iClickEditPatientButton()&amp#27;[0m
16:04:34.599 [Darkroom Processing Line] DEBUG net.serenitybdd.core.photography.DarkroomProcessingLine - Processing screenshot image in /var/screenshots/screenshot-8593167834735676267
16:04:34.600 [Darkroom Processing Line] DEBUG net.serenitybdd.core.photography.DarkroomProcessingLine - Saving screenshot to target\site\serenity\8329afdfe537d9e4ffdb640de39bfaa19a789fe78d506ccb086cd39a35def817.png
16:04:34.624 [main] DEBUG net.thucydides.core.steps.StepInterceptor - STARTING STEP: PatientSteps.iClickXButton - clickXButton
16:04:34.628 [Forwarding findElement on session 0de6196e18086c1262a8673c1257bec2 to remote] DEBUG org.asynchttpclient.netty.request.NettyRequestSender - Using pooled Channel '[id: 0x9377cc30, L:/127.0.0.1:50120 - R:localhost/127.0.0.1:54225]' for 'POST' to 'http://localhost:54225/session/0de6196e18086c1262a8673c1257bec2/element'
16:04:34.629 [Forwarding findElement on session 0de6196e18086c1262a8673c1257bec2 to remote] DEBUG org.asynchttpclient.netty.request.NettyRequestSender - Using open Channel [id: 0x9377cc30, L:/127.0.0.1:50120 - R:localhost/127.0.0.1:54225] for POST '/session/0de6196e18086c1262a8673c1257bec2/element'
16:04:34.652 [AsyncHttpClient-1-8] DEBUG org.asynchttpclient.netty.handler.HttpHandler - 

Request DefaultHttpRequest(decodeResult: success, version: HTTP/1.1)
POST /session/0de6196e18086c1262a8673c1257bec2/element HTTP/1.1
User-Agent: selenium/4.1.2 (java windows)
Content-Length: 105
Content-Type: application/json; charset=utf-8
host: localhost:54225
accept: */*

Response DefaultHttpResponse(decodeResult: success, version: HTTP/1.1)
HTTP/1.1 200 OK
Content-Type: application/json; charset=utf-8
cache-control: no-cache
content-length: 88

16:04:34.652 [AsyncHttpClient-1-8] DEBUG org.asynchttpclient.netty.channel.ChannelManager - Adding key: http://localhost:54225 for channel [id: 0x9377cc30, L:/127.0.0.1:50120 - R:localhost/127.0.0.1:54225]
16:04:34.656 [Forwarding getElementTagName on session 0de6196e18086c1262a8673c1257bec2 to remote] DEBUG org.asynchttpclient.netty.request.NettyRequestSender - Using pooled Channel '[id: 0x9377cc30, L:/127.0.0.1:50120 - R:localhost/127.0.0.1:54225]' for 'GET' to 'http://localhost:54225/session/0de6196e18086c1262a8673c1257bec2/element/ee233fc9-7787-4db6-9b39-99d7065021e2/name'
16:04:34.656 [Forwarding getElementTagName on session 0de6196e18086c1262a8673c1257bec2 to remote] DEBUG org.asynchttpclient.netty.request.NettyRequestSender - Using open Channel [id: 0x9377cc30, L:/127.0.0.1:50120 - R:localhost/127.0.0.1:54225] for GET '/session/0de6196e18086c1262a8673c1257bec2/element/ee233fc9-7787-4db6-9b39-99d7065021e2/name'
16:04:34.663 [AsyncHttpClient-1-8] DEBUG org.asynchttpclient.netty.handler.HttpHandler - 

Request DefaultFullHttpRequest(decodeResult: success, version: HTTP/1.1, content: EmptyByteBufBE)
GET /session/0de6196e18086c1262a8673c1257bec2/element/ee233fc9-7787-4db6-9b39-99d7065021e2/name HTTP/1.1
User-Agent: selenium/4.1.2 (java windows)
Cache-Control: no-cache
Content-Type: application/json; charset=utf-8
host: localhost:54225
accept: */*

Response DefaultHttpResponse(decodeResult: success, version: HTTP/1.1)
HTTP/1.1 200 OK
Content-Type: application/json; charset=utf-8
cache-control: no-cache
content-length: 18

16:04:34.664 [AsyncHttpClient-1-8] DEBUG org.asynchttpclient.netty.channel.ChannelManager - Adding key: http://localhost:54225 for channel [id: 0x9377cc30, L:/127.0.0.1:50120 - R:localhost/127.0.0.1:54225]
16:04:34.666 [Forwarding getElementTagName on session 0de6196e18086c1262a8673c1257bec2 to remote] DEBUG org.asynchttpclient.netty.request.NettyRequestSender - Using pooled Channel '[id: 0x9377cc30, L:/127.0.0.1:50120 - R:localhost/127.0.0.1:54225]' for 'GET' to 'http://localhost:54225/session/0de6196e18086c1262a8673c1257bec2/element/ee233fc9-7787-4db6-9b39-99d7065021e2/name'
16:04:34.666 [Forwarding getElementTagName on session 0de6196e18086c1262a8673c1257bec2 to remote] DEBUG org.asynchttpclient.netty.request.NettyRequestSender - Using open Channel [id: 0x9377cc30, L:/127.0.0.1:50120 - R:localhost/127.0.0.1:54225] for GET '/session/0de6196e18086c1262a8673c1257bec2/element/ee233fc9-7787-4db6-9b39-99d7065021e2/name'
16:04:34.671 [AsyncHttpClient-1-8] DEBUG org.asynchttpclient.netty.handler.HttpHandler - 

Request DefaultFullHttpRequest(decodeResult: success, version: HTTP/1.1, content: EmptyByteBufBE)
GET /session/0de6196e18086c1262a8673c1257bec2/element/ee233fc9-7787-4db6-9b39-99d7065021e2/name HTTP/1.1
User-Agent: selenium/4.1.2 (java windows)
Cache-Control: no-cache
Content-Type: application/json; charset=utf-8
host: localhost:54225
accept: */*

Response DefaultHttpResponse(decodeResult: success, version: HTTP/1.1)
HTTP/1.1 200 OK
Content-Type: application/json; charset=utf-8
cache-control: no-cache
content-length: 18

16:04:34.671 [AsyncHttpClient-1-8] DEBUG org.asynchttpclient.netty.channel.ChannelManager - Adding key: http://localhost:54225 for channel [id: 0x9377cc30, L:/127.0.0.1:50120 - R:localhost/127.0.0.1:54225]
16:04:34.675 [Forwarding isElementEnabled on session 0de6196e18086c1262a8673c1257bec2 to remote] DEBUG org.asynchttpclient.netty.request.NettyRequestSender - Using pooled Channel '[id: 0x9377cc30, L:/127.0.0.1:50120 - R:localhost/127.0.0.1:54225]' for 'GET' to 'http://localhost:54225/session/0de6196e18086c1262a8673c1257bec2/element/ee233fc9-7787-4db6-9b39-99d7065021e2/enabled'
16:04:34.675 [Forwarding isElementEnabled on session 0de6196e18086c1262a8673c1257bec2 to remote] DEBUG org.asynchttpclient.netty.request.NettyRequestSender - Using open Channel [id: 0x9377cc30, L:/127.0.0.1:50120 - R:localhost/127.0.0.1:54225] for GET '/session/0de6196e18086c1262a8673c1257bec2/element/ee233fc9-7787-4db6-9b39-99d7065021e2/enabled'
16:04:34.701 [AsyncHttpClient-1-8] DEBUG org.asynchttpclient.netty.handler.HttpHandler - 

Request DefaultFullHttpRequest(decodeResult: success, version: HTTP/1.1, content: EmptyByteBufBE)
GET /session/0de6196e18086c1262a8673c1257bec2/element/ee233fc9-7787-4db6-9b39-99d7065021e2/enabled HTTP/1.1
User-Agent: selenium/4.1.2 (java windows)
Cache-Control: no-cache
Content-Type: application/json; charset=utf-8
host: localhost:54225
accept: */*

Response DefaultHttpResponse(decodeResult: success, version: HTTP/1.1)
HTTP/1.1 200 OK
Content-Type: application/json; charset=utf-8
cache-control: no-cache
content-length: 14

16:04:34.701 [AsyncHttpClient-1-8] DEBUG org.asynchttpclient.netty.channel.ChannelManager - Adding key: http://localhost:54225 for channel [id: 0x9377cc30, L:/127.0.0.1:50120 - R:localhost/127.0.0.1:54225]
16:04:34.704 [Forwarding isElementEnabled on session 0de6196e18086c1262a8673c1257bec2 to remote] DEBUG org.asynchttpclient.netty.request.NettyRequestSender - Using pooled Channel '[id: 0x9377cc30, L:/127.0.0.1:50120 - R:localhost/127.0.0.1:54225]' for 'GET' to 'http://localhost:54225/session/0de6196e18086c1262a8673c1257bec2/element/ee233fc9-7787-4db6-9b39-99d7065021e2/enabled'
16:04:34.704 [Forwarding isElementEnabled on session 0de6196e18086c1262a8673c1257bec2 to remote] DEBUG org.asynchttpclient.netty.request.NettyRequestSender - Using open Channel [id: 0x9377cc30, L:/127.0.0.1:50120 - R:localhost/127.0.0.1:54225] for GET '/session/0de6196e18086c1262a8673c1257bec2/element/ee233fc9-7787-4db6-9b39-99d7065021e2/enabled'
16:04:34.713 [AsyncHttpClient-1-8] DEBUG org.asynchttpclient.netty.handler.HttpHandler - 

Request DefaultFullHttpRequest(decodeResult: success, version: HTTP/1.1, content: EmptyByteBufBE)
GET /session/0de6196e18086c1262a8673c1257bec2/element/ee233fc9-7787-4db6-9b39-99d7065021e2/enabled HTTP/1.1
User-Agent: selenium/4.1.2 (java windows)
Cache-Control: no-cache
Content-Type: application/json; charset=utf-8
host: localhost:54225
accept: */*

Response DefaultHttpResponse(decodeResult: success, version: HTTP/1.1)
HTTP/1.1 200 OK
Content-Type: application/json; charset=utf-8
cache-control: no-cache
content-length: 14

16:04:34.713 [AsyncHttpClient-1-8] DEBUG org.asynchttpclient.netty.channel.ChannelManager - Adding key: http://localhost:54225 for channel [id: 0x9377cc30, L:/127.0.0.1:50120 - R:localhost/127.0.0.1:54225]
16:04:34.716 [Forwarding findElement on session 0de6196e18086c1262a8673c1257bec2 to remote] DEBUG org.asynchttpclient.netty.request.NettyRequestSender - Using pooled Channel '[id: 0x9377cc30, L:/127.0.0.1:50120 - R:localhost/127.0.0.1:54225]' for 'POST' to 'http://localhost:54225/session/0de6196e18086c1262a8673c1257bec2/element'
16:04:34.716 [Forwarding findElement on session 0de6196e18086c1262a8673c1257bec2 to remote] DEBUG org.asynchttpclient.netty.request.NettyRequestSender - Using open Channel [id: 0x9377cc30, L:/127.0.0.1:50120 - R:localhost/127.0.0.1:54225] for POST '/session/0de6196e18086c1262a8673c1257bec2/element'
16:04:34.727 [AsyncHttpClient-1-8] DEBUG org.asynchttpclient.netty.handler.HttpHandler - 

Request DefaultHttpRequest(decodeResult: success, version: HTTP/1.1)
POST /session/0de6196e18086c1262a8673c1257bec2/element HTTP/1.1
User-Agent: selenium/4.1.2 (java windows)
Content-Length: 105
Content-Type: application/json; charset=utf-8
host: localhost:54225
accept: */*

Response DefaultHttpResponse(decodeResult: success, version: HTTP/1.1)
HTTP/1.1 200 OK
Content-Type: application/json; charset=utf-8
cache-control: no-cache
content-length: 88

16:04:34.727 [AsyncHttpClient-1-8] DEBUG org.asynchttpclient.netty.channel.ChannelManager - Adding key: http://localhost:54225 for channel [id: 0x9377cc30, L:/127.0.0.1:50120 - R:localhost/127.0.0.1:54225]
16:04:34.729 [Forwarding clickElement on session 0de6196e18086c1262a8673c1257bec2 to remote] DEBUG org.asynchttpclient.netty.request.NettyRequestSender - Using pooled Channel '[id: 0x9377cc30, L:/127.0.0.1:50120 - R:localhost/127.0.0.1:54225]' for 'POST' to 'http://localhost:54225/session/0de6196e18086c1262a8673c1257bec2/element/ee233fc9-7787-4db6-9b39-99d7065021e2/click'
16:04:34.729 [Forwarding clickElement on session 0de6196e18086c1262a8673c1257bec2 to remote] DEBUG org.asynchttpclient.netty.request.NettyRequestSender - Using open Channel [id: 0x9377cc30, L:/127.0.0.1:50120 - R:localhost/127.0.0.1:54225] for POST '/session/0de6196e18086c1262a8673c1257bec2/element/ee233fc9-7787-4db6-9b39-99d7065021e2/click'
16:04:34.838 [AsyncHttpClient-1-8] DEBUG org.asynchttpclient.netty.handler.HttpHandler - 

Request DefaultHttpRequest(decodeResult: success, version: HTTP/1.1)
POST /session/0de6196e18086c1262a8673c1257bec2/element/ee233fc9-7787-4db6-9b39-99d7065021e2/click HTTP/1.1
User-Agent: selenium/4.1.2 (java windows)
Content-Length: 50
Content-Type: application/json; charset=utf-8
host: localhost:54225
accept: */*

Response DefaultHttpResponse(decodeResult: success, version: HTTP/1.1)
HTTP/1.1 200 OK
Content-Type: application/json; charset=utf-8
cache-control: no-cache
content-length: 14

16:04:34.838 [AsyncHttpClient-1-8] DEBUG org.asynchttpclient.netty.channel.ChannelManager - Adding key: http://localhost:54225 for channel [id: 0x9377cc30, L:/127.0.0.1:50120 - R:localhost/127.0.0.1:54225]
16:04:34.849 [Forwarding screenshot on session 0de6196e18086c1262a8673c1257bec2 to remote] DEBUG org.asynchttpclient.netty.request.NettyRequestSender - Using pooled Channel '[id: 0x9377cc30, L:/127.0.0.1:50120 - R:localhost/127.0.0.1:54225]' for 'GET' to 'http://localhost:54225/session/0de6196e18086c1262a8673c1257bec2/screenshot'
16:04:34.849 [Forwarding screenshot on session 0de6196e18086c1262a8673c1257bec2 to remote] DEBUG org.asynchttpclient.netty.request.NettyRequestSender - Using open Channel [id: 0x9377cc30, L:/127.0.0.1:50120 - R:localhost/127.0.0.1:54225] for GET '/session/0de6196e18086c1262a8673c1257bec2/screenshot'
16:04:34.958 [AsyncHttpClient-1-8] DEBUG org.asynchttpclient.netty.handler.HttpHandler - 

Request DefaultFullHttpRequest(decodeResult: success, version: HTTP/1.1, content: EmptyByteBufBE)
GET /session/0de6196e18086c1262a8673c1257bec2/screenshot HTTP/1.1
User-Agent: selenium/4.1.2 (java windows)
Cache-Control: no-cache
Content-Type: application/json; charset=utf-8
host: localhost:54225
accept: */*

Response DefaultHttpResponse(decodeResult: success, version: HTTP/1.1)
HTTP/1.1 200 OK
Content-Type: application/json; charset=utf-8
cache-control: no-cache
content-length: 81976

16:04:34.959 [AsyncHttpClient-1-8] DEBUG org.asynchttpclient.netty.channel.ChannelManager - Adding key: http://localhost:54225 for channel [id: 0x9377cc30, L:/127.0.0.1:50120 - R:localhost/127.0.0.1:54225]
16:04:34.964 [main] DEBUG net.serenitybdd.core.photography.Darkroom - Send negative for processing for target\site\serenity\d0b0213b714bfc8c71f66f30de1a6df1951b898303fdba13a245e3c43c51851d.png
16:04:34.964 [main] DEBUG net.thucydides.core.steps.StepInterceptor - STEP DONE: clickXButton
  &amp#27;[32mThen &amp#27;[0m&amp#27;[32mI click x button&amp#27;[0m                     &amp#27;[90m# starter.stepdefinitions.PatientSteps.iClickXButton()&amp#27;[0m
16:04:34.964 [Darkroom Processing Line] DEBUG net.serenitybdd.core.photography.DarkroomProcessingLine - Processing screenshot image in /var/screenshots/screenshot-7992735270265014928
16:04:34.964 [Darkroom Processing Line] DEBUG net.serenitybdd.core.photography.DarkroomProcessingLine - Saving screenshot to target\site\serenity\d0b0213b714bfc8c71f66f30de1a6df1951b898303fdba13a245e3c43c51851d.png
16:04:34.971 [main] INFO  - 
  _____   ___   ___   _____     ___     _     ___   ___   ___   ___  
 |_   _| | __| / __| |_   _|   | _ \   /_\   / __| / __| | __| |   \ 
   | |   | _|  \__ \   | |     |  _/  / _ \  \__ \ \__ \ | _|  | |) |
   |_|   |___| |___/   |_|     |_|   /_/ \_\ |___/ |___/ |___| |___/ 

Cancel Edit Patient Data scenario
----------------------------------------------------------------------
16:04:34.973 [AsyncHttpClient-1-2] DEBUG org.asynchttpclient.netty.handler.WebSocketHandler - Channel Closed: [id: 0x73c35594, L:/127.0.0.1:50127 ! R:localhost/127.0.0.1:50121] with attribute NettyResponseFuture{currentRetry=5,
	isDone=1,
	isCancelled=0,
	asyncHandler=org.asynchttpclient.ws.WebSocketUpgradeHandler@57865718,
	nettyRequest=org.asynchttpclient.netty.request.NettyRequest@30503954,
	future=java.util.concurrent.CompletableFuture@44685775[Completed normally],
	uri=ws://localhost:50121/devtools/browser/4e97b90e-cfcd-4c36-b142-69a545a5c164,
	keepAlive=true,
	redirectCount=0,
	timeoutsHolder=null,
	inAuth=0,
	touch=1655111066914}
16:04:34.973 [AsyncHttpClient-1-2] DEBUG org.asynchttpclient.netty.channel.ChannelManager - Closing Channel [id: 0x73c35594, L:/127.0.0.1:50127 ! R:localhost/127.0.0.1:50121] 
16:04:34.974 [Driver Command Executor] DEBUG org.asynchttpclient.netty.request.NettyRequestSender - Using pooled Channel '[id: 0x9377cc30, L:/127.0.0.1:50120 - R:localhost/127.0.0.1:54225]' for 'DELETE' to 'http://localhost:54225/session/0de6196e18086c1262a8673c1257bec2'
16:04:34.974 [Driver Command Executor] DEBUG org.asynchttpclient.netty.request.NettyRequestSender - Using open Channel [id: 0x9377cc30, L:/127.0.0.1:50120 - R:localhost/127.0.0.1:54225] for DELETE '/session/0de6196e18086c1262a8673c1257bec2'
16:04:34.990 [AsyncHttpClient-1-9] DEBUG org.asynchttpclient.netty.handler.HttpHandler - Unexpected I/O exception on channel [id: 0x54f53828, L:/127.0.0.1:50126 - R:localhost/127.0.0.1:50121]
java.net.SocketException: Connection reset
	at java.base/sun.nio.ch.SocketChannelImpl.throwConnectionReset(SocketChannelImpl.java:367)
	at java.base/sun.nio.ch.SocketChannelImpl.read(SocketChannelImpl.java:398)
	at io.netty.buffer.PooledByteBuf.setBytes(PooledByteBuf.java:258)
	at io.netty.buffer.AbstractByteBuf.writeBytes(AbstractByteBuf.java:1132)
	at io.netty.channel.socket.nio.NioSocketChannel.doReadBytes(NioSocketChannel.java:350)
	at io.netty.channel.nio.AbstractNioByteChannel$NioByteUnsafe.read(AbstractNioByteChannel.java:151)
	at io.netty.channel.nio.NioEventLoop.processSelectedKey(NioEventLoop.java:722)
	at io.netty.channel.nio.NioEventLoop.processSelectedKeysOptimized(NioEventLoop.java:658)
	at io.netty.channel.nio.NioEventLoop.processSelectedKeys(NioEventLoop.java:584)
	at io.netty.channel.nio.NioEventLoop.run(NioEventLoop.java:496)
	at io.netty.util.concurrent.SingleThreadEventExecutor$4.run(SingleThreadEventExecutor.java:986)
	at io.netty.util.internal.ThreadExecutorMap$2.run(ThreadExecutorMap.java:74)
	at io.netty.util.concurrent.FastThreadLocalRunnable.run(FastThreadLocalRunnable.java:30)
	at java.base/java.lang.Thread.run(Thread.java:832)
16:04:34.991 [AsyncHttpClient-1-9] DEBUG org.asynchttpclient.netty.channel.ChannelManager - Closing Channel [id: 0x54f53828, L:/127.0.0.1:50126 - R:localhost/127.0.0.1:50121] 
16:04:34.991 [AsyncHttpClient-1-9] DEBUG org.asynchttpclient.netty.handler.HttpHandler - Channel Closed: [id: 0x54f53828, L:/127.0.0.1:50126 ! R:localhost/127.0.0.1:50121] with attribute DISCARD
16:04:35.122 [AsyncHttpClient-1-8] DEBUG org.asynchttpclient.netty.handler.HttpHandler - 

Request DefaultFullHttpRequest(decodeResult: success, version: HTTP/1.1, content: EmptyByteBufBE)
DELETE /session/0de6196e18086c1262a8673c1257bec2 HTTP/1.1
User-Agent: selenium/4.1.2 (java windows)
Content-Type: application/json; charset=utf-8
host: localhost:54225
accept: */*

Response DefaultHttpResponse(decodeResult: success, version: HTTP/1.1)
HTTP/1.1 200 OK
Content-Type: application/json; charset=utf-8
cache-control: no-cache
content-length: 14

16:04:35.123 [AsyncHttpClient-1-8] DEBUG org.asynchttpclient.netty.channel.ChannelManager - Adding key: http://localhost:54225 for channel [id: 0x9377cc30, L:/127.0.0.1:50120 - R:localhost/127.0.0.1:54225]
16:04:35.177 [AsyncHttpClient-1-1] DEBUG org.asynchttpclient.netty.channel.DefaultChannelPool - Entry count for : http://localhost:54225 : 1
16:04:35.177 [AsyncHttpClient-1-1] DEBUG org.asynchttpclient.netty.channel.DefaultChannelPool - Entry count for : http://localhost:50121 : 1
16:04:35.177 [AsyncHttpClient-1-1] DEBUG org.asynchttpclient.netty.channel.DefaultChannelPool - Adding Candidate expired Channel [id: 0x54f53828, L:/127.0.0.1:50126 ! R:localhost/127.0.0.1:50121] isIdleTimeoutExpired=false isRemotelyClosed=true isTtlExpired=false
16:04:35.177 [AsyncHttpClient-1-1] DEBUG org.asynchttpclient.netty.channel.DefaultChannelPool - Closing Idle Channel [id: 0x54f53828, L:/127.0.0.1:50126 ! R:localhost/127.0.0.1:50121]
16:04:35.177 [AsyncHttpClient-1-1] DEBUG org.asynchttpclient.netty.channel.DefaultChannelPool - Closed 1 connections out of 2 in 0 ms
16:04:35.215 [AsyncHttpClient-1-8] DEBUG org.asynchttpclient.netty.handler.HttpHandler - Channel Closed: [id: 0x9377cc30, L:/127.0.0.1:50120 ! R:localhost/127.0.0.1:54225] with attribute DISCARD
]]></system-out>
    <system-err><![CDATA[Starting ChromeDriver 102.0.5005.61 (0e59bcc00cc4985ce39ad31c150065f159d95ad3-refs/branch-heads/5005@{#819}) on port 54225
Only local connections are allowed.
Please see https://chromedriver.chromium.org/security-considerations for suggestions on keeping ChromeDriver safe.
ChromeDriver was started successfully.
Jun 13, 2022 4:04:26 PM org.openqa.selenium.remote.ProtocolHandshake createSession
INFO: Detected dialect: W3C
Jun 13, 2022 4:04:26 PM org.openqa.selenium.devtools.CdpVersionFinder findNearestMatch
WARNING: Unable to find an exact match for CDP version 102, so returning the closest version found: a no-op implementation
Jun 13, 2022 4:04:26 PM org.openqa.selenium.devtools.CdpVersionFinder findNearestMatch
INFO: Unable to find CDP implementation matching 102.
Jun 13, 2022 4:04:26 PM org.openqa.selenium.chromium.ChromiumDriver lambda$new$3
WARNING: Unable to find version of CDP to use for . You may need to include a dependency on a specific version of the CDP using something similar to `org.seleniumhq.selenium:selenium-devtools-v86:4.1.2` where the version ("v86") matches the version of the chromium-based browser you're using and the version number of the artifact is the same as Selenium's.
]]></system-err>
  </testcase>
  <testcase name="Delete Patient Data scenario" classname="Patient" time="12.474">
    <system-out><![CDATA[
@Patient
Scenario: Delete Patient Data scenario &amp#27;[90m# src/test/resources/features/Patient.feature:28&amp#27;[0m
16:04:35.761 [main] INFO io.cucumber.core.plugin.SerenityReporter - Running feature from file:///E:/My%20Documents/File%20Difa/TI%20Semester%206%20Kampus%20Merdeka%20Alterra/Tugas/CAPSTONE%20Project/Capstone-Project-Website/src/test/resources/features/Patient.feature
16:04:35.774 [main] INFO  - 
  _____   ___   ___   _____     ___   _____     _     ___   _____   ___   ___  
 |_   _| | __| / __| |_   _|   / __| |_   _|   /_\   | _ \ |_   _| | __| |   \ 
   | |   | _|  \__ \   | |     \__ \   | |    / _ \  |   /   | |   | _|  | |) |
   |_|   |___| |___/   |_|     |___/   |_|   /_/ \_\ |_|_\   |_|   |___| |___/ 

Delete Patient Data scenario(patient;delete-patient-data-scenario)
--------------------------------------------------------------------------------
16:04:35.828 [main] DEBUG net.thucydides.core.steps.StepInterceptor - STARTING STEP: PatientSteps.iAmAtTheDashboardPage - openUrl
16:04:35.830 [main] INFO net.serenitybdd.core.webdriver.driverproviders.ChromeDriverProvider - Using automatically driver download
16:04:36.056 [main] DEBUG io.github.bonigarcia.wdm.cache.ResolutionCache - Resolution chrome=102 in cache (valid until 16:10:42 13/06/2022 ICT)
16:04:36.061 [main] DEBUG io.github.bonigarcia.wdm.cache.ResolutionCache - Resolution chrome102=102.0.5005.61 in cache (valid until 11:58:55 14/06/2022 ICT)
16:04:36.064 [main] INFO io.github.bonigarcia.wdm.WebDriverManager - Using chromedriver 102.0.5005.61 (resolved driver for Chrome 102)
16:04:36.079 [main] DEBUG io.github.bonigarcia.wdm.WebDriverManager - Driver chromedriver 102.0.5005.61 found in cache
16:04:36.080 [main] INFO io.github.bonigarcia.wdm.WebDriverManager - Exporting webdriver.chrome.driver as C:\Users\USER\.cache\selenium\chromedriver\win32\102.0.5005.61\chromedriver.exe
16:04:36.231 [main] DEBUG net.serenitybdd.core.webdriver.driverproviders.ProvideNewDriver - Instantiating driver
16:04:36.231 [main] DEBUG net.serenitybdd.core.webdriver.driverproviders.ProvideNewDriver - Driver capabilities: Capabilities {acceptInsecureCerts: false, base.url: https://group7-react-dev.ne..., browserName: chrome, chrome.driver: src/test/resources/webdrive..., driver: chrome, goog:chromeOptions: {args: [], extensions: []}}
16:04:36.275 [AsyncHttpClient-1-1] DEBUG org.asynchttpclient.netty.channel.DefaultChannelPool - Entry count for : http://localhost:54225 : 1
16:04:36.275 [AsyncHttpClient-1-1] DEBUG org.asynchttpclient.netty.channel.DefaultChannelPool - Adding Candidate expired Channel [id: 0x9377cc30, L:/127.0.0.1:50120 ! R:localhost/127.0.0.1:54225] isIdleTimeoutExpired=false isRemotelyClosed=true isTtlExpired=false
16:04:36.275 [AsyncHttpClient-1-1] DEBUG org.asynchttpclient.netty.channel.DefaultChannelPool - Closing Idle Channel [id: 0x9377cc30, L:/127.0.0.1:50120 ! R:localhost/127.0.0.1:54225]
16:04:36.275 [AsyncHttpClient-1-1] DEBUG org.asynchttpclient.netty.channel.DefaultChannelPool - Closed 1 connections out of 1 in 0 ms
16:04:36.780 [AsyncHttpClient-1-3] DEBUG org.asynchttpclient.netty.channel.NettyConnectListener - Using new Channel '[id: 0xa0cab78f, L:/127.0.0.1:50143 - R:localhost/127.0.0.1:53918]' for 'POST' to '/session'
16:04:39.045 [AsyncHttpClient-1-3] DEBUG org.asynchttpclient.netty.handler.HttpHandler - 

Request DefaultHttpRequest(decodeResult: success, version: HTTP/1.1)
POST /session HTTP/1.1
User-Agent: selenium/4.1.2 (java windows)
Content-Length: 617
Content-Type: application/json; charset=utf-8
host: localhost:53918
accept: */*

Response DefaultHttpResponse(decodeResult: success, version: HTTP/1.1)
HTTP/1.1 200 OK
Content-Type: application/json; charset=utf-8
cache-control: no-cache
content-length: 789

16:04:39.045 [AsyncHttpClient-1-3] DEBUG org.asynchttpclient.netty.channel.ChannelManager - Adding key: http://localhost:53918 for channel [id: 0xa0cab78f, L:/127.0.0.1:50143 - R:localhost/127.0.0.1:53918]
16:04:39.055 [AsyncHttpClient-1-4] DEBUG org.asynchttpclient.netty.channel.NettyConnectListener - Using new Channel '[id: 0x236f1e11, L:/127.0.0.1:50149 - R:localhost/127.0.0.1:50144]' for 'GET' to '/json/version'
16:04:39.056 [AsyncHttpClient-1-4] DEBUG org.asynchttpclient.netty.handler.HttpHandler - 

Request DefaultFullHttpRequest(decodeResult: success, version: HTTP/1.1, content: EmptyByteBufBE)
GET /json/version HTTP/1.1
User-Agent: selenium/4.1.2 (java windows)
host: localhost:50144
accept: */*

Response DefaultHttpResponse(decodeResult: success, version: HTTP/1.1)
HTTP/1.1 200 OK
Content-Type: application/json; charset=UTF-8
content-length: 427

16:04:39.056 [AsyncHttpClient-1-4] DEBUG org.asynchttpclient.netty.channel.ChannelManager - Adding key: http://localhost:50144 for channel [id: 0x236f1e11, L:/127.0.0.1:50149 - R:localhost/127.0.0.1:50144]
16:04:39.059 [AsyncHttpClient-1-5] DEBUG org.asynchttpclient.netty.channel.NettyConnectListener - Using new Channel '[id: 0xbd4d5799, L:/127.0.0.1:50150 - R:localhost/127.0.0.1:50144]' for 'GET' to '/devtools/browser/ca6525cb-577d-4ea6-b9aa-d270ef180404'
16:04:39.060 [AsyncHttpClient-1-5] DEBUG org.asynchttpclient.netty.handler.WebSocketHandler - 

Request DefaultFullHttpRequest(decodeResult: success, version: HTTP/1.1, content: EmptyByteBufBE)
GET /devtools/browser/ca6525cb-577d-4ea6-b9aa-d270ef180404 HTTP/1.1
upgrade: websocket
connection: upgrade
sec-websocket-key: I38aJXY5wX8oL42PfX2BgQ==
sec-websocket-version: 13
origin: http://localhost:50144
host: localhost:50144
accept: */*
user-agent: AHC/2.1

Response DefaultHttpResponse(decodeResult: success, version: HTTP/1.1)
HTTP/1.1 101 WebSocket Protocol Handshake
Upgrade: WebSocket
Connection: Upgrade
Sec-WebSocket-Accept: annUD1qP8IdAU27GjI4AOD3XrUE=

16:04:39.066 [Forwarding maximizeCurrentWindow on session de1cbac06cd149eeac362afe492baa6b to remote] DEBUG org.asynchttpclient.netty.request.NettyRequestSender - Using pooled Channel '[id: 0xa0cab78f, L:/127.0.0.1:50143 - R:localhost/127.0.0.1:53918]' for 'POST' to 'http://localhost:53918/session/de1cbac06cd149eeac362afe492baa6b/window/maximize'
16:04:39.066 [Forwarding maximizeCurrentWindow on session de1cbac06cd149eeac362afe492baa6b to remote] DEBUG org.asynchttpclient.netty.request.NettyRequestSender - Using open Channel [id: 0xa0cab78f, L:/127.0.0.1:50143 - R:localhost/127.0.0.1:53918] for POST '/session/de1cbac06cd149eeac362afe492baa6b/window/maximize'
16:04:39.244 [AsyncHttpClient-1-3] DEBUG org.asynchttpclient.netty.handler.HttpHandler - 

Request DefaultHttpRequest(decodeResult: success, version: HTTP/1.1)
POST /session/de1cbac06cd149eeac362afe492baa6b/window/maximize HTTP/1.1
User-Agent: selenium/4.1.2 (java windows)
Content-Length: 3
Content-Type: application/json; charset=utf-8
host: localhost:53918
accept: */*

Response DefaultHttpResponse(decodeResult: success, version: HTTP/1.1)
HTTP/1.1 200 OK
Content-Type: application/json; charset=utf-8
cache-control: no-cache
content-length: 51

16:04:39.244 [AsyncHttpClient-1-3] DEBUG org.asynchttpclient.netty.channel.ChannelManager - Adding key: http://localhost:53918 for channel [id: 0xa0cab78f, L:/127.0.0.1:50143 - R:localhost/127.0.0.1:53918]
16:04:39.246 [Forwarding get on session de1cbac06cd149eeac362afe492baa6b to remote] DEBUG org.asynchttpclient.netty.request.NettyRequestSender - Using pooled Channel '[id: 0xa0cab78f, L:/127.0.0.1:50143 - R:localhost/127.0.0.1:53918]' for 'POST' to 'http://localhost:53918/session/de1cbac06cd149eeac362afe492baa6b/url'
16:04:39.246 [Forwarding get on session de1cbac06cd149eeac362afe492baa6b to remote] DEBUG org.asynchttpclient.netty.request.NettyRequestSender - Using open Channel [id: 0xa0cab78f, L:/127.0.0.1:50143 - R:localhost/127.0.0.1:53918] for POST '/session/de1cbac06cd149eeac362afe492baa6b/url'
16:04:39.574 [AsyncHttpClient-1-1] DEBUG org.asynchttpclient.netty.channel.DefaultChannelPool - Entry count for : http://localhost:50144 : 1
16:04:40.674 [AsyncHttpClient-1-1] DEBUG org.asynchttpclient.netty.channel.DefaultChannelPool - Entry count for : http://localhost:50144 : 1
16:04:41.773 [AsyncHttpClient-1-1] DEBUG org.asynchttpclient.netty.channel.DefaultChannelPool - Entry count for : http://localhost:50144 : 1
16:04:42.030 [AsyncHttpClient-1-3] DEBUG org.asynchttpclient.netty.handler.HttpHandler - 

Request DefaultHttpRequest(decodeResult: success, version: HTTP/1.1)
POST /session/de1cbac06cd149eeac362afe492baa6b/url HTTP/1.1
User-Agent: selenium/4.1.2 (java windows)
Content-Length: 61
Content-Type: application/json; charset=utf-8
host: localhost:53918
accept: */*

Response DefaultHttpResponse(decodeResult: success, version: HTTP/1.1)
HTTP/1.1 200 OK
Content-Type: application/json; charset=utf-8
cache-control: no-cache
content-length: 14

16:04:42.031 [AsyncHttpClient-1-3] DEBUG org.asynchttpclient.netty.channel.ChannelManager - Adding key: http://localhost:53918 for channel [id: 0xa0cab78f, L:/127.0.0.1:50143 - R:localhost/127.0.0.1:53918]
16:04:42.034 [Forwarding setTimeout on session de1cbac06cd149eeac362afe492baa6b to remote] DEBUG org.asynchttpclient.netty.request.NettyRequestSender - Using pooled Channel '[id: 0xa0cab78f, L:/127.0.0.1:50143 - R:localhost/127.0.0.1:53918]' for 'POST' to 'http://localhost:53918/session/de1cbac06cd149eeac362afe492baa6b/timeouts'
16:04:42.034 [Forwarding setTimeout on session de1cbac06cd149eeac362afe492baa6b to remote] DEBUG org.asynchttpclient.netty.request.NettyRequestSender - Using open Channel [id: 0xa0cab78f, L:/127.0.0.1:50143 - R:localhost/127.0.0.1:53918] for POST '/session/de1cbac06cd149eeac362afe492baa6b/timeouts'
16:04:42.038 [AsyncHttpClient-1-3] DEBUG org.asynchttpclient.netty.handler.HttpHandler - 

Request DefaultHttpRequest(decodeResult: success, version: HTTP/1.1)
POST /session/de1cbac06cd149eeac362afe492baa6b/timeouts HTTP/1.1
User-Agent: selenium/4.1.2 (java windows)
Content-Length: 22
Content-Type: application/json; charset=utf-8
host: localhost:53918
accept: */*

Response DefaultHttpResponse(decodeResult: success, version: HTTP/1.1)
HTTP/1.1 200 OK
Content-Type: application/json; charset=utf-8
cache-control: no-cache
content-length: 14

16:04:42.038 [AsyncHttpClient-1-3] DEBUG org.asynchttpclient.netty.channel.ChannelManager - Adding key: http://localhost:53918 for channel [id: 0xa0cab78f, L:/127.0.0.1:50143 - R:localhost/127.0.0.1:53918]
16:04:42.046 [Forwarding getCurrentUrl on session de1cbac06cd149eeac362afe492baa6b to remote] DEBUG org.asynchttpclient.netty.request.NettyRequestSender - Using pooled Channel '[id: 0xa0cab78f, L:/127.0.0.1:50143 - R:localhost/127.0.0.1:53918]' for 'GET' to 'http://localhost:53918/session/de1cbac06cd149eeac362afe492baa6b/url'
16:04:42.046 [Forwarding getCurrentUrl on session de1cbac06cd149eeac362afe492baa6b to remote] DEBUG org.asynchttpclient.netty.request.NettyRequestSender - Using open Channel [id: 0xa0cab78f, L:/127.0.0.1:50143 - R:localhost/127.0.0.1:53918] for GET '/session/de1cbac06cd149eeac362afe492baa6b/url'
16:04:42.055 [AsyncHttpClient-1-3] DEBUG org.asynchttpclient.netty.handler.HttpHandler - 

Request DefaultFullHttpRequest(decodeResult: success, version: HTTP/1.1, content: EmptyByteBufBE)
GET /session/de1cbac06cd149eeac362afe492baa6b/url HTTP/1.1
User-Agent: selenium/4.1.2 (java windows)
Cache-Control: no-cache
Content-Type: application/json; charset=utf-8
host: localhost:53918
accept: */*

Response DefaultHttpResponse(decodeResult: success, version: HTTP/1.1)
HTTP/1.1 200 OK
Content-Type: application/json; charset=utf-8
cache-control: no-cache
content-length: 49

16:04:42.055 [AsyncHttpClient-1-3] DEBUG org.asynchttpclient.netty.channel.ChannelManager - Adding key: http://localhost:53918 for channel [id: 0xa0cab78f, L:/127.0.0.1:50143 - R:localhost/127.0.0.1:53918]
16:04:42.064 [Forwarding getCurrentUrl on session de1cbac06cd149eeac362afe492baa6b to remote] DEBUG org.asynchttpclient.netty.request.NettyRequestSender - Using pooled Channel '[id: 0xa0cab78f, L:/127.0.0.1:50143 - R:localhost/127.0.0.1:53918]' for 'GET' to 'http://localhost:53918/session/de1cbac06cd149eeac362afe492baa6b/url'
16:04:42.064 [Forwarding getCurrentUrl on session de1cbac06cd149eeac362afe492baa6b to remote] DEBUG org.asynchttpclient.netty.request.NettyRequestSender - Using open Channel [id: 0xa0cab78f, L:/127.0.0.1:50143 - R:localhost/127.0.0.1:53918] for GET '/session/de1cbac06cd149eeac362afe492baa6b/url'
16:04:42.070 [AsyncHttpClient-1-3] DEBUG org.asynchttpclient.netty.handler.HttpHandler - 

Request DefaultFullHttpRequest(decodeResult: success, version: HTTP/1.1, content: EmptyByteBufBE)
GET /session/de1cbac06cd149eeac362afe492baa6b/url HTTP/1.1
User-Agent: selenium/4.1.2 (java windows)
Cache-Control: no-cache
Content-Type: application/json; charset=utf-8
host: localhost:53918
accept: */*

Response DefaultHttpResponse(decodeResult: success, version: HTTP/1.1)
HTTP/1.1 200 OK
Content-Type: application/json; charset=utf-8
cache-control: no-cache
content-length: 49

16:04:42.070 [AsyncHttpClient-1-3] DEBUG org.asynchttpclient.netty.channel.ChannelManager - Adding key: http://localhost:53918 for channel [id: 0xa0cab78f, L:/127.0.0.1:50143 - R:localhost/127.0.0.1:53918]
16:04:42.078 [Forwarding screenshot on session de1cbac06cd149eeac362afe492baa6b to remote] DEBUG org.asynchttpclient.netty.request.NettyRequestSender - Using pooled Channel '[id: 0xa0cab78f, L:/127.0.0.1:50143 - R:localhost/127.0.0.1:53918]' for 'GET' to 'http://localhost:53918/session/de1cbac06cd149eeac362afe492baa6b/screenshot'
16:04:42.078 [Forwarding screenshot on session de1cbac06cd149eeac362afe492baa6b to remote] DEBUG org.asynchttpclient.netty.request.NettyRequestSender - Using open Channel [id: 0xa0cab78f, L:/127.0.0.1:50143 - R:localhost/127.0.0.1:53918] for GET '/session/de1cbac06cd149eeac362afe492baa6b/screenshot'
16:04:42.289 [AsyncHttpClient-1-3] DEBUG org.asynchttpclient.netty.handler.HttpHandler - 

Request DefaultFullHttpRequest(decodeResult: success, version: HTTP/1.1, content: EmptyByteBufBE)
GET /session/de1cbac06cd149eeac362afe492baa6b/screenshot HTTP/1.1
User-Agent: selenium/4.1.2 (java windows)
Cache-Control: no-cache
Content-Type: application/json; charset=utf-8
host: localhost:53918
accept: */*

Response DefaultHttpResponse(decodeResult: success, version: HTTP/1.1)
HTTP/1.1 200 OK
Content-Type: application/json; charset=utf-8
cache-control: no-cache
content-length: 146420

16:04:42.291 [AsyncHttpClient-1-3] DEBUG org.asynchttpclient.netty.channel.ChannelManager - Adding key: http://localhost:53918 for channel [id: 0xa0cab78f, L:/127.0.0.1:50143 - R:localhost/127.0.0.1:53918]
16:04:42.302 [main] DEBUG net.serenitybdd.core.photography.Darkroom - Send negative for processing for target\site\serenity\52f302cec4ca267b4defccc8364e57c9226d37e73d5274e94188966f06033ec8.png
16:04:42.303 [main] DEBUG net.thucydides.core.steps.StepInterceptor - STEP DONE: openUrl
16:04:42.307 [Darkroom Processing Line] DEBUG net.serenitybdd.core.photography.DarkroomProcessingLine - Processing screenshot image in /var/screenshots/screenshot-2733829086777674736
16:04:42.307 [Darkroom Processing Line] DEBUG net.serenitybdd.core.photography.DarkroomProcessingLine - Saving screenshot to target\site\serenity\52f302cec4ca267b4defccc8364e57c9226d37e73d5274e94188966f06033ec8.png
16:04:42.317 [main] DEBUG net.thucydides.core.steps.StepInterceptor - STARTING STEP: PatientSteps.iAmAtTheDashboardPage - validateOnDashboardPage
16:04:42.321 [Forwarding findElement on session de1cbac06cd149eeac362afe492baa6b to remote] DEBUG org.asynchttpclient.netty.request.NettyRequestSender - Using pooled Channel '[id: 0xa0cab78f, L:/127.0.0.1:50143 - R:localhost/127.0.0.1:53918]' for 'POST' to 'http://localhost:53918/session/de1cbac06cd149eeac362afe492baa6b/element'
16:04:42.321 [Forwarding findElement on session de1cbac06cd149eeac362afe492baa6b to remote] DEBUG org.asynchttpclient.netty.request.NettyRequestSender - Using open Channel [id: 0xa0cab78f, L:/127.0.0.1:50143 - R:localhost/127.0.0.1:53918] for POST '/session/de1cbac06cd149eeac362afe492baa6b/element'
16:04:42.339 [AsyncHttpClient-1-3] DEBUG org.asynchttpclient.netty.handler.HttpHandler - 

Request DefaultHttpRequest(decodeResult: success, version: HTTP/1.1)
POST /session/de1cbac06cd149eeac362afe492baa6b/element HTTP/1.1
User-Agent: selenium/4.1.2 (java windows)
Content-Length: 105
Content-Type: application/json; charset=utf-8
host: localhost:53918
accept: */*

Response DefaultHttpResponse(decodeResult: success, version: HTTP/1.1)
HTTP/1.1 200 OK
Content-Type: application/json; charset=utf-8
cache-control: no-cache
content-length: 88

16:04:42.339 [AsyncHttpClient-1-3] DEBUG org.asynchttpclient.netty.channel.ChannelManager - Adding key: http://localhost:53918 for channel [id: 0xa0cab78f, L:/127.0.0.1:50143 - R:localhost/127.0.0.1:53918]
16:04:42.344 [Forwarding isElementDisplayed on session de1cbac06cd149eeac362afe492baa6b to remote] DEBUG org.asynchttpclient.netty.request.NettyRequestSender - Using pooled Channel '[id: 0xa0cab78f, L:/127.0.0.1:50143 - R:localhost/127.0.0.1:53918]' for 'POST' to 'http://localhost:53918/session/de1cbac06cd149eeac362afe492baa6b/execute/sync'
16:04:42.344 [Forwarding isElementDisplayed on session de1cbac06cd149eeac362afe492baa6b to remote] DEBUG org.asynchttpclient.netty.request.NettyRequestSender - Using open Channel [id: 0xa0cab78f, L:/127.0.0.1:50143 - R:localhost/127.0.0.1:53918] for POST '/session/de1cbac06cd149eeac362afe492baa6b/execute/sync'
16:04:42.364 [AsyncHttpClient-1-3] DEBUG org.asynchttpclient.netty.handler.HttpHandler - 

Request DefaultHttpRequest(decodeResult: success, version: HTTP/1.1)
POST /session/de1cbac06cd149eeac362afe492baa6b/execute/sync HTTP/1.1
User-Agent: selenium/4.1.2 (java windows)
Content-Length: 48780
Content-Type: application/json; charset=utf-8
host: localhost:53918
accept: */*

Response DefaultHttpResponse(decodeResult: success, version: HTTP/1.1)
HTTP/1.1 200 OK
Content-Type: application/json; charset=utf-8
cache-control: no-cache
content-length: 14

16:04:42.364 [AsyncHttpClient-1-3] DEBUG org.asynchttpclient.netty.channel.ChannelManager - Adding key: http://localhost:53918 for channel [id: 0xa0cab78f, L:/127.0.0.1:50143 - R:localhost/127.0.0.1:53918]
16:04:42.370 [Forwarding screenshot on session de1cbac06cd149eeac362afe492baa6b to remote] DEBUG org.asynchttpclient.netty.request.NettyRequestSender - Using pooled Channel '[id: 0xa0cab78f, L:/127.0.0.1:50143 - R:localhost/127.0.0.1:53918]' for 'GET' to 'http://localhost:53918/session/de1cbac06cd149eeac362afe492baa6b/screenshot'
16:04:42.370 [Forwarding screenshot on session de1cbac06cd149eeac362afe492baa6b to remote] DEBUG org.asynchttpclient.netty.request.NettyRequestSender - Using open Channel [id: 0xa0cab78f, L:/127.0.0.1:50143 - R:localhost/127.0.0.1:53918] for GET '/session/de1cbac06cd149eeac362afe492baa6b/screenshot'
16:04:42.521 [AsyncHttpClient-1-3] DEBUG org.asynchttpclient.netty.handler.HttpHandler - 

Request DefaultFullHttpRequest(decodeResult: success, version: HTTP/1.1, content: EmptyByteBufBE)
GET /session/de1cbac06cd149eeac362afe492baa6b/screenshot HTTP/1.1
User-Agent: selenium/4.1.2 (java windows)
Cache-Control: no-cache
Content-Type: application/json; charset=utf-8
host: localhost:53918
accept: */*

Response DefaultHttpResponse(decodeResult: success, version: HTTP/1.1)
HTTP/1.1 200 OK
Content-Type: application/json; charset=utf-8
cache-control: no-cache
content-length: 148460

16:04:42.521 [AsyncHttpClient-1-3] DEBUG org.asynchttpclient.netty.channel.ChannelManager - Adding key: http://localhost:53918 for channel [id: 0xa0cab78f, L:/127.0.0.1:50143 - R:localhost/127.0.0.1:53918]
16:04:42.530 [main] DEBUG net.serenitybdd.core.photography.Darkroom - Send negative for processing for target\site\serenity\ec89eb6f048b625c58979a9fb3c1a88eb64bbd70c27b32bd191f502804b93b7a.png
16:04:42.530 [main] DEBUG net.thucydides.core.steps.StepInterceptor - STEP DONE: validateOnDashboardPage
16:04:42.531 [Darkroom Processing Line] DEBUG net.serenitybdd.core.photography.DarkroomProcessingLine - Processing screenshot image in /var/screenshots/screenshot-12540431615098488939
  &amp#27;[32mGiven &amp#27;[0m&amp#27;[32mI am at the dashboard page&amp#27;[0m     &amp#27;[90m# starter.stepdefinitions.PatientSteps.iAmAtTheDashboardPage()&amp#27;[0m
16:04:42.531 [Darkroom Processing Line] DEBUG net.serenitybdd.core.photography.DarkroomProcessingLine - Saving screenshot to target\site\serenity\ec89eb6f048b625c58979a9fb3c1a88eb64bbd70c27b32bd191f502804b93b7a.png
16:04:42.551 [main] DEBUG net.thucydides.core.steps.StepInterceptor - STARTING STEP: PatientSteps.iClickMenuPatient - clickMenuPatientButton
16:04:42.555 [Forwarding findElement on session de1cbac06cd149eeac362afe492baa6b to remote] DEBUG org.asynchttpclient.netty.request.NettyRequestSender - Using pooled Channel '[id: 0xa0cab78f, L:/127.0.0.1:50143 - R:localhost/127.0.0.1:53918]' for 'POST' to 'http://localhost:53918/session/de1cbac06cd149eeac362afe492baa6b/element'
16:04:42.555 [Forwarding findElement on session de1cbac06cd149eeac362afe492baa6b to remote] DEBUG org.asynchttpclient.netty.request.NettyRequestSender - Using open Channel [id: 0xa0cab78f, L:/127.0.0.1:50143 - R:localhost/127.0.0.1:53918] for POST '/session/de1cbac06cd149eeac362afe492baa6b/element'
16:04:42.570 [AsyncHttpClient-1-3] DEBUG org.asynchttpclient.netty.handler.HttpHandler - 

Request DefaultHttpRequest(decodeResult: success, version: HTTP/1.1)
POST /session/de1cbac06cd149eeac362afe492baa6b/element HTTP/1.1
User-Agent: selenium/4.1.2 (java windows)
Content-Length: 134
Content-Type: application/json; charset=utf-8
host: localhost:53918
accept: */*

Response DefaultHttpResponse(decodeResult: success, version: HTTP/1.1)
HTTP/1.1 200 OK
Content-Type: application/json; charset=utf-8
cache-control: no-cache
content-length: 88

16:04:42.570 [AsyncHttpClient-1-3] DEBUG org.asynchttpclient.netty.channel.ChannelManager - Adding key: http://localhost:53918 for channel [id: 0xa0cab78f, L:/127.0.0.1:50143 - R:localhost/127.0.0.1:53918]
16:04:42.572 [Forwarding getElementTagName on session de1cbac06cd149eeac362afe492baa6b to remote] DEBUG org.asynchttpclient.netty.request.NettyRequestSender - Using pooled Channel '[id: 0xa0cab78f, L:/127.0.0.1:50143 - R:localhost/127.0.0.1:53918]' for 'GET' to 'http://localhost:53918/session/de1cbac06cd149eeac362afe492baa6b/element/4133c4ae-bb3f-4203-bb86-39ba38398e65/name'
16:04:42.572 [Forwarding getElementTagName on session de1cbac06cd149eeac362afe492baa6b to remote] DEBUG org.asynchttpclient.netty.request.NettyRequestSender - Using open Channel [id: 0xa0cab78f, L:/127.0.0.1:50143 - R:localhost/127.0.0.1:53918] for GET '/session/de1cbac06cd149eeac362afe492baa6b/element/4133c4ae-bb3f-4203-bb86-39ba38398e65/name'
16:04:42.579 [AsyncHttpClient-1-3] DEBUG org.asynchttpclient.netty.handler.HttpHandler - 

Request DefaultFullHttpRequest(decodeResult: success, version: HTTP/1.1, content: EmptyByteBufBE)
GET /session/de1cbac06cd149eeac362afe492baa6b/element/4133c4ae-bb3f-4203-bb86-39ba38398e65/name HTTP/1.1
User-Agent: selenium/4.1.2 (java windows)
Cache-Control: no-cache
Content-Type: application/json; charset=utf-8
host: localhost:53918
accept: */*

Response DefaultHttpResponse(decodeResult: success, version: HTTP/1.1)
HTTP/1.1 200 OK
Content-Type: application/json; charset=utf-8
cache-control: no-cache
content-length: 15

16:04:42.579 [AsyncHttpClient-1-3] DEBUG org.asynchttpclient.netty.channel.ChannelManager - Adding key: http://localhost:53918 for channel [id: 0xa0cab78f, L:/127.0.0.1:50143 - R:localhost/127.0.0.1:53918]
16:04:42.581 [Forwarding getElementTagName on session de1cbac06cd149eeac362afe492baa6b to remote] DEBUG org.asynchttpclient.netty.request.NettyRequestSender - Using pooled Channel '[id: 0xa0cab78f, L:/127.0.0.1:50143 - R:localhost/127.0.0.1:53918]' for 'GET' to 'http://localhost:53918/session/de1cbac06cd149eeac362afe492baa6b/element/4133c4ae-bb3f-4203-bb86-39ba38398e65/name'
16:04:42.581 [Forwarding getElementTagName on session de1cbac06cd149eeac362afe492baa6b to remote] DEBUG org.asynchttpclient.netty.request.NettyRequestSender - Using open Channel [id: 0xa0cab78f, L:/127.0.0.1:50143 - R:localhost/127.0.0.1:53918] for GET '/session/de1cbac06cd149eeac362afe492baa6b/element/4133c4ae-bb3f-4203-bb86-39ba38398e65/name'
16:04:42.584 [AsyncHttpClient-1-3] DEBUG org.asynchttpclient.netty.handler.HttpHandler - 

Request DefaultFullHttpRequest(decodeResult: success, version: HTTP/1.1, content: EmptyByteBufBE)
GET /session/de1cbac06cd149eeac362afe492baa6b/element/4133c4ae-bb3f-4203-bb86-39ba38398e65/name HTTP/1.1
User-Agent: selenium/4.1.2 (java windows)
Cache-Control: no-cache
Content-Type: application/json; charset=utf-8
host: localhost:53918
accept: */*

Response DefaultHttpResponse(decodeResult: success, version: HTTP/1.1)
HTTP/1.1 200 OK
Content-Type: application/json; charset=utf-8
cache-control: no-cache
content-length: 15

16:04:42.585 [AsyncHttpClient-1-3] DEBUG org.asynchttpclient.netty.channel.ChannelManager - Adding key: http://localhost:53918 for channel [id: 0xa0cab78f, L:/127.0.0.1:50143 - R:localhost/127.0.0.1:53918]
16:04:42.588 [Forwarding findElement on session de1cbac06cd149eeac362afe492baa6b to remote] DEBUG org.asynchttpclient.netty.request.NettyRequestSender - Using pooled Channel '[id: 0xa0cab78f, L:/127.0.0.1:50143 - R:localhost/127.0.0.1:53918]' for 'POST' to 'http://localhost:53918/session/de1cbac06cd149eeac362afe492baa6b/element'
16:04:42.588 [Forwarding findElement on session de1cbac06cd149eeac362afe492baa6b to remote] DEBUG org.asynchttpclient.netty.request.NettyRequestSender - Using open Channel [id: 0xa0cab78f, L:/127.0.0.1:50143 - R:localhost/127.0.0.1:53918] for POST '/session/de1cbac06cd149eeac362afe492baa6b/element'
16:04:42.597 [AsyncHttpClient-1-3] DEBUG org.asynchttpclient.netty.handler.HttpHandler - 

Request DefaultHttpRequest(decodeResult: success, version: HTTP/1.1)
POST /session/de1cbac06cd149eeac362afe492baa6b/element HTTP/1.1
User-Agent: selenium/4.1.2 (java windows)
Content-Length: 134
Content-Type: application/json; charset=utf-8
host: localhost:53918
accept: */*

Response DefaultHttpResponse(decodeResult: success, version: HTTP/1.1)
HTTP/1.1 200 OK
Content-Type: application/json; charset=utf-8
cache-control: no-cache
content-length: 88

16:04:42.598 [AsyncHttpClient-1-3] DEBUG org.asynchttpclient.netty.channel.ChannelManager - Adding key: http://localhost:53918 for channel [id: 0xa0cab78f, L:/127.0.0.1:50143 - R:localhost/127.0.0.1:53918]
16:04:42.599 [Forwarding clickElement on session de1cbac06cd149eeac362afe492baa6b to remote] DEBUG org.asynchttpclient.netty.request.NettyRequestSender - Using pooled Channel '[id: 0xa0cab78f, L:/127.0.0.1:50143 - R:localhost/127.0.0.1:53918]' for 'POST' to 'http://localhost:53918/session/de1cbac06cd149eeac362afe492baa6b/element/4133c4ae-bb3f-4203-bb86-39ba38398e65/click'
16:04:42.599 [Forwarding clickElement on session de1cbac06cd149eeac362afe492baa6b to remote] DEBUG org.asynchttpclient.netty.request.NettyRequestSender - Using open Channel [id: 0xa0cab78f, L:/127.0.0.1:50143 - R:localhost/127.0.0.1:53918] for POST '/session/de1cbac06cd149eeac362afe492baa6b/element/4133c4ae-bb3f-4203-bb86-39ba38398e65/click'
16:04:42.874 [AsyncHttpClient-1-1] DEBUG org.asynchttpclient.netty.channel.DefaultChannelPool - Entry count for : http://localhost:50144 : 1
16:04:43.173 [AsyncHttpClient-1-3] DEBUG org.asynchttpclient.netty.handler.HttpHandler - 

Request DefaultHttpRequest(decodeResult: success, version: HTTP/1.1)
POST /session/de1cbac06cd149eeac362afe492baa6b/element/4133c4ae-bb3f-4203-bb86-39ba38398e65/click HTTP/1.1
User-Agent: selenium/4.1.2 (java windows)
Content-Length: 50
Content-Type: application/json; charset=utf-8
host: localhost:53918
accept: */*

Response DefaultHttpResponse(decodeResult: success, version: HTTP/1.1)
HTTP/1.1 200 OK
Content-Type: application/json; charset=utf-8
cache-control: no-cache
content-length: 14

16:04:43.173 [AsyncHttpClient-1-3] DEBUG org.asynchttpclient.netty.channel.ChannelManager - Adding key: http://localhost:53918 for channel [id: 0xa0cab78f, L:/127.0.0.1:50143 - R:localhost/127.0.0.1:53918]
16:04:43.201 [Forwarding screenshot on session de1cbac06cd149eeac362afe492baa6b to remote] DEBUG org.asynchttpclient.netty.request.NettyRequestSender - Using pooled Channel '[id: 0xa0cab78f, L:/127.0.0.1:50143 - R:localhost/127.0.0.1:53918]' for 'GET' to 'http://localhost:53918/session/de1cbac06cd149eeac362afe492baa6b/screenshot'
16:04:43.201 [Forwarding screenshot on session de1cbac06cd149eeac362afe492baa6b to remote] DEBUG org.asynchttpclient.netty.request.NettyRequestSender - Using open Channel [id: 0xa0cab78f, L:/127.0.0.1:50143 - R:localhost/127.0.0.1:53918] for GET '/session/de1cbac06cd149eeac362afe492baa6b/screenshot'
16:04:43.973 [AsyncHttpClient-1-1] DEBUG org.asynchttpclient.netty.channel.DefaultChannelPool - Entry count for : http://localhost:50144 : 1
16:04:44.033 [AsyncHttpClient-1-3] DEBUG org.asynchttpclient.netty.handler.HttpHandler - 

Request DefaultFullHttpRequest(decodeResult: success, version: HTTP/1.1, content: EmptyByteBufBE)
GET /session/de1cbac06cd149eeac362afe492baa6b/screenshot HTTP/1.1
User-Agent: selenium/4.1.2 (java windows)
Cache-Control: no-cache
Content-Type: application/json; charset=utf-8
host: localhost:53918
accept: */*

Response DefaultHttpResponse(decodeResult: success, version: HTTP/1.1)
HTTP/1.1 200 OK
Content-Type: application/json; charset=utf-8
cache-control: no-cache
content-length: 37184

16:04:44.034 [AsyncHttpClient-1-3] DEBUG org.asynchttpclient.netty.channel.ChannelManager - Adding key: http://localhost:53918 for channel [id: 0xa0cab78f, L:/127.0.0.1:50143 - R:localhost/127.0.0.1:53918]
16:04:44.040 [main] DEBUG net.serenitybdd.core.photography.Darkroom - Send negative for processing for target\site\serenity\934c502bb8bf3ba84c52961069892f395ed265b0ce7897310f8b52014cc269ed.png
16:04:44.041 [main] DEBUG net.thucydides.core.steps.StepInterceptor - STEP DONE: clickMenuPatientButton
16:04:44.041 [Darkroom Processing Line] DEBUG net.serenitybdd.core.photography.DarkroomProcessingLine - Processing screenshot image in /var/screenshots/screenshot-16526841424070913998
16:04:44.041 [Darkroom Processing Line] DEBUG net.serenitybdd.core.photography.DarkroomProcessingLine - Saving screenshot to target\site\serenity\934c502bb8bf3ba84c52961069892f395ed265b0ce7897310f8b52014cc269ed.png
  &amp#27;[32mAnd &amp#27;[0m&amp#27;[32mI click menu patient&amp#27;[0m             &amp#27;[90m# starter.stepdefinitions.PatientSteps.iClickMenuPatient()&amp#27;[0m
16:04:44.075 [main] DEBUG net.thucydides.core.steps.StepInterceptor - STARTING STEP: PatientSteps.iClickDeletePatientButton - clickDeletePatientButton
16:04:44.082 [Forwarding findElement on session de1cbac06cd149eeac362afe492baa6b to remote] DEBUG org.asynchttpclient.netty.request.NettyRequestSender - Using pooled Channel '[id: 0xa0cab78f, L:/127.0.0.1:50143 - R:localhost/127.0.0.1:53918]' for 'POST' to 'http://localhost:53918/session/de1cbac06cd149eeac362afe492baa6b/element'
16:04:44.082 [Forwarding findElement on session de1cbac06cd149eeac362afe492baa6b to remote] DEBUG org.asynchttpclient.netty.request.NettyRequestSender - Using open Channel [id: 0xa0cab78f, L:/127.0.0.1:50143 - R:localhost/127.0.0.1:53918] for POST '/session/de1cbac06cd149eeac362afe492baa6b/element'
16:04:45.074 [AsyncHttpClient-1-1] DEBUG org.asynchttpclient.netty.channel.DefaultChannelPool - Entry count for : http://localhost:50144 : 1
16:04:45.581 [AsyncHttpClient-1-3] DEBUG org.asynchttpclient.netty.handler.HttpHandler - 

Request DefaultHttpRequest(decodeResult: success, version: HTTP/1.1)
POST /session/de1cbac06cd149eeac362afe492baa6b/element HTTP/1.1
User-Agent: selenium/4.1.2 (java windows)
Content-Length: 177
Content-Type: application/json; charset=utf-8
host: localhost:53918
accept: */*

Response DefaultHttpResponse(decodeResult: success, version: HTTP/1.1)
HTTP/1.1 200 OK
Content-Type: application/json; charset=utf-8
cache-control: no-cache
content-length: 88

16:04:45.581 [AsyncHttpClient-1-3] DEBUG org.asynchttpclient.netty.channel.ChannelManager - Adding key: http://localhost:53918 for channel [id: 0xa0cab78f, L:/127.0.0.1:50143 - R:localhost/127.0.0.1:53918]
16:04:45.584 [Forwarding getElementTagName on session de1cbac06cd149eeac362afe492baa6b to remote] DEBUG org.asynchttpclient.netty.request.NettyRequestSender - Using pooled Channel '[id: 0xa0cab78f, L:/127.0.0.1:50143 - R:localhost/127.0.0.1:53918]' for 'GET' to 'http://localhost:53918/session/de1cbac06cd149eeac362afe492baa6b/element/74be6f30-1f55-43f4-b80c-fc966622a08d/name'
16:04:45.584 [Forwarding getElementTagName on session de1cbac06cd149eeac362afe492baa6b to remote] DEBUG org.asynchttpclient.netty.request.NettyRequestSender - Using open Channel [id: 0xa0cab78f, L:/127.0.0.1:50143 - R:localhost/127.0.0.1:53918] for GET '/session/de1cbac06cd149eeac362afe492baa6b/element/74be6f30-1f55-43f4-b80c-fc966622a08d/name'
16:04:45.592 [AsyncHttpClient-1-3] DEBUG org.asynchttpclient.netty.handler.HttpHandler - 

Request DefaultFullHttpRequest(decodeResult: success, version: HTTP/1.1, content: EmptyByteBufBE)
GET /session/de1cbac06cd149eeac362afe492baa6b/element/74be6f30-1f55-43f4-b80c-fc966622a08d/name HTTP/1.1
User-Agent: selenium/4.1.2 (java windows)
Cache-Control: no-cache
Content-Type: application/json; charset=utf-8
host: localhost:53918
accept: */*

Response DefaultHttpResponse(decodeResult: success, version: HTTP/1.1)
HTTP/1.1 200 OK
Content-Type: application/json; charset=utf-8
cache-control: no-cache
content-length: 18

16:04:45.592 [AsyncHttpClient-1-3] DEBUG org.asynchttpclient.netty.channel.ChannelManager - Adding key: http://localhost:53918 for channel [id: 0xa0cab78f, L:/127.0.0.1:50143 - R:localhost/127.0.0.1:53918]
16:04:45.593 [Forwarding getElementTagName on session de1cbac06cd149eeac362afe492baa6b to remote] DEBUG org.asynchttpclient.netty.request.NettyRequestSender - Using pooled Channel '[id: 0xa0cab78f, L:/127.0.0.1:50143 - R:localhost/127.0.0.1:53918]' for 'GET' to 'http://localhost:53918/session/de1cbac06cd149eeac362afe492baa6b/element/74be6f30-1f55-43f4-b80c-fc966622a08d/name'
16:04:45.593 [Forwarding getElementTagName on session de1cbac06cd149eeac362afe492baa6b to remote] DEBUG org.asynchttpclient.netty.request.NettyRequestSender - Using open Channel [id: 0xa0cab78f, L:/127.0.0.1:50143 - R:localhost/127.0.0.1:53918] for GET '/session/de1cbac06cd149eeac362afe492baa6b/element/74be6f30-1f55-43f4-b80c-fc966622a08d/name'
16:04:45.598 [AsyncHttpClient-1-3] DEBUG org.asynchttpclient.netty.handler.HttpHandler - 

Request DefaultFullHttpRequest(decodeResult: success, version: HTTP/1.1, content: EmptyByteBufBE)
GET /session/de1cbac06cd149eeac362afe492baa6b/element/74be6f30-1f55-43f4-b80c-fc966622a08d/name HTTP/1.1
User-Agent: selenium/4.1.2 (java windows)
Cache-Control: no-cache
Content-Type: application/json; charset=utf-8
host: localhost:53918
accept: */*

Response DefaultHttpResponse(decodeResult: success, version: HTTP/1.1)
HTTP/1.1 200 OK
Content-Type: application/json; charset=utf-8
cache-control: no-cache
content-length: 18

16:04:45.598 [AsyncHttpClient-1-3] DEBUG org.asynchttpclient.netty.channel.ChannelManager - Adding key: http://localhost:53918 for channel [id: 0xa0cab78f, L:/127.0.0.1:50143 - R:localhost/127.0.0.1:53918]
16:04:45.601 [Forwarding isElementEnabled on session de1cbac06cd149eeac362afe492baa6b to remote] DEBUG org.asynchttpclient.netty.request.NettyRequestSender - Using pooled Channel '[id: 0xa0cab78f, L:/127.0.0.1:50143 - R:localhost/127.0.0.1:53918]' for 'GET' to 'http://localhost:53918/session/de1cbac06cd149eeac362afe492baa6b/element/74be6f30-1f55-43f4-b80c-fc966622a08d/enabled'
16:04:45.601 [Forwarding isElementEnabled on session de1cbac06cd149eeac362afe492baa6b to remote] DEBUG org.asynchttpclient.netty.request.NettyRequestSender - Using open Channel [id: 0xa0cab78f, L:/127.0.0.1:50143 - R:localhost/127.0.0.1:53918] for GET '/session/de1cbac06cd149eeac362afe492baa6b/element/74be6f30-1f55-43f4-b80c-fc966622a08d/enabled'
16:04:45.613 [AsyncHttpClient-1-3] DEBUG org.asynchttpclient.netty.handler.HttpHandler - 

Request DefaultFullHttpRequest(decodeResult: success, version: HTTP/1.1, content: EmptyByteBufBE)
GET /session/de1cbac06cd149eeac362afe492baa6b/element/74be6f30-1f55-43f4-b80c-fc966622a08d/enabled HTTP/1.1
User-Agent: selenium/4.1.2 (java windows)
Cache-Control: no-cache
Content-Type: application/json; charset=utf-8
host: localhost:53918
accept: */*

Response DefaultHttpResponse(decodeResult: success, version: HTTP/1.1)
HTTP/1.1 200 OK
Content-Type: application/json; charset=utf-8
cache-control: no-cache
content-length: 14

16:04:45.613 [AsyncHttpClient-1-3] DEBUG org.asynchttpclient.netty.channel.ChannelManager - Adding key: http://localhost:53918 for channel [id: 0xa0cab78f, L:/127.0.0.1:50143 - R:localhost/127.0.0.1:53918]
16:04:45.615 [Forwarding isElementEnabled on session de1cbac06cd149eeac362afe492baa6b to remote] DEBUG org.asynchttpclient.netty.request.NettyRequestSender - Using pooled Channel '[id: 0xa0cab78f, L:/127.0.0.1:50143 - R:localhost/127.0.0.1:53918]' for 'GET' to 'http://localhost:53918/session/de1cbac06cd149eeac362afe492baa6b/element/74be6f30-1f55-43f4-b80c-fc966622a08d/enabled'
16:04:45.615 [Forwarding isElementEnabled on session de1cbac06cd149eeac362afe492baa6b to remote] DEBUG org.asynchttpclient.netty.request.NettyRequestSender - Using open Channel [id: 0xa0cab78f, L:/127.0.0.1:50143 - R:localhost/127.0.0.1:53918] for GET '/session/de1cbac06cd149eeac362afe492baa6b/element/74be6f30-1f55-43f4-b80c-fc966622a08d/enabled'
16:04:45.622 [AsyncHttpClient-1-3] DEBUG org.asynchttpclient.netty.handler.HttpHandler - 

Request DefaultFullHttpRequest(decodeResult: success, version: HTTP/1.1, content: EmptyByteBufBE)
GET /session/de1cbac06cd149eeac362afe492baa6b/element/74be6f30-1f55-43f4-b80c-fc966622a08d/enabled HTTP/1.1
User-Agent: selenium/4.1.2 (java windows)
Cache-Control: no-cache
Content-Type: application/json; charset=utf-8
host: localhost:53918
accept: */*

Response DefaultHttpResponse(decodeResult: success, version: HTTP/1.1)
HTTP/1.1 200 OK
Content-Type: application/json; charset=utf-8
cache-control: no-cache
content-length: 14

16:04:45.622 [AsyncHttpClient-1-3] DEBUG org.asynchttpclient.netty.channel.ChannelManager - Adding key: http://localhost:53918 for channel [id: 0xa0cab78f, L:/127.0.0.1:50143 - R:localhost/127.0.0.1:53918]
16:04:45.625 [Forwarding findElement on session de1cbac06cd149eeac362afe492baa6b to remote] DEBUG org.asynchttpclient.netty.request.NettyRequestSender - Using pooled Channel '[id: 0xa0cab78f, L:/127.0.0.1:50143 - R:localhost/127.0.0.1:53918]' for 'POST' to 'http://localhost:53918/session/de1cbac06cd149eeac362afe492baa6b/element'
16:04:45.625 [Forwarding findElement on session de1cbac06cd149eeac362afe492baa6b to remote] DEBUG org.asynchttpclient.netty.request.NettyRequestSender - Using open Channel [id: 0xa0cab78f, L:/127.0.0.1:50143 - R:localhost/127.0.0.1:53918] for POST '/session/de1cbac06cd149eeac362afe492baa6b/element'
16:04:45.634 [AsyncHttpClient-1-3] DEBUG org.asynchttpclient.netty.handler.HttpHandler - 

Request DefaultHttpRequest(decodeResult: success, version: HTTP/1.1)
POST /session/de1cbac06cd149eeac362afe492baa6b/element HTTP/1.1
User-Agent: selenium/4.1.2 (java windows)
Content-Length: 177
Content-Type: application/json; charset=utf-8
host: localhost:53918
accept: */*

Response DefaultHttpResponse(decodeResult: success, version: HTTP/1.1)
HTTP/1.1 200 OK
Content-Type: application/json; charset=utf-8
cache-control: no-cache
content-length: 88

16:04:45.635 [AsyncHttpClient-1-3] DEBUG org.asynchttpclient.netty.channel.ChannelManager - Adding key: http://localhost:53918 for channel [id: 0xa0cab78f, L:/127.0.0.1:50143 - R:localhost/127.0.0.1:53918]
16:04:45.636 [Forwarding clickElement on session de1cbac06cd149eeac362afe492baa6b to remote] DEBUG org.asynchttpclient.netty.request.NettyRequestSender - Using pooled Channel '[id: 0xa0cab78f, L:/127.0.0.1:50143 - R:localhost/127.0.0.1:53918]' for 'POST' to 'http://localhost:53918/session/de1cbac06cd149eeac362afe492baa6b/element/74be6f30-1f55-43f4-b80c-fc966622a08d/click'
16:04:45.637 [Forwarding clickElement on session de1cbac06cd149eeac362afe492baa6b to remote] DEBUG org.asynchttpclient.netty.request.NettyRequestSender - Using open Channel [id: 0xa0cab78f, L:/127.0.0.1:50143 - R:localhost/127.0.0.1:53918] for POST '/session/de1cbac06cd149eeac362afe492baa6b/element/74be6f30-1f55-43f4-b80c-fc966622a08d/click'
16:04:45.744 [AsyncHttpClient-1-3] DEBUG org.asynchttpclient.netty.handler.HttpHandler - 

Request DefaultHttpRequest(decodeResult: success, version: HTTP/1.1)
POST /session/de1cbac06cd149eeac362afe492baa6b/element/74be6f30-1f55-43f4-b80c-fc966622a08d/click HTTP/1.1
User-Agent: selenium/4.1.2 (java windows)
Content-Length: 50
Content-Type: application/json; charset=utf-8
host: localhost:53918
accept: */*

Response DefaultHttpResponse(decodeResult: success, version: HTTP/1.1)
HTTP/1.1 200 OK
Content-Type: application/json; charset=utf-8
cache-control: no-cache
content-length: 14

16:04:45.745 [AsyncHttpClient-1-3] DEBUG org.asynchttpclient.netty.channel.ChannelManager - Adding key: http://localhost:53918 for channel [id: 0xa0cab78f, L:/127.0.0.1:50143 - R:localhost/127.0.0.1:53918]
16:04:45.753 [Forwarding screenshot on session de1cbac06cd149eeac362afe492baa6b to remote] DEBUG org.asynchttpclient.netty.request.NettyRequestSender - Using pooled Channel '[id: 0xa0cab78f, L:/127.0.0.1:50143 - R:localhost/127.0.0.1:53918]' for 'GET' to 'http://localhost:53918/session/de1cbac06cd149eeac362afe492baa6b/screenshot'
16:04:45.753 [Forwarding screenshot on session de1cbac06cd149eeac362afe492baa6b to remote] DEBUG org.asynchttpclient.netty.request.NettyRequestSender - Using open Channel [id: 0xa0cab78f, L:/127.0.0.1:50143 - R:localhost/127.0.0.1:53918] for GET '/session/de1cbac06cd149eeac362afe492baa6b/screenshot'
16:04:45.905 [AsyncHttpClient-1-3] DEBUG org.asynchttpclient.netty.handler.HttpHandler - 

Request DefaultFullHttpRequest(decodeResult: success, version: HTTP/1.1, content: EmptyByteBufBE)
GET /session/de1cbac06cd149eeac362afe492baa6b/screenshot HTTP/1.1
User-Agent: selenium/4.1.2 (java windows)
Cache-Control: no-cache
Content-Type: application/json; charset=utf-8
host: localhost:53918
accept: */*

Response DefaultHttpResponse(decodeResult: success, version: HTTP/1.1)
HTTP/1.1 200 OK
Content-Type: application/json; charset=utf-8
cache-control: no-cache
content-length: 92896

16:04:45.907 [AsyncHttpClient-1-3] DEBUG org.asynchttpclient.netty.channel.ChannelManager - Adding key: http://localhost:53918 for channel [id: 0xa0cab78f, L:/127.0.0.1:50143 - R:localhost/127.0.0.1:53918]
16:04:45.920 [main] DEBUG net.serenitybdd.core.photography.Darkroom - Send negative for processing for target\site\serenity\6fe5b910556637a45cc5ca623a63c941e72a6515d825caf6d287430a33b5dca9.png
16:04:45.921 [Darkroom Processing Line] DEBUG net.serenitybdd.core.photography.DarkroomProcessingLine - Processing screenshot image in /var/screenshots/screenshot-18196647514714363107
16:04:45.921 [Darkroom Processing Line] DEBUG net.serenitybdd.core.photography.DarkroomProcessingLine - Saving screenshot to target\site\serenity\6fe5b910556637a45cc5ca623a63c941e72a6515d825caf6d287430a33b5dca9.png
16:04:45.921 [main] DEBUG net.thucydides.core.steps.StepInterceptor - STEP DONE: clickDeletePatientButton
  &amp#27;[32mWhen &amp#27;[0m&amp#27;[32mI click Delete Patient button&amp#27;[0m   &amp#27;[90m# starter.stepdefinitions.PatientSteps.iClickDeletePatientButton()&amp#27;[0m
16:04:45.955 [main] DEBUG net.thucydides.core.steps.StepInterceptor - STARTING STEP: PatientSteps.iClickDeleteButton - clickDeleteButton
16:04:45.960 [Forwarding findElement on session de1cbac06cd149eeac362afe492baa6b to remote] DEBUG org.asynchttpclient.netty.request.NettyRequestSender - Using pooled Channel '[id: 0xa0cab78f, L:/127.0.0.1:50143 - R:localhost/127.0.0.1:53918]' for 'POST' to 'http://localhost:53918/session/de1cbac06cd149eeac362afe492baa6b/element'
16:04:45.960 [Forwarding findElement on session de1cbac06cd149eeac362afe492baa6b to remote] DEBUG org.asynchttpclient.netty.request.NettyRequestSender - Using open Channel [id: 0xa0cab78f, L:/127.0.0.1:50143 - R:localhost/127.0.0.1:53918] for POST '/session/de1cbac06cd149eeac362afe492baa6b/element'
16:04:45.982 [AsyncHttpClient-1-3] DEBUG org.asynchttpclient.netty.handler.HttpHandler - 

Request DefaultHttpRequest(decodeResult: success, version: HTTP/1.1)
POST /session/de1cbac06cd149eeac362afe492baa6b/element HTTP/1.1
User-Agent: selenium/4.1.2 (java windows)
Content-Length: 105
Content-Type: application/json; charset=utf-8
host: localhost:53918
accept: */*

Response DefaultHttpResponse(decodeResult: success, version: HTTP/1.1)
HTTP/1.1 200 OK
Content-Type: application/json; charset=utf-8
cache-control: no-cache
content-length: 88

16:04:45.983 [AsyncHttpClient-1-3] DEBUG org.asynchttpclient.netty.channel.ChannelManager - Adding key: http://localhost:53918 for channel [id: 0xa0cab78f, L:/127.0.0.1:50143 - R:localhost/127.0.0.1:53918]
16:04:45.992 [Forwarding getElementTagName on session de1cbac06cd149eeac362afe492baa6b to remote] DEBUG org.asynchttpclient.netty.request.NettyRequestSender - Using pooled Channel '[id: 0xa0cab78f, L:/127.0.0.1:50143 - R:localhost/127.0.0.1:53918]' for 'GET' to 'http://localhost:53918/session/de1cbac06cd149eeac362afe492baa6b/element/d0fbd294-6270-4039-bc00-05f66264090a/name'
16:04:45.992 [Forwarding getElementTagName on session de1cbac06cd149eeac362afe492baa6b to remote] DEBUG org.asynchttpclient.netty.request.NettyRequestSender - Using open Channel [id: 0xa0cab78f, L:/127.0.0.1:50143 - R:localhost/127.0.0.1:53918] for GET '/session/de1cbac06cd149eeac362afe492baa6b/element/d0fbd294-6270-4039-bc00-05f66264090a/name'
16:04:45.998 [AsyncHttpClient-1-3] DEBUG org.asynchttpclient.netty.handler.HttpHandler - 

Request DefaultFullHttpRequest(decodeResult: success, version: HTTP/1.1, content: EmptyByteBufBE)
GET /session/de1cbac06cd149eeac362afe492baa6b/element/d0fbd294-6270-4039-bc00-05f66264090a/name HTTP/1.1
User-Agent: selenium/4.1.2 (java windows)
Cache-Control: no-cache
Content-Type: application/json; charset=utf-8
host: localhost:53918
accept: */*

Response DefaultHttpResponse(decodeResult: success, version: HTTP/1.1)
HTTP/1.1 200 OK
Content-Type: application/json; charset=utf-8
cache-control: no-cache
content-length: 18

16:04:45.998 [AsyncHttpClient-1-3] DEBUG org.asynchttpclient.netty.channel.ChannelManager - Adding key: http://localhost:53918 for channel [id: 0xa0cab78f, L:/127.0.0.1:50143 - R:localhost/127.0.0.1:53918]
16:04:46.001 [Forwarding getElementTagName on session de1cbac06cd149eeac362afe492baa6b to remote] DEBUG org.asynchttpclient.netty.request.NettyRequestSender - Using pooled Channel '[id: 0xa0cab78f, L:/127.0.0.1:50143 - R:localhost/127.0.0.1:53918]' for 'GET' to 'http://localhost:53918/session/de1cbac06cd149eeac362afe492baa6b/element/d0fbd294-6270-4039-bc00-05f66264090a/name'
16:04:46.001 [Forwarding getElementTagName on session de1cbac06cd149eeac362afe492baa6b to remote] DEBUG org.asynchttpclient.netty.request.NettyRequestSender - Using open Channel [id: 0xa0cab78f, L:/127.0.0.1:50143 - R:localhost/127.0.0.1:53918] for GET '/session/de1cbac06cd149eeac362afe492baa6b/element/d0fbd294-6270-4039-bc00-05f66264090a/name'
16:04:46.007 [AsyncHttpClient-1-3] DEBUG org.asynchttpclient.netty.handler.HttpHandler - 

Request DefaultFullHttpRequest(decodeResult: success, version: HTTP/1.1, content: EmptyByteBufBE)
GET /session/de1cbac06cd149eeac362afe492baa6b/element/d0fbd294-6270-4039-bc00-05f66264090a/name HTTP/1.1
User-Agent: selenium/4.1.2 (java windows)
Cache-Control: no-cache
Content-Type: application/json; charset=utf-8
host: localhost:53918
accept: */*

Response DefaultHttpResponse(decodeResult: success, version: HTTP/1.1)
HTTP/1.1 200 OK
Content-Type: application/json; charset=utf-8
cache-control: no-cache
content-length: 18

16:04:46.007 [AsyncHttpClient-1-3] DEBUG org.asynchttpclient.netty.channel.ChannelManager - Adding key: http://localhost:53918 for channel [id: 0xa0cab78f, L:/127.0.0.1:50143 - R:localhost/127.0.0.1:53918]
16:04:46.011 [Forwarding isElementEnabled on session de1cbac06cd149eeac362afe492baa6b to remote] DEBUG org.asynchttpclient.netty.request.NettyRequestSender - Using pooled Channel '[id: 0xa0cab78f, L:/127.0.0.1:50143 - R:localhost/127.0.0.1:53918]' for 'GET' to 'http://localhost:53918/session/de1cbac06cd149eeac362afe492baa6b/element/d0fbd294-6270-4039-bc00-05f66264090a/enabled'
16:04:46.011 [Forwarding isElementEnabled on session de1cbac06cd149eeac362afe492baa6b to remote] DEBUG org.asynchttpclient.netty.request.NettyRequestSender - Using open Channel [id: 0xa0cab78f, L:/127.0.0.1:50143 - R:localhost/127.0.0.1:53918] for GET '/session/de1cbac06cd149eeac362afe492baa6b/element/d0fbd294-6270-4039-bc00-05f66264090a/enabled'
16:04:46.023 [AsyncHttpClient-1-3] DEBUG org.asynchttpclient.netty.handler.HttpHandler - 

Request DefaultFullHttpRequest(decodeResult: success, version: HTTP/1.1, content: EmptyByteBufBE)
GET /session/de1cbac06cd149eeac362afe492baa6b/element/d0fbd294-6270-4039-bc00-05f66264090a/enabled HTTP/1.1
User-Agent: selenium/4.1.2 (java windows)
Cache-Control: no-cache
Content-Type: application/json; charset=utf-8
host: localhost:53918
accept: */*

Response DefaultHttpResponse(decodeResult: success, version: HTTP/1.1)
HTTP/1.1 200 OK
Content-Type: application/json; charset=utf-8
cache-control: no-cache
content-length: 14

16:04:46.024 [AsyncHttpClient-1-3] DEBUG org.asynchttpclient.netty.channel.ChannelManager - Adding key: http://localhost:53918 for channel [id: 0xa0cab78f, L:/127.0.0.1:50143 - R:localhost/127.0.0.1:53918]
16:04:46.025 [Forwarding isElementEnabled on session de1cbac06cd149eeac362afe492baa6b to remote] DEBUG org.asynchttpclient.netty.request.NettyRequestSender - Using pooled Channel '[id: 0xa0cab78f, L:/127.0.0.1:50143 - R:localhost/127.0.0.1:53918]' for 'GET' to 'http://localhost:53918/session/de1cbac06cd149eeac362afe492baa6b/element/d0fbd294-6270-4039-bc00-05f66264090a/enabled'
16:04:46.025 [Forwarding isElementEnabled on session de1cbac06cd149eeac362afe492baa6b to remote] DEBUG org.asynchttpclient.netty.request.NettyRequestSender - Using open Channel [id: 0xa0cab78f, L:/127.0.0.1:50143 - R:localhost/127.0.0.1:53918] for GET '/session/de1cbac06cd149eeac362afe492baa6b/element/d0fbd294-6270-4039-bc00-05f66264090a/enabled'
16:04:46.032 [AsyncHttpClient-1-3] DEBUG org.asynchttpclient.netty.handler.HttpHandler - 

Request DefaultFullHttpRequest(decodeResult: success, version: HTTP/1.1, content: EmptyByteBufBE)
GET /session/de1cbac06cd149eeac362afe492baa6b/element/d0fbd294-6270-4039-bc00-05f66264090a/enabled HTTP/1.1
User-Agent: selenium/4.1.2 (java windows)
Cache-Control: no-cache
Content-Type: application/json; charset=utf-8
host: localhost:53918
accept: */*

Response DefaultHttpResponse(decodeResult: success, version: HTTP/1.1)
HTTP/1.1 200 OK
Content-Type: application/json; charset=utf-8
cache-control: no-cache
content-length: 14

16:04:46.032 [AsyncHttpClient-1-3] DEBUG org.asynchttpclient.netty.channel.ChannelManager - Adding key: http://localhost:53918 for channel [id: 0xa0cab78f, L:/127.0.0.1:50143 - R:localhost/127.0.0.1:53918]
16:04:46.035 [Forwarding findElement on session de1cbac06cd149eeac362afe492baa6b to remote] DEBUG org.asynchttpclient.netty.request.NettyRequestSender - Using pooled Channel '[id: 0xa0cab78f, L:/127.0.0.1:50143 - R:localhost/127.0.0.1:53918]' for 'POST' to 'http://localhost:53918/session/de1cbac06cd149eeac362afe492baa6b/element'
16:04:46.035 [Forwarding findElement on session de1cbac06cd149eeac362afe492baa6b to remote] DEBUG org.asynchttpclient.netty.request.NettyRequestSender - Using open Channel [id: 0xa0cab78f, L:/127.0.0.1:50143 - R:localhost/127.0.0.1:53918] for POST '/session/de1cbac06cd149eeac362afe492baa6b/element'
16:04:46.046 [AsyncHttpClient-1-3] DEBUG org.asynchttpclient.netty.handler.HttpHandler - 

Request DefaultHttpRequest(decodeResult: success, version: HTTP/1.1)
POST /session/de1cbac06cd149eeac362afe492baa6b/element HTTP/1.1
User-Agent: selenium/4.1.2 (java windows)
Content-Length: 105
Content-Type: application/json; charset=utf-8
host: localhost:53918
accept: */*

Response DefaultHttpResponse(decodeResult: success, version: HTTP/1.1)
HTTP/1.1 200 OK
Content-Type: application/json; charset=utf-8
cache-control: no-cache
content-length: 88

16:04:46.046 [AsyncHttpClient-1-3] DEBUG org.asynchttpclient.netty.channel.ChannelManager - Adding key: http://localhost:53918 for channel [id: 0xa0cab78f, L:/127.0.0.1:50143 - R:localhost/127.0.0.1:53918]
16:04:46.048 [Forwarding clickElement on session de1cbac06cd149eeac362afe492baa6b to remote] DEBUG org.asynchttpclient.netty.request.NettyRequestSender - Using pooled Channel '[id: 0xa0cab78f, L:/127.0.0.1:50143 - R:localhost/127.0.0.1:53918]' for 'POST' to 'http://localhost:53918/session/de1cbac06cd149eeac362afe492baa6b/element/d0fbd294-6270-4039-bc00-05f66264090a/click'
16:04:46.048 [Forwarding clickElement on session de1cbac06cd149eeac362afe492baa6b to remote] DEBUG org.asynchttpclient.netty.request.NettyRequestSender - Using open Channel [id: 0xa0cab78f, L:/127.0.0.1:50143 - R:localhost/127.0.0.1:53918] for POST '/session/de1cbac06cd149eeac362afe492baa6b/element/d0fbd294-6270-4039-bc00-05f66264090a/click'
16:04:46.175 [AsyncHttpClient-1-1] DEBUG org.asynchttpclient.netty.channel.DefaultChannelPool - Entry count for : http://localhost:50144 : 1
16:04:46.756 [AsyncHttpClient-1-3] DEBUG org.asynchttpclient.netty.handler.HttpHandler - 

Request DefaultHttpRequest(decodeResult: success, version: HTTP/1.1)
POST /session/de1cbac06cd149eeac362afe492baa6b/element/d0fbd294-6270-4039-bc00-05f66264090a/click HTTP/1.1
User-Agent: selenium/4.1.2 (java windows)
Content-Length: 50
Content-Type: application/json; charset=utf-8
host: localhost:53918
accept: */*

Response DefaultHttpResponse(decodeResult: success, version: HTTP/1.1)
HTTP/1.1 200 OK
Content-Type: application/json; charset=utf-8
cache-control: no-cache
content-length: 14

16:04:46.756 [AsyncHttpClient-1-3] DEBUG org.asynchttpclient.netty.channel.ChannelManager - Adding key: http://localhost:53918 for channel [id: 0xa0cab78f, L:/127.0.0.1:50143 - R:localhost/127.0.0.1:53918]
16:04:46.767 [Forwarding screenshot on session de1cbac06cd149eeac362afe492baa6b to remote] DEBUG org.asynchttpclient.netty.request.NettyRequestSender - Using pooled Channel '[id: 0xa0cab78f, L:/127.0.0.1:50143 - R:localhost/127.0.0.1:53918]' for 'GET' to 'http://localhost:53918/session/de1cbac06cd149eeac362afe492baa6b/screenshot'
16:04:46.767 [Forwarding screenshot on session de1cbac06cd149eeac362afe492baa6b to remote] DEBUG org.asynchttpclient.netty.request.NettyRequestSender - Using open Channel [id: 0xa0cab78f, L:/127.0.0.1:50143 - R:localhost/127.0.0.1:53918] for GET '/session/de1cbac06cd149eeac362afe492baa6b/screenshot'
16:04:46.911 [AsyncHttpClient-1-3] DEBUG org.asynchttpclient.netty.handler.HttpHandler - 

Request DefaultFullHttpRequest(decodeResult: success, version: HTTP/1.1, content: EmptyByteBufBE)
GET /session/de1cbac06cd149eeac362afe492baa6b/screenshot HTTP/1.1
User-Agent: selenium/4.1.2 (java windows)
Cache-Control: no-cache
Content-Type: application/json; charset=utf-8
host: localhost:53918
accept: */*

Response DefaultHttpResponse(decodeResult: success, version: HTTP/1.1)
HTTP/1.1 200 OK
Content-Type: application/json; charset=utf-8
cache-control: no-cache
content-length: 90040

16:04:46.913 [AsyncHttpClient-1-3] DEBUG org.asynchttpclient.netty.channel.ChannelManager - Adding key: http://localhost:53918 for channel [id: 0xa0cab78f, L:/127.0.0.1:50143 - R:localhost/127.0.0.1:53918]
16:04:46.918 [main] DEBUG net.serenitybdd.core.photography.Darkroom - Send negative for processing for target\site\serenity\1048152778e8e6456645b42a4532af8a7ad98999ae92cb48a673ab7783f59621.png
16:04:46.918 [main] DEBUG net.thucydides.core.steps.StepInterceptor - STEP DONE: clickDeleteButton
16:04:46.919 [Darkroom Processing Line] DEBUG net.serenitybdd.core.photography.DarkroomProcessingLine - Processing screenshot image in /var/screenshots/screenshot-10810571889222432046
16:04:46.919 [Darkroom Processing Line] DEBUG net.serenitybdd.core.photography.DarkroomProcessingLine - Saving screenshot to target\site\serenity\1048152778e8e6456645b42a4532af8a7ad98999ae92cb48a673ab7783f59621.png
  &amp#27;[32mThen &amp#27;[0m&amp#27;[32mI click Delete button&amp#27;[0m           &amp#27;[90m# starter.stepdefinitions.PatientSteps.iClickDeleteButton()&amp#27;[0m
16:04:46.925 [main] INFO  - 
  _____   ___   ___   _____     ___     _     ___   ___   ___   ___  
 |_   _| | __| / __| |_   _|   | _ \   /_\   / __| / __| | __| |   \ 
   | |   | _|  \__ \   | |     |  _/  / _ \  \__ \ \__ \ | _|  | |) |
   |_|   |___| |___/   |_|     |_|   /_/ \_\ |___/ |___/ |___| |___/ 

Delete Patient Data scenario
----------------------------------------------------------------------
16:04:46.929 [AsyncHttpClient-1-5] DEBUG org.asynchttpclient.netty.handler.WebSocketHandler - Channel Closed: [id: 0xbd4d5799, L:/127.0.0.1:50150 ! R:localhost/127.0.0.1:50144] with attribute NettyResponseFuture{currentRetry=5,
	isDone=1,
	isCancelled=0,
	asyncHandler=org.asynchttpclient.ws.WebSocketUpgradeHandler@81d2660,
	nettyRequest=org.asynchttpclient.netty.request.NettyRequest@5fb2f3eb,
	future=java.util.concurrent.CompletableFuture@3e7b25b2[Completed normally],
	uri=ws://localhost:50144/devtools/browser/ca6525cb-577d-4ea6-b9aa-d270ef180404,
	keepAlive=true,
	redirectCount=0,
	timeoutsHolder=null,
	inAuth=0,
	touch=1655111079061}
16:04:46.929 [AsyncHttpClient-1-5] DEBUG org.asynchttpclient.netty.channel.ChannelManager - Closing Channel [id: 0xbd4d5799, L:/127.0.0.1:50150 ! R:localhost/127.0.0.1:50144] 
16:04:46.929 [Driver Command Executor] DEBUG org.asynchttpclient.netty.request.NettyRequestSender - Using pooled Channel '[id: 0xa0cab78f, L:/127.0.0.1:50143 - R:localhost/127.0.0.1:53918]' for 'DELETE' to 'http://localhost:53918/session/de1cbac06cd149eeac362afe492baa6b'
16:04:46.929 [Driver Command Executor] DEBUG org.asynchttpclient.netty.request.NettyRequestSender - Using open Channel [id: 0xa0cab78f, L:/127.0.0.1:50143 - R:localhost/127.0.0.1:53918] for DELETE '/session/de1cbac06cd149eeac362afe492baa6b'
16:04:46.955 [AsyncHttpClient-1-4] DEBUG org.asynchttpclient.netty.handler.HttpHandler - Unexpected I/O exception on channel [id: 0x236f1e11, L:/127.0.0.1:50149 - R:localhost/127.0.0.1:50144]
java.net.SocketException: Connection reset
	at java.base/sun.nio.ch.SocketChannelImpl.throwConnectionReset(SocketChannelImpl.java:367)
	at java.base/sun.nio.ch.SocketChannelImpl.read(SocketChannelImpl.java:398)
	at io.netty.buffer.PooledByteBuf.setBytes(PooledByteBuf.java:258)
	at io.netty.buffer.AbstractByteBuf.writeBytes(AbstractByteBuf.java:1132)
	at io.netty.channel.socket.nio.NioSocketChannel.doReadBytes(NioSocketChannel.java:350)
	at io.netty.channel.nio.AbstractNioByteChannel$NioByteUnsafe.read(AbstractNioByteChannel.java:151)
	at io.netty.channel.nio.NioEventLoop.processSelectedKey(NioEventLoop.java:722)
	at io.netty.channel.nio.NioEventLoop.processSelectedKeysOptimized(NioEventLoop.java:658)
	at io.netty.channel.nio.NioEventLoop.processSelectedKeys(NioEventLoop.java:584)
	at io.netty.channel.nio.NioEventLoop.run(NioEventLoop.java:496)
	at io.netty.util.concurrent.SingleThreadEventExecutor$4.run(SingleThreadEventExecutor.java:986)
	at io.netty.util.internal.ThreadExecutorMap$2.run(ThreadExecutorMap.java:74)
	at io.netty.util.concurrent.FastThreadLocalRunnable.run(FastThreadLocalRunnable.java:30)
	at java.base/java.lang.Thread.run(Thread.java:832)
16:04:46.955 [AsyncHttpClient-1-4] DEBUG org.asynchttpclient.netty.channel.ChannelManager - Closing Channel [id: 0x236f1e11, L:/127.0.0.1:50149 - R:localhost/127.0.0.1:50144] 
16:04:46.955 [AsyncHttpClient-1-4] DEBUG org.asynchttpclient.netty.handler.HttpHandler - Channel Closed: [id: 0x236f1e11, L:/127.0.0.1:50149 ! R:localhost/127.0.0.1:50144] with attribute DISCARD
16:04:47.274 [AsyncHttpClient-1-1] DEBUG org.asynchttpclient.netty.channel.DefaultChannelPool - Entry count for : http://localhost:50144 : 1
16:04:47.274 [AsyncHttpClient-1-1] DEBUG org.asynchttpclient.netty.channel.DefaultChannelPool - Adding Candidate expired Channel [id: 0x236f1e11, L:/127.0.0.1:50149 ! R:localhost/127.0.0.1:50144] isIdleTimeoutExpired=false isRemotelyClosed=true isTtlExpired=false
16:04:47.274 [AsyncHttpClient-1-1] DEBUG org.asynchttpclient.netty.channel.DefaultChannelPool - Closing Idle Channel [id: 0x236f1e11, L:/127.0.0.1:50149 ! R:localhost/127.0.0.1:50144]
16:04:47.274 [AsyncHttpClient-1-1] DEBUG org.asynchttpclient.netty.channel.DefaultChannelPool - Closed 1 connections out of 1 in 0 ms
16:04:47.588 [AsyncHttpClient-1-3] DEBUG org.asynchttpclient.netty.handler.HttpHandler - 

Request DefaultFullHttpRequest(decodeResult: success, version: HTTP/1.1, content: EmptyByteBufBE)
DELETE /session/de1cbac06cd149eeac362afe492baa6b HTTP/1.1
User-Agent: selenium/4.1.2 (java windows)
Content-Type: application/json; charset=utf-8
host: localhost:53918
accept: */*

Response DefaultHttpResponse(decodeResult: success, version: HTTP/1.1)
HTTP/1.1 200 OK
Content-Type: application/json; charset=utf-8
cache-control: no-cache
content-length: 14

16:04:47.589 [AsyncHttpClient-1-3] DEBUG org.asynchttpclient.netty.channel.ChannelManager - Adding key: http://localhost:53918 for channel [id: 0xa0cab78f, L:/127.0.0.1:50143 - R:localhost/127.0.0.1:53918]
16:04:47.695 [AsyncHttpClient-1-3] DEBUG org.asynchttpclient.netty.handler.HttpHandler - Channel Closed: [id: 0xa0cab78f, L:/127.0.0.1:50143 ! R:localhost/127.0.0.1:53918] with attribute DISCARD
]]></system-out>
    <system-err><![CDATA[Starting ChromeDriver 102.0.5005.61 (0e59bcc00cc4985ce39ad31c150065f159d95ad3-refs/branch-heads/5005@{#819}) on port 53918
Only local connections are allowed.
Please see https://chromedriver.chromium.org/security-considerations for suggestions on keeping ChromeDriver safe.
ChromeDriver was started successfully.
Jun 13, 2022 4:04:39 PM org.openqa.selenium.remote.ProtocolHandshake createSession
INFO: Detected dialect: W3C
Jun 13, 2022 4:04:39 PM org.openqa.selenium.devtools.CdpVersionFinder findNearestMatch
WARNING: Unable to find an exact match for CDP version 102, so returning the closest version found: a no-op implementation
Jun 13, 2022 4:04:39 PM org.openqa.selenium.devtools.CdpVersionFinder findNearestMatch
INFO: Unable to find CDP implementation matching 102.
Jun 13, 2022 4:04:39 PM org.openqa.selenium.chromium.ChromiumDriver lambda$new$3
WARNING: Unable to find version of CDP to use for . You may need to include a dependency on a specific version of the CDP using something similar to `org.seleniumhq.selenium:selenium-devtools-v86:4.1.2` where the version ("v86") matches the version of the chromium-based browser you're using and the version number of the artifact is the same as Selenium's.
]]></system-err>
  </testcase>
  <testcase name="Cancel Delete Patient Data scenario" classname="Patient" time="13.34">
    <system-out><![CDATA[
@Patient
Scenario: Cancel Delete Patient Data scenario &amp#27;[90m# src/test/resources/features/Patient.feature:34&amp#27;[0m
16:04:48.253 [main] INFO io.cucumber.core.plugin.SerenityReporter - Running feature from file:///E:/My%20Documents/File%20Difa/TI%20Semester%206%20Kampus%20Merdeka%20Alterra/Tugas/CAPSTONE%20Project/Capstone-Project-Website/src/test/resources/features/Patient.feature
16:04:48.257 [main] INFO  - 
  _____   ___   ___   _____     ___   _____     _     ___   _____   ___   ___  
 |_   _| | __| / __| |_   _|   / __| |_   _|   /_\   | _ \ |_   _| | __| |   \ 
   | |   | _|  \__ \   | |     \__ \   | |    / _ \  |   /   | |   | _|  | |) |
   |_|   |___| |___/   |_|     |___/   |_|   /_/ \_\ |_|_\   |_|   |___| |___/ 

Cancel Delete Patient Data scenario(patient;cancel-delete-patient-data-scenario)
--------------------------------------------------------------------------------
16:04:48.294 [main] DEBUG net.thucydides.core.steps.StepInterceptor - STARTING STEP: PatientSteps.iAmAtTheDashboardPage - openUrl
16:04:48.296 [main] INFO net.serenitybdd.core.webdriver.driverproviders.ChromeDriverProvider - Using automatically driver download
16:04:48.376 [AsyncHttpClient-1-1] DEBUG org.asynchttpclient.netty.channel.DefaultChannelPool - Entry count for : http://localhost:53918 : 1
16:04:48.376 [AsyncHttpClient-1-1] DEBUG org.asynchttpclient.netty.channel.DefaultChannelPool - Adding Candidate expired Channel [id: 0xa0cab78f, L:/127.0.0.1:50143 ! R:localhost/127.0.0.1:53918] isIdleTimeoutExpired=false isRemotelyClosed=true isTtlExpired=false
16:04:48.376 [AsyncHttpClient-1-1] DEBUG org.asynchttpclient.netty.channel.DefaultChannelPool - Closing Idle Channel [id: 0xa0cab78f, L:/127.0.0.1:50143 ! R:localhost/127.0.0.1:53918]
16:04:48.376 [AsyncHttpClient-1-1] DEBUG org.asynchttpclient.netty.channel.DefaultChannelPool - Closed 1 connections out of 1 in 0 ms
16:04:48.471 [main] DEBUG io.github.bonigarcia.wdm.cache.ResolutionCache - Resolution chrome=102 in cache (valid until 16:10:42 13/06/2022 ICT)
16:04:48.475 [main] DEBUG io.github.bonigarcia.wdm.cache.ResolutionCache - Resolution chrome102=102.0.5005.61 in cache (valid until 11:58:55 14/06/2022 ICT)
16:04:48.477 [main] INFO io.github.bonigarcia.wdm.WebDriverManager - Using chromedriver 102.0.5005.61 (resolved driver for Chrome 102)
16:04:48.490 [main] DEBUG io.github.bonigarcia.wdm.WebDriverManager - Driver chromedriver 102.0.5005.61 found in cache
16:04:48.491 [main] INFO io.github.bonigarcia.wdm.WebDriverManager - Exporting webdriver.chrome.driver as C:\Users\USER\.cache\selenium\chromedriver\win32\102.0.5005.61\chromedriver.exe
16:04:48.650 [main] DEBUG net.serenitybdd.core.webdriver.driverproviders.ProvideNewDriver - Instantiating driver
16:04:48.650 [main] DEBUG net.serenitybdd.core.webdriver.driverproviders.ProvideNewDriver - Driver capabilities: Capabilities {acceptInsecureCerts: false, base.url: https://group7-react-dev.ne..., browserName: chrome, chrome.driver: src/test/resources/webdrive..., driver: chrome, goog:chromeOptions: {args: [], extensions: []}}
16:04:49.168 [AsyncHttpClient-1-6] DEBUG org.asynchttpclient.netty.channel.NettyConnectListener - Using new Channel '[id: 0xb26e06af, L:/127.0.0.1:50166 - R:localhost/127.0.0.1:60964]' for 'POST' to '/session'
16:04:51.441 [AsyncHttpClient-1-6] DEBUG org.asynchttpclient.netty.handler.HttpHandler - 

Request DefaultHttpRequest(decodeResult: success, version: HTTP/1.1)
POST /session HTTP/1.1
User-Agent: selenium/4.1.2 (java windows)
Content-Length: 617
Content-Type: application/json; charset=utf-8
host: localhost:60964
accept: */*

Response DefaultHttpResponse(decodeResult: success, version: HTTP/1.1)
HTTP/1.1 200 OK
Content-Type: application/json; charset=utf-8
cache-control: no-cache
content-length: 788

16:04:51.442 [AsyncHttpClient-1-6] DEBUG org.asynchttpclient.netty.channel.ChannelManager - Adding key: http://localhost:60964 for channel [id: 0xb26e06af, L:/127.0.0.1:50166 - R:localhost/127.0.0.1:60964]
16:04:51.469 [AsyncHttpClient-1-7] DEBUG org.asynchttpclient.netty.channel.NettyConnectListener - Using new Channel '[id: 0x8e4c89ed, L:/127.0.0.1:50172 - R:localhost/127.0.0.1:50167]' for 'GET' to '/json/version'
16:04:51.472 [AsyncHttpClient-1-7] DEBUG org.asynchttpclient.netty.handler.HttpHandler - 

Request DefaultFullHttpRequest(decodeResult: success, version: HTTP/1.1, content: EmptyByteBufBE)
GET /json/version HTTP/1.1
User-Agent: selenium/4.1.2 (java windows)
host: localhost:50167
accept: */*

Response DefaultHttpResponse(decodeResult: success, version: HTTP/1.1)
HTTP/1.1 200 OK
Content-Type: application/json; charset=UTF-8
content-length: 427

16:04:51.473 [AsyncHttpClient-1-7] DEBUG org.asynchttpclient.netty.channel.ChannelManager - Adding key: http://localhost:50167 for channel [id: 0x8e4c89ed, L:/127.0.0.1:50172 - R:localhost/127.0.0.1:50167]
16:04:51.477 [AsyncHttpClient-1-8] DEBUG org.asynchttpclient.netty.channel.NettyConnectListener - Using new Channel '[id: 0x554ef39a, L:/127.0.0.1:50173 - R:localhost/127.0.0.1:50167]' for 'GET' to '/devtools/browser/6348bd30-7652-4c01-95c6-17d1c7c67f98'
16:04:51.478 [AsyncHttpClient-1-8] DEBUG org.asynchttpclient.netty.handler.WebSocketHandler - 

Request DefaultFullHttpRequest(decodeResult: success, version: HTTP/1.1, content: EmptyByteBufBE)
GET /devtools/browser/6348bd30-7652-4c01-95c6-17d1c7c67f98 HTTP/1.1
upgrade: websocket
connection: upgrade
sec-websocket-key: FiPnvpZ+4R334wUcWZzqpw==
sec-websocket-version: 13
origin: http://localhost:50167
host: localhost:50167
accept: */*
user-agent: AHC/2.1

Response DefaultHttpResponse(decodeResult: success, version: HTTP/1.1)
HTTP/1.1 101 WebSocket Protocol Handshake
Upgrade: WebSocket
Connection: Upgrade
Sec-WebSocket-Accept: bIS8lkYC4rJeulhvg+7ZQtIvo+A=

16:04:51.495 [Forwarding maximizeCurrentWindow on session 18bc2b64f63f770151f9ac9dee7be006 to remote] DEBUG org.asynchttpclient.netty.request.NettyRequestSender - Using pooled Channel '[id: 0xb26e06af, L:/127.0.0.1:50166 - R:localhost/127.0.0.1:60964]' for 'POST' to 'http://localhost:60964/session/18bc2b64f63f770151f9ac9dee7be006/window/maximize'
16:04:51.495 [Forwarding maximizeCurrentWindow on session 18bc2b64f63f770151f9ac9dee7be006 to remote] DEBUG org.asynchttpclient.netty.request.NettyRequestSender - Using open Channel [id: 0xb26e06af, L:/127.0.0.1:50166 - R:localhost/127.0.0.1:60964] for POST '/session/18bc2b64f63f770151f9ac9dee7be006/window/maximize'
16:04:51.645 [AsyncHttpClient-1-6] DEBUG org.asynchttpclient.netty.handler.HttpHandler - 

Request DefaultHttpRequest(decodeResult: success, version: HTTP/1.1)
POST /session/18bc2b64f63f770151f9ac9dee7be006/window/maximize HTTP/1.1
User-Agent: selenium/4.1.2 (java windows)
Content-Length: 3
Content-Type: application/json; charset=utf-8
host: localhost:60964
accept: */*

Response DefaultHttpResponse(decodeResult: success, version: HTTP/1.1)
HTTP/1.1 200 OK
Content-Type: application/json; charset=utf-8
cache-control: no-cache
content-length: 51

16:04:51.646 [AsyncHttpClient-1-6] DEBUG org.asynchttpclient.netty.channel.ChannelManager - Adding key: http://localhost:60964 for channel [id: 0xb26e06af, L:/127.0.0.1:50166 - R:localhost/127.0.0.1:60964]
16:04:51.652 [Forwarding get on session 18bc2b64f63f770151f9ac9dee7be006 to remote] DEBUG org.asynchttpclient.netty.request.NettyRequestSender - Using pooled Channel '[id: 0xb26e06af, L:/127.0.0.1:50166 - R:localhost/127.0.0.1:60964]' for 'POST' to 'http://localhost:60964/session/18bc2b64f63f770151f9ac9dee7be006/url'
16:04:51.653 [Forwarding get on session 18bc2b64f63f770151f9ac9dee7be006 to remote] DEBUG org.asynchttpclient.netty.request.NettyRequestSender - Using open Channel [id: 0xb26e06af, L:/127.0.0.1:50166 - R:localhost/127.0.0.1:60964] for POST '/session/18bc2b64f63f770151f9ac9dee7be006/url'
16:04:51.674 [AsyncHttpClient-1-1] DEBUG org.asynchttpclient.netty.channel.DefaultChannelPool - Entry count for : http://localhost:50167 : 1
16:04:52.773 [AsyncHttpClient-1-1] DEBUG org.asynchttpclient.netty.channel.DefaultChannelPool - Entry count for : http://localhost:50167 : 1
16:04:53.874 [AsyncHttpClient-1-1] DEBUG org.asynchttpclient.netty.channel.DefaultChannelPool - Entry count for : http://localhost:50167 : 1
16:04:54.380 [AsyncHttpClient-1-6] DEBUG org.asynchttpclient.netty.handler.HttpHandler - 

Request DefaultHttpRequest(decodeResult: success, version: HTTP/1.1)
POST /session/18bc2b64f63f770151f9ac9dee7be006/url HTTP/1.1
User-Agent: selenium/4.1.2 (java windows)
Content-Length: 61
Content-Type: application/json; charset=utf-8
host: localhost:60964
accept: */*

Response DefaultHttpResponse(decodeResult: success, version: HTTP/1.1)
HTTP/1.1 200 OK
Content-Type: application/json; charset=utf-8
cache-control: no-cache
content-length: 14

16:04:54.381 [AsyncHttpClient-1-6] DEBUG org.asynchttpclient.netty.channel.ChannelManager - Adding key: http://localhost:60964 for channel [id: 0xb26e06af, L:/127.0.0.1:50166 - R:localhost/127.0.0.1:60964]
16:04:54.385 [Forwarding setTimeout on session 18bc2b64f63f770151f9ac9dee7be006 to remote] DEBUG org.asynchttpclient.netty.request.NettyRequestSender - Using pooled Channel '[id: 0xb26e06af, L:/127.0.0.1:50166 - R:localhost/127.0.0.1:60964]' for 'POST' to 'http://localhost:60964/session/18bc2b64f63f770151f9ac9dee7be006/timeouts'
16:04:54.386 [Forwarding setTimeout on session 18bc2b64f63f770151f9ac9dee7be006 to remote] DEBUG org.asynchttpclient.netty.request.NettyRequestSender - Using open Channel [id: 0xb26e06af, L:/127.0.0.1:50166 - R:localhost/127.0.0.1:60964] for POST '/session/18bc2b64f63f770151f9ac9dee7be006/timeouts'
16:04:54.393 [AsyncHttpClient-1-6] DEBUG org.asynchttpclient.netty.handler.HttpHandler - 

Request DefaultHttpRequest(decodeResult: success, version: HTTP/1.1)
POST /session/18bc2b64f63f770151f9ac9dee7be006/timeouts HTTP/1.1
User-Agent: selenium/4.1.2 (java windows)
Content-Length: 22
Content-Type: application/json; charset=utf-8
host: localhost:60964
accept: */*

Response DefaultHttpResponse(decodeResult: success, version: HTTP/1.1)
HTTP/1.1 200 OK
Content-Type: application/json; charset=utf-8
cache-control: no-cache
content-length: 14

16:04:54.393 [AsyncHttpClient-1-6] DEBUG org.asynchttpclient.netty.channel.ChannelManager - Adding key: http://localhost:60964 for channel [id: 0xb26e06af, L:/127.0.0.1:50166 - R:localhost/127.0.0.1:60964]
16:04:54.401 [Forwarding getCurrentUrl on session 18bc2b64f63f770151f9ac9dee7be006 to remote] DEBUG org.asynchttpclient.netty.request.NettyRequestSender - Using pooled Channel '[id: 0xb26e06af, L:/127.0.0.1:50166 - R:localhost/127.0.0.1:60964]' for 'GET' to 'http://localhost:60964/session/18bc2b64f63f770151f9ac9dee7be006/url'
16:04:54.401 [Forwarding getCurrentUrl on session 18bc2b64f63f770151f9ac9dee7be006 to remote] DEBUG org.asynchttpclient.netty.request.NettyRequestSender - Using open Channel [id: 0xb26e06af, L:/127.0.0.1:50166 - R:localhost/127.0.0.1:60964] for GET '/session/18bc2b64f63f770151f9ac9dee7be006/url'
16:04:54.525 [AsyncHttpClient-1-6] DEBUG org.asynchttpclient.netty.handler.HttpHandler - 

Request DefaultFullHttpRequest(decodeResult: success, version: HTTP/1.1, content: EmptyByteBufBE)
GET /session/18bc2b64f63f770151f9ac9dee7be006/url HTTP/1.1
User-Agent: selenium/4.1.2 (java windows)
Cache-Control: no-cache
Content-Type: application/json; charset=utf-8
host: localhost:60964
accept: */*

Response DefaultHttpResponse(decodeResult: success, version: HTTP/1.1)
HTTP/1.1 200 OK
Content-Type: application/json; charset=utf-8
cache-control: no-cache
content-length: 49

16:04:54.525 [AsyncHttpClient-1-6] DEBUG org.asynchttpclient.netty.channel.ChannelManager - Adding key: http://localhost:60964 for channel [id: 0xb26e06af, L:/127.0.0.1:50166 - R:localhost/127.0.0.1:60964]
16:04:54.529 [Forwarding getCurrentUrl on session 18bc2b64f63f770151f9ac9dee7be006 to remote] DEBUG org.asynchttpclient.netty.request.NettyRequestSender - Using pooled Channel '[id: 0xb26e06af, L:/127.0.0.1:50166 - R:localhost/127.0.0.1:60964]' for 'GET' to 'http://localhost:60964/session/18bc2b64f63f770151f9ac9dee7be006/url'
16:04:54.529 [Forwarding getCurrentUrl on session 18bc2b64f63f770151f9ac9dee7be006 to remote] DEBUG org.asynchttpclient.netty.request.NettyRequestSender - Using open Channel [id: 0xb26e06af, L:/127.0.0.1:50166 - R:localhost/127.0.0.1:60964] for GET '/session/18bc2b64f63f770151f9ac9dee7be006/url'
16:04:54.534 [AsyncHttpClient-1-6] DEBUG org.asynchttpclient.netty.handler.HttpHandler - 

Request DefaultFullHttpRequest(decodeResult: success, version: HTTP/1.1, content: EmptyByteBufBE)
GET /session/18bc2b64f63f770151f9ac9dee7be006/url HTTP/1.1
User-Agent: selenium/4.1.2 (java windows)
Cache-Control: no-cache
Content-Type: application/json; charset=utf-8
host: localhost:60964
accept: */*

Response DefaultHttpResponse(decodeResult: success, version: HTTP/1.1)
HTTP/1.1 200 OK
Content-Type: application/json; charset=utf-8
cache-control: no-cache
content-length: 49

16:04:54.534 [AsyncHttpClient-1-6] DEBUG org.asynchttpclient.netty.channel.ChannelManager - Adding key: http://localhost:60964 for channel [id: 0xb26e06af, L:/127.0.0.1:50166 - R:localhost/127.0.0.1:60964]
16:04:54.549 [Forwarding screenshot on session 18bc2b64f63f770151f9ac9dee7be006 to remote] DEBUG org.asynchttpclient.netty.request.NettyRequestSender - Using pooled Channel '[id: 0xb26e06af, L:/127.0.0.1:50166 - R:localhost/127.0.0.1:60964]' for 'GET' to 'http://localhost:60964/session/18bc2b64f63f770151f9ac9dee7be006/screenshot'
16:04:54.549 [Forwarding screenshot on session 18bc2b64f63f770151f9ac9dee7be006 to remote] DEBUG org.asynchttpclient.netty.request.NettyRequestSender - Using open Channel [id: 0xb26e06af, L:/127.0.0.1:50166 - R:localhost/127.0.0.1:60964] for GET '/session/18bc2b64f63f770151f9ac9dee7be006/screenshot'
16:04:54.846 [AsyncHttpClient-1-6] DEBUG org.asynchttpclient.netty.handler.HttpHandler - 

Request DefaultFullHttpRequest(decodeResult: success, version: HTTP/1.1, content: EmptyByteBufBE)
GET /session/18bc2b64f63f770151f9ac9dee7be006/screenshot HTTP/1.1
User-Agent: selenium/4.1.2 (java windows)
Cache-Control: no-cache
Content-Type: application/json; charset=utf-8
host: localhost:60964
accept: */*

Response DefaultHttpResponse(decodeResult: success, version: HTTP/1.1)
HTTP/1.1 200 OK
Content-Type: application/json; charset=utf-8
cache-control: no-cache
content-length: 342312

16:04:54.850 [AsyncHttpClient-1-6] DEBUG org.asynchttpclient.netty.channel.ChannelManager - Adding key: http://localhost:60964 for channel [id: 0xb26e06af, L:/127.0.0.1:50166 - R:localhost/127.0.0.1:60964]
16:04:54.873 [main] DEBUG net.serenitybdd.core.photography.Darkroom - Send negative for processing for target\site\serenity\f92a07a93e5dcfd0a41d73887f97183e4e412fa116b265b5dc9ee772f936efe2.png
16:04:54.873 [main] DEBUG net.thucydides.core.steps.StepInterceptor - STEP DONE: openUrl
16:04:54.873 [Darkroom Processing Line] DEBUG net.serenitybdd.core.photography.DarkroomProcessingLine - Processing screenshot image in /var/screenshots/screenshot-14776565768608515377
16:04:54.873 [Darkroom Processing Line] DEBUG net.serenitybdd.core.photography.DarkroomProcessingLine - Saving screenshot to target\site\serenity\f92a07a93e5dcfd0a41d73887f97183e4e412fa116b265b5dc9ee772f936efe2.png
16:04:54.882 [main] DEBUG net.thucydides.core.steps.StepInterceptor - STARTING STEP: PatientSteps.iAmAtTheDashboardPage - validateOnDashboardPage
16:04:54.885 [Forwarding findElement on session 18bc2b64f63f770151f9ac9dee7be006 to remote] DEBUG org.asynchttpclient.netty.request.NettyRequestSender - Using pooled Channel '[id: 0xb26e06af, L:/127.0.0.1:50166 - R:localhost/127.0.0.1:60964]' for 'POST' to 'http://localhost:60964/session/18bc2b64f63f770151f9ac9dee7be006/element'
16:04:54.885 [Forwarding findElement on session 18bc2b64f63f770151f9ac9dee7be006 to remote] DEBUG org.asynchttpclient.netty.request.NettyRequestSender - Using open Channel [id: 0xb26e06af, L:/127.0.0.1:50166 - R:localhost/127.0.0.1:60964] for POST '/session/18bc2b64f63f770151f9ac9dee7be006/element'
16:04:54.903 [AsyncHttpClient-1-6] DEBUG org.asynchttpclient.netty.handler.HttpHandler - 

Request DefaultHttpRequest(decodeResult: success, version: HTTP/1.1)
POST /session/18bc2b64f63f770151f9ac9dee7be006/element HTTP/1.1
User-Agent: selenium/4.1.2 (java windows)
Content-Length: 105
Content-Type: application/json; charset=utf-8
host: localhost:60964
accept: */*

Response DefaultHttpResponse(decodeResult: success, version: HTTP/1.1)
HTTP/1.1 200 OK
Content-Type: application/json; charset=utf-8
cache-control: no-cache
content-length: 88

16:04:54.903 [AsyncHttpClient-1-6] DEBUG org.asynchttpclient.netty.channel.ChannelManager - Adding key: http://localhost:60964 for channel [id: 0xb26e06af, L:/127.0.0.1:50166 - R:localhost/127.0.0.1:60964]
16:04:54.908 [Forwarding isElementDisplayed on session 18bc2b64f63f770151f9ac9dee7be006 to remote] DEBUG org.asynchttpclient.netty.request.NettyRequestSender - Using pooled Channel '[id: 0xb26e06af, L:/127.0.0.1:50166 - R:localhost/127.0.0.1:60964]' for 'POST' to 'http://localhost:60964/session/18bc2b64f63f770151f9ac9dee7be006/execute/sync'
16:04:54.909 [Forwarding isElementDisplayed on session 18bc2b64f63f770151f9ac9dee7be006 to remote] DEBUG org.asynchttpclient.netty.request.NettyRequestSender - Using open Channel [id: 0xb26e06af, L:/127.0.0.1:50166 - R:localhost/127.0.0.1:60964] for POST '/session/18bc2b64f63f770151f9ac9dee7be006/execute/sync'
16:04:54.930 [AsyncHttpClient-1-6] DEBUG org.asynchttpclient.netty.handler.HttpHandler - 

Request DefaultHttpRequest(decodeResult: success, version: HTTP/1.1)
POST /session/18bc2b64f63f770151f9ac9dee7be006/execute/sync HTTP/1.1
User-Agent: selenium/4.1.2 (java windows)
Content-Length: 48780
Content-Type: application/json; charset=utf-8
host: localhost:60964
accept: */*

Response DefaultHttpResponse(decodeResult: success, version: HTTP/1.1)
HTTP/1.1 200 OK
Content-Type: application/json; charset=utf-8
cache-control: no-cache
content-length: 14

16:04:54.930 [AsyncHttpClient-1-6] DEBUG org.asynchttpclient.netty.channel.ChannelManager - Adding key: http://localhost:60964 for channel [id: 0xb26e06af, L:/127.0.0.1:50166 - R:localhost/127.0.0.1:60964]
16:04:54.936 [Forwarding screenshot on session 18bc2b64f63f770151f9ac9dee7be006 to remote] DEBUG org.asynchttpclient.netty.request.NettyRequestSender - Using pooled Channel '[id: 0xb26e06af, L:/127.0.0.1:50166 - R:localhost/127.0.0.1:60964]' for 'GET' to 'http://localhost:60964/session/18bc2b64f63f770151f9ac9dee7be006/screenshot'
16:04:54.936 [Forwarding screenshot on session 18bc2b64f63f770151f9ac9dee7be006 to remote] DEBUG org.asynchttpclient.netty.request.NettyRequestSender - Using open Channel [id: 0xb26e06af, L:/127.0.0.1:50166 - R:localhost/127.0.0.1:60964] for GET '/session/18bc2b64f63f770151f9ac9dee7be006/screenshot'
16:04:54.973 [AsyncHttpClient-1-1] DEBUG org.asynchttpclient.netty.channel.DefaultChannelPool - Entry count for : http://localhost:50167 : 1
16:04:55.251 [AsyncHttpClient-1-6] DEBUG org.asynchttpclient.netty.handler.HttpHandler - 

Request DefaultFullHttpRequest(decodeResult: success, version: HTTP/1.1, content: EmptyByteBufBE)
GET /session/18bc2b64f63f770151f9ac9dee7be006/screenshot HTTP/1.1
User-Agent: selenium/4.1.2 (java windows)
Cache-Control: no-cache
Content-Type: application/json; charset=utf-8
host: localhost:60964
accept: */*

Response DefaultHttpResponse(decodeResult: success, version: HTTP/1.1)
HTTP/1.1 200 OK
Content-Type: application/json; charset=utf-8
cache-control: no-cache
content-length: 380872

16:04:55.253 [AsyncHttpClient-1-6] DEBUG org.asynchttpclient.netty.channel.ChannelManager - Adding key: http://localhost:60964 for channel [id: 0xb26e06af, L:/127.0.0.1:50166 - R:localhost/127.0.0.1:60964]
16:04:55.276 [main] DEBUG net.serenitybdd.core.photography.Darkroom - Send negative for processing for target\site\serenity\1b25efb9c5676e1f2b3324c7366fede00ec6a6e3688f57813becf0b32f51831d.png
16:04:55.276 [main] DEBUG net.thucydides.core.steps.StepInterceptor - STEP DONE: validateOnDashboardPage
  &amp#27;[32mGiven &amp#27;[0m&amp#27;[32mI am at the dashboard page&amp#27;[0m            &amp#27;[90m# starter.stepdefinitions.PatientSteps.iAmAtTheDashboardPage()&amp#27;[0m
16:04:55.294 [main] DEBUG net.thucydides.core.steps.StepInterceptor - STARTING STEP: PatientSteps.iClickMenuPatient - clickMenuPatientButton
16:04:55.299 [Forwarding findElement on session 18bc2b64f63f770151f9ac9dee7be006 to remote] DEBUG org.asynchttpclient.netty.request.NettyRequestSender - Using pooled Channel '[id: 0xb26e06af, L:/127.0.0.1:50166 - R:localhost/127.0.0.1:60964]' for 'POST' to 'http://localhost:60964/session/18bc2b64f63f770151f9ac9dee7be006/element'
16:04:55.299 [Forwarding findElement on session 18bc2b64f63f770151f9ac9dee7be006 to remote] DEBUG org.asynchttpclient.netty.request.NettyRequestSender - Using open Channel [id: 0xb26e06af, L:/127.0.0.1:50166 - R:localhost/127.0.0.1:60964] for POST '/session/18bc2b64f63f770151f9ac9dee7be006/element'
16:04:55.427 [AsyncHttpClient-1-6] DEBUG org.asynchttpclient.netty.handler.HttpHandler - 

Request DefaultHttpRequest(decodeResult: success, version: HTTP/1.1)
POST /session/18bc2b64f63f770151f9ac9dee7be006/element HTTP/1.1
User-Agent: selenium/4.1.2 (java windows)
Content-Length: 134
Content-Type: application/json; charset=utf-8
host: localhost:60964
accept: */*

Response DefaultHttpResponse(decodeResult: success, version: HTTP/1.1)
HTTP/1.1 200 OK
Content-Type: application/json; charset=utf-8
cache-control: no-cache
content-length: 88

16:04:55.427 [AsyncHttpClient-1-6] DEBUG org.asynchttpclient.netty.channel.ChannelManager - Adding key: http://localhost:60964 for channel [id: 0xb26e06af, L:/127.0.0.1:50166 - R:localhost/127.0.0.1:60964]
16:04:55.428 [Forwarding getElementTagName on session 18bc2b64f63f770151f9ac9dee7be006 to remote] DEBUG org.asynchttpclient.netty.request.NettyRequestSender - Using pooled Channel '[id: 0xb26e06af, L:/127.0.0.1:50166 - R:localhost/127.0.0.1:60964]' for 'GET' to 'http://localhost:60964/session/18bc2b64f63f770151f9ac9dee7be006/element/038bd114-5c25-40ab-b07a-aa5af772fa48/name'
16:04:55.428 [Forwarding getElementTagName on session 18bc2b64f63f770151f9ac9dee7be006 to remote] DEBUG org.asynchttpclient.netty.request.NettyRequestSender - Using open Channel [id: 0xb26e06af, L:/127.0.0.1:50166 - R:localhost/127.0.0.1:60964] for GET '/session/18bc2b64f63f770151f9ac9dee7be006/element/038bd114-5c25-40ab-b07a-aa5af772fa48/name'
16:04:55.434 [AsyncHttpClient-1-6] DEBUG org.asynchttpclient.netty.handler.HttpHandler - 

Request DefaultFullHttpRequest(decodeResult: success, version: HTTP/1.1, content: EmptyByteBufBE)
GET /session/18bc2b64f63f770151f9ac9dee7be006/element/038bd114-5c25-40ab-b07a-aa5af772fa48/name HTTP/1.1
User-Agent: selenium/4.1.2 (java windows)
Cache-Control: no-cache
Content-Type: application/json; charset=utf-8
host: localhost:60964
accept: */*

Response DefaultHttpResponse(decodeResult: success, version: HTTP/1.1)
HTTP/1.1 200 OK
Content-Type: application/json; charset=utf-8
cache-control: no-cache
content-length: 15

16:04:55.434 [AsyncHttpClient-1-6] DEBUG org.asynchttpclient.netty.channel.ChannelManager - Adding key: http://localhost:60964 for channel [id: 0xb26e06af, L:/127.0.0.1:50166 - R:localhost/127.0.0.1:60964]
16:04:55.435 [Forwarding getElementTagName on session 18bc2b64f63f770151f9ac9dee7be006 to remote] DEBUG org.asynchttpclient.netty.request.NettyRequestSender - Using pooled Channel '[id: 0xb26e06af, L:/127.0.0.1:50166 - R:localhost/127.0.0.1:60964]' for 'GET' to 'http://localhost:60964/session/18bc2b64f63f770151f9ac9dee7be006/element/038bd114-5c25-40ab-b07a-aa5af772fa48/name'
16:04:55.435 [Forwarding getElementTagName on session 18bc2b64f63f770151f9ac9dee7be006 to remote] DEBUG org.asynchttpclient.netty.request.NettyRequestSender - Using open Channel [id: 0xb26e06af, L:/127.0.0.1:50166 - R:localhost/127.0.0.1:60964] for GET '/session/18bc2b64f63f770151f9ac9dee7be006/element/038bd114-5c25-40ab-b07a-aa5af772fa48/name'
16:04:55.440 [AsyncHttpClient-1-6] DEBUG org.asynchttpclient.netty.handler.HttpHandler - 

Request DefaultFullHttpRequest(decodeResult: success, version: HTTP/1.1, content: EmptyByteBufBE)
GET /session/18bc2b64f63f770151f9ac9dee7be006/element/038bd114-5c25-40ab-b07a-aa5af772fa48/name HTTP/1.1
User-Agent: selenium/4.1.2 (java windows)
Cache-Control: no-cache
Content-Type: application/json; charset=utf-8
host: localhost:60964
accept: */*

Response DefaultHttpResponse(decodeResult: success, version: HTTP/1.1)
HTTP/1.1 200 OK
Content-Type: application/json; charset=utf-8
cache-control: no-cache
content-length: 15

16:04:55.440 [AsyncHttpClient-1-6] DEBUG org.asynchttpclient.netty.channel.ChannelManager - Adding key: http://localhost:60964 for channel [id: 0xb26e06af, L:/127.0.0.1:50166 - R:localhost/127.0.0.1:60964]
16:04:55.443 [Forwarding findElement on session 18bc2b64f63f770151f9ac9dee7be006 to remote] DEBUG org.asynchttpclient.netty.request.NettyRequestSender - Using pooled Channel '[id: 0xb26e06af, L:/127.0.0.1:50166 - R:localhost/127.0.0.1:60964]' for 'POST' to 'http://localhost:60964/session/18bc2b64f63f770151f9ac9dee7be006/element'
16:04:55.443 [Forwarding findElement on session 18bc2b64f63f770151f9ac9dee7be006 to remote] DEBUG org.asynchttpclient.netty.request.NettyRequestSender - Using open Channel [id: 0xb26e06af, L:/127.0.0.1:50166 - R:localhost/127.0.0.1:60964] for POST '/session/18bc2b64f63f770151f9ac9dee7be006/element'
16:04:55.452 [AsyncHttpClient-1-6] DEBUG org.asynchttpclient.netty.handler.HttpHandler - 

Request DefaultHttpRequest(decodeResult: success, version: HTTP/1.1)
POST /session/18bc2b64f63f770151f9ac9dee7be006/element HTTP/1.1
User-Agent: selenium/4.1.2 (java windows)
Content-Length: 134
Content-Type: application/json; charset=utf-8
host: localhost:60964
accept: */*

Response DefaultHttpResponse(decodeResult: success, version: HTTP/1.1)
HTTP/1.1 200 OK
Content-Type: application/json; charset=utf-8
cache-control: no-cache
content-length: 88

16:04:55.452 [AsyncHttpClient-1-6] DEBUG org.asynchttpclient.netty.channel.ChannelManager - Adding key: http://localhost:60964 for channel [id: 0xb26e06af, L:/127.0.0.1:50166 - R:localhost/127.0.0.1:60964]
16:04:55.454 [Forwarding clickElement on session 18bc2b64f63f770151f9ac9dee7be006 to remote] DEBUG org.asynchttpclient.netty.request.NettyRequestSender - Using pooled Channel '[id: 0xb26e06af, L:/127.0.0.1:50166 - R:localhost/127.0.0.1:60964]' for 'POST' to 'http://localhost:60964/session/18bc2b64f63f770151f9ac9dee7be006/element/038bd114-5c25-40ab-b07a-aa5af772fa48/click'
16:04:55.454 [Forwarding clickElement on session 18bc2b64f63f770151f9ac9dee7be006 to remote] DEBUG org.asynchttpclient.netty.request.NettyRequestSender - Using open Channel [id: 0xb26e06af, L:/127.0.0.1:50166 - R:localhost/127.0.0.1:60964] for POST '/session/18bc2b64f63f770151f9ac9dee7be006/element/038bd114-5c25-40ab-b07a-aa5af772fa48/click'
16:04:55.917 [AsyncHttpClient-1-6] DEBUG org.asynchttpclient.netty.handler.HttpHandler - 

Request DefaultHttpRequest(decodeResult: success, version: HTTP/1.1)
POST /session/18bc2b64f63f770151f9ac9dee7be006/element/038bd114-5c25-40ab-b07a-aa5af772fa48/click HTTP/1.1
User-Agent: selenium/4.1.2 (java windows)
Content-Length: 50
Content-Type: application/json; charset=utf-8
host: localhost:60964
accept: */*

Response DefaultHttpResponse(decodeResult: success, version: HTTP/1.1)
HTTP/1.1 200 OK
Content-Type: application/json; charset=utf-8
cache-control: no-cache
content-length: 14

16:04:55.917 [AsyncHttpClient-1-6] DEBUG org.asynchttpclient.netty.channel.ChannelManager - Adding key: http://localhost:60964 for channel [id: 0xb26e06af, L:/127.0.0.1:50166 - R:localhost/127.0.0.1:60964]
16:04:55.930 [Forwarding screenshot on session 18bc2b64f63f770151f9ac9dee7be006 to remote] DEBUG org.asynchttpclient.netty.request.NettyRequestSender - Using pooled Channel '[id: 0xb26e06af, L:/127.0.0.1:50166 - R:localhost/127.0.0.1:60964]' for 'GET' to 'http://localhost:60964/session/18bc2b64f63f770151f9ac9dee7be006/screenshot'
16:04:55.930 [Forwarding screenshot on session 18bc2b64f63f770151f9ac9dee7be006 to remote] DEBUG org.asynchttpclient.netty.request.NettyRequestSender - Using open Channel [id: 0xb26e06af, L:/127.0.0.1:50166 - R:localhost/127.0.0.1:60964] for GET '/session/18bc2b64f63f770151f9ac9dee7be006/screenshot'
16:04:56.041 [AsyncHttpClient-1-6] DEBUG org.asynchttpclient.netty.handler.HttpHandler - 

Request DefaultFullHttpRequest(decodeResult: success, version: HTTP/1.1, content: EmptyByteBufBE)
GET /session/18bc2b64f63f770151f9ac9dee7be006/screenshot HTTP/1.1
User-Agent: selenium/4.1.2 (java windows)
Cache-Control: no-cache
Content-Type: application/json; charset=utf-8
host: localhost:60964
accept: */*

Response DefaultHttpResponse(decodeResult: success, version: HTTP/1.1)
HTTP/1.1 200 OK
Content-Type: application/json; charset=utf-8
cache-control: no-cache
content-length: 55372

16:04:56.042 [AsyncHttpClient-1-6] DEBUG org.asynchttpclient.netty.channel.ChannelManager - Adding key: http://localhost:60964 for channel [id: 0xb26e06af, L:/127.0.0.1:50166 - R:localhost/127.0.0.1:60964]
16:04:56.045 [main] DEBUG net.serenitybdd.core.photography.Darkroom - Send negative for processing for target\site\serenity\c886102f421ef8e705409955539f8574c7e22dd5f158313ecdebe95b5d6560bd.png
16:04:56.045 [main] DEBUG net.thucydides.core.steps.StepInterceptor - STEP DONE: clickMenuPatientButton
  &amp#27;[32mAnd &amp#27;[0m&amp#27;[32mI click menu patient&amp#27;[0m                    &amp#27;[90m# starter.stepdefinitions.PatientSteps.iClickMenuPatient()&amp#27;[0m
16:04:56.046 [Darkroom Processing Line] DEBUG net.serenitybdd.core.photography.DarkroomProcessingLine - Processing screenshot image in /var/screenshots/screenshot-1169469579545578806
16:04:56.046 [Darkroom Processing Line] DEBUG net.serenitybdd.core.photography.DarkroomProcessingLine - Saving screenshot to target\site\serenity\c886102f421ef8e705409955539f8574c7e22dd5f158313ecdebe95b5d6560bd.png
16:04:56.069 [main] DEBUG net.thucydides.core.steps.StepInterceptor - STARTING STEP: PatientSteps.iClickTheDeletePatientButton - clickTheDeleteButton
16:04:56.073 [AsyncHttpClient-1-1] DEBUG org.asynchttpclient.netty.channel.DefaultChannelPool - Entry count for : http://localhost:60964 : 1
16:04:56.073 [Forwarding findElement on session 18bc2b64f63f770151f9ac9dee7be006 to remote] DEBUG org.asynchttpclient.netty.request.NettyRequestSender - Using pooled Channel '[id: 0xb26e06af, L:/127.0.0.1:50166 - R:localhost/127.0.0.1:60964]' for 'POST' to 'http://localhost:60964/session/18bc2b64f63f770151f9ac9dee7be006/element'
16:04:56.073 [AsyncHttpClient-1-1] DEBUG org.asynchttpclient.netty.channel.DefaultChannelPool - Entry count for : http://localhost:50167 : 1
16:04:56.073 [Forwarding findElement on session 18bc2b64f63f770151f9ac9dee7be006 to remote] DEBUG org.asynchttpclient.netty.request.NettyRequestSender - Using open Channel [id: 0xb26e06af, L:/127.0.0.1:50166 - R:localhost/127.0.0.1:60964] for POST '/session/18bc2b64f63f770151f9ac9dee7be006/element'
16:04:56.941 [AsyncHttpClient-1-6] DEBUG org.asynchttpclient.netty.handler.HttpHandler - 

Request DefaultHttpRequest(decodeResult: success, version: HTTP/1.1)
POST /session/18bc2b64f63f770151f9ac9dee7be006/element HTTP/1.1
User-Agent: selenium/4.1.2 (java windows)
Content-Length: 177
Content-Type: application/json; charset=utf-8
host: localhost:60964
accept: */*

Response DefaultHttpResponse(decodeResult: success, version: HTTP/1.1)
HTTP/1.1 200 OK
Content-Type: application/json; charset=utf-8
cache-control: no-cache
content-length: 88

16:04:56.941 [AsyncHttpClient-1-6] DEBUG org.asynchttpclient.netty.channel.ChannelManager - Adding key: http://localhost:60964 for channel [id: 0xb26e06af, L:/127.0.0.1:50166 - R:localhost/127.0.0.1:60964]
16:04:56.945 [Forwarding getElementTagName on session 18bc2b64f63f770151f9ac9dee7be006 to remote] DEBUG org.asynchttpclient.netty.request.NettyRequestSender - Using pooled Channel '[id: 0xb26e06af, L:/127.0.0.1:50166 - R:localhost/127.0.0.1:60964]' for 'GET' to 'http://localhost:60964/session/18bc2b64f63f770151f9ac9dee7be006/element/09ecdb0a-abdf-4584-93cd-49810d286a90/name'
16:04:56.945 [Forwarding getElementTagName on session 18bc2b64f63f770151f9ac9dee7be006 to remote] DEBUG org.asynchttpclient.netty.request.NettyRequestSender - Using open Channel [id: 0xb26e06af, L:/127.0.0.1:50166 - R:localhost/127.0.0.1:60964] for GET '/session/18bc2b64f63f770151f9ac9dee7be006/element/09ecdb0a-abdf-4584-93cd-49810d286a90/name'
16:04:56.952 [AsyncHttpClient-1-6] DEBUG org.asynchttpclient.netty.handler.HttpHandler - 

Request DefaultFullHttpRequest(decodeResult: success, version: HTTP/1.1, content: EmptyByteBufBE)
GET /session/18bc2b64f63f770151f9ac9dee7be006/element/09ecdb0a-abdf-4584-93cd-49810d286a90/name HTTP/1.1
User-Agent: selenium/4.1.2 (java windows)
Cache-Control: no-cache
Content-Type: application/json; charset=utf-8
host: localhost:60964
accept: */*

Response DefaultHttpResponse(decodeResult: success, version: HTTP/1.1)
HTTP/1.1 200 OK
Content-Type: application/json; charset=utf-8
cache-control: no-cache
content-length: 18

16:04:56.952 [AsyncHttpClient-1-6] DEBUG org.asynchttpclient.netty.channel.ChannelManager - Adding key: http://localhost:60964 for channel [id: 0xb26e06af, L:/127.0.0.1:50166 - R:localhost/127.0.0.1:60964]
16:04:56.954 [Forwarding getElementTagName on session 18bc2b64f63f770151f9ac9dee7be006 to remote] DEBUG org.asynchttpclient.netty.request.NettyRequestSender - Using pooled Channel '[id: 0xb26e06af, L:/127.0.0.1:50166 - R:localhost/127.0.0.1:60964]' for 'GET' to 'http://localhost:60964/session/18bc2b64f63f770151f9ac9dee7be006/element/09ecdb0a-abdf-4584-93cd-49810d286a90/name'
16:04:56.954 [Forwarding getElementTagName on session 18bc2b64f63f770151f9ac9dee7be006 to remote] DEBUG org.asynchttpclient.netty.request.NettyRequestSender - Using open Channel [id: 0xb26e06af, L:/127.0.0.1:50166 - R:localhost/127.0.0.1:60964] for GET '/session/18bc2b64f63f770151f9ac9dee7be006/element/09ecdb0a-abdf-4584-93cd-49810d286a90/name'
16:04:56.958 [AsyncHttpClient-1-6] DEBUG org.asynchttpclient.netty.handler.HttpHandler - 

Request DefaultFullHttpRequest(decodeResult: success, version: HTTP/1.1, content: EmptyByteBufBE)
GET /session/18bc2b64f63f770151f9ac9dee7be006/element/09ecdb0a-abdf-4584-93cd-49810d286a90/name HTTP/1.1
User-Agent: selenium/4.1.2 (java windows)
Cache-Control: no-cache
Content-Type: application/json; charset=utf-8
host: localhost:60964
accept: */*

Response DefaultHttpResponse(decodeResult: success, version: HTTP/1.1)
HTTP/1.1 200 OK
Content-Type: application/json; charset=utf-8
cache-control: no-cache
content-length: 18

16:04:56.958 [AsyncHttpClient-1-6] DEBUG org.asynchttpclient.netty.channel.ChannelManager - Adding key: http://localhost:60964 for channel [id: 0xb26e06af, L:/127.0.0.1:50166 - R:localhost/127.0.0.1:60964]
16:04:56.961 [Forwarding isElementEnabled on session 18bc2b64f63f770151f9ac9dee7be006 to remote] DEBUG org.asynchttpclient.netty.request.NettyRequestSender - Using pooled Channel '[id: 0xb26e06af, L:/127.0.0.1:50166 - R:localhost/127.0.0.1:60964]' for 'GET' to 'http://localhost:60964/session/18bc2b64f63f770151f9ac9dee7be006/element/09ecdb0a-abdf-4584-93cd-49810d286a90/enabled'
16:04:56.961 [Forwarding isElementEnabled on session 18bc2b64f63f770151f9ac9dee7be006 to remote] DEBUG org.asynchttpclient.netty.request.NettyRequestSender - Using open Channel [id: 0xb26e06af, L:/127.0.0.1:50166 - R:localhost/127.0.0.1:60964] for GET '/session/18bc2b64f63f770151f9ac9dee7be006/element/09ecdb0a-abdf-4584-93cd-49810d286a90/enabled'
16:04:56.982 [AsyncHttpClient-1-6] DEBUG org.asynchttpclient.netty.handler.HttpHandler - 

Request DefaultFullHttpRequest(decodeResult: success, version: HTTP/1.1, content: EmptyByteBufBE)
GET /session/18bc2b64f63f770151f9ac9dee7be006/element/09ecdb0a-abdf-4584-93cd-49810d286a90/enabled HTTP/1.1
User-Agent: selenium/4.1.2 (java windows)
Cache-Control: no-cache
Content-Type: application/json; charset=utf-8
host: localhost:60964
accept: */*

Response DefaultHttpResponse(decodeResult: success, version: HTTP/1.1)
HTTP/1.1 200 OK
Content-Type: application/json; charset=utf-8
cache-control: no-cache
content-length: 14

16:04:56.982 [AsyncHttpClient-1-6] DEBUG org.asynchttpclient.netty.channel.ChannelManager - Adding key: http://localhost:60964 for channel [id: 0xb26e06af, L:/127.0.0.1:50166 - R:localhost/127.0.0.1:60964]
16:04:56.984 [Forwarding isElementEnabled on session 18bc2b64f63f770151f9ac9dee7be006 to remote] DEBUG org.asynchttpclient.netty.request.NettyRequestSender - Using pooled Channel '[id: 0xb26e06af, L:/127.0.0.1:50166 - R:localhost/127.0.0.1:60964]' for 'GET' to 'http://localhost:60964/session/18bc2b64f63f770151f9ac9dee7be006/element/09ecdb0a-abdf-4584-93cd-49810d286a90/enabled'
16:04:56.984 [Forwarding isElementEnabled on session 18bc2b64f63f770151f9ac9dee7be006 to remote] DEBUG org.asynchttpclient.netty.request.NettyRequestSender - Using open Channel [id: 0xb26e06af, L:/127.0.0.1:50166 - R:localhost/127.0.0.1:60964] for GET '/session/18bc2b64f63f770151f9ac9dee7be006/element/09ecdb0a-abdf-4584-93cd-49810d286a90/enabled'
16:04:56.992 [AsyncHttpClient-1-6] DEBUG org.asynchttpclient.netty.handler.HttpHandler - 

Request DefaultFullHttpRequest(decodeResult: success, version: HTTP/1.1, content: EmptyByteBufBE)
GET /session/18bc2b64f63f770151f9ac9dee7be006/element/09ecdb0a-abdf-4584-93cd-49810d286a90/enabled HTTP/1.1
User-Agent: selenium/4.1.2 (java windows)
Cache-Control: no-cache
Content-Type: application/json; charset=utf-8
host: localhost:60964
accept: */*

Response DefaultHttpResponse(decodeResult: success, version: HTTP/1.1)
HTTP/1.1 200 OK
Content-Type: application/json; charset=utf-8
cache-control: no-cache
content-length: 14

16:04:56.992 [AsyncHttpClient-1-6] DEBUG org.asynchttpclient.netty.channel.ChannelManager - Adding key: http://localhost:60964 for channel [id: 0xb26e06af, L:/127.0.0.1:50166 - R:localhost/127.0.0.1:60964]
16:04:56.994 [Forwarding findElement on session 18bc2b64f63f770151f9ac9dee7be006 to remote] DEBUG org.asynchttpclient.netty.request.NettyRequestSender - Using pooled Channel '[id: 0xb26e06af, L:/127.0.0.1:50166 - R:localhost/127.0.0.1:60964]' for 'POST' to 'http://localhost:60964/session/18bc2b64f63f770151f9ac9dee7be006/element'
16:04:56.994 [Forwarding findElement on session 18bc2b64f63f770151f9ac9dee7be006 to remote] DEBUG org.asynchttpclient.netty.request.NettyRequestSender - Using open Channel [id: 0xb26e06af, L:/127.0.0.1:50166 - R:localhost/127.0.0.1:60964] for POST '/session/18bc2b64f63f770151f9ac9dee7be006/element'
16:04:57.003 [AsyncHttpClient-1-6] DEBUG org.asynchttpclient.netty.handler.HttpHandler - 

Request DefaultHttpRequest(decodeResult: success, version: HTTP/1.1)
POST /session/18bc2b64f63f770151f9ac9dee7be006/element HTTP/1.1
User-Agent: selenium/4.1.2 (java windows)
Content-Length: 177
Content-Type: application/json; charset=utf-8
host: localhost:60964
accept: */*

Response DefaultHttpResponse(decodeResult: success, version: HTTP/1.1)
HTTP/1.1 200 OK
Content-Type: application/json; charset=utf-8
cache-control: no-cache
content-length: 88

16:04:57.004 [AsyncHttpClient-1-6] DEBUG org.asynchttpclient.netty.channel.ChannelManager - Adding key: http://localhost:60964 for channel [id: 0xb26e06af, L:/127.0.0.1:50166 - R:localhost/127.0.0.1:60964]
16:04:57.006 [Forwarding clickElement on session 18bc2b64f63f770151f9ac9dee7be006 to remote] DEBUG org.asynchttpclient.netty.request.NettyRequestSender - Using pooled Channel '[id: 0xb26e06af, L:/127.0.0.1:50166 - R:localhost/127.0.0.1:60964]' for 'POST' to 'http://localhost:60964/session/18bc2b64f63f770151f9ac9dee7be006/element/09ecdb0a-abdf-4584-93cd-49810d286a90/click'
16:04:57.006 [Forwarding clickElement on session 18bc2b64f63f770151f9ac9dee7be006 to remote] DEBUG org.asynchttpclient.netty.request.NettyRequestSender - Using open Channel [id: 0xb26e06af, L:/127.0.0.1:50166 - R:localhost/127.0.0.1:60964] for POST '/session/18bc2b64f63f770151f9ac9dee7be006/element/09ecdb0a-abdf-4584-93cd-49810d286a90/click'
16:04:57.140 [AsyncHttpClient-1-6] DEBUG org.asynchttpclient.netty.handler.HttpHandler - 

Request DefaultHttpRequest(decodeResult: success, version: HTTP/1.1)
POST /session/18bc2b64f63f770151f9ac9dee7be006/element/09ecdb0a-abdf-4584-93cd-49810d286a90/click HTTP/1.1
User-Agent: selenium/4.1.2 (java windows)
Content-Length: 50
Content-Type: application/json; charset=utf-8
host: localhost:60964
accept: */*

Response DefaultHttpResponse(decodeResult: success, version: HTTP/1.1)
HTTP/1.1 200 OK
Content-Type: application/json; charset=utf-8
cache-control: no-cache
content-length: 14

16:04:57.140 [AsyncHttpClient-1-6] DEBUG org.asynchttpclient.netty.channel.ChannelManager - Adding key: http://localhost:60964 for channel [id: 0xb26e06af, L:/127.0.0.1:50166 - R:localhost/127.0.0.1:60964]
16:04:57.154 [Forwarding screenshot on session 18bc2b64f63f770151f9ac9dee7be006 to remote] DEBUG org.asynchttpclient.netty.request.NettyRequestSender - Using pooled Channel '[id: 0xb26e06af, L:/127.0.0.1:50166 - R:localhost/127.0.0.1:60964]' for 'GET' to 'http://localhost:60964/session/18bc2b64f63f770151f9ac9dee7be006/screenshot'
16:04:57.154 [Forwarding screenshot on session 18bc2b64f63f770151f9ac9dee7be006 to remote] DEBUG org.asynchttpclient.netty.request.NettyRequestSender - Using open Channel [id: 0xb26e06af, L:/127.0.0.1:50166 - R:localhost/127.0.0.1:60964] for GET '/session/18bc2b64f63f770151f9ac9dee7be006/screenshot'
16:04:57.173 [AsyncHttpClient-1-1] DEBUG org.asynchttpclient.netty.channel.DefaultChannelPool - Entry count for : http://localhost:50167 : 1
16:04:57.364 [AsyncHttpClient-1-6] DEBUG org.asynchttpclient.netty.handler.HttpHandler - 

Request DefaultFullHttpRequest(decodeResult: success, version: HTTP/1.1, content: EmptyByteBufBE)
GET /session/18bc2b64f63f770151f9ac9dee7be006/screenshot HTTP/1.1
User-Agent: selenium/4.1.2 (java windows)
Cache-Control: no-cache
Content-Type: application/json; charset=utf-8
host: localhost:60964
accept: */*

Response DefaultHttpResponse(decodeResult: success, version: HTTP/1.1)
HTTP/1.1 200 OK
Content-Type: application/json; charset=utf-8
cache-control: no-cache
content-length: 107536

16:04:57.365 [AsyncHttpClient-1-6] DEBUG org.asynchttpclient.netty.channel.ChannelManager - Adding key: http://localhost:60964 for channel [id: 0xb26e06af, L:/127.0.0.1:50166 - R:localhost/127.0.0.1:60964]
16:04:57.374 [main] DEBUG net.serenitybdd.core.photography.Darkroom - Send negative for processing for target\site\serenity\417f42ffae3742e8f236042db94905a436612bae9100cfe0b421d360098a377e.png
16:04:57.375 [main] DEBUG net.thucydides.core.steps.StepInterceptor - STEP DONE: clickTheDeleteButton
  &amp#27;[32mWhen &amp#27;[0m&amp#27;[32mI click the Delete Patient button&amp#27;[0m      &amp#27;[90m# starter.stepdefinitions.PatientSteps.iClickTheDeletePatientButton()&amp#27;[0m
16:04:57.376 [Darkroom Processing Line] DEBUG net.serenitybdd.core.photography.DarkroomProcessingLine - Processing screenshot image in /var/screenshots/screenshot-2108613139182962166
16:04:57.377 [Darkroom Processing Line] DEBUG net.serenitybdd.core.photography.DarkroomProcessingLine - Saving screenshot to target\site\serenity\417f42ffae3742e8f236042db94905a436612bae9100cfe0b421d360098a377e.png
16:04:57.412 [main] DEBUG net.thucydides.core.steps.StepInterceptor - STARTING STEP: PatientSteps.iClickCancelButton - clickCancelButton
16:04:57.417 [Forwarding findElement on session 18bc2b64f63f770151f9ac9dee7be006 to remote] DEBUG org.asynchttpclient.netty.request.NettyRequestSender - Using pooled Channel '[id: 0xb26e06af, L:/127.0.0.1:50166 - R:localhost/127.0.0.1:60964]' for 'POST' to 'http://localhost:60964/session/18bc2b64f63f770151f9ac9dee7be006/element'
16:04:57.417 [Forwarding findElement on session 18bc2b64f63f770151f9ac9dee7be006 to remote] DEBUG org.asynchttpclient.netty.request.NettyRequestSender - Using open Channel [id: 0xb26e06af, L:/127.0.0.1:50166 - R:localhost/127.0.0.1:60964] for POST '/session/18bc2b64f63f770151f9ac9dee7be006/element'
16:04:57.669 [AsyncHttpClient-1-6] DEBUG org.asynchttpclient.netty.handler.HttpHandler - 

Request DefaultHttpRequest(decodeResult: success, version: HTTP/1.1)
POST /session/18bc2b64f63f770151f9ac9dee7be006/element HTTP/1.1
User-Agent: selenium/4.1.2 (java windows)
Content-Length: 105
Content-Type: application/json; charset=utf-8
host: localhost:60964
accept: */*

Response DefaultHttpResponse(decodeResult: success, version: HTTP/1.1)
HTTP/1.1 200 OK
Content-Type: application/json; charset=utf-8
cache-control: no-cache
content-length: 88

16:04:57.669 [AsyncHttpClient-1-6] DEBUG org.asynchttpclient.netty.channel.ChannelManager - Adding key: http://localhost:60964 for channel [id: 0xb26e06af, L:/127.0.0.1:50166 - R:localhost/127.0.0.1:60964]
16:04:57.671 [Forwarding getElementTagName on session 18bc2b64f63f770151f9ac9dee7be006 to remote] DEBUG org.asynchttpclient.netty.request.NettyRequestSender - Using pooled Channel '[id: 0xb26e06af, L:/127.0.0.1:50166 - R:localhost/127.0.0.1:60964]' for 'GET' to 'http://localhost:60964/session/18bc2b64f63f770151f9ac9dee7be006/element/0ab97329-c774-43eb-a59b-492095561a36/name'
16:04:57.671 [Forwarding getElementTagName on session 18bc2b64f63f770151f9ac9dee7be006 to remote] DEBUG org.asynchttpclient.netty.request.NettyRequestSender - Using open Channel [id: 0xb26e06af, L:/127.0.0.1:50166 - R:localhost/127.0.0.1:60964] for GET '/session/18bc2b64f63f770151f9ac9dee7be006/element/0ab97329-c774-43eb-a59b-492095561a36/name'
16:04:57.679 [AsyncHttpClient-1-6] DEBUG org.asynchttpclient.netty.handler.HttpHandler - 

Request DefaultFullHttpRequest(decodeResult: success, version: HTTP/1.1, content: EmptyByteBufBE)
GET /session/18bc2b64f63f770151f9ac9dee7be006/element/0ab97329-c774-43eb-a59b-492095561a36/name HTTP/1.1
User-Agent: selenium/4.1.2 (java windows)
Cache-Control: no-cache
Content-Type: application/json; charset=utf-8
host: localhost:60964
accept: */*

Response DefaultHttpResponse(decodeResult: success, version: HTTP/1.1)
HTTP/1.1 200 OK
Content-Type: application/json; charset=utf-8
cache-control: no-cache
content-length: 18

16:04:57.679 [AsyncHttpClient-1-6] DEBUG org.asynchttpclient.netty.channel.ChannelManager - Adding key: http://localhost:60964 for channel [id: 0xb26e06af, L:/127.0.0.1:50166 - R:localhost/127.0.0.1:60964]
16:04:57.680 [Forwarding getElementTagName on session 18bc2b64f63f770151f9ac9dee7be006 to remote] DEBUG org.asynchttpclient.netty.request.NettyRequestSender - Using pooled Channel '[id: 0xb26e06af, L:/127.0.0.1:50166 - R:localhost/127.0.0.1:60964]' for 'GET' to 'http://localhost:60964/session/18bc2b64f63f770151f9ac9dee7be006/element/0ab97329-c774-43eb-a59b-492095561a36/name'
16:04:57.680 [Forwarding getElementTagName on session 18bc2b64f63f770151f9ac9dee7be006 to remote] DEBUG org.asynchttpclient.netty.request.NettyRequestSender - Using open Channel [id: 0xb26e06af, L:/127.0.0.1:50166 - R:localhost/127.0.0.1:60964] for GET '/session/18bc2b64f63f770151f9ac9dee7be006/element/0ab97329-c774-43eb-a59b-492095561a36/name'
16:04:57.684 [AsyncHttpClient-1-6] DEBUG org.asynchttpclient.netty.handler.HttpHandler - 

Request DefaultFullHttpRequest(decodeResult: success, version: HTTP/1.1, content: EmptyByteBufBE)
GET /session/18bc2b64f63f770151f9ac9dee7be006/element/0ab97329-c774-43eb-a59b-492095561a36/name HTTP/1.1
User-Agent: selenium/4.1.2 (java windows)
Cache-Control: no-cache
Content-Type: application/json; charset=utf-8
host: localhost:60964
accept: */*

Response DefaultHttpResponse(decodeResult: success, version: HTTP/1.1)
HTTP/1.1 200 OK
Content-Type: application/json; charset=utf-8
cache-control: no-cache
content-length: 18

16:04:57.684 [AsyncHttpClient-1-6] DEBUG org.asynchttpclient.netty.channel.ChannelManager - Adding key: http://localhost:60964 for channel [id: 0xb26e06af, L:/127.0.0.1:50166 - R:localhost/127.0.0.1:60964]
16:04:57.687 [Forwarding isElementEnabled on session 18bc2b64f63f770151f9ac9dee7be006 to remote] DEBUG org.asynchttpclient.netty.request.NettyRequestSender - Using pooled Channel '[id: 0xb26e06af, L:/127.0.0.1:50166 - R:localhost/127.0.0.1:60964]' for 'GET' to 'http://localhost:60964/session/18bc2b64f63f770151f9ac9dee7be006/element/0ab97329-c774-43eb-a59b-492095561a36/enabled'
16:04:57.687 [Forwarding isElementEnabled on session 18bc2b64f63f770151f9ac9dee7be006 to remote] DEBUG org.asynchttpclient.netty.request.NettyRequestSender - Using open Channel [id: 0xb26e06af, L:/127.0.0.1:50166 - R:localhost/127.0.0.1:60964] for GET '/session/18bc2b64f63f770151f9ac9dee7be006/element/0ab97329-c774-43eb-a59b-492095561a36/enabled'
16:04:57.698 [AsyncHttpClient-1-6] DEBUG org.asynchttpclient.netty.handler.HttpHandler - 

Request DefaultFullHttpRequest(decodeResult: success, version: HTTP/1.1, content: EmptyByteBufBE)
GET /session/18bc2b64f63f770151f9ac9dee7be006/element/0ab97329-c774-43eb-a59b-492095561a36/enabled HTTP/1.1
User-Agent: selenium/4.1.2 (java windows)
Cache-Control: no-cache
Content-Type: application/json; charset=utf-8
host: localhost:60964
accept: */*

Response DefaultHttpResponse(decodeResult: success, version: HTTP/1.1)
HTTP/1.1 200 OK
Content-Type: application/json; charset=utf-8
cache-control: no-cache
content-length: 14

16:04:57.699 [AsyncHttpClient-1-6] DEBUG org.asynchttpclient.netty.channel.ChannelManager - Adding key: http://localhost:60964 for channel [id: 0xb26e06af, L:/127.0.0.1:50166 - R:localhost/127.0.0.1:60964]
16:04:57.700 [Forwarding isElementEnabled on session 18bc2b64f63f770151f9ac9dee7be006 to remote] DEBUG org.asynchttpclient.netty.request.NettyRequestSender - Using pooled Channel '[id: 0xb26e06af, L:/127.0.0.1:50166 - R:localhost/127.0.0.1:60964]' for 'GET' to 'http://localhost:60964/session/18bc2b64f63f770151f9ac9dee7be006/element/0ab97329-c774-43eb-a59b-492095561a36/enabled'
16:04:57.700 [Forwarding isElementEnabled on session 18bc2b64f63f770151f9ac9dee7be006 to remote] DEBUG org.asynchttpclient.netty.request.NettyRequestSender - Using open Channel [id: 0xb26e06af, L:/127.0.0.1:50166 - R:localhost/127.0.0.1:60964] for GET '/session/18bc2b64f63f770151f9ac9dee7be006/element/0ab97329-c774-43eb-a59b-492095561a36/enabled'
16:04:57.708 [AsyncHttpClient-1-6] DEBUG org.asynchttpclient.netty.handler.HttpHandler - 

Request DefaultFullHttpRequest(decodeResult: success, version: HTTP/1.1, content: EmptyByteBufBE)
GET /session/18bc2b64f63f770151f9ac9dee7be006/element/0ab97329-c774-43eb-a59b-492095561a36/enabled HTTP/1.1
User-Agent: selenium/4.1.2 (java windows)
Cache-Control: no-cache
Content-Type: application/json; charset=utf-8
host: localhost:60964
accept: */*

Response DefaultHttpResponse(decodeResult: success, version: HTTP/1.1)
HTTP/1.1 200 OK
Content-Type: application/json; charset=utf-8
cache-control: no-cache
content-length: 14

16:04:57.708 [AsyncHttpClient-1-6] DEBUG org.asynchttpclient.netty.channel.ChannelManager - Adding key: http://localhost:60964 for channel [id: 0xb26e06af, L:/127.0.0.1:50166 - R:localhost/127.0.0.1:60964]
16:04:57.710 [Forwarding findElement on session 18bc2b64f63f770151f9ac9dee7be006 to remote] DEBUG org.asynchttpclient.netty.request.NettyRequestSender - Using pooled Channel '[id: 0xb26e06af, L:/127.0.0.1:50166 - R:localhost/127.0.0.1:60964]' for 'POST' to 'http://localhost:60964/session/18bc2b64f63f770151f9ac9dee7be006/element'
16:04:57.710 [Forwarding findElement on session 18bc2b64f63f770151f9ac9dee7be006 to remote] DEBUG org.asynchttpclient.netty.request.NettyRequestSender - Using open Channel [id: 0xb26e06af, L:/127.0.0.1:50166 - R:localhost/127.0.0.1:60964] for POST '/session/18bc2b64f63f770151f9ac9dee7be006/element'
16:04:57.719 [AsyncHttpClient-1-6] DEBUG org.asynchttpclient.netty.handler.HttpHandler - 

Request DefaultHttpRequest(decodeResult: success, version: HTTP/1.1)
POST /session/18bc2b64f63f770151f9ac9dee7be006/element HTTP/1.1
User-Agent: selenium/4.1.2 (java windows)
Content-Length: 105
Content-Type: application/json; charset=utf-8
host: localhost:60964
accept: */*

Response DefaultHttpResponse(decodeResult: success, version: HTTP/1.1)
HTTP/1.1 200 OK
Content-Type: application/json; charset=utf-8
cache-control: no-cache
content-length: 88

16:04:57.719 [AsyncHttpClient-1-6] DEBUG org.asynchttpclient.netty.channel.ChannelManager - Adding key: http://localhost:60964 for channel [id: 0xb26e06af, L:/127.0.0.1:50166 - R:localhost/127.0.0.1:60964]
16:04:57.720 [Forwarding clickElement on session 18bc2b64f63f770151f9ac9dee7be006 to remote] DEBUG org.asynchttpclient.netty.request.NettyRequestSender - Using pooled Channel '[id: 0xb26e06af, L:/127.0.0.1:50166 - R:localhost/127.0.0.1:60964]' for 'POST' to 'http://localhost:60964/session/18bc2b64f63f770151f9ac9dee7be006/element/0ab97329-c774-43eb-a59b-492095561a36/click'
16:04:57.721 [Forwarding clickElement on session 18bc2b64f63f770151f9ac9dee7be006 to remote] DEBUG org.asynchttpclient.netty.request.NettyRequestSender - Using open Channel [id: 0xb26e06af, L:/127.0.0.1:50166 - R:localhost/127.0.0.1:60964] for POST '/session/18bc2b64f63f770151f9ac9dee7be006/element/0ab97329-c774-43eb-a59b-492095561a36/click'
16:04:57.993 [AsyncHttpClient-1-6] DEBUG org.asynchttpclient.netty.handler.HttpHandler - 

Request DefaultHttpRequest(decodeResult: success, version: HTTP/1.1)
POST /session/18bc2b64f63f770151f9ac9dee7be006/element/0ab97329-c774-43eb-a59b-492095561a36/click HTTP/1.1
User-Agent: selenium/4.1.2 (java windows)
Content-Length: 50
Content-Type: application/json; charset=utf-8
host: localhost:60964
accept: */*

Response DefaultHttpResponse(decodeResult: success, version: HTTP/1.1)
HTTP/1.1 200 OK
Content-Type: application/json; charset=utf-8
cache-control: no-cache
content-length: 14

16:04:57.994 [AsyncHttpClient-1-6] DEBUG org.asynchttpclient.netty.channel.ChannelManager - Adding key: http://localhost:60964 for channel [id: 0xb26e06af, L:/127.0.0.1:50166 - R:localhost/127.0.0.1:60964]
16:04:58.010 [Forwarding screenshot on session 18bc2b64f63f770151f9ac9dee7be006 to remote] DEBUG org.asynchttpclient.netty.request.NettyRequestSender - Using pooled Channel '[id: 0xb26e06af, L:/127.0.0.1:50166 - R:localhost/127.0.0.1:60964]' for 'GET' to 'http://localhost:60964/session/18bc2b64f63f770151f9ac9dee7be006/screenshot'
16:04:58.010 [Forwarding screenshot on session 18bc2b64f63f770151f9ac9dee7be006 to remote] DEBUG org.asynchttpclient.netty.request.NettyRequestSender - Using open Channel [id: 0xb26e06af, L:/127.0.0.1:50166 - R:localhost/127.0.0.1:60964] for GET '/session/18bc2b64f63f770151f9ac9dee7be006/screenshot'
16:04:58.132 [AsyncHttpClient-1-6] DEBUG org.asynchttpclient.netty.handler.HttpHandler - 

Request DefaultFullHttpRequest(decodeResult: success, version: HTTP/1.1, content: EmptyByteBufBE)
GET /session/18bc2b64f63f770151f9ac9dee7be006/screenshot HTTP/1.1
User-Agent: selenium/4.1.2 (java windows)
Cache-Control: no-cache
Content-Type: application/json; charset=utf-8
host: localhost:60964
accept: */*

Response DefaultHttpResponse(decodeResult: success, version: HTTP/1.1)
HTTP/1.1 200 OK
Content-Type: application/json; charset=utf-8
cache-control: no-cache
content-length: 84088

16:04:58.133 [AsyncHttpClient-1-6] DEBUG org.asynchttpclient.netty.channel.ChannelManager - Adding key: http://localhost:60964 for channel [id: 0xb26e06af, L:/127.0.0.1:50166 - R:localhost/127.0.0.1:60964]
16:04:58.138 [main] DEBUG net.serenitybdd.core.photography.Darkroom - Send negative for processing for target\site\serenity\33a2ff2c0a96cd42664ed544b60caabea3eddde11be69976e463bf006191a128.png
16:04:58.139 [main] DEBUG net.thucydides.core.steps.StepInterceptor - STEP DONE: clickCancelButton
16:04:58.139 [Darkroom Processing Line] DEBUG net.serenitybdd.core.photography.DarkroomProcessingLine - Processing screenshot image in /var/screenshots/screenshot-1171471370438871380
  &amp#27;[32mThen &amp#27;[0m&amp#27;[32mI click Cancel button&amp#27;[0m                  &amp#27;[90m# starter.stepdefinitions.PatientSteps.iClickCancelButton()&amp#27;[0m
16:04:58.139 [Darkroom Processing Line] DEBUG net.serenitybdd.core.photography.DarkroomProcessingLine - Saving screenshot to target\site\serenity\33a2ff2c0a96cd42664ed544b60caabea3eddde11be69976e463bf006191a128.png
16:04:58.147 [main] INFO  - 
  _____   ___   ___   _____     ___     _     ___   ___   ___   ___  
 |_   _| | __| / __| |_   _|   | _ \   /_\   / __| / __| | __| |   \ 
   | |   | _|  \__ \   | |     |  _/  / _ \  \__ \ \__ \ | _|  | |) |
   |_|   |___| |___/   |_|     |_|   /_/ \_\ |___/ |___/ |___| |___/ 

Cancel Delete Patient Data scenario
----------------------------------------------------------------------
16:04:58.149 [AsyncHttpClient-1-8] DEBUG org.asynchttpclient.netty.handler.WebSocketHandler - Channel Closed: [id: 0x554ef39a, L:/127.0.0.1:50173 ! R:localhost/127.0.0.1:50167] with attribute NettyResponseFuture{currentRetry=5,
	isDone=1,
	isCancelled=0,
	asyncHandler=org.asynchttpclient.ws.WebSocketUpgradeHandler@1da6c5d4,
	nettyRequest=org.asynchttpclient.netty.request.NettyRequest@2a30489c,
	future=java.util.concurrent.CompletableFuture@2ef68684[Completed normally],
	uri=ws://localhost:50167/devtools/browser/6348bd30-7652-4c01-95c6-17d1c7c67f98,
	keepAlive=true,
	redirectCount=0,
	timeoutsHolder=null,
	inAuth=0,
	touch=1655111091480}
16:04:58.150 [AsyncHttpClient-1-8] DEBUG org.asynchttpclient.netty.channel.ChannelManager - Closing Channel [id: 0x554ef39a, L:/127.0.0.1:50173 ! R:localhost/127.0.0.1:50167] 
16:04:58.151 [Driver Command Executor] DEBUG org.asynchttpclient.netty.request.NettyRequestSender - Using pooled Channel '[id: 0xb26e06af, L:/127.0.0.1:50166 - R:localhost/127.0.0.1:60964]' for 'DELETE' to 'http://localhost:60964/session/18bc2b64f63f770151f9ac9dee7be006'
16:04:58.151 [Driver Command Executor] DEBUG org.asynchttpclient.netty.request.NettyRequestSender - Using open Channel [id: 0xb26e06af, L:/127.0.0.1:50166 - R:localhost/127.0.0.1:60964] for DELETE '/session/18bc2b64f63f770151f9ac9dee7be006'
16:04:58.209 [AsyncHttpClient-1-7] DEBUG org.asynchttpclient.netty.handler.HttpHandler - Unexpected I/O exception on channel [id: 0x8e4c89ed, L:/127.0.0.1:50172 - R:localhost/127.0.0.1:50167]
java.net.SocketException: Connection reset
	at java.base/sun.nio.ch.SocketChannelImpl.throwConnectionReset(SocketChannelImpl.java:367)
	at java.base/sun.nio.ch.SocketChannelImpl.read(SocketChannelImpl.java:398)
	at io.netty.buffer.PooledByteBuf.setBytes(PooledByteBuf.java:258)
	at io.netty.buffer.AbstractByteBuf.writeBytes(AbstractByteBuf.java:1132)
	at io.netty.channel.socket.nio.NioSocketChannel.doReadBytes(NioSocketChannel.java:350)
	at io.netty.channel.nio.AbstractNioByteChannel$NioByteUnsafe.read(AbstractNioByteChannel.java:151)
	at io.netty.channel.nio.NioEventLoop.processSelectedKey(NioEventLoop.java:722)
	at io.netty.channel.nio.NioEventLoop.processSelectedKeysOptimized(NioEventLoop.java:658)
	at io.netty.channel.nio.NioEventLoop.processSelectedKeys(NioEventLoop.java:584)
	at io.netty.channel.nio.NioEventLoop.run(NioEventLoop.java:496)
	at io.netty.util.concurrent.SingleThreadEventExecutor$4.run(SingleThreadEventExecutor.java:986)
	at io.netty.util.internal.ThreadExecutorMap$2.run(ThreadExecutorMap.java:74)
	at io.netty.util.concurrent.FastThreadLocalRunnable.run(FastThreadLocalRunnable.java:30)
	at java.base/java.lang.Thread.run(Thread.java:832)
16:04:58.209 [AsyncHttpClient-1-7] DEBUG org.asynchttpclient.netty.channel.ChannelManager - Closing Channel [id: 0x8e4c89ed, L:/127.0.0.1:50172 - R:localhost/127.0.0.1:50167] 
16:04:58.209 [AsyncHttpClient-1-7] DEBUG org.asynchttpclient.netty.handler.HttpHandler - Channel Closed: [id: 0x8e4c89ed, L:/127.0.0.1:50172 ! R:localhost/127.0.0.1:50167] with attribute DISCARD
16:04:58.273 [AsyncHttpClient-1-1] DEBUG org.asynchttpclient.netty.channel.DefaultChannelPool - Entry count for : http://localhost:50167 : 1
16:04:58.273 [AsyncHttpClient-1-1] DEBUG org.asynchttpclient.netty.channel.DefaultChannelPool - Adding Candidate expired Channel [id: 0x8e4c89ed, L:/127.0.0.1:50172 ! R:localhost/127.0.0.1:50167] isIdleTimeoutExpired=false isRemotelyClosed=true isTtlExpired=false
16:04:58.273 [AsyncHttpClient-1-1] DEBUG org.asynchttpclient.netty.channel.DefaultChannelPool - Closing Idle Channel [id: 0x8e4c89ed, L:/127.0.0.1:50172 ! R:localhost/127.0.0.1:50167]
16:04:58.273 [AsyncHttpClient-1-1] DEBUG org.asynchttpclient.netty.channel.DefaultChannelPool - Closed 1 connections out of 1 in 0 ms
16:05:00.847 [AsyncHttpClient-1-6] DEBUG org.asynchttpclient.netty.handler.HttpHandler - 

Request DefaultFullHttpRequest(decodeResult: success, version: HTTP/1.1, content: EmptyByteBufBE)
DELETE /session/18bc2b64f63f770151f9ac9dee7be006 HTTP/1.1
User-Agent: selenium/4.1.2 (java windows)
Content-Type: application/json; charset=utf-8
host: localhost:60964
accept: */*

Response DefaultHttpResponse(decodeResult: success, version: HTTP/1.1)
HTTP/1.1 200 OK
Content-Type: application/json; charset=utf-8
cache-control: no-cache
content-length: 14

16:05:00.848 [AsyncHttpClient-1-6] DEBUG org.asynchttpclient.netty.channel.ChannelManager - Adding key: http://localhost:60964 for channel [id: 0xb26e06af, L:/127.0.0.1:50166 - R:localhost/127.0.0.1:60964]
16:05:01.038 [AsyncHttpClient-1-6] DEBUG org.asynchttpclient.netty.handler.HttpHandler - Channel Closed: [id: 0xb26e06af, L:/127.0.0.1:50166 ! R:localhost/127.0.0.1:60964] with attribute DISCARD
]]></system-out>
    <system-err><![CDATA[Starting ChromeDriver 102.0.5005.61 (0e59bcc00cc4985ce39ad31c150065f159d95ad3-refs/branch-heads/5005@{#819}) on port 60964
Only local connections are allowed.
Please see https://chromedriver.chromium.org/security-considerations for suggestions on keeping ChromeDriver safe.
ChromeDriver was started successfully.
Jun 13, 2022 4:04:51 PM org.openqa.selenium.remote.ProtocolHandshake createSession
INFO: Detected dialect: W3C
Jun 13, 2022 4:04:51 PM org.openqa.selenium.devtools.CdpVersionFinder findNearestMatch
WARNING: Unable to find an exact match for CDP version 102, so returning the closest version found: a no-op implementation
Jun 13, 2022 4:04:51 PM org.openqa.selenium.devtools.CdpVersionFinder findNearestMatch
INFO: Unable to find CDP implementation matching 102.
Jun 13, 2022 4:04:51 PM org.openqa.selenium.chromium.ChromiumDriver lambda$new$3
WARNING: Unable to find version of CDP to use for . You may need to include a dependency on a specific version of the CDP using something similar to `org.seleniumhq.selenium:selenium-devtools-v86:4.1.2` where the version ("v86") matches the version of the chromium-based browser you're using and the version number of the artifact is the same as Selenium's.
]]></system-err>
  </testcase>
</testsuite>