<?xml version="1.0" encoding="UTF-8"?>
<testsuite xmlns:xsi="http://www.w3.org/2001/XMLSchema-instance" xsi:noNamespaceSchemaLocation="https://maven.apache.org/surefire/maven-failsafe-plugin/xsd/failsafe-test-report-3.0.xsd" version="3.0" name="CucumberTestSuite" time="150.794" tests="4" errors="0" skipped="0" failures="0">
  <properties>
    <property name="java.specification.version" value="15"/>
    <property name="webdriver.chrome.driver" value="E:\My Documents\File Difa\TI Semester 6 Kampus Merdeka Alterra\Tugas\CAPSTONE Project\Capstone-Project-Website\Capstone-Project-Website\src\test\resources\webdriver\chromedriver.exe"/>
    <property name="sun.cpu.isalist" value="amd64"/>
    <property name="sun.jnu.encoding" value="Cp1252"/>
    <property name="java.class.path" value="E:\My Documents\File Difa\TI Semester 6 Kampus Merdeka Alterra\Tugas\CAPSTONE Project\Capstone-Project-Website\Capstone-Project-Website\target\test-classes;C:\Users\USER\.m2\repository\net\serenity-bdd\serenity-core\3.2.1\serenity-core-3.2.1.jar;C:\Users\USER\.m2\repository\net\serenity-bdd\serenity-model\3.2.1\serenity-model-3.2.1.jar;C:\Users\USER\.m2\repository\org\apache\commons\commons-text\1.9\commons-text-1.9.jar;C:\Users\USER\.m2\repository\commons-net\commons-net\3.8.0\commons-net-3.8.0.jar;C:\Users\USER\.m2\repository\com\google\guava\guava\31.1-jre\guava-31.1-jre.jar;C:\Users\USER\.m2\repository\com\google\guava\failureaccess\1.0.1\failureaccess-1.0.1.jar;C:\Users\USER\.m2\repository\com\google\guava\listenablefuture\9999.0-empty-to-avoid-conflict-with-guava\listenablefuture-9999.0-empty-to-avoid-conflict-with-guava.jar;C:\Users\USER\.m2\repository\com\google\code\findbugs\jsr305\3.0.2\jsr305-3.0.2.jar;C:\Users\USER\.m2\repository\org\checkerframework\checker-qual\3.12.0\checker-qual-3.12.0.jar;C:\Users\USER\.m2\repository\com\google\errorprone\error_prone_annotations\2.11.0\error_prone_annotations-2.11.0.jar;C:\Users\USER\.m2\repository\com\google\j2objc\j2objc-annotations\1.3\j2objc-annotations-1.3.jar;C:\Users\USER\.m2\repository\com\google\inject\guice\5.1.0\guice-5.1.0.jar;C:\Users\USER\.m2\repository\javax\inject\javax.inject\1\javax.inject-1.jar;C:\Users\USER\.m2\repository\aopalliance\aopalliance\1.0\aopalliance-1.0.jar;C:\Users\USER\.m2\repository\org\jsoup\jsoup\1.14.3\jsoup-1.14.3.jar;C:\Users\USER\.m2\repository\com\thoughtworks\xstream\xstream\1.4.19\xstream-1.4.19.jar;C:\Users\USER\.m2\repository\io\github\x-stream\mxparser\1.2.2\mxparser-1.2.2.jar;C:\Users\USER\.m2\repository\xmlpull\xmlpull\1.1.3.1\xmlpull-1.1.3.1.jar;C:\Users\USER\.m2\repository\io\cucumber\cucumber-java\7.2.3\cucumber-java-7.2.3.jar;C:\Users\USER\.m2\repository\com\typesafe\config\1.4.2\config-1.4.2.jar;C:\Users\USER\.m2\repository\org\imgscalr\imgscalr-lib\4.2\imgscalr-lib-4.2.jar;C:\Users\USER\.m2\repository\org\awaitility\awaitility\4.2.0\awaitility-4.2.0.jar;C:\Users\USER\.m2\repository\org\freemarker\freemarker\2.3.31\freemarker-2.3.31.jar;C:\Users\USER\.m2\repository\io\github\classgraph\classgraph\4.8.138\classgraph-4.8.138.jar;C:\Users\USER\.m2\repository\net\sourceforge\jexcelapi\jxl\2.6.12\jxl-2.6.12.jar;C:\Users\USER\.m2\repository\net\bytebuddy\byte-buddy\1.12.8\byte-buddy-1.12.8.jar;C:\Users\USER\.m2\repository\net\bytebuddy\byte-buddy-agent\1.12.8\byte-buddy-agent-1.12.8.jar;C:\Users\USER\.m2\repository\org\objenesis\objenesis\3.1\objenesis-3.1.jar;C:\Users\USER\.m2\repository\net\serenity-bdd\serenity-reports\3.2.1\serenity-reports-3.2.1.jar;C:\Users\USER\.m2\repository\net\serenity-bdd\serenity-stats\3.2.1\serenity-stats-3.2.1.jar;C:\Users\USER\.m2\repository\net\serenity-bdd\serenity-reports-configuration\3.2.1\serenity-reports-configuration-3.2.1.jar;C:\Users\USER\.m2\repository\com\vladsch\flexmark\flexmark-all\0.34.30\flexmark-all-0.34.30.jar;C:\Users\USER\.m2\repository\com\vladsch\flexmark\flexmark\0.34.30\flexmark-0.34.30.jar;C:\Users\USER\.m2\repository\com\vladsch\flexmark\flexmark-ext-abbreviation\0.34.30\flexmark-ext-abbreviation-0.34.30.jar;C:\Users\USER\.m2\repository\com\vladsch\flexmark\flexmark-ext-admonition\0.34.30\flexmark-ext-admonition-0.34.30.jar;C:\Users\USER\.m2\repository\com\vladsch\flexmark\flexmark-ext-anchorlink\0.34.30\flexmark-ext-anchorlink-0.34.30.jar;C:\Users\USER\.m2\repository\com\vladsch\flexmark\flexmark-ext-aside\0.34.30\flexmark-ext-aside-0.34.30.jar;C:\Users\USER\.m2\repository\com\vladsch\flexmark\flexmark-ext-attributes\0.34.30\flexmark-ext-attributes-0.34.30.jar;C:\Users\USER\.m2\repository\com\vladsch\flexmark\flexmark-ext-autolink\0.34.30\flexmark-ext-autolink-0.34.30.jar;C:\Users\USER\.m2\repository\org\nibor\autolink\autolink\0.6.0\autolink-0.6.0.jar;C:\Users\USER\.m2\repository\com\vladsch\flexmark\flexmark-ext-definition\0.34.30\flexmark-ext-definition-0.34.30.jar;C:\Users\USER\.m2\repository\com\vladsch\flexmark\flexmark-ext-emoji\0.34.30\flexmark-ext-emoji-0.34.30.jar;C:\Users\USER\.m2\repository\com\vladsch\flexmark\flexmark-ext-enumerated-reference\0.34.30\flexmark-ext-enumerated-reference-0.34.30.jar;C:\Users\USER\.m2\repository\com\vladsch\flexmark\flexmark-ext-escaped-character\0.34.30\flexmark-ext-escaped-character-0.34.30.jar;C:\Users\USER\.m2\repository\com\vladsch\flexmark\flexmark-ext-footnotes\0.34.30\flexmark-ext-footnotes-0.34.30.jar;C:\Users\USER\.m2\repository\com\vladsch\flexmark\flexmark-ext-gfm-issues\0.34.30\flexmark-ext-gfm-issues-0.34.30.jar;C:\Users\USER\.m2\repository\com\vladsch\flexmark\flexmark-ext-gfm-strikethrough\0.34.30\flexmark-ext-gfm-strikethrough-0.34.30.jar;C:\Users\USER\.m2\repository\com\vladsch\flexmark\flexmark-ext-gfm-tables\0.34.30\flexmark-ext-gfm-tables-0.34.30.jar;C:\Users\USER\.m2\repository\com\vladsch\flexmark\flexmark-ext-gfm-tasklist\0.34.30\flexmark-ext-gfm-tasklist-0.34.30.jar;C:\Users\USER\.m2\repository\com\vladsch\flexmark\flexmark-ext-gfm-users\0.34.30\flexmark-ext-gfm-users-0.34.30.jar;C:\Users\USER\.m2\repository\com\vladsch\flexmark\flexmark-ext-gitlab\0.34.30\flexmark-ext-gitlab-0.34.30.jar;C:\Users\USER\.m2\repository\com\vladsch\flexmark\flexmark-ext-jekyll-front-matter\0.34.30\flexmark-ext-jekyll-front-matter-0.34.30.jar;C:\Users\USER\.m2\repository\com\vladsch\flexmark\flexmark-ext-jekyll-tag\0.34.30\flexmark-ext-jekyll-tag-0.34.30.jar;C:\Users\USER\.m2\repository\com\vladsch\flexmark\flexmark-ext-media-tags\0.34.30\flexmark-ext-media-tags-0.34.30.jar;C:\Users\USER\.m2\repository\com\vladsch\flexmark\flexmark-test-util\0.34.30\flexmark-test-util-0.34.30.jar;C:\Users\USER\.m2\repository\com\vladsch\flexmark\flexmark-ext-ins\0.34.30\flexmark-ext-ins-0.34.30.jar;C:\Users\USER\.m2\repository\com\vladsch\flexmark\flexmark-ext-xwiki-macros\0.34.30\flexmark-ext-xwiki-macros-0.34.30.jar;C:\Users\USER\.m2\repository\com\vladsch\flexmark\flexmark-ext-superscript\0.34.30\flexmark-ext-superscript-0.34.30.jar;C:\Users\USER\.m2\repository\com\vladsch\flexmark\flexmark-ext-tables\0.34.30\flexmark-ext-tables-0.34.30.jar;C:\Users\USER\.m2\repository\com\vladsch\flexmark\flexmark-ext-toc\0.34.30\flexmark-ext-toc-0.34.30.jar;C:\Users\USER\.m2\repository\com\vladsch\flexmark\flexmark-ext-typographic\0.34.30\flexmark-ext-typographic-0.34.30.jar;C:\Users\USER\.m2\repository\com\vladsch\flexmark\flexmark-ext-wikilink\0.34.30\flexmark-ext-wikilink-0.34.30.jar;C:\Users\USER\.m2\repository\com\vladsch\flexmark\flexmark-ext-yaml-front-matter\0.34.30\flexmark-ext-yaml-front-matter-0.34.30.jar;C:\Users\USER\.m2\repository\com\vladsch\flexmark\flexmark-ext-youtube-embedded\0.34.30\flexmark-ext-youtube-embedded-0.34.30.jar;C:\Users\USER\.m2\repository\com\vladsch\flexmark\flexmark-formatter\0.34.30\flexmark-formatter-0.34.30.jar;C:\Users\USER\.m2\repository\com\vladsch\flexmark\flexmark-html-parser\0.34.30\flexmark-html-parser-0.34.30.jar;C:\Users\USER\.m2\repository\com\vladsch\flexmark\flexmark-jira-converter\0.34.30\flexmark-jira-converter-0.34.30.jar;C:\Users\USER\.m2\repository\com\vladsch\flexmark\flexmark-pdf-converter\0.34.30\flexmark-pdf-converter-0.34.30.jar;C:\Users\USER\.m2\repository\com\openhtmltopdf\openhtmltopdf-core\0.0.1-RC13\openhtmltopdf-core-0.0.1-RC13.jar;C:\Users\USER\.m2\repository\com\openhtmltopdf\openhtmltopdf-pdfbox\0.0.1-RC13\openhtmltopdf-pdfbox-0.0.1-RC13.jar;C:\Users\USER\.m2\repository\org\apache\pdfbox\pdfbox\2.0.8\pdfbox-2.0.8.jar;C:\Users\USER\.m2\repository\org\apache\pdfbox\fontbox\2.0.8\fontbox-2.0.8.jar;C:\Users\USER\.m2\repository\commons-logging\commons-logging\1.2\commons-logging-1.2.jar;C:\Users\USER\.m2\repository\org\apache\pdfbox\xmpbox\2.0.8\xmpbox-2.0.8.jar;C:\Users\USER\.m2\repository\de\rototor\pdfbox\graphics2d\0.12\graphics2d-0.12.jar;C:\Users\USER\.m2\repository\com\openhtmltopdf\openhtmltopdf-rtl-support\0.0.1-RC13\openhtmltopdf-rtl-support-0.0.1-RC13.jar;C:\Users\USER\.m2\repository\com\ibm\icu\icu4j\59.1\icu4j-59.1.jar;C:\Users\USER\.m2\repository\com\openhtmltopdf\openhtmltopdf-jsoup-dom-converter\0.0.1-RC13\openhtmltopdf-jsoup-dom-converter-0.0.1-RC13.jar;C:\Users\USER\.m2\repository\com\vladsch\flexmark\flexmark-profile-pegdown\0.34.30\flexmark-profile-pegdown-0.34.30.jar;C:\Users\USER\.m2\repository\com\vladsch\flexmark\flexmark-util\0.34.30\flexmark-util-0.34.30.jar;C:\Users\USER\.m2\repository\com\vladsch\flexmark\flexmark-youtrack-converter\0.34.30\flexmark-youtrack-converter-0.34.30.jar;C:\Users\USER\.m2\repository\es\nitaur\markdown\txtmark\0.16\txtmark-0.16.jar;C:\Users\USER\.m2\repository\net\serenity-bdd\serenity-report-resources\3.2.1\serenity-report-resources-3.2.1.jar;C:\Users\USER\.m2\repository\com\google\code\gson\gson\2.9.0\gson-2.9.0.jar;C:\Users\USER\.m2\repository\com\fasterxml\jackson\core\jackson-core\2.13.2\jackson-core-2.13.2.jar;C:\Users\USER\.m2\repository\com\fasterxml\jackson\core\jackson-databind\2.13.2\jackson-databind-2.13.2.jar;C:\Users\USER\.m2\repository\com\fasterxml\jackson\core\jackson-annotations\2.13.2\jackson-annotations-2.13.2.jar;C:\Users\USER\.m2\repository\commons-codec\commons-codec\1.15\commons-codec-1.15.jar;C:\Users\USER\.m2\repository\commons-io\commons-io\2.11.0\commons-io-2.11.0.jar;C:\Users\USER\.m2\repository\org\seleniumhq\selenium\selenium-java\4.1.2\selenium-java-4.1.2.jar;C:\Users\USER\.m2\repository\org\seleniumhq\selenium\selenium-devtools-v85\4.1.2\selenium-devtools-v85-4.1.2.jar;C:\Users\USER\.m2\repository\org\seleniumhq\selenium\selenium-devtools-v95\4.1.2\selenium-devtools-v95-4.1.2.jar;C:\Users\USER\.m2\repository\org\seleniumhq\selenium\selenium-devtools-v96\4.1.2\selenium-devtools-v96-4.1.2.jar;C:\Users\USER\.m2\repository\org\seleniumhq\selenium\selenium-devtools-v97\4.1.2\selenium-devtools-v97-4.1.2.jar;C:\Users\USER\.m2\repository\org\seleniumhq\selenium\selenium-firefox-xpi-driver\4.1.2\selenium-firefox-xpi-driver-4.1.2.jar;C:\Users\USER\.m2\repository\org\seleniumhq\selenium\selenium-opera-driver\4.1.2\selenium-opera-driver-4.1.2.jar;C:\Users\USER\.m2\repository\org\seleniumhq\selenium\selenium-remote-driver\4.1.2\selenium-remote-driver-4.1.2.jar;C:\Users\USER\.m2\repository\com\beust\jcommander\1.82\jcommander-1.82.jar;C:\Users\USER\.m2\repository\io\netty\netty-buffer\4.1.73.Final\netty-buffer-4.1.73.Final.jar;C:\Users\USER\.m2\repository\io\netty\netty-codec-http\4.1.73.Final\netty-codec-http-4.1.73.Final.jar;C:\Users\USER\.m2\repository\io\netty\netty-codec\4.1.73.Final\netty-codec-4.1.73.Final.jar;C:\Users\USER\.m2\repository\io\netty\netty-handler\4.1.73.Final\netty-handler-4.1.73.Final.jar;C:\Users\USER\.m2\repository\io\netty\netty-tcnative-classes\2.0.46.Final\netty-tcnative-classes-2.0.46.Final.jar;C:\Users\USER\.m2\repository\io\netty\netty-common\4.1.73.Final\netty-common-4.1.73.Final.jar;C:\Users\USER\.m2\repository\io\netty\netty-transport-classes-epoll\4.1.73.Final\netty-transport-classes-epoll-4.1.73.Final.jar;C:\Users\USER\.m2\repository\io\netty\netty-transport-classes-kqueue\4.1.73.Final\netty-transport-classes-kqueue-4.1.73.Final.jar;C:\Users\USER\.m2\repository\io\netty\netty-transport-native-epoll\4.1.73.Final\netty-transport-native-epoll-4.1.73.Final.jar;C:\Users\USER\.m2\repository\io\netty\netty-transport-native-kqueue\4.1.73.Final\netty-transport-native-kqueue-4.1.73.Final.jar;C:\Users\USER\.m2\repository\io\netty\netty-transport-native-unix-common\4.1.73.Final\netty-transport-native-unix-common-4.1.73.Final.jar;C:\Users\USER\.m2\repository\io\netty\netty-transport\4.1.73.Final\netty-transport-4.1.73.Final.jar;C:\Users\USER\.m2\repository\io\netty\netty-resolver\4.1.73.Final\netty-resolver-4.1.73.Final.jar;C:\Users\USER\.m2\repository\io\opentelemetry\opentelemetry-api\1.10.1\opentelemetry-api-1.10.1.jar;C:\Users\USER\.m2\repository\io\opentelemetry\opentelemetry-context\1.10.1\opentelemetry-context-1.10.1.jar;C:\Users\USER\.m2\repository\io\opentelemetry\opentelemetry-exporter-logging\1.10.1\opentelemetry-exporter-logging-1.10.1.jar;C:\Users\USER\.m2\repository\io\opentelemetry\opentelemetry-sdk-metrics\1.10.1-alpha\opentelemetry-sdk-metrics-1.10.1-alpha.jar;C:\Users\USER\.m2\repository\io\opentelemetry\opentelemetry-sdk-logs\1.10.1-alpha\opentelemetry-sdk-logs-1.10.1-alpha.jar;C:\Users\USER\.m2\repository\io\opentelemetry\opentelemetry-sdk-common\1.10.1\opentelemetry-sdk-common-1.10.1.jar;C:\Users\USER\.m2\repository\io\opentelemetry\opentelemetry-sdk-extension-autoconfigure-spi\1.10.1\opentelemetry-sdk-extension-autoconfigure-spi-1.10.1.jar;C:\Users\USER\.m2\repository\io\opentelemetry\opentelemetry-sdk-extension-autoconfigure\1.10.1-alpha\opentelemetry-sdk-extension-autoconfigure-1.10.1-alpha.jar;C:\Users\USER\.m2\repository\io\opentelemetry\opentelemetry-sdk-trace\1.10.1\opentelemetry-sdk-trace-1.10.1.jar;C:\Users\USER\.m2\repository\io\opentelemetry\opentelemetry-sdk\1.10.1\opentelemetry-sdk-1.10.1.jar;C:\Users\USER\.m2\repository\io\opentelemetry\opentelemetry-semconv\1.10.1-alpha\opentelemetry-semconv-1.10.1-alpha.jar;C:\Users\USER\.m2\repository\io\ous\jtoml\2.0.0\jtoml-2.0.0.jar;C:\Users\USER\.m2\repository\org\apache\commons\commons-exec\1.3\commons-exec-1.3.jar;C:\Users\USER\.m2\repository\org\asynchttpclient\async-http-client\2.12.3\async-http-client-2.12.3.jar;C:\Users\USER\.m2\repository\org\asynchttpclient\async-http-client-netty-utils\2.12.3\async-http-client-netty-utils-2.12.3.jar;C:\Users\USER\.m2\repository\io\netty\netty-codec-socks\4.1.60.Final\netty-codec-socks-4.1.60.Final.jar;C:\Users\USER\.m2\repository\io\netty\netty-handler-proxy\4.1.60.Final\netty-handler-proxy-4.1.60.Final.jar;C:\Users\USER\.m2\repository\io\netty\netty-transport-native-epoll\4.1.60.Final\netty-transport-native-epoll-4.1.60.Final-linux-x86_64.jar;C:\Users\USER\.m2\repository\io\netty\netty-transport-native-kqueue\4.1.60.Final\netty-transport-native-kqueue-4.1.60.Final-osx-x86_64.jar;C:\Users\USER\.m2\repository\org\reactivestreams\reactive-streams\1.0.3\reactive-streams-1.0.3.jar;C:\Users\USER\.m2\repository\com\typesafe\netty\netty-reactive-streams\2.0.4\netty-reactive-streams-2.0.4.jar;C:\Users\USER\.m2\repository\org\seleniumhq\selenium\selenium-http\4.1.2\selenium-http-4.1.2.jar;C:\Users\USER\.m2\repository\net\jodah\failsafe\2.4.4\failsafe-2.4.4.jar;C:\Users\USER\.m2\repository\org\seleniumhq\selenium\selenium-safari-driver\4.1.2\selenium-safari-driver-4.1.2.jar;C:\Users\USER\.m2\repository\org\seleniumhq\selenium\selenium-api\4.1.2\selenium-api-4.1.2.jar;C:\Users\USER\.m2\repository\org\seleniumhq\selenium\selenium-support\4.1.2\selenium-support-4.1.2.jar;C:\Users\USER\.m2\repository\com\google\auto\service\auto-service-annotations\1.0.1\auto-service-annotations-1.0.1.jar;C:\Users\USER\.m2\repository\com\google\auto\service\auto-service\1.0.1\auto-service-1.0.1.jar;C:\Users\USER\.m2\repository\com\google\auto\auto-common\1.2\auto-common-1.2.jar;C:\Users\USER\.m2\repository\org\seleniumhq\selenium\selenium-json\4.1.2\selenium-json-4.1.2.jar;C:\Users\USER\.m2\repository\org\seleniumhq\selenium\selenium-chrome-driver\4.1.2\selenium-chrome-driver-4.1.2.jar;C:\Users\USER\.m2\repository\org\seleniumhq\selenium\selenium-chromium-driver\4.1.2\selenium-chromium-driver-4.1.2.jar;C:\Users\USER\.m2\repository\org\seleniumhq\selenium\selenium-firefox-driver\4.1.2\selenium-firefox-driver-4.1.2.jar;C:\Users\USER\.m2\repository\org\seleniumhq\selenium\selenium-edge-driver\4.1.2\selenium-edge-driver-4.1.2.jar;C:\Users\USER\.m2\repository\org\seleniumhq\selenium\selenium-ie-driver\4.1.2\selenium-ie-driver-4.1.2.jar;C:\Users\USER\.m2\repository\org\projectlombok\lombok\1.18.20\lombok-1.18.20.jar;C:\Users\USER\.m2\repository\io\appium\java-client\8.0.0\java-client-8.0.0.jar;C:\Users\USER\.m2\repository\commons-validator\commons-validator\1.7\commons-validator-1.7.jar;C:\Users\USER\.m2\repository\commons-digester\commons-digester\2.1\commons-digester-2.1.jar;C:\Users\USER\.m2\repository\org\aspectj\aspectjweaver\1.9.8\aspectjweaver-1.9.8.jar;C:\Users\USER\.m2\repository\org\codehaus\groovy\groovy\3.0.10\groovy-3.0.10.jar;C:\Users\USER\.m2\repository\net\sf\opencsv\opencsv\2.0\opencsv-2.0.jar;C:\Users\USER\.m2\repository\commons-beanutils\commons-beanutils\1.9.4\commons-beanutils-1.9.4.jar;C:\Users\USER\.m2\repository\org\apache\commons\commons-lang3\3.12.0\commons-lang3-3.12.0.jar;C:\Users\USER\.m2\repository\commons-collections\commons-collections\3.2.2\commons-collections-3.2.2.jar;C:\Users\USER\.m2\repository\org\fluentlenium\fluentlenium-core\0.10.2\fluentlenium-core-0.10.2.jar;C:\Users\USER\.m2\repository\io\github\bonigarcia\webdrivermanager\5.1.0\webdrivermanager-5.1.0.jar;C:\Users\USER\.m2\repository\com\github\docker-java\docker-java\3.2.13\docker-java-3.2.13.jar;C:\Users\USER\.m2\repository\com\github\docker-java\docker-java-core\3.2.13\docker-java-core-3.2.13.jar;C:\Users\USER\.m2\repository\com\github\docker-java\docker-java-api\3.2.13\docker-java-api-3.2.13.jar;C:\Users\USER\.m2\repository\org\apache\commons\commons-compress\1.21\commons-compress-1.21.jar;C:\Users\USER\.m2\repository\org\bouncycastle\bcpkix-jdk15on\1.64\bcpkix-jdk15on-1.64.jar;C:\Users\USER\.m2\repository\org\bouncycastle\bcprov-jdk15on\1.64\bcprov-jdk15on-1.64.jar;C:\Users\USER\.m2\repository\org\slf4j\jcl-over-slf4j\1.7.30\jcl-over-slf4j-1.7.30.jar;C:\Users\USER\.m2\repository\com\github\docker-java\docker-java-transport-httpclient5\3.2.13\docker-java-transport-httpclient5-3.2.13.jar;C:\Users\USER\.m2\repository\com\github\docker-java\docker-java-transport\3.2.13\docker-java-transport-3.2.13.jar;C:\Users\USER\.m2\repository\org\apache\httpcomponents\client5\httpclient5\5.0.3\httpclient5-5.0.3.jar;C:\Users\USER\.m2\repository\org\apache\httpcomponents\core5\httpcore5\5.0.2\httpcore5-5.0.2.jar;C:\Users\USER\.m2\repository\net\java\dev\jna\jna\5.8.0\jna-5.8.0.jar;C:\Users\USER\.m2\repository\org\brotli\dec\0.1.2\dec-0.1.2.jar;C:\Users\USER\.m2\repository\com\jhlabs\filters\2.0.235\filters-2.0.235.jar;C:\Users\USER\.m2\repository\com\paulhammant\ngwebdriver\1.1.6\ngwebdriver-1.1.6.jar;C:\Users\USER\.m2\repository\joda-time\joda-time\2.8.2\joda-time-2.8.2.jar;C:\Users\USER\.m2\repository\org\hamcrest\hamcrest\2.2\hamcrest-2.2.jar;C:\Users\USER\.m2\repository\com\google\jimfs\jimfs\1.2\jimfs-1.2.jar;C:\Users\USER\.m2\repository\org\mockito\mockito-core\3.3.3\mockito-core-3.3.3.jar;C:\Users\USER\.m2\repository\javax\xml\bind\jaxb-api\2.3.1\jaxb-api-2.3.1.jar;C:\Users\USER\.m2\repository\javax\activation\javax.activation-api\1.2.0\javax.activation-api-1.2.0.jar;C:\Users\USER\.m2\repository\com\sun\xml\bind\jaxb-core\2.3.0.1\jaxb-core-2.3.0.1.jar;C:\Users\USER\.m2\repository\com\sun\xml\bind\jaxb-impl\2.3.3\jaxb-impl-2.3.3.jar;C:\Users\USER\.m2\repository\jakarta\xml\bind\jakarta.xml.bind-api\2.3.3\jakarta.xml.bind-api-2.3.3.jar;C:\Users\USER\.m2\repository\com\sun\activation\jakarta.activation\1.2.2\jakarta.activation-1.2.2.jar;C:\Users\USER\.m2\repository\javax\activation\activation\1.1.1\activation-1.1.1.jar;C:\Users\USER\.m2\repository\net\serenity-bdd\serenity-cucumber\3.2.1\serenity-cucumber-3.2.1.jar;C:\Users\USER\.m2\repository\io\cucumber\cucumber-core\7.2.3\cucumber-core-7.2.3.jar;C:\Users\USER\.m2\repository\io\cucumber\cucumber-gherkin\7.2.3\cucumber-gherkin-7.2.3.jar;C:\Users\USER\.m2\repository\io\cucumber\cucumber-gherkin-messages\7.2.3\cucumber-gherkin-messages-7.2.3.jar;C:\Users\USER\.m2\repository\io\cucumber\messages\17.1.1\messages-17.1.1.jar;C:\Users\USER\.m2\repository\io\cucumber\tag-expressions\4.1.0\tag-expressions-4.1.0.jar;C:\Users\USER\.m2\repository\io\cucumber\cucumber-expressions\15.0.1\cucumber-expressions-15.0.1.jar;C:\Users\USER\.m2\repository\io\cucumber\datatable\7.2.3\datatable-7.2.3.jar;C:\Users\USER\.m2\repository\io\cucumber\cucumber-plugin\7.2.3\cucumber-plugin-7.2.3.jar;C:\Users\USER\.m2\repository\io\cucumber\docstring\7.2.3\docstring-7.2.3.jar;C:\Users\USER\.m2\repository\io\cucumber\html-formatter\17.0.0\html-formatter-17.0.0.jar;C:\Users\USER\.m2\repository\io\cucumber\ci-environment\8.1.0\ci-environment-8.1.0.jar;C:\Users\USER\.m2\repository\io\cucumber\cucumber-junit\7.2.3\cucumber-junit-7.2.3.jar;C:\Users\USER\.m2\repository\org\apache\commons\commons-csv\1.5\commons-csv-1.5.jar;C:\Users\USER\.m2\repository\net\serenity-bdd\serenity-screenplay\3.2.1\serenity-screenplay-3.2.1.jar;C:\Users\USER\.m2\repository\net\serenity-bdd\serenity-screenplay-webdriver\3.2.1\serenity-screenplay-webdriver-3.2.1.jar;C:\Users\USER\.m2\repository\net\serenity-bdd\serenity-ensure\3.2.1\serenity-ensure-3.2.1.jar;C:\Users\USER\.m2\repository\net\serenity-bdd\serenity-junit\3.2.1\serenity-junit-3.2.1.jar;C:\Users\USER\.m2\repository\org\jetbrains\kotlin\kotlin-stdlib\1.6.0\kotlin-stdlib-1.6.0.jar;C:\Users\USER\.m2\repository\org\jetbrains\annotations\13.0\annotations-13.0.jar;C:\Users\USER\.m2\repository\org\jetbrains\kotlin\kotlin-stdlib-common\1.6.0\kotlin-stdlib-common-1.6.0.jar;C:\Users\USER\.m2\repository\org\junit\platform\junit-platform-launcher\1.8.1\junit-platform-launcher-1.8.1.jar;C:\Users\USER\.m2\repository\org\junit\platform\junit-platform-engine\1.8.1\junit-platform-engine-1.8.1.jar;C:\Users\USER\.m2\repository\org\opentest4j\opentest4j\1.2.0\opentest4j-1.2.0.jar;C:\Users\USER\.m2\repository\org\junit\platform\junit-platform-commons\1.8.1\junit-platform-commons-1.8.1.jar;C:\Users\USER\.m2\repository\org\apiguardian\apiguardian-api\1.1.2\apiguardian-api-1.1.2.jar;C:\Users\USER\.m2\repository\org\junit\jupiter\junit-jupiter-engine\5.8.2\junit-jupiter-engine-5.8.2.jar;C:\Users\USER\.m2\repository\org\junit\jupiter\junit-jupiter-api\5.8.2\junit-jupiter-api-5.8.2.jar;C:\Users\USER\.m2\repository\org\junit\vintage\junit-vintage-engine\5.8.2\junit-vintage-engine-5.8.2.jar;C:\Users\USER\.m2\repository\junit\junit\4.13.2\junit-4.13.2.jar;C:\Users\USER\.m2\repository\org\hamcrest\hamcrest-core\1.3\hamcrest-core-1.3.jar;C:\Users\USER\.m2\repository\ch\qos\logback\logback-classic\1.2.10\logback-classic-1.2.10.jar;C:\Users\USER\.m2\repository\ch\qos\logback\logback-core\1.2.10\logback-core-1.2.10.jar;C:\Users\USER\.m2\repository\org\slf4j\slf4j-api\1.7.32\slf4j-api-1.7.32.jar;C:\Users\USER\.m2\repository\org\assertj\assertj-core\3.6.2\assertj-core-3.6.2.jar;C:\Users\USER\.m2\repository\com\googlecode\json-simple\json-simple\1.1.1\json-simple-1.1.1.jar;"/>
    <property name="java.vm.vendor" value="Oracle Corporation"/>
    <property name="sun.arch.data.model" value="64"/>
    <property name="user.variant" value=""/>
    <property name="java.vendor.url" value="https://java.oracle.com/"/>
    <property name="user.timezone" value="Asia/Bangkok"/>
    <property name="log4j2.formatMsgNoLookups" value="true"/>
    <property name="os.name" value="Windows 8.1"/>
    <property name="java.vm.specification.version" value="15"/>
    <property name="sun.java.launcher" value="SUN_STANDARD"/>
    <property name="user.country" value="US"/>
    <property name="sun.boot.library.path" value="C:\Program Files\Java\jdk-15.0.2\bin"/>
    <property name="sun.java.command" value="org.apache.maven.surefire.booter.ForkedBooter C:\Users\USER\AppData\Local\Temp\surefire12654205248030410267 2022-06-07T16-36-50_121-jvmRun1 surefire10273533117609236411tmp surefire_011063084004446812998tmp"/>
    <property name="jdk.debug" value="release"/>
    <property name="surefire.test.class.path" value="E:\My Documents\File Difa\TI Semester 6 Kampus Merdeka Alterra\Tugas\CAPSTONE Project\Capstone-Project-Website\Capstone-Project-Website\target\test-classes;C:\Users\USER\.m2\repository\net\serenity-bdd\serenity-core\3.2.1\serenity-core-3.2.1.jar;C:\Users\USER\.m2\repository\net\serenity-bdd\serenity-model\3.2.1\serenity-model-3.2.1.jar;C:\Users\USER\.m2\repository\org\apache\commons\commons-text\1.9\commons-text-1.9.jar;C:\Users\USER\.m2\repository\commons-net\commons-net\3.8.0\commons-net-3.8.0.jar;C:\Users\USER\.m2\repository\com\google\guava\guava\31.1-jre\guava-31.1-jre.jar;C:\Users\USER\.m2\repository\com\google\guava\failureaccess\1.0.1\failureaccess-1.0.1.jar;C:\Users\USER\.m2\repository\com\google\guava\listenablefuture\9999.0-empty-to-avoid-conflict-with-guava\listenablefuture-9999.0-empty-to-avoid-conflict-with-guava.jar;C:\Users\USER\.m2\repository\com\google\code\findbugs\jsr305\3.0.2\jsr305-3.0.2.jar;C:\Users\USER\.m2\repository\org\checkerframework\checker-qual\3.12.0\checker-qual-3.12.0.jar;C:\Users\USER\.m2\repository\com\google\errorprone\error_prone_annotations\2.11.0\error_prone_annotations-2.11.0.jar;C:\Users\USER\.m2\repository\com\google\j2objc\j2objc-annotations\1.3\j2objc-annotations-1.3.jar;C:\Users\USER\.m2\repository\com\google\inject\guice\5.1.0\guice-5.1.0.jar;C:\Users\USER\.m2\repository\javax\inject\javax.inject\1\javax.inject-1.jar;C:\Users\USER\.m2\repository\aopalliance\aopalliance\1.0\aopalliance-1.0.jar;C:\Users\USER\.m2\repository\org\jsoup\jsoup\1.14.3\jsoup-1.14.3.jar;C:\Users\USER\.m2\repository\com\thoughtworks\xstream\xstream\1.4.19\xstream-1.4.19.jar;C:\Users\USER\.m2\repository\io\github\x-stream\mxparser\1.2.2\mxparser-1.2.2.jar;C:\Users\USER\.m2\repository\xmlpull\xmlpull\1.1.3.1\xmlpull-1.1.3.1.jar;C:\Users\USER\.m2\repository\io\cucumber\cucumber-java\7.2.3\cucumber-java-7.2.3.jar;C:\Users\USER\.m2\repository\com\typesafe\config\1.4.2\config-1.4.2.jar;C:\Users\USER\.m2\repository\org\imgscalr\imgscalr-lib\4.2\imgscalr-lib-4.2.jar;C:\Users\USER\.m2\repository\org\awaitility\awaitility\4.2.0\awaitility-4.2.0.jar;C:\Users\USER\.m2\repository\org\freemarker\freemarker\2.3.31\freemarker-2.3.31.jar;C:\Users\USER\.m2\repository\io\github\classgraph\classgraph\4.8.138\classgraph-4.8.138.jar;C:\Users\USER\.m2\repository\net\sourceforge\jexcelapi\jxl\2.6.12\jxl-2.6.12.jar;C:\Users\USER\.m2\repository\net\bytebuddy\byte-buddy\1.12.8\byte-buddy-1.12.8.jar;C:\Users\USER\.m2\repository\net\bytebuddy\byte-buddy-agent\1.12.8\byte-buddy-agent-1.12.8.jar;C:\Users\USER\.m2\repository\org\objenesis\objenesis\3.1\objenesis-3.1.jar;C:\Users\USER\.m2\repository\net\serenity-bdd\serenity-reports\3.2.1\serenity-reports-3.2.1.jar;C:\Users\USER\.m2\repository\net\serenity-bdd\serenity-stats\3.2.1\serenity-stats-3.2.1.jar;C:\Users\USER\.m2\repository\net\serenity-bdd\serenity-reports-configuration\3.2.1\serenity-reports-configuration-3.2.1.jar;C:\Users\USER\.m2\repository\com\vladsch\flexmark\flexmark-all\0.34.30\flexmark-all-0.34.30.jar;C:\Users\USER\.m2\repository\com\vladsch\flexmark\flexmark\0.34.30\flexmark-0.34.30.jar;C:\Users\USER\.m2\repository\com\vladsch\flexmark\flexmark-ext-abbreviation\0.34.30\flexmark-ext-abbreviation-0.34.30.jar;C:\Users\USER\.m2\repository\com\vladsch\flexmark\flexmark-ext-admonition\0.34.30\flexmark-ext-admonition-0.34.30.jar;C:\Users\USER\.m2\repository\com\vladsch\flexmark\flexmark-ext-anchorlink\0.34.30\flexmark-ext-anchorlink-0.34.30.jar;C:\Users\USER\.m2\repository\com\vladsch\flexmark\flexmark-ext-aside\0.34.30\flexmark-ext-aside-0.34.30.jar;C:\Users\USER\.m2\repository\com\vladsch\flexmark\flexmark-ext-attributes\0.34.30\flexmark-ext-attributes-0.34.30.jar;C:\Users\USER\.m2\repository\com\vladsch\flexmark\flexmark-ext-autolink\0.34.30\flexmark-ext-autolink-0.34.30.jar;C:\Users\USER\.m2\repository\org\nibor\autolink\autolink\0.6.0\autolink-0.6.0.jar;C:\Users\USER\.m2\repository\com\vladsch\flexmark\flexmark-ext-definition\0.34.30\flexmark-ext-definition-0.34.30.jar;C:\Users\USER\.m2\repository\com\vladsch\flexmark\flexmark-ext-emoji\0.34.30\flexmark-ext-emoji-0.34.30.jar;C:\Users\USER\.m2\repository\com\vladsch\flexmark\flexmark-ext-enumerated-reference\0.34.30\flexmark-ext-enumerated-reference-0.34.30.jar;C:\Users\USER\.m2\repository\com\vladsch\flexmark\flexmark-ext-escaped-character\0.34.30\flexmark-ext-escaped-character-0.34.30.jar;C:\Users\USER\.m2\repository\com\vladsch\flexmark\flexmark-ext-footnotes\0.34.30\flexmark-ext-footnotes-0.34.30.jar;C:\Users\USER\.m2\repository\com\vladsch\flexmark\flexmark-ext-gfm-issues\0.34.30\flexmark-ext-gfm-issues-0.34.30.jar;C:\Users\USER\.m2\repository\com\vladsch\flexmark\flexmark-ext-gfm-strikethrough\0.34.30\flexmark-ext-gfm-strikethrough-0.34.30.jar;C:\Users\USER\.m2\repository\com\vladsch\flexmark\flexmark-ext-gfm-tables\0.34.30\flexmark-ext-gfm-tables-0.34.30.jar;C:\Users\USER\.m2\repository\com\vladsch\flexmark\flexmark-ext-gfm-tasklist\0.34.30\flexmark-ext-gfm-tasklist-0.34.30.jar;C:\Users\USER\.m2\repository\com\vladsch\flexmark\flexmark-ext-gfm-users\0.34.30\flexmark-ext-gfm-users-0.34.30.jar;C:\Users\USER\.m2\repository\com\vladsch\flexmark\flexmark-ext-gitlab\0.34.30\flexmark-ext-gitlab-0.34.30.jar;C:\Users\USER\.m2\repository\com\vladsch\flexmark\flexmark-ext-jekyll-front-matter\0.34.30\flexmark-ext-jekyll-front-matter-0.34.30.jar;C:\Users\USER\.m2\repository\com\vladsch\flexmark\flexmark-ext-jekyll-tag\0.34.30\flexmark-ext-jekyll-tag-0.34.30.jar;C:\Users\USER\.m2\repository\com\vladsch\flexmark\flexmark-ext-media-tags\0.34.30\flexmark-ext-media-tags-0.34.30.jar;C:\Users\USER\.m2\repository\com\vladsch\flexmark\flexmark-test-util\0.34.30\flexmark-test-util-0.34.30.jar;C:\Users\USER\.m2\repository\com\vladsch\flexmark\flexmark-ext-ins\0.34.30\flexmark-ext-ins-0.34.30.jar;C:\Users\USER\.m2\repository\com\vladsch\flexmark\flexmark-ext-xwiki-macros\0.34.30\flexmark-ext-xwiki-macros-0.34.30.jar;C:\Users\USER\.m2\repository\com\vladsch\flexmark\flexmark-ext-superscript\0.34.30\flexmark-ext-superscript-0.34.30.jar;C:\Users\USER\.m2\repository\com\vladsch\flexmark\flexmark-ext-tables\0.34.30\flexmark-ext-tables-0.34.30.jar;C:\Users\USER\.m2\repository\com\vladsch\flexmark\flexmark-ext-toc\0.34.30\flexmark-ext-toc-0.34.30.jar;C:\Users\USER\.m2\repository\com\vladsch\flexmark\flexmark-ext-typographic\0.34.30\flexmark-ext-typographic-0.34.30.jar;C:\Users\USER\.m2\repository\com\vladsch\flexmark\flexmark-ext-wikilink\0.34.30\flexmark-ext-wikilink-0.34.30.jar;C:\Users\USER\.m2\repository\com\vladsch\flexmark\flexmark-ext-yaml-front-matter\0.34.30\flexmark-ext-yaml-front-matter-0.34.30.jar;C:\Users\USER\.m2\repository\com\vladsch\flexmark\flexmark-ext-youtube-embedded\0.34.30\flexmark-ext-youtube-embedded-0.34.30.jar;C:\Users\USER\.m2\repository\com\vladsch\flexmark\flexmark-formatter\0.34.30\flexmark-formatter-0.34.30.jar;C:\Users\USER\.m2\repository\com\vladsch\flexmark\flexmark-html-parser\0.34.30\flexmark-html-parser-0.34.30.jar;C:\Users\USER\.m2\repository\com\vladsch\flexmark\flexmark-jira-converter\0.34.30\flexmark-jira-converter-0.34.30.jar;C:\Users\USER\.m2\repository\com\vladsch\flexmark\flexmark-pdf-converter\0.34.30\flexmark-pdf-converter-0.34.30.jar;C:\Users\USER\.m2\repository\com\openhtmltopdf\openhtmltopdf-core\0.0.1-RC13\openhtmltopdf-core-0.0.1-RC13.jar;C:\Users\USER\.m2\repository\com\openhtmltopdf\openhtmltopdf-pdfbox\0.0.1-RC13\openhtmltopdf-pdfbox-0.0.1-RC13.jar;C:\Users\USER\.m2\repository\org\apache\pdfbox\pdfbox\2.0.8\pdfbox-2.0.8.jar;C:\Users\USER\.m2\repository\org\apache\pdfbox\fontbox\2.0.8\fontbox-2.0.8.jar;C:\Users\USER\.m2\repository\commons-logging\commons-logging\1.2\commons-logging-1.2.jar;C:\Users\USER\.m2\repository\org\apache\pdfbox\xmpbox\2.0.8\xmpbox-2.0.8.jar;C:\Users\USER\.m2\repository\de\rototor\pdfbox\graphics2d\0.12\graphics2d-0.12.jar;C:\Users\USER\.m2\repository\com\openhtmltopdf\openhtmltopdf-rtl-support\0.0.1-RC13\openhtmltopdf-rtl-support-0.0.1-RC13.jar;C:\Users\USER\.m2\repository\com\ibm\icu\icu4j\59.1\icu4j-59.1.jar;C:\Users\USER\.m2\repository\com\openhtmltopdf\openhtmltopdf-jsoup-dom-converter\0.0.1-RC13\openhtmltopdf-jsoup-dom-converter-0.0.1-RC13.jar;C:\Users\USER\.m2\repository\com\vladsch\flexmark\flexmark-profile-pegdown\0.34.30\flexmark-profile-pegdown-0.34.30.jar;C:\Users\USER\.m2\repository\com\vladsch\flexmark\flexmark-util\0.34.30\flexmark-util-0.34.30.jar;C:\Users\USER\.m2\repository\com\vladsch\flexmark\flexmark-youtrack-converter\0.34.30\flexmark-youtrack-converter-0.34.30.jar;C:\Users\USER\.m2\repository\es\nitaur\markdown\txtmark\0.16\txtmark-0.16.jar;C:\Users\USER\.m2\repository\net\serenity-bdd\serenity-report-resources\3.2.1\serenity-report-resources-3.2.1.jar;C:\Users\USER\.m2\repository\com\google\code\gson\gson\2.9.0\gson-2.9.0.jar;C:\Users\USER\.m2\repository\com\fasterxml\jackson\core\jackson-core\2.13.2\jackson-core-2.13.2.jar;C:\Users\USER\.m2\repository\com\fasterxml\jackson\core\jackson-databind\2.13.2\jackson-databind-2.13.2.jar;C:\Users\USER\.m2\repository\com\fasterxml\jackson\core\jackson-annotations\2.13.2\jackson-annotations-2.13.2.jar;C:\Users\USER\.m2\repository\commons-codec\commons-codec\1.15\commons-codec-1.15.jar;C:\Users\USER\.m2\repository\commons-io\commons-io\2.11.0\commons-io-2.11.0.jar;C:\Users\USER\.m2\repository\org\seleniumhq\selenium\selenium-java\4.1.2\selenium-java-4.1.2.jar;C:\Users\USER\.m2\repository\org\seleniumhq\selenium\selenium-devtools-v85\4.1.2\selenium-devtools-v85-4.1.2.jar;C:\Users\USER\.m2\repository\org\seleniumhq\selenium\selenium-devtools-v95\4.1.2\selenium-devtools-v95-4.1.2.jar;C:\Users\USER\.m2\repository\org\seleniumhq\selenium\selenium-devtools-v96\4.1.2\selenium-devtools-v96-4.1.2.jar;C:\Users\USER\.m2\repository\org\seleniumhq\selenium\selenium-devtools-v97\4.1.2\selenium-devtools-v97-4.1.2.jar;C:\Users\USER\.m2\repository\org\seleniumhq\selenium\selenium-firefox-xpi-driver\4.1.2\selenium-firefox-xpi-driver-4.1.2.jar;C:\Users\USER\.m2\repository\org\seleniumhq\selenium\selenium-opera-driver\4.1.2\selenium-opera-driver-4.1.2.jar;C:\Users\USER\.m2\repository\org\seleniumhq\selenium\selenium-remote-driver\4.1.2\selenium-remote-driver-4.1.2.jar;C:\Users\USER\.m2\repository\com\beust\jcommander\1.82\jcommander-1.82.jar;C:\Users\USER\.m2\repository\io\netty\netty-buffer\4.1.73.Final\netty-buffer-4.1.73.Final.jar;C:\Users\USER\.m2\repository\io\netty\netty-codec-http\4.1.73.Final\netty-codec-http-4.1.73.Final.jar;C:\Users\USER\.m2\repository\io\netty\netty-codec\4.1.73.Final\netty-codec-4.1.73.Final.jar;C:\Users\USER\.m2\repository\io\netty\netty-handler\4.1.73.Final\netty-handler-4.1.73.Final.jar;C:\Users\USER\.m2\repository\io\netty\netty-tcnative-classes\2.0.46.Final\netty-tcnative-classes-2.0.46.Final.jar;C:\Users\USER\.m2\repository\io\netty\netty-common\4.1.73.Final\netty-common-4.1.73.Final.jar;C:\Users\USER\.m2\repository\io\netty\netty-transport-classes-epoll\4.1.73.Final\netty-transport-classes-epoll-4.1.73.Final.jar;C:\Users\USER\.m2\repository\io\netty\netty-transport-classes-kqueue\4.1.73.Final\netty-transport-classes-kqueue-4.1.73.Final.jar;C:\Users\USER\.m2\repository\io\netty\netty-transport-native-epoll\4.1.73.Final\netty-transport-native-epoll-4.1.73.Final.jar;C:\Users\USER\.m2\repository\io\netty\netty-transport-native-kqueue\4.1.73.Final\netty-transport-native-kqueue-4.1.73.Final.jar;C:\Users\USER\.m2\repository\io\netty\netty-transport-native-unix-common\4.1.73.Final\netty-transport-native-unix-common-4.1.73.Final.jar;C:\Users\USER\.m2\repository\io\netty\netty-transport\4.1.73.Final\netty-transport-4.1.73.Final.jar;C:\Users\USER\.m2\repository\io\netty\netty-resolver\4.1.73.Final\netty-resolver-4.1.73.Final.jar;C:\Users\USER\.m2\repository\io\opentelemetry\opentelemetry-api\1.10.1\opentelemetry-api-1.10.1.jar;C:\Users\USER\.m2\repository\io\opentelemetry\opentelemetry-context\1.10.1\opentelemetry-context-1.10.1.jar;C:\Users\USER\.m2\repository\io\opentelemetry\opentelemetry-exporter-logging\1.10.1\opentelemetry-exporter-logging-1.10.1.jar;C:\Users\USER\.m2\repository\io\opentelemetry\opentelemetry-sdk-metrics\1.10.1-alpha\opentelemetry-sdk-metrics-1.10.1-alpha.jar;C:\Users\USER\.m2\repository\io\opentelemetry\opentelemetry-sdk-logs\1.10.1-alpha\opentelemetry-sdk-logs-1.10.1-alpha.jar;C:\Users\USER\.m2\repository\io\opentelemetry\opentelemetry-sdk-common\1.10.1\opentelemetry-sdk-common-1.10.1.jar;C:\Users\USER\.m2\repository\io\opentelemetry\opentelemetry-sdk-extension-autoconfigure-spi\1.10.1\opentelemetry-sdk-extension-autoconfigure-spi-1.10.1.jar;C:\Users\USER\.m2\repository\io\opentelemetry\opentelemetry-sdk-extension-autoconfigure\1.10.1-alpha\opentelemetry-sdk-extension-autoconfigure-1.10.1-alpha.jar;C:\Users\USER\.m2\repository\io\opentelemetry\opentelemetry-sdk-trace\1.10.1\opentelemetry-sdk-trace-1.10.1.jar;C:\Users\USER\.m2\repository\io\opentelemetry\opentelemetry-sdk\1.10.1\opentelemetry-sdk-1.10.1.jar;C:\Users\USER\.m2\repository\io\opentelemetry\opentelemetry-semconv\1.10.1-alpha\opentelemetry-semconv-1.10.1-alpha.jar;C:\Users\USER\.m2\repository\io\ous\jtoml\2.0.0\jtoml-2.0.0.jar;C:\Users\USER\.m2\repository\org\apache\commons\commons-exec\1.3\commons-exec-1.3.jar;C:\Users\USER\.m2\repository\org\asynchttpclient\async-http-client\2.12.3\async-http-client-2.12.3.jar;C:\Users\USER\.m2\repository\org\asynchttpclient\async-http-client-netty-utils\2.12.3\async-http-client-netty-utils-2.12.3.jar;C:\Users\USER\.m2\repository\io\netty\netty-codec-socks\4.1.60.Final\netty-codec-socks-4.1.60.Final.jar;C:\Users\USER\.m2\repository\io\netty\netty-handler-proxy\4.1.60.Final\netty-handler-proxy-4.1.60.Final.jar;C:\Users\USER\.m2\repository\io\netty\netty-transport-native-epoll\4.1.60.Final\netty-transport-native-epoll-4.1.60.Final-linux-x86_64.jar;C:\Users\USER\.m2\repository\io\netty\netty-transport-native-kqueue\4.1.60.Final\netty-transport-native-kqueue-4.1.60.Final-osx-x86_64.jar;C:\Users\USER\.m2\repository\org\reactivestreams\reactive-streams\1.0.3\reactive-streams-1.0.3.jar;C:\Users\USER\.m2\repository\com\typesafe\netty\netty-reactive-streams\2.0.4\netty-reactive-streams-2.0.4.jar;C:\Users\USER\.m2\repository\org\seleniumhq\selenium\selenium-http\4.1.2\selenium-http-4.1.2.jar;C:\Users\USER\.m2\repository\net\jodah\failsafe\2.4.4\failsafe-2.4.4.jar;C:\Users\USER\.m2\repository\org\seleniumhq\selenium\selenium-safari-driver\4.1.2\selenium-safari-driver-4.1.2.jar;C:\Users\USER\.m2\repository\org\seleniumhq\selenium\selenium-api\4.1.2\selenium-api-4.1.2.jar;C:\Users\USER\.m2\repository\org\seleniumhq\selenium\selenium-support\4.1.2\selenium-support-4.1.2.jar;C:\Users\USER\.m2\repository\com\google\auto\service\auto-service-annotations\1.0.1\auto-service-annotations-1.0.1.jar;C:\Users\USER\.m2\repository\com\google\auto\service\auto-service\1.0.1\auto-service-1.0.1.jar;C:\Users\USER\.m2\repository\com\google\auto\auto-common\1.2\auto-common-1.2.jar;C:\Users\USER\.m2\repository\org\seleniumhq\selenium\selenium-json\4.1.2\selenium-json-4.1.2.jar;C:\Users\USER\.m2\repository\org\seleniumhq\selenium\selenium-chrome-driver\4.1.2\selenium-chrome-driver-4.1.2.jar;C:\Users\USER\.m2\repository\org\seleniumhq\selenium\selenium-chromium-driver\4.1.2\selenium-chromium-driver-4.1.2.jar;C:\Users\USER\.m2\repository\org\seleniumhq\selenium\selenium-firefox-driver\4.1.2\selenium-firefox-driver-4.1.2.jar;C:\Users\USER\.m2\repository\org\seleniumhq\selenium\selenium-edge-driver\4.1.2\selenium-edge-driver-4.1.2.jar;C:\Users\USER\.m2\repository\org\seleniumhq\selenium\selenium-ie-driver\4.1.2\selenium-ie-driver-4.1.2.jar;C:\Users\USER\.m2\repository\org\projectlombok\lombok\1.18.20\lombok-1.18.20.jar;C:\Users\USER\.m2\repository\io\appium\java-client\8.0.0\java-client-8.0.0.jar;C:\Users\USER\.m2\repository\commons-validator\commons-validator\1.7\commons-validator-1.7.jar;C:\Users\USER\.m2\repository\commons-digester\commons-digester\2.1\commons-digester-2.1.jar;C:\Users\USER\.m2\repository\org\aspectj\aspectjweaver\1.9.8\aspectjweaver-1.9.8.jar;C:\Users\USER\.m2\repository\org\codehaus\groovy\groovy\3.0.10\groovy-3.0.10.jar;C:\Users\USER\.m2\repository\net\sf\opencsv\opencsv\2.0\opencsv-2.0.jar;C:\Users\USER\.m2\repository\commons-beanutils\commons-beanutils\1.9.4\commons-beanutils-1.9.4.jar;C:\Users\USER\.m2\repository\org\apache\commons\commons-lang3\3.12.0\commons-lang3-3.12.0.jar;C:\Users\USER\.m2\repository\commons-collections\commons-collections\3.2.2\commons-collections-3.2.2.jar;C:\Users\USER\.m2\repository\org\fluentlenium\fluentlenium-core\0.10.2\fluentlenium-core-0.10.2.jar;C:\Users\USER\.m2\repository\io\github\bonigarcia\webdrivermanager\5.1.0\webdrivermanager-5.1.0.jar;C:\Users\USER\.m2\repository\com\github\docker-java\docker-java\3.2.13\docker-java-3.2.13.jar;C:\Users\USER\.m2\repository\com\github\docker-java\docker-java-core\3.2.13\docker-java-core-3.2.13.jar;C:\Users\USER\.m2\repository\com\github\docker-java\docker-java-api\3.2.13\docker-java-api-3.2.13.jar;C:\Users\USER\.m2\repository\org\apache\commons\commons-compress\1.21\commons-compress-1.21.jar;C:\Users\USER\.m2\repository\org\bouncycastle\bcpkix-jdk15on\1.64\bcpkix-jdk15on-1.64.jar;C:\Users\USER\.m2\repository\org\bouncycastle\bcprov-jdk15on\1.64\bcprov-jdk15on-1.64.jar;C:\Users\USER\.m2\repository\org\slf4j\jcl-over-slf4j\1.7.30\jcl-over-slf4j-1.7.30.jar;C:\Users\USER\.m2\repository\com\github\docker-java\docker-java-transport-httpclient5\3.2.13\docker-java-transport-httpclient5-3.2.13.jar;C:\Users\USER\.m2\repository\com\github\docker-java\docker-java-transport\3.2.13\docker-java-transport-3.2.13.jar;C:\Users\USER\.m2\repository\org\apache\httpcomponents\client5\httpclient5\5.0.3\httpclient5-5.0.3.jar;C:\Users\USER\.m2\repository\org\apache\httpcomponents\core5\httpcore5\5.0.2\httpcore5-5.0.2.jar;C:\Users\USER\.m2\repository\net\java\dev\jna\jna\5.8.0\jna-5.8.0.jar;C:\Users\USER\.m2\repository\org\brotli\dec\0.1.2\dec-0.1.2.jar;C:\Users\USER\.m2\repository\com\jhlabs\filters\2.0.235\filters-2.0.235.jar;C:\Users\USER\.m2\repository\com\paulhammant\ngwebdriver\1.1.6\ngwebdriver-1.1.6.jar;C:\Users\USER\.m2\repository\joda-time\joda-time\2.8.2\joda-time-2.8.2.jar;C:\Users\USER\.m2\repository\org\hamcrest\hamcrest\2.2\hamcrest-2.2.jar;C:\Users\USER\.m2\repository\com\google\jimfs\jimfs\1.2\jimfs-1.2.jar;C:\Users\USER\.m2\repository\org\mockito\mockito-core\3.3.3\mockito-core-3.3.3.jar;C:\Users\USER\.m2\repository\javax\xml\bind\jaxb-api\2.3.1\jaxb-api-2.3.1.jar;C:\Users\USER\.m2\repository\javax\activation\javax.activation-api\1.2.0\javax.activation-api-1.2.0.jar;C:\Users\USER\.m2\repository\com\sun\xml\bind\jaxb-core\2.3.0.1\jaxb-core-2.3.0.1.jar;C:\Users\USER\.m2\repository\com\sun\xml\bind\jaxb-impl\2.3.3\jaxb-impl-2.3.3.jar;C:\Users\USER\.m2\repository\jakarta\xml\bind\jakarta.xml.bind-api\2.3.3\jakarta.xml.bind-api-2.3.3.jar;C:\Users\USER\.m2\repository\com\sun\activation\jakarta.activation\1.2.2\jakarta.activation-1.2.2.jar;C:\Users\USER\.m2\repository\javax\activation\activation\1.1.1\activation-1.1.1.jar;C:\Users\USER\.m2\repository\net\serenity-bdd\serenity-cucumber\3.2.1\serenity-cucumber-3.2.1.jar;C:\Users\USER\.m2\repository\io\cucumber\cucumber-core\7.2.3\cucumber-core-7.2.3.jar;C:\Users\USER\.m2\repository\io\cucumber\cucumber-gherkin\7.2.3\cucumber-gherkin-7.2.3.jar;C:\Users\USER\.m2\repository\io\cucumber\cucumber-gherkin-messages\7.2.3\cucumber-gherkin-messages-7.2.3.jar;C:\Users\USER\.m2\repository\io\cucumber\messages\17.1.1\messages-17.1.1.jar;C:\Users\USER\.m2\repository\io\cucumber\tag-expressions\4.1.0\tag-expressions-4.1.0.jar;C:\Users\USER\.m2\repository\io\cucumber\cucumber-expressions\15.0.1\cucumber-expressions-15.0.1.jar;C:\Users\USER\.m2\repository\io\cucumber\datatable\7.2.3\datatable-7.2.3.jar;C:\Users\USER\.m2\repository\io\cucumber\cucumber-plugin\7.2.3\cucumber-plugin-7.2.3.jar;C:\Users\USER\.m2\repository\io\cucumber\docstring\7.2.3\docstring-7.2.3.jar;C:\Users\USER\.m2\repository\io\cucumber\html-formatter\17.0.0\html-formatter-17.0.0.jar;C:\Users\USER\.m2\repository\io\cucumber\ci-environment\8.1.0\ci-environment-8.1.0.jar;C:\Users\USER\.m2\repository\io\cucumber\cucumber-junit\7.2.3\cucumber-junit-7.2.3.jar;C:\Users\USER\.m2\repository\org\apache\commons\commons-csv\1.5\commons-csv-1.5.jar;C:\Users\USER\.m2\repository\net\serenity-bdd\serenity-screenplay\3.2.1\serenity-screenplay-3.2.1.jar;C:\Users\USER\.m2\repository\net\serenity-bdd\serenity-screenplay-webdriver\3.2.1\serenity-screenplay-webdriver-3.2.1.jar;C:\Users\USER\.m2\repository\net\serenity-bdd\serenity-ensure\3.2.1\serenity-ensure-3.2.1.jar;C:\Users\USER\.m2\repository\net\serenity-bdd\serenity-junit\3.2.1\serenity-junit-3.2.1.jar;C:\Users\USER\.m2\repository\org\jetbrains\kotlin\kotlin-stdlib\1.6.0\kotlin-stdlib-1.6.0.jar;C:\Users\USER\.m2\repository\org\jetbrains\annotations\13.0\annotations-13.0.jar;C:\Users\USER\.m2\repository\org\jetbrains\kotlin\kotlin-stdlib-common\1.6.0\kotlin-stdlib-common-1.6.0.jar;C:\Users\USER\.m2\repository\org\junit\platform\junit-platform-launcher\1.8.1\junit-platform-launcher-1.8.1.jar;C:\Users\USER\.m2\repository\org\junit\platform\junit-platform-engine\1.8.1\junit-platform-engine-1.8.1.jar;C:\Users\USER\.m2\repository\org\opentest4j\opentest4j\1.2.0\opentest4j-1.2.0.jar;C:\Users\USER\.m2\repository\org\junit\platform\junit-platform-commons\1.8.1\junit-platform-commons-1.8.1.jar;C:\Users\USER\.m2\repository\org\apiguardian\apiguardian-api\1.1.2\apiguardian-api-1.1.2.jar;C:\Users\USER\.m2\repository\org\junit\jupiter\junit-jupiter-engine\5.8.2\junit-jupiter-engine-5.8.2.jar;C:\Users\USER\.m2\repository\org\junit\jupiter\junit-jupiter-api\5.8.2\junit-jupiter-api-5.8.2.jar;C:\Users\USER\.m2\repository\org\junit\vintage\junit-vintage-engine\5.8.2\junit-vintage-engine-5.8.2.jar;C:\Users\USER\.m2\repository\junit\junit\4.13.2\junit-4.13.2.jar;C:\Users\USER\.m2\repository\org\hamcrest\hamcrest-core\1.3\hamcrest-core-1.3.jar;C:\Users\USER\.m2\repository\ch\qos\logback\logback-classic\1.2.10\logback-classic-1.2.10.jar;C:\Users\USER\.m2\repository\ch\qos\logback\logback-core\1.2.10\logback-core-1.2.10.jar;C:\Users\USER\.m2\repository\org\slf4j\slf4j-api\1.7.32\slf4j-api-1.7.32.jar;C:\Users\USER\.m2\repository\org\assertj\assertj-core\3.6.2\assertj-core-3.6.2.jar;C:\Users\USER\.m2\repository\com\googlecode\json-simple\json-simple\1.1.1\json-simple-1.1.1.jar;"/>
    <property name="sun.cpu.endian" value="little"/>
    <property name="user.home" value="C:\Users\USER"/>
    <property name="user.language" value="en"/>
    <property name="java.specification.vendor" value="Oracle Corporation"/>
    <property name="jdk.module.path" value="E:\My Documents\File Difa\TI Semester 6 Kampus Merdeka Alterra\Tugas\CAPSTONE Project\Capstone-Project-Website\Capstone-Project-Website\target\Capstone-Project-Website-1.0-SNAPSHOT.jar"/>
    <property name="java.version.date" value="2021-01-19"/>
    <property name="java.home" value="C:\Program Files\Java\jdk-15.0.2"/>
    <property name="file.separator" value="\"/>
    <property name="basedir" value="E:\My Documents\File Difa\TI Semester 6 Kampus Merdeka Alterra\Tugas\CAPSTONE Project\Capstone-Project-Website\Capstone-Project-Website"/>
    <property name="java.vm.compressedOopsMode" value="32-bit"/>
    <property name="line.separator" value="&#10;"/>
    <property name="java.vm.specification.vendor" value="Oracle Corporation"/>
    <property name="java.specification.name" value="Java Platform API Specification"/>
    <property name="surefire.real.class.path" value="C:\Users\USER\.m2\repository\org\apache\maven\surefire\surefire-booter\3.0.0-M5\surefire-booter-3.0.0-M5.jar;C:\Users\USER\.m2\repository\org\apache\maven\surefire\surefire-api\3.0.0-M5\surefire-api-3.0.0-M5.jar;C:\Users\USER\.m2\repository\org\apache\maven\surefire\surefire-logger-api\3.0.0-M5\surefire-logger-api-3.0.0-M5.jar;C:\Users\USER\.m2\repository\org\apache\maven\surefire\surefire-shared-utils\3.0.0-M4\surefire-shared-utils-3.0.0-M4.jar;C:\Users\USER\.m2\repository\org\apache\maven\surefire\surefire-extensions-spi\3.0.0-M5\surefire-extensions-spi-3.0.0-M5.jar;E:\My Documents\File Difa\TI Semester 6 Kampus Merdeka Alterra\Tugas\CAPSTONE Project\Capstone-Project-Website\Capstone-Project-Website\target\test-classes;C:\Users\USER\.m2\repository\net\serenity-bdd\serenity-core\3.2.1\serenity-core-3.2.1.jar;C:\Users\USER\.m2\repository\net\serenity-bdd\serenity-model\3.2.1\serenity-model-3.2.1.jar;C:\Users\USER\.m2\repository\org\apache\commons\commons-text\1.9\commons-text-1.9.jar;C:\Users\USER\.m2\repository\commons-net\commons-net\3.8.0\commons-net-3.8.0.jar;C:\Users\USER\.m2\repository\com\google\guava\guava\31.1-jre\guava-31.1-jre.jar;C:\Users\USER\.m2\repository\com\google\guava\failureaccess\1.0.1\failureaccess-1.0.1.jar;C:\Users\USER\.m2\repository\com\google\guava\listenablefuture\9999.0-empty-to-avoid-conflict-with-guava\listenablefuture-9999.0-empty-to-avoid-conflict-with-guava.jar;C:\Users\USER\.m2\repository\com\google\code\findbugs\jsr305\3.0.2\jsr305-3.0.2.jar;C:\Users\USER\.m2\repository\org\checkerframework\checker-qual\3.12.0\checker-qual-3.12.0.jar;C:\Users\USER\.m2\repository\com\google\errorprone\error_prone_annotations\2.11.0\error_prone_annotations-2.11.0.jar;C:\Users\USER\.m2\repository\com\google\j2objc\j2objc-annotations\1.3\j2objc-annotations-1.3.jar;C:\Users\USER\.m2\repository\com\google\inject\guice\5.1.0\guice-5.1.0.jar;C:\Users\USER\.m2\repository\javax\inject\javax.inject\1\javax.inject-1.jar;C:\Users\USER\.m2\repository\aopalliance\aopalliance\1.0\aopalliance-1.0.jar;C:\Users\USER\.m2\repository\org\jsoup\jsoup\1.14.3\jsoup-1.14.3.jar;C:\Users\USER\.m2\repository\com\thoughtworks\xstream\xstream\1.4.19\xstream-1.4.19.jar;C:\Users\USER\.m2\repository\io\github\x-stream\mxparser\1.2.2\mxparser-1.2.2.jar;C:\Users\USER\.m2\repository\xmlpull\xmlpull\1.1.3.1\xmlpull-1.1.3.1.jar;C:\Users\USER\.m2\repository\io\cucumber\cucumber-java\7.2.3\cucumber-java-7.2.3.jar;C:\Users\USER\.m2\repository\com\typesafe\config\1.4.2\config-1.4.2.jar;C:\Users\USER\.m2\repository\org\imgscalr\imgscalr-lib\4.2\imgscalr-lib-4.2.jar;C:\Users\USER\.m2\repository\org\awaitility\awaitility\4.2.0\awaitility-4.2.0.jar;C:\Users\USER\.m2\repository\org\freemarker\freemarker\2.3.31\freemarker-2.3.31.jar;C:\Users\USER\.m2\repository\io\github\classgraph\classgraph\4.8.138\classgraph-4.8.138.jar;C:\Users\USER\.m2\repository\net\sourceforge\jexcelapi\jxl\2.6.12\jxl-2.6.12.jar;C:\Users\USER\.m2\repository\net\bytebuddy\byte-buddy\1.12.8\byte-buddy-1.12.8.jar;C:\Users\USER\.m2\repository\net\bytebuddy\byte-buddy-agent\1.12.8\byte-buddy-agent-1.12.8.jar;C:\Users\USER\.m2\repository\org\objenesis\objenesis\3.1\objenesis-3.1.jar;C:\Users\USER\.m2\repository\net\serenity-bdd\serenity-reports\3.2.1\serenity-reports-3.2.1.jar;C:\Users\USER\.m2\repository\net\serenity-bdd\serenity-stats\3.2.1\serenity-stats-3.2.1.jar;C:\Users\USER\.m2\repository\net\serenity-bdd\serenity-reports-configuration\3.2.1\serenity-reports-configuration-3.2.1.jar;C:\Users\USER\.m2\repository\com\vladsch\flexmark\flexmark-all\0.34.30\flexmark-all-0.34.30.jar;C:\Users\USER\.m2\repository\com\vladsch\flexmark\flexmark\0.34.30\flexmark-0.34.30.jar;C:\Users\USER\.m2\repository\com\vladsch\flexmark\flexmark-ext-abbreviation\0.34.30\flexmark-ext-abbreviation-0.34.30.jar;C:\Users\USER\.m2\repository\com\vladsch\flexmark\flexmark-ext-admonition\0.34.30\flexmark-ext-admonition-0.34.30.jar;C:\Users\USER\.m2\repository\com\vladsch\flexmark\flexmark-ext-anchorlink\0.34.30\flexmark-ext-anchorlink-0.34.30.jar;C:\Users\USER\.m2\repository\com\vladsch\flexmark\flexmark-ext-aside\0.34.30\flexmark-ext-aside-0.34.30.jar;C:\Users\USER\.m2\repository\com\vladsch\flexmark\flexmark-ext-attributes\0.34.30\flexmark-ext-attributes-0.34.30.jar;C:\Users\USER\.m2\repository\com\vladsch\flexmark\flexmark-ext-autolink\0.34.30\flexmark-ext-autolink-0.34.30.jar;C:\Users\USER\.m2\repository\org\nibor\autolink\autolink\0.6.0\autolink-0.6.0.jar;C:\Users\USER\.m2\repository\com\vladsch\flexmark\flexmark-ext-definition\0.34.30\flexmark-ext-definition-0.34.30.jar;C:\Users\USER\.m2\repository\com\vladsch\flexmark\flexmark-ext-emoji\0.34.30\flexmark-ext-emoji-0.34.30.jar;C:\Users\USER\.m2\repository\com\vladsch\flexmark\flexmark-ext-enumerated-reference\0.34.30\flexmark-ext-enumerated-reference-0.34.30.jar;C:\Users\USER\.m2\repository\com\vladsch\flexmark\flexmark-ext-escaped-character\0.34.30\flexmark-ext-escaped-character-0.34.30.jar;C:\Users\USER\.m2\repository\com\vladsch\flexmark\flexmark-ext-footnotes\0.34.30\flexmark-ext-footnotes-0.34.30.jar;C:\Users\USER\.m2\repository\com\vladsch\flexmark\flexmark-ext-gfm-issues\0.34.30\flexmark-ext-gfm-issues-0.34.30.jar;C:\Users\USER\.m2\repository\com\vladsch\flexmark\flexmark-ext-gfm-strikethrough\0.34.30\flexmark-ext-gfm-strikethrough-0.34.30.jar;C:\Users\USER\.m2\repository\com\vladsch\flexmark\flexmark-ext-gfm-tables\0.34.30\flexmark-ext-gfm-tables-0.34.30.jar;C:\Users\USER\.m2\repository\com\vladsch\flexmark\flexmark-ext-gfm-tasklist\0.34.30\flexmark-ext-gfm-tasklist-0.34.30.jar;C:\Users\USER\.m2\repository\com\vladsch\flexmark\flexmark-ext-gfm-users\0.34.30\flexmark-ext-gfm-users-0.34.30.jar;C:\Users\USER\.m2\repository\com\vladsch\flexmark\flexmark-ext-gitlab\0.34.30\flexmark-ext-gitlab-0.34.30.jar;C:\Users\USER\.m2\repository\com\vladsch\flexmark\flexmark-ext-jekyll-front-matter\0.34.30\flexmark-ext-jekyll-front-matter-0.34.30.jar;C:\Users\USER\.m2\repository\com\vladsch\flexmark\flexmark-ext-jekyll-tag\0.34.30\flexmark-ext-jekyll-tag-0.34.30.jar;C:\Users\USER\.m2\repository\com\vladsch\flexmark\flexmark-ext-media-tags\0.34.30\flexmark-ext-media-tags-0.34.30.jar;C:\Users\USER\.m2\repository\com\vladsch\flexmark\flexmark-test-util\0.34.30\flexmark-test-util-0.34.30.jar;C:\Users\USER\.m2\repository\com\vladsch\flexmark\flexmark-ext-ins\0.34.30\flexmark-ext-ins-0.34.30.jar;C:\Users\USER\.m2\repository\com\vladsch\flexmark\flexmark-ext-xwiki-macros\0.34.30\flexmark-ext-xwiki-macros-0.34.30.jar;C:\Users\USER\.m2\repository\com\vladsch\flexmark\flexmark-ext-superscript\0.34.30\flexmark-ext-superscript-0.34.30.jar;C:\Users\USER\.m2\repository\com\vladsch\flexmark\flexmark-ext-tables\0.34.30\flexmark-ext-tables-0.34.30.jar;C:\Users\USER\.m2\repository\com\vladsch\flexmark\flexmark-ext-toc\0.34.30\flexmark-ext-toc-0.34.30.jar;C:\Users\USER\.m2\repository\com\vladsch\flexmark\flexmark-ext-typographic\0.34.30\flexmark-ext-typographic-0.34.30.jar;C:\Users\USER\.m2\repository\com\vladsch\flexmark\flexmark-ext-wikilink\0.34.30\flexmark-ext-wikilink-0.34.30.jar;C:\Users\USER\.m2\repository\com\vladsch\flexmark\flexmark-ext-yaml-front-matter\0.34.30\flexmark-ext-yaml-front-matter-0.34.30.jar;C:\Users\USER\.m2\repository\com\vladsch\flexmark\flexmark-ext-youtube-embedded\0.34.30\flexmark-ext-youtube-embedded-0.34.30.jar;C:\Users\USER\.m2\repository\com\vladsch\flexmark\flexmark-formatter\0.34.30\flexmark-formatter-0.34.30.jar;C:\Users\USER\.m2\repository\com\vladsch\flexmark\flexmark-html-parser\0.34.30\flexmark-html-parser-0.34.30.jar;C:\Users\USER\.m2\repository\com\vladsch\flexmark\flexmark-jira-converter\0.34.30\flexmark-jira-converter-0.34.30.jar;C:\Users\USER\.m2\repository\com\vladsch\flexmark\flexmark-pdf-converter\0.34.30\flexmark-pdf-converter-0.34.30.jar;C:\Users\USER\.m2\repository\com\openhtmltopdf\openhtmltopdf-core\0.0.1-RC13\openhtmltopdf-core-0.0.1-RC13.jar;C:\Users\USER\.m2\repository\com\openhtmltopdf\openhtmltopdf-pdfbox\0.0.1-RC13\openhtmltopdf-pdfbox-0.0.1-RC13.jar;C:\Users\USER\.m2\repository\org\apache\pdfbox\pdfbox\2.0.8\pdfbox-2.0.8.jar;C:\Users\USER\.m2\repository\org\apache\pdfbox\fontbox\2.0.8\fontbox-2.0.8.jar;C:\Users\USER\.m2\repository\commons-logging\commons-logging\1.2\commons-logging-1.2.jar;C:\Users\USER\.m2\repository\org\apache\pdfbox\xmpbox\2.0.8\xmpbox-2.0.8.jar;C:\Users\USER\.m2\repository\de\rototor\pdfbox\graphics2d\0.12\graphics2d-0.12.jar;C:\Users\USER\.m2\repository\com\openhtmltopdf\openhtmltopdf-rtl-support\0.0.1-RC13\openhtmltopdf-rtl-support-0.0.1-RC13.jar;C:\Users\USER\.m2\repository\com\ibm\icu\icu4j\59.1\icu4j-59.1.jar;C:\Users\USER\.m2\repository\com\openhtmltopdf\openhtmltopdf-jsoup-dom-converter\0.0.1-RC13\openhtmltopdf-jsoup-dom-converter-0.0.1-RC13.jar;C:\Users\USER\.m2\repository\com\vladsch\flexmark\flexmark-profile-pegdown\0.34.30\flexmark-profile-pegdown-0.34.30.jar;C:\Users\USER\.m2\repository\com\vladsch\flexmark\flexmark-util\0.34.30\flexmark-util-0.34.30.jar;C:\Users\USER\.m2\repository\com\vladsch\flexmark\flexmark-youtrack-converter\0.34.30\flexmark-youtrack-converter-0.34.30.jar;C:\Users\USER\.m2\repository\es\nitaur\markdown\txtmark\0.16\txtmark-0.16.jar;C:\Users\USER\.m2\repository\net\serenity-bdd\serenity-report-resources\3.2.1\serenity-report-resources-3.2.1.jar;C:\Users\USER\.m2\repository\com\google\code\gson\gson\2.9.0\gson-2.9.0.jar;C:\Users\USER\.m2\repository\com\fasterxml\jackson\core\jackson-core\2.13.2\jackson-core-2.13.2.jar;C:\Users\USER\.m2\repository\com\fasterxml\jackson\core\jackson-databind\2.13.2\jackson-databind-2.13.2.jar;C:\Users\USER\.m2\repository\com\fasterxml\jackson\core\jackson-annotations\2.13.2\jackson-annotations-2.13.2.jar;C:\Users\USER\.m2\repository\commons-codec\commons-codec\1.15\commons-codec-1.15.jar;C:\Users\USER\.m2\repository\commons-io\commons-io\2.11.0\commons-io-2.11.0.jar;C:\Users\USER\.m2\repository\org\seleniumhq\selenium\selenium-java\4.1.2\selenium-java-4.1.2.jar;C:\Users\USER\.m2\repository\org\seleniumhq\selenium\selenium-devtools-v85\4.1.2\selenium-devtools-v85-4.1.2.jar;C:\Users\USER\.m2\repository\org\seleniumhq\selenium\selenium-devtools-v95\4.1.2\selenium-devtools-v95-4.1.2.jar;C:\Users\USER\.m2\repository\org\seleniumhq\selenium\selenium-devtools-v96\4.1.2\selenium-devtools-v96-4.1.2.jar;C:\Users\USER\.m2\repository\org\seleniumhq\selenium\selenium-devtools-v97\4.1.2\selenium-devtools-v97-4.1.2.jar;C:\Users\USER\.m2\repository\org\seleniumhq\selenium\selenium-firefox-xpi-driver\4.1.2\selenium-firefox-xpi-driver-4.1.2.jar;C:\Users\USER\.m2\repository\org\seleniumhq\selenium\selenium-opera-driver\4.1.2\selenium-opera-driver-4.1.2.jar;C:\Users\USER\.m2\repository\org\seleniumhq\selenium\selenium-remote-driver\4.1.2\selenium-remote-driver-4.1.2.jar;C:\Users\USER\.m2\repository\com\beust\jcommander\1.82\jcommander-1.82.jar;C:\Users\USER\.m2\repository\io\netty\netty-buffer\4.1.73.Final\netty-buffer-4.1.73.Final.jar;C:\Users\USER\.m2\repository\io\netty\netty-codec-http\4.1.73.Final\netty-codec-http-4.1.73.Final.jar;C:\Users\USER\.m2\repository\io\netty\netty-codec\4.1.73.Final\netty-codec-4.1.73.Final.jar;C:\Users\USER\.m2\repository\io\netty\netty-handler\4.1.73.Final\netty-handler-4.1.73.Final.jar;C:\Users\USER\.m2\repository\io\netty\netty-tcnative-classes\2.0.46.Final\netty-tcnative-classes-2.0.46.Final.jar;C:\Users\USER\.m2\repository\io\netty\netty-common\4.1.73.Final\netty-common-4.1.73.Final.jar;C:\Users\USER\.m2\repository\io\netty\netty-transport-classes-epoll\4.1.73.Final\netty-transport-classes-epoll-4.1.73.Final.jar;C:\Users\USER\.m2\repository\io\netty\netty-transport-classes-kqueue\4.1.73.Final\netty-transport-classes-kqueue-4.1.73.Final.jar;C:\Users\USER\.m2\repository\io\netty\netty-transport-native-epoll\4.1.73.Final\netty-transport-native-epoll-4.1.73.Final.jar;C:\Users\USER\.m2\repository\io\netty\netty-transport-native-kqueue\4.1.73.Final\netty-transport-native-kqueue-4.1.73.Final.jar;C:\Users\USER\.m2\repository\io\netty\netty-transport-native-unix-common\4.1.73.Final\netty-transport-native-unix-common-4.1.73.Final.jar;C:\Users\USER\.m2\repository\io\netty\netty-transport\4.1.73.Final\netty-transport-4.1.73.Final.jar;C:\Users\USER\.m2\repository\io\netty\netty-resolver\4.1.73.Final\netty-resolver-4.1.73.Final.jar;C:\Users\USER\.m2\repository\io\opentelemetry\opentelemetry-api\1.10.1\opentelemetry-api-1.10.1.jar;C:\Users\USER\.m2\repository\io\opentelemetry\opentelemetry-context\1.10.1\opentelemetry-context-1.10.1.jar;C:\Users\USER\.m2\repository\io\opentelemetry\opentelemetry-exporter-logging\1.10.1\opentelemetry-exporter-logging-1.10.1.jar;C:\Users\USER\.m2\repository\io\opentelemetry\opentelemetry-sdk-metrics\1.10.1-alpha\opentelemetry-sdk-metrics-1.10.1-alpha.jar;C:\Users\USER\.m2\repository\io\opentelemetry\opentelemetry-sdk-logs\1.10.1-alpha\opentelemetry-sdk-logs-1.10.1-alpha.jar;C:\Users\USER\.m2\repository\io\opentelemetry\opentelemetry-sdk-common\1.10.1\opentelemetry-sdk-common-1.10.1.jar;C:\Users\USER\.m2\repository\io\opentelemetry\opentelemetry-sdk-extension-autoconfigure-spi\1.10.1\opentelemetry-sdk-extension-autoconfigure-spi-1.10.1.jar;C:\Users\USER\.m2\repository\io\opentelemetry\opentelemetry-sdk-extension-autoconfigure\1.10.1-alpha\opentelemetry-sdk-extension-autoconfigure-1.10.1-alpha.jar;C:\Users\USER\.m2\repository\io\opentelemetry\opentelemetry-sdk-trace\1.10.1\opentelemetry-sdk-trace-1.10.1.jar;C:\Users\USER\.m2\repository\io\opentelemetry\opentelemetry-sdk\1.10.1\opentelemetry-sdk-1.10.1.jar;C:\Users\USER\.m2\repository\io\opentelemetry\opentelemetry-semconv\1.10.1-alpha\opentelemetry-semconv-1.10.1-alpha.jar;C:\Users\USER\.m2\repository\io\ous\jtoml\2.0.0\jtoml-2.0.0.jar;C:\Users\USER\.m2\repository\org\apache\commons\commons-exec\1.3\commons-exec-1.3.jar;C:\Users\USER\.m2\repository\org\asynchttpclient\async-http-client\2.12.3\async-http-client-2.12.3.jar;C:\Users\USER\.m2\repository\org\asynchttpclient\async-http-client-netty-utils\2.12.3\async-http-client-netty-utils-2.12.3.jar;C:\Users\USER\.m2\repository\io\netty\netty-codec-socks\4.1.60.Final\netty-codec-socks-4.1.60.Final.jar;C:\Users\USER\.m2\repository\io\netty\netty-handler-proxy\4.1.60.Final\netty-handler-proxy-4.1.60.Final.jar;C:\Users\USER\.m2\repository\io\netty\netty-transport-native-epoll\4.1.60.Final\netty-transport-native-epoll-4.1.60.Final-linux-x86_64.jar;C:\Users\USER\.m2\repository\io\netty\netty-transport-native-kqueue\4.1.60.Final\netty-transport-native-kqueue-4.1.60.Final-osx-x86_64.jar;C:\Users\USER\.m2\repository\org\reactivestreams\reactive-streams\1.0.3\reactive-streams-1.0.3.jar;C:\Users\USER\.m2\repository\com\typesafe\netty\netty-reactive-streams\2.0.4\netty-reactive-streams-2.0.4.jar;C:\Users\USER\.m2\repository\org\seleniumhq\selenium\selenium-http\4.1.2\selenium-http-4.1.2.jar;C:\Users\USER\.m2\repository\net\jodah\failsafe\2.4.4\failsafe-2.4.4.jar;C:\Users\USER\.m2\repository\org\seleniumhq\selenium\selenium-safari-driver\4.1.2\selenium-safari-driver-4.1.2.jar;C:\Users\USER\.m2\repository\org\seleniumhq\selenium\selenium-api\4.1.2\selenium-api-4.1.2.jar;C:\Users\USER\.m2\repository\org\seleniumhq\selenium\selenium-support\4.1.2\selenium-support-4.1.2.jar;C:\Users\USER\.m2\repository\com\google\auto\service\auto-service-annotations\1.0.1\auto-service-annotations-1.0.1.jar;C:\Users\USER\.m2\repository\com\google\auto\service\auto-service\1.0.1\auto-service-1.0.1.jar;C:\Users\USER\.m2\repository\com\google\auto\auto-common\1.2\auto-common-1.2.jar;C:\Users\USER\.m2\repository\org\seleniumhq\selenium\selenium-json\4.1.2\selenium-json-4.1.2.jar;C:\Users\USER\.m2\repository\org\seleniumhq\selenium\selenium-chrome-driver\4.1.2\selenium-chrome-driver-4.1.2.jar;C:\Users\USER\.m2\repository\org\seleniumhq\selenium\selenium-chromium-driver\4.1.2\selenium-chromium-driver-4.1.2.jar;C:\Users\USER\.m2\repository\org\seleniumhq\selenium\selenium-firefox-driver\4.1.2\selenium-firefox-driver-4.1.2.jar;C:\Users\USER\.m2\repository\org\seleniumhq\selenium\selenium-edge-driver\4.1.2\selenium-edge-driver-4.1.2.jar;C:\Users\USER\.m2\repository\org\seleniumhq\selenium\selenium-ie-driver\4.1.2\selenium-ie-driver-4.1.2.jar;C:\Users\USER\.m2\repository\org\projectlombok\lombok\1.18.20\lombok-1.18.20.jar;C:\Users\USER\.m2\repository\io\appium\java-client\8.0.0\java-client-8.0.0.jar;C:\Users\USER\.m2\repository\commons-validator\commons-validator\1.7\commons-validator-1.7.jar;C:\Users\USER\.m2\repository\commons-digester\commons-digester\2.1\commons-digester-2.1.jar;C:\Users\USER\.m2\repository\org\aspectj\aspectjweaver\1.9.8\aspectjweaver-1.9.8.jar;C:\Users\USER\.m2\repository\org\codehaus\groovy\groovy\3.0.10\groovy-3.0.10.jar;C:\Users\USER\.m2\repository\net\sf\opencsv\opencsv\2.0\opencsv-2.0.jar;C:\Users\USER\.m2\repository\commons-beanutils\commons-beanutils\1.9.4\commons-beanutils-1.9.4.jar;C:\Users\USER\.m2\repository\org\apache\commons\commons-lang3\3.12.0\commons-lang3-3.12.0.jar;C:\Users\USER\.m2\repository\commons-collections\commons-collections\3.2.2\commons-collections-3.2.2.jar;C:\Users\USER\.m2\repository\org\fluentlenium\fluentlenium-core\0.10.2\fluentlenium-core-0.10.2.jar;C:\Users\USER\.m2\repository\io\github\bonigarcia\webdrivermanager\5.1.0\webdrivermanager-5.1.0.jar;C:\Users\USER\.m2\repository\com\github\docker-java\docker-java\3.2.13\docker-java-3.2.13.jar;C:\Users\USER\.m2\repository\com\github\docker-java\docker-java-core\3.2.13\docker-java-core-3.2.13.jar;C:\Users\USER\.m2\repository\com\github\docker-java\docker-java-api\3.2.13\docker-java-api-3.2.13.jar;C:\Users\USER\.m2\repository\org\apache\commons\commons-compress\1.21\commons-compress-1.21.jar;C:\Users\USER\.m2\repository\org\bouncycastle\bcpkix-jdk15on\1.64\bcpkix-jdk15on-1.64.jar;C:\Users\USER\.m2\repository\org\bouncycastle\bcprov-jdk15on\1.64\bcprov-jdk15on-1.64.jar;C:\Users\USER\.m2\repository\org\slf4j\jcl-over-slf4j\1.7.30\jcl-over-slf4j-1.7.30.jar;C:\Users\USER\.m2\repository\com\github\docker-java\docker-java-transport-httpclient5\3.2.13\docker-java-transport-httpclient5-3.2.13.jar;C:\Users\USER\.m2\repository\com\github\docker-java\docker-java-transport\3.2.13\docker-java-transport-3.2.13.jar;C:\Users\USER\.m2\repository\org\apache\httpcomponents\client5\httpclient5\5.0.3\httpclient5-5.0.3.jar;C:\Users\USER\.m2\repository\org\apache\httpcomponents\core5\httpcore5\5.0.2\httpcore5-5.0.2.jar;C:\Users\USER\.m2\repository\net\java\dev\jna\jna\5.8.0\jna-5.8.0.jar;C:\Users\USER\.m2\repository\org\brotli\dec\0.1.2\dec-0.1.2.jar;C:\Users\USER\.m2\repository\com\jhlabs\filters\2.0.235\filters-2.0.235.jar;C:\Users\USER\.m2\repository\com\paulhammant\ngwebdriver\1.1.6\ngwebdriver-1.1.6.jar;C:\Users\USER\.m2\repository\joda-time\joda-time\2.8.2\joda-time-2.8.2.jar;C:\Users\USER\.m2\repository\org\hamcrest\hamcrest\2.2\hamcrest-2.2.jar;C:\Users\USER\.m2\repository\com\google\jimfs\jimfs\1.2\jimfs-1.2.jar;C:\Users\USER\.m2\repository\org\mockito\mockito-core\3.3.3\mockito-core-3.3.3.jar;C:\Users\USER\.m2\repository\javax\xml\bind\jaxb-api\2.3.1\jaxb-api-2.3.1.jar;C:\Users\USER\.m2\repository\javax\activation\javax.activation-api\1.2.0\javax.activation-api-1.2.0.jar;C:\Users\USER\.m2\repository\com\sun\xml\bind\jaxb-core\2.3.0.1\jaxb-core-2.3.0.1.jar;C:\Users\USER\.m2\repository\com\sun\xml\bind\jaxb-impl\2.3.3\jaxb-impl-2.3.3.jar;C:\Users\USER\.m2\repository\jakarta\xml\bind\jakarta.xml.bind-api\2.3.3\jakarta.xml.bind-api-2.3.3.jar;C:\Users\USER\.m2\repository\com\sun\activation\jakarta.activation\1.2.2\jakarta.activation-1.2.2.jar;C:\Users\USER\.m2\repository\javax\activation\activation\1.1.1\activation-1.1.1.jar;C:\Users\USER\.m2\repository\net\serenity-bdd\serenity-cucumber\3.2.1\serenity-cucumber-3.2.1.jar;C:\Users\USER\.m2\repository\io\cucumber\cucumber-core\7.2.3\cucumber-core-7.2.3.jar;C:\Users\USER\.m2\repository\io\cucumber\cucumber-gherkin\7.2.3\cucumber-gherkin-7.2.3.jar;C:\Users\USER\.m2\repository\io\cucumber\cucumber-gherkin-messages\7.2.3\cucumber-gherkin-messages-7.2.3.jar;C:\Users\USER\.m2\repository\io\cucumber\messages\17.1.1\messages-17.1.1.jar;C:\Users\USER\.m2\repository\io\cucumber\tag-expressions\4.1.0\tag-expressions-4.1.0.jar;C:\Users\USER\.m2\repository\io\cucumber\cucumber-expressions\15.0.1\cucumber-expressions-15.0.1.jar;C:\Users\USER\.m2\repository\io\cucumber\datatable\7.2.3\datatable-7.2.3.jar;C:\Users\USER\.m2\repository\io\cucumber\cucumber-plugin\7.2.3\cucumber-plugin-7.2.3.jar;C:\Users\USER\.m2\repository\io\cucumber\docstring\7.2.3\docstring-7.2.3.jar;C:\Users\USER\.m2\repository\io\cucumber\html-formatter\17.0.0\html-formatter-17.0.0.jar;C:\Users\USER\.m2\repository\io\cucumber\ci-environment\8.1.0\ci-environment-8.1.0.jar;C:\Users\USER\.m2\repository\io\cucumber\cucumber-junit\7.2.3\cucumber-junit-7.2.3.jar;C:\Users\USER\.m2\repository\org\apache\commons\commons-csv\1.5\commons-csv-1.5.jar;C:\Users\USER\.m2\repository\net\serenity-bdd\serenity-screenplay\3.2.1\serenity-screenplay-3.2.1.jar;C:\Users\USER\.m2\repository\net\serenity-bdd\serenity-screenplay-webdriver\3.2.1\serenity-screenplay-webdriver-3.2.1.jar;C:\Users\USER\.m2\repository\net\serenity-bdd\serenity-ensure\3.2.1\serenity-ensure-3.2.1.jar;C:\Users\USER\.m2\repository\net\serenity-bdd\serenity-junit\3.2.1\serenity-junit-3.2.1.jar;C:\Users\USER\.m2\repository\org\jetbrains\kotlin\kotlin-stdlib\1.6.0\kotlin-stdlib-1.6.0.jar;C:\Users\USER\.m2\repository\org\jetbrains\annotations\13.0\annotations-13.0.jar;C:\Users\USER\.m2\repository\org\jetbrains\kotlin\kotlin-stdlib-common\1.6.0\kotlin-stdlib-common-1.6.0.jar;C:\Users\USER\.m2\repository\org\junit\platform\junit-platform-launcher\1.8.1\junit-platform-launcher-1.8.1.jar;C:\Users\USER\.m2\repository\org\junit\platform\junit-platform-engine\1.8.1\junit-platform-engine-1.8.1.jar;C:\Users\USER\.m2\repository\org\opentest4j\opentest4j\1.2.0\opentest4j-1.2.0.jar;C:\Users\USER\.m2\repository\org\junit\platform\junit-platform-commons\1.8.1\junit-platform-commons-1.8.1.jar;C:\Users\USER\.m2\repository\org\apiguardian\apiguardian-api\1.1.2\apiguardian-api-1.1.2.jar;C:\Users\USER\.m2\repository\org\junit\jupiter\junit-jupiter-engine\5.8.2\junit-jupiter-engine-5.8.2.jar;C:\Users\USER\.m2\repository\org\junit\jupiter\junit-jupiter-api\5.8.2\junit-jupiter-api-5.8.2.jar;C:\Users\USER\.m2\repository\org\junit\vintage\junit-vintage-engine\5.8.2\junit-vintage-engine-5.8.2.jar;C:\Users\USER\.m2\repository\junit\junit\4.13.2\junit-4.13.2.jar;C:\Users\USER\.m2\repository\org\hamcrest\hamcrest-core\1.3\hamcrest-core-1.3.jar;C:\Users\USER\.m2\repository\ch\qos\logback\logback-classic\1.2.10\logback-classic-1.2.10.jar;C:\Users\USER\.m2\repository\ch\qos\logback\logback-core\1.2.10\logback-core-1.2.10.jar;C:\Users\USER\.m2\repository\org\slf4j\slf4j-api\1.7.32\slf4j-api-1.7.32.jar;C:\Users\USER\.m2\repository\org\assertj\assertj-core\3.6.2\assertj-core-3.6.2.jar;C:\Users\USER\.m2\repository\com\googlecode\json-simple\json-simple\1.1.1\json-simple-1.1.1.jar;C:\Users\USER\.m2\repository\org\apache\maven\surefire\surefire-junit-platform\3.0.0-M5\surefire-junit-platform-3.0.0-M5.jar;C:\Users\USER\.m2\repository\org\apache\maven\surefire\common-java5\3.0.0-M5\common-java5-3.0.0-M5.jar"/>
    <property name="user.script" value=""/>
    <property name="java.protocol.handler.pkgs" value="com.google.common"/>
    <property name="sun.management.compiler" value="HotSpot 64-Bit Tiered Compilers"/>
    <property name="java.runtime.version" value="15.0.2+7-27"/>
    <property name="user.name" value="USER"/>
    <property name="path.separator" value=";"/>
    <property name="os.version" value="6.3"/>
    <property name="java.runtime.name" value="Java(TM) SE Runtime Environment"/>
    <property name="file.encoding" value="Cp1252"/>
    <property name="webdriver.base.url" value=""/>
    <property name="java.vm.name" value="Java HotSpot(TM) 64-Bit Server VM"/>
    <property name="localRepository" value="C:\Users\USER\.m2\repository"/>
    <property name="java.vendor.url.bug" value="https://bugreport.java.com/bugreport/"/>
    <property name="java.io.tmpdir" value="C:\Users\USER\AppData\Local\Temp\"/>
    <property name="java.version" value="15.0.2"/>
    <property name="user.dir" value="E:\My Documents\File Difa\TI Semester 6 Kampus Merdeka Alterra\Tugas\CAPSTONE Project\Capstone-Project-Website\Capstone-Project-Website"/>
    <property name="os.arch" value="amd64"/>
    <property name="java.vm.specification.name" value="Java Virtual Machine Specification"/>
    <property name="sun.os.patch.level" value=""/>
    <property name="java.library.path" value="C:\Program Files\Java\jdk-15.0.2\bin;C:\Windows\Sun\Java\bin;C:\Windows\system32;C:\Windows;C:\Program Files\Git\mingw64\bin;C:\Program Files\Git\usr\bin;C:\Users\USER\bin;C:\Program Files\Common Files\Oracle\Java\javapath;C:\Windows\system32;C:\Windows;C:\Windows\System32\Wbem;C:\Windows\System32\WindowsPowerShell\v1.0;C:\Program Files\nodejs;C:\Program Files\Java\jdk-15.0.2\bin;C:\apache-jmeter-5.4.3\bin;C:\Program Files\apache-maven-3.8.5\bin;C:\Users\USER\AppData\Local\Android\Sdk\platform-tools;C:\Users\USER\AppData\Local\Android\Sdk\tools\bin;C:\Program Files\Git\cmd;C:\Users\USER\AppData\Local\Programs\Microsoft VS Code\bin;C:\Program Files\JetBrains\IntelliJ IDEA Community Edition 2022.1\bin;C:\Users\USER\AppData\Roaming\npm;."/>
    <property name="java.vm.info" value="mixed mode"/>
    <property name="java.vendor" value="Oracle Corporation"/>
    <property name="java.vm.version" value="15.0.2+7-27"/>
    <property name="sun.io.unicode.encoding" value="UnicodeLittle"/>
    <property name="java.class.version" value="59.0"/>
  </properties>
  <testcase name="Edit scenario" classname="Dashboard" time="51.436">
    <system-out><![CDATA[16:36:57.168 [main] INFO io.cucumber.core.plugin.SerenityReporter - Running feature from file:///E:/My%20Documents/File%20Difa/TI%20Semester%206%20Kampus%20Merdeka%20Alterra/Tugas/CAPSTONE%20Project/Capstone-Project-Website/Capstone-Project-Website/src/test/resources/features/Dashboard.feature
16:36:57.604 [main] INFO  - 

-------------------------------------------------------------------------------------
     _______. _______ .______       _______ .__   __.  __  .___________.____    ____ 
    /       ||   ____||   _  \     |   ____||  \ |  | |  | |           |\   \  /   / 
   |   (----`|  |__   |  |_)  |    |  |__   |   \|  | |  | `---|  |----` \   \/   /  
    \   \    |   __|  |      /     |   __|  |  . `  | |  |     |  |       \_    _/   
.----)   |   |  |____ |  |\  \----.|  |____ |  |\   | |  |     |  |         |  |     
|_______/    |_______|| _| `._____||_______||__| \__| |__|     |__|         |__|    
                                                                                     
 News and tutorials at http://www.serenity-bdd.info                                  
 Documentation at https://wakaleo.gitbooks.io/the-serenity-book/content/             
 Join the Serenity Community on Gitter: https://gitter.im/serenity-bdd/serenity-core 
 Serenity BDD Support and Training at http://serenity-bdd.info/#/trainingandsupport  
-------------------------------------------------------------------------------------

16:36:57.610 [main] DEBUG net.thucydides.core.steps.StepEventBus - Test suite started for story net.thucydides.core.model.Story@a7404968
16:36:57.620 [main] INFO  - Test Suite Started: Dashboard
16:36:57.677 [main] INFO io.cucumber.core.plugin.SerenityReporter - Running feature from file:///E:/My%20Documents/File%20Difa/TI%20Semester%206%20Kampus%20Merdeka%20Alterra/Tugas/CAPSTONE%20Project/Capstone-Project-Website/Capstone-Project-Website/src/test/resources/features/Dashboard.feature
16:36:57.681 [main] DEBUG net.thucydides.core.steps.StepEventBus - Test suite started for story net.thucydides.core.model.Story@a7404968
16:36:57.682 [main] INFO  - Test Suite Started: Dashboard

@Dashboard @Edit
Scenario: Edit scenario            &amp#27;[90m# src/test/resources/features/Dashboard.feature:8&amp#27;[0m
16:36:57.832 [main] INFO io.cucumber.core.plugin.SerenityReporter - Running feature from file:///E:/My%20Documents/File%20Difa/TI%20Semester%206%20Kampus%20Merdeka%20Alterra/Tugas/CAPSTONE%20Project/Capstone-Project-Website/Capstone-Project-Website/src/test/resources/features/Dashboard.feature
16:36:58.195 [main] INFO  - 
  _____   ___   ___   _____     ___   _____     _     ___   _____   ___   ___  
 |_   _| | __| / __| |_   _|   / __| |_   _|   /_\   | _ \ |_   _| | __| |   \ 
   | |   | _|  \__ \   | |     \__ \   | |    / _ \  |   /   | |   | _|  | |) |
   |_|   |___| |___/   |_|     |___/   |_|   /_/ \_\ |_|_\   |_|   |___| |___/ 

Edit scenario(dashboard;edit-scenario)
--------------------------------------------------------------------------------
16:36:59.863 [main] DEBUG net.thucydides.core.steps.StepInterceptor - STARTING STEP: DashboardSteps.iAmOnTheDashboardPage - openUrl
16:36:59.929 [main] INFO net.serenitybdd.core.webdriver.driverproviders.ChromeDriverProvider - Using automatically driver download
16:37:01.415 [main] DEBUG io.github.bonigarcia.wdm.cache.ResolutionCache - Resolution chrome=102 in cache (valid until 17:27:55 07/06/2022 ICT)
16:37:01.428 [main] DEBUG io.github.bonigarcia.wdm.cache.ResolutionCache - Resolution chrome102=102.0.5005.61 in cache (valid until 15:18:17 08/06/2022 ICT)
16:37:01.434 [main] INFO io.github.bonigarcia.wdm.WebDriverManager - Using chromedriver 102.0.5005.61 (resolved driver for Chrome 102)
16:37:01.463 [main] DEBUG io.github.bonigarcia.wdm.WebDriverManager - Driver chromedriver 102.0.5005.61 found in cache
16:37:01.464 [main] INFO io.github.bonigarcia.wdm.WebDriverManager - Exporting webdriver.chrome.driver as C:\Users\USER\.cache\selenium\chromedriver\win32\102.0.5005.61\chromedriver.exe
16:37:02.645 [main] DEBUG net.thucydides.core.reflection.ClassFinder - Could not load class .CucumberTestSuite
16:37:02.646 [main] DEBUG net.thucydides.core.reflection.ClassFinder - Could not load class .Utils.General
16:37:02.646 [main] DEBUG net.thucydides.core.reflection.ClassFinder - Could not load class .starter.pages.DashboardPage
16:37:02.646 [main] DEBUG net.thucydides.core.reflection.ClassFinder - Could not load class .starter.stepdefinitions.DashboardSteps
16:37:02.647 [main] DEBUG net.thucydides.core.reflection.ClassFinder - Could not load class META-INF.versions.9.com.sun.istack.logging.StackHelper
16:37:02.648 [main] DEBUG net.thucydides.core.reflection.ClassFinder - Could not load class META-INF.versions.9.com.sun.xml.bind.v2.runtime.reflect.opt.AccessorInjector
16:37:02.648 [main] DEBUG net.thucydides.core.reflection.ClassFinder - Could not load class META-INF.versions.9.com.sun.xml.bind.v2.runtime.reflect.opt.Injector
16:37:02.649 [main] DEBUG net.thucydides.core.reflection.ClassFinder - Could not load class META-INF.versions.9.com.sun.xml.bind.v2.runtime.reflect.opt.OptimizedAccessorFactory
16:37:02.649 [main] DEBUG net.thucydides.core.reflection.ClassFinder - Could not load class META-INF.versions.9.com.sun.xml.bind.v2.runtime.reflect.opt.OptimizedTransducedAccessorFactory
16:37:02.650 [main] DEBUG net.thucydides.core.reflection.ClassFinder - Could not load class META-INF.versions.9.io.opentelemetry.sdk.internal.CurrentJavaVersionSpecific
16:37:02.650 [main] DEBUG net.thucydides.core.reflection.ClassFinder - Could not load class META-INF.versions.9.io.opentelemetry.sdk.internal.Java9VersionSpecific
16:37:02.651 [main] DEBUG net.thucydides.core.reflection.ClassFinder - Could not load class META-INF.versions.9.javax.xml.bind.ModuleUtil
16:37:02.652 [main] DEBUG net.thucydides.core.reflection.ClassFinder - Could not load class META-INF.versions.9.module-info
16:37:02.652 [main] DEBUG net.thucydides.core.reflection.ClassFinder - Could not load class META-INF.versions.9.org.junit.platform.commons.util.ModuleUtils
16:37:03.098 [main] DEBUG net.thucydides.core.reflection.ClassFinder - Could not load class com.google.gson.internal.
16:37:03.349 [main] DEBUG net.thucydides.core.reflection.ClassFinder - Could not load class com.sun.xml.bind.v2.runtime.output.FastInfosetStreamWriterOutput
16:37:04.055 [main] DEBUG net.thucydides.core.reflection.ClassFinder - Could not load class module-info
16:37:08.604 [main] DEBUG io.netty.util.internal.logging.InternalLoggerFactory - Using SLF4J as the default logging framework
16:37:08.609 [main] DEBUG io.netty.util.ResourceLeakDetector - -Dio.netty.leakDetection.level: simple
16:37:08.609 [main] DEBUG io.netty.util.ResourceLeakDetector - -Dio.netty.leakDetection.targetRecords: 4
16:37:08.615 [main] DEBUG io.netty.util.ResourceLeakDetectorFactory - Loaded default ResourceLeakDetector: io.netty.util.ResourceLeakDetector@680aa303
16:37:08.650 [main] DEBUG io.netty.util.internal.PlatformDependent0 - -Dio.netty.noUnsafe: false
16:37:08.651 [main] DEBUG io.netty.util.internal.PlatformDependent0 - Java version: 15
16:37:08.652 [main] DEBUG io.netty.util.internal.PlatformDependent0 - sun.misc.Unsafe.theUnsafe: available
16:37:08.653 [main] DEBUG io.netty.util.internal.PlatformDependent0 - sun.misc.Unsafe.copyMemory: available
16:37:08.653 [main] DEBUG io.netty.util.internal.PlatformDependent0 - java.nio.Buffer.address: available
16:37:08.654 [main] DEBUG io.netty.util.internal.PlatformDependent0 - direct buffer constructor: unavailable: Reflective setAccessible(true) disabled
16:37:08.655 [main] DEBUG io.netty.util.internal.PlatformDependent0 - java.nio.Bits.unaligned: available, true
16:37:08.656 [main] DEBUG io.netty.util.internal.PlatformDependent0 - jdk.internal.misc.Unsafe.allocateUninitializedArray(int): unavailable: class io.netty.util.internal.PlatformDependent0$6 cannot access class jdk.internal.misc.Unsafe (in module java.base) because module java.base does not export jdk.internal.misc to unnamed module @30c31dd7
16:37:08.659 [main] DEBUG io.netty.util.internal.PlatformDependent0 - java.nio.DirectByteBuffer.<init>(long, int): unavailable
16:37:08.659 [main] DEBUG io.netty.util.internal.PlatformDependent - sun.misc.Unsafe: available
16:37:08.666 [main] DEBUG io.netty.util.internal.PlatformDependent - maxDirectMemory: 1050673152 bytes (maybe)
16:37:08.666 [main] DEBUG io.netty.util.internal.PlatformDependent - -Dio.netty.tmpdir: C:\Users\USER\AppData\Local\Temp (java.io.tmpdir)
16:37:08.666 [main] DEBUG io.netty.util.internal.PlatformDependent - -Dio.netty.bitMode: 64 (sun.arch.data.model)
16:37:08.667 [main] DEBUG io.netty.util.internal.PlatformDependent - Platform: Windows
16:37:08.668 [main] DEBUG io.netty.util.internal.PlatformDependent - -Dio.netty.maxDirectMemory: -1 bytes
16:37:08.669 [main] DEBUG io.netty.util.internal.PlatformDependent - -Dio.netty.uninitializedArrayAllocationThreshold: -1
16:37:08.670 [main] DEBUG io.netty.util.internal.CleanerJava9 - java.nio.ByteBuffer.cleaner(): available
16:37:08.670 [main] DEBUG io.netty.util.internal.PlatformDependent - -Dio.netty.noPreferDirect: false
16:37:08.683 [main] DEBUG io.netty.util.internal.PlatformDependent - org.jctools-core.MpscChunkedArrayQueue: available
16:37:08.712 [main] DEBUG io.netty.util.internal.InternalThreadLocalMap - -Dio.netty.threadLocalMap.stringBuilder.initialSize: 1024
16:37:08.712 [main] DEBUG io.netty.util.internal.InternalThreadLocalMap - -Dio.netty.threadLocalMap.stringBuilder.maxSize: 4096
16:37:08.884 [main] DEBUG io.netty.handler.ssl.JdkSslContext - Default protocols (JDK): [TLSv1.3, TLSv1.2, TLSv1.1, TLSv1] 
16:37:08.884 [main] DEBUG io.netty.handler.ssl.JdkSslContext - Default cipher suites (JDK): [TLS_ECDHE_ECDSA_WITH_AES_256_GCM_SHA384, TLS_ECDHE_ECDSA_WITH_AES_128_GCM_SHA256, TLS_ECDHE_RSA_WITH_AES_128_GCM_SHA256, TLS_ECDHE_RSA_WITH_AES_256_GCM_SHA384, TLS_ECDHE_RSA_WITH_AES_128_CBC_SHA, TLS_ECDHE_RSA_WITH_AES_256_CBC_SHA, TLS_RSA_WITH_AES_128_GCM_SHA256, TLS_RSA_WITH_AES_128_CBC_SHA, TLS_RSA_WITH_AES_256_CBC_SHA, TLS_AES_128_GCM_SHA256, TLS_AES_256_GCM_SHA384]
16:37:08.923 [main] DEBUG io.netty.channel.MultithreadEventLoopGroup - -Dio.netty.eventLoopThreads: 8
16:37:08.940 [main] DEBUG io.netty.channel.nio.NioEventLoop - -Dio.netty.noKeySetOptimization: false
16:37:08.941 [main] DEBUG io.netty.channel.nio.NioEventLoop - -Dio.netty.selectorAutoRebuildThreshold: 512
16:37:09.013 [main] DEBUG io.netty.buffer.PooledByteBufAllocator - -Dio.netty.allocator.numHeapArenas: 8
16:37:09.013 [main] DEBUG io.netty.buffer.PooledByteBufAllocator - -Dio.netty.allocator.numDirectArenas: 8
16:37:09.013 [main] DEBUG io.netty.buffer.PooledByteBufAllocator - -Dio.netty.allocator.pageSize: 8192
16:37:09.013 [main] DEBUG io.netty.buffer.PooledByteBufAllocator - -Dio.netty.allocator.maxOrder: 11
16:37:09.013 [main] DEBUG io.netty.buffer.PooledByteBufAllocator - -Dio.netty.allocator.chunkSize: 16777216
16:37:09.013 [main] DEBUG io.netty.buffer.PooledByteBufAllocator - -Dio.netty.allocator.smallCacheSize: 256
16:37:09.013 [main] DEBUG io.netty.buffer.PooledByteBufAllocator - -Dio.netty.allocator.normalCacheSize: 64
16:37:09.013 [main] DEBUG io.netty.buffer.PooledByteBufAllocator - -Dio.netty.allocator.maxCachedBufferCapacity: 32768
16:37:09.014 [main] DEBUG io.netty.buffer.PooledByteBufAllocator - -Dio.netty.allocator.cacheTrimInterval: 8192
16:37:09.014 [main] DEBUG io.netty.buffer.PooledByteBufAllocator - -Dio.netty.allocator.cacheTrimIntervalMillis: 0
16:37:09.014 [main] DEBUG io.netty.buffer.PooledByteBufAllocator - -Dio.netty.allocator.useCacheForAllThreads: true
16:37:09.014 [main] DEBUG io.netty.buffer.PooledByteBufAllocator - -Dio.netty.allocator.maxCachedByteBuffersPerChunk: 1023
16:37:09.036 [main] DEBUG io.netty.buffer.ByteBufUtil - -Dio.netty.allocator.type: pooled
16:37:09.036 [main] DEBUG io.netty.buffer.ByteBufUtil - -Dio.netty.threadLocalDirectBufferSize: 0
16:37:09.036 [main] DEBUG io.netty.buffer.ByteBufUtil - -Dio.netty.maxThreadLocalCharBufferSize: 16384
16:37:09.395 [main] DEBUG net.serenitybdd.core.webdriver.driverproviders.ProvideNewDriver - Instantiating driver
16:37:09.395 [main] DEBUG net.serenitybdd.core.webdriver.driverproviders.ProvideNewDriver - Driver capabilities: Capabilities {acceptInsecureCerts: false, base.url: https://group7-react-dev.ne..., browserName: chrome, chrome.driver: src/test/resources/webdrive..., driver: chrome, goog:chromeOptions: {args: [], extensions: []}}
16:37:10.837 [Forwarding newSession on session null to remote] DEBUG io.netty.channel.DefaultChannelId - -Dio.netty.processId: 3864 (auto-detected)
16:37:10.840 [Forwarding newSession on session null to remote] DEBUG io.netty.util.NetUtil - -Djava.net.preferIPv4Stack: false
16:37:10.840 [Forwarding newSession on session null to remote] DEBUG io.netty.util.NetUtil - -Djava.net.preferIPv6Addresses: false
16:37:10.846 [Forwarding newSession on session null to remote] DEBUG io.netty.util.NetUtilInitializations - Loopback interface: lo (Software Loopback Interface 1, 127.0.0.1)
16:37:10.847 [Forwarding newSession on session null to remote] DEBUG io.netty.util.NetUtil - Failed to get SOMAXCONN from sysctl and file \proc\sys\net\core\somaxconn. Default: 200
16:37:10.868 [Forwarding newSession on session null to remote] DEBUG io.netty.channel.DefaultChannelId - -Dio.netty.machineId: 00:00:00:00:00:00:00:e0 (auto-detected)
16:37:10.940 [AsyncHttpClient-1-2] DEBUG io.netty.buffer.AbstractByteBuf - -Dio.netty.buffer.checkAccessible: true
16:37:10.940 [AsyncHttpClient-1-2] DEBUG io.netty.buffer.AbstractByteBuf - -Dio.netty.buffer.checkBounds: true
16:37:10.940 [AsyncHttpClient-1-2] DEBUG io.netty.util.ResourceLeakDetectorFactory - Loaded default ResourceLeakDetector: io.netty.util.ResourceLeakDetector@476c084f
16:37:10.955 [AsyncHttpClient-1-2] DEBUG org.asynchttpclient.netty.channel.NettyConnectListener - Using new Channel '[id: 0xa5ec0c42, L:/127.0.0.1:62212 - R:localhost/127.0.0.1:58257]' for 'POST' to '/session'
16:37:10.982 [AsyncHttpClient-1-2] DEBUG io.netty.util.Recycler - -Dio.netty.recycler.maxCapacityPerThread: 4096
16:37:10.982 [AsyncHttpClient-1-2] DEBUG io.netty.util.Recycler - -Dio.netty.recycler.ratio: 8
16:37:10.982 [AsyncHttpClient-1-2] DEBUG io.netty.util.Recycler - -Dio.netty.recycler.chunkSize: 32
16:37:10.982 [AsyncHttpClient-1-2] DEBUG io.netty.util.Recycler - -Dio.netty.recycler.blocking: false
16:37:22.474 [AsyncHttpClient-1-2] DEBUG io.netty.handler.codec.compression.Brotli - brotli4j not in the classpath; Brotli support will be unavailable.
16:37:22.475 [AsyncHttpClient-1-2] DEBUG org.asynchttpclient.netty.handler.HttpHandler - 

Request DefaultHttpRequest(decodeResult: success, version: HTTP/1.1)
POST /session HTTP/1.1
User-Agent: selenium/4.1.2 (java windows)
Content-Length: 617
Content-Type: application/json; charset=utf-8
host: localhost:58257
accept: */*

Response DefaultHttpResponse(decodeResult: success, version: HTTP/1.1)
HTTP/1.1 200 OK
Content-Type: application/json; charset=utf-8
cache-control: no-cache
content-length: 787

16:37:22.662 [AsyncHttpClient-1-2] DEBUG org.asynchttpclient.netty.channel.ChannelManager - Adding key: http://localhost:58257 for channel [id: 0xa5ec0c42, L:/127.0.0.1:62212 - R:localhost/127.0.0.1:58257]
16:37:23.192 [AsyncHttpClient-1-1] DEBUG org.asynchttpclient.netty.channel.DefaultChannelPool - Entry count for : http://localhost:58257 : 1
16:37:23.428 [AsyncHttpClient-1-3] DEBUG org.asynchttpclient.netty.channel.NettyConnectListener - Using new Channel '[id: 0x93e1c8c2, L:/127.0.0.1:62230 - R:localhost/127.0.0.1:62218]' for 'GET' to '/json/version'
16:37:23.441 [AsyncHttpClient-1-3] DEBUG org.asynchttpclient.netty.handler.HttpHandler - 

Request DefaultFullHttpRequest(decodeResult: success, version: HTTP/1.1, content: EmptyByteBufBE)
GET /json/version HTTP/1.1
User-Agent: selenium/4.1.2 (java windows)
host: localhost:62218
accept: */*

Response DefaultHttpResponse(decodeResult: success, version: HTTP/1.1)
HTTP/1.1 200 OK
Content-Type: application/json; charset=UTF-8
content-length: 425

16:37:23.441 [AsyncHttpClient-1-3] DEBUG org.asynchttpclient.netty.channel.ChannelManager - Adding key: http://localhost:62218 for channel [id: 0x93e1c8c2, L:/127.0.0.1:62230 - R:localhost/127.0.0.1:62218]
16:37:23.488 [main] DEBUG io.netty.util.internal.ThreadLocalRandom - -Dio.netty.initialSeedUniquifier: 0x847ab9cb5df04f7f
16:37:23.492 [AsyncHttpClient-1-4] DEBUG org.asynchttpclient.netty.channel.NettyConnectListener - Using new Channel '[id: 0xaed044d1, L:/127.0.0.1:62231 - R:localhost/127.0.0.1:62218]' for 'GET' to '/devtools/browser/83e48d1e-b388-4eef-9f35-87cffa230c8f'
16:37:23.505 [AsyncHttpClient-1-4] DEBUG org.asynchttpclient.netty.handler.WebSocketHandler - 

Request DefaultFullHttpRequest(decodeResult: success, version: HTTP/1.1, content: EmptyByteBufBE)
GET /devtools/browser/83e48d1e-b388-4eef-9f35-87cffa230c8f HTTP/1.1
upgrade: websocket
connection: upgrade
sec-websocket-key: VVMCpuey0GkckCRS+MhGpQ==
sec-websocket-version: 13
origin: http://localhost:62218
host: localhost:62218
accept: */*
user-agent: AHC/2.1

Response DefaultHttpResponse(decodeResult: success, version: HTTP/1.1)
HTTP/1.1 101 WebSocket Protocol Handshake
Upgrade: WebSocket
Connection: Upgrade
Sec-WebSocket-Accept: qqq3d+UL+rocKlCw6OryTCJDp0E=

16:37:23.933 [Forwarding maximizeCurrentWindow on session a7abbb4f659d6f108e6bcd71b207534b to remote] DEBUG org.asynchttpclient.netty.request.NettyRequestSender - Using pooled Channel '[id: 0xa5ec0c42, L:/127.0.0.1:62212 - R:localhost/127.0.0.1:58257]' for 'POST' to 'http://localhost:58257/session/a7abbb4f659d6f108e6bcd71b207534b/window/maximize'
16:37:23.934 [Forwarding maximizeCurrentWindow on session a7abbb4f659d6f108e6bcd71b207534b to remote] DEBUG org.asynchttpclient.netty.request.NettyRequestSender - Using open Channel [id: 0xa5ec0c42, L:/127.0.0.1:62212 - R:localhost/127.0.0.1:58257] for POST '/session/a7abbb4f659d6f108e6bcd71b207534b/window/maximize'
16:37:24.249 [AsyncHttpClient-1-2] DEBUG org.asynchttpclient.netty.handler.HttpHandler - 

Request DefaultHttpRequest(decodeResult: success, version: HTTP/1.1)
POST /session/a7abbb4f659d6f108e6bcd71b207534b/window/maximize HTTP/1.1
User-Agent: selenium/4.1.2 (java windows)
Content-Length: 3
Content-Type: application/json; charset=utf-8
host: localhost:58257
accept: */*

Response DefaultHttpResponse(decodeResult: success, version: HTTP/1.1)
HTTP/1.1 200 OK
Content-Type: application/json; charset=utf-8
cache-control: no-cache
content-length: 51

16:37:24.250 [AsyncHttpClient-1-2] DEBUG org.asynchttpclient.netty.channel.ChannelManager - Adding key: http://localhost:58257 for channel [id: 0xa5ec0c42, L:/127.0.0.1:62212 - R:localhost/127.0.0.1:58257]
16:37:24.294 [AsyncHttpClient-1-1] DEBUG org.asynchttpclient.netty.channel.DefaultChannelPool - Entry count for : http://localhost:58257 : 1
16:37:24.294 [AsyncHttpClient-1-1] DEBUG org.asynchttpclient.netty.channel.DefaultChannelPool - Entry count for : http://localhost:62218 : 1
16:37:25.394 [AsyncHttpClient-1-1] DEBUG org.asynchttpclient.netty.channel.DefaultChannelPool - Entry count for : http://localhost:58257 : 1
16:37:25.394 [AsyncHttpClient-1-1] DEBUG org.asynchttpclient.netty.channel.DefaultChannelPool - Entry count for : http://localhost:62218 : 1
16:37:26.492 [AsyncHttpClient-1-1] DEBUG org.asynchttpclient.netty.channel.DefaultChannelPool - Entry count for : http://localhost:58257 : 1
16:37:26.493 [AsyncHttpClient-1-1] DEBUG org.asynchttpclient.netty.channel.DefaultChannelPool - Entry count for : http://localhost:62218 : 1
16:37:27.592 [AsyncHttpClient-1-1] DEBUG org.asynchttpclient.netty.channel.DefaultChannelPool - Entry count for : http://localhost:58257 : 1
16:37:27.593 [AsyncHttpClient-1-1] DEBUG org.asynchttpclient.netty.channel.DefaultChannelPool - Entry count for : http://localhost:62218 : 1
16:37:28.693 [AsyncHttpClient-1-1] DEBUG org.asynchttpclient.netty.channel.DefaultChannelPool - Entry count for : http://localhost:58257 : 1
16:37:28.694 [AsyncHttpClient-1-1] DEBUG org.asynchttpclient.netty.channel.DefaultChannelPool - Entry count for : http://localhost:62218 : 1
16:37:29.794 [AsyncHttpClient-1-1] DEBUG org.asynchttpclient.netty.channel.DefaultChannelPool - Entry count for : http://localhost:58257 : 1
16:37:29.794 [AsyncHttpClient-1-1] DEBUG org.asynchttpclient.netty.channel.DefaultChannelPool - Entry count for : http://localhost:62218 : 1
16:37:30.891 [AsyncHttpClient-1-1] DEBUG org.asynchttpclient.netty.channel.DefaultChannelPool - Entry count for : http://localhost:58257 : 1
16:37:30.891 [AsyncHttpClient-1-1] DEBUG org.asynchttpclient.netty.channel.DefaultChannelPool - Entry count for : http://localhost:62218 : 1
16:37:31.991 [AsyncHttpClient-1-1] DEBUG org.asynchttpclient.netty.channel.DefaultChannelPool - Entry count for : http://localhost:58257 : 1
16:37:31.991 [AsyncHttpClient-1-1] DEBUG org.asynchttpclient.netty.channel.DefaultChannelPool - Entry count for : http://localhost:62218 : 1
16:37:32.239 [main] DEBUG net.thucydides.core.reflection.ClassFinder - Could not load class .CucumberTestSuite
16:37:32.240 [main] DEBUG net.thucydides.core.reflection.ClassFinder - Could not load class .Utils.General
16:37:32.240 [main] DEBUG net.thucydides.core.reflection.ClassFinder - Could not load class .starter.pages.DashboardPage
16:37:32.240 [main] DEBUG net.thucydides.core.reflection.ClassFinder - Could not load class .starter.stepdefinitions.DashboardSteps
16:37:32.242 [main] DEBUG net.thucydides.core.reflection.ClassFinder - Could not load class META-INF.versions.9.com.sun.istack.logging.StackHelper
16:37:32.243 [main] DEBUG net.thucydides.core.reflection.ClassFinder - Could not load class META-INF.versions.9.com.sun.xml.bind.v2.runtime.reflect.opt.AccessorInjector
16:37:32.244 [main] DEBUG net.thucydides.core.reflection.ClassFinder - Could not load class META-INF.versions.9.com.sun.xml.bind.v2.runtime.reflect.opt.Injector
16:37:32.244 [main] DEBUG net.thucydides.core.reflection.ClassFinder - Could not load class META-INF.versions.9.com.sun.xml.bind.v2.runtime.reflect.opt.OptimizedAccessorFactory
16:37:32.245 [main] DEBUG net.thucydides.core.reflection.ClassFinder - Could not load class META-INF.versions.9.com.sun.xml.bind.v2.runtime.reflect.opt.OptimizedTransducedAccessorFactory
16:37:32.246 [main] DEBUG net.thucydides.core.reflection.ClassFinder - Could not load class META-INF.versions.9.io.opentelemetry.sdk.internal.CurrentJavaVersionSpecific
16:37:32.247 [main] DEBUG net.thucydides.core.reflection.ClassFinder - Could not load class META-INF.versions.9.io.opentelemetry.sdk.internal.Java9VersionSpecific
16:37:32.248 [main] DEBUG net.thucydides.core.reflection.ClassFinder - Could not load class META-INF.versions.9.javax.xml.bind.ModuleUtil
16:37:32.249 [main] DEBUG net.thucydides.core.reflection.ClassFinder - Could not load class META-INF.versions.9.module-info
16:37:32.253 [main] DEBUG net.thucydides.core.reflection.ClassFinder - Could not load class META-INF.versions.9.org.junit.platform.commons.util.ModuleUtils
16:37:32.258 [main] DEBUG net.thucydides.core.reflection.ClassFinder - Could not load class com.google.gson.internal.
16:37:32.262 [main] DEBUG net.thucydides.core.reflection.ClassFinder - Could not load class com.sun.xml.bind.v2.runtime.output.FastInfosetStreamWriterOutput
16:37:32.300 [main] DEBUG net.thucydides.core.reflection.ClassFinder - Could not load class module-info
16:37:32.354 [Forwarding get on session a7abbb4f659d6f108e6bcd71b207534b to remote] DEBUG org.asynchttpclient.netty.request.NettyRequestSender - Using pooled Channel '[id: 0xa5ec0c42, L:/127.0.0.1:62212 - R:localhost/127.0.0.1:58257]' for 'POST' to 'http://localhost:58257/session/a7abbb4f659d6f108e6bcd71b207534b/url'
16:37:32.354 [Forwarding get on session a7abbb4f659d6f108e6bcd71b207534b to remote] DEBUG org.asynchttpclient.netty.request.NettyRequestSender - Using open Channel [id: 0xa5ec0c42, L:/127.0.0.1:62212 - R:localhost/127.0.0.1:58257] for POST '/session/a7abbb4f659d6f108e6bcd71b207534b/url'
16:37:33.092 [AsyncHttpClient-1-1] DEBUG org.asynchttpclient.netty.channel.DefaultChannelPool - Entry count for : http://localhost:62218 : 1
16:37:34.192 [AsyncHttpClient-1-1] DEBUG org.asynchttpclient.netty.channel.DefaultChannelPool - Entry count for : http://localhost:62218 : 1
16:37:35.292 [AsyncHttpClient-1-1] DEBUG org.asynchttpclient.netty.channel.DefaultChannelPool - Entry count for : http://localhost:62218 : 1
16:37:36.392 [AsyncHttpClient-1-1] DEBUG org.asynchttpclient.netty.channel.DefaultChannelPool - Entry count for : http://localhost:62218 : 1
16:37:37.157 [AsyncHttpClient-1-2] DEBUG org.asynchttpclient.netty.handler.HttpHandler - 

Request DefaultHttpRequest(decodeResult: success, version: HTTP/1.1)
POST /session/a7abbb4f659d6f108e6bcd71b207534b/url HTTP/1.1
User-Agent: selenium/4.1.2 (java windows)
Content-Length: 61
Content-Type: application/json; charset=utf-8
host: localhost:58257
accept: */*

Response DefaultHttpResponse(decodeResult: success, version: HTTP/1.1)
HTTP/1.1 200 OK
Content-Type: application/json; charset=utf-8
cache-control: no-cache
content-length: 14

16:37:37.157 [AsyncHttpClient-1-2] DEBUG org.asynchttpclient.netty.channel.ChannelManager - Adding key: http://localhost:58257 for channel [id: 0xa5ec0c42, L:/127.0.0.1:62212 - R:localhost/127.0.0.1:58257]
16:37:37.169 [Forwarding setTimeout on session a7abbb4f659d6f108e6bcd71b207534b to remote] DEBUG org.asynchttpclient.netty.request.NettyRequestSender - Using pooled Channel '[id: 0xa5ec0c42, L:/127.0.0.1:62212 - R:localhost/127.0.0.1:58257]' for 'POST' to 'http://localhost:58257/session/a7abbb4f659d6f108e6bcd71b207534b/timeouts'
16:37:37.169 [Forwarding setTimeout on session a7abbb4f659d6f108e6bcd71b207534b to remote] DEBUG org.asynchttpclient.netty.request.NettyRequestSender - Using open Channel [id: 0xa5ec0c42, L:/127.0.0.1:62212 - R:localhost/127.0.0.1:58257] for POST '/session/a7abbb4f659d6f108e6bcd71b207534b/timeouts'
16:37:37.173 [AsyncHttpClient-1-2] DEBUG org.asynchttpclient.netty.handler.HttpHandler - 

Request DefaultHttpRequest(decodeResult: success, version: HTTP/1.1)
POST /session/a7abbb4f659d6f108e6bcd71b207534b/timeouts HTTP/1.1
User-Agent: selenium/4.1.2 (java windows)
Content-Length: 22
Content-Type: application/json; charset=utf-8
host: localhost:58257
accept: */*

Response DefaultHttpResponse(decodeResult: success, version: HTTP/1.1)
HTTP/1.1 200 OK
Content-Type: application/json; charset=utf-8
cache-control: no-cache
content-length: 14

16:37:37.173 [AsyncHttpClient-1-2] DEBUG org.asynchttpclient.netty.channel.ChannelManager - Adding key: http://localhost:58257 for channel [id: 0xa5ec0c42, L:/127.0.0.1:62212 - R:localhost/127.0.0.1:58257]
16:37:37.187 [Forwarding getCurrentUrl on session a7abbb4f659d6f108e6bcd71b207534b to remote] DEBUG org.asynchttpclient.netty.request.NettyRequestSender - Using pooled Channel '[id: 0xa5ec0c42, L:/127.0.0.1:62212 - R:localhost/127.0.0.1:58257]' for 'GET' to 'http://localhost:58257/session/a7abbb4f659d6f108e6bcd71b207534b/url'
16:37:37.187 [Forwarding getCurrentUrl on session a7abbb4f659d6f108e6bcd71b207534b to remote] DEBUG org.asynchttpclient.netty.request.NettyRequestSender - Using open Channel [id: 0xa5ec0c42, L:/127.0.0.1:62212 - R:localhost/127.0.0.1:58257] for GET '/session/a7abbb4f659d6f108e6bcd71b207534b/url'
16:37:37.492 [AsyncHttpClient-1-1] DEBUG org.asynchttpclient.netty.channel.DefaultChannelPool - Entry count for : http://localhost:62218 : 1
16:37:37.604 [AsyncHttpClient-1-2] DEBUG org.asynchttpclient.netty.handler.HttpHandler - 

Request DefaultFullHttpRequest(decodeResult: success, version: HTTP/1.1, content: EmptyByteBufBE)
GET /session/a7abbb4f659d6f108e6bcd71b207534b/url HTTP/1.1
User-Agent: selenium/4.1.2 (java windows)
Cache-Control: no-cache
Content-Type: application/json; charset=utf-8
host: localhost:58257
accept: */*

Response DefaultHttpResponse(decodeResult: success, version: HTTP/1.1)
HTTP/1.1 200 OK
Content-Type: application/json; charset=utf-8
cache-control: no-cache
content-length: 49

16:37:37.605 [AsyncHttpClient-1-2] DEBUG org.asynchttpclient.netty.channel.ChannelManager - Adding key: http://localhost:58257 for channel [id: 0xa5ec0c42, L:/127.0.0.1:62212 - R:localhost/127.0.0.1:58257]
16:37:37.618 [Forwarding getCurrentUrl on session a7abbb4f659d6f108e6bcd71b207534b to remote] DEBUG org.asynchttpclient.netty.request.NettyRequestSender - Using pooled Channel '[id: 0xa5ec0c42, L:/127.0.0.1:62212 - R:localhost/127.0.0.1:58257]' for 'GET' to 'http://localhost:58257/session/a7abbb4f659d6f108e6bcd71b207534b/url'
16:37:37.618 [Forwarding getCurrentUrl on session a7abbb4f659d6f108e6bcd71b207534b to remote] DEBUG org.asynchttpclient.netty.request.NettyRequestSender - Using open Channel [id: 0xa5ec0c42, L:/127.0.0.1:62212 - R:localhost/127.0.0.1:58257] for GET '/session/a7abbb4f659d6f108e6bcd71b207534b/url'
16:37:37.730 [AsyncHttpClient-1-2] DEBUG org.asynchttpclient.netty.handler.HttpHandler - 

Request DefaultFullHttpRequest(decodeResult: success, version: HTTP/1.1, content: EmptyByteBufBE)
GET /session/a7abbb4f659d6f108e6bcd71b207534b/url HTTP/1.1
User-Agent: selenium/4.1.2 (java windows)
Cache-Control: no-cache
Content-Type: application/json; charset=utf-8
host: localhost:58257
accept: */*

Response DefaultHttpResponse(decodeResult: success, version: HTTP/1.1)
HTTP/1.1 200 OK
Content-Type: application/json; charset=utf-8
cache-control: no-cache
content-length: 49

16:37:37.731 [AsyncHttpClient-1-2] DEBUG org.asynchttpclient.netty.channel.ChannelManager - Adding key: http://localhost:58257 for channel [id: 0xa5ec0c42, L:/127.0.0.1:62212 - R:localhost/127.0.0.1:58257]
16:37:37.769 [main] DEBUG net.serenitybdd.core.photography.Darkroom - Opening darkroom
16:37:37.770 [Darkroom Processing Line] DEBUG net.serenitybdd.core.photography.DarkroomProcessingLine - Darkroom processing line starting up
16:37:37.771 [Forwarding screenshot on session a7abbb4f659d6f108e6bcd71b207534b to remote] DEBUG org.asynchttpclient.netty.request.NettyRequestSender - Using pooled Channel '[id: 0xa5ec0c42, L:/127.0.0.1:62212 - R:localhost/127.0.0.1:58257]' for 'GET' to 'http://localhost:58257/session/a7abbb4f659d6f108e6bcd71b207534b/screenshot'
16:37:37.771 [Forwarding screenshot on session a7abbb4f659d6f108e6bcd71b207534b to remote] DEBUG org.asynchttpclient.netty.request.NettyRequestSender - Using open Channel [id: 0xa5ec0c42, L:/127.0.0.1:62212 - R:localhost/127.0.0.1:58257] for GET '/session/a7abbb4f659d6f108e6bcd71b207534b/screenshot'
16:37:38.249 [AsyncHttpClient-1-2] DEBUG org.asynchttpclient.netty.handler.HttpHandler - 

Request DefaultFullHttpRequest(decodeResult: success, version: HTTP/1.1, content: EmptyByteBufBE)
GET /session/a7abbb4f659d6f108e6bcd71b207534b/screenshot HTTP/1.1
User-Agent: selenium/4.1.2 (java windows)
Cache-Control: no-cache
Content-Type: application/json; charset=utf-8
host: localhost:58257
accept: */*

Response DefaultHttpResponse(decodeResult: success, version: HTTP/1.1)
HTTP/1.1 200 OK
Content-Type: application/json; charset=utf-8
cache-control: no-cache
content-length: 385372

16:37:38.258 [AsyncHttpClient-1-2] DEBUG org.asynchttpclient.netty.channel.ChannelManager - Adding key: http://localhost:58257 for channel [id: 0xa5ec0c42, L:/127.0.0.1:62212 - R:localhost/127.0.0.1:58257]
16:37:38.593 [AsyncHttpClient-1-1] DEBUG org.asynchttpclient.netty.channel.DefaultChannelPool - Entry count for : http://localhost:58257 : 1
16:37:38.593 [AsyncHttpClient-1-1] DEBUG org.asynchttpclient.netty.channel.DefaultChannelPool - Entry count for : http://localhost:62218 : 1
16:37:39.693 [AsyncHttpClient-1-1] DEBUG org.asynchttpclient.netty.channel.DefaultChannelPool - Entry count for : http://localhost:58257 : 1
16:37:39.693 [AsyncHttpClient-1-1] DEBUG org.asynchttpclient.netty.channel.DefaultChannelPool - Entry count for : http://localhost:62218 : 1
16:37:40.793 [AsyncHttpClient-1-1] DEBUG org.asynchttpclient.netty.channel.DefaultChannelPool - Entry count for : http://localhost:58257 : 1
16:37:40.793 [AsyncHttpClient-1-1] DEBUG org.asynchttpclient.netty.channel.DefaultChannelPool - Entry count for : http://localhost:62218 : 1
16:37:41.891 [AsyncHttpClient-1-1] DEBUG org.asynchttpclient.netty.channel.DefaultChannelPool - Entry count for : http://localhost:58257 : 1
16:37:41.891 [AsyncHttpClient-1-1] DEBUG org.asynchttpclient.netty.channel.DefaultChannelPool - Entry count for : http://localhost:62218 : 1
16:37:42.835 [main] DEBUG net.serenitybdd.core.photography.Darkroom - Send negative for processing for target\site\serenity\53e9f75c3cf4d80207349f9ca0712530a466e6460bac90b90cee3054219f039a.png
16:37:42.840 [Darkroom Processing Line] DEBUG net.serenitybdd.core.photography.DarkroomProcessingLine - Processing screenshot image in /var/screenshots/screenshot-4845782675119200479
16:37:42.840 [Darkroom Processing Line] DEBUG net.serenitybdd.core.photography.DarkroomProcessingLine - Saving screenshot to target\site\serenity\53e9f75c3cf4d80207349f9ca0712530a466e6460bac90b90cee3054219f039a.png
16:37:42.992 [AsyncHttpClient-1-1] DEBUG org.asynchttpclient.netty.channel.DefaultChannelPool - Entry count for : http://localhost:58257 : 1
16:37:42.992 [AsyncHttpClient-1-1] DEBUG org.asynchttpclient.netty.channel.DefaultChannelPool - Entry count for : http://localhost:62218 : 1
16:37:43.156 [main] DEBUG net.thucydides.core.steps.StepInterceptor - STEP DONE: openUrl
16:37:43.209 [Forwarding screenshot on session a7abbb4f659d6f108e6bcd71b207534b to remote] DEBUG org.asynchttpclient.netty.request.NettyRequestSender - Using pooled Channel '[id: 0xa5ec0c42, L:/127.0.0.1:62212 - R:localhost/127.0.0.1:58257]' for 'GET' to 'http://localhost:58257/session/a7abbb4f659d6f108e6bcd71b207534b/screenshot'
16:37:43.209 [Forwarding screenshot on session a7abbb4f659d6f108e6bcd71b207534b to remote] DEBUG org.asynchttpclient.netty.request.NettyRequestSender - Using open Channel [id: 0xa5ec0c42, L:/127.0.0.1:62212 - R:localhost/127.0.0.1:58257] for GET '/session/a7abbb4f659d6f108e6bcd71b207534b/screenshot'
16:37:43.460 [AsyncHttpClient-1-2] DEBUG org.asynchttpclient.netty.handler.HttpHandler - 

Request DefaultFullHttpRequest(decodeResult: success, version: HTTP/1.1, content: EmptyByteBufBE)
GET /session/a7abbb4f659d6f108e6bcd71b207534b/screenshot HTTP/1.1
User-Agent: selenium/4.1.2 (java windows)
Cache-Control: no-cache
Content-Type: application/json; charset=utf-8
host: localhost:58257
accept: */*

Response DefaultHttpResponse(decodeResult: success, version: HTTP/1.1)
HTTP/1.1 200 OK
Content-Type: application/json; charset=utf-8
cache-control: no-cache
content-length: 385372

16:37:43.466 [AsyncHttpClient-1-2] DEBUG org.asynchttpclient.netty.channel.ChannelManager - Adding key: http://localhost:58257 for channel [id: 0xa5ec0c42, L:/127.0.0.1:62212 - R:localhost/127.0.0.1:58257]
16:37:43.492 [main] DEBUG net.serenitybdd.core.photography.Darkroom - Send negative for processing for target\site\serenity\53e9f75c3cf4d80207349f9ca0712530a466e6460bac90b90cee3054219f039a.png
16:37:43.494 [main] DEBUG net.thucydides.core.steps.StepInterceptor - STARTING STEP: DashboardSteps.iAmOnTheDashboardPage - validateOnDashboardPage
16:37:43.502 [Forwarding findElement on session a7abbb4f659d6f108e6bcd71b207534b to remote] DEBUG org.asynchttpclient.netty.request.NettyRequestSender - Using pooled Channel '[id: 0xa5ec0c42, L:/127.0.0.1:62212 - R:localhost/127.0.0.1:58257]' for 'POST' to 'http://localhost:58257/session/a7abbb4f659d6f108e6bcd71b207534b/element'
16:37:43.502 [Forwarding findElement on session a7abbb4f659d6f108e6bcd71b207534b to remote] DEBUG org.asynchttpclient.netty.request.NettyRequestSender - Using open Channel [id: 0xa5ec0c42, L:/127.0.0.1:62212 - R:localhost/127.0.0.1:58257] for POST '/session/a7abbb4f659d6f108e6bcd71b207534b/element'
16:37:44.091 [AsyncHttpClient-1-1] DEBUG org.asynchttpclient.netty.channel.DefaultChannelPool - Entry count for : http://localhost:62218 : 1
16:37:44.615 [AsyncHttpClient-1-2] DEBUG org.asynchttpclient.netty.handler.HttpHandler - 

Request DefaultHttpRequest(decodeResult: success, version: HTTP/1.1)
POST /session/a7abbb4f659d6f108e6bcd71b207534b/element HTTP/1.1
User-Agent: selenium/4.1.2 (java windows)
Content-Length: 105
Content-Type: application/json; charset=utf-8
host: localhost:58257
accept: */*

Response DefaultHttpResponse(decodeResult: success, version: HTTP/1.1)
HTTP/1.1 200 OK
Content-Type: application/json; charset=utf-8
cache-control: no-cache
content-length: 88

16:37:44.616 [AsyncHttpClient-1-2] DEBUG org.asynchttpclient.netty.channel.ChannelManager - Adding key: http://localhost:58257 for channel [id: 0xa5ec0c42, L:/127.0.0.1:62212 - R:localhost/127.0.0.1:58257]
16:37:44.644 [Forwarding isElementDisplayed on session a7abbb4f659d6f108e6bcd71b207534b to remote] DEBUG org.asynchttpclient.netty.request.NettyRequestSender - Using pooled Channel '[id: 0xa5ec0c42, L:/127.0.0.1:62212 - R:localhost/127.0.0.1:58257]' for 'POST' to 'http://localhost:58257/session/a7abbb4f659d6f108e6bcd71b207534b/execute/sync'
16:37:44.644 [Forwarding isElementDisplayed on session a7abbb4f659d6f108e6bcd71b207534b to remote] DEBUG org.asynchttpclient.netty.request.NettyRequestSender - Using open Channel [id: 0xa5ec0c42, L:/127.0.0.1:62212 - R:localhost/127.0.0.1:58257] for POST '/session/a7abbb4f659d6f108e6bcd71b207534b/execute/sync'
16:37:44.724 [AsyncHttpClient-1-2] DEBUG org.asynchttpclient.netty.handler.HttpHandler - 

Request DefaultHttpRequest(decodeResult: success, version: HTTP/1.1)
POST /session/a7abbb4f659d6f108e6bcd71b207534b/execute/sync HTTP/1.1
User-Agent: selenium/4.1.2 (java windows)
Content-Length: 48780
Content-Type: application/json; charset=utf-8
host: localhost:58257
accept: */*

Response DefaultHttpResponse(decodeResult: success, version: HTTP/1.1)
HTTP/1.1 200 OK
Content-Type: application/json; charset=utf-8
cache-control: no-cache
content-length: 14

16:37:44.725 [AsyncHttpClient-1-2] DEBUG org.asynchttpclient.netty.channel.ChannelManager - Adding key: http://localhost:58257 for channel [id: 0xa5ec0c42, L:/127.0.0.1:62212 - R:localhost/127.0.0.1:58257]
16:37:44.734 [Forwarding screenshot on session a7abbb4f659d6f108e6bcd71b207534b to remote] DEBUG org.asynchttpclient.netty.request.NettyRequestSender - Using pooled Channel '[id: 0xa5ec0c42, L:/127.0.0.1:62212 - R:localhost/127.0.0.1:58257]' for 'GET' to 'http://localhost:58257/session/a7abbb4f659d6f108e6bcd71b207534b/screenshot'
16:37:44.734 [Forwarding screenshot on session a7abbb4f659d6f108e6bcd71b207534b to remote] DEBUG org.asynchttpclient.netty.request.NettyRequestSender - Using open Channel [id: 0xa5ec0c42, L:/127.0.0.1:62212 - R:localhost/127.0.0.1:58257] for GET '/session/a7abbb4f659d6f108e6bcd71b207534b/screenshot'
16:37:44.989 [AsyncHttpClient-1-2] DEBUG org.asynchttpclient.netty.handler.HttpHandler - 

Request DefaultFullHttpRequest(decodeResult: success, version: HTTP/1.1, content: EmptyByteBufBE)
GET /session/a7abbb4f659d6f108e6bcd71b207534b/screenshot HTTP/1.1
User-Agent: selenium/4.1.2 (java windows)
Cache-Control: no-cache
Content-Type: application/json; charset=utf-8
host: localhost:58257
accept: */*

Response DefaultHttpResponse(decodeResult: success, version: HTTP/1.1)
HTTP/1.1 200 OK
Content-Type: application/json; charset=utf-8
cache-control: no-cache
content-length: 385372

16:37:44.996 [AsyncHttpClient-1-2] DEBUG org.asynchttpclient.netty.channel.ChannelManager - Adding key: http://localhost:58257 for channel [id: 0xa5ec0c42, L:/127.0.0.1:62212 - R:localhost/127.0.0.1:58257]
16:37:45.019 [main] DEBUG net.serenitybdd.core.photography.Darkroom - Send negative for processing for target\site\serenity\53e9f75c3cf4d80207349f9ca0712530a466e6460bac90b90cee3054219f039a.png
16:37:45.020 [main] DEBUG net.thucydides.core.steps.StepInterceptor - STEP DONE: validateOnDashboardPage
  &amp#27;[32mGiven &amp#27;[0m&amp#27;[32mI am on the dashboard page&amp#27;[0m &amp#27;[90m# starter.stepdefinitions.DashboardSteps.iAmOnTheDashboardPage()&amp#27;[0m
16:37:45.096 [Forwarding screenshot on session a7abbb4f659d6f108e6bcd71b207534b to remote] DEBUG org.asynchttpclient.netty.request.NettyRequestSender - Using pooled Channel '[id: 0xa5ec0c42, L:/127.0.0.1:62212 - R:localhost/127.0.0.1:58257]' for 'GET' to 'http://localhost:58257/session/a7abbb4f659d6f108e6bcd71b207534b/screenshot'
16:37:45.096 [Forwarding screenshot on session a7abbb4f659d6f108e6bcd71b207534b to remote] DEBUG org.asynchttpclient.netty.request.NettyRequestSender - Using open Channel [id: 0xa5ec0c42, L:/127.0.0.1:62212 - R:localhost/127.0.0.1:58257] for GET '/session/a7abbb4f659d6f108e6bcd71b207534b/screenshot'
16:37:45.191 [AsyncHttpClient-1-1] DEBUG org.asynchttpclient.netty.channel.DefaultChannelPool - Entry count for : http://localhost:62218 : 1
16:37:45.383 [AsyncHttpClient-1-2] DEBUG org.asynchttpclient.netty.handler.HttpHandler - 

Request DefaultFullHttpRequest(decodeResult: success, version: HTTP/1.1, content: EmptyByteBufBE)
GET /session/a7abbb4f659d6f108e6bcd71b207534b/screenshot HTTP/1.1
User-Agent: selenium/4.1.2 (java windows)
Cache-Control: no-cache
Content-Type: application/json; charset=utf-8
host: localhost:58257
accept: */*

Response DefaultHttpResponse(decodeResult: success, version: HTTP/1.1)
HTTP/1.1 200 OK
Content-Type: application/json; charset=utf-8
cache-control: no-cache
content-length: 385372

16:37:45.391 [AsyncHttpClient-1-2] DEBUG org.asynchttpclient.netty.channel.ChannelManager - Adding key: http://localhost:58257 for channel [id: 0xa5ec0c42, L:/127.0.0.1:62212 - R:localhost/127.0.0.1:58257]
16:37:45.418 [main] DEBUG net.serenitybdd.core.photography.Darkroom - Send negative for processing for target\site\serenity\53e9f75c3cf4d80207349f9ca0712530a466e6460bac90b90cee3054219f039a.png
16:37:45.446 [main] DEBUG net.thucydides.core.steps.StepInterceptor - STARTING STEP: DashboardSteps.iClickEditButton - clickEditButton
16:37:45.458 [Forwarding findElement on session a7abbb4f659d6f108e6bcd71b207534b to remote] DEBUG org.asynchttpclient.netty.request.NettyRequestSender - Using pooled Channel '[id: 0xa5ec0c42, L:/127.0.0.1:62212 - R:localhost/127.0.0.1:58257]' for 'POST' to 'http://localhost:58257/session/a7abbb4f659d6f108e6bcd71b207534b/element'
16:37:45.458 [Forwarding findElement on session a7abbb4f659d6f108e6bcd71b207534b to remote] DEBUG org.asynchttpclient.netty.request.NettyRequestSender - Using open Channel [id: 0xa5ec0c42, L:/127.0.0.1:62212 - R:localhost/127.0.0.1:58257] for POST '/session/a7abbb4f659d6f108e6bcd71b207534b/element'
16:37:45.475 [AsyncHttpClient-1-2] DEBUG org.asynchttpclient.netty.handler.HttpHandler - 

Request DefaultHttpRequest(decodeResult: success, version: HTTP/1.1)
POST /session/a7abbb4f659d6f108e6bcd71b207534b/element HTTP/1.1
User-Agent: selenium/4.1.2 (java windows)
Content-Length: 177
Content-Type: application/json; charset=utf-8
host: localhost:58257
accept: */*

Response DefaultHttpResponse(decodeResult: success, version: HTTP/1.1)
HTTP/1.1 200 OK
Content-Type: application/json; charset=utf-8
cache-control: no-cache
content-length: 88

16:37:45.475 [AsyncHttpClient-1-2] DEBUG org.asynchttpclient.netty.channel.ChannelManager - Adding key: http://localhost:58257 for channel [id: 0xa5ec0c42, L:/127.0.0.1:62212 - R:localhost/127.0.0.1:58257]
16:37:45.479 [Forwarding getElementTagName on session a7abbb4f659d6f108e6bcd71b207534b to remote] DEBUG org.asynchttpclient.netty.request.NettyRequestSender - Using pooled Channel '[id: 0xa5ec0c42, L:/127.0.0.1:62212 - R:localhost/127.0.0.1:58257]' for 'GET' to 'http://localhost:58257/session/a7abbb4f659d6f108e6bcd71b207534b/element/99abe824-5a3a-477d-b928-4fc5b19d5cb4/name'
16:37:45.479 [Forwarding getElementTagName on session a7abbb4f659d6f108e6bcd71b207534b to remote] DEBUG org.asynchttpclient.netty.request.NettyRequestSender - Using open Channel [id: 0xa5ec0c42, L:/127.0.0.1:62212 - R:localhost/127.0.0.1:58257] for GET '/session/a7abbb4f659d6f108e6bcd71b207534b/element/99abe824-5a3a-477d-b928-4fc5b19d5cb4/name'
16:37:45.487 [AsyncHttpClient-1-2] DEBUG org.asynchttpclient.netty.handler.HttpHandler - 

Request DefaultFullHttpRequest(decodeResult: success, version: HTTP/1.1, content: EmptyByteBufBE)
GET /session/a7abbb4f659d6f108e6bcd71b207534b/element/99abe824-5a3a-477d-b928-4fc5b19d5cb4/name HTTP/1.1
User-Agent: selenium/4.1.2 (java windows)
Cache-Control: no-cache
Content-Type: application/json; charset=utf-8
host: localhost:58257
accept: */*

Response DefaultHttpResponse(decodeResult: success, version: HTTP/1.1)
HTTP/1.1 200 OK
Content-Type: application/json; charset=utf-8
cache-control: no-cache
content-length: 18

16:37:45.487 [AsyncHttpClient-1-2] DEBUG org.asynchttpclient.netty.channel.ChannelManager - Adding key: http://localhost:58257 for channel [id: 0xa5ec0c42, L:/127.0.0.1:62212 - R:localhost/127.0.0.1:58257]
16:37:45.491 [Forwarding getElementTagName on session a7abbb4f659d6f108e6bcd71b207534b to remote] DEBUG org.asynchttpclient.netty.request.NettyRequestSender - Using pooled Channel '[id: 0xa5ec0c42, L:/127.0.0.1:62212 - R:localhost/127.0.0.1:58257]' for 'GET' to 'http://localhost:58257/session/a7abbb4f659d6f108e6bcd71b207534b/element/99abe824-5a3a-477d-b928-4fc5b19d5cb4/name'
16:37:45.492 [Forwarding getElementTagName on session a7abbb4f659d6f108e6bcd71b207534b to remote] DEBUG org.asynchttpclient.netty.request.NettyRequestSender - Using open Channel [id: 0xa5ec0c42, L:/127.0.0.1:62212 - R:localhost/127.0.0.1:58257] for GET '/session/a7abbb4f659d6f108e6bcd71b207534b/element/99abe824-5a3a-477d-b928-4fc5b19d5cb4/name'
16:37:45.498 [AsyncHttpClient-1-2] DEBUG org.asynchttpclient.netty.handler.HttpHandler - 

Request DefaultFullHttpRequest(decodeResult: success, version: HTTP/1.1, content: EmptyByteBufBE)
GET /session/a7abbb4f659d6f108e6bcd71b207534b/element/99abe824-5a3a-477d-b928-4fc5b19d5cb4/name HTTP/1.1
User-Agent: selenium/4.1.2 (java windows)
Cache-Control: no-cache
Content-Type: application/json; charset=utf-8
host: localhost:58257
accept: */*

Response DefaultHttpResponse(decodeResult: success, version: HTTP/1.1)
HTTP/1.1 200 OK
Content-Type: application/json; charset=utf-8
cache-control: no-cache
content-length: 18

16:37:45.498 [AsyncHttpClient-1-2] DEBUG org.asynchttpclient.netty.channel.ChannelManager - Adding key: http://localhost:58257 for channel [id: 0xa5ec0c42, L:/127.0.0.1:62212 - R:localhost/127.0.0.1:58257]
16:37:45.506 [Forwarding isElementEnabled on session a7abbb4f659d6f108e6bcd71b207534b to remote] DEBUG org.asynchttpclient.netty.request.NettyRequestSender - Using pooled Channel '[id: 0xa5ec0c42, L:/127.0.0.1:62212 - R:localhost/127.0.0.1:58257]' for 'GET' to 'http://localhost:58257/session/a7abbb4f659d6f108e6bcd71b207534b/element/99abe824-5a3a-477d-b928-4fc5b19d5cb4/enabled'
16:37:45.507 [Forwarding isElementEnabled on session a7abbb4f659d6f108e6bcd71b207534b to remote] DEBUG org.asynchttpclient.netty.request.NettyRequestSender - Using open Channel [id: 0xa5ec0c42, L:/127.0.0.1:62212 - R:localhost/127.0.0.1:58257] for GET '/session/a7abbb4f659d6f108e6bcd71b207534b/element/99abe824-5a3a-477d-b928-4fc5b19d5cb4/enabled'
16:37:46.057 [AsyncHttpClient-1-2] DEBUG org.asynchttpclient.netty.handler.HttpHandler - 

Request DefaultFullHttpRequest(decodeResult: success, version: HTTP/1.1, content: EmptyByteBufBE)
GET /session/a7abbb4f659d6f108e6bcd71b207534b/element/99abe824-5a3a-477d-b928-4fc5b19d5cb4/enabled HTTP/1.1
User-Agent: selenium/4.1.2 (java windows)
Cache-Control: no-cache
Content-Type: application/json; charset=utf-8
host: localhost:58257
accept: */*

Response DefaultHttpResponse(decodeResult: success, version: HTTP/1.1)
HTTP/1.1 200 OK
Content-Type: application/json; charset=utf-8
cache-control: no-cache
content-length: 14

16:37:46.057 [AsyncHttpClient-1-2] DEBUG org.asynchttpclient.netty.channel.ChannelManager - Adding key: http://localhost:58257 for channel [id: 0xa5ec0c42, L:/127.0.0.1:62212 - R:localhost/127.0.0.1:58257]
16:37:46.065 [Forwarding isElementEnabled on session a7abbb4f659d6f108e6bcd71b207534b to remote] DEBUG org.asynchttpclient.netty.request.NettyRequestSender - Using pooled Channel '[id: 0xa5ec0c42, L:/127.0.0.1:62212 - R:localhost/127.0.0.1:58257]' for 'GET' to 'http://localhost:58257/session/a7abbb4f659d6f108e6bcd71b207534b/element/99abe824-5a3a-477d-b928-4fc5b19d5cb4/enabled'
16:37:46.065 [Forwarding isElementEnabled on session a7abbb4f659d6f108e6bcd71b207534b to remote] DEBUG org.asynchttpclient.netty.request.NettyRequestSender - Using open Channel [id: 0xa5ec0c42, L:/127.0.0.1:62212 - R:localhost/127.0.0.1:58257] for GET '/session/a7abbb4f659d6f108e6bcd71b207534b/element/99abe824-5a3a-477d-b928-4fc5b19d5cb4/enabled'
16:37:46.082 [AsyncHttpClient-1-2] DEBUG org.asynchttpclient.netty.handler.HttpHandler - 

Request DefaultFullHttpRequest(decodeResult: success, version: HTTP/1.1, content: EmptyByteBufBE)
GET /session/a7abbb4f659d6f108e6bcd71b207534b/element/99abe824-5a3a-477d-b928-4fc5b19d5cb4/enabled HTTP/1.1
User-Agent: selenium/4.1.2 (java windows)
Cache-Control: no-cache
Content-Type: application/json; charset=utf-8
host: localhost:58257
accept: */*

Response DefaultHttpResponse(decodeResult: success, version: HTTP/1.1)
HTTP/1.1 200 OK
Content-Type: application/json; charset=utf-8
cache-control: no-cache
content-length: 14

16:37:46.083 [AsyncHttpClient-1-2] DEBUG org.asynchttpclient.netty.channel.ChannelManager - Adding key: http://localhost:58257 for channel [id: 0xa5ec0c42, L:/127.0.0.1:62212 - R:localhost/127.0.0.1:58257]
16:37:46.091 [Forwarding findElement on session a7abbb4f659d6f108e6bcd71b207534b to remote] DEBUG org.asynchttpclient.netty.request.NettyRequestSender - Using pooled Channel '[id: 0xa5ec0c42, L:/127.0.0.1:62212 - R:localhost/127.0.0.1:58257]' for 'POST' to 'http://localhost:58257/session/a7abbb4f659d6f108e6bcd71b207534b/element'
16:37:46.092 [Forwarding findElement on session a7abbb4f659d6f108e6bcd71b207534b to remote] DEBUG org.asynchttpclient.netty.request.NettyRequestSender - Using open Channel [id: 0xa5ec0c42, L:/127.0.0.1:62212 - R:localhost/127.0.0.1:58257] for POST '/session/a7abbb4f659d6f108e6bcd71b207534b/element'
16:37:46.123 [AsyncHttpClient-1-2] DEBUG org.asynchttpclient.netty.handler.HttpHandler - 

Request DefaultHttpRequest(decodeResult: success, version: HTTP/1.1)
POST /session/a7abbb4f659d6f108e6bcd71b207534b/element HTTP/1.1
User-Agent: selenium/4.1.2 (java windows)
Content-Length: 177
Content-Type: application/json; charset=utf-8
host: localhost:58257
accept: */*

Response DefaultHttpResponse(decodeResult: success, version: HTTP/1.1)
HTTP/1.1 200 OK
Content-Type: application/json; charset=utf-8
cache-control: no-cache
content-length: 88

16:37:46.124 [AsyncHttpClient-1-2] DEBUG org.asynchttpclient.netty.channel.ChannelManager - Adding key: http://localhost:58257 for channel [id: 0xa5ec0c42, L:/127.0.0.1:62212 - R:localhost/127.0.0.1:58257]
16:37:46.128 [Forwarding clickElement on session a7abbb4f659d6f108e6bcd71b207534b to remote] DEBUG org.asynchttpclient.netty.request.NettyRequestSender - Using pooled Channel '[id: 0xa5ec0c42, L:/127.0.0.1:62212 - R:localhost/127.0.0.1:58257]' for 'POST' to 'http://localhost:58257/session/a7abbb4f659d6f108e6bcd71b207534b/element/99abe824-5a3a-477d-b928-4fc5b19d5cb4/click'
16:37:46.128 [Forwarding clickElement on session a7abbb4f659d6f108e6bcd71b207534b to remote] DEBUG org.asynchttpclient.netty.request.NettyRequestSender - Using open Channel [id: 0xa5ec0c42, L:/127.0.0.1:62212 - R:localhost/127.0.0.1:58257] for POST '/session/a7abbb4f659d6f108e6bcd71b207534b/element/99abe824-5a3a-477d-b928-4fc5b19d5cb4/click'
16:37:46.292 [AsyncHttpClient-1-1] DEBUG org.asynchttpclient.netty.channel.DefaultChannelPool - Entry count for : http://localhost:62218 : 1
16:37:47.320 [AsyncHttpClient-1-2] DEBUG org.asynchttpclient.netty.handler.HttpHandler - 

Request DefaultHttpRequest(decodeResult: success, version: HTTP/1.1)
POST /session/a7abbb4f659d6f108e6bcd71b207534b/element/99abe824-5a3a-477d-b928-4fc5b19d5cb4/click HTTP/1.1
User-Agent: selenium/4.1.2 (java windows)
Content-Length: 50
Content-Type: application/json; charset=utf-8
host: localhost:58257
accept: */*

Response DefaultHttpResponse(decodeResult: success, version: HTTP/1.1)
HTTP/1.1 200 OK
Content-Type: application/json; charset=utf-8
cache-control: no-cache
content-length: 14

16:37:47.321 [AsyncHttpClient-1-2] DEBUG org.asynchttpclient.netty.channel.ChannelManager - Adding key: http://localhost:58257 for channel [id: 0xa5ec0c42, L:/127.0.0.1:62212 - R:localhost/127.0.0.1:58257]
16:37:47.342 [Forwarding screenshot on session a7abbb4f659d6f108e6bcd71b207534b to remote] DEBUG org.asynchttpclient.netty.request.NettyRequestSender - Using pooled Channel '[id: 0xa5ec0c42, L:/127.0.0.1:62212 - R:localhost/127.0.0.1:58257]' for 'GET' to 'http://localhost:58257/session/a7abbb4f659d6f108e6bcd71b207534b/screenshot'
16:37:47.342 [Forwarding screenshot on session a7abbb4f659d6f108e6bcd71b207534b to remote] DEBUG org.asynchttpclient.netty.request.NettyRequestSender - Using open Channel [id: 0xa5ec0c42, L:/127.0.0.1:62212 - R:localhost/127.0.0.1:58257] for GET '/session/a7abbb4f659d6f108e6bcd71b207534b/screenshot'
16:37:47.391 [AsyncHttpClient-1-1] DEBUG org.asynchttpclient.netty.channel.DefaultChannelPool - Entry count for : http://localhost:62218 : 1
16:37:47.643 [AsyncHttpClient-1-2] DEBUG org.asynchttpclient.netty.handler.HttpHandler - 

Request DefaultFullHttpRequest(decodeResult: success, version: HTTP/1.1, content: EmptyByteBufBE)
GET /session/a7abbb4f659d6f108e6bcd71b207534b/screenshot HTTP/1.1
User-Agent: selenium/4.1.2 (java windows)
Cache-Control: no-cache
Content-Type: application/json; charset=utf-8
host: localhost:58257
accept: */*

Response DefaultHttpResponse(decodeResult: success, version: HTTP/1.1)
HTTP/1.1 200 OK
Content-Type: application/json; charset=utf-8
cache-control: no-cache
content-length: 340200

16:37:47.647 [AsyncHttpClient-1-2] DEBUG org.asynchttpclient.netty.channel.ChannelManager - Adding key: http://localhost:58257 for channel [id: 0xa5ec0c42, L:/127.0.0.1:62212 - R:localhost/127.0.0.1:58257]
16:37:47.674 [main] DEBUG net.serenitybdd.core.photography.Darkroom - Send negative for processing for target\site\serenity\0235ce387eeba13792b19a253031f2feb502e289d66a9d41425f3adf9650b800.png
16:37:47.675 [main] DEBUG net.thucydides.core.steps.StepInterceptor - STEP DONE: clickEditButton
16:37:47.675 [Darkroom Processing Line] DEBUG net.serenitybdd.core.photography.DarkroomProcessingLine - Processing screenshot image in /var/screenshots/screenshot-8574232524574366031
16:37:47.675 [Darkroom Processing Line] DEBUG net.serenitybdd.core.photography.DarkroomProcessingLine - Saving screenshot to target\site\serenity\0235ce387eeba13792b19a253031f2feb502e289d66a9d41425f3adf9650b800.png
  &amp#27;[32mWhen &amp#27;[0m&amp#27;[32mI click edit button&amp#27;[0m         &amp#27;[90m# starter.stepdefinitions.DashboardSteps.iClickEditButton()&amp#27;[0m
16:37:47.712 [main] DEBUG net.thucydides.core.steps.StepInterceptor - STARTING STEP: DashboardSteps.iGetTheResult - editPopUpAppears
16:37:47.723 [Forwarding findElement on session a7abbb4f659d6f108e6bcd71b207534b to remote] DEBUG org.asynchttpclient.netty.request.NettyRequestSender - Using pooled Channel '[id: 0xa5ec0c42, L:/127.0.0.1:62212 - R:localhost/127.0.0.1:58257]' for 'POST' to 'http://localhost:58257/session/a7abbb4f659d6f108e6bcd71b207534b/element'
16:37:47.723 [Forwarding findElement on session a7abbb4f659d6f108e6bcd71b207534b to remote] DEBUG org.asynchttpclient.netty.request.NettyRequestSender - Using open Channel [id: 0xa5ec0c42, L:/127.0.0.1:62212 - R:localhost/127.0.0.1:58257] for POST '/session/a7abbb4f659d6f108e6bcd71b207534b/element'
16:37:47.750 [AsyncHttpClient-1-2] DEBUG org.asynchttpclient.netty.handler.HttpHandler - 

Request DefaultHttpRequest(decodeResult: success, version: HTTP/1.1)
POST /session/a7abbb4f659d6f108e6bcd71b207534b/element HTTP/1.1
User-Agent: selenium/4.1.2 (java windows)
Content-Length: 65
Content-Type: application/json; charset=utf-8
host: localhost:58257
accept: */*

Response DefaultHttpResponse(decodeResult: success, version: HTTP/1.1)
HTTP/1.1 200 OK
Content-Type: application/json; charset=utf-8
cache-control: no-cache
content-length: 88

16:37:47.750 [AsyncHttpClient-1-2] DEBUG org.asynchttpclient.netty.channel.ChannelManager - Adding key: http://localhost:58257 for channel [id: 0xa5ec0c42, L:/127.0.0.1:62212 - R:localhost/127.0.0.1:58257]
16:37:47.758 [Forwarding isElementDisplayed on session a7abbb4f659d6f108e6bcd71b207534b to remote] DEBUG org.asynchttpclient.netty.request.NettyRequestSender - Using pooled Channel '[id: 0xa5ec0c42, L:/127.0.0.1:62212 - R:localhost/127.0.0.1:58257]' for 'POST' to 'http://localhost:58257/session/a7abbb4f659d6f108e6bcd71b207534b/execute/sync'
16:37:47.759 [Forwarding isElementDisplayed on session a7abbb4f659d6f108e6bcd71b207534b to remote] DEBUG org.asynchttpclient.netty.request.NettyRequestSender - Using open Channel [id: 0xa5ec0c42, L:/127.0.0.1:62212 - R:localhost/127.0.0.1:58257] for POST '/session/a7abbb4f659d6f108e6bcd71b207534b/execute/sync'
16:37:47.796 [AsyncHttpClient-1-2] DEBUG org.asynchttpclient.netty.handler.HttpHandler - 

Request DefaultHttpRequest(decodeResult: success, version: HTTP/1.1)
POST /session/a7abbb4f659d6f108e6bcd71b207534b/execute/sync HTTP/1.1
User-Agent: selenium/4.1.2 (java windows)
Content-Length: 48780
Content-Type: application/json; charset=utf-8
host: localhost:58257
accept: */*

Response DefaultHttpResponse(decodeResult: success, version: HTTP/1.1)
HTTP/1.1 200 OK
Content-Type: application/json; charset=utf-8
cache-control: no-cache
content-length: 14

16:37:47.796 [AsyncHttpClient-1-2] DEBUG org.asynchttpclient.netty.channel.ChannelManager - Adding key: http://localhost:58257 for channel [id: 0xa5ec0c42, L:/127.0.0.1:62212 - R:localhost/127.0.0.1:58257]
16:37:47.810 [Forwarding screenshot on session a7abbb4f659d6f108e6bcd71b207534b to remote] DEBUG org.asynchttpclient.netty.request.NettyRequestSender - Using pooled Channel '[id: 0xa5ec0c42, L:/127.0.0.1:62212 - R:localhost/127.0.0.1:58257]' for 'GET' to 'http://localhost:58257/session/a7abbb4f659d6f108e6bcd71b207534b/screenshot'
16:37:47.810 [Forwarding screenshot on session a7abbb4f659d6f108e6bcd71b207534b to remote] DEBUG org.asynchttpclient.netty.request.NettyRequestSender - Using open Channel [id: 0xa5ec0c42, L:/127.0.0.1:62212 - R:localhost/127.0.0.1:58257] for GET '/session/a7abbb4f659d6f108e6bcd71b207534b/screenshot'
16:37:48.065 [AsyncHttpClient-1-2] DEBUG org.asynchttpclient.netty.handler.HttpHandler - 

Request DefaultFullHttpRequest(decodeResult: success, version: HTTP/1.1, content: EmptyByteBufBE)
GET /session/a7abbb4f659d6f108e6bcd71b207534b/screenshot HTTP/1.1
User-Agent: selenium/4.1.2 (java windows)
Cache-Control: no-cache
Content-Type: application/json; charset=utf-8
host: localhost:58257
accept: */*

Response DefaultHttpResponse(decodeResult: success, version: HTTP/1.1)
HTTP/1.1 200 OK
Content-Type: application/json; charset=utf-8
cache-control: no-cache
content-length: 284060

16:37:48.069 [AsyncHttpClient-1-2] DEBUG org.asynchttpclient.netty.channel.ChannelManager - Adding key: http://localhost:58257 for channel [id: 0xa5ec0c42, L:/127.0.0.1:62212 - R:localhost/127.0.0.1:58257]
16:37:48.115 [main] DEBUG net.serenitybdd.core.photography.Darkroom - Send negative for processing for target\site\serenity\267d2208d6e2fec71b0ca671517c13eb1ee6429bbb07300babb4032bbf670206.png
16:37:48.115 [main] DEBUG net.thucydides.core.steps.StepInterceptor - STEP DONE: editPopUpAppears
  &amp#27;[32mThen &amp#27;[0m&amp#27;[32mI get the result&amp#27;[0m            &amp#27;[90m# starter.stepdefinitions.DashboardSteps.iGetTheResult()&amp#27;[0m
16:37:48.115 [Darkroom Processing Line] DEBUG net.serenitybdd.core.photography.DarkroomProcessingLine - Processing screenshot image in /var/screenshots/screenshot-17128067443575781343
16:37:48.116 [Darkroom Processing Line] DEBUG net.serenitybdd.core.photography.DarkroomProcessingLine - Saving screenshot to target\site\serenity\267d2208d6e2fec71b0ca671517c13eb1ee6429bbb07300babb4032bbf670206.png
16:37:48.131 [main] INFO  - 
  _____   ___   ___   _____     ___     _     ___   ___   ___   ___  
 |_   _| | __| / __| |_   _|   | _ \   /_\   / __| / __| | __| |   \ 
   | |   | _|  \__ \   | |     |  _/  / _ \  \__ \ \__ \ | _|  | |) |
   |_|   |___| |___/   |_|     |_|   /_/ \_\ |___/ |___/ |___| |___/ 

Edit scenario
----------------------------------------------------------------------
16:37:48.329 [Driver Command Executor] DEBUG org.asynchttpclient.netty.request.NettyRequestSender - Using pooled Channel '[id: 0xa5ec0c42, L:/127.0.0.1:62212 - R:localhost/127.0.0.1:58257]' for 'DELETE' to 'http://localhost:58257/session/a7abbb4f659d6f108e6bcd71b207534b'
16:37:48.330 [Driver Command Executor] DEBUG org.asynchttpclient.netty.request.NettyRequestSender - Using open Channel [id: 0xa5ec0c42, L:/127.0.0.1:62212 - R:localhost/127.0.0.1:58257] for DELETE '/session/a7abbb4f659d6f108e6bcd71b207534b'
16:37:48.331 [AsyncHttpClient-1-4] DEBUG org.asynchttpclient.netty.handler.WebSocketHandler - Channel Closed: [id: 0xaed044d1, L:/127.0.0.1:62231 ! R:localhost/127.0.0.1:62218] with attribute NettyResponseFuture{currentRetry=5,
	isDone=1,
	isCancelled=0,
	asyncHandler=org.asynchttpclient.ws.WebSocketUpgradeHandler@17c34359,
	nettyRequest=org.asynchttpclient.netty.request.NettyRequest@7338117c,
	future=java.util.concurrent.CompletableFuture@70c0fdd1[Completed normally],
	uri=ws://localhost:62218/devtools/browser/83e48d1e-b388-4eef-9f35-87cffa230c8f,
	keepAlive=true,
	redirectCount=0,
	timeoutsHolder=null,
	inAuth=0,
	touch=1654594643834}
16:37:48.332 [AsyncHttpClient-1-4] DEBUG org.asynchttpclient.netty.channel.ChannelManager - Closing Channel [id: 0xaed044d1, L:/127.0.0.1:62231 ! R:localhost/127.0.0.1:62218] 
16:37:48.454 [AsyncHttpClient-1-3] DEBUG org.asynchttpclient.netty.handler.HttpHandler - Unexpected I/O exception on channel [id: 0x93e1c8c2, L:/127.0.0.1:62230 - R:localhost/127.0.0.1:62218]
java.net.SocketException: Connection reset
	at java.base/sun.nio.ch.SocketChannelImpl.throwConnectionReset(SocketChannelImpl.java:367)
	at java.base/sun.nio.ch.SocketChannelImpl.read(SocketChannelImpl.java:398)
	at io.netty.buffer.PooledByteBuf.setBytes(PooledByteBuf.java:258)
	at io.netty.buffer.AbstractByteBuf.writeBytes(AbstractByteBuf.java:1132)
	at io.netty.channel.socket.nio.NioSocketChannel.doReadBytes(NioSocketChannel.java:350)
	at io.netty.channel.nio.AbstractNioByteChannel$NioByteUnsafe.read(AbstractNioByteChannel.java:151)
	at io.netty.channel.nio.NioEventLoop.processSelectedKey(NioEventLoop.java:722)
	at io.netty.channel.nio.NioEventLoop.processSelectedKeysOptimized(NioEventLoop.java:658)
	at io.netty.channel.nio.NioEventLoop.processSelectedKeys(NioEventLoop.java:584)
	at io.netty.channel.nio.NioEventLoop.run(NioEventLoop.java:496)
	at io.netty.util.concurrent.SingleThreadEventExecutor$4.run(SingleThreadEventExecutor.java:986)
	at io.netty.util.internal.ThreadExecutorMap$2.run(ThreadExecutorMap.java:74)
	at io.netty.util.concurrent.FastThreadLocalRunnable.run(FastThreadLocalRunnable.java:30)
	at java.base/java.lang.Thread.run(Thread.java:832)
16:37:48.454 [AsyncHttpClient-1-3] DEBUG org.asynchttpclient.netty.channel.ChannelManager - Closing Channel [id: 0x93e1c8c2, L:/127.0.0.1:62230 - R:localhost/127.0.0.1:62218] 
16:37:48.456 [AsyncHttpClient-1-2] DEBUG org.asynchttpclient.netty.handler.HttpHandler - 

Request DefaultFullHttpRequest(decodeResult: success, version: HTTP/1.1, content: EmptyByteBufBE)
DELETE /session/a7abbb4f659d6f108e6bcd71b207534b HTTP/1.1
User-Agent: selenium/4.1.2 (java windows)
Content-Type: application/json; charset=utf-8
host: localhost:58257
accept: */*

Response DefaultHttpResponse(decodeResult: success, version: HTTP/1.1)
HTTP/1.1 200 OK
Content-Type: application/json; charset=utf-8
cache-control: no-cache
content-length: 14

16:37:48.456 [AsyncHttpClient-1-2] DEBUG org.asynchttpclient.netty.channel.ChannelManager - Adding key: http://localhost:58257 for channel [id: 0xa5ec0c42, L:/127.0.0.1:62212 - R:localhost/127.0.0.1:58257]
16:37:48.472 [AsyncHttpClient-1-3] DEBUG org.asynchttpclient.netty.handler.HttpHandler - Channel Closed: [id: 0x93e1c8c2, L:/127.0.0.1:62230 ! R:localhost/127.0.0.1:62218] with attribute DISCARD
16:37:48.498 [AsyncHttpClient-1-1] DEBUG org.asynchttpclient.netty.channel.DefaultChannelPool - Entry count for : http://localhost:58257 : 1
16:37:48.498 [AsyncHttpClient-1-1] DEBUG org.asynchttpclient.netty.channel.DefaultChannelPool - Entry count for : http://localhost:62218 : 1
16:37:48.498 [AsyncHttpClient-1-1] DEBUG org.asynchttpclient.netty.channel.DefaultChannelPool - Adding Candidate expired Channel [id: 0x93e1c8c2, L:/127.0.0.1:62230 ! R:localhost/127.0.0.1:62218] isIdleTimeoutExpired=false isRemotelyClosed=true isTtlExpired=false
16:37:48.498 [AsyncHttpClient-1-1] DEBUG org.asynchttpclient.netty.channel.DefaultChannelPool - Closing Idle Channel [id: 0x93e1c8c2, L:/127.0.0.1:62230 ! R:localhost/127.0.0.1:62218]
16:37:48.499 [AsyncHttpClient-1-1] DEBUG org.asynchttpclient.netty.channel.DefaultChannelPool - Closed 1 connections out of 2 in 1 ms
16:37:48.584 [AsyncHttpClient-1-2] DEBUG org.asynchttpclient.netty.handler.HttpHandler - Channel Closed: [id: 0xa5ec0c42, L:/127.0.0.1:62212 ! R:localhost/127.0.0.1:58257] with attribute DISCARD
]]></system-out>
    <system-err><![CDATA[Starting ChromeDriver 102.0.5005.61 (0e59bcc00cc4985ce39ad31c150065f159d95ad3-refs/branch-heads/5005@{#819}) on port 58257
Only local connections are allowed.
Please see https://chromedriver.chromium.org/security-considerations for suggestions on keeping ChromeDriver safe.
ChromeDriver was started successfully.
Jun 07, 2022 4:37:23 PM org.openqa.selenium.remote.ProtocolHandshake createSession
INFO: Detected dialect: W3C
Jun 07, 2022 4:37:23 PM org.openqa.selenium.devtools.CdpVersionFinder findNearestMatch
WARNING: Unable to find an exact match for CDP version 102, so returning the closest version found: a no-op implementation
Jun 07, 2022 4:37:23 PM org.openqa.selenium.devtools.CdpVersionFinder findNearestMatch
INFO: Unable to find CDP implementation matching 102.
Jun 07, 2022 4:37:23 PM org.openqa.selenium.chromium.ChromiumDriver lambda$new$3
WARNING: Unable to find version of CDP to use for . You may need to include a dependency on a specific version of the CDP using something similar to `org.seleniumhq.selenium:selenium-devtools-v86:4.1.2` where the version ("v86") matches the version of the chromium-based browser you're using and the version number of the artifact is the same as Selenium's.
]]></system-err>
  </testcase>
  <testcase name="Cancel Edit scenario" classname="Dashboard" time="47.616">
    <system-out><![CDATA[
@Dashboard
Scenario: Cancel Edit scenario     &amp#27;[90m# src/test/resources/features/Dashboard.feature:13&amp#27;[0m
16:37:49.158 [main] INFO io.cucumber.core.plugin.SerenityReporter - Running feature from file:///E:/My%20Documents/File%20Difa/TI%20Semester%206%20Kampus%20Merdeka%20Alterra/Tugas/CAPSTONE%20Project/Capstone-Project-Website/Capstone-Project-Website/src/test/resources/features/Dashboard.feature
16:37:49.163 [main] INFO  - 
  _____   ___   ___   _____     ___   _____     _     ___   _____   ___   ___  
 |_   _| | __| / __| |_   _|   / __| |_   _|   /_\   | _ \ |_   _| | __| |   \ 
   | |   | _|  \__ \   | |     \__ \   | |    / _ \  |   /   | |   | _|  | |) |
   |_|   |___| |___/   |_|     |___/   |_|   /_/ \_\ |_|_\   |_|   |___| |___/ 

Cancel Edit scenario(dashboard;cancel-edit-scenario)
--------------------------------------------------------------------------------
16:37:49.256 [main] DEBUG net.thucydides.core.steps.StepInterceptor - STARTING STEP: DashboardSteps.iAmOnTheDashboardPage - openUrl
16:37:49.259 [main] INFO net.serenitybdd.core.webdriver.driverproviders.ChromeDriverProvider - Using automatically driver download
16:37:49.498 [main] DEBUG io.github.bonigarcia.wdm.cache.ResolutionCache - Resolution chrome=102 in cache (valid until 17:27:55 07/06/2022 ICT)
16:37:49.511 [main] DEBUG io.github.bonigarcia.wdm.cache.ResolutionCache - Resolution chrome102=102.0.5005.61 in cache (valid until 15:18:17 08/06/2022 ICT)
16:37:49.519 [main] INFO io.github.bonigarcia.wdm.WebDriverManager - Using chromedriver 102.0.5005.61 (resolved driver for Chrome 102)
16:37:49.542 [main] DEBUG io.github.bonigarcia.wdm.WebDriverManager - Driver chromedriver 102.0.5005.61 found in cache
16:37:49.543 [main] INFO io.github.bonigarcia.wdm.WebDriverManager - Exporting webdriver.chrome.driver as C:\Users\USER\.cache\selenium\chromedriver\win32\102.0.5005.61\chromedriver.exe
16:37:49.591 [AsyncHttpClient-1-1] DEBUG org.asynchttpclient.netty.channel.DefaultChannelPool - Entry count for : http://localhost:58257 : 1
16:37:49.591 [AsyncHttpClient-1-1] DEBUG org.asynchttpclient.netty.channel.DefaultChannelPool - Adding Candidate expired Channel [id: 0xa5ec0c42, L:/127.0.0.1:62212 ! R:localhost/127.0.0.1:58257] isIdleTimeoutExpired=false isRemotelyClosed=true isTtlExpired=false
16:37:49.591 [AsyncHttpClient-1-1] DEBUG org.asynchttpclient.netty.channel.DefaultChannelPool - Closing Idle Channel [id: 0xa5ec0c42, L:/127.0.0.1:62212 ! R:localhost/127.0.0.1:58257]
16:37:49.591 [AsyncHttpClient-1-1] DEBUG org.asynchttpclient.netty.channel.DefaultChannelPool - Closed 1 connections out of 1 in 0 ms
16:37:49.907 [main] DEBUG net.serenitybdd.core.webdriver.driverproviders.ProvideNewDriver - Instantiating driver
16:37:49.907 [main] DEBUG net.serenitybdd.core.webdriver.driverproviders.ProvideNewDriver - Driver capabilities: Capabilities {acceptInsecureCerts: false, base.url: https://group7-react-dev.ne..., browserName: chrome, chrome.driver: src/test/resources/webdrive..., driver: chrome, goog:chromeOptions: {args: [], extensions: []}}
16:37:50.979 [AsyncHttpClient-1-5] DEBUG org.asynchttpclient.netty.channel.NettyConnectListener - Using new Channel '[id: 0xf6508072, L:/127.0.0.1:62269 - R:localhost/127.0.0.1:61238]' for 'POST' to '/session'
16:38:21.392 [AsyncHttpClient-1-5] DEBUG org.asynchttpclient.netty.handler.HttpHandler - 

Request DefaultHttpRequest(decodeResult: success, version: HTTP/1.1)
POST /session HTTP/1.1
User-Agent: selenium/4.1.2 (java windows)
Content-Length: 617
Content-Type: application/json; charset=utf-8
host: localhost:61238
accept: */*

Response DefaultHttpResponse(decodeResult: success, version: HTTP/1.1)
HTTP/1.1 200 OK
Content-Type: application/json; charset=utf-8
cache-control: no-cache
content-length: 787

16:38:21.393 [AsyncHttpClient-1-5] DEBUG org.asynchttpclient.netty.channel.ChannelManager - Adding key: http://localhost:61238 for channel [id: 0xf6508072, L:/127.0.0.1:62269 - R:localhost/127.0.0.1:61238]
16:38:21.492 [AsyncHttpClient-1-1] DEBUG org.asynchttpclient.netty.channel.DefaultChannelPool - Entry count for : http://localhost:61238 : 1
16:38:21.604 [AsyncHttpClient-1-6] DEBUG org.asynchttpclient.netty.channel.NettyConnectListener - Using new Channel '[id: 0x16957072, L:/127.0.0.1:62301 - R:localhost/127.0.0.1:62272]' for 'GET' to '/json/version'
16:38:21.623 [AsyncHttpClient-1-6] DEBUG org.asynchttpclient.netty.handler.HttpHandler - 

Request DefaultFullHttpRequest(decodeResult: success, version: HTTP/1.1, content: EmptyByteBufBE)
GET /json/version HTTP/1.1
User-Agent: selenium/4.1.2 (java windows)
host: localhost:62272
accept: */*

Response DefaultHttpResponse(decodeResult: success, version: HTTP/1.1)
HTTP/1.1 200 OK
Content-Type: application/json; charset=UTF-8
content-length: 425

16:38:21.624 [AsyncHttpClient-1-6] DEBUG org.asynchttpclient.netty.channel.ChannelManager - Adding key: http://localhost:62272 for channel [id: 0x16957072, L:/127.0.0.1:62301 - R:localhost/127.0.0.1:62272]
16:38:21.668 [AsyncHttpClient-1-7] DEBUG org.asynchttpclient.netty.channel.NettyConnectListener - Using new Channel '[id: 0x0eef4ec5, L:/127.0.0.1:62302 - R:localhost/127.0.0.1:62272]' for 'GET' to '/devtools/browser/fb2f6aec-ed86-452d-998f-f04b03a9e589'
16:38:21.694 [AsyncHttpClient-1-7] DEBUG org.asynchttpclient.netty.handler.WebSocketHandler - 

Request DefaultFullHttpRequest(decodeResult: success, version: HTTP/1.1, content: EmptyByteBufBE)
GET /devtools/browser/fb2f6aec-ed86-452d-998f-f04b03a9e589 HTTP/1.1
upgrade: websocket
connection: upgrade
sec-websocket-key: BSPzmOTYOh4HYYJag5UsHg==
sec-websocket-version: 13
origin: http://localhost:62272
host: localhost:62272
accept: */*
user-agent: AHC/2.1

Response DefaultHttpResponse(decodeResult: success, version: HTTP/1.1)
HTTP/1.1 101 WebSocket Protocol Handshake
Upgrade: WebSocket
Connection: Upgrade
Sec-WebSocket-Accept: /N5FEXF1TS47My5J3i0LcIjVRfw=

16:38:21.729 [Forwarding maximizeCurrentWindow on session 35e369284f5f0c0e8742fbf2948795ba to remote] DEBUG org.asynchttpclient.netty.request.NettyRequestSender - Using pooled Channel '[id: 0xf6508072, L:/127.0.0.1:62269 - R:localhost/127.0.0.1:61238]' for 'POST' to 'http://localhost:61238/session/35e369284f5f0c0e8742fbf2948795ba/window/maximize'
16:38:21.729 [Forwarding maximizeCurrentWindow on session 35e369284f5f0c0e8742fbf2948795ba to remote] DEBUG org.asynchttpclient.netty.request.NettyRequestSender - Using open Channel [id: 0xf6508072, L:/127.0.0.1:62269 - R:localhost/127.0.0.1:61238] for POST '/session/35e369284f5f0c0e8742fbf2948795ba/window/maximize'
16:38:22.049 [AsyncHttpClient-1-5] DEBUG org.asynchttpclient.netty.handler.HttpHandler - 

Request DefaultHttpRequest(decodeResult: success, version: HTTP/1.1)
POST /session/35e369284f5f0c0e8742fbf2948795ba/window/maximize HTTP/1.1
User-Agent: selenium/4.1.2 (java windows)
Content-Length: 3
Content-Type: application/json; charset=utf-8
host: localhost:61238
accept: */*

Response DefaultHttpResponse(decodeResult: success, version: HTTP/1.1)
HTTP/1.1 200 OK
Content-Type: application/json; charset=utf-8
cache-control: no-cache
content-length: 51

16:38:22.049 [AsyncHttpClient-1-5] DEBUG org.asynchttpclient.netty.channel.ChannelManager - Adding key: http://localhost:61238 for channel [id: 0xf6508072, L:/127.0.0.1:62269 - R:localhost/127.0.0.1:61238]
16:38:22.053 [Forwarding get on session 35e369284f5f0c0e8742fbf2948795ba to remote] DEBUG org.asynchttpclient.netty.request.NettyRequestSender - Using pooled Channel '[id: 0xf6508072, L:/127.0.0.1:62269 - R:localhost/127.0.0.1:61238]' for 'POST' to 'http://localhost:61238/session/35e369284f5f0c0e8742fbf2948795ba/url'
16:38:22.053 [Forwarding get on session 35e369284f5f0c0e8742fbf2948795ba to remote] DEBUG org.asynchttpclient.netty.request.NettyRequestSender - Using open Channel [id: 0xf6508072, L:/127.0.0.1:62269 - R:localhost/127.0.0.1:61238] for POST '/session/35e369284f5f0c0e8742fbf2948795ba/url'
16:38:22.592 [AsyncHttpClient-1-1] DEBUG org.asynchttpclient.netty.channel.DefaultChannelPool - Entry count for : http://localhost:62272 : 1
16:38:23.692 [AsyncHttpClient-1-1] DEBUG org.asynchttpclient.netty.channel.DefaultChannelPool - Entry count for : http://localhost:62272 : 1
16:38:24.793 [AsyncHttpClient-1-1] DEBUG org.asynchttpclient.netty.channel.DefaultChannelPool - Entry count for : http://localhost:62272 : 1
16:38:25.892 [AsyncHttpClient-1-1] DEBUG org.asynchttpclient.netty.channel.DefaultChannelPool - Entry count for : http://localhost:62272 : 1
16:38:26.992 [AsyncHttpClient-1-1] DEBUG org.asynchttpclient.netty.channel.DefaultChannelPool - Entry count for : http://localhost:62272 : 1
16:38:27.963 [AsyncHttpClient-1-5] DEBUG org.asynchttpclient.netty.handler.HttpHandler - 

Request DefaultHttpRequest(decodeResult: success, version: HTTP/1.1)
POST /session/35e369284f5f0c0e8742fbf2948795ba/url HTTP/1.1
User-Agent: selenium/4.1.2 (java windows)
Content-Length: 61
Content-Type: application/json; charset=utf-8
host: localhost:61238
accept: */*

Response DefaultHttpResponse(decodeResult: success, version: HTTP/1.1)
HTTP/1.1 200 OK
Content-Type: application/json; charset=utf-8
cache-control: no-cache
content-length: 14

16:38:27.964 [AsyncHttpClient-1-5] DEBUG org.asynchttpclient.netty.channel.ChannelManager - Adding key: http://localhost:61238 for channel [id: 0xf6508072, L:/127.0.0.1:62269 - R:localhost/127.0.0.1:61238]
16:38:27.969 [Forwarding setTimeout on session 35e369284f5f0c0e8742fbf2948795ba to remote] DEBUG org.asynchttpclient.netty.request.NettyRequestSender - Using pooled Channel '[id: 0xf6508072, L:/127.0.0.1:62269 - R:localhost/127.0.0.1:61238]' for 'POST' to 'http://localhost:61238/session/35e369284f5f0c0e8742fbf2948795ba/timeouts'
16:38:27.969 [Forwarding setTimeout on session 35e369284f5f0c0e8742fbf2948795ba to remote] DEBUG org.asynchttpclient.netty.request.NettyRequestSender - Using open Channel [id: 0xf6508072, L:/127.0.0.1:62269 - R:localhost/127.0.0.1:61238] for POST '/session/35e369284f5f0c0e8742fbf2948795ba/timeouts'
16:38:27.971 [AsyncHttpClient-1-5] DEBUG org.asynchttpclient.netty.handler.HttpHandler - 

Request DefaultHttpRequest(decodeResult: success, version: HTTP/1.1)
POST /session/35e369284f5f0c0e8742fbf2948795ba/timeouts HTTP/1.1
User-Agent: selenium/4.1.2 (java windows)
Content-Length: 22
Content-Type: application/json; charset=utf-8
host: localhost:61238
accept: */*

Response DefaultHttpResponse(decodeResult: success, version: HTTP/1.1)
HTTP/1.1 200 OK
Content-Type: application/json; charset=utf-8
cache-control: no-cache
content-length: 14

16:38:27.971 [AsyncHttpClient-1-5] DEBUG org.asynchttpclient.netty.channel.ChannelManager - Adding key: http://localhost:61238 for channel [id: 0xf6508072, L:/127.0.0.1:62269 - R:localhost/127.0.0.1:61238]
16:38:27.981 [Forwarding getCurrentUrl on session 35e369284f5f0c0e8742fbf2948795ba to remote] DEBUG org.asynchttpclient.netty.request.NettyRequestSender - Using pooled Channel '[id: 0xf6508072, L:/127.0.0.1:62269 - R:localhost/127.0.0.1:61238]' for 'GET' to 'http://localhost:61238/session/35e369284f5f0c0e8742fbf2948795ba/url'
16:38:27.981 [Forwarding getCurrentUrl on session 35e369284f5f0c0e8742fbf2948795ba to remote] DEBUG org.asynchttpclient.netty.request.NettyRequestSender - Using open Channel [id: 0xf6508072, L:/127.0.0.1:62269 - R:localhost/127.0.0.1:61238] for GET '/session/35e369284f5f0c0e8742fbf2948795ba/url'
16:38:28.092 [AsyncHttpClient-1-1] DEBUG org.asynchttpclient.netty.channel.DefaultChannelPool - Entry count for : http://localhost:62272 : 1
16:38:28.295 [AsyncHttpClient-1-5] DEBUG org.asynchttpclient.netty.handler.HttpHandler - 

Request DefaultFullHttpRequest(decodeResult: success, version: HTTP/1.1, content: EmptyByteBufBE)
GET /session/35e369284f5f0c0e8742fbf2948795ba/url HTTP/1.1
User-Agent: selenium/4.1.2 (java windows)
Cache-Control: no-cache
Content-Type: application/json; charset=utf-8
host: localhost:61238
accept: */*

Response DefaultHttpResponse(decodeResult: success, version: HTTP/1.1)
HTTP/1.1 200 OK
Content-Type: application/json; charset=utf-8
cache-control: no-cache
content-length: 49

16:38:28.295 [AsyncHttpClient-1-5] DEBUG org.asynchttpclient.netty.channel.ChannelManager - Adding key: http://localhost:61238 for channel [id: 0xf6508072, L:/127.0.0.1:62269 - R:localhost/127.0.0.1:61238]
16:38:28.301 [Forwarding getCurrentUrl on session 35e369284f5f0c0e8742fbf2948795ba to remote] DEBUG org.asynchttpclient.netty.request.NettyRequestSender - Using pooled Channel '[id: 0xf6508072, L:/127.0.0.1:62269 - R:localhost/127.0.0.1:61238]' for 'GET' to 'http://localhost:61238/session/35e369284f5f0c0e8742fbf2948795ba/url'
16:38:28.301 [Forwarding getCurrentUrl on session 35e369284f5f0c0e8742fbf2948795ba to remote] DEBUG org.asynchttpclient.netty.request.NettyRequestSender - Using open Channel [id: 0xf6508072, L:/127.0.0.1:62269 - R:localhost/127.0.0.1:61238] for GET '/session/35e369284f5f0c0e8742fbf2948795ba/url'
16:38:28.517 [AsyncHttpClient-1-5] DEBUG org.asynchttpclient.netty.handler.HttpHandler - 

Request DefaultFullHttpRequest(decodeResult: success, version: HTTP/1.1, content: EmptyByteBufBE)
GET /session/35e369284f5f0c0e8742fbf2948795ba/url HTTP/1.1
User-Agent: selenium/4.1.2 (java windows)
Cache-Control: no-cache
Content-Type: application/json; charset=utf-8
host: localhost:61238
accept: */*

Response DefaultHttpResponse(decodeResult: success, version: HTTP/1.1)
HTTP/1.1 200 OK
Content-Type: application/json; charset=utf-8
cache-control: no-cache
content-length: 49

16:38:28.518 [AsyncHttpClient-1-5] DEBUG org.asynchttpclient.netty.channel.ChannelManager - Adding key: http://localhost:61238 for channel [id: 0xf6508072, L:/127.0.0.1:62269 - R:localhost/127.0.0.1:61238]
16:38:28.533 [Forwarding screenshot on session 35e369284f5f0c0e8742fbf2948795ba to remote] DEBUG org.asynchttpclient.netty.request.NettyRequestSender - Using pooled Channel '[id: 0xf6508072, L:/127.0.0.1:62269 - R:localhost/127.0.0.1:61238]' for 'GET' to 'http://localhost:61238/session/35e369284f5f0c0e8742fbf2948795ba/screenshot'
16:38:28.534 [Forwarding screenshot on session 35e369284f5f0c0e8742fbf2948795ba to remote] DEBUG org.asynchttpclient.netty.request.NettyRequestSender - Using open Channel [id: 0xf6508072, L:/127.0.0.1:62269 - R:localhost/127.0.0.1:61238] for GET '/session/35e369284f5f0c0e8742fbf2948795ba/screenshot'
16:38:29.192 [AsyncHttpClient-1-1] DEBUG org.asynchttpclient.netty.channel.DefaultChannelPool - Entry count for : http://localhost:62272 : 1
16:38:29.328 [AsyncHttpClient-1-5] DEBUG org.asynchttpclient.netty.handler.HttpHandler - 

Request DefaultFullHttpRequest(decodeResult: success, version: HTTP/1.1, content: EmptyByteBufBE)
GET /session/35e369284f5f0c0e8742fbf2948795ba/screenshot HTTP/1.1
User-Agent: selenium/4.1.2 (java windows)
Cache-Control: no-cache
Content-Type: application/json; charset=utf-8
host: localhost:61238
accept: */*

Response DefaultHttpResponse(decodeResult: success, version: HTTP/1.1)
HTTP/1.1 200 OK
Content-Type: application/json; charset=utf-8
cache-control: no-cache
content-length: 385372

16:38:29.336 [AsyncHttpClient-1-5] DEBUG org.asynchttpclient.netty.channel.ChannelManager - Adding key: http://localhost:61238 for channel [id: 0xf6508072, L:/127.0.0.1:62269 - R:localhost/127.0.0.1:61238]
16:38:29.371 [main] DEBUG net.serenitybdd.core.photography.Darkroom - Send negative for processing for target\site\serenity\53e9f75c3cf4d80207349f9ca0712530a466e6460bac90b90cee3054219f039a.png
16:38:29.372 [main] DEBUG net.thucydides.core.steps.StepInterceptor - STEP DONE: openUrl
16:38:29.389 [main] DEBUG net.thucydides.core.steps.StepInterceptor - STARTING STEP: DashboardSteps.iAmOnTheDashboardPage - validateOnDashboardPage
16:38:29.399 [Forwarding findElement on session 35e369284f5f0c0e8742fbf2948795ba to remote] DEBUG org.asynchttpclient.netty.request.NettyRequestSender - Using pooled Channel '[id: 0xf6508072, L:/127.0.0.1:62269 - R:localhost/127.0.0.1:61238]' for 'POST' to 'http://localhost:61238/session/35e369284f5f0c0e8742fbf2948795ba/element'
16:38:29.399 [Forwarding findElement on session 35e369284f5f0c0e8742fbf2948795ba to remote] DEBUG org.asynchttpclient.netty.request.NettyRequestSender - Using open Channel [id: 0xf6508072, L:/127.0.0.1:62269 - R:localhost/127.0.0.1:61238] for POST '/session/35e369284f5f0c0e8742fbf2948795ba/element'
16:38:29.618 [AsyncHttpClient-1-5] DEBUG org.asynchttpclient.netty.handler.HttpHandler - 

Request DefaultHttpRequest(decodeResult: success, version: HTTP/1.1)
POST /session/35e369284f5f0c0e8742fbf2948795ba/element HTTP/1.1
User-Agent: selenium/4.1.2 (java windows)
Content-Length: 105
Content-Type: application/json; charset=utf-8
host: localhost:61238
accept: */*

Response DefaultHttpResponse(decodeResult: success, version: HTTP/1.1)
HTTP/1.1 200 OK
Content-Type: application/json; charset=utf-8
cache-control: no-cache
content-length: 88

16:38:29.619 [AsyncHttpClient-1-5] DEBUG org.asynchttpclient.netty.channel.ChannelManager - Adding key: http://localhost:61238 for channel [id: 0xf6508072, L:/127.0.0.1:62269 - R:localhost/127.0.0.1:61238]
16:38:29.638 [Forwarding isElementDisplayed on session 35e369284f5f0c0e8742fbf2948795ba to remote] DEBUG org.asynchttpclient.netty.request.NettyRequestSender - Using pooled Channel '[id: 0xf6508072, L:/127.0.0.1:62269 - R:localhost/127.0.0.1:61238]' for 'POST' to 'http://localhost:61238/session/35e369284f5f0c0e8742fbf2948795ba/execute/sync'
16:38:29.638 [Forwarding isElementDisplayed on session 35e369284f5f0c0e8742fbf2948795ba to remote] DEBUG org.asynchttpclient.netty.request.NettyRequestSender - Using open Channel [id: 0xf6508072, L:/127.0.0.1:62269 - R:localhost/127.0.0.1:61238] for POST '/session/35e369284f5f0c0e8742fbf2948795ba/execute/sync'
16:38:29.698 [AsyncHttpClient-1-5] DEBUG org.asynchttpclient.netty.handler.HttpHandler - 

Request DefaultHttpRequest(decodeResult: success, version: HTTP/1.1)
POST /session/35e369284f5f0c0e8742fbf2948795ba/execute/sync HTTP/1.1
User-Agent: selenium/4.1.2 (java windows)
Content-Length: 48780
Content-Type: application/json; charset=utf-8
host: localhost:61238
accept: */*

Response DefaultHttpResponse(decodeResult: success, version: HTTP/1.1)
HTTP/1.1 200 OK
Content-Type: application/json; charset=utf-8
cache-control: no-cache
content-length: 14

16:38:29.699 [AsyncHttpClient-1-5] DEBUG org.asynchttpclient.netty.channel.ChannelManager - Adding key: http://localhost:61238 for channel [id: 0xf6508072, L:/127.0.0.1:62269 - R:localhost/127.0.0.1:61238]
16:38:29.711 [Forwarding screenshot on session 35e369284f5f0c0e8742fbf2948795ba to remote] DEBUG org.asynchttpclient.netty.request.NettyRequestSender - Using pooled Channel '[id: 0xf6508072, L:/127.0.0.1:62269 - R:localhost/127.0.0.1:61238]' for 'GET' to 'http://localhost:61238/session/35e369284f5f0c0e8742fbf2948795ba/screenshot'
16:38:29.711 [Forwarding screenshot on session 35e369284f5f0c0e8742fbf2948795ba to remote] DEBUG org.asynchttpclient.netty.request.NettyRequestSender - Using open Channel [id: 0xf6508072, L:/127.0.0.1:62269 - R:localhost/127.0.0.1:61238] for GET '/session/35e369284f5f0c0e8742fbf2948795ba/screenshot'
16:38:29.967 [AsyncHttpClient-1-5] DEBUG org.asynchttpclient.netty.handler.HttpHandler - 

Request DefaultFullHttpRequest(decodeResult: success, version: HTTP/1.1, content: EmptyByteBufBE)
GET /session/35e369284f5f0c0e8742fbf2948795ba/screenshot HTTP/1.1
User-Agent: selenium/4.1.2 (java windows)
Cache-Control: no-cache
Content-Type: application/json; charset=utf-8
host: localhost:61238
accept: */*

Response DefaultHttpResponse(decodeResult: success, version: HTTP/1.1)
HTTP/1.1 200 OK
Content-Type: application/json; charset=utf-8
cache-control: no-cache
content-length: 385372

16:38:29.973 [AsyncHttpClient-1-5] DEBUG org.asynchttpclient.netty.channel.ChannelManager - Adding key: http://localhost:61238 for channel [id: 0xf6508072, L:/127.0.0.1:62269 - R:localhost/127.0.0.1:61238]
16:38:29.998 [main] DEBUG net.serenitybdd.core.photography.Darkroom - Send negative for processing for target\site\serenity\53e9f75c3cf4d80207349f9ca0712530a466e6460bac90b90cee3054219f039a.png
16:38:29.998 [main] DEBUG net.thucydides.core.steps.StepInterceptor - STEP DONE: validateOnDashboardPage
  &amp#27;[32mGiven &amp#27;[0m&amp#27;[32mI am on the dashboard page&amp#27;[0m &amp#27;[90m# starter.stepdefinitions.DashboardSteps.iAmOnTheDashboardPage()&amp#27;[0m
16:38:30.070 [Forwarding screenshot on session 35e369284f5f0c0e8742fbf2948795ba to remote] DEBUG org.asynchttpclient.netty.request.NettyRequestSender - Using pooled Channel '[id: 0xf6508072, L:/127.0.0.1:62269 - R:localhost/127.0.0.1:61238]' for 'GET' to 'http://localhost:61238/session/35e369284f5f0c0e8742fbf2948795ba/screenshot'
16:38:30.070 [Forwarding screenshot on session 35e369284f5f0c0e8742fbf2948795ba to remote] DEBUG org.asynchttpclient.netty.request.NettyRequestSender - Using open Channel [id: 0xf6508072, L:/127.0.0.1:62269 - R:localhost/127.0.0.1:61238] for GET '/session/35e369284f5f0c0e8742fbf2948795ba/screenshot'
16:38:30.292 [AsyncHttpClient-1-1] DEBUG org.asynchttpclient.netty.channel.DefaultChannelPool - Entry count for : http://localhost:62272 : 1
16:38:30.346 [AsyncHttpClient-1-5] DEBUG org.asynchttpclient.netty.handler.HttpHandler - 

Request DefaultFullHttpRequest(decodeResult: success, version: HTTP/1.1, content: EmptyByteBufBE)
GET /session/35e369284f5f0c0e8742fbf2948795ba/screenshot HTTP/1.1
User-Agent: selenium/4.1.2 (java windows)
Cache-Control: no-cache
Content-Type: application/json; charset=utf-8
host: localhost:61238
accept: */*

Response DefaultHttpResponse(decodeResult: success, version: HTTP/1.1)
HTTP/1.1 200 OK
Content-Type: application/json; charset=utf-8
cache-control: no-cache
content-length: 385372

16:38:30.350 [AsyncHttpClient-1-5] DEBUG org.asynchttpclient.netty.channel.ChannelManager - Adding key: http://localhost:61238 for channel [id: 0xf6508072, L:/127.0.0.1:62269 - R:localhost/127.0.0.1:61238]
16:38:30.374 [main] DEBUG net.serenitybdd.core.photography.Darkroom - Send negative for processing for target\site\serenity\53e9f75c3cf4d80207349f9ca0712530a466e6460bac90b90cee3054219f039a.png
16:38:30.375 [main] DEBUG net.thucydides.core.steps.StepInterceptor - STARTING STEP: DashboardSteps.iClickEditButton - clickEditButton
16:38:30.383 [Forwarding findElement on session 35e369284f5f0c0e8742fbf2948795ba to remote] DEBUG org.asynchttpclient.netty.request.NettyRequestSender - Using pooled Channel '[id: 0xf6508072, L:/127.0.0.1:62269 - R:localhost/127.0.0.1:61238]' for 'POST' to 'http://localhost:61238/session/35e369284f5f0c0e8742fbf2948795ba/element'
16:38:30.383 [Forwarding findElement on session 35e369284f5f0c0e8742fbf2948795ba to remote] DEBUG org.asynchttpclient.netty.request.NettyRequestSender - Using open Channel [id: 0xf6508072, L:/127.0.0.1:62269 - R:localhost/127.0.0.1:61238] for POST '/session/35e369284f5f0c0e8742fbf2948795ba/element'
16:38:30.402 [AsyncHttpClient-1-5] DEBUG org.asynchttpclient.netty.handler.HttpHandler - 

Request DefaultHttpRequest(decodeResult: success, version: HTTP/1.1)
POST /session/35e369284f5f0c0e8742fbf2948795ba/element HTTP/1.1
User-Agent: selenium/4.1.2 (java windows)
Content-Length: 177
Content-Type: application/json; charset=utf-8
host: localhost:61238
accept: */*

Response DefaultHttpResponse(decodeResult: success, version: HTTP/1.1)
HTTP/1.1 200 OK
Content-Type: application/json; charset=utf-8
cache-control: no-cache
content-length: 88

16:38:30.402 [AsyncHttpClient-1-5] DEBUG org.asynchttpclient.netty.channel.ChannelManager - Adding key: http://localhost:61238 for channel [id: 0xf6508072, L:/127.0.0.1:62269 - R:localhost/127.0.0.1:61238]
16:38:30.405 [Forwarding getElementTagName on session 35e369284f5f0c0e8742fbf2948795ba to remote] DEBUG org.asynchttpclient.netty.request.NettyRequestSender - Using pooled Channel '[id: 0xf6508072, L:/127.0.0.1:62269 - R:localhost/127.0.0.1:61238]' for 'GET' to 'http://localhost:61238/session/35e369284f5f0c0e8742fbf2948795ba/element/a75e4355-b3c5-4754-9a7e-8c5eea0d29a0/name'
16:38:30.405 [Forwarding getElementTagName on session 35e369284f5f0c0e8742fbf2948795ba to remote] DEBUG org.asynchttpclient.netty.request.NettyRequestSender - Using open Channel [id: 0xf6508072, L:/127.0.0.1:62269 - R:localhost/127.0.0.1:61238] for GET '/session/35e369284f5f0c0e8742fbf2948795ba/element/a75e4355-b3c5-4754-9a7e-8c5eea0d29a0/name'
16:38:30.411 [AsyncHttpClient-1-5] DEBUG org.asynchttpclient.netty.handler.HttpHandler - 

Request DefaultFullHttpRequest(decodeResult: success, version: HTTP/1.1, content: EmptyByteBufBE)
GET /session/35e369284f5f0c0e8742fbf2948795ba/element/a75e4355-b3c5-4754-9a7e-8c5eea0d29a0/name HTTP/1.1
User-Agent: selenium/4.1.2 (java windows)
Cache-Control: no-cache
Content-Type: application/json; charset=utf-8
host: localhost:61238
accept: */*

Response DefaultHttpResponse(decodeResult: success, version: HTTP/1.1)
HTTP/1.1 200 OK
Content-Type: application/json; charset=utf-8
cache-control: no-cache
content-length: 18

16:38:30.412 [AsyncHttpClient-1-5] DEBUG org.asynchttpclient.netty.channel.ChannelManager - Adding key: http://localhost:61238 for channel [id: 0xf6508072, L:/127.0.0.1:62269 - R:localhost/127.0.0.1:61238]
16:38:30.415 [Forwarding getElementTagName on session 35e369284f5f0c0e8742fbf2948795ba to remote] DEBUG org.asynchttpclient.netty.request.NettyRequestSender - Using pooled Channel '[id: 0xf6508072, L:/127.0.0.1:62269 - R:localhost/127.0.0.1:61238]' for 'GET' to 'http://localhost:61238/session/35e369284f5f0c0e8742fbf2948795ba/element/a75e4355-b3c5-4754-9a7e-8c5eea0d29a0/name'
16:38:30.415 [Forwarding getElementTagName on session 35e369284f5f0c0e8742fbf2948795ba to remote] DEBUG org.asynchttpclient.netty.request.NettyRequestSender - Using open Channel [id: 0xf6508072, L:/127.0.0.1:62269 - R:localhost/127.0.0.1:61238] for GET '/session/35e369284f5f0c0e8742fbf2948795ba/element/a75e4355-b3c5-4754-9a7e-8c5eea0d29a0/name'
16:38:30.419 [AsyncHttpClient-1-5] DEBUG org.asynchttpclient.netty.handler.HttpHandler - 

Request DefaultFullHttpRequest(decodeResult: success, version: HTTP/1.1, content: EmptyByteBufBE)
GET /session/35e369284f5f0c0e8742fbf2948795ba/element/a75e4355-b3c5-4754-9a7e-8c5eea0d29a0/name HTTP/1.1
User-Agent: selenium/4.1.2 (java windows)
Cache-Control: no-cache
Content-Type: application/json; charset=utf-8
host: localhost:61238
accept: */*

Response DefaultHttpResponse(decodeResult: success, version: HTTP/1.1)
HTTP/1.1 200 OK
Content-Type: application/json; charset=utf-8
cache-control: no-cache
content-length: 18

16:38:30.420 [AsyncHttpClient-1-5] DEBUG org.asynchttpclient.netty.channel.ChannelManager - Adding key: http://localhost:61238 for channel [id: 0xf6508072, L:/127.0.0.1:62269 - R:localhost/127.0.0.1:61238]
16:38:30.425 [Forwarding isElementEnabled on session 35e369284f5f0c0e8742fbf2948795ba to remote] DEBUG org.asynchttpclient.netty.request.NettyRequestSender - Using pooled Channel '[id: 0xf6508072, L:/127.0.0.1:62269 - R:localhost/127.0.0.1:61238]' for 'GET' to 'http://localhost:61238/session/35e369284f5f0c0e8742fbf2948795ba/element/a75e4355-b3c5-4754-9a7e-8c5eea0d29a0/enabled'
16:38:30.426 [Forwarding isElementEnabled on session 35e369284f5f0c0e8742fbf2948795ba to remote] DEBUG org.asynchttpclient.netty.request.NettyRequestSender - Using open Channel [id: 0xf6508072, L:/127.0.0.1:62269 - R:localhost/127.0.0.1:61238] for GET '/session/35e369284f5f0c0e8742fbf2948795ba/element/a75e4355-b3c5-4754-9a7e-8c5eea0d29a0/enabled'
16:38:30.464 [AsyncHttpClient-1-5] DEBUG org.asynchttpclient.netty.handler.HttpHandler - 

Request DefaultFullHttpRequest(decodeResult: success, version: HTTP/1.1, content: EmptyByteBufBE)
GET /session/35e369284f5f0c0e8742fbf2948795ba/element/a75e4355-b3c5-4754-9a7e-8c5eea0d29a0/enabled HTTP/1.1
User-Agent: selenium/4.1.2 (java windows)
Cache-Control: no-cache
Content-Type: application/json; charset=utf-8
host: localhost:61238
accept: */*

Response DefaultHttpResponse(decodeResult: success, version: HTTP/1.1)
HTTP/1.1 200 OK
Content-Type: application/json; charset=utf-8
cache-control: no-cache
content-length: 14

16:38:30.465 [AsyncHttpClient-1-5] DEBUG org.asynchttpclient.netty.channel.ChannelManager - Adding key: http://localhost:61238 for channel [id: 0xf6508072, L:/127.0.0.1:62269 - R:localhost/127.0.0.1:61238]
16:38:30.467 [Forwarding isElementEnabled on session 35e369284f5f0c0e8742fbf2948795ba to remote] DEBUG org.asynchttpclient.netty.request.NettyRequestSender - Using pooled Channel '[id: 0xf6508072, L:/127.0.0.1:62269 - R:localhost/127.0.0.1:61238]' for 'GET' to 'http://localhost:61238/session/35e369284f5f0c0e8742fbf2948795ba/element/a75e4355-b3c5-4754-9a7e-8c5eea0d29a0/enabled'
16:38:30.468 [Forwarding isElementEnabled on session 35e369284f5f0c0e8742fbf2948795ba to remote] DEBUG org.asynchttpclient.netty.request.NettyRequestSender - Using open Channel [id: 0xf6508072, L:/127.0.0.1:62269 - R:localhost/127.0.0.1:61238] for GET '/session/35e369284f5f0c0e8742fbf2948795ba/element/a75e4355-b3c5-4754-9a7e-8c5eea0d29a0/enabled'
16:38:30.496 [AsyncHttpClient-1-5] DEBUG org.asynchttpclient.netty.handler.HttpHandler - 

Request DefaultFullHttpRequest(decodeResult: success, version: HTTP/1.1, content: EmptyByteBufBE)
GET /session/35e369284f5f0c0e8742fbf2948795ba/element/a75e4355-b3c5-4754-9a7e-8c5eea0d29a0/enabled HTTP/1.1
User-Agent: selenium/4.1.2 (java windows)
Cache-Control: no-cache
Content-Type: application/json; charset=utf-8
host: localhost:61238
accept: */*

Response DefaultHttpResponse(decodeResult: success, version: HTTP/1.1)
HTTP/1.1 200 OK
Content-Type: application/json; charset=utf-8
cache-control: no-cache
content-length: 14

16:38:30.497 [AsyncHttpClient-1-5] DEBUG org.asynchttpclient.netty.channel.ChannelManager - Adding key: http://localhost:61238 for channel [id: 0xf6508072, L:/127.0.0.1:62269 - R:localhost/127.0.0.1:61238]
16:38:30.503 [Forwarding findElement on session 35e369284f5f0c0e8742fbf2948795ba to remote] DEBUG org.asynchttpclient.netty.request.NettyRequestSender - Using pooled Channel '[id: 0xf6508072, L:/127.0.0.1:62269 - R:localhost/127.0.0.1:61238]' for 'POST' to 'http://localhost:61238/session/35e369284f5f0c0e8742fbf2948795ba/element'
16:38:30.503 [Forwarding findElement on session 35e369284f5f0c0e8742fbf2948795ba to remote] DEBUG org.asynchttpclient.netty.request.NettyRequestSender - Using open Channel [id: 0xf6508072, L:/127.0.0.1:62269 - R:localhost/127.0.0.1:61238] for POST '/session/35e369284f5f0c0e8742fbf2948795ba/element'
16:38:30.512 [AsyncHttpClient-1-5] DEBUG org.asynchttpclient.netty.handler.HttpHandler - 

Request DefaultHttpRequest(decodeResult: success, version: HTTP/1.1)
POST /session/35e369284f5f0c0e8742fbf2948795ba/element HTTP/1.1
User-Agent: selenium/4.1.2 (java windows)
Content-Length: 177
Content-Type: application/json; charset=utf-8
host: localhost:61238
accept: */*

Response DefaultHttpResponse(decodeResult: success, version: HTTP/1.1)
HTTP/1.1 200 OK
Content-Type: application/json; charset=utf-8
cache-control: no-cache
content-length: 88

16:38:30.513 [AsyncHttpClient-1-5] DEBUG org.asynchttpclient.netty.channel.ChannelManager - Adding key: http://localhost:61238 for channel [id: 0xf6508072, L:/127.0.0.1:62269 - R:localhost/127.0.0.1:61238]
16:38:30.515 [Forwarding clickElement on session 35e369284f5f0c0e8742fbf2948795ba to remote] DEBUG org.asynchttpclient.netty.request.NettyRequestSender - Using pooled Channel '[id: 0xf6508072, L:/127.0.0.1:62269 - R:localhost/127.0.0.1:61238]' for 'POST' to 'http://localhost:61238/session/35e369284f5f0c0e8742fbf2948795ba/element/a75e4355-b3c5-4754-9a7e-8c5eea0d29a0/click'
16:38:30.516 [Forwarding clickElement on session 35e369284f5f0c0e8742fbf2948795ba to remote] DEBUG org.asynchttpclient.netty.request.NettyRequestSender - Using open Channel [id: 0xf6508072, L:/127.0.0.1:62269 - R:localhost/127.0.0.1:61238] for POST '/session/35e369284f5f0c0e8742fbf2948795ba/element/a75e4355-b3c5-4754-9a7e-8c5eea0d29a0/click'
16:38:31.392 [AsyncHttpClient-1-1] DEBUG org.asynchttpclient.netty.channel.DefaultChannelPool - Entry count for : http://localhost:62272 : 1
16:38:31.404 [AsyncHttpClient-1-5] DEBUG org.asynchttpclient.netty.handler.HttpHandler - 

Request DefaultHttpRequest(decodeResult: success, version: HTTP/1.1)
POST /session/35e369284f5f0c0e8742fbf2948795ba/element/a75e4355-b3c5-4754-9a7e-8c5eea0d29a0/click HTTP/1.1
User-Agent: selenium/4.1.2 (java windows)
Content-Length: 50
Content-Type: application/json; charset=utf-8
host: localhost:61238
accept: */*

Response DefaultHttpResponse(decodeResult: success, version: HTTP/1.1)
HTTP/1.1 200 OK
Content-Type: application/json; charset=utf-8
cache-control: no-cache
content-length: 14

16:38:31.404 [AsyncHttpClient-1-5] DEBUG org.asynchttpclient.netty.channel.ChannelManager - Adding key: http://localhost:61238 for channel [id: 0xf6508072, L:/127.0.0.1:62269 - R:localhost/127.0.0.1:61238]
16:38:31.419 [Forwarding screenshot on session 35e369284f5f0c0e8742fbf2948795ba to remote] DEBUG org.asynchttpclient.netty.request.NettyRequestSender - Using pooled Channel '[id: 0xf6508072, L:/127.0.0.1:62269 - R:localhost/127.0.0.1:61238]' for 'GET' to 'http://localhost:61238/session/35e369284f5f0c0e8742fbf2948795ba/screenshot'
16:38:31.420 [Forwarding screenshot on session 35e369284f5f0c0e8742fbf2948795ba to remote] DEBUG org.asynchttpclient.netty.request.NettyRequestSender - Using open Channel [id: 0xf6508072, L:/127.0.0.1:62269 - R:localhost/127.0.0.1:61238] for GET '/session/35e369284f5f0c0e8742fbf2948795ba/screenshot'
16:38:31.772 [AsyncHttpClient-1-5] DEBUG org.asynchttpclient.netty.handler.HttpHandler - 

Request DefaultFullHttpRequest(decodeResult: success, version: HTTP/1.1, content: EmptyByteBufBE)
GET /session/35e369284f5f0c0e8742fbf2948795ba/screenshot HTTP/1.1
User-Agent: selenium/4.1.2 (java windows)
Cache-Control: no-cache
Content-Type: application/json; charset=utf-8
host: localhost:61238
accept: */*

Response DefaultHttpResponse(decodeResult: success, version: HTTP/1.1)
HTTP/1.1 200 OK
Content-Type: application/json; charset=utf-8
cache-control: no-cache
content-length: 343644

16:38:31.780 [AsyncHttpClient-1-5] DEBUG org.asynchttpclient.netty.channel.ChannelManager - Adding key: http://localhost:61238 for channel [id: 0xf6508072, L:/127.0.0.1:62269 - R:localhost/127.0.0.1:61238]
16:38:31.804 [main] DEBUG net.serenitybdd.core.photography.Darkroom - Send negative for processing for target\site\serenity\3bf42dddfbc5f3f652d3d232c3f8111381f57472fbac7a5a1bf3e90017aa61ed.png
16:38:31.805 [main] DEBUG net.thucydides.core.steps.StepInterceptor - STEP DONE: clickEditButton
  &amp#27;[32mWhen &amp#27;[0m&amp#27;[32mI click edit button&amp#27;[0m         &amp#27;[90m# starter.stepdefinitions.DashboardSteps.iClickEditButton()&amp#27;[0m
16:38:31.805 [Darkroom Processing Line] DEBUG net.serenitybdd.core.photography.DarkroomProcessingLine - Processing screenshot image in /var/screenshots/screenshot-15279888272907059770
16:38:31.805 [Darkroom Processing Line] DEBUG net.serenitybdd.core.photography.DarkroomProcessingLine - Saving screenshot to target\site\serenity\3bf42dddfbc5f3f652d3d232c3f8111381f57472fbac7a5a1bf3e90017aa61ed.png
16:38:31.844 [main] DEBUG net.thucydides.core.steps.StepInterceptor - STARTING STEP: DashboardSteps.iGetTheResult - editPopUpAppears
16:38:31.847 [Forwarding findElement on session 35e369284f5f0c0e8742fbf2948795ba to remote] DEBUG org.asynchttpclient.netty.request.NettyRequestSender - Using pooled Channel '[id: 0xf6508072, L:/127.0.0.1:62269 - R:localhost/127.0.0.1:61238]' for 'POST' to 'http://localhost:61238/session/35e369284f5f0c0e8742fbf2948795ba/element'
16:38:31.847 [Forwarding findElement on session 35e369284f5f0c0e8742fbf2948795ba to remote] DEBUG org.asynchttpclient.netty.request.NettyRequestSender - Using open Channel [id: 0xf6508072, L:/127.0.0.1:62269 - R:localhost/127.0.0.1:61238] for POST '/session/35e369284f5f0c0e8742fbf2948795ba/element'
16:38:31.877 [AsyncHttpClient-1-5] DEBUG org.asynchttpclient.netty.handler.HttpHandler - 

Request DefaultHttpRequest(decodeResult: success, version: HTTP/1.1)
POST /session/35e369284f5f0c0e8742fbf2948795ba/element HTTP/1.1
User-Agent: selenium/4.1.2 (java windows)
Content-Length: 65
Content-Type: application/json; charset=utf-8
host: localhost:61238
accept: */*

Response DefaultHttpResponse(decodeResult: success, version: HTTP/1.1)
HTTP/1.1 200 OK
Content-Type: application/json; charset=utf-8
cache-control: no-cache
content-length: 88

16:38:31.878 [AsyncHttpClient-1-5] DEBUG org.asynchttpclient.netty.channel.ChannelManager - Adding key: http://localhost:61238 for channel [id: 0xf6508072, L:/127.0.0.1:62269 - R:localhost/127.0.0.1:61238]
16:38:31.890 [Forwarding isElementDisplayed on session 35e369284f5f0c0e8742fbf2948795ba to remote] DEBUG org.asynchttpclient.netty.request.NettyRequestSender - Using pooled Channel '[id: 0xf6508072, L:/127.0.0.1:62269 - R:localhost/127.0.0.1:61238]' for 'POST' to 'http://localhost:61238/session/35e369284f5f0c0e8742fbf2948795ba/execute/sync'
16:38:31.890 [Forwarding isElementDisplayed on session 35e369284f5f0c0e8742fbf2948795ba to remote] DEBUG org.asynchttpclient.netty.request.NettyRequestSender - Using open Channel [id: 0xf6508072, L:/127.0.0.1:62269 - R:localhost/127.0.0.1:61238] for POST '/session/35e369284f5f0c0e8742fbf2948795ba/execute/sync'
16:38:31.935 [AsyncHttpClient-1-5] DEBUG org.asynchttpclient.netty.handler.HttpHandler - 

Request DefaultHttpRequest(decodeResult: success, version: HTTP/1.1)
POST /session/35e369284f5f0c0e8742fbf2948795ba/execute/sync HTTP/1.1
User-Agent: selenium/4.1.2 (java windows)
Content-Length: 48780
Content-Type: application/json; charset=utf-8
host: localhost:61238
accept: */*

Response DefaultHttpResponse(decodeResult: success, version: HTTP/1.1)
HTTP/1.1 200 OK
Content-Type: application/json; charset=utf-8
cache-control: no-cache
content-length: 14

16:38:31.935 [AsyncHttpClient-1-5] DEBUG org.asynchttpclient.netty.channel.ChannelManager - Adding key: http://localhost:61238 for channel [id: 0xf6508072, L:/127.0.0.1:62269 - R:localhost/127.0.0.1:61238]
16:38:31.953 [Forwarding screenshot on session 35e369284f5f0c0e8742fbf2948795ba to remote] DEBUG org.asynchttpclient.netty.request.NettyRequestSender - Using pooled Channel '[id: 0xf6508072, L:/127.0.0.1:62269 - R:localhost/127.0.0.1:61238]' for 'GET' to 'http://localhost:61238/session/35e369284f5f0c0e8742fbf2948795ba/screenshot'
16:38:31.953 [Forwarding screenshot on session 35e369284f5f0c0e8742fbf2948795ba to remote] DEBUG org.asynchttpclient.netty.request.NettyRequestSender - Using open Channel [id: 0xf6508072, L:/127.0.0.1:62269 - R:localhost/127.0.0.1:61238] for GET '/session/35e369284f5f0c0e8742fbf2948795ba/screenshot'
16:38:32.236 [AsyncHttpClient-1-5] DEBUG org.asynchttpclient.netty.handler.HttpHandler - 

Request DefaultFullHttpRequest(decodeResult: success, version: HTTP/1.1, content: EmptyByteBufBE)
GET /session/35e369284f5f0c0e8742fbf2948795ba/screenshot HTTP/1.1
User-Agent: selenium/4.1.2 (java windows)
Cache-Control: no-cache
Content-Type: application/json; charset=utf-8
host: localhost:61238
accept: */*

Response DefaultHttpResponse(decodeResult: success, version: HTTP/1.1)
HTTP/1.1 200 OK
Content-Type: application/json; charset=utf-8
cache-control: no-cache
content-length: 277972

16:38:32.473 [AsyncHttpClient-1-5] DEBUG org.asynchttpclient.netty.channel.ChannelManager - Adding key: http://localhost:61238 for channel [id: 0xf6508072, L:/127.0.0.1:62269 - R:localhost/127.0.0.1:61238]
16:38:32.492 [AsyncHttpClient-1-1] DEBUG org.asynchttpclient.netty.channel.DefaultChannelPool - Entry count for : http://localhost:62272 : 1
16:38:32.492 [AsyncHttpClient-1-1] DEBUG org.asynchttpclient.netty.channel.DefaultChannelPool - Entry count for : http://localhost:61238 : 1
16:38:32.511 [main] DEBUG net.serenitybdd.core.photography.Darkroom - Send negative for processing for target\site\serenity\1daecb0f41eb38bf2dc8a9a798b5e2c1b12dbfee7de096a849ab7c57da4538a4.png
16:38:32.512 [main] DEBUG net.thucydides.core.steps.StepInterceptor - STEP DONE: editPopUpAppears
  &amp#27;[32mThen &amp#27;[0m&amp#27;[32mI get the result&amp#27;[0m            &amp#27;[90m# starter.stepdefinitions.DashboardSteps.iGetTheResult()&amp#27;[0m
16:38:32.512 [Darkroom Processing Line] DEBUG net.serenitybdd.core.photography.DarkroomProcessingLine - Processing screenshot image in /var/screenshots/screenshot-4315970276631976942
16:38:32.512 [Darkroom Processing Line] DEBUG net.serenitybdd.core.photography.DarkroomProcessingLine - Saving screenshot to target\site\serenity\1daecb0f41eb38bf2dc8a9a798b5e2c1b12dbfee7de096a849ab7c57da4538a4.png
16:38:32.546 [main] DEBUG net.thucydides.core.steps.StepInterceptor - STARTING STEP: DashboardSteps.iClickCancel - clickCancelButton
16:38:32.552 [Forwarding findElement on session 35e369284f5f0c0e8742fbf2948795ba to remote] DEBUG org.asynchttpclient.netty.request.NettyRequestSender - Using pooled Channel '[id: 0xf6508072, L:/127.0.0.1:62269 - R:localhost/127.0.0.1:61238]' for 'POST' to 'http://localhost:61238/session/35e369284f5f0c0e8742fbf2948795ba/element'
16:38:32.552 [Forwarding findElement on session 35e369284f5f0c0e8742fbf2948795ba to remote] DEBUG org.asynchttpclient.netty.request.NettyRequestSender - Using open Channel [id: 0xf6508072, L:/127.0.0.1:62269 - R:localhost/127.0.0.1:61238] for POST '/session/35e369284f5f0c0e8742fbf2948795ba/element'
16:38:32.635 [AsyncHttpClient-1-5] DEBUG org.asynchttpclient.netty.handler.HttpHandler - 

Request DefaultHttpRequest(decodeResult: success, version: HTTP/1.1)
POST /session/35e369284f5f0c0e8742fbf2948795ba/element HTTP/1.1
User-Agent: selenium/4.1.2 (java windows)
Content-Length: 93
Content-Type: application/json; charset=utf-8
host: localhost:61238
accept: */*

Response DefaultHttpResponse(decodeResult: success, version: HTTP/1.1)
HTTP/1.1 200 OK
Content-Type: application/json; charset=utf-8
cache-control: no-cache
content-length: 88

16:38:32.636 [AsyncHttpClient-1-5] DEBUG org.asynchttpclient.netty.channel.ChannelManager - Adding key: http://localhost:61238 for channel [id: 0xf6508072, L:/127.0.0.1:62269 - R:localhost/127.0.0.1:61238]
16:38:32.640 [Forwarding getElementTagName on session 35e369284f5f0c0e8742fbf2948795ba to remote] DEBUG org.asynchttpclient.netty.request.NettyRequestSender - Using pooled Channel '[id: 0xf6508072, L:/127.0.0.1:62269 - R:localhost/127.0.0.1:61238]' for 'GET' to 'http://localhost:61238/session/35e369284f5f0c0e8742fbf2948795ba/element/d64cce43-1562-4225-8ca7-aca207145c93/name'
16:38:32.640 [Forwarding getElementTagName on session 35e369284f5f0c0e8742fbf2948795ba to remote] DEBUG org.asynchttpclient.netty.request.NettyRequestSender - Using open Channel [id: 0xf6508072, L:/127.0.0.1:62269 - R:localhost/127.0.0.1:61238] for GET '/session/35e369284f5f0c0e8742fbf2948795ba/element/d64cce43-1562-4225-8ca7-aca207145c93/name'
16:38:32.646 [AsyncHttpClient-1-5] DEBUG org.asynchttpclient.netty.handler.HttpHandler - 

Request DefaultFullHttpRequest(decodeResult: success, version: HTTP/1.1, content: EmptyByteBufBE)
GET /session/35e369284f5f0c0e8742fbf2948795ba/element/d64cce43-1562-4225-8ca7-aca207145c93/name HTTP/1.1
User-Agent: selenium/4.1.2 (java windows)
Cache-Control: no-cache
Content-Type: application/json; charset=utf-8
host: localhost:61238
accept: */*

Response DefaultHttpResponse(decodeResult: success, version: HTTP/1.1)
HTTP/1.1 200 OK
Content-Type: application/json; charset=utf-8
cache-control: no-cache
content-length: 18

16:38:32.647 [AsyncHttpClient-1-5] DEBUG org.asynchttpclient.netty.channel.ChannelManager - Adding key: http://localhost:61238 for channel [id: 0xf6508072, L:/127.0.0.1:62269 - R:localhost/127.0.0.1:61238]
16:38:32.650 [Forwarding getElementTagName on session 35e369284f5f0c0e8742fbf2948795ba to remote] DEBUG org.asynchttpclient.netty.request.NettyRequestSender - Using pooled Channel '[id: 0xf6508072, L:/127.0.0.1:62269 - R:localhost/127.0.0.1:61238]' for 'GET' to 'http://localhost:61238/session/35e369284f5f0c0e8742fbf2948795ba/element/d64cce43-1562-4225-8ca7-aca207145c93/name'
16:38:32.650 [Forwarding getElementTagName on session 35e369284f5f0c0e8742fbf2948795ba to remote] DEBUG org.asynchttpclient.netty.request.NettyRequestSender - Using open Channel [id: 0xf6508072, L:/127.0.0.1:62269 - R:localhost/127.0.0.1:61238] for GET '/session/35e369284f5f0c0e8742fbf2948795ba/element/d64cce43-1562-4225-8ca7-aca207145c93/name'
16:38:32.655 [AsyncHttpClient-1-5] DEBUG org.asynchttpclient.netty.handler.HttpHandler - 

Request DefaultFullHttpRequest(decodeResult: success, version: HTTP/1.1, content: EmptyByteBufBE)
GET /session/35e369284f5f0c0e8742fbf2948795ba/element/d64cce43-1562-4225-8ca7-aca207145c93/name HTTP/1.1
User-Agent: selenium/4.1.2 (java windows)
Cache-Control: no-cache
Content-Type: application/json; charset=utf-8
host: localhost:61238
accept: */*

Response DefaultHttpResponse(decodeResult: success, version: HTTP/1.1)
HTTP/1.1 200 OK
Content-Type: application/json; charset=utf-8
cache-control: no-cache
content-length: 18

16:38:32.655 [AsyncHttpClient-1-5] DEBUG org.asynchttpclient.netty.channel.ChannelManager - Adding key: http://localhost:61238 for channel [id: 0xf6508072, L:/127.0.0.1:62269 - R:localhost/127.0.0.1:61238]
16:38:32.659 [Forwarding isElementEnabled on session 35e369284f5f0c0e8742fbf2948795ba to remote] DEBUG org.asynchttpclient.netty.request.NettyRequestSender - Using pooled Channel '[id: 0xf6508072, L:/127.0.0.1:62269 - R:localhost/127.0.0.1:61238]' for 'GET' to 'http://localhost:61238/session/35e369284f5f0c0e8742fbf2948795ba/element/d64cce43-1562-4225-8ca7-aca207145c93/enabled'
16:38:32.659 [Forwarding isElementEnabled on session 35e369284f5f0c0e8742fbf2948795ba to remote] DEBUG org.asynchttpclient.netty.request.NettyRequestSender - Using open Channel [id: 0xf6508072, L:/127.0.0.1:62269 - R:localhost/127.0.0.1:61238] for GET '/session/35e369284f5f0c0e8742fbf2948795ba/element/d64cce43-1562-4225-8ca7-aca207145c93/enabled'
16:38:32.670 [AsyncHttpClient-1-5] DEBUG org.asynchttpclient.netty.handler.HttpHandler - 

Request DefaultFullHttpRequest(decodeResult: success, version: HTTP/1.1, content: EmptyByteBufBE)
GET /session/35e369284f5f0c0e8742fbf2948795ba/element/d64cce43-1562-4225-8ca7-aca207145c93/enabled HTTP/1.1
User-Agent: selenium/4.1.2 (java windows)
Cache-Control: no-cache
Content-Type: application/json; charset=utf-8
host: localhost:61238
accept: */*

Response DefaultHttpResponse(decodeResult: success, version: HTTP/1.1)
HTTP/1.1 200 OK
Content-Type: application/json; charset=utf-8
cache-control: no-cache
content-length: 14

16:38:32.671 [AsyncHttpClient-1-5] DEBUG org.asynchttpclient.netty.channel.ChannelManager - Adding key: http://localhost:61238 for channel [id: 0xf6508072, L:/127.0.0.1:62269 - R:localhost/127.0.0.1:61238]
16:38:32.673 [Forwarding isElementEnabled on session 35e369284f5f0c0e8742fbf2948795ba to remote] DEBUG org.asynchttpclient.netty.request.NettyRequestSender - Using pooled Channel '[id: 0xf6508072, L:/127.0.0.1:62269 - R:localhost/127.0.0.1:61238]' for 'GET' to 'http://localhost:61238/session/35e369284f5f0c0e8742fbf2948795ba/element/d64cce43-1562-4225-8ca7-aca207145c93/enabled'
16:38:32.673 [Forwarding isElementEnabled on session 35e369284f5f0c0e8742fbf2948795ba to remote] DEBUG org.asynchttpclient.netty.request.NettyRequestSender - Using open Channel [id: 0xf6508072, L:/127.0.0.1:62269 - R:localhost/127.0.0.1:61238] for GET '/session/35e369284f5f0c0e8742fbf2948795ba/element/d64cce43-1562-4225-8ca7-aca207145c93/enabled'
16:38:32.680 [AsyncHttpClient-1-5] DEBUG org.asynchttpclient.netty.handler.HttpHandler - 

Request DefaultFullHttpRequest(decodeResult: success, version: HTTP/1.1, content: EmptyByteBufBE)
GET /session/35e369284f5f0c0e8742fbf2948795ba/element/d64cce43-1562-4225-8ca7-aca207145c93/enabled HTTP/1.1
User-Agent: selenium/4.1.2 (java windows)
Cache-Control: no-cache
Content-Type: application/json; charset=utf-8
host: localhost:61238
accept: */*

Response DefaultHttpResponse(decodeResult: success, version: HTTP/1.1)
HTTP/1.1 200 OK
Content-Type: application/json; charset=utf-8
cache-control: no-cache
content-length: 14

16:38:32.681 [AsyncHttpClient-1-5] DEBUG org.asynchttpclient.netty.channel.ChannelManager - Adding key: http://localhost:61238 for channel [id: 0xf6508072, L:/127.0.0.1:62269 - R:localhost/127.0.0.1:61238]
16:38:32.683 [Forwarding findElement on session 35e369284f5f0c0e8742fbf2948795ba to remote] DEBUG org.asynchttpclient.netty.request.NettyRequestSender - Using pooled Channel '[id: 0xf6508072, L:/127.0.0.1:62269 - R:localhost/127.0.0.1:61238]' for 'POST' to 'http://localhost:61238/session/35e369284f5f0c0e8742fbf2948795ba/element'
16:38:32.684 [Forwarding findElement on session 35e369284f5f0c0e8742fbf2948795ba to remote] DEBUG org.asynchttpclient.netty.request.NettyRequestSender - Using open Channel [id: 0xf6508072, L:/127.0.0.1:62269 - R:localhost/127.0.0.1:61238] for POST '/session/35e369284f5f0c0e8742fbf2948795ba/element'
16:38:32.692 [AsyncHttpClient-1-5] DEBUG org.asynchttpclient.netty.handler.HttpHandler - 

Request DefaultHttpRequest(decodeResult: success, version: HTTP/1.1)
POST /session/35e369284f5f0c0e8742fbf2948795ba/element HTTP/1.1
User-Agent: selenium/4.1.2 (java windows)
Content-Length: 93
Content-Type: application/json; charset=utf-8
host: localhost:61238
accept: */*

Response DefaultHttpResponse(decodeResult: success, version: HTTP/1.1)
HTTP/1.1 200 OK
Content-Type: application/json; charset=utf-8
cache-control: no-cache
content-length: 88

16:38:32.692 [AsyncHttpClient-1-5] DEBUG org.asynchttpclient.netty.channel.ChannelManager - Adding key: http://localhost:61238 for channel [id: 0xf6508072, L:/127.0.0.1:62269 - R:localhost/127.0.0.1:61238]
16:38:32.694 [Forwarding clickElement on session 35e369284f5f0c0e8742fbf2948795ba to remote] DEBUG org.asynchttpclient.netty.request.NettyRequestSender - Using pooled Channel '[id: 0xf6508072, L:/127.0.0.1:62269 - R:localhost/127.0.0.1:61238]' for 'POST' to 'http://localhost:61238/session/35e369284f5f0c0e8742fbf2948795ba/element/d64cce43-1562-4225-8ca7-aca207145c93/click'
16:38:32.694 [Forwarding clickElement on session 35e369284f5f0c0e8742fbf2948795ba to remote] DEBUG org.asynchttpclient.netty.request.NettyRequestSender - Using open Channel [id: 0xf6508072, L:/127.0.0.1:62269 - R:localhost/127.0.0.1:61238] for POST '/session/35e369284f5f0c0e8742fbf2948795ba/element/d64cce43-1562-4225-8ca7-aca207145c93/click'
16:38:33.592 [AsyncHttpClient-1-1] DEBUG org.asynchttpclient.netty.channel.DefaultChannelPool - Entry count for : http://localhost:62272 : 1
16:38:34.079 [AsyncHttpClient-1-5] DEBUG org.asynchttpclient.netty.handler.HttpHandler - 

Request DefaultHttpRequest(decodeResult: success, version: HTTP/1.1)
POST /session/35e369284f5f0c0e8742fbf2948795ba/element/d64cce43-1562-4225-8ca7-aca207145c93/click HTTP/1.1
User-Agent: selenium/4.1.2 (java windows)
Content-Length: 50
Content-Type: application/json; charset=utf-8
host: localhost:61238
accept: */*

Response DefaultHttpResponse(decodeResult: success, version: HTTP/1.1)
HTTP/1.1 200 OK
Content-Type: application/json; charset=utf-8
cache-control: no-cache
content-length: 14

16:38:34.079 [AsyncHttpClient-1-5] DEBUG org.asynchttpclient.netty.channel.ChannelManager - Adding key: http://localhost:61238 for channel [id: 0xf6508072, L:/127.0.0.1:62269 - R:localhost/127.0.0.1:61238]
16:38:34.097 [Forwarding screenshot on session 35e369284f5f0c0e8742fbf2948795ba to remote] DEBUG org.asynchttpclient.netty.request.NettyRequestSender - Using pooled Channel '[id: 0xf6508072, L:/127.0.0.1:62269 - R:localhost/127.0.0.1:61238]' for 'GET' to 'http://localhost:61238/session/35e369284f5f0c0e8742fbf2948795ba/screenshot'
16:38:34.098 [Forwarding screenshot on session 35e369284f5f0c0e8742fbf2948795ba to remote] DEBUG org.asynchttpclient.netty.request.NettyRequestSender - Using open Channel [id: 0xf6508072, L:/127.0.0.1:62269 - R:localhost/127.0.0.1:61238] for GET '/session/35e369284f5f0c0e8742fbf2948795ba/screenshot'
16:38:34.692 [AsyncHttpClient-1-1] DEBUG org.asynchttpclient.netty.channel.DefaultChannelPool - Entry count for : http://localhost:62272 : 1
16:38:34.943 [AsyncHttpClient-1-5] DEBUG org.asynchttpclient.netty.handler.HttpHandler - 

Request DefaultFullHttpRequest(decodeResult: success, version: HTTP/1.1, content: EmptyByteBufBE)
GET /session/35e369284f5f0c0e8742fbf2948795ba/screenshot HTTP/1.1
User-Agent: selenium/4.1.2 (java windows)
Cache-Control: no-cache
Content-Type: application/json; charset=utf-8
host: localhost:61238
accept: */*

Response DefaultHttpResponse(decodeResult: success, version: HTTP/1.1)
HTTP/1.1 200 OK
Content-Type: application/json; charset=utf-8
cache-control: no-cache
content-length: 284820

16:38:34.950 [AsyncHttpClient-1-5] DEBUG org.asynchttpclient.netty.channel.ChannelManager - Adding key: http://localhost:61238 for channel [id: 0xf6508072, L:/127.0.0.1:62269 - R:localhost/127.0.0.1:61238]
16:38:34.977 [main] DEBUG net.serenitybdd.core.photography.Darkroom - Send negative for processing for target\site\serenity\98ad6d900e1408bc6937249aa3647bc3880feb64d4c34a1d0e52a814a844a6b8.png
16:38:34.977 [main] DEBUG net.thucydides.core.steps.StepInterceptor - STEP DONE: clickCancelButton
  &amp#27;[32mAnd &amp#27;[0m&amp#27;[32mI click cancel&amp#27;[0m               &amp#27;[90m# starter.stepdefinitions.DashboardSteps.iClickCancel()&amp#27;[0m
16:38:34.981 [Darkroom Processing Line] DEBUG net.serenitybdd.core.photography.DarkroomProcessingLine - Processing screenshot image in /var/screenshots/screenshot-370612952831247243
16:38:34.982 [Darkroom Processing Line] DEBUG net.serenitybdd.core.photography.DarkroomProcessingLine - Saving screenshot to target\site\serenity\98ad6d900e1408bc6937249aa3647bc3880feb64d4c34a1d0e52a814a844a6b8.png
16:38:34.989 [main] INFO  - 
  _____   ___   ___   _____     ___     _     ___   ___   ___   ___  
 |_   _| | __| / __| |_   _|   | _ \   /_\   / __| / __| | __| |   \ 
   | |   | _|  \__ \   | |     |  _/  / _ \  \__ \ \__ \ | _|  | |) |
   |_|   |___| |___/   |_|     |_|   /_/ \_\ |___/ |___/ |___| |___/ 

Cancel Edit scenario
----------------------------------------------------------------------
16:38:35.025 [AsyncHttpClient-1-7] DEBUG org.asynchttpclient.netty.handler.WebSocketHandler - Channel Closed: [id: 0x0eef4ec5, L:/127.0.0.1:62302 ! R:localhost/127.0.0.1:62272] with attribute NettyResponseFuture{currentRetry=5,
	isDone=1,
	isCancelled=0,
	asyncHandler=org.asynchttpclient.ws.WebSocketUpgradeHandler@5f1f1181,
	nettyRequest=org.asynchttpclient.netty.request.NettyRequest@1a1d8406,
	future=java.util.concurrent.CompletableFuture@74435546[Completed normally],
	uri=ws://localhost:62272/devtools/browser/fb2f6aec-ed86-452d-998f-f04b03a9e589,
	keepAlive=true,
	redirectCount=0,
	timeoutsHolder=null,
	inAuth=0,
	touch=1654594701714}
16:38:35.025 [AsyncHttpClient-1-7] DEBUG org.asynchttpclient.netty.channel.ChannelManager - Closing Channel [id: 0x0eef4ec5, L:/127.0.0.1:62302 ! R:localhost/127.0.0.1:62272] 
16:38:35.027 [Driver Command Executor] DEBUG org.asynchttpclient.netty.request.NettyRequestSender - Using pooled Channel '[id: 0xf6508072, L:/127.0.0.1:62269 - R:localhost/127.0.0.1:61238]' for 'DELETE' to 'http://localhost:61238/session/35e369284f5f0c0e8742fbf2948795ba'
16:38:35.027 [Driver Command Executor] DEBUG org.asynchttpclient.netty.request.NettyRequestSender - Using open Channel [id: 0xf6508072, L:/127.0.0.1:62269 - R:localhost/127.0.0.1:61238] for DELETE '/session/35e369284f5f0c0e8742fbf2948795ba'
16:38:35.792 [AsyncHttpClient-1-1] DEBUG org.asynchttpclient.netty.channel.DefaultChannelPool - Entry count for : http://localhost:62272 : 1
16:38:36.102 [AsyncHttpClient-1-6] DEBUG org.asynchttpclient.netty.handler.HttpHandler - Unexpected I/O exception on channel [id: 0x16957072, L:/127.0.0.1:62301 - R:localhost/127.0.0.1:62272]
java.net.SocketException: Connection reset
	at java.base/sun.nio.ch.SocketChannelImpl.throwConnectionReset(SocketChannelImpl.java:367)
	at java.base/sun.nio.ch.SocketChannelImpl.read(SocketChannelImpl.java:398)
	at io.netty.buffer.PooledByteBuf.setBytes(PooledByteBuf.java:258)
	at io.netty.buffer.AbstractByteBuf.writeBytes(AbstractByteBuf.java:1132)
	at io.netty.channel.socket.nio.NioSocketChannel.doReadBytes(NioSocketChannel.java:350)
	at io.netty.channel.nio.AbstractNioByteChannel$NioByteUnsafe.read(AbstractNioByteChannel.java:151)
	at io.netty.channel.nio.NioEventLoop.processSelectedKey(NioEventLoop.java:722)
	at io.netty.channel.nio.NioEventLoop.processSelectedKeysOptimized(NioEventLoop.java:658)
	at io.netty.channel.nio.NioEventLoop.processSelectedKeys(NioEventLoop.java:584)
	at io.netty.channel.nio.NioEventLoop.run(NioEventLoop.java:496)
	at io.netty.util.concurrent.SingleThreadEventExecutor$4.run(SingleThreadEventExecutor.java:986)
	at io.netty.util.internal.ThreadExecutorMap$2.run(ThreadExecutorMap.java:74)
	at io.netty.util.concurrent.FastThreadLocalRunnable.run(FastThreadLocalRunnable.java:30)
	at java.base/java.lang.Thread.run(Thread.java:832)
16:38:36.102 [AsyncHttpClient-1-6] DEBUG org.asynchttpclient.netty.channel.ChannelManager - Closing Channel [id: 0x16957072, L:/127.0.0.1:62301 - R:localhost/127.0.0.1:62272] 
16:38:36.102 [AsyncHttpClient-1-6] DEBUG org.asynchttpclient.netty.handler.HttpHandler - Channel Closed: [id: 0x16957072, L:/127.0.0.1:62301 ! R:localhost/127.0.0.1:62272] with attribute DISCARD
16:38:36.123 [AsyncHttpClient-1-5] DEBUG org.asynchttpclient.netty.handler.HttpHandler - 

Request DefaultFullHttpRequest(decodeResult: success, version: HTTP/1.1, content: EmptyByteBufBE)
DELETE /session/35e369284f5f0c0e8742fbf2948795ba HTTP/1.1
User-Agent: selenium/4.1.2 (java windows)
Content-Type: application/json; charset=utf-8
host: localhost:61238
accept: */*

Response DefaultHttpResponse(decodeResult: success, version: HTTP/1.1)
HTTP/1.1 200 OK
Content-Type: application/json; charset=utf-8
cache-control: no-cache
content-length: 14

16:38:36.123 [AsyncHttpClient-1-5] DEBUG org.asynchttpclient.netty.channel.ChannelManager - Adding key: http://localhost:61238 for channel [id: 0xf6508072, L:/127.0.0.1:62269 - R:localhost/127.0.0.1:61238]
16:38:36.218 [AsyncHttpClient-1-5] DEBUG org.asynchttpclient.netty.handler.HttpHandler - Channel Closed: [id: 0xf6508072, L:/127.0.0.1:62269 ! R:localhost/127.0.0.1:61238] with attribute DISCARD
]]></system-out>
    <system-err><![CDATA[Starting ChromeDriver 102.0.5005.61 (0e59bcc00cc4985ce39ad31c150065f159d95ad3-refs/branch-heads/5005@{#819}) on port 61238
Only local connections are allowed.
Please see https://chromedriver.chromium.org/security-considerations for suggestions on keeping ChromeDriver safe.
ChromeDriver was started successfully.
Jun 07, 2022 4:38:21 PM org.openqa.selenium.remote.ProtocolHandshake createSession
INFO: Detected dialect: W3C
Jun 07, 2022 4:38:21 PM org.openqa.selenium.devtools.CdpVersionFinder findNearestMatch
WARNING: Unable to find an exact match for CDP version 102, so returning the closest version found: a no-op implementation
Jun 07, 2022 4:38:21 PM org.openqa.selenium.devtools.CdpVersionFinder findNearestMatch
INFO: Unable to find CDP implementation matching 102.
Jun 07, 2022 4:38:21 PM org.openqa.selenium.chromium.ChromiumDriver lambda$new$3
WARNING: Unable to find version of CDP to use for . You may need to include a dependency on a specific version of the CDP using something similar to `org.seleniumhq.selenium:selenium-devtools-v86:4.1.2` where the version ("v86") matches the version of the chromium-based browser you're using and the version number of the artifact is the same as Selenium's.
]]></system-err>
  </testcase>
  <testcase name="delete scenario #1" classname="Dashboard" time="20.099">
    <system-out><![CDATA[
@Dashboard @Delete
Scenario Outline: delete scenario  &amp#27;[90m# src/test/resources/features/Dashboard.feature:28&amp#27;[0m
16:38:36.803 [main] INFO io.cucumber.core.plugin.SerenityReporter - Running feature from file:///E:/My%20Documents/File%20Difa/TI%20Semester%206%20Kampus%20Merdeka%20Alterra/Tugas/CAPSTONE%20Project/Capstone-Project-Website/Capstone-Project-Website/src/test/resources/features/Dashboard.feature
16:38:36.894 [AsyncHttpClient-1-1] DEBUG org.asynchttpclient.netty.channel.DefaultChannelPool - Entry count for : http://localhost:62272 : 1
16:38:36.894 [AsyncHttpClient-1-1] DEBUG org.asynchttpclient.netty.channel.DefaultChannelPool - Entry count for : http://localhost:61238 : 1
16:38:36.894 [AsyncHttpClient-1-1] DEBUG org.asynchttpclient.netty.channel.DefaultChannelPool - Adding Candidate expired Channel [id: 0x16957072, L:/127.0.0.1:62301 ! R:localhost/127.0.0.1:62272] isIdleTimeoutExpired=false isRemotelyClosed=true isTtlExpired=false
16:38:36.894 [AsyncHttpClient-1-1] DEBUG org.asynchttpclient.netty.channel.DefaultChannelPool - Closing Idle Channel [id: 0x16957072, L:/127.0.0.1:62301 ! R:localhost/127.0.0.1:62272]
16:38:36.895 [AsyncHttpClient-1-1] DEBUG org.asynchttpclient.netty.channel.DefaultChannelPool - Adding Candidate expired Channel [id: 0xf6508072, L:/127.0.0.1:62269 ! R:localhost/127.0.0.1:61238] isIdleTimeoutExpired=false isRemotelyClosed=true isTtlExpired=false
16:38:36.895 [AsyncHttpClient-1-1] DEBUG org.asynchttpclient.netty.channel.DefaultChannelPool - Closing Idle Channel [id: 0xf6508072, L:/127.0.0.1:62269 ! R:localhost/127.0.0.1:61238]
16:38:36.895 [AsyncHttpClient-1-1] DEBUG org.asynchttpclient.netty.channel.DefaultChannelPool - Closed 2 connections out of 2 in 1 ms
16:38:36.907 [main] INFO  - 
  _____   ___   ___   _____     ___   _____     _     ___   _____   ___   ___  
 |_   _| | __| / __| |_   _|   / __| |_   _|   /_\   | _ \ |_   _| | __| |   \ 
   | |   | _|  \__ \   | |     \__ \   | |    / _ \  |   /   | |   | _|  | |) |
   |_|   |___| |___/   |_|     |___/   |_|   /_/ \_\ |_|_\   |_|   |___| |___/ 

delete scenario(dashboard;delete-scenario)
--------------------------------------------------------------------------------
16:38:37.026 [main] DEBUG net.thucydides.core.steps.StepInterceptor - STARTING STEP: DashboardSteps.iAmOnTheDashboardPage - openUrl
16:38:37.028 [main] INFO net.serenitybdd.core.webdriver.driverproviders.ChromeDriverProvider - Using automatically driver download
16:38:37.292 [main] DEBUG io.github.bonigarcia.wdm.cache.ResolutionCache - Resolution chrome=102 in cache (valid until 17:27:55 07/06/2022 ICT)
16:38:37.299 [main] DEBUG io.github.bonigarcia.wdm.cache.ResolutionCache - Resolution chrome102=102.0.5005.61 in cache (valid until 15:18:17 08/06/2022 ICT)
16:38:37.302 [main] INFO io.github.bonigarcia.wdm.WebDriverManager - Using chromedriver 102.0.5005.61 (resolved driver for Chrome 102)
16:38:37.331 [main] DEBUG io.github.bonigarcia.wdm.WebDriverManager - Driver chromedriver 102.0.5005.61 found in cache
16:38:37.332 [main] INFO io.github.bonigarcia.wdm.WebDriverManager - Exporting webdriver.chrome.driver as C:\Users\USER\.cache\selenium\chromedriver\win32\102.0.5005.61\chromedriver.exe
16:38:37.484 [main] DEBUG net.serenitybdd.core.webdriver.driverproviders.ProvideNewDriver - Instantiating driver
16:38:37.484 [main] DEBUG net.serenitybdd.core.webdriver.driverproviders.ProvideNewDriver - Driver capabilities: Capabilities {acceptInsecureCerts: false, base.url: https://group7-react-dev.ne..., browserName: chrome, chrome.driver: src/test/resources/webdrive..., driver: chrome, goog:chromeOptions: {args: [], extensions: []}}
16:38:38.560 [AsyncHttpClient-1-8] DEBUG org.asynchttpclient.netty.channel.NettyConnectListener - Using new Channel '[id: 0xf4a434c2, L:/127.0.0.1:62327 - R:localhost/127.0.0.1:64963]' for 'POST' to '/session'
16:38:42.019 [AsyncHttpClient-1-8] DEBUG org.asynchttpclient.netty.handler.HttpHandler - 

Request DefaultHttpRequest(decodeResult: success, version: HTTP/1.1)
POST /session HTTP/1.1
User-Agent: selenium/4.1.2 (java windows)
Content-Length: 617
Content-Type: application/json; charset=utf-8
host: localhost:64963
accept: */*

Response DefaultHttpResponse(decodeResult: success, version: HTTP/1.1)
HTTP/1.1 200 OK
Content-Type: application/json; charset=utf-8
cache-control: no-cache
content-length: 788

16:38:42.019 [AsyncHttpClient-1-8] DEBUG org.asynchttpclient.netty.channel.ChannelManager - Adding key: http://localhost:64963 for channel [id: 0xf4a434c2, L:/127.0.0.1:62327 - R:localhost/127.0.0.1:64963]
16:38:42.037 [AsyncHttpClient-1-9] DEBUG org.asynchttpclient.netty.channel.NettyConnectListener - Using new Channel '[id: 0x89af217e, L:/127.0.0.1:62338 - R:localhost/127.0.0.1:62331]' for 'GET' to '/json/version'
16:38:42.050 [AsyncHttpClient-1-9] DEBUG org.asynchttpclient.netty.handler.HttpHandler - 

Request DefaultFullHttpRequest(decodeResult: success, version: HTTP/1.1, content: EmptyByteBufBE)
GET /json/version HTTP/1.1
User-Agent: selenium/4.1.2 (java windows)
host: localhost:62331
accept: */*

Response DefaultHttpResponse(decodeResult: success, version: HTTP/1.1)
HTTP/1.1 200 OK
Content-Type: application/json; charset=UTF-8
content-length: 425

16:38:42.051 [AsyncHttpClient-1-9] DEBUG org.asynchttpclient.netty.channel.ChannelManager - Adding key: http://localhost:62331 for channel [id: 0x89af217e, L:/127.0.0.1:62338 - R:localhost/127.0.0.1:62331]
16:38:42.055 [AsyncHttpClient-1-2] DEBUG org.asynchttpclient.netty.channel.NettyConnectListener - Using new Channel '[id: 0x3827ce1c, L:/127.0.0.1:62339 - R:localhost/127.0.0.1:62331]' for 'GET' to '/devtools/browser/563b1352-4e51-432d-9982-fbf5769ff4f7'
16:38:42.058 [AsyncHttpClient-1-2] DEBUG org.asynchttpclient.netty.handler.WebSocketHandler - 

Request DefaultFullHttpRequest(decodeResult: success, version: HTTP/1.1, content: EmptyByteBufBE)
GET /devtools/browser/563b1352-4e51-432d-9982-fbf5769ff4f7 HTTP/1.1
upgrade: websocket
connection: upgrade
sec-websocket-key: asbzeKAS0VJ+cFr8D5Il8g==
sec-websocket-version: 13
origin: http://localhost:62331
host: localhost:62331
accept: */*
user-agent: AHC/2.1

Response DefaultHttpResponse(decodeResult: success, version: HTTP/1.1)
HTTP/1.1 101 WebSocket Protocol Handshake
Upgrade: WebSocket
Connection: Upgrade
Sec-WebSocket-Accept: egd9MeYmnkXcF23kQCBLLNtoNoc=

16:38:42.071 [Forwarding maximizeCurrentWindow on session 8171a9d38fcceaf91bf5123d035678e0 to remote] DEBUG org.asynchttpclient.netty.request.NettyRequestSender - Using pooled Channel '[id: 0xf4a434c2, L:/127.0.0.1:62327 - R:localhost/127.0.0.1:64963]' for 'POST' to 'http://localhost:64963/session/8171a9d38fcceaf91bf5123d035678e0/window/maximize'
16:38:42.071 [Forwarding maximizeCurrentWindow on session 8171a9d38fcceaf91bf5123d035678e0 to remote] DEBUG org.asynchttpclient.netty.request.NettyRequestSender - Using open Channel [id: 0xf4a434c2, L:/127.0.0.1:62327 - R:localhost/127.0.0.1:64963] for POST '/session/8171a9d38fcceaf91bf5123d035678e0/window/maximize'
16:38:42.191 [AsyncHttpClient-1-8] DEBUG org.asynchttpclient.netty.handler.HttpHandler - 

Request DefaultHttpRequest(decodeResult: success, version: HTTP/1.1)
POST /session/8171a9d38fcceaf91bf5123d035678e0/window/maximize HTTP/1.1
User-Agent: selenium/4.1.2 (java windows)
Content-Length: 3
Content-Type: application/json; charset=utf-8
host: localhost:64963
accept: */*

Response DefaultHttpResponse(decodeResult: success, version: HTTP/1.1)
HTTP/1.1 200 OK
Content-Type: application/json; charset=utf-8
cache-control: no-cache
content-length: 51

16:38:42.191 [AsyncHttpClient-1-8] DEBUG org.asynchttpclient.netty.channel.ChannelManager - Adding key: http://localhost:64963 for channel [id: 0xf4a434c2, L:/127.0.0.1:62327 - R:localhost/127.0.0.1:64963]
16:38:42.193 [Forwarding get on session 8171a9d38fcceaf91bf5123d035678e0 to remote] DEBUG org.asynchttpclient.netty.request.NettyRequestSender - Using pooled Channel '[id: 0xf4a434c2, L:/127.0.0.1:62327 - R:localhost/127.0.0.1:64963]' for 'POST' to 'http://localhost:64963/session/8171a9d38fcceaf91bf5123d035678e0/url'
16:38:42.194 [Forwarding get on session 8171a9d38fcceaf91bf5123d035678e0 to remote] DEBUG org.asynchttpclient.netty.request.NettyRequestSender - Using open Channel [id: 0xf4a434c2, L:/127.0.0.1:62327 - R:localhost/127.0.0.1:64963] for POST '/session/8171a9d38fcceaf91bf5123d035678e0/url'
16:38:42.392 [AsyncHttpClient-1-1] DEBUG org.asynchttpclient.netty.channel.DefaultChannelPool - Entry count for : http://localhost:62331 : 1
16:38:43.491 [AsyncHttpClient-1-1] DEBUG org.asynchttpclient.netty.channel.DefaultChannelPool - Entry count for : http://localhost:62331 : 1
16:38:44.591 [AsyncHttpClient-1-1] DEBUG org.asynchttpclient.netty.channel.DefaultChannelPool - Entry count for : http://localhost:62331 : 1
16:38:45.692 [AsyncHttpClient-1-1] DEBUG org.asynchttpclient.netty.channel.DefaultChannelPool - Entry count for : http://localhost:62331 : 1
16:38:46.791 [AsyncHttpClient-1-1] DEBUG org.asynchttpclient.netty.channel.DefaultChannelPool - Entry count for : http://localhost:62331 : 1
16:38:47.891 [AsyncHttpClient-1-1] DEBUG org.asynchttpclient.netty.channel.DefaultChannelPool - Entry count for : http://localhost:62331 : 1
16:38:48.905 [AsyncHttpClient-1-8] DEBUG org.asynchttpclient.netty.handler.HttpHandler - 

Request DefaultHttpRequest(decodeResult: success, version: HTTP/1.1)
POST /session/8171a9d38fcceaf91bf5123d035678e0/url HTTP/1.1
User-Agent: selenium/4.1.2 (java windows)
Content-Length: 61
Content-Type: application/json; charset=utf-8
host: localhost:64963
accept: */*

Response DefaultHttpResponse(decodeResult: success, version: HTTP/1.1)
HTTP/1.1 200 OK
Content-Type: application/json; charset=utf-8
cache-control: no-cache
content-length: 14

16:38:48.906 [AsyncHttpClient-1-8] DEBUG org.asynchttpclient.netty.channel.ChannelManager - Adding key: http://localhost:64963 for channel [id: 0xf4a434c2, L:/127.0.0.1:62327 - R:localhost/127.0.0.1:64963]
16:38:48.911 [Forwarding setTimeout on session 8171a9d38fcceaf91bf5123d035678e0 to remote] DEBUG org.asynchttpclient.netty.request.NettyRequestSender - Using pooled Channel '[id: 0xf4a434c2, L:/127.0.0.1:62327 - R:localhost/127.0.0.1:64963]' for 'POST' to 'http://localhost:64963/session/8171a9d38fcceaf91bf5123d035678e0/timeouts'
16:38:48.911 [Forwarding setTimeout on session 8171a9d38fcceaf91bf5123d035678e0 to remote] DEBUG org.asynchttpclient.netty.request.NettyRequestSender - Using open Channel [id: 0xf4a434c2, L:/127.0.0.1:62327 - R:localhost/127.0.0.1:64963] for POST '/session/8171a9d38fcceaf91bf5123d035678e0/timeouts'
16:38:48.914 [AsyncHttpClient-1-8] DEBUG org.asynchttpclient.netty.handler.HttpHandler - 

Request DefaultHttpRequest(decodeResult: success, version: HTTP/1.1)
POST /session/8171a9d38fcceaf91bf5123d035678e0/timeouts HTTP/1.1
User-Agent: selenium/4.1.2 (java windows)
Content-Length: 22
Content-Type: application/json; charset=utf-8
host: localhost:64963
accept: */*

Response DefaultHttpResponse(decodeResult: success, version: HTTP/1.1)
HTTP/1.1 200 OK
Content-Type: application/json; charset=utf-8
cache-control: no-cache
content-length: 14

16:38:48.914 [AsyncHttpClient-1-8] DEBUG org.asynchttpclient.netty.channel.ChannelManager - Adding key: http://localhost:64963 for channel [id: 0xf4a434c2, L:/127.0.0.1:62327 - R:localhost/127.0.0.1:64963]
16:38:48.920 [Forwarding getCurrentUrl on session 8171a9d38fcceaf91bf5123d035678e0 to remote] DEBUG org.asynchttpclient.netty.request.NettyRequestSender - Using pooled Channel '[id: 0xf4a434c2, L:/127.0.0.1:62327 - R:localhost/127.0.0.1:64963]' for 'GET' to 'http://localhost:64963/session/8171a9d38fcceaf91bf5123d035678e0/url'
16:38:48.920 [Forwarding getCurrentUrl on session 8171a9d38fcceaf91bf5123d035678e0 to remote] DEBUG org.asynchttpclient.netty.request.NettyRequestSender - Using open Channel [id: 0xf4a434c2, L:/127.0.0.1:62327 - R:localhost/127.0.0.1:64963] for GET '/session/8171a9d38fcceaf91bf5123d035678e0/url'
16:38:48.928 [AsyncHttpClient-1-8] DEBUG org.asynchttpclient.netty.handler.HttpHandler - 

Request DefaultFullHttpRequest(decodeResult: success, version: HTTP/1.1, content: EmptyByteBufBE)
GET /session/8171a9d38fcceaf91bf5123d035678e0/url HTTP/1.1
User-Agent: selenium/4.1.2 (java windows)
Cache-Control: no-cache
Content-Type: application/json; charset=utf-8
host: localhost:64963
accept: */*

Response DefaultHttpResponse(decodeResult: success, version: HTTP/1.1)
HTTP/1.1 200 OK
Content-Type: application/json; charset=utf-8
cache-control: no-cache
content-length: 49

16:38:48.928 [AsyncHttpClient-1-8] DEBUG org.asynchttpclient.netty.channel.ChannelManager - Adding key: http://localhost:64963 for channel [id: 0xf4a434c2, L:/127.0.0.1:62327 - R:localhost/127.0.0.1:64963]
16:38:48.937 [Forwarding getCurrentUrl on session 8171a9d38fcceaf91bf5123d035678e0 to remote] DEBUG org.asynchttpclient.netty.request.NettyRequestSender - Using pooled Channel '[id: 0xf4a434c2, L:/127.0.0.1:62327 - R:localhost/127.0.0.1:64963]' for 'GET' to 'http://localhost:64963/session/8171a9d38fcceaf91bf5123d035678e0/url'
16:38:48.938 [Forwarding getCurrentUrl on session 8171a9d38fcceaf91bf5123d035678e0 to remote] DEBUG org.asynchttpclient.netty.request.NettyRequestSender - Using open Channel [id: 0xf4a434c2, L:/127.0.0.1:62327 - R:localhost/127.0.0.1:64963] for GET '/session/8171a9d38fcceaf91bf5123d035678e0/url'
16:38:48.947 [AsyncHttpClient-1-8] DEBUG org.asynchttpclient.netty.handler.HttpHandler - 

Request DefaultFullHttpRequest(decodeResult: success, version: HTTP/1.1, content: EmptyByteBufBE)
GET /session/8171a9d38fcceaf91bf5123d035678e0/url HTTP/1.1
User-Agent: selenium/4.1.2 (java windows)
Cache-Control: no-cache
Content-Type: application/json; charset=utf-8
host: localhost:64963
accept: */*

Response DefaultHttpResponse(decodeResult: success, version: HTTP/1.1)
HTTP/1.1 200 OK
Content-Type: application/json; charset=utf-8
cache-control: no-cache
content-length: 49

16:38:48.947 [AsyncHttpClient-1-8] DEBUG org.asynchttpclient.netty.channel.ChannelManager - Adding key: http://localhost:64963 for channel [id: 0xf4a434c2, L:/127.0.0.1:62327 - R:localhost/127.0.0.1:64963]
16:38:48.959 [Forwarding screenshot on session 8171a9d38fcceaf91bf5123d035678e0 to remote] DEBUG org.asynchttpclient.netty.request.NettyRequestSender - Using pooled Channel '[id: 0xf4a434c2, L:/127.0.0.1:62327 - R:localhost/127.0.0.1:64963]' for 'GET' to 'http://localhost:64963/session/8171a9d38fcceaf91bf5123d035678e0/screenshot'
16:38:48.959 [Forwarding screenshot on session 8171a9d38fcceaf91bf5123d035678e0 to remote] DEBUG org.asynchttpclient.netty.request.NettyRequestSender - Using open Channel [id: 0xf4a434c2, L:/127.0.0.1:62327 - R:localhost/127.0.0.1:64963] for GET '/session/8171a9d38fcceaf91bf5123d035678e0/screenshot'
16:38:48.992 [AsyncHttpClient-1-1] DEBUG org.asynchttpclient.netty.channel.DefaultChannelPool - Entry count for : http://localhost:62331 : 1
16:38:50.091 [AsyncHttpClient-1-1] DEBUG org.asynchttpclient.netty.channel.DefaultChannelPool - Entry count for : http://localhost:62331 : 1
16:38:50.681 [AsyncHttpClient-1-8] DEBUG org.asynchttpclient.netty.handler.HttpHandler - 

Request DefaultFullHttpRequest(decodeResult: success, version: HTTP/1.1, content: EmptyByteBufBE)
GET /session/8171a9d38fcceaf91bf5123d035678e0/screenshot HTTP/1.1
User-Agent: selenium/4.1.2 (java windows)
Cache-Control: no-cache
Content-Type: application/json; charset=utf-8
host: localhost:64963
accept: */*

Response DefaultHttpResponse(decodeResult: success, version: HTTP/1.1)
HTTP/1.1 200 OK
Content-Type: application/json; charset=utf-8
cache-control: no-cache
content-length: 310120

16:38:50.686 [AsyncHttpClient-1-8] DEBUG org.asynchttpclient.netty.channel.ChannelManager - Adding key: http://localhost:64963 for channel [id: 0xf4a434c2, L:/127.0.0.1:62327 - R:localhost/127.0.0.1:64963]
16:38:50.712 [main] DEBUG net.serenitybdd.core.photography.Darkroom - Send negative for processing for target\site\serenity\b8266a5698c54b5284af108fe77bee4a41841fb596c07387e8ea64793fe3aee7.png
16:38:50.712 [Darkroom Processing Line] DEBUG net.serenitybdd.core.photography.DarkroomProcessingLine - Processing screenshot image in /var/screenshots/screenshot-16884866245797282402
16:38:50.712 [Darkroom Processing Line] DEBUG net.serenitybdd.core.photography.DarkroomProcessingLine - Saving screenshot to target\site\serenity\b8266a5698c54b5284af108fe77bee4a41841fb596c07387e8ea64793fe3aee7.png
16:38:50.714 [main] DEBUG net.thucydides.core.steps.StepInterceptor - STEP DONE: openUrl
16:38:50.722 [main] DEBUG net.thucydides.core.steps.StepInterceptor - STARTING STEP: DashboardSteps.iAmOnTheDashboardPage - validateOnDashboardPage
16:38:50.726 [Forwarding findElement on session 8171a9d38fcceaf91bf5123d035678e0 to remote] DEBUG org.asynchttpclient.netty.request.NettyRequestSender - Using pooled Channel '[id: 0xf4a434c2, L:/127.0.0.1:62327 - R:localhost/127.0.0.1:64963]' for 'POST' to 'http://localhost:64963/session/8171a9d38fcceaf91bf5123d035678e0/element'
16:38:50.727 [Forwarding findElement on session 8171a9d38fcceaf91bf5123d035678e0 to remote] DEBUG org.asynchttpclient.netty.request.NettyRequestSender - Using open Channel [id: 0xf4a434c2, L:/127.0.0.1:62327 - R:localhost/127.0.0.1:64963] for POST '/session/8171a9d38fcceaf91bf5123d035678e0/element'
16:38:51.192 [AsyncHttpClient-1-1] DEBUG org.asynchttpclient.netty.channel.DefaultChannelPool - Entry count for : http://localhost:62331 : 1
16:38:52.198 [AsyncHttpClient-1-8] DEBUG org.asynchttpclient.netty.handler.HttpHandler - 

Request DefaultHttpRequest(decodeResult: success, version: HTTP/1.1)
POST /session/8171a9d38fcceaf91bf5123d035678e0/element HTTP/1.1
User-Agent: selenium/4.1.2 (java windows)
Content-Length: 105
Content-Type: application/json; charset=utf-8
host: localhost:64963
accept: */*

Response DefaultHttpResponse(decodeResult: success, version: HTTP/1.1)
HTTP/1.1 200 OK
Content-Type: application/json; charset=utf-8
cache-control: no-cache
content-length: 88

16:38:52.199 [AsyncHttpClient-1-8] DEBUG org.asynchttpclient.netty.channel.ChannelManager - Adding key: http://localhost:64963 for channel [id: 0xf4a434c2, L:/127.0.0.1:62327 - R:localhost/127.0.0.1:64963]
16:38:52.208 [Forwarding isElementDisplayed on session 8171a9d38fcceaf91bf5123d035678e0 to remote] DEBUG org.asynchttpclient.netty.request.NettyRequestSender - Using pooled Channel '[id: 0xf4a434c2, L:/127.0.0.1:62327 - R:localhost/127.0.0.1:64963]' for 'POST' to 'http://localhost:64963/session/8171a9d38fcceaf91bf5123d035678e0/execute/sync'
16:38:52.208 [Forwarding isElementDisplayed on session 8171a9d38fcceaf91bf5123d035678e0 to remote] DEBUG org.asynchttpclient.netty.request.NettyRequestSender - Using open Channel [id: 0xf4a434c2, L:/127.0.0.1:62327 - R:localhost/127.0.0.1:64963] for POST '/session/8171a9d38fcceaf91bf5123d035678e0/execute/sync'
16:38:52.273 [AsyncHttpClient-1-8] DEBUG org.asynchttpclient.netty.handler.HttpHandler - 

Request DefaultHttpRequest(decodeResult: success, version: HTTP/1.1)
POST /session/8171a9d38fcceaf91bf5123d035678e0/execute/sync HTTP/1.1
User-Agent: selenium/4.1.2 (java windows)
Content-Length: 48780
Content-Type: application/json; charset=utf-8
host: localhost:64963
accept: */*

Response DefaultHttpResponse(decodeResult: success, version: HTTP/1.1)
HTTP/1.1 200 OK
Content-Type: application/json; charset=utf-8
cache-control: no-cache
content-length: 14

16:38:52.274 [AsyncHttpClient-1-8] DEBUG org.asynchttpclient.netty.channel.ChannelManager - Adding key: http://localhost:64963 for channel [id: 0xf4a434c2, L:/127.0.0.1:62327 - R:localhost/127.0.0.1:64963]
16:38:52.284 [Forwarding screenshot on session 8171a9d38fcceaf91bf5123d035678e0 to remote] DEBUG org.asynchttpclient.netty.request.NettyRequestSender - Using pooled Channel '[id: 0xf4a434c2, L:/127.0.0.1:62327 - R:localhost/127.0.0.1:64963]' for 'GET' to 'http://localhost:64963/session/8171a9d38fcceaf91bf5123d035678e0/screenshot'
16:38:52.284 [Forwarding screenshot on session 8171a9d38fcceaf91bf5123d035678e0 to remote] DEBUG org.asynchttpclient.netty.request.NettyRequestSender - Using open Channel [id: 0xf4a434c2, L:/127.0.0.1:62327 - R:localhost/127.0.0.1:64963] for GET '/session/8171a9d38fcceaf91bf5123d035678e0/screenshot'
16:38:52.292 [AsyncHttpClient-1-1] DEBUG org.asynchttpclient.netty.channel.DefaultChannelPool - Entry count for : http://localhost:62331 : 1
16:38:52.665 [AsyncHttpClient-1-8] DEBUG org.asynchttpclient.netty.handler.HttpHandler - 

Request DefaultFullHttpRequest(decodeResult: success, version: HTTP/1.1, content: EmptyByteBufBE)
GET /session/8171a9d38fcceaf91bf5123d035678e0/screenshot HTTP/1.1
User-Agent: selenium/4.1.2 (java windows)
Cache-Control: no-cache
Content-Type: application/json; charset=utf-8
host: localhost:64963
accept: */*

Response DefaultHttpResponse(decodeResult: success, version: HTTP/1.1)
HTTP/1.1 200 OK
Content-Type: application/json; charset=utf-8
cache-control: no-cache
content-length: 385372

16:38:52.697 [AsyncHttpClient-1-8] DEBUG org.asynchttpclient.netty.channel.ChannelManager - Adding key: http://localhost:64963 for channel [id: 0xf4a434c2, L:/127.0.0.1:62327 - R:localhost/127.0.0.1:64963]
16:38:52.727 [main] DEBUG net.serenitybdd.core.photography.Darkroom - Send negative for processing for target\site\serenity\53e9f75c3cf4d80207349f9ca0712530a466e6460bac90b90cee3054219f039a.png
16:38:52.727 [main] DEBUG net.thucydides.core.steps.StepInterceptor - STEP DONE: validateOnDashboardPage
  &amp#27;[32mGiven &amp#27;[0m&amp#27;[32mI am on the dashboard page&amp#27;[0m &amp#27;[90m# starter.stepdefinitions.DashboardSteps.iAmOnTheDashboardPage()&amp#27;[0m
16:38:52.772 [main] DEBUG net.thucydides.core.steps.StepInterceptor - STARTING STEP: DashboardSteps.iClickDeleteButton - clickDeleteButton
16:38:52.779 [Forwarding findElement on session 8171a9d38fcceaf91bf5123d035678e0 to remote] DEBUG org.asynchttpclient.netty.request.NettyRequestSender - Using pooled Channel '[id: 0xf4a434c2, L:/127.0.0.1:62327 - R:localhost/127.0.0.1:64963]' for 'POST' to 'http://localhost:64963/session/8171a9d38fcceaf91bf5123d035678e0/element'
16:38:52.779 [Forwarding findElement on session 8171a9d38fcceaf91bf5123d035678e0 to remote] DEBUG org.asynchttpclient.netty.request.NettyRequestSender - Using open Channel [id: 0xf4a434c2, L:/127.0.0.1:62327 - R:localhost/127.0.0.1:64963] for POST '/session/8171a9d38fcceaf91bf5123d035678e0/element'
16:38:52.811 [AsyncHttpClient-1-8] DEBUG org.asynchttpclient.netty.handler.HttpHandler - 

Request DefaultHttpRequest(decodeResult: success, version: HTTP/1.1)
POST /session/8171a9d38fcceaf91bf5123d035678e0/element HTTP/1.1
User-Agent: selenium/4.1.2 (java windows)
Content-Length: 177
Content-Type: application/json; charset=utf-8
host: localhost:64963
accept: */*

Response DefaultHttpResponse(decodeResult: success, version: HTTP/1.1)
HTTP/1.1 200 OK
Content-Type: application/json; charset=utf-8
cache-control: no-cache
content-length: 88

16:38:52.811 [AsyncHttpClient-1-8] DEBUG org.asynchttpclient.netty.channel.ChannelManager - Adding key: http://localhost:64963 for channel [id: 0xf4a434c2, L:/127.0.0.1:62327 - R:localhost/127.0.0.1:64963]
16:38:52.815 [Forwarding getElementTagName on session 8171a9d38fcceaf91bf5123d035678e0 to remote] DEBUG org.asynchttpclient.netty.request.NettyRequestSender - Using pooled Channel '[id: 0xf4a434c2, L:/127.0.0.1:62327 - R:localhost/127.0.0.1:64963]' for 'GET' to 'http://localhost:64963/session/8171a9d38fcceaf91bf5123d035678e0/element/456ddf58-5781-4d7b-a208-071612ec0e3d/name'
16:38:52.815 [Forwarding getElementTagName on session 8171a9d38fcceaf91bf5123d035678e0 to remote] DEBUG org.asynchttpclient.netty.request.NettyRequestSender - Using open Channel [id: 0xf4a434c2, L:/127.0.0.1:62327 - R:localhost/127.0.0.1:64963] for GET '/session/8171a9d38fcceaf91bf5123d035678e0/element/456ddf58-5781-4d7b-a208-071612ec0e3d/name'
16:38:52.820 [AsyncHttpClient-1-8] DEBUG org.asynchttpclient.netty.handler.HttpHandler - 

Request DefaultFullHttpRequest(decodeResult: success, version: HTTP/1.1, content: EmptyByteBufBE)
GET /session/8171a9d38fcceaf91bf5123d035678e0/element/456ddf58-5781-4d7b-a208-071612ec0e3d/name HTTP/1.1
User-Agent: selenium/4.1.2 (java windows)
Cache-Control: no-cache
Content-Type: application/json; charset=utf-8
host: localhost:64963
accept: */*

Response DefaultHttpResponse(decodeResult: success, version: HTTP/1.1)
HTTP/1.1 200 OK
Content-Type: application/json; charset=utf-8
cache-control: no-cache
content-length: 18

16:38:52.821 [AsyncHttpClient-1-8] DEBUG org.asynchttpclient.netty.channel.ChannelManager - Adding key: http://localhost:64963 for channel [id: 0xf4a434c2, L:/127.0.0.1:62327 - R:localhost/127.0.0.1:64963]
16:38:52.823 [Forwarding getElementTagName on session 8171a9d38fcceaf91bf5123d035678e0 to remote] DEBUG org.asynchttpclient.netty.request.NettyRequestSender - Using pooled Channel '[id: 0xf4a434c2, L:/127.0.0.1:62327 - R:localhost/127.0.0.1:64963]' for 'GET' to 'http://localhost:64963/session/8171a9d38fcceaf91bf5123d035678e0/element/456ddf58-5781-4d7b-a208-071612ec0e3d/name'
16:38:52.823 [Forwarding getElementTagName on session 8171a9d38fcceaf91bf5123d035678e0 to remote] DEBUG org.asynchttpclient.netty.request.NettyRequestSender - Using open Channel [id: 0xf4a434c2, L:/127.0.0.1:62327 - R:localhost/127.0.0.1:64963] for GET '/session/8171a9d38fcceaf91bf5123d035678e0/element/456ddf58-5781-4d7b-a208-071612ec0e3d/name'
16:38:52.828 [AsyncHttpClient-1-8] DEBUG org.asynchttpclient.netty.handler.HttpHandler - 

Request DefaultFullHttpRequest(decodeResult: success, version: HTTP/1.1, content: EmptyByteBufBE)
GET /session/8171a9d38fcceaf91bf5123d035678e0/element/456ddf58-5781-4d7b-a208-071612ec0e3d/name HTTP/1.1
User-Agent: selenium/4.1.2 (java windows)
Cache-Control: no-cache
Content-Type: application/json; charset=utf-8
host: localhost:64963
accept: */*

Response DefaultHttpResponse(decodeResult: success, version: HTTP/1.1)
HTTP/1.1 200 OK
Content-Type: application/json; charset=utf-8
cache-control: no-cache
content-length: 18

16:38:52.828 [AsyncHttpClient-1-8] DEBUG org.asynchttpclient.netty.channel.ChannelManager - Adding key: http://localhost:64963 for channel [id: 0xf4a434c2, L:/127.0.0.1:62327 - R:localhost/127.0.0.1:64963]
16:38:52.832 [Forwarding isElementEnabled on session 8171a9d38fcceaf91bf5123d035678e0 to remote] DEBUG org.asynchttpclient.netty.request.NettyRequestSender - Using pooled Channel '[id: 0xf4a434c2, L:/127.0.0.1:62327 - R:localhost/127.0.0.1:64963]' for 'GET' to 'http://localhost:64963/session/8171a9d38fcceaf91bf5123d035678e0/element/456ddf58-5781-4d7b-a208-071612ec0e3d/enabled'
16:38:52.832 [Forwarding isElementEnabled on session 8171a9d38fcceaf91bf5123d035678e0 to remote] DEBUG org.asynchttpclient.netty.request.NettyRequestSender - Using open Channel [id: 0xf4a434c2, L:/127.0.0.1:62327 - R:localhost/127.0.0.1:64963] for GET '/session/8171a9d38fcceaf91bf5123d035678e0/element/456ddf58-5781-4d7b-a208-071612ec0e3d/enabled'
16:38:52.862 [AsyncHttpClient-1-8] DEBUG org.asynchttpclient.netty.handler.HttpHandler - 

Request DefaultFullHttpRequest(decodeResult: success, version: HTTP/1.1, content: EmptyByteBufBE)
GET /session/8171a9d38fcceaf91bf5123d035678e0/element/456ddf58-5781-4d7b-a208-071612ec0e3d/enabled HTTP/1.1
User-Agent: selenium/4.1.2 (java windows)
Cache-Control: no-cache
Content-Type: application/json; charset=utf-8
host: localhost:64963
accept: */*

Response DefaultHttpResponse(decodeResult: success, version: HTTP/1.1)
HTTP/1.1 200 OK
Content-Type: application/json; charset=utf-8
cache-control: no-cache
content-length: 14

16:38:52.863 [AsyncHttpClient-1-8] DEBUG org.asynchttpclient.netty.channel.ChannelManager - Adding key: http://localhost:64963 for channel [id: 0xf4a434c2, L:/127.0.0.1:62327 - R:localhost/127.0.0.1:64963]
16:38:52.865 [Forwarding isElementEnabled on session 8171a9d38fcceaf91bf5123d035678e0 to remote] DEBUG org.asynchttpclient.netty.request.NettyRequestSender - Using pooled Channel '[id: 0xf4a434c2, L:/127.0.0.1:62327 - R:localhost/127.0.0.1:64963]' for 'GET' to 'http://localhost:64963/session/8171a9d38fcceaf91bf5123d035678e0/element/456ddf58-5781-4d7b-a208-071612ec0e3d/enabled'
16:38:52.865 [Forwarding isElementEnabled on session 8171a9d38fcceaf91bf5123d035678e0 to remote] DEBUG org.asynchttpclient.netty.request.NettyRequestSender - Using open Channel [id: 0xf4a434c2, L:/127.0.0.1:62327 - R:localhost/127.0.0.1:64963] for GET '/session/8171a9d38fcceaf91bf5123d035678e0/element/456ddf58-5781-4d7b-a208-071612ec0e3d/enabled'
16:38:52.872 [AsyncHttpClient-1-8] DEBUG org.asynchttpclient.netty.handler.HttpHandler - 

Request DefaultFullHttpRequest(decodeResult: success, version: HTTP/1.1, content: EmptyByteBufBE)
GET /session/8171a9d38fcceaf91bf5123d035678e0/element/456ddf58-5781-4d7b-a208-071612ec0e3d/enabled HTTP/1.1
User-Agent: selenium/4.1.2 (java windows)
Cache-Control: no-cache
Content-Type: application/json; charset=utf-8
host: localhost:64963
accept: */*

Response DefaultHttpResponse(decodeResult: success, version: HTTP/1.1)
HTTP/1.1 200 OK
Content-Type: application/json; charset=utf-8
cache-control: no-cache
content-length: 14

16:38:52.872 [AsyncHttpClient-1-8] DEBUG org.asynchttpclient.netty.channel.ChannelManager - Adding key: http://localhost:64963 for channel [id: 0xf4a434c2, L:/127.0.0.1:62327 - R:localhost/127.0.0.1:64963]
16:38:52.876 [Forwarding findElement on session 8171a9d38fcceaf91bf5123d035678e0 to remote] DEBUG org.asynchttpclient.netty.request.NettyRequestSender - Using pooled Channel '[id: 0xf4a434c2, L:/127.0.0.1:62327 - R:localhost/127.0.0.1:64963]' for 'POST' to 'http://localhost:64963/session/8171a9d38fcceaf91bf5123d035678e0/element'
16:38:52.877 [Forwarding findElement on session 8171a9d38fcceaf91bf5123d035678e0 to remote] DEBUG org.asynchttpclient.netty.request.NettyRequestSender - Using open Channel [id: 0xf4a434c2, L:/127.0.0.1:62327 - R:localhost/127.0.0.1:64963] for POST '/session/8171a9d38fcceaf91bf5123d035678e0/element'
16:38:52.886 [AsyncHttpClient-1-8] DEBUG org.asynchttpclient.netty.handler.HttpHandler - 

Request DefaultHttpRequest(decodeResult: success, version: HTTP/1.1)
POST /session/8171a9d38fcceaf91bf5123d035678e0/element HTTP/1.1
User-Agent: selenium/4.1.2 (java windows)
Content-Length: 177
Content-Type: application/json; charset=utf-8
host: localhost:64963
accept: */*

Response DefaultHttpResponse(decodeResult: success, version: HTTP/1.1)
HTTP/1.1 200 OK
Content-Type: application/json; charset=utf-8
cache-control: no-cache
content-length: 88

16:38:52.886 [AsyncHttpClient-1-8] DEBUG org.asynchttpclient.netty.channel.ChannelManager - Adding key: http://localhost:64963 for channel [id: 0xf4a434c2, L:/127.0.0.1:62327 - R:localhost/127.0.0.1:64963]
16:38:52.889 [Forwarding clickElement on session 8171a9d38fcceaf91bf5123d035678e0 to remote] DEBUG org.asynchttpclient.netty.request.NettyRequestSender - Using pooled Channel '[id: 0xf4a434c2, L:/127.0.0.1:62327 - R:localhost/127.0.0.1:64963]' for 'POST' to 'http://localhost:64963/session/8171a9d38fcceaf91bf5123d035678e0/element/456ddf58-5781-4d7b-a208-071612ec0e3d/click'
16:38:52.890 [Forwarding clickElement on session 8171a9d38fcceaf91bf5123d035678e0 to remote] DEBUG org.asynchttpclient.netty.request.NettyRequestSender - Using open Channel [id: 0xf4a434c2, L:/127.0.0.1:62327 - R:localhost/127.0.0.1:64963] for POST '/session/8171a9d38fcceaf91bf5123d035678e0/element/456ddf58-5781-4d7b-a208-071612ec0e3d/click'
16:38:53.392 [AsyncHttpClient-1-1] DEBUG org.asynchttpclient.netty.channel.DefaultChannelPool - Entry count for : http://localhost:62331 : 1
16:38:54.215 [AsyncHttpClient-1-8] DEBUG org.asynchttpclient.netty.handler.HttpHandler - 

Request DefaultHttpRequest(decodeResult: success, version: HTTP/1.1)
POST /session/8171a9d38fcceaf91bf5123d035678e0/element/456ddf58-5781-4d7b-a208-071612ec0e3d/click HTTP/1.1
User-Agent: selenium/4.1.2 (java windows)
Content-Length: 50
Content-Type: application/json; charset=utf-8
host: localhost:64963
accept: */*

Response DefaultHttpResponse(decodeResult: success, version: HTTP/1.1)
HTTP/1.1 200 OK
Content-Type: application/json; charset=utf-8
cache-control: no-cache
content-length: 14

16:38:54.215 [AsyncHttpClient-1-8] DEBUG org.asynchttpclient.netty.channel.ChannelManager - Adding key: http://localhost:64963 for channel [id: 0xf4a434c2, L:/127.0.0.1:62327 - R:localhost/127.0.0.1:64963]
16:38:54.231 [Forwarding screenshot on session 8171a9d38fcceaf91bf5123d035678e0 to remote] DEBUG org.asynchttpclient.netty.request.NettyRequestSender - Using pooled Channel '[id: 0xf4a434c2, L:/127.0.0.1:62327 - R:localhost/127.0.0.1:64963]' for 'GET' to 'http://localhost:64963/session/8171a9d38fcceaf91bf5123d035678e0/screenshot'
16:38:54.231 [Forwarding screenshot on session 8171a9d38fcceaf91bf5123d035678e0 to remote] DEBUG org.asynchttpclient.netty.request.NettyRequestSender - Using open Channel [id: 0xf4a434c2, L:/127.0.0.1:62327 - R:localhost/127.0.0.1:64963] for GET '/session/8171a9d38fcceaf91bf5123d035678e0/screenshot'
16:38:54.493 [AsyncHttpClient-1-1] DEBUG org.asynchttpclient.netty.channel.DefaultChannelPool - Entry count for : http://localhost:62331 : 1
16:38:54.546 [AsyncHttpClient-1-8] DEBUG org.asynchttpclient.netty.handler.HttpHandler - 

Request DefaultFullHttpRequest(decodeResult: success, version: HTTP/1.1, content: EmptyByteBufBE)
GET /session/8171a9d38fcceaf91bf5123d035678e0/screenshot HTTP/1.1
User-Agent: selenium/4.1.2 (java windows)
Cache-Control: no-cache
Content-Type: application/json; charset=utf-8
host: localhost:64963
accept: */*

Response DefaultHttpResponse(decodeResult: success, version: HTTP/1.1)
HTTP/1.1 200 OK
Content-Type: application/json; charset=utf-8
cache-control: no-cache
content-length: 301552

16:38:54.550 [AsyncHttpClient-1-8] DEBUG org.asynchttpclient.netty.channel.ChannelManager - Adding key: http://localhost:64963 for channel [id: 0xf4a434c2, L:/127.0.0.1:62327 - R:localhost/127.0.0.1:64963]
16:38:54.655 [main] DEBUG net.serenitybdd.core.photography.Darkroom - Send negative for processing for target\site\serenity\8d97a8fd19d49b95205a102f97cd22852419d3775e923022f491999bdf8ee815.png
16:38:54.655 [main] DEBUG net.thucydides.core.steps.StepInterceptor - STEP DONE: clickDeleteButton
  &amp#27;[32mWhen &amp#27;[0m&amp#27;[32mI click delete button&amp#27;[0m       &amp#27;[90m# starter.stepdefinitions.DashboardSteps.iClickDeleteButton()&amp#27;[0m
16:38:54.656 [Darkroom Processing Line] DEBUG net.serenitybdd.core.photography.DarkroomProcessingLine - Processing screenshot image in /var/screenshots/screenshot-821769485675669835
16:38:54.656 [Darkroom Processing Line] DEBUG net.serenitybdd.core.photography.DarkroomProcessingLine - Saving screenshot to target\site\serenity\8d97a8fd19d49b95205a102f97cd22852419d3775e923022f491999bdf8ee815.png
16:38:54.684 [main] DEBUG net.thucydides.core.steps.StepInterceptor - STARTING STEP: DashboardSteps.iGetThePopup - deletePopUpAppears
16:38:54.706 [Forwarding findElement on session 8171a9d38fcceaf91bf5123d035678e0 to remote] DEBUG org.asynchttpclient.netty.request.NettyRequestSender - Using pooled Channel '[id: 0xf4a434c2, L:/127.0.0.1:62327 - R:localhost/127.0.0.1:64963]' for 'POST' to 'http://localhost:64963/session/8171a9d38fcceaf91bf5123d035678e0/element'
16:38:54.706 [Forwarding findElement on session 8171a9d38fcceaf91bf5123d035678e0 to remote] DEBUG org.asynchttpclient.netty.request.NettyRequestSender - Using open Channel [id: 0xf4a434c2, L:/127.0.0.1:62327 - R:localhost/127.0.0.1:64963] for POST '/session/8171a9d38fcceaf91bf5123d035678e0/element'
16:38:54.748 [AsyncHttpClient-1-8] DEBUG org.asynchttpclient.netty.handler.HttpHandler - 

Request DefaultHttpRequest(decodeResult: success, version: HTTP/1.1)
POST /session/8171a9d38fcceaf91bf5123d035678e0/element HTTP/1.1
User-Agent: selenium/4.1.2 (java windows)
Content-Length: 67
Content-Type: application/json; charset=utf-8
host: localhost:64963
accept: */*

Response DefaultHttpResponse(decodeResult: success, version: HTTP/1.1)
HTTP/1.1 200 OK
Content-Type: application/json; charset=utf-8
cache-control: no-cache
content-length: 88

16:38:54.749 [AsyncHttpClient-1-8] DEBUG org.asynchttpclient.netty.channel.ChannelManager - Adding key: http://localhost:64963 for channel [id: 0xf4a434c2, L:/127.0.0.1:62327 - R:localhost/127.0.0.1:64963]
16:38:54.763 [Forwarding isElementDisplayed on session 8171a9d38fcceaf91bf5123d035678e0 to remote] DEBUG org.asynchttpclient.netty.request.NettyRequestSender - Using pooled Channel '[id: 0xf4a434c2, L:/127.0.0.1:62327 - R:localhost/127.0.0.1:64963]' for 'POST' to 'http://localhost:64963/session/8171a9d38fcceaf91bf5123d035678e0/execute/sync'
16:38:54.763 [Forwarding isElementDisplayed on session 8171a9d38fcceaf91bf5123d035678e0 to remote] DEBUG org.asynchttpclient.netty.request.NettyRequestSender - Using open Channel [id: 0xf4a434c2, L:/127.0.0.1:62327 - R:localhost/127.0.0.1:64963] for POST '/session/8171a9d38fcceaf91bf5123d035678e0/execute/sync'
16:38:54.802 [AsyncHttpClient-1-8] DEBUG org.asynchttpclient.netty.handler.HttpHandler - 

Request DefaultHttpRequest(decodeResult: success, version: HTTP/1.1)
POST /session/8171a9d38fcceaf91bf5123d035678e0/execute/sync HTTP/1.1
User-Agent: selenium/4.1.2 (java windows)
Content-Length: 48780
Content-Type: application/json; charset=utf-8
host: localhost:64963
accept: */*

Response DefaultHttpResponse(decodeResult: success, version: HTTP/1.1)
HTTP/1.1 200 OK
Content-Type: application/json; charset=utf-8
cache-control: no-cache
content-length: 14

16:38:54.802 [AsyncHttpClient-1-8] DEBUG org.asynchttpclient.netty.channel.ChannelManager - Adding key: http://localhost:64963 for channel [id: 0xf4a434c2, L:/127.0.0.1:62327 - R:localhost/127.0.0.1:64963]
16:38:54.816 [Forwarding screenshot on session 8171a9d38fcceaf91bf5123d035678e0 to remote] DEBUG org.asynchttpclient.netty.request.NettyRequestSender - Using pooled Channel '[id: 0xf4a434c2, L:/127.0.0.1:62327 - R:localhost/127.0.0.1:64963]' for 'GET' to 'http://localhost:64963/session/8171a9d38fcceaf91bf5123d035678e0/screenshot'
16:38:54.816 [Forwarding screenshot on session 8171a9d38fcceaf91bf5123d035678e0 to remote] DEBUG org.asynchttpclient.netty.request.NettyRequestSender - Using open Channel [id: 0xf4a434c2, L:/127.0.0.1:62327 - R:localhost/127.0.0.1:64963] for GET '/session/8171a9d38fcceaf91bf5123d035678e0/screenshot'
16:38:55.040 [AsyncHttpClient-1-8] DEBUG org.asynchttpclient.netty.handler.HttpHandler - 

Request DefaultFullHttpRequest(decodeResult: success, version: HTTP/1.1, content: EmptyByteBufBE)
GET /session/8171a9d38fcceaf91bf5123d035678e0/screenshot HTTP/1.1
User-Agent: selenium/4.1.2 (java windows)
Cache-Control: no-cache
Content-Type: application/json; charset=utf-8
host: localhost:64963
accept: */*

Response DefaultHttpResponse(decodeResult: success, version: HTTP/1.1)
HTTP/1.1 200 OK
Content-Type: application/json; charset=utf-8
cache-control: no-cache
content-length: 244528

16:38:55.042 [AsyncHttpClient-1-8] DEBUG org.asynchttpclient.netty.channel.ChannelManager - Adding key: http://localhost:64963 for channel [id: 0xf4a434c2, L:/127.0.0.1:62327 - R:localhost/127.0.0.1:64963]
16:38:55.054 [main] DEBUG net.serenitybdd.core.photography.Darkroom - Send negative for processing for target\site\serenity\6eb0522606482b45caab02e72acbf1b16af8e4f875312fa6e185705c36b11305.png
16:38:55.054 [main] DEBUG net.thucydides.core.steps.StepInterceptor - STEP DONE: deletePopUpAppears
16:38:55.054 [Darkroom Processing Line] DEBUG net.serenitybdd.core.photography.DarkroomProcessingLine - Processing screenshot image in /var/screenshots/screenshot-8262531307037199624
16:38:55.054 [Darkroom Processing Line] DEBUG net.serenitybdd.core.photography.DarkroomProcessingLine - Saving screenshot to target\site\serenity\6eb0522606482b45caab02e72acbf1b16af8e4f875312fa6e185705c36b11305.png
  &amp#27;[32mAnd &amp#27;[0m&amp#27;[32mI get the popup&amp#27;[0m              &amp#27;[90m# starter.stepdefinitions.DashboardSteps.iGetThePopup()&amp#27;[0m
16:38:55.103 [main] DEBUG net.thucydides.core.steps.StepInterceptor - STARTING STEP: DashboardSteps.iClickButton - clickAgainDeleteButton
16:38:55.108 [Forwarding findElement on session 8171a9d38fcceaf91bf5123d035678e0 to remote] DEBUG org.asynchttpclient.netty.request.NettyRequestSender - Using pooled Channel '[id: 0xf4a434c2, L:/127.0.0.1:62327 - R:localhost/127.0.0.1:64963]' for 'POST' to 'http://localhost:64963/session/8171a9d38fcceaf91bf5123d035678e0/element'
16:38:55.108 [Forwarding findElement on session 8171a9d38fcceaf91bf5123d035678e0 to remote] DEBUG org.asynchttpclient.netty.request.NettyRequestSender - Using open Channel [id: 0xf4a434c2, L:/127.0.0.1:62327 - R:localhost/127.0.0.1:64963] for POST '/session/8171a9d38fcceaf91bf5123d035678e0/element'
16:38:55.141 [AsyncHttpClient-1-8] DEBUG org.asynchttpclient.netty.handler.HttpHandler - 

Request DefaultHttpRequest(decodeResult: success, version: HTTP/1.1)
POST /session/8171a9d38fcceaf91bf5123d035678e0/element HTTP/1.1
User-Agent: selenium/4.1.2 (java windows)
Content-Length: 105
Content-Type: application/json; charset=utf-8
host: localhost:64963
accept: */*

Response DefaultHttpResponse(decodeResult: success, version: HTTP/1.1)
HTTP/1.1 200 OK
Content-Type: application/json; charset=utf-8
cache-control: no-cache
content-length: 88

16:38:55.141 [AsyncHttpClient-1-8] DEBUG org.asynchttpclient.netty.channel.ChannelManager - Adding key: http://localhost:64963 for channel [id: 0xf4a434c2, L:/127.0.0.1:62327 - R:localhost/127.0.0.1:64963]
16:38:55.144 [Forwarding getElementTagName on session 8171a9d38fcceaf91bf5123d035678e0 to remote] DEBUG org.asynchttpclient.netty.request.NettyRequestSender - Using pooled Channel '[id: 0xf4a434c2, L:/127.0.0.1:62327 - R:localhost/127.0.0.1:64963]' for 'GET' to 'http://localhost:64963/session/8171a9d38fcceaf91bf5123d035678e0/element/d996a6e5-78a4-4379-b083-6ab0534c5d3b/name'
16:38:55.144 [Forwarding getElementTagName on session 8171a9d38fcceaf91bf5123d035678e0 to remote] DEBUG org.asynchttpclient.netty.request.NettyRequestSender - Using open Channel [id: 0xf4a434c2, L:/127.0.0.1:62327 - R:localhost/127.0.0.1:64963] for GET '/session/8171a9d38fcceaf91bf5123d035678e0/element/d996a6e5-78a4-4379-b083-6ab0534c5d3b/name'
16:38:55.149 [AsyncHttpClient-1-8] DEBUG org.asynchttpclient.netty.handler.HttpHandler - 

Request DefaultFullHttpRequest(decodeResult: success, version: HTTP/1.1, content: EmptyByteBufBE)
GET /session/8171a9d38fcceaf91bf5123d035678e0/element/d996a6e5-78a4-4379-b083-6ab0534c5d3b/name HTTP/1.1
User-Agent: selenium/4.1.2 (java windows)
Cache-Control: no-cache
Content-Type: application/json; charset=utf-8
host: localhost:64963
accept: */*

Response DefaultHttpResponse(decodeResult: success, version: HTTP/1.1)
HTTP/1.1 200 OK
Content-Type: application/json; charset=utf-8
cache-control: no-cache
content-length: 18

16:38:55.150 [AsyncHttpClient-1-8] DEBUG org.asynchttpclient.netty.channel.ChannelManager - Adding key: http://localhost:64963 for channel [id: 0xf4a434c2, L:/127.0.0.1:62327 - R:localhost/127.0.0.1:64963]
16:38:55.152 [Forwarding getElementTagName on session 8171a9d38fcceaf91bf5123d035678e0 to remote] DEBUG org.asynchttpclient.netty.request.NettyRequestSender - Using pooled Channel '[id: 0xf4a434c2, L:/127.0.0.1:62327 - R:localhost/127.0.0.1:64963]' for 'GET' to 'http://localhost:64963/session/8171a9d38fcceaf91bf5123d035678e0/element/d996a6e5-78a4-4379-b083-6ab0534c5d3b/name'
16:38:55.152 [Forwarding getElementTagName on session 8171a9d38fcceaf91bf5123d035678e0 to remote] DEBUG org.asynchttpclient.netty.request.NettyRequestSender - Using open Channel [id: 0xf4a434c2, L:/127.0.0.1:62327 - R:localhost/127.0.0.1:64963] for GET '/session/8171a9d38fcceaf91bf5123d035678e0/element/d996a6e5-78a4-4379-b083-6ab0534c5d3b/name'
16:38:55.156 [AsyncHttpClient-1-8] DEBUG org.asynchttpclient.netty.handler.HttpHandler - 

Request DefaultFullHttpRequest(decodeResult: success, version: HTTP/1.1, content: EmptyByteBufBE)
GET /session/8171a9d38fcceaf91bf5123d035678e0/element/d996a6e5-78a4-4379-b083-6ab0534c5d3b/name HTTP/1.1
User-Agent: selenium/4.1.2 (java windows)
Cache-Control: no-cache
Content-Type: application/json; charset=utf-8
host: localhost:64963
accept: */*

Response DefaultHttpResponse(decodeResult: success, version: HTTP/1.1)
HTTP/1.1 200 OK
Content-Type: application/json; charset=utf-8
cache-control: no-cache
content-length: 18

16:38:55.157 [AsyncHttpClient-1-8] DEBUG org.asynchttpclient.netty.channel.ChannelManager - Adding key: http://localhost:64963 for channel [id: 0xf4a434c2, L:/127.0.0.1:62327 - R:localhost/127.0.0.1:64963]
16:38:55.161 [Forwarding isElementEnabled on session 8171a9d38fcceaf91bf5123d035678e0 to remote] DEBUG org.asynchttpclient.netty.request.NettyRequestSender - Using pooled Channel '[id: 0xf4a434c2, L:/127.0.0.1:62327 - R:localhost/127.0.0.1:64963]' for 'GET' to 'http://localhost:64963/session/8171a9d38fcceaf91bf5123d035678e0/element/d996a6e5-78a4-4379-b083-6ab0534c5d3b/enabled'
16:38:55.161 [Forwarding isElementEnabled on session 8171a9d38fcceaf91bf5123d035678e0 to remote] DEBUG org.asynchttpclient.netty.request.NettyRequestSender - Using open Channel [id: 0xf4a434c2, L:/127.0.0.1:62327 - R:localhost/127.0.0.1:64963] for GET '/session/8171a9d38fcceaf91bf5123d035678e0/element/d996a6e5-78a4-4379-b083-6ab0534c5d3b/enabled'
16:38:55.174 [AsyncHttpClient-1-8] DEBUG org.asynchttpclient.netty.handler.HttpHandler - 

Request DefaultFullHttpRequest(decodeResult: success, version: HTTP/1.1, content: EmptyByteBufBE)
GET /session/8171a9d38fcceaf91bf5123d035678e0/element/d996a6e5-78a4-4379-b083-6ab0534c5d3b/enabled HTTP/1.1
User-Agent: selenium/4.1.2 (java windows)
Cache-Control: no-cache
Content-Type: application/json; charset=utf-8
host: localhost:64963
accept: */*

Response DefaultHttpResponse(decodeResult: success, version: HTTP/1.1)
HTTP/1.1 200 OK
Content-Type: application/json; charset=utf-8
cache-control: no-cache
content-length: 14

16:38:55.174 [AsyncHttpClient-1-8] DEBUG org.asynchttpclient.netty.channel.ChannelManager - Adding key: http://localhost:64963 for channel [id: 0xf4a434c2, L:/127.0.0.1:62327 - R:localhost/127.0.0.1:64963]
16:38:55.176 [Forwarding isElementEnabled on session 8171a9d38fcceaf91bf5123d035678e0 to remote] DEBUG org.asynchttpclient.netty.request.NettyRequestSender - Using pooled Channel '[id: 0xf4a434c2, L:/127.0.0.1:62327 - R:localhost/127.0.0.1:64963]' for 'GET' to 'http://localhost:64963/session/8171a9d38fcceaf91bf5123d035678e0/element/d996a6e5-78a4-4379-b083-6ab0534c5d3b/enabled'
16:38:55.176 [Forwarding isElementEnabled on session 8171a9d38fcceaf91bf5123d035678e0 to remote] DEBUG org.asynchttpclient.netty.request.NettyRequestSender - Using open Channel [id: 0xf4a434c2, L:/127.0.0.1:62327 - R:localhost/127.0.0.1:64963] for GET '/session/8171a9d38fcceaf91bf5123d035678e0/element/d996a6e5-78a4-4379-b083-6ab0534c5d3b/enabled'
16:38:55.185 [AsyncHttpClient-1-8] DEBUG org.asynchttpclient.netty.handler.HttpHandler - 

Request DefaultFullHttpRequest(decodeResult: success, version: HTTP/1.1, content: EmptyByteBufBE)
GET /session/8171a9d38fcceaf91bf5123d035678e0/element/d996a6e5-78a4-4379-b083-6ab0534c5d3b/enabled HTTP/1.1
User-Agent: selenium/4.1.2 (java windows)
Cache-Control: no-cache
Content-Type: application/json; charset=utf-8
host: localhost:64963
accept: */*

Response DefaultHttpResponse(decodeResult: success, version: HTTP/1.1)
HTTP/1.1 200 OK
Content-Type: application/json; charset=utf-8
cache-control: no-cache
content-length: 14

16:38:55.185 [AsyncHttpClient-1-8] DEBUG org.asynchttpclient.netty.channel.ChannelManager - Adding key: http://localhost:64963 for channel [id: 0xf4a434c2, L:/127.0.0.1:62327 - R:localhost/127.0.0.1:64963]
16:38:55.189 [Forwarding findElement on session 8171a9d38fcceaf91bf5123d035678e0 to remote] DEBUG org.asynchttpclient.netty.request.NettyRequestSender - Using pooled Channel '[id: 0xf4a434c2, L:/127.0.0.1:62327 - R:localhost/127.0.0.1:64963]' for 'POST' to 'http://localhost:64963/session/8171a9d38fcceaf91bf5123d035678e0/element'
16:38:55.190 [Forwarding findElement on session 8171a9d38fcceaf91bf5123d035678e0 to remote] DEBUG org.asynchttpclient.netty.request.NettyRequestSender - Using open Channel [id: 0xf4a434c2, L:/127.0.0.1:62327 - R:localhost/127.0.0.1:64963] for POST '/session/8171a9d38fcceaf91bf5123d035678e0/element'
16:38:55.200 [AsyncHttpClient-1-8] DEBUG org.asynchttpclient.netty.handler.HttpHandler - 

Request DefaultHttpRequest(decodeResult: success, version: HTTP/1.1)
POST /session/8171a9d38fcceaf91bf5123d035678e0/element HTTP/1.1
User-Agent: selenium/4.1.2 (java windows)
Content-Length: 105
Content-Type: application/json; charset=utf-8
host: localhost:64963
accept: */*

Response DefaultHttpResponse(decodeResult: success, version: HTTP/1.1)
HTTP/1.1 200 OK
Content-Type: application/json; charset=utf-8
cache-control: no-cache
content-length: 88

16:38:55.200 [AsyncHttpClient-1-8] DEBUG org.asynchttpclient.netty.channel.ChannelManager - Adding key: http://localhost:64963 for channel [id: 0xf4a434c2, L:/127.0.0.1:62327 - R:localhost/127.0.0.1:64963]
16:38:55.212 [Forwarding clickElement on session 8171a9d38fcceaf91bf5123d035678e0 to remote] DEBUG org.asynchttpclient.netty.request.NettyRequestSender - Using pooled Channel '[id: 0xf4a434c2, L:/127.0.0.1:62327 - R:localhost/127.0.0.1:64963]' for 'POST' to 'http://localhost:64963/session/8171a9d38fcceaf91bf5123d035678e0/element/d996a6e5-78a4-4379-b083-6ab0534c5d3b/click'
16:38:55.212 [Forwarding clickElement on session 8171a9d38fcceaf91bf5123d035678e0 to remote] DEBUG org.asynchttpclient.netty.request.NettyRequestSender - Using open Channel [id: 0xf4a434c2, L:/127.0.0.1:62327 - R:localhost/127.0.0.1:64963] for POST '/session/8171a9d38fcceaf91bf5123d035678e0/element/d996a6e5-78a4-4379-b083-6ab0534c5d3b/click'
16:38:55.441 [AsyncHttpClient-1-8] DEBUG org.asynchttpclient.netty.handler.HttpHandler - 

Request DefaultHttpRequest(decodeResult: success, version: HTTP/1.1)
POST /session/8171a9d38fcceaf91bf5123d035678e0/element/d996a6e5-78a4-4379-b083-6ab0534c5d3b/click HTTP/1.1
User-Agent: selenium/4.1.2 (java windows)
Content-Length: 50
Content-Type: application/json; charset=utf-8
host: localhost:64963
accept: */*

Response DefaultHttpResponse(decodeResult: success, version: HTTP/1.1)
HTTP/1.1 200 OK
Content-Type: application/json; charset=utf-8
cache-control: no-cache
content-length: 14

16:38:55.441 [AsyncHttpClient-1-8] DEBUG org.asynchttpclient.netty.channel.ChannelManager - Adding key: http://localhost:64963 for channel [id: 0xf4a434c2, L:/127.0.0.1:62327 - R:localhost/127.0.0.1:64963]
16:38:55.451 [Forwarding screenshot on session 8171a9d38fcceaf91bf5123d035678e0 to remote] DEBUG org.asynchttpclient.netty.request.NettyRequestSender - Using pooled Channel '[id: 0xf4a434c2, L:/127.0.0.1:62327 - R:localhost/127.0.0.1:64963]' for 'GET' to 'http://localhost:64963/session/8171a9d38fcceaf91bf5123d035678e0/screenshot'
16:38:55.451 [Forwarding screenshot on session 8171a9d38fcceaf91bf5123d035678e0 to remote] DEBUG org.asynchttpclient.netty.request.NettyRequestSender - Using open Channel [id: 0xf4a434c2, L:/127.0.0.1:62327 - R:localhost/127.0.0.1:64963] for GET '/session/8171a9d38fcceaf91bf5123d035678e0/screenshot'
16:38:55.591 [AsyncHttpClient-1-1] DEBUG org.asynchttpclient.netty.channel.DefaultChannelPool - Entry count for : http://localhost:62331 : 1
16:38:55.734 [AsyncHttpClient-1-8] DEBUG org.asynchttpclient.netty.handler.HttpHandler - 

Request DefaultFullHttpRequest(decodeResult: success, version: HTTP/1.1, content: EmptyByteBufBE)
GET /session/8171a9d38fcceaf91bf5123d035678e0/screenshot HTTP/1.1
User-Agent: selenium/4.1.2 (java windows)
Cache-Control: no-cache
Content-Type: application/json; charset=utf-8
host: localhost:64963
accept: */*

Response DefaultHttpResponse(decodeResult: success, version: HTTP/1.1)
HTTP/1.1 200 OK
Content-Type: application/json; charset=utf-8
cache-control: no-cache
content-length: 255560

16:38:55.736 [AsyncHttpClient-1-8] DEBUG org.asynchttpclient.netty.channel.ChannelManager - Adding key: http://localhost:64963 for channel [id: 0xf4a434c2, L:/127.0.0.1:62327 - R:localhost/127.0.0.1:64963]
16:38:55.748 [main] DEBUG net.serenitybdd.core.photography.Darkroom - Send negative for processing for target\site\serenity\cfbbc212eb05828004e9f4c557a1fc93012fe82ac8750b08626c5afd705c9dc2.png
16:38:55.749 [main] DEBUG net.thucydides.core.steps.StepInterceptor - STEP DONE: clickAgainDeleteButton
16:38:55.749 [Darkroom Processing Line] DEBUG net.serenitybdd.core.photography.DarkroomProcessingLine - Processing screenshot image in /var/screenshots/screenshot-753975348977675219
16:38:55.749 [Darkroom Processing Line] DEBUG net.serenitybdd.core.photography.DarkroomProcessingLine - Saving screenshot to target\site\serenity\cfbbc212eb05828004e9f4c557a1fc93012fe82ac8750b08626c5afd705c9dc2.png
  &amp#27;[32mThen &amp#27;[0m&amp#27;[32mI click &amp#27;[0m&amp#27;[32m&amp#27;[1m"delete"&amp#27;[0m&amp#27;[32m button&amp#27;[0m     &amp#27;[90m# starter.stepdefinitions.DashboardSteps.iClickButton(java.lang.String)&amp#27;[0m
16:38:55.768 [main] DEBUG net.thucydides.core.steps.StepInterceptor - STARTING STEP: DashboardSteps.iGet - deleteSuccess
16:38:55.771 [Forwarding findElement on session 8171a9d38fcceaf91bf5123d035678e0 to remote] DEBUG org.asynchttpclient.netty.request.NettyRequestSender - Using pooled Channel '[id: 0xf4a434c2, L:/127.0.0.1:62327 - R:localhost/127.0.0.1:64963]' for 'POST' to 'http://localhost:64963/session/8171a9d38fcceaf91bf5123d035678e0/element'
16:38:55.771 [Forwarding findElement on session 8171a9d38fcceaf91bf5123d035678e0 to remote] DEBUG org.asynchttpclient.netty.request.NettyRequestSender - Using open Channel [id: 0xf4a434c2, L:/127.0.0.1:62327 - R:localhost/127.0.0.1:64963] for POST '/session/8171a9d38fcceaf91bf5123d035678e0/element'
16:38:55.788 [AsyncHttpClient-1-8] DEBUG org.asynchttpclient.netty.handler.HttpHandler - 

Request DefaultHttpRequest(decodeResult: success, version: HTTP/1.1)
POST /session/8171a9d38fcceaf91bf5123d035678e0/element HTTP/1.1
User-Agent: selenium/4.1.2 (java windows)
Content-Length: 160
Content-Type: application/json; charset=utf-8
host: localhost:64963
accept: */*

Response DefaultHttpResponse(decodeResult: success, version: HTTP/1.1)
HTTP/1.1 200 OK
Content-Type: application/json; charset=utf-8
cache-control: no-cache
content-length: 88

16:38:55.788 [AsyncHttpClient-1-8] DEBUG org.asynchttpclient.netty.channel.ChannelManager - Adding key: http://localhost:64963 for channel [id: 0xf4a434c2, L:/127.0.0.1:62327 - R:localhost/127.0.0.1:64963]
16:38:55.793 [Forwarding isElementDisplayed on session 8171a9d38fcceaf91bf5123d035678e0 to remote] DEBUG org.asynchttpclient.netty.request.NettyRequestSender - Using pooled Channel '[id: 0xf4a434c2, L:/127.0.0.1:62327 - R:localhost/127.0.0.1:64963]' for 'POST' to 'http://localhost:64963/session/8171a9d38fcceaf91bf5123d035678e0/execute/sync'
16:38:55.793 [Forwarding isElementDisplayed on session 8171a9d38fcceaf91bf5123d035678e0 to remote] DEBUG org.asynchttpclient.netty.request.NettyRequestSender - Using open Channel [id: 0xf4a434c2, L:/127.0.0.1:62327 - R:localhost/127.0.0.1:64963] for POST '/session/8171a9d38fcceaf91bf5123d035678e0/execute/sync'
16:38:55.808 [AsyncHttpClient-1-8] DEBUG org.asynchttpclient.netty.handler.HttpHandler - 

Request DefaultHttpRequest(decodeResult: success, version: HTTP/1.1)
POST /session/8171a9d38fcceaf91bf5123d035678e0/execute/sync HTTP/1.1
User-Agent: selenium/4.1.2 (java windows)
Content-Length: 48780
Content-Type: application/json; charset=utf-8
host: localhost:64963
accept: */*

Response DefaultHttpResponse(decodeResult: success, version: HTTP/1.1)
HTTP/1.1 200 OK
Content-Type: application/json; charset=utf-8
cache-control: no-cache
content-length: 14

16:38:55.808 [AsyncHttpClient-1-8] DEBUG org.asynchttpclient.netty.channel.ChannelManager - Adding key: http://localhost:64963 for channel [id: 0xf4a434c2, L:/127.0.0.1:62327 - R:localhost/127.0.0.1:64963]
16:38:55.814 [Forwarding screenshot on session 8171a9d38fcceaf91bf5123d035678e0 to remote] DEBUG org.asynchttpclient.netty.request.NettyRequestSender - Using pooled Channel '[id: 0xf4a434c2, L:/127.0.0.1:62327 - R:localhost/127.0.0.1:64963]' for 'GET' to 'http://localhost:64963/session/8171a9d38fcceaf91bf5123d035678e0/screenshot'
16:38:55.814 [Forwarding screenshot on session 8171a9d38fcceaf91bf5123d035678e0 to remote] DEBUG org.asynchttpclient.netty.request.NettyRequestSender - Using open Channel [id: 0xf4a434c2, L:/127.0.0.1:62327 - R:localhost/127.0.0.1:64963] for GET '/session/8171a9d38fcceaf91bf5123d035678e0/screenshot'
16:38:56.060 [AsyncHttpClient-1-8] DEBUG org.asynchttpclient.netty.handler.HttpHandler - 

Request DefaultFullHttpRequest(decodeResult: success, version: HTTP/1.1, content: EmptyByteBufBE)
GET /session/8171a9d38fcceaf91bf5123d035678e0/screenshot HTTP/1.1
User-Agent: selenium/4.1.2 (java windows)
Cache-Control: no-cache
Content-Type: application/json; charset=utf-8
host: localhost:64963
accept: */*

Response DefaultHttpResponse(decodeResult: success, version: HTTP/1.1)
HTTP/1.1 200 OK
Content-Type: application/json; charset=utf-8
cache-control: no-cache
content-length: 282704

16:38:56.062 [AsyncHttpClient-1-8] DEBUG org.asynchttpclient.netty.channel.ChannelManager - Adding key: http://localhost:64963 for channel [id: 0xf4a434c2, L:/127.0.0.1:62327 - R:localhost/127.0.0.1:64963]
16:38:56.081 [main] DEBUG net.serenitybdd.core.photography.Darkroom - Send negative for processing for target\site\serenity\7585ae4563cca1b76720b40f8606103ec688d93154b78c3f4800ab7d590bc9ac.png
16:38:56.081 [main] DEBUG net.thucydides.core.steps.StepInterceptor - STEP DONE: deleteSuccess
  &amp#27;[32mAnd &amp#27;[0m&amp#27;[32mI get &amp#27;[0m&amp#27;[32m&amp#27;[1m"Row has been deleted"&amp#27;[0m &amp#27;[90m# starter.stepdefinitions.DashboardSteps.iGet(java.lang.String)&amp#27;[0m
16:38:56.081 [Darkroom Processing Line] DEBUG net.serenitybdd.core.photography.DarkroomProcessingLine - Processing screenshot image in /var/screenshots/screenshot-1133096959389759730
16:38:56.081 [Darkroom Processing Line] DEBUG net.serenitybdd.core.photography.DarkroomProcessingLine - Saving screenshot to target\site\serenity\7585ae4563cca1b76720b40f8606103ec688d93154b78c3f4800ab7d590bc9ac.png
16:38:56.096 [AsyncHttpClient-1-2] DEBUG org.asynchttpclient.netty.handler.WebSocketHandler - Channel Closed: [id: 0x3827ce1c, L:/127.0.0.1:62339 ! R:localhost/127.0.0.1:62331] with attribute NettyResponseFuture{currentRetry=5,
	isDone=1,
	isCancelled=0,
	asyncHandler=org.asynchttpclient.ws.WebSocketUpgradeHandler@6cb4f850,
	nettyRequest=org.asynchttpclient.netty.request.NettyRequest@3306634f,
	future=java.util.concurrent.CompletableFuture@7adc6616[Completed normally],
	uri=ws://localhost:62331/devtools/browser/563b1352-4e51-432d-9982-fbf5769ff4f7,
	keepAlive=true,
	redirectCount=0,
	timeoutsHolder=null,
	inAuth=0,
	touch=1654594722059}
16:38:56.096 [AsyncHttpClient-1-2] DEBUG org.asynchttpclient.netty.channel.ChannelManager - Closing Channel [id: 0x3827ce1c, L:/127.0.0.1:62339 ! R:localhost/127.0.0.1:62331] 
16:38:56.097 [Driver Command Executor] DEBUG org.asynchttpclient.netty.request.NettyRequestSender - Using pooled Channel '[id: 0xf4a434c2, L:/127.0.0.1:62327 - R:localhost/127.0.0.1:64963]' for 'DELETE' to 'http://localhost:64963/session/8171a9d38fcceaf91bf5123d035678e0'
16:38:56.097 [Driver Command Executor] DEBUG org.asynchttpclient.netty.request.NettyRequestSender - Using open Channel [id: 0xf4a434c2, L:/127.0.0.1:62327 - R:localhost/127.0.0.1:64963] for DELETE '/session/8171a9d38fcceaf91bf5123d035678e0'
16:38:56.130 [AsyncHttpClient-1-9] DEBUG org.asynchttpclient.netty.handler.HttpHandler - Unexpected I/O exception on channel [id: 0x89af217e, L:/127.0.0.1:62338 - R:localhost/127.0.0.1:62331]
java.net.SocketException: Connection reset
	at java.base/sun.nio.ch.SocketChannelImpl.throwConnectionReset(SocketChannelImpl.java:367)
	at java.base/sun.nio.ch.SocketChannelImpl.read(SocketChannelImpl.java:398)
	at io.netty.buffer.PooledByteBuf.setBytes(PooledByteBuf.java:258)
	at io.netty.buffer.AbstractByteBuf.writeBytes(AbstractByteBuf.java:1132)
	at io.netty.channel.socket.nio.NioSocketChannel.doReadBytes(NioSocketChannel.java:350)
	at io.netty.channel.nio.AbstractNioByteChannel$NioByteUnsafe.read(AbstractNioByteChannel.java:151)
	at io.netty.channel.nio.NioEventLoop.processSelectedKey(NioEventLoop.java:722)
	at io.netty.channel.nio.NioEventLoop.processSelectedKeysOptimized(NioEventLoop.java:658)
	at io.netty.channel.nio.NioEventLoop.processSelectedKeys(NioEventLoop.java:584)
	at io.netty.channel.nio.NioEventLoop.run(NioEventLoop.java:496)
	at io.netty.util.concurrent.SingleThreadEventExecutor$4.run(SingleThreadEventExecutor.java:986)
	at io.netty.util.internal.ThreadExecutorMap$2.run(ThreadExecutorMap.java:74)
	at io.netty.util.concurrent.FastThreadLocalRunnable.run(FastThreadLocalRunnable.java:30)
	at java.base/java.lang.Thread.run(Thread.java:832)
16:38:56.131 [AsyncHttpClient-1-9] DEBUG org.asynchttpclient.netty.channel.ChannelManager - Closing Channel [id: 0x89af217e, L:/127.0.0.1:62338 - R:localhost/127.0.0.1:62331] 
16:38:56.131 [AsyncHttpClient-1-9] DEBUG org.asynchttpclient.netty.handler.HttpHandler - Channel Closed: [id: 0x89af217e, L:/127.0.0.1:62338 ! R:localhost/127.0.0.1:62331] with attribute DISCARD
16:38:56.147 [AsyncHttpClient-1-8] DEBUG org.asynchttpclient.netty.handler.HttpHandler - 

Request DefaultFullHttpRequest(decodeResult: success, version: HTTP/1.1, content: EmptyByteBufBE)
DELETE /session/8171a9d38fcceaf91bf5123d035678e0 HTTP/1.1
User-Agent: selenium/4.1.2 (java windows)
Content-Type: application/json; charset=utf-8
host: localhost:64963
accept: */*

Response DefaultHttpResponse(decodeResult: success, version: HTTP/1.1)
HTTP/1.1 200 OK
Content-Type: application/json; charset=utf-8
cache-control: no-cache
content-length: 14

16:38:56.148 [AsyncHttpClient-1-8] DEBUG org.asynchttpclient.netty.channel.ChannelManager - Adding key: http://localhost:64963 for channel [id: 0xf4a434c2, L:/127.0.0.1:62327 - R:localhost/127.0.0.1:64963]
16:38:56.338 [AsyncHttpClient-1-8] DEBUG org.asynchttpclient.netty.handler.HttpHandler - Channel Closed: [id: 0xf4a434c2, L:/127.0.0.1:62327 ! R:localhost/127.0.0.1:64963] with attribute DISCARD
16:38:56.692 [AsyncHttpClient-1-1] DEBUG org.asynchttpclient.netty.channel.DefaultChannelPool - Entry count for : http://localhost:62331 : 1
16:38:56.692 [AsyncHttpClient-1-1] DEBUG org.asynchttpclient.netty.channel.DefaultChannelPool - Entry count for : http://localhost:64963 : 1
16:38:56.692 [AsyncHttpClient-1-1] DEBUG org.asynchttpclient.netty.channel.DefaultChannelPool - Adding Candidate expired Channel [id: 0x89af217e, L:/127.0.0.1:62338 ! R:localhost/127.0.0.1:62331] isIdleTimeoutExpired=false isRemotelyClosed=true isTtlExpired=false
16:38:56.692 [AsyncHttpClient-1-1] DEBUG org.asynchttpclient.netty.channel.DefaultChannelPool - Closing Idle Channel [id: 0x89af217e, L:/127.0.0.1:62338 ! R:localhost/127.0.0.1:62331]
16:38:56.693 [AsyncHttpClient-1-1] DEBUG org.asynchttpclient.netty.channel.DefaultChannelPool - Adding Candidate expired Channel [id: 0xf4a434c2, L:/127.0.0.1:62327 ! R:localhost/127.0.0.1:64963] isIdleTimeoutExpired=false isRemotelyClosed=true isTtlExpired=false
16:38:56.693 [AsyncHttpClient-1-1] DEBUG org.asynchttpclient.netty.channel.DefaultChannelPool - Closing Idle Channel [id: 0xf4a434c2, L:/127.0.0.1:62327 ! R:localhost/127.0.0.1:64963]
16:38:56.693 [AsyncHttpClient-1-1] DEBUG org.asynchttpclient.netty.channel.DefaultChannelPool - Closed 2 connections out of 2 in 1 ms
16:38:56.854 [main] INFO  - 
  _____   ___   ___   _____     ___     _     ___   ___   ___   ___  
 |_   _| | __| / __| |_   _|   | _ \   /_\   / __| / __| | __| |   \ 
   | |   | _|  \__ \   | |     |  _/  / _ \  \__ \ \__ \ | _|  | |) |
   |_|   |___| |___/   |_|     |_|   /_/ \_\ |___/ |___/ |___| |___/ 

delete scenario
----------------------------------------------------------------------
]]></system-out>
    <system-err><![CDATA[Starting ChromeDriver 102.0.5005.61 (0e59bcc00cc4985ce39ad31c150065f159d95ad3-refs/branch-heads/5005@{#819}) on port 64963
Only local connections are allowed.
Please see https://chromedriver.chromium.org/security-considerations for suggestions on keeping ChromeDriver safe.
ChromeDriver was started successfully.
Jun 07, 2022 4:38:42 PM org.openqa.selenium.remote.ProtocolHandshake createSession
INFO: Detected dialect: W3C
Jun 07, 2022 4:38:42 PM org.openqa.selenium.devtools.CdpVersionFinder findNearestMatch
WARNING: Unable to find an exact match for CDP version 102, so returning the closest version found: a no-op implementation
Jun 07, 2022 4:38:42 PM org.openqa.selenium.devtools.CdpVersionFinder findNearestMatch
INFO: Unable to find CDP implementation matching 102.
Jun 07, 2022 4:38:42 PM org.openqa.selenium.chromium.ChromiumDriver lambda$new$3
WARNING: Unable to find version of CDP to use for . You may need to include a dependency on a specific version of the CDP using something similar to `org.seleniumhq.selenium:selenium-devtools-v86:4.1.2` where the version ("v86") matches the version of the chromium-based browser you're using and the version number of the artifact is the same as Selenium's.
]]></system-err>
  </testcase>
  <testcase name="delete scenario #2" classname="Dashboard" time="11.406">
    <system-out><![CDATA[
@Dashboard @Delete
Scenario Outline: delete scenario  &amp#27;[90m# src/test/resources/features/Dashboard.feature:29&amp#27;[0m
16:38:56.880 [main] INFO io.cucumber.core.plugin.SerenityReporter - Running feature from file:///E:/My%20Documents/File%20Difa/TI%20Semester%206%20Kampus%20Merdeka%20Alterra/Tugas/CAPSTONE%20Project/Capstone-Project-Website/Capstone-Project-Website/src/test/resources/features/Dashboard.feature
16:38:56.924 [main] DEBUG net.thucydides.core.steps.StepInterceptor - STARTING STEP: DashboardSteps.iAmOnTheDashboardPage - openUrl
16:38:56.926 [main] INFO net.serenitybdd.core.webdriver.driverproviders.ChromeDriverProvider - Using automatically driver download
16:38:57.505 [main] DEBUG io.github.bonigarcia.wdm.cache.ResolutionCache - Resolution chrome=102 in cache (valid until 17:27:55 07/06/2022 ICT)
16:38:57.509 [main] DEBUG io.github.bonigarcia.wdm.cache.ResolutionCache - Resolution chrome102=102.0.5005.61 in cache (valid until 15:18:17 08/06/2022 ICT)
16:38:57.511 [main] INFO io.github.bonigarcia.wdm.WebDriverManager - Using chromedriver 102.0.5005.61 (resolved driver for Chrome 102)
16:38:57.524 [main] DEBUG io.github.bonigarcia.wdm.WebDriverManager - Driver chromedriver 102.0.5005.61 found in cache
16:38:57.524 [main] INFO io.github.bonigarcia.wdm.WebDriverManager - Exporting webdriver.chrome.driver as C:\Users\USER\.cache\selenium\chromedriver\win32\102.0.5005.61\chromedriver.exe
16:38:57.676 [main] DEBUG net.serenitybdd.core.webdriver.driverproviders.ProvideNewDriver - Instantiating driver
16:38:57.676 [main] DEBUG net.serenitybdd.core.webdriver.driverproviders.ProvideNewDriver - Driver capabilities: Capabilities {acceptInsecureCerts: false, base.url: https://group7-react-dev.ne..., browserName: chrome, chrome.driver: src/test/resources/webdrive..., driver: chrome, goog:chromeOptions: {args: [], extensions: []}}
16:38:58.739 [AsyncHttpClient-1-3] DEBUG org.asynchttpclient.netty.channel.NettyConnectListener - Using new Channel '[id: 0x910dff72, L:/127.0.0.1:62362 - R:localhost/127.0.0.1:55722]' for 'POST' to '/session'
16:39:01.840 [AsyncHttpClient-1-3] DEBUG org.asynchttpclient.netty.handler.HttpHandler - 

Request DefaultHttpRequest(decodeResult: success, version: HTTP/1.1)
POST /session HTTP/1.1
User-Agent: selenium/4.1.2 (java windows)
Content-Length: 617
Content-Type: application/json; charset=utf-8
host: localhost:55722
accept: */*

Response DefaultHttpResponse(decodeResult: success, version: HTTP/1.1)
HTTP/1.1 200 OK
Content-Type: application/json; charset=utf-8
cache-control: no-cache
content-length: 787

16:39:01.841 [AsyncHttpClient-1-3] DEBUG org.asynchttpclient.netty.channel.ChannelManager - Adding key: http://localhost:55722 for channel [id: 0x910dff72, L:/127.0.0.1:62362 - R:localhost/127.0.0.1:55722]
16:39:01.860 [AsyncHttpClient-1-4] DEBUG org.asynchttpclient.netty.channel.NettyConnectListener - Using new Channel '[id: 0xd798ed2e, L:/127.0.0.1:62372 - R:localhost/127.0.0.1:62365]' for 'GET' to '/json/version'
16:39:01.863 [AsyncHttpClient-1-4] DEBUG org.asynchttpclient.netty.handler.HttpHandler - 

Request DefaultFullHttpRequest(decodeResult: success, version: HTTP/1.1, content: EmptyByteBufBE)
GET /json/version HTTP/1.1
User-Agent: selenium/4.1.2 (java windows)
host: localhost:62365
accept: */*

Response DefaultHttpResponse(decodeResult: success, version: HTTP/1.1)
HTTP/1.1 200 OK
Content-Type: application/json; charset=UTF-8
content-length: 425

16:39:01.864 [AsyncHttpClient-1-4] DEBUG org.asynchttpclient.netty.channel.ChannelManager - Adding key: http://localhost:62365 for channel [id: 0xd798ed2e, L:/127.0.0.1:62372 - R:localhost/127.0.0.1:62365]
16:39:01.867 [AsyncHttpClient-1-5] DEBUG org.asynchttpclient.netty.channel.NettyConnectListener - Using new Channel '[id: 0x8f4201b6, L:/127.0.0.1:62373 - R:localhost/127.0.0.1:62365]' for 'GET' to '/devtools/browser/29155182-70ec-425c-96a4-4ca32e437729'
16:39:01.869 [AsyncHttpClient-1-5] DEBUG org.asynchttpclient.netty.handler.WebSocketHandler - 

Request DefaultFullHttpRequest(decodeResult: success, version: HTTP/1.1, content: EmptyByteBufBE)
GET /devtools/browser/29155182-70ec-425c-96a4-4ca32e437729 HTTP/1.1
upgrade: websocket
connection: upgrade
sec-websocket-key: smQwOLi6zUj2IFf65IRLFg==
sec-websocket-version: 13
origin: http://localhost:62365
host: localhost:62365
accept: */*
user-agent: AHC/2.1

Response DefaultHttpResponse(decodeResult: success, version: HTTP/1.1)
HTTP/1.1 101 WebSocket Protocol Handshake
Upgrade: WebSocket
Connection: Upgrade
Sec-WebSocket-Accept: xU8zzLtF4GXJ3jrqWKWGQ/ZamdU=

16:39:01.881 [Forwarding maximizeCurrentWindow on session cb5891f53e81166530e0cbcd2966b571 to remote] DEBUG org.asynchttpclient.netty.request.NettyRequestSender - Using pooled Channel '[id: 0x910dff72, L:/127.0.0.1:62362 - R:localhost/127.0.0.1:55722]' for 'POST' to 'http://localhost:55722/session/cb5891f53e81166530e0cbcd2966b571/window/maximize'
16:39:01.882 [Forwarding maximizeCurrentWindow on session cb5891f53e81166530e0cbcd2966b571 to remote] DEBUG org.asynchttpclient.netty.request.NettyRequestSender - Using open Channel [id: 0x910dff72, L:/127.0.0.1:62362 - R:localhost/127.0.0.1:55722] for POST '/session/cb5891f53e81166530e0cbcd2966b571/window/maximize'
16:39:02.154 [AsyncHttpClient-1-3] DEBUG org.asynchttpclient.netty.handler.HttpHandler - 

Request DefaultHttpRequest(decodeResult: success, version: HTTP/1.1)
POST /session/cb5891f53e81166530e0cbcd2966b571/window/maximize HTTP/1.1
User-Agent: selenium/4.1.2 (java windows)
Content-Length: 3
Content-Type: application/json; charset=utf-8
host: localhost:55722
accept: */*

Response DefaultHttpResponse(decodeResult: success, version: HTTP/1.1)
HTTP/1.1 200 OK
Content-Type: application/json; charset=utf-8
cache-control: no-cache
content-length: 51

16:39:02.154 [AsyncHttpClient-1-3] DEBUG org.asynchttpclient.netty.channel.ChannelManager - Adding key: http://localhost:55722 for channel [id: 0x910dff72, L:/127.0.0.1:62362 - R:localhost/127.0.0.1:55722]
16:39:02.158 [Forwarding get on session cb5891f53e81166530e0cbcd2966b571 to remote] DEBUG org.asynchttpclient.netty.request.NettyRequestSender - Using pooled Channel '[id: 0x910dff72, L:/127.0.0.1:62362 - R:localhost/127.0.0.1:55722]' for 'POST' to 'http://localhost:55722/session/cb5891f53e81166530e0cbcd2966b571/url'
16:39:02.158 [Forwarding get on session cb5891f53e81166530e0cbcd2966b571 to remote] DEBUG org.asynchttpclient.netty.request.NettyRequestSender - Using open Channel [id: 0x910dff72, L:/127.0.0.1:62362 - R:localhost/127.0.0.1:55722] for POST '/session/cb5891f53e81166530e0cbcd2966b571/url'
16:39:02.192 [AsyncHttpClient-1-1] DEBUG org.asynchttpclient.netty.channel.DefaultChannelPool - Entry count for : http://localhost:62365 : 1
16:39:03.292 [AsyncHttpClient-1-1] DEBUG org.asynchttpclient.netty.channel.DefaultChannelPool - Entry count for : http://localhost:62365 : 1
16:39:04.394 [AsyncHttpClient-1-1] DEBUG org.asynchttpclient.netty.channel.DefaultChannelPool - Entry count for : http://localhost:62365 : 1
16:39:04.866 [AsyncHttpClient-1-3] DEBUG org.asynchttpclient.netty.handler.HttpHandler - 

Request DefaultHttpRequest(decodeResult: success, version: HTTP/1.1)
POST /session/cb5891f53e81166530e0cbcd2966b571/url HTTP/1.1
User-Agent: selenium/4.1.2 (java windows)
Content-Length: 61
Content-Type: application/json; charset=utf-8
host: localhost:55722
accept: */*

Response DefaultHttpResponse(decodeResult: success, version: HTTP/1.1)
HTTP/1.1 200 OK
Content-Type: application/json; charset=utf-8
cache-control: no-cache
content-length: 14

16:39:04.867 [AsyncHttpClient-1-3] DEBUG org.asynchttpclient.netty.channel.ChannelManager - Adding key: http://localhost:55722 for channel [id: 0x910dff72, L:/127.0.0.1:62362 - R:localhost/127.0.0.1:55722]
16:39:04.873 [Forwarding setTimeout on session cb5891f53e81166530e0cbcd2966b571 to remote] DEBUG org.asynchttpclient.netty.request.NettyRequestSender - Using pooled Channel '[id: 0x910dff72, L:/127.0.0.1:62362 - R:localhost/127.0.0.1:55722]' for 'POST' to 'http://localhost:55722/session/cb5891f53e81166530e0cbcd2966b571/timeouts'
16:39:04.874 [Forwarding setTimeout on session cb5891f53e81166530e0cbcd2966b571 to remote] DEBUG org.asynchttpclient.netty.request.NettyRequestSender - Using open Channel [id: 0x910dff72, L:/127.0.0.1:62362 - R:localhost/127.0.0.1:55722] for POST '/session/cb5891f53e81166530e0cbcd2966b571/timeouts'
16:39:04.877 [AsyncHttpClient-1-3] DEBUG org.asynchttpclient.netty.handler.HttpHandler - 

Request DefaultHttpRequest(decodeResult: success, version: HTTP/1.1)
POST /session/cb5891f53e81166530e0cbcd2966b571/timeouts HTTP/1.1
User-Agent: selenium/4.1.2 (java windows)
Content-Length: 22
Content-Type: application/json; charset=utf-8
host: localhost:55722
accept: */*

Response DefaultHttpResponse(decodeResult: success, version: HTTP/1.1)
HTTP/1.1 200 OK
Content-Type: application/json; charset=utf-8
cache-control: no-cache
content-length: 14

16:39:04.878 [AsyncHttpClient-1-3] DEBUG org.asynchttpclient.netty.channel.ChannelManager - Adding key: http://localhost:55722 for channel [id: 0x910dff72, L:/127.0.0.1:62362 - R:localhost/127.0.0.1:55722]
16:39:04.886 [Forwarding getCurrentUrl on session cb5891f53e81166530e0cbcd2966b571 to remote] DEBUG org.asynchttpclient.netty.request.NettyRequestSender - Using pooled Channel '[id: 0x910dff72, L:/127.0.0.1:62362 - R:localhost/127.0.0.1:55722]' for 'GET' to 'http://localhost:55722/session/cb5891f53e81166530e0cbcd2966b571/url'
16:39:04.886 [Forwarding getCurrentUrl on session cb5891f53e81166530e0cbcd2966b571 to remote] DEBUG org.asynchttpclient.netty.request.NettyRequestSender - Using open Channel [id: 0x910dff72, L:/127.0.0.1:62362 - R:localhost/127.0.0.1:55722] for GET '/session/cb5891f53e81166530e0cbcd2966b571/url'
16:39:04.893 [AsyncHttpClient-1-3] DEBUG org.asynchttpclient.netty.handler.HttpHandler - 

Request DefaultFullHttpRequest(decodeResult: success, version: HTTP/1.1, content: EmptyByteBufBE)
GET /session/cb5891f53e81166530e0cbcd2966b571/url HTTP/1.1
User-Agent: selenium/4.1.2 (java windows)
Cache-Control: no-cache
Content-Type: application/json; charset=utf-8
host: localhost:55722
accept: */*

Response DefaultHttpResponse(decodeResult: success, version: HTTP/1.1)
HTTP/1.1 200 OK
Content-Type: application/json; charset=utf-8
cache-control: no-cache
content-length: 49

16:39:04.894 [AsyncHttpClient-1-3] DEBUG org.asynchttpclient.netty.channel.ChannelManager - Adding key: http://localhost:55722 for channel [id: 0x910dff72, L:/127.0.0.1:62362 - R:localhost/127.0.0.1:55722]
16:39:04.906 [Forwarding getCurrentUrl on session cb5891f53e81166530e0cbcd2966b571 to remote] DEBUG org.asynchttpclient.netty.request.NettyRequestSender - Using pooled Channel '[id: 0x910dff72, L:/127.0.0.1:62362 - R:localhost/127.0.0.1:55722]' for 'GET' to 'http://localhost:55722/session/cb5891f53e81166530e0cbcd2966b571/url'
16:39:04.906 [Forwarding getCurrentUrl on session cb5891f53e81166530e0cbcd2966b571 to remote] DEBUG org.asynchttpclient.netty.request.NettyRequestSender - Using open Channel [id: 0x910dff72, L:/127.0.0.1:62362 - R:localhost/127.0.0.1:55722] for GET '/session/cb5891f53e81166530e0cbcd2966b571/url'
16:39:04.913 [AsyncHttpClient-1-3] DEBUG org.asynchttpclient.netty.handler.HttpHandler - 

Request DefaultFullHttpRequest(decodeResult: success, version: HTTP/1.1, content: EmptyByteBufBE)
GET /session/cb5891f53e81166530e0cbcd2966b571/url HTTP/1.1
User-Agent: selenium/4.1.2 (java windows)
Cache-Control: no-cache
Content-Type: application/json; charset=utf-8
host: localhost:55722
accept: */*

Response DefaultHttpResponse(decodeResult: success, version: HTTP/1.1)
HTTP/1.1 200 OK
Content-Type: application/json; charset=utf-8
cache-control: no-cache
content-length: 49

16:39:04.913 [AsyncHttpClient-1-3] DEBUG org.asynchttpclient.netty.channel.ChannelManager - Adding key: http://localhost:55722 for channel [id: 0x910dff72, L:/127.0.0.1:62362 - R:localhost/127.0.0.1:55722]
16:39:04.930 [Forwarding screenshot on session cb5891f53e81166530e0cbcd2966b571 to remote] DEBUG org.asynchttpclient.netty.request.NettyRequestSender - Using pooled Channel '[id: 0x910dff72, L:/127.0.0.1:62362 - R:localhost/127.0.0.1:55722]' for 'GET' to 'http://localhost:55722/session/cb5891f53e81166530e0cbcd2966b571/screenshot'
16:39:04.930 [Forwarding screenshot on session cb5891f53e81166530e0cbcd2966b571 to remote] DEBUG org.asynchttpclient.netty.request.NettyRequestSender - Using open Channel [id: 0x910dff72, L:/127.0.0.1:62362 - R:localhost/127.0.0.1:55722] for GET '/session/cb5891f53e81166530e0cbcd2966b571/screenshot'
16:39:05.364 [AsyncHttpClient-1-3] DEBUG org.asynchttpclient.netty.handler.HttpHandler - 

Request DefaultFullHttpRequest(decodeResult: success, version: HTTP/1.1, content: EmptyByteBufBE)
GET /session/cb5891f53e81166530e0cbcd2966b571/screenshot HTTP/1.1
User-Agent: selenium/4.1.2 (java windows)
Cache-Control: no-cache
Content-Type: application/json; charset=utf-8
host: localhost:55722
accept: */*

Response DefaultHttpResponse(decodeResult: success, version: HTTP/1.1)
HTTP/1.1 200 OK
Content-Type: application/json; charset=utf-8
cache-control: no-cache
content-length: 345108

16:39:05.369 [AsyncHttpClient-1-3] DEBUG org.asynchttpclient.netty.channel.ChannelManager - Adding key: http://localhost:55722 for channel [id: 0x910dff72, L:/127.0.0.1:62362 - R:localhost/127.0.0.1:55722]
16:39:05.396 [main] DEBUG net.serenitybdd.core.photography.Darkroom - Send negative for processing for target\site\serenity\6db271670b0749ee4f20e8115aa61c488043a1f6b63c161d80dd4cf997f48621.png
16:39:05.397 [main] DEBUG net.thucydides.core.steps.StepInterceptor - STEP DONE: openUrl
16:39:05.397 [Darkroom Processing Line] DEBUG net.serenitybdd.core.photography.DarkroomProcessingLine - Processing screenshot image in /var/screenshots/screenshot-3826819689185537907
16:39:05.397 [Darkroom Processing Line] DEBUG net.serenitybdd.core.photography.DarkroomProcessingLine - Saving screenshot to target\site\serenity\6db271670b0749ee4f20e8115aa61c488043a1f6b63c161d80dd4cf997f48621.png
16:39:05.405 [main] DEBUG net.thucydides.core.steps.StepInterceptor - STARTING STEP: DashboardSteps.iAmOnTheDashboardPage - validateOnDashboardPage
16:39:05.408 [Forwarding findElement on session cb5891f53e81166530e0cbcd2966b571 to remote] DEBUG org.asynchttpclient.netty.request.NettyRequestSender - Using pooled Channel '[id: 0x910dff72, L:/127.0.0.1:62362 - R:localhost/127.0.0.1:55722]' for 'POST' to 'http://localhost:55722/session/cb5891f53e81166530e0cbcd2966b571/element'
16:39:05.408 [Forwarding findElement on session cb5891f53e81166530e0cbcd2966b571 to remote] DEBUG org.asynchttpclient.netty.request.NettyRequestSender - Using open Channel [id: 0x910dff72, L:/127.0.0.1:62362 - R:localhost/127.0.0.1:55722] for POST '/session/cb5891f53e81166530e0cbcd2966b571/element'
16:39:05.430 [AsyncHttpClient-1-3] DEBUG org.asynchttpclient.netty.handler.HttpHandler - 

Request DefaultHttpRequest(decodeResult: success, version: HTTP/1.1)
POST /session/cb5891f53e81166530e0cbcd2966b571/element HTTP/1.1
User-Agent: selenium/4.1.2 (java windows)
Content-Length: 105
Content-Type: application/json; charset=utf-8
host: localhost:55722
accept: */*

Response DefaultHttpResponse(decodeResult: success, version: HTTP/1.1)
HTTP/1.1 200 OK
Content-Type: application/json; charset=utf-8
cache-control: no-cache
content-length: 88

16:39:05.431 [AsyncHttpClient-1-3] DEBUG org.asynchttpclient.netty.channel.ChannelManager - Adding key: http://localhost:55722 for channel [id: 0x910dff72, L:/127.0.0.1:62362 - R:localhost/127.0.0.1:55722]
16:39:05.437 [Forwarding isElementDisplayed on session cb5891f53e81166530e0cbcd2966b571 to remote] DEBUG org.asynchttpclient.netty.request.NettyRequestSender - Using pooled Channel '[id: 0x910dff72, L:/127.0.0.1:62362 - R:localhost/127.0.0.1:55722]' for 'POST' to 'http://localhost:55722/session/cb5891f53e81166530e0cbcd2966b571/execute/sync'
16:39:05.437 [Forwarding isElementDisplayed on session cb5891f53e81166530e0cbcd2966b571 to remote] DEBUG org.asynchttpclient.netty.request.NettyRequestSender - Using open Channel [id: 0x910dff72, L:/127.0.0.1:62362 - R:localhost/127.0.0.1:55722] for POST '/session/cb5891f53e81166530e0cbcd2966b571/execute/sync'
16:39:05.457 [AsyncHttpClient-1-3] DEBUG org.asynchttpclient.netty.handler.HttpHandler - 

Request DefaultHttpRequest(decodeResult: success, version: HTTP/1.1)
POST /session/cb5891f53e81166530e0cbcd2966b571/execute/sync HTTP/1.1
User-Agent: selenium/4.1.2 (java windows)
Content-Length: 48780
Content-Type: application/json; charset=utf-8
host: localhost:55722
accept: */*

Response DefaultHttpResponse(decodeResult: success, version: HTTP/1.1)
HTTP/1.1 200 OK
Content-Type: application/json; charset=utf-8
cache-control: no-cache
content-length: 14

16:39:05.458 [AsyncHttpClient-1-3] DEBUG org.asynchttpclient.netty.channel.ChannelManager - Adding key: http://localhost:55722 for channel [id: 0x910dff72, L:/127.0.0.1:62362 - R:localhost/127.0.0.1:55722]
16:39:05.463 [Forwarding screenshot on session cb5891f53e81166530e0cbcd2966b571 to remote] DEBUG org.asynchttpclient.netty.request.NettyRequestSender - Using pooled Channel '[id: 0x910dff72, L:/127.0.0.1:62362 - R:localhost/127.0.0.1:55722]' for 'GET' to 'http://localhost:55722/session/cb5891f53e81166530e0cbcd2966b571/screenshot'
16:39:05.463 [Forwarding screenshot on session cb5891f53e81166530e0cbcd2966b571 to remote] DEBUG org.asynchttpclient.netty.request.NettyRequestSender - Using open Channel [id: 0x910dff72, L:/127.0.0.1:62362 - R:localhost/127.0.0.1:55722] for GET '/session/cb5891f53e81166530e0cbcd2966b571/screenshot'
16:39:05.491 [AsyncHttpClient-1-1] DEBUG org.asynchttpclient.netty.channel.DefaultChannelPool - Entry count for : http://localhost:62365 : 1
16:39:05.729 [AsyncHttpClient-1-3] DEBUG org.asynchttpclient.netty.handler.HttpHandler - 

Request DefaultFullHttpRequest(decodeResult: success, version: HTTP/1.1, content: EmptyByteBufBE)
GET /session/cb5891f53e81166530e0cbcd2966b571/screenshot HTTP/1.1
User-Agent: selenium/4.1.2 (java windows)
Cache-Control: no-cache
Content-Type: application/json; charset=utf-8
host: localhost:55722
accept: */*

Response DefaultHttpResponse(decodeResult: success, version: HTTP/1.1)
HTTP/1.1 200 OK
Content-Type: application/json; charset=utf-8
cache-control: no-cache
content-length: 385372

16:39:05.734 [AsyncHttpClient-1-3] DEBUG org.asynchttpclient.netty.channel.ChannelManager - Adding key: http://localhost:55722 for channel [id: 0x910dff72, L:/127.0.0.1:62362 - R:localhost/127.0.0.1:55722]
16:39:05.758 [main] DEBUG net.serenitybdd.core.photography.Darkroom - Send negative for processing for target\site\serenity\53e9f75c3cf4d80207349f9ca0712530a466e6460bac90b90cee3054219f039a.png
16:39:05.758 [main] DEBUG net.thucydides.core.steps.StepInterceptor - STEP DONE: validateOnDashboardPage
  &amp#27;[32mGiven &amp#27;[0m&amp#27;[32mI am on the dashboard page&amp#27;[0m &amp#27;[90m# starter.stepdefinitions.DashboardSteps.iAmOnTheDashboardPage()&amp#27;[0m
16:39:05.781 [main] DEBUG net.thucydides.core.steps.StepInterceptor - STARTING STEP: DashboardSteps.iClickDeleteButton - clickDeleteButton
16:39:05.785 [Forwarding findElement on session cb5891f53e81166530e0cbcd2966b571 to remote] DEBUG org.asynchttpclient.netty.request.NettyRequestSender - Using pooled Channel '[id: 0x910dff72, L:/127.0.0.1:62362 - R:localhost/127.0.0.1:55722]' for 'POST' to 'http://localhost:55722/session/cb5891f53e81166530e0cbcd2966b571/element'
16:39:05.785 [Forwarding findElement on session cb5891f53e81166530e0cbcd2966b571 to remote] DEBUG org.asynchttpclient.netty.request.NettyRequestSender - Using open Channel [id: 0x910dff72, L:/127.0.0.1:62362 - R:localhost/127.0.0.1:55722] for POST '/session/cb5891f53e81166530e0cbcd2966b571/element'
16:39:05.803 [AsyncHttpClient-1-3] DEBUG org.asynchttpclient.netty.handler.HttpHandler - 

Request DefaultHttpRequest(decodeResult: success, version: HTTP/1.1)
POST /session/cb5891f53e81166530e0cbcd2966b571/element HTTP/1.1
User-Agent: selenium/4.1.2 (java windows)
Content-Length: 177
Content-Type: application/json; charset=utf-8
host: localhost:55722
accept: */*

Response DefaultHttpResponse(decodeResult: success, version: HTTP/1.1)
HTTP/1.1 200 OK
Content-Type: application/json; charset=utf-8
cache-control: no-cache
content-length: 88

16:39:05.803 [AsyncHttpClient-1-3] DEBUG org.asynchttpclient.netty.channel.ChannelManager - Adding key: http://localhost:55722 for channel [id: 0x910dff72, L:/127.0.0.1:62362 - R:localhost/127.0.0.1:55722]
16:39:05.806 [Forwarding getElementTagName on session cb5891f53e81166530e0cbcd2966b571 to remote] DEBUG org.asynchttpclient.netty.request.NettyRequestSender - Using pooled Channel '[id: 0x910dff72, L:/127.0.0.1:62362 - R:localhost/127.0.0.1:55722]' for 'GET' to 'http://localhost:55722/session/cb5891f53e81166530e0cbcd2966b571/element/f831dcd4-6a7b-4cd1-a952-6c94c73f904f/name'
16:39:05.806 [Forwarding getElementTagName on session cb5891f53e81166530e0cbcd2966b571 to remote] DEBUG org.asynchttpclient.netty.request.NettyRequestSender - Using open Channel [id: 0x910dff72, L:/127.0.0.1:62362 - R:localhost/127.0.0.1:55722] for GET '/session/cb5891f53e81166530e0cbcd2966b571/element/f831dcd4-6a7b-4cd1-a952-6c94c73f904f/name'
16:39:05.811 [AsyncHttpClient-1-3] DEBUG org.asynchttpclient.netty.handler.HttpHandler - 

Request DefaultFullHttpRequest(decodeResult: success, version: HTTP/1.1, content: EmptyByteBufBE)
GET /session/cb5891f53e81166530e0cbcd2966b571/element/f831dcd4-6a7b-4cd1-a952-6c94c73f904f/name HTTP/1.1
User-Agent: selenium/4.1.2 (java windows)
Cache-Control: no-cache
Content-Type: application/json; charset=utf-8
host: localhost:55722
accept: */*

Response DefaultHttpResponse(decodeResult: success, version: HTTP/1.1)
HTTP/1.1 200 OK
Content-Type: application/json; charset=utf-8
cache-control: no-cache
content-length: 18

16:39:05.811 [AsyncHttpClient-1-3] DEBUG org.asynchttpclient.netty.channel.ChannelManager - Adding key: http://localhost:55722 for channel [id: 0x910dff72, L:/127.0.0.1:62362 - R:localhost/127.0.0.1:55722]
16:39:05.813 [Forwarding getElementTagName on session cb5891f53e81166530e0cbcd2966b571 to remote] DEBUG org.asynchttpclient.netty.request.NettyRequestSender - Using pooled Channel '[id: 0x910dff72, L:/127.0.0.1:62362 - R:localhost/127.0.0.1:55722]' for 'GET' to 'http://localhost:55722/session/cb5891f53e81166530e0cbcd2966b571/element/f831dcd4-6a7b-4cd1-a952-6c94c73f904f/name'
16:39:05.813 [Forwarding getElementTagName on session cb5891f53e81166530e0cbcd2966b571 to remote] DEBUG org.asynchttpclient.netty.request.NettyRequestSender - Using open Channel [id: 0x910dff72, L:/127.0.0.1:62362 - R:localhost/127.0.0.1:55722] for GET '/session/cb5891f53e81166530e0cbcd2966b571/element/f831dcd4-6a7b-4cd1-a952-6c94c73f904f/name'
16:39:05.822 [AsyncHttpClient-1-3] DEBUG org.asynchttpclient.netty.handler.HttpHandler - 

Request DefaultFullHttpRequest(decodeResult: success, version: HTTP/1.1, content: EmptyByteBufBE)
GET /session/cb5891f53e81166530e0cbcd2966b571/element/f831dcd4-6a7b-4cd1-a952-6c94c73f904f/name HTTP/1.1
User-Agent: selenium/4.1.2 (java windows)
Cache-Control: no-cache
Content-Type: application/json; charset=utf-8
host: localhost:55722
accept: */*

Response DefaultHttpResponse(decodeResult: success, version: HTTP/1.1)
HTTP/1.1 200 OK
Content-Type: application/json; charset=utf-8
cache-control: no-cache
content-length: 18

16:39:05.822 [AsyncHttpClient-1-3] DEBUG org.asynchttpclient.netty.channel.ChannelManager - Adding key: http://localhost:55722 for channel [id: 0x910dff72, L:/127.0.0.1:62362 - R:localhost/127.0.0.1:55722]
16:39:05.826 [Forwarding isElementEnabled on session cb5891f53e81166530e0cbcd2966b571 to remote] DEBUG org.asynchttpclient.netty.request.NettyRequestSender - Using pooled Channel '[id: 0x910dff72, L:/127.0.0.1:62362 - R:localhost/127.0.0.1:55722]' for 'GET' to 'http://localhost:55722/session/cb5891f53e81166530e0cbcd2966b571/element/f831dcd4-6a7b-4cd1-a952-6c94c73f904f/enabled'
16:39:05.826 [Forwarding isElementEnabled on session cb5891f53e81166530e0cbcd2966b571 to remote] DEBUG org.asynchttpclient.netty.request.NettyRequestSender - Using open Channel [id: 0x910dff72, L:/127.0.0.1:62362 - R:localhost/127.0.0.1:55722] for GET '/session/cb5891f53e81166530e0cbcd2966b571/element/f831dcd4-6a7b-4cd1-a952-6c94c73f904f/enabled'
16:39:05.837 [AsyncHttpClient-1-3] DEBUG org.asynchttpclient.netty.handler.HttpHandler - 

Request DefaultFullHttpRequest(decodeResult: success, version: HTTP/1.1, content: EmptyByteBufBE)
GET /session/cb5891f53e81166530e0cbcd2966b571/element/f831dcd4-6a7b-4cd1-a952-6c94c73f904f/enabled HTTP/1.1
User-Agent: selenium/4.1.2 (java windows)
Cache-Control: no-cache
Content-Type: application/json; charset=utf-8
host: localhost:55722
accept: */*

Response DefaultHttpResponse(decodeResult: success, version: HTTP/1.1)
HTTP/1.1 200 OK
Content-Type: application/json; charset=utf-8
cache-control: no-cache
content-length: 14

16:39:05.837 [AsyncHttpClient-1-3] DEBUG org.asynchttpclient.netty.channel.ChannelManager - Adding key: http://localhost:55722 for channel [id: 0x910dff72, L:/127.0.0.1:62362 - R:localhost/127.0.0.1:55722]
16:39:05.839 [Forwarding isElementEnabled on session cb5891f53e81166530e0cbcd2966b571 to remote] DEBUG org.asynchttpclient.netty.request.NettyRequestSender - Using pooled Channel '[id: 0x910dff72, L:/127.0.0.1:62362 - R:localhost/127.0.0.1:55722]' for 'GET' to 'http://localhost:55722/session/cb5891f53e81166530e0cbcd2966b571/element/f831dcd4-6a7b-4cd1-a952-6c94c73f904f/enabled'
16:39:05.839 [Forwarding isElementEnabled on session cb5891f53e81166530e0cbcd2966b571 to remote] DEBUG org.asynchttpclient.netty.request.NettyRequestSender - Using open Channel [id: 0x910dff72, L:/127.0.0.1:62362 - R:localhost/127.0.0.1:55722] for GET '/session/cb5891f53e81166530e0cbcd2966b571/element/f831dcd4-6a7b-4cd1-a952-6c94c73f904f/enabled'
16:39:05.846 [AsyncHttpClient-1-3] DEBUG org.asynchttpclient.netty.handler.HttpHandler - 

Request DefaultFullHttpRequest(decodeResult: success, version: HTTP/1.1, content: EmptyByteBufBE)
GET /session/cb5891f53e81166530e0cbcd2966b571/element/f831dcd4-6a7b-4cd1-a952-6c94c73f904f/enabled HTTP/1.1
User-Agent: selenium/4.1.2 (java windows)
Cache-Control: no-cache
Content-Type: application/json; charset=utf-8
host: localhost:55722
accept: */*

Response DefaultHttpResponse(decodeResult: success, version: HTTP/1.1)
HTTP/1.1 200 OK
Content-Type: application/json; charset=utf-8
cache-control: no-cache
content-length: 14

16:39:05.846 [AsyncHttpClient-1-3] DEBUG org.asynchttpclient.netty.channel.ChannelManager - Adding key: http://localhost:55722 for channel [id: 0x910dff72, L:/127.0.0.1:62362 - R:localhost/127.0.0.1:55722]
16:39:05.849 [Forwarding findElement on session cb5891f53e81166530e0cbcd2966b571 to remote] DEBUG org.asynchttpclient.netty.request.NettyRequestSender - Using pooled Channel '[id: 0x910dff72, L:/127.0.0.1:62362 - R:localhost/127.0.0.1:55722]' for 'POST' to 'http://localhost:55722/session/cb5891f53e81166530e0cbcd2966b571/element'
16:39:05.849 [Forwarding findElement on session cb5891f53e81166530e0cbcd2966b571 to remote] DEBUG org.asynchttpclient.netty.request.NettyRequestSender - Using open Channel [id: 0x910dff72, L:/127.0.0.1:62362 - R:localhost/127.0.0.1:55722] for POST '/session/cb5891f53e81166530e0cbcd2966b571/element'
16:39:05.862 [AsyncHttpClient-1-3] DEBUG org.asynchttpclient.netty.handler.HttpHandler - 

Request DefaultHttpRequest(decodeResult: success, version: HTTP/1.1)
POST /session/cb5891f53e81166530e0cbcd2966b571/element HTTP/1.1
User-Agent: selenium/4.1.2 (java windows)
Content-Length: 177
Content-Type: application/json; charset=utf-8
host: localhost:55722
accept: */*

Response DefaultHttpResponse(decodeResult: success, version: HTTP/1.1)
HTTP/1.1 200 OK
Content-Type: application/json; charset=utf-8
cache-control: no-cache
content-length: 88

16:39:05.863 [AsyncHttpClient-1-3] DEBUG org.asynchttpclient.netty.channel.ChannelManager - Adding key: http://localhost:55722 for channel [id: 0x910dff72, L:/127.0.0.1:62362 - R:localhost/127.0.0.1:55722]
16:39:05.864 [Forwarding clickElement on session cb5891f53e81166530e0cbcd2966b571 to remote] DEBUG org.asynchttpclient.netty.request.NettyRequestSender - Using pooled Channel '[id: 0x910dff72, L:/127.0.0.1:62362 - R:localhost/127.0.0.1:55722]' for 'POST' to 'http://localhost:55722/session/cb5891f53e81166530e0cbcd2966b571/element/f831dcd4-6a7b-4cd1-a952-6c94c73f904f/click'
16:39:05.864 [Forwarding clickElement on session cb5891f53e81166530e0cbcd2966b571 to remote] DEBUG org.asynchttpclient.netty.request.NettyRequestSender - Using open Channel [id: 0x910dff72, L:/127.0.0.1:62362 - R:localhost/127.0.0.1:55722] for POST '/session/cb5891f53e81166530e0cbcd2966b571/element/f831dcd4-6a7b-4cd1-a952-6c94c73f904f/click'
16:39:05.984 [AsyncHttpClient-1-3] DEBUG org.asynchttpclient.netty.handler.HttpHandler - 

Request DefaultHttpRequest(decodeResult: success, version: HTTP/1.1)
POST /session/cb5891f53e81166530e0cbcd2966b571/element/f831dcd4-6a7b-4cd1-a952-6c94c73f904f/click HTTP/1.1
User-Agent: selenium/4.1.2 (java windows)
Content-Length: 50
Content-Type: application/json; charset=utf-8
host: localhost:55722
accept: */*

Response DefaultHttpResponse(decodeResult: success, version: HTTP/1.1)
HTTP/1.1 200 OK
Content-Type: application/json; charset=utf-8
cache-control: no-cache
content-length: 14

16:39:05.985 [AsyncHttpClient-1-3] DEBUG org.asynchttpclient.netty.channel.ChannelManager - Adding key: http://localhost:55722 for channel [id: 0x910dff72, L:/127.0.0.1:62362 - R:localhost/127.0.0.1:55722]
16:39:05.999 [Forwarding screenshot on session cb5891f53e81166530e0cbcd2966b571 to remote] DEBUG org.asynchttpclient.netty.request.NettyRequestSender - Using pooled Channel '[id: 0x910dff72, L:/127.0.0.1:62362 - R:localhost/127.0.0.1:55722]' for 'GET' to 'http://localhost:55722/session/cb5891f53e81166530e0cbcd2966b571/screenshot'
16:39:05.999 [Forwarding screenshot on session cb5891f53e81166530e0cbcd2966b571 to remote] DEBUG org.asynchttpclient.netty.request.NettyRequestSender - Using open Channel [id: 0x910dff72, L:/127.0.0.1:62362 - R:localhost/127.0.0.1:55722] for GET '/session/cb5891f53e81166530e0cbcd2966b571/screenshot'
16:39:06.270 [AsyncHttpClient-1-3] DEBUG org.asynchttpclient.netty.handler.HttpHandler - 

Request DefaultFullHttpRequest(decodeResult: success, version: HTTP/1.1, content: EmptyByteBufBE)
GET /session/cb5891f53e81166530e0cbcd2966b571/screenshot HTTP/1.1
User-Agent: selenium/4.1.2 (java windows)
Cache-Control: no-cache
Content-Type: application/json; charset=utf-8
host: localhost:55722
accept: */*

Response DefaultHttpResponse(decodeResult: success, version: HTTP/1.1)
HTTP/1.1 200 OK
Content-Type: application/json; charset=utf-8
cache-control: no-cache
content-length: 292732

16:39:06.278 [AsyncHttpClient-1-3] DEBUG org.asynchttpclient.netty.channel.ChannelManager - Adding key: http://localhost:55722 for channel [id: 0x910dff72, L:/127.0.0.1:62362 - R:localhost/127.0.0.1:55722]
16:39:06.307 [main] DEBUG net.serenitybdd.core.photography.Darkroom - Send negative for processing for target\site\serenity\bacb27b72230767df4569193d27e9d36c4bd563b1181adbd7894d4d732dab1ea.png
16:39:06.308 [main] DEBUG net.thucydides.core.steps.StepInterceptor - STEP DONE: clickDeleteButton
  &amp#27;[32mWhen &amp#27;[0m&amp#27;[32mI click delete button&amp#27;[0m       &amp#27;[90m# starter.stepdefinitions.DashboardSteps.iClickDeleteButton()&amp#27;[0m
16:39:06.310 [Darkroom Processing Line] DEBUG net.serenitybdd.core.photography.DarkroomProcessingLine - Processing screenshot image in /var/screenshots/screenshot-15757597394769415885
16:39:06.310 [Darkroom Processing Line] DEBUG net.serenitybdd.core.photography.DarkroomProcessingLine - Saving screenshot to target\site\serenity\bacb27b72230767df4569193d27e9d36c4bd563b1181adbd7894d4d732dab1ea.png
16:39:06.352 [main] DEBUG net.thucydides.core.steps.StepInterceptor - STARTING STEP: DashboardSteps.iGetThePopup - deletePopUpAppears
16:39:06.358 [Forwarding findElement on session cb5891f53e81166530e0cbcd2966b571 to remote] DEBUG org.asynchttpclient.netty.request.NettyRequestSender - Using pooled Channel '[id: 0x910dff72, L:/127.0.0.1:62362 - R:localhost/127.0.0.1:55722]' for 'POST' to 'http://localhost:55722/session/cb5891f53e81166530e0cbcd2966b571/element'
16:39:06.358 [Forwarding findElement on session cb5891f53e81166530e0cbcd2966b571 to remote] DEBUG org.asynchttpclient.netty.request.NettyRequestSender - Using open Channel [id: 0x910dff72, L:/127.0.0.1:62362 - R:localhost/127.0.0.1:55722] for POST '/session/cb5891f53e81166530e0cbcd2966b571/element'
16:39:06.380 [AsyncHttpClient-1-3] DEBUG org.asynchttpclient.netty.handler.HttpHandler - 

Request DefaultHttpRequest(decodeResult: success, version: HTTP/1.1)
POST /session/cb5891f53e81166530e0cbcd2966b571/element HTTP/1.1
User-Agent: selenium/4.1.2 (java windows)
Content-Length: 67
Content-Type: application/json; charset=utf-8
host: localhost:55722
accept: */*

Response DefaultHttpResponse(decodeResult: success, version: HTTP/1.1)
HTTP/1.1 200 OK
Content-Type: application/json; charset=utf-8
cache-control: no-cache
content-length: 88

16:39:06.380 [AsyncHttpClient-1-3] DEBUG org.asynchttpclient.netty.channel.ChannelManager - Adding key: http://localhost:55722 for channel [id: 0x910dff72, L:/127.0.0.1:62362 - R:localhost/127.0.0.1:55722]
16:39:06.388 [Forwarding isElementDisplayed on session cb5891f53e81166530e0cbcd2966b571 to remote] DEBUG org.asynchttpclient.netty.request.NettyRequestSender - Using pooled Channel '[id: 0x910dff72, L:/127.0.0.1:62362 - R:localhost/127.0.0.1:55722]' for 'POST' to 'http://localhost:55722/session/cb5891f53e81166530e0cbcd2966b571/execute/sync'
16:39:06.388 [Forwarding isElementDisplayed on session cb5891f53e81166530e0cbcd2966b571 to remote] DEBUG org.asynchttpclient.netty.request.NettyRequestSender - Using open Channel [id: 0x910dff72, L:/127.0.0.1:62362 - R:localhost/127.0.0.1:55722] for POST '/session/cb5891f53e81166530e0cbcd2966b571/execute/sync'
16:39:06.426 [AsyncHttpClient-1-3] DEBUG org.asynchttpclient.netty.handler.HttpHandler - 

Request DefaultHttpRequest(decodeResult: success, version: HTTP/1.1)
POST /session/cb5891f53e81166530e0cbcd2966b571/execute/sync HTTP/1.1
User-Agent: selenium/4.1.2 (java windows)
Content-Length: 48780
Content-Type: application/json; charset=utf-8
host: localhost:55722
accept: */*

Response DefaultHttpResponse(decodeResult: success, version: HTTP/1.1)
HTTP/1.1 200 OK
Content-Type: application/json; charset=utf-8
cache-control: no-cache
content-length: 14

16:39:06.426 [AsyncHttpClient-1-3] DEBUG org.asynchttpclient.netty.channel.ChannelManager - Adding key: http://localhost:55722 for channel [id: 0x910dff72, L:/127.0.0.1:62362 - R:localhost/127.0.0.1:55722]
16:39:06.433 [Forwarding screenshot on session cb5891f53e81166530e0cbcd2966b571 to remote] DEBUG org.asynchttpclient.netty.request.NettyRequestSender - Using pooled Channel '[id: 0x910dff72, L:/127.0.0.1:62362 - R:localhost/127.0.0.1:55722]' for 'GET' to 'http://localhost:55722/session/cb5891f53e81166530e0cbcd2966b571/screenshot'
16:39:06.433 [Forwarding screenshot on session cb5891f53e81166530e0cbcd2966b571 to remote] DEBUG org.asynchttpclient.netty.request.NettyRequestSender - Using open Channel [id: 0x910dff72, L:/127.0.0.1:62362 - R:localhost/127.0.0.1:55722] for GET '/session/cb5891f53e81166530e0cbcd2966b571/screenshot'
16:39:06.591 [AsyncHttpClient-1-1] DEBUG org.asynchttpclient.netty.channel.DefaultChannelPool - Entry count for : http://localhost:62365 : 1
16:39:06.706 [AsyncHttpClient-1-3] DEBUG org.asynchttpclient.netty.handler.HttpHandler - 

Request DefaultFullHttpRequest(decodeResult: success, version: HTTP/1.1, content: EmptyByteBufBE)
GET /session/cb5891f53e81166530e0cbcd2966b571/screenshot HTTP/1.1
User-Agent: selenium/4.1.2 (java windows)
Cache-Control: no-cache
Content-Type: application/json; charset=utf-8
host: localhost:55722
accept: */*

Response DefaultHttpResponse(decodeResult: success, version: HTTP/1.1)
HTTP/1.1 200 OK
Content-Type: application/json; charset=utf-8
cache-control: no-cache
content-length: 248960

16:39:06.710 [AsyncHttpClient-1-3] DEBUG org.asynchttpclient.netty.channel.ChannelManager - Adding key: http://localhost:55722 for channel [id: 0x910dff72, L:/127.0.0.1:62362 - R:localhost/127.0.0.1:55722]
16:39:06.724 [main] DEBUG net.serenitybdd.core.photography.Darkroom - Send negative for processing for target\site\serenity\90013f0eb4b41da7ffe338fd5f7d38f5c1bcfe3c8340b2ed37cdf1dc22a826e3.png
16:39:06.724 [main] DEBUG net.thucydides.core.steps.StepInterceptor - STEP DONE: deletePopUpAppears
  &amp#27;[32mAnd &amp#27;[0m&amp#27;[32mI get the popup&amp#27;[0m              &amp#27;[90m# starter.stepdefinitions.DashboardSteps.iGetThePopup()&amp#27;[0m
16:39:06.724 [Darkroom Processing Line] DEBUG net.serenitybdd.core.photography.DarkroomProcessingLine - Processing screenshot image in /var/screenshots/screenshot-11188738275474720436
16:39:06.724 [Darkroom Processing Line] DEBUG net.serenitybdd.core.photography.DarkroomProcessingLine - Saving screenshot to target\site\serenity\90013f0eb4b41da7ffe338fd5f7d38f5c1bcfe3c8340b2ed37cdf1dc22a826e3.png
16:39:06.748 [main] DEBUG net.thucydides.core.steps.StepInterceptor - STARTING STEP: DashboardSteps.iClickButton - clickAgainCancelButton
16:39:06.756 [Forwarding findElement on session cb5891f53e81166530e0cbcd2966b571 to remote] DEBUG org.asynchttpclient.netty.request.NettyRequestSender - Using pooled Channel '[id: 0x910dff72, L:/127.0.0.1:62362 - R:localhost/127.0.0.1:55722]' for 'POST' to 'http://localhost:55722/session/cb5891f53e81166530e0cbcd2966b571/element'
16:39:06.756 [Forwarding findElement on session cb5891f53e81166530e0cbcd2966b571 to remote] DEBUG org.asynchttpclient.netty.request.NettyRequestSender - Using open Channel [id: 0x910dff72, L:/127.0.0.1:62362 - R:localhost/127.0.0.1:55722] for POST '/session/cb5891f53e81166530e0cbcd2966b571/element'
16:39:06.772 [AsyncHttpClient-1-3] DEBUG org.asynchttpclient.netty.handler.HttpHandler - 

Request DefaultHttpRequest(decodeResult: success, version: HTTP/1.1)
POST /session/cb5891f53e81166530e0cbcd2966b571/element HTTP/1.1
User-Agent: selenium/4.1.2 (java windows)
Content-Length: 105
Content-Type: application/json; charset=utf-8
host: localhost:55722
accept: */*

Response DefaultHttpResponse(decodeResult: success, version: HTTP/1.1)
HTTP/1.1 200 OK
Content-Type: application/json; charset=utf-8
cache-control: no-cache
content-length: 88

16:39:06.772 [AsyncHttpClient-1-3] DEBUG org.asynchttpclient.netty.channel.ChannelManager - Adding key: http://localhost:55722 for channel [id: 0x910dff72, L:/127.0.0.1:62362 - R:localhost/127.0.0.1:55722]
16:39:06.774 [Forwarding getElementTagName on session cb5891f53e81166530e0cbcd2966b571 to remote] DEBUG org.asynchttpclient.netty.request.NettyRequestSender - Using pooled Channel '[id: 0x910dff72, L:/127.0.0.1:62362 - R:localhost/127.0.0.1:55722]' for 'GET' to 'http://localhost:55722/session/cb5891f53e81166530e0cbcd2966b571/element/e24a83cf-453f-4a5e-90dc-e212a7227d2e/name'
16:39:06.774 [Forwarding getElementTagName on session cb5891f53e81166530e0cbcd2966b571 to remote] DEBUG org.asynchttpclient.netty.request.NettyRequestSender - Using open Channel [id: 0x910dff72, L:/127.0.0.1:62362 - R:localhost/127.0.0.1:55722] for GET '/session/cb5891f53e81166530e0cbcd2966b571/element/e24a83cf-453f-4a5e-90dc-e212a7227d2e/name'
16:39:06.780 [AsyncHttpClient-1-3] DEBUG org.asynchttpclient.netty.handler.HttpHandler - 

Request DefaultFullHttpRequest(decodeResult: success, version: HTTP/1.1, content: EmptyByteBufBE)
GET /session/cb5891f53e81166530e0cbcd2966b571/element/e24a83cf-453f-4a5e-90dc-e212a7227d2e/name HTTP/1.1
User-Agent: selenium/4.1.2 (java windows)
Cache-Control: no-cache
Content-Type: application/json; charset=utf-8
host: localhost:55722
accept: */*

Response DefaultHttpResponse(decodeResult: success, version: HTTP/1.1)
HTTP/1.1 200 OK
Content-Type: application/json; charset=utf-8
cache-control: no-cache
content-length: 18

16:39:06.780 [AsyncHttpClient-1-3] DEBUG org.asynchttpclient.netty.channel.ChannelManager - Adding key: http://localhost:55722 for channel [id: 0x910dff72, L:/127.0.0.1:62362 - R:localhost/127.0.0.1:55722]
16:39:06.781 [Forwarding getElementTagName on session cb5891f53e81166530e0cbcd2966b571 to remote] DEBUG org.asynchttpclient.netty.request.NettyRequestSender - Using pooled Channel '[id: 0x910dff72, L:/127.0.0.1:62362 - R:localhost/127.0.0.1:55722]' for 'GET' to 'http://localhost:55722/session/cb5891f53e81166530e0cbcd2966b571/element/e24a83cf-453f-4a5e-90dc-e212a7227d2e/name'
16:39:06.782 [Forwarding getElementTagName on session cb5891f53e81166530e0cbcd2966b571 to remote] DEBUG org.asynchttpclient.netty.request.NettyRequestSender - Using open Channel [id: 0x910dff72, L:/127.0.0.1:62362 - R:localhost/127.0.0.1:55722] for GET '/session/cb5891f53e81166530e0cbcd2966b571/element/e24a83cf-453f-4a5e-90dc-e212a7227d2e/name'
16:39:06.786 [AsyncHttpClient-1-3] DEBUG org.asynchttpclient.netty.handler.HttpHandler - 

Request DefaultFullHttpRequest(decodeResult: success, version: HTTP/1.1, content: EmptyByteBufBE)
GET /session/cb5891f53e81166530e0cbcd2966b571/element/e24a83cf-453f-4a5e-90dc-e212a7227d2e/name HTTP/1.1
User-Agent: selenium/4.1.2 (java windows)
Cache-Control: no-cache
Content-Type: application/json; charset=utf-8
host: localhost:55722
accept: */*

Response DefaultHttpResponse(decodeResult: success, version: HTTP/1.1)
HTTP/1.1 200 OK
Content-Type: application/json; charset=utf-8
cache-control: no-cache
content-length: 18

16:39:06.786 [AsyncHttpClient-1-3] DEBUG org.asynchttpclient.netty.channel.ChannelManager - Adding key: http://localhost:55722 for channel [id: 0x910dff72, L:/127.0.0.1:62362 - R:localhost/127.0.0.1:55722]
16:39:06.789 [Forwarding isElementEnabled on session cb5891f53e81166530e0cbcd2966b571 to remote] DEBUG org.asynchttpclient.netty.request.NettyRequestSender - Using pooled Channel '[id: 0x910dff72, L:/127.0.0.1:62362 - R:localhost/127.0.0.1:55722]' for 'GET' to 'http://localhost:55722/session/cb5891f53e81166530e0cbcd2966b571/element/e24a83cf-453f-4a5e-90dc-e212a7227d2e/enabled'
16:39:06.789 [Forwarding isElementEnabled on session cb5891f53e81166530e0cbcd2966b571 to remote] DEBUG org.asynchttpclient.netty.request.NettyRequestSender - Using open Channel [id: 0x910dff72, L:/127.0.0.1:62362 - R:localhost/127.0.0.1:55722] for GET '/session/cb5891f53e81166530e0cbcd2966b571/element/e24a83cf-453f-4a5e-90dc-e212a7227d2e/enabled'
16:39:06.799 [AsyncHttpClient-1-3] DEBUG org.asynchttpclient.netty.handler.HttpHandler - 

Request DefaultFullHttpRequest(decodeResult: success, version: HTTP/1.1, content: EmptyByteBufBE)
GET /session/cb5891f53e81166530e0cbcd2966b571/element/e24a83cf-453f-4a5e-90dc-e212a7227d2e/enabled HTTP/1.1
User-Agent: selenium/4.1.2 (java windows)
Cache-Control: no-cache
Content-Type: application/json; charset=utf-8
host: localhost:55722
accept: */*

Response DefaultHttpResponse(decodeResult: success, version: HTTP/1.1)
HTTP/1.1 200 OK
Content-Type: application/json; charset=utf-8
cache-control: no-cache
content-length: 14

16:39:06.799 [AsyncHttpClient-1-3] DEBUG org.asynchttpclient.netty.channel.ChannelManager - Adding key: http://localhost:55722 for channel [id: 0x910dff72, L:/127.0.0.1:62362 - R:localhost/127.0.0.1:55722]
16:39:06.801 [Forwarding isElementEnabled on session cb5891f53e81166530e0cbcd2966b571 to remote] DEBUG org.asynchttpclient.netty.request.NettyRequestSender - Using pooled Channel '[id: 0x910dff72, L:/127.0.0.1:62362 - R:localhost/127.0.0.1:55722]' for 'GET' to 'http://localhost:55722/session/cb5891f53e81166530e0cbcd2966b571/element/e24a83cf-453f-4a5e-90dc-e212a7227d2e/enabled'
16:39:06.801 [Forwarding isElementEnabled on session cb5891f53e81166530e0cbcd2966b571 to remote] DEBUG org.asynchttpclient.netty.request.NettyRequestSender - Using open Channel [id: 0x910dff72, L:/127.0.0.1:62362 - R:localhost/127.0.0.1:55722] for GET '/session/cb5891f53e81166530e0cbcd2966b571/element/e24a83cf-453f-4a5e-90dc-e212a7227d2e/enabled'
16:39:06.808 [AsyncHttpClient-1-3] DEBUG org.asynchttpclient.netty.handler.HttpHandler - 

Request DefaultFullHttpRequest(decodeResult: success, version: HTTP/1.1, content: EmptyByteBufBE)
GET /session/cb5891f53e81166530e0cbcd2966b571/element/e24a83cf-453f-4a5e-90dc-e212a7227d2e/enabled HTTP/1.1
User-Agent: selenium/4.1.2 (java windows)
Cache-Control: no-cache
Content-Type: application/json; charset=utf-8
host: localhost:55722
accept: */*

Response DefaultHttpResponse(decodeResult: success, version: HTTP/1.1)
HTTP/1.1 200 OK
Content-Type: application/json; charset=utf-8
cache-control: no-cache
content-length: 14

16:39:06.808 [AsyncHttpClient-1-3] DEBUG org.asynchttpclient.netty.channel.ChannelManager - Adding key: http://localhost:55722 for channel [id: 0x910dff72, L:/127.0.0.1:62362 - R:localhost/127.0.0.1:55722]
16:39:06.811 [Forwarding findElement on session cb5891f53e81166530e0cbcd2966b571 to remote] DEBUG org.asynchttpclient.netty.request.NettyRequestSender - Using pooled Channel '[id: 0x910dff72, L:/127.0.0.1:62362 - R:localhost/127.0.0.1:55722]' for 'POST' to 'http://localhost:55722/session/cb5891f53e81166530e0cbcd2966b571/element'
16:39:06.811 [Forwarding findElement on session cb5891f53e81166530e0cbcd2966b571 to remote] DEBUG org.asynchttpclient.netty.request.NettyRequestSender - Using open Channel [id: 0x910dff72, L:/127.0.0.1:62362 - R:localhost/127.0.0.1:55722] for POST '/session/cb5891f53e81166530e0cbcd2966b571/element'
16:39:06.819 [AsyncHttpClient-1-3] DEBUG org.asynchttpclient.netty.handler.HttpHandler - 

Request DefaultHttpRequest(decodeResult: success, version: HTTP/1.1)
POST /session/cb5891f53e81166530e0cbcd2966b571/element HTTP/1.1
User-Agent: selenium/4.1.2 (java windows)
Content-Length: 105
Content-Type: application/json; charset=utf-8
host: localhost:55722
accept: */*

Response DefaultHttpResponse(decodeResult: success, version: HTTP/1.1)
HTTP/1.1 200 OK
Content-Type: application/json; charset=utf-8
cache-control: no-cache
content-length: 88

16:39:06.820 [AsyncHttpClient-1-3] DEBUG org.asynchttpclient.netty.channel.ChannelManager - Adding key: http://localhost:55722 for channel [id: 0x910dff72, L:/127.0.0.1:62362 - R:localhost/127.0.0.1:55722]
16:39:06.821 [Forwarding clickElement on session cb5891f53e81166530e0cbcd2966b571 to remote] DEBUG org.asynchttpclient.netty.request.NettyRequestSender - Using pooled Channel '[id: 0x910dff72, L:/127.0.0.1:62362 - R:localhost/127.0.0.1:55722]' for 'POST' to 'http://localhost:55722/session/cb5891f53e81166530e0cbcd2966b571/element/e24a83cf-453f-4a5e-90dc-e212a7227d2e/click'
16:39:06.821 [Forwarding clickElement on session cb5891f53e81166530e0cbcd2966b571 to remote] DEBUG org.asynchttpclient.netty.request.NettyRequestSender - Using open Channel [id: 0x910dff72, L:/127.0.0.1:62362 - R:localhost/127.0.0.1:55722] for POST '/session/cb5891f53e81166530e0cbcd2966b571/element/e24a83cf-453f-4a5e-90dc-e212a7227d2e/click'
16:39:06.889 [AsyncHttpClient-1-3] DEBUG org.asynchttpclient.netty.handler.HttpHandler - 

Request DefaultHttpRequest(decodeResult: success, version: HTTP/1.1)
POST /session/cb5891f53e81166530e0cbcd2966b571/element/e24a83cf-453f-4a5e-90dc-e212a7227d2e/click HTTP/1.1
User-Agent: selenium/4.1.2 (java windows)
Content-Length: 50
Content-Type: application/json; charset=utf-8
host: localhost:55722
accept: */*

Response DefaultHttpResponse(decodeResult: success, version: HTTP/1.1)
HTTP/1.1 200 OK
Content-Type: application/json; charset=utf-8
cache-control: no-cache
content-length: 14

16:39:06.889 [AsyncHttpClient-1-3] DEBUG org.asynchttpclient.netty.channel.ChannelManager - Adding key: http://localhost:55722 for channel [id: 0x910dff72, L:/127.0.0.1:62362 - R:localhost/127.0.0.1:55722]
16:39:06.902 [Forwarding screenshot on session cb5891f53e81166530e0cbcd2966b571 to remote] DEBUG org.asynchttpclient.netty.request.NettyRequestSender - Using pooled Channel '[id: 0x910dff72, L:/127.0.0.1:62362 - R:localhost/127.0.0.1:55722]' for 'GET' to 'http://localhost:55722/session/cb5891f53e81166530e0cbcd2966b571/screenshot'
16:39:06.903 [Forwarding screenshot on session cb5891f53e81166530e0cbcd2966b571 to remote] DEBUG org.asynchttpclient.netty.request.NettyRequestSender - Using open Channel [id: 0x910dff72, L:/127.0.0.1:62362 - R:localhost/127.0.0.1:55722] for GET '/session/cb5891f53e81166530e0cbcd2966b571/screenshot'
16:39:07.174 [AsyncHttpClient-1-3] DEBUG org.asynchttpclient.netty.handler.HttpHandler - 

Request DefaultFullHttpRequest(decodeResult: success, version: HTTP/1.1, content: EmptyByteBufBE)
GET /session/cb5891f53e81166530e0cbcd2966b571/screenshot HTTP/1.1
User-Agent: selenium/4.1.2 (java windows)
Cache-Control: no-cache
Content-Type: application/json; charset=utf-8
host: localhost:55722
accept: */*

Response DefaultHttpResponse(decodeResult: success, version: HTTP/1.1)
HTTP/1.1 200 OK
Content-Type: application/json; charset=utf-8
cache-control: no-cache
content-length: 248744

16:39:07.175 [AsyncHttpClient-1-3] DEBUG org.asynchttpclient.netty.channel.ChannelManager - Adding key: http://localhost:55722 for channel [id: 0x910dff72, L:/127.0.0.1:62362 - R:localhost/127.0.0.1:55722]
16:39:07.188 [main] DEBUG net.serenitybdd.core.photography.Darkroom - Send negative for processing for target\site\serenity\92745da088f90f3e8b585a0772cef8a049f538359a212a3f535326e21fd1a0c8.png
16:39:07.188 [main] DEBUG net.thucydides.core.steps.StepInterceptor - STEP DONE: clickAgainCancelButton
16:39:07.188 [Darkroom Processing Line] DEBUG net.serenitybdd.core.photography.DarkroomProcessingLine - Processing screenshot image in /var/screenshots/screenshot-8456285893383242596
16:39:07.188 [Darkroom Processing Line] DEBUG net.serenitybdd.core.photography.DarkroomProcessingLine - Saving screenshot to target\site\serenity\92745da088f90f3e8b585a0772cef8a049f538359a212a3f535326e21fd1a0c8.png
  &amp#27;[32mThen &amp#27;[0m&amp#27;[32mI click &amp#27;[0m&amp#27;[32m&amp#27;[1m"cancel"&amp#27;[0m&amp#27;[32m button&amp#27;[0m     &amp#27;[90m# starter.stepdefinitions.DashboardSteps.iClickButton(java.lang.String)&amp#27;[0m
16:39:07.206 [main] DEBUG net.thucydides.core.steps.StepInterceptor - STARTING STEP: DashboardSteps.iGet - cancelDelete
16:39:07.209 [Forwarding findElement on session cb5891f53e81166530e0cbcd2966b571 to remote] DEBUG org.asynchttpclient.netty.request.NettyRequestSender - Using pooled Channel '[id: 0x910dff72, L:/127.0.0.1:62362 - R:localhost/127.0.0.1:55722]' for 'POST' to 'http://localhost:55722/session/cb5891f53e81166530e0cbcd2966b571/element'
16:39:07.209 [Forwarding findElement on session cb5891f53e81166530e0cbcd2966b571 to remote] DEBUG org.asynchttpclient.netty.request.NettyRequestSender - Using open Channel [id: 0x910dff72, L:/127.0.0.1:62362 - R:localhost/127.0.0.1:55722] for POST '/session/cb5891f53e81166530e0cbcd2966b571/element'
16:39:07.226 [AsyncHttpClient-1-3] DEBUG org.asynchttpclient.netty.handler.HttpHandler - 

Request DefaultHttpRequest(decodeResult: success, version: HTTP/1.1)
POST /session/cb5891f53e81166530e0cbcd2966b571/element HTTP/1.1
User-Agent: selenium/4.1.2 (java windows)
Content-Length: 116
Content-Type: application/json; charset=utf-8
host: localhost:55722
accept: */*

Response DefaultHttpResponse(decodeResult: success, version: HTTP/1.1)
HTTP/1.1 200 OK
Content-Type: application/json; charset=utf-8
cache-control: no-cache
content-length: 88

16:39:07.226 [AsyncHttpClient-1-3] DEBUG org.asynchttpclient.netty.channel.ChannelManager - Adding key: http://localhost:55722 for channel [id: 0x910dff72, L:/127.0.0.1:62362 - R:localhost/127.0.0.1:55722]
16:39:07.232 [Forwarding isElementDisplayed on session cb5891f53e81166530e0cbcd2966b571 to remote] DEBUG org.asynchttpclient.netty.request.NettyRequestSender - Using pooled Channel '[id: 0x910dff72, L:/127.0.0.1:62362 - R:localhost/127.0.0.1:55722]' for 'POST' to 'http://localhost:55722/session/cb5891f53e81166530e0cbcd2966b571/execute/sync'
16:39:07.232 [Forwarding isElementDisplayed on session cb5891f53e81166530e0cbcd2966b571 to remote] DEBUG org.asynchttpclient.netty.request.NettyRequestSender - Using open Channel [id: 0x910dff72, L:/127.0.0.1:62362 - R:localhost/127.0.0.1:55722] for POST '/session/cb5891f53e81166530e0cbcd2966b571/execute/sync'
16:39:07.249 [AsyncHttpClient-1-3] DEBUG org.asynchttpclient.netty.handler.HttpHandler - 

Request DefaultHttpRequest(decodeResult: success, version: HTTP/1.1)
POST /session/cb5891f53e81166530e0cbcd2966b571/execute/sync HTTP/1.1
User-Agent: selenium/4.1.2 (java windows)
Content-Length: 48780
Content-Type: application/json; charset=utf-8
host: localhost:55722
accept: */*

Response DefaultHttpResponse(decodeResult: success, version: HTTP/1.1)
HTTP/1.1 200 OK
Content-Type: application/json; charset=utf-8
cache-control: no-cache
content-length: 14

16:39:07.249 [AsyncHttpClient-1-3] DEBUG org.asynchttpclient.netty.channel.ChannelManager - Adding key: http://localhost:55722 for channel [id: 0x910dff72, L:/127.0.0.1:62362 - R:localhost/127.0.0.1:55722]
16:39:07.255 [Forwarding screenshot on session cb5891f53e81166530e0cbcd2966b571 to remote] DEBUG org.asynchttpclient.netty.request.NettyRequestSender - Using pooled Channel '[id: 0x910dff72, L:/127.0.0.1:62362 - R:localhost/127.0.0.1:55722]' for 'GET' to 'http://localhost:55722/session/cb5891f53e81166530e0cbcd2966b571/screenshot'
16:39:07.255 [Forwarding screenshot on session cb5891f53e81166530e0cbcd2966b571 to remote] DEBUG org.asynchttpclient.netty.request.NettyRequestSender - Using open Channel [id: 0x910dff72, L:/127.0.0.1:62362 - R:localhost/127.0.0.1:55722] for GET '/session/cb5891f53e81166530e0cbcd2966b571/screenshot'
16:39:07.467 [AsyncHttpClient-1-3] DEBUG org.asynchttpclient.netty.handler.HttpHandler - 

Request DefaultFullHttpRequest(decodeResult: success, version: HTTP/1.1, content: EmptyByteBufBE)
GET /session/cb5891f53e81166530e0cbcd2966b571/screenshot HTTP/1.1
User-Agent: selenium/4.1.2 (java windows)
Cache-Control: no-cache
Content-Type: application/json; charset=utf-8
host: localhost:55722
accept: */*

Response DefaultHttpResponse(decodeResult: success, version: HTTP/1.1)
HTTP/1.1 200 OK
Content-Type: application/json; charset=utf-8
cache-control: no-cache
content-length: 280808

16:39:07.469 [AsyncHttpClient-1-3] DEBUG org.asynchttpclient.netty.channel.ChannelManager - Adding key: http://localhost:55722 for channel [id: 0x910dff72, L:/127.0.0.1:62362 - R:localhost/127.0.0.1:55722]
16:39:07.488 [main] DEBUG net.serenitybdd.core.photography.Darkroom - Send negative for processing for target\site\serenity\ffc8cdb0996d5a8c67ad08b3dd5b116065a59e9924fa3e97d9c1ae5c72e2b911.png
16:39:07.488 [main] DEBUG net.thucydides.core.steps.StepInterceptor - STEP DONE: cancelDelete
  &amp#27;[32mAnd &amp#27;[0m&amp#27;[32mI get &amp#27;[0m&amp#27;[32m&amp#27;[1m"Appointment's Today"&amp#27;[0m  &amp#27;[90m# starter.stepdefinitions.DashboardSteps.iGet(java.lang.String)&amp#27;[0m
16:39:07.488 [Darkroom Processing Line] DEBUG net.serenitybdd.core.photography.DarkroomProcessingLine - Processing screenshot image in /var/screenshots/screenshot-392614002993604933
16:39:07.488 [Darkroom Processing Line] DEBUG net.serenitybdd.core.photography.DarkroomProcessingLine - Saving screenshot to target\site\serenity\ffc8cdb0996d5a8c67ad08b3dd5b116065a59e9924fa3e97d9c1ae5c72e2b911.png
16:39:07.503 [AsyncHttpClient-1-5] DEBUG org.asynchttpclient.netty.handler.WebSocketHandler - Channel Closed: [id: 0x8f4201b6, L:/127.0.0.1:62373 ! R:localhost/127.0.0.1:62365] with attribute NettyResponseFuture{currentRetry=5,
	isDone=1,
	isCancelled=0,
	asyncHandler=org.asynchttpclient.ws.WebSocketUpgradeHandler@1d51a72d,
	nettyRequest=org.asynchttpclient.netty.request.NettyRequest@64ce13,
	future=java.util.concurrent.CompletableFuture@18e91e9[Completed normally],
	uri=ws://localhost:62365/devtools/browser/29155182-70ec-425c-96a4-4ca32e437729,
	keepAlive=true,
	redirectCount=0,
	timeoutsHolder=null,
	inAuth=0,
	touch=1654594741870}
16:39:07.503 [AsyncHttpClient-1-5] DEBUG org.asynchttpclient.netty.channel.ChannelManager - Closing Channel [id: 0x8f4201b6, L:/127.0.0.1:62373 ! R:localhost/127.0.0.1:62365] 
16:39:07.504 [Driver Command Executor] DEBUG org.asynchttpclient.netty.request.NettyRequestSender - Using pooled Channel '[id: 0x910dff72, L:/127.0.0.1:62362 - R:localhost/127.0.0.1:55722]' for 'DELETE' to 'http://localhost:55722/session/cb5891f53e81166530e0cbcd2966b571'
16:39:07.504 [Driver Command Executor] DEBUG org.asynchttpclient.netty.request.NettyRequestSender - Using open Channel [id: 0x910dff72, L:/127.0.0.1:62362 - R:localhost/127.0.0.1:55722] for DELETE '/session/cb5891f53e81166530e0cbcd2966b571'
16:39:07.535 [AsyncHttpClient-1-4] DEBUG org.asynchttpclient.netty.handler.HttpHandler - Unexpected I/O exception on channel [id: 0xd798ed2e, L:/127.0.0.1:62372 - R:localhost/127.0.0.1:62365]
java.net.SocketException: Connection reset
	at java.base/sun.nio.ch.SocketChannelImpl.throwConnectionReset(SocketChannelImpl.java:367)
	at java.base/sun.nio.ch.SocketChannelImpl.read(SocketChannelImpl.java:398)
	at io.netty.buffer.PooledByteBuf.setBytes(PooledByteBuf.java:258)
	at io.netty.buffer.AbstractByteBuf.writeBytes(AbstractByteBuf.java:1132)
	at io.netty.channel.socket.nio.NioSocketChannel.doReadBytes(NioSocketChannel.java:350)
	at io.netty.channel.nio.AbstractNioByteChannel$NioByteUnsafe.read(AbstractNioByteChannel.java:151)
	at io.netty.channel.nio.NioEventLoop.processSelectedKey(NioEventLoop.java:722)
	at io.netty.channel.nio.NioEventLoop.processSelectedKeysOptimized(NioEventLoop.java:658)
	at io.netty.channel.nio.NioEventLoop.processSelectedKeys(NioEventLoop.java:584)
	at io.netty.channel.nio.NioEventLoop.run(NioEventLoop.java:496)
	at io.netty.util.concurrent.SingleThreadEventExecutor$4.run(SingleThreadEventExecutor.java:986)
	at io.netty.util.internal.ThreadExecutorMap$2.run(ThreadExecutorMap.java:74)
	at io.netty.util.concurrent.FastThreadLocalRunnable.run(FastThreadLocalRunnable.java:30)
	at java.base/java.lang.Thread.run(Thread.java:832)
16:39:07.536 [AsyncHttpClient-1-4] DEBUG org.asynchttpclient.netty.channel.ChannelManager - Closing Channel [id: 0xd798ed2e, L:/127.0.0.1:62372 - R:localhost/127.0.0.1:62365] 
16:39:07.536 [AsyncHttpClient-1-4] DEBUG org.asynchttpclient.netty.handler.HttpHandler - Channel Closed: [id: 0xd798ed2e, L:/127.0.0.1:62372 ! R:localhost/127.0.0.1:62365] with attribute DISCARD
16:39:07.574 [AsyncHttpClient-1-3] DEBUG org.asynchttpclient.netty.handler.HttpHandler - 

Request DefaultFullHttpRequest(decodeResult: success, version: HTTP/1.1, content: EmptyByteBufBE)
DELETE /session/cb5891f53e81166530e0cbcd2966b571 HTTP/1.1
User-Agent: selenium/4.1.2 (java windows)
Content-Type: application/json; charset=utf-8
host: localhost:55722
accept: */*

Response DefaultHttpResponse(decodeResult: success, version: HTTP/1.1)
HTTP/1.1 200 OK
Content-Type: application/json; charset=utf-8
cache-control: no-cache
content-length: 14

16:39:07.575 [AsyncHttpClient-1-3] DEBUG org.asynchttpclient.netty.channel.ChannelManager - Adding key: http://localhost:55722 for channel [id: 0x910dff72, L:/127.0.0.1:62362 - R:localhost/127.0.0.1:55722]
16:39:07.691 [AsyncHttpClient-1-1] DEBUG org.asynchttpclient.netty.channel.DefaultChannelPool - Entry count for : http://localhost:62365 : 1
16:39:07.691 [AsyncHttpClient-1-1] DEBUG org.asynchttpclient.netty.channel.DefaultChannelPool - Entry count for : http://localhost:55722 : 1
16:39:07.691 [AsyncHttpClient-1-1] DEBUG org.asynchttpclient.netty.channel.DefaultChannelPool - Adding Candidate expired Channel [id: 0xd798ed2e, L:/127.0.0.1:62372 ! R:localhost/127.0.0.1:62365] isIdleTimeoutExpired=false isRemotelyClosed=true isTtlExpired=false
16:39:07.691 [AsyncHttpClient-1-1] DEBUG org.asynchttpclient.netty.channel.DefaultChannelPool - Closing Idle Channel [id: 0xd798ed2e, L:/127.0.0.1:62372 ! R:localhost/127.0.0.1:62365]
16:39:07.691 [AsyncHttpClient-1-1] DEBUG org.asynchttpclient.netty.channel.DefaultChannelPool - Closed 1 connections out of 2 in 0 ms
16:39:07.746 [AsyncHttpClient-1-3] DEBUG org.asynchttpclient.netty.handler.HttpHandler - Channel Closed: [id: 0x910dff72, L:/127.0.0.1:62362 ! R:localhost/127.0.0.1:55722] with attribute DISCARD
16:39:08.263 [main] INFO  - 
  _____   ___   ___   _____     ___     _     ___   ___   ___   ___  
 |_   _| | __| / __| |_   _|   | _ \   /_\   / __| / __| | __| |   \ 
   | |   | _|  \__ \   | |     |  _/  / _ \  \__ \ \__ \ | _|  | |) |
   |_|   |___| |___/   |_|     |_|   /_/ \_\ |___/ |___/ |___| |___/ 

delete scenario
----------------------------------------------------------------------
]]></system-out>
    <system-err><![CDATA[Starting ChromeDriver 102.0.5005.61 (0e59bcc00cc4985ce39ad31c150065f159d95ad3-refs/branch-heads/5005@{#819}) on port 55722
Only local connections are allowed.
Please see https://chromedriver.chromium.org/security-considerations for suggestions on keeping ChromeDriver safe.
ChromeDriver was started successfully.
Jun 07, 2022 4:39:01 PM org.openqa.selenium.remote.ProtocolHandshake createSession
INFO: Detected dialect: W3C
Jun 07, 2022 4:39:01 PM org.openqa.selenium.devtools.CdpVersionFinder findNearestMatch
WARNING: Unable to find an exact match for CDP version 102, so returning the closest version found: a no-op implementation
Jun 07, 2022 4:39:01 PM org.openqa.selenium.devtools.CdpVersionFinder findNearestMatch
INFO: Unable to find CDP implementation matching 102.
Jun 07, 2022 4:39:01 PM org.openqa.selenium.chromium.ChromiumDriver lambda$new$3
WARNING: Unable to find version of CDP to use for . You may need to include a dependency on a specific version of the CDP using something similar to `org.seleniumhq.selenium:selenium-devtools-v86:4.1.2` where the version ("v86") matches the version of the chromium-based browser you're using and the version number of the artifact is the same as Selenium's.
]]></system-err>
  </testcase>
</testsuite>