<?xml version="1.0" encoding="UTF-8"?>
<testsuite xmlns:xsi="http://www.w3.org/2001/XMLSchema-instance" xsi:noNamespaceSchemaLocation="https://maven.apache.org/surefire/maven-failsafe-plugin/xsd/failsafe-test-report-3.0.xsd" version="3.0" name="CucumberTestSuite" time="648.042" tests="37" errors="5" skipped="0" failures="0">
  <properties>
    <property name="java.specification.version" value="15"/>
    <property name="webdriver.chrome.driver" value="E:\My Documents\File Difa\TI Semester 6 Kampus Merdeka Alterra\Tugas\CAPSTONE Project\Capstone-Project-Website\src\test\resources\webdriver\chromedriver.exe"/>
    <property name="sun.cpu.isalist" value="amd64"/>
    <property name="sun.jnu.encoding" value="Cp1252"/>
    <property name="java.class.path" value="E:\My Documents\File Difa\TI Semester 6 Kampus Merdeka Alterra\Tugas\CAPSTONE Project\Capstone-Project-Website\target\test-classes;C:\Users\USER\.m2\repository\net\serenity-bdd\serenity-core\3.2.1\serenity-core-3.2.1.jar;C:\Users\USER\.m2\repository\net\serenity-bdd\serenity-model\3.2.1\serenity-model-3.2.1.jar;C:\Users\USER\.m2\repository\org\apache\commons\commons-text\1.9\commons-text-1.9.jar;C:\Users\USER\.m2\repository\commons-net\commons-net\3.8.0\commons-net-3.8.0.jar;C:\Users\USER\.m2\repository\com\google\guava\guava\31.1-jre\guava-31.1-jre.jar;C:\Users\USER\.m2\repository\com\google\guava\failureaccess\1.0.1\failureaccess-1.0.1.jar;C:\Users\USER\.m2\repository\com\google\guava\listenablefuture\9999.0-empty-to-avoid-conflict-with-guava\listenablefuture-9999.0-empty-to-avoid-conflict-with-guava.jar;C:\Users\USER\.m2\repository\com\google\code\findbugs\jsr305\3.0.2\jsr305-3.0.2.jar;C:\Users\USER\.m2\repository\org\checkerframework\checker-qual\3.12.0\checker-qual-3.12.0.jar;C:\Users\USER\.m2\repository\com\google\errorprone\error_prone_annotations\2.11.0\error_prone_annotations-2.11.0.jar;C:\Users\USER\.m2\repository\com\google\j2objc\j2objc-annotations\1.3\j2objc-annotations-1.3.jar;C:\Users\USER\.m2\repository\com\google\inject\guice\5.1.0\guice-5.1.0.jar;C:\Users\USER\.m2\repository\javax\inject\javax.inject\1\javax.inject-1.jar;C:\Users\USER\.m2\repository\aopalliance\aopalliance\1.0\aopalliance-1.0.jar;C:\Users\USER\.m2\repository\org\jsoup\jsoup\1.14.3\jsoup-1.14.3.jar;C:\Users\USER\.m2\repository\com\thoughtworks\xstream\xstream\1.4.19\xstream-1.4.19.jar;C:\Users\USER\.m2\repository\io\github\x-stream\mxparser\1.2.2\mxparser-1.2.2.jar;C:\Users\USER\.m2\repository\xmlpull\xmlpull\1.1.3.1\xmlpull-1.1.3.1.jar;C:\Users\USER\.m2\repository\io\cucumber\cucumber-java\7.2.3\cucumber-java-7.2.3.jar;C:\Users\USER\.m2\repository\com\typesafe\config\1.4.2\config-1.4.2.jar;C:\Users\USER\.m2\repository\org\imgscalr\imgscalr-lib\4.2\imgscalr-lib-4.2.jar;C:\Users\USER\.m2\repository\org\awaitility\awaitility\4.2.0\awaitility-4.2.0.jar;C:\Users\USER\.m2\repository\org\freemarker\freemarker\2.3.31\freemarker-2.3.31.jar;C:\Users\USER\.m2\repository\io\github\classgraph\classgraph\4.8.138\classgraph-4.8.138.jar;C:\Users\USER\.m2\repository\net\sourceforge\jexcelapi\jxl\2.6.12\jxl-2.6.12.jar;C:\Users\USER\.m2\repository\net\bytebuddy\byte-buddy\1.12.8\byte-buddy-1.12.8.jar;C:\Users\USER\.m2\repository\net\bytebuddy\byte-buddy-agent\1.12.8\byte-buddy-agent-1.12.8.jar;C:\Users\USER\.m2\repository\org\objenesis\objenesis\3.1\objenesis-3.1.jar;C:\Users\USER\.m2\repository\net\serenity-bdd\serenity-reports\3.2.1\serenity-reports-3.2.1.jar;C:\Users\USER\.m2\repository\net\serenity-bdd\serenity-stats\3.2.1\serenity-stats-3.2.1.jar;C:\Users\USER\.m2\repository\net\serenity-bdd\serenity-reports-configuration\3.2.1\serenity-reports-configuration-3.2.1.jar;C:\Users\USER\.m2\repository\com\vladsch\flexmark\flexmark-all\0.34.30\flexmark-all-0.34.30.jar;C:\Users\USER\.m2\repository\com\vladsch\flexmark\flexmark\0.34.30\flexmark-0.34.30.jar;C:\Users\USER\.m2\repository\com\vladsch\flexmark\flexmark-ext-abbreviation\0.34.30\flexmark-ext-abbreviation-0.34.30.jar;C:\Users\USER\.m2\repository\com\vladsch\flexmark\flexmark-ext-admonition\0.34.30\flexmark-ext-admonition-0.34.30.jar;C:\Users\USER\.m2\repository\com\vladsch\flexmark\flexmark-ext-anchorlink\0.34.30\flexmark-ext-anchorlink-0.34.30.jar;C:\Users\USER\.m2\repository\com\vladsch\flexmark\flexmark-ext-aside\0.34.30\flexmark-ext-aside-0.34.30.jar;C:\Users\USER\.m2\repository\com\vladsch\flexmark\flexmark-ext-attributes\0.34.30\flexmark-ext-attributes-0.34.30.jar;C:\Users\USER\.m2\repository\com\vladsch\flexmark\flexmark-ext-autolink\0.34.30\flexmark-ext-autolink-0.34.30.jar;C:\Users\USER\.m2\repository\org\nibor\autolink\autolink\0.6.0\autolink-0.6.0.jar;C:\Users\USER\.m2\repository\com\vladsch\flexmark\flexmark-ext-definition\0.34.30\flexmark-ext-definition-0.34.30.jar;C:\Users\USER\.m2\repository\com\vladsch\flexmark\flexmark-ext-emoji\0.34.30\flexmark-ext-emoji-0.34.30.jar;C:\Users\USER\.m2\repository\com\vladsch\flexmark\flexmark-ext-enumerated-reference\0.34.30\flexmark-ext-enumerated-reference-0.34.30.jar;C:\Users\USER\.m2\repository\com\vladsch\flexmark\flexmark-ext-escaped-character\0.34.30\flexmark-ext-escaped-character-0.34.30.jar;C:\Users\USER\.m2\repository\com\vladsch\flexmark\flexmark-ext-footnotes\0.34.30\flexmark-ext-footnotes-0.34.30.jar;C:\Users\USER\.m2\repository\com\vladsch\flexmark\flexmark-ext-gfm-issues\0.34.30\flexmark-ext-gfm-issues-0.34.30.jar;C:\Users\USER\.m2\repository\com\vladsch\flexmark\flexmark-ext-gfm-strikethrough\0.34.30\flexmark-ext-gfm-strikethrough-0.34.30.jar;C:\Users\USER\.m2\repository\com\vladsch\flexmark\flexmark-ext-gfm-tables\0.34.30\flexmark-ext-gfm-tables-0.34.30.jar;C:\Users\USER\.m2\repository\com\vladsch\flexmark\flexmark-ext-gfm-tasklist\0.34.30\flexmark-ext-gfm-tasklist-0.34.30.jar;C:\Users\USER\.m2\repository\com\vladsch\flexmark\flexmark-ext-gfm-users\0.34.30\flexmark-ext-gfm-users-0.34.30.jar;C:\Users\USER\.m2\repository\com\vladsch\flexmark\flexmark-ext-gitlab\0.34.30\flexmark-ext-gitlab-0.34.30.jar;C:\Users\USER\.m2\repository\com\vladsch\flexmark\flexmark-ext-jekyll-front-matter\0.34.30\flexmark-ext-jekyll-front-matter-0.34.30.jar;C:\Users\USER\.m2\repository\com\vladsch\flexmark\flexmark-ext-jekyll-tag\0.34.30\flexmark-ext-jekyll-tag-0.34.30.jar;C:\Users\USER\.m2\repository\com\vladsch\flexmark\flexmark-ext-media-tags\0.34.30\flexmark-ext-media-tags-0.34.30.jar;C:\Users\USER\.m2\repository\com\vladsch\flexmark\flexmark-test-util\0.34.30\flexmark-test-util-0.34.30.jar;C:\Users\USER\.m2\repository\com\vladsch\flexmark\flexmark-ext-ins\0.34.30\flexmark-ext-ins-0.34.30.jar;C:\Users\USER\.m2\repository\com\vladsch\flexmark\flexmark-ext-xwiki-macros\0.34.30\flexmark-ext-xwiki-macros-0.34.30.jar;C:\Users\USER\.m2\repository\com\vladsch\flexmark\flexmark-ext-superscript\0.34.30\flexmark-ext-superscript-0.34.30.jar;C:\Users\USER\.m2\repository\com\vladsch\flexmark\flexmark-ext-tables\0.34.30\flexmark-ext-tables-0.34.30.jar;C:\Users\USER\.m2\repository\com\vladsch\flexmark\flexmark-ext-toc\0.34.30\flexmark-ext-toc-0.34.30.jar;C:\Users\USER\.m2\repository\com\vladsch\flexmark\flexmark-ext-typographic\0.34.30\flexmark-ext-typographic-0.34.30.jar;C:\Users\USER\.m2\repository\com\vladsch\flexmark\flexmark-ext-wikilink\0.34.30\flexmark-ext-wikilink-0.34.30.jar;C:\Users\USER\.m2\repository\com\vladsch\flexmark\flexmark-ext-yaml-front-matter\0.34.30\flexmark-ext-yaml-front-matter-0.34.30.jar;C:\Users\USER\.m2\repository\com\vladsch\flexmark\flexmark-ext-youtube-embedded\0.34.30\flexmark-ext-youtube-embedded-0.34.30.jar;C:\Users\USER\.m2\repository\com\vladsch\flexmark\flexmark-formatter\0.34.30\flexmark-formatter-0.34.30.jar;C:\Users\USER\.m2\repository\com\vladsch\flexmark\flexmark-html-parser\0.34.30\flexmark-html-parser-0.34.30.jar;C:\Users\USER\.m2\repository\com\vladsch\flexmark\flexmark-jira-converter\0.34.30\flexmark-jira-converter-0.34.30.jar;C:\Users\USER\.m2\repository\com\vladsch\flexmark\flexmark-pdf-converter\0.34.30\flexmark-pdf-converter-0.34.30.jar;C:\Users\USER\.m2\repository\com\openhtmltopdf\openhtmltopdf-core\0.0.1-RC13\openhtmltopdf-core-0.0.1-RC13.jar;C:\Users\USER\.m2\repository\com\openhtmltopdf\openhtmltopdf-pdfbox\0.0.1-RC13\openhtmltopdf-pdfbox-0.0.1-RC13.jar;C:\Users\USER\.m2\repository\org\apache\pdfbox\pdfbox\2.0.8\pdfbox-2.0.8.jar;C:\Users\USER\.m2\repository\org\apache\pdfbox\fontbox\2.0.8\fontbox-2.0.8.jar;C:\Users\USER\.m2\repository\commons-logging\commons-logging\1.2\commons-logging-1.2.jar;C:\Users\USER\.m2\repository\org\apache\pdfbox\xmpbox\2.0.8\xmpbox-2.0.8.jar;C:\Users\USER\.m2\repository\de\rototor\pdfbox\graphics2d\0.12\graphics2d-0.12.jar;C:\Users\USER\.m2\repository\com\openhtmltopdf\openhtmltopdf-rtl-support\0.0.1-RC13\openhtmltopdf-rtl-support-0.0.1-RC13.jar;C:\Users\USER\.m2\repository\com\ibm\icu\icu4j\59.1\icu4j-59.1.jar;C:\Users\USER\.m2\repository\com\openhtmltopdf\openhtmltopdf-jsoup-dom-converter\0.0.1-RC13\openhtmltopdf-jsoup-dom-converter-0.0.1-RC13.jar;C:\Users\USER\.m2\repository\com\vladsch\flexmark\flexmark-profile-pegdown\0.34.30\flexmark-profile-pegdown-0.34.30.jar;C:\Users\USER\.m2\repository\com\vladsch\flexmark\flexmark-util\0.34.30\flexmark-util-0.34.30.jar;C:\Users\USER\.m2\repository\com\vladsch\flexmark\flexmark-youtrack-converter\0.34.30\flexmark-youtrack-converter-0.34.30.jar;C:\Users\USER\.m2\repository\es\nitaur\markdown\txtmark\0.16\txtmark-0.16.jar;C:\Users\USER\.m2\repository\net\serenity-bdd\serenity-report-resources\3.2.1\serenity-report-resources-3.2.1.jar;C:\Users\USER\.m2\repository\com\google\code\gson\gson\2.9.0\gson-2.9.0.jar;C:\Users\USER\.m2\repository\com\fasterxml\jackson\core\jackson-core\2.13.2\jackson-core-2.13.2.jar;C:\Users\USER\.m2\repository\com\fasterxml\jackson\core\jackson-databind\2.13.2\jackson-databind-2.13.2.jar;C:\Users\USER\.m2\repository\com\fasterxml\jackson\core\jackson-annotations\2.13.2\jackson-annotations-2.13.2.jar;C:\Users\USER\.m2\repository\commons-codec\commons-codec\1.15\commons-codec-1.15.jar;C:\Users\USER\.m2\repository\commons-io\commons-io\2.11.0\commons-io-2.11.0.jar;C:\Users\USER\.m2\repository\org\seleniumhq\selenium\selenium-java\4.1.2\selenium-java-4.1.2.jar;C:\Users\USER\.m2\repository\org\seleniumhq\selenium\selenium-devtools-v85\4.1.2\selenium-devtools-v85-4.1.2.jar;C:\Users\USER\.m2\repository\org\seleniumhq\selenium\selenium-devtools-v95\4.1.2\selenium-devtools-v95-4.1.2.jar;C:\Users\USER\.m2\repository\org\seleniumhq\selenium\selenium-devtools-v96\4.1.2\selenium-devtools-v96-4.1.2.jar;C:\Users\USER\.m2\repository\org\seleniumhq\selenium\selenium-devtools-v97\4.1.2\selenium-devtools-v97-4.1.2.jar;C:\Users\USER\.m2\repository\org\seleniumhq\selenium\selenium-firefox-xpi-driver\4.1.2\selenium-firefox-xpi-driver-4.1.2.jar;C:\Users\USER\.m2\repository\org\seleniumhq\selenium\selenium-opera-driver\4.1.2\selenium-opera-driver-4.1.2.jar;C:\Users\USER\.m2\repository\org\seleniumhq\selenium\selenium-remote-driver\4.1.2\selenium-remote-driver-4.1.2.jar;C:\Users\USER\.m2\repository\com\beust\jcommander\1.82\jcommander-1.82.jar;C:\Users\USER\.m2\repository\io\netty\netty-buffer\4.1.73.Final\netty-buffer-4.1.73.Final.jar;C:\Users\USER\.m2\repository\io\netty\netty-codec-http\4.1.73.Final\netty-codec-http-4.1.73.Final.jar;C:\Users\USER\.m2\repository\io\netty\netty-codec\4.1.73.Final\netty-codec-4.1.73.Final.jar;C:\Users\USER\.m2\repository\io\netty\netty-handler\4.1.73.Final\netty-handler-4.1.73.Final.jar;C:\Users\USER\.m2\repository\io\netty\netty-tcnative-classes\2.0.46.Final\netty-tcnative-classes-2.0.46.Final.jar;C:\Users\USER\.m2\repository\io\netty\netty-common\4.1.73.Final\netty-common-4.1.73.Final.jar;C:\Users\USER\.m2\repository\io\netty\netty-transport-classes-epoll\4.1.73.Final\netty-transport-classes-epoll-4.1.73.Final.jar;C:\Users\USER\.m2\repository\io\netty\netty-transport-classes-kqueue\4.1.73.Final\netty-transport-classes-kqueue-4.1.73.Final.jar;C:\Users\USER\.m2\repository\io\netty\netty-transport-native-epoll\4.1.73.Final\netty-transport-native-epoll-4.1.73.Final.jar;C:\Users\USER\.m2\repository\io\netty\netty-transport-native-kqueue\4.1.73.Final\netty-transport-native-kqueue-4.1.73.Final.jar;C:\Users\USER\.m2\repository\io\netty\netty-transport-native-unix-common\4.1.73.Final\netty-transport-native-unix-common-4.1.73.Final.jar;C:\Users\USER\.m2\repository\io\netty\netty-transport\4.1.73.Final\netty-transport-4.1.73.Final.jar;C:\Users\USER\.m2\repository\io\netty\netty-resolver\4.1.73.Final\netty-resolver-4.1.73.Final.jar;C:\Users\USER\.m2\repository\io\opentelemetry\opentelemetry-api\1.10.1\opentelemetry-api-1.10.1.jar;C:\Users\USER\.m2\repository\io\opentelemetry\opentelemetry-context\1.10.1\opentelemetry-context-1.10.1.jar;C:\Users\USER\.m2\repository\io\opentelemetry\opentelemetry-exporter-logging\1.10.1\opentelemetry-exporter-logging-1.10.1.jar;C:\Users\USER\.m2\repository\io\opentelemetry\opentelemetry-sdk-metrics\1.10.1-alpha\opentelemetry-sdk-metrics-1.10.1-alpha.jar;C:\Users\USER\.m2\repository\io\opentelemetry\opentelemetry-sdk-logs\1.10.1-alpha\opentelemetry-sdk-logs-1.10.1-alpha.jar;C:\Users\USER\.m2\repository\io\opentelemetry\opentelemetry-sdk-common\1.10.1\opentelemetry-sdk-common-1.10.1.jar;C:\Users\USER\.m2\repository\io\opentelemetry\opentelemetry-sdk-extension-autoconfigure-spi\1.10.1\opentelemetry-sdk-extension-autoconfigure-spi-1.10.1.jar;C:\Users\USER\.m2\repository\io\opentelemetry\opentelemetry-sdk-extension-autoconfigure\1.10.1-alpha\opentelemetry-sdk-extension-autoconfigure-1.10.1-alpha.jar;C:\Users\USER\.m2\repository\io\opentelemetry\opentelemetry-sdk-trace\1.10.1\opentelemetry-sdk-trace-1.10.1.jar;C:\Users\USER\.m2\repository\io\opentelemetry\opentelemetry-sdk\1.10.1\opentelemetry-sdk-1.10.1.jar;C:\Users\USER\.m2\repository\io\opentelemetry\opentelemetry-semconv\1.10.1-alpha\opentelemetry-semconv-1.10.1-alpha.jar;C:\Users\USER\.m2\repository\io\ous\jtoml\2.0.0\jtoml-2.0.0.jar;C:\Users\USER\.m2\repository\org\apache\commons\commons-exec\1.3\commons-exec-1.3.jar;C:\Users\USER\.m2\repository\org\asynchttpclient\async-http-client\2.12.3\async-http-client-2.12.3.jar;C:\Users\USER\.m2\repository\org\asynchttpclient\async-http-client-netty-utils\2.12.3\async-http-client-netty-utils-2.12.3.jar;C:\Users\USER\.m2\repository\io\netty\netty-codec-socks\4.1.60.Final\netty-codec-socks-4.1.60.Final.jar;C:\Users\USER\.m2\repository\io\netty\netty-handler-proxy\4.1.60.Final\netty-handler-proxy-4.1.60.Final.jar;C:\Users\USER\.m2\repository\io\netty\netty-transport-native-epoll\4.1.60.Final\netty-transport-native-epoll-4.1.60.Final-linux-x86_64.jar;C:\Users\USER\.m2\repository\io\netty\netty-transport-native-kqueue\4.1.60.Final\netty-transport-native-kqueue-4.1.60.Final-osx-x86_64.jar;C:\Users\USER\.m2\repository\org\reactivestreams\reactive-streams\1.0.3\reactive-streams-1.0.3.jar;C:\Users\USER\.m2\repository\com\typesafe\netty\netty-reactive-streams\2.0.4\netty-reactive-streams-2.0.4.jar;C:\Users\USER\.m2\repository\org\seleniumhq\selenium\selenium-http\4.1.2\selenium-http-4.1.2.jar;C:\Users\USER\.m2\repository\net\jodah\failsafe\2.4.4\failsafe-2.4.4.jar;C:\Users\USER\.m2\repository\org\seleniumhq\selenium\selenium-safari-driver\4.1.2\selenium-safari-driver-4.1.2.jar;C:\Users\USER\.m2\repository\org\seleniumhq\selenium\selenium-api\4.1.2\selenium-api-4.1.2.jar;C:\Users\USER\.m2\repository\org\seleniumhq\selenium\selenium-support\4.1.2\selenium-support-4.1.2.jar;C:\Users\USER\.m2\repository\com\google\auto\service\auto-service-annotations\1.0.1\auto-service-annotations-1.0.1.jar;C:\Users\USER\.m2\repository\com\google\auto\service\auto-service\1.0.1\auto-service-1.0.1.jar;C:\Users\USER\.m2\repository\com\google\auto\auto-common\1.2\auto-common-1.2.jar;C:\Users\USER\.m2\repository\org\seleniumhq\selenium\selenium-json\4.1.2\selenium-json-4.1.2.jar;C:\Users\USER\.m2\repository\org\seleniumhq\selenium\selenium-chrome-driver\4.1.2\selenium-chrome-driver-4.1.2.jar;C:\Users\USER\.m2\repository\org\seleniumhq\selenium\selenium-chromium-driver\4.1.2\selenium-chromium-driver-4.1.2.jar;C:\Users\USER\.m2\repository\org\seleniumhq\selenium\selenium-firefox-driver\4.1.2\selenium-firefox-driver-4.1.2.jar;C:\Users\USER\.m2\repository\org\seleniumhq\selenium\selenium-edge-driver\4.1.2\selenium-edge-driver-4.1.2.jar;C:\Users\USER\.m2\repository\org\seleniumhq\selenium\selenium-ie-driver\4.1.2\selenium-ie-driver-4.1.2.jar;C:\Users\USER\.m2\repository\org\projectlombok\lombok\1.18.20\lombok-1.18.20.jar;C:\Users\USER\.m2\repository\io\appium\java-client\8.0.0\java-client-8.0.0.jar;C:\Users\USER\.m2\repository\commons-validator\commons-validator\1.7\commons-validator-1.7.jar;C:\Users\USER\.m2\repository\commons-digester\commons-digester\2.1\commons-digester-2.1.jar;C:\Users\USER\.m2\repository\org\aspectj\aspectjweaver\1.9.8\aspectjweaver-1.9.8.jar;C:\Users\USER\.m2\repository\org\codehaus\groovy\groovy\3.0.10\groovy-3.0.10.jar;C:\Users\USER\.m2\repository\net\sf\opencsv\opencsv\2.0\opencsv-2.0.jar;C:\Users\USER\.m2\repository\commons-beanutils\commons-beanutils\1.9.4\commons-beanutils-1.9.4.jar;C:\Users\USER\.m2\repository\org\apache\commons\commons-lang3\3.12.0\commons-lang3-3.12.0.jar;C:\Users\USER\.m2\repository\commons-collections\commons-collections\3.2.2\commons-collections-3.2.2.jar;C:\Users\USER\.m2\repository\org\fluentlenium\fluentlenium-core\0.10.2\fluentlenium-core-0.10.2.jar;C:\Users\USER\.m2\repository\io\github\bonigarcia\webdrivermanager\5.1.0\webdrivermanager-5.1.0.jar;C:\Users\USER\.m2\repository\com\github\docker-java\docker-java\3.2.13\docker-java-3.2.13.jar;C:\Users\USER\.m2\repository\com\github\docker-java\docker-java-core\3.2.13\docker-java-core-3.2.13.jar;C:\Users\USER\.m2\repository\com\github\docker-java\docker-java-api\3.2.13\docker-java-api-3.2.13.jar;C:\Users\USER\.m2\repository\org\apache\commons\commons-compress\1.21\commons-compress-1.21.jar;C:\Users\USER\.m2\repository\org\bouncycastle\bcpkix-jdk15on\1.64\bcpkix-jdk15on-1.64.jar;C:\Users\USER\.m2\repository\org\bouncycastle\bcprov-jdk15on\1.64\bcprov-jdk15on-1.64.jar;C:\Users\USER\.m2\repository\org\slf4j\jcl-over-slf4j\1.7.30\jcl-over-slf4j-1.7.30.jar;C:\Users\USER\.m2\repository\com\github\docker-java\docker-java-transport-httpclient5\3.2.13\docker-java-transport-httpclient5-3.2.13.jar;C:\Users\USER\.m2\repository\com\github\docker-java\docker-java-transport\3.2.13\docker-java-transport-3.2.13.jar;C:\Users\USER\.m2\repository\org\apache\httpcomponents\client5\httpclient5\5.0.3\httpclient5-5.0.3.jar;C:\Users\USER\.m2\repository\org\apache\httpcomponents\core5\httpcore5\5.0.2\httpcore5-5.0.2.jar;C:\Users\USER\.m2\repository\net\java\dev\jna\jna\5.8.0\jna-5.8.0.jar;C:\Users\USER\.m2\repository\org\brotli\dec\0.1.2\dec-0.1.2.jar;C:\Users\USER\.m2\repository\com\jhlabs\filters\2.0.235\filters-2.0.235.jar;C:\Users\USER\.m2\repository\com\paulhammant\ngwebdriver\1.1.6\ngwebdriver-1.1.6.jar;C:\Users\USER\.m2\repository\joda-time\joda-time\2.8.2\joda-time-2.8.2.jar;C:\Users\USER\.m2\repository\org\hamcrest\hamcrest\2.2\hamcrest-2.2.jar;C:\Users\USER\.m2\repository\com\google\jimfs\jimfs\1.2\jimfs-1.2.jar;C:\Users\USER\.m2\repository\org\mockito\mockito-core\3.3.3\mockito-core-3.3.3.jar;C:\Users\USER\.m2\repository\javax\xml\bind\jaxb-api\2.3.1\jaxb-api-2.3.1.jar;C:\Users\USER\.m2\repository\javax\activation\javax.activation-api\1.2.0\javax.activation-api-1.2.0.jar;C:\Users\USER\.m2\repository\com\sun\xml\bind\jaxb-core\2.3.0.1\jaxb-core-2.3.0.1.jar;C:\Users\USER\.m2\repository\com\sun\xml\bind\jaxb-impl\2.3.3\jaxb-impl-2.3.3.jar;C:\Users\USER\.m2\repository\jakarta\xml\bind\jakarta.xml.bind-api\2.3.3\jakarta.xml.bind-api-2.3.3.jar;C:\Users\USER\.m2\repository\com\sun\activation\jakarta.activation\1.2.2\jakarta.activation-1.2.2.jar;C:\Users\USER\.m2\repository\javax\activation\activation\1.1.1\activation-1.1.1.jar;C:\Users\USER\.m2\repository\net\serenity-bdd\serenity-cucumber\3.2.1\serenity-cucumber-3.2.1.jar;C:\Users\USER\.m2\repository\io\cucumber\cucumber-core\7.2.3\cucumber-core-7.2.3.jar;C:\Users\USER\.m2\repository\io\cucumber\cucumber-gherkin\7.2.3\cucumber-gherkin-7.2.3.jar;C:\Users\USER\.m2\repository\io\cucumber\cucumber-gherkin-messages\7.2.3\cucumber-gherkin-messages-7.2.3.jar;C:\Users\USER\.m2\repository\io\cucumber\messages\17.1.1\messages-17.1.1.jar;C:\Users\USER\.m2\repository\io\cucumber\tag-expressions\4.1.0\tag-expressions-4.1.0.jar;C:\Users\USER\.m2\repository\io\cucumber\cucumber-expressions\15.0.1\cucumber-expressions-15.0.1.jar;C:\Users\USER\.m2\repository\io\cucumber\datatable\7.2.3\datatable-7.2.3.jar;C:\Users\USER\.m2\repository\io\cucumber\cucumber-plugin\7.2.3\cucumber-plugin-7.2.3.jar;C:\Users\USER\.m2\repository\io\cucumber\docstring\7.2.3\docstring-7.2.3.jar;C:\Users\USER\.m2\repository\io\cucumber\html-formatter\17.0.0\html-formatter-17.0.0.jar;C:\Users\USER\.m2\repository\io\cucumber\ci-environment\8.1.0\ci-environment-8.1.0.jar;C:\Users\USER\.m2\repository\io\cucumber\cucumber-junit\7.2.3\cucumber-junit-7.2.3.jar;C:\Users\USER\.m2\repository\org\apache\commons\commons-csv\1.5\commons-csv-1.5.jar;C:\Users\USER\.m2\repository\net\serenity-bdd\serenity-screenplay\3.2.1\serenity-screenplay-3.2.1.jar;C:\Users\USER\.m2\repository\net\serenity-bdd\serenity-screenplay-webdriver\3.2.1\serenity-screenplay-webdriver-3.2.1.jar;C:\Users\USER\.m2\repository\net\serenity-bdd\serenity-ensure\3.2.1\serenity-ensure-3.2.1.jar;C:\Users\USER\.m2\repository\net\serenity-bdd\serenity-junit\3.2.1\serenity-junit-3.2.1.jar;C:\Users\USER\.m2\repository\org\jetbrains\kotlin\kotlin-stdlib\1.6.0\kotlin-stdlib-1.6.0.jar;C:\Users\USER\.m2\repository\org\jetbrains\annotations\13.0\annotations-13.0.jar;C:\Users\USER\.m2\repository\org\jetbrains\kotlin\kotlin-stdlib-common\1.6.0\kotlin-stdlib-common-1.6.0.jar;C:\Users\USER\.m2\repository\org\junit\platform\junit-platform-launcher\1.8.1\junit-platform-launcher-1.8.1.jar;C:\Users\USER\.m2\repository\org\junit\platform\junit-platform-engine\1.8.1\junit-platform-engine-1.8.1.jar;C:\Users\USER\.m2\repository\org\opentest4j\opentest4j\1.2.0\opentest4j-1.2.0.jar;C:\Users\USER\.m2\repository\org\junit\platform\junit-platform-commons\1.8.1\junit-platform-commons-1.8.1.jar;C:\Users\USER\.m2\repository\org\apiguardian\apiguardian-api\1.1.2\apiguardian-api-1.1.2.jar;C:\Users\USER\.m2\repository\org\junit\jupiter\junit-jupiter-engine\5.8.2\junit-jupiter-engine-5.8.2.jar;C:\Users\USER\.m2\repository\org\junit\jupiter\junit-jupiter-api\5.8.2\junit-jupiter-api-5.8.2.jar;C:\Users\USER\.m2\repository\org\junit\vintage\junit-vintage-engine\5.8.2\junit-vintage-engine-5.8.2.jar;C:\Users\USER\.m2\repository\junit\junit\4.13.2\junit-4.13.2.jar;C:\Users\USER\.m2\repository\org\hamcrest\hamcrest-core\1.3\hamcrest-core-1.3.jar;C:\Users\USER\.m2\repository\ch\qos\logback\logback-classic\1.2.10\logback-classic-1.2.10.jar;C:\Users\USER\.m2\repository\ch\qos\logback\logback-core\1.2.10\logback-core-1.2.10.jar;C:\Users\USER\.m2\repository\org\slf4j\slf4j-api\1.7.32\slf4j-api-1.7.32.jar;C:\Users\USER\.m2\repository\org\assertj\assertj-core\3.6.2\assertj-core-3.6.2.jar;C:\Users\USER\.m2\repository\com\googlecode\json-simple\json-simple\1.1.1\json-simple-1.1.1.jar;"/>
    <property name="java.vm.vendor" value="Oracle Corporation"/>
    <property name="sun.arch.data.model" value="64"/>
    <property name="user.variant" value=""/>
    <property name="java.vendor.url" value="https://java.oracle.com/"/>
    <property name="user.timezone" value="Asia/Bangkok"/>
    <property name="log4j2.formatMsgNoLookups" value="true"/>
    <property name="os.name" value="Windows 8.1"/>
    <property name="java.vm.specification.version" value="15"/>
    <property name="sun.java.launcher" value="SUN_STANDARD"/>
    <property name="user.country" value="US"/>
    <property name="sun.boot.library.path" value="C:\Program Files\Java\jdk-15.0.2\bin"/>
    <property name="sun.java.command" value="org.apache.maven.surefire.booter.ForkedBooter C:\Users\USER\AppData\Local\Temp\surefire16813984956649499011 2022-06-20T16-26-34_048-jvmRun1 surefire13757489775616238027tmp surefire_02906666240293178571tmp"/>
    <property name="jdk.debug" value="release"/>
    <property name="surefire.test.class.path" value="E:\My Documents\File Difa\TI Semester 6 Kampus Merdeka Alterra\Tugas\CAPSTONE Project\Capstone-Project-Website\target\test-classes;C:\Users\USER\.m2\repository\net\serenity-bdd\serenity-core\3.2.1\serenity-core-3.2.1.jar;C:\Users\USER\.m2\repository\net\serenity-bdd\serenity-model\3.2.1\serenity-model-3.2.1.jar;C:\Users\USER\.m2\repository\org\apache\commons\commons-text\1.9\commons-text-1.9.jar;C:\Users\USER\.m2\repository\commons-net\commons-net\3.8.0\commons-net-3.8.0.jar;C:\Users\USER\.m2\repository\com\google\guava\guava\31.1-jre\guava-31.1-jre.jar;C:\Users\USER\.m2\repository\com\google\guava\failureaccess\1.0.1\failureaccess-1.0.1.jar;C:\Users\USER\.m2\repository\com\google\guava\listenablefuture\9999.0-empty-to-avoid-conflict-with-guava\listenablefuture-9999.0-empty-to-avoid-conflict-with-guava.jar;C:\Users\USER\.m2\repository\com\google\code\findbugs\jsr305\3.0.2\jsr305-3.0.2.jar;C:\Users\USER\.m2\repository\org\checkerframework\checker-qual\3.12.0\checker-qual-3.12.0.jar;C:\Users\USER\.m2\repository\com\google\errorprone\error_prone_annotations\2.11.0\error_prone_annotations-2.11.0.jar;C:\Users\USER\.m2\repository\com\google\j2objc\j2objc-annotations\1.3\j2objc-annotations-1.3.jar;C:\Users\USER\.m2\repository\com\google\inject\guice\5.1.0\guice-5.1.0.jar;C:\Users\USER\.m2\repository\javax\inject\javax.inject\1\javax.inject-1.jar;C:\Users\USER\.m2\repository\aopalliance\aopalliance\1.0\aopalliance-1.0.jar;C:\Users\USER\.m2\repository\org\jsoup\jsoup\1.14.3\jsoup-1.14.3.jar;C:\Users\USER\.m2\repository\com\thoughtworks\xstream\xstream\1.4.19\xstream-1.4.19.jar;C:\Users\USER\.m2\repository\io\github\x-stream\mxparser\1.2.2\mxparser-1.2.2.jar;C:\Users\USER\.m2\repository\xmlpull\xmlpull\1.1.3.1\xmlpull-1.1.3.1.jar;C:\Users\USER\.m2\repository\io\cucumber\cucumber-java\7.2.3\cucumber-java-7.2.3.jar;C:\Users\USER\.m2\repository\com\typesafe\config\1.4.2\config-1.4.2.jar;C:\Users\USER\.m2\repository\org\imgscalr\imgscalr-lib\4.2\imgscalr-lib-4.2.jar;C:\Users\USER\.m2\repository\org\awaitility\awaitility\4.2.0\awaitility-4.2.0.jar;C:\Users\USER\.m2\repository\org\freemarker\freemarker\2.3.31\freemarker-2.3.31.jar;C:\Users\USER\.m2\repository\io\github\classgraph\classgraph\4.8.138\classgraph-4.8.138.jar;C:\Users\USER\.m2\repository\net\sourceforge\jexcelapi\jxl\2.6.12\jxl-2.6.12.jar;C:\Users\USER\.m2\repository\net\bytebuddy\byte-buddy\1.12.8\byte-buddy-1.12.8.jar;C:\Users\USER\.m2\repository\net\bytebuddy\byte-buddy-agent\1.12.8\byte-buddy-agent-1.12.8.jar;C:\Users\USER\.m2\repository\org\objenesis\objenesis\3.1\objenesis-3.1.jar;C:\Users\USER\.m2\repository\net\serenity-bdd\serenity-reports\3.2.1\serenity-reports-3.2.1.jar;C:\Users\USER\.m2\repository\net\serenity-bdd\serenity-stats\3.2.1\serenity-stats-3.2.1.jar;C:\Users\USER\.m2\repository\net\serenity-bdd\serenity-reports-configuration\3.2.1\serenity-reports-configuration-3.2.1.jar;C:\Users\USER\.m2\repository\com\vladsch\flexmark\flexmark-all\0.34.30\flexmark-all-0.34.30.jar;C:\Users\USER\.m2\repository\com\vladsch\flexmark\flexmark\0.34.30\flexmark-0.34.30.jar;C:\Users\USER\.m2\repository\com\vladsch\flexmark\flexmark-ext-abbreviation\0.34.30\flexmark-ext-abbreviation-0.34.30.jar;C:\Users\USER\.m2\repository\com\vladsch\flexmark\flexmark-ext-admonition\0.34.30\flexmark-ext-admonition-0.34.30.jar;C:\Users\USER\.m2\repository\com\vladsch\flexmark\flexmark-ext-anchorlink\0.34.30\flexmark-ext-anchorlink-0.34.30.jar;C:\Users\USER\.m2\repository\com\vladsch\flexmark\flexmark-ext-aside\0.34.30\flexmark-ext-aside-0.34.30.jar;C:\Users\USER\.m2\repository\com\vladsch\flexmark\flexmark-ext-attributes\0.34.30\flexmark-ext-attributes-0.34.30.jar;C:\Users\USER\.m2\repository\com\vladsch\flexmark\flexmark-ext-autolink\0.34.30\flexmark-ext-autolink-0.34.30.jar;C:\Users\USER\.m2\repository\org\nibor\autolink\autolink\0.6.0\autolink-0.6.0.jar;C:\Users\USER\.m2\repository\com\vladsch\flexmark\flexmark-ext-definition\0.34.30\flexmark-ext-definition-0.34.30.jar;C:\Users\USER\.m2\repository\com\vladsch\flexmark\flexmark-ext-emoji\0.34.30\flexmark-ext-emoji-0.34.30.jar;C:\Users\USER\.m2\repository\com\vladsch\flexmark\flexmark-ext-enumerated-reference\0.34.30\flexmark-ext-enumerated-reference-0.34.30.jar;C:\Users\USER\.m2\repository\com\vladsch\flexmark\flexmark-ext-escaped-character\0.34.30\flexmark-ext-escaped-character-0.34.30.jar;C:\Users\USER\.m2\repository\com\vladsch\flexmark\flexmark-ext-footnotes\0.34.30\flexmark-ext-footnotes-0.34.30.jar;C:\Users\USER\.m2\repository\com\vladsch\flexmark\flexmark-ext-gfm-issues\0.34.30\flexmark-ext-gfm-issues-0.34.30.jar;C:\Users\USER\.m2\repository\com\vladsch\flexmark\flexmark-ext-gfm-strikethrough\0.34.30\flexmark-ext-gfm-strikethrough-0.34.30.jar;C:\Users\USER\.m2\repository\com\vladsch\flexmark\flexmark-ext-gfm-tables\0.34.30\flexmark-ext-gfm-tables-0.34.30.jar;C:\Users\USER\.m2\repository\com\vladsch\flexmark\flexmark-ext-gfm-tasklist\0.34.30\flexmark-ext-gfm-tasklist-0.34.30.jar;C:\Users\USER\.m2\repository\com\vladsch\flexmark\flexmark-ext-gfm-users\0.34.30\flexmark-ext-gfm-users-0.34.30.jar;C:\Users\USER\.m2\repository\com\vladsch\flexmark\flexmark-ext-gitlab\0.34.30\flexmark-ext-gitlab-0.34.30.jar;C:\Users\USER\.m2\repository\com\vladsch\flexmark\flexmark-ext-jekyll-front-matter\0.34.30\flexmark-ext-jekyll-front-matter-0.34.30.jar;C:\Users\USER\.m2\repository\com\vladsch\flexmark\flexmark-ext-jekyll-tag\0.34.30\flexmark-ext-jekyll-tag-0.34.30.jar;C:\Users\USER\.m2\repository\com\vladsch\flexmark\flexmark-ext-media-tags\0.34.30\flexmark-ext-media-tags-0.34.30.jar;C:\Users\USER\.m2\repository\com\vladsch\flexmark\flexmark-test-util\0.34.30\flexmark-test-util-0.34.30.jar;C:\Users\USER\.m2\repository\com\vladsch\flexmark\flexmark-ext-ins\0.34.30\flexmark-ext-ins-0.34.30.jar;C:\Users\USER\.m2\repository\com\vladsch\flexmark\flexmark-ext-xwiki-macros\0.34.30\flexmark-ext-xwiki-macros-0.34.30.jar;C:\Users\USER\.m2\repository\com\vladsch\flexmark\flexmark-ext-superscript\0.34.30\flexmark-ext-superscript-0.34.30.jar;C:\Users\USER\.m2\repository\com\vladsch\flexmark\flexmark-ext-tables\0.34.30\flexmark-ext-tables-0.34.30.jar;C:\Users\USER\.m2\repository\com\vladsch\flexmark\flexmark-ext-toc\0.34.30\flexmark-ext-toc-0.34.30.jar;C:\Users\USER\.m2\repository\com\vladsch\flexmark\flexmark-ext-typographic\0.34.30\flexmark-ext-typographic-0.34.30.jar;C:\Users\USER\.m2\repository\com\vladsch\flexmark\flexmark-ext-wikilink\0.34.30\flexmark-ext-wikilink-0.34.30.jar;C:\Users\USER\.m2\repository\com\vladsch\flexmark\flexmark-ext-yaml-front-matter\0.34.30\flexmark-ext-yaml-front-matter-0.34.30.jar;C:\Users\USER\.m2\repository\com\vladsch\flexmark\flexmark-ext-youtube-embedded\0.34.30\flexmark-ext-youtube-embedded-0.34.30.jar;C:\Users\USER\.m2\repository\com\vladsch\flexmark\flexmark-formatter\0.34.30\flexmark-formatter-0.34.30.jar;C:\Users\USER\.m2\repository\com\vladsch\flexmark\flexmark-html-parser\0.34.30\flexmark-html-parser-0.34.30.jar;C:\Users\USER\.m2\repository\com\vladsch\flexmark\flexmark-jira-converter\0.34.30\flexmark-jira-converter-0.34.30.jar;C:\Users\USER\.m2\repository\com\vladsch\flexmark\flexmark-pdf-converter\0.34.30\flexmark-pdf-converter-0.34.30.jar;C:\Users\USER\.m2\repository\com\openhtmltopdf\openhtmltopdf-core\0.0.1-RC13\openhtmltopdf-core-0.0.1-RC13.jar;C:\Users\USER\.m2\repository\com\openhtmltopdf\openhtmltopdf-pdfbox\0.0.1-RC13\openhtmltopdf-pdfbox-0.0.1-RC13.jar;C:\Users\USER\.m2\repository\org\apache\pdfbox\pdfbox\2.0.8\pdfbox-2.0.8.jar;C:\Users\USER\.m2\repository\org\apache\pdfbox\fontbox\2.0.8\fontbox-2.0.8.jar;C:\Users\USER\.m2\repository\commons-logging\commons-logging\1.2\commons-logging-1.2.jar;C:\Users\USER\.m2\repository\org\apache\pdfbox\xmpbox\2.0.8\xmpbox-2.0.8.jar;C:\Users\USER\.m2\repository\de\rototor\pdfbox\graphics2d\0.12\graphics2d-0.12.jar;C:\Users\USER\.m2\repository\com\openhtmltopdf\openhtmltopdf-rtl-support\0.0.1-RC13\openhtmltopdf-rtl-support-0.0.1-RC13.jar;C:\Users\USER\.m2\repository\com\ibm\icu\icu4j\59.1\icu4j-59.1.jar;C:\Users\USER\.m2\repository\com\openhtmltopdf\openhtmltopdf-jsoup-dom-converter\0.0.1-RC13\openhtmltopdf-jsoup-dom-converter-0.0.1-RC13.jar;C:\Users\USER\.m2\repository\com\vladsch\flexmark\flexmark-profile-pegdown\0.34.30\flexmark-profile-pegdown-0.34.30.jar;C:\Users\USER\.m2\repository\com\vladsch\flexmark\flexmark-util\0.34.30\flexmark-util-0.34.30.jar;C:\Users\USER\.m2\repository\com\vladsch\flexmark\flexmark-youtrack-converter\0.34.30\flexmark-youtrack-converter-0.34.30.jar;C:\Users\USER\.m2\repository\es\nitaur\markdown\txtmark\0.16\txtmark-0.16.jar;C:\Users\USER\.m2\repository\net\serenity-bdd\serenity-report-resources\3.2.1\serenity-report-resources-3.2.1.jar;C:\Users\USER\.m2\repository\com\google\code\gson\gson\2.9.0\gson-2.9.0.jar;C:\Users\USER\.m2\repository\com\fasterxml\jackson\core\jackson-core\2.13.2\jackson-core-2.13.2.jar;C:\Users\USER\.m2\repository\com\fasterxml\jackson\core\jackson-databind\2.13.2\jackson-databind-2.13.2.jar;C:\Users\USER\.m2\repository\com\fasterxml\jackson\core\jackson-annotations\2.13.2\jackson-annotations-2.13.2.jar;C:\Users\USER\.m2\repository\commons-codec\commons-codec\1.15\commons-codec-1.15.jar;C:\Users\USER\.m2\repository\commons-io\commons-io\2.11.0\commons-io-2.11.0.jar;C:\Users\USER\.m2\repository\org\seleniumhq\selenium\selenium-java\4.1.2\selenium-java-4.1.2.jar;C:\Users\USER\.m2\repository\org\seleniumhq\selenium\selenium-devtools-v85\4.1.2\selenium-devtools-v85-4.1.2.jar;C:\Users\USER\.m2\repository\org\seleniumhq\selenium\selenium-devtools-v95\4.1.2\selenium-devtools-v95-4.1.2.jar;C:\Users\USER\.m2\repository\org\seleniumhq\selenium\selenium-devtools-v96\4.1.2\selenium-devtools-v96-4.1.2.jar;C:\Users\USER\.m2\repository\org\seleniumhq\selenium\selenium-devtools-v97\4.1.2\selenium-devtools-v97-4.1.2.jar;C:\Users\USER\.m2\repository\org\seleniumhq\selenium\selenium-firefox-xpi-driver\4.1.2\selenium-firefox-xpi-driver-4.1.2.jar;C:\Users\USER\.m2\repository\org\seleniumhq\selenium\selenium-opera-driver\4.1.2\selenium-opera-driver-4.1.2.jar;C:\Users\USER\.m2\repository\org\seleniumhq\selenium\selenium-remote-driver\4.1.2\selenium-remote-driver-4.1.2.jar;C:\Users\USER\.m2\repository\com\beust\jcommander\1.82\jcommander-1.82.jar;C:\Users\USER\.m2\repository\io\netty\netty-buffer\4.1.73.Final\netty-buffer-4.1.73.Final.jar;C:\Users\USER\.m2\repository\io\netty\netty-codec-http\4.1.73.Final\netty-codec-http-4.1.73.Final.jar;C:\Users\USER\.m2\repository\io\netty\netty-codec\4.1.73.Final\netty-codec-4.1.73.Final.jar;C:\Users\USER\.m2\repository\io\netty\netty-handler\4.1.73.Final\netty-handler-4.1.73.Final.jar;C:\Users\USER\.m2\repository\io\netty\netty-tcnative-classes\2.0.46.Final\netty-tcnative-classes-2.0.46.Final.jar;C:\Users\USER\.m2\repository\io\netty\netty-common\4.1.73.Final\netty-common-4.1.73.Final.jar;C:\Users\USER\.m2\repository\io\netty\netty-transport-classes-epoll\4.1.73.Final\netty-transport-classes-epoll-4.1.73.Final.jar;C:\Users\USER\.m2\repository\io\netty\netty-transport-classes-kqueue\4.1.73.Final\netty-transport-classes-kqueue-4.1.73.Final.jar;C:\Users\USER\.m2\repository\io\netty\netty-transport-native-epoll\4.1.73.Final\netty-transport-native-epoll-4.1.73.Final.jar;C:\Users\USER\.m2\repository\io\netty\netty-transport-native-kqueue\4.1.73.Final\netty-transport-native-kqueue-4.1.73.Final.jar;C:\Users\USER\.m2\repository\io\netty\netty-transport-native-unix-common\4.1.73.Final\netty-transport-native-unix-common-4.1.73.Final.jar;C:\Users\USER\.m2\repository\io\netty\netty-transport\4.1.73.Final\netty-transport-4.1.73.Final.jar;C:\Users\USER\.m2\repository\io\netty\netty-resolver\4.1.73.Final\netty-resolver-4.1.73.Final.jar;C:\Users\USER\.m2\repository\io\opentelemetry\opentelemetry-api\1.10.1\opentelemetry-api-1.10.1.jar;C:\Users\USER\.m2\repository\io\opentelemetry\opentelemetry-context\1.10.1\opentelemetry-context-1.10.1.jar;C:\Users\USER\.m2\repository\io\opentelemetry\opentelemetry-exporter-logging\1.10.1\opentelemetry-exporter-logging-1.10.1.jar;C:\Users\USER\.m2\repository\io\opentelemetry\opentelemetry-sdk-metrics\1.10.1-alpha\opentelemetry-sdk-metrics-1.10.1-alpha.jar;C:\Users\USER\.m2\repository\io\opentelemetry\opentelemetry-sdk-logs\1.10.1-alpha\opentelemetry-sdk-logs-1.10.1-alpha.jar;C:\Users\USER\.m2\repository\io\opentelemetry\opentelemetry-sdk-common\1.10.1\opentelemetry-sdk-common-1.10.1.jar;C:\Users\USER\.m2\repository\io\opentelemetry\opentelemetry-sdk-extension-autoconfigure-spi\1.10.1\opentelemetry-sdk-extension-autoconfigure-spi-1.10.1.jar;C:\Users\USER\.m2\repository\io\opentelemetry\opentelemetry-sdk-extension-autoconfigure\1.10.1-alpha\opentelemetry-sdk-extension-autoconfigure-1.10.1-alpha.jar;C:\Users\USER\.m2\repository\io\opentelemetry\opentelemetry-sdk-trace\1.10.1\opentelemetry-sdk-trace-1.10.1.jar;C:\Users\USER\.m2\repository\io\opentelemetry\opentelemetry-sdk\1.10.1\opentelemetry-sdk-1.10.1.jar;C:\Users\USER\.m2\repository\io\opentelemetry\opentelemetry-semconv\1.10.1-alpha\opentelemetry-semconv-1.10.1-alpha.jar;C:\Users\USER\.m2\repository\io\ous\jtoml\2.0.0\jtoml-2.0.0.jar;C:\Users\USER\.m2\repository\org\apache\commons\commons-exec\1.3\commons-exec-1.3.jar;C:\Users\USER\.m2\repository\org\asynchttpclient\async-http-client\2.12.3\async-http-client-2.12.3.jar;C:\Users\USER\.m2\repository\org\asynchttpclient\async-http-client-netty-utils\2.12.3\async-http-client-netty-utils-2.12.3.jar;C:\Users\USER\.m2\repository\io\netty\netty-codec-socks\4.1.60.Final\netty-codec-socks-4.1.60.Final.jar;C:\Users\USER\.m2\repository\io\netty\netty-handler-proxy\4.1.60.Final\netty-handler-proxy-4.1.60.Final.jar;C:\Users\USER\.m2\repository\io\netty\netty-transport-native-epoll\4.1.60.Final\netty-transport-native-epoll-4.1.60.Final-linux-x86_64.jar;C:\Users\USER\.m2\repository\io\netty\netty-transport-native-kqueue\4.1.60.Final\netty-transport-native-kqueue-4.1.60.Final-osx-x86_64.jar;C:\Users\USER\.m2\repository\org\reactivestreams\reactive-streams\1.0.3\reactive-streams-1.0.3.jar;C:\Users\USER\.m2\repository\com\typesafe\netty\netty-reactive-streams\2.0.4\netty-reactive-streams-2.0.4.jar;C:\Users\USER\.m2\repository\org\seleniumhq\selenium\selenium-http\4.1.2\selenium-http-4.1.2.jar;C:\Users\USER\.m2\repository\net\jodah\failsafe\2.4.4\failsafe-2.4.4.jar;C:\Users\USER\.m2\repository\org\seleniumhq\selenium\selenium-safari-driver\4.1.2\selenium-safari-driver-4.1.2.jar;C:\Users\USER\.m2\repository\org\seleniumhq\selenium\selenium-api\4.1.2\selenium-api-4.1.2.jar;C:\Users\USER\.m2\repository\org\seleniumhq\selenium\selenium-support\4.1.2\selenium-support-4.1.2.jar;C:\Users\USER\.m2\repository\com\google\auto\service\auto-service-annotations\1.0.1\auto-service-annotations-1.0.1.jar;C:\Users\USER\.m2\repository\com\google\auto\service\auto-service\1.0.1\auto-service-1.0.1.jar;C:\Users\USER\.m2\repository\com\google\auto\auto-common\1.2\auto-common-1.2.jar;C:\Users\USER\.m2\repository\org\seleniumhq\selenium\selenium-json\4.1.2\selenium-json-4.1.2.jar;C:\Users\USER\.m2\repository\org\seleniumhq\selenium\selenium-chrome-driver\4.1.2\selenium-chrome-driver-4.1.2.jar;C:\Users\USER\.m2\repository\org\seleniumhq\selenium\selenium-chromium-driver\4.1.2\selenium-chromium-driver-4.1.2.jar;C:\Users\USER\.m2\repository\org\seleniumhq\selenium\selenium-firefox-driver\4.1.2\selenium-firefox-driver-4.1.2.jar;C:\Users\USER\.m2\repository\org\seleniumhq\selenium\selenium-edge-driver\4.1.2\selenium-edge-driver-4.1.2.jar;C:\Users\USER\.m2\repository\org\seleniumhq\selenium\selenium-ie-driver\4.1.2\selenium-ie-driver-4.1.2.jar;C:\Users\USER\.m2\repository\org\projectlombok\lombok\1.18.20\lombok-1.18.20.jar;C:\Users\USER\.m2\repository\io\appium\java-client\8.0.0\java-client-8.0.0.jar;C:\Users\USER\.m2\repository\commons-validator\commons-validator\1.7\commons-validator-1.7.jar;C:\Users\USER\.m2\repository\commons-digester\commons-digester\2.1\commons-digester-2.1.jar;C:\Users\USER\.m2\repository\org\aspectj\aspectjweaver\1.9.8\aspectjweaver-1.9.8.jar;C:\Users\USER\.m2\repository\org\codehaus\groovy\groovy\3.0.10\groovy-3.0.10.jar;C:\Users\USER\.m2\repository\net\sf\opencsv\opencsv\2.0\opencsv-2.0.jar;C:\Users\USER\.m2\repository\commons-beanutils\commons-beanutils\1.9.4\commons-beanutils-1.9.4.jar;C:\Users\USER\.m2\repository\org\apache\commons\commons-lang3\3.12.0\commons-lang3-3.12.0.jar;C:\Users\USER\.m2\repository\commons-collections\commons-collections\3.2.2\commons-collections-3.2.2.jar;C:\Users\USER\.m2\repository\org\fluentlenium\fluentlenium-core\0.10.2\fluentlenium-core-0.10.2.jar;C:\Users\USER\.m2\repository\io\github\bonigarcia\webdrivermanager\5.1.0\webdrivermanager-5.1.0.jar;C:\Users\USER\.m2\repository\com\github\docker-java\docker-java\3.2.13\docker-java-3.2.13.jar;C:\Users\USER\.m2\repository\com\github\docker-java\docker-java-core\3.2.13\docker-java-core-3.2.13.jar;C:\Users\USER\.m2\repository\com\github\docker-java\docker-java-api\3.2.13\docker-java-api-3.2.13.jar;C:\Users\USER\.m2\repository\org\apache\commons\commons-compress\1.21\commons-compress-1.21.jar;C:\Users\USER\.m2\repository\org\bouncycastle\bcpkix-jdk15on\1.64\bcpkix-jdk15on-1.64.jar;C:\Users\USER\.m2\repository\org\bouncycastle\bcprov-jdk15on\1.64\bcprov-jdk15on-1.64.jar;C:\Users\USER\.m2\repository\org\slf4j\jcl-over-slf4j\1.7.30\jcl-over-slf4j-1.7.30.jar;C:\Users\USER\.m2\repository\com\github\docker-java\docker-java-transport-httpclient5\3.2.13\docker-java-transport-httpclient5-3.2.13.jar;C:\Users\USER\.m2\repository\com\github\docker-java\docker-java-transport\3.2.13\docker-java-transport-3.2.13.jar;C:\Users\USER\.m2\repository\org\apache\httpcomponents\client5\httpclient5\5.0.3\httpclient5-5.0.3.jar;C:\Users\USER\.m2\repository\org\apache\httpcomponents\core5\httpcore5\5.0.2\httpcore5-5.0.2.jar;C:\Users\USER\.m2\repository\net\java\dev\jna\jna\5.8.0\jna-5.8.0.jar;C:\Users\USER\.m2\repository\org\brotli\dec\0.1.2\dec-0.1.2.jar;C:\Users\USER\.m2\repository\com\jhlabs\filters\2.0.235\filters-2.0.235.jar;C:\Users\USER\.m2\repository\com\paulhammant\ngwebdriver\1.1.6\ngwebdriver-1.1.6.jar;C:\Users\USER\.m2\repository\joda-time\joda-time\2.8.2\joda-time-2.8.2.jar;C:\Users\USER\.m2\repository\org\hamcrest\hamcrest\2.2\hamcrest-2.2.jar;C:\Users\USER\.m2\repository\com\google\jimfs\jimfs\1.2\jimfs-1.2.jar;C:\Users\USER\.m2\repository\org\mockito\mockito-core\3.3.3\mockito-core-3.3.3.jar;C:\Users\USER\.m2\repository\javax\xml\bind\jaxb-api\2.3.1\jaxb-api-2.3.1.jar;C:\Users\USER\.m2\repository\javax\activation\javax.activation-api\1.2.0\javax.activation-api-1.2.0.jar;C:\Users\USER\.m2\repository\com\sun\xml\bind\jaxb-core\2.3.0.1\jaxb-core-2.3.0.1.jar;C:\Users\USER\.m2\repository\com\sun\xml\bind\jaxb-impl\2.3.3\jaxb-impl-2.3.3.jar;C:\Users\USER\.m2\repository\jakarta\xml\bind\jakarta.xml.bind-api\2.3.3\jakarta.xml.bind-api-2.3.3.jar;C:\Users\USER\.m2\repository\com\sun\activation\jakarta.activation\1.2.2\jakarta.activation-1.2.2.jar;C:\Users\USER\.m2\repository\javax\activation\activation\1.1.1\activation-1.1.1.jar;C:\Users\USER\.m2\repository\net\serenity-bdd\serenity-cucumber\3.2.1\serenity-cucumber-3.2.1.jar;C:\Users\USER\.m2\repository\io\cucumber\cucumber-core\7.2.3\cucumber-core-7.2.3.jar;C:\Users\USER\.m2\repository\io\cucumber\cucumber-gherkin\7.2.3\cucumber-gherkin-7.2.3.jar;C:\Users\USER\.m2\repository\io\cucumber\cucumber-gherkin-messages\7.2.3\cucumber-gherkin-messages-7.2.3.jar;C:\Users\USER\.m2\repository\io\cucumber\messages\17.1.1\messages-17.1.1.jar;C:\Users\USER\.m2\repository\io\cucumber\tag-expressions\4.1.0\tag-expressions-4.1.0.jar;C:\Users\USER\.m2\repository\io\cucumber\cucumber-expressions\15.0.1\cucumber-expressions-15.0.1.jar;C:\Users\USER\.m2\repository\io\cucumber\datatable\7.2.3\datatable-7.2.3.jar;C:\Users\USER\.m2\repository\io\cucumber\cucumber-plugin\7.2.3\cucumber-plugin-7.2.3.jar;C:\Users\USER\.m2\repository\io\cucumber\docstring\7.2.3\docstring-7.2.3.jar;C:\Users\USER\.m2\repository\io\cucumber\html-formatter\17.0.0\html-formatter-17.0.0.jar;C:\Users\USER\.m2\repository\io\cucumber\ci-environment\8.1.0\ci-environment-8.1.0.jar;C:\Users\USER\.m2\repository\io\cucumber\cucumber-junit\7.2.3\cucumber-junit-7.2.3.jar;C:\Users\USER\.m2\repository\org\apache\commons\commons-csv\1.5\commons-csv-1.5.jar;C:\Users\USER\.m2\repository\net\serenity-bdd\serenity-screenplay\3.2.1\serenity-screenplay-3.2.1.jar;C:\Users\USER\.m2\repository\net\serenity-bdd\serenity-screenplay-webdriver\3.2.1\serenity-screenplay-webdriver-3.2.1.jar;C:\Users\USER\.m2\repository\net\serenity-bdd\serenity-ensure\3.2.1\serenity-ensure-3.2.1.jar;C:\Users\USER\.m2\repository\net\serenity-bdd\serenity-junit\3.2.1\serenity-junit-3.2.1.jar;C:\Users\USER\.m2\repository\org\jetbrains\kotlin\kotlin-stdlib\1.6.0\kotlin-stdlib-1.6.0.jar;C:\Users\USER\.m2\repository\org\jetbrains\annotations\13.0\annotations-13.0.jar;C:\Users\USER\.m2\repository\org\jetbrains\kotlin\kotlin-stdlib-common\1.6.0\kotlin-stdlib-common-1.6.0.jar;C:\Users\USER\.m2\repository\org\junit\platform\junit-platform-launcher\1.8.1\junit-platform-launcher-1.8.1.jar;C:\Users\USER\.m2\repository\org\junit\platform\junit-platform-engine\1.8.1\junit-platform-engine-1.8.1.jar;C:\Users\USER\.m2\repository\org\opentest4j\opentest4j\1.2.0\opentest4j-1.2.0.jar;C:\Users\USER\.m2\repository\org\junit\platform\junit-platform-commons\1.8.1\junit-platform-commons-1.8.1.jar;C:\Users\USER\.m2\repository\org\apiguardian\apiguardian-api\1.1.2\apiguardian-api-1.1.2.jar;C:\Users\USER\.m2\repository\org\junit\jupiter\junit-jupiter-engine\5.8.2\junit-jupiter-engine-5.8.2.jar;C:\Users\USER\.m2\repository\org\junit\jupiter\junit-jupiter-api\5.8.2\junit-jupiter-api-5.8.2.jar;C:\Users\USER\.m2\repository\org\junit\vintage\junit-vintage-engine\5.8.2\junit-vintage-engine-5.8.2.jar;C:\Users\USER\.m2\repository\junit\junit\4.13.2\junit-4.13.2.jar;C:\Users\USER\.m2\repository\org\hamcrest\hamcrest-core\1.3\hamcrest-core-1.3.jar;C:\Users\USER\.m2\repository\ch\qos\logback\logback-classic\1.2.10\logback-classic-1.2.10.jar;C:\Users\USER\.m2\repository\ch\qos\logback\logback-core\1.2.10\logback-core-1.2.10.jar;C:\Users\USER\.m2\repository\org\slf4j\slf4j-api\1.7.32\slf4j-api-1.7.32.jar;C:\Users\USER\.m2\repository\org\assertj\assertj-core\3.6.2\assertj-core-3.6.2.jar;C:\Users\USER\.m2\repository\com\googlecode\json-simple\json-simple\1.1.1\json-simple-1.1.1.jar;"/>
    <property name="sun.cpu.endian" value="little"/>
    <property name="user.home" value="C:\Users\USER"/>
    <property name="user.language" value="en"/>
    <property name="java.specification.vendor" value="Oracle Corporation"/>
    <property name="jdk.module.path" value="E:\My Documents\File Difa\TI Semester 6 Kampus Merdeka Alterra\Tugas\CAPSTONE Project\Capstone-Project-Website\target\Capstone-Project-Website-1.0-SNAPSHOT.jar"/>
    <property name="java.version.date" value="2021-01-19"/>
    <property name="java.home" value="C:\Program Files\Java\jdk-15.0.2"/>
    <property name="file.separator" value="\"/>
    <property name="basedir" value="E:\My Documents\File Difa\TI Semester 6 Kampus Merdeka Alterra\Tugas\CAPSTONE Project\Capstone-Project-Website"/>
    <property name="java.vm.compressedOopsMode" value="32-bit"/>
    <property name="line.separator" value="&#10;"/>
    <property name="java.vm.specification.vendor" value="Oracle Corporation"/>
    <property name="java.specification.name" value="Java Platform API Specification"/>
    <property name="surefire.real.class.path" value="C:\Users\USER\.m2\repository\org\apache\maven\surefire\surefire-booter\3.0.0-M5\surefire-booter-3.0.0-M5.jar;C:\Users\USER\.m2\repository\org\apache\maven\surefire\surefire-api\3.0.0-M5\surefire-api-3.0.0-M5.jar;C:\Users\USER\.m2\repository\org\apache\maven\surefire\surefire-logger-api\3.0.0-M5\surefire-logger-api-3.0.0-M5.jar;C:\Users\USER\.m2\repository\org\apache\maven\surefire\surefire-shared-utils\3.0.0-M4\surefire-shared-utils-3.0.0-M4.jar;C:\Users\USER\.m2\repository\org\apache\maven\surefire\surefire-extensions-spi\3.0.0-M5\surefire-extensions-spi-3.0.0-M5.jar;E:\My Documents\File Difa\TI Semester 6 Kampus Merdeka Alterra\Tugas\CAPSTONE Project\Capstone-Project-Website\target\test-classes;C:\Users\USER\.m2\repository\net\serenity-bdd\serenity-core\3.2.1\serenity-core-3.2.1.jar;C:\Users\USER\.m2\repository\net\serenity-bdd\serenity-model\3.2.1\serenity-model-3.2.1.jar;C:\Users\USER\.m2\repository\org\apache\commons\commons-text\1.9\commons-text-1.9.jar;C:\Users\USER\.m2\repository\commons-net\commons-net\3.8.0\commons-net-3.8.0.jar;C:\Users\USER\.m2\repository\com\google\guava\guava\31.1-jre\guava-31.1-jre.jar;C:\Users\USER\.m2\repository\com\google\guava\failureaccess\1.0.1\failureaccess-1.0.1.jar;C:\Users\USER\.m2\repository\com\google\guava\listenablefuture\9999.0-empty-to-avoid-conflict-with-guava\listenablefuture-9999.0-empty-to-avoid-conflict-with-guava.jar;C:\Users\USER\.m2\repository\com\google\code\findbugs\jsr305\3.0.2\jsr305-3.0.2.jar;C:\Users\USER\.m2\repository\org\checkerframework\checker-qual\3.12.0\checker-qual-3.12.0.jar;C:\Users\USER\.m2\repository\com\google\errorprone\error_prone_annotations\2.11.0\error_prone_annotations-2.11.0.jar;C:\Users\USER\.m2\repository\com\google\j2objc\j2objc-annotations\1.3\j2objc-annotations-1.3.jar;C:\Users\USER\.m2\repository\com\google\inject\guice\5.1.0\guice-5.1.0.jar;C:\Users\USER\.m2\repository\javax\inject\javax.inject\1\javax.inject-1.jar;C:\Users\USER\.m2\repository\aopalliance\aopalliance\1.0\aopalliance-1.0.jar;C:\Users\USER\.m2\repository\org\jsoup\jsoup\1.14.3\jsoup-1.14.3.jar;C:\Users\USER\.m2\repository\com\thoughtworks\xstream\xstream\1.4.19\xstream-1.4.19.jar;C:\Users\USER\.m2\repository\io\github\x-stream\mxparser\1.2.2\mxparser-1.2.2.jar;C:\Users\USER\.m2\repository\xmlpull\xmlpull\1.1.3.1\xmlpull-1.1.3.1.jar;C:\Users\USER\.m2\repository\io\cucumber\cucumber-java\7.2.3\cucumber-java-7.2.3.jar;C:\Users\USER\.m2\repository\com\typesafe\config\1.4.2\config-1.4.2.jar;C:\Users\USER\.m2\repository\org\imgscalr\imgscalr-lib\4.2\imgscalr-lib-4.2.jar;C:\Users\USER\.m2\repository\org\awaitility\awaitility\4.2.0\awaitility-4.2.0.jar;C:\Users\USER\.m2\repository\org\freemarker\freemarker\2.3.31\freemarker-2.3.31.jar;C:\Users\USER\.m2\repository\io\github\classgraph\classgraph\4.8.138\classgraph-4.8.138.jar;C:\Users\USER\.m2\repository\net\sourceforge\jexcelapi\jxl\2.6.12\jxl-2.6.12.jar;C:\Users\USER\.m2\repository\net\bytebuddy\byte-buddy\1.12.8\byte-buddy-1.12.8.jar;C:\Users\USER\.m2\repository\net\bytebuddy\byte-buddy-agent\1.12.8\byte-buddy-agent-1.12.8.jar;C:\Users\USER\.m2\repository\org\objenesis\objenesis\3.1\objenesis-3.1.jar;C:\Users\USER\.m2\repository\net\serenity-bdd\serenity-reports\3.2.1\serenity-reports-3.2.1.jar;C:\Users\USER\.m2\repository\net\serenity-bdd\serenity-stats\3.2.1\serenity-stats-3.2.1.jar;C:\Users\USER\.m2\repository\net\serenity-bdd\serenity-reports-configuration\3.2.1\serenity-reports-configuration-3.2.1.jar;C:\Users\USER\.m2\repository\com\vladsch\flexmark\flexmark-all\0.34.30\flexmark-all-0.34.30.jar;C:\Users\USER\.m2\repository\com\vladsch\flexmark\flexmark\0.34.30\flexmark-0.34.30.jar;C:\Users\USER\.m2\repository\com\vladsch\flexmark\flexmark-ext-abbreviation\0.34.30\flexmark-ext-abbreviation-0.34.30.jar;C:\Users\USER\.m2\repository\com\vladsch\flexmark\flexmark-ext-admonition\0.34.30\flexmark-ext-admonition-0.34.30.jar;C:\Users\USER\.m2\repository\com\vladsch\flexmark\flexmark-ext-anchorlink\0.34.30\flexmark-ext-anchorlink-0.34.30.jar;C:\Users\USER\.m2\repository\com\vladsch\flexmark\flexmark-ext-aside\0.34.30\flexmark-ext-aside-0.34.30.jar;C:\Users\USER\.m2\repository\com\vladsch\flexmark\flexmark-ext-attributes\0.34.30\flexmark-ext-attributes-0.34.30.jar;C:\Users\USER\.m2\repository\com\vladsch\flexmark\flexmark-ext-autolink\0.34.30\flexmark-ext-autolink-0.34.30.jar;C:\Users\USER\.m2\repository\org\nibor\autolink\autolink\0.6.0\autolink-0.6.0.jar;C:\Users\USER\.m2\repository\com\vladsch\flexmark\flexmark-ext-definition\0.34.30\flexmark-ext-definition-0.34.30.jar;C:\Users\USER\.m2\repository\com\vladsch\flexmark\flexmark-ext-emoji\0.34.30\flexmark-ext-emoji-0.34.30.jar;C:\Users\USER\.m2\repository\com\vladsch\flexmark\flexmark-ext-enumerated-reference\0.34.30\flexmark-ext-enumerated-reference-0.34.30.jar;C:\Users\USER\.m2\repository\com\vladsch\flexmark\flexmark-ext-escaped-character\0.34.30\flexmark-ext-escaped-character-0.34.30.jar;C:\Users\USER\.m2\repository\com\vladsch\flexmark\flexmark-ext-footnotes\0.34.30\flexmark-ext-footnotes-0.34.30.jar;C:\Users\USER\.m2\repository\com\vladsch\flexmark\flexmark-ext-gfm-issues\0.34.30\flexmark-ext-gfm-issues-0.34.30.jar;C:\Users\USER\.m2\repository\com\vladsch\flexmark\flexmark-ext-gfm-strikethrough\0.34.30\flexmark-ext-gfm-strikethrough-0.34.30.jar;C:\Users\USER\.m2\repository\com\vladsch\flexmark\flexmark-ext-gfm-tables\0.34.30\flexmark-ext-gfm-tables-0.34.30.jar;C:\Users\USER\.m2\repository\com\vladsch\flexmark\flexmark-ext-gfm-tasklist\0.34.30\flexmark-ext-gfm-tasklist-0.34.30.jar;C:\Users\USER\.m2\repository\com\vladsch\flexmark\flexmark-ext-gfm-users\0.34.30\flexmark-ext-gfm-users-0.34.30.jar;C:\Users\USER\.m2\repository\com\vladsch\flexmark\flexmark-ext-gitlab\0.34.30\flexmark-ext-gitlab-0.34.30.jar;C:\Users\USER\.m2\repository\com\vladsch\flexmark\flexmark-ext-jekyll-front-matter\0.34.30\flexmark-ext-jekyll-front-matter-0.34.30.jar;C:\Users\USER\.m2\repository\com\vladsch\flexmark\flexmark-ext-jekyll-tag\0.34.30\flexmark-ext-jekyll-tag-0.34.30.jar;C:\Users\USER\.m2\repository\com\vladsch\flexmark\flexmark-ext-media-tags\0.34.30\flexmark-ext-media-tags-0.34.30.jar;C:\Users\USER\.m2\repository\com\vladsch\flexmark\flexmark-test-util\0.34.30\flexmark-test-util-0.34.30.jar;C:\Users\USER\.m2\repository\com\vladsch\flexmark\flexmark-ext-ins\0.34.30\flexmark-ext-ins-0.34.30.jar;C:\Users\USER\.m2\repository\com\vladsch\flexmark\flexmark-ext-xwiki-macros\0.34.30\flexmark-ext-xwiki-macros-0.34.30.jar;C:\Users\USER\.m2\repository\com\vladsch\flexmark\flexmark-ext-superscript\0.34.30\flexmark-ext-superscript-0.34.30.jar;C:\Users\USER\.m2\repository\com\vladsch\flexmark\flexmark-ext-tables\0.34.30\flexmark-ext-tables-0.34.30.jar;C:\Users\USER\.m2\repository\com\vladsch\flexmark\flexmark-ext-toc\0.34.30\flexmark-ext-toc-0.34.30.jar;C:\Users\USER\.m2\repository\com\vladsch\flexmark\flexmark-ext-typographic\0.34.30\flexmark-ext-typographic-0.34.30.jar;C:\Users\USER\.m2\repository\com\vladsch\flexmark\flexmark-ext-wikilink\0.34.30\flexmark-ext-wikilink-0.34.30.jar;C:\Users\USER\.m2\repository\com\vladsch\flexmark\flexmark-ext-yaml-front-matter\0.34.30\flexmark-ext-yaml-front-matter-0.34.30.jar;C:\Users\USER\.m2\repository\com\vladsch\flexmark\flexmark-ext-youtube-embedded\0.34.30\flexmark-ext-youtube-embedded-0.34.30.jar;C:\Users\USER\.m2\repository\com\vladsch\flexmark\flexmark-formatter\0.34.30\flexmark-formatter-0.34.30.jar;C:\Users\USER\.m2\repository\com\vladsch\flexmark\flexmark-html-parser\0.34.30\flexmark-html-parser-0.34.30.jar;C:\Users\USER\.m2\repository\com\vladsch\flexmark\flexmark-jira-converter\0.34.30\flexmark-jira-converter-0.34.30.jar;C:\Users\USER\.m2\repository\com\vladsch\flexmark\flexmark-pdf-converter\0.34.30\flexmark-pdf-converter-0.34.30.jar;C:\Users\USER\.m2\repository\com\openhtmltopdf\openhtmltopdf-core\0.0.1-RC13\openhtmltopdf-core-0.0.1-RC13.jar;C:\Users\USER\.m2\repository\com\openhtmltopdf\openhtmltopdf-pdfbox\0.0.1-RC13\openhtmltopdf-pdfbox-0.0.1-RC13.jar;C:\Users\USER\.m2\repository\org\apache\pdfbox\pdfbox\2.0.8\pdfbox-2.0.8.jar;C:\Users\USER\.m2\repository\org\apache\pdfbox\fontbox\2.0.8\fontbox-2.0.8.jar;C:\Users\USER\.m2\repository\commons-logging\commons-logging\1.2\commons-logging-1.2.jar;C:\Users\USER\.m2\repository\org\apache\pdfbox\xmpbox\2.0.8\xmpbox-2.0.8.jar;C:\Users\USER\.m2\repository\de\rototor\pdfbox\graphics2d\0.12\graphics2d-0.12.jar;C:\Users\USER\.m2\repository\com\openhtmltopdf\openhtmltopdf-rtl-support\0.0.1-RC13\openhtmltopdf-rtl-support-0.0.1-RC13.jar;C:\Users\USER\.m2\repository\com\ibm\icu\icu4j\59.1\icu4j-59.1.jar;C:\Users\USER\.m2\repository\com\openhtmltopdf\openhtmltopdf-jsoup-dom-converter\0.0.1-RC13\openhtmltopdf-jsoup-dom-converter-0.0.1-RC13.jar;C:\Users\USER\.m2\repository\com\vladsch\flexmark\flexmark-profile-pegdown\0.34.30\flexmark-profile-pegdown-0.34.30.jar;C:\Users\USER\.m2\repository\com\vladsch\flexmark\flexmark-util\0.34.30\flexmark-util-0.34.30.jar;C:\Users\USER\.m2\repository\com\vladsch\flexmark\flexmark-youtrack-converter\0.34.30\flexmark-youtrack-converter-0.34.30.jar;C:\Users\USER\.m2\repository\es\nitaur\markdown\txtmark\0.16\txtmark-0.16.jar;C:\Users\USER\.m2\repository\net\serenity-bdd\serenity-report-resources\3.2.1\serenity-report-resources-3.2.1.jar;C:\Users\USER\.m2\repository\com\google\code\gson\gson\2.9.0\gson-2.9.0.jar;C:\Users\USER\.m2\repository\com\fasterxml\jackson\core\jackson-core\2.13.2\jackson-core-2.13.2.jar;C:\Users\USER\.m2\repository\com\fasterxml\jackson\core\jackson-databind\2.13.2\jackson-databind-2.13.2.jar;C:\Users\USER\.m2\repository\com\fasterxml\jackson\core\jackson-annotations\2.13.2\jackson-annotations-2.13.2.jar;C:\Users\USER\.m2\repository\commons-codec\commons-codec\1.15\commons-codec-1.15.jar;C:\Users\USER\.m2\repository\commons-io\commons-io\2.11.0\commons-io-2.11.0.jar;C:\Users\USER\.m2\repository\org\seleniumhq\selenium\selenium-java\4.1.2\selenium-java-4.1.2.jar;C:\Users\USER\.m2\repository\org\seleniumhq\selenium\selenium-devtools-v85\4.1.2\selenium-devtools-v85-4.1.2.jar;C:\Users\USER\.m2\repository\org\seleniumhq\selenium\selenium-devtools-v95\4.1.2\selenium-devtools-v95-4.1.2.jar;C:\Users\USER\.m2\repository\org\seleniumhq\selenium\selenium-devtools-v96\4.1.2\selenium-devtools-v96-4.1.2.jar;C:\Users\USER\.m2\repository\org\seleniumhq\selenium\selenium-devtools-v97\4.1.2\selenium-devtools-v97-4.1.2.jar;C:\Users\USER\.m2\repository\org\seleniumhq\selenium\selenium-firefox-xpi-driver\4.1.2\selenium-firefox-xpi-driver-4.1.2.jar;C:\Users\USER\.m2\repository\org\seleniumhq\selenium\selenium-opera-driver\4.1.2\selenium-opera-driver-4.1.2.jar;C:\Users\USER\.m2\repository\org\seleniumhq\selenium\selenium-remote-driver\4.1.2\selenium-remote-driver-4.1.2.jar;C:\Users\USER\.m2\repository\com\beust\jcommander\1.82\jcommander-1.82.jar;C:\Users\USER\.m2\repository\io\netty\netty-buffer\4.1.73.Final\netty-buffer-4.1.73.Final.jar;C:\Users\USER\.m2\repository\io\netty\netty-codec-http\4.1.73.Final\netty-codec-http-4.1.73.Final.jar;C:\Users\USER\.m2\repository\io\netty\netty-codec\4.1.73.Final\netty-codec-4.1.73.Final.jar;C:\Users\USER\.m2\repository\io\netty\netty-handler\4.1.73.Final\netty-handler-4.1.73.Final.jar;C:\Users\USER\.m2\repository\io\netty\netty-tcnative-classes\2.0.46.Final\netty-tcnative-classes-2.0.46.Final.jar;C:\Users\USER\.m2\repository\io\netty\netty-common\4.1.73.Final\netty-common-4.1.73.Final.jar;C:\Users\USER\.m2\repository\io\netty\netty-transport-classes-epoll\4.1.73.Final\netty-transport-classes-epoll-4.1.73.Final.jar;C:\Users\USER\.m2\repository\io\netty\netty-transport-classes-kqueue\4.1.73.Final\netty-transport-classes-kqueue-4.1.73.Final.jar;C:\Users\USER\.m2\repository\io\netty\netty-transport-native-epoll\4.1.73.Final\netty-transport-native-epoll-4.1.73.Final.jar;C:\Users\USER\.m2\repository\io\netty\netty-transport-native-kqueue\4.1.73.Final\netty-transport-native-kqueue-4.1.73.Final.jar;C:\Users\USER\.m2\repository\io\netty\netty-transport-native-unix-common\4.1.73.Final\netty-transport-native-unix-common-4.1.73.Final.jar;C:\Users\USER\.m2\repository\io\netty\netty-transport\4.1.73.Final\netty-transport-4.1.73.Final.jar;C:\Users\USER\.m2\repository\io\netty\netty-resolver\4.1.73.Final\netty-resolver-4.1.73.Final.jar;C:\Users\USER\.m2\repository\io\opentelemetry\opentelemetry-api\1.10.1\opentelemetry-api-1.10.1.jar;C:\Users\USER\.m2\repository\io\opentelemetry\opentelemetry-context\1.10.1\opentelemetry-context-1.10.1.jar;C:\Users\USER\.m2\repository\io\opentelemetry\opentelemetry-exporter-logging\1.10.1\opentelemetry-exporter-logging-1.10.1.jar;C:\Users\USER\.m2\repository\io\opentelemetry\opentelemetry-sdk-metrics\1.10.1-alpha\opentelemetry-sdk-metrics-1.10.1-alpha.jar;C:\Users\USER\.m2\repository\io\opentelemetry\opentelemetry-sdk-logs\1.10.1-alpha\opentelemetry-sdk-logs-1.10.1-alpha.jar;C:\Users\USER\.m2\repository\io\opentelemetry\opentelemetry-sdk-common\1.10.1\opentelemetry-sdk-common-1.10.1.jar;C:\Users\USER\.m2\repository\io\opentelemetry\opentelemetry-sdk-extension-autoconfigure-spi\1.10.1\opentelemetry-sdk-extension-autoconfigure-spi-1.10.1.jar;C:\Users\USER\.m2\repository\io\opentelemetry\opentelemetry-sdk-extension-autoconfigure\1.10.1-alpha\opentelemetry-sdk-extension-autoconfigure-1.10.1-alpha.jar;C:\Users\USER\.m2\repository\io\opentelemetry\opentelemetry-sdk-trace\1.10.1\opentelemetry-sdk-trace-1.10.1.jar;C:\Users\USER\.m2\repository\io\opentelemetry\opentelemetry-sdk\1.10.1\opentelemetry-sdk-1.10.1.jar;C:\Users\USER\.m2\repository\io\opentelemetry\opentelemetry-semconv\1.10.1-alpha\opentelemetry-semconv-1.10.1-alpha.jar;C:\Users\USER\.m2\repository\io\ous\jtoml\2.0.0\jtoml-2.0.0.jar;C:\Users\USER\.m2\repository\org\apache\commons\commons-exec\1.3\commons-exec-1.3.jar;C:\Users\USER\.m2\repository\org\asynchttpclient\async-http-client\2.12.3\async-http-client-2.12.3.jar;C:\Users\USER\.m2\repository\org\asynchttpclient\async-http-client-netty-utils\2.12.3\async-http-client-netty-utils-2.12.3.jar;C:\Users\USER\.m2\repository\io\netty\netty-codec-socks\4.1.60.Final\netty-codec-socks-4.1.60.Final.jar;C:\Users\USER\.m2\repository\io\netty\netty-handler-proxy\4.1.60.Final\netty-handler-proxy-4.1.60.Final.jar;C:\Users\USER\.m2\repository\io\netty\netty-transport-native-epoll\4.1.60.Final\netty-transport-native-epoll-4.1.60.Final-linux-x86_64.jar;C:\Users\USER\.m2\repository\io\netty\netty-transport-native-kqueue\4.1.60.Final\netty-transport-native-kqueue-4.1.60.Final-osx-x86_64.jar;C:\Users\USER\.m2\repository\org\reactivestreams\reactive-streams\1.0.3\reactive-streams-1.0.3.jar;C:\Users\USER\.m2\repository\com\typesafe\netty\netty-reactive-streams\2.0.4\netty-reactive-streams-2.0.4.jar;C:\Users\USER\.m2\repository\org\seleniumhq\selenium\selenium-http\4.1.2\selenium-http-4.1.2.jar;C:\Users\USER\.m2\repository\net\jodah\failsafe\2.4.4\failsafe-2.4.4.jar;C:\Users\USER\.m2\repository\org\seleniumhq\selenium\selenium-safari-driver\4.1.2\selenium-safari-driver-4.1.2.jar;C:\Users\USER\.m2\repository\org\seleniumhq\selenium\selenium-api\4.1.2\selenium-api-4.1.2.jar;C:\Users\USER\.m2\repository\org\seleniumhq\selenium\selenium-support\4.1.2\selenium-support-4.1.2.jar;C:\Users\USER\.m2\repository\com\google\auto\service\auto-service-annotations\1.0.1\auto-service-annotations-1.0.1.jar;C:\Users\USER\.m2\repository\com\google\auto\service\auto-service\1.0.1\auto-service-1.0.1.jar;C:\Users\USER\.m2\repository\com\google\auto\auto-common\1.2\auto-common-1.2.jar;C:\Users\USER\.m2\repository\org\seleniumhq\selenium\selenium-json\4.1.2\selenium-json-4.1.2.jar;C:\Users\USER\.m2\repository\org\seleniumhq\selenium\selenium-chrome-driver\4.1.2\selenium-chrome-driver-4.1.2.jar;C:\Users\USER\.m2\repository\org\seleniumhq\selenium\selenium-chromium-driver\4.1.2\selenium-chromium-driver-4.1.2.jar;C:\Users\USER\.m2\repository\org\seleniumhq\selenium\selenium-firefox-driver\4.1.2\selenium-firefox-driver-4.1.2.jar;C:\Users\USER\.m2\repository\org\seleniumhq\selenium\selenium-edge-driver\4.1.2\selenium-edge-driver-4.1.2.jar;C:\Users\USER\.m2\repository\org\seleniumhq\selenium\selenium-ie-driver\4.1.2\selenium-ie-driver-4.1.2.jar;C:\Users\USER\.m2\repository\org\projectlombok\lombok\1.18.20\lombok-1.18.20.jar;C:\Users\USER\.m2\repository\io\appium\java-client\8.0.0\java-client-8.0.0.jar;C:\Users\USER\.m2\repository\commons-validator\commons-validator\1.7\commons-validator-1.7.jar;C:\Users\USER\.m2\repository\commons-digester\commons-digester\2.1\commons-digester-2.1.jar;C:\Users\USER\.m2\repository\org\aspectj\aspectjweaver\1.9.8\aspectjweaver-1.9.8.jar;C:\Users\USER\.m2\repository\org\codehaus\groovy\groovy\3.0.10\groovy-3.0.10.jar;C:\Users\USER\.m2\repository\net\sf\opencsv\opencsv\2.0\opencsv-2.0.jar;C:\Users\USER\.m2\repository\commons-beanutils\commons-beanutils\1.9.4\commons-beanutils-1.9.4.jar;C:\Users\USER\.m2\repository\org\apache\commons\commons-lang3\3.12.0\commons-lang3-3.12.0.jar;C:\Users\USER\.m2\repository\commons-collections\commons-collections\3.2.2\commons-collections-3.2.2.jar;C:\Users\USER\.m2\repository\org\fluentlenium\fluentlenium-core\0.10.2\fluentlenium-core-0.10.2.jar;C:\Users\USER\.m2\repository\io\github\bonigarcia\webdrivermanager\5.1.0\webdrivermanager-5.1.0.jar;C:\Users\USER\.m2\repository\com\github\docker-java\docker-java\3.2.13\docker-java-3.2.13.jar;C:\Users\USER\.m2\repository\com\github\docker-java\docker-java-core\3.2.13\docker-java-core-3.2.13.jar;C:\Users\USER\.m2\repository\com\github\docker-java\docker-java-api\3.2.13\docker-java-api-3.2.13.jar;C:\Users\USER\.m2\repository\org\apache\commons\commons-compress\1.21\commons-compress-1.21.jar;C:\Users\USER\.m2\repository\org\bouncycastle\bcpkix-jdk15on\1.64\bcpkix-jdk15on-1.64.jar;C:\Users\USER\.m2\repository\org\bouncycastle\bcprov-jdk15on\1.64\bcprov-jdk15on-1.64.jar;C:\Users\USER\.m2\repository\org\slf4j\jcl-over-slf4j\1.7.30\jcl-over-slf4j-1.7.30.jar;C:\Users\USER\.m2\repository\com\github\docker-java\docker-java-transport-httpclient5\3.2.13\docker-java-transport-httpclient5-3.2.13.jar;C:\Users\USER\.m2\repository\com\github\docker-java\docker-java-transport\3.2.13\docker-java-transport-3.2.13.jar;C:\Users\USER\.m2\repository\org\apache\httpcomponents\client5\httpclient5\5.0.3\httpclient5-5.0.3.jar;C:\Users\USER\.m2\repository\org\apache\httpcomponents\core5\httpcore5\5.0.2\httpcore5-5.0.2.jar;C:\Users\USER\.m2\repository\net\java\dev\jna\jna\5.8.0\jna-5.8.0.jar;C:\Users\USER\.m2\repository\org\brotli\dec\0.1.2\dec-0.1.2.jar;C:\Users\USER\.m2\repository\com\jhlabs\filters\2.0.235\filters-2.0.235.jar;C:\Users\USER\.m2\repository\com\paulhammant\ngwebdriver\1.1.6\ngwebdriver-1.1.6.jar;C:\Users\USER\.m2\repository\joda-time\joda-time\2.8.2\joda-time-2.8.2.jar;C:\Users\USER\.m2\repository\org\hamcrest\hamcrest\2.2\hamcrest-2.2.jar;C:\Users\USER\.m2\repository\com\google\jimfs\jimfs\1.2\jimfs-1.2.jar;C:\Users\USER\.m2\repository\org\mockito\mockito-core\3.3.3\mockito-core-3.3.3.jar;C:\Users\USER\.m2\repository\javax\xml\bind\jaxb-api\2.3.1\jaxb-api-2.3.1.jar;C:\Users\USER\.m2\repository\javax\activation\javax.activation-api\1.2.0\javax.activation-api-1.2.0.jar;C:\Users\USER\.m2\repository\com\sun\xml\bind\jaxb-core\2.3.0.1\jaxb-core-2.3.0.1.jar;C:\Users\USER\.m2\repository\com\sun\xml\bind\jaxb-impl\2.3.3\jaxb-impl-2.3.3.jar;C:\Users\USER\.m2\repository\jakarta\xml\bind\jakarta.xml.bind-api\2.3.3\jakarta.xml.bind-api-2.3.3.jar;C:\Users\USER\.m2\repository\com\sun\activation\jakarta.activation\1.2.2\jakarta.activation-1.2.2.jar;C:\Users\USER\.m2\repository\javax\activation\activation\1.1.1\activation-1.1.1.jar;C:\Users\USER\.m2\repository\net\serenity-bdd\serenity-cucumber\3.2.1\serenity-cucumber-3.2.1.jar;C:\Users\USER\.m2\repository\io\cucumber\cucumber-core\7.2.3\cucumber-core-7.2.3.jar;C:\Users\USER\.m2\repository\io\cucumber\cucumber-gherkin\7.2.3\cucumber-gherkin-7.2.3.jar;C:\Users\USER\.m2\repository\io\cucumber\cucumber-gherkin-messages\7.2.3\cucumber-gherkin-messages-7.2.3.jar;C:\Users\USER\.m2\repository\io\cucumber\messages\17.1.1\messages-17.1.1.jar;C:\Users\USER\.m2\repository\io\cucumber\tag-expressions\4.1.0\tag-expressions-4.1.0.jar;C:\Users\USER\.m2\repository\io\cucumber\cucumber-expressions\15.0.1\cucumber-expressions-15.0.1.jar;C:\Users\USER\.m2\repository\io\cucumber\datatable\7.2.3\datatable-7.2.3.jar;C:\Users\USER\.m2\repository\io\cucumber\cucumber-plugin\7.2.3\cucumber-plugin-7.2.3.jar;C:\Users\USER\.m2\repository\io\cucumber\docstring\7.2.3\docstring-7.2.3.jar;C:\Users\USER\.m2\repository\io\cucumber\html-formatter\17.0.0\html-formatter-17.0.0.jar;C:\Users\USER\.m2\repository\io\cucumber\ci-environment\8.1.0\ci-environment-8.1.0.jar;C:\Users\USER\.m2\repository\io\cucumber\cucumber-junit\7.2.3\cucumber-junit-7.2.3.jar;C:\Users\USER\.m2\repository\org\apache\commons\commons-csv\1.5\commons-csv-1.5.jar;C:\Users\USER\.m2\repository\net\serenity-bdd\serenity-screenplay\3.2.1\serenity-screenplay-3.2.1.jar;C:\Users\USER\.m2\repository\net\serenity-bdd\serenity-screenplay-webdriver\3.2.1\serenity-screenplay-webdriver-3.2.1.jar;C:\Users\USER\.m2\repository\net\serenity-bdd\serenity-ensure\3.2.1\serenity-ensure-3.2.1.jar;C:\Users\USER\.m2\repository\net\serenity-bdd\serenity-junit\3.2.1\serenity-junit-3.2.1.jar;C:\Users\USER\.m2\repository\org\jetbrains\kotlin\kotlin-stdlib\1.6.0\kotlin-stdlib-1.6.0.jar;C:\Users\USER\.m2\repository\org\jetbrains\annotations\13.0\annotations-13.0.jar;C:\Users\USER\.m2\repository\org\jetbrains\kotlin\kotlin-stdlib-common\1.6.0\kotlin-stdlib-common-1.6.0.jar;C:\Users\USER\.m2\repository\org\junit\platform\junit-platform-launcher\1.8.1\junit-platform-launcher-1.8.1.jar;C:\Users\USER\.m2\repository\org\junit\platform\junit-platform-engine\1.8.1\junit-platform-engine-1.8.1.jar;C:\Users\USER\.m2\repository\org\opentest4j\opentest4j\1.2.0\opentest4j-1.2.0.jar;C:\Users\USER\.m2\repository\org\junit\platform\junit-platform-commons\1.8.1\junit-platform-commons-1.8.1.jar;C:\Users\USER\.m2\repository\org\apiguardian\apiguardian-api\1.1.2\apiguardian-api-1.1.2.jar;C:\Users\USER\.m2\repository\org\junit\jupiter\junit-jupiter-engine\5.8.2\junit-jupiter-engine-5.8.2.jar;C:\Users\USER\.m2\repository\org\junit\jupiter\junit-jupiter-api\5.8.2\junit-jupiter-api-5.8.2.jar;C:\Users\USER\.m2\repository\org\junit\vintage\junit-vintage-engine\5.8.2\junit-vintage-engine-5.8.2.jar;C:\Users\USER\.m2\repository\junit\junit\4.13.2\junit-4.13.2.jar;C:\Users\USER\.m2\repository\org\hamcrest\hamcrest-core\1.3\hamcrest-core-1.3.jar;C:\Users\USER\.m2\repository\ch\qos\logback\logback-classic\1.2.10\logback-classic-1.2.10.jar;C:\Users\USER\.m2\repository\ch\qos\logback\logback-core\1.2.10\logback-core-1.2.10.jar;C:\Users\USER\.m2\repository\org\slf4j\slf4j-api\1.7.32\slf4j-api-1.7.32.jar;C:\Users\USER\.m2\repository\org\assertj\assertj-core\3.6.2\assertj-core-3.6.2.jar;C:\Users\USER\.m2\repository\com\googlecode\json-simple\json-simple\1.1.1\json-simple-1.1.1.jar;C:\Users\USER\.m2\repository\org\apache\maven\surefire\surefire-junit-platform\3.0.0-M5\surefire-junit-platform-3.0.0-M5.jar;C:\Users\USER\.m2\repository\org\apache\maven\surefire\common-java5\3.0.0-M5\common-java5-3.0.0-M5.jar"/>
    <property name="user.script" value=""/>
    <property name="java.protocol.handler.pkgs" value="com.google.common"/>
    <property name="sun.management.compiler" value="HotSpot 64-Bit Tiered Compilers"/>
    <property name="java.runtime.version" value="15.0.2+7-27"/>
    <property name="user.name" value="USER"/>
    <property name="path.separator" value=";"/>
    <property name="os.version" value="6.3"/>
    <property name="java.runtime.name" value="Java(TM) SE Runtime Environment"/>
    <property name="file.encoding" value="Cp1252"/>
    <property name="webdriver.base.url" value=""/>
    <property name="java.vm.name" value="Java HotSpot(TM) 64-Bit Server VM"/>
    <property name="localRepository" value="C:\Users\USER\.m2\repository"/>
    <property name="java.vendor.url.bug" value="https://bugreport.java.com/bugreport/"/>
    <property name="java.io.tmpdir" value="C:\Users\USER\AppData\Local\Temp\"/>
    <property name="java.version" value="15.0.2"/>
    <property name="user.dir" value="E:\My Documents\File Difa\TI Semester 6 Kampus Merdeka Alterra\Tugas\CAPSTONE Project\Capstone-Project-Website"/>
    <property name="os.arch" value="amd64"/>
    <property name="java.vm.specification.name" value="Java Virtual Machine Specification"/>
    <property name="sun.os.patch.level" value=""/>
    <property name="java.library.path" value="C:\Program Files\Java\jdk-15.0.2\bin;C:\Windows\Sun\Java\bin;C:\Windows\system32;C:\Windows;C:\Program Files\Git\mingw64\bin;C:\Program Files\Git\usr\bin;C:\Users\USER\bin;C:\Program Files\Common Files\Oracle\Java\javapath;C:\Windows\system32;C:\Windows;C:\Windows\System32\Wbem;C:\Windows\System32\WindowsPowerShell\v1.0;C:\Program Files\nodejs;C:\Program Files\Java\jdk-15.0.2\bin;C:\apache-jmeter-5.4.3\bin;C:\Program Files\apache-maven-3.8.5\bin;C:\Users\USER\AppData\Local\Android\Sdk\platform-tools;C:\Users\USER\AppData\Local\Android\Sdk\tools\bin;C:\Program Files\Git\cmd;C:\Users\USER\AppData\Local\Programs\Microsoft VS Code\bin;C:\Program Files\JetBrains\IntelliJ IDEA Community Edition 2022.1\bin;C:\Users\USER\AppData\Roaming\npm;."/>
    <property name="java.vm.info" value="mixed mode"/>
    <property name="java.vendor" value="Oracle Corporation"/>
    <property name="java.vm.version" value="15.0.2+7-27"/>
    <property name="sun.io.unicode.encoding" value="UnicodeLittle"/>
    <property name="java.class.version" value="59.0"/>
  </properties>
  <testcase name="Create New Appointment With Registered Patient Scenario" classname="Appointment" time="63.17">
    <system-out><![CDATA[16:26:41.381 [main] INFO io.cucumber.core.plugin.SerenityReporter - Running feature from file:///E:/My%20Documents/File%20Difa/TI%20Semester%206%20Kampus%20Merdeka%20Alterra/Tugas/CAPSTONE%20Project/Capstone-Project-Website/src/test/resources/features/1.Appointment.feature
16:26:41.712 [main] INFO  - 

-------------------------------------------------------------------------------------
     _______. _______ .______       _______ .__   __.  __  .___________.____    ____ 
    /       ||   ____||   _  \     |   ____||  \ |  | |  | |           |\   \  /   / 
   |   (----`|  |__   |  |_)  |    |  |__   |   \|  | |  | `---|  |----` \   \/   /  
    \   \    |   __|  |      /     |   __|  |  . `  | |  |     |  |       \_    _/   
.----)   |   |  |____ |  |\  \----.|  |____ |  |\   | |  |     |  |         |  |     
|_______/    |_______|| _| `._____||_______||__| \__| |__|     |__|         |__|    
                                                                                     
 News and tutorials at http://www.serenity-bdd.info                                  
 Documentation at https://wakaleo.gitbooks.io/the-serenity-book/content/             
 Join the Serenity Community on Gitter: https://gitter.im/serenity-bdd/serenity-core 
 Serenity BDD Support and Training at http://serenity-bdd.info/#/trainingandsupport  
-------------------------------------------------------------------------------------

16:26:41.717 [main] DEBUG net.thucydides.core.steps.StepEventBus - Test suite started for story net.thucydides.core.model.Story@4ac93a8b
16:26:41.725 [main] INFO  - Test Suite Started: Appointment
16:26:41.772 [main] INFO io.cucumber.core.plugin.SerenityReporter - Running feature from file:///E:/My%20Documents/File%20Difa/TI%20Semester%206%20Kampus%20Merdeka%20Alterra/Tugas/CAPSTONE%20Project/Capstone-Project-Website/src/test/resources/features/2.Patient.feature
16:26:41.788 [main] DEBUG net.thucydides.core.steps.StepEventBus - Test suite started for story net.thucydides.core.model.Story@ccc708cc
16:26:41.790 [main] INFO  - Test Suite Started: Patient
16:26:41.790 [main] INFO io.cucumber.core.plugin.SerenityReporter - Running feature from file:///E:/My%20Documents/File%20Difa/TI%20Semester%206%20Kampus%20Merdeka%20Alterra/Tugas/CAPSTONE%20Project/Capstone-Project-Website/src/test/resources/features/3.Doctor.feature
16:26:41.812 [main] DEBUG net.thucydides.core.steps.StepEventBus - Test suite started for story net.thucydides.core.model.Story@bff63723
16:26:41.813 [main] INFO  - Test Suite Started: Doctor
16:26:41.814 [main] INFO io.cucumber.core.plugin.SerenityReporter - Running feature from file:///E:/My%20Documents/File%20Difa/TI%20Semester%206%20Kampus%20Merdeka%20Alterra/Tugas/CAPSTONE%20Project/Capstone-Project-Website/src/test/resources/features/1.Appointment.feature
16:26:41.821 [main] DEBUG net.thucydides.core.steps.StepEventBus - Test suite started for story net.thucydides.core.model.Story@4ac93a8b
16:26:41.822 [main] INFO  - Test Suite Started: Appointment

@Appointment @CreateRegisAppointment
Scenario: Create New Appointment With Registered Patient Scenario &amp#27;[90m# src/test/resources/features/1.Appointment.feature:9&amp#27;[0m
16:26:42.035 [main] INFO io.cucumber.core.plugin.SerenityReporter - Running feature from file:///E:/My%20Documents/File%20Difa/TI%20Semester%206%20Kampus%20Merdeka%20Alterra/Tugas/CAPSTONE%20Project/Capstone-Project-Website/src/test/resources/features/1.Appointment.feature
16:26:42.254 [main] INFO  - 
  _____   ___   ___   _____     ___   _____     _     ___   _____   ___   ___  
 |_   _| | __| / __| |_   _|   / __| |_   _|   /_\   | _ \ |_   _| | __| |   \ 
   | |   | _|  \__ \   | |     \__ \   | |    / _ \  |   /   | |   | _|  | |) |
   |_|   |___| |___/   |_|     |___/   |_|   /_/ \_\ |_|_\   |_|   |___| |___/ 

Create New Appointment With Registered Patient Scenario(appointment;create-new-appointment-with-registered-patient-scenario)
--------------------------------------------------------------------------------
16:26:43.699 [main] DEBUG net.thucydides.core.steps.StepInterceptor - STARTING STEP: DashboardSteps.iAmOnTheDashboardPage - openUrl
16:26:43.764 [main] INFO net.serenitybdd.core.webdriver.driverproviders.ChromeDriverProvider - Using automatically driver download
16:26:48.859 [main] DEBUG io.github.bonigarcia.wdm.cache.ResolutionCache - Resolution chrome=102 in cache (valid until 16:47:55 20/06/2022 ICT)
16:26:48.870 [main] DEBUG io.github.bonigarcia.wdm.cache.ResolutionCache - Resolution chrome102=102.0.5005.61 in cache (valid until 09:12:44 21/06/2022 ICT)
16:26:48.875 [main] INFO io.github.bonigarcia.wdm.WebDriverManager - Using chromedriver 102.0.5005.61 (resolved driver for Chrome 102)
16:26:48.904 [main] DEBUG io.github.bonigarcia.wdm.WebDriverManager - Driver chromedriver 102.0.5005.61 found in cache
16:26:48.905 [main] INFO io.github.bonigarcia.wdm.WebDriverManager - Exporting webdriver.chrome.driver as C:\Users\USER\.cache\selenium\chromedriver\win32\102.0.5005.61\chromedriver.exe
16:26:49.986 [main] DEBUG net.thucydides.core.reflection.ClassFinder - Could not load class .CucumberTestSuite
16:26:49.987 [main] DEBUG net.thucydides.core.reflection.ClassFinder - Could not load class .Utils.General
16:26:49.987 [main] DEBUG net.thucydides.core.reflection.ClassFinder - Could not load class .starter.pages.AppointmentPage
16:26:49.987 [main] DEBUG net.thucydides.core.reflection.ClassFinder - Could not load class .starter.pages.DashboardPage
16:26:49.987 [main] DEBUG net.thucydides.core.reflection.ClassFinder - Could not load class .starter.pages.DoctorPage
16:26:49.987 [main] DEBUG net.thucydides.core.reflection.ClassFinder - Could not load class .starter.pages.PatientPage
16:26:49.988 [main] DEBUG net.thucydides.core.reflection.ClassFinder - Could not load class .starter.stepdefinitions.AppointmentSteps
16:26:49.988 [main] DEBUG net.thucydides.core.reflection.ClassFinder - Could not load class .starter.stepdefinitions.DashboardSteps
16:26:49.988 [main] DEBUG net.thucydides.core.reflection.ClassFinder - Could not load class .starter.stepdefinitions.DoctorSteps
16:26:49.988 [main] DEBUG net.thucydides.core.reflection.ClassFinder - Could not load class .starter.stepdefinitions.PatientSteps
16:26:49.989 [main] DEBUG net.thucydides.core.reflection.ClassFinder - Could not load class META-INF.versions.9.com.sun.istack.logging.StackHelper
16:26:49.990 [main] DEBUG net.thucydides.core.reflection.ClassFinder - Could not load class META-INF.versions.9.com.sun.xml.bind.v2.runtime.reflect.opt.AccessorInjector
16:26:49.991 [main] DEBUG net.thucydides.core.reflection.ClassFinder - Could not load class META-INF.versions.9.com.sun.xml.bind.v2.runtime.reflect.opt.Injector
16:26:49.991 [main] DEBUG net.thucydides.core.reflection.ClassFinder - Could not load class META-INF.versions.9.com.sun.xml.bind.v2.runtime.reflect.opt.OptimizedAccessorFactory
16:26:49.992 [main] DEBUG net.thucydides.core.reflection.ClassFinder - Could not load class META-INF.versions.9.com.sun.xml.bind.v2.runtime.reflect.opt.OptimizedTransducedAccessorFactory
16:26:49.992 [main] DEBUG net.thucydides.core.reflection.ClassFinder - Could not load class META-INF.versions.9.io.opentelemetry.sdk.internal.CurrentJavaVersionSpecific
16:26:49.993 [main] DEBUG net.thucydides.core.reflection.ClassFinder - Could not load class META-INF.versions.9.io.opentelemetry.sdk.internal.Java9VersionSpecific
16:26:49.994 [main] DEBUG net.thucydides.core.reflection.ClassFinder - Could not load class META-INF.versions.9.javax.xml.bind.ModuleUtil
16:26:49.995 [main] DEBUG net.thucydides.core.reflection.ClassFinder - Could not load class META-INF.versions.9.module-info
16:26:49.995 [main] DEBUG net.thucydides.core.reflection.ClassFinder - Could not load class META-INF.versions.9.org.junit.platform.commons.util.ModuleUtils
16:26:50.656 [main] DEBUG net.thucydides.core.reflection.ClassFinder - Could not load class com.google.gson.internal.
16:26:50.920 [main] DEBUG net.thucydides.core.reflection.ClassFinder - Could not load class com.sun.xml.bind.v2.runtime.output.FastInfosetStreamWriterOutput
16:26:52.176 [main] DEBUG net.thucydides.core.reflection.ClassFinder - Could not load class module-info
16:26:56.844 [main] DEBUG io.netty.util.internal.logging.InternalLoggerFactory - Using SLF4J as the default logging framework
16:26:56.849 [main] DEBUG io.netty.util.ResourceLeakDetector - -Dio.netty.leakDetection.level: simple
16:26:56.849 [main] DEBUG io.netty.util.ResourceLeakDetector - -Dio.netty.leakDetection.targetRecords: 4
16:26:56.854 [main] DEBUG io.netty.util.ResourceLeakDetectorFactory - Loaded default ResourceLeakDetector: io.netty.util.ResourceLeakDetector@7c38d816
16:26:56.885 [main] DEBUG io.netty.util.internal.PlatformDependent0 - -Dio.netty.noUnsafe: false
16:26:56.886 [main] DEBUG io.netty.util.internal.PlatformDependent0 - Java version: 15
16:26:56.887 [main] DEBUG io.netty.util.internal.PlatformDependent0 - sun.misc.Unsafe.theUnsafe: available
16:26:56.888 [main] DEBUG io.netty.util.internal.PlatformDependent0 - sun.misc.Unsafe.copyMemory: available
16:26:56.888 [main] DEBUG io.netty.util.internal.PlatformDependent0 - java.nio.Buffer.address: available
16:26:56.889 [main] DEBUG io.netty.util.internal.PlatformDependent0 - direct buffer constructor: unavailable: Reflective setAccessible(true) disabled
16:26:56.890 [main] DEBUG io.netty.util.internal.PlatformDependent0 - java.nio.Bits.unaligned: available, true
16:26:56.892 [main] DEBUG io.netty.util.internal.PlatformDependent0 - jdk.internal.misc.Unsafe.allocateUninitializedArray(int): unavailable: class io.netty.util.internal.PlatformDependent0$6 cannot access class jdk.internal.misc.Unsafe (in module java.base) because module java.base does not export jdk.internal.misc to unnamed module @e3cee7b
16:26:56.895 [main] DEBUG io.netty.util.internal.PlatformDependent0 - java.nio.DirectByteBuffer.<init>(long, int): unavailable
16:26:56.895 [main] DEBUG io.netty.util.internal.PlatformDependent - sun.misc.Unsafe: available
16:26:56.909 [main] DEBUG io.netty.util.internal.PlatformDependent - maxDirectMemory: 1050673152 bytes (maybe)
16:26:56.910 [main] DEBUG io.netty.util.internal.PlatformDependent - -Dio.netty.tmpdir: C:\Users\USER\AppData\Local\Temp (java.io.tmpdir)
16:26:56.910 [main] DEBUG io.netty.util.internal.PlatformDependent - -Dio.netty.bitMode: 64 (sun.arch.data.model)
16:26:56.911 [main] DEBUG io.netty.util.internal.PlatformDependent - Platform: Windows
16:26:56.913 [main] DEBUG io.netty.util.internal.PlatformDependent - -Dio.netty.maxDirectMemory: -1 bytes
16:26:56.913 [main] DEBUG io.netty.util.internal.PlatformDependent - -Dio.netty.uninitializedArrayAllocationThreshold: -1
16:26:56.915 [main] DEBUG io.netty.util.internal.CleanerJava9 - java.nio.ByteBuffer.cleaner(): available
16:26:56.915 [main] DEBUG io.netty.util.internal.PlatformDependent - -Dio.netty.noPreferDirect: false
16:26:56.931 [main] DEBUG io.netty.util.internal.PlatformDependent - org.jctools-core.MpscChunkedArrayQueue: available
16:26:56.956 [main] DEBUG io.netty.util.internal.InternalThreadLocalMap - -Dio.netty.threadLocalMap.stringBuilder.initialSize: 1024
16:26:56.957 [main] DEBUG io.netty.util.internal.InternalThreadLocalMap - -Dio.netty.threadLocalMap.stringBuilder.maxSize: 4096
16:26:57.269 [main] DEBUG io.netty.handler.ssl.JdkSslContext - Default protocols (JDK): [TLSv1.3, TLSv1.2, TLSv1.1, TLSv1] 
16:26:57.269 [main] DEBUG io.netty.handler.ssl.JdkSslContext - Default cipher suites (JDK): [TLS_ECDHE_ECDSA_WITH_AES_256_GCM_SHA384, TLS_ECDHE_ECDSA_WITH_AES_128_GCM_SHA256, TLS_ECDHE_RSA_WITH_AES_128_GCM_SHA256, TLS_ECDHE_RSA_WITH_AES_256_GCM_SHA384, TLS_ECDHE_RSA_WITH_AES_128_CBC_SHA, TLS_ECDHE_RSA_WITH_AES_256_CBC_SHA, TLS_RSA_WITH_AES_128_GCM_SHA256, TLS_RSA_WITH_AES_128_CBC_SHA, TLS_RSA_WITH_AES_256_CBC_SHA, TLS_AES_128_GCM_SHA256, TLS_AES_256_GCM_SHA384]
16:26:57.306 [main] DEBUG io.netty.channel.MultithreadEventLoopGroup - -Dio.netty.eventLoopThreads: 8
16:26:57.335 [main] DEBUG io.netty.channel.nio.NioEventLoop - -Dio.netty.noKeySetOptimization: false
16:26:57.335 [main] DEBUG io.netty.channel.nio.NioEventLoop - -Dio.netty.selectorAutoRebuildThreshold: 512
16:26:57.413 [main] DEBUG io.netty.buffer.PooledByteBufAllocator - -Dio.netty.allocator.numHeapArenas: 8
16:26:57.413 [main] DEBUG io.netty.buffer.PooledByteBufAllocator - -Dio.netty.allocator.numDirectArenas: 8
16:26:57.414 [main] DEBUG io.netty.buffer.PooledByteBufAllocator - -Dio.netty.allocator.pageSize: 8192
16:26:57.414 [main] DEBUG io.netty.buffer.PooledByteBufAllocator - -Dio.netty.allocator.maxOrder: 11
16:26:57.414 [main] DEBUG io.netty.buffer.PooledByteBufAllocator - -Dio.netty.allocator.chunkSize: 16777216
16:26:57.414 [main] DEBUG io.netty.buffer.PooledByteBufAllocator - -Dio.netty.allocator.smallCacheSize: 256
16:26:57.414 [main] DEBUG io.netty.buffer.PooledByteBufAllocator - -Dio.netty.allocator.normalCacheSize: 64
16:26:57.414 [main] DEBUG io.netty.buffer.PooledByteBufAllocator - -Dio.netty.allocator.maxCachedBufferCapacity: 32768
16:26:57.414 [main] DEBUG io.netty.buffer.PooledByteBufAllocator - -Dio.netty.allocator.cacheTrimInterval: 8192
16:26:57.414 [main] DEBUG io.netty.buffer.PooledByteBufAllocator - -Dio.netty.allocator.cacheTrimIntervalMillis: 0
16:26:57.414 [main] DEBUG io.netty.buffer.PooledByteBufAllocator - -Dio.netty.allocator.useCacheForAllThreads: true
16:26:57.414 [main] DEBUG io.netty.buffer.PooledByteBufAllocator - -Dio.netty.allocator.maxCachedByteBuffersPerChunk: 1023
16:26:57.440 [main] DEBUG io.netty.buffer.ByteBufUtil - -Dio.netty.allocator.type: pooled
16:26:57.441 [main] DEBUG io.netty.buffer.ByteBufUtil - -Dio.netty.threadLocalDirectBufferSize: 0
16:26:57.441 [main] DEBUG io.netty.buffer.ByteBufUtil - -Dio.netty.maxThreadLocalCharBufferSize: 16384
16:26:57.806 [main] DEBUG net.serenitybdd.core.webdriver.driverproviders.ProvideNewDriver - Instantiating driver
16:26:57.806 [main] DEBUG net.serenitybdd.core.webdriver.driverproviders.ProvideNewDriver - Driver capabilities: Capabilities {acceptInsecureCerts: false, base.url: https://hospital-management..., browserName: chrome, chrome.driver: src/test/resources/webdrive..., driver: chrome, goog:chromeOptions: {args: [], extensions: []}}
16:26:59.280 [Forwarding newSession on session null to remote] DEBUG io.netty.channel.DefaultChannelId - -Dio.netty.processId: 4268 (auto-detected)
16:26:59.287 [Forwarding newSession on session null to remote] DEBUG io.netty.util.NetUtil - -Djava.net.preferIPv4Stack: false
16:26:59.287 [Forwarding newSession on session null to remote] DEBUG io.netty.util.NetUtil - -Djava.net.preferIPv6Addresses: false
16:26:59.304 [Forwarding newSession on session null to remote] DEBUG io.netty.util.NetUtilInitializations - Loopback interface: lo (Software Loopback Interface 1, 127.0.0.1)
16:26:59.305 [Forwarding newSession on session null to remote] DEBUG io.netty.util.NetUtil - Failed to get SOMAXCONN from sysctl and file \proc\sys\net\core\somaxconn. Default: 200
16:26:59.330 [Forwarding newSession on session null to remote] DEBUG io.netty.channel.DefaultChannelId - -Dio.netty.machineId: 00:00:00:00:00:00:00:e0 (auto-detected)
16:26:59.383 [AsyncHttpClient-1-2] DEBUG io.netty.buffer.AbstractByteBuf - -Dio.netty.buffer.checkAccessible: true
16:26:59.384 [AsyncHttpClient-1-2] DEBUG io.netty.buffer.AbstractByteBuf - -Dio.netty.buffer.checkBounds: true
16:26:59.384 [AsyncHttpClient-1-2] DEBUG io.netty.util.ResourceLeakDetectorFactory - Loaded default ResourceLeakDetector: io.netty.util.ResourceLeakDetector@387db9ae
16:26:59.401 [AsyncHttpClient-1-2] DEBUG org.asynchttpclient.netty.channel.NettyConnectListener - Using new Channel '[id: 0x317f8075, L:/127.0.0.1:50165 - R:localhost/127.0.0.1:64372]' for 'POST' to '/session'
16:26:59.431 [AsyncHttpClient-1-2] DEBUG io.netty.util.Recycler - -Dio.netty.recycler.maxCapacityPerThread: 4096
16:26:59.431 [AsyncHttpClient-1-2] DEBUG io.netty.util.Recycler - -Dio.netty.recycler.ratio: 8
16:26:59.431 [AsyncHttpClient-1-2] DEBUG io.netty.util.Recycler - -Dio.netty.recycler.chunkSize: 32
16:26:59.431 [AsyncHttpClient-1-2] DEBUG io.netty.util.Recycler - -Dio.netty.recycler.blocking: false
16:27:18.121 [AsyncHttpClient-1-2] DEBUG io.netty.handler.codec.compression.Brotli - brotli4j not in the classpath; Brotli support will be unavailable.
16:27:18.122 [AsyncHttpClient-1-2] DEBUG org.asynchttpclient.netty.handler.HttpHandler - 

Request DefaultHttpRequest(decodeResult: success, version: HTTP/1.1)
POST /session HTTP/1.1
User-Agent: selenium/4.1.2 (java windows)
Content-Length: 621
Content-Type: application/json; charset=utf-8
host: localhost:64372
accept: */*

Response DefaultHttpResponse(decodeResult: success, version: HTTP/1.1)
HTTP/1.1 200 OK
Content-Type: application/json; charset=utf-8
cache-control: no-cache
content-length: 787

16:27:18.254 [AsyncHttpClient-1-2] DEBUG org.asynchttpclient.netty.channel.ChannelManager - Adding key: http://localhost:64372 for channel [id: 0x317f8075, L:/127.0.0.1:50165 - R:localhost/127.0.0.1:64372]
16:27:18.688 [AsyncHttpClient-1-3] DEBUG org.asynchttpclient.netty.channel.NettyConnectListener - Using new Channel '[id: 0xf74557c0, L:/127.0.0.1:50189 - R:localhost/127.0.0.1:50171]' for 'GET' to '/json/version'
16:27:18.702 [AsyncHttpClient-1-3] DEBUG org.asynchttpclient.netty.handler.HttpHandler - 

Request DefaultFullHttpRequest(decodeResult: success, version: HTTP/1.1, content: EmptyByteBufBE)
GET /json/version HTTP/1.1
User-Agent: selenium/4.1.2 (java windows)
host: localhost:50171
accept: */*

Response DefaultHttpResponse(decodeResult: success, version: HTTP/1.1)
HTTP/1.1 200 OK
Content-Type: application/json; charset=UTF-8
content-length: 427

16:27:18.703 [AsyncHttpClient-1-3] DEBUG org.asynchttpclient.netty.channel.ChannelManager - Adding key: http://localhost:50171 for channel [id: 0xf74557c0, L:/127.0.0.1:50189 - R:localhost/127.0.0.1:50171]
16:27:18.733 [main] DEBUG io.netty.util.internal.ThreadLocalRandom - -Dio.netty.initialSeedUniquifier: 0xb440c25ff10619c1
16:27:18.737 [AsyncHttpClient-1-4] DEBUG org.asynchttpclient.netty.channel.NettyConnectListener - Using new Channel '[id: 0x94062d79, L:/127.0.0.1:50190 - R:localhost/127.0.0.1:50171]' for 'GET' to '/devtools/browser/28df713b-dc1d-4742-bfde-597a09b0835e'
16:27:18.752 [AsyncHttpClient-1-4] DEBUG org.asynchttpclient.netty.handler.WebSocketHandler - 

Request DefaultFullHttpRequest(decodeResult: success, version: HTTP/1.1, content: EmptyByteBufBE)
GET /devtools/browser/28df713b-dc1d-4742-bfde-597a09b0835e HTTP/1.1
upgrade: websocket
connection: upgrade
sec-websocket-key: Gcbv528NsljJ50JpTrjVIg==
sec-websocket-version: 13
origin: http://localhost:50171
host: localhost:50171
accept: */*
user-agent: AHC/2.1

Response DefaultHttpResponse(decodeResult: success, version: HTTP/1.1)
HTTP/1.1 101 WebSocket Protocol Handshake
Upgrade: WebSocket
Connection: Upgrade
Sec-WebSocket-Accept: ejol9Yyhsjr/be8D9KmxM3KtLUQ=

16:27:19.237 [AsyncHttpClient-1-1] DEBUG org.asynchttpclient.netty.channel.DefaultChannelPool - Entry count for : http://localhost:64372 : 1
16:27:19.237 [AsyncHttpClient-1-1] DEBUG org.asynchttpclient.netty.channel.DefaultChannelPool - Entry count for : http://localhost:50171 : 1
16:27:19.245 [Forwarding maximizeCurrentWindow on session 142e886c931eaf4f2cbbb5411ccfc894 to remote] DEBUG org.asynchttpclient.netty.request.NettyRequestSender - Using pooled Channel '[id: 0x317f8075, L:/127.0.0.1:50165 - R:localhost/127.0.0.1:64372]' for 'POST' to 'http://localhost:64372/session/142e886c931eaf4f2cbbb5411ccfc894/window/maximize'
16:27:19.245 [Forwarding maximizeCurrentWindow on session 142e886c931eaf4f2cbbb5411ccfc894 to remote] DEBUG org.asynchttpclient.netty.request.NettyRequestSender - Using open Channel [id: 0x317f8075, L:/127.0.0.1:50165 - R:localhost/127.0.0.1:64372] for POST '/session/142e886c931eaf4f2cbbb5411ccfc894/window/maximize'
16:27:19.396 [AsyncHttpClient-1-2] DEBUG org.asynchttpclient.netty.handler.HttpHandler - 

Request DefaultHttpRequest(decodeResult: success, version: HTTP/1.1)
POST /session/142e886c931eaf4f2cbbb5411ccfc894/window/maximize HTTP/1.1
User-Agent: selenium/4.1.2 (java windows)
Content-Length: 3
Content-Type: application/json; charset=utf-8
host: localhost:64372
accept: */*

Response DefaultHttpResponse(decodeResult: success, version: HTTP/1.1)
HTTP/1.1 200 OK
Content-Type: application/json; charset=utf-8
cache-control: no-cache
content-length: 51

16:27:19.397 [AsyncHttpClient-1-2] DEBUG org.asynchttpclient.netty.channel.ChannelManager - Adding key: http://localhost:64372 for channel [id: 0x317f8075, L:/127.0.0.1:50165 - R:localhost/127.0.0.1:64372]
16:27:20.337 [AsyncHttpClient-1-1] DEBUG org.asynchttpclient.netty.channel.DefaultChannelPool - Entry count for : http://localhost:64372 : 1
16:27:20.337 [AsyncHttpClient-1-1] DEBUG org.asynchttpclient.netty.channel.DefaultChannelPool - Entry count for : http://localhost:50171 : 1
16:27:20.872 [main] DEBUG net.thucydides.core.reflection.ClassFinder - Could not load class .CucumberTestSuite
16:27:20.872 [main] DEBUG net.thucydides.core.reflection.ClassFinder - Could not load class .Utils.General
16:27:20.872 [main] DEBUG net.thucydides.core.reflection.ClassFinder - Could not load class .starter.pages.AppointmentPage
16:27:20.872 [main] DEBUG net.thucydides.core.reflection.ClassFinder - Could not load class .starter.pages.DashboardPage
16:27:20.872 [main] DEBUG net.thucydides.core.reflection.ClassFinder - Could not load class .starter.pages.DoctorPage
16:27:20.873 [main] DEBUG net.thucydides.core.reflection.ClassFinder - Could not load class .starter.pages.PatientPage
16:27:20.873 [main] DEBUG net.thucydides.core.reflection.ClassFinder - Could not load class .starter.stepdefinitions.AppointmentSteps
16:27:20.873 [main] DEBUG net.thucydides.core.reflection.ClassFinder - Could not load class .starter.stepdefinitions.DashboardSteps
16:27:20.873 [main] DEBUG net.thucydides.core.reflection.ClassFinder - Could not load class .starter.stepdefinitions.DoctorSteps
16:27:20.873 [main] DEBUG net.thucydides.core.reflection.ClassFinder - Could not load class .starter.stepdefinitions.PatientSteps
16:27:20.874 [main] DEBUG net.thucydides.core.reflection.ClassFinder - Could not load class META-INF.versions.9.com.sun.istack.logging.StackHelper
16:27:20.874 [main] DEBUG net.thucydides.core.reflection.ClassFinder - Could not load class META-INF.versions.9.com.sun.xml.bind.v2.runtime.reflect.opt.AccessorInjector
16:27:20.875 [main] DEBUG net.thucydides.core.reflection.ClassFinder - Could not load class META-INF.versions.9.com.sun.xml.bind.v2.runtime.reflect.opt.Injector
16:27:20.875 [main] DEBUG net.thucydides.core.reflection.ClassFinder - Could not load class META-INF.versions.9.com.sun.xml.bind.v2.runtime.reflect.opt.OptimizedAccessorFactory
16:27:20.875 [main] DEBUG net.thucydides.core.reflection.ClassFinder - Could not load class META-INF.versions.9.com.sun.xml.bind.v2.runtime.reflect.opt.OptimizedTransducedAccessorFactory
16:27:20.876 [main] DEBUG net.thucydides.core.reflection.ClassFinder - Could not load class META-INF.versions.9.io.opentelemetry.sdk.internal.CurrentJavaVersionSpecific
16:27:20.876 [main] DEBUG net.thucydides.core.reflection.ClassFinder - Could not load class META-INF.versions.9.io.opentelemetry.sdk.internal.Java9VersionSpecific
16:27:20.877 [main] DEBUG net.thucydides.core.reflection.ClassFinder - Could not load class META-INF.versions.9.javax.xml.bind.ModuleUtil
16:27:20.877 [main] DEBUG net.thucydides.core.reflection.ClassFinder - Could not load class META-INF.versions.9.module-info
16:27:20.878 [main] DEBUG net.thucydides.core.reflection.ClassFinder - Could not load class META-INF.versions.9.org.junit.platform.commons.util.ModuleUtils
16:27:20.881 [main] DEBUG net.thucydides.core.reflection.ClassFinder - Could not load class com.google.gson.internal.
16:27:20.883 [main] DEBUG net.thucydides.core.reflection.ClassFinder - Could not load class com.sun.xml.bind.v2.runtime.output.FastInfosetStreamWriterOutput
16:27:20.887 [main] DEBUG net.thucydides.core.reflection.ClassFinder - Could not load class module-info
16:27:20.914 [Forwarding get on session 142e886c931eaf4f2cbbb5411ccfc894 to remote] DEBUG org.asynchttpclient.netty.request.NettyRequestSender - Using pooled Channel '[id: 0x317f8075, L:/127.0.0.1:50165 - R:localhost/127.0.0.1:64372]' for 'POST' to 'http://localhost:64372/session/142e886c931eaf4f2cbbb5411ccfc894/url'
16:27:20.914 [Forwarding get on session 142e886c931eaf4f2cbbb5411ccfc894 to remote] DEBUG org.asynchttpclient.netty.request.NettyRequestSender - Using open Channel [id: 0x317f8075, L:/127.0.0.1:50165 - R:localhost/127.0.0.1:64372] for POST '/session/142e886c931eaf4f2cbbb5411ccfc894/url'
16:27:21.437 [AsyncHttpClient-1-1] DEBUG org.asynchttpclient.netty.channel.DefaultChannelPool - Entry count for : http://localhost:50171 : 1
16:27:22.538 [AsyncHttpClient-1-1] DEBUG org.asynchttpclient.netty.channel.DefaultChannelPool - Entry count for : http://localhost:50171 : 1
16:27:23.638 [AsyncHttpClient-1-1] DEBUG org.asynchttpclient.netty.channel.DefaultChannelPool - Entry count for : http://localhost:50171 : 1
16:27:24.737 [AsyncHttpClient-1-1] DEBUG org.asynchttpclient.netty.channel.DefaultChannelPool - Entry count for : http://localhost:50171 : 1
16:27:25.121 [AsyncHttpClient-1-2] DEBUG org.asynchttpclient.netty.handler.HttpHandler - 

Request DefaultHttpRequest(decodeResult: success, version: HTTP/1.1)
POST /session/142e886c931eaf4f2cbbb5411ccfc894/url HTTP/1.1
User-Agent: selenium/4.1.2 (java windows)
Content-Length: 65
Content-Type: application/json; charset=utf-8
host: localhost:64372
accept: */*

Response DefaultHttpResponse(decodeResult: success, version: HTTP/1.1)
HTTP/1.1 200 OK
Content-Type: application/json; charset=utf-8
cache-control: no-cache
content-length: 14

16:27:25.122 [AsyncHttpClient-1-2] DEBUG org.asynchttpclient.netty.channel.ChannelManager - Adding key: http://localhost:64372 for channel [id: 0x317f8075, L:/127.0.0.1:50165 - R:localhost/127.0.0.1:64372]
16:27:25.132 [Forwarding setTimeout on session 142e886c931eaf4f2cbbb5411ccfc894 to remote] DEBUG org.asynchttpclient.netty.request.NettyRequestSender - Using pooled Channel '[id: 0x317f8075, L:/127.0.0.1:50165 - R:localhost/127.0.0.1:64372]' for 'POST' to 'http://localhost:64372/session/142e886c931eaf4f2cbbb5411ccfc894/timeouts'
16:27:25.132 [Forwarding setTimeout on session 142e886c931eaf4f2cbbb5411ccfc894 to remote] DEBUG org.asynchttpclient.netty.request.NettyRequestSender - Using open Channel [id: 0x317f8075, L:/127.0.0.1:50165 - R:localhost/127.0.0.1:64372] for POST '/session/142e886c931eaf4f2cbbb5411ccfc894/timeouts'
16:27:25.263 [AsyncHttpClient-1-2] DEBUG org.asynchttpclient.netty.handler.HttpHandler - 

Request DefaultHttpRequest(decodeResult: success, version: HTTP/1.1)
POST /session/142e886c931eaf4f2cbbb5411ccfc894/timeouts HTTP/1.1
User-Agent: selenium/4.1.2 (java windows)
Content-Length: 22
Content-Type: application/json; charset=utf-8
host: localhost:64372
accept: */*

Response DefaultHttpResponse(decodeResult: success, version: HTTP/1.1)
HTTP/1.1 200 OK
Content-Type: application/json; charset=utf-8
cache-control: no-cache
content-length: 14

16:27:25.264 [AsyncHttpClient-1-2] DEBUG org.asynchttpclient.netty.channel.ChannelManager - Adding key: http://localhost:64372 for channel [id: 0x317f8075, L:/127.0.0.1:50165 - R:localhost/127.0.0.1:64372]
16:27:25.276 [Forwarding getCurrentUrl on session 142e886c931eaf4f2cbbb5411ccfc894 to remote] DEBUG org.asynchttpclient.netty.request.NettyRequestSender - Using pooled Channel '[id: 0x317f8075, L:/127.0.0.1:50165 - R:localhost/127.0.0.1:64372]' for 'GET' to 'http://localhost:64372/session/142e886c931eaf4f2cbbb5411ccfc894/url'
16:27:25.276 [Forwarding getCurrentUrl on session 142e886c931eaf4f2cbbb5411ccfc894 to remote] DEBUG org.asynchttpclient.netty.request.NettyRequestSender - Using open Channel [id: 0x317f8075, L:/127.0.0.1:50165 - R:localhost/127.0.0.1:64372] for GET '/session/142e886c931eaf4f2cbbb5411ccfc894/url'
16:27:25.493 [AsyncHttpClient-1-2] DEBUG org.asynchttpclient.netty.handler.HttpHandler - 

Request DefaultFullHttpRequest(decodeResult: success, version: HTTP/1.1, content: EmptyByteBufBE)
GET /session/142e886c931eaf4f2cbbb5411ccfc894/url HTTP/1.1
User-Agent: selenium/4.1.2 (java windows)
Cache-Control: no-cache
Content-Type: application/json; charset=utf-8
host: localhost:64372
accept: */*

Response DefaultHttpResponse(decodeResult: success, version: HTTP/1.1)
HTTP/1.1 200 OK
Content-Type: application/json; charset=utf-8
cache-control: no-cache
content-length: 53

16:27:25.494 [AsyncHttpClient-1-2] DEBUG org.asynchttpclient.netty.channel.ChannelManager - Adding key: http://localhost:64372 for channel [id: 0x317f8075, L:/127.0.0.1:50165 - R:localhost/127.0.0.1:64372]
16:27:25.508 [Forwarding getCurrentUrl on session 142e886c931eaf4f2cbbb5411ccfc894 to remote] DEBUG org.asynchttpclient.netty.request.NettyRequestSender - Using pooled Channel '[id: 0x317f8075, L:/127.0.0.1:50165 - R:localhost/127.0.0.1:64372]' for 'GET' to 'http://localhost:64372/session/142e886c931eaf4f2cbbb5411ccfc894/url'
16:27:25.509 [Forwarding getCurrentUrl on session 142e886c931eaf4f2cbbb5411ccfc894 to remote] DEBUG org.asynchttpclient.netty.request.NettyRequestSender - Using open Channel [id: 0x317f8075, L:/127.0.0.1:50165 - R:localhost/127.0.0.1:64372] for GET '/session/142e886c931eaf4f2cbbb5411ccfc894/url'
16:27:25.515 [AsyncHttpClient-1-2] DEBUG org.asynchttpclient.netty.handler.HttpHandler - 

Request DefaultFullHttpRequest(decodeResult: success, version: HTTP/1.1, content: EmptyByteBufBE)
GET /session/142e886c931eaf4f2cbbb5411ccfc894/url HTTP/1.1
User-Agent: selenium/4.1.2 (java windows)
Cache-Control: no-cache
Content-Type: application/json; charset=utf-8
host: localhost:64372
accept: */*

Response DefaultHttpResponse(decodeResult: success, version: HTTP/1.1)
HTTP/1.1 200 OK
Content-Type: application/json; charset=utf-8
cache-control: no-cache
content-length: 53

16:27:25.516 [AsyncHttpClient-1-2] DEBUG org.asynchttpclient.netty.channel.ChannelManager - Adding key: http://localhost:64372 for channel [id: 0x317f8075, L:/127.0.0.1:50165 - R:localhost/127.0.0.1:64372]
16:27:25.557 [main] DEBUG net.serenitybdd.core.photography.Darkroom - Opening darkroom
16:27:25.558 [Darkroom Processing Line] DEBUG net.serenitybdd.core.photography.DarkroomProcessingLine - Darkroom processing line starting up
16:27:25.560 [Forwarding screenshot on session 142e886c931eaf4f2cbbb5411ccfc894 to remote] DEBUG org.asynchttpclient.netty.request.NettyRequestSender - Using pooled Channel '[id: 0x317f8075, L:/127.0.0.1:50165 - R:localhost/127.0.0.1:64372]' for 'GET' to 'http://localhost:64372/session/142e886c931eaf4f2cbbb5411ccfc894/screenshot'
16:27:25.560 [Forwarding screenshot on session 142e886c931eaf4f2cbbb5411ccfc894 to remote] DEBUG org.asynchttpclient.netty.request.NettyRequestSender - Using open Channel [id: 0x317f8075, L:/127.0.0.1:50165 - R:localhost/127.0.0.1:64372] for GET '/session/142e886c931eaf4f2cbbb5411ccfc894/screenshot'
16:27:25.838 [AsyncHttpClient-1-1] DEBUG org.asynchttpclient.netty.channel.DefaultChannelPool - Entry count for : http://localhost:50171 : 1
16:27:26.626 [AsyncHttpClient-1-2] DEBUG org.asynchttpclient.netty.handler.HttpHandler - 

Request DefaultFullHttpRequest(decodeResult: success, version: HTTP/1.1, content: EmptyByteBufBE)
GET /session/142e886c931eaf4f2cbbb5411ccfc894/screenshot HTTP/1.1
User-Agent: selenium/4.1.2 (java windows)
Cache-Control: no-cache
Content-Type: application/json; charset=utf-8
host: localhost:64372
accept: */*

Response DefaultHttpResponse(decodeResult: success, version: HTTP/1.1)
HTTP/1.1 200 OK
Content-Type: application/json; charset=utf-8
cache-control: no-cache
content-length: 307340

16:27:26.636 [AsyncHttpClient-1-2] DEBUG org.asynchttpclient.netty.channel.ChannelManager - Adding key: http://localhost:64372 for channel [id: 0x317f8075, L:/127.0.0.1:50165 - R:localhost/127.0.0.1:64372]
16:27:26.937 [AsyncHttpClient-1-1] DEBUG org.asynchttpclient.netty.channel.DefaultChannelPool - Entry count for : http://localhost:64372 : 1
16:27:26.937 [AsyncHttpClient-1-1] DEBUG org.asynchttpclient.netty.channel.DefaultChannelPool - Entry count for : http://localhost:50171 : 1
16:27:28.038 [AsyncHttpClient-1-1] DEBUG org.asynchttpclient.netty.channel.DefaultChannelPool - Entry count for : http://localhost:64372 : 1
16:27:28.040 [AsyncHttpClient-1-1] DEBUG org.asynchttpclient.netty.channel.DefaultChannelPool - Entry count for : http://localhost:50171 : 1
16:27:29.138 [AsyncHttpClient-1-1] DEBUG org.asynchttpclient.netty.channel.DefaultChannelPool - Entry count for : http://localhost:64372 : 1
16:27:29.138 [AsyncHttpClient-1-1] DEBUG org.asynchttpclient.netty.channel.DefaultChannelPool - Entry count for : http://localhost:50171 : 1
16:27:30.237 [AsyncHttpClient-1-1] DEBUG org.asynchttpclient.netty.channel.DefaultChannelPool - Entry count for : http://localhost:64372 : 1
16:27:30.237 [AsyncHttpClient-1-1] DEBUG org.asynchttpclient.netty.channel.DefaultChannelPool - Entry count for : http://localhost:50171 : 1
16:27:30.877 [main] DEBUG net.serenitybdd.core.photography.Darkroom - Send negative for processing for target\site\serenity\b973d289ba85c8b6ead963a1d7b71cc6efd53dce0f95a9561e981b76f2c992fe.png
16:27:30.878 [Darkroom Processing Line] DEBUG net.serenitybdd.core.photography.DarkroomProcessingLine - Processing screenshot image in /var/screenshots/screenshot-15257778347421680724
16:27:30.879 [Darkroom Processing Line] DEBUG net.serenitybdd.core.photography.DarkroomProcessingLine - Saving screenshot to target\site\serenity\b973d289ba85c8b6ead963a1d7b71cc6efd53dce0f95a9561e981b76f2c992fe.png
16:27:30.928 [main] DEBUG net.thucydides.core.steps.StepInterceptor - STEP DONE: openUrl
16:27:30.962 [Forwarding screenshot on session 142e886c931eaf4f2cbbb5411ccfc894 to remote] DEBUG org.asynchttpclient.netty.request.NettyRequestSender - Using pooled Channel '[id: 0x317f8075, L:/127.0.0.1:50165 - R:localhost/127.0.0.1:64372]' for 'GET' to 'http://localhost:64372/session/142e886c931eaf4f2cbbb5411ccfc894/screenshot'
16:27:30.963 [Forwarding screenshot on session 142e886c931eaf4f2cbbb5411ccfc894 to remote] DEBUG org.asynchttpclient.netty.request.NettyRequestSender - Using open Channel [id: 0x317f8075, L:/127.0.0.1:50165 - R:localhost/127.0.0.1:64372] for GET '/session/142e886c931eaf4f2cbbb5411ccfc894/screenshot'
16:27:31.338 [AsyncHttpClient-1-1] DEBUG org.asynchttpclient.netty.channel.DefaultChannelPool - Entry count for : http://localhost:50171 : 1
16:27:31.382 [AsyncHttpClient-1-2] DEBUG org.asynchttpclient.netty.handler.HttpHandler - 

Request DefaultFullHttpRequest(decodeResult: success, version: HTTP/1.1, content: EmptyByteBufBE)
GET /session/142e886c931eaf4f2cbbb5411ccfc894/screenshot HTTP/1.1
User-Agent: selenium/4.1.2 (java windows)
Cache-Control: no-cache
Content-Type: application/json; charset=utf-8
host: localhost:64372
accept: */*

Response DefaultHttpResponse(decodeResult: success, version: HTTP/1.1)
HTTP/1.1 200 OK
Content-Type: application/json; charset=utf-8
cache-control: no-cache
content-length: 353640

16:27:31.388 [AsyncHttpClient-1-2] DEBUG org.asynchttpclient.netty.channel.ChannelManager - Adding key: http://localhost:64372 for channel [id: 0x317f8075, L:/127.0.0.1:50165 - R:localhost/127.0.0.1:64372]
16:27:31.415 [main] DEBUG net.serenitybdd.core.photography.Darkroom - Send negative for processing for target\site\serenity\7bb7a23816c6fa884db5b7de6277fe5ee66415da9bff8b6ef801c08587d7f872.png
16:27:31.416 [main] DEBUG net.thucydides.core.steps.StepInterceptor - STARTING STEP: DashboardSteps.iAmOnTheDashboardPage - validateOnDashboardPage
16:27:31.422 [Darkroom Processing Line] DEBUG net.serenitybdd.core.photography.DarkroomProcessingLine - Processing screenshot image in /var/screenshots/screenshot-11891767426335772201
16:27:31.422 [Darkroom Processing Line] DEBUG net.serenitybdd.core.photography.DarkroomProcessingLine - Saving screenshot to target\site\serenity\7bb7a23816c6fa884db5b7de6277fe5ee66415da9bff8b6ef801c08587d7f872.png
16:27:31.423 [Forwarding findElement on session 142e886c931eaf4f2cbbb5411ccfc894 to remote] DEBUG org.asynchttpclient.netty.request.NettyRequestSender - Using pooled Channel '[id: 0x317f8075, L:/127.0.0.1:50165 - R:localhost/127.0.0.1:64372]' for 'POST' to 'http://localhost:64372/session/142e886c931eaf4f2cbbb5411ccfc894/element'
16:27:31.423 [Forwarding findElement on session 142e886c931eaf4f2cbbb5411ccfc894 to remote] DEBUG org.asynchttpclient.netty.request.NettyRequestSender - Using open Channel [id: 0x317f8075, L:/127.0.0.1:50165 - R:localhost/127.0.0.1:64372] for POST '/session/142e886c931eaf4f2cbbb5411ccfc894/element'
16:27:31.717 [AsyncHttpClient-1-2] DEBUG org.asynchttpclient.netty.handler.HttpHandler - 

Request DefaultHttpRequest(decodeResult: success, version: HTTP/1.1)
POST /session/142e886c931eaf4f2cbbb5411ccfc894/element HTTP/1.1
User-Agent: selenium/4.1.2 (java windows)
Content-Length: 81
Content-Type: application/json; charset=utf-8
host: localhost:64372
accept: */*

Response DefaultHttpResponse(decodeResult: success, version: HTTP/1.1)
HTTP/1.1 200 OK
Content-Type: application/json; charset=utf-8
cache-control: no-cache
content-length: 88

16:27:31.718 [AsyncHttpClient-1-2] DEBUG org.asynchttpclient.netty.channel.ChannelManager - Adding key: http://localhost:64372 for channel [id: 0x317f8075, L:/127.0.0.1:50165 - R:localhost/127.0.0.1:64372]
16:27:31.759 [Forwarding isElementDisplayed on session 142e886c931eaf4f2cbbb5411ccfc894 to remote] DEBUG org.asynchttpclient.netty.request.NettyRequestSender - Using pooled Channel '[id: 0x317f8075, L:/127.0.0.1:50165 - R:localhost/127.0.0.1:64372]' for 'POST' to 'http://localhost:64372/session/142e886c931eaf4f2cbbb5411ccfc894/execute/sync'
16:27:31.759 [Forwarding isElementDisplayed on session 142e886c931eaf4f2cbbb5411ccfc894 to remote] DEBUG org.asynchttpclient.netty.request.NettyRequestSender - Using open Channel [id: 0x317f8075, L:/127.0.0.1:50165 - R:localhost/127.0.0.1:64372] for POST '/session/142e886c931eaf4f2cbbb5411ccfc894/execute/sync'
16:27:31.866 [AsyncHttpClient-1-2] DEBUG org.asynchttpclient.netty.handler.HttpHandler - 

Request DefaultHttpRequest(decodeResult: success, version: HTTP/1.1)
POST /session/142e886c931eaf4f2cbbb5411ccfc894/execute/sync HTTP/1.1
User-Agent: selenium/4.1.2 (java windows)
Content-Length: 48780
Content-Type: application/json; charset=utf-8
host: localhost:64372
accept: */*

Response DefaultHttpResponse(decodeResult: success, version: HTTP/1.1)
HTTP/1.1 200 OK
Content-Type: application/json; charset=utf-8
cache-control: no-cache
content-length: 14

16:27:31.866 [AsyncHttpClient-1-2] DEBUG org.asynchttpclient.netty.channel.ChannelManager - Adding key: http://localhost:64372 for channel [id: 0x317f8075, L:/127.0.0.1:50165 - R:localhost/127.0.0.1:64372]
16:27:31.875 [Forwarding screenshot on session 142e886c931eaf4f2cbbb5411ccfc894 to remote] DEBUG org.asynchttpclient.netty.request.NettyRequestSender - Using pooled Channel '[id: 0x317f8075, L:/127.0.0.1:50165 - R:localhost/127.0.0.1:64372]' for 'GET' to 'http://localhost:64372/session/142e886c931eaf4f2cbbb5411ccfc894/screenshot'
16:27:31.876 [Forwarding screenshot on session 142e886c931eaf4f2cbbb5411ccfc894 to remote] DEBUG org.asynchttpclient.netty.request.NettyRequestSender - Using open Channel [id: 0x317f8075, L:/127.0.0.1:50165 - R:localhost/127.0.0.1:64372] for GET '/session/142e886c931eaf4f2cbbb5411ccfc894/screenshot'
16:27:32.160 [AsyncHttpClient-1-2] DEBUG org.asynchttpclient.netty.handler.HttpHandler - 

Request DefaultFullHttpRequest(decodeResult: success, version: HTTP/1.1, content: EmptyByteBufBE)
GET /session/142e886c931eaf4f2cbbb5411ccfc894/screenshot HTTP/1.1
User-Agent: selenium/4.1.2 (java windows)
Cache-Control: no-cache
Content-Type: application/json; charset=utf-8
host: localhost:64372
accept: */*

Response DefaultHttpResponse(decodeResult: success, version: HTTP/1.1)
HTTP/1.1 200 OK
Content-Type: application/json; charset=utf-8
cache-control: no-cache
content-length: 351816

16:27:32.168 [AsyncHttpClient-1-2] DEBUG org.asynchttpclient.netty.channel.ChannelManager - Adding key: http://localhost:64372 for channel [id: 0x317f8075, L:/127.0.0.1:50165 - R:localhost/127.0.0.1:64372]
16:27:32.225 [main] DEBUG net.serenitybdd.core.photography.Darkroom - Send negative for processing for target\site\serenity\20277f1d76f1b925628464fcd1ece5de77a814679d1be3fdcf836a7ddadfed60.png
16:27:32.226 [main] DEBUG net.thucydides.core.steps.StepInterceptor - STEP DONE: validateOnDashboardPage
16:27:32.229 [Darkroom Processing Line] DEBUG net.serenitybdd.core.photography.DarkroomProcessingLine - Processing screenshot image in /var/screenshots/screenshot-16641275045542875136
16:27:32.229 [Darkroom Processing Line] DEBUG net.serenitybdd.core.photography.DarkroomProcessingLine - Saving screenshot to target\site\serenity\20277f1d76f1b925628464fcd1ece5de77a814679d1be3fdcf836a7ddadfed60.png
  &amp#27;[32mGiven &amp#27;[0m&amp#27;[32mI am on the dashboard page&amp#27;[0m                                &amp#27;[90m# starter.stepdefinitions.DashboardSteps.iAmOnTheDashboardPage()&amp#27;[0m
16:27:32.437 [AsyncHttpClient-1-1] DEBUG org.asynchttpclient.netty.channel.DefaultChannelPool - Entry count for : http://localhost:64372 : 1
16:27:32.437 [AsyncHttpClient-1-1] DEBUG org.asynchttpclient.netty.channel.DefaultChannelPool - Entry count for : http://localhost:50171 : 1
16:27:32.539 [Forwarding screenshot on session 142e886c931eaf4f2cbbb5411ccfc894 to remote] DEBUG org.asynchttpclient.netty.request.NettyRequestSender - Using pooled Channel '[id: 0x317f8075, L:/127.0.0.1:50165 - R:localhost/127.0.0.1:64372]' for 'GET' to 'http://localhost:64372/session/142e886c931eaf4f2cbbb5411ccfc894/screenshot'
16:27:32.540 [Forwarding screenshot on session 142e886c931eaf4f2cbbb5411ccfc894 to remote] DEBUG org.asynchttpclient.netty.request.NettyRequestSender - Using open Channel [id: 0x317f8075, L:/127.0.0.1:50165 - R:localhost/127.0.0.1:64372] for GET '/session/142e886c931eaf4f2cbbb5411ccfc894/screenshot'
16:27:32.791 [AsyncHttpClient-1-2] DEBUG org.asynchttpclient.netty.handler.HttpHandler - 

Request DefaultFullHttpRequest(decodeResult: success, version: HTTP/1.1, content: EmptyByteBufBE)
GET /session/142e886c931eaf4f2cbbb5411ccfc894/screenshot HTTP/1.1
User-Agent: selenium/4.1.2 (java windows)
Cache-Control: no-cache
Content-Type: application/json; charset=utf-8
host: localhost:64372
accept: */*

Response DefaultHttpResponse(decodeResult: success, version: HTTP/1.1)
HTTP/1.1 200 OK
Content-Type: application/json; charset=utf-8
cache-control: no-cache
content-length: 351816

16:27:32.797 [AsyncHttpClient-1-2] DEBUG org.asynchttpclient.netty.channel.ChannelManager - Adding key: http://localhost:64372 for channel [id: 0x317f8075, L:/127.0.0.1:50165 - R:localhost/127.0.0.1:64372]
16:27:32.823 [main] DEBUG net.serenitybdd.core.photography.Darkroom - Send negative for processing for target\site\serenity\20277f1d76f1b925628464fcd1ece5de77a814679d1be3fdcf836a7ddadfed60.png
16:27:32.824 [main] DEBUG net.thucydides.core.steps.StepInterceptor - STARTING STEP: AppointmentSteps.iClickMenuAppointment - clickMenuAppointmentButton
16:27:32.838 [Forwarding findElement on session 142e886c931eaf4f2cbbb5411ccfc894 to remote] DEBUG org.asynchttpclient.netty.request.NettyRequestSender - Using pooled Channel '[id: 0x317f8075, L:/127.0.0.1:50165 - R:localhost/127.0.0.1:64372]' for 'POST' to 'http://localhost:64372/session/142e886c931eaf4f2cbbb5411ccfc894/element'
16:27:32.838 [Forwarding findElement on session 142e886c931eaf4f2cbbb5411ccfc894 to remote] DEBUG org.asynchttpclient.netty.request.NettyRequestSender - Using open Channel [id: 0x317f8075, L:/127.0.0.1:50165 - R:localhost/127.0.0.1:64372] for POST '/session/142e886c931eaf4f2cbbb5411ccfc894/element'
16:27:32.856 [AsyncHttpClient-1-2] DEBUG org.asynchttpclient.netty.handler.HttpHandler - 

Request DefaultHttpRequest(decodeResult: success, version: HTTP/1.1)
POST /session/142e886c931eaf4f2cbbb5411ccfc894/element HTTP/1.1
User-Agent: selenium/4.1.2 (java windows)
Content-Length: 84
Content-Type: application/json; charset=utf-8
host: localhost:64372
accept: */*

Response DefaultHttpResponse(decodeResult: success, version: HTTP/1.1)
HTTP/1.1 200 OK
Content-Type: application/json; charset=utf-8
cache-control: no-cache
content-length: 88

16:27:32.856 [AsyncHttpClient-1-2] DEBUG org.asynchttpclient.netty.channel.ChannelManager - Adding key: http://localhost:64372 for channel [id: 0x317f8075, L:/127.0.0.1:50165 - R:localhost/127.0.0.1:64372]
16:27:32.862 [Forwarding getElementTagName on session 142e886c931eaf4f2cbbb5411ccfc894 to remote] DEBUG org.asynchttpclient.netty.request.NettyRequestSender - Using pooled Channel '[id: 0x317f8075, L:/127.0.0.1:50165 - R:localhost/127.0.0.1:64372]' for 'GET' to 'http://localhost:64372/session/142e886c931eaf4f2cbbb5411ccfc894/element/ab20d19f-9959-4f3a-bdc7-84fe10312288/name'
16:27:32.862 [Forwarding getElementTagName on session 142e886c931eaf4f2cbbb5411ccfc894 to remote] DEBUG org.asynchttpclient.netty.request.NettyRequestSender - Using open Channel [id: 0x317f8075, L:/127.0.0.1:50165 - R:localhost/127.0.0.1:64372] for GET '/session/142e886c931eaf4f2cbbb5411ccfc894/element/ab20d19f-9959-4f3a-bdc7-84fe10312288/name'
16:27:32.884 [AsyncHttpClient-1-2] DEBUG org.asynchttpclient.netty.handler.HttpHandler - 

Request DefaultFullHttpRequest(decodeResult: success, version: HTTP/1.1, content: EmptyByteBufBE)
GET /session/142e886c931eaf4f2cbbb5411ccfc894/element/ab20d19f-9959-4f3a-bdc7-84fe10312288/name HTTP/1.1
User-Agent: selenium/4.1.2 (java windows)
Cache-Control: no-cache
Content-Type: application/json; charset=utf-8
host: localhost:64372
accept: */*

Response DefaultHttpResponse(decodeResult: success, version: HTTP/1.1)
HTTP/1.1 200 OK
Content-Type: application/json; charset=utf-8
cache-control: no-cache
content-length: 15

16:27:32.885 [AsyncHttpClient-1-2] DEBUG org.asynchttpclient.netty.channel.ChannelManager - Adding key: http://localhost:64372 for channel [id: 0x317f8075, L:/127.0.0.1:50165 - R:localhost/127.0.0.1:64372]
16:27:32.888 [Forwarding getElementTagName on session 142e886c931eaf4f2cbbb5411ccfc894 to remote] DEBUG org.asynchttpclient.netty.request.NettyRequestSender - Using pooled Channel '[id: 0x317f8075, L:/127.0.0.1:50165 - R:localhost/127.0.0.1:64372]' for 'GET' to 'http://localhost:64372/session/142e886c931eaf4f2cbbb5411ccfc894/element/ab20d19f-9959-4f3a-bdc7-84fe10312288/name'
16:27:32.889 [Forwarding getElementTagName on session 142e886c931eaf4f2cbbb5411ccfc894 to remote] DEBUG org.asynchttpclient.netty.request.NettyRequestSender - Using open Channel [id: 0x317f8075, L:/127.0.0.1:50165 - R:localhost/127.0.0.1:64372] for GET '/session/142e886c931eaf4f2cbbb5411ccfc894/element/ab20d19f-9959-4f3a-bdc7-84fe10312288/name'
16:27:32.896 [AsyncHttpClient-1-2] DEBUG org.asynchttpclient.netty.handler.HttpHandler - 

Request DefaultFullHttpRequest(decodeResult: success, version: HTTP/1.1, content: EmptyByteBufBE)
GET /session/142e886c931eaf4f2cbbb5411ccfc894/element/ab20d19f-9959-4f3a-bdc7-84fe10312288/name HTTP/1.1
User-Agent: selenium/4.1.2 (java windows)
Cache-Control: no-cache
Content-Type: application/json; charset=utf-8
host: localhost:64372
accept: */*

Response DefaultHttpResponse(decodeResult: success, version: HTTP/1.1)
HTTP/1.1 200 OK
Content-Type: application/json; charset=utf-8
cache-control: no-cache
content-length: 15

16:27:32.897 [AsyncHttpClient-1-2] DEBUG org.asynchttpclient.netty.channel.ChannelManager - Adding key: http://localhost:64372 for channel [id: 0x317f8075, L:/127.0.0.1:50165 - R:localhost/127.0.0.1:64372]
16:27:32.908 [Forwarding findElement on session 142e886c931eaf4f2cbbb5411ccfc894 to remote] DEBUG org.asynchttpclient.netty.request.NettyRequestSender - Using pooled Channel '[id: 0x317f8075, L:/127.0.0.1:50165 - R:localhost/127.0.0.1:64372]' for 'POST' to 'http://localhost:64372/session/142e886c931eaf4f2cbbb5411ccfc894/element'
16:27:32.908 [Forwarding findElement on session 142e886c931eaf4f2cbbb5411ccfc894 to remote] DEBUG org.asynchttpclient.netty.request.NettyRequestSender - Using open Channel [id: 0x317f8075, L:/127.0.0.1:50165 - R:localhost/127.0.0.1:64372] for POST '/session/142e886c931eaf4f2cbbb5411ccfc894/element'
16:27:32.920 [AsyncHttpClient-1-2] DEBUG org.asynchttpclient.netty.handler.HttpHandler - 

Request DefaultHttpRequest(decodeResult: success, version: HTTP/1.1)
POST /session/142e886c931eaf4f2cbbb5411ccfc894/element HTTP/1.1
User-Agent: selenium/4.1.2 (java windows)
Content-Length: 84
Content-Type: application/json; charset=utf-8
host: localhost:64372
accept: */*

Response DefaultHttpResponse(decodeResult: success, version: HTTP/1.1)
HTTP/1.1 200 OK
Content-Type: application/json; charset=utf-8
cache-control: no-cache
content-length: 88

16:27:32.920 [AsyncHttpClient-1-2] DEBUG org.asynchttpclient.netty.channel.ChannelManager - Adding key: http://localhost:64372 for channel [id: 0x317f8075, L:/127.0.0.1:50165 - R:localhost/127.0.0.1:64372]
16:27:32.923 [Forwarding clickElement on session 142e886c931eaf4f2cbbb5411ccfc894 to remote] DEBUG org.asynchttpclient.netty.request.NettyRequestSender - Using pooled Channel '[id: 0x317f8075, L:/127.0.0.1:50165 - R:localhost/127.0.0.1:64372]' for 'POST' to 'http://localhost:64372/session/142e886c931eaf4f2cbbb5411ccfc894/element/ab20d19f-9959-4f3a-bdc7-84fe10312288/click'
16:27:32.923 [Forwarding clickElement on session 142e886c931eaf4f2cbbb5411ccfc894 to remote] DEBUG org.asynchttpclient.netty.request.NettyRequestSender - Using open Channel [id: 0x317f8075, L:/127.0.0.1:50165 - R:localhost/127.0.0.1:64372] for POST '/session/142e886c931eaf4f2cbbb5411ccfc894/element/ab20d19f-9959-4f3a-bdc7-84fe10312288/click'
16:27:33.406 [AsyncHttpClient-1-2] DEBUG org.asynchttpclient.netty.handler.HttpHandler - 

Request DefaultHttpRequest(decodeResult: success, version: HTTP/1.1)
POST /session/142e886c931eaf4f2cbbb5411ccfc894/element/ab20d19f-9959-4f3a-bdc7-84fe10312288/click HTTP/1.1
User-Agent: selenium/4.1.2 (java windows)
Content-Length: 50
Content-Type: application/json; charset=utf-8
host: localhost:64372
accept: */*

Response DefaultHttpResponse(decodeResult: success, version: HTTP/1.1)
HTTP/1.1 200 OK
Content-Type: application/json; charset=utf-8
cache-control: no-cache
content-length: 14

16:27:33.407 [AsyncHttpClient-1-2] DEBUG org.asynchttpclient.netty.channel.ChannelManager - Adding key: http://localhost:64372 for channel [id: 0x317f8075, L:/127.0.0.1:50165 - R:localhost/127.0.0.1:64372]
16:27:33.430 [Forwarding screenshot on session 142e886c931eaf4f2cbbb5411ccfc894 to remote] DEBUG org.asynchttpclient.netty.request.NettyRequestSender - Using pooled Channel '[id: 0x317f8075, L:/127.0.0.1:50165 - R:localhost/127.0.0.1:64372]' for 'GET' to 'http://localhost:64372/session/142e886c931eaf4f2cbbb5411ccfc894/screenshot'
16:27:33.430 [Forwarding screenshot on session 142e886c931eaf4f2cbbb5411ccfc894 to remote] DEBUG org.asynchttpclient.netty.request.NettyRequestSender - Using open Channel [id: 0x317f8075, L:/127.0.0.1:50165 - R:localhost/127.0.0.1:64372] for GET '/session/142e886c931eaf4f2cbbb5411ccfc894/screenshot'
16:27:33.538 [AsyncHttpClient-1-1] DEBUG org.asynchttpclient.netty.channel.DefaultChannelPool - Entry count for : http://localhost:50171 : 1
16:27:33.602 [AsyncHttpClient-1-2] DEBUG org.asynchttpclient.netty.handler.HttpHandler - 

Request DefaultFullHttpRequest(decodeResult: success, version: HTTP/1.1, content: EmptyByteBufBE)
GET /session/142e886c931eaf4f2cbbb5411ccfc894/screenshot HTTP/1.1
User-Agent: selenium/4.1.2 (java windows)
Cache-Control: no-cache
Content-Type: application/json; charset=utf-8
host: localhost:64372
accept: */*

Response DefaultHttpResponse(decodeResult: success, version: HTTP/1.1)
HTTP/1.1 200 OK
Content-Type: application/json; charset=utf-8
cache-control: no-cache
content-length: 77828

16:27:33.604 [AsyncHttpClient-1-2] DEBUG org.asynchttpclient.netty.channel.ChannelManager - Adding key: http://localhost:64372 for channel [id: 0x317f8075, L:/127.0.0.1:50165 - R:localhost/127.0.0.1:64372]
16:27:33.609 [main] DEBUG net.serenitybdd.core.photography.Darkroom - Send negative for processing for target\site\serenity\df826b641c90eb1ab20acaff6bb6a243fb9749f2ec822fc536a67da27d3ac00b.png
16:27:33.610 [main] DEBUG net.thucydides.core.steps.StepInterceptor - STEP DONE: clickMenuAppointmentButton
16:27:33.610 [Darkroom Processing Line] DEBUG net.serenitybdd.core.photography.DarkroomProcessingLine - Processing screenshot image in /var/screenshots/screenshot-2850579073779992370
16:27:33.610 [Darkroom Processing Line] DEBUG net.serenitybdd.core.photography.DarkroomProcessingLine - Saving screenshot to target\site\serenity\df826b641c90eb1ab20acaff6bb6a243fb9749f2ec822fc536a67da27d3ac00b.png
  &amp#27;[32mAnd &amp#27;[0m&amp#27;[32mI click menu Appointment&amp#27;[0m                                    &amp#27;[90m# starter.stepdefinitions.AppointmentSteps.iClickMenuAppointment()&amp#27;[0m
16:27:33.635 [main] DEBUG net.thucydides.core.steps.StepInterceptor - STARTING STEP: AppointmentSteps.iClickAddNewAppointment - clickAddNewAppointmentButton
16:27:33.641 [Forwarding findElement on session 142e886c931eaf4f2cbbb5411ccfc894 to remote] DEBUG org.asynchttpclient.netty.request.NettyRequestSender - Using pooled Channel '[id: 0x317f8075, L:/127.0.0.1:50165 - R:localhost/127.0.0.1:64372]' for 'POST' to 'http://localhost:64372/session/142e886c931eaf4f2cbbb5411ccfc894/element'
16:27:33.642 [Forwarding findElement on session 142e886c931eaf4f2cbbb5411ccfc894 to remote] DEBUG org.asynchttpclient.netty.request.NettyRequestSender - Using open Channel [id: 0x317f8075, L:/127.0.0.1:50165 - R:localhost/127.0.0.1:64372] for POST '/session/142e886c931eaf4f2cbbb5411ccfc894/element'
16:27:33.657 [AsyncHttpClient-1-2] DEBUG org.asynchttpclient.netty.handler.HttpHandler - 

Request DefaultHttpRequest(decodeResult: success, version: HTTP/1.1)
POST /session/142e886c931eaf4f2cbbb5411ccfc894/element HTTP/1.1
User-Agent: selenium/4.1.2 (java windows)
Content-Length: 149
Content-Type: application/json; charset=utf-8
host: localhost:64372
accept: */*

Response DefaultHttpResponse(decodeResult: success, version: HTTP/1.1)
HTTP/1.1 200 OK
Content-Type: application/json; charset=utf-8
cache-control: no-cache
content-length: 88

16:27:33.658 [AsyncHttpClient-1-2] DEBUG org.asynchttpclient.netty.channel.ChannelManager - Adding key: http://localhost:64372 for channel [id: 0x317f8075, L:/127.0.0.1:50165 - R:localhost/127.0.0.1:64372]
16:27:33.661 [Forwarding getElementTagName on session 142e886c931eaf4f2cbbb5411ccfc894 to remote] DEBUG org.asynchttpclient.netty.request.NettyRequestSender - Using pooled Channel '[id: 0x317f8075, L:/127.0.0.1:50165 - R:localhost/127.0.0.1:64372]' for 'GET' to 'http://localhost:64372/session/142e886c931eaf4f2cbbb5411ccfc894/element/2fe8898a-0d19-4e33-bddf-0297e66663c0/name'
16:27:33.661 [Forwarding getElementTagName on session 142e886c931eaf4f2cbbb5411ccfc894 to remote] DEBUG org.asynchttpclient.netty.request.NettyRequestSender - Using open Channel [id: 0x317f8075, L:/127.0.0.1:50165 - R:localhost/127.0.0.1:64372] for GET '/session/142e886c931eaf4f2cbbb5411ccfc894/element/2fe8898a-0d19-4e33-bddf-0297e66663c0/name'
16:27:33.666 [AsyncHttpClient-1-2] DEBUG org.asynchttpclient.netty.handler.HttpHandler - 

Request DefaultFullHttpRequest(decodeResult: success, version: HTTP/1.1, content: EmptyByteBufBE)
GET /session/142e886c931eaf4f2cbbb5411ccfc894/element/2fe8898a-0d19-4e33-bddf-0297e66663c0/name HTTP/1.1
User-Agent: selenium/4.1.2 (java windows)
Cache-Control: no-cache
Content-Type: application/json; charset=utf-8
host: localhost:64372
accept: */*

Response DefaultHttpResponse(decodeResult: success, version: HTTP/1.1)
HTTP/1.1 200 OK
Content-Type: application/json; charset=utf-8
cache-control: no-cache
content-length: 18

16:27:33.667 [AsyncHttpClient-1-2] DEBUG org.asynchttpclient.netty.channel.ChannelManager - Adding key: http://localhost:64372 for channel [id: 0x317f8075, L:/127.0.0.1:50165 - R:localhost/127.0.0.1:64372]
16:27:33.670 [Forwarding getElementTagName on session 142e886c931eaf4f2cbbb5411ccfc894 to remote] DEBUG org.asynchttpclient.netty.request.NettyRequestSender - Using pooled Channel '[id: 0x317f8075, L:/127.0.0.1:50165 - R:localhost/127.0.0.1:64372]' for 'GET' to 'http://localhost:64372/session/142e886c931eaf4f2cbbb5411ccfc894/element/2fe8898a-0d19-4e33-bddf-0297e66663c0/name'
16:27:33.670 [Forwarding getElementTagName on session 142e886c931eaf4f2cbbb5411ccfc894 to remote] DEBUG org.asynchttpclient.netty.request.NettyRequestSender - Using open Channel [id: 0x317f8075, L:/127.0.0.1:50165 - R:localhost/127.0.0.1:64372] for GET '/session/142e886c931eaf4f2cbbb5411ccfc894/element/2fe8898a-0d19-4e33-bddf-0297e66663c0/name'
16:27:33.675 [AsyncHttpClient-1-2] DEBUG org.asynchttpclient.netty.handler.HttpHandler - 

Request DefaultFullHttpRequest(decodeResult: success, version: HTTP/1.1, content: EmptyByteBufBE)
GET /session/142e886c931eaf4f2cbbb5411ccfc894/element/2fe8898a-0d19-4e33-bddf-0297e66663c0/name HTTP/1.1
User-Agent: selenium/4.1.2 (java windows)
Cache-Control: no-cache
Content-Type: application/json; charset=utf-8
host: localhost:64372
accept: */*

Response DefaultHttpResponse(decodeResult: success, version: HTTP/1.1)
HTTP/1.1 200 OK
Content-Type: application/json; charset=utf-8
cache-control: no-cache
content-length: 18

16:27:33.675 [AsyncHttpClient-1-2] DEBUG org.asynchttpclient.netty.channel.ChannelManager - Adding key: http://localhost:64372 for channel [id: 0x317f8075, L:/127.0.0.1:50165 - R:localhost/127.0.0.1:64372]
16:27:33.682 [Forwarding isElementEnabled on session 142e886c931eaf4f2cbbb5411ccfc894 to remote] DEBUG org.asynchttpclient.netty.request.NettyRequestSender - Using pooled Channel '[id: 0x317f8075, L:/127.0.0.1:50165 - R:localhost/127.0.0.1:64372]' for 'GET' to 'http://localhost:64372/session/142e886c931eaf4f2cbbb5411ccfc894/element/2fe8898a-0d19-4e33-bddf-0297e66663c0/enabled'
16:27:33.682 [Forwarding isElementEnabled on session 142e886c931eaf4f2cbbb5411ccfc894 to remote] DEBUG org.asynchttpclient.netty.request.NettyRequestSender - Using open Channel [id: 0x317f8075, L:/127.0.0.1:50165 - R:localhost/127.0.0.1:64372] for GET '/session/142e886c931eaf4f2cbbb5411ccfc894/element/2fe8898a-0d19-4e33-bddf-0297e66663c0/enabled'
16:27:33.705 [AsyncHttpClient-1-2] DEBUG org.asynchttpclient.netty.handler.HttpHandler - 

Request DefaultFullHttpRequest(decodeResult: success, version: HTTP/1.1, content: EmptyByteBufBE)
GET /session/142e886c931eaf4f2cbbb5411ccfc894/element/2fe8898a-0d19-4e33-bddf-0297e66663c0/enabled HTTP/1.1
User-Agent: selenium/4.1.2 (java windows)
Cache-Control: no-cache
Content-Type: application/json; charset=utf-8
host: localhost:64372
accept: */*

Response DefaultHttpResponse(decodeResult: success, version: HTTP/1.1)
HTTP/1.1 200 OK
Content-Type: application/json; charset=utf-8
cache-control: no-cache
content-length: 14

16:27:33.706 [AsyncHttpClient-1-2] DEBUG org.asynchttpclient.netty.channel.ChannelManager - Adding key: http://localhost:64372 for channel [id: 0x317f8075, L:/127.0.0.1:50165 - R:localhost/127.0.0.1:64372]
16:27:33.709 [Forwarding isElementEnabled on session 142e886c931eaf4f2cbbb5411ccfc894 to remote] DEBUG org.asynchttpclient.netty.request.NettyRequestSender - Using pooled Channel '[id: 0x317f8075, L:/127.0.0.1:50165 - R:localhost/127.0.0.1:64372]' for 'GET' to 'http://localhost:64372/session/142e886c931eaf4f2cbbb5411ccfc894/element/2fe8898a-0d19-4e33-bddf-0297e66663c0/enabled'
16:27:33.709 [Forwarding isElementEnabled on session 142e886c931eaf4f2cbbb5411ccfc894 to remote] DEBUG org.asynchttpclient.netty.request.NettyRequestSender - Using open Channel [id: 0x317f8075, L:/127.0.0.1:50165 - R:localhost/127.0.0.1:64372] for GET '/session/142e886c931eaf4f2cbbb5411ccfc894/element/2fe8898a-0d19-4e33-bddf-0297e66663c0/enabled'
16:27:33.716 [AsyncHttpClient-1-2] DEBUG org.asynchttpclient.netty.handler.HttpHandler - 

Request DefaultFullHttpRequest(decodeResult: success, version: HTTP/1.1, content: EmptyByteBufBE)
GET /session/142e886c931eaf4f2cbbb5411ccfc894/element/2fe8898a-0d19-4e33-bddf-0297e66663c0/enabled HTTP/1.1
User-Agent: selenium/4.1.2 (java windows)
Cache-Control: no-cache
Content-Type: application/json; charset=utf-8
host: localhost:64372
accept: */*

Response DefaultHttpResponse(decodeResult: success, version: HTTP/1.1)
HTTP/1.1 200 OK
Content-Type: application/json; charset=utf-8
cache-control: no-cache
content-length: 14

16:27:33.716 [AsyncHttpClient-1-2] DEBUG org.asynchttpclient.netty.channel.ChannelManager - Adding key: http://localhost:64372 for channel [id: 0x317f8075, L:/127.0.0.1:50165 - R:localhost/127.0.0.1:64372]
16:27:33.720 [Forwarding findElement on session 142e886c931eaf4f2cbbb5411ccfc894 to remote] DEBUG org.asynchttpclient.netty.request.NettyRequestSender - Using pooled Channel '[id: 0x317f8075, L:/127.0.0.1:50165 - R:localhost/127.0.0.1:64372]' for 'POST' to 'http://localhost:64372/session/142e886c931eaf4f2cbbb5411ccfc894/element'
16:27:33.720 [Forwarding findElement on session 142e886c931eaf4f2cbbb5411ccfc894 to remote] DEBUG org.asynchttpclient.netty.request.NettyRequestSender - Using open Channel [id: 0x317f8075, L:/127.0.0.1:50165 - R:localhost/127.0.0.1:64372] for POST '/session/142e886c931eaf4f2cbbb5411ccfc894/element'
16:27:33.729 [AsyncHttpClient-1-2] DEBUG org.asynchttpclient.netty.handler.HttpHandler - 

Request DefaultHttpRequest(decodeResult: success, version: HTTP/1.1)
POST /session/142e886c931eaf4f2cbbb5411ccfc894/element HTTP/1.1
User-Agent: selenium/4.1.2 (java windows)
Content-Length: 149
Content-Type: application/json; charset=utf-8
host: localhost:64372
accept: */*

Response DefaultHttpResponse(decodeResult: success, version: HTTP/1.1)
HTTP/1.1 200 OK
Content-Type: application/json; charset=utf-8
cache-control: no-cache
content-length: 88

16:27:33.730 [AsyncHttpClient-1-2] DEBUG org.asynchttpclient.netty.channel.ChannelManager - Adding key: http://localhost:64372 for channel [id: 0x317f8075, L:/127.0.0.1:50165 - R:localhost/127.0.0.1:64372]
16:27:33.732 [Forwarding clickElement on session 142e886c931eaf4f2cbbb5411ccfc894 to remote] DEBUG org.asynchttpclient.netty.request.NettyRequestSender - Using pooled Channel '[id: 0x317f8075, L:/127.0.0.1:50165 - R:localhost/127.0.0.1:64372]' for 'POST' to 'http://localhost:64372/session/142e886c931eaf4f2cbbb5411ccfc894/element/2fe8898a-0d19-4e33-bddf-0297e66663c0/click'
16:27:33.732 [Forwarding clickElement on session 142e886c931eaf4f2cbbb5411ccfc894 to remote] DEBUG org.asynchttpclient.netty.request.NettyRequestSender - Using open Channel [id: 0x317f8075, L:/127.0.0.1:50165 - R:localhost/127.0.0.1:64372] for POST '/session/142e886c931eaf4f2cbbb5411ccfc894/element/2fe8898a-0d19-4e33-bddf-0297e66663c0/click'
16:27:34.000 [AsyncHttpClient-1-2] DEBUG org.asynchttpclient.netty.handler.HttpHandler - 

Request DefaultHttpRequest(decodeResult: success, version: HTTP/1.1)
POST /session/142e886c931eaf4f2cbbb5411ccfc894/element/2fe8898a-0d19-4e33-bddf-0297e66663c0/click HTTP/1.1
User-Agent: selenium/4.1.2 (java windows)
Content-Length: 50
Content-Type: application/json; charset=utf-8
host: localhost:64372
accept: */*

Response DefaultHttpResponse(decodeResult: success, version: HTTP/1.1)
HTTP/1.1 200 OK
Content-Type: application/json; charset=utf-8
cache-control: no-cache
content-length: 14

16:27:34.000 [AsyncHttpClient-1-2] DEBUG org.asynchttpclient.netty.channel.ChannelManager - Adding key: http://localhost:64372 for channel [id: 0x317f8075, L:/127.0.0.1:50165 - R:localhost/127.0.0.1:64372]
16:27:34.013 [Forwarding screenshot on session 142e886c931eaf4f2cbbb5411ccfc894 to remote] DEBUG org.asynchttpclient.netty.request.NettyRequestSender - Using pooled Channel '[id: 0x317f8075, L:/127.0.0.1:50165 - R:localhost/127.0.0.1:64372]' for 'GET' to 'http://localhost:64372/session/142e886c931eaf4f2cbbb5411ccfc894/screenshot'
16:27:34.014 [Forwarding screenshot on session 142e886c931eaf4f2cbbb5411ccfc894 to remote] DEBUG org.asynchttpclient.netty.request.NettyRequestSender - Using open Channel [id: 0x317f8075, L:/127.0.0.1:50165 - R:localhost/127.0.0.1:64372] for GET '/session/142e886c931eaf4f2cbbb5411ccfc894/screenshot'
16:27:34.192 [AsyncHttpClient-1-2] DEBUG org.asynchttpclient.netty.handler.HttpHandler - 

Request DefaultFullHttpRequest(decodeResult: success, version: HTTP/1.1, content: EmptyByteBufBE)
GET /session/142e886c931eaf4f2cbbb5411ccfc894/screenshot HTTP/1.1
User-Agent: selenium/4.1.2 (java windows)
Cache-Control: no-cache
Content-Type: application/json; charset=utf-8
host: localhost:64372
accept: */*

Response DefaultHttpResponse(decodeResult: success, version: HTTP/1.1)
HTTP/1.1 200 OK
Content-Type: application/json; charset=utf-8
cache-control: no-cache
content-length: 93128

16:27:34.197 [AsyncHttpClient-1-2] DEBUG org.asynchttpclient.netty.channel.ChannelManager - Adding key: http://localhost:64372 for channel [id: 0x317f8075, L:/127.0.0.1:50165 - R:localhost/127.0.0.1:64372]
16:27:34.204 [main] DEBUG net.serenitybdd.core.photography.Darkroom - Send negative for processing for target\site\serenity\479eae42c4f8aa29f20c48867ef35913f22e39b5681b9ea759eb1b4afe5a6f22.png
16:27:34.206 [main] DEBUG net.thucydides.core.steps.StepInterceptor - STEP DONE: clickAddNewAppointmentButton
16:27:34.206 [Darkroom Processing Line] DEBUG net.serenitybdd.core.photography.DarkroomProcessingLine - Processing screenshot image in /var/screenshots/screenshot-2531461000235509024
16:27:34.206 [Darkroom Processing Line] DEBUG net.serenitybdd.core.photography.DarkroomProcessingLine - Saving screenshot to target\site\serenity\479eae42c4f8aa29f20c48867ef35913f22e39b5681b9ea759eb1b4afe5a6f22.png
  &amp#27;[32mWhen &amp#27;[0m&amp#27;[32mI click Add New Appointment&amp#27;[0m                                &amp#27;[90m# starter.stepdefinitions.AppointmentSteps.iClickAddNewAppointment()&amp#27;[0m
16:27:34.242 [main] DEBUG net.thucydides.core.steps.StepInterceptor - STARTING STEP: AppointmentSteps.iClickYesButton - clickYesButton
16:27:34.262 [Forwarding findElement on session 142e886c931eaf4f2cbbb5411ccfc894 to remote] DEBUG org.asynchttpclient.netty.request.NettyRequestSender - Using pooled Channel '[id: 0x317f8075, L:/127.0.0.1:50165 - R:localhost/127.0.0.1:64372]' for 'POST' to 'http://localhost:64372/session/142e886c931eaf4f2cbbb5411ccfc894/element'
16:27:34.262 [Forwarding findElement on session 142e886c931eaf4f2cbbb5411ccfc894 to remote] DEBUG org.asynchttpclient.netty.request.NettyRequestSender - Using open Channel [id: 0x317f8075, L:/127.0.0.1:50165 - R:localhost/127.0.0.1:64372] for POST '/session/142e886c931eaf4f2cbbb5411ccfc894/element'
16:27:34.283 [AsyncHttpClient-1-2] DEBUG org.asynchttpclient.netty.handler.HttpHandler - 

Request DefaultHttpRequest(decodeResult: success, version: HTTP/1.1)
POST /session/142e886c931eaf4f2cbbb5411ccfc894/element HTTP/1.1
User-Agent: selenium/4.1.2 (java windows)
Content-Length: 104
Content-Type: application/json; charset=utf-8
host: localhost:64372
accept: */*

Response DefaultHttpResponse(decodeResult: success, version: HTTP/1.1)
HTTP/1.1 200 OK
Content-Type: application/json; charset=utf-8
cache-control: no-cache
content-length: 88

16:27:34.283 [AsyncHttpClient-1-2] DEBUG org.asynchttpclient.netty.channel.ChannelManager - Adding key: http://localhost:64372 for channel [id: 0x317f8075, L:/127.0.0.1:50165 - R:localhost/127.0.0.1:64372]
16:27:34.289 [Forwarding getElementTagName on session 142e886c931eaf4f2cbbb5411ccfc894 to remote] DEBUG org.asynchttpclient.netty.request.NettyRequestSender - Using pooled Channel '[id: 0x317f8075, L:/127.0.0.1:50165 - R:localhost/127.0.0.1:64372]' for 'GET' to 'http://localhost:64372/session/142e886c931eaf4f2cbbb5411ccfc894/element/f59168aa-8b5f-4dcf-a9f3-a26fdb025804/name'
16:27:34.290 [Forwarding getElementTagName on session 142e886c931eaf4f2cbbb5411ccfc894 to remote] DEBUG org.asynchttpclient.netty.request.NettyRequestSender - Using open Channel [id: 0x317f8075, L:/127.0.0.1:50165 - R:localhost/127.0.0.1:64372] for GET '/session/142e886c931eaf4f2cbbb5411ccfc894/element/f59168aa-8b5f-4dcf-a9f3-a26fdb025804/name'
16:27:34.296 [AsyncHttpClient-1-2] DEBUG org.asynchttpclient.netty.handler.HttpHandler - 

Request DefaultFullHttpRequest(decodeResult: success, version: HTTP/1.1, content: EmptyByteBufBE)
GET /session/142e886c931eaf4f2cbbb5411ccfc894/element/f59168aa-8b5f-4dcf-a9f3-a26fdb025804/name HTTP/1.1
User-Agent: selenium/4.1.2 (java windows)
Cache-Control: no-cache
Content-Type: application/json; charset=utf-8
host: localhost:64372
accept: */*

Response DefaultHttpResponse(decodeResult: success, version: HTTP/1.1)
HTTP/1.1 200 OK
Content-Type: application/json; charset=utf-8
cache-control: no-cache
content-length: 18

16:27:34.296 [AsyncHttpClient-1-2] DEBUG org.asynchttpclient.netty.channel.ChannelManager - Adding key: http://localhost:64372 for channel [id: 0x317f8075, L:/127.0.0.1:50165 - R:localhost/127.0.0.1:64372]
16:27:34.299 [Forwarding getElementTagName on session 142e886c931eaf4f2cbbb5411ccfc894 to remote] DEBUG org.asynchttpclient.netty.request.NettyRequestSender - Using pooled Channel '[id: 0x317f8075, L:/127.0.0.1:50165 - R:localhost/127.0.0.1:64372]' for 'GET' to 'http://localhost:64372/session/142e886c931eaf4f2cbbb5411ccfc894/element/f59168aa-8b5f-4dcf-a9f3-a26fdb025804/name'
16:27:34.301 [Forwarding getElementTagName on session 142e886c931eaf4f2cbbb5411ccfc894 to remote] DEBUG org.asynchttpclient.netty.request.NettyRequestSender - Using open Channel [id: 0x317f8075, L:/127.0.0.1:50165 - R:localhost/127.0.0.1:64372] for GET '/session/142e886c931eaf4f2cbbb5411ccfc894/element/f59168aa-8b5f-4dcf-a9f3-a26fdb025804/name'
16:27:34.307 [AsyncHttpClient-1-2] DEBUG org.asynchttpclient.netty.handler.HttpHandler - 

Request DefaultFullHttpRequest(decodeResult: success, version: HTTP/1.1, content: EmptyByteBufBE)
GET /session/142e886c931eaf4f2cbbb5411ccfc894/element/f59168aa-8b5f-4dcf-a9f3-a26fdb025804/name HTTP/1.1
User-Agent: selenium/4.1.2 (java windows)
Cache-Control: no-cache
Content-Type: application/json; charset=utf-8
host: localhost:64372
accept: */*

Response DefaultHttpResponse(decodeResult: success, version: HTTP/1.1)
HTTP/1.1 200 OK
Content-Type: application/json; charset=utf-8
cache-control: no-cache
content-length: 18

16:27:34.308 [AsyncHttpClient-1-2] DEBUG org.asynchttpclient.netty.channel.ChannelManager - Adding key: http://localhost:64372 for channel [id: 0x317f8075, L:/127.0.0.1:50165 - R:localhost/127.0.0.1:64372]
16:27:34.312 [Forwarding isElementEnabled on session 142e886c931eaf4f2cbbb5411ccfc894 to remote] DEBUG org.asynchttpclient.netty.request.NettyRequestSender - Using pooled Channel '[id: 0x317f8075, L:/127.0.0.1:50165 - R:localhost/127.0.0.1:64372]' for 'GET' to 'http://localhost:64372/session/142e886c931eaf4f2cbbb5411ccfc894/element/f59168aa-8b5f-4dcf-a9f3-a26fdb025804/enabled'
16:27:34.312 [Forwarding isElementEnabled on session 142e886c931eaf4f2cbbb5411ccfc894 to remote] DEBUG org.asynchttpclient.netty.request.NettyRequestSender - Using open Channel [id: 0x317f8075, L:/127.0.0.1:50165 - R:localhost/127.0.0.1:64372] for GET '/session/142e886c931eaf4f2cbbb5411ccfc894/element/f59168aa-8b5f-4dcf-a9f3-a26fdb025804/enabled'
16:27:34.326 [AsyncHttpClient-1-2] DEBUG org.asynchttpclient.netty.handler.HttpHandler - 

Request DefaultFullHttpRequest(decodeResult: success, version: HTTP/1.1, content: EmptyByteBufBE)
GET /session/142e886c931eaf4f2cbbb5411ccfc894/element/f59168aa-8b5f-4dcf-a9f3-a26fdb025804/enabled HTTP/1.1
User-Agent: selenium/4.1.2 (java windows)
Cache-Control: no-cache
Content-Type: application/json; charset=utf-8
host: localhost:64372
accept: */*

Response DefaultHttpResponse(decodeResult: success, version: HTTP/1.1)
HTTP/1.1 200 OK
Content-Type: application/json; charset=utf-8
cache-control: no-cache
content-length: 14

16:27:34.327 [AsyncHttpClient-1-2] DEBUG org.asynchttpclient.netty.channel.ChannelManager - Adding key: http://localhost:64372 for channel [id: 0x317f8075, L:/127.0.0.1:50165 - R:localhost/127.0.0.1:64372]
16:27:34.330 [Forwarding isElementEnabled on session 142e886c931eaf4f2cbbb5411ccfc894 to remote] DEBUG org.asynchttpclient.netty.request.NettyRequestSender - Using pooled Channel '[id: 0x317f8075, L:/127.0.0.1:50165 - R:localhost/127.0.0.1:64372]' for 'GET' to 'http://localhost:64372/session/142e886c931eaf4f2cbbb5411ccfc894/element/f59168aa-8b5f-4dcf-a9f3-a26fdb025804/enabled'
16:27:34.330 [Forwarding isElementEnabled on session 142e886c931eaf4f2cbbb5411ccfc894 to remote] DEBUG org.asynchttpclient.netty.request.NettyRequestSender - Using open Channel [id: 0x317f8075, L:/127.0.0.1:50165 - R:localhost/127.0.0.1:64372] for GET '/session/142e886c931eaf4f2cbbb5411ccfc894/element/f59168aa-8b5f-4dcf-a9f3-a26fdb025804/enabled'
16:27:34.346 [AsyncHttpClient-1-2] DEBUG org.asynchttpclient.netty.handler.HttpHandler - 

Request DefaultFullHttpRequest(decodeResult: success, version: HTTP/1.1, content: EmptyByteBufBE)
GET /session/142e886c931eaf4f2cbbb5411ccfc894/element/f59168aa-8b5f-4dcf-a9f3-a26fdb025804/enabled HTTP/1.1
User-Agent: selenium/4.1.2 (java windows)
Cache-Control: no-cache
Content-Type: application/json; charset=utf-8
host: localhost:64372
accept: */*

Response DefaultHttpResponse(decodeResult: success, version: HTTP/1.1)
HTTP/1.1 200 OK
Content-Type: application/json; charset=utf-8
cache-control: no-cache
content-length: 14

16:27:34.347 [AsyncHttpClient-1-2] DEBUG org.asynchttpclient.netty.channel.ChannelManager - Adding key: http://localhost:64372 for channel [id: 0x317f8075, L:/127.0.0.1:50165 - R:localhost/127.0.0.1:64372]
16:27:34.363 [Forwarding findElement on session 142e886c931eaf4f2cbbb5411ccfc894 to remote] DEBUG org.asynchttpclient.netty.request.NettyRequestSender - Using pooled Channel '[id: 0x317f8075, L:/127.0.0.1:50165 - R:localhost/127.0.0.1:64372]' for 'POST' to 'http://localhost:64372/session/142e886c931eaf4f2cbbb5411ccfc894/element'
16:27:34.365 [Forwarding findElement on session 142e886c931eaf4f2cbbb5411ccfc894 to remote] DEBUG org.asynchttpclient.netty.request.NettyRequestSender - Using open Channel [id: 0x317f8075, L:/127.0.0.1:50165 - R:localhost/127.0.0.1:64372] for POST '/session/142e886c931eaf4f2cbbb5411ccfc894/element'
16:27:34.386 [AsyncHttpClient-1-2] DEBUG org.asynchttpclient.netty.handler.HttpHandler - 

Request DefaultHttpRequest(decodeResult: success, version: HTTP/1.1)
POST /session/142e886c931eaf4f2cbbb5411ccfc894/element HTTP/1.1
User-Agent: selenium/4.1.2 (java windows)
Content-Length: 104
Content-Type: application/json; charset=utf-8
host: localhost:64372
accept: */*

Response DefaultHttpResponse(decodeResult: success, version: HTTP/1.1)
HTTP/1.1 200 OK
Content-Type: application/json; charset=utf-8
cache-control: no-cache
content-length: 88

16:27:34.387 [AsyncHttpClient-1-2] DEBUG org.asynchttpclient.netty.channel.ChannelManager - Adding key: http://localhost:64372 for channel [id: 0x317f8075, L:/127.0.0.1:50165 - R:localhost/127.0.0.1:64372]
16:27:34.392 [Forwarding clickElement on session 142e886c931eaf4f2cbbb5411ccfc894 to remote] DEBUG org.asynchttpclient.netty.request.NettyRequestSender - Using pooled Channel '[id: 0x317f8075, L:/127.0.0.1:50165 - R:localhost/127.0.0.1:64372]' for 'POST' to 'http://localhost:64372/session/142e886c931eaf4f2cbbb5411ccfc894/element/f59168aa-8b5f-4dcf-a9f3-a26fdb025804/click'
16:27:34.392 [Forwarding clickElement on session 142e886c931eaf4f2cbbb5411ccfc894 to remote] DEBUG org.asynchttpclient.netty.request.NettyRequestSender - Using open Channel [id: 0x317f8075, L:/127.0.0.1:50165 - R:localhost/127.0.0.1:64372] for POST '/session/142e886c931eaf4f2cbbb5411ccfc894/element/f59168aa-8b5f-4dcf-a9f3-a26fdb025804/click'
16:27:34.641 [AsyncHttpClient-1-1] DEBUG org.asynchttpclient.netty.channel.DefaultChannelPool - Entry count for : http://localhost:50171 : 1
16:27:34.978 [AsyncHttpClient-1-2] DEBUG org.asynchttpclient.netty.handler.HttpHandler - 

Request DefaultHttpRequest(decodeResult: success, version: HTTP/1.1)
POST /session/142e886c931eaf4f2cbbb5411ccfc894/element/f59168aa-8b5f-4dcf-a9f3-a26fdb025804/click HTTP/1.1
User-Agent: selenium/4.1.2 (java windows)
Content-Length: 50
Content-Type: application/json; charset=utf-8
host: localhost:64372
accept: */*

Response DefaultHttpResponse(decodeResult: success, version: HTTP/1.1)
HTTP/1.1 200 OK
Content-Type: application/json; charset=utf-8
cache-control: no-cache
content-length: 14

16:27:34.978 [AsyncHttpClient-1-2] DEBUG org.asynchttpclient.netty.channel.ChannelManager - Adding key: http://localhost:64372 for channel [id: 0x317f8075, L:/127.0.0.1:50165 - R:localhost/127.0.0.1:64372]
16:27:35.001 [Forwarding screenshot on session 142e886c931eaf4f2cbbb5411ccfc894 to remote] DEBUG org.asynchttpclient.netty.request.NettyRequestSender - Using pooled Channel '[id: 0x317f8075, L:/127.0.0.1:50165 - R:localhost/127.0.0.1:64372]' for 'GET' to 'http://localhost:64372/session/142e886c931eaf4f2cbbb5411ccfc894/screenshot'
16:27:35.002 [Forwarding screenshot on session 142e886c931eaf4f2cbbb5411ccfc894 to remote] DEBUG org.asynchttpclient.netty.request.NettyRequestSender - Using open Channel [id: 0x317f8075, L:/127.0.0.1:50165 - R:localhost/127.0.0.1:64372] for GET '/session/142e886c931eaf4f2cbbb5411ccfc894/screenshot'
16:27:35.358 [AsyncHttpClient-1-2] DEBUG org.asynchttpclient.netty.handler.HttpHandler - 

Request DefaultFullHttpRequest(decodeResult: success, version: HTTP/1.1, content: EmptyByteBufBE)
GET /session/142e886c931eaf4f2cbbb5411ccfc894/screenshot HTTP/1.1
User-Agent: selenium/4.1.2 (java windows)
Cache-Control: no-cache
Content-Type: application/json; charset=utf-8
host: localhost:64372
accept: */*

Response DefaultHttpResponse(decodeResult: success, version: HTTP/1.1)
HTTP/1.1 200 OK
Content-Type: application/json; charset=utf-8
cache-control: no-cache
content-length: 94728

16:27:35.360 [AsyncHttpClient-1-2] DEBUG org.asynchttpclient.netty.channel.ChannelManager - Adding key: http://localhost:64372 for channel [id: 0x317f8075, L:/127.0.0.1:50165 - R:localhost/127.0.0.1:64372]
16:27:35.370 [main] DEBUG net.serenitybdd.core.photography.Darkroom - Send negative for processing for target\site\serenity\21b189c35e84128bb77a841b67289e977f9191102ebdf6fe5bd27767a0a7c1b3.png
16:27:35.371 [main] DEBUG net.thucydides.core.steps.StepInterceptor - STEP DONE: clickYesButton
16:27:35.371 [Darkroom Processing Line] DEBUG net.serenitybdd.core.photography.DarkroomProcessingLine - Processing screenshot image in /var/screenshots/screenshot-10487859642426575008
16:27:35.371 [Darkroom Processing Line] DEBUG net.serenitybdd.core.photography.DarkroomProcessingLine - Saving screenshot to target\site\serenity\21b189c35e84128bb77a841b67289e977f9191102ebdf6fe5bd27767a0a7c1b3.png
  &amp#27;[32mAnd &amp#27;[0m&amp#27;[32mI click yes button&amp#27;[0m                                          &amp#27;[90m# starter.stepdefinitions.AppointmentSteps.iClickYesButton()&amp#27;[0m
16:27:35.413 [main] DEBUG net.thucydides.core.steps.StepInterceptor - STARTING STEP: AppointmentSteps.iInputValidDataAppointmentAndClickSubmit - inputName
16:27:35.420 [Forwarding findElement on session 142e886c931eaf4f2cbbb5411ccfc894 to remote] DEBUG org.asynchttpclient.netty.request.NettyRequestSender - Using pooled Channel '[id: 0x317f8075, L:/127.0.0.1:50165 - R:localhost/127.0.0.1:64372]' for 'POST' to 'http://localhost:64372/session/142e886c931eaf4f2cbbb5411ccfc894/element'
16:27:35.420 [Forwarding findElement on session 142e886c931eaf4f2cbbb5411ccfc894 to remote] DEBUG org.asynchttpclient.netty.request.NettyRequestSender - Using open Channel [id: 0x317f8075, L:/127.0.0.1:50165 - R:localhost/127.0.0.1:64372] for POST '/session/142e886c931eaf4f2cbbb5411ccfc894/element'
16:27:35.440 [AsyncHttpClient-1-2] DEBUG org.asynchttpclient.netty.handler.HttpHandler - 

Request DefaultHttpRequest(decodeResult: success, version: HTTP/1.1)
POST /session/142e886c931eaf4f2cbbb5411ccfc894/element HTTP/1.1
User-Agent: selenium/4.1.2 (java windows)
Content-Length: 139
Content-Type: application/json; charset=utf-8
host: localhost:64372
accept: */*

Response DefaultHttpResponse(decodeResult: success, version: HTTP/1.1)
HTTP/1.1 200 OK
Content-Type: application/json; charset=utf-8
cache-control: no-cache
content-length: 88

16:27:35.442 [AsyncHttpClient-1-2] DEBUG org.asynchttpclient.netty.channel.ChannelManager - Adding key: http://localhost:64372 for channel [id: 0x317f8075, L:/127.0.0.1:50165 - R:localhost/127.0.0.1:64372]
16:27:35.448 [Forwarding clearElement on session 142e886c931eaf4f2cbbb5411ccfc894 to remote] DEBUG org.asynchttpclient.netty.request.NettyRequestSender - Using pooled Channel '[id: 0x317f8075, L:/127.0.0.1:50165 - R:localhost/127.0.0.1:64372]' for 'POST' to 'http://localhost:64372/session/142e886c931eaf4f2cbbb5411ccfc894/element/3375d8f8-6471-48fa-94f3-3173553afd28/clear'
16:27:35.448 [Forwarding clearElement on session 142e886c931eaf4f2cbbb5411ccfc894 to remote] DEBUG org.asynchttpclient.netty.request.NettyRequestSender - Using open Channel [id: 0x317f8075, L:/127.0.0.1:50165 - R:localhost/127.0.0.1:64372] for POST '/session/142e886c931eaf4f2cbbb5411ccfc894/element/3375d8f8-6471-48fa-94f3-3173553afd28/clear'
16:27:35.563 [AsyncHttpClient-1-2] DEBUG org.asynchttpclient.netty.handler.HttpHandler - 

Request DefaultHttpRequest(decodeResult: success, version: HTTP/1.1)
POST /session/142e886c931eaf4f2cbbb5411ccfc894/element/3375d8f8-6471-48fa-94f3-3173553afd28/clear HTTP/1.1
User-Agent: selenium/4.1.2 (java windows)
Content-Length: 50
Content-Type: application/json; charset=utf-8
host: localhost:64372
accept: */*

Response DefaultHttpResponse(decodeResult: success, version: HTTP/1.1)
HTTP/1.1 200 OK
Content-Type: application/json; charset=utf-8
cache-control: no-cache
content-length: 14

16:27:35.564 [AsyncHttpClient-1-2] DEBUG org.asynchttpclient.netty.channel.ChannelManager - Adding key: http://localhost:64372 for channel [id: 0x317f8075, L:/127.0.0.1:50165 - R:localhost/127.0.0.1:64372]
16:27:35.569 [Forwarding sendKeysToElement on session 142e886c931eaf4f2cbbb5411ccfc894 to remote] DEBUG org.asynchttpclient.netty.request.NettyRequestSender - Using pooled Channel '[id: 0x317f8075, L:/127.0.0.1:50165 - R:localhost/127.0.0.1:64372]' for 'POST' to 'http://localhost:64372/session/142e886c931eaf4f2cbbb5411ccfc894/element/3375d8f8-6471-48fa-94f3-3173553afd28/value'
16:27:35.569 [Forwarding sendKeysToElement on session 142e886c931eaf4f2cbbb5411ccfc894 to remote] DEBUG org.asynchttpclient.netty.request.NettyRequestSender - Using open Channel [id: 0x317f8075, L:/127.0.0.1:50165 - R:localhost/127.0.0.1:64372] for POST '/session/142e886c931eaf4f2cbbb5411ccfc894/element/3375d8f8-6471-48fa-94f3-3173553afd28/value'
16:27:35.738 [AsyncHttpClient-1-1] DEBUG org.asynchttpclient.netty.channel.DefaultChannelPool - Entry count for : http://localhost:50171 : 1
16:27:36.165 [AsyncHttpClient-1-2] DEBUG org.asynchttpclient.netty.handler.HttpHandler - 

Request DefaultHttpRequest(decodeResult: success, version: HTTP/1.1)
POST /session/142e886c931eaf4f2cbbb5411ccfc894/element/3375d8f8-6471-48fa-94f3-3173553afd28/value HTTP/1.1
User-Agent: selenium/4.1.2 (java windows)
Content-Length: 101
Content-Type: application/json; charset=utf-8
host: localhost:64372
accept: */*

Response DefaultHttpResponse(decodeResult: success, version: HTTP/1.1)
HTTP/1.1 200 OK
Content-Type: application/json; charset=utf-8
cache-control: no-cache
content-length: 14

16:27:36.165 [AsyncHttpClient-1-2] DEBUG org.asynchttpclient.netty.channel.ChannelManager - Adding key: http://localhost:64372 for channel [id: 0x317f8075, L:/127.0.0.1:50165 - R:localhost/127.0.0.1:64372]
16:27:36.176 [Forwarding screenshot on session 142e886c931eaf4f2cbbb5411ccfc894 to remote] DEBUG org.asynchttpclient.netty.request.NettyRequestSender - Using pooled Channel '[id: 0x317f8075, L:/127.0.0.1:50165 - R:localhost/127.0.0.1:64372]' for 'GET' to 'http://localhost:64372/session/142e886c931eaf4f2cbbb5411ccfc894/screenshot'
16:27:36.176 [Forwarding screenshot on session 142e886c931eaf4f2cbbb5411ccfc894 to remote] DEBUG org.asynchttpclient.netty.request.NettyRequestSender - Using open Channel [id: 0x317f8075, L:/127.0.0.1:50165 - R:localhost/127.0.0.1:64372] for GET '/session/142e886c931eaf4f2cbbb5411ccfc894/screenshot'
16:27:36.275 [AsyncHttpClient-1-2] DEBUG org.asynchttpclient.netty.handler.HttpHandler - 

Request DefaultFullHttpRequest(decodeResult: success, version: HTTP/1.1, content: EmptyByteBufBE)
GET /session/142e886c931eaf4f2cbbb5411ccfc894/screenshot HTTP/1.1
User-Agent: selenium/4.1.2 (java windows)
Cache-Control: no-cache
Content-Type: application/json; charset=utf-8
host: localhost:64372
accept: */*

Response DefaultHttpResponse(decodeResult: success, version: HTTP/1.1)
HTTP/1.1 200 OK
Content-Type: application/json; charset=utf-8
cache-control: no-cache
content-length: 82308

16:27:36.276 [AsyncHttpClient-1-2] DEBUG org.asynchttpclient.netty.channel.ChannelManager - Adding key: http://localhost:64372 for channel [id: 0x317f8075, L:/127.0.0.1:50165 - R:localhost/127.0.0.1:64372]
16:27:36.282 [main] DEBUG net.serenitybdd.core.photography.Darkroom - Send negative for processing for target\site\serenity\642f5b4d3e9ce80092a76b544955d3711331c8230dfca84b1ad475a6dc20ddb6.png
16:27:36.283 [main] DEBUG net.thucydides.core.steps.StepInterceptor - STEP DONE: inputName
16:27:36.283 [Darkroom Processing Line] DEBUG net.serenitybdd.core.photography.DarkroomProcessingLine - Processing screenshot image in /var/screenshots/screenshot-5841554212003963645
16:27:36.283 [Darkroom Processing Line] DEBUG net.serenitybdd.core.photography.DarkroomProcessingLine - Saving screenshot to target\site\serenity\642f5b4d3e9ce80092a76b544955d3711331c8230dfca84b1ad475a6dc20ddb6.png
16:27:36.295 [main] DEBUG net.thucydides.core.steps.StepInterceptor - STARTING STEP: AppointmentSteps.iInputValidDataAppointmentAndClickSubmit - clickDepartmentDropdownButton
16:27:36.304 [Forwarding findElement on session 142e886c931eaf4f2cbbb5411ccfc894 to remote] DEBUG org.asynchttpclient.netty.request.NettyRequestSender - Using pooled Channel '[id: 0x317f8075, L:/127.0.0.1:50165 - R:localhost/127.0.0.1:64372]' for 'POST' to 'http://localhost:64372/session/142e886c931eaf4f2cbbb5411ccfc894/element'
16:27:36.304 [Forwarding findElement on session 142e886c931eaf4f2cbbb5411ccfc894 to remote] DEBUG org.asynchttpclient.netty.request.NettyRequestSender - Using open Channel [id: 0x317f8075, L:/127.0.0.1:50165 - R:localhost/127.0.0.1:64372] for POST '/session/142e886c931eaf4f2cbbb5411ccfc894/element'
16:27:36.321 [AsyncHttpClient-1-2] DEBUG org.asynchttpclient.netty.handler.HttpHandler - 

Request DefaultHttpRequest(decodeResult: success, version: HTTP/1.1)
POST /session/142e886c931eaf4f2cbbb5411ccfc894/element HTTP/1.1
User-Agent: selenium/4.1.2 (java windows)
Content-Length: 82
Content-Type: application/json; charset=utf-8
host: localhost:64372
accept: */*

Response DefaultHttpResponse(decodeResult: success, version: HTTP/1.1)
HTTP/1.1 200 OK
Content-Type: application/json; charset=utf-8
cache-control: no-cache
content-length: 88

16:27:36.321 [AsyncHttpClient-1-2] DEBUG org.asynchttpclient.netty.channel.ChannelManager - Adding key: http://localhost:64372 for channel [id: 0x317f8075, L:/127.0.0.1:50165 - R:localhost/127.0.0.1:64372]
16:27:36.325 [Forwarding getElementTagName on session 142e886c931eaf4f2cbbb5411ccfc894 to remote] DEBUG org.asynchttpclient.netty.request.NettyRequestSender - Using pooled Channel '[id: 0x317f8075, L:/127.0.0.1:50165 - R:localhost/127.0.0.1:64372]' for 'GET' to 'http://localhost:64372/session/142e886c931eaf4f2cbbb5411ccfc894/element/bb4efd0a-a0c9-4a28-830a-9c91963cf1a1/name'
16:27:36.325 [Forwarding getElementTagName on session 142e886c931eaf4f2cbbb5411ccfc894 to remote] DEBUG org.asynchttpclient.netty.request.NettyRequestSender - Using open Channel [id: 0x317f8075, L:/127.0.0.1:50165 - R:localhost/127.0.0.1:64372] for GET '/session/142e886c931eaf4f2cbbb5411ccfc894/element/bb4efd0a-a0c9-4a28-830a-9c91963cf1a1/name'
16:27:36.332 [AsyncHttpClient-1-2] DEBUG org.asynchttpclient.netty.handler.HttpHandler - 

Request DefaultFullHttpRequest(decodeResult: success, version: HTTP/1.1, content: EmptyByteBufBE)
GET /session/142e886c931eaf4f2cbbb5411ccfc894/element/bb4efd0a-a0c9-4a28-830a-9c91963cf1a1/name HTTP/1.1
User-Agent: selenium/4.1.2 (java windows)
Cache-Control: no-cache
Content-Type: application/json; charset=utf-8
host: localhost:64372
accept: */*

Response DefaultHttpResponse(decodeResult: success, version: HTTP/1.1)
HTTP/1.1 200 OK
Content-Type: application/json; charset=utf-8
cache-control: no-cache
content-length: 15

16:27:36.332 [AsyncHttpClient-1-2] DEBUG org.asynchttpclient.netty.channel.ChannelManager - Adding key: http://localhost:64372 for channel [id: 0x317f8075, L:/127.0.0.1:50165 - R:localhost/127.0.0.1:64372]
16:27:36.336 [Forwarding getElementTagName on session 142e886c931eaf4f2cbbb5411ccfc894 to remote] DEBUG org.asynchttpclient.netty.request.NettyRequestSender - Using pooled Channel '[id: 0x317f8075, L:/127.0.0.1:50165 - R:localhost/127.0.0.1:64372]' for 'GET' to 'http://localhost:64372/session/142e886c931eaf4f2cbbb5411ccfc894/element/bb4efd0a-a0c9-4a28-830a-9c91963cf1a1/name'
16:27:36.336 [Forwarding getElementTagName on session 142e886c931eaf4f2cbbb5411ccfc894 to remote] DEBUG org.asynchttpclient.netty.request.NettyRequestSender - Using open Channel [id: 0x317f8075, L:/127.0.0.1:50165 - R:localhost/127.0.0.1:64372] for GET '/session/142e886c931eaf4f2cbbb5411ccfc894/element/bb4efd0a-a0c9-4a28-830a-9c91963cf1a1/name'
16:27:36.341 [AsyncHttpClient-1-2] DEBUG org.asynchttpclient.netty.handler.HttpHandler - 

Request DefaultFullHttpRequest(decodeResult: success, version: HTTP/1.1, content: EmptyByteBufBE)
GET /session/142e886c931eaf4f2cbbb5411ccfc894/element/bb4efd0a-a0c9-4a28-830a-9c91963cf1a1/name HTTP/1.1
User-Agent: selenium/4.1.2 (java windows)
Cache-Control: no-cache
Content-Type: application/json; charset=utf-8
host: localhost:64372
accept: */*

Response DefaultHttpResponse(decodeResult: success, version: HTTP/1.1)
HTTP/1.1 200 OK
Content-Type: application/json; charset=utf-8
cache-control: no-cache
content-length: 15

16:27:36.341 [AsyncHttpClient-1-2] DEBUG org.asynchttpclient.netty.channel.ChannelManager - Adding key: http://localhost:64372 for channel [id: 0x317f8075, L:/127.0.0.1:50165 - R:localhost/127.0.0.1:64372]
16:27:36.345 [Forwarding findElement on session 142e886c931eaf4f2cbbb5411ccfc894 to remote] DEBUG org.asynchttpclient.netty.request.NettyRequestSender - Using pooled Channel '[id: 0x317f8075, L:/127.0.0.1:50165 - R:localhost/127.0.0.1:64372]' for 'POST' to 'http://localhost:64372/session/142e886c931eaf4f2cbbb5411ccfc894/element'
16:27:36.345 [Forwarding findElement on session 142e886c931eaf4f2cbbb5411ccfc894 to remote] DEBUG org.asynchttpclient.netty.request.NettyRequestSender - Using open Channel [id: 0x317f8075, L:/127.0.0.1:50165 - R:localhost/127.0.0.1:64372] for POST '/session/142e886c931eaf4f2cbbb5411ccfc894/element'
16:27:36.356 [AsyncHttpClient-1-2] DEBUG org.asynchttpclient.netty.handler.HttpHandler - 

Request DefaultHttpRequest(decodeResult: success, version: HTTP/1.1)
POST /session/142e886c931eaf4f2cbbb5411ccfc894/element HTTP/1.1
User-Agent: selenium/4.1.2 (java windows)
Content-Length: 82
Content-Type: application/json; charset=utf-8
host: localhost:64372
accept: */*

Response DefaultHttpResponse(decodeResult: success, version: HTTP/1.1)
HTTP/1.1 200 OK
Content-Type: application/json; charset=utf-8
cache-control: no-cache
content-length: 88

16:27:36.363 [AsyncHttpClient-1-2] DEBUG org.asynchttpclient.netty.channel.ChannelManager - Adding key: http://localhost:64372 for channel [id: 0x317f8075, L:/127.0.0.1:50165 - R:localhost/127.0.0.1:64372]
16:27:36.366 [Forwarding clickElement on session 142e886c931eaf4f2cbbb5411ccfc894 to remote] DEBUG org.asynchttpclient.netty.request.NettyRequestSender - Using pooled Channel '[id: 0x317f8075, L:/127.0.0.1:50165 - R:localhost/127.0.0.1:64372]' for 'POST' to 'http://localhost:64372/session/142e886c931eaf4f2cbbb5411ccfc894/element/bb4efd0a-a0c9-4a28-830a-9c91963cf1a1/click'
16:27:36.366 [Forwarding clickElement on session 142e886c931eaf4f2cbbb5411ccfc894 to remote] DEBUG org.asynchttpclient.netty.request.NettyRequestSender - Using open Channel [id: 0x317f8075, L:/127.0.0.1:50165 - R:localhost/127.0.0.1:64372] for POST '/session/142e886c931eaf4f2cbbb5411ccfc894/element/bb4efd0a-a0c9-4a28-830a-9c91963cf1a1/click'
16:27:36.615 [AsyncHttpClient-1-2] DEBUG org.asynchttpclient.netty.handler.HttpHandler - 

Request DefaultHttpRequest(decodeResult: success, version: HTTP/1.1)
POST /session/142e886c931eaf4f2cbbb5411ccfc894/element/bb4efd0a-a0c9-4a28-830a-9c91963cf1a1/click HTTP/1.1
User-Agent: selenium/4.1.2 (java windows)
Content-Length: 50
Content-Type: application/json; charset=utf-8
host: localhost:64372
accept: */*

Response DefaultHttpResponse(decodeResult: success, version: HTTP/1.1)
HTTP/1.1 200 OK
Content-Type: application/json; charset=utf-8
cache-control: no-cache
content-length: 14

16:27:36.616 [AsyncHttpClient-1-2] DEBUG org.asynchttpclient.netty.channel.ChannelManager - Adding key: http://localhost:64372 for channel [id: 0x317f8075, L:/127.0.0.1:50165 - R:localhost/127.0.0.1:64372]
16:27:36.633 [Forwarding screenshot on session 142e886c931eaf4f2cbbb5411ccfc894 to remote] DEBUG org.asynchttpclient.netty.request.NettyRequestSender - Using pooled Channel '[id: 0x317f8075, L:/127.0.0.1:50165 - R:localhost/127.0.0.1:64372]' for 'GET' to 'http://localhost:64372/session/142e886c931eaf4f2cbbb5411ccfc894/screenshot'
16:27:36.633 [Forwarding screenshot on session 142e886c931eaf4f2cbbb5411ccfc894 to remote] DEBUG org.asynchttpclient.netty.request.NettyRequestSender - Using open Channel [id: 0x317f8075, L:/127.0.0.1:50165 - R:localhost/127.0.0.1:64372] for GET '/session/142e886c931eaf4f2cbbb5411ccfc894/screenshot'
16:27:36.776 [AsyncHttpClient-1-2] DEBUG org.asynchttpclient.netty.handler.HttpHandler - 

Request DefaultFullHttpRequest(decodeResult: success, version: HTTP/1.1, content: EmptyByteBufBE)
GET /session/142e886c931eaf4f2cbbb5411ccfc894/screenshot HTTP/1.1
User-Agent: selenium/4.1.2 (java windows)
Cache-Control: no-cache
Content-Type: application/json; charset=utf-8
host: localhost:64372
accept: */*

Response DefaultHttpResponse(decodeResult: success, version: HTTP/1.1)
HTTP/1.1 200 OK
Content-Type: application/json; charset=utf-8
cache-control: no-cache
content-length: 91876

16:27:36.777 [AsyncHttpClient-1-2] DEBUG org.asynchttpclient.netty.channel.ChannelManager - Adding key: http://localhost:64372 for channel [id: 0x317f8075, L:/127.0.0.1:50165 - R:localhost/127.0.0.1:64372]
16:27:36.783 [main] DEBUG net.serenitybdd.core.photography.Darkroom - Send negative for processing for target\site\serenity\7ddcc1ebe8b7d6d9875466d927caffe45f10462fc970e70a9ddf02111f252967.png
16:27:36.783 [main] DEBUG net.thucydides.core.steps.StepInterceptor - STEP DONE: clickDepartmentDropdownButton
16:27:36.784 [Darkroom Processing Line] DEBUG net.serenitybdd.core.photography.DarkroomProcessingLine - Processing screenshot image in /var/screenshots/screenshot-11028321467290824140
16:27:36.784 [Darkroom Processing Line] DEBUG net.serenitybdd.core.photography.DarkroomProcessingLine - Saving screenshot to target\site\serenity\7ddcc1ebe8b7d6d9875466d927caffe45f10462fc970e70a9ddf02111f252967.png
16:27:36.799 [main] DEBUG net.thucydides.core.steps.StepInterceptor - STARTING STEP: AppointmentSteps.iInputValidDataAppointmentAndClickSubmit - clickDepartmentOptionButton
16:27:36.807 [Forwarding findElement on session 142e886c931eaf4f2cbbb5411ccfc894 to remote] DEBUG org.asynchttpclient.netty.request.NettyRequestSender - Using pooled Channel '[id: 0x317f8075, L:/127.0.0.1:50165 - R:localhost/127.0.0.1:64372]' for 'POST' to 'http://localhost:64372/session/142e886c931eaf4f2cbbb5411ccfc894/element'
16:27:36.808 [Forwarding findElement on session 142e886c931eaf4f2cbbb5411ccfc894 to remote] DEBUG org.asynchttpclient.netty.request.NettyRequestSender - Using open Channel [id: 0x317f8075, L:/127.0.0.1:50165 - R:localhost/127.0.0.1:64372] for POST '/session/142e886c931eaf4f2cbbb5411ccfc894/element'
16:27:36.829 [AsyncHttpClient-1-2] DEBUG org.asynchttpclient.netty.handler.HttpHandler - 

Request DefaultHttpRequest(decodeResult: success, version: HTTP/1.1)
POST /session/142e886c931eaf4f2cbbb5411ccfc894/element HTTP/1.1
User-Agent: selenium/4.1.2 (java windows)
Content-Length: 119
Content-Type: application/json; charset=utf-8
host: localhost:64372
accept: */*

Response DefaultHttpResponse(decodeResult: success, version: HTTP/1.1)
HTTP/1.1 200 OK
Content-Type: application/json; charset=utf-8
cache-control: no-cache
content-length: 88

16:27:36.829 [AsyncHttpClient-1-2] DEBUG org.asynchttpclient.netty.channel.ChannelManager - Adding key: http://localhost:64372 for channel [id: 0x317f8075, L:/127.0.0.1:50165 - R:localhost/127.0.0.1:64372]
16:27:36.837 [AsyncHttpClient-1-1] DEBUG org.asynchttpclient.netty.channel.DefaultChannelPool - Entry count for : http://localhost:64372 : 1
16:27:36.837 [AsyncHttpClient-1-1] DEBUG org.asynchttpclient.netty.channel.DefaultChannelPool - Entry count for : http://localhost:50171 : 1
16:27:36.837 [Forwarding getElementTagName on session 142e886c931eaf4f2cbbb5411ccfc894 to remote] DEBUG org.asynchttpclient.netty.request.NettyRequestSender - Using pooled Channel '[id: 0x317f8075, L:/127.0.0.1:50165 - R:localhost/127.0.0.1:64372]' for 'GET' to 'http://localhost:64372/session/142e886c931eaf4f2cbbb5411ccfc894/element/5fd9c8f6-9b2e-4721-9a64-e12e8ec18b38/name'
16:27:36.838 [Forwarding getElementTagName on session 142e886c931eaf4f2cbbb5411ccfc894 to remote] DEBUG org.asynchttpclient.netty.request.NettyRequestSender - Using open Channel [id: 0x317f8075, L:/127.0.0.1:50165 - R:localhost/127.0.0.1:64372] for GET '/session/142e886c931eaf4f2cbbb5411ccfc894/element/5fd9c8f6-9b2e-4721-9a64-e12e8ec18b38/name'
16:27:36.844 [AsyncHttpClient-1-2] DEBUG org.asynchttpclient.netty.handler.HttpHandler - 

Request DefaultFullHttpRequest(decodeResult: success, version: HTTP/1.1, content: EmptyByteBufBE)
GET /session/142e886c931eaf4f2cbbb5411ccfc894/element/5fd9c8f6-9b2e-4721-9a64-e12e8ec18b38/name HTTP/1.1
User-Agent: selenium/4.1.2 (java windows)
Cache-Control: no-cache
Content-Type: application/json; charset=utf-8
host: localhost:64372
accept: */*

Response DefaultHttpResponse(decodeResult: success, version: HTTP/1.1)
HTTP/1.1 200 OK
Content-Type: application/json; charset=utf-8
cache-control: no-cache
content-length: 14

16:27:36.844 [AsyncHttpClient-1-2] DEBUG org.asynchttpclient.netty.channel.ChannelManager - Adding key: http://localhost:64372 for channel [id: 0x317f8075, L:/127.0.0.1:50165 - R:localhost/127.0.0.1:64372]
16:27:36.857 [Forwarding getElementTagName on session 142e886c931eaf4f2cbbb5411ccfc894 to remote] DEBUG org.asynchttpclient.netty.request.NettyRequestSender - Using pooled Channel '[id: 0x317f8075, L:/127.0.0.1:50165 - R:localhost/127.0.0.1:64372]' for 'GET' to 'http://localhost:64372/session/142e886c931eaf4f2cbbb5411ccfc894/element/5fd9c8f6-9b2e-4721-9a64-e12e8ec18b38/name'
16:27:36.857 [Forwarding getElementTagName on session 142e886c931eaf4f2cbbb5411ccfc894 to remote] DEBUG org.asynchttpclient.netty.request.NettyRequestSender - Using open Channel [id: 0x317f8075, L:/127.0.0.1:50165 - R:localhost/127.0.0.1:64372] for GET '/session/142e886c931eaf4f2cbbb5411ccfc894/element/5fd9c8f6-9b2e-4721-9a64-e12e8ec18b38/name'
16:27:36.862 [AsyncHttpClient-1-2] DEBUG org.asynchttpclient.netty.handler.HttpHandler - 

Request DefaultFullHttpRequest(decodeResult: success, version: HTTP/1.1, content: EmptyByteBufBE)
GET /session/142e886c931eaf4f2cbbb5411ccfc894/element/5fd9c8f6-9b2e-4721-9a64-e12e8ec18b38/name HTTP/1.1
User-Agent: selenium/4.1.2 (java windows)
Cache-Control: no-cache
Content-Type: application/json; charset=utf-8
host: localhost:64372
accept: */*

Response DefaultHttpResponse(decodeResult: success, version: HTTP/1.1)
HTTP/1.1 200 OK
Content-Type: application/json; charset=utf-8
cache-control: no-cache
content-length: 14

16:27:36.863 [AsyncHttpClient-1-2] DEBUG org.asynchttpclient.netty.channel.ChannelManager - Adding key: http://localhost:64372 for channel [id: 0x317f8075, L:/127.0.0.1:50165 - R:localhost/127.0.0.1:64372]
16:27:36.873 [Forwarding findElement on session 142e886c931eaf4f2cbbb5411ccfc894 to remote] DEBUG org.asynchttpclient.netty.request.NettyRequestSender - Using pooled Channel '[id: 0x317f8075, L:/127.0.0.1:50165 - R:localhost/127.0.0.1:64372]' for 'POST' to 'http://localhost:64372/session/142e886c931eaf4f2cbbb5411ccfc894/element'
16:27:36.873 [Forwarding findElement on session 142e886c931eaf4f2cbbb5411ccfc894 to remote] DEBUG org.asynchttpclient.netty.request.NettyRequestSender - Using open Channel [id: 0x317f8075, L:/127.0.0.1:50165 - R:localhost/127.0.0.1:64372] for POST '/session/142e886c931eaf4f2cbbb5411ccfc894/element'
16:27:36.889 [AsyncHttpClient-1-2] DEBUG org.asynchttpclient.netty.handler.HttpHandler - 

Request DefaultHttpRequest(decodeResult: success, version: HTTP/1.1)
POST /session/142e886c931eaf4f2cbbb5411ccfc894/element HTTP/1.1
User-Agent: selenium/4.1.2 (java windows)
Content-Length: 119
Content-Type: application/json; charset=utf-8
host: localhost:64372
accept: */*

Response DefaultHttpResponse(decodeResult: success, version: HTTP/1.1)
HTTP/1.1 200 OK
Content-Type: application/json; charset=utf-8
cache-control: no-cache
content-length: 88

16:27:36.889 [AsyncHttpClient-1-2] DEBUG org.asynchttpclient.netty.channel.ChannelManager - Adding key: http://localhost:64372 for channel [id: 0x317f8075, L:/127.0.0.1:50165 - R:localhost/127.0.0.1:64372]
16:27:36.892 [Forwarding clickElement on session 142e886c931eaf4f2cbbb5411ccfc894 to remote] DEBUG org.asynchttpclient.netty.request.NettyRequestSender - Using pooled Channel '[id: 0x317f8075, L:/127.0.0.1:50165 - R:localhost/127.0.0.1:64372]' for 'POST' to 'http://localhost:64372/session/142e886c931eaf4f2cbbb5411ccfc894/element/5fd9c8f6-9b2e-4721-9a64-e12e8ec18b38/click'
16:27:36.892 [Forwarding clickElement on session 142e886c931eaf4f2cbbb5411ccfc894 to remote] DEBUG org.asynchttpclient.netty.request.NettyRequestSender - Using open Channel [id: 0x317f8075, L:/127.0.0.1:50165 - R:localhost/127.0.0.1:64372] for POST '/session/142e886c931eaf4f2cbbb5411ccfc894/element/5fd9c8f6-9b2e-4721-9a64-e12e8ec18b38/click'
16:27:37.049 [AsyncHttpClient-1-2] DEBUG org.asynchttpclient.netty.handler.HttpHandler - 

Request DefaultHttpRequest(decodeResult: success, version: HTTP/1.1)
POST /session/142e886c931eaf4f2cbbb5411ccfc894/element/5fd9c8f6-9b2e-4721-9a64-e12e8ec18b38/click HTTP/1.1
User-Agent: selenium/4.1.2 (java windows)
Content-Length: 50
Content-Type: application/json; charset=utf-8
host: localhost:64372
accept: */*

Response DefaultHttpResponse(decodeResult: success, version: HTTP/1.1)
HTTP/1.1 200 OK
Content-Type: application/json; charset=utf-8
cache-control: no-cache
content-length: 14

16:27:37.050 [AsyncHttpClient-1-2] DEBUG org.asynchttpclient.netty.channel.ChannelManager - Adding key: http://localhost:64372 for channel [id: 0x317f8075, L:/127.0.0.1:50165 - R:localhost/127.0.0.1:64372]
16:27:37.068 [Forwarding setTimeout on session 142e886c931eaf4f2cbbb5411ccfc894 to remote] DEBUG org.asynchttpclient.netty.request.NettyRequestSender - Using pooled Channel '[id: 0x317f8075, L:/127.0.0.1:50165 - R:localhost/127.0.0.1:64372]' for 'POST' to 'http://localhost:64372/session/142e886c931eaf4f2cbbb5411ccfc894/timeouts'
16:27:37.069 [Forwarding setTimeout on session 142e886c931eaf4f2cbbb5411ccfc894 to remote] DEBUG org.asynchttpclient.netty.request.NettyRequestSender - Using open Channel [id: 0x317f8075, L:/127.0.0.1:50165 - R:localhost/127.0.0.1:64372] for POST '/session/142e886c931eaf4f2cbbb5411ccfc894/timeouts'
16:27:37.073 [AsyncHttpClient-1-2] DEBUG org.asynchttpclient.netty.handler.HttpHandler - 

Request DefaultHttpRequest(decodeResult: success, version: HTTP/1.1)
POST /session/142e886c931eaf4f2cbbb5411ccfc894/timeouts HTTP/1.1
User-Agent: selenium/4.1.2 (java windows)
Content-Length: 22
Content-Type: application/json; charset=utf-8
host: localhost:64372
accept: */*

Response DefaultHttpResponse(decodeResult: success, version: HTTP/1.1)
HTTP/1.1 200 OK
Content-Type: application/json; charset=utf-8
cache-control: no-cache
content-length: 14

16:27:37.074 [AsyncHttpClient-1-2] DEBUG org.asynchttpclient.netty.channel.ChannelManager - Adding key: http://localhost:64372 for channel [id: 0x317f8075, L:/127.0.0.1:50165 - R:localhost/127.0.0.1:64372]
16:27:37.086 [Forwarding screenshot on session 142e886c931eaf4f2cbbb5411ccfc894 to remote] DEBUG org.asynchttpclient.netty.request.NettyRequestSender - Using pooled Channel '[id: 0x317f8075, L:/127.0.0.1:50165 - R:localhost/127.0.0.1:64372]' for 'GET' to 'http://localhost:64372/session/142e886c931eaf4f2cbbb5411ccfc894/screenshot'
16:27:37.087 [Forwarding screenshot on session 142e886c931eaf4f2cbbb5411ccfc894 to remote] DEBUG org.asynchttpclient.netty.request.NettyRequestSender - Using open Channel [id: 0x317f8075, L:/127.0.0.1:50165 - R:localhost/127.0.0.1:64372] for GET '/session/142e886c931eaf4f2cbbb5411ccfc894/screenshot'
16:27:37.251 [AsyncHttpClient-1-2] DEBUG org.asynchttpclient.netty.handler.HttpHandler - 

Request DefaultFullHttpRequest(decodeResult: success, version: HTTP/1.1, content: EmptyByteBufBE)
GET /session/142e886c931eaf4f2cbbb5411ccfc894/screenshot HTTP/1.1
User-Agent: selenium/4.1.2 (java windows)
Cache-Control: no-cache
Content-Type: application/json; charset=utf-8
host: localhost:64372
accept: */*

Response DefaultHttpResponse(decodeResult: success, version: HTTP/1.1)
HTTP/1.1 200 OK
Content-Type: application/json; charset=utf-8
cache-control: no-cache
content-length: 96960

16:27:37.252 [AsyncHttpClient-1-2] DEBUG org.asynchttpclient.netty.channel.ChannelManager - Adding key: http://localhost:64372 for channel [id: 0x317f8075, L:/127.0.0.1:50165 - R:localhost/127.0.0.1:64372]
16:27:37.261 [main] DEBUG net.serenitybdd.core.photography.Darkroom - Send negative for processing for target\site\serenity\2364b32c510939a15ca7c528fcbc3f0426451d87b8a0f4cd40f303877c7df3c7.png
16:27:37.262 [main] DEBUG net.thucydides.core.steps.StepInterceptor - STEP DONE: clickDepartmentOptionButton
16:27:37.262 [Darkroom Processing Line] DEBUG net.serenitybdd.core.photography.DarkroomProcessingLine - Processing screenshot image in /var/screenshots/screenshot-2871090325966051582
16:27:37.263 [Darkroom Processing Line] DEBUG net.serenitybdd.core.photography.DarkroomProcessingLine - Saving screenshot to target\site\serenity\2364b32c510939a15ca7c528fcbc3f0426451d87b8a0f4cd40f303877c7df3c7.png
16:27:37.279 [main] DEBUG net.thucydides.core.steps.StepInterceptor - STARTING STEP: AppointmentSteps.iInputValidDataAppointmentAndClickSubmit - inputAppointmentDate
16:27:37.285 [Forwarding findElement on session 142e886c931eaf4f2cbbb5411ccfc894 to remote] DEBUG org.asynchttpclient.netty.request.NettyRequestSender - Using pooled Channel '[id: 0x317f8075, L:/127.0.0.1:50165 - R:localhost/127.0.0.1:64372]' for 'POST' to 'http://localhost:64372/session/142e886c931eaf4f2cbbb5411ccfc894/element'
16:27:37.285 [Forwarding findElement on session 142e886c931eaf4f2cbbb5411ccfc894 to remote] DEBUG org.asynchttpclient.netty.request.NettyRequestSender - Using open Channel [id: 0x317f8075, L:/127.0.0.1:50165 - R:localhost/127.0.0.1:64372] for POST '/session/142e886c931eaf4f2cbbb5411ccfc894/element'
16:27:37.303 [AsyncHttpClient-1-2] DEBUG org.asynchttpclient.netty.handler.HttpHandler - 

Request DefaultHttpRequest(decodeResult: success, version: HTTP/1.1)
POST /session/142e886c931eaf4f2cbbb5411ccfc894/element HTTP/1.1
User-Agent: selenium/4.1.2 (java windows)
Content-Length: 139
Content-Type: application/json; charset=utf-8
host: localhost:64372
accept: */*

Response DefaultHttpResponse(decodeResult: success, version: HTTP/1.1)
HTTP/1.1 200 OK
Content-Type: application/json; charset=utf-8
cache-control: no-cache
content-length: 88

16:27:37.303 [AsyncHttpClient-1-2] DEBUG org.asynchttpclient.netty.channel.ChannelManager - Adding key: http://localhost:64372 for channel [id: 0x317f8075, L:/127.0.0.1:50165 - R:localhost/127.0.0.1:64372]
16:27:37.307 [Forwarding clearElement on session 142e886c931eaf4f2cbbb5411ccfc894 to remote] DEBUG org.asynchttpclient.netty.request.NettyRequestSender - Using pooled Channel '[id: 0x317f8075, L:/127.0.0.1:50165 - R:localhost/127.0.0.1:64372]' for 'POST' to 'http://localhost:64372/session/142e886c931eaf4f2cbbb5411ccfc894/element/a2961b2b-f38d-405e-bd5c-c5fce1d48c50/clear'
16:27:37.307 [Forwarding clearElement on session 142e886c931eaf4f2cbbb5411ccfc894 to remote] DEBUG org.asynchttpclient.netty.request.NettyRequestSender - Using open Channel [id: 0x317f8075, L:/127.0.0.1:50165 - R:localhost/127.0.0.1:64372] for POST '/session/142e886c931eaf4f2cbbb5411ccfc894/element/a2961b2b-f38d-405e-bd5c-c5fce1d48c50/clear'
16:27:37.360 [AsyncHttpClient-1-2] DEBUG org.asynchttpclient.netty.handler.HttpHandler - 

Request DefaultHttpRequest(decodeResult: success, version: HTTP/1.1)
POST /session/142e886c931eaf4f2cbbb5411ccfc894/element/a2961b2b-f38d-405e-bd5c-c5fce1d48c50/clear HTTP/1.1
User-Agent: selenium/4.1.2 (java windows)
Content-Length: 50
Content-Type: application/json; charset=utf-8
host: localhost:64372
accept: */*

Response DefaultHttpResponse(decodeResult: success, version: HTTP/1.1)
HTTP/1.1 200 OK
Content-Type: application/json; charset=utf-8
cache-control: no-cache
content-length: 14

16:27:37.360 [AsyncHttpClient-1-2] DEBUG org.asynchttpclient.netty.channel.ChannelManager - Adding key: http://localhost:64372 for channel [id: 0x317f8075, L:/127.0.0.1:50165 - R:localhost/127.0.0.1:64372]
16:27:37.364 [Forwarding sendKeysToElement on session 142e886c931eaf4f2cbbb5411ccfc894 to remote] DEBUG org.asynchttpclient.netty.request.NettyRequestSender - Using pooled Channel '[id: 0x317f8075, L:/127.0.0.1:50165 - R:localhost/127.0.0.1:64372]' for 'POST' to 'http://localhost:64372/session/142e886c931eaf4f2cbbb5411ccfc894/element/a2961b2b-f38d-405e-bd5c-c5fce1d48c50/value'
16:27:37.364 [Forwarding sendKeysToElement on session 142e886c931eaf4f2cbbb5411ccfc894 to remote] DEBUG org.asynchttpclient.netty.request.NettyRequestSender - Using open Channel [id: 0x317f8075, L:/127.0.0.1:50165 - R:localhost/127.0.0.1:64372] for POST '/session/142e886c931eaf4f2cbbb5411ccfc894/element/a2961b2b-f38d-405e-bd5c-c5fce1d48c50/value'
16:27:37.548 [AsyncHttpClient-1-2] DEBUG org.asynchttpclient.netty.handler.HttpHandler - 

Request DefaultHttpRequest(decodeResult: success, version: HTTP/1.1)
POST /session/142e886c931eaf4f2cbbb5411ccfc894/element/a2961b2b-f38d-405e-bd5c-c5fce1d48c50/value HTTP/1.1
User-Agent: selenium/4.1.2 (java windows)
Content-Length: 161
Content-Type: application/json; charset=utf-8
host: localhost:64372
accept: */*

Response DefaultHttpResponse(decodeResult: success, version: HTTP/1.1)
HTTP/1.1 200 OK
Content-Type: application/json; charset=utf-8
cache-control: no-cache
content-length: 14

16:27:37.549 [AsyncHttpClient-1-2] DEBUG org.asynchttpclient.netty.channel.ChannelManager - Adding key: http://localhost:64372 for channel [id: 0x317f8075, L:/127.0.0.1:50165 - R:localhost/127.0.0.1:64372]
16:27:37.558 [Forwarding screenshot on session 142e886c931eaf4f2cbbb5411ccfc894 to remote] DEBUG org.asynchttpclient.netty.request.NettyRequestSender - Using pooled Channel '[id: 0x317f8075, L:/127.0.0.1:50165 - R:localhost/127.0.0.1:64372]' for 'GET' to 'http://localhost:64372/session/142e886c931eaf4f2cbbb5411ccfc894/screenshot'
16:27:37.559 [Forwarding screenshot on session 142e886c931eaf4f2cbbb5411ccfc894 to remote] DEBUG org.asynchttpclient.netty.request.NettyRequestSender - Using open Channel [id: 0x317f8075, L:/127.0.0.1:50165 - R:localhost/127.0.0.1:64372] for GET '/session/142e886c931eaf4f2cbbb5411ccfc894/screenshot'
16:27:37.724 [AsyncHttpClient-1-2] DEBUG org.asynchttpclient.netty.handler.HttpHandler - 

Request DefaultFullHttpRequest(decodeResult: success, version: HTTP/1.1, content: EmptyByteBufBE)
GET /session/142e886c931eaf4f2cbbb5411ccfc894/screenshot HTTP/1.1
User-Agent: selenium/4.1.2 (java windows)
Cache-Control: no-cache
Content-Type: application/json; charset=utf-8
host: localhost:64372
accept: */*

Response DefaultHttpResponse(decodeResult: success, version: HTTP/1.1)
HTTP/1.1 200 OK
Content-Type: application/json; charset=utf-8
cache-control: no-cache
content-length: 82632

16:27:37.725 [AsyncHttpClient-1-2] DEBUG org.asynchttpclient.netty.channel.ChannelManager - Adding key: http://localhost:64372 for channel [id: 0x317f8075, L:/127.0.0.1:50165 - R:localhost/127.0.0.1:64372]
16:27:37.742 [main] DEBUG net.serenitybdd.core.photography.Darkroom - Send negative for processing for target\site\serenity\7d83a028771fafb317c837dfeefd766ea47e95ae88685fea80b3bf5f8888af5c.png
16:27:37.742 [main] DEBUG net.thucydides.core.steps.StepInterceptor - STEP DONE: inputAppointmentDate
16:27:37.743 [Darkroom Processing Line] DEBUG net.serenitybdd.core.photography.DarkroomProcessingLine - Processing screenshot image in /var/screenshots/screenshot-11611741292803373088
16:27:37.743 [Darkroom Processing Line] DEBUG net.serenitybdd.core.photography.DarkroomProcessingLine - Saving screenshot to target\site\serenity\7d83a028771fafb317c837dfeefd766ea47e95ae88685fea80b3bf5f8888af5c.png
16:27:37.756 [main] DEBUG net.thucydides.core.steps.StepInterceptor - STARTING STEP: AppointmentSteps.iInputValidDataAppointmentAndClickSubmit - inputAppointmentTime
16:27:37.761 [Forwarding findElement on session 142e886c931eaf4f2cbbb5411ccfc894 to remote] DEBUG org.asynchttpclient.netty.request.NettyRequestSender - Using pooled Channel '[id: 0x317f8075, L:/127.0.0.1:50165 - R:localhost/127.0.0.1:64372]' for 'POST' to 'http://localhost:64372/session/142e886c931eaf4f2cbbb5411ccfc894/element'
16:27:37.761 [Forwarding findElement on session 142e886c931eaf4f2cbbb5411ccfc894 to remote] DEBUG org.asynchttpclient.netty.request.NettyRequestSender - Using open Channel [id: 0x317f8075, L:/127.0.0.1:50165 - R:localhost/127.0.0.1:64372] for POST '/session/142e886c931eaf4f2cbbb5411ccfc894/element'
16:27:37.779 [AsyncHttpClient-1-2] DEBUG org.asynchttpclient.netty.handler.HttpHandler - 

Request DefaultHttpRequest(decodeResult: success, version: HTTP/1.1)
POST /session/142e886c931eaf4f2cbbb5411ccfc894/element HTTP/1.1
User-Agent: selenium/4.1.2 (java windows)
Content-Length: 139
Content-Type: application/json; charset=utf-8
host: localhost:64372
accept: */*

Response DefaultHttpResponse(decodeResult: success, version: HTTP/1.1)
HTTP/1.1 200 OK
Content-Type: application/json; charset=utf-8
cache-control: no-cache
content-length: 88

16:27:37.779 [AsyncHttpClient-1-2] DEBUG org.asynchttpclient.netty.channel.ChannelManager - Adding key: http://localhost:64372 for channel [id: 0x317f8075, L:/127.0.0.1:50165 - R:localhost/127.0.0.1:64372]
16:27:37.783 [Forwarding clearElement on session 142e886c931eaf4f2cbbb5411ccfc894 to remote] DEBUG org.asynchttpclient.netty.request.NettyRequestSender - Using pooled Channel '[id: 0x317f8075, L:/127.0.0.1:50165 - R:localhost/127.0.0.1:64372]' for 'POST' to 'http://localhost:64372/session/142e886c931eaf4f2cbbb5411ccfc894/element/eed4150c-d640-4f70-a0a2-6ef865569ac9/clear'
16:27:37.783 [Forwarding clearElement on session 142e886c931eaf4f2cbbb5411ccfc894 to remote] DEBUG org.asynchttpclient.netty.request.NettyRequestSender - Using open Channel [id: 0x317f8075, L:/127.0.0.1:50165 - R:localhost/127.0.0.1:64372] for POST '/session/142e886c931eaf4f2cbbb5411ccfc894/element/eed4150c-d640-4f70-a0a2-6ef865569ac9/clear'
16:27:37.849 [AsyncHttpClient-1-2] DEBUG org.asynchttpclient.netty.handler.HttpHandler - 

Request DefaultHttpRequest(decodeResult: success, version: HTTP/1.1)
POST /session/142e886c931eaf4f2cbbb5411ccfc894/element/eed4150c-d640-4f70-a0a2-6ef865569ac9/clear HTTP/1.1
User-Agent: selenium/4.1.2 (java windows)
Content-Length: 50
Content-Type: application/json; charset=utf-8
host: localhost:64372
accept: */*

Response DefaultHttpResponse(decodeResult: success, version: HTTP/1.1)
HTTP/1.1 200 OK
Content-Type: application/json; charset=utf-8
cache-control: no-cache
content-length: 14

16:27:37.850 [AsyncHttpClient-1-2] DEBUG org.asynchttpclient.netty.channel.ChannelManager - Adding key: http://localhost:64372 for channel [id: 0x317f8075, L:/127.0.0.1:50165 - R:localhost/127.0.0.1:64372]
16:27:37.855 [Forwarding sendKeysToElement on session 142e886c931eaf4f2cbbb5411ccfc894 to remote] DEBUG org.asynchttpclient.netty.request.NettyRequestSender - Using pooled Channel '[id: 0x317f8075, L:/127.0.0.1:50165 - R:localhost/127.0.0.1:64372]' for 'POST' to 'http://localhost:64372/session/142e886c931eaf4f2cbbb5411ccfc894/element/eed4150c-d640-4f70-a0a2-6ef865569ac9/value'
16:27:37.855 [Forwarding sendKeysToElement on session 142e886c931eaf4f2cbbb5411ccfc894 to remote] DEBUG org.asynchttpclient.netty.request.NettyRequestSender - Using open Channel [id: 0x317f8075, L:/127.0.0.1:50165 - R:localhost/127.0.0.1:64372] for POST '/session/142e886c931eaf4f2cbbb5411ccfc894/element/eed4150c-d640-4f70-a0a2-6ef865569ac9/value'
16:27:37.952 [AsyncHttpClient-1-1] DEBUG org.asynchttpclient.netty.channel.DefaultChannelPool - Entry count for : http://localhost:50171 : 1
16:27:38.069 [AsyncHttpClient-1-2] DEBUG org.asynchttpclient.netty.handler.HttpHandler - 

Request DefaultHttpRequest(decodeResult: success, version: HTTP/1.1)
POST /session/142e886c931eaf4f2cbbb5411ccfc894/element/eed4150c-d640-4f70-a0a2-6ef865569ac9/value HTTP/1.1
User-Agent: selenium/4.1.2 (java windows)
Content-Length: 141
Content-Type: application/json; charset=utf-8
host: localhost:64372
accept: */*

Response DefaultHttpResponse(decodeResult: success, version: HTTP/1.1)
HTTP/1.1 200 OK
Content-Type: application/json; charset=utf-8
cache-control: no-cache
content-length: 14

16:27:38.069 [AsyncHttpClient-1-2] DEBUG org.asynchttpclient.netty.channel.ChannelManager - Adding key: http://localhost:64372 for channel [id: 0x317f8075, L:/127.0.0.1:50165 - R:localhost/127.0.0.1:64372]
16:27:38.091 [Forwarding screenshot on session 142e886c931eaf4f2cbbb5411ccfc894 to remote] DEBUG org.asynchttpclient.netty.request.NettyRequestSender - Using pooled Channel '[id: 0x317f8075, L:/127.0.0.1:50165 - R:localhost/127.0.0.1:64372]' for 'GET' to 'http://localhost:64372/session/142e886c931eaf4f2cbbb5411ccfc894/screenshot'
16:27:38.092 [Forwarding screenshot on session 142e886c931eaf4f2cbbb5411ccfc894 to remote] DEBUG org.asynchttpclient.netty.request.NettyRequestSender - Using open Channel [id: 0x317f8075, L:/127.0.0.1:50165 - R:localhost/127.0.0.1:64372] for GET '/session/142e886c931eaf4f2cbbb5411ccfc894/screenshot'
16:27:38.260 [AsyncHttpClient-1-2] DEBUG org.asynchttpclient.netty.handler.HttpHandler - 

Request DefaultFullHttpRequest(decodeResult: success, version: HTTP/1.1, content: EmptyByteBufBE)
GET /session/142e886c931eaf4f2cbbb5411ccfc894/screenshot HTTP/1.1
User-Agent: selenium/4.1.2 (java windows)
Cache-Control: no-cache
Content-Type: application/json; charset=utf-8
host: localhost:64372
accept: */*

Response DefaultHttpResponse(decodeResult: success, version: HTTP/1.1)
HTTP/1.1 200 OK
Content-Type: application/json; charset=utf-8
cache-control: no-cache
content-length: 83996

16:27:38.262 [AsyncHttpClient-1-2] DEBUG org.asynchttpclient.netty.channel.ChannelManager - Adding key: http://localhost:64372 for channel [id: 0x317f8075, L:/127.0.0.1:50165 - R:localhost/127.0.0.1:64372]
16:27:38.269 [main] DEBUG net.serenitybdd.core.photography.Darkroom - Send negative for processing for target\site\serenity\b7f5581171d191b806bb11484b98366b8b4583c3630cc745ba2c8f62a3fbda0b.png
16:27:38.269 [main] DEBUG net.thucydides.core.steps.StepInterceptor - STEP DONE: inputAppointmentTime
16:27:38.270 [Darkroom Processing Line] DEBUG net.serenitybdd.core.photography.DarkroomProcessingLine - Processing screenshot image in /var/screenshots/screenshot-1685129176849880950
16:27:38.270 [Darkroom Processing Line] DEBUG net.serenitybdd.core.photography.DarkroomProcessingLine - Saving screenshot to target\site\serenity\b7f5581171d191b806bb11484b98366b8b4583c3630cc745ba2c8f62a3fbda0b.png
16:27:38.279 [main] DEBUG net.thucydides.core.steps.StepInterceptor - STARTING STEP: AppointmentSteps.iInputValidDataAppointmentAndClickSubmit - clickDoctorDropdownButton
16:27:38.285 [Forwarding findElement on session 142e886c931eaf4f2cbbb5411ccfc894 to remote] DEBUG org.asynchttpclient.netty.request.NettyRequestSender - Using pooled Channel '[id: 0x317f8075, L:/127.0.0.1:50165 - R:localhost/127.0.0.1:64372]' for 'POST' to 'http://localhost:64372/session/142e886c931eaf4f2cbbb5411ccfc894/element'
16:27:38.285 [Forwarding findElement on session 142e886c931eaf4f2cbbb5411ccfc894 to remote] DEBUG org.asynchttpclient.netty.request.NettyRequestSender - Using open Channel [id: 0x317f8075, L:/127.0.0.1:50165 - R:localhost/127.0.0.1:64372] for POST '/session/142e886c931eaf4f2cbbb5411ccfc894/element'
16:27:38.300 [AsyncHttpClient-1-2] DEBUG org.asynchttpclient.netty.handler.HttpHandler - 

Request DefaultHttpRequest(decodeResult: success, version: HTTP/1.1)
POST /session/142e886c931eaf4f2cbbb5411ccfc894/element HTTP/1.1
User-Agent: selenium/4.1.2 (java windows)
Content-Length: 78
Content-Type: application/json; charset=utf-8
host: localhost:64372
accept: */*

Response DefaultHttpResponse(decodeResult: success, version: HTTP/1.1)
HTTP/1.1 200 OK
Content-Type: application/json; charset=utf-8
cache-control: no-cache
content-length: 88

16:27:38.301 [AsyncHttpClient-1-2] DEBUG org.asynchttpclient.netty.channel.ChannelManager - Adding key: http://localhost:64372 for channel [id: 0x317f8075, L:/127.0.0.1:50165 - R:localhost/127.0.0.1:64372]
16:27:38.304 [Forwarding getElementTagName on session 142e886c931eaf4f2cbbb5411ccfc894 to remote] DEBUG org.asynchttpclient.netty.request.NettyRequestSender - Using pooled Channel '[id: 0x317f8075, L:/127.0.0.1:50165 - R:localhost/127.0.0.1:64372]' for 'GET' to 'http://localhost:64372/session/142e886c931eaf4f2cbbb5411ccfc894/element/cc3fe532-a53c-4465-ae9b-6ff28a62ee68/name'
16:27:38.304 [Forwarding getElementTagName on session 142e886c931eaf4f2cbbb5411ccfc894 to remote] DEBUG org.asynchttpclient.netty.request.NettyRequestSender - Using open Channel [id: 0x317f8075, L:/127.0.0.1:50165 - R:localhost/127.0.0.1:64372] for GET '/session/142e886c931eaf4f2cbbb5411ccfc894/element/cc3fe532-a53c-4465-ae9b-6ff28a62ee68/name'
16:27:38.309 [AsyncHttpClient-1-2] DEBUG org.asynchttpclient.netty.handler.HttpHandler - 

Request DefaultFullHttpRequest(decodeResult: success, version: HTTP/1.1, content: EmptyByteBufBE)
GET /session/142e886c931eaf4f2cbbb5411ccfc894/element/cc3fe532-a53c-4465-ae9b-6ff28a62ee68/name HTTP/1.1
User-Agent: selenium/4.1.2 (java windows)
Cache-Control: no-cache
Content-Type: application/json; charset=utf-8
host: localhost:64372
accept: */*

Response DefaultHttpResponse(decodeResult: success, version: HTTP/1.1)
HTTP/1.1 200 OK
Content-Type: application/json; charset=utf-8
cache-control: no-cache
content-length: 15

16:27:38.309 [AsyncHttpClient-1-2] DEBUG org.asynchttpclient.netty.channel.ChannelManager - Adding key: http://localhost:64372 for channel [id: 0x317f8075, L:/127.0.0.1:50165 - R:localhost/127.0.0.1:64372]
16:27:38.311 [Forwarding getElementTagName on session 142e886c931eaf4f2cbbb5411ccfc894 to remote] DEBUG org.asynchttpclient.netty.request.NettyRequestSender - Using pooled Channel '[id: 0x317f8075, L:/127.0.0.1:50165 - R:localhost/127.0.0.1:64372]' for 'GET' to 'http://localhost:64372/session/142e886c931eaf4f2cbbb5411ccfc894/element/cc3fe532-a53c-4465-ae9b-6ff28a62ee68/name'
16:27:38.311 [Forwarding getElementTagName on session 142e886c931eaf4f2cbbb5411ccfc894 to remote] DEBUG org.asynchttpclient.netty.request.NettyRequestSender - Using open Channel [id: 0x317f8075, L:/127.0.0.1:50165 - R:localhost/127.0.0.1:64372] for GET '/session/142e886c931eaf4f2cbbb5411ccfc894/element/cc3fe532-a53c-4465-ae9b-6ff28a62ee68/name'
16:27:38.317 [AsyncHttpClient-1-2] DEBUG org.asynchttpclient.netty.handler.HttpHandler - 

Request DefaultFullHttpRequest(decodeResult: success, version: HTTP/1.1, content: EmptyByteBufBE)
GET /session/142e886c931eaf4f2cbbb5411ccfc894/element/cc3fe532-a53c-4465-ae9b-6ff28a62ee68/name HTTP/1.1
User-Agent: selenium/4.1.2 (java windows)
Cache-Control: no-cache
Content-Type: application/json; charset=utf-8
host: localhost:64372
accept: */*

Response DefaultHttpResponse(decodeResult: success, version: HTTP/1.1)
HTTP/1.1 200 OK
Content-Type: application/json; charset=utf-8
cache-control: no-cache
content-length: 15

16:27:38.317 [AsyncHttpClient-1-2] DEBUG org.asynchttpclient.netty.channel.ChannelManager - Adding key: http://localhost:64372 for channel [id: 0x317f8075, L:/127.0.0.1:50165 - R:localhost/127.0.0.1:64372]
16:27:38.321 [Forwarding findElement on session 142e886c931eaf4f2cbbb5411ccfc894 to remote] DEBUG org.asynchttpclient.netty.request.NettyRequestSender - Using pooled Channel '[id: 0x317f8075, L:/127.0.0.1:50165 - R:localhost/127.0.0.1:64372]' for 'POST' to 'http://localhost:64372/session/142e886c931eaf4f2cbbb5411ccfc894/element'
16:27:38.321 [Forwarding findElement on session 142e886c931eaf4f2cbbb5411ccfc894 to remote] DEBUG org.asynchttpclient.netty.request.NettyRequestSender - Using open Channel [id: 0x317f8075, L:/127.0.0.1:50165 - R:localhost/127.0.0.1:64372] for POST '/session/142e886c931eaf4f2cbbb5411ccfc894/element'
16:27:38.329 [AsyncHttpClient-1-2] DEBUG org.asynchttpclient.netty.handler.HttpHandler - 

Request DefaultHttpRequest(decodeResult: success, version: HTTP/1.1)
POST /session/142e886c931eaf4f2cbbb5411ccfc894/element HTTP/1.1
User-Agent: selenium/4.1.2 (java windows)
Content-Length: 78
Content-Type: application/json; charset=utf-8
host: localhost:64372
accept: */*

Response DefaultHttpResponse(decodeResult: success, version: HTTP/1.1)
HTTP/1.1 200 OK
Content-Type: application/json; charset=utf-8
cache-control: no-cache
content-length: 88

16:27:38.330 [AsyncHttpClient-1-2] DEBUG org.asynchttpclient.netty.channel.ChannelManager - Adding key: http://localhost:64372 for channel [id: 0x317f8075, L:/127.0.0.1:50165 - R:localhost/127.0.0.1:64372]
16:27:38.333 [Forwarding clickElement on session 142e886c931eaf4f2cbbb5411ccfc894 to remote] DEBUG org.asynchttpclient.netty.request.NettyRequestSender - Using pooled Channel '[id: 0x317f8075, L:/127.0.0.1:50165 - R:localhost/127.0.0.1:64372]' for 'POST' to 'http://localhost:64372/session/142e886c931eaf4f2cbbb5411ccfc894/element/cc3fe532-a53c-4465-ae9b-6ff28a62ee68/click'
16:27:38.333 [Forwarding clickElement on session 142e886c931eaf4f2cbbb5411ccfc894 to remote] DEBUG org.asynchttpclient.netty.request.NettyRequestSender - Using open Channel [id: 0x317f8075, L:/127.0.0.1:50165 - R:localhost/127.0.0.1:64372] for POST '/session/142e886c931eaf4f2cbbb5411ccfc894/element/cc3fe532-a53c-4465-ae9b-6ff28a62ee68/click'
16:27:38.418 [AsyncHttpClient-1-2] DEBUG org.asynchttpclient.netty.handler.HttpHandler - 

Request DefaultHttpRequest(decodeResult: success, version: HTTP/1.1)
POST /session/142e886c931eaf4f2cbbb5411ccfc894/element/cc3fe532-a53c-4465-ae9b-6ff28a62ee68/click HTTP/1.1
User-Agent: selenium/4.1.2 (java windows)
Content-Length: 50
Content-Type: application/json; charset=utf-8
host: localhost:64372
accept: */*

Response DefaultHttpResponse(decodeResult: success, version: HTTP/1.1)
HTTP/1.1 200 OK
Content-Type: application/json; charset=utf-8
cache-control: no-cache
content-length: 14

16:27:38.418 [AsyncHttpClient-1-2] DEBUG org.asynchttpclient.netty.channel.ChannelManager - Adding key: http://localhost:64372 for channel [id: 0x317f8075, L:/127.0.0.1:50165 - R:localhost/127.0.0.1:64372]
16:27:38.428 [Forwarding screenshot on session 142e886c931eaf4f2cbbb5411ccfc894 to remote] DEBUG org.asynchttpclient.netty.request.NettyRequestSender - Using pooled Channel '[id: 0x317f8075, L:/127.0.0.1:50165 - R:localhost/127.0.0.1:64372]' for 'GET' to 'http://localhost:64372/session/142e886c931eaf4f2cbbb5411ccfc894/screenshot'
16:27:38.428 [Forwarding screenshot on session 142e886c931eaf4f2cbbb5411ccfc894 to remote] DEBUG org.asynchttpclient.netty.request.NettyRequestSender - Using open Channel [id: 0x317f8075, L:/127.0.0.1:50165 - R:localhost/127.0.0.1:64372] for GET '/session/142e886c931eaf4f2cbbb5411ccfc894/screenshot'
16:27:38.676 [AsyncHttpClient-1-2] DEBUG org.asynchttpclient.netty.handler.HttpHandler - 

Request DefaultFullHttpRequest(decodeResult: success, version: HTTP/1.1, content: EmptyByteBufBE)
GET /session/142e886c931eaf4f2cbbb5411ccfc894/screenshot HTTP/1.1
User-Agent: selenium/4.1.2 (java windows)
Cache-Control: no-cache
Content-Type: application/json; charset=utf-8
host: localhost:64372
accept: */*

Response DefaultHttpResponse(decodeResult: success, version: HTTP/1.1)
HTTP/1.1 200 OK
Content-Type: application/json; charset=utf-8
cache-control: no-cache
content-length: 85772

16:27:38.677 [AsyncHttpClient-1-2] DEBUG org.asynchttpclient.netty.channel.ChannelManager - Adding key: http://localhost:64372 for channel [id: 0x317f8075, L:/127.0.0.1:50165 - R:localhost/127.0.0.1:64372]
16:27:38.682 [main] DEBUG net.serenitybdd.core.photography.Darkroom - Send negative for processing for target\site\serenity\0b6cc83cc38333b48dff9681d94e8e214ff858ca9885e894c56559526377ab93.png
16:27:38.683 [main] DEBUG net.thucydides.core.steps.StepInterceptor - STEP DONE: clickDoctorDropdownButton
16:27:38.683 [Darkroom Processing Line] DEBUG net.serenitybdd.core.photography.DarkroomProcessingLine - Processing screenshot image in /var/screenshots/screenshot-12662235627804749645
16:27:38.683 [Darkroom Processing Line] DEBUG net.serenitybdd.core.photography.DarkroomProcessingLine - Saving screenshot to target\site\serenity\0b6cc83cc38333b48dff9681d94e8e214ff858ca9885e894c56559526377ab93.png
16:27:38.695 [main] DEBUG net.thucydides.core.steps.StepInterceptor - STARTING STEP: AppointmentSteps.iInputValidDataAppointmentAndClickSubmit - clickDoctorOptionButton
16:27:38.700 [Forwarding findElement on session 142e886c931eaf4f2cbbb5411ccfc894 to remote] DEBUG org.asynchttpclient.netty.request.NettyRequestSender - Using pooled Channel '[id: 0x317f8075, L:/127.0.0.1:50165 - R:localhost/127.0.0.1:64372]' for 'POST' to 'http://localhost:64372/session/142e886c931eaf4f2cbbb5411ccfc894/element'
16:27:38.700 [Forwarding findElement on session 142e886c931eaf4f2cbbb5411ccfc894 to remote] DEBUG org.asynchttpclient.netty.request.NettyRequestSender - Using open Channel [id: 0x317f8075, L:/127.0.0.1:50165 - R:localhost/127.0.0.1:64372] for POST '/session/142e886c931eaf4f2cbbb5411ccfc894/element'
16:27:39.000 [AsyncHttpClient-1-2] DEBUG org.asynchttpclient.netty.handler.HttpHandler - 

Request DefaultHttpRequest(decodeResult: success, version: HTTP/1.1)
POST /session/142e886c931eaf4f2cbbb5411ccfc894/element HTTP/1.1
User-Agent: selenium/4.1.2 (java windows)
Content-Length: 115
Content-Type: application/json; charset=utf-8
host: localhost:64372
accept: */*

Response DefaultHttpResponse(decodeResult: success, version: HTTP/1.1)
HTTP/1.1 200 OK
Content-Type: application/json; charset=utf-8
cache-control: no-cache
content-length: 88

16:27:39.001 [AsyncHttpClient-1-2] DEBUG org.asynchttpclient.netty.channel.ChannelManager - Adding key: http://localhost:64372 for channel [id: 0x317f8075, L:/127.0.0.1:50165 - R:localhost/127.0.0.1:64372]
16:27:39.004 [Forwarding getElementTagName on session 142e886c931eaf4f2cbbb5411ccfc894 to remote] DEBUG org.asynchttpclient.netty.request.NettyRequestSender - Using pooled Channel '[id: 0x317f8075, L:/127.0.0.1:50165 - R:localhost/127.0.0.1:64372]' for 'GET' to 'http://localhost:64372/session/142e886c931eaf4f2cbbb5411ccfc894/element/899d389f-438d-491b-a31a-e3ecddeca57c/name'
16:27:39.004 [Forwarding getElementTagName on session 142e886c931eaf4f2cbbb5411ccfc894 to remote] DEBUG org.asynchttpclient.netty.request.NettyRequestSender - Using open Channel [id: 0x317f8075, L:/127.0.0.1:50165 - R:localhost/127.0.0.1:64372] for GET '/session/142e886c931eaf4f2cbbb5411ccfc894/element/899d389f-438d-491b-a31a-e3ecddeca57c/name'
16:27:39.010 [AsyncHttpClient-1-2] DEBUG org.asynchttpclient.netty.handler.HttpHandler - 

Request DefaultFullHttpRequest(decodeResult: success, version: HTTP/1.1, content: EmptyByteBufBE)
GET /session/142e886c931eaf4f2cbbb5411ccfc894/element/899d389f-438d-491b-a31a-e3ecddeca57c/name HTTP/1.1
User-Agent: selenium/4.1.2 (java windows)
Cache-Control: no-cache
Content-Type: application/json; charset=utf-8
host: localhost:64372
accept: */*

Response DefaultHttpResponse(decodeResult: success, version: HTTP/1.1)
HTTP/1.1 200 OK
Content-Type: application/json; charset=utf-8
cache-control: no-cache
content-length: 14

16:27:39.011 [AsyncHttpClient-1-2] DEBUG org.asynchttpclient.netty.channel.ChannelManager - Adding key: http://localhost:64372 for channel [id: 0x317f8075, L:/127.0.0.1:50165 - R:localhost/127.0.0.1:64372]
16:27:39.013 [Forwarding getElementTagName on session 142e886c931eaf4f2cbbb5411ccfc894 to remote] DEBUG org.asynchttpclient.netty.request.NettyRequestSender - Using pooled Channel '[id: 0x317f8075, L:/127.0.0.1:50165 - R:localhost/127.0.0.1:64372]' for 'GET' to 'http://localhost:64372/session/142e886c931eaf4f2cbbb5411ccfc894/element/899d389f-438d-491b-a31a-e3ecddeca57c/name'
16:27:39.013 [Forwarding getElementTagName on session 142e886c931eaf4f2cbbb5411ccfc894 to remote] DEBUG org.asynchttpclient.netty.request.NettyRequestSender - Using open Channel [id: 0x317f8075, L:/127.0.0.1:50165 - R:localhost/127.0.0.1:64372] for GET '/session/142e886c931eaf4f2cbbb5411ccfc894/element/899d389f-438d-491b-a31a-e3ecddeca57c/name'
16:27:39.018 [AsyncHttpClient-1-2] DEBUG org.asynchttpclient.netty.handler.HttpHandler - 

Request DefaultFullHttpRequest(decodeResult: success, version: HTTP/1.1, content: EmptyByteBufBE)
GET /session/142e886c931eaf4f2cbbb5411ccfc894/element/899d389f-438d-491b-a31a-e3ecddeca57c/name HTTP/1.1
User-Agent: selenium/4.1.2 (java windows)
Cache-Control: no-cache
Content-Type: application/json; charset=utf-8
host: localhost:64372
accept: */*

Response DefaultHttpResponse(decodeResult: success, version: HTTP/1.1)
HTTP/1.1 200 OK
Content-Type: application/json; charset=utf-8
cache-control: no-cache
content-length: 14

16:27:39.018 [AsyncHttpClient-1-2] DEBUG org.asynchttpclient.netty.channel.ChannelManager - Adding key: http://localhost:64372 for channel [id: 0x317f8075, L:/127.0.0.1:50165 - R:localhost/127.0.0.1:64372]
16:27:39.022 [Forwarding findElement on session 142e886c931eaf4f2cbbb5411ccfc894 to remote] DEBUG org.asynchttpclient.netty.request.NettyRequestSender - Using pooled Channel '[id: 0x317f8075, L:/127.0.0.1:50165 - R:localhost/127.0.0.1:64372]' for 'POST' to 'http://localhost:64372/session/142e886c931eaf4f2cbbb5411ccfc894/element'
16:27:39.022 [Forwarding findElement on session 142e886c931eaf4f2cbbb5411ccfc894 to remote] DEBUG org.asynchttpclient.netty.request.NettyRequestSender - Using open Channel [id: 0x317f8075, L:/127.0.0.1:50165 - R:localhost/127.0.0.1:64372] for POST '/session/142e886c931eaf4f2cbbb5411ccfc894/element'
16:27:39.036 [AsyncHttpClient-1-2] DEBUG org.asynchttpclient.netty.handler.HttpHandler - 

Request DefaultHttpRequest(decodeResult: success, version: HTTP/1.1)
POST /session/142e886c931eaf4f2cbbb5411ccfc894/element HTTP/1.1
User-Agent: selenium/4.1.2 (java windows)
Content-Length: 115
Content-Type: application/json; charset=utf-8
host: localhost:64372
accept: */*

Response DefaultHttpResponse(decodeResult: success, version: HTTP/1.1)
HTTP/1.1 200 OK
Content-Type: application/json; charset=utf-8
cache-control: no-cache
content-length: 88

16:27:39.036 [AsyncHttpClient-1-2] DEBUG org.asynchttpclient.netty.channel.ChannelManager - Adding key: http://localhost:64372 for channel [id: 0x317f8075, L:/127.0.0.1:50165 - R:localhost/127.0.0.1:64372]
16:27:39.040 [AsyncHttpClient-1-1] DEBUG org.asynchttpclient.netty.channel.DefaultChannelPool - Entry count for : http://localhost:64372 : 1
16:27:39.040 [AsyncHttpClient-1-1] DEBUG org.asynchttpclient.netty.channel.DefaultChannelPool - Entry count for : http://localhost:50171 : 1
16:27:39.040 [Forwarding clickElement on session 142e886c931eaf4f2cbbb5411ccfc894 to remote] DEBUG org.asynchttpclient.netty.request.NettyRequestSender - Using pooled Channel '[id: 0x317f8075, L:/127.0.0.1:50165 - R:localhost/127.0.0.1:64372]' for 'POST' to 'http://localhost:64372/session/142e886c931eaf4f2cbbb5411ccfc894/element/899d389f-438d-491b-a31a-e3ecddeca57c/click'
16:27:39.041 [Forwarding clickElement on session 142e886c931eaf4f2cbbb5411ccfc894 to remote] DEBUG org.asynchttpclient.netty.request.NettyRequestSender - Using open Channel [id: 0x317f8075, L:/127.0.0.1:50165 - R:localhost/127.0.0.1:64372] for POST '/session/142e886c931eaf4f2cbbb5411ccfc894/element/899d389f-438d-491b-a31a-e3ecddeca57c/click'
16:27:39.116 [AsyncHttpClient-1-2] DEBUG org.asynchttpclient.netty.handler.HttpHandler - 

Request DefaultHttpRequest(decodeResult: success, version: HTTP/1.1)
POST /session/142e886c931eaf4f2cbbb5411ccfc894/element/899d389f-438d-491b-a31a-e3ecddeca57c/click HTTP/1.1
User-Agent: selenium/4.1.2 (java windows)
Content-Length: 50
Content-Type: application/json; charset=utf-8
host: localhost:64372
accept: */*

Response DefaultHttpResponse(decodeResult: success, version: HTTP/1.1)
HTTP/1.1 200 OK
Content-Type: application/json; charset=utf-8
cache-control: no-cache
content-length: 14

16:27:39.117 [AsyncHttpClient-1-2] DEBUG org.asynchttpclient.netty.channel.ChannelManager - Adding key: http://localhost:64372 for channel [id: 0x317f8075, L:/127.0.0.1:50165 - R:localhost/127.0.0.1:64372]
16:27:39.122 [Forwarding setTimeout on session 142e886c931eaf4f2cbbb5411ccfc894 to remote] DEBUG org.asynchttpclient.netty.request.NettyRequestSender - Using pooled Channel '[id: 0x317f8075, L:/127.0.0.1:50165 - R:localhost/127.0.0.1:64372]' for 'POST' to 'http://localhost:64372/session/142e886c931eaf4f2cbbb5411ccfc894/timeouts'
16:27:39.122 [Forwarding setTimeout on session 142e886c931eaf4f2cbbb5411ccfc894 to remote] DEBUG org.asynchttpclient.netty.request.NettyRequestSender - Using open Channel [id: 0x317f8075, L:/127.0.0.1:50165 - R:localhost/127.0.0.1:64372] for POST '/session/142e886c931eaf4f2cbbb5411ccfc894/timeouts'
16:27:39.124 [AsyncHttpClient-1-2] DEBUG org.asynchttpclient.netty.handler.HttpHandler - 

Request DefaultHttpRequest(decodeResult: success, version: HTTP/1.1)
POST /session/142e886c931eaf4f2cbbb5411ccfc894/timeouts HTTP/1.1
User-Agent: selenium/4.1.2 (java windows)
Content-Length: 22
Content-Type: application/json; charset=utf-8
host: localhost:64372
accept: */*

Response DefaultHttpResponse(decodeResult: success, version: HTTP/1.1)
HTTP/1.1 200 OK
Content-Type: application/json; charset=utf-8
cache-control: no-cache
content-length: 14

16:27:39.124 [AsyncHttpClient-1-2] DEBUG org.asynchttpclient.netty.channel.ChannelManager - Adding key: http://localhost:64372 for channel [id: 0x317f8075, L:/127.0.0.1:50165 - R:localhost/127.0.0.1:64372]
16:27:39.135 [Forwarding screenshot on session 142e886c931eaf4f2cbbb5411ccfc894 to remote] DEBUG org.asynchttpclient.netty.request.NettyRequestSender - Using pooled Channel '[id: 0x317f8075, L:/127.0.0.1:50165 - R:localhost/127.0.0.1:64372]' for 'GET' to 'http://localhost:64372/session/142e886c931eaf4f2cbbb5411ccfc894/screenshot'
16:27:39.136 [Forwarding screenshot on session 142e886c931eaf4f2cbbb5411ccfc894 to remote] DEBUG org.asynchttpclient.netty.request.NettyRequestSender - Using open Channel [id: 0x317f8075, L:/127.0.0.1:50165 - R:localhost/127.0.0.1:64372] for GET '/session/142e886c931eaf4f2cbbb5411ccfc894/screenshot'
16:27:39.270 [AsyncHttpClient-1-2] DEBUG org.asynchttpclient.netty.handler.HttpHandler - 

Request DefaultFullHttpRequest(decodeResult: success, version: HTTP/1.1, content: EmptyByteBufBE)
GET /session/142e886c931eaf4f2cbbb5411ccfc894/screenshot HTTP/1.1
User-Agent: selenium/4.1.2 (java windows)
Cache-Control: no-cache
Content-Type: application/json; charset=utf-8
host: localhost:64372
accept: */*

Response DefaultHttpResponse(decodeResult: success, version: HTTP/1.1)
HTTP/1.1 200 OK
Content-Type: application/json; charset=utf-8
cache-control: no-cache
content-length: 90576

16:27:39.271 [AsyncHttpClient-1-2] DEBUG org.asynchttpclient.netty.channel.ChannelManager - Adding key: http://localhost:64372 for channel [id: 0x317f8075, L:/127.0.0.1:50165 - R:localhost/127.0.0.1:64372]
16:27:39.277 [main] DEBUG net.serenitybdd.core.photography.Darkroom - Send negative for processing for target\site\serenity\4526f02ccf13fec3e2cb7743799da0442c4f5f0ac453d9e7a390c27ee8f3b199.png
16:27:39.277 [main] DEBUG net.thucydides.core.steps.StepInterceptor - STEP DONE: clickDoctorOptionButton
16:27:39.277 [Darkroom Processing Line] DEBUG net.serenitybdd.core.photography.DarkroomProcessingLine - Processing screenshot image in /var/screenshots/screenshot-5964568434215963674
16:27:39.278 [Darkroom Processing Line] DEBUG net.serenitybdd.core.photography.DarkroomProcessingLine - Saving screenshot to target\site\serenity\4526f02ccf13fec3e2cb7743799da0442c4f5f0ac453d9e7a390c27ee8f3b199.png
16:27:39.288 [main] DEBUG net.thucydides.core.steps.StepInterceptor - STARTING STEP: AppointmentSteps.iInputValidDataAppointmentAndClickSubmit - inputAppointmentReason
16:27:39.292 [Forwarding findElement on session 142e886c931eaf4f2cbbb5411ccfc894 to remote] DEBUG org.asynchttpclient.netty.request.NettyRequestSender - Using pooled Channel '[id: 0x317f8075, L:/127.0.0.1:50165 - R:localhost/127.0.0.1:64372]' for 'POST' to 'http://localhost:64372/session/142e886c931eaf4f2cbbb5411ccfc894/element'
16:27:39.292 [Forwarding findElement on session 142e886c931eaf4f2cbbb5411ccfc894 to remote] DEBUG org.asynchttpclient.netty.request.NettyRequestSender - Using open Channel [id: 0x317f8075, L:/127.0.0.1:50165 - R:localhost/127.0.0.1:64372] for POST '/session/142e886c931eaf4f2cbbb5411ccfc894/element'
16:27:39.307 [AsyncHttpClient-1-2] DEBUG org.asynchttpclient.netty.handler.HttpHandler - 

Request DefaultHttpRequest(decodeResult: success, version: HTTP/1.1)
POST /session/142e886c931eaf4f2cbbb5411ccfc894/element HTTP/1.1
User-Agent: selenium/4.1.2 (java windows)
Content-Length: 77
Content-Type: application/json; charset=utf-8
host: localhost:64372
accept: */*

Response DefaultHttpResponse(decodeResult: success, version: HTTP/1.1)
HTTP/1.1 200 OK
Content-Type: application/json; charset=utf-8
cache-control: no-cache
content-length: 88

16:27:39.307 [AsyncHttpClient-1-2] DEBUG org.asynchttpclient.netty.channel.ChannelManager - Adding key: http://localhost:64372 for channel [id: 0x317f8075, L:/127.0.0.1:50165 - R:localhost/127.0.0.1:64372]
16:27:39.310 [Forwarding clearElement on session 142e886c931eaf4f2cbbb5411ccfc894 to remote] DEBUG org.asynchttpclient.netty.request.NettyRequestSender - Using pooled Channel '[id: 0x317f8075, L:/127.0.0.1:50165 - R:localhost/127.0.0.1:64372]' for 'POST' to 'http://localhost:64372/session/142e886c931eaf4f2cbbb5411ccfc894/element/6e38ff82-24de-4bcd-bf38-2a22b3a87b86/clear'
16:27:39.310 [Forwarding clearElement on session 142e886c931eaf4f2cbbb5411ccfc894 to remote] DEBUG org.asynchttpclient.netty.request.NettyRequestSender - Using open Channel [id: 0x317f8075, L:/127.0.0.1:50165 - R:localhost/127.0.0.1:64372] for POST '/session/142e886c931eaf4f2cbbb5411ccfc894/element/6e38ff82-24de-4bcd-bf38-2a22b3a87b86/clear'
16:27:39.345 [AsyncHttpClient-1-2] DEBUG org.asynchttpclient.netty.handler.HttpHandler - 

Request DefaultHttpRequest(decodeResult: success, version: HTTP/1.1)
POST /session/142e886c931eaf4f2cbbb5411ccfc894/element/6e38ff82-24de-4bcd-bf38-2a22b3a87b86/clear HTTP/1.1
User-Agent: selenium/4.1.2 (java windows)
Content-Length: 50
Content-Type: application/json; charset=utf-8
host: localhost:64372
accept: */*

Response DefaultHttpResponse(decodeResult: success, version: HTTP/1.1)
HTTP/1.1 200 OK
Content-Type: application/json; charset=utf-8
cache-control: no-cache
content-length: 14

16:27:39.345 [AsyncHttpClient-1-2] DEBUG org.asynchttpclient.netty.channel.ChannelManager - Adding key: http://localhost:64372 for channel [id: 0x317f8075, L:/127.0.0.1:50165 - R:localhost/127.0.0.1:64372]
16:27:39.349 [Forwarding sendKeysToElement on session 142e886c931eaf4f2cbbb5411ccfc894 to remote] DEBUG org.asynchttpclient.netty.request.NettyRequestSender - Using pooled Channel '[id: 0x317f8075, L:/127.0.0.1:50165 - R:localhost/127.0.0.1:64372]' for 'POST' to 'http://localhost:64372/session/142e886c931eaf4f2cbbb5411ccfc894/element/6e38ff82-24de-4bcd-bf38-2a22b3a87b86/value'
16:27:39.349 [Forwarding sendKeysToElement on session 142e886c931eaf4f2cbbb5411ccfc894 to remote] DEBUG org.asynchttpclient.netty.request.NettyRequestSender - Using open Channel [id: 0x317f8075, L:/127.0.0.1:50165 - R:localhost/127.0.0.1:64372] for POST '/session/142e886c931eaf4f2cbbb5411ccfc894/element/6e38ff82-24de-4bcd-bf38-2a22b3a87b86/value'
16:27:40.138 [AsyncHttpClient-1-1] DEBUG org.asynchttpclient.netty.channel.DefaultChannelPool - Entry count for : http://localhost:50171 : 1
16:27:41.237 [AsyncHttpClient-1-1] DEBUG org.asynchttpclient.netty.channel.DefaultChannelPool - Entry count for : http://localhost:50171 : 1
16:27:41.780 [AsyncHttpClient-1-2] DEBUG org.asynchttpclient.netty.handler.HttpHandler - 

Request DefaultHttpRequest(decodeResult: success, version: HTTP/1.1)
POST /session/142e886c931eaf4f2cbbb5411ccfc894/element/6e38ff82-24de-4bcd-bf38-2a22b3a87b86/value HTTP/1.1
User-Agent: selenium/4.1.2 (java windows)
Content-Length: 261
Content-Type: application/json; charset=utf-8
host: localhost:64372
accept: */*

Response DefaultHttpResponse(decodeResult: success, version: HTTP/1.1)
HTTP/1.1 200 OK
Content-Type: application/json; charset=utf-8
cache-control: no-cache
content-length: 14

16:27:41.780 [AsyncHttpClient-1-2] DEBUG org.asynchttpclient.netty.channel.ChannelManager - Adding key: http://localhost:64372 for channel [id: 0x317f8075, L:/127.0.0.1:50165 - R:localhost/127.0.0.1:64372]
16:27:41.793 [Forwarding screenshot on session 142e886c931eaf4f2cbbb5411ccfc894 to remote] DEBUG org.asynchttpclient.netty.request.NettyRequestSender - Using pooled Channel '[id: 0x317f8075, L:/127.0.0.1:50165 - R:localhost/127.0.0.1:64372]' for 'GET' to 'http://localhost:64372/session/142e886c931eaf4f2cbbb5411ccfc894/screenshot'
16:27:41.793 [Forwarding screenshot on session 142e886c931eaf4f2cbbb5411ccfc894 to remote] DEBUG org.asynchttpclient.netty.request.NettyRequestSender - Using open Channel [id: 0x317f8075, L:/127.0.0.1:50165 - R:localhost/127.0.0.1:64372] for GET '/session/142e886c931eaf4f2cbbb5411ccfc894/screenshot'
16:27:41.919 [AsyncHttpClient-1-2] DEBUG org.asynchttpclient.netty.handler.HttpHandler - 

Request DefaultFullHttpRequest(decodeResult: success, version: HTTP/1.1, content: EmptyByteBufBE)
GET /session/142e886c931eaf4f2cbbb5411ccfc894/screenshot HTTP/1.1
User-Agent: selenium/4.1.2 (java windows)
Cache-Control: no-cache
Content-Type: application/json; charset=utf-8
host: localhost:64372
accept: */*

Response DefaultHttpResponse(decodeResult: success, version: HTTP/1.1)
HTTP/1.1 200 OK
Content-Type: application/json; charset=utf-8
cache-control: no-cache
content-length: 85316

16:27:41.920 [AsyncHttpClient-1-2] DEBUG org.asynchttpclient.netty.channel.ChannelManager - Adding key: http://localhost:64372 for channel [id: 0x317f8075, L:/127.0.0.1:50165 - R:localhost/127.0.0.1:64372]
16:27:41.925 [main] DEBUG net.serenitybdd.core.photography.Darkroom - Send negative for processing for target\site\serenity\a5fad39b47b4ed390147ebfc5da56832f8da1ac3f2f0e60c598b2c18425fca49.png
16:27:41.925 [main] DEBUG net.thucydides.core.steps.StepInterceptor - STEP DONE: inputAppointmentReason
16:27:41.926 [Darkroom Processing Line] DEBUG net.serenitybdd.core.photography.DarkroomProcessingLine - Processing screenshot image in /var/screenshots/screenshot-12859032852925785349
16:27:41.926 [Darkroom Processing Line] DEBUG net.serenitybdd.core.photography.DarkroomProcessingLine - Saving screenshot to target\site\serenity\a5fad39b47b4ed390147ebfc5da56832f8da1ac3f2f0e60c598b2c18425fca49.png
16:27:41.939 [main] DEBUG net.thucydides.core.steps.StepInterceptor - STARTING STEP: AppointmentSteps.iInputValidDataAppointmentAndClickSubmit - clickSubmitButton
16:27:41.944 [Forwarding findElement on session 142e886c931eaf4f2cbbb5411ccfc894 to remote] DEBUG org.asynchttpclient.netty.request.NettyRequestSender - Using pooled Channel '[id: 0x317f8075, L:/127.0.0.1:50165 - R:localhost/127.0.0.1:64372]' for 'POST' to 'http://localhost:64372/session/142e886c931eaf4f2cbbb5411ccfc894/element'
16:27:41.944 [Forwarding findElement on session 142e886c931eaf4f2cbbb5411ccfc894 to remote] DEBUG org.asynchttpclient.netty.request.NettyRequestSender - Using open Channel [id: 0x317f8075, L:/127.0.0.1:50165 - R:localhost/127.0.0.1:64372] for POST '/session/142e886c931eaf4f2cbbb5411ccfc894/element'
16:27:41.959 [AsyncHttpClient-1-2] DEBUG org.asynchttpclient.netty.handler.HttpHandler - 

Request DefaultHttpRequest(decodeResult: success, version: HTTP/1.1)
POST /session/142e886c931eaf4f2cbbb5411ccfc894/element HTTP/1.1
User-Agent: selenium/4.1.2 (java windows)
Content-Length: 116
Content-Type: application/json; charset=utf-8
host: localhost:64372
accept: */*

Response DefaultHttpResponse(decodeResult: success, version: HTTP/1.1)
HTTP/1.1 200 OK
Content-Type: application/json; charset=utf-8
cache-control: no-cache
content-length: 88

16:27:41.959 [AsyncHttpClient-1-2] DEBUG org.asynchttpclient.netty.channel.ChannelManager - Adding key: http://localhost:64372 for channel [id: 0x317f8075, L:/127.0.0.1:50165 - R:localhost/127.0.0.1:64372]
16:27:41.962 [Forwarding getElementTagName on session 142e886c931eaf4f2cbbb5411ccfc894 to remote] DEBUG org.asynchttpclient.netty.request.NettyRequestSender - Using pooled Channel '[id: 0x317f8075, L:/127.0.0.1:50165 - R:localhost/127.0.0.1:64372]' for 'GET' to 'http://localhost:64372/session/142e886c931eaf4f2cbbb5411ccfc894/element/af8f311d-6ef7-4a24-95f4-dc3d349d70d1/name'
16:27:41.962 [Forwarding getElementTagName on session 142e886c931eaf4f2cbbb5411ccfc894 to remote] DEBUG org.asynchttpclient.netty.request.NettyRequestSender - Using open Channel [id: 0x317f8075, L:/127.0.0.1:50165 - R:localhost/127.0.0.1:64372] for GET '/session/142e886c931eaf4f2cbbb5411ccfc894/element/af8f311d-6ef7-4a24-95f4-dc3d349d70d1/name'
16:27:41.968 [AsyncHttpClient-1-2] DEBUG org.asynchttpclient.netty.handler.HttpHandler - 

Request DefaultFullHttpRequest(decodeResult: success, version: HTTP/1.1, content: EmptyByteBufBE)
GET /session/142e886c931eaf4f2cbbb5411ccfc894/element/af8f311d-6ef7-4a24-95f4-dc3d349d70d1/name HTTP/1.1
User-Agent: selenium/4.1.2 (java windows)
Cache-Control: no-cache
Content-Type: application/json; charset=utf-8
host: localhost:64372
accept: */*

Response DefaultHttpResponse(decodeResult: success, version: HTTP/1.1)
HTTP/1.1 200 OK
Content-Type: application/json; charset=utf-8
cache-control: no-cache
content-length: 18

16:27:41.968 [AsyncHttpClient-1-2] DEBUG org.asynchttpclient.netty.channel.ChannelManager - Adding key: http://localhost:64372 for channel [id: 0x317f8075, L:/127.0.0.1:50165 - R:localhost/127.0.0.1:64372]
16:27:41.971 [Forwarding getElementTagName on session 142e886c931eaf4f2cbbb5411ccfc894 to remote] DEBUG org.asynchttpclient.netty.request.NettyRequestSender - Using pooled Channel '[id: 0x317f8075, L:/127.0.0.1:50165 - R:localhost/127.0.0.1:64372]' for 'GET' to 'http://localhost:64372/session/142e886c931eaf4f2cbbb5411ccfc894/element/af8f311d-6ef7-4a24-95f4-dc3d349d70d1/name'
16:27:41.971 [Forwarding getElementTagName on session 142e886c931eaf4f2cbbb5411ccfc894 to remote] DEBUG org.asynchttpclient.netty.request.NettyRequestSender - Using open Channel [id: 0x317f8075, L:/127.0.0.1:50165 - R:localhost/127.0.0.1:64372] for GET '/session/142e886c931eaf4f2cbbb5411ccfc894/element/af8f311d-6ef7-4a24-95f4-dc3d349d70d1/name'
16:27:41.976 [AsyncHttpClient-1-2] DEBUG org.asynchttpclient.netty.handler.HttpHandler - 

Request DefaultFullHttpRequest(decodeResult: success, version: HTTP/1.1, content: EmptyByteBufBE)
GET /session/142e886c931eaf4f2cbbb5411ccfc894/element/af8f311d-6ef7-4a24-95f4-dc3d349d70d1/name HTTP/1.1
User-Agent: selenium/4.1.2 (java windows)
Cache-Control: no-cache
Content-Type: application/json; charset=utf-8
host: localhost:64372
accept: */*

Response DefaultHttpResponse(decodeResult: success, version: HTTP/1.1)
HTTP/1.1 200 OK
Content-Type: application/json; charset=utf-8
cache-control: no-cache
content-length: 18

16:27:41.976 [AsyncHttpClient-1-2] DEBUG org.asynchttpclient.netty.channel.ChannelManager - Adding key: http://localhost:64372 for channel [id: 0x317f8075, L:/127.0.0.1:50165 - R:localhost/127.0.0.1:64372]
16:27:41.980 [Forwarding isElementEnabled on session 142e886c931eaf4f2cbbb5411ccfc894 to remote] DEBUG org.asynchttpclient.netty.request.NettyRequestSender - Using pooled Channel '[id: 0x317f8075, L:/127.0.0.1:50165 - R:localhost/127.0.0.1:64372]' for 'GET' to 'http://localhost:64372/session/142e886c931eaf4f2cbbb5411ccfc894/element/af8f311d-6ef7-4a24-95f4-dc3d349d70d1/enabled'
16:27:41.980 [Forwarding isElementEnabled on session 142e886c931eaf4f2cbbb5411ccfc894 to remote] DEBUG org.asynchttpclient.netty.request.NettyRequestSender - Using open Channel [id: 0x317f8075, L:/127.0.0.1:50165 - R:localhost/127.0.0.1:64372] for GET '/session/142e886c931eaf4f2cbbb5411ccfc894/element/af8f311d-6ef7-4a24-95f4-dc3d349d70d1/enabled'
16:27:41.991 [AsyncHttpClient-1-2] DEBUG org.asynchttpclient.netty.handler.HttpHandler - 

Request DefaultFullHttpRequest(decodeResult: success, version: HTTP/1.1, content: EmptyByteBufBE)
GET /session/142e886c931eaf4f2cbbb5411ccfc894/element/af8f311d-6ef7-4a24-95f4-dc3d349d70d1/enabled HTTP/1.1
User-Agent: selenium/4.1.2 (java windows)
Cache-Control: no-cache
Content-Type: application/json; charset=utf-8
host: localhost:64372
accept: */*

Response DefaultHttpResponse(decodeResult: success, version: HTTP/1.1)
HTTP/1.1 200 OK
Content-Type: application/json; charset=utf-8
cache-control: no-cache
content-length: 14

16:27:41.991 [AsyncHttpClient-1-2] DEBUG org.asynchttpclient.netty.channel.ChannelManager - Adding key: http://localhost:64372 for channel [id: 0x317f8075, L:/127.0.0.1:50165 - R:localhost/127.0.0.1:64372]
16:27:41.994 [Forwarding isElementEnabled on session 142e886c931eaf4f2cbbb5411ccfc894 to remote] DEBUG org.asynchttpclient.netty.request.NettyRequestSender - Using pooled Channel '[id: 0x317f8075, L:/127.0.0.1:50165 - R:localhost/127.0.0.1:64372]' for 'GET' to 'http://localhost:64372/session/142e886c931eaf4f2cbbb5411ccfc894/element/af8f311d-6ef7-4a24-95f4-dc3d349d70d1/enabled'
16:27:41.994 [Forwarding isElementEnabled on session 142e886c931eaf4f2cbbb5411ccfc894 to remote] DEBUG org.asynchttpclient.netty.request.NettyRequestSender - Using open Channel [id: 0x317f8075, L:/127.0.0.1:50165 - R:localhost/127.0.0.1:64372] for GET '/session/142e886c931eaf4f2cbbb5411ccfc894/element/af8f311d-6ef7-4a24-95f4-dc3d349d70d1/enabled'
16:27:42.002 [AsyncHttpClient-1-2] DEBUG org.asynchttpclient.netty.handler.HttpHandler - 

Request DefaultFullHttpRequest(decodeResult: success, version: HTTP/1.1, content: EmptyByteBufBE)
GET /session/142e886c931eaf4f2cbbb5411ccfc894/element/af8f311d-6ef7-4a24-95f4-dc3d349d70d1/enabled HTTP/1.1
User-Agent: selenium/4.1.2 (java windows)
Cache-Control: no-cache
Content-Type: application/json; charset=utf-8
host: localhost:64372
accept: */*

Response DefaultHttpResponse(decodeResult: success, version: HTTP/1.1)
HTTP/1.1 200 OK
Content-Type: application/json; charset=utf-8
cache-control: no-cache
content-length: 14

16:27:42.002 [AsyncHttpClient-1-2] DEBUG org.asynchttpclient.netty.channel.ChannelManager - Adding key: http://localhost:64372 for channel [id: 0x317f8075, L:/127.0.0.1:50165 - R:localhost/127.0.0.1:64372]
16:27:42.007 [Forwarding findElement on session 142e886c931eaf4f2cbbb5411ccfc894 to remote] DEBUG org.asynchttpclient.netty.request.NettyRequestSender - Using pooled Channel '[id: 0x317f8075, L:/127.0.0.1:50165 - R:localhost/127.0.0.1:64372]' for 'POST' to 'http://localhost:64372/session/142e886c931eaf4f2cbbb5411ccfc894/element'
16:27:42.008 [Forwarding findElement on session 142e886c931eaf4f2cbbb5411ccfc894 to remote] DEBUG org.asynchttpclient.netty.request.NettyRequestSender - Using open Channel [id: 0x317f8075, L:/127.0.0.1:50165 - R:localhost/127.0.0.1:64372] for POST '/session/142e886c931eaf4f2cbbb5411ccfc894/element'
16:27:42.018 [AsyncHttpClient-1-2] DEBUG org.asynchttpclient.netty.handler.HttpHandler - 

Request DefaultHttpRequest(decodeResult: success, version: HTTP/1.1)
POST /session/142e886c931eaf4f2cbbb5411ccfc894/element HTTP/1.1
User-Agent: selenium/4.1.2 (java windows)
Content-Length: 116
Content-Type: application/json; charset=utf-8
host: localhost:64372
accept: */*

Response DefaultHttpResponse(decodeResult: success, version: HTTP/1.1)
HTTP/1.1 200 OK
Content-Type: application/json; charset=utf-8
cache-control: no-cache
content-length: 88

16:27:42.018 [AsyncHttpClient-1-2] DEBUG org.asynchttpclient.netty.channel.ChannelManager - Adding key: http://localhost:64372 for channel [id: 0x317f8075, L:/127.0.0.1:50165 - R:localhost/127.0.0.1:64372]
16:27:42.022 [Forwarding clickElement on session 142e886c931eaf4f2cbbb5411ccfc894 to remote] DEBUG org.asynchttpclient.netty.request.NettyRequestSender - Using pooled Channel '[id: 0x317f8075, L:/127.0.0.1:50165 - R:localhost/127.0.0.1:64372]' for 'POST' to 'http://localhost:64372/session/142e886c931eaf4f2cbbb5411ccfc894/element/af8f311d-6ef7-4a24-95f4-dc3d349d70d1/click'
16:27:42.022 [Forwarding clickElement on session 142e886c931eaf4f2cbbb5411ccfc894 to remote] DEBUG org.asynchttpclient.netty.request.NettyRequestSender - Using open Channel [id: 0x317f8075, L:/127.0.0.1:50165 - R:localhost/127.0.0.1:64372] for POST '/session/142e886c931eaf4f2cbbb5411ccfc894/element/af8f311d-6ef7-4a24-95f4-dc3d349d70d1/click'
16:27:42.338 [AsyncHttpClient-1-1] DEBUG org.asynchttpclient.netty.channel.DefaultChannelPool - Entry count for : http://localhost:50171 : 1
16:27:42.472 [AsyncHttpClient-1-2] DEBUG org.asynchttpclient.netty.handler.HttpHandler - 

Request DefaultHttpRequest(decodeResult: success, version: HTTP/1.1)
POST /session/142e886c931eaf4f2cbbb5411ccfc894/element/af8f311d-6ef7-4a24-95f4-dc3d349d70d1/click HTTP/1.1
User-Agent: selenium/4.1.2 (java windows)
Content-Length: 50
Content-Type: application/json; charset=utf-8
host: localhost:64372
accept: */*

Response DefaultHttpResponse(decodeResult: success, version: HTTP/1.1)
HTTP/1.1 200 OK
Content-Type: application/json; charset=utf-8
cache-control: no-cache
content-length: 14

16:27:42.472 [AsyncHttpClient-1-2] DEBUG org.asynchttpclient.netty.channel.ChannelManager - Adding key: http://localhost:64372 for channel [id: 0x317f8075, L:/127.0.0.1:50165 - R:localhost/127.0.0.1:64372]
16:27:42.486 [Forwarding screenshot on session 142e886c931eaf4f2cbbb5411ccfc894 to remote] DEBUG org.asynchttpclient.netty.request.NettyRequestSender - Using pooled Channel '[id: 0x317f8075, L:/127.0.0.1:50165 - R:localhost/127.0.0.1:64372]' for 'GET' to 'http://localhost:64372/session/142e886c931eaf4f2cbbb5411ccfc894/screenshot'
16:27:42.486 [Forwarding screenshot on session 142e886c931eaf4f2cbbb5411ccfc894 to remote] DEBUG org.asynchttpclient.netty.request.NettyRequestSender - Using open Channel [id: 0x317f8075, L:/127.0.0.1:50165 - R:localhost/127.0.0.1:64372] for GET '/session/142e886c931eaf4f2cbbb5411ccfc894/screenshot'
16:27:42.629 [AsyncHttpClient-1-2] DEBUG org.asynchttpclient.netty.handler.HttpHandler - 

Request DefaultFullHttpRequest(decodeResult: success, version: HTTP/1.1, content: EmptyByteBufBE)
GET /session/142e886c931eaf4f2cbbb5411ccfc894/screenshot HTTP/1.1
User-Agent: selenium/4.1.2 (java windows)
Cache-Control: no-cache
Content-Type: application/json; charset=utf-8
host: localhost:64372
accept: */*

Response DefaultHttpResponse(decodeResult: success, version: HTTP/1.1)
HTTP/1.1 200 OK
Content-Type: application/json; charset=utf-8
cache-control: no-cache
content-length: 84880

16:27:42.631 [AsyncHttpClient-1-2] DEBUG org.asynchttpclient.netty.channel.ChannelManager - Adding key: http://localhost:64372 for channel [id: 0x317f8075, L:/127.0.0.1:50165 - R:localhost/127.0.0.1:64372]
16:27:42.636 [main] DEBUG net.serenitybdd.core.photography.Darkroom - Send negative for processing for target\site\serenity\1074635505e6e361a5272fa36dc8bda5d2936789bbcfa08ea442586a7e484575.png
16:27:42.636 [main] DEBUG net.thucydides.core.steps.StepInterceptor - STEP DONE: clickSubmitButton
  &amp#27;[32mAnd &amp#27;[0m&amp#27;[32mI input valid data Appointment and click submit&amp#27;[0m             &amp#27;[90m# starter.stepdefinitions.AppointmentSteps.iInputValidDataAppointmentAndClickSubmit()&amp#27;[0m
16:27:42.637 [Darkroom Processing Line] DEBUG net.serenitybdd.core.photography.DarkroomProcessingLine - Processing screenshot image in /var/screenshots/screenshot-17670175403776174200
16:27:42.637 [Darkroom Processing Line] DEBUG net.serenitybdd.core.photography.DarkroomProcessingLine - Saving screenshot to target\site\serenity\1074635505e6e361a5272fa36dc8bda5d2936789bbcfa08ea442586a7e484575.png
16:27:42.664 [main] DEBUG net.thucydides.core.steps.StepInterceptor - STARTING STEP: AppointmentSteps.iGetNewAppointmentHasBeenAddedResult - newAppointmentAdded
16:27:42.669 [Forwarding findElement on session 142e886c931eaf4f2cbbb5411ccfc894 to remote] DEBUG org.asynchttpclient.netty.request.NettyRequestSender - Using pooled Channel '[id: 0x317f8075, L:/127.0.0.1:50165 - R:localhost/127.0.0.1:64372]' for 'POST' to 'http://localhost:64372/session/142e886c931eaf4f2cbbb5411ccfc894/element'
16:27:42.669 [Forwarding findElement on session 142e886c931eaf4f2cbbb5411ccfc894 to remote] DEBUG org.asynchttpclient.netty.request.NettyRequestSender - Using open Channel [id: 0x317f8075, L:/127.0.0.1:50165 - R:localhost/127.0.0.1:64372] for POST '/session/142e886c931eaf4f2cbbb5411ccfc894/element'
16:27:43.437 [AsyncHttpClient-1-1] DEBUG org.asynchttpclient.netty.channel.DefaultChannelPool - Entry count for : http://localhost:50171 : 1
16:27:43.711 [AsyncHttpClient-1-2] DEBUG org.asynchttpclient.netty.handler.HttpHandler - 

Request DefaultHttpRequest(decodeResult: success, version: HTTP/1.1)
POST /session/142e886c931eaf4f2cbbb5411ccfc894/element HTTP/1.1
User-Agent: selenium/4.1.2 (java windows)
Content-Length: 74
Content-Type: application/json; charset=utf-8
host: localhost:64372
accept: */*

Response DefaultHttpResponse(decodeResult: success, version: HTTP/1.1)
HTTP/1.1 200 OK
Content-Type: application/json; charset=utf-8
cache-control: no-cache
content-length: 88

16:27:43.712 [AsyncHttpClient-1-2] DEBUG org.asynchttpclient.netty.channel.ChannelManager - Adding key: http://localhost:64372 for channel [id: 0x317f8075, L:/127.0.0.1:50165 - R:localhost/127.0.0.1:64372]
16:27:43.720 [Forwarding isElementDisplayed on session 142e886c931eaf4f2cbbb5411ccfc894 to remote] DEBUG org.asynchttpclient.netty.request.NettyRequestSender - Using pooled Channel '[id: 0x317f8075, L:/127.0.0.1:50165 - R:localhost/127.0.0.1:64372]' for 'POST' to 'http://localhost:64372/session/142e886c931eaf4f2cbbb5411ccfc894/execute/sync'
16:27:43.720 [Forwarding isElementDisplayed on session 142e886c931eaf4f2cbbb5411ccfc894 to remote] DEBUG org.asynchttpclient.netty.request.NettyRequestSender - Using open Channel [id: 0x317f8075, L:/127.0.0.1:50165 - R:localhost/127.0.0.1:64372] for POST '/session/142e886c931eaf4f2cbbb5411ccfc894/execute/sync'
16:27:43.746 [AsyncHttpClient-1-2] DEBUG org.asynchttpclient.netty.handler.HttpHandler - 

Request DefaultHttpRequest(decodeResult: success, version: HTTP/1.1)
POST /session/142e886c931eaf4f2cbbb5411ccfc894/execute/sync HTTP/1.1
User-Agent: selenium/4.1.2 (java windows)
Content-Length: 48780
Content-Type: application/json; charset=utf-8
host: localhost:64372
accept: */*

Response DefaultHttpResponse(decodeResult: success, version: HTTP/1.1)
HTTP/1.1 200 OK
Content-Type: application/json; charset=utf-8
cache-control: no-cache
content-length: 14

16:27:43.747 [AsyncHttpClient-1-2] DEBUG org.asynchttpclient.netty.channel.ChannelManager - Adding key: http://localhost:64372 for channel [id: 0x317f8075, L:/127.0.0.1:50165 - R:localhost/127.0.0.1:64372]
16:27:43.758 [Forwarding screenshot on session 142e886c931eaf4f2cbbb5411ccfc894 to remote] DEBUG org.asynchttpclient.netty.request.NettyRequestSender - Using pooled Channel '[id: 0x317f8075, L:/127.0.0.1:50165 - R:localhost/127.0.0.1:64372]' for 'GET' to 'http://localhost:64372/session/142e886c931eaf4f2cbbb5411ccfc894/screenshot'
16:27:43.758 [Forwarding screenshot on session 142e886c931eaf4f2cbbb5411ccfc894 to remote] DEBUG org.asynchttpclient.netty.request.NettyRequestSender - Using open Channel [id: 0x317f8075, L:/127.0.0.1:50165 - R:localhost/127.0.0.1:64372] for GET '/session/142e886c931eaf4f2cbbb5411ccfc894/screenshot'
16:27:43.952 [AsyncHttpClient-1-2] DEBUG org.asynchttpclient.netty.handler.HttpHandler - 

Request DefaultFullHttpRequest(decodeResult: success, version: HTTP/1.1, content: EmptyByteBufBE)
GET /session/142e886c931eaf4f2cbbb5411ccfc894/screenshot HTTP/1.1
User-Agent: selenium/4.1.2 (java windows)
Cache-Control: no-cache
Content-Type: application/json; charset=utf-8
host: localhost:64372
accept: */*

Response DefaultHttpResponse(decodeResult: success, version: HTTP/1.1)
HTTP/1.1 200 OK
Content-Type: application/json; charset=utf-8
cache-control: no-cache
content-length: 104340

16:27:43.954 [AsyncHttpClient-1-2] DEBUG org.asynchttpclient.netty.channel.ChannelManager - Adding key: http://localhost:64372 for channel [id: 0x317f8075, L:/127.0.0.1:50165 - R:localhost/127.0.0.1:64372]
16:27:43.969 [main] DEBUG net.serenitybdd.core.photography.Darkroom - Send negative for processing for target\site\serenity\d7a8ade81bdc9dbebd50682e197681c3e878ddcda3f569b0a826f6e299645781.png
16:27:43.969 [main] DEBUG net.thucydides.core.steps.StepInterceptor - STEP DONE: newAppointmentAdded
16:27:43.969 [Darkroom Processing Line] DEBUG net.serenitybdd.core.photography.DarkroomProcessingLine - Processing screenshot image in /var/screenshots/screenshot-5675461115037365723
  &amp#27;[32mThen &amp#27;[0m&amp#27;[32mI get New Appointment has been added result&amp#27;[0m                &amp#27;[90m# starter.stepdefinitions.AppointmentSteps.iGetNewAppointmentHasBeenAddedResult()&amp#27;[0m
16:27:43.969 [Darkroom Processing Line] DEBUG net.serenitybdd.core.photography.DarkroomProcessingLine - Saving screenshot to target\site\serenity\d7a8ade81bdc9dbebd50682e197681c3e878ddcda3f569b0a826f6e299645781.png
16:27:43.986 [main] INFO  - 
  _____   ___   ___   _____     ___     _     ___   ___   ___   ___  
 |_   _| | __| / __| |_   _|   | _ \   /_\   / __| / __| | __| |   \ 
   | |   | _|  \__ \   | |     |  _/  / _ \  \__ \ \__ \ | _|  | |) |
   |_|   |___| |___/   |_|     |_|   /_/ \_\ |___/ |___/ |___| |___/ 

Create New Appointment With Registered Patient Scenario
----------------------------------------------------------------------
16:27:44.218 [Driver Command Executor] DEBUG org.asynchttpclient.netty.request.NettyRequestSender - Using pooled Channel '[id: 0x317f8075, L:/127.0.0.1:50165 - R:localhost/127.0.0.1:64372]' for 'DELETE' to 'http://localhost:64372/session/142e886c931eaf4f2cbbb5411ccfc894'
16:27:44.218 [Driver Command Executor] DEBUG org.asynchttpclient.netty.request.NettyRequestSender - Using open Channel [id: 0x317f8075, L:/127.0.0.1:50165 - R:localhost/127.0.0.1:64372] for DELETE '/session/142e886c931eaf4f2cbbb5411ccfc894'
16:27:44.219 [AsyncHttpClient-1-4] DEBUG org.asynchttpclient.netty.handler.WebSocketHandler - Channel Closed: [id: 0x94062d79, L:/127.0.0.1:50190 ! R:localhost/127.0.0.1:50171] with attribute NettyResponseFuture{currentRetry=5,
	isDone=1,
	isCancelled=0,
	asyncHandler=org.asynchttpclient.ws.WebSocketUpgradeHandler@7e86f3b2,
	nettyRequest=org.asynchttpclient.netty.request.NettyRequest@4e40f8bf,
	future=java.util.concurrent.CompletableFuture@72e28043[Completed normally],
	uri=ws://localhost:50171/devtools/browser/28df713b-dc1d-4742-bfde-597a09b0835e,
	keepAlive=true,
	redirectCount=0,
	timeoutsHolder=null,
	inAuth=0,
	touch=1655717239170}
16:27:44.221 [AsyncHttpClient-1-4] DEBUG org.asynchttpclient.netty.channel.ChannelManager - Closing Channel [id: 0x94062d79, L:/127.0.0.1:50190 ! R:localhost/127.0.0.1:50171] 
16:27:44.347 [AsyncHttpClient-1-3] DEBUG org.asynchttpclient.netty.handler.HttpHandler - Unexpected I/O exception on channel [id: 0xf74557c0, L:/127.0.0.1:50189 - R:localhost/127.0.0.1:50171]
java.net.SocketException: Connection reset
	at java.base/sun.nio.ch.SocketChannelImpl.throwConnectionReset(SocketChannelImpl.java:367)
	at java.base/sun.nio.ch.SocketChannelImpl.read(SocketChannelImpl.java:398)
	at io.netty.buffer.PooledByteBuf.setBytes(PooledByteBuf.java:258)
	at io.netty.buffer.AbstractByteBuf.writeBytes(AbstractByteBuf.java:1132)
	at io.netty.channel.socket.nio.NioSocketChannel.doReadBytes(NioSocketChannel.java:350)
	at io.netty.channel.nio.AbstractNioByteChannel$NioByteUnsafe.read(AbstractNioByteChannel.java:151)
	at io.netty.channel.nio.NioEventLoop.processSelectedKey(NioEventLoop.java:722)
	at io.netty.channel.nio.NioEventLoop.processSelectedKeysOptimized(NioEventLoop.java:658)
	at io.netty.channel.nio.NioEventLoop.processSelectedKeys(NioEventLoop.java:584)
	at io.netty.channel.nio.NioEventLoop.run(NioEventLoop.java:496)
	at io.netty.util.concurrent.SingleThreadEventExecutor$4.run(SingleThreadEventExecutor.java:986)
	at io.netty.util.internal.ThreadExecutorMap$2.run(ThreadExecutorMap.java:74)
	at io.netty.util.concurrent.FastThreadLocalRunnable.run(FastThreadLocalRunnable.java:30)
	at java.base/java.lang.Thread.run(Thread.java:832)
16:27:44.347 [AsyncHttpClient-1-3] DEBUG org.asynchttpclient.netty.channel.ChannelManager - Closing Channel [id: 0xf74557c0, L:/127.0.0.1:50189 - R:localhost/127.0.0.1:50171] 
16:27:44.348 [AsyncHttpClient-1-2] DEBUG org.asynchttpclient.netty.handler.HttpHandler - 

Request DefaultFullHttpRequest(decodeResult: success, version: HTTP/1.1, content: EmptyByteBufBE)
DELETE /session/142e886c931eaf4f2cbbb5411ccfc894 HTTP/1.1
User-Agent: selenium/4.1.2 (java windows)
Content-Type: application/json; charset=utf-8
host: localhost:64372
accept: */*

Response DefaultHttpResponse(decodeResult: success, version: HTTP/1.1)
HTTP/1.1 200 OK
Content-Type: application/json; charset=utf-8
cache-control: no-cache
content-length: 14

16:27:44.348 [AsyncHttpClient-1-2] DEBUG org.asynchttpclient.netty.channel.ChannelManager - Adding key: http://localhost:64372 for channel [id: 0x317f8075, L:/127.0.0.1:50165 - R:localhost/127.0.0.1:64372]
16:27:44.359 [AsyncHttpClient-1-3] DEBUG org.asynchttpclient.netty.handler.HttpHandler - Channel Closed: [id: 0xf74557c0, L:/127.0.0.1:50189 ! R:localhost/127.0.0.1:50171] with attribute DISCARD
16:27:44.466 [AsyncHttpClient-1-2] DEBUG org.asynchttpclient.netty.handler.HttpHandler - Channel Closed: [id: 0x317f8075, L:/127.0.0.1:50165 ! R:localhost/127.0.0.1:64372] with attribute DISCARD
16:27:44.538 [AsyncHttpClient-1-1] DEBUG org.asynchttpclient.netty.channel.DefaultChannelPool - Entry count for : http://localhost:64372 : 1
16:27:44.538 [AsyncHttpClient-1-1] DEBUG org.asynchttpclient.netty.channel.DefaultChannelPool - Entry count for : http://localhost:50171 : 1
16:27:44.538 [AsyncHttpClient-1-1] DEBUG org.asynchttpclient.netty.channel.DefaultChannelPool - Adding Candidate expired Channel [id: 0x317f8075, L:/127.0.0.1:50165 ! R:localhost/127.0.0.1:64372] isIdleTimeoutExpired=false isRemotelyClosed=true isTtlExpired=false
16:27:44.538 [AsyncHttpClient-1-1] DEBUG org.asynchttpclient.netty.channel.DefaultChannelPool - Closing Idle Channel [id: 0x317f8075, L:/127.0.0.1:50165 ! R:localhost/127.0.0.1:64372]
16:27:44.539 [AsyncHttpClient-1-1] DEBUG org.asynchttpclient.netty.channel.DefaultChannelPool - Adding Candidate expired Channel [id: 0xf74557c0, L:/127.0.0.1:50189 ! R:localhost/127.0.0.1:50171] isIdleTimeoutExpired=false isRemotelyClosed=true isTtlExpired=false
16:27:44.540 [AsyncHttpClient-1-1] DEBUG org.asynchttpclient.netty.channel.DefaultChannelPool - Closing Idle Channel [id: 0xf74557c0, L:/127.0.0.1:50189 ! R:localhost/127.0.0.1:50171]
16:27:44.540 [AsyncHttpClient-1-1] DEBUG org.asynchttpclient.netty.channel.DefaultChannelPool - Closed 2 connections out of 2 in 2 ms
]]></system-out>
    <system-err><![CDATA[Starting ChromeDriver 102.0.5005.61 (0e59bcc00cc4985ce39ad31c150065f159d95ad3-refs/branch-heads/5005@{#819}) on port 64372
Only local connections are allowed.
Please see https://chromedriver.chromium.org/security-considerations for suggestions on keeping ChromeDriver safe.
ChromeDriver was started successfully.
Jun 20, 2022 4:27:18 PM org.openqa.selenium.remote.ProtocolHandshake createSession
INFO: Detected dialect: W3C
Jun 20, 2022 4:27:19 PM org.openqa.selenium.devtools.CdpVersionFinder findNearestMatch
WARNING: Unable to find an exact match for CDP version 102, so returning the closest version found: a no-op implementation
Jun 20, 2022 4:27:19 PM org.openqa.selenium.devtools.CdpVersionFinder findNearestMatch
INFO: Unable to find CDP implementation matching 102.
Jun 20, 2022 4:27:19 PM org.openqa.selenium.chromium.ChromiumDriver lambda$new$3
WARNING: Unable to find version of CDP to use for . You may need to include a dependency on a specific version of the CDP using something similar to `org.seleniumhq.selenium:selenium-devtools-v86:4.1.2` where the version ("v86") matches the version of the chromium-based browser you're using and the version number of the artifact is the same as Selenium's.
]]></system-err>
  </testcase>
  <testcase name="Create New Appointment With Unregistered Patient Scenario" classname="Appointment" time="28.776">
    <system-out><![CDATA[
@Appointment @CreateUnregisAppointment
Scenario: Create New Appointment With Unregistered Patient Scenario &amp#27;[90m# src/test/resources/features/1.Appointment.feature:18&amp#27;[0m
16:27:45.059 [main] INFO io.cucumber.core.plugin.SerenityReporter - Running feature from file:///E:/My%20Documents/File%20Difa/TI%20Semester%206%20Kampus%20Merdeka%20Alterra/Tugas/CAPSTONE%20Project/Capstone-Project-Website/src/test/resources/features/1.Appointment.feature
16:27:45.061 [main] INFO  - 
  _____   ___   ___   _____     ___   _____     _     ___   _____   ___   ___  
 |_   _| | __| / __| |_   _|   / __| |_   _|   /_\   | _ \ |_   _| | __| |   \ 
   | |   | _|  \__ \   | |     \__ \   | |    / _ \  |   /   | |   | _|  | |) |
   |_|   |___| |___/   |_|     |___/   |_|   /_/ \_\ |_|_\   |_|   |___| |___/ 

Create New Appointment With Unregistered Patient Scenario(appointment;create-new-appointment-with-unregistered-patient-scenario)
--------------------------------------------------------------------------------
16:27:45.086 [main] DEBUG net.thucydides.core.steps.StepInterceptor - STARTING STEP: DashboardSteps.iAmOnTheDashboardPage - openUrl
16:27:45.088 [main] INFO net.serenitybdd.core.webdriver.driverproviders.ChromeDriverProvider - Using automatically driver download
16:27:45.339 [main] DEBUG io.github.bonigarcia.wdm.cache.ResolutionCache - Resolution chrome=102 in cache (valid until 16:47:55 20/06/2022 ICT)
16:27:45.349 [main] DEBUG io.github.bonigarcia.wdm.cache.ResolutionCache - Resolution chrome102=102.0.5005.61 in cache (valid until 09:12:44 21/06/2022 ICT)
16:27:45.353 [main] INFO io.github.bonigarcia.wdm.WebDriverManager - Using chromedriver 102.0.5005.61 (resolved driver for Chrome 102)
16:27:45.389 [main] DEBUG io.github.bonigarcia.wdm.WebDriverManager - Driver chromedriver 102.0.5005.61 found in cache
16:27:45.390 [main] INFO io.github.bonigarcia.wdm.WebDriverManager - Exporting webdriver.chrome.driver as C:\Users\USER\.cache\selenium\chromedriver\win32\102.0.5005.61\chromedriver.exe
16:27:45.577 [main] DEBUG net.serenitybdd.core.webdriver.driverproviders.ProvideNewDriver - Instantiating driver
16:27:45.577 [main] DEBUG net.serenitybdd.core.webdriver.driverproviders.ProvideNewDriver - Driver capabilities: Capabilities {acceptInsecureCerts: false, base.url: https://hospital-management..., browserName: chrome, chrome.driver: src/test/resources/webdrive..., driver: chrome, goog:chromeOptions: {args: [], extensions: []}}
16:27:46.618 [AsyncHttpClient-1-5] DEBUG org.asynchttpclient.netty.channel.NettyConnectListener - Using new Channel '[id: 0x5acf3d49, L:/127.0.0.1:50233 - R:localhost/127.0.0.1:58640]' for 'POST' to '/session'
16:27:53.489 [AsyncHttpClient-1-5] DEBUG org.asynchttpclient.netty.handler.HttpHandler - 

Request DefaultHttpRequest(decodeResult: success, version: HTTP/1.1)
POST /session HTTP/1.1
User-Agent: selenium/4.1.2 (java windows)
Content-Length: 621
Content-Type: application/json; charset=utf-8
host: localhost:58640
accept: */*

Response DefaultHttpResponse(decodeResult: success, version: HTTP/1.1)
HTTP/1.1 200 OK
Content-Type: application/json; charset=utf-8
cache-control: no-cache
content-length: 788

16:27:53.490 [AsyncHttpClient-1-5] DEBUG org.asynchttpclient.netty.channel.ChannelManager - Adding key: http://localhost:58640 for channel [id: 0x5acf3d49, L:/127.0.0.1:50233 - R:localhost/127.0.0.1:58640]
16:27:53.508 [AsyncHttpClient-1-6] DEBUG org.asynchttpclient.netty.channel.NettyConnectListener - Using new Channel '[id: 0x8a0a0951, L:/127.0.0.1:50246 - R:localhost/127.0.0.1:50238]' for 'GET' to '/json/version'
16:27:53.523 [AsyncHttpClient-1-6] DEBUG org.asynchttpclient.netty.handler.HttpHandler - 

Request DefaultFullHttpRequest(decodeResult: success, version: HTTP/1.1, content: EmptyByteBufBE)
GET /json/version HTTP/1.1
User-Agent: selenium/4.1.2 (java windows)
host: localhost:50238
accept: */*

Response DefaultHttpResponse(decodeResult: success, version: HTTP/1.1)
HTTP/1.1 200 OK
Content-Type: application/json; charset=UTF-8
content-length: 427

16:27:53.523 [AsyncHttpClient-1-6] DEBUG org.asynchttpclient.netty.channel.ChannelManager - Adding key: http://localhost:50238 for channel [id: 0x8a0a0951, L:/127.0.0.1:50246 - R:localhost/127.0.0.1:50238]
16:27:53.528 [AsyncHttpClient-1-7] DEBUG org.asynchttpclient.netty.channel.NettyConnectListener - Using new Channel '[id: 0x1fdd51f3, L:/127.0.0.1:50247 - R:localhost/127.0.0.1:50238]' for 'GET' to '/devtools/browser/66cc291a-7253-40b5-a7fb-4f8dcf3209e9'
16:27:53.540 [AsyncHttpClient-1-7] DEBUG org.asynchttpclient.netty.handler.WebSocketHandler - 

Request DefaultFullHttpRequest(decodeResult: success, version: HTTP/1.1, content: EmptyByteBufBE)
GET /devtools/browser/66cc291a-7253-40b5-a7fb-4f8dcf3209e9 HTTP/1.1
upgrade: websocket
connection: upgrade
sec-websocket-key: 6PmHuROmveT/qV0eJxKhUw==
sec-websocket-version: 13
origin: http://localhost:50238
host: localhost:50238
accept: */*
user-agent: AHC/2.1

Response DefaultHttpResponse(decodeResult: success, version: HTTP/1.1)
HTTP/1.1 101 WebSocket Protocol Handshake
Upgrade: WebSocket
Connection: Upgrade
Sec-WebSocket-Accept: gyzPVvwS1RfS7IQNtVYaEWIyk4M=

16:27:53.549 [Forwarding maximizeCurrentWindow on session 01cd599b7beaf9f5defecda95a232d2d to remote] DEBUG org.asynchttpclient.netty.request.NettyRequestSender - Using pooled Channel '[id: 0x5acf3d49, L:/127.0.0.1:50233 - R:localhost/127.0.0.1:58640]' for 'POST' to 'http://localhost:58640/session/01cd599b7beaf9f5defecda95a232d2d/window/maximize'
16:27:53.549 [Forwarding maximizeCurrentWindow on session 01cd599b7beaf9f5defecda95a232d2d to remote] DEBUG org.asynchttpclient.netty.request.NettyRequestSender - Using open Channel [id: 0x5acf3d49, L:/127.0.0.1:50233 - R:localhost/127.0.0.1:58640] for POST '/session/01cd599b7beaf9f5defecda95a232d2d/window/maximize'
16:27:53.762 [AsyncHttpClient-1-5] DEBUG org.asynchttpclient.netty.handler.HttpHandler - 

Request DefaultHttpRequest(decodeResult: success, version: HTTP/1.1)
POST /session/01cd599b7beaf9f5defecda95a232d2d/window/maximize HTTP/1.1
User-Agent: selenium/4.1.2 (java windows)
Content-Length: 3
Content-Type: application/json; charset=utf-8
host: localhost:58640
accept: */*

Response DefaultHttpResponse(decodeResult: success, version: HTTP/1.1)
HTTP/1.1 200 OK
Content-Type: application/json; charset=utf-8
cache-control: no-cache
content-length: 51

16:27:53.763 [AsyncHttpClient-1-5] DEBUG org.asynchttpclient.netty.channel.ChannelManager - Adding key: http://localhost:58640 for channel [id: 0x5acf3d49, L:/127.0.0.1:50233 - R:localhost/127.0.0.1:58640]
16:27:53.770 [Forwarding get on session 01cd599b7beaf9f5defecda95a232d2d to remote] DEBUG org.asynchttpclient.netty.request.NettyRequestSender - Using pooled Channel '[id: 0x5acf3d49, L:/127.0.0.1:50233 - R:localhost/127.0.0.1:58640]' for 'POST' to 'http://localhost:58640/session/01cd599b7beaf9f5defecda95a232d2d/url'
16:27:53.770 [Forwarding get on session 01cd599b7beaf9f5defecda95a232d2d to remote] DEBUG org.asynchttpclient.netty.request.NettyRequestSender - Using open Channel [id: 0x5acf3d49, L:/127.0.0.1:50233 - R:localhost/127.0.0.1:58640] for POST '/session/01cd599b7beaf9f5defecda95a232d2d/url'
16:27:54.437 [AsyncHttpClient-1-1] DEBUG org.asynchttpclient.netty.channel.DefaultChannelPool - Entry count for : http://localhost:50238 : 1
16:27:55.537 [AsyncHttpClient-1-1] DEBUG org.asynchttpclient.netty.channel.DefaultChannelPool - Entry count for : http://localhost:50238 : 1
16:27:56.637 [AsyncHttpClient-1-1] DEBUG org.asynchttpclient.netty.channel.DefaultChannelPool - Entry count for : http://localhost:50238 : 1
16:27:56.845 [AsyncHttpClient-1-5] DEBUG org.asynchttpclient.netty.handler.HttpHandler - 

Request DefaultHttpRequest(decodeResult: success, version: HTTP/1.1)
POST /session/01cd599b7beaf9f5defecda95a232d2d/url HTTP/1.1
User-Agent: selenium/4.1.2 (java windows)
Content-Length: 65
Content-Type: application/json; charset=utf-8
host: localhost:58640
accept: */*

Response DefaultHttpResponse(decodeResult: success, version: HTTP/1.1)
HTTP/1.1 200 OK
Content-Type: application/json; charset=utf-8
cache-control: no-cache
content-length: 14

16:27:56.846 [AsyncHttpClient-1-5] DEBUG org.asynchttpclient.netty.channel.ChannelManager - Adding key: http://localhost:58640 for channel [id: 0x5acf3d49, L:/127.0.0.1:50233 - R:localhost/127.0.0.1:58640]
16:27:56.850 [Forwarding setTimeout on session 01cd599b7beaf9f5defecda95a232d2d to remote] DEBUG org.asynchttpclient.netty.request.NettyRequestSender - Using pooled Channel '[id: 0x5acf3d49, L:/127.0.0.1:50233 - R:localhost/127.0.0.1:58640]' for 'POST' to 'http://localhost:58640/session/01cd599b7beaf9f5defecda95a232d2d/timeouts'
16:27:56.850 [Forwarding setTimeout on session 01cd599b7beaf9f5defecda95a232d2d to remote] DEBUG org.asynchttpclient.netty.request.NettyRequestSender - Using open Channel [id: 0x5acf3d49, L:/127.0.0.1:50233 - R:localhost/127.0.0.1:58640] for POST '/session/01cd599b7beaf9f5defecda95a232d2d/timeouts'
16:27:56.852 [AsyncHttpClient-1-5] DEBUG org.asynchttpclient.netty.handler.HttpHandler - 

Request DefaultHttpRequest(decodeResult: success, version: HTTP/1.1)
POST /session/01cd599b7beaf9f5defecda95a232d2d/timeouts HTTP/1.1
User-Agent: selenium/4.1.2 (java windows)
Content-Length: 22
Content-Type: application/json; charset=utf-8
host: localhost:58640
accept: */*

Response DefaultHttpResponse(decodeResult: success, version: HTTP/1.1)
HTTP/1.1 200 OK
Content-Type: application/json; charset=utf-8
cache-control: no-cache
content-length: 14

16:27:56.852 [AsyncHttpClient-1-5] DEBUG org.asynchttpclient.netty.channel.ChannelManager - Adding key: http://localhost:58640 for channel [id: 0x5acf3d49, L:/127.0.0.1:50233 - R:localhost/127.0.0.1:58640]
16:27:56.861 [Forwarding getCurrentUrl on session 01cd599b7beaf9f5defecda95a232d2d to remote] DEBUG org.asynchttpclient.netty.request.NettyRequestSender - Using pooled Channel '[id: 0x5acf3d49, L:/127.0.0.1:50233 - R:localhost/127.0.0.1:58640]' for 'GET' to 'http://localhost:58640/session/01cd599b7beaf9f5defecda95a232d2d/url'
16:27:56.861 [Forwarding getCurrentUrl on session 01cd599b7beaf9f5defecda95a232d2d to remote] DEBUG org.asynchttpclient.netty.request.NettyRequestSender - Using open Channel [id: 0x5acf3d49, L:/127.0.0.1:50233 - R:localhost/127.0.0.1:58640] for GET '/session/01cd599b7beaf9f5defecda95a232d2d/url'
16:27:57.738 [AsyncHttpClient-1-1] DEBUG org.asynchttpclient.netty.channel.DefaultChannelPool - Entry count for : http://localhost:50238 : 1
16:27:57.766 [AsyncHttpClient-1-5] DEBUG org.asynchttpclient.netty.handler.HttpHandler - 

Request DefaultFullHttpRequest(decodeResult: success, version: HTTP/1.1, content: EmptyByteBufBE)
GET /session/01cd599b7beaf9f5defecda95a232d2d/url HTTP/1.1
User-Agent: selenium/4.1.2 (java windows)
Cache-Control: no-cache
Content-Type: application/json; charset=utf-8
host: localhost:58640
accept: */*

Response DefaultHttpResponse(decodeResult: success, version: HTTP/1.1)
HTTP/1.1 200 OK
Content-Type: application/json; charset=utf-8
cache-control: no-cache
content-length: 53

16:27:57.766 [AsyncHttpClient-1-5] DEBUG org.asynchttpclient.netty.channel.ChannelManager - Adding key: http://localhost:58640 for channel [id: 0x5acf3d49, L:/127.0.0.1:50233 - R:localhost/127.0.0.1:58640]
16:27:57.772 [Forwarding getCurrentUrl on session 01cd599b7beaf9f5defecda95a232d2d to remote] DEBUG org.asynchttpclient.netty.request.NettyRequestSender - Using pooled Channel '[id: 0x5acf3d49, L:/127.0.0.1:50233 - R:localhost/127.0.0.1:58640]' for 'GET' to 'http://localhost:58640/session/01cd599b7beaf9f5defecda95a232d2d/url'
16:27:57.772 [Forwarding getCurrentUrl on session 01cd599b7beaf9f5defecda95a232d2d to remote] DEBUG org.asynchttpclient.netty.request.NettyRequestSender - Using open Channel [id: 0x5acf3d49, L:/127.0.0.1:50233 - R:localhost/127.0.0.1:58640] for GET '/session/01cd599b7beaf9f5defecda95a232d2d/url'
16:27:57.779 [AsyncHttpClient-1-5] DEBUG org.asynchttpclient.netty.handler.HttpHandler - 

Request DefaultFullHttpRequest(decodeResult: success, version: HTTP/1.1, content: EmptyByteBufBE)
GET /session/01cd599b7beaf9f5defecda95a232d2d/url HTTP/1.1
User-Agent: selenium/4.1.2 (java windows)
Cache-Control: no-cache
Content-Type: application/json; charset=utf-8
host: localhost:58640
accept: */*

Response DefaultHttpResponse(decodeResult: success, version: HTTP/1.1)
HTTP/1.1 200 OK
Content-Type: application/json; charset=utf-8
cache-control: no-cache
content-length: 53

16:27:57.780 [AsyncHttpClient-1-5] DEBUG org.asynchttpclient.netty.channel.ChannelManager - Adding key: http://localhost:58640 for channel [id: 0x5acf3d49, L:/127.0.0.1:50233 - R:localhost/127.0.0.1:58640]
16:27:57.792 [Forwarding screenshot on session 01cd599b7beaf9f5defecda95a232d2d to remote] DEBUG org.asynchttpclient.netty.request.NettyRequestSender - Using pooled Channel '[id: 0x5acf3d49, L:/127.0.0.1:50233 - R:localhost/127.0.0.1:58640]' for 'GET' to 'http://localhost:58640/session/01cd599b7beaf9f5defecda95a232d2d/screenshot'
16:27:57.793 [Forwarding screenshot on session 01cd599b7beaf9f5defecda95a232d2d to remote] DEBUG org.asynchttpclient.netty.request.NettyRequestSender - Using open Channel [id: 0x5acf3d49, L:/127.0.0.1:50233 - R:localhost/127.0.0.1:58640] for GET '/session/01cd599b7beaf9f5defecda95a232d2d/screenshot'
16:27:58.798 [AsyncHttpClient-1-5] DEBUG org.asynchttpclient.netty.handler.HttpHandler - 

Request DefaultFullHttpRequest(decodeResult: success, version: HTTP/1.1, content: EmptyByteBufBE)
GET /session/01cd599b7beaf9f5defecda95a232d2d/screenshot HTTP/1.1
User-Agent: selenium/4.1.2 (java windows)
Cache-Control: no-cache
Content-Type: application/json; charset=utf-8
host: localhost:58640
accept: */*

Response DefaultHttpResponse(decodeResult: success, version: HTTP/1.1)
HTTP/1.1 200 OK
Content-Type: application/json; charset=utf-8
cache-control: no-cache
content-length: 382596

16:27:58.805 [AsyncHttpClient-1-5] DEBUG org.asynchttpclient.netty.channel.ChannelManager - Adding key: http://localhost:58640 for channel [id: 0x5acf3d49, L:/127.0.0.1:50233 - R:localhost/127.0.0.1:58640]
16:27:58.832 [main] DEBUG net.serenitybdd.core.photography.Darkroom - Send negative for processing for target\site\serenity\ed15a54c91c342d96a850276df7b559f4526b370fc93040e3c407a48a170f368.png
16:27:58.832 [main] DEBUG net.thucydides.core.steps.StepInterceptor - STEP DONE: openUrl
16:27:58.832 [Darkroom Processing Line] DEBUG net.serenitybdd.core.photography.DarkroomProcessingLine - Processing screenshot image in /var/screenshots/screenshot-6499464597217581697
16:27:58.833 [Darkroom Processing Line] DEBUG net.serenitybdd.core.photography.DarkroomProcessingLine - Saving screenshot to target\site\serenity\ed15a54c91c342d96a850276df7b559f4526b370fc93040e3c407a48a170f368.png
16:27:58.838 [AsyncHttpClient-1-1] DEBUG org.asynchttpclient.netty.channel.DefaultChannelPool - Entry count for : http://localhost:50238 : 1
16:27:58.838 [AsyncHttpClient-1-1] DEBUG org.asynchttpclient.netty.channel.DefaultChannelPool - Entry count for : http://localhost:58640 : 1
16:27:58.844 [main] DEBUG net.thucydides.core.steps.StepInterceptor - STARTING STEP: DashboardSteps.iAmOnTheDashboardPage - validateOnDashboardPage
16:27:58.847 [Forwarding findElement on session 01cd599b7beaf9f5defecda95a232d2d to remote] DEBUG org.asynchttpclient.netty.request.NettyRequestSender - Using pooled Channel '[id: 0x5acf3d49, L:/127.0.0.1:50233 - R:localhost/127.0.0.1:58640]' for 'POST' to 'http://localhost:58640/session/01cd599b7beaf9f5defecda95a232d2d/element'
16:27:58.847 [Forwarding findElement on session 01cd599b7beaf9f5defecda95a232d2d to remote] DEBUG org.asynchttpclient.netty.request.NettyRequestSender - Using open Channel [id: 0x5acf3d49, L:/127.0.0.1:50233 - R:localhost/127.0.0.1:58640] for POST '/session/01cd599b7beaf9f5defecda95a232d2d/element'
16:27:59.110 [AsyncHttpClient-1-5] DEBUG org.asynchttpclient.netty.handler.HttpHandler - 

Request DefaultHttpRequest(decodeResult: success, version: HTTP/1.1)
POST /session/01cd599b7beaf9f5defecda95a232d2d/element HTTP/1.1
User-Agent: selenium/4.1.2 (java windows)
Content-Length: 81
Content-Type: application/json; charset=utf-8
host: localhost:58640
accept: */*

Response DefaultHttpResponse(decodeResult: success, version: HTTP/1.1)
HTTP/1.1 200 OK
Content-Type: application/json; charset=utf-8
cache-control: no-cache
content-length: 88

16:27:59.111 [AsyncHttpClient-1-5] DEBUG org.asynchttpclient.netty.channel.ChannelManager - Adding key: http://localhost:58640 for channel [id: 0x5acf3d49, L:/127.0.0.1:50233 - R:localhost/127.0.0.1:58640]
16:27:59.120 [Forwarding isElementDisplayed on session 01cd599b7beaf9f5defecda95a232d2d to remote] DEBUG org.asynchttpclient.netty.request.NettyRequestSender - Using pooled Channel '[id: 0x5acf3d49, L:/127.0.0.1:50233 - R:localhost/127.0.0.1:58640]' for 'POST' to 'http://localhost:58640/session/01cd599b7beaf9f5defecda95a232d2d/execute/sync'
16:27:59.120 [Forwarding isElementDisplayed on session 01cd599b7beaf9f5defecda95a232d2d to remote] DEBUG org.asynchttpclient.netty.request.NettyRequestSender - Using open Channel [id: 0x5acf3d49, L:/127.0.0.1:50233 - R:localhost/127.0.0.1:58640] for POST '/session/01cd599b7beaf9f5defecda95a232d2d/execute/sync'
16:27:59.332 [AsyncHttpClient-1-5] DEBUG org.asynchttpclient.netty.handler.HttpHandler - 

Request DefaultHttpRequest(decodeResult: success, version: HTTP/1.1)
POST /session/01cd599b7beaf9f5defecda95a232d2d/execute/sync HTTP/1.1
User-Agent: selenium/4.1.2 (java windows)
Content-Length: 48780
Content-Type: application/json; charset=utf-8
host: localhost:58640
accept: */*

Response DefaultHttpResponse(decodeResult: success, version: HTTP/1.1)
HTTP/1.1 200 OK
Content-Type: application/json; charset=utf-8
cache-control: no-cache
content-length: 14

16:27:59.333 [AsyncHttpClient-1-5] DEBUG org.asynchttpclient.netty.channel.ChannelManager - Adding key: http://localhost:58640 for channel [id: 0x5acf3d49, L:/127.0.0.1:50233 - R:localhost/127.0.0.1:58640]
16:27:59.350 [Forwarding screenshot on session 01cd599b7beaf9f5defecda95a232d2d to remote] DEBUG org.asynchttpclient.netty.request.NettyRequestSender - Using pooled Channel '[id: 0x5acf3d49, L:/127.0.0.1:50233 - R:localhost/127.0.0.1:58640]' for 'GET' to 'http://localhost:58640/session/01cd599b7beaf9f5defecda95a232d2d/screenshot'
16:27:59.350 [Forwarding screenshot on session 01cd599b7beaf9f5defecda95a232d2d to remote] DEBUG org.asynchttpclient.netty.request.NettyRequestSender - Using open Channel [id: 0x5acf3d49, L:/127.0.0.1:50233 - R:localhost/127.0.0.1:58640] for GET '/session/01cd599b7beaf9f5defecda95a232d2d/screenshot'
16:27:59.699 [AsyncHttpClient-1-5] DEBUG org.asynchttpclient.netty.handler.HttpHandler - 

Request DefaultFullHttpRequest(decodeResult: success, version: HTTP/1.1, content: EmptyByteBufBE)
GET /session/01cd599b7beaf9f5defecda95a232d2d/screenshot HTTP/1.1
User-Agent: selenium/4.1.2 (java windows)
Cache-Control: no-cache
Content-Type: application/json; charset=utf-8
host: localhost:58640
accept: */*

Response DefaultHttpResponse(decodeResult: success, version: HTTP/1.1)
HTTP/1.1 200 OK
Content-Type: application/json; charset=utf-8
cache-control: no-cache
content-length: 382596

16:27:59.705 [AsyncHttpClient-1-5] DEBUG org.asynchttpclient.netty.channel.ChannelManager - Adding key: http://localhost:58640 for channel [id: 0x5acf3d49, L:/127.0.0.1:50233 - R:localhost/127.0.0.1:58640]
16:27:59.818 [main] DEBUG net.serenitybdd.core.photography.Darkroom - Send negative for processing for target\site\serenity\ed15a54c91c342d96a850276df7b559f4526b370fc93040e3c407a48a170f368.png
16:27:59.818 [main] DEBUG net.thucydides.core.steps.StepInterceptor - STEP DONE: validateOnDashboardPage
  &amp#27;[32mGiven &amp#27;[0m&amp#27;[32mI am on the dashboard page&amp#27;[0m                                  &amp#27;[90m# starter.stepdefinitions.DashboardSteps.iAmOnTheDashboardPage()&amp#27;[0m
16:27:59.893 [Forwarding screenshot on session 01cd599b7beaf9f5defecda95a232d2d to remote] DEBUG org.asynchttpclient.netty.request.NettyRequestSender - Using pooled Channel '[id: 0x5acf3d49, L:/127.0.0.1:50233 - R:localhost/127.0.0.1:58640]' for 'GET' to 'http://localhost:58640/session/01cd599b7beaf9f5defecda95a232d2d/screenshot'
16:27:59.893 [Forwarding screenshot on session 01cd599b7beaf9f5defecda95a232d2d to remote] DEBUG org.asynchttpclient.netty.request.NettyRequestSender - Using open Channel [id: 0x5acf3d49, L:/127.0.0.1:50233 - R:localhost/127.0.0.1:58640] for GET '/session/01cd599b7beaf9f5defecda95a232d2d/screenshot'
16:27:59.938 [AsyncHttpClient-1-1] DEBUG org.asynchttpclient.netty.channel.DefaultChannelPool - Entry count for : http://localhost:50238 : 1
16:28:00.668 [AsyncHttpClient-1-5] DEBUG org.asynchttpclient.netty.handler.HttpHandler - 

Request DefaultFullHttpRequest(decodeResult: success, version: HTTP/1.1, content: EmptyByteBufBE)
GET /session/01cd599b7beaf9f5defecda95a232d2d/screenshot HTTP/1.1
User-Agent: selenium/4.1.2 (java windows)
Cache-Control: no-cache
Content-Type: application/json; charset=utf-8
host: localhost:58640
accept: */*

Response DefaultHttpResponse(decodeResult: success, version: HTTP/1.1)
HTTP/1.1 200 OK
Content-Type: application/json; charset=utf-8
cache-control: no-cache
content-length: 351816

16:28:00.674 [AsyncHttpClient-1-5] DEBUG org.asynchttpclient.netty.channel.ChannelManager - Adding key: http://localhost:58640 for channel [id: 0x5acf3d49, L:/127.0.0.1:50233 - R:localhost/127.0.0.1:58640]
16:28:00.701 [main] DEBUG net.serenitybdd.core.photography.Darkroom - Send negative for processing for target\site\serenity\20277f1d76f1b925628464fcd1ece5de77a814679d1be3fdcf836a7ddadfed60.png
16:28:00.701 [main] DEBUG net.thucydides.core.steps.StepInterceptor - STARTING STEP: AppointmentSteps.iClickMenuAppointment - clickMenuAppointmentButton
16:28:00.705 [Forwarding findElement on session 01cd599b7beaf9f5defecda95a232d2d to remote] DEBUG org.asynchttpclient.netty.request.NettyRequestSender - Using pooled Channel '[id: 0x5acf3d49, L:/127.0.0.1:50233 - R:localhost/127.0.0.1:58640]' for 'POST' to 'http://localhost:58640/session/01cd599b7beaf9f5defecda95a232d2d/element'
16:28:00.705 [Forwarding findElement on session 01cd599b7beaf9f5defecda95a232d2d to remote] DEBUG org.asynchttpclient.netty.request.NettyRequestSender - Using open Channel [id: 0x5acf3d49, L:/127.0.0.1:50233 - R:localhost/127.0.0.1:58640] for POST '/session/01cd599b7beaf9f5defecda95a232d2d/element'
16:28:01.037 [AsyncHttpClient-1-1] DEBUG org.asynchttpclient.netty.channel.DefaultChannelPool - Entry count for : http://localhost:50238 : 1
16:28:01.732 [AsyncHttpClient-1-5] DEBUG org.asynchttpclient.netty.handler.HttpHandler - 

Request DefaultHttpRequest(decodeResult: success, version: HTTP/1.1)
POST /session/01cd599b7beaf9f5defecda95a232d2d/element HTTP/1.1
User-Agent: selenium/4.1.2 (java windows)
Content-Length: 84
Content-Type: application/json; charset=utf-8
host: localhost:58640
accept: */*

Response DefaultHttpResponse(decodeResult: success, version: HTTP/1.1)
HTTP/1.1 200 OK
Content-Type: application/json; charset=utf-8
cache-control: no-cache
content-length: 88

16:28:01.733 [AsyncHttpClient-1-5] DEBUG org.asynchttpclient.netty.channel.ChannelManager - Adding key: http://localhost:58640 for channel [id: 0x5acf3d49, L:/127.0.0.1:50233 - R:localhost/127.0.0.1:58640]
16:28:01.743 [Forwarding getElementTagName on session 01cd599b7beaf9f5defecda95a232d2d to remote] DEBUG org.asynchttpclient.netty.request.NettyRequestSender - Using pooled Channel '[id: 0x5acf3d49, L:/127.0.0.1:50233 - R:localhost/127.0.0.1:58640]' for 'GET' to 'http://localhost:58640/session/01cd599b7beaf9f5defecda95a232d2d/element/3828b02b-48e1-425c-b311-5d410d853b56/name'
16:28:01.744 [Forwarding getElementTagName on session 01cd599b7beaf9f5defecda95a232d2d to remote] DEBUG org.asynchttpclient.netty.request.NettyRequestSender - Using open Channel [id: 0x5acf3d49, L:/127.0.0.1:50233 - R:localhost/127.0.0.1:58640] for GET '/session/01cd599b7beaf9f5defecda95a232d2d/element/3828b02b-48e1-425c-b311-5d410d853b56/name'
16:28:02.137 [AsyncHttpClient-1-1] DEBUG org.asynchttpclient.netty.channel.DefaultChannelPool - Entry count for : http://localhost:50238 : 1
16:28:03.239 [AsyncHttpClient-1-1] DEBUG org.asynchttpclient.netty.channel.DefaultChannelPool - Entry count for : http://localhost:50238 : 1
16:28:03.268 [AsyncHttpClient-1-5] DEBUG org.asynchttpclient.netty.handler.HttpHandler - 

Request DefaultFullHttpRequest(decodeResult: success, version: HTTP/1.1, content: EmptyByteBufBE)
GET /session/01cd599b7beaf9f5defecda95a232d2d/element/3828b02b-48e1-425c-b311-5d410d853b56/name HTTP/1.1
User-Agent: selenium/4.1.2 (java windows)
Cache-Control: no-cache
Content-Type: application/json; charset=utf-8
host: localhost:58640
accept: */*

Response DefaultHttpResponse(decodeResult: success, version: HTTP/1.1)
HTTP/1.1 200 OK
Content-Type: application/json; charset=utf-8
cache-control: no-cache
content-length: 15

16:28:03.269 [AsyncHttpClient-1-5] DEBUG org.asynchttpclient.netty.channel.ChannelManager - Adding key: http://localhost:58640 for channel [id: 0x5acf3d49, L:/127.0.0.1:50233 - R:localhost/127.0.0.1:58640]
16:28:03.276 [Forwarding getElementTagName on session 01cd599b7beaf9f5defecda95a232d2d to remote] DEBUG org.asynchttpclient.netty.request.NettyRequestSender - Using pooled Channel '[id: 0x5acf3d49, L:/127.0.0.1:50233 - R:localhost/127.0.0.1:58640]' for 'GET' to 'http://localhost:58640/session/01cd599b7beaf9f5defecda95a232d2d/element/3828b02b-48e1-425c-b311-5d410d853b56/name'
16:28:03.276 [Forwarding getElementTagName on session 01cd599b7beaf9f5defecda95a232d2d to remote] DEBUG org.asynchttpclient.netty.request.NettyRequestSender - Using open Channel [id: 0x5acf3d49, L:/127.0.0.1:50233 - R:localhost/127.0.0.1:58640] for GET '/session/01cd599b7beaf9f5defecda95a232d2d/element/3828b02b-48e1-425c-b311-5d410d853b56/name'
16:28:03.438 [AsyncHttpClient-1-5] DEBUG org.asynchttpclient.netty.handler.HttpHandler - 

Request DefaultFullHttpRequest(decodeResult: success, version: HTTP/1.1, content: EmptyByteBufBE)
GET /session/01cd599b7beaf9f5defecda95a232d2d/element/3828b02b-48e1-425c-b311-5d410d853b56/name HTTP/1.1
User-Agent: selenium/4.1.2 (java windows)
Cache-Control: no-cache
Content-Type: application/json; charset=utf-8
host: localhost:58640
accept: */*

Response DefaultHttpResponse(decodeResult: success, version: HTTP/1.1)
HTTP/1.1 200 OK
Content-Type: application/json; charset=utf-8
cache-control: no-cache
content-length: 15

16:28:03.439 [AsyncHttpClient-1-5] DEBUG org.asynchttpclient.netty.channel.ChannelManager - Adding key: http://localhost:58640 for channel [id: 0x5acf3d49, L:/127.0.0.1:50233 - R:localhost/127.0.0.1:58640]
16:28:03.447 [Forwarding findElement on session 01cd599b7beaf9f5defecda95a232d2d to remote] DEBUG org.asynchttpclient.netty.request.NettyRequestSender - Using pooled Channel '[id: 0x5acf3d49, L:/127.0.0.1:50233 - R:localhost/127.0.0.1:58640]' for 'POST' to 'http://localhost:58640/session/01cd599b7beaf9f5defecda95a232d2d/element'
16:28:03.447 [Forwarding findElement on session 01cd599b7beaf9f5defecda95a232d2d to remote] DEBUG org.asynchttpclient.netty.request.NettyRequestSender - Using open Channel [id: 0x5acf3d49, L:/127.0.0.1:50233 - R:localhost/127.0.0.1:58640] for POST '/session/01cd599b7beaf9f5defecda95a232d2d/element'
16:28:03.480 [AsyncHttpClient-1-5] DEBUG org.asynchttpclient.netty.handler.HttpHandler - 

Request DefaultHttpRequest(decodeResult: success, version: HTTP/1.1)
POST /session/01cd599b7beaf9f5defecda95a232d2d/element HTTP/1.1
User-Agent: selenium/4.1.2 (java windows)
Content-Length: 84
Content-Type: application/json; charset=utf-8
host: localhost:58640
accept: */*

Response DefaultHttpResponse(decodeResult: success, version: HTTP/1.1)
HTTP/1.1 200 OK
Content-Type: application/json; charset=utf-8
cache-control: no-cache
content-length: 88

16:28:03.481 [AsyncHttpClient-1-5] DEBUG org.asynchttpclient.netty.channel.ChannelManager - Adding key: http://localhost:58640 for channel [id: 0x5acf3d49, L:/127.0.0.1:50233 - R:localhost/127.0.0.1:58640]
16:28:03.485 [Forwarding clickElement on session 01cd599b7beaf9f5defecda95a232d2d to remote] DEBUG org.asynchttpclient.netty.request.NettyRequestSender - Using pooled Channel '[id: 0x5acf3d49, L:/127.0.0.1:50233 - R:localhost/127.0.0.1:58640]' for 'POST' to 'http://localhost:58640/session/01cd599b7beaf9f5defecda95a232d2d/element/3828b02b-48e1-425c-b311-5d410d853b56/click'
16:28:03.485 [Forwarding clickElement on session 01cd599b7beaf9f5defecda95a232d2d to remote] DEBUG org.asynchttpclient.netty.request.NettyRequestSender - Using open Channel [id: 0x5acf3d49, L:/127.0.0.1:50233 - R:localhost/127.0.0.1:58640] for POST '/session/01cd599b7beaf9f5defecda95a232d2d/element/3828b02b-48e1-425c-b311-5d410d853b56/click'
16:28:04.338 [AsyncHttpClient-1-1] DEBUG org.asynchttpclient.netty.channel.DefaultChannelPool - Entry count for : http://localhost:50238 : 1
16:28:05.323 [AsyncHttpClient-1-5] DEBUG org.asynchttpclient.netty.handler.HttpHandler - 

Request DefaultHttpRequest(decodeResult: success, version: HTTP/1.1)
POST /session/01cd599b7beaf9f5defecda95a232d2d/element/3828b02b-48e1-425c-b311-5d410d853b56/click HTTP/1.1
User-Agent: selenium/4.1.2 (java windows)
Content-Length: 50
Content-Type: application/json; charset=utf-8
host: localhost:58640
accept: */*

Response DefaultHttpResponse(decodeResult: success, version: HTTP/1.1)
HTTP/1.1 200 OK
Content-Type: application/json; charset=utf-8
cache-control: no-cache
content-length: 14

16:28:05.324 [AsyncHttpClient-1-5] DEBUG org.asynchttpclient.netty.channel.ChannelManager - Adding key: http://localhost:58640 for channel [id: 0x5acf3d49, L:/127.0.0.1:50233 - R:localhost/127.0.0.1:58640]
16:28:05.348 [Forwarding screenshot on session 01cd599b7beaf9f5defecda95a232d2d to remote] DEBUG org.asynchttpclient.netty.request.NettyRequestSender - Using pooled Channel '[id: 0x5acf3d49, L:/127.0.0.1:50233 - R:localhost/127.0.0.1:58640]' for 'GET' to 'http://localhost:58640/session/01cd599b7beaf9f5defecda95a232d2d/screenshot'
16:28:05.348 [Forwarding screenshot on session 01cd599b7beaf9f5defecda95a232d2d to remote] DEBUG org.asynchttpclient.netty.request.NettyRequestSender - Using open Channel [id: 0x5acf3d49, L:/127.0.0.1:50233 - R:localhost/127.0.0.1:58640] for GET '/session/01cd599b7beaf9f5defecda95a232d2d/screenshot'
16:28:05.438 [AsyncHttpClient-1-1] DEBUG org.asynchttpclient.netty.channel.DefaultChannelPool - Entry count for : http://localhost:50238 : 1
16:28:05.678 [AsyncHttpClient-1-5] DEBUG org.asynchttpclient.netty.handler.HttpHandler - 

Request DefaultFullHttpRequest(decodeResult: success, version: HTTP/1.1, content: EmptyByteBufBE)
GET /session/01cd599b7beaf9f5defecda95a232d2d/screenshot HTTP/1.1
User-Agent: selenium/4.1.2 (java windows)
Cache-Control: no-cache
Content-Type: application/json; charset=utf-8
host: localhost:58640
accept: */*

Response DefaultHttpResponse(decodeResult: success, version: HTTP/1.1)
HTTP/1.1 200 OK
Content-Type: application/json; charset=utf-8
cache-control: no-cache
content-length: 77864

16:28:05.678 [AsyncHttpClient-1-5] DEBUG org.asynchttpclient.netty.channel.ChannelManager - Adding key: http://localhost:58640 for channel [id: 0x5acf3d49, L:/127.0.0.1:50233 - R:localhost/127.0.0.1:58640]
16:28:05.685 [main] DEBUG net.serenitybdd.core.photography.Darkroom - Send negative for processing for target\site\serenity\1f121c84ac5ed486a34b6564ef548c7a63c0810ba65b369a172b58667ec6d336.png
16:28:05.685 [main] DEBUG net.thucydides.core.steps.StepInterceptor - STEP DONE: clickMenuAppointmentButton
16:28:05.686 [Darkroom Processing Line] DEBUG net.serenitybdd.core.photography.DarkroomProcessingLine - Processing screenshot image in /var/screenshots/screenshot-5219958154447236598
16:28:05.686 [Darkroom Processing Line] DEBUG net.serenitybdd.core.photography.DarkroomProcessingLine - Saving screenshot to target\site\serenity\1f121c84ac5ed486a34b6564ef548c7a63c0810ba65b369a172b58667ec6d336.png
  &amp#27;[32mAnd &amp#27;[0m&amp#27;[32mI click menu Appointment&amp#27;[0m                                      &amp#27;[90m# starter.stepdefinitions.AppointmentSteps.iClickMenuAppointment()&amp#27;[0m
16:28:05.706 [main] DEBUG net.thucydides.core.steps.StepInterceptor - STARTING STEP: AppointmentSteps.iClickAddNewAppointment - clickAddNewAppointmentButton
16:28:05.712 [Forwarding findElement on session 01cd599b7beaf9f5defecda95a232d2d to remote] DEBUG org.asynchttpclient.netty.request.NettyRequestSender - Using pooled Channel '[id: 0x5acf3d49, L:/127.0.0.1:50233 - R:localhost/127.0.0.1:58640]' for 'POST' to 'http://localhost:58640/session/01cd599b7beaf9f5defecda95a232d2d/element'
16:28:05.712 [Forwarding findElement on session 01cd599b7beaf9f5defecda95a232d2d to remote] DEBUG org.asynchttpclient.netty.request.NettyRequestSender - Using open Channel [id: 0x5acf3d49, L:/127.0.0.1:50233 - R:localhost/127.0.0.1:58640] for POST '/session/01cd599b7beaf9f5defecda95a232d2d/element'
16:28:05.733 [AsyncHttpClient-1-5] DEBUG org.asynchttpclient.netty.handler.HttpHandler - 

Request DefaultHttpRequest(decodeResult: success, version: HTTP/1.1)
POST /session/01cd599b7beaf9f5defecda95a232d2d/element HTTP/1.1
User-Agent: selenium/4.1.2 (java windows)
Content-Length: 149
Content-Type: application/json; charset=utf-8
host: localhost:58640
accept: */*

Response DefaultHttpResponse(decodeResult: success, version: HTTP/1.1)
HTTP/1.1 200 OK
Content-Type: application/json; charset=utf-8
cache-control: no-cache
content-length: 88

16:28:05.733 [AsyncHttpClient-1-5] DEBUG org.asynchttpclient.netty.channel.ChannelManager - Adding key: http://localhost:58640 for channel [id: 0x5acf3d49, L:/127.0.0.1:50233 - R:localhost/127.0.0.1:58640]
16:28:05.735 [Forwarding getElementTagName on session 01cd599b7beaf9f5defecda95a232d2d to remote] DEBUG org.asynchttpclient.netty.request.NettyRequestSender - Using pooled Channel '[id: 0x5acf3d49, L:/127.0.0.1:50233 - R:localhost/127.0.0.1:58640]' for 'GET' to 'http://localhost:58640/session/01cd599b7beaf9f5defecda95a232d2d/element/fb3a2681-28e7-4719-a332-20bc8e2bdbc1/name'
16:28:05.735 [Forwarding getElementTagName on session 01cd599b7beaf9f5defecda95a232d2d to remote] DEBUG org.asynchttpclient.netty.request.NettyRequestSender - Using open Channel [id: 0x5acf3d49, L:/127.0.0.1:50233 - R:localhost/127.0.0.1:58640] for GET '/session/01cd599b7beaf9f5defecda95a232d2d/element/fb3a2681-28e7-4719-a332-20bc8e2bdbc1/name'
16:28:05.744 [AsyncHttpClient-1-5] DEBUG org.asynchttpclient.netty.handler.HttpHandler - 

Request DefaultFullHttpRequest(decodeResult: success, version: HTTP/1.1, content: EmptyByteBufBE)
GET /session/01cd599b7beaf9f5defecda95a232d2d/element/fb3a2681-28e7-4719-a332-20bc8e2bdbc1/name HTTP/1.1
User-Agent: selenium/4.1.2 (java windows)
Cache-Control: no-cache
Content-Type: application/json; charset=utf-8
host: localhost:58640
accept: */*

Response DefaultHttpResponse(decodeResult: success, version: HTTP/1.1)
HTTP/1.1 200 OK
Content-Type: application/json; charset=utf-8
cache-control: no-cache
content-length: 18

16:28:05.744 [AsyncHttpClient-1-5] DEBUG org.asynchttpclient.netty.channel.ChannelManager - Adding key: http://localhost:58640 for channel [id: 0x5acf3d49, L:/127.0.0.1:50233 - R:localhost/127.0.0.1:58640]
16:28:05.746 [Forwarding getElementTagName on session 01cd599b7beaf9f5defecda95a232d2d to remote] DEBUG org.asynchttpclient.netty.request.NettyRequestSender - Using pooled Channel '[id: 0x5acf3d49, L:/127.0.0.1:50233 - R:localhost/127.0.0.1:58640]' for 'GET' to 'http://localhost:58640/session/01cd599b7beaf9f5defecda95a232d2d/element/fb3a2681-28e7-4719-a332-20bc8e2bdbc1/name'
16:28:05.747 [Forwarding getElementTagName on session 01cd599b7beaf9f5defecda95a232d2d to remote] DEBUG org.asynchttpclient.netty.request.NettyRequestSender - Using open Channel [id: 0x5acf3d49, L:/127.0.0.1:50233 - R:localhost/127.0.0.1:58640] for GET '/session/01cd599b7beaf9f5defecda95a232d2d/element/fb3a2681-28e7-4719-a332-20bc8e2bdbc1/name'
16:28:05.753 [AsyncHttpClient-1-5] DEBUG org.asynchttpclient.netty.handler.HttpHandler - 

Request DefaultFullHttpRequest(decodeResult: success, version: HTTP/1.1, content: EmptyByteBufBE)
GET /session/01cd599b7beaf9f5defecda95a232d2d/element/fb3a2681-28e7-4719-a332-20bc8e2bdbc1/name HTTP/1.1
User-Agent: selenium/4.1.2 (java windows)
Cache-Control: no-cache
Content-Type: application/json; charset=utf-8
host: localhost:58640
accept: */*

Response DefaultHttpResponse(decodeResult: success, version: HTTP/1.1)
HTTP/1.1 200 OK
Content-Type: application/json; charset=utf-8
cache-control: no-cache
content-length: 18

16:28:05.753 [AsyncHttpClient-1-5] DEBUG org.asynchttpclient.netty.channel.ChannelManager - Adding key: http://localhost:58640 for channel [id: 0x5acf3d49, L:/127.0.0.1:50233 - R:localhost/127.0.0.1:58640]
16:28:05.759 [Forwarding isElementEnabled on session 01cd599b7beaf9f5defecda95a232d2d to remote] DEBUG org.asynchttpclient.netty.request.NettyRequestSender - Using pooled Channel '[id: 0x5acf3d49, L:/127.0.0.1:50233 - R:localhost/127.0.0.1:58640]' for 'GET' to 'http://localhost:58640/session/01cd599b7beaf9f5defecda95a232d2d/element/fb3a2681-28e7-4719-a332-20bc8e2bdbc1/enabled'
16:28:05.759 [Forwarding isElementEnabled on session 01cd599b7beaf9f5defecda95a232d2d to remote] DEBUG org.asynchttpclient.netty.request.NettyRequestSender - Using open Channel [id: 0x5acf3d49, L:/127.0.0.1:50233 - R:localhost/127.0.0.1:58640] for GET '/session/01cd599b7beaf9f5defecda95a232d2d/element/fb3a2681-28e7-4719-a332-20bc8e2bdbc1/enabled'
16:28:05.796 [AsyncHttpClient-1-5] DEBUG org.asynchttpclient.netty.handler.HttpHandler - 

Request DefaultFullHttpRequest(decodeResult: success, version: HTTP/1.1, content: EmptyByteBufBE)
GET /session/01cd599b7beaf9f5defecda95a232d2d/element/fb3a2681-28e7-4719-a332-20bc8e2bdbc1/enabled HTTP/1.1
User-Agent: selenium/4.1.2 (java windows)
Cache-Control: no-cache
Content-Type: application/json; charset=utf-8
host: localhost:58640
accept: */*

Response DefaultHttpResponse(decodeResult: success, version: HTTP/1.1)
HTTP/1.1 200 OK
Content-Type: application/json; charset=utf-8
cache-control: no-cache
content-length: 14

16:28:05.796 [AsyncHttpClient-1-5] DEBUG org.asynchttpclient.netty.channel.ChannelManager - Adding key: http://localhost:58640 for channel [id: 0x5acf3d49, L:/127.0.0.1:50233 - R:localhost/127.0.0.1:58640]
16:28:05.799 [Forwarding isElementEnabled on session 01cd599b7beaf9f5defecda95a232d2d to remote] DEBUG org.asynchttpclient.netty.request.NettyRequestSender - Using pooled Channel '[id: 0x5acf3d49, L:/127.0.0.1:50233 - R:localhost/127.0.0.1:58640]' for 'GET' to 'http://localhost:58640/session/01cd599b7beaf9f5defecda95a232d2d/element/fb3a2681-28e7-4719-a332-20bc8e2bdbc1/enabled'
16:28:05.799 [Forwarding isElementEnabled on session 01cd599b7beaf9f5defecda95a232d2d to remote] DEBUG org.asynchttpclient.netty.request.NettyRequestSender - Using open Channel [id: 0x5acf3d49, L:/127.0.0.1:50233 - R:localhost/127.0.0.1:58640] for GET '/session/01cd599b7beaf9f5defecda95a232d2d/element/fb3a2681-28e7-4719-a332-20bc8e2bdbc1/enabled'
16:28:05.807 [AsyncHttpClient-1-5] DEBUG org.asynchttpclient.netty.handler.HttpHandler - 

Request DefaultFullHttpRequest(decodeResult: success, version: HTTP/1.1, content: EmptyByteBufBE)
GET /session/01cd599b7beaf9f5defecda95a232d2d/element/fb3a2681-28e7-4719-a332-20bc8e2bdbc1/enabled HTTP/1.1
User-Agent: selenium/4.1.2 (java windows)
Cache-Control: no-cache
Content-Type: application/json; charset=utf-8
host: localhost:58640
accept: */*

Response DefaultHttpResponse(decodeResult: success, version: HTTP/1.1)
HTTP/1.1 200 OK
Content-Type: application/json; charset=utf-8
cache-control: no-cache
content-length: 14

16:28:05.807 [AsyncHttpClient-1-5] DEBUG org.asynchttpclient.netty.channel.ChannelManager - Adding key: http://localhost:58640 for channel [id: 0x5acf3d49, L:/127.0.0.1:50233 - R:localhost/127.0.0.1:58640]
16:28:05.810 [Forwarding findElement on session 01cd599b7beaf9f5defecda95a232d2d to remote] DEBUG org.asynchttpclient.netty.request.NettyRequestSender - Using pooled Channel '[id: 0x5acf3d49, L:/127.0.0.1:50233 - R:localhost/127.0.0.1:58640]' for 'POST' to 'http://localhost:58640/session/01cd599b7beaf9f5defecda95a232d2d/element'
16:28:05.810 [Forwarding findElement on session 01cd599b7beaf9f5defecda95a232d2d to remote] DEBUG org.asynchttpclient.netty.request.NettyRequestSender - Using open Channel [id: 0x5acf3d49, L:/127.0.0.1:50233 - R:localhost/127.0.0.1:58640] for POST '/session/01cd599b7beaf9f5defecda95a232d2d/element'
16:28:05.820 [AsyncHttpClient-1-5] DEBUG org.asynchttpclient.netty.handler.HttpHandler - 

Request DefaultHttpRequest(decodeResult: success, version: HTTP/1.1)
POST /session/01cd599b7beaf9f5defecda95a232d2d/element HTTP/1.1
User-Agent: selenium/4.1.2 (java windows)
Content-Length: 149
Content-Type: application/json; charset=utf-8
host: localhost:58640
accept: */*

Response DefaultHttpResponse(decodeResult: success, version: HTTP/1.1)
HTTP/1.1 200 OK
Content-Type: application/json; charset=utf-8
cache-control: no-cache
content-length: 88

16:28:05.820 [AsyncHttpClient-1-5] DEBUG org.asynchttpclient.netty.channel.ChannelManager - Adding key: http://localhost:58640 for channel [id: 0x5acf3d49, L:/127.0.0.1:50233 - R:localhost/127.0.0.1:58640]
16:28:05.822 [Forwarding clickElement on session 01cd599b7beaf9f5defecda95a232d2d to remote] DEBUG org.asynchttpclient.netty.request.NettyRequestSender - Using pooled Channel '[id: 0x5acf3d49, L:/127.0.0.1:50233 - R:localhost/127.0.0.1:58640]' for 'POST' to 'http://localhost:58640/session/01cd599b7beaf9f5defecda95a232d2d/element/fb3a2681-28e7-4719-a332-20bc8e2bdbc1/click'
16:28:05.822 [Forwarding clickElement on session 01cd599b7beaf9f5defecda95a232d2d to remote] DEBUG org.asynchttpclient.netty.request.NettyRequestSender - Using open Channel [id: 0x5acf3d49, L:/127.0.0.1:50233 - R:localhost/127.0.0.1:58640] for POST '/session/01cd599b7beaf9f5defecda95a232d2d/element/fb3a2681-28e7-4719-a332-20bc8e2bdbc1/click'
16:28:06.079 [AsyncHttpClient-1-5] DEBUG org.asynchttpclient.netty.handler.HttpHandler - 

Request DefaultHttpRequest(decodeResult: success, version: HTTP/1.1)
POST /session/01cd599b7beaf9f5defecda95a232d2d/element/fb3a2681-28e7-4719-a332-20bc8e2bdbc1/click HTTP/1.1
User-Agent: selenium/4.1.2 (java windows)
Content-Length: 50
Content-Type: application/json; charset=utf-8
host: localhost:58640
accept: */*

Response DefaultHttpResponse(decodeResult: success, version: HTTP/1.1)
HTTP/1.1 200 OK
Content-Type: application/json; charset=utf-8
cache-control: no-cache
content-length: 14

16:28:06.080 [AsyncHttpClient-1-5] DEBUG org.asynchttpclient.netty.channel.ChannelManager - Adding key: http://localhost:58640 for channel [id: 0x5acf3d49, L:/127.0.0.1:50233 - R:localhost/127.0.0.1:58640]
16:28:06.094 [Forwarding screenshot on session 01cd599b7beaf9f5defecda95a232d2d to remote] DEBUG org.asynchttpclient.netty.request.NettyRequestSender - Using pooled Channel '[id: 0x5acf3d49, L:/127.0.0.1:50233 - R:localhost/127.0.0.1:58640]' for 'GET' to 'http://localhost:58640/session/01cd599b7beaf9f5defecda95a232d2d/screenshot'
16:28:06.094 [Forwarding screenshot on session 01cd599b7beaf9f5defecda95a232d2d to remote] DEBUG org.asynchttpclient.netty.request.NettyRequestSender - Using open Channel [id: 0x5acf3d49, L:/127.0.0.1:50233 - R:localhost/127.0.0.1:58640] for GET '/session/01cd599b7beaf9f5defecda95a232d2d/screenshot'
16:28:06.270 [AsyncHttpClient-1-5] DEBUG org.asynchttpclient.netty.handler.HttpHandler - 

Request DefaultFullHttpRequest(decodeResult: success, version: HTTP/1.1, content: EmptyByteBufBE)
GET /session/01cd599b7beaf9f5defecda95a232d2d/screenshot HTTP/1.1
User-Agent: selenium/4.1.2 (java windows)
Cache-Control: no-cache
Content-Type: application/json; charset=utf-8
host: localhost:58640
accept: */*

Response DefaultHttpResponse(decodeResult: success, version: HTTP/1.1)
HTTP/1.1 200 OK
Content-Type: application/json; charset=utf-8
cache-control: no-cache
content-length: 113700

16:28:06.272 [AsyncHttpClient-1-5] DEBUG org.asynchttpclient.netty.channel.ChannelManager - Adding key: http://localhost:58640 for channel [id: 0x5acf3d49, L:/127.0.0.1:50233 - R:localhost/127.0.0.1:58640]
16:28:06.281 [main] DEBUG net.serenitybdd.core.photography.Darkroom - Send negative for processing for target\site\serenity\6ef884634877407c444d9d67d32b1b5bcce7c0bb3a61a88fe304824bd81093b5.png
16:28:06.281 [main] DEBUG net.thucydides.core.steps.StepInterceptor - STEP DONE: clickAddNewAppointmentButton
16:28:06.281 [Darkroom Processing Line] DEBUG net.serenitybdd.core.photography.DarkroomProcessingLine - Processing screenshot image in /var/screenshots/screenshot-4735076720834724052
16:28:06.282 [Darkroom Processing Line] DEBUG net.serenitybdd.core.photography.DarkroomProcessingLine - Saving screenshot to target\site\serenity\6ef884634877407c444d9d67d32b1b5bcce7c0bb3a61a88fe304824bd81093b5.png
  &amp#27;[32mWhen &amp#27;[0m&amp#27;[32mI click Add New Appointment&amp#27;[0m                                  &amp#27;[90m# starter.stepdefinitions.AppointmentSteps.iClickAddNewAppointment()&amp#27;[0m
16:28:06.309 [main] DEBUG net.thucydides.core.steps.StepInterceptor - STARTING STEP: AppointmentSteps.iClickNoButton - clickNoButton
16:28:06.316 [Forwarding findElement on session 01cd599b7beaf9f5defecda95a232d2d to remote] DEBUG org.asynchttpclient.netty.request.NettyRequestSender - Using pooled Channel '[id: 0x5acf3d49, L:/127.0.0.1:50233 - R:localhost/127.0.0.1:58640]' for 'POST' to 'http://localhost:58640/session/01cd599b7beaf9f5defecda95a232d2d/element'
16:28:06.316 [Forwarding findElement on session 01cd599b7beaf9f5defecda95a232d2d to remote] DEBUG org.asynchttpclient.netty.request.NettyRequestSender - Using open Channel [id: 0x5acf3d49, L:/127.0.0.1:50233 - R:localhost/127.0.0.1:58640] for POST '/session/01cd599b7beaf9f5defecda95a232d2d/element'
16:28:06.365 [AsyncHttpClient-1-5] DEBUG org.asynchttpclient.netty.handler.HttpHandler - 

Request DefaultHttpRequest(decodeResult: success, version: HTTP/1.1)
POST /session/01cd599b7beaf9f5defecda95a232d2d/element HTTP/1.1
User-Agent: selenium/4.1.2 (java windows)
Content-Length: 104
Content-Type: application/json; charset=utf-8
host: localhost:58640
accept: */*

Response DefaultHttpResponse(decodeResult: success, version: HTTP/1.1)
HTTP/1.1 200 OK
Content-Type: application/json; charset=utf-8
cache-control: no-cache
content-length: 88

16:28:06.365 [AsyncHttpClient-1-5] DEBUG org.asynchttpclient.netty.channel.ChannelManager - Adding key: http://localhost:58640 for channel [id: 0x5acf3d49, L:/127.0.0.1:50233 - R:localhost/127.0.0.1:58640]
16:28:06.369 [Forwarding getElementTagName on session 01cd599b7beaf9f5defecda95a232d2d to remote] DEBUG org.asynchttpclient.netty.request.NettyRequestSender - Using pooled Channel '[id: 0x5acf3d49, L:/127.0.0.1:50233 - R:localhost/127.0.0.1:58640]' for 'GET' to 'http://localhost:58640/session/01cd599b7beaf9f5defecda95a232d2d/element/74d6fcb2-dbb1-4fb3-b9fa-4f6281928d6e/name'
16:28:06.369 [Forwarding getElementTagName on session 01cd599b7beaf9f5defecda95a232d2d to remote] DEBUG org.asynchttpclient.netty.request.NettyRequestSender - Using open Channel [id: 0x5acf3d49, L:/127.0.0.1:50233 - R:localhost/127.0.0.1:58640] for GET '/session/01cd599b7beaf9f5defecda95a232d2d/element/74d6fcb2-dbb1-4fb3-b9fa-4f6281928d6e/name'
16:28:06.376 [AsyncHttpClient-1-5] DEBUG org.asynchttpclient.netty.handler.HttpHandler - 

Request DefaultFullHttpRequest(decodeResult: success, version: HTTP/1.1, content: EmptyByteBufBE)
GET /session/01cd599b7beaf9f5defecda95a232d2d/element/74d6fcb2-dbb1-4fb3-b9fa-4f6281928d6e/name HTTP/1.1
User-Agent: selenium/4.1.2 (java windows)
Cache-Control: no-cache
Content-Type: application/json; charset=utf-8
host: localhost:58640
accept: */*

Response DefaultHttpResponse(decodeResult: success, version: HTTP/1.1)
HTTP/1.1 200 OK
Content-Type: application/json; charset=utf-8
cache-control: no-cache
content-length: 18

16:28:06.376 [AsyncHttpClient-1-5] DEBUG org.asynchttpclient.netty.channel.ChannelManager - Adding key: http://localhost:58640 for channel [id: 0x5acf3d49, L:/127.0.0.1:50233 - R:localhost/127.0.0.1:58640]
16:28:06.379 [Forwarding getElementTagName on session 01cd599b7beaf9f5defecda95a232d2d to remote] DEBUG org.asynchttpclient.netty.request.NettyRequestSender - Using pooled Channel '[id: 0x5acf3d49, L:/127.0.0.1:50233 - R:localhost/127.0.0.1:58640]' for 'GET' to 'http://localhost:58640/session/01cd599b7beaf9f5defecda95a232d2d/element/74d6fcb2-dbb1-4fb3-b9fa-4f6281928d6e/name'
16:28:06.379 [Forwarding getElementTagName on session 01cd599b7beaf9f5defecda95a232d2d to remote] DEBUG org.asynchttpclient.netty.request.NettyRequestSender - Using open Channel [id: 0x5acf3d49, L:/127.0.0.1:50233 - R:localhost/127.0.0.1:58640] for GET '/session/01cd599b7beaf9f5defecda95a232d2d/element/74d6fcb2-dbb1-4fb3-b9fa-4f6281928d6e/name'
16:28:06.387 [AsyncHttpClient-1-5] DEBUG org.asynchttpclient.netty.handler.HttpHandler - 

Request DefaultFullHttpRequest(decodeResult: success, version: HTTP/1.1, content: EmptyByteBufBE)
GET /session/01cd599b7beaf9f5defecda95a232d2d/element/74d6fcb2-dbb1-4fb3-b9fa-4f6281928d6e/name HTTP/1.1
User-Agent: selenium/4.1.2 (java windows)
Cache-Control: no-cache
Content-Type: application/json; charset=utf-8
host: localhost:58640
accept: */*

Response DefaultHttpResponse(decodeResult: success, version: HTTP/1.1)
HTTP/1.1 200 OK
Content-Type: application/json; charset=utf-8
cache-control: no-cache
content-length: 18

16:28:06.387 [AsyncHttpClient-1-5] DEBUG org.asynchttpclient.netty.channel.ChannelManager - Adding key: http://localhost:58640 for channel [id: 0x5acf3d49, L:/127.0.0.1:50233 - R:localhost/127.0.0.1:58640]
16:28:06.390 [Forwarding isElementEnabled on session 01cd599b7beaf9f5defecda95a232d2d to remote] DEBUG org.asynchttpclient.netty.request.NettyRequestSender - Using pooled Channel '[id: 0x5acf3d49, L:/127.0.0.1:50233 - R:localhost/127.0.0.1:58640]' for 'GET' to 'http://localhost:58640/session/01cd599b7beaf9f5defecda95a232d2d/element/74d6fcb2-dbb1-4fb3-b9fa-4f6281928d6e/enabled'
16:28:06.390 [Forwarding isElementEnabled on session 01cd599b7beaf9f5defecda95a232d2d to remote] DEBUG org.asynchttpclient.netty.request.NettyRequestSender - Using open Channel [id: 0x5acf3d49, L:/127.0.0.1:50233 - R:localhost/127.0.0.1:58640] for GET '/session/01cd599b7beaf9f5defecda95a232d2d/element/74d6fcb2-dbb1-4fb3-b9fa-4f6281928d6e/enabled'
16:28:06.404 [AsyncHttpClient-1-5] DEBUG org.asynchttpclient.netty.handler.HttpHandler - 

Request DefaultFullHttpRequest(decodeResult: success, version: HTTP/1.1, content: EmptyByteBufBE)
GET /session/01cd599b7beaf9f5defecda95a232d2d/element/74d6fcb2-dbb1-4fb3-b9fa-4f6281928d6e/enabled HTTP/1.1
User-Agent: selenium/4.1.2 (java windows)
Cache-Control: no-cache
Content-Type: application/json; charset=utf-8
host: localhost:58640
accept: */*

Response DefaultHttpResponse(decodeResult: success, version: HTTP/1.1)
HTTP/1.1 200 OK
Content-Type: application/json; charset=utf-8
cache-control: no-cache
content-length: 14

16:28:06.404 [AsyncHttpClient-1-5] DEBUG org.asynchttpclient.netty.channel.ChannelManager - Adding key: http://localhost:58640 for channel [id: 0x5acf3d49, L:/127.0.0.1:50233 - R:localhost/127.0.0.1:58640]
16:28:06.406 [Forwarding isElementEnabled on session 01cd599b7beaf9f5defecda95a232d2d to remote] DEBUG org.asynchttpclient.netty.request.NettyRequestSender - Using pooled Channel '[id: 0x5acf3d49, L:/127.0.0.1:50233 - R:localhost/127.0.0.1:58640]' for 'GET' to 'http://localhost:58640/session/01cd599b7beaf9f5defecda95a232d2d/element/74d6fcb2-dbb1-4fb3-b9fa-4f6281928d6e/enabled'
16:28:06.406 [Forwarding isElementEnabled on session 01cd599b7beaf9f5defecda95a232d2d to remote] DEBUG org.asynchttpclient.netty.request.NettyRequestSender - Using open Channel [id: 0x5acf3d49, L:/127.0.0.1:50233 - R:localhost/127.0.0.1:58640] for GET '/session/01cd599b7beaf9f5defecda95a232d2d/element/74d6fcb2-dbb1-4fb3-b9fa-4f6281928d6e/enabled'
16:28:06.418 [AsyncHttpClient-1-5] DEBUG org.asynchttpclient.netty.handler.HttpHandler - 

Request DefaultFullHttpRequest(decodeResult: success, version: HTTP/1.1, content: EmptyByteBufBE)
GET /session/01cd599b7beaf9f5defecda95a232d2d/element/74d6fcb2-dbb1-4fb3-b9fa-4f6281928d6e/enabled HTTP/1.1
User-Agent: selenium/4.1.2 (java windows)
Cache-Control: no-cache
Content-Type: application/json; charset=utf-8
host: localhost:58640
accept: */*

Response DefaultHttpResponse(decodeResult: success, version: HTTP/1.1)
HTTP/1.1 200 OK
Content-Type: application/json; charset=utf-8
cache-control: no-cache
content-length: 14

16:28:06.418 [AsyncHttpClient-1-5] DEBUG org.asynchttpclient.netty.channel.ChannelManager - Adding key: http://localhost:58640 for channel [id: 0x5acf3d49, L:/127.0.0.1:50233 - R:localhost/127.0.0.1:58640]
16:28:06.423 [Forwarding findElement on session 01cd599b7beaf9f5defecda95a232d2d to remote] DEBUG org.asynchttpclient.netty.request.NettyRequestSender - Using pooled Channel '[id: 0x5acf3d49, L:/127.0.0.1:50233 - R:localhost/127.0.0.1:58640]' for 'POST' to 'http://localhost:58640/session/01cd599b7beaf9f5defecda95a232d2d/element'
16:28:06.423 [Forwarding findElement on session 01cd599b7beaf9f5defecda95a232d2d to remote] DEBUG org.asynchttpclient.netty.request.NettyRequestSender - Using open Channel [id: 0x5acf3d49, L:/127.0.0.1:50233 - R:localhost/127.0.0.1:58640] for POST '/session/01cd599b7beaf9f5defecda95a232d2d/element'
16:28:06.537 [AsyncHttpClient-1-1] DEBUG org.asynchttpclient.netty.channel.DefaultChannelPool - Entry count for : http://localhost:50238 : 1
16:28:06.597 [AsyncHttpClient-1-5] DEBUG org.asynchttpclient.netty.handler.HttpHandler - 

Request DefaultHttpRequest(decodeResult: success, version: HTTP/1.1)
POST /session/01cd599b7beaf9f5defecda95a232d2d/element HTTP/1.1
User-Agent: selenium/4.1.2 (java windows)
Content-Length: 104
Content-Type: application/json; charset=utf-8
host: localhost:58640
accept: */*

Response DefaultHttpResponse(decodeResult: success, version: HTTP/1.1)
HTTP/1.1 200 OK
Content-Type: application/json; charset=utf-8
cache-control: no-cache
content-length: 88

16:28:06.598 [AsyncHttpClient-1-5] DEBUG org.asynchttpclient.netty.channel.ChannelManager - Adding key: http://localhost:58640 for channel [id: 0x5acf3d49, L:/127.0.0.1:50233 - R:localhost/127.0.0.1:58640]
16:28:06.602 [Forwarding clickElement on session 01cd599b7beaf9f5defecda95a232d2d to remote] DEBUG org.asynchttpclient.netty.request.NettyRequestSender - Using pooled Channel '[id: 0x5acf3d49, L:/127.0.0.1:50233 - R:localhost/127.0.0.1:58640]' for 'POST' to 'http://localhost:58640/session/01cd599b7beaf9f5defecda95a232d2d/element/74d6fcb2-dbb1-4fb3-b9fa-4f6281928d6e/click'
16:28:06.602 [Forwarding clickElement on session 01cd599b7beaf9f5defecda95a232d2d to remote] DEBUG org.asynchttpclient.netty.request.NettyRequestSender - Using open Channel [id: 0x5acf3d49, L:/127.0.0.1:50233 - R:localhost/127.0.0.1:58640] for POST '/session/01cd599b7beaf9f5defecda95a232d2d/element/74d6fcb2-dbb1-4fb3-b9fa-4f6281928d6e/click'
16:28:06.774 [AsyncHttpClient-1-5] DEBUG org.asynchttpclient.netty.handler.HttpHandler - 

Request DefaultHttpRequest(decodeResult: success, version: HTTP/1.1)
POST /session/01cd599b7beaf9f5defecda95a232d2d/element/74d6fcb2-dbb1-4fb3-b9fa-4f6281928d6e/click HTTP/1.1
User-Agent: selenium/4.1.2 (java windows)
Content-Length: 50
Content-Type: application/json; charset=utf-8
host: localhost:58640
accept: */*

Response DefaultHttpResponse(decodeResult: success, version: HTTP/1.1)
HTTP/1.1 200 OK
Content-Type: application/json; charset=utf-8
cache-control: no-cache
content-length: 14

16:28:06.774 [AsyncHttpClient-1-5] DEBUG org.asynchttpclient.netty.channel.ChannelManager - Adding key: http://localhost:58640 for channel [id: 0x5acf3d49, L:/127.0.0.1:50233 - R:localhost/127.0.0.1:58640]
16:28:06.782 [Forwarding screenshot on session 01cd599b7beaf9f5defecda95a232d2d to remote] DEBUG org.asynchttpclient.netty.request.NettyRequestSender - Using pooled Channel '[id: 0x5acf3d49, L:/127.0.0.1:50233 - R:localhost/127.0.0.1:58640]' for 'GET' to 'http://localhost:58640/session/01cd599b7beaf9f5defecda95a232d2d/screenshot'
16:28:06.782 [Forwarding screenshot on session 01cd599b7beaf9f5defecda95a232d2d to remote] DEBUG org.asynchttpclient.netty.request.NettyRequestSender - Using open Channel [id: 0x5acf3d49, L:/127.0.0.1:50233 - R:localhost/127.0.0.1:58640] for GET '/session/01cd599b7beaf9f5defecda95a232d2d/screenshot'
16:28:06.891 [AsyncHttpClient-1-5] DEBUG org.asynchttpclient.netty.handler.HttpHandler - 

Request DefaultFullHttpRequest(decodeResult: success, version: HTTP/1.1, content: EmptyByteBufBE)
GET /session/01cd599b7beaf9f5defecda95a232d2d/screenshot HTTP/1.1
User-Agent: selenium/4.1.2 (java windows)
Cache-Control: no-cache
Content-Type: application/json; charset=utf-8
host: localhost:58640
accept: */*

Response DefaultHttpResponse(decodeResult: success, version: HTTP/1.1)
HTTP/1.1 200 OK
Content-Type: application/json; charset=utf-8
cache-control: no-cache
content-length: 55320

16:28:06.892 [AsyncHttpClient-1-5] DEBUG org.asynchttpclient.netty.channel.ChannelManager - Adding key: http://localhost:58640 for channel [id: 0x5acf3d49, L:/127.0.0.1:50233 - R:localhost/127.0.0.1:58640]
16:28:06.896 [main] DEBUG net.serenitybdd.core.photography.Darkroom - Send negative for processing for target\site\serenity\978450d06eb86eb735175521c4a06999507a96991efadce5993bd088de144875.png
16:28:06.897 [main] DEBUG net.thucydides.core.steps.StepInterceptor - STEP DONE: clickNoButton
  &amp#27;[32mAnd &amp#27;[0m&amp#27;[32mI click no button&amp#27;[0m                                             &amp#27;[90m# starter.stepdefinitions.AppointmentSteps.iClickNoButton()&amp#27;[0m
16:28:06.898 [Darkroom Processing Line] DEBUG net.serenitybdd.core.photography.DarkroomProcessingLine - Processing screenshot image in /var/screenshots/screenshot-12454509072209383342
16:28:06.898 [Darkroom Processing Line] DEBUG net.serenitybdd.core.photography.DarkroomProcessingLine - Saving screenshot to target\site\serenity\978450d06eb86eb735175521c4a06999507a96991efadce5993bd088de144875.png
16:28:07.046 [Forwarding screenshot on session 01cd599b7beaf9f5defecda95a232d2d to remote] DEBUG org.asynchttpclient.netty.request.NettyRequestSender - Using pooled Channel '[id: 0x5acf3d49, L:/127.0.0.1:50233 - R:localhost/127.0.0.1:58640]' for 'GET' to 'http://localhost:58640/session/01cd599b7beaf9f5defecda95a232d2d/screenshot'
16:28:07.047 [Forwarding screenshot on session 01cd599b7beaf9f5defecda95a232d2d to remote] DEBUG org.asynchttpclient.netty.request.NettyRequestSender - Using open Channel [id: 0x5acf3d49, L:/127.0.0.1:50233 - R:localhost/127.0.0.1:58640] for GET '/session/01cd599b7beaf9f5defecda95a232d2d/screenshot'
16:28:07.638 [AsyncHttpClient-1-1] DEBUG org.asynchttpclient.netty.channel.DefaultChannelPool - Entry count for : http://localhost:50238 : 1
16:28:08.738 [AsyncHttpClient-1-1] DEBUG org.asynchttpclient.netty.channel.DefaultChannelPool - Entry count for : http://localhost:50238 : 1
16:28:08.818 [AsyncHttpClient-1-5] DEBUG org.asynchttpclient.netty.handler.HttpHandler - 

Request DefaultFullHttpRequest(decodeResult: success, version: HTTP/1.1, content: EmptyByteBufBE)
GET /session/01cd599b7beaf9f5defecda95a232d2d/screenshot HTTP/1.1
User-Agent: selenium/4.1.2 (java windows)
Cache-Control: no-cache
Content-Type: application/json; charset=utf-8
host: localhost:58640
accept: */*

Response DefaultHttpResponse(decodeResult: success, version: HTTP/1.1)
HTTP/1.1 200 OK
Content-Type: application/json; charset=utf-8
cache-control: no-cache
content-length: 78280

16:28:08.819 [AsyncHttpClient-1-5] DEBUG org.asynchttpclient.netty.channel.ChannelManager - Adding key: http://localhost:58640 for channel [id: 0x5acf3d49, L:/127.0.0.1:50233 - R:localhost/127.0.0.1:58640]
16:28:08.823 [main] DEBUG net.serenitybdd.core.photography.Darkroom - Send negative for processing for target\site\serenity\d8647f41e99b786797ea0ef8b6ef5c783b933795273aac7fa2a2f071d067d188.png
16:28:08.824 [Darkroom Processing Line] DEBUG net.serenitybdd.core.photography.DarkroomProcessingLine - Processing screenshot image in /var/screenshots/screenshot-12397775744030520089
16:28:08.824 [Darkroom Processing Line] DEBUG net.serenitybdd.core.photography.DarkroomProcessingLine - Saving screenshot to target\site\serenity\d8647f41e99b786797ea0ef8b6ef5c783b933795273aac7fa2a2f071d067d188.png
16:28:09.839 [AsyncHttpClient-1-1] DEBUG org.asynchttpclient.netty.channel.DefaultChannelPool - Entry count for : http://localhost:50238 : 1
16:28:09.839 [AsyncHttpClient-1-1] DEBUG org.asynchttpclient.netty.channel.DefaultChannelPool - Entry count for : http://localhost:58640 : 1
16:28:10.938 [AsyncHttpClient-1-1] DEBUG org.asynchttpclient.netty.channel.DefaultChannelPool - Entry count for : http://localhost:50238 : 1
16:28:10.938 [AsyncHttpClient-1-1] DEBUG org.asynchttpclient.netty.channel.DefaultChannelPool - Entry count for : http://localhost:58640 : 1
16:28:11.404 [Forwarding findElement on session 01cd599b7beaf9f5defecda95a232d2d to remote] DEBUG org.asynchttpclient.netty.request.NettyRequestSender - Using pooled Channel '[id: 0x5acf3d49, L:/127.0.0.1:50233 - R:localhost/127.0.0.1:58640]' for 'POST' to 'http://localhost:58640/session/01cd599b7beaf9f5defecda95a232d2d/element'
16:28:11.405 [Forwarding findElement on session 01cd599b7beaf9f5defecda95a232d2d to remote] DEBUG org.asynchttpclient.netty.request.NettyRequestSender - Using open Channel [id: 0x5acf3d49, L:/127.0.0.1:50233 - R:localhost/127.0.0.1:58640] for POST '/session/01cd599b7beaf9f5defecda95a232d2d/element'
16:28:12.038 [AsyncHttpClient-1-1] DEBUG org.asynchttpclient.netty.channel.DefaultChannelPool - Entry count for : http://localhost:50238 : 1
16:28:12.188 [AsyncHttpClient-1-5] DEBUG org.asynchttpclient.netty.handler.HttpHandler - 

Request DefaultHttpRequest(decodeResult: success, version: HTTP/1.1)
POST /session/01cd599b7beaf9f5defecda95a232d2d/element HTTP/1.1
User-Agent: selenium/4.1.2 (java windows)
Content-Length: 79
Content-Type: application/json; charset=utf-8
host: localhost:58640
accept: */*

Response DefaultHttpResponse(decodeResult: success, version: HTTP/1.1)
HTTP/1.1 200 OK
Content-Type: application/json; charset=utf-8
cache-control: no-cache
content-length: 88

16:28:12.188 [AsyncHttpClient-1-5] DEBUG org.asynchttpclient.netty.channel.ChannelManager - Adding key: http://localhost:58640 for channel [id: 0x5acf3d49, L:/127.0.0.1:50233 - R:localhost/127.0.0.1:58640]
16:28:12.201 [Forwarding isElementDisplayed on session 01cd599b7beaf9f5defecda95a232d2d to remote] DEBUG org.asynchttpclient.netty.request.NettyRequestSender - Using pooled Channel '[id: 0x5acf3d49, L:/127.0.0.1:50233 - R:localhost/127.0.0.1:58640]' for 'POST' to 'http://localhost:58640/session/01cd599b7beaf9f5defecda95a232d2d/execute/sync'
16:28:12.201 [Forwarding isElementDisplayed on session 01cd599b7beaf9f5defecda95a232d2d to remote] DEBUG org.asynchttpclient.netty.request.NettyRequestSender - Using open Channel [id: 0x5acf3d49, L:/127.0.0.1:50233 - R:localhost/127.0.0.1:58640] for POST '/session/01cd599b7beaf9f5defecda95a232d2d/execute/sync'
16:28:12.235 [AsyncHttpClient-1-5] DEBUG org.asynchttpclient.netty.handler.HttpHandler - 

Request DefaultHttpRequest(decodeResult: success, version: HTTP/1.1)
POST /session/01cd599b7beaf9f5defecda95a232d2d/execute/sync HTTP/1.1
User-Agent: selenium/4.1.2 (java windows)
Content-Length: 48780
Content-Type: application/json; charset=utf-8
host: localhost:58640
accept: */*

Response DefaultHttpResponse(decodeResult: success, version: HTTP/1.1)
HTTP/1.1 200 OK
Content-Type: application/json; charset=utf-8
cache-control: no-cache
content-length: 14

16:28:12.235 [AsyncHttpClient-1-5] DEBUG org.asynchttpclient.netty.channel.ChannelManager - Adding key: http://localhost:58640 for channel [id: 0x5acf3d49, L:/127.0.0.1:50233 - R:localhost/127.0.0.1:58640]
  &amp#27;[32mThen &amp#27;[0m&amp#27;[32mI redirected to patient page&amp#27;[0m                                 &amp#27;[90m# starter.stepdefinitions.PatientSteps.iRedirectedToPatientPage()&amp#27;[0m
16:28:12.257 [Forwarding screenshot on session 01cd599b7beaf9f5defecda95a232d2d to remote] DEBUG org.asynchttpclient.netty.request.NettyRequestSender - Using pooled Channel '[id: 0x5acf3d49, L:/127.0.0.1:50233 - R:localhost/127.0.0.1:58640]' for 'GET' to 'http://localhost:58640/session/01cd599b7beaf9f5defecda95a232d2d/screenshot'
16:28:12.257 [Forwarding screenshot on session 01cd599b7beaf9f5defecda95a232d2d to remote] DEBUG org.asynchttpclient.netty.request.NettyRequestSender - Using open Channel [id: 0x5acf3d49, L:/127.0.0.1:50233 - R:localhost/127.0.0.1:58640] for GET '/session/01cd599b7beaf9f5defecda95a232d2d/screenshot'
16:28:12.375 [AsyncHttpClient-1-5] DEBUG org.asynchttpclient.netty.handler.HttpHandler - 

Request DefaultFullHttpRequest(decodeResult: success, version: HTTP/1.1, content: EmptyByteBufBE)
GET /session/01cd599b7beaf9f5defecda95a232d2d/screenshot HTTP/1.1
User-Agent: selenium/4.1.2 (java windows)
Cache-Control: no-cache
Content-Type: application/json; charset=utf-8
host: localhost:58640
accept: */*

Response DefaultHttpResponse(decodeResult: success, version: HTTP/1.1)
HTTP/1.1 200 OK
Content-Type: application/json; charset=utf-8
cache-control: no-cache
content-length: 78280

16:28:12.375 [AsyncHttpClient-1-5] DEBUG org.asynchttpclient.netty.channel.ChannelManager - Adding key: http://localhost:58640 for channel [id: 0x5acf3d49, L:/127.0.0.1:50233 - R:localhost/127.0.0.1:58640]
16:28:12.381 [main] DEBUG net.serenitybdd.core.photography.Darkroom - Send negative for processing for target\site\serenity\d8647f41e99b786797ea0ef8b6ef5c783b933795273aac7fa2a2f071d067d188.png
16:28:12.383 [main] INFO  - 
  _____   ___   ___   _____     ___     _     ___   ___   ___   ___  
 |_   _| | __| / __| |_   _|   | _ \   /_\   / __| / __| | __| |   \ 
   | |   | _|  \__ \   | |     |  _/  / _ \  \__ \ \__ \ | _|  | |) |
   |_|   |___| |___/   |_|     |_|   /_/ \_\ |___/ |___/ |___| |___/ 

Create New Appointment With Unregistered Patient Scenario
----------------------------------------------------------------------
16:28:12.386 [AsyncHttpClient-1-7] DEBUG org.asynchttpclient.netty.handler.WebSocketHandler - Channel Closed: [id: 0x1fdd51f3, L:/127.0.0.1:50247 ! R:localhost/127.0.0.1:50238] with attribute NettyResponseFuture{currentRetry=5,
	isDone=1,
	isCancelled=0,
	asyncHandler=org.asynchttpclient.ws.WebSocketUpgradeHandler@698952a9,
	nettyRequest=org.asynchttpclient.netty.request.NettyRequest@2c8bd1fc,
	future=java.util.concurrent.CompletableFuture@465e9a45[Completed normally],
	uri=ws://localhost:50238/devtools/browser/66cc291a-7253-40b5-a7fb-4f8dcf3209e9,
	keepAlive=true,
	redirectCount=0,
	timeoutsHolder=null,
	inAuth=0,
	touch=1655717273541}
16:28:12.386 [AsyncHttpClient-1-7] DEBUG org.asynchttpclient.netty.channel.ChannelManager - Closing Channel [id: 0x1fdd51f3, L:/127.0.0.1:50247 ! R:localhost/127.0.0.1:50238] 
16:28:12.386 [Driver Command Executor] DEBUG org.asynchttpclient.netty.request.NettyRequestSender - Using pooled Channel '[id: 0x5acf3d49, L:/127.0.0.1:50233 - R:localhost/127.0.0.1:58640]' for 'DELETE' to 'http://localhost:58640/session/01cd599b7beaf9f5defecda95a232d2d'
16:28:12.386 [Driver Command Executor] DEBUG org.asynchttpclient.netty.request.NettyRequestSender - Using open Channel [id: 0x5acf3d49, L:/127.0.0.1:50233 - R:localhost/127.0.0.1:58640] for DELETE '/session/01cd599b7beaf9f5defecda95a232d2d'
16:28:12.931 [AsyncHttpClient-1-6] DEBUG org.asynchttpclient.netty.handler.HttpHandler - Unexpected I/O exception on channel [id: 0x8a0a0951, L:/127.0.0.1:50246 - R:localhost/127.0.0.1:50238]
java.net.SocketException: Connection reset
	at java.base/sun.nio.ch.SocketChannelImpl.throwConnectionReset(SocketChannelImpl.java:367)
	at java.base/sun.nio.ch.SocketChannelImpl.read(SocketChannelImpl.java:398)
	at io.netty.buffer.PooledByteBuf.setBytes(PooledByteBuf.java:258)
	at io.netty.buffer.AbstractByteBuf.writeBytes(AbstractByteBuf.java:1132)
	at io.netty.channel.socket.nio.NioSocketChannel.doReadBytes(NioSocketChannel.java:350)
	at io.netty.channel.nio.AbstractNioByteChannel$NioByteUnsafe.read(AbstractNioByteChannel.java:151)
	at io.netty.channel.nio.NioEventLoop.processSelectedKey(NioEventLoop.java:722)
	at io.netty.channel.nio.NioEventLoop.processSelectedKeysOptimized(NioEventLoop.java:658)
	at io.netty.channel.nio.NioEventLoop.processSelectedKeys(NioEventLoop.java:584)
	at io.netty.channel.nio.NioEventLoop.run(NioEventLoop.java:496)
	at io.netty.util.concurrent.SingleThreadEventExecutor$4.run(SingleThreadEventExecutor.java:986)
	at io.netty.util.internal.ThreadExecutorMap$2.run(ThreadExecutorMap.java:74)
	at io.netty.util.concurrent.FastThreadLocalRunnable.run(FastThreadLocalRunnable.java:30)
	at java.base/java.lang.Thread.run(Thread.java:832)
16:28:12.931 [AsyncHttpClient-1-6] DEBUG org.asynchttpclient.netty.channel.ChannelManager - Closing Channel [id: 0x8a0a0951, L:/127.0.0.1:50246 - R:localhost/127.0.0.1:50238] 
16:28:12.931 [AsyncHttpClient-1-6] DEBUG org.asynchttpclient.netty.handler.HttpHandler - Channel Closed: [id: 0x8a0a0951, L:/127.0.0.1:50246 ! R:localhost/127.0.0.1:50238] with attribute DISCARD
16:28:13.137 [AsyncHttpClient-1-1] DEBUG org.asynchttpclient.netty.channel.DefaultChannelPool - Entry count for : http://localhost:50238 : 1
16:28:13.137 [AsyncHttpClient-1-1] DEBUG org.asynchttpclient.netty.channel.DefaultChannelPool - Adding Candidate expired Channel [id: 0x8a0a0951, L:/127.0.0.1:50246 ! R:localhost/127.0.0.1:50238] isIdleTimeoutExpired=false isRemotelyClosed=true isTtlExpired=false
16:28:13.137 [AsyncHttpClient-1-1] DEBUG org.asynchttpclient.netty.channel.DefaultChannelPool - Closing Idle Channel [id: 0x8a0a0951, L:/127.0.0.1:50246 ! R:localhost/127.0.0.1:50238]
16:28:13.137 [AsyncHttpClient-1-1] DEBUG org.asynchttpclient.netty.channel.DefaultChannelPool - Closed 1 connections out of 1 in 0 ms
16:28:13.179 [AsyncHttpClient-1-5] DEBUG org.asynchttpclient.netty.handler.HttpHandler - 

Request DefaultFullHttpRequest(decodeResult: success, version: HTTP/1.1, content: EmptyByteBufBE)
DELETE /session/01cd599b7beaf9f5defecda95a232d2d HTTP/1.1
User-Agent: selenium/4.1.2 (java windows)
Content-Type: application/json; charset=utf-8
host: localhost:58640
accept: */*

Response DefaultHttpResponse(decodeResult: success, version: HTTP/1.1)
HTTP/1.1 200 OK
Content-Type: application/json; charset=utf-8
cache-control: no-cache
content-length: 14

16:28:13.179 [AsyncHttpClient-1-5] DEBUG org.asynchttpclient.netty.channel.ChannelManager - Adding key: http://localhost:58640 for channel [id: 0x5acf3d49, L:/127.0.0.1:50233 - R:localhost/127.0.0.1:58640]
16:28:13.265 [AsyncHttpClient-1-5] DEBUG org.asynchttpclient.netty.handler.HttpHandler - Channel Closed: [id: 0x5acf3d49, L:/127.0.0.1:50233 ! R:localhost/127.0.0.1:58640] with attribute DISCARD
]]></system-out>
    <system-err><![CDATA[Starting ChromeDriver 102.0.5005.61 (0e59bcc00cc4985ce39ad31c150065f159d95ad3-refs/branch-heads/5005@{#819}) on port 58640
Only local connections are allowed.
Please see https://chromedriver.chromium.org/security-considerations for suggestions on keeping ChromeDriver safe.
ChromeDriver was started successfully.
Jun 20, 2022 4:27:53 PM org.openqa.selenium.remote.ProtocolHandshake createSession
INFO: Detected dialect: W3C
Jun 20, 2022 4:27:53 PM org.openqa.selenium.devtools.CdpVersionFinder findNearestMatch
WARNING: Unable to find an exact match for CDP version 102, so returning the closest version found: a no-op implementation
Jun 20, 2022 4:27:53 PM org.openqa.selenium.devtools.CdpVersionFinder findNearestMatch
INFO: Unable to find CDP implementation matching 102.
Jun 20, 2022 4:27:53 PM org.openqa.selenium.chromium.ChromiumDriver lambda$new$3
WARNING: Unable to find version of CDP to use for . You may need to include a dependency on a specific version of the CDP using something similar to `org.seleniumhq.selenium:selenium-devtools-v86:4.1.2` where the version ("v86") matches the version of the chromium-based browser you're using and the version number of the artifact is the same as Selenium's.
]]></system-err>
  </testcase>
  <testcase name="Cancel Create New Appointment Scenario" classname="Appointment" time="44.009">
    <system-out><![CDATA[
@Appointment @CancelCreateAppointment
Scenario: Cancel Create New Appointment Scenario &amp#27;[90m# src/test/resources/features/1.Appointment.feature:26&amp#27;[0m
16:28:13.838 [main] INFO io.cucumber.core.plugin.SerenityReporter - Running feature from file:///E:/My%20Documents/File%20Difa/TI%20Semester%206%20Kampus%20Merdeka%20Alterra/Tugas/CAPSTONE%20Project/Capstone-Project-Website/src/test/resources/features/1.Appointment.feature
16:28:13.841 [main] INFO  - 
  _____   ___   ___   _____     ___   _____     _     ___   _____   ___   ___  
 |_   _| | __| / __| |_   _|   / __| |_   _|   /_\   | _ \ |_   _| | __| |   \ 
   | |   | _|  \__ \   | |     \__ \   | |    / _ \  |   /   | |   | _|  | |) |
   |_|   |___| |___/   |_|     |___/   |_|   /_/ \_\ |_|_\   |_|   |___| |___/ 

Cancel Create New Appointment Scenario(appointment;cancel-create-new-appointment-scenario)
--------------------------------------------------------------------------------
16:28:13.864 [main] DEBUG net.thucydides.core.steps.StepInterceptor - STARTING STEP: DashboardSteps.iAmOnTheDashboardPage - openUrl
16:28:13.866 [main] INFO net.serenitybdd.core.webdriver.driverproviders.ChromeDriverProvider - Using automatically driver download
16:28:14.235 [main] DEBUG io.github.bonigarcia.wdm.cache.ResolutionCache - Resolution chrome=102 in cache (valid until 16:47:55 20/06/2022 ICT)
16:28:14.238 [AsyncHttpClient-1-1] DEBUG org.asynchttpclient.netty.channel.DefaultChannelPool - Entry count for : http://localhost:58640 : 1
16:28:14.238 [AsyncHttpClient-1-1] DEBUG org.asynchttpclient.netty.channel.DefaultChannelPool - Adding Candidate expired Channel [id: 0x5acf3d49, L:/127.0.0.1:50233 ! R:localhost/127.0.0.1:58640] isIdleTimeoutExpired=false isRemotelyClosed=true isTtlExpired=false
16:28:14.238 [AsyncHttpClient-1-1] DEBUG org.asynchttpclient.netty.channel.DefaultChannelPool - Closing Idle Channel [id: 0x5acf3d49, L:/127.0.0.1:50233 ! R:localhost/127.0.0.1:58640]
16:28:14.238 [AsyncHttpClient-1-1] DEBUG org.asynchttpclient.netty.channel.DefaultChannelPool - Closed 1 connections out of 1 in 0 ms
16:28:14.241 [main] DEBUG io.github.bonigarcia.wdm.cache.ResolutionCache - Resolution chrome102=102.0.5005.61 in cache (valid until 09:12:44 21/06/2022 ICT)
16:28:14.244 [main] INFO io.github.bonigarcia.wdm.WebDriverManager - Using chromedriver 102.0.5005.61 (resolved driver for Chrome 102)
16:28:14.259 [main] DEBUG io.github.bonigarcia.wdm.WebDriverManager - Driver chromedriver 102.0.5005.61 found in cache
16:28:14.260 [main] INFO io.github.bonigarcia.wdm.WebDriverManager - Exporting webdriver.chrome.driver as C:\Users\USER\.cache\selenium\chromedriver\win32\102.0.5005.61\chromedriver.exe
16:28:14.407 [main] DEBUG net.serenitybdd.core.webdriver.driverproviders.ProvideNewDriver - Instantiating driver
16:28:14.407 [main] DEBUG net.serenitybdd.core.webdriver.driverproviders.ProvideNewDriver - Driver capabilities: Capabilities {acceptInsecureCerts: false, base.url: https://hospital-management..., browserName: chrome, chrome.driver: src/test/resources/webdrive..., driver: chrome, goog:chromeOptions: {args: [], extensions: []}}
16:28:15.493 [AsyncHttpClient-1-8] DEBUG org.asynchttpclient.netty.channel.NettyConnectListener - Using new Channel '[id: 0x3a8e8f1b, L:/127.0.0.1:50284 - R:localhost/127.0.0.1:59244]' for 'POST' to '/session'
16:28:18.412 [AsyncHttpClient-1-8] DEBUG org.asynchttpclient.netty.handler.HttpHandler - 

Request DefaultHttpRequest(decodeResult: success, version: HTTP/1.1)
POST /session HTTP/1.1
User-Agent: selenium/4.1.2 (java windows)
Content-Length: 621
Content-Type: application/json; charset=utf-8
host: localhost:59244
accept: */*

Response DefaultHttpResponse(decodeResult: success, version: HTTP/1.1)
HTTP/1.1 200 OK
Content-Type: application/json; charset=utf-8
cache-control: no-cache
content-length: 789

16:28:18.413 [AsyncHttpClient-1-8] DEBUG org.asynchttpclient.netty.channel.ChannelManager - Adding key: http://localhost:59244 for channel [id: 0x3a8e8f1b, L:/127.0.0.1:50284 - R:localhost/127.0.0.1:59244]
16:28:18.423 [AsyncHttpClient-1-9] DEBUG org.asynchttpclient.netty.channel.NettyConnectListener - Using new Channel '[id: 0x9d3b715e, L:/127.0.0.1:50293 - R:localhost/127.0.0.1:50287]' for 'GET' to '/json/version'
16:28:18.437 [AsyncHttpClient-1-9] DEBUG org.asynchttpclient.netty.handler.HttpHandler - 

Request DefaultFullHttpRequest(decodeResult: success, version: HTTP/1.1, content: EmptyByteBufBE)
GET /json/version HTTP/1.1
User-Agent: selenium/4.1.2 (java windows)
host: localhost:50287
accept: */*

Response DefaultHttpResponse(decodeResult: success, version: HTTP/1.1)
HTTP/1.1 200 OK
Content-Type: application/json; charset=UTF-8
content-length: 427

16:28:18.437 [AsyncHttpClient-1-9] DEBUG org.asynchttpclient.netty.channel.ChannelManager - Adding key: http://localhost:50287 for channel [id: 0x9d3b715e, L:/127.0.0.1:50293 - R:localhost/127.0.0.1:50287]
16:28:18.440 [AsyncHttpClient-1-2] DEBUG org.asynchttpclient.netty.channel.NettyConnectListener - Using new Channel '[id: 0xaf13575d, L:/127.0.0.1:50294 - R:localhost/127.0.0.1:50287]' for 'GET' to '/devtools/browser/70b3fb86-60d9-4726-acc5-666915d8a09c'
16:28:18.442 [AsyncHttpClient-1-2] DEBUG org.asynchttpclient.netty.handler.WebSocketHandler - 

Request DefaultFullHttpRequest(decodeResult: success, version: HTTP/1.1, content: EmptyByteBufBE)
GET /devtools/browser/70b3fb86-60d9-4726-acc5-666915d8a09c HTTP/1.1
upgrade: websocket
connection: upgrade
sec-websocket-key: tkbM/qBFxqIHkgazQNAM4A==
sec-websocket-version: 13
origin: http://localhost:50287
host: localhost:50287
accept: */*
user-agent: AHC/2.1

Response DefaultHttpResponse(decodeResult: success, version: HTTP/1.1)
HTTP/1.1 101 WebSocket Protocol Handshake
Upgrade: WebSocket
Connection: Upgrade
Sec-WebSocket-Accept: 5DDB1J/z3f0Lk5wgEdM650TPyaY=

16:28:18.511 [Forwarding maximizeCurrentWindow on session e4278e146056c079677ba3b4507b0d84 to remote] DEBUG org.asynchttpclient.netty.request.NettyRequestSender - Using pooled Channel '[id: 0x3a8e8f1b, L:/127.0.0.1:50284 - R:localhost/127.0.0.1:59244]' for 'POST' to 'http://localhost:59244/session/e4278e146056c079677ba3b4507b0d84/window/maximize'
16:28:18.511 [Forwarding maximizeCurrentWindow on session e4278e146056c079677ba3b4507b0d84 to remote] DEBUG org.asynchttpclient.netty.request.NettyRequestSender - Using open Channel [id: 0x3a8e8f1b, L:/127.0.0.1:50284 - R:localhost/127.0.0.1:59244] for POST '/session/e4278e146056c079677ba3b4507b0d84/window/maximize'
16:28:18.635 [AsyncHttpClient-1-8] DEBUG org.asynchttpclient.netty.handler.HttpHandler - 

Request DefaultHttpRequest(decodeResult: success, version: HTTP/1.1)
POST /session/e4278e146056c079677ba3b4507b0d84/window/maximize HTTP/1.1
User-Agent: selenium/4.1.2 (java windows)
Content-Length: 3
Content-Type: application/json; charset=utf-8
host: localhost:59244
accept: */*

Response DefaultHttpResponse(decodeResult: success, version: HTTP/1.1)
HTTP/1.1 200 OK
Content-Type: application/json; charset=utf-8
cache-control: no-cache
content-length: 51

16:28:18.635 [AsyncHttpClient-1-8] DEBUG org.asynchttpclient.netty.channel.ChannelManager - Adding key: http://localhost:59244 for channel [id: 0x3a8e8f1b, L:/127.0.0.1:50284 - R:localhost/127.0.0.1:59244]
16:28:18.638 [Forwarding get on session e4278e146056c079677ba3b4507b0d84 to remote] DEBUG org.asynchttpclient.netty.request.NettyRequestSender - Using pooled Channel '[id: 0x3a8e8f1b, L:/127.0.0.1:50284 - R:localhost/127.0.0.1:59244]' for 'POST' to 'http://localhost:59244/session/e4278e146056c079677ba3b4507b0d84/url'
16:28:18.638 [Forwarding get on session e4278e146056c079677ba3b4507b0d84 to remote] DEBUG org.asynchttpclient.netty.request.NettyRequestSender - Using open Channel [id: 0x3a8e8f1b, L:/127.0.0.1:50284 - R:localhost/127.0.0.1:59244] for POST '/session/e4278e146056c079677ba3b4507b0d84/url'
16:28:18.639 [AsyncHttpClient-1-1] DEBUG org.asynchttpclient.netty.channel.DefaultChannelPool - Entry count for : http://localhost:50287 : 1
16:28:19.737 [AsyncHttpClient-1-1] DEBUG org.asynchttpclient.netty.channel.DefaultChannelPool - Entry count for : http://localhost:50287 : 1
16:28:20.838 [AsyncHttpClient-1-1] DEBUG org.asynchttpclient.netty.channel.DefaultChannelPool - Entry count for : http://localhost:50287 : 1
16:28:21.938 [AsyncHttpClient-1-1] DEBUG org.asynchttpclient.netty.channel.DefaultChannelPool - Entry count for : http://localhost:50287 : 1
16:28:23.039 [AsyncHttpClient-1-1] DEBUG org.asynchttpclient.netty.channel.DefaultChannelPool - Entry count for : http://localhost:50287 : 1
16:28:24.139 [AsyncHttpClient-1-1] DEBUG org.asynchttpclient.netty.channel.DefaultChannelPool - Entry count for : http://localhost:50287 : 1
16:28:25.237 [AsyncHttpClient-1-1] DEBUG org.asynchttpclient.netty.channel.DefaultChannelPool - Entry count for : http://localhost:50287 : 1
16:28:26.339 [AsyncHttpClient-1-1] DEBUG org.asynchttpclient.netty.channel.DefaultChannelPool - Entry count for : http://localhost:50287 : 1
16:28:27.437 [AsyncHttpClient-1-1] DEBUG org.asynchttpclient.netty.channel.DefaultChannelPool - Entry count for : http://localhost:50287 : 1
16:28:28.537 [AsyncHttpClient-1-1] DEBUG org.asynchttpclient.netty.channel.DefaultChannelPool - Entry count for : http://localhost:50287 : 1
16:28:29.444 [AsyncHttpClient-1-8] DEBUG org.asynchttpclient.netty.handler.HttpHandler - 

Request DefaultHttpRequest(decodeResult: success, version: HTTP/1.1)
POST /session/e4278e146056c079677ba3b4507b0d84/url HTTP/1.1
User-Agent: selenium/4.1.2 (java windows)
Content-Length: 65
Content-Type: application/json; charset=utf-8
host: localhost:59244
accept: */*

Response DefaultHttpResponse(decodeResult: success, version: HTTP/1.1)
HTTP/1.1 200 OK
Content-Type: application/json; charset=utf-8
cache-control: no-cache
content-length: 14

16:28:29.444 [AsyncHttpClient-1-8] DEBUG org.asynchttpclient.netty.channel.ChannelManager - Adding key: http://localhost:59244 for channel [id: 0x3a8e8f1b, L:/127.0.0.1:50284 - R:localhost/127.0.0.1:59244]
16:28:29.448 [Forwarding setTimeout on session e4278e146056c079677ba3b4507b0d84 to remote] DEBUG org.asynchttpclient.netty.request.NettyRequestSender - Using pooled Channel '[id: 0x3a8e8f1b, L:/127.0.0.1:50284 - R:localhost/127.0.0.1:59244]' for 'POST' to 'http://localhost:59244/session/e4278e146056c079677ba3b4507b0d84/timeouts'
16:28:29.448 [Forwarding setTimeout on session e4278e146056c079677ba3b4507b0d84 to remote] DEBUG org.asynchttpclient.netty.request.NettyRequestSender - Using open Channel [id: 0x3a8e8f1b, L:/127.0.0.1:50284 - R:localhost/127.0.0.1:59244] for POST '/session/e4278e146056c079677ba3b4507b0d84/timeouts'
16:28:29.451 [AsyncHttpClient-1-8] DEBUG org.asynchttpclient.netty.handler.HttpHandler - 

Request DefaultHttpRequest(decodeResult: success, version: HTTP/1.1)
POST /session/e4278e146056c079677ba3b4507b0d84/timeouts HTTP/1.1
User-Agent: selenium/4.1.2 (java windows)
Content-Length: 22
Content-Type: application/json; charset=utf-8
host: localhost:59244
accept: */*

Response DefaultHttpResponse(decodeResult: success, version: HTTP/1.1)
HTTP/1.1 200 OK
Content-Type: application/json; charset=utf-8
cache-control: no-cache
content-length: 14

16:28:29.452 [AsyncHttpClient-1-8] DEBUG org.asynchttpclient.netty.channel.ChannelManager - Adding key: http://localhost:59244 for channel [id: 0x3a8e8f1b, L:/127.0.0.1:50284 - R:localhost/127.0.0.1:59244]
16:28:29.459 [Forwarding getCurrentUrl on session e4278e146056c079677ba3b4507b0d84 to remote] DEBUG org.asynchttpclient.netty.request.NettyRequestSender - Using pooled Channel '[id: 0x3a8e8f1b, L:/127.0.0.1:50284 - R:localhost/127.0.0.1:59244]' for 'GET' to 'http://localhost:59244/session/e4278e146056c079677ba3b4507b0d84/url'
16:28:29.459 [Forwarding getCurrentUrl on session e4278e146056c079677ba3b4507b0d84 to remote] DEBUG org.asynchttpclient.netty.request.NettyRequestSender - Using open Channel [id: 0x3a8e8f1b, L:/127.0.0.1:50284 - R:localhost/127.0.0.1:59244] for GET '/session/e4278e146056c079677ba3b4507b0d84/url'
16:28:29.638 [AsyncHttpClient-1-1] DEBUG org.asynchttpclient.netty.channel.DefaultChannelPool - Entry count for : http://localhost:50287 : 1
16:28:30.738 [AsyncHttpClient-1-1] DEBUG org.asynchttpclient.netty.channel.DefaultChannelPool - Entry count for : http://localhost:50287 : 1
16:28:31.453 [AsyncHttpClient-1-8] DEBUG org.asynchttpclient.netty.handler.HttpHandler - 

Request DefaultFullHttpRequest(decodeResult: success, version: HTTP/1.1, content: EmptyByteBufBE)
GET /session/e4278e146056c079677ba3b4507b0d84/url HTTP/1.1
User-Agent: selenium/4.1.2 (java windows)
Cache-Control: no-cache
Content-Type: application/json; charset=utf-8
host: localhost:59244
accept: */*

Response DefaultHttpResponse(decodeResult: success, version: HTTP/1.1)
HTTP/1.1 200 OK
Content-Type: application/json; charset=utf-8
cache-control: no-cache
content-length: 53

16:28:31.454 [AsyncHttpClient-1-8] DEBUG org.asynchttpclient.netty.channel.ChannelManager - Adding key: http://localhost:59244 for channel [id: 0x3a8e8f1b, L:/127.0.0.1:50284 - R:localhost/127.0.0.1:59244]
16:28:31.466 [Forwarding getCurrentUrl on session e4278e146056c079677ba3b4507b0d84 to remote] DEBUG org.asynchttpclient.netty.request.NettyRequestSender - Using pooled Channel '[id: 0x3a8e8f1b, L:/127.0.0.1:50284 - R:localhost/127.0.0.1:59244]' for 'GET' to 'http://localhost:59244/session/e4278e146056c079677ba3b4507b0d84/url'
16:28:31.466 [Forwarding getCurrentUrl on session e4278e146056c079677ba3b4507b0d84 to remote] DEBUG org.asynchttpclient.netty.request.NettyRequestSender - Using open Channel [id: 0x3a8e8f1b, L:/127.0.0.1:50284 - R:localhost/127.0.0.1:59244] for GET '/session/e4278e146056c079677ba3b4507b0d84/url'
16:28:31.478 [AsyncHttpClient-1-8] DEBUG org.asynchttpclient.netty.handler.HttpHandler - 

Request DefaultFullHttpRequest(decodeResult: success, version: HTTP/1.1, content: EmptyByteBufBE)
GET /session/e4278e146056c079677ba3b4507b0d84/url HTTP/1.1
User-Agent: selenium/4.1.2 (java windows)
Cache-Control: no-cache
Content-Type: application/json; charset=utf-8
host: localhost:59244
accept: */*

Response DefaultHttpResponse(decodeResult: success, version: HTTP/1.1)
HTTP/1.1 200 OK
Content-Type: application/json; charset=utf-8
cache-control: no-cache
content-length: 53

16:28:31.479 [AsyncHttpClient-1-8] DEBUG org.asynchttpclient.netty.channel.ChannelManager - Adding key: http://localhost:59244 for channel [id: 0x3a8e8f1b, L:/127.0.0.1:50284 - R:localhost/127.0.0.1:59244]
16:28:31.494 [Forwarding screenshot on session e4278e146056c079677ba3b4507b0d84 to remote] DEBUG org.asynchttpclient.netty.request.NettyRequestSender - Using pooled Channel '[id: 0x3a8e8f1b, L:/127.0.0.1:50284 - R:localhost/127.0.0.1:59244]' for 'GET' to 'http://localhost:59244/session/e4278e146056c079677ba3b4507b0d84/screenshot'
16:28:31.495 [Forwarding screenshot on session e4278e146056c079677ba3b4507b0d84 to remote] DEBUG org.asynchttpclient.netty.request.NettyRequestSender - Using open Channel [id: 0x3a8e8f1b, L:/127.0.0.1:50284 - R:localhost/127.0.0.1:59244] for GET '/session/e4278e146056c079677ba3b4507b0d84/screenshot'
16:28:31.837 [AsyncHttpClient-1-1] DEBUG org.asynchttpclient.netty.channel.DefaultChannelPool - Entry count for : http://localhost:50287 : 1
16:28:32.938 [AsyncHttpClient-1-1] DEBUG org.asynchttpclient.netty.channel.DefaultChannelPool - Entry count for : http://localhost:50287 : 1
16:28:34.039 [AsyncHttpClient-1-1] DEBUG org.asynchttpclient.netty.channel.DefaultChannelPool - Entry count for : http://localhost:50287 : 1
16:28:35.138 [AsyncHttpClient-1-1] DEBUG org.asynchttpclient.netty.channel.DefaultChannelPool - Entry count for : http://localhost:50287 : 1
16:28:35.529 [AsyncHttpClient-1-8] DEBUG org.asynchttpclient.netty.handler.HttpHandler - 

Request DefaultFullHttpRequest(decodeResult: success, version: HTTP/1.1, content: EmptyByteBufBE)
GET /session/e4278e146056c079677ba3b4507b0d84/screenshot HTTP/1.1
User-Agent: selenium/4.1.2 (java windows)
Cache-Control: no-cache
Content-Type: application/json; charset=utf-8
host: localhost:59244
accept: */*

Response DefaultHttpResponse(decodeResult: success, version: HTTP/1.1)
HTTP/1.1 200 OK
Content-Type: application/json; charset=utf-8
cache-control: no-cache
content-length: 382596

16:28:35.539 [AsyncHttpClient-1-8] DEBUG org.asynchttpclient.netty.channel.ChannelManager - Adding key: http://localhost:59244 for channel [id: 0x3a8e8f1b, L:/127.0.0.1:50284 - R:localhost/127.0.0.1:59244]
16:28:35.755 [main] DEBUG net.serenitybdd.core.photography.Darkroom - Send negative for processing for target\site\serenity\ed15a54c91c342d96a850276df7b559f4526b370fc93040e3c407a48a170f368.png
16:28:35.756 [main] DEBUG net.thucydides.core.steps.StepInterceptor - STEP DONE: openUrl
16:28:35.763 [main] DEBUG net.thucydides.core.steps.StepInterceptor - STARTING STEP: DashboardSteps.iAmOnTheDashboardPage - validateOnDashboardPage
16:28:35.766 [Forwarding findElement on session e4278e146056c079677ba3b4507b0d84 to remote] DEBUG org.asynchttpclient.netty.request.NettyRequestSender - Using pooled Channel '[id: 0x3a8e8f1b, L:/127.0.0.1:50284 - R:localhost/127.0.0.1:59244]' for 'POST' to 'http://localhost:59244/session/e4278e146056c079677ba3b4507b0d84/element'
16:28:35.766 [Forwarding findElement on session e4278e146056c079677ba3b4507b0d84 to remote] DEBUG org.asynchttpclient.netty.request.NettyRequestSender - Using open Channel [id: 0x3a8e8f1b, L:/127.0.0.1:50284 - R:localhost/127.0.0.1:59244] for POST '/session/e4278e146056c079677ba3b4507b0d84/element'
16:28:36.237 [AsyncHttpClient-1-1] DEBUG org.asynchttpclient.netty.channel.DefaultChannelPool - Entry count for : http://localhost:50287 : 1
16:28:37.337 [AsyncHttpClient-1-1] DEBUG org.asynchttpclient.netty.channel.DefaultChannelPool - Entry count for : http://localhost:50287 : 1
16:28:39.290 [AsyncHttpClient-1-1] DEBUG org.asynchttpclient.netty.channel.DefaultChannelPool - Entry count for : http://localhost:50287 : 1
16:28:40.337 [AsyncHttpClient-1-1] DEBUG org.asynchttpclient.netty.channel.DefaultChannelPool - Entry count for : http://localhost:50287 : 1
16:28:41.437 [AsyncHttpClient-1-1] DEBUG org.asynchttpclient.netty.channel.DefaultChannelPool - Entry count for : http://localhost:50287 : 1
16:28:42.537 [AsyncHttpClient-1-1] DEBUG org.asynchttpclient.netty.channel.DefaultChannelPool - Entry count for : http://localhost:50287 : 1
16:28:43.351 [AsyncHttpClient-1-8] DEBUG org.asynchttpclient.netty.handler.HttpHandler - 

Request DefaultHttpRequest(decodeResult: success, version: HTTP/1.1)
POST /session/e4278e146056c079677ba3b4507b0d84/element HTTP/1.1
User-Agent: selenium/4.1.2 (java windows)
Content-Length: 81
Content-Type: application/json; charset=utf-8
host: localhost:59244
accept: */*

Response DefaultHttpResponse(decodeResult: success, version: HTTP/1.1)
HTTP/1.1 200 OK
Content-Type: application/json; charset=utf-8
cache-control: no-cache
content-length: 88

16:28:43.352 [AsyncHttpClient-1-8] DEBUG org.asynchttpclient.netty.channel.ChannelManager - Adding key: http://localhost:59244 for channel [id: 0x3a8e8f1b, L:/127.0.0.1:50284 - R:localhost/127.0.0.1:59244]
16:28:43.360 [Forwarding isElementDisplayed on session e4278e146056c079677ba3b4507b0d84 to remote] DEBUG org.asynchttpclient.netty.request.NettyRequestSender - Using pooled Channel '[id: 0x3a8e8f1b, L:/127.0.0.1:50284 - R:localhost/127.0.0.1:59244]' for 'POST' to 'http://localhost:59244/session/e4278e146056c079677ba3b4507b0d84/execute/sync'
16:28:43.360 [Forwarding isElementDisplayed on session e4278e146056c079677ba3b4507b0d84 to remote] DEBUG org.asynchttpclient.netty.request.NettyRequestSender - Using open Channel [id: 0x3a8e8f1b, L:/127.0.0.1:50284 - R:localhost/127.0.0.1:59244] for POST '/session/e4278e146056c079677ba3b4507b0d84/execute/sync'
16:28:43.637 [AsyncHttpClient-1-1] DEBUG org.asynchttpclient.netty.channel.DefaultChannelPool - Entry count for : http://localhost:50287 : 1
16:28:43.752 [AsyncHttpClient-1-8] DEBUG org.asynchttpclient.netty.handler.HttpHandler - 

Request DefaultHttpRequest(decodeResult: success, version: HTTP/1.1)
POST /session/e4278e146056c079677ba3b4507b0d84/execute/sync HTTP/1.1
User-Agent: selenium/4.1.2 (java windows)
Content-Length: 48780
Content-Type: application/json; charset=utf-8
host: localhost:59244
accept: */*

Response DefaultHttpResponse(decodeResult: success, version: HTTP/1.1)
HTTP/1.1 200 OK
Content-Type: application/json; charset=utf-8
cache-control: no-cache
content-length: 14

16:28:43.753 [AsyncHttpClient-1-8] DEBUG org.asynchttpclient.netty.channel.ChannelManager - Adding key: http://localhost:59244 for channel [id: 0x3a8e8f1b, L:/127.0.0.1:50284 - R:localhost/127.0.0.1:59244]
16:28:43.762 [Forwarding screenshot on session e4278e146056c079677ba3b4507b0d84 to remote] DEBUG org.asynchttpclient.netty.request.NettyRequestSender - Using pooled Channel '[id: 0x3a8e8f1b, L:/127.0.0.1:50284 - R:localhost/127.0.0.1:59244]' for 'GET' to 'http://localhost:59244/session/e4278e146056c079677ba3b4507b0d84/screenshot'
16:28:43.762 [Forwarding screenshot on session e4278e146056c079677ba3b4507b0d84 to remote] DEBUG org.asynchttpclient.netty.request.NettyRequestSender - Using open Channel [id: 0x3a8e8f1b, L:/127.0.0.1:50284 - R:localhost/127.0.0.1:59244] for GET '/session/e4278e146056c079677ba3b4507b0d84/screenshot'
16:28:44.094 [AsyncHttpClient-1-8] DEBUG org.asynchttpclient.netty.handler.HttpHandler - 

Request DefaultFullHttpRequest(decodeResult: success, version: HTTP/1.1, content: EmptyByteBufBE)
GET /session/e4278e146056c079677ba3b4507b0d84/screenshot HTTP/1.1
User-Agent: selenium/4.1.2 (java windows)
Cache-Control: no-cache
Content-Type: application/json; charset=utf-8
host: localhost:59244
accept: */*

Response DefaultHttpResponse(decodeResult: success, version: HTTP/1.1)
HTTP/1.1 200 OK
Content-Type: application/json; charset=utf-8
cache-control: no-cache
content-length: 351816

16:28:44.100 [AsyncHttpClient-1-8] DEBUG org.asynchttpclient.netty.channel.ChannelManager - Adding key: http://localhost:59244 for channel [id: 0x3a8e8f1b, L:/127.0.0.1:50284 - R:localhost/127.0.0.1:59244]
16:28:44.173 [main] DEBUG net.serenitybdd.core.photography.Darkroom - Send negative for processing for target\site\serenity\20277f1d76f1b925628464fcd1ece5de77a814679d1be3fdcf836a7ddadfed60.png
16:28:44.174 [main] DEBUG net.thucydides.core.steps.StepInterceptor - STEP DONE: validateOnDashboardPage
  &amp#27;[32mGiven &amp#27;[0m&amp#27;[32mI am on the dashboard page&amp#27;[0m               &amp#27;[90m# starter.stepdefinitions.DashboardSteps.iAmOnTheDashboardPage()&amp#27;[0m
16:28:44.335 [Forwarding screenshot on session e4278e146056c079677ba3b4507b0d84 to remote] DEBUG org.asynchttpclient.netty.request.NettyRequestSender - Using pooled Channel '[id: 0x3a8e8f1b, L:/127.0.0.1:50284 - R:localhost/127.0.0.1:59244]' for 'GET' to 'http://localhost:59244/session/e4278e146056c079677ba3b4507b0d84/screenshot'
16:28:44.335 [Forwarding screenshot on session e4278e146056c079677ba3b4507b0d84 to remote] DEBUG org.asynchttpclient.netty.request.NettyRequestSender - Using open Channel [id: 0x3a8e8f1b, L:/127.0.0.1:50284 - R:localhost/127.0.0.1:59244] for GET '/session/e4278e146056c079677ba3b4507b0d84/screenshot'
16:28:44.662 [AsyncHttpClient-1-8] DEBUG org.asynchttpclient.netty.handler.HttpHandler - 

Request DefaultFullHttpRequest(decodeResult: success, version: HTTP/1.1, content: EmptyByteBufBE)
GET /session/e4278e146056c079677ba3b4507b0d84/screenshot HTTP/1.1
User-Agent: selenium/4.1.2 (java windows)
Cache-Control: no-cache
Content-Type: application/json; charset=utf-8
host: localhost:59244
accept: */*

Response DefaultHttpResponse(decodeResult: success, version: HTTP/1.1)
HTTP/1.1 200 OK
Content-Type: application/json; charset=utf-8
cache-control: no-cache
content-length: 351816

16:28:44.665 [AsyncHttpClient-1-8] DEBUG org.asynchttpclient.netty.channel.ChannelManager - Adding key: http://localhost:59244 for channel [id: 0x3a8e8f1b, L:/127.0.0.1:50284 - R:localhost/127.0.0.1:59244]
16:28:44.690 [main] DEBUG net.serenitybdd.core.photography.Darkroom - Send negative for processing for target\site\serenity\20277f1d76f1b925628464fcd1ece5de77a814679d1be3fdcf836a7ddadfed60.png
16:28:44.691 [main] DEBUG net.thucydides.core.steps.StepInterceptor - STARTING STEP: AppointmentSteps.iClickMenuAppointment - clickMenuAppointmentButton
16:28:44.738 [AsyncHttpClient-1-1] DEBUG org.asynchttpclient.netty.channel.DefaultChannelPool - Entry count for : http://localhost:59244 : 1
16:28:44.738 [AsyncHttpClient-1-1] DEBUG org.asynchttpclient.netty.channel.DefaultChannelPool - Entry count for : http://localhost:50287 : 1
16:28:44.759 [Forwarding findElement on session e4278e146056c079677ba3b4507b0d84 to remote] DEBUG org.asynchttpclient.netty.request.NettyRequestSender - Using pooled Channel '[id: 0x3a8e8f1b, L:/127.0.0.1:50284 - R:localhost/127.0.0.1:59244]' for 'POST' to 'http://localhost:59244/session/e4278e146056c079677ba3b4507b0d84/element'
16:28:44.759 [Forwarding findElement on session e4278e146056c079677ba3b4507b0d84 to remote] DEBUG org.asynchttpclient.netty.request.NettyRequestSender - Using open Channel [id: 0x3a8e8f1b, L:/127.0.0.1:50284 - R:localhost/127.0.0.1:59244] for POST '/session/e4278e146056c079677ba3b4507b0d84/element'
16:28:44.800 [AsyncHttpClient-1-8] DEBUG org.asynchttpclient.netty.handler.HttpHandler - 

Request DefaultHttpRequest(decodeResult: success, version: HTTP/1.1)
POST /session/e4278e146056c079677ba3b4507b0d84/element HTTP/1.1
User-Agent: selenium/4.1.2 (java windows)
Content-Length: 84
Content-Type: application/json; charset=utf-8
host: localhost:59244
accept: */*

Response DefaultHttpResponse(decodeResult: success, version: HTTP/1.1)
HTTP/1.1 200 OK
Content-Type: application/json; charset=utf-8
cache-control: no-cache
content-length: 88

16:28:44.800 [AsyncHttpClient-1-8] DEBUG org.asynchttpclient.netty.channel.ChannelManager - Adding key: http://localhost:59244 for channel [id: 0x3a8e8f1b, L:/127.0.0.1:50284 - R:localhost/127.0.0.1:59244]
16:28:44.803 [Forwarding getElementTagName on session e4278e146056c079677ba3b4507b0d84 to remote] DEBUG org.asynchttpclient.netty.request.NettyRequestSender - Using pooled Channel '[id: 0x3a8e8f1b, L:/127.0.0.1:50284 - R:localhost/127.0.0.1:59244]' for 'GET' to 'http://localhost:59244/session/e4278e146056c079677ba3b4507b0d84/element/9ac21543-7375-46d0-a923-5f9cb4e75789/name'
16:28:44.803 [Forwarding getElementTagName on session e4278e146056c079677ba3b4507b0d84 to remote] DEBUG org.asynchttpclient.netty.request.NettyRequestSender - Using open Channel [id: 0x3a8e8f1b, L:/127.0.0.1:50284 - R:localhost/127.0.0.1:59244] for GET '/session/e4278e146056c079677ba3b4507b0d84/element/9ac21543-7375-46d0-a923-5f9cb4e75789/name'
16:28:45.091 [AsyncHttpClient-1-8] DEBUG org.asynchttpclient.netty.handler.HttpHandler - 

Request DefaultFullHttpRequest(decodeResult: success, version: HTTP/1.1, content: EmptyByteBufBE)
GET /session/e4278e146056c079677ba3b4507b0d84/element/9ac21543-7375-46d0-a923-5f9cb4e75789/name HTTP/1.1
User-Agent: selenium/4.1.2 (java windows)
Cache-Control: no-cache
Content-Type: application/json; charset=utf-8
host: localhost:59244
accept: */*

Response DefaultHttpResponse(decodeResult: success, version: HTTP/1.1)
HTTP/1.1 200 OK
Content-Type: application/json; charset=utf-8
cache-control: no-cache
content-length: 15

16:28:45.091 [AsyncHttpClient-1-8] DEBUG org.asynchttpclient.netty.channel.ChannelManager - Adding key: http://localhost:59244 for channel [id: 0x3a8e8f1b, L:/127.0.0.1:50284 - R:localhost/127.0.0.1:59244]
16:28:45.094 [Forwarding getElementTagName on session e4278e146056c079677ba3b4507b0d84 to remote] DEBUG org.asynchttpclient.netty.request.NettyRequestSender - Using pooled Channel '[id: 0x3a8e8f1b, L:/127.0.0.1:50284 - R:localhost/127.0.0.1:59244]' for 'GET' to 'http://localhost:59244/session/e4278e146056c079677ba3b4507b0d84/element/9ac21543-7375-46d0-a923-5f9cb4e75789/name'
16:28:45.094 [Forwarding getElementTagName on session e4278e146056c079677ba3b4507b0d84 to remote] DEBUG org.asynchttpclient.netty.request.NettyRequestSender - Using open Channel [id: 0x3a8e8f1b, L:/127.0.0.1:50284 - R:localhost/127.0.0.1:59244] for GET '/session/e4278e146056c079677ba3b4507b0d84/element/9ac21543-7375-46d0-a923-5f9cb4e75789/name'
16:28:45.099 [AsyncHttpClient-1-8] DEBUG org.asynchttpclient.netty.handler.HttpHandler - 

Request DefaultFullHttpRequest(decodeResult: success, version: HTTP/1.1, content: EmptyByteBufBE)
GET /session/e4278e146056c079677ba3b4507b0d84/element/9ac21543-7375-46d0-a923-5f9cb4e75789/name HTTP/1.1
User-Agent: selenium/4.1.2 (java windows)
Cache-Control: no-cache
Content-Type: application/json; charset=utf-8
host: localhost:59244
accept: */*

Response DefaultHttpResponse(decodeResult: success, version: HTTP/1.1)
HTTP/1.1 200 OK
Content-Type: application/json; charset=utf-8
cache-control: no-cache
content-length: 15

16:28:45.100 [AsyncHttpClient-1-8] DEBUG org.asynchttpclient.netty.channel.ChannelManager - Adding key: http://localhost:59244 for channel [id: 0x3a8e8f1b, L:/127.0.0.1:50284 - R:localhost/127.0.0.1:59244]
16:28:45.115 [Forwarding findElement on session e4278e146056c079677ba3b4507b0d84 to remote] DEBUG org.asynchttpclient.netty.request.NettyRequestSender - Using pooled Channel '[id: 0x3a8e8f1b, L:/127.0.0.1:50284 - R:localhost/127.0.0.1:59244]' for 'POST' to 'http://localhost:59244/session/e4278e146056c079677ba3b4507b0d84/element'
16:28:45.115 [Forwarding findElement on session e4278e146056c079677ba3b4507b0d84 to remote] DEBUG org.asynchttpclient.netty.request.NettyRequestSender - Using open Channel [id: 0x3a8e8f1b, L:/127.0.0.1:50284 - R:localhost/127.0.0.1:59244] for POST '/session/e4278e146056c079677ba3b4507b0d84/element'
16:28:45.126 [AsyncHttpClient-1-8] DEBUG org.asynchttpclient.netty.handler.HttpHandler - 

Request DefaultHttpRequest(decodeResult: success, version: HTTP/1.1)
POST /session/e4278e146056c079677ba3b4507b0d84/element HTTP/1.1
User-Agent: selenium/4.1.2 (java windows)
Content-Length: 84
Content-Type: application/json; charset=utf-8
host: localhost:59244
accept: */*

Response DefaultHttpResponse(decodeResult: success, version: HTTP/1.1)
HTTP/1.1 200 OK
Content-Type: application/json; charset=utf-8
cache-control: no-cache
content-length: 88

16:28:45.127 [AsyncHttpClient-1-8] DEBUG org.asynchttpclient.netty.channel.ChannelManager - Adding key: http://localhost:59244 for channel [id: 0x3a8e8f1b, L:/127.0.0.1:50284 - R:localhost/127.0.0.1:59244]
16:28:45.129 [Forwarding clickElement on session e4278e146056c079677ba3b4507b0d84 to remote] DEBUG org.asynchttpclient.netty.request.NettyRequestSender - Using pooled Channel '[id: 0x3a8e8f1b, L:/127.0.0.1:50284 - R:localhost/127.0.0.1:59244]' for 'POST' to 'http://localhost:59244/session/e4278e146056c079677ba3b4507b0d84/element/9ac21543-7375-46d0-a923-5f9cb4e75789/click'
16:28:45.129 [Forwarding clickElement on session e4278e146056c079677ba3b4507b0d84 to remote] DEBUG org.asynchttpclient.netty.request.NettyRequestSender - Using open Channel [id: 0x3a8e8f1b, L:/127.0.0.1:50284 - R:localhost/127.0.0.1:59244] for POST '/session/e4278e146056c079677ba3b4507b0d84/element/9ac21543-7375-46d0-a923-5f9cb4e75789/click'
16:28:45.839 [AsyncHttpClient-1-1] DEBUG org.asynchttpclient.netty.channel.DefaultChannelPool - Entry count for : http://localhost:50287 : 1
16:28:46.938 [AsyncHttpClient-1-1] DEBUG org.asynchttpclient.netty.channel.DefaultChannelPool - Entry count for : http://localhost:50287 : 1
16:28:48.037 [AsyncHttpClient-1-1] DEBUG org.asynchttpclient.netty.channel.DefaultChannelPool - Entry count for : http://localhost:50287 : 1
16:28:48.662 [AsyncHttpClient-1-8] DEBUG org.asynchttpclient.netty.handler.HttpHandler - 

Request DefaultHttpRequest(decodeResult: success, version: HTTP/1.1)
POST /session/e4278e146056c079677ba3b4507b0d84/element/9ac21543-7375-46d0-a923-5f9cb4e75789/click HTTP/1.1
User-Agent: selenium/4.1.2 (java windows)
Content-Length: 50
Content-Type: application/json; charset=utf-8
host: localhost:59244
accept: */*

Response DefaultHttpResponse(decodeResult: success, version: HTTP/1.1)
HTTP/1.1 200 OK
Content-Type: application/json; charset=utf-8
cache-control: no-cache
content-length: 14

16:28:48.662 [AsyncHttpClient-1-8] DEBUG org.asynchttpclient.netty.channel.ChannelManager - Adding key: http://localhost:59244 for channel [id: 0x3a8e8f1b, L:/127.0.0.1:50284 - R:localhost/127.0.0.1:59244]
16:28:48.679 [Forwarding screenshot on session e4278e146056c079677ba3b4507b0d84 to remote] DEBUG org.asynchttpclient.netty.request.NettyRequestSender - Using pooled Channel '[id: 0x3a8e8f1b, L:/127.0.0.1:50284 - R:localhost/127.0.0.1:59244]' for 'GET' to 'http://localhost:59244/session/e4278e146056c079677ba3b4507b0d84/screenshot'
16:28:48.680 [Forwarding screenshot on session e4278e146056c079677ba3b4507b0d84 to remote] DEBUG org.asynchttpclient.netty.request.NettyRequestSender - Using open Channel [id: 0x3a8e8f1b, L:/127.0.0.1:50284 - R:localhost/127.0.0.1:59244] for GET '/session/e4278e146056c079677ba3b4507b0d84/screenshot'
16:28:48.947 [AsyncHttpClient-1-8] DEBUG org.asynchttpclient.netty.handler.HttpHandler - 

Request DefaultFullHttpRequest(decodeResult: success, version: HTTP/1.1, content: EmptyByteBufBE)
GET /session/e4278e146056c079677ba3b4507b0d84/screenshot HTTP/1.1
User-Agent: selenium/4.1.2 (java windows)
Cache-Control: no-cache
Content-Type: application/json; charset=utf-8
host: localhost:59244
accept: */*

Response DefaultHttpResponse(decodeResult: success, version: HTTP/1.1)
HTTP/1.1 200 OK
Content-Type: application/json; charset=utf-8
cache-control: no-cache
content-length: 77864

16:28:48.948 [AsyncHttpClient-1-8] DEBUG org.asynchttpclient.netty.channel.ChannelManager - Adding key: http://localhost:59244 for channel [id: 0x3a8e8f1b, L:/127.0.0.1:50284 - R:localhost/127.0.0.1:59244]
16:28:48.952 [main] DEBUG net.serenitybdd.core.photography.Darkroom - Send negative for processing for target\site\serenity\1f121c84ac5ed486a34b6564ef548c7a63c0810ba65b369a172b58667ec6d336.png
16:28:48.953 [main] DEBUG net.thucydides.core.steps.StepInterceptor - STEP DONE: clickMenuAppointmentButton
  &amp#27;[32mAnd &amp#27;[0m&amp#27;[32mI click menu Appointment&amp#27;[0m                   &amp#27;[90m# starter.stepdefinitions.AppointmentSteps.iClickMenuAppointment()&amp#27;[0m
16:28:48.970 [main] DEBUG net.thucydides.core.steps.StepInterceptor - STARTING STEP: AppointmentSteps.iClickAddNewAppointment - clickAddNewAppointmentButton
16:28:48.973 [Forwarding findElement on session e4278e146056c079677ba3b4507b0d84 to remote] DEBUG org.asynchttpclient.netty.request.NettyRequestSender - Using pooled Channel '[id: 0x3a8e8f1b, L:/127.0.0.1:50284 - R:localhost/127.0.0.1:59244]' for 'POST' to 'http://localhost:59244/session/e4278e146056c079677ba3b4507b0d84/element'
16:28:48.974 [Forwarding findElement on session e4278e146056c079677ba3b4507b0d84 to remote] DEBUG org.asynchttpclient.netty.request.NettyRequestSender - Using open Channel [id: 0x3a8e8f1b, L:/127.0.0.1:50284 - R:localhost/127.0.0.1:59244] for POST '/session/e4278e146056c079677ba3b4507b0d84/element'
16:28:49.046 [AsyncHttpClient-1-8] DEBUG org.asynchttpclient.netty.handler.HttpHandler - 

Request DefaultHttpRequest(decodeResult: success, version: HTTP/1.1)
POST /session/e4278e146056c079677ba3b4507b0d84/element HTTP/1.1
User-Agent: selenium/4.1.2 (java windows)
Content-Length: 149
Content-Type: application/json; charset=utf-8
host: localhost:59244
accept: */*

Response DefaultHttpResponse(decodeResult: success, version: HTTP/1.1)
HTTP/1.1 200 OK
Content-Type: application/json; charset=utf-8
cache-control: no-cache
content-length: 88

16:28:49.046 [AsyncHttpClient-1-8] DEBUG org.asynchttpclient.netty.channel.ChannelManager - Adding key: http://localhost:59244 for channel [id: 0x3a8e8f1b, L:/127.0.0.1:50284 - R:localhost/127.0.0.1:59244]
16:28:49.049 [Forwarding getElementTagName on session e4278e146056c079677ba3b4507b0d84 to remote] DEBUG org.asynchttpclient.netty.request.NettyRequestSender - Using pooled Channel '[id: 0x3a8e8f1b, L:/127.0.0.1:50284 - R:localhost/127.0.0.1:59244]' for 'GET' to 'http://localhost:59244/session/e4278e146056c079677ba3b4507b0d84/element/11ad0811-b1d8-493c-95a3-589ff643f6d9/name'
16:28:49.049 [Forwarding getElementTagName on session e4278e146056c079677ba3b4507b0d84 to remote] DEBUG org.asynchttpclient.netty.request.NettyRequestSender - Using open Channel [id: 0x3a8e8f1b, L:/127.0.0.1:50284 - R:localhost/127.0.0.1:59244] for GET '/session/e4278e146056c079677ba3b4507b0d84/element/11ad0811-b1d8-493c-95a3-589ff643f6d9/name'
16:28:49.055 [AsyncHttpClient-1-8] DEBUG org.asynchttpclient.netty.handler.HttpHandler - 

Request DefaultFullHttpRequest(decodeResult: success, version: HTTP/1.1, content: EmptyByteBufBE)
GET /session/e4278e146056c079677ba3b4507b0d84/element/11ad0811-b1d8-493c-95a3-589ff643f6d9/name HTTP/1.1
User-Agent: selenium/4.1.2 (java windows)
Cache-Control: no-cache
Content-Type: application/json; charset=utf-8
host: localhost:59244
accept: */*

Response DefaultHttpResponse(decodeResult: success, version: HTTP/1.1)
HTTP/1.1 200 OK
Content-Type: application/json; charset=utf-8
cache-control: no-cache
content-length: 18

16:28:49.055 [AsyncHttpClient-1-8] DEBUG org.asynchttpclient.netty.channel.ChannelManager - Adding key: http://localhost:59244 for channel [id: 0x3a8e8f1b, L:/127.0.0.1:50284 - R:localhost/127.0.0.1:59244]
16:28:49.057 [Forwarding getElementTagName on session e4278e146056c079677ba3b4507b0d84 to remote] DEBUG org.asynchttpclient.netty.request.NettyRequestSender - Using pooled Channel '[id: 0x3a8e8f1b, L:/127.0.0.1:50284 - R:localhost/127.0.0.1:59244]' for 'GET' to 'http://localhost:59244/session/e4278e146056c079677ba3b4507b0d84/element/11ad0811-b1d8-493c-95a3-589ff643f6d9/name'
16:28:49.058 [Forwarding getElementTagName on session e4278e146056c079677ba3b4507b0d84 to remote] DEBUG org.asynchttpclient.netty.request.NettyRequestSender - Using open Channel [id: 0x3a8e8f1b, L:/127.0.0.1:50284 - R:localhost/127.0.0.1:59244] for GET '/session/e4278e146056c079677ba3b4507b0d84/element/11ad0811-b1d8-493c-95a3-589ff643f6d9/name'
16:28:49.062 [AsyncHttpClient-1-8] DEBUG org.asynchttpclient.netty.handler.HttpHandler - 

Request DefaultFullHttpRequest(decodeResult: success, version: HTTP/1.1, content: EmptyByteBufBE)
GET /session/e4278e146056c079677ba3b4507b0d84/element/11ad0811-b1d8-493c-95a3-589ff643f6d9/name HTTP/1.1
User-Agent: selenium/4.1.2 (java windows)
Cache-Control: no-cache
Content-Type: application/json; charset=utf-8
host: localhost:59244
accept: */*

Response DefaultHttpResponse(decodeResult: success, version: HTTP/1.1)
HTTP/1.1 200 OK
Content-Type: application/json; charset=utf-8
cache-control: no-cache
content-length: 18

16:28:49.063 [AsyncHttpClient-1-8] DEBUG org.asynchttpclient.netty.channel.ChannelManager - Adding key: http://localhost:59244 for channel [id: 0x3a8e8f1b, L:/127.0.0.1:50284 - R:localhost/127.0.0.1:59244]
16:28:49.067 [Forwarding isElementEnabled on session e4278e146056c079677ba3b4507b0d84 to remote] DEBUG org.asynchttpclient.netty.request.NettyRequestSender - Using pooled Channel '[id: 0x3a8e8f1b, L:/127.0.0.1:50284 - R:localhost/127.0.0.1:59244]' for 'GET' to 'http://localhost:59244/session/e4278e146056c079677ba3b4507b0d84/element/11ad0811-b1d8-493c-95a3-589ff643f6d9/enabled'
16:28:49.067 [Forwarding isElementEnabled on session e4278e146056c079677ba3b4507b0d84 to remote] DEBUG org.asynchttpclient.netty.request.NettyRequestSender - Using open Channel [id: 0x3a8e8f1b, L:/127.0.0.1:50284 - R:localhost/127.0.0.1:59244] for GET '/session/e4278e146056c079677ba3b4507b0d84/element/11ad0811-b1d8-493c-95a3-589ff643f6d9/enabled'
16:28:49.113 [AsyncHttpClient-1-8] DEBUG org.asynchttpclient.netty.handler.HttpHandler - 

Request DefaultFullHttpRequest(decodeResult: success, version: HTTP/1.1, content: EmptyByteBufBE)
GET /session/e4278e146056c079677ba3b4507b0d84/element/11ad0811-b1d8-493c-95a3-589ff643f6d9/enabled HTTP/1.1
User-Agent: selenium/4.1.2 (java windows)
Cache-Control: no-cache
Content-Type: application/json; charset=utf-8
host: localhost:59244
accept: */*

Response DefaultHttpResponse(decodeResult: success, version: HTTP/1.1)
HTTP/1.1 200 OK
Content-Type: application/json; charset=utf-8
cache-control: no-cache
content-length: 14

16:28:49.113 [AsyncHttpClient-1-8] DEBUG org.asynchttpclient.netty.channel.ChannelManager - Adding key: http://localhost:59244 for channel [id: 0x3a8e8f1b, L:/127.0.0.1:50284 - R:localhost/127.0.0.1:59244]
16:28:49.116 [Forwarding isElementEnabled on session e4278e146056c079677ba3b4507b0d84 to remote] DEBUG org.asynchttpclient.netty.request.NettyRequestSender - Using pooled Channel '[id: 0x3a8e8f1b, L:/127.0.0.1:50284 - R:localhost/127.0.0.1:59244]' for 'GET' to 'http://localhost:59244/session/e4278e146056c079677ba3b4507b0d84/element/11ad0811-b1d8-493c-95a3-589ff643f6d9/enabled'
16:28:49.116 [Forwarding isElementEnabled on session e4278e146056c079677ba3b4507b0d84 to remote] DEBUG org.asynchttpclient.netty.request.NettyRequestSender - Using open Channel [id: 0x3a8e8f1b, L:/127.0.0.1:50284 - R:localhost/127.0.0.1:59244] for GET '/session/e4278e146056c079677ba3b4507b0d84/element/11ad0811-b1d8-493c-95a3-589ff643f6d9/enabled'
16:28:49.124 [AsyncHttpClient-1-8] DEBUG org.asynchttpclient.netty.handler.HttpHandler - 

Request DefaultFullHttpRequest(decodeResult: success, version: HTTP/1.1, content: EmptyByteBufBE)
GET /session/e4278e146056c079677ba3b4507b0d84/element/11ad0811-b1d8-493c-95a3-589ff643f6d9/enabled HTTP/1.1
User-Agent: selenium/4.1.2 (java windows)
Cache-Control: no-cache
Content-Type: application/json; charset=utf-8
host: localhost:59244
accept: */*

Response DefaultHttpResponse(decodeResult: success, version: HTTP/1.1)
HTTP/1.1 200 OK
Content-Type: application/json; charset=utf-8
cache-control: no-cache
content-length: 14

16:28:49.124 [AsyncHttpClient-1-8] DEBUG org.asynchttpclient.netty.channel.ChannelManager - Adding key: http://localhost:59244 for channel [id: 0x3a8e8f1b, L:/127.0.0.1:50284 - R:localhost/127.0.0.1:59244]
16:28:49.128 [Forwarding findElement on session e4278e146056c079677ba3b4507b0d84 to remote] DEBUG org.asynchttpclient.netty.request.NettyRequestSender - Using pooled Channel '[id: 0x3a8e8f1b, L:/127.0.0.1:50284 - R:localhost/127.0.0.1:59244]' for 'POST' to 'http://localhost:59244/session/e4278e146056c079677ba3b4507b0d84/element'
16:28:49.128 [Forwarding findElement on session e4278e146056c079677ba3b4507b0d84 to remote] DEBUG org.asynchttpclient.netty.request.NettyRequestSender - Using open Channel [id: 0x3a8e8f1b, L:/127.0.0.1:50284 - R:localhost/127.0.0.1:59244] for POST '/session/e4278e146056c079677ba3b4507b0d84/element'
16:28:49.138 [AsyncHttpClient-1-1] DEBUG org.asynchttpclient.netty.channel.DefaultChannelPool - Entry count for : http://localhost:50287 : 1
16:28:49.139 [AsyncHttpClient-1-8] DEBUG org.asynchttpclient.netty.handler.HttpHandler - 

Request DefaultHttpRequest(decodeResult: success, version: HTTP/1.1)
POST /session/e4278e146056c079677ba3b4507b0d84/element HTTP/1.1
User-Agent: selenium/4.1.2 (java windows)
Content-Length: 149
Content-Type: application/json; charset=utf-8
host: localhost:59244
accept: */*

Response DefaultHttpResponse(decodeResult: success, version: HTTP/1.1)
HTTP/1.1 200 OK
Content-Type: application/json; charset=utf-8
cache-control: no-cache
content-length: 88

16:28:49.139 [AsyncHttpClient-1-8] DEBUG org.asynchttpclient.netty.channel.ChannelManager - Adding key: http://localhost:59244 for channel [id: 0x3a8e8f1b, L:/127.0.0.1:50284 - R:localhost/127.0.0.1:59244]
16:28:49.142 [Forwarding clickElement on session e4278e146056c079677ba3b4507b0d84 to remote] DEBUG org.asynchttpclient.netty.request.NettyRequestSender - Using pooled Channel '[id: 0x3a8e8f1b, L:/127.0.0.1:50284 - R:localhost/127.0.0.1:59244]' for 'POST' to 'http://localhost:59244/session/e4278e146056c079677ba3b4507b0d84/element/11ad0811-b1d8-493c-95a3-589ff643f6d9/click'
16:28:49.142 [Forwarding clickElement on session e4278e146056c079677ba3b4507b0d84 to remote] DEBUG org.asynchttpclient.netty.request.NettyRequestSender - Using open Channel [id: 0x3a8e8f1b, L:/127.0.0.1:50284 - R:localhost/127.0.0.1:59244] for POST '/session/e4278e146056c079677ba3b4507b0d84/element/11ad0811-b1d8-493c-95a3-589ff643f6d9/click'
16:28:49.493 [AsyncHttpClient-1-8] DEBUG org.asynchttpclient.netty.handler.HttpHandler - 

Request DefaultHttpRequest(decodeResult: success, version: HTTP/1.1)
POST /session/e4278e146056c079677ba3b4507b0d84/element/11ad0811-b1d8-493c-95a3-589ff643f6d9/click HTTP/1.1
User-Agent: selenium/4.1.2 (java windows)
Content-Length: 50
Content-Type: application/json; charset=utf-8
host: localhost:59244
accept: */*

Response DefaultHttpResponse(decodeResult: success, version: HTTP/1.1)
HTTP/1.1 200 OK
Content-Type: application/json; charset=utf-8
cache-control: no-cache
content-length: 14

16:28:49.493 [AsyncHttpClient-1-8] DEBUG org.asynchttpclient.netty.channel.ChannelManager - Adding key: http://localhost:59244 for channel [id: 0x3a8e8f1b, L:/127.0.0.1:50284 - R:localhost/127.0.0.1:59244]
16:28:49.502 [Forwarding screenshot on session e4278e146056c079677ba3b4507b0d84 to remote] DEBUG org.asynchttpclient.netty.request.NettyRequestSender - Using pooled Channel '[id: 0x3a8e8f1b, L:/127.0.0.1:50284 - R:localhost/127.0.0.1:59244]' for 'GET' to 'http://localhost:59244/session/e4278e146056c079677ba3b4507b0d84/screenshot'
16:28:49.502 [Forwarding screenshot on session e4278e146056c079677ba3b4507b0d84 to remote] DEBUG org.asynchttpclient.netty.request.NettyRequestSender - Using open Channel [id: 0x3a8e8f1b, L:/127.0.0.1:50284 - R:localhost/127.0.0.1:59244] for GET '/session/e4278e146056c079677ba3b4507b0d84/screenshot'
16:28:49.673 [AsyncHttpClient-1-8] DEBUG org.asynchttpclient.netty.handler.HttpHandler - 

Request DefaultFullHttpRequest(decodeResult: success, version: HTTP/1.1, content: EmptyByteBufBE)
GET /session/e4278e146056c079677ba3b4507b0d84/screenshot HTTP/1.1
User-Agent: selenium/4.1.2 (java windows)
Cache-Control: no-cache
Content-Type: application/json; charset=utf-8
host: localhost:59244
accept: */*

Response DefaultHttpResponse(decodeResult: success, version: HTTP/1.1)
HTTP/1.1 200 OK
Content-Type: application/json; charset=utf-8
cache-control: no-cache
content-length: 116892

16:28:49.675 [AsyncHttpClient-1-8] DEBUG org.asynchttpclient.netty.channel.ChannelManager - Adding key: http://localhost:59244 for channel [id: 0x3a8e8f1b, L:/127.0.0.1:50284 - R:localhost/127.0.0.1:59244]
16:28:49.683 [main] DEBUG net.serenitybdd.core.photography.Darkroom - Send negative for processing for target\site\serenity\58f5a0be38d29134a574c3e84f32ad2684117d99bdc468c81fa0adb30373ab8c.png
16:28:49.683 [main] DEBUG net.thucydides.core.steps.StepInterceptor - STEP DONE: clickAddNewAppointmentButton
  &amp#27;[32mWhen &amp#27;[0m&amp#27;[32mI click Add New Appointment&amp#27;[0m               &amp#27;[90m# starter.stepdefinitions.AppointmentSteps.iClickAddNewAppointment()&amp#27;[0m
16:28:49.683 [Darkroom Processing Line] DEBUG net.serenitybdd.core.photography.DarkroomProcessingLine - Processing screenshot image in /var/screenshots/screenshot-626221861819440407
16:28:49.683 [Darkroom Processing Line] DEBUG net.serenitybdd.core.photography.DarkroomProcessingLine - Saving screenshot to target\site\serenity\58f5a0be38d29134a574c3e84f32ad2684117d99bdc468c81fa0adb30373ab8c.png
16:28:49.706 [main] DEBUG net.thucydides.core.steps.StepInterceptor - STARTING STEP: AppointmentSteps.iClickYesButton - clickYesButton
16:28:49.712 [Forwarding findElement on session e4278e146056c079677ba3b4507b0d84 to remote] DEBUG org.asynchttpclient.netty.request.NettyRequestSender - Using pooled Channel '[id: 0x3a8e8f1b, L:/127.0.0.1:50284 - R:localhost/127.0.0.1:59244]' for 'POST' to 'http://localhost:59244/session/e4278e146056c079677ba3b4507b0d84/element'
16:28:49.713 [Forwarding findElement on session e4278e146056c079677ba3b4507b0d84 to remote] DEBUG org.asynchttpclient.netty.request.NettyRequestSender - Using open Channel [id: 0x3a8e8f1b, L:/127.0.0.1:50284 - R:localhost/127.0.0.1:59244] for POST '/session/e4278e146056c079677ba3b4507b0d84/element'
16:28:49.750 [AsyncHttpClient-1-8] DEBUG org.asynchttpclient.netty.handler.HttpHandler - 

Request DefaultHttpRequest(decodeResult: success, version: HTTP/1.1)
POST /session/e4278e146056c079677ba3b4507b0d84/element HTTP/1.1
User-Agent: selenium/4.1.2 (java windows)
Content-Length: 104
Content-Type: application/json; charset=utf-8
host: localhost:59244
accept: */*

Response DefaultHttpResponse(decodeResult: success, version: HTTP/1.1)
HTTP/1.1 200 OK
Content-Type: application/json; charset=utf-8
cache-control: no-cache
content-length: 88

16:28:49.750 [AsyncHttpClient-1-8] DEBUG org.asynchttpclient.netty.channel.ChannelManager - Adding key: http://localhost:59244 for channel [id: 0x3a8e8f1b, L:/127.0.0.1:50284 - R:localhost/127.0.0.1:59244]
16:28:49.756 [Forwarding getElementTagName on session e4278e146056c079677ba3b4507b0d84 to remote] DEBUG org.asynchttpclient.netty.request.NettyRequestSender - Using pooled Channel '[id: 0x3a8e8f1b, L:/127.0.0.1:50284 - R:localhost/127.0.0.1:59244]' for 'GET' to 'http://localhost:59244/session/e4278e146056c079677ba3b4507b0d84/element/6c02102a-3ae9-4473-90f4-3da48b5820d2/name'
16:28:49.756 [Forwarding getElementTagName on session e4278e146056c079677ba3b4507b0d84 to remote] DEBUG org.asynchttpclient.netty.request.NettyRequestSender - Using open Channel [id: 0x3a8e8f1b, L:/127.0.0.1:50284 - R:localhost/127.0.0.1:59244] for GET '/session/e4278e146056c079677ba3b4507b0d84/element/6c02102a-3ae9-4473-90f4-3da48b5820d2/name'
16:28:49.761 [AsyncHttpClient-1-8] DEBUG org.asynchttpclient.netty.handler.HttpHandler - 

Request DefaultFullHttpRequest(decodeResult: success, version: HTTP/1.1, content: EmptyByteBufBE)
GET /session/e4278e146056c079677ba3b4507b0d84/element/6c02102a-3ae9-4473-90f4-3da48b5820d2/name HTTP/1.1
User-Agent: selenium/4.1.2 (java windows)
Cache-Control: no-cache
Content-Type: application/json; charset=utf-8
host: localhost:59244
accept: */*

Response DefaultHttpResponse(decodeResult: success, version: HTTP/1.1)
HTTP/1.1 200 OK
Content-Type: application/json; charset=utf-8
cache-control: no-cache
content-length: 18

16:28:49.762 [AsyncHttpClient-1-8] DEBUG org.asynchttpclient.netty.channel.ChannelManager - Adding key: http://localhost:59244 for channel [id: 0x3a8e8f1b, L:/127.0.0.1:50284 - R:localhost/127.0.0.1:59244]
16:28:49.764 [Forwarding getElementTagName on session e4278e146056c079677ba3b4507b0d84 to remote] DEBUG org.asynchttpclient.netty.request.NettyRequestSender - Using pooled Channel '[id: 0x3a8e8f1b, L:/127.0.0.1:50284 - R:localhost/127.0.0.1:59244]' for 'GET' to 'http://localhost:59244/session/e4278e146056c079677ba3b4507b0d84/element/6c02102a-3ae9-4473-90f4-3da48b5820d2/name'
16:28:49.764 [Forwarding getElementTagName on session e4278e146056c079677ba3b4507b0d84 to remote] DEBUG org.asynchttpclient.netty.request.NettyRequestSender - Using open Channel [id: 0x3a8e8f1b, L:/127.0.0.1:50284 - R:localhost/127.0.0.1:59244] for GET '/session/e4278e146056c079677ba3b4507b0d84/element/6c02102a-3ae9-4473-90f4-3da48b5820d2/name'
16:28:49.769 [AsyncHttpClient-1-8] DEBUG org.asynchttpclient.netty.handler.HttpHandler - 

Request DefaultFullHttpRequest(decodeResult: success, version: HTTP/1.1, content: EmptyByteBufBE)
GET /session/e4278e146056c079677ba3b4507b0d84/element/6c02102a-3ae9-4473-90f4-3da48b5820d2/name HTTP/1.1
User-Agent: selenium/4.1.2 (java windows)
Cache-Control: no-cache
Content-Type: application/json; charset=utf-8
host: localhost:59244
accept: */*

Response DefaultHttpResponse(decodeResult: success, version: HTTP/1.1)
HTTP/1.1 200 OK
Content-Type: application/json; charset=utf-8
cache-control: no-cache
content-length: 18

16:28:49.769 [AsyncHttpClient-1-8] DEBUG org.asynchttpclient.netty.channel.ChannelManager - Adding key: http://localhost:59244 for channel [id: 0x3a8e8f1b, L:/127.0.0.1:50284 - R:localhost/127.0.0.1:59244]
16:28:49.774 [Forwarding isElementEnabled on session e4278e146056c079677ba3b4507b0d84 to remote] DEBUG org.asynchttpclient.netty.request.NettyRequestSender - Using pooled Channel '[id: 0x3a8e8f1b, L:/127.0.0.1:50284 - R:localhost/127.0.0.1:59244]' for 'GET' to 'http://localhost:59244/session/e4278e146056c079677ba3b4507b0d84/element/6c02102a-3ae9-4473-90f4-3da48b5820d2/enabled'
16:28:49.774 [Forwarding isElementEnabled on session e4278e146056c079677ba3b4507b0d84 to remote] DEBUG org.asynchttpclient.netty.request.NettyRequestSender - Using open Channel [id: 0x3a8e8f1b, L:/127.0.0.1:50284 - R:localhost/127.0.0.1:59244] for GET '/session/e4278e146056c079677ba3b4507b0d84/element/6c02102a-3ae9-4473-90f4-3da48b5820d2/enabled'
16:28:49.787 [AsyncHttpClient-1-8] DEBUG org.asynchttpclient.netty.handler.HttpHandler - 

Request DefaultFullHttpRequest(decodeResult: success, version: HTTP/1.1, content: EmptyByteBufBE)
GET /session/e4278e146056c079677ba3b4507b0d84/element/6c02102a-3ae9-4473-90f4-3da48b5820d2/enabled HTTP/1.1
User-Agent: selenium/4.1.2 (java windows)
Cache-Control: no-cache
Content-Type: application/json; charset=utf-8
host: localhost:59244
accept: */*

Response DefaultHttpResponse(decodeResult: success, version: HTTP/1.1)
HTTP/1.1 200 OK
Content-Type: application/json; charset=utf-8
cache-control: no-cache
content-length: 14

16:28:49.787 [AsyncHttpClient-1-8] DEBUG org.asynchttpclient.netty.channel.ChannelManager - Adding key: http://localhost:59244 for channel [id: 0x3a8e8f1b, L:/127.0.0.1:50284 - R:localhost/127.0.0.1:59244]
16:28:49.789 [Forwarding isElementEnabled on session e4278e146056c079677ba3b4507b0d84 to remote] DEBUG org.asynchttpclient.netty.request.NettyRequestSender - Using pooled Channel '[id: 0x3a8e8f1b, L:/127.0.0.1:50284 - R:localhost/127.0.0.1:59244]' for 'GET' to 'http://localhost:59244/session/e4278e146056c079677ba3b4507b0d84/element/6c02102a-3ae9-4473-90f4-3da48b5820d2/enabled'
16:28:49.789 [Forwarding isElementEnabled on session e4278e146056c079677ba3b4507b0d84 to remote] DEBUG org.asynchttpclient.netty.request.NettyRequestSender - Using open Channel [id: 0x3a8e8f1b, L:/127.0.0.1:50284 - R:localhost/127.0.0.1:59244] for GET '/session/e4278e146056c079677ba3b4507b0d84/element/6c02102a-3ae9-4473-90f4-3da48b5820d2/enabled'
16:28:49.798 [AsyncHttpClient-1-8] DEBUG org.asynchttpclient.netty.handler.HttpHandler - 

Request DefaultFullHttpRequest(decodeResult: success, version: HTTP/1.1, content: EmptyByteBufBE)
GET /session/e4278e146056c079677ba3b4507b0d84/element/6c02102a-3ae9-4473-90f4-3da48b5820d2/enabled HTTP/1.1
User-Agent: selenium/4.1.2 (java windows)
Cache-Control: no-cache
Content-Type: application/json; charset=utf-8
host: localhost:59244
accept: */*

Response DefaultHttpResponse(decodeResult: success, version: HTTP/1.1)
HTTP/1.1 200 OK
Content-Type: application/json; charset=utf-8
cache-control: no-cache
content-length: 14

16:28:49.798 [AsyncHttpClient-1-8] DEBUG org.asynchttpclient.netty.channel.ChannelManager - Adding key: http://localhost:59244 for channel [id: 0x3a8e8f1b, L:/127.0.0.1:50284 - R:localhost/127.0.0.1:59244]
16:28:49.803 [Forwarding findElement on session e4278e146056c079677ba3b4507b0d84 to remote] DEBUG org.asynchttpclient.netty.request.NettyRequestSender - Using pooled Channel '[id: 0x3a8e8f1b, L:/127.0.0.1:50284 - R:localhost/127.0.0.1:59244]' for 'POST' to 'http://localhost:59244/session/e4278e146056c079677ba3b4507b0d84/element'
16:28:49.803 [Forwarding findElement on session e4278e146056c079677ba3b4507b0d84 to remote] DEBUG org.asynchttpclient.netty.request.NettyRequestSender - Using open Channel [id: 0x3a8e8f1b, L:/127.0.0.1:50284 - R:localhost/127.0.0.1:59244] for POST '/session/e4278e146056c079677ba3b4507b0d84/element'
16:28:49.813 [AsyncHttpClient-1-8] DEBUG org.asynchttpclient.netty.handler.HttpHandler - 

Request DefaultHttpRequest(decodeResult: success, version: HTTP/1.1)
POST /session/e4278e146056c079677ba3b4507b0d84/element HTTP/1.1
User-Agent: selenium/4.1.2 (java windows)
Content-Length: 104
Content-Type: application/json; charset=utf-8
host: localhost:59244
accept: */*

Response DefaultHttpResponse(decodeResult: success, version: HTTP/1.1)
HTTP/1.1 200 OK
Content-Type: application/json; charset=utf-8
cache-control: no-cache
content-length: 88

16:28:49.814 [AsyncHttpClient-1-8] DEBUG org.asynchttpclient.netty.channel.ChannelManager - Adding key: http://localhost:59244 for channel [id: 0x3a8e8f1b, L:/127.0.0.1:50284 - R:localhost/127.0.0.1:59244]
16:28:49.816 [Forwarding clickElement on session e4278e146056c079677ba3b4507b0d84 to remote] DEBUG org.asynchttpclient.netty.request.NettyRequestSender - Using pooled Channel '[id: 0x3a8e8f1b, L:/127.0.0.1:50284 - R:localhost/127.0.0.1:59244]' for 'POST' to 'http://localhost:59244/session/e4278e146056c079677ba3b4507b0d84/element/6c02102a-3ae9-4473-90f4-3da48b5820d2/click'
16:28:49.816 [Forwarding clickElement on session e4278e146056c079677ba3b4507b0d84 to remote] DEBUG org.asynchttpclient.netty.request.NettyRequestSender - Using open Channel [id: 0x3a8e8f1b, L:/127.0.0.1:50284 - R:localhost/127.0.0.1:59244] for POST '/session/e4278e146056c079677ba3b4507b0d84/element/6c02102a-3ae9-4473-90f4-3da48b5820d2/click'
16:28:50.238 [AsyncHttpClient-1-1] DEBUG org.asynchttpclient.netty.channel.DefaultChannelPool - Entry count for : http://localhost:50287 : 1
16:28:51.110 [AsyncHttpClient-1-8] DEBUG org.asynchttpclient.netty.handler.HttpHandler - 

Request DefaultHttpRequest(decodeResult: success, version: HTTP/1.1)
POST /session/e4278e146056c079677ba3b4507b0d84/element/6c02102a-3ae9-4473-90f4-3da48b5820d2/click HTTP/1.1
User-Agent: selenium/4.1.2 (java windows)
Content-Length: 50
Content-Type: application/json; charset=utf-8
host: localhost:59244
accept: */*

Response DefaultHttpResponse(decodeResult: success, version: HTTP/1.1)
HTTP/1.1 200 OK
Content-Type: application/json; charset=utf-8
cache-control: no-cache
content-length: 14

16:28:51.110 [AsyncHttpClient-1-8] DEBUG org.asynchttpclient.netty.channel.ChannelManager - Adding key: http://localhost:59244 for channel [id: 0x3a8e8f1b, L:/127.0.0.1:50284 - R:localhost/127.0.0.1:59244]
16:28:51.127 [Forwarding screenshot on session e4278e146056c079677ba3b4507b0d84 to remote] DEBUG org.asynchttpclient.netty.request.NettyRequestSender - Using pooled Channel '[id: 0x3a8e8f1b, L:/127.0.0.1:50284 - R:localhost/127.0.0.1:59244]' for 'GET' to 'http://localhost:59244/session/e4278e146056c079677ba3b4507b0d84/screenshot'
16:28:51.127 [Forwarding screenshot on session e4278e146056c079677ba3b4507b0d84 to remote] DEBUG org.asynchttpclient.netty.request.NettyRequestSender - Using open Channel [id: 0x3a8e8f1b, L:/127.0.0.1:50284 - R:localhost/127.0.0.1:59244] for GET '/session/e4278e146056c079677ba3b4507b0d84/screenshot'
16:28:51.338 [AsyncHttpClient-1-1] DEBUG org.asynchttpclient.netty.channel.DefaultChannelPool - Entry count for : http://localhost:50287 : 1
16:28:51.708 [AsyncHttpClient-1-8] DEBUG org.asynchttpclient.netty.handler.HttpHandler - 

Request DefaultFullHttpRequest(decodeResult: success, version: HTTP/1.1, content: EmptyByteBufBE)
GET /session/e4278e146056c079677ba3b4507b0d84/screenshot HTTP/1.1
User-Agent: selenium/4.1.2 (java windows)
Cache-Control: no-cache
Content-Type: application/json; charset=utf-8
host: localhost:59244
accept: */*

Response DefaultHttpResponse(decodeResult: success, version: HTTP/1.1)
HTTP/1.1 200 OK
Content-Type: application/json; charset=utf-8
cache-control: no-cache
content-length: 119672

16:28:51.710 [AsyncHttpClient-1-8] DEBUG org.asynchttpclient.netty.channel.ChannelManager - Adding key: http://localhost:59244 for channel [id: 0x3a8e8f1b, L:/127.0.0.1:50284 - R:localhost/127.0.0.1:59244]
16:28:51.718 [main] DEBUG net.serenitybdd.core.photography.Darkroom - Send negative for processing for target\site\serenity\4e21ffd58d1deb674c45fef96d314fb54f1bec3785c8d3a0c3141853ac18bf70.png
16:28:51.719 [main] DEBUG net.thucydides.core.steps.StepInterceptor - STEP DONE: clickYesButton
  &amp#27;[32mAnd &amp#27;[0m&amp#27;[32mI click yes button&amp#27;[0m                         &amp#27;[90m# starter.stepdefinitions.AppointmentSteps.iClickYesButton()&amp#27;[0m
16:28:51.719 [Darkroom Processing Line] DEBUG net.serenitybdd.core.photography.DarkroomProcessingLine - Processing screenshot image in /var/screenshots/screenshot-4691755724202185278
16:28:51.719 [Darkroom Processing Line] DEBUG net.serenitybdd.core.photography.DarkroomProcessingLine - Saving screenshot to target\site\serenity\4e21ffd58d1deb674c45fef96d314fb54f1bec3785c8d3a0c3141853ac18bf70.png
16:28:51.743 [main] DEBUG net.thucydides.core.steps.StepInterceptor - STARTING STEP: AppointmentSteps.iClickXIcon - clickXIcon
16:28:51.747 [Forwarding findElement on session e4278e146056c079677ba3b4507b0d84 to remote] DEBUG org.asynchttpclient.netty.request.NettyRequestSender - Using pooled Channel '[id: 0x3a8e8f1b, L:/127.0.0.1:50284 - R:localhost/127.0.0.1:59244]' for 'POST' to 'http://localhost:59244/session/e4278e146056c079677ba3b4507b0d84/element'
16:28:51.747 [Forwarding findElement on session e4278e146056c079677ba3b4507b0d84 to remote] DEBUG org.asynchttpclient.netty.request.NettyRequestSender - Using open Channel [id: 0x3a8e8f1b, L:/127.0.0.1:50284 - R:localhost/127.0.0.1:59244] for POST '/session/e4278e146056c079677ba3b4507b0d84/element'
16:28:51.767 [AsyncHttpClient-1-8] DEBUG org.asynchttpclient.netty.handler.HttpHandler - 

Request DefaultHttpRequest(decodeResult: success, version: HTTP/1.1)
POST /session/e4278e146056c079677ba3b4507b0d84/element HTTP/1.1
User-Agent: selenium/4.1.2 (java windows)
Content-Length: 104
Content-Type: application/json; charset=utf-8
host: localhost:59244
accept: */*

Response DefaultHttpResponse(decodeResult: success, version: HTTP/1.1)
HTTP/1.1 200 OK
Content-Type: application/json; charset=utf-8
cache-control: no-cache
content-length: 88

16:28:51.767 [AsyncHttpClient-1-8] DEBUG org.asynchttpclient.netty.channel.ChannelManager - Adding key: http://localhost:59244 for channel [id: 0x3a8e8f1b, L:/127.0.0.1:50284 - R:localhost/127.0.0.1:59244]
16:28:51.770 [Forwarding getElementTagName on session e4278e146056c079677ba3b4507b0d84 to remote] DEBUG org.asynchttpclient.netty.request.NettyRequestSender - Using pooled Channel '[id: 0x3a8e8f1b, L:/127.0.0.1:50284 - R:localhost/127.0.0.1:59244]' for 'GET' to 'http://localhost:59244/session/e4278e146056c079677ba3b4507b0d84/element/c7ba8d5a-7a45-4df3-9fec-5ad93c0059d2/name'
16:28:51.773 [Forwarding getElementTagName on session e4278e146056c079677ba3b4507b0d84 to remote] DEBUG org.asynchttpclient.netty.request.NettyRequestSender - Using open Channel [id: 0x3a8e8f1b, L:/127.0.0.1:50284 - R:localhost/127.0.0.1:59244] for GET '/session/e4278e146056c079677ba3b4507b0d84/element/c7ba8d5a-7a45-4df3-9fec-5ad93c0059d2/name'
16:28:51.779 [AsyncHttpClient-1-8] DEBUG org.asynchttpclient.netty.handler.HttpHandler - 

Request DefaultFullHttpRequest(decodeResult: success, version: HTTP/1.1, content: EmptyByteBufBE)
GET /session/e4278e146056c079677ba3b4507b0d84/element/c7ba8d5a-7a45-4df3-9fec-5ad93c0059d2/name HTTP/1.1
User-Agent: selenium/4.1.2 (java windows)
Cache-Control: no-cache
Content-Type: application/json; charset=utf-8
host: localhost:59244
accept: */*

Response DefaultHttpResponse(decodeResult: success, version: HTTP/1.1)
HTTP/1.1 200 OK
Content-Type: application/json; charset=utf-8
cache-control: no-cache
content-length: 18

16:28:51.780 [AsyncHttpClient-1-8] DEBUG org.asynchttpclient.netty.channel.ChannelManager - Adding key: http://localhost:59244 for channel [id: 0x3a8e8f1b, L:/127.0.0.1:50284 - R:localhost/127.0.0.1:59244]
16:28:51.782 [Forwarding getElementTagName on session e4278e146056c079677ba3b4507b0d84 to remote] DEBUG org.asynchttpclient.netty.request.NettyRequestSender - Using pooled Channel '[id: 0x3a8e8f1b, L:/127.0.0.1:50284 - R:localhost/127.0.0.1:59244]' for 'GET' to 'http://localhost:59244/session/e4278e146056c079677ba3b4507b0d84/element/c7ba8d5a-7a45-4df3-9fec-5ad93c0059d2/name'
16:28:51.782 [Forwarding getElementTagName on session e4278e146056c079677ba3b4507b0d84 to remote] DEBUG org.asynchttpclient.netty.request.NettyRequestSender - Using open Channel [id: 0x3a8e8f1b, L:/127.0.0.1:50284 - R:localhost/127.0.0.1:59244] for GET '/session/e4278e146056c079677ba3b4507b0d84/element/c7ba8d5a-7a45-4df3-9fec-5ad93c0059d2/name'
16:28:51.793 [AsyncHttpClient-1-8] DEBUG org.asynchttpclient.netty.handler.HttpHandler - 

Request DefaultFullHttpRequest(decodeResult: success, version: HTTP/1.1, content: EmptyByteBufBE)
GET /session/e4278e146056c079677ba3b4507b0d84/element/c7ba8d5a-7a45-4df3-9fec-5ad93c0059d2/name HTTP/1.1
User-Agent: selenium/4.1.2 (java windows)
Cache-Control: no-cache
Content-Type: application/json; charset=utf-8
host: localhost:59244
accept: */*

Response DefaultHttpResponse(decodeResult: success, version: HTTP/1.1)
HTTP/1.1 200 OK
Content-Type: application/json; charset=utf-8
cache-control: no-cache
content-length: 18

16:28:51.793 [AsyncHttpClient-1-8] DEBUG org.asynchttpclient.netty.channel.ChannelManager - Adding key: http://localhost:59244 for channel [id: 0x3a8e8f1b, L:/127.0.0.1:50284 - R:localhost/127.0.0.1:59244]
16:28:51.797 [Forwarding isElementEnabled on session e4278e146056c079677ba3b4507b0d84 to remote] DEBUG org.asynchttpclient.netty.request.NettyRequestSender - Using pooled Channel '[id: 0x3a8e8f1b, L:/127.0.0.1:50284 - R:localhost/127.0.0.1:59244]' for 'GET' to 'http://localhost:59244/session/e4278e146056c079677ba3b4507b0d84/element/c7ba8d5a-7a45-4df3-9fec-5ad93c0059d2/enabled'
16:28:51.797 [Forwarding isElementEnabled on session e4278e146056c079677ba3b4507b0d84 to remote] DEBUG org.asynchttpclient.netty.request.NettyRequestSender - Using open Channel [id: 0x3a8e8f1b, L:/127.0.0.1:50284 - R:localhost/127.0.0.1:59244] for GET '/session/e4278e146056c079677ba3b4507b0d84/element/c7ba8d5a-7a45-4df3-9fec-5ad93c0059d2/enabled'
16:28:51.809 [AsyncHttpClient-1-8] DEBUG org.asynchttpclient.netty.handler.HttpHandler - 

Request DefaultFullHttpRequest(decodeResult: success, version: HTTP/1.1, content: EmptyByteBufBE)
GET /session/e4278e146056c079677ba3b4507b0d84/element/c7ba8d5a-7a45-4df3-9fec-5ad93c0059d2/enabled HTTP/1.1
User-Agent: selenium/4.1.2 (java windows)
Cache-Control: no-cache
Content-Type: application/json; charset=utf-8
host: localhost:59244
accept: */*

Response DefaultHttpResponse(decodeResult: success, version: HTTP/1.1)
HTTP/1.1 200 OK
Content-Type: application/json; charset=utf-8
cache-control: no-cache
content-length: 14

16:28:51.809 [AsyncHttpClient-1-8] DEBUG org.asynchttpclient.netty.channel.ChannelManager - Adding key: http://localhost:59244 for channel [id: 0x3a8e8f1b, L:/127.0.0.1:50284 - R:localhost/127.0.0.1:59244]
16:28:51.811 [Forwarding isElementEnabled on session e4278e146056c079677ba3b4507b0d84 to remote] DEBUG org.asynchttpclient.netty.request.NettyRequestSender - Using pooled Channel '[id: 0x3a8e8f1b, L:/127.0.0.1:50284 - R:localhost/127.0.0.1:59244]' for 'GET' to 'http://localhost:59244/session/e4278e146056c079677ba3b4507b0d84/element/c7ba8d5a-7a45-4df3-9fec-5ad93c0059d2/enabled'
16:28:51.811 [Forwarding isElementEnabled on session e4278e146056c079677ba3b4507b0d84 to remote] DEBUG org.asynchttpclient.netty.request.NettyRequestSender - Using open Channel [id: 0x3a8e8f1b, L:/127.0.0.1:50284 - R:localhost/127.0.0.1:59244] for GET '/session/e4278e146056c079677ba3b4507b0d84/element/c7ba8d5a-7a45-4df3-9fec-5ad93c0059d2/enabled'
16:28:51.821 [AsyncHttpClient-1-8] DEBUG org.asynchttpclient.netty.handler.HttpHandler - 

Request DefaultFullHttpRequest(decodeResult: success, version: HTTP/1.1, content: EmptyByteBufBE)
GET /session/e4278e146056c079677ba3b4507b0d84/element/c7ba8d5a-7a45-4df3-9fec-5ad93c0059d2/enabled HTTP/1.1
User-Agent: selenium/4.1.2 (java windows)
Cache-Control: no-cache
Content-Type: application/json; charset=utf-8
host: localhost:59244
accept: */*

Response DefaultHttpResponse(decodeResult: success, version: HTTP/1.1)
HTTP/1.1 200 OK
Content-Type: application/json; charset=utf-8
cache-control: no-cache
content-length: 14

16:28:51.822 [AsyncHttpClient-1-8] DEBUG org.asynchttpclient.netty.channel.ChannelManager - Adding key: http://localhost:59244 for channel [id: 0x3a8e8f1b, L:/127.0.0.1:50284 - R:localhost/127.0.0.1:59244]
16:28:51.825 [Forwarding findElement on session e4278e146056c079677ba3b4507b0d84 to remote] DEBUG org.asynchttpclient.netty.request.NettyRequestSender - Using pooled Channel '[id: 0x3a8e8f1b, L:/127.0.0.1:50284 - R:localhost/127.0.0.1:59244]' for 'POST' to 'http://localhost:59244/session/e4278e146056c079677ba3b4507b0d84/element'
16:28:51.825 [Forwarding findElement on session e4278e146056c079677ba3b4507b0d84 to remote] DEBUG org.asynchttpclient.netty.request.NettyRequestSender - Using open Channel [id: 0x3a8e8f1b, L:/127.0.0.1:50284 - R:localhost/127.0.0.1:59244] for POST '/session/e4278e146056c079677ba3b4507b0d84/element'
16:28:51.839 [AsyncHttpClient-1-8] DEBUG org.asynchttpclient.netty.handler.HttpHandler - 

Request DefaultHttpRequest(decodeResult: success, version: HTTP/1.1)
POST /session/e4278e146056c079677ba3b4507b0d84/element HTTP/1.1
User-Agent: selenium/4.1.2 (java windows)
Content-Length: 104
Content-Type: application/json; charset=utf-8
host: localhost:59244
accept: */*

Response DefaultHttpResponse(decodeResult: success, version: HTTP/1.1)
HTTP/1.1 200 OK
Content-Type: application/json; charset=utf-8
cache-control: no-cache
content-length: 88

16:28:51.839 [AsyncHttpClient-1-8] DEBUG org.asynchttpclient.netty.channel.ChannelManager - Adding key: http://localhost:59244 for channel [id: 0x3a8e8f1b, L:/127.0.0.1:50284 - R:localhost/127.0.0.1:59244]
16:28:51.840 [Forwarding clickElement on session e4278e146056c079677ba3b4507b0d84 to remote] DEBUG org.asynchttpclient.netty.request.NettyRequestSender - Using pooled Channel '[id: 0x3a8e8f1b, L:/127.0.0.1:50284 - R:localhost/127.0.0.1:59244]' for 'POST' to 'http://localhost:59244/session/e4278e146056c079677ba3b4507b0d84/element/c7ba8d5a-7a45-4df3-9fec-5ad93c0059d2/click'
16:28:51.841 [Forwarding clickElement on session e4278e146056c079677ba3b4507b0d84 to remote] DEBUG org.asynchttpclient.netty.request.NettyRequestSender - Using open Channel [id: 0x3a8e8f1b, L:/127.0.0.1:50284 - R:localhost/127.0.0.1:59244] for POST '/session/e4278e146056c079677ba3b4507b0d84/element/c7ba8d5a-7a45-4df3-9fec-5ad93c0059d2/click'
16:28:52.124 [AsyncHttpClient-1-8] DEBUG org.asynchttpclient.netty.handler.HttpHandler - 

Request DefaultHttpRequest(decodeResult: success, version: HTTP/1.1)
POST /session/e4278e146056c079677ba3b4507b0d84/element/c7ba8d5a-7a45-4df3-9fec-5ad93c0059d2/click HTTP/1.1
User-Agent: selenium/4.1.2 (java windows)
Content-Length: 50
Content-Type: application/json; charset=utf-8
host: localhost:59244
accept: */*

Response DefaultHttpResponse(decodeResult: success, version: HTTP/1.1)
HTTP/1.1 200 OK
Content-Type: application/json; charset=utf-8
cache-control: no-cache
content-length: 14

16:28:52.124 [AsyncHttpClient-1-8] DEBUG org.asynchttpclient.netty.channel.ChannelManager - Adding key: http://localhost:59244 for channel [id: 0x3a8e8f1b, L:/127.0.0.1:50284 - R:localhost/127.0.0.1:59244]
16:28:52.176 [Forwarding screenshot on session e4278e146056c079677ba3b4507b0d84 to remote] DEBUG org.asynchttpclient.netty.request.NettyRequestSender - Using pooled Channel '[id: 0x3a8e8f1b, L:/127.0.0.1:50284 - R:localhost/127.0.0.1:59244]' for 'GET' to 'http://localhost:59244/session/e4278e146056c079677ba3b4507b0d84/screenshot'
16:28:52.176 [Forwarding screenshot on session e4278e146056c079677ba3b4507b0d84 to remote] DEBUG org.asynchttpclient.netty.request.NettyRequestSender - Using open Channel [id: 0x3a8e8f1b, L:/127.0.0.1:50284 - R:localhost/127.0.0.1:59244] for GET '/session/e4278e146056c079677ba3b4507b0d84/screenshot'
16:28:52.410 [AsyncHttpClient-1-8] DEBUG org.asynchttpclient.netty.handler.HttpHandler - 

Request DefaultFullHttpRequest(decodeResult: success, version: HTTP/1.1, content: EmptyByteBufBE)
GET /session/e4278e146056c079677ba3b4507b0d84/screenshot HTTP/1.1
User-Agent: selenium/4.1.2 (java windows)
Cache-Control: no-cache
Content-Type: application/json; charset=utf-8
host: localhost:59244
accept: */*

Response DefaultHttpResponse(decodeResult: success, version: HTTP/1.1)
HTTP/1.1 200 OK
Content-Type: application/json; charset=utf-8
cache-control: no-cache
content-length: 110168

16:28:52.412 [AsyncHttpClient-1-8] DEBUG org.asynchttpclient.netty.channel.ChannelManager - Adding key: http://localhost:59244 for channel [id: 0x3a8e8f1b, L:/127.0.0.1:50284 - R:localhost/127.0.0.1:59244]
16:28:52.419 [main] DEBUG net.serenitybdd.core.photography.Darkroom - Send negative for processing for target\site\serenity\57c1acd33ff15635398f2e6830f08ee03517e7ce8c4daf6712ec8412f688e06b.png
16:28:52.419 [main] DEBUG net.thucydides.core.steps.StepInterceptor - STEP DONE: clickXIcon
  &amp#27;[32mAnd &amp#27;[0m&amp#27;[32mI click x icon&amp#27;[0m                             &amp#27;[90m# starter.stepdefinitions.AppointmentSteps.iClickXIcon()&amp#27;[0m
16:28:52.419 [Darkroom Processing Line] DEBUG net.serenitybdd.core.photography.DarkroomProcessingLine - Processing screenshot image in /var/screenshots/screenshot-6517895573422076914
16:28:52.420 [Darkroom Processing Line] DEBUG net.serenitybdd.core.photography.DarkroomProcessingLine - Saving screenshot to target\site\serenity\57c1acd33ff15635398f2e6830f08ee03517e7ce8c4daf6712ec8412f688e06b.png
16:28:52.439 [AsyncHttpClient-1-1] DEBUG org.asynchttpclient.netty.channel.DefaultChannelPool - Entry count for : http://localhost:59244 : 1
16:28:52.439 [AsyncHttpClient-1-1] DEBUG org.asynchttpclient.netty.channel.DefaultChannelPool - Entry count for : http://localhost:50287 : 1
16:28:52.439 [main] DEBUG net.thucydides.core.steps.StepInterceptor - STARTING STEP: AppointmentSteps.iExitFromAppointmentForm - newAppointmentCancel
16:28:52.441 [Forwarding findElement on session e4278e146056c079677ba3b4507b0d84 to remote] DEBUG org.asynchttpclient.netty.request.NettyRequestSender - Using pooled Channel '[id: 0x3a8e8f1b, L:/127.0.0.1:50284 - R:localhost/127.0.0.1:59244]' for 'POST' to 'http://localhost:59244/session/e4278e146056c079677ba3b4507b0d84/element'
16:28:52.441 [Forwarding findElement on session e4278e146056c079677ba3b4507b0d84 to remote] DEBUG org.asynchttpclient.netty.request.NettyRequestSender - Using open Channel [id: 0x3a8e8f1b, L:/127.0.0.1:50284 - R:localhost/127.0.0.1:59244] for POST '/session/e4278e146056c079677ba3b4507b0d84/element'
16:28:52.614 [AsyncHttpClient-1-8] DEBUG org.asynchttpclient.netty.handler.HttpHandler - 

Request DefaultHttpRequest(decodeResult: success, version: HTTP/1.1)
POST /session/e4278e146056c079677ba3b4507b0d84/element HTTP/1.1
User-Agent: selenium/4.1.2 (java windows)
Content-Length: 83
Content-Type: application/json; charset=utf-8
host: localhost:59244
accept: */*

Response DefaultHttpResponse(decodeResult: success, version: HTTP/1.1)
HTTP/1.1 200 OK
Content-Type: application/json; charset=utf-8
cache-control: no-cache
content-length: 88

16:28:52.614 [AsyncHttpClient-1-8] DEBUG org.asynchttpclient.netty.channel.ChannelManager - Adding key: http://localhost:59244 for channel [id: 0x3a8e8f1b, L:/127.0.0.1:50284 - R:localhost/127.0.0.1:59244]
16:28:52.622 [Forwarding isElementDisplayed on session e4278e146056c079677ba3b4507b0d84 to remote] DEBUG org.asynchttpclient.netty.request.NettyRequestSender - Using pooled Channel '[id: 0x3a8e8f1b, L:/127.0.0.1:50284 - R:localhost/127.0.0.1:59244]' for 'POST' to 'http://localhost:59244/session/e4278e146056c079677ba3b4507b0d84/execute/sync'
16:28:52.623 [Forwarding isElementDisplayed on session e4278e146056c079677ba3b4507b0d84 to remote] DEBUG org.asynchttpclient.netty.request.NettyRequestSender - Using open Channel [id: 0x3a8e8f1b, L:/127.0.0.1:50284 - R:localhost/127.0.0.1:59244] for POST '/session/e4278e146056c079677ba3b4507b0d84/execute/sync'
16:28:52.648 [AsyncHttpClient-1-8] DEBUG org.asynchttpclient.netty.handler.HttpHandler - 

Request DefaultHttpRequest(decodeResult: success, version: HTTP/1.1)
POST /session/e4278e146056c079677ba3b4507b0d84/execute/sync HTTP/1.1
User-Agent: selenium/4.1.2 (java windows)
Content-Length: 48780
Content-Type: application/json; charset=utf-8
host: localhost:59244
accept: */*

Response DefaultHttpResponse(decodeResult: success, version: HTTP/1.1)
HTTP/1.1 200 OK
Content-Type: application/json; charset=utf-8
cache-control: no-cache
content-length: 14

16:28:52.649 [AsyncHttpClient-1-8] DEBUG org.asynchttpclient.netty.channel.ChannelManager - Adding key: http://localhost:59244 for channel [id: 0x3a8e8f1b, L:/127.0.0.1:50284 - R:localhost/127.0.0.1:59244]
16:28:52.656 [Forwarding screenshot on session e4278e146056c079677ba3b4507b0d84 to remote] DEBUG org.asynchttpclient.netty.request.NettyRequestSender - Using pooled Channel '[id: 0x3a8e8f1b, L:/127.0.0.1:50284 - R:localhost/127.0.0.1:59244]' for 'GET' to 'http://localhost:59244/session/e4278e146056c079677ba3b4507b0d84/screenshot'
16:28:52.656 [Forwarding screenshot on session e4278e146056c079677ba3b4507b0d84 to remote] DEBUG org.asynchttpclient.netty.request.NettyRequestSender - Using open Channel [id: 0x3a8e8f1b, L:/127.0.0.1:50284 - R:localhost/127.0.0.1:59244] for GET '/session/e4278e146056c079677ba3b4507b0d84/screenshot'
16:28:52.764 [AsyncHttpClient-1-8] DEBUG org.asynchttpclient.netty.handler.HttpHandler - 

Request DefaultFullHttpRequest(decodeResult: success, version: HTTP/1.1, content: EmptyByteBufBE)
GET /session/e4278e146056c079677ba3b4507b0d84/screenshot HTTP/1.1
User-Agent: selenium/4.1.2 (java windows)
Cache-Control: no-cache
Content-Type: application/json; charset=utf-8
host: localhost:59244
accept: */*

Response DefaultHttpResponse(decodeResult: success, version: HTTP/1.1)
HTTP/1.1 200 OK
Content-Type: application/json; charset=utf-8
cache-control: no-cache
content-length: 94468

16:28:52.765 [AsyncHttpClient-1-8] DEBUG org.asynchttpclient.netty.channel.ChannelManager - Adding key: http://localhost:59244 for channel [id: 0x3a8e8f1b, L:/127.0.0.1:50284 - R:localhost/127.0.0.1:59244]
16:28:52.770 [main] DEBUG net.serenitybdd.core.photography.Darkroom - Send negative for processing for target\site\serenity\e09a899c99812f04e1a701536c0b43e979c17d70885cd8c9821ceb21f8e33098.png
16:28:52.770 [main] DEBUG net.thucydides.core.steps.StepInterceptor - STEP DONE: newAppointmentCancel
  &amp#27;[32mThen &amp#27;[0m&amp#27;[32mI exit from Appointment form&amp#27;[0m              &amp#27;[90m# starter.stepdefinitions.AppointmentSteps.iExitFromAppointmentForm()&amp#27;[0m
16:28:52.770 [Darkroom Processing Line] DEBUG net.serenitybdd.core.photography.DarkroomProcessingLine - Processing screenshot image in /var/screenshots/screenshot-10017128976605194669
16:28:52.770 [Darkroom Processing Line] DEBUG net.serenitybdd.core.photography.DarkroomProcessingLine - Saving screenshot to target\site\serenity\e09a899c99812f04e1a701536c0b43e979c17d70885cd8c9821ceb21f8e33098.png
16:28:52.776 [main] INFO  - 
  _____   ___   ___   _____     ___     _     ___   ___   ___   ___  
 |_   _| | __| / __| |_   _|   | _ \   /_\   / __| / __| | __| |   \ 
   | |   | _|  \__ \   | |     |  _/  / _ \  \__ \ \__ \ | _|  | |) |
   |_|   |___| |___/   |_|     |_|   /_/ \_\ |___/ |___/ |___| |___/ 

Cancel Create New Appointment Scenario
----------------------------------------------------------------------
16:28:52.778 [AsyncHttpClient-1-2] DEBUG org.asynchttpclient.netty.handler.WebSocketHandler - Channel Closed: [id: 0xaf13575d, L:/127.0.0.1:50294 ! R:localhost/127.0.0.1:50287] with attribute NettyResponseFuture{currentRetry=5,
	isDone=1,
	isCancelled=0,
	asyncHandler=org.asynchttpclient.ws.WebSocketUpgradeHandler@58f34d70,
	nettyRequest=org.asynchttpclient.netty.request.NettyRequest@559301d8,
	future=java.util.concurrent.CompletableFuture@25e7caa2[Completed normally],
	uri=ws://localhost:50287/devtools/browser/70b3fb86-60d9-4726-acc5-666915d8a09c,
	keepAlive=true,
	redirectCount=0,
	timeoutsHolder=null,
	inAuth=0,
	touch=1655717298502}
16:28:52.778 [AsyncHttpClient-1-2] DEBUG org.asynchttpclient.netty.channel.ChannelManager - Closing Channel [id: 0xaf13575d, L:/127.0.0.1:50294 ! R:localhost/127.0.0.1:50287] 
16:28:52.778 [Driver Command Executor] DEBUG org.asynchttpclient.netty.request.NettyRequestSender - Using pooled Channel '[id: 0x3a8e8f1b, L:/127.0.0.1:50284 - R:localhost/127.0.0.1:59244]' for 'DELETE' to 'http://localhost:59244/session/e4278e146056c079677ba3b4507b0d84'
16:28:52.778 [Driver Command Executor] DEBUG org.asynchttpclient.netty.request.NettyRequestSender - Using open Channel [id: 0x3a8e8f1b, L:/127.0.0.1:50284 - R:localhost/127.0.0.1:59244] for DELETE '/session/e4278e146056c079677ba3b4507b0d84'
16:28:53.538 [AsyncHttpClient-1-1] DEBUG org.asynchttpclient.netty.channel.DefaultChannelPool - Entry count for : http://localhost:50287 : 1
16:28:54.450 [AsyncHttpClient-1-9] DEBUG org.asynchttpclient.netty.handler.HttpHandler - Unexpected I/O exception on channel [id: 0x9d3b715e, L:/127.0.0.1:50293 - R:localhost/127.0.0.1:50287]
java.net.SocketException: Connection reset
	at java.base/sun.nio.ch.SocketChannelImpl.throwConnectionReset(SocketChannelImpl.java:367)
	at java.base/sun.nio.ch.SocketChannelImpl.read(SocketChannelImpl.java:398)
	at io.netty.buffer.PooledByteBuf.setBytes(PooledByteBuf.java:258)
	at io.netty.buffer.AbstractByteBuf.writeBytes(AbstractByteBuf.java:1132)
	at io.netty.channel.socket.nio.NioSocketChannel.doReadBytes(NioSocketChannel.java:350)
	at io.netty.channel.nio.AbstractNioByteChannel$NioByteUnsafe.read(AbstractNioByteChannel.java:151)
	at io.netty.channel.nio.NioEventLoop.processSelectedKey(NioEventLoop.java:722)
	at io.netty.channel.nio.NioEventLoop.processSelectedKeysOptimized(NioEventLoop.java:658)
	at io.netty.channel.nio.NioEventLoop.processSelectedKeys(NioEventLoop.java:584)
	at io.netty.channel.nio.NioEventLoop.run(NioEventLoop.java:496)
	at io.netty.util.concurrent.SingleThreadEventExecutor$4.run(SingleThreadEventExecutor.java:986)
	at io.netty.util.internal.ThreadExecutorMap$2.run(ThreadExecutorMap.java:74)
	at io.netty.util.concurrent.FastThreadLocalRunnable.run(FastThreadLocalRunnable.java:30)
	at java.base/java.lang.Thread.run(Thread.java:832)
16:28:54.450 [AsyncHttpClient-1-9] DEBUG org.asynchttpclient.netty.channel.ChannelManager - Closing Channel [id: 0x9d3b715e, L:/127.0.0.1:50293 - R:localhost/127.0.0.1:50287] 
16:28:54.450 [AsyncHttpClient-1-9] DEBUG org.asynchttpclient.netty.handler.HttpHandler - Channel Closed: [id: 0x9d3b715e, L:/127.0.0.1:50293 ! R:localhost/127.0.0.1:50287] with attribute DISCARD
16:28:54.637 [AsyncHttpClient-1-1] DEBUG org.asynchttpclient.netty.channel.DefaultChannelPool - Entry count for : http://localhost:50287 : 1
16:28:54.637 [AsyncHttpClient-1-1] DEBUG org.asynchttpclient.netty.channel.DefaultChannelPool - Adding Candidate expired Channel [id: 0x9d3b715e, L:/127.0.0.1:50293 ! R:localhost/127.0.0.1:50287] isIdleTimeoutExpired=false isRemotelyClosed=true isTtlExpired=false
16:28:54.637 [AsyncHttpClient-1-1] DEBUG org.asynchttpclient.netty.channel.DefaultChannelPool - Closing Idle Channel [id: 0x9d3b715e, L:/127.0.0.1:50293 ! R:localhost/127.0.0.1:50287]
16:28:54.638 [AsyncHttpClient-1-1] DEBUG org.asynchttpclient.netty.channel.DefaultChannelPool - Closed 1 connections out of 1 in 0 ms
16:28:57.146 [AsyncHttpClient-1-8] DEBUG org.asynchttpclient.netty.handler.HttpHandler - 

Request DefaultFullHttpRequest(decodeResult: success, version: HTTP/1.1, content: EmptyByteBufBE)
DELETE /session/e4278e146056c079677ba3b4507b0d84 HTTP/1.1
User-Agent: selenium/4.1.2 (java windows)
Content-Type: application/json; charset=utf-8
host: localhost:59244
accept: */*

Response DefaultHttpResponse(decodeResult: success, version: HTTP/1.1)
HTTP/1.1 200 OK
Content-Type: application/json; charset=utf-8
cache-control: no-cache
content-length: 14

16:28:57.146 [AsyncHttpClient-1-8] DEBUG org.asynchttpclient.netty.channel.ChannelManager - Adding key: http://localhost:59244 for channel [id: 0x3a8e8f1b, L:/127.0.0.1:50284 - R:localhost/127.0.0.1:59244]
16:28:57.279 [AsyncHttpClient-1-8] DEBUG org.asynchttpclient.netty.handler.HttpHandler - Channel Closed: [id: 0x3a8e8f1b, L:/127.0.0.1:50284 ! R:localhost/127.0.0.1:59244] with attribute DISCARD
]]></system-out>
    <system-err><![CDATA[Starting ChromeDriver 102.0.5005.61 (0e59bcc00cc4985ce39ad31c150065f159d95ad3-refs/branch-heads/5005@{#819}) on port 59244
Only local connections are allowed.
Please see https://chromedriver.chromium.org/security-considerations for suggestions on keeping ChromeDriver safe.
ChromeDriver was started successfully.
Jun 20, 2022 4:28:18 PM org.openqa.selenium.remote.ProtocolHandshake createSession
INFO: Detected dialect: W3C
Jun 20, 2022 4:28:18 PM org.openqa.selenium.devtools.CdpVersionFinder findNearestMatch
WARNING: Unable to find an exact match for CDP version 102, so returning the closest version found: a no-op implementation
Jun 20, 2022 4:28:18 PM org.openqa.selenium.devtools.CdpVersionFinder findNearestMatch
INFO: Unable to find CDP implementation matching 102.
Jun 20, 2022 4:28:18 PM org.openqa.selenium.chromium.ChromiumDriver lambda$new$3
WARNING: Unable to find version of CDP to use for . You may need to include a dependency on a specific version of the CDP using something similar to `org.seleniumhq.selenium:selenium-devtools-v86:4.1.2` where the version ("v86") matches the version of the chromium-based browser you're using and the version number of the artifact is the same as Selenium's.
]]></system-err>
  </testcase>
  <testcase name="Edit Existing Appointment Data Scenario" classname="Appointment" time="30.359">
    <system-out><![CDATA[
@Appointment @EditAppointment
Scenario: Edit Existing Appointment Data Scenario   &amp#27;[90m# src/test/resources/features/1.Appointment.feature:36&amp#27;[0m
16:28:57.822 [main] INFO io.cucumber.core.plugin.SerenityReporter - Running feature from file:///E:/My%20Documents/File%20Difa/TI%20Semester%206%20Kampus%20Merdeka%20Alterra/Tugas/CAPSTONE%20Project/Capstone-Project-Website/src/test/resources/features/1.Appointment.feature
16:28:57.827 [main] INFO  - 
  _____   ___   ___   _____     ___   _____     _     ___   _____   ___   ___  
 |_   _| | __| / __| |_   _|   / __| |_   _|   /_\   | _ \ |_   _| | __| |   \ 
   | |   | _|  \__ \   | |     \__ \   | |    / _ \  |   /   | |   | _|  | |) |
   |_|   |___| |___/   |_|     |___/   |_|   /_/ \_\ |_|_\   |_|   |___| |___/ 

Edit Existing Appointment Data Scenario(appointment;edit-existing-appointment-data-scenario)
--------------------------------------------------------------------------------
16:28:57.855 [main] DEBUG net.thucydides.core.steps.StepInterceptor - STARTING STEP: DashboardSteps.iAmOnTheDashboardPage - openUrl
16:28:57.858 [main] INFO net.serenitybdd.core.webdriver.driverproviders.ChromeDriverProvider - Using automatically driver download
16:28:57.940 [AsyncHttpClient-1-1] DEBUG org.asynchttpclient.netty.channel.DefaultChannelPool - Entry count for : http://localhost:59244 : 1
16:28:57.944 [AsyncHttpClient-1-1] DEBUG org.asynchttpclient.netty.channel.DefaultChannelPool - Adding Candidate expired Channel [id: 0x3a8e8f1b, L:/127.0.0.1:50284 ! R:localhost/127.0.0.1:59244] isIdleTimeoutExpired=false isRemotelyClosed=true isTtlExpired=false
16:28:57.944 [AsyncHttpClient-1-1] DEBUG org.asynchttpclient.netty.channel.DefaultChannelPool - Closing Idle Channel [id: 0x3a8e8f1b, L:/127.0.0.1:50284 ! R:localhost/127.0.0.1:59244]
16:28:57.944 [AsyncHttpClient-1-1] DEBUG org.asynchttpclient.netty.channel.DefaultChannelPool - Closed 1 connections out of 1 in 4 ms
16:28:58.420 [main] DEBUG io.github.bonigarcia.wdm.cache.ResolutionCache - Resolution chrome=102 in cache (valid until 16:47:55 20/06/2022 ICT)
16:28:58.433 [main] DEBUG io.github.bonigarcia.wdm.cache.ResolutionCache - Resolution chrome102=102.0.5005.61 in cache (valid until 09:12:44 21/06/2022 ICT)
16:28:58.436 [main] INFO io.github.bonigarcia.wdm.WebDriverManager - Using chromedriver 102.0.5005.61 (resolved driver for Chrome 102)
16:28:58.452 [main] DEBUG io.github.bonigarcia.wdm.WebDriverManager - Driver chromedriver 102.0.5005.61 found in cache
16:28:58.453 [main] INFO io.github.bonigarcia.wdm.WebDriverManager - Exporting webdriver.chrome.driver as C:\Users\USER\.cache\selenium\chromedriver\win32\102.0.5005.61\chromedriver.exe
16:28:58.671 [main] DEBUG net.serenitybdd.core.webdriver.driverproviders.ProvideNewDriver - Instantiating driver
16:28:58.671 [main] DEBUG net.serenitybdd.core.webdriver.driverproviders.ProvideNewDriver - Driver capabilities: Capabilities {acceptInsecureCerts: false, base.url: https://hospital-management..., browserName: chrome, chrome.driver: src/test/resources/webdrive..., driver: chrome, goog:chromeOptions: {args: [], extensions: []}}
16:28:59.753 [AsyncHttpClient-1-3] DEBUG org.asynchttpclient.netty.channel.NettyConnectListener - Using new Channel '[id: 0x8bd282bf, L:/127.0.0.1:50347 - R:localhost/127.0.0.1:60994]' for 'POST' to '/session'
16:29:04.367 [AsyncHttpClient-1-3] DEBUG org.asynchttpclient.netty.handler.HttpHandler - 

Request DefaultHttpRequest(decodeResult: success, version: HTTP/1.1)
POST /session HTTP/1.1
User-Agent: selenium/4.1.2 (java windows)
Content-Length: 621
Content-Type: application/json; charset=utf-8
host: localhost:60994
accept: */*

Response DefaultHttpResponse(decodeResult: success, version: HTTP/1.1)
HTTP/1.1 200 OK
Content-Type: application/json; charset=utf-8
cache-control: no-cache
content-length: 789

16:29:04.368 [AsyncHttpClient-1-3] DEBUG org.asynchttpclient.netty.channel.ChannelManager - Adding key: http://localhost:60994 for channel [id: 0x8bd282bf, L:/127.0.0.1:50347 - R:localhost/127.0.0.1:60994]
16:29:04.408 [AsyncHttpClient-1-4] DEBUG org.asynchttpclient.netty.channel.NettyConnectListener - Using new Channel '[id: 0xa383d360, L:/127.0.0.1:50358 - R:localhost/127.0.0.1:50351]' for 'GET' to '/json/version'
16:29:04.409 [AsyncHttpClient-1-4] DEBUG org.asynchttpclient.netty.handler.HttpHandler - 

Request DefaultFullHttpRequest(decodeResult: success, version: HTTP/1.1, content: EmptyByteBufBE)
GET /json/version HTTP/1.1
User-Agent: selenium/4.1.2 (java windows)
host: localhost:50351
accept: */*

Response DefaultHttpResponse(decodeResult: success, version: HTTP/1.1)
HTTP/1.1 200 OK
Content-Type: application/json; charset=UTF-8
content-length: 427

16:29:04.410 [AsyncHttpClient-1-4] DEBUG org.asynchttpclient.netty.channel.ChannelManager - Adding key: http://localhost:50351 for channel [id: 0xa383d360, L:/127.0.0.1:50358 - R:localhost/127.0.0.1:50351]
16:29:04.413 [AsyncHttpClient-1-5] DEBUG org.asynchttpclient.netty.channel.NettyConnectListener - Using new Channel '[id: 0x8a9aebae, L:/127.0.0.1:50359 - R:localhost/127.0.0.1:50351]' for 'GET' to '/devtools/browser/c74ff3e4-9929-4dc5-a608-f89b0a22a0ad'
16:29:04.414 [AsyncHttpClient-1-5] DEBUG org.asynchttpclient.netty.handler.WebSocketHandler - 

Request DefaultFullHttpRequest(decodeResult: success, version: HTTP/1.1, content: EmptyByteBufBE)
GET /devtools/browser/c74ff3e4-9929-4dc5-a608-f89b0a22a0ad HTTP/1.1
upgrade: websocket
connection: upgrade
sec-websocket-key: hH9N/Nytl6GfxSh6gPyiNg==
sec-websocket-version: 13
origin: http://localhost:50351
host: localhost:50351
accept: */*
user-agent: AHC/2.1

Response DefaultHttpResponse(decodeResult: success, version: HTTP/1.1)
HTTP/1.1 101 WebSocket Protocol Handshake
Upgrade: WebSocket
Connection: Upgrade
Sec-WebSocket-Accept: gvwxbnt7/gOtTaT/EB20fFVSC2M=

16:29:04.424 [Forwarding maximizeCurrentWindow on session 48a063a221c3d9d327838587ed902e40 to remote] DEBUG org.asynchttpclient.netty.request.NettyRequestSender - Using pooled Channel '[id: 0x8bd282bf, L:/127.0.0.1:50347 - R:localhost/127.0.0.1:60994]' for 'POST' to 'http://localhost:60994/session/48a063a221c3d9d327838587ed902e40/window/maximize'
16:29:04.424 [Forwarding maximizeCurrentWindow on session 48a063a221c3d9d327838587ed902e40 to remote] DEBUG org.asynchttpclient.netty.request.NettyRequestSender - Using open Channel [id: 0x8bd282bf, L:/127.0.0.1:50347 - R:localhost/127.0.0.1:60994] for POST '/session/48a063a221c3d9d327838587ed902e40/window/maximize'
16:29:04.539 [AsyncHttpClient-1-1] DEBUG org.asynchttpclient.netty.channel.DefaultChannelPool - Entry count for : http://localhost:50351 : 1
16:29:04.548 [AsyncHttpClient-1-3] DEBUG org.asynchttpclient.netty.handler.HttpHandler - 

Request DefaultHttpRequest(decodeResult: success, version: HTTP/1.1)
POST /session/48a063a221c3d9d327838587ed902e40/window/maximize HTTP/1.1
User-Agent: selenium/4.1.2 (java windows)
Content-Length: 3
Content-Type: application/json; charset=utf-8
host: localhost:60994
accept: */*

Response DefaultHttpResponse(decodeResult: success, version: HTTP/1.1)
HTTP/1.1 200 OK
Content-Type: application/json; charset=utf-8
cache-control: no-cache
content-length: 51

16:29:04.548 [AsyncHttpClient-1-3] DEBUG org.asynchttpclient.netty.channel.ChannelManager - Adding key: http://localhost:60994 for channel [id: 0x8bd282bf, L:/127.0.0.1:50347 - R:localhost/127.0.0.1:60994]
16:29:04.551 [Forwarding get on session 48a063a221c3d9d327838587ed902e40 to remote] DEBUG org.asynchttpclient.netty.request.NettyRequestSender - Using pooled Channel '[id: 0x8bd282bf, L:/127.0.0.1:50347 - R:localhost/127.0.0.1:60994]' for 'POST' to 'http://localhost:60994/session/48a063a221c3d9d327838587ed902e40/url'
16:29:04.551 [Forwarding get on session 48a063a221c3d9d327838587ed902e40 to remote] DEBUG org.asynchttpclient.netty.request.NettyRequestSender - Using open Channel [id: 0x8bd282bf, L:/127.0.0.1:50347 - R:localhost/127.0.0.1:60994] for POST '/session/48a063a221c3d9d327838587ed902e40/url'
16:29:05.639 [AsyncHttpClient-1-1] DEBUG org.asynchttpclient.netty.channel.DefaultChannelPool - Entry count for : http://localhost:50351 : 1
16:29:06.738 [AsyncHttpClient-1-1] DEBUG org.asynchttpclient.netty.channel.DefaultChannelPool - Entry count for : http://localhost:50351 : 1
16:29:07.837 [AsyncHttpClient-1-1] DEBUG org.asynchttpclient.netty.channel.DefaultChannelPool - Entry count for : http://localhost:50351 : 1
16:29:07.966 [AsyncHttpClient-1-3] DEBUG org.asynchttpclient.netty.handler.HttpHandler - 

Request DefaultHttpRequest(decodeResult: success, version: HTTP/1.1)
POST /session/48a063a221c3d9d327838587ed902e40/url HTTP/1.1
User-Agent: selenium/4.1.2 (java windows)
Content-Length: 65
Content-Type: application/json; charset=utf-8
host: localhost:60994
accept: */*

Response DefaultHttpResponse(decodeResult: success, version: HTTP/1.1)
HTTP/1.1 200 OK
Content-Type: application/json; charset=utf-8
cache-control: no-cache
content-length: 14

16:29:07.966 [AsyncHttpClient-1-3] DEBUG org.asynchttpclient.netty.channel.ChannelManager - Adding key: http://localhost:60994 for channel [id: 0x8bd282bf, L:/127.0.0.1:50347 - R:localhost/127.0.0.1:60994]
16:29:07.970 [Forwarding setTimeout on session 48a063a221c3d9d327838587ed902e40 to remote] DEBUG org.asynchttpclient.netty.request.NettyRequestSender - Using pooled Channel '[id: 0x8bd282bf, L:/127.0.0.1:50347 - R:localhost/127.0.0.1:60994]' for 'POST' to 'http://localhost:60994/session/48a063a221c3d9d327838587ed902e40/timeouts'
16:29:07.970 [Forwarding setTimeout on session 48a063a221c3d9d327838587ed902e40 to remote] DEBUG org.asynchttpclient.netty.request.NettyRequestSender - Using open Channel [id: 0x8bd282bf, L:/127.0.0.1:50347 - R:localhost/127.0.0.1:60994] for POST '/session/48a063a221c3d9d327838587ed902e40/timeouts'
16:29:07.980 [AsyncHttpClient-1-3] DEBUG org.asynchttpclient.netty.handler.HttpHandler - 

Request DefaultHttpRequest(decodeResult: success, version: HTTP/1.1)
POST /session/48a063a221c3d9d327838587ed902e40/timeouts HTTP/1.1
User-Agent: selenium/4.1.2 (java windows)
Content-Length: 22
Content-Type: application/json; charset=utf-8
host: localhost:60994
accept: */*

Response DefaultHttpResponse(decodeResult: success, version: HTTP/1.1)
HTTP/1.1 200 OK
Content-Type: application/json; charset=utf-8
cache-control: no-cache
content-length: 14

16:29:07.980 [AsyncHttpClient-1-3] DEBUG org.asynchttpclient.netty.channel.ChannelManager - Adding key: http://localhost:60994 for channel [id: 0x8bd282bf, L:/127.0.0.1:50347 - R:localhost/127.0.0.1:60994]
16:29:07.987 [Forwarding getCurrentUrl on session 48a063a221c3d9d327838587ed902e40 to remote] DEBUG org.asynchttpclient.netty.request.NettyRequestSender - Using pooled Channel '[id: 0x8bd282bf, L:/127.0.0.1:50347 - R:localhost/127.0.0.1:60994]' for 'GET' to 'http://localhost:60994/session/48a063a221c3d9d327838587ed902e40/url'
16:29:07.988 [Forwarding getCurrentUrl on session 48a063a221c3d9d327838587ed902e40 to remote] DEBUG org.asynchttpclient.netty.request.NettyRequestSender - Using open Channel [id: 0x8bd282bf, L:/127.0.0.1:50347 - R:localhost/127.0.0.1:60994] for GET '/session/48a063a221c3d9d327838587ed902e40/url'
16:29:08.937 [AsyncHttpClient-1-1] DEBUG org.asynchttpclient.netty.channel.DefaultChannelPool - Entry count for : http://localhost:50351 : 1
16:29:10.026 [AsyncHttpClient-1-3] DEBUG org.asynchttpclient.netty.handler.HttpHandler - 

Request DefaultFullHttpRequest(decodeResult: success, version: HTTP/1.1, content: EmptyByteBufBE)
GET /session/48a063a221c3d9d327838587ed902e40/url HTTP/1.1
User-Agent: selenium/4.1.2 (java windows)
Cache-Control: no-cache
Content-Type: application/json; charset=utf-8
host: localhost:60994
accept: */*

Response DefaultHttpResponse(decodeResult: success, version: HTTP/1.1)
HTTP/1.1 200 OK
Content-Type: application/json; charset=utf-8
cache-control: no-cache
content-length: 53

16:29:10.026 [AsyncHttpClient-1-3] DEBUG org.asynchttpclient.netty.channel.ChannelManager - Adding key: http://localhost:60994 for channel [id: 0x8bd282bf, L:/127.0.0.1:50347 - R:localhost/127.0.0.1:60994]
16:29:10.038 [AsyncHttpClient-1-1] DEBUG org.asynchttpclient.netty.channel.DefaultChannelPool - Entry count for : http://localhost:50351 : 1
16:29:10.038 [AsyncHttpClient-1-1] DEBUG org.asynchttpclient.netty.channel.DefaultChannelPool - Entry count for : http://localhost:60994 : 1
16:29:10.172 [Forwarding getCurrentUrl on session 48a063a221c3d9d327838587ed902e40 to remote] DEBUG org.asynchttpclient.netty.request.NettyRequestSender - Using pooled Channel '[id: 0x8bd282bf, L:/127.0.0.1:50347 - R:localhost/127.0.0.1:60994]' for 'GET' to 'http://localhost:60994/session/48a063a221c3d9d327838587ed902e40/url'
16:29:10.172 [Forwarding getCurrentUrl on session 48a063a221c3d9d327838587ed902e40 to remote] DEBUG org.asynchttpclient.netty.request.NettyRequestSender - Using open Channel [id: 0x8bd282bf, L:/127.0.0.1:50347 - R:localhost/127.0.0.1:60994] for GET '/session/48a063a221c3d9d327838587ed902e40/url'
16:29:11.139 [AsyncHttpClient-1-1] DEBUG org.asynchttpclient.netty.channel.DefaultChannelPool - Entry count for : http://localhost:50351 : 1
16:29:11.816 [AsyncHttpClient-1-3] DEBUG org.asynchttpclient.netty.handler.HttpHandler - 

Request DefaultFullHttpRequest(decodeResult: success, version: HTTP/1.1, content: EmptyByteBufBE)
GET /session/48a063a221c3d9d327838587ed902e40/url HTTP/1.1
User-Agent: selenium/4.1.2 (java windows)
Cache-Control: no-cache
Content-Type: application/json; charset=utf-8
host: localhost:60994
accept: */*

Response DefaultHttpResponse(decodeResult: success, version: HTTP/1.1)
HTTP/1.1 200 OK
Content-Type: application/json; charset=utf-8
cache-control: no-cache
content-length: 53

16:29:11.817 [AsyncHttpClient-1-3] DEBUG org.asynchttpclient.netty.channel.ChannelManager - Adding key: http://localhost:60994 for channel [id: 0x8bd282bf, L:/127.0.0.1:50347 - R:localhost/127.0.0.1:60994]
16:29:11.825 [Forwarding screenshot on session 48a063a221c3d9d327838587ed902e40 to remote] DEBUG org.asynchttpclient.netty.request.NettyRequestSender - Using pooled Channel '[id: 0x8bd282bf, L:/127.0.0.1:50347 - R:localhost/127.0.0.1:60994]' for 'GET' to 'http://localhost:60994/session/48a063a221c3d9d327838587ed902e40/screenshot'
16:29:11.825 [Forwarding screenshot on session 48a063a221c3d9d327838587ed902e40 to remote] DEBUG org.asynchttpclient.netty.request.NettyRequestSender - Using open Channel [id: 0x8bd282bf, L:/127.0.0.1:50347 - R:localhost/127.0.0.1:60994] for GET '/session/48a063a221c3d9d327838587ed902e40/screenshot'
16:29:12.237 [AsyncHttpClient-1-1] DEBUG org.asynchttpclient.netty.channel.DefaultChannelPool - Entry count for : http://localhost:50351 : 1
16:29:13.338 [AsyncHttpClient-1-1] DEBUG org.asynchttpclient.netty.channel.DefaultChannelPool - Entry count for : http://localhost:50351 : 1
16:29:14.437 [AsyncHttpClient-1-1] DEBUG org.asynchttpclient.netty.channel.DefaultChannelPool - Entry count for : http://localhost:50351 : 1
16:29:14.730 [AsyncHttpClient-1-3] DEBUG org.asynchttpclient.netty.handler.HttpHandler - 

Request DefaultFullHttpRequest(decodeResult: success, version: HTTP/1.1, content: EmptyByteBufBE)
GET /session/48a063a221c3d9d327838587ed902e40/screenshot HTTP/1.1
User-Agent: selenium/4.1.2 (java windows)
Cache-Control: no-cache
Content-Type: application/json; charset=utf-8
host: localhost:60994
accept: */*

Response DefaultHttpResponse(decodeResult: success, version: HTTP/1.1)
HTTP/1.1 200 OK
Content-Type: application/json; charset=utf-8
cache-control: no-cache
content-length: 382596

16:29:14.737 [AsyncHttpClient-1-3] DEBUG org.asynchttpclient.netty.channel.ChannelManager - Adding key: http://localhost:60994 for channel [id: 0x8bd282bf, L:/127.0.0.1:50347 - R:localhost/127.0.0.1:60994]
16:29:14.768 [main] DEBUG net.serenitybdd.core.photography.Darkroom - Send negative for processing for target\site\serenity\ed15a54c91c342d96a850276df7b559f4526b370fc93040e3c407a48a170f368.png
16:29:14.769 [main] DEBUG net.thucydides.core.steps.StepInterceptor - STEP DONE: openUrl
16:29:14.780 [main] DEBUG net.thucydides.core.steps.StepInterceptor - STARTING STEP: DashboardSteps.iAmOnTheDashboardPage - validateOnDashboardPage
16:29:14.784 [Forwarding findElement on session 48a063a221c3d9d327838587ed902e40 to remote] DEBUG org.asynchttpclient.netty.request.NettyRequestSender - Using pooled Channel '[id: 0x8bd282bf, L:/127.0.0.1:50347 - R:localhost/127.0.0.1:60994]' for 'POST' to 'http://localhost:60994/session/48a063a221c3d9d327838587ed902e40/element'
16:29:14.784 [Forwarding findElement on session 48a063a221c3d9d327838587ed902e40 to remote] DEBUG org.asynchttpclient.netty.request.NettyRequestSender - Using open Channel [id: 0x8bd282bf, L:/127.0.0.1:50347 - R:localhost/127.0.0.1:60994] for POST '/session/48a063a221c3d9d327838587ed902e40/element'
16:29:15.537 [AsyncHttpClient-1-1] DEBUG org.asynchttpclient.netty.channel.DefaultChannelPool - Entry count for : http://localhost:50351 : 1
16:29:16.207 [AsyncHttpClient-1-3] DEBUG org.asynchttpclient.netty.handler.HttpHandler - 

Request DefaultHttpRequest(decodeResult: success, version: HTTP/1.1)
POST /session/48a063a221c3d9d327838587ed902e40/element HTTP/1.1
User-Agent: selenium/4.1.2 (java windows)
Content-Length: 81
Content-Type: application/json; charset=utf-8
host: localhost:60994
accept: */*

Response DefaultHttpResponse(decodeResult: success, version: HTTP/1.1)
HTTP/1.1 200 OK
Content-Type: application/json; charset=utf-8
cache-control: no-cache
content-length: 88

16:29:16.207 [AsyncHttpClient-1-3] DEBUG org.asynchttpclient.netty.channel.ChannelManager - Adding key: http://localhost:60994 for channel [id: 0x8bd282bf, L:/127.0.0.1:50347 - R:localhost/127.0.0.1:60994]
16:29:16.213 [Forwarding isElementDisplayed on session 48a063a221c3d9d327838587ed902e40 to remote] DEBUG org.asynchttpclient.netty.request.NettyRequestSender - Using pooled Channel '[id: 0x8bd282bf, L:/127.0.0.1:50347 - R:localhost/127.0.0.1:60994]' for 'POST' to 'http://localhost:60994/session/48a063a221c3d9d327838587ed902e40/execute/sync'
16:29:16.213 [Forwarding isElementDisplayed on session 48a063a221c3d9d327838587ed902e40 to remote] DEBUG org.asynchttpclient.netty.request.NettyRequestSender - Using open Channel [id: 0x8bd282bf, L:/127.0.0.1:50347 - R:localhost/127.0.0.1:60994] for POST '/session/48a063a221c3d9d327838587ed902e40/execute/sync'
16:29:16.411 [AsyncHttpClient-1-3] DEBUG org.asynchttpclient.netty.handler.HttpHandler - 

Request DefaultHttpRequest(decodeResult: success, version: HTTP/1.1)
POST /session/48a063a221c3d9d327838587ed902e40/execute/sync HTTP/1.1
User-Agent: selenium/4.1.2 (java windows)
Content-Length: 48780
Content-Type: application/json; charset=utf-8
host: localhost:60994
accept: */*

Response DefaultHttpResponse(decodeResult: success, version: HTTP/1.1)
HTTP/1.1 200 OK
Content-Type: application/json; charset=utf-8
cache-control: no-cache
content-length: 14

16:29:16.411 [AsyncHttpClient-1-3] DEBUG org.asynchttpclient.netty.channel.ChannelManager - Adding key: http://localhost:60994 for channel [id: 0x8bd282bf, L:/127.0.0.1:50347 - R:localhost/127.0.0.1:60994]
16:29:16.429 [Forwarding screenshot on session 48a063a221c3d9d327838587ed902e40 to remote] DEBUG org.asynchttpclient.netty.request.NettyRequestSender - Using pooled Channel '[id: 0x8bd282bf, L:/127.0.0.1:50347 - R:localhost/127.0.0.1:60994]' for 'GET' to 'http://localhost:60994/session/48a063a221c3d9d327838587ed902e40/screenshot'
16:29:16.429 [Forwarding screenshot on session 48a063a221c3d9d327838587ed902e40 to remote] DEBUG org.asynchttpclient.netty.request.NettyRequestSender - Using open Channel [id: 0x8bd282bf, L:/127.0.0.1:50347 - R:localhost/127.0.0.1:60994] for GET '/session/48a063a221c3d9d327838587ed902e40/screenshot'
16:29:16.637 [AsyncHttpClient-1-1] DEBUG org.asynchttpclient.netty.channel.DefaultChannelPool - Entry count for : http://localhost:50351 : 1
16:29:16.684 [AsyncHttpClient-1-3] DEBUG org.asynchttpclient.netty.handler.HttpHandler - 

Request DefaultFullHttpRequest(decodeResult: success, version: HTTP/1.1, content: EmptyByteBufBE)
GET /session/48a063a221c3d9d327838587ed902e40/screenshot HTTP/1.1
User-Agent: selenium/4.1.2 (java windows)
Cache-Control: no-cache
Content-Type: application/json; charset=utf-8
host: localhost:60994
accept: */*

Response DefaultHttpResponse(decodeResult: success, version: HTTP/1.1)
HTTP/1.1 200 OK
Content-Type: application/json; charset=utf-8
cache-control: no-cache
content-length: 351816

16:29:16.687 [AsyncHttpClient-1-3] DEBUG org.asynchttpclient.netty.channel.ChannelManager - Adding key: http://localhost:60994 for channel [id: 0x8bd282bf, L:/127.0.0.1:50347 - R:localhost/127.0.0.1:60994]
16:29:16.708 [main] DEBUG net.serenitybdd.core.photography.Darkroom - Send negative for processing for target\site\serenity\20277f1d76f1b925628464fcd1ece5de77a814679d1be3fdcf836a7ddadfed60.png
16:29:16.709 [main] DEBUG net.thucydides.core.steps.StepInterceptor - STEP DONE: validateOnDashboardPage
  &amp#27;[32mGiven &amp#27;[0m&amp#27;[32mI am on the dashboard page&amp#27;[0m                  &amp#27;[90m# starter.stepdefinitions.DashboardSteps.iAmOnTheDashboardPage()&amp#27;[0m
16:29:16.745 [main] DEBUG net.thucydides.core.steps.StepInterceptor - STARTING STEP: AppointmentSteps.iClickMenuAppointment - clickMenuAppointmentButton
16:29:16.749 [Forwarding findElement on session 48a063a221c3d9d327838587ed902e40 to remote] DEBUG org.asynchttpclient.netty.request.NettyRequestSender - Using pooled Channel '[id: 0x8bd282bf, L:/127.0.0.1:50347 - R:localhost/127.0.0.1:60994]' for 'POST' to 'http://localhost:60994/session/48a063a221c3d9d327838587ed902e40/element'
16:29:16.749 [Forwarding findElement on session 48a063a221c3d9d327838587ed902e40 to remote] DEBUG org.asynchttpclient.netty.request.NettyRequestSender - Using open Channel [id: 0x8bd282bf, L:/127.0.0.1:50347 - R:localhost/127.0.0.1:60994] for POST '/session/48a063a221c3d9d327838587ed902e40/element'
16:29:16.764 [AsyncHttpClient-1-3] DEBUG org.asynchttpclient.netty.handler.HttpHandler - 

Request DefaultHttpRequest(decodeResult: success, version: HTTP/1.1)
POST /session/48a063a221c3d9d327838587ed902e40/element HTTP/1.1
User-Agent: selenium/4.1.2 (java windows)
Content-Length: 84
Content-Type: application/json; charset=utf-8
host: localhost:60994
accept: */*

Response DefaultHttpResponse(decodeResult: success, version: HTTP/1.1)
HTTP/1.1 200 OK
Content-Type: application/json; charset=utf-8
cache-control: no-cache
content-length: 88

16:29:16.765 [AsyncHttpClient-1-3] DEBUG org.asynchttpclient.netty.channel.ChannelManager - Adding key: http://localhost:60994 for channel [id: 0x8bd282bf, L:/127.0.0.1:50347 - R:localhost/127.0.0.1:60994]
16:29:16.767 [Forwarding getElementTagName on session 48a063a221c3d9d327838587ed902e40 to remote] DEBUG org.asynchttpclient.netty.request.NettyRequestSender - Using pooled Channel '[id: 0x8bd282bf, L:/127.0.0.1:50347 - R:localhost/127.0.0.1:60994]' for 'GET' to 'http://localhost:60994/session/48a063a221c3d9d327838587ed902e40/element/7f1ca0f7-bdf4-4183-9209-814a00c535c9/name'
16:29:16.767 [Forwarding getElementTagName on session 48a063a221c3d9d327838587ed902e40 to remote] DEBUG org.asynchttpclient.netty.request.NettyRequestSender - Using open Channel [id: 0x8bd282bf, L:/127.0.0.1:50347 - R:localhost/127.0.0.1:60994] for GET '/session/48a063a221c3d9d327838587ed902e40/element/7f1ca0f7-bdf4-4183-9209-814a00c535c9/name'
16:29:16.790 [AsyncHttpClient-1-3] DEBUG org.asynchttpclient.netty.handler.HttpHandler - 

Request DefaultFullHttpRequest(decodeResult: success, version: HTTP/1.1, content: EmptyByteBufBE)
GET /session/48a063a221c3d9d327838587ed902e40/element/7f1ca0f7-bdf4-4183-9209-814a00c535c9/name HTTP/1.1
User-Agent: selenium/4.1.2 (java windows)
Cache-Control: no-cache
Content-Type: application/json; charset=utf-8
host: localhost:60994
accept: */*

Response DefaultHttpResponse(decodeResult: success, version: HTTP/1.1)
HTTP/1.1 200 OK
Content-Type: application/json; charset=utf-8
cache-control: no-cache
content-length: 15

16:29:16.790 [AsyncHttpClient-1-3] DEBUG org.asynchttpclient.netty.channel.ChannelManager - Adding key: http://localhost:60994 for channel [id: 0x8bd282bf, L:/127.0.0.1:50347 - R:localhost/127.0.0.1:60994]
16:29:16.792 [Forwarding getElementTagName on session 48a063a221c3d9d327838587ed902e40 to remote] DEBUG org.asynchttpclient.netty.request.NettyRequestSender - Using pooled Channel '[id: 0x8bd282bf, L:/127.0.0.1:50347 - R:localhost/127.0.0.1:60994]' for 'GET' to 'http://localhost:60994/session/48a063a221c3d9d327838587ed902e40/element/7f1ca0f7-bdf4-4183-9209-814a00c535c9/name'
16:29:16.792 [Forwarding getElementTagName on session 48a063a221c3d9d327838587ed902e40 to remote] DEBUG org.asynchttpclient.netty.request.NettyRequestSender - Using open Channel [id: 0x8bd282bf, L:/127.0.0.1:50347 - R:localhost/127.0.0.1:60994] for GET '/session/48a063a221c3d9d327838587ed902e40/element/7f1ca0f7-bdf4-4183-9209-814a00c535c9/name'
16:29:16.797 [AsyncHttpClient-1-3] DEBUG org.asynchttpclient.netty.handler.HttpHandler - 

Request DefaultFullHttpRequest(decodeResult: success, version: HTTP/1.1, content: EmptyByteBufBE)
GET /session/48a063a221c3d9d327838587ed902e40/element/7f1ca0f7-bdf4-4183-9209-814a00c535c9/name HTTP/1.1
User-Agent: selenium/4.1.2 (java windows)
Cache-Control: no-cache
Content-Type: application/json; charset=utf-8
host: localhost:60994
accept: */*

Response DefaultHttpResponse(decodeResult: success, version: HTTP/1.1)
HTTP/1.1 200 OK
Content-Type: application/json; charset=utf-8
cache-control: no-cache
content-length: 15

16:29:16.797 [AsyncHttpClient-1-3] DEBUG org.asynchttpclient.netty.channel.ChannelManager - Adding key: http://localhost:60994 for channel [id: 0x8bd282bf, L:/127.0.0.1:50347 - R:localhost/127.0.0.1:60994]
16:29:16.801 [Forwarding findElement on session 48a063a221c3d9d327838587ed902e40 to remote] DEBUG org.asynchttpclient.netty.request.NettyRequestSender - Using pooled Channel '[id: 0x8bd282bf, L:/127.0.0.1:50347 - R:localhost/127.0.0.1:60994]' for 'POST' to 'http://localhost:60994/session/48a063a221c3d9d327838587ed902e40/element'
16:29:16.801 [Forwarding findElement on session 48a063a221c3d9d327838587ed902e40 to remote] DEBUG org.asynchttpclient.netty.request.NettyRequestSender - Using open Channel [id: 0x8bd282bf, L:/127.0.0.1:50347 - R:localhost/127.0.0.1:60994] for POST '/session/48a063a221c3d9d327838587ed902e40/element'
16:29:16.810 [AsyncHttpClient-1-3] DEBUG org.asynchttpclient.netty.handler.HttpHandler - 

Request DefaultHttpRequest(decodeResult: success, version: HTTP/1.1)
POST /session/48a063a221c3d9d327838587ed902e40/element HTTP/1.1
User-Agent: selenium/4.1.2 (java windows)
Content-Length: 84
Content-Type: application/json; charset=utf-8
host: localhost:60994
accept: */*

Response DefaultHttpResponse(decodeResult: success, version: HTTP/1.1)
HTTP/1.1 200 OK
Content-Type: application/json; charset=utf-8
cache-control: no-cache
content-length: 88

16:29:16.810 [AsyncHttpClient-1-3] DEBUG org.asynchttpclient.netty.channel.ChannelManager - Adding key: http://localhost:60994 for channel [id: 0x8bd282bf, L:/127.0.0.1:50347 - R:localhost/127.0.0.1:60994]
16:29:16.812 [Forwarding clickElement on session 48a063a221c3d9d327838587ed902e40 to remote] DEBUG org.asynchttpclient.netty.request.NettyRequestSender - Using pooled Channel '[id: 0x8bd282bf, L:/127.0.0.1:50347 - R:localhost/127.0.0.1:60994]' for 'POST' to 'http://localhost:60994/session/48a063a221c3d9d327838587ed902e40/element/7f1ca0f7-bdf4-4183-9209-814a00c535c9/click'
16:29:16.812 [Forwarding clickElement on session 48a063a221c3d9d327838587ed902e40 to remote] DEBUG org.asynchttpclient.netty.request.NettyRequestSender - Using open Channel [id: 0x8bd282bf, L:/127.0.0.1:50347 - R:localhost/127.0.0.1:60994] for POST '/session/48a063a221c3d9d327838587ed902e40/element/7f1ca0f7-bdf4-4183-9209-814a00c535c9/click'
16:29:17.737 [AsyncHttpClient-1-1] DEBUG org.asynchttpclient.netty.channel.DefaultChannelPool - Entry count for : http://localhost:50351 : 1
16:29:18.081 [AsyncHttpClient-1-3] DEBUG org.asynchttpclient.netty.handler.HttpHandler - 

Request DefaultHttpRequest(decodeResult: success, version: HTTP/1.1)
POST /session/48a063a221c3d9d327838587ed902e40/element/7f1ca0f7-bdf4-4183-9209-814a00c535c9/click HTTP/1.1
User-Agent: selenium/4.1.2 (java windows)
Content-Length: 50
Content-Type: application/json; charset=utf-8
host: localhost:60994
accept: */*

Response DefaultHttpResponse(decodeResult: success, version: HTTP/1.1)
HTTP/1.1 200 OK
Content-Type: application/json; charset=utf-8
cache-control: no-cache
content-length: 14

16:29:18.081 [AsyncHttpClient-1-3] DEBUG org.asynchttpclient.netty.channel.ChannelManager - Adding key: http://localhost:60994 for channel [id: 0x8bd282bf, L:/127.0.0.1:50347 - R:localhost/127.0.0.1:60994]
16:29:18.096 [Forwarding screenshot on session 48a063a221c3d9d327838587ed902e40 to remote] DEBUG org.asynchttpclient.netty.request.NettyRequestSender - Using pooled Channel '[id: 0x8bd282bf, L:/127.0.0.1:50347 - R:localhost/127.0.0.1:60994]' for 'GET' to 'http://localhost:60994/session/48a063a221c3d9d327838587ed902e40/screenshot'
16:29:18.097 [Forwarding screenshot on session 48a063a221c3d9d327838587ed902e40 to remote] DEBUG org.asynchttpclient.netty.request.NettyRequestSender - Using open Channel [id: 0x8bd282bf, L:/127.0.0.1:50347 - R:localhost/127.0.0.1:60994] for GET '/session/48a063a221c3d9d327838587ed902e40/screenshot'
16:29:18.353 [AsyncHttpClient-1-3] DEBUG org.asynchttpclient.netty.handler.HttpHandler - 

Request DefaultFullHttpRequest(decodeResult: success, version: HTTP/1.1, content: EmptyByteBufBE)
GET /session/48a063a221c3d9d327838587ed902e40/screenshot HTTP/1.1
User-Agent: selenium/4.1.2 (java windows)
Cache-Control: no-cache
Content-Type: application/json; charset=utf-8
host: localhost:60994
accept: */*

Response DefaultHttpResponse(decodeResult: success, version: HTTP/1.1)
HTTP/1.1 200 OK
Content-Type: application/json; charset=utf-8
cache-control: no-cache
content-length: 77864

16:29:18.354 [AsyncHttpClient-1-3] DEBUG org.asynchttpclient.netty.channel.ChannelManager - Adding key: http://localhost:60994 for channel [id: 0x8bd282bf, L:/127.0.0.1:50347 - R:localhost/127.0.0.1:60994]
16:29:18.359 [main] DEBUG net.serenitybdd.core.photography.Darkroom - Send negative for processing for target\site\serenity\1f121c84ac5ed486a34b6564ef548c7a63c0810ba65b369a172b58667ec6d336.png
16:29:18.360 [main] DEBUG net.thucydides.core.steps.StepInterceptor - STEP DONE: clickMenuAppointmentButton
  &amp#27;[32mAnd &amp#27;[0m&amp#27;[32mI click menu Appointment&amp#27;[0m                      &amp#27;[90m# starter.stepdefinitions.AppointmentSteps.iClickMenuAppointment()&amp#27;[0m
16:29:18.381 [main] DEBUG net.thucydides.core.steps.StepInterceptor - STARTING STEP: AppointmentSteps.iClickEditAppointmentIcon - clickEditAppointmentIcon
16:29:18.385 [Forwarding findElement on session 48a063a221c3d9d327838587ed902e40 to remote] DEBUG org.asynchttpclient.netty.request.NettyRequestSender - Using pooled Channel '[id: 0x8bd282bf, L:/127.0.0.1:50347 - R:localhost/127.0.0.1:60994]' for 'POST' to 'http://localhost:60994/session/48a063a221c3d9d327838587ed902e40/element'
16:29:18.385 [Forwarding findElement on session 48a063a221c3d9d327838587ed902e40 to remote] DEBUG org.asynchttpclient.netty.request.NettyRequestSender - Using open Channel [id: 0x8bd282bf, L:/127.0.0.1:50347 - R:localhost/127.0.0.1:60994] for POST '/session/48a063a221c3d9d327838587ed902e40/element'
16:29:18.838 [AsyncHttpClient-1-1] DEBUG org.asynchttpclient.netty.channel.DefaultChannelPool - Entry count for : http://localhost:50351 : 1
16:29:19.292 [AsyncHttpClient-1-3] DEBUG org.asynchttpclient.netty.handler.HttpHandler - 

Request DefaultHttpRequest(decodeResult: success, version: HTTP/1.1)
POST /session/48a063a221c3d9d327838587ed902e40/element HTTP/1.1
User-Agent: selenium/4.1.2 (java windows)
Content-Length: 205
Content-Type: application/json; charset=utf-8
host: localhost:60994
accept: */*

Response DefaultHttpResponse(decodeResult: success, version: HTTP/1.1)
HTTP/1.1 200 OK
Content-Type: application/json; charset=utf-8
cache-control: no-cache
content-length: 88

16:29:19.292 [AsyncHttpClient-1-3] DEBUG org.asynchttpclient.netty.channel.ChannelManager - Adding key: http://localhost:60994 for channel [id: 0x8bd282bf, L:/127.0.0.1:50347 - R:localhost/127.0.0.1:60994]
16:29:19.295 [Forwarding getElementTagName on session 48a063a221c3d9d327838587ed902e40 to remote] DEBUG org.asynchttpclient.netty.request.NettyRequestSender - Using pooled Channel '[id: 0x8bd282bf, L:/127.0.0.1:50347 - R:localhost/127.0.0.1:60994]' for 'GET' to 'http://localhost:60994/session/48a063a221c3d9d327838587ed902e40/element/6c3679a0-cab5-474c-b560-436d4889c4d3/name'
16:29:19.295 [Forwarding getElementTagName on session 48a063a221c3d9d327838587ed902e40 to remote] DEBUG org.asynchttpclient.netty.request.NettyRequestSender - Using open Channel [id: 0x8bd282bf, L:/127.0.0.1:50347 - R:localhost/127.0.0.1:60994] for GET '/session/48a063a221c3d9d327838587ed902e40/element/6c3679a0-cab5-474c-b560-436d4889c4d3/name'
16:29:19.303 [AsyncHttpClient-1-3] DEBUG org.asynchttpclient.netty.handler.HttpHandler - 

Request DefaultFullHttpRequest(decodeResult: success, version: HTTP/1.1, content: EmptyByteBufBE)
GET /session/48a063a221c3d9d327838587ed902e40/element/6c3679a0-cab5-474c-b560-436d4889c4d3/name HTTP/1.1
User-Agent: selenium/4.1.2 (java windows)
Cache-Control: no-cache
Content-Type: application/json; charset=utf-8
host: localhost:60994
accept: */*

Response DefaultHttpResponse(decodeResult: success, version: HTTP/1.1)
HTTP/1.1 200 OK
Content-Type: application/json; charset=utf-8
cache-control: no-cache
content-length: 18

16:29:19.303 [AsyncHttpClient-1-3] DEBUG org.asynchttpclient.netty.channel.ChannelManager - Adding key: http://localhost:60994 for channel [id: 0x8bd282bf, L:/127.0.0.1:50347 - R:localhost/127.0.0.1:60994]
16:29:19.305 [Forwarding getElementTagName on session 48a063a221c3d9d327838587ed902e40 to remote] DEBUG org.asynchttpclient.netty.request.NettyRequestSender - Using pooled Channel '[id: 0x8bd282bf, L:/127.0.0.1:50347 - R:localhost/127.0.0.1:60994]' for 'GET' to 'http://localhost:60994/session/48a063a221c3d9d327838587ed902e40/element/6c3679a0-cab5-474c-b560-436d4889c4d3/name'
16:29:19.305 [Forwarding getElementTagName on session 48a063a221c3d9d327838587ed902e40 to remote] DEBUG org.asynchttpclient.netty.request.NettyRequestSender - Using open Channel [id: 0x8bd282bf, L:/127.0.0.1:50347 - R:localhost/127.0.0.1:60994] for GET '/session/48a063a221c3d9d327838587ed902e40/element/6c3679a0-cab5-474c-b560-436d4889c4d3/name'
16:29:19.309 [AsyncHttpClient-1-3] DEBUG org.asynchttpclient.netty.handler.HttpHandler - 

Request DefaultFullHttpRequest(decodeResult: success, version: HTTP/1.1, content: EmptyByteBufBE)
GET /session/48a063a221c3d9d327838587ed902e40/element/6c3679a0-cab5-474c-b560-436d4889c4d3/name HTTP/1.1
User-Agent: selenium/4.1.2 (java windows)
Cache-Control: no-cache
Content-Type: application/json; charset=utf-8
host: localhost:60994
accept: */*

Response DefaultHttpResponse(decodeResult: success, version: HTTP/1.1)
HTTP/1.1 200 OK
Content-Type: application/json; charset=utf-8
cache-control: no-cache
content-length: 18

16:29:19.309 [AsyncHttpClient-1-3] DEBUG org.asynchttpclient.netty.channel.ChannelManager - Adding key: http://localhost:60994 for channel [id: 0x8bd282bf, L:/127.0.0.1:50347 - R:localhost/127.0.0.1:60994]
16:29:19.312 [Forwarding isElementEnabled on session 48a063a221c3d9d327838587ed902e40 to remote] DEBUG org.asynchttpclient.netty.request.NettyRequestSender - Using pooled Channel '[id: 0x8bd282bf, L:/127.0.0.1:50347 - R:localhost/127.0.0.1:60994]' for 'GET' to 'http://localhost:60994/session/48a063a221c3d9d327838587ed902e40/element/6c3679a0-cab5-474c-b560-436d4889c4d3/enabled'
16:29:19.312 [Forwarding isElementEnabled on session 48a063a221c3d9d327838587ed902e40 to remote] DEBUG org.asynchttpclient.netty.request.NettyRequestSender - Using open Channel [id: 0x8bd282bf, L:/127.0.0.1:50347 - R:localhost/127.0.0.1:60994] for GET '/session/48a063a221c3d9d327838587ed902e40/element/6c3679a0-cab5-474c-b560-436d4889c4d3/enabled'
16:29:19.333 [AsyncHttpClient-1-3] DEBUG org.asynchttpclient.netty.handler.HttpHandler - 

Request DefaultFullHttpRequest(decodeResult: success, version: HTTP/1.1, content: EmptyByteBufBE)
GET /session/48a063a221c3d9d327838587ed902e40/element/6c3679a0-cab5-474c-b560-436d4889c4d3/enabled HTTP/1.1
User-Agent: selenium/4.1.2 (java windows)
Cache-Control: no-cache
Content-Type: application/json; charset=utf-8
host: localhost:60994
accept: */*

Response DefaultHttpResponse(decodeResult: success, version: HTTP/1.1)
HTTP/1.1 200 OK
Content-Type: application/json; charset=utf-8
cache-control: no-cache
content-length: 14

16:29:19.333 [AsyncHttpClient-1-3] DEBUG org.asynchttpclient.netty.channel.ChannelManager - Adding key: http://localhost:60994 for channel [id: 0x8bd282bf, L:/127.0.0.1:50347 - R:localhost/127.0.0.1:60994]
16:29:19.335 [Forwarding isElementEnabled on session 48a063a221c3d9d327838587ed902e40 to remote] DEBUG org.asynchttpclient.netty.request.NettyRequestSender - Using pooled Channel '[id: 0x8bd282bf, L:/127.0.0.1:50347 - R:localhost/127.0.0.1:60994]' for 'GET' to 'http://localhost:60994/session/48a063a221c3d9d327838587ed902e40/element/6c3679a0-cab5-474c-b560-436d4889c4d3/enabled'
16:29:19.335 [Forwarding isElementEnabled on session 48a063a221c3d9d327838587ed902e40 to remote] DEBUG org.asynchttpclient.netty.request.NettyRequestSender - Using open Channel [id: 0x8bd282bf, L:/127.0.0.1:50347 - R:localhost/127.0.0.1:60994] for GET '/session/48a063a221c3d9d327838587ed902e40/element/6c3679a0-cab5-474c-b560-436d4889c4d3/enabled'
16:29:19.342 [AsyncHttpClient-1-3] DEBUG org.asynchttpclient.netty.handler.HttpHandler - 

Request DefaultFullHttpRequest(decodeResult: success, version: HTTP/1.1, content: EmptyByteBufBE)
GET /session/48a063a221c3d9d327838587ed902e40/element/6c3679a0-cab5-474c-b560-436d4889c4d3/enabled HTTP/1.1
User-Agent: selenium/4.1.2 (java windows)
Cache-Control: no-cache
Content-Type: application/json; charset=utf-8
host: localhost:60994
accept: */*

Response DefaultHttpResponse(decodeResult: success, version: HTTP/1.1)
HTTP/1.1 200 OK
Content-Type: application/json; charset=utf-8
cache-control: no-cache
content-length: 14

16:29:19.342 [AsyncHttpClient-1-3] DEBUG org.asynchttpclient.netty.channel.ChannelManager - Adding key: http://localhost:60994 for channel [id: 0x8bd282bf, L:/127.0.0.1:50347 - R:localhost/127.0.0.1:60994]
16:29:19.346 [Forwarding findElement on session 48a063a221c3d9d327838587ed902e40 to remote] DEBUG org.asynchttpclient.netty.request.NettyRequestSender - Using pooled Channel '[id: 0x8bd282bf, L:/127.0.0.1:50347 - R:localhost/127.0.0.1:60994]' for 'POST' to 'http://localhost:60994/session/48a063a221c3d9d327838587ed902e40/element'
16:29:19.346 [Forwarding findElement on session 48a063a221c3d9d327838587ed902e40 to remote] DEBUG org.asynchttpclient.netty.request.NettyRequestSender - Using open Channel [id: 0x8bd282bf, L:/127.0.0.1:50347 - R:localhost/127.0.0.1:60994] for POST '/session/48a063a221c3d9d327838587ed902e40/element'
16:29:19.355 [AsyncHttpClient-1-3] DEBUG org.asynchttpclient.netty.handler.HttpHandler - 

Request DefaultHttpRequest(decodeResult: success, version: HTTP/1.1)
POST /session/48a063a221c3d9d327838587ed902e40/element HTTP/1.1
User-Agent: selenium/4.1.2 (java windows)
Content-Length: 205
Content-Type: application/json; charset=utf-8
host: localhost:60994
accept: */*

Response DefaultHttpResponse(decodeResult: success, version: HTTP/1.1)
HTTP/1.1 200 OK
Content-Type: application/json; charset=utf-8
cache-control: no-cache
content-length: 88

16:29:19.355 [AsyncHttpClient-1-3] DEBUG org.asynchttpclient.netty.channel.ChannelManager - Adding key: http://localhost:60994 for channel [id: 0x8bd282bf, L:/127.0.0.1:50347 - R:localhost/127.0.0.1:60994]
16:29:19.356 [Forwarding clickElement on session 48a063a221c3d9d327838587ed902e40 to remote] DEBUG org.asynchttpclient.netty.request.NettyRequestSender - Using pooled Channel '[id: 0x8bd282bf, L:/127.0.0.1:50347 - R:localhost/127.0.0.1:60994]' for 'POST' to 'http://localhost:60994/session/48a063a221c3d9d327838587ed902e40/element/6c3679a0-cab5-474c-b560-436d4889c4d3/click'
16:29:19.356 [Forwarding clickElement on session 48a063a221c3d9d327838587ed902e40 to remote] DEBUG org.asynchttpclient.netty.request.NettyRequestSender - Using open Channel [id: 0x8bd282bf, L:/127.0.0.1:50347 - R:localhost/127.0.0.1:60994] for POST '/session/48a063a221c3d9d327838587ed902e40/element/6c3679a0-cab5-474c-b560-436d4889c4d3/click'
16:29:19.938 [AsyncHttpClient-1-1] DEBUG org.asynchttpclient.netty.channel.DefaultChannelPool - Entry count for : http://localhost:50351 : 1
16:29:19.967 [AsyncHttpClient-1-3] DEBUG org.asynchttpclient.netty.handler.HttpHandler - 

Request DefaultHttpRequest(decodeResult: success, version: HTTP/1.1)
POST /session/48a063a221c3d9d327838587ed902e40/element/6c3679a0-cab5-474c-b560-436d4889c4d3/click HTTP/1.1
User-Agent: selenium/4.1.2 (java windows)
Content-Length: 50
Content-Type: application/json; charset=utf-8
host: localhost:60994
accept: */*

Response DefaultHttpResponse(decodeResult: success, version: HTTP/1.1)
HTTP/1.1 200 OK
Content-Type: application/json; charset=utf-8
cache-control: no-cache
content-length: 14

16:29:19.967 [AsyncHttpClient-1-3] DEBUG org.asynchttpclient.netty.channel.ChannelManager - Adding key: http://localhost:60994 for channel [id: 0x8bd282bf, L:/127.0.0.1:50347 - R:localhost/127.0.0.1:60994]
16:29:19.981 [Forwarding screenshot on session 48a063a221c3d9d327838587ed902e40 to remote] DEBUG org.asynchttpclient.netty.request.NettyRequestSender - Using pooled Channel '[id: 0x8bd282bf, L:/127.0.0.1:50347 - R:localhost/127.0.0.1:60994]' for 'GET' to 'http://localhost:60994/session/48a063a221c3d9d327838587ed902e40/screenshot'
16:29:19.981 [Forwarding screenshot on session 48a063a221c3d9d327838587ed902e40 to remote] DEBUG org.asynchttpclient.netty.request.NettyRequestSender - Using open Channel [id: 0x8bd282bf, L:/127.0.0.1:50347 - R:localhost/127.0.0.1:60994] for GET '/session/48a063a221c3d9d327838587ed902e40/screenshot'
16:29:20.226 [AsyncHttpClient-1-3] DEBUG org.asynchttpclient.netty.handler.HttpHandler - 

Request DefaultFullHttpRequest(decodeResult: success, version: HTTP/1.1, content: EmptyByteBufBE)
GET /session/48a063a221c3d9d327838587ed902e40/screenshot HTTP/1.1
User-Agent: selenium/4.1.2 (java windows)
Cache-Control: no-cache
Content-Type: application/json; charset=utf-8
host: localhost:60994
accept: */*

Response DefaultHttpResponse(decodeResult: success, version: HTTP/1.1)
HTTP/1.1 200 OK
Content-Type: application/json; charset=utf-8
cache-control: no-cache
content-length: 128168

16:29:20.228 [AsyncHttpClient-1-3] DEBUG org.asynchttpclient.netty.channel.ChannelManager - Adding key: http://localhost:60994 for channel [id: 0x8bd282bf, L:/127.0.0.1:50347 - R:localhost/127.0.0.1:60994]
16:29:20.241 [main] DEBUG net.serenitybdd.core.photography.Darkroom - Send negative for processing for target\site\serenity\28e15d717218d25999d14fb4548df0aa9abece3d40172914b240cf93dcbeaab6.png
16:29:20.241 [main] DEBUG net.thucydides.core.steps.StepInterceptor - STEP DONE: clickEditAppointmentIcon
  &amp#27;[32mWhen &amp#27;[0m&amp#27;[32mI click edit Appointment icon&amp#27;[0m                &amp#27;[90m# starter.stepdefinitions.AppointmentSteps.iClickEditAppointmentIcon()&amp#27;[0m
16:29:20.243 [Darkroom Processing Line] DEBUG net.serenitybdd.core.photography.DarkroomProcessingLine - Processing screenshot image in /var/screenshots/screenshot-5792653832199669156
16:29:20.243 [Darkroom Processing Line] DEBUG net.serenitybdd.core.photography.DarkroomProcessingLine - Saving screenshot to target\site\serenity\28e15d717218d25999d14fb4548df0aa9abece3d40172914b240cf93dcbeaab6.png
16:29:20.272 [main] DEBUG net.thucydides.core.steps.StepInterceptor - STARTING STEP: AppointmentSteps.iEditAppointmentDataAndClickSubmit - editAppointmentReason
16:29:20.276 [Forwarding findElement on session 48a063a221c3d9d327838587ed902e40 to remote] DEBUG org.asynchttpclient.netty.request.NettyRequestSender - Using pooled Channel '[id: 0x8bd282bf, L:/127.0.0.1:50347 - R:localhost/127.0.0.1:60994]' for 'POST' to 'http://localhost:60994/session/48a063a221c3d9d327838587ed902e40/element'
16:29:20.276 [Forwarding findElement on session 48a063a221c3d9d327838587ed902e40 to remote] DEBUG org.asynchttpclient.netty.request.NettyRequestSender - Using open Channel [id: 0x8bd282bf, L:/127.0.0.1:50347 - R:localhost/127.0.0.1:60994] for POST '/session/48a063a221c3d9d327838587ed902e40/element'
16:29:20.293 [AsyncHttpClient-1-3] DEBUG org.asynchttpclient.netty.handler.HttpHandler - 

Request DefaultHttpRequest(decodeResult: success, version: HTTP/1.1)
POST /session/48a063a221c3d9d327838587ed902e40/element HTTP/1.1
User-Agent: selenium/4.1.2 (java windows)
Content-Length: 77
Content-Type: application/json; charset=utf-8
host: localhost:60994
accept: */*

Response DefaultHttpResponse(decodeResult: success, version: HTTP/1.1)
HTTP/1.1 200 OK
Content-Type: application/json; charset=utf-8
cache-control: no-cache
content-length: 88

16:29:20.293 [AsyncHttpClient-1-3] DEBUG org.asynchttpclient.netty.channel.ChannelManager - Adding key: http://localhost:60994 for channel [id: 0x8bd282bf, L:/127.0.0.1:50347 - R:localhost/127.0.0.1:60994]
16:29:20.296 [Forwarding getElementTagName on session 48a063a221c3d9d327838587ed902e40 to remote] DEBUG org.asynchttpclient.netty.request.NettyRequestSender - Using pooled Channel '[id: 0x8bd282bf, L:/127.0.0.1:50347 - R:localhost/127.0.0.1:60994]' for 'GET' to 'http://localhost:60994/session/48a063a221c3d9d327838587ed902e40/element/e72afd79-8b56-4a8c-875d-1e68f1c2875f/name'
16:29:20.296 [Forwarding getElementTagName on session 48a063a221c3d9d327838587ed902e40 to remote] DEBUG org.asynchttpclient.netty.request.NettyRequestSender - Using open Channel [id: 0x8bd282bf, L:/127.0.0.1:50347 - R:localhost/127.0.0.1:60994] for GET '/session/48a063a221c3d9d327838587ed902e40/element/e72afd79-8b56-4a8c-875d-1e68f1c2875f/name'
16:29:20.300 [AsyncHttpClient-1-3] DEBUG org.asynchttpclient.netty.handler.HttpHandler - 

Request DefaultFullHttpRequest(decodeResult: success, version: HTTP/1.1, content: EmptyByteBufBE)
GET /session/48a063a221c3d9d327838587ed902e40/element/e72afd79-8b56-4a8c-875d-1e68f1c2875f/name HTTP/1.1
User-Agent: selenium/4.1.2 (java windows)
Cache-Control: no-cache
Content-Type: application/json; charset=utf-8
host: localhost:60994
accept: */*

Response DefaultHttpResponse(decodeResult: success, version: HTTP/1.1)
HTTP/1.1 200 OK
Content-Type: application/json; charset=utf-8
cache-control: no-cache
content-length: 20

16:29:20.301 [AsyncHttpClient-1-3] DEBUG org.asynchttpclient.netty.channel.ChannelManager - Adding key: http://localhost:60994 for channel [id: 0x8bd282bf, L:/127.0.0.1:50347 - R:localhost/127.0.0.1:60994]
16:29:20.304 [Forwarding getElementTagName on session 48a063a221c3d9d327838587ed902e40 to remote] DEBUG org.asynchttpclient.netty.request.NettyRequestSender - Using pooled Channel '[id: 0x8bd282bf, L:/127.0.0.1:50347 - R:localhost/127.0.0.1:60994]' for 'GET' to 'http://localhost:60994/session/48a063a221c3d9d327838587ed902e40/element/e72afd79-8b56-4a8c-875d-1e68f1c2875f/name'
16:29:20.304 [Forwarding getElementTagName on session 48a063a221c3d9d327838587ed902e40 to remote] DEBUG org.asynchttpclient.netty.request.NettyRequestSender - Using open Channel [id: 0x8bd282bf, L:/127.0.0.1:50347 - R:localhost/127.0.0.1:60994] for GET '/session/48a063a221c3d9d327838587ed902e40/element/e72afd79-8b56-4a8c-875d-1e68f1c2875f/name'
16:29:20.308 [AsyncHttpClient-1-3] DEBUG org.asynchttpclient.netty.handler.HttpHandler - 

Request DefaultFullHttpRequest(decodeResult: success, version: HTTP/1.1, content: EmptyByteBufBE)
GET /session/48a063a221c3d9d327838587ed902e40/element/e72afd79-8b56-4a8c-875d-1e68f1c2875f/name HTTP/1.1
User-Agent: selenium/4.1.2 (java windows)
Cache-Control: no-cache
Content-Type: application/json; charset=utf-8
host: localhost:60994
accept: */*

Response DefaultHttpResponse(decodeResult: success, version: HTTP/1.1)
HTTP/1.1 200 OK
Content-Type: application/json; charset=utf-8
cache-control: no-cache
content-length: 20

16:29:20.308 [AsyncHttpClient-1-3] DEBUG org.asynchttpclient.netty.channel.ChannelManager - Adding key: http://localhost:60994 for channel [id: 0x8bd282bf, L:/127.0.0.1:50347 - R:localhost/127.0.0.1:60994]
16:29:20.312 [Forwarding isElementEnabled on session 48a063a221c3d9d327838587ed902e40 to remote] DEBUG org.asynchttpclient.netty.request.NettyRequestSender - Using pooled Channel '[id: 0x8bd282bf, L:/127.0.0.1:50347 - R:localhost/127.0.0.1:60994]' for 'GET' to 'http://localhost:60994/session/48a063a221c3d9d327838587ed902e40/element/e72afd79-8b56-4a8c-875d-1e68f1c2875f/enabled'
16:29:20.312 [Forwarding isElementEnabled on session 48a063a221c3d9d327838587ed902e40 to remote] DEBUG org.asynchttpclient.netty.request.NettyRequestSender - Using open Channel [id: 0x8bd282bf, L:/127.0.0.1:50347 - R:localhost/127.0.0.1:60994] for GET '/session/48a063a221c3d9d327838587ed902e40/element/e72afd79-8b56-4a8c-875d-1e68f1c2875f/enabled'
16:29:20.324 [AsyncHttpClient-1-3] DEBUG org.asynchttpclient.netty.handler.HttpHandler - 

Request DefaultFullHttpRequest(decodeResult: success, version: HTTP/1.1, content: EmptyByteBufBE)
GET /session/48a063a221c3d9d327838587ed902e40/element/e72afd79-8b56-4a8c-875d-1e68f1c2875f/enabled HTTP/1.1
User-Agent: selenium/4.1.2 (java windows)
Cache-Control: no-cache
Content-Type: application/json; charset=utf-8
host: localhost:60994
accept: */*

Response DefaultHttpResponse(decodeResult: success, version: HTTP/1.1)
HTTP/1.1 200 OK
Content-Type: application/json; charset=utf-8
cache-control: no-cache
content-length: 14

16:29:20.325 [AsyncHttpClient-1-3] DEBUG org.asynchttpclient.netty.channel.ChannelManager - Adding key: http://localhost:60994 for channel [id: 0x8bd282bf, L:/127.0.0.1:50347 - R:localhost/127.0.0.1:60994]
16:29:20.328 [Forwarding isElementEnabled on session 48a063a221c3d9d327838587ed902e40 to remote] DEBUG org.asynchttpclient.netty.request.NettyRequestSender - Using pooled Channel '[id: 0x8bd282bf, L:/127.0.0.1:50347 - R:localhost/127.0.0.1:60994]' for 'GET' to 'http://localhost:60994/session/48a063a221c3d9d327838587ed902e40/element/e72afd79-8b56-4a8c-875d-1e68f1c2875f/enabled'
16:29:20.328 [Forwarding isElementEnabled on session 48a063a221c3d9d327838587ed902e40 to remote] DEBUG org.asynchttpclient.netty.request.NettyRequestSender - Using open Channel [id: 0x8bd282bf, L:/127.0.0.1:50347 - R:localhost/127.0.0.1:60994] for GET '/session/48a063a221c3d9d327838587ed902e40/element/e72afd79-8b56-4a8c-875d-1e68f1c2875f/enabled'
16:29:20.394 [AsyncHttpClient-1-3] DEBUG org.asynchttpclient.netty.handler.HttpHandler - 

Request DefaultFullHttpRequest(decodeResult: success, version: HTTP/1.1, content: EmptyByteBufBE)
GET /session/48a063a221c3d9d327838587ed902e40/element/e72afd79-8b56-4a8c-875d-1e68f1c2875f/enabled HTTP/1.1
User-Agent: selenium/4.1.2 (java windows)
Cache-Control: no-cache
Content-Type: application/json; charset=utf-8
host: localhost:60994
accept: */*

Response DefaultHttpResponse(decodeResult: success, version: HTTP/1.1)
HTTP/1.1 200 OK
Content-Type: application/json; charset=utf-8
cache-control: no-cache
content-length: 14

16:29:20.394 [AsyncHttpClient-1-3] DEBUG org.asynchttpclient.netty.channel.ChannelManager - Adding key: http://localhost:60994 for channel [id: 0x8bd282bf, L:/127.0.0.1:50347 - R:localhost/127.0.0.1:60994]
16:29:20.398 [Forwarding findElement on session 48a063a221c3d9d327838587ed902e40 to remote] DEBUG org.asynchttpclient.netty.request.NettyRequestSender - Using pooled Channel '[id: 0x8bd282bf, L:/127.0.0.1:50347 - R:localhost/127.0.0.1:60994]' for 'POST' to 'http://localhost:60994/session/48a063a221c3d9d327838587ed902e40/element'
16:29:20.398 [Forwarding findElement on session 48a063a221c3d9d327838587ed902e40 to remote] DEBUG org.asynchttpclient.netty.request.NettyRequestSender - Using open Channel [id: 0x8bd282bf, L:/127.0.0.1:50347 - R:localhost/127.0.0.1:60994] for POST '/session/48a063a221c3d9d327838587ed902e40/element'
16:29:20.408 [AsyncHttpClient-1-3] DEBUG org.asynchttpclient.netty.handler.HttpHandler - 

Request DefaultHttpRequest(decodeResult: success, version: HTTP/1.1)
POST /session/48a063a221c3d9d327838587ed902e40/element HTTP/1.1
User-Agent: selenium/4.1.2 (java windows)
Content-Length: 77
Content-Type: application/json; charset=utf-8
host: localhost:60994
accept: */*

Response DefaultHttpResponse(decodeResult: success, version: HTTP/1.1)
HTTP/1.1 200 OK
Content-Type: application/json; charset=utf-8
cache-control: no-cache
content-length: 88

16:29:20.408 [AsyncHttpClient-1-3] DEBUG org.asynchttpclient.netty.channel.ChannelManager - Adding key: http://localhost:60994 for channel [id: 0x8bd282bf, L:/127.0.0.1:50347 - R:localhost/127.0.0.1:60994]
16:29:20.410 [Forwarding clickElement on session 48a063a221c3d9d327838587ed902e40 to remote] DEBUG org.asynchttpclient.netty.request.NettyRequestSender - Using pooled Channel '[id: 0x8bd282bf, L:/127.0.0.1:50347 - R:localhost/127.0.0.1:60994]' for 'POST' to 'http://localhost:60994/session/48a063a221c3d9d327838587ed902e40/element/e72afd79-8b56-4a8c-875d-1e68f1c2875f/click'
16:29:20.411 [Forwarding clickElement on session 48a063a221c3d9d327838587ed902e40 to remote] DEBUG org.asynchttpclient.netty.request.NettyRequestSender - Using open Channel [id: 0x8bd282bf, L:/127.0.0.1:50347 - R:localhost/127.0.0.1:60994] for POST '/session/48a063a221c3d9d327838587ed902e40/element/e72afd79-8b56-4a8c-875d-1e68f1c2875f/click'
16:29:20.849 [AsyncHttpClient-1-3] DEBUG org.asynchttpclient.netty.handler.HttpHandler - 

Request DefaultHttpRequest(decodeResult: success, version: HTTP/1.1)
POST /session/48a063a221c3d9d327838587ed902e40/element/e72afd79-8b56-4a8c-875d-1e68f1c2875f/click HTTP/1.1
User-Agent: selenium/4.1.2 (java windows)
Content-Length: 50
Content-Type: application/json; charset=utf-8
host: localhost:60994
accept: */*

Response DefaultHttpResponse(decodeResult: success, version: HTTP/1.1)
HTTP/1.1 200 OK
Content-Type: application/json; charset=utf-8
cache-control: no-cache
content-length: 14

16:29:20.849 [AsyncHttpClient-1-3] DEBUG org.asynchttpclient.netty.channel.ChannelManager - Adding key: http://localhost:60994 for channel [id: 0x8bd282bf, L:/127.0.0.1:50347 - R:localhost/127.0.0.1:60994]
16:29:20.862 [Forwarding findElement on session 48a063a221c3d9d327838587ed902e40 to remote] DEBUG org.asynchttpclient.netty.request.NettyRequestSender - Using pooled Channel '[id: 0x8bd282bf, L:/127.0.0.1:50347 - R:localhost/127.0.0.1:60994]' for 'POST' to 'http://localhost:60994/session/48a063a221c3d9d327838587ed902e40/element'
16:29:20.862 [Forwarding findElement on session 48a063a221c3d9d327838587ed902e40 to remote] DEBUG org.asynchttpclient.netty.request.NettyRequestSender - Using open Channel [id: 0x8bd282bf, L:/127.0.0.1:50347 - R:localhost/127.0.0.1:60994] for POST '/session/48a063a221c3d9d327838587ed902e40/element'
16:29:20.897 [AsyncHttpClient-1-3] DEBUG org.asynchttpclient.netty.handler.HttpHandler - 

Request DefaultHttpRequest(decodeResult: success, version: HTTP/1.1)
POST /session/48a063a221c3d9d327838587ed902e40/element HTTP/1.1
User-Agent: selenium/4.1.2 (java windows)
Content-Length: 77
Content-Type: application/json; charset=utf-8
host: localhost:60994
accept: */*

Response DefaultHttpResponse(decodeResult: success, version: HTTP/1.1)
HTTP/1.1 200 OK
Content-Type: application/json; charset=utf-8
cache-control: no-cache
content-length: 88

16:29:20.897 [AsyncHttpClient-1-3] DEBUG org.asynchttpclient.netty.channel.ChannelManager - Adding key: http://localhost:60994 for channel [id: 0x8bd282bf, L:/127.0.0.1:50347 - R:localhost/127.0.0.1:60994]
16:29:20.899 [Forwarding clearElement on session 48a063a221c3d9d327838587ed902e40 to remote] DEBUG org.asynchttpclient.netty.request.NettyRequestSender - Using pooled Channel '[id: 0x8bd282bf, L:/127.0.0.1:50347 - R:localhost/127.0.0.1:60994]' for 'POST' to 'http://localhost:60994/session/48a063a221c3d9d327838587ed902e40/element/e72afd79-8b56-4a8c-875d-1e68f1c2875f/clear'
16:29:20.899 [Forwarding clearElement on session 48a063a221c3d9d327838587ed902e40 to remote] DEBUG org.asynchttpclient.netty.request.NettyRequestSender - Using open Channel [id: 0x8bd282bf, L:/127.0.0.1:50347 - R:localhost/127.0.0.1:60994] for POST '/session/48a063a221c3d9d327838587ed902e40/element/e72afd79-8b56-4a8c-875d-1e68f1c2875f/clear'
16:29:20.968 [AsyncHttpClient-1-3] DEBUG org.asynchttpclient.netty.handler.HttpHandler - 

Request DefaultHttpRequest(decodeResult: success, version: HTTP/1.1)
POST /session/48a063a221c3d9d327838587ed902e40/element/e72afd79-8b56-4a8c-875d-1e68f1c2875f/clear HTTP/1.1
User-Agent: selenium/4.1.2 (java windows)
Content-Length: 50
Content-Type: application/json; charset=utf-8
host: localhost:60994
accept: */*

Response DefaultHttpResponse(decodeResult: success, version: HTTP/1.1)
HTTP/1.1 200 OK
Content-Type: application/json; charset=utf-8
cache-control: no-cache
content-length: 14

16:29:20.969 [AsyncHttpClient-1-3] DEBUG org.asynchttpclient.netty.channel.ChannelManager - Adding key: http://localhost:60994 for channel [id: 0x8bd282bf, L:/127.0.0.1:50347 - R:localhost/127.0.0.1:60994]
16:29:20.972 [Forwarding findElement on session 48a063a221c3d9d327838587ed902e40 to remote] DEBUG org.asynchttpclient.netty.request.NettyRequestSender - Using pooled Channel '[id: 0x8bd282bf, L:/127.0.0.1:50347 - R:localhost/127.0.0.1:60994]' for 'POST' to 'http://localhost:60994/session/48a063a221c3d9d327838587ed902e40/element'
16:29:20.972 [Forwarding findElement on session 48a063a221c3d9d327838587ed902e40 to remote] DEBUG org.asynchttpclient.netty.request.NettyRequestSender - Using open Channel [id: 0x8bd282bf, L:/127.0.0.1:50347 - R:localhost/127.0.0.1:60994] for POST '/session/48a063a221c3d9d327838587ed902e40/element'
16:29:20.982 [AsyncHttpClient-1-3] DEBUG org.asynchttpclient.netty.handler.HttpHandler - 

Request DefaultHttpRequest(decodeResult: success, version: HTTP/1.1)
POST /session/48a063a221c3d9d327838587ed902e40/element HTTP/1.1
User-Agent: selenium/4.1.2 (java windows)
Content-Length: 77
Content-Type: application/json; charset=utf-8
host: localhost:60994
accept: */*

Response DefaultHttpResponse(decodeResult: success, version: HTTP/1.1)
HTTP/1.1 200 OK
Content-Type: application/json; charset=utf-8
cache-control: no-cache
content-length: 88

16:29:20.982 [AsyncHttpClient-1-3] DEBUG org.asynchttpclient.netty.channel.ChannelManager - Adding key: http://localhost:60994 for channel [id: 0x8bd282bf, L:/127.0.0.1:50347 - R:localhost/127.0.0.1:60994]
16:29:20.983 [Forwarding clearElement on session 48a063a221c3d9d327838587ed902e40 to remote] DEBUG org.asynchttpclient.netty.request.NettyRequestSender - Using pooled Channel '[id: 0x8bd282bf, L:/127.0.0.1:50347 - R:localhost/127.0.0.1:60994]' for 'POST' to 'http://localhost:60994/session/48a063a221c3d9d327838587ed902e40/element/e72afd79-8b56-4a8c-875d-1e68f1c2875f/clear'
16:29:20.983 [Forwarding clearElement on session 48a063a221c3d9d327838587ed902e40 to remote] DEBUG org.asynchttpclient.netty.request.NettyRequestSender - Using open Channel [id: 0x8bd282bf, L:/127.0.0.1:50347 - R:localhost/127.0.0.1:60994] for POST '/session/48a063a221c3d9d327838587ed902e40/element/e72afd79-8b56-4a8c-875d-1e68f1c2875f/clear'
16:29:21.022 [AsyncHttpClient-1-3] DEBUG org.asynchttpclient.netty.handler.HttpHandler - 

Request DefaultHttpRequest(decodeResult: success, version: HTTP/1.1)
POST /session/48a063a221c3d9d327838587ed902e40/element/e72afd79-8b56-4a8c-875d-1e68f1c2875f/clear HTTP/1.1
User-Agent: selenium/4.1.2 (java windows)
Content-Length: 50
Content-Type: application/json; charset=utf-8
host: localhost:60994
accept: */*

Response DefaultHttpResponse(decodeResult: success, version: HTTP/1.1)
HTTP/1.1 200 OK
Content-Type: application/json; charset=utf-8
cache-control: no-cache
content-length: 14

16:29:21.022 [AsyncHttpClient-1-3] DEBUG org.asynchttpclient.netty.channel.ChannelManager - Adding key: http://localhost:60994 for channel [id: 0x8bd282bf, L:/127.0.0.1:50347 - R:localhost/127.0.0.1:60994]
16:29:21.027 [Forwarding sendKeysToElement on session 48a063a221c3d9d327838587ed902e40 to remote] DEBUG org.asynchttpclient.netty.request.NettyRequestSender - Using pooled Channel '[id: 0x8bd282bf, L:/127.0.0.1:50347 - R:localhost/127.0.0.1:60994]' for 'POST' to 'http://localhost:60994/session/48a063a221c3d9d327838587ed902e40/element/e72afd79-8b56-4a8c-875d-1e68f1c2875f/value'
16:29:21.027 [Forwarding sendKeysToElement on session 48a063a221c3d9d327838587ed902e40 to remote] DEBUG org.asynchttpclient.netty.request.NettyRequestSender - Using open Channel [id: 0x8bd282bf, L:/127.0.0.1:50347 - R:localhost/127.0.0.1:60994] for POST '/session/48a063a221c3d9d327838587ed902e40/element/e72afd79-8b56-4a8c-875d-1e68f1c2875f/value'
16:29:21.042 [AsyncHttpClient-1-1] DEBUG org.asynchttpclient.netty.channel.DefaultChannelPool - Entry count for : http://localhost:50351 : 1
16:29:21.638 [AsyncHttpClient-1-3] DEBUG org.asynchttpclient.netty.handler.HttpHandler - 

Request DefaultHttpRequest(decodeResult: success, version: HTTP/1.1)
POST /session/48a063a221c3d9d327838587ed902e40/element/e72afd79-8b56-4a8c-875d-1e68f1c2875f/value HTTP/1.1
User-Agent: selenium/4.1.2 (java windows)
Content-Length: 341
Content-Type: application/json; charset=utf-8
host: localhost:60994
accept: */*

Response DefaultHttpResponse(decodeResult: success, version: HTTP/1.1)
HTTP/1.1 200 OK
Content-Type: application/json; charset=utf-8
cache-control: no-cache
content-length: 14

16:29:21.639 [AsyncHttpClient-1-3] DEBUG org.asynchttpclient.netty.channel.ChannelManager - Adding key: http://localhost:60994 for channel [id: 0x8bd282bf, L:/127.0.0.1:50347 - R:localhost/127.0.0.1:60994]
16:29:21.647 [Forwarding screenshot on session 48a063a221c3d9d327838587ed902e40 to remote] DEBUG org.asynchttpclient.netty.request.NettyRequestSender - Using pooled Channel '[id: 0x8bd282bf, L:/127.0.0.1:50347 - R:localhost/127.0.0.1:60994]' for 'GET' to 'http://localhost:60994/session/48a063a221c3d9d327838587ed902e40/screenshot'
16:29:21.647 [Forwarding screenshot on session 48a063a221c3d9d327838587ed902e40 to remote] DEBUG org.asynchttpclient.netty.request.NettyRequestSender - Using open Channel [id: 0x8bd282bf, L:/127.0.0.1:50347 - R:localhost/127.0.0.1:60994] for GET '/session/48a063a221c3d9d327838587ed902e40/screenshot'
16:29:21.743 [AsyncHttpClient-1-3] DEBUG org.asynchttpclient.netty.handler.HttpHandler - 

Request DefaultFullHttpRequest(decodeResult: success, version: HTTP/1.1, content: EmptyByteBufBE)
GET /session/48a063a221c3d9d327838587ed902e40/screenshot HTTP/1.1
User-Agent: selenium/4.1.2 (java windows)
Cache-Control: no-cache
Content-Type: application/json; charset=utf-8
host: localhost:60994
accept: */*

Response DefaultHttpResponse(decodeResult: success, version: HTTP/1.1)
HTTP/1.1 200 OK
Content-Type: application/json; charset=utf-8
cache-control: no-cache
content-length: 85236

16:29:21.744 [AsyncHttpClient-1-3] DEBUG org.asynchttpclient.netty.channel.ChannelManager - Adding key: http://localhost:60994 for channel [id: 0x8bd282bf, L:/127.0.0.1:50347 - R:localhost/127.0.0.1:60994]
16:29:21.749 [main] DEBUG net.serenitybdd.core.photography.Darkroom - Send negative for processing for target\site\serenity\5f04db237ee27d68607098bc2e908417f372edc1a19d28035537981d8ad7ab80.png
16:29:21.749 [main] DEBUG net.thucydides.core.steps.StepInterceptor - STEP DONE: editAppointmentReason
16:29:21.749 [Darkroom Processing Line] DEBUG net.serenitybdd.core.photography.DarkroomProcessingLine - Processing screenshot image in /var/screenshots/screenshot-14284072584725657325
16:29:21.749 [Darkroom Processing Line] DEBUG net.serenitybdd.core.photography.DarkroomProcessingLine - Saving screenshot to target\site\serenity\5f04db237ee27d68607098bc2e908417f372edc1a19d28035537981d8ad7ab80.png
16:29:21.757 [main] DEBUG net.thucydides.core.steps.StepInterceptor - STARTING STEP: AppointmentSteps.iEditAppointmentDataAndClickSubmit - clickEditSubmitButton
16:29:21.760 [Forwarding findElement on session 48a063a221c3d9d327838587ed902e40 to remote] DEBUG org.asynchttpclient.netty.request.NettyRequestSender - Using pooled Channel '[id: 0x8bd282bf, L:/127.0.0.1:50347 - R:localhost/127.0.0.1:60994]' for 'POST' to 'http://localhost:60994/session/48a063a221c3d9d327838587ed902e40/element'
16:29:21.761 [Forwarding findElement on session 48a063a221c3d9d327838587ed902e40 to remote] DEBUG org.asynchttpclient.netty.request.NettyRequestSender - Using open Channel [id: 0x8bd282bf, L:/127.0.0.1:50347 - R:localhost/127.0.0.1:60994] for POST '/session/48a063a221c3d9d327838587ed902e40/element'
16:29:21.778 [AsyncHttpClient-1-3] DEBUG org.asynchttpclient.netty.handler.HttpHandler - 

Request DefaultHttpRequest(decodeResult: success, version: HTTP/1.1)
POST /session/48a063a221c3d9d327838587ed902e40/element HTTP/1.1
User-Agent: selenium/4.1.2 (java windows)
Content-Length: 116
Content-Type: application/json; charset=utf-8
host: localhost:60994
accept: */*

Response DefaultHttpResponse(decodeResult: success, version: HTTP/1.1)
HTTP/1.1 200 OK
Content-Type: application/json; charset=utf-8
cache-control: no-cache
content-length: 88

16:29:21.778 [AsyncHttpClient-1-3] DEBUG org.asynchttpclient.netty.channel.ChannelManager - Adding key: http://localhost:60994 for channel [id: 0x8bd282bf, L:/127.0.0.1:50347 - R:localhost/127.0.0.1:60994]
16:29:21.780 [Forwarding getElementTagName on session 48a063a221c3d9d327838587ed902e40 to remote] DEBUG org.asynchttpclient.netty.request.NettyRequestSender - Using pooled Channel '[id: 0x8bd282bf, L:/127.0.0.1:50347 - R:localhost/127.0.0.1:60994]' for 'GET' to 'http://localhost:60994/session/48a063a221c3d9d327838587ed902e40/element/2f9dc5b2-f553-48c9-b990-f302fc78d7e0/name'
16:29:21.780 [Forwarding getElementTagName on session 48a063a221c3d9d327838587ed902e40 to remote] DEBUG org.asynchttpclient.netty.request.NettyRequestSender - Using open Channel [id: 0x8bd282bf, L:/127.0.0.1:50347 - R:localhost/127.0.0.1:60994] for GET '/session/48a063a221c3d9d327838587ed902e40/element/2f9dc5b2-f553-48c9-b990-f302fc78d7e0/name'
16:29:21.785 [AsyncHttpClient-1-3] DEBUG org.asynchttpclient.netty.handler.HttpHandler - 

Request DefaultFullHttpRequest(decodeResult: success, version: HTTP/1.1, content: EmptyByteBufBE)
GET /session/48a063a221c3d9d327838587ed902e40/element/2f9dc5b2-f553-48c9-b990-f302fc78d7e0/name HTTP/1.1
User-Agent: selenium/4.1.2 (java windows)
Cache-Control: no-cache
Content-Type: application/json; charset=utf-8
host: localhost:60994
accept: */*

Response DefaultHttpResponse(decodeResult: success, version: HTTP/1.1)
HTTP/1.1 200 OK
Content-Type: application/json; charset=utf-8
cache-control: no-cache
content-length: 18

16:29:21.786 [AsyncHttpClient-1-3] DEBUG org.asynchttpclient.netty.channel.ChannelManager - Adding key: http://localhost:60994 for channel [id: 0x8bd282bf, L:/127.0.0.1:50347 - R:localhost/127.0.0.1:60994]
16:29:21.787 [Forwarding getElementTagName on session 48a063a221c3d9d327838587ed902e40 to remote] DEBUG org.asynchttpclient.netty.request.NettyRequestSender - Using pooled Channel '[id: 0x8bd282bf, L:/127.0.0.1:50347 - R:localhost/127.0.0.1:60994]' for 'GET' to 'http://localhost:60994/session/48a063a221c3d9d327838587ed902e40/element/2f9dc5b2-f553-48c9-b990-f302fc78d7e0/name'
16:29:21.787 [Forwarding getElementTagName on session 48a063a221c3d9d327838587ed902e40 to remote] DEBUG org.asynchttpclient.netty.request.NettyRequestSender - Using open Channel [id: 0x8bd282bf, L:/127.0.0.1:50347 - R:localhost/127.0.0.1:60994] for GET '/session/48a063a221c3d9d327838587ed902e40/element/2f9dc5b2-f553-48c9-b990-f302fc78d7e0/name'
16:29:21.792 [AsyncHttpClient-1-3] DEBUG org.asynchttpclient.netty.handler.HttpHandler - 

Request DefaultFullHttpRequest(decodeResult: success, version: HTTP/1.1, content: EmptyByteBufBE)
GET /session/48a063a221c3d9d327838587ed902e40/element/2f9dc5b2-f553-48c9-b990-f302fc78d7e0/name HTTP/1.1
User-Agent: selenium/4.1.2 (java windows)
Cache-Control: no-cache
Content-Type: application/json; charset=utf-8
host: localhost:60994
accept: */*

Response DefaultHttpResponse(decodeResult: success, version: HTTP/1.1)
HTTP/1.1 200 OK
Content-Type: application/json; charset=utf-8
cache-control: no-cache
content-length: 18

16:29:21.792 [AsyncHttpClient-1-3] DEBUG org.asynchttpclient.netty.channel.ChannelManager - Adding key: http://localhost:60994 for channel [id: 0x8bd282bf, L:/127.0.0.1:50347 - R:localhost/127.0.0.1:60994]
16:29:21.795 [Forwarding isElementEnabled on session 48a063a221c3d9d327838587ed902e40 to remote] DEBUG org.asynchttpclient.netty.request.NettyRequestSender - Using pooled Channel '[id: 0x8bd282bf, L:/127.0.0.1:50347 - R:localhost/127.0.0.1:60994]' for 'GET' to 'http://localhost:60994/session/48a063a221c3d9d327838587ed902e40/element/2f9dc5b2-f553-48c9-b990-f302fc78d7e0/enabled'
16:29:21.795 [Forwarding isElementEnabled on session 48a063a221c3d9d327838587ed902e40 to remote] DEBUG org.asynchttpclient.netty.request.NettyRequestSender - Using open Channel [id: 0x8bd282bf, L:/127.0.0.1:50347 - R:localhost/127.0.0.1:60994] for GET '/session/48a063a221c3d9d327838587ed902e40/element/2f9dc5b2-f553-48c9-b990-f302fc78d7e0/enabled'
16:29:21.807 [AsyncHttpClient-1-3] DEBUG org.asynchttpclient.netty.handler.HttpHandler - 

Request DefaultFullHttpRequest(decodeResult: success, version: HTTP/1.1, content: EmptyByteBufBE)
GET /session/48a063a221c3d9d327838587ed902e40/element/2f9dc5b2-f553-48c9-b990-f302fc78d7e0/enabled HTTP/1.1
User-Agent: selenium/4.1.2 (java windows)
Cache-Control: no-cache
Content-Type: application/json; charset=utf-8
host: localhost:60994
accept: */*

Response DefaultHttpResponse(decodeResult: success, version: HTTP/1.1)
HTTP/1.1 200 OK
Content-Type: application/json; charset=utf-8
cache-control: no-cache
content-length: 14

16:29:21.807 [AsyncHttpClient-1-3] DEBUG org.asynchttpclient.netty.channel.ChannelManager - Adding key: http://localhost:60994 for channel [id: 0x8bd282bf, L:/127.0.0.1:50347 - R:localhost/127.0.0.1:60994]
16:29:21.809 [Forwarding isElementEnabled on session 48a063a221c3d9d327838587ed902e40 to remote] DEBUG org.asynchttpclient.netty.request.NettyRequestSender - Using pooled Channel '[id: 0x8bd282bf, L:/127.0.0.1:50347 - R:localhost/127.0.0.1:60994]' for 'GET' to 'http://localhost:60994/session/48a063a221c3d9d327838587ed902e40/element/2f9dc5b2-f553-48c9-b990-f302fc78d7e0/enabled'
16:29:21.810 [Forwarding isElementEnabled on session 48a063a221c3d9d327838587ed902e40 to remote] DEBUG org.asynchttpclient.netty.request.NettyRequestSender - Using open Channel [id: 0x8bd282bf, L:/127.0.0.1:50347 - R:localhost/127.0.0.1:60994] for GET '/session/48a063a221c3d9d327838587ed902e40/element/2f9dc5b2-f553-48c9-b990-f302fc78d7e0/enabled'
16:29:21.817 [AsyncHttpClient-1-3] DEBUG org.asynchttpclient.netty.handler.HttpHandler - 

Request DefaultFullHttpRequest(decodeResult: success, version: HTTP/1.1, content: EmptyByteBufBE)
GET /session/48a063a221c3d9d327838587ed902e40/element/2f9dc5b2-f553-48c9-b990-f302fc78d7e0/enabled HTTP/1.1
User-Agent: selenium/4.1.2 (java windows)
Cache-Control: no-cache
Content-Type: application/json; charset=utf-8
host: localhost:60994
accept: */*

Response DefaultHttpResponse(decodeResult: success, version: HTTP/1.1)
HTTP/1.1 200 OK
Content-Type: application/json; charset=utf-8
cache-control: no-cache
content-length: 14

16:29:21.817 [AsyncHttpClient-1-3] DEBUG org.asynchttpclient.netty.channel.ChannelManager - Adding key: http://localhost:60994 for channel [id: 0x8bd282bf, L:/127.0.0.1:50347 - R:localhost/127.0.0.1:60994]
16:29:21.819 [Forwarding findElement on session 48a063a221c3d9d327838587ed902e40 to remote] DEBUG org.asynchttpclient.netty.request.NettyRequestSender - Using pooled Channel '[id: 0x8bd282bf, L:/127.0.0.1:50347 - R:localhost/127.0.0.1:60994]' for 'POST' to 'http://localhost:60994/session/48a063a221c3d9d327838587ed902e40/element'
16:29:21.819 [Forwarding findElement on session 48a063a221c3d9d327838587ed902e40 to remote] DEBUG org.asynchttpclient.netty.request.NettyRequestSender - Using open Channel [id: 0x8bd282bf, L:/127.0.0.1:50347 - R:localhost/127.0.0.1:60994] for POST '/session/48a063a221c3d9d327838587ed902e40/element'
16:29:21.829 [AsyncHttpClient-1-3] DEBUG org.asynchttpclient.netty.handler.HttpHandler - 

Request DefaultHttpRequest(decodeResult: success, version: HTTP/1.1)
POST /session/48a063a221c3d9d327838587ed902e40/element HTTP/1.1
User-Agent: selenium/4.1.2 (java windows)
Content-Length: 116
Content-Type: application/json; charset=utf-8
host: localhost:60994
accept: */*

Response DefaultHttpResponse(decodeResult: success, version: HTTP/1.1)
HTTP/1.1 200 OK
Content-Type: application/json; charset=utf-8
cache-control: no-cache
content-length: 88

16:29:21.829 [AsyncHttpClient-1-3] DEBUG org.asynchttpclient.netty.channel.ChannelManager - Adding key: http://localhost:60994 for channel [id: 0x8bd282bf, L:/127.0.0.1:50347 - R:localhost/127.0.0.1:60994]
16:29:21.831 [Forwarding clickElement on session 48a063a221c3d9d327838587ed902e40 to remote] DEBUG org.asynchttpclient.netty.request.NettyRequestSender - Using pooled Channel '[id: 0x8bd282bf, L:/127.0.0.1:50347 - R:localhost/127.0.0.1:60994]' for 'POST' to 'http://localhost:60994/session/48a063a221c3d9d327838587ed902e40/element/2f9dc5b2-f553-48c9-b990-f302fc78d7e0/click'
16:29:21.831 [Forwarding clickElement on session 48a063a221c3d9d327838587ed902e40 to remote] DEBUG org.asynchttpclient.netty.request.NettyRequestSender - Using open Channel [id: 0x8bd282bf, L:/127.0.0.1:50347 - R:localhost/127.0.0.1:60994] for POST '/session/48a063a221c3d9d327838587ed902e40/element/2f9dc5b2-f553-48c9-b990-f302fc78d7e0/click'
16:29:22.016 [AsyncHttpClient-1-3] DEBUG org.asynchttpclient.netty.handler.HttpHandler - 

Request DefaultHttpRequest(decodeResult: success, version: HTTP/1.1)
POST /session/48a063a221c3d9d327838587ed902e40/element/2f9dc5b2-f553-48c9-b990-f302fc78d7e0/click HTTP/1.1
User-Agent: selenium/4.1.2 (java windows)
Content-Length: 50
Content-Type: application/json; charset=utf-8
host: localhost:60994
accept: */*

Response DefaultHttpResponse(decodeResult: success, version: HTTP/1.1)
HTTP/1.1 200 OK
Content-Type: application/json; charset=utf-8
cache-control: no-cache
content-length: 14

16:29:22.016 [AsyncHttpClient-1-3] DEBUG org.asynchttpclient.netty.channel.ChannelManager - Adding key: http://localhost:60994 for channel [id: 0x8bd282bf, L:/127.0.0.1:50347 - R:localhost/127.0.0.1:60994]
16:29:22.026 [Forwarding screenshot on session 48a063a221c3d9d327838587ed902e40 to remote] DEBUG org.asynchttpclient.netty.request.NettyRequestSender - Using pooled Channel '[id: 0x8bd282bf, L:/127.0.0.1:50347 - R:localhost/127.0.0.1:60994]' for 'GET' to 'http://localhost:60994/session/48a063a221c3d9d327838587ed902e40/screenshot'
16:29:22.026 [Forwarding screenshot on session 48a063a221c3d9d327838587ed902e40 to remote] DEBUG org.asynchttpclient.netty.request.NettyRequestSender - Using open Channel [id: 0x8bd282bf, L:/127.0.0.1:50347 - R:localhost/127.0.0.1:60994] for GET '/session/48a063a221c3d9d327838587ed902e40/screenshot'
16:29:22.137 [AsyncHttpClient-1-1] DEBUG org.asynchttpclient.netty.channel.DefaultChannelPool - Entry count for : http://localhost:50351 : 1
16:29:22.198 [AsyncHttpClient-1-3] DEBUG org.asynchttpclient.netty.handler.HttpHandler - 

Request DefaultFullHttpRequest(decodeResult: success, version: HTTP/1.1, content: EmptyByteBufBE)
GET /session/48a063a221c3d9d327838587ed902e40/screenshot HTTP/1.1
User-Agent: selenium/4.1.2 (java windows)
Cache-Control: no-cache
Content-Type: application/json; charset=utf-8
host: localhost:60994
accept: */*

Response DefaultHttpResponse(decodeResult: success, version: HTTP/1.1)
HTTP/1.1 200 OK
Content-Type: application/json; charset=utf-8
cache-control: no-cache
content-length: 85008

16:29:22.199 [AsyncHttpClient-1-3] DEBUG org.asynchttpclient.netty.channel.ChannelManager - Adding key: http://localhost:60994 for channel [id: 0x8bd282bf, L:/127.0.0.1:50347 - R:localhost/127.0.0.1:60994]
16:29:22.203 [main] DEBUG net.serenitybdd.core.photography.Darkroom - Send negative for processing for target\site\serenity\012dece39d23424c8659e8b5ae25a99518069923702adc00a3417ae4093501b6.png
16:29:22.204 [main] DEBUG net.thucydides.core.steps.StepInterceptor - STEP DONE: clickEditSubmitButton
  &amp#27;[32mAnd &amp#27;[0m&amp#27;[32mI edit Appointment data and click submit&amp#27;[0m      &amp#27;[90m# starter.stepdefinitions.AppointmentSteps.iEditAppointmentDataAndClickSubmit()&amp#27;[0m
16:29:22.204 [Darkroom Processing Line] DEBUG net.serenitybdd.core.photography.DarkroomProcessingLine - Processing screenshot image in /var/screenshots/screenshot-13639773891707835455
16:29:22.204 [Darkroom Processing Line] DEBUG net.serenitybdd.core.photography.DarkroomProcessingLine - Saving screenshot to target\site\serenity\012dece39d23424c8659e8b5ae25a99518069923702adc00a3417ae4093501b6.png
16:29:22.296 [Forwarding screenshot on session 48a063a221c3d9d327838587ed902e40 to remote] DEBUG org.asynchttpclient.netty.request.NettyRequestSender - Using pooled Channel '[id: 0x8bd282bf, L:/127.0.0.1:50347 - R:localhost/127.0.0.1:60994]' for 'GET' to 'http://localhost:60994/session/48a063a221c3d9d327838587ed902e40/screenshot'
16:29:22.296 [Forwarding screenshot on session 48a063a221c3d9d327838587ed902e40 to remote] DEBUG org.asynchttpclient.netty.request.NettyRequestSender - Using open Channel [id: 0x8bd282bf, L:/127.0.0.1:50347 - R:localhost/127.0.0.1:60994] for GET '/session/48a063a221c3d9d327838587ed902e40/screenshot'
16:29:22.434 [AsyncHttpClient-1-3] DEBUG org.asynchttpclient.netty.handler.HttpHandler - 

Request DefaultFullHttpRequest(decodeResult: success, version: HTTP/1.1, content: EmptyByteBufBE)
GET /session/48a063a221c3d9d327838587ed902e40/screenshot HTTP/1.1
User-Agent: selenium/4.1.2 (java windows)
Cache-Control: no-cache
Content-Type: application/json; charset=utf-8
host: localhost:60994
accept: */*

Response DefaultHttpResponse(decodeResult: success, version: HTTP/1.1)
HTTP/1.1 200 OK
Content-Type: application/json; charset=utf-8
cache-control: no-cache
content-length: 84356

16:29:22.435 [AsyncHttpClient-1-3] DEBUG org.asynchttpclient.netty.channel.ChannelManager - Adding key: http://localhost:60994 for channel [id: 0x8bd282bf, L:/127.0.0.1:50347 - R:localhost/127.0.0.1:60994]
16:29:22.440 [main] DEBUG net.serenitybdd.core.photography.Darkroom - Send negative for processing for target\site\serenity\0668380d6b7e558bd04f675338c1a163a9c64d3e326d9d66dec600cc4957bace.png
16:29:22.441 [Darkroom Processing Line] DEBUG net.serenitybdd.core.photography.DarkroomProcessingLine - Processing screenshot image in /var/screenshots/screenshot-2381607854685559634
16:29:22.441 [Darkroom Processing Line] DEBUG net.serenitybdd.core.photography.DarkroomProcessingLine - Saving screenshot to target\site\serenity\0668380d6b7e558bd04f675338c1a163a9c64d3e326d9d66dec600cc4957bace.png
16:29:22.449 [main] DEBUG net.thucydides.core.steps.StepInterceptor - STARTING STEP: AppointmentSteps.iGetEditAppointmentHasBeenAddedResult - editAppointmentAdded
16:29:22.525 [Forwarding findElement on session 48a063a221c3d9d327838587ed902e40 to remote] DEBUG org.asynchttpclient.netty.request.NettyRequestSender - Using pooled Channel '[id: 0x8bd282bf, L:/127.0.0.1:50347 - R:localhost/127.0.0.1:60994]' for 'POST' to 'http://localhost:60994/session/48a063a221c3d9d327838587ed902e40/element'
16:29:22.525 [Forwarding findElement on session 48a063a221c3d9d327838587ed902e40 to remote] DEBUG org.asynchttpclient.netty.request.NettyRequestSender - Using open Channel [id: 0x8bd282bf, L:/127.0.0.1:50347 - R:localhost/127.0.0.1:60994] for POST '/session/48a063a221c3d9d327838587ed902e40/element'
16:29:23.238 [AsyncHttpClient-1-1] DEBUG org.asynchttpclient.netty.channel.DefaultChannelPool - Entry count for : http://localhost:50351 : 1
16:29:24.338 [AsyncHttpClient-1-1] DEBUG org.asynchttpclient.netty.channel.DefaultChannelPool - Entry count for : http://localhost:50351 : 1
16:29:25.438 [AsyncHttpClient-1-1] DEBUG org.asynchttpclient.netty.channel.DefaultChannelPool - Entry count for : http://localhost:50351 : 1
16:29:26.371 [AsyncHttpClient-1-3] DEBUG org.asynchttpclient.netty.handler.HttpHandler - 

Request DefaultHttpRequest(decodeResult: success, version: HTTP/1.1)
POST /session/48a063a221c3d9d327838587ed902e40/element HTTP/1.1
User-Agent: selenium/4.1.2 (java windows)
Content-Length: 74
Content-Type: application/json; charset=utf-8
host: localhost:60994
accept: */*

Response DefaultHttpResponse(decodeResult: success, version: HTTP/1.1)
HTTP/1.1 200 OK
Content-Type: application/json; charset=utf-8
cache-control: no-cache
content-length: 88

16:29:26.372 [AsyncHttpClient-1-3] DEBUG org.asynchttpclient.netty.channel.ChannelManager - Adding key: http://localhost:60994 for channel [id: 0x8bd282bf, L:/127.0.0.1:50347 - R:localhost/127.0.0.1:60994]
16:29:26.384 [Forwarding isElementDisplayed on session 48a063a221c3d9d327838587ed902e40 to remote] DEBUG org.asynchttpclient.netty.request.NettyRequestSender - Using pooled Channel '[id: 0x8bd282bf, L:/127.0.0.1:50347 - R:localhost/127.0.0.1:60994]' for 'POST' to 'http://localhost:60994/session/48a063a221c3d9d327838587ed902e40/execute/sync'
16:29:26.385 [Forwarding isElementDisplayed on session 48a063a221c3d9d327838587ed902e40 to remote] DEBUG org.asynchttpclient.netty.request.NettyRequestSender - Using open Channel [id: 0x8bd282bf, L:/127.0.0.1:50347 - R:localhost/127.0.0.1:60994] for POST '/session/48a063a221c3d9d327838587ed902e40/execute/sync'
16:29:26.538 [AsyncHttpClient-1-1] DEBUG org.asynchttpclient.netty.channel.DefaultChannelPool - Entry count for : http://localhost:50351 : 1
16:29:27.128 [AsyncHttpClient-1-3] DEBUG org.asynchttpclient.netty.handler.HttpHandler - 

Request DefaultHttpRequest(decodeResult: success, version: HTTP/1.1)
POST /session/48a063a221c3d9d327838587ed902e40/execute/sync HTTP/1.1
User-Agent: selenium/4.1.2 (java windows)
Content-Length: 48780
Content-Type: application/json; charset=utf-8
host: localhost:60994
accept: */*

Response DefaultHttpResponse(decodeResult: success, version: HTTP/1.1)
HTTP/1.1 200 OK
Content-Type: application/json; charset=utf-8
cache-control: no-cache
content-length: 14

16:29:27.130 [AsyncHttpClient-1-3] DEBUG org.asynchttpclient.netty.channel.ChannelManager - Adding key: http://localhost:60994 for channel [id: 0x8bd282bf, L:/127.0.0.1:50347 - R:localhost/127.0.0.1:60994]
16:29:27.146 [Forwarding screenshot on session 48a063a221c3d9d327838587ed902e40 to remote] DEBUG org.asynchttpclient.netty.request.NettyRequestSender - Using pooled Channel '[id: 0x8bd282bf, L:/127.0.0.1:50347 - R:localhost/127.0.0.1:60994]' for 'GET' to 'http://localhost:60994/session/48a063a221c3d9d327838587ed902e40/screenshot'
16:29:27.146 [Forwarding screenshot on session 48a063a221c3d9d327838587ed902e40 to remote] DEBUG org.asynchttpclient.netty.request.NettyRequestSender - Using open Channel [id: 0x8bd282bf, L:/127.0.0.1:50347 - R:localhost/127.0.0.1:60994] for GET '/session/48a063a221c3d9d327838587ed902e40/screenshot'
16:29:27.272 [AsyncHttpClient-1-3] DEBUG org.asynchttpclient.netty.handler.HttpHandler - 

Request DefaultFullHttpRequest(decodeResult: success, version: HTTP/1.1, content: EmptyByteBufBE)
GET /session/48a063a221c3d9d327838587ed902e40/screenshot HTTP/1.1
User-Agent: selenium/4.1.2 (java windows)
Cache-Control: no-cache
Content-Type: application/json; charset=utf-8
host: localhost:60994
accept: */*

Response DefaultHttpResponse(decodeResult: success, version: HTTP/1.1)
HTTP/1.1 200 OK
Content-Type: application/json; charset=utf-8
cache-control: no-cache
content-length: 90404

16:29:27.272 [AsyncHttpClient-1-3] DEBUG org.asynchttpclient.netty.channel.ChannelManager - Adding key: http://localhost:60994 for channel [id: 0x8bd282bf, L:/127.0.0.1:50347 - R:localhost/127.0.0.1:60994]
16:29:27.277 [main] DEBUG net.serenitybdd.core.photography.Darkroom - Send negative for processing for target\site\serenity\698444ea0a6d6b86a30adf8b7dd49d870b77de9ee5f5b3031ebcde195f35444c.png
16:29:27.277 [main] DEBUG net.thucydides.core.steps.StepInterceptor - STEP DONE: editAppointmentAdded
  &amp#27;[32mThen &amp#27;[0m&amp#27;[32mI get Edit Appointment has been added result&amp#27;[0m &amp#27;[90m# starter.stepdefinitions.AppointmentSteps.iGetEditAppointmentHasBeenAddedResult()&amp#27;[0m
16:29:27.278 [Darkroom Processing Line] DEBUG net.serenitybdd.core.photography.DarkroomProcessingLine - Processing screenshot image in /var/screenshots/screenshot-7629151751406118111
16:29:27.278 [Darkroom Processing Line] DEBUG net.serenitybdd.core.photography.DarkroomProcessingLine - Saving screenshot to target\site\serenity\698444ea0a6d6b86a30adf8b7dd49d870b77de9ee5f5b3031ebcde195f35444c.png
16:29:27.285 [main] INFO  - 
  _____   ___   ___   _____     ___     _     ___   ___   ___   ___  
 |_   _| | __| / __| |_   _|   | _ \   /_\   / __| / __| | __| |   \ 
   | |   | _|  \__ \   | |     |  _/  / _ \  \__ \ \__ \ | _|  | |) |
   |_|   |___| |___/   |_|     |_|   /_/ \_\ |___/ |___/ |___| |___/ 

Edit Existing Appointment Data Scenario
----------------------------------------------------------------------
16:29:27.287 [AsyncHttpClient-1-5] DEBUG org.asynchttpclient.netty.handler.WebSocketHandler - Channel Closed: [id: 0x8a9aebae, L:/127.0.0.1:50359 ! R:localhost/127.0.0.1:50351] with attribute NettyResponseFuture{currentRetry=5,
	isDone=1,
	isCancelled=0,
	asyncHandler=org.asynchttpclient.ws.WebSocketUpgradeHandler@6ef4e63d,
	nettyRequest=org.asynchttpclient.netty.request.NettyRequest@6a0c7ebc,
	future=java.util.concurrent.CompletableFuture@7dbae937[Completed normally],
	uri=ws://localhost:50351/devtools/browser/c74ff3e4-9929-4dc5-a608-f89b0a22a0ad,
	keepAlive=true,
	redirectCount=0,
	timeoutsHolder=null,
	inAuth=0,
	touch=1655717344415}
16:29:27.287 [AsyncHttpClient-1-5] DEBUG org.asynchttpclient.netty.channel.ChannelManager - Closing Channel [id: 0x8a9aebae, L:/127.0.0.1:50359 ! R:localhost/127.0.0.1:50351] 
16:29:27.287 [Driver Command Executor] DEBUG org.asynchttpclient.netty.request.NettyRequestSender - Using pooled Channel '[id: 0x8bd282bf, L:/127.0.0.1:50347 - R:localhost/127.0.0.1:60994]' for 'DELETE' to 'http://localhost:60994/session/48a063a221c3d9d327838587ed902e40'
16:29:27.287 [Driver Command Executor] DEBUG org.asynchttpclient.netty.request.NettyRequestSender - Using open Channel [id: 0x8bd282bf, L:/127.0.0.1:50347 - R:localhost/127.0.0.1:60994] for DELETE '/session/48a063a221c3d9d327838587ed902e40'
16:29:27.520 [AsyncHttpClient-1-4] DEBUG org.asynchttpclient.netty.handler.HttpHandler - Unexpected I/O exception on channel [id: 0xa383d360, L:/127.0.0.1:50358 - R:localhost/127.0.0.1:50351]
java.net.SocketException: Connection reset
	at java.base/sun.nio.ch.SocketChannelImpl.throwConnectionReset(SocketChannelImpl.java:367)
	at java.base/sun.nio.ch.SocketChannelImpl.read(SocketChannelImpl.java:398)
	at io.netty.buffer.PooledByteBuf.setBytes(PooledByteBuf.java:258)
	at io.netty.buffer.AbstractByteBuf.writeBytes(AbstractByteBuf.java:1132)
	at io.netty.channel.socket.nio.NioSocketChannel.doReadBytes(NioSocketChannel.java:350)
	at io.netty.channel.nio.AbstractNioByteChannel$NioByteUnsafe.read(AbstractNioByteChannel.java:151)
	at io.netty.channel.nio.NioEventLoop.processSelectedKey(NioEventLoop.java:722)
	at io.netty.channel.nio.NioEventLoop.processSelectedKeysOptimized(NioEventLoop.java:658)
	at io.netty.channel.nio.NioEventLoop.processSelectedKeys(NioEventLoop.java:584)
	at io.netty.channel.nio.NioEventLoop.run(NioEventLoop.java:496)
	at io.netty.util.concurrent.SingleThreadEventExecutor$4.run(SingleThreadEventExecutor.java:986)
	at io.netty.util.internal.ThreadExecutorMap$2.run(ThreadExecutorMap.java:74)
	at io.netty.util.concurrent.FastThreadLocalRunnable.run(FastThreadLocalRunnable.java:30)
	at java.base/java.lang.Thread.run(Thread.java:832)
16:29:27.520 [AsyncHttpClient-1-4] DEBUG org.asynchttpclient.netty.channel.ChannelManager - Closing Channel [id: 0xa383d360, L:/127.0.0.1:50358 - R:localhost/127.0.0.1:50351] 
16:29:27.521 [AsyncHttpClient-1-4] DEBUG org.asynchttpclient.netty.handler.HttpHandler - Channel Closed: [id: 0xa383d360, L:/127.0.0.1:50358 ! R:localhost/127.0.0.1:50351] with attribute DISCARD
16:29:27.541 [AsyncHttpClient-1-3] DEBUG org.asynchttpclient.netty.handler.HttpHandler - 

Request DefaultFullHttpRequest(decodeResult: success, version: HTTP/1.1, content: EmptyByteBufBE)
DELETE /session/48a063a221c3d9d327838587ed902e40 HTTP/1.1
User-Agent: selenium/4.1.2 (java windows)
Content-Type: application/json; charset=utf-8
host: localhost:60994
accept: */*

Response DefaultHttpResponse(decodeResult: success, version: HTTP/1.1)
HTTP/1.1 200 OK
Content-Type: application/json; charset=utf-8
cache-control: no-cache
content-length: 14

16:29:27.542 [AsyncHttpClient-1-3] DEBUG org.asynchttpclient.netty.channel.ChannelManager - Adding key: http://localhost:60994 for channel [id: 0x8bd282bf, L:/127.0.0.1:50347 - R:localhost/127.0.0.1:60994]
16:29:27.637 [AsyncHttpClient-1-1] DEBUG org.asynchttpclient.netty.channel.DefaultChannelPool - Entry count for : http://localhost:50351 : 1
16:29:27.637 [AsyncHttpClient-1-1] DEBUG org.asynchttpclient.netty.channel.DefaultChannelPool - Entry count for : http://localhost:60994 : 1
16:29:27.637 [AsyncHttpClient-1-1] DEBUG org.asynchttpclient.netty.channel.DefaultChannelPool - Adding Candidate expired Channel [id: 0xa383d360, L:/127.0.0.1:50358 ! R:localhost/127.0.0.1:50351] isIdleTimeoutExpired=false isRemotelyClosed=true isTtlExpired=false
16:29:27.637 [AsyncHttpClient-1-1] DEBUG org.asynchttpclient.netty.channel.DefaultChannelPool - Closing Idle Channel [id: 0xa383d360, L:/127.0.0.1:50358 ! R:localhost/127.0.0.1:50351]
16:29:27.637 [AsyncHttpClient-1-1] DEBUG org.asynchttpclient.netty.channel.DefaultChannelPool - Closed 1 connections out of 2 in 0 ms
16:29:27.640 [AsyncHttpClient-1-3] DEBUG org.asynchttpclient.netty.handler.HttpHandler - Channel Closed: [id: 0x8bd282bf, L:/127.0.0.1:50347 ! R:localhost/127.0.0.1:60994] with attribute DISCARD
]]></system-out>
    <system-err><![CDATA[Starting ChromeDriver 102.0.5005.61 (0e59bcc00cc4985ce39ad31c150065f159d95ad3-refs/branch-heads/5005@{#819}) on port 60994
Only local connections are allowed.
Please see https://chromedriver.chromium.org/security-considerations for suggestions on keeping ChromeDriver safe.
ChromeDriver was started successfully.
Jun 20, 2022 4:29:04 PM org.openqa.selenium.remote.ProtocolHandshake createSession
INFO: Detected dialect: W3C
Jun 20, 2022 4:29:04 PM org.openqa.selenium.devtools.CdpVersionFinder findNearestMatch
WARNING: Unable to find an exact match for CDP version 102, so returning the closest version found: a no-op implementation
Jun 20, 2022 4:29:04 PM org.openqa.selenium.devtools.CdpVersionFinder findNearestMatch
INFO: Unable to find CDP implementation matching 102.
Jun 20, 2022 4:29:04 PM org.openqa.selenium.chromium.ChromiumDriver lambda$new$3
WARNING: Unable to find version of CDP to use for . You may need to include a dependency on a specific version of the CDP using something similar to `org.seleniumhq.selenium:selenium-devtools-v86:4.1.2` where the version ("v86") matches the version of the chromium-based browser you're using and the version number of the artifact is the same as Selenium's.
]]></system-err>
  </testcase>
  <testcase name="Cancel Edit Existing Appointment Data Scenario" classname="Appointment" time="21.53">
    <system-out><![CDATA[
@Appointment
Scenario: Cancel Edit Existing Appointment Data Scenario &amp#27;[90m# src/test/resources/features/1.Appointment.feature:43&amp#27;[0m
16:29:28.175 [main] INFO io.cucumber.core.plugin.SerenityReporter - Running feature from file:///E:/My%20Documents/File%20Difa/TI%20Semester%206%20Kampus%20Merdeka%20Alterra/Tugas/CAPSTONE%20Project/Capstone-Project-Website/src/test/resources/features/1.Appointment.feature
16:29:28.178 [main] INFO  - 
  _____   ___   ___   _____     ___   _____     _     ___   _____   ___   ___  
 |_   _| | __| / __| |_   _|   / __| |_   _|   /_\   | _ \ |_   _| | __| |   \ 
   | |   | _|  \__ \   | |     \__ \   | |    / _ \  |   /   | |   | _|  | |) |
   |_|   |___| |___/   |_|     |___/   |_|   /_/ \_\ |_|_\   |_|   |___| |___/ 

Cancel Edit Existing Appointment Data Scenario(appointment;cancel-edit-existing-appointment-data-scenario)
--------------------------------------------------------------------------------
16:29:28.198 [main] DEBUG net.thucydides.core.steps.StepInterceptor - STARTING STEP: DashboardSteps.iAmOnTheDashboardPage - openUrl
16:29:28.200 [main] INFO net.serenitybdd.core.webdriver.driverproviders.ChromeDriverProvider - Using automatically driver download
16:29:28.737 [AsyncHttpClient-1-1] DEBUG org.asynchttpclient.netty.channel.DefaultChannelPool - Entry count for : http://localhost:60994 : 1
16:29:28.737 [AsyncHttpClient-1-1] DEBUG org.asynchttpclient.netty.channel.DefaultChannelPool - Adding Candidate expired Channel [id: 0x8bd282bf, L:/127.0.0.1:50347 ! R:localhost/127.0.0.1:60994] isIdleTimeoutExpired=false isRemotelyClosed=true isTtlExpired=false
16:29:28.737 [AsyncHttpClient-1-1] DEBUG org.asynchttpclient.netty.channel.DefaultChannelPool - Closing Idle Channel [id: 0x8bd282bf, L:/127.0.0.1:50347 ! R:localhost/127.0.0.1:60994]
16:29:28.737 [AsyncHttpClient-1-1] DEBUG org.asynchttpclient.netty.channel.DefaultChannelPool - Closed 1 connections out of 1 in 0 ms
16:29:29.507 [main] DEBUG io.github.bonigarcia.wdm.cache.ResolutionCache - Resolution chrome=102 in cache (valid until 16:47:55 20/06/2022 ICT)
16:29:29.512 [main] DEBUG io.github.bonigarcia.wdm.cache.ResolutionCache - Resolution chrome102=102.0.5005.61 in cache (valid until 09:12:44 21/06/2022 ICT)
16:29:29.515 [main] INFO io.github.bonigarcia.wdm.WebDriverManager - Using chromedriver 102.0.5005.61 (resolved driver for Chrome 102)
16:29:29.549 [main] DEBUG io.github.bonigarcia.wdm.WebDriverManager - Driver chromedriver 102.0.5005.61 found in cache
16:29:29.550 [main] INFO io.github.bonigarcia.wdm.WebDriverManager - Exporting webdriver.chrome.driver as C:\Users\USER\.cache\selenium\chromedriver\win32\102.0.5005.61\chromedriver.exe
16:29:29.782 [main] DEBUG net.serenitybdd.core.webdriver.driverproviders.ProvideNewDriver - Instantiating driver
16:29:29.782 [main] DEBUG net.serenitybdd.core.webdriver.driverproviders.ProvideNewDriver - Driver capabilities: Capabilities {acceptInsecureCerts: false, base.url: https://hospital-management..., browserName: chrome, chrome.driver: src/test/resources/webdrive..., driver: chrome, goog:chromeOptions: {args: [], extensions: []}}
16:29:30.837 [AsyncHttpClient-1-6] DEBUG org.asynchttpclient.netty.channel.NettyConnectListener - Using new Channel '[id: 0x2a531625, L:/127.0.0.1:50400 - R:localhost/127.0.0.1:64968]' for 'POST' to '/session'
16:29:33.318 [AsyncHttpClient-1-6] DEBUG org.asynchttpclient.netty.handler.HttpHandler - 

Request DefaultHttpRequest(decodeResult: success, version: HTTP/1.1)
POST /session HTTP/1.1
User-Agent: selenium/4.1.2 (java windows)
Content-Length: 621
Content-Type: application/json; charset=utf-8
host: localhost:64968
accept: */*

Response DefaultHttpResponse(decodeResult: success, version: HTTP/1.1)
HTTP/1.1 200 OK
Content-Type: application/json; charset=utf-8
cache-control: no-cache
content-length: 789

16:29:33.319 [AsyncHttpClient-1-6] DEBUG org.asynchttpclient.netty.channel.ChannelManager - Adding key: http://localhost:64968 for channel [id: 0x2a531625, L:/127.0.0.1:50400 - R:localhost/127.0.0.1:64968]
16:29:33.331 [AsyncHttpClient-1-7] DEBUG org.asynchttpclient.netty.channel.NettyConnectListener - Using new Channel '[id: 0x7361f256, L:/127.0.0.1:50409 - R:localhost/127.0.0.1:50403]' for 'GET' to '/json/version'
16:29:33.335 [AsyncHttpClient-1-7] DEBUG org.asynchttpclient.netty.handler.HttpHandler - 

Request DefaultFullHttpRequest(decodeResult: success, version: HTTP/1.1, content: EmptyByteBufBE)
GET /json/version HTTP/1.1
User-Agent: selenium/4.1.2 (java windows)
host: localhost:50403
accept: */*

Response DefaultHttpResponse(decodeResult: success, version: HTTP/1.1)
HTTP/1.1 200 OK
Content-Type: application/json; charset=UTF-8
content-length: 427

16:29:33.335 [AsyncHttpClient-1-7] DEBUG org.asynchttpclient.netty.channel.ChannelManager - Adding key: http://localhost:50403 for channel [id: 0x7361f256, L:/127.0.0.1:50409 - R:localhost/127.0.0.1:50403]
16:29:33.339 [AsyncHttpClient-1-8] DEBUG org.asynchttpclient.netty.channel.NettyConnectListener - Using new Channel '[id: 0x8a2956c7, L:/127.0.0.1:50410 - R:localhost/127.0.0.1:50403]' for 'GET' to '/devtools/browser/d726bbfc-cf40-4db2-9c11-fa7b2c52c9cd'
16:29:33.341 [AsyncHttpClient-1-8] DEBUG org.asynchttpclient.netty.handler.WebSocketHandler - 

Request DefaultFullHttpRequest(decodeResult: success, version: HTTP/1.1, content: EmptyByteBufBE)
GET /devtools/browser/d726bbfc-cf40-4db2-9c11-fa7b2c52c9cd HTTP/1.1
upgrade: websocket
connection: upgrade
sec-websocket-key: ppCcI/Ok+uM39TmwSdzgww==
sec-websocket-version: 13
origin: http://localhost:50403
host: localhost:50403
accept: */*
user-agent: AHC/2.1

Response DefaultHttpResponse(decodeResult: success, version: HTTP/1.1)
HTTP/1.1 101 WebSocket Protocol Handshake
Upgrade: WebSocket
Connection: Upgrade
Sec-WebSocket-Accept: 9FQjeRQB5AJ6wE8KywbtPqNTnyM=

16:29:33.351 [Forwarding maximizeCurrentWindow on session 8456e87e64f90f3a7baa1c8bb75edd3c to remote] DEBUG org.asynchttpclient.netty.request.NettyRequestSender - Using pooled Channel '[id: 0x2a531625, L:/127.0.0.1:50400 - R:localhost/127.0.0.1:64968]' for 'POST' to 'http://localhost:64968/session/8456e87e64f90f3a7baa1c8bb75edd3c/window/maximize'
16:29:33.351 [Forwarding maximizeCurrentWindow on session 8456e87e64f90f3a7baa1c8bb75edd3c to remote] DEBUG org.asynchttpclient.netty.request.NettyRequestSender - Using open Channel [id: 0x2a531625, L:/127.0.0.1:50400 - R:localhost/127.0.0.1:64968] for POST '/session/8456e87e64f90f3a7baa1c8bb75edd3c/window/maximize'
16:29:33.470 [AsyncHttpClient-1-6] DEBUG org.asynchttpclient.netty.handler.HttpHandler - 

Request DefaultHttpRequest(decodeResult: success, version: HTTP/1.1)
POST /session/8456e87e64f90f3a7baa1c8bb75edd3c/window/maximize HTTP/1.1
User-Agent: selenium/4.1.2 (java windows)
Content-Length: 3
Content-Type: application/json; charset=utf-8
host: localhost:64968
accept: */*

Response DefaultHttpResponse(decodeResult: success, version: HTTP/1.1)
HTTP/1.1 200 OK
Content-Type: application/json; charset=utf-8
cache-control: no-cache
content-length: 51

16:29:33.471 [AsyncHttpClient-1-6] DEBUG org.asynchttpclient.netty.channel.ChannelManager - Adding key: http://localhost:64968 for channel [id: 0x2a531625, L:/127.0.0.1:50400 - R:localhost/127.0.0.1:64968]
16:29:33.473 [Forwarding get on session 8456e87e64f90f3a7baa1c8bb75edd3c to remote] DEBUG org.asynchttpclient.netty.request.NettyRequestSender - Using pooled Channel '[id: 0x2a531625, L:/127.0.0.1:50400 - R:localhost/127.0.0.1:64968]' for 'POST' to 'http://localhost:64968/session/8456e87e64f90f3a7baa1c8bb75edd3c/url'
16:29:33.473 [Forwarding get on session 8456e87e64f90f3a7baa1c8bb75edd3c to remote] DEBUG org.asynchttpclient.netty.request.NettyRequestSender - Using open Channel [id: 0x2a531625, L:/127.0.0.1:50400 - R:localhost/127.0.0.1:64968] for POST '/session/8456e87e64f90f3a7baa1c8bb75edd3c/url'
16:29:34.338 [AsyncHttpClient-1-1] DEBUG org.asynchttpclient.netty.channel.DefaultChannelPool - Entry count for : http://localhost:50403 : 1
16:29:35.437 [AsyncHttpClient-1-1] DEBUG org.asynchttpclient.netty.channel.DefaultChannelPool - Entry count for : http://localhost:50403 : 1
16:29:36.537 [AsyncHttpClient-1-1] DEBUG org.asynchttpclient.netty.channel.DefaultChannelPool - Entry count for : http://localhost:50403 : 1
16:29:37.637 [AsyncHttpClient-1-1] DEBUG org.asynchttpclient.netty.channel.DefaultChannelPool - Entry count for : http://localhost:50403 : 1
16:29:38.739 [AsyncHttpClient-1-1] DEBUG org.asynchttpclient.netty.channel.DefaultChannelPool - Entry count for : http://localhost:50403 : 1
16:29:39.838 [AsyncHttpClient-1-1] DEBUG org.asynchttpclient.netty.channel.DefaultChannelPool - Entry count for : http://localhost:50403 : 1
16:29:40.102 [AsyncHttpClient-1-6] DEBUG org.asynchttpclient.netty.handler.HttpHandler - 

Request DefaultHttpRequest(decodeResult: success, version: HTTP/1.1)
POST /session/8456e87e64f90f3a7baa1c8bb75edd3c/url HTTP/1.1
User-Agent: selenium/4.1.2 (java windows)
Content-Length: 65
Content-Type: application/json; charset=utf-8
host: localhost:64968
accept: */*

Response DefaultHttpResponse(decodeResult: success, version: HTTP/1.1)
HTTP/1.1 200 OK
Content-Type: application/json; charset=utf-8
cache-control: no-cache
content-length: 14

16:29:40.102 [AsyncHttpClient-1-6] DEBUG org.asynchttpclient.netty.channel.ChannelManager - Adding key: http://localhost:64968 for channel [id: 0x2a531625, L:/127.0.0.1:50400 - R:localhost/127.0.0.1:64968]
16:29:40.104 [Forwarding setTimeout on session 8456e87e64f90f3a7baa1c8bb75edd3c to remote] DEBUG org.asynchttpclient.netty.request.NettyRequestSender - Using pooled Channel '[id: 0x2a531625, L:/127.0.0.1:50400 - R:localhost/127.0.0.1:64968]' for 'POST' to 'http://localhost:64968/session/8456e87e64f90f3a7baa1c8bb75edd3c/timeouts'
16:29:40.104 [Forwarding setTimeout on session 8456e87e64f90f3a7baa1c8bb75edd3c to remote] DEBUG org.asynchttpclient.netty.request.NettyRequestSender - Using open Channel [id: 0x2a531625, L:/127.0.0.1:50400 - R:localhost/127.0.0.1:64968] for POST '/session/8456e87e64f90f3a7baa1c8bb75edd3c/timeouts'
16:29:40.653 [AsyncHttpClient-1-6] DEBUG org.asynchttpclient.netty.handler.HttpHandler - 

Request DefaultHttpRequest(decodeResult: success, version: HTTP/1.1)
POST /session/8456e87e64f90f3a7baa1c8bb75edd3c/timeouts HTTP/1.1
User-Agent: selenium/4.1.2 (java windows)
Content-Length: 22
Content-Type: application/json; charset=utf-8
host: localhost:64968
accept: */*

Response DefaultHttpResponse(decodeResult: success, version: HTTP/1.1)
HTTP/1.1 200 OK
Content-Type: application/json; charset=utf-8
cache-control: no-cache
content-length: 14

16:29:40.654 [AsyncHttpClient-1-6] DEBUG org.asynchttpclient.netty.channel.ChannelManager - Adding key: http://localhost:64968 for channel [id: 0x2a531625, L:/127.0.0.1:50400 - R:localhost/127.0.0.1:64968]
16:29:40.663 [Forwarding getCurrentUrl on session 8456e87e64f90f3a7baa1c8bb75edd3c to remote] DEBUG org.asynchttpclient.netty.request.NettyRequestSender - Using pooled Channel '[id: 0x2a531625, L:/127.0.0.1:50400 - R:localhost/127.0.0.1:64968]' for 'GET' to 'http://localhost:64968/session/8456e87e64f90f3a7baa1c8bb75edd3c/url'
16:29:40.664 [Forwarding getCurrentUrl on session 8456e87e64f90f3a7baa1c8bb75edd3c to remote] DEBUG org.asynchttpclient.netty.request.NettyRequestSender - Using open Channel [id: 0x2a531625, L:/127.0.0.1:50400 - R:localhost/127.0.0.1:64968] for GET '/session/8456e87e64f90f3a7baa1c8bb75edd3c/url'
16:29:40.938 [AsyncHttpClient-1-1] DEBUG org.asynchttpclient.netty.channel.DefaultChannelPool - Entry count for : http://localhost:50403 : 1
16:29:41.064 [AsyncHttpClient-1-6] DEBUG org.asynchttpclient.netty.handler.HttpHandler - 

Request DefaultFullHttpRequest(decodeResult: success, version: HTTP/1.1, content: EmptyByteBufBE)
GET /session/8456e87e64f90f3a7baa1c8bb75edd3c/url HTTP/1.1
User-Agent: selenium/4.1.2 (java windows)
Cache-Control: no-cache
Content-Type: application/json; charset=utf-8
host: localhost:64968
accept: */*

Response DefaultHttpResponse(decodeResult: success, version: HTTP/1.1)
HTTP/1.1 200 OK
Content-Type: application/json; charset=utf-8
cache-control: no-cache
content-length: 53

16:29:41.065 [AsyncHttpClient-1-6] DEBUG org.asynchttpclient.netty.channel.ChannelManager - Adding key: http://localhost:64968 for channel [id: 0x2a531625, L:/127.0.0.1:50400 - R:localhost/127.0.0.1:64968]
16:29:41.070 [Forwarding getCurrentUrl on session 8456e87e64f90f3a7baa1c8bb75edd3c to remote] DEBUG org.asynchttpclient.netty.request.NettyRequestSender - Using pooled Channel '[id: 0x2a531625, L:/127.0.0.1:50400 - R:localhost/127.0.0.1:64968]' for 'GET' to 'http://localhost:64968/session/8456e87e64f90f3a7baa1c8bb75edd3c/url'
16:29:41.070 [Forwarding getCurrentUrl on session 8456e87e64f90f3a7baa1c8bb75edd3c to remote] DEBUG org.asynchttpclient.netty.request.NettyRequestSender - Using open Channel [id: 0x2a531625, L:/127.0.0.1:50400 - R:localhost/127.0.0.1:64968] for GET '/session/8456e87e64f90f3a7baa1c8bb75edd3c/url'
16:29:41.075 [AsyncHttpClient-1-6] DEBUG org.asynchttpclient.netty.handler.HttpHandler - 

Request DefaultFullHttpRequest(decodeResult: success, version: HTTP/1.1, content: EmptyByteBufBE)
GET /session/8456e87e64f90f3a7baa1c8bb75edd3c/url HTTP/1.1
User-Agent: selenium/4.1.2 (java windows)
Cache-Control: no-cache
Content-Type: application/json; charset=utf-8
host: localhost:64968
accept: */*

Response DefaultHttpResponse(decodeResult: success, version: HTTP/1.1)
HTTP/1.1 200 OK
Content-Type: application/json; charset=utf-8
cache-control: no-cache
content-length: 53

16:29:41.075 [AsyncHttpClient-1-6] DEBUG org.asynchttpclient.netty.channel.ChannelManager - Adding key: http://localhost:64968 for channel [id: 0x2a531625, L:/127.0.0.1:50400 - R:localhost/127.0.0.1:64968]
16:29:41.083 [Forwarding screenshot on session 8456e87e64f90f3a7baa1c8bb75edd3c to remote] DEBUG org.asynchttpclient.netty.request.NettyRequestSender - Using pooled Channel '[id: 0x2a531625, L:/127.0.0.1:50400 - R:localhost/127.0.0.1:64968]' for 'GET' to 'http://localhost:64968/session/8456e87e64f90f3a7baa1c8bb75edd3c/screenshot'
16:29:41.083 [Forwarding screenshot on session 8456e87e64f90f3a7baa1c8bb75edd3c to remote] DEBUG org.asynchttpclient.netty.request.NettyRequestSender - Using open Channel [id: 0x2a531625, L:/127.0.0.1:50400 - R:localhost/127.0.0.1:64968] for GET '/session/8456e87e64f90f3a7baa1c8bb75edd3c/screenshot'
16:29:42.037 [AsyncHttpClient-1-1] DEBUG org.asynchttpclient.netty.channel.DefaultChannelPool - Entry count for : http://localhost:50403 : 1
16:29:43.138 [AsyncHttpClient-1-1] DEBUG org.asynchttpclient.netty.channel.DefaultChannelPool - Entry count for : http://localhost:50403 : 1
16:29:43.890 [AsyncHttpClient-1-6] DEBUG org.asynchttpclient.netty.handler.HttpHandler - 

Request DefaultFullHttpRequest(decodeResult: success, version: HTTP/1.1, content: EmptyByteBufBE)
GET /session/8456e87e64f90f3a7baa1c8bb75edd3c/screenshot HTTP/1.1
User-Agent: selenium/4.1.2 (java windows)
Cache-Control: no-cache
Content-Type: application/json; charset=utf-8
host: localhost:64968
accept: */*

Response DefaultHttpResponse(decodeResult: success, version: HTTP/1.1)
HTTP/1.1 200 OK
Content-Type: application/json; charset=utf-8
cache-control: no-cache
content-length: 382596

16:29:43.896 [AsyncHttpClient-1-6] DEBUG org.asynchttpclient.netty.channel.ChannelManager - Adding key: http://localhost:64968 for channel [id: 0x2a531625, L:/127.0.0.1:50400 - R:localhost/127.0.0.1:64968]
16:29:43.931 [main] DEBUG net.serenitybdd.core.photography.Darkroom - Send negative for processing for target\site\serenity\ed15a54c91c342d96a850276df7b559f4526b370fc93040e3c407a48a170f368.png
16:29:43.931 [main] DEBUG net.thucydides.core.steps.StepInterceptor - STEP DONE: openUrl
16:29:43.939 [main] DEBUG net.thucydides.core.steps.StepInterceptor - STARTING STEP: DashboardSteps.iAmOnTheDashboardPage - validateOnDashboardPage
16:29:43.941 [Forwarding findElement on session 8456e87e64f90f3a7baa1c8bb75edd3c to remote] DEBUG org.asynchttpclient.netty.request.NettyRequestSender - Using pooled Channel '[id: 0x2a531625, L:/127.0.0.1:50400 - R:localhost/127.0.0.1:64968]' for 'POST' to 'http://localhost:64968/session/8456e87e64f90f3a7baa1c8bb75edd3c/element'
16:29:43.941 [Forwarding findElement on session 8456e87e64f90f3a7baa1c8bb75edd3c to remote] DEBUG org.asynchttpclient.netty.request.NettyRequestSender - Using open Channel [id: 0x2a531625, L:/127.0.0.1:50400 - R:localhost/127.0.0.1:64968] for POST '/session/8456e87e64f90f3a7baa1c8bb75edd3c/element'
16:29:44.231 [AsyncHttpClient-1-6] DEBUG org.asynchttpclient.netty.handler.HttpHandler - 

Request DefaultHttpRequest(decodeResult: success, version: HTTP/1.1)
POST /session/8456e87e64f90f3a7baa1c8bb75edd3c/element HTTP/1.1
User-Agent: selenium/4.1.2 (java windows)
Content-Length: 81
Content-Type: application/json; charset=utf-8
host: localhost:64968
accept: */*

Response DefaultHttpResponse(decodeResult: success, version: HTTP/1.1)
HTTP/1.1 200 OK
Content-Type: application/json; charset=utf-8
cache-control: no-cache
content-length: 88

16:29:44.232 [AsyncHttpClient-1-6] DEBUG org.asynchttpclient.netty.channel.ChannelManager - Adding key: http://localhost:64968 for channel [id: 0x2a531625, L:/127.0.0.1:50400 - R:localhost/127.0.0.1:64968]
16:29:44.242 [AsyncHttpClient-1-1] DEBUG org.asynchttpclient.netty.channel.DefaultChannelPool - Entry count for : http://localhost:50403 : 1
16:29:44.242 [AsyncHttpClient-1-1] DEBUG org.asynchttpclient.netty.channel.DefaultChannelPool - Entry count for : http://localhost:64968 : 1
16:29:44.251 [Forwarding isElementDisplayed on session 8456e87e64f90f3a7baa1c8bb75edd3c to remote] DEBUG org.asynchttpclient.netty.request.NettyRequestSender - Using pooled Channel '[id: 0x2a531625, L:/127.0.0.1:50400 - R:localhost/127.0.0.1:64968]' for 'POST' to 'http://localhost:64968/session/8456e87e64f90f3a7baa1c8bb75edd3c/execute/sync'
16:29:44.252 [Forwarding isElementDisplayed on session 8456e87e64f90f3a7baa1c8bb75edd3c to remote] DEBUG org.asynchttpclient.netty.request.NettyRequestSender - Using open Channel [id: 0x2a531625, L:/127.0.0.1:50400 - R:localhost/127.0.0.1:64968] for POST '/session/8456e87e64f90f3a7baa1c8bb75edd3c/execute/sync'
16:29:44.421 [AsyncHttpClient-1-6] DEBUG org.asynchttpclient.netty.handler.HttpHandler - 

Request DefaultHttpRequest(decodeResult: success, version: HTTP/1.1)
POST /session/8456e87e64f90f3a7baa1c8bb75edd3c/execute/sync HTTP/1.1
User-Agent: selenium/4.1.2 (java windows)
Content-Length: 48780
Content-Type: application/json; charset=utf-8
host: localhost:64968
accept: */*

Response DefaultHttpResponse(decodeResult: success, version: HTTP/1.1)
HTTP/1.1 200 OK
Content-Type: application/json; charset=utf-8
cache-control: no-cache
content-length: 14

16:29:44.421 [AsyncHttpClient-1-6] DEBUG org.asynchttpclient.netty.channel.ChannelManager - Adding key: http://localhost:64968 for channel [id: 0x2a531625, L:/127.0.0.1:50400 - R:localhost/127.0.0.1:64968]
16:29:44.437 [Forwarding screenshot on session 8456e87e64f90f3a7baa1c8bb75edd3c to remote] DEBUG org.asynchttpclient.netty.request.NettyRequestSender - Using pooled Channel '[id: 0x2a531625, L:/127.0.0.1:50400 - R:localhost/127.0.0.1:64968]' for 'GET' to 'http://localhost:64968/session/8456e87e64f90f3a7baa1c8bb75edd3c/screenshot'
16:29:44.437 [Forwarding screenshot on session 8456e87e64f90f3a7baa1c8bb75edd3c to remote] DEBUG org.asynchttpclient.netty.request.NettyRequestSender - Using open Channel [id: 0x2a531625, L:/127.0.0.1:50400 - R:localhost/127.0.0.1:64968] for GET '/session/8456e87e64f90f3a7baa1c8bb75edd3c/screenshot'
16:29:44.765 [AsyncHttpClient-1-6] DEBUG org.asynchttpclient.netty.handler.HttpHandler - 

Request DefaultFullHttpRequest(decodeResult: success, version: HTTP/1.1, content: EmptyByteBufBE)
GET /session/8456e87e64f90f3a7baa1c8bb75edd3c/screenshot HTTP/1.1
User-Agent: selenium/4.1.2 (java windows)
Cache-Control: no-cache
Content-Type: application/json; charset=utf-8
host: localhost:64968
accept: */*

Response DefaultHttpResponse(decodeResult: success, version: HTTP/1.1)
HTTP/1.1 200 OK
Content-Type: application/json; charset=utf-8
cache-control: no-cache
content-length: 351816

16:29:44.768 [AsyncHttpClient-1-6] DEBUG org.asynchttpclient.netty.channel.ChannelManager - Adding key: http://localhost:64968 for channel [id: 0x2a531625, L:/127.0.0.1:50400 - R:localhost/127.0.0.1:64968]
16:29:44.909 [main] DEBUG net.serenitybdd.core.photography.Darkroom - Send negative for processing for target\site\serenity\20277f1d76f1b925628464fcd1ece5de77a814679d1be3fdcf836a7ddadfed60.png
16:29:44.913 [main] DEBUG net.thucydides.core.steps.StepInterceptor - STEP DONE: validateOnDashboardPage
  &amp#27;[32mGiven &amp#27;[0m&amp#27;[32mI am on the dashboard page&amp#27;[0m                       &amp#27;[90m# starter.stepdefinitions.DashboardSteps.iAmOnTheDashboardPage()&amp#27;[0m
16:29:44.954 [main] DEBUG net.thucydides.core.steps.StepInterceptor - STARTING STEP: AppointmentSteps.iClickMenuAppointment - clickMenuAppointmentButton
16:29:44.959 [Forwarding findElement on session 8456e87e64f90f3a7baa1c8bb75edd3c to remote] DEBUG org.asynchttpclient.netty.request.NettyRequestSender - Using pooled Channel '[id: 0x2a531625, L:/127.0.0.1:50400 - R:localhost/127.0.0.1:64968]' for 'POST' to 'http://localhost:64968/session/8456e87e64f90f3a7baa1c8bb75edd3c/element'
16:29:44.959 [Forwarding findElement on session 8456e87e64f90f3a7baa1c8bb75edd3c to remote] DEBUG org.asynchttpclient.netty.request.NettyRequestSender - Using open Channel [id: 0x2a531625, L:/127.0.0.1:50400 - R:localhost/127.0.0.1:64968] for POST '/session/8456e87e64f90f3a7baa1c8bb75edd3c/element'
16:29:44.977 [AsyncHttpClient-1-6] DEBUG org.asynchttpclient.netty.handler.HttpHandler - 

Request DefaultHttpRequest(decodeResult: success, version: HTTP/1.1)
POST /session/8456e87e64f90f3a7baa1c8bb75edd3c/element HTTP/1.1
User-Agent: selenium/4.1.2 (java windows)
Content-Length: 84
Content-Type: application/json; charset=utf-8
host: localhost:64968
accept: */*

Response DefaultHttpResponse(decodeResult: success, version: HTTP/1.1)
HTTP/1.1 200 OK
Content-Type: application/json; charset=utf-8
cache-control: no-cache
content-length: 88

16:29:44.977 [AsyncHttpClient-1-6] DEBUG org.asynchttpclient.netty.channel.ChannelManager - Adding key: http://localhost:64968 for channel [id: 0x2a531625, L:/127.0.0.1:50400 - R:localhost/127.0.0.1:64968]
16:29:44.979 [Forwarding getElementTagName on session 8456e87e64f90f3a7baa1c8bb75edd3c to remote] DEBUG org.asynchttpclient.netty.request.NettyRequestSender - Using pooled Channel '[id: 0x2a531625, L:/127.0.0.1:50400 - R:localhost/127.0.0.1:64968]' for 'GET' to 'http://localhost:64968/session/8456e87e64f90f3a7baa1c8bb75edd3c/element/6e949c88-0efb-45d7-afa6-ff534180485c/name'
16:29:44.980 [Forwarding getElementTagName on session 8456e87e64f90f3a7baa1c8bb75edd3c to remote] DEBUG org.asynchttpclient.netty.request.NettyRequestSender - Using open Channel [id: 0x2a531625, L:/127.0.0.1:50400 - R:localhost/127.0.0.1:64968] for GET '/session/8456e87e64f90f3a7baa1c8bb75edd3c/element/6e949c88-0efb-45d7-afa6-ff534180485c/name'
16:29:45.302 [AsyncHttpClient-1-6] DEBUG org.asynchttpclient.netty.handler.HttpHandler - 

Request DefaultFullHttpRequest(decodeResult: success, version: HTTP/1.1, content: EmptyByteBufBE)
GET /session/8456e87e64f90f3a7baa1c8bb75edd3c/element/6e949c88-0efb-45d7-afa6-ff534180485c/name HTTP/1.1
User-Agent: selenium/4.1.2 (java windows)
Cache-Control: no-cache
Content-Type: application/json; charset=utf-8
host: localhost:64968
accept: */*

Response DefaultHttpResponse(decodeResult: success, version: HTTP/1.1)
HTTP/1.1 200 OK
Content-Type: application/json; charset=utf-8
cache-control: no-cache
content-length: 15

16:29:45.303 [AsyncHttpClient-1-6] DEBUG org.asynchttpclient.netty.channel.ChannelManager - Adding key: http://localhost:64968 for channel [id: 0x2a531625, L:/127.0.0.1:50400 - R:localhost/127.0.0.1:64968]
16:29:45.307 [Forwarding getElementTagName on session 8456e87e64f90f3a7baa1c8bb75edd3c to remote] DEBUG org.asynchttpclient.netty.request.NettyRequestSender - Using pooled Channel '[id: 0x2a531625, L:/127.0.0.1:50400 - R:localhost/127.0.0.1:64968]' for 'GET' to 'http://localhost:64968/session/8456e87e64f90f3a7baa1c8bb75edd3c/element/6e949c88-0efb-45d7-afa6-ff534180485c/name'
16:29:45.307 [Forwarding getElementTagName on session 8456e87e64f90f3a7baa1c8bb75edd3c to remote] DEBUG org.asynchttpclient.netty.request.NettyRequestSender - Using open Channel [id: 0x2a531625, L:/127.0.0.1:50400 - R:localhost/127.0.0.1:64968] for GET '/session/8456e87e64f90f3a7baa1c8bb75edd3c/element/6e949c88-0efb-45d7-afa6-ff534180485c/name'
16:29:45.338 [AsyncHttpClient-1-1] DEBUG org.asynchttpclient.netty.channel.DefaultChannelPool - Entry count for : http://localhost:50403 : 1
16:29:45.453 [AsyncHttpClient-1-6] DEBUG org.asynchttpclient.netty.handler.HttpHandler - 

Request DefaultFullHttpRequest(decodeResult: success, version: HTTP/1.1, content: EmptyByteBufBE)
GET /session/8456e87e64f90f3a7baa1c8bb75edd3c/element/6e949c88-0efb-45d7-afa6-ff534180485c/name HTTP/1.1
User-Agent: selenium/4.1.2 (java windows)
Cache-Control: no-cache
Content-Type: application/json; charset=utf-8
host: localhost:64968
accept: */*

Response DefaultHttpResponse(decodeResult: success, version: HTTP/1.1)
HTTP/1.1 200 OK
Content-Type: application/json; charset=utf-8
cache-control: no-cache
content-length: 15

16:29:45.454 [AsyncHttpClient-1-6] DEBUG org.asynchttpclient.netty.channel.ChannelManager - Adding key: http://localhost:64968 for channel [id: 0x2a531625, L:/127.0.0.1:50400 - R:localhost/127.0.0.1:64968]
16:29:45.460 [Forwarding findElement on session 8456e87e64f90f3a7baa1c8bb75edd3c to remote] DEBUG org.asynchttpclient.netty.request.NettyRequestSender - Using pooled Channel '[id: 0x2a531625, L:/127.0.0.1:50400 - R:localhost/127.0.0.1:64968]' for 'POST' to 'http://localhost:64968/session/8456e87e64f90f3a7baa1c8bb75edd3c/element'
16:29:45.460 [Forwarding findElement on session 8456e87e64f90f3a7baa1c8bb75edd3c to remote] DEBUG org.asynchttpclient.netty.request.NettyRequestSender - Using open Channel [id: 0x2a531625, L:/127.0.0.1:50400 - R:localhost/127.0.0.1:64968] for POST '/session/8456e87e64f90f3a7baa1c8bb75edd3c/element'
16:29:45.482 [AsyncHttpClient-1-6] DEBUG org.asynchttpclient.netty.handler.HttpHandler - 

Request DefaultHttpRequest(decodeResult: success, version: HTTP/1.1)
POST /session/8456e87e64f90f3a7baa1c8bb75edd3c/element HTTP/1.1
User-Agent: selenium/4.1.2 (java windows)
Content-Length: 84
Content-Type: application/json; charset=utf-8
host: localhost:64968
accept: */*

Response DefaultHttpResponse(decodeResult: success, version: HTTP/1.1)
HTTP/1.1 200 OK
Content-Type: application/json; charset=utf-8
cache-control: no-cache
content-length: 88

16:29:45.482 [AsyncHttpClient-1-6] DEBUG org.asynchttpclient.netty.channel.ChannelManager - Adding key: http://localhost:64968 for channel [id: 0x2a531625, L:/127.0.0.1:50400 - R:localhost/127.0.0.1:64968]
16:29:45.486 [Forwarding clickElement on session 8456e87e64f90f3a7baa1c8bb75edd3c to remote] DEBUG org.asynchttpclient.netty.request.NettyRequestSender - Using pooled Channel '[id: 0x2a531625, L:/127.0.0.1:50400 - R:localhost/127.0.0.1:64968]' for 'POST' to 'http://localhost:64968/session/8456e87e64f90f3a7baa1c8bb75edd3c/element/6e949c88-0efb-45d7-afa6-ff534180485c/click'
16:29:45.486 [Forwarding clickElement on session 8456e87e64f90f3a7baa1c8bb75edd3c to remote] DEBUG org.asynchttpclient.netty.request.NettyRequestSender - Using open Channel [id: 0x2a531625, L:/127.0.0.1:50400 - R:localhost/127.0.0.1:64968] for POST '/session/8456e87e64f90f3a7baa1c8bb75edd3c/element/6e949c88-0efb-45d7-afa6-ff534180485c/click'
16:29:46.437 [AsyncHttpClient-1-1] DEBUG org.asynchttpclient.netty.channel.DefaultChannelPool - Entry count for : http://localhost:50403 : 1
16:29:46.595 [AsyncHttpClient-1-6] DEBUG org.asynchttpclient.netty.handler.HttpHandler - 

Request DefaultHttpRequest(decodeResult: success, version: HTTP/1.1)
POST /session/8456e87e64f90f3a7baa1c8bb75edd3c/element/6e949c88-0efb-45d7-afa6-ff534180485c/click HTTP/1.1
User-Agent: selenium/4.1.2 (java windows)
Content-Length: 50
Content-Type: application/json; charset=utf-8
host: localhost:64968
accept: */*

Response DefaultHttpResponse(decodeResult: success, version: HTTP/1.1)
HTTP/1.1 200 OK
Content-Type: application/json; charset=utf-8
cache-control: no-cache
content-length: 14

16:29:46.595 [AsyncHttpClient-1-6] DEBUG org.asynchttpclient.netty.channel.ChannelManager - Adding key: http://localhost:64968 for channel [id: 0x2a531625, L:/127.0.0.1:50400 - R:localhost/127.0.0.1:64968]
16:29:46.612 [Forwarding screenshot on session 8456e87e64f90f3a7baa1c8bb75edd3c to remote] DEBUG org.asynchttpclient.netty.request.NettyRequestSender - Using pooled Channel '[id: 0x2a531625, L:/127.0.0.1:50400 - R:localhost/127.0.0.1:64968]' for 'GET' to 'http://localhost:64968/session/8456e87e64f90f3a7baa1c8bb75edd3c/screenshot'
16:29:46.612 [Forwarding screenshot on session 8456e87e64f90f3a7baa1c8bb75edd3c to remote] DEBUG org.asynchttpclient.netty.request.NettyRequestSender - Using open Channel [id: 0x2a531625, L:/127.0.0.1:50400 - R:localhost/127.0.0.1:64968] for GET '/session/8456e87e64f90f3a7baa1c8bb75edd3c/screenshot'
16:29:46.984 [AsyncHttpClient-1-6] DEBUG org.asynchttpclient.netty.handler.HttpHandler - 

Request DefaultFullHttpRequest(decodeResult: success, version: HTTP/1.1, content: EmptyByteBufBE)
GET /session/8456e87e64f90f3a7baa1c8bb75edd3c/screenshot HTTP/1.1
User-Agent: selenium/4.1.2 (java windows)
Cache-Control: no-cache
Content-Type: application/json; charset=utf-8
host: localhost:64968
accept: */*

Response DefaultHttpResponse(decodeResult: success, version: HTTP/1.1)
HTTP/1.1 200 OK
Content-Type: application/json; charset=utf-8
cache-control: no-cache
content-length: 77864

16:29:46.985 [AsyncHttpClient-1-6] DEBUG org.asynchttpclient.netty.channel.ChannelManager - Adding key: http://localhost:64968 for channel [id: 0x2a531625, L:/127.0.0.1:50400 - R:localhost/127.0.0.1:64968]
16:29:46.990 [main] DEBUG net.serenitybdd.core.photography.Darkroom - Send negative for processing for target\site\serenity\1f121c84ac5ed486a34b6564ef548c7a63c0810ba65b369a172b58667ec6d336.png
16:29:46.990 [main] DEBUG net.thucydides.core.steps.StepInterceptor - STEP DONE: clickMenuAppointmentButton
  &amp#27;[32mAnd &amp#27;[0m&amp#27;[32mI click menu Appointment&amp#27;[0m                           &amp#27;[90m# starter.stepdefinitions.AppointmentSteps.iClickMenuAppointment()&amp#27;[0m
16:29:47.019 [main] DEBUG net.thucydides.core.steps.StepInterceptor - STARTING STEP: AppointmentSteps.iClickEditAppointmentIcon - clickEditAppointmentIcon
16:29:47.024 [Forwarding findElement on session 8456e87e64f90f3a7baa1c8bb75edd3c to remote] DEBUG org.asynchttpclient.netty.request.NettyRequestSender - Using pooled Channel '[id: 0x2a531625, L:/127.0.0.1:50400 - R:localhost/127.0.0.1:64968]' for 'POST' to 'http://localhost:64968/session/8456e87e64f90f3a7baa1c8bb75edd3c/element'
16:29:47.024 [Forwarding findElement on session 8456e87e64f90f3a7baa1c8bb75edd3c to remote] DEBUG org.asynchttpclient.netty.request.NettyRequestSender - Using open Channel [id: 0x2a531625, L:/127.0.0.1:50400 - R:localhost/127.0.0.1:64968] for POST '/session/8456e87e64f90f3a7baa1c8bb75edd3c/element'
16:29:47.406 [AsyncHttpClient-1-6] DEBUG org.asynchttpclient.netty.handler.HttpHandler - 

Request DefaultHttpRequest(decodeResult: success, version: HTTP/1.1)
POST /session/8456e87e64f90f3a7baa1c8bb75edd3c/element HTTP/1.1
User-Agent: selenium/4.1.2 (java windows)
Content-Length: 205
Content-Type: application/json; charset=utf-8
host: localhost:64968
accept: */*

Response DefaultHttpResponse(decodeResult: success, version: HTTP/1.1)
HTTP/1.1 200 OK
Content-Type: application/json; charset=utf-8
cache-control: no-cache
content-length: 88

16:29:47.406 [AsyncHttpClient-1-6] DEBUG org.asynchttpclient.netty.channel.ChannelManager - Adding key: http://localhost:64968 for channel [id: 0x2a531625, L:/127.0.0.1:50400 - R:localhost/127.0.0.1:64968]
16:29:47.409 [Forwarding getElementTagName on session 8456e87e64f90f3a7baa1c8bb75edd3c to remote] DEBUG org.asynchttpclient.netty.request.NettyRequestSender - Using pooled Channel '[id: 0x2a531625, L:/127.0.0.1:50400 - R:localhost/127.0.0.1:64968]' for 'GET' to 'http://localhost:64968/session/8456e87e64f90f3a7baa1c8bb75edd3c/element/c6a35cc8-8643-48fd-9ecd-e5242b4ee39f/name'
16:29:47.409 [Forwarding getElementTagName on session 8456e87e64f90f3a7baa1c8bb75edd3c to remote] DEBUG org.asynchttpclient.netty.request.NettyRequestSender - Using open Channel [id: 0x2a531625, L:/127.0.0.1:50400 - R:localhost/127.0.0.1:64968] for GET '/session/8456e87e64f90f3a7baa1c8bb75edd3c/element/c6a35cc8-8643-48fd-9ecd-e5242b4ee39f/name'
16:29:47.415 [AsyncHttpClient-1-6] DEBUG org.asynchttpclient.netty.handler.HttpHandler - 

Request DefaultFullHttpRequest(decodeResult: success, version: HTTP/1.1, content: EmptyByteBufBE)
GET /session/8456e87e64f90f3a7baa1c8bb75edd3c/element/c6a35cc8-8643-48fd-9ecd-e5242b4ee39f/name HTTP/1.1
User-Agent: selenium/4.1.2 (java windows)
Cache-Control: no-cache
Content-Type: application/json; charset=utf-8
host: localhost:64968
accept: */*

Response DefaultHttpResponse(decodeResult: success, version: HTTP/1.1)
HTTP/1.1 200 OK
Content-Type: application/json; charset=utf-8
cache-control: no-cache
content-length: 18

16:29:47.415 [AsyncHttpClient-1-6] DEBUG org.asynchttpclient.netty.channel.ChannelManager - Adding key: http://localhost:64968 for channel [id: 0x2a531625, L:/127.0.0.1:50400 - R:localhost/127.0.0.1:64968]
16:29:47.417 [Forwarding getElementTagName on session 8456e87e64f90f3a7baa1c8bb75edd3c to remote] DEBUG org.asynchttpclient.netty.request.NettyRequestSender - Using pooled Channel '[id: 0x2a531625, L:/127.0.0.1:50400 - R:localhost/127.0.0.1:64968]' for 'GET' to 'http://localhost:64968/session/8456e87e64f90f3a7baa1c8bb75edd3c/element/c6a35cc8-8643-48fd-9ecd-e5242b4ee39f/name'
16:29:47.417 [Forwarding getElementTagName on session 8456e87e64f90f3a7baa1c8bb75edd3c to remote] DEBUG org.asynchttpclient.netty.request.NettyRequestSender - Using open Channel [id: 0x2a531625, L:/127.0.0.1:50400 - R:localhost/127.0.0.1:64968] for GET '/session/8456e87e64f90f3a7baa1c8bb75edd3c/element/c6a35cc8-8643-48fd-9ecd-e5242b4ee39f/name'
16:29:47.421 [AsyncHttpClient-1-6] DEBUG org.asynchttpclient.netty.handler.HttpHandler - 

Request DefaultFullHttpRequest(decodeResult: success, version: HTTP/1.1, content: EmptyByteBufBE)
GET /session/8456e87e64f90f3a7baa1c8bb75edd3c/element/c6a35cc8-8643-48fd-9ecd-e5242b4ee39f/name HTTP/1.1
User-Agent: selenium/4.1.2 (java windows)
Cache-Control: no-cache
Content-Type: application/json; charset=utf-8
host: localhost:64968
accept: */*

Response DefaultHttpResponse(decodeResult: success, version: HTTP/1.1)
HTTP/1.1 200 OK
Content-Type: application/json; charset=utf-8
cache-control: no-cache
content-length: 18

16:29:47.421 [AsyncHttpClient-1-6] DEBUG org.asynchttpclient.netty.channel.ChannelManager - Adding key: http://localhost:64968 for channel [id: 0x2a531625, L:/127.0.0.1:50400 - R:localhost/127.0.0.1:64968]
16:29:47.424 [Forwarding isElementEnabled on session 8456e87e64f90f3a7baa1c8bb75edd3c to remote] DEBUG org.asynchttpclient.netty.request.NettyRequestSender - Using pooled Channel '[id: 0x2a531625, L:/127.0.0.1:50400 - R:localhost/127.0.0.1:64968]' for 'GET' to 'http://localhost:64968/session/8456e87e64f90f3a7baa1c8bb75edd3c/element/c6a35cc8-8643-48fd-9ecd-e5242b4ee39f/enabled'
16:29:47.424 [Forwarding isElementEnabled on session 8456e87e64f90f3a7baa1c8bb75edd3c to remote] DEBUG org.asynchttpclient.netty.request.NettyRequestSender - Using open Channel [id: 0x2a531625, L:/127.0.0.1:50400 - R:localhost/127.0.0.1:64968] for GET '/session/8456e87e64f90f3a7baa1c8bb75edd3c/element/c6a35cc8-8643-48fd-9ecd-e5242b4ee39f/enabled'
16:29:47.456 [AsyncHttpClient-1-6] DEBUG org.asynchttpclient.netty.handler.HttpHandler - 

Request DefaultFullHttpRequest(decodeResult: success, version: HTTP/1.1, content: EmptyByteBufBE)
GET /session/8456e87e64f90f3a7baa1c8bb75edd3c/element/c6a35cc8-8643-48fd-9ecd-e5242b4ee39f/enabled HTTP/1.1
User-Agent: selenium/4.1.2 (java windows)
Cache-Control: no-cache
Content-Type: application/json; charset=utf-8
host: localhost:64968
accept: */*

Response DefaultHttpResponse(decodeResult: success, version: HTTP/1.1)
HTTP/1.1 200 OK
Content-Type: application/json; charset=utf-8
cache-control: no-cache
content-length: 14

16:29:47.456 [AsyncHttpClient-1-6] DEBUG org.asynchttpclient.netty.channel.ChannelManager - Adding key: http://localhost:64968 for channel [id: 0x2a531625, L:/127.0.0.1:50400 - R:localhost/127.0.0.1:64968]
16:29:47.457 [Forwarding isElementEnabled on session 8456e87e64f90f3a7baa1c8bb75edd3c to remote] DEBUG org.asynchttpclient.netty.request.NettyRequestSender - Using pooled Channel '[id: 0x2a531625, L:/127.0.0.1:50400 - R:localhost/127.0.0.1:64968]' for 'GET' to 'http://localhost:64968/session/8456e87e64f90f3a7baa1c8bb75edd3c/element/c6a35cc8-8643-48fd-9ecd-e5242b4ee39f/enabled'
16:29:47.458 [Forwarding isElementEnabled on session 8456e87e64f90f3a7baa1c8bb75edd3c to remote] DEBUG org.asynchttpclient.netty.request.NettyRequestSender - Using open Channel [id: 0x2a531625, L:/127.0.0.1:50400 - R:localhost/127.0.0.1:64968] for GET '/session/8456e87e64f90f3a7baa1c8bb75edd3c/element/c6a35cc8-8643-48fd-9ecd-e5242b4ee39f/enabled'
16:29:47.464 [AsyncHttpClient-1-6] DEBUG org.asynchttpclient.netty.handler.HttpHandler - 

Request DefaultFullHttpRequest(decodeResult: success, version: HTTP/1.1, content: EmptyByteBufBE)
GET /session/8456e87e64f90f3a7baa1c8bb75edd3c/element/c6a35cc8-8643-48fd-9ecd-e5242b4ee39f/enabled HTTP/1.1
User-Agent: selenium/4.1.2 (java windows)
Cache-Control: no-cache
Content-Type: application/json; charset=utf-8
host: localhost:64968
accept: */*

Response DefaultHttpResponse(decodeResult: success, version: HTTP/1.1)
HTTP/1.1 200 OK
Content-Type: application/json; charset=utf-8
cache-control: no-cache
content-length: 14

16:29:47.464 [AsyncHttpClient-1-6] DEBUG org.asynchttpclient.netty.channel.ChannelManager - Adding key: http://localhost:64968 for channel [id: 0x2a531625, L:/127.0.0.1:50400 - R:localhost/127.0.0.1:64968]
16:29:47.466 [Forwarding findElement on session 8456e87e64f90f3a7baa1c8bb75edd3c to remote] DEBUG org.asynchttpclient.netty.request.NettyRequestSender - Using pooled Channel '[id: 0x2a531625, L:/127.0.0.1:50400 - R:localhost/127.0.0.1:64968]' for 'POST' to 'http://localhost:64968/session/8456e87e64f90f3a7baa1c8bb75edd3c/element'
16:29:47.466 [Forwarding findElement on session 8456e87e64f90f3a7baa1c8bb75edd3c to remote] DEBUG org.asynchttpclient.netty.request.NettyRequestSender - Using open Channel [id: 0x2a531625, L:/127.0.0.1:50400 - R:localhost/127.0.0.1:64968] for POST '/session/8456e87e64f90f3a7baa1c8bb75edd3c/element'
16:29:47.475 [AsyncHttpClient-1-6] DEBUG org.asynchttpclient.netty.handler.HttpHandler - 

Request DefaultHttpRequest(decodeResult: success, version: HTTP/1.1)
POST /session/8456e87e64f90f3a7baa1c8bb75edd3c/element HTTP/1.1
User-Agent: selenium/4.1.2 (java windows)
Content-Length: 205
Content-Type: application/json; charset=utf-8
host: localhost:64968
accept: */*

Response DefaultHttpResponse(decodeResult: success, version: HTTP/1.1)
HTTP/1.1 200 OK
Content-Type: application/json; charset=utf-8
cache-control: no-cache
content-length: 88

16:29:47.475 [AsyncHttpClient-1-6] DEBUG org.asynchttpclient.netty.channel.ChannelManager - Adding key: http://localhost:64968 for channel [id: 0x2a531625, L:/127.0.0.1:50400 - R:localhost/127.0.0.1:64968]
16:29:47.477 [Forwarding clickElement on session 8456e87e64f90f3a7baa1c8bb75edd3c to remote] DEBUG org.asynchttpclient.netty.request.NettyRequestSender - Using pooled Channel '[id: 0x2a531625, L:/127.0.0.1:50400 - R:localhost/127.0.0.1:64968]' for 'POST' to 'http://localhost:64968/session/8456e87e64f90f3a7baa1c8bb75edd3c/element/c6a35cc8-8643-48fd-9ecd-e5242b4ee39f/click'
16:29:47.477 [Forwarding clickElement on session 8456e87e64f90f3a7baa1c8bb75edd3c to remote] DEBUG org.asynchttpclient.netty.request.NettyRequestSender - Using open Channel [id: 0x2a531625, L:/127.0.0.1:50400 - R:localhost/127.0.0.1:64968] for POST '/session/8456e87e64f90f3a7baa1c8bb75edd3c/element/c6a35cc8-8643-48fd-9ecd-e5242b4ee39f/click'
16:29:47.538 [AsyncHttpClient-1-1] DEBUG org.asynchttpclient.netty.channel.DefaultChannelPool - Entry count for : http://localhost:50403 : 1
16:29:48.078 [AsyncHttpClient-1-6] DEBUG org.asynchttpclient.netty.handler.HttpHandler - 

Request DefaultHttpRequest(decodeResult: success, version: HTTP/1.1)
POST /session/8456e87e64f90f3a7baa1c8bb75edd3c/element/c6a35cc8-8643-48fd-9ecd-e5242b4ee39f/click HTTP/1.1
User-Agent: selenium/4.1.2 (java windows)
Content-Length: 50
Content-Type: application/json; charset=utf-8
host: localhost:64968
accept: */*

Response DefaultHttpResponse(decodeResult: success, version: HTTP/1.1)
HTTP/1.1 200 OK
Content-Type: application/json; charset=utf-8
cache-control: no-cache
content-length: 14

16:29:48.078 [AsyncHttpClient-1-6] DEBUG org.asynchttpclient.netty.channel.ChannelManager - Adding key: http://localhost:64968 for channel [id: 0x2a531625, L:/127.0.0.1:50400 - R:localhost/127.0.0.1:64968]
16:29:48.093 [Forwarding screenshot on session 8456e87e64f90f3a7baa1c8bb75edd3c to remote] DEBUG org.asynchttpclient.netty.request.NettyRequestSender - Using pooled Channel '[id: 0x2a531625, L:/127.0.0.1:50400 - R:localhost/127.0.0.1:64968]' for 'GET' to 'http://localhost:64968/session/8456e87e64f90f3a7baa1c8bb75edd3c/screenshot'
16:29:48.093 [Forwarding screenshot on session 8456e87e64f90f3a7baa1c8bb75edd3c to remote] DEBUG org.asynchttpclient.netty.request.NettyRequestSender - Using open Channel [id: 0x2a531625, L:/127.0.0.1:50400 - R:localhost/127.0.0.1:64968] for GET '/session/8456e87e64f90f3a7baa1c8bb75edd3c/screenshot'
16:29:48.252 [AsyncHttpClient-1-6] DEBUG org.asynchttpclient.netty.handler.HttpHandler - 

Request DefaultFullHttpRequest(decodeResult: success, version: HTTP/1.1, content: EmptyByteBufBE)
GET /session/8456e87e64f90f3a7baa1c8bb75edd3c/screenshot HTTP/1.1
User-Agent: selenium/4.1.2 (java windows)
Cache-Control: no-cache
Content-Type: application/json; charset=utf-8
host: localhost:64968
accept: */*

Response DefaultHttpResponse(decodeResult: success, version: HTTP/1.1)
HTTP/1.1 200 OK
Content-Type: application/json; charset=utf-8
cache-control: no-cache
content-length: 120240

16:29:48.253 [AsyncHttpClient-1-6] DEBUG org.asynchttpclient.netty.channel.ChannelManager - Adding key: http://localhost:64968 for channel [id: 0x2a531625, L:/127.0.0.1:50400 - R:localhost/127.0.0.1:64968]
16:29:48.261 [main] DEBUG net.serenitybdd.core.photography.Darkroom - Send negative for processing for target\site\serenity\ba0e2eb4f9ed701a844cb5d664a344cdff99bb6b3a609a74907edb9db1a198d3.png
16:29:48.261 [main] DEBUG net.thucydides.core.steps.StepInterceptor - STEP DONE: clickEditAppointmentIcon
  &amp#27;[32mWhen &amp#27;[0m&amp#27;[32mI click edit Appointment icon&amp#27;[0m                     &amp#27;[90m# starter.stepdefinitions.AppointmentSteps.iClickEditAppointmentIcon()&amp#27;[0m
16:29:48.261 [Darkroom Processing Line] DEBUG net.serenitybdd.core.photography.DarkroomProcessingLine - Processing screenshot image in /var/screenshots/screenshot-4146569087559264109
16:29:48.261 [Darkroom Processing Line] DEBUG net.serenitybdd.core.photography.DarkroomProcessingLine - Saving screenshot to target\site\serenity\ba0e2eb4f9ed701a844cb5d664a344cdff99bb6b3a609a74907edb9db1a198d3.png
16:29:48.283 [main] DEBUG net.thucydides.core.steps.StepInterceptor - STARTING STEP: AppointmentSteps.iClickTheXButton - clickTheXIcon
16:29:48.335 [Forwarding findElement on session 8456e87e64f90f3a7baa1c8bb75edd3c to remote] DEBUG org.asynchttpclient.netty.request.NettyRequestSender - Using pooled Channel '[id: 0x2a531625, L:/127.0.0.1:50400 - R:localhost/127.0.0.1:64968]' for 'POST' to 'http://localhost:64968/session/8456e87e64f90f3a7baa1c8bb75edd3c/element'
16:29:48.335 [Forwarding findElement on session 8456e87e64f90f3a7baa1c8bb75edd3c to remote] DEBUG org.asynchttpclient.netty.request.NettyRequestSender - Using open Channel [id: 0x2a531625, L:/127.0.0.1:50400 - R:localhost/127.0.0.1:64968] for POST '/session/8456e87e64f90f3a7baa1c8bb75edd3c/element'
16:29:48.353 [AsyncHttpClient-1-6] DEBUG org.asynchttpclient.netty.handler.HttpHandler - 

Request DefaultHttpRequest(decodeResult: success, version: HTTP/1.1)
POST /session/8456e87e64f90f3a7baa1c8bb75edd3c/element HTTP/1.1
User-Agent: selenium/4.1.2 (java windows)
Content-Length: 104
Content-Type: application/json; charset=utf-8
host: localhost:64968
accept: */*

Response DefaultHttpResponse(decodeResult: success, version: HTTP/1.1)
HTTP/1.1 200 OK
Content-Type: application/json; charset=utf-8
cache-control: no-cache
content-length: 88

16:29:48.353 [AsyncHttpClient-1-6] DEBUG org.asynchttpclient.netty.channel.ChannelManager - Adding key: http://localhost:64968 for channel [id: 0x2a531625, L:/127.0.0.1:50400 - R:localhost/127.0.0.1:64968]
16:29:48.355 [Forwarding getElementTagName on session 8456e87e64f90f3a7baa1c8bb75edd3c to remote] DEBUG org.asynchttpclient.netty.request.NettyRequestSender - Using pooled Channel '[id: 0x2a531625, L:/127.0.0.1:50400 - R:localhost/127.0.0.1:64968]' for 'GET' to 'http://localhost:64968/session/8456e87e64f90f3a7baa1c8bb75edd3c/element/582b2526-e0fc-4d7f-9453-9f5aafe8e6d2/name'
16:29:48.355 [Forwarding getElementTagName on session 8456e87e64f90f3a7baa1c8bb75edd3c to remote] DEBUG org.asynchttpclient.netty.request.NettyRequestSender - Using open Channel [id: 0x2a531625, L:/127.0.0.1:50400 - R:localhost/127.0.0.1:64968] for GET '/session/8456e87e64f90f3a7baa1c8bb75edd3c/element/582b2526-e0fc-4d7f-9453-9f5aafe8e6d2/name'
16:29:48.361 [AsyncHttpClient-1-6] DEBUG org.asynchttpclient.netty.handler.HttpHandler - 

Request DefaultFullHttpRequest(decodeResult: success, version: HTTP/1.1, content: EmptyByteBufBE)
GET /session/8456e87e64f90f3a7baa1c8bb75edd3c/element/582b2526-e0fc-4d7f-9453-9f5aafe8e6d2/name HTTP/1.1
User-Agent: selenium/4.1.2 (java windows)
Cache-Control: no-cache
Content-Type: application/json; charset=utf-8
host: localhost:64968
accept: */*

Response DefaultHttpResponse(decodeResult: success, version: HTTP/1.1)
HTTP/1.1 200 OK
Content-Type: application/json; charset=utf-8
cache-control: no-cache
content-length: 18

16:29:48.361 [AsyncHttpClient-1-6] DEBUG org.asynchttpclient.netty.channel.ChannelManager - Adding key: http://localhost:64968 for channel [id: 0x2a531625, L:/127.0.0.1:50400 - R:localhost/127.0.0.1:64968]
16:29:48.363 [Forwarding getElementTagName on session 8456e87e64f90f3a7baa1c8bb75edd3c to remote] DEBUG org.asynchttpclient.netty.request.NettyRequestSender - Using pooled Channel '[id: 0x2a531625, L:/127.0.0.1:50400 - R:localhost/127.0.0.1:64968]' for 'GET' to 'http://localhost:64968/session/8456e87e64f90f3a7baa1c8bb75edd3c/element/582b2526-e0fc-4d7f-9453-9f5aafe8e6d2/name'
16:29:48.363 [Forwarding getElementTagName on session 8456e87e64f90f3a7baa1c8bb75edd3c to remote] DEBUG org.asynchttpclient.netty.request.NettyRequestSender - Using open Channel [id: 0x2a531625, L:/127.0.0.1:50400 - R:localhost/127.0.0.1:64968] for GET '/session/8456e87e64f90f3a7baa1c8bb75edd3c/element/582b2526-e0fc-4d7f-9453-9f5aafe8e6d2/name'
16:29:48.369 [AsyncHttpClient-1-6] DEBUG org.asynchttpclient.netty.handler.HttpHandler - 

Request DefaultFullHttpRequest(decodeResult: success, version: HTTP/1.1, content: EmptyByteBufBE)
GET /session/8456e87e64f90f3a7baa1c8bb75edd3c/element/582b2526-e0fc-4d7f-9453-9f5aafe8e6d2/name HTTP/1.1
User-Agent: selenium/4.1.2 (java windows)
Cache-Control: no-cache
Content-Type: application/json; charset=utf-8
host: localhost:64968
accept: */*

Response DefaultHttpResponse(decodeResult: success, version: HTTP/1.1)
HTTP/1.1 200 OK
Content-Type: application/json; charset=utf-8
cache-control: no-cache
content-length: 18

16:29:48.369 [AsyncHttpClient-1-6] DEBUG org.asynchttpclient.netty.channel.ChannelManager - Adding key: http://localhost:64968 for channel [id: 0x2a531625, L:/127.0.0.1:50400 - R:localhost/127.0.0.1:64968]
16:29:48.372 [Forwarding isElementEnabled on session 8456e87e64f90f3a7baa1c8bb75edd3c to remote] DEBUG org.asynchttpclient.netty.request.NettyRequestSender - Using pooled Channel '[id: 0x2a531625, L:/127.0.0.1:50400 - R:localhost/127.0.0.1:64968]' for 'GET' to 'http://localhost:64968/session/8456e87e64f90f3a7baa1c8bb75edd3c/element/582b2526-e0fc-4d7f-9453-9f5aafe8e6d2/enabled'
16:29:48.372 [Forwarding isElementEnabled on session 8456e87e64f90f3a7baa1c8bb75edd3c to remote] DEBUG org.asynchttpclient.netty.request.NettyRequestSender - Using open Channel [id: 0x2a531625, L:/127.0.0.1:50400 - R:localhost/127.0.0.1:64968] for GET '/session/8456e87e64f90f3a7baa1c8bb75edd3c/element/582b2526-e0fc-4d7f-9453-9f5aafe8e6d2/enabled'
16:29:48.385 [AsyncHttpClient-1-6] DEBUG org.asynchttpclient.netty.handler.HttpHandler - 

Request DefaultFullHttpRequest(decodeResult: success, version: HTTP/1.1, content: EmptyByteBufBE)
GET /session/8456e87e64f90f3a7baa1c8bb75edd3c/element/582b2526-e0fc-4d7f-9453-9f5aafe8e6d2/enabled HTTP/1.1
User-Agent: selenium/4.1.2 (java windows)
Cache-Control: no-cache
Content-Type: application/json; charset=utf-8
host: localhost:64968
accept: */*

Response DefaultHttpResponse(decodeResult: success, version: HTTP/1.1)
HTTP/1.1 200 OK
Content-Type: application/json; charset=utf-8
cache-control: no-cache
content-length: 14

16:29:48.385 [AsyncHttpClient-1-6] DEBUG org.asynchttpclient.netty.channel.ChannelManager - Adding key: http://localhost:64968 for channel [id: 0x2a531625, L:/127.0.0.1:50400 - R:localhost/127.0.0.1:64968]
16:29:48.387 [Forwarding isElementEnabled on session 8456e87e64f90f3a7baa1c8bb75edd3c to remote] DEBUG org.asynchttpclient.netty.request.NettyRequestSender - Using pooled Channel '[id: 0x2a531625, L:/127.0.0.1:50400 - R:localhost/127.0.0.1:64968]' for 'GET' to 'http://localhost:64968/session/8456e87e64f90f3a7baa1c8bb75edd3c/element/582b2526-e0fc-4d7f-9453-9f5aafe8e6d2/enabled'
16:29:48.387 [Forwarding isElementEnabled on session 8456e87e64f90f3a7baa1c8bb75edd3c to remote] DEBUG org.asynchttpclient.netty.request.NettyRequestSender - Using open Channel [id: 0x2a531625, L:/127.0.0.1:50400 - R:localhost/127.0.0.1:64968] for GET '/session/8456e87e64f90f3a7baa1c8bb75edd3c/element/582b2526-e0fc-4d7f-9453-9f5aafe8e6d2/enabled'
16:29:48.399 [AsyncHttpClient-1-6] DEBUG org.asynchttpclient.netty.handler.HttpHandler - 

Request DefaultFullHttpRequest(decodeResult: success, version: HTTP/1.1, content: EmptyByteBufBE)
GET /session/8456e87e64f90f3a7baa1c8bb75edd3c/element/582b2526-e0fc-4d7f-9453-9f5aafe8e6d2/enabled HTTP/1.1
User-Agent: selenium/4.1.2 (java windows)
Cache-Control: no-cache
Content-Type: application/json; charset=utf-8
host: localhost:64968
accept: */*

Response DefaultHttpResponse(decodeResult: success, version: HTTP/1.1)
HTTP/1.1 200 OK
Content-Type: application/json; charset=utf-8
cache-control: no-cache
content-length: 14

16:29:48.400 [AsyncHttpClient-1-6] DEBUG org.asynchttpclient.netty.channel.ChannelManager - Adding key: http://localhost:64968 for channel [id: 0x2a531625, L:/127.0.0.1:50400 - R:localhost/127.0.0.1:64968]
16:29:48.402 [Forwarding findElement on session 8456e87e64f90f3a7baa1c8bb75edd3c to remote] DEBUG org.asynchttpclient.netty.request.NettyRequestSender - Using pooled Channel '[id: 0x2a531625, L:/127.0.0.1:50400 - R:localhost/127.0.0.1:64968]' for 'POST' to 'http://localhost:64968/session/8456e87e64f90f3a7baa1c8bb75edd3c/element'
16:29:48.403 [Forwarding findElement on session 8456e87e64f90f3a7baa1c8bb75edd3c to remote] DEBUG org.asynchttpclient.netty.request.NettyRequestSender - Using open Channel [id: 0x2a531625, L:/127.0.0.1:50400 - R:localhost/127.0.0.1:64968] for POST '/session/8456e87e64f90f3a7baa1c8bb75edd3c/element'
16:29:48.413 [AsyncHttpClient-1-6] DEBUG org.asynchttpclient.netty.handler.HttpHandler - 

Request DefaultHttpRequest(decodeResult: success, version: HTTP/1.1)
POST /session/8456e87e64f90f3a7baa1c8bb75edd3c/element HTTP/1.1
User-Agent: selenium/4.1.2 (java windows)
Content-Length: 104
Content-Type: application/json; charset=utf-8
host: localhost:64968
accept: */*

Response DefaultHttpResponse(decodeResult: success, version: HTTP/1.1)
HTTP/1.1 200 OK
Content-Type: application/json; charset=utf-8
cache-control: no-cache
content-length: 88

16:29:48.413 [AsyncHttpClient-1-6] DEBUG org.asynchttpclient.netty.channel.ChannelManager - Adding key: http://localhost:64968 for channel [id: 0x2a531625, L:/127.0.0.1:50400 - R:localhost/127.0.0.1:64968]
16:29:48.415 [Forwarding clickElement on session 8456e87e64f90f3a7baa1c8bb75edd3c to remote] DEBUG org.asynchttpclient.netty.request.NettyRequestSender - Using pooled Channel '[id: 0x2a531625, L:/127.0.0.1:50400 - R:localhost/127.0.0.1:64968]' for 'POST' to 'http://localhost:64968/session/8456e87e64f90f3a7baa1c8bb75edd3c/element/582b2526-e0fc-4d7f-9453-9f5aafe8e6d2/click'
16:29:48.415 [Forwarding clickElement on session 8456e87e64f90f3a7baa1c8bb75edd3c to remote] DEBUG org.asynchttpclient.netty.request.NettyRequestSender - Using open Channel [id: 0x2a531625, L:/127.0.0.1:50400 - R:localhost/127.0.0.1:64968] for POST '/session/8456e87e64f90f3a7baa1c8bb75edd3c/element/582b2526-e0fc-4d7f-9453-9f5aafe8e6d2/click'
16:29:48.505 [AsyncHttpClient-1-6] DEBUG org.asynchttpclient.netty.handler.HttpHandler - 

Request DefaultHttpRequest(decodeResult: success, version: HTTP/1.1)
POST /session/8456e87e64f90f3a7baa1c8bb75edd3c/element/582b2526-e0fc-4d7f-9453-9f5aafe8e6d2/click HTTP/1.1
User-Agent: selenium/4.1.2 (java windows)
Content-Length: 50
Content-Type: application/json; charset=utf-8
host: localhost:64968
accept: */*

Response DefaultHttpResponse(decodeResult: success, version: HTTP/1.1)
HTTP/1.1 200 OK
Content-Type: application/json; charset=utf-8
cache-control: no-cache
content-length: 14

16:29:48.506 [AsyncHttpClient-1-6] DEBUG org.asynchttpclient.netty.channel.ChannelManager - Adding key: http://localhost:64968 for channel [id: 0x2a531625, L:/127.0.0.1:50400 - R:localhost/127.0.0.1:64968]
16:29:48.516 [Forwarding screenshot on session 8456e87e64f90f3a7baa1c8bb75edd3c to remote] DEBUG org.asynchttpclient.netty.request.NettyRequestSender - Using pooled Channel '[id: 0x2a531625, L:/127.0.0.1:50400 - R:localhost/127.0.0.1:64968]' for 'GET' to 'http://localhost:64968/session/8456e87e64f90f3a7baa1c8bb75edd3c/screenshot'
16:29:48.516 [Forwarding screenshot on session 8456e87e64f90f3a7baa1c8bb75edd3c to remote] DEBUG org.asynchttpclient.netty.request.NettyRequestSender - Using open Channel [id: 0x2a531625, L:/127.0.0.1:50400 - R:localhost/127.0.0.1:64968] for GET '/session/8456e87e64f90f3a7baa1c8bb75edd3c/screenshot'
16:29:48.640 [AsyncHttpClient-1-1] DEBUG org.asynchttpclient.netty.channel.DefaultChannelPool - Entry count for : http://localhost:50403 : 1
16:29:48.646 [AsyncHttpClient-1-6] DEBUG org.asynchttpclient.netty.handler.HttpHandler - 

Request DefaultFullHttpRequest(decodeResult: success, version: HTTP/1.1, content: EmptyByteBufBE)
GET /session/8456e87e64f90f3a7baa1c8bb75edd3c/screenshot HTTP/1.1
User-Agent: selenium/4.1.2 (java windows)
Cache-Control: no-cache
Content-Type: application/json; charset=utf-8
host: localhost:64968
accept: */*

Response DefaultHttpResponse(decodeResult: success, version: HTTP/1.1)
HTTP/1.1 200 OK
Content-Type: application/json; charset=utf-8
cache-control: no-cache
content-length: 94468

16:29:48.646 [AsyncHttpClient-1-6] DEBUG org.asynchttpclient.netty.channel.ChannelManager - Adding key: http://localhost:64968 for channel [id: 0x2a531625, L:/127.0.0.1:50400 - R:localhost/127.0.0.1:64968]
16:29:48.651 [main] DEBUG net.serenitybdd.core.photography.Darkroom - Send negative for processing for target\site\serenity\e09a899c99812f04e1a701536c0b43e979c17d70885cd8c9821ceb21f8e33098.png
16:29:48.652 [main] DEBUG net.thucydides.core.steps.StepInterceptor - STEP DONE: clickTheXIcon
  &amp#27;[32mAnd &amp#27;[0m&amp#27;[32mI click the x button&amp#27;[0m                               &amp#27;[90m# starter.stepdefinitions.AppointmentSteps.iClickTheXButton()&amp#27;[0m
16:29:48.667 [main] DEBUG net.thucydides.core.steps.StepInterceptor - STARTING STEP: AppointmentSteps.iExitEditAppointmentForm - exitEditAppointmentForm
16:29:48.669 [Forwarding findElement on session 8456e87e64f90f3a7baa1c8bb75edd3c to remote] DEBUG org.asynchttpclient.netty.request.NettyRequestSender - Using pooled Channel '[id: 0x2a531625, L:/127.0.0.1:50400 - R:localhost/127.0.0.1:64968]' for 'POST' to 'http://localhost:64968/session/8456e87e64f90f3a7baa1c8bb75edd3c/element'
16:29:48.669 [Forwarding findElement on session 8456e87e64f90f3a7baa1c8bb75edd3c to remote] DEBUG org.asynchttpclient.netty.request.NettyRequestSender - Using open Channel [id: 0x2a531625, L:/127.0.0.1:50400 - R:localhost/127.0.0.1:64968] for POST '/session/8456e87e64f90f3a7baa1c8bb75edd3c/element'
16:29:48.685 [AsyncHttpClient-1-6] DEBUG org.asynchttpclient.netty.handler.HttpHandler - 

Request DefaultHttpRequest(decodeResult: success, version: HTTP/1.1)
POST /session/8456e87e64f90f3a7baa1c8bb75edd3c/element HTTP/1.1
User-Agent: selenium/4.1.2 (java windows)
Content-Length: 83
Content-Type: application/json; charset=utf-8
host: localhost:64968
accept: */*

Response DefaultHttpResponse(decodeResult: success, version: HTTP/1.1)
HTTP/1.1 200 OK
Content-Type: application/json; charset=utf-8
cache-control: no-cache
content-length: 88

16:29:48.685 [AsyncHttpClient-1-6] DEBUG org.asynchttpclient.netty.channel.ChannelManager - Adding key: http://localhost:64968 for channel [id: 0x2a531625, L:/127.0.0.1:50400 - R:localhost/127.0.0.1:64968]
16:29:48.689 [Forwarding isElementDisplayed on session 8456e87e64f90f3a7baa1c8bb75edd3c to remote] DEBUG org.asynchttpclient.netty.request.NettyRequestSender - Using pooled Channel '[id: 0x2a531625, L:/127.0.0.1:50400 - R:localhost/127.0.0.1:64968]' for 'POST' to 'http://localhost:64968/session/8456e87e64f90f3a7baa1c8bb75edd3c/execute/sync'
16:29:48.689 [Forwarding isElementDisplayed on session 8456e87e64f90f3a7baa1c8bb75edd3c to remote] DEBUG org.asynchttpclient.netty.request.NettyRequestSender - Using open Channel [id: 0x2a531625, L:/127.0.0.1:50400 - R:localhost/127.0.0.1:64968] for POST '/session/8456e87e64f90f3a7baa1c8bb75edd3c/execute/sync'
16:29:48.707 [AsyncHttpClient-1-6] DEBUG org.asynchttpclient.netty.handler.HttpHandler - 

Request DefaultHttpRequest(decodeResult: success, version: HTTP/1.1)
POST /session/8456e87e64f90f3a7baa1c8bb75edd3c/execute/sync HTTP/1.1
User-Agent: selenium/4.1.2 (java windows)
Content-Length: 48780
Content-Type: application/json; charset=utf-8
host: localhost:64968
accept: */*

Response DefaultHttpResponse(decodeResult: success, version: HTTP/1.1)
HTTP/1.1 200 OK
Content-Type: application/json; charset=utf-8
cache-control: no-cache
content-length: 14

16:29:48.708 [AsyncHttpClient-1-6] DEBUG org.asynchttpclient.netty.channel.ChannelManager - Adding key: http://localhost:64968 for channel [id: 0x2a531625, L:/127.0.0.1:50400 - R:localhost/127.0.0.1:64968]
16:29:48.713 [Forwarding screenshot on session 8456e87e64f90f3a7baa1c8bb75edd3c to remote] DEBUG org.asynchttpclient.netty.request.NettyRequestSender - Using pooled Channel '[id: 0x2a531625, L:/127.0.0.1:50400 - R:localhost/127.0.0.1:64968]' for 'GET' to 'http://localhost:64968/session/8456e87e64f90f3a7baa1c8bb75edd3c/screenshot'
16:29:48.713 [Forwarding screenshot on session 8456e87e64f90f3a7baa1c8bb75edd3c to remote] DEBUG org.asynchttpclient.netty.request.NettyRequestSender - Using open Channel [id: 0x2a531625, L:/127.0.0.1:50400 - R:localhost/127.0.0.1:64968] for GET '/session/8456e87e64f90f3a7baa1c8bb75edd3c/screenshot'
16:29:48.802 [AsyncHttpClient-1-6] DEBUG org.asynchttpclient.netty.handler.HttpHandler - 

Request DefaultFullHttpRequest(decodeResult: success, version: HTTP/1.1, content: EmptyByteBufBE)
GET /session/8456e87e64f90f3a7baa1c8bb75edd3c/screenshot HTTP/1.1
User-Agent: selenium/4.1.2 (java windows)
Cache-Control: no-cache
Content-Type: application/json; charset=utf-8
host: localhost:64968
accept: */*

Response DefaultHttpResponse(decodeResult: success, version: HTTP/1.1)
HTTP/1.1 200 OK
Content-Type: application/json; charset=utf-8
cache-control: no-cache
content-length: 94468

16:29:48.803 [AsyncHttpClient-1-6] DEBUG org.asynchttpclient.netty.channel.ChannelManager - Adding key: http://localhost:64968 for channel [id: 0x2a531625, L:/127.0.0.1:50400 - R:localhost/127.0.0.1:64968]
16:29:48.808 [main] DEBUG net.serenitybdd.core.photography.Darkroom - Send negative for processing for target\site\serenity\e09a899c99812f04e1a701536c0b43e979c17d70885cd8c9821ceb21f8e33098.png
16:29:48.808 [main] DEBUG net.thucydides.core.steps.StepInterceptor - STEP DONE: exitEditAppointmentForm
  &amp#27;[32mThen &amp#27;[0m&amp#27;[32mI exit edit Appointment form&amp#27;[0m                      &amp#27;[90m# starter.stepdefinitions.AppointmentSteps.iExitEditAppointmentForm()&amp#27;[0m
16:29:48.813 [main] INFO  - 
  _____   ___   ___   _____     ___     _     ___   ___   ___   ___  
 |_   _| | __| / __| |_   _|   | _ \   /_\   / __| / __| | __| |   \ 
   | |   | _|  \__ \   | |     |  _/  / _ \  \__ \ \__ \ | _|  | |) |
   |_|   |___| |___/   |_|     |_|   /_/ \_\ |___/ |___/ |___| |___/ 

Cancel Edit Existing Appointment Data Scenario
----------------------------------------------------------------------
16:29:48.815 [AsyncHttpClient-1-8] DEBUG org.asynchttpclient.netty.handler.WebSocketHandler - Channel Closed: [id: 0x8a2956c7, L:/127.0.0.1:50410 ! R:localhost/127.0.0.1:50403] with attribute NettyResponseFuture{currentRetry=5,
	isDone=1,
	isCancelled=0,
	asyncHandler=org.asynchttpclient.ws.WebSocketUpgradeHandler@62627f05,
	nettyRequest=org.asynchttpclient.netty.request.NettyRequest@4403792,
	future=java.util.concurrent.CompletableFuture@1af754d3[Completed normally],
	uri=ws://localhost:50403/devtools/browser/d726bbfc-cf40-4db2-9c11-fa7b2c52c9cd,
	keepAlive=true,
	redirectCount=0,
	timeoutsHolder=null,
	inAuth=0,
	touch=1655717373341}
16:29:48.815 [AsyncHttpClient-1-8] DEBUG org.asynchttpclient.netty.channel.ChannelManager - Closing Channel [id: 0x8a2956c7, L:/127.0.0.1:50410 ! R:localhost/127.0.0.1:50403] 
16:29:48.830 [Driver Command Executor] DEBUG org.asynchttpclient.netty.request.NettyRequestSender - Using pooled Channel '[id: 0x2a531625, L:/127.0.0.1:50400 - R:localhost/127.0.0.1:64968]' for 'DELETE' to 'http://localhost:64968/session/8456e87e64f90f3a7baa1c8bb75edd3c'
16:29:48.830 [Driver Command Executor] DEBUG org.asynchttpclient.netty.request.NettyRequestSender - Using open Channel [id: 0x2a531625, L:/127.0.0.1:50400 - R:localhost/127.0.0.1:64968] for DELETE '/session/8456e87e64f90f3a7baa1c8bb75edd3c'
16:29:48.848 [AsyncHttpClient-1-7] DEBUG org.asynchttpclient.netty.handler.HttpHandler - Unexpected I/O exception on channel [id: 0x7361f256, L:/127.0.0.1:50409 - R:localhost/127.0.0.1:50403]
java.net.SocketException: Connection reset
	at java.base/sun.nio.ch.SocketChannelImpl.throwConnectionReset(SocketChannelImpl.java:367)
	at java.base/sun.nio.ch.SocketChannelImpl.read(SocketChannelImpl.java:398)
	at io.netty.buffer.PooledByteBuf.setBytes(PooledByteBuf.java:258)
	at io.netty.buffer.AbstractByteBuf.writeBytes(AbstractByteBuf.java:1132)
	at io.netty.channel.socket.nio.NioSocketChannel.doReadBytes(NioSocketChannel.java:350)
	at io.netty.channel.nio.AbstractNioByteChannel$NioByteUnsafe.read(AbstractNioByteChannel.java:151)
	at io.netty.channel.nio.NioEventLoop.processSelectedKey(NioEventLoop.java:722)
	at io.netty.channel.nio.NioEventLoop.processSelectedKeysOptimized(NioEventLoop.java:658)
	at io.netty.channel.nio.NioEventLoop.processSelectedKeys(NioEventLoop.java:584)
	at io.netty.channel.nio.NioEventLoop.run(NioEventLoop.java:496)
	at io.netty.util.concurrent.SingleThreadEventExecutor$4.run(SingleThreadEventExecutor.java:986)
	at io.netty.util.internal.ThreadExecutorMap$2.run(ThreadExecutorMap.java:74)
	at io.netty.util.concurrent.FastThreadLocalRunnable.run(FastThreadLocalRunnable.java:30)
	at java.base/java.lang.Thread.run(Thread.java:832)
16:29:48.848 [AsyncHttpClient-1-7] DEBUG org.asynchttpclient.netty.channel.ChannelManager - Closing Channel [id: 0x7361f256, L:/127.0.0.1:50409 - R:localhost/127.0.0.1:50403] 
16:29:48.848 [AsyncHttpClient-1-7] DEBUG org.asynchttpclient.netty.handler.HttpHandler - Channel Closed: [id: 0x7361f256, L:/127.0.0.1:50409 ! R:localhost/127.0.0.1:50403] with attribute DISCARD
16:29:48.862 [AsyncHttpClient-1-6] DEBUG org.asynchttpclient.netty.handler.HttpHandler - 

Request DefaultFullHttpRequest(decodeResult: success, version: HTTP/1.1, content: EmptyByteBufBE)
DELETE /session/8456e87e64f90f3a7baa1c8bb75edd3c HTTP/1.1
User-Agent: selenium/4.1.2 (java windows)
Content-Type: application/json; charset=utf-8
host: localhost:64968
accept: */*

Response DefaultHttpResponse(decodeResult: success, version: HTTP/1.1)
HTTP/1.1 200 OK
Content-Type: application/json; charset=utf-8
cache-control: no-cache
content-length: 14

16:29:48.862 [AsyncHttpClient-1-6] DEBUG org.asynchttpclient.netty.channel.ChannelManager - Adding key: http://localhost:64968 for channel [id: 0x2a531625, L:/127.0.0.1:50400 - R:localhost/127.0.0.1:64968]
16:29:49.169 [AsyncHttpClient-1-6] DEBUG org.asynchttpclient.netty.handler.HttpHandler - Channel Closed: [id: 0x2a531625, L:/127.0.0.1:50400 ! R:localhost/127.0.0.1:64968] with attribute DISCARD
]]></system-out>
    <system-err><![CDATA[Starting ChromeDriver 102.0.5005.61 (0e59bcc00cc4985ce39ad31c150065f159d95ad3-refs/branch-heads/5005@{#819}) on port 64968
Only local connections are allowed.
Please see https://chromedriver.chromium.org/security-considerations for suggestions on keeping ChromeDriver safe.
ChromeDriver was started successfully.
Jun 20, 2022 4:29:33 PM org.openqa.selenium.remote.ProtocolHandshake createSession
INFO: Detected dialect: W3C
Jun 20, 2022 4:29:33 PM org.openqa.selenium.devtools.CdpVersionFinder findNearestMatch
WARNING: Unable to find an exact match for CDP version 102, so returning the closest version found: a no-op implementation
Jun 20, 2022 4:29:33 PM org.openqa.selenium.devtools.CdpVersionFinder findNearestMatch
INFO: Unable to find CDP implementation matching 102.
Jun 20, 2022 4:29:33 PM org.openqa.selenium.chromium.ChromiumDriver lambda$new$3
WARNING: Unable to find version of CDP to use for . You may need to include a dependency on a specific version of the CDP using something similar to `org.seleniumhq.selenium:selenium-devtools-v86:4.1.2` where the version ("v86") matches the version of the chromium-based browser you're using and the version number of the artifact is the same as Selenium's.
]]></system-err>
  </testcase>
  <testcase name="Cancel Delete Appointment Data Scenario" classname="Appointment" time="23.652">
    <system-out><![CDATA[
@Appointment @CancelDeleteAppointment
Scenario: Cancel Delete Appointment Data Scenario &amp#27;[90m# src/test/resources/features/1.Appointment.feature:52&amp#27;[0m
16:29:49.714 [main] INFO io.cucumber.core.plugin.SerenityReporter - Running feature from file:///E:/My%20Documents/File%20Difa/TI%20Semester%206%20Kampus%20Merdeka%20Alterra/Tugas/CAPSTONE%20Project/Capstone-Project-Website/src/test/resources/features/1.Appointment.feature
16:29:49.717 [main] INFO  - 
  _____   ___   ___   _____     ___   _____     _     ___   _____   ___   ___  
 |_   _| | __| / __| |_   _|   / __| |_   _|   /_\   | _ \ |_   _| | __| |   \ 
   | |   | _|  \__ \   | |     \__ \   | |    / _ \  |   /   | |   | _|  | |) |
   |_|   |___| |___/   |_|     |___/   |_|   /_/ \_\ |_|_\   |_|   |___| |___/ 

Cancel Delete Appointment Data Scenario(appointment;cancel-delete-appointment-data-scenario)
--------------------------------------------------------------------------------
16:29:49.738 [AsyncHttpClient-1-1] DEBUG org.asynchttpclient.netty.channel.DefaultChannelPool - Entry count for : http://localhost:50403 : 1
16:29:49.738 [AsyncHttpClient-1-1] DEBUG org.asynchttpclient.netty.channel.DefaultChannelPool - Entry count for : http://localhost:64968 : 1
16:29:49.738 [AsyncHttpClient-1-1] DEBUG org.asynchttpclient.netty.channel.DefaultChannelPool - Adding Candidate expired Channel [id: 0x7361f256, L:/127.0.0.1:50409 ! R:localhost/127.0.0.1:50403] isIdleTimeoutExpired=false isRemotelyClosed=true isTtlExpired=false
16:29:49.738 [AsyncHttpClient-1-1] DEBUG org.asynchttpclient.netty.channel.DefaultChannelPool - Closing Idle Channel [id: 0x7361f256, L:/127.0.0.1:50409 ! R:localhost/127.0.0.1:50403]
16:29:49.738 [AsyncHttpClient-1-1] DEBUG org.asynchttpclient.netty.channel.DefaultChannelPool - Adding Candidate expired Channel [id: 0x2a531625, L:/127.0.0.1:50400 ! R:localhost/127.0.0.1:64968] isIdleTimeoutExpired=false isRemotelyClosed=true isTtlExpired=false
16:29:49.738 [AsyncHttpClient-1-1] DEBUG org.asynchttpclient.netty.channel.DefaultChannelPool - Closing Idle Channel [id: 0x2a531625, L:/127.0.0.1:50400 ! R:localhost/127.0.0.1:64968]
16:29:49.738 [AsyncHttpClient-1-1] DEBUG org.asynchttpclient.netty.channel.DefaultChannelPool - Closed 2 connections out of 2 in 0 ms
16:29:49.745 [main] DEBUG net.thucydides.core.steps.StepInterceptor - STARTING STEP: DashboardSteps.iAmOnTheDashboardPage - openUrl
16:29:49.747 [main] INFO net.serenitybdd.core.webdriver.driverproviders.ChromeDriverProvider - Using automatically driver download
16:29:50.171 [main] DEBUG io.github.bonigarcia.wdm.cache.ResolutionCache - Resolution chrome=102 in cache (valid until 16:47:55 20/06/2022 ICT)
16:29:50.175 [main] DEBUG io.github.bonigarcia.wdm.cache.ResolutionCache - Resolution chrome102=102.0.5005.61 in cache (valid until 09:12:44 21/06/2022 ICT)
16:29:50.177 [main] INFO io.github.bonigarcia.wdm.WebDriverManager - Using chromedriver 102.0.5005.61 (resolved driver for Chrome 102)
16:29:50.204 [main] DEBUG io.github.bonigarcia.wdm.WebDriverManager - Driver chromedriver 102.0.5005.61 found in cache
16:29:50.205 [main] INFO io.github.bonigarcia.wdm.WebDriverManager - Exporting webdriver.chrome.driver as C:\Users\USER\.cache\selenium\chromedriver\win32\102.0.5005.61\chromedriver.exe
16:29:50.350 [main] DEBUG net.serenitybdd.core.webdriver.driverproviders.ProvideNewDriver - Instantiating driver
16:29:50.350 [main] DEBUG net.serenitybdd.core.webdriver.driverproviders.ProvideNewDriver - Driver capabilities: Capabilities {acceptInsecureCerts: false, base.url: https://hospital-management..., browserName: chrome, chrome.driver: src/test/resources/webdrive..., driver: chrome, goog:chromeOptions: {args: [], extensions: []}}
16:29:51.984 [AsyncHttpClient-1-9] DEBUG org.asynchttpclient.netty.channel.NettyConnectListener - Using new Channel '[id: 0x4ddef1b0, L:/127.0.0.1:50448 - R:localhost/127.0.0.1:56042]' for 'POST' to '/session'
16:29:54.111 [AsyncHttpClient-1-9] DEBUG org.asynchttpclient.netty.handler.HttpHandler - 

Request DefaultHttpRequest(decodeResult: success, version: HTTP/1.1)
POST /session HTTP/1.1
User-Agent: selenium/4.1.2 (java windows)
Content-Length: 621
Content-Type: application/json; charset=utf-8
host: localhost:56042
accept: */*

Response DefaultHttpResponse(decodeResult: success, version: HTTP/1.1)
HTTP/1.1 200 OK
Content-Type: application/json; charset=utf-8
cache-control: no-cache
content-length: 788

16:29:54.111 [AsyncHttpClient-1-9] DEBUG org.asynchttpclient.netty.channel.ChannelManager - Adding key: http://localhost:56042 for channel [id: 0x4ddef1b0, L:/127.0.0.1:50448 - R:localhost/127.0.0.1:56042]
16:29:54.123 [AsyncHttpClient-1-2] DEBUG org.asynchttpclient.netty.channel.NettyConnectListener - Using new Channel '[id: 0xcc0d505c, L:/127.0.0.1:50456 - R:localhost/127.0.0.1:50450]' for 'GET' to '/json/version'
16:29:54.137 [AsyncHttpClient-1-1] DEBUG org.asynchttpclient.netty.channel.DefaultChannelPool - Entry count for : http://localhost:56042 : 1
16:29:54.193 [AsyncHttpClient-1-2] DEBUG org.asynchttpclient.netty.handler.HttpHandler - 

Request DefaultFullHttpRequest(decodeResult: success, version: HTTP/1.1, content: EmptyByteBufBE)
GET /json/version HTTP/1.1
User-Agent: selenium/4.1.2 (java windows)
host: localhost:50450
accept: */*

Response DefaultHttpResponse(decodeResult: success, version: HTTP/1.1)
HTTP/1.1 200 OK
Content-Type: application/json; charset=UTF-8
content-length: 427

16:29:54.193 [AsyncHttpClient-1-2] DEBUG org.asynchttpclient.netty.channel.ChannelManager - Adding key: http://localhost:50450 for channel [id: 0xcc0d505c, L:/127.0.0.1:50456 - R:localhost/127.0.0.1:50450]
16:29:54.196 [AsyncHttpClient-1-3] DEBUG org.asynchttpclient.netty.channel.NettyConnectListener - Using new Channel '[id: 0xd70fecb3, L:/127.0.0.1:50457 - R:localhost/127.0.0.1:50450]' for 'GET' to '/devtools/browser/72bb2a7a-99ac-4f87-acbd-ef1db272070a'
16:29:54.326 [AsyncHttpClient-1-3] DEBUG org.asynchttpclient.netty.handler.WebSocketHandler - 

Request DefaultFullHttpRequest(decodeResult: success, version: HTTP/1.1, content: EmptyByteBufBE)
GET /devtools/browser/72bb2a7a-99ac-4f87-acbd-ef1db272070a HTTP/1.1
upgrade: websocket
connection: upgrade
sec-websocket-key: YsTcfG/DvgqZbmx1Y6nZyg==
sec-websocket-version: 13
origin: http://localhost:50450
host: localhost:50450
accept: */*
user-agent: AHC/2.1

Response DefaultHttpResponse(decodeResult: success, version: HTTP/1.1)
HTTP/1.1 101 WebSocket Protocol Handshake
Upgrade: WebSocket
Connection: Upgrade
Sec-WebSocket-Accept: PFS/uw0xzvAp0xh8nBO/RodWCyA=

16:29:54.361 [Forwarding maximizeCurrentWindow on session 7d03e7edb88031417b4a1ab7d0e39100 to remote] DEBUG org.asynchttpclient.netty.request.NettyRequestSender - Using pooled Channel '[id: 0x4ddef1b0, L:/127.0.0.1:50448 - R:localhost/127.0.0.1:56042]' for 'POST' to 'http://localhost:56042/session/7d03e7edb88031417b4a1ab7d0e39100/window/maximize'
16:29:54.362 [Forwarding maximizeCurrentWindow on session 7d03e7edb88031417b4a1ab7d0e39100 to remote] DEBUG org.asynchttpclient.netty.request.NettyRequestSender - Using open Channel [id: 0x4ddef1b0, L:/127.0.0.1:50448 - R:localhost/127.0.0.1:56042] for POST '/session/7d03e7edb88031417b4a1ab7d0e39100/window/maximize'
16:29:54.482 [AsyncHttpClient-1-9] DEBUG org.asynchttpclient.netty.handler.HttpHandler - 

Request DefaultHttpRequest(decodeResult: success, version: HTTP/1.1)
POST /session/7d03e7edb88031417b4a1ab7d0e39100/window/maximize HTTP/1.1
User-Agent: selenium/4.1.2 (java windows)
Content-Length: 3
Content-Type: application/json; charset=utf-8
host: localhost:56042
accept: */*

Response DefaultHttpResponse(decodeResult: success, version: HTTP/1.1)
HTTP/1.1 200 OK
Content-Type: application/json; charset=utf-8
cache-control: no-cache
content-length: 51

16:29:54.482 [AsyncHttpClient-1-9] DEBUG org.asynchttpclient.netty.channel.ChannelManager - Adding key: http://localhost:56042 for channel [id: 0x4ddef1b0, L:/127.0.0.1:50448 - R:localhost/127.0.0.1:56042]
16:29:54.484 [Forwarding get on session 7d03e7edb88031417b4a1ab7d0e39100 to remote] DEBUG org.asynchttpclient.netty.request.NettyRequestSender - Using pooled Channel '[id: 0x4ddef1b0, L:/127.0.0.1:50448 - R:localhost/127.0.0.1:56042]' for 'POST' to 'http://localhost:56042/session/7d03e7edb88031417b4a1ab7d0e39100/url'
16:29:54.484 [Forwarding get on session 7d03e7edb88031417b4a1ab7d0e39100 to remote] DEBUG org.asynchttpclient.netty.request.NettyRequestSender - Using open Channel [id: 0x4ddef1b0, L:/127.0.0.1:50448 - R:localhost/127.0.0.1:56042] for POST '/session/7d03e7edb88031417b4a1ab7d0e39100/url'
16:29:55.238 [AsyncHttpClient-1-1] DEBUG org.asynchttpclient.netty.channel.DefaultChannelPool - Entry count for : http://localhost:50450 : 1
16:29:56.338 [AsyncHttpClient-1-1] DEBUG org.asynchttpclient.netty.channel.DefaultChannelPool - Entry count for : http://localhost:50450 : 1
16:29:57.438 [AsyncHttpClient-1-1] DEBUG org.asynchttpclient.netty.channel.DefaultChannelPool - Entry count for : http://localhost:50450 : 1
16:29:58.537 [AsyncHttpClient-1-1] DEBUG org.asynchttpclient.netty.channel.DefaultChannelPool - Entry count for : http://localhost:50450 : 1
16:29:59.588 [AsyncHttpClient-1-9] DEBUG org.asynchttpclient.netty.handler.HttpHandler - 

Request DefaultHttpRequest(decodeResult: success, version: HTTP/1.1)
POST /session/7d03e7edb88031417b4a1ab7d0e39100/url HTTP/1.1
User-Agent: selenium/4.1.2 (java windows)
Content-Length: 65
Content-Type: application/json; charset=utf-8
host: localhost:56042
accept: */*

Response DefaultHttpResponse(decodeResult: success, version: HTTP/1.1)
HTTP/1.1 200 OK
Content-Type: application/json; charset=utf-8
cache-control: no-cache
content-length: 14

16:29:59.588 [AsyncHttpClient-1-9] DEBUG org.asynchttpclient.netty.channel.ChannelManager - Adding key: http://localhost:56042 for channel [id: 0x4ddef1b0, L:/127.0.0.1:50448 - R:localhost/127.0.0.1:56042]
16:29:59.591 [Forwarding setTimeout on session 7d03e7edb88031417b4a1ab7d0e39100 to remote] DEBUG org.asynchttpclient.netty.request.NettyRequestSender - Using pooled Channel '[id: 0x4ddef1b0, L:/127.0.0.1:50448 - R:localhost/127.0.0.1:56042]' for 'POST' to 'http://localhost:56042/session/7d03e7edb88031417b4a1ab7d0e39100/timeouts'
16:29:59.591 [Forwarding setTimeout on session 7d03e7edb88031417b4a1ab7d0e39100 to remote] DEBUG org.asynchttpclient.netty.request.NettyRequestSender - Using open Channel [id: 0x4ddef1b0, L:/127.0.0.1:50448 - R:localhost/127.0.0.1:56042] for POST '/session/7d03e7edb88031417b4a1ab7d0e39100/timeouts'
16:29:59.595 [AsyncHttpClient-1-9] DEBUG org.asynchttpclient.netty.handler.HttpHandler - 

Request DefaultHttpRequest(decodeResult: success, version: HTTP/1.1)
POST /session/7d03e7edb88031417b4a1ab7d0e39100/timeouts HTTP/1.1
User-Agent: selenium/4.1.2 (java windows)
Content-Length: 22
Content-Type: application/json; charset=utf-8
host: localhost:56042
accept: */*

Response DefaultHttpResponse(decodeResult: success, version: HTTP/1.1)
HTTP/1.1 200 OK
Content-Type: application/json; charset=utf-8
cache-control: no-cache
content-length: 14

16:29:59.596 [AsyncHttpClient-1-9] DEBUG org.asynchttpclient.netty.channel.ChannelManager - Adding key: http://localhost:56042 for channel [id: 0x4ddef1b0, L:/127.0.0.1:50448 - R:localhost/127.0.0.1:56042]
16:29:59.603 [Forwarding getCurrentUrl on session 7d03e7edb88031417b4a1ab7d0e39100 to remote] DEBUG org.asynchttpclient.netty.request.NettyRequestSender - Using pooled Channel '[id: 0x4ddef1b0, L:/127.0.0.1:50448 - R:localhost/127.0.0.1:56042]' for 'GET' to 'http://localhost:56042/session/7d03e7edb88031417b4a1ab7d0e39100/url'
16:29:59.603 [Forwarding getCurrentUrl on session 7d03e7edb88031417b4a1ab7d0e39100 to remote] DEBUG org.asynchttpclient.netty.request.NettyRequestSender - Using open Channel [id: 0x4ddef1b0, L:/127.0.0.1:50448 - R:localhost/127.0.0.1:56042] for GET '/session/7d03e7edb88031417b4a1ab7d0e39100/url'
16:29:59.637 [AsyncHttpClient-1-1] DEBUG org.asynchttpclient.netty.channel.DefaultChannelPool - Entry count for : http://localhost:50450 : 1
16:29:59.651 [AsyncHttpClient-1-9] DEBUG org.asynchttpclient.netty.handler.HttpHandler - 

Request DefaultFullHttpRequest(decodeResult: success, version: HTTP/1.1, content: EmptyByteBufBE)
GET /session/7d03e7edb88031417b4a1ab7d0e39100/url HTTP/1.1
User-Agent: selenium/4.1.2 (java windows)
Cache-Control: no-cache
Content-Type: application/json; charset=utf-8
host: localhost:56042
accept: */*

Response DefaultHttpResponse(decodeResult: success, version: HTTP/1.1)
HTTP/1.1 200 OK
Content-Type: application/json; charset=utf-8
cache-control: no-cache
content-length: 53

16:29:59.652 [AsyncHttpClient-1-9] DEBUG org.asynchttpclient.netty.channel.ChannelManager - Adding key: http://localhost:56042 for channel [id: 0x4ddef1b0, L:/127.0.0.1:50448 - R:localhost/127.0.0.1:56042]
16:29:59.655 [Forwarding getCurrentUrl on session 7d03e7edb88031417b4a1ab7d0e39100 to remote] DEBUG org.asynchttpclient.netty.request.NettyRequestSender - Using pooled Channel '[id: 0x4ddef1b0, L:/127.0.0.1:50448 - R:localhost/127.0.0.1:56042]' for 'GET' to 'http://localhost:56042/session/7d03e7edb88031417b4a1ab7d0e39100/url'
16:29:59.655 [Forwarding getCurrentUrl on session 7d03e7edb88031417b4a1ab7d0e39100 to remote] DEBUG org.asynchttpclient.netty.request.NettyRequestSender - Using open Channel [id: 0x4ddef1b0, L:/127.0.0.1:50448 - R:localhost/127.0.0.1:56042] for GET '/session/7d03e7edb88031417b4a1ab7d0e39100/url'
16:29:59.660 [AsyncHttpClient-1-9] DEBUG org.asynchttpclient.netty.handler.HttpHandler - 

Request DefaultFullHttpRequest(decodeResult: success, version: HTTP/1.1, content: EmptyByteBufBE)
GET /session/7d03e7edb88031417b4a1ab7d0e39100/url HTTP/1.1
User-Agent: selenium/4.1.2 (java windows)
Cache-Control: no-cache
Content-Type: application/json; charset=utf-8
host: localhost:56042
accept: */*

Response DefaultHttpResponse(decodeResult: success, version: HTTP/1.1)
HTTP/1.1 200 OK
Content-Type: application/json; charset=utf-8
cache-control: no-cache
content-length: 53

16:29:59.661 [AsyncHttpClient-1-9] DEBUG org.asynchttpclient.netty.channel.ChannelManager - Adding key: http://localhost:56042 for channel [id: 0x4ddef1b0, L:/127.0.0.1:50448 - R:localhost/127.0.0.1:56042]
16:29:59.673 [Forwarding screenshot on session 7d03e7edb88031417b4a1ab7d0e39100 to remote] DEBUG org.asynchttpclient.netty.request.NettyRequestSender - Using pooled Channel '[id: 0x4ddef1b0, L:/127.0.0.1:50448 - R:localhost/127.0.0.1:56042]' for 'GET' to 'http://localhost:56042/session/7d03e7edb88031417b4a1ab7d0e39100/screenshot'
16:29:59.673 [Forwarding screenshot on session 7d03e7edb88031417b4a1ab7d0e39100 to remote] DEBUG org.asynchttpclient.netty.request.NettyRequestSender - Using open Channel [id: 0x4ddef1b0, L:/127.0.0.1:50448 - R:localhost/127.0.0.1:56042] for GET '/session/7d03e7edb88031417b4a1ab7d0e39100/screenshot'
16:29:59.887 [AsyncHttpClient-1-9] DEBUG org.asynchttpclient.netty.handler.HttpHandler - 

Request DefaultFullHttpRequest(decodeResult: success, version: HTTP/1.1, content: EmptyByteBufBE)
GET /session/7d03e7edb88031417b4a1ab7d0e39100/screenshot HTTP/1.1
User-Agent: selenium/4.1.2 (java windows)
Cache-Control: no-cache
Content-Type: application/json; charset=utf-8
host: localhost:56042
accept: */*

Response DefaultHttpResponse(decodeResult: success, version: HTTP/1.1)
HTTP/1.1 200 OK
Content-Type: application/json; charset=utf-8
cache-control: no-cache
content-length: 111060

16:29:59.889 [AsyncHttpClient-1-9] DEBUG org.asynchttpclient.netty.channel.ChannelManager - Adding key: http://localhost:56042 for channel [id: 0x4ddef1b0, L:/127.0.0.1:50448 - R:localhost/127.0.0.1:56042]
16:29:59.897 [main] DEBUG net.serenitybdd.core.photography.Darkroom - Send negative for processing for target\site\serenity\228c4755822203dc817ff0c94f98f9d2ce2574e5da9e238e81c6dfd914bbab08.png
16:29:59.897 [main] DEBUG net.thucydides.core.steps.StepInterceptor - STEP DONE: openUrl
16:29:59.898 [Darkroom Processing Line] DEBUG net.serenitybdd.core.photography.DarkroomProcessingLine - Processing screenshot image in /var/screenshots/screenshot-13079677886075644549
16:29:59.898 [Darkroom Processing Line] DEBUG net.serenitybdd.core.photography.DarkroomProcessingLine - Saving screenshot to target\site\serenity\228c4755822203dc817ff0c94f98f9d2ce2574e5da9e238e81c6dfd914bbab08.png
16:29:59.909 [main] DEBUG net.thucydides.core.steps.StepInterceptor - STARTING STEP: DashboardSteps.iAmOnTheDashboardPage - validateOnDashboardPage
16:29:59.911 [Forwarding findElement on session 7d03e7edb88031417b4a1ab7d0e39100 to remote] DEBUG org.asynchttpclient.netty.request.NettyRequestSender - Using pooled Channel '[id: 0x4ddef1b0, L:/127.0.0.1:50448 - R:localhost/127.0.0.1:56042]' for 'POST' to 'http://localhost:56042/session/7d03e7edb88031417b4a1ab7d0e39100/element'
16:29:59.911 [Forwarding findElement on session 7d03e7edb88031417b4a1ab7d0e39100 to remote] DEBUG org.asynchttpclient.netty.request.NettyRequestSender - Using open Channel [id: 0x4ddef1b0, L:/127.0.0.1:50448 - R:localhost/127.0.0.1:56042] for POST '/session/7d03e7edb88031417b4a1ab7d0e39100/element'
16:29:59.932 [AsyncHttpClient-1-9] DEBUG org.asynchttpclient.netty.handler.HttpHandler - 

Request DefaultHttpRequest(decodeResult: success, version: HTTP/1.1)
POST /session/7d03e7edb88031417b4a1ab7d0e39100/element HTTP/1.1
User-Agent: selenium/4.1.2 (java windows)
Content-Length: 81
Content-Type: application/json; charset=utf-8
host: localhost:56042
accept: */*

Response DefaultHttpResponse(decodeResult: success, version: HTTP/1.1)
HTTP/1.1 200 OK
Content-Type: application/json; charset=utf-8
cache-control: no-cache
content-length: 88

16:29:59.932 [AsyncHttpClient-1-9] DEBUG org.asynchttpclient.netty.channel.ChannelManager - Adding key: http://localhost:56042 for channel [id: 0x4ddef1b0, L:/127.0.0.1:50448 - R:localhost/127.0.0.1:56042]
16:29:59.937 [Forwarding isElementDisplayed on session 7d03e7edb88031417b4a1ab7d0e39100 to remote] DEBUG org.asynchttpclient.netty.request.NettyRequestSender - Using pooled Channel '[id: 0x4ddef1b0, L:/127.0.0.1:50448 - R:localhost/127.0.0.1:56042]' for 'POST' to 'http://localhost:56042/session/7d03e7edb88031417b4a1ab7d0e39100/execute/sync'
16:29:59.937 [Forwarding isElementDisplayed on session 7d03e7edb88031417b4a1ab7d0e39100 to remote] DEBUG org.asynchttpclient.netty.request.NettyRequestSender - Using open Channel [id: 0x4ddef1b0, L:/127.0.0.1:50448 - R:localhost/127.0.0.1:56042] for POST '/session/7d03e7edb88031417b4a1ab7d0e39100/execute/sync'
16:29:59.957 [AsyncHttpClient-1-9] DEBUG org.asynchttpclient.netty.handler.HttpHandler - 

Request DefaultHttpRequest(decodeResult: success, version: HTTP/1.1)
POST /session/7d03e7edb88031417b4a1ab7d0e39100/execute/sync HTTP/1.1
User-Agent: selenium/4.1.2 (java windows)
Content-Length: 48780
Content-Type: application/json; charset=utf-8
host: localhost:56042
accept: */*

Response DefaultHttpResponse(decodeResult: success, version: HTTP/1.1)
HTTP/1.1 200 OK
Content-Type: application/json; charset=utf-8
cache-control: no-cache
content-length: 14

16:29:59.957 [AsyncHttpClient-1-9] DEBUG org.asynchttpclient.netty.channel.ChannelManager - Adding key: http://localhost:56042 for channel [id: 0x4ddef1b0, L:/127.0.0.1:50448 - R:localhost/127.0.0.1:56042]
16:29:59.968 [Forwarding screenshot on session 7d03e7edb88031417b4a1ab7d0e39100 to remote] DEBUG org.asynchttpclient.netty.request.NettyRequestSender - Using pooled Channel '[id: 0x4ddef1b0, L:/127.0.0.1:50448 - R:localhost/127.0.0.1:56042]' for 'GET' to 'http://localhost:56042/session/7d03e7edb88031417b4a1ab7d0e39100/screenshot'
16:29:59.968 [Forwarding screenshot on session 7d03e7edb88031417b4a1ab7d0e39100 to remote] DEBUG org.asynchttpclient.netty.request.NettyRequestSender - Using open Channel [id: 0x4ddef1b0, L:/127.0.0.1:50448 - R:localhost/127.0.0.1:56042] for GET '/session/7d03e7edb88031417b4a1ab7d0e39100/screenshot'
16:30:00.152 [AsyncHttpClient-1-9] DEBUG org.asynchttpclient.netty.handler.HttpHandler - 

Request DefaultFullHttpRequest(decodeResult: success, version: HTTP/1.1, content: EmptyByteBufBE)
GET /session/7d03e7edb88031417b4a1ab7d0e39100/screenshot HTTP/1.1
User-Agent: selenium/4.1.2 (java windows)
Cache-Control: no-cache
Content-Type: application/json; charset=utf-8
host: localhost:56042
accept: */*

Response DefaultHttpResponse(decodeResult: success, version: HTTP/1.1)
HTTP/1.1 200 OK
Content-Type: application/json; charset=utf-8
cache-control: no-cache
content-length: 111060

16:30:00.153 [AsyncHttpClient-1-9] DEBUG org.asynchttpclient.netty.channel.ChannelManager - Adding key: http://localhost:56042 for channel [id: 0x4ddef1b0, L:/127.0.0.1:50448 - R:localhost/127.0.0.1:56042]
16:30:00.159 [main] DEBUG net.serenitybdd.core.photography.Darkroom - Send negative for processing for target\site\serenity\228c4755822203dc817ff0c94f98f9d2ce2574e5da9e238e81c6dfd914bbab08.png
16:30:00.159 [main] DEBUG net.thucydides.core.steps.StepInterceptor - STEP DONE: validateOnDashboardPage
  &amp#27;[32mGiven &amp#27;[0m&amp#27;[32mI am on the dashboard page&amp#27;[0m                &amp#27;[90m# starter.stepdefinitions.DashboardSteps.iAmOnTheDashboardPage()&amp#27;[0m
16:30:00.246 [Forwarding screenshot on session 7d03e7edb88031417b4a1ab7d0e39100 to remote] DEBUG org.asynchttpclient.netty.request.NettyRequestSender - Using pooled Channel '[id: 0x4ddef1b0, L:/127.0.0.1:50448 - R:localhost/127.0.0.1:56042]' for 'GET' to 'http://localhost:56042/session/7d03e7edb88031417b4a1ab7d0e39100/screenshot'
16:30:00.246 [Forwarding screenshot on session 7d03e7edb88031417b4a1ab7d0e39100 to remote] DEBUG org.asynchttpclient.netty.request.NettyRequestSender - Using open Channel [id: 0x4ddef1b0, L:/127.0.0.1:50448 - R:localhost/127.0.0.1:56042] for GET '/session/7d03e7edb88031417b4a1ab7d0e39100/screenshot'
16:30:00.740 [AsyncHttpClient-1-1] DEBUG org.asynchttpclient.netty.channel.DefaultChannelPool - Entry count for : http://localhost:50450 : 1
16:30:01.838 [AsyncHttpClient-1-1] DEBUG org.asynchttpclient.netty.channel.DefaultChannelPool - Entry count for : http://localhost:50450 : 1
16:30:02.938 [AsyncHttpClient-1-1] DEBUG org.asynchttpclient.netty.channel.DefaultChannelPool - Entry count for : http://localhost:50450 : 1
16:30:04.037 [AsyncHttpClient-1-1] DEBUG org.asynchttpclient.netty.channel.DefaultChannelPool - Entry count for : http://localhost:50450 : 1
16:30:05.137 [AsyncHttpClient-1-1] DEBUG org.asynchttpclient.netty.channel.DefaultChannelPool - Entry count for : http://localhost:50450 : 1
16:30:06.238 [AsyncHttpClient-1-1] DEBUG org.asynchttpclient.netty.channel.DefaultChannelPool - Entry count for : http://localhost:50450 : 1
16:30:07.338 [AsyncHttpClient-1-1] DEBUG org.asynchttpclient.netty.channel.DefaultChannelPool - Entry count for : http://localhost:50450 : 1
16:30:08.438 [AsyncHttpClient-1-1] DEBUG org.asynchttpclient.netty.channel.DefaultChannelPool - Entry count for : http://localhost:50450 : 1
16:30:09.538 [AsyncHttpClient-1-1] DEBUG org.asynchttpclient.netty.channel.DefaultChannelPool - Entry count for : http://localhost:50450 : 1
16:30:10.472 [AsyncHttpClient-1-9] DEBUG org.asynchttpclient.netty.handler.HttpHandler - 

Request DefaultFullHttpRequest(decodeResult: success, version: HTTP/1.1, content: EmptyByteBufBE)
GET /session/7d03e7edb88031417b4a1ab7d0e39100/screenshot HTTP/1.1
User-Agent: selenium/4.1.2 (java windows)
Cache-Control: no-cache
Content-Type: application/json; charset=utf-8
host: localhost:56042
accept: */*

Response DefaultHttpResponse(decodeResult: success, version: HTTP/1.1)
HTTP/1.1 200 OK
Content-Type: application/json; charset=utf-8
cache-control: no-cache
content-length: 111060

16:30:10.473 [AsyncHttpClient-1-9] DEBUG org.asynchttpclient.netty.channel.ChannelManager - Adding key: http://localhost:56042 for channel [id: 0x4ddef1b0, L:/127.0.0.1:50448 - R:localhost/127.0.0.1:56042]
16:30:10.481 [main] DEBUG net.serenitybdd.core.photography.Darkroom - Send negative for processing for target\site\serenity\228c4755822203dc817ff0c94f98f9d2ce2574e5da9e238e81c6dfd914bbab08.png
16:30:10.481 [main] DEBUG net.thucydides.core.steps.StepInterceptor - STARTING STEP: AppointmentSteps.iClickMenuAppointment - clickMenuAppointmentButton
16:30:10.485 [Forwarding findElement on session 7d03e7edb88031417b4a1ab7d0e39100 to remote] DEBUG org.asynchttpclient.netty.request.NettyRequestSender - Using pooled Channel '[id: 0x4ddef1b0, L:/127.0.0.1:50448 - R:localhost/127.0.0.1:56042]' for 'POST' to 'http://localhost:56042/session/7d03e7edb88031417b4a1ab7d0e39100/element'
16:30:10.485 [Forwarding findElement on session 7d03e7edb88031417b4a1ab7d0e39100 to remote] DEBUG org.asynchttpclient.netty.request.NettyRequestSender - Using open Channel [id: 0x4ddef1b0, L:/127.0.0.1:50448 - R:localhost/127.0.0.1:56042] for POST '/session/7d03e7edb88031417b4a1ab7d0e39100/element'
16:30:10.609 [AsyncHttpClient-1-9] DEBUG org.asynchttpclient.netty.handler.HttpHandler - 

Request DefaultHttpRequest(decodeResult: success, version: HTTP/1.1)
POST /session/7d03e7edb88031417b4a1ab7d0e39100/element HTTP/1.1
User-Agent: selenium/4.1.2 (java windows)
Content-Length: 84
Content-Type: application/json; charset=utf-8
host: localhost:56042
accept: */*

Response DefaultHttpResponse(decodeResult: success, version: HTTP/1.1)
HTTP/1.1 200 OK
Content-Type: application/json; charset=utf-8
cache-control: no-cache
content-length: 88

16:30:10.609 [AsyncHttpClient-1-9] DEBUG org.asynchttpclient.netty.channel.ChannelManager - Adding key: http://localhost:56042 for channel [id: 0x4ddef1b0, L:/127.0.0.1:50448 - R:localhost/127.0.0.1:56042]
16:30:10.611 [Forwarding getElementTagName on session 7d03e7edb88031417b4a1ab7d0e39100 to remote] DEBUG org.asynchttpclient.netty.request.NettyRequestSender - Using pooled Channel '[id: 0x4ddef1b0, L:/127.0.0.1:50448 - R:localhost/127.0.0.1:56042]' for 'GET' to 'http://localhost:56042/session/7d03e7edb88031417b4a1ab7d0e39100/element/6ffc7a9d-5f18-4323-b562-640b5f291c3a/name'
16:30:10.611 [Forwarding getElementTagName on session 7d03e7edb88031417b4a1ab7d0e39100 to remote] DEBUG org.asynchttpclient.netty.request.NettyRequestSender - Using open Channel [id: 0x4ddef1b0, L:/127.0.0.1:50448 - R:localhost/127.0.0.1:56042] for GET '/session/7d03e7edb88031417b4a1ab7d0e39100/element/6ffc7a9d-5f18-4323-b562-640b5f291c3a/name'
16:30:10.617 [AsyncHttpClient-1-9] DEBUG org.asynchttpclient.netty.handler.HttpHandler - 

Request DefaultFullHttpRequest(decodeResult: success, version: HTTP/1.1, content: EmptyByteBufBE)
GET /session/7d03e7edb88031417b4a1ab7d0e39100/element/6ffc7a9d-5f18-4323-b562-640b5f291c3a/name HTTP/1.1
User-Agent: selenium/4.1.2 (java windows)
Cache-Control: no-cache
Content-Type: application/json; charset=utf-8
host: localhost:56042
accept: */*

Response DefaultHttpResponse(decodeResult: success, version: HTTP/1.1)
HTTP/1.1 200 OK
Content-Type: application/json; charset=utf-8
cache-control: no-cache
content-length: 15

16:30:10.617 [AsyncHttpClient-1-9] DEBUG org.asynchttpclient.netty.channel.ChannelManager - Adding key: http://localhost:56042 for channel [id: 0x4ddef1b0, L:/127.0.0.1:50448 - R:localhost/127.0.0.1:56042]
16:30:10.619 [Forwarding getElementTagName on session 7d03e7edb88031417b4a1ab7d0e39100 to remote] DEBUG org.asynchttpclient.netty.request.NettyRequestSender - Using pooled Channel '[id: 0x4ddef1b0, L:/127.0.0.1:50448 - R:localhost/127.0.0.1:56042]' for 'GET' to 'http://localhost:56042/session/7d03e7edb88031417b4a1ab7d0e39100/element/6ffc7a9d-5f18-4323-b562-640b5f291c3a/name'
16:30:10.619 [Forwarding getElementTagName on session 7d03e7edb88031417b4a1ab7d0e39100 to remote] DEBUG org.asynchttpclient.netty.request.NettyRequestSender - Using open Channel [id: 0x4ddef1b0, L:/127.0.0.1:50448 - R:localhost/127.0.0.1:56042] for GET '/session/7d03e7edb88031417b4a1ab7d0e39100/element/6ffc7a9d-5f18-4323-b562-640b5f291c3a/name'
16:30:10.622 [AsyncHttpClient-1-9] DEBUG org.asynchttpclient.netty.handler.HttpHandler - 

Request DefaultFullHttpRequest(decodeResult: success, version: HTTP/1.1, content: EmptyByteBufBE)
GET /session/7d03e7edb88031417b4a1ab7d0e39100/element/6ffc7a9d-5f18-4323-b562-640b5f291c3a/name HTTP/1.1
User-Agent: selenium/4.1.2 (java windows)
Cache-Control: no-cache
Content-Type: application/json; charset=utf-8
host: localhost:56042
accept: */*

Response DefaultHttpResponse(decodeResult: success, version: HTTP/1.1)
HTTP/1.1 200 OK
Content-Type: application/json; charset=utf-8
cache-control: no-cache
content-length: 15

16:30:10.623 [AsyncHttpClient-1-9] DEBUG org.asynchttpclient.netty.channel.ChannelManager - Adding key: http://localhost:56042 for channel [id: 0x4ddef1b0, L:/127.0.0.1:50448 - R:localhost/127.0.0.1:56042]
16:30:10.626 [Forwarding findElement on session 7d03e7edb88031417b4a1ab7d0e39100 to remote] DEBUG org.asynchttpclient.netty.request.NettyRequestSender - Using pooled Channel '[id: 0x4ddef1b0, L:/127.0.0.1:50448 - R:localhost/127.0.0.1:56042]' for 'POST' to 'http://localhost:56042/session/7d03e7edb88031417b4a1ab7d0e39100/element'
16:30:10.626 [Forwarding findElement on session 7d03e7edb88031417b4a1ab7d0e39100 to remote] DEBUG org.asynchttpclient.netty.request.NettyRequestSender - Using open Channel [id: 0x4ddef1b0, L:/127.0.0.1:50448 - R:localhost/127.0.0.1:56042] for POST '/session/7d03e7edb88031417b4a1ab7d0e39100/element'
16:30:10.634 [AsyncHttpClient-1-9] DEBUG org.asynchttpclient.netty.handler.HttpHandler - 

Request DefaultHttpRequest(decodeResult: success, version: HTTP/1.1)
POST /session/7d03e7edb88031417b4a1ab7d0e39100/element HTTP/1.1
User-Agent: selenium/4.1.2 (java windows)
Content-Length: 84
Content-Type: application/json; charset=utf-8
host: localhost:56042
accept: */*

Response DefaultHttpResponse(decodeResult: success, version: HTTP/1.1)
HTTP/1.1 200 OK
Content-Type: application/json; charset=utf-8
cache-control: no-cache
content-length: 88

16:30:10.635 [AsyncHttpClient-1-9] DEBUG org.asynchttpclient.netty.channel.ChannelManager - Adding key: http://localhost:56042 for channel [id: 0x4ddef1b0, L:/127.0.0.1:50448 - R:localhost/127.0.0.1:56042]
16:30:10.636 [Forwarding clickElement on session 7d03e7edb88031417b4a1ab7d0e39100 to remote] DEBUG org.asynchttpclient.netty.request.NettyRequestSender - Using pooled Channel '[id: 0x4ddef1b0, L:/127.0.0.1:50448 - R:localhost/127.0.0.1:56042]' for 'POST' to 'http://localhost:56042/session/7d03e7edb88031417b4a1ab7d0e39100/element/6ffc7a9d-5f18-4323-b562-640b5f291c3a/click'
16:30:10.636 [Forwarding clickElement on session 7d03e7edb88031417b4a1ab7d0e39100 to remote] DEBUG org.asynchttpclient.netty.request.NettyRequestSender - Using open Channel [id: 0x4ddef1b0, L:/127.0.0.1:50448 - R:localhost/127.0.0.1:56042] for POST '/session/7d03e7edb88031417b4a1ab7d0e39100/element/6ffc7a9d-5f18-4323-b562-640b5f291c3a/click'
16:30:10.638 [AsyncHttpClient-1-1] DEBUG org.asynchttpclient.netty.channel.DefaultChannelPool - Entry count for : http://localhost:50450 : 1
16:30:10.944 [AsyncHttpClient-1-9] DEBUG org.asynchttpclient.netty.handler.HttpHandler - 

Request DefaultHttpRequest(decodeResult: success, version: HTTP/1.1)
POST /session/7d03e7edb88031417b4a1ab7d0e39100/element/6ffc7a9d-5f18-4323-b562-640b5f291c3a/click HTTP/1.1
User-Agent: selenium/4.1.2 (java windows)
Content-Length: 50
Content-Type: application/json; charset=utf-8
host: localhost:56042
accept: */*

Response DefaultHttpResponse(decodeResult: success, version: HTTP/1.1)
HTTP/1.1 200 OK
Content-Type: application/json; charset=utf-8
cache-control: no-cache
content-length: 14

16:30:10.944 [AsyncHttpClient-1-9] DEBUG org.asynchttpclient.netty.channel.ChannelManager - Adding key: http://localhost:56042 for channel [id: 0x4ddef1b0, L:/127.0.0.1:50448 - R:localhost/127.0.0.1:56042]
16:30:10.957 [Forwarding screenshot on session 7d03e7edb88031417b4a1ab7d0e39100 to remote] DEBUG org.asynchttpclient.netty.request.NettyRequestSender - Using pooled Channel '[id: 0x4ddef1b0, L:/127.0.0.1:50448 - R:localhost/127.0.0.1:56042]' for 'GET' to 'http://localhost:56042/session/7d03e7edb88031417b4a1ab7d0e39100/screenshot'
16:30:10.957 [Forwarding screenshot on session 7d03e7edb88031417b4a1ab7d0e39100 to remote] DEBUG org.asynchttpclient.netty.request.NettyRequestSender - Using open Channel [id: 0x4ddef1b0, L:/127.0.0.1:50448 - R:localhost/127.0.0.1:56042] for GET '/session/7d03e7edb88031417b4a1ab7d0e39100/screenshot'
16:30:11.098 [AsyncHttpClient-1-9] DEBUG org.asynchttpclient.netty.handler.HttpHandler - 

Request DefaultFullHttpRequest(decodeResult: success, version: HTTP/1.1, content: EmptyByteBufBE)
GET /session/7d03e7edb88031417b4a1ab7d0e39100/screenshot HTTP/1.1
User-Agent: selenium/4.1.2 (java windows)
Cache-Control: no-cache
Content-Type: application/json; charset=utf-8
host: localhost:56042
accept: */*

Response DefaultHttpResponse(decodeResult: success, version: HTTP/1.1)
HTTP/1.1 200 OK
Content-Type: application/json; charset=utf-8
cache-control: no-cache
content-length: 77804

16:30:11.108 [AsyncHttpClient-1-9] DEBUG org.asynchttpclient.netty.channel.ChannelManager - Adding key: http://localhost:56042 for channel [id: 0x4ddef1b0, L:/127.0.0.1:50448 - R:localhost/127.0.0.1:56042]
16:30:11.113 [main] DEBUG net.serenitybdd.core.photography.Darkroom - Send negative for processing for target\site\serenity\b544a93b86bfe0d20415244adccd6dc3b8e83513ea5bef4ef6f3c4b9448d8262.png
16:30:11.113 [main] DEBUG net.thucydides.core.steps.StepInterceptor - STEP DONE: clickMenuAppointmentButton
  &amp#27;[32mAnd &amp#27;[0m&amp#27;[32mI click menu Appointment&amp#27;[0m                    &amp#27;[90m# starter.stepdefinitions.AppointmentSteps.iClickMenuAppointment()&amp#27;[0m
16:30:11.113 [Darkroom Processing Line] DEBUG net.serenitybdd.core.photography.DarkroomProcessingLine - Processing screenshot image in /var/screenshots/screenshot-7455330350533073478
16:30:11.113 [Darkroom Processing Line] DEBUG net.serenitybdd.core.photography.DarkroomProcessingLine - Saving screenshot to target\site\serenity\b544a93b86bfe0d20415244adccd6dc3b8e83513ea5bef4ef6f3c4b9448d8262.png
16:30:11.141 [main] DEBUG net.thucydides.core.steps.StepInterceptor - STARTING STEP: AppointmentSteps.iClickTheDeleteAppointmentIcon - clickTheDeleteAppointmentIcon
16:30:11.147 [Forwarding findElement on session 7d03e7edb88031417b4a1ab7d0e39100 to remote] DEBUG org.asynchttpclient.netty.request.NettyRequestSender - Using pooled Channel '[id: 0x4ddef1b0, L:/127.0.0.1:50448 - R:localhost/127.0.0.1:56042]' for 'POST' to 'http://localhost:56042/session/7d03e7edb88031417b4a1ab7d0e39100/element'
16:30:11.147 [Forwarding findElement on session 7d03e7edb88031417b4a1ab7d0e39100 to remote] DEBUG org.asynchttpclient.netty.request.NettyRequestSender - Using open Channel [id: 0x4ddef1b0, L:/127.0.0.1:50448 - R:localhost/127.0.0.1:56042] for POST '/session/7d03e7edb88031417b4a1ab7d0e39100/element'
16:30:11.641 [AsyncHttpClient-1-9] DEBUG org.asynchttpclient.netty.handler.HttpHandler - 

Request DefaultHttpRequest(decodeResult: success, version: HTTP/1.1)
POST /session/7d03e7edb88031417b4a1ab7d0e39100/element HTTP/1.1
User-Agent: selenium/4.1.2 (java windows)
Content-Length: 205
Content-Type: application/json; charset=utf-8
host: localhost:56042
accept: */*

Response DefaultHttpResponse(decodeResult: success, version: HTTP/1.1)
HTTP/1.1 200 OK
Content-Type: application/json; charset=utf-8
cache-control: no-cache
content-length: 88

16:30:11.641 [AsyncHttpClient-1-9] DEBUG org.asynchttpclient.netty.channel.ChannelManager - Adding key: http://localhost:56042 for channel [id: 0x4ddef1b0, L:/127.0.0.1:50448 - R:localhost/127.0.0.1:56042]
16:30:11.643 [Forwarding getElementTagName on session 7d03e7edb88031417b4a1ab7d0e39100 to remote] DEBUG org.asynchttpclient.netty.request.NettyRequestSender - Using pooled Channel '[id: 0x4ddef1b0, L:/127.0.0.1:50448 - R:localhost/127.0.0.1:56042]' for 'GET' to 'http://localhost:56042/session/7d03e7edb88031417b4a1ab7d0e39100/element/f1ff2952-7cbb-45d8-8d3f-95a55952de93/name'
16:30:11.643 [Forwarding getElementTagName on session 7d03e7edb88031417b4a1ab7d0e39100 to remote] DEBUG org.asynchttpclient.netty.request.NettyRequestSender - Using open Channel [id: 0x4ddef1b0, L:/127.0.0.1:50448 - R:localhost/127.0.0.1:56042] for GET '/session/7d03e7edb88031417b4a1ab7d0e39100/element/f1ff2952-7cbb-45d8-8d3f-95a55952de93/name'
16:30:11.659 [AsyncHttpClient-1-9] DEBUG org.asynchttpclient.netty.handler.HttpHandler - 

Request DefaultFullHttpRequest(decodeResult: success, version: HTTP/1.1, content: EmptyByteBufBE)
GET /session/7d03e7edb88031417b4a1ab7d0e39100/element/f1ff2952-7cbb-45d8-8d3f-95a55952de93/name HTTP/1.1
User-Agent: selenium/4.1.2 (java windows)
Cache-Control: no-cache
Content-Type: application/json; charset=utf-8
host: localhost:56042
accept: */*

Response DefaultHttpResponse(decodeResult: success, version: HTTP/1.1)
HTTP/1.1 200 OK
Content-Type: application/json; charset=utf-8
cache-control: no-cache
content-length: 18

16:30:11.660 [AsyncHttpClient-1-9] DEBUG org.asynchttpclient.netty.channel.ChannelManager - Adding key: http://localhost:56042 for channel [id: 0x4ddef1b0, L:/127.0.0.1:50448 - R:localhost/127.0.0.1:56042]
16:30:11.662 [Forwarding getElementTagName on session 7d03e7edb88031417b4a1ab7d0e39100 to remote] DEBUG org.asynchttpclient.netty.request.NettyRequestSender - Using pooled Channel '[id: 0x4ddef1b0, L:/127.0.0.1:50448 - R:localhost/127.0.0.1:56042]' for 'GET' to 'http://localhost:56042/session/7d03e7edb88031417b4a1ab7d0e39100/element/f1ff2952-7cbb-45d8-8d3f-95a55952de93/name'
16:30:11.662 [Forwarding getElementTagName on session 7d03e7edb88031417b4a1ab7d0e39100 to remote] DEBUG org.asynchttpclient.netty.request.NettyRequestSender - Using open Channel [id: 0x4ddef1b0, L:/127.0.0.1:50448 - R:localhost/127.0.0.1:56042] for GET '/session/7d03e7edb88031417b4a1ab7d0e39100/element/f1ff2952-7cbb-45d8-8d3f-95a55952de93/name'
16:30:11.667 [AsyncHttpClient-1-9] DEBUG org.asynchttpclient.netty.handler.HttpHandler - 

Request DefaultFullHttpRequest(decodeResult: success, version: HTTP/1.1, content: EmptyByteBufBE)
GET /session/7d03e7edb88031417b4a1ab7d0e39100/element/f1ff2952-7cbb-45d8-8d3f-95a55952de93/name HTTP/1.1
User-Agent: selenium/4.1.2 (java windows)
Cache-Control: no-cache
Content-Type: application/json; charset=utf-8
host: localhost:56042
accept: */*

Response DefaultHttpResponse(decodeResult: success, version: HTTP/1.1)
HTTP/1.1 200 OK
Content-Type: application/json; charset=utf-8
cache-control: no-cache
content-length: 18

16:30:11.667 [AsyncHttpClient-1-9] DEBUG org.asynchttpclient.netty.channel.ChannelManager - Adding key: http://localhost:56042 for channel [id: 0x4ddef1b0, L:/127.0.0.1:50448 - R:localhost/127.0.0.1:56042]
16:30:11.670 [Forwarding isElementEnabled on session 7d03e7edb88031417b4a1ab7d0e39100 to remote] DEBUG org.asynchttpclient.netty.request.NettyRequestSender - Using pooled Channel '[id: 0x4ddef1b0, L:/127.0.0.1:50448 - R:localhost/127.0.0.1:56042]' for 'GET' to 'http://localhost:56042/session/7d03e7edb88031417b4a1ab7d0e39100/element/f1ff2952-7cbb-45d8-8d3f-95a55952de93/enabled'
16:30:11.670 [Forwarding isElementEnabled on session 7d03e7edb88031417b4a1ab7d0e39100 to remote] DEBUG org.asynchttpclient.netty.request.NettyRequestSender - Using open Channel [id: 0x4ddef1b0, L:/127.0.0.1:50448 - R:localhost/127.0.0.1:56042] for GET '/session/7d03e7edb88031417b4a1ab7d0e39100/element/f1ff2952-7cbb-45d8-8d3f-95a55952de93/enabled'
16:30:11.683 [AsyncHttpClient-1-9] DEBUG org.asynchttpclient.netty.handler.HttpHandler - 

Request DefaultFullHttpRequest(decodeResult: success, version: HTTP/1.1, content: EmptyByteBufBE)
GET /session/7d03e7edb88031417b4a1ab7d0e39100/element/f1ff2952-7cbb-45d8-8d3f-95a55952de93/enabled HTTP/1.1
User-Agent: selenium/4.1.2 (java windows)
Cache-Control: no-cache
Content-Type: application/json; charset=utf-8
host: localhost:56042
accept: */*

Response DefaultHttpResponse(decodeResult: success, version: HTTP/1.1)
HTTP/1.1 200 OK
Content-Type: application/json; charset=utf-8
cache-control: no-cache
content-length: 14

16:30:11.683 [AsyncHttpClient-1-9] DEBUG org.asynchttpclient.netty.channel.ChannelManager - Adding key: http://localhost:56042 for channel [id: 0x4ddef1b0, L:/127.0.0.1:50448 - R:localhost/127.0.0.1:56042]
16:30:11.685 [Forwarding isElementEnabled on session 7d03e7edb88031417b4a1ab7d0e39100 to remote] DEBUG org.asynchttpclient.netty.request.NettyRequestSender - Using pooled Channel '[id: 0x4ddef1b0, L:/127.0.0.1:50448 - R:localhost/127.0.0.1:56042]' for 'GET' to 'http://localhost:56042/session/7d03e7edb88031417b4a1ab7d0e39100/element/f1ff2952-7cbb-45d8-8d3f-95a55952de93/enabled'
16:30:11.685 [Forwarding isElementEnabled on session 7d03e7edb88031417b4a1ab7d0e39100 to remote] DEBUG org.asynchttpclient.netty.request.NettyRequestSender - Using open Channel [id: 0x4ddef1b0, L:/127.0.0.1:50448 - R:localhost/127.0.0.1:56042] for GET '/session/7d03e7edb88031417b4a1ab7d0e39100/element/f1ff2952-7cbb-45d8-8d3f-95a55952de93/enabled'
16:30:11.691 [AsyncHttpClient-1-9] DEBUG org.asynchttpclient.netty.handler.HttpHandler - 

Request DefaultFullHttpRequest(decodeResult: success, version: HTTP/1.1, content: EmptyByteBufBE)
GET /session/7d03e7edb88031417b4a1ab7d0e39100/element/f1ff2952-7cbb-45d8-8d3f-95a55952de93/enabled HTTP/1.1
User-Agent: selenium/4.1.2 (java windows)
Cache-Control: no-cache
Content-Type: application/json; charset=utf-8
host: localhost:56042
accept: */*

Response DefaultHttpResponse(decodeResult: success, version: HTTP/1.1)
HTTP/1.1 200 OK
Content-Type: application/json; charset=utf-8
cache-control: no-cache
content-length: 14

16:30:11.692 [AsyncHttpClient-1-9] DEBUG org.asynchttpclient.netty.channel.ChannelManager - Adding key: http://localhost:56042 for channel [id: 0x4ddef1b0, L:/127.0.0.1:50448 - R:localhost/127.0.0.1:56042]
16:30:11.694 [Forwarding findElement on session 7d03e7edb88031417b4a1ab7d0e39100 to remote] DEBUG org.asynchttpclient.netty.request.NettyRequestSender - Using pooled Channel '[id: 0x4ddef1b0, L:/127.0.0.1:50448 - R:localhost/127.0.0.1:56042]' for 'POST' to 'http://localhost:56042/session/7d03e7edb88031417b4a1ab7d0e39100/element'
16:30:11.694 [Forwarding findElement on session 7d03e7edb88031417b4a1ab7d0e39100 to remote] DEBUG org.asynchttpclient.netty.request.NettyRequestSender - Using open Channel [id: 0x4ddef1b0, L:/127.0.0.1:50448 - R:localhost/127.0.0.1:56042] for POST '/session/7d03e7edb88031417b4a1ab7d0e39100/element'
16:30:11.702 [AsyncHttpClient-1-9] DEBUG org.asynchttpclient.netty.handler.HttpHandler - 

Request DefaultHttpRequest(decodeResult: success, version: HTTP/1.1)
POST /session/7d03e7edb88031417b4a1ab7d0e39100/element HTTP/1.1
User-Agent: selenium/4.1.2 (java windows)
Content-Length: 205
Content-Type: application/json; charset=utf-8
host: localhost:56042
accept: */*

Response DefaultHttpResponse(decodeResult: success, version: HTTP/1.1)
HTTP/1.1 200 OK
Content-Type: application/json; charset=utf-8
cache-control: no-cache
content-length: 88

16:30:11.702 [AsyncHttpClient-1-9] DEBUG org.asynchttpclient.netty.channel.ChannelManager - Adding key: http://localhost:56042 for channel [id: 0x4ddef1b0, L:/127.0.0.1:50448 - R:localhost/127.0.0.1:56042]
16:30:11.703 [Forwarding clickElement on session 7d03e7edb88031417b4a1ab7d0e39100 to remote] DEBUG org.asynchttpclient.netty.request.NettyRequestSender - Using pooled Channel '[id: 0x4ddef1b0, L:/127.0.0.1:50448 - R:localhost/127.0.0.1:56042]' for 'POST' to 'http://localhost:56042/session/7d03e7edb88031417b4a1ab7d0e39100/element/f1ff2952-7cbb-45d8-8d3f-95a55952de93/click'
16:30:11.703 [Forwarding clickElement on session 7d03e7edb88031417b4a1ab7d0e39100 to remote] DEBUG org.asynchttpclient.netty.request.NettyRequestSender - Using open Channel [id: 0x4ddef1b0, L:/127.0.0.1:50448 - R:localhost/127.0.0.1:56042] for POST '/session/7d03e7edb88031417b4a1ab7d0e39100/element/f1ff2952-7cbb-45d8-8d3f-95a55952de93/click'
16:30:11.737 [AsyncHttpClient-1-1] DEBUG org.asynchttpclient.netty.channel.DefaultChannelPool - Entry count for : http://localhost:50450 : 1
16:30:11.800 [AsyncHttpClient-1-9] DEBUG org.asynchttpclient.netty.handler.HttpHandler - 

Request DefaultHttpRequest(decodeResult: success, version: HTTP/1.1)
POST /session/7d03e7edb88031417b4a1ab7d0e39100/element/f1ff2952-7cbb-45d8-8d3f-95a55952de93/click HTTP/1.1
User-Agent: selenium/4.1.2 (java windows)
Content-Length: 50
Content-Type: application/json; charset=utf-8
host: localhost:56042
accept: */*

Response DefaultHttpResponse(decodeResult: success, version: HTTP/1.1)
HTTP/1.1 200 OK
Content-Type: application/json; charset=utf-8
cache-control: no-cache
content-length: 14

16:30:11.800 [AsyncHttpClient-1-9] DEBUG org.asynchttpclient.netty.channel.ChannelManager - Adding key: http://localhost:56042 for channel [id: 0x4ddef1b0, L:/127.0.0.1:50448 - R:localhost/127.0.0.1:56042]
16:30:11.809 [Forwarding screenshot on session 7d03e7edb88031417b4a1ab7d0e39100 to remote] DEBUG org.asynchttpclient.netty.request.NettyRequestSender - Using pooled Channel '[id: 0x4ddef1b0, L:/127.0.0.1:50448 - R:localhost/127.0.0.1:56042]' for 'GET' to 'http://localhost:56042/session/7d03e7edb88031417b4a1ab7d0e39100/screenshot'
16:30:11.809 [Forwarding screenshot on session 7d03e7edb88031417b4a1ab7d0e39100 to remote] DEBUG org.asynchttpclient.netty.request.NettyRequestSender - Using open Channel [id: 0x4ddef1b0, L:/127.0.0.1:50448 - R:localhost/127.0.0.1:56042] for GET '/session/7d03e7edb88031417b4a1ab7d0e39100/screenshot'
16:30:11.931 [AsyncHttpClient-1-9] DEBUG org.asynchttpclient.netty.handler.HttpHandler - 

Request DefaultFullHttpRequest(decodeResult: success, version: HTTP/1.1, content: EmptyByteBufBE)
GET /session/7d03e7edb88031417b4a1ab7d0e39100/screenshot HTTP/1.1
User-Agent: selenium/4.1.2 (java windows)
Cache-Control: no-cache
Content-Type: application/json; charset=utf-8
host: localhost:56042
accept: */*

Response DefaultHttpResponse(decodeResult: success, version: HTTP/1.1)
HTTP/1.1 200 OK
Content-Type: application/json; charset=utf-8
cache-control: no-cache
content-length: 107956

16:30:11.932 [AsyncHttpClient-1-9] DEBUG org.asynchttpclient.netty.channel.ChannelManager - Adding key: http://localhost:56042 for channel [id: 0x4ddef1b0, L:/127.0.0.1:50448 - R:localhost/127.0.0.1:56042]
16:30:11.938 [main] DEBUG net.serenitybdd.core.photography.Darkroom - Send negative for processing for target\site\serenity\9383c83d8538dbb86a52fb3990fa82f95c3aa9c960b0c0411a26c7179c28d322.png
16:30:11.938 [main] DEBUG net.thucydides.core.steps.StepInterceptor - STEP DONE: clickTheDeleteAppointmentIcon
  &amp#27;[32mWhen &amp#27;[0m&amp#27;[32mI click the delete Appointment icon&amp#27;[0m        &amp#27;[90m# starter.stepdefinitions.AppointmentSteps.iClickTheDeleteAppointmentIcon()&amp#27;[0m
16:30:11.938 [Darkroom Processing Line] DEBUG net.serenitybdd.core.photography.DarkroomProcessingLine - Processing screenshot image in /var/screenshots/screenshot-791984381613402812
16:30:11.938 [Darkroom Processing Line] DEBUG net.serenitybdd.core.photography.DarkroomProcessingLine - Saving screenshot to target\site\serenity\9383c83d8538dbb86a52fb3990fa82f95c3aa9c960b0c0411a26c7179c28d322.png
16:30:11.991 [Forwarding screenshot on session 7d03e7edb88031417b4a1ab7d0e39100 to remote] DEBUG org.asynchttpclient.netty.request.NettyRequestSender - Using pooled Channel '[id: 0x4ddef1b0, L:/127.0.0.1:50448 - R:localhost/127.0.0.1:56042]' for 'GET' to 'http://localhost:56042/session/7d03e7edb88031417b4a1ab7d0e39100/screenshot'
16:30:11.991 [Forwarding screenshot on session 7d03e7edb88031417b4a1ab7d0e39100 to remote] DEBUG org.asynchttpclient.netty.request.NettyRequestSender - Using open Channel [id: 0x4ddef1b0, L:/127.0.0.1:50448 - R:localhost/127.0.0.1:56042] for GET '/session/7d03e7edb88031417b4a1ab7d0e39100/screenshot'
16:30:12.142 [AsyncHttpClient-1-9] DEBUG org.asynchttpclient.netty.handler.HttpHandler - 

Request DefaultFullHttpRequest(decodeResult: success, version: HTTP/1.1, content: EmptyByteBufBE)
GET /session/7d03e7edb88031417b4a1ab7d0e39100/screenshot HTTP/1.1
User-Agent: selenium/4.1.2 (java windows)
Cache-Control: no-cache
Content-Type: application/json; charset=utf-8
host: localhost:56042
accept: */*

Response DefaultHttpResponse(decodeResult: success, version: HTTP/1.1)
HTTP/1.1 200 OK
Content-Type: application/json; charset=utf-8
cache-control: no-cache
content-length: 106096

16:30:12.144 [AsyncHttpClient-1-9] DEBUG org.asynchttpclient.netty.channel.ChannelManager - Adding key: http://localhost:56042 for channel [id: 0x4ddef1b0, L:/127.0.0.1:50448 - R:localhost/127.0.0.1:56042]
16:30:12.150 [main] DEBUG net.serenitybdd.core.photography.Darkroom - Send negative for processing for target\site\serenity\1b1dda9d332bf60bcdc15d7ae1698d26ccb8b048442bb6ca0ec862d95a9e5beb.png
16:30:12.151 [main] DEBUG net.thucydides.core.steps.StepInterceptor - STARTING STEP: AppointmentSteps.iClickTheAppointmentCancelButton - clickTheCancelDeleteAppointmentButton
16:30:12.155 [Forwarding findElement on session 7d03e7edb88031417b4a1ab7d0e39100 to remote] DEBUG org.asynchttpclient.netty.request.NettyRequestSender - Using pooled Channel '[id: 0x4ddef1b0, L:/127.0.0.1:50448 - R:localhost/127.0.0.1:56042]' for 'POST' to 'http://localhost:56042/session/7d03e7edb88031417b4a1ab7d0e39100/element'
16:30:12.155 [Forwarding findElement on session 7d03e7edb88031417b4a1ab7d0e39100 to remote] DEBUG org.asynchttpclient.netty.request.NettyRequestSender - Using open Channel [id: 0x4ddef1b0, L:/127.0.0.1:50448 - R:localhost/127.0.0.1:56042] for POST '/session/7d03e7edb88031417b4a1ab7d0e39100/element'
16:30:12.172 [AsyncHttpClient-1-9] DEBUG org.asynchttpclient.netty.handler.HttpHandler - 

Request DefaultHttpRequest(decodeResult: success, version: HTTP/1.1)
POST /session/7d03e7edb88031417b4a1ab7d0e39100/element HTTP/1.1
User-Agent: selenium/4.1.2 (java windows)
Content-Length: 104
Content-Type: application/json; charset=utf-8
host: localhost:56042
accept: */*

Response DefaultHttpResponse(decodeResult: success, version: HTTP/1.1)
HTTP/1.1 200 OK
Content-Type: application/json; charset=utf-8
cache-control: no-cache
content-length: 88

16:30:12.172 [AsyncHttpClient-1-9] DEBUG org.asynchttpclient.netty.channel.ChannelManager - Adding key: http://localhost:56042 for channel [id: 0x4ddef1b0, L:/127.0.0.1:50448 - R:localhost/127.0.0.1:56042]
16:30:12.174 [Forwarding getElementTagName on session 7d03e7edb88031417b4a1ab7d0e39100 to remote] DEBUG org.asynchttpclient.netty.request.NettyRequestSender - Using pooled Channel '[id: 0x4ddef1b0, L:/127.0.0.1:50448 - R:localhost/127.0.0.1:56042]' for 'GET' to 'http://localhost:56042/session/7d03e7edb88031417b4a1ab7d0e39100/element/ed204ec0-0f34-4a92-b6b6-7be1532cf791/name'
16:30:12.174 [Forwarding getElementTagName on session 7d03e7edb88031417b4a1ab7d0e39100 to remote] DEBUG org.asynchttpclient.netty.request.NettyRequestSender - Using open Channel [id: 0x4ddef1b0, L:/127.0.0.1:50448 - R:localhost/127.0.0.1:56042] for GET '/session/7d03e7edb88031417b4a1ab7d0e39100/element/ed204ec0-0f34-4a92-b6b6-7be1532cf791/name'
16:30:12.175 [Darkroom Processing Line] DEBUG net.serenitybdd.core.photography.DarkroomProcessingLine - Processing screenshot image in /var/screenshots/screenshot-15318921770016132648
16:30:12.175 [Darkroom Processing Line] DEBUG net.serenitybdd.core.photography.DarkroomProcessingLine - Saving screenshot to target\site\serenity\1b1dda9d332bf60bcdc15d7ae1698d26ccb8b048442bb6ca0ec862d95a9e5beb.png
16:30:12.181 [AsyncHttpClient-1-9] DEBUG org.asynchttpclient.netty.handler.HttpHandler - 

Request DefaultFullHttpRequest(decodeResult: success, version: HTTP/1.1, content: EmptyByteBufBE)
GET /session/7d03e7edb88031417b4a1ab7d0e39100/element/ed204ec0-0f34-4a92-b6b6-7be1532cf791/name HTTP/1.1
User-Agent: selenium/4.1.2 (java windows)
Cache-Control: no-cache
Content-Type: application/json; charset=utf-8
host: localhost:56042
accept: */*

Response DefaultHttpResponse(decodeResult: success, version: HTTP/1.1)
HTTP/1.1 200 OK
Content-Type: application/json; charset=utf-8
cache-control: no-cache
content-length: 18

16:30:12.182 [AsyncHttpClient-1-9] DEBUG org.asynchttpclient.netty.channel.ChannelManager - Adding key: http://localhost:56042 for channel [id: 0x4ddef1b0, L:/127.0.0.1:50448 - R:localhost/127.0.0.1:56042]
16:30:12.184 [Forwarding getElementTagName on session 7d03e7edb88031417b4a1ab7d0e39100 to remote] DEBUG org.asynchttpclient.netty.request.NettyRequestSender - Using pooled Channel '[id: 0x4ddef1b0, L:/127.0.0.1:50448 - R:localhost/127.0.0.1:56042]' for 'GET' to 'http://localhost:56042/session/7d03e7edb88031417b4a1ab7d0e39100/element/ed204ec0-0f34-4a92-b6b6-7be1532cf791/name'
16:30:12.184 [Forwarding getElementTagName on session 7d03e7edb88031417b4a1ab7d0e39100 to remote] DEBUG org.asynchttpclient.netty.request.NettyRequestSender - Using open Channel [id: 0x4ddef1b0, L:/127.0.0.1:50448 - R:localhost/127.0.0.1:56042] for GET '/session/7d03e7edb88031417b4a1ab7d0e39100/element/ed204ec0-0f34-4a92-b6b6-7be1532cf791/name'
16:30:12.188 [AsyncHttpClient-1-9] DEBUG org.asynchttpclient.netty.handler.HttpHandler - 

Request DefaultFullHttpRequest(decodeResult: success, version: HTTP/1.1, content: EmptyByteBufBE)
GET /session/7d03e7edb88031417b4a1ab7d0e39100/element/ed204ec0-0f34-4a92-b6b6-7be1532cf791/name HTTP/1.1
User-Agent: selenium/4.1.2 (java windows)
Cache-Control: no-cache
Content-Type: application/json; charset=utf-8
host: localhost:56042
accept: */*

Response DefaultHttpResponse(decodeResult: success, version: HTTP/1.1)
HTTP/1.1 200 OK
Content-Type: application/json; charset=utf-8
cache-control: no-cache
content-length: 18

16:30:12.189 [AsyncHttpClient-1-9] DEBUG org.asynchttpclient.netty.channel.ChannelManager - Adding key: http://localhost:56042 for channel [id: 0x4ddef1b0, L:/127.0.0.1:50448 - R:localhost/127.0.0.1:56042]
16:30:12.194 [Forwarding isElementEnabled on session 7d03e7edb88031417b4a1ab7d0e39100 to remote] DEBUG org.asynchttpclient.netty.request.NettyRequestSender - Using pooled Channel '[id: 0x4ddef1b0, L:/127.0.0.1:50448 - R:localhost/127.0.0.1:56042]' for 'GET' to 'http://localhost:56042/session/7d03e7edb88031417b4a1ab7d0e39100/element/ed204ec0-0f34-4a92-b6b6-7be1532cf791/enabled'
16:30:12.194 [Forwarding isElementEnabled on session 7d03e7edb88031417b4a1ab7d0e39100 to remote] DEBUG org.asynchttpclient.netty.request.NettyRequestSender - Using open Channel [id: 0x4ddef1b0, L:/127.0.0.1:50448 - R:localhost/127.0.0.1:56042] for GET '/session/7d03e7edb88031417b4a1ab7d0e39100/element/ed204ec0-0f34-4a92-b6b6-7be1532cf791/enabled'
16:30:12.208 [AsyncHttpClient-1-9] DEBUG org.asynchttpclient.netty.handler.HttpHandler - 

Request DefaultFullHttpRequest(decodeResult: success, version: HTTP/1.1, content: EmptyByteBufBE)
GET /session/7d03e7edb88031417b4a1ab7d0e39100/element/ed204ec0-0f34-4a92-b6b6-7be1532cf791/enabled HTTP/1.1
User-Agent: selenium/4.1.2 (java windows)
Cache-Control: no-cache
Content-Type: application/json; charset=utf-8
host: localhost:56042
accept: */*

Response DefaultHttpResponse(decodeResult: success, version: HTTP/1.1)
HTTP/1.1 200 OK
Content-Type: application/json; charset=utf-8
cache-control: no-cache
content-length: 14

16:30:12.208 [AsyncHttpClient-1-9] DEBUG org.asynchttpclient.netty.channel.ChannelManager - Adding key: http://localhost:56042 for channel [id: 0x4ddef1b0, L:/127.0.0.1:50448 - R:localhost/127.0.0.1:56042]
16:30:12.210 [Forwarding isElementEnabled on session 7d03e7edb88031417b4a1ab7d0e39100 to remote] DEBUG org.asynchttpclient.netty.request.NettyRequestSender - Using pooled Channel '[id: 0x4ddef1b0, L:/127.0.0.1:50448 - R:localhost/127.0.0.1:56042]' for 'GET' to 'http://localhost:56042/session/7d03e7edb88031417b4a1ab7d0e39100/element/ed204ec0-0f34-4a92-b6b6-7be1532cf791/enabled'
16:30:12.210 [Forwarding isElementEnabled on session 7d03e7edb88031417b4a1ab7d0e39100 to remote] DEBUG org.asynchttpclient.netty.request.NettyRequestSender - Using open Channel [id: 0x4ddef1b0, L:/127.0.0.1:50448 - R:localhost/127.0.0.1:56042] for GET '/session/7d03e7edb88031417b4a1ab7d0e39100/element/ed204ec0-0f34-4a92-b6b6-7be1532cf791/enabled'
16:30:12.218 [AsyncHttpClient-1-9] DEBUG org.asynchttpclient.netty.handler.HttpHandler - 

Request DefaultFullHttpRequest(decodeResult: success, version: HTTP/1.1, content: EmptyByteBufBE)
GET /session/7d03e7edb88031417b4a1ab7d0e39100/element/ed204ec0-0f34-4a92-b6b6-7be1532cf791/enabled HTTP/1.1
User-Agent: selenium/4.1.2 (java windows)
Cache-Control: no-cache
Content-Type: application/json; charset=utf-8
host: localhost:56042
accept: */*

Response DefaultHttpResponse(decodeResult: success, version: HTTP/1.1)
HTTP/1.1 200 OK
Content-Type: application/json; charset=utf-8
cache-control: no-cache
content-length: 14

16:30:12.218 [AsyncHttpClient-1-9] DEBUG org.asynchttpclient.netty.channel.ChannelManager - Adding key: http://localhost:56042 for channel [id: 0x4ddef1b0, L:/127.0.0.1:50448 - R:localhost/127.0.0.1:56042]
16:30:12.221 [Forwarding findElement on session 7d03e7edb88031417b4a1ab7d0e39100 to remote] DEBUG org.asynchttpclient.netty.request.NettyRequestSender - Using pooled Channel '[id: 0x4ddef1b0, L:/127.0.0.1:50448 - R:localhost/127.0.0.1:56042]' for 'POST' to 'http://localhost:56042/session/7d03e7edb88031417b4a1ab7d0e39100/element'
16:30:12.221 [Forwarding findElement on session 7d03e7edb88031417b4a1ab7d0e39100 to remote] DEBUG org.asynchttpclient.netty.request.NettyRequestSender - Using open Channel [id: 0x4ddef1b0, L:/127.0.0.1:50448 - R:localhost/127.0.0.1:56042] for POST '/session/7d03e7edb88031417b4a1ab7d0e39100/element'
16:30:12.233 [AsyncHttpClient-1-9] DEBUG org.asynchttpclient.netty.handler.HttpHandler - 

Request DefaultHttpRequest(decodeResult: success, version: HTTP/1.1)
POST /session/7d03e7edb88031417b4a1ab7d0e39100/element HTTP/1.1
User-Agent: selenium/4.1.2 (java windows)
Content-Length: 104
Content-Type: application/json; charset=utf-8
host: localhost:56042
accept: */*

Response DefaultHttpResponse(decodeResult: success, version: HTTP/1.1)
HTTP/1.1 200 OK
Content-Type: application/json; charset=utf-8
cache-control: no-cache
content-length: 88

16:30:12.233 [AsyncHttpClient-1-9] DEBUG org.asynchttpclient.netty.channel.ChannelManager - Adding key: http://localhost:56042 for channel [id: 0x4ddef1b0, L:/127.0.0.1:50448 - R:localhost/127.0.0.1:56042]
16:30:12.235 [Forwarding clickElement on session 7d03e7edb88031417b4a1ab7d0e39100 to remote] DEBUG org.asynchttpclient.netty.request.NettyRequestSender - Using pooled Channel '[id: 0x4ddef1b0, L:/127.0.0.1:50448 - R:localhost/127.0.0.1:56042]' for 'POST' to 'http://localhost:56042/session/7d03e7edb88031417b4a1ab7d0e39100/element/ed204ec0-0f34-4a92-b6b6-7be1532cf791/click'
16:30:12.235 [Forwarding clickElement on session 7d03e7edb88031417b4a1ab7d0e39100 to remote] DEBUG org.asynchttpclient.netty.request.NettyRequestSender - Using open Channel [id: 0x4ddef1b0, L:/127.0.0.1:50448 - R:localhost/127.0.0.1:56042] for POST '/session/7d03e7edb88031417b4a1ab7d0e39100/element/ed204ec0-0f34-4a92-b6b6-7be1532cf791/click'
16:30:12.325 [AsyncHttpClient-1-9] DEBUG org.asynchttpclient.netty.handler.HttpHandler - 

Request DefaultHttpRequest(decodeResult: success, version: HTTP/1.1)
POST /session/7d03e7edb88031417b4a1ab7d0e39100/element/ed204ec0-0f34-4a92-b6b6-7be1532cf791/click HTTP/1.1
User-Agent: selenium/4.1.2 (java windows)
Content-Length: 50
Content-Type: application/json; charset=utf-8
host: localhost:56042
accept: */*

Response DefaultHttpResponse(decodeResult: success, version: HTTP/1.1)
HTTP/1.1 200 OK
Content-Type: application/json; charset=utf-8
cache-control: no-cache
content-length: 14

16:30:12.325 [AsyncHttpClient-1-9] DEBUG org.asynchttpclient.netty.channel.ChannelManager - Adding key: http://localhost:56042 for channel [id: 0x4ddef1b0, L:/127.0.0.1:50448 - R:localhost/127.0.0.1:56042]
16:30:12.338 [Forwarding screenshot on session 7d03e7edb88031417b4a1ab7d0e39100 to remote] DEBUG org.asynchttpclient.netty.request.NettyRequestSender - Using pooled Channel '[id: 0x4ddef1b0, L:/127.0.0.1:50448 - R:localhost/127.0.0.1:56042]' for 'GET' to 'http://localhost:56042/session/7d03e7edb88031417b4a1ab7d0e39100/screenshot'
16:30:12.338 [Forwarding screenshot on session 7d03e7edb88031417b4a1ab7d0e39100 to remote] DEBUG org.asynchttpclient.netty.request.NettyRequestSender - Using open Channel [id: 0x4ddef1b0, L:/127.0.0.1:50448 - R:localhost/127.0.0.1:56042] for GET '/session/7d03e7edb88031417b4a1ab7d0e39100/screenshot'
16:30:12.459 [AsyncHttpClient-1-9] DEBUG org.asynchttpclient.netty.handler.HttpHandler - 

Request DefaultFullHttpRequest(decodeResult: success, version: HTTP/1.1, content: EmptyByteBufBE)
GET /session/7d03e7edb88031417b4a1ab7d0e39100/screenshot HTTP/1.1
User-Agent: selenium/4.1.2 (java windows)
Cache-Control: no-cache
Content-Type: application/json; charset=utf-8
host: localhost:56042
accept: */*

Response DefaultHttpResponse(decodeResult: success, version: HTTP/1.1)
HTTP/1.1 200 OK
Content-Type: application/json; charset=utf-8
cache-control: no-cache
content-length: 94468

16:30:12.460 [AsyncHttpClient-1-9] DEBUG org.asynchttpclient.netty.channel.ChannelManager - Adding key: http://localhost:56042 for channel [id: 0x4ddef1b0, L:/127.0.0.1:50448 - R:localhost/127.0.0.1:56042]
16:30:12.465 [main] DEBUG net.serenitybdd.core.photography.Darkroom - Send negative for processing for target\site\serenity\e09a899c99812f04e1a701536c0b43e979c17d70885cd8c9821ceb21f8e33098.png
16:30:12.465 [main] DEBUG net.thucydides.core.steps.StepInterceptor - STEP DONE: clickTheCancelDeleteAppointmentButton
  &amp#27;[32mAnd &amp#27;[0m&amp#27;[32mI click the Appointment cancel button&amp#27;[0m       &amp#27;[90m# starter.stepdefinitions.AppointmentSteps.iClickTheAppointmentCancelButton()&amp#27;[0m
16:30:12.481 [main] DEBUG net.thucydides.core.steps.StepInterceptor - STARTING STEP: AppointmentSteps.iExitDeleteAppointmentOptionMessage - exitDeleteAppointmentMessage
16:30:12.484 [Forwarding findElement on session 7d03e7edb88031417b4a1ab7d0e39100 to remote] DEBUG org.asynchttpclient.netty.request.NettyRequestSender - Using pooled Channel '[id: 0x4ddef1b0, L:/127.0.0.1:50448 - R:localhost/127.0.0.1:56042]' for 'POST' to 'http://localhost:56042/session/7d03e7edb88031417b4a1ab7d0e39100/element'
16:30:12.484 [Forwarding findElement on session 7d03e7edb88031417b4a1ab7d0e39100 to remote] DEBUG org.asynchttpclient.netty.request.NettyRequestSender - Using open Channel [id: 0x4ddef1b0, L:/127.0.0.1:50448 - R:localhost/127.0.0.1:56042] for POST '/session/7d03e7edb88031417b4a1ab7d0e39100/element'
16:30:12.499 [AsyncHttpClient-1-9] DEBUG org.asynchttpclient.netty.handler.HttpHandler - 

Request DefaultHttpRequest(decodeResult: success, version: HTTP/1.1)
POST /session/7d03e7edb88031417b4a1ab7d0e39100/element HTTP/1.1
User-Agent: selenium/4.1.2 (java windows)
Content-Length: 89
Content-Type: application/json; charset=utf-8
host: localhost:56042
accept: */*

Response DefaultHttpResponse(decodeResult: success, version: HTTP/1.1)
HTTP/1.1 200 OK
Content-Type: application/json; charset=utf-8
cache-control: no-cache
content-length: 88

16:30:12.499 [AsyncHttpClient-1-9] DEBUG org.asynchttpclient.netty.channel.ChannelManager - Adding key: http://localhost:56042 for channel [id: 0x4ddef1b0, L:/127.0.0.1:50448 - R:localhost/127.0.0.1:56042]
16:30:12.503 [Forwarding isElementDisplayed on session 7d03e7edb88031417b4a1ab7d0e39100 to remote] DEBUG org.asynchttpclient.netty.request.NettyRequestSender - Using pooled Channel '[id: 0x4ddef1b0, L:/127.0.0.1:50448 - R:localhost/127.0.0.1:56042]' for 'POST' to 'http://localhost:56042/session/7d03e7edb88031417b4a1ab7d0e39100/execute/sync'
16:30:12.504 [Forwarding isElementDisplayed on session 7d03e7edb88031417b4a1ab7d0e39100 to remote] DEBUG org.asynchttpclient.netty.request.NettyRequestSender - Using open Channel [id: 0x4ddef1b0, L:/127.0.0.1:50448 - R:localhost/127.0.0.1:56042] for POST '/session/7d03e7edb88031417b4a1ab7d0e39100/execute/sync'
16:30:12.522 [AsyncHttpClient-1-9] DEBUG org.asynchttpclient.netty.handler.HttpHandler - 

Request DefaultHttpRequest(decodeResult: success, version: HTTP/1.1)
POST /session/7d03e7edb88031417b4a1ab7d0e39100/execute/sync HTTP/1.1
User-Agent: selenium/4.1.2 (java windows)
Content-Length: 48780
Content-Type: application/json; charset=utf-8
host: localhost:56042
accept: */*

Response DefaultHttpResponse(decodeResult: success, version: HTTP/1.1)
HTTP/1.1 200 OK
Content-Type: application/json; charset=utf-8
cache-control: no-cache
content-length: 14

16:30:12.522 [AsyncHttpClient-1-9] DEBUG org.asynchttpclient.netty.channel.ChannelManager - Adding key: http://localhost:56042 for channel [id: 0x4ddef1b0, L:/127.0.0.1:50448 - R:localhost/127.0.0.1:56042]
16:30:12.527 [Forwarding screenshot on session 7d03e7edb88031417b4a1ab7d0e39100 to remote] DEBUG org.asynchttpclient.netty.request.NettyRequestSender - Using pooled Channel '[id: 0x4ddef1b0, L:/127.0.0.1:50448 - R:localhost/127.0.0.1:56042]' for 'GET' to 'http://localhost:56042/session/7d03e7edb88031417b4a1ab7d0e39100/screenshot'
16:30:12.527 [Forwarding screenshot on session 7d03e7edb88031417b4a1ab7d0e39100 to remote] DEBUG org.asynchttpclient.netty.request.NettyRequestSender - Using open Channel [id: 0x4ddef1b0, L:/127.0.0.1:50448 - R:localhost/127.0.0.1:56042] for GET '/session/7d03e7edb88031417b4a1ab7d0e39100/screenshot'
16:30:12.616 [AsyncHttpClient-1-9] DEBUG org.asynchttpclient.netty.handler.HttpHandler - 

Request DefaultFullHttpRequest(decodeResult: success, version: HTTP/1.1, content: EmptyByteBufBE)
GET /session/7d03e7edb88031417b4a1ab7d0e39100/screenshot HTTP/1.1
User-Agent: selenium/4.1.2 (java windows)
Cache-Control: no-cache
Content-Type: application/json; charset=utf-8
host: localhost:56042
accept: */*

Response DefaultHttpResponse(decodeResult: success, version: HTTP/1.1)
HTTP/1.1 200 OK
Content-Type: application/json; charset=utf-8
cache-control: no-cache
content-length: 94468

16:30:12.617 [AsyncHttpClient-1-9] DEBUG org.asynchttpclient.netty.channel.ChannelManager - Adding key: http://localhost:56042 for channel [id: 0x4ddef1b0, L:/127.0.0.1:50448 - R:localhost/127.0.0.1:56042]
16:30:12.622 [main] DEBUG net.serenitybdd.core.photography.Darkroom - Send negative for processing for target\site\serenity\e09a899c99812f04e1a701536c0b43e979c17d70885cd8c9821ceb21f8e33098.png
16:30:12.622 [main] DEBUG net.thucydides.core.steps.StepInterceptor - STEP DONE: exitDeleteAppointmentMessage
  &amp#27;[32mThen &amp#27;[0m&amp#27;[32mI exit delete Appointment option message&amp#27;[0m   &amp#27;[90m# starter.stepdefinitions.AppointmentSteps.iExitDeleteAppointmentOptionMessage()&amp#27;[0m
16:30:12.627 [main] INFO  - 
  _____   ___   ___   _____     ___     _     ___   ___   ___   ___  
 |_   _| | __| / __| |_   _|   | _ \   /_\   / __| / __| | __| |   \ 
   | |   | _|  \__ \   | |     |  _/  / _ \  \__ \ \__ \ | _|  | |) |
   |_|   |___| |___/   |_|     |_|   /_/ \_\ |___/ |___/ |___| |___/ 

Cancel Delete Appointment Data Scenario
----------------------------------------------------------------------
16:30:12.629 [Driver Command Executor] DEBUG org.asynchttpclient.netty.request.NettyRequestSender - Using pooled Channel '[id: 0x4ddef1b0, L:/127.0.0.1:50448 - R:localhost/127.0.0.1:56042]' for 'DELETE' to 'http://localhost:56042/session/7d03e7edb88031417b4a1ab7d0e39100'
16:30:12.629 [AsyncHttpClient-1-3] DEBUG org.asynchttpclient.netty.handler.WebSocketHandler - Channel Closed: [id: 0xd70fecb3, L:/127.0.0.1:50457 ! R:localhost/127.0.0.1:50450] with attribute NettyResponseFuture{currentRetry=5,
	isDone=1,
	isCancelled=0,
	asyncHandler=org.asynchttpclient.ws.WebSocketUpgradeHandler@7353e640,
	nettyRequest=org.asynchttpclient.netty.request.NettyRequest@590ddbc3,
	future=java.util.concurrent.CompletableFuture@2101cda1[Completed normally],
	uri=ws://localhost:50450/devtools/browser/72bb2a7a-99ac-4f87-acbd-ef1db272070a,
	keepAlive=true,
	redirectCount=0,
	timeoutsHolder=null,
	inAuth=0,
	touch=1655717394327}
16:30:12.629 [Driver Command Executor] DEBUG org.asynchttpclient.netty.request.NettyRequestSender - Using open Channel [id: 0x4ddef1b0, L:/127.0.0.1:50448 - R:localhost/127.0.0.1:56042] for DELETE '/session/7d03e7edb88031417b4a1ab7d0e39100'
16:30:12.629 [AsyncHttpClient-1-3] DEBUG org.asynchttpclient.netty.channel.ChannelManager - Closing Channel [id: 0xd70fecb3, L:/127.0.0.1:50457 ! R:localhost/127.0.0.1:50450] 
16:30:12.644 [AsyncHttpClient-1-2] DEBUG org.asynchttpclient.netty.handler.HttpHandler - Unexpected I/O exception on channel [id: 0xcc0d505c, L:/127.0.0.1:50456 - R:localhost/127.0.0.1:50450]
java.net.SocketException: Connection reset
	at java.base/sun.nio.ch.SocketChannelImpl.throwConnectionReset(SocketChannelImpl.java:367)
	at java.base/sun.nio.ch.SocketChannelImpl.read(SocketChannelImpl.java:398)
	at io.netty.buffer.PooledByteBuf.setBytes(PooledByteBuf.java:258)
	at io.netty.buffer.AbstractByteBuf.writeBytes(AbstractByteBuf.java:1132)
	at io.netty.channel.socket.nio.NioSocketChannel.doReadBytes(NioSocketChannel.java:350)
	at io.netty.channel.nio.AbstractNioByteChannel$NioByteUnsafe.read(AbstractNioByteChannel.java:151)
	at io.netty.channel.nio.NioEventLoop.processSelectedKey(NioEventLoop.java:722)
	at io.netty.channel.nio.NioEventLoop.processSelectedKeysOptimized(NioEventLoop.java:658)
	at io.netty.channel.nio.NioEventLoop.processSelectedKeys(NioEventLoop.java:584)
	at io.netty.channel.nio.NioEventLoop.run(NioEventLoop.java:496)
	at io.netty.util.concurrent.SingleThreadEventExecutor$4.run(SingleThreadEventExecutor.java:986)
	at io.netty.util.internal.ThreadExecutorMap$2.run(ThreadExecutorMap.java:74)
	at io.netty.util.concurrent.FastThreadLocalRunnable.run(FastThreadLocalRunnable.java:30)
	at java.base/java.lang.Thread.run(Thread.java:832)
16:30:12.645 [AsyncHttpClient-1-2] DEBUG org.asynchttpclient.netty.channel.ChannelManager - Closing Channel [id: 0xcc0d505c, L:/127.0.0.1:50456 - R:localhost/127.0.0.1:50450] 
16:30:12.645 [AsyncHttpClient-1-2] DEBUG org.asynchttpclient.netty.handler.HttpHandler - Channel Closed: [id: 0xcc0d505c, L:/127.0.0.1:50456 ! R:localhost/127.0.0.1:50450] with attribute DISCARD
16:30:12.663 [AsyncHttpClient-1-9] DEBUG org.asynchttpclient.netty.handler.HttpHandler - 

Request DefaultFullHttpRequest(decodeResult: success, version: HTTP/1.1, content: EmptyByteBufBE)
DELETE /session/7d03e7edb88031417b4a1ab7d0e39100 HTTP/1.1
User-Agent: selenium/4.1.2 (java windows)
Content-Type: application/json; charset=utf-8
host: localhost:56042
accept: */*

Response DefaultHttpResponse(decodeResult: success, version: HTTP/1.1)
HTTP/1.1 200 OK
Content-Type: application/json; charset=utf-8
cache-control: no-cache
content-length: 14

16:30:12.663 [AsyncHttpClient-1-9] DEBUG org.asynchttpclient.netty.channel.ChannelManager - Adding key: http://localhost:56042 for channel [id: 0x4ddef1b0, L:/127.0.0.1:50448 - R:localhost/127.0.0.1:56042]
16:30:12.819 [AsyncHttpClient-1-9] DEBUG org.asynchttpclient.netty.handler.HttpHandler - Channel Closed: [id: 0x4ddef1b0, L:/127.0.0.1:50448 ! R:localhost/127.0.0.1:56042] with attribute DISCARD
16:30:12.838 [AsyncHttpClient-1-1] DEBUG org.asynchttpclient.netty.channel.DefaultChannelPool - Entry count for : http://localhost:56042 : 1
16:30:12.838 [AsyncHttpClient-1-1] DEBUG org.asynchttpclient.netty.channel.DefaultChannelPool - Entry count for : http://localhost:50450 : 1
16:30:12.838 [AsyncHttpClient-1-1] DEBUG org.asynchttpclient.netty.channel.DefaultChannelPool - Adding Candidate expired Channel [id: 0x4ddef1b0, L:/127.0.0.1:50448 ! R:localhost/127.0.0.1:56042] isIdleTimeoutExpired=false isRemotelyClosed=true isTtlExpired=false
16:30:12.838 [AsyncHttpClient-1-1] DEBUG org.asynchttpclient.netty.channel.DefaultChannelPool - Closing Idle Channel [id: 0x4ddef1b0, L:/127.0.0.1:50448 ! R:localhost/127.0.0.1:56042]
16:30:12.838 [AsyncHttpClient-1-1] DEBUG org.asynchttpclient.netty.channel.DefaultChannelPool - Adding Candidate expired Channel [id: 0xcc0d505c, L:/127.0.0.1:50456 ! R:localhost/127.0.0.1:50450] isIdleTimeoutExpired=false isRemotelyClosed=true isTtlExpired=false
16:30:12.838 [AsyncHttpClient-1-1] DEBUG org.asynchttpclient.netty.channel.DefaultChannelPool - Closing Idle Channel [id: 0xcc0d505c, L:/127.0.0.1:50456 ! R:localhost/127.0.0.1:50450]
16:30:12.839 [AsyncHttpClient-1-1] DEBUG org.asynchttpclient.netty.channel.DefaultChannelPool - Closed 2 connections out of 2 in 1 ms
]]></system-out>
    <system-err><![CDATA[Starting ChromeDriver 102.0.5005.61 (0e59bcc00cc4985ce39ad31c150065f159d95ad3-refs/branch-heads/5005@{#819}) on port 56042
Only local connections are allowed.
Please see https://chromedriver.chromium.org/security-considerations for suggestions on keeping ChromeDriver safe.
ChromeDriver was started successfully.
Jun 20, 2022 4:29:54 PM org.openqa.selenium.remote.ProtocolHandshake createSession
INFO: Detected dialect: W3C
Jun 20, 2022 4:29:54 PM org.openqa.selenium.devtools.CdpVersionFinder findNearestMatch
WARNING: Unable to find an exact match for CDP version 102, so returning the closest version found: a no-op implementation
Jun 20, 2022 4:29:54 PM org.openqa.selenium.devtools.CdpVersionFinder findNearestMatch
INFO: Unable to find CDP implementation matching 102.
Jun 20, 2022 4:29:54 PM org.openqa.selenium.chromium.ChromiumDriver lambda$new$3
WARNING: Unable to find version of CDP to use for . You may need to include a dependency on a specific version of the CDP using something similar to `org.seleniumhq.selenium:selenium-devtools-v86:4.1.2` where the version ("v86") matches the version of the chromium-based browser you're using and the version number of the artifact is the same as Selenium's.
]]></system-err>
  </testcase>
  <testcase name="Delete Appointment Data Scenario" classname="Appointment" time="18.512">
    <system-out><![CDATA[
@Appointment @DeleteAppointment
Scenario: Delete Appointment Data Scenario    &amp#27;[90m# src/test/resources/features/1.Appointment.feature:61&amp#27;[0m
16:30:13.370 [main] INFO io.cucumber.core.plugin.SerenityReporter - Running feature from file:///E:/My%20Documents/File%20Difa/TI%20Semester%206%20Kampus%20Merdeka%20Alterra/Tugas/CAPSTONE%20Project/Capstone-Project-Website/src/test/resources/features/1.Appointment.feature
16:30:13.371 [main] INFO  - 
  _____   ___   ___   _____     ___   _____     _     ___   _____   ___   ___  
 |_   _| | __| / __| |_   _|   / __| |_   _|   /_\   | _ \ |_   _| | __| |   \ 
   | |   | _|  \__ \   | |     \__ \   | |    / _ \  |   /   | |   | _|  | |) |
   |_|   |___| |___/   |_|     |___/   |_|   /_/ \_\ |_|_\   |_|   |___| |___/ 

Delete Appointment Data Scenario(appointment;delete-appointment-data-scenario)
--------------------------------------------------------------------------------
16:30:13.475 [main] DEBUG net.thucydides.core.steps.StepInterceptor - STARTING STEP: DashboardSteps.iAmOnTheDashboardPage - openUrl
16:30:13.479 [main] INFO net.serenitybdd.core.webdriver.driverproviders.ChromeDriverProvider - Using automatically driver download
16:30:13.898 [main] DEBUG io.github.bonigarcia.wdm.cache.ResolutionCache - Resolution chrome=102 in cache (valid until 16:47:55 20/06/2022 ICT)
16:30:13.904 [main] DEBUG io.github.bonigarcia.wdm.cache.ResolutionCache - Resolution chrome102=102.0.5005.61 in cache (valid until 09:12:44 21/06/2022 ICT)
16:30:13.910 [main] INFO io.github.bonigarcia.wdm.WebDriverManager - Using chromedriver 102.0.5005.61 (resolved driver for Chrome 102)
16:30:13.982 [main] DEBUG io.github.bonigarcia.wdm.WebDriverManager - Driver chromedriver 102.0.5005.61 found in cache
16:30:13.982 [main] INFO io.github.bonigarcia.wdm.WebDriverManager - Exporting webdriver.chrome.driver as C:\Users\USER\.cache\selenium\chromedriver\win32\102.0.5005.61\chromedriver.exe
16:30:14.214 [main] DEBUG net.serenitybdd.core.webdriver.driverproviders.ProvideNewDriver - Instantiating driver
16:30:14.215 [main] DEBUG net.serenitybdd.core.webdriver.driverproviders.ProvideNewDriver - Driver capabilities: Capabilities {acceptInsecureCerts: false, base.url: https://hospital-management..., browserName: chrome, chrome.driver: src/test/resources/webdrive..., driver: chrome, goog:chromeOptions: {args: [], extensions: []}}
16:30:14.747 [AsyncHttpClient-1-4] DEBUG org.asynchttpclient.netty.channel.NettyConnectListener - Using new Channel '[id: 0x3bba9229, L:/127.0.0.1:50482 - R:localhost/127.0.0.1:50214]' for 'POST' to '/session'
16:30:17.330 [AsyncHttpClient-1-4] DEBUG org.asynchttpclient.netty.handler.HttpHandler - 

Request DefaultHttpRequest(decodeResult: success, version: HTTP/1.1)
POST /session HTTP/1.1
User-Agent: selenium/4.1.2 (java windows)
Content-Length: 621
Content-Type: application/json; charset=utf-8
host: localhost:50214
accept: */*

Response DefaultHttpResponse(decodeResult: success, version: HTTP/1.1)
HTTP/1.1 200 OK
Content-Type: application/json; charset=utf-8
cache-control: no-cache
content-length: 789

16:30:17.330 [AsyncHttpClient-1-4] DEBUG org.asynchttpclient.netty.channel.ChannelManager - Adding key: http://localhost:50214 for channel [id: 0x3bba9229, L:/127.0.0.1:50482 - R:localhost/127.0.0.1:50214]
16:30:17.339 [AsyncHttpClient-1-5] DEBUG org.asynchttpclient.netty.channel.NettyConnectListener - Using new Channel '[id: 0xcceb4813, L:/127.0.0.1:50491 - R:localhost/127.0.0.1:50485]' for 'GET' to '/json/version'
16:30:17.340 [AsyncHttpClient-1-5] DEBUG org.asynchttpclient.netty.handler.HttpHandler - 

Request DefaultFullHttpRequest(decodeResult: success, version: HTTP/1.1, content: EmptyByteBufBE)
GET /json/version HTTP/1.1
User-Agent: selenium/4.1.2 (java windows)
host: localhost:50485
accept: */*

Response DefaultHttpResponse(decodeResult: success, version: HTTP/1.1)
HTTP/1.1 200 OK
Content-Type: application/json; charset=UTF-8
content-length: 427

16:30:17.340 [AsyncHttpClient-1-5] DEBUG org.asynchttpclient.netty.channel.ChannelManager - Adding key: http://localhost:50485 for channel [id: 0xcceb4813, L:/127.0.0.1:50491 - R:localhost/127.0.0.1:50485]
16:30:17.344 [AsyncHttpClient-1-6] DEBUG org.asynchttpclient.netty.channel.NettyConnectListener - Using new Channel '[id: 0xd9a3e5a3, L:/127.0.0.1:50492 - R:localhost/127.0.0.1:50485]' for 'GET' to '/devtools/browser/7e54ac02-82c5-47a6-b224-eabbb4193078'
16:30:17.349 [AsyncHttpClient-1-6] DEBUG org.asynchttpclient.netty.handler.WebSocketHandler - 

Request DefaultFullHttpRequest(decodeResult: success, version: HTTP/1.1, content: EmptyByteBufBE)
GET /devtools/browser/7e54ac02-82c5-47a6-b224-eabbb4193078 HTTP/1.1
upgrade: websocket
connection: upgrade
sec-websocket-key: 5gv8WtUI7XqKN8elqoTb1w==
sec-websocket-version: 13
origin: http://localhost:50485
host: localhost:50485
accept: */*
user-agent: AHC/2.1

Response DefaultHttpResponse(decodeResult: success, version: HTTP/1.1)
HTTP/1.1 101 WebSocket Protocol Handshake
Upgrade: WebSocket
Connection: Upgrade
Sec-WebSocket-Accept: woODddQC+y/6YDaFFW0ca9U2Ow4=

16:30:17.421 [Forwarding maximizeCurrentWindow on session 43ecfe73585b01027c8cb414025295c2 to remote] DEBUG org.asynchttpclient.netty.request.NettyRequestSender - Using pooled Channel '[id: 0x3bba9229, L:/127.0.0.1:50482 - R:localhost/127.0.0.1:50214]' for 'POST' to 'http://localhost:50214/session/43ecfe73585b01027c8cb414025295c2/window/maximize'
16:30:17.421 [Forwarding maximizeCurrentWindow on session 43ecfe73585b01027c8cb414025295c2 to remote] DEBUG org.asynchttpclient.netty.request.NettyRequestSender - Using open Channel [id: 0x3bba9229, L:/127.0.0.1:50482 - R:localhost/127.0.0.1:50214] for POST '/session/43ecfe73585b01027c8cb414025295c2/window/maximize'
16:30:17.541 [AsyncHttpClient-1-4] DEBUG org.asynchttpclient.netty.handler.HttpHandler - 

Request DefaultHttpRequest(decodeResult: success, version: HTTP/1.1)
POST /session/43ecfe73585b01027c8cb414025295c2/window/maximize HTTP/1.1
User-Agent: selenium/4.1.2 (java windows)
Content-Length: 3
Content-Type: application/json; charset=utf-8
host: localhost:50214
accept: */*

Response DefaultHttpResponse(decodeResult: success, version: HTTP/1.1)
HTTP/1.1 200 OK
Content-Type: application/json; charset=utf-8
cache-control: no-cache
content-length: 51

16:30:17.541 [AsyncHttpClient-1-4] DEBUG org.asynchttpclient.netty.channel.ChannelManager - Adding key: http://localhost:50214 for channel [id: 0x3bba9229, L:/127.0.0.1:50482 - R:localhost/127.0.0.1:50214]
16:30:17.543 [Forwarding get on session 43ecfe73585b01027c8cb414025295c2 to remote] DEBUG org.asynchttpclient.netty.request.NettyRequestSender - Using pooled Channel '[id: 0x3bba9229, L:/127.0.0.1:50482 - R:localhost/127.0.0.1:50214]' for 'POST' to 'http://localhost:50214/session/43ecfe73585b01027c8cb414025295c2/url'
16:30:17.543 [Forwarding get on session 43ecfe73585b01027c8cb414025295c2 to remote] DEBUG org.asynchttpclient.netty.request.NettyRequestSender - Using open Channel [id: 0x3bba9229, L:/127.0.0.1:50482 - R:localhost/127.0.0.1:50214] for POST '/session/43ecfe73585b01027c8cb414025295c2/url'
16:30:18.340 [AsyncHttpClient-1-1] DEBUG org.asynchttpclient.netty.channel.DefaultChannelPool - Entry count for : http://localhost:50485 : 1
16:30:19.437 [AsyncHttpClient-1-1] DEBUG org.asynchttpclient.netty.channel.DefaultChannelPool - Entry count for : http://localhost:50485 : 1
16:30:19.893 [AsyncHttpClient-1-4] DEBUG org.asynchttpclient.netty.handler.HttpHandler - 

Request DefaultHttpRequest(decodeResult: success, version: HTTP/1.1)
POST /session/43ecfe73585b01027c8cb414025295c2/url HTTP/1.1
User-Agent: selenium/4.1.2 (java windows)
Content-Length: 65
Content-Type: application/json; charset=utf-8
host: localhost:50214
accept: */*

Response DefaultHttpResponse(decodeResult: success, version: HTTP/1.1)
HTTP/1.1 200 OK
Content-Type: application/json; charset=utf-8
cache-control: no-cache
content-length: 14

16:30:19.893 [AsyncHttpClient-1-4] DEBUG org.asynchttpclient.netty.channel.ChannelManager - Adding key: http://localhost:50214 for channel [id: 0x3bba9229, L:/127.0.0.1:50482 - R:localhost/127.0.0.1:50214]
16:30:19.898 [Forwarding setTimeout on session 43ecfe73585b01027c8cb414025295c2 to remote] DEBUG org.asynchttpclient.netty.request.NettyRequestSender - Using pooled Channel '[id: 0x3bba9229, L:/127.0.0.1:50482 - R:localhost/127.0.0.1:50214]' for 'POST' to 'http://localhost:50214/session/43ecfe73585b01027c8cb414025295c2/timeouts'
16:30:19.898 [Forwarding setTimeout on session 43ecfe73585b01027c8cb414025295c2 to remote] DEBUG org.asynchttpclient.netty.request.NettyRequestSender - Using open Channel [id: 0x3bba9229, L:/127.0.0.1:50482 - R:localhost/127.0.0.1:50214] for POST '/session/43ecfe73585b01027c8cb414025295c2/timeouts'
16:30:19.900 [AsyncHttpClient-1-4] DEBUG org.asynchttpclient.netty.handler.HttpHandler - 

Request DefaultHttpRequest(decodeResult: success, version: HTTP/1.1)
POST /session/43ecfe73585b01027c8cb414025295c2/timeouts HTTP/1.1
User-Agent: selenium/4.1.2 (java windows)
Content-Length: 22
Content-Type: application/json; charset=utf-8
host: localhost:50214
accept: */*

Response DefaultHttpResponse(decodeResult: success, version: HTTP/1.1)
HTTP/1.1 200 OK
Content-Type: application/json; charset=utf-8
cache-control: no-cache
content-length: 14

16:30:19.900 [AsyncHttpClient-1-4] DEBUG org.asynchttpclient.netty.channel.ChannelManager - Adding key: http://localhost:50214 for channel [id: 0x3bba9229, L:/127.0.0.1:50482 - R:localhost/127.0.0.1:50214]
16:30:19.905 [Forwarding getCurrentUrl on session 43ecfe73585b01027c8cb414025295c2 to remote] DEBUG org.asynchttpclient.netty.request.NettyRequestSender - Using pooled Channel '[id: 0x3bba9229, L:/127.0.0.1:50482 - R:localhost/127.0.0.1:50214]' for 'GET' to 'http://localhost:50214/session/43ecfe73585b01027c8cb414025295c2/url'
16:30:19.905 [Forwarding getCurrentUrl on session 43ecfe73585b01027c8cb414025295c2 to remote] DEBUG org.asynchttpclient.netty.request.NettyRequestSender - Using open Channel [id: 0x3bba9229, L:/127.0.0.1:50482 - R:localhost/127.0.0.1:50214] for GET '/session/43ecfe73585b01027c8cb414025295c2/url'
16:30:20.078 [AsyncHttpClient-1-4] DEBUG org.asynchttpclient.netty.handler.HttpHandler - 

Request DefaultFullHttpRequest(decodeResult: success, version: HTTP/1.1, content: EmptyByteBufBE)
GET /session/43ecfe73585b01027c8cb414025295c2/url HTTP/1.1
User-Agent: selenium/4.1.2 (java windows)
Cache-Control: no-cache
Content-Type: application/json; charset=utf-8
host: localhost:50214
accept: */*

Response DefaultHttpResponse(decodeResult: success, version: HTTP/1.1)
HTTP/1.1 200 OK
Content-Type: application/json; charset=utf-8
cache-control: no-cache
content-length: 53

16:30:20.078 [AsyncHttpClient-1-4] DEBUG org.asynchttpclient.netty.channel.ChannelManager - Adding key: http://localhost:50214 for channel [id: 0x3bba9229, L:/127.0.0.1:50482 - R:localhost/127.0.0.1:50214]
16:30:20.082 [Forwarding getCurrentUrl on session 43ecfe73585b01027c8cb414025295c2 to remote] DEBUG org.asynchttpclient.netty.request.NettyRequestSender - Using pooled Channel '[id: 0x3bba9229, L:/127.0.0.1:50482 - R:localhost/127.0.0.1:50214]' for 'GET' to 'http://localhost:50214/session/43ecfe73585b01027c8cb414025295c2/url'
16:30:20.082 [Forwarding getCurrentUrl on session 43ecfe73585b01027c8cb414025295c2 to remote] DEBUG org.asynchttpclient.netty.request.NettyRequestSender - Using open Channel [id: 0x3bba9229, L:/127.0.0.1:50482 - R:localhost/127.0.0.1:50214] for GET '/session/43ecfe73585b01027c8cb414025295c2/url'
16:30:20.085 [AsyncHttpClient-1-4] DEBUG org.asynchttpclient.netty.handler.HttpHandler - 

Request DefaultFullHttpRequest(decodeResult: success, version: HTTP/1.1, content: EmptyByteBufBE)
GET /session/43ecfe73585b01027c8cb414025295c2/url HTTP/1.1
User-Agent: selenium/4.1.2 (java windows)
Cache-Control: no-cache
Content-Type: application/json; charset=utf-8
host: localhost:50214
accept: */*

Response DefaultHttpResponse(decodeResult: success, version: HTTP/1.1)
HTTP/1.1 200 OK
Content-Type: application/json; charset=utf-8
cache-control: no-cache
content-length: 53

16:30:20.086 [AsyncHttpClient-1-4] DEBUG org.asynchttpclient.netty.channel.ChannelManager - Adding key: http://localhost:50214 for channel [id: 0x3bba9229, L:/127.0.0.1:50482 - R:localhost/127.0.0.1:50214]
16:30:20.091 [Forwarding screenshot on session 43ecfe73585b01027c8cb414025295c2 to remote] DEBUG org.asynchttpclient.netty.request.NettyRequestSender - Using pooled Channel '[id: 0x3bba9229, L:/127.0.0.1:50482 - R:localhost/127.0.0.1:50214]' for 'GET' to 'http://localhost:50214/session/43ecfe73585b01027c8cb414025295c2/screenshot'
16:30:20.092 [Forwarding screenshot on session 43ecfe73585b01027c8cb414025295c2 to remote] DEBUG org.asynchttpclient.netty.request.NettyRequestSender - Using open Channel [id: 0x3bba9229, L:/127.0.0.1:50482 - R:localhost/127.0.0.1:50214] for GET '/session/43ecfe73585b01027c8cb414025295c2/screenshot'
16:30:20.335 [AsyncHttpClient-1-4] DEBUG org.asynchttpclient.netty.handler.HttpHandler - 

Request DefaultFullHttpRequest(decodeResult: success, version: HTTP/1.1, content: EmptyByteBufBE)
GET /session/43ecfe73585b01027c8cb414025295c2/screenshot HTTP/1.1
User-Agent: selenium/4.1.2 (java windows)
Cache-Control: no-cache
Content-Type: application/json; charset=utf-8
host: localhost:50214
accept: */*

Response DefaultHttpResponse(decodeResult: success, version: HTTP/1.1)
HTTP/1.1 200 OK
Content-Type: application/json; charset=utf-8
cache-control: no-cache
content-length: 337424

16:30:20.369 [AsyncHttpClient-1-4] DEBUG org.asynchttpclient.netty.channel.ChannelManager - Adding key: http://localhost:50214 for channel [id: 0x3bba9229, L:/127.0.0.1:50482 - R:localhost/127.0.0.1:50214]
16:30:20.403 [main] DEBUG net.serenitybdd.core.photography.Darkroom - Send negative for processing for target\site\serenity\f26b945c70242e04c18b9c3105363a160d3d976bdfbf7f5edfb23f8f52be3dc1.png
16:30:20.403 [main] DEBUG net.thucydides.core.steps.StepInterceptor - STEP DONE: openUrl
16:30:20.408 [Darkroom Processing Line] DEBUG net.serenitybdd.core.photography.DarkroomProcessingLine - Processing screenshot image in /var/screenshots/screenshot-7794740894116413357
16:30:20.408 [Darkroom Processing Line] DEBUG net.serenitybdd.core.photography.DarkroomProcessingLine - Saving screenshot to target\site\serenity\f26b945c70242e04c18b9c3105363a160d3d976bdfbf7f5edfb23f8f52be3dc1.png
16:30:20.415 [main] DEBUG net.thucydides.core.steps.StepInterceptor - STARTING STEP: DashboardSteps.iAmOnTheDashboardPage - validateOnDashboardPage
16:30:20.419 [Forwarding findElement on session 43ecfe73585b01027c8cb414025295c2 to remote] DEBUG org.asynchttpclient.netty.request.NettyRequestSender - Using pooled Channel '[id: 0x3bba9229, L:/127.0.0.1:50482 - R:localhost/127.0.0.1:50214]' for 'POST' to 'http://localhost:50214/session/43ecfe73585b01027c8cb414025295c2/element'
16:30:20.419 [Forwarding findElement on session 43ecfe73585b01027c8cb414025295c2 to remote] DEBUG org.asynchttpclient.netty.request.NettyRequestSender - Using open Channel [id: 0x3bba9229, L:/127.0.0.1:50482 - R:localhost/127.0.0.1:50214] for POST '/session/43ecfe73585b01027c8cb414025295c2/element'
16:30:20.531 [AsyncHttpClient-1-4] DEBUG org.asynchttpclient.netty.handler.HttpHandler - 

Request DefaultHttpRequest(decodeResult: success, version: HTTP/1.1)
POST /session/43ecfe73585b01027c8cb414025295c2/element HTTP/1.1
User-Agent: selenium/4.1.2 (java windows)
Content-Length: 81
Content-Type: application/json; charset=utf-8
host: localhost:50214
accept: */*

Response DefaultHttpResponse(decodeResult: success, version: HTTP/1.1)
HTTP/1.1 200 OK
Content-Type: application/json; charset=utf-8
cache-control: no-cache
content-length: 88

16:30:20.532 [AsyncHttpClient-1-4] DEBUG org.asynchttpclient.netty.channel.ChannelManager - Adding key: http://localhost:50214 for channel [id: 0x3bba9229, L:/127.0.0.1:50482 - R:localhost/127.0.0.1:50214]
16:30:20.536 [Forwarding isElementDisplayed on session 43ecfe73585b01027c8cb414025295c2 to remote] DEBUG org.asynchttpclient.netty.request.NettyRequestSender - Using pooled Channel '[id: 0x3bba9229, L:/127.0.0.1:50482 - R:localhost/127.0.0.1:50214]' for 'POST' to 'http://localhost:50214/session/43ecfe73585b01027c8cb414025295c2/execute/sync'
16:30:20.536 [Forwarding isElementDisplayed on session 43ecfe73585b01027c8cb414025295c2 to remote] DEBUG org.asynchttpclient.netty.request.NettyRequestSender - Using open Channel [id: 0x3bba9229, L:/127.0.0.1:50482 - R:localhost/127.0.0.1:50214] for POST '/session/43ecfe73585b01027c8cb414025295c2/execute/sync'
16:30:20.538 [AsyncHttpClient-1-1] DEBUG org.asynchttpclient.netty.channel.DefaultChannelPool - Entry count for : http://localhost:50485 : 1
16:30:20.555 [AsyncHttpClient-1-4] DEBUG org.asynchttpclient.netty.handler.HttpHandler - 

Request DefaultHttpRequest(decodeResult: success, version: HTTP/1.1)
POST /session/43ecfe73585b01027c8cb414025295c2/execute/sync HTTP/1.1
User-Agent: selenium/4.1.2 (java windows)
Content-Length: 48780
Content-Type: application/json; charset=utf-8
host: localhost:50214
accept: */*

Response DefaultHttpResponse(decodeResult: success, version: HTTP/1.1)
HTTP/1.1 200 OK
Content-Type: application/json; charset=utf-8
cache-control: no-cache
content-length: 14

16:30:20.555 [AsyncHttpClient-1-4] DEBUG org.asynchttpclient.netty.channel.ChannelManager - Adding key: http://localhost:50214 for channel [id: 0x3bba9229, L:/127.0.0.1:50482 - R:localhost/127.0.0.1:50214]
16:30:20.560 [Forwarding screenshot on session 43ecfe73585b01027c8cb414025295c2 to remote] DEBUG org.asynchttpclient.netty.request.NettyRequestSender - Using pooled Channel '[id: 0x3bba9229, L:/127.0.0.1:50482 - R:localhost/127.0.0.1:50214]' for 'GET' to 'http://localhost:50214/session/43ecfe73585b01027c8cb414025295c2/screenshot'
16:30:20.560 [Forwarding screenshot on session 43ecfe73585b01027c8cb414025295c2 to remote] DEBUG org.asynchttpclient.netty.request.NettyRequestSender - Using open Channel [id: 0x3bba9229, L:/127.0.0.1:50482 - R:localhost/127.0.0.1:50214] for GET '/session/43ecfe73585b01027c8cb414025295c2/screenshot'
16:30:20.819 [AsyncHttpClient-1-4] DEBUG org.asynchttpclient.netty.handler.HttpHandler - 

Request DefaultFullHttpRequest(decodeResult: success, version: HTTP/1.1, content: EmptyByteBufBE)
GET /session/43ecfe73585b01027c8cb414025295c2/screenshot HTTP/1.1
User-Agent: selenium/4.1.2 (java windows)
Cache-Control: no-cache
Content-Type: application/json; charset=utf-8
host: localhost:50214
accept: */*

Response DefaultHttpResponse(decodeResult: success, version: HTTP/1.1)
HTTP/1.1 200 OK
Content-Type: application/json; charset=utf-8
cache-control: no-cache
content-length: 382596

16:30:20.822 [AsyncHttpClient-1-4] DEBUG org.asynchttpclient.netty.channel.ChannelManager - Adding key: http://localhost:50214 for channel [id: 0x3bba9229, L:/127.0.0.1:50482 - R:localhost/127.0.0.1:50214]
16:30:20.907 [main] DEBUG net.serenitybdd.core.photography.Darkroom - Send negative for processing for target\site\serenity\ed15a54c91c342d96a850276df7b559f4526b370fc93040e3c407a48a170f368.png
16:30:20.907 [main] DEBUG net.thucydides.core.steps.StepInterceptor - STEP DONE: validateOnDashboardPage
  &amp#27;[32mGiven &amp#27;[0m&amp#27;[32mI am on the dashboard page&amp#27;[0m            &amp#27;[90m# starter.stepdefinitions.DashboardSteps.iAmOnTheDashboardPage()&amp#27;[0m
16:30:20.966 [Forwarding screenshot on session 43ecfe73585b01027c8cb414025295c2 to remote] DEBUG org.asynchttpclient.netty.request.NettyRequestSender - Using pooled Channel '[id: 0x3bba9229, L:/127.0.0.1:50482 - R:localhost/127.0.0.1:50214]' for 'GET' to 'http://localhost:50214/session/43ecfe73585b01027c8cb414025295c2/screenshot'
16:30:20.966 [Forwarding screenshot on session 43ecfe73585b01027c8cb414025295c2 to remote] DEBUG org.asynchttpclient.netty.request.NettyRequestSender - Using open Channel [id: 0x3bba9229, L:/127.0.0.1:50482 - R:localhost/127.0.0.1:50214] for GET '/session/43ecfe73585b01027c8cb414025295c2/screenshot'
16:30:21.305 [AsyncHttpClient-1-4] DEBUG org.asynchttpclient.netty.handler.HttpHandler - 

Request DefaultFullHttpRequest(decodeResult: success, version: HTTP/1.1, content: EmptyByteBufBE)
GET /session/43ecfe73585b01027c8cb414025295c2/screenshot HTTP/1.1
User-Agent: selenium/4.1.2 (java windows)
Cache-Control: no-cache
Content-Type: application/json; charset=utf-8
host: localhost:50214
accept: */*

Response DefaultHttpResponse(decodeResult: success, version: HTTP/1.1)
HTTP/1.1 200 OK
Content-Type: application/json; charset=utf-8
cache-control: no-cache
content-length: 382596

16:30:21.325 [AsyncHttpClient-1-4] DEBUG org.asynchttpclient.netty.channel.ChannelManager - Adding key: http://localhost:50214 for channel [id: 0x3bba9229, L:/127.0.0.1:50482 - R:localhost/127.0.0.1:50214]
16:30:21.373 [main] DEBUG net.serenitybdd.core.photography.Darkroom - Send negative for processing for target\site\serenity\ed15a54c91c342d96a850276df7b559f4526b370fc93040e3c407a48a170f368.png
16:30:21.374 [main] DEBUG net.thucydides.core.steps.StepInterceptor - STARTING STEP: AppointmentSteps.iClickMenuAppointment - clickMenuAppointmentButton
16:30:21.382 [Forwarding findElement on session 43ecfe73585b01027c8cb414025295c2 to remote] DEBUG org.asynchttpclient.netty.request.NettyRequestSender - Using pooled Channel '[id: 0x3bba9229, L:/127.0.0.1:50482 - R:localhost/127.0.0.1:50214]' for 'POST' to 'http://localhost:50214/session/43ecfe73585b01027c8cb414025295c2/element'
16:30:21.382 [Forwarding findElement on session 43ecfe73585b01027c8cb414025295c2 to remote] DEBUG org.asynchttpclient.netty.request.NettyRequestSender - Using open Channel [id: 0x3bba9229, L:/127.0.0.1:50482 - R:localhost/127.0.0.1:50214] for POST '/session/43ecfe73585b01027c8cb414025295c2/element'
16:30:21.400 [AsyncHttpClient-1-4] DEBUG org.asynchttpclient.netty.handler.HttpHandler - 

Request DefaultHttpRequest(decodeResult: success, version: HTTP/1.1)
POST /session/43ecfe73585b01027c8cb414025295c2/element HTTP/1.1
User-Agent: selenium/4.1.2 (java windows)
Content-Length: 84
Content-Type: application/json; charset=utf-8
host: localhost:50214
accept: */*

Response DefaultHttpResponse(decodeResult: success, version: HTTP/1.1)
HTTP/1.1 200 OK
Content-Type: application/json; charset=utf-8
cache-control: no-cache
content-length: 88

16:30:21.400 [AsyncHttpClient-1-4] DEBUG org.asynchttpclient.netty.channel.ChannelManager - Adding key: http://localhost:50214 for channel [id: 0x3bba9229, L:/127.0.0.1:50482 - R:localhost/127.0.0.1:50214]
16:30:21.402 [Forwarding getElementTagName on session 43ecfe73585b01027c8cb414025295c2 to remote] DEBUG org.asynchttpclient.netty.request.NettyRequestSender - Using pooled Channel '[id: 0x3bba9229, L:/127.0.0.1:50482 - R:localhost/127.0.0.1:50214]' for 'GET' to 'http://localhost:50214/session/43ecfe73585b01027c8cb414025295c2/element/ca32983c-bde4-4a49-809c-f5ebb0ca6ef7/name'
16:30:21.402 [Forwarding getElementTagName on session 43ecfe73585b01027c8cb414025295c2 to remote] DEBUG org.asynchttpclient.netty.request.NettyRequestSender - Using open Channel [id: 0x3bba9229, L:/127.0.0.1:50482 - R:localhost/127.0.0.1:50214] for GET '/session/43ecfe73585b01027c8cb414025295c2/element/ca32983c-bde4-4a49-809c-f5ebb0ca6ef7/name'
16:30:21.409 [AsyncHttpClient-1-4] DEBUG org.asynchttpclient.netty.handler.HttpHandler - 

Request DefaultFullHttpRequest(decodeResult: success, version: HTTP/1.1, content: EmptyByteBufBE)
GET /session/43ecfe73585b01027c8cb414025295c2/element/ca32983c-bde4-4a49-809c-f5ebb0ca6ef7/name HTTP/1.1
User-Agent: selenium/4.1.2 (java windows)
Cache-Control: no-cache
Content-Type: application/json; charset=utf-8
host: localhost:50214
accept: */*

Response DefaultHttpResponse(decodeResult: success, version: HTTP/1.1)
HTTP/1.1 200 OK
Content-Type: application/json; charset=utf-8
cache-control: no-cache
content-length: 15

16:30:21.409 [AsyncHttpClient-1-4] DEBUG org.asynchttpclient.netty.channel.ChannelManager - Adding key: http://localhost:50214 for channel [id: 0x3bba9229, L:/127.0.0.1:50482 - R:localhost/127.0.0.1:50214]
16:30:21.410 [Forwarding getElementTagName on session 43ecfe73585b01027c8cb414025295c2 to remote] DEBUG org.asynchttpclient.netty.request.NettyRequestSender - Using pooled Channel '[id: 0x3bba9229, L:/127.0.0.1:50482 - R:localhost/127.0.0.1:50214]' for 'GET' to 'http://localhost:50214/session/43ecfe73585b01027c8cb414025295c2/element/ca32983c-bde4-4a49-809c-f5ebb0ca6ef7/name'
16:30:21.410 [Forwarding getElementTagName on session 43ecfe73585b01027c8cb414025295c2 to remote] DEBUG org.asynchttpclient.netty.request.NettyRequestSender - Using open Channel [id: 0x3bba9229, L:/127.0.0.1:50482 - R:localhost/127.0.0.1:50214] for GET '/session/43ecfe73585b01027c8cb414025295c2/element/ca32983c-bde4-4a49-809c-f5ebb0ca6ef7/name'
16:30:21.419 [AsyncHttpClient-1-4] DEBUG org.asynchttpclient.netty.handler.HttpHandler - 

Request DefaultFullHttpRequest(decodeResult: success, version: HTTP/1.1, content: EmptyByteBufBE)
GET /session/43ecfe73585b01027c8cb414025295c2/element/ca32983c-bde4-4a49-809c-f5ebb0ca6ef7/name HTTP/1.1
User-Agent: selenium/4.1.2 (java windows)
Cache-Control: no-cache
Content-Type: application/json; charset=utf-8
host: localhost:50214
accept: */*

Response DefaultHttpResponse(decodeResult: success, version: HTTP/1.1)
HTTP/1.1 200 OK
Content-Type: application/json; charset=utf-8
cache-control: no-cache
content-length: 15

16:30:21.420 [AsyncHttpClient-1-4] DEBUG org.asynchttpclient.netty.channel.ChannelManager - Adding key: http://localhost:50214 for channel [id: 0x3bba9229, L:/127.0.0.1:50482 - R:localhost/127.0.0.1:50214]
16:30:21.422 [Forwarding findElement on session 43ecfe73585b01027c8cb414025295c2 to remote] DEBUG org.asynchttpclient.netty.request.NettyRequestSender - Using pooled Channel '[id: 0x3bba9229, L:/127.0.0.1:50482 - R:localhost/127.0.0.1:50214]' for 'POST' to 'http://localhost:50214/session/43ecfe73585b01027c8cb414025295c2/element'
16:30:21.422 [Forwarding findElement on session 43ecfe73585b01027c8cb414025295c2 to remote] DEBUG org.asynchttpclient.netty.request.NettyRequestSender - Using open Channel [id: 0x3bba9229, L:/127.0.0.1:50482 - R:localhost/127.0.0.1:50214] for POST '/session/43ecfe73585b01027c8cb414025295c2/element'
16:30:21.432 [AsyncHttpClient-1-4] DEBUG org.asynchttpclient.netty.handler.HttpHandler - 

Request DefaultHttpRequest(decodeResult: success, version: HTTP/1.1)
POST /session/43ecfe73585b01027c8cb414025295c2/element HTTP/1.1
User-Agent: selenium/4.1.2 (java windows)
Content-Length: 84
Content-Type: application/json; charset=utf-8
host: localhost:50214
accept: */*

Response DefaultHttpResponse(decodeResult: success, version: HTTP/1.1)
HTTP/1.1 200 OK
Content-Type: application/json; charset=utf-8
cache-control: no-cache
content-length: 88

16:30:21.433 [AsyncHttpClient-1-4] DEBUG org.asynchttpclient.netty.channel.ChannelManager - Adding key: http://localhost:50214 for channel [id: 0x3bba9229, L:/127.0.0.1:50482 - R:localhost/127.0.0.1:50214]
16:30:21.435 [Forwarding clickElement on session 43ecfe73585b01027c8cb414025295c2 to remote] DEBUG org.asynchttpclient.netty.request.NettyRequestSender - Using pooled Channel '[id: 0x3bba9229, L:/127.0.0.1:50482 - R:localhost/127.0.0.1:50214]' for 'POST' to 'http://localhost:50214/session/43ecfe73585b01027c8cb414025295c2/element/ca32983c-bde4-4a49-809c-f5ebb0ca6ef7/click'
16:30:21.435 [Forwarding clickElement on session 43ecfe73585b01027c8cb414025295c2 to remote] DEBUG org.asynchttpclient.netty.request.NettyRequestSender - Using open Channel [id: 0x3bba9229, L:/127.0.0.1:50482 - R:localhost/127.0.0.1:50214] for POST '/session/43ecfe73585b01027c8cb414025295c2/element/ca32983c-bde4-4a49-809c-f5ebb0ca6ef7/click'
16:30:21.638 [AsyncHttpClient-1-1] DEBUG org.asynchttpclient.netty.channel.DefaultChannelPool - Entry count for : http://localhost:50485 : 1
16:30:21.662 [AsyncHttpClient-1-4] DEBUG org.asynchttpclient.netty.handler.HttpHandler - 

Request DefaultHttpRequest(decodeResult: success, version: HTTP/1.1)
POST /session/43ecfe73585b01027c8cb414025295c2/element/ca32983c-bde4-4a49-809c-f5ebb0ca6ef7/click HTTP/1.1
User-Agent: selenium/4.1.2 (java windows)
Content-Length: 50
Content-Type: application/json; charset=utf-8
host: localhost:50214
accept: */*

Response DefaultHttpResponse(decodeResult: success, version: HTTP/1.1)
HTTP/1.1 200 OK
Content-Type: application/json; charset=utf-8
cache-control: no-cache
content-length: 14

16:30:21.662 [AsyncHttpClient-1-4] DEBUG org.asynchttpclient.netty.channel.ChannelManager - Adding key: http://localhost:50214 for channel [id: 0x3bba9229, L:/127.0.0.1:50482 - R:localhost/127.0.0.1:50214]
16:30:21.676 [Forwarding screenshot on session 43ecfe73585b01027c8cb414025295c2 to remote] DEBUG org.asynchttpclient.netty.request.NettyRequestSender - Using pooled Channel '[id: 0x3bba9229, L:/127.0.0.1:50482 - R:localhost/127.0.0.1:50214]' for 'GET' to 'http://localhost:50214/session/43ecfe73585b01027c8cb414025295c2/screenshot'
16:30:21.676 [Forwarding screenshot on session 43ecfe73585b01027c8cb414025295c2 to remote] DEBUG org.asynchttpclient.netty.request.NettyRequestSender - Using open Channel [id: 0x3bba9229, L:/127.0.0.1:50482 - R:localhost/127.0.0.1:50214] for GET '/session/43ecfe73585b01027c8cb414025295c2/screenshot'
16:30:21.790 [AsyncHttpClient-1-4] DEBUG org.asynchttpclient.netty.handler.HttpHandler - 

Request DefaultFullHttpRequest(decodeResult: success, version: HTTP/1.1, content: EmptyByteBufBE)
GET /session/43ecfe73585b01027c8cb414025295c2/screenshot HTTP/1.1
User-Agent: selenium/4.1.2 (java windows)
Cache-Control: no-cache
Content-Type: application/json; charset=utf-8
host: localhost:50214
accept: */*

Response DefaultHttpResponse(decodeResult: success, version: HTTP/1.1)
HTTP/1.1 200 OK
Content-Type: application/json; charset=utf-8
cache-control: no-cache
content-length: 77776

16:30:21.791 [AsyncHttpClient-1-4] DEBUG org.asynchttpclient.netty.channel.ChannelManager - Adding key: http://localhost:50214 for channel [id: 0x3bba9229, L:/127.0.0.1:50482 - R:localhost/127.0.0.1:50214]
16:30:21.795 [main] DEBUG net.serenitybdd.core.photography.Darkroom - Send negative for processing for target\site\serenity\dde6ee49eef829c4844cc40a8aaa4d6e912eaee4e88eb74d4e912a38905c5f6b.png
16:30:21.795 [main] DEBUG net.thucydides.core.steps.StepInterceptor - STEP DONE: clickMenuAppointmentButton
  &amp#27;[32mAnd &amp#27;[0m&amp#27;[32mI click menu Appointment&amp#27;[0m                &amp#27;[90m# starter.stepdefinitions.AppointmentSteps.iClickMenuAppointment()&amp#27;[0m
16:30:21.795 [Darkroom Processing Line] DEBUG net.serenitybdd.core.photography.DarkroomProcessingLine - Processing screenshot image in /var/screenshots/screenshot-343913416740611890
16:30:21.796 [Darkroom Processing Line] DEBUG net.serenitybdd.core.photography.DarkroomProcessingLine - Saving screenshot to target\site\serenity\dde6ee49eef829c4844cc40a8aaa4d6e912eaee4e88eb74d4e912a38905c5f6b.png
16:30:21.817 [main] DEBUG net.thucydides.core.steps.StepInterceptor - STARTING STEP: AppointmentSteps.iClickDeleteAppointmentIcon - clickDeleteAppointmentIcon
16:30:21.830 [Forwarding findElement on session 43ecfe73585b01027c8cb414025295c2 to remote] DEBUG org.asynchttpclient.netty.request.NettyRequestSender - Using pooled Channel '[id: 0x3bba9229, L:/127.0.0.1:50482 - R:localhost/127.0.0.1:50214]' for 'POST' to 'http://localhost:50214/session/43ecfe73585b01027c8cb414025295c2/element'
16:30:21.830 [Forwarding findElement on session 43ecfe73585b01027c8cb414025295c2 to remote] DEBUG org.asynchttpclient.netty.request.NettyRequestSender - Using open Channel [id: 0x3bba9229, L:/127.0.0.1:50482 - R:localhost/127.0.0.1:50214] for POST '/session/43ecfe73585b01027c8cb414025295c2/element'
16:30:22.738 [AsyncHttpClient-1-1] DEBUG org.asynchttpclient.netty.channel.DefaultChannelPool - Entry count for : http://localhost:50485 : 1
16:30:22.981 [AsyncHttpClient-1-4] DEBUG org.asynchttpclient.netty.handler.HttpHandler - 

Request DefaultHttpRequest(decodeResult: success, version: HTTP/1.1)
POST /session/43ecfe73585b01027c8cb414025295c2/element HTTP/1.1
User-Agent: selenium/4.1.2 (java windows)
Content-Length: 205
Content-Type: application/json; charset=utf-8
host: localhost:50214
accept: */*

Response DefaultHttpResponse(decodeResult: success, version: HTTP/1.1)
HTTP/1.1 200 OK
Content-Type: application/json; charset=utf-8
cache-control: no-cache
content-length: 88

16:30:22.981 [AsyncHttpClient-1-4] DEBUG org.asynchttpclient.netty.channel.ChannelManager - Adding key: http://localhost:50214 for channel [id: 0x3bba9229, L:/127.0.0.1:50482 - R:localhost/127.0.0.1:50214]
16:30:22.984 [Forwarding getElementTagName on session 43ecfe73585b01027c8cb414025295c2 to remote] DEBUG org.asynchttpclient.netty.request.NettyRequestSender - Using pooled Channel '[id: 0x3bba9229, L:/127.0.0.1:50482 - R:localhost/127.0.0.1:50214]' for 'GET' to 'http://localhost:50214/session/43ecfe73585b01027c8cb414025295c2/element/c4830d65-b820-4d63-927d-06200b245e0a/name'
16:30:22.984 [Forwarding getElementTagName on session 43ecfe73585b01027c8cb414025295c2 to remote] DEBUG org.asynchttpclient.netty.request.NettyRequestSender - Using open Channel [id: 0x3bba9229, L:/127.0.0.1:50482 - R:localhost/127.0.0.1:50214] for GET '/session/43ecfe73585b01027c8cb414025295c2/element/c4830d65-b820-4d63-927d-06200b245e0a/name'
16:30:22.990 [AsyncHttpClient-1-4] DEBUG org.asynchttpclient.netty.handler.HttpHandler - 

Request DefaultFullHttpRequest(decodeResult: success, version: HTTP/1.1, content: EmptyByteBufBE)
GET /session/43ecfe73585b01027c8cb414025295c2/element/c4830d65-b820-4d63-927d-06200b245e0a/name HTTP/1.1
User-Agent: selenium/4.1.2 (java windows)
Cache-Control: no-cache
Content-Type: application/json; charset=utf-8
host: localhost:50214
accept: */*

Response DefaultHttpResponse(decodeResult: success, version: HTTP/1.1)
HTTP/1.1 200 OK
Content-Type: application/json; charset=utf-8
cache-control: no-cache
content-length: 18

16:30:22.990 [AsyncHttpClient-1-4] DEBUG org.asynchttpclient.netty.channel.ChannelManager - Adding key: http://localhost:50214 for channel [id: 0x3bba9229, L:/127.0.0.1:50482 - R:localhost/127.0.0.1:50214]
16:30:22.991 [Forwarding getElementTagName on session 43ecfe73585b01027c8cb414025295c2 to remote] DEBUG org.asynchttpclient.netty.request.NettyRequestSender - Using pooled Channel '[id: 0x3bba9229, L:/127.0.0.1:50482 - R:localhost/127.0.0.1:50214]' for 'GET' to 'http://localhost:50214/session/43ecfe73585b01027c8cb414025295c2/element/c4830d65-b820-4d63-927d-06200b245e0a/name'
16:30:22.991 [Forwarding getElementTagName on session 43ecfe73585b01027c8cb414025295c2 to remote] DEBUG org.asynchttpclient.netty.request.NettyRequestSender - Using open Channel [id: 0x3bba9229, L:/127.0.0.1:50482 - R:localhost/127.0.0.1:50214] for GET '/session/43ecfe73585b01027c8cb414025295c2/element/c4830d65-b820-4d63-927d-06200b245e0a/name'
16:30:22.996 [AsyncHttpClient-1-4] DEBUG org.asynchttpclient.netty.handler.HttpHandler - 

Request DefaultFullHttpRequest(decodeResult: success, version: HTTP/1.1, content: EmptyByteBufBE)
GET /session/43ecfe73585b01027c8cb414025295c2/element/c4830d65-b820-4d63-927d-06200b245e0a/name HTTP/1.1
User-Agent: selenium/4.1.2 (java windows)
Cache-Control: no-cache
Content-Type: application/json; charset=utf-8
host: localhost:50214
accept: */*

Response DefaultHttpResponse(decodeResult: success, version: HTTP/1.1)
HTTP/1.1 200 OK
Content-Type: application/json; charset=utf-8
cache-control: no-cache
content-length: 18

16:30:22.996 [AsyncHttpClient-1-4] DEBUG org.asynchttpclient.netty.channel.ChannelManager - Adding key: http://localhost:50214 for channel [id: 0x3bba9229, L:/127.0.0.1:50482 - R:localhost/127.0.0.1:50214]
16:30:23.014 [Forwarding isElementEnabled on session 43ecfe73585b01027c8cb414025295c2 to remote] DEBUG org.asynchttpclient.netty.request.NettyRequestSender - Using pooled Channel '[id: 0x3bba9229, L:/127.0.0.1:50482 - R:localhost/127.0.0.1:50214]' for 'GET' to 'http://localhost:50214/session/43ecfe73585b01027c8cb414025295c2/element/c4830d65-b820-4d63-927d-06200b245e0a/enabled'
16:30:23.014 [Forwarding isElementEnabled on session 43ecfe73585b01027c8cb414025295c2 to remote] DEBUG org.asynchttpclient.netty.request.NettyRequestSender - Using open Channel [id: 0x3bba9229, L:/127.0.0.1:50482 - R:localhost/127.0.0.1:50214] for GET '/session/43ecfe73585b01027c8cb414025295c2/element/c4830d65-b820-4d63-927d-06200b245e0a/enabled'
16:30:23.049 [AsyncHttpClient-1-4] DEBUG org.asynchttpclient.netty.handler.HttpHandler - 

Request DefaultFullHttpRequest(decodeResult: success, version: HTTP/1.1, content: EmptyByteBufBE)
GET /session/43ecfe73585b01027c8cb414025295c2/element/c4830d65-b820-4d63-927d-06200b245e0a/enabled HTTP/1.1
User-Agent: selenium/4.1.2 (java windows)
Cache-Control: no-cache
Content-Type: application/json; charset=utf-8
host: localhost:50214
accept: */*

Response DefaultHttpResponse(decodeResult: success, version: HTTP/1.1)
HTTP/1.1 200 OK
Content-Type: application/json; charset=utf-8
cache-control: no-cache
content-length: 14

16:30:23.053 [AsyncHttpClient-1-4] DEBUG org.asynchttpclient.netty.channel.ChannelManager - Adding key: http://localhost:50214 for channel [id: 0x3bba9229, L:/127.0.0.1:50482 - R:localhost/127.0.0.1:50214]
16:30:23.056 [Forwarding isElementEnabled on session 43ecfe73585b01027c8cb414025295c2 to remote] DEBUG org.asynchttpclient.netty.request.NettyRequestSender - Using pooled Channel '[id: 0x3bba9229, L:/127.0.0.1:50482 - R:localhost/127.0.0.1:50214]' for 'GET' to 'http://localhost:50214/session/43ecfe73585b01027c8cb414025295c2/element/c4830d65-b820-4d63-927d-06200b245e0a/enabled'
16:30:23.056 [Forwarding isElementEnabled on session 43ecfe73585b01027c8cb414025295c2 to remote] DEBUG org.asynchttpclient.netty.request.NettyRequestSender - Using open Channel [id: 0x3bba9229, L:/127.0.0.1:50482 - R:localhost/127.0.0.1:50214] for GET '/session/43ecfe73585b01027c8cb414025295c2/element/c4830d65-b820-4d63-927d-06200b245e0a/enabled'
16:30:23.065 [AsyncHttpClient-1-4] DEBUG org.asynchttpclient.netty.handler.HttpHandler - 

Request DefaultFullHttpRequest(decodeResult: success, version: HTTP/1.1, content: EmptyByteBufBE)
GET /session/43ecfe73585b01027c8cb414025295c2/element/c4830d65-b820-4d63-927d-06200b245e0a/enabled HTTP/1.1
User-Agent: selenium/4.1.2 (java windows)
Cache-Control: no-cache
Content-Type: application/json; charset=utf-8
host: localhost:50214
accept: */*

Response DefaultHttpResponse(decodeResult: success, version: HTTP/1.1)
HTTP/1.1 200 OK
Content-Type: application/json; charset=utf-8
cache-control: no-cache
content-length: 14

16:30:23.065 [AsyncHttpClient-1-4] DEBUG org.asynchttpclient.netty.channel.ChannelManager - Adding key: http://localhost:50214 for channel [id: 0x3bba9229, L:/127.0.0.1:50482 - R:localhost/127.0.0.1:50214]
16:30:23.068 [Forwarding findElement on session 43ecfe73585b01027c8cb414025295c2 to remote] DEBUG org.asynchttpclient.netty.request.NettyRequestSender - Using pooled Channel '[id: 0x3bba9229, L:/127.0.0.1:50482 - R:localhost/127.0.0.1:50214]' for 'POST' to 'http://localhost:50214/session/43ecfe73585b01027c8cb414025295c2/element'
16:30:23.068 [Forwarding findElement on session 43ecfe73585b01027c8cb414025295c2 to remote] DEBUG org.asynchttpclient.netty.request.NettyRequestSender - Using open Channel [id: 0x3bba9229, L:/127.0.0.1:50482 - R:localhost/127.0.0.1:50214] for POST '/session/43ecfe73585b01027c8cb414025295c2/element'
16:30:23.077 [AsyncHttpClient-1-4] DEBUG org.asynchttpclient.netty.handler.HttpHandler - 

Request DefaultHttpRequest(decodeResult: success, version: HTTP/1.1)
POST /session/43ecfe73585b01027c8cb414025295c2/element HTTP/1.1
User-Agent: selenium/4.1.2 (java windows)
Content-Length: 205
Content-Type: application/json; charset=utf-8
host: localhost:50214
accept: */*

Response DefaultHttpResponse(decodeResult: success, version: HTTP/1.1)
HTTP/1.1 200 OK
Content-Type: application/json; charset=utf-8
cache-control: no-cache
content-length: 88

16:30:23.077 [AsyncHttpClient-1-4] DEBUG org.asynchttpclient.netty.channel.ChannelManager - Adding key: http://localhost:50214 for channel [id: 0x3bba9229, L:/127.0.0.1:50482 - R:localhost/127.0.0.1:50214]
16:30:23.079 [Forwarding clickElement on session 43ecfe73585b01027c8cb414025295c2 to remote] DEBUG org.asynchttpclient.netty.request.NettyRequestSender - Using pooled Channel '[id: 0x3bba9229, L:/127.0.0.1:50482 - R:localhost/127.0.0.1:50214]' for 'POST' to 'http://localhost:50214/session/43ecfe73585b01027c8cb414025295c2/element/c4830d65-b820-4d63-927d-06200b245e0a/click'
16:30:23.079 [Forwarding clickElement on session 43ecfe73585b01027c8cb414025295c2 to remote] DEBUG org.asynchttpclient.netty.request.NettyRequestSender - Using open Channel [id: 0x3bba9229, L:/127.0.0.1:50482 - R:localhost/127.0.0.1:50214] for POST '/session/43ecfe73585b01027c8cb414025295c2/element/c4830d65-b820-4d63-927d-06200b245e0a/click'
16:30:23.213 [AsyncHttpClient-1-4] DEBUG org.asynchttpclient.netty.handler.HttpHandler - 

Request DefaultHttpRequest(decodeResult: success, version: HTTP/1.1)
POST /session/43ecfe73585b01027c8cb414025295c2/element/c4830d65-b820-4d63-927d-06200b245e0a/click HTTP/1.1
User-Agent: selenium/4.1.2 (java windows)
Content-Length: 50
Content-Type: application/json; charset=utf-8
host: localhost:50214
accept: */*

Response DefaultHttpResponse(decodeResult: success, version: HTTP/1.1)
HTTP/1.1 200 OK
Content-Type: application/json; charset=utf-8
cache-control: no-cache
content-length: 14

16:30:23.213 [AsyncHttpClient-1-4] DEBUG org.asynchttpclient.netty.channel.ChannelManager - Adding key: http://localhost:50214 for channel [id: 0x3bba9229, L:/127.0.0.1:50482 - R:localhost/127.0.0.1:50214]
16:30:23.227 [Forwarding screenshot on session 43ecfe73585b01027c8cb414025295c2 to remote] DEBUG org.asynchttpclient.netty.request.NettyRequestSender - Using pooled Channel '[id: 0x3bba9229, L:/127.0.0.1:50482 - R:localhost/127.0.0.1:50214]' for 'GET' to 'http://localhost:50214/session/43ecfe73585b01027c8cb414025295c2/screenshot'
16:30:23.227 [Forwarding screenshot on session 43ecfe73585b01027c8cb414025295c2 to remote] DEBUG org.asynchttpclient.netty.request.NettyRequestSender - Using open Channel [id: 0x3bba9229, L:/127.0.0.1:50482 - R:localhost/127.0.0.1:50214] for GET '/session/43ecfe73585b01027c8cb414025295c2/screenshot'
16:30:23.364 [AsyncHttpClient-1-4] DEBUG org.asynchttpclient.netty.handler.HttpHandler - 

Request DefaultFullHttpRequest(decodeResult: success, version: HTTP/1.1, content: EmptyByteBufBE)
GET /session/43ecfe73585b01027c8cb414025295c2/screenshot HTTP/1.1
User-Agent: selenium/4.1.2 (java windows)
Cache-Control: no-cache
Content-Type: application/json; charset=utf-8
host: localhost:50214
accept: */*

Response DefaultHttpResponse(decodeResult: success, version: HTTP/1.1)
HTTP/1.1 200 OK
Content-Type: application/json; charset=utf-8
cache-control: no-cache
content-length: 112104

16:30:23.366 [AsyncHttpClient-1-4] DEBUG org.asynchttpclient.netty.channel.ChannelManager - Adding key: http://localhost:50214 for channel [id: 0x3bba9229, L:/127.0.0.1:50482 - R:localhost/127.0.0.1:50214]
16:30:23.372 [main] DEBUG net.serenitybdd.core.photography.Darkroom - Send negative for processing for target\site\serenity\884473cf1b0887fbe5dff39717873e5a70529af4a7eb96d42aec764fe5b13722.png
16:30:23.372 [main] DEBUG net.thucydides.core.steps.StepInterceptor - STEP DONE: clickDeleteAppointmentIcon
  &amp#27;[32mWhen &amp#27;[0m&amp#27;[32mI click delete Appointment icon&amp#27;[0m        &amp#27;[90m# starter.stepdefinitions.AppointmentSteps.iClickDeleteAppointmentIcon()&amp#27;[0m
16:30:23.373 [Darkroom Processing Line] DEBUG net.serenitybdd.core.photography.DarkroomProcessingLine - Processing screenshot image in /var/screenshots/screenshot-5537905303111930888
16:30:23.373 [Darkroom Processing Line] DEBUG net.serenitybdd.core.photography.DarkroomProcessingLine - Saving screenshot to target\site\serenity\884473cf1b0887fbe5dff39717873e5a70529af4a7eb96d42aec764fe5b13722.png
16:30:23.778 [Forwarding screenshot on session 43ecfe73585b01027c8cb414025295c2 to remote] DEBUG org.asynchttpclient.netty.request.NettyRequestSender - Using pooled Channel '[id: 0x3bba9229, L:/127.0.0.1:50482 - R:localhost/127.0.0.1:50214]' for 'GET' to 'http://localhost:50214/session/43ecfe73585b01027c8cb414025295c2/screenshot'
16:30:23.778 [Forwarding screenshot on session 43ecfe73585b01027c8cb414025295c2 to remote] DEBUG org.asynchttpclient.netty.request.NettyRequestSender - Using open Channel [id: 0x3bba9229, L:/127.0.0.1:50482 - R:localhost/127.0.0.1:50214] for GET '/session/43ecfe73585b01027c8cb414025295c2/screenshot'
16:30:23.837 [AsyncHttpClient-1-1] DEBUG org.asynchttpclient.netty.channel.DefaultChannelPool - Entry count for : http://localhost:50485 : 1
16:30:23.923 [AsyncHttpClient-1-4] DEBUG org.asynchttpclient.netty.handler.HttpHandler - 

Request DefaultFullHttpRequest(decodeResult: success, version: HTTP/1.1, content: EmptyByteBufBE)
GET /session/43ecfe73585b01027c8cb414025295c2/screenshot HTTP/1.1
User-Agent: selenium/4.1.2 (java windows)
Cache-Control: no-cache
Content-Type: application/json; charset=utf-8
host: localhost:50214
accept: */*

Response DefaultHttpResponse(decodeResult: success, version: HTTP/1.1)
HTTP/1.1 200 OK
Content-Type: application/json; charset=utf-8
cache-control: no-cache
content-length: 98084

16:30:23.923 [AsyncHttpClient-1-4] DEBUG org.asynchttpclient.netty.channel.ChannelManager - Adding key: http://localhost:50214 for channel [id: 0x3bba9229, L:/127.0.0.1:50482 - R:localhost/127.0.0.1:50214]
16:30:23.928 [main] DEBUG net.serenitybdd.core.photography.Darkroom - Send negative for processing for target\site\serenity\91a345a6fce49f67b53ec14a9d9e22da6ea484854038f2522f6ac6e96a596fdb.png
16:30:23.929 [Darkroom Processing Line] DEBUG net.serenitybdd.core.photography.DarkroomProcessingLine - Processing screenshot image in /var/screenshots/screenshot-7192529381656044107
16:30:23.929 [Darkroom Processing Line] DEBUG net.serenitybdd.core.photography.DarkroomProcessingLine - Saving screenshot to target\site\serenity\91a345a6fce49f67b53ec14a9d9e22da6ea484854038f2522f6ac6e96a596fdb.png
16:30:23.937 [main] DEBUG net.thucydides.core.steps.StepInterceptor - STARTING STEP: AppointmentSteps.iClickTheDeleteButton - clickDeleteAppointmentButton
16:30:23.940 [Forwarding findElement on session 43ecfe73585b01027c8cb414025295c2 to remote] DEBUG org.asynchttpclient.netty.request.NettyRequestSender - Using pooled Channel '[id: 0x3bba9229, L:/127.0.0.1:50482 - R:localhost/127.0.0.1:50214]' for 'POST' to 'http://localhost:50214/session/43ecfe73585b01027c8cb414025295c2/element'
16:30:23.940 [Forwarding findElement on session 43ecfe73585b01027c8cb414025295c2 to remote] DEBUG org.asynchttpclient.netty.request.NettyRequestSender - Using open Channel [id: 0x3bba9229, L:/127.0.0.1:50482 - R:localhost/127.0.0.1:50214] for POST '/session/43ecfe73585b01027c8cb414025295c2/element'
16:30:23.955 [AsyncHttpClient-1-4] DEBUG org.asynchttpclient.netty.handler.HttpHandler - 

Request DefaultHttpRequest(decodeResult: success, version: HTTP/1.1)
POST /session/43ecfe73585b01027c8cb414025295c2/element HTTP/1.1
User-Agent: selenium/4.1.2 (java windows)
Content-Length: 104
Content-Type: application/json; charset=utf-8
host: localhost:50214
accept: */*

Response DefaultHttpResponse(decodeResult: success, version: HTTP/1.1)
HTTP/1.1 200 OK
Content-Type: application/json; charset=utf-8
cache-control: no-cache
content-length: 88

16:30:23.955 [AsyncHttpClient-1-4] DEBUG org.asynchttpclient.netty.channel.ChannelManager - Adding key: http://localhost:50214 for channel [id: 0x3bba9229, L:/127.0.0.1:50482 - R:localhost/127.0.0.1:50214]
16:30:23.957 [Forwarding getElementTagName on session 43ecfe73585b01027c8cb414025295c2 to remote] DEBUG org.asynchttpclient.netty.request.NettyRequestSender - Using pooled Channel '[id: 0x3bba9229, L:/127.0.0.1:50482 - R:localhost/127.0.0.1:50214]' for 'GET' to 'http://localhost:50214/session/43ecfe73585b01027c8cb414025295c2/element/1cda3445-754f-461f-a714-e8a7faaa91c6/name'
16:30:23.957 [Forwarding getElementTagName on session 43ecfe73585b01027c8cb414025295c2 to remote] DEBUG org.asynchttpclient.netty.request.NettyRequestSender - Using open Channel [id: 0x3bba9229, L:/127.0.0.1:50482 - R:localhost/127.0.0.1:50214] for GET '/session/43ecfe73585b01027c8cb414025295c2/element/1cda3445-754f-461f-a714-e8a7faaa91c6/name'
16:30:23.962 [AsyncHttpClient-1-4] DEBUG org.asynchttpclient.netty.handler.HttpHandler - 

Request DefaultFullHttpRequest(decodeResult: success, version: HTTP/1.1, content: EmptyByteBufBE)
GET /session/43ecfe73585b01027c8cb414025295c2/element/1cda3445-754f-461f-a714-e8a7faaa91c6/name HTTP/1.1
User-Agent: selenium/4.1.2 (java windows)
Cache-Control: no-cache
Content-Type: application/json; charset=utf-8
host: localhost:50214
accept: */*

Response DefaultHttpResponse(decodeResult: success, version: HTTP/1.1)
HTTP/1.1 200 OK
Content-Type: application/json; charset=utf-8
cache-control: no-cache
content-length: 18

16:30:23.963 [AsyncHttpClient-1-4] DEBUG org.asynchttpclient.netty.channel.ChannelManager - Adding key: http://localhost:50214 for channel [id: 0x3bba9229, L:/127.0.0.1:50482 - R:localhost/127.0.0.1:50214]
16:30:23.964 [Forwarding getElementTagName on session 43ecfe73585b01027c8cb414025295c2 to remote] DEBUG org.asynchttpclient.netty.request.NettyRequestSender - Using pooled Channel '[id: 0x3bba9229, L:/127.0.0.1:50482 - R:localhost/127.0.0.1:50214]' for 'GET' to 'http://localhost:50214/session/43ecfe73585b01027c8cb414025295c2/element/1cda3445-754f-461f-a714-e8a7faaa91c6/name'
16:30:23.964 [Forwarding getElementTagName on session 43ecfe73585b01027c8cb414025295c2 to remote] DEBUG org.asynchttpclient.netty.request.NettyRequestSender - Using open Channel [id: 0x3bba9229, L:/127.0.0.1:50482 - R:localhost/127.0.0.1:50214] for GET '/session/43ecfe73585b01027c8cb414025295c2/element/1cda3445-754f-461f-a714-e8a7faaa91c6/name'
16:30:23.968 [AsyncHttpClient-1-4] DEBUG org.asynchttpclient.netty.handler.HttpHandler - 

Request DefaultFullHttpRequest(decodeResult: success, version: HTTP/1.1, content: EmptyByteBufBE)
GET /session/43ecfe73585b01027c8cb414025295c2/element/1cda3445-754f-461f-a714-e8a7faaa91c6/name HTTP/1.1
User-Agent: selenium/4.1.2 (java windows)
Cache-Control: no-cache
Content-Type: application/json; charset=utf-8
host: localhost:50214
accept: */*

Response DefaultHttpResponse(decodeResult: success, version: HTTP/1.1)
HTTP/1.1 200 OK
Content-Type: application/json; charset=utf-8
cache-control: no-cache
content-length: 18

16:30:23.968 [AsyncHttpClient-1-4] DEBUG org.asynchttpclient.netty.channel.ChannelManager - Adding key: http://localhost:50214 for channel [id: 0x3bba9229, L:/127.0.0.1:50482 - R:localhost/127.0.0.1:50214]
16:30:23.971 [Forwarding isElementEnabled on session 43ecfe73585b01027c8cb414025295c2 to remote] DEBUG org.asynchttpclient.netty.request.NettyRequestSender - Using pooled Channel '[id: 0x3bba9229, L:/127.0.0.1:50482 - R:localhost/127.0.0.1:50214]' for 'GET' to 'http://localhost:50214/session/43ecfe73585b01027c8cb414025295c2/element/1cda3445-754f-461f-a714-e8a7faaa91c6/enabled'
16:30:23.971 [Forwarding isElementEnabled on session 43ecfe73585b01027c8cb414025295c2 to remote] DEBUG org.asynchttpclient.netty.request.NettyRequestSender - Using open Channel [id: 0x3bba9229, L:/127.0.0.1:50482 - R:localhost/127.0.0.1:50214] for GET '/session/43ecfe73585b01027c8cb414025295c2/element/1cda3445-754f-461f-a714-e8a7faaa91c6/enabled'
16:30:23.981 [AsyncHttpClient-1-4] DEBUG org.asynchttpclient.netty.handler.HttpHandler - 

Request DefaultFullHttpRequest(decodeResult: success, version: HTTP/1.1, content: EmptyByteBufBE)
GET /session/43ecfe73585b01027c8cb414025295c2/element/1cda3445-754f-461f-a714-e8a7faaa91c6/enabled HTTP/1.1
User-Agent: selenium/4.1.2 (java windows)
Cache-Control: no-cache
Content-Type: application/json; charset=utf-8
host: localhost:50214
accept: */*

Response DefaultHttpResponse(decodeResult: success, version: HTTP/1.1)
HTTP/1.1 200 OK
Content-Type: application/json; charset=utf-8
cache-control: no-cache
content-length: 14

16:30:23.981 [AsyncHttpClient-1-4] DEBUG org.asynchttpclient.netty.channel.ChannelManager - Adding key: http://localhost:50214 for channel [id: 0x3bba9229, L:/127.0.0.1:50482 - R:localhost/127.0.0.1:50214]
16:30:23.983 [Forwarding isElementEnabled on session 43ecfe73585b01027c8cb414025295c2 to remote] DEBUG org.asynchttpclient.netty.request.NettyRequestSender - Using pooled Channel '[id: 0x3bba9229, L:/127.0.0.1:50482 - R:localhost/127.0.0.1:50214]' for 'GET' to 'http://localhost:50214/session/43ecfe73585b01027c8cb414025295c2/element/1cda3445-754f-461f-a714-e8a7faaa91c6/enabled'
16:30:23.983 [Forwarding isElementEnabled on session 43ecfe73585b01027c8cb414025295c2 to remote] DEBUG org.asynchttpclient.netty.request.NettyRequestSender - Using open Channel [id: 0x3bba9229, L:/127.0.0.1:50482 - R:localhost/127.0.0.1:50214] for GET '/session/43ecfe73585b01027c8cb414025295c2/element/1cda3445-754f-461f-a714-e8a7faaa91c6/enabled'
16:30:23.990 [AsyncHttpClient-1-4] DEBUG org.asynchttpclient.netty.handler.HttpHandler - 

Request DefaultFullHttpRequest(decodeResult: success, version: HTTP/1.1, content: EmptyByteBufBE)
GET /session/43ecfe73585b01027c8cb414025295c2/element/1cda3445-754f-461f-a714-e8a7faaa91c6/enabled HTTP/1.1
User-Agent: selenium/4.1.2 (java windows)
Cache-Control: no-cache
Content-Type: application/json; charset=utf-8
host: localhost:50214
accept: */*

Response DefaultHttpResponse(decodeResult: success, version: HTTP/1.1)
HTTP/1.1 200 OK
Content-Type: application/json; charset=utf-8
cache-control: no-cache
content-length: 14

16:30:23.990 [AsyncHttpClient-1-4] DEBUG org.asynchttpclient.netty.channel.ChannelManager - Adding key: http://localhost:50214 for channel [id: 0x3bba9229, L:/127.0.0.1:50482 - R:localhost/127.0.0.1:50214]
16:30:23.992 [Forwarding findElement on session 43ecfe73585b01027c8cb414025295c2 to remote] DEBUG org.asynchttpclient.netty.request.NettyRequestSender - Using pooled Channel '[id: 0x3bba9229, L:/127.0.0.1:50482 - R:localhost/127.0.0.1:50214]' for 'POST' to 'http://localhost:50214/session/43ecfe73585b01027c8cb414025295c2/element'
16:30:23.992 [Forwarding findElement on session 43ecfe73585b01027c8cb414025295c2 to remote] DEBUG org.asynchttpclient.netty.request.NettyRequestSender - Using open Channel [id: 0x3bba9229, L:/127.0.0.1:50482 - R:localhost/127.0.0.1:50214] for POST '/session/43ecfe73585b01027c8cb414025295c2/element'
16:30:24.001 [AsyncHttpClient-1-4] DEBUG org.asynchttpclient.netty.handler.HttpHandler - 

Request DefaultHttpRequest(decodeResult: success, version: HTTP/1.1)
POST /session/43ecfe73585b01027c8cb414025295c2/element HTTP/1.1
User-Agent: selenium/4.1.2 (java windows)
Content-Length: 104
Content-Type: application/json; charset=utf-8
host: localhost:50214
accept: */*

Response DefaultHttpResponse(decodeResult: success, version: HTTP/1.1)
HTTP/1.1 200 OK
Content-Type: application/json; charset=utf-8
cache-control: no-cache
content-length: 88

16:30:24.001 [AsyncHttpClient-1-4] DEBUG org.asynchttpclient.netty.channel.ChannelManager - Adding key: http://localhost:50214 for channel [id: 0x3bba9229, L:/127.0.0.1:50482 - R:localhost/127.0.0.1:50214]
16:30:24.002 [Forwarding clickElement on session 43ecfe73585b01027c8cb414025295c2 to remote] DEBUG org.asynchttpclient.netty.request.NettyRequestSender - Using pooled Channel '[id: 0x3bba9229, L:/127.0.0.1:50482 - R:localhost/127.0.0.1:50214]' for 'POST' to 'http://localhost:50214/session/43ecfe73585b01027c8cb414025295c2/element/1cda3445-754f-461f-a714-e8a7faaa91c6/click'
16:30:24.002 [Forwarding clickElement on session 43ecfe73585b01027c8cb414025295c2 to remote] DEBUG org.asynchttpclient.netty.request.NettyRequestSender - Using open Channel [id: 0x3bba9229, L:/127.0.0.1:50482 - R:localhost/127.0.0.1:50214] for POST '/session/43ecfe73585b01027c8cb414025295c2/element/1cda3445-754f-461f-a714-e8a7faaa91c6/click'
16:30:24.061 [AsyncHttpClient-1-4] DEBUG org.asynchttpclient.netty.handler.HttpHandler - 

Request DefaultHttpRequest(decodeResult: success, version: HTTP/1.1)
POST /session/43ecfe73585b01027c8cb414025295c2/element/1cda3445-754f-461f-a714-e8a7faaa91c6/click HTTP/1.1
User-Agent: selenium/4.1.2 (java windows)
Content-Length: 50
Content-Type: application/json; charset=utf-8
host: localhost:50214
accept: */*

Response DefaultHttpResponse(decodeResult: success, version: HTTP/1.1)
HTTP/1.1 200 OK
Content-Type: application/json; charset=utf-8
cache-control: no-cache
content-length: 14

16:30:24.063 [AsyncHttpClient-1-4] DEBUG org.asynchttpclient.netty.channel.ChannelManager - Adding key: http://localhost:50214 for channel [id: 0x3bba9229, L:/127.0.0.1:50482 - R:localhost/127.0.0.1:50214]
16:30:24.077 [Forwarding screenshot on session 43ecfe73585b01027c8cb414025295c2 to remote] DEBUG org.asynchttpclient.netty.request.NettyRequestSender - Using pooled Channel '[id: 0x3bba9229, L:/127.0.0.1:50482 - R:localhost/127.0.0.1:50214]' for 'GET' to 'http://localhost:50214/session/43ecfe73585b01027c8cb414025295c2/screenshot'
16:30:24.077 [Forwarding screenshot on session 43ecfe73585b01027c8cb414025295c2 to remote] DEBUG org.asynchttpclient.netty.request.NettyRequestSender - Using open Channel [id: 0x3bba9229, L:/127.0.0.1:50482 - R:localhost/127.0.0.1:50214] for GET '/session/43ecfe73585b01027c8cb414025295c2/screenshot'
16:30:24.223 [AsyncHttpClient-1-4] DEBUG org.asynchttpclient.netty.handler.HttpHandler - 

Request DefaultFullHttpRequest(decodeResult: success, version: HTTP/1.1, content: EmptyByteBufBE)
GET /session/43ecfe73585b01027c8cb414025295c2/screenshot HTTP/1.1
User-Agent: selenium/4.1.2 (java windows)
Cache-Control: no-cache
Content-Type: application/json; charset=utf-8
host: localhost:50214
accept: */*

Response DefaultHttpResponse(decodeResult: success, version: HTTP/1.1)
HTTP/1.1 200 OK
Content-Type: application/json; charset=utf-8
cache-control: no-cache
content-length: 98280

16:30:24.224 [AsyncHttpClient-1-4] DEBUG org.asynchttpclient.netty.channel.ChannelManager - Adding key: http://localhost:50214 for channel [id: 0x3bba9229, L:/127.0.0.1:50482 - R:localhost/127.0.0.1:50214]
16:30:24.229 [main] DEBUG net.serenitybdd.core.photography.Darkroom - Send negative for processing for target\site\serenity\896caad90fa34762d95c445ae2cba04ca228746ba79d813c2364cdb235a15122.png
16:30:24.230 [main] DEBUG net.thucydides.core.steps.StepInterceptor - STEP DONE: clickDeleteAppointmentButton
  &amp#27;[32mAnd &amp#27;[0m&amp#27;[32mI click the Appointment delete button&amp#27;[0m   &amp#27;[90m# starter.stepdefinitions.AppointmentSteps.iClickTheDeleteButton()&amp#27;[0m
16:30:24.230 [Darkroom Processing Line] DEBUG net.serenitybdd.core.photography.DarkroomProcessingLine - Processing screenshot image in /var/screenshots/screenshot-9047526197636575951
16:30:24.230 [Darkroom Processing Line] DEBUG net.serenitybdd.core.photography.DarkroomProcessingLine - Saving screenshot to target\site\serenity\896caad90fa34762d95c445ae2cba04ca228746ba79d813c2364cdb235a15122.png
16:30:24.248 [main] DEBUG net.thucydides.core.steps.StepInterceptor - STARTING STEP: AppointmentSteps.iValidateAppointmentSuccessDeleted - appointmentDeleted
16:30:24.251 [Forwarding findElement on session 43ecfe73585b01027c8cb414025295c2 to remote] DEBUG org.asynchttpclient.netty.request.NettyRequestSender - Using pooled Channel '[id: 0x3bba9229, L:/127.0.0.1:50482 - R:localhost/127.0.0.1:50214]' for 'POST' to 'http://localhost:50214/session/43ecfe73585b01027c8cb414025295c2/element'
16:30:24.251 [Forwarding findElement on session 43ecfe73585b01027c8cb414025295c2 to remote] DEBUG org.asynchttpclient.netty.request.NettyRequestSender - Using open Channel [id: 0x3bba9229, L:/127.0.0.1:50482 - R:localhost/127.0.0.1:50214] for POST '/session/43ecfe73585b01027c8cb414025295c2/element'
16:30:24.261 [AsyncHttpClient-1-4] DEBUG org.asynchttpclient.netty.handler.HttpHandler - 

Request DefaultHttpRequest(decodeResult: success, version: HTTP/1.1)
POST /session/43ecfe73585b01027c8cb414025295c2/element HTTP/1.1
User-Agent: selenium/4.1.2 (java windows)
Content-Length: 104
Content-Type: application/json; charset=utf-8
host: localhost:50214
accept: */*

Response DefaultHttpResponse(decodeResult: success, version: HTTP/1.1)
HTTP/1.1 200 OK
Content-Type: application/json; charset=utf-8
cache-control: no-cache
content-length: 88

16:30:24.261 [AsyncHttpClient-1-4] DEBUG org.asynchttpclient.netty.channel.ChannelManager - Adding key: http://localhost:50214 for channel [id: 0x3bba9229, L:/127.0.0.1:50482 - R:localhost/127.0.0.1:50214]
16:30:24.265 [Forwarding isElementDisplayed on session 43ecfe73585b01027c8cb414025295c2 to remote] DEBUG org.asynchttpclient.netty.request.NettyRequestSender - Using pooled Channel '[id: 0x3bba9229, L:/127.0.0.1:50482 - R:localhost/127.0.0.1:50214]' for 'POST' to 'http://localhost:50214/session/43ecfe73585b01027c8cb414025295c2/execute/sync'
16:30:24.265 [Forwarding isElementDisplayed on session 43ecfe73585b01027c8cb414025295c2 to remote] DEBUG org.asynchttpclient.netty.request.NettyRequestSender - Using open Channel [id: 0x3bba9229, L:/127.0.0.1:50482 - R:localhost/127.0.0.1:50214] for POST '/session/43ecfe73585b01027c8cb414025295c2/execute/sync'
16:30:24.284 [AsyncHttpClient-1-4] DEBUG org.asynchttpclient.netty.handler.HttpHandler - 

Request DefaultHttpRequest(decodeResult: success, version: HTTP/1.1)
POST /session/43ecfe73585b01027c8cb414025295c2/execute/sync HTTP/1.1
User-Agent: selenium/4.1.2 (java windows)
Content-Length: 48780
Content-Type: application/json; charset=utf-8
host: localhost:50214
accept: */*

Response DefaultHttpResponse(decodeResult: success, version: HTTP/1.1)
HTTP/1.1 200 OK
Content-Type: application/json; charset=utf-8
cache-control: no-cache
content-length: 14

16:30:24.284 [AsyncHttpClient-1-4] DEBUG org.asynchttpclient.netty.channel.ChannelManager - Adding key: http://localhost:50214 for channel [id: 0x3bba9229, L:/127.0.0.1:50482 - R:localhost/127.0.0.1:50214]
16:30:24.938 [AsyncHttpClient-1-1] DEBUG org.asynchttpclient.netty.channel.DefaultChannelPool - Entry count for : http://localhost:50485 : 1
16:30:24.938 [AsyncHttpClient-1-1] DEBUG org.asynchttpclient.netty.channel.DefaultChannelPool - Entry count for : http://localhost:50214 : 1
16:30:25.018 [Forwarding isElementDisplayed on session 43ecfe73585b01027c8cb414025295c2 to remote] DEBUG org.asynchttpclient.netty.request.NettyRequestSender - Using pooled Channel '[id: 0x3bba9229, L:/127.0.0.1:50482 - R:localhost/127.0.0.1:50214]' for 'POST' to 'http://localhost:50214/session/43ecfe73585b01027c8cb414025295c2/execute/sync'
16:30:25.018 [Forwarding isElementDisplayed on session 43ecfe73585b01027c8cb414025295c2 to remote] DEBUG org.asynchttpclient.netty.request.NettyRequestSender - Using open Channel [id: 0x3bba9229, L:/127.0.0.1:50482 - R:localhost/127.0.0.1:50214] for POST '/session/43ecfe73585b01027c8cb414025295c2/execute/sync'
16:30:25.065 [AsyncHttpClient-1-4] DEBUG org.asynchttpclient.netty.handler.HttpHandler - 

Request DefaultHttpRequest(decodeResult: success, version: HTTP/1.1)
POST /session/43ecfe73585b01027c8cb414025295c2/execute/sync HTTP/1.1
User-Agent: selenium/4.1.2 (java windows)
Content-Length: 48780
Content-Type: application/json; charset=utf-8
host: localhost:50214
accept: */*

Response DefaultHttpResponse(decodeResult: success, version: HTTP/1.1)
HTTP/1.1 200 OK
Content-Type: application/json; charset=utf-8
cache-control: no-cache
content-length: 14

16:30:25.065 [AsyncHttpClient-1-4] DEBUG org.asynchttpclient.netty.channel.ChannelManager - Adding key: http://localhost:50214 for channel [id: 0x3bba9229, L:/127.0.0.1:50482 - R:localhost/127.0.0.1:50214]
16:30:25.175 [Forwarding isElementDisplayed on session 43ecfe73585b01027c8cb414025295c2 to remote] DEBUG org.asynchttpclient.netty.request.NettyRequestSender - Using pooled Channel '[id: 0x3bba9229, L:/127.0.0.1:50482 - R:localhost/127.0.0.1:50214]' for 'POST' to 'http://localhost:50214/session/43ecfe73585b01027c8cb414025295c2/execute/sync'
16:30:25.175 [Forwarding isElementDisplayed on session 43ecfe73585b01027c8cb414025295c2 to remote] DEBUG org.asynchttpclient.netty.request.NettyRequestSender - Using open Channel [id: 0x3bba9229, L:/127.0.0.1:50482 - R:localhost/127.0.0.1:50214] for POST '/session/43ecfe73585b01027c8cb414025295c2/execute/sync'
16:30:25.188 [AsyncHttpClient-1-4] DEBUG org.asynchttpclient.netty.handler.HttpHandler - 

Request DefaultHttpRequest(decodeResult: success, version: HTTP/1.1)
POST /session/43ecfe73585b01027c8cb414025295c2/execute/sync HTTP/1.1
User-Agent: selenium/4.1.2 (java windows)
Content-Length: 48780
Content-Type: application/json; charset=utf-8
host: localhost:50214
accept: */*

Response DefaultHttpResponse(decodeResult: success, version: HTTP/1.1)
HTTP/1.1 200 OK
Content-Type: application/json; charset=utf-8
cache-control: no-cache
content-length: 14

16:30:25.188 [AsyncHttpClient-1-4] DEBUG org.asynchttpclient.netty.channel.ChannelManager - Adding key: http://localhost:50214 for channel [id: 0x3bba9229, L:/127.0.0.1:50482 - R:localhost/127.0.0.1:50214]
16:30:25.680 [Forwarding isElementDisplayed on session 43ecfe73585b01027c8cb414025295c2 to remote] DEBUG org.asynchttpclient.netty.request.NettyRequestSender - Using pooled Channel '[id: 0x3bba9229, L:/127.0.0.1:50482 - R:localhost/127.0.0.1:50214]' for 'POST' to 'http://localhost:50214/session/43ecfe73585b01027c8cb414025295c2/execute/sync'
16:30:25.680 [Forwarding isElementDisplayed on session 43ecfe73585b01027c8cb414025295c2 to remote] DEBUG org.asynchttpclient.netty.request.NettyRequestSender - Using open Channel [id: 0x3bba9229, L:/127.0.0.1:50482 - R:localhost/127.0.0.1:50214] for POST '/session/43ecfe73585b01027c8cb414025295c2/execute/sync'
16:30:25.714 [AsyncHttpClient-1-4] DEBUG org.asynchttpclient.netty.handler.HttpHandler - 

Request DefaultHttpRequest(decodeResult: success, version: HTTP/1.1)
POST /session/43ecfe73585b01027c8cb414025295c2/execute/sync HTTP/1.1
User-Agent: selenium/4.1.2 (java windows)
Content-Length: 48780
Content-Type: application/json; charset=utf-8
host: localhost:50214
accept: */*

Response DefaultHttpResponse(decodeResult: success, version: HTTP/1.1)
HTTP/1.1 404 Not Found
Content-Type: application/json; charset=utf-8
cache-control: no-cache
content-length: 1018

16:30:25.714 [AsyncHttpClient-1-4] DEBUG org.asynchttpclient.netty.channel.ChannelManager - Adding key: http://localhost:50214 for channel [id: 0x3bba9229, L:/127.0.0.1:50482 - R:localhost/127.0.0.1:50214]
16:30:26.038 [AsyncHttpClient-1-1] DEBUG org.asynchttpclient.netty.channel.DefaultChannelPool - Entry count for : http://localhost:50485 : 1
16:30:26.039 [AsyncHttpClient-1-1] DEBUG org.asynchttpclient.netty.channel.DefaultChannelPool - Entry count for : http://localhost:50214 : 1
16:30:29.410 [AsyncHttpClient-1-1] DEBUG org.asynchttpclient.netty.channel.DefaultChannelPool - Entry count for : http://localhost:50485 : 1
16:30:29.411 [AsyncHttpClient-1-1] DEBUG org.asynchttpclient.netty.channel.DefaultChannelPool - Entry count for : http://localhost:50214 : 1
16:30:29.951 [Forwarding findElement on session 43ecfe73585b01027c8cb414025295c2 to remote] DEBUG org.asynchttpclient.netty.request.NettyRequestSender - Using pooled Channel '[id: 0x3bba9229, L:/127.0.0.1:50482 - R:localhost/127.0.0.1:50214]' for 'POST' to 'http://localhost:50214/session/43ecfe73585b01027c8cb414025295c2/element'
16:30:29.951 [Forwarding findElement on session 43ecfe73585b01027c8cb414025295c2 to remote] DEBUG org.asynchttpclient.netty.request.NettyRequestSender - Using open Channel [id: 0x3bba9229, L:/127.0.0.1:50482 - R:localhost/127.0.0.1:50214] for POST '/session/43ecfe73585b01027c8cb414025295c2/element'
16:30:30.181 [AsyncHttpClient-1-4] DEBUG org.asynchttpclient.netty.handler.HttpHandler - 

Request DefaultHttpRequest(decodeResult: success, version: HTTP/1.1)
POST /session/43ecfe73585b01027c8cb414025295c2/element HTTP/1.1
User-Agent: selenium/4.1.2 (java windows)
Content-Length: 89
Content-Type: application/json; charset=utf-8
host: localhost:50214
accept: */*

Response DefaultHttpResponse(decodeResult: success, version: HTTP/1.1)
HTTP/1.1 200 OK
Content-Type: application/json; charset=utf-8
cache-control: no-cache
content-length: 88

16:30:30.182 [AsyncHttpClient-1-4] DEBUG org.asynchttpclient.netty.channel.ChannelManager - Adding key: http://localhost:50214 for channel [id: 0x3bba9229, L:/127.0.0.1:50482 - R:localhost/127.0.0.1:50214]
16:30:30.187 [Forwarding isElementDisplayed on session 43ecfe73585b01027c8cb414025295c2 to remote] DEBUG org.asynchttpclient.netty.request.NettyRequestSender - Using pooled Channel '[id: 0x3bba9229, L:/127.0.0.1:50482 - R:localhost/127.0.0.1:50214]' for 'POST' to 'http://localhost:50214/session/43ecfe73585b01027c8cb414025295c2/execute/sync'
16:30:30.187 [Forwarding isElementDisplayed on session 43ecfe73585b01027c8cb414025295c2 to remote] DEBUG org.asynchttpclient.netty.request.NettyRequestSender - Using open Channel [id: 0x3bba9229, L:/127.0.0.1:50482 - R:localhost/127.0.0.1:50214] for POST '/session/43ecfe73585b01027c8cb414025295c2/execute/sync'
16:30:30.299 [AsyncHttpClient-1-4] DEBUG org.asynchttpclient.netty.handler.HttpHandler - 

Request DefaultHttpRequest(decodeResult: success, version: HTTP/1.1)
POST /session/43ecfe73585b01027c8cb414025295c2/execute/sync HTTP/1.1
User-Agent: selenium/4.1.2 (java windows)
Content-Length: 48780
Content-Type: application/json; charset=utf-8
host: localhost:50214
accept: */*

Response DefaultHttpResponse(decodeResult: success, version: HTTP/1.1)
HTTP/1.1 200 OK
Content-Type: application/json; charset=utf-8
cache-control: no-cache
content-length: 14

16:30:30.299 [AsyncHttpClient-1-4] DEBUG org.asynchttpclient.netty.channel.ChannelManager - Adding key: http://localhost:50214 for channel [id: 0x3bba9229, L:/127.0.0.1:50482 - R:localhost/127.0.0.1:50214]
16:30:30.317 [Forwarding screenshot on session 43ecfe73585b01027c8cb414025295c2 to remote] DEBUG org.asynchttpclient.netty.request.NettyRequestSender - Using pooled Channel '[id: 0x3bba9229, L:/127.0.0.1:50482 - R:localhost/127.0.0.1:50214]' for 'GET' to 'http://localhost:50214/session/43ecfe73585b01027c8cb414025295c2/screenshot'
16:30:30.317 [Forwarding screenshot on session 43ecfe73585b01027c8cb414025295c2 to remote] DEBUG org.asynchttpclient.netty.request.NettyRequestSender - Using open Channel [id: 0x3bba9229, L:/127.0.0.1:50482 - R:localhost/127.0.0.1:50214] for GET '/session/43ecfe73585b01027c8cb414025295c2/screenshot'
16:30:30.438 [AsyncHttpClient-1-1] DEBUG org.asynchttpclient.netty.channel.DefaultChannelPool - Entry count for : http://localhost:50485 : 1
16:30:30.444 [AsyncHttpClient-1-4] DEBUG org.asynchttpclient.netty.handler.HttpHandler - 

Request DefaultFullHttpRequest(decodeResult: success, version: HTTP/1.1, content: EmptyByteBufBE)
GET /session/43ecfe73585b01027c8cb414025295c2/screenshot HTTP/1.1
User-Agent: selenium/4.1.2 (java windows)
Cache-Control: no-cache
Content-Type: application/json; charset=utf-8
host: localhost:50214
accept: */*

Response DefaultHttpResponse(decodeResult: success, version: HTTP/1.1)
HTTP/1.1 200 OK
Content-Type: application/json; charset=utf-8
cache-control: no-cache
content-length: 77744

16:30:30.445 [AsyncHttpClient-1-4] DEBUG org.asynchttpclient.netty.channel.ChannelManager - Adding key: http://localhost:50214 for channel [id: 0x3bba9229, L:/127.0.0.1:50482 - R:localhost/127.0.0.1:50214]
16:30:30.451 [main] DEBUG net.serenitybdd.core.photography.Darkroom - Send negative for processing for target\site\serenity\7a773f0c4431a7de594b561c72baa4e0ea455a9942ae86d558460355fcdb4664.png
16:30:30.451 [main] DEBUG net.thucydides.core.steps.StepInterceptor - STEP DONE: appointmentDeleted
  &amp#27;[32mThen &amp#27;[0m&amp#27;[32mI validate Appointment success deleted&amp#27;[0m &amp#27;[90m# starter.stepdefinitions.AppointmentSteps.iValidateAppointmentSuccessDeleted()&amp#27;[0m
16:30:30.451 [Darkroom Processing Line] DEBUG net.serenitybdd.core.photography.DarkroomProcessingLine - Processing screenshot image in /var/screenshots/screenshot-2431644196548259092
16:30:30.451 [Darkroom Processing Line] DEBUG net.serenitybdd.core.photography.DarkroomProcessingLine - Saving screenshot to target\site\serenity\7a773f0c4431a7de594b561c72baa4e0ea455a9942ae86d558460355fcdb4664.png
16:30:30.459 [main] INFO  - 
  _____   ___   ___   _____     ___     _     ___   ___   ___   ___  
 |_   _| | __| / __| |_   _|   | _ \   /_\   / __| / __| | __| |   \ 
   | |   | _|  \__ \   | |     |  _/  / _ \  \__ \ \__ \ | _|  | |) |
   |_|   |___| |___/   |_|     |_|   /_/ \_\ |___/ |___/ |___| |___/ 

Delete Appointment Data Scenario
----------------------------------------------------------------------
16:30:30.461 [AsyncHttpClient-1-6] DEBUG org.asynchttpclient.netty.handler.WebSocketHandler - Channel Closed: [id: 0xd9a3e5a3, L:/127.0.0.1:50492 ! R:localhost/127.0.0.1:50485] with attribute NettyResponseFuture{currentRetry=5,
	isDone=1,
	isCancelled=0,
	asyncHandler=org.asynchttpclient.ws.WebSocketUpgradeHandler@591ece9b,
	nettyRequest=org.asynchttpclient.netty.request.NettyRequest@6dd159b4,
	future=java.util.concurrent.CompletableFuture@b0a8f8c[Completed normally],
	uri=ws://localhost:50485/devtools/browser/7e54ac02-82c5-47a6-b224-eabbb4193078,
	keepAlive=true,
	redirectCount=0,
	timeoutsHolder=null,
	inAuth=0,
	touch=1655717417350}
16:30:30.462 [AsyncHttpClient-1-6] DEBUG org.asynchttpclient.netty.channel.ChannelManager - Closing Channel [id: 0xd9a3e5a3, L:/127.0.0.1:50492 ! R:localhost/127.0.0.1:50485] 
16:30:30.462 [Driver Command Executor] DEBUG org.asynchttpclient.netty.request.NettyRequestSender - Using pooled Channel '[id: 0x3bba9229, L:/127.0.0.1:50482 - R:localhost/127.0.0.1:50214]' for 'DELETE' to 'http://localhost:50214/session/43ecfe73585b01027c8cb414025295c2'
16:30:30.462 [Driver Command Executor] DEBUG org.asynchttpclient.netty.request.NettyRequestSender - Using open Channel [id: 0x3bba9229, L:/127.0.0.1:50482 - R:localhost/127.0.0.1:50214] for DELETE '/session/43ecfe73585b01027c8cb414025295c2'
16:30:31.134 [AsyncHttpClient-1-5] DEBUG org.asynchttpclient.netty.handler.HttpHandler - Unexpected I/O exception on channel [id: 0xcceb4813, L:/127.0.0.1:50491 - R:localhost/127.0.0.1:50485]
java.net.SocketException: Connection reset
	at java.base/sun.nio.ch.SocketChannelImpl.throwConnectionReset(SocketChannelImpl.java:367)
	at java.base/sun.nio.ch.SocketChannelImpl.read(SocketChannelImpl.java:398)
	at io.netty.buffer.PooledByteBuf.setBytes(PooledByteBuf.java:258)
	at io.netty.buffer.AbstractByteBuf.writeBytes(AbstractByteBuf.java:1132)
	at io.netty.channel.socket.nio.NioSocketChannel.doReadBytes(NioSocketChannel.java:350)
	at io.netty.channel.nio.AbstractNioByteChannel$NioByteUnsafe.read(AbstractNioByteChannel.java:151)
	at io.netty.channel.nio.NioEventLoop.processSelectedKey(NioEventLoop.java:722)
	at io.netty.channel.nio.NioEventLoop.processSelectedKeysOptimized(NioEventLoop.java:658)
	at io.netty.channel.nio.NioEventLoop.processSelectedKeys(NioEventLoop.java:584)
	at io.netty.channel.nio.NioEventLoop.run(NioEventLoop.java:496)
	at io.netty.util.concurrent.SingleThreadEventExecutor$4.run(SingleThreadEventExecutor.java:986)
	at io.netty.util.internal.ThreadExecutorMap$2.run(ThreadExecutorMap.java:74)
	at io.netty.util.concurrent.FastThreadLocalRunnable.run(FastThreadLocalRunnable.java:30)
	at java.base/java.lang.Thread.run(Thread.java:832)
16:30:31.134 [AsyncHttpClient-1-5] DEBUG org.asynchttpclient.netty.channel.ChannelManager - Closing Channel [id: 0xcceb4813, L:/127.0.0.1:50491 - R:localhost/127.0.0.1:50485] 
16:30:31.134 [AsyncHttpClient-1-5] DEBUG org.asynchttpclient.netty.handler.HttpHandler - Channel Closed: [id: 0xcceb4813, L:/127.0.0.1:50491 ! R:localhost/127.0.0.1:50485] with attribute DISCARD
16:30:31.153 [AsyncHttpClient-1-4] DEBUG org.asynchttpclient.netty.handler.HttpHandler - 

Request DefaultFullHttpRequest(decodeResult: success, version: HTTP/1.1, content: EmptyByteBufBE)
DELETE /session/43ecfe73585b01027c8cb414025295c2 HTTP/1.1
User-Agent: selenium/4.1.2 (java windows)
Content-Type: application/json; charset=utf-8
host: localhost:50214
accept: */*

Response DefaultHttpResponse(decodeResult: success, version: HTTP/1.1)
HTTP/1.1 200 OK
Content-Type: application/json; charset=utf-8
cache-control: no-cache
content-length: 14

16:30:31.154 [AsyncHttpClient-1-4] DEBUG org.asynchttpclient.netty.channel.ChannelManager - Adding key: http://localhost:50214 for channel [id: 0x3bba9229, L:/127.0.0.1:50482 - R:localhost/127.0.0.1:50214]
16:30:31.339 [AsyncHttpClient-1-4] DEBUG org.asynchttpclient.netty.handler.HttpHandler - Channel Closed: [id: 0x3bba9229, L:/127.0.0.1:50482 ! R:localhost/127.0.0.1:50214] with attribute DISCARD
16:30:31.637 [AsyncHttpClient-1-1] DEBUG org.asynchttpclient.netty.channel.DefaultChannelPool - Entry count for : http://localhost:50485 : 1
16:30:31.637 [AsyncHttpClient-1-1] DEBUG org.asynchttpclient.netty.channel.DefaultChannelPool - Entry count for : http://localhost:50214 : 1
16:30:31.637 [AsyncHttpClient-1-1] DEBUG org.asynchttpclient.netty.channel.DefaultChannelPool - Adding Candidate expired Channel [id: 0xcceb4813, L:/127.0.0.1:50491 ! R:localhost/127.0.0.1:50485] isIdleTimeoutExpired=false isRemotelyClosed=true isTtlExpired=false
16:30:31.637 [AsyncHttpClient-1-1] DEBUG org.asynchttpclient.netty.channel.DefaultChannelPool - Closing Idle Channel [id: 0xcceb4813, L:/127.0.0.1:50491 ! R:localhost/127.0.0.1:50485]
16:30:31.638 [AsyncHttpClient-1-1] DEBUG org.asynchttpclient.netty.channel.DefaultChannelPool - Adding Candidate expired Channel [id: 0x3bba9229, L:/127.0.0.1:50482 ! R:localhost/127.0.0.1:50214] isIdleTimeoutExpired=false isRemotelyClosed=true isTtlExpired=false
16:30:31.638 [AsyncHttpClient-1-1] DEBUG org.asynchttpclient.netty.channel.DefaultChannelPool - Closing Idle Channel [id: 0x3bba9229, L:/127.0.0.1:50482 ! R:localhost/127.0.0.1:50214]
16:30:31.638 [AsyncHttpClient-1-1] DEBUG org.asynchttpclient.netty.channel.DefaultChannelPool - Closed 2 connections out of 2 in 1 ms
]]></system-out>
    <system-err><![CDATA[Starting ChromeDriver 102.0.5005.61 (0e59bcc00cc4985ce39ad31c150065f159d95ad3-refs/branch-heads/5005@{#819}) on port 50214
Only local connections are allowed.
Please see https://chromedriver.chromium.org/security-considerations for suggestions on keeping ChromeDriver safe.
ChromeDriver was started successfully.
Jun 20, 2022 4:30:17 PM org.openqa.selenium.remote.ProtocolHandshake createSession
INFO: Detected dialect: W3C
Jun 20, 2022 4:30:17 PM org.openqa.selenium.devtools.CdpVersionFinder findNearestMatch
WARNING: Unable to find an exact match for CDP version 102, so returning the closest version found: a no-op implementation
Jun 20, 2022 4:30:17 PM org.openqa.selenium.devtools.CdpVersionFinder findNearestMatch
INFO: Unable to find CDP implementation matching 102.
Jun 20, 2022 4:30:17 PM org.openqa.selenium.chromium.ChromiumDriver lambda$new$3
WARNING: Unable to find version of CDP to use for . You may need to include a dependency on a specific version of the CDP using something similar to `org.seleniumhq.selenium:selenium-devtools-v86:4.1.2` where the version ("v86") matches the version of the chromium-based browser you're using and the version number of the artifact is the same as Selenium's.
]]></system-err>
  </testcase>
  <testcase name="Filter Appointment General Scenario" classname="Appointment" time="16.385">
    <system-out><![CDATA[
@Appointment @FilterAppointmentGeneral
Scenario: Filter Appointment General Scenario                                &amp#27;[90m# src/test/resources/features/1.Appointment.feature:70&amp#27;[0m
16:30:31.870 [main] INFO io.cucumber.core.plugin.SerenityReporter - Running feature from file:///E:/My%20Documents/File%20Difa/TI%20Semester%206%20Kampus%20Merdeka%20Alterra/Tugas/CAPSTONE%20Project/Capstone-Project-Website/src/test/resources/features/1.Appointment.feature
16:30:31.872 [main] INFO  - 
  _____   ___   ___   _____     ___   _____     _     ___   _____   ___   ___  
 |_   _| | __| / __| |_   _|   / __| |_   _|   /_\   | _ \ |_   _| | __| |   \ 
   | |   | _|  \__ \   | |     \__ \   | |    / _ \  |   /   | |   | _|  | |) |
   |_|   |___| |___/   |_|     |___/   |_|   /_/ \_\ |_|_\   |_|   |___| |___/ 

Filter Appointment General Scenario(appointment;filter-appointment-general-scenario)
--------------------------------------------------------------------------------
16:30:31.889 [main] DEBUG net.thucydides.core.steps.StepInterceptor - STARTING STEP: DashboardSteps.iAmOnTheDashboardPage - openUrl
16:30:31.892 [main] INFO net.serenitybdd.core.webdriver.driverproviders.ChromeDriverProvider - Using automatically driver download
16:30:32.092 [main] DEBUG io.github.bonigarcia.wdm.cache.ResolutionCache - Resolution chrome=102 in cache (valid until 16:47:55 20/06/2022 ICT)
16:30:32.096 [main] DEBUG io.github.bonigarcia.wdm.cache.ResolutionCache - Resolution chrome102=102.0.5005.61 in cache (valid until 09:12:44 21/06/2022 ICT)
16:30:32.098 [main] INFO io.github.bonigarcia.wdm.WebDriverManager - Using chromedriver 102.0.5005.61 (resolved driver for Chrome 102)
16:30:32.122 [main] DEBUG io.github.bonigarcia.wdm.WebDriverManager - Driver chromedriver 102.0.5005.61 found in cache
16:30:32.123 [main] INFO io.github.bonigarcia.wdm.WebDriverManager - Exporting webdriver.chrome.driver as C:\Users\USER\.cache\selenium\chromedriver\win32\102.0.5005.61\chromedriver.exe
16:30:32.271 [main] DEBUG net.serenitybdd.core.webdriver.driverproviders.ProvideNewDriver - Instantiating driver
16:30:32.271 [main] DEBUG net.serenitybdd.core.webdriver.driverproviders.ProvideNewDriver - Driver capabilities: Capabilities {acceptInsecureCerts: false, base.url: https://hospital-management..., browserName: chrome, chrome.driver: src/test/resources/webdrive..., driver: chrome, goog:chromeOptions: {args: [], extensions: []}}
16:30:33.207 [AsyncHttpClient-1-7] DEBUG org.asynchttpclient.netty.channel.NettyConnectListener - Using new Channel '[id: 0x77d31d3d, L:/127.0.0.1:50524 - R:localhost/127.0.0.1:55400]' for 'POST' to '/session'
16:30:34.903 [AsyncHttpClient-1-7] DEBUG org.asynchttpclient.netty.handler.HttpHandler - 

Request DefaultHttpRequest(decodeResult: success, version: HTTP/1.1)
POST /session HTTP/1.1
User-Agent: selenium/4.1.2 (java windows)
Content-Length: 621
Content-Type: application/json; charset=utf-8
host: localhost:55400
accept: */*

Response DefaultHttpResponse(decodeResult: success, version: HTTP/1.1)
HTTP/1.1 200 OK
Content-Type: application/json; charset=utf-8
cache-control: no-cache
content-length: 789

16:30:34.904 [AsyncHttpClient-1-7] DEBUG org.asynchttpclient.netty.channel.ChannelManager - Adding key: http://localhost:55400 for channel [id: 0x77d31d3d, L:/127.0.0.1:50524 - R:localhost/127.0.0.1:55400]
16:30:34.912 [AsyncHttpClient-1-8] DEBUG org.asynchttpclient.netty.channel.NettyConnectListener - Using new Channel '[id: 0x648ba579, L:/127.0.0.1:50531 - R:localhost/127.0.0.1:50526]' for 'GET' to '/json/version'
16:30:34.913 [AsyncHttpClient-1-8] DEBUG org.asynchttpclient.netty.handler.HttpHandler - 

Request DefaultFullHttpRequest(decodeResult: success, version: HTTP/1.1, content: EmptyByteBufBE)
GET /json/version HTTP/1.1
User-Agent: selenium/4.1.2 (java windows)
host: localhost:50526
accept: */*

Response DefaultHttpResponse(decodeResult: success, version: HTTP/1.1)
HTTP/1.1 200 OK
Content-Type: application/json; charset=UTF-8
content-length: 427

16:30:34.913 [AsyncHttpClient-1-8] DEBUG org.asynchttpclient.netty.channel.ChannelManager - Adding key: http://localhost:50526 for channel [id: 0x648ba579, L:/127.0.0.1:50531 - R:localhost/127.0.0.1:50526]
16:30:34.915 [AsyncHttpClient-1-9] DEBUG org.asynchttpclient.netty.channel.NettyConnectListener - Using new Channel '[id: 0x13b7cca9, L:/127.0.0.1:50532 - R:localhost/127.0.0.1:50526]' for 'GET' to '/devtools/browser/9bd03ff2-d931-4d66-8940-55bd6c33794a'
16:30:34.916 [AsyncHttpClient-1-9] DEBUG org.asynchttpclient.netty.handler.WebSocketHandler - 

Request DefaultFullHttpRequest(decodeResult: success, version: HTTP/1.1, content: EmptyByteBufBE)
GET /devtools/browser/9bd03ff2-d931-4d66-8940-55bd6c33794a HTTP/1.1
upgrade: websocket
connection: upgrade
sec-websocket-key: P5TDKXMdmQHuvcSwuY4NHw==
sec-websocket-version: 13
origin: http://localhost:50526
host: localhost:50526
accept: */*
user-agent: AHC/2.1

Response DefaultHttpResponse(decodeResult: success, version: HTTP/1.1)
HTTP/1.1 101 WebSocket Protocol Handshake
Upgrade: WebSocket
Connection: Upgrade
Sec-WebSocket-Accept: gjsXGpNCRrs5KroQkGZqR1AHm7o=

16:30:34.921 [Forwarding maximizeCurrentWindow on session 39b653450b9505732bb31d06932bc723 to remote] DEBUG org.asynchttpclient.netty.request.NettyRequestSender - Using pooled Channel '[id: 0x77d31d3d, L:/127.0.0.1:50524 - R:localhost/127.0.0.1:55400]' for 'POST' to 'http://localhost:55400/session/39b653450b9505732bb31d06932bc723/window/maximize'
16:30:34.921 [Forwarding maximizeCurrentWindow on session 39b653450b9505732bb31d06932bc723 to remote] DEBUG org.asynchttpclient.netty.request.NettyRequestSender - Using open Channel [id: 0x77d31d3d, L:/127.0.0.1:50524 - R:localhost/127.0.0.1:55400] for POST '/session/39b653450b9505732bb31d06932bc723/window/maximize'
16:30:35.035 [AsyncHttpClient-1-7] DEBUG org.asynchttpclient.netty.handler.HttpHandler - 

Request DefaultHttpRequest(decodeResult: success, version: HTTP/1.1)
POST /session/39b653450b9505732bb31d06932bc723/window/maximize HTTP/1.1
User-Agent: selenium/4.1.2 (java windows)
Content-Length: 3
Content-Type: application/json; charset=utf-8
host: localhost:55400
accept: */*

Response DefaultHttpResponse(decodeResult: success, version: HTTP/1.1)
HTTP/1.1 200 OK
Content-Type: application/json; charset=utf-8
cache-control: no-cache
content-length: 51

16:30:35.035 [AsyncHttpClient-1-7] DEBUG org.asynchttpclient.netty.channel.ChannelManager - Adding key: http://localhost:55400 for channel [id: 0x77d31d3d, L:/127.0.0.1:50524 - R:localhost/127.0.0.1:55400]
16:30:35.036 [Forwarding get on session 39b653450b9505732bb31d06932bc723 to remote] DEBUG org.asynchttpclient.netty.request.NettyRequestSender - Using pooled Channel '[id: 0x77d31d3d, L:/127.0.0.1:50524 - R:localhost/127.0.0.1:55400]' for 'POST' to 'http://localhost:55400/session/39b653450b9505732bb31d06932bc723/url'
16:30:35.036 [Forwarding get on session 39b653450b9505732bb31d06932bc723 to remote] DEBUG org.asynchttpclient.netty.request.NettyRequestSender - Using open Channel [id: 0x77d31d3d, L:/127.0.0.1:50524 - R:localhost/127.0.0.1:55400] for POST '/session/39b653450b9505732bb31d06932bc723/url'
16:30:35.337 [AsyncHttpClient-1-1] DEBUG org.asynchttpclient.netty.channel.DefaultChannelPool - Entry count for : http://localhost:50526 : 1
16:30:36.438 [AsyncHttpClient-1-1] DEBUG org.asynchttpclient.netty.channel.DefaultChannelPool - Entry count for : http://localhost:50526 : 1
16:30:37.537 [AsyncHttpClient-1-1] DEBUG org.asynchttpclient.netty.channel.DefaultChannelPool - Entry count for : http://localhost:50526 : 1
16:30:38.637 [AsyncHttpClient-1-1] DEBUG org.asynchttpclient.netty.channel.DefaultChannelPool - Entry count for : http://localhost:50526 : 1
16:30:39.738 [AsyncHttpClient-1-1] DEBUG org.asynchttpclient.netty.channel.DefaultChannelPool - Entry count for : http://localhost:50526 : 1
16:30:40.837 [AsyncHttpClient-1-1] DEBUG org.asynchttpclient.netty.channel.DefaultChannelPool - Entry count for : http://localhost:50526 : 1
16:30:41.938 [AsyncHttpClient-1-1] DEBUG org.asynchttpclient.netty.channel.DefaultChannelPool - Entry count for : http://localhost:50526 : 1
16:30:42.945 [AsyncHttpClient-1-7] DEBUG org.asynchttpclient.netty.handler.HttpHandler - 

Request DefaultHttpRequest(decodeResult: success, version: HTTP/1.1)
POST /session/39b653450b9505732bb31d06932bc723/url HTTP/1.1
User-Agent: selenium/4.1.2 (java windows)
Content-Length: 65
Content-Type: application/json; charset=utf-8
host: localhost:55400
accept: */*

Response DefaultHttpResponse(decodeResult: success, version: HTTP/1.1)
HTTP/1.1 200 OK
Content-Type: application/json; charset=utf-8
cache-control: no-cache
content-length: 14

16:30:42.946 [AsyncHttpClient-1-7] DEBUG org.asynchttpclient.netty.channel.ChannelManager - Adding key: http://localhost:55400 for channel [id: 0x77d31d3d, L:/127.0.0.1:50524 - R:localhost/127.0.0.1:55400]
16:30:42.949 [Forwarding setTimeout on session 39b653450b9505732bb31d06932bc723 to remote] DEBUG org.asynchttpclient.netty.request.NettyRequestSender - Using pooled Channel '[id: 0x77d31d3d, L:/127.0.0.1:50524 - R:localhost/127.0.0.1:55400]' for 'POST' to 'http://localhost:55400/session/39b653450b9505732bb31d06932bc723/timeouts'
16:30:42.949 [Forwarding setTimeout on session 39b653450b9505732bb31d06932bc723 to remote] DEBUG org.asynchttpclient.netty.request.NettyRequestSender - Using open Channel [id: 0x77d31d3d, L:/127.0.0.1:50524 - R:localhost/127.0.0.1:55400] for POST '/session/39b653450b9505732bb31d06932bc723/timeouts'
16:30:42.951 [AsyncHttpClient-1-7] DEBUG org.asynchttpclient.netty.handler.HttpHandler - 

Request DefaultHttpRequest(decodeResult: success, version: HTTP/1.1)
POST /session/39b653450b9505732bb31d06932bc723/timeouts HTTP/1.1
User-Agent: selenium/4.1.2 (java windows)
Content-Length: 22
Content-Type: application/json; charset=utf-8
host: localhost:55400
accept: */*

Response DefaultHttpResponse(decodeResult: success, version: HTTP/1.1)
HTTP/1.1 200 OK
Content-Type: application/json; charset=utf-8
cache-control: no-cache
content-length: 14

16:30:42.951 [AsyncHttpClient-1-7] DEBUG org.asynchttpclient.netty.channel.ChannelManager - Adding key: http://localhost:55400 for channel [id: 0x77d31d3d, L:/127.0.0.1:50524 - R:localhost/127.0.0.1:55400]
16:30:42.957 [Forwarding getCurrentUrl on session 39b653450b9505732bb31d06932bc723 to remote] DEBUG org.asynchttpclient.netty.request.NettyRequestSender - Using pooled Channel '[id: 0x77d31d3d, L:/127.0.0.1:50524 - R:localhost/127.0.0.1:55400]' for 'GET' to 'http://localhost:55400/session/39b653450b9505732bb31d06932bc723/url'
16:30:42.957 [Forwarding getCurrentUrl on session 39b653450b9505732bb31d06932bc723 to remote] DEBUG org.asynchttpclient.netty.request.NettyRequestSender - Using open Channel [id: 0x77d31d3d, L:/127.0.0.1:50524 - R:localhost/127.0.0.1:55400] for GET '/session/39b653450b9505732bb31d06932bc723/url'
16:30:43.038 [AsyncHttpClient-1-1] DEBUG org.asynchttpclient.netty.channel.DefaultChannelPool - Entry count for : http://localhost:50526 : 1
16:30:43.106 [AsyncHttpClient-1-7] DEBUG org.asynchttpclient.netty.handler.HttpHandler - 

Request DefaultFullHttpRequest(decodeResult: success, version: HTTP/1.1, content: EmptyByteBufBE)
GET /session/39b653450b9505732bb31d06932bc723/url HTTP/1.1
User-Agent: selenium/4.1.2 (java windows)
Cache-Control: no-cache
Content-Type: application/json; charset=utf-8
host: localhost:55400
accept: */*

Response DefaultHttpResponse(decodeResult: success, version: HTTP/1.1)
HTTP/1.1 200 OK
Content-Type: application/json; charset=utf-8
cache-control: no-cache
content-length: 53

16:30:43.107 [AsyncHttpClient-1-7] DEBUG org.asynchttpclient.netty.channel.ChannelManager - Adding key: http://localhost:55400 for channel [id: 0x77d31d3d, L:/127.0.0.1:50524 - R:localhost/127.0.0.1:55400]
16:30:43.129 [Forwarding getCurrentUrl on session 39b653450b9505732bb31d06932bc723 to remote] DEBUG org.asynchttpclient.netty.request.NettyRequestSender - Using pooled Channel '[id: 0x77d31d3d, L:/127.0.0.1:50524 - R:localhost/127.0.0.1:55400]' for 'GET' to 'http://localhost:55400/session/39b653450b9505732bb31d06932bc723/url'
16:30:43.129 [Forwarding getCurrentUrl on session 39b653450b9505732bb31d06932bc723 to remote] DEBUG org.asynchttpclient.netty.request.NettyRequestSender - Using open Channel [id: 0x77d31d3d, L:/127.0.0.1:50524 - R:localhost/127.0.0.1:55400] for GET '/session/39b653450b9505732bb31d06932bc723/url'
16:30:43.134 [AsyncHttpClient-1-7] DEBUG org.asynchttpclient.netty.handler.HttpHandler - 

Request DefaultFullHttpRequest(decodeResult: success, version: HTTP/1.1, content: EmptyByteBufBE)
GET /session/39b653450b9505732bb31d06932bc723/url HTTP/1.1
User-Agent: selenium/4.1.2 (java windows)
Cache-Control: no-cache
Content-Type: application/json; charset=utf-8
host: localhost:55400
accept: */*

Response DefaultHttpResponse(decodeResult: success, version: HTTP/1.1)
HTTP/1.1 200 OK
Content-Type: application/json; charset=utf-8
cache-control: no-cache
content-length: 53

16:30:43.135 [AsyncHttpClient-1-7] DEBUG org.asynchttpclient.netty.channel.ChannelManager - Adding key: http://localhost:55400 for channel [id: 0x77d31d3d, L:/127.0.0.1:50524 - R:localhost/127.0.0.1:55400]
16:30:43.147 [Forwarding screenshot on session 39b653450b9505732bb31d06932bc723 to remote] DEBUG org.asynchttpclient.netty.request.NettyRequestSender - Using pooled Channel '[id: 0x77d31d3d, L:/127.0.0.1:50524 - R:localhost/127.0.0.1:55400]' for 'GET' to 'http://localhost:55400/session/39b653450b9505732bb31d06932bc723/screenshot'
16:30:43.147 [Forwarding screenshot on session 39b653450b9505732bb31d06932bc723 to remote] DEBUG org.asynchttpclient.netty.request.NettyRequestSender - Using open Channel [id: 0x77d31d3d, L:/127.0.0.1:50524 - R:localhost/127.0.0.1:55400] for GET '/session/39b653450b9505732bb31d06932bc723/screenshot'
16:30:43.503 [AsyncHttpClient-1-7] DEBUG org.asynchttpclient.netty.handler.HttpHandler - 

Request DefaultFullHttpRequest(decodeResult: success, version: HTTP/1.1, content: EmptyByteBufBE)
GET /session/39b653450b9505732bb31d06932bc723/screenshot HTTP/1.1
User-Agent: selenium/4.1.2 (java windows)
Cache-Control: no-cache
Content-Type: application/json; charset=utf-8
host: localhost:55400
accept: */*

Response DefaultHttpResponse(decodeResult: success, version: HTTP/1.1)
HTTP/1.1 200 OK
Content-Type: application/json; charset=utf-8
cache-control: no-cache
content-length: 355488

16:30:43.506 [AsyncHttpClient-1-7] DEBUG org.asynchttpclient.netty.channel.ChannelManager - Adding key: http://localhost:55400 for channel [id: 0x77d31d3d, L:/127.0.0.1:50524 - R:localhost/127.0.0.1:55400]
16:30:43.555 [main] DEBUG net.serenitybdd.core.photography.Darkroom - Send negative for processing for target\site\serenity\a10b50d14b154c59ce68b20a4dbf22a8de5c213cdb6f20cc7f2a508819dbff67.png
16:30:43.556 [main] DEBUG net.thucydides.core.steps.StepInterceptor - STEP DONE: openUrl
16:30:43.557 [Darkroom Processing Line] DEBUG net.serenitybdd.core.photography.DarkroomProcessingLine - Processing screenshot image in /var/screenshots/screenshot-17320536890069347568
16:30:43.557 [Darkroom Processing Line] DEBUG net.serenitybdd.core.photography.DarkroomProcessingLine - Saving screenshot to target\site\serenity\a10b50d14b154c59ce68b20a4dbf22a8de5c213cdb6f20cc7f2a508819dbff67.png
16:30:43.568 [main] DEBUG net.thucydides.core.steps.StepInterceptor - STARTING STEP: DashboardSteps.iAmOnTheDashboardPage - validateOnDashboardPage
16:30:43.572 [Forwarding findElement on session 39b653450b9505732bb31d06932bc723 to remote] DEBUG org.asynchttpclient.netty.request.NettyRequestSender - Using pooled Channel '[id: 0x77d31d3d, L:/127.0.0.1:50524 - R:localhost/127.0.0.1:55400]' for 'POST' to 'http://localhost:55400/session/39b653450b9505732bb31d06932bc723/element'
16:30:43.572 [Forwarding findElement on session 39b653450b9505732bb31d06932bc723 to remote] DEBUG org.asynchttpclient.netty.request.NettyRequestSender - Using open Channel [id: 0x77d31d3d, L:/127.0.0.1:50524 - R:localhost/127.0.0.1:55400] for POST '/session/39b653450b9505732bb31d06932bc723/element'
16:30:43.787 [AsyncHttpClient-1-7] DEBUG org.asynchttpclient.netty.handler.HttpHandler - 

Request DefaultHttpRequest(decodeResult: success, version: HTTP/1.1)
POST /session/39b653450b9505732bb31d06932bc723/element HTTP/1.1
User-Agent: selenium/4.1.2 (java windows)
Content-Length: 81
Content-Type: application/json; charset=utf-8
host: localhost:55400
accept: */*

Response DefaultHttpResponse(decodeResult: success, version: HTTP/1.1)
HTTP/1.1 200 OK
Content-Type: application/json; charset=utf-8
cache-control: no-cache
content-length: 88

16:30:43.787 [AsyncHttpClient-1-7] DEBUG org.asynchttpclient.netty.channel.ChannelManager - Adding key: http://localhost:55400 for channel [id: 0x77d31d3d, L:/127.0.0.1:50524 - R:localhost/127.0.0.1:55400]
16:30:43.794 [Forwarding isElementDisplayed on session 39b653450b9505732bb31d06932bc723 to remote] DEBUG org.asynchttpclient.netty.request.NettyRequestSender - Using pooled Channel '[id: 0x77d31d3d, L:/127.0.0.1:50524 - R:localhost/127.0.0.1:55400]' for 'POST' to 'http://localhost:55400/session/39b653450b9505732bb31d06932bc723/execute/sync'
16:30:43.794 [Forwarding isElementDisplayed on session 39b653450b9505732bb31d06932bc723 to remote] DEBUG org.asynchttpclient.netty.request.NettyRequestSender - Using open Channel [id: 0x77d31d3d, L:/127.0.0.1:50524 - R:localhost/127.0.0.1:55400] for POST '/session/39b653450b9505732bb31d06932bc723/execute/sync'
16:30:43.830 [AsyncHttpClient-1-7] DEBUG org.asynchttpclient.netty.handler.HttpHandler - 

Request DefaultHttpRequest(decodeResult: success, version: HTTP/1.1)
POST /session/39b653450b9505732bb31d06932bc723/execute/sync HTTP/1.1
User-Agent: selenium/4.1.2 (java windows)
Content-Length: 48780
Content-Type: application/json; charset=utf-8
host: localhost:55400
accept: */*

Response DefaultHttpResponse(decodeResult: success, version: HTTP/1.1)
HTTP/1.1 200 OK
Content-Type: application/json; charset=utf-8
cache-control: no-cache
content-length: 14

16:30:43.830 [AsyncHttpClient-1-7] DEBUG org.asynchttpclient.netty.channel.ChannelManager - Adding key: http://localhost:55400 for channel [id: 0x77d31d3d, L:/127.0.0.1:50524 - R:localhost/127.0.0.1:55400]
16:30:43.892 [Forwarding screenshot on session 39b653450b9505732bb31d06932bc723 to remote] DEBUG org.asynchttpclient.netty.request.NettyRequestSender - Using pooled Channel '[id: 0x77d31d3d, L:/127.0.0.1:50524 - R:localhost/127.0.0.1:55400]' for 'GET' to 'http://localhost:55400/session/39b653450b9505732bb31d06932bc723/screenshot'
16:30:43.892 [Forwarding screenshot on session 39b653450b9505732bb31d06932bc723 to remote] DEBUG org.asynchttpclient.netty.request.NettyRequestSender - Using open Channel [id: 0x77d31d3d, L:/127.0.0.1:50524 - R:localhost/127.0.0.1:55400] for GET '/session/39b653450b9505732bb31d06932bc723/screenshot'
16:30:44.137 [AsyncHttpClient-1-1] DEBUG org.asynchttpclient.netty.channel.DefaultChannelPool - Entry count for : http://localhost:50526 : 1
16:30:44.256 [AsyncHttpClient-1-7] DEBUG org.asynchttpclient.netty.handler.HttpHandler - 

Request DefaultFullHttpRequest(decodeResult: success, version: HTTP/1.1, content: EmptyByteBufBE)
GET /session/39b653450b9505732bb31d06932bc723/screenshot HTTP/1.1
User-Agent: selenium/4.1.2 (java windows)
Cache-Control: no-cache
Content-Type: application/json; charset=utf-8
host: localhost:55400
accept: */*

Response DefaultHttpResponse(decodeResult: success, version: HTTP/1.1)
HTTP/1.1 200 OK
Content-Type: application/json; charset=utf-8
cache-control: no-cache
content-length: 382596

16:30:44.259 [AsyncHttpClient-1-7] DEBUG org.asynchttpclient.netty.channel.ChannelManager - Adding key: http://localhost:55400 for channel [id: 0x77d31d3d, L:/127.0.0.1:50524 - R:localhost/127.0.0.1:55400]
16:30:44.349 [main] DEBUG net.serenitybdd.core.photography.Darkroom - Send negative for processing for target\site\serenity\ed15a54c91c342d96a850276df7b559f4526b370fc93040e3c407a48a170f368.png
16:30:44.350 [main] DEBUG net.thucydides.core.steps.StepInterceptor - STEP DONE: validateOnDashboardPage
  &amp#27;[32mGiven &amp#27;[0m&amp#27;[32mI am on the dashboard page&amp#27;[0m                                           &amp#27;[90m# starter.stepdefinitions.DashboardSteps.iAmOnTheDashboardPage()&amp#27;[0m
16:30:44.453 [Forwarding screenshot on session 39b653450b9505732bb31d06932bc723 to remote] DEBUG org.asynchttpclient.netty.request.NettyRequestSender - Using pooled Channel '[id: 0x77d31d3d, L:/127.0.0.1:50524 - R:localhost/127.0.0.1:55400]' for 'GET' to 'http://localhost:55400/session/39b653450b9505732bb31d06932bc723/screenshot'
16:30:44.453 [Forwarding screenshot on session 39b653450b9505732bb31d06932bc723 to remote] DEBUG org.asynchttpclient.netty.request.NettyRequestSender - Using open Channel [id: 0x77d31d3d, L:/127.0.0.1:50524 - R:localhost/127.0.0.1:55400] for GET '/session/39b653450b9505732bb31d06932bc723/screenshot'
16:30:45.238 [AsyncHttpClient-1-1] DEBUG org.asynchttpclient.netty.channel.DefaultChannelPool - Entry count for : http://localhost:50526 : 1
16:30:45.499 [AsyncHttpClient-1-7] DEBUG org.asynchttpclient.netty.handler.HttpHandler - 

Request DefaultFullHttpRequest(decodeResult: success, version: HTTP/1.1, content: EmptyByteBufBE)
GET /session/39b653450b9505732bb31d06932bc723/screenshot HTTP/1.1
User-Agent: selenium/4.1.2 (java windows)
Cache-Control: no-cache
Content-Type: application/json; charset=utf-8
host: localhost:55400
accept: */*

Response DefaultHttpResponse(decodeResult: success, version: HTTP/1.1)
HTTP/1.1 200 OK
Content-Type: application/json; charset=utf-8
cache-control: no-cache
content-length: 351816

16:30:45.501 [AsyncHttpClient-1-7] DEBUG org.asynchttpclient.netty.channel.ChannelManager - Adding key: http://localhost:55400 for channel [id: 0x77d31d3d, L:/127.0.0.1:50524 - R:localhost/127.0.0.1:55400]
16:30:45.651 [main] DEBUG net.serenitybdd.core.photography.Darkroom - Send negative for processing for target\site\serenity\20277f1d76f1b925628464fcd1ece5de77a814679d1be3fdcf836a7ddadfed60.png
16:30:45.652 [main] DEBUG net.thucydides.core.steps.StepInterceptor - STARTING STEP: AppointmentSteps.iClickMenuAppointment - clickMenuAppointmentButton
16:30:45.658 [Forwarding findElement on session 39b653450b9505732bb31d06932bc723 to remote] DEBUG org.asynchttpclient.netty.request.NettyRequestSender - Using pooled Channel '[id: 0x77d31d3d, L:/127.0.0.1:50524 - R:localhost/127.0.0.1:55400]' for 'POST' to 'http://localhost:55400/session/39b653450b9505732bb31d06932bc723/element'
16:30:45.658 [Forwarding findElement on session 39b653450b9505732bb31d06932bc723 to remote] DEBUG org.asynchttpclient.netty.request.NettyRequestSender - Using open Channel [id: 0x77d31d3d, L:/127.0.0.1:50524 - R:localhost/127.0.0.1:55400] for POST '/session/39b653450b9505732bb31d06932bc723/element'
16:30:45.680 [AsyncHttpClient-1-7] DEBUG org.asynchttpclient.netty.handler.HttpHandler - 

Request DefaultHttpRequest(decodeResult: success, version: HTTP/1.1)
POST /session/39b653450b9505732bb31d06932bc723/element HTTP/1.1
User-Agent: selenium/4.1.2 (java windows)
Content-Length: 84
Content-Type: application/json; charset=utf-8
host: localhost:55400
accept: */*

Response DefaultHttpResponse(decodeResult: success, version: HTTP/1.1)
HTTP/1.1 200 OK
Content-Type: application/json; charset=utf-8
cache-control: no-cache
content-length: 88

16:30:45.680 [AsyncHttpClient-1-7] DEBUG org.asynchttpclient.netty.channel.ChannelManager - Adding key: http://localhost:55400 for channel [id: 0x77d31d3d, L:/127.0.0.1:50524 - R:localhost/127.0.0.1:55400]
16:30:45.683 [Forwarding getElementTagName on session 39b653450b9505732bb31d06932bc723 to remote] DEBUG org.asynchttpclient.netty.request.NettyRequestSender - Using pooled Channel '[id: 0x77d31d3d, L:/127.0.0.1:50524 - R:localhost/127.0.0.1:55400]' for 'GET' to 'http://localhost:55400/session/39b653450b9505732bb31d06932bc723/element/cbccb4e0-20dc-42e9-a039-1355b6878e1c/name'
16:30:45.683 [Forwarding getElementTagName on session 39b653450b9505732bb31d06932bc723 to remote] DEBUG org.asynchttpclient.netty.request.NettyRequestSender - Using open Channel [id: 0x77d31d3d, L:/127.0.0.1:50524 - R:localhost/127.0.0.1:55400] for GET '/session/39b653450b9505732bb31d06932bc723/element/cbccb4e0-20dc-42e9-a039-1355b6878e1c/name'
16:30:45.690 [AsyncHttpClient-1-7] DEBUG org.asynchttpclient.netty.handler.HttpHandler - 

Request DefaultFullHttpRequest(decodeResult: success, version: HTTP/1.1, content: EmptyByteBufBE)
GET /session/39b653450b9505732bb31d06932bc723/element/cbccb4e0-20dc-42e9-a039-1355b6878e1c/name HTTP/1.1
User-Agent: selenium/4.1.2 (java windows)
Cache-Control: no-cache
Content-Type: application/json; charset=utf-8
host: localhost:55400
accept: */*

Response DefaultHttpResponse(decodeResult: success, version: HTTP/1.1)
HTTP/1.1 200 OK
Content-Type: application/json; charset=utf-8
cache-control: no-cache
content-length: 15

16:30:45.691 [AsyncHttpClient-1-7] DEBUG org.asynchttpclient.netty.channel.ChannelManager - Adding key: http://localhost:55400 for channel [id: 0x77d31d3d, L:/127.0.0.1:50524 - R:localhost/127.0.0.1:55400]
16:30:45.693 [Forwarding getElementTagName on session 39b653450b9505732bb31d06932bc723 to remote] DEBUG org.asynchttpclient.netty.request.NettyRequestSender - Using pooled Channel '[id: 0x77d31d3d, L:/127.0.0.1:50524 - R:localhost/127.0.0.1:55400]' for 'GET' to 'http://localhost:55400/session/39b653450b9505732bb31d06932bc723/element/cbccb4e0-20dc-42e9-a039-1355b6878e1c/name'
16:30:45.693 [Forwarding getElementTagName on session 39b653450b9505732bb31d06932bc723 to remote] DEBUG org.asynchttpclient.netty.request.NettyRequestSender - Using open Channel [id: 0x77d31d3d, L:/127.0.0.1:50524 - R:localhost/127.0.0.1:55400] for GET '/session/39b653450b9505732bb31d06932bc723/element/cbccb4e0-20dc-42e9-a039-1355b6878e1c/name'
16:30:45.700 [AsyncHttpClient-1-7] DEBUG org.asynchttpclient.netty.handler.HttpHandler - 

Request DefaultFullHttpRequest(decodeResult: success, version: HTTP/1.1, content: EmptyByteBufBE)
GET /session/39b653450b9505732bb31d06932bc723/element/cbccb4e0-20dc-42e9-a039-1355b6878e1c/name HTTP/1.1
User-Agent: selenium/4.1.2 (java windows)
Cache-Control: no-cache
Content-Type: application/json; charset=utf-8
host: localhost:55400
accept: */*

Response DefaultHttpResponse(decodeResult: success, version: HTTP/1.1)
HTTP/1.1 200 OK
Content-Type: application/json; charset=utf-8
cache-control: no-cache
content-length: 15

16:30:45.700 [AsyncHttpClient-1-7] DEBUG org.asynchttpclient.netty.channel.ChannelManager - Adding key: http://localhost:55400 for channel [id: 0x77d31d3d, L:/127.0.0.1:50524 - R:localhost/127.0.0.1:55400]
16:30:45.703 [Forwarding findElement on session 39b653450b9505732bb31d06932bc723 to remote] DEBUG org.asynchttpclient.netty.request.NettyRequestSender - Using pooled Channel '[id: 0x77d31d3d, L:/127.0.0.1:50524 - R:localhost/127.0.0.1:55400]' for 'POST' to 'http://localhost:55400/session/39b653450b9505732bb31d06932bc723/element'
16:30:45.703 [Forwarding findElement on session 39b653450b9505732bb31d06932bc723 to remote] DEBUG org.asynchttpclient.netty.request.NettyRequestSender - Using open Channel [id: 0x77d31d3d, L:/127.0.0.1:50524 - R:localhost/127.0.0.1:55400] for POST '/session/39b653450b9505732bb31d06932bc723/element'
16:30:45.714 [AsyncHttpClient-1-7] DEBUG org.asynchttpclient.netty.handler.HttpHandler - 

Request DefaultHttpRequest(decodeResult: success, version: HTTP/1.1)
POST /session/39b653450b9505732bb31d06932bc723/element HTTP/1.1
User-Agent: selenium/4.1.2 (java windows)
Content-Length: 84
Content-Type: application/json; charset=utf-8
host: localhost:55400
accept: */*

Response DefaultHttpResponse(decodeResult: success, version: HTTP/1.1)
HTTP/1.1 200 OK
Content-Type: application/json; charset=utf-8
cache-control: no-cache
content-length: 88

16:30:45.715 [AsyncHttpClient-1-7] DEBUG org.asynchttpclient.netty.channel.ChannelManager - Adding key: http://localhost:55400 for channel [id: 0x77d31d3d, L:/127.0.0.1:50524 - R:localhost/127.0.0.1:55400]
16:30:45.716 [Forwarding clickElement on session 39b653450b9505732bb31d06932bc723 to remote] DEBUG org.asynchttpclient.netty.request.NettyRequestSender - Using pooled Channel '[id: 0x77d31d3d, L:/127.0.0.1:50524 - R:localhost/127.0.0.1:55400]' for 'POST' to 'http://localhost:55400/session/39b653450b9505732bb31d06932bc723/element/cbccb4e0-20dc-42e9-a039-1355b6878e1c/click'
16:30:45.717 [Forwarding clickElement on session 39b653450b9505732bb31d06932bc723 to remote] DEBUG org.asynchttpclient.netty.request.NettyRequestSender - Using open Channel [id: 0x77d31d3d, L:/127.0.0.1:50524 - R:localhost/127.0.0.1:55400] for POST '/session/39b653450b9505732bb31d06932bc723/element/cbccb4e0-20dc-42e9-a039-1355b6878e1c/click'
16:30:45.998 [AsyncHttpClient-1-7] DEBUG org.asynchttpclient.netty.handler.HttpHandler - 

Request DefaultHttpRequest(decodeResult: success, version: HTTP/1.1)
POST /session/39b653450b9505732bb31d06932bc723/element/cbccb4e0-20dc-42e9-a039-1355b6878e1c/click HTTP/1.1
User-Agent: selenium/4.1.2 (java windows)
Content-Length: 50
Content-Type: application/json; charset=utf-8
host: localhost:55400
accept: */*

Response DefaultHttpResponse(decodeResult: success, version: HTTP/1.1)
HTTP/1.1 200 OK
Content-Type: application/json; charset=utf-8
cache-control: no-cache
content-length: 14

16:30:45.999 [AsyncHttpClient-1-7] DEBUG org.asynchttpclient.netty.channel.ChannelManager - Adding key: http://localhost:55400 for channel [id: 0x77d31d3d, L:/127.0.0.1:50524 - R:localhost/127.0.0.1:55400]
16:30:46.012 [Forwarding screenshot on session 39b653450b9505732bb31d06932bc723 to remote] DEBUG org.asynchttpclient.netty.request.NettyRequestSender - Using pooled Channel '[id: 0x77d31d3d, L:/127.0.0.1:50524 - R:localhost/127.0.0.1:55400]' for 'GET' to 'http://localhost:55400/session/39b653450b9505732bb31d06932bc723/screenshot'
16:30:46.012 [Forwarding screenshot on session 39b653450b9505732bb31d06932bc723 to remote] DEBUG org.asynchttpclient.netty.request.NettyRequestSender - Using open Channel [id: 0x77d31d3d, L:/127.0.0.1:50524 - R:localhost/127.0.0.1:55400] for GET '/session/39b653450b9505732bb31d06932bc723/screenshot'
16:30:46.157 [AsyncHttpClient-1-7] DEBUG org.asynchttpclient.netty.handler.HttpHandler - 

Request DefaultFullHttpRequest(decodeResult: success, version: HTTP/1.1, content: EmptyByteBufBE)
GET /session/39b653450b9505732bb31d06932bc723/screenshot HTTP/1.1
User-Agent: selenium/4.1.2 (java windows)
Cache-Control: no-cache
Content-Type: application/json; charset=utf-8
host: localhost:55400
accept: */*

Response DefaultHttpResponse(decodeResult: success, version: HTTP/1.1)
HTTP/1.1 200 OK
Content-Type: application/json; charset=utf-8
cache-control: no-cache
content-length: 77776

16:30:46.157 [AsyncHttpClient-1-7] DEBUG org.asynchttpclient.netty.channel.ChannelManager - Adding key: http://localhost:55400 for channel [id: 0x77d31d3d, L:/127.0.0.1:50524 - R:localhost/127.0.0.1:55400]
16:30:46.164 [main] DEBUG net.serenitybdd.core.photography.Darkroom - Send negative for processing for target\site\serenity\dde6ee49eef829c4844cc40a8aaa4d6e912eaee4e88eb74d4e912a38905c5f6b.png
16:30:46.164 [main] DEBUG net.thucydides.core.steps.StepInterceptor - STEP DONE: clickMenuAppointmentButton
  &amp#27;[32mAnd &amp#27;[0m&amp#27;[32mI click menu Appointment&amp#27;[0m                                               &amp#27;[90m# starter.stepdefinitions.AppointmentSteps.iClickMenuAppointment()&amp#27;[0m
16:30:46.194 [main] DEBUG net.thucydides.core.steps.StepInterceptor - STARTING STEP: AppointmentSteps.iClickAppointmentDepartmentDropdown - clickFilterDropdown
16:30:46.200 [Forwarding findElement on session 39b653450b9505732bb31d06932bc723 to remote] DEBUG org.asynchttpclient.netty.request.NettyRequestSender - Using pooled Channel '[id: 0x77d31d3d, L:/127.0.0.1:50524 - R:localhost/127.0.0.1:55400]' for 'POST' to 'http://localhost:55400/session/39b653450b9505732bb31d06932bc723/element'
16:30:46.200 [Forwarding findElement on session 39b653450b9505732bb31d06932bc723 to remote] DEBUG org.asynchttpclient.netty.request.NettyRequestSender - Using open Channel [id: 0x77d31d3d, L:/127.0.0.1:50524 - R:localhost/127.0.0.1:55400] for POST '/session/39b653450b9505732bb31d06932bc723/element'
16:30:46.219 [AsyncHttpClient-1-7] DEBUG org.asynchttpclient.netty.handler.HttpHandler - 

Request DefaultHttpRequest(decodeResult: success, version: HTTP/1.1)
POST /session/39b653450b9505732bb31d06932bc723/element HTTP/1.1
User-Agent: selenium/4.1.2 (java windows)
Content-Length: 146
Content-Type: application/json; charset=utf-8
host: localhost:55400
accept: */*

Response DefaultHttpResponse(decodeResult: success, version: HTTP/1.1)
HTTP/1.1 200 OK
Content-Type: application/json; charset=utf-8
cache-control: no-cache
content-length: 88

16:30:46.219 [AsyncHttpClient-1-7] DEBUG org.asynchttpclient.netty.channel.ChannelManager - Adding key: http://localhost:55400 for channel [id: 0x77d31d3d, L:/127.0.0.1:50524 - R:localhost/127.0.0.1:55400]
16:30:46.222 [Forwarding getElementTagName on session 39b653450b9505732bb31d06932bc723 to remote] DEBUG org.asynchttpclient.netty.request.NettyRequestSender - Using pooled Channel '[id: 0x77d31d3d, L:/127.0.0.1:50524 - R:localhost/127.0.0.1:55400]' for 'GET' to 'http://localhost:55400/session/39b653450b9505732bb31d06932bc723/element/c3c4b850-0b1b-424a-aa1f-ec698d58ef95/name'
16:30:46.222 [Forwarding getElementTagName on session 39b653450b9505732bb31d06932bc723 to remote] DEBUG org.asynchttpclient.netty.request.NettyRequestSender - Using open Channel [id: 0x77d31d3d, L:/127.0.0.1:50524 - R:localhost/127.0.0.1:55400] for GET '/session/39b653450b9505732bb31d06932bc723/element/c3c4b850-0b1b-424a-aa1f-ec698d58ef95/name'
16:30:46.253 [AsyncHttpClient-1-7] DEBUG org.asynchttpclient.netty.handler.HttpHandler - 

Request DefaultFullHttpRequest(decodeResult: success, version: HTTP/1.1, content: EmptyByteBufBE)
GET /session/39b653450b9505732bb31d06932bc723/element/c3c4b850-0b1b-424a-aa1f-ec698d58ef95/name HTTP/1.1
User-Agent: selenium/4.1.2 (java windows)
Cache-Control: no-cache
Content-Type: application/json; charset=utf-8
host: localhost:55400
accept: */*

Response DefaultHttpResponse(decodeResult: success, version: HTTP/1.1)
HTTP/1.1 200 OK
Content-Type: application/json; charset=utf-8
cache-control: no-cache
content-length: 15

16:30:46.253 [AsyncHttpClient-1-7] DEBUG org.asynchttpclient.netty.channel.ChannelManager - Adding key: http://localhost:55400 for channel [id: 0x77d31d3d, L:/127.0.0.1:50524 - R:localhost/127.0.0.1:55400]
16:30:46.256 [Forwarding getElementTagName on session 39b653450b9505732bb31d06932bc723 to remote] DEBUG org.asynchttpclient.netty.request.NettyRequestSender - Using pooled Channel '[id: 0x77d31d3d, L:/127.0.0.1:50524 - R:localhost/127.0.0.1:55400]' for 'GET' to 'http://localhost:55400/session/39b653450b9505732bb31d06932bc723/element/c3c4b850-0b1b-424a-aa1f-ec698d58ef95/name'
16:30:46.256 [Forwarding getElementTagName on session 39b653450b9505732bb31d06932bc723 to remote] DEBUG org.asynchttpclient.netty.request.NettyRequestSender - Using open Channel [id: 0x77d31d3d, L:/127.0.0.1:50524 - R:localhost/127.0.0.1:55400] for GET '/session/39b653450b9505732bb31d06932bc723/element/c3c4b850-0b1b-424a-aa1f-ec698d58ef95/name'
16:30:46.261 [AsyncHttpClient-1-7] DEBUG org.asynchttpclient.netty.handler.HttpHandler - 

Request DefaultFullHttpRequest(decodeResult: success, version: HTTP/1.1, content: EmptyByteBufBE)
GET /session/39b653450b9505732bb31d06932bc723/element/c3c4b850-0b1b-424a-aa1f-ec698d58ef95/name HTTP/1.1
User-Agent: selenium/4.1.2 (java windows)
Cache-Control: no-cache
Content-Type: application/json; charset=utf-8
host: localhost:55400
accept: */*

Response DefaultHttpResponse(decodeResult: success, version: HTTP/1.1)
HTTP/1.1 200 OK
Content-Type: application/json; charset=utf-8
cache-control: no-cache
content-length: 15

16:30:46.261 [AsyncHttpClient-1-7] DEBUG org.asynchttpclient.netty.channel.ChannelManager - Adding key: http://localhost:55400 for channel [id: 0x77d31d3d, L:/127.0.0.1:50524 - R:localhost/127.0.0.1:55400]
16:30:46.265 [Forwarding findElement on session 39b653450b9505732bb31d06932bc723 to remote] DEBUG org.asynchttpclient.netty.request.NettyRequestSender - Using pooled Channel '[id: 0x77d31d3d, L:/127.0.0.1:50524 - R:localhost/127.0.0.1:55400]' for 'POST' to 'http://localhost:55400/session/39b653450b9505732bb31d06932bc723/element'
16:30:46.265 [Forwarding findElement on session 39b653450b9505732bb31d06932bc723 to remote] DEBUG org.asynchttpclient.netty.request.NettyRequestSender - Using open Channel [id: 0x77d31d3d, L:/127.0.0.1:50524 - R:localhost/127.0.0.1:55400] for POST '/session/39b653450b9505732bb31d06932bc723/element'
16:30:46.276 [AsyncHttpClient-1-7] DEBUG org.asynchttpclient.netty.handler.HttpHandler - 

Request DefaultHttpRequest(decodeResult: success, version: HTTP/1.1)
POST /session/39b653450b9505732bb31d06932bc723/element HTTP/1.1
User-Agent: selenium/4.1.2 (java windows)
Content-Length: 146
Content-Type: application/json; charset=utf-8
host: localhost:55400
accept: */*

Response DefaultHttpResponse(decodeResult: success, version: HTTP/1.1)
HTTP/1.1 200 OK
Content-Type: application/json; charset=utf-8
cache-control: no-cache
content-length: 88

16:30:46.276 [AsyncHttpClient-1-7] DEBUG org.asynchttpclient.netty.channel.ChannelManager - Adding key: http://localhost:55400 for channel [id: 0x77d31d3d, L:/127.0.0.1:50524 - R:localhost/127.0.0.1:55400]
16:30:46.278 [Forwarding clickElement on session 39b653450b9505732bb31d06932bc723 to remote] DEBUG org.asynchttpclient.netty.request.NettyRequestSender - Using pooled Channel '[id: 0x77d31d3d, L:/127.0.0.1:50524 - R:localhost/127.0.0.1:55400]' for 'POST' to 'http://localhost:55400/session/39b653450b9505732bb31d06932bc723/element/c3c4b850-0b1b-424a-aa1f-ec698d58ef95/click'
16:30:46.278 [Forwarding clickElement on session 39b653450b9505732bb31d06932bc723 to remote] DEBUG org.asynchttpclient.netty.request.NettyRequestSender - Using open Channel [id: 0x77d31d3d, L:/127.0.0.1:50524 - R:localhost/127.0.0.1:55400] for POST '/session/39b653450b9505732bb31d06932bc723/element/c3c4b850-0b1b-424a-aa1f-ec698d58ef95/click'
16:30:46.337 [AsyncHttpClient-1-1] DEBUG org.asynchttpclient.netty.channel.DefaultChannelPool - Entry count for : http://localhost:50526 : 1
16:30:46.403 [AsyncHttpClient-1-7] DEBUG org.asynchttpclient.netty.handler.HttpHandler - 

Request DefaultHttpRequest(decodeResult: success, version: HTTP/1.1)
POST /session/39b653450b9505732bb31d06932bc723/element/c3c4b850-0b1b-424a-aa1f-ec698d58ef95/click HTTP/1.1
User-Agent: selenium/4.1.2 (java windows)
Content-Length: 50
Content-Type: application/json; charset=utf-8
host: localhost:55400
accept: */*

Response DefaultHttpResponse(decodeResult: success, version: HTTP/1.1)
HTTP/1.1 200 OK
Content-Type: application/json; charset=utf-8
cache-control: no-cache
content-length: 14

16:30:46.403 [AsyncHttpClient-1-7] DEBUG org.asynchttpclient.netty.channel.ChannelManager - Adding key: http://localhost:55400 for channel [id: 0x77d31d3d, L:/127.0.0.1:50524 - R:localhost/127.0.0.1:55400]
16:30:46.417 [Forwarding screenshot on session 39b653450b9505732bb31d06932bc723 to remote] DEBUG org.asynchttpclient.netty.request.NettyRequestSender - Using pooled Channel '[id: 0x77d31d3d, L:/127.0.0.1:50524 - R:localhost/127.0.0.1:55400]' for 'GET' to 'http://localhost:55400/session/39b653450b9505732bb31d06932bc723/screenshot'
16:30:46.417 [Forwarding screenshot on session 39b653450b9505732bb31d06932bc723 to remote] DEBUG org.asynchttpclient.netty.request.NettyRequestSender - Using open Channel [id: 0x77d31d3d, L:/127.0.0.1:50524 - R:localhost/127.0.0.1:55400] for GET '/session/39b653450b9505732bb31d06932bc723/screenshot'
16:30:46.563 [AsyncHttpClient-1-7] DEBUG org.asynchttpclient.netty.handler.HttpHandler - 

Request DefaultFullHttpRequest(decodeResult: success, version: HTTP/1.1, content: EmptyByteBufBE)
GET /session/39b653450b9505732bb31d06932bc723/screenshot HTTP/1.1
User-Agent: selenium/4.1.2 (java windows)
Cache-Control: no-cache
Content-Type: application/json; charset=utf-8
host: localhost:55400
accept: */*

Response DefaultHttpResponse(decodeResult: success, version: HTTP/1.1)
HTTP/1.1 200 OK
Content-Type: application/json; charset=utf-8
cache-control: no-cache
content-length: 97932

16:30:46.564 [AsyncHttpClient-1-7] DEBUG org.asynchttpclient.netty.channel.ChannelManager - Adding key: http://localhost:55400 for channel [id: 0x77d31d3d, L:/127.0.0.1:50524 - R:localhost/127.0.0.1:55400]
16:30:46.572 [main] DEBUG net.serenitybdd.core.photography.Darkroom - Send negative for processing for target\site\serenity\98a97f4ba0c0c1e87d50fca25556da3758fb36007795ddc16f49d90d5571b3da.png
16:30:46.572 [main] DEBUG net.thucydides.core.steps.StepInterceptor - STEP DONE: clickFilterDropdown
  &amp#27;[32mWhen &amp#27;[0m&amp#27;[32mI click Appointment Department Filter Dropdown&amp#27;[0m                        &amp#27;[90m# starter.stepdefinitions.AppointmentSteps.iClickAppointmentDepartmentDropdown()&amp#27;[0m
16:30:46.573 [Darkroom Processing Line] DEBUG net.serenitybdd.core.photography.DarkroomProcessingLine - Processing screenshot image in /var/screenshots/screenshot-7532939070058111258
16:30:46.573 [Darkroom Processing Line] DEBUG net.serenitybdd.core.photography.DarkroomProcessingLine - Saving screenshot to target\site\serenity\98a97f4ba0c0c1e87d50fca25556da3758fb36007795ddc16f49d90d5571b3da.png
16:30:46.601 [main] DEBUG net.thucydides.core.steps.StepInterceptor - STARTING STEP: AppointmentSteps.iClickAppointmentGeneral - clickGeneralMenu
16:30:46.606 [Forwarding findElement on session 39b653450b9505732bb31d06932bc723 to remote] DEBUG org.asynchttpclient.netty.request.NettyRequestSender - Using pooled Channel '[id: 0x77d31d3d, L:/127.0.0.1:50524 - R:localhost/127.0.0.1:55400]' for 'POST' to 'http://localhost:55400/session/39b653450b9505732bb31d06932bc723/element'
16:30:46.606 [Forwarding findElement on session 39b653450b9505732bb31d06932bc723 to remote] DEBUG org.asynchttpclient.netty.request.NettyRequestSender - Using open Channel [id: 0x77d31d3d, L:/127.0.0.1:50524 - R:localhost/127.0.0.1:55400] for POST '/session/39b653450b9505732bb31d06932bc723/element'
16:30:46.627 [AsyncHttpClient-1-7] DEBUG org.asynchttpclient.netty.handler.HttpHandler - 

Request DefaultHttpRequest(decodeResult: success, version: HTTP/1.1)
POST /session/39b653450b9505732bb31d06932bc723/element HTTP/1.1
User-Agent: selenium/4.1.2 (java windows)
Content-Length: 109
Content-Type: application/json; charset=utf-8
host: localhost:55400
accept: */*

Response DefaultHttpResponse(decodeResult: success, version: HTTP/1.1)
HTTP/1.1 200 OK
Content-Type: application/json; charset=utf-8
cache-control: no-cache
content-length: 88

16:30:46.627 [AsyncHttpClient-1-7] DEBUG org.asynchttpclient.netty.channel.ChannelManager - Adding key: http://localhost:55400 for channel [id: 0x77d31d3d, L:/127.0.0.1:50524 - R:localhost/127.0.0.1:55400]
16:30:46.629 [Forwarding getElementTagName on session 39b653450b9505732bb31d06932bc723 to remote] DEBUG org.asynchttpclient.netty.request.NettyRequestSender - Using pooled Channel '[id: 0x77d31d3d, L:/127.0.0.1:50524 - R:localhost/127.0.0.1:55400]' for 'GET' to 'http://localhost:55400/session/39b653450b9505732bb31d06932bc723/element/2c70eed0-5753-4a62-a6bc-c7f775a0a920/name'
16:30:46.629 [Forwarding getElementTagName on session 39b653450b9505732bb31d06932bc723 to remote] DEBUG org.asynchttpclient.netty.request.NettyRequestSender - Using open Channel [id: 0x77d31d3d, L:/127.0.0.1:50524 - R:localhost/127.0.0.1:55400] for GET '/session/39b653450b9505732bb31d06932bc723/element/2c70eed0-5753-4a62-a6bc-c7f775a0a920/name'
16:30:46.636 [AsyncHttpClient-1-7] DEBUG org.asynchttpclient.netty.handler.HttpHandler - 

Request DefaultFullHttpRequest(decodeResult: success, version: HTTP/1.1, content: EmptyByteBufBE)
GET /session/39b653450b9505732bb31d06932bc723/element/2c70eed0-5753-4a62-a6bc-c7f775a0a920/name HTTP/1.1
User-Agent: selenium/4.1.2 (java windows)
Cache-Control: no-cache
Content-Type: application/json; charset=utf-8
host: localhost:55400
accept: */*

Response DefaultHttpResponse(decodeResult: success, version: HTTP/1.1)
HTTP/1.1 200 OK
Content-Type: application/json; charset=utf-8
cache-control: no-cache
content-length: 14

16:30:46.637 [AsyncHttpClient-1-7] DEBUG org.asynchttpclient.netty.channel.ChannelManager - Adding key: http://localhost:55400 for channel [id: 0x77d31d3d, L:/127.0.0.1:50524 - R:localhost/127.0.0.1:55400]
16:30:46.638 [Forwarding getElementTagName on session 39b653450b9505732bb31d06932bc723 to remote] DEBUG org.asynchttpclient.netty.request.NettyRequestSender - Using pooled Channel '[id: 0x77d31d3d, L:/127.0.0.1:50524 - R:localhost/127.0.0.1:55400]' for 'GET' to 'http://localhost:55400/session/39b653450b9505732bb31d06932bc723/element/2c70eed0-5753-4a62-a6bc-c7f775a0a920/name'
16:30:46.638 [Forwarding getElementTagName on session 39b653450b9505732bb31d06932bc723 to remote] DEBUG org.asynchttpclient.netty.request.NettyRequestSender - Using open Channel [id: 0x77d31d3d, L:/127.0.0.1:50524 - R:localhost/127.0.0.1:55400] for GET '/session/39b653450b9505732bb31d06932bc723/element/2c70eed0-5753-4a62-a6bc-c7f775a0a920/name'
16:30:46.643 [AsyncHttpClient-1-7] DEBUG org.asynchttpclient.netty.handler.HttpHandler - 

Request DefaultFullHttpRequest(decodeResult: success, version: HTTP/1.1, content: EmptyByteBufBE)
GET /session/39b653450b9505732bb31d06932bc723/element/2c70eed0-5753-4a62-a6bc-c7f775a0a920/name HTTP/1.1
User-Agent: selenium/4.1.2 (java windows)
Cache-Control: no-cache
Content-Type: application/json; charset=utf-8
host: localhost:55400
accept: */*

Response DefaultHttpResponse(decodeResult: success, version: HTTP/1.1)
HTTP/1.1 200 OK
Content-Type: application/json; charset=utf-8
cache-control: no-cache
content-length: 14

16:30:46.643 [AsyncHttpClient-1-7] DEBUG org.asynchttpclient.netty.channel.ChannelManager - Adding key: http://localhost:55400 for channel [id: 0x77d31d3d, L:/127.0.0.1:50524 - R:localhost/127.0.0.1:55400]
16:30:46.647 [Forwarding findElement on session 39b653450b9505732bb31d06932bc723 to remote] DEBUG org.asynchttpclient.netty.request.NettyRequestSender - Using pooled Channel '[id: 0x77d31d3d, L:/127.0.0.1:50524 - R:localhost/127.0.0.1:55400]' for 'POST' to 'http://localhost:55400/session/39b653450b9505732bb31d06932bc723/element'
16:30:46.647 [Forwarding findElement on session 39b653450b9505732bb31d06932bc723 to remote] DEBUG org.asynchttpclient.netty.request.NettyRequestSender - Using open Channel [id: 0x77d31d3d, L:/127.0.0.1:50524 - R:localhost/127.0.0.1:55400] for POST '/session/39b653450b9505732bb31d06932bc723/element'
16:30:46.741 [AsyncHttpClient-1-7] DEBUG org.asynchttpclient.netty.handler.HttpHandler - 

Request DefaultHttpRequest(decodeResult: success, version: HTTP/1.1)
POST /session/39b653450b9505732bb31d06932bc723/element HTTP/1.1
User-Agent: selenium/4.1.2 (java windows)
Content-Length: 109
Content-Type: application/json; charset=utf-8
host: localhost:55400
accept: */*

Response DefaultHttpResponse(decodeResult: success, version: HTTP/1.1)
HTTP/1.1 200 OK
Content-Type: application/json; charset=utf-8
cache-control: no-cache
content-length: 88

16:30:46.741 [AsyncHttpClient-1-7] DEBUG org.asynchttpclient.netty.channel.ChannelManager - Adding key: http://localhost:55400 for channel [id: 0x77d31d3d, L:/127.0.0.1:50524 - R:localhost/127.0.0.1:55400]
16:30:46.743 [Forwarding clickElement on session 39b653450b9505732bb31d06932bc723 to remote] DEBUG org.asynchttpclient.netty.request.NettyRequestSender - Using pooled Channel '[id: 0x77d31d3d, L:/127.0.0.1:50524 - R:localhost/127.0.0.1:55400]' for 'POST' to 'http://localhost:55400/session/39b653450b9505732bb31d06932bc723/element/2c70eed0-5753-4a62-a6bc-c7f775a0a920/click'
16:30:46.743 [Forwarding clickElement on session 39b653450b9505732bb31d06932bc723 to remote] DEBUG org.asynchttpclient.netty.request.NettyRequestSender - Using open Channel [id: 0x77d31d3d, L:/127.0.0.1:50524 - R:localhost/127.0.0.1:55400] for POST '/session/39b653450b9505732bb31d06932bc723/element/2c70eed0-5753-4a62-a6bc-c7f775a0a920/click'
16:30:46.980 [AsyncHttpClient-1-7] DEBUG org.asynchttpclient.netty.handler.HttpHandler - 

Request DefaultHttpRequest(decodeResult: success, version: HTTP/1.1)
POST /session/39b653450b9505732bb31d06932bc723/element/2c70eed0-5753-4a62-a6bc-c7f775a0a920/click HTTP/1.1
User-Agent: selenium/4.1.2 (java windows)
Content-Length: 50
Content-Type: application/json; charset=utf-8
host: localhost:55400
accept: */*

Response DefaultHttpResponse(decodeResult: success, version: HTTP/1.1)
HTTP/1.1 200 OK
Content-Type: application/json; charset=utf-8
cache-control: no-cache
content-length: 14

16:30:46.980 [AsyncHttpClient-1-7] DEBUG org.asynchttpclient.netty.channel.ChannelManager - Adding key: http://localhost:55400 for channel [id: 0x77d31d3d, L:/127.0.0.1:50524 - R:localhost/127.0.0.1:55400]
16:30:46.995 [Forwarding screenshot on session 39b653450b9505732bb31d06932bc723 to remote] DEBUG org.asynchttpclient.netty.request.NettyRequestSender - Using pooled Channel '[id: 0x77d31d3d, L:/127.0.0.1:50524 - R:localhost/127.0.0.1:55400]' for 'GET' to 'http://localhost:55400/session/39b653450b9505732bb31d06932bc723/screenshot'
16:30:46.995 [Forwarding screenshot on session 39b653450b9505732bb31d06932bc723 to remote] DEBUG org.asynchttpclient.netty.request.NettyRequestSender - Using open Channel [id: 0x77d31d3d, L:/127.0.0.1:50524 - R:localhost/127.0.0.1:55400] for GET '/session/39b653450b9505732bb31d06932bc723/screenshot'
16:30:47.327 [AsyncHttpClient-1-7] DEBUG org.asynchttpclient.netty.handler.HttpHandler - 

Request DefaultFullHttpRequest(decodeResult: success, version: HTTP/1.1, content: EmptyByteBufBE)
GET /session/39b653450b9505732bb31d06932bc723/screenshot HTTP/1.1
User-Agent: selenium/4.1.2 (java windows)
Cache-Control: no-cache
Content-Type: application/json; charset=utf-8
host: localhost:55400
accept: */*

Response DefaultHttpResponse(decodeResult: success, version: HTTP/1.1)
HTTP/1.1 200 OK
Content-Type: application/json; charset=utf-8
cache-control: no-cache
content-length: 89260

16:30:47.328 [AsyncHttpClient-1-7] DEBUG org.asynchttpclient.netty.channel.ChannelManager - Adding key: http://localhost:55400 for channel [id: 0x77d31d3d, L:/127.0.0.1:50524 - R:localhost/127.0.0.1:55400]
16:30:47.334 [main] DEBUG net.serenitybdd.core.photography.Darkroom - Send negative for processing for target\site\serenity\e8637a94691c409d7cb918fe57470fe5b60d5375e6231c4243dd7296f685fb8b.png
16:30:47.335 [main] DEBUG net.thucydides.core.steps.StepInterceptor - STEP DONE: clickGeneralMenu
16:30:47.335 [Darkroom Processing Line] DEBUG net.serenitybdd.core.photography.DarkroomProcessingLine - Processing screenshot image in /var/screenshots/screenshot-3332290288199351789
16:30:47.335 [Darkroom Processing Line] DEBUG net.serenitybdd.core.photography.DarkroomProcessingLine - Saving screenshot to target\site\serenity\e8637a94691c409d7cb918fe57470fe5b60d5375e6231c4243dd7296f685fb8b.png
  &amp#27;[32mAnd &amp#27;[0m&amp#27;[32mI click Appointment General&amp#27;[0m                                            &amp#27;[90m# starter.stepdefinitions.AppointmentSteps.iClickAppointmentGeneral()&amp#27;[0m
16:30:47.352 [main] DEBUG net.thucydides.core.steps.StepInterceptor - STARTING STEP: AppointmentSteps.iValidateTodayAppointmentOnlyShowGeneralDepartmentAppointment - validateGeneralAppointment
16:30:47.357 [Forwarding findElement on session 39b653450b9505732bb31d06932bc723 to remote] DEBUG org.asynchttpclient.netty.request.NettyRequestSender - Using pooled Channel '[id: 0x77d31d3d, L:/127.0.0.1:50524 - R:localhost/127.0.0.1:55400]' for 'POST' to 'http://localhost:55400/session/39b653450b9505732bb31d06932bc723/element'
16:30:47.357 [Forwarding findElement on session 39b653450b9505732bb31d06932bc723 to remote] DEBUG org.asynchttpclient.netty.request.NettyRequestSender - Using open Channel [id: 0x77d31d3d, L:/127.0.0.1:50524 - R:localhost/127.0.0.1:55400] for POST '/session/39b653450b9505732bb31d06932bc723/element'
16:30:47.374 [AsyncHttpClient-1-7] DEBUG org.asynchttpclient.netty.handler.HttpHandler - 

Request DefaultHttpRequest(decodeResult: success, version: HTTP/1.1)
POST /session/39b653450b9505732bb31d06932bc723/element HTTP/1.1
User-Agent: selenium/4.1.2 (java windows)
Content-Length: 145
Content-Type: application/json; charset=utf-8
host: localhost:55400
accept: */*

Response DefaultHttpResponse(decodeResult: success, version: HTTP/1.1)
HTTP/1.1 200 OK
Content-Type: application/json; charset=utf-8
cache-control: no-cache
content-length: 88

16:30:47.374 [AsyncHttpClient-1-7] DEBUG org.asynchttpclient.netty.channel.ChannelManager - Adding key: http://localhost:55400 for channel [id: 0x77d31d3d, L:/127.0.0.1:50524 - R:localhost/127.0.0.1:55400]
16:30:47.379 [Forwarding isElementDisplayed on session 39b653450b9505732bb31d06932bc723 to remote] DEBUG org.asynchttpclient.netty.request.NettyRequestSender - Using pooled Channel '[id: 0x77d31d3d, L:/127.0.0.1:50524 - R:localhost/127.0.0.1:55400]' for 'POST' to 'http://localhost:55400/session/39b653450b9505732bb31d06932bc723/execute/sync'
16:30:47.379 [Forwarding isElementDisplayed on session 39b653450b9505732bb31d06932bc723 to remote] DEBUG org.asynchttpclient.netty.request.NettyRequestSender - Using open Channel [id: 0x77d31d3d, L:/127.0.0.1:50524 - R:localhost/127.0.0.1:55400] for POST '/session/39b653450b9505732bb31d06932bc723/execute/sync'
16:30:47.400 [AsyncHttpClient-1-7] DEBUG org.asynchttpclient.netty.handler.HttpHandler - 

Request DefaultHttpRequest(decodeResult: success, version: HTTP/1.1)
POST /session/39b653450b9505732bb31d06932bc723/execute/sync HTTP/1.1
User-Agent: selenium/4.1.2 (java windows)
Content-Length: 48780
Content-Type: application/json; charset=utf-8
host: localhost:55400
accept: */*

Response DefaultHttpResponse(decodeResult: success, version: HTTP/1.1)
HTTP/1.1 200 OK
Content-Type: application/json; charset=utf-8
cache-control: no-cache
content-length: 14

16:30:47.400 [AsyncHttpClient-1-7] DEBUG org.asynchttpclient.netty.channel.ChannelManager - Adding key: http://localhost:55400 for channel [id: 0x77d31d3d, L:/127.0.0.1:50524 - R:localhost/127.0.0.1:55400]
16:30:47.403 [Forwarding findElement on session 39b653450b9505732bb31d06932bc723 to remote] DEBUG org.asynchttpclient.netty.request.NettyRequestSender - Using pooled Channel '[id: 0x77d31d3d, L:/127.0.0.1:50524 - R:localhost/127.0.0.1:55400]' for 'POST' to 'http://localhost:55400/session/39b653450b9505732bb31d06932bc723/element'
16:30:47.403 [Forwarding findElement on session 39b653450b9505732bb31d06932bc723 to remote] DEBUG org.asynchttpclient.netty.request.NettyRequestSender - Using open Channel [id: 0x77d31d3d, L:/127.0.0.1:50524 - R:localhost/127.0.0.1:55400] for POST '/session/39b653450b9505732bb31d06932bc723/element'
16:30:47.411 [AsyncHttpClient-1-7] DEBUG org.asynchttpclient.netty.handler.HttpHandler - 

Request DefaultHttpRequest(decodeResult: success, version: HTTP/1.1)
POST /session/39b653450b9505732bb31d06932bc723/element HTTP/1.1
User-Agent: selenium/4.1.2 (java windows)
Content-Length: 145
Content-Type: application/json; charset=utf-8
host: localhost:55400
accept: */*

Response DefaultHttpResponse(decodeResult: success, version: HTTP/1.1)
HTTP/1.1 200 OK
Content-Type: application/json; charset=utf-8
cache-control: no-cache
content-length: 88

16:30:47.411 [AsyncHttpClient-1-7] DEBUG org.asynchttpclient.netty.channel.ChannelManager - Adding key: http://localhost:55400 for channel [id: 0x77d31d3d, L:/127.0.0.1:50524 - R:localhost/127.0.0.1:55400]
16:30:47.415 [Forwarding isElementDisplayed on session 39b653450b9505732bb31d06932bc723 to remote] DEBUG org.asynchttpclient.netty.request.NettyRequestSender - Using pooled Channel '[id: 0x77d31d3d, L:/127.0.0.1:50524 - R:localhost/127.0.0.1:55400]' for 'POST' to 'http://localhost:55400/session/39b653450b9505732bb31d06932bc723/execute/sync'
16:30:47.415 [Forwarding isElementDisplayed on session 39b653450b9505732bb31d06932bc723 to remote] DEBUG org.asynchttpclient.netty.request.NettyRequestSender - Using open Channel [id: 0x77d31d3d, L:/127.0.0.1:50524 - R:localhost/127.0.0.1:55400] for POST '/session/39b653450b9505732bb31d06932bc723/execute/sync'
16:30:47.426 [AsyncHttpClient-1-7] DEBUG org.asynchttpclient.netty.handler.HttpHandler - 

Request DefaultHttpRequest(decodeResult: success, version: HTTP/1.1)
POST /session/39b653450b9505732bb31d06932bc723/execute/sync HTTP/1.1
User-Agent: selenium/4.1.2 (java windows)
Content-Length: 48780
Content-Type: application/json; charset=utf-8
host: localhost:55400
accept: */*

Response DefaultHttpResponse(decodeResult: success, version: HTTP/1.1)
HTTP/1.1 200 OK
Content-Type: application/json; charset=utf-8
cache-control: no-cache
content-length: 14

16:30:47.427 [AsyncHttpClient-1-7] DEBUG org.asynchttpclient.netty.channel.ChannelManager - Adding key: http://localhost:55400 for channel [id: 0x77d31d3d, L:/127.0.0.1:50524 - R:localhost/127.0.0.1:55400]
16:30:47.431 [Forwarding screenshot on session 39b653450b9505732bb31d06932bc723 to remote] DEBUG org.asynchttpclient.netty.request.NettyRequestSender - Using pooled Channel '[id: 0x77d31d3d, L:/127.0.0.1:50524 - R:localhost/127.0.0.1:55400]' for 'GET' to 'http://localhost:55400/session/39b653450b9505732bb31d06932bc723/screenshot'
16:30:47.432 [Forwarding screenshot on session 39b653450b9505732bb31d06932bc723 to remote] DEBUG org.asynchttpclient.netty.request.NettyRequestSender - Using open Channel [id: 0x77d31d3d, L:/127.0.0.1:50524 - R:localhost/127.0.0.1:55400] for GET '/session/39b653450b9505732bb31d06932bc723/screenshot'
16:30:47.437 [AsyncHttpClient-1-1] DEBUG org.asynchttpclient.netty.channel.DefaultChannelPool - Entry count for : http://localhost:50526 : 1
16:30:47.520 [AsyncHttpClient-1-7] DEBUG org.asynchttpclient.netty.handler.HttpHandler - 

Request DefaultFullHttpRequest(decodeResult: success, version: HTTP/1.1, content: EmptyByteBufBE)
GET /session/39b653450b9505732bb31d06932bc723/screenshot HTTP/1.1
User-Agent: selenium/4.1.2 (java windows)
Cache-Control: no-cache
Content-Type: application/json; charset=utf-8
host: localhost:55400
accept: */*

Response DefaultHttpResponse(decodeResult: success, version: HTTP/1.1)
HTTP/1.1 200 OK
Content-Type: application/json; charset=utf-8
cache-control: no-cache
content-length: 84928

16:30:47.520 [AsyncHttpClient-1-7] DEBUG org.asynchttpclient.netty.channel.ChannelManager - Adding key: http://localhost:55400 for channel [id: 0x77d31d3d, L:/127.0.0.1:50524 - R:localhost/127.0.0.1:55400]
16:30:47.525 [main] DEBUG net.serenitybdd.core.photography.Darkroom - Send negative for processing for target\site\serenity\2ba7927e5f228e6878af47c1440d6bdae2fcf87bbcc45dd029a3407a58a0ebfb.png
16:30:47.525 [main] DEBUG net.thucydides.core.steps.StepInterceptor - STEP DONE: validateGeneralAppointment
  &amp#27;[32mThen &amp#27;[0m&amp#27;[32mI validate Today Appointment only show General Department Appointment&amp#27;[0m &amp#27;[90m# starter.stepdefinitions.AppointmentSteps.iValidateTodayAppointmentOnlyShowGeneralDepartmentAppointment()&amp#27;[0m
16:30:47.525 [Darkroom Processing Line] DEBUG net.serenitybdd.core.photography.DarkroomProcessingLine - Processing screenshot image in /var/screenshots/screenshot-18170489040539963351
16:30:47.525 [Darkroom Processing Line] DEBUG net.serenitybdd.core.photography.DarkroomProcessingLine - Saving screenshot to target\site\serenity\2ba7927e5f228e6878af47c1440d6bdae2fcf87bbcc45dd029a3407a58a0ebfb.png
16:30:47.531 [main] INFO  - 
  _____   ___   ___   _____     ___     _     ___   ___   ___   ___  
 |_   _| | __| / __| |_   _|   | _ \   /_\   / __| / __| | __| |   \ 
   | |   | _|  \__ \   | |     |  _/  / _ \  \__ \ \__ \ | _|  | |) |
   |_|   |___| |___/   |_|     |_|   /_/ \_\ |___/ |___/ |___| |___/ 

Filter Appointment General Scenario
----------------------------------------------------------------------
16:30:47.533 [AsyncHttpClient-1-9] DEBUG org.asynchttpclient.netty.handler.WebSocketHandler - Channel Closed: [id: 0x13b7cca9, L:/127.0.0.1:50532 ! R:localhost/127.0.0.1:50526] with attribute NettyResponseFuture{currentRetry=5,
	isDone=1,
	isCancelled=0,
	asyncHandler=org.asynchttpclient.ws.WebSocketUpgradeHandler@6463bebe,
	nettyRequest=org.asynchttpclient.netty.request.NettyRequest@7559cb07,
	future=java.util.concurrent.CompletableFuture@521975b8[Completed normally],
	uri=ws://localhost:50526/devtools/browser/9bd03ff2-d931-4d66-8940-55bd6c33794a,
	keepAlive=true,
	redirectCount=0,
	timeoutsHolder=null,
	inAuth=0,
	touch=1655717434916}
16:30:47.533 [AsyncHttpClient-1-9] DEBUG org.asynchttpclient.netty.channel.ChannelManager - Closing Channel [id: 0x13b7cca9, L:/127.0.0.1:50532 ! R:localhost/127.0.0.1:50526] 
16:30:47.534 [Driver Command Executor] DEBUG org.asynchttpclient.netty.request.NettyRequestSender - Using pooled Channel '[id: 0x77d31d3d, L:/127.0.0.1:50524 - R:localhost/127.0.0.1:55400]' for 'DELETE' to 'http://localhost:55400/session/39b653450b9505732bb31d06932bc723'
16:30:47.534 [Driver Command Executor] DEBUG org.asynchttpclient.netty.request.NettyRequestSender - Using open Channel [id: 0x77d31d3d, L:/127.0.0.1:50524 - R:localhost/127.0.0.1:55400] for DELETE '/session/39b653450b9505732bb31d06932bc723'
16:30:47.560 [AsyncHttpClient-1-8] DEBUG org.asynchttpclient.netty.handler.HttpHandler - Unexpected I/O exception on channel [id: 0x648ba579, L:/127.0.0.1:50531 - R:localhost/127.0.0.1:50526]
java.net.SocketException: Connection reset
	at java.base/sun.nio.ch.SocketChannelImpl.throwConnectionReset(SocketChannelImpl.java:367)
	at java.base/sun.nio.ch.SocketChannelImpl.read(SocketChannelImpl.java:398)
	at io.netty.buffer.PooledByteBuf.setBytes(PooledByteBuf.java:258)
	at io.netty.buffer.AbstractByteBuf.writeBytes(AbstractByteBuf.java:1132)
	at io.netty.channel.socket.nio.NioSocketChannel.doReadBytes(NioSocketChannel.java:350)
	at io.netty.channel.nio.AbstractNioByteChannel$NioByteUnsafe.read(AbstractNioByteChannel.java:151)
	at io.netty.channel.nio.NioEventLoop.processSelectedKey(NioEventLoop.java:722)
	at io.netty.channel.nio.NioEventLoop.processSelectedKeysOptimized(NioEventLoop.java:658)
	at io.netty.channel.nio.NioEventLoop.processSelectedKeys(NioEventLoop.java:584)
	at io.netty.channel.nio.NioEventLoop.run(NioEventLoop.java:496)
	at io.netty.util.concurrent.SingleThreadEventExecutor$4.run(SingleThreadEventExecutor.java:986)
	at io.netty.util.internal.ThreadExecutorMap$2.run(ThreadExecutorMap.java:74)
	at io.netty.util.concurrent.FastThreadLocalRunnable.run(FastThreadLocalRunnable.java:30)
	at java.base/java.lang.Thread.run(Thread.java:832)
16:30:47.560 [AsyncHttpClient-1-8] DEBUG org.asynchttpclient.netty.channel.ChannelManager - Closing Channel [id: 0x648ba579, L:/127.0.0.1:50531 - R:localhost/127.0.0.1:50526] 
16:30:47.560 [AsyncHttpClient-1-8] DEBUG org.asynchttpclient.netty.handler.HttpHandler - Channel Closed: [id: 0x648ba579, L:/127.0.0.1:50531 ! R:localhost/127.0.0.1:50526] with attribute DISCARD
16:30:47.569 [AsyncHttpClient-1-7] DEBUG org.asynchttpclient.netty.handler.HttpHandler - 

Request DefaultFullHttpRequest(decodeResult: success, version: HTTP/1.1, content: EmptyByteBufBE)
DELETE /session/39b653450b9505732bb31d06932bc723 HTTP/1.1
User-Agent: selenium/4.1.2 (java windows)
Content-Type: application/json; charset=utf-8
host: localhost:55400
accept: */*

Response DefaultHttpResponse(decodeResult: success, version: HTTP/1.1)
HTTP/1.1 200 OK
Content-Type: application/json; charset=utf-8
cache-control: no-cache
content-length: 14

16:30:47.570 [AsyncHttpClient-1-7] DEBUG org.asynchttpclient.netty.channel.ChannelManager - Adding key: http://localhost:55400 for channel [id: 0x77d31d3d, L:/127.0.0.1:50524 - R:localhost/127.0.0.1:55400]
16:30:47.718 [AsyncHttpClient-1-7] DEBUG org.asynchttpclient.netty.handler.HttpHandler - Channel Closed: [id: 0x77d31d3d, L:/127.0.0.1:50524 ! R:localhost/127.0.0.1:55400] with attribute DISCARD
]]></system-out>
    <system-err><![CDATA[Starting ChromeDriver 102.0.5005.61 (0e59bcc00cc4985ce39ad31c150065f159d95ad3-refs/branch-heads/5005@{#819}) on port 55400
Only local connections are allowed.
Please see https://chromedriver.chromium.org/security-considerations for suggestions on keeping ChromeDriver safe.
ChromeDriver was started successfully.
Jun 20, 2022 4:30:34 PM org.openqa.selenium.remote.ProtocolHandshake createSession
INFO: Detected dialect: W3C
Jun 20, 2022 4:30:34 PM org.openqa.selenium.devtools.CdpVersionFinder findNearestMatch
WARNING: Unable to find an exact match for CDP version 102, so returning the closest version found: a no-op implementation
Jun 20, 2022 4:30:34 PM org.openqa.selenium.devtools.CdpVersionFinder findNearestMatch
INFO: Unable to find CDP implementation matching 102.
Jun 20, 2022 4:30:34 PM org.openqa.selenium.chromium.ChromiumDriver lambda$new$3
WARNING: Unable to find version of CDP to use for . You may need to include a dependency on a specific version of the CDP using something similar to `org.seleniumhq.selenium:selenium-devtools-v86:4.1.2` where the version ("v86") matches the version of the chromium-based browser you're using and the version number of the artifact is the same as Selenium's.
]]></system-err>
  </testcase>
  <testcase name="Filter Appointment Neurology Scenario" classname="Appointment" time="24.215">
    <error type="org.openqa.selenium.NoSuchElementException"><![CDATA[org.openqa.selenium.NoSuchElementException: 
Expected condition failed: waiting for By.xpath: //body/div[@id='root']/div[1]/div[2]/div[2]/div[3]/div[1]/h3[1] to be displayed (tried for 5 second(s) with 100 milliseconds interval)
Build info: version: '4.1.2', revision: '9a5a329c5a'
System info: host: 'DELL', ip: '192.168.1.6', os.name: 'Windows 8.1', os.arch: 'amd64', os.version: '6.3', java.version: '15.0.2'
Driver info: driver.version: unknown
Caused by: org.openqa.selenium.TimeoutException: 
Expected condition failed: waiting for By.xpath: //body/div[@id='root']/div[1]/div[2]/div[2]/div[3]/div[1]/h3[1] to be displayed (tried for 5 second(s) with 100 milliseconds interval)
Build info: version: '4.1.2', revision: '9a5a329c5a'
System info: host: 'DELL', ip: '192.168.1.6', os.name: 'Windows 8.1', os.arch: 'amd64', os.version: '6.3', java.version: '15.0.2'
Driver info: driver.version: unknown
]]></error>
    <system-out><![CDATA[
@Appointment @FilterAppointmentNeurology
Scenario: Filter Appointment Neurology Scenario                                &amp#27;[90m# src/test/resources/features/1.Appointment.feature:79&amp#27;[0m
16:30:48.277 [main] INFO io.cucumber.core.plugin.SerenityReporter - Running feature from file:///E:/My%20Documents/File%20Difa/TI%20Semester%206%20Kampus%20Merdeka%20Alterra/Tugas/CAPSTONE%20Project/Capstone-Project-Website/src/test/resources/features/1.Appointment.feature
16:30:48.279 [main] INFO  - 
  _____   ___   ___   _____     ___   _____     _     ___   _____   ___   ___  
 |_   _| | __| / __| |_   _|   / __| |_   _|   /_\   | _ \ |_   _| | __| |   \ 
   | |   | _|  \__ \   | |     \__ \   | |    / _ \  |   /   | |   | _|  | |) |
   |_|   |___| |___/   |_|     |___/   |_|   /_/ \_\ |_|_\   |_|   |___| |___/ 

Filter Appointment Neurology Scenario(appointment;filter-appointment-neurology-scenario)
--------------------------------------------------------------------------------
16:30:48.319 [main] DEBUG net.thucydides.core.steps.StepInterceptor - STARTING STEP: DashboardSteps.iAmOnTheDashboardPage - openUrl
16:30:48.321 [main] INFO net.serenitybdd.core.webdriver.driverproviders.ChromeDriverProvider - Using automatically driver download
16:30:48.474 [main] DEBUG io.github.bonigarcia.wdm.cache.ResolutionCache - Resolution chrome=102 in cache (valid until 16:47:55 20/06/2022 ICT)
16:30:48.479 [main] DEBUG io.github.bonigarcia.wdm.cache.ResolutionCache - Resolution chrome102=102.0.5005.61 in cache (valid until 09:12:44 21/06/2022 ICT)
16:30:48.481 [main] INFO io.github.bonigarcia.wdm.WebDriverManager - Using chromedriver 102.0.5005.61 (resolved driver for Chrome 102)
16:30:48.493 [main] DEBUG io.github.bonigarcia.wdm.WebDriverManager - Driver chromedriver 102.0.5005.61 found in cache
16:30:48.494 [main] INFO io.github.bonigarcia.wdm.WebDriverManager - Exporting webdriver.chrome.driver as C:\Users\USER\.cache\selenium\chromedriver\win32\102.0.5005.61\chromedriver.exe
16:30:48.537 [AsyncHttpClient-1-1] DEBUG org.asynchttpclient.netty.channel.DefaultChannelPool - Entry count for : http://localhost:55400 : 1
16:30:48.537 [AsyncHttpClient-1-1] DEBUG org.asynchttpclient.netty.channel.DefaultChannelPool - Entry count for : http://localhost:50526 : 1
16:30:48.537 [AsyncHttpClient-1-1] DEBUG org.asynchttpclient.netty.channel.DefaultChannelPool - Adding Candidate expired Channel [id: 0x77d31d3d, L:/127.0.0.1:50524 ! R:localhost/127.0.0.1:55400] isIdleTimeoutExpired=false isRemotelyClosed=true isTtlExpired=false
16:30:48.537 [AsyncHttpClient-1-1] DEBUG org.asynchttpclient.netty.channel.DefaultChannelPool - Closing Idle Channel [id: 0x77d31d3d, L:/127.0.0.1:50524 ! R:localhost/127.0.0.1:55400]
16:30:48.537 [AsyncHttpClient-1-1] DEBUG org.asynchttpclient.netty.channel.DefaultChannelPool - Adding Candidate expired Channel [id: 0x648ba579, L:/127.0.0.1:50531 ! R:localhost/127.0.0.1:50526] isIdleTimeoutExpired=false isRemotelyClosed=true isTtlExpired=false
16:30:48.537 [AsyncHttpClient-1-1] DEBUG org.asynchttpclient.netty.channel.DefaultChannelPool - Closing Idle Channel [id: 0x648ba579, L:/127.0.0.1:50531 ! R:localhost/127.0.0.1:50526]
16:30:48.537 [AsyncHttpClient-1-1] DEBUG org.asynchttpclient.netty.channel.DefaultChannelPool - Closed 2 connections out of 2 in 0 ms
16:30:48.654 [main] DEBUG net.serenitybdd.core.webdriver.driverproviders.ProvideNewDriver - Instantiating driver
16:30:48.654 [main] DEBUG net.serenitybdd.core.webdriver.driverproviders.ProvideNewDriver - Driver capabilities: Capabilities {acceptInsecureCerts: false, base.url: https://hospital-management..., browserName: chrome, chrome.driver: src/test/resources/webdrive..., driver: chrome, goog:chromeOptions: {args: [], extensions: []}}
16:30:49.179 [AsyncHttpClient-1-2] DEBUG org.asynchttpclient.netty.channel.NettyConnectListener - Using new Channel '[id: 0x98ef7808, L:/127.0.0.1:50558 - R:localhost/127.0.0.1:56562]' for 'POST' to '/session'
16:30:51.486 [AsyncHttpClient-1-2] DEBUG org.asynchttpclient.netty.handler.HttpHandler - 

Request DefaultHttpRequest(decodeResult: success, version: HTTP/1.1)
POST /session HTTP/1.1
User-Agent: selenium/4.1.2 (java windows)
Content-Length: 621
Content-Type: application/json; charset=utf-8
host: localhost:56562
accept: */*

Response DefaultHttpResponse(decodeResult: success, version: HTTP/1.1)
HTTP/1.1 200 OK
Content-Type: application/json; charset=utf-8
cache-control: no-cache
content-length: 789

16:30:51.487 [AsyncHttpClient-1-2] DEBUG org.asynchttpclient.netty.channel.ChannelManager - Adding key: http://localhost:56562 for channel [id: 0x98ef7808, L:/127.0.0.1:50558 - R:localhost/127.0.0.1:56562]
16:30:51.556 [AsyncHttpClient-1-3] DEBUG org.asynchttpclient.netty.channel.NettyConnectListener - Using new Channel '[id: 0x62780899, L:/127.0.0.1:50567 - R:localhost/127.0.0.1:50560]' for 'GET' to '/json/version'
16:30:51.557 [AsyncHttpClient-1-3] DEBUG org.asynchttpclient.netty.handler.HttpHandler - 

Request DefaultFullHttpRequest(decodeResult: success, version: HTTP/1.1, content: EmptyByteBufBE)
GET /json/version HTTP/1.1
User-Agent: selenium/4.1.2 (java windows)
host: localhost:50560
accept: */*

Response DefaultHttpResponse(decodeResult: success, version: HTTP/1.1)
HTTP/1.1 200 OK
Content-Type: application/json; charset=UTF-8
content-length: 427

16:30:51.557 [AsyncHttpClient-1-3] DEBUG org.asynchttpclient.netty.channel.ChannelManager - Adding key: http://localhost:50560 for channel [id: 0x62780899, L:/127.0.0.1:50567 - R:localhost/127.0.0.1:50560]
16:30:51.560 [AsyncHttpClient-1-4] DEBUG org.asynchttpclient.netty.channel.NettyConnectListener - Using new Channel '[id: 0x34422249, L:/127.0.0.1:50568 - R:localhost/127.0.0.1:50560]' for 'GET' to '/devtools/browser/6f29b720-4aba-4f5b-8298-523baca14fec'
16:30:51.562 [AsyncHttpClient-1-4] DEBUG org.asynchttpclient.netty.handler.WebSocketHandler - 

Request DefaultFullHttpRequest(decodeResult: success, version: HTTP/1.1, content: EmptyByteBufBE)
GET /devtools/browser/6f29b720-4aba-4f5b-8298-523baca14fec HTTP/1.1
upgrade: websocket
connection: upgrade
sec-websocket-key: gz0Ll0Ng6TD6tnayFHVfCA==
sec-websocket-version: 13
origin: http://localhost:50560
host: localhost:50560
accept: */*
user-agent: AHC/2.1

Response DefaultHttpResponse(decodeResult: success, version: HTTP/1.1)
HTTP/1.1 101 WebSocket Protocol Handshake
Upgrade: WebSocket
Connection: Upgrade
Sec-WebSocket-Accept: GPIlq55/FaKaqLfbxRfgiZHGWxg=

16:30:51.699 [Forwarding maximizeCurrentWindow on session 5eced258156d4d310793c59182d46912 to remote] DEBUG org.asynchttpclient.netty.request.NettyRequestSender - Using pooled Channel '[id: 0x98ef7808, L:/127.0.0.1:50558 - R:localhost/127.0.0.1:56562]' for 'POST' to 'http://localhost:56562/session/5eced258156d4d310793c59182d46912/window/maximize'
16:30:51.699 [Forwarding maximizeCurrentWindow on session 5eced258156d4d310793c59182d46912 to remote] DEBUG org.asynchttpclient.netty.request.NettyRequestSender - Using open Channel [id: 0x98ef7808, L:/127.0.0.1:50558 - R:localhost/127.0.0.1:56562] for POST '/session/5eced258156d4d310793c59182d46912/window/maximize'
16:30:51.837 [AsyncHttpClient-1-1] DEBUG org.asynchttpclient.netty.channel.DefaultChannelPool - Entry count for : http://localhost:50560 : 1
16:30:51.898 [AsyncHttpClient-1-2] DEBUG org.asynchttpclient.netty.handler.HttpHandler - 

Request DefaultHttpRequest(decodeResult: success, version: HTTP/1.1)
POST /session/5eced258156d4d310793c59182d46912/window/maximize HTTP/1.1
User-Agent: selenium/4.1.2 (java windows)
Content-Length: 3
Content-Type: application/json; charset=utf-8
host: localhost:56562
accept: */*

Response DefaultHttpResponse(decodeResult: success, version: HTTP/1.1)
HTTP/1.1 200 OK
Content-Type: application/json; charset=utf-8
cache-control: no-cache
content-length: 51

16:30:51.899 [AsyncHttpClient-1-2] DEBUG org.asynchttpclient.netty.channel.ChannelManager - Adding key: http://localhost:56562 for channel [id: 0x98ef7808, L:/127.0.0.1:50558 - R:localhost/127.0.0.1:56562]
16:30:51.903 [Forwarding get on session 5eced258156d4d310793c59182d46912 to remote] DEBUG org.asynchttpclient.netty.request.NettyRequestSender - Using pooled Channel '[id: 0x98ef7808, L:/127.0.0.1:50558 - R:localhost/127.0.0.1:56562]' for 'POST' to 'http://localhost:56562/session/5eced258156d4d310793c59182d46912/url'
16:30:51.903 [Forwarding get on session 5eced258156d4d310793c59182d46912 to remote] DEBUG org.asynchttpclient.netty.request.NettyRequestSender - Using open Channel [id: 0x98ef7808, L:/127.0.0.1:50558 - R:localhost/127.0.0.1:56562] for POST '/session/5eced258156d4d310793c59182d46912/url'
16:30:52.938 [AsyncHttpClient-1-1] DEBUG org.asynchttpclient.netty.channel.DefaultChannelPool - Entry count for : http://localhost:50560 : 1
16:30:54.037 [AsyncHttpClient-1-1] DEBUG org.asynchttpclient.netty.channel.DefaultChannelPool - Entry count for : http://localhost:50560 : 1
16:30:55.138 [AsyncHttpClient-1-1] DEBUG org.asynchttpclient.netty.channel.DefaultChannelPool - Entry count for : http://localhost:50560 : 1
16:30:55.878 [AsyncHttpClient-1-2] DEBUG org.asynchttpclient.netty.handler.HttpHandler - 

Request DefaultHttpRequest(decodeResult: success, version: HTTP/1.1)
POST /session/5eced258156d4d310793c59182d46912/url HTTP/1.1
User-Agent: selenium/4.1.2 (java windows)
Content-Length: 65
Content-Type: application/json; charset=utf-8
host: localhost:56562
accept: */*

Response DefaultHttpResponse(decodeResult: success, version: HTTP/1.1)
HTTP/1.1 200 OK
Content-Type: application/json; charset=utf-8
cache-control: no-cache
content-length: 14

16:30:55.878 [AsyncHttpClient-1-2] DEBUG org.asynchttpclient.netty.channel.ChannelManager - Adding key: http://localhost:56562 for channel [id: 0x98ef7808, L:/127.0.0.1:50558 - R:localhost/127.0.0.1:56562]
16:30:55.890 [Forwarding setTimeout on session 5eced258156d4d310793c59182d46912 to remote] DEBUG org.asynchttpclient.netty.request.NettyRequestSender - Using pooled Channel '[id: 0x98ef7808, L:/127.0.0.1:50558 - R:localhost/127.0.0.1:56562]' for 'POST' to 'http://localhost:56562/session/5eced258156d4d310793c59182d46912/timeouts'
16:30:55.891 [Forwarding setTimeout on session 5eced258156d4d310793c59182d46912 to remote] DEBUG org.asynchttpclient.netty.request.NettyRequestSender - Using open Channel [id: 0x98ef7808, L:/127.0.0.1:50558 - R:localhost/127.0.0.1:56562] for POST '/session/5eced258156d4d310793c59182d46912/timeouts'
16:30:55.914 [AsyncHttpClient-1-2] DEBUG org.asynchttpclient.netty.handler.HttpHandler - 

Request DefaultHttpRequest(decodeResult: success, version: HTTP/1.1)
POST /session/5eced258156d4d310793c59182d46912/timeouts HTTP/1.1
User-Agent: selenium/4.1.2 (java windows)
Content-Length: 22
Content-Type: application/json; charset=utf-8
host: localhost:56562
accept: */*

Response DefaultHttpResponse(decodeResult: success, version: HTTP/1.1)
HTTP/1.1 200 OK
Content-Type: application/json; charset=utf-8
cache-control: no-cache
content-length: 14

16:30:55.914 [AsyncHttpClient-1-2] DEBUG org.asynchttpclient.netty.channel.ChannelManager - Adding key: http://localhost:56562 for channel [id: 0x98ef7808, L:/127.0.0.1:50558 - R:localhost/127.0.0.1:56562]
16:30:55.969 [Forwarding getCurrentUrl on session 5eced258156d4d310793c59182d46912 to remote] DEBUG org.asynchttpclient.netty.request.NettyRequestSender - Using pooled Channel '[id: 0x98ef7808, L:/127.0.0.1:50558 - R:localhost/127.0.0.1:56562]' for 'GET' to 'http://localhost:56562/session/5eced258156d4d310793c59182d46912/url'
16:30:55.969 [Forwarding getCurrentUrl on session 5eced258156d4d310793c59182d46912 to remote] DEBUG org.asynchttpclient.netty.request.NettyRequestSender - Using open Channel [id: 0x98ef7808, L:/127.0.0.1:50558 - R:localhost/127.0.0.1:56562] for GET '/session/5eced258156d4d310793c59182d46912/url'
16:30:56.117 [AsyncHttpClient-1-2] DEBUG org.asynchttpclient.netty.handler.HttpHandler - 

Request DefaultFullHttpRequest(decodeResult: success, version: HTTP/1.1, content: EmptyByteBufBE)
GET /session/5eced258156d4d310793c59182d46912/url HTTP/1.1
User-Agent: selenium/4.1.2 (java windows)
Cache-Control: no-cache
Content-Type: application/json; charset=utf-8
host: localhost:56562
accept: */*

Response DefaultHttpResponse(decodeResult: success, version: HTTP/1.1)
HTTP/1.1 200 OK
Content-Type: application/json; charset=utf-8
cache-control: no-cache
content-length: 53

16:30:56.117 [AsyncHttpClient-1-2] DEBUG org.asynchttpclient.netty.channel.ChannelManager - Adding key: http://localhost:56562 for channel [id: 0x98ef7808, L:/127.0.0.1:50558 - R:localhost/127.0.0.1:56562]
16:30:56.124 [Forwarding getCurrentUrl on session 5eced258156d4d310793c59182d46912 to remote] DEBUG org.asynchttpclient.netty.request.NettyRequestSender - Using pooled Channel '[id: 0x98ef7808, L:/127.0.0.1:50558 - R:localhost/127.0.0.1:56562]' for 'GET' to 'http://localhost:56562/session/5eced258156d4d310793c59182d46912/url'
16:30:56.124 [Forwarding getCurrentUrl on session 5eced258156d4d310793c59182d46912 to remote] DEBUG org.asynchttpclient.netty.request.NettyRequestSender - Using open Channel [id: 0x98ef7808, L:/127.0.0.1:50558 - R:localhost/127.0.0.1:56562] for GET '/session/5eced258156d4d310793c59182d46912/url'
16:30:56.128 [AsyncHttpClient-1-2] DEBUG org.asynchttpclient.netty.handler.HttpHandler - 

Request DefaultFullHttpRequest(decodeResult: success, version: HTTP/1.1, content: EmptyByteBufBE)
GET /session/5eced258156d4d310793c59182d46912/url HTTP/1.1
User-Agent: selenium/4.1.2 (java windows)
Cache-Control: no-cache
Content-Type: application/json; charset=utf-8
host: localhost:56562
accept: */*

Response DefaultHttpResponse(decodeResult: success, version: HTTP/1.1)
HTTP/1.1 200 OK
Content-Type: application/json; charset=utf-8
cache-control: no-cache
content-length: 53

16:30:56.129 [AsyncHttpClient-1-2] DEBUG org.asynchttpclient.netty.channel.ChannelManager - Adding key: http://localhost:56562 for channel [id: 0x98ef7808, L:/127.0.0.1:50558 - R:localhost/127.0.0.1:56562]
16:30:56.140 [Forwarding screenshot on session 5eced258156d4d310793c59182d46912 to remote] DEBUG org.asynchttpclient.netty.request.NettyRequestSender - Using pooled Channel '[id: 0x98ef7808, L:/127.0.0.1:50558 - R:localhost/127.0.0.1:56562]' for 'GET' to 'http://localhost:56562/session/5eced258156d4d310793c59182d46912/screenshot'
16:30:56.140 [Forwarding screenshot on session 5eced258156d4d310793c59182d46912 to remote] DEBUG org.asynchttpclient.netty.request.NettyRequestSender - Using open Channel [id: 0x98ef7808, L:/127.0.0.1:50558 - R:localhost/127.0.0.1:56562] for GET '/session/5eced258156d4d310793c59182d46912/screenshot'
16:30:56.238 [AsyncHttpClient-1-1] DEBUG org.asynchttpclient.netty.channel.DefaultChannelPool - Entry count for : http://localhost:50560 : 1
16:30:56.488 [AsyncHttpClient-1-2] DEBUG org.asynchttpclient.netty.handler.HttpHandler - 

Request DefaultFullHttpRequest(decodeResult: success, version: HTTP/1.1, content: EmptyByteBufBE)
GET /session/5eced258156d4d310793c59182d46912/screenshot HTTP/1.1
User-Agent: selenium/4.1.2 (java windows)
Cache-Control: no-cache
Content-Type: application/json; charset=utf-8
host: localhost:56562
accept: */*

Response DefaultHttpResponse(decodeResult: success, version: HTTP/1.1)
HTTP/1.1 200 OK
Content-Type: application/json; charset=utf-8
cache-control: no-cache
content-length: 339320

16:30:56.493 [AsyncHttpClient-1-2] DEBUG org.asynchttpclient.netty.channel.ChannelManager - Adding key: http://localhost:56562 for channel [id: 0x98ef7808, L:/127.0.0.1:50558 - R:localhost/127.0.0.1:56562]
16:30:56.528 [main] DEBUG net.serenitybdd.core.photography.Darkroom - Send negative for processing for target\site\serenity\fab01106e8f3bd69b788f5513fe09c11cf9c6096508e55d6b96bba482851c59a.png
16:30:56.528 [main] DEBUG net.thucydides.core.steps.StepInterceptor - STEP DONE: openUrl
16:30:56.532 [Darkroom Processing Line] DEBUG net.serenitybdd.core.photography.DarkroomProcessingLine - Processing screenshot image in /var/screenshots/screenshot-2531420462914910366
16:30:56.532 [Darkroom Processing Line] DEBUG net.serenitybdd.core.photography.DarkroomProcessingLine - Saving screenshot to target\site\serenity\fab01106e8f3bd69b788f5513fe09c11cf9c6096508e55d6b96bba482851c59a.png
16:30:56.541 [main] DEBUG net.thucydides.core.steps.StepInterceptor - STARTING STEP: DashboardSteps.iAmOnTheDashboardPage - validateOnDashboardPage
16:30:56.545 [Forwarding findElement on session 5eced258156d4d310793c59182d46912 to remote] DEBUG org.asynchttpclient.netty.request.NettyRequestSender - Using pooled Channel '[id: 0x98ef7808, L:/127.0.0.1:50558 - R:localhost/127.0.0.1:56562]' for 'POST' to 'http://localhost:56562/session/5eced258156d4d310793c59182d46912/element'
16:30:56.545 [Forwarding findElement on session 5eced258156d4d310793c59182d46912 to remote] DEBUG org.asynchttpclient.netty.request.NettyRequestSender - Using open Channel [id: 0x98ef7808, L:/127.0.0.1:50558 - R:localhost/127.0.0.1:56562] for POST '/session/5eced258156d4d310793c59182d46912/element'
16:30:56.857 [AsyncHttpClient-1-2] DEBUG org.asynchttpclient.netty.handler.HttpHandler - 

Request DefaultHttpRequest(decodeResult: success, version: HTTP/1.1)
POST /session/5eced258156d4d310793c59182d46912/element HTTP/1.1
User-Agent: selenium/4.1.2 (java windows)
Content-Length: 81
Content-Type: application/json; charset=utf-8
host: localhost:56562
accept: */*

Response DefaultHttpResponse(decodeResult: success, version: HTTP/1.1)
HTTP/1.1 200 OK
Content-Type: application/json; charset=utf-8
cache-control: no-cache
content-length: 88

16:30:56.858 [AsyncHttpClient-1-2] DEBUG org.asynchttpclient.netty.channel.ChannelManager - Adding key: http://localhost:56562 for channel [id: 0x98ef7808, L:/127.0.0.1:50558 - R:localhost/127.0.0.1:56562]
16:30:56.864 [Forwarding isElementDisplayed on session 5eced258156d4d310793c59182d46912 to remote] DEBUG org.asynchttpclient.netty.request.NettyRequestSender - Using pooled Channel '[id: 0x98ef7808, L:/127.0.0.1:50558 - R:localhost/127.0.0.1:56562]' for 'POST' to 'http://localhost:56562/session/5eced258156d4d310793c59182d46912/execute/sync'
16:30:56.864 [Forwarding isElementDisplayed on session 5eced258156d4d310793c59182d46912 to remote] DEBUG org.asynchttpclient.netty.request.NettyRequestSender - Using open Channel [id: 0x98ef7808, L:/127.0.0.1:50558 - R:localhost/127.0.0.1:56562] for POST '/session/5eced258156d4d310793c59182d46912/execute/sync'
16:30:56.957 [AsyncHttpClient-1-2] DEBUG org.asynchttpclient.netty.handler.HttpHandler - 

Request DefaultHttpRequest(decodeResult: success, version: HTTP/1.1)
POST /session/5eced258156d4d310793c59182d46912/execute/sync HTTP/1.1
User-Agent: selenium/4.1.2 (java windows)
Content-Length: 48780
Content-Type: application/json; charset=utf-8
host: localhost:56562
accept: */*

Response DefaultHttpResponse(decodeResult: success, version: HTTP/1.1)
HTTP/1.1 200 OK
Content-Type: application/json; charset=utf-8
cache-control: no-cache
content-length: 14

16:30:56.957 [AsyncHttpClient-1-2] DEBUG org.asynchttpclient.netty.channel.ChannelManager - Adding key: http://localhost:56562 for channel [id: 0x98ef7808, L:/127.0.0.1:50558 - R:localhost/127.0.0.1:56562]
16:30:56.968 [Forwarding screenshot on session 5eced258156d4d310793c59182d46912 to remote] DEBUG org.asynchttpclient.netty.request.NettyRequestSender - Using pooled Channel '[id: 0x98ef7808, L:/127.0.0.1:50558 - R:localhost/127.0.0.1:56562]' for 'GET' to 'http://localhost:56562/session/5eced258156d4d310793c59182d46912/screenshot'
16:30:56.968 [Forwarding screenshot on session 5eced258156d4d310793c59182d46912 to remote] DEBUG org.asynchttpclient.netty.request.NettyRequestSender - Using open Channel [id: 0x98ef7808, L:/127.0.0.1:50558 - R:localhost/127.0.0.1:56562] for GET '/session/5eced258156d4d310793c59182d46912/screenshot'
16:30:57.371 [AsyncHttpClient-1-1] DEBUG org.asynchttpclient.netty.channel.DefaultChannelPool - Entry count for : http://localhost:50560 : 1
16:30:57.542 [AsyncHttpClient-1-2] DEBUG org.asynchttpclient.netty.handler.HttpHandler - 

Request DefaultFullHttpRequest(decodeResult: success, version: HTTP/1.1, content: EmptyByteBufBE)
GET /session/5eced258156d4d310793c59182d46912/screenshot HTTP/1.1
User-Agent: selenium/4.1.2 (java windows)
Cache-Control: no-cache
Content-Type: application/json; charset=utf-8
host: localhost:56562
accept: */*

Response DefaultHttpResponse(decodeResult: success, version: HTTP/1.1)
HTTP/1.1 200 OK
Content-Type: application/json; charset=utf-8
cache-control: no-cache
content-length: 355488

16:30:57.545 [AsyncHttpClient-1-2] DEBUG org.asynchttpclient.netty.channel.ChannelManager - Adding key: http://localhost:56562 for channel [id: 0x98ef7808, L:/127.0.0.1:50558 - R:localhost/127.0.0.1:56562]
16:30:57.572 [main] DEBUG net.serenitybdd.core.photography.Darkroom - Send negative for processing for target\site\serenity\a10b50d14b154c59ce68b20a4dbf22a8de5c213cdb6f20cc7f2a508819dbff67.png
16:30:57.572 [main] DEBUG net.thucydides.core.steps.StepInterceptor - STEP DONE: validateOnDashboardPage
  &amp#27;[32mGiven &amp#27;[0m&amp#27;[32mI am on the dashboard page&amp#27;[0m                                             &amp#27;[90m# starter.stepdefinitions.DashboardSteps.iAmOnTheDashboardPage()&amp#27;[0m
16:30:58.170 [Forwarding screenshot on session 5eced258156d4d310793c59182d46912 to remote] DEBUG org.asynchttpclient.netty.request.NettyRequestSender - Using pooled Channel '[id: 0x98ef7808, L:/127.0.0.1:50558 - R:localhost/127.0.0.1:56562]' for 'GET' to 'http://localhost:56562/session/5eced258156d4d310793c59182d46912/screenshot'
16:30:58.170 [Forwarding screenshot on session 5eced258156d4d310793c59182d46912 to remote] DEBUG org.asynchttpclient.netty.request.NettyRequestSender - Using open Channel [id: 0x98ef7808, L:/127.0.0.1:50558 - R:localhost/127.0.0.1:56562] for GET '/session/5eced258156d4d310793c59182d46912/screenshot'
16:30:58.438 [AsyncHttpClient-1-1] DEBUG org.asynchttpclient.netty.channel.DefaultChannelPool - Entry count for : http://localhost:50560 : 1
16:30:58.700 [AsyncHttpClient-1-2] DEBUG org.asynchttpclient.netty.handler.HttpHandler - 

Request DefaultFullHttpRequest(decodeResult: success, version: HTTP/1.1, content: EmptyByteBufBE)
GET /session/5eced258156d4d310793c59182d46912/screenshot HTTP/1.1
User-Agent: selenium/4.1.2 (java windows)
Cache-Control: no-cache
Content-Type: application/json; charset=utf-8
host: localhost:56562
accept: */*

Response DefaultHttpResponse(decodeResult: success, version: HTTP/1.1)
HTTP/1.1 200 OK
Content-Type: application/json; charset=utf-8
cache-control: no-cache
content-length: 351816

16:30:58.855 [AsyncHttpClient-1-2] DEBUG org.asynchttpclient.netty.channel.ChannelManager - Adding key: http://localhost:56562 for channel [id: 0x98ef7808, L:/127.0.0.1:50558 - R:localhost/127.0.0.1:56562]
16:30:58.989 [main] DEBUG net.serenitybdd.core.photography.Darkroom - Send negative for processing for target\site\serenity\20277f1d76f1b925628464fcd1ece5de77a814679d1be3fdcf836a7ddadfed60.png
16:30:58.990 [main] DEBUG net.thucydides.core.steps.StepInterceptor - STARTING STEP: AppointmentSteps.iClickMenuAppointment - clickMenuAppointmentButton
16:30:58.993 [Forwarding findElement on session 5eced258156d4d310793c59182d46912 to remote] DEBUG org.asynchttpclient.netty.request.NettyRequestSender - Using pooled Channel '[id: 0x98ef7808, L:/127.0.0.1:50558 - R:localhost/127.0.0.1:56562]' for 'POST' to 'http://localhost:56562/session/5eced258156d4d310793c59182d46912/element'
16:30:58.993 [Forwarding findElement on session 5eced258156d4d310793c59182d46912 to remote] DEBUG org.asynchttpclient.netty.request.NettyRequestSender - Using open Channel [id: 0x98ef7808, L:/127.0.0.1:50558 - R:localhost/127.0.0.1:56562] for POST '/session/5eced258156d4d310793c59182d46912/element'
16:30:59.010 [AsyncHttpClient-1-2] DEBUG org.asynchttpclient.netty.handler.HttpHandler - 

Request DefaultHttpRequest(decodeResult: success, version: HTTP/1.1)
POST /session/5eced258156d4d310793c59182d46912/element HTTP/1.1
User-Agent: selenium/4.1.2 (java windows)
Content-Length: 84
Content-Type: application/json; charset=utf-8
host: localhost:56562
accept: */*

Response DefaultHttpResponse(decodeResult: success, version: HTTP/1.1)
HTTP/1.1 200 OK
Content-Type: application/json; charset=utf-8
cache-control: no-cache
content-length: 88

16:30:59.010 [AsyncHttpClient-1-2] DEBUG org.asynchttpclient.netty.channel.ChannelManager - Adding key: http://localhost:56562 for channel [id: 0x98ef7808, L:/127.0.0.1:50558 - R:localhost/127.0.0.1:56562]
16:30:59.012 [Forwarding getElementTagName on session 5eced258156d4d310793c59182d46912 to remote] DEBUG org.asynchttpclient.netty.request.NettyRequestSender - Using pooled Channel '[id: 0x98ef7808, L:/127.0.0.1:50558 - R:localhost/127.0.0.1:56562]' for 'GET' to 'http://localhost:56562/session/5eced258156d4d310793c59182d46912/element/c5449c45-3949-4fa0-af7a-4862a53b01a4/name'
16:30:59.012 [Forwarding getElementTagName on session 5eced258156d4d310793c59182d46912 to remote] DEBUG org.asynchttpclient.netty.request.NettyRequestSender - Using open Channel [id: 0x98ef7808, L:/127.0.0.1:50558 - R:localhost/127.0.0.1:56562] for GET '/session/5eced258156d4d310793c59182d46912/element/c5449c45-3949-4fa0-af7a-4862a53b01a4/name'
16:30:59.018 [AsyncHttpClient-1-2] DEBUG org.asynchttpclient.netty.handler.HttpHandler - 

Request DefaultFullHttpRequest(decodeResult: success, version: HTTP/1.1, content: EmptyByteBufBE)
GET /session/5eced258156d4d310793c59182d46912/element/c5449c45-3949-4fa0-af7a-4862a53b01a4/name HTTP/1.1
User-Agent: selenium/4.1.2 (java windows)
Cache-Control: no-cache
Content-Type: application/json; charset=utf-8
host: localhost:56562
accept: */*

Response DefaultHttpResponse(decodeResult: success, version: HTTP/1.1)
HTTP/1.1 200 OK
Content-Type: application/json; charset=utf-8
cache-control: no-cache
content-length: 15

16:30:59.018 [AsyncHttpClient-1-2] DEBUG org.asynchttpclient.netty.channel.ChannelManager - Adding key: http://localhost:56562 for channel [id: 0x98ef7808, L:/127.0.0.1:50558 - R:localhost/127.0.0.1:56562]
16:30:59.020 [Forwarding getElementTagName on session 5eced258156d4d310793c59182d46912 to remote] DEBUG org.asynchttpclient.netty.request.NettyRequestSender - Using pooled Channel '[id: 0x98ef7808, L:/127.0.0.1:50558 - R:localhost/127.0.0.1:56562]' for 'GET' to 'http://localhost:56562/session/5eced258156d4d310793c59182d46912/element/c5449c45-3949-4fa0-af7a-4862a53b01a4/name'
16:30:59.020 [Forwarding getElementTagName on session 5eced258156d4d310793c59182d46912 to remote] DEBUG org.asynchttpclient.netty.request.NettyRequestSender - Using open Channel [id: 0x98ef7808, L:/127.0.0.1:50558 - R:localhost/127.0.0.1:56562] for GET '/session/5eced258156d4d310793c59182d46912/element/c5449c45-3949-4fa0-af7a-4862a53b01a4/name'
16:30:59.024 [AsyncHttpClient-1-2] DEBUG org.asynchttpclient.netty.handler.HttpHandler - 

Request DefaultFullHttpRequest(decodeResult: success, version: HTTP/1.1, content: EmptyByteBufBE)
GET /session/5eced258156d4d310793c59182d46912/element/c5449c45-3949-4fa0-af7a-4862a53b01a4/name HTTP/1.1
User-Agent: selenium/4.1.2 (java windows)
Cache-Control: no-cache
Content-Type: application/json; charset=utf-8
host: localhost:56562
accept: */*

Response DefaultHttpResponse(decodeResult: success, version: HTTP/1.1)
HTTP/1.1 200 OK
Content-Type: application/json; charset=utf-8
cache-control: no-cache
content-length: 15

16:30:59.024 [AsyncHttpClient-1-2] DEBUG org.asynchttpclient.netty.channel.ChannelManager - Adding key: http://localhost:56562 for channel [id: 0x98ef7808, L:/127.0.0.1:50558 - R:localhost/127.0.0.1:56562]
16:30:59.026 [Forwarding findElement on session 5eced258156d4d310793c59182d46912 to remote] DEBUG org.asynchttpclient.netty.request.NettyRequestSender - Using pooled Channel '[id: 0x98ef7808, L:/127.0.0.1:50558 - R:localhost/127.0.0.1:56562]' for 'POST' to 'http://localhost:56562/session/5eced258156d4d310793c59182d46912/element'
16:30:59.026 [Forwarding findElement on session 5eced258156d4d310793c59182d46912 to remote] DEBUG org.asynchttpclient.netty.request.NettyRequestSender - Using open Channel [id: 0x98ef7808, L:/127.0.0.1:50558 - R:localhost/127.0.0.1:56562] for POST '/session/5eced258156d4d310793c59182d46912/element'
16:30:59.037 [AsyncHttpClient-1-2] DEBUG org.asynchttpclient.netty.handler.HttpHandler - 

Request DefaultHttpRequest(decodeResult: success, version: HTTP/1.1)
POST /session/5eced258156d4d310793c59182d46912/element HTTP/1.1
User-Agent: selenium/4.1.2 (java windows)
Content-Length: 84
Content-Type: application/json; charset=utf-8
host: localhost:56562
accept: */*

Response DefaultHttpResponse(decodeResult: success, version: HTTP/1.1)
HTTP/1.1 200 OK
Content-Type: application/json; charset=utf-8
cache-control: no-cache
content-length: 88

16:30:59.037 [AsyncHttpClient-1-2] DEBUG org.asynchttpclient.netty.channel.ChannelManager - Adding key: http://localhost:56562 for channel [id: 0x98ef7808, L:/127.0.0.1:50558 - R:localhost/127.0.0.1:56562]
16:30:59.038 [Forwarding clickElement on session 5eced258156d4d310793c59182d46912 to remote] DEBUG org.asynchttpclient.netty.request.NettyRequestSender - Using pooled Channel '[id: 0x98ef7808, L:/127.0.0.1:50558 - R:localhost/127.0.0.1:56562]' for 'POST' to 'http://localhost:56562/session/5eced258156d4d310793c59182d46912/element/c5449c45-3949-4fa0-af7a-4862a53b01a4/click'
16:30:59.393 [Forwarding clickElement on session 5eced258156d4d310793c59182d46912 to remote] DEBUG org.asynchttpclient.netty.request.NettyRequestSender - Using open Channel [id: 0x98ef7808, L:/127.0.0.1:50558 - R:localhost/127.0.0.1:56562] for POST '/session/5eced258156d4d310793c59182d46912/element/c5449c45-3949-4fa0-af7a-4862a53b01a4/click'
16:30:59.538 [AsyncHttpClient-1-1] DEBUG org.asynchttpclient.netty.channel.DefaultChannelPool - Entry count for : http://localhost:50560 : 1
16:30:59.601 [AsyncHttpClient-1-2] DEBUG org.asynchttpclient.netty.handler.HttpHandler - 

Request DefaultHttpRequest(decodeResult: success, version: HTTP/1.1)
POST /session/5eced258156d4d310793c59182d46912/element/c5449c45-3949-4fa0-af7a-4862a53b01a4/click HTTP/1.1
User-Agent: selenium/4.1.2 (java windows)
Content-Length: 50
Content-Type: application/json; charset=utf-8
host: localhost:56562
accept: */*

Response DefaultHttpResponse(decodeResult: success, version: HTTP/1.1)
HTTP/1.1 200 OK
Content-Type: application/json; charset=utf-8
cache-control: no-cache
content-length: 14

16:30:59.602 [AsyncHttpClient-1-2] DEBUG org.asynchttpclient.netty.channel.ChannelManager - Adding key: http://localhost:56562 for channel [id: 0x98ef7808, L:/127.0.0.1:50558 - R:localhost/127.0.0.1:56562]
16:30:59.611 [Forwarding screenshot on session 5eced258156d4d310793c59182d46912 to remote] DEBUG org.asynchttpclient.netty.request.NettyRequestSender - Using pooled Channel '[id: 0x98ef7808, L:/127.0.0.1:50558 - R:localhost/127.0.0.1:56562]' for 'GET' to 'http://localhost:56562/session/5eced258156d4d310793c59182d46912/screenshot'
16:30:59.611 [Forwarding screenshot on session 5eced258156d4d310793c59182d46912 to remote] DEBUG org.asynchttpclient.netty.request.NettyRequestSender - Using open Channel [id: 0x98ef7808, L:/127.0.0.1:50558 - R:localhost/127.0.0.1:56562] for GET '/session/5eced258156d4d310793c59182d46912/screenshot'
16:30:59.865 [AsyncHttpClient-1-2] DEBUG org.asynchttpclient.netty.handler.HttpHandler - 

Request DefaultFullHttpRequest(decodeResult: success, version: HTTP/1.1, content: EmptyByteBufBE)
GET /session/5eced258156d4d310793c59182d46912/screenshot HTTP/1.1
User-Agent: selenium/4.1.2 (java windows)
Cache-Control: no-cache
Content-Type: application/json; charset=utf-8
host: localhost:56562
accept: */*

Response DefaultHttpResponse(decodeResult: success, version: HTTP/1.1)
HTTP/1.1 200 OK
Content-Type: application/json; charset=utf-8
cache-control: no-cache
content-length: 77740

16:30:59.865 [AsyncHttpClient-1-2] DEBUG org.asynchttpclient.netty.channel.ChannelManager - Adding key: http://localhost:56562 for channel [id: 0x98ef7808, L:/127.0.0.1:50558 - R:localhost/127.0.0.1:56562]
16:30:59.869 [main] DEBUG net.serenitybdd.core.photography.Darkroom - Send negative for processing for target\site\serenity\f51b6b6e47513ff36f5784b071d8ef7a99d52f5a87f24c7ce180ff738de0a430.png
16:30:59.869 [main] DEBUG net.thucydides.core.steps.StepInterceptor - STEP DONE: clickMenuAppointmentButton
  &amp#27;[32mAnd &amp#27;[0m&amp#27;[32mI click menu Appointment&amp#27;[0m                                                 &amp#27;[90m# starter.stepdefinitions.AppointmentSteps.iClickMenuAppointment()&amp#27;[0m
16:30:59.870 [Darkroom Processing Line] DEBUG net.serenitybdd.core.photography.DarkroomProcessingLine - Processing screenshot image in /var/screenshots/screenshot-16678190640025408643
16:30:59.870 [Darkroom Processing Line] DEBUG net.serenitybdd.core.photography.DarkroomProcessingLine - Saving screenshot to target\site\serenity\f51b6b6e47513ff36f5784b071d8ef7a99d52f5a87f24c7ce180ff738de0a430.png
16:30:59.990 [Forwarding screenshot on session 5eced258156d4d310793c59182d46912 to remote] DEBUG org.asynchttpclient.netty.request.NettyRequestSender - Using pooled Channel '[id: 0x98ef7808, L:/127.0.0.1:50558 - R:localhost/127.0.0.1:56562]' for 'GET' to 'http://localhost:56562/session/5eced258156d4d310793c59182d46912/screenshot'
16:30:59.990 [Forwarding screenshot on session 5eced258156d4d310793c59182d46912 to remote] DEBUG org.asynchttpclient.netty.request.NettyRequestSender - Using open Channel [id: 0x98ef7808, L:/127.0.0.1:50558 - R:localhost/127.0.0.1:56562] for GET '/session/5eced258156d4d310793c59182d46912/screenshot'
16:31:00.130 [AsyncHttpClient-1-2] DEBUG org.asynchttpclient.netty.handler.HttpHandler - 

Request DefaultFullHttpRequest(decodeResult: success, version: HTTP/1.1, content: EmptyByteBufBE)
GET /session/5eced258156d4d310793c59182d46912/screenshot HTTP/1.1
User-Agent: selenium/4.1.2 (java windows)
Cache-Control: no-cache
Content-Type: application/json; charset=utf-8
host: localhost:56562
accept: */*

Response DefaultHttpResponse(decodeResult: success, version: HTTP/1.1)
HTTP/1.1 200 OK
Content-Type: application/json; charset=utf-8
cache-control: no-cache
content-length: 77864

16:31:00.130 [AsyncHttpClient-1-2] DEBUG org.asynchttpclient.netty.channel.ChannelManager - Adding key: http://localhost:56562 for channel [id: 0x98ef7808, L:/127.0.0.1:50558 - R:localhost/127.0.0.1:56562]
16:31:00.137 [main] DEBUG net.serenitybdd.core.photography.Darkroom - Send negative for processing for target\site\serenity\1f121c84ac5ed486a34b6564ef548c7a63c0810ba65b369a172b58667ec6d336.png
16:31:00.138 [main] DEBUG net.thucydides.core.steps.StepInterceptor - STARTING STEP: AppointmentSteps.iClickAppointmentDepartmentDropdown - clickFilterDropdown
16:31:00.144 [Forwarding findElement on session 5eced258156d4d310793c59182d46912 to remote] DEBUG org.asynchttpclient.netty.request.NettyRequestSender - Using pooled Channel '[id: 0x98ef7808, L:/127.0.0.1:50558 - R:localhost/127.0.0.1:56562]' for 'POST' to 'http://localhost:56562/session/5eced258156d4d310793c59182d46912/element'
16:31:00.144 [Forwarding findElement on session 5eced258156d4d310793c59182d46912 to remote] DEBUG org.asynchttpclient.netty.request.NettyRequestSender - Using open Channel [id: 0x98ef7808, L:/127.0.0.1:50558 - R:localhost/127.0.0.1:56562] for POST '/session/5eced258156d4d310793c59182d46912/element'
16:31:00.160 [AsyncHttpClient-1-2] DEBUG org.asynchttpclient.netty.handler.HttpHandler - 

Request DefaultHttpRequest(decodeResult: success, version: HTTP/1.1)
POST /session/5eced258156d4d310793c59182d46912/element HTTP/1.1
User-Agent: selenium/4.1.2 (java windows)
Content-Length: 146
Content-Type: application/json; charset=utf-8
host: localhost:56562
accept: */*

Response DefaultHttpResponse(decodeResult: success, version: HTTP/1.1)
HTTP/1.1 200 OK
Content-Type: application/json; charset=utf-8
cache-control: no-cache
content-length: 88

16:31:00.160 [AsyncHttpClient-1-2] DEBUG org.asynchttpclient.netty.channel.ChannelManager - Adding key: http://localhost:56562 for channel [id: 0x98ef7808, L:/127.0.0.1:50558 - R:localhost/127.0.0.1:56562]
16:31:00.260 [Forwarding getElementTagName on session 5eced258156d4d310793c59182d46912 to remote] DEBUG org.asynchttpclient.netty.request.NettyRequestSender - Using pooled Channel '[id: 0x98ef7808, L:/127.0.0.1:50558 - R:localhost/127.0.0.1:56562]' for 'GET' to 'http://localhost:56562/session/5eced258156d4d310793c59182d46912/element/982a244d-d34e-4e6c-a130-c480b42c7284/name'
16:31:00.261 [Forwarding getElementTagName on session 5eced258156d4d310793c59182d46912 to remote] DEBUG org.asynchttpclient.netty.request.NettyRequestSender - Using open Channel [id: 0x98ef7808, L:/127.0.0.1:50558 - R:localhost/127.0.0.1:56562] for GET '/session/5eced258156d4d310793c59182d46912/element/982a244d-d34e-4e6c-a130-c480b42c7284/name'
16:31:00.284 [AsyncHttpClient-1-2] DEBUG org.asynchttpclient.netty.handler.HttpHandler - 

Request DefaultFullHttpRequest(decodeResult: success, version: HTTP/1.1, content: EmptyByteBufBE)
GET /session/5eced258156d4d310793c59182d46912/element/982a244d-d34e-4e6c-a130-c480b42c7284/name HTTP/1.1
User-Agent: selenium/4.1.2 (java windows)
Cache-Control: no-cache
Content-Type: application/json; charset=utf-8
host: localhost:56562
accept: */*

Response DefaultHttpResponse(decodeResult: success, version: HTTP/1.1)
HTTP/1.1 200 OK
Content-Type: application/json; charset=utf-8
cache-control: no-cache
content-length: 15

16:31:00.402 [AsyncHttpClient-1-2] DEBUG org.asynchttpclient.netty.channel.ChannelManager - Adding key: http://localhost:56562 for channel [id: 0x98ef7808, L:/127.0.0.1:50558 - R:localhost/127.0.0.1:56562]
16:31:00.404 [Forwarding getElementTagName on session 5eced258156d4d310793c59182d46912 to remote] DEBUG org.asynchttpclient.netty.request.NettyRequestSender - Using pooled Channel '[id: 0x98ef7808, L:/127.0.0.1:50558 - R:localhost/127.0.0.1:56562]' for 'GET' to 'http://localhost:56562/session/5eced258156d4d310793c59182d46912/element/982a244d-d34e-4e6c-a130-c480b42c7284/name'
16:31:00.405 [Forwarding getElementTagName on session 5eced258156d4d310793c59182d46912 to remote] DEBUG org.asynchttpclient.netty.request.NettyRequestSender - Using open Channel [id: 0x98ef7808, L:/127.0.0.1:50558 - R:localhost/127.0.0.1:56562] for GET '/session/5eced258156d4d310793c59182d46912/element/982a244d-d34e-4e6c-a130-c480b42c7284/name'
16:31:00.410 [AsyncHttpClient-1-2] DEBUG org.asynchttpclient.netty.handler.HttpHandler - 

Request DefaultFullHttpRequest(decodeResult: success, version: HTTP/1.1, content: EmptyByteBufBE)
GET /session/5eced258156d4d310793c59182d46912/element/982a244d-d34e-4e6c-a130-c480b42c7284/name HTTP/1.1
User-Agent: selenium/4.1.2 (java windows)
Cache-Control: no-cache
Content-Type: application/json; charset=utf-8
host: localhost:56562
accept: */*

Response DefaultHttpResponse(decodeResult: success, version: HTTP/1.1)
HTTP/1.1 200 OK
Content-Type: application/json; charset=utf-8
cache-control: no-cache
content-length: 15

16:31:00.410 [AsyncHttpClient-1-2] DEBUG org.asynchttpclient.netty.channel.ChannelManager - Adding key: http://localhost:56562 for channel [id: 0x98ef7808, L:/127.0.0.1:50558 - R:localhost/127.0.0.1:56562]
16:31:00.414 [Forwarding findElement on session 5eced258156d4d310793c59182d46912 to remote] DEBUG org.asynchttpclient.netty.request.NettyRequestSender - Using pooled Channel '[id: 0x98ef7808, L:/127.0.0.1:50558 - R:localhost/127.0.0.1:56562]' for 'POST' to 'http://localhost:56562/session/5eced258156d4d310793c59182d46912/element'
16:31:00.414 [Forwarding findElement on session 5eced258156d4d310793c59182d46912 to remote] DEBUG org.asynchttpclient.netty.request.NettyRequestSender - Using open Channel [id: 0x98ef7808, L:/127.0.0.1:50558 - R:localhost/127.0.0.1:56562] for POST '/session/5eced258156d4d310793c59182d46912/element'
16:31:00.425 [AsyncHttpClient-1-2] DEBUG org.asynchttpclient.netty.handler.HttpHandler - 

Request DefaultHttpRequest(decodeResult: success, version: HTTP/1.1)
POST /session/5eced258156d4d310793c59182d46912/element HTTP/1.1
User-Agent: selenium/4.1.2 (java windows)
Content-Length: 146
Content-Type: application/json; charset=utf-8
host: localhost:56562
accept: */*

Response DefaultHttpResponse(decodeResult: success, version: HTTP/1.1)
HTTP/1.1 200 OK
Content-Type: application/json; charset=utf-8
cache-control: no-cache
content-length: 88

16:31:00.425 [AsyncHttpClient-1-2] DEBUG org.asynchttpclient.netty.channel.ChannelManager - Adding key: http://localhost:56562 for channel [id: 0x98ef7808, L:/127.0.0.1:50558 - R:localhost/127.0.0.1:56562]
16:31:00.428 [Forwarding clickElement on session 5eced258156d4d310793c59182d46912 to remote] DEBUG org.asynchttpclient.netty.request.NettyRequestSender - Using pooled Channel '[id: 0x98ef7808, L:/127.0.0.1:50558 - R:localhost/127.0.0.1:56562]' for 'POST' to 'http://localhost:56562/session/5eced258156d4d310793c59182d46912/element/982a244d-d34e-4e6c-a130-c480b42c7284/click'
16:31:00.428 [Forwarding clickElement on session 5eced258156d4d310793c59182d46912 to remote] DEBUG org.asynchttpclient.netty.request.NettyRequestSender - Using open Channel [id: 0x98ef7808, L:/127.0.0.1:50558 - R:localhost/127.0.0.1:56562] for POST '/session/5eced258156d4d310793c59182d46912/element/982a244d-d34e-4e6c-a130-c480b42c7284/click'
16:31:00.541 [AsyncHttpClient-1-2] DEBUG org.asynchttpclient.netty.handler.HttpHandler - 

Request DefaultHttpRequest(decodeResult: success, version: HTTP/1.1)
POST /session/5eced258156d4d310793c59182d46912/element/982a244d-d34e-4e6c-a130-c480b42c7284/click HTTP/1.1
User-Agent: selenium/4.1.2 (java windows)
Content-Length: 50
Content-Type: application/json; charset=utf-8
host: localhost:56562
accept: */*

Response DefaultHttpResponse(decodeResult: success, version: HTTP/1.1)
HTTP/1.1 200 OK
Content-Type: application/json; charset=utf-8
cache-control: no-cache
content-length: 14

16:31:00.541 [AsyncHttpClient-1-2] DEBUG org.asynchttpclient.netty.channel.ChannelManager - Adding key: http://localhost:56562 for channel [id: 0x98ef7808, L:/127.0.0.1:50558 - R:localhost/127.0.0.1:56562]
16:31:00.551 [Forwarding screenshot on session 5eced258156d4d310793c59182d46912 to remote] DEBUG org.asynchttpclient.netty.request.NettyRequestSender - Using pooled Channel '[id: 0x98ef7808, L:/127.0.0.1:50558 - R:localhost/127.0.0.1:56562]' for 'GET' to 'http://localhost:56562/session/5eced258156d4d310793c59182d46912/screenshot'
16:31:00.551 [Forwarding screenshot on session 5eced258156d4d310793c59182d46912 to remote] DEBUG org.asynchttpclient.netty.request.NettyRequestSender - Using open Channel [id: 0x98ef7808, L:/127.0.0.1:50558 - R:localhost/127.0.0.1:56562] for GET '/session/5eced258156d4d310793c59182d46912/screenshot'
16:31:00.637 [AsyncHttpClient-1-1] DEBUG org.asynchttpclient.netty.channel.DefaultChannelPool - Entry count for : http://localhost:50560 : 1
16:31:00.674 [AsyncHttpClient-1-2] DEBUG org.asynchttpclient.netty.handler.HttpHandler - 

Request DefaultFullHttpRequest(decodeResult: success, version: HTTP/1.1, content: EmptyByteBufBE)
GET /session/5eced258156d4d310793c59182d46912/screenshot HTTP/1.1
User-Agent: selenium/4.1.2 (java windows)
Cache-Control: no-cache
Content-Type: application/json; charset=utf-8
host: localhost:56562
accept: */*

Response DefaultHttpResponse(decodeResult: success, version: HTTP/1.1)
HTTP/1.1 200 OK
Content-Type: application/json; charset=utf-8
cache-control: no-cache
content-length: 88456

16:31:00.675 [AsyncHttpClient-1-2] DEBUG org.asynchttpclient.netty.channel.ChannelManager - Adding key: http://localhost:56562 for channel [id: 0x98ef7808, L:/127.0.0.1:50558 - R:localhost/127.0.0.1:56562]
16:31:00.681 [main] DEBUG net.serenitybdd.core.photography.Darkroom - Send negative for processing for target\site\serenity\517adc47cd2eccc010aa64269c16f6557b8f98e7eb12d03897d849e488a3e4fa.png
16:31:00.681 [main] DEBUG net.thucydides.core.steps.StepInterceptor - STEP DONE: clickFilterDropdown
  &amp#27;[32mWhen &amp#27;[0m&amp#27;[32mI click Appointment Department Filter Dropdown&amp#27;[0m                          &amp#27;[90m# starter.stepdefinitions.AppointmentSteps.iClickAppointmentDepartmentDropdown()&amp#27;[0m
16:31:00.681 [Darkroom Processing Line] DEBUG net.serenitybdd.core.photography.DarkroomProcessingLine - Processing screenshot image in /var/screenshots/screenshot-5616023709959630911
16:31:00.681 [Darkroom Processing Line] DEBUG net.serenitybdd.core.photography.DarkroomProcessingLine - Saving screenshot to target\site\serenity\517adc47cd2eccc010aa64269c16f6557b8f98e7eb12d03897d849e488a3e4fa.png
16:31:00.705 [main] DEBUG net.thucydides.core.steps.StepInterceptor - STARTING STEP: AppointmentSteps.iClickAppointmentNeurology - clickNeurologyMenu
16:31:00.713 [Forwarding findElement on session 5eced258156d4d310793c59182d46912 to remote] DEBUG org.asynchttpclient.netty.request.NettyRequestSender - Using pooled Channel '[id: 0x98ef7808, L:/127.0.0.1:50558 - R:localhost/127.0.0.1:56562]' for 'POST' to 'http://localhost:56562/session/5eced258156d4d310793c59182d46912/element'
16:31:00.713 [Forwarding findElement on session 5eced258156d4d310793c59182d46912 to remote] DEBUG org.asynchttpclient.netty.request.NettyRequestSender - Using open Channel [id: 0x98ef7808, L:/127.0.0.1:50558 - R:localhost/127.0.0.1:56562] for POST '/session/5eced258156d4d310793c59182d46912/element'
16:31:00.921 [AsyncHttpClient-1-2] DEBUG org.asynchttpclient.netty.handler.HttpHandler - 

Request DefaultHttpRequest(decodeResult: success, version: HTTP/1.1)
POST /session/5eced258156d4d310793c59182d46912/element HTTP/1.1
User-Agent: selenium/4.1.2 (java windows)
Content-Length: 109
Content-Type: application/json; charset=utf-8
host: localhost:56562
accept: */*

Response DefaultHttpResponse(decodeResult: success, version: HTTP/1.1)
HTTP/1.1 200 OK
Content-Type: application/json; charset=utf-8
cache-control: no-cache
content-length: 88

16:31:00.921 [AsyncHttpClient-1-2] DEBUG org.asynchttpclient.netty.channel.ChannelManager - Adding key: http://localhost:56562 for channel [id: 0x98ef7808, L:/127.0.0.1:50558 - R:localhost/127.0.0.1:56562]
16:31:00.924 [Forwarding getElementTagName on session 5eced258156d4d310793c59182d46912 to remote] DEBUG org.asynchttpclient.netty.request.NettyRequestSender - Using pooled Channel '[id: 0x98ef7808, L:/127.0.0.1:50558 - R:localhost/127.0.0.1:56562]' for 'GET' to 'http://localhost:56562/session/5eced258156d4d310793c59182d46912/element/ae659b83-2238-43bc-a3b4-9f9480e1a809/name'
16:31:00.924 [Forwarding getElementTagName on session 5eced258156d4d310793c59182d46912 to remote] DEBUG org.asynchttpclient.netty.request.NettyRequestSender - Using open Channel [id: 0x98ef7808, L:/127.0.0.1:50558 - R:localhost/127.0.0.1:56562] for GET '/session/5eced258156d4d310793c59182d46912/element/ae659b83-2238-43bc-a3b4-9f9480e1a809/name'
16:31:00.933 [AsyncHttpClient-1-2] DEBUG org.asynchttpclient.netty.handler.HttpHandler - 

Request DefaultFullHttpRequest(decodeResult: success, version: HTTP/1.1, content: EmptyByteBufBE)
GET /session/5eced258156d4d310793c59182d46912/element/ae659b83-2238-43bc-a3b4-9f9480e1a809/name HTTP/1.1
User-Agent: selenium/4.1.2 (java windows)
Cache-Control: no-cache
Content-Type: application/json; charset=utf-8
host: localhost:56562
accept: */*

Response DefaultHttpResponse(decodeResult: success, version: HTTP/1.1)
HTTP/1.1 200 OK
Content-Type: application/json; charset=utf-8
cache-control: no-cache
content-length: 14

16:31:00.933 [AsyncHttpClient-1-2] DEBUG org.asynchttpclient.netty.channel.ChannelManager - Adding key: http://localhost:56562 for channel [id: 0x98ef7808, L:/127.0.0.1:50558 - R:localhost/127.0.0.1:56562]
16:31:00.935 [Forwarding getElementTagName on session 5eced258156d4d310793c59182d46912 to remote] DEBUG org.asynchttpclient.netty.request.NettyRequestSender - Using pooled Channel '[id: 0x98ef7808, L:/127.0.0.1:50558 - R:localhost/127.0.0.1:56562]' for 'GET' to 'http://localhost:56562/session/5eced258156d4d310793c59182d46912/element/ae659b83-2238-43bc-a3b4-9f9480e1a809/name'
16:31:00.935 [Forwarding getElementTagName on session 5eced258156d4d310793c59182d46912 to remote] DEBUG org.asynchttpclient.netty.request.NettyRequestSender - Using open Channel [id: 0x98ef7808, L:/127.0.0.1:50558 - R:localhost/127.0.0.1:56562] for GET '/session/5eced258156d4d310793c59182d46912/element/ae659b83-2238-43bc-a3b4-9f9480e1a809/name'
16:31:00.941 [AsyncHttpClient-1-2] DEBUG org.asynchttpclient.netty.handler.HttpHandler - 

Request DefaultFullHttpRequest(decodeResult: success, version: HTTP/1.1, content: EmptyByteBufBE)
GET /session/5eced258156d4d310793c59182d46912/element/ae659b83-2238-43bc-a3b4-9f9480e1a809/name HTTP/1.1
User-Agent: selenium/4.1.2 (java windows)
Cache-Control: no-cache
Content-Type: application/json; charset=utf-8
host: localhost:56562
accept: */*

Response DefaultHttpResponse(decodeResult: success, version: HTTP/1.1)
HTTP/1.1 200 OK
Content-Type: application/json; charset=utf-8
cache-control: no-cache
content-length: 14

16:31:00.941 [AsyncHttpClient-1-2] DEBUG org.asynchttpclient.netty.channel.ChannelManager - Adding key: http://localhost:56562 for channel [id: 0x98ef7808, L:/127.0.0.1:50558 - R:localhost/127.0.0.1:56562]
16:31:00.944 [Forwarding findElement on session 5eced258156d4d310793c59182d46912 to remote] DEBUG org.asynchttpclient.netty.request.NettyRequestSender - Using pooled Channel '[id: 0x98ef7808, L:/127.0.0.1:50558 - R:localhost/127.0.0.1:56562]' for 'POST' to 'http://localhost:56562/session/5eced258156d4d310793c59182d46912/element'
16:31:00.944 [Forwarding findElement on session 5eced258156d4d310793c59182d46912 to remote] DEBUG org.asynchttpclient.netty.request.NettyRequestSender - Using open Channel [id: 0x98ef7808, L:/127.0.0.1:50558 - R:localhost/127.0.0.1:56562] for POST '/session/5eced258156d4d310793c59182d46912/element'
16:31:00.955 [AsyncHttpClient-1-2] DEBUG org.asynchttpclient.netty.handler.HttpHandler - 

Request DefaultHttpRequest(decodeResult: success, version: HTTP/1.1)
POST /session/5eced258156d4d310793c59182d46912/element HTTP/1.1
User-Agent: selenium/4.1.2 (java windows)
Content-Length: 109
Content-Type: application/json; charset=utf-8
host: localhost:56562
accept: */*

Response DefaultHttpResponse(decodeResult: success, version: HTTP/1.1)
HTTP/1.1 200 OK
Content-Type: application/json; charset=utf-8
cache-control: no-cache
content-length: 88

16:31:00.955 [AsyncHttpClient-1-2] DEBUG org.asynchttpclient.netty.channel.ChannelManager - Adding key: http://localhost:56562 for channel [id: 0x98ef7808, L:/127.0.0.1:50558 - R:localhost/127.0.0.1:56562]
16:31:00.956 [Forwarding clickElement on session 5eced258156d4d310793c59182d46912 to remote] DEBUG org.asynchttpclient.netty.request.NettyRequestSender - Using pooled Channel '[id: 0x98ef7808, L:/127.0.0.1:50558 - R:localhost/127.0.0.1:56562]' for 'POST' to 'http://localhost:56562/session/5eced258156d4d310793c59182d46912/element/ae659b83-2238-43bc-a3b4-9f9480e1a809/click'
16:31:00.956 [Forwarding clickElement on session 5eced258156d4d310793c59182d46912 to remote] DEBUG org.asynchttpclient.netty.request.NettyRequestSender - Using open Channel [id: 0x98ef7808, L:/127.0.0.1:50558 - R:localhost/127.0.0.1:56562] for POST '/session/5eced258156d4d310793c59182d46912/element/ae659b83-2238-43bc-a3b4-9f9480e1a809/click'
16:31:01.096 [AsyncHttpClient-1-2] DEBUG org.asynchttpclient.netty.handler.HttpHandler - 

Request DefaultHttpRequest(decodeResult: success, version: HTTP/1.1)
POST /session/5eced258156d4d310793c59182d46912/element/ae659b83-2238-43bc-a3b4-9f9480e1a809/click HTTP/1.1
User-Agent: selenium/4.1.2 (java windows)
Content-Length: 50
Content-Type: application/json; charset=utf-8
host: localhost:56562
accept: */*

Response DefaultHttpResponse(decodeResult: success, version: HTTP/1.1)
HTTP/1.1 200 OK
Content-Type: application/json; charset=utf-8
cache-control: no-cache
content-length: 14

16:31:01.097 [AsyncHttpClient-1-2] DEBUG org.asynchttpclient.netty.channel.ChannelManager - Adding key: http://localhost:56562 for channel [id: 0x98ef7808, L:/127.0.0.1:50558 - R:localhost/127.0.0.1:56562]
16:31:01.110 [Forwarding screenshot on session 5eced258156d4d310793c59182d46912 to remote] DEBUG org.asynchttpclient.netty.request.NettyRequestSender - Using pooled Channel '[id: 0x98ef7808, L:/127.0.0.1:50558 - R:localhost/127.0.0.1:56562]' for 'GET' to 'http://localhost:56562/session/5eced258156d4d310793c59182d46912/screenshot'
16:31:01.110 [Forwarding screenshot on session 5eced258156d4d310793c59182d46912 to remote] DEBUG org.asynchttpclient.netty.request.NettyRequestSender - Using open Channel [id: 0x98ef7808, L:/127.0.0.1:50558 - R:localhost/127.0.0.1:56562] for GET '/session/5eced258156d4d310793c59182d46912/screenshot'
16:31:01.240 [AsyncHttpClient-1-2] DEBUG org.asynchttpclient.netty.handler.HttpHandler - 

Request DefaultFullHttpRequest(decodeResult: success, version: HTTP/1.1, content: EmptyByteBufBE)
GET /session/5eced258156d4d310793c59182d46912/screenshot HTTP/1.1
User-Agent: selenium/4.1.2 (java windows)
Cache-Control: no-cache
Content-Type: application/json; charset=utf-8
host: localhost:56562
accept: */*

Response DefaultHttpResponse(decodeResult: success, version: HTTP/1.1)
HTTP/1.1 200 OK
Content-Type: application/json; charset=utf-8
cache-control: no-cache
content-length: 82728

16:31:01.241 [AsyncHttpClient-1-2] DEBUG org.asynchttpclient.netty.channel.ChannelManager - Adding key: http://localhost:56562 for channel [id: 0x98ef7808, L:/127.0.0.1:50558 - R:localhost/127.0.0.1:56562]
16:31:01.245 [main] DEBUG net.serenitybdd.core.photography.Darkroom - Send negative for processing for target\site\serenity\af2388173b51f4fa3d80bf1bfed6c27387a74bcc0b0522f1e4813a1e11ab94d1.png
16:31:01.245 [main] DEBUG net.thucydides.core.steps.StepInterceptor - STEP DONE: clickNeurologyMenu
16:31:01.246 [Darkroom Processing Line] DEBUG net.serenitybdd.core.photography.DarkroomProcessingLine - Processing screenshot image in /var/screenshots/screenshot-10561564229340441969
  &amp#27;[32mAnd &amp#27;[0m&amp#27;[32mI click Appointment Neurology&amp#27;[0m                                            &amp#27;[90m# starter.stepdefinitions.AppointmentSteps.iClickAppointmentNeurology()&amp#27;[0m
16:31:01.246 [Darkroom Processing Line] DEBUG net.serenitybdd.core.photography.DarkroomProcessingLine - Saving screenshot to target\site\serenity\af2388173b51f4fa3d80bf1bfed6c27387a74bcc0b0522f1e4813a1e11ab94d1.png
16:31:01.264 [main] DEBUG net.thucydides.core.steps.StepInterceptor - STARTING STEP: AppointmentSteps.iValidateTodayAppointmentOnlyShowNeurologyDepartmentAppointment - validateNeurologyAppointment
16:31:01.814 [AsyncHttpClient-1-1] DEBUG org.asynchttpclient.netty.channel.DefaultChannelPool - Entry count for : http://localhost:56562 : 1
16:31:01.814 [AsyncHttpClient-1-1] DEBUG org.asynchttpclient.netty.channel.DefaultChannelPool - Entry count for : http://localhost:50560 : 1
16:31:01.827 [Forwarding findElement on session 5eced258156d4d310793c59182d46912 to remote] DEBUG org.asynchttpclient.netty.request.NettyRequestSender - Using pooled Channel '[id: 0x98ef7808, L:/127.0.0.1:50558 - R:localhost/127.0.0.1:56562]' for 'POST' to 'http://localhost:56562/session/5eced258156d4d310793c59182d46912/element'
16:31:01.827 [Forwarding findElement on session 5eced258156d4d310793c59182d46912 to remote] DEBUG org.asynchttpclient.netty.request.NettyRequestSender - Using open Channel [id: 0x98ef7808, L:/127.0.0.1:50558 - R:localhost/127.0.0.1:56562] for POST '/session/5eced258156d4d310793c59182d46912/element'
16:31:02.839 [AsyncHttpClient-1-1] DEBUG org.asynchttpclient.netty.channel.DefaultChannelPool - Entry count for : http://localhost:50560 : 1
16:31:03.938 [AsyncHttpClient-1-1] DEBUG org.asynchttpclient.netty.channel.DefaultChannelPool - Entry count for : http://localhost:50560 : 1
16:31:05.038 [AsyncHttpClient-1-1] DEBUG org.asynchttpclient.netty.channel.DefaultChannelPool - Entry count for : http://localhost:50560 : 1
16:31:06.137 [AsyncHttpClient-1-1] DEBUG org.asynchttpclient.netty.channel.DefaultChannelPool - Entry count for : http://localhost:50560 : 1
16:31:06.849 [AsyncHttpClient-1-2] DEBUG org.asynchttpclient.netty.handler.HttpHandler - 

Request DefaultHttpRequest(decodeResult: success, version: HTTP/1.1)
POST /session/5eced258156d4d310793c59182d46912/element HTTP/1.1
User-Agent: selenium/4.1.2 (java windows)
Content-Length: 145
Content-Type: application/json; charset=utf-8
host: localhost:56562
accept: */*

Response DefaultHttpResponse(decodeResult: success, version: HTTP/1.1)
HTTP/1.1 404 Not Found
Content-Type: application/json; charset=utf-8
cache-control: no-cache
content-length: 1057

16:31:06.850 [AsyncHttpClient-1-2] DEBUG org.asynchttpclient.netty.channel.ChannelManager - Adding key: http://localhost:56562 for channel [id: 0x98ef7808, L:/127.0.0.1:50558 - R:localhost/127.0.0.1:56562]
16:31:07.238 [AsyncHttpClient-1-1] DEBUG org.asynchttpclient.netty.channel.DefaultChannelPool - Entry count for : http://localhost:56562 : 1
16:31:07.238 [AsyncHttpClient-1-1] DEBUG org.asynchttpclient.netty.channel.DefaultChannelPool - Entry count for : http://localhost:50560 : 1
16:31:07.373 [Forwarding screenshot on session 5eced258156d4d310793c59182d46912 to remote] DEBUG org.asynchttpclient.netty.request.NettyRequestSender - Using pooled Channel '[id: 0x98ef7808, L:/127.0.0.1:50558 - R:localhost/127.0.0.1:56562]' for 'GET' to 'http://localhost:56562/session/5eced258156d4d310793c59182d46912/screenshot'
16:31:07.373 [Forwarding screenshot on session 5eced258156d4d310793c59182d46912 to remote] DEBUG org.asynchttpclient.netty.request.NettyRequestSender - Using open Channel [id: 0x98ef7808, L:/127.0.0.1:50558 - R:localhost/127.0.0.1:56562] for GET '/session/5eced258156d4d310793c59182d46912/screenshot'
16:31:07.480 [AsyncHttpClient-1-2] DEBUG org.asynchttpclient.netty.handler.HttpHandler - 

Request DefaultFullHttpRequest(decodeResult: success, version: HTTP/1.1, content: EmptyByteBufBE)
GET /session/5eced258156d4d310793c59182d46912/screenshot HTTP/1.1
User-Agent: selenium/4.1.2 (java windows)
Cache-Control: no-cache
Content-Type: application/json; charset=utf-8
host: localhost:56562
accept: */*

Response DefaultHttpResponse(decodeResult: success, version: HTTP/1.1)
HTTP/1.1 200 OK
Content-Type: application/json; charset=utf-8
cache-control: no-cache
content-length: 68772

16:31:07.481 [AsyncHttpClient-1-2] DEBUG org.asynchttpclient.netty.channel.ChannelManager - Adding key: http://localhost:56562 for channel [id: 0x98ef7808, L:/127.0.0.1:50558 - R:localhost/127.0.0.1:56562]
16:31:07.485 [main] DEBUG net.serenitybdd.core.photography.Darkroom - Send negative for processing for target\site\serenity\2166720f2278fa8749db5d95a55631890abba9a96d9dfcd7a8b428c33c350e7a.png
16:31:07.485 [Darkroom Processing Line] DEBUG net.serenitybdd.core.photography.DarkroomProcessingLine - Processing screenshot image in /var/screenshots/screenshot-11806188916676334414
16:31:07.485 [Darkroom Processing Line] DEBUG net.serenitybdd.core.photography.DarkroomProcessingLine - Saving screenshot to target\site\serenity\2166720f2278fa8749db5d95a55631890abba9a96d9dfcd7a8b428c33c350e7a.png
16:31:07.949 [Forwarding getPageSource on session 5eced258156d4d310793c59182d46912 to remote] DEBUG org.asynchttpclient.netty.request.NettyRequestSender - Using pooled Channel '[id: 0x98ef7808, L:/127.0.0.1:50558 - R:localhost/127.0.0.1:56562]' for 'POST' to 'http://localhost:56562/session/5eced258156d4d310793c59182d46912/execute/sync'
16:31:07.949 [Forwarding getPageSource on session 5eced258156d4d310793c59182d46912 to remote] DEBUG org.asynchttpclient.netty.request.NettyRequestSender - Using open Channel [id: 0x98ef7808, L:/127.0.0.1:50558 - R:localhost/127.0.0.1:56562] for POST '/session/5eced258156d4d310793c59182d46912/execute/sync'
16:31:08.064 [AsyncHttpClient-1-2] DEBUG org.asynchttpclient.netty.handler.HttpHandler - 

Request DefaultHttpRequest(decodeResult: success, version: HTTP/1.1)
POST /session/5eced258156d4d310793c59182d46912/execute/sync HTTP/1.1
User-Agent: selenium/4.1.2 (java windows)
Content-Length: 176
Content-Type: application/json; charset=utf-8
host: localhost:56562
accept: */*

Response DefaultHttpResponse(decodeResult: success, version: HTTP/1.1)
HTTP/1.1 200 OK
Content-Type: application/json; charset=utf-8
cache-control: no-cache
content-length: 13381

16:31:08.064 [AsyncHttpClient-1-2] DEBUG org.asynchttpclient.netty.channel.ChannelManager - Adding key: http://localhost:56562 for channel [id: 0x98ef7808, L:/127.0.0.1:50558 - R:localhost/127.0.0.1:56562]
16:31:08.338 [AsyncHttpClient-1-1] DEBUG org.asynchttpclient.netty.channel.DefaultChannelPool - Entry count for : http://localhost:56562 : 1
16:31:08.338 [AsyncHttpClient-1-1] DEBUG org.asynchttpclient.netty.channel.DefaultChannelPool - Entry count for : http://localhost:50560 : 1
16:31:09.438 [AsyncHttpClient-1-1] DEBUG org.asynchttpclient.netty.channel.DefaultChannelPool - Entry count for : http://localhost:56562 : 1
16:31:09.438 [AsyncHttpClient-1-1] DEBUG org.asynchttpclient.netty.channel.DefaultChannelPool - Entry count for : http://localhost:50560 : 1
16:31:09.784 [Forwarding getCurrentUrl on session 5eced258156d4d310793c59182d46912 to remote] DEBUG org.asynchttpclient.netty.request.NettyRequestSender - Using pooled Channel '[id: 0x98ef7808, L:/127.0.0.1:50558 - R:localhost/127.0.0.1:56562]' for 'GET' to 'http://localhost:56562/session/5eced258156d4d310793c59182d46912/url'
16:31:09.784 [Forwarding getCurrentUrl on session 5eced258156d4d310793c59182d46912 to remote] DEBUG org.asynchttpclient.netty.request.NettyRequestSender - Using open Channel [id: 0x98ef7808, L:/127.0.0.1:50558 - R:localhost/127.0.0.1:56562] for GET '/session/5eced258156d4d310793c59182d46912/url'
16:31:09.796 [AsyncHttpClient-1-2] DEBUG org.asynchttpclient.netty.handler.HttpHandler - 

Request DefaultFullHttpRequest(decodeResult: success, version: HTTP/1.1, content: EmptyByteBufBE)
GET /session/5eced258156d4d310793c59182d46912/url HTTP/1.1
User-Agent: selenium/4.1.2 (java windows)
Cache-Control: no-cache
Content-Type: application/json; charset=utf-8
host: localhost:56562
accept: */*

Response DefaultHttpResponse(decodeResult: success, version: HTTP/1.1)
HTTP/1.1 200 OK
Content-Type: application/json; charset=utf-8
cache-control: no-cache
content-length: 64

16:31:09.797 [AsyncHttpClient-1-2] DEBUG org.asynchttpclient.netty.channel.ChannelManager - Adding key: http://localhost:56562 for channel [id: 0x98ef7808, L:/127.0.0.1:50558 - R:localhost/127.0.0.1:56562]
  &amp#27;[31mThen &amp#27;[0m&amp#27;[31mI validate Today Appointment only show Neurology Department Appointment&amp#27;[0m &amp#27;[90m# starter.stepdefinitions.AppointmentSteps.iValidateTodayAppointmentOnlyShowNeurologyDepartmentAppointment()&amp#27;[0m
      &amp#27;[31morg.openqa.selenium.NoSuchElementException: Expected condition failed: waiting for By.xpath: //body/div[@id='root']/div[1]/div[2]/div[2]/div[3]/div[1]/h3[1] to be displayed (tried for 5 second(s) with 100 milliseconds interval)
Build info: version: '4.1.2', revision: '9a5a329c5a'
System info: host: 'DELL', ip: '192.168.1.6', os.name: 'Windows 8.1', os.arch: 'amd64', os.version: '6.3', java.version: '15.0.2'
Driver info: driver.version: unknown
	at net.serenitybdd.core.pages.WebElementFacadeImpl.throwNoSuchElementExceptionWithCauseIfPresent(WebElementFacadeImpl.java:1001)
	at net.serenitybdd.core.pages.WebElementFacadeImpl.checkPresenceOfWebElement(WebElementFacadeImpl.java:974)
	at net.serenitybdd.core.pages.WebElementFacadeImpl.waitUntilVisible(WebElementFacadeImpl.java:981)
	at Capstone.Project.Website@1.0-SNAPSHOT/starter.pages.AppointmentPage.validateNeurologyAppointment(AppointmentPage.java:357)
	at Capstone.Project.Website@1.0-SNAPSHOT/starter.pages.AppointmentPage$ByteBuddy$q6SZGsVH.validateNeurologyAppointment$accessor$t7MNsUXi(Unknown Source)
	at java.base/jdk.internal.reflect.NativeMethodAccessorImpl.invoke0(Native Method)
	at java.base/jdk.internal.reflect.NativeMethodAccessorImpl.invoke(NativeMethodAccessorImpl.java:64)
	at java.base/jdk.internal.reflect.DelegatingMethodAccessorImpl.invoke(DelegatingMethodAccessorImpl.java:43)
	at java.base/java.lang.reflect.Method.invoke(Method.java:564)
	at net.thucydides.core.steps.StepInterceptor.invokeMethod(StepInterceptor.java:503)
	at net.thucydides.core.steps.StepInterceptor.executeTestStepMethod(StepInterceptor.java:483)
	at net.thucydides.core.steps.StepInterceptor.runTestStep(StepInterceptor.java:457)
	at net.thucydides.core.steps.StepInterceptor.runOrSkipMethod(StepInterceptor.java:209)
	at net.thucydides.core.steps.StepInterceptor.testStepResult(StepInterceptor.java:196)
	at net.thucydides.core.steps.StepInterceptor.intercept(StepInterceptor.java:84)
	at net.thucydides.core.steps.ProxyConfiguration$InterceptorDispatcher.intercept(ProxyConfiguration.java:51)
	at Capstone.Project.Website@1.0-SNAPSHOT/starter.pages.AppointmentPage$ByteBuddy$q6SZGsVH.validateNeurologyAppointment(Unknown Source)
	at Capstone.Project.Website@1.0-SNAPSHOT/starter.stepdefinitions.AppointmentSteps.iValidateTodayAppointmentOnlyShowNeurologyDepartmentAppointment(AppointmentSteps.java:140)
	at âœ½.I validate Today Appointment only show Neurology Department Appointment(file:///E:/My%20Documents/File%20Difa/TI%20Semester%206%20Kampus%20Merdeka%20Alterra/Tugas/CAPSTONE%20Project/Capstone-Project-Website/src/test/resources/features/1.Appointment.feature:84)
Caused by: org.openqa.selenium.TimeoutException: Expected condition failed: waiting for By.xpath: //body/div[@id='root']/div[1]/div[2]/div[2]/div[3]/div[1]/h3[1] to be displayed (tried for 5 second(s) with 100 milliseconds interval)
Build info: version: '4.1.2', revision: '9a5a329c5a'
System info: host: 'DELL', ip: '192.168.1.6', os.name: 'Windows 8.1', os.arch: 'amd64', os.version: '6.3', java.version: '15.0.2'
Driver info: driver.version: unknown
	at org.openqa.selenium.support.ui.FluentWait.timeoutException(FluentWait.java:263)
	at org.openqa.selenium.support.ui.FluentWait.until(FluentWait.java:231)
	at net.serenitybdd.core.pages.WebElementFacadeImpl.checkPresenceOfWebElement(WebElementFacadeImpl.java:968)
	at net.serenitybdd.core.pages.WebElementFacadeImpl.waitUntilVisible(WebElementFacadeImpl.java:981)
	at Capstone.Project.Website@1.0-SNAPSHOT/starter.pages.AppointmentPage.validateNeurologyAppointment(AppointmentPage.java:357)
	at Capstone.Project.Website@1.0-SNAPSHOT/starter.pages.AppointmentPage$ByteBuddy$q6SZGsVH.validateNeurologyAppointment$accessor$t7MNsUXi(Unknown Source)
	at java.base/jdk.internal.reflect.NativeMethodAccessorImpl.invoke0(Native Method)
	at java.base/jdk.internal.reflect.NativeMethodAccessorImpl.invoke(NativeMethodAccessorImpl.java:64)
	at java.base/jdk.internal.reflect.DelegatingMethodAccessorImpl.invoke(DelegatingMethodAccessorImpl.java:43)
	at java.base/java.lang.reflect.Method.invoke(Method.java:564)
	at net.thucydides.core.steps.StepInterceptor.invokeMethod(StepInterceptor.java:503)
	at net.thucydides.core.steps.StepInterceptor.executeTestStepMethod(StepInterceptor.java:483)
	at net.thucydides.core.steps.StepInterceptor.runTestStep(StepInterceptor.java:457)
	at net.thucydides.core.steps.StepInterceptor.runOrSkipMethod(StepInterceptor.java:209)
	at net.thucydides.core.steps.StepInterceptor.testStepResult(StepInterceptor.java:196)
	at net.thucydides.core.steps.StepInterceptor.intercept(StepInterceptor.java:84)
	at net.thucydides.core.steps.ProxyConfiguration$InterceptorDispatcher.intercept(ProxyConfiguration.java:51)
	at Capstone.Project.Website@1.0-SNAPSHOT/starter.pages.AppointmentPage$ByteBuddy$q6SZGsVH.validateNeurologyAppointment(Unknown Source)
	at Capstone.Project.Website@1.0-SNAPSHOT/starter.stepdefinitions.AppointmentSteps.iValidateTodayAppointmentOnlyShowNeurologyDepartmentAppointment(AppointmentSteps.java:140)
	at java.base/jdk.internal.reflect.NativeMethodAccessorImpl.invoke0(Native Method)
	at java.base/jdk.internal.reflect.NativeMethodAccessorImpl.invoke(NativeMethodAccessorImpl.java:64)
	at java.base/jdk.internal.reflect.DelegatingMethodAccessorImpl.invoke(DelegatingMethodAccessorImpl.java:43)
	at java.base/java.lang.reflect.Method.invoke(Method.java:564)
	at io.cucumber.java.Invoker.doInvoke(Invoker.java:66)
	at io.cucumber.java.Invoker.invoke(Invoker.java:24)
	at io.cucumber.java.AbstractGlueDefinition.invokeMethod(AbstractGlueDefinition.java:47)
	at io.cucumber.java.JavaStepDefinition.execute(JavaStepDefinition.java:29)
	at io.cucumber.core.runner.CoreStepDefinition.execute(CoreStepDefinition.java:66)
	at io.cucumber.core.runner.PickleStepDefinitionMatch.runStep(PickleStepDefinitionMatch.java:63)
	at io.cucumber.core.runner.ExecutionMode$1.execute(ExecutionMode.java:10)
	at io.cucumber.core.runner.TestStep.executeStep(TestStep.java:86)
	at io.cucumber.core.runner.TestStep.run(TestStep.java:57)
	at io.cucumber.core.runner.PickleStepTestStep.run(PickleStepTestStep.java:51)
	at io.cucumber.core.runner.TestCase.run(TestCase.java:95)
	at io.cucumber.core.runner.Runner.runPickle(Runner.java:75)
	at io.cucumber.junit.PickleRunners$NoStepDescriptions.lambda$run$0(PickleRunners.java:151)
	at io.cucumber.core.runtime.CucumberExecutionContext.lambda$runTestCase$3(CucumberExecutionContext.java:151)
	at io.cucumber.core.runtime.RethrowingThrowableCollector.executeAndThrow(RethrowingThrowableCollector.java:23)
	at io.cucumber.core.runtime.CucumberExecutionContext.runTestCase(CucumberExecutionContext.java:151)
	at io.cucumber.junit.PickleRunners$NoStepDescriptions.run(PickleRunners.java:148)
	at io.cucumber.junit.FeatureRunner.runChild(FeatureRunner.java:144)
	at io.cucumber.junit.FeatureRunner.runChild(FeatureRunner.java:28)
	at org.junit.runners.ParentRunner$4.run(ParentRunner.java:331)
	at org.junit.runners.ParentRunner$1.schedule(ParentRunner.java:79)
	at org.junit.runners.ParentRunner.runChildren(ParentRunner.java:329)
	at org.junit.runners.ParentRunner.access$100(ParentRunner.java:66)
	at org.junit.runners.ParentRunner$2.evaluate(ParentRunner.java:293)
	at org.junit.runners.ParentRunner$3.evaluate(ParentRunner.java:306)
	at org.junit.runners.ParentRunner.run(ParentRunner.java:413)
	at io.cucumber.junit.FeatureRunner.run(FeatureRunner.java:137)
	at io.cucumber.junit.CucumberSerenityRunner.runChild(CucumberSerenityRunner.java:258)
	at io.cucumber.junit.CucumberSerenityRunner.runChild(CucumberSerenityRunner.java:58)
	at org.junit.runners.ParentRunner$4.run(ParentRunner.java:331)
	at org.junit.runners.ParentRunner$1.schedule(ParentRunner.java:79)
	at org.junit.runners.ParentRunner.runChildren(ParentRunner.java:329)
	at org.junit.runners.ParentRunner.access$100(ParentRunner.java:66)
	at org.junit.runners.ParentRunner$2.evaluate(ParentRunner.java:293)
	at io.cucumber.junit.CucumberSerenityRunner$RunCucumber.evaluate(CucumberSerenityRunner.java:287)
	at org.junit.runners.ParentRunner$3.evaluate(ParentRunner.java:306)
	at org.junit.runners.ParentRunner.run(ParentRunner.java:413)
	at org.junit.runner.JUnitCore.run(JUnitCore.java:137)
	at org.junit.runner.JUnitCore.run(JUnitCore.java:115)
	at org.junit.vintage.engine.execution.RunnerExecutor.execute(RunnerExecutor.java:42)
	at org.junit.vintage.engine.VintageTestEngine.executeAllChildren(VintageTestEngine.java:80)
	at org.junit.vintage.engine.VintageTestEngine.execute(VintageTestEngine.java:72)
	at org.junit.platform.launcher.core.EngineExecutionOrchestrator.execute(EngineExecutionOrchestrator.java:107)
	at org.junit.platform.launcher.core.EngineExecutionOrchestrator.execute(EngineExecutionOrchestrator.java:88)
	at org.junit.platform.launcher.core.EngineExecutionOrchestrator.lambda$execute$0(EngineExecutionOrchestrator.java:54)
	at org.junit.platform.launcher.core.EngineExecutionOrchestrator.withInterceptedStreams(EngineExecutionOrchestrator.java:67)
	at org.junit.platform.launcher.core.EngineExecutionOrchestrator.execute(EngineExecutionOrchestrator.java:52)
	at org.junit.platform.launcher.core.DefaultLauncher.execute(DefaultLauncher.java:114)
	at org.junit.platform.launcher.core.DefaultLauncher.execute(DefaultLauncher.java:86)
	at org.junit.platform.launcher.core.DefaultLauncherSession$DelegatingLauncher.execute(DefaultLauncherSession.java:86)
	at org.junit.platform.launcher.core.SessionPerRequestLauncher.execute(SessionPerRequestLauncher.java:53)
	at org.apache.maven.surefire.junitplatform.JUnitPlatformProvider.execute(JUnitPlatformProvider.java:188)
	at org.apache.maven.surefire.junitplatform.JUnitPlatformProvider.invokeAllTests(JUnitPlatformProvider.java:154)
	at org.apache.maven.surefire.junitplatform.JUnitPlatformProvider.invoke(JUnitPlatformProvider.java:128)
	at org.apache.maven.surefire.booter.ForkedBooter.runSuitesInProcess(ForkedBooter.java:428)
	at org.apache.maven.surefire.booter.ForkedBooter.execute(ForkedBooter.java:162)
	at org.apache.maven.surefire.booter.ForkedBooter.run(ForkedBooter.java:562)
	at org.apache.maven.surefire.booter.ForkedBooter.main(ForkedBooter.java:548)
&amp#27;[0m
16:31:10.391 [main] ERROR  - 
  _____   ___   ___   _____     ___   ___   ___    ___    ___ 
 |_   _| | __| / __| |_   _|   | __| | _ \ | _ \  / _ \  | _ \
   | |   | _|  \__ \   | |     | _|  |   / |   / | (_) | |   /
   |_|   |___| |___/   |_|     |___| |_|_\ |_|_\  \___/  |_|_\

Filter Appointment Neurology Scenario
---------------------------------------------------------------
16:31:10.448 [main] DEBUG  - RELATED ISSUES: 
16:31:10.453 [main] ERROR  -     Test failed at step: Validate neurology appointment
16:31:10.454 [main] ERROR  -     Expected condition failed: waiting for By.xpath: //body/div[@id='root']/div[1]/div[2]/div[2]/div[3]/div[1]/h3[1] to be displayed (tried for 5 second(s) with 100 milliseconds interval)Build info: version: '4.1.2', revision: '9a5a329c5a'System info: host: 'DELL', ip: '192.168.1.6', os.name: 'Windows 8.1', os.arch: 'amd64', os.version: '6.3', java.version: '15.0.2'Driver info: driver.version: unknown
16:31:10.464 [AsyncHttpClient-1-4] DEBUG org.asynchttpclient.netty.handler.WebSocketHandler - Channel Closed: [id: 0x34422249, L:/127.0.0.1:50568 ! R:localhost/127.0.0.1:50560] with attribute NettyResponseFuture{currentRetry=5,
	isDone=1,
	isCancelled=0,
	asyncHandler=org.asynchttpclient.ws.WebSocketUpgradeHandler@c67acc6,
	nettyRequest=org.asynchttpclient.netty.request.NettyRequest@4bcecb5c,
	future=java.util.concurrent.CompletableFuture@775fc14[Completed normally],
	uri=ws://localhost:50560/devtools/browser/6f29b720-4aba-4f5b-8298-523baca14fec,
	keepAlive=true,
	redirectCount=0,
	timeoutsHolder=null,
	inAuth=0,
	touch=1655717451620}
16:31:10.464 [Driver Command Executor] DEBUG org.asynchttpclient.netty.request.NettyRequestSender - Using pooled Channel '[id: 0x98ef7808, L:/127.0.0.1:50558 - R:localhost/127.0.0.1:56562]' for 'DELETE' to 'http://localhost:56562/session/5eced258156d4d310793c59182d46912'
16:31:10.465 [AsyncHttpClient-1-4] DEBUG org.asynchttpclient.netty.channel.ChannelManager - Closing Channel [id: 0x34422249, L:/127.0.0.1:50568 ! R:localhost/127.0.0.1:50560] 
16:31:10.465 [Driver Command Executor] DEBUG org.asynchttpclient.netty.request.NettyRequestSender - Using open Channel [id: 0x98ef7808, L:/127.0.0.1:50558 - R:localhost/127.0.0.1:56562] for DELETE '/session/5eced258156d4d310793c59182d46912'
16:31:10.542 [AsyncHttpClient-1-1] DEBUG org.asynchttpclient.netty.channel.DefaultChannelPool - Entry count for : http://localhost:50560 : 1
16:31:11.637 [AsyncHttpClient-1-1] DEBUG org.asynchttpclient.netty.channel.DefaultChannelPool - Entry count for : http://localhost:50560 : 1
16:31:11.780 [AsyncHttpClient-1-3] DEBUG org.asynchttpclient.netty.handler.HttpHandler - Unexpected I/O exception on channel [id: 0x62780899, L:/127.0.0.1:50567 - R:localhost/127.0.0.1:50560]
java.net.SocketException: Connection reset
	at java.base/sun.nio.ch.SocketChannelImpl.throwConnectionReset(SocketChannelImpl.java:367)
	at java.base/sun.nio.ch.SocketChannelImpl.read(SocketChannelImpl.java:398)
	at io.netty.buffer.PooledByteBuf.setBytes(PooledByteBuf.java:258)
	at io.netty.buffer.AbstractByteBuf.writeBytes(AbstractByteBuf.java:1132)
	at io.netty.channel.socket.nio.NioSocketChannel.doReadBytes(NioSocketChannel.java:350)
	at io.netty.channel.nio.AbstractNioByteChannel$NioByteUnsafe.read(AbstractNioByteChannel.java:151)
	at io.netty.channel.nio.NioEventLoop.processSelectedKey(NioEventLoop.java:722)
	at io.netty.channel.nio.NioEventLoop.processSelectedKeysOptimized(NioEventLoop.java:658)
	at io.netty.channel.nio.NioEventLoop.processSelectedKeys(NioEventLoop.java:584)
	at io.netty.channel.nio.NioEventLoop.run(NioEventLoop.java:496)
	at io.netty.util.concurrent.SingleThreadEventExecutor$4.run(SingleThreadEventExecutor.java:986)
	at io.netty.util.internal.ThreadExecutorMap$2.run(ThreadExecutorMap.java:74)
	at io.netty.util.concurrent.FastThreadLocalRunnable.run(FastThreadLocalRunnable.java:30)
	at java.base/java.lang.Thread.run(Thread.java:832)
16:31:11.781 [AsyncHttpClient-1-3] DEBUG org.asynchttpclient.netty.channel.ChannelManager - Closing Channel [id: 0x62780899, L:/127.0.0.1:50567 - R:localhost/127.0.0.1:50560] 
16:31:11.782 [AsyncHttpClient-1-3] DEBUG org.asynchttpclient.netty.handler.HttpHandler - Channel Closed: [id: 0x62780899, L:/127.0.0.1:50567 ! R:localhost/127.0.0.1:50560] with attribute DISCARD
16:31:11.798 [AsyncHttpClient-1-2] DEBUG org.asynchttpclient.netty.handler.HttpHandler - 

Request DefaultFullHttpRequest(decodeResult: success, version: HTTP/1.1, content: EmptyByteBufBE)
DELETE /session/5eced258156d4d310793c59182d46912 HTTP/1.1
User-Agent: selenium/4.1.2 (java windows)
Content-Type: application/json; charset=utf-8
host: localhost:56562
accept: */*

Response DefaultHttpResponse(decodeResult: success, version: HTTP/1.1)
HTTP/1.1 200 OK
Content-Type: application/json; charset=utf-8
cache-control: no-cache
content-length: 14

16:31:11.798 [AsyncHttpClient-1-2] DEBUG org.asynchttpclient.netty.channel.ChannelManager - Adding key: http://localhost:56562 for channel [id: 0x98ef7808, L:/127.0.0.1:50558 - R:localhost/127.0.0.1:56562]
16:31:11.927 [AsyncHttpClient-1-2] DEBUG org.asynchttpclient.netty.handler.HttpHandler - Channel Closed: [id: 0x98ef7808, L:/127.0.0.1:50558 ! R:localhost/127.0.0.1:56562] with attribute DISCARD
]]></system-out>
    <system-err><![CDATA[Starting ChromeDriver 102.0.5005.61 (0e59bcc00cc4985ce39ad31c150065f159d95ad3-refs/branch-heads/5005@{#819}) on port 56562
Only local connections are allowed.
Please see https://chromedriver.chromium.org/security-considerations for suggestions on keeping ChromeDriver safe.
ChromeDriver was started successfully.
Jun 20, 2022 4:30:51 PM org.openqa.selenium.remote.ProtocolHandshake createSession
INFO: Detected dialect: W3C
Jun 20, 2022 4:30:51 PM org.openqa.selenium.devtools.CdpVersionFinder findNearestMatch
WARNING: Unable to find an exact match for CDP version 102, so returning the closest version found: a no-op implementation
Jun 20, 2022 4:30:51 PM org.openqa.selenium.devtools.CdpVersionFinder findNearestMatch
INFO: Unable to find CDP implementation matching 102.
Jun 20, 2022 4:30:51 PM org.openqa.selenium.chromium.ChromiumDriver lambda$new$3
WARNING: Unable to find version of CDP to use for . You may need to include a dependency on a specific version of the CDP using something similar to `org.seleniumhq.selenium:selenium-devtools-v86:4.1.2` where the version ("v86") matches the version of the chromium-based browser you're using and the version number of the artifact is the same as Selenium's.
]]></system-err>
  </testcase>
  <testcase name="Filter Appointment Cardiology Scenario" classname="Appointment" time="23.138">
    <error type="org.openqa.selenium.NoSuchElementException"><![CDATA[org.openqa.selenium.NoSuchElementException: 
Expected condition failed: waiting for By.xpath: //body/div[@id='root']/div[1]/div[2]/div[2]/div[3]/div[1]/h3[1] to be displayed (tried for 5 second(s) with 100 milliseconds interval)
Build info: version: '4.1.2', revision: '9a5a329c5a'
System info: host: 'DELL', ip: '192.168.1.6', os.name: 'Windows 8.1', os.arch: 'amd64', os.version: '6.3', java.version: '15.0.2'
Driver info: driver.version: unknown
Caused by: org.openqa.selenium.TimeoutException: 
Expected condition failed: waiting for By.xpath: //body/div[@id='root']/div[1]/div[2]/div[2]/div[3]/div[1]/h3[1] to be displayed (tried for 5 second(s) with 100 milliseconds interval)
Build info: version: '4.1.2', revision: '9a5a329c5a'
System info: host: 'DELL', ip: '192.168.1.6', os.name: 'Windows 8.1', os.arch: 'amd64', os.version: '6.3', java.version: '15.0.2'
Driver info: driver.version: unknown
]]></error>
    <system-out><![CDATA[
@Appointment @FilterAppointmentCardiology
Scenario: Filter Appointment Cardiology Scenario                                &amp#27;[90m# src/test/resources/features/1.Appointment.feature:88&amp#27;[0m
16:31:12.615 [main] INFO io.cucumber.core.plugin.SerenityReporter - Running feature from file:///E:/My%20Documents/File%20Difa/TI%20Semester%206%20Kampus%20Merdeka%20Alterra/Tugas/CAPSTONE%20Project/Capstone-Project-Website/src/test/resources/features/1.Appointment.feature
16:31:12.619 [main] INFO  - 
  _____   ___   ___   _____     ___   _____     _     ___   _____   ___   ___  
 |_   _| | __| / __| |_   _|   / __| |_   _|   /_\   | _ \ |_   _| | __| |   \ 
   | |   | _|  \__ \   | |     \__ \   | |    / _ \  |   /   | |   | _|  | |) |
   |_|   |___| |___/   |_|     |___/   |_|   /_/ \_\ |_|_\   |_|   |___| |___/ 

Filter Appointment Cardiology Scenario(appointment;filter-appointment-cardiology-scenario)
--------------------------------------------------------------------------------
16:31:12.632 [main] DEBUG net.thucydides.core.steps.StepInterceptor - STARTING STEP: DashboardSteps.iAmOnTheDashboardPage - openUrl
16:31:12.634 [main] INFO net.serenitybdd.core.webdriver.driverproviders.ChromeDriverProvider - Using automatically driver download
16:31:12.737 [AsyncHttpClient-1-1] DEBUG org.asynchttpclient.netty.channel.DefaultChannelPool - Entry count for : http://localhost:56562 : 1
16:31:12.737 [AsyncHttpClient-1-1] DEBUG org.asynchttpclient.netty.channel.DefaultChannelPool - Entry count for : http://localhost:50560 : 1
16:31:12.737 [AsyncHttpClient-1-1] DEBUG org.asynchttpclient.netty.channel.DefaultChannelPool - Adding Candidate expired Channel [id: 0x98ef7808, L:/127.0.0.1:50558 ! R:localhost/127.0.0.1:56562] isIdleTimeoutExpired=false isRemotelyClosed=true isTtlExpired=false
16:31:12.737 [AsyncHttpClient-1-1] DEBUG org.asynchttpclient.netty.channel.DefaultChannelPool - Closing Idle Channel [id: 0x98ef7808, L:/127.0.0.1:50558 ! R:localhost/127.0.0.1:56562]
16:31:12.737 [AsyncHttpClient-1-1] DEBUG org.asynchttpclient.netty.channel.DefaultChannelPool - Adding Candidate expired Channel [id: 0x62780899, L:/127.0.0.1:50567 ! R:localhost/127.0.0.1:50560] isIdleTimeoutExpired=false isRemotelyClosed=true isTtlExpired=false
16:31:12.737 [AsyncHttpClient-1-1] DEBUG org.asynchttpclient.netty.channel.DefaultChannelPool - Closing Idle Channel [id: 0x62780899, L:/127.0.0.1:50567 ! R:localhost/127.0.0.1:50560]
16:31:12.737 [AsyncHttpClient-1-1] DEBUG org.asynchttpclient.netty.channel.DefaultChannelPool - Closed 2 connections out of 2 in 0 ms
16:31:12.795 [main] DEBUG io.github.bonigarcia.wdm.cache.ResolutionCache - Resolution chrome=102 in cache (valid until 16:47:55 20/06/2022 ICT)
16:31:12.803 [main] DEBUG io.github.bonigarcia.wdm.cache.ResolutionCache - Resolution chrome102=102.0.5005.61 in cache (valid until 09:12:44 21/06/2022 ICT)
16:31:12.809 [main] INFO io.github.bonigarcia.wdm.WebDriverManager - Using chromedriver 102.0.5005.61 (resolved driver for Chrome 102)
16:31:12.832 [main] DEBUG io.github.bonigarcia.wdm.WebDriverManager - Driver chromedriver 102.0.5005.61 found in cache
16:31:12.833 [main] INFO io.github.bonigarcia.wdm.WebDriverManager - Exporting webdriver.chrome.driver as C:\Users\USER\.cache\selenium\chromedriver\win32\102.0.5005.61\chromedriver.exe
16:31:13.001 [main] DEBUG net.serenitybdd.core.webdriver.driverproviders.ProvideNewDriver - Instantiating driver
16:31:13.001 [main] DEBUG net.serenitybdd.core.webdriver.driverproviders.ProvideNewDriver - Driver capabilities: Capabilities {acceptInsecureCerts: false, base.url: https://hospital-management..., browserName: chrome, chrome.driver: src/test/resources/webdrive..., driver: chrome, goog:chromeOptions: {args: [], extensions: []}}
16:31:13.545 [AsyncHttpClient-1-5] DEBUG org.asynchttpclient.netty.channel.NettyConnectListener - Using new Channel '[id: 0x8c1cac36, L:/127.0.0.1:50601 - R:localhost/127.0.0.1:55582]' for 'POST' to '/session'
16:31:15.861 [AsyncHttpClient-1-5] DEBUG org.asynchttpclient.netty.handler.HttpHandler - 

Request DefaultHttpRequest(decodeResult: success, version: HTTP/1.1)
POST /session HTTP/1.1
User-Agent: selenium/4.1.2 (java windows)
Content-Length: 621
Content-Type: application/json; charset=utf-8
host: localhost:55582
accept: */*

Response DefaultHttpResponse(decodeResult: success, version: HTTP/1.1)
HTTP/1.1 200 OK
Content-Type: application/json; charset=utf-8
cache-control: no-cache
content-length: 789

16:31:15.861 [AsyncHttpClient-1-5] DEBUG org.asynchttpclient.netty.channel.ChannelManager - Adding key: http://localhost:55582 for channel [id: 0x8c1cac36, L:/127.0.0.1:50601 - R:localhost/127.0.0.1:55582]
16:31:15.884 [AsyncHttpClient-1-6] DEBUG org.asynchttpclient.netty.channel.NettyConnectListener - Using new Channel '[id: 0xe542ee2a, L:/127.0.0.1:50608 - R:localhost/127.0.0.1:50603]' for 'GET' to '/json/version'
16:31:15.884 [AsyncHttpClient-1-6] DEBUG org.asynchttpclient.netty.handler.HttpHandler - 

Request DefaultFullHttpRequest(decodeResult: success, version: HTTP/1.1, content: EmptyByteBufBE)
GET /json/version HTTP/1.1
User-Agent: selenium/4.1.2 (java windows)
host: localhost:50603
accept: */*

Response DefaultHttpResponse(decodeResult: success, version: HTTP/1.1)
HTTP/1.1 200 OK
Content-Type: application/json; charset=UTF-8
content-length: 427

16:31:15.884 [AsyncHttpClient-1-6] DEBUG org.asynchttpclient.netty.channel.ChannelManager - Adding key: http://localhost:50603 for channel [id: 0xe542ee2a, L:/127.0.0.1:50608 - R:localhost/127.0.0.1:50603]
16:31:15.887 [AsyncHttpClient-1-7] DEBUG org.asynchttpclient.netty.channel.NettyConnectListener - Using new Channel '[id: 0xe015aa30, L:/127.0.0.1:50609 - R:localhost/127.0.0.1:50603]' for 'GET' to '/devtools/browser/ef9c9f44-d659-479d-9f39-f57b67c37eb0'
16:31:15.888 [AsyncHttpClient-1-7] DEBUG org.asynchttpclient.netty.handler.WebSocketHandler - 

Request DefaultFullHttpRequest(decodeResult: success, version: HTTP/1.1, content: EmptyByteBufBE)
GET /devtools/browser/ef9c9f44-d659-479d-9f39-f57b67c37eb0 HTTP/1.1
upgrade: websocket
connection: upgrade
sec-websocket-key: V5yqig4HQgiBIHZth9Q4kA==
sec-websocket-version: 13
origin: http://localhost:50603
host: localhost:50603
accept: */*
user-agent: AHC/2.1

Response DefaultHttpResponse(decodeResult: success, version: HTTP/1.1)
HTTP/1.1 101 WebSocket Protocol Handshake
Upgrade: WebSocket
Connection: Upgrade
Sec-WebSocket-Accept: gZa4NBtB+Ej4HigAP1JFsezopM8=

16:31:15.891 [Forwarding maximizeCurrentWindow on session 359622937a4ed9227f0778b4e9752053 to remote] DEBUG org.asynchttpclient.netty.request.NettyRequestSender - Using pooled Channel '[id: 0x8c1cac36, L:/127.0.0.1:50601 - R:localhost/127.0.0.1:55582]' for 'POST' to 'http://localhost:55582/session/359622937a4ed9227f0778b4e9752053/window/maximize'
16:31:15.892 [Forwarding maximizeCurrentWindow on session 359622937a4ed9227f0778b4e9752053 to remote] DEBUG org.asynchttpclient.netty.request.NettyRequestSender - Using open Channel [id: 0x8c1cac36, L:/127.0.0.1:50601 - R:localhost/127.0.0.1:55582] for POST '/session/359622937a4ed9227f0778b4e9752053/window/maximize'
16:31:16.037 [AsyncHttpClient-1-1] DEBUG org.asynchttpclient.netty.channel.DefaultChannelPool - Entry count for : http://localhost:50603 : 1
16:31:16.088 [AsyncHttpClient-1-5] DEBUG org.asynchttpclient.netty.handler.HttpHandler - 

Request DefaultHttpRequest(decodeResult: success, version: HTTP/1.1)
POST /session/359622937a4ed9227f0778b4e9752053/window/maximize HTTP/1.1
User-Agent: selenium/4.1.2 (java windows)
Content-Length: 3
Content-Type: application/json; charset=utf-8
host: localhost:55582
accept: */*

Response DefaultHttpResponse(decodeResult: success, version: HTTP/1.1)
HTTP/1.1 200 OK
Content-Type: application/json; charset=utf-8
cache-control: no-cache
content-length: 51

16:31:16.088 [AsyncHttpClient-1-5] DEBUG org.asynchttpclient.netty.channel.ChannelManager - Adding key: http://localhost:55582 for channel [id: 0x8c1cac36, L:/127.0.0.1:50601 - R:localhost/127.0.0.1:55582]
16:31:16.090 [Forwarding get on session 359622937a4ed9227f0778b4e9752053 to remote] DEBUG org.asynchttpclient.netty.request.NettyRequestSender - Using pooled Channel '[id: 0x8c1cac36, L:/127.0.0.1:50601 - R:localhost/127.0.0.1:55582]' for 'POST' to 'http://localhost:55582/session/359622937a4ed9227f0778b4e9752053/url'
16:31:16.090 [Forwarding get on session 359622937a4ed9227f0778b4e9752053 to remote] DEBUG org.asynchttpclient.netty.request.NettyRequestSender - Using open Channel [id: 0x8c1cac36, L:/127.0.0.1:50601 - R:localhost/127.0.0.1:55582] for POST '/session/359622937a4ed9227f0778b4e9752053/url'
16:31:17.138 [AsyncHttpClient-1-1] DEBUG org.asynchttpclient.netty.channel.DefaultChannelPool - Entry count for : http://localhost:50603 : 1
16:31:18.238 [AsyncHttpClient-1-1] DEBUG org.asynchttpclient.netty.channel.DefaultChannelPool - Entry count for : http://localhost:50603 : 1
16:31:19.341 [AsyncHttpClient-1-1] DEBUG org.asynchttpclient.netty.channel.DefaultChannelPool - Entry count for : http://localhost:50603 : 1
16:31:20.438 [AsyncHttpClient-1-1] DEBUG org.asynchttpclient.netty.channel.DefaultChannelPool - Entry count for : http://localhost:50603 : 1
16:31:20.945 [AsyncHttpClient-1-5] DEBUG org.asynchttpclient.netty.handler.HttpHandler - 

Request DefaultHttpRequest(decodeResult: success, version: HTTP/1.1)
POST /session/359622937a4ed9227f0778b4e9752053/url HTTP/1.1
User-Agent: selenium/4.1.2 (java windows)
Content-Length: 65
Content-Type: application/json; charset=utf-8
host: localhost:55582
accept: */*

Response DefaultHttpResponse(decodeResult: success, version: HTTP/1.1)
HTTP/1.1 200 OK
Content-Type: application/json; charset=utf-8
cache-control: no-cache
content-length: 14

16:31:20.946 [AsyncHttpClient-1-5] DEBUG org.asynchttpclient.netty.channel.ChannelManager - Adding key: http://localhost:55582 for channel [id: 0x8c1cac36, L:/127.0.0.1:50601 - R:localhost/127.0.0.1:55582]
16:31:20.948 [Forwarding setTimeout on session 359622937a4ed9227f0778b4e9752053 to remote] DEBUG org.asynchttpclient.netty.request.NettyRequestSender - Using pooled Channel '[id: 0x8c1cac36, L:/127.0.0.1:50601 - R:localhost/127.0.0.1:55582]' for 'POST' to 'http://localhost:55582/session/359622937a4ed9227f0778b4e9752053/timeouts'
16:31:20.948 [Forwarding setTimeout on session 359622937a4ed9227f0778b4e9752053 to remote] DEBUG org.asynchttpclient.netty.request.NettyRequestSender - Using open Channel [id: 0x8c1cac36, L:/127.0.0.1:50601 - R:localhost/127.0.0.1:55582] for POST '/session/359622937a4ed9227f0778b4e9752053/timeouts'
16:31:20.956 [AsyncHttpClient-1-5] DEBUG org.asynchttpclient.netty.handler.HttpHandler - 

Request DefaultHttpRequest(decodeResult: success, version: HTTP/1.1)
POST /session/359622937a4ed9227f0778b4e9752053/timeouts HTTP/1.1
User-Agent: selenium/4.1.2 (java windows)
Content-Length: 22
Content-Type: application/json; charset=utf-8
host: localhost:55582
accept: */*

Response DefaultHttpResponse(decodeResult: success, version: HTTP/1.1)
HTTP/1.1 200 OK
Content-Type: application/json; charset=utf-8
cache-control: no-cache
content-length: 14

16:31:20.956 [AsyncHttpClient-1-5] DEBUG org.asynchttpclient.netty.channel.ChannelManager - Adding key: http://localhost:55582 for channel [id: 0x8c1cac36, L:/127.0.0.1:50601 - R:localhost/127.0.0.1:55582]
16:31:20.962 [Forwarding getCurrentUrl on session 359622937a4ed9227f0778b4e9752053 to remote] DEBUG org.asynchttpclient.netty.request.NettyRequestSender - Using pooled Channel '[id: 0x8c1cac36, L:/127.0.0.1:50601 - R:localhost/127.0.0.1:55582]' for 'GET' to 'http://localhost:55582/session/359622937a4ed9227f0778b4e9752053/url'
16:31:20.962 [Forwarding getCurrentUrl on session 359622937a4ed9227f0778b4e9752053 to remote] DEBUG org.asynchttpclient.netty.request.NettyRequestSender - Using open Channel [id: 0x8c1cac36, L:/127.0.0.1:50601 - R:localhost/127.0.0.1:55582] for GET '/session/359622937a4ed9227f0778b4e9752053/url'
16:31:21.112 [AsyncHttpClient-1-5] DEBUG org.asynchttpclient.netty.handler.HttpHandler - 

Request DefaultFullHttpRequest(decodeResult: success, version: HTTP/1.1, content: EmptyByteBufBE)
GET /session/359622937a4ed9227f0778b4e9752053/url HTTP/1.1
User-Agent: selenium/4.1.2 (java windows)
Cache-Control: no-cache
Content-Type: application/json; charset=utf-8
host: localhost:55582
accept: */*

Response DefaultHttpResponse(decodeResult: success, version: HTTP/1.1)
HTTP/1.1 200 OK
Content-Type: application/json; charset=utf-8
cache-control: no-cache
content-length: 53

16:31:21.113 [AsyncHttpClient-1-5] DEBUG org.asynchttpclient.netty.channel.ChannelManager - Adding key: http://localhost:55582 for channel [id: 0x8c1cac36, L:/127.0.0.1:50601 - R:localhost/127.0.0.1:55582]
16:31:21.120 [Forwarding getCurrentUrl on session 359622937a4ed9227f0778b4e9752053 to remote] DEBUG org.asynchttpclient.netty.request.NettyRequestSender - Using pooled Channel '[id: 0x8c1cac36, L:/127.0.0.1:50601 - R:localhost/127.0.0.1:55582]' for 'GET' to 'http://localhost:55582/session/359622937a4ed9227f0778b4e9752053/url'
16:31:21.120 [Forwarding getCurrentUrl on session 359622937a4ed9227f0778b4e9752053 to remote] DEBUG org.asynchttpclient.netty.request.NettyRequestSender - Using open Channel [id: 0x8c1cac36, L:/127.0.0.1:50601 - R:localhost/127.0.0.1:55582] for GET '/session/359622937a4ed9227f0778b4e9752053/url'
16:31:21.141 [AsyncHttpClient-1-5] DEBUG org.asynchttpclient.netty.handler.HttpHandler - 

Request DefaultFullHttpRequest(decodeResult: success, version: HTTP/1.1, content: EmptyByteBufBE)
GET /session/359622937a4ed9227f0778b4e9752053/url HTTP/1.1
User-Agent: selenium/4.1.2 (java windows)
Cache-Control: no-cache
Content-Type: application/json; charset=utf-8
host: localhost:55582
accept: */*

Response DefaultHttpResponse(decodeResult: success, version: HTTP/1.1)
HTTP/1.1 200 OK
Content-Type: application/json; charset=utf-8
cache-control: no-cache
content-length: 53

16:31:21.141 [AsyncHttpClient-1-5] DEBUG org.asynchttpclient.netty.channel.ChannelManager - Adding key: http://localhost:55582 for channel [id: 0x8c1cac36, L:/127.0.0.1:50601 - R:localhost/127.0.0.1:55582]
16:31:21.153 [Forwarding screenshot on session 359622937a4ed9227f0778b4e9752053 to remote] DEBUG org.asynchttpclient.netty.request.NettyRequestSender - Using pooled Channel '[id: 0x8c1cac36, L:/127.0.0.1:50601 - R:localhost/127.0.0.1:55582]' for 'GET' to 'http://localhost:55582/session/359622937a4ed9227f0778b4e9752053/screenshot'
16:31:21.153 [Forwarding screenshot on session 359622937a4ed9227f0778b4e9752053 to remote] DEBUG org.asynchttpclient.netty.request.NettyRequestSender - Using open Channel [id: 0x8c1cac36, L:/127.0.0.1:50601 - R:localhost/127.0.0.1:55582] for GET '/session/359622937a4ed9227f0778b4e9752053/screenshot'
16:31:21.497 [AsyncHttpClient-1-5] DEBUG org.asynchttpclient.netty.handler.HttpHandler - 

Request DefaultFullHttpRequest(decodeResult: success, version: HTTP/1.1, content: EmptyByteBufBE)
GET /session/359622937a4ed9227f0778b4e9752053/screenshot HTTP/1.1
User-Agent: selenium/4.1.2 (java windows)
Cache-Control: no-cache
Content-Type: application/json; charset=utf-8
host: localhost:55582
accept: */*

Response DefaultHttpResponse(decodeResult: success, version: HTTP/1.1)
HTTP/1.1 200 OK
Content-Type: application/json; charset=utf-8
cache-control: no-cache
content-length: 344200

16:31:21.537 [AsyncHttpClient-1-1] DEBUG org.asynchttpclient.netty.channel.DefaultChannelPool - Entry count for : http://localhost:50603 : 1
16:31:21.666 [AsyncHttpClient-1-5] DEBUG org.asynchttpclient.netty.channel.ChannelManager - Adding key: http://localhost:55582 for channel [id: 0x8c1cac36, L:/127.0.0.1:50601 - R:localhost/127.0.0.1:55582]
16:31:21.844 [main] DEBUG net.serenitybdd.core.photography.Darkroom - Send negative for processing for target\site\serenity\5aa192294af07afffe19b5457c7f1d86a041be58da4b6520fb0a33f0ef0be84b.png
16:31:21.844 [main] DEBUG net.thucydides.core.steps.StepInterceptor - STEP DONE: openUrl
16:31:21.844 [Darkroom Processing Line] DEBUG net.serenitybdd.core.photography.DarkroomProcessingLine - Processing screenshot image in /var/screenshots/screenshot-18031000026345138318
16:31:21.844 [Darkroom Processing Line] DEBUG net.serenitybdd.core.photography.DarkroomProcessingLine - Saving screenshot to target\site\serenity\5aa192294af07afffe19b5457c7f1d86a041be58da4b6520fb0a33f0ef0be84b.png
16:31:21.855 [main] DEBUG net.thucydides.core.steps.StepInterceptor - STARTING STEP: DashboardSteps.iAmOnTheDashboardPage - validateOnDashboardPage
16:31:21.858 [Forwarding findElement on session 359622937a4ed9227f0778b4e9752053 to remote] DEBUG org.asynchttpclient.netty.request.NettyRequestSender - Using pooled Channel '[id: 0x8c1cac36, L:/127.0.0.1:50601 - R:localhost/127.0.0.1:55582]' for 'POST' to 'http://localhost:55582/session/359622937a4ed9227f0778b4e9752053/element'
16:31:21.858 [Forwarding findElement on session 359622937a4ed9227f0778b4e9752053 to remote] DEBUG org.asynchttpclient.netty.request.NettyRequestSender - Using open Channel [id: 0x8c1cac36, L:/127.0.0.1:50601 - R:localhost/127.0.0.1:55582] for POST '/session/359622937a4ed9227f0778b4e9752053/element'
16:31:22.169 [AsyncHttpClient-1-5] DEBUG org.asynchttpclient.netty.handler.HttpHandler - 

Request DefaultHttpRequest(decodeResult: success, version: HTTP/1.1)
POST /session/359622937a4ed9227f0778b4e9752053/element HTTP/1.1
User-Agent: selenium/4.1.2 (java windows)
Content-Length: 81
Content-Type: application/json; charset=utf-8
host: localhost:55582
accept: */*

Response DefaultHttpResponse(decodeResult: success, version: HTTP/1.1)
HTTP/1.1 200 OK
Content-Type: application/json; charset=utf-8
cache-control: no-cache
content-length: 88

16:31:22.170 [AsyncHttpClient-1-5] DEBUG org.asynchttpclient.netty.channel.ChannelManager - Adding key: http://localhost:55582 for channel [id: 0x8c1cac36, L:/127.0.0.1:50601 - R:localhost/127.0.0.1:55582]
16:31:22.175 [Forwarding isElementDisplayed on session 359622937a4ed9227f0778b4e9752053 to remote] DEBUG org.asynchttpclient.netty.request.NettyRequestSender - Using pooled Channel '[id: 0x8c1cac36, L:/127.0.0.1:50601 - R:localhost/127.0.0.1:55582]' for 'POST' to 'http://localhost:55582/session/359622937a4ed9227f0778b4e9752053/execute/sync'
16:31:22.175 [Forwarding isElementDisplayed on session 359622937a4ed9227f0778b4e9752053 to remote] DEBUG org.asynchttpclient.netty.request.NettyRequestSender - Using open Channel [id: 0x8c1cac36, L:/127.0.0.1:50601 - R:localhost/127.0.0.1:55582] for POST '/session/359622937a4ed9227f0778b4e9752053/execute/sync'
16:31:22.220 [AsyncHttpClient-1-5] DEBUG org.asynchttpclient.netty.handler.HttpHandler - 

Request DefaultHttpRequest(decodeResult: success, version: HTTP/1.1)
POST /session/359622937a4ed9227f0778b4e9752053/execute/sync HTTP/1.1
User-Agent: selenium/4.1.2 (java windows)
Content-Length: 48780
Content-Type: application/json; charset=utf-8
host: localhost:55582
accept: */*

Response DefaultHttpResponse(decodeResult: success, version: HTTP/1.1)
HTTP/1.1 200 OK
Content-Type: application/json; charset=utf-8
cache-control: no-cache
content-length: 14

16:31:22.221 [AsyncHttpClient-1-5] DEBUG org.asynchttpclient.netty.channel.ChannelManager - Adding key: http://localhost:55582 for channel [id: 0x8c1cac36, L:/127.0.0.1:50601 - R:localhost/127.0.0.1:55582]
16:31:22.230 [Forwarding screenshot on session 359622937a4ed9227f0778b4e9752053 to remote] DEBUG org.asynchttpclient.netty.request.NettyRequestSender - Using pooled Channel '[id: 0x8c1cac36, L:/127.0.0.1:50601 - R:localhost/127.0.0.1:55582]' for 'GET' to 'http://localhost:55582/session/359622937a4ed9227f0778b4e9752053/screenshot'
16:31:22.230 [Forwarding screenshot on session 359622937a4ed9227f0778b4e9752053 to remote] DEBUG org.asynchttpclient.netty.request.NettyRequestSender - Using open Channel [id: 0x8c1cac36, L:/127.0.0.1:50601 - R:localhost/127.0.0.1:55582] for GET '/session/359622937a4ed9227f0778b4e9752053/screenshot'
16:31:22.512 [AsyncHttpClient-1-5] DEBUG org.asynchttpclient.netty.handler.HttpHandler - 

Request DefaultFullHttpRequest(decodeResult: success, version: HTTP/1.1, content: EmptyByteBufBE)
GET /session/359622937a4ed9227f0778b4e9752053/screenshot HTTP/1.1
User-Agent: selenium/4.1.2 (java windows)
Cache-Control: no-cache
Content-Type: application/json; charset=utf-8
host: localhost:55582
accept: */*

Response DefaultHttpResponse(decodeResult: success, version: HTTP/1.1)
HTTP/1.1 200 OK
Content-Type: application/json; charset=utf-8
cache-control: no-cache
content-length: 382596

16:31:22.514 [AsyncHttpClient-1-5] DEBUG org.asynchttpclient.netty.channel.ChannelManager - Adding key: http://localhost:55582 for channel [id: 0x8c1cac36, L:/127.0.0.1:50601 - R:localhost/127.0.0.1:55582]
16:31:23.046 [main] DEBUG net.serenitybdd.core.photography.Darkroom - Send negative for processing for target\site\serenity\ed15a54c91c342d96a850276df7b559f4526b370fc93040e3c407a48a170f368.png
16:31:23.046 [main] DEBUG net.thucydides.core.steps.StepInterceptor - STEP DONE: validateOnDashboardPage
  &amp#27;[32mGiven &amp#27;[0m&amp#27;[32mI am on the dashboard page&amp#27;[0m                                              &amp#27;[90m# starter.stepdefinitions.DashboardSteps.iAmOnTheDashboardPage()&amp#27;[0m
16:31:23.024 [AsyncHttpClient-1-1] DEBUG org.asynchttpclient.netty.channel.DefaultChannelPool - Entry count for : http://localhost:55582 : 1
16:31:23.475 [AsyncHttpClient-1-1] DEBUG org.asynchttpclient.netty.channel.DefaultChannelPool - Entry count for : http://localhost:50603 : 1
16:31:23.481 [Forwarding screenshot on session 359622937a4ed9227f0778b4e9752053 to remote] DEBUG org.asynchttpclient.netty.request.NettyRequestSender - Using pooled Channel '[id: 0x8c1cac36, L:/127.0.0.1:50601 - R:localhost/127.0.0.1:55582]' for 'GET' to 'http://localhost:55582/session/359622937a4ed9227f0778b4e9752053/screenshot'
16:31:23.481 [Forwarding screenshot on session 359622937a4ed9227f0778b4e9752053 to remote] DEBUG org.asynchttpclient.netty.request.NettyRequestSender - Using open Channel [id: 0x8c1cac36, L:/127.0.0.1:50601 - R:localhost/127.0.0.1:55582] for GET '/session/359622937a4ed9227f0778b4e9752053/screenshot'
16:31:23.770 [AsyncHttpClient-1-5] DEBUG org.asynchttpclient.netty.handler.HttpHandler - 

Request DefaultFullHttpRequest(decodeResult: success, version: HTTP/1.1, content: EmptyByteBufBE)
GET /session/359622937a4ed9227f0778b4e9752053/screenshot HTTP/1.1
User-Agent: selenium/4.1.2 (java windows)
Cache-Control: no-cache
Content-Type: application/json; charset=utf-8
host: localhost:55582
accept: */*

Response DefaultHttpResponse(decodeResult: success, version: HTTP/1.1)
HTTP/1.1 200 OK
Content-Type: application/json; charset=utf-8
cache-control: no-cache
content-length: 382596

16:31:23.772 [AsyncHttpClient-1-5] DEBUG org.asynchttpclient.netty.channel.ChannelManager - Adding key: http://localhost:55582 for channel [id: 0x8c1cac36, L:/127.0.0.1:50601 - R:localhost/127.0.0.1:55582]
16:31:25.116 [AsyncHttpClient-1-1] DEBUG org.asynchttpclient.netty.channel.DefaultChannelPool - Entry count for : http://localhost:55582 : 1
16:31:25.116 [AsyncHttpClient-1-1] DEBUG org.asynchttpclient.netty.channel.DefaultChannelPool - Entry count for : http://localhost:50603 : 1
16:31:25.139 [main] DEBUG net.serenitybdd.core.photography.Darkroom - Send negative for processing for target\site\serenity\ed15a54c91c342d96a850276df7b559f4526b370fc93040e3c407a48a170f368.png
16:31:25.256 [Forwarding screenshot on session 359622937a4ed9227f0778b4e9752053 to remote] DEBUG org.asynchttpclient.netty.request.NettyRequestSender - Using pooled Channel '[id: 0x8c1cac36, L:/127.0.0.1:50601 - R:localhost/127.0.0.1:55582]' for 'GET' to 'http://localhost:55582/session/359622937a4ed9227f0778b4e9752053/screenshot'
16:31:25.256 [Forwarding screenshot on session 359622937a4ed9227f0778b4e9752053 to remote] DEBUG org.asynchttpclient.netty.request.NettyRequestSender - Using open Channel [id: 0x8c1cac36, L:/127.0.0.1:50601 - R:localhost/127.0.0.1:55582] for GET '/session/359622937a4ed9227f0778b4e9752053/screenshot'
16:31:25.574 [AsyncHttpClient-1-5] DEBUG org.asynchttpclient.netty.handler.HttpHandler - 

Request DefaultFullHttpRequest(decodeResult: success, version: HTTP/1.1, content: EmptyByteBufBE)
GET /session/359622937a4ed9227f0778b4e9752053/screenshot HTTP/1.1
User-Agent: selenium/4.1.2 (java windows)
Cache-Control: no-cache
Content-Type: application/json; charset=utf-8
host: localhost:55582
accept: */*

Response DefaultHttpResponse(decodeResult: success, version: HTTP/1.1)
HTTP/1.1 200 OK
Content-Type: application/json; charset=utf-8
cache-control: no-cache
content-length: 351816

16:31:25.578 [AsyncHttpClient-1-5] DEBUG org.asynchttpclient.netty.channel.ChannelManager - Adding key: http://localhost:55582 for channel [id: 0x8c1cac36, L:/127.0.0.1:50601 - R:localhost/127.0.0.1:55582]
16:31:26.695 [AsyncHttpClient-1-1] DEBUG org.asynchttpclient.netty.channel.DefaultChannelPool - Entry count for : http://localhost:55582 : 1
16:31:26.695 [AsyncHttpClient-1-1] DEBUG org.asynchttpclient.netty.channel.DefaultChannelPool - Entry count for : http://localhost:50603 : 1
16:31:26.713 [main] DEBUG net.serenitybdd.core.photography.Darkroom - Send negative for processing for target\site\serenity\20277f1d76f1b925628464fcd1ece5de77a814679d1be3fdcf836a7ddadfed60.png
16:31:26.714 [main] DEBUG net.thucydides.core.steps.StepInterceptor - STARTING STEP: AppointmentSteps.iClickMenuAppointment - clickMenuAppointmentButton
16:31:26.720 [Forwarding findElement on session 359622937a4ed9227f0778b4e9752053 to remote] DEBUG org.asynchttpclient.netty.request.NettyRequestSender - Using pooled Channel '[id: 0x8c1cac36, L:/127.0.0.1:50601 - R:localhost/127.0.0.1:55582]' for 'POST' to 'http://localhost:55582/session/359622937a4ed9227f0778b4e9752053/element'
16:31:26.720 [Forwarding findElement on session 359622937a4ed9227f0778b4e9752053 to remote] DEBUG org.asynchttpclient.netty.request.NettyRequestSender - Using open Channel [id: 0x8c1cac36, L:/127.0.0.1:50601 - R:localhost/127.0.0.1:55582] for POST '/session/359622937a4ed9227f0778b4e9752053/element'
16:31:26.742 [AsyncHttpClient-1-5] DEBUG org.asynchttpclient.netty.handler.HttpHandler - 

Request DefaultHttpRequest(decodeResult: success, version: HTTP/1.1)
POST /session/359622937a4ed9227f0778b4e9752053/element HTTP/1.1
User-Agent: selenium/4.1.2 (java windows)
Content-Length: 84
Content-Type: application/json; charset=utf-8
host: localhost:55582
accept: */*

Response DefaultHttpResponse(decodeResult: success, version: HTTP/1.1)
HTTP/1.1 200 OK
Content-Type: application/json; charset=utf-8
cache-control: no-cache
content-length: 88

16:31:26.742 [AsyncHttpClient-1-5] DEBUG org.asynchttpclient.netty.channel.ChannelManager - Adding key: http://localhost:55582 for channel [id: 0x8c1cac36, L:/127.0.0.1:50601 - R:localhost/127.0.0.1:55582]
16:31:26.744 [Forwarding getElementTagName on session 359622937a4ed9227f0778b4e9752053 to remote] DEBUG org.asynchttpclient.netty.request.NettyRequestSender - Using pooled Channel '[id: 0x8c1cac36, L:/127.0.0.1:50601 - R:localhost/127.0.0.1:55582]' for 'GET' to 'http://localhost:55582/session/359622937a4ed9227f0778b4e9752053/element/9d35bfd8-a9f5-430d-887d-6e144445af2d/name'
16:31:26.744 [Forwarding getElementTagName on session 359622937a4ed9227f0778b4e9752053 to remote] DEBUG org.asynchttpclient.netty.request.NettyRequestSender - Using open Channel [id: 0x8c1cac36, L:/127.0.0.1:50601 - R:localhost/127.0.0.1:55582] for GET '/session/359622937a4ed9227f0778b4e9752053/element/9d35bfd8-a9f5-430d-887d-6e144445af2d/name'
16:31:26.749 [AsyncHttpClient-1-5] DEBUG org.asynchttpclient.netty.handler.HttpHandler - 

Request DefaultFullHttpRequest(decodeResult: success, version: HTTP/1.1, content: EmptyByteBufBE)
GET /session/359622937a4ed9227f0778b4e9752053/element/9d35bfd8-a9f5-430d-887d-6e144445af2d/name HTTP/1.1
User-Agent: selenium/4.1.2 (java windows)
Cache-Control: no-cache
Content-Type: application/json; charset=utf-8
host: localhost:55582
accept: */*

Response DefaultHttpResponse(decodeResult: success, version: HTTP/1.1)
HTTP/1.1 200 OK
Content-Type: application/json; charset=utf-8
cache-control: no-cache
content-length: 15

16:31:26.749 [AsyncHttpClient-1-5] DEBUG org.asynchttpclient.netty.channel.ChannelManager - Adding key: http://localhost:55582 for channel [id: 0x8c1cac36, L:/127.0.0.1:50601 - R:localhost/127.0.0.1:55582]
16:31:26.751 [Forwarding getElementTagName on session 359622937a4ed9227f0778b4e9752053 to remote] DEBUG org.asynchttpclient.netty.request.NettyRequestSender - Using pooled Channel '[id: 0x8c1cac36, L:/127.0.0.1:50601 - R:localhost/127.0.0.1:55582]' for 'GET' to 'http://localhost:55582/session/359622937a4ed9227f0778b4e9752053/element/9d35bfd8-a9f5-430d-887d-6e144445af2d/name'
16:31:26.751 [Forwarding getElementTagName on session 359622937a4ed9227f0778b4e9752053 to remote] DEBUG org.asynchttpclient.netty.request.NettyRequestSender - Using open Channel [id: 0x8c1cac36, L:/127.0.0.1:50601 - R:localhost/127.0.0.1:55582] for GET '/session/359622937a4ed9227f0778b4e9752053/element/9d35bfd8-a9f5-430d-887d-6e144445af2d/name'
16:31:26.757 [AsyncHttpClient-1-5] DEBUG org.asynchttpclient.netty.handler.HttpHandler - 

Request DefaultFullHttpRequest(decodeResult: success, version: HTTP/1.1, content: EmptyByteBufBE)
GET /session/359622937a4ed9227f0778b4e9752053/element/9d35bfd8-a9f5-430d-887d-6e144445af2d/name HTTP/1.1
User-Agent: selenium/4.1.2 (java windows)
Cache-Control: no-cache
Content-Type: application/json; charset=utf-8
host: localhost:55582
accept: */*

Response DefaultHttpResponse(decodeResult: success, version: HTTP/1.1)
HTTP/1.1 200 OK
Content-Type: application/json; charset=utf-8
cache-control: no-cache
content-length: 15

16:31:26.757 [AsyncHttpClient-1-5] DEBUG org.asynchttpclient.netty.channel.ChannelManager - Adding key: http://localhost:55582 for channel [id: 0x8c1cac36, L:/127.0.0.1:50601 - R:localhost/127.0.0.1:55582]
16:31:26.760 [Forwarding findElement on session 359622937a4ed9227f0778b4e9752053 to remote] DEBUG org.asynchttpclient.netty.request.NettyRequestSender - Using pooled Channel '[id: 0x8c1cac36, L:/127.0.0.1:50601 - R:localhost/127.0.0.1:55582]' for 'POST' to 'http://localhost:55582/session/359622937a4ed9227f0778b4e9752053/element'
16:31:26.760 [Forwarding findElement on session 359622937a4ed9227f0778b4e9752053 to remote] DEBUG org.asynchttpclient.netty.request.NettyRequestSender - Using open Channel [id: 0x8c1cac36, L:/127.0.0.1:50601 - R:localhost/127.0.0.1:55582] for POST '/session/359622937a4ed9227f0778b4e9752053/element'
16:31:26.802 [AsyncHttpClient-1-5] DEBUG org.asynchttpclient.netty.handler.HttpHandler - 

Request DefaultHttpRequest(decodeResult: success, version: HTTP/1.1)
POST /session/359622937a4ed9227f0778b4e9752053/element HTTP/1.1
User-Agent: selenium/4.1.2 (java windows)
Content-Length: 84
Content-Type: application/json; charset=utf-8
host: localhost:55582
accept: */*

Response DefaultHttpResponse(decodeResult: success, version: HTTP/1.1)
HTTP/1.1 200 OK
Content-Type: application/json; charset=utf-8
cache-control: no-cache
content-length: 88

16:31:26.803 [AsyncHttpClient-1-5] DEBUG org.asynchttpclient.netty.channel.ChannelManager - Adding key: http://localhost:55582 for channel [id: 0x8c1cac36, L:/127.0.0.1:50601 - R:localhost/127.0.0.1:55582]
16:31:26.804 [Forwarding clickElement on session 359622937a4ed9227f0778b4e9752053 to remote] DEBUG org.asynchttpclient.netty.request.NettyRequestSender - Using pooled Channel '[id: 0x8c1cac36, L:/127.0.0.1:50601 - R:localhost/127.0.0.1:55582]' for 'POST' to 'http://localhost:55582/session/359622937a4ed9227f0778b4e9752053/element/9d35bfd8-a9f5-430d-887d-6e144445af2d/click'
16:31:26.804 [Forwarding clickElement on session 359622937a4ed9227f0778b4e9752053 to remote] DEBUG org.asynchttpclient.netty.request.NettyRequestSender - Using open Channel [id: 0x8c1cac36, L:/127.0.0.1:50601 - R:localhost/127.0.0.1:55582] for POST '/session/359622937a4ed9227f0778b4e9752053/element/9d35bfd8-a9f5-430d-887d-6e144445af2d/click'
16:31:27.022 [AsyncHttpClient-1-5] DEBUG org.asynchttpclient.netty.handler.HttpHandler - 

Request DefaultHttpRequest(decodeResult: success, version: HTTP/1.1)
POST /session/359622937a4ed9227f0778b4e9752053/element/9d35bfd8-a9f5-430d-887d-6e144445af2d/click HTTP/1.1
User-Agent: selenium/4.1.2 (java windows)
Content-Length: 50
Content-Type: application/json; charset=utf-8
host: localhost:55582
accept: */*

Response DefaultHttpResponse(decodeResult: success, version: HTTP/1.1)
HTTP/1.1 200 OK
Content-Type: application/json; charset=utf-8
cache-control: no-cache
content-length: 14

16:31:27.022 [AsyncHttpClient-1-5] DEBUG org.asynchttpclient.netty.channel.ChannelManager - Adding key: http://localhost:55582 for channel [id: 0x8c1cac36, L:/127.0.0.1:50601 - R:localhost/127.0.0.1:55582]
16:31:27.034 [Forwarding screenshot on session 359622937a4ed9227f0778b4e9752053 to remote] DEBUG org.asynchttpclient.netty.request.NettyRequestSender - Using pooled Channel '[id: 0x8c1cac36, L:/127.0.0.1:50601 - R:localhost/127.0.0.1:55582]' for 'GET' to 'http://localhost:55582/session/359622937a4ed9227f0778b4e9752053/screenshot'
16:31:27.034 [Forwarding screenshot on session 359622937a4ed9227f0778b4e9752053 to remote] DEBUG org.asynchttpclient.netty.request.NettyRequestSender - Using open Channel [id: 0x8c1cac36, L:/127.0.0.1:50601 - R:localhost/127.0.0.1:55582] for GET '/session/359622937a4ed9227f0778b4e9752053/screenshot'
16:31:27.153 [AsyncHttpClient-1-5] DEBUG org.asynchttpclient.netty.handler.HttpHandler - 

Request DefaultFullHttpRequest(decodeResult: success, version: HTTP/1.1, content: EmptyByteBufBE)
GET /session/359622937a4ed9227f0778b4e9752053/screenshot HTTP/1.1
User-Agent: selenium/4.1.2 (java windows)
Cache-Control: no-cache
Content-Type: application/json; charset=utf-8
host: localhost:55582
accept: */*

Response DefaultHttpResponse(decodeResult: success, version: HTTP/1.1)
HTTP/1.1 200 OK
Content-Type: application/json; charset=utf-8
cache-control: no-cache
content-length: 77804

16:31:27.154 [AsyncHttpClient-1-5] DEBUG org.asynchttpclient.netty.channel.ChannelManager - Adding key: http://localhost:55582 for channel [id: 0x8c1cac36, L:/127.0.0.1:50601 - R:localhost/127.0.0.1:55582]
16:31:27.159 [main] DEBUG net.serenitybdd.core.photography.Darkroom - Send negative for processing for target\site\serenity\b544a93b86bfe0d20415244adccd6dc3b8e83513ea5bef4ef6f3c4b9448d8262.png
16:31:27.159 [main] DEBUG net.thucydides.core.steps.StepInterceptor - STEP DONE: clickMenuAppointmentButton
  &amp#27;[32mAnd &amp#27;[0m&amp#27;[32mI click menu Appointment&amp#27;[0m                                                  &amp#27;[90m# starter.stepdefinitions.AppointmentSteps.iClickMenuAppointment()&amp#27;[0m
16:31:27.222 [Forwarding screenshot on session 359622937a4ed9227f0778b4e9752053 to remote] DEBUG org.asynchttpclient.netty.request.NettyRequestSender - Using pooled Channel '[id: 0x8c1cac36, L:/127.0.0.1:50601 - R:localhost/127.0.0.1:55582]' for 'GET' to 'http://localhost:55582/session/359622937a4ed9227f0778b4e9752053/screenshot'
16:31:27.222 [Forwarding screenshot on session 359622937a4ed9227f0778b4e9752053 to remote] DEBUG org.asynchttpclient.netty.request.NettyRequestSender - Using open Channel [id: 0x8c1cac36, L:/127.0.0.1:50601 - R:localhost/127.0.0.1:55582] for GET '/session/359622937a4ed9227f0778b4e9752053/screenshot'
16:31:27.338 [AsyncHttpClient-1-5] DEBUG org.asynchttpclient.netty.handler.HttpHandler - 

Request DefaultFullHttpRequest(decodeResult: success, version: HTTP/1.1, content: EmptyByteBufBE)
GET /session/359622937a4ed9227f0778b4e9752053/screenshot HTTP/1.1
User-Agent: selenium/4.1.2 (java windows)
Cache-Control: no-cache
Content-Type: application/json; charset=utf-8
host: localhost:55582
accept: */*

Response DefaultHttpResponse(decodeResult: success, version: HTTP/1.1)
HTTP/1.1 200 OK
Content-Type: application/json; charset=utf-8
cache-control: no-cache
content-length: 77864

16:31:27.338 [AsyncHttpClient-1-5] DEBUG org.asynchttpclient.netty.channel.ChannelManager - Adding key: http://localhost:55582 for channel [id: 0x8c1cac36, L:/127.0.0.1:50601 - R:localhost/127.0.0.1:55582]
16:31:27.342 [main] DEBUG net.serenitybdd.core.photography.Darkroom - Send negative for processing for target\site\serenity\1f121c84ac5ed486a34b6564ef548c7a63c0810ba65b369a172b58667ec6d336.png
16:31:27.343 [main] DEBUG net.thucydides.core.steps.StepInterceptor - STARTING STEP: AppointmentSteps.iClickAppointmentDepartmentDropdown - clickFilterDropdown
16:31:27.347 [Forwarding findElement on session 359622937a4ed9227f0778b4e9752053 to remote] DEBUG org.asynchttpclient.netty.request.NettyRequestSender - Using pooled Channel '[id: 0x8c1cac36, L:/127.0.0.1:50601 - R:localhost/127.0.0.1:55582]' for 'POST' to 'http://localhost:55582/session/359622937a4ed9227f0778b4e9752053/element'
16:31:27.347 [Forwarding findElement on session 359622937a4ed9227f0778b4e9752053 to remote] DEBUG org.asynchttpclient.netty.request.NettyRequestSender - Using open Channel [id: 0x8c1cac36, L:/127.0.0.1:50601 - R:localhost/127.0.0.1:55582] for POST '/session/359622937a4ed9227f0778b4e9752053/element'
16:31:27.678 [AsyncHttpClient-1-5] DEBUG org.asynchttpclient.netty.handler.HttpHandler - 

Request DefaultHttpRequest(decodeResult: success, version: HTTP/1.1)
POST /session/359622937a4ed9227f0778b4e9752053/element HTTP/1.1
User-Agent: selenium/4.1.2 (java windows)
Content-Length: 146
Content-Type: application/json; charset=utf-8
host: localhost:55582
accept: */*

Response DefaultHttpResponse(decodeResult: success, version: HTTP/1.1)
HTTP/1.1 200 OK
Content-Type: application/json; charset=utf-8
cache-control: no-cache
content-length: 88

16:31:27.679 [AsyncHttpClient-1-5] DEBUG org.asynchttpclient.netty.channel.ChannelManager - Adding key: http://localhost:55582 for channel [id: 0x8c1cac36, L:/127.0.0.1:50601 - R:localhost/127.0.0.1:55582]
16:31:27.682 [Forwarding getElementTagName on session 359622937a4ed9227f0778b4e9752053 to remote] DEBUG org.asynchttpclient.netty.request.NettyRequestSender - Using pooled Channel '[id: 0x8c1cac36, L:/127.0.0.1:50601 - R:localhost/127.0.0.1:55582]' for 'GET' to 'http://localhost:55582/session/359622937a4ed9227f0778b4e9752053/element/6202b219-2ada-4a87-82a5-40dfb6bf6fc9/name'
16:31:27.682 [Forwarding getElementTagName on session 359622937a4ed9227f0778b4e9752053 to remote] DEBUG org.asynchttpclient.netty.request.NettyRequestSender - Using open Channel [id: 0x8c1cac36, L:/127.0.0.1:50601 - R:localhost/127.0.0.1:55582] for GET '/session/359622937a4ed9227f0778b4e9752053/element/6202b219-2ada-4a87-82a5-40dfb6bf6fc9/name'
16:31:27.690 [AsyncHttpClient-1-5] DEBUG org.asynchttpclient.netty.handler.HttpHandler - 

Request DefaultFullHttpRequest(decodeResult: success, version: HTTP/1.1, content: EmptyByteBufBE)
GET /session/359622937a4ed9227f0778b4e9752053/element/6202b219-2ada-4a87-82a5-40dfb6bf6fc9/name HTTP/1.1
User-Agent: selenium/4.1.2 (java windows)
Cache-Control: no-cache
Content-Type: application/json; charset=utf-8
host: localhost:55582
accept: */*

Response DefaultHttpResponse(decodeResult: success, version: HTTP/1.1)
HTTP/1.1 200 OK
Content-Type: application/json; charset=utf-8
cache-control: no-cache
content-length: 15

16:31:27.690 [AsyncHttpClient-1-5] DEBUG org.asynchttpclient.netty.channel.ChannelManager - Adding key: http://localhost:55582 for channel [id: 0x8c1cac36, L:/127.0.0.1:50601 - R:localhost/127.0.0.1:55582]
16:31:27.744 [AsyncHttpClient-1-1] DEBUG org.asynchttpclient.netty.channel.DefaultChannelPool - Entry count for : http://localhost:55582 : 1
16:31:27.744 [AsyncHttpClient-1-1] DEBUG org.asynchttpclient.netty.channel.DefaultChannelPool - Entry count for : http://localhost:50603 : 1
16:31:27.744 [Forwarding getElementTagName on session 359622937a4ed9227f0778b4e9752053 to remote] DEBUG org.asynchttpclient.netty.request.NettyRequestSender - Using pooled Channel '[id: 0x8c1cac36, L:/127.0.0.1:50601 - R:localhost/127.0.0.1:55582]' for 'GET' to 'http://localhost:55582/session/359622937a4ed9227f0778b4e9752053/element/6202b219-2ada-4a87-82a5-40dfb6bf6fc9/name'
16:31:27.744 [Forwarding getElementTagName on session 359622937a4ed9227f0778b4e9752053 to remote] DEBUG org.asynchttpclient.netty.request.NettyRequestSender - Using open Channel [id: 0x8c1cac36, L:/127.0.0.1:50601 - R:localhost/127.0.0.1:55582] for GET '/session/359622937a4ed9227f0778b4e9752053/element/6202b219-2ada-4a87-82a5-40dfb6bf6fc9/name'
16:31:27.749 [AsyncHttpClient-1-5] DEBUG org.asynchttpclient.netty.handler.HttpHandler - 

Request DefaultFullHttpRequest(decodeResult: success, version: HTTP/1.1, content: EmptyByteBufBE)
GET /session/359622937a4ed9227f0778b4e9752053/element/6202b219-2ada-4a87-82a5-40dfb6bf6fc9/name HTTP/1.1
User-Agent: selenium/4.1.2 (java windows)
Cache-Control: no-cache
Content-Type: application/json; charset=utf-8
host: localhost:55582
accept: */*

Response DefaultHttpResponse(decodeResult: success, version: HTTP/1.1)
HTTP/1.1 200 OK
Content-Type: application/json; charset=utf-8
cache-control: no-cache
content-length: 15

16:31:27.749 [AsyncHttpClient-1-5] DEBUG org.asynchttpclient.netty.channel.ChannelManager - Adding key: http://localhost:55582 for channel [id: 0x8c1cac36, L:/127.0.0.1:50601 - R:localhost/127.0.0.1:55582]
16:31:27.751 [Forwarding findElement on session 359622937a4ed9227f0778b4e9752053 to remote] DEBUG org.asynchttpclient.netty.request.NettyRequestSender - Using pooled Channel '[id: 0x8c1cac36, L:/127.0.0.1:50601 - R:localhost/127.0.0.1:55582]' for 'POST' to 'http://localhost:55582/session/359622937a4ed9227f0778b4e9752053/element'
16:31:27.751 [Forwarding findElement on session 359622937a4ed9227f0778b4e9752053 to remote] DEBUG org.asynchttpclient.netty.request.NettyRequestSender - Using open Channel [id: 0x8c1cac36, L:/127.0.0.1:50601 - R:localhost/127.0.0.1:55582] for POST '/session/359622937a4ed9227f0778b4e9752053/element'
16:31:27.760 [AsyncHttpClient-1-5] DEBUG org.asynchttpclient.netty.handler.HttpHandler - 

Request DefaultHttpRequest(decodeResult: success, version: HTTP/1.1)
POST /session/359622937a4ed9227f0778b4e9752053/element HTTP/1.1
User-Agent: selenium/4.1.2 (java windows)
Content-Length: 146
Content-Type: application/json; charset=utf-8
host: localhost:55582
accept: */*

Response DefaultHttpResponse(decodeResult: success, version: HTTP/1.1)
HTTP/1.1 200 OK
Content-Type: application/json; charset=utf-8
cache-control: no-cache
content-length: 88

16:31:27.760 [AsyncHttpClient-1-5] DEBUG org.asynchttpclient.netty.channel.ChannelManager - Adding key: http://localhost:55582 for channel [id: 0x8c1cac36, L:/127.0.0.1:50601 - R:localhost/127.0.0.1:55582]
16:31:27.761 [Forwarding clickElement on session 359622937a4ed9227f0778b4e9752053 to remote] DEBUG org.asynchttpclient.netty.request.NettyRequestSender - Using pooled Channel '[id: 0x8c1cac36, L:/127.0.0.1:50601 - R:localhost/127.0.0.1:55582]' for 'POST' to 'http://localhost:55582/session/359622937a4ed9227f0778b4e9752053/element/6202b219-2ada-4a87-82a5-40dfb6bf6fc9/click'
16:31:27.762 [Forwarding clickElement on session 359622937a4ed9227f0778b4e9752053 to remote] DEBUG org.asynchttpclient.netty.request.NettyRequestSender - Using open Channel [id: 0x8c1cac36, L:/127.0.0.1:50601 - R:localhost/127.0.0.1:55582] for POST '/session/359622937a4ed9227f0778b4e9752053/element/6202b219-2ada-4a87-82a5-40dfb6bf6fc9/click'
16:31:27.857 [AsyncHttpClient-1-5] DEBUG org.asynchttpclient.netty.handler.HttpHandler - 

Request DefaultHttpRequest(decodeResult: success, version: HTTP/1.1)
POST /session/359622937a4ed9227f0778b4e9752053/element/6202b219-2ada-4a87-82a5-40dfb6bf6fc9/click HTTP/1.1
User-Agent: selenium/4.1.2 (java windows)
Content-Length: 50
Content-Type: application/json; charset=utf-8
host: localhost:55582
accept: */*

Response DefaultHttpResponse(decodeResult: success, version: HTTP/1.1)
HTTP/1.1 200 OK
Content-Type: application/json; charset=utf-8
cache-control: no-cache
content-length: 14

16:31:27.857 [AsyncHttpClient-1-5] DEBUG org.asynchttpclient.netty.channel.ChannelManager - Adding key: http://localhost:55582 for channel [id: 0x8c1cac36, L:/127.0.0.1:50601 - R:localhost/127.0.0.1:55582]
16:31:27.863 [Forwarding screenshot on session 359622937a4ed9227f0778b4e9752053 to remote] DEBUG org.asynchttpclient.netty.request.NettyRequestSender - Using pooled Channel '[id: 0x8c1cac36, L:/127.0.0.1:50601 - R:localhost/127.0.0.1:55582]' for 'GET' to 'http://localhost:55582/session/359622937a4ed9227f0778b4e9752053/screenshot'
16:31:27.863 [Forwarding screenshot on session 359622937a4ed9227f0778b4e9752053 to remote] DEBUG org.asynchttpclient.netty.request.NettyRequestSender - Using open Channel [id: 0x8c1cac36, L:/127.0.0.1:50601 - R:localhost/127.0.0.1:55582] for GET '/session/359622937a4ed9227f0778b4e9752053/screenshot'
16:31:27.991 [AsyncHttpClient-1-5] DEBUG org.asynchttpclient.netty.handler.HttpHandler - 

Request DefaultFullHttpRequest(decodeResult: success, version: HTTP/1.1, content: EmptyByteBufBE)
GET /session/359622937a4ed9227f0778b4e9752053/screenshot HTTP/1.1
User-Agent: selenium/4.1.2 (java windows)
Cache-Control: no-cache
Content-Type: application/json; charset=utf-8
host: localhost:55582
accept: */*

Response DefaultHttpResponse(decodeResult: success, version: HTTP/1.1)
HTTP/1.1 200 OK
Content-Type: application/json; charset=utf-8
cache-control: no-cache
content-length: 88284

16:31:27.993 [AsyncHttpClient-1-5] DEBUG org.asynchttpclient.netty.channel.ChannelManager - Adding key: http://localhost:55582 for channel [id: 0x8c1cac36, L:/127.0.0.1:50601 - R:localhost/127.0.0.1:55582]
16:31:27.997 [main] DEBUG net.serenitybdd.core.photography.Darkroom - Send negative for processing for target\site\serenity\6e6eebe31bb69246acba1e6a3e422690d3f1bddfaabb4563c645077f7931ad4f.png
16:31:27.998 [main] DEBUG net.thucydides.core.steps.StepInterceptor - STEP DONE: clickFilterDropdown
  &amp#27;[32mWhen &amp#27;[0m&amp#27;[32mI click Appointment Department Filter Dropdown&amp#27;[0m                           &amp#27;[90m# starter.stepdefinitions.AppointmentSteps.iClickAppointmentDepartmentDropdown()&amp#27;[0m
16:31:27.998 [Darkroom Processing Line] DEBUG net.serenitybdd.core.photography.DarkroomProcessingLine - Processing screenshot image in /var/screenshots/screenshot-15022974119536938615
16:31:27.998 [Darkroom Processing Line] DEBUG net.serenitybdd.core.photography.DarkroomProcessingLine - Saving screenshot to target\site\serenity\6e6eebe31bb69246acba1e6a3e422690d3f1bddfaabb4563c645077f7931ad4f.png
16:31:28.018 [main] DEBUG net.thucydides.core.steps.StepInterceptor - STARTING STEP: AppointmentSteps.iClickAppointmentCardiology - clickCardiologyMenu
16:31:28.024 [Forwarding findElement on session 359622937a4ed9227f0778b4e9752053 to remote] DEBUG org.asynchttpclient.netty.request.NettyRequestSender - Using pooled Channel '[id: 0x8c1cac36, L:/127.0.0.1:50601 - R:localhost/127.0.0.1:55582]' for 'POST' to 'http://localhost:55582/session/359622937a4ed9227f0778b4e9752053/element'
16:31:28.024 [Forwarding findElement on session 359622937a4ed9227f0778b4e9752053 to remote] DEBUG org.asynchttpclient.netty.request.NettyRequestSender - Using open Channel [id: 0x8c1cac36, L:/127.0.0.1:50601 - R:localhost/127.0.0.1:55582] for POST '/session/359622937a4ed9227f0778b4e9752053/element'
16:31:28.070 [AsyncHttpClient-1-5] DEBUG org.asynchttpclient.netty.handler.HttpHandler - 

Request DefaultHttpRequest(decodeResult: success, version: HTTP/1.1)
POST /session/359622937a4ed9227f0778b4e9752053/element HTTP/1.1
User-Agent: selenium/4.1.2 (java windows)
Content-Length: 109
Content-Type: application/json; charset=utf-8
host: localhost:55582
accept: */*

Response DefaultHttpResponse(decodeResult: success, version: HTTP/1.1)
HTTP/1.1 200 OK
Content-Type: application/json; charset=utf-8
cache-control: no-cache
content-length: 88

16:31:28.070 [AsyncHttpClient-1-5] DEBUG org.asynchttpclient.netty.channel.ChannelManager - Adding key: http://localhost:55582 for channel [id: 0x8c1cac36, L:/127.0.0.1:50601 - R:localhost/127.0.0.1:55582]
16:31:28.073 [Forwarding getElementTagName on session 359622937a4ed9227f0778b4e9752053 to remote] DEBUG org.asynchttpclient.netty.request.NettyRequestSender - Using pooled Channel '[id: 0x8c1cac36, L:/127.0.0.1:50601 - R:localhost/127.0.0.1:55582]' for 'GET' to 'http://localhost:55582/session/359622937a4ed9227f0778b4e9752053/element/aab70a4b-983f-4cb5-8509-3b9dec1645fc/name'
16:31:28.074 [Forwarding getElementTagName on session 359622937a4ed9227f0778b4e9752053 to remote] DEBUG org.asynchttpclient.netty.request.NettyRequestSender - Using open Channel [id: 0x8c1cac36, L:/127.0.0.1:50601 - R:localhost/127.0.0.1:55582] for GET '/session/359622937a4ed9227f0778b4e9752053/element/aab70a4b-983f-4cb5-8509-3b9dec1645fc/name'
16:31:28.089 [AsyncHttpClient-1-5] DEBUG org.asynchttpclient.netty.handler.HttpHandler - 

Request DefaultFullHttpRequest(decodeResult: success, version: HTTP/1.1, content: EmptyByteBufBE)
GET /session/359622937a4ed9227f0778b4e9752053/element/aab70a4b-983f-4cb5-8509-3b9dec1645fc/name HTTP/1.1
User-Agent: selenium/4.1.2 (java windows)
Cache-Control: no-cache
Content-Type: application/json; charset=utf-8
host: localhost:55582
accept: */*

Response DefaultHttpResponse(decodeResult: success, version: HTTP/1.1)
HTTP/1.1 200 OK
Content-Type: application/json; charset=utf-8
cache-control: no-cache
content-length: 14

16:31:28.089 [AsyncHttpClient-1-5] DEBUG org.asynchttpclient.netty.channel.ChannelManager - Adding key: http://localhost:55582 for channel [id: 0x8c1cac36, L:/127.0.0.1:50601 - R:localhost/127.0.0.1:55582]
16:31:28.091 [Forwarding getElementTagName on session 359622937a4ed9227f0778b4e9752053 to remote] DEBUG org.asynchttpclient.netty.request.NettyRequestSender - Using pooled Channel '[id: 0x8c1cac36, L:/127.0.0.1:50601 - R:localhost/127.0.0.1:55582]' for 'GET' to 'http://localhost:55582/session/359622937a4ed9227f0778b4e9752053/element/aab70a4b-983f-4cb5-8509-3b9dec1645fc/name'
16:31:28.091 [Forwarding getElementTagName on session 359622937a4ed9227f0778b4e9752053 to remote] DEBUG org.asynchttpclient.netty.request.NettyRequestSender - Using open Channel [id: 0x8c1cac36, L:/127.0.0.1:50601 - R:localhost/127.0.0.1:55582] for GET '/session/359622937a4ed9227f0778b4e9752053/element/aab70a4b-983f-4cb5-8509-3b9dec1645fc/name'
16:31:28.100 [AsyncHttpClient-1-5] DEBUG org.asynchttpclient.netty.handler.HttpHandler - 

Request DefaultFullHttpRequest(decodeResult: success, version: HTTP/1.1, content: EmptyByteBufBE)
GET /session/359622937a4ed9227f0778b4e9752053/element/aab70a4b-983f-4cb5-8509-3b9dec1645fc/name HTTP/1.1
User-Agent: selenium/4.1.2 (java windows)
Cache-Control: no-cache
Content-Type: application/json; charset=utf-8
host: localhost:55582
accept: */*

Response DefaultHttpResponse(decodeResult: success, version: HTTP/1.1)
HTTP/1.1 200 OK
Content-Type: application/json; charset=utf-8
cache-control: no-cache
content-length: 14

16:31:28.100 [AsyncHttpClient-1-5] DEBUG org.asynchttpclient.netty.channel.ChannelManager - Adding key: http://localhost:55582 for channel [id: 0x8c1cac36, L:/127.0.0.1:50601 - R:localhost/127.0.0.1:55582]
16:31:28.106 [Forwarding findElement on session 359622937a4ed9227f0778b4e9752053 to remote] DEBUG org.asynchttpclient.netty.request.NettyRequestSender - Using pooled Channel '[id: 0x8c1cac36, L:/127.0.0.1:50601 - R:localhost/127.0.0.1:55582]' for 'POST' to 'http://localhost:55582/session/359622937a4ed9227f0778b4e9752053/element'
16:31:28.106 [Forwarding findElement on session 359622937a4ed9227f0778b4e9752053 to remote] DEBUG org.asynchttpclient.netty.request.NettyRequestSender - Using open Channel [id: 0x8c1cac36, L:/127.0.0.1:50601 - R:localhost/127.0.0.1:55582] for POST '/session/359622937a4ed9227f0778b4e9752053/element'
16:31:28.118 [AsyncHttpClient-1-5] DEBUG org.asynchttpclient.netty.handler.HttpHandler - 

Request DefaultHttpRequest(decodeResult: success, version: HTTP/1.1)
POST /session/359622937a4ed9227f0778b4e9752053/element HTTP/1.1
User-Agent: selenium/4.1.2 (java windows)
Content-Length: 109
Content-Type: application/json; charset=utf-8
host: localhost:55582
accept: */*

Response DefaultHttpResponse(decodeResult: success, version: HTTP/1.1)
HTTP/1.1 200 OK
Content-Type: application/json; charset=utf-8
cache-control: no-cache
content-length: 88

16:31:28.119 [AsyncHttpClient-1-5] DEBUG org.asynchttpclient.netty.channel.ChannelManager - Adding key: http://localhost:55582 for channel [id: 0x8c1cac36, L:/127.0.0.1:50601 - R:localhost/127.0.0.1:55582]
16:31:28.120 [Forwarding clickElement on session 359622937a4ed9227f0778b4e9752053 to remote] DEBUG org.asynchttpclient.netty.request.NettyRequestSender - Using pooled Channel '[id: 0x8c1cac36, L:/127.0.0.1:50601 - R:localhost/127.0.0.1:55582]' for 'POST' to 'http://localhost:55582/session/359622937a4ed9227f0778b4e9752053/element/aab70a4b-983f-4cb5-8509-3b9dec1645fc/click'
16:31:28.120 [Forwarding clickElement on session 359622937a4ed9227f0778b4e9752053 to remote] DEBUG org.asynchttpclient.netty.request.NettyRequestSender - Using open Channel [id: 0x8c1cac36, L:/127.0.0.1:50601 - R:localhost/127.0.0.1:55582] for POST '/session/359622937a4ed9227f0778b4e9752053/element/aab70a4b-983f-4cb5-8509-3b9dec1645fc/click'
16:31:28.293 [AsyncHttpClient-1-5] DEBUG org.asynchttpclient.netty.handler.HttpHandler - 

Request DefaultHttpRequest(decodeResult: success, version: HTTP/1.1)
POST /session/359622937a4ed9227f0778b4e9752053/element/aab70a4b-983f-4cb5-8509-3b9dec1645fc/click HTTP/1.1
User-Agent: selenium/4.1.2 (java windows)
Content-Length: 50
Content-Type: application/json; charset=utf-8
host: localhost:55582
accept: */*

Response DefaultHttpResponse(decodeResult: success, version: HTTP/1.1)
HTTP/1.1 200 OK
Content-Type: application/json; charset=utf-8
cache-control: no-cache
content-length: 14

16:31:28.293 [AsyncHttpClient-1-5] DEBUG org.asynchttpclient.netty.channel.ChannelManager - Adding key: http://localhost:55582 for channel [id: 0x8c1cac36, L:/127.0.0.1:50601 - R:localhost/127.0.0.1:55582]
16:31:28.307 [Forwarding screenshot on session 359622937a4ed9227f0778b4e9752053 to remote] DEBUG org.asynchttpclient.netty.request.NettyRequestSender - Using pooled Channel '[id: 0x8c1cac36, L:/127.0.0.1:50601 - R:localhost/127.0.0.1:55582]' for 'GET' to 'http://localhost:55582/session/359622937a4ed9227f0778b4e9752053/screenshot'
16:31:28.307 [Forwarding screenshot on session 359622937a4ed9227f0778b4e9752053 to remote] DEBUG org.asynchttpclient.netty.request.NettyRequestSender - Using open Channel [id: 0x8c1cac36, L:/127.0.0.1:50601 - R:localhost/127.0.0.1:55582] for GET '/session/359622937a4ed9227f0778b4e9752053/screenshot'
16:31:28.464 [AsyncHttpClient-1-5] DEBUG org.asynchttpclient.netty.handler.HttpHandler - 

Request DefaultFullHttpRequest(decodeResult: success, version: HTTP/1.1, content: EmptyByteBufBE)
GET /session/359622937a4ed9227f0778b4e9752053/screenshot HTTP/1.1
User-Agent: selenium/4.1.2 (java windows)
Cache-Control: no-cache
Content-Type: application/json; charset=utf-8
host: localhost:55582
accept: */*

Response DefaultHttpResponse(decodeResult: success, version: HTTP/1.1)
HTTP/1.1 200 OK
Content-Type: application/json; charset=utf-8
cache-control: no-cache
content-length: 91108

16:31:28.465 [AsyncHttpClient-1-5] DEBUG org.asynchttpclient.netty.channel.ChannelManager - Adding key: http://localhost:55582 for channel [id: 0x8c1cac36, L:/127.0.0.1:50601 - R:localhost/127.0.0.1:55582]
16:31:28.472 [main] DEBUG net.serenitybdd.core.photography.Darkroom - Send negative for processing for target\site\serenity\785266756908d4e5861a811b8a9d90387b617a127675e7055c8bfdb4cf924451.png
16:31:28.472 [main] DEBUG net.thucydides.core.steps.StepInterceptor - STEP DONE: clickCardiologyMenu
  &amp#27;[32mAnd &amp#27;[0m&amp#27;[32mI click Appointment Cardiology&amp#27;[0m                                            &amp#27;[90m# starter.stepdefinitions.AppointmentSteps.iClickAppointmentCardiology()&amp#27;[0m
16:31:28.473 [Darkroom Processing Line] DEBUG net.serenitybdd.core.photography.DarkroomProcessingLine - Processing screenshot image in /var/screenshots/screenshot-6972268067761954821
16:31:28.473 [Darkroom Processing Line] DEBUG net.serenitybdd.core.photography.DarkroomProcessingLine - Saving screenshot to target\site\serenity\785266756908d4e5861a811b8a9d90387b617a127675e7055c8bfdb4cf924451.png
16:31:28.502 [main] DEBUG net.thucydides.core.steps.StepInterceptor - STARTING STEP: AppointmentSteps.iValidateTodayAppointmentOnlyShowCardiologyDepartmentAppointment - validateCardiologyAppointment
16:31:28.819 [Forwarding findElement on session 359622937a4ed9227f0778b4e9752053 to remote] DEBUG org.asynchttpclient.netty.request.NettyRequestSender - Using pooled Channel '[id: 0x8c1cac36, L:/127.0.0.1:50601 - R:localhost/127.0.0.1:55582]' for 'POST' to 'http://localhost:55582/session/359622937a4ed9227f0778b4e9752053/element'
16:31:28.819 [Forwarding findElement on session 359622937a4ed9227f0778b4e9752053 to remote] DEBUG org.asynchttpclient.netty.request.NettyRequestSender - Using open Channel [id: 0x8c1cac36, L:/127.0.0.1:50601 - R:localhost/127.0.0.1:55582] for POST '/session/359622937a4ed9227f0778b4e9752053/element'
16:31:28.838 [AsyncHttpClient-1-1] DEBUG org.asynchttpclient.netty.channel.DefaultChannelPool - Entry count for : http://localhost:50603 : 1
16:31:29.937 [AsyncHttpClient-1-1] DEBUG org.asynchttpclient.netty.channel.DefaultChannelPool - Entry count for : http://localhost:50603 : 1
16:31:31.038 [AsyncHttpClient-1-1] DEBUG org.asynchttpclient.netty.channel.DefaultChannelPool - Entry count for : http://localhost:50603 : 1
16:31:32.138 [AsyncHttpClient-1-1] DEBUG org.asynchttpclient.netty.channel.DefaultChannelPool - Entry count for : http://localhost:50603 : 1
16:31:33.238 [AsyncHttpClient-1-1] DEBUG org.asynchttpclient.netty.channel.DefaultChannelPool - Entry count for : http://localhost:50603 : 1
16:31:33.830 [AsyncHttpClient-1-5] DEBUG org.asynchttpclient.netty.handler.HttpHandler - 

Request DefaultHttpRequest(decodeResult: success, version: HTTP/1.1)
POST /session/359622937a4ed9227f0778b4e9752053/element HTTP/1.1
User-Agent: selenium/4.1.2 (java windows)
Content-Length: 145
Content-Type: application/json; charset=utf-8
host: localhost:55582
accept: */*

Response DefaultHttpResponse(decodeResult: success, version: HTTP/1.1)
HTTP/1.1 404 Not Found
Content-Type: application/json; charset=utf-8
cache-control: no-cache
content-length: 1057

16:31:33.831 [AsyncHttpClient-1-5] DEBUG org.asynchttpclient.netty.channel.ChannelManager - Adding key: http://localhost:55582 for channel [id: 0x8c1cac36, L:/127.0.0.1:50601 - R:localhost/127.0.0.1:55582]
16:31:33.854 [Forwarding screenshot on session 359622937a4ed9227f0778b4e9752053 to remote] DEBUG org.asynchttpclient.netty.request.NettyRequestSender - Using pooled Channel '[id: 0x8c1cac36, L:/127.0.0.1:50601 - R:localhost/127.0.0.1:55582]' for 'GET' to 'http://localhost:55582/session/359622937a4ed9227f0778b4e9752053/screenshot'
16:31:33.854 [Forwarding screenshot on session 359622937a4ed9227f0778b4e9752053 to remote] DEBUG org.asynchttpclient.netty.request.NettyRequestSender - Using open Channel [id: 0x8c1cac36, L:/127.0.0.1:50601 - R:localhost/127.0.0.1:55582] for GET '/session/359622937a4ed9227f0778b4e9752053/screenshot'
16:31:34.025 [AsyncHttpClient-1-5] DEBUG org.asynchttpclient.netty.handler.HttpHandler - 

Request DefaultFullHttpRequest(decodeResult: success, version: HTTP/1.1, content: EmptyByteBufBE)
GET /session/359622937a4ed9227f0778b4e9752053/screenshot HTTP/1.1
User-Agent: selenium/4.1.2 (java windows)
Cache-Control: no-cache
Content-Type: application/json; charset=utf-8
host: localhost:55582
accept: */*

Response DefaultHttpResponse(decodeResult: success, version: HTTP/1.1)
HTTP/1.1 200 OK
Content-Type: application/json; charset=utf-8
cache-control: no-cache
content-length: 68864

16:31:34.026 [AsyncHttpClient-1-5] DEBUG org.asynchttpclient.netty.channel.ChannelManager - Adding key: http://localhost:55582 for channel [id: 0x8c1cac36, L:/127.0.0.1:50601 - R:localhost/127.0.0.1:55582]
16:31:34.031 [main] DEBUG net.serenitybdd.core.photography.Darkroom - Send negative for processing for target\site\serenity\900e4889535fbee567be8ca1e47c159fbf5d5243d081a07daafce01398c5abe3.png
16:31:34.032 [Darkroom Processing Line] DEBUG net.serenitybdd.core.photography.DarkroomProcessingLine - Processing screenshot image in /var/screenshots/screenshot-4137289075898212609
16:31:34.032 [Darkroom Processing Line] DEBUG net.serenitybdd.core.photography.DarkroomProcessingLine - Saving screenshot to target\site\serenity\900e4889535fbee567be8ca1e47c159fbf5d5243d081a07daafce01398c5abe3.png
16:31:34.033 [Forwarding getPageSource on session 359622937a4ed9227f0778b4e9752053 to remote] DEBUG org.asynchttpclient.netty.request.NettyRequestSender - Using pooled Channel '[id: 0x8c1cac36, L:/127.0.0.1:50601 - R:localhost/127.0.0.1:55582]' for 'POST' to 'http://localhost:55582/session/359622937a4ed9227f0778b4e9752053/execute/sync'
16:31:34.033 [Forwarding getPageSource on session 359622937a4ed9227f0778b4e9752053 to remote] DEBUG org.asynchttpclient.netty.request.NettyRequestSender - Using open Channel [id: 0x8c1cac36, L:/127.0.0.1:50601 - R:localhost/127.0.0.1:55582] for POST '/session/359622937a4ed9227f0778b4e9752053/execute/sync'
16:31:34.042 [AsyncHttpClient-1-5] DEBUG org.asynchttpclient.netty.handler.HttpHandler - 

Request DefaultHttpRequest(decodeResult: success, version: HTTP/1.1)
POST /session/359622937a4ed9227f0778b4e9752053/execute/sync HTTP/1.1
User-Agent: selenium/4.1.2 (java windows)
Content-Length: 176
Content-Type: application/json; charset=utf-8
host: localhost:55582
accept: */*

Response DefaultHttpResponse(decodeResult: success, version: HTTP/1.1)
HTTP/1.1 200 OK
Content-Type: application/json; charset=utf-8
cache-control: no-cache
content-length: 13383

16:31:34.042 [AsyncHttpClient-1-5] DEBUG org.asynchttpclient.netty.channel.ChannelManager - Adding key: http://localhost:55582 for channel [id: 0x8c1cac36, L:/127.0.0.1:50601 - R:localhost/127.0.0.1:55582]
16:31:34.072 [Forwarding getCurrentUrl on session 359622937a4ed9227f0778b4e9752053 to remote] DEBUG org.asynchttpclient.netty.request.NettyRequestSender - Using pooled Channel '[id: 0x8c1cac36, L:/127.0.0.1:50601 - R:localhost/127.0.0.1:55582]' for 'GET' to 'http://localhost:55582/session/359622937a4ed9227f0778b4e9752053/url'
16:31:34.072 [Forwarding getCurrentUrl on session 359622937a4ed9227f0778b4e9752053 to remote] DEBUG org.asynchttpclient.netty.request.NettyRequestSender - Using open Channel [id: 0x8c1cac36, L:/127.0.0.1:50601 - R:localhost/127.0.0.1:55582] for GET '/session/359622937a4ed9227f0778b4e9752053/url'
16:31:34.076 [AsyncHttpClient-1-5] DEBUG org.asynchttpclient.netty.handler.HttpHandler - 

Request DefaultFullHttpRequest(decodeResult: success, version: HTTP/1.1, content: EmptyByteBufBE)
GET /session/359622937a4ed9227f0778b4e9752053/url HTTP/1.1
User-Agent: selenium/4.1.2 (java windows)
Cache-Control: no-cache
Content-Type: application/json; charset=utf-8
host: localhost:55582
accept: */*

Response DefaultHttpResponse(decodeResult: success, version: HTTP/1.1)
HTTP/1.1 200 OK
Content-Type: application/json; charset=utf-8
cache-control: no-cache
content-length: 64

16:31:34.076 [AsyncHttpClient-1-5] DEBUG org.asynchttpclient.netty.channel.ChannelManager - Adding key: http://localhost:55582 for channel [id: 0x8c1cac36, L:/127.0.0.1:50601 - R:localhost/127.0.0.1:55582]
  &amp#27;[31mThen &amp#27;[0m&amp#27;[31mI validate Today Appointment only show Cardiology Department Appointment&amp#27;[0m &amp#27;[90m# starter.stepdefinitions.AppointmentSteps.iValidateTodayAppointmentOnlyShowCardiologyDepartmentAppointment()&amp#27;[0m
      &amp#27;[31morg.openqa.selenium.NoSuchElementException: Expected condition failed: waiting for By.xpath: //body/div[@id='root']/div[1]/div[2]/div[2]/div[3]/div[1]/h3[1] to be displayed (tried for 5 second(s) with 100 milliseconds interval)
Build info: version: '4.1.2', revision: '9a5a329c5a'
System info: host: 'DELL', ip: '192.168.1.6', os.name: 'Windows 8.1', os.arch: 'amd64', os.version: '6.3', java.version: '15.0.2'
Driver info: driver.version: unknown
	at net.serenitybdd.core.pages.WebElementFacadeImpl.throwNoSuchElementExceptionWithCauseIfPresent(WebElementFacadeImpl.java:1001)
	at net.serenitybdd.core.pages.WebElementFacadeImpl.checkPresenceOfWebElement(WebElementFacadeImpl.java:974)
	at net.serenitybdd.core.pages.WebElementFacadeImpl.waitUntilVisible(WebElementFacadeImpl.java:981)
	at Capstone.Project.Website@1.0-SNAPSHOT/starter.pages.AppointmentPage.validateCardiologyAppointment(AppointmentPage.java:369)
	at Capstone.Project.Website@1.0-SNAPSHOT/starter.pages.AppointmentPage$ByteBuddy$q6SZGsVH.validateCardiologyAppointment$accessor$t7MNsUXi(Unknown Source)
	at java.base/jdk.internal.reflect.NativeMethodAccessorImpl.invoke0(Native Method)
	at java.base/jdk.internal.reflect.NativeMethodAccessorImpl.invoke(NativeMethodAccessorImpl.java:64)
	at java.base/jdk.internal.reflect.DelegatingMethodAccessorImpl.invoke(DelegatingMethodAccessorImpl.java:43)
	at java.base/java.lang.reflect.Method.invoke(Method.java:564)
	at net.thucydides.core.steps.StepInterceptor.invokeMethod(StepInterceptor.java:503)
	at net.thucydides.core.steps.StepInterceptor.executeTestStepMethod(StepInterceptor.java:483)
	at net.thucydides.core.steps.StepInterceptor.runTestStep(StepInterceptor.java:457)
	at net.thucydides.core.steps.StepInterceptor.runOrSkipMethod(StepInterceptor.java:209)
	at net.thucydides.core.steps.StepInterceptor.testStepResult(StepInterceptor.java:196)
	at net.thucydides.core.steps.StepInterceptor.intercept(StepInterceptor.java:84)
	at net.thucydides.core.steps.ProxyConfiguration$InterceptorDispatcher.intercept(ProxyConfiguration.java:51)
	at Capstone.Project.Website@1.0-SNAPSHOT/starter.pages.AppointmentPage$ByteBuddy$q6SZGsVH.validateCardiologyAppointment(Unknown Source)
	at Capstone.Project.Website@1.0-SNAPSHOT/starter.stepdefinitions.AppointmentSteps.iValidateTodayAppointmentOnlyShowCardiologyDepartmentAppointment(AppointmentSteps.java:150)
	at âœ½.I validate Today Appointment only show Cardiology Department Appointment(file:///E:/My%20Documents/File%20Difa/TI%20Semester%206%20Kampus%20Merdeka%20Alterra/Tugas/CAPSTONE%20Project/Capstone-Project-Website/src/test/resources/features/1.Appointment.feature:93)
Caused by: org.openqa.selenium.TimeoutException: Expected condition failed: waiting for By.xpath: //body/div[@id='root']/div[1]/div[2]/div[2]/div[3]/div[1]/h3[1] to be displayed (tried for 5 second(s) with 100 milliseconds interval)
Build info: version: '4.1.2', revision: '9a5a329c5a'
System info: host: 'DELL', ip: '192.168.1.6', os.name: 'Windows 8.1', os.arch: 'amd64', os.version: '6.3', java.version: '15.0.2'
Driver info: driver.version: unknown
	at org.openqa.selenium.support.ui.FluentWait.timeoutException(FluentWait.java:263)
	at org.openqa.selenium.support.ui.FluentWait.until(FluentWait.java:231)
	at net.serenitybdd.core.pages.WebElementFacadeImpl.checkPresenceOfWebElement(WebElementFacadeImpl.java:968)
	at net.serenitybdd.core.pages.WebElementFacadeImpl.waitUntilVisible(WebElementFacadeImpl.java:981)
	at Capstone.Project.Website@1.0-SNAPSHOT/starter.pages.AppointmentPage.validateCardiologyAppointment(AppointmentPage.java:369)
	at Capstone.Project.Website@1.0-SNAPSHOT/starter.pages.AppointmentPage$ByteBuddy$q6SZGsVH.validateCardiologyAppointment$accessor$t7MNsUXi(Unknown Source)
	at java.base/jdk.internal.reflect.NativeMethodAccessorImpl.invoke0(Native Method)
	at java.base/jdk.internal.reflect.NativeMethodAccessorImpl.invoke(NativeMethodAccessorImpl.java:64)
	at java.base/jdk.internal.reflect.DelegatingMethodAccessorImpl.invoke(DelegatingMethodAccessorImpl.java:43)
	at java.base/java.lang.reflect.Method.invoke(Method.java:564)
	at net.thucydides.core.steps.StepInterceptor.invokeMethod(StepInterceptor.java:503)
	at net.thucydides.core.steps.StepInterceptor.executeTestStepMethod(StepInterceptor.java:483)
	at net.thucydides.core.steps.StepInterceptor.runTestStep(StepInterceptor.java:457)
	at net.thucydides.core.steps.StepInterceptor.runOrSkipMethod(StepInterceptor.java:209)
	at net.thucydides.core.steps.StepInterceptor.testStepResult(StepInterceptor.java:196)
	at net.thucydides.core.steps.StepInterceptor.intercept(StepInterceptor.java:84)
	at net.thucydides.core.steps.ProxyConfiguration$InterceptorDispatcher.intercept(ProxyConfiguration.java:51)
	at Capstone.Project.Website@1.0-SNAPSHOT/starter.pages.AppointmentPage$ByteBuddy$q6SZGsVH.validateCardiologyAppointment(Unknown Source)
	at Capstone.Project.Website@1.0-SNAPSHOT/starter.stepdefinitions.AppointmentSteps.iValidateTodayAppointmentOnlyShowCardiologyDepartmentAppointment(AppointmentSteps.java:150)
	at java.base/jdk.internal.reflect.NativeMethodAccessorImpl.invoke0(Native Method)
	at java.base/jdk.internal.reflect.NativeMethodAccessorImpl.invoke(NativeMethodAccessorImpl.java:64)
	at java.base/jdk.internal.reflect.DelegatingMethodAccessorImpl.invoke(DelegatingMethodAccessorImpl.java:43)
	at java.base/java.lang.reflect.Method.invoke(Method.java:564)
	at io.cucumber.java.Invoker.doInvoke(Invoker.java:66)
	at io.cucumber.java.Invoker.invoke(Invoker.java:24)
	at io.cucumber.java.AbstractGlueDefinition.invokeMethod(AbstractGlueDefinition.java:47)
	at io.cucumber.java.JavaStepDefinition.execute(JavaStepDefinition.java:29)
	at io.cucumber.core.runner.CoreStepDefinition.execute(CoreStepDefinition.java:66)
	at io.cucumber.core.runner.PickleStepDefinitionMatch.runStep(PickleStepDefinitionMatch.java:63)
	at io.cucumber.core.runner.ExecutionMode$1.execute(ExecutionMode.java:10)
	at io.cucumber.core.runner.TestStep.executeStep(TestStep.java:86)
	at io.cucumber.core.runner.TestStep.run(TestStep.java:57)
	at io.cucumber.core.runner.PickleStepTestStep.run(PickleStepTestStep.java:51)
	at io.cucumber.core.runner.TestCase.run(TestCase.java:95)
	at io.cucumber.core.runner.Runner.runPickle(Runner.java:75)
	at io.cucumber.junit.PickleRunners$NoStepDescriptions.lambda$run$0(PickleRunners.java:151)
	at io.cucumber.core.runtime.CucumberExecutionContext.lambda$runTestCase$3(CucumberExecutionContext.java:151)
	at io.cucumber.core.runtime.RethrowingThrowableCollector.executeAndThrow(RethrowingThrowableCollector.java:23)
	at io.cucumber.core.runtime.CucumberExecutionContext.runTestCase(CucumberExecutionContext.java:151)
	at io.cucumber.junit.PickleRunners$NoStepDescriptions.run(PickleRunners.java:148)
	at io.cucumber.junit.FeatureRunner.runChild(FeatureRunner.java:144)
	at io.cucumber.junit.FeatureRunner.runChild(FeatureRunner.java:28)
	at org.junit.runners.ParentRunner$4.run(ParentRunner.java:331)
	at org.junit.runners.ParentRunner$1.schedule(ParentRunner.java:79)
	at org.junit.runners.ParentRunner.runChildren(ParentRunner.java:329)
	at org.junit.runners.ParentRunner.access$100(ParentRunner.java:66)
	at org.junit.runners.ParentRunner$2.evaluate(ParentRunner.java:293)
	at org.junit.runners.ParentRunner$3.evaluate(ParentRunner.java:306)
	at org.junit.runners.ParentRunner.run(ParentRunner.java:413)
	at io.cucumber.junit.FeatureRunner.run(FeatureRunner.java:137)
	at io.cucumber.junit.CucumberSerenityRunner.runChild(CucumberSerenityRunner.java:258)
	at io.cucumber.junit.CucumberSerenityRunner.runChild(CucumberSerenityRunner.java:58)
	at org.junit.runners.ParentRunner$4.run(ParentRunner.java:331)
	at org.junit.runners.ParentRunner$1.schedule(ParentRunner.java:79)
	at org.junit.runners.ParentRunner.runChildren(ParentRunner.java:329)
	at org.junit.runners.ParentRunner.access$100(ParentRunner.java:66)
	at org.junit.runners.ParentRunner$2.evaluate(ParentRunner.java:293)
	at io.cucumber.junit.CucumberSerenityRunner$RunCucumber.evaluate(CucumberSerenityRunner.java:287)
	at org.junit.runners.ParentRunner$3.evaluate(ParentRunner.java:306)
	at org.junit.runners.ParentRunner.run(ParentRunner.java:413)
	at org.junit.runner.JUnitCore.run(JUnitCore.java:137)
	at org.junit.runner.JUnitCore.run(JUnitCore.java:115)
	at org.junit.vintage.engine.execution.RunnerExecutor.execute(RunnerExecutor.java:42)
	at org.junit.vintage.engine.VintageTestEngine.executeAllChildren(VintageTestEngine.java:80)
	at org.junit.vintage.engine.VintageTestEngine.execute(VintageTestEngine.java:72)
	at org.junit.platform.launcher.core.EngineExecutionOrchestrator.execute(EngineExecutionOrchestrator.java:107)
	at org.junit.platform.launcher.core.EngineExecutionOrchestrator.execute(EngineExecutionOrchestrator.java:88)
	at org.junit.platform.launcher.core.EngineExecutionOrchestrator.lambda$execute$0(EngineExecutionOrchestrator.java:54)
	at org.junit.platform.launcher.core.EngineExecutionOrchestrator.withInterceptedStreams(EngineExecutionOrchestrator.java:67)
	at org.junit.platform.launcher.core.EngineExecutionOrchestrator.execute(EngineExecutionOrchestrator.java:52)
	at org.junit.platform.launcher.core.DefaultLauncher.execute(DefaultLauncher.java:114)
	at org.junit.platform.launcher.core.DefaultLauncher.execute(DefaultLauncher.java:86)
	at org.junit.platform.launcher.core.DefaultLauncherSession$DelegatingLauncher.execute(DefaultLauncherSession.java:86)
	at org.junit.platform.launcher.core.SessionPerRequestLauncher.execute(SessionPerRequestLauncher.java:53)
	at org.apache.maven.surefire.junitplatform.JUnitPlatformProvider.execute(JUnitPlatformProvider.java:188)
	at org.apache.maven.surefire.junitplatform.JUnitPlatformProvider.invokeAllTests(JUnitPlatformProvider.java:154)
	at org.apache.maven.surefire.junitplatform.JUnitPlatformProvider.invoke(JUnitPlatformProvider.java:128)
	at org.apache.maven.surefire.booter.ForkedBooter.runSuitesInProcess(ForkedBooter.java:428)
	at org.apache.maven.surefire.booter.ForkedBooter.execute(ForkedBooter.java:162)
	at org.apache.maven.surefire.booter.ForkedBooter.run(ForkedBooter.java:562)
	at org.apache.maven.surefire.booter.ForkedBooter.main(ForkedBooter.java:548)
&amp#27;[0m
16:31:34.112 [main] ERROR  - 
  _____   ___   ___   _____     ___   ___   ___    ___    ___ 
 |_   _| | __| / __| |_   _|   | __| | _ \ | _ \  / _ \  | _ \
   | |   | _|  \__ \   | |     | _|  |   / |   / | (_) | |   /
   |_|   |___| |___/   |_|     |___| |_|_\ |_|_\  \___/  |_|_\

Filter Appointment Cardiology Scenario
---------------------------------------------------------------
16:31:34.112 [main] DEBUG  - RELATED ISSUES: 
16:31:34.113 [main] ERROR  -     Test failed at step: Validate cardiology appointment
16:31:34.113 [main] ERROR  -     Expected condition failed: waiting for By.xpath: //body/div[@id='root']/div[1]/div[2]/div[2]/div[3]/div[1]/h3[1] to be displayed (tried for 5 second(s) with 100 milliseconds interval)Build info: version: '4.1.2', revision: '9a5a329c5a'System info: host: 'DELL', ip: '192.168.1.6', os.name: 'Windows 8.1', os.arch: 'amd64', os.version: '6.3', java.version: '15.0.2'Driver info: driver.version: unknown
16:31:34.117 [AsyncHttpClient-1-7] DEBUG org.asynchttpclient.netty.handler.WebSocketHandler - Channel Closed: [id: 0xe015aa30, L:/127.0.0.1:50609 ! R:localhost/127.0.0.1:50603] with attribute NettyResponseFuture{currentRetry=5,
	isDone=1,
	isCancelled=0,
	asyncHandler=org.asynchttpclient.ws.WebSocketUpgradeHandler@48ea96be,
	nettyRequest=org.asynchttpclient.netty.request.NettyRequest@6690c2fa,
	future=java.util.concurrent.CompletableFuture@165081a7[Completed normally],
	uri=ws://localhost:50603/devtools/browser/ef9c9f44-d659-479d-9f39-f57b67c37eb0,
	keepAlive=true,
	redirectCount=0,
	timeoutsHolder=null,
	inAuth=0,
	touch=1655717475888}
16:31:34.117 [AsyncHttpClient-1-7] DEBUG org.asynchttpclient.netty.channel.ChannelManager - Closing Channel [id: 0xe015aa30, L:/127.0.0.1:50609 ! R:localhost/127.0.0.1:50603] 
16:31:34.119 [Driver Command Executor] DEBUG org.asynchttpclient.netty.request.NettyRequestSender - Using pooled Channel '[id: 0x8c1cac36, L:/127.0.0.1:50601 - R:localhost/127.0.0.1:55582]' for 'DELETE' to 'http://localhost:55582/session/359622937a4ed9227f0778b4e9752053'
16:31:34.119 [Driver Command Executor] DEBUG org.asynchttpclient.netty.request.NettyRequestSender - Using open Channel [id: 0x8c1cac36, L:/127.0.0.1:50601 - R:localhost/127.0.0.1:55582] for DELETE '/session/359622937a4ed9227f0778b4e9752053'
16:31:34.338 [AsyncHttpClient-1-1] DEBUG org.asynchttpclient.netty.channel.DefaultChannelPool - Entry count for : http://localhost:50603 : 1
16:31:35.058 [AsyncHttpClient-1-6] DEBUG org.asynchttpclient.netty.handler.HttpHandler - Unexpected I/O exception on channel [id: 0xe542ee2a, L:/127.0.0.1:50608 - R:localhost/127.0.0.1:50603]
java.net.SocketException: Connection reset
	at java.base/sun.nio.ch.SocketChannelImpl.throwConnectionReset(SocketChannelImpl.java:367)
	at java.base/sun.nio.ch.SocketChannelImpl.read(SocketChannelImpl.java:398)
	at io.netty.buffer.PooledByteBuf.setBytes(PooledByteBuf.java:258)
	at io.netty.buffer.AbstractByteBuf.writeBytes(AbstractByteBuf.java:1132)
	at io.netty.channel.socket.nio.NioSocketChannel.doReadBytes(NioSocketChannel.java:350)
	at io.netty.channel.nio.AbstractNioByteChannel$NioByteUnsafe.read(AbstractNioByteChannel.java:151)
	at io.netty.channel.nio.NioEventLoop.processSelectedKey(NioEventLoop.java:722)
	at io.netty.channel.nio.NioEventLoop.processSelectedKeysOptimized(NioEventLoop.java:658)
	at io.netty.channel.nio.NioEventLoop.processSelectedKeys(NioEventLoop.java:584)
	at io.netty.channel.nio.NioEventLoop.run(NioEventLoop.java:496)
	at io.netty.util.concurrent.SingleThreadEventExecutor$4.run(SingleThreadEventExecutor.java:986)
	at io.netty.util.internal.ThreadExecutorMap$2.run(ThreadExecutorMap.java:74)
	at io.netty.util.concurrent.FastThreadLocalRunnable.run(FastThreadLocalRunnable.java:30)
	at java.base/java.lang.Thread.run(Thread.java:832)
16:31:35.058 [AsyncHttpClient-1-6] DEBUG org.asynchttpclient.netty.channel.ChannelManager - Closing Channel [id: 0xe542ee2a, L:/127.0.0.1:50608 - R:localhost/127.0.0.1:50603] 
16:31:35.058 [AsyncHttpClient-1-6] DEBUG org.asynchttpclient.netty.handler.HttpHandler - Channel Closed: [id: 0xe542ee2a, L:/127.0.0.1:50608 ! R:localhost/127.0.0.1:50603] with attribute DISCARD
16:31:35.079 [AsyncHttpClient-1-5] DEBUG org.asynchttpclient.netty.handler.HttpHandler - 

Request DefaultFullHttpRequest(decodeResult: success, version: HTTP/1.1, content: EmptyByteBufBE)
DELETE /session/359622937a4ed9227f0778b4e9752053 HTTP/1.1
User-Agent: selenium/4.1.2 (java windows)
Content-Type: application/json; charset=utf-8
host: localhost:55582
accept: */*

Response DefaultHttpResponse(decodeResult: success, version: HTTP/1.1)
HTTP/1.1 200 OK
Content-Type: application/json; charset=utf-8
cache-control: no-cache
content-length: 14

16:31:35.079 [AsyncHttpClient-1-5] DEBUG org.asynchttpclient.netty.channel.ChannelManager - Adding key: http://localhost:55582 for channel [id: 0x8c1cac36, L:/127.0.0.1:50601 - R:localhost/127.0.0.1:55582]
16:31:35.181 [AsyncHttpClient-1-5] DEBUG org.asynchttpclient.netty.handler.HttpHandler - Channel Closed: [id: 0x8c1cac36, L:/127.0.0.1:50601 ! R:localhost/127.0.0.1:55582] with attribute DISCARD
16:31:35.436 [AsyncHttpClient-1-1] DEBUG org.asynchttpclient.netty.channel.DefaultChannelPool - Entry count for : http://localhost:55582 : 1
16:31:35.447 [AsyncHttpClient-1-1] DEBUG org.asynchttpclient.netty.channel.DefaultChannelPool - Entry count for : http://localhost:50603 : 1
16:31:35.448 [AsyncHttpClient-1-1] DEBUG org.asynchttpclient.netty.channel.DefaultChannelPool - Adding Candidate expired Channel [id: 0x8c1cac36, L:/127.0.0.1:50601 ! R:localhost/127.0.0.1:55582] isIdleTimeoutExpired=false isRemotelyClosed=true isTtlExpired=false
16:31:35.448 [AsyncHttpClient-1-1] DEBUG org.asynchttpclient.netty.channel.DefaultChannelPool - Closing Idle Channel [id: 0x8c1cac36, L:/127.0.0.1:50601 ! R:localhost/127.0.0.1:55582]
16:31:35.448 [AsyncHttpClient-1-1] DEBUG org.asynchttpclient.netty.channel.DefaultChannelPool - Adding Candidate expired Channel [id: 0xe542ee2a, L:/127.0.0.1:50608 ! R:localhost/127.0.0.1:50603] isIdleTimeoutExpired=false isRemotelyClosed=true isTtlExpired=false
16:31:35.448 [AsyncHttpClient-1-1] DEBUG org.asynchttpclient.netty.channel.DefaultChannelPool - Closing Idle Channel [id: 0xe542ee2a, L:/127.0.0.1:50608 ! R:localhost/127.0.0.1:50603]
16:31:35.448 [AsyncHttpClient-1-1] DEBUG org.asynchttpclient.netty.channel.DefaultChannelPool - Closed 2 connections out of 2 in 0 ms
]]></system-out>
    <system-err><![CDATA[Starting ChromeDriver 102.0.5005.61 (0e59bcc00cc4985ce39ad31c150065f159d95ad3-refs/branch-heads/5005@{#819}) on port 55582
Only local connections are allowed.
Please see https://chromedriver.chromium.org/security-considerations for suggestions on keeping ChromeDriver safe.
ChromeDriver was started successfully.
Jun 20, 2022 4:31:15 PM org.openqa.selenium.remote.ProtocolHandshake createSession
INFO: Detected dialect: W3C
Jun 20, 2022 4:31:15 PM org.openqa.selenium.devtools.CdpVersionFinder findNearestMatch
WARNING: Unable to find an exact match for CDP version 102, so returning the closest version found: a no-op implementation
Jun 20, 2022 4:31:15 PM org.openqa.selenium.devtools.CdpVersionFinder findNearestMatch
INFO: Unable to find CDP implementation matching 102.
Jun 20, 2022 4:31:15 PM org.openqa.selenium.chromium.ChromiumDriver lambda$new$3
WARNING: Unable to find version of CDP to use for . You may need to include a dependency on a specific version of the CDP using something similar to `org.seleniumhq.selenium:selenium-devtools-v86:4.1.2` where the version ("v86") matches the version of the chromium-based browser you're using and the version number of the artifact is the same as Selenium's.
]]></system-err>
  </testcase>
  <testcase name="Filter Appointment Pediatric Scenario" classname="Appointment" time="24.043">
    <error type="org.openqa.selenium.NoSuchElementException"><![CDATA[org.openqa.selenium.NoSuchElementException: 
Expected condition failed: waiting for By.xpath: //body/div[@id='root']/div[1]/div[2]/div[2]/div[3]/div[1]/h3[1] to be displayed (tried for 5 second(s) with 100 milliseconds interval)
Build info: version: '4.1.2', revision: '9a5a329c5a'
System info: host: 'DELL', ip: '192.168.1.6', os.name: 'Windows 8.1', os.arch: 'amd64', os.version: '6.3', java.version: '15.0.2'
Driver info: driver.version: unknown
Caused by: org.openqa.selenium.TimeoutException: 
Expected condition failed: waiting for By.xpath: //body/div[@id='root']/div[1]/div[2]/div[2]/div[3]/div[1]/h3[1] to be displayed (tried for 5 second(s) with 100 milliseconds interval)
Build info: version: '4.1.2', revision: '9a5a329c5a'
System info: host: 'DELL', ip: '192.168.1.6', os.name: 'Windows 8.1', os.arch: 'amd64', os.version: '6.3', java.version: '15.0.2'
Driver info: driver.version: unknown
]]></error>
    <system-out><![CDATA[
@Appointment @FilterAppointmentPediatric
Scenario: Filter Appointment Pediatric Scenario                                &amp#27;[90m# src/test/resources/features/1.Appointment.feature:97&amp#27;[0m
16:31:35.714 [main] INFO io.cucumber.core.plugin.SerenityReporter - Running feature from file:///E:/My%20Documents/File%20Difa/TI%20Semester%206%20Kampus%20Merdeka%20Alterra/Tugas/CAPSTONE%20Project/Capstone-Project-Website/src/test/resources/features/1.Appointment.feature
16:31:35.716 [main] INFO  - 
  _____   ___   ___   _____     ___   _____     _     ___   _____   ___   ___  
 |_   _| | __| / __| |_   _|   / __| |_   _|   /_\   | _ \ |_   _| | __| |   \ 
   | |   | _|  \__ \   | |     \__ \   | |    / _ \  |   /   | |   | _|  | |) |
   |_|   |___| |___/   |_|     |___/   |_|   /_/ \_\ |_|_\   |_|   |___| |___/ 

Filter Appointment Pediatric Scenario(appointment;filter-appointment-pediatric-scenario)
--------------------------------------------------------------------------------
16:31:35.733 [main] DEBUG net.thucydides.core.steps.StepInterceptor - STARTING STEP: DashboardSteps.iAmOnTheDashboardPage - openUrl
16:31:35.734 [main] INFO net.serenitybdd.core.webdriver.driverproviders.ChromeDriverProvider - Using automatically driver download
16:31:36.012 [main] DEBUG io.github.bonigarcia.wdm.cache.ResolutionCache - Resolution chrome=102 in cache (valid until 16:47:55 20/06/2022 ICT)
16:31:36.022 [main] DEBUG io.github.bonigarcia.wdm.cache.ResolutionCache - Resolution chrome102=102.0.5005.61 in cache (valid until 09:12:44 21/06/2022 ICT)
16:31:36.024 [main] INFO io.github.bonigarcia.wdm.WebDriverManager - Using chromedriver 102.0.5005.61 (resolved driver for Chrome 102)
16:31:36.052 [main] DEBUG io.github.bonigarcia.wdm.WebDriverManager - Driver chromedriver 102.0.5005.61 found in cache
16:31:36.055 [main] INFO io.github.bonigarcia.wdm.WebDriverManager - Exporting webdriver.chrome.driver as C:\Users\USER\.cache\selenium\chromedriver\win32\102.0.5005.61\chromedriver.exe
16:31:36.306 [main] DEBUG net.serenitybdd.core.webdriver.driverproviders.ProvideNewDriver - Instantiating driver
16:31:36.307 [main] DEBUG net.serenitybdd.core.webdriver.driverproviders.ProvideNewDriver - Driver capabilities: Capabilities {acceptInsecureCerts: false, base.url: https://hospital-management..., browserName: chrome, chrome.driver: src/test/resources/webdrive..., driver: chrome, goog:chromeOptions: {args: [], extensions: []}}
16:31:36.849 [AsyncHttpClient-1-8] DEBUG org.asynchttpclient.netty.channel.NettyConnectListener - Using new Channel '[id: 0x1ecfe86f, L:/127.0.0.1:50645 - R:localhost/127.0.0.1:52988]' for 'POST' to '/session'
16:31:39.071 [AsyncHttpClient-1-8] DEBUG org.asynchttpclient.netty.handler.HttpHandler - 

Request DefaultHttpRequest(decodeResult: success, version: HTTP/1.1)
POST /session HTTP/1.1
User-Agent: selenium/4.1.2 (java windows)
Content-Length: 621
Content-Type: application/json; charset=utf-8
host: localhost:52988
accept: */*

Response DefaultHttpResponse(decodeResult: success, version: HTTP/1.1)
HTTP/1.1 200 OK
Content-Type: application/json; charset=utf-8
cache-control: no-cache
content-length: 788

16:31:39.076 [AsyncHttpClient-1-8] DEBUG org.asynchttpclient.netty.channel.ChannelManager - Adding key: http://localhost:52988 for channel [id: 0x1ecfe86f, L:/127.0.0.1:50645 - R:localhost/127.0.0.1:52988]
16:31:39.098 [AsyncHttpClient-1-9] DEBUG org.asynchttpclient.netty.channel.NettyConnectListener - Using new Channel '[id: 0x9d4ba94b, L:/127.0.0.1:50653 - R:localhost/127.0.0.1:50647]' for 'GET' to '/json/version'
16:31:39.099 [AsyncHttpClient-1-9] DEBUG org.asynchttpclient.netty.handler.HttpHandler - 

Request DefaultFullHttpRequest(decodeResult: success, version: HTTP/1.1, content: EmptyByteBufBE)
GET /json/version HTTP/1.1
User-Agent: selenium/4.1.2 (java windows)
host: localhost:50647
accept: */*

Response DefaultHttpResponse(decodeResult: success, version: HTTP/1.1)
HTTP/1.1 200 OK
Content-Type: application/json; charset=UTF-8
content-length: 427

16:31:39.099 [AsyncHttpClient-1-9] DEBUG org.asynchttpclient.netty.channel.ChannelManager - Adding key: http://localhost:50647 for channel [id: 0x9d4ba94b, L:/127.0.0.1:50653 - R:localhost/127.0.0.1:50647]
16:31:39.109 [AsyncHttpClient-1-2] DEBUG org.asynchttpclient.netty.channel.NettyConnectListener - Using new Channel '[id: 0x188bc693, L:/127.0.0.1:50654 - R:localhost/127.0.0.1:50647]' for 'GET' to '/devtools/browser/52e92bea-7cb4-47ec-aa0e-ef8d782eca7f'
16:31:39.110 [AsyncHttpClient-1-2] DEBUG org.asynchttpclient.netty.handler.WebSocketHandler - 

Request DefaultFullHttpRequest(decodeResult: success, version: HTTP/1.1, content: EmptyByteBufBE)
GET /devtools/browser/52e92bea-7cb4-47ec-aa0e-ef8d782eca7f HTTP/1.1
upgrade: websocket
connection: upgrade
sec-websocket-key: frvtjQz1tJJwgPbtwzfBbg==
sec-websocket-version: 13
origin: http://localhost:50647
host: localhost:50647
accept: */*
user-agent: AHC/2.1

Response DefaultHttpResponse(decodeResult: success, version: HTTP/1.1)
HTTP/1.1 101 WebSocket Protocol Handshake
Upgrade: WebSocket
Connection: Upgrade
Sec-WebSocket-Accept: yF4Qyu2/WK3rEQyUr3iYoesgwdw=

16:31:39.125 [Forwarding maximizeCurrentWindow on session fb8462dbe64bf1d24306653d1b0b87e1 to remote] DEBUG org.asynchttpclient.netty.request.NettyRequestSender - Using pooled Channel '[id: 0x1ecfe86f, L:/127.0.0.1:50645 - R:localhost/127.0.0.1:52988]' for 'POST' to 'http://localhost:52988/session/fb8462dbe64bf1d24306653d1b0b87e1/window/maximize'
16:31:39.125 [Forwarding maximizeCurrentWindow on session fb8462dbe64bf1d24306653d1b0b87e1 to remote] DEBUG org.asynchttpclient.netty.request.NettyRequestSender - Using open Channel [id: 0x1ecfe86f, L:/127.0.0.1:50645 - R:localhost/127.0.0.1:52988] for POST '/session/fb8462dbe64bf1d24306653d1b0b87e1/window/maximize'
16:31:39.270 [AsyncHttpClient-1-8] DEBUG org.asynchttpclient.netty.handler.HttpHandler - 

Request DefaultHttpRequest(decodeResult: success, version: HTTP/1.1)
POST /session/fb8462dbe64bf1d24306653d1b0b87e1/window/maximize HTTP/1.1
User-Agent: selenium/4.1.2 (java windows)
Content-Length: 3
Content-Type: application/json; charset=utf-8
host: localhost:52988
accept: */*

Response DefaultHttpResponse(decodeResult: success, version: HTTP/1.1)
HTTP/1.1 200 OK
Content-Type: application/json; charset=utf-8
cache-control: no-cache
content-length: 51

16:31:39.271 [AsyncHttpClient-1-8] DEBUG org.asynchttpclient.netty.channel.ChannelManager - Adding key: http://localhost:52988 for channel [id: 0x1ecfe86f, L:/127.0.0.1:50645 - R:localhost/127.0.0.1:52988]
16:31:39.275 [Forwarding get on session fb8462dbe64bf1d24306653d1b0b87e1 to remote] DEBUG org.asynchttpclient.netty.request.NettyRequestSender - Using pooled Channel '[id: 0x1ecfe86f, L:/127.0.0.1:50645 - R:localhost/127.0.0.1:52988]' for 'POST' to 'http://localhost:52988/session/fb8462dbe64bf1d24306653d1b0b87e1/url'
16:31:39.297 [Forwarding get on session fb8462dbe64bf1d24306653d1b0b87e1 to remote] DEBUG org.asynchttpclient.netty.request.NettyRequestSender - Using open Channel [id: 0x1ecfe86f, L:/127.0.0.1:50645 - R:localhost/127.0.0.1:52988] for POST '/session/fb8462dbe64bf1d24306653d1b0b87e1/url'
16:31:39.837 [AsyncHttpClient-1-1] DEBUG org.asynchttpclient.netty.channel.DefaultChannelPool - Entry count for : http://localhost:50647 : 1
16:31:40.938 [AsyncHttpClient-1-1] DEBUG org.asynchttpclient.netty.channel.DefaultChannelPool - Entry count for : http://localhost:50647 : 1
16:31:42.038 [AsyncHttpClient-1-1] DEBUG org.asynchttpclient.netty.channel.DefaultChannelPool - Entry count for : http://localhost:50647 : 1
16:31:43.137 [AsyncHttpClient-1-1] DEBUG org.asynchttpclient.netty.channel.DefaultChannelPool - Entry count for : http://localhost:50647 : 1
16:31:44.237 [AsyncHttpClient-1-1] DEBUG org.asynchttpclient.netty.channel.DefaultChannelPool - Entry count for : http://localhost:50647 : 1
16:31:45.337 [AsyncHttpClient-1-1] DEBUG org.asynchttpclient.netty.channel.DefaultChannelPool - Entry count for : http://localhost:50647 : 1
16:31:46.438 [AsyncHttpClient-1-1] DEBUG org.asynchttpclient.netty.channel.DefaultChannelPool - Entry count for : http://localhost:50647 : 1
16:31:47.537 [AsyncHttpClient-1-1] DEBUG org.asynchttpclient.netty.channel.DefaultChannelPool - Entry count for : http://localhost:50647 : 1
16:31:47.815 [AsyncHttpClient-1-8] DEBUG org.asynchttpclient.netty.handler.HttpHandler - 

Request DefaultHttpRequest(decodeResult: success, version: HTTP/1.1)
POST /session/fb8462dbe64bf1d24306653d1b0b87e1/url HTTP/1.1
User-Agent: selenium/4.1.2 (java windows)
Content-Length: 65
Content-Type: application/json; charset=utf-8
host: localhost:52988
accept: */*

Response DefaultHttpResponse(decodeResult: success, version: HTTP/1.1)
HTTP/1.1 200 OK
Content-Type: application/json; charset=utf-8
cache-control: no-cache
content-length: 14

16:31:47.816 [AsyncHttpClient-1-8] DEBUG org.asynchttpclient.netty.channel.ChannelManager - Adding key: http://localhost:52988 for channel [id: 0x1ecfe86f, L:/127.0.0.1:50645 - R:localhost/127.0.0.1:52988]
16:31:47.818 [Forwarding setTimeout on session fb8462dbe64bf1d24306653d1b0b87e1 to remote] DEBUG org.asynchttpclient.netty.request.NettyRequestSender - Using pooled Channel '[id: 0x1ecfe86f, L:/127.0.0.1:50645 - R:localhost/127.0.0.1:52988]' for 'POST' to 'http://localhost:52988/session/fb8462dbe64bf1d24306653d1b0b87e1/timeouts'
16:31:47.818 [Forwarding setTimeout on session fb8462dbe64bf1d24306653d1b0b87e1 to remote] DEBUG org.asynchttpclient.netty.request.NettyRequestSender - Using open Channel [id: 0x1ecfe86f, L:/127.0.0.1:50645 - R:localhost/127.0.0.1:52988] for POST '/session/fb8462dbe64bf1d24306653d1b0b87e1/timeouts'
16:31:47.838 [AsyncHttpClient-1-8] DEBUG org.asynchttpclient.netty.handler.HttpHandler - 

Request DefaultHttpRequest(decodeResult: success, version: HTTP/1.1)
POST /session/fb8462dbe64bf1d24306653d1b0b87e1/timeouts HTTP/1.1
User-Agent: selenium/4.1.2 (java windows)
Content-Length: 22
Content-Type: application/json; charset=utf-8
host: localhost:52988
accept: */*

Response DefaultHttpResponse(decodeResult: success, version: HTTP/1.1)
HTTP/1.1 200 OK
Content-Type: application/json; charset=utf-8
cache-control: no-cache
content-length: 14

16:31:47.838 [AsyncHttpClient-1-8] DEBUG org.asynchttpclient.netty.channel.ChannelManager - Adding key: http://localhost:52988 for channel [id: 0x1ecfe86f, L:/127.0.0.1:50645 - R:localhost/127.0.0.1:52988]
16:31:47.841 [Forwarding getCurrentUrl on session fb8462dbe64bf1d24306653d1b0b87e1 to remote] DEBUG org.asynchttpclient.netty.request.NettyRequestSender - Using pooled Channel '[id: 0x1ecfe86f, L:/127.0.0.1:50645 - R:localhost/127.0.0.1:52988]' for 'GET' to 'http://localhost:52988/session/fb8462dbe64bf1d24306653d1b0b87e1/url'
16:31:47.841 [Forwarding getCurrentUrl on session fb8462dbe64bf1d24306653d1b0b87e1 to remote] DEBUG org.asynchttpclient.netty.request.NettyRequestSender - Using open Channel [id: 0x1ecfe86f, L:/127.0.0.1:50645 - R:localhost/127.0.0.1:52988] for GET '/session/fb8462dbe64bf1d24306653d1b0b87e1/url'
16:31:47.936 [AsyncHttpClient-1-8] DEBUG org.asynchttpclient.netty.handler.HttpHandler - 

Request DefaultFullHttpRequest(decodeResult: success, version: HTTP/1.1, content: EmptyByteBufBE)
GET /session/fb8462dbe64bf1d24306653d1b0b87e1/url HTTP/1.1
User-Agent: selenium/4.1.2 (java windows)
Cache-Control: no-cache
Content-Type: application/json; charset=utf-8
host: localhost:52988
accept: */*

Response DefaultHttpResponse(decodeResult: success, version: HTTP/1.1)
HTTP/1.1 200 OK
Content-Type: application/json; charset=utf-8
cache-control: no-cache
content-length: 53

16:31:47.936 [AsyncHttpClient-1-8] DEBUG org.asynchttpclient.netty.channel.ChannelManager - Adding key: http://localhost:52988 for channel [id: 0x1ecfe86f, L:/127.0.0.1:50645 - R:localhost/127.0.0.1:52988]
16:31:47.940 [Forwarding getCurrentUrl on session fb8462dbe64bf1d24306653d1b0b87e1 to remote] DEBUG org.asynchttpclient.netty.request.NettyRequestSender - Using pooled Channel '[id: 0x1ecfe86f, L:/127.0.0.1:50645 - R:localhost/127.0.0.1:52988]' for 'GET' to 'http://localhost:52988/session/fb8462dbe64bf1d24306653d1b0b87e1/url'
16:31:47.940 [Forwarding getCurrentUrl on session fb8462dbe64bf1d24306653d1b0b87e1 to remote] DEBUG org.asynchttpclient.netty.request.NettyRequestSender - Using open Channel [id: 0x1ecfe86f, L:/127.0.0.1:50645 - R:localhost/127.0.0.1:52988] for GET '/session/fb8462dbe64bf1d24306653d1b0b87e1/url'
16:31:47.945 [AsyncHttpClient-1-8] DEBUG org.asynchttpclient.netty.handler.HttpHandler - 

Request DefaultFullHttpRequest(decodeResult: success, version: HTTP/1.1, content: EmptyByteBufBE)
GET /session/fb8462dbe64bf1d24306653d1b0b87e1/url HTTP/1.1
User-Agent: selenium/4.1.2 (java windows)
Cache-Control: no-cache
Content-Type: application/json; charset=utf-8
host: localhost:52988
accept: */*

Response DefaultHttpResponse(decodeResult: success, version: HTTP/1.1)
HTTP/1.1 200 OK
Content-Type: application/json; charset=utf-8
cache-control: no-cache
content-length: 53

16:31:47.945 [AsyncHttpClient-1-8] DEBUG org.asynchttpclient.netty.channel.ChannelManager - Adding key: http://localhost:52988 for channel [id: 0x1ecfe86f, L:/127.0.0.1:50645 - R:localhost/127.0.0.1:52988]
16:31:47.953 [Forwarding screenshot on session fb8462dbe64bf1d24306653d1b0b87e1 to remote] DEBUG org.asynchttpclient.netty.request.NettyRequestSender - Using pooled Channel '[id: 0x1ecfe86f, L:/127.0.0.1:50645 - R:localhost/127.0.0.1:52988]' for 'GET' to 'http://localhost:52988/session/fb8462dbe64bf1d24306653d1b0b87e1/screenshot'
16:31:47.953 [Forwarding screenshot on session fb8462dbe64bf1d24306653d1b0b87e1 to remote] DEBUG org.asynchttpclient.netty.request.NettyRequestSender - Using open Channel [id: 0x1ecfe86f, L:/127.0.0.1:50645 - R:localhost/127.0.0.1:52988] for GET '/session/fb8462dbe64bf1d24306653d1b0b87e1/screenshot'
16:31:48.280 [AsyncHttpClient-1-8] DEBUG org.asynchttpclient.netty.handler.HttpHandler - 

Request DefaultFullHttpRequest(decodeResult: success, version: HTTP/1.1, content: EmptyByteBufBE)
GET /session/fb8462dbe64bf1d24306653d1b0b87e1/screenshot HTTP/1.1
User-Agent: selenium/4.1.2 (java windows)
Cache-Control: no-cache
Content-Type: application/json; charset=utf-8
host: localhost:52988
accept: */*

Response DefaultHttpResponse(decodeResult: success, version: HTTP/1.1)
HTTP/1.1 200 OK
Content-Type: application/json; charset=utf-8
cache-control: no-cache
content-length: 351816

16:31:48.284 [AsyncHttpClient-1-8] DEBUG org.asynchttpclient.netty.channel.ChannelManager - Adding key: http://localhost:52988 for channel [id: 0x1ecfe86f, L:/127.0.0.1:50645 - R:localhost/127.0.0.1:52988]
16:31:48.306 [main] DEBUG net.serenitybdd.core.photography.Darkroom - Send negative for processing for target\site\serenity\20277f1d76f1b925628464fcd1ece5de77a814679d1be3fdcf836a7ddadfed60.png
16:31:48.306 [main] DEBUG net.thucydides.core.steps.StepInterceptor - STEP DONE: openUrl
16:31:48.318 [main] DEBUG net.thucydides.core.steps.StepInterceptor - STARTING STEP: DashboardSteps.iAmOnTheDashboardPage - validateOnDashboardPage
16:31:48.322 [Forwarding findElement on session fb8462dbe64bf1d24306653d1b0b87e1 to remote] DEBUG org.asynchttpclient.netty.request.NettyRequestSender - Using pooled Channel '[id: 0x1ecfe86f, L:/127.0.0.1:50645 - R:localhost/127.0.0.1:52988]' for 'POST' to 'http://localhost:52988/session/fb8462dbe64bf1d24306653d1b0b87e1/element'
16:31:48.322 [Forwarding findElement on session fb8462dbe64bf1d24306653d1b0b87e1 to remote] DEBUG org.asynchttpclient.netty.request.NettyRequestSender - Using open Channel [id: 0x1ecfe86f, L:/127.0.0.1:50645 - R:localhost/127.0.0.1:52988] for POST '/session/fb8462dbe64bf1d24306653d1b0b87e1/element'
16:31:48.354 [AsyncHttpClient-1-8] DEBUG org.asynchttpclient.netty.handler.HttpHandler - 

Request DefaultHttpRequest(decodeResult: success, version: HTTP/1.1)
POST /session/fb8462dbe64bf1d24306653d1b0b87e1/element HTTP/1.1
User-Agent: selenium/4.1.2 (java windows)
Content-Length: 81
Content-Type: application/json; charset=utf-8
host: localhost:52988
accept: */*

Response DefaultHttpResponse(decodeResult: success, version: HTTP/1.1)
HTTP/1.1 200 OK
Content-Type: application/json; charset=utf-8
cache-control: no-cache
content-length: 88

16:31:48.355 [AsyncHttpClient-1-8] DEBUG org.asynchttpclient.netty.channel.ChannelManager - Adding key: http://localhost:52988 for channel [id: 0x1ecfe86f, L:/127.0.0.1:50645 - R:localhost/127.0.0.1:52988]
16:31:48.360 [Forwarding isElementDisplayed on session fb8462dbe64bf1d24306653d1b0b87e1 to remote] DEBUG org.asynchttpclient.netty.request.NettyRequestSender - Using pooled Channel '[id: 0x1ecfe86f, L:/127.0.0.1:50645 - R:localhost/127.0.0.1:52988]' for 'POST' to 'http://localhost:52988/session/fb8462dbe64bf1d24306653d1b0b87e1/execute/sync'
16:31:48.360 [Forwarding isElementDisplayed on session fb8462dbe64bf1d24306653d1b0b87e1 to remote] DEBUG org.asynchttpclient.netty.request.NettyRequestSender - Using open Channel [id: 0x1ecfe86f, L:/127.0.0.1:50645 - R:localhost/127.0.0.1:52988] for POST '/session/fb8462dbe64bf1d24306653d1b0b87e1/execute/sync'
16:31:48.408 [AsyncHttpClient-1-8] DEBUG org.asynchttpclient.netty.handler.HttpHandler - 

Request DefaultHttpRequest(decodeResult: success, version: HTTP/1.1)
POST /session/fb8462dbe64bf1d24306653d1b0b87e1/execute/sync HTTP/1.1
User-Agent: selenium/4.1.2 (java windows)
Content-Length: 48780
Content-Type: application/json; charset=utf-8
host: localhost:52988
accept: */*

Response DefaultHttpResponse(decodeResult: success, version: HTTP/1.1)
HTTP/1.1 200 OK
Content-Type: application/json; charset=utf-8
cache-control: no-cache
content-length: 14

16:31:48.409 [AsyncHttpClient-1-8] DEBUG org.asynchttpclient.netty.channel.ChannelManager - Adding key: http://localhost:52988 for channel [id: 0x1ecfe86f, L:/127.0.0.1:50645 - R:localhost/127.0.0.1:52988]
16:31:48.415 [Forwarding screenshot on session fb8462dbe64bf1d24306653d1b0b87e1 to remote] DEBUG org.asynchttpclient.netty.request.NettyRequestSender - Using pooled Channel '[id: 0x1ecfe86f, L:/127.0.0.1:50645 - R:localhost/127.0.0.1:52988]' for 'GET' to 'http://localhost:52988/session/fb8462dbe64bf1d24306653d1b0b87e1/screenshot'
16:31:48.415 [Forwarding screenshot on session fb8462dbe64bf1d24306653d1b0b87e1 to remote] DEBUG org.asynchttpclient.netty.request.NettyRequestSender - Using open Channel [id: 0x1ecfe86f, L:/127.0.0.1:50645 - R:localhost/127.0.0.1:52988] for GET '/session/fb8462dbe64bf1d24306653d1b0b87e1/screenshot'
16:31:48.636 [AsyncHttpClient-1-1] DEBUG org.asynchttpclient.netty.channel.DefaultChannelPool - Entry count for : http://localhost:50647 : 1
16:31:48.658 [AsyncHttpClient-1-8] DEBUG org.asynchttpclient.netty.handler.HttpHandler - 

Request DefaultFullHttpRequest(decodeResult: success, version: HTTP/1.1, content: EmptyByteBufBE)
GET /session/fb8462dbe64bf1d24306653d1b0b87e1/screenshot HTTP/1.1
User-Agent: selenium/4.1.2 (java windows)
Cache-Control: no-cache
Content-Type: application/json; charset=utf-8
host: localhost:52988
accept: */*

Response DefaultHttpResponse(decodeResult: success, version: HTTP/1.1)
HTTP/1.1 200 OK
Content-Type: application/json; charset=utf-8
cache-control: no-cache
content-length: 351816

16:31:48.875 [AsyncHttpClient-1-8] DEBUG org.asynchttpclient.netty.channel.ChannelManager - Adding key: http://localhost:52988 for channel [id: 0x1ecfe86f, L:/127.0.0.1:50645 - R:localhost/127.0.0.1:52988]
16:31:48.923 [main] DEBUG net.serenitybdd.core.photography.Darkroom - Send negative for processing for target\site\serenity\20277f1d76f1b925628464fcd1ece5de77a814679d1be3fdcf836a7ddadfed60.png
16:31:48.924 [main] DEBUG net.thucydides.core.steps.StepInterceptor - STEP DONE: validateOnDashboardPage
  &amp#27;[32mGiven &amp#27;[0m&amp#27;[32mI am on the dashboard page&amp#27;[0m                                             &amp#27;[90m# starter.stepdefinitions.DashboardSteps.iAmOnTheDashboardPage()&amp#27;[0m
16:31:48.955 [main] DEBUG net.thucydides.core.steps.StepInterceptor - STARTING STEP: AppointmentSteps.iClickMenuAppointment - clickMenuAppointmentButton
16:31:48.963 [Forwarding findElement on session fb8462dbe64bf1d24306653d1b0b87e1 to remote] DEBUG org.asynchttpclient.netty.request.NettyRequestSender - Using pooled Channel '[id: 0x1ecfe86f, L:/127.0.0.1:50645 - R:localhost/127.0.0.1:52988]' for 'POST' to 'http://localhost:52988/session/fb8462dbe64bf1d24306653d1b0b87e1/element'
16:31:48.963 [Forwarding findElement on session fb8462dbe64bf1d24306653d1b0b87e1 to remote] DEBUG org.asynchttpclient.netty.request.NettyRequestSender - Using open Channel [id: 0x1ecfe86f, L:/127.0.0.1:50645 - R:localhost/127.0.0.1:52988] for POST '/session/fb8462dbe64bf1d24306653d1b0b87e1/element'
16:31:48.993 [AsyncHttpClient-1-8] DEBUG org.asynchttpclient.netty.handler.HttpHandler - 

Request DefaultHttpRequest(decodeResult: success, version: HTTP/1.1)
POST /session/fb8462dbe64bf1d24306653d1b0b87e1/element HTTP/1.1
User-Agent: selenium/4.1.2 (java windows)
Content-Length: 84
Content-Type: application/json; charset=utf-8
host: localhost:52988
accept: */*

Response DefaultHttpResponse(decodeResult: success, version: HTTP/1.1)
HTTP/1.1 200 OK
Content-Type: application/json; charset=utf-8
cache-control: no-cache
content-length: 88

16:31:48.993 [AsyncHttpClient-1-8] DEBUG org.asynchttpclient.netty.channel.ChannelManager - Adding key: http://localhost:52988 for channel [id: 0x1ecfe86f, L:/127.0.0.1:50645 - R:localhost/127.0.0.1:52988]
16:31:48.995 [Forwarding getElementTagName on session fb8462dbe64bf1d24306653d1b0b87e1 to remote] DEBUG org.asynchttpclient.netty.request.NettyRequestSender - Using pooled Channel '[id: 0x1ecfe86f, L:/127.0.0.1:50645 - R:localhost/127.0.0.1:52988]' for 'GET' to 'http://localhost:52988/session/fb8462dbe64bf1d24306653d1b0b87e1/element/eb1ee58e-2630-4244-a2e1-516677e4b912/name'
16:31:48.995 [Forwarding getElementTagName on session fb8462dbe64bf1d24306653d1b0b87e1 to remote] DEBUG org.asynchttpclient.netty.request.NettyRequestSender - Using open Channel [id: 0x1ecfe86f, L:/127.0.0.1:50645 - R:localhost/127.0.0.1:52988] for GET '/session/fb8462dbe64bf1d24306653d1b0b87e1/element/eb1ee58e-2630-4244-a2e1-516677e4b912/name'
16:31:49.000 [AsyncHttpClient-1-8] DEBUG org.asynchttpclient.netty.handler.HttpHandler - 

Request DefaultFullHttpRequest(decodeResult: success, version: HTTP/1.1, content: EmptyByteBufBE)
GET /session/fb8462dbe64bf1d24306653d1b0b87e1/element/eb1ee58e-2630-4244-a2e1-516677e4b912/name HTTP/1.1
User-Agent: selenium/4.1.2 (java windows)
Cache-Control: no-cache
Content-Type: application/json; charset=utf-8
host: localhost:52988
accept: */*

Response DefaultHttpResponse(decodeResult: success, version: HTTP/1.1)
HTTP/1.1 200 OK
Content-Type: application/json; charset=utf-8
cache-control: no-cache
content-length: 15

16:31:49.001 [AsyncHttpClient-1-8] DEBUG org.asynchttpclient.netty.channel.ChannelManager - Adding key: http://localhost:52988 for channel [id: 0x1ecfe86f, L:/127.0.0.1:50645 - R:localhost/127.0.0.1:52988]
16:31:49.003 [Forwarding getElementTagName on session fb8462dbe64bf1d24306653d1b0b87e1 to remote] DEBUG org.asynchttpclient.netty.request.NettyRequestSender - Using pooled Channel '[id: 0x1ecfe86f, L:/127.0.0.1:50645 - R:localhost/127.0.0.1:52988]' for 'GET' to 'http://localhost:52988/session/fb8462dbe64bf1d24306653d1b0b87e1/element/eb1ee58e-2630-4244-a2e1-516677e4b912/name'
16:31:49.003 [Forwarding getElementTagName on session fb8462dbe64bf1d24306653d1b0b87e1 to remote] DEBUG org.asynchttpclient.netty.request.NettyRequestSender - Using open Channel [id: 0x1ecfe86f, L:/127.0.0.1:50645 - R:localhost/127.0.0.1:52988] for GET '/session/fb8462dbe64bf1d24306653d1b0b87e1/element/eb1ee58e-2630-4244-a2e1-516677e4b912/name'
16:31:49.008 [AsyncHttpClient-1-8] DEBUG org.asynchttpclient.netty.handler.HttpHandler - 

Request DefaultFullHttpRequest(decodeResult: success, version: HTTP/1.1, content: EmptyByteBufBE)
GET /session/fb8462dbe64bf1d24306653d1b0b87e1/element/eb1ee58e-2630-4244-a2e1-516677e4b912/name HTTP/1.1
User-Agent: selenium/4.1.2 (java windows)
Cache-Control: no-cache
Content-Type: application/json; charset=utf-8
host: localhost:52988
accept: */*

Response DefaultHttpResponse(decodeResult: success, version: HTTP/1.1)
HTTP/1.1 200 OK
Content-Type: application/json; charset=utf-8
cache-control: no-cache
content-length: 15

16:31:49.008 [AsyncHttpClient-1-8] DEBUG org.asynchttpclient.netty.channel.ChannelManager - Adding key: http://localhost:52988 for channel [id: 0x1ecfe86f, L:/127.0.0.1:50645 - R:localhost/127.0.0.1:52988]
16:31:49.017 [Forwarding findElement on session fb8462dbe64bf1d24306653d1b0b87e1 to remote] DEBUG org.asynchttpclient.netty.request.NettyRequestSender - Using pooled Channel '[id: 0x1ecfe86f, L:/127.0.0.1:50645 - R:localhost/127.0.0.1:52988]' for 'POST' to 'http://localhost:52988/session/fb8462dbe64bf1d24306653d1b0b87e1/element'
16:31:49.017 [Forwarding findElement on session fb8462dbe64bf1d24306653d1b0b87e1 to remote] DEBUG org.asynchttpclient.netty.request.NettyRequestSender - Using open Channel [id: 0x1ecfe86f, L:/127.0.0.1:50645 - R:localhost/127.0.0.1:52988] for POST '/session/fb8462dbe64bf1d24306653d1b0b87e1/element'
16:31:49.032 [AsyncHttpClient-1-8] DEBUG org.asynchttpclient.netty.handler.HttpHandler - 

Request DefaultHttpRequest(decodeResult: success, version: HTTP/1.1)
POST /session/fb8462dbe64bf1d24306653d1b0b87e1/element HTTP/1.1
User-Agent: selenium/4.1.2 (java windows)
Content-Length: 84
Content-Type: application/json; charset=utf-8
host: localhost:52988
accept: */*

Response DefaultHttpResponse(decodeResult: success, version: HTTP/1.1)
HTTP/1.1 200 OK
Content-Type: application/json; charset=utf-8
cache-control: no-cache
content-length: 88

16:31:49.032 [AsyncHttpClient-1-8] DEBUG org.asynchttpclient.netty.channel.ChannelManager - Adding key: http://localhost:52988 for channel [id: 0x1ecfe86f, L:/127.0.0.1:50645 - R:localhost/127.0.0.1:52988]
16:31:49.034 [Forwarding clickElement on session fb8462dbe64bf1d24306653d1b0b87e1 to remote] DEBUG org.asynchttpclient.netty.request.NettyRequestSender - Using pooled Channel '[id: 0x1ecfe86f, L:/127.0.0.1:50645 - R:localhost/127.0.0.1:52988]' for 'POST' to 'http://localhost:52988/session/fb8462dbe64bf1d24306653d1b0b87e1/element/eb1ee58e-2630-4244-a2e1-516677e4b912/click'
16:31:49.034 [Forwarding clickElement on session fb8462dbe64bf1d24306653d1b0b87e1 to remote] DEBUG org.asynchttpclient.netty.request.NettyRequestSender - Using open Channel [id: 0x1ecfe86f, L:/127.0.0.1:50645 - R:localhost/127.0.0.1:52988] for POST '/session/fb8462dbe64bf1d24306653d1b0b87e1/element/eb1ee58e-2630-4244-a2e1-516677e4b912/click'
16:31:49.262 [AsyncHttpClient-1-8] DEBUG org.asynchttpclient.netty.handler.HttpHandler - 

Request DefaultHttpRequest(decodeResult: success, version: HTTP/1.1)
POST /session/fb8462dbe64bf1d24306653d1b0b87e1/element/eb1ee58e-2630-4244-a2e1-516677e4b912/click HTTP/1.1
User-Agent: selenium/4.1.2 (java windows)
Content-Length: 50
Content-Type: application/json; charset=utf-8
host: localhost:52988
accept: */*

Response DefaultHttpResponse(decodeResult: success, version: HTTP/1.1)
HTTP/1.1 200 OK
Content-Type: application/json; charset=utf-8
cache-control: no-cache
content-length: 14

16:31:49.263 [AsyncHttpClient-1-8] DEBUG org.asynchttpclient.netty.channel.ChannelManager - Adding key: http://localhost:52988 for channel [id: 0x1ecfe86f, L:/127.0.0.1:50645 - R:localhost/127.0.0.1:52988]
16:31:49.273 [Forwarding screenshot on session fb8462dbe64bf1d24306653d1b0b87e1 to remote] DEBUG org.asynchttpclient.netty.request.NettyRequestSender - Using pooled Channel '[id: 0x1ecfe86f, L:/127.0.0.1:50645 - R:localhost/127.0.0.1:52988]' for 'GET' to 'http://localhost:52988/session/fb8462dbe64bf1d24306653d1b0b87e1/screenshot'
16:31:49.273 [Forwarding screenshot on session fb8462dbe64bf1d24306653d1b0b87e1 to remote] DEBUG org.asynchttpclient.netty.request.NettyRequestSender - Using open Channel [id: 0x1ecfe86f, L:/127.0.0.1:50645 - R:localhost/127.0.0.1:52988] for GET '/session/fb8462dbe64bf1d24306653d1b0b87e1/screenshot'
16:31:49.384 [AsyncHttpClient-1-8] DEBUG org.asynchttpclient.netty.handler.HttpHandler - 

Request DefaultFullHttpRequest(decodeResult: success, version: HTTP/1.1, content: EmptyByteBufBE)
GET /session/fb8462dbe64bf1d24306653d1b0b87e1/screenshot HTTP/1.1
User-Agent: selenium/4.1.2 (java windows)
Cache-Control: no-cache
Content-Type: application/json; charset=utf-8
host: localhost:52988
accept: */*

Response DefaultHttpResponse(decodeResult: success, version: HTTP/1.1)
HTTP/1.1 200 OK
Content-Type: application/json; charset=utf-8
cache-control: no-cache
content-length: 77776

16:31:49.385 [AsyncHttpClient-1-8] DEBUG org.asynchttpclient.netty.channel.ChannelManager - Adding key: http://localhost:52988 for channel [id: 0x1ecfe86f, L:/127.0.0.1:50645 - R:localhost/127.0.0.1:52988]
16:31:49.390 [main] DEBUG net.serenitybdd.core.photography.Darkroom - Send negative for processing for target\site\serenity\dde6ee49eef829c4844cc40a8aaa4d6e912eaee4e88eb74d4e912a38905c5f6b.png
16:31:49.390 [main] DEBUG net.thucydides.core.steps.StepInterceptor - STEP DONE: clickMenuAppointmentButton
  &amp#27;[32mAnd &amp#27;[0m&amp#27;[32mI click menu Appointment&amp#27;[0m                                                 &amp#27;[90m# starter.stepdefinitions.AppointmentSteps.iClickMenuAppointment()&amp#27;[0m
16:31:49.408 [main] DEBUG net.thucydides.core.steps.StepInterceptor - STARTING STEP: AppointmentSteps.iClickAppointmentDepartmentDropdown - clickFilterDropdown
16:31:49.411 [Forwarding findElement on session fb8462dbe64bf1d24306653d1b0b87e1 to remote] DEBUG org.asynchttpclient.netty.request.NettyRequestSender - Using pooled Channel '[id: 0x1ecfe86f, L:/127.0.0.1:50645 - R:localhost/127.0.0.1:52988]' for 'POST' to 'http://localhost:52988/session/fb8462dbe64bf1d24306653d1b0b87e1/element'
16:31:49.411 [Forwarding findElement on session fb8462dbe64bf1d24306653d1b0b87e1 to remote] DEBUG org.asynchttpclient.netty.request.NettyRequestSender - Using open Channel [id: 0x1ecfe86f, L:/127.0.0.1:50645 - R:localhost/127.0.0.1:52988] for POST '/session/fb8462dbe64bf1d24306653d1b0b87e1/element'
16:31:49.427 [AsyncHttpClient-1-8] DEBUG org.asynchttpclient.netty.handler.HttpHandler - 

Request DefaultHttpRequest(decodeResult: success, version: HTTP/1.1)
POST /session/fb8462dbe64bf1d24306653d1b0b87e1/element HTTP/1.1
User-Agent: selenium/4.1.2 (java windows)
Content-Length: 146
Content-Type: application/json; charset=utf-8
host: localhost:52988
accept: */*

Response DefaultHttpResponse(decodeResult: success, version: HTTP/1.1)
HTTP/1.1 200 OK
Content-Type: application/json; charset=utf-8
cache-control: no-cache
content-length: 88

16:31:49.427 [AsyncHttpClient-1-8] DEBUG org.asynchttpclient.netty.channel.ChannelManager - Adding key: http://localhost:52988 for channel [id: 0x1ecfe86f, L:/127.0.0.1:50645 - R:localhost/127.0.0.1:52988]
16:31:49.429 [Forwarding getElementTagName on session fb8462dbe64bf1d24306653d1b0b87e1 to remote] DEBUG org.asynchttpclient.netty.request.NettyRequestSender - Using pooled Channel '[id: 0x1ecfe86f, L:/127.0.0.1:50645 - R:localhost/127.0.0.1:52988]' for 'GET' to 'http://localhost:52988/session/fb8462dbe64bf1d24306653d1b0b87e1/element/6d1a1d4e-b08d-4e50-b460-54ff1a9fd0a5/name'
16:31:49.429 [Forwarding getElementTagName on session fb8462dbe64bf1d24306653d1b0b87e1 to remote] DEBUG org.asynchttpclient.netty.request.NettyRequestSender - Using open Channel [id: 0x1ecfe86f, L:/127.0.0.1:50645 - R:localhost/127.0.0.1:52988] for GET '/session/fb8462dbe64bf1d24306653d1b0b87e1/element/6d1a1d4e-b08d-4e50-b460-54ff1a9fd0a5/name'
16:31:49.435 [AsyncHttpClient-1-8] DEBUG org.asynchttpclient.netty.handler.HttpHandler - 

Request DefaultFullHttpRequest(decodeResult: success, version: HTTP/1.1, content: EmptyByteBufBE)
GET /session/fb8462dbe64bf1d24306653d1b0b87e1/element/6d1a1d4e-b08d-4e50-b460-54ff1a9fd0a5/name HTTP/1.1
User-Agent: selenium/4.1.2 (java windows)
Cache-Control: no-cache
Content-Type: application/json; charset=utf-8
host: localhost:52988
accept: */*

Response DefaultHttpResponse(decodeResult: success, version: HTTP/1.1)
HTTP/1.1 200 OK
Content-Type: application/json; charset=utf-8
cache-control: no-cache
content-length: 15

16:31:49.435 [AsyncHttpClient-1-8] DEBUG org.asynchttpclient.netty.channel.ChannelManager - Adding key: http://localhost:52988 for channel [id: 0x1ecfe86f, L:/127.0.0.1:50645 - R:localhost/127.0.0.1:52988]
16:31:49.437 [Forwarding getElementTagName on session fb8462dbe64bf1d24306653d1b0b87e1 to remote] DEBUG org.asynchttpclient.netty.request.NettyRequestSender - Using pooled Channel '[id: 0x1ecfe86f, L:/127.0.0.1:50645 - R:localhost/127.0.0.1:52988]' for 'GET' to 'http://localhost:52988/session/fb8462dbe64bf1d24306653d1b0b87e1/element/6d1a1d4e-b08d-4e50-b460-54ff1a9fd0a5/name'
16:31:49.437 [Forwarding getElementTagName on session fb8462dbe64bf1d24306653d1b0b87e1 to remote] DEBUG org.asynchttpclient.netty.request.NettyRequestSender - Using open Channel [id: 0x1ecfe86f, L:/127.0.0.1:50645 - R:localhost/127.0.0.1:52988] for GET '/session/fb8462dbe64bf1d24306653d1b0b87e1/element/6d1a1d4e-b08d-4e50-b460-54ff1a9fd0a5/name'
16:31:49.441 [AsyncHttpClient-1-8] DEBUG org.asynchttpclient.netty.handler.HttpHandler - 

Request DefaultFullHttpRequest(decodeResult: success, version: HTTP/1.1, content: EmptyByteBufBE)
GET /session/fb8462dbe64bf1d24306653d1b0b87e1/element/6d1a1d4e-b08d-4e50-b460-54ff1a9fd0a5/name HTTP/1.1
User-Agent: selenium/4.1.2 (java windows)
Cache-Control: no-cache
Content-Type: application/json; charset=utf-8
host: localhost:52988
accept: */*

Response DefaultHttpResponse(decodeResult: success, version: HTTP/1.1)
HTTP/1.1 200 OK
Content-Type: application/json; charset=utf-8
cache-control: no-cache
content-length: 15

16:31:49.441 [AsyncHttpClient-1-8] DEBUG org.asynchttpclient.netty.channel.ChannelManager - Adding key: http://localhost:52988 for channel [id: 0x1ecfe86f, L:/127.0.0.1:50645 - R:localhost/127.0.0.1:52988]
16:31:49.444 [Forwarding findElement on session fb8462dbe64bf1d24306653d1b0b87e1 to remote] DEBUG org.asynchttpclient.netty.request.NettyRequestSender - Using pooled Channel '[id: 0x1ecfe86f, L:/127.0.0.1:50645 - R:localhost/127.0.0.1:52988]' for 'POST' to 'http://localhost:52988/session/fb8462dbe64bf1d24306653d1b0b87e1/element'
16:31:49.444 [Forwarding findElement on session fb8462dbe64bf1d24306653d1b0b87e1 to remote] DEBUG org.asynchttpclient.netty.request.NettyRequestSender - Using open Channel [id: 0x1ecfe86f, L:/127.0.0.1:50645 - R:localhost/127.0.0.1:52988] for POST '/session/fb8462dbe64bf1d24306653d1b0b87e1/element'
16:31:49.453 [AsyncHttpClient-1-8] DEBUG org.asynchttpclient.netty.handler.HttpHandler - 

Request DefaultHttpRequest(decodeResult: success, version: HTTP/1.1)
POST /session/fb8462dbe64bf1d24306653d1b0b87e1/element HTTP/1.1
User-Agent: selenium/4.1.2 (java windows)
Content-Length: 146
Content-Type: application/json; charset=utf-8
host: localhost:52988
accept: */*

Response DefaultHttpResponse(decodeResult: success, version: HTTP/1.1)
HTTP/1.1 200 OK
Content-Type: application/json; charset=utf-8
cache-control: no-cache
content-length: 88

16:31:49.454 [AsyncHttpClient-1-8] DEBUG org.asynchttpclient.netty.channel.ChannelManager - Adding key: http://localhost:52988 for channel [id: 0x1ecfe86f, L:/127.0.0.1:50645 - R:localhost/127.0.0.1:52988]
16:31:49.455 [Forwarding clickElement on session fb8462dbe64bf1d24306653d1b0b87e1 to remote] DEBUG org.asynchttpclient.netty.request.NettyRequestSender - Using pooled Channel '[id: 0x1ecfe86f, L:/127.0.0.1:50645 - R:localhost/127.0.0.1:52988]' for 'POST' to 'http://localhost:52988/session/fb8462dbe64bf1d24306653d1b0b87e1/element/6d1a1d4e-b08d-4e50-b460-54ff1a9fd0a5/click'
16:31:49.455 [Forwarding clickElement on session fb8462dbe64bf1d24306653d1b0b87e1 to remote] DEBUG org.asynchttpclient.netty.request.NettyRequestSender - Using open Channel [id: 0x1ecfe86f, L:/127.0.0.1:50645 - R:localhost/127.0.0.1:52988] for POST '/session/fb8462dbe64bf1d24306653d1b0b87e1/element/6d1a1d4e-b08d-4e50-b460-54ff1a9fd0a5/click'
16:31:49.561 [AsyncHttpClient-1-8] DEBUG org.asynchttpclient.netty.handler.HttpHandler - 

Request DefaultHttpRequest(decodeResult: success, version: HTTP/1.1)
POST /session/fb8462dbe64bf1d24306653d1b0b87e1/element/6d1a1d4e-b08d-4e50-b460-54ff1a9fd0a5/click HTTP/1.1
User-Agent: selenium/4.1.2 (java windows)
Content-Length: 50
Content-Type: application/json; charset=utf-8
host: localhost:52988
accept: */*

Response DefaultHttpResponse(decodeResult: success, version: HTTP/1.1)
HTTP/1.1 200 OK
Content-Type: application/json; charset=utf-8
cache-control: no-cache
content-length: 14

16:31:49.561 [AsyncHttpClient-1-8] DEBUG org.asynchttpclient.netty.channel.ChannelManager - Adding key: http://localhost:52988 for channel [id: 0x1ecfe86f, L:/127.0.0.1:50645 - R:localhost/127.0.0.1:52988]
16:31:49.572 [Forwarding screenshot on session fb8462dbe64bf1d24306653d1b0b87e1 to remote] DEBUG org.asynchttpclient.netty.request.NettyRequestSender - Using pooled Channel '[id: 0x1ecfe86f, L:/127.0.0.1:50645 - R:localhost/127.0.0.1:52988]' for 'GET' to 'http://localhost:52988/session/fb8462dbe64bf1d24306653d1b0b87e1/screenshot'
16:31:49.572 [Forwarding screenshot on session fb8462dbe64bf1d24306653d1b0b87e1 to remote] DEBUG org.asynchttpclient.netty.request.NettyRequestSender - Using open Channel [id: 0x1ecfe86f, L:/127.0.0.1:50645 - R:localhost/127.0.0.1:52988] for GET '/session/fb8462dbe64bf1d24306653d1b0b87e1/screenshot'
16:31:49.699 [AsyncHttpClient-1-8] DEBUG org.asynchttpclient.netty.handler.HttpHandler - 

Request DefaultFullHttpRequest(decodeResult: success, version: HTTP/1.1, content: EmptyByteBufBE)
GET /session/fb8462dbe64bf1d24306653d1b0b87e1/screenshot HTTP/1.1
User-Agent: selenium/4.1.2 (java windows)
Cache-Control: no-cache
Content-Type: application/json; charset=utf-8
host: localhost:52988
accept: */*

Response DefaultHttpResponse(decodeResult: success, version: HTTP/1.1)
HTTP/1.1 200 OK
Content-Type: application/json; charset=utf-8
cache-control: no-cache
content-length: 87468

16:31:49.700 [AsyncHttpClient-1-8] DEBUG org.asynchttpclient.netty.channel.ChannelManager - Adding key: http://localhost:52988 for channel [id: 0x1ecfe86f, L:/127.0.0.1:50645 - R:localhost/127.0.0.1:52988]
16:31:49.704 [main] DEBUG net.serenitybdd.core.photography.Darkroom - Send negative for processing for target\site\serenity\0c1cbde4f11505e7ff3db08c72dc55c2b4f3320b30005e004ea579600161816b.png
16:31:49.705 [Darkroom Processing Line] DEBUG net.serenitybdd.core.photography.DarkroomProcessingLine - Processing screenshot image in /var/screenshots/screenshot-11998628013022954230
16:31:49.705 [Darkroom Processing Line] DEBUG net.serenitybdd.core.photography.DarkroomProcessingLine - Saving screenshot to target\site\serenity\0c1cbde4f11505e7ff3db08c72dc55c2b4f3320b30005e004ea579600161816b.png
16:31:49.705 [main] DEBUG net.thucydides.core.steps.StepInterceptor - STEP DONE: clickFilterDropdown
  &amp#27;[32mWhen &amp#27;[0m&amp#27;[32mI click Appointment Department Filter Dropdown&amp#27;[0m                          &amp#27;[90m# starter.stepdefinitions.AppointmentSteps.iClickAppointmentDepartmentDropdown()&amp#27;[0m
16:31:49.730 [main] DEBUG net.thucydides.core.steps.StepInterceptor - STARTING STEP: AppointmentSteps.iClickAppointmentPediatric - clickPediatricMenu
16:31:49.734 [Forwarding findElement on session fb8462dbe64bf1d24306653d1b0b87e1 to remote] DEBUG org.asynchttpclient.netty.request.NettyRequestSender - Using pooled Channel '[id: 0x1ecfe86f, L:/127.0.0.1:50645 - R:localhost/127.0.0.1:52988]' for 'POST' to 'http://localhost:52988/session/fb8462dbe64bf1d24306653d1b0b87e1/element'
16:31:49.734 [Forwarding findElement on session fb8462dbe64bf1d24306653d1b0b87e1 to remote] DEBUG org.asynchttpclient.netty.request.NettyRequestSender - Using open Channel [id: 0x1ecfe86f, L:/127.0.0.1:50645 - R:localhost/127.0.0.1:52988] for POST '/session/fb8462dbe64bf1d24306653d1b0b87e1/element'
16:31:49.737 [AsyncHttpClient-1-1] DEBUG org.asynchttpclient.netty.channel.DefaultChannelPool - Entry count for : http://localhost:50647 : 1
16:31:49.766 [AsyncHttpClient-1-8] DEBUG org.asynchttpclient.netty.handler.HttpHandler - 

Request DefaultHttpRequest(decodeResult: success, version: HTTP/1.1)
POST /session/fb8462dbe64bf1d24306653d1b0b87e1/element HTTP/1.1
User-Agent: selenium/4.1.2 (java windows)
Content-Length: 109
Content-Type: application/json; charset=utf-8
host: localhost:52988
accept: */*

Response DefaultHttpResponse(decodeResult: success, version: HTTP/1.1)
HTTP/1.1 200 OK
Content-Type: application/json; charset=utf-8
cache-control: no-cache
content-length: 88

16:31:49.766 [AsyncHttpClient-1-8] DEBUG org.asynchttpclient.netty.channel.ChannelManager - Adding key: http://localhost:52988 for channel [id: 0x1ecfe86f, L:/127.0.0.1:50645 - R:localhost/127.0.0.1:52988]
16:31:49.769 [Forwarding getElementTagName on session fb8462dbe64bf1d24306653d1b0b87e1 to remote] DEBUG org.asynchttpclient.netty.request.NettyRequestSender - Using pooled Channel '[id: 0x1ecfe86f, L:/127.0.0.1:50645 - R:localhost/127.0.0.1:52988]' for 'GET' to 'http://localhost:52988/session/fb8462dbe64bf1d24306653d1b0b87e1/element/7c137381-a985-43fa-a05a-732e58d2b94b/name'
16:31:49.769 [Forwarding getElementTagName on session fb8462dbe64bf1d24306653d1b0b87e1 to remote] DEBUG org.asynchttpclient.netty.request.NettyRequestSender - Using open Channel [id: 0x1ecfe86f, L:/127.0.0.1:50645 - R:localhost/127.0.0.1:52988] for GET '/session/fb8462dbe64bf1d24306653d1b0b87e1/element/7c137381-a985-43fa-a05a-732e58d2b94b/name'
16:31:49.776 [AsyncHttpClient-1-8] DEBUG org.asynchttpclient.netty.handler.HttpHandler - 

Request DefaultFullHttpRequest(decodeResult: success, version: HTTP/1.1, content: EmptyByteBufBE)
GET /session/fb8462dbe64bf1d24306653d1b0b87e1/element/7c137381-a985-43fa-a05a-732e58d2b94b/name HTTP/1.1
User-Agent: selenium/4.1.2 (java windows)
Cache-Control: no-cache
Content-Type: application/json; charset=utf-8
host: localhost:52988
accept: */*

Response DefaultHttpResponse(decodeResult: success, version: HTTP/1.1)
HTTP/1.1 200 OK
Content-Type: application/json; charset=utf-8
cache-control: no-cache
content-length: 14

16:31:49.776 [AsyncHttpClient-1-8] DEBUG org.asynchttpclient.netty.channel.ChannelManager - Adding key: http://localhost:52988 for channel [id: 0x1ecfe86f, L:/127.0.0.1:50645 - R:localhost/127.0.0.1:52988]
16:31:49.777 [Forwarding getElementTagName on session fb8462dbe64bf1d24306653d1b0b87e1 to remote] DEBUG org.asynchttpclient.netty.request.NettyRequestSender - Using pooled Channel '[id: 0x1ecfe86f, L:/127.0.0.1:50645 - R:localhost/127.0.0.1:52988]' for 'GET' to 'http://localhost:52988/session/fb8462dbe64bf1d24306653d1b0b87e1/element/7c137381-a985-43fa-a05a-732e58d2b94b/name'
16:31:49.777 [Forwarding getElementTagName on session fb8462dbe64bf1d24306653d1b0b87e1 to remote] DEBUG org.asynchttpclient.netty.request.NettyRequestSender - Using open Channel [id: 0x1ecfe86f, L:/127.0.0.1:50645 - R:localhost/127.0.0.1:52988] for GET '/session/fb8462dbe64bf1d24306653d1b0b87e1/element/7c137381-a985-43fa-a05a-732e58d2b94b/name'
16:31:49.780 [AsyncHttpClient-1-8] DEBUG org.asynchttpclient.netty.handler.HttpHandler - 

Request DefaultFullHttpRequest(decodeResult: success, version: HTTP/1.1, content: EmptyByteBufBE)
GET /session/fb8462dbe64bf1d24306653d1b0b87e1/element/7c137381-a985-43fa-a05a-732e58d2b94b/name HTTP/1.1
User-Agent: selenium/4.1.2 (java windows)
Cache-Control: no-cache
Content-Type: application/json; charset=utf-8
host: localhost:52988
accept: */*

Response DefaultHttpResponse(decodeResult: success, version: HTTP/1.1)
HTTP/1.1 200 OK
Content-Type: application/json; charset=utf-8
cache-control: no-cache
content-length: 14

16:31:49.781 [AsyncHttpClient-1-8] DEBUG org.asynchttpclient.netty.channel.ChannelManager - Adding key: http://localhost:52988 for channel [id: 0x1ecfe86f, L:/127.0.0.1:50645 - R:localhost/127.0.0.1:52988]
16:31:49.783 [Forwarding findElement on session fb8462dbe64bf1d24306653d1b0b87e1 to remote] DEBUG org.asynchttpclient.netty.request.NettyRequestSender - Using pooled Channel '[id: 0x1ecfe86f, L:/127.0.0.1:50645 - R:localhost/127.0.0.1:52988]' for 'POST' to 'http://localhost:52988/session/fb8462dbe64bf1d24306653d1b0b87e1/element'
16:31:49.783 [Forwarding findElement on session fb8462dbe64bf1d24306653d1b0b87e1 to remote] DEBUG org.asynchttpclient.netty.request.NettyRequestSender - Using open Channel [id: 0x1ecfe86f, L:/127.0.0.1:50645 - R:localhost/127.0.0.1:52988] for POST '/session/fb8462dbe64bf1d24306653d1b0b87e1/element'
16:31:49.791 [AsyncHttpClient-1-8] DEBUG org.asynchttpclient.netty.handler.HttpHandler - 

Request DefaultHttpRequest(decodeResult: success, version: HTTP/1.1)
POST /session/fb8462dbe64bf1d24306653d1b0b87e1/element HTTP/1.1
User-Agent: selenium/4.1.2 (java windows)
Content-Length: 109
Content-Type: application/json; charset=utf-8
host: localhost:52988
accept: */*

Response DefaultHttpResponse(decodeResult: success, version: HTTP/1.1)
HTTP/1.1 200 OK
Content-Type: application/json; charset=utf-8
cache-control: no-cache
content-length: 88

16:31:49.792 [AsyncHttpClient-1-8] DEBUG org.asynchttpclient.netty.channel.ChannelManager - Adding key: http://localhost:52988 for channel [id: 0x1ecfe86f, L:/127.0.0.1:50645 - R:localhost/127.0.0.1:52988]
16:31:49.793 [Forwarding clickElement on session fb8462dbe64bf1d24306653d1b0b87e1 to remote] DEBUG org.asynchttpclient.netty.request.NettyRequestSender - Using pooled Channel '[id: 0x1ecfe86f, L:/127.0.0.1:50645 - R:localhost/127.0.0.1:52988]' for 'POST' to 'http://localhost:52988/session/fb8462dbe64bf1d24306653d1b0b87e1/element/7c137381-a985-43fa-a05a-732e58d2b94b/click'
16:31:49.793 [Forwarding clickElement on session fb8462dbe64bf1d24306653d1b0b87e1 to remote] DEBUG org.asynchttpclient.netty.request.NettyRequestSender - Using open Channel [id: 0x1ecfe86f, L:/127.0.0.1:50645 - R:localhost/127.0.0.1:52988] for POST '/session/fb8462dbe64bf1d24306653d1b0b87e1/element/7c137381-a985-43fa-a05a-732e58d2b94b/click'
16:31:49.920 [AsyncHttpClient-1-8] DEBUG org.asynchttpclient.netty.handler.HttpHandler - 

Request DefaultHttpRequest(decodeResult: success, version: HTTP/1.1)
POST /session/fb8462dbe64bf1d24306653d1b0b87e1/element/7c137381-a985-43fa-a05a-732e58d2b94b/click HTTP/1.1
User-Agent: selenium/4.1.2 (java windows)
Content-Length: 50
Content-Type: application/json; charset=utf-8
host: localhost:52988
accept: */*

Response DefaultHttpResponse(decodeResult: success, version: HTTP/1.1)
HTTP/1.1 200 OK
Content-Type: application/json; charset=utf-8
cache-control: no-cache
content-length: 14

16:31:49.920 [AsyncHttpClient-1-8] DEBUG org.asynchttpclient.netty.channel.ChannelManager - Adding key: http://localhost:52988 for channel [id: 0x1ecfe86f, L:/127.0.0.1:50645 - R:localhost/127.0.0.1:52988]
16:31:49.930 [Forwarding screenshot on session fb8462dbe64bf1d24306653d1b0b87e1 to remote] DEBUG org.asynchttpclient.netty.request.NettyRequestSender - Using pooled Channel '[id: 0x1ecfe86f, L:/127.0.0.1:50645 - R:localhost/127.0.0.1:52988]' for 'GET' to 'http://localhost:52988/session/fb8462dbe64bf1d24306653d1b0b87e1/screenshot'
16:31:49.930 [Forwarding screenshot on session fb8462dbe64bf1d24306653d1b0b87e1 to remote] DEBUG org.asynchttpclient.netty.request.NettyRequestSender - Using open Channel [id: 0x1ecfe86f, L:/127.0.0.1:50645 - R:localhost/127.0.0.1:52988] for GET '/session/fb8462dbe64bf1d24306653d1b0b87e1/screenshot'
16:31:50.076 [AsyncHttpClient-1-8] DEBUG org.asynchttpclient.netty.handler.HttpHandler - 

Request DefaultFullHttpRequest(decodeResult: success, version: HTTP/1.1, content: EmptyByteBufBE)
GET /session/fb8462dbe64bf1d24306653d1b0b87e1/screenshot HTTP/1.1
User-Agent: selenium/4.1.2 (java windows)
Cache-Control: no-cache
Content-Type: application/json; charset=utf-8
host: localhost:52988
accept: */*

Response DefaultHttpResponse(decodeResult: success, version: HTTP/1.1)
HTTP/1.1 200 OK
Content-Type: application/json; charset=utf-8
cache-control: no-cache
content-length: 77700

16:31:50.076 [AsyncHttpClient-1-8] DEBUG org.asynchttpclient.netty.channel.ChannelManager - Adding key: http://localhost:52988 for channel [id: 0x1ecfe86f, L:/127.0.0.1:50645 - R:localhost/127.0.0.1:52988]
16:31:50.081 [main] DEBUG net.serenitybdd.core.photography.Darkroom - Send negative for processing for target\site\serenity\7f2f30d3d49f57e8c7fdf9036ca5dea8d32430358ef7cf85f4c32ed1a1e8b163.png
16:31:50.081 [main] DEBUG net.thucydides.core.steps.StepInterceptor - STEP DONE: clickPediatricMenu
  &amp#27;[32mAnd &amp#27;[0m&amp#27;[32mI click Appointment Pediatric&amp#27;[0m                                            &amp#27;[90m# starter.stepdefinitions.AppointmentSteps.iClickAppointmentPediatric()&amp#27;[0m
16:31:50.082 [Darkroom Processing Line] DEBUG net.serenitybdd.core.photography.DarkroomProcessingLine - Processing screenshot image in /var/screenshots/screenshot-11477535586206021268
16:31:50.083 [Darkroom Processing Line] DEBUG net.serenitybdd.core.photography.DarkroomProcessingLine - Saving screenshot to target\site\serenity\7f2f30d3d49f57e8c7fdf9036ca5dea8d32430358ef7cf85f4c32ed1a1e8b163.png
16:31:50.103 [main] DEBUG net.thucydides.core.steps.StepInterceptor - STARTING STEP: AppointmentSteps.iValidateTodayAppointmentOnlyShowPediatricDepartmentAppointment - validatePediatricAppointment
16:31:50.106 [Forwarding findElement on session fb8462dbe64bf1d24306653d1b0b87e1 to remote] DEBUG org.asynchttpclient.netty.request.NettyRequestSender - Using pooled Channel '[id: 0x1ecfe86f, L:/127.0.0.1:50645 - R:localhost/127.0.0.1:52988]' for 'POST' to 'http://localhost:52988/session/fb8462dbe64bf1d24306653d1b0b87e1/element'
16:31:50.106 [Forwarding findElement on session fb8462dbe64bf1d24306653d1b0b87e1 to remote] DEBUG org.asynchttpclient.netty.request.NettyRequestSender - Using open Channel [id: 0x1ecfe86f, L:/127.0.0.1:50645 - R:localhost/127.0.0.1:52988] for POST '/session/fb8462dbe64bf1d24306653d1b0b87e1/element'
16:31:50.839 [AsyncHttpClient-1-1] DEBUG org.asynchttpclient.netty.channel.DefaultChannelPool - Entry count for : http://localhost:50647 : 1
16:31:51.938 [AsyncHttpClient-1-1] DEBUG org.asynchttpclient.netty.channel.DefaultChannelPool - Entry count for : http://localhost:50647 : 1
16:31:53.038 [AsyncHttpClient-1-1] DEBUG org.asynchttpclient.netty.channel.DefaultChannelPool - Entry count for : http://localhost:50647 : 1
16:31:54.137 [AsyncHttpClient-1-1] DEBUG org.asynchttpclient.netty.channel.DefaultChannelPool - Entry count for : http://localhost:50647 : 1
16:31:55.132 [AsyncHttpClient-1-8] DEBUG org.asynchttpclient.netty.handler.HttpHandler - 

Request DefaultHttpRequest(decodeResult: success, version: HTTP/1.1)
POST /session/fb8462dbe64bf1d24306653d1b0b87e1/element HTTP/1.1
User-Agent: selenium/4.1.2 (java windows)
Content-Length: 145
Content-Type: application/json; charset=utf-8
host: localhost:52988
accept: */*

Response DefaultHttpResponse(decodeResult: success, version: HTTP/1.1)
HTTP/1.1 404 Not Found
Content-Type: application/json; charset=utf-8
cache-control: no-cache
content-length: 1057

16:31:55.132 [AsyncHttpClient-1-8] DEBUG org.asynchttpclient.netty.channel.ChannelManager - Adding key: http://localhost:52988 for channel [id: 0x1ecfe86f, L:/127.0.0.1:50645 - R:localhost/127.0.0.1:52988]
16:31:55.154 [Forwarding screenshot on session fb8462dbe64bf1d24306653d1b0b87e1 to remote] DEBUG org.asynchttpclient.netty.request.NettyRequestSender - Using pooled Channel '[id: 0x1ecfe86f, L:/127.0.0.1:50645 - R:localhost/127.0.0.1:52988]' for 'GET' to 'http://localhost:52988/session/fb8462dbe64bf1d24306653d1b0b87e1/screenshot'
16:31:55.154 [Forwarding screenshot on session fb8462dbe64bf1d24306653d1b0b87e1 to remote] DEBUG org.asynchttpclient.netty.request.NettyRequestSender - Using open Channel [id: 0x1ecfe86f, L:/127.0.0.1:50645 - R:localhost/127.0.0.1:52988] for GET '/session/fb8462dbe64bf1d24306653d1b0b87e1/screenshot'
16:31:55.241 [AsyncHttpClient-1-1] DEBUG org.asynchttpclient.netty.channel.DefaultChannelPool - Entry count for : http://localhost:50647 : 1
16:31:55.255 [AsyncHttpClient-1-8] DEBUG org.asynchttpclient.netty.handler.HttpHandler - 

Request DefaultFullHttpRequest(decodeResult: success, version: HTTP/1.1, content: EmptyByteBufBE)
GET /session/fb8462dbe64bf1d24306653d1b0b87e1/screenshot HTTP/1.1
User-Agent: selenium/4.1.2 (java windows)
Cache-Control: no-cache
Content-Type: application/json; charset=utf-8
host: localhost:52988
accept: */*

Response DefaultHttpResponse(decodeResult: success, version: HTTP/1.1)
HTTP/1.1 200 OK
Content-Type: application/json; charset=utf-8
cache-control: no-cache
content-length: 68548

16:31:55.256 [AsyncHttpClient-1-8] DEBUG org.asynchttpclient.netty.channel.ChannelManager - Adding key: http://localhost:52988 for channel [id: 0x1ecfe86f, L:/127.0.0.1:50645 - R:localhost/127.0.0.1:52988]
16:31:55.259 [main] DEBUG net.serenitybdd.core.photography.Darkroom - Send negative for processing for target\site\serenity\f06afdabc38229042501e5846993ae34944076b379d8f0af95b8dc4060bde323.png
16:31:55.260 [Darkroom Processing Line] DEBUG net.serenitybdd.core.photography.DarkroomProcessingLine - Processing screenshot image in /var/screenshots/screenshot-687221651315012311
16:31:55.260 [Darkroom Processing Line] DEBUG net.serenitybdd.core.photography.DarkroomProcessingLine - Saving screenshot to target\site\serenity\f06afdabc38229042501e5846993ae34944076b379d8f0af95b8dc4060bde323.png
16:31:55.261 [Forwarding getPageSource on session fb8462dbe64bf1d24306653d1b0b87e1 to remote] DEBUG org.asynchttpclient.netty.request.NettyRequestSender - Using pooled Channel '[id: 0x1ecfe86f, L:/127.0.0.1:50645 - R:localhost/127.0.0.1:52988]' for 'POST' to 'http://localhost:52988/session/fb8462dbe64bf1d24306653d1b0b87e1/execute/sync'
16:31:55.261 [Forwarding getPageSource on session fb8462dbe64bf1d24306653d1b0b87e1 to remote] DEBUG org.asynchttpclient.netty.request.NettyRequestSender - Using open Channel [id: 0x1ecfe86f, L:/127.0.0.1:50645 - R:localhost/127.0.0.1:52988] for POST '/session/fb8462dbe64bf1d24306653d1b0b87e1/execute/sync'
16:31:55.269 [AsyncHttpClient-1-8] DEBUG org.asynchttpclient.netty.handler.HttpHandler - 

Request DefaultHttpRequest(decodeResult: success, version: HTTP/1.1)
POST /session/fb8462dbe64bf1d24306653d1b0b87e1/execute/sync HTTP/1.1
User-Agent: selenium/4.1.2 (java windows)
Content-Length: 176
Content-Type: application/json; charset=utf-8
host: localhost:52988
accept: */*

Response DefaultHttpResponse(decodeResult: success, version: HTTP/1.1)
HTTP/1.1 200 OK
Content-Type: application/json; charset=utf-8
cache-control: no-cache
content-length: 13381

16:31:55.269 [AsyncHttpClient-1-8] DEBUG org.asynchttpclient.netty.channel.ChannelManager - Adding key: http://localhost:52988 for channel [id: 0x1ecfe86f, L:/127.0.0.1:50645 - R:localhost/127.0.0.1:52988]
16:31:55.281 [Forwarding getCurrentUrl on session fb8462dbe64bf1d24306653d1b0b87e1 to remote] DEBUG org.asynchttpclient.netty.request.NettyRequestSender - Using pooled Channel '[id: 0x1ecfe86f, L:/127.0.0.1:50645 - R:localhost/127.0.0.1:52988]' for 'GET' to 'http://localhost:52988/session/fb8462dbe64bf1d24306653d1b0b87e1/url'
16:31:55.282 [Forwarding getCurrentUrl on session fb8462dbe64bf1d24306653d1b0b87e1 to remote] DEBUG org.asynchttpclient.netty.request.NettyRequestSender - Using open Channel [id: 0x1ecfe86f, L:/127.0.0.1:50645 - R:localhost/127.0.0.1:52988] for GET '/session/fb8462dbe64bf1d24306653d1b0b87e1/url'
16:31:55.286 [AsyncHttpClient-1-8] DEBUG org.asynchttpclient.netty.handler.HttpHandler - 

Request DefaultFullHttpRequest(decodeResult: success, version: HTTP/1.1, content: EmptyByteBufBE)
GET /session/fb8462dbe64bf1d24306653d1b0b87e1/url HTTP/1.1
User-Agent: selenium/4.1.2 (java windows)
Cache-Control: no-cache
Content-Type: application/json; charset=utf-8
host: localhost:52988
accept: */*

Response DefaultHttpResponse(decodeResult: success, version: HTTP/1.1)
HTTP/1.1 200 OK
Content-Type: application/json; charset=utf-8
cache-control: no-cache
content-length: 64

16:31:55.286 [AsyncHttpClient-1-8] DEBUG org.asynchttpclient.netty.channel.ChannelManager - Adding key: http://localhost:52988 for channel [id: 0x1ecfe86f, L:/127.0.0.1:50645 - R:localhost/127.0.0.1:52988]
  &amp#27;[31mThen &amp#27;[0m&amp#27;[31mI validate Today Appointment only show Pediatric Department Appointment&amp#27;[0m &amp#27;[90m# starter.stepdefinitions.AppointmentSteps.iValidateTodayAppointmentOnlyShowPediatricDepartmentAppointment()&amp#27;[0m
      &amp#27;[31morg.openqa.selenium.NoSuchElementException: Expected condition failed: waiting for By.xpath: //body/div[@id='root']/div[1]/div[2]/div[2]/div[3]/div[1]/h3[1] to be displayed (tried for 5 second(s) with 100 milliseconds interval)
Build info: version: '4.1.2', revision: '9a5a329c5a'
System info: host: 'DELL', ip: '192.168.1.6', os.name: 'Windows 8.1', os.arch: 'amd64', os.version: '6.3', java.version: '15.0.2'
Driver info: driver.version: unknown
	at net.serenitybdd.core.pages.WebElementFacadeImpl.throwNoSuchElementExceptionWithCauseIfPresent(WebElementFacadeImpl.java:1001)
	at net.serenitybdd.core.pages.WebElementFacadeImpl.checkPresenceOfWebElement(WebElementFacadeImpl.java:974)
	at net.serenitybdd.core.pages.WebElementFacadeImpl.waitUntilVisible(WebElementFacadeImpl.java:981)
	at Capstone.Project.Website@1.0-SNAPSHOT/starter.pages.AppointmentPage.validatePediatricAppointment(AppointmentPage.java:381)
	at Capstone.Project.Website@1.0-SNAPSHOT/starter.pages.AppointmentPage$ByteBuddy$q6SZGsVH.validatePediatricAppointment$accessor$t7MNsUXi(Unknown Source)
	at java.base/jdk.internal.reflect.NativeMethodAccessorImpl.invoke0(Native Method)
	at java.base/jdk.internal.reflect.NativeMethodAccessorImpl.invoke(NativeMethodAccessorImpl.java:64)
	at java.base/jdk.internal.reflect.DelegatingMethodAccessorImpl.invoke(DelegatingMethodAccessorImpl.java:43)
	at java.base/java.lang.reflect.Method.invoke(Method.java:564)
	at net.thucydides.core.steps.StepInterceptor.invokeMethod(StepInterceptor.java:503)
	at net.thucydides.core.steps.StepInterceptor.executeTestStepMethod(StepInterceptor.java:483)
	at net.thucydides.core.steps.StepInterceptor.runTestStep(StepInterceptor.java:457)
	at net.thucydides.core.steps.StepInterceptor.runOrSkipMethod(StepInterceptor.java:209)
	at net.thucydides.core.steps.StepInterceptor.testStepResult(StepInterceptor.java:196)
	at net.thucydides.core.steps.StepInterceptor.intercept(StepInterceptor.java:84)
	at net.thucydides.core.steps.ProxyConfiguration$InterceptorDispatcher.intercept(ProxyConfiguration.java:51)
	at Capstone.Project.Website@1.0-SNAPSHOT/starter.pages.AppointmentPage$ByteBuddy$q6SZGsVH.validatePediatricAppointment(Unknown Source)
	at Capstone.Project.Website@1.0-SNAPSHOT/starter.stepdefinitions.AppointmentSteps.iValidateTodayAppointmentOnlyShowPediatricDepartmentAppointment(AppointmentSteps.java:160)
	at âœ½.I validate Today Appointment only show Pediatric Department Appointment(file:///E:/My%20Documents/File%20Difa/TI%20Semester%206%20Kampus%20Merdeka%20Alterra/Tugas/CAPSTONE%20Project/Capstone-Project-Website/src/test/resources/features/1.Appointment.feature:102)
Caused by: org.openqa.selenium.TimeoutException: Expected condition failed: waiting for By.xpath: //body/div[@id='root']/div[1]/div[2]/div[2]/div[3]/div[1]/h3[1] to be displayed (tried for 5 second(s) with 100 milliseconds interval)
Build info: version: '4.1.2', revision: '9a5a329c5a'
System info: host: 'DELL', ip: '192.168.1.6', os.name: 'Windows 8.1', os.arch: 'amd64', os.version: '6.3', java.version: '15.0.2'
Driver info: driver.version: unknown
	at org.openqa.selenium.support.ui.FluentWait.timeoutException(FluentWait.java:263)
	at org.openqa.selenium.support.ui.FluentWait.until(FluentWait.java:231)
	at net.serenitybdd.core.pages.WebElementFacadeImpl.checkPresenceOfWebElement(WebElementFacadeImpl.java:968)
	at net.serenitybdd.core.pages.WebElementFacadeImpl.waitUntilVisible(WebElementFacadeImpl.java:981)
	at Capstone.Project.Website@1.0-SNAPSHOT/starter.pages.AppointmentPage.validatePediatricAppointment(AppointmentPage.java:381)
	at Capstone.Project.Website@1.0-SNAPSHOT/starter.pages.AppointmentPage$ByteBuddy$q6SZGsVH.validatePediatricAppointment$accessor$t7MNsUXi(Unknown Source)
	at java.base/jdk.internal.reflect.NativeMethodAccessorImpl.invoke0(Native Method)
	at java.base/jdk.internal.reflect.NativeMethodAccessorImpl.invoke(NativeMethodAccessorImpl.java:64)
	at java.base/jdk.internal.reflect.DelegatingMethodAccessorImpl.invoke(DelegatingMethodAccessorImpl.java:43)
	at java.base/java.lang.reflect.Method.invoke(Method.java:564)
	at net.thucydides.core.steps.StepInterceptor.invokeMethod(StepInterceptor.java:503)
	at net.thucydides.core.steps.StepInterceptor.executeTestStepMethod(StepInterceptor.java:483)
	at net.thucydides.core.steps.StepInterceptor.runTestStep(StepInterceptor.java:457)
	at net.thucydides.core.steps.StepInterceptor.runOrSkipMethod(StepInterceptor.java:209)
	at net.thucydides.core.steps.StepInterceptor.testStepResult(StepInterceptor.java:196)
	at net.thucydides.core.steps.StepInterceptor.intercept(StepInterceptor.java:84)
	at net.thucydides.core.steps.ProxyConfiguration$InterceptorDispatcher.intercept(ProxyConfiguration.java:51)
	at Capstone.Project.Website@1.0-SNAPSHOT/starter.pages.AppointmentPage$ByteBuddy$q6SZGsVH.validatePediatricAppointment(Unknown Source)
	at Capstone.Project.Website@1.0-SNAPSHOT/starter.stepdefinitions.AppointmentSteps.iValidateTodayAppointmentOnlyShowPediatricDepartmentAppointment(AppointmentSteps.java:160)
	at java.base/jdk.internal.reflect.NativeMethodAccessorImpl.invoke0(Native Method)
	at java.base/jdk.internal.reflect.NativeMethodAccessorImpl.invoke(NativeMethodAccessorImpl.java:64)
	at java.base/jdk.internal.reflect.DelegatingMethodAccessorImpl.invoke(DelegatingMethodAccessorImpl.java:43)
	at java.base/java.lang.reflect.Method.invoke(Method.java:564)
	at io.cucumber.java.Invoker.doInvoke(Invoker.java:66)
	at io.cucumber.java.Invoker.invoke(Invoker.java:24)
	at io.cucumber.java.AbstractGlueDefinition.invokeMethod(AbstractGlueDefinition.java:47)
	at io.cucumber.java.JavaStepDefinition.execute(JavaStepDefinition.java:29)
	at io.cucumber.core.runner.CoreStepDefinition.execute(CoreStepDefinition.java:66)
	at io.cucumber.core.runner.PickleStepDefinitionMatch.runStep(PickleStepDefinitionMatch.java:63)
	at io.cucumber.core.runner.ExecutionMode$1.execute(ExecutionMode.java:10)
	at io.cucumber.core.runner.TestStep.executeStep(TestStep.java:86)
	at io.cucumber.core.runner.TestStep.run(TestStep.java:57)
	at io.cucumber.core.runner.PickleStepTestStep.run(PickleStepTestStep.java:51)
	at io.cucumber.core.runner.TestCase.run(TestCase.java:95)
	at io.cucumber.core.runner.Runner.runPickle(Runner.java:75)
	at io.cucumber.junit.PickleRunners$NoStepDescriptions.lambda$run$0(PickleRunners.java:151)
	at io.cucumber.core.runtime.CucumberExecutionContext.lambda$runTestCase$3(CucumberExecutionContext.java:151)
	at io.cucumber.core.runtime.RethrowingThrowableCollector.executeAndThrow(RethrowingThrowableCollector.java:23)
	at io.cucumber.core.runtime.CucumberExecutionContext.runTestCase(CucumberExecutionContext.java:151)
	at io.cucumber.junit.PickleRunners$NoStepDescriptions.run(PickleRunners.java:148)
	at io.cucumber.junit.FeatureRunner.runChild(FeatureRunner.java:144)
	at io.cucumber.junit.FeatureRunner.runChild(FeatureRunner.java:28)
	at org.junit.runners.ParentRunner$4.run(ParentRunner.java:331)
	at org.junit.runners.ParentRunner$1.schedule(ParentRunner.java:79)
	at org.junit.runners.ParentRunner.runChildren(ParentRunner.java:329)
	at org.junit.runners.ParentRunner.access$100(ParentRunner.java:66)
	at org.junit.runners.ParentRunner$2.evaluate(ParentRunner.java:293)
	at org.junit.runners.ParentRunner$3.evaluate(ParentRunner.java:306)
	at org.junit.runners.ParentRunner.run(ParentRunner.java:413)
	at io.cucumber.junit.FeatureRunner.run(FeatureRunner.java:137)
	at io.cucumber.junit.CucumberSerenityRunner.runChild(CucumberSerenityRunner.java:258)
	at io.cucumber.junit.CucumberSerenityRunner.runChild(CucumberSerenityRunner.java:58)
	at org.junit.runners.ParentRunner$4.run(ParentRunner.java:331)
	at org.junit.runners.ParentRunner$1.schedule(ParentRunner.java:79)
	at org.junit.runners.ParentRunner.runChildren(ParentRunner.java:329)
	at org.junit.runners.ParentRunner.access$100(ParentRunner.java:66)
	at org.junit.runners.ParentRunner$2.evaluate(ParentRunner.java:293)
	at io.cucumber.junit.CucumberSerenityRunner$RunCucumber.evaluate(CucumberSerenityRunner.java:287)
	at org.junit.runners.ParentRunner$3.evaluate(ParentRunner.java:306)
	at org.junit.runners.ParentRunner.run(ParentRunner.java:413)
	at org.junit.runner.JUnitCore.run(JUnitCore.java:137)
	at org.junit.runner.JUnitCore.run(JUnitCore.java:115)
	at org.junit.vintage.engine.execution.RunnerExecutor.execute(RunnerExecutor.java:42)
	at org.junit.vintage.engine.VintageTestEngine.executeAllChildren(VintageTestEngine.java:80)
	at org.junit.vintage.engine.VintageTestEngine.execute(VintageTestEngine.java:72)
	at org.junit.platform.launcher.core.EngineExecutionOrchestrator.execute(EngineExecutionOrchestrator.java:107)
	at org.junit.platform.launcher.core.EngineExecutionOrchestrator.execute(EngineExecutionOrchestrator.java:88)
	at org.junit.platform.launcher.core.EngineExecutionOrchestrator.lambda$execute$0(EngineExecutionOrchestrator.java:54)
	at org.junit.platform.launcher.core.EngineExecutionOrchestrator.withInterceptedStreams(EngineExecutionOrchestrator.java:67)
	at org.junit.platform.launcher.core.EngineExecutionOrchestrator.execute(EngineExecutionOrchestrator.java:52)
	at org.junit.platform.launcher.core.DefaultLauncher.execute(DefaultLauncher.java:114)
	at org.junit.platform.launcher.core.DefaultLauncher.execute(DefaultLauncher.java:86)
	at org.junit.platform.launcher.core.DefaultLauncherSession$DelegatingLauncher.execute(DefaultLauncherSession.java:86)
	at org.junit.platform.launcher.core.SessionPerRequestLauncher.execute(SessionPerRequestLauncher.java:53)
	at org.apache.maven.surefire.junitplatform.JUnitPlatformProvider.execute(JUnitPlatformProvider.java:188)
	at org.apache.maven.surefire.junitplatform.JUnitPlatformProvider.invokeAllTests(JUnitPlatformProvider.java:154)
	at org.apache.maven.surefire.junitplatform.JUnitPlatformProvider.invoke(JUnitPlatformProvider.java:128)
	at org.apache.maven.surefire.booter.ForkedBooter.runSuitesInProcess(ForkedBooter.java:428)
	at org.apache.maven.surefire.booter.ForkedBooter.execute(ForkedBooter.java:162)
	at org.apache.maven.surefire.booter.ForkedBooter.run(ForkedBooter.java:562)
	at org.apache.maven.surefire.booter.ForkedBooter.main(ForkedBooter.java:548)
&amp#27;[0m
16:31:55.298 [main] ERROR  - 
  _____   ___   ___   _____     ___   ___   ___    ___    ___ 
 |_   _| | __| / __| |_   _|   | __| | _ \ | _ \  / _ \  | _ \
   | |   | _|  \__ \   | |     | _|  |   / |   / | (_) | |   /
   |_|   |___| |___/   |_|     |___| |_|_\ |_|_\  \___/  |_|_\

Filter Appointment Pediatric Scenario
---------------------------------------------------------------
16:31:55.298 [main] DEBUG  - RELATED ISSUES: 
16:31:55.298 [main] ERROR  -     Test failed at step: Validate pediatric appointment
16:31:55.298 [main] ERROR  -     Expected condition failed: waiting for By.xpath: //body/div[@id='root']/div[1]/div[2]/div[2]/div[3]/div[1]/h3[1] to be displayed (tried for 5 second(s) with 100 milliseconds interval)Build info: version: '4.1.2', revision: '9a5a329c5a'System info: host: 'DELL', ip: '192.168.1.6', os.name: 'Windows 8.1', os.arch: 'amd64', os.version: '6.3', java.version: '15.0.2'Driver info: driver.version: unknown
16:31:55.301 [AsyncHttpClient-1-2] DEBUG org.asynchttpclient.netty.handler.WebSocketHandler - Channel Closed: [id: 0x188bc693, L:/127.0.0.1:50654 ! R:localhost/127.0.0.1:50647] with attribute NettyResponseFuture{currentRetry=5,
	isDone=1,
	isCancelled=0,
	asyncHandler=org.asynchttpclient.ws.WebSocketUpgradeHandler@3073bb5f,
	nettyRequest=org.asynchttpclient.netty.request.NettyRequest@e476fe3,
	future=java.util.concurrent.CompletableFuture@429b62c5[Completed normally],
	uri=ws://localhost:50647/devtools/browser/52e92bea-7cb4-47ec-aa0e-ef8d782eca7f,
	keepAlive=true,
	redirectCount=0,
	timeoutsHolder=null,
	inAuth=0,
	touch=1655717499111}
16:31:55.301 [Driver Command Executor] DEBUG org.asynchttpclient.netty.request.NettyRequestSender - Using pooled Channel '[id: 0x1ecfe86f, L:/127.0.0.1:50645 - R:localhost/127.0.0.1:52988]' for 'DELETE' to 'http://localhost:52988/session/fb8462dbe64bf1d24306653d1b0b87e1'
16:31:55.301 [AsyncHttpClient-1-2] DEBUG org.asynchttpclient.netty.channel.ChannelManager - Closing Channel [id: 0x188bc693, L:/127.0.0.1:50654 ! R:localhost/127.0.0.1:50647] 
16:31:55.301 [Driver Command Executor] DEBUG org.asynchttpclient.netty.request.NettyRequestSender - Using open Channel [id: 0x1ecfe86f, L:/127.0.0.1:50645 - R:localhost/127.0.0.1:52988] for DELETE '/session/fb8462dbe64bf1d24306653d1b0b87e1'
16:31:56.337 [AsyncHttpClient-1-1] DEBUG org.asynchttpclient.netty.channel.DefaultChannelPool - Entry count for : http://localhost:50647 : 1
16:31:57.437 [AsyncHttpClient-1-1] DEBUG org.asynchttpclient.netty.channel.DefaultChannelPool - Entry count for : http://localhost:50647 : 1
16:31:58.537 [AsyncHttpClient-1-1] DEBUG org.asynchttpclient.netty.channel.DefaultChannelPool - Entry count for : http://localhost:50647 : 1
16:31:58.874 [AsyncHttpClient-1-9] DEBUG org.asynchttpclient.netty.handler.HttpHandler - Unexpected I/O exception on channel [id: 0x9d4ba94b, L:/127.0.0.1:50653 - R:localhost/127.0.0.1:50647]
java.net.SocketException: Connection reset
	at java.base/sun.nio.ch.SocketChannelImpl.throwConnectionReset(SocketChannelImpl.java:367)
	at java.base/sun.nio.ch.SocketChannelImpl.read(SocketChannelImpl.java:398)
	at io.netty.buffer.PooledByteBuf.setBytes(PooledByteBuf.java:258)
	at io.netty.buffer.AbstractByteBuf.writeBytes(AbstractByteBuf.java:1132)
	at io.netty.channel.socket.nio.NioSocketChannel.doReadBytes(NioSocketChannel.java:350)
	at io.netty.channel.nio.AbstractNioByteChannel$NioByteUnsafe.read(AbstractNioByteChannel.java:151)
	at io.netty.channel.nio.NioEventLoop.processSelectedKey(NioEventLoop.java:722)
	at io.netty.channel.nio.NioEventLoop.processSelectedKeysOptimized(NioEventLoop.java:658)
	at io.netty.channel.nio.NioEventLoop.processSelectedKeys(NioEventLoop.java:584)
	at io.netty.channel.nio.NioEventLoop.run(NioEventLoop.java:496)
	at io.netty.util.concurrent.SingleThreadEventExecutor$4.run(SingleThreadEventExecutor.java:986)
	at io.netty.util.internal.ThreadExecutorMap$2.run(ThreadExecutorMap.java:74)
	at io.netty.util.concurrent.FastThreadLocalRunnable.run(FastThreadLocalRunnable.java:30)
	at java.base/java.lang.Thread.run(Thread.java:832)
16:31:58.874 [AsyncHttpClient-1-9] DEBUG org.asynchttpclient.netty.channel.ChannelManager - Closing Channel [id: 0x9d4ba94b, L:/127.0.0.1:50653 - R:localhost/127.0.0.1:50647] 
16:31:58.874 [AsyncHttpClient-1-9] DEBUG org.asynchttpclient.netty.handler.HttpHandler - Channel Closed: [id: 0x9d4ba94b, L:/127.0.0.1:50653 ! R:localhost/127.0.0.1:50647] with attribute DISCARD
16:31:58.891 [AsyncHttpClient-1-8] DEBUG org.asynchttpclient.netty.handler.HttpHandler - 

Request DefaultFullHttpRequest(decodeResult: success, version: HTTP/1.1, content: EmptyByteBufBE)
DELETE /session/fb8462dbe64bf1d24306653d1b0b87e1 HTTP/1.1
User-Agent: selenium/4.1.2 (java windows)
Content-Type: application/json; charset=utf-8
host: localhost:52988
accept: */*

Response DefaultHttpResponse(decodeResult: success, version: HTTP/1.1)
HTTP/1.1 200 OK
Content-Type: application/json; charset=utf-8
cache-control: no-cache
content-length: 14

16:31:58.891 [AsyncHttpClient-1-8] DEBUG org.asynchttpclient.netty.channel.ChannelManager - Adding key: http://localhost:52988 for channel [id: 0x1ecfe86f, L:/127.0.0.1:50645 - R:localhost/127.0.0.1:52988]
16:31:59.227 [AsyncHttpClient-1-8] DEBUG org.asynchttpclient.netty.handler.HttpHandler - Channel Closed: [id: 0x1ecfe86f, L:/127.0.0.1:50645 ! R:localhost/127.0.0.1:52988] with attribute DISCARD
16:31:59.637 [AsyncHttpClient-1-1] DEBUG org.asynchttpclient.netty.channel.DefaultChannelPool - Entry count for : http://localhost:52988 : 1
16:31:59.637 [AsyncHttpClient-1-1] DEBUG org.asynchttpclient.netty.channel.DefaultChannelPool - Entry count for : http://localhost:50647 : 1
16:31:59.639 [AsyncHttpClient-1-1] DEBUG org.asynchttpclient.netty.channel.DefaultChannelPool - Adding Candidate expired Channel [id: 0x1ecfe86f, L:/127.0.0.1:50645 ! R:localhost/127.0.0.1:52988] isIdleTimeoutExpired=false isRemotelyClosed=true isTtlExpired=false
16:31:59.639 [AsyncHttpClient-1-1] DEBUG org.asynchttpclient.netty.channel.DefaultChannelPool - Closing Idle Channel [id: 0x1ecfe86f, L:/127.0.0.1:50645 ! R:localhost/127.0.0.1:52988]
16:31:59.639 [AsyncHttpClient-1-1] DEBUG org.asynchttpclient.netty.channel.DefaultChannelPool - Adding Candidate expired Channel [id: 0x9d4ba94b, L:/127.0.0.1:50653 ! R:localhost/127.0.0.1:50647] isIdleTimeoutExpired=false isRemotelyClosed=true isTtlExpired=false
16:31:59.639 [AsyncHttpClient-1-1] DEBUG org.asynchttpclient.netty.channel.DefaultChannelPool - Closing Idle Channel [id: 0x9d4ba94b, L:/127.0.0.1:50653 ! R:localhost/127.0.0.1:50647]
16:31:59.706 [AsyncHttpClient-1-1] DEBUG org.asynchttpclient.netty.channel.DefaultChannelPool - Closed 2 connections out of 2 in 69 ms
]]></system-out>
    <system-err><![CDATA[Starting ChromeDriver 102.0.5005.61 (0e59bcc00cc4985ce39ad31c150065f159d95ad3-refs/branch-heads/5005@{#819}) on port 52988
Only local connections are allowed.
Please see https://chromedriver.chromium.org/security-considerations for suggestions on keeping ChromeDriver safe.
ChromeDriver was started successfully.
Jun 20, 2022 4:31:39 PM org.openqa.selenium.remote.ProtocolHandshake createSession
INFO: Detected dialect: W3C
Jun 20, 2022 4:31:39 PM org.openqa.selenium.devtools.CdpVersionFinder findNearestMatch
WARNING: Unable to find an exact match for CDP version 102, so returning the closest version found: a no-op implementation
Jun 20, 2022 4:31:39 PM org.openqa.selenium.devtools.CdpVersionFinder findNearestMatch
INFO: Unable to find CDP implementation matching 102.
Jun 20, 2022 4:31:39 PM org.openqa.selenium.chromium.ChromiumDriver lambda$new$3
WARNING: Unable to find version of CDP to use for . You may need to include a dependency on a specific version of the CDP using something similar to `org.seleniumhq.selenium:selenium-devtools-v86:4.1.2` where the version ("v86") matches the version of the chromium-based browser you're using and the version number of the artifact is the same as Selenium's.
]]></system-err>
  </testcase>
  <testcase name="Filter Appointment Gynecology Scenario" classname="Appointment" time="20.182">
    <error type="org.openqa.selenium.NoSuchElementException"><![CDATA[org.openqa.selenium.NoSuchElementException: 
Expected condition failed: waiting for By.xpath: //body/div[@id='root']/div[1]/div[2]/div[2]/div[3]/div[1]/h3[1] to be displayed (tried for 5 second(s) with 100 milliseconds interval)
Build info: version: '4.1.2', revision: '9a5a329c5a'
System info: host: 'DELL', ip: '192.168.1.6', os.name: 'Windows 8.1', os.arch: 'amd64', os.version: '6.3', java.version: '15.0.2'
Driver info: driver.version: unknown
Caused by: org.openqa.selenium.TimeoutException: 
Expected condition failed: waiting for By.xpath: //body/div[@id='root']/div[1]/div[2]/div[2]/div[3]/div[1]/h3[1] to be displayed (tried for 5 second(s) with 100 milliseconds interval)
Build info: version: '4.1.2', revision: '9a5a329c5a'
System info: host: 'DELL', ip: '192.168.1.6', os.name: 'Windows 8.1', os.arch: 'amd64', os.version: '6.3', java.version: '15.0.2'
Driver info: driver.version: unknown
]]></error>
    <system-out><![CDATA[
@Appointment @FilterAppointmentGynecology
Scenario: Filter Appointment Gynecology Scenario                                &amp#27;[90m# src/test/resources/features/1.Appointment.feature:106&amp#27;[0m
16:31:59.773 [main] INFO io.cucumber.core.plugin.SerenityReporter - Running feature from file:///E:/My%20Documents/File%20Difa/TI%20Semester%206%20Kampus%20Merdeka%20Alterra/Tugas/CAPSTONE%20Project/Capstone-Project-Website/src/test/resources/features/1.Appointment.feature
16:31:59.807 [main] INFO  - 
  _____   ___   ___   _____     ___   _____     _     ___   _____   ___   ___  
 |_   _| | __| / __| |_   _|   / __| |_   _|   /_\   | _ \ |_   _| | __| |   \ 
   | |   | _|  \__ \   | |     \__ \   | |    / _ \  |   /   | |   | _|  | |) |
   |_|   |___| |___/   |_|     |___/   |_|   /_/ \_\ |_|_\   |_|   |___| |___/ 

Filter Appointment Gynecology Scenario(appointment;filter-appointment-gynecology-scenario)
--------------------------------------------------------------------------------
16:31:59.836 [main] DEBUG net.thucydides.core.steps.StepInterceptor - STARTING STEP: DashboardSteps.iAmOnTheDashboardPage - openUrl
16:31:59.838 [main] INFO net.serenitybdd.core.webdriver.driverproviders.ChromeDriverProvider - Using automatically driver download
16:32:00.205 [main] DEBUG io.github.bonigarcia.wdm.cache.ResolutionCache - Resolution chrome=102 in cache (valid until 16:47:55 20/06/2022 ICT)
16:32:00.210 [main] DEBUG io.github.bonigarcia.wdm.cache.ResolutionCache - Resolution chrome102=102.0.5005.61 in cache (valid until 09:12:44 21/06/2022 ICT)
16:32:00.213 [main] INFO io.github.bonigarcia.wdm.WebDriverManager - Using chromedriver 102.0.5005.61 (resolved driver for Chrome 102)
16:32:00.228 [main] DEBUG io.github.bonigarcia.wdm.WebDriverManager - Driver chromedriver 102.0.5005.61 found in cache
16:32:00.230 [main] INFO io.github.bonigarcia.wdm.WebDriverManager - Exporting webdriver.chrome.driver as C:\Users\USER\.cache\selenium\chromedriver\win32\102.0.5005.61\chromedriver.exe
16:32:00.523 [main] DEBUG net.serenitybdd.core.webdriver.driverproviders.ProvideNewDriver - Instantiating driver
16:32:00.524 [main] DEBUG net.serenitybdd.core.webdriver.driverproviders.ProvideNewDriver - Driver capabilities: Capabilities {acceptInsecureCerts: false, base.url: https://hospital-management..., browserName: chrome, chrome.driver: src/test/resources/webdrive..., driver: chrome, goog:chromeOptions: {args: [], extensions: []}}
16:32:01.072 [AsyncHttpClient-1-3] DEBUG org.asynchttpclient.netty.channel.NettyConnectListener - Using new Channel '[id: 0xdc2c1e78, L:/127.0.0.1:50687 - R:localhost/127.0.0.1:52937]' for 'POST' to '/session'
16:32:02.620 [AsyncHttpClient-1-3] DEBUG org.asynchttpclient.netty.handler.HttpHandler - 

Request DefaultHttpRequest(decodeResult: success, version: HTTP/1.1)
POST /session HTTP/1.1
User-Agent: selenium/4.1.2 (java windows)
Content-Length: 621
Content-Type: application/json; charset=utf-8
host: localhost:52937
accept: */*

Response DefaultHttpResponse(decodeResult: success, version: HTTP/1.1)
HTTP/1.1 200 OK
Content-Type: application/json; charset=utf-8
cache-control: no-cache
content-length: 788

16:32:02.620 [AsyncHttpClient-1-3] DEBUG org.asynchttpclient.netty.channel.ChannelManager - Adding key: http://localhost:52937 for channel [id: 0xdc2c1e78, L:/127.0.0.1:50687 - R:localhost/127.0.0.1:52937]
16:32:02.642 [AsyncHttpClient-1-4] DEBUG org.asynchttpclient.netty.channel.NettyConnectListener - Using new Channel '[id: 0x5f891789, L:/127.0.0.1:50694 - R:localhost/127.0.0.1:50689]' for 'GET' to '/json/version'
16:32:02.652 [AsyncHttpClient-1-4] DEBUG org.asynchttpclient.netty.handler.HttpHandler - 

Request DefaultFullHttpRequest(decodeResult: success, version: HTTP/1.1, content: EmptyByteBufBE)
GET /json/version HTTP/1.1
User-Agent: selenium/4.1.2 (java windows)
host: localhost:50689
accept: */*

Response DefaultHttpResponse(decodeResult: success, version: HTTP/1.1)
HTTP/1.1 200 OK
Content-Type: application/json; charset=UTF-8
content-length: 427

16:32:02.652 [AsyncHttpClient-1-4] DEBUG org.asynchttpclient.netty.channel.ChannelManager - Adding key: http://localhost:50689 for channel [id: 0x5f891789, L:/127.0.0.1:50694 - R:localhost/127.0.0.1:50689]
16:32:02.708 [AsyncHttpClient-1-5] DEBUG org.asynchttpclient.netty.channel.NettyConnectListener - Using new Channel '[id: 0xc5557f83, L:/127.0.0.1:50695 - R:localhost/127.0.0.1:50689]' for 'GET' to '/devtools/browser/b46d9ed4-9d6c-48ed-b26f-eefc705bb3ac'
16:32:02.709 [AsyncHttpClient-1-5] DEBUG org.asynchttpclient.netty.handler.WebSocketHandler - 

Request DefaultFullHttpRequest(decodeResult: success, version: HTTP/1.1, content: EmptyByteBufBE)
GET /devtools/browser/b46d9ed4-9d6c-48ed-b26f-eefc705bb3ac HTTP/1.1
upgrade: websocket
connection: upgrade
sec-websocket-key: KsC7rr4iHYvx28LjYbC+Cg==
sec-websocket-version: 13
origin: http://localhost:50689
host: localhost:50689
accept: */*
user-agent: AHC/2.1

Response DefaultHttpResponse(decodeResult: success, version: HTTP/1.1)
HTTP/1.1 101 WebSocket Protocol Handshake
Upgrade: WebSocket
Connection: Upgrade
Sec-WebSocket-Accept: Z0JoWmmibgDR0u72HNvymjEQZWw=

16:32:02.715 [Forwarding maximizeCurrentWindow on session 487e58e3c1c997d6d2887de05595870e to remote] DEBUG org.asynchttpclient.netty.request.NettyRequestSender - Using pooled Channel '[id: 0xdc2c1e78, L:/127.0.0.1:50687 - R:localhost/127.0.0.1:52937]' for 'POST' to 'http://localhost:52937/session/487e58e3c1c997d6d2887de05595870e/window/maximize'
16:32:02.715 [Forwarding maximizeCurrentWindow on session 487e58e3c1c997d6d2887de05595870e to remote] DEBUG org.asynchttpclient.netty.request.NettyRequestSender - Using open Channel [id: 0xdc2c1e78, L:/127.0.0.1:50687 - R:localhost/127.0.0.1:52937] for POST '/session/487e58e3c1c997d6d2887de05595870e/window/maximize'
16:32:02.862 [AsyncHttpClient-1-3] DEBUG org.asynchttpclient.netty.handler.HttpHandler - 

Request DefaultHttpRequest(decodeResult: success, version: HTTP/1.1)
POST /session/487e58e3c1c997d6d2887de05595870e/window/maximize HTTP/1.1
User-Agent: selenium/4.1.2 (java windows)
Content-Length: 3
Content-Type: application/json; charset=utf-8
host: localhost:52937
accept: */*

Response DefaultHttpResponse(decodeResult: success, version: HTTP/1.1)
HTTP/1.1 200 OK
Content-Type: application/json; charset=utf-8
cache-control: no-cache
content-length: 51

16:32:02.864 [AsyncHttpClient-1-3] DEBUG org.asynchttpclient.netty.channel.ChannelManager - Adding key: http://localhost:52937 for channel [id: 0xdc2c1e78, L:/127.0.0.1:50687 - R:localhost/127.0.0.1:52937]
16:32:02.865 [Forwarding get on session 487e58e3c1c997d6d2887de05595870e to remote] DEBUG org.asynchttpclient.netty.request.NettyRequestSender - Using pooled Channel '[id: 0xdc2c1e78, L:/127.0.0.1:50687 - R:localhost/127.0.0.1:52937]' for 'POST' to 'http://localhost:52937/session/487e58e3c1c997d6d2887de05595870e/url'
16:32:02.865 [Forwarding get on session 487e58e3c1c997d6d2887de05595870e to remote] DEBUG org.asynchttpclient.netty.request.NettyRequestSender - Using open Channel [id: 0xdc2c1e78, L:/127.0.0.1:50687 - R:localhost/127.0.0.1:52937] for POST '/session/487e58e3c1c997d6d2887de05595870e/url'
16:32:02.938 [AsyncHttpClient-1-1] DEBUG org.asynchttpclient.netty.channel.DefaultChannelPool - Entry count for : http://localhost:50689 : 1
16:32:04.038 [AsyncHttpClient-1-1] DEBUG org.asynchttpclient.netty.channel.DefaultChannelPool - Entry count for : http://localhost:50689 : 1
16:32:05.137 [AsyncHttpClient-1-1] DEBUG org.asynchttpclient.netty.channel.DefaultChannelPool - Entry count for : http://localhost:50689 : 1
16:32:06.239 [AsyncHttpClient-1-1] DEBUG org.asynchttpclient.netty.channel.DefaultChannelPool - Entry count for : http://localhost:50689 : 1
16:32:07.337 [AsyncHttpClient-1-1] DEBUG org.asynchttpclient.netty.channel.DefaultChannelPool - Entry count for : http://localhost:50689 : 1
16:32:08.438 [AsyncHttpClient-1-1] DEBUG org.asynchttpclient.netty.channel.DefaultChannelPool - Entry count for : http://localhost:50689 : 1
16:32:09.537 [AsyncHttpClient-1-1] DEBUG org.asynchttpclient.netty.channel.DefaultChannelPool - Entry count for : http://localhost:50689 : 1
16:32:10.637 [AsyncHttpClient-1-1] DEBUG org.asynchttpclient.netty.channel.DefaultChannelPool - Entry count for : http://localhost:50689 : 1
16:32:10.785 [AsyncHttpClient-1-3] DEBUG org.asynchttpclient.netty.handler.HttpHandler - 

Request DefaultHttpRequest(decodeResult: success, version: HTTP/1.1)
POST /session/487e58e3c1c997d6d2887de05595870e/url HTTP/1.1
User-Agent: selenium/4.1.2 (java windows)
Content-Length: 65
Content-Type: application/json; charset=utf-8
host: localhost:52937
accept: */*

Response DefaultHttpResponse(decodeResult: success, version: HTTP/1.1)
HTTP/1.1 200 OK
Content-Type: application/json; charset=utf-8
cache-control: no-cache
content-length: 14

16:32:10.785 [AsyncHttpClient-1-3] DEBUG org.asynchttpclient.netty.channel.ChannelManager - Adding key: http://localhost:52937 for channel [id: 0xdc2c1e78, L:/127.0.0.1:50687 - R:localhost/127.0.0.1:52937]
16:32:10.787 [Forwarding setTimeout on session 487e58e3c1c997d6d2887de05595870e to remote] DEBUG org.asynchttpclient.netty.request.NettyRequestSender - Using pooled Channel '[id: 0xdc2c1e78, L:/127.0.0.1:50687 - R:localhost/127.0.0.1:52937]' for 'POST' to 'http://localhost:52937/session/487e58e3c1c997d6d2887de05595870e/timeouts'
16:32:10.787 [Forwarding setTimeout on session 487e58e3c1c997d6d2887de05595870e to remote] DEBUG org.asynchttpclient.netty.request.NettyRequestSender - Using open Channel [id: 0xdc2c1e78, L:/127.0.0.1:50687 - R:localhost/127.0.0.1:52937] for POST '/session/487e58e3c1c997d6d2887de05595870e/timeouts'
16:32:10.799 [AsyncHttpClient-1-3] DEBUG org.asynchttpclient.netty.handler.HttpHandler - 

Request DefaultHttpRequest(decodeResult: success, version: HTTP/1.1)
POST /session/487e58e3c1c997d6d2887de05595870e/timeouts HTTP/1.1
User-Agent: selenium/4.1.2 (java windows)
Content-Length: 22
Content-Type: application/json; charset=utf-8
host: localhost:52937
accept: */*

Response DefaultHttpResponse(decodeResult: success, version: HTTP/1.1)
HTTP/1.1 200 OK
Content-Type: application/json; charset=utf-8
cache-control: no-cache
content-length: 14

16:32:10.799 [AsyncHttpClient-1-3] DEBUG org.asynchttpclient.netty.channel.ChannelManager - Adding key: http://localhost:52937 for channel [id: 0xdc2c1e78, L:/127.0.0.1:50687 - R:localhost/127.0.0.1:52937]
16:32:10.803 [Forwarding getCurrentUrl on session 487e58e3c1c997d6d2887de05595870e to remote] DEBUG org.asynchttpclient.netty.request.NettyRequestSender - Using pooled Channel '[id: 0xdc2c1e78, L:/127.0.0.1:50687 - R:localhost/127.0.0.1:52937]' for 'GET' to 'http://localhost:52937/session/487e58e3c1c997d6d2887de05595870e/url'
16:32:10.803 [Forwarding getCurrentUrl on session 487e58e3c1c997d6d2887de05595870e to remote] DEBUG org.asynchttpclient.netty.request.NettyRequestSender - Using open Channel [id: 0xdc2c1e78, L:/127.0.0.1:50687 - R:localhost/127.0.0.1:52937] for GET '/session/487e58e3c1c997d6d2887de05595870e/url'
16:32:10.809 [AsyncHttpClient-1-3] DEBUG org.asynchttpclient.netty.handler.HttpHandler - 

Request DefaultFullHttpRequest(decodeResult: success, version: HTTP/1.1, content: EmptyByteBufBE)
GET /session/487e58e3c1c997d6d2887de05595870e/url HTTP/1.1
User-Agent: selenium/4.1.2 (java windows)
Cache-Control: no-cache
Content-Type: application/json; charset=utf-8
host: localhost:52937
accept: */*

Response DefaultHttpResponse(decodeResult: success, version: HTTP/1.1)
HTTP/1.1 200 OK
Content-Type: application/json; charset=utf-8
cache-control: no-cache
content-length: 53

16:32:10.809 [AsyncHttpClient-1-3] DEBUG org.asynchttpclient.netty.channel.ChannelManager - Adding key: http://localhost:52937 for channel [id: 0xdc2c1e78, L:/127.0.0.1:50687 - R:localhost/127.0.0.1:52937]
16:32:10.813 [Forwarding getCurrentUrl on session 487e58e3c1c997d6d2887de05595870e to remote] DEBUG org.asynchttpclient.netty.request.NettyRequestSender - Using pooled Channel '[id: 0xdc2c1e78, L:/127.0.0.1:50687 - R:localhost/127.0.0.1:52937]' for 'GET' to 'http://localhost:52937/session/487e58e3c1c997d6d2887de05595870e/url'
16:32:10.813 [Forwarding getCurrentUrl on session 487e58e3c1c997d6d2887de05595870e to remote] DEBUG org.asynchttpclient.netty.request.NettyRequestSender - Using open Channel [id: 0xdc2c1e78, L:/127.0.0.1:50687 - R:localhost/127.0.0.1:52937] for GET '/session/487e58e3c1c997d6d2887de05595870e/url'
16:32:10.817 [AsyncHttpClient-1-3] DEBUG org.asynchttpclient.netty.handler.HttpHandler - 

Request DefaultFullHttpRequest(decodeResult: success, version: HTTP/1.1, content: EmptyByteBufBE)
GET /session/487e58e3c1c997d6d2887de05595870e/url HTTP/1.1
User-Agent: selenium/4.1.2 (java windows)
Cache-Control: no-cache
Content-Type: application/json; charset=utf-8
host: localhost:52937
accept: */*

Response DefaultHttpResponse(decodeResult: success, version: HTTP/1.1)
HTTP/1.1 200 OK
Content-Type: application/json; charset=utf-8
cache-control: no-cache
content-length: 53

16:32:10.818 [AsyncHttpClient-1-3] DEBUG org.asynchttpclient.netty.channel.ChannelManager - Adding key: http://localhost:52937 for channel [id: 0xdc2c1e78, L:/127.0.0.1:50687 - R:localhost/127.0.0.1:52937]
16:32:10.825 [Forwarding screenshot on session 487e58e3c1c997d6d2887de05595870e to remote] DEBUG org.asynchttpclient.netty.request.NettyRequestSender - Using pooled Channel '[id: 0xdc2c1e78, L:/127.0.0.1:50687 - R:localhost/127.0.0.1:52937]' for 'GET' to 'http://localhost:52937/session/487e58e3c1c997d6d2887de05595870e/screenshot'
16:32:10.826 [Forwarding screenshot on session 487e58e3c1c997d6d2887de05595870e to remote] DEBUG org.asynchttpclient.netty.request.NettyRequestSender - Using open Channel [id: 0xdc2c1e78, L:/127.0.0.1:50687 - R:localhost/127.0.0.1:52937] for GET '/session/487e58e3c1c997d6d2887de05595870e/screenshot'
16:32:11.102 [AsyncHttpClient-1-3] DEBUG org.asynchttpclient.netty.handler.HttpHandler - 

Request DefaultFullHttpRequest(decodeResult: success, version: HTTP/1.1, content: EmptyByteBufBE)
GET /session/487e58e3c1c997d6d2887de05595870e/screenshot HTTP/1.1
User-Agent: selenium/4.1.2 (java windows)
Cache-Control: no-cache
Content-Type: application/json; charset=utf-8
host: localhost:52937
accept: */*

Response DefaultHttpResponse(decodeResult: success, version: HTTP/1.1)
HTTP/1.1 200 OK
Content-Type: application/json; charset=utf-8
cache-control: no-cache
content-length: 382596

16:32:11.151 [AsyncHttpClient-1-3] DEBUG org.asynchttpclient.netty.channel.ChannelManager - Adding key: http://localhost:52937 for channel [id: 0xdc2c1e78, L:/127.0.0.1:50687 - R:localhost/127.0.0.1:52937]
16:32:11.193 [main] DEBUG net.serenitybdd.core.photography.Darkroom - Send negative for processing for target\site\serenity\ed15a54c91c342d96a850276df7b559f4526b370fc93040e3c407a48a170f368.png
16:32:11.194 [main] DEBUG net.thucydides.core.steps.StepInterceptor - STEP DONE: openUrl
16:32:11.204 [main] DEBUG net.thucydides.core.steps.StepInterceptor - STARTING STEP: DashboardSteps.iAmOnTheDashboardPage - validateOnDashboardPage
16:32:11.208 [Forwarding findElement on session 487e58e3c1c997d6d2887de05595870e to remote] DEBUG org.asynchttpclient.netty.request.NettyRequestSender - Using pooled Channel '[id: 0xdc2c1e78, L:/127.0.0.1:50687 - R:localhost/127.0.0.1:52937]' for 'POST' to 'http://localhost:52937/session/487e58e3c1c997d6d2887de05595870e/element'
16:32:11.208 [Forwarding findElement on session 487e58e3c1c997d6d2887de05595870e to remote] DEBUG org.asynchttpclient.netty.request.NettyRequestSender - Using open Channel [id: 0xdc2c1e78, L:/127.0.0.1:50687 - R:localhost/127.0.0.1:52937] for POST '/session/487e58e3c1c997d6d2887de05595870e/element'
16:32:11.321 [AsyncHttpClient-1-3] DEBUG org.asynchttpclient.netty.handler.HttpHandler - 

Request DefaultHttpRequest(decodeResult: success, version: HTTP/1.1)
POST /session/487e58e3c1c997d6d2887de05595870e/element HTTP/1.1
User-Agent: selenium/4.1.2 (java windows)
Content-Length: 81
Content-Type: application/json; charset=utf-8
host: localhost:52937
accept: */*

Response DefaultHttpResponse(decodeResult: success, version: HTTP/1.1)
HTTP/1.1 200 OK
Content-Type: application/json; charset=utf-8
cache-control: no-cache
content-length: 88

16:32:11.321 [AsyncHttpClient-1-3] DEBUG org.asynchttpclient.netty.channel.ChannelManager - Adding key: http://localhost:52937 for channel [id: 0xdc2c1e78, L:/127.0.0.1:50687 - R:localhost/127.0.0.1:52937]
16:32:11.327 [Forwarding isElementDisplayed on session 487e58e3c1c997d6d2887de05595870e to remote] DEBUG org.asynchttpclient.netty.request.NettyRequestSender - Using pooled Channel '[id: 0xdc2c1e78, L:/127.0.0.1:50687 - R:localhost/127.0.0.1:52937]' for 'POST' to 'http://localhost:52937/session/487e58e3c1c997d6d2887de05595870e/execute/sync'
16:32:11.327 [Forwarding isElementDisplayed on session 487e58e3c1c997d6d2887de05595870e to remote] DEBUG org.asynchttpclient.netty.request.NettyRequestSender - Using open Channel [id: 0xdc2c1e78, L:/127.0.0.1:50687 - R:localhost/127.0.0.1:52937] for POST '/session/487e58e3c1c997d6d2887de05595870e/execute/sync'
16:32:11.352 [AsyncHttpClient-1-3] DEBUG org.asynchttpclient.netty.handler.HttpHandler - 

Request DefaultHttpRequest(decodeResult: success, version: HTTP/1.1)
POST /session/487e58e3c1c997d6d2887de05595870e/execute/sync HTTP/1.1
User-Agent: selenium/4.1.2 (java windows)
Content-Length: 48780
Content-Type: application/json; charset=utf-8
host: localhost:52937
accept: */*

Response DefaultHttpResponse(decodeResult: success, version: HTTP/1.1)
HTTP/1.1 200 OK
Content-Type: application/json; charset=utf-8
cache-control: no-cache
content-length: 14

16:32:11.352 [AsyncHttpClient-1-3] DEBUG org.asynchttpclient.netty.channel.ChannelManager - Adding key: http://localhost:52937 for channel [id: 0xdc2c1e78, L:/127.0.0.1:50687 - R:localhost/127.0.0.1:52937]
16:32:11.358 [Forwarding screenshot on session 487e58e3c1c997d6d2887de05595870e to remote] DEBUG org.asynchttpclient.netty.request.NettyRequestSender - Using pooled Channel '[id: 0xdc2c1e78, L:/127.0.0.1:50687 - R:localhost/127.0.0.1:52937]' for 'GET' to 'http://localhost:52937/session/487e58e3c1c997d6d2887de05595870e/screenshot'
16:32:11.358 [Forwarding screenshot on session 487e58e3c1c997d6d2887de05595870e to remote] DEBUG org.asynchttpclient.netty.request.NettyRequestSender - Using open Channel [id: 0xdc2c1e78, L:/127.0.0.1:50687 - R:localhost/127.0.0.1:52937] for GET '/session/487e58e3c1c997d6d2887de05595870e/screenshot'
16:32:11.629 [AsyncHttpClient-1-3] DEBUG org.asynchttpclient.netty.handler.HttpHandler - 

Request DefaultFullHttpRequest(decodeResult: success, version: HTTP/1.1, content: EmptyByteBufBE)
GET /session/487e58e3c1c997d6d2887de05595870e/screenshot HTTP/1.1
User-Agent: selenium/4.1.2 (java windows)
Cache-Control: no-cache
Content-Type: application/json; charset=utf-8
host: localhost:52937
accept: */*

Response DefaultHttpResponse(decodeResult: success, version: HTTP/1.1)
HTTP/1.1 200 OK
Content-Type: application/json; charset=utf-8
cache-control: no-cache
content-length: 351816

16:32:11.631 [AsyncHttpClient-1-3] DEBUG org.asynchttpclient.netty.channel.ChannelManager - Adding key: http://localhost:52937 for channel [id: 0xdc2c1e78, L:/127.0.0.1:50687 - R:localhost/127.0.0.1:52937]
16:32:11.651 [main] DEBUG net.serenitybdd.core.photography.Darkroom - Send negative for processing for target\site\serenity\20277f1d76f1b925628464fcd1ece5de77a814679d1be3fdcf836a7ddadfed60.png
16:32:11.651 [main] DEBUG net.thucydides.core.steps.StepInterceptor - STEP DONE: validateOnDashboardPage
  &amp#27;[32mGiven &amp#27;[0m&amp#27;[32mI am on the dashboard page&amp#27;[0m                                              &amp#27;[90m# starter.stepdefinitions.DashboardSteps.iAmOnTheDashboardPage()&amp#27;[0m
16:32:11.677 [main] DEBUG net.thucydides.core.steps.StepInterceptor - STARTING STEP: AppointmentSteps.iClickMenuAppointment - clickMenuAppointmentButton
16:32:11.681 [Forwarding findElement on session 487e58e3c1c997d6d2887de05595870e to remote] DEBUG org.asynchttpclient.netty.request.NettyRequestSender - Using pooled Channel '[id: 0xdc2c1e78, L:/127.0.0.1:50687 - R:localhost/127.0.0.1:52937]' for 'POST' to 'http://localhost:52937/session/487e58e3c1c997d6d2887de05595870e/element'
16:32:11.681 [Forwarding findElement on session 487e58e3c1c997d6d2887de05595870e to remote] DEBUG org.asynchttpclient.netty.request.NettyRequestSender - Using open Channel [id: 0xdc2c1e78, L:/127.0.0.1:50687 - R:localhost/127.0.0.1:52937] for POST '/session/487e58e3c1c997d6d2887de05595870e/element'
16:32:11.697 [AsyncHttpClient-1-3] DEBUG org.asynchttpclient.netty.handler.HttpHandler - 

Request DefaultHttpRequest(decodeResult: success, version: HTTP/1.1)
POST /session/487e58e3c1c997d6d2887de05595870e/element HTTP/1.1
User-Agent: selenium/4.1.2 (java windows)
Content-Length: 84
Content-Type: application/json; charset=utf-8
host: localhost:52937
accept: */*

Response DefaultHttpResponse(decodeResult: success, version: HTTP/1.1)
HTTP/1.1 200 OK
Content-Type: application/json; charset=utf-8
cache-control: no-cache
content-length: 88

16:32:11.697 [AsyncHttpClient-1-3] DEBUG org.asynchttpclient.netty.channel.ChannelManager - Adding key: http://localhost:52937 for channel [id: 0xdc2c1e78, L:/127.0.0.1:50687 - R:localhost/127.0.0.1:52937]
16:32:11.699 [Forwarding getElementTagName on session 487e58e3c1c997d6d2887de05595870e to remote] DEBUG org.asynchttpclient.netty.request.NettyRequestSender - Using pooled Channel '[id: 0xdc2c1e78, L:/127.0.0.1:50687 - R:localhost/127.0.0.1:52937]' for 'GET' to 'http://localhost:52937/session/487e58e3c1c997d6d2887de05595870e/element/f6fa52c9-4717-4cc1-97f8-4ed44895f68a/name'
16:32:11.699 [Forwarding getElementTagName on session 487e58e3c1c997d6d2887de05595870e to remote] DEBUG org.asynchttpclient.netty.request.NettyRequestSender - Using open Channel [id: 0xdc2c1e78, L:/127.0.0.1:50687 - R:localhost/127.0.0.1:52937] for GET '/session/487e58e3c1c997d6d2887de05595870e/element/f6fa52c9-4717-4cc1-97f8-4ed44895f68a/name'
16:32:11.706 [AsyncHttpClient-1-3] DEBUG org.asynchttpclient.netty.handler.HttpHandler - 

Request DefaultFullHttpRequest(decodeResult: success, version: HTTP/1.1, content: EmptyByteBufBE)
GET /session/487e58e3c1c997d6d2887de05595870e/element/f6fa52c9-4717-4cc1-97f8-4ed44895f68a/name HTTP/1.1
User-Agent: selenium/4.1.2 (java windows)
Cache-Control: no-cache
Content-Type: application/json; charset=utf-8
host: localhost:52937
accept: */*

Response DefaultHttpResponse(decodeResult: success, version: HTTP/1.1)
HTTP/1.1 200 OK
Content-Type: application/json; charset=utf-8
cache-control: no-cache
content-length: 15

16:32:11.706 [AsyncHttpClient-1-3] DEBUG org.asynchttpclient.netty.channel.ChannelManager - Adding key: http://localhost:52937 for channel [id: 0xdc2c1e78, L:/127.0.0.1:50687 - R:localhost/127.0.0.1:52937]
16:32:11.708 [Forwarding getElementTagName on session 487e58e3c1c997d6d2887de05595870e to remote] DEBUG org.asynchttpclient.netty.request.NettyRequestSender - Using pooled Channel '[id: 0xdc2c1e78, L:/127.0.0.1:50687 - R:localhost/127.0.0.1:52937]' for 'GET' to 'http://localhost:52937/session/487e58e3c1c997d6d2887de05595870e/element/f6fa52c9-4717-4cc1-97f8-4ed44895f68a/name'
16:32:11.708 [Forwarding getElementTagName on session 487e58e3c1c997d6d2887de05595870e to remote] DEBUG org.asynchttpclient.netty.request.NettyRequestSender - Using open Channel [id: 0xdc2c1e78, L:/127.0.0.1:50687 - R:localhost/127.0.0.1:52937] for GET '/session/487e58e3c1c997d6d2887de05595870e/element/f6fa52c9-4717-4cc1-97f8-4ed44895f68a/name'
16:32:11.712 [AsyncHttpClient-1-3] DEBUG org.asynchttpclient.netty.handler.HttpHandler - 

Request DefaultFullHttpRequest(decodeResult: success, version: HTTP/1.1, content: EmptyByteBufBE)
GET /session/487e58e3c1c997d6d2887de05595870e/element/f6fa52c9-4717-4cc1-97f8-4ed44895f68a/name HTTP/1.1
User-Agent: selenium/4.1.2 (java windows)
Cache-Control: no-cache
Content-Type: application/json; charset=utf-8
host: localhost:52937
accept: */*

Response DefaultHttpResponse(decodeResult: success, version: HTTP/1.1)
HTTP/1.1 200 OK
Content-Type: application/json; charset=utf-8
cache-control: no-cache
content-length: 15

16:32:11.712 [AsyncHttpClient-1-3] DEBUG org.asynchttpclient.netty.channel.ChannelManager - Adding key: http://localhost:52937 for channel [id: 0xdc2c1e78, L:/127.0.0.1:50687 - R:localhost/127.0.0.1:52937]
16:32:11.714 [Forwarding findElement on session 487e58e3c1c997d6d2887de05595870e to remote] DEBUG org.asynchttpclient.netty.request.NettyRequestSender - Using pooled Channel '[id: 0xdc2c1e78, L:/127.0.0.1:50687 - R:localhost/127.0.0.1:52937]' for 'POST' to 'http://localhost:52937/session/487e58e3c1c997d6d2887de05595870e/element'
16:32:11.714 [Forwarding findElement on session 487e58e3c1c997d6d2887de05595870e to remote] DEBUG org.asynchttpclient.netty.request.NettyRequestSender - Using open Channel [id: 0xdc2c1e78, L:/127.0.0.1:50687 - R:localhost/127.0.0.1:52937] for POST '/session/487e58e3c1c997d6d2887de05595870e/element'
16:32:11.723 [AsyncHttpClient-1-3] DEBUG org.asynchttpclient.netty.handler.HttpHandler - 

Request DefaultHttpRequest(decodeResult: success, version: HTTP/1.1)
POST /session/487e58e3c1c997d6d2887de05595870e/element HTTP/1.1
User-Agent: selenium/4.1.2 (java windows)
Content-Length: 84
Content-Type: application/json; charset=utf-8
host: localhost:52937
accept: */*

Response DefaultHttpResponse(decodeResult: success, version: HTTP/1.1)
HTTP/1.1 200 OK
Content-Type: application/json; charset=utf-8
cache-control: no-cache
content-length: 88

16:32:11.723 [AsyncHttpClient-1-3] DEBUG org.asynchttpclient.netty.channel.ChannelManager - Adding key: http://localhost:52937 for channel [id: 0xdc2c1e78, L:/127.0.0.1:50687 - R:localhost/127.0.0.1:52937]
16:32:11.734 [Forwarding clickElement on session 487e58e3c1c997d6d2887de05595870e to remote] DEBUG org.asynchttpclient.netty.request.NettyRequestSender - Using pooled Channel '[id: 0xdc2c1e78, L:/127.0.0.1:50687 - R:localhost/127.0.0.1:52937]' for 'POST' to 'http://localhost:52937/session/487e58e3c1c997d6d2887de05595870e/element/f6fa52c9-4717-4cc1-97f8-4ed44895f68a/click'
16:32:11.734 [Forwarding clickElement on session 487e58e3c1c997d6d2887de05595870e to remote] DEBUG org.asynchttpclient.netty.request.NettyRequestSender - Using open Channel [id: 0xdc2c1e78, L:/127.0.0.1:50687 - R:localhost/127.0.0.1:52937] for POST '/session/487e58e3c1c997d6d2887de05595870e/element/f6fa52c9-4717-4cc1-97f8-4ed44895f68a/click'
16:32:11.737 [AsyncHttpClient-1-1] DEBUG org.asynchttpclient.netty.channel.DefaultChannelPool - Entry count for : http://localhost:50689 : 1
16:32:11.953 [AsyncHttpClient-1-3] DEBUG org.asynchttpclient.netty.handler.HttpHandler - 

Request DefaultHttpRequest(decodeResult: success, version: HTTP/1.1)
POST /session/487e58e3c1c997d6d2887de05595870e/element/f6fa52c9-4717-4cc1-97f8-4ed44895f68a/click HTTP/1.1
User-Agent: selenium/4.1.2 (java windows)
Content-Length: 50
Content-Type: application/json; charset=utf-8
host: localhost:52937
accept: */*

Response DefaultHttpResponse(decodeResult: success, version: HTTP/1.1)
HTTP/1.1 200 OK
Content-Type: application/json; charset=utf-8
cache-control: no-cache
content-length: 14

16:32:11.954 [AsyncHttpClient-1-3] DEBUG org.asynchttpclient.netty.channel.ChannelManager - Adding key: http://localhost:52937 for channel [id: 0xdc2c1e78, L:/127.0.0.1:50687 - R:localhost/127.0.0.1:52937]
16:32:11.965 [Forwarding screenshot on session 487e58e3c1c997d6d2887de05595870e to remote] DEBUG org.asynchttpclient.netty.request.NettyRequestSender - Using pooled Channel '[id: 0xdc2c1e78, L:/127.0.0.1:50687 - R:localhost/127.0.0.1:52937]' for 'GET' to 'http://localhost:52937/session/487e58e3c1c997d6d2887de05595870e/screenshot'
16:32:11.966 [Forwarding screenshot on session 487e58e3c1c997d6d2887de05595870e to remote] DEBUG org.asynchttpclient.netty.request.NettyRequestSender - Using open Channel [id: 0xdc2c1e78, L:/127.0.0.1:50687 - R:localhost/127.0.0.1:52937] for GET '/session/487e58e3c1c997d6d2887de05595870e/screenshot'
16:32:12.104 [AsyncHttpClient-1-3] DEBUG org.asynchttpclient.netty.handler.HttpHandler - 

Request DefaultFullHttpRequest(decodeResult: success, version: HTTP/1.1, content: EmptyByteBufBE)
GET /session/487e58e3c1c997d6d2887de05595870e/screenshot HTTP/1.1
User-Agent: selenium/4.1.2 (java windows)
Cache-Control: no-cache
Content-Type: application/json; charset=utf-8
host: localhost:52937
accept: */*

Response DefaultHttpResponse(decodeResult: success, version: HTTP/1.1)
HTTP/1.1 200 OK
Content-Type: application/json; charset=utf-8
cache-control: no-cache
content-length: 77776

16:32:12.104 [AsyncHttpClient-1-3] DEBUG org.asynchttpclient.netty.channel.ChannelManager - Adding key: http://localhost:52937 for channel [id: 0xdc2c1e78, L:/127.0.0.1:50687 - R:localhost/127.0.0.1:52937]
16:32:12.109 [main] DEBUG net.serenitybdd.core.photography.Darkroom - Send negative for processing for target\site\serenity\dde6ee49eef829c4844cc40a8aaa4d6e912eaee4e88eb74d4e912a38905c5f6b.png
16:32:12.109 [main] DEBUG net.thucydides.core.steps.StepInterceptor - STEP DONE: clickMenuAppointmentButton
  &amp#27;[32mAnd &amp#27;[0m&amp#27;[32mI click menu Appointment&amp#27;[0m                                                  &amp#27;[90m# starter.stepdefinitions.AppointmentSteps.iClickMenuAppointment()&amp#27;[0m
16:32:12.134 [main] DEBUG net.thucydides.core.steps.StepInterceptor - STARTING STEP: AppointmentSteps.iClickAppointmentDepartmentDropdown - clickFilterDropdown
16:32:12.138 [Forwarding findElement on session 487e58e3c1c997d6d2887de05595870e to remote] DEBUG org.asynchttpclient.netty.request.NettyRequestSender - Using pooled Channel '[id: 0xdc2c1e78, L:/127.0.0.1:50687 - R:localhost/127.0.0.1:52937]' for 'POST' to 'http://localhost:52937/session/487e58e3c1c997d6d2887de05595870e/element'
16:32:12.139 [Forwarding findElement on session 487e58e3c1c997d6d2887de05595870e to remote] DEBUG org.asynchttpclient.netty.request.NettyRequestSender - Using open Channel [id: 0xdc2c1e78, L:/127.0.0.1:50687 - R:localhost/127.0.0.1:52937] for POST '/session/487e58e3c1c997d6d2887de05595870e/element'
16:32:12.173 [AsyncHttpClient-1-3] DEBUG org.asynchttpclient.netty.handler.HttpHandler - 

Request DefaultHttpRequest(decodeResult: success, version: HTTP/1.1)
POST /session/487e58e3c1c997d6d2887de05595870e/element HTTP/1.1
User-Agent: selenium/4.1.2 (java windows)
Content-Length: 146
Content-Type: application/json; charset=utf-8
host: localhost:52937
accept: */*

Response DefaultHttpResponse(decodeResult: success, version: HTTP/1.1)
HTTP/1.1 200 OK
Content-Type: application/json; charset=utf-8
cache-control: no-cache
content-length: 88

16:32:12.173 [AsyncHttpClient-1-3] DEBUG org.asynchttpclient.netty.channel.ChannelManager - Adding key: http://localhost:52937 for channel [id: 0xdc2c1e78, L:/127.0.0.1:50687 - R:localhost/127.0.0.1:52937]
16:32:12.175 [Forwarding getElementTagName on session 487e58e3c1c997d6d2887de05595870e to remote] DEBUG org.asynchttpclient.netty.request.NettyRequestSender - Using pooled Channel '[id: 0xdc2c1e78, L:/127.0.0.1:50687 - R:localhost/127.0.0.1:52937]' for 'GET' to 'http://localhost:52937/session/487e58e3c1c997d6d2887de05595870e/element/2abc22f6-66b9-4673-bacb-454a7285f9f3/name'
16:32:12.175 [Forwarding getElementTagName on session 487e58e3c1c997d6d2887de05595870e to remote] DEBUG org.asynchttpclient.netty.request.NettyRequestSender - Using open Channel [id: 0xdc2c1e78, L:/127.0.0.1:50687 - R:localhost/127.0.0.1:52937] for GET '/session/487e58e3c1c997d6d2887de05595870e/element/2abc22f6-66b9-4673-bacb-454a7285f9f3/name'
16:32:12.181 [AsyncHttpClient-1-3] DEBUG org.asynchttpclient.netty.handler.HttpHandler - 

Request DefaultFullHttpRequest(decodeResult: success, version: HTTP/1.1, content: EmptyByteBufBE)
GET /session/487e58e3c1c997d6d2887de05595870e/element/2abc22f6-66b9-4673-bacb-454a7285f9f3/name HTTP/1.1
User-Agent: selenium/4.1.2 (java windows)
Cache-Control: no-cache
Content-Type: application/json; charset=utf-8
host: localhost:52937
accept: */*

Response DefaultHttpResponse(decodeResult: success, version: HTTP/1.1)
HTTP/1.1 200 OK
Content-Type: application/json; charset=utf-8
cache-control: no-cache
content-length: 15

16:32:12.181 [AsyncHttpClient-1-3] DEBUG org.asynchttpclient.netty.channel.ChannelManager - Adding key: http://localhost:52937 for channel [id: 0xdc2c1e78, L:/127.0.0.1:50687 - R:localhost/127.0.0.1:52937]
16:32:12.182 [Forwarding getElementTagName on session 487e58e3c1c997d6d2887de05595870e to remote] DEBUG org.asynchttpclient.netty.request.NettyRequestSender - Using pooled Channel '[id: 0xdc2c1e78, L:/127.0.0.1:50687 - R:localhost/127.0.0.1:52937]' for 'GET' to 'http://localhost:52937/session/487e58e3c1c997d6d2887de05595870e/element/2abc22f6-66b9-4673-bacb-454a7285f9f3/name'
16:32:12.182 [Forwarding getElementTagName on session 487e58e3c1c997d6d2887de05595870e to remote] DEBUG org.asynchttpclient.netty.request.NettyRequestSender - Using open Channel [id: 0xdc2c1e78, L:/127.0.0.1:50687 - R:localhost/127.0.0.1:52937] for GET '/session/487e58e3c1c997d6d2887de05595870e/element/2abc22f6-66b9-4673-bacb-454a7285f9f3/name'
16:32:12.188 [AsyncHttpClient-1-3] DEBUG org.asynchttpclient.netty.handler.HttpHandler - 

Request DefaultFullHttpRequest(decodeResult: success, version: HTTP/1.1, content: EmptyByteBufBE)
GET /session/487e58e3c1c997d6d2887de05595870e/element/2abc22f6-66b9-4673-bacb-454a7285f9f3/name HTTP/1.1
User-Agent: selenium/4.1.2 (java windows)
Cache-Control: no-cache
Content-Type: application/json; charset=utf-8
host: localhost:52937
accept: */*

Response DefaultHttpResponse(decodeResult: success, version: HTTP/1.1)
HTTP/1.1 200 OK
Content-Type: application/json; charset=utf-8
cache-control: no-cache
content-length: 15

16:32:12.188 [AsyncHttpClient-1-3] DEBUG org.asynchttpclient.netty.channel.ChannelManager - Adding key: http://localhost:52937 for channel [id: 0xdc2c1e78, L:/127.0.0.1:50687 - R:localhost/127.0.0.1:52937]
16:32:12.305 [Forwarding findElement on session 487e58e3c1c997d6d2887de05595870e to remote] DEBUG org.asynchttpclient.netty.request.NettyRequestSender - Using pooled Channel '[id: 0xdc2c1e78, L:/127.0.0.1:50687 - R:localhost/127.0.0.1:52937]' for 'POST' to 'http://localhost:52937/session/487e58e3c1c997d6d2887de05595870e/element'
16:32:12.305 [Forwarding findElement on session 487e58e3c1c997d6d2887de05595870e to remote] DEBUG org.asynchttpclient.netty.request.NettyRequestSender - Using open Channel [id: 0xdc2c1e78, L:/127.0.0.1:50687 - R:localhost/127.0.0.1:52937] for POST '/session/487e58e3c1c997d6d2887de05595870e/element'
16:32:12.314 [AsyncHttpClient-1-3] DEBUG org.asynchttpclient.netty.handler.HttpHandler - 

Request DefaultHttpRequest(decodeResult: success, version: HTTP/1.1)
POST /session/487e58e3c1c997d6d2887de05595870e/element HTTP/1.1
User-Agent: selenium/4.1.2 (java windows)
Content-Length: 146
Content-Type: application/json; charset=utf-8
host: localhost:52937
accept: */*

Response DefaultHttpResponse(decodeResult: success, version: HTTP/1.1)
HTTP/1.1 200 OK
Content-Type: application/json; charset=utf-8
cache-control: no-cache
content-length: 88

16:32:12.314 [AsyncHttpClient-1-3] DEBUG org.asynchttpclient.netty.channel.ChannelManager - Adding key: http://localhost:52937 for channel [id: 0xdc2c1e78, L:/127.0.0.1:50687 - R:localhost/127.0.0.1:52937]
16:32:12.315 [Forwarding clickElement on session 487e58e3c1c997d6d2887de05595870e to remote] DEBUG org.asynchttpclient.netty.request.NettyRequestSender - Using pooled Channel '[id: 0xdc2c1e78, L:/127.0.0.1:50687 - R:localhost/127.0.0.1:52937]' for 'POST' to 'http://localhost:52937/session/487e58e3c1c997d6d2887de05595870e/element/2abc22f6-66b9-4673-bacb-454a7285f9f3/click'
16:32:12.315 [Forwarding clickElement on session 487e58e3c1c997d6d2887de05595870e to remote] DEBUG org.asynchttpclient.netty.request.NettyRequestSender - Using open Channel [id: 0xdc2c1e78, L:/127.0.0.1:50687 - R:localhost/127.0.0.1:52937] for POST '/session/487e58e3c1c997d6d2887de05595870e/element/2abc22f6-66b9-4673-bacb-454a7285f9f3/click'
16:32:12.422 [AsyncHttpClient-1-3] DEBUG org.asynchttpclient.netty.handler.HttpHandler - 

Request DefaultHttpRequest(decodeResult: success, version: HTTP/1.1)
POST /session/487e58e3c1c997d6d2887de05595870e/element/2abc22f6-66b9-4673-bacb-454a7285f9f3/click HTTP/1.1
User-Agent: selenium/4.1.2 (java windows)
Content-Length: 50
Content-Type: application/json; charset=utf-8
host: localhost:52937
accept: */*

Response DefaultHttpResponse(decodeResult: success, version: HTTP/1.1)
HTTP/1.1 200 OK
Content-Type: application/json; charset=utf-8
cache-control: no-cache
content-length: 14

16:32:12.423 [AsyncHttpClient-1-3] DEBUG org.asynchttpclient.netty.channel.ChannelManager - Adding key: http://localhost:52937 for channel [id: 0xdc2c1e78, L:/127.0.0.1:50687 - R:localhost/127.0.0.1:52937]
16:32:12.433 [Forwarding screenshot on session 487e58e3c1c997d6d2887de05595870e to remote] DEBUG org.asynchttpclient.netty.request.NettyRequestSender - Using pooled Channel '[id: 0xdc2c1e78, L:/127.0.0.1:50687 - R:localhost/127.0.0.1:52937]' for 'GET' to 'http://localhost:52937/session/487e58e3c1c997d6d2887de05595870e/screenshot'
16:32:12.433 [Forwarding screenshot on session 487e58e3c1c997d6d2887de05595870e to remote] DEBUG org.asynchttpclient.netty.request.NettyRequestSender - Using open Channel [id: 0xdc2c1e78, L:/127.0.0.1:50687 - R:localhost/127.0.0.1:52937] for GET '/session/487e58e3c1c997d6d2887de05595870e/screenshot'
16:32:12.577 [AsyncHttpClient-1-3] DEBUG org.asynchttpclient.netty.handler.HttpHandler - 

Request DefaultFullHttpRequest(decodeResult: success, version: HTTP/1.1, content: EmptyByteBufBE)
GET /session/487e58e3c1c997d6d2887de05595870e/screenshot HTTP/1.1
User-Agent: selenium/4.1.2 (java windows)
Cache-Control: no-cache
Content-Type: application/json; charset=utf-8
host: localhost:52937
accept: */*

Response DefaultHttpResponse(decodeResult: success, version: HTTP/1.1)
HTTP/1.1 200 OK
Content-Type: application/json; charset=utf-8
cache-control: no-cache
content-length: 87288

16:32:12.578 [AsyncHttpClient-1-3] DEBUG org.asynchttpclient.netty.channel.ChannelManager - Adding key: http://localhost:52937 for channel [id: 0xdc2c1e78, L:/127.0.0.1:50687 - R:localhost/127.0.0.1:52937]
16:32:12.584 [main] DEBUG net.serenitybdd.core.photography.Darkroom - Send negative for processing for target\site\serenity\96cbc85f9b83820dcd40dcf165cf6c756e5f6888bbce5a6053459a924839ac02.png
16:32:12.584 [main] DEBUG net.thucydides.core.steps.StepInterceptor - STEP DONE: clickFilterDropdown
  &amp#27;[32mWhen &amp#27;[0m&amp#27;[32mI click Appointment Department Filter Dropdown&amp#27;[0m                           &amp#27;[90m# starter.stepdefinitions.AppointmentSteps.iClickAppointmentDepartmentDropdown()&amp#27;[0m
16:32:12.584 [Darkroom Processing Line] DEBUG net.serenitybdd.core.photography.DarkroomProcessingLine - Processing screenshot image in /var/screenshots/screenshot-5792637910019071609
16:32:12.584 [Darkroom Processing Line] DEBUG net.serenitybdd.core.photography.DarkroomProcessingLine - Saving screenshot to target\site\serenity\96cbc85f9b83820dcd40dcf165cf6c756e5f6888bbce5a6053459a924839ac02.png
16:32:12.606 [main] DEBUG net.thucydides.core.steps.StepInterceptor - STARTING STEP: AppointmentSteps.iClickAppointmentGynecology - clickGynecologyMenu
16:32:12.611 [Forwarding findElement on session 487e58e3c1c997d6d2887de05595870e to remote] DEBUG org.asynchttpclient.netty.request.NettyRequestSender - Using pooled Channel '[id: 0xdc2c1e78, L:/127.0.0.1:50687 - R:localhost/127.0.0.1:52937]' for 'POST' to 'http://localhost:52937/session/487e58e3c1c997d6d2887de05595870e/element'
16:32:12.611 [Forwarding findElement on session 487e58e3c1c997d6d2887de05595870e to remote] DEBUG org.asynchttpclient.netty.request.NettyRequestSender - Using open Channel [id: 0xdc2c1e78, L:/127.0.0.1:50687 - R:localhost/127.0.0.1:52937] for POST '/session/487e58e3c1c997d6d2887de05595870e/element'
16:32:12.631 [AsyncHttpClient-1-3] DEBUG org.asynchttpclient.netty.handler.HttpHandler - 

Request DefaultHttpRequest(decodeResult: success, version: HTTP/1.1)
POST /session/487e58e3c1c997d6d2887de05595870e/element HTTP/1.1
User-Agent: selenium/4.1.2 (java windows)
Content-Length: 109
Content-Type: application/json; charset=utf-8
host: localhost:52937
accept: */*

Response DefaultHttpResponse(decodeResult: success, version: HTTP/1.1)
HTTP/1.1 200 OK
Content-Type: application/json; charset=utf-8
cache-control: no-cache
content-length: 88

16:32:12.631 [AsyncHttpClient-1-3] DEBUG org.asynchttpclient.netty.channel.ChannelManager - Adding key: http://localhost:52937 for channel [id: 0xdc2c1e78, L:/127.0.0.1:50687 - R:localhost/127.0.0.1:52937]
16:32:12.634 [Forwarding getElementTagName on session 487e58e3c1c997d6d2887de05595870e to remote] DEBUG org.asynchttpclient.netty.request.NettyRequestSender - Using pooled Channel '[id: 0xdc2c1e78, L:/127.0.0.1:50687 - R:localhost/127.0.0.1:52937]' for 'GET' to 'http://localhost:52937/session/487e58e3c1c997d6d2887de05595870e/element/dec8e616-3af3-492c-b8b9-338967102eb4/name'
16:32:12.634 [Forwarding getElementTagName on session 487e58e3c1c997d6d2887de05595870e to remote] DEBUG org.asynchttpclient.netty.request.NettyRequestSender - Using open Channel [id: 0xdc2c1e78, L:/127.0.0.1:50687 - R:localhost/127.0.0.1:52937] for GET '/session/487e58e3c1c997d6d2887de05595870e/element/dec8e616-3af3-492c-b8b9-338967102eb4/name'
16:32:12.639 [AsyncHttpClient-1-3] DEBUG org.asynchttpclient.netty.handler.HttpHandler - 

Request DefaultFullHttpRequest(decodeResult: success, version: HTTP/1.1, content: EmptyByteBufBE)
GET /session/487e58e3c1c997d6d2887de05595870e/element/dec8e616-3af3-492c-b8b9-338967102eb4/name HTTP/1.1
User-Agent: selenium/4.1.2 (java windows)
Cache-Control: no-cache
Content-Type: application/json; charset=utf-8
host: localhost:52937
accept: */*

Response DefaultHttpResponse(decodeResult: success, version: HTTP/1.1)
HTTP/1.1 200 OK
Content-Type: application/json; charset=utf-8
cache-control: no-cache
content-length: 14

16:32:12.639 [AsyncHttpClient-1-3] DEBUG org.asynchttpclient.netty.channel.ChannelManager - Adding key: http://localhost:52937 for channel [id: 0xdc2c1e78, L:/127.0.0.1:50687 - R:localhost/127.0.0.1:52937]
16:32:12.641 [Forwarding getElementTagName on session 487e58e3c1c997d6d2887de05595870e to remote] DEBUG org.asynchttpclient.netty.request.NettyRequestSender - Using pooled Channel '[id: 0xdc2c1e78, L:/127.0.0.1:50687 - R:localhost/127.0.0.1:52937]' for 'GET' to 'http://localhost:52937/session/487e58e3c1c997d6d2887de05595870e/element/dec8e616-3af3-492c-b8b9-338967102eb4/name'
16:32:12.641 [Forwarding getElementTagName on session 487e58e3c1c997d6d2887de05595870e to remote] DEBUG org.asynchttpclient.netty.request.NettyRequestSender - Using open Channel [id: 0xdc2c1e78, L:/127.0.0.1:50687 - R:localhost/127.0.0.1:52937] for GET '/session/487e58e3c1c997d6d2887de05595870e/element/dec8e616-3af3-492c-b8b9-338967102eb4/name'
16:32:12.646 [AsyncHttpClient-1-3] DEBUG org.asynchttpclient.netty.handler.HttpHandler - 

Request DefaultFullHttpRequest(decodeResult: success, version: HTTP/1.1, content: EmptyByteBufBE)
GET /session/487e58e3c1c997d6d2887de05595870e/element/dec8e616-3af3-492c-b8b9-338967102eb4/name HTTP/1.1
User-Agent: selenium/4.1.2 (java windows)
Cache-Control: no-cache
Content-Type: application/json; charset=utf-8
host: localhost:52937
accept: */*

Response DefaultHttpResponse(decodeResult: success, version: HTTP/1.1)
HTTP/1.1 200 OK
Content-Type: application/json; charset=utf-8
cache-control: no-cache
content-length: 14

16:32:12.647 [AsyncHttpClient-1-3] DEBUG org.asynchttpclient.netty.channel.ChannelManager - Adding key: http://localhost:52937 for channel [id: 0xdc2c1e78, L:/127.0.0.1:50687 - R:localhost/127.0.0.1:52937]
16:32:12.649 [Forwarding findElement on session 487e58e3c1c997d6d2887de05595870e to remote] DEBUG org.asynchttpclient.netty.request.NettyRequestSender - Using pooled Channel '[id: 0xdc2c1e78, L:/127.0.0.1:50687 - R:localhost/127.0.0.1:52937]' for 'POST' to 'http://localhost:52937/session/487e58e3c1c997d6d2887de05595870e/element'
16:32:12.650 [Forwarding findElement on session 487e58e3c1c997d6d2887de05595870e to remote] DEBUG org.asynchttpclient.netty.request.NettyRequestSender - Using open Channel [id: 0xdc2c1e78, L:/127.0.0.1:50687 - R:localhost/127.0.0.1:52937] for POST '/session/487e58e3c1c997d6d2887de05595870e/element'
16:32:12.660 [AsyncHttpClient-1-3] DEBUG org.asynchttpclient.netty.handler.HttpHandler - 

Request DefaultHttpRequest(decodeResult: success, version: HTTP/1.1)
POST /session/487e58e3c1c997d6d2887de05595870e/element HTTP/1.1
User-Agent: selenium/4.1.2 (java windows)
Content-Length: 109
Content-Type: application/json; charset=utf-8
host: localhost:52937
accept: */*

Response DefaultHttpResponse(decodeResult: success, version: HTTP/1.1)
HTTP/1.1 200 OK
Content-Type: application/json; charset=utf-8
cache-control: no-cache
content-length: 88

16:32:12.660 [AsyncHttpClient-1-3] DEBUG org.asynchttpclient.netty.channel.ChannelManager - Adding key: http://localhost:52937 for channel [id: 0xdc2c1e78, L:/127.0.0.1:50687 - R:localhost/127.0.0.1:52937]
16:32:12.662 [Forwarding clickElement on session 487e58e3c1c997d6d2887de05595870e to remote] DEBUG org.asynchttpclient.netty.request.NettyRequestSender - Using pooled Channel '[id: 0xdc2c1e78, L:/127.0.0.1:50687 - R:localhost/127.0.0.1:52937]' for 'POST' to 'http://localhost:52937/session/487e58e3c1c997d6d2887de05595870e/element/dec8e616-3af3-492c-b8b9-338967102eb4/click'
16:32:12.662 [Forwarding clickElement on session 487e58e3c1c997d6d2887de05595870e to remote] DEBUG org.asynchttpclient.netty.request.NettyRequestSender - Using open Channel [id: 0xdc2c1e78, L:/127.0.0.1:50687 - R:localhost/127.0.0.1:52937] for POST '/session/487e58e3c1c997d6d2887de05595870e/element/dec8e616-3af3-492c-b8b9-338967102eb4/click'
16:32:12.840 [AsyncHttpClient-1-1] DEBUG org.asynchttpclient.netty.channel.DefaultChannelPool - Entry count for : http://localhost:50689 : 1
16:32:12.868 [AsyncHttpClient-1-3] DEBUG org.asynchttpclient.netty.handler.HttpHandler - 

Request DefaultHttpRequest(decodeResult: success, version: HTTP/1.1)
POST /session/487e58e3c1c997d6d2887de05595870e/element/dec8e616-3af3-492c-b8b9-338967102eb4/click HTTP/1.1
User-Agent: selenium/4.1.2 (java windows)
Content-Length: 50
Content-Type: application/json; charset=utf-8
host: localhost:52937
accept: */*

Response DefaultHttpResponse(decodeResult: success, version: HTTP/1.1)
HTTP/1.1 200 OK
Content-Type: application/json; charset=utf-8
cache-control: no-cache
content-length: 14

16:32:12.868 [AsyncHttpClient-1-3] DEBUG org.asynchttpclient.netty.channel.ChannelManager - Adding key: http://localhost:52937 for channel [id: 0xdc2c1e78, L:/127.0.0.1:50687 - R:localhost/127.0.0.1:52937]
16:32:12.881 [Forwarding screenshot on session 487e58e3c1c997d6d2887de05595870e to remote] DEBUG org.asynchttpclient.netty.request.NettyRequestSender - Using pooled Channel '[id: 0xdc2c1e78, L:/127.0.0.1:50687 - R:localhost/127.0.0.1:52937]' for 'GET' to 'http://localhost:52937/session/487e58e3c1c997d6d2887de05595870e/screenshot'
16:32:12.882 [Forwarding screenshot on session 487e58e3c1c997d6d2887de05595870e to remote] DEBUG org.asynchttpclient.netty.request.NettyRequestSender - Using open Channel [id: 0xdc2c1e78, L:/127.0.0.1:50687 - R:localhost/127.0.0.1:52937] for GET '/session/487e58e3c1c997d6d2887de05595870e/screenshot'
16:32:13.057 [AsyncHttpClient-1-3] DEBUG org.asynchttpclient.netty.handler.HttpHandler - 

Request DefaultFullHttpRequest(decodeResult: success, version: HTTP/1.1, content: EmptyByteBufBE)
GET /session/487e58e3c1c997d6d2887de05595870e/screenshot HTTP/1.1
User-Agent: selenium/4.1.2 (java windows)
Cache-Control: no-cache
Content-Type: application/json; charset=utf-8
host: localhost:52937
accept: */*

Response DefaultHttpResponse(decodeResult: success, version: HTTP/1.1)
HTTP/1.1 200 OK
Content-Type: application/json; charset=utf-8
cache-control: no-cache
content-length: 86916

16:32:13.058 [AsyncHttpClient-1-3] DEBUG org.asynchttpclient.netty.channel.ChannelManager - Adding key: http://localhost:52937 for channel [id: 0xdc2c1e78, L:/127.0.0.1:50687 - R:localhost/127.0.0.1:52937]
16:32:13.065 [main] DEBUG net.serenitybdd.core.photography.Darkroom - Send negative for processing for target\site\serenity\e94620c0a69d647f3b26cbefe702be0b84b3b4146653c2770a66c6264a160533.png
16:32:13.066 [main] DEBUG net.thucydides.core.steps.StepInterceptor - STEP DONE: clickGynecologyMenu
  &amp#27;[32mAnd &amp#27;[0m&amp#27;[32mI click Appointment Gynecology&amp#27;[0m                                            &amp#27;[90m# starter.stepdefinitions.AppointmentSteps.iClickAppointmentGynecology()&amp#27;[0m
16:32:13.068 [Darkroom Processing Line] DEBUG net.serenitybdd.core.photography.DarkroomProcessingLine - Processing screenshot image in /var/screenshots/screenshot-6722814737860011455
16:32:13.068 [Darkroom Processing Line] DEBUG net.serenitybdd.core.photography.DarkroomProcessingLine - Saving screenshot to target\site\serenity\e94620c0a69d647f3b26cbefe702be0b84b3b4146653c2770a66c6264a160533.png
16:32:13.091 [main] DEBUG net.thucydides.core.steps.StepInterceptor - STARTING STEP: AppointmentSteps.iValidateTodayAppointmentOnlyShowGynecologyDepartmentAppointment - validateGynecologyAppointment
16:32:13.094 [Forwarding findElement on session 487e58e3c1c997d6d2887de05595870e to remote] DEBUG org.asynchttpclient.netty.request.NettyRequestSender - Using pooled Channel '[id: 0xdc2c1e78, L:/127.0.0.1:50687 - R:localhost/127.0.0.1:52937]' for 'POST' to 'http://localhost:52937/session/487e58e3c1c997d6d2887de05595870e/element'
16:32:13.095 [Forwarding findElement on session 487e58e3c1c997d6d2887de05595870e to remote] DEBUG org.asynchttpclient.netty.request.NettyRequestSender - Using open Channel [id: 0xdc2c1e78, L:/127.0.0.1:50687 - R:localhost/127.0.0.1:52937] for POST '/session/487e58e3c1c997d6d2887de05595870e/element'
16:32:13.937 [AsyncHttpClient-1-1] DEBUG org.asynchttpclient.netty.channel.DefaultChannelPool - Entry count for : http://localhost:50689 : 1
16:32:15.037 [AsyncHttpClient-1-1] DEBUG org.asynchttpclient.netty.channel.DefaultChannelPool - Entry count for : http://localhost:50689 : 1
16:32:16.137 [AsyncHttpClient-1-1] DEBUG org.asynchttpclient.netty.channel.DefaultChannelPool - Entry count for : http://localhost:50689 : 1
16:32:17.237 [AsyncHttpClient-1-1] DEBUG org.asynchttpclient.netty.channel.DefaultChannelPool - Entry count for : http://localhost:50689 : 1
16:32:18.124 [AsyncHttpClient-1-3] DEBUG org.asynchttpclient.netty.handler.HttpHandler - 

Request DefaultHttpRequest(decodeResult: success, version: HTTP/1.1)
POST /session/487e58e3c1c997d6d2887de05595870e/element HTTP/1.1
User-Agent: selenium/4.1.2 (java windows)
Content-Length: 145
Content-Type: application/json; charset=utf-8
host: localhost:52937
accept: */*

Response DefaultHttpResponse(decodeResult: success, version: HTTP/1.1)
HTTP/1.1 404 Not Found
Content-Type: application/json; charset=utf-8
cache-control: no-cache
content-length: 1057

16:32:18.124 [AsyncHttpClient-1-3] DEBUG org.asynchttpclient.netty.channel.ChannelManager - Adding key: http://localhost:52937 for channel [id: 0xdc2c1e78, L:/127.0.0.1:50687 - R:localhost/127.0.0.1:52937]
16:32:18.146 [Forwarding screenshot on session 487e58e3c1c997d6d2887de05595870e to remote] DEBUG org.asynchttpclient.netty.request.NettyRequestSender - Using pooled Channel '[id: 0xdc2c1e78, L:/127.0.0.1:50687 - R:localhost/127.0.0.1:52937]' for 'GET' to 'http://localhost:52937/session/487e58e3c1c997d6d2887de05595870e/screenshot'
16:32:18.146 [Forwarding screenshot on session 487e58e3c1c997d6d2887de05595870e to remote] DEBUG org.asynchttpclient.netty.request.NettyRequestSender - Using open Channel [id: 0xdc2c1e78, L:/127.0.0.1:50687 - R:localhost/127.0.0.1:52937] for GET '/session/487e58e3c1c997d6d2887de05595870e/screenshot'
16:32:18.239 [AsyncHttpClient-1-3] DEBUG org.asynchttpclient.netty.handler.HttpHandler - 

Request DefaultFullHttpRequest(decodeResult: success, version: HTTP/1.1, content: EmptyByteBufBE)
GET /session/487e58e3c1c997d6d2887de05595870e/screenshot HTTP/1.1
User-Agent: selenium/4.1.2 (java windows)
Cache-Control: no-cache
Content-Type: application/json; charset=utf-8
host: localhost:52937
accept: */*

Response DefaultHttpResponse(decodeResult: success, version: HTTP/1.1)
HTTP/1.1 200 OK
Content-Type: application/json; charset=utf-8
cache-control: no-cache
content-length: 68916

16:32:18.240 [AsyncHttpClient-1-3] DEBUG org.asynchttpclient.netty.channel.ChannelManager - Adding key: http://localhost:52937 for channel [id: 0xdc2c1e78, L:/127.0.0.1:50687 - R:localhost/127.0.0.1:52937]
16:32:18.244 [main] DEBUG net.serenitybdd.core.photography.Darkroom - Send negative for processing for target\site\serenity\e56b9cfcad0832e5d68877f557dcd31ed4fd83bb09364f507b10b863ace3b103.png
16:32:18.244 [Darkroom Processing Line] DEBUG net.serenitybdd.core.photography.DarkroomProcessingLine - Processing screenshot image in /var/screenshots/screenshot-9160721689418533848
16:32:18.244 [Darkroom Processing Line] DEBUG net.serenitybdd.core.photography.DarkroomProcessingLine - Saving screenshot to target\site\serenity\e56b9cfcad0832e5d68877f557dcd31ed4fd83bb09364f507b10b863ace3b103.png
16:32:18.246 [Forwarding getPageSource on session 487e58e3c1c997d6d2887de05595870e to remote] DEBUG org.asynchttpclient.netty.request.NettyRequestSender - Using pooled Channel '[id: 0xdc2c1e78, L:/127.0.0.1:50687 - R:localhost/127.0.0.1:52937]' for 'POST' to 'http://localhost:52937/session/487e58e3c1c997d6d2887de05595870e/execute/sync'
16:32:18.246 [Forwarding getPageSource on session 487e58e3c1c997d6d2887de05595870e to remote] DEBUG org.asynchttpclient.netty.request.NettyRequestSender - Using open Channel [id: 0xdc2c1e78, L:/127.0.0.1:50687 - R:localhost/127.0.0.1:52937] for POST '/session/487e58e3c1c997d6d2887de05595870e/execute/sync'
16:32:18.254 [AsyncHttpClient-1-3] DEBUG org.asynchttpclient.netty.handler.HttpHandler - 

Request DefaultHttpRequest(decodeResult: success, version: HTTP/1.1)
POST /session/487e58e3c1c997d6d2887de05595870e/execute/sync HTTP/1.1
User-Agent: selenium/4.1.2 (java windows)
Content-Length: 176
Content-Type: application/json; charset=utf-8
host: localhost:52937
accept: */*

Response DefaultHttpResponse(decodeResult: success, version: HTTP/1.1)
HTTP/1.1 200 OK
Content-Type: application/json; charset=utf-8
cache-control: no-cache
content-length: 13383

16:32:18.254 [AsyncHttpClient-1-3] DEBUG org.asynchttpclient.netty.channel.ChannelManager - Adding key: http://localhost:52937 for channel [id: 0xdc2c1e78, L:/127.0.0.1:50687 - R:localhost/127.0.0.1:52937]
16:32:18.338 [AsyncHttpClient-1-1] DEBUG org.asynchttpclient.netty.channel.DefaultChannelPool - Entry count for : http://localhost:52937 : 1
16:32:18.338 [AsyncHttpClient-1-1] DEBUG org.asynchttpclient.netty.channel.DefaultChannelPool - Entry count for : http://localhost:50689 : 1
16:32:18.646 [Forwarding getCurrentUrl on session 487e58e3c1c997d6d2887de05595870e to remote] DEBUG org.asynchttpclient.netty.request.NettyRequestSender - Using pooled Channel '[id: 0xdc2c1e78, L:/127.0.0.1:50687 - R:localhost/127.0.0.1:52937]' for 'GET' to 'http://localhost:52937/session/487e58e3c1c997d6d2887de05595870e/url'
16:32:18.646 [Forwarding getCurrentUrl on session 487e58e3c1c997d6d2887de05595870e to remote] DEBUG org.asynchttpclient.netty.request.NettyRequestSender - Using open Channel [id: 0xdc2c1e78, L:/127.0.0.1:50687 - R:localhost/127.0.0.1:52937] for GET '/session/487e58e3c1c997d6d2887de05595870e/url'
16:32:18.655 [AsyncHttpClient-1-3] DEBUG org.asynchttpclient.netty.handler.HttpHandler - 

Request DefaultFullHttpRequest(decodeResult: success, version: HTTP/1.1, content: EmptyByteBufBE)
GET /session/487e58e3c1c997d6d2887de05595870e/url HTTP/1.1
User-Agent: selenium/4.1.2 (java windows)
Cache-Control: no-cache
Content-Type: application/json; charset=utf-8
host: localhost:52937
accept: */*

Response DefaultHttpResponse(decodeResult: success, version: HTTP/1.1)
HTTP/1.1 200 OK
Content-Type: application/json; charset=utf-8
cache-control: no-cache
content-length: 64

16:32:18.655 [AsyncHttpClient-1-3] DEBUG org.asynchttpclient.netty.channel.ChannelManager - Adding key: http://localhost:52937 for channel [id: 0xdc2c1e78, L:/127.0.0.1:50687 - R:localhost/127.0.0.1:52937]
  &amp#27;[31mThen &amp#27;[0m&amp#27;[31mI validate Today Appointment only show Gynecology Department Appointment&amp#27;[0m &amp#27;[90m# starter.stepdefinitions.AppointmentSteps.iValidateTodayAppointmentOnlyShowGynecologyDepartmentAppointment()&amp#27;[0m
      &amp#27;[31morg.openqa.selenium.NoSuchElementException: Expected condition failed: waiting for By.xpath: //body/div[@id='root']/div[1]/div[2]/div[2]/div[3]/div[1]/h3[1] to be displayed (tried for 5 second(s) with 100 milliseconds interval)
Build info: version: '4.1.2', revision: '9a5a329c5a'
System info: host: 'DELL', ip: '192.168.1.6', os.name: 'Windows 8.1', os.arch: 'amd64', os.version: '6.3', java.version: '15.0.2'
Driver info: driver.version: unknown
	at net.serenitybdd.core.pages.WebElementFacadeImpl.throwNoSuchElementExceptionWithCauseIfPresent(WebElementFacadeImpl.java:1001)
	at net.serenitybdd.core.pages.WebElementFacadeImpl.checkPresenceOfWebElement(WebElementFacadeImpl.java:974)
	at net.serenitybdd.core.pages.WebElementFacadeImpl.waitUntilVisible(WebElementFacadeImpl.java:981)
	at Capstone.Project.Website@1.0-SNAPSHOT/starter.pages.AppointmentPage.validateGynecologyAppointment(AppointmentPage.java:393)
	at Capstone.Project.Website@1.0-SNAPSHOT/starter.pages.AppointmentPage$ByteBuddy$q6SZGsVH.validateGynecologyAppointment$accessor$t7MNsUXi(Unknown Source)
	at java.base/jdk.internal.reflect.NativeMethodAccessorImpl.invoke0(Native Method)
	at java.base/jdk.internal.reflect.NativeMethodAccessorImpl.invoke(NativeMethodAccessorImpl.java:64)
	at java.base/jdk.internal.reflect.DelegatingMethodAccessorImpl.invoke(DelegatingMethodAccessorImpl.java:43)
	at java.base/java.lang.reflect.Method.invoke(Method.java:564)
	at net.thucydides.core.steps.StepInterceptor.invokeMethod(StepInterceptor.java:503)
	at net.thucydides.core.steps.StepInterceptor.executeTestStepMethod(StepInterceptor.java:483)
	at net.thucydides.core.steps.StepInterceptor.runTestStep(StepInterceptor.java:457)
	at net.thucydides.core.steps.StepInterceptor.runOrSkipMethod(StepInterceptor.java:209)
	at net.thucydides.core.steps.StepInterceptor.testStepResult(StepInterceptor.java:196)
	at net.thucydides.core.steps.StepInterceptor.intercept(StepInterceptor.java:84)
	at net.thucydides.core.steps.ProxyConfiguration$InterceptorDispatcher.intercept(ProxyConfiguration.java:51)
	at Capstone.Project.Website@1.0-SNAPSHOT/starter.pages.AppointmentPage$ByteBuddy$q6SZGsVH.validateGynecologyAppointment(Unknown Source)
	at Capstone.Project.Website@1.0-SNAPSHOT/starter.stepdefinitions.AppointmentSteps.iValidateTodayAppointmentOnlyShowGynecologyDepartmentAppointment(AppointmentSteps.java:170)
	at âœ½.I validate Today Appointment only show Gynecology Department Appointment(file:///E:/My%20Documents/File%20Difa/TI%20Semester%206%20Kampus%20Merdeka%20Alterra/Tugas/CAPSTONE%20Project/Capstone-Project-Website/src/test/resources/features/1.Appointment.feature:111)
Caused by: org.openqa.selenium.TimeoutException: Expected condition failed: waiting for By.xpath: //body/div[@id='root']/div[1]/div[2]/div[2]/div[3]/div[1]/h3[1] to be displayed (tried for 5 second(s) with 100 milliseconds interval)
Build info: version: '4.1.2', revision: '9a5a329c5a'
System info: host: 'DELL', ip: '192.168.1.6', os.name: 'Windows 8.1', os.arch: 'amd64', os.version: '6.3', java.version: '15.0.2'
Driver info: driver.version: unknown
	at org.openqa.selenium.support.ui.FluentWait.timeoutException(FluentWait.java:263)
	at org.openqa.selenium.support.ui.FluentWait.until(FluentWait.java:231)
	at net.serenitybdd.core.pages.WebElementFacadeImpl.checkPresenceOfWebElement(WebElementFacadeImpl.java:968)
	at net.serenitybdd.core.pages.WebElementFacadeImpl.waitUntilVisible(WebElementFacadeImpl.java:981)
	at Capstone.Project.Website@1.0-SNAPSHOT/starter.pages.AppointmentPage.validateGynecologyAppointment(AppointmentPage.java:393)
	at Capstone.Project.Website@1.0-SNAPSHOT/starter.pages.AppointmentPage$ByteBuddy$q6SZGsVH.validateGynecologyAppointment$accessor$t7MNsUXi(Unknown Source)
	at java.base/jdk.internal.reflect.NativeMethodAccessorImpl.invoke0(Native Method)
	at java.base/jdk.internal.reflect.NativeMethodAccessorImpl.invoke(NativeMethodAccessorImpl.java:64)
	at java.base/jdk.internal.reflect.DelegatingMethodAccessorImpl.invoke(DelegatingMethodAccessorImpl.java:43)
	at java.base/java.lang.reflect.Method.invoke(Method.java:564)
	at net.thucydides.core.steps.StepInterceptor.invokeMethod(StepInterceptor.java:503)
	at net.thucydides.core.steps.StepInterceptor.executeTestStepMethod(StepInterceptor.java:483)
	at net.thucydides.core.steps.StepInterceptor.runTestStep(StepInterceptor.java:457)
	at net.thucydides.core.steps.StepInterceptor.runOrSkipMethod(StepInterceptor.java:209)
	at net.thucydides.core.steps.StepInterceptor.testStepResult(StepInterceptor.java:196)
	at net.thucydides.core.steps.StepInterceptor.intercept(StepInterceptor.java:84)
	at net.thucydides.core.steps.ProxyConfiguration$InterceptorDispatcher.intercept(ProxyConfiguration.java:51)
	at Capstone.Project.Website@1.0-SNAPSHOT/starter.pages.AppointmentPage$ByteBuddy$q6SZGsVH.validateGynecologyAppointment(Unknown Source)
	at Capstone.Project.Website@1.0-SNAPSHOT/starter.stepdefinitions.AppointmentSteps.iValidateTodayAppointmentOnlyShowGynecologyDepartmentAppointment(AppointmentSteps.java:170)
	at java.base/jdk.internal.reflect.NativeMethodAccessorImpl.invoke0(Native Method)
	at java.base/jdk.internal.reflect.NativeMethodAccessorImpl.invoke(NativeMethodAccessorImpl.java:64)
	at java.base/jdk.internal.reflect.DelegatingMethodAccessorImpl.invoke(DelegatingMethodAccessorImpl.java:43)
	at java.base/java.lang.reflect.Method.invoke(Method.java:564)
	at io.cucumber.java.Invoker.doInvoke(Invoker.java:66)
	at io.cucumber.java.Invoker.invoke(Invoker.java:24)
	at io.cucumber.java.AbstractGlueDefinition.invokeMethod(AbstractGlueDefinition.java:47)
	at io.cucumber.java.JavaStepDefinition.execute(JavaStepDefinition.java:29)
	at io.cucumber.core.runner.CoreStepDefinition.execute(CoreStepDefinition.java:66)
	at io.cucumber.core.runner.PickleStepDefinitionMatch.runStep(PickleStepDefinitionMatch.java:63)
	at io.cucumber.core.runner.ExecutionMode$1.execute(ExecutionMode.java:10)
	at io.cucumber.core.runner.TestStep.executeStep(TestStep.java:86)
	at io.cucumber.core.runner.TestStep.run(TestStep.java:57)
	at io.cucumber.core.runner.PickleStepTestStep.run(PickleStepTestStep.java:51)
	at io.cucumber.core.runner.TestCase.run(TestCase.java:95)
	at io.cucumber.core.runner.Runner.runPickle(Runner.java:75)
	at io.cucumber.junit.PickleRunners$NoStepDescriptions.lambda$run$0(PickleRunners.java:151)
	at io.cucumber.core.runtime.CucumberExecutionContext.lambda$runTestCase$3(CucumberExecutionContext.java:151)
	at io.cucumber.core.runtime.RethrowingThrowableCollector.executeAndThrow(RethrowingThrowableCollector.java:23)
	at io.cucumber.core.runtime.CucumberExecutionContext.runTestCase(CucumberExecutionContext.java:151)
	at io.cucumber.junit.PickleRunners$NoStepDescriptions.run(PickleRunners.java:148)
	at io.cucumber.junit.FeatureRunner.runChild(FeatureRunner.java:144)
	at io.cucumber.junit.FeatureRunner.runChild(FeatureRunner.java:28)
	at org.junit.runners.ParentRunner$4.run(ParentRunner.java:331)
	at org.junit.runners.ParentRunner$1.schedule(ParentRunner.java:79)
	at org.junit.runners.ParentRunner.runChildren(ParentRunner.java:329)
	at org.junit.runners.ParentRunner.access$100(ParentRunner.java:66)
	at org.junit.runners.ParentRunner$2.evaluate(ParentRunner.java:293)
	at org.junit.runners.ParentRunner$3.evaluate(ParentRunner.java:306)
	at org.junit.runners.ParentRunner.run(ParentRunner.java:413)
	at io.cucumber.junit.FeatureRunner.run(FeatureRunner.java:137)
	at io.cucumber.junit.CucumberSerenityRunner.runChild(CucumberSerenityRunner.java:258)
	at io.cucumber.junit.CucumberSerenityRunner.runChild(CucumberSerenityRunner.java:58)
	at org.junit.runners.ParentRunner$4.run(ParentRunner.java:331)
	at org.junit.runners.ParentRunner$1.schedule(ParentRunner.java:79)
	at org.junit.runners.ParentRunner.runChildren(ParentRunner.java:329)
	at org.junit.runners.ParentRunner.access$100(ParentRunner.java:66)
	at org.junit.runners.ParentRunner$2.evaluate(ParentRunner.java:293)
	at io.cucumber.junit.CucumberSerenityRunner$RunCucumber.evaluate(CucumberSerenityRunner.java:287)
	at org.junit.runners.ParentRunner$3.evaluate(ParentRunner.java:306)
	at org.junit.runners.ParentRunner.run(ParentRunner.java:413)
	at org.junit.runner.JUnitCore.run(JUnitCore.java:137)
	at org.junit.runner.JUnitCore.run(JUnitCore.java:115)
	at org.junit.vintage.engine.execution.RunnerExecutor.execute(RunnerExecutor.java:42)
	at org.junit.vintage.engine.VintageTestEngine.executeAllChildren(VintageTestEngine.java:80)
	at org.junit.vintage.engine.VintageTestEngine.execute(VintageTestEngine.java:72)
	at org.junit.platform.launcher.core.EngineExecutionOrchestrator.execute(EngineExecutionOrchestrator.java:107)
	at org.junit.platform.launcher.core.EngineExecutionOrchestrator.execute(EngineExecutionOrchestrator.java:88)
	at org.junit.platform.launcher.core.EngineExecutionOrchestrator.lambda$execute$0(EngineExecutionOrchestrator.java:54)
	at org.junit.platform.launcher.core.EngineExecutionOrchestrator.withInterceptedStreams(EngineExecutionOrchestrator.java:67)
	at org.junit.platform.launcher.core.EngineExecutionOrchestrator.execute(EngineExecutionOrchestrator.java:52)
	at org.junit.platform.launcher.core.DefaultLauncher.execute(DefaultLauncher.java:114)
	at org.junit.platform.launcher.core.DefaultLauncher.execute(DefaultLauncher.java:86)
	at org.junit.platform.launcher.core.DefaultLauncherSession$DelegatingLauncher.execute(DefaultLauncherSession.java:86)
	at org.junit.platform.launcher.core.SessionPerRequestLauncher.execute(SessionPerRequestLauncher.java:53)
	at org.apache.maven.surefire.junitplatform.JUnitPlatformProvider.execute(JUnitPlatformProvider.java:188)
	at org.apache.maven.surefire.junitplatform.JUnitPlatformProvider.invokeAllTests(JUnitPlatformProvider.java:154)
	at org.apache.maven.surefire.junitplatform.JUnitPlatformProvider.invoke(JUnitPlatformProvider.java:128)
	at org.apache.maven.surefire.booter.ForkedBooter.runSuitesInProcess(ForkedBooter.java:428)
	at org.apache.maven.surefire.booter.ForkedBooter.execute(ForkedBooter.java:162)
	at org.apache.maven.surefire.booter.ForkedBooter.run(ForkedBooter.java:562)
	at org.apache.maven.surefire.booter.ForkedBooter.main(ForkedBooter.java:548)
&amp#27;[0m
16:32:18.673 [main] ERROR  - 
  _____   ___   ___   _____     ___   ___   ___    ___    ___ 
 |_   _| | __| / __| |_   _|   | __| | _ \ | _ \  / _ \  | _ \
   | |   | _|  \__ \   | |     | _|  |   / |   / | (_) | |   /
   |_|   |___| |___/   |_|     |___| |_|_\ |_|_\  \___/  |_|_\

Filter Appointment Gynecology Scenario
---------------------------------------------------------------
16:32:18.674 [main] DEBUG  - RELATED ISSUES: 
16:32:18.674 [main] ERROR  -     Test failed at step: Validate gynecology appointment
16:32:18.674 [main] ERROR  -     Expected condition failed: waiting for By.xpath: //body/div[@id='root']/div[1]/div[2]/div[2]/div[3]/div[1]/h3[1] to be displayed (tried for 5 second(s) with 100 milliseconds interval)Build info: version: '4.1.2', revision: '9a5a329c5a'System info: host: 'DELL', ip: '192.168.1.6', os.name: 'Windows 8.1', os.arch: 'amd64', os.version: '6.3', java.version: '15.0.2'Driver info: driver.version: unknown
16:32:18.678 [AsyncHttpClient-1-5] DEBUG org.asynchttpclient.netty.handler.WebSocketHandler - Channel Closed: [id: 0xc5557f83, L:/127.0.0.1:50695 ! R:localhost/127.0.0.1:50689] with attribute NettyResponseFuture{currentRetry=5,
	isDone=1,
	isCancelled=0,
	asyncHandler=org.asynchttpclient.ws.WebSocketUpgradeHandler@59b35fd8,
	nettyRequest=org.asynchttpclient.netty.request.NettyRequest@6e2ab02c,
	future=java.util.concurrent.CompletableFuture@7e5543a1[Completed normally],
	uri=ws://localhost:50689/devtools/browser/b46d9ed4-9d6c-48ed-b26f-eefc705bb3ac,
	keepAlive=true,
	redirectCount=0,
	timeoutsHolder=null,
	inAuth=0,
	touch=1655717522709}
16:32:18.678 [AsyncHttpClient-1-5] DEBUG org.asynchttpclient.netty.channel.ChannelManager - Closing Channel [id: 0xc5557f83, L:/127.0.0.1:50695 ! R:localhost/127.0.0.1:50689] 
16:32:18.678 [Driver Command Executor] DEBUG org.asynchttpclient.netty.request.NettyRequestSender - Using pooled Channel '[id: 0xdc2c1e78, L:/127.0.0.1:50687 - R:localhost/127.0.0.1:52937]' for 'DELETE' to 'http://localhost:52937/session/487e58e3c1c997d6d2887de05595870e'
16:32:18.679 [Driver Command Executor] DEBUG org.asynchttpclient.netty.request.NettyRequestSender - Using open Channel [id: 0xdc2c1e78, L:/127.0.0.1:50687 - R:localhost/127.0.0.1:52937] for DELETE '/session/487e58e3c1c997d6d2887de05595870e'
16:32:19.301 [AsyncHttpClient-1-4] DEBUG org.asynchttpclient.netty.handler.HttpHandler - Unexpected I/O exception on channel [id: 0x5f891789, L:/127.0.0.1:50694 - R:localhost/127.0.0.1:50689]
java.net.SocketException: Connection reset
	at java.base/sun.nio.ch.SocketChannelImpl.throwConnectionReset(SocketChannelImpl.java:367)
	at java.base/sun.nio.ch.SocketChannelImpl.read(SocketChannelImpl.java:398)
	at io.netty.buffer.PooledByteBuf.setBytes(PooledByteBuf.java:258)
	at io.netty.buffer.AbstractByteBuf.writeBytes(AbstractByteBuf.java:1132)
	at io.netty.channel.socket.nio.NioSocketChannel.doReadBytes(NioSocketChannel.java:350)
	at io.netty.channel.nio.AbstractNioByteChannel$NioByteUnsafe.read(AbstractNioByteChannel.java:151)
	at io.netty.channel.nio.NioEventLoop.processSelectedKey(NioEventLoop.java:722)
	at io.netty.channel.nio.NioEventLoop.processSelectedKeysOptimized(NioEventLoop.java:658)
	at io.netty.channel.nio.NioEventLoop.processSelectedKeys(NioEventLoop.java:584)
	at io.netty.channel.nio.NioEventLoop.run(NioEventLoop.java:496)
	at io.netty.util.concurrent.SingleThreadEventExecutor$4.run(SingleThreadEventExecutor.java:986)
	at io.netty.util.internal.ThreadExecutorMap$2.run(ThreadExecutorMap.java:74)
	at io.netty.util.concurrent.FastThreadLocalRunnable.run(FastThreadLocalRunnable.java:30)
	at java.base/java.lang.Thread.run(Thread.java:832)
16:32:19.301 [AsyncHttpClient-1-4] DEBUG org.asynchttpclient.netty.channel.ChannelManager - Closing Channel [id: 0x5f891789, L:/127.0.0.1:50694 - R:localhost/127.0.0.1:50689] 
16:32:19.302 [AsyncHttpClient-1-4] DEBUG org.asynchttpclient.netty.handler.HttpHandler - Channel Closed: [id: 0x5f891789, L:/127.0.0.1:50694 ! R:localhost/127.0.0.1:50689] with attribute DISCARD
16:32:19.324 [AsyncHttpClient-1-3] DEBUG org.asynchttpclient.netty.handler.HttpHandler - 

Request DefaultFullHttpRequest(decodeResult: success, version: HTTP/1.1, content: EmptyByteBufBE)
DELETE /session/487e58e3c1c997d6d2887de05595870e HTTP/1.1
User-Agent: selenium/4.1.2 (java windows)
Content-Type: application/json; charset=utf-8
host: localhost:52937
accept: */*

Response DefaultHttpResponse(decodeResult: success, version: HTTP/1.1)
HTTP/1.1 200 OK
Content-Type: application/json; charset=utf-8
cache-control: no-cache
content-length: 14

16:32:19.324 [AsyncHttpClient-1-3] DEBUG org.asynchttpclient.netty.channel.ChannelManager - Adding key: http://localhost:52937 for channel [id: 0xdc2c1e78, L:/127.0.0.1:50687 - R:localhost/127.0.0.1:52937]
16:32:19.406 [AsyncHttpClient-1-3] DEBUG org.asynchttpclient.netty.handler.HttpHandler - Channel Closed: [id: 0xdc2c1e78, L:/127.0.0.1:50687 ! R:localhost/127.0.0.1:52937] with attribute DISCARD
16:32:19.437 [AsyncHttpClient-1-1] DEBUG org.asynchttpclient.netty.channel.DefaultChannelPool - Entry count for : http://localhost:52937 : 1
16:32:19.437 [AsyncHttpClient-1-1] DEBUG org.asynchttpclient.netty.channel.DefaultChannelPool - Entry count for : http://localhost:50689 : 1
16:32:19.437 [AsyncHttpClient-1-1] DEBUG org.asynchttpclient.netty.channel.DefaultChannelPool - Adding Candidate expired Channel [id: 0xdc2c1e78, L:/127.0.0.1:50687 ! R:localhost/127.0.0.1:52937] isIdleTimeoutExpired=false isRemotelyClosed=true isTtlExpired=false
16:32:19.437 [AsyncHttpClient-1-1] DEBUG org.asynchttpclient.netty.channel.DefaultChannelPool - Closing Idle Channel [id: 0xdc2c1e78, L:/127.0.0.1:50687 ! R:localhost/127.0.0.1:52937]
16:32:19.437 [AsyncHttpClient-1-1] DEBUG org.asynchttpclient.netty.channel.DefaultChannelPool - Adding Candidate expired Channel [id: 0x5f891789, L:/127.0.0.1:50694 ! R:localhost/127.0.0.1:50689] isIdleTimeoutExpired=false isRemotelyClosed=true isTtlExpired=false
16:32:19.437 [AsyncHttpClient-1-1] DEBUG org.asynchttpclient.netty.channel.DefaultChannelPool - Closing Idle Channel [id: 0x5f891789, L:/127.0.0.1:50694 ! R:localhost/127.0.0.1:50689]
16:32:19.437 [AsyncHttpClient-1-1] DEBUG org.asynchttpclient.netty.channel.DefaultChannelPool - Closed 2 connections out of 2 in 0 ms
]]></system-out>
    <system-err><![CDATA[Starting ChromeDriver 102.0.5005.61 (0e59bcc00cc4985ce39ad31c150065f159d95ad3-refs/branch-heads/5005@{#819}) on port 52937
Only local connections are allowed.
Please see https://chromedriver.chromium.org/security-considerations for suggestions on keeping ChromeDriver safe.
ChromeDriver was started successfully.
Jun 20, 2022 4:32:02 PM org.openqa.selenium.remote.ProtocolHandshake createSession
INFO: Detected dialect: W3C
Jun 20, 2022 4:32:02 PM org.openqa.selenium.devtools.CdpVersionFinder findNearestMatch
WARNING: Unable to find an exact match for CDP version 102, so returning the closest version found: a no-op implementation
Jun 20, 2022 4:32:02 PM org.openqa.selenium.devtools.CdpVersionFinder findNearestMatch
INFO: Unable to find CDP implementation matching 102.
Jun 20, 2022 4:32:02 PM org.openqa.selenium.chromium.ChromiumDriver lambda$new$3
WARNING: Unable to find version of CDP to use for . You may need to include a dependency on a specific version of the CDP using something similar to `org.seleniumhq.selenium:selenium-devtools-v86:4.1.2` where the version ("v86") matches the version of the chromium-based browser you're using and the version number of the artifact is the same as Selenium's.
]]></system-err>
  </testcase>
  <testcase name="Create New Patient Scenario" classname="Patient" time="22.645">
    <system-out><![CDATA[16:32:19.977 [main] INFO io.cucumber.core.plugin.SerenityReporter - Running feature from file:///E:/My%20Documents/File%20Difa/TI%20Semester%206%20Kampus%20Merdeka%20Alterra/Tugas/CAPSTONE%20Project/Capstone-Project-Website/src/test/resources/features/2.Patient.feature
16:32:20.003 [main] DEBUG net.thucydides.core.steps.StepEventBus - Test suite started for story net.thucydides.core.model.Story@ccc708cc
16:32:20.003 [main] INFO  - Test Suite Started: Patient

@Patient @CreatePatient
Scenario: Create New Patient Scenario             &amp#27;[90m# src/test/resources/features/2.Patient.feature:9&amp#27;[0m
16:32:20.173 [main] INFO io.cucumber.core.plugin.SerenityReporter - Running feature from file:///E:/My%20Documents/File%20Difa/TI%20Semester%206%20Kampus%20Merdeka%20Alterra/Tugas/CAPSTONE%20Project/Capstone-Project-Website/src/test/resources/features/2.Patient.feature
16:32:20.175 [main] INFO  - 
  _____   ___   ___   _____     ___   _____     _     ___   _____   ___   ___  
 |_   _| | __| / __| |_   _|   / __| |_   _|   /_\   | _ \ |_   _| | __| |   \ 
   | |   | _|  \__ \   | |     \__ \   | |    / _ \  |   /   | |   | _|  | |) |
   |_|   |___| |___/   |_|     |___/   |_|   /_/ \_\ |_|_\   |_|   |___| |___/ 

Create New Patient Scenario(patient;create-new-patient-scenario)
--------------------------------------------------------------------------------
16:32:20.263 [main] DEBUG net.thucydides.core.steps.StepInterceptor - STARTING STEP: PatientSteps.iAmAtTheDashboardPage - openUrl
16:32:20.264 [main] INFO net.serenitybdd.core.webdriver.driverproviders.ChromeDriverProvider - Using automatically driver download
16:32:20.435 [main] DEBUG io.github.bonigarcia.wdm.cache.ResolutionCache - Resolution chrome=102 in cache (valid until 16:47:55 20/06/2022 ICT)
16:32:20.438 [main] DEBUG io.github.bonigarcia.wdm.cache.ResolutionCache - Resolution chrome102=102.0.5005.61 in cache (valid until 09:12:44 21/06/2022 ICT)
16:32:20.440 [main] INFO io.github.bonigarcia.wdm.WebDriverManager - Using chromedriver 102.0.5005.61 (resolved driver for Chrome 102)
16:32:20.449 [main] DEBUG io.github.bonigarcia.wdm.WebDriverManager - Driver chromedriver 102.0.5005.61 found in cache
16:32:20.450 [main] INFO io.github.bonigarcia.wdm.WebDriverManager - Exporting webdriver.chrome.driver as C:\Users\USER\.cache\selenium\chromedriver\win32\102.0.5005.61\chromedriver.exe
16:32:20.613 [main] DEBUG net.serenitybdd.core.webdriver.driverproviders.ProvideNewDriver - Instantiating driver
16:32:20.613 [main] DEBUG net.serenitybdd.core.webdriver.driverproviders.ProvideNewDriver - Driver capabilities: Capabilities {acceptInsecureCerts: false, base.url: https://hospital-management..., browserName: chrome, chrome.driver: src/test/resources/webdrive..., driver: chrome, goog:chromeOptions: {args: [], extensions: []}}
16:32:21.150 [AsyncHttpClient-1-6] DEBUG org.asynchttpclient.netty.channel.NettyConnectListener - Using new Channel '[id: 0xeee43c4e, L:/127.0.0.1:50725 - R:localhost/127.0.0.1:54465]' for 'POST' to '/session'
16:32:23.281 [AsyncHttpClient-1-6] DEBUG org.asynchttpclient.netty.handler.HttpHandler - 

Request DefaultHttpRequest(decodeResult: success, version: HTTP/1.1)
POST /session HTTP/1.1
User-Agent: selenium/4.1.2 (java windows)
Content-Length: 621
Content-Type: application/json; charset=utf-8
host: localhost:54465
accept: */*

Response DefaultHttpResponse(decodeResult: success, version: HTTP/1.1)
HTTP/1.1 200 OK
Content-Type: application/json; charset=utf-8
cache-control: no-cache
content-length: 789

16:32:23.281 [AsyncHttpClient-1-6] DEBUG org.asynchttpclient.netty.channel.ChannelManager - Adding key: http://localhost:54465 for channel [id: 0xeee43c4e, L:/127.0.0.1:50725 - R:localhost/127.0.0.1:54465]
16:32:23.296 [AsyncHttpClient-1-7] DEBUG org.asynchttpclient.netty.channel.NettyConnectListener - Using new Channel '[id: 0x00e23058, L:/127.0.0.1:50733 - R:localhost/127.0.0.1:50728]' for 'GET' to '/json/version'
16:32:23.298 [AsyncHttpClient-1-7] DEBUG org.asynchttpclient.netty.handler.HttpHandler - 

Request DefaultFullHttpRequest(decodeResult: success, version: HTTP/1.1, content: EmptyByteBufBE)
GET /json/version HTTP/1.1
User-Agent: selenium/4.1.2 (java windows)
host: localhost:50728
accept: */*

Response DefaultHttpResponse(decodeResult: success, version: HTTP/1.1)
HTTP/1.1 200 OK
Content-Type: application/json; charset=UTF-8
content-length: 427

16:32:23.298 [AsyncHttpClient-1-7] DEBUG org.asynchttpclient.netty.channel.ChannelManager - Adding key: http://localhost:50728 for channel [id: 0x00e23058, L:/127.0.0.1:50733 - R:localhost/127.0.0.1:50728]
16:32:23.305 [AsyncHttpClient-1-8] DEBUG org.asynchttpclient.netty.channel.NettyConnectListener - Using new Channel '[id: 0xbe151700, L:/127.0.0.1:50734 - R:localhost/127.0.0.1:50728]' for 'GET' to '/devtools/browser/c8c39005-6af3-4c26-ac3e-f56fb4d8087d'
16:32:23.307 [AsyncHttpClient-1-8] DEBUG org.asynchttpclient.netty.handler.WebSocketHandler - 

Request DefaultFullHttpRequest(decodeResult: success, version: HTTP/1.1, content: EmptyByteBufBE)
GET /devtools/browser/c8c39005-6af3-4c26-ac3e-f56fb4d8087d HTTP/1.1
upgrade: websocket
connection: upgrade
sec-websocket-key: GhGr786tj0bo+BQU6DBBtQ==
sec-websocket-version: 13
origin: http://localhost:50728
host: localhost:50728
accept: */*
user-agent: AHC/2.1

Response DefaultHttpResponse(decodeResult: success, version: HTTP/1.1)
HTTP/1.1 101 WebSocket Protocol Handshake
Upgrade: WebSocket
Connection: Upgrade
Sec-WebSocket-Accept: PlRk+jV9byGggMJNCMQoEWKnEpU=

16:32:23.325 [Forwarding maximizeCurrentWindow on session 543c3fab419bd49da7fed1e8e230bac0 to remote] DEBUG org.asynchttpclient.netty.request.NettyRequestSender - Using pooled Channel '[id: 0xeee43c4e, L:/127.0.0.1:50725 - R:localhost/127.0.0.1:54465]' for 'POST' to 'http://localhost:54465/session/543c3fab419bd49da7fed1e8e230bac0/window/maximize'
16:32:23.325 [Forwarding maximizeCurrentWindow on session 543c3fab419bd49da7fed1e8e230bac0 to remote] DEBUG org.asynchttpclient.netty.request.NettyRequestSender - Using open Channel [id: 0xeee43c4e, L:/127.0.0.1:50725 - R:localhost/127.0.0.1:54465] for POST '/session/543c3fab419bd49da7fed1e8e230bac0/window/maximize'
16:32:23.548 [AsyncHttpClient-1-6] DEBUG org.asynchttpclient.netty.handler.HttpHandler - 

Request DefaultHttpRequest(decodeResult: success, version: HTTP/1.1)
POST /session/543c3fab419bd49da7fed1e8e230bac0/window/maximize HTTP/1.1
User-Agent: selenium/4.1.2 (java windows)
Content-Length: 3
Content-Type: application/json; charset=utf-8
host: localhost:54465
accept: */*

Response DefaultHttpResponse(decodeResult: success, version: HTTP/1.1)
HTTP/1.1 200 OK
Content-Type: application/json; charset=utf-8
cache-control: no-cache
content-length: 51

16:32:23.549 [AsyncHttpClient-1-6] DEBUG org.asynchttpclient.netty.channel.ChannelManager - Adding key: http://localhost:54465 for channel [id: 0xeee43c4e, L:/127.0.0.1:50725 - R:localhost/127.0.0.1:54465]
16:32:23.555 [Forwarding get on session 543c3fab419bd49da7fed1e8e230bac0 to remote] DEBUG org.asynchttpclient.netty.request.NettyRequestSender - Using pooled Channel '[id: 0xeee43c4e, L:/127.0.0.1:50725 - R:localhost/127.0.0.1:54465]' for 'POST' to 'http://localhost:54465/session/543c3fab419bd49da7fed1e8e230bac0/url'
16:32:23.555 [Forwarding get on session 543c3fab419bd49da7fed1e8e230bac0 to remote] DEBUG org.asynchttpclient.netty.request.NettyRequestSender - Using open Channel [id: 0xeee43c4e, L:/127.0.0.1:50725 - R:localhost/127.0.0.1:54465] for POST '/session/543c3fab419bd49da7fed1e8e230bac0/url'
16:32:23.838 [AsyncHttpClient-1-1] DEBUG org.asynchttpclient.netty.channel.DefaultChannelPool - Entry count for : http://localhost:50728 : 1
16:32:24.938 [AsyncHttpClient-1-1] DEBUG org.asynchttpclient.netty.channel.DefaultChannelPool - Entry count for : http://localhost:50728 : 1
16:32:26.037 [AsyncHttpClient-1-1] DEBUG org.asynchttpclient.netty.channel.DefaultChannelPool - Entry count for : http://localhost:50728 : 1
16:32:26.992 [AsyncHttpClient-1-6] DEBUG org.asynchttpclient.netty.handler.HttpHandler - 

Request DefaultHttpRequest(decodeResult: success, version: HTTP/1.1)
POST /session/543c3fab419bd49da7fed1e8e230bac0/url HTTP/1.1
User-Agent: selenium/4.1.2 (java windows)
Content-Length: 65
Content-Type: application/json; charset=utf-8
host: localhost:54465
accept: */*

Response DefaultHttpResponse(decodeResult: success, version: HTTP/1.1)
HTTP/1.1 200 OK
Content-Type: application/json; charset=utf-8
cache-control: no-cache
content-length: 14

16:32:26.992 [AsyncHttpClient-1-6] DEBUG org.asynchttpclient.netty.channel.ChannelManager - Adding key: http://localhost:54465 for channel [id: 0xeee43c4e, L:/127.0.0.1:50725 - R:localhost/127.0.0.1:54465]
16:32:26.995 [Forwarding setTimeout on session 543c3fab419bd49da7fed1e8e230bac0 to remote] DEBUG org.asynchttpclient.netty.request.NettyRequestSender - Using pooled Channel '[id: 0xeee43c4e, L:/127.0.0.1:50725 - R:localhost/127.0.0.1:54465]' for 'POST' to 'http://localhost:54465/session/543c3fab419bd49da7fed1e8e230bac0/timeouts'
16:32:26.995 [Forwarding setTimeout on session 543c3fab419bd49da7fed1e8e230bac0 to remote] DEBUG org.asynchttpclient.netty.request.NettyRequestSender - Using open Channel [id: 0xeee43c4e, L:/127.0.0.1:50725 - R:localhost/127.0.0.1:54465] for POST '/session/543c3fab419bd49da7fed1e8e230bac0/timeouts'
16:32:26.996 [AsyncHttpClient-1-6] DEBUG org.asynchttpclient.netty.handler.HttpHandler - 

Request DefaultHttpRequest(decodeResult: success, version: HTTP/1.1)
POST /session/543c3fab419bd49da7fed1e8e230bac0/timeouts HTTP/1.1
User-Agent: selenium/4.1.2 (java windows)
Content-Length: 22
Content-Type: application/json; charset=utf-8
host: localhost:54465
accept: */*

Response DefaultHttpResponse(decodeResult: success, version: HTTP/1.1)
HTTP/1.1 200 OK
Content-Type: application/json; charset=utf-8
cache-control: no-cache
content-length: 14

16:32:26.997 [AsyncHttpClient-1-6] DEBUG org.asynchttpclient.netty.channel.ChannelManager - Adding key: http://localhost:54465 for channel [id: 0xeee43c4e, L:/127.0.0.1:50725 - R:localhost/127.0.0.1:54465]
16:32:27.004 [Forwarding getCurrentUrl on session 543c3fab419bd49da7fed1e8e230bac0 to remote] DEBUG org.asynchttpclient.netty.request.NettyRequestSender - Using pooled Channel '[id: 0xeee43c4e, L:/127.0.0.1:50725 - R:localhost/127.0.0.1:54465]' for 'GET' to 'http://localhost:54465/session/543c3fab419bd49da7fed1e8e230bac0/url'
16:32:27.004 [Forwarding getCurrentUrl on session 543c3fab419bd49da7fed1e8e230bac0 to remote] DEBUG org.asynchttpclient.netty.request.NettyRequestSender - Using open Channel [id: 0xeee43c4e, L:/127.0.0.1:50725 - R:localhost/127.0.0.1:54465] for GET '/session/543c3fab419bd49da7fed1e8e230bac0/url'
16:32:27.013 [AsyncHttpClient-1-6] DEBUG org.asynchttpclient.netty.handler.HttpHandler - 

Request DefaultFullHttpRequest(decodeResult: success, version: HTTP/1.1, content: EmptyByteBufBE)
GET /session/543c3fab419bd49da7fed1e8e230bac0/url HTTP/1.1
User-Agent: selenium/4.1.2 (java windows)
Cache-Control: no-cache
Content-Type: application/json; charset=utf-8
host: localhost:54465
accept: */*

Response DefaultHttpResponse(decodeResult: success, version: HTTP/1.1)
HTTP/1.1 200 OK
Content-Type: application/json; charset=utf-8
cache-control: no-cache
content-length: 53

16:32:27.013 [AsyncHttpClient-1-6] DEBUG org.asynchttpclient.netty.channel.ChannelManager - Adding key: http://localhost:54465 for channel [id: 0xeee43c4e, L:/127.0.0.1:50725 - R:localhost/127.0.0.1:54465]
16:32:27.016 [Forwarding getCurrentUrl on session 543c3fab419bd49da7fed1e8e230bac0 to remote] DEBUG org.asynchttpclient.netty.request.NettyRequestSender - Using pooled Channel '[id: 0xeee43c4e, L:/127.0.0.1:50725 - R:localhost/127.0.0.1:54465]' for 'GET' to 'http://localhost:54465/session/543c3fab419bd49da7fed1e8e230bac0/url'
16:32:27.016 [Forwarding getCurrentUrl on session 543c3fab419bd49da7fed1e8e230bac0 to remote] DEBUG org.asynchttpclient.netty.request.NettyRequestSender - Using open Channel [id: 0xeee43c4e, L:/127.0.0.1:50725 - R:localhost/127.0.0.1:54465] for GET '/session/543c3fab419bd49da7fed1e8e230bac0/url'
16:32:27.019 [AsyncHttpClient-1-6] DEBUG org.asynchttpclient.netty.handler.HttpHandler - 

Request DefaultFullHttpRequest(decodeResult: success, version: HTTP/1.1, content: EmptyByteBufBE)
GET /session/543c3fab419bd49da7fed1e8e230bac0/url HTTP/1.1
User-Agent: selenium/4.1.2 (java windows)
Cache-Control: no-cache
Content-Type: application/json; charset=utf-8
host: localhost:54465
accept: */*

Response DefaultHttpResponse(decodeResult: success, version: HTTP/1.1)
HTTP/1.1 200 OK
Content-Type: application/json; charset=utf-8
cache-control: no-cache
content-length: 53

16:32:27.019 [AsyncHttpClient-1-6] DEBUG org.asynchttpclient.netty.channel.ChannelManager - Adding key: http://localhost:54465 for channel [id: 0xeee43c4e, L:/127.0.0.1:50725 - R:localhost/127.0.0.1:54465]
16:32:27.025 [main] DEBUG net.serenitybdd.core.photography.Darkroom - Opening darkroom
16:32:27.026 [Darkroom Processing Line] DEBUG net.serenitybdd.core.photography.DarkroomProcessingLine - Darkroom processing line starting up
16:32:27.026 [Forwarding screenshot on session 543c3fab419bd49da7fed1e8e230bac0 to remote] DEBUG org.asynchttpclient.netty.request.NettyRequestSender - Using pooled Channel '[id: 0xeee43c4e, L:/127.0.0.1:50725 - R:localhost/127.0.0.1:54465]' for 'GET' to 'http://localhost:54465/session/543c3fab419bd49da7fed1e8e230bac0/screenshot'
16:32:27.026 [Forwarding screenshot on session 543c3fab419bd49da7fed1e8e230bac0 to remote] DEBUG org.asynchttpclient.netty.request.NettyRequestSender - Using open Channel [id: 0xeee43c4e, L:/127.0.0.1:50725 - R:localhost/127.0.0.1:54465] for GET '/session/543c3fab419bd49da7fed1e8e230bac0/screenshot'
16:32:27.140 [AsyncHttpClient-1-1] DEBUG org.asynchttpclient.netty.channel.DefaultChannelPool - Entry count for : http://localhost:50728 : 1
16:32:27.315 [AsyncHttpClient-1-6] DEBUG org.asynchttpclient.netty.handler.HttpHandler - 

Request DefaultFullHttpRequest(decodeResult: success, version: HTTP/1.1, content: EmptyByteBufBE)
GET /session/543c3fab419bd49da7fed1e8e230bac0/screenshot HTTP/1.1
User-Agent: selenium/4.1.2 (java windows)
Cache-Control: no-cache
Content-Type: application/json; charset=utf-8
host: localhost:54465
accept: */*

Response DefaultHttpResponse(decodeResult: success, version: HTTP/1.1)
HTTP/1.1 200 OK
Content-Type: application/json; charset=utf-8
cache-control: no-cache
content-length: 382596

16:32:27.741 [AsyncHttpClient-1-6] DEBUG org.asynchttpclient.netty.channel.ChannelManager - Adding key: http://localhost:54465 for channel [id: 0xeee43c4e, L:/127.0.0.1:50725 - R:localhost/127.0.0.1:54465]
16:32:27.763 [main] DEBUG net.serenitybdd.core.photography.Darkroom - Send negative for processing for target\site\serenity\ed15a54c91c342d96a850276df7b559f4526b370fc93040e3c407a48a170f368.png
16:32:27.763 [main] DEBUG net.thucydides.core.steps.StepInterceptor - STEP DONE: openUrl
16:32:27.773 [main] DEBUG net.thucydides.core.steps.StepInterceptor - STARTING STEP: PatientSteps.iAmAtTheDashboardPage - validateOnDashboardPage
16:32:27.775 [Forwarding findElement on session 543c3fab419bd49da7fed1e8e230bac0 to remote] DEBUG org.asynchttpclient.netty.request.NettyRequestSender - Using pooled Channel '[id: 0xeee43c4e, L:/127.0.0.1:50725 - R:localhost/127.0.0.1:54465]' for 'POST' to 'http://localhost:54465/session/543c3fab419bd49da7fed1e8e230bac0/element'
16:32:27.775 [Forwarding findElement on session 543c3fab419bd49da7fed1e8e230bac0 to remote] DEBUG org.asynchttpclient.netty.request.NettyRequestSender - Using open Channel [id: 0xeee43c4e, L:/127.0.0.1:50725 - R:localhost/127.0.0.1:54465] for POST '/session/543c3fab419bd49da7fed1e8e230bac0/element'
16:32:28.022 [AsyncHttpClient-1-6] DEBUG org.asynchttpclient.netty.handler.HttpHandler - 

Request DefaultHttpRequest(decodeResult: success, version: HTTP/1.1)
POST /session/543c3fab419bd49da7fed1e8e230bac0/element HTTP/1.1
User-Agent: selenium/4.1.2 (java windows)
Content-Length: 81
Content-Type: application/json; charset=utf-8
host: localhost:54465
accept: */*

Response DefaultHttpResponse(decodeResult: success, version: HTTP/1.1)
HTTP/1.1 200 OK
Content-Type: application/json; charset=utf-8
cache-control: no-cache
content-length: 88

16:32:28.022 [AsyncHttpClient-1-6] DEBUG org.asynchttpclient.netty.channel.ChannelManager - Adding key: http://localhost:54465 for channel [id: 0xeee43c4e, L:/127.0.0.1:50725 - R:localhost/127.0.0.1:54465]
16:32:28.027 [Forwarding isElementDisplayed on session 543c3fab419bd49da7fed1e8e230bac0 to remote] DEBUG org.asynchttpclient.netty.request.NettyRequestSender - Using pooled Channel '[id: 0xeee43c4e, L:/127.0.0.1:50725 - R:localhost/127.0.0.1:54465]' for 'POST' to 'http://localhost:54465/session/543c3fab419bd49da7fed1e8e230bac0/execute/sync'
16:32:28.027 [Forwarding isElementDisplayed on session 543c3fab419bd49da7fed1e8e230bac0 to remote] DEBUG org.asynchttpclient.netty.request.NettyRequestSender - Using open Channel [id: 0xeee43c4e, L:/127.0.0.1:50725 - R:localhost/127.0.0.1:54465] for POST '/session/543c3fab419bd49da7fed1e8e230bac0/execute/sync'
16:32:28.238 [AsyncHttpClient-1-1] DEBUG org.asynchttpclient.netty.channel.DefaultChannelPool - Entry count for : http://localhost:50728 : 1
16:32:28.305 [AsyncHttpClient-1-6] DEBUG org.asynchttpclient.netty.handler.HttpHandler - 

Request DefaultHttpRequest(decodeResult: success, version: HTTP/1.1)
POST /session/543c3fab419bd49da7fed1e8e230bac0/execute/sync HTTP/1.1
User-Agent: selenium/4.1.2 (java windows)
Content-Length: 48780
Content-Type: application/json; charset=utf-8
host: localhost:54465
accept: */*

Response DefaultHttpResponse(decodeResult: success, version: HTTP/1.1)
HTTP/1.1 200 OK
Content-Type: application/json; charset=utf-8
cache-control: no-cache
content-length: 14

16:32:28.305 [AsyncHttpClient-1-6] DEBUG org.asynchttpclient.netty.channel.ChannelManager - Adding key: http://localhost:54465 for channel [id: 0xeee43c4e, L:/127.0.0.1:50725 - R:localhost/127.0.0.1:54465]
16:32:28.313 [Forwarding screenshot on session 543c3fab419bd49da7fed1e8e230bac0 to remote] DEBUG org.asynchttpclient.netty.request.NettyRequestSender - Using pooled Channel '[id: 0xeee43c4e, L:/127.0.0.1:50725 - R:localhost/127.0.0.1:54465]' for 'GET' to 'http://localhost:54465/session/543c3fab419bd49da7fed1e8e230bac0/screenshot'
16:32:28.313 [Forwarding screenshot on session 543c3fab419bd49da7fed1e8e230bac0 to remote] DEBUG org.asynchttpclient.netty.request.NettyRequestSender - Using open Channel [id: 0xeee43c4e, L:/127.0.0.1:50725 - R:localhost/127.0.0.1:54465] for GET '/session/543c3fab419bd49da7fed1e8e230bac0/screenshot'
16:32:28.784 [AsyncHttpClient-1-6] DEBUG org.asynchttpclient.netty.handler.HttpHandler - 

Request DefaultFullHttpRequest(decodeResult: success, version: HTTP/1.1, content: EmptyByteBufBE)
GET /session/543c3fab419bd49da7fed1e8e230bac0/screenshot HTTP/1.1
User-Agent: selenium/4.1.2 (java windows)
Cache-Control: no-cache
Content-Type: application/json; charset=utf-8
host: localhost:54465
accept: */*

Response DefaultHttpResponse(decodeResult: success, version: HTTP/1.1)
HTTP/1.1 200 OK
Content-Type: application/json; charset=utf-8
cache-control: no-cache
content-length: 382596

16:32:28.791 [AsyncHttpClient-1-6] DEBUG org.asynchttpclient.netty.channel.ChannelManager - Adding key: http://localhost:54465 for channel [id: 0xeee43c4e, L:/127.0.0.1:50725 - R:localhost/127.0.0.1:54465]
16:32:28.907 [main] DEBUG net.serenitybdd.core.photography.Darkroom - Send negative for processing for target\site\serenity\ed15a54c91c342d96a850276df7b559f4526b370fc93040e3c407a48a170f368.png
16:32:28.908 [main] DEBUG net.thucydides.core.steps.StepInterceptor - STEP DONE: validateOnDashboardPage
  &amp#27;[32mGiven &amp#27;[0m&amp#27;[32mI am at the dashboard page&amp#27;[0m                &amp#27;[90m# starter.stepdefinitions.PatientSteps.iAmAtTheDashboardPage()&amp#27;[0m
16:32:29.022 [Forwarding screenshot on session 543c3fab419bd49da7fed1e8e230bac0 to remote] DEBUG org.asynchttpclient.netty.request.NettyRequestSender - Using pooled Channel '[id: 0xeee43c4e, L:/127.0.0.1:50725 - R:localhost/127.0.0.1:54465]' for 'GET' to 'http://localhost:54465/session/543c3fab419bd49da7fed1e8e230bac0/screenshot'
16:32:29.022 [Forwarding screenshot on session 543c3fab419bd49da7fed1e8e230bac0 to remote] DEBUG org.asynchttpclient.netty.request.NettyRequestSender - Using open Channel [id: 0xeee43c4e, L:/127.0.0.1:50725 - R:localhost/127.0.0.1:54465] for GET '/session/543c3fab419bd49da7fed1e8e230bac0/screenshot'
16:32:29.337 [AsyncHttpClient-1-1] DEBUG org.asynchttpclient.netty.channel.DefaultChannelPool - Entry count for : http://localhost:50728 : 1
16:32:29.398 [AsyncHttpClient-1-6] DEBUG org.asynchttpclient.netty.handler.HttpHandler - 

Request DefaultFullHttpRequest(decodeResult: success, version: HTTP/1.1, content: EmptyByteBufBE)
GET /session/543c3fab419bd49da7fed1e8e230bac0/screenshot HTTP/1.1
User-Agent: selenium/4.1.2 (java windows)
Cache-Control: no-cache
Content-Type: application/json; charset=utf-8
host: localhost:54465
accept: */*

Response DefaultHttpResponse(decodeResult: success, version: HTTP/1.1)
HTTP/1.1 200 OK
Content-Type: application/json; charset=utf-8
cache-control: no-cache
content-length: 382596

16:32:29.743 [AsyncHttpClient-1-6] DEBUG org.asynchttpclient.netty.channel.ChannelManager - Adding key: http://localhost:54465 for channel [id: 0xeee43c4e, L:/127.0.0.1:50725 - R:localhost/127.0.0.1:54465]
16:32:29.770 [main] DEBUG net.serenitybdd.core.photography.Darkroom - Send negative for processing for target\site\serenity\ed15a54c91c342d96a850276df7b559f4526b370fc93040e3c407a48a170f368.png
16:32:29.770 [main] DEBUG net.thucydides.core.steps.StepInterceptor - STARTING STEP: PatientSteps.iClickMenuPatient - clickMenuPatientButton
16:32:29.775 [Forwarding findElement on session 543c3fab419bd49da7fed1e8e230bac0 to remote] DEBUG org.asynchttpclient.netty.request.NettyRequestSender - Using pooled Channel '[id: 0xeee43c4e, L:/127.0.0.1:50725 - R:localhost/127.0.0.1:54465]' for 'POST' to 'http://localhost:54465/session/543c3fab419bd49da7fed1e8e230bac0/element'
16:32:29.775 [Forwarding findElement on session 543c3fab419bd49da7fed1e8e230bac0 to remote] DEBUG org.asynchttpclient.netty.request.NettyRequestSender - Using open Channel [id: 0xeee43c4e, L:/127.0.0.1:50725 - R:localhost/127.0.0.1:54465] for POST '/session/543c3fab419bd49da7fed1e8e230bac0/element'
16:32:29.791 [AsyncHttpClient-1-6] DEBUG org.asynchttpclient.netty.handler.HttpHandler - 

Request DefaultHttpRequest(decodeResult: success, version: HTTP/1.1)
POST /session/543c3fab419bd49da7fed1e8e230bac0/element HTTP/1.1
User-Agent: selenium/4.1.2 (java windows)
Content-Length: 80
Content-Type: application/json; charset=utf-8
host: localhost:54465
accept: */*

Response DefaultHttpResponse(decodeResult: success, version: HTTP/1.1)
HTTP/1.1 200 OK
Content-Type: application/json; charset=utf-8
cache-control: no-cache
content-length: 88

16:32:29.791 [AsyncHttpClient-1-6] DEBUG org.asynchttpclient.netty.channel.ChannelManager - Adding key: http://localhost:54465 for channel [id: 0xeee43c4e, L:/127.0.0.1:50725 - R:localhost/127.0.0.1:54465]
16:32:29.793 [Forwarding getElementTagName on session 543c3fab419bd49da7fed1e8e230bac0 to remote] DEBUG org.asynchttpclient.netty.request.NettyRequestSender - Using pooled Channel '[id: 0xeee43c4e, L:/127.0.0.1:50725 - R:localhost/127.0.0.1:54465]' for 'GET' to 'http://localhost:54465/session/543c3fab419bd49da7fed1e8e230bac0/element/20420ca1-4fed-4feb-9d58-9e1fcca417e3/name'
16:32:29.793 [Forwarding getElementTagName on session 543c3fab419bd49da7fed1e8e230bac0 to remote] DEBUG org.asynchttpclient.netty.request.NettyRequestSender - Using open Channel [id: 0xeee43c4e, L:/127.0.0.1:50725 - R:localhost/127.0.0.1:54465] for GET '/session/543c3fab419bd49da7fed1e8e230bac0/element/20420ca1-4fed-4feb-9d58-9e1fcca417e3/name'
16:32:29.800 [AsyncHttpClient-1-6] DEBUG org.asynchttpclient.netty.handler.HttpHandler - 

Request DefaultFullHttpRequest(decodeResult: success, version: HTTP/1.1, content: EmptyByteBufBE)
GET /session/543c3fab419bd49da7fed1e8e230bac0/element/20420ca1-4fed-4feb-9d58-9e1fcca417e3/name HTTP/1.1
User-Agent: selenium/4.1.2 (java windows)
Cache-Control: no-cache
Content-Type: application/json; charset=utf-8
host: localhost:54465
accept: */*

Response DefaultHttpResponse(decodeResult: success, version: HTTP/1.1)
HTTP/1.1 200 OK
Content-Type: application/json; charset=utf-8
cache-control: no-cache
content-length: 15

16:32:29.800 [AsyncHttpClient-1-6] DEBUG org.asynchttpclient.netty.channel.ChannelManager - Adding key: http://localhost:54465 for channel [id: 0xeee43c4e, L:/127.0.0.1:50725 - R:localhost/127.0.0.1:54465]
16:32:29.802 [Forwarding getElementTagName on session 543c3fab419bd49da7fed1e8e230bac0 to remote] DEBUG org.asynchttpclient.netty.request.NettyRequestSender - Using pooled Channel '[id: 0xeee43c4e, L:/127.0.0.1:50725 - R:localhost/127.0.0.1:54465]' for 'GET' to 'http://localhost:54465/session/543c3fab419bd49da7fed1e8e230bac0/element/20420ca1-4fed-4feb-9d58-9e1fcca417e3/name'
16:32:29.802 [Forwarding getElementTagName on session 543c3fab419bd49da7fed1e8e230bac0 to remote] DEBUG org.asynchttpclient.netty.request.NettyRequestSender - Using open Channel [id: 0xeee43c4e, L:/127.0.0.1:50725 - R:localhost/127.0.0.1:54465] for GET '/session/543c3fab419bd49da7fed1e8e230bac0/element/20420ca1-4fed-4feb-9d58-9e1fcca417e3/name'
16:32:29.807 [AsyncHttpClient-1-6] DEBUG org.asynchttpclient.netty.handler.HttpHandler - 

Request DefaultFullHttpRequest(decodeResult: success, version: HTTP/1.1, content: EmptyByteBufBE)
GET /session/543c3fab419bd49da7fed1e8e230bac0/element/20420ca1-4fed-4feb-9d58-9e1fcca417e3/name HTTP/1.1
User-Agent: selenium/4.1.2 (java windows)
Cache-Control: no-cache
Content-Type: application/json; charset=utf-8
host: localhost:54465
accept: */*

Response DefaultHttpResponse(decodeResult: success, version: HTTP/1.1)
HTTP/1.1 200 OK
Content-Type: application/json; charset=utf-8
cache-control: no-cache
content-length: 15

16:32:29.807 [AsyncHttpClient-1-6] DEBUG org.asynchttpclient.netty.channel.ChannelManager - Adding key: http://localhost:54465 for channel [id: 0xeee43c4e, L:/127.0.0.1:50725 - R:localhost/127.0.0.1:54465]
16:32:29.810 [Forwarding findElement on session 543c3fab419bd49da7fed1e8e230bac0 to remote] DEBUG org.asynchttpclient.netty.request.NettyRequestSender - Using pooled Channel '[id: 0xeee43c4e, L:/127.0.0.1:50725 - R:localhost/127.0.0.1:54465]' for 'POST' to 'http://localhost:54465/session/543c3fab419bd49da7fed1e8e230bac0/element'
16:32:29.810 [Forwarding findElement on session 543c3fab419bd49da7fed1e8e230bac0 to remote] DEBUG org.asynchttpclient.netty.request.NettyRequestSender - Using open Channel [id: 0xeee43c4e, L:/127.0.0.1:50725 - R:localhost/127.0.0.1:54465] for POST '/session/543c3fab419bd49da7fed1e8e230bac0/element'
16:32:29.820 [AsyncHttpClient-1-6] DEBUG org.asynchttpclient.netty.handler.HttpHandler - 

Request DefaultHttpRequest(decodeResult: success, version: HTTP/1.1)
POST /session/543c3fab419bd49da7fed1e8e230bac0/element HTTP/1.1
User-Agent: selenium/4.1.2 (java windows)
Content-Length: 80
Content-Type: application/json; charset=utf-8
host: localhost:54465
accept: */*

Response DefaultHttpResponse(decodeResult: success, version: HTTP/1.1)
HTTP/1.1 200 OK
Content-Type: application/json; charset=utf-8
cache-control: no-cache
content-length: 88

16:32:29.820 [AsyncHttpClient-1-6] DEBUG org.asynchttpclient.netty.channel.ChannelManager - Adding key: http://localhost:54465 for channel [id: 0xeee43c4e, L:/127.0.0.1:50725 - R:localhost/127.0.0.1:54465]
16:32:29.821 [Forwarding clickElement on session 543c3fab419bd49da7fed1e8e230bac0 to remote] DEBUG org.asynchttpclient.netty.request.NettyRequestSender - Using pooled Channel '[id: 0xeee43c4e, L:/127.0.0.1:50725 - R:localhost/127.0.0.1:54465]' for 'POST' to 'http://localhost:54465/session/543c3fab419bd49da7fed1e8e230bac0/element/20420ca1-4fed-4feb-9d58-9e1fcca417e3/click'
16:32:29.821 [Forwarding clickElement on session 543c3fab419bd49da7fed1e8e230bac0 to remote] DEBUG org.asynchttpclient.netty.request.NettyRequestSender - Using open Channel [id: 0xeee43c4e, L:/127.0.0.1:50725 - R:localhost/127.0.0.1:54465] for POST '/session/543c3fab419bd49da7fed1e8e230bac0/element/20420ca1-4fed-4feb-9d58-9e1fcca417e3/click'
16:32:29.984 [AsyncHttpClient-1-6] DEBUG org.asynchttpclient.netty.handler.HttpHandler - 

Request DefaultHttpRequest(decodeResult: success, version: HTTP/1.1)
POST /session/543c3fab419bd49da7fed1e8e230bac0/element/20420ca1-4fed-4feb-9d58-9e1fcca417e3/click HTTP/1.1
User-Agent: selenium/4.1.2 (java windows)
Content-Length: 50
Content-Type: application/json; charset=utf-8
host: localhost:54465
accept: */*

Response DefaultHttpResponse(decodeResult: success, version: HTTP/1.1)
HTTP/1.1 200 OK
Content-Type: application/json; charset=utf-8
cache-control: no-cache
content-length: 14

16:32:29.984 [AsyncHttpClient-1-6] DEBUG org.asynchttpclient.netty.channel.ChannelManager - Adding key: http://localhost:54465 for channel [id: 0xeee43c4e, L:/127.0.0.1:50725 - R:localhost/127.0.0.1:54465]
16:32:29.991 [Forwarding screenshot on session 543c3fab419bd49da7fed1e8e230bac0 to remote] DEBUG org.asynchttpclient.netty.request.NettyRequestSender - Using pooled Channel '[id: 0xeee43c4e, L:/127.0.0.1:50725 - R:localhost/127.0.0.1:54465]' for 'GET' to 'http://localhost:54465/session/543c3fab419bd49da7fed1e8e230bac0/screenshot'
16:32:29.991 [Forwarding screenshot on session 543c3fab419bd49da7fed1e8e230bac0 to remote] DEBUG org.asynchttpclient.netty.request.NettyRequestSender - Using open Channel [id: 0xeee43c4e, L:/127.0.0.1:50725 - R:localhost/127.0.0.1:54465] for GET '/session/543c3fab419bd49da7fed1e8e230bac0/screenshot'
16:32:30.125 [AsyncHttpClient-1-6] DEBUG org.asynchttpclient.netty.handler.HttpHandler - 

Request DefaultFullHttpRequest(decodeResult: success, version: HTTP/1.1, content: EmptyByteBufBE)
GET /session/543c3fab419bd49da7fed1e8e230bac0/screenshot HTTP/1.1
User-Agent: selenium/4.1.2 (java windows)
Cache-Control: no-cache
Content-Type: application/json; charset=utf-8
host: localhost:54465
accept: */*

Response DefaultHttpResponse(decodeResult: success, version: HTTP/1.1)
HTTP/1.1 200 OK
Content-Type: application/json; charset=utf-8
cache-control: no-cache
content-length: 55356

16:32:30.125 [AsyncHttpClient-1-6] DEBUG org.asynchttpclient.netty.channel.ChannelManager - Adding key: http://localhost:54465 for channel [id: 0xeee43c4e, L:/127.0.0.1:50725 - R:localhost/127.0.0.1:54465]
16:32:30.129 [main] DEBUG net.serenitybdd.core.photography.Darkroom - Send negative for processing for target\site\serenity\ba5e98368b8b80bc67dec291e300f29f857b0a624580ce977aa7580a9f0871db.png
16:32:30.130 [main] DEBUG net.thucydides.core.steps.StepInterceptor - STEP DONE: clickMenuPatientButton
16:32:30.130 [Darkroom Processing Line] DEBUG net.serenitybdd.core.photography.DarkroomProcessingLine - Processing screenshot image in /var/screenshots/screenshot-16056754525221049190
16:32:30.130 [Darkroom Processing Line] DEBUG net.serenitybdd.core.photography.DarkroomProcessingLine - Saving screenshot to target\site\serenity\ba5e98368b8b80bc67dec291e300f29f857b0a624580ce977aa7580a9f0871db.png
  &amp#27;[32mAnd &amp#27;[0m&amp#27;[32mI click menu patient&amp#27;[0m                        &amp#27;[90m# starter.stepdefinitions.PatientSteps.iClickMenuPatient()&amp#27;[0m
16:32:30.403 [Forwarding screenshot on session 543c3fab419bd49da7fed1e8e230bac0 to remote] DEBUG org.asynchttpclient.netty.request.NettyRequestSender - Using pooled Channel '[id: 0xeee43c4e, L:/127.0.0.1:50725 - R:localhost/127.0.0.1:54465]' for 'GET' to 'http://localhost:54465/session/543c3fab419bd49da7fed1e8e230bac0/screenshot'
16:32:30.403 [Forwarding screenshot on session 543c3fab419bd49da7fed1e8e230bac0 to remote] DEBUG org.asynchttpclient.netty.request.NettyRequestSender - Using open Channel [id: 0xeee43c4e, L:/127.0.0.1:50725 - R:localhost/127.0.0.1:54465] for GET '/session/543c3fab419bd49da7fed1e8e230bac0/screenshot'
16:32:30.437 [AsyncHttpClient-1-1] DEBUG org.asynchttpclient.netty.channel.DefaultChannelPool - Entry count for : http://localhost:50728 : 1
16:32:30.531 [AsyncHttpClient-1-6] DEBUG org.asynchttpclient.netty.handler.HttpHandler - 

Request DefaultFullHttpRequest(decodeResult: success, version: HTTP/1.1, content: EmptyByteBufBE)
GET /session/543c3fab419bd49da7fed1e8e230bac0/screenshot HTTP/1.1
User-Agent: selenium/4.1.2 (java windows)
Cache-Control: no-cache
Content-Type: application/json; charset=utf-8
host: localhost:54465
accept: */*

Response DefaultHttpResponse(decodeResult: success, version: HTTP/1.1)
HTTP/1.1 200 OK
Content-Type: application/json; charset=utf-8
cache-control: no-cache
content-length: 55400

16:32:30.531 [AsyncHttpClient-1-6] DEBUG org.asynchttpclient.netty.channel.ChannelManager - Adding key: http://localhost:54465 for channel [id: 0xeee43c4e, L:/127.0.0.1:50725 - R:localhost/127.0.0.1:54465]
16:32:30.535 [main] DEBUG net.serenitybdd.core.photography.Darkroom - Send negative for processing for target\site\serenity\91b300aefe939afd6bb731040f1bbeadeb7a0bf2b833bc96661c14353da54e82.png
16:32:30.535 [main] DEBUG net.thucydides.core.steps.StepInterceptor - STARTING STEP: PatientSteps.iClickAddNewPatient - clickAddNewPatientButton
16:32:30.535 [Darkroom Processing Line] DEBUG net.serenitybdd.core.photography.DarkroomProcessingLine - Processing screenshot image in /var/screenshots/screenshot-7405669980615861725
16:32:30.535 [Darkroom Processing Line] DEBUG net.serenitybdd.core.photography.DarkroomProcessingLine - Saving screenshot to target\site\serenity\91b300aefe939afd6bb731040f1bbeadeb7a0bf2b833bc96661c14353da54e82.png
16:32:30.579 [Forwarding findElement on session 543c3fab419bd49da7fed1e8e230bac0 to remote] DEBUG org.asynchttpclient.netty.request.NettyRequestSender - Using pooled Channel '[id: 0xeee43c4e, L:/127.0.0.1:50725 - R:localhost/127.0.0.1:54465]' for 'POST' to 'http://localhost:54465/session/543c3fab419bd49da7fed1e8e230bac0/element'
16:32:30.579 [Forwarding findElement on session 543c3fab419bd49da7fed1e8e230bac0 to remote] DEBUG org.asynchttpclient.netty.request.NettyRequestSender - Using open Channel [id: 0xeee43c4e, L:/127.0.0.1:50725 - R:localhost/127.0.0.1:54465] for POST '/session/543c3fab419bd49da7fed1e8e230bac0/element'
16:32:30.594 [AsyncHttpClient-1-6] DEBUG org.asynchttpclient.netty.handler.HttpHandler - 

Request DefaultHttpRequest(decodeResult: success, version: HTTP/1.1)
POST /session/543c3fab419bd49da7fed1e8e230bac0/element HTTP/1.1
User-Agent: selenium/4.1.2 (java windows)
Content-Length: 149
Content-Type: application/json; charset=utf-8
host: localhost:54465
accept: */*

Response DefaultHttpResponse(decodeResult: success, version: HTTP/1.1)
HTTP/1.1 200 OK
Content-Type: application/json; charset=utf-8
cache-control: no-cache
content-length: 88

16:32:30.594 [AsyncHttpClient-1-6] DEBUG org.asynchttpclient.netty.channel.ChannelManager - Adding key: http://localhost:54465 for channel [id: 0xeee43c4e, L:/127.0.0.1:50725 - R:localhost/127.0.0.1:54465]
16:32:30.595 [Forwarding getElementTagName on session 543c3fab419bd49da7fed1e8e230bac0 to remote] DEBUG org.asynchttpclient.netty.request.NettyRequestSender - Using pooled Channel '[id: 0xeee43c4e, L:/127.0.0.1:50725 - R:localhost/127.0.0.1:54465]' for 'GET' to 'http://localhost:54465/session/543c3fab419bd49da7fed1e8e230bac0/element/f384afca-fc2b-4f21-9b67-573ce0b227a1/name'
16:32:30.595 [Forwarding getElementTagName on session 543c3fab419bd49da7fed1e8e230bac0 to remote] DEBUG org.asynchttpclient.netty.request.NettyRequestSender - Using open Channel [id: 0xeee43c4e, L:/127.0.0.1:50725 - R:localhost/127.0.0.1:54465] for GET '/session/543c3fab419bd49da7fed1e8e230bac0/element/f384afca-fc2b-4f21-9b67-573ce0b227a1/name'
16:32:30.601 [AsyncHttpClient-1-6] DEBUG org.asynchttpclient.netty.handler.HttpHandler - 

Request DefaultFullHttpRequest(decodeResult: success, version: HTTP/1.1, content: EmptyByteBufBE)
GET /session/543c3fab419bd49da7fed1e8e230bac0/element/f384afca-fc2b-4f21-9b67-573ce0b227a1/name HTTP/1.1
User-Agent: selenium/4.1.2 (java windows)
Cache-Control: no-cache
Content-Type: application/json; charset=utf-8
host: localhost:54465
accept: */*

Response DefaultHttpResponse(decodeResult: success, version: HTTP/1.1)
HTTP/1.1 200 OK
Content-Type: application/json; charset=utf-8
cache-control: no-cache
content-length: 18

16:32:30.601 [AsyncHttpClient-1-6] DEBUG org.asynchttpclient.netty.channel.ChannelManager - Adding key: http://localhost:54465 for channel [id: 0xeee43c4e, L:/127.0.0.1:50725 - R:localhost/127.0.0.1:54465]
16:32:30.602 [Forwarding getElementTagName on session 543c3fab419bd49da7fed1e8e230bac0 to remote] DEBUG org.asynchttpclient.netty.request.NettyRequestSender - Using pooled Channel '[id: 0xeee43c4e, L:/127.0.0.1:50725 - R:localhost/127.0.0.1:54465]' for 'GET' to 'http://localhost:54465/session/543c3fab419bd49da7fed1e8e230bac0/element/f384afca-fc2b-4f21-9b67-573ce0b227a1/name'
16:32:30.602 [Forwarding getElementTagName on session 543c3fab419bd49da7fed1e8e230bac0 to remote] DEBUG org.asynchttpclient.netty.request.NettyRequestSender - Using open Channel [id: 0xeee43c4e, L:/127.0.0.1:50725 - R:localhost/127.0.0.1:54465] for GET '/session/543c3fab419bd49da7fed1e8e230bac0/element/f384afca-fc2b-4f21-9b67-573ce0b227a1/name'
16:32:30.607 [AsyncHttpClient-1-6] DEBUG org.asynchttpclient.netty.handler.HttpHandler - 

Request DefaultFullHttpRequest(decodeResult: success, version: HTTP/1.1, content: EmptyByteBufBE)
GET /session/543c3fab419bd49da7fed1e8e230bac0/element/f384afca-fc2b-4f21-9b67-573ce0b227a1/name HTTP/1.1
User-Agent: selenium/4.1.2 (java windows)
Cache-Control: no-cache
Content-Type: application/json; charset=utf-8
host: localhost:54465
accept: */*

Response DefaultHttpResponse(decodeResult: success, version: HTTP/1.1)
HTTP/1.1 200 OK
Content-Type: application/json; charset=utf-8
cache-control: no-cache
content-length: 18

16:32:30.607 [AsyncHttpClient-1-6] DEBUG org.asynchttpclient.netty.channel.ChannelManager - Adding key: http://localhost:54465 for channel [id: 0xeee43c4e, L:/127.0.0.1:50725 - R:localhost/127.0.0.1:54465]
16:32:30.609 [Forwarding isElementEnabled on session 543c3fab419bd49da7fed1e8e230bac0 to remote] DEBUG org.asynchttpclient.netty.request.NettyRequestSender - Using pooled Channel '[id: 0xeee43c4e, L:/127.0.0.1:50725 - R:localhost/127.0.0.1:54465]' for 'GET' to 'http://localhost:54465/session/543c3fab419bd49da7fed1e8e230bac0/element/f384afca-fc2b-4f21-9b67-573ce0b227a1/enabled'
16:32:30.609 [Forwarding isElementEnabled on session 543c3fab419bd49da7fed1e8e230bac0 to remote] DEBUG org.asynchttpclient.netty.request.NettyRequestSender - Using open Channel [id: 0xeee43c4e, L:/127.0.0.1:50725 - R:localhost/127.0.0.1:54465] for GET '/session/543c3fab419bd49da7fed1e8e230bac0/element/f384afca-fc2b-4f21-9b67-573ce0b227a1/enabled'
16:32:31.220 [AsyncHttpClient-1-6] DEBUG org.asynchttpclient.netty.handler.HttpHandler - 

Request DefaultFullHttpRequest(decodeResult: success, version: HTTP/1.1, content: EmptyByteBufBE)
GET /session/543c3fab419bd49da7fed1e8e230bac0/element/f384afca-fc2b-4f21-9b67-573ce0b227a1/enabled HTTP/1.1
User-Agent: selenium/4.1.2 (java windows)
Cache-Control: no-cache
Content-Type: application/json; charset=utf-8
host: localhost:54465
accept: */*

Response DefaultHttpResponse(decodeResult: success, version: HTTP/1.1)
HTTP/1.1 200 OK
Content-Type: application/json; charset=utf-8
cache-control: no-cache
content-length: 14

16:32:31.220 [AsyncHttpClient-1-6] DEBUG org.asynchttpclient.netty.channel.ChannelManager - Adding key: http://localhost:54465 for channel [id: 0xeee43c4e, L:/127.0.0.1:50725 - R:localhost/127.0.0.1:54465]
16:32:31.223 [Forwarding isElementEnabled on session 543c3fab419bd49da7fed1e8e230bac0 to remote] DEBUG org.asynchttpclient.netty.request.NettyRequestSender - Using pooled Channel '[id: 0xeee43c4e, L:/127.0.0.1:50725 - R:localhost/127.0.0.1:54465]' for 'GET' to 'http://localhost:54465/session/543c3fab419bd49da7fed1e8e230bac0/element/f384afca-fc2b-4f21-9b67-573ce0b227a1/enabled'
16:32:31.223 [Forwarding isElementEnabled on session 543c3fab419bd49da7fed1e8e230bac0 to remote] DEBUG org.asynchttpclient.netty.request.NettyRequestSender - Using open Channel [id: 0xeee43c4e, L:/127.0.0.1:50725 - R:localhost/127.0.0.1:54465] for GET '/session/543c3fab419bd49da7fed1e8e230bac0/element/f384afca-fc2b-4f21-9b67-573ce0b227a1/enabled'
16:32:31.269 [AsyncHttpClient-1-6] DEBUG org.asynchttpclient.netty.handler.HttpHandler - 

Request DefaultFullHttpRequest(decodeResult: success, version: HTTP/1.1, content: EmptyByteBufBE)
GET /session/543c3fab419bd49da7fed1e8e230bac0/element/f384afca-fc2b-4f21-9b67-573ce0b227a1/enabled HTTP/1.1
User-Agent: selenium/4.1.2 (java windows)
Cache-Control: no-cache
Content-Type: application/json; charset=utf-8
host: localhost:54465
accept: */*

Response DefaultHttpResponse(decodeResult: success, version: HTTP/1.1)
HTTP/1.1 200 OK
Content-Type: application/json; charset=utf-8
cache-control: no-cache
content-length: 14

16:32:31.270 [AsyncHttpClient-1-6] DEBUG org.asynchttpclient.netty.channel.ChannelManager - Adding key: http://localhost:54465 for channel [id: 0xeee43c4e, L:/127.0.0.1:50725 - R:localhost/127.0.0.1:54465]
16:32:31.272 [Forwarding findElement on session 543c3fab419bd49da7fed1e8e230bac0 to remote] DEBUG org.asynchttpclient.netty.request.NettyRequestSender - Using pooled Channel '[id: 0xeee43c4e, L:/127.0.0.1:50725 - R:localhost/127.0.0.1:54465]' for 'POST' to 'http://localhost:54465/session/543c3fab419bd49da7fed1e8e230bac0/element'
16:32:31.272 [Forwarding findElement on session 543c3fab419bd49da7fed1e8e230bac0 to remote] DEBUG org.asynchttpclient.netty.request.NettyRequestSender - Using open Channel [id: 0xeee43c4e, L:/127.0.0.1:50725 - R:localhost/127.0.0.1:54465] for POST '/session/543c3fab419bd49da7fed1e8e230bac0/element'
16:32:31.280 [AsyncHttpClient-1-6] DEBUG org.asynchttpclient.netty.handler.HttpHandler - 

Request DefaultHttpRequest(decodeResult: success, version: HTTP/1.1)
POST /session/543c3fab419bd49da7fed1e8e230bac0/element HTTP/1.1
User-Agent: selenium/4.1.2 (java windows)
Content-Length: 149
Content-Type: application/json; charset=utf-8
host: localhost:54465
accept: */*

Response DefaultHttpResponse(decodeResult: success, version: HTTP/1.1)
HTTP/1.1 200 OK
Content-Type: application/json; charset=utf-8
cache-control: no-cache
content-length: 88

16:32:31.281 [AsyncHttpClient-1-6] DEBUG org.asynchttpclient.netty.channel.ChannelManager - Adding key: http://localhost:54465 for channel [id: 0xeee43c4e, L:/127.0.0.1:50725 - R:localhost/127.0.0.1:54465]
16:32:31.282 [Forwarding clickElement on session 543c3fab419bd49da7fed1e8e230bac0 to remote] DEBUG org.asynchttpclient.netty.request.NettyRequestSender - Using pooled Channel '[id: 0xeee43c4e, L:/127.0.0.1:50725 - R:localhost/127.0.0.1:54465]' for 'POST' to 'http://localhost:54465/session/543c3fab419bd49da7fed1e8e230bac0/element/f384afca-fc2b-4f21-9b67-573ce0b227a1/click'
16:32:31.282 [Forwarding clickElement on session 543c3fab419bd49da7fed1e8e230bac0 to remote] DEBUG org.asynchttpclient.netty.request.NettyRequestSender - Using open Channel [id: 0xeee43c4e, L:/127.0.0.1:50725 - R:localhost/127.0.0.1:54465] for POST '/session/543c3fab419bd49da7fed1e8e230bac0/element/f384afca-fc2b-4f21-9b67-573ce0b227a1/click'
16:32:31.461 [AsyncHttpClient-1-6] DEBUG org.asynchttpclient.netty.handler.HttpHandler - 

Request DefaultHttpRequest(decodeResult: success, version: HTTP/1.1)
POST /session/543c3fab419bd49da7fed1e8e230bac0/element/f384afca-fc2b-4f21-9b67-573ce0b227a1/click HTTP/1.1
User-Agent: selenium/4.1.2 (java windows)
Content-Length: 50
Content-Type: application/json; charset=utf-8
host: localhost:54465
accept: */*

Response DefaultHttpResponse(decodeResult: success, version: HTTP/1.1)
HTTP/1.1 200 OK
Content-Type: application/json; charset=utf-8
cache-control: no-cache
content-length: 14

16:32:31.461 [AsyncHttpClient-1-6] DEBUG org.asynchttpclient.netty.channel.ChannelManager - Adding key: http://localhost:54465 for channel [id: 0xeee43c4e, L:/127.0.0.1:50725 - R:localhost/127.0.0.1:54465]
16:32:31.474 [Forwarding screenshot on session 543c3fab419bd49da7fed1e8e230bac0 to remote] DEBUG org.asynchttpclient.netty.request.NettyRequestSender - Using pooled Channel '[id: 0xeee43c4e, L:/127.0.0.1:50725 - R:localhost/127.0.0.1:54465]' for 'GET' to 'http://localhost:54465/session/543c3fab419bd49da7fed1e8e230bac0/screenshot'
16:32:31.474 [Forwarding screenshot on session 543c3fab419bd49da7fed1e8e230bac0 to remote] DEBUG org.asynchttpclient.netty.request.NettyRequestSender - Using open Channel [id: 0xeee43c4e, L:/127.0.0.1:50725 - R:localhost/127.0.0.1:54465] for GET '/session/543c3fab419bd49da7fed1e8e230bac0/screenshot'
16:32:31.538 [AsyncHttpClient-1-1] DEBUG org.asynchttpclient.netty.channel.DefaultChannelPool - Entry count for : http://localhost:50728 : 1
16:32:31.646 [AsyncHttpClient-1-6] DEBUG org.asynchttpclient.netty.handler.HttpHandler - 

Request DefaultFullHttpRequest(decodeResult: success, version: HTTP/1.1, content: EmptyByteBufBE)
GET /session/543c3fab419bd49da7fed1e8e230bac0/screenshot HTTP/1.1
User-Agent: selenium/4.1.2 (java windows)
Cache-Control: no-cache
Content-Type: application/json; charset=utf-8
host: localhost:54465
accept: */*

Response DefaultHttpResponse(decodeResult: success, version: HTTP/1.1)
HTTP/1.1 200 OK
Content-Type: application/json; charset=utf-8
cache-control: no-cache
content-length: 103628

16:32:31.648 [AsyncHttpClient-1-6] DEBUG org.asynchttpclient.netty.channel.ChannelManager - Adding key: http://localhost:54465 for channel [id: 0xeee43c4e, L:/127.0.0.1:50725 - R:localhost/127.0.0.1:54465]
16:32:31.655 [main] DEBUG net.serenitybdd.core.photography.Darkroom - Send negative for processing for target\site\serenity\539e49a2e989b2cfe4d22dc0362456e6188dfeba611cefbe938c710d522b0b5a.png
16:32:31.655 [main] DEBUG net.thucydides.core.steps.StepInterceptor - STEP DONE: clickAddNewPatientButton
  &amp#27;[32mWhen &amp#27;[0m&amp#27;[32mI click Add New Patient&amp#27;[0m                    &amp#27;[90m# starter.stepdefinitions.PatientSteps.iClickAddNewPatient()&amp#27;[0m
16:32:31.655 [Darkroom Processing Line] DEBUG net.serenitybdd.core.photography.DarkroomProcessingLine - Processing screenshot image in /var/screenshots/screenshot-10849098308844860583
16:32:31.655 [Darkroom Processing Line] DEBUG net.serenitybdd.core.photography.DarkroomProcessingLine - Saving screenshot to target\site\serenity\539e49a2e989b2cfe4d22dc0362456e6188dfeba611cefbe938c710d522b0b5a.png
16:32:31.675 [main] DEBUG net.thucydides.core.steps.StepInterceptor - STARTING STEP: PatientSteps.iInputValidDataPatientAndClickSubmit - inputName
16:32:31.681 [Forwarding findElement on session 543c3fab419bd49da7fed1e8e230bac0 to remote] DEBUG org.asynchttpclient.netty.request.NettyRequestSender - Using pooled Channel '[id: 0xeee43c4e, L:/127.0.0.1:50725 - R:localhost/127.0.0.1:54465]' for 'POST' to 'http://localhost:54465/session/543c3fab419bd49da7fed1e8e230bac0/element'
16:32:31.681 [Forwarding findElement on session 543c3fab419bd49da7fed1e8e230bac0 to remote] DEBUG org.asynchttpclient.netty.request.NettyRequestSender - Using open Channel [id: 0xeee43c4e, L:/127.0.0.1:50725 - R:localhost/127.0.0.1:54465] for POST '/session/543c3fab419bd49da7fed1e8e230bac0/element'
16:32:31.698 [AsyncHttpClient-1-6] DEBUG org.asynchttpclient.netty.handler.HttpHandler - 

Request DefaultHttpRequest(decodeResult: success, version: HTTP/1.1)
POST /session/543c3fab419bd49da7fed1e8e230bac0/element HTTP/1.1
User-Agent: selenium/4.1.2 (java windows)
Content-Length: 139
Content-Type: application/json; charset=utf-8
host: localhost:54465
accept: */*

Response DefaultHttpResponse(decodeResult: success, version: HTTP/1.1)
HTTP/1.1 200 OK
Content-Type: application/json; charset=utf-8
cache-control: no-cache
content-length: 88

16:32:31.698 [AsyncHttpClient-1-6] DEBUG org.asynchttpclient.netty.channel.ChannelManager - Adding key: http://localhost:54465 for channel [id: 0xeee43c4e, L:/127.0.0.1:50725 - R:localhost/127.0.0.1:54465]
16:32:31.700 [Forwarding clearElement on session 543c3fab419bd49da7fed1e8e230bac0 to remote] DEBUG org.asynchttpclient.netty.request.NettyRequestSender - Using pooled Channel '[id: 0xeee43c4e, L:/127.0.0.1:50725 - R:localhost/127.0.0.1:54465]' for 'POST' to 'http://localhost:54465/session/543c3fab419bd49da7fed1e8e230bac0/element/35332b01-cf63-4845-80e3-711c751c8897/clear'
16:32:31.700 [Forwarding clearElement on session 543c3fab419bd49da7fed1e8e230bac0 to remote] DEBUG org.asynchttpclient.netty.request.NettyRequestSender - Using open Channel [id: 0xeee43c4e, L:/127.0.0.1:50725 - R:localhost/127.0.0.1:54465] for POST '/session/543c3fab419bd49da7fed1e8e230bac0/element/35332b01-cf63-4845-80e3-711c751c8897/clear'
16:32:32.637 [AsyncHttpClient-1-1] DEBUG org.asynchttpclient.netty.channel.DefaultChannelPool - Entry count for : http://localhost:50728 : 1
16:32:33.215 [AsyncHttpClient-1-6] DEBUG org.asynchttpclient.netty.handler.HttpHandler - 

Request DefaultHttpRequest(decodeResult: success, version: HTTP/1.1)
POST /session/543c3fab419bd49da7fed1e8e230bac0/element/35332b01-cf63-4845-80e3-711c751c8897/clear HTTP/1.1
User-Agent: selenium/4.1.2 (java windows)
Content-Length: 50
Content-Type: application/json; charset=utf-8
host: localhost:54465
accept: */*

Response DefaultHttpResponse(decodeResult: success, version: HTTP/1.1)
HTTP/1.1 200 OK
Content-Type: application/json; charset=utf-8
cache-control: no-cache
content-length: 14

16:32:33.215 [AsyncHttpClient-1-6] DEBUG org.asynchttpclient.netty.channel.ChannelManager - Adding key: http://localhost:54465 for channel [id: 0xeee43c4e, L:/127.0.0.1:50725 - R:localhost/127.0.0.1:54465]
16:32:33.218 [Forwarding sendKeysToElement on session 543c3fab419bd49da7fed1e8e230bac0 to remote] DEBUG org.asynchttpclient.netty.request.NettyRequestSender - Using pooled Channel '[id: 0xeee43c4e, L:/127.0.0.1:50725 - R:localhost/127.0.0.1:54465]' for 'POST' to 'http://localhost:54465/session/543c3fab419bd49da7fed1e8e230bac0/element/35332b01-cf63-4845-80e3-711c751c8897/value'
16:32:33.219 [Forwarding sendKeysToElement on session 543c3fab419bd49da7fed1e8e230bac0 to remote] DEBUG org.asynchttpclient.netty.request.NettyRequestSender - Using open Channel [id: 0xeee43c4e, L:/127.0.0.1:50725 - R:localhost/127.0.0.1:54465] for POST '/session/543c3fab419bd49da7fed1e8e230bac0/element/35332b01-cf63-4845-80e3-711c751c8897/value'
16:32:33.494 [AsyncHttpClient-1-6] DEBUG org.asynchttpclient.netty.handler.HttpHandler - 

Request DefaultHttpRequest(decodeResult: success, version: HTTP/1.1)
POST /session/543c3fab419bd49da7fed1e8e230bac0/element/35332b01-cf63-4845-80e3-711c751c8897/value HTTP/1.1
User-Agent: selenium/4.1.2 (java windows)
Content-Length: 101
Content-Type: application/json; charset=utf-8
host: localhost:54465
accept: */*

Response DefaultHttpResponse(decodeResult: success, version: HTTP/1.1)
HTTP/1.1 200 OK
Content-Type: application/json; charset=utf-8
cache-control: no-cache
content-length: 14

16:32:33.494 [AsyncHttpClient-1-6] DEBUG org.asynchttpclient.netty.channel.ChannelManager - Adding key: http://localhost:54465 for channel [id: 0xeee43c4e, L:/127.0.0.1:50725 - R:localhost/127.0.0.1:54465]
16:32:33.505 [Forwarding screenshot on session 543c3fab419bd49da7fed1e8e230bac0 to remote] DEBUG org.asynchttpclient.netty.request.NettyRequestSender - Using pooled Channel '[id: 0xeee43c4e, L:/127.0.0.1:50725 - R:localhost/127.0.0.1:54465]' for 'GET' to 'http://localhost:54465/session/543c3fab419bd49da7fed1e8e230bac0/screenshot'
16:32:33.505 [Forwarding screenshot on session 543c3fab419bd49da7fed1e8e230bac0 to remote] DEBUG org.asynchttpclient.netty.request.NettyRequestSender - Using open Channel [id: 0xeee43c4e, L:/127.0.0.1:50725 - R:localhost/127.0.0.1:54465] for GET '/session/543c3fab419bd49da7fed1e8e230bac0/screenshot'
16:32:33.654 [AsyncHttpClient-1-6] DEBUG org.asynchttpclient.netty.handler.HttpHandler - 

Request DefaultFullHttpRequest(decodeResult: success, version: HTTP/1.1, content: EmptyByteBufBE)
GET /session/543c3fab419bd49da7fed1e8e230bac0/screenshot HTTP/1.1
User-Agent: selenium/4.1.2 (java windows)
Cache-Control: no-cache
Content-Type: application/json; charset=utf-8
host: localhost:54465
accept: */*

Response DefaultHttpResponse(decodeResult: success, version: HTTP/1.1)
HTTP/1.1 200 OK
Content-Type: application/json; charset=utf-8
cache-control: no-cache
content-length: 80188

16:32:33.654 [AsyncHttpClient-1-6] DEBUG org.asynchttpclient.netty.channel.ChannelManager - Adding key: http://localhost:54465 for channel [id: 0xeee43c4e, L:/127.0.0.1:50725 - R:localhost/127.0.0.1:54465]
16:32:33.659 [main] DEBUG net.serenitybdd.core.photography.Darkroom - Send negative for processing for target\site\serenity\5001e9e07189f1ae92c0ab3fa4ecc0122babf2551028a388c38f670193c09ac2.png
16:32:33.659 [main] DEBUG net.thucydides.core.steps.StepInterceptor - STEP DONE: inputName
16:32:33.659 [Darkroom Processing Line] DEBUG net.serenitybdd.core.photography.DarkroomProcessingLine - Processing screenshot image in /var/screenshots/screenshot-2904357218065358920
16:32:33.659 [Darkroom Processing Line] DEBUG net.serenitybdd.core.photography.DarkroomProcessingLine - Saving screenshot to target\site\serenity\5001e9e07189f1ae92c0ab3fa4ecc0122babf2551028a388c38f670193c09ac2.png
16:32:33.666 [main] DEBUG net.thucydides.core.steps.StepInterceptor - STARTING STEP: PatientSteps.iInputValidDataPatientAndClickSubmit - inputDateOfBirth
16:32:33.668 [Forwarding findElement on session 543c3fab419bd49da7fed1e8e230bac0 to remote] DEBUG org.asynchttpclient.netty.request.NettyRequestSender - Using pooled Channel '[id: 0xeee43c4e, L:/127.0.0.1:50725 - R:localhost/127.0.0.1:54465]' for 'POST' to 'http://localhost:54465/session/543c3fab419bd49da7fed1e8e230bac0/element'
16:32:33.668 [Forwarding findElement on session 543c3fab419bd49da7fed1e8e230bac0 to remote] DEBUG org.asynchttpclient.netty.request.NettyRequestSender - Using open Channel [id: 0xeee43c4e, L:/127.0.0.1:50725 - R:localhost/127.0.0.1:54465] for POST '/session/543c3fab419bd49da7fed1e8e230bac0/element'
16:32:33.682 [AsyncHttpClient-1-6] DEBUG org.asynchttpclient.netty.handler.HttpHandler - 

Request DefaultHttpRequest(decodeResult: success, version: HTTP/1.1)
POST /session/543c3fab419bd49da7fed1e8e230bac0/element HTTP/1.1
User-Agent: selenium/4.1.2 (java windows)
Content-Length: 139
Content-Type: application/json; charset=utf-8
host: localhost:54465
accept: */*

Response DefaultHttpResponse(decodeResult: success, version: HTTP/1.1)
HTTP/1.1 200 OK
Content-Type: application/json; charset=utf-8
cache-control: no-cache
content-length: 88

16:32:33.682 [AsyncHttpClient-1-6] DEBUG org.asynchttpclient.netty.channel.ChannelManager - Adding key: http://localhost:54465 for channel [id: 0xeee43c4e, L:/127.0.0.1:50725 - R:localhost/127.0.0.1:54465]
16:32:33.684 [Forwarding clearElement on session 543c3fab419bd49da7fed1e8e230bac0 to remote] DEBUG org.asynchttpclient.netty.request.NettyRequestSender - Using pooled Channel '[id: 0xeee43c4e, L:/127.0.0.1:50725 - R:localhost/127.0.0.1:54465]' for 'POST' to 'http://localhost:54465/session/543c3fab419bd49da7fed1e8e230bac0/element/49233466-021d-414e-b3b7-b472b07b313d/clear'
16:32:33.684 [Forwarding clearElement on session 543c3fab419bd49da7fed1e8e230bac0 to remote] DEBUG org.asynchttpclient.netty.request.NettyRequestSender - Using open Channel [id: 0xeee43c4e, L:/127.0.0.1:50725 - R:localhost/127.0.0.1:54465] for POST '/session/543c3fab419bd49da7fed1e8e230bac0/element/49233466-021d-414e-b3b7-b472b07b313d/clear'
16:32:33.723 [AsyncHttpClient-1-6] DEBUG org.asynchttpclient.netty.handler.HttpHandler - 

Request DefaultHttpRequest(decodeResult: success, version: HTTP/1.1)
POST /session/543c3fab419bd49da7fed1e8e230bac0/element/49233466-021d-414e-b3b7-b472b07b313d/clear HTTP/1.1
User-Agent: selenium/4.1.2 (java windows)
Content-Length: 50
Content-Type: application/json; charset=utf-8
host: localhost:54465
accept: */*

Response DefaultHttpResponse(decodeResult: success, version: HTTP/1.1)
HTTP/1.1 200 OK
Content-Type: application/json; charset=utf-8
cache-control: no-cache
content-length: 14

16:32:33.723 [AsyncHttpClient-1-6] DEBUG org.asynchttpclient.netty.channel.ChannelManager - Adding key: http://localhost:54465 for channel [id: 0xeee43c4e, L:/127.0.0.1:50725 - R:localhost/127.0.0.1:54465]
16:32:33.725 [Forwarding sendKeysToElement on session 543c3fab419bd49da7fed1e8e230bac0 to remote] DEBUG org.asynchttpclient.netty.request.NettyRequestSender - Using pooled Channel '[id: 0xeee43c4e, L:/127.0.0.1:50725 - R:localhost/127.0.0.1:54465]' for 'POST' to 'http://localhost:54465/session/543c3fab419bd49da7fed1e8e230bac0/element/49233466-021d-414e-b3b7-b472b07b313d/value'
16:32:33.725 [Forwarding sendKeysToElement on session 543c3fab419bd49da7fed1e8e230bac0 to remote] DEBUG org.asynchttpclient.netty.request.NettyRequestSender - Using open Channel [id: 0xeee43c4e, L:/127.0.0.1:50725 - R:localhost/127.0.0.1:54465] for POST '/session/543c3fab419bd49da7fed1e8e230bac0/element/49233466-021d-414e-b3b7-b472b07b313d/value'
16:32:33.738 [AsyncHttpClient-1-1] DEBUG org.asynchttpclient.netty.channel.DefaultChannelPool - Entry count for : http://localhost:50728 : 1
16:32:33.933 [AsyncHttpClient-1-6] DEBUG org.asynchttpclient.netty.handler.HttpHandler - 

Request DefaultHttpRequest(decodeResult: success, version: HTTP/1.1)
POST /session/543c3fab419bd49da7fed1e8e230bac0/element/49233466-021d-414e-b3b7-b472b07b313d/value HTTP/1.1
User-Agent: selenium/4.1.2 (java windows)
Content-Length: 161
Content-Type: application/json; charset=utf-8
host: localhost:54465
accept: */*

Response DefaultHttpResponse(decodeResult: success, version: HTTP/1.1)
HTTP/1.1 200 OK
Content-Type: application/json; charset=utf-8
cache-control: no-cache
content-length: 14

16:32:33.933 [AsyncHttpClient-1-6] DEBUG org.asynchttpclient.netty.channel.ChannelManager - Adding key: http://localhost:54465 for channel [id: 0xeee43c4e, L:/127.0.0.1:50725 - R:localhost/127.0.0.1:54465]
16:32:33.946 [Forwarding screenshot on session 543c3fab419bd49da7fed1e8e230bac0 to remote] DEBUG org.asynchttpclient.netty.request.NettyRequestSender - Using pooled Channel '[id: 0xeee43c4e, L:/127.0.0.1:50725 - R:localhost/127.0.0.1:54465]' for 'GET' to 'http://localhost:54465/session/543c3fab419bd49da7fed1e8e230bac0/screenshot'
16:32:33.946 [Forwarding screenshot on session 543c3fab419bd49da7fed1e8e230bac0 to remote] DEBUG org.asynchttpclient.netty.request.NettyRequestSender - Using open Channel [id: 0xeee43c4e, L:/127.0.0.1:50725 - R:localhost/127.0.0.1:54465] for GET '/session/543c3fab419bd49da7fed1e8e230bac0/screenshot'
16:32:34.113 [AsyncHttpClient-1-6] DEBUG org.asynchttpclient.netty.handler.HttpHandler - 

Request DefaultFullHttpRequest(decodeResult: success, version: HTTP/1.1, content: EmptyByteBufBE)
GET /session/543c3fab419bd49da7fed1e8e230bac0/screenshot HTTP/1.1
User-Agent: selenium/4.1.2 (java windows)
Cache-Control: no-cache
Content-Type: application/json; charset=utf-8
host: localhost:54465
accept: */*

Response DefaultHttpResponse(decodeResult: success, version: HTTP/1.1)
HTTP/1.1 200 OK
Content-Type: application/json; charset=utf-8
cache-control: no-cache
content-length: 80412

16:32:34.114 [AsyncHttpClient-1-6] DEBUG org.asynchttpclient.netty.channel.ChannelManager - Adding key: http://localhost:54465 for channel [id: 0xeee43c4e, L:/127.0.0.1:50725 - R:localhost/127.0.0.1:54465]
16:32:34.120 [main] DEBUG net.serenitybdd.core.photography.Darkroom - Send negative for processing for target\site\serenity\b135ee9589fefc8407f51b6931f93b165767159e0200a37332d4e2a8ee0f5ead.png
16:32:34.120 [main] DEBUG net.thucydides.core.steps.StepInterceptor - STEP DONE: inputDateOfBirth
16:32:34.120 [Darkroom Processing Line] DEBUG net.serenitybdd.core.photography.DarkroomProcessingLine - Processing screenshot image in /var/screenshots/screenshot-7271590656952385997
16:32:34.120 [Darkroom Processing Line] DEBUG net.serenitybdd.core.photography.DarkroomProcessingLine - Saving screenshot to target\site\serenity\b135ee9589fefc8407f51b6931f93b165767159e0200a37332d4e2a8ee0f5ead.png
16:32:34.133 [main] DEBUG net.thucydides.core.steps.StepInterceptor - STARTING STEP: PatientSteps.iInputValidDataPatientAndClickSubmit - clickGenderType
16:32:34.138 [Forwarding findElement on session 543c3fab419bd49da7fed1e8e230bac0 to remote] DEBUG org.asynchttpclient.netty.request.NettyRequestSender - Using pooled Channel '[id: 0xeee43c4e, L:/127.0.0.1:50725 - R:localhost/127.0.0.1:54465]' for 'POST' to 'http://localhost:54465/session/543c3fab419bd49da7fed1e8e230bac0/element'
16:32:34.138 [Forwarding findElement on session 543c3fab419bd49da7fed1e8e230bac0 to remote] DEBUG org.asynchttpclient.netty.request.NettyRequestSender - Using open Channel [id: 0xeee43c4e, L:/127.0.0.1:50725 - R:localhost/127.0.0.1:54465] for POST '/session/543c3fab419bd49da7fed1e8e230bac0/element'
16:32:34.161 [AsyncHttpClient-1-6] DEBUG org.asynchttpclient.netty.handler.HttpHandler - 

Request DefaultHttpRequest(decodeResult: success, version: HTTP/1.1)
POST /session/543c3fab419bd49da7fed1e8e230bac0/element HTTP/1.1
User-Agent: selenium/4.1.2 (java windows)
Content-Length: 154
Content-Type: application/json; charset=utf-8
host: localhost:54465
accept: */*

Response DefaultHttpResponse(decodeResult: success, version: HTTP/1.1)
HTTP/1.1 200 OK
Content-Type: application/json; charset=utf-8
cache-control: no-cache
content-length: 88

16:32:34.161 [AsyncHttpClient-1-6] DEBUG org.asynchttpclient.netty.channel.ChannelManager - Adding key: http://localhost:54465 for channel [id: 0xeee43c4e, L:/127.0.0.1:50725 - R:localhost/127.0.0.1:54465]
16:32:34.163 [Forwarding getElementTagName on session 543c3fab419bd49da7fed1e8e230bac0 to remote] DEBUG org.asynchttpclient.netty.request.NettyRequestSender - Using pooled Channel '[id: 0xeee43c4e, L:/127.0.0.1:50725 - R:localhost/127.0.0.1:54465]' for 'GET' to 'http://localhost:54465/session/543c3fab419bd49da7fed1e8e230bac0/element/7c1916d8-65e2-487c-803d-83f29f64e72e/name'
16:32:34.163 [Forwarding getElementTagName on session 543c3fab419bd49da7fed1e8e230bac0 to remote] DEBUG org.asynchttpclient.netty.request.NettyRequestSender - Using open Channel [id: 0xeee43c4e, L:/127.0.0.1:50725 - R:localhost/127.0.0.1:54465] for GET '/session/543c3fab419bd49da7fed1e8e230bac0/element/7c1916d8-65e2-487c-803d-83f29f64e72e/name'
16:32:34.170 [AsyncHttpClient-1-6] DEBUG org.asynchttpclient.netty.handler.HttpHandler - 

Request DefaultFullHttpRequest(decodeResult: success, version: HTTP/1.1, content: EmptyByteBufBE)
GET /session/543c3fab419bd49da7fed1e8e230bac0/element/7c1916d8-65e2-487c-803d-83f29f64e72e/name HTTP/1.1
User-Agent: selenium/4.1.2 (java windows)
Cache-Control: no-cache
Content-Type: application/json; charset=utf-8
host: localhost:54465
accept: */*

Response DefaultHttpResponse(decodeResult: success, version: HTTP/1.1)
HTTP/1.1 200 OK
Content-Type: application/json; charset=utf-8
cache-control: no-cache
content-length: 17

16:32:34.170 [AsyncHttpClient-1-6] DEBUG org.asynchttpclient.netty.channel.ChannelManager - Adding key: http://localhost:54465 for channel [id: 0xeee43c4e, L:/127.0.0.1:50725 - R:localhost/127.0.0.1:54465]
16:32:34.171 [Forwarding getElementTagName on session 543c3fab419bd49da7fed1e8e230bac0 to remote] DEBUG org.asynchttpclient.netty.request.NettyRequestSender - Using pooled Channel '[id: 0xeee43c4e, L:/127.0.0.1:50725 - R:localhost/127.0.0.1:54465]' for 'GET' to 'http://localhost:54465/session/543c3fab419bd49da7fed1e8e230bac0/element/7c1916d8-65e2-487c-803d-83f29f64e72e/name'
16:32:34.172 [Forwarding getElementTagName on session 543c3fab419bd49da7fed1e8e230bac0 to remote] DEBUG org.asynchttpclient.netty.request.NettyRequestSender - Using open Channel [id: 0xeee43c4e, L:/127.0.0.1:50725 - R:localhost/127.0.0.1:54465] for GET '/session/543c3fab419bd49da7fed1e8e230bac0/element/7c1916d8-65e2-487c-803d-83f29f64e72e/name'
16:32:34.177 [AsyncHttpClient-1-6] DEBUG org.asynchttpclient.netty.handler.HttpHandler - 

Request DefaultFullHttpRequest(decodeResult: success, version: HTTP/1.1, content: EmptyByteBufBE)
GET /session/543c3fab419bd49da7fed1e8e230bac0/element/7c1916d8-65e2-487c-803d-83f29f64e72e/name HTTP/1.1
User-Agent: selenium/4.1.2 (java windows)
Cache-Control: no-cache
Content-Type: application/json; charset=utf-8
host: localhost:54465
accept: */*

Response DefaultHttpResponse(decodeResult: success, version: HTTP/1.1)
HTTP/1.1 200 OK
Content-Type: application/json; charset=utf-8
cache-control: no-cache
content-length: 17

16:32:34.177 [AsyncHttpClient-1-6] DEBUG org.asynchttpclient.netty.channel.ChannelManager - Adding key: http://localhost:54465 for channel [id: 0xeee43c4e, L:/127.0.0.1:50725 - R:localhost/127.0.0.1:54465]
16:32:34.181 [Forwarding isElementEnabled on session 543c3fab419bd49da7fed1e8e230bac0 to remote] DEBUG org.asynchttpclient.netty.request.NettyRequestSender - Using pooled Channel '[id: 0xeee43c4e, L:/127.0.0.1:50725 - R:localhost/127.0.0.1:54465]' for 'GET' to 'http://localhost:54465/session/543c3fab419bd49da7fed1e8e230bac0/element/7c1916d8-65e2-487c-803d-83f29f64e72e/enabled'
16:32:34.181 [Forwarding isElementEnabled on session 543c3fab419bd49da7fed1e8e230bac0 to remote] DEBUG org.asynchttpclient.netty.request.NettyRequestSender - Using open Channel [id: 0xeee43c4e, L:/127.0.0.1:50725 - R:localhost/127.0.0.1:54465] for GET '/session/543c3fab419bd49da7fed1e8e230bac0/element/7c1916d8-65e2-487c-803d-83f29f64e72e/enabled'
16:32:34.193 [AsyncHttpClient-1-6] DEBUG org.asynchttpclient.netty.handler.HttpHandler - 

Request DefaultFullHttpRequest(decodeResult: success, version: HTTP/1.1, content: EmptyByteBufBE)
GET /session/543c3fab419bd49da7fed1e8e230bac0/element/7c1916d8-65e2-487c-803d-83f29f64e72e/enabled HTTP/1.1
User-Agent: selenium/4.1.2 (java windows)
Cache-Control: no-cache
Content-Type: application/json; charset=utf-8
host: localhost:54465
accept: */*

Response DefaultHttpResponse(decodeResult: success, version: HTTP/1.1)
HTTP/1.1 200 OK
Content-Type: application/json; charset=utf-8
cache-control: no-cache
content-length: 14

16:32:34.193 [AsyncHttpClient-1-6] DEBUG org.asynchttpclient.netty.channel.ChannelManager - Adding key: http://localhost:54465 for channel [id: 0xeee43c4e, L:/127.0.0.1:50725 - R:localhost/127.0.0.1:54465]
16:32:34.195 [Forwarding isElementEnabled on session 543c3fab419bd49da7fed1e8e230bac0 to remote] DEBUG org.asynchttpclient.netty.request.NettyRequestSender - Using pooled Channel '[id: 0xeee43c4e, L:/127.0.0.1:50725 - R:localhost/127.0.0.1:54465]' for 'GET' to 'http://localhost:54465/session/543c3fab419bd49da7fed1e8e230bac0/element/7c1916d8-65e2-487c-803d-83f29f64e72e/enabled'
16:32:34.195 [Forwarding isElementEnabled on session 543c3fab419bd49da7fed1e8e230bac0 to remote] DEBUG org.asynchttpclient.netty.request.NettyRequestSender - Using open Channel [id: 0xeee43c4e, L:/127.0.0.1:50725 - R:localhost/127.0.0.1:54465] for GET '/session/543c3fab419bd49da7fed1e8e230bac0/element/7c1916d8-65e2-487c-803d-83f29f64e72e/enabled'
16:32:34.203 [AsyncHttpClient-1-6] DEBUG org.asynchttpclient.netty.handler.HttpHandler - 

Request DefaultFullHttpRequest(decodeResult: success, version: HTTP/1.1, content: EmptyByteBufBE)
GET /session/543c3fab419bd49da7fed1e8e230bac0/element/7c1916d8-65e2-487c-803d-83f29f64e72e/enabled HTTP/1.1
User-Agent: selenium/4.1.2 (java windows)
Cache-Control: no-cache
Content-Type: application/json; charset=utf-8
host: localhost:54465
accept: */*

Response DefaultHttpResponse(decodeResult: success, version: HTTP/1.1)
HTTP/1.1 200 OK
Content-Type: application/json; charset=utf-8
cache-control: no-cache
content-length: 14

16:32:34.203 [AsyncHttpClient-1-6] DEBUG org.asynchttpclient.netty.channel.ChannelManager - Adding key: http://localhost:54465 for channel [id: 0xeee43c4e, L:/127.0.0.1:50725 - R:localhost/127.0.0.1:54465]
16:32:34.206 [Forwarding findElement on session 543c3fab419bd49da7fed1e8e230bac0 to remote] DEBUG org.asynchttpclient.netty.request.NettyRequestSender - Using pooled Channel '[id: 0xeee43c4e, L:/127.0.0.1:50725 - R:localhost/127.0.0.1:54465]' for 'POST' to 'http://localhost:54465/session/543c3fab419bd49da7fed1e8e230bac0/element'
16:32:34.206 [Forwarding findElement on session 543c3fab419bd49da7fed1e8e230bac0 to remote] DEBUG org.asynchttpclient.netty.request.NettyRequestSender - Using open Channel [id: 0xeee43c4e, L:/127.0.0.1:50725 - R:localhost/127.0.0.1:54465] for POST '/session/543c3fab419bd49da7fed1e8e230bac0/element'
16:32:34.217 [AsyncHttpClient-1-6] DEBUG org.asynchttpclient.netty.handler.HttpHandler - 

Request DefaultHttpRequest(decodeResult: success, version: HTTP/1.1)
POST /session/543c3fab419bd49da7fed1e8e230bac0/element HTTP/1.1
User-Agent: selenium/4.1.2 (java windows)
Content-Length: 154
Content-Type: application/json; charset=utf-8
host: localhost:54465
accept: */*

Response DefaultHttpResponse(decodeResult: success, version: HTTP/1.1)
HTTP/1.1 200 OK
Content-Type: application/json; charset=utf-8
cache-control: no-cache
content-length: 88

16:32:34.217 [AsyncHttpClient-1-6] DEBUG org.asynchttpclient.netty.channel.ChannelManager - Adding key: http://localhost:54465 for channel [id: 0xeee43c4e, L:/127.0.0.1:50725 - R:localhost/127.0.0.1:54465]
16:32:34.218 [Forwarding clickElement on session 543c3fab419bd49da7fed1e8e230bac0 to remote] DEBUG org.asynchttpclient.netty.request.NettyRequestSender - Using pooled Channel '[id: 0xeee43c4e, L:/127.0.0.1:50725 - R:localhost/127.0.0.1:54465]' for 'POST' to 'http://localhost:54465/session/543c3fab419bd49da7fed1e8e230bac0/element/7c1916d8-65e2-487c-803d-83f29f64e72e/click'
16:32:34.218 [Forwarding clickElement on session 543c3fab419bd49da7fed1e8e230bac0 to remote] DEBUG org.asynchttpclient.netty.request.NettyRequestSender - Using open Channel [id: 0xeee43c4e, L:/127.0.0.1:50725 - R:localhost/127.0.0.1:54465] for POST '/session/543c3fab419bd49da7fed1e8e230bac0/element/7c1916d8-65e2-487c-803d-83f29f64e72e/click'
16:32:34.331 [AsyncHttpClient-1-6] DEBUG org.asynchttpclient.netty.handler.HttpHandler - 

Request DefaultHttpRequest(decodeResult: success, version: HTTP/1.1)
POST /session/543c3fab419bd49da7fed1e8e230bac0/element/7c1916d8-65e2-487c-803d-83f29f64e72e/click HTTP/1.1
User-Agent: selenium/4.1.2 (java windows)
Content-Length: 50
Content-Type: application/json; charset=utf-8
host: localhost:54465
accept: */*

Response DefaultHttpResponse(decodeResult: success, version: HTTP/1.1)
HTTP/1.1 200 OK
Content-Type: application/json; charset=utf-8
cache-control: no-cache
content-length: 14

16:32:34.331 [AsyncHttpClient-1-6] DEBUG org.asynchttpclient.netty.channel.ChannelManager - Adding key: http://localhost:54465 for channel [id: 0xeee43c4e, L:/127.0.0.1:50725 - R:localhost/127.0.0.1:54465]
16:32:34.350 [Forwarding screenshot on session 543c3fab419bd49da7fed1e8e230bac0 to remote] DEBUG org.asynchttpclient.netty.request.NettyRequestSender - Using pooled Channel '[id: 0xeee43c4e, L:/127.0.0.1:50725 - R:localhost/127.0.0.1:54465]' for 'GET' to 'http://localhost:54465/session/543c3fab419bd49da7fed1e8e230bac0/screenshot'
16:32:34.350 [Forwarding screenshot on session 543c3fab419bd49da7fed1e8e230bac0 to remote] DEBUG org.asynchttpclient.netty.request.NettyRequestSender - Using open Channel [id: 0xeee43c4e, L:/127.0.0.1:50725 - R:localhost/127.0.0.1:54465] for GET '/session/543c3fab419bd49da7fed1e8e230bac0/screenshot'
16:32:34.557 [AsyncHttpClient-1-6] DEBUG org.asynchttpclient.netty.handler.HttpHandler - 

Request DefaultFullHttpRequest(decodeResult: success, version: HTTP/1.1, content: EmptyByteBufBE)
GET /session/543c3fab419bd49da7fed1e8e230bac0/screenshot HTTP/1.1
User-Agent: selenium/4.1.2 (java windows)
Cache-Control: no-cache
Content-Type: application/json; charset=utf-8
host: localhost:54465
accept: */*

Response DefaultHttpResponse(decodeResult: success, version: HTTP/1.1)
HTTP/1.1 200 OK
Content-Type: application/json; charset=utf-8
cache-control: no-cache
content-length: 81504

16:32:34.557 [AsyncHttpClient-1-6] DEBUG org.asynchttpclient.netty.channel.ChannelManager - Adding key: http://localhost:54465 for channel [id: 0xeee43c4e, L:/127.0.0.1:50725 - R:localhost/127.0.0.1:54465]
16:32:34.563 [main] DEBUG net.serenitybdd.core.photography.Darkroom - Send negative for processing for target\site\serenity\b7602e417da060dad2eef28b62227ab806accffe15237231bdf32f6ce1fba8bb.png
16:32:34.564 [main] DEBUG net.thucydides.core.steps.StepInterceptor - STEP DONE: clickGenderType
16:32:34.564 [Darkroom Processing Line] DEBUG net.serenitybdd.core.photography.DarkroomProcessingLine - Processing screenshot image in /var/screenshots/screenshot-11951480015431411837
16:32:34.564 [Darkroom Processing Line] DEBUG net.serenitybdd.core.photography.DarkroomProcessingLine - Saving screenshot to target\site\serenity\b7602e417da060dad2eef28b62227ab806accffe15237231bdf32f6ce1fba8bb.png
16:32:34.579 [main] DEBUG net.thucydides.core.steps.StepInterceptor - STARTING STEP: PatientSteps.iInputValidDataPatientAndClickSubmit - inputPhoneNumber
16:32:34.587 [Forwarding findElement on session 543c3fab419bd49da7fed1e8e230bac0 to remote] DEBUG org.asynchttpclient.netty.request.NettyRequestSender - Using pooled Channel '[id: 0xeee43c4e, L:/127.0.0.1:50725 - R:localhost/127.0.0.1:54465]' for 'POST' to 'http://localhost:54465/session/543c3fab419bd49da7fed1e8e230bac0/element'
16:32:34.587 [Forwarding findElement on session 543c3fab419bd49da7fed1e8e230bac0 to remote] DEBUG org.asynchttpclient.netty.request.NettyRequestSender - Using open Channel [id: 0xeee43c4e, L:/127.0.0.1:50725 - R:localhost/127.0.0.1:54465] for POST '/session/543c3fab419bd49da7fed1e8e230bac0/element'
16:32:34.678 [AsyncHttpClient-1-6] DEBUG org.asynchttpclient.netty.handler.HttpHandler - 

Request DefaultHttpRequest(decodeResult: success, version: HTTP/1.1)
POST /session/543c3fab419bd49da7fed1e8e230bac0/element HTTP/1.1
User-Agent: selenium/4.1.2 (java windows)
Content-Length: 139
Content-Type: application/json; charset=utf-8
host: localhost:54465
accept: */*

Response DefaultHttpResponse(decodeResult: success, version: HTTP/1.1)
HTTP/1.1 200 OK
Content-Type: application/json; charset=utf-8
cache-control: no-cache
content-length: 88

16:32:34.679 [AsyncHttpClient-1-6] DEBUG org.asynchttpclient.netty.channel.ChannelManager - Adding key: http://localhost:54465 for channel [id: 0xeee43c4e, L:/127.0.0.1:50725 - R:localhost/127.0.0.1:54465]
16:32:34.680 [Forwarding clearElement on session 543c3fab419bd49da7fed1e8e230bac0 to remote] DEBUG org.asynchttpclient.netty.request.NettyRequestSender - Using pooled Channel '[id: 0xeee43c4e, L:/127.0.0.1:50725 - R:localhost/127.0.0.1:54465]' for 'POST' to 'http://localhost:54465/session/543c3fab419bd49da7fed1e8e230bac0/element/b23eae46-7fa3-49ee-aa99-b87ff4bfd321/clear'
16:32:34.681 [Forwarding clearElement on session 543c3fab419bd49da7fed1e8e230bac0 to remote] DEBUG org.asynchttpclient.netty.request.NettyRequestSender - Using open Channel [id: 0xeee43c4e, L:/127.0.0.1:50725 - R:localhost/127.0.0.1:54465] for POST '/session/543c3fab419bd49da7fed1e8e230bac0/element/b23eae46-7fa3-49ee-aa99-b87ff4bfd321/clear'
16:32:34.743 [AsyncHttpClient-1-6] DEBUG org.asynchttpclient.netty.handler.HttpHandler - 

Request DefaultHttpRequest(decodeResult: success, version: HTTP/1.1)
POST /session/543c3fab419bd49da7fed1e8e230bac0/element/b23eae46-7fa3-49ee-aa99-b87ff4bfd321/clear HTTP/1.1
User-Agent: selenium/4.1.2 (java windows)
Content-Length: 50
Content-Type: application/json; charset=utf-8
host: localhost:54465
accept: */*

Response DefaultHttpResponse(decodeResult: success, version: HTTP/1.1)
HTTP/1.1 200 OK
Content-Type: application/json; charset=utf-8
cache-control: no-cache
content-length: 14

16:32:34.743 [AsyncHttpClient-1-6] DEBUG org.asynchttpclient.netty.channel.ChannelManager - Adding key: http://localhost:54465 for channel [id: 0xeee43c4e, L:/127.0.0.1:50725 - R:localhost/127.0.0.1:54465]
16:32:34.745 [Forwarding sendKeysToElement on session 543c3fab419bd49da7fed1e8e230bac0 to remote] DEBUG org.asynchttpclient.netty.request.NettyRequestSender - Using pooled Channel '[id: 0xeee43c4e, L:/127.0.0.1:50725 - R:localhost/127.0.0.1:54465]' for 'POST' to 'http://localhost:54465/session/543c3fab419bd49da7fed1e8e230bac0/element/b23eae46-7fa3-49ee-aa99-b87ff4bfd321/value'
16:32:34.745 [Forwarding sendKeysToElement on session 543c3fab419bd49da7fed1e8e230bac0 to remote] DEBUG org.asynchttpclient.netty.request.NettyRequestSender - Using open Channel [id: 0xeee43c4e, L:/127.0.0.1:50725 - R:localhost/127.0.0.1:54465] for POST '/session/543c3fab419bd49da7fed1e8e230bac0/element/b23eae46-7fa3-49ee-aa99-b87ff4bfd321/value'
16:32:34.837 [AsyncHttpClient-1-1] DEBUG org.asynchttpclient.netty.channel.DefaultChannelPool - Entry count for : http://localhost:50728 : 1
16:32:35.248 [AsyncHttpClient-1-6] DEBUG org.asynchttpclient.netty.handler.HttpHandler - 

Request DefaultHttpRequest(decodeResult: success, version: HTTP/1.1)
POST /session/543c3fab419bd49da7fed1e8e230bac0/element/b23eae46-7fa3-49ee-aa99-b87ff4bfd321/value HTTP/1.1
User-Agent: selenium/4.1.2 (java windows)
Content-Length: 211
Content-Type: application/json; charset=utf-8
host: localhost:54465
accept: */*

Response DefaultHttpResponse(decodeResult: success, version: HTTP/1.1)
HTTP/1.1 200 OK
Content-Type: application/json; charset=utf-8
cache-control: no-cache
content-length: 14

16:32:35.249 [AsyncHttpClient-1-6] DEBUG org.asynchttpclient.netty.channel.ChannelManager - Adding key: http://localhost:54465 for channel [id: 0xeee43c4e, L:/127.0.0.1:50725 - R:localhost/127.0.0.1:54465]
16:32:35.260 [Forwarding screenshot on session 543c3fab419bd49da7fed1e8e230bac0 to remote] DEBUG org.asynchttpclient.netty.request.NettyRequestSender - Using pooled Channel '[id: 0xeee43c4e, L:/127.0.0.1:50725 - R:localhost/127.0.0.1:54465]' for 'GET' to 'http://localhost:54465/session/543c3fab419bd49da7fed1e8e230bac0/screenshot'
16:32:35.260 [Forwarding screenshot on session 543c3fab419bd49da7fed1e8e230bac0 to remote] DEBUG org.asynchttpclient.netty.request.NettyRequestSender - Using open Channel [id: 0xeee43c4e, L:/127.0.0.1:50725 - R:localhost/127.0.0.1:54465] for GET '/session/543c3fab419bd49da7fed1e8e230bac0/screenshot'
16:32:35.400 [AsyncHttpClient-1-6] DEBUG org.asynchttpclient.netty.handler.HttpHandler - 

Request DefaultFullHttpRequest(decodeResult: success, version: HTTP/1.1, content: EmptyByteBufBE)
GET /session/543c3fab419bd49da7fed1e8e230bac0/screenshot HTTP/1.1
User-Agent: selenium/4.1.2 (java windows)
Cache-Control: no-cache
Content-Type: application/json; charset=utf-8
host: localhost:54465
accept: */*

Response DefaultHttpResponse(decodeResult: success, version: HTTP/1.1)
HTTP/1.1 200 OK
Content-Type: application/json; charset=utf-8
cache-control: no-cache
content-length: 84460

16:32:35.401 [AsyncHttpClient-1-6] DEBUG org.asynchttpclient.netty.channel.ChannelManager - Adding key: http://localhost:54465 for channel [id: 0xeee43c4e, L:/127.0.0.1:50725 - R:localhost/127.0.0.1:54465]
16:32:35.407 [main] DEBUG net.serenitybdd.core.photography.Darkroom - Send negative for processing for target\site\serenity\62609b3b7095bc6417ef1e5ede378f6bf652eb973fdf7d50045219cb59261807.png
16:32:35.407 [main] DEBUG net.thucydides.core.steps.StepInterceptor - STEP DONE: inputPhoneNumber
16:32:35.407 [Darkroom Processing Line] DEBUG net.serenitybdd.core.photography.DarkroomProcessingLine - Processing screenshot image in /var/screenshots/screenshot-12196425346835848014
16:32:35.407 [Darkroom Processing Line] DEBUG net.serenitybdd.core.photography.DarkroomProcessingLine - Saving screenshot to target\site\serenity\62609b3b7095bc6417ef1e5ede378f6bf652eb973fdf7d50045219cb59261807.png
16:32:35.419 [main] DEBUG net.thucydides.core.steps.StepInterceptor - STARTING STEP: PatientSteps.iInputValidDataPatientAndClickSubmit - clickBlodeTypeDropdown
16:32:35.424 [Forwarding findElement on session 543c3fab419bd49da7fed1e8e230bac0 to remote] DEBUG org.asynchttpclient.netty.request.NettyRequestSender - Using pooled Channel '[id: 0xeee43c4e, L:/127.0.0.1:50725 - R:localhost/127.0.0.1:54465]' for 'POST' to 'http://localhost:54465/session/543c3fab419bd49da7fed1e8e230bac0/element'
16:32:35.424 [Forwarding findElement on session 543c3fab419bd49da7fed1e8e230bac0 to remote] DEBUG org.asynchttpclient.netty.request.NettyRequestSender - Using open Channel [id: 0xeee43c4e, L:/127.0.0.1:50725 - R:localhost/127.0.0.1:54465] for POST '/session/543c3fab419bd49da7fed1e8e230bac0/element'
16:32:35.445 [AsyncHttpClient-1-6] DEBUG org.asynchttpclient.netty.handler.HttpHandler - 

Request DefaultHttpRequest(decodeResult: success, version: HTTP/1.1)
POST /session/543c3fab419bd49da7fed1e8e230bac0/element HTTP/1.1
User-Agent: selenium/4.1.2 (java windows)
Content-Length: 82
Content-Type: application/json; charset=utf-8
host: localhost:54465
accept: */*

Response DefaultHttpResponse(decodeResult: success, version: HTTP/1.1)
HTTP/1.1 200 OK
Content-Type: application/json; charset=utf-8
cache-control: no-cache
content-length: 88

16:32:35.446 [AsyncHttpClient-1-6] DEBUG org.asynchttpclient.netty.channel.ChannelManager - Adding key: http://localhost:54465 for channel [id: 0xeee43c4e, L:/127.0.0.1:50725 - R:localhost/127.0.0.1:54465]
16:32:35.447 [Forwarding getElementTagName on session 543c3fab419bd49da7fed1e8e230bac0 to remote] DEBUG org.asynchttpclient.netty.request.NettyRequestSender - Using pooled Channel '[id: 0xeee43c4e, L:/127.0.0.1:50725 - R:localhost/127.0.0.1:54465]' for 'GET' to 'http://localhost:54465/session/543c3fab419bd49da7fed1e8e230bac0/element/94e0509f-b412-468e-8bb3-eadbe53680ad/name'
16:32:35.448 [Forwarding getElementTagName on session 543c3fab419bd49da7fed1e8e230bac0 to remote] DEBUG org.asynchttpclient.netty.request.NettyRequestSender - Using open Channel [id: 0xeee43c4e, L:/127.0.0.1:50725 - R:localhost/127.0.0.1:54465] for GET '/session/543c3fab419bd49da7fed1e8e230bac0/element/94e0509f-b412-468e-8bb3-eadbe53680ad/name'
16:32:35.454 [AsyncHttpClient-1-6] DEBUG org.asynchttpclient.netty.handler.HttpHandler - 

Request DefaultFullHttpRequest(decodeResult: success, version: HTTP/1.1, content: EmptyByteBufBE)
GET /session/543c3fab419bd49da7fed1e8e230bac0/element/94e0509f-b412-468e-8bb3-eadbe53680ad/name HTTP/1.1
User-Agent: selenium/4.1.2 (java windows)
Cache-Control: no-cache
Content-Type: application/json; charset=utf-8
host: localhost:54465
accept: */*

Response DefaultHttpResponse(decodeResult: success, version: HTTP/1.1)
HTTP/1.1 200 OK
Content-Type: application/json; charset=utf-8
cache-control: no-cache
content-length: 15

16:32:35.454 [AsyncHttpClient-1-6] DEBUG org.asynchttpclient.netty.channel.ChannelManager - Adding key: http://localhost:54465 for channel [id: 0xeee43c4e, L:/127.0.0.1:50725 - R:localhost/127.0.0.1:54465]
16:32:35.456 [Forwarding getElementTagName on session 543c3fab419bd49da7fed1e8e230bac0 to remote] DEBUG org.asynchttpclient.netty.request.NettyRequestSender - Using pooled Channel '[id: 0xeee43c4e, L:/127.0.0.1:50725 - R:localhost/127.0.0.1:54465]' for 'GET' to 'http://localhost:54465/session/543c3fab419bd49da7fed1e8e230bac0/element/94e0509f-b412-468e-8bb3-eadbe53680ad/name'
16:32:35.456 [Forwarding getElementTagName on session 543c3fab419bd49da7fed1e8e230bac0 to remote] DEBUG org.asynchttpclient.netty.request.NettyRequestSender - Using open Channel [id: 0xeee43c4e, L:/127.0.0.1:50725 - R:localhost/127.0.0.1:54465] for GET '/session/543c3fab419bd49da7fed1e8e230bac0/element/94e0509f-b412-468e-8bb3-eadbe53680ad/name'
16:32:35.461 [AsyncHttpClient-1-6] DEBUG org.asynchttpclient.netty.handler.HttpHandler - 

Request DefaultFullHttpRequest(decodeResult: success, version: HTTP/1.1, content: EmptyByteBufBE)
GET /session/543c3fab419bd49da7fed1e8e230bac0/element/94e0509f-b412-468e-8bb3-eadbe53680ad/name HTTP/1.1
User-Agent: selenium/4.1.2 (java windows)
Cache-Control: no-cache
Content-Type: application/json; charset=utf-8
host: localhost:54465
accept: */*

Response DefaultHttpResponse(decodeResult: success, version: HTTP/1.1)
HTTP/1.1 200 OK
Content-Type: application/json; charset=utf-8
cache-control: no-cache
content-length: 15

16:32:35.461 [AsyncHttpClient-1-6] DEBUG org.asynchttpclient.netty.channel.ChannelManager - Adding key: http://localhost:54465 for channel [id: 0xeee43c4e, L:/127.0.0.1:50725 - R:localhost/127.0.0.1:54465]
16:32:35.463 [Forwarding findElement on session 543c3fab419bd49da7fed1e8e230bac0 to remote] DEBUG org.asynchttpclient.netty.request.NettyRequestSender - Using pooled Channel '[id: 0xeee43c4e, L:/127.0.0.1:50725 - R:localhost/127.0.0.1:54465]' for 'POST' to 'http://localhost:54465/session/543c3fab419bd49da7fed1e8e230bac0/element'
16:32:35.464 [Forwarding findElement on session 543c3fab419bd49da7fed1e8e230bac0 to remote] DEBUG org.asynchttpclient.netty.request.NettyRequestSender - Using open Channel [id: 0xeee43c4e, L:/127.0.0.1:50725 - R:localhost/127.0.0.1:54465] for POST '/session/543c3fab419bd49da7fed1e8e230bac0/element'
16:32:35.475 [AsyncHttpClient-1-6] DEBUG org.asynchttpclient.netty.handler.HttpHandler - 

Request DefaultHttpRequest(decodeResult: success, version: HTTP/1.1)
POST /session/543c3fab419bd49da7fed1e8e230bac0/element HTTP/1.1
User-Agent: selenium/4.1.2 (java windows)
Content-Length: 82
Content-Type: application/json; charset=utf-8
host: localhost:54465
accept: */*

Response DefaultHttpResponse(decodeResult: success, version: HTTP/1.1)
HTTP/1.1 200 OK
Content-Type: application/json; charset=utf-8
cache-control: no-cache
content-length: 88

16:32:35.475 [AsyncHttpClient-1-6] DEBUG org.asynchttpclient.netty.channel.ChannelManager - Adding key: http://localhost:54465 for channel [id: 0xeee43c4e, L:/127.0.0.1:50725 - R:localhost/127.0.0.1:54465]
16:32:35.477 [Forwarding clickElement on session 543c3fab419bd49da7fed1e8e230bac0 to remote] DEBUG org.asynchttpclient.netty.request.NettyRequestSender - Using pooled Channel '[id: 0xeee43c4e, L:/127.0.0.1:50725 - R:localhost/127.0.0.1:54465]' for 'POST' to 'http://localhost:54465/session/543c3fab419bd49da7fed1e8e230bac0/element/94e0509f-b412-468e-8bb3-eadbe53680ad/click'
16:32:35.477 [Forwarding clickElement on session 543c3fab419bd49da7fed1e8e230bac0 to remote] DEBUG org.asynchttpclient.netty.request.NettyRequestSender - Using open Channel [id: 0xeee43c4e, L:/127.0.0.1:50725 - R:localhost/127.0.0.1:54465] for POST '/session/543c3fab419bd49da7fed1e8e230bac0/element/94e0509f-b412-468e-8bb3-eadbe53680ad/click'
16:32:35.612 [AsyncHttpClient-1-6] DEBUG org.asynchttpclient.netty.handler.HttpHandler - 

Request DefaultHttpRequest(decodeResult: success, version: HTTP/1.1)
POST /session/543c3fab419bd49da7fed1e8e230bac0/element/94e0509f-b412-468e-8bb3-eadbe53680ad/click HTTP/1.1
User-Agent: selenium/4.1.2 (java windows)
Content-Length: 50
Content-Type: application/json; charset=utf-8
host: localhost:54465
accept: */*

Response DefaultHttpResponse(decodeResult: success, version: HTTP/1.1)
HTTP/1.1 200 OK
Content-Type: application/json; charset=utf-8
cache-control: no-cache
content-length: 14

16:32:35.612 [AsyncHttpClient-1-6] DEBUG org.asynchttpclient.netty.channel.ChannelManager - Adding key: http://localhost:54465 for channel [id: 0xeee43c4e, L:/127.0.0.1:50725 - R:localhost/127.0.0.1:54465]
16:32:35.624 [Forwarding screenshot on session 543c3fab419bd49da7fed1e8e230bac0 to remote] DEBUG org.asynchttpclient.netty.request.NettyRequestSender - Using pooled Channel '[id: 0xeee43c4e, L:/127.0.0.1:50725 - R:localhost/127.0.0.1:54465]' for 'GET' to 'http://localhost:54465/session/543c3fab419bd49da7fed1e8e230bac0/screenshot'
16:32:35.624 [Forwarding screenshot on session 543c3fab419bd49da7fed1e8e230bac0 to remote] DEBUG org.asynchttpclient.netty.request.NettyRequestSender - Using open Channel [id: 0xeee43c4e, L:/127.0.0.1:50725 - R:localhost/127.0.0.1:54465] for GET '/session/543c3fab419bd49da7fed1e8e230bac0/screenshot'
16:32:35.937 [AsyncHttpClient-1-1] DEBUG org.asynchttpclient.netty.channel.DefaultChannelPool - Entry count for : http://localhost:50728 : 1
16:32:35.938 [AsyncHttpClient-1-6] DEBUG org.asynchttpclient.netty.handler.HttpHandler - 

Request DefaultFullHttpRequest(decodeResult: success, version: HTTP/1.1, content: EmptyByteBufBE)
GET /session/543c3fab419bd49da7fed1e8e230bac0/screenshot HTTP/1.1
User-Agent: selenium/4.1.2 (java windows)
Cache-Control: no-cache
Content-Type: application/json; charset=utf-8
host: localhost:54465
accept: */*

Response DefaultHttpResponse(decodeResult: success, version: HTTP/1.1)
HTTP/1.1 200 OK
Content-Type: application/json; charset=utf-8
cache-control: no-cache
content-length: 91384

16:32:35.939 [AsyncHttpClient-1-6] DEBUG org.asynchttpclient.netty.channel.ChannelManager - Adding key: http://localhost:54465 for channel [id: 0xeee43c4e, L:/127.0.0.1:50725 - R:localhost/127.0.0.1:54465]
16:32:35.945 [main] DEBUG net.serenitybdd.core.photography.Darkroom - Send negative for processing for target\site\serenity\976839f6364fd068466f3c2569f91ad2b34c72a70782fdc0e29366eb13440297.png
16:32:35.945 [main] DEBUG net.thucydides.core.steps.StepInterceptor - STEP DONE: clickBlodeTypeDropdown
16:32:35.945 [Darkroom Processing Line] DEBUG net.serenitybdd.core.photography.DarkroomProcessingLine - Processing screenshot image in /var/screenshots/screenshot-11752698807004918335
16:32:35.945 [Darkroom Processing Line] DEBUG net.serenitybdd.core.photography.DarkroomProcessingLine - Saving screenshot to target\site\serenity\976839f6364fd068466f3c2569f91ad2b34c72a70782fdc0e29366eb13440297.png
16:32:35.962 [main] DEBUG net.thucydides.core.steps.StepInterceptor - STARTING STEP: PatientSteps.iInputValidDataPatientAndClickSubmit - clickBlodeTypeOption
16:32:35.967 [Forwarding findElement on session 543c3fab419bd49da7fed1e8e230bac0 to remote] DEBUG org.asynchttpclient.netty.request.NettyRequestSender - Using pooled Channel '[id: 0xeee43c4e, L:/127.0.0.1:50725 - R:localhost/127.0.0.1:54465]' for 'POST' to 'http://localhost:54465/session/543c3fab419bd49da7fed1e8e230bac0/element'
16:32:35.967 [Forwarding findElement on session 543c3fab419bd49da7fed1e8e230bac0 to remote] DEBUG org.asynchttpclient.netty.request.NettyRequestSender - Using open Channel [id: 0xeee43c4e, L:/127.0.0.1:50725 - R:localhost/127.0.0.1:54465] for POST '/session/543c3fab419bd49da7fed1e8e230bac0/element'
16:32:35.991 [AsyncHttpClient-1-6] DEBUG org.asynchttpclient.netty.handler.HttpHandler - 

Request DefaultHttpRequest(decodeResult: success, version: HTTP/1.1)
POST /session/543c3fab419bd49da7fed1e8e230bac0/element HTTP/1.1
User-Agent: selenium/4.1.2 (java windows)
Content-Length: 119
Content-Type: application/json; charset=utf-8
host: localhost:54465
accept: */*

Response DefaultHttpResponse(decodeResult: success, version: HTTP/1.1)
HTTP/1.1 200 OK
Content-Type: application/json; charset=utf-8
cache-control: no-cache
content-length: 88

16:32:35.991 [AsyncHttpClient-1-6] DEBUG org.asynchttpclient.netty.channel.ChannelManager - Adding key: http://localhost:54465 for channel [id: 0xeee43c4e, L:/127.0.0.1:50725 - R:localhost/127.0.0.1:54465]
16:32:35.993 [Forwarding getElementTagName on session 543c3fab419bd49da7fed1e8e230bac0 to remote] DEBUG org.asynchttpclient.netty.request.NettyRequestSender - Using pooled Channel '[id: 0xeee43c4e, L:/127.0.0.1:50725 - R:localhost/127.0.0.1:54465]' for 'GET' to 'http://localhost:54465/session/543c3fab419bd49da7fed1e8e230bac0/element/8b29e1bd-492a-4282-a0e2-1e223a86d907/name'
16:32:35.993 [Forwarding getElementTagName on session 543c3fab419bd49da7fed1e8e230bac0 to remote] DEBUG org.asynchttpclient.netty.request.NettyRequestSender - Using open Channel [id: 0xeee43c4e, L:/127.0.0.1:50725 - R:localhost/127.0.0.1:54465] for GET '/session/543c3fab419bd49da7fed1e8e230bac0/element/8b29e1bd-492a-4282-a0e2-1e223a86d907/name'
16:32:35.999 [AsyncHttpClient-1-6] DEBUG org.asynchttpclient.netty.handler.HttpHandler - 

Request DefaultFullHttpRequest(decodeResult: success, version: HTTP/1.1, content: EmptyByteBufBE)
GET /session/543c3fab419bd49da7fed1e8e230bac0/element/8b29e1bd-492a-4282-a0e2-1e223a86d907/name HTTP/1.1
User-Agent: selenium/4.1.2 (java windows)
Cache-Control: no-cache
Content-Type: application/json; charset=utf-8
host: localhost:54465
accept: */*

Response DefaultHttpResponse(decodeResult: success, version: HTTP/1.1)
HTTP/1.1 200 OK
Content-Type: application/json; charset=utf-8
cache-control: no-cache
content-length: 14

16:32:35.999 [AsyncHttpClient-1-6] DEBUG org.asynchttpclient.netty.channel.ChannelManager - Adding key: http://localhost:54465 for channel [id: 0xeee43c4e, L:/127.0.0.1:50725 - R:localhost/127.0.0.1:54465]
16:32:36.001 [Forwarding getElementTagName on session 543c3fab419bd49da7fed1e8e230bac0 to remote] DEBUG org.asynchttpclient.netty.request.NettyRequestSender - Using pooled Channel '[id: 0xeee43c4e, L:/127.0.0.1:50725 - R:localhost/127.0.0.1:54465]' for 'GET' to 'http://localhost:54465/session/543c3fab419bd49da7fed1e8e230bac0/element/8b29e1bd-492a-4282-a0e2-1e223a86d907/name'
16:32:36.001 [Forwarding getElementTagName on session 543c3fab419bd49da7fed1e8e230bac0 to remote] DEBUG org.asynchttpclient.netty.request.NettyRequestSender - Using open Channel [id: 0xeee43c4e, L:/127.0.0.1:50725 - R:localhost/127.0.0.1:54465] for GET '/session/543c3fab419bd49da7fed1e8e230bac0/element/8b29e1bd-492a-4282-a0e2-1e223a86d907/name'
16:32:36.006 [AsyncHttpClient-1-6] DEBUG org.asynchttpclient.netty.handler.HttpHandler - 

Request DefaultFullHttpRequest(decodeResult: success, version: HTTP/1.1, content: EmptyByteBufBE)
GET /session/543c3fab419bd49da7fed1e8e230bac0/element/8b29e1bd-492a-4282-a0e2-1e223a86d907/name HTTP/1.1
User-Agent: selenium/4.1.2 (java windows)
Cache-Control: no-cache
Content-Type: application/json; charset=utf-8
host: localhost:54465
accept: */*

Response DefaultHttpResponse(decodeResult: success, version: HTTP/1.1)
HTTP/1.1 200 OK
Content-Type: application/json; charset=utf-8
cache-control: no-cache
content-length: 14

16:32:36.006 [AsyncHttpClient-1-6] DEBUG org.asynchttpclient.netty.channel.ChannelManager - Adding key: http://localhost:54465 for channel [id: 0xeee43c4e, L:/127.0.0.1:50725 - R:localhost/127.0.0.1:54465]
16:32:36.009 [Forwarding findElement on session 543c3fab419bd49da7fed1e8e230bac0 to remote] DEBUG org.asynchttpclient.netty.request.NettyRequestSender - Using pooled Channel '[id: 0xeee43c4e, L:/127.0.0.1:50725 - R:localhost/127.0.0.1:54465]' for 'POST' to 'http://localhost:54465/session/543c3fab419bd49da7fed1e8e230bac0/element'
16:32:36.009 [Forwarding findElement on session 543c3fab419bd49da7fed1e8e230bac0 to remote] DEBUG org.asynchttpclient.netty.request.NettyRequestSender - Using open Channel [id: 0xeee43c4e, L:/127.0.0.1:50725 - R:localhost/127.0.0.1:54465] for POST '/session/543c3fab419bd49da7fed1e8e230bac0/element'
16:32:36.020 [AsyncHttpClient-1-6] DEBUG org.asynchttpclient.netty.handler.HttpHandler - 

Request DefaultHttpRequest(decodeResult: success, version: HTTP/1.1)
POST /session/543c3fab419bd49da7fed1e8e230bac0/element HTTP/1.1
User-Agent: selenium/4.1.2 (java windows)
Content-Length: 119
Content-Type: application/json; charset=utf-8
host: localhost:54465
accept: */*

Response DefaultHttpResponse(decodeResult: success, version: HTTP/1.1)
HTTP/1.1 200 OK
Content-Type: application/json; charset=utf-8
cache-control: no-cache
content-length: 88

16:32:36.020 [AsyncHttpClient-1-6] DEBUG org.asynchttpclient.netty.channel.ChannelManager - Adding key: http://localhost:54465 for channel [id: 0xeee43c4e, L:/127.0.0.1:50725 - R:localhost/127.0.0.1:54465]
16:32:36.022 [Forwarding clickElement on session 543c3fab419bd49da7fed1e8e230bac0 to remote] DEBUG org.asynchttpclient.netty.request.NettyRequestSender - Using pooled Channel '[id: 0xeee43c4e, L:/127.0.0.1:50725 - R:localhost/127.0.0.1:54465]' for 'POST' to 'http://localhost:54465/session/543c3fab419bd49da7fed1e8e230bac0/element/8b29e1bd-492a-4282-a0e2-1e223a86d907/click'
16:32:36.022 [Forwarding clickElement on session 543c3fab419bd49da7fed1e8e230bac0 to remote] DEBUG org.asynchttpclient.netty.request.NettyRequestSender - Using open Channel [id: 0xeee43c4e, L:/127.0.0.1:50725 - R:localhost/127.0.0.1:54465] for POST '/session/543c3fab419bd49da7fed1e8e230bac0/element/8b29e1bd-492a-4282-a0e2-1e223a86d907/click'
16:32:36.164 [AsyncHttpClient-1-6] DEBUG org.asynchttpclient.netty.handler.HttpHandler - 

Request DefaultHttpRequest(decodeResult: success, version: HTTP/1.1)
POST /session/543c3fab419bd49da7fed1e8e230bac0/element/8b29e1bd-492a-4282-a0e2-1e223a86d907/click HTTP/1.1
User-Agent: selenium/4.1.2 (java windows)
Content-Length: 50
Content-Type: application/json; charset=utf-8
host: localhost:54465
accept: */*

Response DefaultHttpResponse(decodeResult: success, version: HTTP/1.1)
HTTP/1.1 200 OK
Content-Type: application/json; charset=utf-8
cache-control: no-cache
content-length: 14

16:32:36.164 [AsyncHttpClient-1-6] DEBUG org.asynchttpclient.netty.channel.ChannelManager - Adding key: http://localhost:54465 for channel [id: 0xeee43c4e, L:/127.0.0.1:50725 - R:localhost/127.0.0.1:54465]
16:32:36.176 [Forwarding screenshot on session 543c3fab419bd49da7fed1e8e230bac0 to remote] DEBUG org.asynchttpclient.netty.request.NettyRequestSender - Using pooled Channel '[id: 0xeee43c4e, L:/127.0.0.1:50725 - R:localhost/127.0.0.1:54465]' for 'GET' to 'http://localhost:54465/session/543c3fab419bd49da7fed1e8e230bac0/screenshot'
16:32:36.176 [Forwarding screenshot on session 543c3fab419bd49da7fed1e8e230bac0 to remote] DEBUG org.asynchttpclient.netty.request.NettyRequestSender - Using open Channel [id: 0xeee43c4e, L:/127.0.0.1:50725 - R:localhost/127.0.0.1:54465] for GET '/session/543c3fab419bd49da7fed1e8e230bac0/screenshot'
16:32:36.378 [AsyncHttpClient-1-6] DEBUG org.asynchttpclient.netty.handler.HttpHandler - 

Request DefaultFullHttpRequest(decodeResult: success, version: HTTP/1.1, content: EmptyByteBufBE)
GET /session/543c3fab419bd49da7fed1e8e230bac0/screenshot HTTP/1.1
User-Agent: selenium/4.1.2 (java windows)
Cache-Control: no-cache
Content-Type: application/json; charset=utf-8
host: localhost:54465
accept: */*

Response DefaultHttpResponse(decodeResult: success, version: HTTP/1.1)
HTTP/1.1 200 OK
Content-Type: application/json; charset=utf-8
cache-control: no-cache
content-length: 91896

16:32:36.379 [AsyncHttpClient-1-6] DEBUG org.asynchttpclient.netty.channel.ChannelManager - Adding key: http://localhost:54465 for channel [id: 0xeee43c4e, L:/127.0.0.1:50725 - R:localhost/127.0.0.1:54465]
16:32:36.385 [main] DEBUG net.serenitybdd.core.photography.Darkroom - Send negative for processing for target\site\serenity\5ad4358025fac1a8bf370c5bd30d116153f0e9e6ef76792d272502e989c2099a.png
16:32:36.386 [main] DEBUG net.thucydides.core.steps.StepInterceptor - STEP DONE: clickBlodeTypeOption
16:32:36.386 [Darkroom Processing Line] DEBUG net.serenitybdd.core.photography.DarkroomProcessingLine - Processing screenshot image in /var/screenshots/screenshot-6402477747526191976
16:32:36.386 [Darkroom Processing Line] DEBUG net.serenitybdd.core.photography.DarkroomProcessingLine - Saving screenshot to target\site\serenity\5ad4358025fac1a8bf370c5bd30d116153f0e9e6ef76792d272502e989c2099a.png
16:32:36.397 [main] DEBUG net.thucydides.core.steps.StepInterceptor - STARTING STEP: PatientSteps.iInputValidDataPatientAndClickSubmit - inputCity
16:32:36.402 [Forwarding findElement on session 543c3fab419bd49da7fed1e8e230bac0 to remote] DEBUG org.asynchttpclient.netty.request.NettyRequestSender - Using pooled Channel '[id: 0xeee43c4e, L:/127.0.0.1:50725 - R:localhost/127.0.0.1:54465]' for 'POST' to 'http://localhost:54465/session/543c3fab419bd49da7fed1e8e230bac0/element'
16:32:36.402 [Forwarding findElement on session 543c3fab419bd49da7fed1e8e230bac0 to remote] DEBUG org.asynchttpclient.netty.request.NettyRequestSender - Using open Channel [id: 0xeee43c4e, L:/127.0.0.1:50725 - R:localhost/127.0.0.1:54465] for POST '/session/543c3fab419bd49da7fed1e8e230bac0/element'
16:32:36.429 [AsyncHttpClient-1-6] DEBUG org.asynchttpclient.netty.handler.HttpHandler - 

Request DefaultHttpRequest(decodeResult: success, version: HTTP/1.1)
POST /session/543c3fab419bd49da7fed1e8e230bac0/element HTTP/1.1
User-Agent: selenium/4.1.2 (java windows)
Content-Length: 139
Content-Type: application/json; charset=utf-8
host: localhost:54465
accept: */*

Response DefaultHttpResponse(decodeResult: success, version: HTTP/1.1)
HTTP/1.1 200 OK
Content-Type: application/json; charset=utf-8
cache-control: no-cache
content-length: 88

16:32:36.429 [AsyncHttpClient-1-6] DEBUG org.asynchttpclient.netty.channel.ChannelManager - Adding key: http://localhost:54465 for channel [id: 0xeee43c4e, L:/127.0.0.1:50725 - R:localhost/127.0.0.1:54465]
16:32:36.431 [Forwarding clearElement on session 543c3fab419bd49da7fed1e8e230bac0 to remote] DEBUG org.asynchttpclient.netty.request.NettyRequestSender - Using pooled Channel '[id: 0xeee43c4e, L:/127.0.0.1:50725 - R:localhost/127.0.0.1:54465]' for 'POST' to 'http://localhost:54465/session/543c3fab419bd49da7fed1e8e230bac0/element/87410c23-2e55-46e6-9150-dd6125b423bd/clear'
16:32:36.431 [Forwarding clearElement on session 543c3fab419bd49da7fed1e8e230bac0 to remote] DEBUG org.asynchttpclient.netty.request.NettyRequestSender - Using open Channel [id: 0xeee43c4e, L:/127.0.0.1:50725 - R:localhost/127.0.0.1:54465] for POST '/session/543c3fab419bd49da7fed1e8e230bac0/element/87410c23-2e55-46e6-9150-dd6125b423bd/clear'
16:32:36.503 [AsyncHttpClient-1-6] DEBUG org.asynchttpclient.netty.handler.HttpHandler - 

Request DefaultHttpRequest(decodeResult: success, version: HTTP/1.1)
POST /session/543c3fab419bd49da7fed1e8e230bac0/element/87410c23-2e55-46e6-9150-dd6125b423bd/clear HTTP/1.1
User-Agent: selenium/4.1.2 (java windows)
Content-Length: 50
Content-Type: application/json; charset=utf-8
host: localhost:54465
accept: */*

Response DefaultHttpResponse(decodeResult: success, version: HTTP/1.1)
HTTP/1.1 200 OK
Content-Type: application/json; charset=utf-8
cache-control: no-cache
content-length: 14

16:32:36.503 [AsyncHttpClient-1-6] DEBUG org.asynchttpclient.netty.channel.ChannelManager - Adding key: http://localhost:54465 for channel [id: 0xeee43c4e, L:/127.0.0.1:50725 - R:localhost/127.0.0.1:54465]
16:32:36.506 [Forwarding sendKeysToElement on session 543c3fab419bd49da7fed1e8e230bac0 to remote] DEBUG org.asynchttpclient.netty.request.NettyRequestSender - Using pooled Channel '[id: 0xeee43c4e, L:/127.0.0.1:50725 - R:localhost/127.0.0.1:54465]' for 'POST' to 'http://localhost:54465/session/543c3fab419bd49da7fed1e8e230bac0/element/87410c23-2e55-46e6-9150-dd6125b423bd/value'
16:32:36.506 [Forwarding sendKeysToElement on session 543c3fab419bd49da7fed1e8e230bac0 to remote] DEBUG org.asynchttpclient.netty.request.NettyRequestSender - Using open Channel [id: 0xeee43c4e, L:/127.0.0.1:50725 - R:localhost/127.0.0.1:54465] for POST '/session/543c3fab419bd49da7fed1e8e230bac0/element/87410c23-2e55-46e6-9150-dd6125b423bd/value'
16:32:36.855 [AsyncHttpClient-1-6] DEBUG org.asynchttpclient.netty.handler.HttpHandler - 

Request DefaultHttpRequest(decodeResult: success, version: HTTP/1.1)
POST /session/543c3fab419bd49da7fed1e8e230bac0/element/87410c23-2e55-46e6-9150-dd6125b423bd/value HTTP/1.1
User-Agent: selenium/4.1.2 (java windows)
Content-Length: 191
Content-Type: application/json; charset=utf-8
host: localhost:54465
accept: */*

Response DefaultHttpResponse(decodeResult: success, version: HTTP/1.1)
HTTP/1.1 200 OK
Content-Type: application/json; charset=utf-8
cache-control: no-cache
content-length: 14

16:32:36.855 [AsyncHttpClient-1-6] DEBUG org.asynchttpclient.netty.channel.ChannelManager - Adding key: http://localhost:54465 for channel [id: 0xeee43c4e, L:/127.0.0.1:50725 - R:localhost/127.0.0.1:54465]
16:32:36.864 [Forwarding screenshot on session 543c3fab419bd49da7fed1e8e230bac0 to remote] DEBUG org.asynchttpclient.netty.request.NettyRequestSender - Using pooled Channel '[id: 0xeee43c4e, L:/127.0.0.1:50725 - R:localhost/127.0.0.1:54465]' for 'GET' to 'http://localhost:54465/session/543c3fab419bd49da7fed1e8e230bac0/screenshot'
16:32:36.864 [Forwarding screenshot on session 543c3fab419bd49da7fed1e8e230bac0 to remote] DEBUG org.asynchttpclient.netty.request.NettyRequestSender - Using open Channel [id: 0xeee43c4e, L:/127.0.0.1:50725 - R:localhost/127.0.0.1:54465] for GET '/session/543c3fab419bd49da7fed1e8e230bac0/screenshot'
16:32:37.038 [AsyncHttpClient-1-1] DEBUG org.asynchttpclient.netty.channel.DefaultChannelPool - Entry count for : http://localhost:50728 : 1
16:32:37.041 [AsyncHttpClient-1-6] DEBUG org.asynchttpclient.netty.handler.HttpHandler - 

Request DefaultFullHttpRequest(decodeResult: success, version: HTTP/1.1, content: EmptyByteBufBE)
GET /session/543c3fab419bd49da7fed1e8e230bac0/screenshot HTTP/1.1
User-Agent: selenium/4.1.2 (java windows)
Cache-Control: no-cache
Content-Type: application/json; charset=utf-8
host: localhost:54465
accept: */*

Response DefaultHttpResponse(decodeResult: success, version: HTTP/1.1)
HTTP/1.1 200 OK
Content-Type: application/json; charset=utf-8
cache-control: no-cache
content-length: 76896

16:32:37.042 [AsyncHttpClient-1-6] DEBUG org.asynchttpclient.netty.channel.ChannelManager - Adding key: http://localhost:54465 for channel [id: 0xeee43c4e, L:/127.0.0.1:50725 - R:localhost/127.0.0.1:54465]
16:32:37.048 [main] DEBUG net.serenitybdd.core.photography.Darkroom - Send negative for processing for target\site\serenity\ce6da0c51f49b90515546f8499be698cd89103626971ca377c8f697f4e5f6ea1.png
16:32:37.048 [main] DEBUG net.thucydides.core.steps.StepInterceptor - STEP DONE: inputCity
16:32:37.048 [Darkroom Processing Line] DEBUG net.serenitybdd.core.photography.DarkroomProcessingLine - Processing screenshot image in /var/screenshots/screenshot-11885790648455343063
16:32:37.048 [Darkroom Processing Line] DEBUG net.serenitybdd.core.photography.DarkroomProcessingLine - Saving screenshot to target\site\serenity\ce6da0c51f49b90515546f8499be698cd89103626971ca377c8f697f4e5f6ea1.png
16:32:37.062 [main] DEBUG net.thucydides.core.steps.StepInterceptor - STARTING STEP: PatientSteps.iInputValidDataPatientAndClickSubmit - inputAddress
16:32:37.066 [Forwarding findElement on session 543c3fab419bd49da7fed1e8e230bac0 to remote] DEBUG org.asynchttpclient.netty.request.NettyRequestSender - Using pooled Channel '[id: 0xeee43c4e, L:/127.0.0.1:50725 - R:localhost/127.0.0.1:54465]' for 'POST' to 'http://localhost:54465/session/543c3fab419bd49da7fed1e8e230bac0/element'
16:32:37.067 [Forwarding findElement on session 543c3fab419bd49da7fed1e8e230bac0 to remote] DEBUG org.asynchttpclient.netty.request.NettyRequestSender - Using open Channel [id: 0xeee43c4e, L:/127.0.0.1:50725 - R:localhost/127.0.0.1:54465] for POST '/session/543c3fab419bd49da7fed1e8e230bac0/element'
16:32:37.085 [AsyncHttpClient-1-6] DEBUG org.asynchttpclient.netty.handler.HttpHandler - 

Request DefaultHttpRequest(decodeResult: success, version: HTTP/1.1)
POST /session/543c3fab419bd49da7fed1e8e230bac0/element HTTP/1.1
User-Agent: selenium/4.1.2 (java windows)
Content-Length: 139
Content-Type: application/json; charset=utf-8
host: localhost:54465
accept: */*

Response DefaultHttpResponse(decodeResult: success, version: HTTP/1.1)
HTTP/1.1 200 OK
Content-Type: application/json; charset=utf-8
cache-control: no-cache
content-length: 88

16:32:37.086 [AsyncHttpClient-1-6] DEBUG org.asynchttpclient.netty.channel.ChannelManager - Adding key: http://localhost:54465 for channel [id: 0xeee43c4e, L:/127.0.0.1:50725 - R:localhost/127.0.0.1:54465]
16:32:37.087 [Forwarding clearElement on session 543c3fab419bd49da7fed1e8e230bac0 to remote] DEBUG org.asynchttpclient.netty.request.NettyRequestSender - Using pooled Channel '[id: 0xeee43c4e, L:/127.0.0.1:50725 - R:localhost/127.0.0.1:54465]' for 'POST' to 'http://localhost:54465/session/543c3fab419bd49da7fed1e8e230bac0/element/e44748fd-ab7a-4b89-a28e-1a20b86ba00e/clear'
16:32:37.087 [Forwarding clearElement on session 543c3fab419bd49da7fed1e8e230bac0 to remote] DEBUG org.asynchttpclient.netty.request.NettyRequestSender - Using open Channel [id: 0xeee43c4e, L:/127.0.0.1:50725 - R:localhost/127.0.0.1:54465] for POST '/session/543c3fab419bd49da7fed1e8e230bac0/element/e44748fd-ab7a-4b89-a28e-1a20b86ba00e/clear'
16:32:37.149 [AsyncHttpClient-1-6] DEBUG org.asynchttpclient.netty.handler.HttpHandler - 

Request DefaultHttpRequest(decodeResult: success, version: HTTP/1.1)
POST /session/543c3fab419bd49da7fed1e8e230bac0/element/e44748fd-ab7a-4b89-a28e-1a20b86ba00e/clear HTTP/1.1
User-Agent: selenium/4.1.2 (java windows)
Content-Length: 50
Content-Type: application/json; charset=utf-8
host: localhost:54465
accept: */*

Response DefaultHttpResponse(decodeResult: success, version: HTTP/1.1)
HTTP/1.1 200 OK
Content-Type: application/json; charset=utf-8
cache-control: no-cache
content-length: 14

16:32:37.149 [AsyncHttpClient-1-6] DEBUG org.asynchttpclient.netty.channel.ChannelManager - Adding key: http://localhost:54465 for channel [id: 0xeee43c4e, L:/127.0.0.1:50725 - R:localhost/127.0.0.1:54465]
16:32:37.153 [Forwarding sendKeysToElement on session 543c3fab419bd49da7fed1e8e230bac0 to remote] DEBUG org.asynchttpclient.netty.request.NettyRequestSender - Using pooled Channel '[id: 0xeee43c4e, L:/127.0.0.1:50725 - R:localhost/127.0.0.1:54465]' for 'POST' to 'http://localhost:54465/session/543c3fab419bd49da7fed1e8e230bac0/element/e44748fd-ab7a-4b89-a28e-1a20b86ba00e/value'
16:32:37.153 [Forwarding sendKeysToElement on session 543c3fab419bd49da7fed1e8e230bac0 to remote] DEBUG org.asynchttpclient.netty.request.NettyRequestSender - Using open Channel [id: 0xeee43c4e, L:/127.0.0.1:50725 - R:localhost/127.0.0.1:54465] for POST '/session/543c3fab419bd49da7fed1e8e230bac0/element/e44748fd-ab7a-4b89-a28e-1a20b86ba00e/value'
16:32:37.387 [AsyncHttpClient-1-6] DEBUG org.asynchttpclient.netty.handler.HttpHandler - 

Request DefaultHttpRequest(decodeResult: success, version: HTTP/1.1)
POST /session/543c3fab419bd49da7fed1e8e230bac0/element/e44748fd-ab7a-4b89-a28e-1a20b86ba00e/value HTTP/1.1
User-Agent: selenium/4.1.2 (java windows)
Content-Length: 151
Content-Type: application/json; charset=utf-8
host: localhost:54465
accept: */*

Response DefaultHttpResponse(decodeResult: success, version: HTTP/1.1)
HTTP/1.1 200 OK
Content-Type: application/json; charset=utf-8
cache-control: no-cache
content-length: 14

16:32:37.387 [AsyncHttpClient-1-6] DEBUG org.asynchttpclient.netty.channel.ChannelManager - Adding key: http://localhost:54465 for channel [id: 0xeee43c4e, L:/127.0.0.1:50725 - R:localhost/127.0.0.1:54465]
16:32:37.453 [Forwarding screenshot on session 543c3fab419bd49da7fed1e8e230bac0 to remote] DEBUG org.asynchttpclient.netty.request.NettyRequestSender - Using pooled Channel '[id: 0xeee43c4e, L:/127.0.0.1:50725 - R:localhost/127.0.0.1:54465]' for 'GET' to 'http://localhost:54465/session/543c3fab419bd49da7fed1e8e230bac0/screenshot'
16:32:37.454 [Forwarding screenshot on session 543c3fab419bd49da7fed1e8e230bac0 to remote] DEBUG org.asynchttpclient.netty.request.NettyRequestSender - Using open Channel [id: 0xeee43c4e, L:/127.0.0.1:50725 - R:localhost/127.0.0.1:54465] for GET '/session/543c3fab419bd49da7fed1e8e230bac0/screenshot'
16:32:37.663 [AsyncHttpClient-1-6] DEBUG org.asynchttpclient.netty.handler.HttpHandler - 

Request DefaultFullHttpRequest(decodeResult: success, version: HTTP/1.1, content: EmptyByteBufBE)
GET /session/543c3fab419bd49da7fed1e8e230bac0/screenshot HTTP/1.1
User-Agent: selenium/4.1.2 (java windows)
Cache-Control: no-cache
Content-Type: application/json; charset=utf-8
host: localhost:54465
accept: */*

Response DefaultHttpResponse(decodeResult: success, version: HTTP/1.1)
HTTP/1.1 200 OK
Content-Type: application/json; charset=utf-8
cache-control: no-cache
content-length: 78316

16:32:37.663 [AsyncHttpClient-1-6] DEBUG org.asynchttpclient.netty.channel.ChannelManager - Adding key: http://localhost:54465 for channel [id: 0xeee43c4e, L:/127.0.0.1:50725 - R:localhost/127.0.0.1:54465]
16:32:37.669 [main] DEBUG net.serenitybdd.core.photography.Darkroom - Send negative for processing for target\site\serenity\7b64f4857152c7ff46392d6d19cc7099ab52ac5016a383de42f0144d8a58d641.png
16:32:37.669 [main] DEBUG net.thucydides.core.steps.StepInterceptor - STEP DONE: inputAddress
16:32:37.669 [Darkroom Processing Line] DEBUG net.serenitybdd.core.photography.DarkroomProcessingLine - Processing screenshot image in /var/screenshots/screenshot-15189704150533393945
16:32:37.669 [Darkroom Processing Line] DEBUG net.serenitybdd.core.photography.DarkroomProcessingLine - Saving screenshot to target\site\serenity\7b64f4857152c7ff46392d6d19cc7099ab52ac5016a383de42f0144d8a58d641.png
16:32:37.681 [main] DEBUG net.thucydides.core.steps.StepInterceptor - STARTING STEP: PatientSteps.iInputValidDataPatientAndClickSubmit - clickSubmitButton
16:32:37.687 [Forwarding findElement on session 543c3fab419bd49da7fed1e8e230bac0 to remote] DEBUG org.asynchttpclient.netty.request.NettyRequestSender - Using pooled Channel '[id: 0xeee43c4e, L:/127.0.0.1:50725 - R:localhost/127.0.0.1:54465]' for 'POST' to 'http://localhost:54465/session/543c3fab419bd49da7fed1e8e230bac0/element'
16:32:37.687 [Forwarding findElement on session 543c3fab419bd49da7fed1e8e230bac0 to remote] DEBUG org.asynchttpclient.netty.request.NettyRequestSender - Using open Channel [id: 0xeee43c4e, L:/127.0.0.1:50725 - R:localhost/127.0.0.1:54465] for POST '/session/543c3fab419bd49da7fed1e8e230bac0/element'
16:32:37.707 [AsyncHttpClient-1-6] DEBUG org.asynchttpclient.netty.handler.HttpHandler - 

Request DefaultHttpRequest(decodeResult: success, version: HTTP/1.1)
POST /session/543c3fab419bd49da7fed1e8e230bac0/element HTTP/1.1
User-Agent: selenium/4.1.2 (java windows)
Content-Length: 116
Content-Type: application/json; charset=utf-8
host: localhost:54465
accept: */*

Response DefaultHttpResponse(decodeResult: success, version: HTTP/1.1)
HTTP/1.1 200 OK
Content-Type: application/json; charset=utf-8
cache-control: no-cache
content-length: 88

16:32:37.707 [AsyncHttpClient-1-6] DEBUG org.asynchttpclient.netty.channel.ChannelManager - Adding key: http://localhost:54465 for channel [id: 0xeee43c4e, L:/127.0.0.1:50725 - R:localhost/127.0.0.1:54465]
16:32:37.709 [Forwarding getElementTagName on session 543c3fab419bd49da7fed1e8e230bac0 to remote] DEBUG org.asynchttpclient.netty.request.NettyRequestSender - Using pooled Channel '[id: 0xeee43c4e, L:/127.0.0.1:50725 - R:localhost/127.0.0.1:54465]' for 'GET' to 'http://localhost:54465/session/543c3fab419bd49da7fed1e8e230bac0/element/b55bf7f6-ee43-40be-ab2d-e6b6dc31e6ca/name'
16:32:37.709 [Forwarding getElementTagName on session 543c3fab419bd49da7fed1e8e230bac0 to remote] DEBUG org.asynchttpclient.netty.request.NettyRequestSender - Using open Channel [id: 0xeee43c4e, L:/127.0.0.1:50725 - R:localhost/127.0.0.1:54465] for GET '/session/543c3fab419bd49da7fed1e8e230bac0/element/b55bf7f6-ee43-40be-ab2d-e6b6dc31e6ca/name'
16:32:37.716 [AsyncHttpClient-1-6] DEBUG org.asynchttpclient.netty.handler.HttpHandler - 

Request DefaultFullHttpRequest(decodeResult: success, version: HTTP/1.1, content: EmptyByteBufBE)
GET /session/543c3fab419bd49da7fed1e8e230bac0/element/b55bf7f6-ee43-40be-ab2d-e6b6dc31e6ca/name HTTP/1.1
User-Agent: selenium/4.1.2 (java windows)
Cache-Control: no-cache
Content-Type: application/json; charset=utf-8
host: localhost:54465
accept: */*

Response DefaultHttpResponse(decodeResult: success, version: HTTP/1.1)
HTTP/1.1 200 OK
Content-Type: application/json; charset=utf-8
cache-control: no-cache
content-length: 18

16:32:37.717 [AsyncHttpClient-1-6] DEBUG org.asynchttpclient.netty.channel.ChannelManager - Adding key: http://localhost:54465 for channel [id: 0xeee43c4e, L:/127.0.0.1:50725 - R:localhost/127.0.0.1:54465]
16:32:37.719 [Forwarding getElementTagName on session 543c3fab419bd49da7fed1e8e230bac0 to remote] DEBUG org.asynchttpclient.netty.request.NettyRequestSender - Using pooled Channel '[id: 0xeee43c4e, L:/127.0.0.1:50725 - R:localhost/127.0.0.1:54465]' for 'GET' to 'http://localhost:54465/session/543c3fab419bd49da7fed1e8e230bac0/element/b55bf7f6-ee43-40be-ab2d-e6b6dc31e6ca/name'
16:32:37.719 [Forwarding getElementTagName on session 543c3fab419bd49da7fed1e8e230bac0 to remote] DEBUG org.asynchttpclient.netty.request.NettyRequestSender - Using open Channel [id: 0xeee43c4e, L:/127.0.0.1:50725 - R:localhost/127.0.0.1:54465] for GET '/session/543c3fab419bd49da7fed1e8e230bac0/element/b55bf7f6-ee43-40be-ab2d-e6b6dc31e6ca/name'
16:32:37.726 [AsyncHttpClient-1-6] DEBUG org.asynchttpclient.netty.handler.HttpHandler - 

Request DefaultFullHttpRequest(decodeResult: success, version: HTTP/1.1, content: EmptyByteBufBE)
GET /session/543c3fab419bd49da7fed1e8e230bac0/element/b55bf7f6-ee43-40be-ab2d-e6b6dc31e6ca/name HTTP/1.1
User-Agent: selenium/4.1.2 (java windows)
Cache-Control: no-cache
Content-Type: application/json; charset=utf-8
host: localhost:54465
accept: */*

Response DefaultHttpResponse(decodeResult: success, version: HTTP/1.1)
HTTP/1.1 200 OK
Content-Type: application/json; charset=utf-8
cache-control: no-cache
content-length: 18

16:32:37.726 [AsyncHttpClient-1-6] DEBUG org.asynchttpclient.netty.channel.ChannelManager - Adding key: http://localhost:54465 for channel [id: 0xeee43c4e, L:/127.0.0.1:50725 - R:localhost/127.0.0.1:54465]
16:32:37.730 [Forwarding isElementEnabled on session 543c3fab419bd49da7fed1e8e230bac0 to remote] DEBUG org.asynchttpclient.netty.request.NettyRequestSender - Using pooled Channel '[id: 0xeee43c4e, L:/127.0.0.1:50725 - R:localhost/127.0.0.1:54465]' for 'GET' to 'http://localhost:54465/session/543c3fab419bd49da7fed1e8e230bac0/element/b55bf7f6-ee43-40be-ab2d-e6b6dc31e6ca/enabled'
16:32:37.730 [Forwarding isElementEnabled on session 543c3fab419bd49da7fed1e8e230bac0 to remote] DEBUG org.asynchttpclient.netty.request.NettyRequestSender - Using open Channel [id: 0xeee43c4e, L:/127.0.0.1:50725 - R:localhost/127.0.0.1:54465] for GET '/session/543c3fab419bd49da7fed1e8e230bac0/element/b55bf7f6-ee43-40be-ab2d-e6b6dc31e6ca/enabled'
16:32:37.743 [AsyncHttpClient-1-6] DEBUG org.asynchttpclient.netty.handler.HttpHandler - 

Request DefaultFullHttpRequest(decodeResult: success, version: HTTP/1.1, content: EmptyByteBufBE)
GET /session/543c3fab419bd49da7fed1e8e230bac0/element/b55bf7f6-ee43-40be-ab2d-e6b6dc31e6ca/enabled HTTP/1.1
User-Agent: selenium/4.1.2 (java windows)
Cache-Control: no-cache
Content-Type: application/json; charset=utf-8
host: localhost:54465
accept: */*

Response DefaultHttpResponse(decodeResult: success, version: HTTP/1.1)
HTTP/1.1 200 OK
Content-Type: application/json; charset=utf-8
cache-control: no-cache
content-length: 14

16:32:37.743 [AsyncHttpClient-1-6] DEBUG org.asynchttpclient.netty.channel.ChannelManager - Adding key: http://localhost:54465 for channel [id: 0xeee43c4e, L:/127.0.0.1:50725 - R:localhost/127.0.0.1:54465]
16:32:37.745 [Forwarding isElementEnabled on session 543c3fab419bd49da7fed1e8e230bac0 to remote] DEBUG org.asynchttpclient.netty.request.NettyRequestSender - Using pooled Channel '[id: 0xeee43c4e, L:/127.0.0.1:50725 - R:localhost/127.0.0.1:54465]' for 'GET' to 'http://localhost:54465/session/543c3fab419bd49da7fed1e8e230bac0/element/b55bf7f6-ee43-40be-ab2d-e6b6dc31e6ca/enabled'
16:32:37.745 [Forwarding isElementEnabled on session 543c3fab419bd49da7fed1e8e230bac0 to remote] DEBUG org.asynchttpclient.netty.request.NettyRequestSender - Using open Channel [id: 0xeee43c4e, L:/127.0.0.1:50725 - R:localhost/127.0.0.1:54465] for GET '/session/543c3fab419bd49da7fed1e8e230bac0/element/b55bf7f6-ee43-40be-ab2d-e6b6dc31e6ca/enabled'
16:32:37.754 [AsyncHttpClient-1-6] DEBUG org.asynchttpclient.netty.handler.HttpHandler - 

Request DefaultFullHttpRequest(decodeResult: success, version: HTTP/1.1, content: EmptyByteBufBE)
GET /session/543c3fab419bd49da7fed1e8e230bac0/element/b55bf7f6-ee43-40be-ab2d-e6b6dc31e6ca/enabled HTTP/1.1
User-Agent: selenium/4.1.2 (java windows)
Cache-Control: no-cache
Content-Type: application/json; charset=utf-8
host: localhost:54465
accept: */*

Response DefaultHttpResponse(decodeResult: success, version: HTTP/1.1)
HTTP/1.1 200 OK
Content-Type: application/json; charset=utf-8
cache-control: no-cache
content-length: 14

16:32:37.754 [AsyncHttpClient-1-6] DEBUG org.asynchttpclient.netty.channel.ChannelManager - Adding key: http://localhost:54465 for channel [id: 0xeee43c4e, L:/127.0.0.1:50725 - R:localhost/127.0.0.1:54465]
16:32:37.757 [Forwarding findElement on session 543c3fab419bd49da7fed1e8e230bac0 to remote] DEBUG org.asynchttpclient.netty.request.NettyRequestSender - Using pooled Channel '[id: 0xeee43c4e, L:/127.0.0.1:50725 - R:localhost/127.0.0.1:54465]' for 'POST' to 'http://localhost:54465/session/543c3fab419bd49da7fed1e8e230bac0/element'
16:32:37.757 [Forwarding findElement on session 543c3fab419bd49da7fed1e8e230bac0 to remote] DEBUG org.asynchttpclient.netty.request.NettyRequestSender - Using open Channel [id: 0xeee43c4e, L:/127.0.0.1:50725 - R:localhost/127.0.0.1:54465] for POST '/session/543c3fab419bd49da7fed1e8e230bac0/element'
16:32:37.768 [AsyncHttpClient-1-6] DEBUG org.asynchttpclient.netty.handler.HttpHandler - 

Request DefaultHttpRequest(decodeResult: success, version: HTTP/1.1)
POST /session/543c3fab419bd49da7fed1e8e230bac0/element HTTP/1.1
User-Agent: selenium/4.1.2 (java windows)
Content-Length: 116
Content-Type: application/json; charset=utf-8
host: localhost:54465
accept: */*

Response DefaultHttpResponse(decodeResult: success, version: HTTP/1.1)
HTTP/1.1 200 OK
Content-Type: application/json; charset=utf-8
cache-control: no-cache
content-length: 88

16:32:37.768 [AsyncHttpClient-1-6] DEBUG org.asynchttpclient.netty.channel.ChannelManager - Adding key: http://localhost:54465 for channel [id: 0xeee43c4e, L:/127.0.0.1:50725 - R:localhost/127.0.0.1:54465]
16:32:37.770 [Forwarding clickElement on session 543c3fab419bd49da7fed1e8e230bac0 to remote] DEBUG org.asynchttpclient.netty.request.NettyRequestSender - Using pooled Channel '[id: 0xeee43c4e, L:/127.0.0.1:50725 - R:localhost/127.0.0.1:54465]' for 'POST' to 'http://localhost:54465/session/543c3fab419bd49da7fed1e8e230bac0/element/b55bf7f6-ee43-40be-ab2d-e6b6dc31e6ca/click'
16:32:37.770 [Forwarding clickElement on session 543c3fab419bd49da7fed1e8e230bac0 to remote] DEBUG org.asynchttpclient.netty.request.NettyRequestSender - Using open Channel [id: 0xeee43c4e, L:/127.0.0.1:50725 - R:localhost/127.0.0.1:54465] for POST '/session/543c3fab419bd49da7fed1e8e230bac0/element/b55bf7f6-ee43-40be-ab2d-e6b6dc31e6ca/click'
16:32:37.865 [AsyncHttpClient-1-6] DEBUG org.asynchttpclient.netty.handler.HttpHandler - 

Request DefaultHttpRequest(decodeResult: success, version: HTTP/1.1)
POST /session/543c3fab419bd49da7fed1e8e230bac0/element/b55bf7f6-ee43-40be-ab2d-e6b6dc31e6ca/click HTTP/1.1
User-Agent: selenium/4.1.2 (java windows)
Content-Length: 50
Content-Type: application/json; charset=utf-8
host: localhost:54465
accept: */*

Response DefaultHttpResponse(decodeResult: success, version: HTTP/1.1)
HTTP/1.1 200 OK
Content-Type: application/json; charset=utf-8
cache-control: no-cache
content-length: 14

16:32:37.866 [AsyncHttpClient-1-6] DEBUG org.asynchttpclient.netty.channel.ChannelManager - Adding key: http://localhost:54465 for channel [id: 0xeee43c4e, L:/127.0.0.1:50725 - R:localhost/127.0.0.1:54465]
16:32:37.886 [Forwarding screenshot on session 543c3fab419bd49da7fed1e8e230bac0 to remote] DEBUG org.asynchttpclient.netty.request.NettyRequestSender - Using pooled Channel '[id: 0xeee43c4e, L:/127.0.0.1:50725 - R:localhost/127.0.0.1:54465]' for 'GET' to 'http://localhost:54465/session/543c3fab419bd49da7fed1e8e230bac0/screenshot'
16:32:37.886 [Forwarding screenshot on session 543c3fab419bd49da7fed1e8e230bac0 to remote] DEBUG org.asynchttpclient.netty.request.NettyRequestSender - Using open Channel [id: 0xeee43c4e, L:/127.0.0.1:50725 - R:localhost/127.0.0.1:54465] for GET '/session/543c3fab419bd49da7fed1e8e230bac0/screenshot'
16:32:38.087 [AsyncHttpClient-1-6] DEBUG org.asynchttpclient.netty.handler.HttpHandler - 

Request DefaultFullHttpRequest(decodeResult: success, version: HTTP/1.1, content: EmptyByteBufBE)
GET /session/543c3fab419bd49da7fed1e8e230bac0/screenshot HTTP/1.1
User-Agent: selenium/4.1.2 (java windows)
Cache-Control: no-cache
Content-Type: application/json; charset=utf-8
host: localhost:54465
accept: */*

Response DefaultHttpResponse(decodeResult: success, version: HTTP/1.1)
HTTP/1.1 200 OK
Content-Type: application/json; charset=utf-8
cache-control: no-cache
content-length: 77680

16:32:38.088 [AsyncHttpClient-1-6] DEBUG org.asynchttpclient.netty.channel.ChannelManager - Adding key: http://localhost:54465 for channel [id: 0xeee43c4e, L:/127.0.0.1:50725 - R:localhost/127.0.0.1:54465]
16:32:38.094 [main] DEBUG net.serenitybdd.core.photography.Darkroom - Send negative for processing for target\site\serenity\9bd9b33f90d754bf1c9b355559787b7f23f3b15a3ce4155c25d8df351d347732.png
16:32:38.094 [main] DEBUG net.thucydides.core.steps.StepInterceptor - STEP DONE: clickSubmitButton
  &amp#27;[32mAnd &amp#27;[0m&amp#27;[32mI input valid data patient and click submit&amp#27;[0m &amp#27;[90m# starter.stepdefinitions.PatientSteps.iInputValidDataPatientAndClickSubmit()&amp#27;[0m
16:32:38.094 [Darkroom Processing Line] DEBUG net.serenitybdd.core.photography.DarkroomProcessingLine - Processing screenshot image in /var/screenshots/screenshot-4184422656267659165
16:32:38.094 [Darkroom Processing Line] DEBUG net.serenitybdd.core.photography.DarkroomProcessingLine - Saving screenshot to target\site\serenity\9bd9b33f90d754bf1c9b355559787b7f23f3b15a3ce4155c25d8df351d347732.png
16:32:38.136 [main] DEBUG net.thucydides.core.steps.StepInterceptor - STARTING STEP: PatientSteps.iGetNewPatientHasBeenAddedResult - newPatientAdded
16:32:38.137 [AsyncHttpClient-1-1] DEBUG org.asynchttpclient.netty.channel.DefaultChannelPool - Entry count for : http://localhost:54465 : 1
16:32:38.137 [AsyncHttpClient-1-1] DEBUG org.asynchttpclient.netty.channel.DefaultChannelPool - Entry count for : http://localhost:50728 : 1
16:32:38.317 [Forwarding findElement on session 543c3fab419bd49da7fed1e8e230bac0 to remote] DEBUG org.asynchttpclient.netty.request.NettyRequestSender - Using pooled Channel '[id: 0xeee43c4e, L:/127.0.0.1:50725 - R:localhost/127.0.0.1:54465]' for 'POST' to 'http://localhost:54465/session/543c3fab419bd49da7fed1e8e230bac0/element'
16:32:38.317 [Forwarding findElement on session 543c3fab419bd49da7fed1e8e230bac0 to remote] DEBUG org.asynchttpclient.netty.request.NettyRequestSender - Using open Channel [id: 0xeee43c4e, L:/127.0.0.1:50725 - R:localhost/127.0.0.1:54465] for POST '/session/543c3fab419bd49da7fed1e8e230bac0/element'
16:32:39.205 [AsyncHttpClient-1-6] DEBUG org.asynchttpclient.netty.handler.HttpHandler - 

Request DefaultHttpRequest(decodeResult: success, version: HTTP/1.1)
POST /session/543c3fab419bd49da7fed1e8e230bac0/element HTTP/1.1
User-Agent: selenium/4.1.2 (java windows)
Content-Length: 74
Content-Type: application/json; charset=utf-8
host: localhost:54465
accept: */*

Response DefaultHttpResponse(decodeResult: success, version: HTTP/1.1)
HTTP/1.1 200 OK
Content-Type: application/json; charset=utf-8
cache-control: no-cache
content-length: 88

16:32:39.206 [AsyncHttpClient-1-6] DEBUG org.asynchttpclient.netty.channel.ChannelManager - Adding key: http://localhost:54465 for channel [id: 0xeee43c4e, L:/127.0.0.1:50725 - R:localhost/127.0.0.1:54465]
16:32:39.212 [Forwarding isElementDisplayed on session 543c3fab419bd49da7fed1e8e230bac0 to remote] DEBUG org.asynchttpclient.netty.request.NettyRequestSender - Using pooled Channel '[id: 0xeee43c4e, L:/127.0.0.1:50725 - R:localhost/127.0.0.1:54465]' for 'POST' to 'http://localhost:54465/session/543c3fab419bd49da7fed1e8e230bac0/execute/sync'
16:32:39.213 [Forwarding isElementDisplayed on session 543c3fab419bd49da7fed1e8e230bac0 to remote] DEBUG org.asynchttpclient.netty.request.NettyRequestSender - Using open Channel [id: 0xeee43c4e, L:/127.0.0.1:50725 - R:localhost/127.0.0.1:54465] for POST '/session/543c3fab419bd49da7fed1e8e230bac0/execute/sync'
16:32:39.237 [AsyncHttpClient-1-1] DEBUG org.asynchttpclient.netty.channel.DefaultChannelPool - Entry count for : http://localhost:50728 : 1
16:32:39.247 [AsyncHttpClient-1-6] DEBUG org.asynchttpclient.netty.handler.HttpHandler - 

Request DefaultHttpRequest(decodeResult: success, version: HTTP/1.1)
POST /session/543c3fab419bd49da7fed1e8e230bac0/execute/sync HTTP/1.1
User-Agent: selenium/4.1.2 (java windows)
Content-Length: 48780
Content-Type: application/json; charset=utf-8
host: localhost:54465
accept: */*

Response DefaultHttpResponse(decodeResult: success, version: HTTP/1.1)
HTTP/1.1 200 OK
Content-Type: application/json; charset=utf-8
cache-control: no-cache
content-length: 15

16:32:39.248 [AsyncHttpClient-1-6] DEBUG org.asynchttpclient.netty.channel.ChannelManager - Adding key: http://localhost:54465 for channel [id: 0xeee43c4e, L:/127.0.0.1:50725 - R:localhost/127.0.0.1:54465]
16:32:39.300 [Forwarding screenshot on session 543c3fab419bd49da7fed1e8e230bac0 to remote] DEBUG org.asynchttpclient.netty.request.NettyRequestSender - Using pooled Channel '[id: 0xeee43c4e, L:/127.0.0.1:50725 - R:localhost/127.0.0.1:54465]' for 'GET' to 'http://localhost:54465/session/543c3fab419bd49da7fed1e8e230bac0/screenshot'
16:32:39.300 [Forwarding screenshot on session 543c3fab419bd49da7fed1e8e230bac0 to remote] DEBUG org.asynchttpclient.netty.request.NettyRequestSender - Using open Channel [id: 0xeee43c4e, L:/127.0.0.1:50725 - R:localhost/127.0.0.1:54465] for GET '/session/543c3fab419bd49da7fed1e8e230bac0/screenshot'
16:32:39.496 [AsyncHttpClient-1-6] DEBUG org.asynchttpclient.netty.handler.HttpHandler - 

Request DefaultFullHttpRequest(decodeResult: success, version: HTTP/1.1, content: EmptyByteBufBE)
GET /session/543c3fab419bd49da7fed1e8e230bac0/screenshot HTTP/1.1
User-Agent: selenium/4.1.2 (java windows)
Cache-Control: no-cache
Content-Type: application/json; charset=utf-8
host: localhost:54465
accept: */*

Response DefaultHttpResponse(decodeResult: success, version: HTTP/1.1)
HTTP/1.1 200 OK
Content-Type: application/json; charset=utf-8
cache-control: no-cache
content-length: 98048

16:32:39.497 [AsyncHttpClient-1-6] DEBUG org.asynchttpclient.netty.channel.ChannelManager - Adding key: http://localhost:54465 for channel [id: 0xeee43c4e, L:/127.0.0.1:50725 - R:localhost/127.0.0.1:54465]
16:32:39.504 [main] DEBUG net.serenitybdd.core.photography.Darkroom - Send negative for processing for target\site\serenity\59b7e1ca54a1ead467180dce714a045e3b0226501cea40f405dd502c8571edd7.png
16:32:39.504 [main] DEBUG net.thucydides.core.steps.StepInterceptor - STEP DONE: newPatientAdded
16:32:39.504 [Darkroom Processing Line] DEBUG net.serenitybdd.core.photography.DarkroomProcessingLine - Processing screenshot image in /var/screenshots/screenshot-12835712280175661495
16:32:39.504 [Darkroom Processing Line] DEBUG net.serenitybdd.core.photography.DarkroomProcessingLine - Saving screenshot to target\site\serenity\59b7e1ca54a1ead467180dce714a045e3b0226501cea40f405dd502c8571edd7.png
  &amp#27;[32mThen &amp#27;[0m&amp#27;[32mI get New Patient has been added result&amp#27;[0m    &amp#27;[90m# starter.stepdefinitions.PatientSteps.iGetNewPatientHasBeenAddedResult()&amp#27;[0m
16:32:39.663 [Forwarding screenshot on session 543c3fab419bd49da7fed1e8e230bac0 to remote] DEBUG org.asynchttpclient.netty.request.NettyRequestSender - Using pooled Channel '[id: 0xeee43c4e, L:/127.0.0.1:50725 - R:localhost/127.0.0.1:54465]' for 'GET' to 'http://localhost:54465/session/543c3fab419bd49da7fed1e8e230bac0/screenshot'
16:32:39.663 [Forwarding screenshot on session 543c3fab419bd49da7fed1e8e230bac0 to remote] DEBUG org.asynchttpclient.netty.request.NettyRequestSender - Using open Channel [id: 0xeee43c4e, L:/127.0.0.1:50725 - R:localhost/127.0.0.1:54465] for GET '/session/543c3fab419bd49da7fed1e8e230bac0/screenshot'
16:32:39.818 [AsyncHttpClient-1-6] DEBUG org.asynchttpclient.netty.handler.HttpHandler - 

Request DefaultFullHttpRequest(decodeResult: success, version: HTTP/1.1, content: EmptyByteBufBE)
GET /session/543c3fab419bd49da7fed1e8e230bac0/screenshot HTTP/1.1
User-Agent: selenium/4.1.2 (java windows)
Cache-Control: no-cache
Content-Type: application/json; charset=utf-8
host: localhost:54465
accept: */*

Response DefaultHttpResponse(decodeResult: success, version: HTTP/1.1)
HTTP/1.1 200 OK
Content-Type: application/json; charset=utf-8
cache-control: no-cache
content-length: 86184

16:32:39.819 [AsyncHttpClient-1-6] DEBUG org.asynchttpclient.netty.channel.ChannelManager - Adding key: http://localhost:54465 for channel [id: 0xeee43c4e, L:/127.0.0.1:50725 - R:localhost/127.0.0.1:54465]
16:32:40.000 [main] DEBUG net.serenitybdd.core.photography.Darkroom - Send negative for processing for target\site\serenity\d29215059c965fa8e2c89f47dc588f6a738a4446c55a343d83fd124c55fbe802.png
16:32:40.001 [Darkroom Processing Line] DEBUG net.serenitybdd.core.photography.DarkroomProcessingLine - Processing screenshot image in /var/screenshots/screenshot-13589787897284545470
16:32:40.001 [Darkroom Processing Line] DEBUG net.serenitybdd.core.photography.DarkroomProcessingLine - Saving screenshot to target\site\serenity\d29215059c965fa8e2c89f47dc588f6a738a4446c55a343d83fd124c55fbe802.png
16:32:40.003 [main] INFO  - 
  _____   ___   ___   _____     ___     _     ___   ___   ___   ___  
 |_   _| | __| / __| |_   _|   | _ \   /_\   / __| / __| | __| |   \ 
   | |   | _|  \__ \   | |     |  _/  / _ \  \__ \ \__ \ | _|  | |) |
   |_|   |___| |___/   |_|     |_|   /_/ \_\ |___/ |___/ |___| |___/ 

Create New Patient Scenario
----------------------------------------------------------------------
16:32:40.008 [AsyncHttpClient-1-8] DEBUG org.asynchttpclient.netty.handler.WebSocketHandler - Channel Closed: [id: 0xbe151700, L:/127.0.0.1:50734 ! R:localhost/127.0.0.1:50728] with attribute NettyResponseFuture{currentRetry=5,
	isDone=1,
	isCancelled=0,
	asyncHandler=org.asynchttpclient.ws.WebSocketUpgradeHandler@23c3f00c,
	nettyRequest=org.asynchttpclient.netty.request.NettyRequest@4c0f22f9,
	future=java.util.concurrent.CompletableFuture@7aaa30a1[Completed normally],
	uri=ws://localhost:50728/devtools/browser/c8c39005-6af3-4c26-ac3e-f56fb4d8087d,
	keepAlive=true,
	redirectCount=0,
	timeoutsHolder=null,
	inAuth=0,
	touch=1655717543307}
16:32:40.023 [AsyncHttpClient-1-8] DEBUG org.asynchttpclient.netty.channel.ChannelManager - Closing Channel [id: 0xbe151700, L:/127.0.0.1:50734 ! R:localhost/127.0.0.1:50728] 
16:32:40.090 [Driver Command Executor] DEBUG org.asynchttpclient.netty.request.NettyRequestSender - Using pooled Channel '[id: 0xeee43c4e, L:/127.0.0.1:50725 - R:localhost/127.0.0.1:54465]' for 'DELETE' to 'http://localhost:54465/session/543c3fab419bd49da7fed1e8e230bac0'
16:32:40.090 [Driver Command Executor] DEBUG org.asynchttpclient.netty.request.NettyRequestSender - Using open Channel [id: 0xeee43c4e, L:/127.0.0.1:50725 - R:localhost/127.0.0.1:54465] for DELETE '/session/543c3fab419bd49da7fed1e8e230bac0'
16:32:40.337 [AsyncHttpClient-1-1] DEBUG org.asynchttpclient.netty.channel.DefaultChannelPool - Entry count for : http://localhost:50728 : 1
16:32:41.537 [AsyncHttpClient-1-1] DEBUG org.asynchttpclient.netty.channel.DefaultChannelPool - Entry count for : http://localhost:50728 : 1
16:32:42.138 [AsyncHttpClient-1-7] DEBUG org.asynchttpclient.netty.handler.HttpHandler - Unexpected I/O exception on channel [id: 0x00e23058, L:/127.0.0.1:50733 - R:localhost/127.0.0.1:50728]
java.net.SocketException: Connection reset
	at java.base/sun.nio.ch.SocketChannelImpl.throwConnectionReset(SocketChannelImpl.java:367)
	at java.base/sun.nio.ch.SocketChannelImpl.read(SocketChannelImpl.java:398)
	at io.netty.buffer.PooledByteBuf.setBytes(PooledByteBuf.java:258)
	at io.netty.buffer.AbstractByteBuf.writeBytes(AbstractByteBuf.java:1132)
	at io.netty.channel.socket.nio.NioSocketChannel.doReadBytes(NioSocketChannel.java:350)
	at io.netty.channel.nio.AbstractNioByteChannel$NioByteUnsafe.read(AbstractNioByteChannel.java:151)
	at io.netty.channel.nio.NioEventLoop.processSelectedKey(NioEventLoop.java:722)
	at io.netty.channel.nio.NioEventLoop.processSelectedKeysOptimized(NioEventLoop.java:658)
	at io.netty.channel.nio.NioEventLoop.processSelectedKeys(NioEventLoop.java:584)
	at io.netty.channel.nio.NioEventLoop.run(NioEventLoop.java:496)
	at io.netty.util.concurrent.SingleThreadEventExecutor$4.run(SingleThreadEventExecutor.java:986)
	at io.netty.util.internal.ThreadExecutorMap$2.run(ThreadExecutorMap.java:74)
	at io.netty.util.concurrent.FastThreadLocalRunnable.run(FastThreadLocalRunnable.java:30)
	at java.base/java.lang.Thread.run(Thread.java:832)
16:32:42.138 [AsyncHttpClient-1-7] DEBUG org.asynchttpclient.netty.channel.ChannelManager - Closing Channel [id: 0x00e23058, L:/127.0.0.1:50733 - R:localhost/127.0.0.1:50728] 
16:32:42.139 [AsyncHttpClient-1-7] DEBUG org.asynchttpclient.netty.handler.HttpHandler - Channel Closed: [id: 0x00e23058, L:/127.0.0.1:50733 ! R:localhost/127.0.0.1:50728] with attribute DISCARD
16:32:42.164 [AsyncHttpClient-1-6] DEBUG org.asynchttpclient.netty.handler.HttpHandler - 

Request DefaultFullHttpRequest(decodeResult: success, version: HTTP/1.1, content: EmptyByteBufBE)
DELETE /session/543c3fab419bd49da7fed1e8e230bac0 HTTP/1.1
User-Agent: selenium/4.1.2 (java windows)
Content-Type: application/json; charset=utf-8
host: localhost:54465
accept: */*

Response DefaultHttpResponse(decodeResult: success, version: HTTP/1.1)
HTTP/1.1 200 OK
Content-Type: application/json; charset=utf-8
cache-control: no-cache
content-length: 14

16:32:42.164 [AsyncHttpClient-1-6] DEBUG org.asynchttpclient.netty.channel.ChannelManager - Adding key: http://localhost:54465 for channel [id: 0xeee43c4e, L:/127.0.0.1:50725 - R:localhost/127.0.0.1:54465]
16:32:42.252 [AsyncHttpClient-1-6] DEBUG org.asynchttpclient.netty.handler.HttpHandler - Channel Closed: [id: 0xeee43c4e, L:/127.0.0.1:50725 ! R:localhost/127.0.0.1:54465] with attribute DISCARD
16:32:42.638 [AsyncHttpClient-1-1] DEBUG org.asynchttpclient.netty.channel.DefaultChannelPool - Entry count for : http://localhost:54465 : 1
16:32:42.638 [AsyncHttpClient-1-1] DEBUG org.asynchttpclient.netty.channel.DefaultChannelPool - Entry count for : http://localhost:50728 : 1
16:32:42.638 [AsyncHttpClient-1-1] DEBUG org.asynchttpclient.netty.channel.DefaultChannelPool - Adding Candidate expired Channel [id: 0xeee43c4e, L:/127.0.0.1:50725 ! R:localhost/127.0.0.1:54465] isIdleTimeoutExpired=false isRemotelyClosed=true isTtlExpired=false
16:32:42.638 [AsyncHttpClient-1-1] DEBUG org.asynchttpclient.netty.channel.DefaultChannelPool - Closing Idle Channel [id: 0xeee43c4e, L:/127.0.0.1:50725 ! R:localhost/127.0.0.1:54465]
16:32:42.638 [AsyncHttpClient-1-1] DEBUG org.asynchttpclient.netty.channel.DefaultChannelPool - Adding Candidate expired Channel [id: 0x00e23058, L:/127.0.0.1:50733 ! R:localhost/127.0.0.1:50728] isIdleTimeoutExpired=false isRemotelyClosed=true isTtlExpired=false
16:32:42.638 [AsyncHttpClient-1-1] DEBUG org.asynchttpclient.netty.channel.DefaultChannelPool - Closing Idle Channel [id: 0x00e23058, L:/127.0.0.1:50733 ! R:localhost/127.0.0.1:50728]
16:32:42.638 [AsyncHttpClient-1-1] DEBUG org.asynchttpclient.netty.channel.DefaultChannelPool - Closed 2 connections out of 2 in 0 ms
]]></system-out>
    <system-err><![CDATA[Starting ChromeDriver 102.0.5005.61 (0e59bcc00cc4985ce39ad31c150065f159d95ad3-refs/branch-heads/5005@{#819}) on port 54465
Only local connections are allowed.
Please see https://chromedriver.chromium.org/security-considerations for suggestions on keeping ChromeDriver safe.
ChromeDriver was started successfully.
Jun 20, 2022 4:32:23 PM org.openqa.selenium.remote.ProtocolHandshake createSession
INFO: Detected dialect: W3C
Jun 20, 2022 4:32:23 PM org.openqa.selenium.devtools.CdpVersionFinder findNearestMatch
WARNING: Unable to find an exact match for CDP version 102, so returning the closest version found: a no-op implementation
Jun 20, 2022 4:32:23 PM org.openqa.selenium.devtools.CdpVersionFinder findNearestMatch
INFO: Unable to find CDP implementation matching 102.
Jun 20, 2022 4:32:23 PM org.openqa.selenium.chromium.ChromiumDriver lambda$new$3
WARNING: Unable to find version of CDP to use for . You may need to include a dependency on a specific version of the CDP using something similar to `org.seleniumhq.selenium:selenium-devtools-v86:4.1.2` where the version ("v86") matches the version of the chromium-based browser you're using and the version number of the artifact is the same as Selenium's.
]]></system-err>
  </testcase>
  <testcase name="Cancel Create New Patient Scenario" classname="Patient" time="16.563">
    <system-out><![CDATA[
@Patient
Scenario: Cancel Create New Patient Scenario &amp#27;[90m# src/test/resources/features/2.Patient.feature:16&amp#27;[0m
16:32:45.308 [main] INFO io.cucumber.core.plugin.SerenityReporter - Running feature from file:///E:/My%20Documents/File%20Difa/TI%20Semester%206%20Kampus%20Merdeka%20Alterra/Tugas/CAPSTONE%20Project/Capstone-Project-Website/src/test/resources/features/2.Patient.feature
16:32:45.313 [main] INFO  - 
  _____   ___   ___   _____     ___   _____     _     ___   _____   ___   ___  
 |_   _| | __| / __| |_   _|   / __| |_   _|   /_\   | _ \ |_   _| | __| |   \ 
   | |   | _|  \__ \   | |     \__ \   | |    / _ \  |   /   | |   | _|  | |) |
   |_|   |___| |___/   |_|     |___/   |_|   /_/ \_\ |_|_\   |_|   |___| |___/ 

Cancel Create New Patient Scenario(patient;cancel-create-new-patient-scenario)
--------------------------------------------------------------------------------
16:32:45.584 [main] DEBUG net.thucydides.core.steps.StepInterceptor - STARTING STEP: PatientSteps.iAmAtTheDashboardPage - openUrl
16:32:45.918 [main] INFO net.serenitybdd.core.webdriver.driverproviders.ChromeDriverProvider - Using automatically driver download
16:32:47.427 [main] DEBUG io.github.bonigarcia.wdm.cache.ResolutionCache - Resolution chrome=102 in cache (valid until 16:47:55 20/06/2022 ICT)
16:32:47.535 [main] DEBUG io.github.bonigarcia.wdm.cache.ResolutionCache - Resolution chrome102=102.0.5005.61 in cache (valid until 09:12:44 21/06/2022 ICT)
16:32:47.564 [main] INFO io.github.bonigarcia.wdm.WebDriverManager - Using chromedriver 102.0.5005.61 (resolved driver for Chrome 102)
16:32:47.684 [main] DEBUG io.github.bonigarcia.wdm.WebDriverManager - Driver chromedriver 102.0.5005.61 found in cache
16:32:47.706 [main] INFO io.github.bonigarcia.wdm.WebDriverManager - Exporting webdriver.chrome.driver as C:\Users\USER\.cache\selenium\chromedriver\win32\102.0.5005.61\chromedriver.exe
16:32:48.460 [main] DEBUG net.serenitybdd.core.webdriver.driverproviders.ProvideNewDriver - Instantiating driver
16:32:48.460 [main] DEBUG net.serenitybdd.core.webdriver.driverproviders.ProvideNewDriver - Driver capabilities: Capabilities {acceptInsecureCerts: false, base.url: https://hospital-management..., browserName: chrome, chrome.driver: src/test/resources/webdrive..., driver: chrome, goog:chromeOptions: {args: [], extensions: []}}
16:32:49.071 [AsyncHttpClient-1-9] DEBUG org.asynchttpclient.netty.channel.NettyConnectListener - Using new Channel '[id: 0xf0b12f9d, L:/127.0.0.1:50772 - R:localhost/127.0.0.1:51303]' for 'POST' to '/session'
16:32:51.293 [AsyncHttpClient-1-9] DEBUG org.asynchttpclient.netty.handler.HttpHandler - 

Request DefaultHttpRequest(decodeResult: success, version: HTTP/1.1)
POST /session HTTP/1.1
User-Agent: selenium/4.1.2 (java windows)
Content-Length: 621
Content-Type: application/json; charset=utf-8
host: localhost:51303
accept: */*

Response DefaultHttpResponse(decodeResult: success, version: HTTP/1.1)
HTTP/1.1 200 OK
Content-Type: application/json; charset=utf-8
cache-control: no-cache
content-length: 789

16:32:51.293 [AsyncHttpClient-1-9] DEBUG org.asynchttpclient.netty.channel.ChannelManager - Adding key: http://localhost:51303 for channel [id: 0xf0b12f9d, L:/127.0.0.1:50772 - R:localhost/127.0.0.1:51303]
16:32:51.303 [AsyncHttpClient-1-2] DEBUG org.asynchttpclient.netty.channel.NettyConnectListener - Using new Channel '[id: 0x73e7e5e6, L:/127.0.0.1:50780 - R:localhost/127.0.0.1:50774]' for 'GET' to '/json/version'
16:32:51.304 [AsyncHttpClient-1-2] DEBUG org.asynchttpclient.netty.handler.HttpHandler - 

Request DefaultFullHttpRequest(decodeResult: success, version: HTTP/1.1, content: EmptyByteBufBE)
GET /json/version HTTP/1.1
User-Agent: selenium/4.1.2 (java windows)
host: localhost:50774
accept: */*

Response DefaultHttpResponse(decodeResult: success, version: HTTP/1.1)
HTTP/1.1 200 OK
Content-Type: application/json; charset=UTF-8
content-length: 427

16:32:51.305 [AsyncHttpClient-1-2] DEBUG org.asynchttpclient.netty.channel.ChannelManager - Adding key: http://localhost:50774 for channel [id: 0x73e7e5e6, L:/127.0.0.1:50780 - R:localhost/127.0.0.1:50774]
16:32:51.307 [AsyncHttpClient-1-3] DEBUG org.asynchttpclient.netty.channel.NettyConnectListener - Using new Channel '[id: 0x47c7d169, L:/127.0.0.1:50781 - R:localhost/127.0.0.1:50774]' for 'GET' to '/devtools/browser/1ed32d88-d490-4579-a848-495c8dc9a30a'
16:32:51.308 [AsyncHttpClient-1-3] DEBUG org.asynchttpclient.netty.handler.WebSocketHandler - 

Request DefaultFullHttpRequest(decodeResult: success, version: HTTP/1.1, content: EmptyByteBufBE)
GET /devtools/browser/1ed32d88-d490-4579-a848-495c8dc9a30a HTTP/1.1
upgrade: websocket
connection: upgrade
sec-websocket-key: 7L+v0hfl8Fur7oNhbjPEtQ==
sec-websocket-version: 13
origin: http://localhost:50774
host: localhost:50774
accept: */*
user-agent: AHC/2.1

Response DefaultHttpResponse(decodeResult: success, version: HTTP/1.1)
HTTP/1.1 101 WebSocket Protocol Handshake
Upgrade: WebSocket
Connection: Upgrade
Sec-WebSocket-Accept: t9HUrv4vA6pU9nzGhoLdeC9HaPo=

16:32:51.314 [Forwarding maximizeCurrentWindow on session afafcd7405d0b37b4cfeddd99d2ab9c4 to remote] DEBUG org.asynchttpclient.netty.request.NettyRequestSender - Using pooled Channel '[id: 0xf0b12f9d, L:/127.0.0.1:50772 - R:localhost/127.0.0.1:51303]' for 'POST' to 'http://localhost:51303/session/afafcd7405d0b37b4cfeddd99d2ab9c4/window/maximize'
16:32:51.314 [Forwarding maximizeCurrentWindow on session afafcd7405d0b37b4cfeddd99d2ab9c4 to remote] DEBUG org.asynchttpclient.netty.request.NettyRequestSender - Using open Channel [id: 0xf0b12f9d, L:/127.0.0.1:50772 - R:localhost/127.0.0.1:51303] for POST '/session/afafcd7405d0b37b4cfeddd99d2ab9c4/window/maximize'
16:32:51.463 [AsyncHttpClient-1-9] DEBUG org.asynchttpclient.netty.handler.HttpHandler - 

Request DefaultHttpRequest(decodeResult: success, version: HTTP/1.1)
POST /session/afafcd7405d0b37b4cfeddd99d2ab9c4/window/maximize HTTP/1.1
User-Agent: selenium/4.1.2 (java windows)
Content-Length: 3
Content-Type: application/json; charset=utf-8
host: localhost:51303
accept: */*

Response DefaultHttpResponse(decodeResult: success, version: HTTP/1.1)
HTTP/1.1 200 OK
Content-Type: application/json; charset=utf-8
cache-control: no-cache
content-length: 51

16:32:51.463 [AsyncHttpClient-1-9] DEBUG org.asynchttpclient.netty.channel.ChannelManager - Adding key: http://localhost:51303 for channel [id: 0xf0b12f9d, L:/127.0.0.1:50772 - R:localhost/127.0.0.1:51303]
16:32:51.464 [Forwarding get on session afafcd7405d0b37b4cfeddd99d2ab9c4 to remote] DEBUG org.asynchttpclient.netty.request.NettyRequestSender - Using pooled Channel '[id: 0xf0b12f9d, L:/127.0.0.1:50772 - R:localhost/127.0.0.1:51303]' for 'POST' to 'http://localhost:51303/session/afafcd7405d0b37b4cfeddd99d2ab9c4/url'
16:32:51.464 [Forwarding get on session afafcd7405d0b37b4cfeddd99d2ab9c4 to remote] DEBUG org.asynchttpclient.netty.request.NettyRequestSender - Using open Channel [id: 0xf0b12f9d, L:/127.0.0.1:50772 - R:localhost/127.0.0.1:51303] for POST '/session/afafcd7405d0b37b4cfeddd99d2ab9c4/url'
16:32:51.551 [AsyncHttpClient-1-1] DEBUG org.asynchttpclient.netty.channel.DefaultChannelPool - Entry count for : http://localhost:50774 : 1
16:32:52.639 [AsyncHttpClient-1-1] DEBUG org.asynchttpclient.netty.channel.DefaultChannelPool - Entry count for : http://localhost:50774 : 1
16:32:53.738 [AsyncHttpClient-1-1] DEBUG org.asynchttpclient.netty.channel.DefaultChannelPool - Entry count for : http://localhost:50774 : 1
16:32:54.838 [AsyncHttpClient-1-1] DEBUG org.asynchttpclient.netty.channel.DefaultChannelPool - Entry count for : http://localhost:50774 : 1
16:32:54.939 [AsyncHttpClient-1-9] DEBUG org.asynchttpclient.netty.handler.HttpHandler - 

Request DefaultHttpRequest(decodeResult: success, version: HTTP/1.1)
POST /session/afafcd7405d0b37b4cfeddd99d2ab9c4/url HTTP/1.1
User-Agent: selenium/4.1.2 (java windows)
Content-Length: 65
Content-Type: application/json; charset=utf-8
host: localhost:51303
accept: */*

Response DefaultHttpResponse(decodeResult: success, version: HTTP/1.1)
HTTP/1.1 200 OK
Content-Type: application/json; charset=utf-8
cache-control: no-cache
content-length: 14

16:32:54.940 [AsyncHttpClient-1-9] DEBUG org.asynchttpclient.netty.channel.ChannelManager - Adding key: http://localhost:51303 for channel [id: 0xf0b12f9d, L:/127.0.0.1:50772 - R:localhost/127.0.0.1:51303]
16:32:54.943 [Forwarding setTimeout on session afafcd7405d0b37b4cfeddd99d2ab9c4 to remote] DEBUG org.asynchttpclient.netty.request.NettyRequestSender - Using pooled Channel '[id: 0xf0b12f9d, L:/127.0.0.1:50772 - R:localhost/127.0.0.1:51303]' for 'POST' to 'http://localhost:51303/session/afafcd7405d0b37b4cfeddd99d2ab9c4/timeouts'
16:32:54.943 [Forwarding setTimeout on session afafcd7405d0b37b4cfeddd99d2ab9c4 to remote] DEBUG org.asynchttpclient.netty.request.NettyRequestSender - Using open Channel [id: 0xf0b12f9d, L:/127.0.0.1:50772 - R:localhost/127.0.0.1:51303] for POST '/session/afafcd7405d0b37b4cfeddd99d2ab9c4/timeouts'
16:32:54.944 [AsyncHttpClient-1-9] DEBUG org.asynchttpclient.netty.handler.HttpHandler - 

Request DefaultHttpRequest(decodeResult: success, version: HTTP/1.1)
POST /session/afafcd7405d0b37b4cfeddd99d2ab9c4/timeouts HTTP/1.1
User-Agent: selenium/4.1.2 (java windows)
Content-Length: 22
Content-Type: application/json; charset=utf-8
host: localhost:51303
accept: */*

Response DefaultHttpResponse(decodeResult: success, version: HTTP/1.1)
HTTP/1.1 200 OK
Content-Type: application/json; charset=utf-8
cache-control: no-cache
content-length: 14

16:32:54.944 [AsyncHttpClient-1-9] DEBUG org.asynchttpclient.netty.channel.ChannelManager - Adding key: http://localhost:51303 for channel [id: 0xf0b12f9d, L:/127.0.0.1:50772 - R:localhost/127.0.0.1:51303]
16:32:54.951 [Forwarding getCurrentUrl on session afafcd7405d0b37b4cfeddd99d2ab9c4 to remote] DEBUG org.asynchttpclient.netty.request.NettyRequestSender - Using pooled Channel '[id: 0xf0b12f9d, L:/127.0.0.1:50772 - R:localhost/127.0.0.1:51303]' for 'GET' to 'http://localhost:51303/session/afafcd7405d0b37b4cfeddd99d2ab9c4/url'
16:32:54.951 [Forwarding getCurrentUrl on session afafcd7405d0b37b4cfeddd99d2ab9c4 to remote] DEBUG org.asynchttpclient.netty.request.NettyRequestSender - Using open Channel [id: 0xf0b12f9d, L:/127.0.0.1:50772 - R:localhost/127.0.0.1:51303] for GET '/session/afafcd7405d0b37b4cfeddd99d2ab9c4/url'
16:32:55.096 [AsyncHttpClient-1-9] DEBUG org.asynchttpclient.netty.handler.HttpHandler - 

Request DefaultFullHttpRequest(decodeResult: success, version: HTTP/1.1, content: EmptyByteBufBE)
GET /session/afafcd7405d0b37b4cfeddd99d2ab9c4/url HTTP/1.1
User-Agent: selenium/4.1.2 (java windows)
Cache-Control: no-cache
Content-Type: application/json; charset=utf-8
host: localhost:51303
accept: */*

Response DefaultHttpResponse(decodeResult: success, version: HTTP/1.1)
HTTP/1.1 200 OK
Content-Type: application/json; charset=utf-8
cache-control: no-cache
content-length: 53

16:32:55.097 [AsyncHttpClient-1-9] DEBUG org.asynchttpclient.netty.channel.ChannelManager - Adding key: http://localhost:51303 for channel [id: 0xf0b12f9d, L:/127.0.0.1:50772 - R:localhost/127.0.0.1:51303]
16:32:55.105 [Forwarding getCurrentUrl on session afafcd7405d0b37b4cfeddd99d2ab9c4 to remote] DEBUG org.asynchttpclient.netty.request.NettyRequestSender - Using pooled Channel '[id: 0xf0b12f9d, L:/127.0.0.1:50772 - R:localhost/127.0.0.1:51303]' for 'GET' to 'http://localhost:51303/session/afafcd7405d0b37b4cfeddd99d2ab9c4/url'
16:32:55.105 [Forwarding getCurrentUrl on session afafcd7405d0b37b4cfeddd99d2ab9c4 to remote] DEBUG org.asynchttpclient.netty.request.NettyRequestSender - Using open Channel [id: 0xf0b12f9d, L:/127.0.0.1:50772 - R:localhost/127.0.0.1:51303] for GET '/session/afafcd7405d0b37b4cfeddd99d2ab9c4/url'
16:32:55.111 [AsyncHttpClient-1-9] DEBUG org.asynchttpclient.netty.handler.HttpHandler - 

Request DefaultFullHttpRequest(decodeResult: success, version: HTTP/1.1, content: EmptyByteBufBE)
GET /session/afafcd7405d0b37b4cfeddd99d2ab9c4/url HTTP/1.1
User-Agent: selenium/4.1.2 (java windows)
Cache-Control: no-cache
Content-Type: application/json; charset=utf-8
host: localhost:51303
accept: */*

Response DefaultHttpResponse(decodeResult: success, version: HTTP/1.1)
HTTP/1.1 200 OK
Content-Type: application/json; charset=utf-8
cache-control: no-cache
content-length: 53

16:32:55.111 [AsyncHttpClient-1-9] DEBUG org.asynchttpclient.netty.channel.ChannelManager - Adding key: http://localhost:51303 for channel [id: 0xf0b12f9d, L:/127.0.0.1:50772 - R:localhost/127.0.0.1:51303]
16:32:55.121 [Forwarding screenshot on session afafcd7405d0b37b4cfeddd99d2ab9c4 to remote] DEBUG org.asynchttpclient.netty.request.NettyRequestSender - Using pooled Channel '[id: 0xf0b12f9d, L:/127.0.0.1:50772 - R:localhost/127.0.0.1:51303]' for 'GET' to 'http://localhost:51303/session/afafcd7405d0b37b4cfeddd99d2ab9c4/screenshot'
16:32:55.121 [Forwarding screenshot on session afafcd7405d0b37b4cfeddd99d2ab9c4 to remote] DEBUG org.asynchttpclient.netty.request.NettyRequestSender - Using open Channel [id: 0xf0b12f9d, L:/127.0.0.1:50772 - R:localhost/127.0.0.1:51303] for GET '/session/afafcd7405d0b37b4cfeddd99d2ab9c4/screenshot'
16:32:55.488 [AsyncHttpClient-1-9] DEBUG org.asynchttpclient.netty.handler.HttpHandler - 

Request DefaultFullHttpRequest(decodeResult: success, version: HTTP/1.1, content: EmptyByteBufBE)
GET /session/afafcd7405d0b37b4cfeddd99d2ab9c4/screenshot HTTP/1.1
User-Agent: selenium/4.1.2 (java windows)
Cache-Control: no-cache
Content-Type: application/json; charset=utf-8
host: localhost:51303
accept: */*

Response DefaultHttpResponse(decodeResult: success, version: HTTP/1.1)
HTTP/1.1 200 OK
Content-Type: application/json; charset=utf-8
cache-control: no-cache
content-length: 345280

16:32:55.513 [AsyncHttpClient-1-9] DEBUG org.asynchttpclient.netty.channel.ChannelManager - Adding key: http://localhost:51303 for channel [id: 0xf0b12f9d, L:/127.0.0.1:50772 - R:localhost/127.0.0.1:51303]
16:32:55.546 [main] DEBUG net.serenitybdd.core.photography.Darkroom - Send negative for processing for target\site\serenity\a2a3f12ba95be4349c14d0e79832a816cf7ebb131ada25e69309e49ef4844195.png
16:32:55.547 [main] DEBUG net.thucydides.core.steps.StepInterceptor - STEP DONE: openUrl
16:32:55.547 [Darkroom Processing Line] DEBUG net.serenitybdd.core.photography.DarkroomProcessingLine - Processing screenshot image in /var/screenshots/screenshot-14682379746160850155
16:32:55.547 [Darkroom Processing Line] DEBUG net.serenitybdd.core.photography.DarkroomProcessingLine - Saving screenshot to target\site\serenity\a2a3f12ba95be4349c14d0e79832a816cf7ebb131ada25e69309e49ef4844195.png
16:32:55.567 [main] DEBUG net.thucydides.core.steps.StepInterceptor - STARTING STEP: PatientSteps.iAmAtTheDashboardPage - validateOnDashboardPage
16:32:55.571 [Forwarding findElement on session afafcd7405d0b37b4cfeddd99d2ab9c4 to remote] DEBUG org.asynchttpclient.netty.request.NettyRequestSender - Using pooled Channel '[id: 0xf0b12f9d, L:/127.0.0.1:50772 - R:localhost/127.0.0.1:51303]' for 'POST' to 'http://localhost:51303/session/afafcd7405d0b37b4cfeddd99d2ab9c4/element'
16:32:55.594 [Forwarding findElement on session afafcd7405d0b37b4cfeddd99d2ab9c4 to remote] DEBUG org.asynchttpclient.netty.request.NettyRequestSender - Using open Channel [id: 0xf0b12f9d, L:/127.0.0.1:50772 - R:localhost/127.0.0.1:51303] for POST '/session/afafcd7405d0b37b4cfeddd99d2ab9c4/element'
16:32:55.618 [AsyncHttpClient-1-9] DEBUG org.asynchttpclient.netty.handler.HttpHandler - 

Request DefaultHttpRequest(decodeResult: success, version: HTTP/1.1)
POST /session/afafcd7405d0b37b4cfeddd99d2ab9c4/element HTTP/1.1
User-Agent: selenium/4.1.2 (java windows)
Content-Length: 81
Content-Type: application/json; charset=utf-8
host: localhost:51303
accept: */*

Response DefaultHttpResponse(decodeResult: success, version: HTTP/1.1)
HTTP/1.1 200 OK
Content-Type: application/json; charset=utf-8
cache-control: no-cache
content-length: 88

16:32:55.618 [AsyncHttpClient-1-9] DEBUG org.asynchttpclient.netty.channel.ChannelManager - Adding key: http://localhost:51303 for channel [id: 0xf0b12f9d, L:/127.0.0.1:50772 - R:localhost/127.0.0.1:51303]
16:32:55.623 [Forwarding isElementDisplayed on session afafcd7405d0b37b4cfeddd99d2ab9c4 to remote] DEBUG org.asynchttpclient.netty.request.NettyRequestSender - Using pooled Channel '[id: 0xf0b12f9d, L:/127.0.0.1:50772 - R:localhost/127.0.0.1:51303]' for 'POST' to 'http://localhost:51303/session/afafcd7405d0b37b4cfeddd99d2ab9c4/execute/sync'
16:32:55.623 [Forwarding isElementDisplayed on session afafcd7405d0b37b4cfeddd99d2ab9c4 to remote] DEBUG org.asynchttpclient.netty.request.NettyRequestSender - Using open Channel [id: 0xf0b12f9d, L:/127.0.0.1:50772 - R:localhost/127.0.0.1:51303] for POST '/session/afafcd7405d0b37b4cfeddd99d2ab9c4/execute/sync'
16:32:55.671 [AsyncHttpClient-1-9] DEBUG org.asynchttpclient.netty.handler.HttpHandler - 

Request DefaultHttpRequest(decodeResult: success, version: HTTP/1.1)
POST /session/afafcd7405d0b37b4cfeddd99d2ab9c4/execute/sync HTTP/1.1
User-Agent: selenium/4.1.2 (java windows)
Content-Length: 48780
Content-Type: application/json; charset=utf-8
host: localhost:51303
accept: */*

Response DefaultHttpResponse(decodeResult: success, version: HTTP/1.1)
HTTP/1.1 200 OK
Content-Type: application/json; charset=utf-8
cache-control: no-cache
content-length: 14

16:32:55.671 [AsyncHttpClient-1-9] DEBUG org.asynchttpclient.netty.channel.ChannelManager - Adding key: http://localhost:51303 for channel [id: 0xf0b12f9d, L:/127.0.0.1:50772 - R:localhost/127.0.0.1:51303]
16:32:55.680 [Forwarding screenshot on session afafcd7405d0b37b4cfeddd99d2ab9c4 to remote] DEBUG org.asynchttpclient.netty.request.NettyRequestSender - Using pooled Channel '[id: 0xf0b12f9d, L:/127.0.0.1:50772 - R:localhost/127.0.0.1:51303]' for 'GET' to 'http://localhost:51303/session/afafcd7405d0b37b4cfeddd99d2ab9c4/screenshot'
16:32:55.680 [Forwarding screenshot on session afafcd7405d0b37b4cfeddd99d2ab9c4 to remote] DEBUG org.asynchttpclient.netty.request.NettyRequestSender - Using open Channel [id: 0xf0b12f9d, L:/127.0.0.1:50772 - R:localhost/127.0.0.1:51303] for GET '/session/afafcd7405d0b37b4cfeddd99d2ab9c4/screenshot'
16:32:55.937 [AsyncHttpClient-1-1] DEBUG org.asynchttpclient.netty.channel.DefaultChannelPool - Entry count for : http://localhost:50774 : 1
16:32:55.986 [AsyncHttpClient-1-9] DEBUG org.asynchttpclient.netty.handler.HttpHandler - 

Request DefaultFullHttpRequest(decodeResult: success, version: HTTP/1.1, content: EmptyByteBufBE)
GET /session/afafcd7405d0b37b4cfeddd99d2ab9c4/screenshot HTTP/1.1
User-Agent: selenium/4.1.2 (java windows)
Cache-Control: no-cache
Content-Type: application/json; charset=utf-8
host: localhost:51303
accept: */*

Response DefaultHttpResponse(decodeResult: success, version: HTTP/1.1)
HTTP/1.1 200 OK
Content-Type: application/json; charset=utf-8
cache-control: no-cache
content-length: 382596

16:32:56.234 [AsyncHttpClient-1-9] DEBUG org.asynchttpclient.netty.channel.ChannelManager - Adding key: http://localhost:51303 for channel [id: 0xf0b12f9d, L:/127.0.0.1:50772 - R:localhost/127.0.0.1:51303]
16:32:56.311 [main] DEBUG net.serenitybdd.core.photography.Darkroom - Send negative for processing for target\site\serenity\ed15a54c91c342d96a850276df7b559f4526b370fc93040e3c407a48a170f368.png
16:32:56.311 [main] DEBUG net.thucydides.core.steps.StepInterceptor - STEP DONE: validateOnDashboardPage
  &amp#27;[32mGiven &amp#27;[0m&amp#27;[32mI am at the dashboard page&amp#27;[0m           &amp#27;[90m# starter.stepdefinitions.PatientSteps.iAmAtTheDashboardPage()&amp#27;[0m
16:32:56.339 [main] DEBUG net.thucydides.core.steps.StepInterceptor - STARTING STEP: PatientSteps.iClickMenuPatient - clickMenuPatientButton
16:32:56.403 [Forwarding findElement on session afafcd7405d0b37b4cfeddd99d2ab9c4 to remote] DEBUG org.asynchttpclient.netty.request.NettyRequestSender - Using pooled Channel '[id: 0xf0b12f9d, L:/127.0.0.1:50772 - R:localhost/127.0.0.1:51303]' for 'POST' to 'http://localhost:51303/session/afafcd7405d0b37b4cfeddd99d2ab9c4/element'
16:32:56.403 [Forwarding findElement on session afafcd7405d0b37b4cfeddd99d2ab9c4 to remote] DEBUG org.asynchttpclient.netty.request.NettyRequestSender - Using open Channel [id: 0xf0b12f9d, L:/127.0.0.1:50772 - R:localhost/127.0.0.1:51303] for POST '/session/afafcd7405d0b37b4cfeddd99d2ab9c4/element'
16:32:56.561 [AsyncHttpClient-1-9] DEBUG org.asynchttpclient.netty.handler.HttpHandler - 

Request DefaultHttpRequest(decodeResult: success, version: HTTP/1.1)
POST /session/afafcd7405d0b37b4cfeddd99d2ab9c4/element HTTP/1.1
User-Agent: selenium/4.1.2 (java windows)
Content-Length: 80
Content-Type: application/json; charset=utf-8
host: localhost:51303
accept: */*

Response DefaultHttpResponse(decodeResult: success, version: HTTP/1.1)
HTTP/1.1 200 OK
Content-Type: application/json; charset=utf-8
cache-control: no-cache
content-length: 88

16:32:56.561 [AsyncHttpClient-1-9] DEBUG org.asynchttpclient.netty.channel.ChannelManager - Adding key: http://localhost:51303 for channel [id: 0xf0b12f9d, L:/127.0.0.1:50772 - R:localhost/127.0.0.1:51303]
16:32:56.563 [Forwarding getElementTagName on session afafcd7405d0b37b4cfeddd99d2ab9c4 to remote] DEBUG org.asynchttpclient.netty.request.NettyRequestSender - Using pooled Channel '[id: 0xf0b12f9d, L:/127.0.0.1:50772 - R:localhost/127.0.0.1:51303]' for 'GET' to 'http://localhost:51303/session/afafcd7405d0b37b4cfeddd99d2ab9c4/element/236c1892-9dac-4d2f-930c-3ec26c64e6cb/name'
16:32:56.563 [Forwarding getElementTagName on session afafcd7405d0b37b4cfeddd99d2ab9c4 to remote] DEBUG org.asynchttpclient.netty.request.NettyRequestSender - Using open Channel [id: 0xf0b12f9d, L:/127.0.0.1:50772 - R:localhost/127.0.0.1:51303] for GET '/session/afafcd7405d0b37b4cfeddd99d2ab9c4/element/236c1892-9dac-4d2f-930c-3ec26c64e6cb/name'
16:32:56.571 [AsyncHttpClient-1-9] DEBUG org.asynchttpclient.netty.handler.HttpHandler - 

Request DefaultFullHttpRequest(decodeResult: success, version: HTTP/1.1, content: EmptyByteBufBE)
GET /session/afafcd7405d0b37b4cfeddd99d2ab9c4/element/236c1892-9dac-4d2f-930c-3ec26c64e6cb/name HTTP/1.1
User-Agent: selenium/4.1.2 (java windows)
Cache-Control: no-cache
Content-Type: application/json; charset=utf-8
host: localhost:51303
accept: */*

Response DefaultHttpResponse(decodeResult: success, version: HTTP/1.1)
HTTP/1.1 200 OK
Content-Type: application/json; charset=utf-8
cache-control: no-cache
content-length: 15

16:32:56.571 [AsyncHttpClient-1-9] DEBUG org.asynchttpclient.netty.channel.ChannelManager - Adding key: http://localhost:51303 for channel [id: 0xf0b12f9d, L:/127.0.0.1:50772 - R:localhost/127.0.0.1:51303]
16:32:56.574 [Forwarding getElementTagName on session afafcd7405d0b37b4cfeddd99d2ab9c4 to remote] DEBUG org.asynchttpclient.netty.request.NettyRequestSender - Using pooled Channel '[id: 0xf0b12f9d, L:/127.0.0.1:50772 - R:localhost/127.0.0.1:51303]' for 'GET' to 'http://localhost:51303/session/afafcd7405d0b37b4cfeddd99d2ab9c4/element/236c1892-9dac-4d2f-930c-3ec26c64e6cb/name'
16:32:56.574 [Forwarding getElementTagName on session afafcd7405d0b37b4cfeddd99d2ab9c4 to remote] DEBUG org.asynchttpclient.netty.request.NettyRequestSender - Using open Channel [id: 0xf0b12f9d, L:/127.0.0.1:50772 - R:localhost/127.0.0.1:51303] for GET '/session/afafcd7405d0b37b4cfeddd99d2ab9c4/element/236c1892-9dac-4d2f-930c-3ec26c64e6cb/name'
16:32:56.579 [AsyncHttpClient-1-9] DEBUG org.asynchttpclient.netty.handler.HttpHandler - 

Request DefaultFullHttpRequest(decodeResult: success, version: HTTP/1.1, content: EmptyByteBufBE)
GET /session/afafcd7405d0b37b4cfeddd99d2ab9c4/element/236c1892-9dac-4d2f-930c-3ec26c64e6cb/name HTTP/1.1
User-Agent: selenium/4.1.2 (java windows)
Cache-Control: no-cache
Content-Type: application/json; charset=utf-8
host: localhost:51303
accept: */*

Response DefaultHttpResponse(decodeResult: success, version: HTTP/1.1)
HTTP/1.1 200 OK
Content-Type: application/json; charset=utf-8
cache-control: no-cache
content-length: 15

16:32:56.579 [AsyncHttpClient-1-9] DEBUG org.asynchttpclient.netty.channel.ChannelManager - Adding key: http://localhost:51303 for channel [id: 0xf0b12f9d, L:/127.0.0.1:50772 - R:localhost/127.0.0.1:51303]
16:32:56.582 [Forwarding findElement on session afafcd7405d0b37b4cfeddd99d2ab9c4 to remote] DEBUG org.asynchttpclient.netty.request.NettyRequestSender - Using pooled Channel '[id: 0xf0b12f9d, L:/127.0.0.1:50772 - R:localhost/127.0.0.1:51303]' for 'POST' to 'http://localhost:51303/session/afafcd7405d0b37b4cfeddd99d2ab9c4/element'
16:32:56.582 [Forwarding findElement on session afafcd7405d0b37b4cfeddd99d2ab9c4 to remote] DEBUG org.asynchttpclient.netty.request.NettyRequestSender - Using open Channel [id: 0xf0b12f9d, L:/127.0.0.1:50772 - R:localhost/127.0.0.1:51303] for POST '/session/afafcd7405d0b37b4cfeddd99d2ab9c4/element'
16:32:56.594 [AsyncHttpClient-1-9] DEBUG org.asynchttpclient.netty.handler.HttpHandler - 

Request DefaultHttpRequest(decodeResult: success, version: HTTP/1.1)
POST /session/afafcd7405d0b37b4cfeddd99d2ab9c4/element HTTP/1.1
User-Agent: selenium/4.1.2 (java windows)
Content-Length: 80
Content-Type: application/json; charset=utf-8
host: localhost:51303
accept: */*

Response DefaultHttpResponse(decodeResult: success, version: HTTP/1.1)
HTTP/1.1 200 OK
Content-Type: application/json; charset=utf-8
cache-control: no-cache
content-length: 88

16:32:56.594 [AsyncHttpClient-1-9] DEBUG org.asynchttpclient.netty.channel.ChannelManager - Adding key: http://localhost:51303 for channel [id: 0xf0b12f9d, L:/127.0.0.1:50772 - R:localhost/127.0.0.1:51303]
16:32:56.596 [Forwarding clickElement on session afafcd7405d0b37b4cfeddd99d2ab9c4 to remote] DEBUG org.asynchttpclient.netty.request.NettyRequestSender - Using pooled Channel '[id: 0xf0b12f9d, L:/127.0.0.1:50772 - R:localhost/127.0.0.1:51303]' for 'POST' to 'http://localhost:51303/session/afafcd7405d0b37b4cfeddd99d2ab9c4/element/236c1892-9dac-4d2f-930c-3ec26c64e6cb/click'
16:32:56.596 [Forwarding clickElement on session afafcd7405d0b37b4cfeddd99d2ab9c4 to remote] DEBUG org.asynchttpclient.netty.request.NettyRequestSender - Using open Channel [id: 0xf0b12f9d, L:/127.0.0.1:50772 - R:localhost/127.0.0.1:51303] for POST '/session/afafcd7405d0b37b4cfeddd99d2ab9c4/element/236c1892-9dac-4d2f-930c-3ec26c64e6cb/click'
16:32:56.803 [AsyncHttpClient-1-9] DEBUG org.asynchttpclient.netty.handler.HttpHandler - 

Request DefaultHttpRequest(decodeResult: success, version: HTTP/1.1)
POST /session/afafcd7405d0b37b4cfeddd99d2ab9c4/element/236c1892-9dac-4d2f-930c-3ec26c64e6cb/click HTTP/1.1
User-Agent: selenium/4.1.2 (java windows)
Content-Length: 50
Content-Type: application/json; charset=utf-8
host: localhost:51303
accept: */*

Response DefaultHttpResponse(decodeResult: success, version: HTTP/1.1)
HTTP/1.1 200 OK
Content-Type: application/json; charset=utf-8
cache-control: no-cache
content-length: 14

16:32:56.803 [AsyncHttpClient-1-9] DEBUG org.asynchttpclient.netty.channel.ChannelManager - Adding key: http://localhost:51303 for channel [id: 0xf0b12f9d, L:/127.0.0.1:50772 - R:localhost/127.0.0.1:51303]
16:32:56.813 [Forwarding screenshot on session afafcd7405d0b37b4cfeddd99d2ab9c4 to remote] DEBUG org.asynchttpclient.netty.request.NettyRequestSender - Using pooled Channel '[id: 0xf0b12f9d, L:/127.0.0.1:50772 - R:localhost/127.0.0.1:51303]' for 'GET' to 'http://localhost:51303/session/afafcd7405d0b37b4cfeddd99d2ab9c4/screenshot'
16:32:56.813 [Forwarding screenshot on session afafcd7405d0b37b4cfeddd99d2ab9c4 to remote] DEBUG org.asynchttpclient.netty.request.NettyRequestSender - Using open Channel [id: 0xf0b12f9d, L:/127.0.0.1:50772 - R:localhost/127.0.0.1:51303] for GET '/session/afafcd7405d0b37b4cfeddd99d2ab9c4/screenshot'
16:32:56.964 [AsyncHttpClient-1-9] DEBUG org.asynchttpclient.netty.handler.HttpHandler - 

Request DefaultFullHttpRequest(decodeResult: success, version: HTTP/1.1, content: EmptyByteBufBE)
GET /session/afafcd7405d0b37b4cfeddd99d2ab9c4/screenshot HTTP/1.1
User-Agent: selenium/4.1.2 (java windows)
Cache-Control: no-cache
Content-Type: application/json; charset=utf-8
host: localhost:51303
accept: */*

Response DefaultHttpResponse(decodeResult: success, version: HTTP/1.1)
HTTP/1.1 200 OK
Content-Type: application/json; charset=utf-8
cache-control: no-cache
content-length: 55372

16:32:56.964 [AsyncHttpClient-1-9] DEBUG org.asynchttpclient.netty.channel.ChannelManager - Adding key: http://localhost:51303 for channel [id: 0xf0b12f9d, L:/127.0.0.1:50772 - R:localhost/127.0.0.1:51303]
16:32:56.969 [main] DEBUG net.serenitybdd.core.photography.Darkroom - Send negative for processing for target\site\serenity\9e4e4d30e6e03ca337b9b6e74c3e0fb4b758a8d158d5b46074567ca6e4de1dd4.png
16:32:56.969 [main] DEBUG net.thucydides.core.steps.StepInterceptor - STEP DONE: clickMenuPatientButton
  &amp#27;[32mAnd &amp#27;[0m&amp#27;[32mI click menu patient&amp#27;[0m                   &amp#27;[90m# starter.stepdefinitions.PatientSteps.iClickMenuPatient()&amp#27;[0m
16:32:56.969 [Darkroom Processing Line] DEBUG net.serenitybdd.core.photography.DarkroomProcessingLine - Processing screenshot image in /var/screenshots/screenshot-17222344277826219073
16:32:56.969 [Darkroom Processing Line] DEBUG net.serenitybdd.core.photography.DarkroomProcessingLine - Saving screenshot to target\site\serenity\9e4e4d30e6e03ca337b9b6e74c3e0fb4b758a8d158d5b46074567ca6e4de1dd4.png
16:32:56.997 [main] DEBUG net.thucydides.core.steps.StepInterceptor - STARTING STEP: PatientSteps.iClickAddNewPatient - clickAddNewPatientButton
16:32:57.002 [Forwarding findElement on session afafcd7405d0b37b4cfeddd99d2ab9c4 to remote] DEBUG org.asynchttpclient.netty.request.NettyRequestSender - Using pooled Channel '[id: 0xf0b12f9d, L:/127.0.0.1:50772 - R:localhost/127.0.0.1:51303]' for 'POST' to 'http://localhost:51303/session/afafcd7405d0b37b4cfeddd99d2ab9c4/element'
16:32:57.002 [Forwarding findElement on session afafcd7405d0b37b4cfeddd99d2ab9c4 to remote] DEBUG org.asynchttpclient.netty.request.NettyRequestSender - Using open Channel [id: 0xf0b12f9d, L:/127.0.0.1:50772 - R:localhost/127.0.0.1:51303] for POST '/session/afafcd7405d0b37b4cfeddd99d2ab9c4/element'
16:32:57.038 [AsyncHttpClient-1-1] DEBUG org.asynchttpclient.netty.channel.DefaultChannelPool - Entry count for : http://localhost:50774 : 1
16:32:57.044 [AsyncHttpClient-1-9] DEBUG org.asynchttpclient.netty.handler.HttpHandler - 

Request DefaultHttpRequest(decodeResult: success, version: HTTP/1.1)
POST /session/afafcd7405d0b37b4cfeddd99d2ab9c4/element HTTP/1.1
User-Agent: selenium/4.1.2 (java windows)
Content-Length: 149
Content-Type: application/json; charset=utf-8
host: localhost:51303
accept: */*

Response DefaultHttpResponse(decodeResult: success, version: HTTP/1.1)
HTTP/1.1 200 OK
Content-Type: application/json; charset=utf-8
cache-control: no-cache
content-length: 88

16:32:57.044 [AsyncHttpClient-1-9] DEBUG org.asynchttpclient.netty.channel.ChannelManager - Adding key: http://localhost:51303 for channel [id: 0xf0b12f9d, L:/127.0.0.1:50772 - R:localhost/127.0.0.1:51303]
16:32:57.047 [Forwarding getElementTagName on session afafcd7405d0b37b4cfeddd99d2ab9c4 to remote] DEBUG org.asynchttpclient.netty.request.NettyRequestSender - Using pooled Channel '[id: 0xf0b12f9d, L:/127.0.0.1:50772 - R:localhost/127.0.0.1:51303]' for 'GET' to 'http://localhost:51303/session/afafcd7405d0b37b4cfeddd99d2ab9c4/element/c23e1a7e-19ea-4ef8-932b-994f7ae98a51/name'
16:32:57.047 [Forwarding getElementTagName on session afafcd7405d0b37b4cfeddd99d2ab9c4 to remote] DEBUG org.asynchttpclient.netty.request.NettyRequestSender - Using open Channel [id: 0xf0b12f9d, L:/127.0.0.1:50772 - R:localhost/127.0.0.1:51303] for GET '/session/afafcd7405d0b37b4cfeddd99d2ab9c4/element/c23e1a7e-19ea-4ef8-932b-994f7ae98a51/name'
16:32:57.053 [AsyncHttpClient-1-9] DEBUG org.asynchttpclient.netty.handler.HttpHandler - 

Request DefaultFullHttpRequest(decodeResult: success, version: HTTP/1.1, content: EmptyByteBufBE)
GET /session/afafcd7405d0b37b4cfeddd99d2ab9c4/element/c23e1a7e-19ea-4ef8-932b-994f7ae98a51/name HTTP/1.1
User-Agent: selenium/4.1.2 (java windows)
Cache-Control: no-cache
Content-Type: application/json; charset=utf-8
host: localhost:51303
accept: */*

Response DefaultHttpResponse(decodeResult: success, version: HTTP/1.1)
HTTP/1.1 200 OK
Content-Type: application/json; charset=utf-8
cache-control: no-cache
content-length: 18

16:32:57.053 [AsyncHttpClient-1-9] DEBUG org.asynchttpclient.netty.channel.ChannelManager - Adding key: http://localhost:51303 for channel [id: 0xf0b12f9d, L:/127.0.0.1:50772 - R:localhost/127.0.0.1:51303]
16:32:57.055 [Forwarding getElementTagName on session afafcd7405d0b37b4cfeddd99d2ab9c4 to remote] DEBUG org.asynchttpclient.netty.request.NettyRequestSender - Using pooled Channel '[id: 0xf0b12f9d, L:/127.0.0.1:50772 - R:localhost/127.0.0.1:51303]' for 'GET' to 'http://localhost:51303/session/afafcd7405d0b37b4cfeddd99d2ab9c4/element/c23e1a7e-19ea-4ef8-932b-994f7ae98a51/name'
16:32:57.056 [Forwarding getElementTagName on session afafcd7405d0b37b4cfeddd99d2ab9c4 to remote] DEBUG org.asynchttpclient.netty.request.NettyRequestSender - Using open Channel [id: 0xf0b12f9d, L:/127.0.0.1:50772 - R:localhost/127.0.0.1:51303] for GET '/session/afafcd7405d0b37b4cfeddd99d2ab9c4/element/c23e1a7e-19ea-4ef8-932b-994f7ae98a51/name'
16:32:57.063 [AsyncHttpClient-1-9] DEBUG org.asynchttpclient.netty.handler.HttpHandler - 

Request DefaultFullHttpRequest(decodeResult: success, version: HTTP/1.1, content: EmptyByteBufBE)
GET /session/afafcd7405d0b37b4cfeddd99d2ab9c4/element/c23e1a7e-19ea-4ef8-932b-994f7ae98a51/name HTTP/1.1
User-Agent: selenium/4.1.2 (java windows)
Cache-Control: no-cache
Content-Type: application/json; charset=utf-8
host: localhost:51303
accept: */*

Response DefaultHttpResponse(decodeResult: success, version: HTTP/1.1)
HTTP/1.1 200 OK
Content-Type: application/json; charset=utf-8
cache-control: no-cache
content-length: 18

16:32:57.064 [AsyncHttpClient-1-9] DEBUG org.asynchttpclient.netty.channel.ChannelManager - Adding key: http://localhost:51303 for channel [id: 0xf0b12f9d, L:/127.0.0.1:50772 - R:localhost/127.0.0.1:51303]
16:32:57.068 [Forwarding isElementEnabled on session afafcd7405d0b37b4cfeddd99d2ab9c4 to remote] DEBUG org.asynchttpclient.netty.request.NettyRequestSender - Using pooled Channel '[id: 0xf0b12f9d, L:/127.0.0.1:50772 - R:localhost/127.0.0.1:51303]' for 'GET' to 'http://localhost:51303/session/afafcd7405d0b37b4cfeddd99d2ab9c4/element/c23e1a7e-19ea-4ef8-932b-994f7ae98a51/enabled'
16:32:57.068 [Forwarding isElementEnabled on session afafcd7405d0b37b4cfeddd99d2ab9c4 to remote] DEBUG org.asynchttpclient.netty.request.NettyRequestSender - Using open Channel [id: 0xf0b12f9d, L:/127.0.0.1:50772 - R:localhost/127.0.0.1:51303] for GET '/session/afafcd7405d0b37b4cfeddd99d2ab9c4/element/c23e1a7e-19ea-4ef8-932b-994f7ae98a51/enabled'
16:32:57.108 [AsyncHttpClient-1-9] DEBUG org.asynchttpclient.netty.handler.HttpHandler - 

Request DefaultFullHttpRequest(decodeResult: success, version: HTTP/1.1, content: EmptyByteBufBE)
GET /session/afafcd7405d0b37b4cfeddd99d2ab9c4/element/c23e1a7e-19ea-4ef8-932b-994f7ae98a51/enabled HTTP/1.1
User-Agent: selenium/4.1.2 (java windows)
Cache-Control: no-cache
Content-Type: application/json; charset=utf-8
host: localhost:51303
accept: */*

Response DefaultHttpResponse(decodeResult: success, version: HTTP/1.1)
HTTP/1.1 200 OK
Content-Type: application/json; charset=utf-8
cache-control: no-cache
content-length: 14

16:32:57.108 [AsyncHttpClient-1-9] DEBUG org.asynchttpclient.netty.channel.ChannelManager - Adding key: http://localhost:51303 for channel [id: 0xf0b12f9d, L:/127.0.0.1:50772 - R:localhost/127.0.0.1:51303]
16:32:57.109 [Forwarding isElementEnabled on session afafcd7405d0b37b4cfeddd99d2ab9c4 to remote] DEBUG org.asynchttpclient.netty.request.NettyRequestSender - Using pooled Channel '[id: 0xf0b12f9d, L:/127.0.0.1:50772 - R:localhost/127.0.0.1:51303]' for 'GET' to 'http://localhost:51303/session/afafcd7405d0b37b4cfeddd99d2ab9c4/element/c23e1a7e-19ea-4ef8-932b-994f7ae98a51/enabled'
16:32:57.109 [Forwarding isElementEnabled on session afafcd7405d0b37b4cfeddd99d2ab9c4 to remote] DEBUG org.asynchttpclient.netty.request.NettyRequestSender - Using open Channel [id: 0xf0b12f9d, L:/127.0.0.1:50772 - R:localhost/127.0.0.1:51303] for GET '/session/afafcd7405d0b37b4cfeddd99d2ab9c4/element/c23e1a7e-19ea-4ef8-932b-994f7ae98a51/enabled'
16:32:57.132 [AsyncHttpClient-1-9] DEBUG org.asynchttpclient.netty.handler.HttpHandler - 

Request DefaultFullHttpRequest(decodeResult: success, version: HTTP/1.1, content: EmptyByteBufBE)
GET /session/afafcd7405d0b37b4cfeddd99d2ab9c4/element/c23e1a7e-19ea-4ef8-932b-994f7ae98a51/enabled HTTP/1.1
User-Agent: selenium/4.1.2 (java windows)
Cache-Control: no-cache
Content-Type: application/json; charset=utf-8
host: localhost:51303
accept: */*

Response DefaultHttpResponse(decodeResult: success, version: HTTP/1.1)
HTTP/1.1 200 OK
Content-Type: application/json; charset=utf-8
cache-control: no-cache
content-length: 14

16:32:57.133 [AsyncHttpClient-1-9] DEBUG org.asynchttpclient.netty.channel.ChannelManager - Adding key: http://localhost:51303 for channel [id: 0xf0b12f9d, L:/127.0.0.1:50772 - R:localhost/127.0.0.1:51303]
16:32:57.136 [Forwarding findElement on session afafcd7405d0b37b4cfeddd99d2ab9c4 to remote] DEBUG org.asynchttpclient.netty.request.NettyRequestSender - Using pooled Channel '[id: 0xf0b12f9d, L:/127.0.0.1:50772 - R:localhost/127.0.0.1:51303]' for 'POST' to 'http://localhost:51303/session/afafcd7405d0b37b4cfeddd99d2ab9c4/element'
16:32:57.136 [Forwarding findElement on session afafcd7405d0b37b4cfeddd99d2ab9c4 to remote] DEBUG org.asynchttpclient.netty.request.NettyRequestSender - Using open Channel [id: 0xf0b12f9d, L:/127.0.0.1:50772 - R:localhost/127.0.0.1:51303] for POST '/session/afafcd7405d0b37b4cfeddd99d2ab9c4/element'
16:32:57.147 [AsyncHttpClient-1-9] DEBUG org.asynchttpclient.netty.handler.HttpHandler - 

Request DefaultHttpRequest(decodeResult: success, version: HTTP/1.1)
POST /session/afafcd7405d0b37b4cfeddd99d2ab9c4/element HTTP/1.1
User-Agent: selenium/4.1.2 (java windows)
Content-Length: 149
Content-Type: application/json; charset=utf-8
host: localhost:51303
accept: */*

Response DefaultHttpResponse(decodeResult: success, version: HTTP/1.1)
HTTP/1.1 200 OK
Content-Type: application/json; charset=utf-8
cache-control: no-cache
content-length: 88

16:32:57.147 [AsyncHttpClient-1-9] DEBUG org.asynchttpclient.netty.channel.ChannelManager - Adding key: http://localhost:51303 for channel [id: 0xf0b12f9d, L:/127.0.0.1:50772 - R:localhost/127.0.0.1:51303]
16:32:57.149 [Forwarding clickElement on session afafcd7405d0b37b4cfeddd99d2ab9c4 to remote] DEBUG org.asynchttpclient.netty.request.NettyRequestSender - Using pooled Channel '[id: 0xf0b12f9d, L:/127.0.0.1:50772 - R:localhost/127.0.0.1:51303]' for 'POST' to 'http://localhost:51303/session/afafcd7405d0b37b4cfeddd99d2ab9c4/element/c23e1a7e-19ea-4ef8-932b-994f7ae98a51/click'
16:32:57.149 [Forwarding clickElement on session afafcd7405d0b37b4cfeddd99d2ab9c4 to remote] DEBUG org.asynchttpclient.netty.request.NettyRequestSender - Using open Channel [id: 0xf0b12f9d, L:/127.0.0.1:50772 - R:localhost/127.0.0.1:51303] for POST '/session/afafcd7405d0b37b4cfeddd99d2ab9c4/element/c23e1a7e-19ea-4ef8-932b-994f7ae98a51/click'
16:32:57.380 [AsyncHttpClient-1-9] DEBUG org.asynchttpclient.netty.handler.HttpHandler - 

Request DefaultHttpRequest(decodeResult: success, version: HTTP/1.1)
POST /session/afafcd7405d0b37b4cfeddd99d2ab9c4/element/c23e1a7e-19ea-4ef8-932b-994f7ae98a51/click HTTP/1.1
User-Agent: selenium/4.1.2 (java windows)
Content-Length: 50
Content-Type: application/json; charset=utf-8
host: localhost:51303
accept: */*

Response DefaultHttpResponse(decodeResult: success, version: HTTP/1.1)
HTTP/1.1 200 OK
Content-Type: application/json; charset=utf-8
cache-control: no-cache
content-length: 14

16:32:57.380 [AsyncHttpClient-1-9] DEBUG org.asynchttpclient.netty.channel.ChannelManager - Adding key: http://localhost:51303 for channel [id: 0xf0b12f9d, L:/127.0.0.1:50772 - R:localhost/127.0.0.1:51303]
16:32:57.395 [Forwarding screenshot on session afafcd7405d0b37b4cfeddd99d2ab9c4 to remote] DEBUG org.asynchttpclient.netty.request.NettyRequestSender - Using pooled Channel '[id: 0xf0b12f9d, L:/127.0.0.1:50772 - R:localhost/127.0.0.1:51303]' for 'GET' to 'http://localhost:51303/session/afafcd7405d0b37b4cfeddd99d2ab9c4/screenshot'
16:32:57.395 [Forwarding screenshot on session afafcd7405d0b37b4cfeddd99d2ab9c4 to remote] DEBUG org.asynchttpclient.netty.request.NettyRequestSender - Using open Channel [id: 0xf0b12f9d, L:/127.0.0.1:50772 - R:localhost/127.0.0.1:51303] for GET '/session/afafcd7405d0b37b4cfeddd99d2ab9c4/screenshot'
16:32:57.626 [AsyncHttpClient-1-9] DEBUG org.asynchttpclient.netty.handler.HttpHandler - 

Request DefaultFullHttpRequest(decodeResult: success, version: HTTP/1.1, content: EmptyByteBufBE)
GET /session/afafcd7405d0b37b4cfeddd99d2ab9c4/screenshot HTTP/1.1
User-Agent: selenium/4.1.2 (java windows)
Cache-Control: no-cache
Content-Type: application/json; charset=utf-8
host: localhost:51303
accept: */*

Response DefaultHttpResponse(decodeResult: success, version: HTTP/1.1)
HTTP/1.1 200 OK
Content-Type: application/json; charset=utf-8
cache-control: no-cache
content-length: 86540

16:32:57.627 [AsyncHttpClient-1-9] DEBUG org.asynchttpclient.netty.channel.ChannelManager - Adding key: http://localhost:51303 for channel [id: 0xf0b12f9d, L:/127.0.0.1:50772 - R:localhost/127.0.0.1:51303]
16:32:57.640 [main] DEBUG net.serenitybdd.core.photography.Darkroom - Send negative for processing for target\site\serenity\86c900141ea3e268db4a140adeadc15c71ec116fff1c8ecc93b952dcafa09f94.png
16:32:57.640 [main] DEBUG net.thucydides.core.steps.StepInterceptor - STEP DONE: clickAddNewPatientButton
  &amp#27;[32mWhen &amp#27;[0m&amp#27;[32mI click Add New Patient&amp#27;[0m               &amp#27;[90m# starter.stepdefinitions.PatientSteps.iClickAddNewPatient()&amp#27;[0m
16:32:57.640 [Darkroom Processing Line] DEBUG net.serenitybdd.core.photography.DarkroomProcessingLine - Processing screenshot image in /var/screenshots/screenshot-10240850206795621619
16:32:57.640 [Darkroom Processing Line] DEBUG net.serenitybdd.core.photography.DarkroomProcessingLine - Saving screenshot to target\site\serenity\86c900141ea3e268db4a140adeadc15c71ec116fff1c8ecc93b952dcafa09f94.png
16:32:57.696 [Forwarding screenshot on session afafcd7405d0b37b4cfeddd99d2ab9c4 to remote] DEBUG org.asynchttpclient.netty.request.NettyRequestSender - Using pooled Channel '[id: 0xf0b12f9d, L:/127.0.0.1:50772 - R:localhost/127.0.0.1:51303]' for 'GET' to 'http://localhost:51303/session/afafcd7405d0b37b4cfeddd99d2ab9c4/screenshot'
16:32:57.696 [Forwarding screenshot on session afafcd7405d0b37b4cfeddd99d2ab9c4 to remote] DEBUG org.asynchttpclient.netty.request.NettyRequestSender - Using open Channel [id: 0xf0b12f9d, L:/127.0.0.1:50772 - R:localhost/127.0.0.1:51303] for GET '/session/afafcd7405d0b37b4cfeddd99d2ab9c4/screenshot'
16:32:57.868 [AsyncHttpClient-1-9] DEBUG org.asynchttpclient.netty.handler.HttpHandler - 

Request DefaultFullHttpRequest(decodeResult: success, version: HTTP/1.1, content: EmptyByteBufBE)
GET /session/afafcd7405d0b37b4cfeddd99d2ab9c4/screenshot HTTP/1.1
User-Agent: selenium/4.1.2 (java windows)
Cache-Control: no-cache
Content-Type: application/json; charset=utf-8
host: localhost:51303
accept: */*

Response DefaultHttpResponse(decodeResult: success, version: HTTP/1.1)
HTTP/1.1 200 OK
Content-Type: application/json; charset=utf-8
cache-control: no-cache
content-length: 82500

16:32:57.869 [AsyncHttpClient-1-9] DEBUG org.asynchttpclient.netty.channel.ChannelManager - Adding key: http://localhost:51303 for channel [id: 0xf0b12f9d, L:/127.0.0.1:50772 - R:localhost/127.0.0.1:51303]
16:32:57.875 [main] DEBUG net.serenitybdd.core.photography.Darkroom - Send negative for processing for target\site\serenity\8ad5250c234d534818cf1bcf07ff75baeb94d976ed61bf809e9a1a842de2dfa6.png
16:32:57.875 [Darkroom Processing Line] DEBUG net.serenitybdd.core.photography.DarkroomProcessingLine - Processing screenshot image in /var/screenshots/screenshot-5428009836906673881
16:32:57.875 [Darkroom Processing Line] DEBUG net.serenitybdd.core.photography.DarkroomProcessingLine - Saving screenshot to target\site\serenity\8ad5250c234d534818cf1bcf07ff75baeb94d976ed61bf809e9a1a842de2dfa6.png
16:32:57.903 [main] DEBUG net.thucydides.core.steps.StepInterceptor - STARTING STEP: PatientSteps.iClickNewPatientFormXButton - clickNewPatientXButton
16:32:57.909 [Forwarding findElement on session afafcd7405d0b37b4cfeddd99d2ab9c4 to remote] DEBUG org.asynchttpclient.netty.request.NettyRequestSender - Using pooled Channel '[id: 0xf0b12f9d, L:/127.0.0.1:50772 - R:localhost/127.0.0.1:51303]' for 'POST' to 'http://localhost:51303/session/afafcd7405d0b37b4cfeddd99d2ab9c4/element'
16:32:57.910 [Forwarding findElement on session afafcd7405d0b37b4cfeddd99d2ab9c4 to remote] DEBUG org.asynchttpclient.netty.request.NettyRequestSender - Using open Channel [id: 0xf0b12f9d, L:/127.0.0.1:50772 - R:localhost/127.0.0.1:51303] for POST '/session/afafcd7405d0b37b4cfeddd99d2ab9c4/element'
16:32:57.929 [AsyncHttpClient-1-9] DEBUG org.asynchttpclient.netty.handler.HttpHandler - 

Request DefaultHttpRequest(decodeResult: success, version: HTTP/1.1)
POST /session/afafcd7405d0b37b4cfeddd99d2ab9c4/element HTTP/1.1
User-Agent: selenium/4.1.2 (java windows)
Content-Length: 104
Content-Type: application/json; charset=utf-8
host: localhost:51303
accept: */*

Response DefaultHttpResponse(decodeResult: success, version: HTTP/1.1)
HTTP/1.1 200 OK
Content-Type: application/json; charset=utf-8
cache-control: no-cache
content-length: 88

16:32:57.929 [AsyncHttpClient-1-9] DEBUG org.asynchttpclient.netty.channel.ChannelManager - Adding key: http://localhost:51303 for channel [id: 0xf0b12f9d, L:/127.0.0.1:50772 - R:localhost/127.0.0.1:51303]
16:32:57.931 [Forwarding getElementTagName on session afafcd7405d0b37b4cfeddd99d2ab9c4 to remote] DEBUG org.asynchttpclient.netty.request.NettyRequestSender - Using pooled Channel '[id: 0xf0b12f9d, L:/127.0.0.1:50772 - R:localhost/127.0.0.1:51303]' for 'GET' to 'http://localhost:51303/session/afafcd7405d0b37b4cfeddd99d2ab9c4/element/05032e57-2e38-4343-b75c-c600f070ff93/name'
16:32:57.931 [Forwarding getElementTagName on session afafcd7405d0b37b4cfeddd99d2ab9c4 to remote] DEBUG org.asynchttpclient.netty.request.NettyRequestSender - Using open Channel [id: 0xf0b12f9d, L:/127.0.0.1:50772 - R:localhost/127.0.0.1:51303] for GET '/session/afafcd7405d0b37b4cfeddd99d2ab9c4/element/05032e57-2e38-4343-b75c-c600f070ff93/name'
16:32:57.936 [AsyncHttpClient-1-9] DEBUG org.asynchttpclient.netty.handler.HttpHandler - 

Request DefaultFullHttpRequest(decodeResult: success, version: HTTP/1.1, content: EmptyByteBufBE)
GET /session/afafcd7405d0b37b4cfeddd99d2ab9c4/element/05032e57-2e38-4343-b75c-c600f070ff93/name HTTP/1.1
User-Agent: selenium/4.1.2 (java windows)
Cache-Control: no-cache
Content-Type: application/json; charset=utf-8
host: localhost:51303
accept: */*

Response DefaultHttpResponse(decodeResult: success, version: HTTP/1.1)
HTTP/1.1 200 OK
Content-Type: application/json; charset=utf-8
cache-control: no-cache
content-length: 18

16:32:57.937 [AsyncHttpClient-1-9] DEBUG org.asynchttpclient.netty.channel.ChannelManager - Adding key: http://localhost:51303 for channel [id: 0xf0b12f9d, L:/127.0.0.1:50772 - R:localhost/127.0.0.1:51303]
16:32:57.939 [Forwarding getElementTagName on session afafcd7405d0b37b4cfeddd99d2ab9c4 to remote] DEBUG org.asynchttpclient.netty.request.NettyRequestSender - Using pooled Channel '[id: 0xf0b12f9d, L:/127.0.0.1:50772 - R:localhost/127.0.0.1:51303]' for 'GET' to 'http://localhost:51303/session/afafcd7405d0b37b4cfeddd99d2ab9c4/element/05032e57-2e38-4343-b75c-c600f070ff93/name'
16:32:57.939 [Forwarding getElementTagName on session afafcd7405d0b37b4cfeddd99d2ab9c4 to remote] DEBUG org.asynchttpclient.netty.request.NettyRequestSender - Using open Channel [id: 0xf0b12f9d, L:/127.0.0.1:50772 - R:localhost/127.0.0.1:51303] for GET '/session/afafcd7405d0b37b4cfeddd99d2ab9c4/element/05032e57-2e38-4343-b75c-c600f070ff93/name'
16:32:57.944 [AsyncHttpClient-1-9] DEBUG org.asynchttpclient.netty.handler.HttpHandler - 

Request DefaultFullHttpRequest(decodeResult: success, version: HTTP/1.1, content: EmptyByteBufBE)
GET /session/afafcd7405d0b37b4cfeddd99d2ab9c4/element/05032e57-2e38-4343-b75c-c600f070ff93/name HTTP/1.1
User-Agent: selenium/4.1.2 (java windows)
Cache-Control: no-cache
Content-Type: application/json; charset=utf-8
host: localhost:51303
accept: */*

Response DefaultHttpResponse(decodeResult: success, version: HTTP/1.1)
HTTP/1.1 200 OK
Content-Type: application/json; charset=utf-8
cache-control: no-cache
content-length: 18

16:32:57.944 [AsyncHttpClient-1-9] DEBUG org.asynchttpclient.netty.channel.ChannelManager - Adding key: http://localhost:51303 for channel [id: 0xf0b12f9d, L:/127.0.0.1:50772 - R:localhost/127.0.0.1:51303]
16:32:57.947 [Forwarding isElementEnabled on session afafcd7405d0b37b4cfeddd99d2ab9c4 to remote] DEBUG org.asynchttpclient.netty.request.NettyRequestSender - Using pooled Channel '[id: 0xf0b12f9d, L:/127.0.0.1:50772 - R:localhost/127.0.0.1:51303]' for 'GET' to 'http://localhost:51303/session/afafcd7405d0b37b4cfeddd99d2ab9c4/element/05032e57-2e38-4343-b75c-c600f070ff93/enabled'
16:32:57.947 [Forwarding isElementEnabled on session afafcd7405d0b37b4cfeddd99d2ab9c4 to remote] DEBUG org.asynchttpclient.netty.request.NettyRequestSender - Using open Channel [id: 0xf0b12f9d, L:/127.0.0.1:50772 - R:localhost/127.0.0.1:51303] for GET '/session/afafcd7405d0b37b4cfeddd99d2ab9c4/element/05032e57-2e38-4343-b75c-c600f070ff93/enabled'
16:32:57.960 [AsyncHttpClient-1-9] DEBUG org.asynchttpclient.netty.handler.HttpHandler - 

Request DefaultFullHttpRequest(decodeResult: success, version: HTTP/1.1, content: EmptyByteBufBE)
GET /session/afafcd7405d0b37b4cfeddd99d2ab9c4/element/05032e57-2e38-4343-b75c-c600f070ff93/enabled HTTP/1.1
User-Agent: selenium/4.1.2 (java windows)
Cache-Control: no-cache
Content-Type: application/json; charset=utf-8
host: localhost:51303
accept: */*

Response DefaultHttpResponse(decodeResult: success, version: HTTP/1.1)
HTTP/1.1 200 OK
Content-Type: application/json; charset=utf-8
cache-control: no-cache
content-length: 14

16:32:57.960 [AsyncHttpClient-1-9] DEBUG org.asynchttpclient.netty.channel.ChannelManager - Adding key: http://localhost:51303 for channel [id: 0xf0b12f9d, L:/127.0.0.1:50772 - R:localhost/127.0.0.1:51303]
16:32:57.962 [Forwarding isElementEnabled on session afafcd7405d0b37b4cfeddd99d2ab9c4 to remote] DEBUG org.asynchttpclient.netty.request.NettyRequestSender - Using pooled Channel '[id: 0xf0b12f9d, L:/127.0.0.1:50772 - R:localhost/127.0.0.1:51303]' for 'GET' to 'http://localhost:51303/session/afafcd7405d0b37b4cfeddd99d2ab9c4/element/05032e57-2e38-4343-b75c-c600f070ff93/enabled'
16:32:57.962 [Forwarding isElementEnabled on session afafcd7405d0b37b4cfeddd99d2ab9c4 to remote] DEBUG org.asynchttpclient.netty.request.NettyRequestSender - Using open Channel [id: 0xf0b12f9d, L:/127.0.0.1:50772 - R:localhost/127.0.0.1:51303] for GET '/session/afafcd7405d0b37b4cfeddd99d2ab9c4/element/05032e57-2e38-4343-b75c-c600f070ff93/enabled'
16:32:57.971 [AsyncHttpClient-1-9] DEBUG org.asynchttpclient.netty.handler.HttpHandler - 

Request DefaultFullHttpRequest(decodeResult: success, version: HTTP/1.1, content: EmptyByteBufBE)
GET /session/afafcd7405d0b37b4cfeddd99d2ab9c4/element/05032e57-2e38-4343-b75c-c600f070ff93/enabled HTTP/1.1
User-Agent: selenium/4.1.2 (java windows)
Cache-Control: no-cache
Content-Type: application/json; charset=utf-8
host: localhost:51303
accept: */*

Response DefaultHttpResponse(decodeResult: success, version: HTTP/1.1)
HTTP/1.1 200 OK
Content-Type: application/json; charset=utf-8
cache-control: no-cache
content-length: 14

16:32:57.971 [AsyncHttpClient-1-9] DEBUG org.asynchttpclient.netty.channel.ChannelManager - Adding key: http://localhost:51303 for channel [id: 0xf0b12f9d, L:/127.0.0.1:50772 - R:localhost/127.0.0.1:51303]
16:32:57.973 [Forwarding findElement on session afafcd7405d0b37b4cfeddd99d2ab9c4 to remote] DEBUG org.asynchttpclient.netty.request.NettyRequestSender - Using pooled Channel '[id: 0xf0b12f9d, L:/127.0.0.1:50772 - R:localhost/127.0.0.1:51303]' for 'POST' to 'http://localhost:51303/session/afafcd7405d0b37b4cfeddd99d2ab9c4/element'
16:32:57.974 [Forwarding findElement on session afafcd7405d0b37b4cfeddd99d2ab9c4 to remote] DEBUG org.asynchttpclient.netty.request.NettyRequestSender - Using open Channel [id: 0xf0b12f9d, L:/127.0.0.1:50772 - R:localhost/127.0.0.1:51303] for POST '/session/afafcd7405d0b37b4cfeddd99d2ab9c4/element'
16:32:57.984 [AsyncHttpClient-1-9] DEBUG org.asynchttpclient.netty.handler.HttpHandler - 

Request DefaultHttpRequest(decodeResult: success, version: HTTP/1.1)
POST /session/afafcd7405d0b37b4cfeddd99d2ab9c4/element HTTP/1.1
User-Agent: selenium/4.1.2 (java windows)
Content-Length: 104
Content-Type: application/json; charset=utf-8
host: localhost:51303
accept: */*

Response DefaultHttpResponse(decodeResult: success, version: HTTP/1.1)
HTTP/1.1 200 OK
Content-Type: application/json; charset=utf-8
cache-control: no-cache
content-length: 88

16:32:57.984 [AsyncHttpClient-1-9] DEBUG org.asynchttpclient.netty.channel.ChannelManager - Adding key: http://localhost:51303 for channel [id: 0xf0b12f9d, L:/127.0.0.1:50772 - R:localhost/127.0.0.1:51303]
16:32:57.986 [Forwarding clickElement on session afafcd7405d0b37b4cfeddd99d2ab9c4 to remote] DEBUG org.asynchttpclient.netty.request.NettyRequestSender - Using pooled Channel '[id: 0xf0b12f9d, L:/127.0.0.1:50772 - R:localhost/127.0.0.1:51303]' for 'POST' to 'http://localhost:51303/session/afafcd7405d0b37b4cfeddd99d2ab9c4/element/05032e57-2e38-4343-b75c-c600f070ff93/click'
16:32:57.986 [Forwarding clickElement on session afafcd7405d0b37b4cfeddd99d2ab9c4 to remote] DEBUG org.asynchttpclient.netty.request.NettyRequestSender - Using open Channel [id: 0xf0b12f9d, L:/127.0.0.1:50772 - R:localhost/127.0.0.1:51303] for POST '/session/afafcd7405d0b37b4cfeddd99d2ab9c4/element/05032e57-2e38-4343-b75c-c600f070ff93/click'
16:32:58.152 [AsyncHttpClient-1-1] DEBUG org.asynchttpclient.netty.channel.DefaultChannelPool - Entry count for : http://localhost:50774 : 1
16:32:58.165 [AsyncHttpClient-1-9] DEBUG org.asynchttpclient.netty.handler.HttpHandler - 

Request DefaultHttpRequest(decodeResult: success, version: HTTP/1.1)
POST /session/afafcd7405d0b37b4cfeddd99d2ab9c4/element/05032e57-2e38-4343-b75c-c600f070ff93/click HTTP/1.1
User-Agent: selenium/4.1.2 (java windows)
Content-Length: 50
Content-Type: application/json; charset=utf-8
host: localhost:51303
accept: */*

Response DefaultHttpResponse(decodeResult: success, version: HTTP/1.1)
HTTP/1.1 200 OK
Content-Type: application/json; charset=utf-8
cache-control: no-cache
content-length: 14

16:32:58.166 [AsyncHttpClient-1-9] DEBUG org.asynchttpclient.netty.channel.ChannelManager - Adding key: http://localhost:51303 for channel [id: 0xf0b12f9d, L:/127.0.0.1:50772 - R:localhost/127.0.0.1:51303]
16:32:58.183 [Forwarding screenshot on session afafcd7405d0b37b4cfeddd99d2ab9c4 to remote] DEBUG org.asynchttpclient.netty.request.NettyRequestSender - Using pooled Channel '[id: 0xf0b12f9d, L:/127.0.0.1:50772 - R:localhost/127.0.0.1:51303]' for 'GET' to 'http://localhost:51303/session/afafcd7405d0b37b4cfeddd99d2ab9c4/screenshot'
16:32:58.183 [Forwarding screenshot on session afafcd7405d0b37b4cfeddd99d2ab9c4 to remote] DEBUG org.asynchttpclient.netty.request.NettyRequestSender - Using open Channel [id: 0xf0b12f9d, L:/127.0.0.1:50772 - R:localhost/127.0.0.1:51303] for GET '/session/afafcd7405d0b37b4cfeddd99d2ab9c4/screenshot'
16:32:58.388 [AsyncHttpClient-1-9] DEBUG org.asynchttpclient.netty.handler.HttpHandler - 

Request DefaultFullHttpRequest(decodeResult: success, version: HTTP/1.1, content: EmptyByteBufBE)
GET /session/afafcd7405d0b37b4cfeddd99d2ab9c4/screenshot HTTP/1.1
User-Agent: selenium/4.1.2 (java windows)
Cache-Control: no-cache
Content-Type: application/json; charset=utf-8
host: localhost:51303
accept: */*

Response DefaultHttpResponse(decodeResult: success, version: HTTP/1.1)
HTTP/1.1 200 OK
Content-Type: application/json; charset=utf-8
cache-control: no-cache
content-length: 108324

16:32:58.388 [AsyncHttpClient-1-9] DEBUG org.asynchttpclient.netty.channel.ChannelManager - Adding key: http://localhost:51303 for channel [id: 0xf0b12f9d, L:/127.0.0.1:50772 - R:localhost/127.0.0.1:51303]
16:32:58.394 [main] DEBUG net.serenitybdd.core.photography.Darkroom - Send negative for processing for target\site\serenity\be8dc5956033bcffa9d816da7f1dc4da35c27767fb6d49c55fb849d0174f05cb.png
16:32:58.395 [main] DEBUG net.thucydides.core.steps.StepInterceptor - STEP DONE: clickNewPatientXButton
  &amp#27;[32mThen &amp#27;[0m&amp#27;[32mI click new patient form x button&amp#27;[0m     &amp#27;[90m# starter.stepdefinitions.PatientSteps.iClickNewPatientFormXButton()&amp#27;[0m
16:32:58.395 [Darkroom Processing Line] DEBUG net.serenitybdd.core.photography.DarkroomProcessingLine - Processing screenshot image in /var/screenshots/screenshot-3158424894129692123
16:32:58.395 [Darkroom Processing Line] DEBUG net.serenitybdd.core.photography.DarkroomProcessingLine - Saving screenshot to target\site\serenity\be8dc5956033bcffa9d816da7f1dc4da35c27767fb6d49c55fb849d0174f05cb.png
16:32:58.401 [main] INFO  - 
  _____   ___   ___   _____     ___     _     ___   ___   ___   ___  
 |_   _| | __| / __| |_   _|   | _ \   /_\   / __| / __| | __| |   \ 
   | |   | _|  \__ \   | |     |  _/  / _ \  \__ \ \__ \ | _|  | |) |
   |_|   |___| |___/   |_|     |_|   /_/ \_\ |___/ |___/ |___| |___/ 

Cancel Create New Patient Scenario
----------------------------------------------------------------------
16:32:58.403 [AsyncHttpClient-1-3] DEBUG org.asynchttpclient.netty.handler.WebSocketHandler - Channel Closed: [id: 0x47c7d169, L:/127.0.0.1:50781 ! R:localhost/127.0.0.1:50774] with attribute NettyResponseFuture{currentRetry=5,
	isDone=1,
	isCancelled=0,
	asyncHandler=org.asynchttpclient.ws.WebSocketUpgradeHandler@3d77ca7f,
	nettyRequest=org.asynchttpclient.netty.request.NettyRequest@71ae7085,
	future=java.util.concurrent.CompletableFuture@39c73118[Completed normally],
	uri=ws://localhost:50774/devtools/browser/1ed32d88-d490-4579-a848-495c8dc9a30a,
	keepAlive=true,
	redirectCount=0,
	timeoutsHolder=null,
	inAuth=0,
	touch=1655717571309}
16:32:58.404 [AsyncHttpClient-1-3] DEBUG org.asynchttpclient.netty.channel.ChannelManager - Closing Channel [id: 0x47c7d169, L:/127.0.0.1:50781 ! R:localhost/127.0.0.1:50774] 
16:32:58.404 [Driver Command Executor] DEBUG org.asynchttpclient.netty.request.NettyRequestSender - Using pooled Channel '[id: 0xf0b12f9d, L:/127.0.0.1:50772 - R:localhost/127.0.0.1:51303]' for 'DELETE' to 'http://localhost:51303/session/afafcd7405d0b37b4cfeddd99d2ab9c4'
16:32:58.404 [Driver Command Executor] DEBUG org.asynchttpclient.netty.request.NettyRequestSender - Using open Channel [id: 0xf0b12f9d, L:/127.0.0.1:50772 - R:localhost/127.0.0.1:51303] for DELETE '/session/afafcd7405d0b37b4cfeddd99d2ab9c4'
16:32:58.659 [AsyncHttpClient-1-2] DEBUG org.asynchttpclient.netty.handler.HttpHandler - Unexpected I/O exception on channel [id: 0x73e7e5e6, L:/127.0.0.1:50780 - R:localhost/127.0.0.1:50774]
java.net.SocketException: Connection reset
	at java.base/sun.nio.ch.SocketChannelImpl.throwConnectionReset(SocketChannelImpl.java:367)
	at java.base/sun.nio.ch.SocketChannelImpl.read(SocketChannelImpl.java:398)
	at io.netty.buffer.PooledByteBuf.setBytes(PooledByteBuf.java:258)
	at io.netty.buffer.AbstractByteBuf.writeBytes(AbstractByteBuf.java:1132)
	at io.netty.channel.socket.nio.NioSocketChannel.doReadBytes(NioSocketChannel.java:350)
	at io.netty.channel.nio.AbstractNioByteChannel$NioByteUnsafe.read(AbstractNioByteChannel.java:151)
	at io.netty.channel.nio.NioEventLoop.processSelectedKey(NioEventLoop.java:722)
	at io.netty.channel.nio.NioEventLoop.processSelectedKeysOptimized(NioEventLoop.java:658)
	at io.netty.channel.nio.NioEventLoop.processSelectedKeys(NioEventLoop.java:584)
	at io.netty.channel.nio.NioEventLoop.run(NioEventLoop.java:496)
	at io.netty.util.concurrent.SingleThreadEventExecutor$4.run(SingleThreadEventExecutor.java:986)
	at io.netty.util.internal.ThreadExecutorMap$2.run(ThreadExecutorMap.java:74)
	at io.netty.util.concurrent.FastThreadLocalRunnable.run(FastThreadLocalRunnable.java:30)
	at java.base/java.lang.Thread.run(Thread.java:832)
16:32:58.659 [AsyncHttpClient-1-2] DEBUG org.asynchttpclient.netty.channel.ChannelManager - Closing Channel [id: 0x73e7e5e6, L:/127.0.0.1:50780 - R:localhost/127.0.0.1:50774] 
16:32:58.659 [AsyncHttpClient-1-2] DEBUG org.asynchttpclient.netty.handler.HttpHandler - Channel Closed: [id: 0x73e7e5e6, L:/127.0.0.1:50780 ! R:localhost/127.0.0.1:50774] with attribute DISCARD
16:32:58.699 [AsyncHttpClient-1-9] DEBUG org.asynchttpclient.netty.handler.HttpHandler - 

Request DefaultFullHttpRequest(decodeResult: success, version: HTTP/1.1, content: EmptyByteBufBE)
DELETE /session/afafcd7405d0b37b4cfeddd99d2ab9c4 HTTP/1.1
User-Agent: selenium/4.1.2 (java windows)
Content-Type: application/json; charset=utf-8
host: localhost:51303
accept: */*

Response DefaultHttpResponse(decodeResult: success, version: HTTP/1.1)
HTTP/1.1 200 OK
Content-Type: application/json; charset=utf-8
cache-control: no-cache
content-length: 14

16:32:58.699 [AsyncHttpClient-1-9] DEBUG org.asynchttpclient.netty.channel.ChannelManager - Adding key: http://localhost:51303 for channel [id: 0xf0b12f9d, L:/127.0.0.1:50772 - R:localhost/127.0.0.1:51303]
16:32:58.841 [AsyncHttpClient-1-9] DEBUG org.asynchttpclient.netty.handler.HttpHandler - Channel Closed: [id: 0xf0b12f9d, L:/127.0.0.1:50772 ! R:localhost/127.0.0.1:51303] with attribute DISCARD
16:32:59.237 [AsyncHttpClient-1-1] DEBUG org.asynchttpclient.netty.channel.DefaultChannelPool - Entry count for : http://localhost:50774 : 1
16:32:59.237 [AsyncHttpClient-1-1] DEBUG org.asynchttpclient.netty.channel.DefaultChannelPool - Entry count for : http://localhost:51303 : 1
16:32:59.237 [AsyncHttpClient-1-1] DEBUG org.asynchttpclient.netty.channel.DefaultChannelPool - Adding Candidate expired Channel [id: 0x73e7e5e6, L:/127.0.0.1:50780 ! R:localhost/127.0.0.1:50774] isIdleTimeoutExpired=false isRemotelyClosed=true isTtlExpired=false
16:32:59.237 [AsyncHttpClient-1-1] DEBUG org.asynchttpclient.netty.channel.DefaultChannelPool - Closing Idle Channel [id: 0x73e7e5e6, L:/127.0.0.1:50780 ! R:localhost/127.0.0.1:50774]
16:32:59.237 [AsyncHttpClient-1-1] DEBUG org.asynchttpclient.netty.channel.DefaultChannelPool - Adding Candidate expired Channel [id: 0xf0b12f9d, L:/127.0.0.1:50772 ! R:localhost/127.0.0.1:51303] isIdleTimeoutExpired=false isRemotelyClosed=true isTtlExpired=false
16:32:59.237 [AsyncHttpClient-1-1] DEBUG org.asynchttpclient.netty.channel.DefaultChannelPool - Closing Idle Channel [id: 0xf0b12f9d, L:/127.0.0.1:50772 ! R:localhost/127.0.0.1:51303]
16:32:59.237 [AsyncHttpClient-1-1] DEBUG org.asynchttpclient.netty.channel.DefaultChannelPool - Closed 2 connections out of 2 in 0 ms
]]></system-out>
    <system-err><![CDATA[Starting ChromeDriver 102.0.5005.61 (0e59bcc00cc4985ce39ad31c150065f159d95ad3-refs/branch-heads/5005@{#819}) on port 51303
Only local connections are allowed.
Please see https://chromedriver.chromium.org/security-considerations for suggestions on keeping ChromeDriver safe.
ChromeDriver was started successfully.
Jun 20, 2022 4:32:51 PM org.openqa.selenium.remote.ProtocolHandshake createSession
INFO: Detected dialect: W3C
Jun 20, 2022 4:32:51 PM org.openqa.selenium.devtools.CdpVersionFinder findNearestMatch
WARNING: Unable to find an exact match for CDP version 102, so returning the closest version found: a no-op implementation
Jun 20, 2022 4:32:51 PM org.openqa.selenium.devtools.CdpVersionFinder findNearestMatch
INFO: Unable to find CDP implementation matching 102.
Jun 20, 2022 4:32:51 PM org.openqa.selenium.chromium.ChromiumDriver lambda$new$3
WARNING: Unable to find version of CDP to use for . You may need to include a dependency on a specific version of the CDP using something similar to `org.seleniumhq.selenium:selenium-devtools-v86:4.1.2` where the version ("v86") matches the version of the chromium-based browser you're using and the version number of the artifact is the same as Selenium's.
]]></system-err>
  </testcase>
  <testcase name="Edit Patient Data Scenario" classname="Patient" time="18.328">
    <system-out><![CDATA[
@Patient @EditPatient
Scenario: Edit Patient Data Scenario            &amp#27;[90m# src/test/resources/features/2.Patient.feature:24&amp#27;[0m
16:32:59.399 [main] INFO io.cucumber.core.plugin.SerenityReporter - Running feature from file:///E:/My%20Documents/File%20Difa/TI%20Semester%206%20Kampus%20Merdeka%20Alterra/Tugas/CAPSTONE%20Project/Capstone-Project-Website/src/test/resources/features/2.Patient.feature
16:32:59.401 [main] INFO  - 
  _____   ___   ___   _____     ___   _____     _     ___   _____   ___   ___  
 |_   _| | __| / __| |_   _|   / __| |_   _|   /_\   | _ \ |_   _| | __| |   \ 
   | |   | _|  \__ \   | |     \__ \   | |    / _ \  |   /   | |   | _|  | |) |
   |_|   |___| |___/   |_|     |___/   |_|   /_/ \_\ |_|_\   |_|   |___| |___/ 

Edit Patient Data Scenario(patient;edit-patient-data-scenario)
--------------------------------------------------------------------------------
16:32:59.554 [main] DEBUG net.thucydides.core.steps.StepInterceptor - STARTING STEP: PatientSteps.iAmAtTheDashboardPage - openUrl
16:32:59.556 [main] INFO net.serenitybdd.core.webdriver.driverproviders.ChromeDriverProvider - Using automatically driver download
16:32:59.974 [main] DEBUG io.github.bonigarcia.wdm.cache.ResolutionCache - Resolution chrome=102 in cache (valid until 16:47:55 20/06/2022 ICT)
16:32:59.980 [main] DEBUG io.github.bonigarcia.wdm.cache.ResolutionCache - Resolution chrome102=102.0.5005.61 in cache (valid until 09:12:44 21/06/2022 ICT)
16:32:59.982 [main] INFO io.github.bonigarcia.wdm.WebDriverManager - Using chromedriver 102.0.5005.61 (resolved driver for Chrome 102)
16:33:00.019 [main] DEBUG io.github.bonigarcia.wdm.WebDriverManager - Driver chromedriver 102.0.5005.61 found in cache
16:33:00.020 [main] INFO io.github.bonigarcia.wdm.WebDriverManager - Exporting webdriver.chrome.driver as C:\Users\USER\.cache\selenium\chromedriver\win32\102.0.5005.61\chromedriver.exe
16:33:00.294 [main] DEBUG net.serenitybdd.core.webdriver.driverproviders.ProvideNewDriver - Instantiating driver
16:33:00.294 [main] DEBUG net.serenitybdd.core.webdriver.driverproviders.ProvideNewDriver - Driver capabilities: Capabilities {acceptInsecureCerts: false, base.url: https://hospital-management..., browserName: chrome, chrome.driver: src/test/resources/webdrive..., driver: chrome, goog:chromeOptions: {args: [], extensions: []}}
16:33:00.827 [AsyncHttpClient-1-4] DEBUG org.asynchttpclient.netty.channel.NettyConnectListener - Using new Channel '[id: 0x91e24dbe, L:/127.0.0.1:50803 - R:localhost/127.0.0.1:51817]' for 'POST' to '/session'
16:33:02.878 [AsyncHttpClient-1-4] DEBUG org.asynchttpclient.netty.handler.HttpHandler - 

Request DefaultHttpRequest(decodeResult: success, version: HTTP/1.1)
POST /session HTTP/1.1
User-Agent: selenium/4.1.2 (java windows)
Content-Length: 621
Content-Type: application/json; charset=utf-8
host: localhost:51817
accept: */*

Response DefaultHttpResponse(decodeResult: success, version: HTTP/1.1)
HTTP/1.1 200 OK
Content-Type: application/json; charset=utf-8
cache-control: no-cache
content-length: 788

16:33:02.878 [AsyncHttpClient-1-4] DEBUG org.asynchttpclient.netty.channel.ChannelManager - Adding key: http://localhost:51817 for channel [id: 0x91e24dbe, L:/127.0.0.1:50803 - R:localhost/127.0.0.1:51817]
16:33:03.026 [AsyncHttpClient-1-5] DEBUG org.asynchttpclient.netty.channel.NettyConnectListener - Using new Channel '[id: 0x4df9ff48, L:/127.0.0.1:50812 - R:localhost/127.0.0.1:50805]' for 'GET' to '/json/version'
16:33:03.027 [AsyncHttpClient-1-5] DEBUG org.asynchttpclient.netty.handler.HttpHandler - 

Request DefaultFullHttpRequest(decodeResult: success, version: HTTP/1.1, content: EmptyByteBufBE)
GET /json/version HTTP/1.1
User-Agent: selenium/4.1.2 (java windows)
host: localhost:50805
accept: */*

Response DefaultHttpResponse(decodeResult: success, version: HTTP/1.1)
HTTP/1.1 200 OK
Content-Type: application/json; charset=UTF-8
content-length: 427

16:33:03.027 [AsyncHttpClient-1-5] DEBUG org.asynchttpclient.netty.channel.ChannelManager - Adding key: http://localhost:50805 for channel [id: 0x4df9ff48, L:/127.0.0.1:50812 - R:localhost/127.0.0.1:50805]
16:33:03.035 [AsyncHttpClient-1-6] DEBUG org.asynchttpclient.netty.channel.NettyConnectListener - Using new Channel '[id: 0x60254400, L:/127.0.0.1:50813 - R:localhost/127.0.0.1:50805]' for 'GET' to '/devtools/browser/422a0401-ee54-42f5-a85d-e1ad07f9a87c'
16:33:03.074 [AsyncHttpClient-1-6] DEBUG org.asynchttpclient.netty.handler.WebSocketHandler - 

Request DefaultFullHttpRequest(decodeResult: success, version: HTTP/1.1, content: EmptyByteBufBE)
GET /devtools/browser/422a0401-ee54-42f5-a85d-e1ad07f9a87c HTTP/1.1
upgrade: websocket
connection: upgrade
sec-websocket-key: BzYVliz0+tQjFmxA71xeGg==
sec-websocket-version: 13
origin: http://localhost:50805
host: localhost:50805
accept: */*
user-agent: AHC/2.1

Response DefaultHttpResponse(decodeResult: success, version: HTTP/1.1)
HTTP/1.1 101 WebSocket Protocol Handshake
Upgrade: WebSocket
Connection: Upgrade
Sec-WebSocket-Accept: oZRFsH4oGyCKbwdYQ1YqcZr7I6I=

16:33:03.132 [Forwarding maximizeCurrentWindow on session 0c3fa3221ec5dfca6b88b0224f776570 to remote] DEBUG org.asynchttpclient.netty.request.NettyRequestSender - Using pooled Channel '[id: 0x91e24dbe, L:/127.0.0.1:50803 - R:localhost/127.0.0.1:51817]' for 'POST' to 'http://localhost:51817/session/0c3fa3221ec5dfca6b88b0224f776570/window/maximize'
16:33:03.132 [Forwarding maximizeCurrentWindow on session 0c3fa3221ec5dfca6b88b0224f776570 to remote] DEBUG org.asynchttpclient.netty.request.NettyRequestSender - Using open Channel [id: 0x91e24dbe, L:/127.0.0.1:50803 - R:localhost/127.0.0.1:51817] for POST '/session/0c3fa3221ec5dfca6b88b0224f776570/window/maximize'
16:33:03.288 [AsyncHttpClient-1-4] DEBUG org.asynchttpclient.netty.handler.HttpHandler - 

Request DefaultHttpRequest(decodeResult: success, version: HTTP/1.1)
POST /session/0c3fa3221ec5dfca6b88b0224f776570/window/maximize HTTP/1.1
User-Agent: selenium/4.1.2 (java windows)
Content-Length: 3
Content-Type: application/json; charset=utf-8
host: localhost:51817
accept: */*

Response DefaultHttpResponse(decodeResult: success, version: HTTP/1.1)
HTTP/1.1 200 OK
Content-Type: application/json; charset=utf-8
cache-control: no-cache
content-length: 51

16:33:03.288 [AsyncHttpClient-1-4] DEBUG org.asynchttpclient.netty.channel.ChannelManager - Adding key: http://localhost:51817 for channel [id: 0x91e24dbe, L:/127.0.0.1:50803 - R:localhost/127.0.0.1:51817]
16:33:03.290 [Forwarding get on session 0c3fa3221ec5dfca6b88b0224f776570 to remote] DEBUG org.asynchttpclient.netty.request.NettyRequestSender - Using pooled Channel '[id: 0x91e24dbe, L:/127.0.0.1:50803 - R:localhost/127.0.0.1:51817]' for 'POST' to 'http://localhost:51817/session/0c3fa3221ec5dfca6b88b0224f776570/url'
16:33:03.290 [Forwarding get on session 0c3fa3221ec5dfca6b88b0224f776570 to remote] DEBUG org.asynchttpclient.netty.request.NettyRequestSender - Using open Channel [id: 0x91e24dbe, L:/127.0.0.1:50803 - R:localhost/127.0.0.1:51817] for POST '/session/0c3fa3221ec5dfca6b88b0224f776570/url'
16:33:03.637 [AsyncHttpClient-1-1] DEBUG org.asynchttpclient.netty.channel.DefaultChannelPool - Entry count for : http://localhost:50805 : 1
16:33:04.738 [AsyncHttpClient-1-1] DEBUG org.asynchttpclient.netty.channel.DefaultChannelPool - Entry count for : http://localhost:50805 : 1
16:33:05.777 [AsyncHttpClient-1-4] DEBUG org.asynchttpclient.netty.handler.HttpHandler - 

Request DefaultHttpRequest(decodeResult: success, version: HTTP/1.1)
POST /session/0c3fa3221ec5dfca6b88b0224f776570/url HTTP/1.1
User-Agent: selenium/4.1.2 (java windows)
Content-Length: 65
Content-Type: application/json; charset=utf-8
host: localhost:51817
accept: */*

Response DefaultHttpResponse(decodeResult: success, version: HTTP/1.1)
HTTP/1.1 200 OK
Content-Type: application/json; charset=utf-8
cache-control: no-cache
content-length: 14

16:33:05.777 [AsyncHttpClient-1-4] DEBUG org.asynchttpclient.netty.channel.ChannelManager - Adding key: http://localhost:51817 for channel [id: 0x91e24dbe, L:/127.0.0.1:50803 - R:localhost/127.0.0.1:51817]
16:33:05.780 [Forwarding setTimeout on session 0c3fa3221ec5dfca6b88b0224f776570 to remote] DEBUG org.asynchttpclient.netty.request.NettyRequestSender - Using pooled Channel '[id: 0x91e24dbe, L:/127.0.0.1:50803 - R:localhost/127.0.0.1:51817]' for 'POST' to 'http://localhost:51817/session/0c3fa3221ec5dfca6b88b0224f776570/timeouts'
16:33:05.780 [Forwarding setTimeout on session 0c3fa3221ec5dfca6b88b0224f776570 to remote] DEBUG org.asynchttpclient.netty.request.NettyRequestSender - Using open Channel [id: 0x91e24dbe, L:/127.0.0.1:50803 - R:localhost/127.0.0.1:51817] for POST '/session/0c3fa3221ec5dfca6b88b0224f776570/timeouts'
16:33:05.793 [AsyncHttpClient-1-4] DEBUG org.asynchttpclient.netty.handler.HttpHandler - 

Request DefaultHttpRequest(decodeResult: success, version: HTTP/1.1)
POST /session/0c3fa3221ec5dfca6b88b0224f776570/timeouts HTTP/1.1
User-Agent: selenium/4.1.2 (java windows)
Content-Length: 22
Content-Type: application/json; charset=utf-8
host: localhost:51817
accept: */*

Response DefaultHttpResponse(decodeResult: success, version: HTTP/1.1)
HTTP/1.1 200 OK
Content-Type: application/json; charset=utf-8
cache-control: no-cache
content-length: 14

16:33:05.793 [AsyncHttpClient-1-4] DEBUG org.asynchttpclient.netty.channel.ChannelManager - Adding key: http://localhost:51817 for channel [id: 0x91e24dbe, L:/127.0.0.1:50803 - R:localhost/127.0.0.1:51817]
16:33:05.799 [Forwarding getCurrentUrl on session 0c3fa3221ec5dfca6b88b0224f776570 to remote] DEBUG org.asynchttpclient.netty.request.NettyRequestSender - Using pooled Channel '[id: 0x91e24dbe, L:/127.0.0.1:50803 - R:localhost/127.0.0.1:51817]' for 'GET' to 'http://localhost:51817/session/0c3fa3221ec5dfca6b88b0224f776570/url'
16:33:05.799 [Forwarding getCurrentUrl on session 0c3fa3221ec5dfca6b88b0224f776570 to remote] DEBUG org.asynchttpclient.netty.request.NettyRequestSender - Using open Channel [id: 0x91e24dbe, L:/127.0.0.1:50803 - R:localhost/127.0.0.1:51817] for GET '/session/0c3fa3221ec5dfca6b88b0224f776570/url'
16:33:05.837 [AsyncHttpClient-1-1] DEBUG org.asynchttpclient.netty.channel.DefaultChannelPool - Entry count for : http://localhost:50805 : 1
16:33:05.923 [AsyncHttpClient-1-4] DEBUG org.asynchttpclient.netty.handler.HttpHandler - 

Request DefaultFullHttpRequest(decodeResult: success, version: HTTP/1.1, content: EmptyByteBufBE)
GET /session/0c3fa3221ec5dfca6b88b0224f776570/url HTTP/1.1
User-Agent: selenium/4.1.2 (java windows)
Cache-Control: no-cache
Content-Type: application/json; charset=utf-8
host: localhost:51817
accept: */*

Response DefaultHttpResponse(decodeResult: success, version: HTTP/1.1)
HTTP/1.1 200 OK
Content-Type: application/json; charset=utf-8
cache-control: no-cache
content-length: 53

16:33:05.923 [AsyncHttpClient-1-4] DEBUG org.asynchttpclient.netty.channel.ChannelManager - Adding key: http://localhost:51817 for channel [id: 0x91e24dbe, L:/127.0.0.1:50803 - R:localhost/127.0.0.1:51817]
16:33:05.931 [Forwarding getCurrentUrl on session 0c3fa3221ec5dfca6b88b0224f776570 to remote] DEBUG org.asynchttpclient.netty.request.NettyRequestSender - Using pooled Channel '[id: 0x91e24dbe, L:/127.0.0.1:50803 - R:localhost/127.0.0.1:51817]' for 'GET' to 'http://localhost:51817/session/0c3fa3221ec5dfca6b88b0224f776570/url'
16:33:05.931 [Forwarding getCurrentUrl on session 0c3fa3221ec5dfca6b88b0224f776570 to remote] DEBUG org.asynchttpclient.netty.request.NettyRequestSender - Using open Channel [id: 0x91e24dbe, L:/127.0.0.1:50803 - R:localhost/127.0.0.1:51817] for GET '/session/0c3fa3221ec5dfca6b88b0224f776570/url'
16:33:05.938 [AsyncHttpClient-1-4] DEBUG org.asynchttpclient.netty.handler.HttpHandler - 

Request DefaultFullHttpRequest(decodeResult: success, version: HTTP/1.1, content: EmptyByteBufBE)
GET /session/0c3fa3221ec5dfca6b88b0224f776570/url HTTP/1.1
User-Agent: selenium/4.1.2 (java windows)
Cache-Control: no-cache
Content-Type: application/json; charset=utf-8
host: localhost:51817
accept: */*

Response DefaultHttpResponse(decodeResult: success, version: HTTP/1.1)
HTTP/1.1 200 OK
Content-Type: application/json; charset=utf-8
cache-control: no-cache
content-length: 53

16:33:05.938 [AsyncHttpClient-1-4] DEBUG org.asynchttpclient.netty.channel.ChannelManager - Adding key: http://localhost:51817 for channel [id: 0x91e24dbe, L:/127.0.0.1:50803 - R:localhost/127.0.0.1:51817]
16:33:05.969 [Forwarding screenshot on session 0c3fa3221ec5dfca6b88b0224f776570 to remote] DEBUG org.asynchttpclient.netty.request.NettyRequestSender - Using pooled Channel '[id: 0x91e24dbe, L:/127.0.0.1:50803 - R:localhost/127.0.0.1:51817]' for 'GET' to 'http://localhost:51817/session/0c3fa3221ec5dfca6b88b0224f776570/screenshot'
16:33:05.969 [Forwarding screenshot on session 0c3fa3221ec5dfca6b88b0224f776570 to remote] DEBUG org.asynchttpclient.netty.request.NettyRequestSender - Using open Channel [id: 0x91e24dbe, L:/127.0.0.1:50803 - R:localhost/127.0.0.1:51817] for GET '/session/0c3fa3221ec5dfca6b88b0224f776570/screenshot'
16:33:06.231 [AsyncHttpClient-1-4] DEBUG org.asynchttpclient.netty.handler.HttpHandler - 

Request DefaultFullHttpRequest(decodeResult: success, version: HTTP/1.1, content: EmptyByteBufBE)
GET /session/0c3fa3221ec5dfca6b88b0224f776570/screenshot HTTP/1.1
User-Agent: selenium/4.1.2 (java windows)
Cache-Control: no-cache
Content-Type: application/json; charset=utf-8
host: localhost:51817
accept: */*

Response DefaultHttpResponse(decodeResult: success, version: HTTP/1.1)
HTTP/1.1 200 OK
Content-Type: application/json; charset=utf-8
cache-control: no-cache
content-length: 337424

16:33:06.362 [AsyncHttpClient-1-4] DEBUG org.asynchttpclient.netty.channel.ChannelManager - Adding key: http://localhost:51817 for channel [id: 0x91e24dbe, L:/127.0.0.1:50803 - R:localhost/127.0.0.1:51817]
16:33:06.849 [main] DEBUG net.serenitybdd.core.photography.Darkroom - Send negative for processing for target\site\serenity\f26b945c70242e04c18b9c3105363a160d3d976bdfbf7f5edfb23f8f52be3dc1.png
16:33:06.849 [main] DEBUG net.thucydides.core.steps.StepInterceptor - STEP DONE: openUrl
16:33:07.097 [AsyncHttpClient-1-1] DEBUG org.asynchttpclient.netty.channel.DefaultChannelPool - Entry count for : http://localhost:51817 : 1
16:33:07.097 [AsyncHttpClient-1-1] DEBUG org.asynchttpclient.netty.channel.DefaultChannelPool - Entry count for : http://localhost:50805 : 1
16:33:07.103 [Forwarding screenshot on session 0c3fa3221ec5dfca6b88b0224f776570 to remote] DEBUG org.asynchttpclient.netty.request.NettyRequestSender - Using pooled Channel '[id: 0x91e24dbe, L:/127.0.0.1:50803 - R:localhost/127.0.0.1:51817]' for 'GET' to 'http://localhost:51817/session/0c3fa3221ec5dfca6b88b0224f776570/screenshot'
16:33:07.103 [Forwarding screenshot on session 0c3fa3221ec5dfca6b88b0224f776570 to remote] DEBUG org.asynchttpclient.netty.request.NettyRequestSender - Using open Channel [id: 0x91e24dbe, L:/127.0.0.1:50803 - R:localhost/127.0.0.1:51817] for GET '/session/0c3fa3221ec5dfca6b88b0224f776570/screenshot'
16:33:07.363 [AsyncHttpClient-1-4] DEBUG org.asynchttpclient.netty.handler.HttpHandler - 

Request DefaultFullHttpRequest(decodeResult: success, version: HTTP/1.1, content: EmptyByteBufBE)
GET /session/0c3fa3221ec5dfca6b88b0224f776570/screenshot HTTP/1.1
User-Agent: selenium/4.1.2 (java windows)
Cache-Control: no-cache
Content-Type: application/json; charset=utf-8
host: localhost:51817
accept: */*

Response DefaultHttpResponse(decodeResult: success, version: HTTP/1.1)
HTTP/1.1 200 OK
Content-Type: application/json; charset=utf-8
cache-control: no-cache
content-length: 382596

16:33:07.647 [AsyncHttpClient-1-4] DEBUG org.asynchttpclient.netty.channel.ChannelManager - Adding key: http://localhost:51817 for channel [id: 0x91e24dbe, L:/127.0.0.1:50803 - R:localhost/127.0.0.1:51817]
16:33:08.138 [AsyncHttpClient-1-1] DEBUG org.asynchttpclient.netty.channel.DefaultChannelPool - Entry count for : http://localhost:51817 : 1
16:33:08.138 [AsyncHttpClient-1-1] DEBUG org.asynchttpclient.netty.channel.DefaultChannelPool - Entry count for : http://localhost:50805 : 1
16:33:09.238 [AsyncHttpClient-1-1] DEBUG org.asynchttpclient.netty.channel.DefaultChannelPool - Entry count for : http://localhost:51817 : 1
16:33:09.238 [AsyncHttpClient-1-1] DEBUG org.asynchttpclient.netty.channel.DefaultChannelPool - Entry count for : http://localhost:50805 : 1
16:33:09.247 [main] DEBUG net.serenitybdd.core.photography.Darkroom - Send negative for processing for target\site\serenity\ed15a54c91c342d96a850276df7b559f4526b370fc93040e3c407a48a170f368.png
16:33:09.308 [main] DEBUG net.thucydides.core.steps.StepInterceptor - STARTING STEP: PatientSteps.iAmAtTheDashboardPage - validateOnDashboardPage
16:33:09.312 [Forwarding findElement on session 0c3fa3221ec5dfca6b88b0224f776570 to remote] DEBUG org.asynchttpclient.netty.request.NettyRequestSender - Using pooled Channel '[id: 0x91e24dbe, L:/127.0.0.1:50803 - R:localhost/127.0.0.1:51817]' for 'POST' to 'http://localhost:51817/session/0c3fa3221ec5dfca6b88b0224f776570/element'
16:33:09.312 [Forwarding findElement on session 0c3fa3221ec5dfca6b88b0224f776570 to remote] DEBUG org.asynchttpclient.netty.request.NettyRequestSender - Using open Channel [id: 0x91e24dbe, L:/127.0.0.1:50803 - R:localhost/127.0.0.1:51817] for POST '/session/0c3fa3221ec5dfca6b88b0224f776570/element'
16:33:09.329 [AsyncHttpClient-1-4] DEBUG org.asynchttpclient.netty.handler.HttpHandler - 

Request DefaultHttpRequest(decodeResult: success, version: HTTP/1.1)
POST /session/0c3fa3221ec5dfca6b88b0224f776570/element HTTP/1.1
User-Agent: selenium/4.1.2 (java windows)
Content-Length: 81
Content-Type: application/json; charset=utf-8
host: localhost:51817
accept: */*

Response DefaultHttpResponse(decodeResult: success, version: HTTP/1.1)
HTTP/1.1 200 OK
Content-Type: application/json; charset=utf-8
cache-control: no-cache
content-length: 88

16:33:09.329 [AsyncHttpClient-1-4] DEBUG org.asynchttpclient.netty.channel.ChannelManager - Adding key: http://localhost:51817 for channel [id: 0x91e24dbe, L:/127.0.0.1:50803 - R:localhost/127.0.0.1:51817]
16:33:09.333 [Forwarding isElementDisplayed on session 0c3fa3221ec5dfca6b88b0224f776570 to remote] DEBUG org.asynchttpclient.netty.request.NettyRequestSender - Using pooled Channel '[id: 0x91e24dbe, L:/127.0.0.1:50803 - R:localhost/127.0.0.1:51817]' for 'POST' to 'http://localhost:51817/session/0c3fa3221ec5dfca6b88b0224f776570/execute/sync'
16:33:09.333 [Forwarding isElementDisplayed on session 0c3fa3221ec5dfca6b88b0224f776570 to remote] DEBUG org.asynchttpclient.netty.request.NettyRequestSender - Using open Channel [id: 0x91e24dbe, L:/127.0.0.1:50803 - R:localhost/127.0.0.1:51817] for POST '/session/0c3fa3221ec5dfca6b88b0224f776570/execute/sync'
16:33:09.352 [AsyncHttpClient-1-4] DEBUG org.asynchttpclient.netty.handler.HttpHandler - 

Request DefaultHttpRequest(decodeResult: success, version: HTTP/1.1)
POST /session/0c3fa3221ec5dfca6b88b0224f776570/execute/sync HTTP/1.1
User-Agent: selenium/4.1.2 (java windows)
Content-Length: 48780
Content-Type: application/json; charset=utf-8
host: localhost:51817
accept: */*

Response DefaultHttpResponse(decodeResult: success, version: HTTP/1.1)
HTTP/1.1 200 OK
Content-Type: application/json; charset=utf-8
cache-control: no-cache
content-length: 14

16:33:09.352 [AsyncHttpClient-1-4] DEBUG org.asynchttpclient.netty.channel.ChannelManager - Adding key: http://localhost:51817 for channel [id: 0x91e24dbe, L:/127.0.0.1:50803 - R:localhost/127.0.0.1:51817]
16:33:09.357 [Forwarding screenshot on session 0c3fa3221ec5dfca6b88b0224f776570 to remote] DEBUG org.asynchttpclient.netty.request.NettyRequestSender - Using pooled Channel '[id: 0x91e24dbe, L:/127.0.0.1:50803 - R:localhost/127.0.0.1:51817]' for 'GET' to 'http://localhost:51817/session/0c3fa3221ec5dfca6b88b0224f776570/screenshot'
16:33:09.357 [Forwarding screenshot on session 0c3fa3221ec5dfca6b88b0224f776570 to remote] DEBUG org.asynchttpclient.netty.request.NettyRequestSender - Using open Channel [id: 0x91e24dbe, L:/127.0.0.1:50803 - R:localhost/127.0.0.1:51817] for GET '/session/0c3fa3221ec5dfca6b88b0224f776570/screenshot'
16:33:09.619 [AsyncHttpClient-1-4] DEBUG org.asynchttpclient.netty.handler.HttpHandler - 

Request DefaultFullHttpRequest(decodeResult: success, version: HTTP/1.1, content: EmptyByteBufBE)
GET /session/0c3fa3221ec5dfca6b88b0224f776570/screenshot HTTP/1.1
User-Agent: selenium/4.1.2 (java windows)
Cache-Control: no-cache
Content-Type: application/json; charset=utf-8
host: localhost:51817
accept: */*

Response DefaultHttpResponse(decodeResult: success, version: HTTP/1.1)
HTTP/1.1 200 OK
Content-Type: application/json; charset=utf-8
cache-control: no-cache
content-length: 351816

16:33:09.620 [AsyncHttpClient-1-4] DEBUG org.asynchttpclient.netty.channel.ChannelManager - Adding key: http://localhost:51817 for channel [id: 0x91e24dbe, L:/127.0.0.1:50803 - R:localhost/127.0.0.1:51817]
16:33:09.677 [main] DEBUG net.serenitybdd.core.photography.Darkroom - Send negative for processing for target\site\serenity\20277f1d76f1b925628464fcd1ece5de77a814679d1be3fdcf836a7ddadfed60.png
16:33:09.677 [main] DEBUG net.thucydides.core.steps.StepInterceptor - STEP DONE: validateOnDashboardPage
  &amp#27;[32mGiven &amp#27;[0m&amp#27;[32mI am at the dashboard page&amp#27;[0m              &amp#27;[90m# starter.stepdefinitions.PatientSteps.iAmAtTheDashboardPage()&amp#27;[0m
16:33:09.695 [main] DEBUG net.thucydides.core.steps.StepInterceptor - STARTING STEP: PatientSteps.iClickMenuPatient - clickMenuPatientButton
16:33:09.698 [Forwarding findElement on session 0c3fa3221ec5dfca6b88b0224f776570 to remote] DEBUG org.asynchttpclient.netty.request.NettyRequestSender - Using pooled Channel '[id: 0x91e24dbe, L:/127.0.0.1:50803 - R:localhost/127.0.0.1:51817]' for 'POST' to 'http://localhost:51817/session/0c3fa3221ec5dfca6b88b0224f776570/element'
16:33:09.698 [Forwarding findElement on session 0c3fa3221ec5dfca6b88b0224f776570 to remote] DEBUG org.asynchttpclient.netty.request.NettyRequestSender - Using open Channel [id: 0x91e24dbe, L:/127.0.0.1:50803 - R:localhost/127.0.0.1:51817] for POST '/session/0c3fa3221ec5dfca6b88b0224f776570/element'
16:33:09.715 [AsyncHttpClient-1-4] DEBUG org.asynchttpclient.netty.handler.HttpHandler - 

Request DefaultHttpRequest(decodeResult: success, version: HTTP/1.1)
POST /session/0c3fa3221ec5dfca6b88b0224f776570/element HTTP/1.1
User-Agent: selenium/4.1.2 (java windows)
Content-Length: 80
Content-Type: application/json; charset=utf-8
host: localhost:51817
accept: */*

Response DefaultHttpResponse(decodeResult: success, version: HTTP/1.1)
HTTP/1.1 200 OK
Content-Type: application/json; charset=utf-8
cache-control: no-cache
content-length: 88

16:33:09.715 [AsyncHttpClient-1-4] DEBUG org.asynchttpclient.netty.channel.ChannelManager - Adding key: http://localhost:51817 for channel [id: 0x91e24dbe, L:/127.0.0.1:50803 - R:localhost/127.0.0.1:51817]
16:33:09.716 [Forwarding getElementTagName on session 0c3fa3221ec5dfca6b88b0224f776570 to remote] DEBUG org.asynchttpclient.netty.request.NettyRequestSender - Using pooled Channel '[id: 0x91e24dbe, L:/127.0.0.1:50803 - R:localhost/127.0.0.1:51817]' for 'GET' to 'http://localhost:51817/session/0c3fa3221ec5dfca6b88b0224f776570/element/d748e306-3a70-4d81-8af9-b25ac71ae7e0/name'
16:33:09.716 [Forwarding getElementTagName on session 0c3fa3221ec5dfca6b88b0224f776570 to remote] DEBUG org.asynchttpclient.netty.request.NettyRequestSender - Using open Channel [id: 0x91e24dbe, L:/127.0.0.1:50803 - R:localhost/127.0.0.1:51817] for GET '/session/0c3fa3221ec5dfca6b88b0224f776570/element/d748e306-3a70-4d81-8af9-b25ac71ae7e0/name'
16:33:09.722 [AsyncHttpClient-1-4] DEBUG org.asynchttpclient.netty.handler.HttpHandler - 

Request DefaultFullHttpRequest(decodeResult: success, version: HTTP/1.1, content: EmptyByteBufBE)
GET /session/0c3fa3221ec5dfca6b88b0224f776570/element/d748e306-3a70-4d81-8af9-b25ac71ae7e0/name HTTP/1.1
User-Agent: selenium/4.1.2 (java windows)
Cache-Control: no-cache
Content-Type: application/json; charset=utf-8
host: localhost:51817
accept: */*

Response DefaultHttpResponse(decodeResult: success, version: HTTP/1.1)
HTTP/1.1 200 OK
Content-Type: application/json; charset=utf-8
cache-control: no-cache
content-length: 15

16:33:09.722 [AsyncHttpClient-1-4] DEBUG org.asynchttpclient.netty.channel.ChannelManager - Adding key: http://localhost:51817 for channel [id: 0x91e24dbe, L:/127.0.0.1:50803 - R:localhost/127.0.0.1:51817]
16:33:09.724 [Forwarding getElementTagName on session 0c3fa3221ec5dfca6b88b0224f776570 to remote] DEBUG org.asynchttpclient.netty.request.NettyRequestSender - Using pooled Channel '[id: 0x91e24dbe, L:/127.0.0.1:50803 - R:localhost/127.0.0.1:51817]' for 'GET' to 'http://localhost:51817/session/0c3fa3221ec5dfca6b88b0224f776570/element/d748e306-3a70-4d81-8af9-b25ac71ae7e0/name'
16:33:09.724 [Forwarding getElementTagName on session 0c3fa3221ec5dfca6b88b0224f776570 to remote] DEBUG org.asynchttpclient.netty.request.NettyRequestSender - Using open Channel [id: 0x91e24dbe, L:/127.0.0.1:50803 - R:localhost/127.0.0.1:51817] for GET '/session/0c3fa3221ec5dfca6b88b0224f776570/element/d748e306-3a70-4d81-8af9-b25ac71ae7e0/name'
16:33:09.728 [AsyncHttpClient-1-4] DEBUG org.asynchttpclient.netty.handler.HttpHandler - 

Request DefaultFullHttpRequest(decodeResult: success, version: HTTP/1.1, content: EmptyByteBufBE)
GET /session/0c3fa3221ec5dfca6b88b0224f776570/element/d748e306-3a70-4d81-8af9-b25ac71ae7e0/name HTTP/1.1
User-Agent: selenium/4.1.2 (java windows)
Cache-Control: no-cache
Content-Type: application/json; charset=utf-8
host: localhost:51817
accept: */*

Response DefaultHttpResponse(decodeResult: success, version: HTTP/1.1)
HTTP/1.1 200 OK
Content-Type: application/json; charset=utf-8
cache-control: no-cache
content-length: 15

16:33:09.728 [AsyncHttpClient-1-4] DEBUG org.asynchttpclient.netty.channel.ChannelManager - Adding key: http://localhost:51817 for channel [id: 0x91e24dbe, L:/127.0.0.1:50803 - R:localhost/127.0.0.1:51817]
16:33:09.730 [Forwarding findElement on session 0c3fa3221ec5dfca6b88b0224f776570 to remote] DEBUG org.asynchttpclient.netty.request.NettyRequestSender - Using pooled Channel '[id: 0x91e24dbe, L:/127.0.0.1:50803 - R:localhost/127.0.0.1:51817]' for 'POST' to 'http://localhost:51817/session/0c3fa3221ec5dfca6b88b0224f776570/element'
16:33:09.730 [Forwarding findElement on session 0c3fa3221ec5dfca6b88b0224f776570 to remote] DEBUG org.asynchttpclient.netty.request.NettyRequestSender - Using open Channel [id: 0x91e24dbe, L:/127.0.0.1:50803 - R:localhost/127.0.0.1:51817] for POST '/session/0c3fa3221ec5dfca6b88b0224f776570/element'
16:33:09.738 [AsyncHttpClient-1-4] DEBUG org.asynchttpclient.netty.handler.HttpHandler - 

Request DefaultHttpRequest(decodeResult: success, version: HTTP/1.1)
POST /session/0c3fa3221ec5dfca6b88b0224f776570/element HTTP/1.1
User-Agent: selenium/4.1.2 (java windows)
Content-Length: 80
Content-Type: application/json; charset=utf-8
host: localhost:51817
accept: */*

Response DefaultHttpResponse(decodeResult: success, version: HTTP/1.1)
HTTP/1.1 200 OK
Content-Type: application/json; charset=utf-8
cache-control: no-cache
content-length: 88

16:33:09.738 [AsyncHttpClient-1-4] DEBUG org.asynchttpclient.netty.channel.ChannelManager - Adding key: http://localhost:51817 for channel [id: 0x91e24dbe, L:/127.0.0.1:50803 - R:localhost/127.0.0.1:51817]
16:33:09.740 [Forwarding clickElement on session 0c3fa3221ec5dfca6b88b0224f776570 to remote] DEBUG org.asynchttpclient.netty.request.NettyRequestSender - Using pooled Channel '[id: 0x91e24dbe, L:/127.0.0.1:50803 - R:localhost/127.0.0.1:51817]' for 'POST' to 'http://localhost:51817/session/0c3fa3221ec5dfca6b88b0224f776570/element/d748e306-3a70-4d81-8af9-b25ac71ae7e0/click'
16:33:09.740 [Forwarding clickElement on session 0c3fa3221ec5dfca6b88b0224f776570 to remote] DEBUG org.asynchttpclient.netty.request.NettyRequestSender - Using open Channel [id: 0x91e24dbe, L:/127.0.0.1:50803 - R:localhost/127.0.0.1:51817] for POST '/session/0c3fa3221ec5dfca6b88b0224f776570/element/d748e306-3a70-4d81-8af9-b25ac71ae7e0/click'
16:33:09.891 [AsyncHttpClient-1-4] DEBUG org.asynchttpclient.netty.handler.HttpHandler - 

Request DefaultHttpRequest(decodeResult: success, version: HTTP/1.1)
POST /session/0c3fa3221ec5dfca6b88b0224f776570/element/d748e306-3a70-4d81-8af9-b25ac71ae7e0/click HTTP/1.1
User-Agent: selenium/4.1.2 (java windows)
Content-Length: 50
Content-Type: application/json; charset=utf-8
host: localhost:51817
accept: */*

Response DefaultHttpResponse(decodeResult: success, version: HTTP/1.1)
HTTP/1.1 200 OK
Content-Type: application/json; charset=utf-8
cache-control: no-cache
content-length: 14

16:33:09.891 [AsyncHttpClient-1-4] DEBUG org.asynchttpclient.netty.channel.ChannelManager - Adding key: http://localhost:51817 for channel [id: 0x91e24dbe, L:/127.0.0.1:50803 - R:localhost/127.0.0.1:51817]
16:33:09.899 [Forwarding screenshot on session 0c3fa3221ec5dfca6b88b0224f776570 to remote] DEBUG org.asynchttpclient.netty.request.NettyRequestSender - Using pooled Channel '[id: 0x91e24dbe, L:/127.0.0.1:50803 - R:localhost/127.0.0.1:51817]' for 'GET' to 'http://localhost:51817/session/0c3fa3221ec5dfca6b88b0224f776570/screenshot'
16:33:09.899 [Forwarding screenshot on session 0c3fa3221ec5dfca6b88b0224f776570 to remote] DEBUG org.asynchttpclient.netty.request.NettyRequestSender - Using open Channel [id: 0x91e24dbe, L:/127.0.0.1:50803 - R:localhost/127.0.0.1:51817] for GET '/session/0c3fa3221ec5dfca6b88b0224f776570/screenshot'
16:33:10.006 [AsyncHttpClient-1-4] DEBUG org.asynchttpclient.netty.handler.HttpHandler - 

Request DefaultFullHttpRequest(decodeResult: success, version: HTTP/1.1, content: EmptyByteBufBE)
GET /session/0c3fa3221ec5dfca6b88b0224f776570/screenshot HTTP/1.1
User-Agent: selenium/4.1.2 (java windows)
Cache-Control: no-cache
Content-Type: application/json; charset=utf-8
host: localhost:51817
accept: */*

Response DefaultHttpResponse(decodeResult: success, version: HTTP/1.1)
HTTP/1.1 200 OK
Content-Type: application/json; charset=utf-8
cache-control: no-cache
content-length: 55356

16:33:10.006 [AsyncHttpClient-1-4] DEBUG org.asynchttpclient.netty.channel.ChannelManager - Adding key: http://localhost:51817 for channel [id: 0x91e24dbe, L:/127.0.0.1:50803 - R:localhost/127.0.0.1:51817]
16:33:10.009 [main] DEBUG net.serenitybdd.core.photography.Darkroom - Send negative for processing for target\site\serenity\ba5e98368b8b80bc67dec291e300f29f857b0a624580ce977aa7580a9f0871db.png
16:33:10.009 [main] DEBUG net.thucydides.core.steps.StepInterceptor - STEP DONE: clickMenuPatientButton
  &amp#27;[32mAnd &amp#27;[0m&amp#27;[32mI click menu patient&amp#27;[0m                      &amp#27;[90m# starter.stepdefinitions.PatientSteps.iClickMenuPatient()&amp#27;[0m
16:33:10.024 [main] DEBUG net.thucydides.core.steps.StepInterceptor - STARTING STEP: PatientSteps.iClickEditPatientButton - clickEditPatientButton
16:33:10.027 [Forwarding findElement on session 0c3fa3221ec5dfca6b88b0224f776570 to remote] DEBUG org.asynchttpclient.netty.request.NettyRequestSender - Using pooled Channel '[id: 0x91e24dbe, L:/127.0.0.1:50803 - R:localhost/127.0.0.1:51817]' for 'POST' to 'http://localhost:51817/session/0c3fa3221ec5dfca6b88b0224f776570/element'
16:33:10.027 [Forwarding findElement on session 0c3fa3221ec5dfca6b88b0224f776570 to remote] DEBUG org.asynchttpclient.netty.request.NettyRequestSender - Using open Channel [id: 0x91e24dbe, L:/127.0.0.1:50803 - R:localhost/127.0.0.1:51817] for POST '/session/0c3fa3221ec5dfca6b88b0224f776570/element'
16:33:10.338 [AsyncHttpClient-1-1] DEBUG org.asynchttpclient.netty.channel.DefaultChannelPool - Entry count for : http://localhost:50805 : 1
16:33:11.163 [AsyncHttpClient-1-4] DEBUG org.asynchttpclient.netty.handler.HttpHandler - 

Request DefaultHttpRequest(decodeResult: success, version: HTTP/1.1)
POST /session/0c3fa3221ec5dfca6b88b0224f776570/element HTTP/1.1
User-Agent: selenium/4.1.2 (java windows)
Content-Length: 91
Content-Type: application/json; charset=utf-8
host: localhost:51817
accept: */*

Response DefaultHttpResponse(decodeResult: success, version: HTTP/1.1)
HTTP/1.1 200 OK
Content-Type: application/json; charset=utf-8
cache-control: no-cache
content-length: 88

16:33:11.163 [AsyncHttpClient-1-4] DEBUG org.asynchttpclient.netty.channel.ChannelManager - Adding key: http://localhost:51817 for channel [id: 0x91e24dbe, L:/127.0.0.1:50803 - R:localhost/127.0.0.1:51817]
16:33:11.166 [Forwarding getElementTagName on session 0c3fa3221ec5dfca6b88b0224f776570 to remote] DEBUG org.asynchttpclient.netty.request.NettyRequestSender - Using pooled Channel '[id: 0x91e24dbe, L:/127.0.0.1:50803 - R:localhost/127.0.0.1:51817]' for 'GET' to 'http://localhost:51817/session/0c3fa3221ec5dfca6b88b0224f776570/element/eb17cd3a-551f-4d1b-acea-0969e8fc317a/name'
16:33:11.166 [Forwarding getElementTagName on session 0c3fa3221ec5dfca6b88b0224f776570 to remote] DEBUG org.asynchttpclient.netty.request.NettyRequestSender - Using open Channel [id: 0x91e24dbe, L:/127.0.0.1:50803 - R:localhost/127.0.0.1:51817] for GET '/session/0c3fa3221ec5dfca6b88b0224f776570/element/eb17cd3a-551f-4d1b-acea-0969e8fc317a/name'
16:33:11.175 [AsyncHttpClient-1-4] DEBUG org.asynchttpclient.netty.handler.HttpHandler - 

Request DefaultFullHttpRequest(decodeResult: success, version: HTTP/1.1, content: EmptyByteBufBE)
GET /session/0c3fa3221ec5dfca6b88b0224f776570/element/eb17cd3a-551f-4d1b-acea-0969e8fc317a/name HTTP/1.1
User-Agent: selenium/4.1.2 (java windows)
Cache-Control: no-cache
Content-Type: application/json; charset=utf-8
host: localhost:51817
accept: */*

Response DefaultHttpResponse(decodeResult: success, version: HTTP/1.1)
HTTP/1.1 200 OK
Content-Type: application/json; charset=utf-8
cache-control: no-cache
content-length: 18

16:33:11.176 [AsyncHttpClient-1-4] DEBUG org.asynchttpclient.netty.channel.ChannelManager - Adding key: http://localhost:51817 for channel [id: 0x91e24dbe, L:/127.0.0.1:50803 - R:localhost/127.0.0.1:51817]
16:33:11.177 [Forwarding getElementTagName on session 0c3fa3221ec5dfca6b88b0224f776570 to remote] DEBUG org.asynchttpclient.netty.request.NettyRequestSender - Using pooled Channel '[id: 0x91e24dbe, L:/127.0.0.1:50803 - R:localhost/127.0.0.1:51817]' for 'GET' to 'http://localhost:51817/session/0c3fa3221ec5dfca6b88b0224f776570/element/eb17cd3a-551f-4d1b-acea-0969e8fc317a/name'
16:33:11.177 [Forwarding getElementTagName on session 0c3fa3221ec5dfca6b88b0224f776570 to remote] DEBUG org.asynchttpclient.netty.request.NettyRequestSender - Using open Channel [id: 0x91e24dbe, L:/127.0.0.1:50803 - R:localhost/127.0.0.1:51817] for GET '/session/0c3fa3221ec5dfca6b88b0224f776570/element/eb17cd3a-551f-4d1b-acea-0969e8fc317a/name'
16:33:11.181 [AsyncHttpClient-1-4] DEBUG org.asynchttpclient.netty.handler.HttpHandler - 

Request DefaultFullHttpRequest(decodeResult: success, version: HTTP/1.1, content: EmptyByteBufBE)
GET /session/0c3fa3221ec5dfca6b88b0224f776570/element/eb17cd3a-551f-4d1b-acea-0969e8fc317a/name HTTP/1.1
User-Agent: selenium/4.1.2 (java windows)
Cache-Control: no-cache
Content-Type: application/json; charset=utf-8
host: localhost:51817
accept: */*

Response DefaultHttpResponse(decodeResult: success, version: HTTP/1.1)
HTTP/1.1 200 OK
Content-Type: application/json; charset=utf-8
cache-control: no-cache
content-length: 18

16:33:11.181 [AsyncHttpClient-1-4] DEBUG org.asynchttpclient.netty.channel.ChannelManager - Adding key: http://localhost:51817 for channel [id: 0x91e24dbe, L:/127.0.0.1:50803 - R:localhost/127.0.0.1:51817]
16:33:11.184 [Forwarding isElementEnabled on session 0c3fa3221ec5dfca6b88b0224f776570 to remote] DEBUG org.asynchttpclient.netty.request.NettyRequestSender - Using pooled Channel '[id: 0x91e24dbe, L:/127.0.0.1:50803 - R:localhost/127.0.0.1:51817]' for 'GET' to 'http://localhost:51817/session/0c3fa3221ec5dfca6b88b0224f776570/element/eb17cd3a-551f-4d1b-acea-0969e8fc317a/enabled'
16:33:11.184 [Forwarding isElementEnabled on session 0c3fa3221ec5dfca6b88b0224f776570 to remote] DEBUG org.asynchttpclient.netty.request.NettyRequestSender - Using open Channel [id: 0x91e24dbe, L:/127.0.0.1:50803 - R:localhost/127.0.0.1:51817] for GET '/session/0c3fa3221ec5dfca6b88b0224f776570/element/eb17cd3a-551f-4d1b-acea-0969e8fc317a/enabled'
16:33:11.193 [AsyncHttpClient-1-4] DEBUG org.asynchttpclient.netty.handler.HttpHandler - 

Request DefaultFullHttpRequest(decodeResult: success, version: HTTP/1.1, content: EmptyByteBufBE)
GET /session/0c3fa3221ec5dfca6b88b0224f776570/element/eb17cd3a-551f-4d1b-acea-0969e8fc317a/enabled HTTP/1.1
User-Agent: selenium/4.1.2 (java windows)
Cache-Control: no-cache
Content-Type: application/json; charset=utf-8
host: localhost:51817
accept: */*

Response DefaultHttpResponse(decodeResult: success, version: HTTP/1.1)
HTTP/1.1 200 OK
Content-Type: application/json; charset=utf-8
cache-control: no-cache
content-length: 14

16:33:11.193 [AsyncHttpClient-1-4] DEBUG org.asynchttpclient.netty.channel.ChannelManager - Adding key: http://localhost:51817 for channel [id: 0x91e24dbe, L:/127.0.0.1:50803 - R:localhost/127.0.0.1:51817]
16:33:11.195 [Forwarding isElementEnabled on session 0c3fa3221ec5dfca6b88b0224f776570 to remote] DEBUG org.asynchttpclient.netty.request.NettyRequestSender - Using pooled Channel '[id: 0x91e24dbe, L:/127.0.0.1:50803 - R:localhost/127.0.0.1:51817]' for 'GET' to 'http://localhost:51817/session/0c3fa3221ec5dfca6b88b0224f776570/element/eb17cd3a-551f-4d1b-acea-0969e8fc317a/enabled'
16:33:11.195 [Forwarding isElementEnabled on session 0c3fa3221ec5dfca6b88b0224f776570 to remote] DEBUG org.asynchttpclient.netty.request.NettyRequestSender - Using open Channel [id: 0x91e24dbe, L:/127.0.0.1:50803 - R:localhost/127.0.0.1:51817] for GET '/session/0c3fa3221ec5dfca6b88b0224f776570/element/eb17cd3a-551f-4d1b-acea-0969e8fc317a/enabled'
16:33:11.409 [AsyncHttpClient-1-4] DEBUG org.asynchttpclient.netty.handler.HttpHandler - 

Request DefaultFullHttpRequest(decodeResult: success, version: HTTP/1.1, content: EmptyByteBufBE)
GET /session/0c3fa3221ec5dfca6b88b0224f776570/element/eb17cd3a-551f-4d1b-acea-0969e8fc317a/enabled HTTP/1.1
User-Agent: selenium/4.1.2 (java windows)
Cache-Control: no-cache
Content-Type: application/json; charset=utf-8
host: localhost:51817
accept: */*

Response DefaultHttpResponse(decodeResult: success, version: HTTP/1.1)
HTTP/1.1 200 OK
Content-Type: application/json; charset=utf-8
cache-control: no-cache
content-length: 14

16:33:11.409 [AsyncHttpClient-1-4] DEBUG org.asynchttpclient.netty.channel.ChannelManager - Adding key: http://localhost:51817 for channel [id: 0x91e24dbe, L:/127.0.0.1:50803 - R:localhost/127.0.0.1:51817]
16:33:11.437 [AsyncHttpClient-1-1] DEBUG org.asynchttpclient.netty.channel.DefaultChannelPool - Entry count for : http://localhost:51817 : 1
16:33:11.437 [AsyncHttpClient-1-1] DEBUG org.asynchttpclient.netty.channel.DefaultChannelPool - Entry count for : http://localhost:50805 : 1
16:33:11.475 [Forwarding findElement on session 0c3fa3221ec5dfca6b88b0224f776570 to remote] DEBUG org.asynchttpclient.netty.request.NettyRequestSender - Using pooled Channel '[id: 0x91e24dbe, L:/127.0.0.1:50803 - R:localhost/127.0.0.1:51817]' for 'POST' to 'http://localhost:51817/session/0c3fa3221ec5dfca6b88b0224f776570/element'
16:33:11.475 [Forwarding findElement on session 0c3fa3221ec5dfca6b88b0224f776570 to remote] DEBUG org.asynchttpclient.netty.request.NettyRequestSender - Using open Channel [id: 0x91e24dbe, L:/127.0.0.1:50803 - R:localhost/127.0.0.1:51817] for POST '/session/0c3fa3221ec5dfca6b88b0224f776570/element'
16:33:11.492 [AsyncHttpClient-1-4] DEBUG org.asynchttpclient.netty.handler.HttpHandler - 

Request DefaultHttpRequest(decodeResult: success, version: HTTP/1.1)
POST /session/0c3fa3221ec5dfca6b88b0224f776570/element HTTP/1.1
User-Agent: selenium/4.1.2 (java windows)
Content-Length: 91
Content-Type: application/json; charset=utf-8
host: localhost:51817
accept: */*

Response DefaultHttpResponse(decodeResult: success, version: HTTP/1.1)
HTTP/1.1 200 OK
Content-Type: application/json; charset=utf-8
cache-control: no-cache
content-length: 88

16:33:11.492 [AsyncHttpClient-1-4] DEBUG org.asynchttpclient.netty.channel.ChannelManager - Adding key: http://localhost:51817 for channel [id: 0x91e24dbe, L:/127.0.0.1:50803 - R:localhost/127.0.0.1:51817]
16:33:11.495 [Forwarding getElementTagName on session 0c3fa3221ec5dfca6b88b0224f776570 to remote] DEBUG org.asynchttpclient.netty.request.NettyRequestSender - Using pooled Channel '[id: 0x91e24dbe, L:/127.0.0.1:50803 - R:localhost/127.0.0.1:51817]' for 'GET' to 'http://localhost:51817/session/0c3fa3221ec5dfca6b88b0224f776570/element/eb17cd3a-551f-4d1b-acea-0969e8fc317a/name'
16:33:11.495 [Forwarding getElementTagName on session 0c3fa3221ec5dfca6b88b0224f776570 to remote] DEBUG org.asynchttpclient.netty.request.NettyRequestSender - Using open Channel [id: 0x91e24dbe, L:/127.0.0.1:50803 - R:localhost/127.0.0.1:51817] for GET '/session/0c3fa3221ec5dfca6b88b0224f776570/element/eb17cd3a-551f-4d1b-acea-0969e8fc317a/name'
16:33:11.505 [AsyncHttpClient-1-4] DEBUG org.asynchttpclient.netty.handler.HttpHandler - 

Request DefaultFullHttpRequest(decodeResult: success, version: HTTP/1.1, content: EmptyByteBufBE)
GET /session/0c3fa3221ec5dfca6b88b0224f776570/element/eb17cd3a-551f-4d1b-acea-0969e8fc317a/name HTTP/1.1
User-Agent: selenium/4.1.2 (java windows)
Cache-Control: no-cache
Content-Type: application/json; charset=utf-8
host: localhost:51817
accept: */*

Response DefaultHttpResponse(decodeResult: success, version: HTTP/1.1)
HTTP/1.1 200 OK
Content-Type: application/json; charset=utf-8
cache-control: no-cache
content-length: 18

16:33:11.506 [AsyncHttpClient-1-4] DEBUG org.asynchttpclient.netty.channel.ChannelManager - Adding key: http://localhost:51817 for channel [id: 0x91e24dbe, L:/127.0.0.1:50803 - R:localhost/127.0.0.1:51817]
16:33:11.509 [Forwarding getElementTagName on session 0c3fa3221ec5dfca6b88b0224f776570 to remote] DEBUG org.asynchttpclient.netty.request.NettyRequestSender - Using pooled Channel '[id: 0x91e24dbe, L:/127.0.0.1:50803 - R:localhost/127.0.0.1:51817]' for 'GET' to 'http://localhost:51817/session/0c3fa3221ec5dfca6b88b0224f776570/element/eb17cd3a-551f-4d1b-acea-0969e8fc317a/name'
16:33:11.509 [Forwarding getElementTagName on session 0c3fa3221ec5dfca6b88b0224f776570 to remote] DEBUG org.asynchttpclient.netty.request.NettyRequestSender - Using open Channel [id: 0x91e24dbe, L:/127.0.0.1:50803 - R:localhost/127.0.0.1:51817] for GET '/session/0c3fa3221ec5dfca6b88b0224f776570/element/eb17cd3a-551f-4d1b-acea-0969e8fc317a/name'
16:33:11.519 [AsyncHttpClient-1-4] DEBUG org.asynchttpclient.netty.handler.HttpHandler - 

Request DefaultFullHttpRequest(decodeResult: success, version: HTTP/1.1, content: EmptyByteBufBE)
GET /session/0c3fa3221ec5dfca6b88b0224f776570/element/eb17cd3a-551f-4d1b-acea-0969e8fc317a/name HTTP/1.1
User-Agent: selenium/4.1.2 (java windows)
Cache-Control: no-cache
Content-Type: application/json; charset=utf-8
host: localhost:51817
accept: */*

Response DefaultHttpResponse(decodeResult: success, version: HTTP/1.1)
HTTP/1.1 200 OK
Content-Type: application/json; charset=utf-8
cache-control: no-cache
content-length: 18

16:33:11.519 [AsyncHttpClient-1-4] DEBUG org.asynchttpclient.netty.channel.ChannelManager - Adding key: http://localhost:51817 for channel [id: 0x91e24dbe, L:/127.0.0.1:50803 - R:localhost/127.0.0.1:51817]
16:33:11.525 [Forwarding isElementEnabled on session 0c3fa3221ec5dfca6b88b0224f776570 to remote] DEBUG org.asynchttpclient.netty.request.NettyRequestSender - Using pooled Channel '[id: 0x91e24dbe, L:/127.0.0.1:50803 - R:localhost/127.0.0.1:51817]' for 'GET' to 'http://localhost:51817/session/0c3fa3221ec5dfca6b88b0224f776570/element/eb17cd3a-551f-4d1b-acea-0969e8fc317a/enabled'
16:33:11.525 [Forwarding isElementEnabled on session 0c3fa3221ec5dfca6b88b0224f776570 to remote] DEBUG org.asynchttpclient.netty.request.NettyRequestSender - Using open Channel [id: 0x91e24dbe, L:/127.0.0.1:50803 - R:localhost/127.0.0.1:51817] for GET '/session/0c3fa3221ec5dfca6b88b0224f776570/element/eb17cd3a-551f-4d1b-acea-0969e8fc317a/enabled'
16:33:11.543 [AsyncHttpClient-1-4] DEBUG org.asynchttpclient.netty.handler.HttpHandler - 

Request DefaultFullHttpRequest(decodeResult: success, version: HTTP/1.1, content: EmptyByteBufBE)
GET /session/0c3fa3221ec5dfca6b88b0224f776570/element/eb17cd3a-551f-4d1b-acea-0969e8fc317a/enabled HTTP/1.1
User-Agent: selenium/4.1.2 (java windows)
Cache-Control: no-cache
Content-Type: application/json; charset=utf-8
host: localhost:51817
accept: */*

Response DefaultHttpResponse(decodeResult: success, version: HTTP/1.1)
HTTP/1.1 200 OK
Content-Type: application/json; charset=utf-8
cache-control: no-cache
content-length: 14

16:33:11.544 [AsyncHttpClient-1-4] DEBUG org.asynchttpclient.netty.channel.ChannelManager - Adding key: http://localhost:51817 for channel [id: 0x91e24dbe, L:/127.0.0.1:50803 - R:localhost/127.0.0.1:51817]
16:33:11.546 [Forwarding isElementEnabled on session 0c3fa3221ec5dfca6b88b0224f776570 to remote] DEBUG org.asynchttpclient.netty.request.NettyRequestSender - Using pooled Channel '[id: 0x91e24dbe, L:/127.0.0.1:50803 - R:localhost/127.0.0.1:51817]' for 'GET' to 'http://localhost:51817/session/0c3fa3221ec5dfca6b88b0224f776570/element/eb17cd3a-551f-4d1b-acea-0969e8fc317a/enabled'
16:33:11.546 [Forwarding isElementEnabled on session 0c3fa3221ec5dfca6b88b0224f776570 to remote] DEBUG org.asynchttpclient.netty.request.NettyRequestSender - Using open Channel [id: 0x91e24dbe, L:/127.0.0.1:50803 - R:localhost/127.0.0.1:51817] for GET '/session/0c3fa3221ec5dfca6b88b0224f776570/element/eb17cd3a-551f-4d1b-acea-0969e8fc317a/enabled'
16:33:11.555 [AsyncHttpClient-1-4] DEBUG org.asynchttpclient.netty.handler.HttpHandler - 

Request DefaultFullHttpRequest(decodeResult: success, version: HTTP/1.1, content: EmptyByteBufBE)
GET /session/0c3fa3221ec5dfca6b88b0224f776570/element/eb17cd3a-551f-4d1b-acea-0969e8fc317a/enabled HTTP/1.1
User-Agent: selenium/4.1.2 (java windows)
Cache-Control: no-cache
Content-Type: application/json; charset=utf-8
host: localhost:51817
accept: */*

Response DefaultHttpResponse(decodeResult: success, version: HTTP/1.1)
HTTP/1.1 200 OK
Content-Type: application/json; charset=utf-8
cache-control: no-cache
content-length: 14

16:33:11.556 [AsyncHttpClient-1-4] DEBUG org.asynchttpclient.netty.channel.ChannelManager - Adding key: http://localhost:51817 for channel [id: 0x91e24dbe, L:/127.0.0.1:50803 - R:localhost/127.0.0.1:51817]
16:33:11.558 [Forwarding findElement on session 0c3fa3221ec5dfca6b88b0224f776570 to remote] DEBUG org.asynchttpclient.netty.request.NettyRequestSender - Using pooled Channel '[id: 0x91e24dbe, L:/127.0.0.1:50803 - R:localhost/127.0.0.1:51817]' for 'POST' to 'http://localhost:51817/session/0c3fa3221ec5dfca6b88b0224f776570/element'
16:33:11.558 [Forwarding findElement on session 0c3fa3221ec5dfca6b88b0224f776570 to remote] DEBUG org.asynchttpclient.netty.request.NettyRequestSender - Using open Channel [id: 0x91e24dbe, L:/127.0.0.1:50803 - R:localhost/127.0.0.1:51817] for POST '/session/0c3fa3221ec5dfca6b88b0224f776570/element'
16:33:11.570 [AsyncHttpClient-1-4] DEBUG org.asynchttpclient.netty.handler.HttpHandler - 

Request DefaultHttpRequest(decodeResult: success, version: HTTP/1.1)
POST /session/0c3fa3221ec5dfca6b88b0224f776570/element HTTP/1.1
User-Agent: selenium/4.1.2 (java windows)
Content-Length: 91
Content-Type: application/json; charset=utf-8
host: localhost:51817
accept: */*

Response DefaultHttpResponse(decodeResult: success, version: HTTP/1.1)
HTTP/1.1 200 OK
Content-Type: application/json; charset=utf-8
cache-control: no-cache
content-length: 88

16:33:11.570 [AsyncHttpClient-1-4] DEBUG org.asynchttpclient.netty.channel.ChannelManager - Adding key: http://localhost:51817 for channel [id: 0x91e24dbe, L:/127.0.0.1:50803 - R:localhost/127.0.0.1:51817]
16:33:11.571 [Forwarding clickElement on session 0c3fa3221ec5dfca6b88b0224f776570 to remote] DEBUG org.asynchttpclient.netty.request.NettyRequestSender - Using pooled Channel '[id: 0x91e24dbe, L:/127.0.0.1:50803 - R:localhost/127.0.0.1:51817]' for 'POST' to 'http://localhost:51817/session/0c3fa3221ec5dfca6b88b0224f776570/element/eb17cd3a-551f-4d1b-acea-0969e8fc317a/click'
16:33:11.571 [Forwarding clickElement on session 0c3fa3221ec5dfca6b88b0224f776570 to remote] DEBUG org.asynchttpclient.netty.request.NettyRequestSender - Using open Channel [id: 0x91e24dbe, L:/127.0.0.1:50803 - R:localhost/127.0.0.1:51817] for POST '/session/0c3fa3221ec5dfca6b88b0224f776570/element/eb17cd3a-551f-4d1b-acea-0969e8fc317a/click'
16:33:11.737 [AsyncHttpClient-1-4] DEBUG org.asynchttpclient.netty.handler.HttpHandler - 

Request DefaultHttpRequest(decodeResult: success, version: HTTP/1.1)
POST /session/0c3fa3221ec5dfca6b88b0224f776570/element/eb17cd3a-551f-4d1b-acea-0969e8fc317a/click HTTP/1.1
User-Agent: selenium/4.1.2 (java windows)
Content-Length: 50
Content-Type: application/json; charset=utf-8
host: localhost:51817
accept: */*

Response DefaultHttpResponse(decodeResult: success, version: HTTP/1.1)
HTTP/1.1 200 OK
Content-Type: application/json; charset=utf-8
cache-control: no-cache
content-length: 14

16:33:11.738 [AsyncHttpClient-1-4] DEBUG org.asynchttpclient.netty.channel.ChannelManager - Adding key: http://localhost:51817 for channel [id: 0x91e24dbe, L:/127.0.0.1:50803 - R:localhost/127.0.0.1:51817]
16:33:11.748 [Forwarding screenshot on session 0c3fa3221ec5dfca6b88b0224f776570 to remote] DEBUG org.asynchttpclient.netty.request.NettyRequestSender - Using pooled Channel '[id: 0x91e24dbe, L:/127.0.0.1:50803 - R:localhost/127.0.0.1:51817]' for 'GET' to 'http://localhost:51817/session/0c3fa3221ec5dfca6b88b0224f776570/screenshot'
16:33:11.748 [Forwarding screenshot on session 0c3fa3221ec5dfca6b88b0224f776570 to remote] DEBUG org.asynchttpclient.netty.request.NettyRequestSender - Using open Channel [id: 0x91e24dbe, L:/127.0.0.1:50803 - R:localhost/127.0.0.1:51817] for GET '/session/0c3fa3221ec5dfca6b88b0224f776570/screenshot'
16:33:11.884 [AsyncHttpClient-1-4] DEBUG org.asynchttpclient.netty.handler.HttpHandler - 

Request DefaultFullHttpRequest(decodeResult: success, version: HTTP/1.1, content: EmptyByteBufBE)
GET /session/0c3fa3221ec5dfca6b88b0224f776570/screenshot HTTP/1.1
User-Agent: selenium/4.1.2 (java windows)
Cache-Control: no-cache
Content-Type: application/json; charset=utf-8
host: localhost:51817
accept: */*

Response DefaultHttpResponse(decodeResult: success, version: HTTP/1.1)
HTTP/1.1 200 OK
Content-Type: application/json; charset=utf-8
cache-control: no-cache
content-length: 109172

16:33:11.885 [AsyncHttpClient-1-4] DEBUG org.asynchttpclient.netty.channel.ChannelManager - Adding key: http://localhost:51817 for channel [id: 0x91e24dbe, L:/127.0.0.1:50803 - R:localhost/127.0.0.1:51817]
16:33:11.891 [main] DEBUG net.serenitybdd.core.photography.Darkroom - Send negative for processing for target\site\serenity\0c8501a8e5cc2a0adb4fcd6a430a8892ed398d8976529b59eb1967268c99aa83.png
16:33:11.891 [main] DEBUG net.thucydides.core.steps.StepInterceptor - STEP DONE: clickEditPatientButton
  &amp#27;[32mWhen &amp#27;[0m&amp#27;[32mI click Edit Patient button&amp#27;[0m              &amp#27;[90m# starter.stepdefinitions.PatientSteps.iClickEditPatientButton()&amp#27;[0m
16:33:11.891 [Darkroom Processing Line] DEBUG net.serenitybdd.core.photography.DarkroomProcessingLine - Processing screenshot image in /var/screenshots/screenshot-8647471542386569979
16:33:11.891 [Darkroom Processing Line] DEBUG net.serenitybdd.core.photography.DarkroomProcessingLine - Saving screenshot to target\site\serenity\0c8501a8e5cc2a0adb4fcd6a430a8892ed398d8976529b59eb1967268c99aa83.png
16:33:11.909 [main] DEBUG net.thucydides.core.steps.StepInterceptor - STARTING STEP: PatientSteps.iChangePatientData - clickBlodeTypeDropdown
16:33:12.063 [Forwarding findElement on session 0c3fa3221ec5dfca6b88b0224f776570 to remote] DEBUG org.asynchttpclient.netty.request.NettyRequestSender - Using pooled Channel '[id: 0x91e24dbe, L:/127.0.0.1:50803 - R:localhost/127.0.0.1:51817]' for 'POST' to 'http://localhost:51817/session/0c3fa3221ec5dfca6b88b0224f776570/element'
16:33:12.063 [Forwarding findElement on session 0c3fa3221ec5dfca6b88b0224f776570 to remote] DEBUG org.asynchttpclient.netty.request.NettyRequestSender - Using open Channel [id: 0x91e24dbe, L:/127.0.0.1:50803 - R:localhost/127.0.0.1:51817] for POST '/session/0c3fa3221ec5dfca6b88b0224f776570/element'
16:33:12.087 [AsyncHttpClient-1-4] DEBUG org.asynchttpclient.netty.handler.HttpHandler - 

Request DefaultHttpRequest(decodeResult: success, version: HTTP/1.1)
POST /session/0c3fa3221ec5dfca6b88b0224f776570/element HTTP/1.1
User-Agent: selenium/4.1.2 (java windows)
Content-Length: 82
Content-Type: application/json; charset=utf-8
host: localhost:51817
accept: */*

Response DefaultHttpResponse(decodeResult: success, version: HTTP/1.1)
HTTP/1.1 200 OK
Content-Type: application/json; charset=utf-8
cache-control: no-cache
content-length: 88

16:33:12.087 [AsyncHttpClient-1-4] DEBUG org.asynchttpclient.netty.channel.ChannelManager - Adding key: http://localhost:51817 for channel [id: 0x91e24dbe, L:/127.0.0.1:50803 - R:localhost/127.0.0.1:51817]
16:33:12.089 [Forwarding getElementTagName on session 0c3fa3221ec5dfca6b88b0224f776570 to remote] DEBUG org.asynchttpclient.netty.request.NettyRequestSender - Using pooled Channel '[id: 0x91e24dbe, L:/127.0.0.1:50803 - R:localhost/127.0.0.1:51817]' for 'GET' to 'http://localhost:51817/session/0c3fa3221ec5dfca6b88b0224f776570/element/e80bc105-18b6-4e15-98fc-a0ee65af9e35/name'
16:33:12.089 [Forwarding getElementTagName on session 0c3fa3221ec5dfca6b88b0224f776570 to remote] DEBUG org.asynchttpclient.netty.request.NettyRequestSender - Using open Channel [id: 0x91e24dbe, L:/127.0.0.1:50803 - R:localhost/127.0.0.1:51817] for GET '/session/0c3fa3221ec5dfca6b88b0224f776570/element/e80bc105-18b6-4e15-98fc-a0ee65af9e35/name'
16:33:12.095 [AsyncHttpClient-1-4] DEBUG org.asynchttpclient.netty.handler.HttpHandler - 

Request DefaultFullHttpRequest(decodeResult: success, version: HTTP/1.1, content: EmptyByteBufBE)
GET /session/0c3fa3221ec5dfca6b88b0224f776570/element/e80bc105-18b6-4e15-98fc-a0ee65af9e35/name HTTP/1.1
User-Agent: selenium/4.1.2 (java windows)
Cache-Control: no-cache
Content-Type: application/json; charset=utf-8
host: localhost:51817
accept: */*

Response DefaultHttpResponse(decodeResult: success, version: HTTP/1.1)
HTTP/1.1 200 OK
Content-Type: application/json; charset=utf-8
cache-control: no-cache
content-length: 15

16:33:12.095 [AsyncHttpClient-1-4] DEBUG org.asynchttpclient.netty.channel.ChannelManager - Adding key: http://localhost:51817 for channel [id: 0x91e24dbe, L:/127.0.0.1:50803 - R:localhost/127.0.0.1:51817]
16:33:12.096 [Forwarding getElementTagName on session 0c3fa3221ec5dfca6b88b0224f776570 to remote] DEBUG org.asynchttpclient.netty.request.NettyRequestSender - Using pooled Channel '[id: 0x91e24dbe, L:/127.0.0.1:50803 - R:localhost/127.0.0.1:51817]' for 'GET' to 'http://localhost:51817/session/0c3fa3221ec5dfca6b88b0224f776570/element/e80bc105-18b6-4e15-98fc-a0ee65af9e35/name'
16:33:12.096 [Forwarding getElementTagName on session 0c3fa3221ec5dfca6b88b0224f776570 to remote] DEBUG org.asynchttpclient.netty.request.NettyRequestSender - Using open Channel [id: 0x91e24dbe, L:/127.0.0.1:50803 - R:localhost/127.0.0.1:51817] for GET '/session/0c3fa3221ec5dfca6b88b0224f776570/element/e80bc105-18b6-4e15-98fc-a0ee65af9e35/name'
16:33:12.102 [AsyncHttpClient-1-4] DEBUG org.asynchttpclient.netty.handler.HttpHandler - 

Request DefaultFullHttpRequest(decodeResult: success, version: HTTP/1.1, content: EmptyByteBufBE)
GET /session/0c3fa3221ec5dfca6b88b0224f776570/element/e80bc105-18b6-4e15-98fc-a0ee65af9e35/name HTTP/1.1
User-Agent: selenium/4.1.2 (java windows)
Cache-Control: no-cache
Content-Type: application/json; charset=utf-8
host: localhost:51817
accept: */*

Response DefaultHttpResponse(decodeResult: success, version: HTTP/1.1)
HTTP/1.1 200 OK
Content-Type: application/json; charset=utf-8
cache-control: no-cache
content-length: 15

16:33:12.103 [AsyncHttpClient-1-4] DEBUG org.asynchttpclient.netty.channel.ChannelManager - Adding key: http://localhost:51817 for channel [id: 0x91e24dbe, L:/127.0.0.1:50803 - R:localhost/127.0.0.1:51817]
16:33:12.104 [Forwarding findElement on session 0c3fa3221ec5dfca6b88b0224f776570 to remote] DEBUG org.asynchttpclient.netty.request.NettyRequestSender - Using pooled Channel '[id: 0x91e24dbe, L:/127.0.0.1:50803 - R:localhost/127.0.0.1:51817]' for 'POST' to 'http://localhost:51817/session/0c3fa3221ec5dfca6b88b0224f776570/element'
16:33:12.104 [Forwarding findElement on session 0c3fa3221ec5dfca6b88b0224f776570 to remote] DEBUG org.asynchttpclient.netty.request.NettyRequestSender - Using open Channel [id: 0x91e24dbe, L:/127.0.0.1:50803 - R:localhost/127.0.0.1:51817] for POST '/session/0c3fa3221ec5dfca6b88b0224f776570/element'
16:33:12.116 [AsyncHttpClient-1-4] DEBUG org.asynchttpclient.netty.handler.HttpHandler - 

Request DefaultHttpRequest(decodeResult: success, version: HTTP/1.1)
POST /session/0c3fa3221ec5dfca6b88b0224f776570/element HTTP/1.1
User-Agent: selenium/4.1.2 (java windows)
Content-Length: 82
Content-Type: application/json; charset=utf-8
host: localhost:51817
accept: */*

Response DefaultHttpResponse(decodeResult: success, version: HTTP/1.1)
HTTP/1.1 200 OK
Content-Type: application/json; charset=utf-8
cache-control: no-cache
content-length: 88

16:33:12.116 [AsyncHttpClient-1-4] DEBUG org.asynchttpclient.netty.channel.ChannelManager - Adding key: http://localhost:51817 for channel [id: 0x91e24dbe, L:/127.0.0.1:50803 - R:localhost/127.0.0.1:51817]
16:33:12.118 [Forwarding clickElement on session 0c3fa3221ec5dfca6b88b0224f776570 to remote] DEBUG org.asynchttpclient.netty.request.NettyRequestSender - Using pooled Channel '[id: 0x91e24dbe, L:/127.0.0.1:50803 - R:localhost/127.0.0.1:51817]' for 'POST' to 'http://localhost:51817/session/0c3fa3221ec5dfca6b88b0224f776570/element/e80bc105-18b6-4e15-98fc-a0ee65af9e35/click'
16:33:12.118 [Forwarding clickElement on session 0c3fa3221ec5dfca6b88b0224f776570 to remote] DEBUG org.asynchttpclient.netty.request.NettyRequestSender - Using open Channel [id: 0x91e24dbe, L:/127.0.0.1:50803 - R:localhost/127.0.0.1:51817] for POST '/session/0c3fa3221ec5dfca6b88b0224f776570/element/e80bc105-18b6-4e15-98fc-a0ee65af9e35/click'
16:33:12.271 [AsyncHttpClient-1-4] DEBUG org.asynchttpclient.netty.handler.HttpHandler - 

Request DefaultHttpRequest(decodeResult: success, version: HTTP/1.1)
POST /session/0c3fa3221ec5dfca6b88b0224f776570/element/e80bc105-18b6-4e15-98fc-a0ee65af9e35/click HTTP/1.1
User-Agent: selenium/4.1.2 (java windows)
Content-Length: 50
Content-Type: application/json; charset=utf-8
host: localhost:51817
accept: */*

Response DefaultHttpResponse(decodeResult: success, version: HTTP/1.1)
HTTP/1.1 200 OK
Content-Type: application/json; charset=utf-8
cache-control: no-cache
content-length: 14

16:33:12.271 [AsyncHttpClient-1-4] DEBUG org.asynchttpclient.netty.channel.ChannelManager - Adding key: http://localhost:51817 for channel [id: 0x91e24dbe, L:/127.0.0.1:50803 - R:localhost/127.0.0.1:51817]
16:33:12.282 [Forwarding screenshot on session 0c3fa3221ec5dfca6b88b0224f776570 to remote] DEBUG org.asynchttpclient.netty.request.NettyRequestSender - Using pooled Channel '[id: 0x91e24dbe, L:/127.0.0.1:50803 - R:localhost/127.0.0.1:51817]' for 'GET' to 'http://localhost:51817/session/0c3fa3221ec5dfca6b88b0224f776570/screenshot'
16:33:12.282 [Forwarding screenshot on session 0c3fa3221ec5dfca6b88b0224f776570 to remote] DEBUG org.asynchttpclient.netty.request.NettyRequestSender - Using open Channel [id: 0x91e24dbe, L:/127.0.0.1:50803 - R:localhost/127.0.0.1:51817] for GET '/session/0c3fa3221ec5dfca6b88b0224f776570/screenshot'
16:33:12.421 [AsyncHttpClient-1-4] DEBUG org.asynchttpclient.netty.handler.HttpHandler - 

Request DefaultFullHttpRequest(decodeResult: success, version: HTTP/1.1, content: EmptyByteBufBE)
GET /session/0c3fa3221ec5dfca6b88b0224f776570/screenshot HTTP/1.1
User-Agent: selenium/4.1.2 (java windows)
Cache-Control: no-cache
Content-Type: application/json; charset=utf-8
host: localhost:51817
accept: */*

Response DefaultHttpResponse(decodeResult: success, version: HTTP/1.1)
HTTP/1.1 200 OK
Content-Type: application/json; charset=utf-8
cache-control: no-cache
content-length: 90592

16:33:12.422 [AsyncHttpClient-1-4] DEBUG org.asynchttpclient.netty.channel.ChannelManager - Adding key: http://localhost:51817 for channel [id: 0x91e24dbe, L:/127.0.0.1:50803 - R:localhost/127.0.0.1:51817]
16:33:12.427 [main] DEBUG net.serenitybdd.core.photography.Darkroom - Send negative for processing for target\site\serenity\1f8b407dce4a148215a26dbec4410a00538464c666cfb59e23740c9cce1899a4.png
16:33:12.427 [main] DEBUG net.thucydides.core.steps.StepInterceptor - STEP DONE: clickBlodeTypeDropdown
16:33:12.427 [Darkroom Processing Line] DEBUG net.serenitybdd.core.photography.DarkroomProcessingLine - Processing screenshot image in /var/screenshots/screenshot-4531204791214585464
16:33:12.427 [Darkroom Processing Line] DEBUG net.serenitybdd.core.photography.DarkroomProcessingLine - Saving screenshot to target\site\serenity\1f8b407dce4a148215a26dbec4410a00538464c666cfb59e23740c9cce1899a4.png
16:33:12.433 [main] DEBUG net.thucydides.core.steps.StepInterceptor - STARTING STEP: PatientSteps.iChangePatientData - clickBlodeTypeOption
16:33:12.436 [Forwarding findElement on session 0c3fa3221ec5dfca6b88b0224f776570 to remote] DEBUG org.asynchttpclient.netty.request.NettyRequestSender - Using pooled Channel '[id: 0x91e24dbe, L:/127.0.0.1:50803 - R:localhost/127.0.0.1:51817]' for 'POST' to 'http://localhost:51817/session/0c3fa3221ec5dfca6b88b0224f776570/element'
16:33:12.436 [Forwarding findElement on session 0c3fa3221ec5dfca6b88b0224f776570 to remote] DEBUG org.asynchttpclient.netty.request.NettyRequestSender - Using open Channel [id: 0x91e24dbe, L:/127.0.0.1:50803 - R:localhost/127.0.0.1:51817] for POST '/session/0c3fa3221ec5dfca6b88b0224f776570/element'
16:33:12.451 [AsyncHttpClient-1-4] DEBUG org.asynchttpclient.netty.handler.HttpHandler - 

Request DefaultHttpRequest(decodeResult: success, version: HTTP/1.1)
POST /session/0c3fa3221ec5dfca6b88b0224f776570/element HTTP/1.1
User-Agent: selenium/4.1.2 (java windows)
Content-Length: 119
Content-Type: application/json; charset=utf-8
host: localhost:51817
accept: */*

Response DefaultHttpResponse(decodeResult: success, version: HTTP/1.1)
HTTP/1.1 200 OK
Content-Type: application/json; charset=utf-8
cache-control: no-cache
content-length: 88

16:33:12.451 [AsyncHttpClient-1-4] DEBUG org.asynchttpclient.netty.channel.ChannelManager - Adding key: http://localhost:51817 for channel [id: 0x91e24dbe, L:/127.0.0.1:50803 - R:localhost/127.0.0.1:51817]
16:33:12.452 [Forwarding getElementTagName on session 0c3fa3221ec5dfca6b88b0224f776570 to remote] DEBUG org.asynchttpclient.netty.request.NettyRequestSender - Using pooled Channel '[id: 0x91e24dbe, L:/127.0.0.1:50803 - R:localhost/127.0.0.1:51817]' for 'GET' to 'http://localhost:51817/session/0c3fa3221ec5dfca6b88b0224f776570/element/1a4ee7c0-6956-4b13-88c5-5ed15b83efce/name'
16:33:12.452 [Forwarding getElementTagName on session 0c3fa3221ec5dfca6b88b0224f776570 to remote] DEBUG org.asynchttpclient.netty.request.NettyRequestSender - Using open Channel [id: 0x91e24dbe, L:/127.0.0.1:50803 - R:localhost/127.0.0.1:51817] for GET '/session/0c3fa3221ec5dfca6b88b0224f776570/element/1a4ee7c0-6956-4b13-88c5-5ed15b83efce/name'
16:33:12.458 [AsyncHttpClient-1-4] DEBUG org.asynchttpclient.netty.handler.HttpHandler - 

Request DefaultFullHttpRequest(decodeResult: success, version: HTTP/1.1, content: EmptyByteBufBE)
GET /session/0c3fa3221ec5dfca6b88b0224f776570/element/1a4ee7c0-6956-4b13-88c5-5ed15b83efce/name HTTP/1.1
User-Agent: selenium/4.1.2 (java windows)
Cache-Control: no-cache
Content-Type: application/json; charset=utf-8
host: localhost:51817
accept: */*

Response DefaultHttpResponse(decodeResult: success, version: HTTP/1.1)
HTTP/1.1 200 OK
Content-Type: application/json; charset=utf-8
cache-control: no-cache
content-length: 14

16:33:12.458 [AsyncHttpClient-1-4] DEBUG org.asynchttpclient.netty.channel.ChannelManager - Adding key: http://localhost:51817 for channel [id: 0x91e24dbe, L:/127.0.0.1:50803 - R:localhost/127.0.0.1:51817]
16:33:12.459 [Forwarding getElementTagName on session 0c3fa3221ec5dfca6b88b0224f776570 to remote] DEBUG org.asynchttpclient.netty.request.NettyRequestSender - Using pooled Channel '[id: 0x91e24dbe, L:/127.0.0.1:50803 - R:localhost/127.0.0.1:51817]' for 'GET' to 'http://localhost:51817/session/0c3fa3221ec5dfca6b88b0224f776570/element/1a4ee7c0-6956-4b13-88c5-5ed15b83efce/name'
16:33:12.459 [Forwarding getElementTagName on session 0c3fa3221ec5dfca6b88b0224f776570 to remote] DEBUG org.asynchttpclient.netty.request.NettyRequestSender - Using open Channel [id: 0x91e24dbe, L:/127.0.0.1:50803 - R:localhost/127.0.0.1:51817] for GET '/session/0c3fa3221ec5dfca6b88b0224f776570/element/1a4ee7c0-6956-4b13-88c5-5ed15b83efce/name'
16:33:12.463 [AsyncHttpClient-1-4] DEBUG org.asynchttpclient.netty.handler.HttpHandler - 

Request DefaultFullHttpRequest(decodeResult: success, version: HTTP/1.1, content: EmptyByteBufBE)
GET /session/0c3fa3221ec5dfca6b88b0224f776570/element/1a4ee7c0-6956-4b13-88c5-5ed15b83efce/name HTTP/1.1
User-Agent: selenium/4.1.2 (java windows)
Cache-Control: no-cache
Content-Type: application/json; charset=utf-8
host: localhost:51817
accept: */*

Response DefaultHttpResponse(decodeResult: success, version: HTTP/1.1)
HTTP/1.1 200 OK
Content-Type: application/json; charset=utf-8
cache-control: no-cache
content-length: 14

16:33:12.463 [AsyncHttpClient-1-4] DEBUG org.asynchttpclient.netty.channel.ChannelManager - Adding key: http://localhost:51817 for channel [id: 0x91e24dbe, L:/127.0.0.1:50803 - R:localhost/127.0.0.1:51817]
16:33:12.465 [Forwarding findElement on session 0c3fa3221ec5dfca6b88b0224f776570 to remote] DEBUG org.asynchttpclient.netty.request.NettyRequestSender - Using pooled Channel '[id: 0x91e24dbe, L:/127.0.0.1:50803 - R:localhost/127.0.0.1:51817]' for 'POST' to 'http://localhost:51817/session/0c3fa3221ec5dfca6b88b0224f776570/element'
16:33:12.465 [Forwarding findElement on session 0c3fa3221ec5dfca6b88b0224f776570 to remote] DEBUG org.asynchttpclient.netty.request.NettyRequestSender - Using open Channel [id: 0x91e24dbe, L:/127.0.0.1:50803 - R:localhost/127.0.0.1:51817] for POST '/session/0c3fa3221ec5dfca6b88b0224f776570/element'
16:33:12.473 [AsyncHttpClient-1-4] DEBUG org.asynchttpclient.netty.handler.HttpHandler - 

Request DefaultHttpRequest(decodeResult: success, version: HTTP/1.1)
POST /session/0c3fa3221ec5dfca6b88b0224f776570/element HTTP/1.1
User-Agent: selenium/4.1.2 (java windows)
Content-Length: 119
Content-Type: application/json; charset=utf-8
host: localhost:51817
accept: */*

Response DefaultHttpResponse(decodeResult: success, version: HTTP/1.1)
HTTP/1.1 200 OK
Content-Type: application/json; charset=utf-8
cache-control: no-cache
content-length: 88

16:33:12.474 [AsyncHttpClient-1-4] DEBUG org.asynchttpclient.netty.channel.ChannelManager - Adding key: http://localhost:51817 for channel [id: 0x91e24dbe, L:/127.0.0.1:50803 - R:localhost/127.0.0.1:51817]
16:33:12.475 [Forwarding clickElement on session 0c3fa3221ec5dfca6b88b0224f776570 to remote] DEBUG org.asynchttpclient.netty.request.NettyRequestSender - Using pooled Channel '[id: 0x91e24dbe, L:/127.0.0.1:50803 - R:localhost/127.0.0.1:51817]' for 'POST' to 'http://localhost:51817/session/0c3fa3221ec5dfca6b88b0224f776570/element/1a4ee7c0-6956-4b13-88c5-5ed15b83efce/click'
16:33:12.475 [Forwarding clickElement on session 0c3fa3221ec5dfca6b88b0224f776570 to remote] DEBUG org.asynchttpclient.netty.request.NettyRequestSender - Using open Channel [id: 0x91e24dbe, L:/127.0.0.1:50803 - R:localhost/127.0.0.1:51817] for POST '/session/0c3fa3221ec5dfca6b88b0224f776570/element/1a4ee7c0-6956-4b13-88c5-5ed15b83efce/click'
16:33:12.538 [AsyncHttpClient-1-1] DEBUG org.asynchttpclient.netty.channel.DefaultChannelPool - Entry count for : http://localhost:50805 : 1
16:33:12.544 [AsyncHttpClient-1-4] DEBUG org.asynchttpclient.netty.handler.HttpHandler - 

Request DefaultHttpRequest(decodeResult: success, version: HTTP/1.1)
POST /session/0c3fa3221ec5dfca6b88b0224f776570/element/1a4ee7c0-6956-4b13-88c5-5ed15b83efce/click HTTP/1.1
User-Agent: selenium/4.1.2 (java windows)
Content-Length: 50
Content-Type: application/json; charset=utf-8
host: localhost:51817
accept: */*

Response DefaultHttpResponse(decodeResult: success, version: HTTP/1.1)
HTTP/1.1 200 OK
Content-Type: application/json; charset=utf-8
cache-control: no-cache
content-length: 14

16:33:12.544 [AsyncHttpClient-1-4] DEBUG org.asynchttpclient.netty.channel.ChannelManager - Adding key: http://localhost:51817 for channel [id: 0x91e24dbe, L:/127.0.0.1:50803 - R:localhost/127.0.0.1:51817]
16:33:12.554 [Forwarding screenshot on session 0c3fa3221ec5dfca6b88b0224f776570 to remote] DEBUG org.asynchttpclient.netty.request.NettyRequestSender - Using pooled Channel '[id: 0x91e24dbe, L:/127.0.0.1:50803 - R:localhost/127.0.0.1:51817]' for 'GET' to 'http://localhost:51817/session/0c3fa3221ec5dfca6b88b0224f776570/screenshot'
16:33:12.554 [Forwarding screenshot on session 0c3fa3221ec5dfca6b88b0224f776570 to remote] DEBUG org.asynchttpclient.netty.request.NettyRequestSender - Using open Channel [id: 0x91e24dbe, L:/127.0.0.1:50803 - R:localhost/127.0.0.1:51817] for GET '/session/0c3fa3221ec5dfca6b88b0224f776570/screenshot'
16:33:12.689 [AsyncHttpClient-1-4] DEBUG org.asynchttpclient.netty.handler.HttpHandler - 

Request DefaultFullHttpRequest(decodeResult: success, version: HTTP/1.1, content: EmptyByteBufBE)
GET /session/0c3fa3221ec5dfca6b88b0224f776570/screenshot HTTP/1.1
User-Agent: selenium/4.1.2 (java windows)
Cache-Control: no-cache
Content-Type: application/json; charset=utf-8
host: localhost:51817
accept: */*

Response DefaultHttpResponse(decodeResult: success, version: HTTP/1.1)
HTTP/1.1 200 OK
Content-Type: application/json; charset=utf-8
cache-control: no-cache
content-length: 91460

16:33:12.689 [AsyncHttpClient-1-4] DEBUG org.asynchttpclient.netty.channel.ChannelManager - Adding key: http://localhost:51817 for channel [id: 0x91e24dbe, L:/127.0.0.1:50803 - R:localhost/127.0.0.1:51817]
16:33:12.695 [main] DEBUG net.serenitybdd.core.photography.Darkroom - Send negative for processing for target\site\serenity\9f1808dbd977208811b00c46632b67d836b893a41c7e57ff03a2c298f2fcdb6a.png
16:33:12.695 [main] DEBUG net.thucydides.core.steps.StepInterceptor - STEP DONE: clickBlodeTypeOption
16:33:12.696 [Darkroom Processing Line] DEBUG net.serenitybdd.core.photography.DarkroomProcessingLine - Processing screenshot image in /var/screenshots/screenshot-16665867859478616208
16:33:12.696 [Darkroom Processing Line] DEBUG net.serenitybdd.core.photography.DarkroomProcessingLine - Saving screenshot to target\site\serenity\9f1808dbd977208811b00c46632b67d836b893a41c7e57ff03a2c298f2fcdb6a.png
16:33:12.702 [main] DEBUG net.thucydides.core.steps.StepInterceptor - STARTING STEP: PatientSteps.iChangePatientData - clickSubmitButton
16:33:12.705 [Forwarding findElement on session 0c3fa3221ec5dfca6b88b0224f776570 to remote] DEBUG org.asynchttpclient.netty.request.NettyRequestSender - Using pooled Channel '[id: 0x91e24dbe, L:/127.0.0.1:50803 - R:localhost/127.0.0.1:51817]' for 'POST' to 'http://localhost:51817/session/0c3fa3221ec5dfca6b88b0224f776570/element'
16:33:12.705 [Forwarding findElement on session 0c3fa3221ec5dfca6b88b0224f776570 to remote] DEBUG org.asynchttpclient.netty.request.NettyRequestSender - Using open Channel [id: 0x91e24dbe, L:/127.0.0.1:50803 - R:localhost/127.0.0.1:51817] for POST '/session/0c3fa3221ec5dfca6b88b0224f776570/element'
16:33:12.720 [AsyncHttpClient-1-4] DEBUG org.asynchttpclient.netty.handler.HttpHandler - 

Request DefaultHttpRequest(decodeResult: success, version: HTTP/1.1)
POST /session/0c3fa3221ec5dfca6b88b0224f776570/element HTTP/1.1
User-Agent: selenium/4.1.2 (java windows)
Content-Length: 116
Content-Type: application/json; charset=utf-8
host: localhost:51817
accept: */*

Response DefaultHttpResponse(decodeResult: success, version: HTTP/1.1)
HTTP/1.1 200 OK
Content-Type: application/json; charset=utf-8
cache-control: no-cache
content-length: 88

16:33:12.720 [AsyncHttpClient-1-4] DEBUG org.asynchttpclient.netty.channel.ChannelManager - Adding key: http://localhost:51817 for channel [id: 0x91e24dbe, L:/127.0.0.1:50803 - R:localhost/127.0.0.1:51817]
16:33:12.722 [Forwarding getElementTagName on session 0c3fa3221ec5dfca6b88b0224f776570 to remote] DEBUG org.asynchttpclient.netty.request.NettyRequestSender - Using pooled Channel '[id: 0x91e24dbe, L:/127.0.0.1:50803 - R:localhost/127.0.0.1:51817]' for 'GET' to 'http://localhost:51817/session/0c3fa3221ec5dfca6b88b0224f776570/element/573dcae8-a3d0-4ed0-bea7-76cc70a3f3bd/name'
16:33:12.722 [Forwarding getElementTagName on session 0c3fa3221ec5dfca6b88b0224f776570 to remote] DEBUG org.asynchttpclient.netty.request.NettyRequestSender - Using open Channel [id: 0x91e24dbe, L:/127.0.0.1:50803 - R:localhost/127.0.0.1:51817] for GET '/session/0c3fa3221ec5dfca6b88b0224f776570/element/573dcae8-a3d0-4ed0-bea7-76cc70a3f3bd/name'
16:33:12.728 [AsyncHttpClient-1-4] DEBUG org.asynchttpclient.netty.handler.HttpHandler - 

Request DefaultFullHttpRequest(decodeResult: success, version: HTTP/1.1, content: EmptyByteBufBE)
GET /session/0c3fa3221ec5dfca6b88b0224f776570/element/573dcae8-a3d0-4ed0-bea7-76cc70a3f3bd/name HTTP/1.1
User-Agent: selenium/4.1.2 (java windows)
Cache-Control: no-cache
Content-Type: application/json; charset=utf-8
host: localhost:51817
accept: */*

Response DefaultHttpResponse(decodeResult: success, version: HTTP/1.1)
HTTP/1.1 200 OK
Content-Type: application/json; charset=utf-8
cache-control: no-cache
content-length: 18

16:33:12.728 [AsyncHttpClient-1-4] DEBUG org.asynchttpclient.netty.channel.ChannelManager - Adding key: http://localhost:51817 for channel [id: 0x91e24dbe, L:/127.0.0.1:50803 - R:localhost/127.0.0.1:51817]
16:33:12.729 [Forwarding getElementTagName on session 0c3fa3221ec5dfca6b88b0224f776570 to remote] DEBUG org.asynchttpclient.netty.request.NettyRequestSender - Using pooled Channel '[id: 0x91e24dbe, L:/127.0.0.1:50803 - R:localhost/127.0.0.1:51817]' for 'GET' to 'http://localhost:51817/session/0c3fa3221ec5dfca6b88b0224f776570/element/573dcae8-a3d0-4ed0-bea7-76cc70a3f3bd/name'
16:33:12.729 [Forwarding getElementTagName on session 0c3fa3221ec5dfca6b88b0224f776570 to remote] DEBUG org.asynchttpclient.netty.request.NettyRequestSender - Using open Channel [id: 0x91e24dbe, L:/127.0.0.1:50803 - R:localhost/127.0.0.1:51817] for GET '/session/0c3fa3221ec5dfca6b88b0224f776570/element/573dcae8-a3d0-4ed0-bea7-76cc70a3f3bd/name'
16:33:12.733 [AsyncHttpClient-1-4] DEBUG org.asynchttpclient.netty.handler.HttpHandler - 

Request DefaultFullHttpRequest(decodeResult: success, version: HTTP/1.1, content: EmptyByteBufBE)
GET /session/0c3fa3221ec5dfca6b88b0224f776570/element/573dcae8-a3d0-4ed0-bea7-76cc70a3f3bd/name HTTP/1.1
User-Agent: selenium/4.1.2 (java windows)
Cache-Control: no-cache
Content-Type: application/json; charset=utf-8
host: localhost:51817
accept: */*

Response DefaultHttpResponse(decodeResult: success, version: HTTP/1.1)
HTTP/1.1 200 OK
Content-Type: application/json; charset=utf-8
cache-control: no-cache
content-length: 18

16:33:12.734 [AsyncHttpClient-1-4] DEBUG org.asynchttpclient.netty.channel.ChannelManager - Adding key: http://localhost:51817 for channel [id: 0x91e24dbe, L:/127.0.0.1:50803 - R:localhost/127.0.0.1:51817]
16:33:12.737 [Forwarding isElementEnabled on session 0c3fa3221ec5dfca6b88b0224f776570 to remote] DEBUG org.asynchttpclient.netty.request.NettyRequestSender - Using pooled Channel '[id: 0x91e24dbe, L:/127.0.0.1:50803 - R:localhost/127.0.0.1:51817]' for 'GET' to 'http://localhost:51817/session/0c3fa3221ec5dfca6b88b0224f776570/element/573dcae8-a3d0-4ed0-bea7-76cc70a3f3bd/enabled'
16:33:12.737 [Forwarding isElementEnabled on session 0c3fa3221ec5dfca6b88b0224f776570 to remote] DEBUG org.asynchttpclient.netty.request.NettyRequestSender - Using open Channel [id: 0x91e24dbe, L:/127.0.0.1:50803 - R:localhost/127.0.0.1:51817] for GET '/session/0c3fa3221ec5dfca6b88b0224f776570/element/573dcae8-a3d0-4ed0-bea7-76cc70a3f3bd/enabled'
16:33:12.750 [AsyncHttpClient-1-4] DEBUG org.asynchttpclient.netty.handler.HttpHandler - 

Request DefaultFullHttpRequest(decodeResult: success, version: HTTP/1.1, content: EmptyByteBufBE)
GET /session/0c3fa3221ec5dfca6b88b0224f776570/element/573dcae8-a3d0-4ed0-bea7-76cc70a3f3bd/enabled HTTP/1.1
User-Agent: selenium/4.1.2 (java windows)
Cache-Control: no-cache
Content-Type: application/json; charset=utf-8
host: localhost:51817
accept: */*

Response DefaultHttpResponse(decodeResult: success, version: HTTP/1.1)
HTTP/1.1 200 OK
Content-Type: application/json; charset=utf-8
cache-control: no-cache
content-length: 14

16:33:12.750 [AsyncHttpClient-1-4] DEBUG org.asynchttpclient.netty.channel.ChannelManager - Adding key: http://localhost:51817 for channel [id: 0x91e24dbe, L:/127.0.0.1:50803 - R:localhost/127.0.0.1:51817]
16:33:12.751 [Forwarding isElementEnabled on session 0c3fa3221ec5dfca6b88b0224f776570 to remote] DEBUG org.asynchttpclient.netty.request.NettyRequestSender - Using pooled Channel '[id: 0x91e24dbe, L:/127.0.0.1:50803 - R:localhost/127.0.0.1:51817]' for 'GET' to 'http://localhost:51817/session/0c3fa3221ec5dfca6b88b0224f776570/element/573dcae8-a3d0-4ed0-bea7-76cc70a3f3bd/enabled'
16:33:12.751 [Forwarding isElementEnabled on session 0c3fa3221ec5dfca6b88b0224f776570 to remote] DEBUG org.asynchttpclient.netty.request.NettyRequestSender - Using open Channel [id: 0x91e24dbe, L:/127.0.0.1:50803 - R:localhost/127.0.0.1:51817] for GET '/session/0c3fa3221ec5dfca6b88b0224f776570/element/573dcae8-a3d0-4ed0-bea7-76cc70a3f3bd/enabled'
16:33:12.759 [AsyncHttpClient-1-4] DEBUG org.asynchttpclient.netty.handler.HttpHandler - 

Request DefaultFullHttpRequest(decodeResult: success, version: HTTP/1.1, content: EmptyByteBufBE)
GET /session/0c3fa3221ec5dfca6b88b0224f776570/element/573dcae8-a3d0-4ed0-bea7-76cc70a3f3bd/enabled HTTP/1.1
User-Agent: selenium/4.1.2 (java windows)
Cache-Control: no-cache
Content-Type: application/json; charset=utf-8
host: localhost:51817
accept: */*

Response DefaultHttpResponse(decodeResult: success, version: HTTP/1.1)
HTTP/1.1 200 OK
Content-Type: application/json; charset=utf-8
cache-control: no-cache
content-length: 14

16:33:12.760 [AsyncHttpClient-1-4] DEBUG org.asynchttpclient.netty.channel.ChannelManager - Adding key: http://localhost:51817 for channel [id: 0x91e24dbe, L:/127.0.0.1:50803 - R:localhost/127.0.0.1:51817]
16:33:12.763 [Forwarding findElement on session 0c3fa3221ec5dfca6b88b0224f776570 to remote] DEBUG org.asynchttpclient.netty.request.NettyRequestSender - Using pooled Channel '[id: 0x91e24dbe, L:/127.0.0.1:50803 - R:localhost/127.0.0.1:51817]' for 'POST' to 'http://localhost:51817/session/0c3fa3221ec5dfca6b88b0224f776570/element'
16:33:12.763 [Forwarding findElement on session 0c3fa3221ec5dfca6b88b0224f776570 to remote] DEBUG org.asynchttpclient.netty.request.NettyRequestSender - Using open Channel [id: 0x91e24dbe, L:/127.0.0.1:50803 - R:localhost/127.0.0.1:51817] for POST '/session/0c3fa3221ec5dfca6b88b0224f776570/element'
16:33:12.773 [AsyncHttpClient-1-4] DEBUG org.asynchttpclient.netty.handler.HttpHandler - 

Request DefaultHttpRequest(decodeResult: success, version: HTTP/1.1)
POST /session/0c3fa3221ec5dfca6b88b0224f776570/element HTTP/1.1
User-Agent: selenium/4.1.2 (java windows)
Content-Length: 116
Content-Type: application/json; charset=utf-8
host: localhost:51817
accept: */*

Response DefaultHttpResponse(decodeResult: success, version: HTTP/1.1)
HTTP/1.1 200 OK
Content-Type: application/json; charset=utf-8
cache-control: no-cache
content-length: 88

16:33:12.773 [AsyncHttpClient-1-4] DEBUG org.asynchttpclient.netty.channel.ChannelManager - Adding key: http://localhost:51817 for channel [id: 0x91e24dbe, L:/127.0.0.1:50803 - R:localhost/127.0.0.1:51817]
16:33:12.775 [Forwarding clickElement on session 0c3fa3221ec5dfca6b88b0224f776570 to remote] DEBUG org.asynchttpclient.netty.request.NettyRequestSender - Using pooled Channel '[id: 0x91e24dbe, L:/127.0.0.1:50803 - R:localhost/127.0.0.1:51817]' for 'POST' to 'http://localhost:51817/session/0c3fa3221ec5dfca6b88b0224f776570/element/573dcae8-a3d0-4ed0-bea7-76cc70a3f3bd/click'
16:33:12.775 [Forwarding clickElement on session 0c3fa3221ec5dfca6b88b0224f776570 to remote] DEBUG org.asynchttpclient.netty.request.NettyRequestSender - Using open Channel [id: 0x91e24dbe, L:/127.0.0.1:50803 - R:localhost/127.0.0.1:51817] for POST '/session/0c3fa3221ec5dfca6b88b0224f776570/element/573dcae8-a3d0-4ed0-bea7-76cc70a3f3bd/click'
16:33:12.893 [AsyncHttpClient-1-4] DEBUG org.asynchttpclient.netty.handler.HttpHandler - 

Request DefaultHttpRequest(decodeResult: success, version: HTTP/1.1)
POST /session/0c3fa3221ec5dfca6b88b0224f776570/element/573dcae8-a3d0-4ed0-bea7-76cc70a3f3bd/click HTTP/1.1
User-Agent: selenium/4.1.2 (java windows)
Content-Length: 50
Content-Type: application/json; charset=utf-8
host: localhost:51817
accept: */*

Response DefaultHttpResponse(decodeResult: success, version: HTTP/1.1)
HTTP/1.1 200 OK
Content-Type: application/json; charset=utf-8
cache-control: no-cache
content-length: 14

16:33:12.893 [AsyncHttpClient-1-4] DEBUG org.asynchttpclient.netty.channel.ChannelManager - Adding key: http://localhost:51817 for channel [id: 0x91e24dbe, L:/127.0.0.1:50803 - R:localhost/127.0.0.1:51817]
16:33:12.901 [Forwarding screenshot on session 0c3fa3221ec5dfca6b88b0224f776570 to remote] DEBUG org.asynchttpclient.netty.request.NettyRequestSender - Using pooled Channel '[id: 0x91e24dbe, L:/127.0.0.1:50803 - R:localhost/127.0.0.1:51817]' for 'GET' to 'http://localhost:51817/session/0c3fa3221ec5dfca6b88b0224f776570/screenshot'
16:33:12.901 [Forwarding screenshot on session 0c3fa3221ec5dfca6b88b0224f776570 to remote] DEBUG org.asynchttpclient.netty.request.NettyRequestSender - Using open Channel [id: 0x91e24dbe, L:/127.0.0.1:50803 - R:localhost/127.0.0.1:51817] for GET '/session/0c3fa3221ec5dfca6b88b0224f776570/screenshot'
16:33:13.035 [AsyncHttpClient-1-4] DEBUG org.asynchttpclient.netty.handler.HttpHandler - 

Request DefaultFullHttpRequest(decodeResult: success, version: HTTP/1.1, content: EmptyByteBufBE)
GET /session/0c3fa3221ec5dfca6b88b0224f776570/screenshot HTTP/1.1
User-Agent: selenium/4.1.2 (java windows)
Cache-Control: no-cache
Content-Type: application/json; charset=utf-8
host: localhost:51817
accept: */*

Response DefaultHttpResponse(decodeResult: success, version: HTTP/1.1)
HTTP/1.1 200 OK
Content-Type: application/json; charset=utf-8
cache-control: no-cache
content-length: 84960

16:33:13.036 [AsyncHttpClient-1-4] DEBUG org.asynchttpclient.netty.channel.ChannelManager - Adding key: http://localhost:51817 for channel [id: 0x91e24dbe, L:/127.0.0.1:50803 - R:localhost/127.0.0.1:51817]
16:33:13.042 [main] DEBUG net.serenitybdd.core.photography.Darkroom - Send negative for processing for target\site\serenity\57dc0d774e518119b6513f91716336f610afcaad9b9101adb4d8e1c46870e148.png
16:33:13.042 [main] DEBUG net.thucydides.core.steps.StepInterceptor - STEP DONE: clickSubmitButton
  &amp#27;[32mAnd &amp#27;[0m&amp#27;[32mI change patient data&amp#27;[0m                     &amp#27;[90m# starter.stepdefinitions.PatientSteps.iChangePatientData()&amp#27;[0m
16:33:13.042 [Darkroom Processing Line] DEBUG net.serenitybdd.core.photography.DarkroomProcessingLine - Processing screenshot image in /var/screenshots/screenshot-13295495623989351025
16:33:13.043 [Darkroom Processing Line] DEBUG net.serenitybdd.core.photography.DarkroomProcessingLine - Saving screenshot to target\site\serenity\57dc0d774e518119b6513f91716336f610afcaad9b9101adb4d8e1c46870e148.png
16:33:13.190 [Forwarding findElement on session 0c3fa3221ec5dfca6b88b0224f776570 to remote] DEBUG org.asynchttpclient.netty.request.NettyRequestSender - Using pooled Channel '[id: 0x91e24dbe, L:/127.0.0.1:50803 - R:localhost/127.0.0.1:51817]' for 'POST' to 'http://localhost:51817/session/0c3fa3221ec5dfca6b88b0224f776570/element'
16:33:13.190 [Forwarding findElement on session 0c3fa3221ec5dfca6b88b0224f776570 to remote] DEBUG org.asynchttpclient.netty.request.NettyRequestSender - Using open Channel [id: 0x91e24dbe, L:/127.0.0.1:50803 - R:localhost/127.0.0.1:51817] for POST '/session/0c3fa3221ec5dfca6b88b0224f776570/element'
16:33:13.637 [AsyncHttpClient-1-1] DEBUG org.asynchttpclient.netty.channel.DefaultChannelPool - Entry count for : http://localhost:50805 : 1
16:33:14.719 [AsyncHttpClient-1-4] DEBUG org.asynchttpclient.netty.handler.HttpHandler - 

Request DefaultHttpRequest(decodeResult: success, version: HTTP/1.1)
POST /session/0c3fa3221ec5dfca6b88b0224f776570/element HTTP/1.1
User-Agent: selenium/4.1.2 (java windows)
Content-Length: 74
Content-Type: application/json; charset=utf-8
host: localhost:51817
accept: */*

Response DefaultHttpResponse(decodeResult: success, version: HTTP/1.1)
HTTP/1.1 200 OK
Content-Type: application/json; charset=utf-8
cache-control: no-cache
content-length: 88

16:33:14.720 [AsyncHttpClient-1-4] DEBUG org.asynchttpclient.netty.channel.ChannelManager - Adding key: http://localhost:51817 for channel [id: 0x91e24dbe, L:/127.0.0.1:50803 - R:localhost/127.0.0.1:51817]
16:33:14.726 [Forwarding isElementDisplayed on session 0c3fa3221ec5dfca6b88b0224f776570 to remote] DEBUG org.asynchttpclient.netty.request.NettyRequestSender - Using pooled Channel '[id: 0x91e24dbe, L:/127.0.0.1:50803 - R:localhost/127.0.0.1:51817]' for 'POST' to 'http://localhost:51817/session/0c3fa3221ec5dfca6b88b0224f776570/execute/sync'
16:33:14.726 [Forwarding isElementDisplayed on session 0c3fa3221ec5dfca6b88b0224f776570 to remote] DEBUG org.asynchttpclient.netty.request.NettyRequestSender - Using open Channel [id: 0x91e24dbe, L:/127.0.0.1:50803 - R:localhost/127.0.0.1:51817] for POST '/session/0c3fa3221ec5dfca6b88b0224f776570/execute/sync'
16:33:14.738 [AsyncHttpClient-1-1] DEBUG org.asynchttpclient.netty.channel.DefaultChannelPool - Entry count for : http://localhost:50805 : 1
16:33:14.758 [AsyncHttpClient-1-4] DEBUG org.asynchttpclient.netty.handler.HttpHandler - 

Request DefaultHttpRequest(decodeResult: success, version: HTTP/1.1)
POST /session/0c3fa3221ec5dfca6b88b0224f776570/execute/sync HTTP/1.1
User-Agent: selenium/4.1.2 (java windows)
Content-Length: 48780
Content-Type: application/json; charset=utf-8
host: localhost:51817
accept: */*

Response DefaultHttpResponse(decodeResult: success, version: HTTP/1.1)
HTTP/1.1 200 OK
Content-Type: application/json; charset=utf-8
cache-control: no-cache
content-length: 14

16:33:14.759 [AsyncHttpClient-1-4] DEBUG org.asynchttpclient.netty.channel.ChannelManager - Adding key: http://localhost:51817 for channel [id: 0x91e24dbe, L:/127.0.0.1:50803 - R:localhost/127.0.0.1:51817]
  &amp#27;[32mThen &amp#27;[0m&amp#27;[32mI get Edit Patient has been added result&amp#27;[0m &amp#27;[90m# starter.stepdefinitions.PatientSteps.iGetEditPatientHasBeenAddedResult()&amp#27;[0m
16:33:14.766 [Forwarding screenshot on session 0c3fa3221ec5dfca6b88b0224f776570 to remote] DEBUG org.asynchttpclient.netty.request.NettyRequestSender - Using pooled Channel '[id: 0x91e24dbe, L:/127.0.0.1:50803 - R:localhost/127.0.0.1:51817]' for 'GET' to 'http://localhost:51817/session/0c3fa3221ec5dfca6b88b0224f776570/screenshot'
16:33:14.766 [Forwarding screenshot on session 0c3fa3221ec5dfca6b88b0224f776570 to remote] DEBUG org.asynchttpclient.netty.request.NettyRequestSender - Using open Channel [id: 0x91e24dbe, L:/127.0.0.1:50803 - R:localhost/127.0.0.1:51817] for GET '/session/0c3fa3221ec5dfca6b88b0224f776570/screenshot'
16:33:14.922 [AsyncHttpClient-1-4] DEBUG org.asynchttpclient.netty.handler.HttpHandler - 

Request DefaultFullHttpRequest(decodeResult: success, version: HTTP/1.1, content: EmptyByteBufBE)
GET /session/0c3fa3221ec5dfca6b88b0224f776570/screenshot HTTP/1.1
User-Agent: selenium/4.1.2 (java windows)
Cache-Control: no-cache
Content-Type: application/json; charset=utf-8
host: localhost:51817
accept: */*

Response DefaultHttpResponse(decodeResult: success, version: HTTP/1.1)
HTTP/1.1 200 OK
Content-Type: application/json; charset=utf-8
cache-control: no-cache
content-length: 101596

16:33:14.923 [AsyncHttpClient-1-4] DEBUG org.asynchttpclient.netty.channel.ChannelManager - Adding key: http://localhost:51817 for channel [id: 0x91e24dbe, L:/127.0.0.1:50803 - R:localhost/127.0.0.1:51817]
16:33:14.929 [main] DEBUG net.serenitybdd.core.photography.Darkroom - Send negative for processing for target\site\serenity\45272aff0356938c767ffc9574564f5335aa2e2cda8542775ecb8796bc4ac97f.png
16:33:14.930 [Darkroom Processing Line] DEBUG net.serenitybdd.core.photography.DarkroomProcessingLine - Processing screenshot image in /var/screenshots/screenshot-2074861310018907200
16:33:14.930 [Darkroom Processing Line] DEBUG net.serenitybdd.core.photography.DarkroomProcessingLine - Saving screenshot to target\site\serenity\45272aff0356938c767ffc9574564f5335aa2e2cda8542775ecb8796bc4ac97f.png
16:33:14.931 [main] INFO  - 
  _____   ___   ___   _____     ___     _     ___   ___   ___   ___  
 |_   _| | __| / __| |_   _|   | _ \   /_\   / __| / __| | __| |   \ 
   | |   | _|  \__ \   | |     |  _/  / _ \  \__ \ \__ \ | _|  | |) |
   |_|   |___| |___/   |_|     |_|   /_/ \_\ |___/ |___/ |___| |___/ 

Edit Patient Data Scenario
----------------------------------------------------------------------
16:33:14.934 [AsyncHttpClient-1-6] DEBUG org.asynchttpclient.netty.handler.WebSocketHandler - Channel Closed: [id: 0x60254400, L:/127.0.0.1:50813 ! R:localhost/127.0.0.1:50805] with attribute NettyResponseFuture{currentRetry=5,
	isDone=1,
	isCancelled=0,
	asyncHandler=org.asynchttpclient.ws.WebSocketUpgradeHandler@49b19afd,
	nettyRequest=org.asynchttpclient.netty.request.NettyRequest@133918d1,
	future=java.util.concurrent.CompletableFuture@6adbfc86[Completed normally],
	uri=ws://localhost:50805/devtools/browser/422a0401-ee54-42f5-a85d-e1ad07f9a87c,
	keepAlive=true,
	redirectCount=0,
	timeoutsHolder=null,
	inAuth=0,
	touch=1655717583074}
16:33:14.934 [Driver Command Executor] DEBUG org.asynchttpclient.netty.request.NettyRequestSender - Using pooled Channel '[id: 0x91e24dbe, L:/127.0.0.1:50803 - R:localhost/127.0.0.1:51817]' for 'DELETE' to 'http://localhost:51817/session/0c3fa3221ec5dfca6b88b0224f776570'
16:33:14.935 [Driver Command Executor] DEBUG org.asynchttpclient.netty.request.NettyRequestSender - Using open Channel [id: 0x91e24dbe, L:/127.0.0.1:50803 - R:localhost/127.0.0.1:51817] for DELETE '/session/0c3fa3221ec5dfca6b88b0224f776570'
16:33:14.935 [AsyncHttpClient-1-6] DEBUG org.asynchttpclient.netty.channel.ChannelManager - Closing Channel [id: 0x60254400, L:/127.0.0.1:50813 ! R:localhost/127.0.0.1:50805] 
16:33:15.839 [AsyncHttpClient-1-1] DEBUG org.asynchttpclient.netty.channel.DefaultChannelPool - Entry count for : http://localhost:50805 : 1
16:33:16.937 [AsyncHttpClient-1-1] DEBUG org.asynchttpclient.netty.channel.DefaultChannelPool - Entry count for : http://localhost:50805 : 1
16:33:17.089 [AsyncHttpClient-1-5] DEBUG org.asynchttpclient.netty.handler.HttpHandler - Unexpected I/O exception on channel [id: 0x4df9ff48, L:/127.0.0.1:50812 - R:localhost/127.0.0.1:50805]
java.net.SocketException: Connection reset
	at java.base/sun.nio.ch.SocketChannelImpl.throwConnectionReset(SocketChannelImpl.java:367)
	at java.base/sun.nio.ch.SocketChannelImpl.read(SocketChannelImpl.java:398)
	at io.netty.buffer.PooledByteBuf.setBytes(PooledByteBuf.java:258)
	at io.netty.buffer.AbstractByteBuf.writeBytes(AbstractByteBuf.java:1132)
	at io.netty.channel.socket.nio.NioSocketChannel.doReadBytes(NioSocketChannel.java:350)
	at io.netty.channel.nio.AbstractNioByteChannel$NioByteUnsafe.read(AbstractNioByteChannel.java:151)
	at io.netty.channel.nio.NioEventLoop.processSelectedKey(NioEventLoop.java:722)
	at io.netty.channel.nio.NioEventLoop.processSelectedKeysOptimized(NioEventLoop.java:658)
	at io.netty.channel.nio.NioEventLoop.processSelectedKeys(NioEventLoop.java:584)
	at io.netty.channel.nio.NioEventLoop.run(NioEventLoop.java:496)
	at io.netty.util.concurrent.SingleThreadEventExecutor$4.run(SingleThreadEventExecutor.java:986)
	at io.netty.util.internal.ThreadExecutorMap$2.run(ThreadExecutorMap.java:74)
	at io.netty.util.concurrent.FastThreadLocalRunnable.run(FastThreadLocalRunnable.java:30)
	at java.base/java.lang.Thread.run(Thread.java:832)
16:33:17.090 [AsyncHttpClient-1-5] DEBUG org.asynchttpclient.netty.channel.ChannelManager - Closing Channel [id: 0x4df9ff48, L:/127.0.0.1:50812 - R:localhost/127.0.0.1:50805] 
16:33:17.090 [AsyncHttpClient-1-5] DEBUG org.asynchttpclient.netty.handler.HttpHandler - Channel Closed: [id: 0x4df9ff48, L:/127.0.0.1:50812 ! R:localhost/127.0.0.1:50805] with attribute DISCARD
16:33:17.095 [AsyncHttpClient-1-4] DEBUG org.asynchttpclient.netty.handler.HttpHandler - 

Request DefaultFullHttpRequest(decodeResult: success, version: HTTP/1.1, content: EmptyByteBufBE)
DELETE /session/0c3fa3221ec5dfca6b88b0224f776570 HTTP/1.1
User-Agent: selenium/4.1.2 (java windows)
Content-Type: application/json; charset=utf-8
host: localhost:51817
accept: */*

Response DefaultHttpResponse(decodeResult: success, version: HTTP/1.1)
HTTP/1.1 200 OK
Content-Type: application/json; charset=utf-8
cache-control: no-cache
content-length: 14

16:33:17.095 [AsyncHttpClient-1-4] DEBUG org.asynchttpclient.netty.channel.ChannelManager - Adding key: http://localhost:51817 for channel [id: 0x91e24dbe, L:/127.0.0.1:50803 - R:localhost/127.0.0.1:51817]
16:33:17.165 [AsyncHttpClient-1-4] DEBUG org.asynchttpclient.netty.handler.HttpHandler - Channel Closed: [id: 0x91e24dbe, L:/127.0.0.1:50803 ! R:localhost/127.0.0.1:51817] with attribute DISCARD
]]></system-out>
    <system-err><![CDATA[Starting ChromeDriver 102.0.5005.61 (0e59bcc00cc4985ce39ad31c150065f159d95ad3-refs/branch-heads/5005@{#819}) on port 51817
Only local connections are allowed.
Please see https://chromedriver.chromium.org/security-considerations for suggestions on keeping ChromeDriver safe.
ChromeDriver was started successfully.
Jun 20, 2022 4:33:02 PM org.openqa.selenium.remote.ProtocolHandshake createSession
INFO: Detected dialect: W3C
Jun 20, 2022 4:33:03 PM org.openqa.selenium.devtools.CdpVersionFinder findNearestMatch
WARNING: Unable to find an exact match for CDP version 102, so returning the closest version found: a no-op implementation
Jun 20, 2022 4:33:03 PM org.openqa.selenium.devtools.CdpVersionFinder findNearestMatch
INFO: Unable to find CDP implementation matching 102.
Jun 20, 2022 4:33:03 PM org.openqa.selenium.chromium.ChromiumDriver lambda$new$3
WARNING: Unable to find version of CDP to use for . You may need to include a dependency on a specific version of the CDP using something similar to `org.seleniumhq.selenium:selenium-devtools-v86:4.1.2` where the version ("v86") matches the version of the chromium-based browser you're using and the version number of the artifact is the same as Selenium's.
]]></system-err>
  </testcase>
  <testcase name="Cancel Edit Patient Data Scenario" classname="Patient" time="10.386">
    <system-out><![CDATA[
@Patient
Scenario: Cancel Edit Patient Data Scenario &amp#27;[90m# src/test/resources/features/2.Patient.feature:31&amp#27;[0m
16:33:17.724 [main] INFO io.cucumber.core.plugin.SerenityReporter - Running feature from file:///E:/My%20Documents/File%20Difa/TI%20Semester%206%20Kampus%20Merdeka%20Alterra/Tugas/CAPSTONE%20Project/Capstone-Project-Website/src/test/resources/features/2.Patient.feature
16:33:17.726 [main] INFO  - 
  _____   ___   ___   _____     ___   _____     _     ___   _____   ___   ___  
 |_   _| | __| / __| |_   _|   / __| |_   _|   /_\   | _ \ |_   _| | __| |   \ 
   | |   | _|  \__ \   | |     \__ \   | |    / _ \  |   /   | |   | _|  | |) |
   |_|   |___| |___/   |_|     |___/   |_|   /_/ \_\ |_|_\   |_|   |___| |___/ 

Cancel Edit Patient Data Scenario(patient;cancel-edit-patient-data-scenario)
--------------------------------------------------------------------------------
16:33:17.751 [main] DEBUG net.thucydides.core.steps.StepInterceptor - STARTING STEP: PatientSteps.iAmAtTheDashboardPage - openUrl
16:33:17.788 [main] INFO net.serenitybdd.core.webdriver.driverproviders.ChromeDriverProvider - Using automatically driver download
16:33:17.948 [main] DEBUG io.github.bonigarcia.wdm.cache.ResolutionCache - Resolution chrome=102 in cache (valid until 16:47:55 20/06/2022 ICT)
16:33:17.951 [main] DEBUG io.github.bonigarcia.wdm.cache.ResolutionCache - Resolution chrome102=102.0.5005.61 in cache (valid until 09:12:44 21/06/2022 ICT)
16:33:17.952 [main] INFO io.github.bonigarcia.wdm.WebDriverManager - Using chromedriver 102.0.5005.61 (resolved driver for Chrome 102)
16:33:17.960 [main] DEBUG io.github.bonigarcia.wdm.WebDriverManager - Driver chromedriver 102.0.5005.61 found in cache
16:33:17.961 [main] INFO io.github.bonigarcia.wdm.WebDriverManager - Exporting webdriver.chrome.driver as C:\Users\USER\.cache\selenium\chromedriver\win32\102.0.5005.61\chromedriver.exe
16:33:18.037 [AsyncHttpClient-1-1] DEBUG org.asynchttpclient.netty.channel.DefaultChannelPool - Entry count for : http://localhost:51817 : 1
16:33:18.037 [AsyncHttpClient-1-1] DEBUG org.asynchttpclient.netty.channel.DefaultChannelPool - Entry count for : http://localhost:50805 : 1
16:33:18.037 [AsyncHttpClient-1-1] DEBUG org.asynchttpclient.netty.channel.DefaultChannelPool - Adding Candidate expired Channel [id: 0x91e24dbe, L:/127.0.0.1:50803 ! R:localhost/127.0.0.1:51817] isIdleTimeoutExpired=false isRemotelyClosed=true isTtlExpired=false
16:33:18.037 [AsyncHttpClient-1-1] DEBUG org.asynchttpclient.netty.channel.DefaultChannelPool - Closing Idle Channel [id: 0x91e24dbe, L:/127.0.0.1:50803 ! R:localhost/127.0.0.1:51817]
16:33:18.037 [AsyncHttpClient-1-1] DEBUG org.asynchttpclient.netty.channel.DefaultChannelPool - Adding Candidate expired Channel [id: 0x4df9ff48, L:/127.0.0.1:50812 ! R:localhost/127.0.0.1:50805] isIdleTimeoutExpired=false isRemotelyClosed=true isTtlExpired=false
16:33:18.037 [AsyncHttpClient-1-1] DEBUG org.asynchttpclient.netty.channel.DefaultChannelPool - Closing Idle Channel [id: 0x4df9ff48, L:/127.0.0.1:50812 ! R:localhost/127.0.0.1:50805]
16:33:18.037 [AsyncHttpClient-1-1] DEBUG org.asynchttpclient.netty.channel.DefaultChannelPool - Closed 2 connections out of 2 in 0 ms
16:33:18.109 [main] DEBUG net.serenitybdd.core.webdriver.driverproviders.ProvideNewDriver - Instantiating driver
16:33:18.109 [main] DEBUG net.serenitybdd.core.webdriver.driverproviders.ProvideNewDriver - Driver capabilities: Capabilities {acceptInsecureCerts: false, base.url: https://hospital-management..., browserName: chrome, chrome.driver: src/test/resources/webdrive..., driver: chrome, goog:chromeOptions: {args: [], extensions: []}}
16:33:18.692 [AsyncHttpClient-1-7] DEBUG org.asynchttpclient.netty.channel.NettyConnectListener - Using new Channel '[id: 0xa8acd2ca, L:/127.0.0.1:50842 - R:localhost/127.0.0.1:63921]' for 'POST' to '/session'
16:33:20.356 [AsyncHttpClient-1-7] DEBUG org.asynchttpclient.netty.handler.HttpHandler - 

Request DefaultHttpRequest(decodeResult: success, version: HTTP/1.1)
POST /session HTTP/1.1
User-Agent: selenium/4.1.2 (java windows)
Content-Length: 621
Content-Type: application/json; charset=utf-8
host: localhost:63921
accept: */*

Response DefaultHttpResponse(decodeResult: success, version: HTTP/1.1)
HTTP/1.1 200 OK
Content-Type: application/json; charset=utf-8
cache-control: no-cache
content-length: 789

16:33:20.356 [AsyncHttpClient-1-7] DEBUG org.asynchttpclient.netty.channel.ChannelManager - Adding key: http://localhost:63921 for channel [id: 0xa8acd2ca, L:/127.0.0.1:50842 - R:localhost/127.0.0.1:63921]
16:33:20.806 [AsyncHttpClient-1-8] DEBUG org.asynchttpclient.netty.channel.NettyConnectListener - Using new Channel '[id: 0x3f9c3469, L:/127.0.0.1:50850 - R:localhost/127.0.0.1:50844]' for 'GET' to '/json/version'
16:33:20.807 [AsyncHttpClient-1-8] DEBUG org.asynchttpclient.netty.handler.HttpHandler - 

Request DefaultFullHttpRequest(decodeResult: success, version: HTTP/1.1, content: EmptyByteBufBE)
GET /json/version HTTP/1.1
User-Agent: selenium/4.1.2 (java windows)
host: localhost:50844
accept: */*

Response DefaultHttpResponse(decodeResult: success, version: HTTP/1.1)
HTTP/1.1 200 OK
Content-Type: application/json; charset=UTF-8
content-length: 427

16:33:20.807 [AsyncHttpClient-1-8] DEBUG org.asynchttpclient.netty.channel.ChannelManager - Adding key: http://localhost:50844 for channel [id: 0x3f9c3469, L:/127.0.0.1:50850 - R:localhost/127.0.0.1:50844]
16:33:20.810 [AsyncHttpClient-1-9] DEBUG org.asynchttpclient.netty.channel.NettyConnectListener - Using new Channel '[id: 0x4ecbd232, L:/127.0.0.1:50851 - R:localhost/127.0.0.1:50844]' for 'GET' to '/devtools/browser/7e8c10ee-f9b5-4588-a886-d30faae562ba'
16:33:20.811 [AsyncHttpClient-1-9] DEBUG org.asynchttpclient.netty.handler.WebSocketHandler - 

Request DefaultFullHttpRequest(decodeResult: success, version: HTTP/1.1, content: EmptyByteBufBE)
GET /devtools/browser/7e8c10ee-f9b5-4588-a886-d30faae562ba HTTP/1.1
upgrade: websocket
connection: upgrade
sec-websocket-key: Fo8PLQf47ejR0523iA8naQ==
sec-websocket-version: 13
origin: http://localhost:50844
host: localhost:50844
accept: */*
user-agent: AHC/2.1

Response DefaultHttpResponse(decodeResult: success, version: HTTP/1.1)
HTTP/1.1 101 WebSocket Protocol Handshake
Upgrade: WebSocket
Connection: Upgrade
Sec-WebSocket-Accept: EAD9p1NUFsPzAxU8RV+V9Szu1sM=

16:33:21.056 [Forwarding maximizeCurrentWindow on session a32b51c358d87416611c0403353dd8e0 to remote] DEBUG org.asynchttpclient.netty.request.NettyRequestSender - Using pooled Channel '[id: 0xa8acd2ca, L:/127.0.0.1:50842 - R:localhost/127.0.0.1:63921]' for 'POST' to 'http://localhost:63921/session/a32b51c358d87416611c0403353dd8e0/window/maximize'
16:33:21.056 [Forwarding maximizeCurrentWindow on session a32b51c358d87416611c0403353dd8e0 to remote] DEBUG org.asynchttpclient.netty.request.NettyRequestSender - Using open Channel [id: 0xa8acd2ca, L:/127.0.0.1:50842 - R:localhost/127.0.0.1:63921] for POST '/session/a32b51c358d87416611c0403353dd8e0/window/maximize'
16:33:21.191 [AsyncHttpClient-1-7] DEBUG org.asynchttpclient.netty.handler.HttpHandler - 

Request DefaultHttpRequest(decodeResult: success, version: HTTP/1.1)
POST /session/a32b51c358d87416611c0403353dd8e0/window/maximize HTTP/1.1
User-Agent: selenium/4.1.2 (java windows)
Content-Length: 3
Content-Type: application/json; charset=utf-8
host: localhost:63921
accept: */*

Response DefaultHttpResponse(decodeResult: success, version: HTTP/1.1)
HTTP/1.1 200 OK
Content-Type: application/json; charset=utf-8
cache-control: no-cache
content-length: 51

16:33:21.192 [AsyncHttpClient-1-7] DEBUG org.asynchttpclient.netty.channel.ChannelManager - Adding key: http://localhost:63921 for channel [id: 0xa8acd2ca, L:/127.0.0.1:50842 - R:localhost/127.0.0.1:63921]
16:33:21.193 [Forwarding get on session a32b51c358d87416611c0403353dd8e0 to remote] DEBUG org.asynchttpclient.netty.request.NettyRequestSender - Using pooled Channel '[id: 0xa8acd2ca, L:/127.0.0.1:50842 - R:localhost/127.0.0.1:63921]' for 'POST' to 'http://localhost:63921/session/a32b51c358d87416611c0403353dd8e0/url'
16:33:21.193 [Forwarding get on session a32b51c358d87416611c0403353dd8e0 to remote] DEBUG org.asynchttpclient.netty.request.NettyRequestSender - Using open Channel [id: 0xa8acd2ca, L:/127.0.0.1:50842 - R:localhost/127.0.0.1:63921] for POST '/session/a32b51c358d87416611c0403353dd8e0/url'
16:33:21.338 [AsyncHttpClient-1-1] DEBUG org.asynchttpclient.netty.channel.DefaultChannelPool - Entry count for : http://localhost:50844 : 1
16:33:22.437 [AsyncHttpClient-1-1] DEBUG org.asynchttpclient.netty.channel.DefaultChannelPool - Entry count for : http://localhost:50844 : 1
16:33:23.537 [AsyncHttpClient-1-1] DEBUG org.asynchttpclient.netty.channel.DefaultChannelPool - Entry count for : http://localhost:50844 : 1
16:33:24.338 [AsyncHttpClient-1-7] DEBUG org.asynchttpclient.netty.handler.HttpHandler - 

Request DefaultHttpRequest(decodeResult: success, version: HTTP/1.1)
POST /session/a32b51c358d87416611c0403353dd8e0/url HTTP/1.1
User-Agent: selenium/4.1.2 (java windows)
Content-Length: 65
Content-Type: application/json; charset=utf-8
host: localhost:63921
accept: */*

Response DefaultHttpResponse(decodeResult: success, version: HTTP/1.1)
HTTP/1.1 200 OK
Content-Type: application/json; charset=utf-8
cache-control: no-cache
content-length: 14

16:33:24.338 [AsyncHttpClient-1-7] DEBUG org.asynchttpclient.netty.channel.ChannelManager - Adding key: http://localhost:63921 for channel [id: 0xa8acd2ca, L:/127.0.0.1:50842 - R:localhost/127.0.0.1:63921]
16:33:24.339 [Forwarding setTimeout on session a32b51c358d87416611c0403353dd8e0 to remote] DEBUG org.asynchttpclient.netty.request.NettyRequestSender - Using pooled Channel '[id: 0xa8acd2ca, L:/127.0.0.1:50842 - R:localhost/127.0.0.1:63921]' for 'POST' to 'http://localhost:63921/session/a32b51c358d87416611c0403353dd8e0/timeouts'
16:33:24.339 [Forwarding setTimeout on session a32b51c358d87416611c0403353dd8e0 to remote] DEBUG org.asynchttpclient.netty.request.NettyRequestSender - Using open Channel [id: 0xa8acd2ca, L:/127.0.0.1:50842 - R:localhost/127.0.0.1:63921] for POST '/session/a32b51c358d87416611c0403353dd8e0/timeouts'
16:33:24.341 [AsyncHttpClient-1-7] DEBUG org.asynchttpclient.netty.handler.HttpHandler - 

Request DefaultHttpRequest(decodeResult: success, version: HTTP/1.1)
POST /session/a32b51c358d87416611c0403353dd8e0/timeouts HTTP/1.1
User-Agent: selenium/4.1.2 (java windows)
Content-Length: 22
Content-Type: application/json; charset=utf-8
host: localhost:63921
accept: */*

Response DefaultHttpResponse(decodeResult: success, version: HTTP/1.1)
HTTP/1.1 200 OK
Content-Type: application/json; charset=utf-8
cache-control: no-cache
content-length: 14

16:33:24.341 [AsyncHttpClient-1-7] DEBUG org.asynchttpclient.netty.channel.ChannelManager - Adding key: http://localhost:63921 for channel [id: 0xa8acd2ca, L:/127.0.0.1:50842 - R:localhost/127.0.0.1:63921]
16:33:24.346 [Forwarding getCurrentUrl on session a32b51c358d87416611c0403353dd8e0 to remote] DEBUG org.asynchttpclient.netty.request.NettyRequestSender - Using pooled Channel '[id: 0xa8acd2ca, L:/127.0.0.1:50842 - R:localhost/127.0.0.1:63921]' for 'GET' to 'http://localhost:63921/session/a32b51c358d87416611c0403353dd8e0/url'
16:33:24.346 [Forwarding getCurrentUrl on session a32b51c358d87416611c0403353dd8e0 to remote] DEBUG org.asynchttpclient.netty.request.NettyRequestSender - Using open Channel [id: 0xa8acd2ca, L:/127.0.0.1:50842 - R:localhost/127.0.0.1:63921] for GET '/session/a32b51c358d87416611c0403353dd8e0/url'
16:33:24.471 [AsyncHttpClient-1-7] DEBUG org.asynchttpclient.netty.handler.HttpHandler - 

Request DefaultFullHttpRequest(decodeResult: success, version: HTTP/1.1, content: EmptyByteBufBE)
GET /session/a32b51c358d87416611c0403353dd8e0/url HTTP/1.1
User-Agent: selenium/4.1.2 (java windows)
Cache-Control: no-cache
Content-Type: application/json; charset=utf-8
host: localhost:63921
accept: */*

Response DefaultHttpResponse(decodeResult: success, version: HTTP/1.1)
HTTP/1.1 200 OK
Content-Type: application/json; charset=utf-8
cache-control: no-cache
content-length: 53

16:33:24.471 [AsyncHttpClient-1-7] DEBUG org.asynchttpclient.netty.channel.ChannelManager - Adding key: http://localhost:63921 for channel [id: 0xa8acd2ca, L:/127.0.0.1:50842 - R:localhost/127.0.0.1:63921]
16:33:24.525 [Forwarding getCurrentUrl on session a32b51c358d87416611c0403353dd8e0 to remote] DEBUG org.asynchttpclient.netty.request.NettyRequestSender - Using pooled Channel '[id: 0xa8acd2ca, L:/127.0.0.1:50842 - R:localhost/127.0.0.1:63921]' for 'GET' to 'http://localhost:63921/session/a32b51c358d87416611c0403353dd8e0/url'
16:33:24.525 [Forwarding getCurrentUrl on session a32b51c358d87416611c0403353dd8e0 to remote] DEBUG org.asynchttpclient.netty.request.NettyRequestSender - Using open Channel [id: 0xa8acd2ca, L:/127.0.0.1:50842 - R:localhost/127.0.0.1:63921] for GET '/session/a32b51c358d87416611c0403353dd8e0/url'
16:33:24.530 [AsyncHttpClient-1-7] DEBUG org.asynchttpclient.netty.handler.HttpHandler - 

Request DefaultFullHttpRequest(decodeResult: success, version: HTTP/1.1, content: EmptyByteBufBE)
GET /session/a32b51c358d87416611c0403353dd8e0/url HTTP/1.1
User-Agent: selenium/4.1.2 (java windows)
Cache-Control: no-cache
Content-Type: application/json; charset=utf-8
host: localhost:63921
accept: */*

Response DefaultHttpResponse(decodeResult: success, version: HTTP/1.1)
HTTP/1.1 200 OK
Content-Type: application/json; charset=utf-8
cache-control: no-cache
content-length: 53

16:33:24.530 [AsyncHttpClient-1-7] DEBUG org.asynchttpclient.netty.channel.ChannelManager - Adding key: http://localhost:63921 for channel [id: 0xa8acd2ca, L:/127.0.0.1:50842 - R:localhost/127.0.0.1:63921]
16:33:24.621 [Forwarding screenshot on session a32b51c358d87416611c0403353dd8e0 to remote] DEBUG org.asynchttpclient.netty.request.NettyRequestSender - Using pooled Channel '[id: 0xa8acd2ca, L:/127.0.0.1:50842 - R:localhost/127.0.0.1:63921]' for 'GET' to 'http://localhost:63921/session/a32b51c358d87416611c0403353dd8e0/screenshot'
16:33:24.621 [Forwarding screenshot on session a32b51c358d87416611c0403353dd8e0 to remote] DEBUG org.asynchttpclient.netty.request.NettyRequestSender - Using open Channel [id: 0xa8acd2ca, L:/127.0.0.1:50842 - R:localhost/127.0.0.1:63921] for GET '/session/a32b51c358d87416611c0403353dd8e0/screenshot'
16:33:24.638 [AsyncHttpClient-1-1] DEBUG org.asynchttpclient.netty.channel.DefaultChannelPool - Entry count for : http://localhost:50844 : 1
16:33:24.883 [AsyncHttpClient-1-7] DEBUG org.asynchttpclient.netty.handler.HttpHandler - 

Request DefaultFullHttpRequest(decodeResult: success, version: HTTP/1.1, content: EmptyByteBufBE)
GET /session/a32b51c358d87416611c0403353dd8e0/screenshot HTTP/1.1
User-Agent: selenium/4.1.2 (java windows)
Cache-Control: no-cache
Content-Type: application/json; charset=utf-8
host: localhost:63921
accept: */*

Response DefaultHttpResponse(decodeResult: success, version: HTTP/1.1)
HTTP/1.1 200 OK
Content-Type: application/json; charset=utf-8
cache-control: no-cache
content-length: 342816

16:33:24.884 [AsyncHttpClient-1-7] DEBUG org.asynchttpclient.netty.channel.ChannelManager - Adding key: http://localhost:63921 for channel [id: 0xa8acd2ca, L:/127.0.0.1:50842 - R:localhost/127.0.0.1:63921]
16:33:25.045 [main] DEBUG net.serenitybdd.core.photography.Darkroom - Send negative for processing for target\site\serenity\71a321f503cdd64f3b0ba61e7fabcdeb943c40a551a47b5bcae0e00b9a7ff954.png
16:33:25.045 [main] DEBUG net.thucydides.core.steps.StepInterceptor - STEP DONE: openUrl
16:33:25.046 [Darkroom Processing Line] DEBUG net.serenitybdd.core.photography.DarkroomProcessingLine - Processing screenshot image in /var/screenshots/screenshot-1946501220478375382
16:33:25.046 [Darkroom Processing Line] DEBUG net.serenitybdd.core.photography.DarkroomProcessingLine - Saving screenshot to target\site\serenity\71a321f503cdd64f3b0ba61e7fabcdeb943c40a551a47b5bcae0e00b9a7ff954.png
16:33:25.060 [main] DEBUG net.thucydides.core.steps.StepInterceptor - STARTING STEP: PatientSteps.iAmAtTheDashboardPage - validateOnDashboardPage
16:33:25.064 [Forwarding findElement on session a32b51c358d87416611c0403353dd8e0 to remote] DEBUG org.asynchttpclient.netty.request.NettyRequestSender - Using pooled Channel '[id: 0xa8acd2ca, L:/127.0.0.1:50842 - R:localhost/127.0.0.1:63921]' for 'POST' to 'http://localhost:63921/session/a32b51c358d87416611c0403353dd8e0/element'
16:33:25.064 [Forwarding findElement on session a32b51c358d87416611c0403353dd8e0 to remote] DEBUG org.asynchttpclient.netty.request.NettyRequestSender - Using open Channel [id: 0xa8acd2ca, L:/127.0.0.1:50842 - R:localhost/127.0.0.1:63921] for POST '/session/a32b51c358d87416611c0403353dd8e0/element'
16:33:25.090 [AsyncHttpClient-1-7] DEBUG org.asynchttpclient.netty.handler.HttpHandler - 

Request DefaultHttpRequest(decodeResult: success, version: HTTP/1.1)
POST /session/a32b51c358d87416611c0403353dd8e0/element HTTP/1.1
User-Agent: selenium/4.1.2 (java windows)
Content-Length: 81
Content-Type: application/json; charset=utf-8
host: localhost:63921
accept: */*

Response DefaultHttpResponse(decodeResult: success, version: HTTP/1.1)
HTTP/1.1 200 OK
Content-Type: application/json; charset=utf-8
cache-control: no-cache
content-length: 88

16:33:25.090 [AsyncHttpClient-1-7] DEBUG org.asynchttpclient.netty.channel.ChannelManager - Adding key: http://localhost:63921 for channel [id: 0xa8acd2ca, L:/127.0.0.1:50842 - R:localhost/127.0.0.1:63921]
16:33:25.095 [Forwarding isElementDisplayed on session a32b51c358d87416611c0403353dd8e0 to remote] DEBUG org.asynchttpclient.netty.request.NettyRequestSender - Using pooled Channel '[id: 0xa8acd2ca, L:/127.0.0.1:50842 - R:localhost/127.0.0.1:63921]' for 'POST' to 'http://localhost:63921/session/a32b51c358d87416611c0403353dd8e0/execute/sync'
16:33:25.095 [Forwarding isElementDisplayed on session a32b51c358d87416611c0403353dd8e0 to remote] DEBUG org.asynchttpclient.netty.request.NettyRequestSender - Using open Channel [id: 0xa8acd2ca, L:/127.0.0.1:50842 - R:localhost/127.0.0.1:63921] for POST '/session/a32b51c358d87416611c0403353dd8e0/execute/sync'
16:33:25.123 [AsyncHttpClient-1-7] DEBUG org.asynchttpclient.netty.handler.HttpHandler - 

Request DefaultHttpRequest(decodeResult: success, version: HTTP/1.1)
POST /session/a32b51c358d87416611c0403353dd8e0/execute/sync HTTP/1.1
User-Agent: selenium/4.1.2 (java windows)
Content-Length: 48780
Content-Type: application/json; charset=utf-8
host: localhost:63921
accept: */*

Response DefaultHttpResponse(decodeResult: success, version: HTTP/1.1)
HTTP/1.1 200 OK
Content-Type: application/json; charset=utf-8
cache-control: no-cache
content-length: 14

16:33:25.124 [AsyncHttpClient-1-7] DEBUG org.asynchttpclient.netty.channel.ChannelManager - Adding key: http://localhost:63921 for channel [id: 0xa8acd2ca, L:/127.0.0.1:50842 - R:localhost/127.0.0.1:63921]
16:33:25.132 [Forwarding screenshot on session a32b51c358d87416611c0403353dd8e0 to remote] DEBUG org.asynchttpclient.netty.request.NettyRequestSender - Using pooled Channel '[id: 0xa8acd2ca, L:/127.0.0.1:50842 - R:localhost/127.0.0.1:63921]' for 'GET' to 'http://localhost:63921/session/a32b51c358d87416611c0403353dd8e0/screenshot'
16:33:25.132 [Forwarding screenshot on session a32b51c358d87416611c0403353dd8e0 to remote] DEBUG org.asynchttpclient.netty.request.NettyRequestSender - Using open Channel [id: 0xa8acd2ca, L:/127.0.0.1:50842 - R:localhost/127.0.0.1:63921] for GET '/session/a32b51c358d87416611c0403353dd8e0/screenshot'
16:33:25.397 [AsyncHttpClient-1-7] DEBUG org.asynchttpclient.netty.handler.HttpHandler - 

Request DefaultFullHttpRequest(decodeResult: success, version: HTTP/1.1, content: EmptyByteBufBE)
GET /session/a32b51c358d87416611c0403353dd8e0/screenshot HTTP/1.1
User-Agent: selenium/4.1.2 (java windows)
Cache-Control: no-cache
Content-Type: application/json; charset=utf-8
host: localhost:63921
accept: */*

Response DefaultHttpResponse(decodeResult: success, version: HTTP/1.1)
HTTP/1.1 200 OK
Content-Type: application/json; charset=utf-8
cache-control: no-cache
content-length: 382596

16:33:25.399 [AsyncHttpClient-1-7] DEBUG org.asynchttpclient.netty.channel.ChannelManager - Adding key: http://localhost:63921 for channel [id: 0xa8acd2ca, L:/127.0.0.1:50842 - R:localhost/127.0.0.1:63921]
16:33:25.617 [main] DEBUG net.serenitybdd.core.photography.Darkroom - Send negative for processing for target\site\serenity\ed15a54c91c342d96a850276df7b559f4526b370fc93040e3c407a48a170f368.png
16:33:25.617 [main] DEBUG net.thucydides.core.steps.StepInterceptor - STEP DONE: validateOnDashboardPage
  &amp#27;[32mGiven &amp#27;[0m&amp#27;[32mI am at the dashboard page&amp#27;[0m          &amp#27;[90m# starter.stepdefinitions.PatientSteps.iAmAtTheDashboardPage()&amp#27;[0m
16:33:25.634 [main] DEBUG net.thucydides.core.steps.StepInterceptor - STARTING STEP: PatientSteps.iClickMenuPatient - clickMenuPatientButton
16:33:25.638 [Forwarding findElement on session a32b51c358d87416611c0403353dd8e0 to remote] DEBUG org.asynchttpclient.netty.request.NettyRequestSender - Using pooled Channel '[id: 0xa8acd2ca, L:/127.0.0.1:50842 - R:localhost/127.0.0.1:63921]' for 'POST' to 'http://localhost:63921/session/a32b51c358d87416611c0403353dd8e0/element'
16:33:25.638 [Forwarding findElement on session a32b51c358d87416611c0403353dd8e0 to remote] DEBUG org.asynchttpclient.netty.request.NettyRequestSender - Using open Channel [id: 0xa8acd2ca, L:/127.0.0.1:50842 - R:localhost/127.0.0.1:63921] for POST '/session/a32b51c358d87416611c0403353dd8e0/element'
16:33:25.653 [AsyncHttpClient-1-7] DEBUG org.asynchttpclient.netty.handler.HttpHandler - 

Request DefaultHttpRequest(decodeResult: success, version: HTTP/1.1)
POST /session/a32b51c358d87416611c0403353dd8e0/element HTTP/1.1
User-Agent: selenium/4.1.2 (java windows)
Content-Length: 80
Content-Type: application/json; charset=utf-8
host: localhost:63921
accept: */*

Response DefaultHttpResponse(decodeResult: success, version: HTTP/1.1)
HTTP/1.1 200 OK
Content-Type: application/json; charset=utf-8
cache-control: no-cache
content-length: 88

16:33:25.664 [AsyncHttpClient-1-7] DEBUG org.asynchttpclient.netty.channel.ChannelManager - Adding key: http://localhost:63921 for channel [id: 0xa8acd2ca, L:/127.0.0.1:50842 - R:localhost/127.0.0.1:63921]
16:33:25.665 [Forwarding getElementTagName on session a32b51c358d87416611c0403353dd8e0 to remote] DEBUG org.asynchttpclient.netty.request.NettyRequestSender - Using pooled Channel '[id: 0xa8acd2ca, L:/127.0.0.1:50842 - R:localhost/127.0.0.1:63921]' for 'GET' to 'http://localhost:63921/session/a32b51c358d87416611c0403353dd8e0/element/006a84f8-e357-4e53-8907-73b99392eeec/name'
16:33:25.665 [Forwarding getElementTagName on session a32b51c358d87416611c0403353dd8e0 to remote] DEBUG org.asynchttpclient.netty.request.NettyRequestSender - Using open Channel [id: 0xa8acd2ca, L:/127.0.0.1:50842 - R:localhost/127.0.0.1:63921] for GET '/session/a32b51c358d87416611c0403353dd8e0/element/006a84f8-e357-4e53-8907-73b99392eeec/name'
16:33:25.670 [AsyncHttpClient-1-7] DEBUG org.asynchttpclient.netty.handler.HttpHandler - 

Request DefaultFullHttpRequest(decodeResult: success, version: HTTP/1.1, content: EmptyByteBufBE)
GET /session/a32b51c358d87416611c0403353dd8e0/element/006a84f8-e357-4e53-8907-73b99392eeec/name HTTP/1.1
User-Agent: selenium/4.1.2 (java windows)
Cache-Control: no-cache
Content-Type: application/json; charset=utf-8
host: localhost:63921
accept: */*

Response DefaultHttpResponse(decodeResult: success, version: HTTP/1.1)
HTTP/1.1 200 OK
Content-Type: application/json; charset=utf-8
cache-control: no-cache
content-length: 15

16:33:25.670 [AsyncHttpClient-1-7] DEBUG org.asynchttpclient.netty.channel.ChannelManager - Adding key: http://localhost:63921 for channel [id: 0xa8acd2ca, L:/127.0.0.1:50842 - R:localhost/127.0.0.1:63921]
16:33:25.672 [Forwarding getElementTagName on session a32b51c358d87416611c0403353dd8e0 to remote] DEBUG org.asynchttpclient.netty.request.NettyRequestSender - Using pooled Channel '[id: 0xa8acd2ca, L:/127.0.0.1:50842 - R:localhost/127.0.0.1:63921]' for 'GET' to 'http://localhost:63921/session/a32b51c358d87416611c0403353dd8e0/element/006a84f8-e357-4e53-8907-73b99392eeec/name'
16:33:25.672 [Forwarding getElementTagName on session a32b51c358d87416611c0403353dd8e0 to remote] DEBUG org.asynchttpclient.netty.request.NettyRequestSender - Using open Channel [id: 0xa8acd2ca, L:/127.0.0.1:50842 - R:localhost/127.0.0.1:63921] for GET '/session/a32b51c358d87416611c0403353dd8e0/element/006a84f8-e357-4e53-8907-73b99392eeec/name'
16:33:25.676 [AsyncHttpClient-1-7] DEBUG org.asynchttpclient.netty.handler.HttpHandler - 

Request DefaultFullHttpRequest(decodeResult: success, version: HTTP/1.1, content: EmptyByteBufBE)
GET /session/a32b51c358d87416611c0403353dd8e0/element/006a84f8-e357-4e53-8907-73b99392eeec/name HTTP/1.1
User-Agent: selenium/4.1.2 (java windows)
Cache-Control: no-cache
Content-Type: application/json; charset=utf-8
host: localhost:63921
accept: */*

Response DefaultHttpResponse(decodeResult: success, version: HTTP/1.1)
HTTP/1.1 200 OK
Content-Type: application/json; charset=utf-8
cache-control: no-cache
content-length: 15

16:33:25.677 [AsyncHttpClient-1-7] DEBUG org.asynchttpclient.netty.channel.ChannelManager - Adding key: http://localhost:63921 for channel [id: 0xa8acd2ca, L:/127.0.0.1:50842 - R:localhost/127.0.0.1:63921]
16:33:25.678 [Forwarding findElement on session a32b51c358d87416611c0403353dd8e0 to remote] DEBUG org.asynchttpclient.netty.request.NettyRequestSender - Using pooled Channel '[id: 0xa8acd2ca, L:/127.0.0.1:50842 - R:localhost/127.0.0.1:63921]' for 'POST' to 'http://localhost:63921/session/a32b51c358d87416611c0403353dd8e0/element'
16:33:25.678 [Forwarding findElement on session a32b51c358d87416611c0403353dd8e0 to remote] DEBUG org.asynchttpclient.netty.request.NettyRequestSender - Using open Channel [id: 0xa8acd2ca, L:/127.0.0.1:50842 - R:localhost/127.0.0.1:63921] for POST '/session/a32b51c358d87416611c0403353dd8e0/element'
16:33:25.812 [AsyncHttpClient-1-7] DEBUG org.asynchttpclient.netty.handler.HttpHandler - 

Request DefaultHttpRequest(decodeResult: success, version: HTTP/1.1)
POST /session/a32b51c358d87416611c0403353dd8e0/element HTTP/1.1
User-Agent: selenium/4.1.2 (java windows)
Content-Length: 80
Content-Type: application/json; charset=utf-8
host: localhost:63921
accept: */*

Response DefaultHttpResponse(decodeResult: success, version: HTTP/1.1)
HTTP/1.1 200 OK
Content-Type: application/json; charset=utf-8
cache-control: no-cache
content-length: 88

16:33:25.814 [AsyncHttpClient-1-7] DEBUG org.asynchttpclient.netty.channel.ChannelManager - Adding key: http://localhost:63921 for channel [id: 0xa8acd2ca, L:/127.0.0.1:50842 - R:localhost/127.0.0.1:63921]
16:33:25.814 [AsyncHttpClient-1-1] DEBUG org.asynchttpclient.netty.channel.DefaultChannelPool - Entry count for : http://localhost:63921 : 1
16:33:25.814 [AsyncHttpClient-1-1] DEBUG org.asynchttpclient.netty.channel.DefaultChannelPool - Entry count for : http://localhost:50844 : 1
16:33:25.823 [Forwarding clickElement on session a32b51c358d87416611c0403353dd8e0 to remote] DEBUG org.asynchttpclient.netty.request.NettyRequestSender - Using pooled Channel '[id: 0xa8acd2ca, L:/127.0.0.1:50842 - R:localhost/127.0.0.1:63921]' for 'POST' to 'http://localhost:63921/session/a32b51c358d87416611c0403353dd8e0/element/006a84f8-e357-4e53-8907-73b99392eeec/click'
16:33:25.823 [Forwarding clickElement on session a32b51c358d87416611c0403353dd8e0 to remote] DEBUG org.asynchttpclient.netty.request.NettyRequestSender - Using open Channel [id: 0xa8acd2ca, L:/127.0.0.1:50842 - R:localhost/127.0.0.1:63921] for POST '/session/a32b51c358d87416611c0403353dd8e0/element/006a84f8-e357-4e53-8907-73b99392eeec/click'
16:33:26.130 [AsyncHttpClient-1-7] DEBUG org.asynchttpclient.netty.handler.HttpHandler - 

Request DefaultHttpRequest(decodeResult: success, version: HTTP/1.1)
POST /session/a32b51c358d87416611c0403353dd8e0/element/006a84f8-e357-4e53-8907-73b99392eeec/click HTTP/1.1
User-Agent: selenium/4.1.2 (java windows)
Content-Length: 50
Content-Type: application/json; charset=utf-8
host: localhost:63921
accept: */*

Response DefaultHttpResponse(decodeResult: success, version: HTTP/1.1)
HTTP/1.1 200 OK
Content-Type: application/json; charset=utf-8
cache-control: no-cache
content-length: 14

16:33:26.130 [AsyncHttpClient-1-7] DEBUG org.asynchttpclient.netty.channel.ChannelManager - Adding key: http://localhost:63921 for channel [id: 0xa8acd2ca, L:/127.0.0.1:50842 - R:localhost/127.0.0.1:63921]
16:33:26.139 [Forwarding screenshot on session a32b51c358d87416611c0403353dd8e0 to remote] DEBUG org.asynchttpclient.netty.request.NettyRequestSender - Using pooled Channel '[id: 0xa8acd2ca, L:/127.0.0.1:50842 - R:localhost/127.0.0.1:63921]' for 'GET' to 'http://localhost:63921/session/a32b51c358d87416611c0403353dd8e0/screenshot'
16:33:26.139 [Forwarding screenshot on session a32b51c358d87416611c0403353dd8e0 to remote] DEBUG org.asynchttpclient.netty.request.NettyRequestSender - Using open Channel [id: 0xa8acd2ca, L:/127.0.0.1:50842 - R:localhost/127.0.0.1:63921] for GET '/session/a32b51c358d87416611c0403353dd8e0/screenshot'
16:33:26.268 [AsyncHttpClient-1-7] DEBUG org.asynchttpclient.netty.handler.HttpHandler - 

Request DefaultFullHttpRequest(decodeResult: success, version: HTTP/1.1, content: EmptyByteBufBE)
GET /session/a32b51c358d87416611c0403353dd8e0/screenshot HTTP/1.1
User-Agent: selenium/4.1.2 (java windows)
Cache-Control: no-cache
Content-Type: application/json; charset=utf-8
host: localhost:63921
accept: */*

Response DefaultHttpResponse(decodeResult: success, version: HTTP/1.1)
HTTP/1.1 200 OK
Content-Type: application/json; charset=utf-8
cache-control: no-cache
content-length: 55372

16:33:26.269 [AsyncHttpClient-1-7] DEBUG org.asynchttpclient.netty.channel.ChannelManager - Adding key: http://localhost:63921 for channel [id: 0xa8acd2ca, L:/127.0.0.1:50842 - R:localhost/127.0.0.1:63921]
16:33:26.272 [main] DEBUG net.serenitybdd.core.photography.Darkroom - Send negative for processing for target\site\serenity\c886102f421ef8e705409955539f8574c7e22dd5f158313ecdebe95b5d6560bd.png
16:33:26.273 [main] DEBUG net.thucydides.core.steps.StepInterceptor - STEP DONE: clickMenuPatientButton
  &amp#27;[32mAnd &amp#27;[0m&amp#27;[32mI click menu patient&amp#27;[0m                  &amp#27;[90m# starter.stepdefinitions.PatientSteps.iClickMenuPatient()&amp#27;[0m
16:33:26.273 [Darkroom Processing Line] DEBUG net.serenitybdd.core.photography.DarkroomProcessingLine - Processing screenshot image in /var/screenshots/screenshot-7577654052501585728
16:33:26.273 [Darkroom Processing Line] DEBUG net.serenitybdd.core.photography.DarkroomProcessingLine - Saving screenshot to target\site\serenity\c886102f421ef8e705409955539f8574c7e22dd5f158313ecdebe95b5d6560bd.png
16:33:26.289 [main] DEBUG net.thucydides.core.steps.StepInterceptor - STARTING STEP: PatientSteps.iClickEditPatientButton - clickEditPatientButton
16:33:26.291 [Forwarding findElement on session a32b51c358d87416611c0403353dd8e0 to remote] DEBUG org.asynchttpclient.netty.request.NettyRequestSender - Using pooled Channel '[id: 0xa8acd2ca, L:/127.0.0.1:50842 - R:localhost/127.0.0.1:63921]' for 'POST' to 'http://localhost:63921/session/a32b51c358d87416611c0403353dd8e0/element'
16:33:26.291 [Forwarding findElement on session a32b51c358d87416611c0403353dd8e0 to remote] DEBUG org.asynchttpclient.netty.request.NettyRequestSender - Using open Channel [id: 0xa8acd2ca, L:/127.0.0.1:50842 - R:localhost/127.0.0.1:63921] for POST '/session/a32b51c358d87416611c0403353dd8e0/element'
16:33:26.619 [AsyncHttpClient-1-7] DEBUG org.asynchttpclient.netty.handler.HttpHandler - 

Request DefaultHttpRequest(decodeResult: success, version: HTTP/1.1)
POST /session/a32b51c358d87416611c0403353dd8e0/element HTTP/1.1
User-Agent: selenium/4.1.2 (java windows)
Content-Length: 91
Content-Type: application/json; charset=utf-8
host: localhost:63921
accept: */*

Response DefaultHttpResponse(decodeResult: success, version: HTTP/1.1)
HTTP/1.1 200 OK
Content-Type: application/json; charset=utf-8
cache-control: no-cache
content-length: 88

16:33:26.619 [AsyncHttpClient-1-7] DEBUG org.asynchttpclient.netty.channel.ChannelManager - Adding key: http://localhost:63921 for channel [id: 0xa8acd2ca, L:/127.0.0.1:50842 - R:localhost/127.0.0.1:63921]
16:33:26.620 [Forwarding getElementTagName on session a32b51c358d87416611c0403353dd8e0 to remote] DEBUG org.asynchttpclient.netty.request.NettyRequestSender - Using pooled Channel '[id: 0xa8acd2ca, L:/127.0.0.1:50842 - R:localhost/127.0.0.1:63921]' for 'GET' to 'http://localhost:63921/session/a32b51c358d87416611c0403353dd8e0/element/34db919c-3b0e-4be1-88e2-a8fdc1a96a04/name'
16:33:26.620 [Forwarding getElementTagName on session a32b51c358d87416611c0403353dd8e0 to remote] DEBUG org.asynchttpclient.netty.request.NettyRequestSender - Using open Channel [id: 0xa8acd2ca, L:/127.0.0.1:50842 - R:localhost/127.0.0.1:63921] for GET '/session/a32b51c358d87416611c0403353dd8e0/element/34db919c-3b0e-4be1-88e2-a8fdc1a96a04/name'
16:33:26.626 [AsyncHttpClient-1-7] DEBUG org.asynchttpclient.netty.handler.HttpHandler - 

Request DefaultFullHttpRequest(decodeResult: success, version: HTTP/1.1, content: EmptyByteBufBE)
GET /session/a32b51c358d87416611c0403353dd8e0/element/34db919c-3b0e-4be1-88e2-a8fdc1a96a04/name HTTP/1.1
User-Agent: selenium/4.1.2 (java windows)
Cache-Control: no-cache
Content-Type: application/json; charset=utf-8
host: localhost:63921
accept: */*

Response DefaultHttpResponse(decodeResult: success, version: HTTP/1.1)
HTTP/1.1 200 OK
Content-Type: application/json; charset=utf-8
cache-control: no-cache
content-length: 18

16:33:26.626 [AsyncHttpClient-1-7] DEBUG org.asynchttpclient.netty.channel.ChannelManager - Adding key: http://localhost:63921 for channel [id: 0xa8acd2ca, L:/127.0.0.1:50842 - R:localhost/127.0.0.1:63921]
16:33:26.628 [Forwarding getElementTagName on session a32b51c358d87416611c0403353dd8e0 to remote] DEBUG org.asynchttpclient.netty.request.NettyRequestSender - Using pooled Channel '[id: 0xa8acd2ca, L:/127.0.0.1:50842 - R:localhost/127.0.0.1:63921]' for 'GET' to 'http://localhost:63921/session/a32b51c358d87416611c0403353dd8e0/element/34db919c-3b0e-4be1-88e2-a8fdc1a96a04/name'
16:33:26.629 [Forwarding getElementTagName on session a32b51c358d87416611c0403353dd8e0 to remote] DEBUG org.asynchttpclient.netty.request.NettyRequestSender - Using open Channel [id: 0xa8acd2ca, L:/127.0.0.1:50842 - R:localhost/127.0.0.1:63921] for GET '/session/a32b51c358d87416611c0403353dd8e0/element/34db919c-3b0e-4be1-88e2-a8fdc1a96a04/name'
16:33:26.636 [AsyncHttpClient-1-7] DEBUG org.asynchttpclient.netty.handler.HttpHandler - 

Request DefaultFullHttpRequest(decodeResult: success, version: HTTP/1.1, content: EmptyByteBufBE)
GET /session/a32b51c358d87416611c0403353dd8e0/element/34db919c-3b0e-4be1-88e2-a8fdc1a96a04/name HTTP/1.1
User-Agent: selenium/4.1.2 (java windows)
Cache-Control: no-cache
Content-Type: application/json; charset=utf-8
host: localhost:63921
accept: */*

Response DefaultHttpResponse(decodeResult: success, version: HTTP/1.1)
HTTP/1.1 200 OK
Content-Type: application/json; charset=utf-8
cache-control: no-cache
content-length: 18

16:33:26.636 [AsyncHttpClient-1-7] DEBUG org.asynchttpclient.netty.channel.ChannelManager - Adding key: http://localhost:63921 for channel [id: 0xa8acd2ca, L:/127.0.0.1:50842 - R:localhost/127.0.0.1:63921]
16:33:26.640 [Forwarding isElementEnabled on session a32b51c358d87416611c0403353dd8e0 to remote] DEBUG org.asynchttpclient.netty.request.NettyRequestSender - Using pooled Channel '[id: 0xa8acd2ca, L:/127.0.0.1:50842 - R:localhost/127.0.0.1:63921]' for 'GET' to 'http://localhost:63921/session/a32b51c358d87416611c0403353dd8e0/element/34db919c-3b0e-4be1-88e2-a8fdc1a96a04/enabled'
16:33:26.640 [Forwarding isElementEnabled on session a32b51c358d87416611c0403353dd8e0 to remote] DEBUG org.asynchttpclient.netty.request.NettyRequestSender - Using open Channel [id: 0xa8acd2ca, L:/127.0.0.1:50842 - R:localhost/127.0.0.1:63921] for GET '/session/a32b51c358d87416611c0403353dd8e0/element/34db919c-3b0e-4be1-88e2-a8fdc1a96a04/enabled'
16:33:26.655 [AsyncHttpClient-1-7] DEBUG org.asynchttpclient.netty.handler.HttpHandler - 

Request DefaultFullHttpRequest(decodeResult: success, version: HTTP/1.1, content: EmptyByteBufBE)
GET /session/a32b51c358d87416611c0403353dd8e0/element/34db919c-3b0e-4be1-88e2-a8fdc1a96a04/enabled HTTP/1.1
User-Agent: selenium/4.1.2 (java windows)
Cache-Control: no-cache
Content-Type: application/json; charset=utf-8
host: localhost:63921
accept: */*

Response DefaultHttpResponse(decodeResult: success, version: HTTP/1.1)
HTTP/1.1 200 OK
Content-Type: application/json; charset=utf-8
cache-control: no-cache
content-length: 14

16:33:26.656 [AsyncHttpClient-1-7] DEBUG org.asynchttpclient.netty.channel.ChannelManager - Adding key: http://localhost:63921 for channel [id: 0xa8acd2ca, L:/127.0.0.1:50842 - R:localhost/127.0.0.1:63921]
16:33:26.657 [Forwarding isElementEnabled on session a32b51c358d87416611c0403353dd8e0 to remote] DEBUG org.asynchttpclient.netty.request.NettyRequestSender - Using pooled Channel '[id: 0xa8acd2ca, L:/127.0.0.1:50842 - R:localhost/127.0.0.1:63921]' for 'GET' to 'http://localhost:63921/session/a32b51c358d87416611c0403353dd8e0/element/34db919c-3b0e-4be1-88e2-a8fdc1a96a04/enabled'
16:33:26.657 [Forwarding isElementEnabled on session a32b51c358d87416611c0403353dd8e0 to remote] DEBUG org.asynchttpclient.netty.request.NettyRequestSender - Using open Channel [id: 0xa8acd2ca, L:/127.0.0.1:50842 - R:localhost/127.0.0.1:63921] for GET '/session/a32b51c358d87416611c0403353dd8e0/element/34db919c-3b0e-4be1-88e2-a8fdc1a96a04/enabled'
16:33:26.666 [AsyncHttpClient-1-7] DEBUG org.asynchttpclient.netty.handler.HttpHandler - 

Request DefaultFullHttpRequest(decodeResult: success, version: HTTP/1.1, content: EmptyByteBufBE)
GET /session/a32b51c358d87416611c0403353dd8e0/element/34db919c-3b0e-4be1-88e2-a8fdc1a96a04/enabled HTTP/1.1
User-Agent: selenium/4.1.2 (java windows)
Cache-Control: no-cache
Content-Type: application/json; charset=utf-8
host: localhost:63921
accept: */*

Response DefaultHttpResponse(decodeResult: success, version: HTTP/1.1)
HTTP/1.1 200 OK
Content-Type: application/json; charset=utf-8
cache-control: no-cache
content-length: 14

16:33:26.666 [AsyncHttpClient-1-7] DEBUG org.asynchttpclient.netty.channel.ChannelManager - Adding key: http://localhost:63921 for channel [id: 0xa8acd2ca, L:/127.0.0.1:50842 - R:localhost/127.0.0.1:63921]
16:33:26.669 [Forwarding findElement on session a32b51c358d87416611c0403353dd8e0 to remote] DEBUG org.asynchttpclient.netty.request.NettyRequestSender - Using pooled Channel '[id: 0xa8acd2ca, L:/127.0.0.1:50842 - R:localhost/127.0.0.1:63921]' for 'POST' to 'http://localhost:63921/session/a32b51c358d87416611c0403353dd8e0/element'
16:33:26.669 [Forwarding findElement on session a32b51c358d87416611c0403353dd8e0 to remote] DEBUG org.asynchttpclient.netty.request.NettyRequestSender - Using open Channel [id: 0xa8acd2ca, L:/127.0.0.1:50842 - R:localhost/127.0.0.1:63921] for POST '/session/a32b51c358d87416611c0403353dd8e0/element'
16:33:26.677 [AsyncHttpClient-1-7] DEBUG org.asynchttpclient.netty.handler.HttpHandler - 

Request DefaultHttpRequest(decodeResult: success, version: HTTP/1.1)
POST /session/a32b51c358d87416611c0403353dd8e0/element HTTP/1.1
User-Agent: selenium/4.1.2 (java windows)
Content-Length: 91
Content-Type: application/json; charset=utf-8
host: localhost:63921
accept: */*

Response DefaultHttpResponse(decodeResult: success, version: HTTP/1.1)
HTTP/1.1 200 OK
Content-Type: application/json; charset=utf-8
cache-control: no-cache
content-length: 88

16:33:26.677 [AsyncHttpClient-1-7] DEBUG org.asynchttpclient.netty.channel.ChannelManager - Adding key: http://localhost:63921 for channel [id: 0xa8acd2ca, L:/127.0.0.1:50842 - R:localhost/127.0.0.1:63921]
16:33:26.678 [Forwarding getElementTagName on session a32b51c358d87416611c0403353dd8e0 to remote] DEBUG org.asynchttpclient.netty.request.NettyRequestSender - Using pooled Channel '[id: 0xa8acd2ca, L:/127.0.0.1:50842 - R:localhost/127.0.0.1:63921]' for 'GET' to 'http://localhost:63921/session/a32b51c358d87416611c0403353dd8e0/element/34db919c-3b0e-4be1-88e2-a8fdc1a96a04/name'
16:33:26.678 [Forwarding getElementTagName on session a32b51c358d87416611c0403353dd8e0 to remote] DEBUG org.asynchttpclient.netty.request.NettyRequestSender - Using open Channel [id: 0xa8acd2ca, L:/127.0.0.1:50842 - R:localhost/127.0.0.1:63921] for GET '/session/a32b51c358d87416611c0403353dd8e0/element/34db919c-3b0e-4be1-88e2-a8fdc1a96a04/name'
16:33:26.682 [AsyncHttpClient-1-7] DEBUG org.asynchttpclient.netty.handler.HttpHandler - 

Request DefaultFullHttpRequest(decodeResult: success, version: HTTP/1.1, content: EmptyByteBufBE)
GET /session/a32b51c358d87416611c0403353dd8e0/element/34db919c-3b0e-4be1-88e2-a8fdc1a96a04/name HTTP/1.1
User-Agent: selenium/4.1.2 (java windows)
Cache-Control: no-cache
Content-Type: application/json; charset=utf-8
host: localhost:63921
accept: */*

Response DefaultHttpResponse(decodeResult: success, version: HTTP/1.1)
HTTP/1.1 200 OK
Content-Type: application/json; charset=utf-8
cache-control: no-cache
content-length: 18

16:33:26.682 [AsyncHttpClient-1-7] DEBUG org.asynchttpclient.netty.channel.ChannelManager - Adding key: http://localhost:63921 for channel [id: 0xa8acd2ca, L:/127.0.0.1:50842 - R:localhost/127.0.0.1:63921]
16:33:26.683 [Forwarding getElementTagName on session a32b51c358d87416611c0403353dd8e0 to remote] DEBUG org.asynchttpclient.netty.request.NettyRequestSender - Using pooled Channel '[id: 0xa8acd2ca, L:/127.0.0.1:50842 - R:localhost/127.0.0.1:63921]' for 'GET' to 'http://localhost:63921/session/a32b51c358d87416611c0403353dd8e0/element/34db919c-3b0e-4be1-88e2-a8fdc1a96a04/name'
16:33:26.683 [Forwarding getElementTagName on session a32b51c358d87416611c0403353dd8e0 to remote] DEBUG org.asynchttpclient.netty.request.NettyRequestSender - Using open Channel [id: 0xa8acd2ca, L:/127.0.0.1:50842 - R:localhost/127.0.0.1:63921] for GET '/session/a32b51c358d87416611c0403353dd8e0/element/34db919c-3b0e-4be1-88e2-a8fdc1a96a04/name'
16:33:26.686 [AsyncHttpClient-1-7] DEBUG org.asynchttpclient.netty.handler.HttpHandler - 

Request DefaultFullHttpRequest(decodeResult: success, version: HTTP/1.1, content: EmptyByteBufBE)
GET /session/a32b51c358d87416611c0403353dd8e0/element/34db919c-3b0e-4be1-88e2-a8fdc1a96a04/name HTTP/1.1
User-Agent: selenium/4.1.2 (java windows)
Cache-Control: no-cache
Content-Type: application/json; charset=utf-8
host: localhost:63921
accept: */*

Response DefaultHttpResponse(decodeResult: success, version: HTTP/1.1)
HTTP/1.1 200 OK
Content-Type: application/json; charset=utf-8
cache-control: no-cache
content-length: 18

16:33:26.686 [AsyncHttpClient-1-7] DEBUG org.asynchttpclient.netty.channel.ChannelManager - Adding key: http://localhost:63921 for channel [id: 0xa8acd2ca, L:/127.0.0.1:50842 - R:localhost/127.0.0.1:63921]
16:33:26.689 [Forwarding isElementEnabled on session a32b51c358d87416611c0403353dd8e0 to remote] DEBUG org.asynchttpclient.netty.request.NettyRequestSender - Using pooled Channel '[id: 0xa8acd2ca, L:/127.0.0.1:50842 - R:localhost/127.0.0.1:63921]' for 'GET' to 'http://localhost:63921/session/a32b51c358d87416611c0403353dd8e0/element/34db919c-3b0e-4be1-88e2-a8fdc1a96a04/enabled'
16:33:26.689 [Forwarding isElementEnabled on session a32b51c358d87416611c0403353dd8e0 to remote] DEBUG org.asynchttpclient.netty.request.NettyRequestSender - Using open Channel [id: 0xa8acd2ca, L:/127.0.0.1:50842 - R:localhost/127.0.0.1:63921] for GET '/session/a32b51c358d87416611c0403353dd8e0/element/34db919c-3b0e-4be1-88e2-a8fdc1a96a04/enabled'
16:33:26.705 [AsyncHttpClient-1-7] DEBUG org.asynchttpclient.netty.handler.HttpHandler - 

Request DefaultFullHttpRequest(decodeResult: success, version: HTTP/1.1, content: EmptyByteBufBE)
GET /session/a32b51c358d87416611c0403353dd8e0/element/34db919c-3b0e-4be1-88e2-a8fdc1a96a04/enabled HTTP/1.1
User-Agent: selenium/4.1.2 (java windows)
Cache-Control: no-cache
Content-Type: application/json; charset=utf-8
host: localhost:63921
accept: */*

Response DefaultHttpResponse(decodeResult: success, version: HTTP/1.1)
HTTP/1.1 200 OK
Content-Type: application/json; charset=utf-8
cache-control: no-cache
content-length: 14

16:33:26.705 [AsyncHttpClient-1-7] DEBUG org.asynchttpclient.netty.channel.ChannelManager - Adding key: http://localhost:63921 for channel [id: 0xa8acd2ca, L:/127.0.0.1:50842 - R:localhost/127.0.0.1:63921]
16:33:26.706 [Forwarding isElementEnabled on session a32b51c358d87416611c0403353dd8e0 to remote] DEBUG org.asynchttpclient.netty.request.NettyRequestSender - Using pooled Channel '[id: 0xa8acd2ca, L:/127.0.0.1:50842 - R:localhost/127.0.0.1:63921]' for 'GET' to 'http://localhost:63921/session/a32b51c358d87416611c0403353dd8e0/element/34db919c-3b0e-4be1-88e2-a8fdc1a96a04/enabled'
16:33:26.706 [Forwarding isElementEnabled on session a32b51c358d87416611c0403353dd8e0 to remote] DEBUG org.asynchttpclient.netty.request.NettyRequestSender - Using open Channel [id: 0xa8acd2ca, L:/127.0.0.1:50842 - R:localhost/127.0.0.1:63921] for GET '/session/a32b51c358d87416611c0403353dd8e0/element/34db919c-3b0e-4be1-88e2-a8fdc1a96a04/enabled'
16:33:26.712 [AsyncHttpClient-1-7] DEBUG org.asynchttpclient.netty.handler.HttpHandler - 

Request DefaultFullHttpRequest(decodeResult: success, version: HTTP/1.1, content: EmptyByteBufBE)
GET /session/a32b51c358d87416611c0403353dd8e0/element/34db919c-3b0e-4be1-88e2-a8fdc1a96a04/enabled HTTP/1.1
User-Agent: selenium/4.1.2 (java windows)
Cache-Control: no-cache
Content-Type: application/json; charset=utf-8
host: localhost:63921
accept: */*

Response DefaultHttpResponse(decodeResult: success, version: HTTP/1.1)
HTTP/1.1 200 OK
Content-Type: application/json; charset=utf-8
cache-control: no-cache
content-length: 14

16:33:26.712 [AsyncHttpClient-1-7] DEBUG org.asynchttpclient.netty.channel.ChannelManager - Adding key: http://localhost:63921 for channel [id: 0xa8acd2ca, L:/127.0.0.1:50842 - R:localhost/127.0.0.1:63921]
16:33:26.714 [Forwarding findElement on session a32b51c358d87416611c0403353dd8e0 to remote] DEBUG org.asynchttpclient.netty.request.NettyRequestSender - Using pooled Channel '[id: 0xa8acd2ca, L:/127.0.0.1:50842 - R:localhost/127.0.0.1:63921]' for 'POST' to 'http://localhost:63921/session/a32b51c358d87416611c0403353dd8e0/element'
16:33:26.714 [Forwarding findElement on session a32b51c358d87416611c0403353dd8e0 to remote] DEBUG org.asynchttpclient.netty.request.NettyRequestSender - Using open Channel [id: 0xa8acd2ca, L:/127.0.0.1:50842 - R:localhost/127.0.0.1:63921] for POST '/session/a32b51c358d87416611c0403353dd8e0/element'
16:33:26.722 [AsyncHttpClient-1-7] DEBUG org.asynchttpclient.netty.handler.HttpHandler - 

Request DefaultHttpRequest(decodeResult: success, version: HTTP/1.1)
POST /session/a32b51c358d87416611c0403353dd8e0/element HTTP/1.1
User-Agent: selenium/4.1.2 (java windows)
Content-Length: 91
Content-Type: application/json; charset=utf-8
host: localhost:63921
accept: */*

Response DefaultHttpResponse(decodeResult: success, version: HTTP/1.1)
HTTP/1.1 200 OK
Content-Type: application/json; charset=utf-8
cache-control: no-cache
content-length: 88

16:33:26.722 [AsyncHttpClient-1-7] DEBUG org.asynchttpclient.netty.channel.ChannelManager - Adding key: http://localhost:63921 for channel [id: 0xa8acd2ca, L:/127.0.0.1:50842 - R:localhost/127.0.0.1:63921]
16:33:26.723 [Forwarding clickElement on session a32b51c358d87416611c0403353dd8e0 to remote] DEBUG org.asynchttpclient.netty.request.NettyRequestSender - Using pooled Channel '[id: 0xa8acd2ca, L:/127.0.0.1:50842 - R:localhost/127.0.0.1:63921]' for 'POST' to 'http://localhost:63921/session/a32b51c358d87416611c0403353dd8e0/element/34db919c-3b0e-4be1-88e2-a8fdc1a96a04/click'
16:33:26.723 [Forwarding clickElement on session a32b51c358d87416611c0403353dd8e0 to remote] DEBUG org.asynchttpclient.netty.request.NettyRequestSender - Using open Channel [id: 0xa8acd2ca, L:/127.0.0.1:50842 - R:localhost/127.0.0.1:63921] for POST '/session/a32b51c358d87416611c0403353dd8e0/element/34db919c-3b0e-4be1-88e2-a8fdc1a96a04/click'
16:33:26.837 [AsyncHttpClient-1-1] DEBUG org.asynchttpclient.netty.channel.DefaultChannelPool - Entry count for : http://localhost:50844 : 1
16:33:26.888 [AsyncHttpClient-1-7] DEBUG org.asynchttpclient.netty.handler.HttpHandler - 

Request DefaultHttpRequest(decodeResult: success, version: HTTP/1.1)
POST /session/a32b51c358d87416611c0403353dd8e0/element/34db919c-3b0e-4be1-88e2-a8fdc1a96a04/click HTTP/1.1
User-Agent: selenium/4.1.2 (java windows)
Content-Length: 50
Content-Type: application/json; charset=utf-8
host: localhost:63921
accept: */*

Response DefaultHttpResponse(decodeResult: success, version: HTTP/1.1)
HTTP/1.1 200 OK
Content-Type: application/json; charset=utf-8
cache-control: no-cache
content-length: 14

16:33:26.888 [AsyncHttpClient-1-7] DEBUG org.asynchttpclient.netty.channel.ChannelManager - Adding key: http://localhost:63921 for channel [id: 0xa8acd2ca, L:/127.0.0.1:50842 - R:localhost/127.0.0.1:63921]
16:33:26.899 [Forwarding screenshot on session a32b51c358d87416611c0403353dd8e0 to remote] DEBUG org.asynchttpclient.netty.request.NettyRequestSender - Using pooled Channel '[id: 0xa8acd2ca, L:/127.0.0.1:50842 - R:localhost/127.0.0.1:63921]' for 'GET' to 'http://localhost:63921/session/a32b51c358d87416611c0403353dd8e0/screenshot'
16:33:26.899 [Forwarding screenshot on session a32b51c358d87416611c0403353dd8e0 to remote] DEBUG org.asynchttpclient.netty.request.NettyRequestSender - Using open Channel [id: 0xa8acd2ca, L:/127.0.0.1:50842 - R:localhost/127.0.0.1:63921] for GET '/session/a32b51c358d87416611c0403353dd8e0/screenshot'
16:33:27.023 [AsyncHttpClient-1-7] DEBUG org.asynchttpclient.netty.handler.HttpHandler - 

Request DefaultFullHttpRequest(decodeResult: success, version: HTTP/1.1, content: EmptyByteBufBE)
GET /session/a32b51c358d87416611c0403353dd8e0/screenshot HTTP/1.1
User-Agent: selenium/4.1.2 (java windows)
Cache-Control: no-cache
Content-Type: application/json; charset=utf-8
host: localhost:63921
accept: */*

Response DefaultHttpResponse(decodeResult: success, version: HTTP/1.1)
HTTP/1.1 200 OK
Content-Type: application/json; charset=utf-8
cache-control: no-cache
content-length: 109300

16:33:27.024 [AsyncHttpClient-1-7] DEBUG org.asynchttpclient.netty.channel.ChannelManager - Adding key: http://localhost:63921 for channel [id: 0xa8acd2ca, L:/127.0.0.1:50842 - R:localhost/127.0.0.1:63921]
16:33:27.030 [main] DEBUG net.serenitybdd.core.photography.Darkroom - Send negative for processing for target\site\serenity\d3783e40cbd741da5f5064102189c8420b0e92de0f2c61ceb0b91b564d62bcbb.png
16:33:27.030 [main] DEBUG net.thucydides.core.steps.StepInterceptor - STEP DONE: clickEditPatientButton
  &amp#27;[32mWhen &amp#27;[0m&amp#27;[32mI click Edit Patient button&amp#27;[0m          &amp#27;[90m# starter.stepdefinitions.PatientSteps.iClickEditPatientButton()&amp#27;[0m
16:33:27.031 [Darkroom Processing Line] DEBUG net.serenitybdd.core.photography.DarkroomProcessingLine - Processing screenshot image in /var/screenshots/screenshot-13098376616337782731
16:33:27.031 [Darkroom Processing Line] DEBUG net.serenitybdd.core.photography.DarkroomProcessingLine - Saving screenshot to target\site\serenity\d3783e40cbd741da5f5064102189c8420b0e92de0f2c61ceb0b91b564d62bcbb.png
16:33:27.061 [main] DEBUG net.thucydides.core.steps.StepInterceptor - STARTING STEP: PatientSteps.iClickXButton - clickXButton
16:33:27.068 [Forwarding findElement on session a32b51c358d87416611c0403353dd8e0 to remote] DEBUG org.asynchttpclient.netty.request.NettyRequestSender - Using pooled Channel '[id: 0xa8acd2ca, L:/127.0.0.1:50842 - R:localhost/127.0.0.1:63921]' for 'POST' to 'http://localhost:63921/session/a32b51c358d87416611c0403353dd8e0/element'
16:33:27.068 [Forwarding findElement on session a32b51c358d87416611c0403353dd8e0 to remote] DEBUG org.asynchttpclient.netty.request.NettyRequestSender - Using open Channel [id: 0xa8acd2ca, L:/127.0.0.1:50842 - R:localhost/127.0.0.1:63921] for POST '/session/a32b51c358d87416611c0403353dd8e0/element'
16:33:27.088 [AsyncHttpClient-1-7] DEBUG org.asynchttpclient.netty.handler.HttpHandler - 

Request DefaultHttpRequest(decodeResult: success, version: HTTP/1.1)
POST /session/a32b51c358d87416611c0403353dd8e0/element HTTP/1.1
User-Agent: selenium/4.1.2 (java windows)
Content-Length: 104
Content-Type: application/json; charset=utf-8
host: localhost:63921
accept: */*

Response DefaultHttpResponse(decodeResult: success, version: HTTP/1.1)
HTTP/1.1 200 OK
Content-Type: application/json; charset=utf-8
cache-control: no-cache
content-length: 88

16:33:27.088 [AsyncHttpClient-1-7] DEBUG org.asynchttpclient.netty.channel.ChannelManager - Adding key: http://localhost:63921 for channel [id: 0xa8acd2ca, L:/127.0.0.1:50842 - R:localhost/127.0.0.1:63921]
16:33:27.090 [Forwarding getElementTagName on session a32b51c358d87416611c0403353dd8e0 to remote] DEBUG org.asynchttpclient.netty.request.NettyRequestSender - Using pooled Channel '[id: 0xa8acd2ca, L:/127.0.0.1:50842 - R:localhost/127.0.0.1:63921]' for 'GET' to 'http://localhost:63921/session/a32b51c358d87416611c0403353dd8e0/element/1c601f02-891c-4a6c-ba28-2ca286fd756d/name'
16:33:27.090 [Forwarding getElementTagName on session a32b51c358d87416611c0403353dd8e0 to remote] DEBUG org.asynchttpclient.netty.request.NettyRequestSender - Using open Channel [id: 0xa8acd2ca, L:/127.0.0.1:50842 - R:localhost/127.0.0.1:63921] for GET '/session/a32b51c358d87416611c0403353dd8e0/element/1c601f02-891c-4a6c-ba28-2ca286fd756d/name'
16:33:27.097 [AsyncHttpClient-1-7] DEBUG org.asynchttpclient.netty.handler.HttpHandler - 

Request DefaultFullHttpRequest(decodeResult: success, version: HTTP/1.1, content: EmptyByteBufBE)
GET /session/a32b51c358d87416611c0403353dd8e0/element/1c601f02-891c-4a6c-ba28-2ca286fd756d/name HTTP/1.1
User-Agent: selenium/4.1.2 (java windows)
Cache-Control: no-cache
Content-Type: application/json; charset=utf-8
host: localhost:63921
accept: */*

Response DefaultHttpResponse(decodeResult: success, version: HTTP/1.1)
HTTP/1.1 200 OK
Content-Type: application/json; charset=utf-8
cache-control: no-cache
content-length: 18

16:33:27.097 [AsyncHttpClient-1-7] DEBUG org.asynchttpclient.netty.channel.ChannelManager - Adding key: http://localhost:63921 for channel [id: 0xa8acd2ca, L:/127.0.0.1:50842 - R:localhost/127.0.0.1:63921]
16:33:27.099 [Forwarding getElementTagName on session a32b51c358d87416611c0403353dd8e0 to remote] DEBUG org.asynchttpclient.netty.request.NettyRequestSender - Using pooled Channel '[id: 0xa8acd2ca, L:/127.0.0.1:50842 - R:localhost/127.0.0.1:63921]' for 'GET' to 'http://localhost:63921/session/a32b51c358d87416611c0403353dd8e0/element/1c601f02-891c-4a6c-ba28-2ca286fd756d/name'
16:33:27.099 [Forwarding getElementTagName on session a32b51c358d87416611c0403353dd8e0 to remote] DEBUG org.asynchttpclient.netty.request.NettyRequestSender - Using open Channel [id: 0xa8acd2ca, L:/127.0.0.1:50842 - R:localhost/127.0.0.1:63921] for GET '/session/a32b51c358d87416611c0403353dd8e0/element/1c601f02-891c-4a6c-ba28-2ca286fd756d/name'
16:33:27.103 [AsyncHttpClient-1-7] DEBUG org.asynchttpclient.netty.handler.HttpHandler - 

Request DefaultFullHttpRequest(decodeResult: success, version: HTTP/1.1, content: EmptyByteBufBE)
GET /session/a32b51c358d87416611c0403353dd8e0/element/1c601f02-891c-4a6c-ba28-2ca286fd756d/name HTTP/1.1
User-Agent: selenium/4.1.2 (java windows)
Cache-Control: no-cache
Content-Type: application/json; charset=utf-8
host: localhost:63921
accept: */*

Response DefaultHttpResponse(decodeResult: success, version: HTTP/1.1)
HTTP/1.1 200 OK
Content-Type: application/json; charset=utf-8
cache-control: no-cache
content-length: 18

16:33:27.103 [AsyncHttpClient-1-7] DEBUG org.asynchttpclient.netty.channel.ChannelManager - Adding key: http://localhost:63921 for channel [id: 0xa8acd2ca, L:/127.0.0.1:50842 - R:localhost/127.0.0.1:63921]
16:33:27.106 [Forwarding isElementEnabled on session a32b51c358d87416611c0403353dd8e0 to remote] DEBUG org.asynchttpclient.netty.request.NettyRequestSender - Using pooled Channel '[id: 0xa8acd2ca, L:/127.0.0.1:50842 - R:localhost/127.0.0.1:63921]' for 'GET' to 'http://localhost:63921/session/a32b51c358d87416611c0403353dd8e0/element/1c601f02-891c-4a6c-ba28-2ca286fd756d/enabled'
16:33:27.106 [Forwarding isElementEnabled on session a32b51c358d87416611c0403353dd8e0 to remote] DEBUG org.asynchttpclient.netty.request.NettyRequestSender - Using open Channel [id: 0xa8acd2ca, L:/127.0.0.1:50842 - R:localhost/127.0.0.1:63921] for GET '/session/a32b51c358d87416611c0403353dd8e0/element/1c601f02-891c-4a6c-ba28-2ca286fd756d/enabled'
16:33:27.117 [AsyncHttpClient-1-7] DEBUG org.asynchttpclient.netty.handler.HttpHandler - 

Request DefaultFullHttpRequest(decodeResult: success, version: HTTP/1.1, content: EmptyByteBufBE)
GET /session/a32b51c358d87416611c0403353dd8e0/element/1c601f02-891c-4a6c-ba28-2ca286fd756d/enabled HTTP/1.1
User-Agent: selenium/4.1.2 (java windows)
Cache-Control: no-cache
Content-Type: application/json; charset=utf-8
host: localhost:63921
accept: */*

Response DefaultHttpResponse(decodeResult: success, version: HTTP/1.1)
HTTP/1.1 200 OK
Content-Type: application/json; charset=utf-8
cache-control: no-cache
content-length: 14

16:33:27.117 [AsyncHttpClient-1-7] DEBUG org.asynchttpclient.netty.channel.ChannelManager - Adding key: http://localhost:63921 for channel [id: 0xa8acd2ca, L:/127.0.0.1:50842 - R:localhost/127.0.0.1:63921]
16:33:27.118 [Forwarding isElementEnabled on session a32b51c358d87416611c0403353dd8e0 to remote] DEBUG org.asynchttpclient.netty.request.NettyRequestSender - Using pooled Channel '[id: 0xa8acd2ca, L:/127.0.0.1:50842 - R:localhost/127.0.0.1:63921]' for 'GET' to 'http://localhost:63921/session/a32b51c358d87416611c0403353dd8e0/element/1c601f02-891c-4a6c-ba28-2ca286fd756d/enabled'
16:33:27.118 [Forwarding isElementEnabled on session a32b51c358d87416611c0403353dd8e0 to remote] DEBUG org.asynchttpclient.netty.request.NettyRequestSender - Using open Channel [id: 0xa8acd2ca, L:/127.0.0.1:50842 - R:localhost/127.0.0.1:63921] for GET '/session/a32b51c358d87416611c0403353dd8e0/element/1c601f02-891c-4a6c-ba28-2ca286fd756d/enabled'
16:33:27.129 [AsyncHttpClient-1-7] DEBUG org.asynchttpclient.netty.handler.HttpHandler - 

Request DefaultFullHttpRequest(decodeResult: success, version: HTTP/1.1, content: EmptyByteBufBE)
GET /session/a32b51c358d87416611c0403353dd8e0/element/1c601f02-891c-4a6c-ba28-2ca286fd756d/enabled HTTP/1.1
User-Agent: selenium/4.1.2 (java windows)
Cache-Control: no-cache
Content-Type: application/json; charset=utf-8
host: localhost:63921
accept: */*

Response DefaultHttpResponse(decodeResult: success, version: HTTP/1.1)
HTTP/1.1 200 OK
Content-Type: application/json; charset=utf-8
cache-control: no-cache
content-length: 14

16:33:27.129 [AsyncHttpClient-1-7] DEBUG org.asynchttpclient.netty.channel.ChannelManager - Adding key: http://localhost:63921 for channel [id: 0xa8acd2ca, L:/127.0.0.1:50842 - R:localhost/127.0.0.1:63921]
16:33:27.132 [Forwarding findElement on session a32b51c358d87416611c0403353dd8e0 to remote] DEBUG org.asynchttpclient.netty.request.NettyRequestSender - Using pooled Channel '[id: 0xa8acd2ca, L:/127.0.0.1:50842 - R:localhost/127.0.0.1:63921]' for 'POST' to 'http://localhost:63921/session/a32b51c358d87416611c0403353dd8e0/element'
16:33:27.132 [Forwarding findElement on session a32b51c358d87416611c0403353dd8e0 to remote] DEBUG org.asynchttpclient.netty.request.NettyRequestSender - Using open Channel [id: 0xa8acd2ca, L:/127.0.0.1:50842 - R:localhost/127.0.0.1:63921] for POST '/session/a32b51c358d87416611c0403353dd8e0/element'
16:33:27.142 [AsyncHttpClient-1-7] DEBUG org.asynchttpclient.netty.handler.HttpHandler - 

Request DefaultHttpRequest(decodeResult: success, version: HTTP/1.1)
POST /session/a32b51c358d87416611c0403353dd8e0/element HTTP/1.1
User-Agent: selenium/4.1.2 (java windows)
Content-Length: 104
Content-Type: application/json; charset=utf-8
host: localhost:63921
accept: */*

Response DefaultHttpResponse(decodeResult: success, version: HTTP/1.1)
HTTP/1.1 200 OK
Content-Type: application/json; charset=utf-8
cache-control: no-cache
content-length: 88

16:33:27.142 [AsyncHttpClient-1-7] DEBUG org.asynchttpclient.netty.channel.ChannelManager - Adding key: http://localhost:63921 for channel [id: 0xa8acd2ca, L:/127.0.0.1:50842 - R:localhost/127.0.0.1:63921]
16:33:27.144 [Forwarding clickElement on session a32b51c358d87416611c0403353dd8e0 to remote] DEBUG org.asynchttpclient.netty.request.NettyRequestSender - Using pooled Channel '[id: 0xa8acd2ca, L:/127.0.0.1:50842 - R:localhost/127.0.0.1:63921]' for 'POST' to 'http://localhost:63921/session/a32b51c358d87416611c0403353dd8e0/element/1c601f02-891c-4a6c-ba28-2ca286fd756d/click'
16:33:27.144 [Forwarding clickElement on session a32b51c358d87416611c0403353dd8e0 to remote] DEBUG org.asynchttpclient.netty.request.NettyRequestSender - Using open Channel [id: 0xa8acd2ca, L:/127.0.0.1:50842 - R:localhost/127.0.0.1:63921] for POST '/session/a32b51c358d87416611c0403353dd8e0/element/1c601f02-891c-4a6c-ba28-2ca286fd756d/click'
16:33:27.226 [AsyncHttpClient-1-7] DEBUG org.asynchttpclient.netty.handler.HttpHandler - 

Request DefaultHttpRequest(decodeResult: success, version: HTTP/1.1)
POST /session/a32b51c358d87416611c0403353dd8e0/element/1c601f02-891c-4a6c-ba28-2ca286fd756d/click HTTP/1.1
User-Agent: selenium/4.1.2 (java windows)
Content-Length: 50
Content-Type: application/json; charset=utf-8
host: localhost:63921
accept: */*

Response DefaultHttpResponse(decodeResult: success, version: HTTP/1.1)
HTTP/1.1 200 OK
Content-Type: application/json; charset=utf-8
cache-control: no-cache
content-length: 14

16:33:27.226 [AsyncHttpClient-1-7] DEBUG org.asynchttpclient.netty.channel.ChannelManager - Adding key: http://localhost:63921 for channel [id: 0xa8acd2ca, L:/127.0.0.1:50842 - R:localhost/127.0.0.1:63921]
16:33:27.236 [Forwarding screenshot on session a32b51c358d87416611c0403353dd8e0 to remote] DEBUG org.asynchttpclient.netty.request.NettyRequestSender - Using pooled Channel '[id: 0xa8acd2ca, L:/127.0.0.1:50842 - R:localhost/127.0.0.1:63921]' for 'GET' to 'http://localhost:63921/session/a32b51c358d87416611c0403353dd8e0/screenshot'
16:33:27.236 [Forwarding screenshot on session a32b51c358d87416611c0403353dd8e0 to remote] DEBUG org.asynchttpclient.netty.request.NettyRequestSender - Using open Channel [id: 0xa8acd2ca, L:/127.0.0.1:50842 - R:localhost/127.0.0.1:63921] for GET '/session/a32b51c358d87416611c0403353dd8e0/screenshot'
16:33:27.349 [AsyncHttpClient-1-7] DEBUG org.asynchttpclient.netty.handler.HttpHandler - 

Request DefaultFullHttpRequest(decodeResult: success, version: HTTP/1.1, content: EmptyByteBufBE)
GET /session/a32b51c358d87416611c0403353dd8e0/screenshot HTTP/1.1
User-Agent: selenium/4.1.2 (java windows)
Cache-Control: no-cache
Content-Type: application/json; charset=utf-8
host: localhost:63921
accept: */*

Response DefaultHttpResponse(decodeResult: success, version: HTTP/1.1)
HTTP/1.1 200 OK
Content-Type: application/json; charset=utf-8
cache-control: no-cache
content-length: 84224

16:33:27.350 [AsyncHttpClient-1-7] DEBUG org.asynchttpclient.netty.channel.ChannelManager - Adding key: http://localhost:63921 for channel [id: 0xa8acd2ca, L:/127.0.0.1:50842 - R:localhost/127.0.0.1:63921]
16:33:27.354 [main] DEBUG net.serenitybdd.core.photography.Darkroom - Send negative for processing for target\site\serenity\c3d192560c15cbffde17c26b7ae50543f203b88a3fe605f46687a33294cfe778.png
16:33:27.354 [main] DEBUG net.thucydides.core.steps.StepInterceptor - STEP DONE: clickXButton
  &amp#27;[32mThen &amp#27;[0m&amp#27;[32mI click x button&amp#27;[0m                     &amp#27;[90m# starter.stepdefinitions.PatientSteps.iClickXButton()&amp#27;[0m
16:33:27.354 [Darkroom Processing Line] DEBUG net.serenitybdd.core.photography.DarkroomProcessingLine - Processing screenshot image in /var/screenshots/screenshot-14370019398401065910
16:33:27.354 [Darkroom Processing Line] DEBUG net.serenitybdd.core.photography.DarkroomProcessingLine - Saving screenshot to target\site\serenity\c3d192560c15cbffde17c26b7ae50543f203b88a3fe605f46687a33294cfe778.png
16:33:27.359 [main] INFO  - 
  _____   ___   ___   _____     ___     _     ___   ___   ___   ___  
 |_   _| | __| / __| |_   _|   | _ \   /_\   / __| / __| | __| |   \ 
   | |   | _|  \__ \   | |     |  _/  / _ \  \__ \ \__ \ | _|  | |) |
   |_|   |___| |___/   |_|     |_|   /_/ \_\ |___/ |___/ |___| |___/ 

Cancel Edit Patient Data Scenario
----------------------------------------------------------------------
16:33:27.361 [AsyncHttpClient-1-9] DEBUG org.asynchttpclient.netty.handler.WebSocketHandler - Channel Closed: [id: 0x4ecbd232, L:/127.0.0.1:50851 ! R:localhost/127.0.0.1:50844] with attribute NettyResponseFuture{currentRetry=5,
	isDone=1,
	isCancelled=0,
	asyncHandler=org.asynchttpclient.ws.WebSocketUpgradeHandler@6542aa53,
	nettyRequest=org.asynchttpclient.netty.request.NettyRequest@387a0b00,
	future=java.util.concurrent.CompletableFuture@4170f6da[Completed normally],
	uri=ws://localhost:50844/devtools/browser/7e8c10ee-f9b5-4588-a886-d30faae562ba,
	keepAlive=true,
	redirectCount=0,
	timeoutsHolder=null,
	inAuth=0,
	touch=1655717600811}
16:33:27.361 [AsyncHttpClient-1-9] DEBUG org.asynchttpclient.netty.channel.ChannelManager - Closing Channel [id: 0x4ecbd232, L:/127.0.0.1:50851 ! R:localhost/127.0.0.1:50844] 
16:33:27.361 [Driver Command Executor] DEBUG org.asynchttpclient.netty.request.NettyRequestSender - Using pooled Channel '[id: 0xa8acd2ca, L:/127.0.0.1:50842 - R:localhost/127.0.0.1:63921]' for 'DELETE' to 'http://localhost:63921/session/a32b51c358d87416611c0403353dd8e0'
16:33:27.373 [Driver Command Executor] DEBUG org.asynchttpclient.netty.request.NettyRequestSender - Using open Channel [id: 0xa8acd2ca, L:/127.0.0.1:50842 - R:localhost/127.0.0.1:63921] for DELETE '/session/a32b51c358d87416611c0403353dd8e0'
16:33:27.424 [AsyncHttpClient-1-8] DEBUG org.asynchttpclient.netty.handler.HttpHandler - Unexpected I/O exception on channel [id: 0x3f9c3469, L:/127.0.0.1:50850 - R:localhost/127.0.0.1:50844]
java.net.SocketException: Connection reset
	at java.base/sun.nio.ch.SocketChannelImpl.throwConnectionReset(SocketChannelImpl.java:367)
	at java.base/sun.nio.ch.SocketChannelImpl.read(SocketChannelImpl.java:398)
	at io.netty.buffer.PooledByteBuf.setBytes(PooledByteBuf.java:258)
	at io.netty.buffer.AbstractByteBuf.writeBytes(AbstractByteBuf.java:1132)
	at io.netty.channel.socket.nio.NioSocketChannel.doReadBytes(NioSocketChannel.java:350)
	at io.netty.channel.nio.AbstractNioByteChannel$NioByteUnsafe.read(AbstractNioByteChannel.java:151)
	at io.netty.channel.nio.NioEventLoop.processSelectedKey(NioEventLoop.java:722)
	at io.netty.channel.nio.NioEventLoop.processSelectedKeysOptimized(NioEventLoop.java:658)
	at io.netty.channel.nio.NioEventLoop.processSelectedKeys(NioEventLoop.java:584)
	at io.netty.channel.nio.NioEventLoop.run(NioEventLoop.java:496)
	at io.netty.util.concurrent.SingleThreadEventExecutor$4.run(SingleThreadEventExecutor.java:986)
	at io.netty.util.internal.ThreadExecutorMap$2.run(ThreadExecutorMap.java:74)
	at io.netty.util.concurrent.FastThreadLocalRunnable.run(FastThreadLocalRunnable.java:30)
	at java.base/java.lang.Thread.run(Thread.java:832)
16:33:27.424 [AsyncHttpClient-1-8] DEBUG org.asynchttpclient.netty.channel.ChannelManager - Closing Channel [id: 0x3f9c3469, L:/127.0.0.1:50850 - R:localhost/127.0.0.1:50844] 
16:33:27.428 [AsyncHttpClient-1-8] DEBUG org.asynchttpclient.netty.handler.HttpHandler - Channel Closed: [id: 0x3f9c3469, L:/127.0.0.1:50850 ! R:localhost/127.0.0.1:50844] with attribute DISCARD
16:33:27.434 [AsyncHttpClient-1-7] DEBUG org.asynchttpclient.netty.handler.HttpHandler - 

Request DefaultFullHttpRequest(decodeResult: success, version: HTTP/1.1, content: EmptyByteBufBE)
DELETE /session/a32b51c358d87416611c0403353dd8e0 HTTP/1.1
User-Agent: selenium/4.1.2 (java windows)
Content-Type: application/json; charset=utf-8
host: localhost:63921
accept: */*

Response DefaultHttpResponse(decodeResult: success, version: HTTP/1.1)
HTTP/1.1 200 OK
Content-Type: application/json; charset=utf-8
cache-control: no-cache
content-length: 14

16:33:27.434 [AsyncHttpClient-1-7] DEBUG org.asynchttpclient.netty.channel.ChannelManager - Adding key: http://localhost:63921 for channel [id: 0xa8acd2ca, L:/127.0.0.1:50842 - R:localhost/127.0.0.1:63921]
16:33:27.553 [AsyncHttpClient-1-7] DEBUG org.asynchttpclient.netty.handler.HttpHandler - Channel Closed: [id: 0xa8acd2ca, L:/127.0.0.1:50842 ! R:localhost/127.0.0.1:63921] with attribute DISCARD
16:33:27.937 [AsyncHttpClient-1-1] DEBUG org.asynchttpclient.netty.channel.DefaultChannelPool - Entry count for : http://localhost:63921 : 1
16:33:27.937 [AsyncHttpClient-1-1] DEBUG org.asynchttpclient.netty.channel.DefaultChannelPool - Entry count for : http://localhost:50844 : 1
16:33:27.937 [AsyncHttpClient-1-1] DEBUG org.asynchttpclient.netty.channel.DefaultChannelPool - Adding Candidate expired Channel [id: 0xa8acd2ca, L:/127.0.0.1:50842 ! R:localhost/127.0.0.1:63921] isIdleTimeoutExpired=false isRemotelyClosed=true isTtlExpired=false
16:33:27.937 [AsyncHttpClient-1-1] DEBUG org.asynchttpclient.netty.channel.DefaultChannelPool - Closing Idle Channel [id: 0xa8acd2ca, L:/127.0.0.1:50842 ! R:localhost/127.0.0.1:63921]
16:33:27.937 [AsyncHttpClient-1-1] DEBUG org.asynchttpclient.netty.channel.DefaultChannelPool - Adding Candidate expired Channel [id: 0x3f9c3469, L:/127.0.0.1:50850 ! R:localhost/127.0.0.1:50844] isIdleTimeoutExpired=false isRemotelyClosed=true isTtlExpired=false
16:33:27.937 [AsyncHttpClient-1-1] DEBUG org.asynchttpclient.netty.channel.DefaultChannelPool - Closing Idle Channel [id: 0x3f9c3469, L:/127.0.0.1:50850 ! R:localhost/127.0.0.1:50844]
16:33:27.937 [AsyncHttpClient-1-1] DEBUG org.asynchttpclient.netty.channel.DefaultChannelPool - Closed 2 connections out of 2 in 0 ms
]]></system-out>
    <system-err><![CDATA[Starting ChromeDriver 102.0.5005.61 (0e59bcc00cc4985ce39ad31c150065f159d95ad3-refs/branch-heads/5005@{#819}) on port 63921
Only local connections are allowed.
Please see https://chromedriver.chromium.org/security-considerations for suggestions on keeping ChromeDriver safe.
ChromeDriver was started successfully.
Jun 20, 2022 4:33:20 PM org.openqa.selenium.remote.ProtocolHandshake createSession
INFO: Detected dialect: W3C
Jun 20, 2022 4:33:21 PM org.openqa.selenium.devtools.CdpVersionFinder findNearestMatch
WARNING: Unable to find an exact match for CDP version 102, so returning the closest version found: a no-op implementation
Jun 20, 2022 4:33:21 PM org.openqa.selenium.devtools.CdpVersionFinder findNearestMatch
INFO: Unable to find CDP implementation matching 102.
Jun 20, 2022 4:33:21 PM org.openqa.selenium.chromium.ChromiumDriver lambda$new$3
WARNING: Unable to find version of CDP to use for . You may need to include a dependency on a specific version of the CDP using something similar to `org.seleniumhq.selenium:selenium-devtools-v86:4.1.2` where the version ("v86") matches the version of the chromium-based browser you're using and the version number of the artifact is the same as Selenium's.
]]></system-err>
  </testcase>
  <testcase name="Cancel Delete Patient Data Scenario" classname="Patient" time="8.689">
    <system-out><![CDATA[
@Patient @CancelDeletePatient
Scenario: Cancel Delete Patient Data Scenario &amp#27;[90m# src/test/resources/features/2.Patient.feature:39&amp#27;[0m
16:33:28.110 [main] INFO io.cucumber.core.plugin.SerenityReporter - Running feature from file:///E:/My%20Documents/File%20Difa/TI%20Semester%206%20Kampus%20Merdeka%20Alterra/Tugas/CAPSTONE%20Project/Capstone-Project-Website/src/test/resources/features/2.Patient.feature
16:33:28.112 [main] INFO  - 
  _____   ___   ___   _____     ___   _____     _     ___   _____   ___   ___  
 |_   _| | __| / __| |_   _|   / __| |_   _|   /_\   | _ \ |_   _| | __| |   \ 
   | |   | _|  \__ \   | |     \__ \   | |    / _ \  |   /   | |   | _|  | |) |
   |_|   |___| |___/   |_|     |___/   |_|   /_/ \_\ |_|_\   |_|   |___| |___/ 

Cancel Delete Patient Data Scenario(patient;cancel-delete-patient-data-scenario)
--------------------------------------------------------------------------------
16:33:28.132 [main] DEBUG net.thucydides.core.steps.StepInterceptor - STARTING STEP: PatientSteps.iAmAtTheDashboardPage - openUrl
16:33:28.182 [main] INFO net.serenitybdd.core.webdriver.driverproviders.ChromeDriverProvider - Using automatically driver download
16:33:28.336 [main] DEBUG io.github.bonigarcia.wdm.cache.ResolutionCache - Resolution chrome=102 in cache (valid until 16:47:55 20/06/2022 ICT)
16:33:28.339 [main] DEBUG io.github.bonigarcia.wdm.cache.ResolutionCache - Resolution chrome102=102.0.5005.61 in cache (valid until 09:12:44 21/06/2022 ICT)
16:33:28.340 [main] INFO io.github.bonigarcia.wdm.WebDriverManager - Using chromedriver 102.0.5005.61 (resolved driver for Chrome 102)
16:33:28.349 [main] DEBUG io.github.bonigarcia.wdm.WebDriverManager - Driver chromedriver 102.0.5005.61 found in cache
16:33:28.349 [main] INFO io.github.bonigarcia.wdm.WebDriverManager - Exporting webdriver.chrome.driver as C:\Users\USER\.cache\selenium\chromedriver\win32\102.0.5005.61\chromedriver.exe
16:33:28.495 [main] DEBUG net.serenitybdd.core.webdriver.driverproviders.ProvideNewDriver - Instantiating driver
16:33:28.495 [main] DEBUG net.serenitybdd.core.webdriver.driverproviders.ProvideNewDriver - Driver capabilities: Capabilities {acceptInsecureCerts: false, base.url: https://hospital-management..., browserName: chrome, chrome.driver: src/test/resources/webdrive..., driver: chrome, goog:chromeOptions: {args: [], extensions: []}}
16:33:29.047 [AsyncHttpClient-1-2] DEBUG org.asynchttpclient.netty.channel.NettyConnectListener - Using new Channel '[id: 0x6bc8296d, L:/127.0.0.1:50873 - R:localhost/127.0.0.1:52577]' for 'POST' to '/session'
16:33:30.601 [AsyncHttpClient-1-2] DEBUG org.asynchttpclient.netty.handler.HttpHandler - 

Request DefaultHttpRequest(decodeResult: success, version: HTTP/1.1)
POST /session HTTP/1.1
User-Agent: selenium/4.1.2 (java windows)
Content-Length: 621
Content-Type: application/json; charset=utf-8
host: localhost:52577
accept: */*

Response DefaultHttpResponse(decodeResult: success, version: HTTP/1.1)
HTTP/1.1 200 OK
Content-Type: application/json; charset=utf-8
cache-control: no-cache
content-length: 789

16:33:30.601 [AsyncHttpClient-1-2] DEBUG org.asynchttpclient.netty.channel.ChannelManager - Adding key: http://localhost:52577 for channel [id: 0x6bc8296d, L:/127.0.0.1:50873 - R:localhost/127.0.0.1:52577]
16:33:30.607 [AsyncHttpClient-1-3] DEBUG org.asynchttpclient.netty.channel.NettyConnectListener - Using new Channel '[id: 0x3070aede, L:/127.0.0.1:50880 - R:localhost/127.0.0.1:50875]' for 'GET' to '/json/version'
16:33:30.608 [AsyncHttpClient-1-3] DEBUG org.asynchttpclient.netty.handler.HttpHandler - 

Request DefaultFullHttpRequest(decodeResult: success, version: HTTP/1.1, content: EmptyByteBufBE)
GET /json/version HTTP/1.1
User-Agent: selenium/4.1.2 (java windows)
host: localhost:50875
accept: */*

Response DefaultHttpResponse(decodeResult: success, version: HTTP/1.1)
HTTP/1.1 200 OK
Content-Type: application/json; charset=UTF-8
content-length: 427

16:33:30.608 [AsyncHttpClient-1-3] DEBUG org.asynchttpclient.netty.channel.ChannelManager - Adding key: http://localhost:50875 for channel [id: 0x3070aede, L:/127.0.0.1:50880 - R:localhost/127.0.0.1:50875]
16:33:30.610 [AsyncHttpClient-1-4] DEBUG org.asynchttpclient.netty.channel.NettyConnectListener - Using new Channel '[id: 0x484ce6c3, L:/127.0.0.1:50881 - R:localhost/127.0.0.1:50875]' for 'GET' to '/devtools/browser/6a32a27f-d6c1-4940-b0d9-6d2af6a2961c'
16:33:30.611 [AsyncHttpClient-1-4] DEBUG org.asynchttpclient.netty.handler.WebSocketHandler - 

Request DefaultFullHttpRequest(decodeResult: success, version: HTTP/1.1, content: EmptyByteBufBE)
GET /devtools/browser/6a32a27f-d6c1-4940-b0d9-6d2af6a2961c HTTP/1.1
upgrade: websocket
connection: upgrade
sec-websocket-key: +vX+D6+ms3JTzywiFTkJhQ==
sec-websocket-version: 13
origin: http://localhost:50875
host: localhost:50875
accept: */*
user-agent: AHC/2.1

Response DefaultHttpResponse(decodeResult: success, version: HTTP/1.1)
HTTP/1.1 101 WebSocket Protocol Handshake
Upgrade: WebSocket
Connection: Upgrade
Sec-WebSocket-Accept: dljbrYcyflmSS34J2e9fZSMIYos=

16:33:30.618 [Forwarding maximizeCurrentWindow on session cd09b50887d9a762dc145f2c1e9450df to remote] DEBUG org.asynchttpclient.netty.request.NettyRequestSender - Using pooled Channel '[id: 0x6bc8296d, L:/127.0.0.1:50873 - R:localhost/127.0.0.1:52577]' for 'POST' to 'http://localhost:52577/session/cd09b50887d9a762dc145f2c1e9450df/window/maximize'
16:33:30.618 [Forwarding maximizeCurrentWindow on session cd09b50887d9a762dc145f2c1e9450df to remote] DEBUG org.asynchttpclient.netty.request.NettyRequestSender - Using open Channel [id: 0x6bc8296d, L:/127.0.0.1:50873 - R:localhost/127.0.0.1:52577] for POST '/session/cd09b50887d9a762dc145f2c1e9450df/window/maximize'
16:33:30.792 [AsyncHttpClient-1-2] DEBUG org.asynchttpclient.netty.handler.HttpHandler - 

Request DefaultHttpRequest(decodeResult: success, version: HTTP/1.1)
POST /session/cd09b50887d9a762dc145f2c1e9450df/window/maximize HTTP/1.1
User-Agent: selenium/4.1.2 (java windows)
Content-Length: 3
Content-Type: application/json; charset=utf-8
host: localhost:52577
accept: */*

Response DefaultHttpResponse(decodeResult: success, version: HTTP/1.1)
HTTP/1.1 200 OK
Content-Type: application/json; charset=utf-8
cache-control: no-cache
content-length: 51

16:33:30.792 [AsyncHttpClient-1-2] DEBUG org.asynchttpclient.netty.channel.ChannelManager - Adding key: http://localhost:52577 for channel [id: 0x6bc8296d, L:/127.0.0.1:50873 - R:localhost/127.0.0.1:52577]
16:33:30.794 [Forwarding get on session cd09b50887d9a762dc145f2c1e9450df to remote] DEBUG org.asynchttpclient.netty.request.NettyRequestSender - Using pooled Channel '[id: 0x6bc8296d, L:/127.0.0.1:50873 - R:localhost/127.0.0.1:52577]' for 'POST' to 'http://localhost:52577/session/cd09b50887d9a762dc145f2c1e9450df/url'
16:33:30.794 [Forwarding get on session cd09b50887d9a762dc145f2c1e9450df to remote] DEBUG org.asynchttpclient.netty.request.NettyRequestSender - Using open Channel [id: 0x6bc8296d, L:/127.0.0.1:50873 - R:localhost/127.0.0.1:52577] for POST '/session/cd09b50887d9a762dc145f2c1e9450df/url'
16:33:31.238 [AsyncHttpClient-1-1] DEBUG org.asynchttpclient.netty.channel.DefaultChannelPool - Entry count for : http://localhost:50875 : 1
16:33:32.338 [AsyncHttpClient-1-1] DEBUG org.asynchttpclient.netty.channel.DefaultChannelPool - Entry count for : http://localhost:50875 : 1
16:33:33.337 [AsyncHttpClient-1-2] DEBUG org.asynchttpclient.netty.handler.HttpHandler - 

Request DefaultHttpRequest(decodeResult: success, version: HTTP/1.1)
POST /session/cd09b50887d9a762dc145f2c1e9450df/url HTTP/1.1
User-Agent: selenium/4.1.2 (java windows)
Content-Length: 65
Content-Type: application/json; charset=utf-8
host: localhost:52577
accept: */*

Response DefaultHttpResponse(decodeResult: success, version: HTTP/1.1)
HTTP/1.1 200 OK
Content-Type: application/json; charset=utf-8
cache-control: no-cache
content-length: 14

16:33:33.337 [AsyncHttpClient-1-2] DEBUG org.asynchttpclient.netty.channel.ChannelManager - Adding key: http://localhost:52577 for channel [id: 0x6bc8296d, L:/127.0.0.1:50873 - R:localhost/127.0.0.1:52577]
16:33:33.339 [Forwarding setTimeout on session cd09b50887d9a762dc145f2c1e9450df to remote] DEBUG org.asynchttpclient.netty.request.NettyRequestSender - Using pooled Channel '[id: 0x6bc8296d, L:/127.0.0.1:50873 - R:localhost/127.0.0.1:52577]' for 'POST' to 'http://localhost:52577/session/cd09b50887d9a762dc145f2c1e9450df/timeouts'
16:33:33.339 [Forwarding setTimeout on session cd09b50887d9a762dc145f2c1e9450df to remote] DEBUG org.asynchttpclient.netty.request.NettyRequestSender - Using open Channel [id: 0x6bc8296d, L:/127.0.0.1:50873 - R:localhost/127.0.0.1:52577] for POST '/session/cd09b50887d9a762dc145f2c1e9450df/timeouts'
16:33:33.340 [AsyncHttpClient-1-2] DEBUG org.asynchttpclient.netty.handler.HttpHandler - 

Request DefaultHttpRequest(decodeResult: success, version: HTTP/1.1)
POST /session/cd09b50887d9a762dc145f2c1e9450df/timeouts HTTP/1.1
User-Agent: selenium/4.1.2 (java windows)
Content-Length: 22
Content-Type: application/json; charset=utf-8
host: localhost:52577
accept: */*

Response DefaultHttpResponse(decodeResult: success, version: HTTP/1.1)
HTTP/1.1 200 OK
Content-Type: application/json; charset=utf-8
cache-control: no-cache
content-length: 14

16:33:33.340 [AsyncHttpClient-1-2] DEBUG org.asynchttpclient.netty.channel.ChannelManager - Adding key: http://localhost:52577 for channel [id: 0x6bc8296d, L:/127.0.0.1:50873 - R:localhost/127.0.0.1:52577]
16:33:33.347 [Forwarding getCurrentUrl on session cd09b50887d9a762dc145f2c1e9450df to remote] DEBUG org.asynchttpclient.netty.request.NettyRequestSender - Using pooled Channel '[id: 0x6bc8296d, L:/127.0.0.1:50873 - R:localhost/127.0.0.1:52577]' for 'GET' to 'http://localhost:52577/session/cd09b50887d9a762dc145f2c1e9450df/url'
16:33:33.347 [Forwarding getCurrentUrl on session cd09b50887d9a762dc145f2c1e9450df to remote] DEBUG org.asynchttpclient.netty.request.NettyRequestSender - Using open Channel [id: 0x6bc8296d, L:/127.0.0.1:50873 - R:localhost/127.0.0.1:52577] for GET '/session/cd09b50887d9a762dc145f2c1e9450df/url'
16:33:33.437 [AsyncHttpClient-1-1] DEBUG org.asynchttpclient.netty.channel.DefaultChannelPool - Entry count for : http://localhost:50875 : 1
16:33:33.445 [AsyncHttpClient-1-2] DEBUG org.asynchttpclient.netty.handler.HttpHandler - 

Request DefaultFullHttpRequest(decodeResult: success, version: HTTP/1.1, content: EmptyByteBufBE)
GET /session/cd09b50887d9a762dc145f2c1e9450df/url HTTP/1.1
User-Agent: selenium/4.1.2 (java windows)
Cache-Control: no-cache
Content-Type: application/json; charset=utf-8
host: localhost:52577
accept: */*

Response DefaultHttpResponse(decodeResult: success, version: HTTP/1.1)
HTTP/1.1 200 OK
Content-Type: application/json; charset=utf-8
cache-control: no-cache
content-length: 53

16:33:33.445 [AsyncHttpClient-1-2] DEBUG org.asynchttpclient.netty.channel.ChannelManager - Adding key: http://localhost:52577 for channel [id: 0x6bc8296d, L:/127.0.0.1:50873 - R:localhost/127.0.0.1:52577]
16:33:33.452 [Forwarding getCurrentUrl on session cd09b50887d9a762dc145f2c1e9450df to remote] DEBUG org.asynchttpclient.netty.request.NettyRequestSender - Using pooled Channel '[id: 0x6bc8296d, L:/127.0.0.1:50873 - R:localhost/127.0.0.1:52577]' for 'GET' to 'http://localhost:52577/session/cd09b50887d9a762dc145f2c1e9450df/url'
16:33:33.452 [Forwarding getCurrentUrl on session cd09b50887d9a762dc145f2c1e9450df to remote] DEBUG org.asynchttpclient.netty.request.NettyRequestSender - Using open Channel [id: 0x6bc8296d, L:/127.0.0.1:50873 - R:localhost/127.0.0.1:52577] for GET '/session/cd09b50887d9a762dc145f2c1e9450df/url'
16:33:33.456 [AsyncHttpClient-1-2] DEBUG org.asynchttpclient.netty.handler.HttpHandler - 

Request DefaultFullHttpRequest(decodeResult: success, version: HTTP/1.1, content: EmptyByteBufBE)
GET /session/cd09b50887d9a762dc145f2c1e9450df/url HTTP/1.1
User-Agent: selenium/4.1.2 (java windows)
Cache-Control: no-cache
Content-Type: application/json; charset=utf-8
host: localhost:52577
accept: */*

Response DefaultHttpResponse(decodeResult: success, version: HTTP/1.1)
HTTP/1.1 200 OK
Content-Type: application/json; charset=utf-8
cache-control: no-cache
content-length: 53

16:33:33.456 [AsyncHttpClient-1-2] DEBUG org.asynchttpclient.netty.channel.ChannelManager - Adding key: http://localhost:52577 for channel [id: 0x6bc8296d, L:/127.0.0.1:50873 - R:localhost/127.0.0.1:52577]
16:33:33.462 [Forwarding screenshot on session cd09b50887d9a762dc145f2c1e9450df to remote] DEBUG org.asynchttpclient.netty.request.NettyRequestSender - Using pooled Channel '[id: 0x6bc8296d, L:/127.0.0.1:50873 - R:localhost/127.0.0.1:52577]' for 'GET' to 'http://localhost:52577/session/cd09b50887d9a762dc145f2c1e9450df/screenshot'
16:33:33.462 [Forwarding screenshot on session cd09b50887d9a762dc145f2c1e9450df to remote] DEBUG org.asynchttpclient.netty.request.NettyRequestSender - Using open Channel [id: 0x6bc8296d, L:/127.0.0.1:50873 - R:localhost/127.0.0.1:52577] for GET '/session/cd09b50887d9a762dc145f2c1e9450df/screenshot'
16:33:33.714 [AsyncHttpClient-1-2] DEBUG org.asynchttpclient.netty.handler.HttpHandler - 

Request DefaultFullHttpRequest(decodeResult: success, version: HTTP/1.1, content: EmptyByteBufBE)
GET /session/cd09b50887d9a762dc145f2c1e9450df/screenshot HTTP/1.1
User-Agent: selenium/4.1.2 (java windows)
Cache-Control: no-cache
Content-Type: application/json; charset=utf-8
host: localhost:52577
accept: */*

Response DefaultHttpResponse(decodeResult: success, version: HTTP/1.1)
HTTP/1.1 200 OK
Content-Type: application/json; charset=utf-8
cache-control: no-cache
content-length: 337424

16:33:33.724 [AsyncHttpClient-1-2] DEBUG org.asynchttpclient.netty.channel.ChannelManager - Adding key: http://localhost:52577 for channel [id: 0x6bc8296d, L:/127.0.0.1:50873 - R:localhost/127.0.0.1:52577]
16:33:33.753 [main] DEBUG net.serenitybdd.core.photography.Darkroom - Send negative for processing for target\site\serenity\f26b945c70242e04c18b9c3105363a160d3d976bdfbf7f5edfb23f8f52be3dc1.png
16:33:33.754 [main] DEBUG net.thucydides.core.steps.StepInterceptor - STEP DONE: openUrl
16:33:33.760 [main] DEBUG net.thucydides.core.steps.StepInterceptor - STARTING STEP: PatientSteps.iAmAtTheDashboardPage - validateOnDashboardPage
16:33:33.805 [Forwarding findElement on session cd09b50887d9a762dc145f2c1e9450df to remote] DEBUG org.asynchttpclient.netty.request.NettyRequestSender - Using pooled Channel '[id: 0x6bc8296d, L:/127.0.0.1:50873 - R:localhost/127.0.0.1:52577]' for 'POST' to 'http://localhost:52577/session/cd09b50887d9a762dc145f2c1e9450df/element'
16:33:33.805 [Forwarding findElement on session cd09b50887d9a762dc145f2c1e9450df to remote] DEBUG org.asynchttpclient.netty.request.NettyRequestSender - Using open Channel [id: 0x6bc8296d, L:/127.0.0.1:50873 - R:localhost/127.0.0.1:52577] for POST '/session/cd09b50887d9a762dc145f2c1e9450df/element'
16:33:33.930 [AsyncHttpClient-1-2] DEBUG org.asynchttpclient.netty.handler.HttpHandler - 

Request DefaultHttpRequest(decodeResult: success, version: HTTP/1.1)
POST /session/cd09b50887d9a762dc145f2c1e9450df/element HTTP/1.1
User-Agent: selenium/4.1.2 (java windows)
Content-Length: 81
Content-Type: application/json; charset=utf-8
host: localhost:52577
accept: */*

Response DefaultHttpResponse(decodeResult: success, version: HTTP/1.1)
HTTP/1.1 200 OK
Content-Type: application/json; charset=utf-8
cache-control: no-cache
content-length: 88

16:33:33.930 [AsyncHttpClient-1-2] DEBUG org.asynchttpclient.netty.channel.ChannelManager - Adding key: http://localhost:52577 for channel [id: 0x6bc8296d, L:/127.0.0.1:50873 - R:localhost/127.0.0.1:52577]
16:33:33.935 [Forwarding isElementDisplayed on session cd09b50887d9a762dc145f2c1e9450df to remote] DEBUG org.asynchttpclient.netty.request.NettyRequestSender - Using pooled Channel '[id: 0x6bc8296d, L:/127.0.0.1:50873 - R:localhost/127.0.0.1:52577]' for 'POST' to 'http://localhost:52577/session/cd09b50887d9a762dc145f2c1e9450df/execute/sync'
16:33:33.935 [Forwarding isElementDisplayed on session cd09b50887d9a762dc145f2c1e9450df to remote] DEBUG org.asynchttpclient.netty.request.NettyRequestSender - Using open Channel [id: 0x6bc8296d, L:/127.0.0.1:50873 - R:localhost/127.0.0.1:52577] for POST '/session/cd09b50887d9a762dc145f2c1e9450df/execute/sync'
16:33:33.976 [AsyncHttpClient-1-2] DEBUG org.asynchttpclient.netty.handler.HttpHandler - 

Request DefaultHttpRequest(decodeResult: success, version: HTTP/1.1)
POST /session/cd09b50887d9a762dc145f2c1e9450df/execute/sync HTTP/1.1
User-Agent: selenium/4.1.2 (java windows)
Content-Length: 48780
Content-Type: application/json; charset=utf-8
host: localhost:52577
accept: */*

Response DefaultHttpResponse(decodeResult: success, version: HTTP/1.1)
HTTP/1.1 200 OK
Content-Type: application/json; charset=utf-8
cache-control: no-cache
content-length: 14

16:33:33.977 [AsyncHttpClient-1-2] DEBUG org.asynchttpclient.netty.channel.ChannelManager - Adding key: http://localhost:52577 for channel [id: 0x6bc8296d, L:/127.0.0.1:50873 - R:localhost/127.0.0.1:52577]
16:33:33.981 [Forwarding screenshot on session cd09b50887d9a762dc145f2c1e9450df to remote] DEBUG org.asynchttpclient.netty.request.NettyRequestSender - Using pooled Channel '[id: 0x6bc8296d, L:/127.0.0.1:50873 - R:localhost/127.0.0.1:52577]' for 'GET' to 'http://localhost:52577/session/cd09b50887d9a762dc145f2c1e9450df/screenshot'
16:33:33.981 [Forwarding screenshot on session cd09b50887d9a762dc145f2c1e9450df to remote] DEBUG org.asynchttpclient.netty.request.NettyRequestSender - Using open Channel [id: 0x6bc8296d, L:/127.0.0.1:50873 - R:localhost/127.0.0.1:52577] for GET '/session/cd09b50887d9a762dc145f2c1e9450df/screenshot'
16:33:34.254 [AsyncHttpClient-1-2] DEBUG org.asynchttpclient.netty.handler.HttpHandler - 

Request DefaultFullHttpRequest(decodeResult: success, version: HTTP/1.1, content: EmptyByteBufBE)
GET /session/cd09b50887d9a762dc145f2c1e9450df/screenshot HTTP/1.1
User-Agent: selenium/4.1.2 (java windows)
Cache-Control: no-cache
Content-Type: application/json; charset=utf-8
host: localhost:52577
accept: */*

Response DefaultHttpResponse(decodeResult: success, version: HTTP/1.1)
HTTP/1.1 200 OK
Content-Type: application/json; charset=utf-8
cache-control: no-cache
content-length: 382596

16:33:34.257 [AsyncHttpClient-1-2] DEBUG org.asynchttpclient.netty.channel.ChannelManager - Adding key: http://localhost:52577 for channel [id: 0x6bc8296d, L:/127.0.0.1:50873 - R:localhost/127.0.0.1:52577]
16:33:34.311 [main] DEBUG net.serenitybdd.core.photography.Darkroom - Send negative for processing for target\site\serenity\ed15a54c91c342d96a850276df7b559f4526b370fc93040e3c407a48a170f368.png
16:33:34.311 [main] DEBUG net.thucydides.core.steps.StepInterceptor - STEP DONE: validateOnDashboardPage
  &amp#27;[32mGiven &amp#27;[0m&amp#27;[32mI am at the dashboard page&amp#27;[0m            &amp#27;[90m# starter.stepdefinitions.PatientSteps.iAmAtTheDashboardPage()&amp#27;[0m
16:33:34.331 [main] DEBUG net.thucydides.core.steps.StepInterceptor - STARTING STEP: PatientSteps.iClickMenuPatient - clickMenuPatientButton
16:33:34.334 [Forwarding findElement on session cd09b50887d9a762dc145f2c1e9450df to remote] DEBUG org.asynchttpclient.netty.request.NettyRequestSender - Using pooled Channel '[id: 0x6bc8296d, L:/127.0.0.1:50873 - R:localhost/127.0.0.1:52577]' for 'POST' to 'http://localhost:52577/session/cd09b50887d9a762dc145f2c1e9450df/element'
16:33:34.334 [Forwarding findElement on session cd09b50887d9a762dc145f2c1e9450df to remote] DEBUG org.asynchttpclient.netty.request.NettyRequestSender - Using open Channel [id: 0x6bc8296d, L:/127.0.0.1:50873 - R:localhost/127.0.0.1:52577] for POST '/session/cd09b50887d9a762dc145f2c1e9450df/element'
16:33:34.350 [AsyncHttpClient-1-2] DEBUG org.asynchttpclient.netty.handler.HttpHandler - 

Request DefaultHttpRequest(decodeResult: success, version: HTTP/1.1)
POST /session/cd09b50887d9a762dc145f2c1e9450df/element HTTP/1.1
User-Agent: selenium/4.1.2 (java windows)
Content-Length: 80
Content-Type: application/json; charset=utf-8
host: localhost:52577
accept: */*

Response DefaultHttpResponse(decodeResult: success, version: HTTP/1.1)
HTTP/1.1 200 OK
Content-Type: application/json; charset=utf-8
cache-control: no-cache
content-length: 88

16:33:34.350 [AsyncHttpClient-1-2] DEBUG org.asynchttpclient.netty.channel.ChannelManager - Adding key: http://localhost:52577 for channel [id: 0x6bc8296d, L:/127.0.0.1:50873 - R:localhost/127.0.0.1:52577]
16:33:34.351 [Forwarding getElementTagName on session cd09b50887d9a762dc145f2c1e9450df to remote] DEBUG org.asynchttpclient.netty.request.NettyRequestSender - Using pooled Channel '[id: 0x6bc8296d, L:/127.0.0.1:50873 - R:localhost/127.0.0.1:52577]' for 'GET' to 'http://localhost:52577/session/cd09b50887d9a762dc145f2c1e9450df/element/56b9341c-25ef-4d81-9315-ed71cd4d882f/name'
16:33:34.351 [Forwarding getElementTagName on session cd09b50887d9a762dc145f2c1e9450df to remote] DEBUG org.asynchttpclient.netty.request.NettyRequestSender - Using open Channel [id: 0x6bc8296d, L:/127.0.0.1:50873 - R:localhost/127.0.0.1:52577] for GET '/session/cd09b50887d9a762dc145f2c1e9450df/element/56b9341c-25ef-4d81-9315-ed71cd4d882f/name'
16:33:34.356 [AsyncHttpClient-1-2] DEBUG org.asynchttpclient.netty.handler.HttpHandler - 

Request DefaultFullHttpRequest(decodeResult: success, version: HTTP/1.1, content: EmptyByteBufBE)
GET /session/cd09b50887d9a762dc145f2c1e9450df/element/56b9341c-25ef-4d81-9315-ed71cd4d882f/name HTTP/1.1
User-Agent: selenium/4.1.2 (java windows)
Cache-Control: no-cache
Content-Type: application/json; charset=utf-8
host: localhost:52577
accept: */*

Response DefaultHttpResponse(decodeResult: success, version: HTTP/1.1)
HTTP/1.1 200 OK
Content-Type: application/json; charset=utf-8
cache-control: no-cache
content-length: 15

16:33:34.356 [AsyncHttpClient-1-2] DEBUG org.asynchttpclient.netty.channel.ChannelManager - Adding key: http://localhost:52577 for channel [id: 0x6bc8296d, L:/127.0.0.1:50873 - R:localhost/127.0.0.1:52577]
16:33:34.357 [Forwarding getElementTagName on session cd09b50887d9a762dc145f2c1e9450df to remote] DEBUG org.asynchttpclient.netty.request.NettyRequestSender - Using pooled Channel '[id: 0x6bc8296d, L:/127.0.0.1:50873 - R:localhost/127.0.0.1:52577]' for 'GET' to 'http://localhost:52577/session/cd09b50887d9a762dc145f2c1e9450df/element/56b9341c-25ef-4d81-9315-ed71cd4d882f/name'
16:33:34.357 [Forwarding getElementTagName on session cd09b50887d9a762dc145f2c1e9450df to remote] DEBUG org.asynchttpclient.netty.request.NettyRequestSender - Using open Channel [id: 0x6bc8296d, L:/127.0.0.1:50873 - R:localhost/127.0.0.1:52577] for GET '/session/cd09b50887d9a762dc145f2c1e9450df/element/56b9341c-25ef-4d81-9315-ed71cd4d882f/name'
16:33:34.362 [AsyncHttpClient-1-2] DEBUG org.asynchttpclient.netty.handler.HttpHandler - 

Request DefaultFullHttpRequest(decodeResult: success, version: HTTP/1.1, content: EmptyByteBufBE)
GET /session/cd09b50887d9a762dc145f2c1e9450df/element/56b9341c-25ef-4d81-9315-ed71cd4d882f/name HTTP/1.1
User-Agent: selenium/4.1.2 (java windows)
Cache-Control: no-cache
Content-Type: application/json; charset=utf-8
host: localhost:52577
accept: */*

Response DefaultHttpResponse(decodeResult: success, version: HTTP/1.1)
HTTP/1.1 200 OK
Content-Type: application/json; charset=utf-8
cache-control: no-cache
content-length: 15

16:33:34.362 [AsyncHttpClient-1-2] DEBUG org.asynchttpclient.netty.channel.ChannelManager - Adding key: http://localhost:52577 for channel [id: 0x6bc8296d, L:/127.0.0.1:50873 - R:localhost/127.0.0.1:52577]
16:33:34.365 [Forwarding findElement on session cd09b50887d9a762dc145f2c1e9450df to remote] DEBUG org.asynchttpclient.netty.request.NettyRequestSender - Using pooled Channel '[id: 0x6bc8296d, L:/127.0.0.1:50873 - R:localhost/127.0.0.1:52577]' for 'POST' to 'http://localhost:52577/session/cd09b50887d9a762dc145f2c1e9450df/element'
16:33:34.365 [Forwarding findElement on session cd09b50887d9a762dc145f2c1e9450df to remote] DEBUG org.asynchttpclient.netty.request.NettyRequestSender - Using open Channel [id: 0x6bc8296d, L:/127.0.0.1:50873 - R:localhost/127.0.0.1:52577] for POST '/session/cd09b50887d9a762dc145f2c1e9450df/element'
16:33:34.383 [AsyncHttpClient-1-2] DEBUG org.asynchttpclient.netty.handler.HttpHandler - 

Request DefaultHttpRequest(decodeResult: success, version: HTTP/1.1)
POST /session/cd09b50887d9a762dc145f2c1e9450df/element HTTP/1.1
User-Agent: selenium/4.1.2 (java windows)
Content-Length: 80
Content-Type: application/json; charset=utf-8
host: localhost:52577
accept: */*

Response DefaultHttpResponse(decodeResult: success, version: HTTP/1.1)
HTTP/1.1 200 OK
Content-Type: application/json; charset=utf-8
cache-control: no-cache
content-length: 88

16:33:34.383 [AsyncHttpClient-1-2] DEBUG org.asynchttpclient.netty.channel.ChannelManager - Adding key: http://localhost:52577 for channel [id: 0x6bc8296d, L:/127.0.0.1:50873 - R:localhost/127.0.0.1:52577]
16:33:34.384 [Forwarding clickElement on session cd09b50887d9a762dc145f2c1e9450df to remote] DEBUG org.asynchttpclient.netty.request.NettyRequestSender - Using pooled Channel '[id: 0x6bc8296d, L:/127.0.0.1:50873 - R:localhost/127.0.0.1:52577]' for 'POST' to 'http://localhost:52577/session/cd09b50887d9a762dc145f2c1e9450df/element/56b9341c-25ef-4d81-9315-ed71cd4d882f/click'
16:33:34.384 [Forwarding clickElement on session cd09b50887d9a762dc145f2c1e9450df to remote] DEBUG org.asynchttpclient.netty.request.NettyRequestSender - Using open Channel [id: 0x6bc8296d, L:/127.0.0.1:50873 - R:localhost/127.0.0.1:52577] for POST '/session/cd09b50887d9a762dc145f2c1e9450df/element/56b9341c-25ef-4d81-9315-ed71cd4d882f/click'
16:33:34.537 [AsyncHttpClient-1-1] DEBUG org.asynchttpclient.netty.channel.DefaultChannelPool - Entry count for : http://localhost:50875 : 1
16:33:34.540 [AsyncHttpClient-1-2] DEBUG org.asynchttpclient.netty.handler.HttpHandler - 

Request DefaultHttpRequest(decodeResult: success, version: HTTP/1.1)
POST /session/cd09b50887d9a762dc145f2c1e9450df/element/56b9341c-25ef-4d81-9315-ed71cd4d882f/click HTTP/1.1
User-Agent: selenium/4.1.2 (java windows)
Content-Length: 50
Content-Type: application/json; charset=utf-8
host: localhost:52577
accept: */*

Response DefaultHttpResponse(decodeResult: success, version: HTTP/1.1)
HTTP/1.1 200 OK
Content-Type: application/json; charset=utf-8
cache-control: no-cache
content-length: 14

16:33:34.541 [AsyncHttpClient-1-2] DEBUG org.asynchttpclient.netty.channel.ChannelManager - Adding key: http://localhost:52577 for channel [id: 0x6bc8296d, L:/127.0.0.1:50873 - R:localhost/127.0.0.1:52577]
16:33:34.565 [Forwarding screenshot on session cd09b50887d9a762dc145f2c1e9450df to remote] DEBUG org.asynchttpclient.netty.request.NettyRequestSender - Using pooled Channel '[id: 0x6bc8296d, L:/127.0.0.1:50873 - R:localhost/127.0.0.1:52577]' for 'GET' to 'http://localhost:52577/session/cd09b50887d9a762dc145f2c1e9450df/screenshot'
16:33:34.565 [Forwarding screenshot on session cd09b50887d9a762dc145f2c1e9450df to remote] DEBUG org.asynchttpclient.netty.request.NettyRequestSender - Using open Channel [id: 0x6bc8296d, L:/127.0.0.1:50873 - R:localhost/127.0.0.1:52577] for GET '/session/cd09b50887d9a762dc145f2c1e9450df/screenshot'
16:33:34.677 [AsyncHttpClient-1-2] DEBUG org.asynchttpclient.netty.handler.HttpHandler - 

Request DefaultFullHttpRequest(decodeResult: success, version: HTTP/1.1, content: EmptyByteBufBE)
GET /session/cd09b50887d9a762dc145f2c1e9450df/screenshot HTTP/1.1
User-Agent: selenium/4.1.2 (java windows)
Cache-Control: no-cache
Content-Type: application/json; charset=utf-8
host: localhost:52577
accept: */*

Response DefaultHttpResponse(decodeResult: success, version: HTTP/1.1)
HTTP/1.1 200 OK
Content-Type: application/json; charset=utf-8
cache-control: no-cache
content-length: 55372

16:33:34.677 [AsyncHttpClient-1-2] DEBUG org.asynchttpclient.netty.channel.ChannelManager - Adding key: http://localhost:52577 for channel [id: 0x6bc8296d, L:/127.0.0.1:50873 - R:localhost/127.0.0.1:52577]
16:33:34.680 [main] DEBUG net.serenitybdd.core.photography.Darkroom - Send negative for processing for target\site\serenity\9e4e4d30e6e03ca337b9b6e74c3e0fb4b758a8d158d5b46074567ca6e4de1dd4.png
16:33:34.681 [main] DEBUG net.thucydides.core.steps.StepInterceptor - STEP DONE: clickMenuPatientButton
  &amp#27;[32mAnd &amp#27;[0m&amp#27;[32mI click menu patient&amp#27;[0m                    &amp#27;[90m# starter.stepdefinitions.PatientSteps.iClickMenuPatient()&amp#27;[0m
16:33:34.695 [main] DEBUG net.thucydides.core.steps.StepInterceptor - STARTING STEP: PatientSteps.iClickTheDeletePatientButton - clickTheDeleteButton
16:33:34.698 [Forwarding findElement on session cd09b50887d9a762dc145f2c1e9450df to remote] DEBUG org.asynchttpclient.netty.request.NettyRequestSender - Using pooled Channel '[id: 0x6bc8296d, L:/127.0.0.1:50873 - R:localhost/127.0.0.1:52577]' for 'POST' to 'http://localhost:52577/session/cd09b50887d9a762dc145f2c1e9450df/element'
16:33:34.698 [Forwarding findElement on session cd09b50887d9a762dc145f2c1e9450df to remote] DEBUG org.asynchttpclient.netty.request.NettyRequestSender - Using open Channel [id: 0x6bc8296d, L:/127.0.0.1:50873 - R:localhost/127.0.0.1:52577] for POST '/session/cd09b50887d9a762dc145f2c1e9450df/element'
16:33:35.209 [AsyncHttpClient-1-2] DEBUG org.asynchttpclient.netty.handler.HttpHandler - 

Request DefaultHttpRequest(decodeResult: success, version: HTTP/1.1)
POST /session/cd09b50887d9a762dc145f2c1e9450df/element HTTP/1.1
User-Agent: selenium/4.1.2 (java windows)
Content-Length: 91
Content-Type: application/json; charset=utf-8
host: localhost:52577
accept: */*

Response DefaultHttpResponse(decodeResult: success, version: HTTP/1.1)
HTTP/1.1 200 OK
Content-Type: application/json; charset=utf-8
cache-control: no-cache
content-length: 88

16:33:35.209 [AsyncHttpClient-1-2] DEBUG org.asynchttpclient.netty.channel.ChannelManager - Adding key: http://localhost:52577 for channel [id: 0x6bc8296d, L:/127.0.0.1:50873 - R:localhost/127.0.0.1:52577]
16:33:35.214 [Forwarding getElementTagName on session cd09b50887d9a762dc145f2c1e9450df to remote] DEBUG org.asynchttpclient.netty.request.NettyRequestSender - Using pooled Channel '[id: 0x6bc8296d, L:/127.0.0.1:50873 - R:localhost/127.0.0.1:52577]' for 'GET' to 'http://localhost:52577/session/cd09b50887d9a762dc145f2c1e9450df/element/1f1cc5a0-a762-41ed-bf1b-fd8790ef7f9d/name'
16:33:35.214 [Forwarding getElementTagName on session cd09b50887d9a762dc145f2c1e9450df to remote] DEBUG org.asynchttpclient.netty.request.NettyRequestSender - Using open Channel [id: 0x6bc8296d, L:/127.0.0.1:50873 - R:localhost/127.0.0.1:52577] for GET '/session/cd09b50887d9a762dc145f2c1e9450df/element/1f1cc5a0-a762-41ed-bf1b-fd8790ef7f9d/name'
16:33:35.221 [AsyncHttpClient-1-2] DEBUG org.asynchttpclient.netty.handler.HttpHandler - 

Request DefaultFullHttpRequest(decodeResult: success, version: HTTP/1.1, content: EmptyByteBufBE)
GET /session/cd09b50887d9a762dc145f2c1e9450df/element/1f1cc5a0-a762-41ed-bf1b-fd8790ef7f9d/name HTTP/1.1
User-Agent: selenium/4.1.2 (java windows)
Cache-Control: no-cache
Content-Type: application/json; charset=utf-8
host: localhost:52577
accept: */*

Response DefaultHttpResponse(decodeResult: success, version: HTTP/1.1)
HTTP/1.1 200 OK
Content-Type: application/json; charset=utf-8
cache-control: no-cache
content-length: 18

16:33:35.221 [AsyncHttpClient-1-2] DEBUG org.asynchttpclient.netty.channel.ChannelManager - Adding key: http://localhost:52577 for channel [id: 0x6bc8296d, L:/127.0.0.1:50873 - R:localhost/127.0.0.1:52577]
16:33:35.223 [Forwarding getElementTagName on session cd09b50887d9a762dc145f2c1e9450df to remote] DEBUG org.asynchttpclient.netty.request.NettyRequestSender - Using pooled Channel '[id: 0x6bc8296d, L:/127.0.0.1:50873 - R:localhost/127.0.0.1:52577]' for 'GET' to 'http://localhost:52577/session/cd09b50887d9a762dc145f2c1e9450df/element/1f1cc5a0-a762-41ed-bf1b-fd8790ef7f9d/name'
16:33:35.223 [Forwarding getElementTagName on session cd09b50887d9a762dc145f2c1e9450df to remote] DEBUG org.asynchttpclient.netty.request.NettyRequestSender - Using open Channel [id: 0x6bc8296d, L:/127.0.0.1:50873 - R:localhost/127.0.0.1:52577] for GET '/session/cd09b50887d9a762dc145f2c1e9450df/element/1f1cc5a0-a762-41ed-bf1b-fd8790ef7f9d/name'
16:33:35.228 [AsyncHttpClient-1-2] DEBUG org.asynchttpclient.netty.handler.HttpHandler - 

Request DefaultFullHttpRequest(decodeResult: success, version: HTTP/1.1, content: EmptyByteBufBE)
GET /session/cd09b50887d9a762dc145f2c1e9450df/element/1f1cc5a0-a762-41ed-bf1b-fd8790ef7f9d/name HTTP/1.1
User-Agent: selenium/4.1.2 (java windows)
Cache-Control: no-cache
Content-Type: application/json; charset=utf-8
host: localhost:52577
accept: */*

Response DefaultHttpResponse(decodeResult: success, version: HTTP/1.1)
HTTP/1.1 200 OK
Content-Type: application/json; charset=utf-8
cache-control: no-cache
content-length: 18

16:33:35.228 [AsyncHttpClient-1-2] DEBUG org.asynchttpclient.netty.channel.ChannelManager - Adding key: http://localhost:52577 for channel [id: 0x6bc8296d, L:/127.0.0.1:50873 - R:localhost/127.0.0.1:52577]
16:33:35.231 [Forwarding isElementEnabled on session cd09b50887d9a762dc145f2c1e9450df to remote] DEBUG org.asynchttpclient.netty.request.NettyRequestSender - Using pooled Channel '[id: 0x6bc8296d, L:/127.0.0.1:50873 - R:localhost/127.0.0.1:52577]' for 'GET' to 'http://localhost:52577/session/cd09b50887d9a762dc145f2c1e9450df/element/1f1cc5a0-a762-41ed-bf1b-fd8790ef7f9d/enabled'
16:33:35.231 [Forwarding isElementEnabled on session cd09b50887d9a762dc145f2c1e9450df to remote] DEBUG org.asynchttpclient.netty.request.NettyRequestSender - Using open Channel [id: 0x6bc8296d, L:/127.0.0.1:50873 - R:localhost/127.0.0.1:52577] for GET '/session/cd09b50887d9a762dc145f2c1e9450df/element/1f1cc5a0-a762-41ed-bf1b-fd8790ef7f9d/enabled'
16:33:35.244 [AsyncHttpClient-1-2] DEBUG org.asynchttpclient.netty.handler.HttpHandler - 

Request DefaultFullHttpRequest(decodeResult: success, version: HTTP/1.1, content: EmptyByteBufBE)
GET /session/cd09b50887d9a762dc145f2c1e9450df/element/1f1cc5a0-a762-41ed-bf1b-fd8790ef7f9d/enabled HTTP/1.1
User-Agent: selenium/4.1.2 (java windows)
Cache-Control: no-cache
Content-Type: application/json; charset=utf-8
host: localhost:52577
accept: */*

Response DefaultHttpResponse(decodeResult: success, version: HTTP/1.1)
HTTP/1.1 200 OK
Content-Type: application/json; charset=utf-8
cache-control: no-cache
content-length: 14

16:33:35.244 [AsyncHttpClient-1-2] DEBUG org.asynchttpclient.netty.channel.ChannelManager - Adding key: http://localhost:52577 for channel [id: 0x6bc8296d, L:/127.0.0.1:50873 - R:localhost/127.0.0.1:52577]
16:33:35.246 [Forwarding isElementEnabled on session cd09b50887d9a762dc145f2c1e9450df to remote] DEBUG org.asynchttpclient.netty.request.NettyRequestSender - Using pooled Channel '[id: 0x6bc8296d, L:/127.0.0.1:50873 - R:localhost/127.0.0.1:52577]' for 'GET' to 'http://localhost:52577/session/cd09b50887d9a762dc145f2c1e9450df/element/1f1cc5a0-a762-41ed-bf1b-fd8790ef7f9d/enabled'
16:33:35.246 [Forwarding isElementEnabled on session cd09b50887d9a762dc145f2c1e9450df to remote] DEBUG org.asynchttpclient.netty.request.NettyRequestSender - Using open Channel [id: 0x6bc8296d, L:/127.0.0.1:50873 - R:localhost/127.0.0.1:52577] for GET '/session/cd09b50887d9a762dc145f2c1e9450df/element/1f1cc5a0-a762-41ed-bf1b-fd8790ef7f9d/enabled'
16:33:35.263 [AsyncHttpClient-1-2] DEBUG org.asynchttpclient.netty.handler.HttpHandler - 

Request DefaultFullHttpRequest(decodeResult: success, version: HTTP/1.1, content: EmptyByteBufBE)
GET /session/cd09b50887d9a762dc145f2c1e9450df/element/1f1cc5a0-a762-41ed-bf1b-fd8790ef7f9d/enabled HTTP/1.1
User-Agent: selenium/4.1.2 (java windows)
Cache-Control: no-cache
Content-Type: application/json; charset=utf-8
host: localhost:52577
accept: */*

Response DefaultHttpResponse(decodeResult: success, version: HTTP/1.1)
HTTP/1.1 200 OK
Content-Type: application/json; charset=utf-8
cache-control: no-cache
content-length: 14

16:33:35.263 [AsyncHttpClient-1-2] DEBUG org.asynchttpclient.netty.channel.ChannelManager - Adding key: http://localhost:52577 for channel [id: 0x6bc8296d, L:/127.0.0.1:50873 - R:localhost/127.0.0.1:52577]
16:33:35.266 [Forwarding findElement on session cd09b50887d9a762dc145f2c1e9450df to remote] DEBUG org.asynchttpclient.netty.request.NettyRequestSender - Using pooled Channel '[id: 0x6bc8296d, L:/127.0.0.1:50873 - R:localhost/127.0.0.1:52577]' for 'POST' to 'http://localhost:52577/session/cd09b50887d9a762dc145f2c1e9450df/element'
16:33:35.266 [Forwarding findElement on session cd09b50887d9a762dc145f2c1e9450df to remote] DEBUG org.asynchttpclient.netty.request.NettyRequestSender - Using open Channel [id: 0x6bc8296d, L:/127.0.0.1:50873 - R:localhost/127.0.0.1:52577] for POST '/session/cd09b50887d9a762dc145f2c1e9450df/element'
16:33:35.275 [AsyncHttpClient-1-2] DEBUG org.asynchttpclient.netty.handler.HttpHandler - 

Request DefaultHttpRequest(decodeResult: success, version: HTTP/1.1)
POST /session/cd09b50887d9a762dc145f2c1e9450df/element HTTP/1.1
User-Agent: selenium/4.1.2 (java windows)
Content-Length: 91
Content-Type: application/json; charset=utf-8
host: localhost:52577
accept: */*

Response DefaultHttpResponse(decodeResult: success, version: HTTP/1.1)
HTTP/1.1 200 OK
Content-Type: application/json; charset=utf-8
cache-control: no-cache
content-length: 88

16:33:35.275 [AsyncHttpClient-1-2] DEBUG org.asynchttpclient.netty.channel.ChannelManager - Adding key: http://localhost:52577 for channel [id: 0x6bc8296d, L:/127.0.0.1:50873 - R:localhost/127.0.0.1:52577]
16:33:35.276 [Forwarding clickElement on session cd09b50887d9a762dc145f2c1e9450df to remote] DEBUG org.asynchttpclient.netty.request.NettyRequestSender - Using pooled Channel '[id: 0x6bc8296d, L:/127.0.0.1:50873 - R:localhost/127.0.0.1:52577]' for 'POST' to 'http://localhost:52577/session/cd09b50887d9a762dc145f2c1e9450df/element/1f1cc5a0-a762-41ed-bf1b-fd8790ef7f9d/click'
16:33:35.276 [Forwarding clickElement on session cd09b50887d9a762dc145f2c1e9450df to remote] DEBUG org.asynchttpclient.netty.request.NettyRequestSender - Using open Channel [id: 0x6bc8296d, L:/127.0.0.1:50873 - R:localhost/127.0.0.1:52577] for POST '/session/cd09b50887d9a762dc145f2c1e9450df/element/1f1cc5a0-a762-41ed-bf1b-fd8790ef7f9d/click'
16:33:35.376 [AsyncHttpClient-1-2] DEBUG org.asynchttpclient.netty.handler.HttpHandler - 

Request DefaultHttpRequest(decodeResult: success, version: HTTP/1.1)
POST /session/cd09b50887d9a762dc145f2c1e9450df/element/1f1cc5a0-a762-41ed-bf1b-fd8790ef7f9d/click HTTP/1.1
User-Agent: selenium/4.1.2 (java windows)
Content-Length: 50
Content-Type: application/json; charset=utf-8
host: localhost:52577
accept: */*

Response DefaultHttpResponse(decodeResult: success, version: HTTP/1.1)
HTTP/1.1 200 OK
Content-Type: application/json; charset=utf-8
cache-control: no-cache
content-length: 14

16:33:35.376 [AsyncHttpClient-1-2] DEBUG org.asynchttpclient.netty.channel.ChannelManager - Adding key: http://localhost:52577 for channel [id: 0x6bc8296d, L:/127.0.0.1:50873 - R:localhost/127.0.0.1:52577]
16:33:35.387 [Forwarding screenshot on session cd09b50887d9a762dc145f2c1e9450df to remote] DEBUG org.asynchttpclient.netty.request.NettyRequestSender - Using pooled Channel '[id: 0x6bc8296d, L:/127.0.0.1:50873 - R:localhost/127.0.0.1:52577]' for 'GET' to 'http://localhost:52577/session/cd09b50887d9a762dc145f2c1e9450df/screenshot'
16:33:35.387 [Forwarding screenshot on session cd09b50887d9a762dc145f2c1e9450df to remote] DEBUG org.asynchttpclient.netty.request.NettyRequestSender - Using open Channel [id: 0x6bc8296d, L:/127.0.0.1:50873 - R:localhost/127.0.0.1:52577] for GET '/session/cd09b50887d9a762dc145f2c1e9450df/screenshot'
16:33:35.512 [AsyncHttpClient-1-2] DEBUG org.asynchttpclient.netty.handler.HttpHandler - 

Request DefaultFullHttpRequest(decodeResult: success, version: HTTP/1.1, content: EmptyByteBufBE)
GET /session/cd09b50887d9a762dc145f2c1e9450df/screenshot HTTP/1.1
User-Agent: selenium/4.1.2 (java windows)
Cache-Control: no-cache
Content-Type: application/json; charset=utf-8
host: localhost:52577
accept: */*

Response DefaultHttpResponse(decodeResult: success, version: HTTP/1.1)
HTTP/1.1 200 OK
Content-Type: application/json; charset=utf-8
cache-control: no-cache
content-length: 99012

16:33:35.513 [AsyncHttpClient-1-2] DEBUG org.asynchttpclient.netty.channel.ChannelManager - Adding key: http://localhost:52577 for channel [id: 0x6bc8296d, L:/127.0.0.1:50873 - R:localhost/127.0.0.1:52577]
16:33:35.517 [main] DEBUG net.serenitybdd.core.photography.Darkroom - Send negative for processing for target\site\serenity\bc44cbf9ab12d0977dbc52d04ff1788f12c72e11f05f3e26763aaf9a1f15a89f.png
16:33:35.518 [main] DEBUG net.thucydides.core.steps.StepInterceptor - STEP DONE: clickTheDeleteButton
  &amp#27;[32mWhen &amp#27;[0m&amp#27;[32mI click the Delete Patient button&amp#27;[0m      &amp#27;[90m# starter.stepdefinitions.PatientSteps.iClickTheDeletePatientButton()&amp#27;[0m
16:33:35.520 [Darkroom Processing Line] DEBUG net.serenitybdd.core.photography.DarkroomProcessingLine - Processing screenshot image in /var/screenshots/screenshot-10778169470090113350
16:33:35.520 [Darkroom Processing Line] DEBUG net.serenitybdd.core.photography.DarkroomProcessingLine - Saving screenshot to target\site\serenity\bc44cbf9ab12d0977dbc52d04ff1788f12c72e11f05f3e26763aaf9a1f15a89f.png
16:33:35.571 [Forwarding screenshot on session cd09b50887d9a762dc145f2c1e9450df to remote] DEBUG org.asynchttpclient.netty.request.NettyRequestSender - Using pooled Channel '[id: 0x6bc8296d, L:/127.0.0.1:50873 - R:localhost/127.0.0.1:52577]' for 'GET' to 'http://localhost:52577/session/cd09b50887d9a762dc145f2c1e9450df/screenshot'
16:33:35.571 [Forwarding screenshot on session cd09b50887d9a762dc145f2c1e9450df to remote] DEBUG org.asynchttpclient.netty.request.NettyRequestSender - Using open Channel [id: 0x6bc8296d, L:/127.0.0.1:50873 - R:localhost/127.0.0.1:52577] for GET '/session/cd09b50887d9a762dc145f2c1e9450df/screenshot'
16:33:35.638 [AsyncHttpClient-1-1] DEBUG org.asynchttpclient.netty.channel.DefaultChannelPool - Entry count for : http://localhost:50875 : 1
16:33:35.707 [AsyncHttpClient-1-2] DEBUG org.asynchttpclient.netty.handler.HttpHandler - 

Request DefaultFullHttpRequest(decodeResult: success, version: HTTP/1.1, content: EmptyByteBufBE)
GET /session/cd09b50887d9a762dc145f2c1e9450df/screenshot HTTP/1.1
User-Agent: selenium/4.1.2 (java windows)
Cache-Control: no-cache
Content-Type: application/json; charset=utf-8
host: localhost:52577
accept: */*

Response DefaultHttpResponse(decodeResult: success, version: HTTP/1.1)
HTTP/1.1 200 OK
Content-Type: application/json; charset=utf-8
cache-control: no-cache
content-length: 94820

16:33:35.708 [AsyncHttpClient-1-2] DEBUG org.asynchttpclient.netty.channel.ChannelManager - Adding key: http://localhost:52577 for channel [id: 0x6bc8296d, L:/127.0.0.1:50873 - R:localhost/127.0.0.1:52577]
16:33:35.713 [main] DEBUG net.serenitybdd.core.photography.Darkroom - Send negative for processing for target\site\serenity\46825401fd104d4872c7cd99f3aa806572862deaabd5ccf42e22ef71691e5105.png
16:33:35.715 [main] DEBUG net.thucydides.core.steps.StepInterceptor - STARTING STEP: PatientSteps.iClickCancelButton - clickCancelButton
16:33:35.715 [Darkroom Processing Line] DEBUG net.serenitybdd.core.photography.DarkroomProcessingLine - Processing screenshot image in /var/screenshots/screenshot-1173593329674325759
16:33:35.715 [Darkroom Processing Line] DEBUG net.serenitybdd.core.photography.DarkroomProcessingLine - Saving screenshot to target\site\serenity\46825401fd104d4872c7cd99f3aa806572862deaabd5ccf42e22ef71691e5105.png
16:33:35.718 [Forwarding findElement on session cd09b50887d9a762dc145f2c1e9450df to remote] DEBUG org.asynchttpclient.netty.request.NettyRequestSender - Using pooled Channel '[id: 0x6bc8296d, L:/127.0.0.1:50873 - R:localhost/127.0.0.1:52577]' for 'POST' to 'http://localhost:52577/session/cd09b50887d9a762dc145f2c1e9450df/element'
16:33:35.718 [Forwarding findElement on session cd09b50887d9a762dc145f2c1e9450df to remote] DEBUG org.asynchttpclient.netty.request.NettyRequestSender - Using open Channel [id: 0x6bc8296d, L:/127.0.0.1:50873 - R:localhost/127.0.0.1:52577] for POST '/session/cd09b50887d9a762dc145f2c1e9450df/element'
16:33:35.735 [AsyncHttpClient-1-2] DEBUG org.asynchttpclient.netty.handler.HttpHandler - 

Request DefaultHttpRequest(decodeResult: success, version: HTTP/1.1)
POST /session/cd09b50887d9a762dc145f2c1e9450df/element HTTP/1.1
User-Agent: selenium/4.1.2 (java windows)
Content-Length: 104
Content-Type: application/json; charset=utf-8
host: localhost:52577
accept: */*

Response DefaultHttpResponse(decodeResult: success, version: HTTP/1.1)
HTTP/1.1 200 OK
Content-Type: application/json; charset=utf-8
cache-control: no-cache
content-length: 88

16:33:35.735 [AsyncHttpClient-1-2] DEBUG org.asynchttpclient.netty.channel.ChannelManager - Adding key: http://localhost:52577 for channel [id: 0x6bc8296d, L:/127.0.0.1:50873 - R:localhost/127.0.0.1:52577]
16:33:35.736 [Forwarding getElementTagName on session cd09b50887d9a762dc145f2c1e9450df to remote] DEBUG org.asynchttpclient.netty.request.NettyRequestSender - Using pooled Channel '[id: 0x6bc8296d, L:/127.0.0.1:50873 - R:localhost/127.0.0.1:52577]' for 'GET' to 'http://localhost:52577/session/cd09b50887d9a762dc145f2c1e9450df/element/89a8f49d-7dba-4e26-8718-1aea0762ae3e/name'
16:33:35.736 [Forwarding getElementTagName on session cd09b50887d9a762dc145f2c1e9450df to remote] DEBUG org.asynchttpclient.netty.request.NettyRequestSender - Using open Channel [id: 0x6bc8296d, L:/127.0.0.1:50873 - R:localhost/127.0.0.1:52577] for GET '/session/cd09b50887d9a762dc145f2c1e9450df/element/89a8f49d-7dba-4e26-8718-1aea0762ae3e/name'
16:33:35.743 [AsyncHttpClient-1-2] DEBUG org.asynchttpclient.netty.handler.HttpHandler - 

Request DefaultFullHttpRequest(decodeResult: success, version: HTTP/1.1, content: EmptyByteBufBE)
GET /session/cd09b50887d9a762dc145f2c1e9450df/element/89a8f49d-7dba-4e26-8718-1aea0762ae3e/name HTTP/1.1
User-Agent: selenium/4.1.2 (java windows)
Cache-Control: no-cache
Content-Type: application/json; charset=utf-8
host: localhost:52577
accept: */*

Response DefaultHttpResponse(decodeResult: success, version: HTTP/1.1)
HTTP/1.1 200 OK
Content-Type: application/json; charset=utf-8
cache-control: no-cache
content-length: 18

16:33:35.743 [AsyncHttpClient-1-2] DEBUG org.asynchttpclient.netty.channel.ChannelManager - Adding key: http://localhost:52577 for channel [id: 0x6bc8296d, L:/127.0.0.1:50873 - R:localhost/127.0.0.1:52577]
16:33:35.745 [Forwarding getElementTagName on session cd09b50887d9a762dc145f2c1e9450df to remote] DEBUG org.asynchttpclient.netty.request.NettyRequestSender - Using pooled Channel '[id: 0x6bc8296d, L:/127.0.0.1:50873 - R:localhost/127.0.0.1:52577]' for 'GET' to 'http://localhost:52577/session/cd09b50887d9a762dc145f2c1e9450df/element/89a8f49d-7dba-4e26-8718-1aea0762ae3e/name'
16:33:35.745 [Forwarding getElementTagName on session cd09b50887d9a762dc145f2c1e9450df to remote] DEBUG org.asynchttpclient.netty.request.NettyRequestSender - Using open Channel [id: 0x6bc8296d, L:/127.0.0.1:50873 - R:localhost/127.0.0.1:52577] for GET '/session/cd09b50887d9a762dc145f2c1e9450df/element/89a8f49d-7dba-4e26-8718-1aea0762ae3e/name'
16:33:35.750 [AsyncHttpClient-1-2] DEBUG org.asynchttpclient.netty.handler.HttpHandler - 

Request DefaultFullHttpRequest(decodeResult: success, version: HTTP/1.1, content: EmptyByteBufBE)
GET /session/cd09b50887d9a762dc145f2c1e9450df/element/89a8f49d-7dba-4e26-8718-1aea0762ae3e/name HTTP/1.1
User-Agent: selenium/4.1.2 (java windows)
Cache-Control: no-cache
Content-Type: application/json; charset=utf-8
host: localhost:52577
accept: */*

Response DefaultHttpResponse(decodeResult: success, version: HTTP/1.1)
HTTP/1.1 200 OK
Content-Type: application/json; charset=utf-8
cache-control: no-cache
content-length: 18

16:33:35.750 [AsyncHttpClient-1-2] DEBUG org.asynchttpclient.netty.channel.ChannelManager - Adding key: http://localhost:52577 for channel [id: 0x6bc8296d, L:/127.0.0.1:50873 - R:localhost/127.0.0.1:52577]
16:33:35.752 [Forwarding isElementEnabled on session cd09b50887d9a762dc145f2c1e9450df to remote] DEBUG org.asynchttpclient.netty.request.NettyRequestSender - Using pooled Channel '[id: 0x6bc8296d, L:/127.0.0.1:50873 - R:localhost/127.0.0.1:52577]' for 'GET' to 'http://localhost:52577/session/cd09b50887d9a762dc145f2c1e9450df/element/89a8f49d-7dba-4e26-8718-1aea0762ae3e/enabled'
16:33:35.752 [Forwarding isElementEnabled on session cd09b50887d9a762dc145f2c1e9450df to remote] DEBUG org.asynchttpclient.netty.request.NettyRequestSender - Using open Channel [id: 0x6bc8296d, L:/127.0.0.1:50873 - R:localhost/127.0.0.1:52577] for GET '/session/cd09b50887d9a762dc145f2c1e9450df/element/89a8f49d-7dba-4e26-8718-1aea0762ae3e/enabled'
16:33:35.766 [AsyncHttpClient-1-2] DEBUG org.asynchttpclient.netty.handler.HttpHandler - 

Request DefaultFullHttpRequest(decodeResult: success, version: HTTP/1.1, content: EmptyByteBufBE)
GET /session/cd09b50887d9a762dc145f2c1e9450df/element/89a8f49d-7dba-4e26-8718-1aea0762ae3e/enabled HTTP/1.1
User-Agent: selenium/4.1.2 (java windows)
Cache-Control: no-cache
Content-Type: application/json; charset=utf-8
host: localhost:52577
accept: */*

Response DefaultHttpResponse(decodeResult: success, version: HTTP/1.1)
HTTP/1.1 200 OK
Content-Type: application/json; charset=utf-8
cache-control: no-cache
content-length: 14

16:33:35.766 [AsyncHttpClient-1-2] DEBUG org.asynchttpclient.netty.channel.ChannelManager - Adding key: http://localhost:52577 for channel [id: 0x6bc8296d, L:/127.0.0.1:50873 - R:localhost/127.0.0.1:52577]
16:33:35.767 [Forwarding isElementEnabled on session cd09b50887d9a762dc145f2c1e9450df to remote] DEBUG org.asynchttpclient.netty.request.NettyRequestSender - Using pooled Channel '[id: 0x6bc8296d, L:/127.0.0.1:50873 - R:localhost/127.0.0.1:52577]' for 'GET' to 'http://localhost:52577/session/cd09b50887d9a762dc145f2c1e9450df/element/89a8f49d-7dba-4e26-8718-1aea0762ae3e/enabled'
16:33:35.767 [Forwarding isElementEnabled on session cd09b50887d9a762dc145f2c1e9450df to remote] DEBUG org.asynchttpclient.netty.request.NettyRequestSender - Using open Channel [id: 0x6bc8296d, L:/127.0.0.1:50873 - R:localhost/127.0.0.1:52577] for GET '/session/cd09b50887d9a762dc145f2c1e9450df/element/89a8f49d-7dba-4e26-8718-1aea0762ae3e/enabled'
16:33:35.776 [AsyncHttpClient-1-2] DEBUG org.asynchttpclient.netty.handler.HttpHandler - 

Request DefaultFullHttpRequest(decodeResult: success, version: HTTP/1.1, content: EmptyByteBufBE)
GET /session/cd09b50887d9a762dc145f2c1e9450df/element/89a8f49d-7dba-4e26-8718-1aea0762ae3e/enabled HTTP/1.1
User-Agent: selenium/4.1.2 (java windows)
Cache-Control: no-cache
Content-Type: application/json; charset=utf-8
host: localhost:52577
accept: */*

Response DefaultHttpResponse(decodeResult: success, version: HTTP/1.1)
HTTP/1.1 200 OK
Content-Type: application/json; charset=utf-8
cache-control: no-cache
content-length: 14

16:33:35.777 [AsyncHttpClient-1-2] DEBUG org.asynchttpclient.netty.channel.ChannelManager - Adding key: http://localhost:52577 for channel [id: 0x6bc8296d, L:/127.0.0.1:50873 - R:localhost/127.0.0.1:52577]
16:33:35.778 [Forwarding findElement on session cd09b50887d9a762dc145f2c1e9450df to remote] DEBUG org.asynchttpclient.netty.request.NettyRequestSender - Using pooled Channel '[id: 0x6bc8296d, L:/127.0.0.1:50873 - R:localhost/127.0.0.1:52577]' for 'POST' to 'http://localhost:52577/session/cd09b50887d9a762dc145f2c1e9450df/element'
16:33:35.778 [Forwarding findElement on session cd09b50887d9a762dc145f2c1e9450df to remote] DEBUG org.asynchttpclient.netty.request.NettyRequestSender - Using open Channel [id: 0x6bc8296d, L:/127.0.0.1:50873 - R:localhost/127.0.0.1:52577] for POST '/session/cd09b50887d9a762dc145f2c1e9450df/element'
16:33:35.788 [AsyncHttpClient-1-2] DEBUG org.asynchttpclient.netty.handler.HttpHandler - 

Request DefaultHttpRequest(decodeResult: success, version: HTTP/1.1)
POST /session/cd09b50887d9a762dc145f2c1e9450df/element HTTP/1.1
User-Agent: selenium/4.1.2 (java windows)
Content-Length: 104
Content-Type: application/json; charset=utf-8
host: localhost:52577
accept: */*

Response DefaultHttpResponse(decodeResult: success, version: HTTP/1.1)
HTTP/1.1 200 OK
Content-Type: application/json; charset=utf-8
cache-control: no-cache
content-length: 88

16:33:35.788 [AsyncHttpClient-1-2] DEBUG org.asynchttpclient.netty.channel.ChannelManager - Adding key: http://localhost:52577 for channel [id: 0x6bc8296d, L:/127.0.0.1:50873 - R:localhost/127.0.0.1:52577]
16:33:35.791 [Forwarding clickElement on session cd09b50887d9a762dc145f2c1e9450df to remote] DEBUG org.asynchttpclient.netty.request.NettyRequestSender - Using pooled Channel '[id: 0x6bc8296d, L:/127.0.0.1:50873 - R:localhost/127.0.0.1:52577]' for 'POST' to 'http://localhost:52577/session/cd09b50887d9a762dc145f2c1e9450df/element/89a8f49d-7dba-4e26-8718-1aea0762ae3e/click'
16:33:35.791 [Forwarding clickElement on session cd09b50887d9a762dc145f2c1e9450df to remote] DEBUG org.asynchttpclient.netty.request.NettyRequestSender - Using open Channel [id: 0x6bc8296d, L:/127.0.0.1:50873 - R:localhost/127.0.0.1:52577] for POST '/session/cd09b50887d9a762dc145f2c1e9450df/element/89a8f49d-7dba-4e26-8718-1aea0762ae3e/click'
16:33:35.870 [AsyncHttpClient-1-2] DEBUG org.asynchttpclient.netty.handler.HttpHandler - 

Request DefaultHttpRequest(decodeResult: success, version: HTTP/1.1)
POST /session/cd09b50887d9a762dc145f2c1e9450df/element/89a8f49d-7dba-4e26-8718-1aea0762ae3e/click HTTP/1.1
User-Agent: selenium/4.1.2 (java windows)
Content-Length: 50
Content-Type: application/json; charset=utf-8
host: localhost:52577
accept: */*

Response DefaultHttpResponse(decodeResult: success, version: HTTP/1.1)
HTTP/1.1 200 OK
Content-Type: application/json; charset=utf-8
cache-control: no-cache
content-length: 14

16:33:35.870 [AsyncHttpClient-1-2] DEBUG org.asynchttpclient.netty.channel.ChannelManager - Adding key: http://localhost:52577 for channel [id: 0x6bc8296d, L:/127.0.0.1:50873 - R:localhost/127.0.0.1:52577]
16:33:35.880 [Forwarding screenshot on session cd09b50887d9a762dc145f2c1e9450df to remote] DEBUG org.asynchttpclient.netty.request.NettyRequestSender - Using pooled Channel '[id: 0x6bc8296d, L:/127.0.0.1:50873 - R:localhost/127.0.0.1:52577]' for 'GET' to 'http://localhost:52577/session/cd09b50887d9a762dc145f2c1e9450df/screenshot'
16:33:35.880 [Forwarding screenshot on session cd09b50887d9a762dc145f2c1e9450df to remote] DEBUG org.asynchttpclient.netty.request.NettyRequestSender - Using open Channel [id: 0x6bc8296d, L:/127.0.0.1:50873 - R:localhost/127.0.0.1:52577] for GET '/session/cd09b50887d9a762dc145f2c1e9450df/screenshot'
16:33:36.010 [AsyncHttpClient-1-2] DEBUG org.asynchttpclient.netty.handler.HttpHandler - 

Request DefaultFullHttpRequest(decodeResult: success, version: HTTP/1.1, content: EmptyByteBufBE)
GET /session/cd09b50887d9a762dc145f2c1e9450df/screenshot HTTP/1.1
User-Agent: selenium/4.1.2 (java windows)
Cache-Control: no-cache
Content-Type: application/json; charset=utf-8
host: localhost:52577
accept: */*

Response DefaultHttpResponse(decodeResult: success, version: HTTP/1.1)
HTTP/1.1 200 OK
Content-Type: application/json; charset=utf-8
cache-control: no-cache
content-length: 83816

16:33:36.010 [AsyncHttpClient-1-2] DEBUG org.asynchttpclient.netty.channel.ChannelManager - Adding key: http://localhost:52577 for channel [id: 0x6bc8296d, L:/127.0.0.1:50873 - R:localhost/127.0.0.1:52577]
16:33:36.015 [main] DEBUG net.serenitybdd.core.photography.Darkroom - Send negative for processing for target\site\serenity\76ccb3e737aa19b0f1603267f6918ebc175b27605f44e412d3c99bafb65d9023.png
16:33:36.015 [main] DEBUG net.thucydides.core.steps.StepInterceptor - STEP DONE: clickCancelButton
  &amp#27;[32mThen &amp#27;[0m&amp#27;[32mI click Cancel button&amp#27;[0m                  &amp#27;[90m# starter.stepdefinitions.PatientSteps.iClickCancelButton()&amp#27;[0m
16:33:36.015 [Darkroom Processing Line] DEBUG net.serenitybdd.core.photography.DarkroomProcessingLine - Processing screenshot image in /var/screenshots/screenshot-1261310747565574868
16:33:36.015 [Darkroom Processing Line] DEBUG net.serenitybdd.core.photography.DarkroomProcessingLine - Saving screenshot to target\site\serenity\76ccb3e737aa19b0f1603267f6918ebc175b27605f44e412d3c99bafb65d9023.png
16:33:36.021 [main] INFO  - 
  _____   ___   ___   _____     ___     _     ___   ___   ___   ___  
 |_   _| | __| / __| |_   _|   | _ \   /_\   / __| / __| | __| |   \ 
   | |   | _|  \__ \   | |     |  _/  / _ \  \__ \ \__ \ | _|  | |) |
   |_|   |___| |___/   |_|     |_|   /_/ \_\ |___/ |___/ |___| |___/ 

Cancel Delete Patient Data Scenario
----------------------------------------------------------------------
16:33:36.022 [Driver Command Executor] DEBUG org.asynchttpclient.netty.request.NettyRequestSender - Using pooled Channel '[id: 0x6bc8296d, L:/127.0.0.1:50873 - R:localhost/127.0.0.1:52577]' for 'DELETE' to 'http://localhost:52577/session/cd09b50887d9a762dc145f2c1e9450df'
16:33:36.022 [Driver Command Executor] DEBUG org.asynchttpclient.netty.request.NettyRequestSender - Using open Channel [id: 0x6bc8296d, L:/127.0.0.1:50873 - R:localhost/127.0.0.1:52577] for DELETE '/session/cd09b50887d9a762dc145f2c1e9450df'
16:33:36.022 [AsyncHttpClient-1-4] DEBUG org.asynchttpclient.netty.handler.WebSocketHandler - Channel Closed: [id: 0x484ce6c3, L:/127.0.0.1:50881 ! R:localhost/127.0.0.1:50875] with attribute NettyResponseFuture{currentRetry=5,
	isDone=1,
	isCancelled=0,
	asyncHandler=org.asynchttpclient.ws.WebSocketUpgradeHandler@5f8f780f,
	nettyRequest=org.asynchttpclient.netty.request.NettyRequest@667e65da,
	future=java.util.concurrent.CompletableFuture@1b64dca8[Completed normally],
	uri=ws://localhost:50875/devtools/browser/6a32a27f-d6c1-4940-b0d9-6d2af6a2961c,
	keepAlive=true,
	redirectCount=0,
	timeoutsHolder=null,
	inAuth=0,
	touch=1655717610611}
16:33:36.023 [AsyncHttpClient-1-4] DEBUG org.asynchttpclient.netty.channel.ChannelManager - Closing Channel [id: 0x484ce6c3, L:/127.0.0.1:50881 ! R:localhost/127.0.0.1:50875] 
16:33:36.139 [AsyncHttpClient-1-3] DEBUG org.asynchttpclient.netty.handler.HttpHandler - Unexpected I/O exception on channel [id: 0x3070aede, L:/127.0.0.1:50880 - R:localhost/127.0.0.1:50875]
java.net.SocketException: Connection reset
	at java.base/sun.nio.ch.SocketChannelImpl.throwConnectionReset(SocketChannelImpl.java:367)
	at java.base/sun.nio.ch.SocketChannelImpl.read(SocketChannelImpl.java:398)
	at io.netty.buffer.PooledByteBuf.setBytes(PooledByteBuf.java:258)
	at io.netty.buffer.AbstractByteBuf.writeBytes(AbstractByteBuf.java:1132)
	at io.netty.channel.socket.nio.NioSocketChannel.doReadBytes(NioSocketChannel.java:350)
	at io.netty.channel.nio.AbstractNioByteChannel$NioByteUnsafe.read(AbstractNioByteChannel.java:151)
	at io.netty.channel.nio.NioEventLoop.processSelectedKey(NioEventLoop.java:722)
	at io.netty.channel.nio.NioEventLoop.processSelectedKeysOptimized(NioEventLoop.java:658)
	at io.netty.channel.nio.NioEventLoop.processSelectedKeys(NioEventLoop.java:584)
	at io.netty.channel.nio.NioEventLoop.run(NioEventLoop.java:496)
	at io.netty.util.concurrent.SingleThreadEventExecutor$4.run(SingleThreadEventExecutor.java:986)
	at io.netty.util.internal.ThreadExecutorMap$2.run(ThreadExecutorMap.java:74)
	at io.netty.util.concurrent.FastThreadLocalRunnable.run(FastThreadLocalRunnable.java:30)
	at java.base/java.lang.Thread.run(Thread.java:832)
16:33:36.139 [AsyncHttpClient-1-3] DEBUG org.asynchttpclient.netty.channel.ChannelManager - Closing Channel [id: 0x3070aede, L:/127.0.0.1:50880 - R:localhost/127.0.0.1:50875] 
16:33:36.140 [AsyncHttpClient-1-3] DEBUG org.asynchttpclient.netty.handler.HttpHandler - Channel Closed: [id: 0x3070aede, L:/127.0.0.1:50880 ! R:localhost/127.0.0.1:50875] with attribute DISCARD
16:33:36.144 [AsyncHttpClient-1-2] DEBUG org.asynchttpclient.netty.handler.HttpHandler - 

Request DefaultFullHttpRequest(decodeResult: success, version: HTTP/1.1, content: EmptyByteBufBE)
DELETE /session/cd09b50887d9a762dc145f2c1e9450df HTTP/1.1
User-Agent: selenium/4.1.2 (java windows)
Content-Type: application/json; charset=utf-8
host: localhost:52577
accept: */*

Response DefaultHttpResponse(decodeResult: success, version: HTTP/1.1)
HTTP/1.1 200 OK
Content-Type: application/json; charset=utf-8
cache-control: no-cache
content-length: 14

16:33:36.144 [AsyncHttpClient-1-2] DEBUG org.asynchttpclient.netty.channel.ChannelManager - Adding key: http://localhost:52577 for channel [id: 0x6bc8296d, L:/127.0.0.1:50873 - R:localhost/127.0.0.1:52577]
16:33:36.242 [AsyncHttpClient-1-2] DEBUG org.asynchttpclient.netty.handler.HttpHandler - Channel Closed: [id: 0x6bc8296d, L:/127.0.0.1:50873 ! R:localhost/127.0.0.1:52577] with attribute DISCARD
16:33:36.737 [AsyncHttpClient-1-1] DEBUG org.asynchttpclient.netty.channel.DefaultChannelPool - Entry count for : http://localhost:50875 : 1
16:33:36.737 [AsyncHttpClient-1-1] DEBUG org.asynchttpclient.netty.channel.DefaultChannelPool - Entry count for : http://localhost:52577 : 1
16:33:36.737 [AsyncHttpClient-1-1] DEBUG org.asynchttpclient.netty.channel.DefaultChannelPool - Adding Candidate expired Channel [id: 0x3070aede, L:/127.0.0.1:50880 ! R:localhost/127.0.0.1:50875] isIdleTimeoutExpired=false isRemotelyClosed=true isTtlExpired=false
16:33:36.737 [AsyncHttpClient-1-1] DEBUG org.asynchttpclient.netty.channel.DefaultChannelPool - Closing Idle Channel [id: 0x3070aede, L:/127.0.0.1:50880 ! R:localhost/127.0.0.1:50875]
16:33:36.737 [AsyncHttpClient-1-1] DEBUG org.asynchttpclient.netty.channel.DefaultChannelPool - Adding Candidate expired Channel [id: 0x6bc8296d, L:/127.0.0.1:50873 ! R:localhost/127.0.0.1:52577] isIdleTimeoutExpired=false isRemotelyClosed=true isTtlExpired=false
16:33:36.737 [AsyncHttpClient-1-1] DEBUG org.asynchttpclient.netty.channel.DefaultChannelPool - Closing Idle Channel [id: 0x6bc8296d, L:/127.0.0.1:50873 ! R:localhost/127.0.0.1:52577]
16:33:36.737 [AsyncHttpClient-1-1] DEBUG org.asynchttpclient.netty.channel.DefaultChannelPool - Closed 2 connections out of 2 in 0 ms
]]></system-out>
    <system-err><![CDATA[Starting ChromeDriver 102.0.5005.61 (0e59bcc00cc4985ce39ad31c150065f159d95ad3-refs/branch-heads/5005@{#819}) on port 52577
Only local connections are allowed.
Please see https://chromedriver.chromium.org/security-considerations for suggestions on keeping ChromeDriver safe.
ChromeDriver was started successfully.
Jun 20, 2022 4:33:30 PM org.openqa.selenium.remote.ProtocolHandshake createSession
INFO: Detected dialect: W3C
Jun 20, 2022 4:33:30 PM org.openqa.selenium.devtools.CdpVersionFinder findNearestMatch
WARNING: Unable to find an exact match for CDP version 102, so returning the closest version found: a no-op implementation
Jun 20, 2022 4:33:30 PM org.openqa.selenium.devtools.CdpVersionFinder findNearestMatch
INFO: Unable to find CDP implementation matching 102.
Jun 20, 2022 4:33:30 PM org.openqa.selenium.chromium.ChromiumDriver lambda$new$3
WARNING: Unable to find version of CDP to use for . You may need to include a dependency on a specific version of the CDP using something similar to `org.seleniumhq.selenium:selenium-devtools-v86:4.1.2` where the version ("v86") matches the version of the chromium-based browser you're using and the version number of the artifact is the same as Selenium's.
]]></system-err>
  </testcase>
  <testcase name="Delete Patient Data Scenario" classname="Patient" time="10.45">
    <system-out><![CDATA[
@Patient @DeletePatient
Scenario: Delete Patient Data Scenario &amp#27;[90m# src/test/resources/features/2.Patient.feature:47&amp#27;[0m
16:33:36.796 [main] INFO io.cucumber.core.plugin.SerenityReporter - Running feature from file:///E:/My%20Documents/File%20Difa/TI%20Semester%206%20Kampus%20Merdeka%20Alterra/Tugas/CAPSTONE%20Project/Capstone-Project-Website/src/test/resources/features/2.Patient.feature
16:33:36.809 [main] INFO  - 
  _____   ___   ___   _____     ___   _____     _     ___   _____   ___   ___  
 |_   _| | __| / __| |_   _|   / __| |_   _|   /_\   | _ \ |_   _| | __| |   \ 
   | |   | _|  \__ \   | |     \__ \   | |    / _ \  |   /   | |   | _|  | |) |
   |_|   |___| |___/   |_|     |___/   |_|   /_/ \_\ |_|_\   |_|   |___| |___/ 

Delete Patient Data Scenario(patient;delete-patient-data-scenario)
--------------------------------------------------------------------------------
16:33:36.841 [main] DEBUG net.thucydides.core.steps.StepInterceptor - STARTING STEP: PatientSteps.iAmAtTheDashboardPage - openUrl
16:33:36.843 [main] INFO net.serenitybdd.core.webdriver.driverproviders.ChromeDriverProvider - Using automatically driver download
16:33:37.012 [main] DEBUG io.github.bonigarcia.wdm.cache.ResolutionCache - Resolution chrome=102 in cache (valid until 16:47:55 20/06/2022 ICT)
16:33:37.015 [main] DEBUG io.github.bonigarcia.wdm.cache.ResolutionCache - Resolution chrome102=102.0.5005.61 in cache (valid until 09:12:44 21/06/2022 ICT)
16:33:37.017 [main] INFO io.github.bonigarcia.wdm.WebDriverManager - Using chromedriver 102.0.5005.61 (resolved driver for Chrome 102)
16:33:37.033 [main] DEBUG io.github.bonigarcia.wdm.WebDriverManager - Driver chromedriver 102.0.5005.61 found in cache
16:33:37.033 [main] INFO io.github.bonigarcia.wdm.WebDriverManager - Exporting webdriver.chrome.driver as C:\Users\USER\.cache\selenium\chromedriver\win32\102.0.5005.61\chromedriver.exe
16:33:37.176 [main] DEBUG net.serenitybdd.core.webdriver.driverproviders.ProvideNewDriver - Instantiating driver
16:33:37.176 [main] DEBUG net.serenitybdd.core.webdriver.driverproviders.ProvideNewDriver - Driver capabilities: Capabilities {acceptInsecureCerts: false, base.url: https://hospital-management..., browserName: chrome, chrome.driver: src/test/resources/webdrive..., driver: chrome, goog:chromeOptions: {args: [], extensions: []}}
16:33:37.740 [AsyncHttpClient-1-5] DEBUG org.asynchttpclient.netty.channel.NettyConnectListener - Using new Channel '[id: 0xd6403755, L:/127.0.0.1:50902 - R:localhost/127.0.0.1:64127]' for 'POST' to '/session'
16:33:38.689 [AsyncHttpClient-1-5] DEBUG org.asynchttpclient.netty.handler.HttpHandler - 

Request DefaultHttpRequest(decodeResult: success, version: HTTP/1.1)
POST /session HTTP/1.1
User-Agent: selenium/4.1.2 (java windows)
Content-Length: 621
Content-Type: application/json; charset=utf-8
host: localhost:64127
accept: */*

Response DefaultHttpResponse(decodeResult: success, version: HTTP/1.1)
HTTP/1.1 200 OK
Content-Type: application/json; charset=utf-8
cache-control: no-cache
content-length: 788

16:33:38.689 [AsyncHttpClient-1-5] DEBUG org.asynchttpclient.netty.channel.ChannelManager - Adding key: http://localhost:64127 for channel [id: 0xd6403755, L:/127.0.0.1:50902 - R:localhost/127.0.0.1:64127]
16:33:38.695 [AsyncHttpClient-1-6] DEBUG org.asynchttpclient.netty.channel.NettyConnectListener - Using new Channel '[id: 0x32fb26ea, L:/127.0.0.1:50909 - R:localhost/127.0.0.1:50903]' for 'GET' to '/json/version'
16:33:38.695 [AsyncHttpClient-1-6] DEBUG org.asynchttpclient.netty.handler.HttpHandler - 

Request DefaultFullHttpRequest(decodeResult: success, version: HTTP/1.1, content: EmptyByteBufBE)
GET /json/version HTTP/1.1
User-Agent: selenium/4.1.2 (java windows)
host: localhost:50903
accept: */*

Response DefaultHttpResponse(decodeResult: success, version: HTTP/1.1)
HTTP/1.1 200 OK
Content-Type: application/json; charset=UTF-8
content-length: 427

16:33:38.695 [AsyncHttpClient-1-6] DEBUG org.asynchttpclient.netty.channel.ChannelManager - Adding key: http://localhost:50903 for channel [id: 0x32fb26ea, L:/127.0.0.1:50909 - R:localhost/127.0.0.1:50903]
16:33:38.704 [AsyncHttpClient-1-7] DEBUG org.asynchttpclient.netty.channel.NettyConnectListener - Using new Channel '[id: 0xfe7f7470, L:/127.0.0.1:50910 - R:localhost/127.0.0.1:50903]' for 'GET' to '/devtools/browser/452483cf-e096-4bf4-9384-fd565459467a'
16:33:38.704 [AsyncHttpClient-1-7] DEBUG org.asynchttpclient.netty.handler.WebSocketHandler - 

Request DefaultFullHttpRequest(decodeResult: success, version: HTTP/1.1, content: EmptyByteBufBE)
GET /devtools/browser/452483cf-e096-4bf4-9384-fd565459467a HTTP/1.1
upgrade: websocket
connection: upgrade
sec-websocket-key: nf0eXwHZQrldprNm8MKHhA==
sec-websocket-version: 13
origin: http://localhost:50903
host: localhost:50903
accept: */*
user-agent: AHC/2.1

Response DefaultHttpResponse(decodeResult: success, version: HTTP/1.1)
HTTP/1.1 101 WebSocket Protocol Handshake
Upgrade: WebSocket
Connection: Upgrade
Sec-WebSocket-Accept: oTCrE/nurX7wszqk2wFTemPsRWU=

16:33:38.708 [Forwarding maximizeCurrentWindow on session 5cdb53a508c35703cc5eb1269aca5bd9 to remote] DEBUG org.asynchttpclient.netty.request.NettyRequestSender - Using pooled Channel '[id: 0xd6403755, L:/127.0.0.1:50902 - R:localhost/127.0.0.1:64127]' for 'POST' to 'http://localhost:64127/session/5cdb53a508c35703cc5eb1269aca5bd9/window/maximize'
16:33:38.709 [Forwarding maximizeCurrentWindow on session 5cdb53a508c35703cc5eb1269aca5bd9 to remote] DEBUG org.asynchttpclient.netty.request.NettyRequestSender - Using open Channel [id: 0xd6403755, L:/127.0.0.1:50902 - R:localhost/127.0.0.1:64127] for POST '/session/5cdb53a508c35703cc5eb1269aca5bd9/window/maximize'
16:33:38.825 [AsyncHttpClient-1-5] DEBUG org.asynchttpclient.netty.handler.HttpHandler - 

Request DefaultHttpRequest(decodeResult: success, version: HTTP/1.1)
POST /session/5cdb53a508c35703cc5eb1269aca5bd9/window/maximize HTTP/1.1
User-Agent: selenium/4.1.2 (java windows)
Content-Length: 3
Content-Type: application/json; charset=utf-8
host: localhost:64127
accept: */*

Response DefaultHttpResponse(decodeResult: success, version: HTTP/1.1)
HTTP/1.1 200 OK
Content-Type: application/json; charset=utf-8
cache-control: no-cache
content-length: 51

16:33:38.825 [AsyncHttpClient-1-5] DEBUG org.asynchttpclient.netty.channel.ChannelManager - Adding key: http://localhost:64127 for channel [id: 0xd6403755, L:/127.0.0.1:50902 - R:localhost/127.0.0.1:64127]
16:33:38.857 [Forwarding get on session 5cdb53a508c35703cc5eb1269aca5bd9 to remote] DEBUG org.asynchttpclient.netty.request.NettyRequestSender - Using pooled Channel '[id: 0xd6403755, L:/127.0.0.1:50902 - R:localhost/127.0.0.1:64127]' for 'POST' to 'http://localhost:64127/session/5cdb53a508c35703cc5eb1269aca5bd9/url'
16:33:38.857 [Forwarding get on session 5cdb53a508c35703cc5eb1269aca5bd9 to remote] DEBUG org.asynchttpclient.netty.request.NettyRequestSender - Using open Channel [id: 0xd6403755, L:/127.0.0.1:50902 - R:localhost/127.0.0.1:64127] for POST '/session/5cdb53a508c35703cc5eb1269aca5bd9/url'
16:33:38.938 [AsyncHttpClient-1-1] DEBUG org.asynchttpclient.netty.channel.DefaultChannelPool - Entry count for : http://localhost:50903 : 1
16:33:40.037 [AsyncHttpClient-1-1] DEBUG org.asynchttpclient.netty.channel.DefaultChannelPool - Entry count for : http://localhost:50903 : 1
16:33:41.139 [AsyncHttpClient-1-1] DEBUG org.asynchttpclient.netty.channel.DefaultChannelPool - Entry count for : http://localhost:50903 : 1
16:33:42.238 [AsyncHttpClient-1-1] DEBUG org.asynchttpclient.netty.channel.DefaultChannelPool - Entry count for : http://localhost:50903 : 1
16:33:42.889 [AsyncHttpClient-1-5] DEBUG org.asynchttpclient.netty.handler.HttpHandler - 

Request DefaultHttpRequest(decodeResult: success, version: HTTP/1.1)
POST /session/5cdb53a508c35703cc5eb1269aca5bd9/url HTTP/1.1
User-Agent: selenium/4.1.2 (java windows)
Content-Length: 65
Content-Type: application/json; charset=utf-8
host: localhost:64127
accept: */*

Response DefaultHttpResponse(decodeResult: success, version: HTTP/1.1)
HTTP/1.1 200 OK
Content-Type: application/json; charset=utf-8
cache-control: no-cache
content-length: 14

16:33:42.889 [AsyncHttpClient-1-5] DEBUG org.asynchttpclient.netty.channel.ChannelManager - Adding key: http://localhost:64127 for channel [id: 0xd6403755, L:/127.0.0.1:50902 - R:localhost/127.0.0.1:64127]
16:33:42.891 [Forwarding setTimeout on session 5cdb53a508c35703cc5eb1269aca5bd9 to remote] DEBUG org.asynchttpclient.netty.request.NettyRequestSender - Using pooled Channel '[id: 0xd6403755, L:/127.0.0.1:50902 - R:localhost/127.0.0.1:64127]' for 'POST' to 'http://localhost:64127/session/5cdb53a508c35703cc5eb1269aca5bd9/timeouts'
16:33:42.892 [Forwarding setTimeout on session 5cdb53a508c35703cc5eb1269aca5bd9 to remote] DEBUG org.asynchttpclient.netty.request.NettyRequestSender - Using open Channel [id: 0xd6403755, L:/127.0.0.1:50902 - R:localhost/127.0.0.1:64127] for POST '/session/5cdb53a508c35703cc5eb1269aca5bd9/timeouts'
16:33:42.901 [AsyncHttpClient-1-5] DEBUG org.asynchttpclient.netty.handler.HttpHandler - 

Request DefaultHttpRequest(decodeResult: success, version: HTTP/1.1)
POST /session/5cdb53a508c35703cc5eb1269aca5bd9/timeouts HTTP/1.1
User-Agent: selenium/4.1.2 (java windows)
Content-Length: 22
Content-Type: application/json; charset=utf-8
host: localhost:64127
accept: */*

Response DefaultHttpResponse(decodeResult: success, version: HTTP/1.1)
HTTP/1.1 200 OK
Content-Type: application/json; charset=utf-8
cache-control: no-cache
content-length: 14

16:33:42.901 [AsyncHttpClient-1-5] DEBUG org.asynchttpclient.netty.channel.ChannelManager - Adding key: http://localhost:64127 for channel [id: 0xd6403755, L:/127.0.0.1:50902 - R:localhost/127.0.0.1:64127]
16:33:42.909 [Forwarding getCurrentUrl on session 5cdb53a508c35703cc5eb1269aca5bd9 to remote] DEBUG org.asynchttpclient.netty.request.NettyRequestSender - Using pooled Channel '[id: 0xd6403755, L:/127.0.0.1:50902 - R:localhost/127.0.0.1:64127]' for 'GET' to 'http://localhost:64127/session/5cdb53a508c35703cc5eb1269aca5bd9/url'
16:33:42.909 [Forwarding getCurrentUrl on session 5cdb53a508c35703cc5eb1269aca5bd9 to remote] DEBUG org.asynchttpclient.netty.request.NettyRequestSender - Using open Channel [id: 0xd6403755, L:/127.0.0.1:50902 - R:localhost/127.0.0.1:64127] for GET '/session/5cdb53a508c35703cc5eb1269aca5bd9/url'
16:33:42.915 [AsyncHttpClient-1-5] DEBUG org.asynchttpclient.netty.handler.HttpHandler - 

Request DefaultFullHttpRequest(decodeResult: success, version: HTTP/1.1, content: EmptyByteBufBE)
GET /session/5cdb53a508c35703cc5eb1269aca5bd9/url HTTP/1.1
User-Agent: selenium/4.1.2 (java windows)
Cache-Control: no-cache
Content-Type: application/json; charset=utf-8
host: localhost:64127
accept: */*

Response DefaultHttpResponse(decodeResult: success, version: HTTP/1.1)
HTTP/1.1 200 OK
Content-Type: application/json; charset=utf-8
cache-control: no-cache
content-length: 53

16:33:42.915 [AsyncHttpClient-1-5] DEBUG org.asynchttpclient.netty.channel.ChannelManager - Adding key: http://localhost:64127 for channel [id: 0xd6403755, L:/127.0.0.1:50902 - R:localhost/127.0.0.1:64127]
16:33:42.921 [Forwarding getCurrentUrl on session 5cdb53a508c35703cc5eb1269aca5bd9 to remote] DEBUG org.asynchttpclient.netty.request.NettyRequestSender - Using pooled Channel '[id: 0xd6403755, L:/127.0.0.1:50902 - R:localhost/127.0.0.1:64127]' for 'GET' to 'http://localhost:64127/session/5cdb53a508c35703cc5eb1269aca5bd9/url'
16:33:42.921 [Forwarding getCurrentUrl on session 5cdb53a508c35703cc5eb1269aca5bd9 to remote] DEBUG org.asynchttpclient.netty.request.NettyRequestSender - Using open Channel [id: 0xd6403755, L:/127.0.0.1:50902 - R:localhost/127.0.0.1:64127] for GET '/session/5cdb53a508c35703cc5eb1269aca5bd9/url'
16:33:42.925 [AsyncHttpClient-1-5] DEBUG org.asynchttpclient.netty.handler.HttpHandler - 

Request DefaultFullHttpRequest(decodeResult: success, version: HTTP/1.1, content: EmptyByteBufBE)
GET /session/5cdb53a508c35703cc5eb1269aca5bd9/url HTTP/1.1
User-Agent: selenium/4.1.2 (java windows)
Cache-Control: no-cache
Content-Type: application/json; charset=utf-8
host: localhost:64127
accept: */*

Response DefaultHttpResponse(decodeResult: success, version: HTTP/1.1)
HTTP/1.1 200 OK
Content-Type: application/json; charset=utf-8
cache-control: no-cache
content-length: 53

16:33:42.926 [AsyncHttpClient-1-5] DEBUG org.asynchttpclient.netty.channel.ChannelManager - Adding key: http://localhost:64127 for channel [id: 0xd6403755, L:/127.0.0.1:50902 - R:localhost/127.0.0.1:64127]
16:33:42.935 [Forwarding screenshot on session 5cdb53a508c35703cc5eb1269aca5bd9 to remote] DEBUG org.asynchttpclient.netty.request.NettyRequestSender - Using pooled Channel '[id: 0xd6403755, L:/127.0.0.1:50902 - R:localhost/127.0.0.1:64127]' for 'GET' to 'http://localhost:64127/session/5cdb53a508c35703cc5eb1269aca5bd9/screenshot'
16:33:42.935 [Forwarding screenshot on session 5cdb53a508c35703cc5eb1269aca5bd9 to remote] DEBUG org.asynchttpclient.netty.request.NettyRequestSender - Using open Channel [id: 0xd6403755, L:/127.0.0.1:50902 - R:localhost/127.0.0.1:64127] for GET '/session/5cdb53a508c35703cc5eb1269aca5bd9/screenshot'
16:33:43.295 [AsyncHttpClient-1-5] DEBUG org.asynchttpclient.netty.handler.HttpHandler - 

Request DefaultFullHttpRequest(decodeResult: success, version: HTTP/1.1, content: EmptyByteBufBE)
GET /session/5cdb53a508c35703cc5eb1269aca5bd9/screenshot HTTP/1.1
User-Agent: selenium/4.1.2 (java windows)
Cache-Control: no-cache
Content-Type: application/json; charset=utf-8
host: localhost:64127
accept: */*

Response DefaultHttpResponse(decodeResult: success, version: HTTP/1.1)
HTTP/1.1 200 OK
Content-Type: application/json; charset=utf-8
cache-control: no-cache
content-length: 382596

16:33:43.298 [AsyncHttpClient-1-5] DEBUG org.asynchttpclient.netty.channel.ChannelManager - Adding key: http://localhost:64127 for channel [id: 0xd6403755, L:/127.0.0.1:50902 - R:localhost/127.0.0.1:64127]
16:33:43.344 [main] DEBUG net.serenitybdd.core.photography.Darkroom - Send negative for processing for target\site\serenity\ed15a54c91c342d96a850276df7b559f4526b370fc93040e3c407a48a170f368.png
16:33:43.344 [main] DEBUG net.thucydides.core.steps.StepInterceptor - STEP DONE: openUrl
16:33:43.356 [main] DEBUG net.thucydides.core.steps.StepInterceptor - STARTING STEP: PatientSteps.iAmAtTheDashboardPage - validateOnDashboardPage
16:33:43.359 [Forwarding findElement on session 5cdb53a508c35703cc5eb1269aca5bd9 to remote] DEBUG org.asynchttpclient.netty.request.NettyRequestSender - Using pooled Channel '[id: 0xd6403755, L:/127.0.0.1:50902 - R:localhost/127.0.0.1:64127]' for 'POST' to 'http://localhost:64127/session/5cdb53a508c35703cc5eb1269aca5bd9/element'
16:33:43.359 [Forwarding findElement on session 5cdb53a508c35703cc5eb1269aca5bd9 to remote] DEBUG org.asynchttpclient.netty.request.NettyRequestSender - Using open Channel [id: 0xd6403755, L:/127.0.0.1:50902 - R:localhost/127.0.0.1:64127] for POST '/session/5cdb53a508c35703cc5eb1269aca5bd9/element'
16:33:43.372 [AsyncHttpClient-1-1] DEBUG org.asynchttpclient.netty.channel.DefaultChannelPool - Entry count for : http://localhost:50903 : 1
16:33:43.578 [AsyncHttpClient-1-5] DEBUG org.asynchttpclient.netty.handler.HttpHandler - 

Request DefaultHttpRequest(decodeResult: success, version: HTTP/1.1)
POST /session/5cdb53a508c35703cc5eb1269aca5bd9/element HTTP/1.1
User-Agent: selenium/4.1.2 (java windows)
Content-Length: 81
Content-Type: application/json; charset=utf-8
host: localhost:64127
accept: */*

Response DefaultHttpResponse(decodeResult: success, version: HTTP/1.1)
HTTP/1.1 200 OK
Content-Type: application/json; charset=utf-8
cache-control: no-cache
content-length: 88

16:33:43.578 [AsyncHttpClient-1-5] DEBUG org.asynchttpclient.netty.channel.ChannelManager - Adding key: http://localhost:64127 for channel [id: 0xd6403755, L:/127.0.0.1:50902 - R:localhost/127.0.0.1:64127]
16:33:43.584 [Forwarding isElementDisplayed on session 5cdb53a508c35703cc5eb1269aca5bd9 to remote] DEBUG org.asynchttpclient.netty.request.NettyRequestSender - Using pooled Channel '[id: 0xd6403755, L:/127.0.0.1:50902 - R:localhost/127.0.0.1:64127]' for 'POST' to 'http://localhost:64127/session/5cdb53a508c35703cc5eb1269aca5bd9/execute/sync'
16:33:43.584 [Forwarding isElementDisplayed on session 5cdb53a508c35703cc5eb1269aca5bd9 to remote] DEBUG org.asynchttpclient.netty.request.NettyRequestSender - Using open Channel [id: 0xd6403755, L:/127.0.0.1:50902 - R:localhost/127.0.0.1:64127] for POST '/session/5cdb53a508c35703cc5eb1269aca5bd9/execute/sync'
16:33:43.614 [AsyncHttpClient-1-5] DEBUG org.asynchttpclient.netty.handler.HttpHandler - 

Request DefaultHttpRequest(decodeResult: success, version: HTTP/1.1)
POST /session/5cdb53a508c35703cc5eb1269aca5bd9/execute/sync HTTP/1.1
User-Agent: selenium/4.1.2 (java windows)
Content-Length: 48780
Content-Type: application/json; charset=utf-8
host: localhost:64127
accept: */*

Response DefaultHttpResponse(decodeResult: success, version: HTTP/1.1)
HTTP/1.1 200 OK
Content-Type: application/json; charset=utf-8
cache-control: no-cache
content-length: 14

16:33:43.615 [AsyncHttpClient-1-5] DEBUG org.asynchttpclient.netty.channel.ChannelManager - Adding key: http://localhost:64127 for channel [id: 0xd6403755, L:/127.0.0.1:50902 - R:localhost/127.0.0.1:64127]
16:33:43.625 [Forwarding screenshot on session 5cdb53a508c35703cc5eb1269aca5bd9 to remote] DEBUG org.asynchttpclient.netty.request.NettyRequestSender - Using pooled Channel '[id: 0xd6403755, L:/127.0.0.1:50902 - R:localhost/127.0.0.1:64127]' for 'GET' to 'http://localhost:64127/session/5cdb53a508c35703cc5eb1269aca5bd9/screenshot'
16:33:43.625 [Forwarding screenshot on session 5cdb53a508c35703cc5eb1269aca5bd9 to remote] DEBUG org.asynchttpclient.netty.request.NettyRequestSender - Using open Channel [id: 0xd6403755, L:/127.0.0.1:50902 - R:localhost/127.0.0.1:64127] for GET '/session/5cdb53a508c35703cc5eb1269aca5bd9/screenshot'
16:33:43.926 [AsyncHttpClient-1-5] DEBUG org.asynchttpclient.netty.handler.HttpHandler - 

Request DefaultFullHttpRequest(decodeResult: success, version: HTTP/1.1, content: EmptyByteBufBE)
GET /session/5cdb53a508c35703cc5eb1269aca5bd9/screenshot HTTP/1.1
User-Agent: selenium/4.1.2 (java windows)
Cache-Control: no-cache
Content-Type: application/json; charset=utf-8
host: localhost:64127
accept: */*

Response DefaultHttpResponse(decodeResult: success, version: HTTP/1.1)
HTTP/1.1 200 OK
Content-Type: application/json; charset=utf-8
cache-control: no-cache
content-length: 351816

16:33:43.929 [AsyncHttpClient-1-5] DEBUG org.asynchttpclient.netty.channel.ChannelManager - Adding key: http://localhost:64127 for channel [id: 0xd6403755, L:/127.0.0.1:50902 - R:localhost/127.0.0.1:64127]
16:33:43.953 [main] DEBUG net.serenitybdd.core.photography.Darkroom - Send negative for processing for target\site\serenity\20277f1d76f1b925628464fcd1ece5de77a814679d1be3fdcf836a7ddadfed60.png
16:33:43.953 [main] DEBUG net.thucydides.core.steps.StepInterceptor - STEP DONE: validateOnDashboardPage
  &amp#27;[32mGiven &amp#27;[0m&amp#27;[32mI am at the dashboard page&amp#27;[0m     &amp#27;[90m# starter.stepdefinitions.PatientSteps.iAmAtTheDashboardPage()&amp#27;[0m
16:33:43.977 [main] DEBUG net.thucydides.core.steps.StepInterceptor - STARTING STEP: PatientSteps.iClickMenuPatient - clickMenuPatientButton
16:33:43.981 [Forwarding findElement on session 5cdb53a508c35703cc5eb1269aca5bd9 to remote] DEBUG org.asynchttpclient.netty.request.NettyRequestSender - Using pooled Channel '[id: 0xd6403755, L:/127.0.0.1:50902 - R:localhost/127.0.0.1:64127]' for 'POST' to 'http://localhost:64127/session/5cdb53a508c35703cc5eb1269aca5bd9/element'
16:33:43.981 [Forwarding findElement on session 5cdb53a508c35703cc5eb1269aca5bd9 to remote] DEBUG org.asynchttpclient.netty.request.NettyRequestSender - Using open Channel [id: 0xd6403755, L:/127.0.0.1:50902 - R:localhost/127.0.0.1:64127] for POST '/session/5cdb53a508c35703cc5eb1269aca5bd9/element'
16:33:44.000 [AsyncHttpClient-1-5] DEBUG org.asynchttpclient.netty.handler.HttpHandler - 

Request DefaultHttpRequest(decodeResult: success, version: HTTP/1.1)
POST /session/5cdb53a508c35703cc5eb1269aca5bd9/element HTTP/1.1
User-Agent: selenium/4.1.2 (java windows)
Content-Length: 80
Content-Type: application/json; charset=utf-8
host: localhost:64127
accept: */*

Response DefaultHttpResponse(decodeResult: success, version: HTTP/1.1)
HTTP/1.1 200 OK
Content-Type: application/json; charset=utf-8
cache-control: no-cache
content-length: 88

16:33:44.008 [AsyncHttpClient-1-5] DEBUG org.asynchttpclient.netty.channel.ChannelManager - Adding key: http://localhost:64127 for channel [id: 0xd6403755, L:/127.0.0.1:50902 - R:localhost/127.0.0.1:64127]
16:33:44.009 [Forwarding getElementTagName on session 5cdb53a508c35703cc5eb1269aca5bd9 to remote] DEBUG org.asynchttpclient.netty.request.NettyRequestSender - Using pooled Channel '[id: 0xd6403755, L:/127.0.0.1:50902 - R:localhost/127.0.0.1:64127]' for 'GET' to 'http://localhost:64127/session/5cdb53a508c35703cc5eb1269aca5bd9/element/3764f534-d046-484e-8b40-20e521013bdf/name'
16:33:44.009 [Forwarding getElementTagName on session 5cdb53a508c35703cc5eb1269aca5bd9 to remote] DEBUG org.asynchttpclient.netty.request.NettyRequestSender - Using open Channel [id: 0xd6403755, L:/127.0.0.1:50902 - R:localhost/127.0.0.1:64127] for GET '/session/5cdb53a508c35703cc5eb1269aca5bd9/element/3764f534-d046-484e-8b40-20e521013bdf/name'
16:33:44.015 [AsyncHttpClient-1-5] DEBUG org.asynchttpclient.netty.handler.HttpHandler - 

Request DefaultFullHttpRequest(decodeResult: success, version: HTTP/1.1, content: EmptyByteBufBE)
GET /session/5cdb53a508c35703cc5eb1269aca5bd9/element/3764f534-d046-484e-8b40-20e521013bdf/name HTTP/1.1
User-Agent: selenium/4.1.2 (java windows)
Cache-Control: no-cache
Content-Type: application/json; charset=utf-8
host: localhost:64127
accept: */*

Response DefaultHttpResponse(decodeResult: success, version: HTTP/1.1)
HTTP/1.1 200 OK
Content-Type: application/json; charset=utf-8
cache-control: no-cache
content-length: 15

16:33:44.016 [AsyncHttpClient-1-5] DEBUG org.asynchttpclient.netty.channel.ChannelManager - Adding key: http://localhost:64127 for channel [id: 0xd6403755, L:/127.0.0.1:50902 - R:localhost/127.0.0.1:64127]
16:33:44.017 [Forwarding getElementTagName on session 5cdb53a508c35703cc5eb1269aca5bd9 to remote] DEBUG org.asynchttpclient.netty.request.NettyRequestSender - Using pooled Channel '[id: 0xd6403755, L:/127.0.0.1:50902 - R:localhost/127.0.0.1:64127]' for 'GET' to 'http://localhost:64127/session/5cdb53a508c35703cc5eb1269aca5bd9/element/3764f534-d046-484e-8b40-20e521013bdf/name'
16:33:44.017 [Forwarding getElementTagName on session 5cdb53a508c35703cc5eb1269aca5bd9 to remote] DEBUG org.asynchttpclient.netty.request.NettyRequestSender - Using open Channel [id: 0xd6403755, L:/127.0.0.1:50902 - R:localhost/127.0.0.1:64127] for GET '/session/5cdb53a508c35703cc5eb1269aca5bd9/element/3764f534-d046-484e-8b40-20e521013bdf/name'
16:33:44.022 [AsyncHttpClient-1-5] DEBUG org.asynchttpclient.netty.handler.HttpHandler - 

Request DefaultFullHttpRequest(decodeResult: success, version: HTTP/1.1, content: EmptyByteBufBE)
GET /session/5cdb53a508c35703cc5eb1269aca5bd9/element/3764f534-d046-484e-8b40-20e521013bdf/name HTTP/1.1
User-Agent: selenium/4.1.2 (java windows)
Cache-Control: no-cache
Content-Type: application/json; charset=utf-8
host: localhost:64127
accept: */*

Response DefaultHttpResponse(decodeResult: success, version: HTTP/1.1)
HTTP/1.1 200 OK
Content-Type: application/json; charset=utf-8
cache-control: no-cache
content-length: 15

16:33:44.022 [AsyncHttpClient-1-5] DEBUG org.asynchttpclient.netty.channel.ChannelManager - Adding key: http://localhost:64127 for channel [id: 0xd6403755, L:/127.0.0.1:50902 - R:localhost/127.0.0.1:64127]
16:33:44.025 [Forwarding findElement on session 5cdb53a508c35703cc5eb1269aca5bd9 to remote] DEBUG org.asynchttpclient.netty.request.NettyRequestSender - Using pooled Channel '[id: 0xd6403755, L:/127.0.0.1:50902 - R:localhost/127.0.0.1:64127]' for 'POST' to 'http://localhost:64127/session/5cdb53a508c35703cc5eb1269aca5bd9/element'
16:33:44.025 [Forwarding findElement on session 5cdb53a508c35703cc5eb1269aca5bd9 to remote] DEBUG org.asynchttpclient.netty.request.NettyRequestSender - Using open Channel [id: 0xd6403755, L:/127.0.0.1:50902 - R:localhost/127.0.0.1:64127] for POST '/session/5cdb53a508c35703cc5eb1269aca5bd9/element'
16:33:44.038 [AsyncHttpClient-1-5] DEBUG org.asynchttpclient.netty.handler.HttpHandler - 

Request DefaultHttpRequest(decodeResult: success, version: HTTP/1.1)
POST /session/5cdb53a508c35703cc5eb1269aca5bd9/element HTTP/1.1
User-Agent: selenium/4.1.2 (java windows)
Content-Length: 80
Content-Type: application/json; charset=utf-8
host: localhost:64127
accept: */*

Response DefaultHttpResponse(decodeResult: success, version: HTTP/1.1)
HTTP/1.1 200 OK
Content-Type: application/json; charset=utf-8
cache-control: no-cache
content-length: 88

16:33:44.039 [AsyncHttpClient-1-5] DEBUG org.asynchttpclient.netty.channel.ChannelManager - Adding key: http://localhost:64127 for channel [id: 0xd6403755, L:/127.0.0.1:50902 - R:localhost/127.0.0.1:64127]
16:33:44.040 [Forwarding clickElement on session 5cdb53a508c35703cc5eb1269aca5bd9 to remote] DEBUG org.asynchttpclient.netty.request.NettyRequestSender - Using pooled Channel '[id: 0xd6403755, L:/127.0.0.1:50902 - R:localhost/127.0.0.1:64127]' for 'POST' to 'http://localhost:64127/session/5cdb53a508c35703cc5eb1269aca5bd9/element/3764f534-d046-484e-8b40-20e521013bdf/click'
16:33:44.040 [Forwarding clickElement on session 5cdb53a508c35703cc5eb1269aca5bd9 to remote] DEBUG org.asynchttpclient.netty.request.NettyRequestSender - Using open Channel [id: 0xd6403755, L:/127.0.0.1:50902 - R:localhost/127.0.0.1:64127] for POST '/session/5cdb53a508c35703cc5eb1269aca5bd9/element/3764f534-d046-484e-8b40-20e521013bdf/click'
16:33:44.321 [AsyncHttpClient-1-5] DEBUG org.asynchttpclient.netty.handler.HttpHandler - 

Request DefaultHttpRequest(decodeResult: success, version: HTTP/1.1)
POST /session/5cdb53a508c35703cc5eb1269aca5bd9/element/3764f534-d046-484e-8b40-20e521013bdf/click HTTP/1.1
User-Agent: selenium/4.1.2 (java windows)
Content-Length: 50
Content-Type: application/json; charset=utf-8
host: localhost:64127
accept: */*

Response DefaultHttpResponse(decodeResult: success, version: HTTP/1.1)
HTTP/1.1 200 OK
Content-Type: application/json; charset=utf-8
cache-control: no-cache
content-length: 14

16:33:44.321 [AsyncHttpClient-1-5] DEBUG org.asynchttpclient.netty.channel.ChannelManager - Adding key: http://localhost:64127 for channel [id: 0xd6403755, L:/127.0.0.1:50902 - R:localhost/127.0.0.1:64127]
16:33:44.334 [Forwarding screenshot on session 5cdb53a508c35703cc5eb1269aca5bd9 to remote] DEBUG org.asynchttpclient.netty.request.NettyRequestSender - Using pooled Channel '[id: 0xd6403755, L:/127.0.0.1:50902 - R:localhost/127.0.0.1:64127]' for 'GET' to 'http://localhost:64127/session/5cdb53a508c35703cc5eb1269aca5bd9/screenshot'
16:33:44.334 [Forwarding screenshot on session 5cdb53a508c35703cc5eb1269aca5bd9 to remote] DEBUG org.asynchttpclient.netty.request.NettyRequestSender - Using open Channel [id: 0xd6403755, L:/127.0.0.1:50902 - R:localhost/127.0.0.1:64127] for GET '/session/5cdb53a508c35703cc5eb1269aca5bd9/screenshot'
16:33:44.438 [AsyncHttpClient-1-1] DEBUG org.asynchttpclient.netty.channel.DefaultChannelPool - Entry count for : http://localhost:50903 : 1
16:33:44.471 [AsyncHttpClient-1-5] DEBUG org.asynchttpclient.netty.handler.HttpHandler - 

Request DefaultFullHttpRequest(decodeResult: success, version: HTTP/1.1, content: EmptyByteBufBE)
GET /session/5cdb53a508c35703cc5eb1269aca5bd9/screenshot HTTP/1.1
User-Agent: selenium/4.1.2 (java windows)
Cache-Control: no-cache
Content-Type: application/json; charset=utf-8
host: localhost:64127
accept: */*

Response DefaultHttpResponse(decodeResult: success, version: HTTP/1.1)
HTTP/1.1 200 OK
Content-Type: application/json; charset=utf-8
cache-control: no-cache
content-length: 55372

16:33:44.471 [AsyncHttpClient-1-5] DEBUG org.asynchttpclient.netty.channel.ChannelManager - Adding key: http://localhost:64127 for channel [id: 0xd6403755, L:/127.0.0.1:50902 - R:localhost/127.0.0.1:64127]
16:33:44.476 [main] DEBUG net.serenitybdd.core.photography.Darkroom - Send negative for processing for target\site\serenity\c886102f421ef8e705409955539f8574c7e22dd5f158313ecdebe95b5d6560bd.png
16:33:44.476 [main] DEBUG net.thucydides.core.steps.StepInterceptor - STEP DONE: clickMenuPatientButton
  &amp#27;[32mAnd &amp#27;[0m&amp#27;[32mI click menu patient&amp#27;[0m             &amp#27;[90m# starter.stepdefinitions.PatientSteps.iClickMenuPatient()&amp#27;[0m
16:33:44.501 [main] DEBUG net.thucydides.core.steps.StepInterceptor - STARTING STEP: PatientSteps.iClickDeletePatientButton - clickDeletePatientButton
16:33:44.506 [Forwarding findElement on session 5cdb53a508c35703cc5eb1269aca5bd9 to remote] DEBUG org.asynchttpclient.netty.request.NettyRequestSender - Using pooled Channel '[id: 0xd6403755, L:/127.0.0.1:50902 - R:localhost/127.0.0.1:64127]' for 'POST' to 'http://localhost:64127/session/5cdb53a508c35703cc5eb1269aca5bd9/element'
16:33:44.506 [Forwarding findElement on session 5cdb53a508c35703cc5eb1269aca5bd9 to remote] DEBUG org.asynchttpclient.netty.request.NettyRequestSender - Using open Channel [id: 0xd6403755, L:/127.0.0.1:50902 - R:localhost/127.0.0.1:64127] for POST '/session/5cdb53a508c35703cc5eb1269aca5bd9/element'
16:33:45.192 [AsyncHttpClient-1-5] DEBUG org.asynchttpclient.netty.handler.HttpHandler - 

Request DefaultHttpRequest(decodeResult: success, version: HTTP/1.1)
POST /session/5cdb53a508c35703cc5eb1269aca5bd9/element HTTP/1.1
User-Agent: selenium/4.1.2 (java windows)
Content-Length: 91
Content-Type: application/json; charset=utf-8
host: localhost:64127
accept: */*

Response DefaultHttpResponse(decodeResult: success, version: HTTP/1.1)
HTTP/1.1 200 OK
Content-Type: application/json; charset=utf-8
cache-control: no-cache
content-length: 88

16:33:45.192 [AsyncHttpClient-1-5] DEBUG org.asynchttpclient.netty.channel.ChannelManager - Adding key: http://localhost:64127 for channel [id: 0xd6403755, L:/127.0.0.1:50902 - R:localhost/127.0.0.1:64127]
16:33:45.195 [Forwarding getElementTagName on session 5cdb53a508c35703cc5eb1269aca5bd9 to remote] DEBUG org.asynchttpclient.netty.request.NettyRequestSender - Using pooled Channel '[id: 0xd6403755, L:/127.0.0.1:50902 - R:localhost/127.0.0.1:64127]' for 'GET' to 'http://localhost:64127/session/5cdb53a508c35703cc5eb1269aca5bd9/element/d182f4fa-c6fe-46d8-a060-72be1d40b656/name'
16:33:45.195 [Forwarding getElementTagName on session 5cdb53a508c35703cc5eb1269aca5bd9 to remote] DEBUG org.asynchttpclient.netty.request.NettyRequestSender - Using open Channel [id: 0xd6403755, L:/127.0.0.1:50902 - R:localhost/127.0.0.1:64127] for GET '/session/5cdb53a508c35703cc5eb1269aca5bd9/element/d182f4fa-c6fe-46d8-a060-72be1d40b656/name'
16:33:45.203 [AsyncHttpClient-1-5] DEBUG org.asynchttpclient.netty.handler.HttpHandler - 

Request DefaultFullHttpRequest(decodeResult: success, version: HTTP/1.1, content: EmptyByteBufBE)
GET /session/5cdb53a508c35703cc5eb1269aca5bd9/element/d182f4fa-c6fe-46d8-a060-72be1d40b656/name HTTP/1.1
User-Agent: selenium/4.1.2 (java windows)
Cache-Control: no-cache
Content-Type: application/json; charset=utf-8
host: localhost:64127
accept: */*

Response DefaultHttpResponse(decodeResult: success, version: HTTP/1.1)
HTTP/1.1 200 OK
Content-Type: application/json; charset=utf-8
cache-control: no-cache
content-length: 18

16:33:45.203 [AsyncHttpClient-1-5] DEBUG org.asynchttpclient.netty.channel.ChannelManager - Adding key: http://localhost:64127 for channel [id: 0xd6403755, L:/127.0.0.1:50902 - R:localhost/127.0.0.1:64127]
16:33:45.204 [Forwarding getElementTagName on session 5cdb53a508c35703cc5eb1269aca5bd9 to remote] DEBUG org.asynchttpclient.netty.request.NettyRequestSender - Using pooled Channel '[id: 0xd6403755, L:/127.0.0.1:50902 - R:localhost/127.0.0.1:64127]' for 'GET' to 'http://localhost:64127/session/5cdb53a508c35703cc5eb1269aca5bd9/element/d182f4fa-c6fe-46d8-a060-72be1d40b656/name'
16:33:45.204 [Forwarding getElementTagName on session 5cdb53a508c35703cc5eb1269aca5bd9 to remote] DEBUG org.asynchttpclient.netty.request.NettyRequestSender - Using open Channel [id: 0xd6403755, L:/127.0.0.1:50902 - R:localhost/127.0.0.1:64127] for GET '/session/5cdb53a508c35703cc5eb1269aca5bd9/element/d182f4fa-c6fe-46d8-a060-72be1d40b656/name'
16:33:45.210 [AsyncHttpClient-1-5] DEBUG org.asynchttpclient.netty.handler.HttpHandler - 

Request DefaultFullHttpRequest(decodeResult: success, version: HTTP/1.1, content: EmptyByteBufBE)
GET /session/5cdb53a508c35703cc5eb1269aca5bd9/element/d182f4fa-c6fe-46d8-a060-72be1d40b656/name HTTP/1.1
User-Agent: selenium/4.1.2 (java windows)
Cache-Control: no-cache
Content-Type: application/json; charset=utf-8
host: localhost:64127
accept: */*

Response DefaultHttpResponse(decodeResult: success, version: HTTP/1.1)
HTTP/1.1 200 OK
Content-Type: application/json; charset=utf-8
cache-control: no-cache
content-length: 18

16:33:45.210 [AsyncHttpClient-1-5] DEBUG org.asynchttpclient.netty.channel.ChannelManager - Adding key: http://localhost:64127 for channel [id: 0xd6403755, L:/127.0.0.1:50902 - R:localhost/127.0.0.1:64127]
16:33:45.214 [Forwarding isElementEnabled on session 5cdb53a508c35703cc5eb1269aca5bd9 to remote] DEBUG org.asynchttpclient.netty.request.NettyRequestSender - Using pooled Channel '[id: 0xd6403755, L:/127.0.0.1:50902 - R:localhost/127.0.0.1:64127]' for 'GET' to 'http://localhost:64127/session/5cdb53a508c35703cc5eb1269aca5bd9/element/d182f4fa-c6fe-46d8-a060-72be1d40b656/enabled'
16:33:45.214 [Forwarding isElementEnabled on session 5cdb53a508c35703cc5eb1269aca5bd9 to remote] DEBUG org.asynchttpclient.netty.request.NettyRequestSender - Using open Channel [id: 0xd6403755, L:/127.0.0.1:50902 - R:localhost/127.0.0.1:64127] for GET '/session/5cdb53a508c35703cc5eb1269aca5bd9/element/d182f4fa-c6fe-46d8-a060-72be1d40b656/enabled'
16:33:45.227 [AsyncHttpClient-1-5] DEBUG org.asynchttpclient.netty.handler.HttpHandler - 

Request DefaultFullHttpRequest(decodeResult: success, version: HTTP/1.1, content: EmptyByteBufBE)
GET /session/5cdb53a508c35703cc5eb1269aca5bd9/element/d182f4fa-c6fe-46d8-a060-72be1d40b656/enabled HTTP/1.1
User-Agent: selenium/4.1.2 (java windows)
Cache-Control: no-cache
Content-Type: application/json; charset=utf-8
host: localhost:64127
accept: */*

Response DefaultHttpResponse(decodeResult: success, version: HTTP/1.1)
HTTP/1.1 200 OK
Content-Type: application/json; charset=utf-8
cache-control: no-cache
content-length: 14

16:33:45.228 [AsyncHttpClient-1-5] DEBUG org.asynchttpclient.netty.channel.ChannelManager - Adding key: http://localhost:64127 for channel [id: 0xd6403755, L:/127.0.0.1:50902 - R:localhost/127.0.0.1:64127]
16:33:45.229 [Forwarding isElementEnabled on session 5cdb53a508c35703cc5eb1269aca5bd9 to remote] DEBUG org.asynchttpclient.netty.request.NettyRequestSender - Using pooled Channel '[id: 0xd6403755, L:/127.0.0.1:50902 - R:localhost/127.0.0.1:64127]' for 'GET' to 'http://localhost:64127/session/5cdb53a508c35703cc5eb1269aca5bd9/element/d182f4fa-c6fe-46d8-a060-72be1d40b656/enabled'
16:33:45.229 [Forwarding isElementEnabled on session 5cdb53a508c35703cc5eb1269aca5bd9 to remote] DEBUG org.asynchttpclient.netty.request.NettyRequestSender - Using open Channel [id: 0xd6403755, L:/127.0.0.1:50902 - R:localhost/127.0.0.1:64127] for GET '/session/5cdb53a508c35703cc5eb1269aca5bd9/element/d182f4fa-c6fe-46d8-a060-72be1d40b656/enabled'
16:33:45.238 [AsyncHttpClient-1-5] DEBUG org.asynchttpclient.netty.handler.HttpHandler - 

Request DefaultFullHttpRequest(decodeResult: success, version: HTTP/1.1, content: EmptyByteBufBE)
GET /session/5cdb53a508c35703cc5eb1269aca5bd9/element/d182f4fa-c6fe-46d8-a060-72be1d40b656/enabled HTTP/1.1
User-Agent: selenium/4.1.2 (java windows)
Cache-Control: no-cache
Content-Type: application/json; charset=utf-8
host: localhost:64127
accept: */*

Response DefaultHttpResponse(decodeResult: success, version: HTTP/1.1)
HTTP/1.1 200 OK
Content-Type: application/json; charset=utf-8
cache-control: no-cache
content-length: 14

16:33:45.238 [AsyncHttpClient-1-5] DEBUG org.asynchttpclient.netty.channel.ChannelManager - Adding key: http://localhost:64127 for channel [id: 0xd6403755, L:/127.0.0.1:50902 - R:localhost/127.0.0.1:64127]
16:33:45.240 [Forwarding findElement on session 5cdb53a508c35703cc5eb1269aca5bd9 to remote] DEBUG org.asynchttpclient.netty.request.NettyRequestSender - Using pooled Channel '[id: 0xd6403755, L:/127.0.0.1:50902 - R:localhost/127.0.0.1:64127]' for 'POST' to 'http://localhost:64127/session/5cdb53a508c35703cc5eb1269aca5bd9/element'
16:33:45.241 [Forwarding findElement on session 5cdb53a508c35703cc5eb1269aca5bd9 to remote] DEBUG org.asynchttpclient.netty.request.NettyRequestSender - Using open Channel [id: 0xd6403755, L:/127.0.0.1:50902 - R:localhost/127.0.0.1:64127] for POST '/session/5cdb53a508c35703cc5eb1269aca5bd9/element'
16:33:45.251 [AsyncHttpClient-1-5] DEBUG org.asynchttpclient.netty.handler.HttpHandler - 

Request DefaultHttpRequest(decodeResult: success, version: HTTP/1.1)
POST /session/5cdb53a508c35703cc5eb1269aca5bd9/element HTTP/1.1
User-Agent: selenium/4.1.2 (java windows)
Content-Length: 91
Content-Type: application/json; charset=utf-8
host: localhost:64127
accept: */*

Response DefaultHttpResponse(decodeResult: success, version: HTTP/1.1)
HTTP/1.1 200 OK
Content-Type: application/json; charset=utf-8
cache-control: no-cache
content-length: 88

16:33:45.251 [AsyncHttpClient-1-5] DEBUG org.asynchttpclient.netty.channel.ChannelManager - Adding key: http://localhost:64127 for channel [id: 0xd6403755, L:/127.0.0.1:50902 - R:localhost/127.0.0.1:64127]
16:33:45.253 [Forwarding clickElement on session 5cdb53a508c35703cc5eb1269aca5bd9 to remote] DEBUG org.asynchttpclient.netty.request.NettyRequestSender - Using pooled Channel '[id: 0xd6403755, L:/127.0.0.1:50902 - R:localhost/127.0.0.1:64127]' for 'POST' to 'http://localhost:64127/session/5cdb53a508c35703cc5eb1269aca5bd9/element/d182f4fa-c6fe-46d8-a060-72be1d40b656/click'
16:33:45.253 [Forwarding clickElement on session 5cdb53a508c35703cc5eb1269aca5bd9 to remote] DEBUG org.asynchttpclient.netty.request.NettyRequestSender - Using open Channel [id: 0xd6403755, L:/127.0.0.1:50902 - R:localhost/127.0.0.1:64127] for POST '/session/5cdb53a508c35703cc5eb1269aca5bd9/element/d182f4fa-c6fe-46d8-a060-72be1d40b656/click'
16:33:45.385 [AsyncHttpClient-1-5] DEBUG org.asynchttpclient.netty.handler.HttpHandler - 

Request DefaultHttpRequest(decodeResult: success, version: HTTP/1.1)
POST /session/5cdb53a508c35703cc5eb1269aca5bd9/element/d182f4fa-c6fe-46d8-a060-72be1d40b656/click HTTP/1.1
User-Agent: selenium/4.1.2 (java windows)
Content-Length: 50
Content-Type: application/json; charset=utf-8
host: localhost:64127
accept: */*

Response DefaultHttpResponse(decodeResult: success, version: HTTP/1.1)
HTTP/1.1 200 OK
Content-Type: application/json; charset=utf-8
cache-control: no-cache
content-length: 14

16:33:45.385 [AsyncHttpClient-1-5] DEBUG org.asynchttpclient.netty.channel.ChannelManager - Adding key: http://localhost:64127 for channel [id: 0xd6403755, L:/127.0.0.1:50902 - R:localhost/127.0.0.1:64127]
16:33:45.398 [Forwarding screenshot on session 5cdb53a508c35703cc5eb1269aca5bd9 to remote] DEBUG org.asynchttpclient.netty.request.NettyRequestSender - Using pooled Channel '[id: 0xd6403755, L:/127.0.0.1:50902 - R:localhost/127.0.0.1:64127]' for 'GET' to 'http://localhost:64127/session/5cdb53a508c35703cc5eb1269aca5bd9/screenshot'
16:33:45.398 [Forwarding screenshot on session 5cdb53a508c35703cc5eb1269aca5bd9 to remote] DEBUG org.asynchttpclient.netty.request.NettyRequestSender - Using open Channel [id: 0xd6403755, L:/127.0.0.1:50902 - R:localhost/127.0.0.1:64127] for GET '/session/5cdb53a508c35703cc5eb1269aca5bd9/screenshot'
16:33:45.537 [AsyncHttpClient-1-1] DEBUG org.asynchttpclient.netty.channel.DefaultChannelPool - Entry count for : http://localhost:50903 : 1
16:33:45.577 [AsyncHttpClient-1-5] DEBUG org.asynchttpclient.netty.handler.HttpHandler - 

Request DefaultFullHttpRequest(decodeResult: success, version: HTTP/1.1, content: EmptyByteBufBE)
GET /session/5cdb53a508c35703cc5eb1269aca5bd9/screenshot HTTP/1.1
User-Agent: selenium/4.1.2 (java windows)
Cache-Control: no-cache
Content-Type: application/json; charset=utf-8
host: localhost:64127
accept: */*

Response DefaultHttpResponse(decodeResult: success, version: HTTP/1.1)
HTTP/1.1 200 OK
Content-Type: application/json; charset=utf-8
cache-control: no-cache
content-length: 102596

16:33:45.578 [AsyncHttpClient-1-5] DEBUG org.asynchttpclient.netty.channel.ChannelManager - Adding key: http://localhost:64127 for channel [id: 0xd6403755, L:/127.0.0.1:50902 - R:localhost/127.0.0.1:64127]
16:33:45.586 [main] DEBUG net.serenitybdd.core.photography.Darkroom - Send negative for processing for target\site\serenity\72eb3f8bf5e8a2dd0550e06f1ee634373cbc32ac9af1da45365a50af5ba76194.png
16:33:45.587 [main] DEBUG net.thucydides.core.steps.StepInterceptor - STEP DONE: clickDeletePatientButton
  &amp#27;[32mWhen &amp#27;[0m&amp#27;[32mI click Delete Patient button&amp#27;[0m   &amp#27;[90m# starter.stepdefinitions.PatientSteps.iClickDeletePatientButton()&amp#27;[0m
16:33:45.587 [Darkroom Processing Line] DEBUG net.serenitybdd.core.photography.DarkroomProcessingLine - Processing screenshot image in /var/screenshots/screenshot-13738351650424245718
16:33:45.587 [Darkroom Processing Line] DEBUG net.serenitybdd.core.photography.DarkroomProcessingLine - Saving screenshot to target\site\serenity\72eb3f8bf5e8a2dd0550e06f1ee634373cbc32ac9af1da45365a50af5ba76194.png
16:33:45.618 [main] DEBUG net.thucydides.core.steps.StepInterceptor - STARTING STEP: PatientSteps.iClickDeleteButton - clickDeleteButton
16:33:45.622 [Forwarding findElement on session 5cdb53a508c35703cc5eb1269aca5bd9 to remote] DEBUG org.asynchttpclient.netty.request.NettyRequestSender - Using pooled Channel '[id: 0xd6403755, L:/127.0.0.1:50902 - R:localhost/127.0.0.1:64127]' for 'POST' to 'http://localhost:64127/session/5cdb53a508c35703cc5eb1269aca5bd9/element'
16:33:45.623 [Forwarding findElement on session 5cdb53a508c35703cc5eb1269aca5bd9 to remote] DEBUG org.asynchttpclient.netty.request.NettyRequestSender - Using open Channel [id: 0xd6403755, L:/127.0.0.1:50902 - R:localhost/127.0.0.1:64127] for POST '/session/5cdb53a508c35703cc5eb1269aca5bd9/element'
16:33:46.097 [AsyncHttpClient-1-5] DEBUG org.asynchttpclient.netty.handler.HttpHandler - 

Request DefaultHttpRequest(decodeResult: success, version: HTTP/1.1)
POST /session/5cdb53a508c35703cc5eb1269aca5bd9/element HTTP/1.1
User-Agent: selenium/4.1.2 (java windows)
Content-Length: 104
Content-Type: application/json; charset=utf-8
host: localhost:64127
accept: */*

Response DefaultHttpResponse(decodeResult: success, version: HTTP/1.1)
HTTP/1.1 200 OK
Content-Type: application/json; charset=utf-8
cache-control: no-cache
content-length: 88

16:33:46.098 [AsyncHttpClient-1-5] DEBUG org.asynchttpclient.netty.channel.ChannelManager - Adding key: http://localhost:64127 for channel [id: 0xd6403755, L:/127.0.0.1:50902 - R:localhost/127.0.0.1:64127]
16:33:46.100 [Forwarding getElementTagName on session 5cdb53a508c35703cc5eb1269aca5bd9 to remote] DEBUG org.asynchttpclient.netty.request.NettyRequestSender - Using pooled Channel '[id: 0xd6403755, L:/127.0.0.1:50902 - R:localhost/127.0.0.1:64127]' for 'GET' to 'http://localhost:64127/session/5cdb53a508c35703cc5eb1269aca5bd9/element/7b4b8b10-50d9-4c5b-8202-e07a0b8325ec/name'
16:33:46.100 [Forwarding getElementTagName on session 5cdb53a508c35703cc5eb1269aca5bd9 to remote] DEBUG org.asynchttpclient.netty.request.NettyRequestSender - Using open Channel [id: 0xd6403755, L:/127.0.0.1:50902 - R:localhost/127.0.0.1:64127] for GET '/session/5cdb53a508c35703cc5eb1269aca5bd9/element/7b4b8b10-50d9-4c5b-8202-e07a0b8325ec/name'
16:33:46.109 [AsyncHttpClient-1-5] DEBUG org.asynchttpclient.netty.handler.HttpHandler - 

Request DefaultFullHttpRequest(decodeResult: success, version: HTTP/1.1, content: EmptyByteBufBE)
GET /session/5cdb53a508c35703cc5eb1269aca5bd9/element/7b4b8b10-50d9-4c5b-8202-e07a0b8325ec/name HTTP/1.1
User-Agent: selenium/4.1.2 (java windows)
Cache-Control: no-cache
Content-Type: application/json; charset=utf-8
host: localhost:64127
accept: */*

Response DefaultHttpResponse(decodeResult: success, version: HTTP/1.1)
HTTP/1.1 200 OK
Content-Type: application/json; charset=utf-8
cache-control: no-cache
content-length: 18

16:33:46.109 [AsyncHttpClient-1-5] DEBUG org.asynchttpclient.netty.channel.ChannelManager - Adding key: http://localhost:64127 for channel [id: 0xd6403755, L:/127.0.0.1:50902 - R:localhost/127.0.0.1:64127]
16:33:46.111 [Forwarding getElementTagName on session 5cdb53a508c35703cc5eb1269aca5bd9 to remote] DEBUG org.asynchttpclient.netty.request.NettyRequestSender - Using pooled Channel '[id: 0xd6403755, L:/127.0.0.1:50902 - R:localhost/127.0.0.1:64127]' for 'GET' to 'http://localhost:64127/session/5cdb53a508c35703cc5eb1269aca5bd9/element/7b4b8b10-50d9-4c5b-8202-e07a0b8325ec/name'
16:33:46.111 [Forwarding getElementTagName on session 5cdb53a508c35703cc5eb1269aca5bd9 to remote] DEBUG org.asynchttpclient.netty.request.NettyRequestSender - Using open Channel [id: 0xd6403755, L:/127.0.0.1:50902 - R:localhost/127.0.0.1:64127] for GET '/session/5cdb53a508c35703cc5eb1269aca5bd9/element/7b4b8b10-50d9-4c5b-8202-e07a0b8325ec/name'
16:33:46.116 [AsyncHttpClient-1-5] DEBUG org.asynchttpclient.netty.handler.HttpHandler - 

Request DefaultFullHttpRequest(decodeResult: success, version: HTTP/1.1, content: EmptyByteBufBE)
GET /session/5cdb53a508c35703cc5eb1269aca5bd9/element/7b4b8b10-50d9-4c5b-8202-e07a0b8325ec/name HTTP/1.1
User-Agent: selenium/4.1.2 (java windows)
Cache-Control: no-cache
Content-Type: application/json; charset=utf-8
host: localhost:64127
accept: */*

Response DefaultHttpResponse(decodeResult: success, version: HTTP/1.1)
HTTP/1.1 200 OK
Content-Type: application/json; charset=utf-8
cache-control: no-cache
content-length: 18

16:33:46.116 [AsyncHttpClient-1-5] DEBUG org.asynchttpclient.netty.channel.ChannelManager - Adding key: http://localhost:64127 for channel [id: 0xd6403755, L:/127.0.0.1:50902 - R:localhost/127.0.0.1:64127]
16:33:46.119 [Forwarding isElementEnabled on session 5cdb53a508c35703cc5eb1269aca5bd9 to remote] DEBUG org.asynchttpclient.netty.request.NettyRequestSender - Using pooled Channel '[id: 0xd6403755, L:/127.0.0.1:50902 - R:localhost/127.0.0.1:64127]' for 'GET' to 'http://localhost:64127/session/5cdb53a508c35703cc5eb1269aca5bd9/element/7b4b8b10-50d9-4c5b-8202-e07a0b8325ec/enabled'
16:33:46.119 [Forwarding isElementEnabled on session 5cdb53a508c35703cc5eb1269aca5bd9 to remote] DEBUG org.asynchttpclient.netty.request.NettyRequestSender - Using open Channel [id: 0xd6403755, L:/127.0.0.1:50902 - R:localhost/127.0.0.1:64127] for GET '/session/5cdb53a508c35703cc5eb1269aca5bd9/element/7b4b8b10-50d9-4c5b-8202-e07a0b8325ec/enabled'
16:33:46.132 [AsyncHttpClient-1-5] DEBUG org.asynchttpclient.netty.handler.HttpHandler - 

Request DefaultFullHttpRequest(decodeResult: success, version: HTTP/1.1, content: EmptyByteBufBE)
GET /session/5cdb53a508c35703cc5eb1269aca5bd9/element/7b4b8b10-50d9-4c5b-8202-e07a0b8325ec/enabled HTTP/1.1
User-Agent: selenium/4.1.2 (java windows)
Cache-Control: no-cache
Content-Type: application/json; charset=utf-8
host: localhost:64127
accept: */*

Response DefaultHttpResponse(decodeResult: success, version: HTTP/1.1)
HTTP/1.1 200 OK
Content-Type: application/json; charset=utf-8
cache-control: no-cache
content-length: 14

16:33:46.132 [AsyncHttpClient-1-5] DEBUG org.asynchttpclient.netty.channel.ChannelManager - Adding key: http://localhost:64127 for channel [id: 0xd6403755, L:/127.0.0.1:50902 - R:localhost/127.0.0.1:64127]
16:33:46.134 [Forwarding isElementEnabled on session 5cdb53a508c35703cc5eb1269aca5bd9 to remote] DEBUG org.asynchttpclient.netty.request.NettyRequestSender - Using pooled Channel '[id: 0xd6403755, L:/127.0.0.1:50902 - R:localhost/127.0.0.1:64127]' for 'GET' to 'http://localhost:64127/session/5cdb53a508c35703cc5eb1269aca5bd9/element/7b4b8b10-50d9-4c5b-8202-e07a0b8325ec/enabled'
16:33:46.134 [Forwarding isElementEnabled on session 5cdb53a508c35703cc5eb1269aca5bd9 to remote] DEBUG org.asynchttpclient.netty.request.NettyRequestSender - Using open Channel [id: 0xd6403755, L:/127.0.0.1:50902 - R:localhost/127.0.0.1:64127] for GET '/session/5cdb53a508c35703cc5eb1269aca5bd9/element/7b4b8b10-50d9-4c5b-8202-e07a0b8325ec/enabled'
16:33:46.142 [AsyncHttpClient-1-5] DEBUG org.asynchttpclient.netty.handler.HttpHandler - 

Request DefaultFullHttpRequest(decodeResult: success, version: HTTP/1.1, content: EmptyByteBufBE)
GET /session/5cdb53a508c35703cc5eb1269aca5bd9/element/7b4b8b10-50d9-4c5b-8202-e07a0b8325ec/enabled HTTP/1.1
User-Agent: selenium/4.1.2 (java windows)
Cache-Control: no-cache
Content-Type: application/json; charset=utf-8
host: localhost:64127
accept: */*

Response DefaultHttpResponse(decodeResult: success, version: HTTP/1.1)
HTTP/1.1 200 OK
Content-Type: application/json; charset=utf-8
cache-control: no-cache
content-length: 14

16:33:46.142 [AsyncHttpClient-1-5] DEBUG org.asynchttpclient.netty.channel.ChannelManager - Adding key: http://localhost:64127 for channel [id: 0xd6403755, L:/127.0.0.1:50902 - R:localhost/127.0.0.1:64127]
16:33:46.145 [Forwarding findElement on session 5cdb53a508c35703cc5eb1269aca5bd9 to remote] DEBUG org.asynchttpclient.netty.request.NettyRequestSender - Using pooled Channel '[id: 0xd6403755, L:/127.0.0.1:50902 - R:localhost/127.0.0.1:64127]' for 'POST' to 'http://localhost:64127/session/5cdb53a508c35703cc5eb1269aca5bd9/element'
16:33:46.145 [Forwarding findElement on session 5cdb53a508c35703cc5eb1269aca5bd9 to remote] DEBUG org.asynchttpclient.netty.request.NettyRequestSender - Using open Channel [id: 0xd6403755, L:/127.0.0.1:50902 - R:localhost/127.0.0.1:64127] for POST '/session/5cdb53a508c35703cc5eb1269aca5bd9/element'
16:33:46.155 [AsyncHttpClient-1-5] DEBUG org.asynchttpclient.netty.handler.HttpHandler - 

Request DefaultHttpRequest(decodeResult: success, version: HTTP/1.1)
POST /session/5cdb53a508c35703cc5eb1269aca5bd9/element HTTP/1.1
User-Agent: selenium/4.1.2 (java windows)
Content-Length: 104
Content-Type: application/json; charset=utf-8
host: localhost:64127
accept: */*

Response DefaultHttpResponse(decodeResult: success, version: HTTP/1.1)
HTTP/1.1 200 OK
Content-Type: application/json; charset=utf-8
cache-control: no-cache
content-length: 88

16:33:46.155 [AsyncHttpClient-1-5] DEBUG org.asynchttpclient.netty.channel.ChannelManager - Adding key: http://localhost:64127 for channel [id: 0xd6403755, L:/127.0.0.1:50902 - R:localhost/127.0.0.1:64127]
16:33:46.157 [Forwarding clickElement on session 5cdb53a508c35703cc5eb1269aca5bd9 to remote] DEBUG org.asynchttpclient.netty.request.NettyRequestSender - Using pooled Channel '[id: 0xd6403755, L:/127.0.0.1:50902 - R:localhost/127.0.0.1:64127]' for 'POST' to 'http://localhost:64127/session/5cdb53a508c35703cc5eb1269aca5bd9/element/7b4b8b10-50d9-4c5b-8202-e07a0b8325ec/click'
16:33:46.157 [Forwarding clickElement on session 5cdb53a508c35703cc5eb1269aca5bd9 to remote] DEBUG org.asynchttpclient.netty.request.NettyRequestSender - Using open Channel [id: 0xd6403755, L:/127.0.0.1:50902 - R:localhost/127.0.0.1:64127] for POST '/session/5cdb53a508c35703cc5eb1269aca5bd9/element/7b4b8b10-50d9-4c5b-8202-e07a0b8325ec/click'
16:33:46.222 [AsyncHttpClient-1-5] DEBUG org.asynchttpclient.netty.handler.HttpHandler - 

Request DefaultHttpRequest(decodeResult: success, version: HTTP/1.1)
POST /session/5cdb53a508c35703cc5eb1269aca5bd9/element/7b4b8b10-50d9-4c5b-8202-e07a0b8325ec/click HTTP/1.1
User-Agent: selenium/4.1.2 (java windows)
Content-Length: 50
Content-Type: application/json; charset=utf-8
host: localhost:64127
accept: */*

Response DefaultHttpResponse(decodeResult: success, version: HTTP/1.1)
HTTP/1.1 200 OK
Content-Type: application/json; charset=utf-8
cache-control: no-cache
content-length: 14

16:33:46.222 [AsyncHttpClient-1-5] DEBUG org.asynchttpclient.netty.channel.ChannelManager - Adding key: http://localhost:64127 for channel [id: 0xd6403755, L:/127.0.0.1:50902 - R:localhost/127.0.0.1:64127]
16:33:46.233 [Forwarding screenshot on session 5cdb53a508c35703cc5eb1269aca5bd9 to remote] DEBUG org.asynchttpclient.netty.request.NettyRequestSender - Using pooled Channel '[id: 0xd6403755, L:/127.0.0.1:50902 - R:localhost/127.0.0.1:64127]' for 'GET' to 'http://localhost:64127/session/5cdb53a508c35703cc5eb1269aca5bd9/screenshot'
16:33:46.233 [Forwarding screenshot on session 5cdb53a508c35703cc5eb1269aca5bd9 to remote] DEBUG org.asynchttpclient.netty.request.NettyRequestSender - Using open Channel [id: 0xd6403755, L:/127.0.0.1:50902 - R:localhost/127.0.0.1:64127] for GET '/session/5cdb53a508c35703cc5eb1269aca5bd9/screenshot'
16:33:46.384 [AsyncHttpClient-1-5] DEBUG org.asynchttpclient.netty.handler.HttpHandler - 

Request DefaultFullHttpRequest(decodeResult: success, version: HTTP/1.1, content: EmptyByteBufBE)
GET /session/5cdb53a508c35703cc5eb1269aca5bd9/screenshot HTTP/1.1
User-Agent: selenium/4.1.2 (java windows)
Cache-Control: no-cache
Content-Type: application/json; charset=utf-8
host: localhost:64127
accept: */*

Response DefaultHttpResponse(decodeResult: success, version: HTTP/1.1)
HTTP/1.1 200 OK
Content-Type: application/json; charset=utf-8
cache-control: no-cache
content-length: 86172

16:33:46.385 [AsyncHttpClient-1-5] DEBUG org.asynchttpclient.netty.channel.ChannelManager - Adding key: http://localhost:64127 for channel [id: 0xd6403755, L:/127.0.0.1:50902 - R:localhost/127.0.0.1:64127]
16:33:46.390 [main] DEBUG net.serenitybdd.core.photography.Darkroom - Send negative for processing for target\site\serenity\2ae37db3b0e4b763bc5f907faaa3b0cea14bbc6bc79989372c657453a505aaf5.png
16:33:46.390 [main] DEBUG net.thucydides.core.steps.StepInterceptor - STEP DONE: clickDeleteButton
  &amp#27;[32mThen &amp#27;[0m&amp#27;[32mI click Delete button&amp#27;[0m           &amp#27;[90m# starter.stepdefinitions.PatientSteps.iClickDeleteButton()&amp#27;[0m
16:33:46.391 [Darkroom Processing Line] DEBUG net.serenitybdd.core.photography.DarkroomProcessingLine - Processing screenshot image in /var/screenshots/screenshot-13158010922547989657
16:33:46.391 [Darkroom Processing Line] DEBUG net.serenitybdd.core.photography.DarkroomProcessingLine - Saving screenshot to target\site\serenity\2ae37db3b0e4b763bc5f907faaa3b0cea14bbc6bc79989372c657453a505aaf5.png
16:33:46.400 [main] INFO  - 
  _____   ___   ___   _____     ___     _     ___   ___   ___   ___  
 |_   _| | __| / __| |_   _|   | _ \   /_\   / __| / __| | __| |   \ 
   | |   | _|  \__ \   | |     |  _/  / _ \  \__ \ \__ \ | _|  | |) |
   |_|   |___| |___/   |_|     |_|   /_/ \_\ |___/ |___/ |___| |___/ 

Delete Patient Data Scenario
----------------------------------------------------------------------
16:33:46.402 [AsyncHttpClient-1-7] DEBUG org.asynchttpclient.netty.handler.WebSocketHandler - Channel Closed: [id: 0xfe7f7470, L:/127.0.0.1:50910 ! R:localhost/127.0.0.1:50903] with attribute NettyResponseFuture{currentRetry=5,
	isDone=1,
	isCancelled=0,
	asyncHandler=org.asynchttpclient.ws.WebSocketUpgradeHandler@73149676,
	nettyRequest=org.asynchttpclient.netty.request.NettyRequest@44794aad,
	future=java.util.concurrent.CompletableFuture@a6cb29d[Completed normally],
	uri=ws://localhost:50903/devtools/browser/452483cf-e096-4bf4-9384-fd565459467a,
	keepAlive=true,
	redirectCount=0,
	timeoutsHolder=null,
	inAuth=0,
	touch=1655717618705}
16:33:46.402 [AsyncHttpClient-1-7] DEBUG org.asynchttpclient.netty.channel.ChannelManager - Closing Channel [id: 0xfe7f7470, L:/127.0.0.1:50910 ! R:localhost/127.0.0.1:50903] 
16:33:46.402 [Driver Command Executor] DEBUG org.asynchttpclient.netty.request.NettyRequestSender - Using pooled Channel '[id: 0xd6403755, L:/127.0.0.1:50902 - R:localhost/127.0.0.1:64127]' for 'DELETE' to 'http://localhost:64127/session/5cdb53a508c35703cc5eb1269aca5bd9'
16:33:46.402 [Driver Command Executor] DEBUG org.asynchttpclient.netty.request.NettyRequestSender - Using open Channel [id: 0xd6403755, L:/127.0.0.1:50902 - R:localhost/127.0.0.1:64127] for DELETE '/session/5cdb53a508c35703cc5eb1269aca5bd9'
16:33:46.501 [AsyncHttpClient-1-5] DEBUG org.asynchttpclient.netty.handler.HttpHandler - 

Request DefaultFullHttpRequest(decodeResult: success, version: HTTP/1.1, content: EmptyByteBufBE)
DELETE /session/5cdb53a508c35703cc5eb1269aca5bd9 HTTP/1.1
User-Agent: selenium/4.1.2 (java windows)
Content-Type: application/json; charset=utf-8
host: localhost:64127
accept: */*

Response DefaultHttpResponse(decodeResult: success, version: HTTP/1.1)
HTTP/1.1 200 OK
Content-Type: application/json; charset=utf-8
cache-control: no-cache
content-length: 14

16:33:46.501 [AsyncHttpClient-1-5] DEBUG org.asynchttpclient.netty.channel.ChannelManager - Adding key: http://localhost:64127 for channel [id: 0xd6403755, L:/127.0.0.1:50902 - R:localhost/127.0.0.1:64127]
16:33:46.559 [AsyncHttpClient-1-6] DEBUG org.asynchttpclient.netty.handler.HttpHandler - Unexpected I/O exception on channel [id: 0x32fb26ea, L:/127.0.0.1:50909 - R:localhost/127.0.0.1:50903]
java.net.SocketException: Connection reset
	at java.base/sun.nio.ch.SocketChannelImpl.throwConnectionReset(SocketChannelImpl.java:367)
	at java.base/sun.nio.ch.SocketChannelImpl.read(SocketChannelImpl.java:398)
	at io.netty.buffer.PooledByteBuf.setBytes(PooledByteBuf.java:258)
	at io.netty.buffer.AbstractByteBuf.writeBytes(AbstractByteBuf.java:1132)
	at io.netty.channel.socket.nio.NioSocketChannel.doReadBytes(NioSocketChannel.java:350)
	at io.netty.channel.nio.AbstractNioByteChannel$NioByteUnsafe.read(AbstractNioByteChannel.java:151)
	at io.netty.channel.nio.NioEventLoop.processSelectedKey(NioEventLoop.java:722)
	at io.netty.channel.nio.NioEventLoop.processSelectedKeysOptimized(NioEventLoop.java:658)
	at io.netty.channel.nio.NioEventLoop.processSelectedKeys(NioEventLoop.java:584)
	at io.netty.channel.nio.NioEventLoop.run(NioEventLoop.java:496)
	at io.netty.util.concurrent.SingleThreadEventExecutor$4.run(SingleThreadEventExecutor.java:986)
	at io.netty.util.internal.ThreadExecutorMap$2.run(ThreadExecutorMap.java:74)
	at io.netty.util.concurrent.FastThreadLocalRunnable.run(FastThreadLocalRunnable.java:30)
	at java.base/java.lang.Thread.run(Thread.java:832)
16:33:46.559 [AsyncHttpClient-1-6] DEBUG org.asynchttpclient.netty.channel.ChannelManager - Closing Channel [id: 0x32fb26ea, L:/127.0.0.1:50909 - R:localhost/127.0.0.1:50903] 
16:33:46.559 [AsyncHttpClient-1-6] DEBUG org.asynchttpclient.netty.handler.HttpHandler - Channel Closed: [id: 0x32fb26ea, L:/127.0.0.1:50909 ! R:localhost/127.0.0.1:50903] with attribute DISCARD
16:33:46.638 [AsyncHttpClient-1-1] DEBUG org.asynchttpclient.netty.channel.DefaultChannelPool - Entry count for : http://localhost:50903 : 1
16:33:46.638 [AsyncHttpClient-1-1] DEBUG org.asynchttpclient.netty.channel.DefaultChannelPool - Entry count for : http://localhost:64127 : 1
16:33:46.638 [AsyncHttpClient-1-1] DEBUG org.asynchttpclient.netty.channel.DefaultChannelPool - Adding Candidate expired Channel [id: 0x32fb26ea, L:/127.0.0.1:50909 ! R:localhost/127.0.0.1:50903] isIdleTimeoutExpired=false isRemotelyClosed=true isTtlExpired=false
16:33:46.638 [AsyncHttpClient-1-1] DEBUG org.asynchttpclient.netty.channel.DefaultChannelPool - Closing Idle Channel [id: 0x32fb26ea, L:/127.0.0.1:50909 ! R:localhost/127.0.0.1:50903]
16:33:46.638 [AsyncHttpClient-1-1] DEBUG org.asynchttpclient.netty.channel.DefaultChannelPool - Closed 1 connections out of 2 in 0 ms
16:33:46.686 [AsyncHttpClient-1-5] DEBUG org.asynchttpclient.netty.handler.HttpHandler - Channel Closed: [id: 0xd6403755, L:/127.0.0.1:50902 ! R:localhost/127.0.0.1:64127] with attribute DISCARD
]]></system-out>
    <system-err><![CDATA[Starting ChromeDriver 102.0.5005.61 (0e59bcc00cc4985ce39ad31c150065f159d95ad3-refs/branch-heads/5005@{#819}) on port 64127
Only local connections are allowed.
Please see https://chromedriver.chromium.org/security-considerations for suggestions on keeping ChromeDriver safe.
ChromeDriver was started successfully.
Jun 20, 2022 4:33:38 PM org.openqa.selenium.remote.ProtocolHandshake createSession
INFO: Detected dialect: W3C
Jun 20, 2022 4:33:38 PM org.openqa.selenium.devtools.CdpVersionFinder findNearestMatch
WARNING: Unable to find an exact match for CDP version 102, so returning the closest version found: a no-op implementation
Jun 20, 2022 4:33:38 PM org.openqa.selenium.devtools.CdpVersionFinder findNearestMatch
INFO: Unable to find CDP implementation matching 102.
Jun 20, 2022 4:33:38 PM org.openqa.selenium.chromium.ChromiumDriver lambda$new$3
WARNING: Unable to find version of CDP to use for . You may need to include a dependency on a specific version of the CDP using something similar to `org.seleniumhq.selenium:selenium-devtools-v86:4.1.2` where the version ("v86") matches the version of the chromium-based browser you're using and the version number of the artifact is the same as Selenium's.
]]></system-err>
  </testcase>
  <testcase name="Search Patient Based on Patient Name Scenario" classname="Patient" time="15.94">
    <system-out><![CDATA[
@Patient @Search
Scenario: Search Patient Based on Patient Name Scenario &amp#27;[90m# src/test/resources/features/2.Patient.feature:54&amp#27;[0m
16:33:47.238 [main] INFO io.cucumber.core.plugin.SerenityReporter - Running feature from file:///E:/My%20Documents/File%20Difa/TI%20Semester%206%20Kampus%20Merdeka%20Alterra/Tugas/CAPSTONE%20Project/Capstone-Project-Website/src/test/resources/features/2.Patient.feature
16:33:47.242 [main] INFO  - 
  _____   ___   ___   _____     ___   _____     _     ___   _____   ___   ___  
 |_   _| | __| / __| |_   _|   / __| |_   _|   /_\   | _ \ |_   _| | __| |   \ 
   | |   | _|  \__ \   | |     \__ \   | |    / _ \  |   /   | |   | _|  | |) |
   |_|   |___| |___/   |_|     |___/   |_|   /_/ \_\ |_|_\   |_|   |___| |___/ 

Search Patient Based on Patient Name Scenario(patient;search-patient-based-on-patient-name-scenario)
--------------------------------------------------------------------------------
16:33:47.573 [main] DEBUG net.thucydides.core.steps.StepInterceptor - STARTING STEP: PatientSteps.iAmAtTheDashboardPage - openUrl
16:33:47.577 [main] INFO net.serenitybdd.core.webdriver.driverproviders.ChromeDriverProvider - Using automatically driver download
16:33:47.737 [AsyncHttpClient-1-1] DEBUG org.asynchttpclient.netty.channel.DefaultChannelPool - Entry count for : http://localhost:64127 : 1
16:33:47.737 [AsyncHttpClient-1-1] DEBUG org.asynchttpclient.netty.channel.DefaultChannelPool - Adding Candidate expired Channel [id: 0xd6403755, L:/127.0.0.1:50902 ! R:localhost/127.0.0.1:64127] isIdleTimeoutExpired=false isRemotelyClosed=true isTtlExpired=false
16:33:47.737 [AsyncHttpClient-1-1] DEBUG org.asynchttpclient.netty.channel.DefaultChannelPool - Closing Idle Channel [id: 0xd6403755, L:/127.0.0.1:50902 ! R:localhost/127.0.0.1:64127]
16:33:47.737 [AsyncHttpClient-1-1] DEBUG org.asynchttpclient.netty.channel.DefaultChannelPool - Closed 1 connections out of 1 in 0 ms
16:33:47.943 [main] DEBUG io.github.bonigarcia.wdm.cache.ResolutionCache - Resolution chrome=102 in cache (valid until 16:47:55 20/06/2022 ICT)
16:33:47.953 [main] DEBUG io.github.bonigarcia.wdm.cache.ResolutionCache - Resolution chrome102=102.0.5005.61 in cache (valid until 09:12:44 21/06/2022 ICT)
16:33:47.957 [main] INFO io.github.bonigarcia.wdm.WebDriverManager - Using chromedriver 102.0.5005.61 (resolved driver for Chrome 102)
16:33:48.393 [main] DEBUG io.github.bonigarcia.wdm.WebDriverManager - Driver chromedriver 102.0.5005.61 found in cache
16:33:48.394 [main] INFO io.github.bonigarcia.wdm.WebDriverManager - Exporting webdriver.chrome.driver as C:\Users\USER\.cache\selenium\chromedriver\win32\102.0.5005.61\chromedriver.exe
16:33:48.575 [main] DEBUG net.serenitybdd.core.webdriver.driverproviders.ProvideNewDriver - Instantiating driver
16:33:48.575 [main] DEBUG net.serenitybdd.core.webdriver.driverproviders.ProvideNewDriver - Driver capabilities: Capabilities {acceptInsecureCerts: false, base.url: https://hospital-management..., browserName: chrome, chrome.driver: src/test/resources/webdrive..., driver: chrome, goog:chromeOptions: {args: [], extensions: []}}
16:33:49.287 [AsyncHttpClient-1-8] DEBUG org.asynchttpclient.netty.channel.NettyConnectListener - Using new Channel '[id: 0xff090e47, L:/127.0.0.1:50936 - R:localhost/127.0.0.1:56762]' for 'POST' to '/session'
16:33:51.738 [AsyncHttpClient-1-8] DEBUG org.asynchttpclient.netty.handler.HttpHandler - 

Request DefaultHttpRequest(decodeResult: success, version: HTTP/1.1)
POST /session HTTP/1.1
User-Agent: selenium/4.1.2 (java windows)
Content-Length: 621
Content-Type: application/json; charset=utf-8
host: localhost:56762
accept: */*

Response DefaultHttpResponse(decodeResult: success, version: HTTP/1.1)
HTTP/1.1 200 OK
Content-Type: application/json; charset=utf-8
cache-control: no-cache
content-length: 789

16:33:51.739 [AsyncHttpClient-1-8] DEBUG org.asynchttpclient.netty.channel.ChannelManager - Adding key: http://localhost:56762 for channel [id: 0xff090e47, L:/127.0.0.1:50936 - R:localhost/127.0.0.1:56762]
16:33:51.749 [AsyncHttpClient-1-9] DEBUG org.asynchttpclient.netty.channel.NettyConnectListener - Using new Channel '[id: 0xe2d944c6, L:/127.0.0.1:50944 - R:localhost/127.0.0.1:50938]' for 'GET' to '/json/version'
16:33:51.750 [AsyncHttpClient-1-9] DEBUG org.asynchttpclient.netty.handler.HttpHandler - 

Request DefaultFullHttpRequest(decodeResult: success, version: HTTP/1.1, content: EmptyByteBufBE)
GET /json/version HTTP/1.1
User-Agent: selenium/4.1.2 (java windows)
host: localhost:50938
accept: */*

Response DefaultHttpResponse(decodeResult: success, version: HTTP/1.1)
HTTP/1.1 200 OK
Content-Type: application/json; charset=UTF-8
content-length: 427

16:33:51.751 [AsyncHttpClient-1-9] DEBUG org.asynchttpclient.netty.channel.ChannelManager - Adding key: http://localhost:50938 for channel [id: 0xe2d944c6, L:/127.0.0.1:50944 - R:localhost/127.0.0.1:50938]
16:33:51.754 [AsyncHttpClient-1-2] DEBUG org.asynchttpclient.netty.channel.NettyConnectListener - Using new Channel '[id: 0xc1711f8d, L:/127.0.0.1:50945 - R:localhost/127.0.0.1:50938]' for 'GET' to '/devtools/browser/fd36dbfe-085d-4958-a34f-94dc78764eeb'
16:33:51.756 [AsyncHttpClient-1-2] DEBUG org.asynchttpclient.netty.handler.WebSocketHandler - 

Request DefaultFullHttpRequest(decodeResult: success, version: HTTP/1.1, content: EmptyByteBufBE)
GET /devtools/browser/fd36dbfe-085d-4958-a34f-94dc78764eeb HTTP/1.1
upgrade: websocket
connection: upgrade
sec-websocket-key: JeRxFeaTcj1YFWdK0103Nw==
sec-websocket-version: 13
origin: http://localhost:50938
host: localhost:50938
accept: */*
user-agent: AHC/2.1

Response DefaultHttpResponse(decodeResult: success, version: HTTP/1.1)
HTTP/1.1 101 WebSocket Protocol Handshake
Upgrade: WebSocket
Connection: Upgrade
Sec-WebSocket-Accept: m9G2Asj4bemfaM87iytcgS9+4xo=

16:33:51.762 [Forwarding maximizeCurrentWindow on session 2afdcec3c866c45d41e3257ed81b2586 to remote] DEBUG org.asynchttpclient.netty.request.NettyRequestSender - Using pooled Channel '[id: 0xff090e47, L:/127.0.0.1:50936 - R:localhost/127.0.0.1:56762]' for 'POST' to 'http://localhost:56762/session/2afdcec3c866c45d41e3257ed81b2586/window/maximize'
16:33:51.763 [Forwarding maximizeCurrentWindow on session 2afdcec3c866c45d41e3257ed81b2586 to remote] DEBUG org.asynchttpclient.netty.request.NettyRequestSender - Using open Channel [id: 0xff090e47, L:/127.0.0.1:50936 - R:localhost/127.0.0.1:56762] for POST '/session/2afdcec3c866c45d41e3257ed81b2586/window/maximize'
16:33:51.950 [AsyncHttpClient-1-8] DEBUG org.asynchttpclient.netty.handler.HttpHandler - 

Request DefaultHttpRequest(decodeResult: success, version: HTTP/1.1)
POST /session/2afdcec3c866c45d41e3257ed81b2586/window/maximize HTTP/1.1
User-Agent: selenium/4.1.2 (java windows)
Content-Length: 3
Content-Type: application/json; charset=utf-8
host: localhost:56762
accept: */*

Response DefaultHttpResponse(decodeResult: success, version: HTTP/1.1)
HTTP/1.1 200 OK
Content-Type: application/json; charset=utf-8
cache-control: no-cache
content-length: 51

16:33:51.950 [AsyncHttpClient-1-8] DEBUG org.asynchttpclient.netty.channel.ChannelManager - Adding key: http://localhost:56762 for channel [id: 0xff090e47, L:/127.0.0.1:50936 - R:localhost/127.0.0.1:56762]
16:33:51.953 [Forwarding get on session 2afdcec3c866c45d41e3257ed81b2586 to remote] DEBUG org.asynchttpclient.netty.request.NettyRequestSender - Using pooled Channel '[id: 0xff090e47, L:/127.0.0.1:50936 - R:localhost/127.0.0.1:56762]' for 'POST' to 'http://localhost:56762/session/2afdcec3c866c45d41e3257ed81b2586/url'
16:33:51.954 [Forwarding get on session 2afdcec3c866c45d41e3257ed81b2586 to remote] DEBUG org.asynchttpclient.netty.request.NettyRequestSender - Using open Channel [id: 0xff090e47, L:/127.0.0.1:50936 - R:localhost/127.0.0.1:56762] for POST '/session/2afdcec3c866c45d41e3257ed81b2586/url'
16:33:52.138 [AsyncHttpClient-1-1] DEBUG org.asynchttpclient.netty.channel.DefaultChannelPool - Entry count for : http://localhost:50938 : 1
16:33:53.237 [AsyncHttpClient-1-1] DEBUG org.asynchttpclient.netty.channel.DefaultChannelPool - Entry count for : http://localhost:50938 : 1
16:33:54.372 [AsyncHttpClient-1-1] DEBUG org.asynchttpclient.netty.channel.DefaultChannelPool - Entry count for : http://localhost:50938 : 1
16:33:55.437 [AsyncHttpClient-1-1] DEBUG org.asynchttpclient.netty.channel.DefaultChannelPool - Entry count for : http://localhost:50938 : 1
16:33:56.537 [AsyncHttpClient-1-1] DEBUG org.asynchttpclient.netty.channel.DefaultChannelPool - Entry count for : http://localhost:50938 : 1
16:33:57.638 [AsyncHttpClient-1-1] DEBUG org.asynchttpclient.netty.channel.DefaultChannelPool - Entry count for : http://localhost:50938 : 1
16:33:58.738 [AsyncHttpClient-1-1] DEBUG org.asynchttpclient.netty.channel.DefaultChannelPool - Entry count for : http://localhost:50938 : 1
16:33:58.983 [AsyncHttpClient-1-8] DEBUG org.asynchttpclient.netty.handler.HttpHandler - 

Request DefaultHttpRequest(decodeResult: success, version: HTTP/1.1)
POST /session/2afdcec3c866c45d41e3257ed81b2586/url HTTP/1.1
User-Agent: selenium/4.1.2 (java windows)
Content-Length: 65
Content-Type: application/json; charset=utf-8
host: localhost:56762
accept: */*

Response DefaultHttpResponse(decodeResult: success, version: HTTP/1.1)
HTTP/1.1 200 OK
Content-Type: application/json; charset=utf-8
cache-control: no-cache
content-length: 14

16:33:58.983 [AsyncHttpClient-1-8] DEBUG org.asynchttpclient.netty.channel.ChannelManager - Adding key: http://localhost:56762 for channel [id: 0xff090e47, L:/127.0.0.1:50936 - R:localhost/127.0.0.1:56762]
16:33:58.985 [Forwarding setTimeout on session 2afdcec3c866c45d41e3257ed81b2586 to remote] DEBUG org.asynchttpclient.netty.request.NettyRequestSender - Using pooled Channel '[id: 0xff090e47, L:/127.0.0.1:50936 - R:localhost/127.0.0.1:56762]' for 'POST' to 'http://localhost:56762/session/2afdcec3c866c45d41e3257ed81b2586/timeouts'
16:33:58.985 [Forwarding setTimeout on session 2afdcec3c866c45d41e3257ed81b2586 to remote] DEBUG org.asynchttpclient.netty.request.NettyRequestSender - Using open Channel [id: 0xff090e47, L:/127.0.0.1:50936 - R:localhost/127.0.0.1:56762] for POST '/session/2afdcec3c866c45d41e3257ed81b2586/timeouts'
16:33:58.987 [AsyncHttpClient-1-8] DEBUG org.asynchttpclient.netty.handler.HttpHandler - 

Request DefaultHttpRequest(decodeResult: success, version: HTTP/1.1)
POST /session/2afdcec3c866c45d41e3257ed81b2586/timeouts HTTP/1.1
User-Agent: selenium/4.1.2 (java windows)
Content-Length: 22
Content-Type: application/json; charset=utf-8
host: localhost:56762
accept: */*

Response DefaultHttpResponse(decodeResult: success, version: HTTP/1.1)
HTTP/1.1 200 OK
Content-Type: application/json; charset=utf-8
cache-control: no-cache
content-length: 14

16:33:58.987 [AsyncHttpClient-1-8] DEBUG org.asynchttpclient.netty.channel.ChannelManager - Adding key: http://localhost:56762 for channel [id: 0xff090e47, L:/127.0.0.1:50936 - R:localhost/127.0.0.1:56762]
16:33:58.992 [Forwarding getCurrentUrl on session 2afdcec3c866c45d41e3257ed81b2586 to remote] DEBUG org.asynchttpclient.netty.request.NettyRequestSender - Using pooled Channel '[id: 0xff090e47, L:/127.0.0.1:50936 - R:localhost/127.0.0.1:56762]' for 'GET' to 'http://localhost:56762/session/2afdcec3c866c45d41e3257ed81b2586/url'
16:33:58.993 [Forwarding getCurrentUrl on session 2afdcec3c866c45d41e3257ed81b2586 to remote] DEBUG org.asynchttpclient.netty.request.NettyRequestSender - Using open Channel [id: 0xff090e47, L:/127.0.0.1:50936 - R:localhost/127.0.0.1:56762] for GET '/session/2afdcec3c866c45d41e3257ed81b2586/url'
16:33:59.188 [AsyncHttpClient-1-8] DEBUG org.asynchttpclient.netty.handler.HttpHandler - 

Request DefaultFullHttpRequest(decodeResult: success, version: HTTP/1.1, content: EmptyByteBufBE)
GET /session/2afdcec3c866c45d41e3257ed81b2586/url HTTP/1.1
User-Agent: selenium/4.1.2 (java windows)
Cache-Control: no-cache
Content-Type: application/json; charset=utf-8
host: localhost:56762
accept: */*

Response DefaultHttpResponse(decodeResult: success, version: HTTP/1.1)
HTTP/1.1 200 OK
Content-Type: application/json; charset=utf-8
cache-control: no-cache
content-length: 53

16:33:59.188 [AsyncHttpClient-1-8] DEBUG org.asynchttpclient.netty.channel.ChannelManager - Adding key: http://localhost:56762 for channel [id: 0xff090e47, L:/127.0.0.1:50936 - R:localhost/127.0.0.1:56762]
16:33:59.202 [Forwarding getCurrentUrl on session 2afdcec3c866c45d41e3257ed81b2586 to remote] DEBUG org.asynchttpclient.netty.request.NettyRequestSender - Using pooled Channel '[id: 0xff090e47, L:/127.0.0.1:50936 - R:localhost/127.0.0.1:56762]' for 'GET' to 'http://localhost:56762/session/2afdcec3c866c45d41e3257ed81b2586/url'
16:33:59.202 [Forwarding getCurrentUrl on session 2afdcec3c866c45d41e3257ed81b2586 to remote] DEBUG org.asynchttpclient.netty.request.NettyRequestSender - Using open Channel [id: 0xff090e47, L:/127.0.0.1:50936 - R:localhost/127.0.0.1:56762] for GET '/session/2afdcec3c866c45d41e3257ed81b2586/url'
16:33:59.207 [AsyncHttpClient-1-8] DEBUG org.asynchttpclient.netty.handler.HttpHandler - 

Request DefaultFullHttpRequest(decodeResult: success, version: HTTP/1.1, content: EmptyByteBufBE)
GET /session/2afdcec3c866c45d41e3257ed81b2586/url HTTP/1.1
User-Agent: selenium/4.1.2 (java windows)
Cache-Control: no-cache
Content-Type: application/json; charset=utf-8
host: localhost:56762
accept: */*

Response DefaultHttpResponse(decodeResult: success, version: HTTP/1.1)
HTTP/1.1 200 OK
Content-Type: application/json; charset=utf-8
cache-control: no-cache
content-length: 53

16:33:59.207 [AsyncHttpClient-1-8] DEBUG org.asynchttpclient.netty.channel.ChannelManager - Adding key: http://localhost:56762 for channel [id: 0xff090e47, L:/127.0.0.1:50936 - R:localhost/127.0.0.1:56762]
16:33:59.217 [Forwarding screenshot on session 2afdcec3c866c45d41e3257ed81b2586 to remote] DEBUG org.asynchttpclient.netty.request.NettyRequestSender - Using pooled Channel '[id: 0xff090e47, L:/127.0.0.1:50936 - R:localhost/127.0.0.1:56762]' for 'GET' to 'http://localhost:56762/session/2afdcec3c866c45d41e3257ed81b2586/screenshot'
16:33:59.217 [Forwarding screenshot on session 2afdcec3c866c45d41e3257ed81b2586 to remote] DEBUG org.asynchttpclient.netty.request.NettyRequestSender - Using open Channel [id: 0xff090e47, L:/127.0.0.1:50936 - R:localhost/127.0.0.1:56762] for GET '/session/2afdcec3c866c45d41e3257ed81b2586/screenshot'
16:33:59.639 [AsyncHttpClient-1-8] DEBUG org.asynchttpclient.netty.handler.HttpHandler - 

Request DefaultFullHttpRequest(decodeResult: success, version: HTTP/1.1, content: EmptyByteBufBE)
GET /session/2afdcec3c866c45d41e3257ed81b2586/screenshot HTTP/1.1
User-Agent: selenium/4.1.2 (java windows)
Cache-Control: no-cache
Content-Type: application/json; charset=utf-8
host: localhost:56762
accept: */*

Response DefaultHttpResponse(decodeResult: success, version: HTTP/1.1)
HTTP/1.1 200 OK
Content-Type: application/json; charset=utf-8
cache-control: no-cache
content-length: 355488

16:33:59.642 [AsyncHttpClient-1-8] DEBUG org.asynchttpclient.netty.channel.ChannelManager - Adding key: http://localhost:56762 for channel [id: 0xff090e47, L:/127.0.0.1:50936 - R:localhost/127.0.0.1:56762]
16:33:59.685 [main] DEBUG net.serenitybdd.core.photography.Darkroom - Send negative for processing for target\site\serenity\a10b50d14b154c59ce68b20a4dbf22a8de5c213cdb6f20cc7f2a508819dbff67.png
16:33:59.685 [main] DEBUG net.thucydides.core.steps.StepInterceptor - STEP DONE: openUrl
16:33:59.701 [main] DEBUG net.thucydides.core.steps.StepInterceptor - STARTING STEP: PatientSteps.iAmAtTheDashboardPage - validateOnDashboardPage
16:33:59.701 [Forwarding findElement on session 2afdcec3c866c45d41e3257ed81b2586 to remote] DEBUG org.asynchttpclient.netty.request.NettyRequestSender - Using pooled Channel '[id: 0xff090e47, L:/127.0.0.1:50936 - R:localhost/127.0.0.1:56762]' for 'POST' to 'http://localhost:56762/session/2afdcec3c866c45d41e3257ed81b2586/element'
16:33:59.701 [Forwarding findElement on session 2afdcec3c866c45d41e3257ed81b2586 to remote] DEBUG org.asynchttpclient.netty.request.NettyRequestSender - Using open Channel [id: 0xff090e47, L:/127.0.0.1:50936 - R:localhost/127.0.0.1:56762] for POST '/session/2afdcec3c866c45d41e3257ed81b2586/element'
16:33:59.784 [AsyncHttpClient-1-8] DEBUG org.asynchttpclient.netty.handler.HttpHandler - 

Request DefaultHttpRequest(decodeResult: success, version: HTTP/1.1)
POST /session/2afdcec3c866c45d41e3257ed81b2586/element HTTP/1.1
User-Agent: selenium/4.1.2 (java windows)
Content-Length: 81
Content-Type: application/json; charset=utf-8
host: localhost:56762
accept: */*

Response DefaultHttpResponse(decodeResult: success, version: HTTP/1.1)
HTTP/1.1 200 OK
Content-Type: application/json; charset=utf-8
cache-control: no-cache
content-length: 88

16:33:59.784 [AsyncHttpClient-1-8] DEBUG org.asynchttpclient.netty.channel.ChannelManager - Adding key: http://localhost:56762 for channel [id: 0xff090e47, L:/127.0.0.1:50936 - R:localhost/127.0.0.1:56762]
16:33:59.789 [Forwarding isElementDisplayed on session 2afdcec3c866c45d41e3257ed81b2586 to remote] DEBUG org.asynchttpclient.netty.request.NettyRequestSender - Using pooled Channel '[id: 0xff090e47, L:/127.0.0.1:50936 - R:localhost/127.0.0.1:56762]' for 'POST' to 'http://localhost:56762/session/2afdcec3c866c45d41e3257ed81b2586/execute/sync'
16:33:59.789 [Forwarding isElementDisplayed on session 2afdcec3c866c45d41e3257ed81b2586 to remote] DEBUG org.asynchttpclient.netty.request.NettyRequestSender - Using open Channel [id: 0xff090e47, L:/127.0.0.1:50936 - R:localhost/127.0.0.1:56762] for POST '/session/2afdcec3c866c45d41e3257ed81b2586/execute/sync'
16:33:59.826 [AsyncHttpClient-1-8] DEBUG org.asynchttpclient.netty.handler.HttpHandler - 

Request DefaultHttpRequest(decodeResult: success, version: HTTP/1.1)
POST /session/2afdcec3c866c45d41e3257ed81b2586/execute/sync HTTP/1.1
User-Agent: selenium/4.1.2 (java windows)
Content-Length: 48780
Content-Type: application/json; charset=utf-8
host: localhost:56762
accept: */*

Response DefaultHttpResponse(decodeResult: success, version: HTTP/1.1)
HTTP/1.1 200 OK
Content-Type: application/json; charset=utf-8
cache-control: no-cache
content-length: 14

16:33:59.826 [AsyncHttpClient-1-8] DEBUG org.asynchttpclient.netty.channel.ChannelManager - Adding key: http://localhost:56762 for channel [id: 0xff090e47, L:/127.0.0.1:50936 - R:localhost/127.0.0.1:56762]
16:33:59.836 [Forwarding screenshot on session 2afdcec3c866c45d41e3257ed81b2586 to remote] DEBUG org.asynchttpclient.netty.request.NettyRequestSender - Using pooled Channel '[id: 0xff090e47, L:/127.0.0.1:50936 - R:localhost/127.0.0.1:56762]' for 'GET' to 'http://localhost:56762/session/2afdcec3c866c45d41e3257ed81b2586/screenshot'
16:33:59.836 [Forwarding screenshot on session 2afdcec3c866c45d41e3257ed81b2586 to remote] DEBUG org.asynchttpclient.netty.request.NettyRequestSender - Using open Channel [id: 0xff090e47, L:/127.0.0.1:50936 - R:localhost/127.0.0.1:56762] for GET '/session/2afdcec3c866c45d41e3257ed81b2586/screenshot'
16:33:59.838 [AsyncHttpClient-1-1] DEBUG org.asynchttpclient.netty.channel.DefaultChannelPool - Entry count for : http://localhost:50938 : 1
16:34:00.187 [AsyncHttpClient-1-8] DEBUG org.asynchttpclient.netty.handler.HttpHandler - 

Request DefaultFullHttpRequest(decodeResult: success, version: HTTP/1.1, content: EmptyByteBufBE)
GET /session/2afdcec3c866c45d41e3257ed81b2586/screenshot HTTP/1.1
User-Agent: selenium/4.1.2 (java windows)
Cache-Control: no-cache
Content-Type: application/json; charset=utf-8
host: localhost:56762
accept: */*

Response DefaultHttpResponse(decodeResult: success, version: HTTP/1.1)
HTTP/1.1 200 OK
Content-Type: application/json; charset=utf-8
cache-control: no-cache
content-length: 382596

16:34:00.191 [AsyncHttpClient-1-8] DEBUG org.asynchttpclient.netty.channel.ChannelManager - Adding key: http://localhost:56762 for channel [id: 0xff090e47, L:/127.0.0.1:50936 - R:localhost/127.0.0.1:56762]
16:34:00.218 [main] DEBUG net.serenitybdd.core.photography.Darkroom - Send negative for processing for target\site\serenity\ed15a54c91c342d96a850276df7b559f4526b370fc93040e3c407a48a170f368.png
16:34:00.218 [main] DEBUG net.thucydides.core.steps.StepInterceptor - STEP DONE: validateOnDashboardPage
  &amp#27;[32mGiven &amp#27;[0m&amp#27;[32mI am at the dashboard page&amp#27;[0m                      &amp#27;[90m# starter.stepdefinitions.PatientSteps.iAmAtTheDashboardPage()&amp#27;[0m
16:34:00.271 [Forwarding screenshot on session 2afdcec3c866c45d41e3257ed81b2586 to remote] DEBUG org.asynchttpclient.netty.request.NettyRequestSender - Using pooled Channel '[id: 0xff090e47, L:/127.0.0.1:50936 - R:localhost/127.0.0.1:56762]' for 'GET' to 'http://localhost:56762/session/2afdcec3c866c45d41e3257ed81b2586/screenshot'
16:34:00.272 [Forwarding screenshot on session 2afdcec3c866c45d41e3257ed81b2586 to remote] DEBUG org.asynchttpclient.netty.request.NettyRequestSender - Using open Channel [id: 0xff090e47, L:/127.0.0.1:50936 - R:localhost/127.0.0.1:56762] for GET '/session/2afdcec3c866c45d41e3257ed81b2586/screenshot'
16:34:00.638 [AsyncHttpClient-1-8] DEBUG org.asynchttpclient.netty.handler.HttpHandler - 

Request DefaultFullHttpRequest(decodeResult: success, version: HTTP/1.1, content: EmptyByteBufBE)
GET /session/2afdcec3c866c45d41e3257ed81b2586/screenshot HTTP/1.1
User-Agent: selenium/4.1.2 (java windows)
Cache-Control: no-cache
Content-Type: application/json; charset=utf-8
host: localhost:56762
accept: */*

Response DefaultHttpResponse(decodeResult: success, version: HTTP/1.1)
HTTP/1.1 200 OK
Content-Type: application/json; charset=utf-8
cache-control: no-cache
content-length: 351816

16:34:00.640 [AsyncHttpClient-1-8] DEBUG org.asynchttpclient.netty.channel.ChannelManager - Adding key: http://localhost:56762 for channel [id: 0xff090e47, L:/127.0.0.1:50936 - R:localhost/127.0.0.1:56762]
16:34:00.662 [main] DEBUG net.serenitybdd.core.photography.Darkroom - Send negative for processing for target\site\serenity\20277f1d76f1b925628464fcd1ece5de77a814679d1be3fdcf836a7ddadfed60.png
16:34:00.663 [main] DEBUG net.thucydides.core.steps.StepInterceptor - STARTING STEP: PatientSteps.iClickMenuPatient - clickMenuPatientButton
16:34:00.665 [Forwarding findElement on session 2afdcec3c866c45d41e3257ed81b2586 to remote] DEBUG org.asynchttpclient.netty.request.NettyRequestSender - Using pooled Channel '[id: 0xff090e47, L:/127.0.0.1:50936 - R:localhost/127.0.0.1:56762]' for 'POST' to 'http://localhost:56762/session/2afdcec3c866c45d41e3257ed81b2586/element'
16:34:00.666 [Forwarding findElement on session 2afdcec3c866c45d41e3257ed81b2586 to remote] DEBUG org.asynchttpclient.netty.request.NettyRequestSender - Using open Channel [id: 0xff090e47, L:/127.0.0.1:50936 - R:localhost/127.0.0.1:56762] for POST '/session/2afdcec3c866c45d41e3257ed81b2586/element'
16:34:00.687 [AsyncHttpClient-1-8] DEBUG org.asynchttpclient.netty.handler.HttpHandler - 

Request DefaultHttpRequest(decodeResult: success, version: HTTP/1.1)
POST /session/2afdcec3c866c45d41e3257ed81b2586/element HTTP/1.1
User-Agent: selenium/4.1.2 (java windows)
Content-Length: 80
Content-Type: application/json; charset=utf-8
host: localhost:56762
accept: */*

Response DefaultHttpResponse(decodeResult: success, version: HTTP/1.1)
HTTP/1.1 200 OK
Content-Type: application/json; charset=utf-8
cache-control: no-cache
content-length: 88

16:34:00.687 [AsyncHttpClient-1-8] DEBUG org.asynchttpclient.netty.channel.ChannelManager - Adding key: http://localhost:56762 for channel [id: 0xff090e47, L:/127.0.0.1:50936 - R:localhost/127.0.0.1:56762]
16:34:00.688 [Forwarding getElementTagName on session 2afdcec3c866c45d41e3257ed81b2586 to remote] DEBUG org.asynchttpclient.netty.request.NettyRequestSender - Using pooled Channel '[id: 0xff090e47, L:/127.0.0.1:50936 - R:localhost/127.0.0.1:56762]' for 'GET' to 'http://localhost:56762/session/2afdcec3c866c45d41e3257ed81b2586/element/e909cb03-157c-4608-9750-03b909364b34/name'
16:34:00.689 [Forwarding getElementTagName on session 2afdcec3c866c45d41e3257ed81b2586 to remote] DEBUG org.asynchttpclient.netty.request.NettyRequestSender - Using open Channel [id: 0xff090e47, L:/127.0.0.1:50936 - R:localhost/127.0.0.1:56762] for GET '/session/2afdcec3c866c45d41e3257ed81b2586/element/e909cb03-157c-4608-9750-03b909364b34/name'
16:34:00.694 [AsyncHttpClient-1-8] DEBUG org.asynchttpclient.netty.handler.HttpHandler - 

Request DefaultFullHttpRequest(decodeResult: success, version: HTTP/1.1, content: EmptyByteBufBE)
GET /session/2afdcec3c866c45d41e3257ed81b2586/element/e909cb03-157c-4608-9750-03b909364b34/name HTTP/1.1
User-Agent: selenium/4.1.2 (java windows)
Cache-Control: no-cache
Content-Type: application/json; charset=utf-8
host: localhost:56762
accept: */*

Response DefaultHttpResponse(decodeResult: success, version: HTTP/1.1)
HTTP/1.1 200 OK
Content-Type: application/json; charset=utf-8
cache-control: no-cache
content-length: 15

16:34:00.694 [AsyncHttpClient-1-8] DEBUG org.asynchttpclient.netty.channel.ChannelManager - Adding key: http://localhost:56762 for channel [id: 0xff090e47, L:/127.0.0.1:50936 - R:localhost/127.0.0.1:56762]
16:34:00.695 [Forwarding getElementTagName on session 2afdcec3c866c45d41e3257ed81b2586 to remote] DEBUG org.asynchttpclient.netty.request.NettyRequestSender - Using pooled Channel '[id: 0xff090e47, L:/127.0.0.1:50936 - R:localhost/127.0.0.1:56762]' for 'GET' to 'http://localhost:56762/session/2afdcec3c866c45d41e3257ed81b2586/element/e909cb03-157c-4608-9750-03b909364b34/name'
16:34:00.695 [Forwarding getElementTagName on session 2afdcec3c866c45d41e3257ed81b2586 to remote] DEBUG org.asynchttpclient.netty.request.NettyRequestSender - Using open Channel [id: 0xff090e47, L:/127.0.0.1:50936 - R:localhost/127.0.0.1:56762] for GET '/session/2afdcec3c866c45d41e3257ed81b2586/element/e909cb03-157c-4608-9750-03b909364b34/name'
16:34:00.699 [AsyncHttpClient-1-8] DEBUG org.asynchttpclient.netty.handler.HttpHandler - 

Request DefaultFullHttpRequest(decodeResult: success, version: HTTP/1.1, content: EmptyByteBufBE)
GET /session/2afdcec3c866c45d41e3257ed81b2586/element/e909cb03-157c-4608-9750-03b909364b34/name HTTP/1.1
User-Agent: selenium/4.1.2 (java windows)
Cache-Control: no-cache
Content-Type: application/json; charset=utf-8
host: localhost:56762
accept: */*

Response DefaultHttpResponse(decodeResult: success, version: HTTP/1.1)
HTTP/1.1 200 OK
Content-Type: application/json; charset=utf-8
cache-control: no-cache
content-length: 15

16:34:00.699 [AsyncHttpClient-1-8] DEBUG org.asynchttpclient.netty.channel.ChannelManager - Adding key: http://localhost:56762 for channel [id: 0xff090e47, L:/127.0.0.1:50936 - R:localhost/127.0.0.1:56762]
16:34:00.702 [Forwarding findElement on session 2afdcec3c866c45d41e3257ed81b2586 to remote] DEBUG org.asynchttpclient.netty.request.NettyRequestSender - Using pooled Channel '[id: 0xff090e47, L:/127.0.0.1:50936 - R:localhost/127.0.0.1:56762]' for 'POST' to 'http://localhost:56762/session/2afdcec3c866c45d41e3257ed81b2586/element'
16:34:00.702 [Forwarding findElement on session 2afdcec3c866c45d41e3257ed81b2586 to remote] DEBUG org.asynchttpclient.netty.request.NettyRequestSender - Using open Channel [id: 0xff090e47, L:/127.0.0.1:50936 - R:localhost/127.0.0.1:56762] for POST '/session/2afdcec3c866c45d41e3257ed81b2586/element'
16:34:00.959 [AsyncHttpClient-1-1] DEBUG org.asynchttpclient.netty.channel.DefaultChannelPool - Entry count for : http://localhost:50938 : 1
16:34:00.982 [AsyncHttpClient-1-8] DEBUG org.asynchttpclient.netty.handler.HttpHandler - 

Request DefaultHttpRequest(decodeResult: success, version: HTTP/1.1)
POST /session/2afdcec3c866c45d41e3257ed81b2586/element HTTP/1.1
User-Agent: selenium/4.1.2 (java windows)
Content-Length: 80
Content-Type: application/json; charset=utf-8
host: localhost:56762
accept: */*

Response DefaultHttpResponse(decodeResult: success, version: HTTP/1.1)
HTTP/1.1 200 OK
Content-Type: application/json; charset=utf-8
cache-control: no-cache
content-length: 88

16:34:00.982 [AsyncHttpClient-1-8] DEBUG org.asynchttpclient.netty.channel.ChannelManager - Adding key: http://localhost:56762 for channel [id: 0xff090e47, L:/127.0.0.1:50936 - R:localhost/127.0.0.1:56762]
16:34:00.983 [Forwarding clickElement on session 2afdcec3c866c45d41e3257ed81b2586 to remote] DEBUG org.asynchttpclient.netty.request.NettyRequestSender - Using pooled Channel '[id: 0xff090e47, L:/127.0.0.1:50936 - R:localhost/127.0.0.1:56762]' for 'POST' to 'http://localhost:56762/session/2afdcec3c866c45d41e3257ed81b2586/element/e909cb03-157c-4608-9750-03b909364b34/click'
16:34:00.984 [Forwarding clickElement on session 2afdcec3c866c45d41e3257ed81b2586 to remote] DEBUG org.asynchttpclient.netty.request.NettyRequestSender - Using open Channel [id: 0xff090e47, L:/127.0.0.1:50936 - R:localhost/127.0.0.1:56762] for POST '/session/2afdcec3c866c45d41e3257ed81b2586/element/e909cb03-157c-4608-9750-03b909364b34/click'
16:34:01.169 [AsyncHttpClient-1-8] DEBUG org.asynchttpclient.netty.handler.HttpHandler - 

Request DefaultHttpRequest(decodeResult: success, version: HTTP/1.1)
POST /session/2afdcec3c866c45d41e3257ed81b2586/element/e909cb03-157c-4608-9750-03b909364b34/click HTTP/1.1
User-Agent: selenium/4.1.2 (java windows)
Content-Length: 50
Content-Type: application/json; charset=utf-8
host: localhost:56762
accept: */*

Response DefaultHttpResponse(decodeResult: success, version: HTTP/1.1)
HTTP/1.1 200 OK
Content-Type: application/json; charset=utf-8
cache-control: no-cache
content-length: 14

16:34:01.169 [AsyncHttpClient-1-8] DEBUG org.asynchttpclient.netty.channel.ChannelManager - Adding key: http://localhost:56762 for channel [id: 0xff090e47, L:/127.0.0.1:50936 - R:localhost/127.0.0.1:56762]
16:34:01.178 [Forwarding screenshot on session 2afdcec3c866c45d41e3257ed81b2586 to remote] DEBUG org.asynchttpclient.netty.request.NettyRequestSender - Using pooled Channel '[id: 0xff090e47, L:/127.0.0.1:50936 - R:localhost/127.0.0.1:56762]' for 'GET' to 'http://localhost:56762/session/2afdcec3c866c45d41e3257ed81b2586/screenshot'
16:34:01.178 [Forwarding screenshot on session 2afdcec3c866c45d41e3257ed81b2586 to remote] DEBUG org.asynchttpclient.netty.request.NettyRequestSender - Using open Channel [id: 0xff090e47, L:/127.0.0.1:50936 - R:localhost/127.0.0.1:56762] for GET '/session/2afdcec3c866c45d41e3257ed81b2586/screenshot'
16:34:01.298 [AsyncHttpClient-1-8] DEBUG org.asynchttpclient.netty.handler.HttpHandler - 

Request DefaultFullHttpRequest(decodeResult: success, version: HTTP/1.1, content: EmptyByteBufBE)
GET /session/2afdcec3c866c45d41e3257ed81b2586/screenshot HTTP/1.1
User-Agent: selenium/4.1.2 (java windows)
Cache-Control: no-cache
Content-Type: application/json; charset=utf-8
host: localhost:56762
accept: */*

Response DefaultHttpResponse(decodeResult: success, version: HTTP/1.1)
HTTP/1.1 200 OK
Content-Type: application/json; charset=utf-8
cache-control: no-cache
content-length: 55356

16:34:01.298 [AsyncHttpClient-1-8] DEBUG org.asynchttpclient.netty.channel.ChannelManager - Adding key: http://localhost:56762 for channel [id: 0xff090e47, L:/127.0.0.1:50936 - R:localhost/127.0.0.1:56762]
16:34:01.302 [main] DEBUG net.serenitybdd.core.photography.Darkroom - Send negative for processing for target\site\serenity\ba5e98368b8b80bc67dec291e300f29f857b0a624580ce977aa7580a9f0871db.png
16:34:01.303 [main] DEBUG net.thucydides.core.steps.StepInterceptor - STEP DONE: clickMenuPatientButton
  &amp#27;[32mAnd &amp#27;[0m&amp#27;[32mI click menu patient&amp#27;[0m                              &amp#27;[90m# starter.stepdefinitions.PatientSteps.iClickMenuPatient()&amp#27;[0m
16:34:01.325 [Forwarding findElement on session 2afdcec3c866c45d41e3257ed81b2586 to remote] DEBUG org.asynchttpclient.netty.request.NettyRequestSender - Using pooled Channel '[id: 0xff090e47, L:/127.0.0.1:50936 - R:localhost/127.0.0.1:56762]' for 'POST' to 'http://localhost:56762/session/2afdcec3c866c45d41e3257ed81b2586/element'
16:34:01.325 [Forwarding findElement on session 2afdcec3c866c45d41e3257ed81b2586 to remote] DEBUG org.asynchttpclient.netty.request.NettyRequestSender - Using open Channel [id: 0xff090e47, L:/127.0.0.1:50936 - R:localhost/127.0.0.1:56762] for POST '/session/2afdcec3c866c45d41e3257ed81b2586/element'
16:34:01.339 [AsyncHttpClient-1-8] DEBUG org.asynchttpclient.netty.handler.HttpHandler - 

Request DefaultHttpRequest(decodeResult: success, version: HTTP/1.1)
POST /session/2afdcec3c866c45d41e3257ed81b2586/element HTTP/1.1
User-Agent: selenium/4.1.2 (java windows)
Content-Length: 160
Content-Type: application/json; charset=utf-8
host: localhost:56762
accept: */*

Response DefaultHttpResponse(decodeResult: success, version: HTTP/1.1)
HTTP/1.1 200 OK
Content-Type: application/json; charset=utf-8
cache-control: no-cache
content-length: 88

16:34:01.339 [AsyncHttpClient-1-8] DEBUG org.asynchttpclient.netty.channel.ChannelManager - Adding key: http://localhost:56762 for channel [id: 0xff090e47, L:/127.0.0.1:50936 - R:localhost/127.0.0.1:56762]
16:34:01.340 [Forwarding clearElement on session 2afdcec3c866c45d41e3257ed81b2586 to remote] DEBUG org.asynchttpclient.netty.request.NettyRequestSender - Using pooled Channel '[id: 0xff090e47, L:/127.0.0.1:50936 - R:localhost/127.0.0.1:56762]' for 'POST' to 'http://localhost:56762/session/2afdcec3c866c45d41e3257ed81b2586/element/902e52b5-ae06-4132-beff-df356d57c521/clear'
16:34:01.340 [Forwarding clearElement on session 2afdcec3c866c45d41e3257ed81b2586 to remote] DEBUG org.asynchttpclient.netty.request.NettyRequestSender - Using open Channel [id: 0xff090e47, L:/127.0.0.1:50936 - R:localhost/127.0.0.1:56762] for POST '/session/2afdcec3c866c45d41e3257ed81b2586/element/902e52b5-ae06-4132-beff-df356d57c521/clear'
16:34:01.413 [AsyncHttpClient-1-8] DEBUG org.asynchttpclient.netty.handler.HttpHandler - 

Request DefaultHttpRequest(decodeResult: success, version: HTTP/1.1)
POST /session/2afdcec3c866c45d41e3257ed81b2586/element/902e52b5-ae06-4132-beff-df356d57c521/clear HTTP/1.1
User-Agent: selenium/4.1.2 (java windows)
Content-Length: 50
Content-Type: application/json; charset=utf-8
host: localhost:56762
accept: */*

Response DefaultHttpResponse(decodeResult: success, version: HTTP/1.1)
HTTP/1.1 200 OK
Content-Type: application/json; charset=utf-8
cache-control: no-cache
content-length: 14

16:34:01.413 [AsyncHttpClient-1-8] DEBUG org.asynchttpclient.netty.channel.ChannelManager - Adding key: http://localhost:56762 for channel [id: 0xff090e47, L:/127.0.0.1:50936 - R:localhost/127.0.0.1:56762]
16:34:01.415 [Forwarding sendKeysToElement on session 2afdcec3c866c45d41e3257ed81b2586 to remote] DEBUG org.asynchttpclient.netty.request.NettyRequestSender - Using pooled Channel '[id: 0xff090e47, L:/127.0.0.1:50936 - R:localhost/127.0.0.1:56762]' for 'POST' to 'http://localhost:56762/session/2afdcec3c866c45d41e3257ed81b2586/element/902e52b5-ae06-4132-beff-df356d57c521/value'
16:34:01.415 [Forwarding sendKeysToElement on session 2afdcec3c866c45d41e3257ed81b2586 to remote] DEBUG org.asynchttpclient.netty.request.NettyRequestSender - Using open Channel [id: 0xff090e47, L:/127.0.0.1:50936 - R:localhost/127.0.0.1:56762] for POST '/session/2afdcec3c866c45d41e3257ed81b2586/element/902e52b5-ae06-4132-beff-df356d57c521/value'
16:34:01.773 [AsyncHttpClient-1-8] DEBUG org.asynchttpclient.netty.handler.HttpHandler - 

Request DefaultHttpRequest(decodeResult: success, version: HTTP/1.1)
POST /session/2afdcec3c866c45d41e3257ed81b2586/element/902e52b5-ae06-4132-beff-df356d57c521/value HTTP/1.1
User-Agent: selenium/4.1.2 (java windows)
Content-Length: 211
Content-Type: application/json; charset=utf-8
host: localhost:56762
accept: */*

Response DefaultHttpResponse(decodeResult: success, version: HTTP/1.1)
HTTP/1.1 200 OK
Content-Type: application/json; charset=utf-8
cache-control: no-cache
content-length: 14

16:34:01.773 [AsyncHttpClient-1-8] DEBUG org.asynchttpclient.netty.channel.ChannelManager - Adding key: http://localhost:56762 for channel [id: 0xff090e47, L:/127.0.0.1:50936 - R:localhost/127.0.0.1:56762]
16:34:01.797 [Forwarding screenshot on session 2afdcec3c866c45d41e3257ed81b2586 to remote] DEBUG org.asynchttpclient.netty.request.NettyRequestSender - Using pooled Channel '[id: 0xff090e47, L:/127.0.0.1:50936 - R:localhost/127.0.0.1:56762]' for 'GET' to 'http://localhost:56762/session/2afdcec3c866c45d41e3257ed81b2586/screenshot'
16:34:01.797 [Forwarding screenshot on session 2afdcec3c866c45d41e3257ed81b2586 to remote] DEBUG org.asynchttpclient.netty.request.NettyRequestSender - Using open Channel [id: 0xff090e47, L:/127.0.0.1:50936 - R:localhost/127.0.0.1:56762] for GET '/session/2afdcec3c866c45d41e3257ed81b2586/screenshot'
16:34:01.893 [AsyncHttpClient-1-8] DEBUG org.asynchttpclient.netty.handler.HttpHandler - 

Request DefaultFullHttpRequest(decodeResult: success, version: HTTP/1.1, content: EmptyByteBufBE)
GET /session/2afdcec3c866c45d41e3257ed81b2586/screenshot HTTP/1.1
User-Agent: selenium/4.1.2 (java windows)
Cache-Control: no-cache
Content-Type: application/json; charset=utf-8
host: localhost:56762
accept: */*

Response DefaultHttpResponse(decodeResult: success, version: HTTP/1.1)
HTTP/1.1 200 OK
Content-Type: application/json; charset=utf-8
cache-control: no-cache
content-length: 55812

16:34:01.893 [AsyncHttpClient-1-8] DEBUG org.asynchttpclient.netty.channel.ChannelManager - Adding key: http://localhost:56762 for channel [id: 0xff090e47, L:/127.0.0.1:50936 - R:localhost/127.0.0.1:56762]
16:34:01.897 [main] DEBUG net.serenitybdd.core.photography.Darkroom - Send negative for processing for target\site\serenity\f1a369ad36c95baec2b29ad8f46d90bbfdb1ac9c1edd9718ca52ef9bfe9365bc.png
16:34:01.897 [main] DEBUG net.thucydides.core.steps.StepInterceptor - STARTING STEP: PatientSteps.iInputPatientNameAndClickSearch - clickSearchButton
16:34:01.897 [Darkroom Processing Line] DEBUG net.serenitybdd.core.photography.DarkroomProcessingLine - Processing screenshot image in /var/screenshots/screenshot-1149695490219771238
16:34:01.897 [Darkroom Processing Line] DEBUG net.serenitybdd.core.photography.DarkroomProcessingLine - Saving screenshot to target\site\serenity\f1a369ad36c95baec2b29ad8f46d90bbfdb1ac9c1edd9718ca52ef9bfe9365bc.png
16:34:01.901 [Forwarding findElement on session 2afdcec3c866c45d41e3257ed81b2586 to remote] DEBUG org.asynchttpclient.netty.request.NettyRequestSender - Using pooled Channel '[id: 0xff090e47, L:/127.0.0.1:50936 - R:localhost/127.0.0.1:56762]' for 'POST' to 'http://localhost:56762/session/2afdcec3c866c45d41e3257ed81b2586/element'
16:34:01.901 [Forwarding findElement on session 2afdcec3c866c45d41e3257ed81b2586 to remote] DEBUG org.asynchttpclient.netty.request.NettyRequestSender - Using open Channel [id: 0xff090e47, L:/127.0.0.1:50936 - R:localhost/127.0.0.1:56762] for POST '/session/2afdcec3c866c45d41e3257ed81b2586/element'
16:34:01.917 [AsyncHttpClient-1-8] DEBUG org.asynchttpclient.netty.handler.HttpHandler - 

Request DefaultHttpRequest(decodeResult: success, version: HTTP/1.1)
POST /session/2afdcec3c866c45d41e3257ed81b2586/element HTTP/1.1
User-Agent: selenium/4.1.2 (java windows)
Content-Length: 161
Content-Type: application/json; charset=utf-8
host: localhost:56762
accept: */*

Response DefaultHttpResponse(decodeResult: success, version: HTTP/1.1)
HTTP/1.1 200 OK
Content-Type: application/json; charset=utf-8
cache-control: no-cache
content-length: 88

16:34:01.917 [AsyncHttpClient-1-8] DEBUG org.asynchttpclient.netty.channel.ChannelManager - Adding key: http://localhost:56762 for channel [id: 0xff090e47, L:/127.0.0.1:50936 - R:localhost/127.0.0.1:56762]
16:34:01.918 [Forwarding getElementTagName on session 2afdcec3c866c45d41e3257ed81b2586 to remote] DEBUG org.asynchttpclient.netty.request.NettyRequestSender - Using pooled Channel '[id: 0xff090e47, L:/127.0.0.1:50936 - R:localhost/127.0.0.1:56762]' for 'GET' to 'http://localhost:56762/session/2afdcec3c866c45d41e3257ed81b2586/element/eba6523b-f4f5-4869-9a4a-9aeeb9119051/name'
16:34:01.918 [Forwarding getElementTagName on session 2afdcec3c866c45d41e3257ed81b2586 to remote] DEBUG org.asynchttpclient.netty.request.NettyRequestSender - Using open Channel [id: 0xff090e47, L:/127.0.0.1:50936 - R:localhost/127.0.0.1:56762] for GET '/session/2afdcec3c866c45d41e3257ed81b2586/element/eba6523b-f4f5-4869-9a4a-9aeeb9119051/name'
16:34:01.923 [AsyncHttpClient-1-8] DEBUG org.asynchttpclient.netty.handler.HttpHandler - 

Request DefaultFullHttpRequest(decodeResult: success, version: HTTP/1.1, content: EmptyByteBufBE)
GET /session/2afdcec3c866c45d41e3257ed81b2586/element/eba6523b-f4f5-4869-9a4a-9aeeb9119051/name HTTP/1.1
User-Agent: selenium/4.1.2 (java windows)
Cache-Control: no-cache
Content-Type: application/json; charset=utf-8
host: localhost:56762
accept: */*

Response DefaultHttpResponse(decodeResult: success, version: HTTP/1.1)
HTTP/1.1 200 OK
Content-Type: application/json; charset=utf-8
cache-control: no-cache
content-length: 18

16:34:01.923 [AsyncHttpClient-1-8] DEBUG org.asynchttpclient.netty.channel.ChannelManager - Adding key: http://localhost:56762 for channel [id: 0xff090e47, L:/127.0.0.1:50936 - R:localhost/127.0.0.1:56762]
16:34:01.925 [Forwarding getElementTagName on session 2afdcec3c866c45d41e3257ed81b2586 to remote] DEBUG org.asynchttpclient.netty.request.NettyRequestSender - Using pooled Channel '[id: 0xff090e47, L:/127.0.0.1:50936 - R:localhost/127.0.0.1:56762]' for 'GET' to 'http://localhost:56762/session/2afdcec3c866c45d41e3257ed81b2586/element/eba6523b-f4f5-4869-9a4a-9aeeb9119051/name'
16:34:01.925 [Forwarding getElementTagName on session 2afdcec3c866c45d41e3257ed81b2586 to remote] DEBUG org.asynchttpclient.netty.request.NettyRequestSender - Using open Channel [id: 0xff090e47, L:/127.0.0.1:50936 - R:localhost/127.0.0.1:56762] for GET '/session/2afdcec3c866c45d41e3257ed81b2586/element/eba6523b-f4f5-4869-9a4a-9aeeb9119051/name'
16:34:01.929 [AsyncHttpClient-1-8] DEBUG org.asynchttpclient.netty.handler.HttpHandler - 

Request DefaultFullHttpRequest(decodeResult: success, version: HTTP/1.1, content: EmptyByteBufBE)
GET /session/2afdcec3c866c45d41e3257ed81b2586/element/eba6523b-f4f5-4869-9a4a-9aeeb9119051/name HTTP/1.1
User-Agent: selenium/4.1.2 (java windows)
Cache-Control: no-cache
Content-Type: application/json; charset=utf-8
host: localhost:56762
accept: */*

Response DefaultHttpResponse(decodeResult: success, version: HTTP/1.1)
HTTP/1.1 200 OK
Content-Type: application/json; charset=utf-8
cache-control: no-cache
content-length: 18

16:34:01.929 [AsyncHttpClient-1-8] DEBUG org.asynchttpclient.netty.channel.ChannelManager - Adding key: http://localhost:56762 for channel [id: 0xff090e47, L:/127.0.0.1:50936 - R:localhost/127.0.0.1:56762]
16:34:01.931 [Forwarding isElementEnabled on session 2afdcec3c866c45d41e3257ed81b2586 to remote] DEBUG org.asynchttpclient.netty.request.NettyRequestSender - Using pooled Channel '[id: 0xff090e47, L:/127.0.0.1:50936 - R:localhost/127.0.0.1:56762]' for 'GET' to 'http://localhost:56762/session/2afdcec3c866c45d41e3257ed81b2586/element/eba6523b-f4f5-4869-9a4a-9aeeb9119051/enabled'
16:34:01.931 [Forwarding isElementEnabled on session 2afdcec3c866c45d41e3257ed81b2586 to remote] DEBUG org.asynchttpclient.netty.request.NettyRequestSender - Using open Channel [id: 0xff090e47, L:/127.0.0.1:50936 - R:localhost/127.0.0.1:56762] for GET '/session/2afdcec3c866c45d41e3257ed81b2586/element/eba6523b-f4f5-4869-9a4a-9aeeb9119051/enabled'
16:34:01.941 [AsyncHttpClient-1-8] DEBUG org.asynchttpclient.netty.handler.HttpHandler - 

Request DefaultFullHttpRequest(decodeResult: success, version: HTTP/1.1, content: EmptyByteBufBE)
GET /session/2afdcec3c866c45d41e3257ed81b2586/element/eba6523b-f4f5-4869-9a4a-9aeeb9119051/enabled HTTP/1.1
User-Agent: selenium/4.1.2 (java windows)
Cache-Control: no-cache
Content-Type: application/json; charset=utf-8
host: localhost:56762
accept: */*

Response DefaultHttpResponse(decodeResult: success, version: HTTP/1.1)
HTTP/1.1 200 OK
Content-Type: application/json; charset=utf-8
cache-control: no-cache
content-length: 14

16:34:01.941 [AsyncHttpClient-1-8] DEBUG org.asynchttpclient.netty.channel.ChannelManager - Adding key: http://localhost:56762 for channel [id: 0xff090e47, L:/127.0.0.1:50936 - R:localhost/127.0.0.1:56762]
16:34:01.943 [Forwarding isElementEnabled on session 2afdcec3c866c45d41e3257ed81b2586 to remote] DEBUG org.asynchttpclient.netty.request.NettyRequestSender - Using pooled Channel '[id: 0xff090e47, L:/127.0.0.1:50936 - R:localhost/127.0.0.1:56762]' for 'GET' to 'http://localhost:56762/session/2afdcec3c866c45d41e3257ed81b2586/element/eba6523b-f4f5-4869-9a4a-9aeeb9119051/enabled'
16:34:01.943 [Forwarding isElementEnabled on session 2afdcec3c866c45d41e3257ed81b2586 to remote] DEBUG org.asynchttpclient.netty.request.NettyRequestSender - Using open Channel [id: 0xff090e47, L:/127.0.0.1:50936 - R:localhost/127.0.0.1:56762] for GET '/session/2afdcec3c866c45d41e3257ed81b2586/element/eba6523b-f4f5-4869-9a4a-9aeeb9119051/enabled'
16:34:01.956 [AsyncHttpClient-1-8] DEBUG org.asynchttpclient.netty.handler.HttpHandler - 

Request DefaultFullHttpRequest(decodeResult: success, version: HTTP/1.1, content: EmptyByteBufBE)
GET /session/2afdcec3c866c45d41e3257ed81b2586/element/eba6523b-f4f5-4869-9a4a-9aeeb9119051/enabled HTTP/1.1
User-Agent: selenium/4.1.2 (java windows)
Cache-Control: no-cache
Content-Type: application/json; charset=utf-8
host: localhost:56762
accept: */*

Response DefaultHttpResponse(decodeResult: success, version: HTTP/1.1)
HTTP/1.1 200 OK
Content-Type: application/json; charset=utf-8
cache-control: no-cache
content-length: 14

16:34:01.957 [AsyncHttpClient-1-8] DEBUG org.asynchttpclient.netty.channel.ChannelManager - Adding key: http://localhost:56762 for channel [id: 0xff090e47, L:/127.0.0.1:50936 - R:localhost/127.0.0.1:56762]
16:34:01.959 [Forwarding findElement on session 2afdcec3c866c45d41e3257ed81b2586 to remote] DEBUG org.asynchttpclient.netty.request.NettyRequestSender - Using pooled Channel '[id: 0xff090e47, L:/127.0.0.1:50936 - R:localhost/127.0.0.1:56762]' for 'POST' to 'http://localhost:56762/session/2afdcec3c866c45d41e3257ed81b2586/element'
16:34:01.959 [Forwarding findElement on session 2afdcec3c866c45d41e3257ed81b2586 to remote] DEBUG org.asynchttpclient.netty.request.NettyRequestSender - Using open Channel [id: 0xff090e47, L:/127.0.0.1:50936 - R:localhost/127.0.0.1:56762] for POST '/session/2afdcec3c866c45d41e3257ed81b2586/element'
16:34:01.968 [AsyncHttpClient-1-8] DEBUG org.asynchttpclient.netty.handler.HttpHandler - 

Request DefaultHttpRequest(decodeResult: success, version: HTTP/1.1)
POST /session/2afdcec3c866c45d41e3257ed81b2586/element HTTP/1.1
User-Agent: selenium/4.1.2 (java windows)
Content-Length: 161
Content-Type: application/json; charset=utf-8
host: localhost:56762
accept: */*

Response DefaultHttpResponse(decodeResult: success, version: HTTP/1.1)
HTTP/1.1 200 OK
Content-Type: application/json; charset=utf-8
cache-control: no-cache
content-length: 88

16:34:01.968 [AsyncHttpClient-1-8] DEBUG org.asynchttpclient.netty.channel.ChannelManager - Adding key: http://localhost:56762 for channel [id: 0xff090e47, L:/127.0.0.1:50936 - R:localhost/127.0.0.1:56762]
16:34:01.969 [Forwarding clickElement on session 2afdcec3c866c45d41e3257ed81b2586 to remote] DEBUG org.asynchttpclient.netty.request.NettyRequestSender - Using pooled Channel '[id: 0xff090e47, L:/127.0.0.1:50936 - R:localhost/127.0.0.1:56762]' for 'POST' to 'http://localhost:56762/session/2afdcec3c866c45d41e3257ed81b2586/element/eba6523b-f4f5-4869-9a4a-9aeeb9119051/click'
16:34:01.969 [Forwarding clickElement on session 2afdcec3c866c45d41e3257ed81b2586 to remote] DEBUG org.asynchttpclient.netty.request.NettyRequestSender - Using open Channel [id: 0xff090e47, L:/127.0.0.1:50936 - R:localhost/127.0.0.1:56762] for POST '/session/2afdcec3c866c45d41e3257ed81b2586/element/eba6523b-f4f5-4869-9a4a-9aeeb9119051/click'
16:34:02.043 [AsyncHttpClient-1-1] DEBUG org.asynchttpclient.netty.channel.DefaultChannelPool - Entry count for : http://localhost:50938 : 1
16:34:02.044 [AsyncHttpClient-1-8] DEBUG org.asynchttpclient.netty.handler.HttpHandler - 

Request DefaultHttpRequest(decodeResult: success, version: HTTP/1.1)
POST /session/2afdcec3c866c45d41e3257ed81b2586/element/eba6523b-f4f5-4869-9a4a-9aeeb9119051/click HTTP/1.1
User-Agent: selenium/4.1.2 (java windows)
Content-Length: 50
Content-Type: application/json; charset=utf-8
host: localhost:56762
accept: */*

Response DefaultHttpResponse(decodeResult: success, version: HTTP/1.1)
HTTP/1.1 200 OK
Content-Type: application/json; charset=utf-8
cache-control: no-cache
content-length: 14

16:34:02.044 [AsyncHttpClient-1-8] DEBUG org.asynchttpclient.netty.channel.ChannelManager - Adding key: http://localhost:56762 for channel [id: 0xff090e47, L:/127.0.0.1:50936 - R:localhost/127.0.0.1:56762]
16:34:02.058 [Forwarding screenshot on session 2afdcec3c866c45d41e3257ed81b2586 to remote] DEBUG org.asynchttpclient.netty.request.NettyRequestSender - Using pooled Channel '[id: 0xff090e47, L:/127.0.0.1:50936 - R:localhost/127.0.0.1:56762]' for 'GET' to 'http://localhost:56762/session/2afdcec3c866c45d41e3257ed81b2586/screenshot'
16:34:02.058 [Forwarding screenshot on session 2afdcec3c866c45d41e3257ed81b2586 to remote] DEBUG org.asynchttpclient.netty.request.NettyRequestSender - Using open Channel [id: 0xff090e47, L:/127.0.0.1:50936 - R:localhost/127.0.0.1:56762] for GET '/session/2afdcec3c866c45d41e3257ed81b2586/screenshot'
16:34:02.163 [AsyncHttpClient-1-8] DEBUG org.asynchttpclient.netty.handler.HttpHandler - 

Request DefaultFullHttpRequest(decodeResult: success, version: HTTP/1.1, content: EmptyByteBufBE)
GET /session/2afdcec3c866c45d41e3257ed81b2586/screenshot HTTP/1.1
User-Agent: selenium/4.1.2 (java windows)
Cache-Control: no-cache
Content-Type: application/json; charset=utf-8
host: localhost:56762
accept: */*

Response DefaultHttpResponse(decodeResult: success, version: HTTP/1.1)
HTTP/1.1 200 OK
Content-Type: application/json; charset=utf-8
cache-control: no-cache
content-length: 68148

16:34:02.163 [AsyncHttpClient-1-8] DEBUG org.asynchttpclient.netty.channel.ChannelManager - Adding key: http://localhost:56762 for channel [id: 0xff090e47, L:/127.0.0.1:50936 - R:localhost/127.0.0.1:56762]
16:34:02.166 [main] DEBUG net.serenitybdd.core.photography.Darkroom - Send negative for processing for target\site\serenity\09c05047885ef405c3b5d82a9f93187d7f6d386f73cedbff99728bbd2f5d6325.png
16:34:02.167 [main] DEBUG net.thucydides.core.steps.StepInterceptor - STEP DONE: clickSearchButton
  &amp#27;[32mWhen &amp#27;[0m&amp#27;[32mI input patient name and click search&amp#27;[0m            &amp#27;[90m# starter.stepdefinitions.PatientSteps.iInputPatientNameAndClickSearch()&amp#27;[0m
16:34:02.167 [Darkroom Processing Line] DEBUG net.serenitybdd.core.photography.DarkroomProcessingLine - Processing screenshot image in /var/screenshots/screenshot-16636279757322007688
16:34:02.167 [Darkroom Processing Line] DEBUG net.serenitybdd.core.photography.DarkroomProcessingLine - Saving screenshot to target\site\serenity\09c05047885ef405c3b5d82a9f93187d7f6d386f73cedbff99728bbd2f5d6325.png
16:34:02.179 [Forwarding findElement on session 2afdcec3c866c45d41e3257ed81b2586 to remote] DEBUG org.asynchttpclient.netty.request.NettyRequestSender - Using pooled Channel '[id: 0xff090e47, L:/127.0.0.1:50936 - R:localhost/127.0.0.1:56762]' for 'POST' to 'http://localhost:56762/session/2afdcec3c866c45d41e3257ed81b2586/element'
16:34:02.179 [Forwarding findElement on session 2afdcec3c866c45d41e3257ed81b2586 to remote] DEBUG org.asynchttpclient.netty.request.NettyRequestSender - Using open Channel [id: 0xff090e47, L:/127.0.0.1:50936 - R:localhost/127.0.0.1:56762] for POST '/session/2afdcec3c866c45d41e3257ed81b2586/element'
16:34:02.285 [AsyncHttpClient-1-8] DEBUG org.asynchttpclient.netty.handler.HttpHandler - 

Request DefaultHttpRequest(decodeResult: success, version: HTTP/1.1)
POST /session/2afdcec3c866c45d41e3257ed81b2586/element HTTP/1.1
User-Agent: selenium/4.1.2 (java windows)
Content-Length: 85
Content-Type: application/json; charset=utf-8
host: localhost:56762
accept: */*

Response DefaultHttpResponse(decodeResult: success, version: HTTP/1.1)
HTTP/1.1 200 OK
Content-Type: application/json; charset=utf-8
cache-control: no-cache
content-length: 88

16:34:02.285 [AsyncHttpClient-1-8] DEBUG org.asynchttpclient.netty.channel.ChannelManager - Adding key: http://localhost:56762 for channel [id: 0xff090e47, L:/127.0.0.1:50936 - R:localhost/127.0.0.1:56762]
16:34:02.289 [Forwarding isElementDisplayed on session 2afdcec3c866c45d41e3257ed81b2586 to remote] DEBUG org.asynchttpclient.netty.request.NettyRequestSender - Using pooled Channel '[id: 0xff090e47, L:/127.0.0.1:50936 - R:localhost/127.0.0.1:56762]' for 'POST' to 'http://localhost:56762/session/2afdcec3c866c45d41e3257ed81b2586/execute/sync'
16:34:02.289 [Forwarding isElementDisplayed on session 2afdcec3c866c45d41e3257ed81b2586 to remote] DEBUG org.asynchttpclient.netty.request.NettyRequestSender - Using open Channel [id: 0xff090e47, L:/127.0.0.1:50936 - R:localhost/127.0.0.1:56762] for POST '/session/2afdcec3c866c45d41e3257ed81b2586/execute/sync'
16:34:02.309 [AsyncHttpClient-1-8] DEBUG org.asynchttpclient.netty.handler.HttpHandler - 

Request DefaultHttpRequest(decodeResult: success, version: HTTP/1.1)
POST /session/2afdcec3c866c45d41e3257ed81b2586/execute/sync HTTP/1.1
User-Agent: selenium/4.1.2 (java windows)
Content-Length: 48780
Content-Type: application/json; charset=utf-8
host: localhost:56762
accept: */*

Response DefaultHttpResponse(decodeResult: success, version: HTTP/1.1)
HTTP/1.1 200 OK
Content-Type: application/json; charset=utf-8
cache-control: no-cache
content-length: 14

16:34:02.309 [AsyncHttpClient-1-8] DEBUG org.asynchttpclient.netty.channel.ChannelManager - Adding key: http://localhost:56762 for channel [id: 0xff090e47, L:/127.0.0.1:50936 - R:localhost/127.0.0.1:56762]
  &amp#27;[32mThen &amp#27;[0m&amp#27;[32mI validate search by patient name&amp#27;[0m                &amp#27;[90m# starter.stepdefinitions.PatientSteps.iValidateSearchByPatientName()&amp#27;[0m
16:34:02.314 [Forwarding screenshot on session 2afdcec3c866c45d41e3257ed81b2586 to remote] DEBUG org.asynchttpclient.netty.request.NettyRequestSender - Using pooled Channel '[id: 0xff090e47, L:/127.0.0.1:50936 - R:localhost/127.0.0.1:56762]' for 'GET' to 'http://localhost:56762/session/2afdcec3c866c45d41e3257ed81b2586/screenshot'
16:34:02.314 [Forwarding screenshot on session 2afdcec3c866c45d41e3257ed81b2586 to remote] DEBUG org.asynchttpclient.netty.request.NettyRequestSender - Using open Channel [id: 0xff090e47, L:/127.0.0.1:50936 - R:localhost/127.0.0.1:56762] for GET '/session/2afdcec3c866c45d41e3257ed81b2586/screenshot'
16:34:02.428 [AsyncHttpClient-1-8] DEBUG org.asynchttpclient.netty.handler.HttpHandler - 

Request DefaultFullHttpRequest(decodeResult: success, version: HTTP/1.1, content: EmptyByteBufBE)
GET /session/2afdcec3c866c45d41e3257ed81b2586/screenshot HTTP/1.1
User-Agent: selenium/4.1.2 (java windows)
Cache-Control: no-cache
Content-Type: application/json; charset=utf-8
host: localhost:56762
accept: */*

Response DefaultHttpResponse(decodeResult: success, version: HTTP/1.1)
HTTP/1.1 200 OK
Content-Type: application/json; charset=utf-8
cache-control: no-cache
content-length: 85020

16:34:02.429 [AsyncHttpClient-1-8] DEBUG org.asynchttpclient.netty.channel.ChannelManager - Adding key: http://localhost:56762 for channel [id: 0xff090e47, L:/127.0.0.1:50936 - R:localhost/127.0.0.1:56762]
16:34:02.433 [main] DEBUG net.serenitybdd.core.photography.Darkroom - Send negative for processing for target\site\serenity\7f1a3b8afec57ae0d427ccae05d293d29c352e1309396c8c4cc0643b74e32d56.png
16:34:02.433 [Darkroom Processing Line] DEBUG net.serenitybdd.core.photography.DarkroomProcessingLine - Processing screenshot image in /var/screenshots/screenshot-11084799711566713108
16:34:02.433 [Darkroom Processing Line] DEBUG net.serenitybdd.core.photography.DarkroomProcessingLine - Saving screenshot to target\site\serenity\7f1a3b8afec57ae0d427ccae05d293d29c352e1309396c8c4cc0643b74e32d56.png
16:34:02.434 [main] INFO  - 
  _____   ___   ___   _____     ___     _     ___   ___   ___   ___  
 |_   _| | __| / __| |_   _|   | _ \   /_\   / __| / __| | __| |   \ 
   | |   | _|  \__ \   | |     |  _/  / _ \  \__ \ \__ \ | _|  | |) |
   |_|   |___| |___/   |_|     |_|   /_/ \_\ |___/ |___/ |___| |___/ 

Search Patient Based on Patient Name Scenario
----------------------------------------------------------------------
16:34:02.436 [AsyncHttpClient-1-2] DEBUG org.asynchttpclient.netty.handler.WebSocketHandler - Channel Closed: [id: 0xc1711f8d, L:/127.0.0.1:50945 ! R:localhost/127.0.0.1:50938] with attribute NettyResponseFuture{currentRetry=5,
	isDone=1,
	isCancelled=0,
	asyncHandler=org.asynchttpclient.ws.WebSocketUpgradeHandler@690afdc0,
	nettyRequest=org.asynchttpclient.netty.request.NettyRequest@5d3e64ea,
	future=java.util.concurrent.CompletableFuture@48b1b548[Completed normally],
	uri=ws://localhost:50938/devtools/browser/fd36dbfe-085d-4958-a34f-94dc78764eeb,
	keepAlive=true,
	redirectCount=0,
	timeoutsHolder=null,
	inAuth=0,
	touch=1655717631756}
16:34:02.436 [AsyncHttpClient-1-2] DEBUG org.asynchttpclient.netty.channel.ChannelManager - Closing Channel [id: 0xc1711f8d, L:/127.0.0.1:50945 ! R:localhost/127.0.0.1:50938] 
16:34:02.436 [Driver Command Executor] DEBUG org.asynchttpclient.netty.request.NettyRequestSender - Using pooled Channel '[id: 0xff090e47, L:/127.0.0.1:50936 - R:localhost/127.0.0.1:56762]' for 'DELETE' to 'http://localhost:56762/session/2afdcec3c866c45d41e3257ed81b2586'
16:34:02.436 [Driver Command Executor] DEBUG org.asynchttpclient.netty.request.NettyRequestSender - Using open Channel [id: 0xff090e47, L:/127.0.0.1:50936 - R:localhost/127.0.0.1:56762] for DELETE '/session/2afdcec3c866c45d41e3257ed81b2586'
16:34:02.472 [AsyncHttpClient-1-9] DEBUG org.asynchttpclient.netty.handler.HttpHandler - Unexpected I/O exception on channel [id: 0xe2d944c6, L:/127.0.0.1:50944 - R:localhost/127.0.0.1:50938]
java.net.SocketException: Connection reset
	at java.base/sun.nio.ch.SocketChannelImpl.throwConnectionReset(SocketChannelImpl.java:367)
	at java.base/sun.nio.ch.SocketChannelImpl.read(SocketChannelImpl.java:398)
	at io.netty.buffer.PooledByteBuf.setBytes(PooledByteBuf.java:258)
	at io.netty.buffer.AbstractByteBuf.writeBytes(AbstractByteBuf.java:1132)
	at io.netty.channel.socket.nio.NioSocketChannel.doReadBytes(NioSocketChannel.java:350)
	at io.netty.channel.nio.AbstractNioByteChannel$NioByteUnsafe.read(AbstractNioByteChannel.java:151)
	at io.netty.channel.nio.NioEventLoop.processSelectedKey(NioEventLoop.java:722)
	at io.netty.channel.nio.NioEventLoop.processSelectedKeysOptimized(NioEventLoop.java:658)
	at io.netty.channel.nio.NioEventLoop.processSelectedKeys(NioEventLoop.java:584)
	at io.netty.channel.nio.NioEventLoop.run(NioEventLoop.java:496)
	at io.netty.util.concurrent.SingleThreadEventExecutor$4.run(SingleThreadEventExecutor.java:986)
	at io.netty.util.internal.ThreadExecutorMap$2.run(ThreadExecutorMap.java:74)
	at io.netty.util.concurrent.FastThreadLocalRunnable.run(FastThreadLocalRunnable.java:30)
	at java.base/java.lang.Thread.run(Thread.java:832)
16:34:02.472 [AsyncHttpClient-1-9] DEBUG org.asynchttpclient.netty.channel.ChannelManager - Closing Channel [id: 0xe2d944c6, L:/127.0.0.1:50944 - R:localhost/127.0.0.1:50938] 
16:34:02.472 [AsyncHttpClient-1-9] DEBUG org.asynchttpclient.netty.handler.HttpHandler - Channel Closed: [id: 0xe2d944c6, L:/127.0.0.1:50944 ! R:localhost/127.0.0.1:50938] with attribute DISCARD
16:34:02.513 [AsyncHttpClient-1-8] DEBUG org.asynchttpclient.netty.handler.HttpHandler - 

Request DefaultFullHttpRequest(decodeResult: success, version: HTTP/1.1, content: EmptyByteBufBE)
DELETE /session/2afdcec3c866c45d41e3257ed81b2586 HTTP/1.1
User-Agent: selenium/4.1.2 (java windows)
Content-Type: application/json; charset=utf-8
host: localhost:56762
accept: */*

Response DefaultHttpResponse(decodeResult: success, version: HTTP/1.1)
HTTP/1.1 200 OK
Content-Type: application/json; charset=utf-8
cache-control: no-cache
content-length: 14

16:34:02.513 [AsyncHttpClient-1-8] DEBUG org.asynchttpclient.netty.channel.ChannelManager - Adding key: http://localhost:56762 for channel [id: 0xff090e47, L:/127.0.0.1:50936 - R:localhost/127.0.0.1:56762]
16:34:02.639 [AsyncHttpClient-1-8] DEBUG org.asynchttpclient.netty.handler.HttpHandler - Channel Closed: [id: 0xff090e47, L:/127.0.0.1:50936 ! R:localhost/127.0.0.1:56762] with attribute DISCARD
16:34:03.137 [AsyncHttpClient-1-1] DEBUG org.asynchttpclient.netty.channel.DefaultChannelPool - Entry count for : http://localhost:56762 : 1
16:34:03.137 [AsyncHttpClient-1-1] DEBUG org.asynchttpclient.netty.channel.DefaultChannelPool - Entry count for : http://localhost:50938 : 1
16:34:03.137 [AsyncHttpClient-1-1] DEBUG org.asynchttpclient.netty.channel.DefaultChannelPool - Adding Candidate expired Channel [id: 0xff090e47, L:/127.0.0.1:50936 ! R:localhost/127.0.0.1:56762] isIdleTimeoutExpired=false isRemotelyClosed=true isTtlExpired=false
16:34:03.137 [AsyncHttpClient-1-1] DEBUG org.asynchttpclient.netty.channel.DefaultChannelPool - Closing Idle Channel [id: 0xff090e47, L:/127.0.0.1:50936 ! R:localhost/127.0.0.1:56762]
16:34:03.137 [AsyncHttpClient-1-1] DEBUG org.asynchttpclient.netty.channel.DefaultChannelPool - Adding Candidate expired Channel [id: 0xe2d944c6, L:/127.0.0.1:50944 ! R:localhost/127.0.0.1:50938] isIdleTimeoutExpired=false isRemotelyClosed=true isTtlExpired=false
16:34:03.137 [AsyncHttpClient-1-1] DEBUG org.asynchttpclient.netty.channel.DefaultChannelPool - Closing Idle Channel [id: 0xe2d944c6, L:/127.0.0.1:50944 ! R:localhost/127.0.0.1:50938]
16:34:03.137 [AsyncHttpClient-1-1] DEBUG org.asynchttpclient.netty.channel.DefaultChannelPool - Closed 2 connections out of 2 in 0 ms
]]></system-out>
    <system-err><![CDATA[Starting ChromeDriver 102.0.5005.61 (0e59bcc00cc4985ce39ad31c150065f159d95ad3-refs/branch-heads/5005@{#819}) on port 56762
Only local connections are allowed.
Please see https://chromedriver.chromium.org/security-considerations for suggestions on keeping ChromeDriver safe.
ChromeDriver was started successfully.
Jun 20, 2022 4:33:51 PM org.openqa.selenium.remote.ProtocolHandshake createSession
INFO: Detected dialect: W3C
Jun 20, 2022 4:33:51 PM org.openqa.selenium.devtools.CdpVersionFinder findNearestMatch
WARNING: Unable to find an exact match for CDP version 102, so returning the closest version found: a no-op implementation
Jun 20, 2022 4:33:51 PM org.openqa.selenium.devtools.CdpVersionFinder findNearestMatch
INFO: Unable to find CDP implementation matching 102.
Jun 20, 2022 4:33:51 PM org.openqa.selenium.chromium.ChromiumDriver lambda$new$3
WARNING: Unable to find version of CDP to use for . You may need to include a dependency on a specific version of the CDP using something similar to `org.seleniumhq.selenium:selenium-devtools-v86:4.1.2` where the version ("v86") matches the version of the chromium-based browser you're using and the version number of the artifact is the same as Selenium's.
]]></system-err>
  </testcase>
  <testcase name="Search Patient Based on Patient Date of Birth Scenario" classname="Patient" time="9.911">
    <system-out><![CDATA[
@Patient
Scenario: Search Patient Based on Patient Date of Birth Scenario &amp#27;[90m# src/test/resources/features/2.Patient.feature:60&amp#27;[0m
16:34:03.186 [main] INFO io.cucumber.core.plugin.SerenityReporter - Running feature from file:///E:/My%20Documents/File%20Difa/TI%20Semester%206%20Kampus%20Merdeka%20Alterra/Tugas/CAPSTONE%20Project/Capstone-Project-Website/src/test/resources/features/2.Patient.feature
16:34:03.187 [main] INFO  - 
  _____   ___   ___   _____     ___   _____     _     ___   _____   ___   ___  
 |_   _| | __| / __| |_   _|   / __| |_   _|   /_\   | _ \ |_   _| | __| |   \ 
   | |   | _|  \__ \   | |     \__ \   | |    / _ \  |   /   | |   | _|  | |) |
   |_|   |___| |___/   |_|     |___/   |_|   /_/ \_\ |_|_\   |_|   |___| |___/ 

Search Patient Based on Patient Date of Birth Scenario(patient;search-patient-based-on-patient-date-of-birth-scenario)
--------------------------------------------------------------------------------
16:34:03.212 [main] DEBUG net.thucydides.core.steps.StepInterceptor - STARTING STEP: PatientSteps.iAmAtTheDashboardPage - openUrl
16:34:03.223 [main] INFO net.serenitybdd.core.webdriver.driverproviders.ChromeDriverProvider - Using automatically driver download
16:34:03.370 [main] DEBUG io.github.bonigarcia.wdm.cache.ResolutionCache - Resolution chrome=102 in cache (valid until 16:47:55 20/06/2022 ICT)
16:34:03.373 [main] DEBUG io.github.bonigarcia.wdm.cache.ResolutionCache - Resolution chrome102=102.0.5005.61 in cache (valid until 09:12:44 21/06/2022 ICT)
16:34:03.375 [main] INFO io.github.bonigarcia.wdm.WebDriverManager - Using chromedriver 102.0.5005.61 (resolved driver for Chrome 102)
16:34:03.384 [main] DEBUG io.github.bonigarcia.wdm.WebDriverManager - Driver chromedriver 102.0.5005.61 found in cache
16:34:03.384 [main] INFO io.github.bonigarcia.wdm.WebDriverManager - Exporting webdriver.chrome.driver as C:\Users\USER\.cache\selenium\chromedriver\win32\102.0.5005.61\chromedriver.exe
16:34:03.538 [main] DEBUG net.serenitybdd.core.webdriver.driverproviders.ProvideNewDriver - Instantiating driver
16:34:03.538 [main] DEBUG net.serenitybdd.core.webdriver.driverproviders.ProvideNewDriver - Driver capabilities: Capabilities {acceptInsecureCerts: false, base.url: https://hospital-management..., browserName: chrome, chrome.driver: src/test/resources/webdrive..., driver: chrome, goog:chromeOptions: {args: [], extensions: []}}
16:34:04.080 [AsyncHttpClient-1-3] DEBUG org.asynchttpclient.netty.channel.NettyConnectListener - Using new Channel '[id: 0xc6c8446b, L:/127.0.0.1:50971 - R:localhost/127.0.0.1:54749]' for 'POST' to '/session'
16:34:04.725 [AsyncHttpClient-1-3] DEBUG org.asynchttpclient.netty.handler.HttpHandler - 

Request DefaultHttpRequest(decodeResult: success, version: HTTP/1.1)
POST /session HTTP/1.1
User-Agent: selenium/4.1.2 (java windows)
Content-Length: 621
Content-Type: application/json; charset=utf-8
host: localhost:54749
accept: */*

Response DefaultHttpResponse(decodeResult: success, version: HTTP/1.1)
HTTP/1.1 200 OK
Content-Type: application/json; charset=utf-8
cache-control: no-cache
content-length: 788

16:34:04.725 [AsyncHttpClient-1-3] DEBUG org.asynchttpclient.netty.channel.ChannelManager - Adding key: http://localhost:54749 for channel [id: 0xc6c8446b, L:/127.0.0.1:50971 - R:localhost/127.0.0.1:54749]
16:34:04.738 [AsyncHttpClient-1-4] DEBUG org.asynchttpclient.netty.channel.NettyConnectListener - Using new Channel '[id: 0xad682dac, L:/127.0.0.1:50977 - R:localhost/127.0.0.1:50972]' for 'GET' to '/json/version'
16:34:04.738 [AsyncHttpClient-1-4] DEBUG org.asynchttpclient.netty.handler.HttpHandler - 

Request DefaultFullHttpRequest(decodeResult: success, version: HTTP/1.1, content: EmptyByteBufBE)
GET /json/version HTTP/1.1
User-Agent: selenium/4.1.2 (java windows)
host: localhost:50972
accept: */*

Response DefaultHttpResponse(decodeResult: success, version: HTTP/1.1)
HTTP/1.1 200 OK
Content-Type: application/json; charset=UTF-8
content-length: 427

16:34:04.739 [AsyncHttpClient-1-4] DEBUG org.asynchttpclient.netty.channel.ChannelManager - Adding key: http://localhost:50972 for channel [id: 0xad682dac, L:/127.0.0.1:50977 - R:localhost/127.0.0.1:50972]
16:34:04.740 [AsyncHttpClient-1-5] DEBUG org.asynchttpclient.netty.channel.NettyConnectListener - Using new Channel '[id: 0xcf71ee1c, L:/127.0.0.1:50978 - R:localhost/127.0.0.1:50972]' for 'GET' to '/devtools/browser/6ce06591-ae83-4f6e-b54d-2a760375dacd'
16:34:04.741 [AsyncHttpClient-1-5] DEBUG org.asynchttpclient.netty.handler.WebSocketHandler - 

Request DefaultFullHttpRequest(decodeResult: success, version: HTTP/1.1, content: EmptyByteBufBE)
GET /devtools/browser/6ce06591-ae83-4f6e-b54d-2a760375dacd HTTP/1.1
upgrade: websocket
connection: upgrade
sec-websocket-key: UQ/tFadbpY4JJ7YeELr7nA==
sec-websocket-version: 13
origin: http://localhost:50972
host: localhost:50972
accept: */*
user-agent: AHC/2.1

Response DefaultHttpResponse(decodeResult: success, version: HTTP/1.1)
HTTP/1.1 101 WebSocket Protocol Handshake
Upgrade: WebSocket
Connection: Upgrade
Sec-WebSocket-Accept: MjfTT32iCDGUKslF1XYlyT6jo3k=

16:34:04.744 [Forwarding maximizeCurrentWindow on session facee35ad27ebcef4d00b7d26304df93 to remote] DEBUG org.asynchttpclient.netty.request.NettyRequestSender - Using pooled Channel '[id: 0xc6c8446b, L:/127.0.0.1:50971 - R:localhost/127.0.0.1:54749]' for 'POST' to 'http://localhost:54749/session/facee35ad27ebcef4d00b7d26304df93/window/maximize'
16:34:04.744 [Forwarding maximizeCurrentWindow on session facee35ad27ebcef4d00b7d26304df93 to remote] DEBUG org.asynchttpclient.netty.request.NettyRequestSender - Using open Channel [id: 0xc6c8446b, L:/127.0.0.1:50971 - R:localhost/127.0.0.1:54749] for POST '/session/facee35ad27ebcef4d00b7d26304df93/window/maximize'
16:34:04.872 [AsyncHttpClient-1-3] DEBUG org.asynchttpclient.netty.handler.HttpHandler - 

Request DefaultHttpRequest(decodeResult: success, version: HTTP/1.1)
POST /session/facee35ad27ebcef4d00b7d26304df93/window/maximize HTTP/1.1
User-Agent: selenium/4.1.2 (java windows)
Content-Length: 3
Content-Type: application/json; charset=utf-8
host: localhost:54749
accept: */*

Response DefaultHttpResponse(decodeResult: success, version: HTTP/1.1)
HTTP/1.1 200 OK
Content-Type: application/json; charset=utf-8
cache-control: no-cache
content-length: 51

16:34:04.872 [AsyncHttpClient-1-3] DEBUG org.asynchttpclient.netty.channel.ChannelManager - Adding key: http://localhost:54749 for channel [id: 0xc6c8446b, L:/127.0.0.1:50971 - R:localhost/127.0.0.1:54749]
16:34:04.873 [Forwarding get on session facee35ad27ebcef4d00b7d26304df93 to remote] DEBUG org.asynchttpclient.netty.request.NettyRequestSender - Using pooled Channel '[id: 0xc6c8446b, L:/127.0.0.1:50971 - R:localhost/127.0.0.1:54749]' for 'POST' to 'http://localhost:54749/session/facee35ad27ebcef4d00b7d26304df93/url'
16:34:04.873 [Forwarding get on session facee35ad27ebcef4d00b7d26304df93 to remote] DEBUG org.asynchttpclient.netty.request.NettyRequestSender - Using open Channel [id: 0xc6c8446b, L:/127.0.0.1:50971 - R:localhost/127.0.0.1:54749] for POST '/session/facee35ad27ebcef4d00b7d26304df93/url'
16:34:05.337 [AsyncHttpClient-1-1] DEBUG org.asynchttpclient.netty.channel.DefaultChannelPool - Entry count for : http://localhost:50972 : 1
16:34:06.438 [AsyncHttpClient-1-1] DEBUG org.asynchttpclient.netty.channel.DefaultChannelPool - Entry count for : http://localhost:50972 : 1
16:34:07.623 [AsyncHttpClient-1-1] DEBUG org.asynchttpclient.netty.channel.DefaultChannelPool - Entry count for : http://localhost:50972 : 1
16:34:08.638 [AsyncHttpClient-1-1] DEBUG org.asynchttpclient.netty.channel.DefaultChannelPool - Entry count for : http://localhost:50972 : 1
16:34:09.072 [AsyncHttpClient-1-3] DEBUG org.asynchttpclient.netty.handler.HttpHandler - 

Request DefaultHttpRequest(decodeResult: success, version: HTTP/1.1)
POST /session/facee35ad27ebcef4d00b7d26304df93/url HTTP/1.1
User-Agent: selenium/4.1.2 (java windows)
Content-Length: 65
Content-Type: application/json; charset=utf-8
host: localhost:54749
accept: */*

Response DefaultHttpResponse(decodeResult: success, version: HTTP/1.1)
HTTP/1.1 200 OK
Content-Type: application/json; charset=utf-8
cache-control: no-cache
content-length: 14

16:34:09.072 [AsyncHttpClient-1-3] DEBUG org.asynchttpclient.netty.channel.ChannelManager - Adding key: http://localhost:54749 for channel [id: 0xc6c8446b, L:/127.0.0.1:50971 - R:localhost/127.0.0.1:54749]
16:34:09.074 [Forwarding setTimeout on session facee35ad27ebcef4d00b7d26304df93 to remote] DEBUG org.asynchttpclient.netty.request.NettyRequestSender - Using pooled Channel '[id: 0xc6c8446b, L:/127.0.0.1:50971 - R:localhost/127.0.0.1:54749]' for 'POST' to 'http://localhost:54749/session/facee35ad27ebcef4d00b7d26304df93/timeouts'
16:34:09.074 [Forwarding setTimeout on session facee35ad27ebcef4d00b7d26304df93 to remote] DEBUG org.asynchttpclient.netty.request.NettyRequestSender - Using open Channel [id: 0xc6c8446b, L:/127.0.0.1:50971 - R:localhost/127.0.0.1:54749] for POST '/session/facee35ad27ebcef4d00b7d26304df93/timeouts'
16:34:09.075 [AsyncHttpClient-1-3] DEBUG org.asynchttpclient.netty.handler.HttpHandler - 

Request DefaultHttpRequest(decodeResult: success, version: HTTP/1.1)
POST /session/facee35ad27ebcef4d00b7d26304df93/timeouts HTTP/1.1
User-Agent: selenium/4.1.2 (java windows)
Content-Length: 22
Content-Type: application/json; charset=utf-8
host: localhost:54749
accept: */*

Response DefaultHttpResponse(decodeResult: success, version: HTTP/1.1)
HTTP/1.1 200 OK
Content-Type: application/json; charset=utf-8
cache-control: no-cache
content-length: 14

16:34:09.075 [AsyncHttpClient-1-3] DEBUG org.asynchttpclient.netty.channel.ChannelManager - Adding key: http://localhost:54749 for channel [id: 0xc6c8446b, L:/127.0.0.1:50971 - R:localhost/127.0.0.1:54749]
16:34:09.080 [Forwarding getCurrentUrl on session facee35ad27ebcef4d00b7d26304df93 to remote] DEBUG org.asynchttpclient.netty.request.NettyRequestSender - Using pooled Channel '[id: 0xc6c8446b, L:/127.0.0.1:50971 - R:localhost/127.0.0.1:54749]' for 'GET' to 'http://localhost:54749/session/facee35ad27ebcef4d00b7d26304df93/url'
16:34:09.080 [Forwarding getCurrentUrl on session facee35ad27ebcef4d00b7d26304df93 to remote] DEBUG org.asynchttpclient.netty.request.NettyRequestSender - Using open Channel [id: 0xc6c8446b, L:/127.0.0.1:50971 - R:localhost/127.0.0.1:54749] for GET '/session/facee35ad27ebcef4d00b7d26304df93/url'
16:34:09.091 [AsyncHttpClient-1-3] DEBUG org.asynchttpclient.netty.handler.HttpHandler - 

Request DefaultFullHttpRequest(decodeResult: success, version: HTTP/1.1, content: EmptyByteBufBE)
GET /session/facee35ad27ebcef4d00b7d26304df93/url HTTP/1.1
User-Agent: selenium/4.1.2 (java windows)
Cache-Control: no-cache
Content-Type: application/json; charset=utf-8
host: localhost:54749
accept: */*

Response DefaultHttpResponse(decodeResult: success, version: HTTP/1.1)
HTTP/1.1 200 OK
Content-Type: application/json; charset=utf-8
cache-control: no-cache
content-length: 53

16:34:09.091 [AsyncHttpClient-1-3] DEBUG org.asynchttpclient.netty.channel.ChannelManager - Adding key: http://localhost:54749 for channel [id: 0xc6c8446b, L:/127.0.0.1:50971 - R:localhost/127.0.0.1:54749]
16:34:09.099 [Forwarding getCurrentUrl on session facee35ad27ebcef4d00b7d26304df93 to remote] DEBUG org.asynchttpclient.netty.request.NettyRequestSender - Using pooled Channel '[id: 0xc6c8446b, L:/127.0.0.1:50971 - R:localhost/127.0.0.1:54749]' for 'GET' to 'http://localhost:54749/session/facee35ad27ebcef4d00b7d26304df93/url'
16:34:09.099 [Forwarding getCurrentUrl on session facee35ad27ebcef4d00b7d26304df93 to remote] DEBUG org.asynchttpclient.netty.request.NettyRequestSender - Using open Channel [id: 0xc6c8446b, L:/127.0.0.1:50971 - R:localhost/127.0.0.1:54749] for GET '/session/facee35ad27ebcef4d00b7d26304df93/url'
16:34:09.104 [AsyncHttpClient-1-3] DEBUG org.asynchttpclient.netty.handler.HttpHandler - 

Request DefaultFullHttpRequest(decodeResult: success, version: HTTP/1.1, content: EmptyByteBufBE)
GET /session/facee35ad27ebcef4d00b7d26304df93/url HTTP/1.1
User-Agent: selenium/4.1.2 (java windows)
Cache-Control: no-cache
Content-Type: application/json; charset=utf-8
host: localhost:54749
accept: */*

Response DefaultHttpResponse(decodeResult: success, version: HTTP/1.1)
HTTP/1.1 200 OK
Content-Type: application/json; charset=utf-8
cache-control: no-cache
content-length: 53

16:34:09.104 [AsyncHttpClient-1-3] DEBUG org.asynchttpclient.netty.channel.ChannelManager - Adding key: http://localhost:54749 for channel [id: 0xc6c8446b, L:/127.0.0.1:50971 - R:localhost/127.0.0.1:54749]
16:34:09.114 [Forwarding screenshot on session facee35ad27ebcef4d00b7d26304df93 to remote] DEBUG org.asynchttpclient.netty.request.NettyRequestSender - Using pooled Channel '[id: 0xc6c8446b, L:/127.0.0.1:50971 - R:localhost/127.0.0.1:54749]' for 'GET' to 'http://localhost:54749/session/facee35ad27ebcef4d00b7d26304df93/screenshot'
16:34:09.114 [Forwarding screenshot on session facee35ad27ebcef4d00b7d26304df93 to remote] DEBUG org.asynchttpclient.netty.request.NettyRequestSender - Using open Channel [id: 0xc6c8446b, L:/127.0.0.1:50971 - R:localhost/127.0.0.1:54749] for GET '/session/facee35ad27ebcef4d00b7d26304df93/screenshot'
16:34:09.524 [AsyncHttpClient-1-3] DEBUG org.asynchttpclient.netty.handler.HttpHandler - 

Request DefaultFullHttpRequest(decodeResult: success, version: HTTP/1.1, content: EmptyByteBufBE)
GET /session/facee35ad27ebcef4d00b7d26304df93/screenshot HTTP/1.1
User-Agent: selenium/4.1.2 (java windows)
Cache-Control: no-cache
Content-Type: application/json; charset=utf-8
host: localhost:54749
accept: */*

Response DefaultHttpResponse(decodeResult: success, version: HTTP/1.1)
HTTP/1.1 200 OK
Content-Type: application/json; charset=utf-8
cache-control: no-cache
content-length: 382596

16:34:09.527 [AsyncHttpClient-1-3] DEBUG org.asynchttpclient.netty.channel.ChannelManager - Adding key: http://localhost:54749 for channel [id: 0xc6c8446b, L:/127.0.0.1:50971 - R:localhost/127.0.0.1:54749]
16:34:09.554 [main] DEBUG net.serenitybdd.core.photography.Darkroom - Send negative for processing for target\site\serenity\ed15a54c91c342d96a850276df7b559f4526b370fc93040e3c407a48a170f368.png
16:34:09.554 [main] DEBUG net.thucydides.core.steps.StepInterceptor - STEP DONE: openUrl
16:34:09.566 [main] DEBUG net.thucydides.core.steps.StepInterceptor - STARTING STEP: PatientSteps.iAmAtTheDashboardPage - validateOnDashboardPage
16:34:09.569 [Forwarding findElement on session facee35ad27ebcef4d00b7d26304df93 to remote] DEBUG org.asynchttpclient.netty.request.NettyRequestSender - Using pooled Channel '[id: 0xc6c8446b, L:/127.0.0.1:50971 - R:localhost/127.0.0.1:54749]' for 'POST' to 'http://localhost:54749/session/facee35ad27ebcef4d00b7d26304df93/element'
16:34:09.569 [Forwarding findElement on session facee35ad27ebcef4d00b7d26304df93 to remote] DEBUG org.asynchttpclient.netty.request.NettyRequestSender - Using open Channel [id: 0xc6c8446b, L:/127.0.0.1:50971 - R:localhost/127.0.0.1:54749] for POST '/session/facee35ad27ebcef4d00b7d26304df93/element'
16:34:09.625 [AsyncHttpClient-1-3] DEBUG org.asynchttpclient.netty.handler.HttpHandler - 

Request DefaultHttpRequest(decodeResult: success, version: HTTP/1.1)
POST /session/facee35ad27ebcef4d00b7d26304df93/element HTTP/1.1
User-Agent: selenium/4.1.2 (java windows)
Content-Length: 81
Content-Type: application/json; charset=utf-8
host: localhost:54749
accept: */*

Response DefaultHttpResponse(decodeResult: success, version: HTTP/1.1)
HTTP/1.1 200 OK
Content-Type: application/json; charset=utf-8
cache-control: no-cache
content-length: 88

16:34:09.625 [AsyncHttpClient-1-3] DEBUG org.asynchttpclient.netty.channel.ChannelManager - Adding key: http://localhost:54749 for channel [id: 0xc6c8446b, L:/127.0.0.1:50971 - R:localhost/127.0.0.1:54749]
16:34:09.630 [Forwarding isElementDisplayed on session facee35ad27ebcef4d00b7d26304df93 to remote] DEBUG org.asynchttpclient.netty.request.NettyRequestSender - Using pooled Channel '[id: 0xc6c8446b, L:/127.0.0.1:50971 - R:localhost/127.0.0.1:54749]' for 'POST' to 'http://localhost:54749/session/facee35ad27ebcef4d00b7d26304df93/execute/sync'
16:34:09.630 [Forwarding isElementDisplayed on session facee35ad27ebcef4d00b7d26304df93 to remote] DEBUG org.asynchttpclient.netty.request.NettyRequestSender - Using open Channel [id: 0xc6c8446b, L:/127.0.0.1:50971 - R:localhost/127.0.0.1:54749] for POST '/session/facee35ad27ebcef4d00b7d26304df93/execute/sync'
16:34:09.657 [AsyncHttpClient-1-3] DEBUG org.asynchttpclient.netty.handler.HttpHandler - 

Request DefaultHttpRequest(decodeResult: success, version: HTTP/1.1)
POST /session/facee35ad27ebcef4d00b7d26304df93/execute/sync HTTP/1.1
User-Agent: selenium/4.1.2 (java windows)
Content-Length: 48780
Content-Type: application/json; charset=utf-8
host: localhost:54749
accept: */*

Response DefaultHttpResponse(decodeResult: success, version: HTTP/1.1)
HTTP/1.1 200 OK
Content-Type: application/json; charset=utf-8
cache-control: no-cache
content-length: 14

16:34:09.658 [AsyncHttpClient-1-3] DEBUG org.asynchttpclient.netty.channel.ChannelManager - Adding key: http://localhost:54749 for channel [id: 0xc6c8446b, L:/127.0.0.1:50971 - R:localhost/127.0.0.1:54749]
16:34:09.666 [Forwarding screenshot on session facee35ad27ebcef4d00b7d26304df93 to remote] DEBUG org.asynchttpclient.netty.request.NettyRequestSender - Using pooled Channel '[id: 0xc6c8446b, L:/127.0.0.1:50971 - R:localhost/127.0.0.1:54749]' for 'GET' to 'http://localhost:54749/session/facee35ad27ebcef4d00b7d26304df93/screenshot'
16:34:09.666 [Forwarding screenshot on session facee35ad27ebcef4d00b7d26304df93 to remote] DEBUG org.asynchttpclient.netty.request.NettyRequestSender - Using open Channel [id: 0xc6c8446b, L:/127.0.0.1:50971 - R:localhost/127.0.0.1:54749] for GET '/session/facee35ad27ebcef4d00b7d26304df93/screenshot'
16:34:09.737 [AsyncHttpClient-1-1] DEBUG org.asynchttpclient.netty.channel.DefaultChannelPool - Entry count for : http://localhost:50972 : 1
16:34:09.992 [AsyncHttpClient-1-3] DEBUG org.asynchttpclient.netty.handler.HttpHandler - 

Request DefaultFullHttpRequest(decodeResult: success, version: HTTP/1.1, content: EmptyByteBufBE)
GET /session/facee35ad27ebcef4d00b7d26304df93/screenshot HTTP/1.1
User-Agent: selenium/4.1.2 (java windows)
Cache-Control: no-cache
Content-Type: application/json; charset=utf-8
host: localhost:54749
accept: */*

Response DefaultHttpResponse(decodeResult: success, version: HTTP/1.1)
HTTP/1.1 200 OK
Content-Type: application/json; charset=utf-8
cache-control: no-cache
content-length: 382596

16:34:09.994 [AsyncHttpClient-1-3] DEBUG org.asynchttpclient.netty.channel.ChannelManager - Adding key: http://localhost:54749 for channel [id: 0xc6c8446b, L:/127.0.0.1:50971 - R:localhost/127.0.0.1:54749]
16:34:10.020 [main] DEBUG net.serenitybdd.core.photography.Darkroom - Send negative for processing for target\site\serenity\ed15a54c91c342d96a850276df7b559f4526b370fc93040e3c407a48a170f368.png
16:34:10.020 [main] DEBUG net.thucydides.core.steps.StepInterceptor - STEP DONE: validateOnDashboardPage
  &amp#27;[32mGiven &amp#27;[0m&amp#27;[32mI am at the dashboard page&amp#27;[0m                               &amp#27;[90m# starter.stepdefinitions.PatientSteps.iAmAtTheDashboardPage()&amp#27;[0m
16:34:10.046 [main] DEBUG net.thucydides.core.steps.StepInterceptor - STARTING STEP: PatientSteps.iClickMenuPatient - clickMenuPatientButton
16:34:10.051 [Forwarding findElement on session facee35ad27ebcef4d00b7d26304df93 to remote] DEBUG org.asynchttpclient.netty.request.NettyRequestSender - Using pooled Channel '[id: 0xc6c8446b, L:/127.0.0.1:50971 - R:localhost/127.0.0.1:54749]' for 'POST' to 'http://localhost:54749/session/facee35ad27ebcef4d00b7d26304df93/element'
16:34:10.051 [Forwarding findElement on session facee35ad27ebcef4d00b7d26304df93 to remote] DEBUG org.asynchttpclient.netty.request.NettyRequestSender - Using open Channel [id: 0xc6c8446b, L:/127.0.0.1:50971 - R:localhost/127.0.0.1:54749] for POST '/session/facee35ad27ebcef4d00b7d26304df93/element'
16:34:10.074 [AsyncHttpClient-1-3] DEBUG org.asynchttpclient.netty.handler.HttpHandler - 

Request DefaultHttpRequest(decodeResult: success, version: HTTP/1.1)
POST /session/facee35ad27ebcef4d00b7d26304df93/element HTTP/1.1
User-Agent: selenium/4.1.2 (java windows)
Content-Length: 80
Content-Type: application/json; charset=utf-8
host: localhost:54749
accept: */*

Response DefaultHttpResponse(decodeResult: success, version: HTTP/1.1)
HTTP/1.1 200 OK
Content-Type: application/json; charset=utf-8
cache-control: no-cache
content-length: 88

16:34:10.075 [AsyncHttpClient-1-3] DEBUG org.asynchttpclient.netty.channel.ChannelManager - Adding key: http://localhost:54749 for channel [id: 0xc6c8446b, L:/127.0.0.1:50971 - R:localhost/127.0.0.1:54749]
16:34:10.076 [Forwarding getElementTagName on session facee35ad27ebcef4d00b7d26304df93 to remote] DEBUG org.asynchttpclient.netty.request.NettyRequestSender - Using pooled Channel '[id: 0xc6c8446b, L:/127.0.0.1:50971 - R:localhost/127.0.0.1:54749]' for 'GET' to 'http://localhost:54749/session/facee35ad27ebcef4d00b7d26304df93/element/9d754c8a-1ebf-4e54-8a88-4cd588269c6f/name'
16:34:10.076 [Forwarding getElementTagName on session facee35ad27ebcef4d00b7d26304df93 to remote] DEBUG org.asynchttpclient.netty.request.NettyRequestSender - Using open Channel [id: 0xc6c8446b, L:/127.0.0.1:50971 - R:localhost/127.0.0.1:54749] for GET '/session/facee35ad27ebcef4d00b7d26304df93/element/9d754c8a-1ebf-4e54-8a88-4cd588269c6f/name'
16:34:10.083 [AsyncHttpClient-1-3] DEBUG org.asynchttpclient.netty.handler.HttpHandler - 

Request DefaultFullHttpRequest(decodeResult: success, version: HTTP/1.1, content: EmptyByteBufBE)
GET /session/facee35ad27ebcef4d00b7d26304df93/element/9d754c8a-1ebf-4e54-8a88-4cd588269c6f/name HTTP/1.1
User-Agent: selenium/4.1.2 (java windows)
Cache-Control: no-cache
Content-Type: application/json; charset=utf-8
host: localhost:54749
accept: */*

Response DefaultHttpResponse(decodeResult: success, version: HTTP/1.1)
HTTP/1.1 200 OK
Content-Type: application/json; charset=utf-8
cache-control: no-cache
content-length: 15

16:34:10.084 [AsyncHttpClient-1-3] DEBUG org.asynchttpclient.netty.channel.ChannelManager - Adding key: http://localhost:54749 for channel [id: 0xc6c8446b, L:/127.0.0.1:50971 - R:localhost/127.0.0.1:54749]
16:34:10.085 [Forwarding getElementTagName on session facee35ad27ebcef4d00b7d26304df93 to remote] DEBUG org.asynchttpclient.netty.request.NettyRequestSender - Using pooled Channel '[id: 0xc6c8446b, L:/127.0.0.1:50971 - R:localhost/127.0.0.1:54749]' for 'GET' to 'http://localhost:54749/session/facee35ad27ebcef4d00b7d26304df93/element/9d754c8a-1ebf-4e54-8a88-4cd588269c6f/name'
16:34:10.085 [Forwarding getElementTagName on session facee35ad27ebcef4d00b7d26304df93 to remote] DEBUG org.asynchttpclient.netty.request.NettyRequestSender - Using open Channel [id: 0xc6c8446b, L:/127.0.0.1:50971 - R:localhost/127.0.0.1:54749] for GET '/session/facee35ad27ebcef4d00b7d26304df93/element/9d754c8a-1ebf-4e54-8a88-4cd588269c6f/name'
16:34:10.090 [AsyncHttpClient-1-3] DEBUG org.asynchttpclient.netty.handler.HttpHandler - 

Request DefaultFullHttpRequest(decodeResult: success, version: HTTP/1.1, content: EmptyByteBufBE)
GET /session/facee35ad27ebcef4d00b7d26304df93/element/9d754c8a-1ebf-4e54-8a88-4cd588269c6f/name HTTP/1.1
User-Agent: selenium/4.1.2 (java windows)
Cache-Control: no-cache
Content-Type: application/json; charset=utf-8
host: localhost:54749
accept: */*

Response DefaultHttpResponse(decodeResult: success, version: HTTP/1.1)
HTTP/1.1 200 OK
Content-Type: application/json; charset=utf-8
cache-control: no-cache
content-length: 15

16:34:10.090 [AsyncHttpClient-1-3] DEBUG org.asynchttpclient.netty.channel.ChannelManager - Adding key: http://localhost:54749 for channel [id: 0xc6c8446b, L:/127.0.0.1:50971 - R:localhost/127.0.0.1:54749]
16:34:10.093 [Forwarding findElement on session facee35ad27ebcef4d00b7d26304df93 to remote] DEBUG org.asynchttpclient.netty.request.NettyRequestSender - Using pooled Channel '[id: 0xc6c8446b, L:/127.0.0.1:50971 - R:localhost/127.0.0.1:54749]' for 'POST' to 'http://localhost:54749/session/facee35ad27ebcef4d00b7d26304df93/element'
16:34:10.093 [Forwarding findElement on session facee35ad27ebcef4d00b7d26304df93 to remote] DEBUG org.asynchttpclient.netty.request.NettyRequestSender - Using open Channel [id: 0xc6c8446b, L:/127.0.0.1:50971 - R:localhost/127.0.0.1:54749] for POST '/session/facee35ad27ebcef4d00b7d26304df93/element'
16:34:10.344 [AsyncHttpClient-1-3] DEBUG org.asynchttpclient.netty.handler.HttpHandler - 

Request DefaultHttpRequest(decodeResult: success, version: HTTP/1.1)
POST /session/facee35ad27ebcef4d00b7d26304df93/element HTTP/1.1
User-Agent: selenium/4.1.2 (java windows)
Content-Length: 80
Content-Type: application/json; charset=utf-8
host: localhost:54749
accept: */*

Response DefaultHttpResponse(decodeResult: success, version: HTTP/1.1)
HTTP/1.1 200 OK
Content-Type: application/json; charset=utf-8
cache-control: no-cache
content-length: 88

16:34:10.344 [AsyncHttpClient-1-3] DEBUG org.asynchttpclient.netty.channel.ChannelManager - Adding key: http://localhost:54749 for channel [id: 0xc6c8446b, L:/127.0.0.1:50971 - R:localhost/127.0.0.1:54749]
16:34:10.345 [Forwarding clickElement on session facee35ad27ebcef4d00b7d26304df93 to remote] DEBUG org.asynchttpclient.netty.request.NettyRequestSender - Using pooled Channel '[id: 0xc6c8446b, L:/127.0.0.1:50971 - R:localhost/127.0.0.1:54749]' for 'POST' to 'http://localhost:54749/session/facee35ad27ebcef4d00b7d26304df93/element/9d754c8a-1ebf-4e54-8a88-4cd588269c6f/click'
16:34:10.345 [Forwarding clickElement on session facee35ad27ebcef4d00b7d26304df93 to remote] DEBUG org.asynchttpclient.netty.request.NettyRequestSender - Using open Channel [id: 0xc6c8446b, L:/127.0.0.1:50971 - R:localhost/127.0.0.1:54749] for POST '/session/facee35ad27ebcef4d00b7d26304df93/element/9d754c8a-1ebf-4e54-8a88-4cd588269c6f/click'
16:34:10.546 [AsyncHttpClient-1-3] DEBUG org.asynchttpclient.netty.handler.HttpHandler - 

Request DefaultHttpRequest(decodeResult: success, version: HTTP/1.1)
POST /session/facee35ad27ebcef4d00b7d26304df93/element/9d754c8a-1ebf-4e54-8a88-4cd588269c6f/click HTTP/1.1
User-Agent: selenium/4.1.2 (java windows)
Content-Length: 50
Content-Type: application/json; charset=utf-8
host: localhost:54749
accept: */*

Response DefaultHttpResponse(decodeResult: success, version: HTTP/1.1)
HTTP/1.1 200 OK
Content-Type: application/json; charset=utf-8
cache-control: no-cache
content-length: 14

16:34:10.547 [AsyncHttpClient-1-3] DEBUG org.asynchttpclient.netty.channel.ChannelManager - Adding key: http://localhost:54749 for channel [id: 0xc6c8446b, L:/127.0.0.1:50971 - R:localhost/127.0.0.1:54749]
16:34:10.558 [Forwarding screenshot on session facee35ad27ebcef4d00b7d26304df93 to remote] DEBUG org.asynchttpclient.netty.request.NettyRequestSender - Using pooled Channel '[id: 0xc6c8446b, L:/127.0.0.1:50971 - R:localhost/127.0.0.1:54749]' for 'GET' to 'http://localhost:54749/session/facee35ad27ebcef4d00b7d26304df93/screenshot'
16:34:10.558 [Forwarding screenshot on session facee35ad27ebcef4d00b7d26304df93 to remote] DEBUG org.asynchttpclient.netty.request.NettyRequestSender - Using open Channel [id: 0xc6c8446b, L:/127.0.0.1:50971 - R:localhost/127.0.0.1:54749] for GET '/session/facee35ad27ebcef4d00b7d26304df93/screenshot'
16:34:10.683 [AsyncHttpClient-1-3] DEBUG org.asynchttpclient.netty.handler.HttpHandler - 

Request DefaultFullHttpRequest(decodeResult: success, version: HTTP/1.1, content: EmptyByteBufBE)
GET /session/facee35ad27ebcef4d00b7d26304df93/screenshot HTTP/1.1
User-Agent: selenium/4.1.2 (java windows)
Cache-Control: no-cache
Content-Type: application/json; charset=utf-8
host: localhost:54749
accept: */*

Response DefaultHttpResponse(decodeResult: success, version: HTTP/1.1)
HTTP/1.1 200 OK
Content-Type: application/json; charset=utf-8
cache-control: no-cache
content-length: 55356

16:34:10.684 [AsyncHttpClient-1-3] DEBUG org.asynchttpclient.netty.channel.ChannelManager - Adding key: http://localhost:54749 for channel [id: 0xc6c8446b, L:/127.0.0.1:50971 - R:localhost/127.0.0.1:54749]
16:34:10.687 [main] DEBUG net.serenitybdd.core.photography.Darkroom - Send negative for processing for target\site\serenity\ba5e98368b8b80bc67dec291e300f29f857b0a624580ce977aa7580a9f0871db.png
16:34:10.687 [main] DEBUG net.thucydides.core.steps.StepInterceptor - STEP DONE: clickMenuPatientButton
  &amp#27;[32mAnd &amp#27;[0m&amp#27;[32mI click menu patient&amp#27;[0m                                       &amp#27;[90m# starter.stepdefinitions.PatientSteps.iClickMenuPatient()&amp#27;[0m
16:34:10.708 [Forwarding findElement on session facee35ad27ebcef4d00b7d26304df93 to remote] DEBUG org.asynchttpclient.netty.request.NettyRequestSender - Using pooled Channel '[id: 0xc6c8446b, L:/127.0.0.1:50971 - R:localhost/127.0.0.1:54749]' for 'POST' to 'http://localhost:54749/session/facee35ad27ebcef4d00b7d26304df93/element'
16:34:10.708 [Forwarding findElement on session facee35ad27ebcef4d00b7d26304df93 to remote] DEBUG org.asynchttpclient.netty.request.NettyRequestSender - Using open Channel [id: 0xc6c8446b, L:/127.0.0.1:50971 - R:localhost/127.0.0.1:54749] for POST '/session/facee35ad27ebcef4d00b7d26304df93/element'
16:34:10.730 [AsyncHttpClient-1-3] DEBUG org.asynchttpclient.netty.handler.HttpHandler - 

Request DefaultHttpRequest(decodeResult: success, version: HTTP/1.1)
POST /session/facee35ad27ebcef4d00b7d26304df93/element HTTP/1.1
User-Agent: selenium/4.1.2 (java windows)
Content-Length: 160
Content-Type: application/json; charset=utf-8
host: localhost:54749
accept: */*

Response DefaultHttpResponse(decodeResult: success, version: HTTP/1.1)
HTTP/1.1 200 OK
Content-Type: application/json; charset=utf-8
cache-control: no-cache
content-length: 88

16:34:10.730 [AsyncHttpClient-1-3] DEBUG org.asynchttpclient.netty.channel.ChannelManager - Adding key: http://localhost:54749 for channel [id: 0xc6c8446b, L:/127.0.0.1:50971 - R:localhost/127.0.0.1:54749]
16:34:10.732 [Forwarding clearElement on session facee35ad27ebcef4d00b7d26304df93 to remote] DEBUG org.asynchttpclient.netty.request.NettyRequestSender - Using pooled Channel '[id: 0xc6c8446b, L:/127.0.0.1:50971 - R:localhost/127.0.0.1:54749]' for 'POST' to 'http://localhost:54749/session/facee35ad27ebcef4d00b7d26304df93/element/48d74116-c972-4a21-8d90-21395e5bcce1/clear'
16:34:10.732 [Forwarding clearElement on session facee35ad27ebcef4d00b7d26304df93 to remote] DEBUG org.asynchttpclient.netty.request.NettyRequestSender - Using open Channel [id: 0xc6c8446b, L:/127.0.0.1:50971 - R:localhost/127.0.0.1:54749] for POST '/session/facee35ad27ebcef4d00b7d26304df93/element/48d74116-c972-4a21-8d90-21395e5bcce1/clear'
16:34:10.784 [AsyncHttpClient-1-3] DEBUG org.asynchttpclient.netty.handler.HttpHandler - 

Request DefaultHttpRequest(decodeResult: success, version: HTTP/1.1)
POST /session/facee35ad27ebcef4d00b7d26304df93/element/48d74116-c972-4a21-8d90-21395e5bcce1/clear HTTP/1.1
User-Agent: selenium/4.1.2 (java windows)
Content-Length: 50
Content-Type: application/json; charset=utf-8
host: localhost:54749
accept: */*

Response DefaultHttpResponse(decodeResult: success, version: HTTP/1.1)
HTTP/1.1 200 OK
Content-Type: application/json; charset=utf-8
cache-control: no-cache
content-length: 14

16:34:10.784 [AsyncHttpClient-1-3] DEBUG org.asynchttpclient.netty.channel.ChannelManager - Adding key: http://localhost:54749 for channel [id: 0xc6c8446b, L:/127.0.0.1:50971 - R:localhost/127.0.0.1:54749]
16:34:10.786 [Forwarding sendKeysToElement on session facee35ad27ebcef4d00b7d26304df93 to remote] DEBUG org.asynchttpclient.netty.request.NettyRequestSender - Using pooled Channel '[id: 0xc6c8446b, L:/127.0.0.1:50971 - R:localhost/127.0.0.1:54749]' for 'POST' to 'http://localhost:54749/session/facee35ad27ebcef4d00b7d26304df93/element/48d74116-c972-4a21-8d90-21395e5bcce1/value'
16:34:10.786 [Forwarding sendKeysToElement on session facee35ad27ebcef4d00b7d26304df93 to remote] DEBUG org.asynchttpclient.netty.request.NettyRequestSender - Using open Channel [id: 0xc6c8446b, L:/127.0.0.1:50971 - R:localhost/127.0.0.1:54749] for POST '/session/facee35ad27ebcef4d00b7d26304df93/element/48d74116-c972-4a21-8d90-21395e5bcce1/value'
16:34:10.837 [AsyncHttpClient-1-1] DEBUG org.asynchttpclient.netty.channel.DefaultChannelPool - Entry count for : http://localhost:50972 : 1
16:34:11.320 [AsyncHttpClient-1-3] DEBUG org.asynchttpclient.netty.handler.HttpHandler - 

Request DefaultHttpRequest(decodeResult: success, version: HTTP/1.1)
POST /session/facee35ad27ebcef4d00b7d26304df93/element/48d74116-c972-4a21-8d90-21395e5bcce1/value HTTP/1.1
User-Agent: selenium/4.1.2 (java windows)
Content-Length: 181
Content-Type: application/json; charset=utf-8
host: localhost:54749
accept: */*

Response DefaultHttpResponse(decodeResult: success, version: HTTP/1.1)
HTTP/1.1 200 OK
Content-Type: application/json; charset=utf-8
cache-control: no-cache
content-length: 14

16:34:11.321 [AsyncHttpClient-1-3] DEBUG org.asynchttpclient.netty.channel.ChannelManager - Adding key: http://localhost:54749 for channel [id: 0xc6c8446b, L:/127.0.0.1:50971 - R:localhost/127.0.0.1:54749]
16:34:11.335 [Forwarding screenshot on session facee35ad27ebcef4d00b7d26304df93 to remote] DEBUG org.asynchttpclient.netty.request.NettyRequestSender - Using pooled Channel '[id: 0xc6c8446b, L:/127.0.0.1:50971 - R:localhost/127.0.0.1:54749]' for 'GET' to 'http://localhost:54749/session/facee35ad27ebcef4d00b7d26304df93/screenshot'
16:34:11.335 [Forwarding screenshot on session facee35ad27ebcef4d00b7d26304df93 to remote] DEBUG org.asynchttpclient.netty.request.NettyRequestSender - Using open Channel [id: 0xc6c8446b, L:/127.0.0.1:50971 - R:localhost/127.0.0.1:54749] for GET '/session/facee35ad27ebcef4d00b7d26304df93/screenshot'
16:34:11.515 [AsyncHttpClient-1-3] DEBUG org.asynchttpclient.netty.handler.HttpHandler - 

Request DefaultFullHttpRequest(decodeResult: success, version: HTTP/1.1, content: EmptyByteBufBE)
GET /session/facee35ad27ebcef4d00b7d26304df93/screenshot HTTP/1.1
User-Agent: selenium/4.1.2 (java windows)
Cache-Control: no-cache
Content-Type: application/json; charset=utf-8
host: localhost:54749
accept: */*

Response DefaultHttpResponse(decodeResult: success, version: HTTP/1.1)
HTTP/1.1 200 OK
Content-Type: application/json; charset=utf-8
cache-control: no-cache
content-length: 83480

16:34:11.516 [AsyncHttpClient-1-3] DEBUG org.asynchttpclient.netty.channel.ChannelManager - Adding key: http://localhost:54749 for channel [id: 0xc6c8446b, L:/127.0.0.1:50971 - R:localhost/127.0.0.1:54749]
16:34:11.521 [main] DEBUG net.serenitybdd.core.photography.Darkroom - Send negative for processing for target\site\serenity\a19d1eb4378fee94f1465eb31ea0bb0359eff81e781835f89df3c7ea772d06d2.png
16:34:11.522 [main] DEBUG net.thucydides.core.steps.StepInterceptor - STARTING STEP: PatientSteps.iInputPatientDateOfBirthAndClickSearch - clickSearchButton
16:34:11.522 [Darkroom Processing Line] DEBUG net.serenitybdd.core.photography.DarkroomProcessingLine - Processing screenshot image in /var/screenshots/screenshot-7447779056308460892
16:34:11.522 [Darkroom Processing Line] DEBUG net.serenitybdd.core.photography.DarkroomProcessingLine - Saving screenshot to target\site\serenity\a19d1eb4378fee94f1465eb31ea0bb0359eff81e781835f89df3c7ea772d06d2.png
16:34:11.526 [Forwarding findElement on session facee35ad27ebcef4d00b7d26304df93 to remote] DEBUG org.asynchttpclient.netty.request.NettyRequestSender - Using pooled Channel '[id: 0xc6c8446b, L:/127.0.0.1:50971 - R:localhost/127.0.0.1:54749]' for 'POST' to 'http://localhost:54749/session/facee35ad27ebcef4d00b7d26304df93/element'
16:34:11.527 [Forwarding findElement on session facee35ad27ebcef4d00b7d26304df93 to remote] DEBUG org.asynchttpclient.netty.request.NettyRequestSender - Using open Channel [id: 0xc6c8446b, L:/127.0.0.1:50971 - R:localhost/127.0.0.1:54749] for POST '/session/facee35ad27ebcef4d00b7d26304df93/element'
16:34:11.546 [AsyncHttpClient-1-3] DEBUG org.asynchttpclient.netty.handler.HttpHandler - 

Request DefaultHttpRequest(decodeResult: success, version: HTTP/1.1)
POST /session/facee35ad27ebcef4d00b7d26304df93/element HTTP/1.1
User-Agent: selenium/4.1.2 (java windows)
Content-Length: 161
Content-Type: application/json; charset=utf-8
host: localhost:54749
accept: */*

Response DefaultHttpResponse(decodeResult: success, version: HTTP/1.1)
HTTP/1.1 200 OK
Content-Type: application/json; charset=utf-8
cache-control: no-cache
content-length: 88

16:34:11.546 [AsyncHttpClient-1-3] DEBUG org.asynchttpclient.netty.channel.ChannelManager - Adding key: http://localhost:54749 for channel [id: 0xc6c8446b, L:/127.0.0.1:50971 - R:localhost/127.0.0.1:54749]
16:34:11.548 [Forwarding getElementTagName on session facee35ad27ebcef4d00b7d26304df93 to remote] DEBUG org.asynchttpclient.netty.request.NettyRequestSender - Using pooled Channel '[id: 0xc6c8446b, L:/127.0.0.1:50971 - R:localhost/127.0.0.1:54749]' for 'GET' to 'http://localhost:54749/session/facee35ad27ebcef4d00b7d26304df93/element/fcd03605-f8d8-43d9-b781-4dca07b5709d/name'
16:34:11.548 [Forwarding getElementTagName on session facee35ad27ebcef4d00b7d26304df93 to remote] DEBUG org.asynchttpclient.netty.request.NettyRequestSender - Using open Channel [id: 0xc6c8446b, L:/127.0.0.1:50971 - R:localhost/127.0.0.1:54749] for GET '/session/facee35ad27ebcef4d00b7d26304df93/element/fcd03605-f8d8-43d9-b781-4dca07b5709d/name'
16:34:11.554 [AsyncHttpClient-1-3] DEBUG org.asynchttpclient.netty.handler.HttpHandler - 

Request DefaultFullHttpRequest(decodeResult: success, version: HTTP/1.1, content: EmptyByteBufBE)
GET /session/facee35ad27ebcef4d00b7d26304df93/element/fcd03605-f8d8-43d9-b781-4dca07b5709d/name HTTP/1.1
User-Agent: selenium/4.1.2 (java windows)
Cache-Control: no-cache
Content-Type: application/json; charset=utf-8
host: localhost:54749
accept: */*

Response DefaultHttpResponse(decodeResult: success, version: HTTP/1.1)
HTTP/1.1 200 OK
Content-Type: application/json; charset=utf-8
cache-control: no-cache
content-length: 18

16:34:11.554 [AsyncHttpClient-1-3] DEBUG org.asynchttpclient.netty.channel.ChannelManager - Adding key: http://localhost:54749 for channel [id: 0xc6c8446b, L:/127.0.0.1:50971 - R:localhost/127.0.0.1:54749]
16:34:11.555 [Forwarding getElementTagName on session facee35ad27ebcef4d00b7d26304df93 to remote] DEBUG org.asynchttpclient.netty.request.NettyRequestSender - Using pooled Channel '[id: 0xc6c8446b, L:/127.0.0.1:50971 - R:localhost/127.0.0.1:54749]' for 'GET' to 'http://localhost:54749/session/facee35ad27ebcef4d00b7d26304df93/element/fcd03605-f8d8-43d9-b781-4dca07b5709d/name'
16:34:11.555 [Forwarding getElementTagName on session facee35ad27ebcef4d00b7d26304df93 to remote] DEBUG org.asynchttpclient.netty.request.NettyRequestSender - Using open Channel [id: 0xc6c8446b, L:/127.0.0.1:50971 - R:localhost/127.0.0.1:54749] for GET '/session/facee35ad27ebcef4d00b7d26304df93/element/fcd03605-f8d8-43d9-b781-4dca07b5709d/name'
16:34:11.560 [AsyncHttpClient-1-3] DEBUG org.asynchttpclient.netty.handler.HttpHandler - 

Request DefaultFullHttpRequest(decodeResult: success, version: HTTP/1.1, content: EmptyByteBufBE)
GET /session/facee35ad27ebcef4d00b7d26304df93/element/fcd03605-f8d8-43d9-b781-4dca07b5709d/name HTTP/1.1
User-Agent: selenium/4.1.2 (java windows)
Cache-Control: no-cache
Content-Type: application/json; charset=utf-8
host: localhost:54749
accept: */*

Response DefaultHttpResponse(decodeResult: success, version: HTTP/1.1)
HTTP/1.1 200 OK
Content-Type: application/json; charset=utf-8
cache-control: no-cache
content-length: 18

16:34:11.560 [AsyncHttpClient-1-3] DEBUG org.asynchttpclient.netty.channel.ChannelManager - Adding key: http://localhost:54749 for channel [id: 0xc6c8446b, L:/127.0.0.1:50971 - R:localhost/127.0.0.1:54749]
16:34:11.563 [Forwarding isElementEnabled on session facee35ad27ebcef4d00b7d26304df93 to remote] DEBUG org.asynchttpclient.netty.request.NettyRequestSender - Using pooled Channel '[id: 0xc6c8446b, L:/127.0.0.1:50971 - R:localhost/127.0.0.1:54749]' for 'GET' to 'http://localhost:54749/session/facee35ad27ebcef4d00b7d26304df93/element/fcd03605-f8d8-43d9-b781-4dca07b5709d/enabled'
16:34:11.564 [Forwarding isElementEnabled on session facee35ad27ebcef4d00b7d26304df93 to remote] DEBUG org.asynchttpclient.netty.request.NettyRequestSender - Using open Channel [id: 0xc6c8446b, L:/127.0.0.1:50971 - R:localhost/127.0.0.1:54749] for GET '/session/facee35ad27ebcef4d00b7d26304df93/element/fcd03605-f8d8-43d9-b781-4dca07b5709d/enabled'
16:34:11.578 [AsyncHttpClient-1-3] DEBUG org.asynchttpclient.netty.handler.HttpHandler - 

Request DefaultFullHttpRequest(decodeResult: success, version: HTTP/1.1, content: EmptyByteBufBE)
GET /session/facee35ad27ebcef4d00b7d26304df93/element/fcd03605-f8d8-43d9-b781-4dca07b5709d/enabled HTTP/1.1
User-Agent: selenium/4.1.2 (java windows)
Cache-Control: no-cache
Content-Type: application/json; charset=utf-8
host: localhost:54749
accept: */*

Response DefaultHttpResponse(decodeResult: success, version: HTTP/1.1)
HTTP/1.1 200 OK
Content-Type: application/json; charset=utf-8
cache-control: no-cache
content-length: 14

16:34:11.578 [AsyncHttpClient-1-3] DEBUG org.asynchttpclient.netty.channel.ChannelManager - Adding key: http://localhost:54749 for channel [id: 0xc6c8446b, L:/127.0.0.1:50971 - R:localhost/127.0.0.1:54749]
16:34:11.580 [Forwarding isElementEnabled on session facee35ad27ebcef4d00b7d26304df93 to remote] DEBUG org.asynchttpclient.netty.request.NettyRequestSender - Using pooled Channel '[id: 0xc6c8446b, L:/127.0.0.1:50971 - R:localhost/127.0.0.1:54749]' for 'GET' to 'http://localhost:54749/session/facee35ad27ebcef4d00b7d26304df93/element/fcd03605-f8d8-43d9-b781-4dca07b5709d/enabled'
16:34:11.580 [Forwarding isElementEnabled on session facee35ad27ebcef4d00b7d26304df93 to remote] DEBUG org.asynchttpclient.netty.request.NettyRequestSender - Using open Channel [id: 0xc6c8446b, L:/127.0.0.1:50971 - R:localhost/127.0.0.1:54749] for GET '/session/facee35ad27ebcef4d00b7d26304df93/element/fcd03605-f8d8-43d9-b781-4dca07b5709d/enabled'
16:34:11.601 [AsyncHttpClient-1-3] DEBUG org.asynchttpclient.netty.handler.HttpHandler - 

Request DefaultFullHttpRequest(decodeResult: success, version: HTTP/1.1, content: EmptyByteBufBE)
GET /session/facee35ad27ebcef4d00b7d26304df93/element/fcd03605-f8d8-43d9-b781-4dca07b5709d/enabled HTTP/1.1
User-Agent: selenium/4.1.2 (java windows)
Cache-Control: no-cache
Content-Type: application/json; charset=utf-8
host: localhost:54749
accept: */*

Response DefaultHttpResponse(decodeResult: success, version: HTTP/1.1)
HTTP/1.1 200 OK
Content-Type: application/json; charset=utf-8
cache-control: no-cache
content-length: 14

16:34:11.601 [AsyncHttpClient-1-3] DEBUG org.asynchttpclient.netty.channel.ChannelManager - Adding key: http://localhost:54749 for channel [id: 0xc6c8446b, L:/127.0.0.1:50971 - R:localhost/127.0.0.1:54749]
16:34:11.604 [Forwarding findElement on session facee35ad27ebcef4d00b7d26304df93 to remote] DEBUG org.asynchttpclient.netty.request.NettyRequestSender - Using pooled Channel '[id: 0xc6c8446b, L:/127.0.0.1:50971 - R:localhost/127.0.0.1:54749]' for 'POST' to 'http://localhost:54749/session/facee35ad27ebcef4d00b7d26304df93/element'
16:34:11.604 [Forwarding findElement on session facee35ad27ebcef4d00b7d26304df93 to remote] DEBUG org.asynchttpclient.netty.request.NettyRequestSender - Using open Channel [id: 0xc6c8446b, L:/127.0.0.1:50971 - R:localhost/127.0.0.1:54749] for POST '/session/facee35ad27ebcef4d00b7d26304df93/element'
16:34:11.615 [AsyncHttpClient-1-3] DEBUG org.asynchttpclient.netty.handler.HttpHandler - 

Request DefaultHttpRequest(decodeResult: success, version: HTTP/1.1)
POST /session/facee35ad27ebcef4d00b7d26304df93/element HTTP/1.1
User-Agent: selenium/4.1.2 (java windows)
Content-Length: 161
Content-Type: application/json; charset=utf-8
host: localhost:54749
accept: */*

Response DefaultHttpResponse(decodeResult: success, version: HTTP/1.1)
HTTP/1.1 200 OK
Content-Type: application/json; charset=utf-8
cache-control: no-cache
content-length: 88

16:34:11.615 [AsyncHttpClient-1-3] DEBUG org.asynchttpclient.netty.channel.ChannelManager - Adding key: http://localhost:54749 for channel [id: 0xc6c8446b, L:/127.0.0.1:50971 - R:localhost/127.0.0.1:54749]
16:34:11.616 [Forwarding clickElement on session facee35ad27ebcef4d00b7d26304df93 to remote] DEBUG org.asynchttpclient.netty.request.NettyRequestSender - Using pooled Channel '[id: 0xc6c8446b, L:/127.0.0.1:50971 - R:localhost/127.0.0.1:54749]' for 'POST' to 'http://localhost:54749/session/facee35ad27ebcef4d00b7d26304df93/element/fcd03605-f8d8-43d9-b781-4dca07b5709d/click'
16:34:11.617 [Forwarding clickElement on session facee35ad27ebcef4d00b7d26304df93 to remote] DEBUG org.asynchttpclient.netty.request.NettyRequestSender - Using open Channel [id: 0xc6c8446b, L:/127.0.0.1:50971 - R:localhost/127.0.0.1:54749] for POST '/session/facee35ad27ebcef4d00b7d26304df93/element/fcd03605-f8d8-43d9-b781-4dca07b5709d/click'
16:34:11.705 [AsyncHttpClient-1-3] DEBUG org.asynchttpclient.netty.handler.HttpHandler - 

Request DefaultHttpRequest(decodeResult: success, version: HTTP/1.1)
POST /session/facee35ad27ebcef4d00b7d26304df93/element/fcd03605-f8d8-43d9-b781-4dca07b5709d/click HTTP/1.1
User-Agent: selenium/4.1.2 (java windows)
Content-Length: 50
Content-Type: application/json; charset=utf-8
host: localhost:54749
accept: */*

Response DefaultHttpResponse(decodeResult: success, version: HTTP/1.1)
HTTP/1.1 200 OK
Content-Type: application/json; charset=utf-8
cache-control: no-cache
content-length: 14

16:34:11.705 [AsyncHttpClient-1-3] DEBUG org.asynchttpclient.netty.channel.ChannelManager - Adding key: http://localhost:54749 for channel [id: 0xc6c8446b, L:/127.0.0.1:50971 - R:localhost/127.0.0.1:54749]
16:34:11.719 [Forwarding screenshot on session facee35ad27ebcef4d00b7d26304df93 to remote] DEBUG org.asynchttpclient.netty.request.NettyRequestSender - Using pooled Channel '[id: 0xc6c8446b, L:/127.0.0.1:50971 - R:localhost/127.0.0.1:54749]' for 'GET' to 'http://localhost:54749/session/facee35ad27ebcef4d00b7d26304df93/screenshot'
16:34:11.719 [Forwarding screenshot on session facee35ad27ebcef4d00b7d26304df93 to remote] DEBUG org.asynchttpclient.netty.request.NettyRequestSender - Using open Channel [id: 0xc6c8446b, L:/127.0.0.1:50971 - R:localhost/127.0.0.1:54749] for GET '/session/facee35ad27ebcef4d00b7d26304df93/screenshot'
16:34:11.877 [AsyncHttpClient-1-3] DEBUG org.asynchttpclient.netty.handler.HttpHandler - 

Request DefaultFullHttpRequest(decodeResult: success, version: HTTP/1.1, content: EmptyByteBufBE)
GET /session/facee35ad27ebcef4d00b7d26304df93/screenshot HTTP/1.1
User-Agent: selenium/4.1.2 (java windows)
Cache-Control: no-cache
Content-Type: application/json; charset=utf-8
host: localhost:54749
accept: */*

Response DefaultHttpResponse(decodeResult: success, version: HTTP/1.1)
HTTP/1.1 200 OK
Content-Type: application/json; charset=utf-8
cache-control: no-cache
content-length: 84232

16:34:11.877 [AsyncHttpClient-1-3] DEBUG org.asynchttpclient.netty.channel.ChannelManager - Adding key: http://localhost:54749 for channel [id: 0xc6c8446b, L:/127.0.0.1:50971 - R:localhost/127.0.0.1:54749]
16:34:11.883 [main] DEBUG net.serenitybdd.core.photography.Darkroom - Send negative for processing for target\site\serenity\3fc59a701d8782f8f93c256bb3410dbdc906eee3dd13bddf11f83516ce30ae9f.png
16:34:11.883 [main] DEBUG net.thucydides.core.steps.StepInterceptor - STEP DONE: clickSearchButton
  &amp#27;[32mWhen &amp#27;[0m&amp#27;[32mI input patient date of birth and click search&amp#27;[0m            &amp#27;[90m# starter.stepdefinitions.PatientSteps.iInputPatientDateOfBirthAndClickSearch()&amp#27;[0m
16:34:11.884 [Darkroom Processing Line] DEBUG net.serenitybdd.core.photography.DarkroomProcessingLine - Processing screenshot image in /var/screenshots/screenshot-18099285457451666678
16:34:11.884 [Darkroom Processing Line] DEBUG net.serenitybdd.core.photography.DarkroomProcessingLine - Saving screenshot to target\site\serenity\3fc59a701d8782f8f93c256bb3410dbdc906eee3dd13bddf11f83516ce30ae9f.png
16:34:11.902 [Forwarding findElement on session facee35ad27ebcef4d00b7d26304df93 to remote] DEBUG org.asynchttpclient.netty.request.NettyRequestSender - Using pooled Channel '[id: 0xc6c8446b, L:/127.0.0.1:50971 - R:localhost/127.0.0.1:54749]' for 'POST' to 'http://localhost:54749/session/facee35ad27ebcef4d00b7d26304df93/element'
16:34:11.902 [Forwarding findElement on session facee35ad27ebcef4d00b7d26304df93 to remote] DEBUG org.asynchttpclient.netty.request.NettyRequestSender - Using open Channel [id: 0xc6c8446b, L:/127.0.0.1:50971 - R:localhost/127.0.0.1:54749] for POST '/session/facee35ad27ebcef4d00b7d26304df93/element'
16:34:11.922 [AsyncHttpClient-1-3] DEBUG org.asynchttpclient.netty.handler.HttpHandler - 

Request DefaultHttpRequest(decodeResult: success, version: HTTP/1.1)
POST /session/facee35ad27ebcef4d00b7d26304df93/element HTTP/1.1
User-Agent: selenium/4.1.2 (java windows)
Content-Length: 76
Content-Type: application/json; charset=utf-8
host: localhost:54749
accept: */*

Response DefaultHttpResponse(decodeResult: success, version: HTTP/1.1)
HTTP/1.1 200 OK
Content-Type: application/json; charset=utf-8
cache-control: no-cache
content-length: 88

16:34:11.922 [AsyncHttpClient-1-3] DEBUG org.asynchttpclient.netty.channel.ChannelManager - Adding key: http://localhost:54749 for channel [id: 0xc6c8446b, L:/127.0.0.1:50971 - R:localhost/127.0.0.1:54749]
16:34:11.927 [Forwarding isElementDisplayed on session facee35ad27ebcef4d00b7d26304df93 to remote] DEBUG org.asynchttpclient.netty.request.NettyRequestSender - Using pooled Channel '[id: 0xc6c8446b, L:/127.0.0.1:50971 - R:localhost/127.0.0.1:54749]' for 'POST' to 'http://localhost:54749/session/facee35ad27ebcef4d00b7d26304df93/execute/sync'
16:34:11.928 [Forwarding isElementDisplayed on session facee35ad27ebcef4d00b7d26304df93 to remote] DEBUG org.asynchttpclient.netty.request.NettyRequestSender - Using open Channel [id: 0xc6c8446b, L:/127.0.0.1:50971 - R:localhost/127.0.0.1:54749] for POST '/session/facee35ad27ebcef4d00b7d26304df93/execute/sync'
16:34:11.938 [AsyncHttpClient-1-1] DEBUG org.asynchttpclient.netty.channel.DefaultChannelPool - Entry count for : http://localhost:50972 : 1
16:34:11.955 [AsyncHttpClient-1-3] DEBUG org.asynchttpclient.netty.handler.HttpHandler - 

Request DefaultHttpRequest(decodeResult: success, version: HTTP/1.1)
POST /session/facee35ad27ebcef4d00b7d26304df93/execute/sync HTTP/1.1
User-Agent: selenium/4.1.2 (java windows)
Content-Length: 48780
Content-Type: application/json; charset=utf-8
host: localhost:54749
accept: */*

Response DefaultHttpResponse(decodeResult: success, version: HTTP/1.1)
HTTP/1.1 200 OK
Content-Type: application/json; charset=utf-8
cache-control: no-cache
content-length: 14

16:34:11.955 [AsyncHttpClient-1-3] DEBUG org.asynchttpclient.netty.channel.ChannelManager - Adding key: http://localhost:54749 for channel [id: 0xc6c8446b, L:/127.0.0.1:50971 - R:localhost/127.0.0.1:54749]
  &amp#27;[32mThen &amp#27;[0m&amp#27;[32mI validate search by patient date of birth&amp#27;[0m                &amp#27;[90m# starter.stepdefinitions.PatientSteps.iValidateSearchByPatientDateOfBirth()&amp#27;[0m
16:34:11.963 [Forwarding screenshot on session facee35ad27ebcef4d00b7d26304df93 to remote] DEBUG org.asynchttpclient.netty.request.NettyRequestSender - Using pooled Channel '[id: 0xc6c8446b, L:/127.0.0.1:50971 - R:localhost/127.0.0.1:54749]' for 'GET' to 'http://localhost:54749/session/facee35ad27ebcef4d00b7d26304df93/screenshot'
16:34:11.964 [Forwarding screenshot on session facee35ad27ebcef4d00b7d26304df93 to remote] DEBUG org.asynchttpclient.netty.request.NettyRequestSender - Using open Channel [id: 0xc6c8446b, L:/127.0.0.1:50971 - R:localhost/127.0.0.1:54749] for GET '/session/facee35ad27ebcef4d00b7d26304df93/screenshot'
16:34:12.111 [AsyncHttpClient-1-3] DEBUG org.asynchttpclient.netty.handler.HttpHandler - 

Request DefaultFullHttpRequest(decodeResult: success, version: HTTP/1.1, content: EmptyByteBufBE)
GET /session/facee35ad27ebcef4d00b7d26304df93/screenshot HTTP/1.1
User-Agent: selenium/4.1.2 (java windows)
Cache-Control: no-cache
Content-Type: application/json; charset=utf-8
host: localhost:54749
accept: */*

Response DefaultHttpResponse(decodeResult: success, version: HTTP/1.1)
HTTP/1.1 200 OK
Content-Type: application/json; charset=utf-8
cache-control: no-cache
content-length: 84912

16:34:12.111 [AsyncHttpClient-1-3] DEBUG org.asynchttpclient.netty.channel.ChannelManager - Adding key: http://localhost:54749 for channel [id: 0xc6c8446b, L:/127.0.0.1:50971 - R:localhost/127.0.0.1:54749]
16:34:12.117 [main] DEBUG net.serenitybdd.core.photography.Darkroom - Send negative for processing for target\site\serenity\f7c3fd1014b798904c56b269d71b8a3ebb93fc16eb8b67540c35bf108ebeab99.png
16:34:12.118 [Darkroom Processing Line] DEBUG net.serenitybdd.core.photography.DarkroomProcessingLine - Processing screenshot image in /var/screenshots/screenshot-13491098591417747494
16:34:12.118 [Darkroom Processing Line] DEBUG net.serenitybdd.core.photography.DarkroomProcessingLine - Saving screenshot to target\site\serenity\f7c3fd1014b798904c56b269d71b8a3ebb93fc16eb8b67540c35bf108ebeab99.png
16:34:12.119 [main] INFO  - 
  _____   ___   ___   _____     ___     _     ___   ___   ___   ___  
 |_   _| | __| / __| |_   _|   | _ \   /_\   / __| / __| | __| |   \ 
   | |   | _|  \__ \   | |     |  _/  / _ \  \__ \ \__ \ | _|  | |) |
   |_|   |___| |___/   |_|     |_|   /_/ \_\ |___/ |___/ |___| |___/ 

Search Patient Based on Patient Date of Birth Scenario
----------------------------------------------------------------------
16:34:12.121 [AsyncHttpClient-1-5] DEBUG org.asynchttpclient.netty.handler.WebSocketHandler - Channel Closed: [id: 0xcf71ee1c, L:/127.0.0.1:50978 ! R:localhost/127.0.0.1:50972] with attribute NettyResponseFuture{currentRetry=5,
	isDone=1,
	isCancelled=0,
	asyncHandler=org.asynchttpclient.ws.WebSocketUpgradeHandler@46c95c8c,
	nettyRequest=org.asynchttpclient.netty.request.NettyRequest@33c56877,
	future=java.util.concurrent.CompletableFuture@61fb333b[Completed normally],
	uri=ws://localhost:50972/devtools/browser/6ce06591-ae83-4f6e-b54d-2a760375dacd,
	keepAlive=true,
	redirectCount=0,
	timeoutsHolder=null,
	inAuth=0,
	touch=1655717644741}
16:34:12.121 [AsyncHttpClient-1-5] DEBUG org.asynchttpclient.netty.channel.ChannelManager - Closing Channel [id: 0xcf71ee1c, L:/127.0.0.1:50978 ! R:localhost/127.0.0.1:50972] 
16:34:12.122 [Driver Command Executor] DEBUG org.asynchttpclient.netty.request.NettyRequestSender - Using pooled Channel '[id: 0xc6c8446b, L:/127.0.0.1:50971 - R:localhost/127.0.0.1:54749]' for 'DELETE' to 'http://localhost:54749/session/facee35ad27ebcef4d00b7d26304df93'
16:34:12.122 [Driver Command Executor] DEBUG org.asynchttpclient.netty.request.NettyRequestSender - Using open Channel [id: 0xc6c8446b, L:/127.0.0.1:50971 - R:localhost/127.0.0.1:54749] for DELETE '/session/facee35ad27ebcef4d00b7d26304df93'
16:34:12.263 [AsyncHttpClient-1-4] DEBUG org.asynchttpclient.netty.handler.HttpHandler - Unexpected I/O exception on channel [id: 0xad682dac, L:/127.0.0.1:50977 - R:localhost/127.0.0.1:50972]
java.net.SocketException: Connection reset
	at java.base/sun.nio.ch.SocketChannelImpl.throwConnectionReset(SocketChannelImpl.java:367)
	at java.base/sun.nio.ch.SocketChannelImpl.read(SocketChannelImpl.java:398)
	at io.netty.buffer.PooledByteBuf.setBytes(PooledByteBuf.java:258)
	at io.netty.buffer.AbstractByteBuf.writeBytes(AbstractByteBuf.java:1132)
	at io.netty.channel.socket.nio.NioSocketChannel.doReadBytes(NioSocketChannel.java:350)
	at io.netty.channel.nio.AbstractNioByteChannel$NioByteUnsafe.read(AbstractNioByteChannel.java:151)
	at io.netty.channel.nio.NioEventLoop.processSelectedKey(NioEventLoop.java:722)
	at io.netty.channel.nio.NioEventLoop.processSelectedKeysOptimized(NioEventLoop.java:658)
	at io.netty.channel.nio.NioEventLoop.processSelectedKeys(NioEventLoop.java:584)
	at io.netty.channel.nio.NioEventLoop.run(NioEventLoop.java:496)
	at io.netty.util.concurrent.SingleThreadEventExecutor$4.run(SingleThreadEventExecutor.java:986)
	at io.netty.util.internal.ThreadExecutorMap$2.run(ThreadExecutorMap.java:74)
	at io.netty.util.concurrent.FastThreadLocalRunnable.run(FastThreadLocalRunnable.java:30)
	at java.base/java.lang.Thread.run(Thread.java:832)
16:34:12.263 [AsyncHttpClient-1-4] DEBUG org.asynchttpclient.netty.channel.ChannelManager - Closing Channel [id: 0xad682dac, L:/127.0.0.1:50977 - R:localhost/127.0.0.1:50972] 
16:34:12.263 [AsyncHttpClient-1-4] DEBUG org.asynchttpclient.netty.handler.HttpHandler - Channel Closed: [id: 0xad682dac, L:/127.0.0.1:50977 ! R:localhost/127.0.0.1:50972] with attribute DISCARD
16:34:12.296 [AsyncHttpClient-1-3] DEBUG org.asynchttpclient.netty.handler.HttpHandler - 

Request DefaultFullHttpRequest(decodeResult: success, version: HTTP/1.1, content: EmptyByteBufBE)
DELETE /session/facee35ad27ebcef4d00b7d26304df93 HTTP/1.1
User-Agent: selenium/4.1.2 (java windows)
Content-Type: application/json; charset=utf-8
host: localhost:54749
accept: */*

Response DefaultHttpResponse(decodeResult: success, version: HTTP/1.1)
HTTP/1.1 200 OK
Content-Type: application/json; charset=utf-8
cache-control: no-cache
content-length: 14

16:34:12.296 [AsyncHttpClient-1-3] DEBUG org.asynchttpclient.netty.channel.ChannelManager - Adding key: http://localhost:54749 for channel [id: 0xc6c8446b, L:/127.0.0.1:50971 - R:localhost/127.0.0.1:54749]
16:34:12.404 [AsyncHttpClient-1-3] DEBUG org.asynchttpclient.netty.handler.HttpHandler - Channel Closed: [id: 0xc6c8446b, L:/127.0.0.1:50971 ! R:localhost/127.0.0.1:54749] with attribute DISCARD
]]></system-out>
    <system-err><![CDATA[Starting ChromeDriver 102.0.5005.61 (0e59bcc00cc4985ce39ad31c150065f159d95ad3-refs/branch-heads/5005@{#819}) on port 54749
Only local connections are allowed.
Please see https://chromedriver.chromium.org/security-considerations for suggestions on keeping ChromeDriver safe.
ChromeDriver was started successfully.
Jun 20, 2022 4:34:04 PM org.openqa.selenium.remote.ProtocolHandshake createSession
INFO: Detected dialect: W3C
Jun 20, 2022 4:34:04 PM org.openqa.selenium.devtools.CdpVersionFinder findNearestMatch
WARNING: Unable to find an exact match for CDP version 102, so returning the closest version found: a no-op implementation
Jun 20, 2022 4:34:04 PM org.openqa.selenium.devtools.CdpVersionFinder findNearestMatch
INFO: Unable to find CDP implementation matching 102.
Jun 20, 2022 4:34:04 PM org.openqa.selenium.chromium.ChromiumDriver lambda$new$3
WARNING: Unable to find version of CDP to use for . You may need to include a dependency on a specific version of the CDP using something similar to `org.seleniumhq.selenium:selenium-devtools-v86:4.1.2` where the version ("v86") matches the version of the chromium-based browser you're using and the version number of the artifact is the same as Selenium's.
]]></system-err>
  </testcase>
  <testcase name="Search Patient Based on Patient Gender Scenario" classname="Patient" time="8.481">
    <system-out><![CDATA[16:34:13.101 [AsyncHttpClient-1-1] DEBUG org.asynchttpclient.netty.channel.DefaultChannelPool - Entry count for : http://localhost:50972 : 1
16:34:13.101 [AsyncHttpClient-1-1] DEBUG org.asynchttpclient.netty.channel.DefaultChannelPool - Entry count for : http://localhost:54749 : 1
16:34:13.101 [AsyncHttpClient-1-1] DEBUG org.asynchttpclient.netty.channel.DefaultChannelPool - Adding Candidate expired Channel [id: 0xad682dac, L:/127.0.0.1:50977 ! R:localhost/127.0.0.1:50972] isIdleTimeoutExpired=false isRemotelyClosed=true isTtlExpired=false
16:34:13.101 [AsyncHttpClient-1-1] DEBUG org.asynchttpclient.netty.channel.DefaultChannelPool - Closing Idle Channel [id: 0xad682dac, L:/127.0.0.1:50977 ! R:localhost/127.0.0.1:50972]
16:34:13.101 [AsyncHttpClient-1-1] DEBUG org.asynchttpclient.netty.channel.DefaultChannelPool - Adding Candidate expired Channel [id: 0xc6c8446b, L:/127.0.0.1:50971 ! R:localhost/127.0.0.1:54749] isIdleTimeoutExpired=false isRemotelyClosed=true isTtlExpired=false
16:34:13.101 [AsyncHttpClient-1-1] DEBUG org.asynchttpclient.netty.channel.DefaultChannelPool - Closing Idle Channel [id: 0xc6c8446b, L:/127.0.0.1:50971 ! R:localhost/127.0.0.1:54749]
16:34:13.101 [AsyncHttpClient-1-1] DEBUG org.asynchttpclient.netty.channel.DefaultChannelPool - Closed 2 connections out of 2 in 0 ms

@Patient
Scenario: Search Patient Based on Patient Gender Scenario &amp#27;[90m# src/test/resources/features/2.Patient.feature:66&amp#27;[0m
16:34:13.111 [main] INFO io.cucumber.core.plugin.SerenityReporter - Running feature from file:///E:/My%20Documents/File%20Difa/TI%20Semester%206%20Kampus%20Merdeka%20Alterra/Tugas/CAPSTONE%20Project/Capstone-Project-Website/src/test/resources/features/2.Patient.feature
16:34:13.114 [main] INFO  - 
  _____   ___   ___   _____     ___   _____     _     ___   _____   ___   ___  
 |_   _| | __| / __| |_   _|   / __| |_   _|   /_\   | _ \ |_   _| | __| |   \ 
   | |   | _|  \__ \   | |     \__ \   | |    / _ \  |   /   | |   | _|  | |) |
   |_|   |___| |___/   |_|     |___/   |_|   /_/ \_\ |_|_\   |_|   |___| |___/ 

Search Patient Based on Patient Gender Scenario(patient;search-patient-based-on-patient-gender-scenario)
--------------------------------------------------------------------------------
16:34:13.129 [main] DEBUG net.thucydides.core.steps.StepInterceptor - STARTING STEP: PatientSteps.iAmAtTheDashboardPage - openUrl
16:34:13.130 [main] INFO net.serenitybdd.core.webdriver.driverproviders.ChromeDriverProvider - Using automatically driver download
16:34:13.275 [main] DEBUG io.github.bonigarcia.wdm.cache.ResolutionCache - Resolution chrome=102 in cache (valid until 16:47:55 20/06/2022 ICT)
16:34:13.290 [main] DEBUG io.github.bonigarcia.wdm.cache.ResolutionCache - Resolution chrome102=102.0.5005.61 in cache (valid until 09:12:44 21/06/2022 ICT)
16:34:13.291 [main] INFO io.github.bonigarcia.wdm.WebDriverManager - Using chromedriver 102.0.5005.61 (resolved driver for Chrome 102)
16:34:13.311 [main] DEBUG io.github.bonigarcia.wdm.WebDriverManager - Driver chromedriver 102.0.5005.61 found in cache
16:34:13.312 [main] INFO io.github.bonigarcia.wdm.WebDriverManager - Exporting webdriver.chrome.driver as C:\Users\USER\.cache\selenium\chromedriver\win32\102.0.5005.61\chromedriver.exe
16:34:13.468 [main] DEBUG net.serenitybdd.core.webdriver.driverproviders.ProvideNewDriver - Instantiating driver
16:34:13.468 [main] DEBUG net.serenitybdd.core.webdriver.driverproviders.ProvideNewDriver - Driver capabilities: Capabilities {acceptInsecureCerts: false, base.url: https://hospital-management..., browserName: chrome, chrome.driver: src/test/resources/webdrive..., driver: chrome, goog:chromeOptions: {args: [], extensions: []}}
16:34:14.069 [AsyncHttpClient-1-6] DEBUG org.asynchttpclient.netty.channel.NettyConnectListener - Using new Channel '[id: 0xb70d280a, L:/127.0.0.1:50996 - R:localhost/127.0.0.1:57206]' for 'POST' to '/session'
16:34:15.381 [AsyncHttpClient-1-6] DEBUG org.asynchttpclient.netty.handler.HttpHandler - 

Request DefaultHttpRequest(decodeResult: success, version: HTTP/1.1)
POST /session HTTP/1.1
User-Agent: selenium/4.1.2 (java windows)
Content-Length: 621
Content-Type: application/json; charset=utf-8
host: localhost:57206
accept: */*

Response DefaultHttpResponse(decodeResult: success, version: HTTP/1.1)
HTTP/1.1 200 OK
Content-Type: application/json; charset=utf-8
cache-control: no-cache
content-length: 788

16:34:15.382 [AsyncHttpClient-1-6] DEBUG org.asynchttpclient.netty.channel.ChannelManager - Adding key: http://localhost:57206 for channel [id: 0xb70d280a, L:/127.0.0.1:50996 - R:localhost/127.0.0.1:57206]
16:34:15.396 [AsyncHttpClient-1-7] DEBUG org.asynchttpclient.netty.channel.NettyConnectListener - Using new Channel '[id: 0xc0413ff3, L:/127.0.0.1:51003 - R:localhost/127.0.0.1:50997]' for 'GET' to '/json/version'
16:34:15.398 [AsyncHttpClient-1-7] DEBUG org.asynchttpclient.netty.handler.HttpHandler - 

Request DefaultFullHttpRequest(decodeResult: success, version: HTTP/1.1, content: EmptyByteBufBE)
GET /json/version HTTP/1.1
User-Agent: selenium/4.1.2 (java windows)
host: localhost:50997
accept: */*

Response DefaultHttpResponse(decodeResult: success, version: HTTP/1.1)
HTTP/1.1 200 OK
Content-Type: application/json; charset=UTF-8
content-length: 427

16:34:15.399 [AsyncHttpClient-1-7] DEBUG org.asynchttpclient.netty.channel.ChannelManager - Adding key: http://localhost:50997 for channel [id: 0xc0413ff3, L:/127.0.0.1:51003 - R:localhost/127.0.0.1:50997]
16:34:15.482 [AsyncHttpClient-1-8] DEBUG org.asynchttpclient.netty.channel.NettyConnectListener - Using new Channel '[id: 0x76c4b70d, L:/127.0.0.1:51005 - R:localhost/127.0.0.1:50997]' for 'GET' to '/devtools/browser/32ccb2e6-c214-4b6e-9856-fe7e6287eabc'
16:34:15.483 [AsyncHttpClient-1-8] DEBUG org.asynchttpclient.netty.handler.WebSocketHandler - 

Request DefaultFullHttpRequest(decodeResult: success, version: HTTP/1.1, content: EmptyByteBufBE)
GET /devtools/browser/32ccb2e6-c214-4b6e-9856-fe7e6287eabc HTTP/1.1
upgrade: websocket
connection: upgrade
sec-websocket-key: GU5QczAP4nH3/nL2pEJFlQ==
sec-websocket-version: 13
origin: http://localhost:50997
host: localhost:50997
accept: */*
user-agent: AHC/2.1

Response DefaultHttpResponse(decodeResult: success, version: HTTP/1.1)
HTTP/1.1 101 WebSocket Protocol Handshake
Upgrade: WebSocket
Connection: Upgrade
Sec-WebSocket-Accept: L87gWoWsHUolpUK/tPnkbOwWMas=

16:34:15.492 [Forwarding maximizeCurrentWindow on session 4d50b6e2b1ffaf7ef5b9cee67c3eec6c to remote] DEBUG org.asynchttpclient.netty.request.NettyRequestSender - Using pooled Channel '[id: 0xb70d280a, L:/127.0.0.1:50996 - R:localhost/127.0.0.1:57206]' for 'POST' to 'http://localhost:57206/session/4d50b6e2b1ffaf7ef5b9cee67c3eec6c/window/maximize'
16:34:15.492 [Forwarding maximizeCurrentWindow on session 4d50b6e2b1ffaf7ef5b9cee67c3eec6c to remote] DEBUG org.asynchttpclient.netty.request.NettyRequestSender - Using open Channel [id: 0xb70d280a, L:/127.0.0.1:50996 - R:localhost/127.0.0.1:57206] for POST '/session/4d50b6e2b1ffaf7ef5b9cee67c3eec6c/window/maximize'
16:34:15.692 [AsyncHttpClient-1-6] DEBUG org.asynchttpclient.netty.handler.HttpHandler - 

Request DefaultHttpRequest(decodeResult: success, version: HTTP/1.1)
POST /session/4d50b6e2b1ffaf7ef5b9cee67c3eec6c/window/maximize HTTP/1.1
User-Agent: selenium/4.1.2 (java windows)
Content-Length: 3
Content-Type: application/json; charset=utf-8
host: localhost:57206
accept: */*

Response DefaultHttpResponse(decodeResult: success, version: HTTP/1.1)
HTTP/1.1 200 OK
Content-Type: application/json; charset=utf-8
cache-control: no-cache
content-length: 51

16:34:15.692 [AsyncHttpClient-1-6] DEBUG org.asynchttpclient.netty.channel.ChannelManager - Adding key: http://localhost:57206 for channel [id: 0xb70d280a, L:/127.0.0.1:50996 - R:localhost/127.0.0.1:57206]
16:34:15.696 [Forwarding get on session 4d50b6e2b1ffaf7ef5b9cee67c3eec6c to remote] DEBUG org.asynchttpclient.netty.request.NettyRequestSender - Using pooled Channel '[id: 0xb70d280a, L:/127.0.0.1:50996 - R:localhost/127.0.0.1:57206]' for 'POST' to 'http://localhost:57206/session/4d50b6e2b1ffaf7ef5b9cee67c3eec6c/url'
16:34:15.696 [Forwarding get on session 4d50b6e2b1ffaf7ef5b9cee67c3eec6c to remote] DEBUG org.asynchttpclient.netty.request.NettyRequestSender - Using open Channel [id: 0xb70d280a, L:/127.0.0.1:50996 - R:localhost/127.0.0.1:57206] for POST '/session/4d50b6e2b1ffaf7ef5b9cee67c3eec6c/url'
16:34:16.339 [AsyncHttpClient-1-1] DEBUG org.asynchttpclient.netty.channel.DefaultChannelPool - Entry count for : http://localhost:50997 : 1
16:34:17.437 [AsyncHttpClient-1-1] DEBUG org.asynchttpclient.netty.channel.DefaultChannelPool - Entry count for : http://localhost:50997 : 1
16:34:18.538 [AsyncHttpClient-1-1] DEBUG org.asynchttpclient.netty.channel.DefaultChannelPool - Entry count for : http://localhost:50997 : 1
16:34:18.752 [AsyncHttpClient-1-6] DEBUG org.asynchttpclient.netty.handler.HttpHandler - 

Request DefaultHttpRequest(decodeResult: success, version: HTTP/1.1)
POST /session/4d50b6e2b1ffaf7ef5b9cee67c3eec6c/url HTTP/1.1
User-Agent: selenium/4.1.2 (java windows)
Content-Length: 65
Content-Type: application/json; charset=utf-8
host: localhost:57206
accept: */*

Response DefaultHttpResponse(decodeResult: success, version: HTTP/1.1)
HTTP/1.1 200 OK
Content-Type: application/json; charset=utf-8
cache-control: no-cache
content-length: 14

16:34:18.753 [AsyncHttpClient-1-6] DEBUG org.asynchttpclient.netty.channel.ChannelManager - Adding key: http://localhost:57206 for channel [id: 0xb70d280a, L:/127.0.0.1:50996 - R:localhost/127.0.0.1:57206]
16:34:18.754 [Forwarding setTimeout on session 4d50b6e2b1ffaf7ef5b9cee67c3eec6c to remote] DEBUG org.asynchttpclient.netty.request.NettyRequestSender - Using pooled Channel '[id: 0xb70d280a, L:/127.0.0.1:50996 - R:localhost/127.0.0.1:57206]' for 'POST' to 'http://localhost:57206/session/4d50b6e2b1ffaf7ef5b9cee67c3eec6c/timeouts'
16:34:18.754 [Forwarding setTimeout on session 4d50b6e2b1ffaf7ef5b9cee67c3eec6c to remote] DEBUG org.asynchttpclient.netty.request.NettyRequestSender - Using open Channel [id: 0xb70d280a, L:/127.0.0.1:50996 - R:localhost/127.0.0.1:57206] for POST '/session/4d50b6e2b1ffaf7ef5b9cee67c3eec6c/timeouts'
16:34:18.761 [AsyncHttpClient-1-6] DEBUG org.asynchttpclient.netty.handler.HttpHandler - 

Request DefaultHttpRequest(decodeResult: success, version: HTTP/1.1)
POST /session/4d50b6e2b1ffaf7ef5b9cee67c3eec6c/timeouts HTTP/1.1
User-Agent: selenium/4.1.2 (java windows)
Content-Length: 22
Content-Type: application/json; charset=utf-8
host: localhost:57206
accept: */*

Response DefaultHttpResponse(decodeResult: success, version: HTTP/1.1)
HTTP/1.1 200 OK
Content-Type: application/json; charset=utf-8
cache-control: no-cache
content-length: 14

16:34:18.762 [AsyncHttpClient-1-6] DEBUG org.asynchttpclient.netty.channel.ChannelManager - Adding key: http://localhost:57206 for channel [id: 0xb70d280a, L:/127.0.0.1:50996 - R:localhost/127.0.0.1:57206]
16:34:18.767 [Forwarding getCurrentUrl on session 4d50b6e2b1ffaf7ef5b9cee67c3eec6c to remote] DEBUG org.asynchttpclient.netty.request.NettyRequestSender - Using pooled Channel '[id: 0xb70d280a, L:/127.0.0.1:50996 - R:localhost/127.0.0.1:57206]' for 'GET' to 'http://localhost:57206/session/4d50b6e2b1ffaf7ef5b9cee67c3eec6c/url'
16:34:18.767 [Forwarding getCurrentUrl on session 4d50b6e2b1ffaf7ef5b9cee67c3eec6c to remote] DEBUG org.asynchttpclient.netty.request.NettyRequestSender - Using open Channel [id: 0xb70d280a, L:/127.0.0.1:50996 - R:localhost/127.0.0.1:57206] for GET '/session/4d50b6e2b1ffaf7ef5b9cee67c3eec6c/url'
16:34:18.778 [AsyncHttpClient-1-6] DEBUG org.asynchttpclient.netty.handler.HttpHandler - 

Request DefaultFullHttpRequest(decodeResult: success, version: HTTP/1.1, content: EmptyByteBufBE)
GET /session/4d50b6e2b1ffaf7ef5b9cee67c3eec6c/url HTTP/1.1
User-Agent: selenium/4.1.2 (java windows)
Cache-Control: no-cache
Content-Type: application/json; charset=utf-8
host: localhost:57206
accept: */*

Response DefaultHttpResponse(decodeResult: success, version: HTTP/1.1)
HTTP/1.1 200 OK
Content-Type: application/json; charset=utf-8
cache-control: no-cache
content-length: 53

16:34:18.778 [AsyncHttpClient-1-6] DEBUG org.asynchttpclient.netty.channel.ChannelManager - Adding key: http://localhost:57206 for channel [id: 0xb70d280a, L:/127.0.0.1:50996 - R:localhost/127.0.0.1:57206]
16:34:18.785 [Forwarding getCurrentUrl on session 4d50b6e2b1ffaf7ef5b9cee67c3eec6c to remote] DEBUG org.asynchttpclient.netty.request.NettyRequestSender - Using pooled Channel '[id: 0xb70d280a, L:/127.0.0.1:50996 - R:localhost/127.0.0.1:57206]' for 'GET' to 'http://localhost:57206/session/4d50b6e2b1ffaf7ef5b9cee67c3eec6c/url'
16:34:18.785 [Forwarding getCurrentUrl on session 4d50b6e2b1ffaf7ef5b9cee67c3eec6c to remote] DEBUG org.asynchttpclient.netty.request.NettyRequestSender - Using open Channel [id: 0xb70d280a, L:/127.0.0.1:50996 - R:localhost/127.0.0.1:57206] for GET '/session/4d50b6e2b1ffaf7ef5b9cee67c3eec6c/url'
16:34:18.791 [AsyncHttpClient-1-6] DEBUG org.asynchttpclient.netty.handler.HttpHandler - 

Request DefaultFullHttpRequest(decodeResult: success, version: HTTP/1.1, content: EmptyByteBufBE)
GET /session/4d50b6e2b1ffaf7ef5b9cee67c3eec6c/url HTTP/1.1
User-Agent: selenium/4.1.2 (java windows)
Cache-Control: no-cache
Content-Type: application/json; charset=utf-8
host: localhost:57206
accept: */*

Response DefaultHttpResponse(decodeResult: success, version: HTTP/1.1)
HTTP/1.1 200 OK
Content-Type: application/json; charset=utf-8
cache-control: no-cache
content-length: 53

16:34:18.791 [AsyncHttpClient-1-6] DEBUG org.asynchttpclient.netty.channel.ChannelManager - Adding key: http://localhost:57206 for channel [id: 0xb70d280a, L:/127.0.0.1:50996 - R:localhost/127.0.0.1:57206]
16:34:18.805 [Forwarding screenshot on session 4d50b6e2b1ffaf7ef5b9cee67c3eec6c to remote] DEBUG org.asynchttpclient.netty.request.NettyRequestSender - Using pooled Channel '[id: 0xb70d280a, L:/127.0.0.1:50996 - R:localhost/127.0.0.1:57206]' for 'GET' to 'http://localhost:57206/session/4d50b6e2b1ffaf7ef5b9cee67c3eec6c/screenshot'
16:34:18.805 [Forwarding screenshot on session 4d50b6e2b1ffaf7ef5b9cee67c3eec6c to remote] DEBUG org.asynchttpclient.netty.request.NettyRequestSender - Using open Channel [id: 0xb70d280a, L:/127.0.0.1:50996 - R:localhost/127.0.0.1:57206] for GET '/session/4d50b6e2b1ffaf7ef5b9cee67c3eec6c/screenshot'
16:34:19.026 [AsyncHttpClient-1-6] DEBUG org.asynchttpclient.netty.handler.HttpHandler - 

Request DefaultFullHttpRequest(decodeResult: success, version: HTTP/1.1, content: EmptyByteBufBE)
GET /session/4d50b6e2b1ffaf7ef5b9cee67c3eec6c/screenshot HTTP/1.1
User-Agent: selenium/4.1.2 (java windows)
Cache-Control: no-cache
Content-Type: application/json; charset=utf-8
host: localhost:57206
accept: */*

Response DefaultHttpResponse(decodeResult: success, version: HTTP/1.1)
HTTP/1.1 200 OK
Content-Type: application/json; charset=utf-8
cache-control: no-cache
content-length: 136232

16:34:19.029 [AsyncHttpClient-1-6] DEBUG org.asynchttpclient.netty.channel.ChannelManager - Adding key: http://localhost:57206 for channel [id: 0xb70d280a, L:/127.0.0.1:50996 - R:localhost/127.0.0.1:57206]
16:34:19.041 [main] DEBUG net.serenitybdd.core.photography.Darkroom - Send negative for processing for target\site\serenity\1fb2dd2a7ca341dc676a6d1f57f6c38efecdfaec40579bc9cb2b986e747b1610.png
16:34:19.042 [main] DEBUG net.thucydides.core.steps.StepInterceptor - STEP DONE: openUrl
16:34:19.064 [Darkroom Processing Line] DEBUG net.serenitybdd.core.photography.DarkroomProcessingLine - Processing screenshot image in /var/screenshots/screenshot-2273524071980668823
16:34:19.064 [Darkroom Processing Line] DEBUG net.serenitybdd.core.photography.DarkroomProcessingLine - Saving screenshot to target\site\serenity\1fb2dd2a7ca341dc676a6d1f57f6c38efecdfaec40579bc9cb2b986e747b1610.png
16:34:19.076 [main] DEBUG net.thucydides.core.steps.StepInterceptor - STARTING STEP: PatientSteps.iAmAtTheDashboardPage - validateOnDashboardPage
16:34:19.091 [Forwarding findElement on session 4d50b6e2b1ffaf7ef5b9cee67c3eec6c to remote] DEBUG org.asynchttpclient.netty.request.NettyRequestSender - Using pooled Channel '[id: 0xb70d280a, L:/127.0.0.1:50996 - R:localhost/127.0.0.1:57206]' for 'POST' to 'http://localhost:57206/session/4d50b6e2b1ffaf7ef5b9cee67c3eec6c/element'
16:34:19.091 [Forwarding findElement on session 4d50b6e2b1ffaf7ef5b9cee67c3eec6c to remote] DEBUG org.asynchttpclient.netty.request.NettyRequestSender - Using open Channel [id: 0xb70d280a, L:/127.0.0.1:50996 - R:localhost/127.0.0.1:57206] for POST '/session/4d50b6e2b1ffaf7ef5b9cee67c3eec6c/element'
16:34:19.116 [AsyncHttpClient-1-6] DEBUG org.asynchttpclient.netty.handler.HttpHandler - 

Request DefaultHttpRequest(decodeResult: success, version: HTTP/1.1)
POST /session/4d50b6e2b1ffaf7ef5b9cee67c3eec6c/element HTTP/1.1
User-Agent: selenium/4.1.2 (java windows)
Content-Length: 81
Content-Type: application/json; charset=utf-8
host: localhost:57206
accept: */*

Response DefaultHttpResponse(decodeResult: success, version: HTTP/1.1)
HTTP/1.1 200 OK
Content-Type: application/json; charset=utf-8
cache-control: no-cache
content-length: 88

16:34:19.116 [AsyncHttpClient-1-6] DEBUG org.asynchttpclient.netty.channel.ChannelManager - Adding key: http://localhost:57206 for channel [id: 0xb70d280a, L:/127.0.0.1:50996 - R:localhost/127.0.0.1:57206]
16:34:19.121 [Forwarding isElementDisplayed on session 4d50b6e2b1ffaf7ef5b9cee67c3eec6c to remote] DEBUG org.asynchttpclient.netty.request.NettyRequestSender - Using pooled Channel '[id: 0xb70d280a, L:/127.0.0.1:50996 - R:localhost/127.0.0.1:57206]' for 'POST' to 'http://localhost:57206/session/4d50b6e2b1ffaf7ef5b9cee67c3eec6c/execute/sync'
16:34:19.122 [Forwarding isElementDisplayed on session 4d50b6e2b1ffaf7ef5b9cee67c3eec6c to remote] DEBUG org.asynchttpclient.netty.request.NettyRequestSender - Using open Channel [id: 0xb70d280a, L:/127.0.0.1:50996 - R:localhost/127.0.0.1:57206] for POST '/session/4d50b6e2b1ffaf7ef5b9cee67c3eec6c/execute/sync'
16:34:19.153 [AsyncHttpClient-1-6] DEBUG org.asynchttpclient.netty.handler.HttpHandler - 

Request DefaultHttpRequest(decodeResult: success, version: HTTP/1.1)
POST /session/4d50b6e2b1ffaf7ef5b9cee67c3eec6c/execute/sync HTTP/1.1
User-Agent: selenium/4.1.2 (java windows)
Content-Length: 48780
Content-Type: application/json; charset=utf-8
host: localhost:57206
accept: */*

Response DefaultHttpResponse(decodeResult: success, version: HTTP/1.1)
HTTP/1.1 200 OK
Content-Type: application/json; charset=utf-8
cache-control: no-cache
content-length: 14

16:34:19.154 [AsyncHttpClient-1-6] DEBUG org.asynchttpclient.netty.channel.ChannelManager - Adding key: http://localhost:57206 for channel [id: 0xb70d280a, L:/127.0.0.1:50996 - R:localhost/127.0.0.1:57206]
16:34:19.165 [Forwarding screenshot on session 4d50b6e2b1ffaf7ef5b9cee67c3eec6c to remote] DEBUG org.asynchttpclient.netty.request.NettyRequestSender - Using pooled Channel '[id: 0xb70d280a, L:/127.0.0.1:50996 - R:localhost/127.0.0.1:57206]' for 'GET' to 'http://localhost:57206/session/4d50b6e2b1ffaf7ef5b9cee67c3eec6c/screenshot'
16:34:19.165 [Forwarding screenshot on session 4d50b6e2b1ffaf7ef5b9cee67c3eec6c to remote] DEBUG org.asynchttpclient.netty.request.NettyRequestSender - Using open Channel [id: 0xb70d280a, L:/127.0.0.1:50996 - R:localhost/127.0.0.1:57206] for GET '/session/4d50b6e2b1ffaf7ef5b9cee67c3eec6c/screenshot'
16:34:19.359 [AsyncHttpClient-1-6] DEBUG org.asynchttpclient.netty.handler.HttpHandler - 

Request DefaultFullHttpRequest(decodeResult: success, version: HTTP/1.1, content: EmptyByteBufBE)
GET /session/4d50b6e2b1ffaf7ef5b9cee67c3eec6c/screenshot HTTP/1.1
User-Agent: selenium/4.1.2 (java windows)
Cache-Control: no-cache
Content-Type: application/json; charset=utf-8
host: localhost:57206
accept: */*

Response DefaultHttpResponse(decodeResult: success, version: HTTP/1.1)
HTTP/1.1 200 OK
Content-Type: application/json; charset=utf-8
cache-control: no-cache
content-length: 136232

16:34:19.360 [AsyncHttpClient-1-6] DEBUG org.asynchttpclient.netty.channel.ChannelManager - Adding key: http://localhost:57206 for channel [id: 0xb70d280a, L:/127.0.0.1:50996 - R:localhost/127.0.0.1:57206]
16:34:19.368 [main] DEBUG net.serenitybdd.core.photography.Darkroom - Send negative for processing for target\site\serenity\1fb2dd2a7ca341dc676a6d1f57f6c38efecdfaec40579bc9cb2b986e747b1610.png
16:34:19.368 [main] DEBUG net.thucydides.core.steps.StepInterceptor - STEP DONE: validateOnDashboardPage
  &amp#27;[32mGiven &amp#27;[0m&amp#27;[32mI am at the dashboard page&amp#27;[0m                        &amp#27;[90m# starter.stepdefinitions.PatientSteps.iAmAtTheDashboardPage()&amp#27;[0m
16:34:19.394 [main] DEBUG net.thucydides.core.steps.StepInterceptor - STARTING STEP: PatientSteps.iClickMenuPatient - clickMenuPatientButton
16:34:19.397 [Forwarding findElement on session 4d50b6e2b1ffaf7ef5b9cee67c3eec6c to remote] DEBUG org.asynchttpclient.netty.request.NettyRequestSender - Using pooled Channel '[id: 0xb70d280a, L:/127.0.0.1:50996 - R:localhost/127.0.0.1:57206]' for 'POST' to 'http://localhost:57206/session/4d50b6e2b1ffaf7ef5b9cee67c3eec6c/element'
16:34:19.397 [Forwarding findElement on session 4d50b6e2b1ffaf7ef5b9cee67c3eec6c to remote] DEBUG org.asynchttpclient.netty.request.NettyRequestSender - Using open Channel [id: 0xb70d280a, L:/127.0.0.1:50996 - R:localhost/127.0.0.1:57206] for POST '/session/4d50b6e2b1ffaf7ef5b9cee67c3eec6c/element'
16:34:19.416 [AsyncHttpClient-1-6] DEBUG org.asynchttpclient.netty.handler.HttpHandler - 

Request DefaultHttpRequest(decodeResult: success, version: HTTP/1.1)
POST /session/4d50b6e2b1ffaf7ef5b9cee67c3eec6c/element HTTP/1.1
User-Agent: selenium/4.1.2 (java windows)
Content-Length: 80
Content-Type: application/json; charset=utf-8
host: localhost:57206
accept: */*

Response DefaultHttpResponse(decodeResult: success, version: HTTP/1.1)
HTTP/1.1 200 OK
Content-Type: application/json; charset=utf-8
cache-control: no-cache
content-length: 88

16:34:19.416 [AsyncHttpClient-1-6] DEBUG org.asynchttpclient.netty.channel.ChannelManager - Adding key: http://localhost:57206 for channel [id: 0xb70d280a, L:/127.0.0.1:50996 - R:localhost/127.0.0.1:57206]
16:34:19.418 [Forwarding getElementTagName on session 4d50b6e2b1ffaf7ef5b9cee67c3eec6c to remote] DEBUG org.asynchttpclient.netty.request.NettyRequestSender - Using pooled Channel '[id: 0xb70d280a, L:/127.0.0.1:50996 - R:localhost/127.0.0.1:57206]' for 'GET' to 'http://localhost:57206/session/4d50b6e2b1ffaf7ef5b9cee67c3eec6c/element/3dcc50ea-d15b-4e57-8787-0c2d9dd131d7/name'
16:34:19.418 [Forwarding getElementTagName on session 4d50b6e2b1ffaf7ef5b9cee67c3eec6c to remote] DEBUG org.asynchttpclient.netty.request.NettyRequestSender - Using open Channel [id: 0xb70d280a, L:/127.0.0.1:50996 - R:localhost/127.0.0.1:57206] for GET '/session/4d50b6e2b1ffaf7ef5b9cee67c3eec6c/element/3dcc50ea-d15b-4e57-8787-0c2d9dd131d7/name'
16:34:19.424 [AsyncHttpClient-1-6] DEBUG org.asynchttpclient.netty.handler.HttpHandler - 

Request DefaultFullHttpRequest(decodeResult: success, version: HTTP/1.1, content: EmptyByteBufBE)
GET /session/4d50b6e2b1ffaf7ef5b9cee67c3eec6c/element/3dcc50ea-d15b-4e57-8787-0c2d9dd131d7/name HTTP/1.1
User-Agent: selenium/4.1.2 (java windows)
Cache-Control: no-cache
Content-Type: application/json; charset=utf-8
host: localhost:57206
accept: */*

Response DefaultHttpResponse(decodeResult: success, version: HTTP/1.1)
HTTP/1.1 200 OK
Content-Type: application/json; charset=utf-8
cache-control: no-cache
content-length: 15

16:34:19.425 [AsyncHttpClient-1-6] DEBUG org.asynchttpclient.netty.channel.ChannelManager - Adding key: http://localhost:57206 for channel [id: 0xb70d280a, L:/127.0.0.1:50996 - R:localhost/127.0.0.1:57206]
16:34:19.426 [Forwarding getElementTagName on session 4d50b6e2b1ffaf7ef5b9cee67c3eec6c to remote] DEBUG org.asynchttpclient.netty.request.NettyRequestSender - Using pooled Channel '[id: 0xb70d280a, L:/127.0.0.1:50996 - R:localhost/127.0.0.1:57206]' for 'GET' to 'http://localhost:57206/session/4d50b6e2b1ffaf7ef5b9cee67c3eec6c/element/3dcc50ea-d15b-4e57-8787-0c2d9dd131d7/name'
16:34:19.426 [Forwarding getElementTagName on session 4d50b6e2b1ffaf7ef5b9cee67c3eec6c to remote] DEBUG org.asynchttpclient.netty.request.NettyRequestSender - Using open Channel [id: 0xb70d280a, L:/127.0.0.1:50996 - R:localhost/127.0.0.1:57206] for GET '/session/4d50b6e2b1ffaf7ef5b9cee67c3eec6c/element/3dcc50ea-d15b-4e57-8787-0c2d9dd131d7/name'
16:34:19.430 [AsyncHttpClient-1-6] DEBUG org.asynchttpclient.netty.handler.HttpHandler - 

Request DefaultFullHttpRequest(decodeResult: success, version: HTTP/1.1, content: EmptyByteBufBE)
GET /session/4d50b6e2b1ffaf7ef5b9cee67c3eec6c/element/3dcc50ea-d15b-4e57-8787-0c2d9dd131d7/name HTTP/1.1
User-Agent: selenium/4.1.2 (java windows)
Cache-Control: no-cache
Content-Type: application/json; charset=utf-8
host: localhost:57206
accept: */*

Response DefaultHttpResponse(decodeResult: success, version: HTTP/1.1)
HTTP/1.1 200 OK
Content-Type: application/json; charset=utf-8
cache-control: no-cache
content-length: 15

16:34:19.430 [AsyncHttpClient-1-6] DEBUG org.asynchttpclient.netty.channel.ChannelManager - Adding key: http://localhost:57206 for channel [id: 0xb70d280a, L:/127.0.0.1:50996 - R:localhost/127.0.0.1:57206]
16:34:19.433 [Forwarding findElement on session 4d50b6e2b1ffaf7ef5b9cee67c3eec6c to remote] DEBUG org.asynchttpclient.netty.request.NettyRequestSender - Using pooled Channel '[id: 0xb70d280a, L:/127.0.0.1:50996 - R:localhost/127.0.0.1:57206]' for 'POST' to 'http://localhost:57206/session/4d50b6e2b1ffaf7ef5b9cee67c3eec6c/element'
16:34:19.433 [Forwarding findElement on session 4d50b6e2b1ffaf7ef5b9cee67c3eec6c to remote] DEBUG org.asynchttpclient.netty.request.NettyRequestSender - Using open Channel [id: 0xb70d280a, L:/127.0.0.1:50996 - R:localhost/127.0.0.1:57206] for POST '/session/4d50b6e2b1ffaf7ef5b9cee67c3eec6c/element'
16:34:19.442 [AsyncHttpClient-1-6] DEBUG org.asynchttpclient.netty.handler.HttpHandler - 

Request DefaultHttpRequest(decodeResult: success, version: HTTP/1.1)
POST /session/4d50b6e2b1ffaf7ef5b9cee67c3eec6c/element HTTP/1.1
User-Agent: selenium/4.1.2 (java windows)
Content-Length: 80
Content-Type: application/json; charset=utf-8
host: localhost:57206
accept: */*

Response DefaultHttpResponse(decodeResult: success, version: HTTP/1.1)
HTTP/1.1 200 OK
Content-Type: application/json; charset=utf-8
cache-control: no-cache
content-length: 88

16:34:19.442 [AsyncHttpClient-1-6] DEBUG org.asynchttpclient.netty.channel.ChannelManager - Adding key: http://localhost:57206 for channel [id: 0xb70d280a, L:/127.0.0.1:50996 - R:localhost/127.0.0.1:57206]
16:34:19.443 [Forwarding clickElement on session 4d50b6e2b1ffaf7ef5b9cee67c3eec6c to remote] DEBUG org.asynchttpclient.netty.request.NettyRequestSender - Using pooled Channel '[id: 0xb70d280a, L:/127.0.0.1:50996 - R:localhost/127.0.0.1:57206]' for 'POST' to 'http://localhost:57206/session/4d50b6e2b1ffaf7ef5b9cee67c3eec6c/element/3dcc50ea-d15b-4e57-8787-0c2d9dd131d7/click'
16:34:19.443 [Forwarding clickElement on session 4d50b6e2b1ffaf7ef5b9cee67c3eec6c to remote] DEBUG org.asynchttpclient.netty.request.NettyRequestSender - Using open Channel [id: 0xb70d280a, L:/127.0.0.1:50996 - R:localhost/127.0.0.1:57206] for POST '/session/4d50b6e2b1ffaf7ef5b9cee67c3eec6c/element/3dcc50ea-d15b-4e57-8787-0c2d9dd131d7/click'
16:34:19.637 [AsyncHttpClient-1-1] DEBUG org.asynchttpclient.netty.channel.DefaultChannelPool - Entry count for : http://localhost:50997 : 1
16:34:19.649 [AsyncHttpClient-1-6] DEBUG org.asynchttpclient.netty.handler.HttpHandler - 

Request DefaultHttpRequest(decodeResult: success, version: HTTP/1.1)
POST /session/4d50b6e2b1ffaf7ef5b9cee67c3eec6c/element/3dcc50ea-d15b-4e57-8787-0c2d9dd131d7/click HTTP/1.1
User-Agent: selenium/4.1.2 (java windows)
Content-Length: 50
Content-Type: application/json; charset=utf-8
host: localhost:57206
accept: */*

Response DefaultHttpResponse(decodeResult: success, version: HTTP/1.1)
HTTP/1.1 200 OK
Content-Type: application/json; charset=utf-8
cache-control: no-cache
content-length: 14

16:34:19.649 [AsyncHttpClient-1-6] DEBUG org.asynchttpclient.netty.channel.ChannelManager - Adding key: http://localhost:57206 for channel [id: 0xb70d280a, L:/127.0.0.1:50996 - R:localhost/127.0.0.1:57206]
16:34:19.657 [Forwarding screenshot on session 4d50b6e2b1ffaf7ef5b9cee67c3eec6c to remote] DEBUG org.asynchttpclient.netty.request.NettyRequestSender - Using pooled Channel '[id: 0xb70d280a, L:/127.0.0.1:50996 - R:localhost/127.0.0.1:57206]' for 'GET' to 'http://localhost:57206/session/4d50b6e2b1ffaf7ef5b9cee67c3eec6c/screenshot'
16:34:19.657 [Forwarding screenshot on session 4d50b6e2b1ffaf7ef5b9cee67c3eec6c to remote] DEBUG org.asynchttpclient.netty.request.NettyRequestSender - Using open Channel [id: 0xb70d280a, L:/127.0.0.1:50996 - R:localhost/127.0.0.1:57206] for GET '/session/4d50b6e2b1ffaf7ef5b9cee67c3eec6c/screenshot'
16:34:19.767 [AsyncHttpClient-1-6] DEBUG org.asynchttpclient.netty.handler.HttpHandler - 

Request DefaultFullHttpRequest(decodeResult: success, version: HTTP/1.1, content: EmptyByteBufBE)
GET /session/4d50b6e2b1ffaf7ef5b9cee67c3eec6c/screenshot HTTP/1.1
User-Agent: selenium/4.1.2 (java windows)
Cache-Control: no-cache
Content-Type: application/json; charset=utf-8
host: localhost:57206
accept: */*

Response DefaultHttpResponse(decodeResult: success, version: HTTP/1.1)
HTTP/1.1 200 OK
Content-Type: application/json; charset=utf-8
cache-control: no-cache
content-length: 37108

16:34:19.768 [AsyncHttpClient-1-6] DEBUG org.asynchttpclient.netty.channel.ChannelManager - Adding key: http://localhost:57206 for channel [id: 0xb70d280a, L:/127.0.0.1:50996 - R:localhost/127.0.0.1:57206]
16:34:19.772 [main] DEBUG net.serenitybdd.core.photography.Darkroom - Send negative for processing for target\site\serenity\191892a91731ac9195bdb99cdcc5e2b48dec5b3983076e7a0bc1cdda6d18b5fb.png
16:34:19.772 [main] DEBUG net.thucydides.core.steps.StepInterceptor - STEP DONE: clickMenuPatientButton
  &amp#27;[32mAnd &amp#27;[0m&amp#27;[32mI click menu patient&amp#27;[0m                                &amp#27;[90m# starter.stepdefinitions.PatientSteps.iClickMenuPatient()&amp#27;[0m
16:34:19.772 [Darkroom Processing Line] DEBUG net.serenitybdd.core.photography.DarkroomProcessingLine - Processing screenshot image in /var/screenshots/screenshot-17638962982183480340
16:34:19.772 [Darkroom Processing Line] DEBUG net.serenitybdd.core.photography.DarkroomProcessingLine - Saving screenshot to target\site\serenity\191892a91731ac9195bdb99cdcc5e2b48dec5b3983076e7a0bc1cdda6d18b5fb.png
16:34:19.787 [Forwarding findElement on session 4d50b6e2b1ffaf7ef5b9cee67c3eec6c to remote] DEBUG org.asynchttpclient.netty.request.NettyRequestSender - Using pooled Channel '[id: 0xb70d280a, L:/127.0.0.1:50996 - R:localhost/127.0.0.1:57206]' for 'POST' to 'http://localhost:57206/session/4d50b6e2b1ffaf7ef5b9cee67c3eec6c/element'
16:34:19.787 [Forwarding findElement on session 4d50b6e2b1ffaf7ef5b9cee67c3eec6c to remote] DEBUG org.asynchttpclient.netty.request.NettyRequestSender - Using open Channel [id: 0xb70d280a, L:/127.0.0.1:50996 - R:localhost/127.0.0.1:57206] for POST '/session/4d50b6e2b1ffaf7ef5b9cee67c3eec6c/element'
16:34:19.803 [AsyncHttpClient-1-6] DEBUG org.asynchttpclient.netty.handler.HttpHandler - 

Request DefaultHttpRequest(decodeResult: success, version: HTTP/1.1)
POST /session/4d50b6e2b1ffaf7ef5b9cee67c3eec6c/element HTTP/1.1
User-Agent: selenium/4.1.2 (java windows)
Content-Length: 160
Content-Type: application/json; charset=utf-8
host: localhost:57206
accept: */*

Response DefaultHttpResponse(decodeResult: success, version: HTTP/1.1)
HTTP/1.1 200 OK
Content-Type: application/json; charset=utf-8
cache-control: no-cache
content-length: 88

16:34:19.803 [AsyncHttpClient-1-6] DEBUG org.asynchttpclient.netty.channel.ChannelManager - Adding key: http://localhost:57206 for channel [id: 0xb70d280a, L:/127.0.0.1:50996 - R:localhost/127.0.0.1:57206]
16:34:19.804 [Forwarding clearElement on session 4d50b6e2b1ffaf7ef5b9cee67c3eec6c to remote] DEBUG org.asynchttpclient.netty.request.NettyRequestSender - Using pooled Channel '[id: 0xb70d280a, L:/127.0.0.1:50996 - R:localhost/127.0.0.1:57206]' for 'POST' to 'http://localhost:57206/session/4d50b6e2b1ffaf7ef5b9cee67c3eec6c/element/613a6e5b-d354-4d3a-9461-2c2f653c550e/clear'
16:34:19.804 [Forwarding clearElement on session 4d50b6e2b1ffaf7ef5b9cee67c3eec6c to remote] DEBUG org.asynchttpclient.netty.request.NettyRequestSender - Using open Channel [id: 0xb70d280a, L:/127.0.0.1:50996 - R:localhost/127.0.0.1:57206] for POST '/session/4d50b6e2b1ffaf7ef5b9cee67c3eec6c/element/613a6e5b-d354-4d3a-9461-2c2f653c550e/clear'
16:34:19.860 [AsyncHttpClient-1-6] DEBUG org.asynchttpclient.netty.handler.HttpHandler - 

Request DefaultHttpRequest(decodeResult: success, version: HTTP/1.1)
POST /session/4d50b6e2b1ffaf7ef5b9cee67c3eec6c/element/613a6e5b-d354-4d3a-9461-2c2f653c550e/clear HTTP/1.1
User-Agent: selenium/4.1.2 (java windows)
Content-Length: 50
Content-Type: application/json; charset=utf-8
host: localhost:57206
accept: */*

Response DefaultHttpResponse(decodeResult: success, version: HTTP/1.1)
HTTP/1.1 200 OK
Content-Type: application/json; charset=utf-8
cache-control: no-cache
content-length: 14

16:34:19.860 [AsyncHttpClient-1-6] DEBUG org.asynchttpclient.netty.channel.ChannelManager - Adding key: http://localhost:57206 for channel [id: 0xb70d280a, L:/127.0.0.1:50996 - R:localhost/127.0.0.1:57206]
16:34:19.861 [Forwarding sendKeysToElement on session 4d50b6e2b1ffaf7ef5b9cee67c3eec6c to remote] DEBUG org.asynchttpclient.netty.request.NettyRequestSender - Using pooled Channel '[id: 0xb70d280a, L:/127.0.0.1:50996 - R:localhost/127.0.0.1:57206]' for 'POST' to 'http://localhost:57206/session/4d50b6e2b1ffaf7ef5b9cee67c3eec6c/element/613a6e5b-d354-4d3a-9461-2c2f653c550e/value'
16:34:19.862 [Forwarding sendKeysToElement on session 4d50b6e2b1ffaf7ef5b9cee67c3eec6c to remote] DEBUG org.asynchttpclient.netty.request.NettyRequestSender - Using open Channel [id: 0xb70d280a, L:/127.0.0.1:50996 - R:localhost/127.0.0.1:57206] for POST '/session/4d50b6e2b1ffaf7ef5b9cee67c3eec6c/element/613a6e5b-d354-4d3a-9461-2c2f653c550e/value'
16:34:20.124 [AsyncHttpClient-1-6] DEBUG org.asynchttpclient.netty.handler.HttpHandler - 

Request DefaultHttpRequest(decodeResult: success, version: HTTP/1.1)
POST /session/4d50b6e2b1ffaf7ef5b9cee67c3eec6c/element/613a6e5b-d354-4d3a-9461-2c2f653c550e/value HTTP/1.1
User-Agent: selenium/4.1.2 (java windows)
Content-Length: 141
Content-Type: application/json; charset=utf-8
host: localhost:57206
accept: */*

Response DefaultHttpResponse(decodeResult: success, version: HTTP/1.1)
HTTP/1.1 200 OK
Content-Type: application/json; charset=utf-8
cache-control: no-cache
content-length: 14

16:34:20.124 [AsyncHttpClient-1-6] DEBUG org.asynchttpclient.netty.channel.ChannelManager - Adding key: http://localhost:57206 for channel [id: 0xb70d280a, L:/127.0.0.1:50996 - R:localhost/127.0.0.1:57206]
16:34:20.134 [Forwarding screenshot on session 4d50b6e2b1ffaf7ef5b9cee67c3eec6c to remote] DEBUG org.asynchttpclient.netty.request.NettyRequestSender - Using pooled Channel '[id: 0xb70d280a, L:/127.0.0.1:50996 - R:localhost/127.0.0.1:57206]' for 'GET' to 'http://localhost:57206/session/4d50b6e2b1ffaf7ef5b9cee67c3eec6c/screenshot'
16:34:20.134 [Forwarding screenshot on session 4d50b6e2b1ffaf7ef5b9cee67c3eec6c to remote] DEBUG org.asynchttpclient.netty.request.NettyRequestSender - Using open Channel [id: 0xb70d280a, L:/127.0.0.1:50996 - R:localhost/127.0.0.1:57206] for GET '/session/4d50b6e2b1ffaf7ef5b9cee67c3eec6c/screenshot'
16:34:20.242 [AsyncHttpClient-1-6] DEBUG org.asynchttpclient.netty.handler.HttpHandler - 

Request DefaultFullHttpRequest(decodeResult: success, version: HTTP/1.1, content: EmptyByteBufBE)
GET /session/4d50b6e2b1ffaf7ef5b9cee67c3eec6c/screenshot HTTP/1.1
User-Agent: selenium/4.1.2 (java windows)
Cache-Control: no-cache
Content-Type: application/json; charset=utf-8
host: localhost:57206
accept: */*

Response DefaultHttpResponse(decodeResult: success, version: HTTP/1.1)
HTTP/1.1 200 OK
Content-Type: application/json; charset=utf-8
cache-control: no-cache
content-length: 54412

16:34:20.242 [AsyncHttpClient-1-6] DEBUG org.asynchttpclient.netty.channel.ChannelManager - Adding key: http://localhost:57206 for channel [id: 0xb70d280a, L:/127.0.0.1:50996 - R:localhost/127.0.0.1:57206]
16:34:20.245 [main] DEBUG net.serenitybdd.core.photography.Darkroom - Send negative for processing for target\site\serenity\7d25262ea93f48f45c1ffc4df6602f5e958e8e16982a873d5e440ba5a47bbb37.png
16:34:20.246 [main] DEBUG net.thucydides.core.steps.StepInterceptor - STARTING STEP: PatientSteps.iInputPatientGenderAndClickSearch - clickSearchButton
16:34:20.246 [Darkroom Processing Line] DEBUG net.serenitybdd.core.photography.DarkroomProcessingLine - Processing screenshot image in /var/screenshots/screenshot-15557424929455231170
16:34:20.246 [Darkroom Processing Line] DEBUG net.serenitybdd.core.photography.DarkroomProcessingLine - Saving screenshot to target\site\serenity\7d25262ea93f48f45c1ffc4df6602f5e958e8e16982a873d5e440ba5a47bbb37.png
16:34:20.257 [Forwarding findElement on session 4d50b6e2b1ffaf7ef5b9cee67c3eec6c to remote] DEBUG org.asynchttpclient.netty.request.NettyRequestSender - Using pooled Channel '[id: 0xb70d280a, L:/127.0.0.1:50996 - R:localhost/127.0.0.1:57206]' for 'POST' to 'http://localhost:57206/session/4d50b6e2b1ffaf7ef5b9cee67c3eec6c/element'
16:34:20.258 [Forwarding findElement on session 4d50b6e2b1ffaf7ef5b9cee67c3eec6c to remote] DEBUG org.asynchttpclient.netty.request.NettyRequestSender - Using open Channel [id: 0xb70d280a, L:/127.0.0.1:50996 - R:localhost/127.0.0.1:57206] for POST '/session/4d50b6e2b1ffaf7ef5b9cee67c3eec6c/element'
16:34:20.272 [AsyncHttpClient-1-6] DEBUG org.asynchttpclient.netty.handler.HttpHandler - 

Request DefaultHttpRequest(decodeResult: success, version: HTTP/1.1)
POST /session/4d50b6e2b1ffaf7ef5b9cee67c3eec6c/element HTTP/1.1
User-Agent: selenium/4.1.2 (java windows)
Content-Length: 161
Content-Type: application/json; charset=utf-8
host: localhost:57206
accept: */*

Response DefaultHttpResponse(decodeResult: success, version: HTTP/1.1)
HTTP/1.1 200 OK
Content-Type: application/json; charset=utf-8
cache-control: no-cache
content-length: 88

16:34:20.272 [AsyncHttpClient-1-6] DEBUG org.asynchttpclient.netty.channel.ChannelManager - Adding key: http://localhost:57206 for channel [id: 0xb70d280a, L:/127.0.0.1:50996 - R:localhost/127.0.0.1:57206]
16:34:20.274 [Forwarding getElementTagName on session 4d50b6e2b1ffaf7ef5b9cee67c3eec6c to remote] DEBUG org.asynchttpclient.netty.request.NettyRequestSender - Using pooled Channel '[id: 0xb70d280a, L:/127.0.0.1:50996 - R:localhost/127.0.0.1:57206]' for 'GET' to 'http://localhost:57206/session/4d50b6e2b1ffaf7ef5b9cee67c3eec6c/element/16c0ecf9-e0e5-4587-ad3f-0e22874297d9/name'
16:34:20.274 [Forwarding getElementTagName on session 4d50b6e2b1ffaf7ef5b9cee67c3eec6c to remote] DEBUG org.asynchttpclient.netty.request.NettyRequestSender - Using open Channel [id: 0xb70d280a, L:/127.0.0.1:50996 - R:localhost/127.0.0.1:57206] for GET '/session/4d50b6e2b1ffaf7ef5b9cee67c3eec6c/element/16c0ecf9-e0e5-4587-ad3f-0e22874297d9/name'
16:34:20.278 [AsyncHttpClient-1-6] DEBUG org.asynchttpclient.netty.handler.HttpHandler - 

Request DefaultFullHttpRequest(decodeResult: success, version: HTTP/1.1, content: EmptyByteBufBE)
GET /session/4d50b6e2b1ffaf7ef5b9cee67c3eec6c/element/16c0ecf9-e0e5-4587-ad3f-0e22874297d9/name HTTP/1.1
User-Agent: selenium/4.1.2 (java windows)
Cache-Control: no-cache
Content-Type: application/json; charset=utf-8
host: localhost:57206
accept: */*

Response DefaultHttpResponse(decodeResult: success, version: HTTP/1.1)
HTTP/1.1 200 OK
Content-Type: application/json; charset=utf-8
cache-control: no-cache
content-length: 18

16:34:20.278 [AsyncHttpClient-1-6] DEBUG org.asynchttpclient.netty.channel.ChannelManager - Adding key: http://localhost:57206 for channel [id: 0xb70d280a, L:/127.0.0.1:50996 - R:localhost/127.0.0.1:57206]
16:34:20.367 [Forwarding getElementTagName on session 4d50b6e2b1ffaf7ef5b9cee67c3eec6c to remote] DEBUG org.asynchttpclient.netty.request.NettyRequestSender - Using pooled Channel '[id: 0xb70d280a, L:/127.0.0.1:50996 - R:localhost/127.0.0.1:57206]' for 'GET' to 'http://localhost:57206/session/4d50b6e2b1ffaf7ef5b9cee67c3eec6c/element/16c0ecf9-e0e5-4587-ad3f-0e22874297d9/name'
16:34:20.367 [Forwarding getElementTagName on session 4d50b6e2b1ffaf7ef5b9cee67c3eec6c to remote] DEBUG org.asynchttpclient.netty.request.NettyRequestSender - Using open Channel [id: 0xb70d280a, L:/127.0.0.1:50996 - R:localhost/127.0.0.1:57206] for GET '/session/4d50b6e2b1ffaf7ef5b9cee67c3eec6c/element/16c0ecf9-e0e5-4587-ad3f-0e22874297d9/name'
16:34:20.376 [AsyncHttpClient-1-6] DEBUG org.asynchttpclient.netty.handler.HttpHandler - 

Request DefaultFullHttpRequest(decodeResult: success, version: HTTP/1.1, content: EmptyByteBufBE)
GET /session/4d50b6e2b1ffaf7ef5b9cee67c3eec6c/element/16c0ecf9-e0e5-4587-ad3f-0e22874297d9/name HTTP/1.1
User-Agent: selenium/4.1.2 (java windows)
Cache-Control: no-cache
Content-Type: application/json; charset=utf-8
host: localhost:57206
accept: */*

Response DefaultHttpResponse(decodeResult: success, version: HTTP/1.1)
HTTP/1.1 200 OK
Content-Type: application/json; charset=utf-8
cache-control: no-cache
content-length: 18

16:34:20.377 [AsyncHttpClient-1-6] DEBUG org.asynchttpclient.netty.channel.ChannelManager - Adding key: http://localhost:57206 for channel [id: 0xb70d280a, L:/127.0.0.1:50996 - R:localhost/127.0.0.1:57206]
16:34:20.383 [Forwarding isElementEnabled on session 4d50b6e2b1ffaf7ef5b9cee67c3eec6c to remote] DEBUG org.asynchttpclient.netty.request.NettyRequestSender - Using pooled Channel '[id: 0xb70d280a, L:/127.0.0.1:50996 - R:localhost/127.0.0.1:57206]' for 'GET' to 'http://localhost:57206/session/4d50b6e2b1ffaf7ef5b9cee67c3eec6c/element/16c0ecf9-e0e5-4587-ad3f-0e22874297d9/enabled'
16:34:20.383 [Forwarding isElementEnabled on session 4d50b6e2b1ffaf7ef5b9cee67c3eec6c to remote] DEBUG org.asynchttpclient.netty.request.NettyRequestSender - Using open Channel [id: 0xb70d280a, L:/127.0.0.1:50996 - R:localhost/127.0.0.1:57206] for GET '/session/4d50b6e2b1ffaf7ef5b9cee67c3eec6c/element/16c0ecf9-e0e5-4587-ad3f-0e22874297d9/enabled'
16:34:20.415 [AsyncHttpClient-1-6] DEBUG org.asynchttpclient.netty.handler.HttpHandler - 

Request DefaultFullHttpRequest(decodeResult: success, version: HTTP/1.1, content: EmptyByteBufBE)
GET /session/4d50b6e2b1ffaf7ef5b9cee67c3eec6c/element/16c0ecf9-e0e5-4587-ad3f-0e22874297d9/enabled HTTP/1.1
User-Agent: selenium/4.1.2 (java windows)
Cache-Control: no-cache
Content-Type: application/json; charset=utf-8
host: localhost:57206
accept: */*

Response DefaultHttpResponse(decodeResult: success, version: HTTP/1.1)
HTTP/1.1 200 OK
Content-Type: application/json; charset=utf-8
cache-control: no-cache
content-length: 14

16:34:20.416 [AsyncHttpClient-1-6] DEBUG org.asynchttpclient.netty.channel.ChannelManager - Adding key: http://localhost:57206 for channel [id: 0xb70d280a, L:/127.0.0.1:50996 - R:localhost/127.0.0.1:57206]
16:34:20.419 [Forwarding isElementEnabled on session 4d50b6e2b1ffaf7ef5b9cee67c3eec6c to remote] DEBUG org.asynchttpclient.netty.request.NettyRequestSender - Using pooled Channel '[id: 0xb70d280a, L:/127.0.0.1:50996 - R:localhost/127.0.0.1:57206]' for 'GET' to 'http://localhost:57206/session/4d50b6e2b1ffaf7ef5b9cee67c3eec6c/element/16c0ecf9-e0e5-4587-ad3f-0e22874297d9/enabled'
16:34:20.420 [Forwarding isElementEnabled on session 4d50b6e2b1ffaf7ef5b9cee67c3eec6c to remote] DEBUG org.asynchttpclient.netty.request.NettyRequestSender - Using open Channel [id: 0xb70d280a, L:/127.0.0.1:50996 - R:localhost/127.0.0.1:57206] for GET '/session/4d50b6e2b1ffaf7ef5b9cee67c3eec6c/element/16c0ecf9-e0e5-4587-ad3f-0e22874297d9/enabled'
16:34:20.431 [AsyncHttpClient-1-6] DEBUG org.asynchttpclient.netty.handler.HttpHandler - 

Request DefaultFullHttpRequest(decodeResult: success, version: HTTP/1.1, content: EmptyByteBufBE)
GET /session/4d50b6e2b1ffaf7ef5b9cee67c3eec6c/element/16c0ecf9-e0e5-4587-ad3f-0e22874297d9/enabled HTTP/1.1
User-Agent: selenium/4.1.2 (java windows)
Cache-Control: no-cache
Content-Type: application/json; charset=utf-8
host: localhost:57206
accept: */*

Response DefaultHttpResponse(decodeResult: success, version: HTTP/1.1)
HTTP/1.1 200 OK
Content-Type: application/json; charset=utf-8
cache-control: no-cache
content-length: 14

16:34:20.431 [AsyncHttpClient-1-6] DEBUG org.asynchttpclient.netty.channel.ChannelManager - Adding key: http://localhost:57206 for channel [id: 0xb70d280a, L:/127.0.0.1:50996 - R:localhost/127.0.0.1:57206]
16:34:20.433 [Forwarding findElement on session 4d50b6e2b1ffaf7ef5b9cee67c3eec6c to remote] DEBUG org.asynchttpclient.netty.request.NettyRequestSender - Using pooled Channel '[id: 0xb70d280a, L:/127.0.0.1:50996 - R:localhost/127.0.0.1:57206]' for 'POST' to 'http://localhost:57206/session/4d50b6e2b1ffaf7ef5b9cee67c3eec6c/element'
16:34:20.433 [Forwarding findElement on session 4d50b6e2b1ffaf7ef5b9cee67c3eec6c to remote] DEBUG org.asynchttpclient.netty.request.NettyRequestSender - Using open Channel [id: 0xb70d280a, L:/127.0.0.1:50996 - R:localhost/127.0.0.1:57206] for POST '/session/4d50b6e2b1ffaf7ef5b9cee67c3eec6c/element'
16:34:20.444 [AsyncHttpClient-1-6] DEBUG org.asynchttpclient.netty.handler.HttpHandler - 

Request DefaultHttpRequest(decodeResult: success, version: HTTP/1.1)
POST /session/4d50b6e2b1ffaf7ef5b9cee67c3eec6c/element HTTP/1.1
User-Agent: selenium/4.1.2 (java windows)
Content-Length: 161
Content-Type: application/json; charset=utf-8
host: localhost:57206
accept: */*

Response DefaultHttpResponse(decodeResult: success, version: HTTP/1.1)
HTTP/1.1 200 OK
Content-Type: application/json; charset=utf-8
cache-control: no-cache
content-length: 88

16:34:20.444 [AsyncHttpClient-1-6] DEBUG org.asynchttpclient.netty.channel.ChannelManager - Adding key: http://localhost:57206 for channel [id: 0xb70d280a, L:/127.0.0.1:50996 - R:localhost/127.0.0.1:57206]
16:34:20.445 [Forwarding clickElement on session 4d50b6e2b1ffaf7ef5b9cee67c3eec6c to remote] DEBUG org.asynchttpclient.netty.request.NettyRequestSender - Using pooled Channel '[id: 0xb70d280a, L:/127.0.0.1:50996 - R:localhost/127.0.0.1:57206]' for 'POST' to 'http://localhost:57206/session/4d50b6e2b1ffaf7ef5b9cee67c3eec6c/element/16c0ecf9-e0e5-4587-ad3f-0e22874297d9/click'
16:34:20.445 [Forwarding clickElement on session 4d50b6e2b1ffaf7ef5b9cee67c3eec6c to remote] DEBUG org.asynchttpclient.netty.request.NettyRequestSender - Using open Channel [id: 0xb70d280a, L:/127.0.0.1:50996 - R:localhost/127.0.0.1:57206] for POST '/session/4d50b6e2b1ffaf7ef5b9cee67c3eec6c/element/16c0ecf9-e0e5-4587-ad3f-0e22874297d9/click'
16:34:20.505 [AsyncHttpClient-1-6] DEBUG org.asynchttpclient.netty.handler.HttpHandler - 

Request DefaultHttpRequest(decodeResult: success, version: HTTP/1.1)
POST /session/4d50b6e2b1ffaf7ef5b9cee67c3eec6c/element/16c0ecf9-e0e5-4587-ad3f-0e22874297d9/click HTTP/1.1
User-Agent: selenium/4.1.2 (java windows)
Content-Length: 50
Content-Type: application/json; charset=utf-8
host: localhost:57206
accept: */*

Response DefaultHttpResponse(decodeResult: success, version: HTTP/1.1)
HTTP/1.1 200 OK
Content-Type: application/json; charset=utf-8
cache-control: no-cache
content-length: 14

16:34:20.505 [AsyncHttpClient-1-6] DEBUG org.asynchttpclient.netty.channel.ChannelManager - Adding key: http://localhost:57206 for channel [id: 0xb70d280a, L:/127.0.0.1:50996 - R:localhost/127.0.0.1:57206]
16:34:20.511 [Forwarding screenshot on session 4d50b6e2b1ffaf7ef5b9cee67c3eec6c to remote] DEBUG org.asynchttpclient.netty.request.NettyRequestSender - Using pooled Channel '[id: 0xb70d280a, L:/127.0.0.1:50996 - R:localhost/127.0.0.1:57206]' for 'GET' to 'http://localhost:57206/session/4d50b6e2b1ffaf7ef5b9cee67c3eec6c/screenshot'
16:34:20.511 [Forwarding screenshot on session 4d50b6e2b1ffaf7ef5b9cee67c3eec6c to remote] DEBUG org.asynchttpclient.netty.request.NettyRequestSender - Using open Channel [id: 0xb70d280a, L:/127.0.0.1:50996 - R:localhost/127.0.0.1:57206] for GET '/session/4d50b6e2b1ffaf7ef5b9cee67c3eec6c/screenshot'
16:34:20.642 [AsyncHttpClient-1-6] DEBUG org.asynchttpclient.netty.handler.HttpHandler - 

Request DefaultFullHttpRequest(decodeResult: success, version: HTTP/1.1, content: EmptyByteBufBE)
GET /session/4d50b6e2b1ffaf7ef5b9cee67c3eec6c/screenshot HTTP/1.1
User-Agent: selenium/4.1.2 (java windows)
Cache-Control: no-cache
Content-Type: application/json; charset=utf-8
host: localhost:57206
accept: */*

Response DefaultHttpResponse(decodeResult: success, version: HTTP/1.1)
HTTP/1.1 200 OK
Content-Type: application/json; charset=utf-8
cache-control: no-cache
content-length: 55940

16:34:20.642 [AsyncHttpClient-1-6] DEBUG org.asynchttpclient.netty.channel.ChannelManager - Adding key: http://localhost:57206 for channel [id: 0xb70d280a, L:/127.0.0.1:50996 - R:localhost/127.0.0.1:57206]
16:34:20.647 [main] DEBUG net.serenitybdd.core.photography.Darkroom - Send negative for processing for target\site\serenity\a51e7e2c6c55db9db7137a95a79e82a94e1e06a1e63f16fedec2f5601101617c.png
16:34:20.647 [main] DEBUG net.thucydides.core.steps.StepInterceptor - STEP DONE: clickSearchButton
  &amp#27;[32mWhen &amp#27;[0m&amp#27;[32mI input patient gender and click search&amp#27;[0m            &amp#27;[90m# starter.stepdefinitions.PatientSteps.iInputPatientGenderAndClickSearch()&amp#27;[0m
16:34:20.648 [Darkroom Processing Line] DEBUG net.serenitybdd.core.photography.DarkroomProcessingLine - Processing screenshot image in /var/screenshots/screenshot-3146122611840694331
16:34:20.648 [Darkroom Processing Line] DEBUG net.serenitybdd.core.photography.DarkroomProcessingLine - Saving screenshot to target\site\serenity\a51e7e2c6c55db9db7137a95a79e82a94e1e06a1e63f16fedec2f5601101617c.png
16:34:20.661 [Forwarding findElement on session 4d50b6e2b1ffaf7ef5b9cee67c3eec6c to remote] DEBUG org.asynchttpclient.netty.request.NettyRequestSender - Using pooled Channel '[id: 0xb70d280a, L:/127.0.0.1:50996 - R:localhost/127.0.0.1:57206]' for 'POST' to 'http://localhost:57206/session/4d50b6e2b1ffaf7ef5b9cee67c3eec6c/element'
16:34:20.662 [Forwarding findElement on session 4d50b6e2b1ffaf7ef5b9cee67c3eec6c to remote] DEBUG org.asynchttpclient.netty.request.NettyRequestSender - Using open Channel [id: 0xb70d280a, L:/127.0.0.1:50996 - R:localhost/127.0.0.1:57206] for POST '/session/4d50b6e2b1ffaf7ef5b9cee67c3eec6c/element'
16:34:20.678 [AsyncHttpClient-1-6] DEBUG org.asynchttpclient.netty.handler.HttpHandler - 

Request DefaultHttpRequest(decodeResult: success, version: HTTP/1.1)
POST /session/4d50b6e2b1ffaf7ef5b9cee67c3eec6c/element HTTP/1.1
User-Agent: selenium/4.1.2 (java windows)
Content-Length: 76
Content-Type: application/json; charset=utf-8
host: localhost:57206
accept: */*

Response DefaultHttpResponse(decodeResult: success, version: HTTP/1.1)
HTTP/1.1 200 OK
Content-Type: application/json; charset=utf-8
cache-control: no-cache
content-length: 88

16:34:20.678 [AsyncHttpClient-1-6] DEBUG org.asynchttpclient.netty.channel.ChannelManager - Adding key: http://localhost:57206 for channel [id: 0xb70d280a, L:/127.0.0.1:50996 - R:localhost/127.0.0.1:57206]
16:34:20.683 [Forwarding isElementDisplayed on session 4d50b6e2b1ffaf7ef5b9cee67c3eec6c to remote] DEBUG org.asynchttpclient.netty.request.NettyRequestSender - Using pooled Channel '[id: 0xb70d280a, L:/127.0.0.1:50996 - R:localhost/127.0.0.1:57206]' for 'POST' to 'http://localhost:57206/session/4d50b6e2b1ffaf7ef5b9cee67c3eec6c/execute/sync'
16:34:20.683 [Forwarding isElementDisplayed on session 4d50b6e2b1ffaf7ef5b9cee67c3eec6c to remote] DEBUG org.asynchttpclient.netty.request.NettyRequestSender - Using open Channel [id: 0xb70d280a, L:/127.0.0.1:50996 - R:localhost/127.0.0.1:57206] for POST '/session/4d50b6e2b1ffaf7ef5b9cee67c3eec6c/execute/sync'
16:34:20.716 [AsyncHttpClient-1-6] DEBUG org.asynchttpclient.netty.handler.HttpHandler - 

Request DefaultHttpRequest(decodeResult: success, version: HTTP/1.1)
POST /session/4d50b6e2b1ffaf7ef5b9cee67c3eec6c/execute/sync HTTP/1.1
User-Agent: selenium/4.1.2 (java windows)
Content-Length: 48780
Content-Type: application/json; charset=utf-8
host: localhost:57206
accept: */*

Response DefaultHttpResponse(decodeResult: success, version: HTTP/1.1)
HTTP/1.1 200 OK
Content-Type: application/json; charset=utf-8
cache-control: no-cache
content-length: 14

16:34:20.716 [AsyncHttpClient-1-6] DEBUG org.asynchttpclient.netty.channel.ChannelManager - Adding key: http://localhost:57206 for channel [id: 0xb70d280a, L:/127.0.0.1:50996 - R:localhost/127.0.0.1:57206]
  &amp#27;[32mThen &amp#27;[0m&amp#27;[32mI validate search by patient gender&amp#27;[0m                &amp#27;[90m# starter.stepdefinitions.PatientSteps.iValidateSearchByPatientGender()&amp#27;[0m
16:34:20.721 [Forwarding screenshot on session 4d50b6e2b1ffaf7ef5b9cee67c3eec6c to remote] DEBUG org.asynchttpclient.netty.request.NettyRequestSender - Using pooled Channel '[id: 0xb70d280a, L:/127.0.0.1:50996 - R:localhost/127.0.0.1:57206]' for 'GET' to 'http://localhost:57206/session/4d50b6e2b1ffaf7ef5b9cee67c3eec6c/screenshot'
16:34:20.722 [Forwarding screenshot on session 4d50b6e2b1ffaf7ef5b9cee67c3eec6c to remote] DEBUG org.asynchttpclient.netty.request.NettyRequestSender - Using open Channel [id: 0xb70d280a, L:/127.0.0.1:50996 - R:localhost/127.0.0.1:57206] for GET '/session/4d50b6e2b1ffaf7ef5b9cee67c3eec6c/screenshot'
16:34:20.738 [AsyncHttpClient-1-1] DEBUG org.asynchttpclient.netty.channel.DefaultChannelPool - Entry count for : http://localhost:50997 : 1
16:34:20.833 [AsyncHttpClient-1-6] DEBUG org.asynchttpclient.netty.handler.HttpHandler - 

Request DefaultFullHttpRequest(decodeResult: success, version: HTTP/1.1, content: EmptyByteBufBE)
GET /session/4d50b6e2b1ffaf7ef5b9cee67c3eec6c/screenshot HTTP/1.1
User-Agent: selenium/4.1.2 (java windows)
Cache-Control: no-cache
Content-Type: application/json; charset=utf-8
host: localhost:57206
accept: */*

Response DefaultHttpResponse(decodeResult: success, version: HTTP/1.1)
HTTP/1.1 200 OK
Content-Type: application/json; charset=utf-8
cache-control: no-cache
content-length: 76560

16:34:20.834 [AsyncHttpClient-1-6] DEBUG org.asynchttpclient.netty.channel.ChannelManager - Adding key: http://localhost:57206 for channel [id: 0xb70d280a, L:/127.0.0.1:50996 - R:localhost/127.0.0.1:57206]
16:34:20.838 [main] DEBUG net.serenitybdd.core.photography.Darkroom - Send negative for processing for target\site\serenity\32f7feddcc26ad6bdc739447c9c0c15d0d758e52558c68bbbbd2c6646cda549e.png
16:34:20.838 [Darkroom Processing Line] DEBUG net.serenitybdd.core.photography.DarkroomProcessingLine - Processing screenshot image in /var/screenshots/screenshot-2617317336141214315
16:34:20.838 [Darkroom Processing Line] DEBUG net.serenitybdd.core.photography.DarkroomProcessingLine - Saving screenshot to target\site\serenity\32f7feddcc26ad6bdc739447c9c0c15d0d758e52558c68bbbbd2c6646cda549e.png
16:34:20.839 [main] INFO  - 
  _____   ___   ___   _____     ___     _     ___   ___   ___   ___  
 |_   _| | __| / __| |_   _|   | _ \   /_\   / __| / __| | __| |   \ 
   | |   | _|  \__ \   | |     |  _/  / _ \  \__ \ \__ \ | _|  | |) |
   |_|   |___| |___/   |_|     |_|   /_/ \_\ |___/ |___/ |___| |___/ 

Search Patient Based on Patient Gender Scenario
----------------------------------------------------------------------
16:34:20.841 [AsyncHttpClient-1-8] DEBUG org.asynchttpclient.netty.handler.WebSocketHandler - Channel Closed: [id: 0x76c4b70d, L:/127.0.0.1:51005 ! R:localhost/127.0.0.1:50997] with attribute NettyResponseFuture{currentRetry=5,
	isDone=1,
	isCancelled=0,
	asyncHandler=org.asynchttpclient.ws.WebSocketUpgradeHandler@274f7014,
	nettyRequest=org.asynchttpclient.netty.request.NettyRequest@2c755227,
	future=java.util.concurrent.CompletableFuture@30b768ff[Completed normally],
	uri=ws://localhost:50997/devtools/browser/32ccb2e6-c214-4b6e-9856-fe7e6287eabc,
	keepAlive=true,
	redirectCount=0,
	timeoutsHolder=null,
	inAuth=0,
	touch=1655717655484}
16:34:20.841 [AsyncHttpClient-1-8] DEBUG org.asynchttpclient.netty.channel.ChannelManager - Closing Channel [id: 0x76c4b70d, L:/127.0.0.1:51005 ! R:localhost/127.0.0.1:50997] 
16:34:20.842 [Driver Command Executor] DEBUG org.asynchttpclient.netty.request.NettyRequestSender - Using pooled Channel '[id: 0xb70d280a, L:/127.0.0.1:50996 - R:localhost/127.0.0.1:57206]' for 'DELETE' to 'http://localhost:57206/session/4d50b6e2b1ffaf7ef5b9cee67c3eec6c'
16:34:20.842 [Driver Command Executor] DEBUG org.asynchttpclient.netty.request.NettyRequestSender - Using open Channel [id: 0xb70d280a, L:/127.0.0.1:50996 - R:localhost/127.0.0.1:57206] for DELETE '/session/4d50b6e2b1ffaf7ef5b9cee67c3eec6c'
16:34:20.855 [AsyncHttpClient-1-7] DEBUG org.asynchttpclient.netty.handler.HttpHandler - Unexpected I/O exception on channel [id: 0xc0413ff3, L:/127.0.0.1:51003 - R:localhost/127.0.0.1:50997]
java.net.SocketException: Connection reset
	at java.base/sun.nio.ch.SocketChannelImpl.throwConnectionReset(SocketChannelImpl.java:367)
	at java.base/sun.nio.ch.SocketChannelImpl.read(SocketChannelImpl.java:398)
	at io.netty.buffer.PooledByteBuf.setBytes(PooledByteBuf.java:258)
	at io.netty.buffer.AbstractByteBuf.writeBytes(AbstractByteBuf.java:1132)
	at io.netty.channel.socket.nio.NioSocketChannel.doReadBytes(NioSocketChannel.java:350)
	at io.netty.channel.nio.AbstractNioByteChannel$NioByteUnsafe.read(AbstractNioByteChannel.java:151)
	at io.netty.channel.nio.NioEventLoop.processSelectedKey(NioEventLoop.java:722)
	at io.netty.channel.nio.NioEventLoop.processSelectedKeysOptimized(NioEventLoop.java:658)
	at io.netty.channel.nio.NioEventLoop.processSelectedKeys(NioEventLoop.java:584)
	at io.netty.channel.nio.NioEventLoop.run(NioEventLoop.java:496)
	at io.netty.util.concurrent.SingleThreadEventExecutor$4.run(SingleThreadEventExecutor.java:986)
	at io.netty.util.internal.ThreadExecutorMap$2.run(ThreadExecutorMap.java:74)
	at io.netty.util.concurrent.FastThreadLocalRunnable.run(FastThreadLocalRunnable.java:30)
	at java.base/java.lang.Thread.run(Thread.java:832)
16:34:20.855 [AsyncHttpClient-1-7] DEBUG org.asynchttpclient.netty.channel.ChannelManager - Closing Channel [id: 0xc0413ff3, L:/127.0.0.1:51003 - R:localhost/127.0.0.1:50997] 
16:34:20.856 [AsyncHttpClient-1-7] DEBUG org.asynchttpclient.netty.handler.HttpHandler - Channel Closed: [id: 0xc0413ff3, L:/127.0.0.1:51003 ! R:localhost/127.0.0.1:50997] with attribute DISCARD
16:34:20.900 [AsyncHttpClient-1-6] DEBUG org.asynchttpclient.netty.handler.HttpHandler - 

Request DefaultFullHttpRequest(decodeResult: success, version: HTTP/1.1, content: EmptyByteBufBE)
DELETE /session/4d50b6e2b1ffaf7ef5b9cee67c3eec6c HTTP/1.1
User-Agent: selenium/4.1.2 (java windows)
Content-Type: application/json; charset=utf-8
host: localhost:57206
accept: */*

Response DefaultHttpResponse(decodeResult: success, version: HTTP/1.1)
HTTP/1.1 200 OK
Content-Type: application/json; charset=utf-8
cache-control: no-cache
content-length: 14

16:34:20.901 [AsyncHttpClient-1-6] DEBUG org.asynchttpclient.netty.channel.ChannelManager - Adding key: http://localhost:57206 for channel [id: 0xb70d280a, L:/127.0.0.1:50996 - R:localhost/127.0.0.1:57206]
16:34:21.035 [AsyncHttpClient-1-6] DEBUG org.asynchttpclient.netty.handler.HttpHandler - Channel Closed: [id: 0xb70d280a, L:/127.0.0.1:50996 ! R:localhost/127.0.0.1:57206] with attribute DISCARD
]]></system-out>
    <system-err><![CDATA[Starting ChromeDriver 102.0.5005.61 (0e59bcc00cc4985ce39ad31c150065f159d95ad3-refs/branch-heads/5005@{#819}) on port 57206
Only local connections are allowed.
Please see https://chromedriver.chromium.org/security-considerations for suggestions on keeping ChromeDriver safe.
ChromeDriver was started successfully.
Jun 20, 2022 4:34:15 PM org.openqa.selenium.remote.ProtocolHandshake createSession
INFO: Detected dialect: W3C
Jun 20, 2022 4:34:15 PM org.openqa.selenium.devtools.CdpVersionFinder findNearestMatch
WARNING: Unable to find an exact match for CDP version 102, so returning the closest version found: a no-op implementation
Jun 20, 2022 4:34:15 PM org.openqa.selenium.devtools.CdpVersionFinder findNearestMatch
INFO: Unable to find CDP implementation matching 102.
Jun 20, 2022 4:34:15 PM org.openqa.selenium.chromium.ChromiumDriver lambda$new$3
WARNING: Unable to find version of CDP to use for . You may need to include a dependency on a specific version of the CDP using something similar to `org.seleniumhq.selenium:selenium-devtools-v86:4.1.2` where the version ("v86") matches the version of the chromium-based browser you're using and the version number of the artifact is the same as Selenium's.
]]></system-err>
  </testcase>
  <testcase name="Search Patient Based on Patient Blood Type Scenario" classname="Patient" time="13.682">
    <system-out><![CDATA[
@Patient
Scenario: Search Patient Based on Patient Blood Type Scenario &amp#27;[90m# src/test/resources/features/2.Patient.feature:72&amp#27;[0m
16:34:21.578 [main] INFO io.cucumber.core.plugin.SerenityReporter - Running feature from file:///E:/My%20Documents/File%20Difa/TI%20Semester%206%20Kampus%20Merdeka%20Alterra/Tugas/CAPSTONE%20Project/Capstone-Project-Website/src/test/resources/features/2.Patient.feature
16:34:21.586 [main] INFO  - 
  _____   ___   ___   _____     ___   _____     _     ___   _____   ___   ___  
 |_   _| | __| / __| |_   _|   / __| |_   _|   /_\   | _ \ |_   _| | __| |   \ 
   | |   | _|  \__ \   | |     \__ \   | |    / _ \  |   /   | |   | _|  | |) |
   |_|   |___| |___/   |_|     |___/   |_|   /_/ \_\ |_|_\   |_|   |___| |___/ 

Search Patient Based on Patient Blood Type Scenario(patient;search-patient-based-on-patient-blood-type-scenario)
--------------------------------------------------------------------------------
16:34:21.710 [main] DEBUG net.thucydides.core.steps.StepInterceptor - STARTING STEP: PatientSteps.iAmAtTheDashboardPage - openUrl
16:34:21.711 [main] INFO net.serenitybdd.core.webdriver.driverproviders.ChromeDriverProvider - Using automatically driver download
16:34:21.838 [AsyncHttpClient-1-1] DEBUG org.asynchttpclient.netty.channel.DefaultChannelPool - Entry count for : http://localhost:50997 : 1
16:34:21.838 [AsyncHttpClient-1-1] DEBUG org.asynchttpclient.netty.channel.DefaultChannelPool - Entry count for : http://localhost:57206 : 1
16:34:21.838 [AsyncHttpClient-1-1] DEBUG org.asynchttpclient.netty.channel.DefaultChannelPool - Adding Candidate expired Channel [id: 0xc0413ff3, L:/127.0.0.1:51003 ! R:localhost/127.0.0.1:50997] isIdleTimeoutExpired=false isRemotelyClosed=true isTtlExpired=false
16:34:21.838 [AsyncHttpClient-1-1] DEBUG org.asynchttpclient.netty.channel.DefaultChannelPool - Closing Idle Channel [id: 0xc0413ff3, L:/127.0.0.1:51003 ! R:localhost/127.0.0.1:50997]
16:34:21.838 [AsyncHttpClient-1-1] DEBUG org.asynchttpclient.netty.channel.DefaultChannelPool - Adding Candidate expired Channel [id: 0xb70d280a, L:/127.0.0.1:50996 ! R:localhost/127.0.0.1:57206] isIdleTimeoutExpired=false isRemotelyClosed=true isTtlExpired=false
16:34:21.838 [AsyncHttpClient-1-1] DEBUG org.asynchttpclient.netty.channel.DefaultChannelPool - Closing Idle Channel [id: 0xb70d280a, L:/127.0.0.1:50996 ! R:localhost/127.0.0.1:57206]
16:34:21.838 [AsyncHttpClient-1-1] DEBUG org.asynchttpclient.netty.channel.DefaultChannelPool - Closed 2 connections out of 2 in 0 ms
16:34:21.854 [main] DEBUG io.github.bonigarcia.wdm.cache.ResolutionCache - Resolution chrome=102 in cache (valid until 16:47:55 20/06/2022 ICT)
16:34:21.934 [main] DEBUG io.github.bonigarcia.wdm.cache.ResolutionCache - Resolution chrome102=102.0.5005.61 in cache (valid until 09:12:44 21/06/2022 ICT)
16:34:21.938 [main] INFO io.github.bonigarcia.wdm.WebDriverManager - Using chromedriver 102.0.5005.61 (resolved driver for Chrome 102)
16:34:21.956 [main] DEBUG io.github.bonigarcia.wdm.WebDriverManager - Driver chromedriver 102.0.5005.61 found in cache
16:34:21.956 [main] INFO io.github.bonigarcia.wdm.WebDriverManager - Exporting webdriver.chrome.driver as C:\Users\USER\.cache\selenium\chromedriver\win32\102.0.5005.61\chromedriver.exe
16:34:22.131 [main] DEBUG net.serenitybdd.core.webdriver.driverproviders.ProvideNewDriver - Instantiating driver
16:34:22.131 [main] DEBUG net.serenitybdd.core.webdriver.driverproviders.ProvideNewDriver - Driver capabilities: Capabilities {acceptInsecureCerts: false, base.url: https://hospital-management..., browserName: chrome, chrome.driver: src/test/resources/webdrive..., driver: chrome, goog:chromeOptions: {args: [], extensions: []}}
16:34:22.670 [AsyncHttpClient-1-9] DEBUG org.asynchttpclient.netty.channel.NettyConnectListener - Using new Channel '[id: 0xd488a1b3, L:/127.0.0.1:51022 - R:localhost/127.0.0.1:55770]' for 'POST' to '/session'
16:34:23.427 [AsyncHttpClient-1-9] DEBUG org.asynchttpclient.netty.handler.HttpHandler - 

Request DefaultHttpRequest(decodeResult: success, version: HTTP/1.1)
POST /session HTTP/1.1
User-Agent: selenium/4.1.2 (java windows)
Content-Length: 621
Content-Type: application/json; charset=utf-8
host: localhost:55770
accept: */*

Response DefaultHttpResponse(decodeResult: success, version: HTTP/1.1)
HTTP/1.1 200 OK
Content-Type: application/json; charset=utf-8
cache-control: no-cache
content-length: 788

16:34:23.427 [AsyncHttpClient-1-9] DEBUG org.asynchttpclient.netty.channel.ChannelManager - Adding key: http://localhost:55770 for channel [id: 0xd488a1b3, L:/127.0.0.1:51022 - R:localhost/127.0.0.1:55770]
16:34:23.440 [AsyncHttpClient-1-2] DEBUG org.asynchttpclient.netty.channel.NettyConnectListener - Using new Channel '[id: 0x2d4d621d, L:/127.0.0.1:51028 - R:localhost/127.0.0.1:51023]' for 'GET' to '/json/version'
16:34:23.441 [AsyncHttpClient-1-2] DEBUG org.asynchttpclient.netty.handler.HttpHandler - 

Request DefaultFullHttpRequest(decodeResult: success, version: HTTP/1.1, content: EmptyByteBufBE)
GET /json/version HTTP/1.1
User-Agent: selenium/4.1.2 (java windows)
host: localhost:51023
accept: */*

Response DefaultHttpResponse(decodeResult: success, version: HTTP/1.1)
HTTP/1.1 200 OK
Content-Type: application/json; charset=UTF-8
content-length: 427

16:34:23.441 [AsyncHttpClient-1-2] DEBUG org.asynchttpclient.netty.channel.ChannelManager - Adding key: http://localhost:51023 for channel [id: 0x2d4d621d, L:/127.0.0.1:51028 - R:localhost/127.0.0.1:51023]
16:34:23.468 [AsyncHttpClient-1-3] DEBUG org.asynchttpclient.netty.channel.NettyConnectListener - Using new Channel '[id: 0x3b27b527, L:/127.0.0.1:51029 - R:localhost/127.0.0.1:51023]' for 'GET' to '/devtools/browser/77e5934e-d889-45e7-82a4-046f4ff252ab'
16:34:23.469 [AsyncHttpClient-1-3] DEBUG org.asynchttpclient.netty.handler.WebSocketHandler - 

Request DefaultFullHttpRequest(decodeResult: success, version: HTTP/1.1, content: EmptyByteBufBE)
GET /devtools/browser/77e5934e-d889-45e7-82a4-046f4ff252ab HTTP/1.1
upgrade: websocket
connection: upgrade
sec-websocket-key: 2KMnR2FuWct8I64C3erWfw==
sec-websocket-version: 13
origin: http://localhost:51023
host: localhost:51023
accept: */*
user-agent: AHC/2.1

Response DefaultHttpResponse(decodeResult: success, version: HTTP/1.1)
HTTP/1.1 101 WebSocket Protocol Handshake
Upgrade: WebSocket
Connection: Upgrade
Sec-WebSocket-Accept: e4yo0is8slGLGYsw+otbO22mSXE=

16:34:23.573 [Forwarding maximizeCurrentWindow on session a5e8d439f00e003c1cd17cf5a53833bd to remote] DEBUG org.asynchttpclient.netty.request.NettyRequestSender - Using pooled Channel '[id: 0xd488a1b3, L:/127.0.0.1:51022 - R:localhost/127.0.0.1:55770]' for 'POST' to 'http://localhost:55770/session/a5e8d439f00e003c1cd17cf5a53833bd/window/maximize'
16:34:23.573 [Forwarding maximizeCurrentWindow on session a5e8d439f00e003c1cd17cf5a53833bd to remote] DEBUG org.asynchttpclient.netty.request.NettyRequestSender - Using open Channel [id: 0xd488a1b3, L:/127.0.0.1:51022 - R:localhost/127.0.0.1:55770] for POST '/session/a5e8d439f00e003c1cd17cf5a53833bd/window/maximize'
16:34:23.689 [AsyncHttpClient-1-9] DEBUG org.asynchttpclient.netty.handler.HttpHandler - 

Request DefaultHttpRequest(decodeResult: success, version: HTTP/1.1)
POST /session/a5e8d439f00e003c1cd17cf5a53833bd/window/maximize HTTP/1.1
User-Agent: selenium/4.1.2 (java windows)
Content-Length: 3
Content-Type: application/json; charset=utf-8
host: localhost:55770
accept: */*

Response DefaultHttpResponse(decodeResult: success, version: HTTP/1.1)
HTTP/1.1 200 OK
Content-Type: application/json; charset=utf-8
cache-control: no-cache
content-length: 51

16:34:23.689 [AsyncHttpClient-1-9] DEBUG org.asynchttpclient.netty.channel.ChannelManager - Adding key: http://localhost:55770 for channel [id: 0xd488a1b3, L:/127.0.0.1:51022 - R:localhost/127.0.0.1:55770]
16:34:23.691 [Forwarding get on session a5e8d439f00e003c1cd17cf5a53833bd to remote] DEBUG org.asynchttpclient.netty.request.NettyRequestSender - Using pooled Channel '[id: 0xd488a1b3, L:/127.0.0.1:51022 - R:localhost/127.0.0.1:55770]' for 'POST' to 'http://localhost:55770/session/a5e8d439f00e003c1cd17cf5a53833bd/url'
16:34:23.691 [Forwarding get on session a5e8d439f00e003c1cd17cf5a53833bd to remote] DEBUG org.asynchttpclient.netty.request.NettyRequestSender - Using open Channel [id: 0xd488a1b3, L:/127.0.0.1:51022 - R:localhost/127.0.0.1:55770] for POST '/session/a5e8d439f00e003c1cd17cf5a53833bd/url'
16:34:24.038 [AsyncHttpClient-1-1] DEBUG org.asynchttpclient.netty.channel.DefaultChannelPool - Entry count for : http://localhost:51023 : 1
16:34:25.137 [AsyncHttpClient-1-1] DEBUG org.asynchttpclient.netty.channel.DefaultChannelPool - Entry count for : http://localhost:51023 : 1
16:34:26.237 [AsyncHttpClient-1-1] DEBUG org.asynchttpclient.netty.channel.DefaultChannelPool - Entry count for : http://localhost:51023 : 1
16:34:27.340 [AsyncHttpClient-1-1] DEBUG org.asynchttpclient.netty.channel.DefaultChannelPool - Entry count for : http://localhost:51023 : 1
16:34:28.121 [AsyncHttpClient-1-9] DEBUG org.asynchttpclient.netty.handler.HttpHandler - 

Request DefaultHttpRequest(decodeResult: success, version: HTTP/1.1)
POST /session/a5e8d439f00e003c1cd17cf5a53833bd/url HTTP/1.1
User-Agent: selenium/4.1.2 (java windows)
Content-Length: 65
Content-Type: application/json; charset=utf-8
host: localhost:55770
accept: */*

Response DefaultHttpResponse(decodeResult: success, version: HTTP/1.1)
HTTP/1.1 200 OK
Content-Type: application/json; charset=utf-8
cache-control: no-cache
content-length: 14

16:34:28.121 [AsyncHttpClient-1-9] DEBUG org.asynchttpclient.netty.channel.ChannelManager - Adding key: http://localhost:55770 for channel [id: 0xd488a1b3, L:/127.0.0.1:51022 - R:localhost/127.0.0.1:55770]
16:34:28.123 [Forwarding setTimeout on session a5e8d439f00e003c1cd17cf5a53833bd to remote] DEBUG org.asynchttpclient.netty.request.NettyRequestSender - Using pooled Channel '[id: 0xd488a1b3, L:/127.0.0.1:51022 - R:localhost/127.0.0.1:55770]' for 'POST' to 'http://localhost:55770/session/a5e8d439f00e003c1cd17cf5a53833bd/timeouts'
16:34:28.123 [Forwarding setTimeout on session a5e8d439f00e003c1cd17cf5a53833bd to remote] DEBUG org.asynchttpclient.netty.request.NettyRequestSender - Using open Channel [id: 0xd488a1b3, L:/127.0.0.1:51022 - R:localhost/127.0.0.1:55770] for POST '/session/a5e8d439f00e003c1cd17cf5a53833bd/timeouts'
16:34:28.125 [AsyncHttpClient-1-9] DEBUG org.asynchttpclient.netty.handler.HttpHandler - 

Request DefaultHttpRequest(decodeResult: success, version: HTTP/1.1)
POST /session/a5e8d439f00e003c1cd17cf5a53833bd/timeouts HTTP/1.1
User-Agent: selenium/4.1.2 (java windows)
Content-Length: 22
Content-Type: application/json; charset=utf-8
host: localhost:55770
accept: */*

Response DefaultHttpResponse(decodeResult: success, version: HTTP/1.1)
HTTP/1.1 200 OK
Content-Type: application/json; charset=utf-8
cache-control: no-cache
content-length: 14

16:34:28.125 [AsyncHttpClient-1-9] DEBUG org.asynchttpclient.netty.channel.ChannelManager - Adding key: http://localhost:55770 for channel [id: 0xd488a1b3, L:/127.0.0.1:51022 - R:localhost/127.0.0.1:55770]
16:34:28.132 [Forwarding getCurrentUrl on session a5e8d439f00e003c1cd17cf5a53833bd to remote] DEBUG org.asynchttpclient.netty.request.NettyRequestSender - Using pooled Channel '[id: 0xd488a1b3, L:/127.0.0.1:51022 - R:localhost/127.0.0.1:55770]' for 'GET' to 'http://localhost:55770/session/a5e8d439f00e003c1cd17cf5a53833bd/url'
16:34:28.132 [Forwarding getCurrentUrl on session a5e8d439f00e003c1cd17cf5a53833bd to remote] DEBUG org.asynchttpclient.netty.request.NettyRequestSender - Using open Channel [id: 0xd488a1b3, L:/127.0.0.1:51022 - R:localhost/127.0.0.1:55770] for GET '/session/a5e8d439f00e003c1cd17cf5a53833bd/url'
16:34:28.140 [AsyncHttpClient-1-9] DEBUG org.asynchttpclient.netty.handler.HttpHandler - 

Request DefaultFullHttpRequest(decodeResult: success, version: HTTP/1.1, content: EmptyByteBufBE)
GET /session/a5e8d439f00e003c1cd17cf5a53833bd/url HTTP/1.1
User-Agent: selenium/4.1.2 (java windows)
Cache-Control: no-cache
Content-Type: application/json; charset=utf-8
host: localhost:55770
accept: */*

Response DefaultHttpResponse(decodeResult: success, version: HTTP/1.1)
HTTP/1.1 200 OK
Content-Type: application/json; charset=utf-8
cache-control: no-cache
content-length: 53

16:34:28.141 [AsyncHttpClient-1-9] DEBUG org.asynchttpclient.netty.channel.ChannelManager - Adding key: http://localhost:55770 for channel [id: 0xd488a1b3, L:/127.0.0.1:51022 - R:localhost/127.0.0.1:55770]
16:34:28.171 [Forwarding getCurrentUrl on session a5e8d439f00e003c1cd17cf5a53833bd to remote] DEBUG org.asynchttpclient.netty.request.NettyRequestSender - Using pooled Channel '[id: 0xd488a1b3, L:/127.0.0.1:51022 - R:localhost/127.0.0.1:55770]' for 'GET' to 'http://localhost:55770/session/a5e8d439f00e003c1cd17cf5a53833bd/url'
16:34:28.171 [Forwarding getCurrentUrl on session a5e8d439f00e003c1cd17cf5a53833bd to remote] DEBUG org.asynchttpclient.netty.request.NettyRequestSender - Using open Channel [id: 0xd488a1b3, L:/127.0.0.1:51022 - R:localhost/127.0.0.1:55770] for GET '/session/a5e8d439f00e003c1cd17cf5a53833bd/url'
16:34:28.178 [AsyncHttpClient-1-9] DEBUG org.asynchttpclient.netty.handler.HttpHandler - 

Request DefaultFullHttpRequest(decodeResult: success, version: HTTP/1.1, content: EmptyByteBufBE)
GET /session/a5e8d439f00e003c1cd17cf5a53833bd/url HTTP/1.1
User-Agent: selenium/4.1.2 (java windows)
Cache-Control: no-cache
Content-Type: application/json; charset=utf-8
host: localhost:55770
accept: */*

Response DefaultHttpResponse(decodeResult: success, version: HTTP/1.1)
HTTP/1.1 200 OK
Content-Type: application/json; charset=utf-8
cache-control: no-cache
content-length: 53

16:34:28.178 [AsyncHttpClient-1-9] DEBUG org.asynchttpclient.netty.channel.ChannelManager - Adding key: http://localhost:55770 for channel [id: 0xd488a1b3, L:/127.0.0.1:51022 - R:localhost/127.0.0.1:55770]
16:34:28.187 [Forwarding screenshot on session a5e8d439f00e003c1cd17cf5a53833bd to remote] DEBUG org.asynchttpclient.netty.request.NettyRequestSender - Using pooled Channel '[id: 0xd488a1b3, L:/127.0.0.1:51022 - R:localhost/127.0.0.1:55770]' for 'GET' to 'http://localhost:55770/session/a5e8d439f00e003c1cd17cf5a53833bd/screenshot'
16:34:28.187 [Forwarding screenshot on session a5e8d439f00e003c1cd17cf5a53833bd to remote] DEBUG org.asynchttpclient.netty.request.NettyRequestSender - Using open Channel [id: 0xd488a1b3, L:/127.0.0.1:51022 - R:localhost/127.0.0.1:55770] for GET '/session/a5e8d439f00e003c1cd17cf5a53833bd/screenshot'
16:34:28.437 [AsyncHttpClient-1-1] DEBUG org.asynchttpclient.netty.channel.DefaultChannelPool - Entry count for : http://localhost:51023 : 1
16:34:28.529 [AsyncHttpClient-1-9] DEBUG org.asynchttpclient.netty.handler.HttpHandler - 

Request DefaultFullHttpRequest(decodeResult: success, version: HTTP/1.1, content: EmptyByteBufBE)
GET /session/a5e8d439f00e003c1cd17cf5a53833bd/screenshot HTTP/1.1
User-Agent: selenium/4.1.2 (java windows)
Cache-Control: no-cache
Content-Type: application/json; charset=utf-8
host: localhost:55770
accept: */*

Response DefaultHttpResponse(decodeResult: success, version: HTTP/1.1)
HTTP/1.1 200 OK
Content-Type: application/json; charset=utf-8
cache-control: no-cache
content-length: 382596

16:34:28.532 [AsyncHttpClient-1-9] DEBUG org.asynchttpclient.netty.channel.ChannelManager - Adding key: http://localhost:55770 for channel [id: 0xd488a1b3, L:/127.0.0.1:51022 - R:localhost/127.0.0.1:55770]
16:34:28.559 [main] DEBUG net.serenitybdd.core.photography.Darkroom - Send negative for processing for target\site\serenity\ed15a54c91c342d96a850276df7b559f4526b370fc93040e3c407a48a170f368.png
16:34:28.559 [main] DEBUG net.thucydides.core.steps.StepInterceptor - STEP DONE: openUrl
16:34:28.570 [main] DEBUG net.thucydides.core.steps.StepInterceptor - STARTING STEP: PatientSteps.iAmAtTheDashboardPage - validateOnDashboardPage
16:34:28.573 [Forwarding findElement on session a5e8d439f00e003c1cd17cf5a53833bd to remote] DEBUG org.asynchttpclient.netty.request.NettyRequestSender - Using pooled Channel '[id: 0xd488a1b3, L:/127.0.0.1:51022 - R:localhost/127.0.0.1:55770]' for 'POST' to 'http://localhost:55770/session/a5e8d439f00e003c1cd17cf5a53833bd/element'
16:34:28.573 [Forwarding findElement on session a5e8d439f00e003c1cd17cf5a53833bd to remote] DEBUG org.asynchttpclient.netty.request.NettyRequestSender - Using open Channel [id: 0xd488a1b3, L:/127.0.0.1:51022 - R:localhost/127.0.0.1:55770] for POST '/session/a5e8d439f00e003c1cd17cf5a53833bd/element'
16:34:28.596 [AsyncHttpClient-1-9] DEBUG org.asynchttpclient.netty.handler.HttpHandler - 

Request DefaultHttpRequest(decodeResult: success, version: HTTP/1.1)
POST /session/a5e8d439f00e003c1cd17cf5a53833bd/element HTTP/1.1
User-Agent: selenium/4.1.2 (java windows)
Content-Length: 81
Content-Type: application/json; charset=utf-8
host: localhost:55770
accept: */*

Response DefaultHttpResponse(decodeResult: success, version: HTTP/1.1)
HTTP/1.1 200 OK
Content-Type: application/json; charset=utf-8
cache-control: no-cache
content-length: 88

16:34:28.596 [AsyncHttpClient-1-9] DEBUG org.asynchttpclient.netty.channel.ChannelManager - Adding key: http://localhost:55770 for channel [id: 0xd488a1b3, L:/127.0.0.1:51022 - R:localhost/127.0.0.1:55770]
16:34:28.601 [Forwarding isElementDisplayed on session a5e8d439f00e003c1cd17cf5a53833bd to remote] DEBUG org.asynchttpclient.netty.request.NettyRequestSender - Using pooled Channel '[id: 0xd488a1b3, L:/127.0.0.1:51022 - R:localhost/127.0.0.1:55770]' for 'POST' to 'http://localhost:55770/session/a5e8d439f00e003c1cd17cf5a53833bd/execute/sync'
16:34:28.601 [Forwarding isElementDisplayed on session a5e8d439f00e003c1cd17cf5a53833bd to remote] DEBUG org.asynchttpclient.netty.request.NettyRequestSender - Using open Channel [id: 0xd488a1b3, L:/127.0.0.1:51022 - R:localhost/127.0.0.1:55770] for POST '/session/a5e8d439f00e003c1cd17cf5a53833bd/execute/sync'
16:34:28.627 [AsyncHttpClient-1-9] DEBUG org.asynchttpclient.netty.handler.HttpHandler - 

Request DefaultHttpRequest(decodeResult: success, version: HTTP/1.1)
POST /session/a5e8d439f00e003c1cd17cf5a53833bd/execute/sync HTTP/1.1
User-Agent: selenium/4.1.2 (java windows)
Content-Length: 48780
Content-Type: application/json; charset=utf-8
host: localhost:55770
accept: */*

Response DefaultHttpResponse(decodeResult: success, version: HTTP/1.1)
HTTP/1.1 200 OK
Content-Type: application/json; charset=utf-8
cache-control: no-cache
content-length: 14

16:34:28.627 [AsyncHttpClient-1-9] DEBUG org.asynchttpclient.netty.channel.ChannelManager - Adding key: http://localhost:55770 for channel [id: 0xd488a1b3, L:/127.0.0.1:51022 - R:localhost/127.0.0.1:55770]
16:34:28.635 [Forwarding screenshot on session a5e8d439f00e003c1cd17cf5a53833bd to remote] DEBUG org.asynchttpclient.netty.request.NettyRequestSender - Using pooled Channel '[id: 0xd488a1b3, L:/127.0.0.1:51022 - R:localhost/127.0.0.1:55770]' for 'GET' to 'http://localhost:55770/session/a5e8d439f00e003c1cd17cf5a53833bd/screenshot'
16:34:28.635 [Forwarding screenshot on session a5e8d439f00e003c1cd17cf5a53833bd to remote] DEBUG org.asynchttpclient.netty.request.NettyRequestSender - Using open Channel [id: 0xd488a1b3, L:/127.0.0.1:51022 - R:localhost/127.0.0.1:55770] for GET '/session/a5e8d439f00e003c1cd17cf5a53833bd/screenshot'
16:34:28.972 [AsyncHttpClient-1-9] DEBUG org.asynchttpclient.netty.handler.HttpHandler - 

Request DefaultFullHttpRequest(decodeResult: success, version: HTTP/1.1, content: EmptyByteBufBE)
GET /session/a5e8d439f00e003c1cd17cf5a53833bd/screenshot HTTP/1.1
User-Agent: selenium/4.1.2 (java windows)
Cache-Control: no-cache
Content-Type: application/json; charset=utf-8
host: localhost:55770
accept: */*

Response DefaultHttpResponse(decodeResult: success, version: HTTP/1.1)
HTTP/1.1 200 OK
Content-Type: application/json; charset=utf-8
cache-control: no-cache
content-length: 382596

16:34:28.975 [AsyncHttpClient-1-9] DEBUG org.asynchttpclient.netty.channel.ChannelManager - Adding key: http://localhost:55770 for channel [id: 0xd488a1b3, L:/127.0.0.1:51022 - R:localhost/127.0.0.1:55770]
16:34:29.002 [main] DEBUG net.serenitybdd.core.photography.Darkroom - Send negative for processing for target\site\serenity\ed15a54c91c342d96a850276df7b559f4526b370fc93040e3c407a48a170f368.png
16:34:29.002 [main] DEBUG net.thucydides.core.steps.StepInterceptor - STEP DONE: validateOnDashboardPage
  &amp#27;[32mGiven &amp#27;[0m&amp#27;[32mI am at the dashboard page&amp#27;[0m                            &amp#27;[90m# starter.stepdefinitions.PatientSteps.iAmAtTheDashboardPage()&amp#27;[0m
16:34:29.026 [main] DEBUG net.thucydides.core.steps.StepInterceptor - STARTING STEP: PatientSteps.iClickMenuPatient - clickMenuPatientButton
16:34:29.031 [Forwarding findElement on session a5e8d439f00e003c1cd17cf5a53833bd to remote] DEBUG org.asynchttpclient.netty.request.NettyRequestSender - Using pooled Channel '[id: 0xd488a1b3, L:/127.0.0.1:51022 - R:localhost/127.0.0.1:55770]' for 'POST' to 'http://localhost:55770/session/a5e8d439f00e003c1cd17cf5a53833bd/element'
16:34:29.031 [Forwarding findElement on session a5e8d439f00e003c1cd17cf5a53833bd to remote] DEBUG org.asynchttpclient.netty.request.NettyRequestSender - Using open Channel [id: 0xd488a1b3, L:/127.0.0.1:51022 - R:localhost/127.0.0.1:55770] for POST '/session/a5e8d439f00e003c1cd17cf5a53833bd/element'
16:34:29.052 [AsyncHttpClient-1-9] DEBUG org.asynchttpclient.netty.handler.HttpHandler - 

Request DefaultHttpRequest(decodeResult: success, version: HTTP/1.1)
POST /session/a5e8d439f00e003c1cd17cf5a53833bd/element HTTP/1.1
User-Agent: selenium/4.1.2 (java windows)
Content-Length: 80
Content-Type: application/json; charset=utf-8
host: localhost:55770
accept: */*

Response DefaultHttpResponse(decodeResult: success, version: HTTP/1.1)
HTTP/1.1 200 OK
Content-Type: application/json; charset=utf-8
cache-control: no-cache
content-length: 88

16:34:29.052 [AsyncHttpClient-1-9] DEBUG org.asynchttpclient.netty.channel.ChannelManager - Adding key: http://localhost:55770 for channel [id: 0xd488a1b3, L:/127.0.0.1:51022 - R:localhost/127.0.0.1:55770]
16:34:29.054 [Forwarding getElementTagName on session a5e8d439f00e003c1cd17cf5a53833bd to remote] DEBUG org.asynchttpclient.netty.request.NettyRequestSender - Using pooled Channel '[id: 0xd488a1b3, L:/127.0.0.1:51022 - R:localhost/127.0.0.1:55770]' for 'GET' to 'http://localhost:55770/session/a5e8d439f00e003c1cd17cf5a53833bd/element/5d62d8eb-facb-4d53-baa0-532d5ecef4fe/name'
16:34:29.054 [Forwarding getElementTagName on session a5e8d439f00e003c1cd17cf5a53833bd to remote] DEBUG org.asynchttpclient.netty.request.NettyRequestSender - Using open Channel [id: 0xd488a1b3, L:/127.0.0.1:51022 - R:localhost/127.0.0.1:55770] for GET '/session/a5e8d439f00e003c1cd17cf5a53833bd/element/5d62d8eb-facb-4d53-baa0-532d5ecef4fe/name'
16:34:29.060 [AsyncHttpClient-1-9] DEBUG org.asynchttpclient.netty.handler.HttpHandler - 

Request DefaultFullHttpRequest(decodeResult: success, version: HTTP/1.1, content: EmptyByteBufBE)
GET /session/a5e8d439f00e003c1cd17cf5a53833bd/element/5d62d8eb-facb-4d53-baa0-532d5ecef4fe/name HTTP/1.1
User-Agent: selenium/4.1.2 (java windows)
Cache-Control: no-cache
Content-Type: application/json; charset=utf-8
host: localhost:55770
accept: */*

Response DefaultHttpResponse(decodeResult: success, version: HTTP/1.1)
HTTP/1.1 200 OK
Content-Type: application/json; charset=utf-8
cache-control: no-cache
content-length: 15

16:34:29.060 [AsyncHttpClient-1-9] DEBUG org.asynchttpclient.netty.channel.ChannelManager - Adding key: http://localhost:55770 for channel [id: 0xd488a1b3, L:/127.0.0.1:51022 - R:localhost/127.0.0.1:55770]
16:34:29.062 [Forwarding getElementTagName on session a5e8d439f00e003c1cd17cf5a53833bd to remote] DEBUG org.asynchttpclient.netty.request.NettyRequestSender - Using pooled Channel '[id: 0xd488a1b3, L:/127.0.0.1:51022 - R:localhost/127.0.0.1:55770]' for 'GET' to 'http://localhost:55770/session/a5e8d439f00e003c1cd17cf5a53833bd/element/5d62d8eb-facb-4d53-baa0-532d5ecef4fe/name'
16:34:29.062 [Forwarding getElementTagName on session a5e8d439f00e003c1cd17cf5a53833bd to remote] DEBUG org.asynchttpclient.netty.request.NettyRequestSender - Using open Channel [id: 0xd488a1b3, L:/127.0.0.1:51022 - R:localhost/127.0.0.1:55770] for GET '/session/a5e8d439f00e003c1cd17cf5a53833bd/element/5d62d8eb-facb-4d53-baa0-532d5ecef4fe/name'
16:34:29.067 [AsyncHttpClient-1-9] DEBUG org.asynchttpclient.netty.handler.HttpHandler - 

Request DefaultFullHttpRequest(decodeResult: success, version: HTTP/1.1, content: EmptyByteBufBE)
GET /session/a5e8d439f00e003c1cd17cf5a53833bd/element/5d62d8eb-facb-4d53-baa0-532d5ecef4fe/name HTTP/1.1
User-Agent: selenium/4.1.2 (java windows)
Cache-Control: no-cache
Content-Type: application/json; charset=utf-8
host: localhost:55770
accept: */*

Response DefaultHttpResponse(decodeResult: success, version: HTTP/1.1)
HTTP/1.1 200 OK
Content-Type: application/json; charset=utf-8
cache-control: no-cache
content-length: 15

16:34:29.067 [AsyncHttpClient-1-9] DEBUG org.asynchttpclient.netty.channel.ChannelManager - Adding key: http://localhost:55770 for channel [id: 0xd488a1b3, L:/127.0.0.1:51022 - R:localhost/127.0.0.1:55770]
16:34:29.070 [Forwarding findElement on session a5e8d439f00e003c1cd17cf5a53833bd to remote] DEBUG org.asynchttpclient.netty.request.NettyRequestSender - Using pooled Channel '[id: 0xd488a1b3, L:/127.0.0.1:51022 - R:localhost/127.0.0.1:55770]' for 'POST' to 'http://localhost:55770/session/a5e8d439f00e003c1cd17cf5a53833bd/element'
16:34:29.070 [Forwarding findElement on session a5e8d439f00e003c1cd17cf5a53833bd to remote] DEBUG org.asynchttpclient.netty.request.NettyRequestSender - Using open Channel [id: 0xd488a1b3, L:/127.0.0.1:51022 - R:localhost/127.0.0.1:55770] for POST '/session/a5e8d439f00e003c1cd17cf5a53833bd/element'
16:34:29.081 [AsyncHttpClient-1-9] DEBUG org.asynchttpclient.netty.handler.HttpHandler - 

Request DefaultHttpRequest(decodeResult: success, version: HTTP/1.1)
POST /session/a5e8d439f00e003c1cd17cf5a53833bd/element HTTP/1.1
User-Agent: selenium/4.1.2 (java windows)
Content-Length: 80
Content-Type: application/json; charset=utf-8
host: localhost:55770
accept: */*

Response DefaultHttpResponse(decodeResult: success, version: HTTP/1.1)
HTTP/1.1 200 OK
Content-Type: application/json; charset=utf-8
cache-control: no-cache
content-length: 88

16:34:29.082 [AsyncHttpClient-1-9] DEBUG org.asynchttpclient.netty.channel.ChannelManager - Adding key: http://localhost:55770 for channel [id: 0xd488a1b3, L:/127.0.0.1:51022 - R:localhost/127.0.0.1:55770]
16:34:29.085 [Forwarding clickElement on session a5e8d439f00e003c1cd17cf5a53833bd to remote] DEBUG org.asynchttpclient.netty.request.NettyRequestSender - Using pooled Channel '[id: 0xd488a1b3, L:/127.0.0.1:51022 - R:localhost/127.0.0.1:55770]' for 'POST' to 'http://localhost:55770/session/a5e8d439f00e003c1cd17cf5a53833bd/element/5d62d8eb-facb-4d53-baa0-532d5ecef4fe/click'
16:34:29.085 [Forwarding clickElement on session a5e8d439f00e003c1cd17cf5a53833bd to remote] DEBUG org.asynchttpclient.netty.request.NettyRequestSender - Using open Channel [id: 0xd488a1b3, L:/127.0.0.1:51022 - R:localhost/127.0.0.1:55770] for POST '/session/a5e8d439f00e003c1cd17cf5a53833bd/element/5d62d8eb-facb-4d53-baa0-532d5ecef4fe/click'
16:34:29.356 [AsyncHttpClient-1-9] DEBUG org.asynchttpclient.netty.handler.HttpHandler - 

Request DefaultHttpRequest(decodeResult: success, version: HTTP/1.1)
POST /session/a5e8d439f00e003c1cd17cf5a53833bd/element/5d62d8eb-facb-4d53-baa0-532d5ecef4fe/click HTTP/1.1
User-Agent: selenium/4.1.2 (java windows)
Content-Length: 50
Content-Type: application/json; charset=utf-8
host: localhost:55770
accept: */*

Response DefaultHttpResponse(decodeResult: success, version: HTTP/1.1)
HTTP/1.1 200 OK
Content-Type: application/json; charset=utf-8
cache-control: no-cache
content-length: 14

16:34:29.356 [AsyncHttpClient-1-9] DEBUG org.asynchttpclient.netty.channel.ChannelManager - Adding key: http://localhost:55770 for channel [id: 0xd488a1b3, L:/127.0.0.1:51022 - R:localhost/127.0.0.1:55770]
16:34:29.369 [Forwarding screenshot on session a5e8d439f00e003c1cd17cf5a53833bd to remote] DEBUG org.asynchttpclient.netty.request.NettyRequestSender - Using pooled Channel '[id: 0xd488a1b3, L:/127.0.0.1:51022 - R:localhost/127.0.0.1:55770]' for 'GET' to 'http://localhost:55770/session/a5e8d439f00e003c1cd17cf5a53833bd/screenshot'
16:34:29.369 [Forwarding screenshot on session a5e8d439f00e003c1cd17cf5a53833bd to remote] DEBUG org.asynchttpclient.netty.request.NettyRequestSender - Using open Channel [id: 0xd488a1b3, L:/127.0.0.1:51022 - R:localhost/127.0.0.1:55770] for GET '/session/a5e8d439f00e003c1cd17cf5a53833bd/screenshot'
16:34:29.523 [AsyncHttpClient-1-9] DEBUG org.asynchttpclient.netty.handler.HttpHandler - 

Request DefaultFullHttpRequest(decodeResult: success, version: HTTP/1.1, content: EmptyByteBufBE)
GET /session/a5e8d439f00e003c1cd17cf5a53833bd/screenshot HTTP/1.1
User-Agent: selenium/4.1.2 (java windows)
Cache-Control: no-cache
Content-Type: application/json; charset=utf-8
host: localhost:55770
accept: */*

Response DefaultHttpResponse(decodeResult: success, version: HTTP/1.1)
HTTP/1.1 200 OK
Content-Type: application/json; charset=utf-8
cache-control: no-cache
content-length: 55372

16:34:29.524 [AsyncHttpClient-1-9] DEBUG org.asynchttpclient.netty.channel.ChannelManager - Adding key: http://localhost:55770 for channel [id: 0xd488a1b3, L:/127.0.0.1:51022 - R:localhost/127.0.0.1:55770]
16:34:29.528 [main] DEBUG net.serenitybdd.core.photography.Darkroom - Send negative for processing for target\site\serenity\c886102f421ef8e705409955539f8574c7e22dd5f158313ecdebe95b5d6560bd.png
16:34:29.528 [main] DEBUG net.thucydides.core.steps.StepInterceptor - STEP DONE: clickMenuPatientButton
  &amp#27;[32mAnd &amp#27;[0m&amp#27;[32mI click menu patient&amp#27;[0m                                    &amp#27;[90m# starter.stepdefinitions.PatientSteps.iClickMenuPatient()&amp#27;[0m
16:34:29.538 [AsyncHttpClient-1-1] DEBUG org.asynchttpclient.netty.channel.DefaultChannelPool - Entry count for : http://localhost:55770 : 1
16:34:29.538 [AsyncHttpClient-1-1] DEBUG org.asynchttpclient.netty.channel.DefaultChannelPool - Entry count for : http://localhost:51023 : 1
16:34:29.548 [Forwarding findElement on session a5e8d439f00e003c1cd17cf5a53833bd to remote] DEBUG org.asynchttpclient.netty.request.NettyRequestSender - Using pooled Channel '[id: 0xd488a1b3, L:/127.0.0.1:51022 - R:localhost/127.0.0.1:55770]' for 'POST' to 'http://localhost:55770/session/a5e8d439f00e003c1cd17cf5a53833bd/element'
16:34:29.548 [Forwarding findElement on session a5e8d439f00e003c1cd17cf5a53833bd to remote] DEBUG org.asynchttpclient.netty.request.NettyRequestSender - Using open Channel [id: 0xd488a1b3, L:/127.0.0.1:51022 - R:localhost/127.0.0.1:55770] for POST '/session/a5e8d439f00e003c1cd17cf5a53833bd/element'
16:34:29.577 [AsyncHttpClient-1-9] DEBUG org.asynchttpclient.netty.handler.HttpHandler - 

Request DefaultHttpRequest(decodeResult: success, version: HTTP/1.1)
POST /session/a5e8d439f00e003c1cd17cf5a53833bd/element HTTP/1.1
User-Agent: selenium/4.1.2 (java windows)
Content-Length: 160
Content-Type: application/json; charset=utf-8
host: localhost:55770
accept: */*

Response DefaultHttpResponse(decodeResult: success, version: HTTP/1.1)
HTTP/1.1 200 OK
Content-Type: application/json; charset=utf-8
cache-control: no-cache
content-length: 88

16:34:29.577 [AsyncHttpClient-1-9] DEBUG org.asynchttpclient.netty.channel.ChannelManager - Adding key: http://localhost:55770 for channel [id: 0xd488a1b3, L:/127.0.0.1:51022 - R:localhost/127.0.0.1:55770]
16:34:29.578 [Forwarding clearElement on session a5e8d439f00e003c1cd17cf5a53833bd to remote] DEBUG org.asynchttpclient.netty.request.NettyRequestSender - Using pooled Channel '[id: 0xd488a1b3, L:/127.0.0.1:51022 - R:localhost/127.0.0.1:55770]' for 'POST' to 'http://localhost:55770/session/a5e8d439f00e003c1cd17cf5a53833bd/element/a96b67d9-06d4-41d8-b26c-73042d46222b/clear'
16:34:29.579 [Forwarding clearElement on session a5e8d439f00e003c1cd17cf5a53833bd to remote] DEBUG org.asynchttpclient.netty.request.NettyRequestSender - Using open Channel [id: 0xd488a1b3, L:/127.0.0.1:51022 - R:localhost/127.0.0.1:55770] for POST '/session/a5e8d439f00e003c1cd17cf5a53833bd/element/a96b67d9-06d4-41d8-b26c-73042d46222b/clear'
16:34:29.650 [AsyncHttpClient-1-9] DEBUG org.asynchttpclient.netty.handler.HttpHandler - 

Request DefaultHttpRequest(decodeResult: success, version: HTTP/1.1)
POST /session/a5e8d439f00e003c1cd17cf5a53833bd/element/a96b67d9-06d4-41d8-b26c-73042d46222b/clear HTTP/1.1
User-Agent: selenium/4.1.2 (java windows)
Content-Length: 50
Content-Type: application/json; charset=utf-8
host: localhost:55770
accept: */*

Response DefaultHttpResponse(decodeResult: success, version: HTTP/1.1)
HTTP/1.1 200 OK
Content-Type: application/json; charset=utf-8
cache-control: no-cache
content-length: 14

16:34:29.650 [AsyncHttpClient-1-9] DEBUG org.asynchttpclient.netty.channel.ChannelManager - Adding key: http://localhost:55770 for channel [id: 0xd488a1b3, L:/127.0.0.1:51022 - R:localhost/127.0.0.1:55770]
16:34:29.652 [Forwarding sendKeysToElement on session a5e8d439f00e003c1cd17cf5a53833bd to remote] DEBUG org.asynchttpclient.netty.request.NettyRequestSender - Using pooled Channel '[id: 0xd488a1b3, L:/127.0.0.1:51022 - R:localhost/127.0.0.1:55770]' for 'POST' to 'http://localhost:55770/session/a5e8d439f00e003c1cd17cf5a53833bd/element/a96b67d9-06d4-41d8-b26c-73042d46222b/value'
16:34:29.652 [Forwarding sendKeysToElement on session a5e8d439f00e003c1cd17cf5a53833bd to remote] DEBUG org.asynchttpclient.netty.request.NettyRequestSender - Using open Channel [id: 0xd488a1b3, L:/127.0.0.1:51022 - R:localhost/127.0.0.1:55770] for POST '/session/a5e8d439f00e003c1cd17cf5a53833bd/element/a96b67d9-06d4-41d8-b26c-73042d46222b/value'
16:34:29.834 [AsyncHttpClient-1-9] DEBUG org.asynchttpclient.netty.handler.HttpHandler - 

Request DefaultHttpRequest(decodeResult: success, version: HTTP/1.1)
POST /session/a5e8d439f00e003c1cd17cf5a53833bd/element/a96b67d9-06d4-41d8-b26c-73042d46222b/value HTTP/1.1
User-Agent: selenium/4.1.2 (java windows)
Content-Length: 101
Content-Type: application/json; charset=utf-8
host: localhost:55770
accept: */*

Response DefaultHttpResponse(decodeResult: success, version: HTTP/1.1)
HTTP/1.1 200 OK
Content-Type: application/json; charset=utf-8
cache-control: no-cache
content-length: 14

16:34:29.834 [AsyncHttpClient-1-9] DEBUG org.asynchttpclient.netty.channel.ChannelManager - Adding key: http://localhost:55770 for channel [id: 0xd488a1b3, L:/127.0.0.1:51022 - R:localhost/127.0.0.1:55770]
16:34:29.849 [Forwarding screenshot on session a5e8d439f00e003c1cd17cf5a53833bd to remote] DEBUG org.asynchttpclient.netty.request.NettyRequestSender - Using pooled Channel '[id: 0xd488a1b3, L:/127.0.0.1:51022 - R:localhost/127.0.0.1:55770]' for 'GET' to 'http://localhost:55770/session/a5e8d439f00e003c1cd17cf5a53833bd/screenshot'
16:34:29.849 [Forwarding screenshot on session a5e8d439f00e003c1cd17cf5a53833bd to remote] DEBUG org.asynchttpclient.netty.request.NettyRequestSender - Using open Channel [id: 0xd488a1b3, L:/127.0.0.1:51022 - R:localhost/127.0.0.1:55770] for GET '/session/a5e8d439f00e003c1cd17cf5a53833bd/screenshot'
16:34:30.064 [AsyncHttpClient-1-9] DEBUG org.asynchttpclient.netty.handler.HttpHandler - 

Request DefaultFullHttpRequest(decodeResult: success, version: HTTP/1.1, content: EmptyByteBufBE)
GET /session/a5e8d439f00e003c1cd17cf5a53833bd/screenshot HTTP/1.1
User-Agent: selenium/4.1.2 (java windows)
Cache-Control: no-cache
Content-Type: application/json; charset=utf-8
host: localhost:55770
accept: */*

Response DefaultHttpResponse(decodeResult: success, version: HTTP/1.1)
HTTP/1.1 200 OK
Content-Type: application/json; charset=utf-8
cache-control: no-cache
content-length: 65620

16:34:30.065 [AsyncHttpClient-1-9] DEBUG org.asynchttpclient.netty.channel.ChannelManager - Adding key: http://localhost:55770 for channel [id: 0xd488a1b3, L:/127.0.0.1:51022 - R:localhost/127.0.0.1:55770]
16:34:30.070 [main] DEBUG net.serenitybdd.core.photography.Darkroom - Send negative for processing for target\site\serenity\f0b99f5726e9e5d7150a036a2a2add8a90f4081deb1bd447623d9bb6ab929901.png
16:34:30.070 [main] DEBUG net.thucydides.core.steps.StepInterceptor - STARTING STEP: PatientSteps.iInputPatientBloodTypeAndClickSearch - clickSearchButton
16:34:30.076 [Forwarding findElement on session a5e8d439f00e003c1cd17cf5a53833bd to remote] DEBUG org.asynchttpclient.netty.request.NettyRequestSender - Using pooled Channel '[id: 0xd488a1b3, L:/127.0.0.1:51022 - R:localhost/127.0.0.1:55770]' for 'POST' to 'http://localhost:55770/session/a5e8d439f00e003c1cd17cf5a53833bd/element'
16:34:30.076 [Forwarding findElement on session a5e8d439f00e003c1cd17cf5a53833bd to remote] DEBUG org.asynchttpclient.netty.request.NettyRequestSender - Using open Channel [id: 0xd488a1b3, L:/127.0.0.1:51022 - R:localhost/127.0.0.1:55770] for POST '/session/a5e8d439f00e003c1cd17cf5a53833bd/element'
16:34:30.077 [Darkroom Processing Line] DEBUG net.serenitybdd.core.photography.DarkroomProcessingLine - Processing screenshot image in /var/screenshots/screenshot-11998533422579580076
16:34:30.077 [Darkroom Processing Line] DEBUG net.serenitybdd.core.photography.DarkroomProcessingLine - Saving screenshot to target\site\serenity\f0b99f5726e9e5d7150a036a2a2add8a90f4081deb1bd447623d9bb6ab929901.png
16:34:30.123 [AsyncHttpClient-1-9] DEBUG org.asynchttpclient.netty.handler.HttpHandler - 

Request DefaultHttpRequest(decodeResult: success, version: HTTP/1.1)
POST /session/a5e8d439f00e003c1cd17cf5a53833bd/element HTTP/1.1
User-Agent: selenium/4.1.2 (java windows)
Content-Length: 161
Content-Type: application/json; charset=utf-8
host: localhost:55770
accept: */*

Response DefaultHttpResponse(decodeResult: success, version: HTTP/1.1)
HTTP/1.1 200 OK
Content-Type: application/json; charset=utf-8
cache-control: no-cache
content-length: 88

16:34:30.123 [AsyncHttpClient-1-9] DEBUG org.asynchttpclient.netty.channel.ChannelManager - Adding key: http://localhost:55770 for channel [id: 0xd488a1b3, L:/127.0.0.1:51022 - R:localhost/127.0.0.1:55770]
16:34:30.125 [Forwarding getElementTagName on session a5e8d439f00e003c1cd17cf5a53833bd to remote] DEBUG org.asynchttpclient.netty.request.NettyRequestSender - Using pooled Channel '[id: 0xd488a1b3, L:/127.0.0.1:51022 - R:localhost/127.0.0.1:55770]' for 'GET' to 'http://localhost:55770/session/a5e8d439f00e003c1cd17cf5a53833bd/element/f70c1e45-a3db-4f77-8486-e8275fb0c792/name'
16:34:30.125 [Forwarding getElementTagName on session a5e8d439f00e003c1cd17cf5a53833bd to remote] DEBUG org.asynchttpclient.netty.request.NettyRequestSender - Using open Channel [id: 0xd488a1b3, L:/127.0.0.1:51022 - R:localhost/127.0.0.1:55770] for GET '/session/a5e8d439f00e003c1cd17cf5a53833bd/element/f70c1e45-a3db-4f77-8486-e8275fb0c792/name'
16:34:30.131 [AsyncHttpClient-1-9] DEBUG org.asynchttpclient.netty.handler.HttpHandler - 

Request DefaultFullHttpRequest(decodeResult: success, version: HTTP/1.1, content: EmptyByteBufBE)
GET /session/a5e8d439f00e003c1cd17cf5a53833bd/element/f70c1e45-a3db-4f77-8486-e8275fb0c792/name HTTP/1.1
User-Agent: selenium/4.1.2 (java windows)
Cache-Control: no-cache
Content-Type: application/json; charset=utf-8
host: localhost:55770
accept: */*

Response DefaultHttpResponse(decodeResult: success, version: HTTP/1.1)
HTTP/1.1 200 OK
Content-Type: application/json; charset=utf-8
cache-control: no-cache
content-length: 18

16:34:30.131 [AsyncHttpClient-1-9] DEBUG org.asynchttpclient.netty.channel.ChannelManager - Adding key: http://localhost:55770 for channel [id: 0xd488a1b3, L:/127.0.0.1:51022 - R:localhost/127.0.0.1:55770]
16:34:30.133 [Forwarding getElementTagName on session a5e8d439f00e003c1cd17cf5a53833bd to remote] DEBUG org.asynchttpclient.netty.request.NettyRequestSender - Using pooled Channel '[id: 0xd488a1b3, L:/127.0.0.1:51022 - R:localhost/127.0.0.1:55770]' for 'GET' to 'http://localhost:55770/session/a5e8d439f00e003c1cd17cf5a53833bd/element/f70c1e45-a3db-4f77-8486-e8275fb0c792/name'
16:34:30.133 [Forwarding getElementTagName on session a5e8d439f00e003c1cd17cf5a53833bd to remote] DEBUG org.asynchttpclient.netty.request.NettyRequestSender - Using open Channel [id: 0xd488a1b3, L:/127.0.0.1:51022 - R:localhost/127.0.0.1:55770] for GET '/session/a5e8d439f00e003c1cd17cf5a53833bd/element/f70c1e45-a3db-4f77-8486-e8275fb0c792/name'
16:34:30.138 [AsyncHttpClient-1-9] DEBUG org.asynchttpclient.netty.handler.HttpHandler - 

Request DefaultFullHttpRequest(decodeResult: success, version: HTTP/1.1, content: EmptyByteBufBE)
GET /session/a5e8d439f00e003c1cd17cf5a53833bd/element/f70c1e45-a3db-4f77-8486-e8275fb0c792/name HTTP/1.1
User-Agent: selenium/4.1.2 (java windows)
Cache-Control: no-cache
Content-Type: application/json; charset=utf-8
host: localhost:55770
accept: */*

Response DefaultHttpResponse(decodeResult: success, version: HTTP/1.1)
HTTP/1.1 200 OK
Content-Type: application/json; charset=utf-8
cache-control: no-cache
content-length: 18

16:34:30.138 [AsyncHttpClient-1-9] DEBUG org.asynchttpclient.netty.channel.ChannelManager - Adding key: http://localhost:55770 for channel [id: 0xd488a1b3, L:/127.0.0.1:51022 - R:localhost/127.0.0.1:55770]
16:34:30.196 [Forwarding isElementEnabled on session a5e8d439f00e003c1cd17cf5a53833bd to remote] DEBUG org.asynchttpclient.netty.request.NettyRequestSender - Using pooled Channel '[id: 0xd488a1b3, L:/127.0.0.1:51022 - R:localhost/127.0.0.1:55770]' for 'GET' to 'http://localhost:55770/session/a5e8d439f00e003c1cd17cf5a53833bd/element/f70c1e45-a3db-4f77-8486-e8275fb0c792/enabled'
16:34:30.196 [Forwarding isElementEnabled on session a5e8d439f00e003c1cd17cf5a53833bd to remote] DEBUG org.asynchttpclient.netty.request.NettyRequestSender - Using open Channel [id: 0xd488a1b3, L:/127.0.0.1:51022 - R:localhost/127.0.0.1:55770] for GET '/session/a5e8d439f00e003c1cd17cf5a53833bd/element/f70c1e45-a3db-4f77-8486-e8275fb0c792/enabled'
16:34:30.210 [AsyncHttpClient-1-9] DEBUG org.asynchttpclient.netty.handler.HttpHandler - 

Request DefaultFullHttpRequest(decodeResult: success, version: HTTP/1.1, content: EmptyByteBufBE)
GET /session/a5e8d439f00e003c1cd17cf5a53833bd/element/f70c1e45-a3db-4f77-8486-e8275fb0c792/enabled HTTP/1.1
User-Agent: selenium/4.1.2 (java windows)
Cache-Control: no-cache
Content-Type: application/json; charset=utf-8
host: localhost:55770
accept: */*

Response DefaultHttpResponse(decodeResult: success, version: HTTP/1.1)
HTTP/1.1 200 OK
Content-Type: application/json; charset=utf-8
cache-control: no-cache
content-length: 14

16:34:30.210 [AsyncHttpClient-1-9] DEBUG org.asynchttpclient.netty.channel.ChannelManager - Adding key: http://localhost:55770 for channel [id: 0xd488a1b3, L:/127.0.0.1:51022 - R:localhost/127.0.0.1:55770]
16:34:30.212 [Forwarding isElementEnabled on session a5e8d439f00e003c1cd17cf5a53833bd to remote] DEBUG org.asynchttpclient.netty.request.NettyRequestSender - Using pooled Channel '[id: 0xd488a1b3, L:/127.0.0.1:51022 - R:localhost/127.0.0.1:55770]' for 'GET' to 'http://localhost:55770/session/a5e8d439f00e003c1cd17cf5a53833bd/element/f70c1e45-a3db-4f77-8486-e8275fb0c792/enabled'
16:34:30.212 [Forwarding isElementEnabled on session a5e8d439f00e003c1cd17cf5a53833bd to remote] DEBUG org.asynchttpclient.netty.request.NettyRequestSender - Using open Channel [id: 0xd488a1b3, L:/127.0.0.1:51022 - R:localhost/127.0.0.1:55770] for GET '/session/a5e8d439f00e003c1cd17cf5a53833bd/element/f70c1e45-a3db-4f77-8486-e8275fb0c792/enabled'
16:34:30.221 [AsyncHttpClient-1-9] DEBUG org.asynchttpclient.netty.handler.HttpHandler - 

Request DefaultFullHttpRequest(decodeResult: success, version: HTTP/1.1, content: EmptyByteBufBE)
GET /session/a5e8d439f00e003c1cd17cf5a53833bd/element/f70c1e45-a3db-4f77-8486-e8275fb0c792/enabled HTTP/1.1
User-Agent: selenium/4.1.2 (java windows)
Cache-Control: no-cache
Content-Type: application/json; charset=utf-8
host: localhost:55770
accept: */*

Response DefaultHttpResponse(decodeResult: success, version: HTTP/1.1)
HTTP/1.1 200 OK
Content-Type: application/json; charset=utf-8
cache-control: no-cache
content-length: 14

16:34:30.221 [AsyncHttpClient-1-9] DEBUG org.asynchttpclient.netty.channel.ChannelManager - Adding key: http://localhost:55770 for channel [id: 0xd488a1b3, L:/127.0.0.1:51022 - R:localhost/127.0.0.1:55770]
16:34:30.223 [Forwarding findElement on session a5e8d439f00e003c1cd17cf5a53833bd to remote] DEBUG org.asynchttpclient.netty.request.NettyRequestSender - Using pooled Channel '[id: 0xd488a1b3, L:/127.0.0.1:51022 - R:localhost/127.0.0.1:55770]' for 'POST' to 'http://localhost:55770/session/a5e8d439f00e003c1cd17cf5a53833bd/element'
16:34:30.223 [Forwarding findElement on session a5e8d439f00e003c1cd17cf5a53833bd to remote] DEBUG org.asynchttpclient.netty.request.NettyRequestSender - Using open Channel [id: 0xd488a1b3, L:/127.0.0.1:51022 - R:localhost/127.0.0.1:55770] for POST '/session/a5e8d439f00e003c1cd17cf5a53833bd/element'
16:34:30.234 [AsyncHttpClient-1-9] DEBUG org.asynchttpclient.netty.handler.HttpHandler - 

Request DefaultHttpRequest(decodeResult: success, version: HTTP/1.1)
POST /session/a5e8d439f00e003c1cd17cf5a53833bd/element HTTP/1.1
User-Agent: selenium/4.1.2 (java windows)
Content-Length: 161
Content-Type: application/json; charset=utf-8
host: localhost:55770
accept: */*

Response DefaultHttpResponse(decodeResult: success, version: HTTP/1.1)
HTTP/1.1 200 OK
Content-Type: application/json; charset=utf-8
cache-control: no-cache
content-length: 88

16:34:30.234 [AsyncHttpClient-1-9] DEBUG org.asynchttpclient.netty.channel.ChannelManager - Adding key: http://localhost:55770 for channel [id: 0xd488a1b3, L:/127.0.0.1:51022 - R:localhost/127.0.0.1:55770]
16:34:30.235 [Forwarding clickElement on session a5e8d439f00e003c1cd17cf5a53833bd to remote] DEBUG org.asynchttpclient.netty.request.NettyRequestSender - Using pooled Channel '[id: 0xd488a1b3, L:/127.0.0.1:51022 - R:localhost/127.0.0.1:55770]' for 'POST' to 'http://localhost:55770/session/a5e8d439f00e003c1cd17cf5a53833bd/element/f70c1e45-a3db-4f77-8486-e8275fb0c792/click'
16:34:30.235 [Forwarding clickElement on session a5e8d439f00e003c1cd17cf5a53833bd to remote] DEBUG org.asynchttpclient.netty.request.NettyRequestSender - Using open Channel [id: 0xd488a1b3, L:/127.0.0.1:51022 - R:localhost/127.0.0.1:55770] for POST '/session/a5e8d439f00e003c1cd17cf5a53833bd/element/f70c1e45-a3db-4f77-8486-e8275fb0c792/click'
16:34:30.309 [AsyncHttpClient-1-9] DEBUG org.asynchttpclient.netty.handler.HttpHandler - 

Request DefaultHttpRequest(decodeResult: success, version: HTTP/1.1)
POST /session/a5e8d439f00e003c1cd17cf5a53833bd/element/f70c1e45-a3db-4f77-8486-e8275fb0c792/click HTTP/1.1
User-Agent: selenium/4.1.2 (java windows)
Content-Length: 50
Content-Type: application/json; charset=utf-8
host: localhost:55770
accept: */*

Response DefaultHttpResponse(decodeResult: success, version: HTTP/1.1)
HTTP/1.1 200 OK
Content-Type: application/json; charset=utf-8
cache-control: no-cache
content-length: 14

16:34:30.309 [AsyncHttpClient-1-9] DEBUG org.asynchttpclient.netty.channel.ChannelManager - Adding key: http://localhost:55770 for channel [id: 0xd488a1b3, L:/127.0.0.1:51022 - R:localhost/127.0.0.1:55770]
16:34:30.320 [Forwarding screenshot on session a5e8d439f00e003c1cd17cf5a53833bd to remote] DEBUG org.asynchttpclient.netty.request.NettyRequestSender - Using pooled Channel '[id: 0xd488a1b3, L:/127.0.0.1:51022 - R:localhost/127.0.0.1:55770]' for 'GET' to 'http://localhost:55770/session/a5e8d439f00e003c1cd17cf5a53833bd/screenshot'
16:34:30.320 [Forwarding screenshot on session a5e8d439f00e003c1cd17cf5a53833bd to remote] DEBUG org.asynchttpclient.netty.request.NettyRequestSender - Using open Channel [id: 0xd488a1b3, L:/127.0.0.1:51022 - R:localhost/127.0.0.1:55770] for GET '/session/a5e8d439f00e003c1cd17cf5a53833bd/screenshot'
16:34:30.473 [AsyncHttpClient-1-9] DEBUG org.asynchttpclient.netty.handler.HttpHandler - 

Request DefaultFullHttpRequest(decodeResult: success, version: HTTP/1.1, content: EmptyByteBufBE)
GET /session/a5e8d439f00e003c1cd17cf5a53833bd/screenshot HTTP/1.1
User-Agent: selenium/4.1.2 (java windows)
Cache-Control: no-cache
Content-Type: application/json; charset=utf-8
host: localhost:55770
accept: */*

Response DefaultHttpResponse(decodeResult: success, version: HTTP/1.1)
HTTP/1.1 200 OK
Content-Type: application/json; charset=utf-8
cache-control: no-cache
content-length: 82908

16:34:30.474 [AsyncHttpClient-1-9] DEBUG org.asynchttpclient.netty.channel.ChannelManager - Adding key: http://localhost:55770 for channel [id: 0xd488a1b3, L:/127.0.0.1:51022 - R:localhost/127.0.0.1:55770]
16:34:30.480 [main] DEBUG net.serenitybdd.core.photography.Darkroom - Send negative for processing for target\site\serenity\ea8f6ee5cf58abc050c2431ebc81c8aa3b3a66d306b633d3417813cdaa7005a0.png
16:34:30.480 [main] DEBUG net.thucydides.core.steps.StepInterceptor - STEP DONE: clickSearchButton
  &amp#27;[32mWhen &amp#27;[0m&amp#27;[32mI input patient blood type and click search&amp#27;[0m            &amp#27;[90m# starter.stepdefinitions.PatientSteps.iInputPatientBloodTypeAndClickSearch()&amp#27;[0m
16:34:30.481 [Darkroom Processing Line] DEBUG net.serenitybdd.core.photography.DarkroomProcessingLine - Processing screenshot image in /var/screenshots/screenshot-16246603387871286670
16:34:30.481 [Darkroom Processing Line] DEBUG net.serenitybdd.core.photography.DarkroomProcessingLine - Saving screenshot to target\site\serenity\ea8f6ee5cf58abc050c2431ebc81c8aa3b3a66d306b633d3417813cdaa7005a0.png
16:34:30.500 [Forwarding findElement on session a5e8d439f00e003c1cd17cf5a53833bd to remote] DEBUG org.asynchttpclient.netty.request.NettyRequestSender - Using pooled Channel '[id: 0xd488a1b3, L:/127.0.0.1:51022 - R:localhost/127.0.0.1:55770]' for 'POST' to 'http://localhost:55770/session/a5e8d439f00e003c1cd17cf5a53833bd/element'
16:34:30.500 [Forwarding findElement on session a5e8d439f00e003c1cd17cf5a53833bd to remote] DEBUG org.asynchttpclient.netty.request.NettyRequestSender - Using open Channel [id: 0xd488a1b3, L:/127.0.0.1:51022 - R:localhost/127.0.0.1:55770] for POST '/session/a5e8d439f00e003c1cd17cf5a53833bd/element'
16:34:30.521 [AsyncHttpClient-1-9] DEBUG org.asynchttpclient.netty.handler.HttpHandler - 

Request DefaultHttpRequest(decodeResult: success, version: HTTP/1.1)
POST /session/a5e8d439f00e003c1cd17cf5a53833bd/element HTTP/1.1
User-Agent: selenium/4.1.2 (java windows)
Content-Length: 74
Content-Type: application/json; charset=utf-8
host: localhost:55770
accept: */*

Response DefaultHttpResponse(decodeResult: success, version: HTTP/1.1)
HTTP/1.1 200 OK
Content-Type: application/json; charset=utf-8
cache-control: no-cache
content-length: 88

16:34:30.521 [AsyncHttpClient-1-9] DEBUG org.asynchttpclient.netty.channel.ChannelManager - Adding key: http://localhost:55770 for channel [id: 0xd488a1b3, L:/127.0.0.1:51022 - R:localhost/127.0.0.1:55770]
16:34:30.526 [Forwarding isElementDisplayed on session a5e8d439f00e003c1cd17cf5a53833bd to remote] DEBUG org.asynchttpclient.netty.request.NettyRequestSender - Using pooled Channel '[id: 0xd488a1b3, L:/127.0.0.1:51022 - R:localhost/127.0.0.1:55770]' for 'POST' to 'http://localhost:55770/session/a5e8d439f00e003c1cd17cf5a53833bd/execute/sync'
16:34:30.526 [Forwarding isElementDisplayed on session a5e8d439f00e003c1cd17cf5a53833bd to remote] DEBUG org.asynchttpclient.netty.request.NettyRequestSender - Using open Channel [id: 0xd488a1b3, L:/127.0.0.1:51022 - R:localhost/127.0.0.1:55770] for POST '/session/a5e8d439f00e003c1cd17cf5a53833bd/execute/sync'
16:34:30.555 [AsyncHttpClient-1-9] DEBUG org.asynchttpclient.netty.handler.HttpHandler - 

Request DefaultHttpRequest(decodeResult: success, version: HTTP/1.1)
POST /session/a5e8d439f00e003c1cd17cf5a53833bd/execute/sync HTTP/1.1
User-Agent: selenium/4.1.2 (java windows)
Content-Length: 48780
Content-Type: application/json; charset=utf-8
host: localhost:55770
accept: */*

Response DefaultHttpResponse(decodeResult: success, version: HTTP/1.1)
HTTP/1.1 200 OK
Content-Type: application/json; charset=utf-8
cache-control: no-cache
content-length: 14

16:34:30.555 [AsyncHttpClient-1-9] DEBUG org.asynchttpclient.netty.channel.ChannelManager - Adding key: http://localhost:55770 for channel [id: 0xd488a1b3, L:/127.0.0.1:51022 - R:localhost/127.0.0.1:55770]
  &amp#27;[32mThen &amp#27;[0m&amp#27;[32mI validate search by patient blood type&amp#27;[0m                &amp#27;[90m# starter.stepdefinitions.PatientSteps.iValidateSearchByPatientBloodType()&amp#27;[0m
16:34:30.563 [Forwarding screenshot on session a5e8d439f00e003c1cd17cf5a53833bd to remote] DEBUG org.asynchttpclient.netty.request.NettyRequestSender - Using pooled Channel '[id: 0xd488a1b3, L:/127.0.0.1:51022 - R:localhost/127.0.0.1:55770]' for 'GET' to 'http://localhost:55770/session/a5e8d439f00e003c1cd17cf5a53833bd/screenshot'
16:34:30.563 [Forwarding screenshot on session a5e8d439f00e003c1cd17cf5a53833bd to remote] DEBUG org.asynchttpclient.netty.request.NettyRequestSender - Using open Channel [id: 0xd488a1b3, L:/127.0.0.1:51022 - R:localhost/127.0.0.1:55770] for GET '/session/a5e8d439f00e003c1cd17cf5a53833bd/screenshot'
16:34:30.642 [AsyncHttpClient-1-1] DEBUG org.asynchttpclient.netty.channel.DefaultChannelPool - Entry count for : http://localhost:51023 : 1
16:34:30.718 [AsyncHttpClient-1-9] DEBUG org.asynchttpclient.netty.handler.HttpHandler - 

Request DefaultFullHttpRequest(decodeResult: success, version: HTTP/1.1, content: EmptyByteBufBE)
GET /session/a5e8d439f00e003c1cd17cf5a53833bd/screenshot HTTP/1.1
User-Agent: selenium/4.1.2 (java windows)
Cache-Control: no-cache
Content-Type: application/json; charset=utf-8
host: localhost:55770
accept: */*

Response DefaultHttpResponse(decodeResult: success, version: HTTP/1.1)
HTTP/1.1 200 OK
Content-Type: application/json; charset=utf-8
cache-control: no-cache
content-length: 83992

16:34:30.719 [AsyncHttpClient-1-9] DEBUG org.asynchttpclient.netty.channel.ChannelManager - Adding key: http://localhost:55770 for channel [id: 0xd488a1b3, L:/127.0.0.1:51022 - R:localhost/127.0.0.1:55770]
16:34:30.724 [main] DEBUG net.serenitybdd.core.photography.Darkroom - Send negative for processing for target\site\serenity\e6e62c3add102342f1bd8437cd97804e490b24148aaf38fc9dd0b8fab7b28fa0.png
16:34:30.725 [Darkroom Processing Line] DEBUG net.serenitybdd.core.photography.DarkroomProcessingLine - Processing screenshot image in /var/screenshots/screenshot-7268388792072679982
16:34:30.725 [Darkroom Processing Line] DEBUG net.serenitybdd.core.photography.DarkroomProcessingLine - Saving screenshot to target\site\serenity\e6e62c3add102342f1bd8437cd97804e490b24148aaf38fc9dd0b8fab7b28fa0.png
16:34:30.726 [main] INFO  - 
  _____   ___   ___   _____     ___     _     ___   ___   ___   ___  
 |_   _| | __| / __| |_   _|   | _ \   /_\   / __| / __| | __| |   \ 
   | |   | _|  \__ \   | |     |  _/  / _ \  \__ \ \__ \ | _|  | |) |
   |_|   |___| |___/   |_|     |_|   /_/ \_\ |___/ |___/ |___| |___/ 

Search Patient Based on Patient Blood Type Scenario
----------------------------------------------------------------------
16:34:30.728 [AsyncHttpClient-1-3] DEBUG org.asynchttpclient.netty.handler.WebSocketHandler - Channel Closed: [id: 0x3b27b527, L:/127.0.0.1:51029 ! R:localhost/127.0.0.1:51023] with attribute NettyResponseFuture{currentRetry=5,
	isDone=1,
	isCancelled=0,
	asyncHandler=org.asynchttpclient.ws.WebSocketUpgradeHandler@3223ad30,
	nettyRequest=org.asynchttpclient.netty.request.NettyRequest@250ff65c,
	future=java.util.concurrent.CompletableFuture@603e14b4[Completed normally],
	uri=ws://localhost:51023/devtools/browser/77e5934e-d889-45e7-82a4-046f4ff252ab,
	keepAlive=true,
	redirectCount=0,
	timeoutsHolder=null,
	inAuth=0,
	touch=1655717663469}
16:34:30.728 [AsyncHttpClient-1-3] DEBUG org.asynchttpclient.netty.channel.ChannelManager - Closing Channel [id: 0x3b27b527, L:/127.0.0.1:51029 ! R:localhost/127.0.0.1:51023] 
16:34:30.729 [Driver Command Executor] DEBUG org.asynchttpclient.netty.request.NettyRequestSender - Using pooled Channel '[id: 0xd488a1b3, L:/127.0.0.1:51022 - R:localhost/127.0.0.1:55770]' for 'DELETE' to 'http://localhost:55770/session/a5e8d439f00e003c1cd17cf5a53833bd'
16:34:30.729 [Driver Command Executor] DEBUG org.asynchttpclient.netty.request.NettyRequestSender - Using open Channel [id: 0xd488a1b3, L:/127.0.0.1:51022 - R:localhost/127.0.0.1:55770] for DELETE '/session/a5e8d439f00e003c1cd17cf5a53833bd'
16:34:31.737 [AsyncHttpClient-1-1] DEBUG org.asynchttpclient.netty.channel.DefaultChannelPool - Entry count for : http://localhost:51023 : 1
16:34:32.840 [AsyncHttpClient-1-1] DEBUG org.asynchttpclient.netty.channel.DefaultChannelPool - Entry count for : http://localhost:51023 : 1
16:34:33.507 [AsyncHttpClient-1-2] DEBUG org.asynchttpclient.netty.handler.HttpHandler - Unexpected I/O exception on channel [id: 0x2d4d621d, L:/127.0.0.1:51028 - R:localhost/127.0.0.1:51023]
java.net.SocketException: Connection reset
	at java.base/sun.nio.ch.SocketChannelImpl.throwConnectionReset(SocketChannelImpl.java:367)
	at java.base/sun.nio.ch.SocketChannelImpl.read(SocketChannelImpl.java:398)
	at io.netty.buffer.PooledByteBuf.setBytes(PooledByteBuf.java:258)
	at io.netty.buffer.AbstractByteBuf.writeBytes(AbstractByteBuf.java:1132)
	at io.netty.channel.socket.nio.NioSocketChannel.doReadBytes(NioSocketChannel.java:350)
	at io.netty.channel.nio.AbstractNioByteChannel$NioByteUnsafe.read(AbstractNioByteChannel.java:151)
	at io.netty.channel.nio.NioEventLoop.processSelectedKey(NioEventLoop.java:722)
	at io.netty.channel.nio.NioEventLoop.processSelectedKeysOptimized(NioEventLoop.java:658)
	at io.netty.channel.nio.NioEventLoop.processSelectedKeys(NioEventLoop.java:584)
	at io.netty.channel.nio.NioEventLoop.run(NioEventLoop.java:496)
	at io.netty.util.concurrent.SingleThreadEventExecutor$4.run(SingleThreadEventExecutor.java:986)
	at io.netty.util.internal.ThreadExecutorMap$2.run(ThreadExecutorMap.java:74)
	at io.netty.util.concurrent.FastThreadLocalRunnable.run(FastThreadLocalRunnable.java:30)
	at java.base/java.lang.Thread.run(Thread.java:832)
16:34:33.508 [AsyncHttpClient-1-2] DEBUG org.asynchttpclient.netty.channel.ChannelManager - Closing Channel [id: 0x2d4d621d, L:/127.0.0.1:51028 - R:localhost/127.0.0.1:51023] 
16:34:33.508 [AsyncHttpClient-1-2] DEBUG org.asynchttpclient.netty.handler.HttpHandler - Channel Closed: [id: 0x2d4d621d, L:/127.0.0.1:51028 ! R:localhost/127.0.0.1:51023] with attribute DISCARD
16:34:33.940 [AsyncHttpClient-1-1] DEBUG org.asynchttpclient.netty.channel.DefaultChannelPool - Entry count for : http://localhost:51023 : 1
16:34:33.940 [AsyncHttpClient-1-1] DEBUG org.asynchttpclient.netty.channel.DefaultChannelPool - Adding Candidate expired Channel [id: 0x2d4d621d, L:/127.0.0.1:51028 ! R:localhost/127.0.0.1:51023] isIdleTimeoutExpired=false isRemotelyClosed=true isTtlExpired=false
16:34:33.940 [AsyncHttpClient-1-1] DEBUG org.asynchttpclient.netty.channel.DefaultChannelPool - Closing Idle Channel [id: 0x2d4d621d, L:/127.0.0.1:51028 ! R:localhost/127.0.0.1:51023]
16:34:33.940 [AsyncHttpClient-1-1] DEBUG org.asynchttpclient.netty.channel.DefaultChannelPool - Closed 1 connections out of 1 in 0 ms
16:34:34.550 [AsyncHttpClient-1-9] DEBUG org.asynchttpclient.netty.handler.HttpHandler - 

Request DefaultFullHttpRequest(decodeResult: success, version: HTTP/1.1, content: EmptyByteBufBE)
DELETE /session/a5e8d439f00e003c1cd17cf5a53833bd HTTP/1.1
User-Agent: selenium/4.1.2 (java windows)
Content-Type: application/json; charset=utf-8
host: localhost:55770
accept: */*

Response DefaultHttpResponse(decodeResult: success, version: HTTP/1.1)
HTTP/1.1 200 OK
Content-Type: application/json; charset=utf-8
cache-control: no-cache
content-length: 14

16:34:34.550 [AsyncHttpClient-1-9] DEBUG org.asynchttpclient.netty.channel.ChannelManager - Adding key: http://localhost:55770 for channel [id: 0xd488a1b3, L:/127.0.0.1:51022 - R:localhost/127.0.0.1:55770]
16:34:34.723 [AsyncHttpClient-1-9] DEBUG org.asynchttpclient.netty.handler.HttpHandler - Channel Closed: [id: 0xd488a1b3, L:/127.0.0.1:51022 ! R:localhost/127.0.0.1:55770] with attribute DISCARD
16:34:35.037 [AsyncHttpClient-1-1] DEBUG org.asynchttpclient.netty.channel.DefaultChannelPool - Entry count for : http://localhost:55770 : 1
16:34:35.037 [AsyncHttpClient-1-1] DEBUG org.asynchttpclient.netty.channel.DefaultChannelPool - Adding Candidate expired Channel [id: 0xd488a1b3, L:/127.0.0.1:51022 ! R:localhost/127.0.0.1:55770] isIdleTimeoutExpired=false isRemotelyClosed=true isTtlExpired=false
16:34:35.037 [AsyncHttpClient-1-1] DEBUG org.asynchttpclient.netty.channel.DefaultChannelPool - Closing Idle Channel [id: 0xd488a1b3, L:/127.0.0.1:51022 ! R:localhost/127.0.0.1:55770]
16:34:35.037 [AsyncHttpClient-1-1] DEBUG org.asynchttpclient.netty.channel.DefaultChannelPool - Closed 1 connections out of 1 in 0 ms
]]></system-out>
    <system-err><![CDATA[Starting ChromeDriver 102.0.5005.61 (0e59bcc00cc4985ce39ad31c150065f159d95ad3-refs/branch-heads/5005@{#819}) on port 55770
Only local connections are allowed.
Please see https://chromedriver.chromium.org/security-considerations for suggestions on keeping ChromeDriver safe.
ChromeDriver was started successfully.
Jun 20, 2022 4:34:23 PM org.openqa.selenium.remote.ProtocolHandshake createSession
INFO: Detected dialect: W3C
Jun 20, 2022 4:34:23 PM org.openqa.selenium.devtools.CdpVersionFinder findNearestMatch
WARNING: Unable to find an exact match for CDP version 102, so returning the closest version found: a no-op implementation
Jun 20, 2022 4:34:23 PM org.openqa.selenium.devtools.CdpVersionFinder findNearestMatch
INFO: Unable to find CDP implementation matching 102.
Jun 20, 2022 4:34:23 PM org.openqa.selenium.chromium.ChromiumDriver lambda$new$3
WARNING: Unable to find version of CDP to use for . You may need to include a dependency on a specific version of the CDP using something similar to `org.seleniumhq.selenium:selenium-devtools-v86:4.1.2` where the version ("v86") matches the version of the chromium-based browser you're using and the version number of the artifact is the same as Selenium's.
]]></system-err>
  </testcase>
  <testcase name="Create New Doctor Scenario" classname="Doctor" time="16.52">
    <system-out><![CDATA[16:34:35.709 [main] INFO io.cucumber.core.plugin.SerenityReporter - Running feature from file:///E:/My%20Documents/File%20Difa/TI%20Semester%206%20Kampus%20Merdeka%20Alterra/Tugas/CAPSTONE%20Project/Capstone-Project-Website/src/test/resources/features/3.Doctor.feature
16:34:35.931 [main] DEBUG net.thucydides.core.steps.StepEventBus - Test suite started for story net.thucydides.core.model.Story@bff63723
16:34:36.255 [main] INFO  - Test Suite Started: Doctor

@Doctor @CreateDoctor
Scenario: Create New Doctor Scenario             &amp#27;[90m# src/test/resources/features/3.Doctor.feature:9&amp#27;[0m
16:34:36.355 [main] INFO io.cucumber.core.plugin.SerenityReporter - Running feature from file:///E:/My%20Documents/File%20Difa/TI%20Semester%206%20Kampus%20Merdeka%20Alterra/Tugas/CAPSTONE%20Project/Capstone-Project-Website/src/test/resources/features/3.Doctor.feature
16:34:36.358 [main] INFO  - 
  _____   ___   ___   _____     ___   _____     _     ___   _____   ___   ___  
 |_   _| | __| / __| |_   _|   / __| |_   _|   /_\   | _ \ |_   _| | __| |   \ 
   | |   | _|  \__ \   | |     \__ \   | |    / _ \  |   /   | |   | _|  | |) |
   |_|   |___| |___/   |_|     |___/   |_|   /_/ \_\ |_|_\   |_|   |___| |___/ 

Create New Doctor Scenario(doctor;create-new-doctor-scenario)
--------------------------------------------------------------------------------
16:34:38.897 [main] DEBUG net.thucydides.core.steps.StepInterceptor - STARTING STEP: DoctorSteps.iAmAtTheDashboardPage - openUrl
16:34:38.900 [main] INFO net.serenitybdd.core.webdriver.driverproviders.ChromeDriverProvider - Using automatically driver download
16:34:39.110 [main] DEBUG io.github.bonigarcia.wdm.cache.ResolutionCache - Resolution chrome=102 in cache (valid until 16:47:55 20/06/2022 ICT)
16:34:39.116 [main] DEBUG io.github.bonigarcia.wdm.cache.ResolutionCache - Resolution chrome102=102.0.5005.61 in cache (valid until 09:12:44 21/06/2022 ICT)
16:34:39.117 [main] INFO io.github.bonigarcia.wdm.WebDriverManager - Using chromedriver 102.0.5005.61 (resolved driver for Chrome 102)
16:34:39.126 [main] DEBUG io.github.bonigarcia.wdm.WebDriverManager - Driver chromedriver 102.0.5005.61 found in cache
16:34:39.127 [main] INFO io.github.bonigarcia.wdm.WebDriverManager - Exporting webdriver.chrome.driver as C:\Users\USER\.cache\selenium\chromedriver\win32\102.0.5005.61\chromedriver.exe
16:34:39.317 [main] DEBUG net.serenitybdd.core.webdriver.driverproviders.ProvideNewDriver - Instantiating driver
16:34:39.317 [main] DEBUG net.serenitybdd.core.webdriver.driverproviders.ProvideNewDriver - Driver capabilities: Capabilities {acceptInsecureCerts: false, base.url: https://hospital-management..., browserName: chrome, chrome.driver: src/test/resources/webdrive..., driver: chrome, goog:chromeOptions: {args: [], extensions: []}}
16:34:39.852 [AsyncHttpClient-1-4] DEBUG org.asynchttpclient.netty.channel.NettyConnectListener - Using new Channel '[id: 0x11a089b2, L:/127.0.0.1:51046 - R:localhost/127.0.0.1:52319]' for 'POST' to '/session'
16:34:40.521 [AsyncHttpClient-1-4] DEBUG org.asynchttpclient.netty.handler.HttpHandler - 

Request DefaultHttpRequest(decodeResult: success, version: HTTP/1.1)
POST /session HTTP/1.1
User-Agent: selenium/4.1.2 (java windows)
Content-Length: 621
Content-Type: application/json; charset=utf-8
host: localhost:52319
accept: */*

Response DefaultHttpResponse(decodeResult: success, version: HTTP/1.1)
HTTP/1.1 200 OK
Content-Type: application/json; charset=utf-8
cache-control: no-cache
content-length: 789

16:34:40.521 [AsyncHttpClient-1-4] DEBUG org.asynchttpclient.netty.channel.ChannelManager - Adding key: http://localhost:52319 for channel [id: 0x11a089b2, L:/127.0.0.1:51046 - R:localhost/127.0.0.1:52319]
16:34:40.530 [AsyncHttpClient-1-5] DEBUG org.asynchttpclient.netty.channel.NettyConnectListener - Using new Channel '[id: 0x1139b260, L:/127.0.0.1:51052 - R:localhost/127.0.0.1:51047]' for 'GET' to '/json/version'
16:34:40.530 [AsyncHttpClient-1-5] DEBUG org.asynchttpclient.netty.handler.HttpHandler - 

Request DefaultFullHttpRequest(decodeResult: success, version: HTTP/1.1, content: EmptyByteBufBE)
GET /json/version HTTP/1.1
User-Agent: selenium/4.1.2 (java windows)
host: localhost:51047
accept: */*

Response DefaultHttpResponse(decodeResult: success, version: HTTP/1.1)
HTTP/1.1 200 OK
Content-Type: application/json; charset=UTF-8
content-length: 427

16:34:40.530 [AsyncHttpClient-1-5] DEBUG org.asynchttpclient.netty.channel.ChannelManager - Adding key: http://localhost:51047 for channel [id: 0x1139b260, L:/127.0.0.1:51052 - R:localhost/127.0.0.1:51047]
16:34:40.532 [AsyncHttpClient-1-6] DEBUG org.asynchttpclient.netty.channel.NettyConnectListener - Using new Channel '[id: 0x2cd4a735, L:/127.0.0.1:51053 - R:localhost/127.0.0.1:51047]' for 'GET' to '/devtools/browser/b60bcf23-6797-44c3-8526-eb8ddeb3a320'
16:34:40.533 [AsyncHttpClient-1-6] DEBUG org.asynchttpclient.netty.handler.WebSocketHandler - 

Request DefaultFullHttpRequest(decodeResult: success, version: HTTP/1.1, content: EmptyByteBufBE)
GET /devtools/browser/b60bcf23-6797-44c3-8526-eb8ddeb3a320 HTTP/1.1
upgrade: websocket
connection: upgrade
sec-websocket-key: hqvezMoZVx2fi8zslsPNjQ==
sec-websocket-version: 13
origin: http://localhost:51047
host: localhost:51047
accept: */*
user-agent: AHC/2.1

Response DefaultHttpResponse(decodeResult: success, version: HTTP/1.1)
HTTP/1.1 101 WebSocket Protocol Handshake
Upgrade: WebSocket
Connection: Upgrade
Sec-WebSocket-Accept: 0JRtj3ZZET4Ci00n18xmlxZmQAY=

16:34:40.539 [Forwarding maximizeCurrentWindow on session b37e362bce038f9d561a61feb7a17290 to remote] DEBUG org.asynchttpclient.netty.request.NettyRequestSender - Using pooled Channel '[id: 0x11a089b2, L:/127.0.0.1:51046 - R:localhost/127.0.0.1:52319]' for 'POST' to 'http://localhost:52319/session/b37e362bce038f9d561a61feb7a17290/window/maximize'
16:34:40.539 [Forwarding maximizeCurrentWindow on session b37e362bce038f9d561a61feb7a17290 to remote] DEBUG org.asynchttpclient.netty.request.NettyRequestSender - Using open Channel [id: 0x11a089b2, L:/127.0.0.1:51046 - R:localhost/127.0.0.1:52319] for POST '/session/b37e362bce038f9d561a61feb7a17290/window/maximize'
16:34:40.657 [AsyncHttpClient-1-4] DEBUG org.asynchttpclient.netty.handler.HttpHandler - 

Request DefaultHttpRequest(decodeResult: success, version: HTTP/1.1)
POST /session/b37e362bce038f9d561a61feb7a17290/window/maximize HTTP/1.1
User-Agent: selenium/4.1.2 (java windows)
Content-Length: 3
Content-Type: application/json; charset=utf-8
host: localhost:52319
accept: */*

Response DefaultHttpResponse(decodeResult: success, version: HTTP/1.1)
HTTP/1.1 200 OK
Content-Type: application/json; charset=utf-8
cache-control: no-cache
content-length: 51

16:34:40.657 [AsyncHttpClient-1-4] DEBUG org.asynchttpclient.netty.channel.ChannelManager - Adding key: http://localhost:52319 for channel [id: 0x11a089b2, L:/127.0.0.1:51046 - R:localhost/127.0.0.1:52319]
16:34:40.659 [Forwarding get on session b37e362bce038f9d561a61feb7a17290 to remote] DEBUG org.asynchttpclient.netty.request.NettyRequestSender - Using pooled Channel '[id: 0x11a089b2, L:/127.0.0.1:51046 - R:localhost/127.0.0.1:52319]' for 'POST' to 'http://localhost:52319/session/b37e362bce038f9d561a61feb7a17290/url'
16:34:40.659 [Forwarding get on session b37e362bce038f9d561a61feb7a17290 to remote] DEBUG org.asynchttpclient.netty.request.NettyRequestSender - Using open Channel [id: 0x11a089b2, L:/127.0.0.1:51046 - R:localhost/127.0.0.1:52319] for POST '/session/b37e362bce038f9d561a61feb7a17290/url'
16:34:40.939 [AsyncHttpClient-1-1] DEBUG org.asynchttpclient.netty.channel.DefaultChannelPool - Entry count for : http://localhost:51047 : 1
16:34:42.040 [AsyncHttpClient-1-1] DEBUG org.asynchttpclient.netty.channel.DefaultChannelPool - Entry count for : http://localhost:51047 : 1
16:34:43.183 [AsyncHttpClient-1-1] DEBUG org.asynchttpclient.netty.channel.DefaultChannelPool - Entry count for : http://localhost:51047 : 1
16:34:44.240 [AsyncHttpClient-1-1] DEBUG org.asynchttpclient.netty.channel.DefaultChannelPool - Entry count for : http://localhost:51047 : 1
16:34:44.973 [AsyncHttpClient-1-4] DEBUG org.asynchttpclient.netty.handler.HttpHandler - 

Request DefaultHttpRequest(decodeResult: success, version: HTTP/1.1)
POST /session/b37e362bce038f9d561a61feb7a17290/url HTTP/1.1
User-Agent: selenium/4.1.2 (java windows)
Content-Length: 65
Content-Type: application/json; charset=utf-8
host: localhost:52319
accept: */*

Response DefaultHttpResponse(decodeResult: success, version: HTTP/1.1)
HTTP/1.1 200 OK
Content-Type: application/json; charset=utf-8
cache-control: no-cache
content-length: 14

16:34:44.973 [AsyncHttpClient-1-4] DEBUG org.asynchttpclient.netty.channel.ChannelManager - Adding key: http://localhost:52319 for channel [id: 0x11a089b2, L:/127.0.0.1:51046 - R:localhost/127.0.0.1:52319]
16:34:44.975 [Forwarding setTimeout on session b37e362bce038f9d561a61feb7a17290 to remote] DEBUG org.asynchttpclient.netty.request.NettyRequestSender - Using pooled Channel '[id: 0x11a089b2, L:/127.0.0.1:51046 - R:localhost/127.0.0.1:52319]' for 'POST' to 'http://localhost:52319/session/b37e362bce038f9d561a61feb7a17290/timeouts'
16:34:44.975 [Forwarding setTimeout on session b37e362bce038f9d561a61feb7a17290 to remote] DEBUG org.asynchttpclient.netty.request.NettyRequestSender - Using open Channel [id: 0x11a089b2, L:/127.0.0.1:51046 - R:localhost/127.0.0.1:52319] for POST '/session/b37e362bce038f9d561a61feb7a17290/timeouts'
16:34:44.981 [AsyncHttpClient-1-4] DEBUG org.asynchttpclient.netty.handler.HttpHandler - 

Request DefaultHttpRequest(decodeResult: success, version: HTTP/1.1)
POST /session/b37e362bce038f9d561a61feb7a17290/timeouts HTTP/1.1
User-Agent: selenium/4.1.2 (java windows)
Content-Length: 22
Content-Type: application/json; charset=utf-8
host: localhost:52319
accept: */*

Response DefaultHttpResponse(decodeResult: success, version: HTTP/1.1)
HTTP/1.1 200 OK
Content-Type: application/json; charset=utf-8
cache-control: no-cache
content-length: 14

16:34:44.981 [AsyncHttpClient-1-4] DEBUG org.asynchttpclient.netty.channel.ChannelManager - Adding key: http://localhost:52319 for channel [id: 0x11a089b2, L:/127.0.0.1:51046 - R:localhost/127.0.0.1:52319]
16:34:44.989 [Forwarding getCurrentUrl on session b37e362bce038f9d561a61feb7a17290 to remote] DEBUG org.asynchttpclient.netty.request.NettyRequestSender - Using pooled Channel '[id: 0x11a089b2, L:/127.0.0.1:51046 - R:localhost/127.0.0.1:52319]' for 'GET' to 'http://localhost:52319/session/b37e362bce038f9d561a61feb7a17290/url'
16:34:44.989 [Forwarding getCurrentUrl on session b37e362bce038f9d561a61feb7a17290 to remote] DEBUG org.asynchttpclient.netty.request.NettyRequestSender - Using open Channel [id: 0x11a089b2, L:/127.0.0.1:51046 - R:localhost/127.0.0.1:52319] for GET '/session/b37e362bce038f9d561a61feb7a17290/url'
16:34:45.043 [AsyncHttpClient-1-4] DEBUG org.asynchttpclient.netty.handler.HttpHandler - 

Request DefaultFullHttpRequest(decodeResult: success, version: HTTP/1.1, content: EmptyByteBufBE)
GET /session/b37e362bce038f9d561a61feb7a17290/url HTTP/1.1
User-Agent: selenium/4.1.2 (java windows)
Cache-Control: no-cache
Content-Type: application/json; charset=utf-8
host: localhost:52319
accept: */*

Response DefaultHttpResponse(decodeResult: success, version: HTTP/1.1)
HTTP/1.1 200 OK
Content-Type: application/json; charset=utf-8
cache-control: no-cache
content-length: 53

16:34:45.043 [AsyncHttpClient-1-4] DEBUG org.asynchttpclient.netty.channel.ChannelManager - Adding key: http://localhost:52319 for channel [id: 0x11a089b2, L:/127.0.0.1:51046 - R:localhost/127.0.0.1:52319]
16:34:45.050 [Forwarding getCurrentUrl on session b37e362bce038f9d561a61feb7a17290 to remote] DEBUG org.asynchttpclient.netty.request.NettyRequestSender - Using pooled Channel '[id: 0x11a089b2, L:/127.0.0.1:51046 - R:localhost/127.0.0.1:52319]' for 'GET' to 'http://localhost:52319/session/b37e362bce038f9d561a61feb7a17290/url'
16:34:45.050 [Forwarding getCurrentUrl on session b37e362bce038f9d561a61feb7a17290 to remote] DEBUG org.asynchttpclient.netty.request.NettyRequestSender - Using open Channel [id: 0x11a089b2, L:/127.0.0.1:51046 - R:localhost/127.0.0.1:52319] for GET '/session/b37e362bce038f9d561a61feb7a17290/url'
16:34:45.058 [AsyncHttpClient-1-4] DEBUG org.asynchttpclient.netty.handler.HttpHandler - 

Request DefaultFullHttpRequest(decodeResult: success, version: HTTP/1.1, content: EmptyByteBufBE)
GET /session/b37e362bce038f9d561a61feb7a17290/url HTTP/1.1
User-Agent: selenium/4.1.2 (java windows)
Cache-Control: no-cache
Content-Type: application/json; charset=utf-8
host: localhost:52319
accept: */*

Response DefaultHttpResponse(decodeResult: success, version: HTTP/1.1)
HTTP/1.1 200 OK
Content-Type: application/json; charset=utf-8
cache-control: no-cache
content-length: 53

16:34:45.058 [AsyncHttpClient-1-4] DEBUG org.asynchttpclient.netty.channel.ChannelManager - Adding key: http://localhost:52319 for channel [id: 0x11a089b2, L:/127.0.0.1:51046 - R:localhost/127.0.0.1:52319]
16:34:45.069 [main] DEBUG net.serenitybdd.core.photography.Darkroom - Opening darkroom
16:34:45.070 [Darkroom Processing Line] DEBUG net.serenitybdd.core.photography.DarkroomProcessingLine - Darkroom processing line starting up
16:34:45.070 [Forwarding screenshot on session b37e362bce038f9d561a61feb7a17290 to remote] DEBUG org.asynchttpclient.netty.request.NettyRequestSender - Using pooled Channel '[id: 0x11a089b2, L:/127.0.0.1:51046 - R:localhost/127.0.0.1:52319]' for 'GET' to 'http://localhost:52319/session/b37e362bce038f9d561a61feb7a17290/screenshot'
16:34:45.070 [Forwarding screenshot on session b37e362bce038f9d561a61feb7a17290 to remote] DEBUG org.asynchttpclient.netty.request.NettyRequestSender - Using open Channel [id: 0x11a089b2, L:/127.0.0.1:51046 - R:localhost/127.0.0.1:52319] for GET '/session/b37e362bce038f9d561a61feb7a17290/screenshot'
16:34:45.336 [AsyncHttpClient-1-4] DEBUG org.asynchttpclient.netty.handler.HttpHandler - 

Request DefaultFullHttpRequest(decodeResult: success, version: HTTP/1.1, content: EmptyByteBufBE)
GET /session/b37e362bce038f9d561a61feb7a17290/screenshot HTTP/1.1
User-Agent: selenium/4.1.2 (java windows)
Cache-Control: no-cache
Content-Type: application/json; charset=utf-8
host: localhost:52319
accept: */*

Response DefaultHttpResponse(decodeResult: success, version: HTTP/1.1)
HTTP/1.1 200 OK
Content-Type: application/json; charset=utf-8
cache-control: no-cache
content-length: 182724

16:34:45.338 [AsyncHttpClient-1-4] DEBUG org.asynchttpclient.netty.channel.ChannelManager - Adding key: http://localhost:52319 for channel [id: 0x11a089b2, L:/127.0.0.1:51046 - R:localhost/127.0.0.1:52319]
16:34:45.338 [AsyncHttpClient-1-1] DEBUG org.asynchttpclient.netty.channel.DefaultChannelPool - Entry count for : http://localhost:51047 : 1
16:34:45.349 [main] DEBUG net.serenitybdd.core.photography.Darkroom - Send negative for processing for target\site\serenity\8dcbfb4190684bf29b1ac71597190b43082e2d6fd1c82f4b2b3662ffe3a94515.png
16:34:45.350 [main] DEBUG net.thucydides.core.steps.StepInterceptor - STEP DONE: openUrl
16:34:45.350 [Darkroom Processing Line] DEBUG net.serenitybdd.core.photography.DarkroomProcessingLine - Processing screenshot image in /var/screenshots/screenshot-5950132031545791678
16:34:45.350 [Darkroom Processing Line] DEBUG net.serenitybdd.core.photography.DarkroomProcessingLine - Saving screenshot to target\site\serenity\8dcbfb4190684bf29b1ac71597190b43082e2d6fd1c82f4b2b3662ffe3a94515.png
16:34:45.361 [main] DEBUG net.thucydides.core.steps.StepInterceptor - STARTING STEP: DoctorSteps.iAmAtTheDashboardPage - validateOnDashboardPage
16:34:45.365 [Forwarding findElement on session b37e362bce038f9d561a61feb7a17290 to remote] DEBUG org.asynchttpclient.netty.request.NettyRequestSender - Using pooled Channel '[id: 0x11a089b2, L:/127.0.0.1:51046 - R:localhost/127.0.0.1:52319]' for 'POST' to 'http://localhost:52319/session/b37e362bce038f9d561a61feb7a17290/element'
16:34:45.365 [Forwarding findElement on session b37e362bce038f9d561a61feb7a17290 to remote] DEBUG org.asynchttpclient.netty.request.NettyRequestSender - Using open Channel [id: 0x11a089b2, L:/127.0.0.1:51046 - R:localhost/127.0.0.1:52319] for POST '/session/b37e362bce038f9d561a61feb7a17290/element'
16:34:45.388 [AsyncHttpClient-1-4] DEBUG org.asynchttpclient.netty.handler.HttpHandler - 

Request DefaultHttpRequest(decodeResult: success, version: HTTP/1.1)
POST /session/b37e362bce038f9d561a61feb7a17290/element HTTP/1.1
User-Agent: selenium/4.1.2 (java windows)
Content-Length: 81
Content-Type: application/json; charset=utf-8
host: localhost:52319
accept: */*

Response DefaultHttpResponse(decodeResult: success, version: HTTP/1.1)
HTTP/1.1 200 OK
Content-Type: application/json; charset=utf-8
cache-control: no-cache
content-length: 88

16:34:45.388 [AsyncHttpClient-1-4] DEBUG org.asynchttpclient.netty.channel.ChannelManager - Adding key: http://localhost:52319 for channel [id: 0x11a089b2, L:/127.0.0.1:51046 - R:localhost/127.0.0.1:52319]
16:34:45.393 [Forwarding isElementDisplayed on session b37e362bce038f9d561a61feb7a17290 to remote] DEBUG org.asynchttpclient.netty.request.NettyRequestSender - Using pooled Channel '[id: 0x11a089b2, L:/127.0.0.1:51046 - R:localhost/127.0.0.1:52319]' for 'POST' to 'http://localhost:52319/session/b37e362bce038f9d561a61feb7a17290/execute/sync'
16:34:45.394 [Forwarding isElementDisplayed on session b37e362bce038f9d561a61feb7a17290 to remote] DEBUG org.asynchttpclient.netty.request.NettyRequestSender - Using open Channel [id: 0x11a089b2, L:/127.0.0.1:51046 - R:localhost/127.0.0.1:52319] for POST '/session/b37e362bce038f9d561a61feb7a17290/execute/sync'
16:34:45.418 [AsyncHttpClient-1-4] DEBUG org.asynchttpclient.netty.handler.HttpHandler - 

Request DefaultHttpRequest(decodeResult: success, version: HTTP/1.1)
POST /session/b37e362bce038f9d561a61feb7a17290/execute/sync HTTP/1.1
User-Agent: selenium/4.1.2 (java windows)
Content-Length: 48780
Content-Type: application/json; charset=utf-8
host: localhost:52319
accept: */*

Response DefaultHttpResponse(decodeResult: success, version: HTTP/1.1)
HTTP/1.1 200 OK
Content-Type: application/json; charset=utf-8
cache-control: no-cache
content-length: 14

16:34:45.418 [AsyncHttpClient-1-4] DEBUG org.asynchttpclient.netty.channel.ChannelManager - Adding key: http://localhost:52319 for channel [id: 0x11a089b2, L:/127.0.0.1:51046 - R:localhost/127.0.0.1:52319]
16:34:45.424 [Forwarding screenshot on session b37e362bce038f9d561a61feb7a17290 to remote] DEBUG org.asynchttpclient.netty.request.NettyRequestSender - Using pooled Channel '[id: 0x11a089b2, L:/127.0.0.1:51046 - R:localhost/127.0.0.1:52319]' for 'GET' to 'http://localhost:52319/session/b37e362bce038f9d561a61feb7a17290/screenshot'
16:34:45.424 [Forwarding screenshot on session b37e362bce038f9d561a61feb7a17290 to remote] DEBUG org.asynchttpclient.netty.request.NettyRequestSender - Using open Channel [id: 0x11a089b2, L:/127.0.0.1:51046 - R:localhost/127.0.0.1:52319] for GET '/session/b37e362bce038f9d561a61feb7a17290/screenshot'
16:34:45.711 [AsyncHttpClient-1-4] DEBUG org.asynchttpclient.netty.handler.HttpHandler - 

Request DefaultFullHttpRequest(decodeResult: success, version: HTTP/1.1, content: EmptyByteBufBE)
GET /session/b37e362bce038f9d561a61feb7a17290/screenshot HTTP/1.1
User-Agent: selenium/4.1.2 (java windows)
Cache-Control: no-cache
Content-Type: application/json; charset=utf-8
host: localhost:52319
accept: */*

Response DefaultHttpResponse(decodeResult: success, version: HTTP/1.1)
HTTP/1.1 200 OK
Content-Type: application/json; charset=utf-8
cache-control: no-cache
content-length: 182724

16:34:45.712 [AsyncHttpClient-1-4] DEBUG org.asynchttpclient.netty.channel.ChannelManager - Adding key: http://localhost:52319 for channel [id: 0x11a089b2, L:/127.0.0.1:51046 - R:localhost/127.0.0.1:52319]
16:34:45.724 [main] DEBUG net.serenitybdd.core.photography.Darkroom - Send negative for processing for target\site\serenity\8dcbfb4190684bf29b1ac71597190b43082e2d6fd1c82f4b2b3662ffe3a94515.png
16:34:45.724 [main] DEBUG net.thucydides.core.steps.StepInterceptor - STEP DONE: validateOnDashboardPage
  &amp#27;[32mGiven &amp#27;[0m&amp#27;[32mI'am at the dashboard page&amp#27;[0m               &amp#27;[90m# starter.stepdefinitions.DoctorSteps.iAmAtTheDashboardPage()&amp#27;[0m
16:34:45.748 [main] DEBUG net.thucydides.core.steps.StepInterceptor - STARTING STEP: DoctorSteps.iClickMenuDoctor - clickMenuDoctorButton
16:34:45.753 [Forwarding findElement on session b37e362bce038f9d561a61feb7a17290 to remote] DEBUG org.asynchttpclient.netty.request.NettyRequestSender - Using pooled Channel '[id: 0x11a089b2, L:/127.0.0.1:51046 - R:localhost/127.0.0.1:52319]' for 'POST' to 'http://localhost:52319/session/b37e362bce038f9d561a61feb7a17290/element'
16:34:45.753 [Forwarding findElement on session b37e362bce038f9d561a61feb7a17290 to remote] DEBUG org.asynchttpclient.netty.request.NettyRequestSender - Using open Channel [id: 0x11a089b2, L:/127.0.0.1:51046 - R:localhost/127.0.0.1:52319] for POST '/session/b37e362bce038f9d561a61feb7a17290/element'
16:34:45.769 [AsyncHttpClient-1-4] DEBUG org.asynchttpclient.netty.handler.HttpHandler - 

Request DefaultHttpRequest(decodeResult: success, version: HTTP/1.1)
POST /session/b37e362bce038f9d561a61feb7a17290/element HTTP/1.1
User-Agent: selenium/4.1.2 (java windows)
Content-Length: 79
Content-Type: application/json; charset=utf-8
host: localhost:52319
accept: */*

Response DefaultHttpResponse(decodeResult: success, version: HTTP/1.1)
HTTP/1.1 200 OK
Content-Type: application/json; charset=utf-8
cache-control: no-cache
content-length: 88

16:34:45.769 [AsyncHttpClient-1-4] DEBUG org.asynchttpclient.netty.channel.ChannelManager - Adding key: http://localhost:52319 for channel [id: 0x11a089b2, L:/127.0.0.1:51046 - R:localhost/127.0.0.1:52319]
16:34:45.771 [Forwarding getElementTagName on session b37e362bce038f9d561a61feb7a17290 to remote] DEBUG org.asynchttpclient.netty.request.NettyRequestSender - Using pooled Channel '[id: 0x11a089b2, L:/127.0.0.1:51046 - R:localhost/127.0.0.1:52319]' for 'GET' to 'http://localhost:52319/session/b37e362bce038f9d561a61feb7a17290/element/cf0c61f5-1343-4769-805d-e36f200a5ec5/name'
16:34:45.771 [Forwarding getElementTagName on session b37e362bce038f9d561a61feb7a17290 to remote] DEBUG org.asynchttpclient.netty.request.NettyRequestSender - Using open Channel [id: 0x11a089b2, L:/127.0.0.1:51046 - R:localhost/127.0.0.1:52319] for GET '/session/b37e362bce038f9d561a61feb7a17290/element/cf0c61f5-1343-4769-805d-e36f200a5ec5/name'
16:34:45.776 [AsyncHttpClient-1-4] DEBUG org.asynchttpclient.netty.handler.HttpHandler - 

Request DefaultFullHttpRequest(decodeResult: success, version: HTTP/1.1, content: EmptyByteBufBE)
GET /session/b37e362bce038f9d561a61feb7a17290/element/cf0c61f5-1343-4769-805d-e36f200a5ec5/name HTTP/1.1
User-Agent: selenium/4.1.2 (java windows)
Cache-Control: no-cache
Content-Type: application/json; charset=utf-8
host: localhost:52319
accept: */*

Response DefaultHttpResponse(decodeResult: success, version: HTTP/1.1)
HTTP/1.1 200 OK
Content-Type: application/json; charset=utf-8
cache-control: no-cache
content-length: 15

16:34:45.776 [AsyncHttpClient-1-4] DEBUG org.asynchttpclient.netty.channel.ChannelManager - Adding key: http://localhost:52319 for channel [id: 0x11a089b2, L:/127.0.0.1:51046 - R:localhost/127.0.0.1:52319]
16:34:45.778 [Forwarding getElementTagName on session b37e362bce038f9d561a61feb7a17290 to remote] DEBUG org.asynchttpclient.netty.request.NettyRequestSender - Using pooled Channel '[id: 0x11a089b2, L:/127.0.0.1:51046 - R:localhost/127.0.0.1:52319]' for 'GET' to 'http://localhost:52319/session/b37e362bce038f9d561a61feb7a17290/element/cf0c61f5-1343-4769-805d-e36f200a5ec5/name'
16:34:45.778 [Forwarding getElementTagName on session b37e362bce038f9d561a61feb7a17290 to remote] DEBUG org.asynchttpclient.netty.request.NettyRequestSender - Using open Channel [id: 0x11a089b2, L:/127.0.0.1:51046 - R:localhost/127.0.0.1:52319] for GET '/session/b37e362bce038f9d561a61feb7a17290/element/cf0c61f5-1343-4769-805d-e36f200a5ec5/name'
16:34:45.782 [AsyncHttpClient-1-4] DEBUG org.asynchttpclient.netty.handler.HttpHandler - 

Request DefaultFullHttpRequest(decodeResult: success, version: HTTP/1.1, content: EmptyByteBufBE)
GET /session/b37e362bce038f9d561a61feb7a17290/element/cf0c61f5-1343-4769-805d-e36f200a5ec5/name HTTP/1.1
User-Agent: selenium/4.1.2 (java windows)
Cache-Control: no-cache
Content-Type: application/json; charset=utf-8
host: localhost:52319
accept: */*

Response DefaultHttpResponse(decodeResult: success, version: HTTP/1.1)
HTTP/1.1 200 OK
Content-Type: application/json; charset=utf-8
cache-control: no-cache
content-length: 15

16:34:45.782 [AsyncHttpClient-1-4] DEBUG org.asynchttpclient.netty.channel.ChannelManager - Adding key: http://localhost:52319 for channel [id: 0x11a089b2, L:/127.0.0.1:51046 - R:localhost/127.0.0.1:52319]
16:34:45.784 [Forwarding findElement on session b37e362bce038f9d561a61feb7a17290 to remote] DEBUG org.asynchttpclient.netty.request.NettyRequestSender - Using pooled Channel '[id: 0x11a089b2, L:/127.0.0.1:51046 - R:localhost/127.0.0.1:52319]' for 'POST' to 'http://localhost:52319/session/b37e362bce038f9d561a61feb7a17290/element'
16:34:45.784 [Forwarding findElement on session b37e362bce038f9d561a61feb7a17290 to remote] DEBUG org.asynchttpclient.netty.request.NettyRequestSender - Using open Channel [id: 0x11a089b2, L:/127.0.0.1:51046 - R:localhost/127.0.0.1:52319] for POST '/session/b37e362bce038f9d561a61feb7a17290/element'
16:34:45.794 [AsyncHttpClient-1-4] DEBUG org.asynchttpclient.netty.handler.HttpHandler - 

Request DefaultHttpRequest(decodeResult: success, version: HTTP/1.1)
POST /session/b37e362bce038f9d561a61feb7a17290/element HTTP/1.1
User-Agent: selenium/4.1.2 (java windows)
Content-Length: 79
Content-Type: application/json; charset=utf-8
host: localhost:52319
accept: */*

Response DefaultHttpResponse(decodeResult: success, version: HTTP/1.1)
HTTP/1.1 200 OK
Content-Type: application/json; charset=utf-8
cache-control: no-cache
content-length: 88

16:34:45.794 [AsyncHttpClient-1-4] DEBUG org.asynchttpclient.netty.channel.ChannelManager - Adding key: http://localhost:52319 for channel [id: 0x11a089b2, L:/127.0.0.1:51046 - R:localhost/127.0.0.1:52319]
16:34:45.802 [Forwarding clickElement on session b37e362bce038f9d561a61feb7a17290 to remote] DEBUG org.asynchttpclient.netty.request.NettyRequestSender - Using pooled Channel '[id: 0x11a089b2, L:/127.0.0.1:51046 - R:localhost/127.0.0.1:52319]' for 'POST' to 'http://localhost:52319/session/b37e362bce038f9d561a61feb7a17290/element/cf0c61f5-1343-4769-805d-e36f200a5ec5/click'
16:34:45.803 [Forwarding clickElement on session b37e362bce038f9d561a61feb7a17290 to remote] DEBUG org.asynchttpclient.netty.request.NettyRequestSender - Using open Channel [id: 0x11a089b2, L:/127.0.0.1:51046 - R:localhost/127.0.0.1:52319] for POST '/session/b37e362bce038f9d561a61feb7a17290/element/cf0c61f5-1343-4769-805d-e36f200a5ec5/click'
16:34:46.021 [AsyncHttpClient-1-4] DEBUG org.asynchttpclient.netty.handler.HttpHandler - 

Request DefaultHttpRequest(decodeResult: success, version: HTTP/1.1)
POST /session/b37e362bce038f9d561a61feb7a17290/element/cf0c61f5-1343-4769-805d-e36f200a5ec5/click HTTP/1.1
User-Agent: selenium/4.1.2 (java windows)
Content-Length: 50
Content-Type: application/json; charset=utf-8
host: localhost:52319
accept: */*

Response DefaultHttpResponse(decodeResult: success, version: HTTP/1.1)
HTTP/1.1 200 OK
Content-Type: application/json; charset=utf-8
cache-control: no-cache
content-length: 14

16:34:46.021 [AsyncHttpClient-1-4] DEBUG org.asynchttpclient.netty.channel.ChannelManager - Adding key: http://localhost:52319 for channel [id: 0x11a089b2, L:/127.0.0.1:51046 - R:localhost/127.0.0.1:52319]
16:34:46.034 [Forwarding screenshot on session b37e362bce038f9d561a61feb7a17290 to remote] DEBUG org.asynchttpclient.netty.request.NettyRequestSender - Using pooled Channel '[id: 0x11a089b2, L:/127.0.0.1:51046 - R:localhost/127.0.0.1:52319]' for 'GET' to 'http://localhost:52319/session/b37e362bce038f9d561a61feb7a17290/screenshot'
16:34:46.034 [Forwarding screenshot on session b37e362bce038f9d561a61feb7a17290 to remote] DEBUG org.asynchttpclient.netty.request.NettyRequestSender - Using open Channel [id: 0x11a089b2, L:/127.0.0.1:51046 - R:localhost/127.0.0.1:52319] for GET '/session/b37e362bce038f9d561a61feb7a17290/screenshot'
16:34:46.183 [AsyncHttpClient-1-4] DEBUG org.asynchttpclient.netty.handler.HttpHandler - 

Request DefaultFullHttpRequest(decodeResult: success, version: HTTP/1.1, content: EmptyByteBufBE)
GET /session/b37e362bce038f9d561a61feb7a17290/screenshot HTTP/1.1
User-Agent: selenium/4.1.2 (java windows)
Cache-Control: no-cache
Content-Type: application/json; charset=utf-8
host: localhost:52319
accept: */*

Response DefaultHttpResponse(decodeResult: success, version: HTTP/1.1)
HTTP/1.1 200 OK
Content-Type: application/json; charset=utf-8
cache-control: no-cache
content-length: 56216

16:34:46.183 [AsyncHttpClient-1-4] DEBUG org.asynchttpclient.netty.channel.ChannelManager - Adding key: http://localhost:52319 for channel [id: 0x11a089b2, L:/127.0.0.1:51046 - R:localhost/127.0.0.1:52319]
16:34:46.188 [main] DEBUG net.serenitybdd.core.photography.Darkroom - Send negative for processing for target\site\serenity\93bcc9a7e51fe36df2bb0ee95da8b9e15460ad67a465a8def437a77fe40a1b48.png
16:34:46.188 [main] DEBUG net.thucydides.core.steps.StepInterceptor - STEP DONE: clickMenuDoctorButton
  &amp#27;[32mAnd &amp#27;[0m&amp#27;[32mI click menu doctor&amp#27;[0m                        &amp#27;[90m# starter.stepdefinitions.DoctorSteps.iClickMenuDoctor()&amp#27;[0m
16:34:46.188 [Darkroom Processing Line] DEBUG net.serenitybdd.core.photography.DarkroomProcessingLine - Processing screenshot image in /var/screenshots/screenshot-10988849416631628078
16:34:46.189 [Darkroom Processing Line] DEBUG net.serenitybdd.core.photography.DarkroomProcessingLine - Saving screenshot to target\site\serenity\93bcc9a7e51fe36df2bb0ee95da8b9e15460ad67a465a8def437a77fe40a1b48.png
16:34:46.221 [main] DEBUG net.thucydides.core.steps.StepInterceptor - STARTING STEP: DoctorSteps.iClickAddNewDoctor - clickAddNewDoctorButton
16:34:46.227 [Forwarding findElement on session b37e362bce038f9d561a61feb7a17290 to remote] DEBUG org.asynchttpclient.netty.request.NettyRequestSender - Using pooled Channel '[id: 0x11a089b2, L:/127.0.0.1:51046 - R:localhost/127.0.0.1:52319]' for 'POST' to 'http://localhost:52319/session/b37e362bce038f9d561a61feb7a17290/element'
16:34:46.227 [Forwarding findElement on session b37e362bce038f9d561a61feb7a17290 to remote] DEBUG org.asynchttpclient.netty.request.NettyRequestSender - Using open Channel [id: 0x11a089b2, L:/127.0.0.1:51046 - R:localhost/127.0.0.1:52319] for POST '/session/b37e362bce038f9d561a61feb7a17290/element'
16:34:46.248 [AsyncHttpClient-1-4] DEBUG org.asynchttpclient.netty.handler.HttpHandler - 

Request DefaultHttpRequest(decodeResult: success, version: HTTP/1.1)
POST /session/b37e362bce038f9d561a61feb7a17290/element HTTP/1.1
User-Agent: selenium/4.1.2 (java windows)
Content-Length: 149
Content-Type: application/json; charset=utf-8
host: localhost:52319
accept: */*

Response DefaultHttpResponse(decodeResult: success, version: HTTP/1.1)
HTTP/1.1 200 OK
Content-Type: application/json; charset=utf-8
cache-control: no-cache
content-length: 88

16:34:46.249 [AsyncHttpClient-1-4] DEBUG org.asynchttpclient.netty.channel.ChannelManager - Adding key: http://localhost:52319 for channel [id: 0x11a089b2, L:/127.0.0.1:51046 - R:localhost/127.0.0.1:52319]
16:34:46.250 [Forwarding getElementTagName on session b37e362bce038f9d561a61feb7a17290 to remote] DEBUG org.asynchttpclient.netty.request.NettyRequestSender - Using pooled Channel '[id: 0x11a089b2, L:/127.0.0.1:51046 - R:localhost/127.0.0.1:52319]' for 'GET' to 'http://localhost:52319/session/b37e362bce038f9d561a61feb7a17290/element/b0ae4009-99cd-454d-b5f2-b44c28984c74/name'
16:34:46.250 [Forwarding getElementTagName on session b37e362bce038f9d561a61feb7a17290 to remote] DEBUG org.asynchttpclient.netty.request.NettyRequestSender - Using open Channel [id: 0x11a089b2, L:/127.0.0.1:51046 - R:localhost/127.0.0.1:52319] for GET '/session/b37e362bce038f9d561a61feb7a17290/element/b0ae4009-99cd-454d-b5f2-b44c28984c74/name'
16:34:46.257 [AsyncHttpClient-1-4] DEBUG org.asynchttpclient.netty.handler.HttpHandler - 

Request DefaultFullHttpRequest(decodeResult: success, version: HTTP/1.1, content: EmptyByteBufBE)
GET /session/b37e362bce038f9d561a61feb7a17290/element/b0ae4009-99cd-454d-b5f2-b44c28984c74/name HTTP/1.1
User-Agent: selenium/4.1.2 (java windows)
Cache-Control: no-cache
Content-Type: application/json; charset=utf-8
host: localhost:52319
accept: */*

Response DefaultHttpResponse(decodeResult: success, version: HTTP/1.1)
HTTP/1.1 200 OK
Content-Type: application/json; charset=utf-8
cache-control: no-cache
content-length: 18

16:34:46.257 [AsyncHttpClient-1-4] DEBUG org.asynchttpclient.netty.channel.ChannelManager - Adding key: http://localhost:52319 for channel [id: 0x11a089b2, L:/127.0.0.1:51046 - R:localhost/127.0.0.1:52319]
16:34:46.259 [Forwarding getElementTagName on session b37e362bce038f9d561a61feb7a17290 to remote] DEBUG org.asynchttpclient.netty.request.NettyRequestSender - Using pooled Channel '[id: 0x11a089b2, L:/127.0.0.1:51046 - R:localhost/127.0.0.1:52319]' for 'GET' to 'http://localhost:52319/session/b37e362bce038f9d561a61feb7a17290/element/b0ae4009-99cd-454d-b5f2-b44c28984c74/name'
16:34:46.259 [Forwarding getElementTagName on session b37e362bce038f9d561a61feb7a17290 to remote] DEBUG org.asynchttpclient.netty.request.NettyRequestSender - Using open Channel [id: 0x11a089b2, L:/127.0.0.1:51046 - R:localhost/127.0.0.1:52319] for GET '/session/b37e362bce038f9d561a61feb7a17290/element/b0ae4009-99cd-454d-b5f2-b44c28984c74/name'
16:34:46.265 [AsyncHttpClient-1-4] DEBUG org.asynchttpclient.netty.handler.HttpHandler - 

Request DefaultFullHttpRequest(decodeResult: success, version: HTTP/1.1, content: EmptyByteBufBE)
GET /session/b37e362bce038f9d561a61feb7a17290/element/b0ae4009-99cd-454d-b5f2-b44c28984c74/name HTTP/1.1
User-Agent: selenium/4.1.2 (java windows)
Cache-Control: no-cache
Content-Type: application/json; charset=utf-8
host: localhost:52319
accept: */*

Response DefaultHttpResponse(decodeResult: success, version: HTTP/1.1)
HTTP/1.1 200 OK
Content-Type: application/json; charset=utf-8
cache-control: no-cache
content-length: 18

16:34:46.265 [AsyncHttpClient-1-4] DEBUG org.asynchttpclient.netty.channel.ChannelManager - Adding key: http://localhost:52319 for channel [id: 0x11a089b2, L:/127.0.0.1:51046 - R:localhost/127.0.0.1:52319]
16:34:46.270 [Forwarding isElementEnabled on session b37e362bce038f9d561a61feb7a17290 to remote] DEBUG org.asynchttpclient.netty.request.NettyRequestSender - Using pooled Channel '[id: 0x11a089b2, L:/127.0.0.1:51046 - R:localhost/127.0.0.1:52319]' for 'GET' to 'http://localhost:52319/session/b37e362bce038f9d561a61feb7a17290/element/b0ae4009-99cd-454d-b5f2-b44c28984c74/enabled'
16:34:46.270 [Forwarding isElementEnabled on session b37e362bce038f9d561a61feb7a17290 to remote] DEBUG org.asynchttpclient.netty.request.NettyRequestSender - Using open Channel [id: 0x11a089b2, L:/127.0.0.1:51046 - R:localhost/127.0.0.1:52319] for GET '/session/b37e362bce038f9d561a61feb7a17290/element/b0ae4009-99cd-454d-b5f2-b44c28984c74/enabled'
16:34:46.286 [AsyncHttpClient-1-4] DEBUG org.asynchttpclient.netty.handler.HttpHandler - 

Request DefaultFullHttpRequest(decodeResult: success, version: HTTP/1.1, content: EmptyByteBufBE)
GET /session/b37e362bce038f9d561a61feb7a17290/element/b0ae4009-99cd-454d-b5f2-b44c28984c74/enabled HTTP/1.1
User-Agent: selenium/4.1.2 (java windows)
Cache-Control: no-cache
Content-Type: application/json; charset=utf-8
host: localhost:52319
accept: */*

Response DefaultHttpResponse(decodeResult: success, version: HTTP/1.1)
HTTP/1.1 200 OK
Content-Type: application/json; charset=utf-8
cache-control: no-cache
content-length: 14

16:34:46.286 [AsyncHttpClient-1-4] DEBUG org.asynchttpclient.netty.channel.ChannelManager - Adding key: http://localhost:52319 for channel [id: 0x11a089b2, L:/127.0.0.1:51046 - R:localhost/127.0.0.1:52319]
16:34:46.288 [Forwarding isElementEnabled on session b37e362bce038f9d561a61feb7a17290 to remote] DEBUG org.asynchttpclient.netty.request.NettyRequestSender - Using pooled Channel '[id: 0x11a089b2, L:/127.0.0.1:51046 - R:localhost/127.0.0.1:52319]' for 'GET' to 'http://localhost:52319/session/b37e362bce038f9d561a61feb7a17290/element/b0ae4009-99cd-454d-b5f2-b44c28984c74/enabled'
16:34:46.288 [Forwarding isElementEnabled on session b37e362bce038f9d561a61feb7a17290 to remote] DEBUG org.asynchttpclient.netty.request.NettyRequestSender - Using open Channel [id: 0x11a089b2, L:/127.0.0.1:51046 - R:localhost/127.0.0.1:52319] for GET '/session/b37e362bce038f9d561a61feb7a17290/element/b0ae4009-99cd-454d-b5f2-b44c28984c74/enabled'
16:34:46.298 [AsyncHttpClient-1-4] DEBUG org.asynchttpclient.netty.handler.HttpHandler - 

Request DefaultFullHttpRequest(decodeResult: success, version: HTTP/1.1, content: EmptyByteBufBE)
GET /session/b37e362bce038f9d561a61feb7a17290/element/b0ae4009-99cd-454d-b5f2-b44c28984c74/enabled HTTP/1.1
User-Agent: selenium/4.1.2 (java windows)
Cache-Control: no-cache
Content-Type: application/json; charset=utf-8
host: localhost:52319
accept: */*

Response DefaultHttpResponse(decodeResult: success, version: HTTP/1.1)
HTTP/1.1 200 OK
Content-Type: application/json; charset=utf-8
cache-control: no-cache
content-length: 14

16:34:46.298 [AsyncHttpClient-1-4] DEBUG org.asynchttpclient.netty.channel.ChannelManager - Adding key: http://localhost:52319 for channel [id: 0x11a089b2, L:/127.0.0.1:51046 - R:localhost/127.0.0.1:52319]
16:34:46.301 [Forwarding findElement on session b37e362bce038f9d561a61feb7a17290 to remote] DEBUG org.asynchttpclient.netty.request.NettyRequestSender - Using pooled Channel '[id: 0x11a089b2, L:/127.0.0.1:51046 - R:localhost/127.0.0.1:52319]' for 'POST' to 'http://localhost:52319/session/b37e362bce038f9d561a61feb7a17290/element'
16:34:46.301 [Forwarding findElement on session b37e362bce038f9d561a61feb7a17290 to remote] DEBUG org.asynchttpclient.netty.request.NettyRequestSender - Using open Channel [id: 0x11a089b2, L:/127.0.0.1:51046 - R:localhost/127.0.0.1:52319] for POST '/session/b37e362bce038f9d561a61feb7a17290/element'
16:34:46.312 [AsyncHttpClient-1-4] DEBUG org.asynchttpclient.netty.handler.HttpHandler - 

Request DefaultHttpRequest(decodeResult: success, version: HTTP/1.1)
POST /session/b37e362bce038f9d561a61feb7a17290/element HTTP/1.1
User-Agent: selenium/4.1.2 (java windows)
Content-Length: 149
Content-Type: application/json; charset=utf-8
host: localhost:52319
accept: */*

Response DefaultHttpResponse(decodeResult: success, version: HTTP/1.1)
HTTP/1.1 200 OK
Content-Type: application/json; charset=utf-8
cache-control: no-cache
content-length: 88

16:34:46.312 [AsyncHttpClient-1-4] DEBUG org.asynchttpclient.netty.channel.ChannelManager - Adding key: http://localhost:52319 for channel [id: 0x11a089b2, L:/127.0.0.1:51046 - R:localhost/127.0.0.1:52319]
16:34:46.314 [Forwarding clickElement on session b37e362bce038f9d561a61feb7a17290 to remote] DEBUG org.asynchttpclient.netty.request.NettyRequestSender - Using pooled Channel '[id: 0x11a089b2, L:/127.0.0.1:51046 - R:localhost/127.0.0.1:52319]' for 'POST' to 'http://localhost:52319/session/b37e362bce038f9d561a61feb7a17290/element/b0ae4009-99cd-454d-b5f2-b44c28984c74/click'
16:34:46.314 [Forwarding clickElement on session b37e362bce038f9d561a61feb7a17290 to remote] DEBUG org.asynchttpclient.netty.request.NettyRequestSender - Using open Channel [id: 0x11a089b2, L:/127.0.0.1:51046 - R:localhost/127.0.0.1:52319] for POST '/session/b37e362bce038f9d561a61feb7a17290/element/b0ae4009-99cd-454d-b5f2-b44c28984c74/click'
16:34:46.438 [AsyncHttpClient-1-1] DEBUG org.asynchttpclient.netty.channel.DefaultChannelPool - Entry count for : http://localhost:51047 : 1
16:34:46.526 [AsyncHttpClient-1-4] DEBUG org.asynchttpclient.netty.handler.HttpHandler - 

Request DefaultHttpRequest(decodeResult: success, version: HTTP/1.1)
POST /session/b37e362bce038f9d561a61feb7a17290/element/b0ae4009-99cd-454d-b5f2-b44c28984c74/click HTTP/1.1
User-Agent: selenium/4.1.2 (java windows)
Content-Length: 50
Content-Type: application/json; charset=utf-8
host: localhost:52319
accept: */*

Response DefaultHttpResponse(decodeResult: success, version: HTTP/1.1)
HTTP/1.1 200 OK
Content-Type: application/json; charset=utf-8
cache-control: no-cache
content-length: 14

16:34:46.526 [AsyncHttpClient-1-4] DEBUG org.asynchttpclient.netty.channel.ChannelManager - Adding key: http://localhost:52319 for channel [id: 0x11a089b2, L:/127.0.0.1:51046 - R:localhost/127.0.0.1:52319]
16:34:46.540 [Forwarding screenshot on session b37e362bce038f9d561a61feb7a17290 to remote] DEBUG org.asynchttpclient.netty.request.NettyRequestSender - Using pooled Channel '[id: 0x11a089b2, L:/127.0.0.1:51046 - R:localhost/127.0.0.1:52319]' for 'GET' to 'http://localhost:52319/session/b37e362bce038f9d561a61feb7a17290/screenshot'
16:34:46.540 [Forwarding screenshot on session b37e362bce038f9d561a61feb7a17290 to remote] DEBUG org.asynchttpclient.netty.request.NettyRequestSender - Using open Channel [id: 0x11a089b2, L:/127.0.0.1:51046 - R:localhost/127.0.0.1:52319] for GET '/session/b37e362bce038f9d561a61feb7a17290/screenshot'
16:34:46.785 [AsyncHttpClient-1-4] DEBUG org.asynchttpclient.netty.handler.HttpHandler - 

Request DefaultFullHttpRequest(decodeResult: success, version: HTTP/1.1, content: EmptyByteBufBE)
GET /session/b37e362bce038f9d561a61feb7a17290/screenshot HTTP/1.1
User-Agent: selenium/4.1.2 (java windows)
Cache-Control: no-cache
Content-Type: application/json; charset=utf-8
host: localhost:52319
accept: */*

Response DefaultHttpResponse(decodeResult: success, version: HTTP/1.1)
HTTP/1.1 200 OK
Content-Type: application/json; charset=utf-8
cache-control: no-cache
content-length: 71520

16:34:46.786 [AsyncHttpClient-1-4] DEBUG org.asynchttpclient.netty.channel.ChannelManager - Adding key: http://localhost:52319 for channel [id: 0x11a089b2, L:/127.0.0.1:51046 - R:localhost/127.0.0.1:52319]
16:34:46.807 [main] DEBUG net.serenitybdd.core.photography.Darkroom - Send negative for processing for target\site\serenity\f092a602695f6010a1ab462c5fcaa87a0a3581cb4b162fd10aab334a1343e2c7.png
16:34:46.807 [main] DEBUG net.thucydides.core.steps.StepInterceptor - STEP DONE: clickAddNewDoctorButton
  &amp#27;[32mWhen &amp#27;[0m&amp#27;[32mI click Add New Doctor&amp#27;[0m                    &amp#27;[90m# starter.stepdefinitions.DoctorSteps.iClickAddNewDoctor()&amp#27;[0m
16:34:46.812 [Darkroom Processing Line] DEBUG net.serenitybdd.core.photography.DarkroomProcessingLine - Processing screenshot image in /var/screenshots/screenshot-13470949544720744921
16:34:46.812 [Darkroom Processing Line] DEBUG net.serenitybdd.core.photography.DarkroomProcessingLine - Saving screenshot to target\site\serenity\f092a602695f6010a1ab462c5fcaa87a0a3581cb4b162fd10aab334a1343e2c7.png
16:34:46.845 [main] DEBUG net.thucydides.core.steps.StepInterceptor - STARTING STEP: DoctorSteps.iInputValidDataDoctorAndClickSubmit - inputDoctorName
16:34:46.857 [Forwarding findElement on session b37e362bce038f9d561a61feb7a17290 to remote] DEBUG org.asynchttpclient.netty.request.NettyRequestSender - Using pooled Channel '[id: 0x11a089b2, L:/127.0.0.1:51046 - R:localhost/127.0.0.1:52319]' for 'POST' to 'http://localhost:52319/session/b37e362bce038f9d561a61feb7a17290/element'
16:34:46.857 [Forwarding findElement on session b37e362bce038f9d561a61feb7a17290 to remote] DEBUG org.asynchttpclient.netty.request.NettyRequestSender - Using open Channel [id: 0x11a089b2, L:/127.0.0.1:51046 - R:localhost/127.0.0.1:52319] for POST '/session/b37e362bce038f9d561a61feb7a17290/element'
16:34:46.904 [AsyncHttpClient-1-4] DEBUG org.asynchttpclient.netty.handler.HttpHandler - 

Request DefaultHttpRequest(decodeResult: success, version: HTTP/1.1)
POST /session/b37e362bce038f9d561a61feb7a17290/element HTTP/1.1
User-Agent: selenium/4.1.2 (java windows)
Content-Length: 139
Content-Type: application/json; charset=utf-8
host: localhost:52319
accept: */*

Response DefaultHttpResponse(decodeResult: success, version: HTTP/1.1)
HTTP/1.1 200 OK
Content-Type: application/json; charset=utf-8
cache-control: no-cache
content-length: 88

16:34:46.904 [AsyncHttpClient-1-4] DEBUG org.asynchttpclient.netty.channel.ChannelManager - Adding key: http://localhost:52319 for channel [id: 0x11a089b2, L:/127.0.0.1:51046 - R:localhost/127.0.0.1:52319]
16:34:46.905 [Forwarding clearElement on session b37e362bce038f9d561a61feb7a17290 to remote] DEBUG org.asynchttpclient.netty.request.NettyRequestSender - Using pooled Channel '[id: 0x11a089b2, L:/127.0.0.1:51046 - R:localhost/127.0.0.1:52319]' for 'POST' to 'http://localhost:52319/session/b37e362bce038f9d561a61feb7a17290/element/3562a81e-3b36-410a-8223-58c40d42d44a/clear'
16:34:46.905 [Forwarding clearElement on session b37e362bce038f9d561a61feb7a17290 to remote] DEBUG org.asynchttpclient.netty.request.NettyRequestSender - Using open Channel [id: 0x11a089b2, L:/127.0.0.1:51046 - R:localhost/127.0.0.1:52319] for POST '/session/b37e362bce038f9d561a61feb7a17290/element/3562a81e-3b36-410a-8223-58c40d42d44a/clear'
16:34:47.003 [AsyncHttpClient-1-4] DEBUG org.asynchttpclient.netty.handler.HttpHandler - 

Request DefaultHttpRequest(decodeResult: success, version: HTTP/1.1)
POST /session/b37e362bce038f9d561a61feb7a17290/element/3562a81e-3b36-410a-8223-58c40d42d44a/clear HTTP/1.1
User-Agent: selenium/4.1.2 (java windows)
Content-Length: 50
Content-Type: application/json; charset=utf-8
host: localhost:52319
accept: */*

Response DefaultHttpResponse(decodeResult: success, version: HTTP/1.1)
HTTP/1.1 200 OK
Content-Type: application/json; charset=utf-8
cache-control: no-cache
content-length: 14

16:34:47.003 [AsyncHttpClient-1-4] DEBUG org.asynchttpclient.netty.channel.ChannelManager - Adding key: http://localhost:52319 for channel [id: 0x11a089b2, L:/127.0.0.1:51046 - R:localhost/127.0.0.1:52319]
16:34:47.007 [Forwarding sendKeysToElement on session b37e362bce038f9d561a61feb7a17290 to remote] DEBUG org.asynchttpclient.netty.request.NettyRequestSender - Using pooled Channel '[id: 0x11a089b2, L:/127.0.0.1:51046 - R:localhost/127.0.0.1:52319]' for 'POST' to 'http://localhost:52319/session/b37e362bce038f9d561a61feb7a17290/element/3562a81e-3b36-410a-8223-58c40d42d44a/value'
16:34:47.007 [Forwarding sendKeysToElement on session b37e362bce038f9d561a61feb7a17290 to remote] DEBUG org.asynchttpclient.netty.request.NettyRequestSender - Using open Channel [id: 0x11a089b2, L:/127.0.0.1:51046 - R:localhost/127.0.0.1:52319] for POST '/session/b37e362bce038f9d561a61feb7a17290/element/3562a81e-3b36-410a-8223-58c40d42d44a/value'
16:34:47.475 [AsyncHttpClient-1-4] DEBUG org.asynchttpclient.netty.handler.HttpHandler - 

Request DefaultHttpRequest(decodeResult: success, version: HTTP/1.1)
POST /session/b37e362bce038f9d561a61feb7a17290/element/3562a81e-3b36-410a-8223-58c40d42d44a/value HTTP/1.1
User-Agent: selenium/4.1.2 (java windows)
Content-Length: 221
Content-Type: application/json; charset=utf-8
host: localhost:52319
accept: */*

Response DefaultHttpResponse(decodeResult: success, version: HTTP/1.1)
HTTP/1.1 200 OK
Content-Type: application/json; charset=utf-8
cache-control: no-cache
content-length: 14

16:34:47.476 [AsyncHttpClient-1-4] DEBUG org.asynchttpclient.netty.channel.ChannelManager - Adding key: http://localhost:52319 for channel [id: 0x11a089b2, L:/127.0.0.1:51046 - R:localhost/127.0.0.1:52319]
16:34:47.488 [Forwarding screenshot on session b37e362bce038f9d561a61feb7a17290 to remote] DEBUG org.asynchttpclient.netty.request.NettyRequestSender - Using pooled Channel '[id: 0x11a089b2, L:/127.0.0.1:51046 - R:localhost/127.0.0.1:52319]' for 'GET' to 'http://localhost:52319/session/b37e362bce038f9d561a61feb7a17290/screenshot'
16:34:47.488 [Forwarding screenshot on session b37e362bce038f9d561a61feb7a17290 to remote] DEBUG org.asynchttpclient.netty.request.NettyRequestSender - Using open Channel [id: 0x11a089b2, L:/127.0.0.1:51046 - R:localhost/127.0.0.1:52319] for GET '/session/b37e362bce038f9d561a61feb7a17290/screenshot'
16:34:47.546 [AsyncHttpClient-1-1] DEBUG org.asynchttpclient.netty.channel.DefaultChannelPool - Entry count for : http://localhost:51047 : 1
16:34:47.647 [AsyncHttpClient-1-4] DEBUG org.asynchttpclient.netty.handler.HttpHandler - 

Request DefaultFullHttpRequest(decodeResult: success, version: HTTP/1.1, content: EmptyByteBufBE)
GET /session/b37e362bce038f9d561a61feb7a17290/screenshot HTTP/1.1
User-Agent: selenium/4.1.2 (java windows)
Cache-Control: no-cache
Content-Type: application/json; charset=utf-8
host: localhost:52319
accept: */*

Response DefaultHttpResponse(decodeResult: success, version: HTTP/1.1)
HTTP/1.1 200 OK
Content-Type: application/json; charset=utf-8
cache-control: no-cache
content-length: 84584

16:34:47.647 [AsyncHttpClient-1-4] DEBUG org.asynchttpclient.netty.channel.ChannelManager - Adding key: http://localhost:52319 for channel [id: 0x11a089b2, L:/127.0.0.1:51046 - R:localhost/127.0.0.1:52319]
16:34:47.685 [main] DEBUG net.serenitybdd.core.photography.Darkroom - Send negative for processing for target\site\serenity\c3e604dcc9672f7887748e32a4ffe32e4b516f9e62a6dfaf91cd59209fa96a37.png
16:34:47.686 [main] DEBUG net.thucydides.core.steps.StepInterceptor - STEP DONE: inputDoctorName
16:34:47.686 [Darkroom Processing Line] DEBUG net.serenitybdd.core.photography.DarkroomProcessingLine - Processing screenshot image in /var/screenshots/screenshot-10889503606610418819
16:34:47.686 [Darkroom Processing Line] DEBUG net.serenitybdd.core.photography.DarkroomProcessingLine - Saving screenshot to target\site\serenity\c3e604dcc9672f7887748e32a4ffe32e4b516f9e62a6dfaf91cd59209fa96a37.png
16:34:47.697 [main] DEBUG net.thucydides.core.steps.StepInterceptor - STARTING STEP: DoctorSteps.iInputValidDataDoctorAndClickSubmit - inputDoctorNID
16:34:47.702 [Forwarding findElement on session b37e362bce038f9d561a61feb7a17290 to remote] DEBUG org.asynchttpclient.netty.request.NettyRequestSender - Using pooled Channel '[id: 0x11a089b2, L:/127.0.0.1:51046 - R:localhost/127.0.0.1:52319]' for 'POST' to 'http://localhost:52319/session/b37e362bce038f9d561a61feb7a17290/element'
16:34:47.702 [Forwarding findElement on session b37e362bce038f9d561a61feb7a17290 to remote] DEBUG org.asynchttpclient.netty.request.NettyRequestSender - Using open Channel [id: 0x11a089b2, L:/127.0.0.1:51046 - R:localhost/127.0.0.1:52319] for POST '/session/b37e362bce038f9d561a61feb7a17290/element'
16:34:47.722 [AsyncHttpClient-1-4] DEBUG org.asynchttpclient.netty.handler.HttpHandler - 

Request DefaultHttpRequest(decodeResult: success, version: HTTP/1.1)
POST /session/b37e362bce038f9d561a61feb7a17290/element HTTP/1.1
User-Agent: selenium/4.1.2 (java windows)
Content-Length: 139
Content-Type: application/json; charset=utf-8
host: localhost:52319
accept: */*

Response DefaultHttpResponse(decodeResult: success, version: HTTP/1.1)
HTTP/1.1 200 OK
Content-Type: application/json; charset=utf-8
cache-control: no-cache
content-length: 88

16:34:47.722 [AsyncHttpClient-1-4] DEBUG org.asynchttpclient.netty.channel.ChannelManager - Adding key: http://localhost:52319 for channel [id: 0x11a089b2, L:/127.0.0.1:51046 - R:localhost/127.0.0.1:52319]
16:34:47.723 [Forwarding clearElement on session b37e362bce038f9d561a61feb7a17290 to remote] DEBUG org.asynchttpclient.netty.request.NettyRequestSender - Using pooled Channel '[id: 0x11a089b2, L:/127.0.0.1:51046 - R:localhost/127.0.0.1:52319]' for 'POST' to 'http://localhost:52319/session/b37e362bce038f9d561a61feb7a17290/element/75ae711b-9791-47e4-b20e-3f6b7e10403f/clear'
16:34:47.724 [Forwarding clearElement on session b37e362bce038f9d561a61feb7a17290 to remote] DEBUG org.asynchttpclient.netty.request.NettyRequestSender - Using open Channel [id: 0x11a089b2, L:/127.0.0.1:51046 - R:localhost/127.0.0.1:52319] for POST '/session/b37e362bce038f9d561a61feb7a17290/element/75ae711b-9791-47e4-b20e-3f6b7e10403f/clear'
16:34:47.955 [AsyncHttpClient-1-4] DEBUG org.asynchttpclient.netty.handler.HttpHandler - 

Request DefaultHttpRequest(decodeResult: success, version: HTTP/1.1)
POST /session/b37e362bce038f9d561a61feb7a17290/element/75ae711b-9791-47e4-b20e-3f6b7e10403f/clear HTTP/1.1
User-Agent: selenium/4.1.2 (java windows)
Content-Length: 50
Content-Type: application/json; charset=utf-8
host: localhost:52319
accept: */*

Response DefaultHttpResponse(decodeResult: success, version: HTTP/1.1)
HTTP/1.1 200 OK
Content-Type: application/json; charset=utf-8
cache-control: no-cache
content-length: 14

16:34:47.955 [AsyncHttpClient-1-4] DEBUG org.asynchttpclient.netty.channel.ChannelManager - Adding key: http://localhost:52319 for channel [id: 0x11a089b2, L:/127.0.0.1:51046 - R:localhost/127.0.0.1:52319]
16:34:47.958 [Forwarding sendKeysToElement on session b37e362bce038f9d561a61feb7a17290 to remote] DEBUG org.asynchttpclient.netty.request.NettyRequestSender - Using pooled Channel '[id: 0x11a089b2, L:/127.0.0.1:51046 - R:localhost/127.0.0.1:52319]' for 'POST' to 'http://localhost:52319/session/b37e362bce038f9d561a61feb7a17290/element/75ae711b-9791-47e4-b20e-3f6b7e10403f/value'
16:34:47.958 [Forwarding sendKeysToElement on session b37e362bce038f9d561a61feb7a17290 to remote] DEBUG org.asynchttpclient.netty.request.NettyRequestSender - Using open Channel [id: 0x11a089b2, L:/127.0.0.1:51046 - R:localhost/127.0.0.1:52319] for POST '/session/b37e362bce038f9d561a61feb7a17290/element/75ae711b-9791-47e4-b20e-3f6b7e10403f/value'
16:34:48.099 [AsyncHttpClient-1-4] DEBUG org.asynchttpclient.netty.handler.HttpHandler - 

Request DefaultHttpRequest(decodeResult: success, version: HTTP/1.1)
POST /session/b37e362bce038f9d561a61feb7a17290/element/75ae711b-9791-47e4-b20e-3f6b7e10403f/value HTTP/1.1
User-Agent: selenium/4.1.2 (java windows)
Content-Length: 101
Content-Type: application/json; charset=utf-8
host: localhost:52319
accept: */*

Response DefaultHttpResponse(decodeResult: success, version: HTTP/1.1)
HTTP/1.1 200 OK
Content-Type: application/json; charset=utf-8
cache-control: no-cache
content-length: 14

16:34:48.099 [AsyncHttpClient-1-4] DEBUG org.asynchttpclient.netty.channel.ChannelManager - Adding key: http://localhost:52319 for channel [id: 0x11a089b2, L:/127.0.0.1:51046 - R:localhost/127.0.0.1:52319]
16:34:48.112 [Forwarding screenshot on session b37e362bce038f9d561a61feb7a17290 to remote] DEBUG org.asynchttpclient.netty.request.NettyRequestSender - Using pooled Channel '[id: 0x11a089b2, L:/127.0.0.1:51046 - R:localhost/127.0.0.1:52319]' for 'GET' to 'http://localhost:52319/session/b37e362bce038f9d561a61feb7a17290/screenshot'
16:34:48.112 [Forwarding screenshot on session b37e362bce038f9d561a61feb7a17290 to remote] DEBUG org.asynchttpclient.netty.request.NettyRequestSender - Using open Channel [id: 0x11a089b2, L:/127.0.0.1:51046 - R:localhost/127.0.0.1:52319] for GET '/session/b37e362bce038f9d561a61feb7a17290/screenshot'
16:34:48.294 [AsyncHttpClient-1-4] DEBUG org.asynchttpclient.netty.handler.HttpHandler - 

Request DefaultFullHttpRequest(decodeResult: success, version: HTTP/1.1, content: EmptyByteBufBE)
GET /session/b37e362bce038f9d561a61feb7a17290/screenshot HTTP/1.1
User-Agent: selenium/4.1.2 (java windows)
Cache-Control: no-cache
Content-Type: application/json; charset=utf-8
host: localhost:52319
accept: */*

Response DefaultHttpResponse(decodeResult: success, version: HTTP/1.1)
HTTP/1.1 200 OK
Content-Type: application/json; charset=utf-8
cache-control: no-cache
content-length: 85436

16:34:48.294 [AsyncHttpClient-1-4] DEBUG org.asynchttpclient.netty.channel.ChannelManager - Adding key: http://localhost:52319 for channel [id: 0x11a089b2, L:/127.0.0.1:51046 - R:localhost/127.0.0.1:52319]
16:34:48.301 [main] DEBUG net.serenitybdd.core.photography.Darkroom - Send negative for processing for target\site\serenity\6a95dacbf338e43b642ba387d42f2976f87b13d7d09cb3d1bb2b69699a4ddf47.png
16:34:48.301 [main] DEBUG net.thucydides.core.steps.StepInterceptor - STEP DONE: inputDoctorNID
16:34:48.301 [Darkroom Processing Line] DEBUG net.serenitybdd.core.photography.DarkroomProcessingLine - Processing screenshot image in /var/screenshots/screenshot-1377875306687389731
16:34:48.301 [Darkroom Processing Line] DEBUG net.serenitybdd.core.photography.DarkroomProcessingLine - Saving screenshot to target\site\serenity\6a95dacbf338e43b642ba387d42f2976f87b13d7d09cb3d1bb2b69699a4ddf47.png
16:34:48.312 [main] DEBUG net.thucydides.core.steps.StepInterceptor - STARTING STEP: DoctorSteps.iInputValidDataDoctorAndClickSubmit - clickDoctorDepartmentDropdown
16:34:48.318 [Forwarding findElement on session b37e362bce038f9d561a61feb7a17290 to remote] DEBUG org.asynchttpclient.netty.request.NettyRequestSender - Using pooled Channel '[id: 0x11a089b2, L:/127.0.0.1:51046 - R:localhost/127.0.0.1:52319]' for 'POST' to 'http://localhost:52319/session/b37e362bce038f9d561a61feb7a17290/element'
16:34:48.318 [Forwarding findElement on session b37e362bce038f9d561a61feb7a17290 to remote] DEBUG org.asynchttpclient.netty.request.NettyRequestSender - Using open Channel [id: 0x11a089b2, L:/127.0.0.1:51046 - R:localhost/127.0.0.1:52319] for POST '/session/b37e362bce038f9d561a61feb7a17290/element'
16:34:48.340 [AsyncHttpClient-1-4] DEBUG org.asynchttpclient.netty.handler.HttpHandler - 

Request DefaultHttpRequest(decodeResult: success, version: HTTP/1.1)
POST /session/b37e362bce038f9d561a61feb7a17290/element HTTP/1.1
User-Agent: selenium/4.1.2 (java windows)
Content-Length: 82
Content-Type: application/json; charset=utf-8
host: localhost:52319
accept: */*

Response DefaultHttpResponse(decodeResult: success, version: HTTP/1.1)
HTTP/1.1 200 OK
Content-Type: application/json; charset=utf-8
cache-control: no-cache
content-length: 88

16:34:48.341 [AsyncHttpClient-1-4] DEBUG org.asynchttpclient.netty.channel.ChannelManager - Adding key: http://localhost:52319 for channel [id: 0x11a089b2, L:/127.0.0.1:51046 - R:localhost/127.0.0.1:52319]
16:34:48.342 [Forwarding getElementTagName on session b37e362bce038f9d561a61feb7a17290 to remote] DEBUG org.asynchttpclient.netty.request.NettyRequestSender - Using pooled Channel '[id: 0x11a089b2, L:/127.0.0.1:51046 - R:localhost/127.0.0.1:52319]' for 'GET' to 'http://localhost:52319/session/b37e362bce038f9d561a61feb7a17290/element/ae7d67bb-f669-4d33-a9cc-f951b2e1c871/name'
16:34:48.342 [Forwarding getElementTagName on session b37e362bce038f9d561a61feb7a17290 to remote] DEBUG org.asynchttpclient.netty.request.NettyRequestSender - Using open Channel [id: 0x11a089b2, L:/127.0.0.1:51046 - R:localhost/127.0.0.1:52319] for GET '/session/b37e362bce038f9d561a61feb7a17290/element/ae7d67bb-f669-4d33-a9cc-f951b2e1c871/name'
16:34:48.349 [AsyncHttpClient-1-4] DEBUG org.asynchttpclient.netty.handler.HttpHandler - 

Request DefaultFullHttpRequest(decodeResult: success, version: HTTP/1.1, content: EmptyByteBufBE)
GET /session/b37e362bce038f9d561a61feb7a17290/element/ae7d67bb-f669-4d33-a9cc-f951b2e1c871/name HTTP/1.1
User-Agent: selenium/4.1.2 (java windows)
Cache-Control: no-cache
Content-Type: application/json; charset=utf-8
host: localhost:52319
accept: */*

Response DefaultHttpResponse(decodeResult: success, version: HTTP/1.1)
HTTP/1.1 200 OK
Content-Type: application/json; charset=utf-8
cache-control: no-cache
content-length: 15

16:34:48.349 [AsyncHttpClient-1-4] DEBUG org.asynchttpclient.netty.channel.ChannelManager - Adding key: http://localhost:52319 for channel [id: 0x11a089b2, L:/127.0.0.1:51046 - R:localhost/127.0.0.1:52319]
16:34:48.351 [Forwarding getElementTagName on session b37e362bce038f9d561a61feb7a17290 to remote] DEBUG org.asynchttpclient.netty.request.NettyRequestSender - Using pooled Channel '[id: 0x11a089b2, L:/127.0.0.1:51046 - R:localhost/127.0.0.1:52319]' for 'GET' to 'http://localhost:52319/session/b37e362bce038f9d561a61feb7a17290/element/ae7d67bb-f669-4d33-a9cc-f951b2e1c871/name'
16:34:48.351 [Forwarding getElementTagName on session b37e362bce038f9d561a61feb7a17290 to remote] DEBUG org.asynchttpclient.netty.request.NettyRequestSender - Using open Channel [id: 0x11a089b2, L:/127.0.0.1:51046 - R:localhost/127.0.0.1:52319] for GET '/session/b37e362bce038f9d561a61feb7a17290/element/ae7d67bb-f669-4d33-a9cc-f951b2e1c871/name'
16:34:48.356 [AsyncHttpClient-1-4] DEBUG org.asynchttpclient.netty.handler.HttpHandler - 

Request DefaultFullHttpRequest(decodeResult: success, version: HTTP/1.1, content: EmptyByteBufBE)
GET /session/b37e362bce038f9d561a61feb7a17290/element/ae7d67bb-f669-4d33-a9cc-f951b2e1c871/name HTTP/1.1
User-Agent: selenium/4.1.2 (java windows)
Cache-Control: no-cache
Content-Type: application/json; charset=utf-8
host: localhost:52319
accept: */*

Response DefaultHttpResponse(decodeResult: success, version: HTTP/1.1)
HTTP/1.1 200 OK
Content-Type: application/json; charset=utf-8
cache-control: no-cache
content-length: 15

16:34:48.356 [AsyncHttpClient-1-4] DEBUG org.asynchttpclient.netty.channel.ChannelManager - Adding key: http://localhost:52319 for channel [id: 0x11a089b2, L:/127.0.0.1:51046 - R:localhost/127.0.0.1:52319]
16:34:48.359 [Forwarding findElement on session b37e362bce038f9d561a61feb7a17290 to remote] DEBUG org.asynchttpclient.netty.request.NettyRequestSender - Using pooled Channel '[id: 0x11a089b2, L:/127.0.0.1:51046 - R:localhost/127.0.0.1:52319]' for 'POST' to 'http://localhost:52319/session/b37e362bce038f9d561a61feb7a17290/element'
16:34:48.359 [Forwarding findElement on session b37e362bce038f9d561a61feb7a17290 to remote] DEBUG org.asynchttpclient.netty.request.NettyRequestSender - Using open Channel [id: 0x11a089b2, L:/127.0.0.1:51046 - R:localhost/127.0.0.1:52319] for POST '/session/b37e362bce038f9d561a61feb7a17290/element'
16:34:48.369 [AsyncHttpClient-1-4] DEBUG org.asynchttpclient.netty.handler.HttpHandler - 

Request DefaultHttpRequest(decodeResult: success, version: HTTP/1.1)
POST /session/b37e362bce038f9d561a61feb7a17290/element HTTP/1.1
User-Agent: selenium/4.1.2 (java windows)
Content-Length: 82
Content-Type: application/json; charset=utf-8
host: localhost:52319
accept: */*

Response DefaultHttpResponse(decodeResult: success, version: HTTP/1.1)
HTTP/1.1 200 OK
Content-Type: application/json; charset=utf-8
cache-control: no-cache
content-length: 88

16:34:48.369 [AsyncHttpClient-1-4] DEBUG org.asynchttpclient.netty.channel.ChannelManager - Adding key: http://localhost:52319 for channel [id: 0x11a089b2, L:/127.0.0.1:51046 - R:localhost/127.0.0.1:52319]
16:34:48.371 [Forwarding clickElement on session b37e362bce038f9d561a61feb7a17290 to remote] DEBUG org.asynchttpclient.netty.request.NettyRequestSender - Using pooled Channel '[id: 0x11a089b2, L:/127.0.0.1:51046 - R:localhost/127.0.0.1:52319]' for 'POST' to 'http://localhost:52319/session/b37e362bce038f9d561a61feb7a17290/element/ae7d67bb-f669-4d33-a9cc-f951b2e1c871/click'
16:34:48.371 [Forwarding clickElement on session b37e362bce038f9d561a61feb7a17290 to remote] DEBUG org.asynchttpclient.netty.request.NettyRequestSender - Using open Channel [id: 0x11a089b2, L:/127.0.0.1:51046 - R:localhost/127.0.0.1:52319] for POST '/session/b37e362bce038f9d561a61feb7a17290/element/ae7d67bb-f669-4d33-a9cc-f951b2e1c871/click'
16:34:48.508 [AsyncHttpClient-1-4] DEBUG org.asynchttpclient.netty.handler.HttpHandler - 

Request DefaultHttpRequest(decodeResult: success, version: HTTP/1.1)
POST /session/b37e362bce038f9d561a61feb7a17290/element/ae7d67bb-f669-4d33-a9cc-f951b2e1c871/click HTTP/1.1
User-Agent: selenium/4.1.2 (java windows)
Content-Length: 50
Content-Type: application/json; charset=utf-8
host: localhost:52319
accept: */*

Response DefaultHttpResponse(decodeResult: success, version: HTTP/1.1)
HTTP/1.1 200 OK
Content-Type: application/json; charset=utf-8
cache-control: no-cache
content-length: 14

16:34:48.508 [AsyncHttpClient-1-4] DEBUG org.asynchttpclient.netty.channel.ChannelManager - Adding key: http://localhost:52319 for channel [id: 0x11a089b2, L:/127.0.0.1:51046 - R:localhost/127.0.0.1:52319]
16:34:48.520 [Forwarding screenshot on session b37e362bce038f9d561a61feb7a17290 to remote] DEBUG org.asynchttpclient.netty.request.NettyRequestSender - Using pooled Channel '[id: 0x11a089b2, L:/127.0.0.1:51046 - R:localhost/127.0.0.1:52319]' for 'GET' to 'http://localhost:52319/session/b37e362bce038f9d561a61feb7a17290/screenshot'
16:34:48.520 [Forwarding screenshot on session b37e362bce038f9d561a61feb7a17290 to remote] DEBUG org.asynchttpclient.netty.request.NettyRequestSender - Using open Channel [id: 0x11a089b2, L:/127.0.0.1:51046 - R:localhost/127.0.0.1:52319] for GET '/session/b37e362bce038f9d561a61feb7a17290/screenshot'
16:34:48.638 [AsyncHttpClient-1-1] DEBUG org.asynchttpclient.netty.channel.DefaultChannelPool - Entry count for : http://localhost:51047 : 1
16:34:48.705 [AsyncHttpClient-1-4] DEBUG org.asynchttpclient.netty.handler.HttpHandler - 

Request DefaultFullHttpRequest(decodeResult: success, version: HTTP/1.1, content: EmptyByteBufBE)
GET /session/b37e362bce038f9d561a61feb7a17290/screenshot HTTP/1.1
User-Agent: selenium/4.1.2 (java windows)
Cache-Control: no-cache
Content-Type: application/json; charset=utf-8
host: localhost:52319
accept: */*

Response DefaultHttpResponse(decodeResult: success, version: HTTP/1.1)
HTTP/1.1 200 OK
Content-Type: application/json; charset=utf-8
cache-control: no-cache
content-length: 95984

16:34:48.706 [AsyncHttpClient-1-4] DEBUG org.asynchttpclient.netty.channel.ChannelManager - Adding key: http://localhost:52319 for channel [id: 0x11a089b2, L:/127.0.0.1:51046 - R:localhost/127.0.0.1:52319]
16:34:48.714 [main] DEBUG net.serenitybdd.core.photography.Darkroom - Send negative for processing for target\site\serenity\9c717cda9120c7721facab6647e49cc8332e9754c7b6a9486886f20b92e41db8.png
16:34:48.714 [main] DEBUG net.thucydides.core.steps.StepInterceptor - STEP DONE: clickDoctorDepartmentDropdown
16:34:48.714 [Darkroom Processing Line] DEBUG net.serenitybdd.core.photography.DarkroomProcessingLine - Processing screenshot image in /var/screenshots/screenshot-4408255366481796607
16:34:48.714 [Darkroom Processing Line] DEBUG net.serenitybdd.core.photography.DarkroomProcessingLine - Saving screenshot to target\site\serenity\9c717cda9120c7721facab6647e49cc8332e9754c7b6a9486886f20b92e41db8.png
16:34:48.725 [main] DEBUG net.thucydides.core.steps.StepInterceptor - STARTING STEP: DoctorSteps.iInputValidDataDoctorAndClickSubmit - clickDoctorDepartmentOption
16:34:48.728 [Forwarding findElement on session b37e362bce038f9d561a61feb7a17290 to remote] DEBUG org.asynchttpclient.netty.request.NettyRequestSender - Using pooled Channel '[id: 0x11a089b2, L:/127.0.0.1:51046 - R:localhost/127.0.0.1:52319]' for 'POST' to 'http://localhost:52319/session/b37e362bce038f9d561a61feb7a17290/element'
16:34:48.728 [Forwarding findElement on session b37e362bce038f9d561a61feb7a17290 to remote] DEBUG org.asynchttpclient.netty.request.NettyRequestSender - Using open Channel [id: 0x11a089b2, L:/127.0.0.1:51046 - R:localhost/127.0.0.1:52319] for POST '/session/b37e362bce038f9d561a61feb7a17290/element'
16:34:48.750 [AsyncHttpClient-1-4] DEBUG org.asynchttpclient.netty.handler.HttpHandler - 

Request DefaultHttpRequest(decodeResult: success, version: HTTP/1.1)
POST /session/b37e362bce038f9d561a61feb7a17290/element HTTP/1.1
User-Agent: selenium/4.1.2 (java windows)
Content-Length: 119
Content-Type: application/json; charset=utf-8
host: localhost:52319
accept: */*

Response DefaultHttpResponse(decodeResult: success, version: HTTP/1.1)
HTTP/1.1 200 OK
Content-Type: application/json; charset=utf-8
cache-control: no-cache
content-length: 88

16:34:48.750 [AsyncHttpClient-1-4] DEBUG org.asynchttpclient.netty.channel.ChannelManager - Adding key: http://localhost:52319 for channel [id: 0x11a089b2, L:/127.0.0.1:51046 - R:localhost/127.0.0.1:52319]
16:34:48.752 [Forwarding getElementTagName on session b37e362bce038f9d561a61feb7a17290 to remote] DEBUG org.asynchttpclient.netty.request.NettyRequestSender - Using pooled Channel '[id: 0x11a089b2, L:/127.0.0.1:51046 - R:localhost/127.0.0.1:52319]' for 'GET' to 'http://localhost:52319/session/b37e362bce038f9d561a61feb7a17290/element/de7998f9-178f-4a48-98c9-1440476c7732/name'
16:34:48.752 [Forwarding getElementTagName on session b37e362bce038f9d561a61feb7a17290 to remote] DEBUG org.asynchttpclient.netty.request.NettyRequestSender - Using open Channel [id: 0x11a089b2, L:/127.0.0.1:51046 - R:localhost/127.0.0.1:52319] for GET '/session/b37e362bce038f9d561a61feb7a17290/element/de7998f9-178f-4a48-98c9-1440476c7732/name'
16:34:48.760 [AsyncHttpClient-1-4] DEBUG org.asynchttpclient.netty.handler.HttpHandler - 

Request DefaultFullHttpRequest(decodeResult: success, version: HTTP/1.1, content: EmptyByteBufBE)
GET /session/b37e362bce038f9d561a61feb7a17290/element/de7998f9-178f-4a48-98c9-1440476c7732/name HTTP/1.1
User-Agent: selenium/4.1.2 (java windows)
Cache-Control: no-cache
Content-Type: application/json; charset=utf-8
host: localhost:52319
accept: */*

Response DefaultHttpResponse(decodeResult: success, version: HTTP/1.1)
HTTP/1.1 200 OK
Content-Type: application/json; charset=utf-8
cache-control: no-cache
content-length: 14

16:34:48.760 [AsyncHttpClient-1-4] DEBUG org.asynchttpclient.netty.channel.ChannelManager - Adding key: http://localhost:52319 for channel [id: 0x11a089b2, L:/127.0.0.1:51046 - R:localhost/127.0.0.1:52319]
16:34:48.761 [Forwarding getElementTagName on session b37e362bce038f9d561a61feb7a17290 to remote] DEBUG org.asynchttpclient.netty.request.NettyRequestSender - Using pooled Channel '[id: 0x11a089b2, L:/127.0.0.1:51046 - R:localhost/127.0.0.1:52319]' for 'GET' to 'http://localhost:52319/session/b37e362bce038f9d561a61feb7a17290/element/de7998f9-178f-4a48-98c9-1440476c7732/name'
16:34:48.761 [Forwarding getElementTagName on session b37e362bce038f9d561a61feb7a17290 to remote] DEBUG org.asynchttpclient.netty.request.NettyRequestSender - Using open Channel [id: 0x11a089b2, L:/127.0.0.1:51046 - R:localhost/127.0.0.1:52319] for GET '/session/b37e362bce038f9d561a61feb7a17290/element/de7998f9-178f-4a48-98c9-1440476c7732/name'
16:34:48.764 [AsyncHttpClient-1-4] DEBUG org.asynchttpclient.netty.handler.HttpHandler - 

Request DefaultFullHttpRequest(decodeResult: success, version: HTTP/1.1, content: EmptyByteBufBE)
GET /session/b37e362bce038f9d561a61feb7a17290/element/de7998f9-178f-4a48-98c9-1440476c7732/name HTTP/1.1
User-Agent: selenium/4.1.2 (java windows)
Cache-Control: no-cache
Content-Type: application/json; charset=utf-8
host: localhost:52319
accept: */*

Response DefaultHttpResponse(decodeResult: success, version: HTTP/1.1)
HTTP/1.1 200 OK
Content-Type: application/json; charset=utf-8
cache-control: no-cache
content-length: 14

16:34:48.765 [AsyncHttpClient-1-4] DEBUG org.asynchttpclient.netty.channel.ChannelManager - Adding key: http://localhost:52319 for channel [id: 0x11a089b2, L:/127.0.0.1:51046 - R:localhost/127.0.0.1:52319]
16:34:48.767 [Forwarding findElement on session b37e362bce038f9d561a61feb7a17290 to remote] DEBUG org.asynchttpclient.netty.request.NettyRequestSender - Using pooled Channel '[id: 0x11a089b2, L:/127.0.0.1:51046 - R:localhost/127.0.0.1:52319]' for 'POST' to 'http://localhost:52319/session/b37e362bce038f9d561a61feb7a17290/element'
16:34:48.767 [Forwarding findElement on session b37e362bce038f9d561a61feb7a17290 to remote] DEBUG org.asynchttpclient.netty.request.NettyRequestSender - Using open Channel [id: 0x11a089b2, L:/127.0.0.1:51046 - R:localhost/127.0.0.1:52319] for POST '/session/b37e362bce038f9d561a61feb7a17290/element'
16:34:48.780 [AsyncHttpClient-1-4] DEBUG org.asynchttpclient.netty.handler.HttpHandler - 

Request DefaultHttpRequest(decodeResult: success, version: HTTP/1.1)
POST /session/b37e362bce038f9d561a61feb7a17290/element HTTP/1.1
User-Agent: selenium/4.1.2 (java windows)
Content-Length: 119
Content-Type: application/json; charset=utf-8
host: localhost:52319
accept: */*

Response DefaultHttpResponse(decodeResult: success, version: HTTP/1.1)
HTTP/1.1 200 OK
Content-Type: application/json; charset=utf-8
cache-control: no-cache
content-length: 88

16:34:48.780 [AsyncHttpClient-1-4] DEBUG org.asynchttpclient.netty.channel.ChannelManager - Adding key: http://localhost:52319 for channel [id: 0x11a089b2, L:/127.0.0.1:51046 - R:localhost/127.0.0.1:52319]
16:34:48.781 [Forwarding clickElement on session b37e362bce038f9d561a61feb7a17290 to remote] DEBUG org.asynchttpclient.netty.request.NettyRequestSender - Using pooled Channel '[id: 0x11a089b2, L:/127.0.0.1:51046 - R:localhost/127.0.0.1:52319]' for 'POST' to 'http://localhost:52319/session/b37e362bce038f9d561a61feb7a17290/element/de7998f9-178f-4a48-98c9-1440476c7732/click'
16:34:48.781 [Forwarding clickElement on session b37e362bce038f9d561a61feb7a17290 to remote] DEBUG org.asynchttpclient.netty.request.NettyRequestSender - Using open Channel [id: 0x11a089b2, L:/127.0.0.1:51046 - R:localhost/127.0.0.1:52319] for POST '/session/b37e362bce038f9d561a61feb7a17290/element/de7998f9-178f-4a48-98c9-1440476c7732/click'
16:34:48.889 [AsyncHttpClient-1-4] DEBUG org.asynchttpclient.netty.handler.HttpHandler - 

Request DefaultHttpRequest(decodeResult: success, version: HTTP/1.1)
POST /session/b37e362bce038f9d561a61feb7a17290/element/de7998f9-178f-4a48-98c9-1440476c7732/click HTTP/1.1
User-Agent: selenium/4.1.2 (java windows)
Content-Length: 50
Content-Type: application/json; charset=utf-8
host: localhost:52319
accept: */*

Response DefaultHttpResponse(decodeResult: success, version: HTTP/1.1)
HTTP/1.1 200 OK
Content-Type: application/json; charset=utf-8
cache-control: no-cache
content-length: 14

16:34:48.889 [AsyncHttpClient-1-4] DEBUG org.asynchttpclient.netty.channel.ChannelManager - Adding key: http://localhost:52319 for channel [id: 0x11a089b2, L:/127.0.0.1:51046 - R:localhost/127.0.0.1:52319]
16:34:48.907 [Forwarding screenshot on session b37e362bce038f9d561a61feb7a17290 to remote] DEBUG org.asynchttpclient.netty.request.NettyRequestSender - Using pooled Channel '[id: 0x11a089b2, L:/127.0.0.1:51046 - R:localhost/127.0.0.1:52319]' for 'GET' to 'http://localhost:52319/session/b37e362bce038f9d561a61feb7a17290/screenshot'
16:34:48.908 [Forwarding screenshot on session b37e362bce038f9d561a61feb7a17290 to remote] DEBUG org.asynchttpclient.netty.request.NettyRequestSender - Using open Channel [id: 0x11a089b2, L:/127.0.0.1:51046 - R:localhost/127.0.0.1:52319] for GET '/session/b37e362bce038f9d561a61feb7a17290/screenshot'
16:34:49.072 [AsyncHttpClient-1-4] DEBUG org.asynchttpclient.netty.handler.HttpHandler - 

Request DefaultFullHttpRequest(decodeResult: success, version: HTTP/1.1, content: EmptyByteBufBE)
GET /session/b37e362bce038f9d561a61feb7a17290/screenshot HTTP/1.1
User-Agent: selenium/4.1.2 (java windows)
Cache-Control: no-cache
Content-Type: application/json; charset=utf-8
host: localhost:52319
accept: */*

Response DefaultHttpResponse(decodeResult: success, version: HTTP/1.1)
HTTP/1.1 200 OK
Content-Type: application/json; charset=utf-8
cache-control: no-cache
content-length: 106156

16:34:49.073 [AsyncHttpClient-1-4] DEBUG org.asynchttpclient.netty.channel.ChannelManager - Adding key: http://localhost:52319 for channel [id: 0x11a089b2, L:/127.0.0.1:51046 - R:localhost/127.0.0.1:52319]
16:34:49.080 [main] DEBUG net.serenitybdd.core.photography.Darkroom - Send negative for processing for target\site\serenity\79dea68ac32b7a76738c35d1bf3249c89e6d2b118b23338183910dbff8a513c8.png
16:34:49.081 [main] DEBUG net.thucydides.core.steps.StepInterceptor - STEP DONE: clickDoctorDepartmentOption
16:34:49.081 [Darkroom Processing Line] DEBUG net.serenitybdd.core.photography.DarkroomProcessingLine - Processing screenshot image in /var/screenshots/screenshot-5512108520344071622
16:34:49.081 [Darkroom Processing Line] DEBUG net.serenitybdd.core.photography.DarkroomProcessingLine - Saving screenshot to target\site\serenity\79dea68ac32b7a76738c35d1bf3249c89e6d2b118b23338183910dbff8a513c8.png
16:34:49.095 [main] DEBUG net.thucydides.core.steps.StepInterceptor - STARTING STEP: DoctorSteps.iInputValidDataDoctorAndClickSubmit - inputDoctorEmail
16:34:49.100 [Forwarding findElement on session b37e362bce038f9d561a61feb7a17290 to remote] DEBUG org.asynchttpclient.netty.request.NettyRequestSender - Using pooled Channel '[id: 0x11a089b2, L:/127.0.0.1:51046 - R:localhost/127.0.0.1:52319]' for 'POST' to 'http://localhost:52319/session/b37e362bce038f9d561a61feb7a17290/element'
16:34:49.100 [Forwarding findElement on session b37e362bce038f9d561a61feb7a17290 to remote] DEBUG org.asynchttpclient.netty.request.NettyRequestSender - Using open Channel [id: 0x11a089b2, L:/127.0.0.1:51046 - R:localhost/127.0.0.1:52319] for POST '/session/b37e362bce038f9d561a61feb7a17290/element'
16:34:49.123 [AsyncHttpClient-1-4] DEBUG org.asynchttpclient.netty.handler.HttpHandler - 

Request DefaultHttpRequest(decodeResult: success, version: HTTP/1.1)
POST /session/b37e362bce038f9d561a61feb7a17290/element HTTP/1.1
User-Agent: selenium/4.1.2 (java windows)
Content-Length: 139
Content-Type: application/json; charset=utf-8
host: localhost:52319
accept: */*

Response DefaultHttpResponse(decodeResult: success, version: HTTP/1.1)
HTTP/1.1 200 OK
Content-Type: application/json; charset=utf-8
cache-control: no-cache
content-length: 88

16:34:49.123 [AsyncHttpClient-1-4] DEBUG org.asynchttpclient.netty.channel.ChannelManager - Adding key: http://localhost:52319 for channel [id: 0x11a089b2, L:/127.0.0.1:51046 - R:localhost/127.0.0.1:52319]
16:34:49.125 [Forwarding clearElement on session b37e362bce038f9d561a61feb7a17290 to remote] DEBUG org.asynchttpclient.netty.request.NettyRequestSender - Using pooled Channel '[id: 0x11a089b2, L:/127.0.0.1:51046 - R:localhost/127.0.0.1:52319]' for 'POST' to 'http://localhost:52319/session/b37e362bce038f9d561a61feb7a17290/element/3e7d802f-ec31-4e2f-ae4b-f27ffde6bd98/clear'
16:34:49.125 [Forwarding clearElement on session b37e362bce038f9d561a61feb7a17290 to remote] DEBUG org.asynchttpclient.netty.request.NettyRequestSender - Using open Channel [id: 0x11a089b2, L:/127.0.0.1:51046 - R:localhost/127.0.0.1:52319] for POST '/session/b37e362bce038f9d561a61feb7a17290/element/3e7d802f-ec31-4e2f-ae4b-f27ffde6bd98/clear'
16:34:49.188 [AsyncHttpClient-1-4] DEBUG org.asynchttpclient.netty.handler.HttpHandler - 

Request DefaultHttpRequest(decodeResult: success, version: HTTP/1.1)
POST /session/b37e362bce038f9d561a61feb7a17290/element/3e7d802f-ec31-4e2f-ae4b-f27ffde6bd98/clear HTTP/1.1
User-Agent: selenium/4.1.2 (java windows)
Content-Length: 50
Content-Type: application/json; charset=utf-8
host: localhost:52319
accept: */*

Response DefaultHttpResponse(decodeResult: success, version: HTTP/1.1)
HTTP/1.1 200 OK
Content-Type: application/json; charset=utf-8
cache-control: no-cache
content-length: 14

16:34:49.188 [AsyncHttpClient-1-4] DEBUG org.asynchttpclient.netty.channel.ChannelManager - Adding key: http://localhost:52319 for channel [id: 0x11a089b2, L:/127.0.0.1:51046 - R:localhost/127.0.0.1:52319]
16:34:49.191 [Forwarding sendKeysToElement on session b37e362bce038f9d561a61feb7a17290 to remote] DEBUG org.asynchttpclient.netty.request.NettyRequestSender - Using pooled Channel '[id: 0x11a089b2, L:/127.0.0.1:51046 - R:localhost/127.0.0.1:52319]' for 'POST' to 'http://localhost:52319/session/b37e362bce038f9d561a61feb7a17290/element/3e7d802f-ec31-4e2f-ae4b-f27ffde6bd98/value'
16:34:49.191 [Forwarding sendKeysToElement on session b37e362bce038f9d561a61feb7a17290 to remote] DEBUG org.asynchttpclient.netty.request.NettyRequestSender - Using open Channel [id: 0x11a089b2, L:/127.0.0.1:51046 - R:localhost/127.0.0.1:52319] for POST '/session/b37e362bce038f9d561a61feb7a17290/element/3e7d802f-ec31-4e2f-ae4b-f27ffde6bd98/value'
16:34:49.540 [AsyncHttpClient-1-4] DEBUG org.asynchttpclient.netty.handler.HttpHandler - 

Request DefaultHttpRequest(decodeResult: success, version: HTTP/1.1)
POST /session/b37e362bce038f9d561a61feb7a17290/element/3e7d802f-ec31-4e2f-ae4b-f27ffde6bd98/value HTTP/1.1
User-Agent: selenium/4.1.2 (java windows)
Content-Length: 271
Content-Type: application/json; charset=utf-8
host: localhost:52319
accept: */*

Response DefaultHttpResponse(decodeResult: success, version: HTTP/1.1)
HTTP/1.1 200 OK
Content-Type: application/json; charset=utf-8
cache-control: no-cache
content-length: 14

16:34:49.540 [AsyncHttpClient-1-4] DEBUG org.asynchttpclient.netty.channel.ChannelManager - Adding key: http://localhost:52319 for channel [id: 0x11a089b2, L:/127.0.0.1:51046 - R:localhost/127.0.0.1:52319]
16:34:49.546 [Forwarding screenshot on session b37e362bce038f9d561a61feb7a17290 to remote] DEBUG org.asynchttpclient.netty.request.NettyRequestSender - Using pooled Channel '[id: 0x11a089b2, L:/127.0.0.1:51046 - R:localhost/127.0.0.1:52319]' for 'GET' to 'http://localhost:52319/session/b37e362bce038f9d561a61feb7a17290/screenshot'
16:34:49.546 [Forwarding screenshot on session b37e362bce038f9d561a61feb7a17290 to remote] DEBUG org.asynchttpclient.netty.request.NettyRequestSender - Using open Channel [id: 0x11a089b2, L:/127.0.0.1:51046 - R:localhost/127.0.0.1:52319] for GET '/session/b37e362bce038f9d561a61feb7a17290/screenshot'
16:34:49.700 [AsyncHttpClient-1-4] DEBUG org.asynchttpclient.netty.handler.HttpHandler - 

Request DefaultFullHttpRequest(decodeResult: success, version: HTTP/1.1, content: EmptyByteBufBE)
GET /session/b37e362bce038f9d561a61feb7a17290/screenshot HTTP/1.1
User-Agent: selenium/4.1.2 (java windows)
Cache-Control: no-cache
Content-Type: application/json; charset=utf-8
host: localhost:52319
accept: */*

Response DefaultHttpResponse(decodeResult: success, version: HTTP/1.1)
HTTP/1.1 200 OK
Content-Type: application/json; charset=utf-8
cache-control: no-cache
content-length: 89524

16:34:49.701 [AsyncHttpClient-1-4] DEBUG org.asynchttpclient.netty.channel.ChannelManager - Adding key: http://localhost:52319 for channel [id: 0x11a089b2, L:/127.0.0.1:51046 - R:localhost/127.0.0.1:52319]
16:34:49.705 [main] DEBUG net.serenitybdd.core.photography.Darkroom - Send negative for processing for target\site\serenity\e38b7fb9a7e573f06ec0b09ba4cc6039b4444116039edbffecf4cbd7a488fdc0.png
16:34:49.705 [main] DEBUG net.thucydides.core.steps.StepInterceptor - STEP DONE: inputDoctorEmail
16:34:49.705 [Darkroom Processing Line] DEBUG net.serenitybdd.core.photography.DarkroomProcessingLine - Processing screenshot image in /var/screenshots/screenshot-13961573652877570057
16:34:49.706 [Darkroom Processing Line] DEBUG net.serenitybdd.core.photography.DarkroomProcessingLine - Saving screenshot to target\site\serenity\e38b7fb9a7e573f06ec0b09ba4cc6039b4444116039edbffecf4cbd7a488fdc0.png
16:34:49.713 [main] DEBUG net.thucydides.core.steps.StepInterceptor - STARTING STEP: DoctorSteps.iInputValidDataDoctorAndClickSubmit - inputDoctorPassword
16:34:49.715 [Forwarding findElement on session b37e362bce038f9d561a61feb7a17290 to remote] DEBUG org.asynchttpclient.netty.request.NettyRequestSender - Using pooled Channel '[id: 0x11a089b2, L:/127.0.0.1:51046 - R:localhost/127.0.0.1:52319]' for 'POST' to 'http://localhost:52319/session/b37e362bce038f9d561a61feb7a17290/element'
16:34:49.715 [Forwarding findElement on session b37e362bce038f9d561a61feb7a17290 to remote] DEBUG org.asynchttpclient.netty.request.NettyRequestSender - Using open Channel [id: 0x11a089b2, L:/127.0.0.1:51046 - R:localhost/127.0.0.1:52319] for POST '/session/b37e362bce038f9d561a61feb7a17290/element'
16:34:49.732 [AsyncHttpClient-1-4] DEBUG org.asynchttpclient.netty.handler.HttpHandler - 

Request DefaultHttpRequest(decodeResult: success, version: HTTP/1.1)
POST /session/b37e362bce038f9d561a61feb7a17290/element HTTP/1.1
User-Agent: selenium/4.1.2 (java windows)
Content-Length: 139
Content-Type: application/json; charset=utf-8
host: localhost:52319
accept: */*

Response DefaultHttpResponse(decodeResult: success, version: HTTP/1.1)
HTTP/1.1 200 OK
Content-Type: application/json; charset=utf-8
cache-control: no-cache
content-length: 88

16:34:49.732 [AsyncHttpClient-1-4] DEBUG org.asynchttpclient.netty.channel.ChannelManager - Adding key: http://localhost:52319 for channel [id: 0x11a089b2, L:/127.0.0.1:51046 - R:localhost/127.0.0.1:52319]
16:34:49.733 [Forwarding clearElement on session b37e362bce038f9d561a61feb7a17290 to remote] DEBUG org.asynchttpclient.netty.request.NettyRequestSender - Using pooled Channel '[id: 0x11a089b2, L:/127.0.0.1:51046 - R:localhost/127.0.0.1:52319]' for 'POST' to 'http://localhost:52319/session/b37e362bce038f9d561a61feb7a17290/element/0aaaeb72-27fc-4408-80c8-bd3b0ae7b93f/clear'
16:34:49.733 [Forwarding clearElement on session b37e362bce038f9d561a61feb7a17290 to remote] DEBUG org.asynchttpclient.netty.request.NettyRequestSender - Using open Channel [id: 0x11a089b2, L:/127.0.0.1:51046 - R:localhost/127.0.0.1:52319] for POST '/session/b37e362bce038f9d561a61feb7a17290/element/0aaaeb72-27fc-4408-80c8-bd3b0ae7b93f/clear'
16:34:49.738 [AsyncHttpClient-1-1] DEBUG org.asynchttpclient.netty.channel.DefaultChannelPool - Entry count for : http://localhost:51047 : 1
16:34:49.781 [AsyncHttpClient-1-4] DEBUG org.asynchttpclient.netty.handler.HttpHandler - 

Request DefaultHttpRequest(decodeResult: success, version: HTTP/1.1)
POST /session/b37e362bce038f9d561a61feb7a17290/element/0aaaeb72-27fc-4408-80c8-bd3b0ae7b93f/clear HTTP/1.1
User-Agent: selenium/4.1.2 (java windows)
Content-Length: 50
Content-Type: application/json; charset=utf-8
host: localhost:52319
accept: */*

Response DefaultHttpResponse(decodeResult: success, version: HTTP/1.1)
HTTP/1.1 200 OK
Content-Type: application/json; charset=utf-8
cache-control: no-cache
content-length: 14

16:34:49.782 [AsyncHttpClient-1-4] DEBUG org.asynchttpclient.netty.channel.ChannelManager - Adding key: http://localhost:52319 for channel [id: 0x11a089b2, L:/127.0.0.1:51046 - R:localhost/127.0.0.1:52319]
16:34:49.786 [Forwarding sendKeysToElement on session b37e362bce038f9d561a61feb7a17290 to remote] DEBUG org.asynchttpclient.netty.request.NettyRequestSender - Using pooled Channel '[id: 0x11a089b2, L:/127.0.0.1:51046 - R:localhost/127.0.0.1:52319]' for 'POST' to 'http://localhost:52319/session/b37e362bce038f9d561a61feb7a17290/element/0aaaeb72-27fc-4408-80c8-bd3b0ae7b93f/value'
16:34:49.786 [Forwarding sendKeysToElement on session b37e362bce038f9d561a61feb7a17290 to remote] DEBUG org.asynchttpclient.netty.request.NettyRequestSender - Using open Channel [id: 0x11a089b2, L:/127.0.0.1:51046 - R:localhost/127.0.0.1:52319] for POST '/session/b37e362bce038f9d561a61feb7a17290/element/0aaaeb72-27fc-4408-80c8-bd3b0ae7b93f/value'
16:34:50.059 [AsyncHttpClient-1-4] DEBUG org.asynchttpclient.netty.handler.HttpHandler - 

Request DefaultHttpRequest(decodeResult: success, version: HTTP/1.1)
POST /session/b37e362bce038f9d561a61feb7a17290/element/0aaaeb72-27fc-4408-80c8-bd3b0ae7b93f/value HTTP/1.1
User-Agent: selenium/4.1.2 (java windows)
Content-Length: 221
Content-Type: application/json; charset=utf-8
host: localhost:52319
accept: */*

Response DefaultHttpResponse(decodeResult: success, version: HTTP/1.1)
HTTP/1.1 200 OK
Content-Type: application/json; charset=utf-8
cache-control: no-cache
content-length: 14

16:34:50.060 [AsyncHttpClient-1-4] DEBUG org.asynchttpclient.netty.channel.ChannelManager - Adding key: http://localhost:52319 for channel [id: 0x11a089b2, L:/127.0.0.1:51046 - R:localhost/127.0.0.1:52319]
16:34:50.071 [Forwarding screenshot on session b37e362bce038f9d561a61feb7a17290 to remote] DEBUG org.asynchttpclient.netty.request.NettyRequestSender - Using pooled Channel '[id: 0x11a089b2, L:/127.0.0.1:51046 - R:localhost/127.0.0.1:52319]' for 'GET' to 'http://localhost:52319/session/b37e362bce038f9d561a61feb7a17290/screenshot'
16:34:50.071 [Forwarding screenshot on session b37e362bce038f9d561a61feb7a17290 to remote] DEBUG org.asynchttpclient.netty.request.NettyRequestSender - Using open Channel [id: 0x11a089b2, L:/127.0.0.1:51046 - R:localhost/127.0.0.1:52319] for GET '/session/b37e362bce038f9d561a61feb7a17290/screenshot'
16:34:50.207 [AsyncHttpClient-1-4] DEBUG org.asynchttpclient.netty.handler.HttpHandler - 

Request DefaultFullHttpRequest(decodeResult: success, version: HTTP/1.1, content: EmptyByteBufBE)
GET /session/b37e362bce038f9d561a61feb7a17290/screenshot HTTP/1.1
User-Agent: selenium/4.1.2 (java windows)
Cache-Control: no-cache
Content-Type: application/json; charset=utf-8
host: localhost:52319
accept: */*

Response DefaultHttpResponse(decodeResult: success, version: HTTP/1.1)
HTTP/1.1 200 OK
Content-Type: application/json; charset=utf-8
cache-control: no-cache
content-length: 87688

16:34:50.207 [AsyncHttpClient-1-4] DEBUG org.asynchttpclient.netty.channel.ChannelManager - Adding key: http://localhost:52319 for channel [id: 0x11a089b2, L:/127.0.0.1:51046 - R:localhost/127.0.0.1:52319]
16:34:50.211 [main] DEBUG net.serenitybdd.core.photography.Darkroom - Send negative for processing for target\site\serenity\7e393f48498179110251166e400ac48594e409db66ebb032e03eeefdd1617999.png
16:34:50.212 [main] DEBUG net.thucydides.core.steps.StepInterceptor - STEP DONE: inputDoctorPassword
16:34:50.212 [Darkroom Processing Line] DEBUG net.serenitybdd.core.photography.DarkroomProcessingLine - Processing screenshot image in /var/screenshots/screenshot-4368329612598950784
16:34:50.212 [Darkroom Processing Line] DEBUG net.serenitybdd.core.photography.DarkroomProcessingLine - Saving screenshot to target\site\serenity\7e393f48498179110251166e400ac48594e409db66ebb032e03eeefdd1617999.png
16:34:50.219 [main] DEBUG net.thucydides.core.steps.StepInterceptor - STARTING STEP: DoctorSteps.iInputValidDataDoctorAndClickSubmit - inputDoctorPhoneNumber
16:34:50.221 [Forwarding findElement on session b37e362bce038f9d561a61feb7a17290 to remote] DEBUG org.asynchttpclient.netty.request.NettyRequestSender - Using pooled Channel '[id: 0x11a089b2, L:/127.0.0.1:51046 - R:localhost/127.0.0.1:52319]' for 'POST' to 'http://localhost:52319/session/b37e362bce038f9d561a61feb7a17290/element'
16:34:50.222 [Forwarding findElement on session b37e362bce038f9d561a61feb7a17290 to remote] DEBUG org.asynchttpclient.netty.request.NettyRequestSender - Using open Channel [id: 0x11a089b2, L:/127.0.0.1:51046 - R:localhost/127.0.0.1:52319] for POST '/session/b37e362bce038f9d561a61feb7a17290/element'
16:34:50.235 [AsyncHttpClient-1-4] DEBUG org.asynchttpclient.netty.handler.HttpHandler - 

Request DefaultHttpRequest(decodeResult: success, version: HTTP/1.1)
POST /session/b37e362bce038f9d561a61feb7a17290/element HTTP/1.1
User-Agent: selenium/4.1.2 (java windows)
Content-Length: 139
Content-Type: application/json; charset=utf-8
host: localhost:52319
accept: */*

Response DefaultHttpResponse(decodeResult: success, version: HTTP/1.1)
HTTP/1.1 200 OK
Content-Type: application/json; charset=utf-8
cache-control: no-cache
content-length: 88

16:34:50.235 [AsyncHttpClient-1-4] DEBUG org.asynchttpclient.netty.channel.ChannelManager - Adding key: http://localhost:52319 for channel [id: 0x11a089b2, L:/127.0.0.1:51046 - R:localhost/127.0.0.1:52319]
16:34:50.236 [Forwarding clearElement on session b37e362bce038f9d561a61feb7a17290 to remote] DEBUG org.asynchttpclient.netty.request.NettyRequestSender - Using pooled Channel '[id: 0x11a089b2, L:/127.0.0.1:51046 - R:localhost/127.0.0.1:52319]' for 'POST' to 'http://localhost:52319/session/b37e362bce038f9d561a61feb7a17290/element/26de7347-b002-4606-b39f-848f5c49d99f/clear'
16:34:50.236 [Forwarding clearElement on session b37e362bce038f9d561a61feb7a17290 to remote] DEBUG org.asynchttpclient.netty.request.NettyRequestSender - Using open Channel [id: 0x11a089b2, L:/127.0.0.1:51046 - R:localhost/127.0.0.1:52319] for POST '/session/b37e362bce038f9d561a61feb7a17290/element/26de7347-b002-4606-b39f-848f5c49d99f/clear'
16:34:50.279 [AsyncHttpClient-1-4] DEBUG org.asynchttpclient.netty.handler.HttpHandler - 

Request DefaultHttpRequest(decodeResult: success, version: HTTP/1.1)
POST /session/b37e362bce038f9d561a61feb7a17290/element/26de7347-b002-4606-b39f-848f5c49d99f/clear HTTP/1.1
User-Agent: selenium/4.1.2 (java windows)
Content-Length: 50
Content-Type: application/json; charset=utf-8
host: localhost:52319
accept: */*

Response DefaultHttpResponse(decodeResult: success, version: HTTP/1.1)
HTTP/1.1 200 OK
Content-Type: application/json; charset=utf-8
cache-control: no-cache
content-length: 14

16:34:50.279 [AsyncHttpClient-1-4] DEBUG org.asynchttpclient.netty.channel.ChannelManager - Adding key: http://localhost:52319 for channel [id: 0x11a089b2, L:/127.0.0.1:51046 - R:localhost/127.0.0.1:52319]
16:34:50.280 [Forwarding sendKeysToElement on session b37e362bce038f9d561a61feb7a17290 to remote] DEBUG org.asynchttpclient.netty.request.NettyRequestSender - Using pooled Channel '[id: 0x11a089b2, L:/127.0.0.1:51046 - R:localhost/127.0.0.1:52319]' for 'POST' to 'http://localhost:52319/session/b37e362bce038f9d561a61feb7a17290/element/26de7347-b002-4606-b39f-848f5c49d99f/value'
16:34:50.280 [Forwarding sendKeysToElement on session b37e362bce038f9d561a61feb7a17290 to remote] DEBUG org.asynchttpclient.netty.request.NettyRequestSender - Using open Channel [id: 0x11a089b2, L:/127.0.0.1:51046 - R:localhost/127.0.0.1:52319] for POST '/session/b37e362bce038f9d561a61feb7a17290/element/26de7347-b002-4606-b39f-848f5c49d99f/value'
16:34:50.478 [AsyncHttpClient-1-4] DEBUG org.asynchttpclient.netty.handler.HttpHandler - 

Request DefaultHttpRequest(decodeResult: success, version: HTTP/1.1)
POST /session/b37e362bce038f9d561a61feb7a17290/element/26de7347-b002-4606-b39f-848f5c49d99f/value HTTP/1.1
User-Agent: selenium/4.1.2 (java windows)
Content-Length: 181
Content-Type: application/json; charset=utf-8
host: localhost:52319
accept: */*

Response DefaultHttpResponse(decodeResult: success, version: HTTP/1.1)
HTTP/1.1 200 OK
Content-Type: application/json; charset=utf-8
cache-control: no-cache
content-length: 14

16:34:50.478 [AsyncHttpClient-1-4] DEBUG org.asynchttpclient.netty.channel.ChannelManager - Adding key: http://localhost:52319 for channel [id: 0x11a089b2, L:/127.0.0.1:51046 - R:localhost/127.0.0.1:52319]
16:34:50.488 [Forwarding screenshot on session b37e362bce038f9d561a61feb7a17290 to remote] DEBUG org.asynchttpclient.netty.request.NettyRequestSender - Using pooled Channel '[id: 0x11a089b2, L:/127.0.0.1:51046 - R:localhost/127.0.0.1:52319]' for 'GET' to 'http://localhost:52319/session/b37e362bce038f9d561a61feb7a17290/screenshot'
16:34:50.488 [Forwarding screenshot on session b37e362bce038f9d561a61feb7a17290 to remote] DEBUG org.asynchttpclient.netty.request.NettyRequestSender - Using open Channel [id: 0x11a089b2, L:/127.0.0.1:51046 - R:localhost/127.0.0.1:52319] for GET '/session/b37e362bce038f9d561a61feb7a17290/screenshot'
16:34:50.624 [AsyncHttpClient-1-4] DEBUG org.asynchttpclient.netty.handler.HttpHandler - 

Request DefaultFullHttpRequest(decodeResult: success, version: HTTP/1.1, content: EmptyByteBufBE)
GET /session/b37e362bce038f9d561a61feb7a17290/screenshot HTTP/1.1
User-Agent: selenium/4.1.2 (java windows)
Cache-Control: no-cache
Content-Type: application/json; charset=utf-8
host: localhost:52319
accept: */*

Response DefaultHttpResponse(decodeResult: success, version: HTTP/1.1)
HTTP/1.1 200 OK
Content-Type: application/json; charset=utf-8
cache-control: no-cache
content-length: 89712

16:34:50.624 [AsyncHttpClient-1-4] DEBUG org.asynchttpclient.netty.channel.ChannelManager - Adding key: http://localhost:52319 for channel [id: 0x11a089b2, L:/127.0.0.1:51046 - R:localhost/127.0.0.1:52319]
16:34:50.629 [main] DEBUG net.serenitybdd.core.photography.Darkroom - Send negative for processing for target\site\serenity\e425010b9e8b2e7361541bea95dc22e789f5848f815515b2292c3efea5d63680.png
16:34:50.630 [main] DEBUG net.thucydides.core.steps.StepInterceptor - STEP DONE: inputDoctorPhoneNumber
16:34:50.630 [Darkroom Processing Line] DEBUG net.serenitybdd.core.photography.DarkroomProcessingLine - Processing screenshot image in /var/screenshots/screenshot-2885199723883885869
16:34:50.630 [Darkroom Processing Line] DEBUG net.serenitybdd.core.photography.DarkroomProcessingLine - Saving screenshot to target\site\serenity\e425010b9e8b2e7361541bea95dc22e789f5848f815515b2292c3efea5d63680.png
16:34:50.636 [main] DEBUG net.thucydides.core.steps.StepInterceptor - STARTING STEP: DoctorSteps.iInputValidDataDoctorAndClickSubmit - clickSubmitButton
16:34:50.639 [Forwarding findElement on session b37e362bce038f9d561a61feb7a17290 to remote] DEBUG org.asynchttpclient.netty.request.NettyRequestSender - Using pooled Channel '[id: 0x11a089b2, L:/127.0.0.1:51046 - R:localhost/127.0.0.1:52319]' for 'POST' to 'http://localhost:52319/session/b37e362bce038f9d561a61feb7a17290/element'
16:34:50.639 [Forwarding findElement on session b37e362bce038f9d561a61feb7a17290 to remote] DEBUG org.asynchttpclient.netty.request.NettyRequestSender - Using open Channel [id: 0x11a089b2, L:/127.0.0.1:51046 - R:localhost/127.0.0.1:52319] for POST '/session/b37e362bce038f9d561a61feb7a17290/element'
16:34:50.655 [AsyncHttpClient-1-4] DEBUG org.asynchttpclient.netty.handler.HttpHandler - 

Request DefaultHttpRequest(decodeResult: success, version: HTTP/1.1)
POST /session/b37e362bce038f9d561a61feb7a17290/element HTTP/1.1
User-Agent: selenium/4.1.2 (java windows)
Content-Length: 116
Content-Type: application/json; charset=utf-8
host: localhost:52319
accept: */*

Response DefaultHttpResponse(decodeResult: success, version: HTTP/1.1)
HTTP/1.1 200 OK
Content-Type: application/json; charset=utf-8
cache-control: no-cache
content-length: 88

16:34:50.655 [AsyncHttpClient-1-4] DEBUG org.asynchttpclient.netty.channel.ChannelManager - Adding key: http://localhost:52319 for channel [id: 0x11a089b2, L:/127.0.0.1:51046 - R:localhost/127.0.0.1:52319]
16:34:50.656 [Forwarding getElementTagName on session b37e362bce038f9d561a61feb7a17290 to remote] DEBUG org.asynchttpclient.netty.request.NettyRequestSender - Using pooled Channel '[id: 0x11a089b2, L:/127.0.0.1:51046 - R:localhost/127.0.0.1:52319]' for 'GET' to 'http://localhost:52319/session/b37e362bce038f9d561a61feb7a17290/element/54a19325-bb3c-4789-9251-9edd2699cabf/name'
16:34:50.656 [Forwarding getElementTagName on session b37e362bce038f9d561a61feb7a17290 to remote] DEBUG org.asynchttpclient.netty.request.NettyRequestSender - Using open Channel [id: 0x11a089b2, L:/127.0.0.1:51046 - R:localhost/127.0.0.1:52319] for GET '/session/b37e362bce038f9d561a61feb7a17290/element/54a19325-bb3c-4789-9251-9edd2699cabf/name'
16:34:50.664 [AsyncHttpClient-1-4] DEBUG org.asynchttpclient.netty.handler.HttpHandler - 

Request DefaultFullHttpRequest(decodeResult: success, version: HTTP/1.1, content: EmptyByteBufBE)
GET /session/b37e362bce038f9d561a61feb7a17290/element/54a19325-bb3c-4789-9251-9edd2699cabf/name HTTP/1.1
User-Agent: selenium/4.1.2 (java windows)
Cache-Control: no-cache
Content-Type: application/json; charset=utf-8
host: localhost:52319
accept: */*

Response DefaultHttpResponse(decodeResult: success, version: HTTP/1.1)
HTTP/1.1 200 OK
Content-Type: application/json; charset=utf-8
cache-control: no-cache
content-length: 18

16:34:50.664 [AsyncHttpClient-1-4] DEBUG org.asynchttpclient.netty.channel.ChannelManager - Adding key: http://localhost:52319 for channel [id: 0x11a089b2, L:/127.0.0.1:51046 - R:localhost/127.0.0.1:52319]
16:34:50.665 [Forwarding getElementTagName on session b37e362bce038f9d561a61feb7a17290 to remote] DEBUG org.asynchttpclient.netty.request.NettyRequestSender - Using pooled Channel '[id: 0x11a089b2, L:/127.0.0.1:51046 - R:localhost/127.0.0.1:52319]' for 'GET' to 'http://localhost:52319/session/b37e362bce038f9d561a61feb7a17290/element/54a19325-bb3c-4789-9251-9edd2699cabf/name'
16:34:50.665 [Forwarding getElementTagName on session b37e362bce038f9d561a61feb7a17290 to remote] DEBUG org.asynchttpclient.netty.request.NettyRequestSender - Using open Channel [id: 0x11a089b2, L:/127.0.0.1:51046 - R:localhost/127.0.0.1:52319] for GET '/session/b37e362bce038f9d561a61feb7a17290/element/54a19325-bb3c-4789-9251-9edd2699cabf/name'
16:34:50.669 [AsyncHttpClient-1-4] DEBUG org.asynchttpclient.netty.handler.HttpHandler - 

Request DefaultFullHttpRequest(decodeResult: success, version: HTTP/1.1, content: EmptyByteBufBE)
GET /session/b37e362bce038f9d561a61feb7a17290/element/54a19325-bb3c-4789-9251-9edd2699cabf/name HTTP/1.1
User-Agent: selenium/4.1.2 (java windows)
Cache-Control: no-cache
Content-Type: application/json; charset=utf-8
host: localhost:52319
accept: */*

Response DefaultHttpResponse(decodeResult: success, version: HTTP/1.1)
HTTP/1.1 200 OK
Content-Type: application/json; charset=utf-8
cache-control: no-cache
content-length: 18

16:34:50.669 [AsyncHttpClient-1-4] DEBUG org.asynchttpclient.netty.channel.ChannelManager - Adding key: http://localhost:52319 for channel [id: 0x11a089b2, L:/127.0.0.1:51046 - R:localhost/127.0.0.1:52319]
16:34:50.671 [Forwarding isElementEnabled on session b37e362bce038f9d561a61feb7a17290 to remote] DEBUG org.asynchttpclient.netty.request.NettyRequestSender - Using pooled Channel '[id: 0x11a089b2, L:/127.0.0.1:51046 - R:localhost/127.0.0.1:52319]' for 'GET' to 'http://localhost:52319/session/b37e362bce038f9d561a61feb7a17290/element/54a19325-bb3c-4789-9251-9edd2699cabf/enabled'
16:34:50.671 [Forwarding isElementEnabled on session b37e362bce038f9d561a61feb7a17290 to remote] DEBUG org.asynchttpclient.netty.request.NettyRequestSender - Using open Channel [id: 0x11a089b2, L:/127.0.0.1:51046 - R:localhost/127.0.0.1:52319] for GET '/session/b37e362bce038f9d561a61feb7a17290/element/54a19325-bb3c-4789-9251-9edd2699cabf/enabled'
16:34:50.681 [AsyncHttpClient-1-4] DEBUG org.asynchttpclient.netty.handler.HttpHandler - 

Request DefaultFullHttpRequest(decodeResult: success, version: HTTP/1.1, content: EmptyByteBufBE)
GET /session/b37e362bce038f9d561a61feb7a17290/element/54a19325-bb3c-4789-9251-9edd2699cabf/enabled HTTP/1.1
User-Agent: selenium/4.1.2 (java windows)
Cache-Control: no-cache
Content-Type: application/json; charset=utf-8
host: localhost:52319
accept: */*

Response DefaultHttpResponse(decodeResult: success, version: HTTP/1.1)
HTTP/1.1 200 OK
Content-Type: application/json; charset=utf-8
cache-control: no-cache
content-length: 14

16:34:50.681 [AsyncHttpClient-1-4] DEBUG org.asynchttpclient.netty.channel.ChannelManager - Adding key: http://localhost:52319 for channel [id: 0x11a089b2, L:/127.0.0.1:51046 - R:localhost/127.0.0.1:52319]
16:34:50.682 [Forwarding isElementEnabled on session b37e362bce038f9d561a61feb7a17290 to remote] DEBUG org.asynchttpclient.netty.request.NettyRequestSender - Using pooled Channel '[id: 0x11a089b2, L:/127.0.0.1:51046 - R:localhost/127.0.0.1:52319]' for 'GET' to 'http://localhost:52319/session/b37e362bce038f9d561a61feb7a17290/element/54a19325-bb3c-4789-9251-9edd2699cabf/enabled'
16:34:50.682 [Forwarding isElementEnabled on session b37e362bce038f9d561a61feb7a17290 to remote] DEBUG org.asynchttpclient.netty.request.NettyRequestSender - Using open Channel [id: 0x11a089b2, L:/127.0.0.1:51046 - R:localhost/127.0.0.1:52319] for GET '/session/b37e362bce038f9d561a61feb7a17290/element/54a19325-bb3c-4789-9251-9edd2699cabf/enabled'
16:34:50.689 [AsyncHttpClient-1-4] DEBUG org.asynchttpclient.netty.handler.HttpHandler - 

Request DefaultFullHttpRequest(decodeResult: success, version: HTTP/1.1, content: EmptyByteBufBE)
GET /session/b37e362bce038f9d561a61feb7a17290/element/54a19325-bb3c-4789-9251-9edd2699cabf/enabled HTTP/1.1
User-Agent: selenium/4.1.2 (java windows)
Cache-Control: no-cache
Content-Type: application/json; charset=utf-8
host: localhost:52319
accept: */*

Response DefaultHttpResponse(decodeResult: success, version: HTTP/1.1)
HTTP/1.1 200 OK
Content-Type: application/json; charset=utf-8
cache-control: no-cache
content-length: 14

16:34:50.689 [AsyncHttpClient-1-4] DEBUG org.asynchttpclient.netty.channel.ChannelManager - Adding key: http://localhost:52319 for channel [id: 0x11a089b2, L:/127.0.0.1:51046 - R:localhost/127.0.0.1:52319]
16:34:50.691 [Forwarding findElement on session b37e362bce038f9d561a61feb7a17290 to remote] DEBUG org.asynchttpclient.netty.request.NettyRequestSender - Using pooled Channel '[id: 0x11a089b2, L:/127.0.0.1:51046 - R:localhost/127.0.0.1:52319]' for 'POST' to 'http://localhost:52319/session/b37e362bce038f9d561a61feb7a17290/element'
16:34:50.691 [Forwarding findElement on session b37e362bce038f9d561a61feb7a17290 to remote] DEBUG org.asynchttpclient.netty.request.NettyRequestSender - Using open Channel [id: 0x11a089b2, L:/127.0.0.1:51046 - R:localhost/127.0.0.1:52319] for POST '/session/b37e362bce038f9d561a61feb7a17290/element'
16:34:50.699 [AsyncHttpClient-1-4] DEBUG org.asynchttpclient.netty.handler.HttpHandler - 

Request DefaultHttpRequest(decodeResult: success, version: HTTP/1.1)
POST /session/b37e362bce038f9d561a61feb7a17290/element HTTP/1.1
User-Agent: selenium/4.1.2 (java windows)
Content-Length: 116
Content-Type: application/json; charset=utf-8
host: localhost:52319
accept: */*

Response DefaultHttpResponse(decodeResult: success, version: HTTP/1.1)
HTTP/1.1 200 OK
Content-Type: application/json; charset=utf-8
cache-control: no-cache
content-length: 88

16:34:50.699 [AsyncHttpClient-1-4] DEBUG org.asynchttpclient.netty.channel.ChannelManager - Adding key: http://localhost:52319 for channel [id: 0x11a089b2, L:/127.0.0.1:51046 - R:localhost/127.0.0.1:52319]
16:34:50.700 [Forwarding clickElement on session b37e362bce038f9d561a61feb7a17290 to remote] DEBUG org.asynchttpclient.netty.request.NettyRequestSender - Using pooled Channel '[id: 0x11a089b2, L:/127.0.0.1:51046 - R:localhost/127.0.0.1:52319]' for 'POST' to 'http://localhost:52319/session/b37e362bce038f9d561a61feb7a17290/element/54a19325-bb3c-4789-9251-9edd2699cabf/click'
16:34:50.700 [Forwarding clickElement on session b37e362bce038f9d561a61feb7a17290 to remote] DEBUG org.asynchttpclient.netty.request.NettyRequestSender - Using open Channel [id: 0x11a089b2, L:/127.0.0.1:51046 - R:localhost/127.0.0.1:52319] for POST '/session/b37e362bce038f9d561a61feb7a17290/element/54a19325-bb3c-4789-9251-9edd2699cabf/click'
16:34:50.768 [AsyncHttpClient-1-4] DEBUG org.asynchttpclient.netty.handler.HttpHandler - 

Request DefaultHttpRequest(decodeResult: success, version: HTTP/1.1)
POST /session/b37e362bce038f9d561a61feb7a17290/element/54a19325-bb3c-4789-9251-9edd2699cabf/click HTTP/1.1
User-Agent: selenium/4.1.2 (java windows)
Content-Length: 50
Content-Type: application/json; charset=utf-8
host: localhost:52319
accept: */*

Response DefaultHttpResponse(decodeResult: success, version: HTTP/1.1)
HTTP/1.1 200 OK
Content-Type: application/json; charset=utf-8
cache-control: no-cache
content-length: 14

16:34:50.768 [AsyncHttpClient-1-4] DEBUG org.asynchttpclient.netty.channel.ChannelManager - Adding key: http://localhost:52319 for channel [id: 0x11a089b2, L:/127.0.0.1:51046 - R:localhost/127.0.0.1:52319]
16:34:50.776 [Forwarding screenshot on session b37e362bce038f9d561a61feb7a17290 to remote] DEBUG org.asynchttpclient.netty.request.NettyRequestSender - Using pooled Channel '[id: 0x11a089b2, L:/127.0.0.1:51046 - R:localhost/127.0.0.1:52319]' for 'GET' to 'http://localhost:52319/session/b37e362bce038f9d561a61feb7a17290/screenshot'
16:34:50.776 [Forwarding screenshot on session b37e362bce038f9d561a61feb7a17290 to remote] DEBUG org.asynchttpclient.netty.request.NettyRequestSender - Using open Channel [id: 0x11a089b2, L:/127.0.0.1:51046 - R:localhost/127.0.0.1:52319] for GET '/session/b37e362bce038f9d561a61feb7a17290/screenshot'
16:34:50.838 [AsyncHttpClient-1-1] DEBUG org.asynchttpclient.netty.channel.DefaultChannelPool - Entry count for : http://localhost:51047 : 1
16:34:50.906 [AsyncHttpClient-1-4] DEBUG org.asynchttpclient.netty.handler.HttpHandler - 

Request DefaultFullHttpRequest(decodeResult: success, version: HTTP/1.1, content: EmptyByteBufBE)
GET /session/b37e362bce038f9d561a61feb7a17290/screenshot HTTP/1.1
User-Agent: selenium/4.1.2 (java windows)
Cache-Control: no-cache
Content-Type: application/json; charset=utf-8
host: localhost:52319
accept: */*

Response DefaultHttpResponse(decodeResult: success, version: HTTP/1.1)
HTTP/1.1 200 OK
Content-Type: application/json; charset=utf-8
cache-control: no-cache
content-length: 89548

16:34:50.906 [AsyncHttpClient-1-4] DEBUG org.asynchttpclient.netty.channel.ChannelManager - Adding key: http://localhost:52319 for channel [id: 0x11a089b2, L:/127.0.0.1:51046 - R:localhost/127.0.0.1:52319]
16:34:50.912 [main] DEBUG net.serenitybdd.core.photography.Darkroom - Send negative for processing for target\site\serenity\2287599a7085bef88025d019901eacbc06e5dd0f67300b961bf08b9f3a5daed9.png
16:34:50.912 [main] DEBUG net.thucydides.core.steps.StepInterceptor - STEP DONE: clickSubmitButton
  &amp#27;[32mAnd &amp#27;[0m&amp#27;[32mI input valid data doctor and click submit&amp#27;[0m &amp#27;[90m# starter.stepdefinitions.DoctorSteps.iInputValidDataDoctorAndClickSubmit()&amp#27;[0m
16:34:50.912 [Darkroom Processing Line] DEBUG net.serenitybdd.core.photography.DarkroomProcessingLine - Processing screenshot image in /var/screenshots/screenshot-3054188694532029370
16:34:50.912 [Darkroom Processing Line] DEBUG net.serenitybdd.core.photography.DarkroomProcessingLine - Saving screenshot to target\site\serenity\2287599a7085bef88025d019901eacbc06e5dd0f67300b961bf08b9f3a5daed9.png
16:34:50.930 [main] DEBUG net.thucydides.core.steps.StepInterceptor - STARTING STEP: DoctorSteps.iGetNewDoctorHasBeenAddedResult - newDoctorAdded
16:34:50.932 [Forwarding findElement on session b37e362bce038f9d561a61feb7a17290 to remote] DEBUG org.asynchttpclient.netty.request.NettyRequestSender - Using pooled Channel '[id: 0x11a089b2, L:/127.0.0.1:51046 - R:localhost/127.0.0.1:52319]' for 'POST' to 'http://localhost:52319/session/b37e362bce038f9d561a61feb7a17290/element'
16:34:50.932 [Forwarding findElement on session b37e362bce038f9d561a61feb7a17290 to remote] DEBUG org.asynchttpclient.netty.request.NettyRequestSender - Using open Channel [id: 0x11a089b2, L:/127.0.0.1:51046 - R:localhost/127.0.0.1:52319] for POST '/session/b37e362bce038f9d561a61feb7a17290/element'
16:34:51.718 [AsyncHttpClient-1-4] DEBUG org.asynchttpclient.netty.handler.HttpHandler - 

Request DefaultHttpRequest(decodeResult: success, version: HTTP/1.1)
POST /session/b37e362bce038f9d561a61feb7a17290/element HTTP/1.1
User-Agent: selenium/4.1.2 (java windows)
Content-Length: 74
Content-Type: application/json; charset=utf-8
host: localhost:52319
accept: */*

Response DefaultHttpResponse(decodeResult: success, version: HTTP/1.1)
HTTP/1.1 200 OK
Content-Type: application/json; charset=utf-8
cache-control: no-cache
content-length: 88

16:34:51.719 [AsyncHttpClient-1-4] DEBUG org.asynchttpclient.netty.channel.ChannelManager - Adding key: http://localhost:52319 for channel [id: 0x11a089b2, L:/127.0.0.1:51046 - R:localhost/127.0.0.1:52319]
16:34:51.724 [Forwarding isElementDisplayed on session b37e362bce038f9d561a61feb7a17290 to remote] DEBUG org.asynchttpclient.netty.request.NettyRequestSender - Using pooled Channel '[id: 0x11a089b2, L:/127.0.0.1:51046 - R:localhost/127.0.0.1:52319]' for 'POST' to 'http://localhost:52319/session/b37e362bce038f9d561a61feb7a17290/execute/sync'
16:34:51.724 [Forwarding isElementDisplayed on session b37e362bce038f9d561a61feb7a17290 to remote] DEBUG org.asynchttpclient.netty.request.NettyRequestSender - Using open Channel [id: 0x11a089b2, L:/127.0.0.1:51046 - R:localhost/127.0.0.1:52319] for POST '/session/b37e362bce038f9d561a61feb7a17290/execute/sync'
16:34:51.746 [AsyncHttpClient-1-4] DEBUG org.asynchttpclient.netty.handler.HttpHandler - 

Request DefaultHttpRequest(decodeResult: success, version: HTTP/1.1)
POST /session/b37e362bce038f9d561a61feb7a17290/execute/sync HTTP/1.1
User-Agent: selenium/4.1.2 (java windows)
Content-Length: 48780
Content-Type: application/json; charset=utf-8
host: localhost:52319
accept: */*

Response DefaultHttpResponse(decodeResult: success, version: HTTP/1.1)
HTTP/1.1 200 OK
Content-Type: application/json; charset=utf-8
cache-control: no-cache
content-length: 14

16:34:51.746 [AsyncHttpClient-1-4] DEBUG org.asynchttpclient.netty.channel.ChannelManager - Adding key: http://localhost:52319 for channel [id: 0x11a089b2, L:/127.0.0.1:51046 - R:localhost/127.0.0.1:52319]
16:34:51.752 [Forwarding screenshot on session b37e362bce038f9d561a61feb7a17290 to remote] DEBUG org.asynchttpclient.netty.request.NettyRequestSender - Using pooled Channel '[id: 0x11a089b2, L:/127.0.0.1:51046 - R:localhost/127.0.0.1:52319]' for 'GET' to 'http://localhost:52319/session/b37e362bce038f9d561a61feb7a17290/screenshot'
16:34:51.752 [Forwarding screenshot on session b37e362bce038f9d561a61feb7a17290 to remote] DEBUG org.asynchttpclient.netty.request.NettyRequestSender - Using open Channel [id: 0x11a089b2, L:/127.0.0.1:51046 - R:localhost/127.0.0.1:52319] for GET '/session/b37e362bce038f9d561a61feb7a17290/screenshot'
16:34:51.912 [AsyncHttpClient-1-4] DEBUG org.asynchttpclient.netty.handler.HttpHandler - 

Request DefaultFullHttpRequest(decodeResult: success, version: HTTP/1.1, content: EmptyByteBufBE)
GET /session/b37e362bce038f9d561a61feb7a17290/screenshot HTTP/1.1
User-Agent: selenium/4.1.2 (java windows)
Cache-Control: no-cache
Content-Type: application/json; charset=utf-8
host: localhost:52319
accept: */*

Response DefaultHttpResponse(decodeResult: success, version: HTTP/1.1)
HTTP/1.1 200 OK
Content-Type: application/json; charset=utf-8
cache-control: no-cache
content-length: 108048

16:34:51.913 [AsyncHttpClient-1-4] DEBUG org.asynchttpclient.netty.channel.ChannelManager - Adding key: http://localhost:52319 for channel [id: 0x11a089b2, L:/127.0.0.1:51046 - R:localhost/127.0.0.1:52319]
16:34:51.923 [main] DEBUG net.serenitybdd.core.photography.Darkroom - Send negative for processing for target\site\serenity\46ff2a18caa2733747437d2aea317aaa5cad4e0ffa696ce19a66789f38104eaa.png
16:34:51.923 [main] DEBUG net.thucydides.core.steps.StepInterceptor - STEP DONE: newDoctorAdded
  &amp#27;[32mThen &amp#27;[0m&amp#27;[32mI get New Doctor has been added result&amp#27;[0m    &amp#27;[90m# starter.stepdefinitions.DoctorSteps.iGetNewDoctorHasBeenAddedResult()&amp#27;[0m
16:34:51.924 [Darkroom Processing Line] DEBUG net.serenitybdd.core.photography.DarkroomProcessingLine - Processing screenshot image in /var/screenshots/screenshot-3321536518348043430
16:34:51.924 [Darkroom Processing Line] DEBUG net.serenitybdd.core.photography.DarkroomProcessingLine - Saving screenshot to target\site\serenity\46ff2a18caa2733747437d2aea317aaa5cad4e0ffa696ce19a66789f38104eaa.png
16:34:51.933 [main] INFO  - 
  _____   ___   ___   _____     ___     _     ___   ___   ___   ___  
 |_   _| | __| / __| |_   _|   | _ \   /_\   / __| / __| | __| |   \ 
   | |   | _|  \__ \   | |     |  _/  / _ \  \__ \ \__ \ | _|  | |) |
   |_|   |___| |___/   |_|     |_|   /_/ \_\ |___/ |___/ |___| |___/ 

Create New Doctor Scenario
----------------------------------------------------------------------
16:34:51.937 [AsyncHttpClient-1-1] DEBUG org.asynchttpclient.netty.channel.DefaultChannelPool - Entry count for : http://localhost:52319 : 1
16:34:51.937 [AsyncHttpClient-1-6] DEBUG org.asynchttpclient.netty.handler.WebSocketHandler - Channel Closed: [id: 0x2cd4a735, L:/127.0.0.1:51053 ! R:localhost/127.0.0.1:51047] with attribute NettyResponseFuture{currentRetry=5,
	isDone=1,
	isCancelled=0,
	asyncHandler=org.asynchttpclient.ws.WebSocketUpgradeHandler@168f78dd,
	nettyRequest=org.asynchttpclient.netty.request.NettyRequest@79137b27,
	future=java.util.concurrent.CompletableFuture@1c21e112[Completed normally],
	uri=ws://localhost:51047/devtools/browser/b60bcf23-6797-44c3-8526-eb8ddeb3a320,
	keepAlive=true,
	redirectCount=0,
	timeoutsHolder=null,
	inAuth=0,
	touch=1655717680533}
16:34:51.937 [AsyncHttpClient-1-1] DEBUG org.asynchttpclient.netty.channel.DefaultChannelPool - Entry count for : http://localhost:51047 : 1
16:34:51.938 [AsyncHttpClient-1-6] DEBUG org.asynchttpclient.netty.channel.ChannelManager - Closing Channel [id: 0x2cd4a735, L:/127.0.0.1:51053 ! R:localhost/127.0.0.1:51047] 
16:34:51.939 [Driver Command Executor] DEBUG org.asynchttpclient.netty.request.NettyRequestSender - Using pooled Channel '[id: 0x11a089b2, L:/127.0.0.1:51046 - R:localhost/127.0.0.1:52319]' for 'DELETE' to 'http://localhost:52319/session/b37e362bce038f9d561a61feb7a17290'
16:34:51.939 [Driver Command Executor] DEBUG org.asynchttpclient.netty.request.NettyRequestSender - Using open Channel [id: 0x11a089b2, L:/127.0.0.1:51046 - R:localhost/127.0.0.1:52319] for DELETE '/session/b37e362bce038f9d561a61feb7a17290'
16:34:52.119 [AsyncHttpClient-1-5] DEBUG org.asynchttpclient.netty.handler.HttpHandler - Unexpected I/O exception on channel [id: 0x1139b260, L:/127.0.0.1:51052 - R:localhost/127.0.0.1:51047]
java.net.SocketException: Connection reset
	at java.base/sun.nio.ch.SocketChannelImpl.throwConnectionReset(SocketChannelImpl.java:367)
	at java.base/sun.nio.ch.SocketChannelImpl.read(SocketChannelImpl.java:398)
	at io.netty.buffer.PooledByteBuf.setBytes(PooledByteBuf.java:258)
	at io.netty.buffer.AbstractByteBuf.writeBytes(AbstractByteBuf.java:1132)
	at io.netty.channel.socket.nio.NioSocketChannel.doReadBytes(NioSocketChannel.java:350)
	at io.netty.channel.nio.AbstractNioByteChannel$NioByteUnsafe.read(AbstractNioByteChannel.java:151)
	at io.netty.channel.nio.NioEventLoop.processSelectedKey(NioEventLoop.java:722)
	at io.netty.channel.nio.NioEventLoop.processSelectedKeysOptimized(NioEventLoop.java:658)
	at io.netty.channel.nio.NioEventLoop.processSelectedKeys(NioEventLoop.java:584)
	at io.netty.channel.nio.NioEventLoop.run(NioEventLoop.java:496)
	at io.netty.util.concurrent.SingleThreadEventExecutor$4.run(SingleThreadEventExecutor.java:986)
	at io.netty.util.internal.ThreadExecutorMap$2.run(ThreadExecutorMap.java:74)
	at io.netty.util.concurrent.FastThreadLocalRunnable.run(FastThreadLocalRunnable.java:30)
	at java.base/java.lang.Thread.run(Thread.java:832)
16:34:52.120 [AsyncHttpClient-1-5] DEBUG org.asynchttpclient.netty.channel.ChannelManager - Closing Channel [id: 0x1139b260, L:/127.0.0.1:51052 - R:localhost/127.0.0.1:51047] 
16:34:52.120 [AsyncHttpClient-1-5] DEBUG org.asynchttpclient.netty.handler.HttpHandler - Channel Closed: [id: 0x1139b260, L:/127.0.0.1:51052 ! R:localhost/127.0.0.1:51047] with attribute DISCARD
16:34:52.146 [AsyncHttpClient-1-4] DEBUG org.asynchttpclient.netty.handler.HttpHandler - 

Request DefaultFullHttpRequest(decodeResult: success, version: HTTP/1.1, content: EmptyByteBufBE)
DELETE /session/b37e362bce038f9d561a61feb7a17290 HTTP/1.1
User-Agent: selenium/4.1.2 (java windows)
Content-Type: application/json; charset=utf-8
host: localhost:52319
accept: */*

Response DefaultHttpResponse(decodeResult: success, version: HTTP/1.1)
HTTP/1.1 200 OK
Content-Type: application/json; charset=utf-8
cache-control: no-cache
content-length: 14

16:34:52.147 [AsyncHttpClient-1-4] DEBUG org.asynchttpclient.netty.channel.ChannelManager - Adding key: http://localhost:52319 for channel [id: 0x11a089b2, L:/127.0.0.1:51046 - R:localhost/127.0.0.1:52319]
16:34:52.306 [AsyncHttpClient-1-4] DEBUG org.asynchttpclient.netty.handler.HttpHandler - Channel Closed: [id: 0x11a089b2, L:/127.0.0.1:51046 ! R:localhost/127.0.0.1:52319] with attribute DISCARD
]]></system-out>
    <system-err><![CDATA[Starting ChromeDriver 102.0.5005.61 (0e59bcc00cc4985ce39ad31c150065f159d95ad3-refs/branch-heads/5005@{#819}) on port 52319
Only local connections are allowed.
Please see https://chromedriver.chromium.org/security-considerations for suggestions on keeping ChromeDriver safe.
ChromeDriver was started successfully.
Jun 20, 2022 4:34:40 PM org.openqa.selenium.remote.ProtocolHandshake createSession
INFO: Detected dialect: W3C
Jun 20, 2022 4:34:40 PM org.openqa.selenium.devtools.CdpVersionFinder findNearestMatch
WARNING: Unable to find an exact match for CDP version 102, so returning the closest version found: a no-op implementation
Jun 20, 2022 4:34:40 PM org.openqa.selenium.devtools.CdpVersionFinder findNearestMatch
INFO: Unable to find CDP implementation matching 102.
Jun 20, 2022 4:34:40 PM org.openqa.selenium.chromium.ChromiumDriver lambda$new$3
WARNING: Unable to find version of CDP to use for . You may need to include a dependency on a specific version of the CDP using something similar to `org.seleniumhq.selenium:selenium-devtools-v86:4.1.2` where the version ("v86") matches the version of the chromium-based browser you're using and the version number of the artifact is the same as Selenium's.
]]></system-err>
  </testcase>
  <testcase name="Cancel Create New Doctor Scenario" classname="Doctor" time="9.043">
    <system-out><![CDATA[
@Doctor @CancelCreateDoctor
Scenario: Cancel Create New Doctor Scenario &amp#27;[90m# src/test/resources/features/3.Doctor.feature:17&amp#27;[0m
16:34:52.854 [main] INFO io.cucumber.core.plugin.SerenityReporter - Running feature from file:///E:/My%20Documents/File%20Difa/TI%20Semester%206%20Kampus%20Merdeka%20Alterra/Tugas/CAPSTONE%20Project/Capstone-Project-Website/src/test/resources/features/3.Doctor.feature
16:34:52.856 [main] INFO  - 
  _____   ___   ___   _____     ___   _____     _     ___   _____   ___   ___  
 |_   _| | __| / __| |_   _|   / __| |_   _|   /_\   | _ \ |_   _| | __| |   \ 
   | |   | _|  \__ \   | |     \__ \   | |    / _ \  |   /   | |   | _|  | |) |
   |_|   |___| |___/   |_|     |___/   |_|   /_/ \_\ |_|_\   |_|   |___| |___/ 

Cancel Create New Doctor Scenario(doctor;cancel-create-new-doctor-scenario)
--------------------------------------------------------------------------------
16:34:52.890 [main] DEBUG net.thucydides.core.steps.StepInterceptor - STARTING STEP: DoctorSteps.iAmAtTheDashboardPage - openUrl
16:34:52.892 [main] INFO net.serenitybdd.core.webdriver.driverproviders.ChromeDriverProvider - Using automatically driver download
16:34:53.044 [AsyncHttpClient-1-1] DEBUG org.asynchttpclient.netty.channel.DefaultChannelPool - Entry count for : http://localhost:52319 : 1
16:34:53.044 [AsyncHttpClient-1-1] DEBUG org.asynchttpclient.netty.channel.DefaultChannelPool - Entry count for : http://localhost:51047 : 1
16:34:53.044 [AsyncHttpClient-1-1] DEBUG org.asynchttpclient.netty.channel.DefaultChannelPool - Adding Candidate expired Channel [id: 0x11a089b2, L:/127.0.0.1:51046 ! R:localhost/127.0.0.1:52319] isIdleTimeoutExpired=false isRemotelyClosed=true isTtlExpired=false
16:34:53.044 [AsyncHttpClient-1-1] DEBUG org.asynchttpclient.netty.channel.DefaultChannelPool - Closing Idle Channel [id: 0x11a089b2, L:/127.0.0.1:51046 ! R:localhost/127.0.0.1:52319]
16:34:53.044 [AsyncHttpClient-1-1] DEBUG org.asynchttpclient.netty.channel.DefaultChannelPool - Adding Candidate expired Channel [id: 0x1139b260, L:/127.0.0.1:51052 ! R:localhost/127.0.0.1:51047] isIdleTimeoutExpired=false isRemotelyClosed=true isTtlExpired=false
16:34:53.044 [AsyncHttpClient-1-1] DEBUG org.asynchttpclient.netty.channel.DefaultChannelPool - Closing Idle Channel [id: 0x1139b260, L:/127.0.0.1:51052 ! R:localhost/127.0.0.1:51047]
16:34:53.044 [AsyncHttpClient-1-1] DEBUG org.asynchttpclient.netty.channel.DefaultChannelPool - Closed 2 connections out of 2 in 0 ms
16:34:53.213 [main] DEBUG io.github.bonigarcia.wdm.cache.ResolutionCache - Resolution chrome=102 in cache (valid until 16:47:55 20/06/2022 ICT)
16:34:53.220 [main] DEBUG io.github.bonigarcia.wdm.cache.ResolutionCache - Resolution chrome102=102.0.5005.61 in cache (valid until 09:12:44 21/06/2022 ICT)
16:34:53.222 [main] INFO io.github.bonigarcia.wdm.WebDriverManager - Using chromedriver 102.0.5005.61 (resolved driver for Chrome 102)
16:34:53.243 [main] DEBUG io.github.bonigarcia.wdm.WebDriverManager - Driver chromedriver 102.0.5005.61 found in cache
16:34:53.244 [main] INFO io.github.bonigarcia.wdm.WebDriverManager - Exporting webdriver.chrome.driver as C:\Users\USER\.cache\selenium\chromedriver\win32\102.0.5005.61\chromedriver.exe
16:34:53.482 [main] DEBUG net.serenitybdd.core.webdriver.driverproviders.ProvideNewDriver - Instantiating driver
16:34:53.482 [main] DEBUG net.serenitybdd.core.webdriver.driverproviders.ProvideNewDriver - Driver capabilities: Capabilities {acceptInsecureCerts: false, base.url: https://hospital-management..., browserName: chrome, chrome.driver: src/test/resources/webdrive..., driver: chrome, goog:chromeOptions: {args: [], extensions: []}}
16:34:54.014 [AsyncHttpClient-1-7] DEBUG org.asynchttpclient.netty.channel.NettyConnectListener - Using new Channel '[id: 0xd98c3224, L:/127.0.0.1:51072 - R:localhost/127.0.0.1:50980]' for 'POST' to '/session'
16:34:54.791 [AsyncHttpClient-1-7] DEBUG org.asynchttpclient.netty.handler.HttpHandler - 

Request DefaultHttpRequest(decodeResult: success, version: HTTP/1.1)
POST /session HTTP/1.1
User-Agent: selenium/4.1.2 (java windows)
Content-Length: 621
Content-Type: application/json; charset=utf-8
host: localhost:50980
accept: */*

Response DefaultHttpResponse(decodeResult: success, version: HTTP/1.1)
HTTP/1.1 200 OK
Content-Type: application/json; charset=utf-8
cache-control: no-cache
content-length: 789

16:34:54.792 [AsyncHttpClient-1-7] DEBUG org.asynchttpclient.netty.channel.ChannelManager - Adding key: http://localhost:50980 for channel [id: 0xd98c3224, L:/127.0.0.1:51072 - R:localhost/127.0.0.1:50980]
16:34:54.801 [AsyncHttpClient-1-8] DEBUG org.asynchttpclient.netty.channel.NettyConnectListener - Using new Channel '[id: 0xd91ec497, L:/127.0.0.1:51078 - R:localhost/127.0.0.1:51073]' for 'GET' to '/json/version'
16:34:54.802 [AsyncHttpClient-1-8] DEBUG org.asynchttpclient.netty.handler.HttpHandler - 

Request DefaultFullHttpRequest(decodeResult: success, version: HTTP/1.1, content: EmptyByteBufBE)
GET /json/version HTTP/1.1
User-Agent: selenium/4.1.2 (java windows)
host: localhost:51073
accept: */*

Response DefaultHttpResponse(decodeResult: success, version: HTTP/1.1)
HTTP/1.1 200 OK
Content-Type: application/json; charset=UTF-8
content-length: 427

16:34:54.802 [AsyncHttpClient-1-8] DEBUG org.asynchttpclient.netty.channel.ChannelManager - Adding key: http://localhost:51073 for channel [id: 0xd91ec497, L:/127.0.0.1:51078 - R:localhost/127.0.0.1:51073]
16:34:54.806 [AsyncHttpClient-1-9] DEBUG org.asynchttpclient.netty.channel.NettyConnectListener - Using new Channel '[id: 0x4c2b28d0, L:/127.0.0.1:51079 - R:localhost/127.0.0.1:51073]' for 'GET' to '/devtools/browser/75f87883-9842-44cc-81d6-59fcd5771de7'
16:34:54.807 [AsyncHttpClient-1-9] DEBUG org.asynchttpclient.netty.handler.WebSocketHandler - 

Request DefaultFullHttpRequest(decodeResult: success, version: HTTP/1.1, content: EmptyByteBufBE)
GET /devtools/browser/75f87883-9842-44cc-81d6-59fcd5771de7 HTTP/1.1
upgrade: websocket
connection: upgrade
sec-websocket-key: 29X6r3G6NJFBtmcxQk0RFA==
sec-websocket-version: 13
origin: http://localhost:51073
host: localhost:51073
accept: */*
user-agent: AHC/2.1

Response DefaultHttpResponse(decodeResult: success, version: HTTP/1.1)
HTTP/1.1 101 WebSocket Protocol Handshake
Upgrade: WebSocket
Connection: Upgrade
Sec-WebSocket-Accept: e/izyLeocqUDJ5SNcqpwRhodhTc=

16:34:54.812 [Forwarding maximizeCurrentWindow on session 3e7eea0511f64d2cd095fa17e064f55b to remote] DEBUG org.asynchttpclient.netty.request.NettyRequestSender - Using pooled Channel '[id: 0xd98c3224, L:/127.0.0.1:51072 - R:localhost/127.0.0.1:50980]' for 'POST' to 'http://localhost:50980/session/3e7eea0511f64d2cd095fa17e064f55b/window/maximize'
16:34:54.812 [Forwarding maximizeCurrentWindow on session 3e7eea0511f64d2cd095fa17e064f55b to remote] DEBUG org.asynchttpclient.netty.request.NettyRequestSender - Using open Channel [id: 0xd98c3224, L:/127.0.0.1:51072 - R:localhost/127.0.0.1:50980] for POST '/session/3e7eea0511f64d2cd095fa17e064f55b/window/maximize'
16:34:54.930 [AsyncHttpClient-1-7] DEBUG org.asynchttpclient.netty.handler.HttpHandler - 

Request DefaultHttpRequest(decodeResult: success, version: HTTP/1.1)
POST /session/3e7eea0511f64d2cd095fa17e064f55b/window/maximize HTTP/1.1
User-Agent: selenium/4.1.2 (java windows)
Content-Length: 3
Content-Type: application/json; charset=utf-8
host: localhost:50980
accept: */*

Response DefaultHttpResponse(decodeResult: success, version: HTTP/1.1)
HTTP/1.1 200 OK
Content-Type: application/json; charset=utf-8
cache-control: no-cache
content-length: 51

16:34:54.930 [AsyncHttpClient-1-7] DEBUG org.asynchttpclient.netty.channel.ChannelManager - Adding key: http://localhost:50980 for channel [id: 0xd98c3224, L:/127.0.0.1:51072 - R:localhost/127.0.0.1:50980]
16:34:54.931 [Forwarding get on session 3e7eea0511f64d2cd095fa17e064f55b to remote] DEBUG org.asynchttpclient.netty.request.NettyRequestSender - Using pooled Channel '[id: 0xd98c3224, L:/127.0.0.1:51072 - R:localhost/127.0.0.1:50980]' for 'POST' to 'http://localhost:50980/session/3e7eea0511f64d2cd095fa17e064f55b/url'
16:34:54.931 [Forwarding get on session 3e7eea0511f64d2cd095fa17e064f55b to remote] DEBUG org.asynchttpclient.netty.request.NettyRequestSender - Using open Channel [id: 0xd98c3224, L:/127.0.0.1:51072 - R:localhost/127.0.0.1:50980] for POST '/session/3e7eea0511f64d2cd095fa17e064f55b/url'
16:34:55.237 [AsyncHttpClient-1-1] DEBUG org.asynchttpclient.netty.channel.DefaultChannelPool - Entry count for : http://localhost:51073 : 1
16:34:56.337 [AsyncHttpClient-1-1] DEBUG org.asynchttpclient.netty.channel.DefaultChannelPool - Entry count for : http://localhost:51073 : 1
16:34:57.439 [AsyncHttpClient-1-1] DEBUG org.asynchttpclient.netty.channel.DefaultChannelPool - Entry count for : http://localhost:51073 : 1
16:34:57.756 [AsyncHttpClient-1-7] DEBUG org.asynchttpclient.netty.handler.HttpHandler - 

Request DefaultHttpRequest(decodeResult: success, version: HTTP/1.1)
POST /session/3e7eea0511f64d2cd095fa17e064f55b/url HTTP/1.1
User-Agent: selenium/4.1.2 (java windows)
Content-Length: 65
Content-Type: application/json; charset=utf-8
host: localhost:50980
accept: */*

Response DefaultHttpResponse(decodeResult: success, version: HTTP/1.1)
HTTP/1.1 200 OK
Content-Type: application/json; charset=utf-8
cache-control: no-cache
content-length: 14

16:34:57.756 [AsyncHttpClient-1-7] DEBUG org.asynchttpclient.netty.channel.ChannelManager - Adding key: http://localhost:50980 for channel [id: 0xd98c3224, L:/127.0.0.1:51072 - R:localhost/127.0.0.1:50980]
16:34:57.758 [Forwarding setTimeout on session 3e7eea0511f64d2cd095fa17e064f55b to remote] DEBUG org.asynchttpclient.netty.request.NettyRequestSender - Using pooled Channel '[id: 0xd98c3224, L:/127.0.0.1:51072 - R:localhost/127.0.0.1:50980]' for 'POST' to 'http://localhost:50980/session/3e7eea0511f64d2cd095fa17e064f55b/timeouts'
16:34:57.758 [Forwarding setTimeout on session 3e7eea0511f64d2cd095fa17e064f55b to remote] DEBUG org.asynchttpclient.netty.request.NettyRequestSender - Using open Channel [id: 0xd98c3224, L:/127.0.0.1:51072 - R:localhost/127.0.0.1:50980] for POST '/session/3e7eea0511f64d2cd095fa17e064f55b/timeouts'
16:34:57.759 [AsyncHttpClient-1-7] DEBUG org.asynchttpclient.netty.handler.HttpHandler - 

Request DefaultHttpRequest(decodeResult: success, version: HTTP/1.1)
POST /session/3e7eea0511f64d2cd095fa17e064f55b/timeouts HTTP/1.1
User-Agent: selenium/4.1.2 (java windows)
Content-Length: 22
Content-Type: application/json; charset=utf-8
host: localhost:50980
accept: */*

Response DefaultHttpResponse(decodeResult: success, version: HTTP/1.1)
HTTP/1.1 200 OK
Content-Type: application/json; charset=utf-8
cache-control: no-cache
content-length: 14

16:34:57.759 [AsyncHttpClient-1-7] DEBUG org.asynchttpclient.netty.channel.ChannelManager - Adding key: http://localhost:50980 for channel [id: 0xd98c3224, L:/127.0.0.1:51072 - R:localhost/127.0.0.1:50980]
16:34:57.769 [Forwarding getCurrentUrl on session 3e7eea0511f64d2cd095fa17e064f55b to remote] DEBUG org.asynchttpclient.netty.request.NettyRequestSender - Using pooled Channel '[id: 0xd98c3224, L:/127.0.0.1:51072 - R:localhost/127.0.0.1:50980]' for 'GET' to 'http://localhost:50980/session/3e7eea0511f64d2cd095fa17e064f55b/url'
16:34:57.769 [Forwarding getCurrentUrl on session 3e7eea0511f64d2cd095fa17e064f55b to remote] DEBUG org.asynchttpclient.netty.request.NettyRequestSender - Using open Channel [id: 0xd98c3224, L:/127.0.0.1:51072 - R:localhost/127.0.0.1:50980] for GET '/session/3e7eea0511f64d2cd095fa17e064f55b/url'
16:34:57.775 [AsyncHttpClient-1-7] DEBUG org.asynchttpclient.netty.handler.HttpHandler - 

Request DefaultFullHttpRequest(decodeResult: success, version: HTTP/1.1, content: EmptyByteBufBE)
GET /session/3e7eea0511f64d2cd095fa17e064f55b/url HTTP/1.1
User-Agent: selenium/4.1.2 (java windows)
Cache-Control: no-cache
Content-Type: application/json; charset=utf-8
host: localhost:50980
accept: */*

Response DefaultHttpResponse(decodeResult: success, version: HTTP/1.1)
HTTP/1.1 200 OK
Content-Type: application/json; charset=utf-8
cache-control: no-cache
content-length: 53

16:34:57.776 [AsyncHttpClient-1-7] DEBUG org.asynchttpclient.netty.channel.ChannelManager - Adding key: http://localhost:50980 for channel [id: 0xd98c3224, L:/127.0.0.1:51072 - R:localhost/127.0.0.1:50980]
16:34:57.780 [Forwarding getCurrentUrl on session 3e7eea0511f64d2cd095fa17e064f55b to remote] DEBUG org.asynchttpclient.netty.request.NettyRequestSender - Using pooled Channel '[id: 0xd98c3224, L:/127.0.0.1:51072 - R:localhost/127.0.0.1:50980]' for 'GET' to 'http://localhost:50980/session/3e7eea0511f64d2cd095fa17e064f55b/url'
16:34:57.780 [Forwarding getCurrentUrl on session 3e7eea0511f64d2cd095fa17e064f55b to remote] DEBUG org.asynchttpclient.netty.request.NettyRequestSender - Using open Channel [id: 0xd98c3224, L:/127.0.0.1:51072 - R:localhost/127.0.0.1:50980] for GET '/session/3e7eea0511f64d2cd095fa17e064f55b/url'
16:34:57.786 [AsyncHttpClient-1-7] DEBUG org.asynchttpclient.netty.handler.HttpHandler - 

Request DefaultFullHttpRequest(decodeResult: success, version: HTTP/1.1, content: EmptyByteBufBE)
GET /session/3e7eea0511f64d2cd095fa17e064f55b/url HTTP/1.1
User-Agent: selenium/4.1.2 (java windows)
Cache-Control: no-cache
Content-Type: application/json; charset=utf-8
host: localhost:50980
accept: */*

Response DefaultHttpResponse(decodeResult: success, version: HTTP/1.1)
HTTP/1.1 200 OK
Content-Type: application/json; charset=utf-8
cache-control: no-cache
content-length: 53

16:34:57.787 [AsyncHttpClient-1-7] DEBUG org.asynchttpclient.netty.channel.ChannelManager - Adding key: http://localhost:50980 for channel [id: 0xd98c3224, L:/127.0.0.1:51072 - R:localhost/127.0.0.1:50980]
16:34:57.797 [Forwarding screenshot on session 3e7eea0511f64d2cd095fa17e064f55b to remote] DEBUG org.asynchttpclient.netty.request.NettyRequestSender - Using pooled Channel '[id: 0xd98c3224, L:/127.0.0.1:51072 - R:localhost/127.0.0.1:50980]' for 'GET' to 'http://localhost:50980/session/3e7eea0511f64d2cd095fa17e064f55b/screenshot'
16:34:57.797 [Forwarding screenshot on session 3e7eea0511f64d2cd095fa17e064f55b to remote] DEBUG org.asynchttpclient.netty.request.NettyRequestSender - Using open Channel [id: 0xd98c3224, L:/127.0.0.1:51072 - R:localhost/127.0.0.1:50980] for GET '/session/3e7eea0511f64d2cd095fa17e064f55b/screenshot'
16:34:58.003 [AsyncHttpClient-1-7] DEBUG org.asynchttpclient.netty.handler.HttpHandler - 

Request DefaultFullHttpRequest(decodeResult: success, version: HTTP/1.1, content: EmptyByteBufBE)
GET /session/3e7eea0511f64d2cd095fa17e064f55b/screenshot HTTP/1.1
User-Agent: selenium/4.1.2 (java windows)
Cache-Control: no-cache
Content-Type: application/json; charset=utf-8
host: localhost:50980
accept: */*

Response DefaultHttpResponse(decodeResult: success, version: HTTP/1.1)
HTTP/1.1 200 OK
Content-Type: application/json; charset=utf-8
cache-control: no-cache
content-length: 111060

16:34:58.004 [AsyncHttpClient-1-7] DEBUG org.asynchttpclient.netty.channel.ChannelManager - Adding key: http://localhost:50980 for channel [id: 0xd98c3224, L:/127.0.0.1:51072 - R:localhost/127.0.0.1:50980]
16:34:58.012 [main] DEBUG net.serenitybdd.core.photography.Darkroom - Send negative for processing for target\site\serenity\228c4755822203dc817ff0c94f98f9d2ce2574e5da9e238e81c6dfd914bbab08.png
16:34:58.012 [main] DEBUG net.thucydides.core.steps.StepInterceptor - STEP DONE: openUrl
16:34:58.024 [main] DEBUG net.thucydides.core.steps.StepInterceptor - STARTING STEP: DoctorSteps.iAmAtTheDashboardPage - validateOnDashboardPage
16:34:58.029 [Forwarding findElement on session 3e7eea0511f64d2cd095fa17e064f55b to remote] DEBUG org.asynchttpclient.netty.request.NettyRequestSender - Using pooled Channel '[id: 0xd98c3224, L:/127.0.0.1:51072 - R:localhost/127.0.0.1:50980]' for 'POST' to 'http://localhost:50980/session/3e7eea0511f64d2cd095fa17e064f55b/element'
16:34:58.029 [Forwarding findElement on session 3e7eea0511f64d2cd095fa17e064f55b to remote] DEBUG org.asynchttpclient.netty.request.NettyRequestSender - Using open Channel [id: 0xd98c3224, L:/127.0.0.1:51072 - R:localhost/127.0.0.1:50980] for POST '/session/3e7eea0511f64d2cd095fa17e064f55b/element'
16:34:58.083 [AsyncHttpClient-1-7] DEBUG org.asynchttpclient.netty.handler.HttpHandler - 

Request DefaultHttpRequest(decodeResult: success, version: HTTP/1.1)
POST /session/3e7eea0511f64d2cd095fa17e064f55b/element HTTP/1.1
User-Agent: selenium/4.1.2 (java windows)
Content-Length: 81
Content-Type: application/json; charset=utf-8
host: localhost:50980
accept: */*

Response DefaultHttpResponse(decodeResult: success, version: HTTP/1.1)
HTTP/1.1 200 OK
Content-Type: application/json; charset=utf-8
cache-control: no-cache
content-length: 88

16:34:58.084 [AsyncHttpClient-1-7] DEBUG org.asynchttpclient.netty.channel.ChannelManager - Adding key: http://localhost:50980 for channel [id: 0xd98c3224, L:/127.0.0.1:51072 - R:localhost/127.0.0.1:50980]
16:34:58.090 [Forwarding isElementDisplayed on session 3e7eea0511f64d2cd095fa17e064f55b to remote] DEBUG org.asynchttpclient.netty.request.NettyRequestSender - Using pooled Channel '[id: 0xd98c3224, L:/127.0.0.1:51072 - R:localhost/127.0.0.1:50980]' for 'POST' to 'http://localhost:50980/session/3e7eea0511f64d2cd095fa17e064f55b/execute/sync'
16:34:58.090 [Forwarding isElementDisplayed on session 3e7eea0511f64d2cd095fa17e064f55b to remote] DEBUG org.asynchttpclient.netty.request.NettyRequestSender - Using open Channel [id: 0xd98c3224, L:/127.0.0.1:51072 - R:localhost/127.0.0.1:50980] for POST '/session/3e7eea0511f64d2cd095fa17e064f55b/execute/sync'
16:34:58.117 [AsyncHttpClient-1-7] DEBUG org.asynchttpclient.netty.handler.HttpHandler - 

Request DefaultHttpRequest(decodeResult: success, version: HTTP/1.1)
POST /session/3e7eea0511f64d2cd095fa17e064f55b/execute/sync HTTP/1.1
User-Agent: selenium/4.1.2 (java windows)
Content-Length: 48780
Content-Type: application/json; charset=utf-8
host: localhost:50980
accept: */*

Response DefaultHttpResponse(decodeResult: success, version: HTTP/1.1)
HTTP/1.1 200 OK
Content-Type: application/json; charset=utf-8
cache-control: no-cache
content-length: 14

16:34:58.117 [AsyncHttpClient-1-7] DEBUG org.asynchttpclient.netty.channel.ChannelManager - Adding key: http://localhost:50980 for channel [id: 0xd98c3224, L:/127.0.0.1:51072 - R:localhost/127.0.0.1:50980]
16:34:58.125 [Forwarding screenshot on session 3e7eea0511f64d2cd095fa17e064f55b to remote] DEBUG org.asynchttpclient.netty.request.NettyRequestSender - Using pooled Channel '[id: 0xd98c3224, L:/127.0.0.1:51072 - R:localhost/127.0.0.1:50980]' for 'GET' to 'http://localhost:50980/session/3e7eea0511f64d2cd095fa17e064f55b/screenshot'
16:34:58.125 [Forwarding screenshot on session 3e7eea0511f64d2cd095fa17e064f55b to remote] DEBUG org.asynchttpclient.netty.request.NettyRequestSender - Using open Channel [id: 0xd98c3224, L:/127.0.0.1:51072 - R:localhost/127.0.0.1:50980] for GET '/session/3e7eea0511f64d2cd095fa17e064f55b/screenshot'
16:34:58.386 [AsyncHttpClient-1-7] DEBUG org.asynchttpclient.netty.handler.HttpHandler - 

Request DefaultFullHttpRequest(decodeResult: success, version: HTTP/1.1, content: EmptyByteBufBE)
GET /session/3e7eea0511f64d2cd095fa17e064f55b/screenshot HTTP/1.1
User-Agent: selenium/4.1.2 (java windows)
Cache-Control: no-cache
Content-Type: application/json; charset=utf-8
host: localhost:50980
accept: */*

Response DefaultHttpResponse(decodeResult: success, version: HTTP/1.1)
HTTP/1.1 200 OK
Content-Type: application/json; charset=utf-8
cache-control: no-cache
content-length: 305892

16:34:58.388 [AsyncHttpClient-1-7] DEBUG org.asynchttpclient.netty.channel.ChannelManager - Adding key: http://localhost:50980 for channel [id: 0xd98c3224, L:/127.0.0.1:51072 - R:localhost/127.0.0.1:50980]
16:34:58.410 [main] DEBUG net.serenitybdd.core.photography.Darkroom - Send negative for processing for target\site\serenity\722717b59ebbd241f60199e302ae36a01e106aa4b3c5c00d8b34a786f0a5fe67.png
16:34:58.410 [main] DEBUG net.thucydides.core.steps.StepInterceptor - STEP DONE: validateOnDashboardPage
  &amp#27;[32mGiven &amp#27;[0m&amp#27;[32mI'am at the dashboard page&amp#27;[0m          &amp#27;[90m# starter.stepdefinitions.DoctorSteps.iAmAtTheDashboardPage()&amp#27;[0m
16:34:58.410 [Darkroom Processing Line] DEBUG net.serenitybdd.core.photography.DarkroomProcessingLine - Processing screenshot image in /var/screenshots/screenshot-5206127762136246197
16:34:58.410 [Darkroom Processing Line] DEBUG net.serenitybdd.core.photography.DarkroomProcessingLine - Saving screenshot to target\site\serenity\722717b59ebbd241f60199e302ae36a01e106aa4b3c5c00d8b34a786f0a5fe67.png
16:34:58.432 [main] DEBUG net.thucydides.core.steps.StepInterceptor - STARTING STEP: DoctorSteps.iClickMenuDoctor - clickMenuDoctorButton
16:34:58.435 [Forwarding findElement on session 3e7eea0511f64d2cd095fa17e064f55b to remote] DEBUG org.asynchttpclient.netty.request.NettyRequestSender - Using pooled Channel '[id: 0xd98c3224, L:/127.0.0.1:51072 - R:localhost/127.0.0.1:50980]' for 'POST' to 'http://localhost:50980/session/3e7eea0511f64d2cd095fa17e064f55b/element'
16:34:58.435 [Forwarding findElement on session 3e7eea0511f64d2cd095fa17e064f55b to remote] DEBUG org.asynchttpclient.netty.request.NettyRequestSender - Using open Channel [id: 0xd98c3224, L:/127.0.0.1:51072 - R:localhost/127.0.0.1:50980] for POST '/session/3e7eea0511f64d2cd095fa17e064f55b/element'
16:34:58.453 [AsyncHttpClient-1-7] DEBUG org.asynchttpclient.netty.handler.HttpHandler - 

Request DefaultHttpRequest(decodeResult: success, version: HTTP/1.1)
POST /session/3e7eea0511f64d2cd095fa17e064f55b/element HTTP/1.1
User-Agent: selenium/4.1.2 (java windows)
Content-Length: 79
Content-Type: application/json; charset=utf-8
host: localhost:50980
accept: */*

Response DefaultHttpResponse(decodeResult: success, version: HTTP/1.1)
HTTP/1.1 200 OK
Content-Type: application/json; charset=utf-8
cache-control: no-cache
content-length: 88

16:34:58.453 [AsyncHttpClient-1-7] DEBUG org.asynchttpclient.netty.channel.ChannelManager - Adding key: http://localhost:50980 for channel [id: 0xd98c3224, L:/127.0.0.1:51072 - R:localhost/127.0.0.1:50980]
16:34:58.454 [Forwarding getElementTagName on session 3e7eea0511f64d2cd095fa17e064f55b to remote] DEBUG org.asynchttpclient.netty.request.NettyRequestSender - Using pooled Channel '[id: 0xd98c3224, L:/127.0.0.1:51072 - R:localhost/127.0.0.1:50980]' for 'GET' to 'http://localhost:50980/session/3e7eea0511f64d2cd095fa17e064f55b/element/159985a5-89a1-44a3-8e0a-cba19233fb23/name'
16:34:58.455 [Forwarding getElementTagName on session 3e7eea0511f64d2cd095fa17e064f55b to remote] DEBUG org.asynchttpclient.netty.request.NettyRequestSender - Using open Channel [id: 0xd98c3224, L:/127.0.0.1:51072 - R:localhost/127.0.0.1:50980] for GET '/session/3e7eea0511f64d2cd095fa17e064f55b/element/159985a5-89a1-44a3-8e0a-cba19233fb23/name'
16:34:58.460 [AsyncHttpClient-1-7] DEBUG org.asynchttpclient.netty.handler.HttpHandler - 

Request DefaultFullHttpRequest(decodeResult: success, version: HTTP/1.1, content: EmptyByteBufBE)
GET /session/3e7eea0511f64d2cd095fa17e064f55b/element/159985a5-89a1-44a3-8e0a-cba19233fb23/name HTTP/1.1
User-Agent: selenium/4.1.2 (java windows)
Cache-Control: no-cache
Content-Type: application/json; charset=utf-8
host: localhost:50980
accept: */*

Response DefaultHttpResponse(decodeResult: success, version: HTTP/1.1)
HTTP/1.1 200 OK
Content-Type: application/json; charset=utf-8
cache-control: no-cache
content-length: 15

16:34:58.461 [AsyncHttpClient-1-7] DEBUG org.asynchttpclient.netty.channel.ChannelManager - Adding key: http://localhost:50980 for channel [id: 0xd98c3224, L:/127.0.0.1:51072 - R:localhost/127.0.0.1:50980]
16:34:58.462 [Forwarding getElementTagName on session 3e7eea0511f64d2cd095fa17e064f55b to remote] DEBUG org.asynchttpclient.netty.request.NettyRequestSender - Using pooled Channel '[id: 0xd98c3224, L:/127.0.0.1:51072 - R:localhost/127.0.0.1:50980]' for 'GET' to 'http://localhost:50980/session/3e7eea0511f64d2cd095fa17e064f55b/element/159985a5-89a1-44a3-8e0a-cba19233fb23/name'
16:34:58.462 [Forwarding getElementTagName on session 3e7eea0511f64d2cd095fa17e064f55b to remote] DEBUG org.asynchttpclient.netty.request.NettyRequestSender - Using open Channel [id: 0xd98c3224, L:/127.0.0.1:51072 - R:localhost/127.0.0.1:50980] for GET '/session/3e7eea0511f64d2cd095fa17e064f55b/element/159985a5-89a1-44a3-8e0a-cba19233fb23/name'
16:34:58.466 [AsyncHttpClient-1-7] DEBUG org.asynchttpclient.netty.handler.HttpHandler - 

Request DefaultFullHttpRequest(decodeResult: success, version: HTTP/1.1, content: EmptyByteBufBE)
GET /session/3e7eea0511f64d2cd095fa17e064f55b/element/159985a5-89a1-44a3-8e0a-cba19233fb23/name HTTP/1.1
User-Agent: selenium/4.1.2 (java windows)
Cache-Control: no-cache
Content-Type: application/json; charset=utf-8
host: localhost:50980
accept: */*

Response DefaultHttpResponse(decodeResult: success, version: HTTP/1.1)
HTTP/1.1 200 OK
Content-Type: application/json; charset=utf-8
cache-control: no-cache
content-length: 15

16:34:58.467 [AsyncHttpClient-1-7] DEBUG org.asynchttpclient.netty.channel.ChannelManager - Adding key: http://localhost:50980 for channel [id: 0xd98c3224, L:/127.0.0.1:51072 - R:localhost/127.0.0.1:50980]
16:34:58.469 [Forwarding findElement on session 3e7eea0511f64d2cd095fa17e064f55b to remote] DEBUG org.asynchttpclient.netty.request.NettyRequestSender - Using pooled Channel '[id: 0xd98c3224, L:/127.0.0.1:51072 - R:localhost/127.0.0.1:50980]' for 'POST' to 'http://localhost:50980/session/3e7eea0511f64d2cd095fa17e064f55b/element'
16:34:58.469 [Forwarding findElement on session 3e7eea0511f64d2cd095fa17e064f55b to remote] DEBUG org.asynchttpclient.netty.request.NettyRequestSender - Using open Channel [id: 0xd98c3224, L:/127.0.0.1:51072 - R:localhost/127.0.0.1:50980] for POST '/session/3e7eea0511f64d2cd095fa17e064f55b/element'
16:34:58.508 [AsyncHttpClient-1-7] DEBUG org.asynchttpclient.netty.handler.HttpHandler - 

Request DefaultHttpRequest(decodeResult: success, version: HTTP/1.1)
POST /session/3e7eea0511f64d2cd095fa17e064f55b/element HTTP/1.1
User-Agent: selenium/4.1.2 (java windows)
Content-Length: 79
Content-Type: application/json; charset=utf-8
host: localhost:50980
accept: */*

Response DefaultHttpResponse(decodeResult: success, version: HTTP/1.1)
HTTP/1.1 200 OK
Content-Type: application/json; charset=utf-8
cache-control: no-cache
content-length: 88

16:34:58.508 [AsyncHttpClient-1-7] DEBUG org.asynchttpclient.netty.channel.ChannelManager - Adding key: http://localhost:50980 for channel [id: 0xd98c3224, L:/127.0.0.1:51072 - R:localhost/127.0.0.1:50980]
16:34:58.509 [Forwarding clickElement on session 3e7eea0511f64d2cd095fa17e064f55b to remote] DEBUG org.asynchttpclient.netty.request.NettyRequestSender - Using pooled Channel '[id: 0xd98c3224, L:/127.0.0.1:51072 - R:localhost/127.0.0.1:50980]' for 'POST' to 'http://localhost:50980/session/3e7eea0511f64d2cd095fa17e064f55b/element/159985a5-89a1-44a3-8e0a-cba19233fb23/click'
16:34:58.509 [Forwarding clickElement on session 3e7eea0511f64d2cd095fa17e064f55b to remote] DEBUG org.asynchttpclient.netty.request.NettyRequestSender - Using open Channel [id: 0xd98c3224, L:/127.0.0.1:51072 - R:localhost/127.0.0.1:50980] for POST '/session/3e7eea0511f64d2cd095fa17e064f55b/element/159985a5-89a1-44a3-8e0a-cba19233fb23/click'
16:34:58.542 [AsyncHttpClient-1-1] DEBUG org.asynchttpclient.netty.channel.DefaultChannelPool - Entry count for : http://localhost:51073 : 1
16:34:58.759 [AsyncHttpClient-1-7] DEBUG org.asynchttpclient.netty.handler.HttpHandler - 

Request DefaultHttpRequest(decodeResult: success, version: HTTP/1.1)
POST /session/3e7eea0511f64d2cd095fa17e064f55b/element/159985a5-89a1-44a3-8e0a-cba19233fb23/click HTTP/1.1
User-Agent: selenium/4.1.2 (java windows)
Content-Length: 50
Content-Type: application/json; charset=utf-8
host: localhost:50980
accept: */*

Response DefaultHttpResponse(decodeResult: success, version: HTTP/1.1)
HTTP/1.1 200 OK
Content-Type: application/json; charset=utf-8
cache-control: no-cache
content-length: 14

16:34:58.759 [AsyncHttpClient-1-7] DEBUG org.asynchttpclient.netty.channel.ChannelManager - Adding key: http://localhost:50980 for channel [id: 0xd98c3224, L:/127.0.0.1:51072 - R:localhost/127.0.0.1:50980]
16:34:58.767 [Forwarding screenshot on session 3e7eea0511f64d2cd095fa17e064f55b to remote] DEBUG org.asynchttpclient.netty.request.NettyRequestSender - Using pooled Channel '[id: 0xd98c3224, L:/127.0.0.1:51072 - R:localhost/127.0.0.1:50980]' for 'GET' to 'http://localhost:50980/session/3e7eea0511f64d2cd095fa17e064f55b/screenshot'
16:34:58.767 [Forwarding screenshot on session 3e7eea0511f64d2cd095fa17e064f55b to remote] DEBUG org.asynchttpclient.netty.request.NettyRequestSender - Using open Channel [id: 0xd98c3224, L:/127.0.0.1:51072 - R:localhost/127.0.0.1:50980] for GET '/session/3e7eea0511f64d2cd095fa17e064f55b/screenshot'
16:34:58.921 [AsyncHttpClient-1-7] DEBUG org.asynchttpclient.netty.handler.HttpHandler - 

Request DefaultFullHttpRequest(decodeResult: success, version: HTTP/1.1, content: EmptyByteBufBE)
GET /session/3e7eea0511f64d2cd095fa17e064f55b/screenshot HTTP/1.1
User-Agent: selenium/4.1.2 (java windows)
Cache-Control: no-cache
Content-Type: application/json; charset=utf-8
host: localhost:50980
accept: */*

Response DefaultHttpResponse(decodeResult: success, version: HTTP/1.1)
HTTP/1.1 200 OK
Content-Type: application/json; charset=utf-8
cache-control: no-cache
content-length: 56192

16:34:58.921 [AsyncHttpClient-1-7] DEBUG org.asynchttpclient.netty.channel.ChannelManager - Adding key: http://localhost:50980 for channel [id: 0xd98c3224, L:/127.0.0.1:51072 - R:localhost/127.0.0.1:50980]
16:34:58.926 [main] DEBUG net.serenitybdd.core.photography.Darkroom - Send negative for processing for target\site\serenity\d631e005c1ab8c2ae9496eb0000819a309562887f5f0fc5c3b73065dfab87bed.png
16:34:58.927 [main] DEBUG net.thucydides.core.steps.StepInterceptor - STEP DONE: clickMenuDoctorButton
  &amp#27;[32mAnd &amp#27;[0m&amp#27;[32mI click menu doctor&amp#27;[0m                   &amp#27;[90m# starter.stepdefinitions.DoctorSteps.iClickMenuDoctor()&amp#27;[0m
16:34:58.927 [Darkroom Processing Line] DEBUG net.serenitybdd.core.photography.DarkroomProcessingLine - Processing screenshot image in /var/screenshots/screenshot-9864261069760296442
16:34:58.927 [Darkroom Processing Line] DEBUG net.serenitybdd.core.photography.DarkroomProcessingLine - Saving screenshot to target\site\serenity\d631e005c1ab8c2ae9496eb0000819a309562887f5f0fc5c3b73065dfab87bed.png
16:34:58.954 [main] DEBUG net.thucydides.core.steps.StepInterceptor - STARTING STEP: DoctorSteps.iClickAddNewDoctor - clickAddNewDoctorButton
16:34:58.960 [Forwarding findElement on session 3e7eea0511f64d2cd095fa17e064f55b to remote] DEBUG org.asynchttpclient.netty.request.NettyRequestSender - Using pooled Channel '[id: 0xd98c3224, L:/127.0.0.1:51072 - R:localhost/127.0.0.1:50980]' for 'POST' to 'http://localhost:50980/session/3e7eea0511f64d2cd095fa17e064f55b/element'
16:34:58.960 [Forwarding findElement on session 3e7eea0511f64d2cd095fa17e064f55b to remote] DEBUG org.asynchttpclient.netty.request.NettyRequestSender - Using open Channel [id: 0xd98c3224, L:/127.0.0.1:51072 - R:localhost/127.0.0.1:50980] for POST '/session/3e7eea0511f64d2cd095fa17e064f55b/element'
16:34:58.982 [AsyncHttpClient-1-7] DEBUG org.asynchttpclient.netty.handler.HttpHandler - 

Request DefaultHttpRequest(decodeResult: success, version: HTTP/1.1)
POST /session/3e7eea0511f64d2cd095fa17e064f55b/element HTTP/1.1
User-Agent: selenium/4.1.2 (java windows)
Content-Length: 149
Content-Type: application/json; charset=utf-8
host: localhost:50980
accept: */*

Response DefaultHttpResponse(decodeResult: success, version: HTTP/1.1)
HTTP/1.1 200 OK
Content-Type: application/json; charset=utf-8
cache-control: no-cache
content-length: 88

16:34:58.982 [AsyncHttpClient-1-7] DEBUG org.asynchttpclient.netty.channel.ChannelManager - Adding key: http://localhost:50980 for channel [id: 0xd98c3224, L:/127.0.0.1:51072 - R:localhost/127.0.0.1:50980]
16:34:58.984 [Forwarding getElementTagName on session 3e7eea0511f64d2cd095fa17e064f55b to remote] DEBUG org.asynchttpclient.netty.request.NettyRequestSender - Using pooled Channel '[id: 0xd98c3224, L:/127.0.0.1:51072 - R:localhost/127.0.0.1:50980]' for 'GET' to 'http://localhost:50980/session/3e7eea0511f64d2cd095fa17e064f55b/element/2085d2d1-c8b5-4c43-b46d-92993caee719/name'
16:34:58.984 [Forwarding getElementTagName on session 3e7eea0511f64d2cd095fa17e064f55b to remote] DEBUG org.asynchttpclient.netty.request.NettyRequestSender - Using open Channel [id: 0xd98c3224, L:/127.0.0.1:51072 - R:localhost/127.0.0.1:50980] for GET '/session/3e7eea0511f64d2cd095fa17e064f55b/element/2085d2d1-c8b5-4c43-b46d-92993caee719/name'
16:34:58.995 [AsyncHttpClient-1-7] DEBUG org.asynchttpclient.netty.handler.HttpHandler - 

Request DefaultFullHttpRequest(decodeResult: success, version: HTTP/1.1, content: EmptyByteBufBE)
GET /session/3e7eea0511f64d2cd095fa17e064f55b/element/2085d2d1-c8b5-4c43-b46d-92993caee719/name HTTP/1.1
User-Agent: selenium/4.1.2 (java windows)
Cache-Control: no-cache
Content-Type: application/json; charset=utf-8
host: localhost:50980
accept: */*

Response DefaultHttpResponse(decodeResult: success, version: HTTP/1.1)
HTTP/1.1 200 OK
Content-Type: application/json; charset=utf-8
cache-control: no-cache
content-length: 18

16:34:58.995 [AsyncHttpClient-1-7] DEBUG org.asynchttpclient.netty.channel.ChannelManager - Adding key: http://localhost:50980 for channel [id: 0xd98c3224, L:/127.0.0.1:51072 - R:localhost/127.0.0.1:50980]
16:34:58.997 [Forwarding getElementTagName on session 3e7eea0511f64d2cd095fa17e064f55b to remote] DEBUG org.asynchttpclient.netty.request.NettyRequestSender - Using pooled Channel '[id: 0xd98c3224, L:/127.0.0.1:51072 - R:localhost/127.0.0.1:50980]' for 'GET' to 'http://localhost:50980/session/3e7eea0511f64d2cd095fa17e064f55b/element/2085d2d1-c8b5-4c43-b46d-92993caee719/name'
16:34:58.997 [Forwarding getElementTagName on session 3e7eea0511f64d2cd095fa17e064f55b to remote] DEBUG org.asynchttpclient.netty.request.NettyRequestSender - Using open Channel [id: 0xd98c3224, L:/127.0.0.1:51072 - R:localhost/127.0.0.1:50980] for GET '/session/3e7eea0511f64d2cd095fa17e064f55b/element/2085d2d1-c8b5-4c43-b46d-92993caee719/name'
16:34:59.003 [AsyncHttpClient-1-7] DEBUG org.asynchttpclient.netty.handler.HttpHandler - 

Request DefaultFullHttpRequest(decodeResult: success, version: HTTP/1.1, content: EmptyByteBufBE)
GET /session/3e7eea0511f64d2cd095fa17e064f55b/element/2085d2d1-c8b5-4c43-b46d-92993caee719/name HTTP/1.1
User-Agent: selenium/4.1.2 (java windows)
Cache-Control: no-cache
Content-Type: application/json; charset=utf-8
host: localhost:50980
accept: */*

Response DefaultHttpResponse(decodeResult: success, version: HTTP/1.1)
HTTP/1.1 200 OK
Content-Type: application/json; charset=utf-8
cache-control: no-cache
content-length: 18

16:34:59.003 [AsyncHttpClient-1-7] DEBUG org.asynchttpclient.netty.channel.ChannelManager - Adding key: http://localhost:50980 for channel [id: 0xd98c3224, L:/127.0.0.1:51072 - R:localhost/127.0.0.1:50980]
16:34:59.005 [Forwarding isElementEnabled on session 3e7eea0511f64d2cd095fa17e064f55b to remote] DEBUG org.asynchttpclient.netty.request.NettyRequestSender - Using pooled Channel '[id: 0xd98c3224, L:/127.0.0.1:51072 - R:localhost/127.0.0.1:50980]' for 'GET' to 'http://localhost:50980/session/3e7eea0511f64d2cd095fa17e064f55b/element/2085d2d1-c8b5-4c43-b46d-92993caee719/enabled'
16:34:59.005 [Forwarding isElementEnabled on session 3e7eea0511f64d2cd095fa17e064f55b to remote] DEBUG org.asynchttpclient.netty.request.NettyRequestSender - Using open Channel [id: 0xd98c3224, L:/127.0.0.1:51072 - R:localhost/127.0.0.1:50980] for GET '/session/3e7eea0511f64d2cd095fa17e064f55b/element/2085d2d1-c8b5-4c43-b46d-92993caee719/enabled'
16:34:59.021 [AsyncHttpClient-1-7] DEBUG org.asynchttpclient.netty.handler.HttpHandler - 

Request DefaultFullHttpRequest(decodeResult: success, version: HTTP/1.1, content: EmptyByteBufBE)
GET /session/3e7eea0511f64d2cd095fa17e064f55b/element/2085d2d1-c8b5-4c43-b46d-92993caee719/enabled HTTP/1.1
User-Agent: selenium/4.1.2 (java windows)
Cache-Control: no-cache
Content-Type: application/json; charset=utf-8
host: localhost:50980
accept: */*

Response DefaultHttpResponse(decodeResult: success, version: HTTP/1.1)
HTTP/1.1 200 OK
Content-Type: application/json; charset=utf-8
cache-control: no-cache
content-length: 14

16:34:59.022 [AsyncHttpClient-1-7] DEBUG org.asynchttpclient.netty.channel.ChannelManager - Adding key: http://localhost:50980 for channel [id: 0xd98c3224, L:/127.0.0.1:51072 - R:localhost/127.0.0.1:50980]
16:34:59.024 [Forwarding isElementEnabled on session 3e7eea0511f64d2cd095fa17e064f55b to remote] DEBUG org.asynchttpclient.netty.request.NettyRequestSender - Using pooled Channel '[id: 0xd98c3224, L:/127.0.0.1:51072 - R:localhost/127.0.0.1:50980]' for 'GET' to 'http://localhost:50980/session/3e7eea0511f64d2cd095fa17e064f55b/element/2085d2d1-c8b5-4c43-b46d-92993caee719/enabled'
16:34:59.024 [Forwarding isElementEnabled on session 3e7eea0511f64d2cd095fa17e064f55b to remote] DEBUG org.asynchttpclient.netty.request.NettyRequestSender - Using open Channel [id: 0xd98c3224, L:/127.0.0.1:51072 - R:localhost/127.0.0.1:50980] for GET '/session/3e7eea0511f64d2cd095fa17e064f55b/element/2085d2d1-c8b5-4c43-b46d-92993caee719/enabled'
16:34:59.035 [AsyncHttpClient-1-7] DEBUG org.asynchttpclient.netty.handler.HttpHandler - 

Request DefaultFullHttpRequest(decodeResult: success, version: HTTP/1.1, content: EmptyByteBufBE)
GET /session/3e7eea0511f64d2cd095fa17e064f55b/element/2085d2d1-c8b5-4c43-b46d-92993caee719/enabled HTTP/1.1
User-Agent: selenium/4.1.2 (java windows)
Cache-Control: no-cache
Content-Type: application/json; charset=utf-8
host: localhost:50980
accept: */*

Response DefaultHttpResponse(decodeResult: success, version: HTTP/1.1)
HTTP/1.1 200 OK
Content-Type: application/json; charset=utf-8
cache-control: no-cache
content-length: 14

16:34:59.035 [AsyncHttpClient-1-7] DEBUG org.asynchttpclient.netty.channel.ChannelManager - Adding key: http://localhost:50980 for channel [id: 0xd98c3224, L:/127.0.0.1:51072 - R:localhost/127.0.0.1:50980]
16:34:59.041 [Forwarding findElement on session 3e7eea0511f64d2cd095fa17e064f55b to remote] DEBUG org.asynchttpclient.netty.request.NettyRequestSender - Using pooled Channel '[id: 0xd98c3224, L:/127.0.0.1:51072 - R:localhost/127.0.0.1:50980]' for 'POST' to 'http://localhost:50980/session/3e7eea0511f64d2cd095fa17e064f55b/element'
16:34:59.041 [Forwarding findElement on session 3e7eea0511f64d2cd095fa17e064f55b to remote] DEBUG org.asynchttpclient.netty.request.NettyRequestSender - Using open Channel [id: 0xd98c3224, L:/127.0.0.1:51072 - R:localhost/127.0.0.1:50980] for POST '/session/3e7eea0511f64d2cd095fa17e064f55b/element'
16:34:59.058 [AsyncHttpClient-1-7] DEBUG org.asynchttpclient.netty.handler.HttpHandler - 

Request DefaultHttpRequest(decodeResult: success, version: HTTP/1.1)
POST /session/3e7eea0511f64d2cd095fa17e064f55b/element HTTP/1.1
User-Agent: selenium/4.1.2 (java windows)
Content-Length: 149
Content-Type: application/json; charset=utf-8
host: localhost:50980
accept: */*

Response DefaultHttpResponse(decodeResult: success, version: HTTP/1.1)
HTTP/1.1 200 OK
Content-Type: application/json; charset=utf-8
cache-control: no-cache
content-length: 88

16:34:59.058 [AsyncHttpClient-1-7] DEBUG org.asynchttpclient.netty.channel.ChannelManager - Adding key: http://localhost:50980 for channel [id: 0xd98c3224, L:/127.0.0.1:51072 - R:localhost/127.0.0.1:50980]
16:34:59.060 [Forwarding clickElement on session 3e7eea0511f64d2cd095fa17e064f55b to remote] DEBUG org.asynchttpclient.netty.request.NettyRequestSender - Using pooled Channel '[id: 0xd98c3224, L:/127.0.0.1:51072 - R:localhost/127.0.0.1:50980]' for 'POST' to 'http://localhost:50980/session/3e7eea0511f64d2cd095fa17e064f55b/element/2085d2d1-c8b5-4c43-b46d-92993caee719/click'
16:34:59.060 [Forwarding clickElement on session 3e7eea0511f64d2cd095fa17e064f55b to remote] DEBUG org.asynchttpclient.netty.request.NettyRequestSender - Using open Channel [id: 0xd98c3224, L:/127.0.0.1:51072 - R:localhost/127.0.0.1:50980] for POST '/session/3e7eea0511f64d2cd095fa17e064f55b/element/2085d2d1-c8b5-4c43-b46d-92993caee719/click'
16:34:59.294 [AsyncHttpClient-1-7] DEBUG org.asynchttpclient.netty.handler.HttpHandler - 

Request DefaultHttpRequest(decodeResult: success, version: HTTP/1.1)
POST /session/3e7eea0511f64d2cd095fa17e064f55b/element/2085d2d1-c8b5-4c43-b46d-92993caee719/click HTTP/1.1
User-Agent: selenium/4.1.2 (java windows)
Content-Length: 50
Content-Type: application/json; charset=utf-8
host: localhost:50980
accept: */*

Response DefaultHttpResponse(decodeResult: success, version: HTTP/1.1)
HTTP/1.1 200 OK
Content-Type: application/json; charset=utf-8
cache-control: no-cache
content-length: 14

16:34:59.294 [AsyncHttpClient-1-7] DEBUG org.asynchttpclient.netty.channel.ChannelManager - Adding key: http://localhost:50980 for channel [id: 0xd98c3224, L:/127.0.0.1:51072 - R:localhost/127.0.0.1:50980]
16:34:59.305 [Forwarding screenshot on session 3e7eea0511f64d2cd095fa17e064f55b to remote] DEBUG org.asynchttpclient.netty.request.NettyRequestSender - Using pooled Channel '[id: 0xd98c3224, L:/127.0.0.1:51072 - R:localhost/127.0.0.1:50980]' for 'GET' to 'http://localhost:50980/session/3e7eea0511f64d2cd095fa17e064f55b/screenshot'
16:34:59.305 [Forwarding screenshot on session 3e7eea0511f64d2cd095fa17e064f55b to remote] DEBUG org.asynchttpclient.netty.request.NettyRequestSender - Using open Channel [id: 0xd98c3224, L:/127.0.0.1:51072 - R:localhost/127.0.0.1:50980] for GET '/session/3e7eea0511f64d2cd095fa17e064f55b/screenshot'
16:34:59.755 [AsyncHttpClient-1-1] DEBUG org.asynchttpclient.netty.channel.DefaultChannelPool - Entry count for : http://localhost:51073 : 1
16:34:59.776 [AsyncHttpClient-1-7] DEBUG org.asynchttpclient.netty.handler.HttpHandler - 

Request DefaultFullHttpRequest(decodeResult: success, version: HTTP/1.1, content: EmptyByteBufBE)
GET /session/3e7eea0511f64d2cd095fa17e064f55b/screenshot HTTP/1.1
User-Agent: selenium/4.1.2 (java windows)
Cache-Control: no-cache
Content-Type: application/json; charset=utf-8
host: localhost:50980
accept: */*

Response DefaultHttpResponse(decodeResult: success, version: HTTP/1.1)
HTTP/1.1 200 OK
Content-Type: application/json; charset=utf-8
cache-control: no-cache
content-length: 78408

16:34:59.776 [AsyncHttpClient-1-7] DEBUG org.asynchttpclient.netty.channel.ChannelManager - Adding key: http://localhost:50980 for channel [id: 0xd98c3224, L:/127.0.0.1:51072 - R:localhost/127.0.0.1:50980]
16:34:59.780 [main] DEBUG net.serenitybdd.core.photography.Darkroom - Send negative for processing for target\site\serenity\33d16a968380f1bb1cd4b746bdc16dc7e19292237cd7bbac486bc6c9e635a802.png
16:34:59.780 [main] DEBUG net.thucydides.core.steps.StepInterceptor - STEP DONE: clickAddNewDoctorButton
  &amp#27;[32mWhen &amp#27;[0m&amp#27;[32mI click Add New Doctor&amp#27;[0m               &amp#27;[90m# starter.stepdefinitions.DoctorSteps.iClickAddNewDoctor()&amp#27;[0m
16:34:59.780 [Darkroom Processing Line] DEBUG net.serenitybdd.core.photography.DarkroomProcessingLine - Processing screenshot image in /var/screenshots/screenshot-16459413290660230483
16:34:59.780 [Darkroom Processing Line] DEBUG net.serenitybdd.core.photography.DarkroomProcessingLine - Saving screenshot to target\site\serenity\33d16a968380f1bb1cd4b746bdc16dc7e19292237cd7bbac486bc6c9e635a802.png
16:34:59.805 [main] DEBUG net.thucydides.core.steps.StepInterceptor - STARTING STEP: DoctorSteps.iClickNewDoctorFormXButton - clickNewDoctorXButton
16:34:59.809 [Forwarding findElement on session 3e7eea0511f64d2cd095fa17e064f55b to remote] DEBUG org.asynchttpclient.netty.request.NettyRequestSender - Using pooled Channel '[id: 0xd98c3224, L:/127.0.0.1:51072 - R:localhost/127.0.0.1:50980]' for 'POST' to 'http://localhost:50980/session/3e7eea0511f64d2cd095fa17e064f55b/element'
16:34:59.809 [Forwarding findElement on session 3e7eea0511f64d2cd095fa17e064f55b to remote] DEBUG org.asynchttpclient.netty.request.NettyRequestSender - Using open Channel [id: 0xd98c3224, L:/127.0.0.1:51072 - R:localhost/127.0.0.1:50980] for POST '/session/3e7eea0511f64d2cd095fa17e064f55b/element'
16:34:59.828 [AsyncHttpClient-1-7] DEBUG org.asynchttpclient.netty.handler.HttpHandler - 

Request DefaultHttpRequest(decodeResult: success, version: HTTP/1.1)
POST /session/3e7eea0511f64d2cd095fa17e064f55b/element HTTP/1.1
User-Agent: selenium/4.1.2 (java windows)
Content-Length: 104
Content-Type: application/json; charset=utf-8
host: localhost:50980
accept: */*

Response DefaultHttpResponse(decodeResult: success, version: HTTP/1.1)
HTTP/1.1 200 OK
Content-Type: application/json; charset=utf-8
cache-control: no-cache
content-length: 88

16:34:59.828 [AsyncHttpClient-1-7] DEBUG org.asynchttpclient.netty.channel.ChannelManager - Adding key: http://localhost:50980 for channel [id: 0xd98c3224, L:/127.0.0.1:51072 - R:localhost/127.0.0.1:50980]
16:34:59.829 [Forwarding getElementTagName on session 3e7eea0511f64d2cd095fa17e064f55b to remote] DEBUG org.asynchttpclient.netty.request.NettyRequestSender - Using pooled Channel '[id: 0xd98c3224, L:/127.0.0.1:51072 - R:localhost/127.0.0.1:50980]' for 'GET' to 'http://localhost:50980/session/3e7eea0511f64d2cd095fa17e064f55b/element/ad0e89e1-b20c-4791-bb4d-f09d84c9dd37/name'
16:34:59.829 [Forwarding getElementTagName on session 3e7eea0511f64d2cd095fa17e064f55b to remote] DEBUG org.asynchttpclient.netty.request.NettyRequestSender - Using open Channel [id: 0xd98c3224, L:/127.0.0.1:51072 - R:localhost/127.0.0.1:50980] for GET '/session/3e7eea0511f64d2cd095fa17e064f55b/element/ad0e89e1-b20c-4791-bb4d-f09d84c9dd37/name'
16:34:59.838 [AsyncHttpClient-1-7] DEBUG org.asynchttpclient.netty.handler.HttpHandler - 

Request DefaultFullHttpRequest(decodeResult: success, version: HTTP/1.1, content: EmptyByteBufBE)
GET /session/3e7eea0511f64d2cd095fa17e064f55b/element/ad0e89e1-b20c-4791-bb4d-f09d84c9dd37/name HTTP/1.1
User-Agent: selenium/4.1.2 (java windows)
Cache-Control: no-cache
Content-Type: application/json; charset=utf-8
host: localhost:50980
accept: */*

Response DefaultHttpResponse(decodeResult: success, version: HTTP/1.1)
HTTP/1.1 200 OK
Content-Type: application/json; charset=utf-8
cache-control: no-cache
content-length: 18

16:34:59.838 [AsyncHttpClient-1-7] DEBUG org.asynchttpclient.netty.channel.ChannelManager - Adding key: http://localhost:50980 for channel [id: 0xd98c3224, L:/127.0.0.1:51072 - R:localhost/127.0.0.1:50980]
16:34:59.840 [Forwarding getElementTagName on session 3e7eea0511f64d2cd095fa17e064f55b to remote] DEBUG org.asynchttpclient.netty.request.NettyRequestSender - Using pooled Channel '[id: 0xd98c3224, L:/127.0.0.1:51072 - R:localhost/127.0.0.1:50980]' for 'GET' to 'http://localhost:50980/session/3e7eea0511f64d2cd095fa17e064f55b/element/ad0e89e1-b20c-4791-bb4d-f09d84c9dd37/name'
16:34:59.840 [Forwarding getElementTagName on session 3e7eea0511f64d2cd095fa17e064f55b to remote] DEBUG org.asynchttpclient.netty.request.NettyRequestSender - Using open Channel [id: 0xd98c3224, L:/127.0.0.1:51072 - R:localhost/127.0.0.1:50980] for GET '/session/3e7eea0511f64d2cd095fa17e064f55b/element/ad0e89e1-b20c-4791-bb4d-f09d84c9dd37/name'
16:34:59.845 [AsyncHttpClient-1-7] DEBUG org.asynchttpclient.netty.handler.HttpHandler - 

Request DefaultFullHttpRequest(decodeResult: success, version: HTTP/1.1, content: EmptyByteBufBE)
GET /session/3e7eea0511f64d2cd095fa17e064f55b/element/ad0e89e1-b20c-4791-bb4d-f09d84c9dd37/name HTTP/1.1
User-Agent: selenium/4.1.2 (java windows)
Cache-Control: no-cache
Content-Type: application/json; charset=utf-8
host: localhost:50980
accept: */*

Response DefaultHttpResponse(decodeResult: success, version: HTTP/1.1)
HTTP/1.1 200 OK
Content-Type: application/json; charset=utf-8
cache-control: no-cache
content-length: 18

16:34:59.845 [AsyncHttpClient-1-7] DEBUG org.asynchttpclient.netty.channel.ChannelManager - Adding key: http://localhost:50980 for channel [id: 0xd98c3224, L:/127.0.0.1:51072 - R:localhost/127.0.0.1:50980]
16:34:59.849 [Forwarding isElementEnabled on session 3e7eea0511f64d2cd095fa17e064f55b to remote] DEBUG org.asynchttpclient.netty.request.NettyRequestSender - Using pooled Channel '[id: 0xd98c3224, L:/127.0.0.1:51072 - R:localhost/127.0.0.1:50980]' for 'GET' to 'http://localhost:50980/session/3e7eea0511f64d2cd095fa17e064f55b/element/ad0e89e1-b20c-4791-bb4d-f09d84c9dd37/enabled'
16:34:59.849 [Forwarding isElementEnabled on session 3e7eea0511f64d2cd095fa17e064f55b to remote] DEBUG org.asynchttpclient.netty.request.NettyRequestSender - Using open Channel [id: 0xd98c3224, L:/127.0.0.1:51072 - R:localhost/127.0.0.1:50980] for GET '/session/3e7eea0511f64d2cd095fa17e064f55b/element/ad0e89e1-b20c-4791-bb4d-f09d84c9dd37/enabled'
16:34:59.865 [AsyncHttpClient-1-7] DEBUG org.asynchttpclient.netty.handler.HttpHandler - 

Request DefaultFullHttpRequest(decodeResult: success, version: HTTP/1.1, content: EmptyByteBufBE)
GET /session/3e7eea0511f64d2cd095fa17e064f55b/element/ad0e89e1-b20c-4791-bb4d-f09d84c9dd37/enabled HTTP/1.1
User-Agent: selenium/4.1.2 (java windows)
Cache-Control: no-cache
Content-Type: application/json; charset=utf-8
host: localhost:50980
accept: */*

Response DefaultHttpResponse(decodeResult: success, version: HTTP/1.1)
HTTP/1.1 200 OK
Content-Type: application/json; charset=utf-8
cache-control: no-cache
content-length: 14

16:34:59.865 [AsyncHttpClient-1-7] DEBUG org.asynchttpclient.netty.channel.ChannelManager - Adding key: http://localhost:50980 for channel [id: 0xd98c3224, L:/127.0.0.1:51072 - R:localhost/127.0.0.1:50980]
16:34:59.866 [Forwarding isElementEnabled on session 3e7eea0511f64d2cd095fa17e064f55b to remote] DEBUG org.asynchttpclient.netty.request.NettyRequestSender - Using pooled Channel '[id: 0xd98c3224, L:/127.0.0.1:51072 - R:localhost/127.0.0.1:50980]' for 'GET' to 'http://localhost:50980/session/3e7eea0511f64d2cd095fa17e064f55b/element/ad0e89e1-b20c-4791-bb4d-f09d84c9dd37/enabled'
16:34:59.867 [Forwarding isElementEnabled on session 3e7eea0511f64d2cd095fa17e064f55b to remote] DEBUG org.asynchttpclient.netty.request.NettyRequestSender - Using open Channel [id: 0xd98c3224, L:/127.0.0.1:51072 - R:localhost/127.0.0.1:50980] for GET '/session/3e7eea0511f64d2cd095fa17e064f55b/element/ad0e89e1-b20c-4791-bb4d-f09d84c9dd37/enabled'
16:34:59.873 [AsyncHttpClient-1-7] DEBUG org.asynchttpclient.netty.handler.HttpHandler - 

Request DefaultFullHttpRequest(decodeResult: success, version: HTTP/1.1, content: EmptyByteBufBE)
GET /session/3e7eea0511f64d2cd095fa17e064f55b/element/ad0e89e1-b20c-4791-bb4d-f09d84c9dd37/enabled HTTP/1.1
User-Agent: selenium/4.1.2 (java windows)
Cache-Control: no-cache
Content-Type: application/json; charset=utf-8
host: localhost:50980
accept: */*

Response DefaultHttpResponse(decodeResult: success, version: HTTP/1.1)
HTTP/1.1 200 OK
Content-Type: application/json; charset=utf-8
cache-control: no-cache
content-length: 14

16:34:59.873 [AsyncHttpClient-1-7] DEBUG org.asynchttpclient.netty.channel.ChannelManager - Adding key: http://localhost:50980 for channel [id: 0xd98c3224, L:/127.0.0.1:51072 - R:localhost/127.0.0.1:50980]
16:34:59.875 [Forwarding findElement on session 3e7eea0511f64d2cd095fa17e064f55b to remote] DEBUG org.asynchttpclient.netty.request.NettyRequestSender - Using pooled Channel '[id: 0xd98c3224, L:/127.0.0.1:51072 - R:localhost/127.0.0.1:50980]' for 'POST' to 'http://localhost:50980/session/3e7eea0511f64d2cd095fa17e064f55b/element'
16:34:59.875 [Forwarding findElement on session 3e7eea0511f64d2cd095fa17e064f55b to remote] DEBUG org.asynchttpclient.netty.request.NettyRequestSender - Using open Channel [id: 0xd98c3224, L:/127.0.0.1:51072 - R:localhost/127.0.0.1:50980] for POST '/session/3e7eea0511f64d2cd095fa17e064f55b/element'
16:34:59.885 [AsyncHttpClient-1-7] DEBUG org.asynchttpclient.netty.handler.HttpHandler - 

Request DefaultHttpRequest(decodeResult: success, version: HTTP/1.1)
POST /session/3e7eea0511f64d2cd095fa17e064f55b/element HTTP/1.1
User-Agent: selenium/4.1.2 (java windows)
Content-Length: 104
Content-Type: application/json; charset=utf-8
host: localhost:50980
accept: */*

Response DefaultHttpResponse(decodeResult: success, version: HTTP/1.1)
HTTP/1.1 200 OK
Content-Type: application/json; charset=utf-8
cache-control: no-cache
content-length: 88

16:34:59.885 [AsyncHttpClient-1-7] DEBUG org.asynchttpclient.netty.channel.ChannelManager - Adding key: http://localhost:50980 for channel [id: 0xd98c3224, L:/127.0.0.1:51072 - R:localhost/127.0.0.1:50980]
16:34:59.886 [Forwarding clickElement on session 3e7eea0511f64d2cd095fa17e064f55b to remote] DEBUG org.asynchttpclient.netty.request.NettyRequestSender - Using pooled Channel '[id: 0xd98c3224, L:/127.0.0.1:51072 - R:localhost/127.0.0.1:50980]' for 'POST' to 'http://localhost:50980/session/3e7eea0511f64d2cd095fa17e064f55b/element/ad0e89e1-b20c-4791-bb4d-f09d84c9dd37/click'
16:34:59.886 [Forwarding clickElement on session 3e7eea0511f64d2cd095fa17e064f55b to remote] DEBUG org.asynchttpclient.netty.request.NettyRequestSender - Using open Channel [id: 0xd98c3224, L:/127.0.0.1:51072 - R:localhost/127.0.0.1:50980] for POST '/session/3e7eea0511f64d2cd095fa17e064f55b/element/ad0e89e1-b20c-4791-bb4d-f09d84c9dd37/click'
16:35:00.070 [AsyncHttpClient-1-7] DEBUG org.asynchttpclient.netty.handler.HttpHandler - 

Request DefaultHttpRequest(decodeResult: success, version: HTTP/1.1)
POST /session/3e7eea0511f64d2cd095fa17e064f55b/element/ad0e89e1-b20c-4791-bb4d-f09d84c9dd37/click HTTP/1.1
User-Agent: selenium/4.1.2 (java windows)
Content-Length: 50
Content-Type: application/json; charset=utf-8
host: localhost:50980
accept: */*

Response DefaultHttpResponse(decodeResult: success, version: HTTP/1.1)
HTTP/1.1 200 OK
Content-Type: application/json; charset=utf-8
cache-control: no-cache
content-length: 14

16:35:00.070 [AsyncHttpClient-1-7] DEBUG org.asynchttpclient.netty.channel.ChannelManager - Adding key: http://localhost:50980 for channel [id: 0xd98c3224, L:/127.0.0.1:51072 - R:localhost/127.0.0.1:50980]
16:35:00.083 [Forwarding screenshot on session 3e7eea0511f64d2cd095fa17e064f55b to remote] DEBUG org.asynchttpclient.netty.request.NettyRequestSender - Using pooled Channel '[id: 0xd98c3224, L:/127.0.0.1:51072 - R:localhost/127.0.0.1:50980]' for 'GET' to 'http://localhost:50980/session/3e7eea0511f64d2cd095fa17e064f55b/screenshot'
16:35:00.083 [Forwarding screenshot on session 3e7eea0511f64d2cd095fa17e064f55b to remote] DEBUG org.asynchttpclient.netty.request.NettyRequestSender - Using open Channel [id: 0xd98c3224, L:/127.0.0.1:51072 - R:localhost/127.0.0.1:50980] for GET '/session/3e7eea0511f64d2cd095fa17e064f55b/screenshot'
16:35:00.288 [AsyncHttpClient-1-7] DEBUG org.asynchttpclient.netty.handler.HttpHandler - 

Request DefaultFullHttpRequest(decodeResult: success, version: HTTP/1.1, content: EmptyByteBufBE)
GET /session/3e7eea0511f64d2cd095fa17e064f55b/screenshot HTTP/1.1
User-Agent: selenium/4.1.2 (java windows)
Cache-Control: no-cache
Content-Type: application/json; charset=utf-8
host: localhost:50980
accept: */*

Response DefaultHttpResponse(decodeResult: success, version: HTTP/1.1)
HTTP/1.1 200 OK
Content-Type: application/json; charset=utf-8
cache-control: no-cache
content-length: 112288

16:35:00.288 [AsyncHttpClient-1-7] DEBUG org.asynchttpclient.netty.channel.ChannelManager - Adding key: http://localhost:50980 for channel [id: 0xd98c3224, L:/127.0.0.1:51072 - R:localhost/127.0.0.1:50980]
16:35:00.294 [main] DEBUG net.serenitybdd.core.photography.Darkroom - Send negative for processing for target\site\serenity\66308c26cb3dcda10bc0fe99ed2b756cb7c1520dc120048f5513af4114b05f6a.png
16:35:00.294 [main] DEBUG net.thucydides.core.steps.StepInterceptor - STEP DONE: clickNewDoctorXButton
  &amp#27;[32mThen &amp#27;[0m&amp#27;[32mI click new doctor form x button&amp#27;[0m     &amp#27;[90m# starter.stepdefinitions.DoctorSteps.iClickNewDoctorFormXButton()&amp#27;[0m
16:35:00.294 [Darkroom Processing Line] DEBUG net.serenitybdd.core.photography.DarkroomProcessingLine - Processing screenshot image in /var/screenshots/screenshot-1879567181369130394
16:35:00.294 [Darkroom Processing Line] DEBUG net.serenitybdd.core.photography.DarkroomProcessingLine - Saving screenshot to target\site\serenity\66308c26cb3dcda10bc0fe99ed2b756cb7c1520dc120048f5513af4114b05f6a.png
16:35:00.305 [main] INFO  - 
  _____   ___   ___   _____     ___     _     ___   ___   ___   ___  
 |_   _| | __| / __| |_   _|   | _ \   /_\   / __| / __| | __| |   \ 
   | |   | _|  \__ \   | |     |  _/  / _ \  \__ \ \__ \ | _|  | |) |
   |_|   |___| |___/   |_|     |_|   /_/ \_\ |___/ |___/ |___| |___/ 

Cancel Create New Doctor Scenario
----------------------------------------------------------------------
16:35:00.307 [AsyncHttpClient-1-9] DEBUG org.asynchttpclient.netty.handler.WebSocketHandler - Channel Closed: [id: 0x4c2b28d0, L:/127.0.0.1:51079 ! R:localhost/127.0.0.1:51073] with attribute NettyResponseFuture{currentRetry=5,
	isDone=1,
	isCancelled=0,
	asyncHandler=org.asynchttpclient.ws.WebSocketUpgradeHandler@7fcc6d09,
	nettyRequest=org.asynchttpclient.netty.request.NettyRequest@28158c73,
	future=java.util.concurrent.CompletableFuture@63414d76[Completed normally],
	uri=ws://localhost:51073/devtools/browser/75f87883-9842-44cc-81d6-59fcd5771de7,
	keepAlive=true,
	redirectCount=0,
	timeoutsHolder=null,
	inAuth=0,
	touch=1655717694807}
16:35:00.307 [AsyncHttpClient-1-9] DEBUG org.asynchttpclient.netty.channel.ChannelManager - Closing Channel [id: 0x4c2b28d0, L:/127.0.0.1:51079 ! R:localhost/127.0.0.1:51073] 
16:35:00.307 [Driver Command Executor] DEBUG org.asynchttpclient.netty.request.NettyRequestSender - Using pooled Channel '[id: 0xd98c3224, L:/127.0.0.1:51072 - R:localhost/127.0.0.1:50980]' for 'DELETE' to 'http://localhost:50980/session/3e7eea0511f64d2cd095fa17e064f55b'
16:35:00.307 [Driver Command Executor] DEBUG org.asynchttpclient.netty.request.NettyRequestSender - Using open Channel [id: 0xd98c3224, L:/127.0.0.1:51072 - R:localhost/127.0.0.1:50980] for DELETE '/session/3e7eea0511f64d2cd095fa17e064f55b'
16:35:00.838 [AsyncHttpClient-1-1] DEBUG org.asynchttpclient.netty.channel.DefaultChannelPool - Entry count for : http://localhost:51073 : 1
16:35:01.255 [AsyncHttpClient-1-8] DEBUG org.asynchttpclient.netty.handler.HttpHandler - Unexpected I/O exception on channel [id: 0xd91ec497, L:/127.0.0.1:51078 - R:localhost/127.0.0.1:51073]
java.net.SocketException: Connection reset
	at java.base/sun.nio.ch.SocketChannelImpl.throwConnectionReset(SocketChannelImpl.java:367)
	at java.base/sun.nio.ch.SocketChannelImpl.read(SocketChannelImpl.java:398)
	at io.netty.buffer.PooledByteBuf.setBytes(PooledByteBuf.java:258)
	at io.netty.buffer.AbstractByteBuf.writeBytes(AbstractByteBuf.java:1132)
	at io.netty.channel.socket.nio.NioSocketChannel.doReadBytes(NioSocketChannel.java:350)
	at io.netty.channel.nio.AbstractNioByteChannel$NioByteUnsafe.read(AbstractNioByteChannel.java:151)
	at io.netty.channel.nio.NioEventLoop.processSelectedKey(NioEventLoop.java:722)
	at io.netty.channel.nio.NioEventLoop.processSelectedKeysOptimized(NioEventLoop.java:658)
	at io.netty.channel.nio.NioEventLoop.processSelectedKeys(NioEventLoop.java:584)
	at io.netty.channel.nio.NioEventLoop.run(NioEventLoop.java:496)
	at io.netty.util.concurrent.SingleThreadEventExecutor$4.run(SingleThreadEventExecutor.java:986)
	at io.netty.util.internal.ThreadExecutorMap$2.run(ThreadExecutorMap.java:74)
	at io.netty.util.concurrent.FastThreadLocalRunnable.run(FastThreadLocalRunnable.java:30)
	at java.base/java.lang.Thread.run(Thread.java:832)
16:35:01.255 [AsyncHttpClient-1-8] DEBUG org.asynchttpclient.netty.channel.ChannelManager - Closing Channel [id: 0xd91ec497, L:/127.0.0.1:51078 - R:localhost/127.0.0.1:51073] 
16:35:01.256 [AsyncHttpClient-1-8] DEBUG org.asynchttpclient.netty.handler.HttpHandler - Channel Closed: [id: 0xd91ec497, L:/127.0.0.1:51078 ! R:localhost/127.0.0.1:51073] with attribute DISCARD
16:35:01.289 [AsyncHttpClient-1-7] DEBUG org.asynchttpclient.netty.handler.HttpHandler - 

Request DefaultFullHttpRequest(decodeResult: success, version: HTTP/1.1, content: EmptyByteBufBE)
DELETE /session/3e7eea0511f64d2cd095fa17e064f55b HTTP/1.1
User-Agent: selenium/4.1.2 (java windows)
Content-Type: application/json; charset=utf-8
host: localhost:50980
accept: */*

Response DefaultHttpResponse(decodeResult: success, version: HTTP/1.1)
HTTP/1.1 200 OK
Content-Type: application/json; charset=utf-8
cache-control: no-cache
content-length: 14

16:35:01.289 [AsyncHttpClient-1-7] DEBUG org.asynchttpclient.netty.channel.ChannelManager - Adding key: http://localhost:50980 for channel [id: 0xd98c3224, L:/127.0.0.1:51072 - R:localhost/127.0.0.1:50980]
16:35:01.355 [AsyncHttpClient-1-7] DEBUG org.asynchttpclient.netty.handler.HttpHandler - Channel Closed: [id: 0xd98c3224, L:/127.0.0.1:51072 ! R:localhost/127.0.0.1:50980] with attribute DISCARD
]]></system-out>
    <system-err><![CDATA[Starting ChromeDriver 102.0.5005.61 (0e59bcc00cc4985ce39ad31c150065f159d95ad3-refs/branch-heads/5005@{#819}) on port 50980
Only local connections are allowed.
Please see https://chromedriver.chromium.org/security-considerations for suggestions on keeping ChromeDriver safe.
ChromeDriver was started successfully.
Jun 20, 2022 4:34:54 PM org.openqa.selenium.remote.ProtocolHandshake createSession
INFO: Detected dialect: W3C
Jun 20, 2022 4:34:54 PM org.openqa.selenium.devtools.CdpVersionFinder findNearestMatch
WARNING: Unable to find an exact match for CDP version 102, so returning the closest version found: a no-op implementation
Jun 20, 2022 4:34:54 PM org.openqa.selenium.devtools.CdpVersionFinder findNearestMatch
INFO: Unable to find CDP implementation matching 102.
Jun 20, 2022 4:34:54 PM org.openqa.selenium.chromium.ChromiumDriver lambda$new$3
WARNING: Unable to find version of CDP to use for . You may need to include a dependency on a specific version of the CDP using something similar to `org.seleniumhq.selenium:selenium-devtools-v86:4.1.2` where the version ("v86") matches the version of the chromium-based browser you're using and the version number of the artifact is the same as Selenium's.
]]></system-err>
  </testcase>
  <testcase name="Edit Doctor Data Scenario" classname="Doctor" time="11.524">
    <system-out><![CDATA[
@Doctor @EditDoctor
Scenario: Edit Doctor Data Scenario            &amp#27;[90m# src/test/resources/features/3.Doctor.feature:25&amp#27;[0m
16:35:01.915 [main] INFO io.cucumber.core.plugin.SerenityReporter - Running feature from file:///E:/My%20Documents/File%20Difa/TI%20Semester%206%20Kampus%20Merdeka%20Alterra/Tugas/CAPSTONE%20Project/Capstone-Project-Website/src/test/resources/features/3.Doctor.feature
16:35:01.917 [main] INFO  - 
  _____   ___   ___   _____     ___   _____     _     ___   _____   ___   ___  
 |_   _| | __| / __| |_   _|   / __| |_   _|   /_\   | _ \ |_   _| | __| |   \ 
   | |   | _|  \__ \   | |     \__ \   | |    / _ \  |   /   | |   | _|  | |) |
   |_|   |___| |___/   |_|     |___/   |_|   /_/ \_\ |_|_\   |_|   |___| |___/ 

Edit Doctor Data Scenario(doctor;edit-doctor-data-scenario)
--------------------------------------------------------------------------------
16:35:01.936 [AsyncHttpClient-1-1] DEBUG org.asynchttpclient.netty.channel.DefaultChannelPool - Entry count for : http://localhost:51073 : 1
16:35:01.937 [AsyncHttpClient-1-1] DEBUG org.asynchttpclient.netty.channel.DefaultChannelPool - Entry count for : http://localhost:50980 : 1
16:35:01.937 [AsyncHttpClient-1-1] DEBUG org.asynchttpclient.netty.channel.DefaultChannelPool - Adding Candidate expired Channel [id: 0xd91ec497, L:/127.0.0.1:51078 ! R:localhost/127.0.0.1:51073] isIdleTimeoutExpired=false isRemotelyClosed=true isTtlExpired=false
16:35:01.937 [AsyncHttpClient-1-1] DEBUG org.asynchttpclient.netty.channel.DefaultChannelPool - Closing Idle Channel [id: 0xd91ec497, L:/127.0.0.1:51078 ! R:localhost/127.0.0.1:51073]
16:35:01.937 [AsyncHttpClient-1-1] DEBUG org.asynchttpclient.netty.channel.DefaultChannelPool - Adding Candidate expired Channel [id: 0xd98c3224, L:/127.0.0.1:51072 ! R:localhost/127.0.0.1:50980] isIdleTimeoutExpired=false isRemotelyClosed=true isTtlExpired=false
16:35:01.937 [AsyncHttpClient-1-1] DEBUG org.asynchttpclient.netty.channel.DefaultChannelPool - Closing Idle Channel [id: 0xd98c3224, L:/127.0.0.1:51072 ! R:localhost/127.0.0.1:50980]
16:35:01.937 [AsyncHttpClient-1-1] DEBUG org.asynchttpclient.netty.channel.DefaultChannelPool - Closed 2 connections out of 2 in 0 ms
16:35:01.946 [main] DEBUG net.thucydides.core.steps.StepInterceptor - STARTING STEP: DoctorSteps.iAmAtTheDashboardPage - openUrl
16:35:01.949 [main] INFO net.serenitybdd.core.webdriver.driverproviders.ChromeDriverProvider - Using automatically driver download
16:35:02.143 [main] DEBUG io.github.bonigarcia.wdm.cache.ResolutionCache - Resolution chrome=102 in cache (valid until 16:47:55 20/06/2022 ICT)
16:35:02.146 [main] DEBUG io.github.bonigarcia.wdm.cache.ResolutionCache - Resolution chrome102=102.0.5005.61 in cache (valid until 09:12:44 21/06/2022 ICT)
16:35:02.147 [main] INFO io.github.bonigarcia.wdm.WebDriverManager - Using chromedriver 102.0.5005.61 (resolved driver for Chrome 102)
16:35:02.156 [main] DEBUG io.github.bonigarcia.wdm.WebDriverManager - Driver chromedriver 102.0.5005.61 found in cache
16:35:02.156 [main] INFO io.github.bonigarcia.wdm.WebDriverManager - Exporting webdriver.chrome.driver as C:\Users\USER\.cache\selenium\chromedriver\win32\102.0.5005.61\chromedriver.exe
16:35:02.305 [main] DEBUG net.serenitybdd.core.webdriver.driverproviders.ProvideNewDriver - Instantiating driver
16:35:02.305 [main] DEBUG net.serenitybdd.core.webdriver.driverproviders.ProvideNewDriver - Driver capabilities: Capabilities {acceptInsecureCerts: false, base.url: https://hospital-management..., browserName: chrome, chrome.driver: src/test/resources/webdrive..., driver: chrome, goog:chromeOptions: {args: [], extensions: []}}
16:35:02.842 [AsyncHttpClient-1-2] DEBUG org.asynchttpclient.netty.channel.NettyConnectListener - Using new Channel '[id: 0x5d5c2d2b, L:/127.0.0.1:51095 - R:localhost/127.0.0.1:64352]' for 'POST' to '/session'
16:35:03.698 [AsyncHttpClient-1-2] DEBUG org.asynchttpclient.netty.handler.HttpHandler - 

Request DefaultHttpRequest(decodeResult: success, version: HTTP/1.1)
POST /session HTTP/1.1
User-Agent: selenium/4.1.2 (java windows)
Content-Length: 621
Content-Type: application/json; charset=utf-8
host: localhost:64352
accept: */*

Response DefaultHttpResponse(decodeResult: success, version: HTTP/1.1)
HTTP/1.1 200 OK
Content-Type: application/json; charset=utf-8
cache-control: no-cache
content-length: 788

16:35:03.698 [AsyncHttpClient-1-2] DEBUG org.asynchttpclient.netty.channel.ChannelManager - Adding key: http://localhost:64352 for channel [id: 0x5d5c2d2b, L:/127.0.0.1:51095 - R:localhost/127.0.0.1:64352]
16:35:03.713 [AsyncHttpClient-1-3] DEBUG org.asynchttpclient.netty.channel.NettyConnectListener - Using new Channel '[id: 0x1ffeaf4d, L:/127.0.0.1:51101 - R:localhost/127.0.0.1:51096]' for 'GET' to '/json/version'
16:35:03.714 [AsyncHttpClient-1-3] DEBUG org.asynchttpclient.netty.handler.HttpHandler - 

Request DefaultFullHttpRequest(decodeResult: success, version: HTTP/1.1, content: EmptyByteBufBE)
GET /json/version HTTP/1.1
User-Agent: selenium/4.1.2 (java windows)
host: localhost:51096
accept: */*

Response DefaultHttpResponse(decodeResult: success, version: HTTP/1.1)
HTTP/1.1 200 OK
Content-Type: application/json; charset=UTF-8
content-length: 427

16:35:03.714 [AsyncHttpClient-1-3] DEBUG org.asynchttpclient.netty.channel.ChannelManager - Adding key: http://localhost:51096 for channel [id: 0x1ffeaf4d, L:/127.0.0.1:51101 - R:localhost/127.0.0.1:51096]
16:35:03.718 [AsyncHttpClient-1-4] DEBUG org.asynchttpclient.netty.channel.NettyConnectListener - Using new Channel '[id: 0xcb18f2bb, L:/127.0.0.1:51102 - R:localhost/127.0.0.1:51096]' for 'GET' to '/devtools/browser/e2d8c6db-052f-450c-b429-927ad332c3be'
16:35:03.719 [AsyncHttpClient-1-4] DEBUG org.asynchttpclient.netty.handler.WebSocketHandler - 

Request DefaultFullHttpRequest(decodeResult: success, version: HTTP/1.1, content: EmptyByteBufBE)
GET /devtools/browser/e2d8c6db-052f-450c-b429-927ad332c3be HTTP/1.1
upgrade: websocket
connection: upgrade
sec-websocket-key: YxC40YGNv8wrjhvcPMRBDw==
sec-websocket-version: 13
origin: http://localhost:51096
host: localhost:51096
accept: */*
user-agent: AHC/2.1

Response DefaultHttpResponse(decodeResult: success, version: HTTP/1.1)
HTTP/1.1 101 WebSocket Protocol Handshake
Upgrade: WebSocket
Connection: Upgrade
Sec-WebSocket-Accept: 7BmAyGFziTtQTEflX9ttb0/Dcro=

16:35:03.722 [Forwarding maximizeCurrentWindow on session 3a059c7fa2e38e3f4a0d21b4858dd174 to remote] DEBUG org.asynchttpclient.netty.request.NettyRequestSender - Using pooled Channel '[id: 0x5d5c2d2b, L:/127.0.0.1:51095 - R:localhost/127.0.0.1:64352]' for 'POST' to 'http://localhost:64352/session/3a059c7fa2e38e3f4a0d21b4858dd174/window/maximize'
16:35:03.722 [Forwarding maximizeCurrentWindow on session 3a059c7fa2e38e3f4a0d21b4858dd174 to remote] DEBUG org.asynchttpclient.netty.request.NettyRequestSender - Using open Channel [id: 0x5d5c2d2b, L:/127.0.0.1:51095 - R:localhost/127.0.0.1:64352] for POST '/session/3a059c7fa2e38e3f4a0d21b4858dd174/window/maximize'
16:35:03.839 [AsyncHttpClient-1-2] DEBUG org.asynchttpclient.netty.handler.HttpHandler - 

Request DefaultHttpRequest(decodeResult: success, version: HTTP/1.1)
POST /session/3a059c7fa2e38e3f4a0d21b4858dd174/window/maximize HTTP/1.1
User-Agent: selenium/4.1.2 (java windows)
Content-Length: 3
Content-Type: application/json; charset=utf-8
host: localhost:64352
accept: */*

Response DefaultHttpResponse(decodeResult: success, version: HTTP/1.1)
HTTP/1.1 200 OK
Content-Type: application/json; charset=utf-8
cache-control: no-cache
content-length: 51

16:35:03.839 [AsyncHttpClient-1-2] DEBUG org.asynchttpclient.netty.channel.ChannelManager - Adding key: http://localhost:64352 for channel [id: 0x5d5c2d2b, L:/127.0.0.1:51095 - R:localhost/127.0.0.1:64352]
16:35:03.840 [Forwarding get on session 3a059c7fa2e38e3f4a0d21b4858dd174 to remote] DEBUG org.asynchttpclient.netty.request.NettyRequestSender - Using pooled Channel '[id: 0x5d5c2d2b, L:/127.0.0.1:51095 - R:localhost/127.0.0.1:64352]' for 'POST' to 'http://localhost:64352/session/3a059c7fa2e38e3f4a0d21b4858dd174/url'
16:35:03.841 [Forwarding get on session 3a059c7fa2e38e3f4a0d21b4858dd174 to remote] DEBUG org.asynchttpclient.netty.request.NettyRequestSender - Using open Channel [id: 0x5d5c2d2b, L:/127.0.0.1:51095 - R:localhost/127.0.0.1:64352] for POST '/session/3a059c7fa2e38e3f4a0d21b4858dd174/url'
16:35:04.137 [AsyncHttpClient-1-1] DEBUG org.asynchttpclient.netty.channel.DefaultChannelPool - Entry count for : http://localhost:51096 : 1
16:35:05.238 [AsyncHttpClient-1-1] DEBUG org.asynchttpclient.netty.channel.DefaultChannelPool - Entry count for : http://localhost:51096 : 1
16:35:06.340 [AsyncHttpClient-1-1] DEBUG org.asynchttpclient.netty.channel.DefaultChannelPool - Entry count for : http://localhost:51096 : 1
16:35:07.287 [AsyncHttpClient-1-2] DEBUG org.asynchttpclient.netty.handler.HttpHandler - 

Request DefaultHttpRequest(decodeResult: success, version: HTTP/1.1)
POST /session/3a059c7fa2e38e3f4a0d21b4858dd174/url HTTP/1.1
User-Agent: selenium/4.1.2 (java windows)
Content-Length: 65
Content-Type: application/json; charset=utf-8
host: localhost:64352
accept: */*

Response DefaultHttpResponse(decodeResult: success, version: HTTP/1.1)
HTTP/1.1 200 OK
Content-Type: application/json; charset=utf-8
cache-control: no-cache
content-length: 14

16:35:07.287 [AsyncHttpClient-1-2] DEBUG org.asynchttpclient.netty.channel.ChannelManager - Adding key: http://localhost:64352 for channel [id: 0x5d5c2d2b, L:/127.0.0.1:51095 - R:localhost/127.0.0.1:64352]
16:35:07.289 [Forwarding setTimeout on session 3a059c7fa2e38e3f4a0d21b4858dd174 to remote] DEBUG org.asynchttpclient.netty.request.NettyRequestSender - Using pooled Channel '[id: 0x5d5c2d2b, L:/127.0.0.1:51095 - R:localhost/127.0.0.1:64352]' for 'POST' to 'http://localhost:64352/session/3a059c7fa2e38e3f4a0d21b4858dd174/timeouts'
16:35:07.289 [Forwarding setTimeout on session 3a059c7fa2e38e3f4a0d21b4858dd174 to remote] DEBUG org.asynchttpclient.netty.request.NettyRequestSender - Using open Channel [id: 0x5d5c2d2b, L:/127.0.0.1:51095 - R:localhost/127.0.0.1:64352] for POST '/session/3a059c7fa2e38e3f4a0d21b4858dd174/timeouts'
16:35:07.293 [AsyncHttpClient-1-2] DEBUG org.asynchttpclient.netty.handler.HttpHandler - 

Request DefaultHttpRequest(decodeResult: success, version: HTTP/1.1)
POST /session/3a059c7fa2e38e3f4a0d21b4858dd174/timeouts HTTP/1.1
User-Agent: selenium/4.1.2 (java windows)
Content-Length: 22
Content-Type: application/json; charset=utf-8
host: localhost:64352
accept: */*

Response DefaultHttpResponse(decodeResult: success, version: HTTP/1.1)
HTTP/1.1 200 OK
Content-Type: application/json; charset=utf-8
cache-control: no-cache
content-length: 14

16:35:07.293 [AsyncHttpClient-1-2] DEBUG org.asynchttpclient.netty.channel.ChannelManager - Adding key: http://localhost:64352 for channel [id: 0x5d5c2d2b, L:/127.0.0.1:51095 - R:localhost/127.0.0.1:64352]
16:35:07.298 [Forwarding getCurrentUrl on session 3a059c7fa2e38e3f4a0d21b4858dd174 to remote] DEBUG org.asynchttpclient.netty.request.NettyRequestSender - Using pooled Channel '[id: 0x5d5c2d2b, L:/127.0.0.1:51095 - R:localhost/127.0.0.1:64352]' for 'GET' to 'http://localhost:64352/session/3a059c7fa2e38e3f4a0d21b4858dd174/url'
16:35:07.298 [Forwarding getCurrentUrl on session 3a059c7fa2e38e3f4a0d21b4858dd174 to remote] DEBUG org.asynchttpclient.netty.request.NettyRequestSender - Using open Channel [id: 0x5d5c2d2b, L:/127.0.0.1:51095 - R:localhost/127.0.0.1:64352] for GET '/session/3a059c7fa2e38e3f4a0d21b4858dd174/url'
16:35:07.305 [AsyncHttpClient-1-2] DEBUG org.asynchttpclient.netty.handler.HttpHandler - 

Request DefaultFullHttpRequest(decodeResult: success, version: HTTP/1.1, content: EmptyByteBufBE)
GET /session/3a059c7fa2e38e3f4a0d21b4858dd174/url HTTP/1.1
User-Agent: selenium/4.1.2 (java windows)
Cache-Control: no-cache
Content-Type: application/json; charset=utf-8
host: localhost:64352
accept: */*

Response DefaultHttpResponse(decodeResult: success, version: HTTP/1.1)
HTTP/1.1 200 OK
Content-Type: application/json; charset=utf-8
cache-control: no-cache
content-length: 53

16:35:07.305 [AsyncHttpClient-1-2] DEBUG org.asynchttpclient.netty.channel.ChannelManager - Adding key: http://localhost:64352 for channel [id: 0x5d5c2d2b, L:/127.0.0.1:51095 - R:localhost/127.0.0.1:64352]
16:35:07.312 [Forwarding getCurrentUrl on session 3a059c7fa2e38e3f4a0d21b4858dd174 to remote] DEBUG org.asynchttpclient.netty.request.NettyRequestSender - Using pooled Channel '[id: 0x5d5c2d2b, L:/127.0.0.1:51095 - R:localhost/127.0.0.1:64352]' for 'GET' to 'http://localhost:64352/session/3a059c7fa2e38e3f4a0d21b4858dd174/url'
16:35:07.312 [Forwarding getCurrentUrl on session 3a059c7fa2e38e3f4a0d21b4858dd174 to remote] DEBUG org.asynchttpclient.netty.request.NettyRequestSender - Using open Channel [id: 0x5d5c2d2b, L:/127.0.0.1:51095 - R:localhost/127.0.0.1:64352] for GET '/session/3a059c7fa2e38e3f4a0d21b4858dd174/url'
16:35:07.317 [AsyncHttpClient-1-2] DEBUG org.asynchttpclient.netty.handler.HttpHandler - 

Request DefaultFullHttpRequest(decodeResult: success, version: HTTP/1.1, content: EmptyByteBufBE)
GET /session/3a059c7fa2e38e3f4a0d21b4858dd174/url HTTP/1.1
User-Agent: selenium/4.1.2 (java windows)
Cache-Control: no-cache
Content-Type: application/json; charset=utf-8
host: localhost:64352
accept: */*

Response DefaultHttpResponse(decodeResult: success, version: HTTP/1.1)
HTTP/1.1 200 OK
Content-Type: application/json; charset=utf-8
cache-control: no-cache
content-length: 53

16:35:07.317 [AsyncHttpClient-1-2] DEBUG org.asynchttpclient.netty.channel.ChannelManager - Adding key: http://localhost:64352 for channel [id: 0x5d5c2d2b, L:/127.0.0.1:51095 - R:localhost/127.0.0.1:64352]
16:35:07.326 [Forwarding screenshot on session 3a059c7fa2e38e3f4a0d21b4858dd174 to remote] DEBUG org.asynchttpclient.netty.request.NettyRequestSender - Using pooled Channel '[id: 0x5d5c2d2b, L:/127.0.0.1:51095 - R:localhost/127.0.0.1:64352]' for 'GET' to 'http://localhost:64352/session/3a059c7fa2e38e3f4a0d21b4858dd174/screenshot'
16:35:07.327 [Forwarding screenshot on session 3a059c7fa2e38e3f4a0d21b4858dd174 to remote] DEBUG org.asynchttpclient.netty.request.NettyRequestSender - Using open Channel [id: 0x5d5c2d2b, L:/127.0.0.1:51095 - R:localhost/127.0.0.1:64352] for GET '/session/3a059c7fa2e38e3f4a0d21b4858dd174/screenshot'
16:35:07.436 [AsyncHttpClient-1-1] DEBUG org.asynchttpclient.netty.channel.DefaultChannelPool - Entry count for : http://localhost:51096 : 1
16:35:07.668 [AsyncHttpClient-1-2] DEBUG org.asynchttpclient.netty.handler.HttpHandler - 

Request DefaultFullHttpRequest(decodeResult: success, version: HTTP/1.1, content: EmptyByteBufBE)
GET /session/3a059c7fa2e38e3f4a0d21b4858dd174/screenshot HTTP/1.1
User-Agent: selenium/4.1.2 (java windows)
Cache-Control: no-cache
Content-Type: application/json; charset=utf-8
host: localhost:64352
accept: */*

Response DefaultHttpResponse(decodeResult: success, version: HTTP/1.1)
HTTP/1.1 200 OK
Content-Type: application/json; charset=utf-8
cache-control: no-cache
content-length: 382596

16:35:07.671 [AsyncHttpClient-1-2] DEBUG org.asynchttpclient.netty.channel.ChannelManager - Adding key: http://localhost:64352 for channel [id: 0x5d5c2d2b, L:/127.0.0.1:51095 - R:localhost/127.0.0.1:64352]
16:35:07.703 [main] DEBUG net.serenitybdd.core.photography.Darkroom - Send negative for processing for target\site\serenity\ed15a54c91c342d96a850276df7b559f4526b370fc93040e3c407a48a170f368.png
16:35:07.704 [main] DEBUG net.thucydides.core.steps.StepInterceptor - STEP DONE: openUrl
16:35:07.715 [main] DEBUG net.thucydides.core.steps.StepInterceptor - STARTING STEP: DoctorSteps.iAmAtTheDashboardPage - validateOnDashboardPage
16:35:07.719 [Forwarding findElement on session 3a059c7fa2e38e3f4a0d21b4858dd174 to remote] DEBUG org.asynchttpclient.netty.request.NettyRequestSender - Using pooled Channel '[id: 0x5d5c2d2b, L:/127.0.0.1:51095 - R:localhost/127.0.0.1:64352]' for 'POST' to 'http://localhost:64352/session/3a059c7fa2e38e3f4a0d21b4858dd174/element'
16:35:07.719 [Forwarding findElement on session 3a059c7fa2e38e3f4a0d21b4858dd174 to remote] DEBUG org.asynchttpclient.netty.request.NettyRequestSender - Using open Channel [id: 0x5d5c2d2b, L:/127.0.0.1:51095 - R:localhost/127.0.0.1:64352] for POST '/session/3a059c7fa2e38e3f4a0d21b4858dd174/element'
16:35:07.760 [AsyncHttpClient-1-2] DEBUG org.asynchttpclient.netty.handler.HttpHandler - 

Request DefaultHttpRequest(decodeResult: success, version: HTTP/1.1)
POST /session/3a059c7fa2e38e3f4a0d21b4858dd174/element HTTP/1.1
User-Agent: selenium/4.1.2 (java windows)
Content-Length: 81
Content-Type: application/json; charset=utf-8
host: localhost:64352
accept: */*

Response DefaultHttpResponse(decodeResult: success, version: HTTP/1.1)
HTTP/1.1 200 OK
Content-Type: application/json; charset=utf-8
cache-control: no-cache
content-length: 88

16:35:07.761 [AsyncHttpClient-1-2] DEBUG org.asynchttpclient.netty.channel.ChannelManager - Adding key: http://localhost:64352 for channel [id: 0x5d5c2d2b, L:/127.0.0.1:51095 - R:localhost/127.0.0.1:64352]
16:35:07.766 [Forwarding isElementDisplayed on session 3a059c7fa2e38e3f4a0d21b4858dd174 to remote] DEBUG org.asynchttpclient.netty.request.NettyRequestSender - Using pooled Channel '[id: 0x5d5c2d2b, L:/127.0.0.1:51095 - R:localhost/127.0.0.1:64352]' for 'POST' to 'http://localhost:64352/session/3a059c7fa2e38e3f4a0d21b4858dd174/execute/sync'
16:35:07.766 [Forwarding isElementDisplayed on session 3a059c7fa2e38e3f4a0d21b4858dd174 to remote] DEBUG org.asynchttpclient.netty.request.NettyRequestSender - Using open Channel [id: 0x5d5c2d2b, L:/127.0.0.1:51095 - R:localhost/127.0.0.1:64352] for POST '/session/3a059c7fa2e38e3f4a0d21b4858dd174/execute/sync'
16:35:07.796 [AsyncHttpClient-1-2] DEBUG org.asynchttpclient.netty.handler.HttpHandler - 

Request DefaultHttpRequest(decodeResult: success, version: HTTP/1.1)
POST /session/3a059c7fa2e38e3f4a0d21b4858dd174/execute/sync HTTP/1.1
User-Agent: selenium/4.1.2 (java windows)
Content-Length: 48780
Content-Type: application/json; charset=utf-8
host: localhost:64352
accept: */*

Response DefaultHttpResponse(decodeResult: success, version: HTTP/1.1)
HTTP/1.1 200 OK
Content-Type: application/json; charset=utf-8
cache-control: no-cache
content-length: 14

16:35:07.796 [AsyncHttpClient-1-2] DEBUG org.asynchttpclient.netty.channel.ChannelManager - Adding key: http://localhost:64352 for channel [id: 0x5d5c2d2b, L:/127.0.0.1:51095 - R:localhost/127.0.0.1:64352]
16:35:07.804 [Forwarding screenshot on session 3a059c7fa2e38e3f4a0d21b4858dd174 to remote] DEBUG org.asynchttpclient.netty.request.NettyRequestSender - Using pooled Channel '[id: 0x5d5c2d2b, L:/127.0.0.1:51095 - R:localhost/127.0.0.1:64352]' for 'GET' to 'http://localhost:64352/session/3a059c7fa2e38e3f4a0d21b4858dd174/screenshot'
16:35:07.804 [Forwarding screenshot on session 3a059c7fa2e38e3f4a0d21b4858dd174 to remote] DEBUG org.asynchttpclient.netty.request.NettyRequestSender - Using open Channel [id: 0x5d5c2d2b, L:/127.0.0.1:51095 - R:localhost/127.0.0.1:64352] for GET '/session/3a059c7fa2e38e3f4a0d21b4858dd174/screenshot'
16:35:08.174 [AsyncHttpClient-1-2] DEBUG org.asynchttpclient.netty.handler.HttpHandler - 

Request DefaultFullHttpRequest(decodeResult: success, version: HTTP/1.1, content: EmptyByteBufBE)
GET /session/3a059c7fa2e38e3f4a0d21b4858dd174/screenshot HTTP/1.1
User-Agent: selenium/4.1.2 (java windows)
Cache-Control: no-cache
Content-Type: application/json; charset=utf-8
host: localhost:64352
accept: */*

Response DefaultHttpResponse(decodeResult: success, version: HTTP/1.1)
HTTP/1.1 200 OK
Content-Type: application/json; charset=utf-8
cache-control: no-cache
content-length: 382596

16:35:08.177 [AsyncHttpClient-1-2] DEBUG org.asynchttpclient.netty.channel.ChannelManager - Adding key: http://localhost:64352 for channel [id: 0x5d5c2d2b, L:/127.0.0.1:51095 - R:localhost/127.0.0.1:64352]
16:35:08.217 [main] DEBUG net.serenitybdd.core.photography.Darkroom - Send negative for processing for target\site\serenity\ed15a54c91c342d96a850276df7b559f4526b370fc93040e3c407a48a170f368.png
16:35:08.218 [main] DEBUG net.thucydides.core.steps.StepInterceptor - STEP DONE: validateOnDashboardPage
  &amp#27;[32mGiven &amp#27;[0m&amp#27;[32mI'am at the dashboard page&amp#27;[0m             &amp#27;[90m# starter.stepdefinitions.DoctorSteps.iAmAtTheDashboardPage()&amp#27;[0m
16:35:08.244 [main] DEBUG net.thucydides.core.steps.StepInterceptor - STARTING STEP: DoctorSteps.iClickMenuDoctor - clickMenuDoctorButton
16:35:08.249 [Forwarding findElement on session 3a059c7fa2e38e3f4a0d21b4858dd174 to remote] DEBUG org.asynchttpclient.netty.request.NettyRequestSender - Using pooled Channel '[id: 0x5d5c2d2b, L:/127.0.0.1:51095 - R:localhost/127.0.0.1:64352]' for 'POST' to 'http://localhost:64352/session/3a059c7fa2e38e3f4a0d21b4858dd174/element'
16:35:08.249 [Forwarding findElement on session 3a059c7fa2e38e3f4a0d21b4858dd174 to remote] DEBUG org.asynchttpclient.netty.request.NettyRequestSender - Using open Channel [id: 0x5d5c2d2b, L:/127.0.0.1:51095 - R:localhost/127.0.0.1:64352] for POST '/session/3a059c7fa2e38e3f4a0d21b4858dd174/element'
16:35:08.271 [AsyncHttpClient-1-2] DEBUG org.asynchttpclient.netty.handler.HttpHandler - 

Request DefaultHttpRequest(decodeResult: success, version: HTTP/1.1)
POST /session/3a059c7fa2e38e3f4a0d21b4858dd174/element HTTP/1.1
User-Agent: selenium/4.1.2 (java windows)
Content-Length: 79
Content-Type: application/json; charset=utf-8
host: localhost:64352
accept: */*

Response DefaultHttpResponse(decodeResult: success, version: HTTP/1.1)
HTTP/1.1 200 OK
Content-Type: application/json; charset=utf-8
cache-control: no-cache
content-length: 88

16:35:08.271 [AsyncHttpClient-1-2] DEBUG org.asynchttpclient.netty.channel.ChannelManager - Adding key: http://localhost:64352 for channel [id: 0x5d5c2d2b, L:/127.0.0.1:51095 - R:localhost/127.0.0.1:64352]
16:35:08.272 [Forwarding getElementTagName on session 3a059c7fa2e38e3f4a0d21b4858dd174 to remote] DEBUG org.asynchttpclient.netty.request.NettyRequestSender - Using pooled Channel '[id: 0x5d5c2d2b, L:/127.0.0.1:51095 - R:localhost/127.0.0.1:64352]' for 'GET' to 'http://localhost:64352/session/3a059c7fa2e38e3f4a0d21b4858dd174/element/22abccbf-afcd-4a7b-88e4-26ae59265e17/name'
16:35:08.272 [Forwarding getElementTagName on session 3a059c7fa2e38e3f4a0d21b4858dd174 to remote] DEBUG org.asynchttpclient.netty.request.NettyRequestSender - Using open Channel [id: 0x5d5c2d2b, L:/127.0.0.1:51095 - R:localhost/127.0.0.1:64352] for GET '/session/3a059c7fa2e38e3f4a0d21b4858dd174/element/22abccbf-afcd-4a7b-88e4-26ae59265e17/name'
16:35:08.279 [AsyncHttpClient-1-2] DEBUG org.asynchttpclient.netty.handler.HttpHandler - 

Request DefaultFullHttpRequest(decodeResult: success, version: HTTP/1.1, content: EmptyByteBufBE)
GET /session/3a059c7fa2e38e3f4a0d21b4858dd174/element/22abccbf-afcd-4a7b-88e4-26ae59265e17/name HTTP/1.1
User-Agent: selenium/4.1.2 (java windows)
Cache-Control: no-cache
Content-Type: application/json; charset=utf-8
host: localhost:64352
accept: */*

Response DefaultHttpResponse(decodeResult: success, version: HTTP/1.1)
HTTP/1.1 200 OK
Content-Type: application/json; charset=utf-8
cache-control: no-cache
content-length: 15

16:35:08.279 [AsyncHttpClient-1-2] DEBUG org.asynchttpclient.netty.channel.ChannelManager - Adding key: http://localhost:64352 for channel [id: 0x5d5c2d2b, L:/127.0.0.1:51095 - R:localhost/127.0.0.1:64352]
16:35:08.280 [Forwarding getElementTagName on session 3a059c7fa2e38e3f4a0d21b4858dd174 to remote] DEBUG org.asynchttpclient.netty.request.NettyRequestSender - Using pooled Channel '[id: 0x5d5c2d2b, L:/127.0.0.1:51095 - R:localhost/127.0.0.1:64352]' for 'GET' to 'http://localhost:64352/session/3a059c7fa2e38e3f4a0d21b4858dd174/element/22abccbf-afcd-4a7b-88e4-26ae59265e17/name'
16:35:08.280 [Forwarding getElementTagName on session 3a059c7fa2e38e3f4a0d21b4858dd174 to remote] DEBUG org.asynchttpclient.netty.request.NettyRequestSender - Using open Channel [id: 0x5d5c2d2b, L:/127.0.0.1:51095 - R:localhost/127.0.0.1:64352] for GET '/session/3a059c7fa2e38e3f4a0d21b4858dd174/element/22abccbf-afcd-4a7b-88e4-26ae59265e17/name'
16:35:08.286 [AsyncHttpClient-1-2] DEBUG org.asynchttpclient.netty.handler.HttpHandler - 

Request DefaultFullHttpRequest(decodeResult: success, version: HTTP/1.1, content: EmptyByteBufBE)
GET /session/3a059c7fa2e38e3f4a0d21b4858dd174/element/22abccbf-afcd-4a7b-88e4-26ae59265e17/name HTTP/1.1
User-Agent: selenium/4.1.2 (java windows)
Cache-Control: no-cache
Content-Type: application/json; charset=utf-8
host: localhost:64352
accept: */*

Response DefaultHttpResponse(decodeResult: success, version: HTTP/1.1)
HTTP/1.1 200 OK
Content-Type: application/json; charset=utf-8
cache-control: no-cache
content-length: 15

16:35:08.286 [AsyncHttpClient-1-2] DEBUG org.asynchttpclient.netty.channel.ChannelManager - Adding key: http://localhost:64352 for channel [id: 0x5d5c2d2b, L:/127.0.0.1:51095 - R:localhost/127.0.0.1:64352]
16:35:08.289 [Forwarding findElement on session 3a059c7fa2e38e3f4a0d21b4858dd174 to remote] DEBUG org.asynchttpclient.netty.request.NettyRequestSender - Using pooled Channel '[id: 0x5d5c2d2b, L:/127.0.0.1:51095 - R:localhost/127.0.0.1:64352]' for 'POST' to 'http://localhost:64352/session/3a059c7fa2e38e3f4a0d21b4858dd174/element'
16:35:08.289 [Forwarding findElement on session 3a059c7fa2e38e3f4a0d21b4858dd174 to remote] DEBUG org.asynchttpclient.netty.request.NettyRequestSender - Using open Channel [id: 0x5d5c2d2b, L:/127.0.0.1:51095 - R:localhost/127.0.0.1:64352] for POST '/session/3a059c7fa2e38e3f4a0d21b4858dd174/element'
16:35:08.303 [AsyncHttpClient-1-2] DEBUG org.asynchttpclient.netty.handler.HttpHandler - 

Request DefaultHttpRequest(decodeResult: success, version: HTTP/1.1)
POST /session/3a059c7fa2e38e3f4a0d21b4858dd174/element HTTP/1.1
User-Agent: selenium/4.1.2 (java windows)
Content-Length: 79
Content-Type: application/json; charset=utf-8
host: localhost:64352
accept: */*

Response DefaultHttpResponse(decodeResult: success, version: HTTP/1.1)
HTTP/1.1 200 OK
Content-Type: application/json; charset=utf-8
cache-control: no-cache
content-length: 88

16:35:08.303 [AsyncHttpClient-1-2] DEBUG org.asynchttpclient.netty.channel.ChannelManager - Adding key: http://localhost:64352 for channel [id: 0x5d5c2d2b, L:/127.0.0.1:51095 - R:localhost/127.0.0.1:64352]
16:35:08.304 [Forwarding clickElement on session 3a059c7fa2e38e3f4a0d21b4858dd174 to remote] DEBUG org.asynchttpclient.netty.request.NettyRequestSender - Using pooled Channel '[id: 0x5d5c2d2b, L:/127.0.0.1:51095 - R:localhost/127.0.0.1:64352]' for 'POST' to 'http://localhost:64352/session/3a059c7fa2e38e3f4a0d21b4858dd174/element/22abccbf-afcd-4a7b-88e4-26ae59265e17/click'
16:35:08.304 [Forwarding clickElement on session 3a059c7fa2e38e3f4a0d21b4858dd174 to remote] DEBUG org.asynchttpclient.netty.request.NettyRequestSender - Using open Channel [id: 0x5d5c2d2b, L:/127.0.0.1:51095 - R:localhost/127.0.0.1:64352] for POST '/session/3a059c7fa2e38e3f4a0d21b4858dd174/element/22abccbf-afcd-4a7b-88e4-26ae59265e17/click'
16:35:08.542 [AsyncHttpClient-1-1] DEBUG org.asynchttpclient.netty.channel.DefaultChannelPool - Entry count for : http://localhost:51096 : 1
16:35:08.553 [AsyncHttpClient-1-2] DEBUG org.asynchttpclient.netty.handler.HttpHandler - 

Request DefaultHttpRequest(decodeResult: success, version: HTTP/1.1)
POST /session/3a059c7fa2e38e3f4a0d21b4858dd174/element/22abccbf-afcd-4a7b-88e4-26ae59265e17/click HTTP/1.1
User-Agent: selenium/4.1.2 (java windows)
Content-Length: 50
Content-Type: application/json; charset=utf-8
host: localhost:64352
accept: */*

Response DefaultHttpResponse(decodeResult: success, version: HTTP/1.1)
HTTP/1.1 200 OK
Content-Type: application/json; charset=utf-8
cache-control: no-cache
content-length: 14

16:35:08.554 [AsyncHttpClient-1-2] DEBUG org.asynchttpclient.netty.channel.ChannelManager - Adding key: http://localhost:64352 for channel [id: 0x5d5c2d2b, L:/127.0.0.1:51095 - R:localhost/127.0.0.1:64352]
16:35:08.563 [Forwarding screenshot on session 3a059c7fa2e38e3f4a0d21b4858dd174 to remote] DEBUG org.asynchttpclient.netty.request.NettyRequestSender - Using pooled Channel '[id: 0x5d5c2d2b, L:/127.0.0.1:51095 - R:localhost/127.0.0.1:64352]' for 'GET' to 'http://localhost:64352/session/3a059c7fa2e38e3f4a0d21b4858dd174/screenshot'
16:35:08.564 [Forwarding screenshot on session 3a059c7fa2e38e3f4a0d21b4858dd174 to remote] DEBUG org.asynchttpclient.netty.request.NettyRequestSender - Using open Channel [id: 0x5d5c2d2b, L:/127.0.0.1:51095 - R:localhost/127.0.0.1:64352] for GET '/session/3a059c7fa2e38e3f4a0d21b4858dd174/screenshot'
16:35:08.718 [AsyncHttpClient-1-2] DEBUG org.asynchttpclient.netty.handler.HttpHandler - 

Request DefaultFullHttpRequest(decodeResult: success, version: HTTP/1.1, content: EmptyByteBufBE)
GET /session/3a059c7fa2e38e3f4a0d21b4858dd174/screenshot HTTP/1.1
User-Agent: selenium/4.1.2 (java windows)
Cache-Control: no-cache
Content-Type: application/json; charset=utf-8
host: localhost:64352
accept: */*

Response DefaultHttpResponse(decodeResult: success, version: HTTP/1.1)
HTTP/1.1 200 OK
Content-Type: application/json; charset=utf-8
cache-control: no-cache
content-length: 56192

16:35:08.718 [AsyncHttpClient-1-2] DEBUG org.asynchttpclient.netty.channel.ChannelManager - Adding key: http://localhost:64352 for channel [id: 0x5d5c2d2b, L:/127.0.0.1:51095 - R:localhost/127.0.0.1:64352]
16:35:08.723 [main] DEBUG net.serenitybdd.core.photography.Darkroom - Send negative for processing for target\site\serenity\d631e005c1ab8c2ae9496eb0000819a309562887f5f0fc5c3b73065dfab87bed.png
16:35:08.723 [main] DEBUG net.thucydides.core.steps.StepInterceptor - STEP DONE: clickMenuDoctorButton
  &amp#27;[32mAnd &amp#27;[0m&amp#27;[32mI click menu doctor&amp#27;[0m                      &amp#27;[90m# starter.stepdefinitions.DoctorSteps.iClickMenuDoctor()&amp#27;[0m
16:35:08.748 [main] DEBUG net.thucydides.core.steps.StepInterceptor - STARTING STEP: DoctorSteps.iClickEditDoctorButton - clickEditDoctorButton
16:35:08.754 [Forwarding findElement on session 3a059c7fa2e38e3f4a0d21b4858dd174 to remote] DEBUG org.asynchttpclient.netty.request.NettyRequestSender - Using pooled Channel '[id: 0x5d5c2d2b, L:/127.0.0.1:51095 - R:localhost/127.0.0.1:64352]' for 'POST' to 'http://localhost:64352/session/3a059c7fa2e38e3f4a0d21b4858dd174/element'
16:35:08.754 [Forwarding findElement on session 3a059c7fa2e38e3f4a0d21b4858dd174 to remote] DEBUG org.asynchttpclient.netty.request.NettyRequestSender - Using open Channel [id: 0x5d5c2d2b, L:/127.0.0.1:51095 - R:localhost/127.0.0.1:64352] for POST '/session/3a059c7fa2e38e3f4a0d21b4858dd174/element'
16:35:09.532 [AsyncHttpClient-1-2] DEBUG org.asynchttpclient.netty.handler.HttpHandler - 

Request DefaultHttpRequest(decodeResult: success, version: HTTP/1.1)
POST /session/3a059c7fa2e38e3f4a0d21b4858dd174/element HTTP/1.1
User-Agent: selenium/4.1.2 (java windows)
Content-Length: 91
Content-Type: application/json; charset=utf-8
host: localhost:64352
accept: */*

Response DefaultHttpResponse(decodeResult: success, version: HTTP/1.1)
HTTP/1.1 200 OK
Content-Type: application/json; charset=utf-8
cache-control: no-cache
content-length: 88

16:35:09.532 [AsyncHttpClient-1-2] DEBUG org.asynchttpclient.netty.channel.ChannelManager - Adding key: http://localhost:64352 for channel [id: 0x5d5c2d2b, L:/127.0.0.1:51095 - R:localhost/127.0.0.1:64352]
16:35:09.534 [Forwarding getElementTagName on session 3a059c7fa2e38e3f4a0d21b4858dd174 to remote] DEBUG org.asynchttpclient.netty.request.NettyRequestSender - Using pooled Channel '[id: 0x5d5c2d2b, L:/127.0.0.1:51095 - R:localhost/127.0.0.1:64352]' for 'GET' to 'http://localhost:64352/session/3a059c7fa2e38e3f4a0d21b4858dd174/element/895130cf-9bc9-4de1-90ad-75ac1d8f9221/name'
16:35:09.534 [Forwarding getElementTagName on session 3a059c7fa2e38e3f4a0d21b4858dd174 to remote] DEBUG org.asynchttpclient.netty.request.NettyRequestSender - Using open Channel [id: 0x5d5c2d2b, L:/127.0.0.1:51095 - R:localhost/127.0.0.1:64352] for GET '/session/3a059c7fa2e38e3f4a0d21b4858dd174/element/895130cf-9bc9-4de1-90ad-75ac1d8f9221/name'
16:35:09.541 [AsyncHttpClient-1-2] DEBUG org.asynchttpclient.netty.handler.HttpHandler - 

Request DefaultFullHttpRequest(decodeResult: success, version: HTTP/1.1, content: EmptyByteBufBE)
GET /session/3a059c7fa2e38e3f4a0d21b4858dd174/element/895130cf-9bc9-4de1-90ad-75ac1d8f9221/name HTTP/1.1
User-Agent: selenium/4.1.2 (java windows)
Cache-Control: no-cache
Content-Type: application/json; charset=utf-8
host: localhost:64352
accept: */*

Response DefaultHttpResponse(decodeResult: success, version: HTTP/1.1)
HTTP/1.1 200 OK
Content-Type: application/json; charset=utf-8
cache-control: no-cache
content-length: 18

16:35:09.541 [AsyncHttpClient-1-2] DEBUG org.asynchttpclient.netty.channel.ChannelManager - Adding key: http://localhost:64352 for channel [id: 0x5d5c2d2b, L:/127.0.0.1:51095 - R:localhost/127.0.0.1:64352]
16:35:09.543 [Forwarding getElementTagName on session 3a059c7fa2e38e3f4a0d21b4858dd174 to remote] DEBUG org.asynchttpclient.netty.request.NettyRequestSender - Using pooled Channel '[id: 0x5d5c2d2b, L:/127.0.0.1:51095 - R:localhost/127.0.0.1:64352]' for 'GET' to 'http://localhost:64352/session/3a059c7fa2e38e3f4a0d21b4858dd174/element/895130cf-9bc9-4de1-90ad-75ac1d8f9221/name'
16:35:09.543 [Forwarding getElementTagName on session 3a059c7fa2e38e3f4a0d21b4858dd174 to remote] DEBUG org.asynchttpclient.netty.request.NettyRequestSender - Using open Channel [id: 0x5d5c2d2b, L:/127.0.0.1:51095 - R:localhost/127.0.0.1:64352] for GET '/session/3a059c7fa2e38e3f4a0d21b4858dd174/element/895130cf-9bc9-4de1-90ad-75ac1d8f9221/name'
16:35:09.548 [AsyncHttpClient-1-2] DEBUG org.asynchttpclient.netty.handler.HttpHandler - 

Request DefaultFullHttpRequest(decodeResult: success, version: HTTP/1.1, content: EmptyByteBufBE)
GET /session/3a059c7fa2e38e3f4a0d21b4858dd174/element/895130cf-9bc9-4de1-90ad-75ac1d8f9221/name HTTP/1.1
User-Agent: selenium/4.1.2 (java windows)
Cache-Control: no-cache
Content-Type: application/json; charset=utf-8
host: localhost:64352
accept: */*

Response DefaultHttpResponse(decodeResult: success, version: HTTP/1.1)
HTTP/1.1 200 OK
Content-Type: application/json; charset=utf-8
cache-control: no-cache
content-length: 18

16:35:09.548 [AsyncHttpClient-1-2] DEBUG org.asynchttpclient.netty.channel.ChannelManager - Adding key: http://localhost:64352 for channel [id: 0x5d5c2d2b, L:/127.0.0.1:51095 - R:localhost/127.0.0.1:64352]
16:35:09.552 [Forwarding isElementEnabled on session 3a059c7fa2e38e3f4a0d21b4858dd174 to remote] DEBUG org.asynchttpclient.netty.request.NettyRequestSender - Using pooled Channel '[id: 0x5d5c2d2b, L:/127.0.0.1:51095 - R:localhost/127.0.0.1:64352]' for 'GET' to 'http://localhost:64352/session/3a059c7fa2e38e3f4a0d21b4858dd174/element/895130cf-9bc9-4de1-90ad-75ac1d8f9221/enabled'
16:35:09.552 [Forwarding isElementEnabled on session 3a059c7fa2e38e3f4a0d21b4858dd174 to remote] DEBUG org.asynchttpclient.netty.request.NettyRequestSender - Using open Channel [id: 0x5d5c2d2b, L:/127.0.0.1:51095 - R:localhost/127.0.0.1:64352] for GET '/session/3a059c7fa2e38e3f4a0d21b4858dd174/element/895130cf-9bc9-4de1-90ad-75ac1d8f9221/enabled'
16:35:09.565 [AsyncHttpClient-1-2] DEBUG org.asynchttpclient.netty.handler.HttpHandler - 

Request DefaultFullHttpRequest(decodeResult: success, version: HTTP/1.1, content: EmptyByteBufBE)
GET /session/3a059c7fa2e38e3f4a0d21b4858dd174/element/895130cf-9bc9-4de1-90ad-75ac1d8f9221/enabled HTTP/1.1
User-Agent: selenium/4.1.2 (java windows)
Cache-Control: no-cache
Content-Type: application/json; charset=utf-8
host: localhost:64352
accept: */*

Response DefaultHttpResponse(decodeResult: success, version: HTTP/1.1)
HTTP/1.1 200 OK
Content-Type: application/json; charset=utf-8
cache-control: no-cache
content-length: 14

16:35:09.566 [AsyncHttpClient-1-2] DEBUG org.asynchttpclient.netty.channel.ChannelManager - Adding key: http://localhost:64352 for channel [id: 0x5d5c2d2b, L:/127.0.0.1:51095 - R:localhost/127.0.0.1:64352]
16:35:09.567 [Forwarding isElementEnabled on session 3a059c7fa2e38e3f4a0d21b4858dd174 to remote] DEBUG org.asynchttpclient.netty.request.NettyRequestSender - Using pooled Channel '[id: 0x5d5c2d2b, L:/127.0.0.1:51095 - R:localhost/127.0.0.1:64352]' for 'GET' to 'http://localhost:64352/session/3a059c7fa2e38e3f4a0d21b4858dd174/element/895130cf-9bc9-4de1-90ad-75ac1d8f9221/enabled'
16:35:09.567 [Forwarding isElementEnabled on session 3a059c7fa2e38e3f4a0d21b4858dd174 to remote] DEBUG org.asynchttpclient.netty.request.NettyRequestSender - Using open Channel [id: 0x5d5c2d2b, L:/127.0.0.1:51095 - R:localhost/127.0.0.1:64352] for GET '/session/3a059c7fa2e38e3f4a0d21b4858dd174/element/895130cf-9bc9-4de1-90ad-75ac1d8f9221/enabled'
16:35:09.575 [AsyncHttpClient-1-2] DEBUG org.asynchttpclient.netty.handler.HttpHandler - 

Request DefaultFullHttpRequest(decodeResult: success, version: HTTP/1.1, content: EmptyByteBufBE)
GET /session/3a059c7fa2e38e3f4a0d21b4858dd174/element/895130cf-9bc9-4de1-90ad-75ac1d8f9221/enabled HTTP/1.1
User-Agent: selenium/4.1.2 (java windows)
Cache-Control: no-cache
Content-Type: application/json; charset=utf-8
host: localhost:64352
accept: */*

Response DefaultHttpResponse(decodeResult: success, version: HTTP/1.1)
HTTP/1.1 200 OK
Content-Type: application/json; charset=utf-8
cache-control: no-cache
content-length: 14

16:35:09.575 [AsyncHttpClient-1-2] DEBUG org.asynchttpclient.netty.channel.ChannelManager - Adding key: http://localhost:64352 for channel [id: 0x5d5c2d2b, L:/127.0.0.1:51095 - R:localhost/127.0.0.1:64352]
16:35:09.578 [Forwarding findElement on session 3a059c7fa2e38e3f4a0d21b4858dd174 to remote] DEBUG org.asynchttpclient.netty.request.NettyRequestSender - Using pooled Channel '[id: 0x5d5c2d2b, L:/127.0.0.1:51095 - R:localhost/127.0.0.1:64352]' for 'POST' to 'http://localhost:64352/session/3a059c7fa2e38e3f4a0d21b4858dd174/element'
16:35:09.578 [Forwarding findElement on session 3a059c7fa2e38e3f4a0d21b4858dd174 to remote] DEBUG org.asynchttpclient.netty.request.NettyRequestSender - Using open Channel [id: 0x5d5c2d2b, L:/127.0.0.1:51095 - R:localhost/127.0.0.1:64352] for POST '/session/3a059c7fa2e38e3f4a0d21b4858dd174/element'
16:35:09.589 [AsyncHttpClient-1-2] DEBUG org.asynchttpclient.netty.handler.HttpHandler - 

Request DefaultHttpRequest(decodeResult: success, version: HTTP/1.1)
POST /session/3a059c7fa2e38e3f4a0d21b4858dd174/element HTTP/1.1
User-Agent: selenium/4.1.2 (java windows)
Content-Length: 91
Content-Type: application/json; charset=utf-8
host: localhost:64352
accept: */*

Response DefaultHttpResponse(decodeResult: success, version: HTTP/1.1)
HTTP/1.1 200 OK
Content-Type: application/json; charset=utf-8
cache-control: no-cache
content-length: 88

16:35:09.589 [AsyncHttpClient-1-2] DEBUG org.asynchttpclient.netty.channel.ChannelManager - Adding key: http://localhost:64352 for channel [id: 0x5d5c2d2b, L:/127.0.0.1:51095 - R:localhost/127.0.0.1:64352]
16:35:09.590 [Forwarding clickElement on session 3a059c7fa2e38e3f4a0d21b4858dd174 to remote] DEBUG org.asynchttpclient.netty.request.NettyRequestSender - Using pooled Channel '[id: 0x5d5c2d2b, L:/127.0.0.1:51095 - R:localhost/127.0.0.1:64352]' for 'POST' to 'http://localhost:64352/session/3a059c7fa2e38e3f4a0d21b4858dd174/element/895130cf-9bc9-4de1-90ad-75ac1d8f9221/click'
16:35:09.590 [Forwarding clickElement on session 3a059c7fa2e38e3f4a0d21b4858dd174 to remote] DEBUG org.asynchttpclient.netty.request.NettyRequestSender - Using open Channel [id: 0x5d5c2d2b, L:/127.0.0.1:51095 - R:localhost/127.0.0.1:64352] for POST '/session/3a059c7fa2e38e3f4a0d21b4858dd174/element/895130cf-9bc9-4de1-90ad-75ac1d8f9221/click'
16:35:09.640 [AsyncHttpClient-1-1] DEBUG org.asynchttpclient.netty.channel.DefaultChannelPool - Entry count for : http://localhost:51096 : 1
16:35:09.808 [AsyncHttpClient-1-2] DEBUG org.asynchttpclient.netty.handler.HttpHandler - 

Request DefaultHttpRequest(decodeResult: success, version: HTTP/1.1)
POST /session/3a059c7fa2e38e3f4a0d21b4858dd174/element/895130cf-9bc9-4de1-90ad-75ac1d8f9221/click HTTP/1.1
User-Agent: selenium/4.1.2 (java windows)
Content-Length: 50
Content-Type: application/json; charset=utf-8
host: localhost:64352
accept: */*

Response DefaultHttpResponse(decodeResult: success, version: HTTP/1.1)
HTTP/1.1 200 OK
Content-Type: application/json; charset=utf-8
cache-control: no-cache
content-length: 14

16:35:09.808 [AsyncHttpClient-1-2] DEBUG org.asynchttpclient.netty.channel.ChannelManager - Adding key: http://localhost:64352 for channel [id: 0x5d5c2d2b, L:/127.0.0.1:51095 - R:localhost/127.0.0.1:64352]
16:35:09.821 [Forwarding screenshot on session 3a059c7fa2e38e3f4a0d21b4858dd174 to remote] DEBUG org.asynchttpclient.netty.request.NettyRequestSender - Using pooled Channel '[id: 0x5d5c2d2b, L:/127.0.0.1:51095 - R:localhost/127.0.0.1:64352]' for 'GET' to 'http://localhost:64352/session/3a059c7fa2e38e3f4a0d21b4858dd174/screenshot'
16:35:09.822 [Forwarding screenshot on session 3a059c7fa2e38e3f4a0d21b4858dd174 to remote] DEBUG org.asynchttpclient.netty.request.NettyRequestSender - Using open Channel [id: 0x5d5c2d2b, L:/127.0.0.1:51095 - R:localhost/127.0.0.1:64352] for GET '/session/3a059c7fa2e38e3f4a0d21b4858dd174/screenshot'
16:35:10.155 [AsyncHttpClient-1-2] DEBUG org.asynchttpclient.netty.handler.HttpHandler - 

Request DefaultFullHttpRequest(decodeResult: success, version: HTTP/1.1, content: EmptyByteBufBE)
GET /session/3a059c7fa2e38e3f4a0d21b4858dd174/screenshot HTTP/1.1
User-Agent: selenium/4.1.2 (java windows)
Cache-Control: no-cache
Content-Type: application/json; charset=utf-8
host: localhost:64352
accept: */*

Response DefaultHttpResponse(decodeResult: success, version: HTTP/1.1)
HTTP/1.1 200 OK
Content-Type: application/json; charset=utf-8
cache-control: no-cache
content-length: 129396

16:35:10.156 [AsyncHttpClient-1-2] DEBUG org.asynchttpclient.netty.channel.ChannelManager - Adding key: http://localhost:64352 for channel [id: 0x5d5c2d2b, L:/127.0.0.1:51095 - R:localhost/127.0.0.1:64352]
16:35:10.166 [main] DEBUG net.serenitybdd.core.photography.Darkroom - Send negative for processing for target\site\serenity\ecd62565030569057729aecd58e4cf6c65bc763c047ae6056f6a422355c39fd4.png
16:35:10.167 [main] DEBUG net.thucydides.core.steps.StepInterceptor - STEP DONE: clickEditDoctorButton
  &amp#27;[32mWhen &amp#27;[0m&amp#27;[32mI click Edit Doctor button&amp#27;[0m              &amp#27;[90m# starter.stepdefinitions.DoctorSteps.iClickEditDoctorButton()&amp#27;[0m
16:35:10.167 [Darkroom Processing Line] DEBUG net.serenitybdd.core.photography.DarkroomProcessingLine - Processing screenshot image in /var/screenshots/screenshot-18352449705250817330
16:35:10.167 [Darkroom Processing Line] DEBUG net.serenitybdd.core.photography.DarkroomProcessingLine - Saving screenshot to target\site\serenity\ecd62565030569057729aecd58e4cf6c65bc763c047ae6056f6a422355c39fd4.png
16:35:10.199 [main] DEBUG net.thucydides.core.steps.StepInterceptor - STARTING STEP: DoctorSteps.iChangeDoctorData - editDoctorPhoneNumber
16:35:10.208 [Forwarding findElement on session 3a059c7fa2e38e3f4a0d21b4858dd174 to remote] DEBUG org.asynchttpclient.netty.request.NettyRequestSender - Using pooled Channel '[id: 0x5d5c2d2b, L:/127.0.0.1:51095 - R:localhost/127.0.0.1:64352]' for 'POST' to 'http://localhost:64352/session/3a059c7fa2e38e3f4a0d21b4858dd174/element'
16:35:10.208 [Forwarding findElement on session 3a059c7fa2e38e3f4a0d21b4858dd174 to remote] DEBUG org.asynchttpclient.netty.request.NettyRequestSender - Using open Channel [id: 0x5d5c2d2b, L:/127.0.0.1:51095 - R:localhost/127.0.0.1:64352] for POST '/session/3a059c7fa2e38e3f4a0d21b4858dd174/element'
16:35:10.262 [AsyncHttpClient-1-2] DEBUG org.asynchttpclient.netty.handler.HttpHandler - 

Request DefaultHttpRequest(decodeResult: success, version: HTTP/1.1)
POST /session/3a059c7fa2e38e3f4a0d21b4858dd174/element HTTP/1.1
User-Agent: selenium/4.1.2 (java windows)
Content-Length: 139
Content-Type: application/json; charset=utf-8
host: localhost:64352
accept: */*

Response DefaultHttpResponse(decodeResult: success, version: HTTP/1.1)
HTTP/1.1 200 OK
Content-Type: application/json; charset=utf-8
cache-control: no-cache
content-length: 88

16:35:10.263 [AsyncHttpClient-1-2] DEBUG org.asynchttpclient.netty.channel.ChannelManager - Adding key: http://localhost:64352 for channel [id: 0x5d5c2d2b, L:/127.0.0.1:51095 - R:localhost/127.0.0.1:64352]
16:35:10.266 [Forwarding getElementTagName on session 3a059c7fa2e38e3f4a0d21b4858dd174 to remote] DEBUG org.asynchttpclient.netty.request.NettyRequestSender - Using pooled Channel '[id: 0x5d5c2d2b, L:/127.0.0.1:51095 - R:localhost/127.0.0.1:64352]' for 'GET' to 'http://localhost:64352/session/3a059c7fa2e38e3f4a0d21b4858dd174/element/ad8177a5-dfc2-44ef-b754-c8d77f02ef36/name'
16:35:10.266 [Forwarding getElementTagName on session 3a059c7fa2e38e3f4a0d21b4858dd174 to remote] DEBUG org.asynchttpclient.netty.request.NettyRequestSender - Using open Channel [id: 0x5d5c2d2b, L:/127.0.0.1:51095 - R:localhost/127.0.0.1:64352] for GET '/session/3a059c7fa2e38e3f4a0d21b4858dd174/element/ad8177a5-dfc2-44ef-b754-c8d77f02ef36/name'
16:35:10.276 [AsyncHttpClient-1-2] DEBUG org.asynchttpclient.netty.handler.HttpHandler - 

Request DefaultFullHttpRequest(decodeResult: success, version: HTTP/1.1, content: EmptyByteBufBE)
GET /session/3a059c7fa2e38e3f4a0d21b4858dd174/element/ad8177a5-dfc2-44ef-b754-c8d77f02ef36/name HTTP/1.1
User-Agent: selenium/4.1.2 (java windows)
Cache-Control: no-cache
Content-Type: application/json; charset=utf-8
host: localhost:64352
accept: */*

Response DefaultHttpResponse(decodeResult: success, version: HTTP/1.1)
HTTP/1.1 200 OK
Content-Type: application/json; charset=utf-8
cache-control: no-cache
content-length: 17

16:35:10.276 [AsyncHttpClient-1-2] DEBUG org.asynchttpclient.netty.channel.ChannelManager - Adding key: http://localhost:64352 for channel [id: 0x5d5c2d2b, L:/127.0.0.1:51095 - R:localhost/127.0.0.1:64352]
16:35:10.278 [Forwarding getElementTagName on session 3a059c7fa2e38e3f4a0d21b4858dd174 to remote] DEBUG org.asynchttpclient.netty.request.NettyRequestSender - Using pooled Channel '[id: 0x5d5c2d2b, L:/127.0.0.1:51095 - R:localhost/127.0.0.1:64352]' for 'GET' to 'http://localhost:64352/session/3a059c7fa2e38e3f4a0d21b4858dd174/element/ad8177a5-dfc2-44ef-b754-c8d77f02ef36/name'
16:35:10.278 [Forwarding getElementTagName on session 3a059c7fa2e38e3f4a0d21b4858dd174 to remote] DEBUG org.asynchttpclient.netty.request.NettyRequestSender - Using open Channel [id: 0x5d5c2d2b, L:/127.0.0.1:51095 - R:localhost/127.0.0.1:64352] for GET '/session/3a059c7fa2e38e3f4a0d21b4858dd174/element/ad8177a5-dfc2-44ef-b754-c8d77f02ef36/name'
16:35:10.289 [AsyncHttpClient-1-2] DEBUG org.asynchttpclient.netty.handler.HttpHandler - 

Request DefaultFullHttpRequest(decodeResult: success, version: HTTP/1.1, content: EmptyByteBufBE)
GET /session/3a059c7fa2e38e3f4a0d21b4858dd174/element/ad8177a5-dfc2-44ef-b754-c8d77f02ef36/name HTTP/1.1
User-Agent: selenium/4.1.2 (java windows)
Cache-Control: no-cache
Content-Type: application/json; charset=utf-8
host: localhost:64352
accept: */*

Response DefaultHttpResponse(decodeResult: success, version: HTTP/1.1)
HTTP/1.1 200 OK
Content-Type: application/json; charset=utf-8
cache-control: no-cache
content-length: 17

16:35:10.289 [AsyncHttpClient-1-2] DEBUG org.asynchttpclient.netty.channel.ChannelManager - Adding key: http://localhost:64352 for channel [id: 0x5d5c2d2b, L:/127.0.0.1:51095 - R:localhost/127.0.0.1:64352]
16:35:10.292 [Forwarding isElementEnabled on session 3a059c7fa2e38e3f4a0d21b4858dd174 to remote] DEBUG org.asynchttpclient.netty.request.NettyRequestSender - Using pooled Channel '[id: 0x5d5c2d2b, L:/127.0.0.1:51095 - R:localhost/127.0.0.1:64352]' for 'GET' to 'http://localhost:64352/session/3a059c7fa2e38e3f4a0d21b4858dd174/element/ad8177a5-dfc2-44ef-b754-c8d77f02ef36/enabled'
16:35:10.292 [Forwarding isElementEnabled on session 3a059c7fa2e38e3f4a0d21b4858dd174 to remote] DEBUG org.asynchttpclient.netty.request.NettyRequestSender - Using open Channel [id: 0x5d5c2d2b, L:/127.0.0.1:51095 - R:localhost/127.0.0.1:64352] for GET '/session/3a059c7fa2e38e3f4a0d21b4858dd174/element/ad8177a5-dfc2-44ef-b754-c8d77f02ef36/enabled'
16:35:10.312 [AsyncHttpClient-1-2] DEBUG org.asynchttpclient.netty.handler.HttpHandler - 

Request DefaultFullHttpRequest(decodeResult: success, version: HTTP/1.1, content: EmptyByteBufBE)
GET /session/3a059c7fa2e38e3f4a0d21b4858dd174/element/ad8177a5-dfc2-44ef-b754-c8d77f02ef36/enabled HTTP/1.1
User-Agent: selenium/4.1.2 (java windows)
Cache-Control: no-cache
Content-Type: application/json; charset=utf-8
host: localhost:64352
accept: */*

Response DefaultHttpResponse(decodeResult: success, version: HTTP/1.1)
HTTP/1.1 200 OK
Content-Type: application/json; charset=utf-8
cache-control: no-cache
content-length: 14

16:35:10.312 [AsyncHttpClient-1-2] DEBUG org.asynchttpclient.netty.channel.ChannelManager - Adding key: http://localhost:64352 for channel [id: 0x5d5c2d2b, L:/127.0.0.1:51095 - R:localhost/127.0.0.1:64352]
16:35:10.315 [Forwarding isElementEnabled on session 3a059c7fa2e38e3f4a0d21b4858dd174 to remote] DEBUG org.asynchttpclient.netty.request.NettyRequestSender - Using pooled Channel '[id: 0x5d5c2d2b, L:/127.0.0.1:51095 - R:localhost/127.0.0.1:64352]' for 'GET' to 'http://localhost:64352/session/3a059c7fa2e38e3f4a0d21b4858dd174/element/ad8177a5-dfc2-44ef-b754-c8d77f02ef36/enabled'
16:35:10.315 [Forwarding isElementEnabled on session 3a059c7fa2e38e3f4a0d21b4858dd174 to remote] DEBUG org.asynchttpclient.netty.request.NettyRequestSender - Using open Channel [id: 0x5d5c2d2b, L:/127.0.0.1:51095 - R:localhost/127.0.0.1:64352] for GET '/session/3a059c7fa2e38e3f4a0d21b4858dd174/element/ad8177a5-dfc2-44ef-b754-c8d77f02ef36/enabled'
16:35:10.328 [AsyncHttpClient-1-2] DEBUG org.asynchttpclient.netty.handler.HttpHandler - 

Request DefaultFullHttpRequest(decodeResult: success, version: HTTP/1.1, content: EmptyByteBufBE)
GET /session/3a059c7fa2e38e3f4a0d21b4858dd174/element/ad8177a5-dfc2-44ef-b754-c8d77f02ef36/enabled HTTP/1.1
User-Agent: selenium/4.1.2 (java windows)
Cache-Control: no-cache
Content-Type: application/json; charset=utf-8
host: localhost:64352
accept: */*

Response DefaultHttpResponse(decodeResult: success, version: HTTP/1.1)
HTTP/1.1 200 OK
Content-Type: application/json; charset=utf-8
cache-control: no-cache
content-length: 14

16:35:10.329 [AsyncHttpClient-1-2] DEBUG org.asynchttpclient.netty.channel.ChannelManager - Adding key: http://localhost:64352 for channel [id: 0x5d5c2d2b, L:/127.0.0.1:51095 - R:localhost/127.0.0.1:64352]
16:35:10.332 [Forwarding findElement on session 3a059c7fa2e38e3f4a0d21b4858dd174 to remote] DEBUG org.asynchttpclient.netty.request.NettyRequestSender - Using pooled Channel '[id: 0x5d5c2d2b, L:/127.0.0.1:51095 - R:localhost/127.0.0.1:64352]' for 'POST' to 'http://localhost:64352/session/3a059c7fa2e38e3f4a0d21b4858dd174/element'
16:35:10.332 [Forwarding findElement on session 3a059c7fa2e38e3f4a0d21b4858dd174 to remote] DEBUG org.asynchttpclient.netty.request.NettyRequestSender - Using open Channel [id: 0x5d5c2d2b, L:/127.0.0.1:51095 - R:localhost/127.0.0.1:64352] for POST '/session/3a059c7fa2e38e3f4a0d21b4858dd174/element'
16:35:10.345 [AsyncHttpClient-1-2] DEBUG org.asynchttpclient.netty.handler.HttpHandler - 

Request DefaultHttpRequest(decodeResult: success, version: HTTP/1.1)
POST /session/3a059c7fa2e38e3f4a0d21b4858dd174/element HTTP/1.1
User-Agent: selenium/4.1.2 (java windows)
Content-Length: 139
Content-Type: application/json; charset=utf-8
host: localhost:64352
accept: */*

Response DefaultHttpResponse(decodeResult: success, version: HTTP/1.1)
HTTP/1.1 200 OK
Content-Type: application/json; charset=utf-8
cache-control: no-cache
content-length: 88

16:35:10.345 [AsyncHttpClient-1-2] DEBUG org.asynchttpclient.netty.channel.ChannelManager - Adding key: http://localhost:64352 for channel [id: 0x5d5c2d2b, L:/127.0.0.1:51095 - R:localhost/127.0.0.1:64352]
16:35:10.347 [Forwarding clickElement on session 3a059c7fa2e38e3f4a0d21b4858dd174 to remote] DEBUG org.asynchttpclient.netty.request.NettyRequestSender - Using pooled Channel '[id: 0x5d5c2d2b, L:/127.0.0.1:51095 - R:localhost/127.0.0.1:64352]' for 'POST' to 'http://localhost:64352/session/3a059c7fa2e38e3f4a0d21b4858dd174/element/ad8177a5-dfc2-44ef-b754-c8d77f02ef36/click'
16:35:10.347 [Forwarding clickElement on session 3a059c7fa2e38e3f4a0d21b4858dd174 to remote] DEBUG org.asynchttpclient.netty.request.NettyRequestSender - Using open Channel [id: 0x5d5c2d2b, L:/127.0.0.1:51095 - R:localhost/127.0.0.1:64352] for POST '/session/3a059c7fa2e38e3f4a0d21b4858dd174/element/ad8177a5-dfc2-44ef-b754-c8d77f02ef36/click'
16:35:10.436 [AsyncHttpClient-1-2] DEBUG org.asynchttpclient.netty.handler.HttpHandler - 

Request DefaultHttpRequest(decodeResult: success, version: HTTP/1.1)
POST /session/3a059c7fa2e38e3f4a0d21b4858dd174/element/ad8177a5-dfc2-44ef-b754-c8d77f02ef36/click HTTP/1.1
User-Agent: selenium/4.1.2 (java windows)
Content-Length: 50
Content-Type: application/json; charset=utf-8
host: localhost:64352
accept: */*

Response DefaultHttpResponse(decodeResult: success, version: HTTP/1.1)
HTTP/1.1 200 OK
Content-Type: application/json; charset=utf-8
cache-control: no-cache
content-length: 14

16:35:10.436 [AsyncHttpClient-1-2] DEBUG org.asynchttpclient.netty.channel.ChannelManager - Adding key: http://localhost:64352 for channel [id: 0x5d5c2d2b, L:/127.0.0.1:51095 - R:localhost/127.0.0.1:64352]
16:35:10.444 [Forwarding findElement on session 3a059c7fa2e38e3f4a0d21b4858dd174 to remote] DEBUG org.asynchttpclient.netty.request.NettyRequestSender - Using pooled Channel '[id: 0x5d5c2d2b, L:/127.0.0.1:51095 - R:localhost/127.0.0.1:64352]' for 'POST' to 'http://localhost:64352/session/3a059c7fa2e38e3f4a0d21b4858dd174/element'
16:35:10.444 [Forwarding findElement on session 3a059c7fa2e38e3f4a0d21b4858dd174 to remote] DEBUG org.asynchttpclient.netty.request.NettyRequestSender - Using open Channel [id: 0x5d5c2d2b, L:/127.0.0.1:51095 - R:localhost/127.0.0.1:64352] for POST '/session/3a059c7fa2e38e3f4a0d21b4858dd174/element'
16:35:10.461 [AsyncHttpClient-1-2] DEBUG org.asynchttpclient.netty.handler.HttpHandler - 

Request DefaultHttpRequest(decodeResult: success, version: HTTP/1.1)
POST /session/3a059c7fa2e38e3f4a0d21b4858dd174/element HTTP/1.1
User-Agent: selenium/4.1.2 (java windows)
Content-Length: 139
Content-Type: application/json; charset=utf-8
host: localhost:64352
accept: */*

Response DefaultHttpResponse(decodeResult: success, version: HTTP/1.1)
HTTP/1.1 200 OK
Content-Type: application/json; charset=utf-8
cache-control: no-cache
content-length: 88

16:35:10.461 [AsyncHttpClient-1-2] DEBUG org.asynchttpclient.netty.channel.ChannelManager - Adding key: http://localhost:64352 for channel [id: 0x5d5c2d2b, L:/127.0.0.1:51095 - R:localhost/127.0.0.1:64352]
16:35:10.463 [Forwarding clearElement on session 3a059c7fa2e38e3f4a0d21b4858dd174 to remote] DEBUG org.asynchttpclient.netty.request.NettyRequestSender - Using pooled Channel '[id: 0x5d5c2d2b, L:/127.0.0.1:51095 - R:localhost/127.0.0.1:64352]' for 'POST' to 'http://localhost:64352/session/3a059c7fa2e38e3f4a0d21b4858dd174/element/ad8177a5-dfc2-44ef-b754-c8d77f02ef36/clear'
16:35:10.463 [Forwarding clearElement on session 3a059c7fa2e38e3f4a0d21b4858dd174 to remote] DEBUG org.asynchttpclient.netty.request.NettyRequestSender - Using open Channel [id: 0x5d5c2d2b, L:/127.0.0.1:51095 - R:localhost/127.0.0.1:64352] for POST '/session/3a059c7fa2e38e3f4a0d21b4858dd174/element/ad8177a5-dfc2-44ef-b754-c8d77f02ef36/clear'
16:35:10.515 [AsyncHttpClient-1-2] DEBUG org.asynchttpclient.netty.handler.HttpHandler - 

Request DefaultHttpRequest(decodeResult: success, version: HTTP/1.1)
POST /session/3a059c7fa2e38e3f4a0d21b4858dd174/element/ad8177a5-dfc2-44ef-b754-c8d77f02ef36/clear HTTP/1.1
User-Agent: selenium/4.1.2 (java windows)
Content-Length: 50
Content-Type: application/json; charset=utf-8
host: localhost:64352
accept: */*

Response DefaultHttpResponse(decodeResult: success, version: HTTP/1.1)
HTTP/1.1 200 OK
Content-Type: application/json; charset=utf-8
cache-control: no-cache
content-length: 14

16:35:10.515 [AsyncHttpClient-1-2] DEBUG org.asynchttpclient.netty.channel.ChannelManager - Adding key: http://localhost:64352 for channel [id: 0x5d5c2d2b, L:/127.0.0.1:51095 - R:localhost/127.0.0.1:64352]
16:35:10.540 [Forwarding findElement on session 3a059c7fa2e38e3f4a0d21b4858dd174 to remote] DEBUG org.asynchttpclient.netty.request.NettyRequestSender - Using pooled Channel '[id: 0x5d5c2d2b, L:/127.0.0.1:51095 - R:localhost/127.0.0.1:64352]' for 'POST' to 'http://localhost:64352/session/3a059c7fa2e38e3f4a0d21b4858dd174/element'
16:35:10.540 [Forwarding findElement on session 3a059c7fa2e38e3f4a0d21b4858dd174 to remote] DEBUG org.asynchttpclient.netty.request.NettyRequestSender - Using open Channel [id: 0x5d5c2d2b, L:/127.0.0.1:51095 - R:localhost/127.0.0.1:64352] for POST '/session/3a059c7fa2e38e3f4a0d21b4858dd174/element'
16:35:10.550 [AsyncHttpClient-1-2] DEBUG org.asynchttpclient.netty.handler.HttpHandler - 

Request DefaultHttpRequest(decodeResult: success, version: HTTP/1.1)
POST /session/3a059c7fa2e38e3f4a0d21b4858dd174/element HTTP/1.1
User-Agent: selenium/4.1.2 (java windows)
Content-Length: 139
Content-Type: application/json; charset=utf-8
host: localhost:64352
accept: */*

Response DefaultHttpResponse(decodeResult: success, version: HTTP/1.1)
HTTP/1.1 200 OK
Content-Type: application/json; charset=utf-8
cache-control: no-cache
content-length: 88

16:35:10.551 [AsyncHttpClient-1-2] DEBUG org.asynchttpclient.netty.channel.ChannelManager - Adding key: http://localhost:64352 for channel [id: 0x5d5c2d2b, L:/127.0.0.1:51095 - R:localhost/127.0.0.1:64352]
16:35:10.552 [Forwarding clearElement on session 3a059c7fa2e38e3f4a0d21b4858dd174 to remote] DEBUG org.asynchttpclient.netty.request.NettyRequestSender - Using pooled Channel '[id: 0x5d5c2d2b, L:/127.0.0.1:51095 - R:localhost/127.0.0.1:64352]' for 'POST' to 'http://localhost:64352/session/3a059c7fa2e38e3f4a0d21b4858dd174/element/ad8177a5-dfc2-44ef-b754-c8d77f02ef36/clear'
16:35:10.552 [Forwarding clearElement on session 3a059c7fa2e38e3f4a0d21b4858dd174 to remote] DEBUG org.asynchttpclient.netty.request.NettyRequestSender - Using open Channel [id: 0x5d5c2d2b, L:/127.0.0.1:51095 - R:localhost/127.0.0.1:64352] for POST '/session/3a059c7fa2e38e3f4a0d21b4858dd174/element/ad8177a5-dfc2-44ef-b754-c8d77f02ef36/clear'
16:35:10.587 [AsyncHttpClient-1-2] DEBUG org.asynchttpclient.netty.handler.HttpHandler - 

Request DefaultHttpRequest(decodeResult: success, version: HTTP/1.1)
POST /session/3a059c7fa2e38e3f4a0d21b4858dd174/element/ad8177a5-dfc2-44ef-b754-c8d77f02ef36/clear HTTP/1.1
User-Agent: selenium/4.1.2 (java windows)
Content-Length: 50
Content-Type: application/json; charset=utf-8
host: localhost:64352
accept: */*

Response DefaultHttpResponse(decodeResult: success, version: HTTP/1.1)
HTTP/1.1 200 OK
Content-Type: application/json; charset=utf-8
cache-control: no-cache
content-length: 14

16:35:10.587 [AsyncHttpClient-1-2] DEBUG org.asynchttpclient.netty.channel.ChannelManager - Adding key: http://localhost:64352 for channel [id: 0x5d5c2d2b, L:/127.0.0.1:51095 - R:localhost/127.0.0.1:64352]
16:35:10.589 [Forwarding sendKeysToElement on session 3a059c7fa2e38e3f4a0d21b4858dd174 to remote] DEBUG org.asynchttpclient.netty.request.NettyRequestSender - Using pooled Channel '[id: 0x5d5c2d2b, L:/127.0.0.1:51095 - R:localhost/127.0.0.1:64352]' for 'POST' to 'http://localhost:64352/session/3a059c7fa2e38e3f4a0d21b4858dd174/element/ad8177a5-dfc2-44ef-b754-c8d77f02ef36/value'
16:35:10.589 [Forwarding sendKeysToElement on session 3a059c7fa2e38e3f4a0d21b4858dd174 to remote] DEBUG org.asynchttpclient.netty.request.NettyRequestSender - Using open Channel [id: 0x5d5c2d2b, L:/127.0.0.1:51095 - R:localhost/127.0.0.1:64352] for POST '/session/3a059c7fa2e38e3f4a0d21b4858dd174/element/ad8177a5-dfc2-44ef-b754-c8d77f02ef36/value'
16:35:10.738 [AsyncHttpClient-1-1] DEBUG org.asynchttpclient.netty.channel.DefaultChannelPool - Entry count for : http://localhost:51096 : 1
16:35:10.907 [AsyncHttpClient-1-2] DEBUG org.asynchttpclient.netty.handler.HttpHandler - 

Request DefaultHttpRequest(decodeResult: success, version: HTTP/1.1)
POST /session/3a059c7fa2e38e3f4a0d21b4858dd174/element/ad8177a5-dfc2-44ef-b754-c8d77f02ef36/value HTTP/1.1
User-Agent: selenium/4.1.2 (java windows)
Content-Length: 181
Content-Type: application/json; charset=utf-8
host: localhost:64352
accept: */*

Response DefaultHttpResponse(decodeResult: success, version: HTTP/1.1)
HTTP/1.1 200 OK
Content-Type: application/json; charset=utf-8
cache-control: no-cache
content-length: 14

16:35:10.907 [AsyncHttpClient-1-2] DEBUG org.asynchttpclient.netty.channel.ChannelManager - Adding key: http://localhost:64352 for channel [id: 0x5d5c2d2b, L:/127.0.0.1:51095 - R:localhost/127.0.0.1:64352]
16:35:10.918 [Forwarding screenshot on session 3a059c7fa2e38e3f4a0d21b4858dd174 to remote] DEBUG org.asynchttpclient.netty.request.NettyRequestSender - Using pooled Channel '[id: 0x5d5c2d2b, L:/127.0.0.1:51095 - R:localhost/127.0.0.1:64352]' for 'GET' to 'http://localhost:64352/session/3a059c7fa2e38e3f4a0d21b4858dd174/screenshot'
16:35:10.918 [Forwarding screenshot on session 3a059c7fa2e38e3f4a0d21b4858dd174 to remote] DEBUG org.asynchttpclient.netty.request.NettyRequestSender - Using open Channel [id: 0x5d5c2d2b, L:/127.0.0.1:51095 - R:localhost/127.0.0.1:64352] for GET '/session/3a059c7fa2e38e3f4a0d21b4858dd174/screenshot'
16:35:11.065 [AsyncHttpClient-1-2] DEBUG org.asynchttpclient.netty.handler.HttpHandler - 

Request DefaultFullHttpRequest(decodeResult: success, version: HTTP/1.1, content: EmptyByteBufBE)
GET /session/3a059c7fa2e38e3f4a0d21b4858dd174/screenshot HTTP/1.1
User-Agent: selenium/4.1.2 (java windows)
Cache-Control: no-cache
Content-Type: application/json; charset=utf-8
host: localhost:64352
accept: */*

Response DefaultHttpResponse(decodeResult: success, version: HTTP/1.1)
HTTP/1.1 200 OK
Content-Type: application/json; charset=utf-8
cache-control: no-cache
content-length: 87328

16:35:11.065 [AsyncHttpClient-1-2] DEBUG org.asynchttpclient.netty.channel.ChannelManager - Adding key: http://localhost:64352 for channel [id: 0x5d5c2d2b, L:/127.0.0.1:51095 - R:localhost/127.0.0.1:64352]
16:35:11.073 [main] DEBUG net.serenitybdd.core.photography.Darkroom - Send negative for processing for target\site\serenity\0fb2994b8aa547b91e1a3d03915f1207aded20480678a989674457a46c23b35f.png
16:35:11.074 [main] DEBUG net.thucydides.core.steps.StepInterceptor - STEP DONE: editDoctorPhoneNumber
16:35:11.074 [Darkroom Processing Line] DEBUG net.serenitybdd.core.photography.DarkroomProcessingLine - Processing screenshot image in /var/screenshots/screenshot-5278906358498440432
16:35:11.074 [Darkroom Processing Line] DEBUG net.serenitybdd.core.photography.DarkroomProcessingLine - Saving screenshot to target\site\serenity\0fb2994b8aa547b91e1a3d03915f1207aded20480678a989674457a46c23b35f.png
16:35:11.088 [main] DEBUG net.thucydides.core.steps.StepInterceptor - STARTING STEP: DoctorSteps.iChangeDoctorData - clickSubmitButton
16:35:11.093 [Forwarding findElement on session 3a059c7fa2e38e3f4a0d21b4858dd174 to remote] DEBUG org.asynchttpclient.netty.request.NettyRequestSender - Using pooled Channel '[id: 0x5d5c2d2b, L:/127.0.0.1:51095 - R:localhost/127.0.0.1:64352]' for 'POST' to 'http://localhost:64352/session/3a059c7fa2e38e3f4a0d21b4858dd174/element'
16:35:11.093 [Forwarding findElement on session 3a059c7fa2e38e3f4a0d21b4858dd174 to remote] DEBUG org.asynchttpclient.netty.request.NettyRequestSender - Using open Channel [id: 0x5d5c2d2b, L:/127.0.0.1:51095 - R:localhost/127.0.0.1:64352] for POST '/session/3a059c7fa2e38e3f4a0d21b4858dd174/element'
16:35:11.135 [AsyncHttpClient-1-2] DEBUG org.asynchttpclient.netty.handler.HttpHandler - 

Request DefaultHttpRequest(decodeResult: success, version: HTTP/1.1)
POST /session/3a059c7fa2e38e3f4a0d21b4858dd174/element HTTP/1.1
User-Agent: selenium/4.1.2 (java windows)
Content-Length: 116
Content-Type: application/json; charset=utf-8
host: localhost:64352
accept: */*

Response DefaultHttpResponse(decodeResult: success, version: HTTP/1.1)
HTTP/1.1 200 OK
Content-Type: application/json; charset=utf-8
cache-control: no-cache
content-length: 88

16:35:11.135 [AsyncHttpClient-1-2] DEBUG org.asynchttpclient.netty.channel.ChannelManager - Adding key: http://localhost:64352 for channel [id: 0x5d5c2d2b, L:/127.0.0.1:51095 - R:localhost/127.0.0.1:64352]
16:35:11.137 [Forwarding getElementTagName on session 3a059c7fa2e38e3f4a0d21b4858dd174 to remote] DEBUG org.asynchttpclient.netty.request.NettyRequestSender - Using pooled Channel '[id: 0x5d5c2d2b, L:/127.0.0.1:51095 - R:localhost/127.0.0.1:64352]' for 'GET' to 'http://localhost:64352/session/3a059c7fa2e38e3f4a0d21b4858dd174/element/9907080a-2f78-4c14-b257-c8a7de84d2ee/name'
16:35:11.137 [Forwarding getElementTagName on session 3a059c7fa2e38e3f4a0d21b4858dd174 to remote] DEBUG org.asynchttpclient.netty.request.NettyRequestSender - Using open Channel [id: 0x5d5c2d2b, L:/127.0.0.1:51095 - R:localhost/127.0.0.1:64352] for GET '/session/3a059c7fa2e38e3f4a0d21b4858dd174/element/9907080a-2f78-4c14-b257-c8a7de84d2ee/name'
16:35:11.143 [AsyncHttpClient-1-2] DEBUG org.asynchttpclient.netty.handler.HttpHandler - 

Request DefaultFullHttpRequest(decodeResult: success, version: HTTP/1.1, content: EmptyByteBufBE)
GET /session/3a059c7fa2e38e3f4a0d21b4858dd174/element/9907080a-2f78-4c14-b257-c8a7de84d2ee/name HTTP/1.1
User-Agent: selenium/4.1.2 (java windows)
Cache-Control: no-cache
Content-Type: application/json; charset=utf-8
host: localhost:64352
accept: */*

Response DefaultHttpResponse(decodeResult: success, version: HTTP/1.1)
HTTP/1.1 200 OK
Content-Type: application/json; charset=utf-8
cache-control: no-cache
content-length: 18

16:35:11.143 [AsyncHttpClient-1-2] DEBUG org.asynchttpclient.netty.channel.ChannelManager - Adding key: http://localhost:64352 for channel [id: 0x5d5c2d2b, L:/127.0.0.1:51095 - R:localhost/127.0.0.1:64352]
16:35:11.144 [Forwarding getElementTagName on session 3a059c7fa2e38e3f4a0d21b4858dd174 to remote] DEBUG org.asynchttpclient.netty.request.NettyRequestSender - Using pooled Channel '[id: 0x5d5c2d2b, L:/127.0.0.1:51095 - R:localhost/127.0.0.1:64352]' for 'GET' to 'http://localhost:64352/session/3a059c7fa2e38e3f4a0d21b4858dd174/element/9907080a-2f78-4c14-b257-c8a7de84d2ee/name'
16:35:11.145 [Forwarding getElementTagName on session 3a059c7fa2e38e3f4a0d21b4858dd174 to remote] DEBUG org.asynchttpclient.netty.request.NettyRequestSender - Using open Channel [id: 0x5d5c2d2b, L:/127.0.0.1:51095 - R:localhost/127.0.0.1:64352] for GET '/session/3a059c7fa2e38e3f4a0d21b4858dd174/element/9907080a-2f78-4c14-b257-c8a7de84d2ee/name'
16:35:11.149 [AsyncHttpClient-1-2] DEBUG org.asynchttpclient.netty.handler.HttpHandler - 

Request DefaultFullHttpRequest(decodeResult: success, version: HTTP/1.1, content: EmptyByteBufBE)
GET /session/3a059c7fa2e38e3f4a0d21b4858dd174/element/9907080a-2f78-4c14-b257-c8a7de84d2ee/name HTTP/1.1
User-Agent: selenium/4.1.2 (java windows)
Cache-Control: no-cache
Content-Type: application/json; charset=utf-8
host: localhost:64352
accept: */*

Response DefaultHttpResponse(decodeResult: success, version: HTTP/1.1)
HTTP/1.1 200 OK
Content-Type: application/json; charset=utf-8
cache-control: no-cache
content-length: 18

16:35:11.149 [AsyncHttpClient-1-2] DEBUG org.asynchttpclient.netty.channel.ChannelManager - Adding key: http://localhost:64352 for channel [id: 0x5d5c2d2b, L:/127.0.0.1:51095 - R:localhost/127.0.0.1:64352]
16:35:11.153 [Forwarding isElementEnabled on session 3a059c7fa2e38e3f4a0d21b4858dd174 to remote] DEBUG org.asynchttpclient.netty.request.NettyRequestSender - Using pooled Channel '[id: 0x5d5c2d2b, L:/127.0.0.1:51095 - R:localhost/127.0.0.1:64352]' for 'GET' to 'http://localhost:64352/session/3a059c7fa2e38e3f4a0d21b4858dd174/element/9907080a-2f78-4c14-b257-c8a7de84d2ee/enabled'
16:35:11.153 [Forwarding isElementEnabled on session 3a059c7fa2e38e3f4a0d21b4858dd174 to remote] DEBUG org.asynchttpclient.netty.request.NettyRequestSender - Using open Channel [id: 0x5d5c2d2b, L:/127.0.0.1:51095 - R:localhost/127.0.0.1:64352] for GET '/session/3a059c7fa2e38e3f4a0d21b4858dd174/element/9907080a-2f78-4c14-b257-c8a7de84d2ee/enabled'
16:35:11.166 [AsyncHttpClient-1-2] DEBUG org.asynchttpclient.netty.handler.HttpHandler - 

Request DefaultFullHttpRequest(decodeResult: success, version: HTTP/1.1, content: EmptyByteBufBE)
GET /session/3a059c7fa2e38e3f4a0d21b4858dd174/element/9907080a-2f78-4c14-b257-c8a7de84d2ee/enabled HTTP/1.1
User-Agent: selenium/4.1.2 (java windows)
Cache-Control: no-cache
Content-Type: application/json; charset=utf-8
host: localhost:64352
accept: */*

Response DefaultHttpResponse(decodeResult: success, version: HTTP/1.1)
HTTP/1.1 200 OK
Content-Type: application/json; charset=utf-8
cache-control: no-cache
content-length: 14

16:35:11.166 [AsyncHttpClient-1-2] DEBUG org.asynchttpclient.netty.channel.ChannelManager - Adding key: http://localhost:64352 for channel [id: 0x5d5c2d2b, L:/127.0.0.1:51095 - R:localhost/127.0.0.1:64352]
16:35:11.167 [Forwarding isElementEnabled on session 3a059c7fa2e38e3f4a0d21b4858dd174 to remote] DEBUG org.asynchttpclient.netty.request.NettyRequestSender - Using pooled Channel '[id: 0x5d5c2d2b, L:/127.0.0.1:51095 - R:localhost/127.0.0.1:64352]' for 'GET' to 'http://localhost:64352/session/3a059c7fa2e38e3f4a0d21b4858dd174/element/9907080a-2f78-4c14-b257-c8a7de84d2ee/enabled'
16:35:11.167 [Forwarding isElementEnabled on session 3a059c7fa2e38e3f4a0d21b4858dd174 to remote] DEBUG org.asynchttpclient.netty.request.NettyRequestSender - Using open Channel [id: 0x5d5c2d2b, L:/127.0.0.1:51095 - R:localhost/127.0.0.1:64352] for GET '/session/3a059c7fa2e38e3f4a0d21b4858dd174/element/9907080a-2f78-4c14-b257-c8a7de84d2ee/enabled'
16:35:11.176 [AsyncHttpClient-1-2] DEBUG org.asynchttpclient.netty.handler.HttpHandler - 

Request DefaultFullHttpRequest(decodeResult: success, version: HTTP/1.1, content: EmptyByteBufBE)
GET /session/3a059c7fa2e38e3f4a0d21b4858dd174/element/9907080a-2f78-4c14-b257-c8a7de84d2ee/enabled HTTP/1.1
User-Agent: selenium/4.1.2 (java windows)
Cache-Control: no-cache
Content-Type: application/json; charset=utf-8
host: localhost:64352
accept: */*

Response DefaultHttpResponse(decodeResult: success, version: HTTP/1.1)
HTTP/1.1 200 OK
Content-Type: application/json; charset=utf-8
cache-control: no-cache
content-length: 14

16:35:11.176 [AsyncHttpClient-1-2] DEBUG org.asynchttpclient.netty.channel.ChannelManager - Adding key: http://localhost:64352 for channel [id: 0x5d5c2d2b, L:/127.0.0.1:51095 - R:localhost/127.0.0.1:64352]
16:35:11.178 [Forwarding findElement on session 3a059c7fa2e38e3f4a0d21b4858dd174 to remote] DEBUG org.asynchttpclient.netty.request.NettyRequestSender - Using pooled Channel '[id: 0x5d5c2d2b, L:/127.0.0.1:51095 - R:localhost/127.0.0.1:64352]' for 'POST' to 'http://localhost:64352/session/3a059c7fa2e38e3f4a0d21b4858dd174/element'
16:35:11.178 [Forwarding findElement on session 3a059c7fa2e38e3f4a0d21b4858dd174 to remote] DEBUG org.asynchttpclient.netty.request.NettyRequestSender - Using open Channel [id: 0x5d5c2d2b, L:/127.0.0.1:51095 - R:localhost/127.0.0.1:64352] for POST '/session/3a059c7fa2e38e3f4a0d21b4858dd174/element'
16:35:11.189 [AsyncHttpClient-1-2] DEBUG org.asynchttpclient.netty.handler.HttpHandler - 

Request DefaultHttpRequest(decodeResult: success, version: HTTP/1.1)
POST /session/3a059c7fa2e38e3f4a0d21b4858dd174/element HTTP/1.1
User-Agent: selenium/4.1.2 (java windows)
Content-Length: 116
Content-Type: application/json; charset=utf-8
host: localhost:64352
accept: */*

Response DefaultHttpResponse(decodeResult: success, version: HTTP/1.1)
HTTP/1.1 200 OK
Content-Type: application/json; charset=utf-8
cache-control: no-cache
content-length: 88

16:35:11.189 [AsyncHttpClient-1-2] DEBUG org.asynchttpclient.netty.channel.ChannelManager - Adding key: http://localhost:64352 for channel [id: 0x5d5c2d2b, L:/127.0.0.1:51095 - R:localhost/127.0.0.1:64352]
16:35:11.190 [Forwarding clickElement on session 3a059c7fa2e38e3f4a0d21b4858dd174 to remote] DEBUG org.asynchttpclient.netty.request.NettyRequestSender - Using pooled Channel '[id: 0x5d5c2d2b, L:/127.0.0.1:51095 - R:localhost/127.0.0.1:64352]' for 'POST' to 'http://localhost:64352/session/3a059c7fa2e38e3f4a0d21b4858dd174/element/9907080a-2f78-4c14-b257-c8a7de84d2ee/click'
16:35:11.191 [Forwarding clickElement on session 3a059c7fa2e38e3f4a0d21b4858dd174 to remote] DEBUG org.asynchttpclient.netty.request.NettyRequestSender - Using open Channel [id: 0x5d5c2d2b, L:/127.0.0.1:51095 - R:localhost/127.0.0.1:64352] for POST '/session/3a059c7fa2e38e3f4a0d21b4858dd174/element/9907080a-2f78-4c14-b257-c8a7de84d2ee/click'
16:35:11.321 [AsyncHttpClient-1-2] DEBUG org.asynchttpclient.netty.handler.HttpHandler - 

Request DefaultHttpRequest(decodeResult: success, version: HTTP/1.1)
POST /session/3a059c7fa2e38e3f4a0d21b4858dd174/element/9907080a-2f78-4c14-b257-c8a7de84d2ee/click HTTP/1.1
User-Agent: selenium/4.1.2 (java windows)
Content-Length: 50
Content-Type: application/json; charset=utf-8
host: localhost:64352
accept: */*

Response DefaultHttpResponse(decodeResult: success, version: HTTP/1.1)
HTTP/1.1 200 OK
Content-Type: application/json; charset=utf-8
cache-control: no-cache
content-length: 14

16:35:11.321 [AsyncHttpClient-1-2] DEBUG org.asynchttpclient.netty.channel.ChannelManager - Adding key: http://localhost:64352 for channel [id: 0x5d5c2d2b, L:/127.0.0.1:51095 - R:localhost/127.0.0.1:64352]
16:35:11.333 [Forwarding screenshot on session 3a059c7fa2e38e3f4a0d21b4858dd174 to remote] DEBUG org.asynchttpclient.netty.request.NettyRequestSender - Using pooled Channel '[id: 0x5d5c2d2b, L:/127.0.0.1:51095 - R:localhost/127.0.0.1:64352]' for 'GET' to 'http://localhost:64352/session/3a059c7fa2e38e3f4a0d21b4858dd174/screenshot'
16:35:11.333 [Forwarding screenshot on session 3a059c7fa2e38e3f4a0d21b4858dd174 to remote] DEBUG org.asynchttpclient.netty.request.NettyRequestSender - Using open Channel [id: 0x5d5c2d2b, L:/127.0.0.1:51095 - R:localhost/127.0.0.1:64352] for GET '/session/3a059c7fa2e38e3f4a0d21b4858dd174/screenshot'
16:35:11.520 [AsyncHttpClient-1-2] DEBUG org.asynchttpclient.netty.handler.HttpHandler - 

Request DefaultFullHttpRequest(decodeResult: success, version: HTTP/1.1, content: EmptyByteBufBE)
GET /session/3a059c7fa2e38e3f4a0d21b4858dd174/screenshot HTTP/1.1
User-Agent: selenium/4.1.2 (java windows)
Cache-Control: no-cache
Content-Type: application/json; charset=utf-8
host: localhost:64352
accept: */*

Response DefaultHttpResponse(decodeResult: success, version: HTTP/1.1)
HTTP/1.1 200 OK
Content-Type: application/json; charset=utf-8
cache-control: no-cache
content-length: 87200

16:35:11.521 [AsyncHttpClient-1-2] DEBUG org.asynchttpclient.netty.channel.ChannelManager - Adding key: http://localhost:64352 for channel [id: 0x5d5c2d2b, L:/127.0.0.1:51095 - R:localhost/127.0.0.1:64352]
16:35:11.526 [main] DEBUG net.serenitybdd.core.photography.Darkroom - Send negative for processing for target\site\serenity\a3e609c0c39b1413b7bce833bae081ca3ee6d7776f457cd77c79004e8a011b29.png
16:35:11.526 [main] DEBUG net.thucydides.core.steps.StepInterceptor - STEP DONE: clickSubmitButton
  &amp#27;[32mAnd &amp#27;[0m&amp#27;[32mI change doctor data&amp#27;[0m                     &amp#27;[90m# starter.stepdefinitions.DoctorSteps.iChangeDoctorData()&amp#27;[0m
16:35:11.526 [Darkroom Processing Line] DEBUG net.serenitybdd.core.photography.DarkroomProcessingLine - Processing screenshot image in /var/screenshots/screenshot-14319149426192055048
16:35:11.526 [Darkroom Processing Line] DEBUG net.serenitybdd.core.photography.DarkroomProcessingLine - Saving screenshot to target\site\serenity\a3e609c0c39b1413b7bce833bae081ca3ee6d7776f457cd77c79004e8a011b29.png
16:35:11.548 [Forwarding findElement on session 3a059c7fa2e38e3f4a0d21b4858dd174 to remote] DEBUG org.asynchttpclient.netty.request.NettyRequestSender - Using pooled Channel '[id: 0x5d5c2d2b, L:/127.0.0.1:51095 - R:localhost/127.0.0.1:64352]' for 'POST' to 'http://localhost:64352/session/3a059c7fa2e38e3f4a0d21b4858dd174/element'
16:35:11.548 [Forwarding findElement on session 3a059c7fa2e38e3f4a0d21b4858dd174 to remote] DEBUG org.asynchttpclient.netty.request.NettyRequestSender - Using open Channel [id: 0x5d5c2d2b, L:/127.0.0.1:51095 - R:localhost/127.0.0.1:64352] for POST '/session/3a059c7fa2e38e3f4a0d21b4858dd174/element'
16:35:11.837 [AsyncHttpClient-1-1] DEBUG org.asynchttpclient.netty.channel.DefaultChannelPool - Entry count for : http://localhost:51096 : 1
16:35:12.311 [AsyncHttpClient-1-2] DEBUG org.asynchttpclient.netty.handler.HttpHandler - 

Request DefaultHttpRequest(decodeResult: success, version: HTTP/1.1)
POST /session/3a059c7fa2e38e3f4a0d21b4858dd174/element HTTP/1.1
User-Agent: selenium/4.1.2 (java windows)
Content-Length: 74
Content-Type: application/json; charset=utf-8
host: localhost:64352
accept: */*

Response DefaultHttpResponse(decodeResult: success, version: HTTP/1.1)
HTTP/1.1 200 OK
Content-Type: application/json; charset=utf-8
cache-control: no-cache
content-length: 88

16:35:12.311 [AsyncHttpClient-1-2] DEBUG org.asynchttpclient.netty.channel.ChannelManager - Adding key: http://localhost:64352 for channel [id: 0x5d5c2d2b, L:/127.0.0.1:51095 - R:localhost/127.0.0.1:64352]
16:35:12.317 [Forwarding isElementDisplayed on session 3a059c7fa2e38e3f4a0d21b4858dd174 to remote] DEBUG org.asynchttpclient.netty.request.NettyRequestSender - Using pooled Channel '[id: 0x5d5c2d2b, L:/127.0.0.1:51095 - R:localhost/127.0.0.1:64352]' for 'POST' to 'http://localhost:64352/session/3a059c7fa2e38e3f4a0d21b4858dd174/execute/sync'
16:35:12.318 [Forwarding isElementDisplayed on session 3a059c7fa2e38e3f4a0d21b4858dd174 to remote] DEBUG org.asynchttpclient.netty.request.NettyRequestSender - Using open Channel [id: 0x5d5c2d2b, L:/127.0.0.1:51095 - R:localhost/127.0.0.1:64352] for POST '/session/3a059c7fa2e38e3f4a0d21b4858dd174/execute/sync'
16:35:12.355 [AsyncHttpClient-1-2] DEBUG org.asynchttpclient.netty.handler.HttpHandler - 

Request DefaultHttpRequest(decodeResult: success, version: HTTP/1.1)
POST /session/3a059c7fa2e38e3f4a0d21b4858dd174/execute/sync HTTP/1.1
User-Agent: selenium/4.1.2 (java windows)
Content-Length: 48780
Content-Type: application/json; charset=utf-8
host: localhost:64352
accept: */*

Response DefaultHttpResponse(decodeResult: success, version: HTTP/1.1)
HTTP/1.1 200 OK
Content-Type: application/json; charset=utf-8
cache-control: no-cache
content-length: 14

16:35:12.355 [AsyncHttpClient-1-2] DEBUG org.asynchttpclient.netty.channel.ChannelManager - Adding key: http://localhost:64352 for channel [id: 0x5d5c2d2b, L:/127.0.0.1:51095 - R:localhost/127.0.0.1:64352]
  &amp#27;[32mThen &amp#27;[0m&amp#27;[32mI get Edit Doctor has been added result&amp#27;[0m &amp#27;[90m# starter.stepdefinitions.DoctorSteps.iGetEditDoctorHasBeenAddedResult()&amp#27;[0m
16:35:12.367 [Forwarding screenshot on session 3a059c7fa2e38e3f4a0d21b4858dd174 to remote] DEBUG org.asynchttpclient.netty.request.NettyRequestSender - Using pooled Channel '[id: 0x5d5c2d2b, L:/127.0.0.1:51095 - R:localhost/127.0.0.1:64352]' for 'GET' to 'http://localhost:64352/session/3a059c7fa2e38e3f4a0d21b4858dd174/screenshot'
16:35:12.367 [Forwarding screenshot on session 3a059c7fa2e38e3f4a0d21b4858dd174 to remote] DEBUG org.asynchttpclient.netty.request.NettyRequestSender - Using open Channel [id: 0x5d5c2d2b, L:/127.0.0.1:51095 - R:localhost/127.0.0.1:64352] for GET '/session/3a059c7fa2e38e3f4a0d21b4858dd174/screenshot'
16:35:12.571 [AsyncHttpClient-1-2] DEBUG org.asynchttpclient.netty.handler.HttpHandler - 

Request DefaultFullHttpRequest(decodeResult: success, version: HTTP/1.1, content: EmptyByteBufBE)
GET /session/3a059c7fa2e38e3f4a0d21b4858dd174/screenshot HTTP/1.1
User-Agent: selenium/4.1.2 (java windows)
Cache-Control: no-cache
Content-Type: application/json; charset=utf-8
host: localhost:64352
accept: */*

Response DefaultHttpResponse(decodeResult: success, version: HTTP/1.1)
HTTP/1.1 200 OK
Content-Type: application/json; charset=utf-8
cache-control: no-cache
content-length: 105960

16:35:12.572 [AsyncHttpClient-1-2] DEBUG org.asynchttpclient.netty.channel.ChannelManager - Adding key: http://localhost:64352 for channel [id: 0x5d5c2d2b, L:/127.0.0.1:51095 - R:localhost/127.0.0.1:64352]
16:35:12.578 [main] DEBUG net.serenitybdd.core.photography.Darkroom - Send negative for processing for target\site\serenity\1f0ae19ed351702bc0238f96d7e85ff8f734b71e118716c4b7cb618dad368c2e.png
16:35:12.579 [Darkroom Processing Line] DEBUG net.serenitybdd.core.photography.DarkroomProcessingLine - Processing screenshot image in /var/screenshots/screenshot-11847287200983361809
16:35:12.579 [Darkroom Processing Line] DEBUG net.serenitybdd.core.photography.DarkroomProcessingLine - Saving screenshot to target\site\serenity\1f0ae19ed351702bc0238f96d7e85ff8f734b71e118716c4b7cb618dad368c2e.png
16:35:12.580 [main] INFO  - 
  _____   ___   ___   _____     ___     _     ___   ___   ___   ___  
 |_   _| | __| / __| |_   _|   | _ \   /_\   / __| / __| | __| |   \ 
   | |   | _|  \__ \   | |     |  _/  / _ \  \__ \ \__ \ | _|  | |) |
   |_|   |___| |___/   |_|     |_|   /_/ \_\ |___/ |___/ |___| |___/ 

Edit Doctor Data Scenario
----------------------------------------------------------------------
16:35:12.582 [AsyncHttpClient-1-4] DEBUG org.asynchttpclient.netty.handler.WebSocketHandler - Channel Closed: [id: 0xcb18f2bb, L:/127.0.0.1:51102 ! R:localhost/127.0.0.1:51096] with attribute NettyResponseFuture{currentRetry=5,
	isDone=1,
	isCancelled=0,
	asyncHandler=org.asynchttpclient.ws.WebSocketUpgradeHandler@68d54ae2,
	nettyRequest=org.asynchttpclient.netty.request.NettyRequest@1a14b325,
	future=java.util.concurrent.CompletableFuture@5f082458[Completed normally],
	uri=ws://localhost:51096/devtools/browser/e2d8c6db-052f-450c-b429-927ad332c3be,
	keepAlive=true,
	redirectCount=0,
	timeoutsHolder=null,
	inAuth=0,
	touch=1655717703719}
16:35:12.583 [AsyncHttpClient-1-4] DEBUG org.asynchttpclient.netty.channel.ChannelManager - Closing Channel [id: 0xcb18f2bb, L:/127.0.0.1:51102 ! R:localhost/127.0.0.1:51096] 
16:35:12.587 [Driver Command Executor] DEBUG org.asynchttpclient.netty.request.NettyRequestSender - Using pooled Channel '[id: 0x5d5c2d2b, L:/127.0.0.1:51095 - R:localhost/127.0.0.1:64352]' for 'DELETE' to 'http://localhost:64352/session/3a059c7fa2e38e3f4a0d21b4858dd174'
16:35:12.587 [Driver Command Executor] DEBUG org.asynchttpclient.netty.request.NettyRequestSender - Using open Channel [id: 0x5d5c2d2b, L:/127.0.0.1:51095 - R:localhost/127.0.0.1:64352] for DELETE '/session/3a059c7fa2e38e3f4a0d21b4858dd174'
16:35:12.686 [AsyncHttpClient-1-3] DEBUG org.asynchttpclient.netty.handler.HttpHandler - Unexpected I/O exception on channel [id: 0x1ffeaf4d, L:/127.0.0.1:51101 - R:localhost/127.0.0.1:51096]
java.net.SocketException: Connection reset
	at java.base/sun.nio.ch.SocketChannelImpl.throwConnectionReset(SocketChannelImpl.java:367)
	at java.base/sun.nio.ch.SocketChannelImpl.read(SocketChannelImpl.java:398)
	at io.netty.buffer.PooledByteBuf.setBytes(PooledByteBuf.java:258)
	at io.netty.buffer.AbstractByteBuf.writeBytes(AbstractByteBuf.java:1132)
	at io.netty.channel.socket.nio.NioSocketChannel.doReadBytes(NioSocketChannel.java:350)
	at io.netty.channel.nio.AbstractNioByteChannel$NioByteUnsafe.read(AbstractNioByteChannel.java:151)
	at io.netty.channel.nio.NioEventLoop.processSelectedKey(NioEventLoop.java:722)
	at io.netty.channel.nio.NioEventLoop.processSelectedKeysOptimized(NioEventLoop.java:658)
	at io.netty.channel.nio.NioEventLoop.processSelectedKeys(NioEventLoop.java:584)
	at io.netty.channel.nio.NioEventLoop.run(NioEventLoop.java:496)
	at io.netty.util.concurrent.SingleThreadEventExecutor$4.run(SingleThreadEventExecutor.java:986)
	at io.netty.util.internal.ThreadExecutorMap$2.run(ThreadExecutorMap.java:74)
	at io.netty.util.concurrent.FastThreadLocalRunnable.run(FastThreadLocalRunnable.java:30)
	at java.base/java.lang.Thread.run(Thread.java:832)
16:35:12.686 [AsyncHttpClient-1-3] DEBUG org.asynchttpclient.netty.channel.ChannelManager - Closing Channel [id: 0x1ffeaf4d, L:/127.0.0.1:51101 - R:localhost/127.0.0.1:51096] 
16:35:12.687 [AsyncHttpClient-1-3] DEBUG org.asynchttpclient.netty.handler.HttpHandler - Channel Closed: [id: 0x1ffeaf4d, L:/127.0.0.1:51101 ! R:localhost/127.0.0.1:51096] with attribute DISCARD
16:35:12.716 [AsyncHttpClient-1-2] DEBUG org.asynchttpclient.netty.handler.HttpHandler - 

Request DefaultFullHttpRequest(decodeResult: success, version: HTTP/1.1, content: EmptyByteBufBE)
DELETE /session/3a059c7fa2e38e3f4a0d21b4858dd174 HTTP/1.1
User-Agent: selenium/4.1.2 (java windows)
Content-Type: application/json; charset=utf-8
host: localhost:64352
accept: */*

Response DefaultHttpResponse(decodeResult: success, version: HTTP/1.1)
HTTP/1.1 200 OK
Content-Type: application/json; charset=utf-8
cache-control: no-cache
content-length: 14

16:35:12.716 [AsyncHttpClient-1-2] DEBUG org.asynchttpclient.netty.channel.ChannelManager - Adding key: http://localhost:64352 for channel [id: 0x5d5c2d2b, L:/127.0.0.1:51095 - R:localhost/127.0.0.1:64352]
16:35:12.879 [AsyncHttpClient-1-2] DEBUG org.asynchttpclient.netty.handler.HttpHandler - Channel Closed: [id: 0x5d5c2d2b, L:/127.0.0.1:51095 ! R:localhost/127.0.0.1:64352] with attribute DISCARD
16:35:12.937 [AsyncHttpClient-1-1] DEBUG org.asynchttpclient.netty.channel.DefaultChannelPool - Entry count for : http://localhost:51096 : 1
16:35:12.937 [AsyncHttpClient-1-1] DEBUG org.asynchttpclient.netty.channel.DefaultChannelPool - Entry count for : http://localhost:64352 : 1
16:35:12.937 [AsyncHttpClient-1-1] DEBUG org.asynchttpclient.netty.channel.DefaultChannelPool - Adding Candidate expired Channel [id: 0x1ffeaf4d, L:/127.0.0.1:51101 ! R:localhost/127.0.0.1:51096] isIdleTimeoutExpired=false isRemotelyClosed=true isTtlExpired=false
16:35:12.937 [AsyncHttpClient-1-1] DEBUG org.asynchttpclient.netty.channel.DefaultChannelPool - Closing Idle Channel [id: 0x1ffeaf4d, L:/127.0.0.1:51101 ! R:localhost/127.0.0.1:51096]
16:35:12.937 [AsyncHttpClient-1-1] DEBUG org.asynchttpclient.netty.channel.DefaultChannelPool - Adding Candidate expired Channel [id: 0x5d5c2d2b, L:/127.0.0.1:51095 ! R:localhost/127.0.0.1:64352] isIdleTimeoutExpired=false isRemotelyClosed=true isTtlExpired=false
16:35:12.937 [AsyncHttpClient-1-1] DEBUG org.asynchttpclient.netty.channel.DefaultChannelPool - Closing Idle Channel [id: 0x5d5c2d2b, L:/127.0.0.1:51095 ! R:localhost/127.0.0.1:64352]
16:35:12.937 [AsyncHttpClient-1-1] DEBUG org.asynchttpclient.netty.channel.DefaultChannelPool - Closed 2 connections out of 2 in 0 ms
]]></system-out>
    <system-err><![CDATA[Starting ChromeDriver 102.0.5005.61 (0e59bcc00cc4985ce39ad31c150065f159d95ad3-refs/branch-heads/5005@{#819}) on port 64352
Only local connections are allowed.
Please see https://chromedriver.chromium.org/security-considerations for suggestions on keeping ChromeDriver safe.
ChromeDriver was started successfully.
Jun 20, 2022 4:35:03 PM org.openqa.selenium.remote.ProtocolHandshake createSession
INFO: Detected dialect: W3C
Jun 20, 2022 4:35:03 PM org.openqa.selenium.devtools.CdpVersionFinder findNearestMatch
WARNING: Unable to find an exact match for CDP version 102, so returning the closest version found: a no-op implementation
Jun 20, 2022 4:35:03 PM org.openqa.selenium.devtools.CdpVersionFinder findNearestMatch
INFO: Unable to find CDP implementation matching 102.
Jun 20, 2022 4:35:03 PM org.openqa.selenium.chromium.ChromiumDriver lambda$new$3
WARNING: Unable to find version of CDP to use for . You may need to include a dependency on a specific version of the CDP using something similar to `org.seleniumhq.selenium:selenium-devtools-v86:4.1.2` where the version ("v86") matches the version of the chromium-based browser you're using and the version number of the artifact is the same as Selenium's.
]]></system-err>
  </testcase>
  <testcase name="Cancel Edit Doctor Data Scenario" classname="Doctor" time="11.481">
    <system-out><![CDATA[
@Doctor
Scenario: Cancel Edit Doctor Data Scenario &amp#27;[90m# src/test/resources/features/3.Doctor.feature:32&amp#27;[0m
16:35:13.427 [main] INFO io.cucumber.core.plugin.SerenityReporter - Running feature from file:///E:/My%20Documents/File%20Difa/TI%20Semester%206%20Kampus%20Merdeka%20Alterra/Tugas/CAPSTONE%20Project/Capstone-Project-Website/src/test/resources/features/3.Doctor.feature
16:35:13.429 [main] INFO  - 
  _____   ___   ___   _____     ___   _____     _     ___   _____   ___   ___  
 |_   _| | __| / __| |_   _|   / __| |_   _|   /_\   | _ \ |_   _| | __| |   \ 
   | |   | _|  \__ \   | |     \__ \   | |    / _ \  |   /   | |   | _|  | |) |
   |_|   |___| |___/   |_|     |___/   |_|   /_/ \_\ |_|_\   |_|   |___| |___/ 

Cancel Edit Doctor Data Scenario(doctor;cancel-edit-doctor-data-scenario)
--------------------------------------------------------------------------------
16:35:13.485 [main] DEBUG net.thucydides.core.steps.StepInterceptor - STARTING STEP: DoctorSteps.iAmAtTheDashboardPage - openUrl
16:35:13.488 [main] INFO net.serenitybdd.core.webdriver.driverproviders.ChromeDriverProvider - Using automatically driver download
16:35:13.904 [main] DEBUG io.github.bonigarcia.wdm.cache.ResolutionCache - Resolution chrome=102 in cache (valid until 16:47:55 20/06/2022 ICT)
16:35:13.912 [main] DEBUG io.github.bonigarcia.wdm.cache.ResolutionCache - Resolution chrome102=102.0.5005.61 in cache (valid until 09:12:44 21/06/2022 ICT)
16:35:13.915 [main] INFO io.github.bonigarcia.wdm.WebDriverManager - Using chromedriver 102.0.5005.61 (resolved driver for Chrome 102)
16:35:13.950 [main] DEBUG io.github.bonigarcia.wdm.WebDriverManager - Driver chromedriver 102.0.5005.61 found in cache
16:35:13.951 [main] INFO io.github.bonigarcia.wdm.WebDriverManager - Exporting webdriver.chrome.driver as C:\Users\USER\.cache\selenium\chromedriver\win32\102.0.5005.61\chromedriver.exe
16:35:14.197 [main] DEBUG net.serenitybdd.core.webdriver.driverproviders.ProvideNewDriver - Instantiating driver
16:35:14.197 [main] DEBUG net.serenitybdd.core.webdriver.driverproviders.ProvideNewDriver - Driver capabilities: Capabilities {acceptInsecureCerts: false, base.url: https://hospital-management..., browserName: chrome, chrome.driver: src/test/resources/webdrive..., driver: chrome, goog:chromeOptions: {args: [], extensions: []}}
16:35:14.729 [AsyncHttpClient-1-5] DEBUG org.asynchttpclient.netty.channel.NettyConnectListener - Using new Channel '[id: 0x0f638373, L:/127.0.0.1:51120 - R:localhost/127.0.0.1:52101]' for 'POST' to '/session'
16:35:15.928 [AsyncHttpClient-1-5] DEBUG org.asynchttpclient.netty.handler.HttpHandler - 

Request DefaultHttpRequest(decodeResult: success, version: HTTP/1.1)
POST /session HTTP/1.1
User-Agent: selenium/4.1.2 (java windows)
Content-Length: 621
Content-Type: application/json; charset=utf-8
host: localhost:52101
accept: */*

Response DefaultHttpResponse(decodeResult: success, version: HTTP/1.1)
HTTP/1.1 200 OK
Content-Type: application/json; charset=utf-8
cache-control: no-cache
content-length: 788

16:35:15.929 [AsyncHttpClient-1-5] DEBUG org.asynchttpclient.netty.channel.ChannelManager - Adding key: http://localhost:52101 for channel [id: 0x0f638373, L:/127.0.0.1:51120 - R:localhost/127.0.0.1:52101]
16:35:15.936 [AsyncHttpClient-1-6] DEBUG org.asynchttpclient.netty.channel.NettyConnectListener - Using new Channel '[id: 0x14349784, L:/127.0.0.1:51127 - R:localhost/127.0.0.1:51121]' for 'GET' to '/json/version'
16:35:15.947 [AsyncHttpClient-1-6] DEBUG org.asynchttpclient.netty.handler.HttpHandler - 

Request DefaultFullHttpRequest(decodeResult: success, version: HTTP/1.1, content: EmptyByteBufBE)
GET /json/version HTTP/1.1
User-Agent: selenium/4.1.2 (java windows)
host: localhost:51121
accept: */*

Response DefaultHttpResponse(decodeResult: success, version: HTTP/1.1)
HTTP/1.1 200 OK
Content-Type: application/json; charset=UTF-8
content-length: 427

16:35:15.947 [AsyncHttpClient-1-6] DEBUG org.asynchttpclient.netty.channel.ChannelManager - Adding key: http://localhost:51121 for channel [id: 0x14349784, L:/127.0.0.1:51127 - R:localhost/127.0.0.1:51121]
16:35:15.950 [AsyncHttpClient-1-7] DEBUG org.asynchttpclient.netty.channel.NettyConnectListener - Using new Channel '[id: 0xb217fa96, L:/127.0.0.1:51128 - R:localhost/127.0.0.1:51121]' for 'GET' to '/devtools/browser/6de86926-8411-4d07-bbe9-4732de15a007'
16:35:15.956 [AsyncHttpClient-1-7] DEBUG org.asynchttpclient.netty.handler.WebSocketHandler - 

Request DefaultFullHttpRequest(decodeResult: success, version: HTTP/1.1, content: EmptyByteBufBE)
GET /devtools/browser/6de86926-8411-4d07-bbe9-4732de15a007 HTTP/1.1
upgrade: websocket
connection: upgrade
sec-websocket-key: zZ6/2/SNIBr++FYkLNnRlw==
sec-websocket-version: 13
origin: http://localhost:51121
host: localhost:51121
accept: */*
user-agent: AHC/2.1

Response DefaultHttpResponse(decodeResult: success, version: HTTP/1.1)
HTTP/1.1 101 WebSocket Protocol Handshake
Upgrade: WebSocket
Connection: Upgrade
Sec-WebSocket-Accept: cp3baU+UDwE+Z2Kiy3kElXf06FQ=

16:35:15.967 [Forwarding maximizeCurrentWindow on session ee85139c8768cf2f9ecc1cc82589a524 to remote] DEBUG org.asynchttpclient.netty.request.NettyRequestSender - Using pooled Channel '[id: 0x0f638373, L:/127.0.0.1:51120 - R:localhost/127.0.0.1:52101]' for 'POST' to 'http://localhost:52101/session/ee85139c8768cf2f9ecc1cc82589a524/window/maximize'
16:35:15.967 [Forwarding maximizeCurrentWindow on session ee85139c8768cf2f9ecc1cc82589a524 to remote] DEBUG org.asynchttpclient.netty.request.NettyRequestSender - Using open Channel [id: 0x0f638373, L:/127.0.0.1:51120 - R:localhost/127.0.0.1:52101] for POST '/session/ee85139c8768cf2f9ecc1cc82589a524/window/maximize'
16:35:16.121 [AsyncHttpClient-1-5] DEBUG org.asynchttpclient.netty.handler.HttpHandler - 

Request DefaultHttpRequest(decodeResult: success, version: HTTP/1.1)
POST /session/ee85139c8768cf2f9ecc1cc82589a524/window/maximize HTTP/1.1
User-Agent: selenium/4.1.2 (java windows)
Content-Length: 3
Content-Type: application/json; charset=utf-8
host: localhost:52101
accept: */*

Response DefaultHttpResponse(decodeResult: success, version: HTTP/1.1)
HTTP/1.1 200 OK
Content-Type: application/json; charset=utf-8
cache-control: no-cache
content-length: 51

16:35:16.121 [AsyncHttpClient-1-5] DEBUG org.asynchttpclient.netty.channel.ChannelManager - Adding key: http://localhost:52101 for channel [id: 0x0f638373, L:/127.0.0.1:51120 - R:localhost/127.0.0.1:52101]
16:35:16.125 [Forwarding get on session ee85139c8768cf2f9ecc1cc82589a524 to remote] DEBUG org.asynchttpclient.netty.request.NettyRequestSender - Using pooled Channel '[id: 0x0f638373, L:/127.0.0.1:51120 - R:localhost/127.0.0.1:52101]' for 'POST' to 'http://localhost:52101/session/ee85139c8768cf2f9ecc1cc82589a524/url'
16:35:16.125 [Forwarding get on session ee85139c8768cf2f9ecc1cc82589a524 to remote] DEBUG org.asynchttpclient.netty.request.NettyRequestSender - Using open Channel [id: 0x0f638373, L:/127.0.0.1:51120 - R:localhost/127.0.0.1:52101] for POST '/session/ee85139c8768cf2f9ecc1cc82589a524/url'
16:35:16.237 [AsyncHttpClient-1-1] DEBUG org.asynchttpclient.netty.channel.DefaultChannelPool - Entry count for : http://localhost:51121 : 1
16:35:17.337 [AsyncHttpClient-1-1] DEBUG org.asynchttpclient.netty.channel.DefaultChannelPool - Entry count for : http://localhost:51121 : 1
16:35:18.437 [AsyncHttpClient-1-1] DEBUG org.asynchttpclient.netty.channel.DefaultChannelPool - Entry count for : http://localhost:51121 : 1
16:35:19.538 [AsyncHttpClient-1-1] DEBUG org.asynchttpclient.netty.channel.DefaultChannelPool - Entry count for : http://localhost:51121 : 1
16:35:19.651 [AsyncHttpClient-1-5] DEBUG org.asynchttpclient.netty.handler.HttpHandler - 

Request DefaultHttpRequest(decodeResult: success, version: HTTP/1.1)
POST /session/ee85139c8768cf2f9ecc1cc82589a524/url HTTP/1.1
User-Agent: selenium/4.1.2 (java windows)
Content-Length: 65
Content-Type: application/json; charset=utf-8
host: localhost:52101
accept: */*

Response DefaultHttpResponse(decodeResult: success, version: HTTP/1.1)
HTTP/1.1 200 OK
Content-Type: application/json; charset=utf-8
cache-control: no-cache
content-length: 14

16:35:19.651 [AsyncHttpClient-1-5] DEBUG org.asynchttpclient.netty.channel.ChannelManager - Adding key: http://localhost:52101 for channel [id: 0x0f638373, L:/127.0.0.1:51120 - R:localhost/127.0.0.1:52101]
16:35:19.653 [Forwarding setTimeout on session ee85139c8768cf2f9ecc1cc82589a524 to remote] DEBUG org.asynchttpclient.netty.request.NettyRequestSender - Using pooled Channel '[id: 0x0f638373, L:/127.0.0.1:51120 - R:localhost/127.0.0.1:52101]' for 'POST' to 'http://localhost:52101/session/ee85139c8768cf2f9ecc1cc82589a524/timeouts'
16:35:19.653 [Forwarding setTimeout on session ee85139c8768cf2f9ecc1cc82589a524 to remote] DEBUG org.asynchttpclient.netty.request.NettyRequestSender - Using open Channel [id: 0x0f638373, L:/127.0.0.1:51120 - R:localhost/127.0.0.1:52101] for POST '/session/ee85139c8768cf2f9ecc1cc82589a524/timeouts'
16:35:19.654 [AsyncHttpClient-1-5] DEBUG org.asynchttpclient.netty.handler.HttpHandler - 

Request DefaultHttpRequest(decodeResult: success, version: HTTP/1.1)
POST /session/ee85139c8768cf2f9ecc1cc82589a524/timeouts HTTP/1.1
User-Agent: selenium/4.1.2 (java windows)
Content-Length: 22
Content-Type: application/json; charset=utf-8
host: localhost:52101
accept: */*

Response DefaultHttpResponse(decodeResult: success, version: HTTP/1.1)
HTTP/1.1 200 OK
Content-Type: application/json; charset=utf-8
cache-control: no-cache
content-length: 14

16:35:19.655 [AsyncHttpClient-1-5] DEBUG org.asynchttpclient.netty.channel.ChannelManager - Adding key: http://localhost:52101 for channel [id: 0x0f638373, L:/127.0.0.1:51120 - R:localhost/127.0.0.1:52101]
16:35:19.661 [Forwarding getCurrentUrl on session ee85139c8768cf2f9ecc1cc82589a524 to remote] DEBUG org.asynchttpclient.netty.request.NettyRequestSender - Using pooled Channel '[id: 0x0f638373, L:/127.0.0.1:51120 - R:localhost/127.0.0.1:52101]' for 'GET' to 'http://localhost:52101/session/ee85139c8768cf2f9ecc1cc82589a524/url'
16:35:19.661 [Forwarding getCurrentUrl on session ee85139c8768cf2f9ecc1cc82589a524 to remote] DEBUG org.asynchttpclient.netty.request.NettyRequestSender - Using open Channel [id: 0x0f638373, L:/127.0.0.1:51120 - R:localhost/127.0.0.1:52101] for GET '/session/ee85139c8768cf2f9ecc1cc82589a524/url'
16:35:19.670 [AsyncHttpClient-1-5] DEBUG org.asynchttpclient.netty.handler.HttpHandler - 

Request DefaultFullHttpRequest(decodeResult: success, version: HTTP/1.1, content: EmptyByteBufBE)
GET /session/ee85139c8768cf2f9ecc1cc82589a524/url HTTP/1.1
User-Agent: selenium/4.1.2 (java windows)
Cache-Control: no-cache
Content-Type: application/json; charset=utf-8
host: localhost:52101
accept: */*

Response DefaultHttpResponse(decodeResult: success, version: HTTP/1.1)
HTTP/1.1 200 OK
Content-Type: application/json; charset=utf-8
cache-control: no-cache
content-length: 53

16:35:19.670 [AsyncHttpClient-1-5] DEBUG org.asynchttpclient.netty.channel.ChannelManager - Adding key: http://localhost:52101 for channel [id: 0x0f638373, L:/127.0.0.1:51120 - R:localhost/127.0.0.1:52101]
16:35:19.674 [Forwarding getCurrentUrl on session ee85139c8768cf2f9ecc1cc82589a524 to remote] DEBUG org.asynchttpclient.netty.request.NettyRequestSender - Using pooled Channel '[id: 0x0f638373, L:/127.0.0.1:51120 - R:localhost/127.0.0.1:52101]' for 'GET' to 'http://localhost:52101/session/ee85139c8768cf2f9ecc1cc82589a524/url'
16:35:19.674 [Forwarding getCurrentUrl on session ee85139c8768cf2f9ecc1cc82589a524 to remote] DEBUG org.asynchttpclient.netty.request.NettyRequestSender - Using open Channel [id: 0x0f638373, L:/127.0.0.1:51120 - R:localhost/127.0.0.1:52101] for GET '/session/ee85139c8768cf2f9ecc1cc82589a524/url'
16:35:19.680 [AsyncHttpClient-1-5] DEBUG org.asynchttpclient.netty.handler.HttpHandler - 

Request DefaultFullHttpRequest(decodeResult: success, version: HTTP/1.1, content: EmptyByteBufBE)
GET /session/ee85139c8768cf2f9ecc1cc82589a524/url HTTP/1.1
User-Agent: selenium/4.1.2 (java windows)
Cache-Control: no-cache
Content-Type: application/json; charset=utf-8
host: localhost:52101
accept: */*

Response DefaultHttpResponse(decodeResult: success, version: HTTP/1.1)
HTTP/1.1 200 OK
Content-Type: application/json; charset=utf-8
cache-control: no-cache
content-length: 53

16:35:19.680 [AsyncHttpClient-1-5] DEBUG org.asynchttpclient.netty.channel.ChannelManager - Adding key: http://localhost:52101 for channel [id: 0x0f638373, L:/127.0.0.1:51120 - R:localhost/127.0.0.1:52101]
16:35:19.686 [Forwarding screenshot on session ee85139c8768cf2f9ecc1cc82589a524 to remote] DEBUG org.asynchttpclient.netty.request.NettyRequestSender - Using pooled Channel '[id: 0x0f638373, L:/127.0.0.1:51120 - R:localhost/127.0.0.1:52101]' for 'GET' to 'http://localhost:52101/session/ee85139c8768cf2f9ecc1cc82589a524/screenshot'
16:35:19.686 [Forwarding screenshot on session ee85139c8768cf2f9ecc1cc82589a524 to remote] DEBUG org.asynchttpclient.netty.request.NettyRequestSender - Using open Channel [id: 0x0f638373, L:/127.0.0.1:51120 - R:localhost/127.0.0.1:52101] for GET '/session/ee85139c8768cf2f9ecc1cc82589a524/screenshot'
16:35:19.946 [AsyncHttpClient-1-5] DEBUG org.asynchttpclient.netty.handler.HttpHandler - 

Request DefaultFullHttpRequest(decodeResult: success, version: HTTP/1.1, content: EmptyByteBufBE)
GET /session/ee85139c8768cf2f9ecc1cc82589a524/screenshot HTTP/1.1
User-Agent: selenium/4.1.2 (java windows)
Cache-Control: no-cache
Content-Type: application/json; charset=utf-8
host: localhost:52101
accept: */*

Response DefaultHttpResponse(decodeResult: success, version: HTTP/1.1)
HTTP/1.1 200 OK
Content-Type: application/json; charset=utf-8
cache-control: no-cache
content-length: 382596

16:35:19.948 [AsyncHttpClient-1-5] DEBUG org.asynchttpclient.netty.channel.ChannelManager - Adding key: http://localhost:52101 for channel [id: 0x0f638373, L:/127.0.0.1:51120 - R:localhost/127.0.0.1:52101]
16:35:19.979 [main] DEBUG net.serenitybdd.core.photography.Darkroom - Send negative for processing for target\site\serenity\ed15a54c91c342d96a850276df7b559f4526b370fc93040e3c407a48a170f368.png
16:35:19.980 [main] DEBUG net.thucydides.core.steps.StepInterceptor - STEP DONE: openUrl
16:35:19.990 [main] DEBUG net.thucydides.core.steps.StepInterceptor - STARTING STEP: DoctorSteps.iAmAtTheDashboardPage - validateOnDashboardPage
16:35:19.993 [Forwarding findElement on session ee85139c8768cf2f9ecc1cc82589a524 to remote] DEBUG org.asynchttpclient.netty.request.NettyRequestSender - Using pooled Channel '[id: 0x0f638373, L:/127.0.0.1:51120 - R:localhost/127.0.0.1:52101]' for 'POST' to 'http://localhost:52101/session/ee85139c8768cf2f9ecc1cc82589a524/element'
16:35:19.993 [Forwarding findElement on session ee85139c8768cf2f9ecc1cc82589a524 to remote] DEBUG org.asynchttpclient.netty.request.NettyRequestSender - Using open Channel [id: 0x0f638373, L:/127.0.0.1:51120 - R:localhost/127.0.0.1:52101] for POST '/session/ee85139c8768cf2f9ecc1cc82589a524/element'
16:35:20.008 [AsyncHttpClient-1-5] DEBUG org.asynchttpclient.netty.handler.HttpHandler - 

Request DefaultHttpRequest(decodeResult: success, version: HTTP/1.1)
POST /session/ee85139c8768cf2f9ecc1cc82589a524/element HTTP/1.1
User-Agent: selenium/4.1.2 (java windows)
Content-Length: 81
Content-Type: application/json; charset=utf-8
host: localhost:52101
accept: */*

Response DefaultHttpResponse(decodeResult: success, version: HTTP/1.1)
HTTP/1.1 200 OK
Content-Type: application/json; charset=utf-8
cache-control: no-cache
content-length: 88

16:35:20.008 [AsyncHttpClient-1-5] DEBUG org.asynchttpclient.netty.channel.ChannelManager - Adding key: http://localhost:52101 for channel [id: 0x0f638373, L:/127.0.0.1:51120 - R:localhost/127.0.0.1:52101]
16:35:20.012 [Forwarding isElementDisplayed on session ee85139c8768cf2f9ecc1cc82589a524 to remote] DEBUG org.asynchttpclient.netty.request.NettyRequestSender - Using pooled Channel '[id: 0x0f638373, L:/127.0.0.1:51120 - R:localhost/127.0.0.1:52101]' for 'POST' to 'http://localhost:52101/session/ee85139c8768cf2f9ecc1cc82589a524/execute/sync'
16:35:20.012 [Forwarding isElementDisplayed on session ee85139c8768cf2f9ecc1cc82589a524 to remote] DEBUG org.asynchttpclient.netty.request.NettyRequestSender - Using open Channel [id: 0x0f638373, L:/127.0.0.1:51120 - R:localhost/127.0.0.1:52101] for POST '/session/ee85139c8768cf2f9ecc1cc82589a524/execute/sync'
16:35:20.031 [AsyncHttpClient-1-5] DEBUG org.asynchttpclient.netty.handler.HttpHandler - 

Request DefaultHttpRequest(decodeResult: success, version: HTTP/1.1)
POST /session/ee85139c8768cf2f9ecc1cc82589a524/execute/sync HTTP/1.1
User-Agent: selenium/4.1.2 (java windows)
Content-Length: 48780
Content-Type: application/json; charset=utf-8
host: localhost:52101
accept: */*

Response DefaultHttpResponse(decodeResult: success, version: HTTP/1.1)
HTTP/1.1 200 OK
Content-Type: application/json; charset=utf-8
cache-control: no-cache
content-length: 14

16:35:20.032 [AsyncHttpClient-1-5] DEBUG org.asynchttpclient.netty.channel.ChannelManager - Adding key: http://localhost:52101 for channel [id: 0x0f638373, L:/127.0.0.1:51120 - R:localhost/127.0.0.1:52101]
16:35:20.044 [Forwarding screenshot on session ee85139c8768cf2f9ecc1cc82589a524 to remote] DEBUG org.asynchttpclient.netty.request.NettyRequestSender - Using pooled Channel '[id: 0x0f638373, L:/127.0.0.1:51120 - R:localhost/127.0.0.1:52101]' for 'GET' to 'http://localhost:52101/session/ee85139c8768cf2f9ecc1cc82589a524/screenshot'
16:35:20.044 [Forwarding screenshot on session ee85139c8768cf2f9ecc1cc82589a524 to remote] DEBUG org.asynchttpclient.netty.request.NettyRequestSender - Using open Channel [id: 0x0f638373, L:/127.0.0.1:51120 - R:localhost/127.0.0.1:52101] for GET '/session/ee85139c8768cf2f9ecc1cc82589a524/screenshot'
16:35:20.362 [AsyncHttpClient-1-5] DEBUG org.asynchttpclient.netty.handler.HttpHandler - 

Request DefaultFullHttpRequest(decodeResult: success, version: HTTP/1.1, content: EmptyByteBufBE)
GET /session/ee85139c8768cf2f9ecc1cc82589a524/screenshot HTTP/1.1
User-Agent: selenium/4.1.2 (java windows)
Cache-Control: no-cache
Content-Type: application/json; charset=utf-8
host: localhost:52101
accept: */*

Response DefaultHttpResponse(decodeResult: success, version: HTTP/1.1)
HTTP/1.1 200 OK
Content-Type: application/json; charset=utf-8
cache-control: no-cache
content-length: 382596

16:35:20.365 [AsyncHttpClient-1-5] DEBUG org.asynchttpclient.netty.channel.ChannelManager - Adding key: http://localhost:52101 for channel [id: 0x0f638373, L:/127.0.0.1:51120 - R:localhost/127.0.0.1:52101]
16:35:20.401 [main] DEBUG net.serenitybdd.core.photography.Darkroom - Send negative for processing for target\site\serenity\ed15a54c91c342d96a850276df7b559f4526b370fc93040e3c407a48a170f368.png
16:35:20.401 [main] DEBUG net.thucydides.core.steps.StepInterceptor - STEP DONE: validateOnDashboardPage
  &amp#27;[32mGiven &amp#27;[0m&amp#27;[32mI'am at the dashboard page&amp#27;[0m         &amp#27;[90m# starter.stepdefinitions.DoctorSteps.iAmAtTheDashboardPage()&amp#27;[0m
16:35:20.423 [main] DEBUG net.thucydides.core.steps.StepInterceptor - STARTING STEP: DoctorSteps.iClickMenuDoctor - clickMenuDoctorButton
16:35:20.428 [Forwarding findElement on session ee85139c8768cf2f9ecc1cc82589a524 to remote] DEBUG org.asynchttpclient.netty.request.NettyRequestSender - Using pooled Channel '[id: 0x0f638373, L:/127.0.0.1:51120 - R:localhost/127.0.0.1:52101]' for 'POST' to 'http://localhost:52101/session/ee85139c8768cf2f9ecc1cc82589a524/element'
16:35:20.428 [Forwarding findElement on session ee85139c8768cf2f9ecc1cc82589a524 to remote] DEBUG org.asynchttpclient.netty.request.NettyRequestSender - Using open Channel [id: 0x0f638373, L:/127.0.0.1:51120 - R:localhost/127.0.0.1:52101] for POST '/session/ee85139c8768cf2f9ecc1cc82589a524/element'
16:35:20.444 [AsyncHttpClient-1-5] DEBUG org.asynchttpclient.netty.handler.HttpHandler - 

Request DefaultHttpRequest(decodeResult: success, version: HTTP/1.1)
POST /session/ee85139c8768cf2f9ecc1cc82589a524/element HTTP/1.1
User-Agent: selenium/4.1.2 (java windows)
Content-Length: 79
Content-Type: application/json; charset=utf-8
host: localhost:52101
accept: */*

Response DefaultHttpResponse(decodeResult: success, version: HTTP/1.1)
HTTP/1.1 200 OK
Content-Type: application/json; charset=utf-8
cache-control: no-cache
content-length: 88

16:35:20.444 [AsyncHttpClient-1-5] DEBUG org.asynchttpclient.netty.channel.ChannelManager - Adding key: http://localhost:52101 for channel [id: 0x0f638373, L:/127.0.0.1:51120 - R:localhost/127.0.0.1:52101]
16:35:20.446 [Forwarding getElementTagName on session ee85139c8768cf2f9ecc1cc82589a524 to remote] DEBUG org.asynchttpclient.netty.request.NettyRequestSender - Using pooled Channel '[id: 0x0f638373, L:/127.0.0.1:51120 - R:localhost/127.0.0.1:52101]' for 'GET' to 'http://localhost:52101/session/ee85139c8768cf2f9ecc1cc82589a524/element/7b0163f0-db90-4265-b8b1-16b3c5d08220/name'
16:35:20.446 [Forwarding getElementTagName on session ee85139c8768cf2f9ecc1cc82589a524 to remote] DEBUG org.asynchttpclient.netty.request.NettyRequestSender - Using open Channel [id: 0x0f638373, L:/127.0.0.1:51120 - R:localhost/127.0.0.1:52101] for GET '/session/ee85139c8768cf2f9ecc1cc82589a524/element/7b0163f0-db90-4265-b8b1-16b3c5d08220/name'
16:35:20.450 [AsyncHttpClient-1-5] DEBUG org.asynchttpclient.netty.handler.HttpHandler - 

Request DefaultFullHttpRequest(decodeResult: success, version: HTTP/1.1, content: EmptyByteBufBE)
GET /session/ee85139c8768cf2f9ecc1cc82589a524/element/7b0163f0-db90-4265-b8b1-16b3c5d08220/name HTTP/1.1
User-Agent: selenium/4.1.2 (java windows)
Cache-Control: no-cache
Content-Type: application/json; charset=utf-8
host: localhost:52101
accept: */*

Response DefaultHttpResponse(decodeResult: success, version: HTTP/1.1)
HTTP/1.1 200 OK
Content-Type: application/json; charset=utf-8
cache-control: no-cache
content-length: 15

16:35:20.451 [AsyncHttpClient-1-5] DEBUG org.asynchttpclient.netty.channel.ChannelManager - Adding key: http://localhost:52101 for channel [id: 0x0f638373, L:/127.0.0.1:51120 - R:localhost/127.0.0.1:52101]
16:35:20.452 [Forwarding getElementTagName on session ee85139c8768cf2f9ecc1cc82589a524 to remote] DEBUG org.asynchttpclient.netty.request.NettyRequestSender - Using pooled Channel '[id: 0x0f638373, L:/127.0.0.1:51120 - R:localhost/127.0.0.1:52101]' for 'GET' to 'http://localhost:52101/session/ee85139c8768cf2f9ecc1cc82589a524/element/7b0163f0-db90-4265-b8b1-16b3c5d08220/name'
16:35:20.452 [Forwarding getElementTagName on session ee85139c8768cf2f9ecc1cc82589a524 to remote] DEBUG org.asynchttpclient.netty.request.NettyRequestSender - Using open Channel [id: 0x0f638373, L:/127.0.0.1:51120 - R:localhost/127.0.0.1:52101] for GET '/session/ee85139c8768cf2f9ecc1cc82589a524/element/7b0163f0-db90-4265-b8b1-16b3c5d08220/name'
16:35:20.456 [AsyncHttpClient-1-5] DEBUG org.asynchttpclient.netty.handler.HttpHandler - 

Request DefaultFullHttpRequest(decodeResult: success, version: HTTP/1.1, content: EmptyByteBufBE)
GET /session/ee85139c8768cf2f9ecc1cc82589a524/element/7b0163f0-db90-4265-b8b1-16b3c5d08220/name HTTP/1.1
User-Agent: selenium/4.1.2 (java windows)
Cache-Control: no-cache
Content-Type: application/json; charset=utf-8
host: localhost:52101
accept: */*

Response DefaultHttpResponse(decodeResult: success, version: HTTP/1.1)
HTTP/1.1 200 OK
Content-Type: application/json; charset=utf-8
cache-control: no-cache
content-length: 15

16:35:20.456 [AsyncHttpClient-1-5] DEBUG org.asynchttpclient.netty.channel.ChannelManager - Adding key: http://localhost:52101 for channel [id: 0x0f638373, L:/127.0.0.1:51120 - R:localhost/127.0.0.1:52101]
16:35:20.458 [Forwarding findElement on session ee85139c8768cf2f9ecc1cc82589a524 to remote] DEBUG org.asynchttpclient.netty.request.NettyRequestSender - Using pooled Channel '[id: 0x0f638373, L:/127.0.0.1:51120 - R:localhost/127.0.0.1:52101]' for 'POST' to 'http://localhost:52101/session/ee85139c8768cf2f9ecc1cc82589a524/element'
16:35:20.458 [Forwarding findElement on session ee85139c8768cf2f9ecc1cc82589a524 to remote] DEBUG org.asynchttpclient.netty.request.NettyRequestSender - Using open Channel [id: 0x0f638373, L:/127.0.0.1:51120 - R:localhost/127.0.0.1:52101] for POST '/session/ee85139c8768cf2f9ecc1cc82589a524/element'
16:35:20.466 [AsyncHttpClient-1-5] DEBUG org.asynchttpclient.netty.handler.HttpHandler - 

Request DefaultHttpRequest(decodeResult: success, version: HTTP/1.1)
POST /session/ee85139c8768cf2f9ecc1cc82589a524/element HTTP/1.1
User-Agent: selenium/4.1.2 (java windows)
Content-Length: 79
Content-Type: application/json; charset=utf-8
host: localhost:52101
accept: */*

Response DefaultHttpResponse(decodeResult: success, version: HTTP/1.1)
HTTP/1.1 200 OK
Content-Type: application/json; charset=utf-8
cache-control: no-cache
content-length: 88

16:35:20.466 [AsyncHttpClient-1-5] DEBUG org.asynchttpclient.netty.channel.ChannelManager - Adding key: http://localhost:52101 for channel [id: 0x0f638373, L:/127.0.0.1:51120 - R:localhost/127.0.0.1:52101]
16:35:20.467 [Forwarding clickElement on session ee85139c8768cf2f9ecc1cc82589a524 to remote] DEBUG org.asynchttpclient.netty.request.NettyRequestSender - Using pooled Channel '[id: 0x0f638373, L:/127.0.0.1:51120 - R:localhost/127.0.0.1:52101]' for 'POST' to 'http://localhost:52101/session/ee85139c8768cf2f9ecc1cc82589a524/element/7b0163f0-db90-4265-b8b1-16b3c5d08220/click'
16:35:20.467 [Forwarding clickElement on session ee85139c8768cf2f9ecc1cc82589a524 to remote] DEBUG org.asynchttpclient.netty.request.NettyRequestSender - Using open Channel [id: 0x0f638373, L:/127.0.0.1:51120 - R:localhost/127.0.0.1:52101] for POST '/session/ee85139c8768cf2f9ecc1cc82589a524/element/7b0163f0-db90-4265-b8b1-16b3c5d08220/click'
16:35:20.637 [AsyncHttpClient-1-1] DEBUG org.asynchttpclient.netty.channel.DefaultChannelPool - Entry count for : http://localhost:51121 : 1
16:35:20.661 [AsyncHttpClient-1-5] DEBUG org.asynchttpclient.netty.handler.HttpHandler - 

Request DefaultHttpRequest(decodeResult: success, version: HTTP/1.1)
POST /session/ee85139c8768cf2f9ecc1cc82589a524/element/7b0163f0-db90-4265-b8b1-16b3c5d08220/click HTTP/1.1
User-Agent: selenium/4.1.2 (java windows)
Content-Length: 50
Content-Type: application/json; charset=utf-8
host: localhost:52101
accept: */*

Response DefaultHttpResponse(decodeResult: success, version: HTTP/1.1)
HTTP/1.1 200 OK
Content-Type: application/json; charset=utf-8
cache-control: no-cache
content-length: 14

16:35:20.661 [AsyncHttpClient-1-5] DEBUG org.asynchttpclient.netty.channel.ChannelManager - Adding key: http://localhost:52101 for channel [id: 0x0f638373, L:/127.0.0.1:51120 - R:localhost/127.0.0.1:52101]
16:35:20.668 [Forwarding screenshot on session ee85139c8768cf2f9ecc1cc82589a524 to remote] DEBUG org.asynchttpclient.netty.request.NettyRequestSender - Using pooled Channel '[id: 0x0f638373, L:/127.0.0.1:51120 - R:localhost/127.0.0.1:52101]' for 'GET' to 'http://localhost:52101/session/ee85139c8768cf2f9ecc1cc82589a524/screenshot'
16:35:20.668 [Forwarding screenshot on session ee85139c8768cf2f9ecc1cc82589a524 to remote] DEBUG org.asynchttpclient.netty.request.NettyRequestSender - Using open Channel [id: 0x0f638373, L:/127.0.0.1:51120 - R:localhost/127.0.0.1:52101] for GET '/session/ee85139c8768cf2f9ecc1cc82589a524/screenshot'
16:35:20.775 [AsyncHttpClient-1-5] DEBUG org.asynchttpclient.netty.handler.HttpHandler - 

Request DefaultFullHttpRequest(decodeResult: success, version: HTTP/1.1, content: EmptyByteBufBE)
GET /session/ee85139c8768cf2f9ecc1cc82589a524/screenshot HTTP/1.1
User-Agent: selenium/4.1.2 (java windows)
Cache-Control: no-cache
Content-Type: application/json; charset=utf-8
host: localhost:52101
accept: */*

Response DefaultHttpResponse(decodeResult: success, version: HTTP/1.1)
HTTP/1.1 200 OK
Content-Type: application/json; charset=utf-8
cache-control: no-cache
content-length: 56192

16:35:20.775 [AsyncHttpClient-1-5] DEBUG org.asynchttpclient.netty.channel.ChannelManager - Adding key: http://localhost:52101 for channel [id: 0x0f638373, L:/127.0.0.1:51120 - R:localhost/127.0.0.1:52101]
16:35:20.778 [main] DEBUG net.serenitybdd.core.photography.Darkroom - Send negative for processing for target\site\serenity\d631e005c1ab8c2ae9496eb0000819a309562887f5f0fc5c3b73065dfab87bed.png
16:35:20.779 [main] DEBUG net.thucydides.core.steps.StepInterceptor - STEP DONE: clickMenuDoctorButton
  &amp#27;[32mAnd &amp#27;[0m&amp#27;[32mI click menu doctor&amp#27;[0m                  &amp#27;[90m# starter.stepdefinitions.DoctorSteps.iClickMenuDoctor()&amp#27;[0m
16:35:20.800 [main] DEBUG net.thucydides.core.steps.StepInterceptor - STARTING STEP: DoctorSteps.iClickEditDoctorButton - clickEditDoctorButton
16:35:20.805 [Forwarding findElement on session ee85139c8768cf2f9ecc1cc82589a524 to remote] DEBUG org.asynchttpclient.netty.request.NettyRequestSender - Using pooled Channel '[id: 0x0f638373, L:/127.0.0.1:51120 - R:localhost/127.0.0.1:52101]' for 'POST' to 'http://localhost:52101/session/ee85139c8768cf2f9ecc1cc82589a524/element'
16:35:20.805 [Forwarding findElement on session ee85139c8768cf2f9ecc1cc82589a524 to remote] DEBUG org.asynchttpclient.netty.request.NettyRequestSender - Using open Channel [id: 0x0f638373, L:/127.0.0.1:51120 - R:localhost/127.0.0.1:52101] for POST '/session/ee85139c8768cf2f9ecc1cc82589a524/element'
16:35:21.120 [AsyncHttpClient-1-5] DEBUG org.asynchttpclient.netty.handler.HttpHandler - 

Request DefaultHttpRequest(decodeResult: success, version: HTTP/1.1)
POST /session/ee85139c8768cf2f9ecc1cc82589a524/element HTTP/1.1
User-Agent: selenium/4.1.2 (java windows)
Content-Length: 91
Content-Type: application/json; charset=utf-8
host: localhost:52101
accept: */*

Response DefaultHttpResponse(decodeResult: success, version: HTTP/1.1)
HTTP/1.1 200 OK
Content-Type: application/json; charset=utf-8
cache-control: no-cache
content-length: 88

16:35:21.120 [AsyncHttpClient-1-5] DEBUG org.asynchttpclient.netty.channel.ChannelManager - Adding key: http://localhost:52101 for channel [id: 0x0f638373, L:/127.0.0.1:51120 - R:localhost/127.0.0.1:52101]
16:35:21.123 [Forwarding getElementTagName on session ee85139c8768cf2f9ecc1cc82589a524 to remote] DEBUG org.asynchttpclient.netty.request.NettyRequestSender - Using pooled Channel '[id: 0x0f638373, L:/127.0.0.1:51120 - R:localhost/127.0.0.1:52101]' for 'GET' to 'http://localhost:52101/session/ee85139c8768cf2f9ecc1cc82589a524/element/ab918410-5c08-487f-9221-81d1ffcf079d/name'
16:35:21.123 [Forwarding getElementTagName on session ee85139c8768cf2f9ecc1cc82589a524 to remote] DEBUG org.asynchttpclient.netty.request.NettyRequestSender - Using open Channel [id: 0x0f638373, L:/127.0.0.1:51120 - R:localhost/127.0.0.1:52101] for GET '/session/ee85139c8768cf2f9ecc1cc82589a524/element/ab918410-5c08-487f-9221-81d1ffcf079d/name'
16:35:21.130 [AsyncHttpClient-1-5] DEBUG org.asynchttpclient.netty.handler.HttpHandler - 

Request DefaultFullHttpRequest(decodeResult: success, version: HTTP/1.1, content: EmptyByteBufBE)
GET /session/ee85139c8768cf2f9ecc1cc82589a524/element/ab918410-5c08-487f-9221-81d1ffcf079d/name HTTP/1.1
User-Agent: selenium/4.1.2 (java windows)
Cache-Control: no-cache
Content-Type: application/json; charset=utf-8
host: localhost:52101
accept: */*

Response DefaultHttpResponse(decodeResult: success, version: HTTP/1.1)
HTTP/1.1 200 OK
Content-Type: application/json; charset=utf-8
cache-control: no-cache
content-length: 18

16:35:21.130 [AsyncHttpClient-1-5] DEBUG org.asynchttpclient.netty.channel.ChannelManager - Adding key: http://localhost:52101 for channel [id: 0x0f638373, L:/127.0.0.1:51120 - R:localhost/127.0.0.1:52101]
16:35:21.132 [Forwarding getElementTagName on session ee85139c8768cf2f9ecc1cc82589a524 to remote] DEBUG org.asynchttpclient.netty.request.NettyRequestSender - Using pooled Channel '[id: 0x0f638373, L:/127.0.0.1:51120 - R:localhost/127.0.0.1:52101]' for 'GET' to 'http://localhost:52101/session/ee85139c8768cf2f9ecc1cc82589a524/element/ab918410-5c08-487f-9221-81d1ffcf079d/name'
16:35:21.132 [Forwarding getElementTagName on session ee85139c8768cf2f9ecc1cc82589a524 to remote] DEBUG org.asynchttpclient.netty.request.NettyRequestSender - Using open Channel [id: 0x0f638373, L:/127.0.0.1:51120 - R:localhost/127.0.0.1:52101] for GET '/session/ee85139c8768cf2f9ecc1cc82589a524/element/ab918410-5c08-487f-9221-81d1ffcf079d/name'
16:35:21.139 [AsyncHttpClient-1-5] DEBUG org.asynchttpclient.netty.handler.HttpHandler - 

Request DefaultFullHttpRequest(decodeResult: success, version: HTTP/1.1, content: EmptyByteBufBE)
GET /session/ee85139c8768cf2f9ecc1cc82589a524/element/ab918410-5c08-487f-9221-81d1ffcf079d/name HTTP/1.1
User-Agent: selenium/4.1.2 (java windows)
Cache-Control: no-cache
Content-Type: application/json; charset=utf-8
host: localhost:52101
accept: */*

Response DefaultHttpResponse(decodeResult: success, version: HTTP/1.1)
HTTP/1.1 200 OK
Content-Type: application/json; charset=utf-8
cache-control: no-cache
content-length: 18

16:35:21.139 [AsyncHttpClient-1-5] DEBUG org.asynchttpclient.netty.channel.ChannelManager - Adding key: http://localhost:52101 for channel [id: 0x0f638373, L:/127.0.0.1:51120 - R:localhost/127.0.0.1:52101]
16:35:21.143 [Forwarding isElementEnabled on session ee85139c8768cf2f9ecc1cc82589a524 to remote] DEBUG org.asynchttpclient.netty.request.NettyRequestSender - Using pooled Channel '[id: 0x0f638373, L:/127.0.0.1:51120 - R:localhost/127.0.0.1:52101]' for 'GET' to 'http://localhost:52101/session/ee85139c8768cf2f9ecc1cc82589a524/element/ab918410-5c08-487f-9221-81d1ffcf079d/enabled'
16:35:21.143 [Forwarding isElementEnabled on session ee85139c8768cf2f9ecc1cc82589a524 to remote] DEBUG org.asynchttpclient.netty.request.NettyRequestSender - Using open Channel [id: 0x0f638373, L:/127.0.0.1:51120 - R:localhost/127.0.0.1:52101] for GET '/session/ee85139c8768cf2f9ecc1cc82589a524/element/ab918410-5c08-487f-9221-81d1ffcf079d/enabled'
16:35:21.157 [AsyncHttpClient-1-5] DEBUG org.asynchttpclient.netty.handler.HttpHandler - 

Request DefaultFullHttpRequest(decodeResult: success, version: HTTP/1.1, content: EmptyByteBufBE)
GET /session/ee85139c8768cf2f9ecc1cc82589a524/element/ab918410-5c08-487f-9221-81d1ffcf079d/enabled HTTP/1.1
User-Agent: selenium/4.1.2 (java windows)
Cache-Control: no-cache
Content-Type: application/json; charset=utf-8
host: localhost:52101
accept: */*

Response DefaultHttpResponse(decodeResult: success, version: HTTP/1.1)
HTTP/1.1 200 OK
Content-Type: application/json; charset=utf-8
cache-control: no-cache
content-length: 14

16:35:21.157 [AsyncHttpClient-1-5] DEBUG org.asynchttpclient.netty.channel.ChannelManager - Adding key: http://localhost:52101 for channel [id: 0x0f638373, L:/127.0.0.1:51120 - R:localhost/127.0.0.1:52101]
16:35:21.158 [Forwarding isElementEnabled on session ee85139c8768cf2f9ecc1cc82589a524 to remote] DEBUG org.asynchttpclient.netty.request.NettyRequestSender - Using pooled Channel '[id: 0x0f638373, L:/127.0.0.1:51120 - R:localhost/127.0.0.1:52101]' for 'GET' to 'http://localhost:52101/session/ee85139c8768cf2f9ecc1cc82589a524/element/ab918410-5c08-487f-9221-81d1ffcf079d/enabled'
16:35:21.158 [Forwarding isElementEnabled on session ee85139c8768cf2f9ecc1cc82589a524 to remote] DEBUG org.asynchttpclient.netty.request.NettyRequestSender - Using open Channel [id: 0x0f638373, L:/127.0.0.1:51120 - R:localhost/127.0.0.1:52101] for GET '/session/ee85139c8768cf2f9ecc1cc82589a524/element/ab918410-5c08-487f-9221-81d1ffcf079d/enabled'
16:35:21.164 [AsyncHttpClient-1-5] DEBUG org.asynchttpclient.netty.handler.HttpHandler - 

Request DefaultFullHttpRequest(decodeResult: success, version: HTTP/1.1, content: EmptyByteBufBE)
GET /session/ee85139c8768cf2f9ecc1cc82589a524/element/ab918410-5c08-487f-9221-81d1ffcf079d/enabled HTTP/1.1
User-Agent: selenium/4.1.2 (java windows)
Cache-Control: no-cache
Content-Type: application/json; charset=utf-8
host: localhost:52101
accept: */*

Response DefaultHttpResponse(decodeResult: success, version: HTTP/1.1)
HTTP/1.1 200 OK
Content-Type: application/json; charset=utf-8
cache-control: no-cache
content-length: 14

16:35:21.165 [AsyncHttpClient-1-5] DEBUG org.asynchttpclient.netty.channel.ChannelManager - Adding key: http://localhost:52101 for channel [id: 0x0f638373, L:/127.0.0.1:51120 - R:localhost/127.0.0.1:52101]
16:35:21.167 [Forwarding findElement on session ee85139c8768cf2f9ecc1cc82589a524 to remote] DEBUG org.asynchttpclient.netty.request.NettyRequestSender - Using pooled Channel '[id: 0x0f638373, L:/127.0.0.1:51120 - R:localhost/127.0.0.1:52101]' for 'POST' to 'http://localhost:52101/session/ee85139c8768cf2f9ecc1cc82589a524/element'
16:35:21.167 [Forwarding findElement on session ee85139c8768cf2f9ecc1cc82589a524 to remote] DEBUG org.asynchttpclient.netty.request.NettyRequestSender - Using open Channel [id: 0x0f638373, L:/127.0.0.1:51120 - R:localhost/127.0.0.1:52101] for POST '/session/ee85139c8768cf2f9ecc1cc82589a524/element'
16:35:21.175 [AsyncHttpClient-1-5] DEBUG org.asynchttpclient.netty.handler.HttpHandler - 

Request DefaultHttpRequest(decodeResult: success, version: HTTP/1.1)
POST /session/ee85139c8768cf2f9ecc1cc82589a524/element HTTP/1.1
User-Agent: selenium/4.1.2 (java windows)
Content-Length: 91
Content-Type: application/json; charset=utf-8
host: localhost:52101
accept: */*

Response DefaultHttpResponse(decodeResult: success, version: HTTP/1.1)
HTTP/1.1 200 OK
Content-Type: application/json; charset=utf-8
cache-control: no-cache
content-length: 88

16:35:21.175 [AsyncHttpClient-1-5] DEBUG org.asynchttpclient.netty.channel.ChannelManager - Adding key: http://localhost:52101 for channel [id: 0x0f638373, L:/127.0.0.1:51120 - R:localhost/127.0.0.1:52101]
16:35:21.176 [Forwarding clickElement on session ee85139c8768cf2f9ecc1cc82589a524 to remote] DEBUG org.asynchttpclient.netty.request.NettyRequestSender - Using pooled Channel '[id: 0x0f638373, L:/127.0.0.1:51120 - R:localhost/127.0.0.1:52101]' for 'POST' to 'http://localhost:52101/session/ee85139c8768cf2f9ecc1cc82589a524/element/ab918410-5c08-487f-9221-81d1ffcf079d/click'
16:35:21.176 [Forwarding clickElement on session ee85139c8768cf2f9ecc1cc82589a524 to remote] DEBUG org.asynchttpclient.netty.request.NettyRequestSender - Using open Channel [id: 0x0f638373, L:/127.0.0.1:51120 - R:localhost/127.0.0.1:52101] for POST '/session/ee85139c8768cf2f9ecc1cc82589a524/element/ab918410-5c08-487f-9221-81d1ffcf079d/click'
16:35:21.333 [AsyncHttpClient-1-5] DEBUG org.asynchttpclient.netty.handler.HttpHandler - 

Request DefaultHttpRequest(decodeResult: success, version: HTTP/1.1)
POST /session/ee85139c8768cf2f9ecc1cc82589a524/element/ab918410-5c08-487f-9221-81d1ffcf079d/click HTTP/1.1
User-Agent: selenium/4.1.2 (java windows)
Content-Length: 50
Content-Type: application/json; charset=utf-8
host: localhost:52101
accept: */*

Response DefaultHttpResponse(decodeResult: success, version: HTTP/1.1)
HTTP/1.1 200 OK
Content-Type: application/json; charset=utf-8
cache-control: no-cache
content-length: 14

16:35:21.333 [AsyncHttpClient-1-5] DEBUG org.asynchttpclient.netty.channel.ChannelManager - Adding key: http://localhost:52101 for channel [id: 0x0f638373, L:/127.0.0.1:51120 - R:localhost/127.0.0.1:52101]
16:35:21.340 [Forwarding screenshot on session ee85139c8768cf2f9ecc1cc82589a524 to remote] DEBUG org.asynchttpclient.netty.request.NettyRequestSender - Using pooled Channel '[id: 0x0f638373, L:/127.0.0.1:51120 - R:localhost/127.0.0.1:52101]' for 'GET' to 'http://localhost:52101/session/ee85139c8768cf2f9ecc1cc82589a524/screenshot'
16:35:21.340 [Forwarding screenshot on session ee85139c8768cf2f9ecc1cc82589a524 to remote] DEBUG org.asynchttpclient.netty.request.NettyRequestSender - Using open Channel [id: 0x0f638373, L:/127.0.0.1:51120 - R:localhost/127.0.0.1:52101] for GET '/session/ee85139c8768cf2f9ecc1cc82589a524/screenshot'
16:35:21.482 [AsyncHttpClient-1-5] DEBUG org.asynchttpclient.netty.handler.HttpHandler - 

Request DefaultFullHttpRequest(decodeResult: success, version: HTTP/1.1, content: EmptyByteBufBE)
GET /session/ee85139c8768cf2f9ecc1cc82589a524/screenshot HTTP/1.1
User-Agent: selenium/4.1.2 (java windows)
Cache-Control: no-cache
Content-Type: application/json; charset=utf-8
host: localhost:52101
accept: */*

Response DefaultHttpResponse(decodeResult: success, version: HTTP/1.1)
HTTP/1.1 200 OK
Content-Type: application/json; charset=utf-8
cache-control: no-cache
content-length: 122072

16:35:21.483 [AsyncHttpClient-1-5] DEBUG org.asynchttpclient.netty.channel.ChannelManager - Adding key: http://localhost:52101 for channel [id: 0x0f638373, L:/127.0.0.1:51120 - R:localhost/127.0.0.1:52101]
16:35:21.491 [main] DEBUG net.serenitybdd.core.photography.Darkroom - Send negative for processing for target\site\serenity\67f3a8ac727397dc3d38c917c0ff096cda038f26d90bb785548447f9f00eae1a.png
16:35:21.492 [main] DEBUG net.thucydides.core.steps.StepInterceptor - STEP DONE: clickEditDoctorButton
16:35:21.492 [Darkroom Processing Line] DEBUG net.serenitybdd.core.photography.DarkroomProcessingLine - Processing screenshot image in /var/screenshots/screenshot-1865973504878732543
  &amp#27;[32mWhen &amp#27;[0m&amp#27;[32mI click Edit Doctor button&amp#27;[0m          &amp#27;[90m# starter.stepdefinitions.DoctorSteps.iClickEditDoctorButton()&amp#27;[0m
16:35:21.492 [Darkroom Processing Line] DEBUG net.serenitybdd.core.photography.DarkroomProcessingLine - Saving screenshot to target\site\serenity\67f3a8ac727397dc3d38c917c0ff096cda038f26d90bb785548447f9f00eae1a.png
16:35:21.518 [main] DEBUG net.thucydides.core.steps.StepInterceptor - STARTING STEP: DoctorSteps.iClickEditDoctorFormXButton - clickEditDoctorXButton
16:35:21.522 [Forwarding findElement on session ee85139c8768cf2f9ecc1cc82589a524 to remote] DEBUG org.asynchttpclient.netty.request.NettyRequestSender - Using pooled Channel '[id: 0x0f638373, L:/127.0.0.1:51120 - R:localhost/127.0.0.1:52101]' for 'POST' to 'http://localhost:52101/session/ee85139c8768cf2f9ecc1cc82589a524/element'
16:35:21.522 [Forwarding findElement on session ee85139c8768cf2f9ecc1cc82589a524 to remote] DEBUG org.asynchttpclient.netty.request.NettyRequestSender - Using open Channel [id: 0x0f638373, L:/127.0.0.1:51120 - R:localhost/127.0.0.1:52101] for POST '/session/ee85139c8768cf2f9ecc1cc82589a524/element'
16:35:21.538 [AsyncHttpClient-1-5] DEBUG org.asynchttpclient.netty.handler.HttpHandler - 

Request DefaultHttpRequest(decodeResult: success, version: HTTP/1.1)
POST /session/ee85139c8768cf2f9ecc1cc82589a524/element HTTP/1.1
User-Agent: selenium/4.1.2 (java windows)
Content-Length: 104
Content-Type: application/json; charset=utf-8
host: localhost:52101
accept: */*

Response DefaultHttpResponse(decodeResult: success, version: HTTP/1.1)
HTTP/1.1 200 OK
Content-Type: application/json; charset=utf-8
cache-control: no-cache
content-length: 88

16:35:21.538 [AsyncHttpClient-1-5] DEBUG org.asynchttpclient.netty.channel.ChannelManager - Adding key: http://localhost:52101 for channel [id: 0x0f638373, L:/127.0.0.1:51120 - R:localhost/127.0.0.1:52101]
16:35:21.540 [Forwarding getElementTagName on session ee85139c8768cf2f9ecc1cc82589a524 to remote] DEBUG org.asynchttpclient.netty.request.NettyRequestSender - Using pooled Channel '[id: 0x0f638373, L:/127.0.0.1:51120 - R:localhost/127.0.0.1:52101]' for 'GET' to 'http://localhost:52101/session/ee85139c8768cf2f9ecc1cc82589a524/element/54fbfde5-c71e-4755-9fd7-c1a4517b89ff/name'
16:35:21.540 [Forwarding getElementTagName on session ee85139c8768cf2f9ecc1cc82589a524 to remote] DEBUG org.asynchttpclient.netty.request.NettyRequestSender - Using open Channel [id: 0x0f638373, L:/127.0.0.1:51120 - R:localhost/127.0.0.1:52101] for GET '/session/ee85139c8768cf2f9ecc1cc82589a524/element/54fbfde5-c71e-4755-9fd7-c1a4517b89ff/name'
16:35:21.547 [AsyncHttpClient-1-5] DEBUG org.asynchttpclient.netty.handler.HttpHandler - 

Request DefaultFullHttpRequest(decodeResult: success, version: HTTP/1.1, content: EmptyByteBufBE)
GET /session/ee85139c8768cf2f9ecc1cc82589a524/element/54fbfde5-c71e-4755-9fd7-c1a4517b89ff/name HTTP/1.1
User-Agent: selenium/4.1.2 (java windows)
Cache-Control: no-cache
Content-Type: application/json; charset=utf-8
host: localhost:52101
accept: */*

Response DefaultHttpResponse(decodeResult: success, version: HTTP/1.1)
HTTP/1.1 200 OK
Content-Type: application/json; charset=utf-8
cache-control: no-cache
content-length: 18

16:35:21.547 [AsyncHttpClient-1-5] DEBUG org.asynchttpclient.netty.channel.ChannelManager - Adding key: http://localhost:52101 for channel [id: 0x0f638373, L:/127.0.0.1:51120 - R:localhost/127.0.0.1:52101]
16:35:21.548 [Forwarding getElementTagName on session ee85139c8768cf2f9ecc1cc82589a524 to remote] DEBUG org.asynchttpclient.netty.request.NettyRequestSender - Using pooled Channel '[id: 0x0f638373, L:/127.0.0.1:51120 - R:localhost/127.0.0.1:52101]' for 'GET' to 'http://localhost:52101/session/ee85139c8768cf2f9ecc1cc82589a524/element/54fbfde5-c71e-4755-9fd7-c1a4517b89ff/name'
16:35:21.548 [Forwarding getElementTagName on session ee85139c8768cf2f9ecc1cc82589a524 to remote] DEBUG org.asynchttpclient.netty.request.NettyRequestSender - Using open Channel [id: 0x0f638373, L:/127.0.0.1:51120 - R:localhost/127.0.0.1:52101] for GET '/session/ee85139c8768cf2f9ecc1cc82589a524/element/54fbfde5-c71e-4755-9fd7-c1a4517b89ff/name'
16:35:21.553 [AsyncHttpClient-1-5] DEBUG org.asynchttpclient.netty.handler.HttpHandler - 

Request DefaultFullHttpRequest(decodeResult: success, version: HTTP/1.1, content: EmptyByteBufBE)
GET /session/ee85139c8768cf2f9ecc1cc82589a524/element/54fbfde5-c71e-4755-9fd7-c1a4517b89ff/name HTTP/1.1
User-Agent: selenium/4.1.2 (java windows)
Cache-Control: no-cache
Content-Type: application/json; charset=utf-8
host: localhost:52101
accept: */*

Response DefaultHttpResponse(decodeResult: success, version: HTTP/1.1)
HTTP/1.1 200 OK
Content-Type: application/json; charset=utf-8
cache-control: no-cache
content-length: 18

16:35:21.553 [AsyncHttpClient-1-5] DEBUG org.asynchttpclient.netty.channel.ChannelManager - Adding key: http://localhost:52101 for channel [id: 0x0f638373, L:/127.0.0.1:51120 - R:localhost/127.0.0.1:52101]
16:35:21.556 [Forwarding isElementEnabled on session ee85139c8768cf2f9ecc1cc82589a524 to remote] DEBUG org.asynchttpclient.netty.request.NettyRequestSender - Using pooled Channel '[id: 0x0f638373, L:/127.0.0.1:51120 - R:localhost/127.0.0.1:52101]' for 'GET' to 'http://localhost:52101/session/ee85139c8768cf2f9ecc1cc82589a524/element/54fbfde5-c71e-4755-9fd7-c1a4517b89ff/enabled'
16:35:21.556 [Forwarding isElementEnabled on session ee85139c8768cf2f9ecc1cc82589a524 to remote] DEBUG org.asynchttpclient.netty.request.NettyRequestSender - Using open Channel [id: 0x0f638373, L:/127.0.0.1:51120 - R:localhost/127.0.0.1:52101] for GET '/session/ee85139c8768cf2f9ecc1cc82589a524/element/54fbfde5-c71e-4755-9fd7-c1a4517b89ff/enabled'
16:35:21.567 [AsyncHttpClient-1-5] DEBUG org.asynchttpclient.netty.handler.HttpHandler - 

Request DefaultFullHttpRequest(decodeResult: success, version: HTTP/1.1, content: EmptyByteBufBE)
GET /session/ee85139c8768cf2f9ecc1cc82589a524/element/54fbfde5-c71e-4755-9fd7-c1a4517b89ff/enabled HTTP/1.1
User-Agent: selenium/4.1.2 (java windows)
Cache-Control: no-cache
Content-Type: application/json; charset=utf-8
host: localhost:52101
accept: */*

Response DefaultHttpResponse(decodeResult: success, version: HTTP/1.1)
HTTP/1.1 200 OK
Content-Type: application/json; charset=utf-8
cache-control: no-cache
content-length: 14

16:35:21.567 [AsyncHttpClient-1-5] DEBUG org.asynchttpclient.netty.channel.ChannelManager - Adding key: http://localhost:52101 for channel [id: 0x0f638373, L:/127.0.0.1:51120 - R:localhost/127.0.0.1:52101]
16:35:21.569 [Forwarding isElementEnabled on session ee85139c8768cf2f9ecc1cc82589a524 to remote] DEBUG org.asynchttpclient.netty.request.NettyRequestSender - Using pooled Channel '[id: 0x0f638373, L:/127.0.0.1:51120 - R:localhost/127.0.0.1:52101]' for 'GET' to 'http://localhost:52101/session/ee85139c8768cf2f9ecc1cc82589a524/element/54fbfde5-c71e-4755-9fd7-c1a4517b89ff/enabled'
16:35:21.569 [Forwarding isElementEnabled on session ee85139c8768cf2f9ecc1cc82589a524 to remote] DEBUG org.asynchttpclient.netty.request.NettyRequestSender - Using open Channel [id: 0x0f638373, L:/127.0.0.1:51120 - R:localhost/127.0.0.1:52101] for GET '/session/ee85139c8768cf2f9ecc1cc82589a524/element/54fbfde5-c71e-4755-9fd7-c1a4517b89ff/enabled'
16:35:21.576 [AsyncHttpClient-1-5] DEBUG org.asynchttpclient.netty.handler.HttpHandler - 

Request DefaultFullHttpRequest(decodeResult: success, version: HTTP/1.1, content: EmptyByteBufBE)
GET /session/ee85139c8768cf2f9ecc1cc82589a524/element/54fbfde5-c71e-4755-9fd7-c1a4517b89ff/enabled HTTP/1.1
User-Agent: selenium/4.1.2 (java windows)
Cache-Control: no-cache
Content-Type: application/json; charset=utf-8
host: localhost:52101
accept: */*

Response DefaultHttpResponse(decodeResult: success, version: HTTP/1.1)
HTTP/1.1 200 OK
Content-Type: application/json; charset=utf-8
cache-control: no-cache
content-length: 14

16:35:21.576 [AsyncHttpClient-1-5] DEBUG org.asynchttpclient.netty.channel.ChannelManager - Adding key: http://localhost:52101 for channel [id: 0x0f638373, L:/127.0.0.1:51120 - R:localhost/127.0.0.1:52101]
16:35:21.579 [Forwarding findElement on session ee85139c8768cf2f9ecc1cc82589a524 to remote] DEBUG org.asynchttpclient.netty.request.NettyRequestSender - Using pooled Channel '[id: 0x0f638373, L:/127.0.0.1:51120 - R:localhost/127.0.0.1:52101]' for 'POST' to 'http://localhost:52101/session/ee85139c8768cf2f9ecc1cc82589a524/element'
16:35:21.579 [Forwarding findElement on session ee85139c8768cf2f9ecc1cc82589a524 to remote] DEBUG org.asynchttpclient.netty.request.NettyRequestSender - Using open Channel [id: 0x0f638373, L:/127.0.0.1:51120 - R:localhost/127.0.0.1:52101] for POST '/session/ee85139c8768cf2f9ecc1cc82589a524/element'
16:35:21.594 [AsyncHttpClient-1-5] DEBUG org.asynchttpclient.netty.handler.HttpHandler - 

Request DefaultHttpRequest(decodeResult: success, version: HTTP/1.1)
POST /session/ee85139c8768cf2f9ecc1cc82589a524/element HTTP/1.1
User-Agent: selenium/4.1.2 (java windows)
Content-Length: 104
Content-Type: application/json; charset=utf-8
host: localhost:52101
accept: */*

Response DefaultHttpResponse(decodeResult: success, version: HTTP/1.1)
HTTP/1.1 200 OK
Content-Type: application/json; charset=utf-8
cache-control: no-cache
content-length: 88

16:35:21.595 [AsyncHttpClient-1-5] DEBUG org.asynchttpclient.netty.channel.ChannelManager - Adding key: http://localhost:52101 for channel [id: 0x0f638373, L:/127.0.0.1:51120 - R:localhost/127.0.0.1:52101]
16:35:21.596 [Forwarding clickElement on session ee85139c8768cf2f9ecc1cc82589a524 to remote] DEBUG org.asynchttpclient.netty.request.NettyRequestSender - Using pooled Channel '[id: 0x0f638373, L:/127.0.0.1:51120 - R:localhost/127.0.0.1:52101]' for 'POST' to 'http://localhost:52101/session/ee85139c8768cf2f9ecc1cc82589a524/element/54fbfde5-c71e-4755-9fd7-c1a4517b89ff/click'
16:35:21.596 [Forwarding clickElement on session ee85139c8768cf2f9ecc1cc82589a524 to remote] DEBUG org.asynchttpclient.netty.request.NettyRequestSender - Using open Channel [id: 0x0f638373, L:/127.0.0.1:51120 - R:localhost/127.0.0.1:52101] for POST '/session/ee85139c8768cf2f9ecc1cc82589a524/element/54fbfde5-c71e-4755-9fd7-c1a4517b89ff/click'
16:35:21.694 [AsyncHttpClient-1-5] DEBUG org.asynchttpclient.netty.handler.HttpHandler - 

Request DefaultHttpRequest(decodeResult: success, version: HTTP/1.1)
POST /session/ee85139c8768cf2f9ecc1cc82589a524/element/54fbfde5-c71e-4755-9fd7-c1a4517b89ff/click HTTP/1.1
User-Agent: selenium/4.1.2 (java windows)
Content-Length: 50
Content-Type: application/json; charset=utf-8
host: localhost:52101
accept: */*

Response DefaultHttpResponse(decodeResult: success, version: HTTP/1.1)
HTTP/1.1 200 OK
Content-Type: application/json; charset=utf-8
cache-control: no-cache
content-length: 14

16:35:21.694 [AsyncHttpClient-1-5] DEBUG org.asynchttpclient.netty.channel.ChannelManager - Adding key: http://localhost:52101 for channel [id: 0x0f638373, L:/127.0.0.1:51120 - R:localhost/127.0.0.1:52101]
16:35:21.703 [Forwarding screenshot on session ee85139c8768cf2f9ecc1cc82589a524 to remote] DEBUG org.asynchttpclient.netty.request.NettyRequestSender - Using pooled Channel '[id: 0x0f638373, L:/127.0.0.1:51120 - R:localhost/127.0.0.1:52101]' for 'GET' to 'http://localhost:52101/session/ee85139c8768cf2f9ecc1cc82589a524/screenshot'
16:35:21.703 [Forwarding screenshot on session ee85139c8768cf2f9ecc1cc82589a524 to remote] DEBUG org.asynchttpclient.netty.request.NettyRequestSender - Using open Channel [id: 0x0f638373, L:/127.0.0.1:51120 - R:localhost/127.0.0.1:52101] for GET '/session/ee85139c8768cf2f9ecc1cc82589a524/screenshot'
16:35:21.738 [AsyncHttpClient-1-1] DEBUG org.asynchttpclient.netty.channel.DefaultChannelPool - Entry count for : http://localhost:51121 : 1
16:35:21.819 [AsyncHttpClient-1-5] DEBUG org.asynchttpclient.netty.handler.HttpHandler - 

Request DefaultFullHttpRequest(decodeResult: success, version: HTTP/1.1, content: EmptyByteBufBE)
GET /session/ee85139c8768cf2f9ecc1cc82589a524/screenshot HTTP/1.1
User-Agent: selenium/4.1.2 (java windows)
Cache-Control: no-cache
Content-Type: application/json; charset=utf-8
host: localhost:52101
accept: */*

Response DefaultHttpResponse(decodeResult: success, version: HTTP/1.1)
HTTP/1.1 200 OK
Content-Type: application/json; charset=utf-8
cache-control: no-cache
content-length: 90756

16:35:21.819 [AsyncHttpClient-1-5] DEBUG org.asynchttpclient.netty.channel.ChannelManager - Adding key: http://localhost:52101 for channel [id: 0x0f638373, L:/127.0.0.1:51120 - R:localhost/127.0.0.1:52101]
16:35:21.823 [main] DEBUG net.serenitybdd.core.photography.Darkroom - Send negative for processing for target\site\serenity\20ff6fb6e4d761179fa6b83137cadbc8f1d4d60d499b365eae69abbddfde8c75.png
16:35:21.823 [main] DEBUG net.thucydides.core.steps.StepInterceptor - STEP DONE: clickEditDoctorXButton
  &amp#27;[32mThen &amp#27;[0m&amp#27;[32mI click Edit Doctor form x button&amp#27;[0m   &amp#27;[90m# starter.stepdefinitions.DoctorSteps.iClickEditDoctorFormXButton()&amp#27;[0m
16:35:21.824 [Darkroom Processing Line] DEBUG net.serenitybdd.core.photography.DarkroomProcessingLine - Processing screenshot image in /var/screenshots/screenshot-17828275535348642927
16:35:21.824 [Darkroom Processing Line] DEBUG net.serenitybdd.core.photography.DarkroomProcessingLine - Saving screenshot to target\site\serenity\20ff6fb6e4d761179fa6b83137cadbc8f1d4d60d499b365eae69abbddfde8c75.png
16:35:21.829 [main] INFO  - 
  _____   ___   ___   _____     ___     _     ___   ___   ___   ___  
 |_   _| | __| / __| |_   _|   | _ \   /_\   / __| / __| | __| |   \ 
   | |   | _|  \__ \   | |     |  _/  / _ \  \__ \ \__ \ | _|  | |) |
   |_|   |___| |___/   |_|     |_|   /_/ \_\ |___/ |___/ |___| |___/ 

Cancel Edit Doctor Data Scenario
----------------------------------------------------------------------
16:35:21.831 [AsyncHttpClient-1-7] DEBUG org.asynchttpclient.netty.handler.WebSocketHandler - Channel Closed: [id: 0xb217fa96, L:/127.0.0.1:51128 ! R:localhost/127.0.0.1:51121] with attribute NettyResponseFuture{currentRetry=5,
	isDone=1,
	isCancelled=0,
	asyncHandler=org.asynchttpclient.ws.WebSocketUpgradeHandler@7148c2e7,
	nettyRequest=org.asynchttpclient.netty.request.NettyRequest@333dee6b,
	future=java.util.concurrent.CompletableFuture@400985a3[Completed normally],
	uri=ws://localhost:51121/devtools/browser/6de86926-8411-4d07-bbe9-4732de15a007,
	keepAlive=true,
	redirectCount=0,
	timeoutsHolder=null,
	inAuth=0,
	touch=1655717715958}
16:35:21.832 [AsyncHttpClient-1-7] DEBUG org.asynchttpclient.netty.channel.ChannelManager - Closing Channel [id: 0xb217fa96, L:/127.0.0.1:51128 ! R:localhost/127.0.0.1:51121] 
16:35:21.832 [Driver Command Executor] DEBUG org.asynchttpclient.netty.request.NettyRequestSender - Using pooled Channel '[id: 0x0f638373, L:/127.0.0.1:51120 - R:localhost/127.0.0.1:52101]' for 'DELETE' to 'http://localhost:52101/session/ee85139c8768cf2f9ecc1cc82589a524'
16:35:21.832 [Driver Command Executor] DEBUG org.asynchttpclient.netty.request.NettyRequestSender - Using open Channel [id: 0x0f638373, L:/127.0.0.1:51120 - R:localhost/127.0.0.1:52101] for DELETE '/session/ee85139c8768cf2f9ecc1cc82589a524'
16:35:21.871 [AsyncHttpClient-1-6] DEBUG org.asynchttpclient.netty.handler.HttpHandler - Unexpected I/O exception on channel [id: 0x14349784, L:/127.0.0.1:51127 - R:localhost/127.0.0.1:51121]
java.net.SocketException: Connection reset
	at java.base/sun.nio.ch.SocketChannelImpl.throwConnectionReset(SocketChannelImpl.java:367)
	at java.base/sun.nio.ch.SocketChannelImpl.read(SocketChannelImpl.java:398)
	at io.netty.buffer.PooledByteBuf.setBytes(PooledByteBuf.java:258)
	at io.netty.buffer.AbstractByteBuf.writeBytes(AbstractByteBuf.java:1132)
	at io.netty.channel.socket.nio.NioSocketChannel.doReadBytes(NioSocketChannel.java:350)
	at io.netty.channel.nio.AbstractNioByteChannel$NioByteUnsafe.read(AbstractNioByteChannel.java:151)
	at io.netty.channel.nio.NioEventLoop.processSelectedKey(NioEventLoop.java:722)
	at io.netty.channel.nio.NioEventLoop.processSelectedKeysOptimized(NioEventLoop.java:658)
	at io.netty.channel.nio.NioEventLoop.processSelectedKeys(NioEventLoop.java:584)
	at io.netty.channel.nio.NioEventLoop.run(NioEventLoop.java:496)
	at io.netty.util.concurrent.SingleThreadEventExecutor$4.run(SingleThreadEventExecutor.java:986)
	at io.netty.util.internal.ThreadExecutorMap$2.run(ThreadExecutorMap.java:74)
	at io.netty.util.concurrent.FastThreadLocalRunnable.run(FastThreadLocalRunnable.java:30)
	at java.base/java.lang.Thread.run(Thread.java:832)
16:35:21.871 [AsyncHttpClient-1-6] DEBUG org.asynchttpclient.netty.channel.ChannelManager - Closing Channel [id: 0x14349784, L:/127.0.0.1:51127 - R:localhost/127.0.0.1:51121] 
16:35:21.871 [AsyncHttpClient-1-6] DEBUG org.asynchttpclient.netty.handler.HttpHandler - Channel Closed: [id: 0x14349784, L:/127.0.0.1:51127 ! R:localhost/127.0.0.1:51121] with attribute DISCARD
16:35:22.837 [AsyncHttpClient-1-1] DEBUG org.asynchttpclient.netty.channel.DefaultChannelPool - Entry count for : http://localhost:51121 : 1
16:35:22.837 [AsyncHttpClient-1-1] DEBUG org.asynchttpclient.netty.channel.DefaultChannelPool - Adding Candidate expired Channel [id: 0x14349784, L:/127.0.0.1:51127 ! R:localhost/127.0.0.1:51121] isIdleTimeoutExpired=false isRemotelyClosed=true isTtlExpired=false
16:35:22.837 [AsyncHttpClient-1-1] DEBUG org.asynchttpclient.netty.channel.DefaultChannelPool - Closing Idle Channel [id: 0x14349784, L:/127.0.0.1:51127 ! R:localhost/127.0.0.1:51121]
16:35:22.837 [AsyncHttpClient-1-1] DEBUG org.asynchttpclient.netty.channel.DefaultChannelPool - Closed 1 connections out of 1 in 0 ms
16:35:24.283 [AsyncHttpClient-1-5] DEBUG org.asynchttpclient.netty.handler.HttpHandler - 

Request DefaultFullHttpRequest(decodeResult: success, version: HTTP/1.1, content: EmptyByteBufBE)
DELETE /session/ee85139c8768cf2f9ecc1cc82589a524 HTTP/1.1
User-Agent: selenium/4.1.2 (java windows)
Content-Type: application/json; charset=utf-8
host: localhost:52101
accept: */*

Response DefaultHttpResponse(decodeResult: success, version: HTTP/1.1)
HTTP/1.1 200 OK
Content-Type: application/json; charset=utf-8
cache-control: no-cache
content-length: 14

16:35:24.283 [AsyncHttpClient-1-5] DEBUG org.asynchttpclient.netty.channel.ChannelManager - Adding key: http://localhost:52101 for channel [id: 0x0f638373, L:/127.0.0.1:51120 - R:localhost/127.0.0.1:52101]
16:35:24.363 [AsyncHttpClient-1-5] DEBUG org.asynchttpclient.netty.handler.HttpHandler - Channel Closed: [id: 0x0f638373, L:/127.0.0.1:51120 ! R:localhost/127.0.0.1:52101] with attribute DISCARD
]]></system-out>
    <system-err><![CDATA[Starting ChromeDriver 102.0.5005.61 (0e59bcc00cc4985ce39ad31c150065f159d95ad3-refs/branch-heads/5005@{#819}) on port 52101
Only local connections are allowed.
Please see https://chromedriver.chromium.org/security-considerations for suggestions on keeping ChromeDriver safe.
ChromeDriver was started successfully.
Jun 20, 2022 4:35:15 PM org.openqa.selenium.remote.ProtocolHandshake createSession
INFO: Detected dialect: W3C
Jun 20, 2022 4:35:15 PM org.openqa.selenium.devtools.CdpVersionFinder findNearestMatch
WARNING: Unable to find an exact match for CDP version 102, so returning the closest version found: a no-op implementation
Jun 20, 2022 4:35:15 PM org.openqa.selenium.devtools.CdpVersionFinder findNearestMatch
INFO: Unable to find CDP implementation matching 102.
Jun 20, 2022 4:35:15 PM org.openqa.selenium.chromium.ChromiumDriver lambda$new$3
WARNING: Unable to find version of CDP to use for . You may need to include a dependency on a specific version of the CDP using something similar to `org.seleniumhq.selenium:selenium-devtools-v86:4.1.2` where the version ("v86") matches the version of the chromium-based browser you're using and the version number of the artifact is the same as Selenium's.
]]></system-err>
  </testcase>
  <testcase name="Cancel Delete Doctor Data Scenario" classname="Doctor" time="10.136">
    <system-out><![CDATA[
@Doctor @CancelDeleteDoctor
Scenario: Cancel Delete Doctor Data Scenario           &amp#27;[90m# src/test/resources/features/3.Doctor.feature:40&amp#27;[0m
16:35:24.911 [main] INFO io.cucumber.core.plugin.SerenityReporter - Running feature from file:///E:/My%20Documents/File%20Difa/TI%20Semester%206%20Kampus%20Merdeka%20Alterra/Tugas/CAPSTONE%20Project/Capstone-Project-Website/src/test/resources/features/3.Doctor.feature
16:35:24.922 [main] INFO  - 
  _____   ___   ___   _____     ___   _____     _     ___   _____   ___   ___  
 |_   _| | __| / __| |_   _|   / __| |_   _|   /_\   | _ \ |_   _| | __| |   \ 
   | |   | _|  \__ \   | |     \__ \   | |    / _ \  |   /   | |   | _|  | |) |
   |_|   |___| |___/   |_|     |___/   |_|   /_/ \_\ |_|_\   |_|   |___| |___/ 

Cancel Delete Doctor Data Scenario(doctor;cancel-delete-doctor-data-scenario)
--------------------------------------------------------------------------------
16:35:25.037 [AsyncHttpClient-1-1] DEBUG org.asynchttpclient.netty.channel.DefaultChannelPool - Entry count for : http://localhost:52101 : 1
16:35:25.037 [AsyncHttpClient-1-1] DEBUG org.asynchttpclient.netty.channel.DefaultChannelPool - Adding Candidate expired Channel [id: 0x0f638373, L:/127.0.0.1:51120 ! R:localhost/127.0.0.1:52101] isIdleTimeoutExpired=false isRemotelyClosed=true isTtlExpired=false
16:35:25.037 [AsyncHttpClient-1-1] DEBUG org.asynchttpclient.netty.channel.DefaultChannelPool - Closing Idle Channel [id: 0x0f638373, L:/127.0.0.1:51120 ! R:localhost/127.0.0.1:52101]
16:35:25.037 [AsyncHttpClient-1-1] DEBUG org.asynchttpclient.netty.channel.DefaultChannelPool - Closed 1 connections out of 1 in 0 ms
16:35:25.240 [main] DEBUG net.thucydides.core.steps.StepInterceptor - STARTING STEP: PatientSteps.iAmAtTheDashboardPage - openUrl
16:35:25.241 [main] INFO net.serenitybdd.core.webdriver.driverproviders.ChromeDriverProvider - Using automatically driver download
16:35:25.389 [main] DEBUG io.github.bonigarcia.wdm.cache.ResolutionCache - Resolution chrome=102 in cache (valid until 16:47:55 20/06/2022 ICT)
16:35:25.392 [main] DEBUG io.github.bonigarcia.wdm.cache.ResolutionCache - Resolution chrome102=102.0.5005.61 in cache (valid until 09:12:44 21/06/2022 ICT)
16:35:25.393 [main] INFO io.github.bonigarcia.wdm.WebDriverManager - Using chromedriver 102.0.5005.61 (resolved driver for Chrome 102)
16:35:25.484 [main] DEBUG io.github.bonigarcia.wdm.WebDriverManager - Driver chromedriver 102.0.5005.61 found in cache
16:35:25.486 [main] INFO io.github.bonigarcia.wdm.WebDriverManager - Exporting webdriver.chrome.driver as C:\Users\USER\.cache\selenium\chromedriver\win32\102.0.5005.61\chromedriver.exe
16:35:26.408 [main] DEBUG net.serenitybdd.core.webdriver.driverproviders.ProvideNewDriver - Instantiating driver
16:35:26.408 [main] DEBUG net.serenitybdd.core.webdriver.driverproviders.ProvideNewDriver - Driver capabilities: Capabilities {acceptInsecureCerts: false, base.url: https://hospital-management..., browserName: chrome, chrome.driver: src/test/resources/webdrive..., driver: chrome, goog:chromeOptions: {args: [], extensions: []}}
16:35:26.947 [AsyncHttpClient-1-8] DEBUG org.asynchttpclient.netty.channel.NettyConnectListener - Using new Channel '[id: 0x6f44b8c4, L:/127.0.0.1:51141 - R:localhost/127.0.0.1:61562]' for 'POST' to '/session'
16:35:27.987 [AsyncHttpClient-1-8] DEBUG org.asynchttpclient.netty.handler.HttpHandler - 

Request DefaultHttpRequest(decodeResult: success, version: HTTP/1.1)
POST /session HTTP/1.1
User-Agent: selenium/4.1.2 (java windows)
Content-Length: 621
Content-Type: application/json; charset=utf-8
host: localhost:61562
accept: */*

Response DefaultHttpResponse(decodeResult: success, version: HTTP/1.1)
HTTP/1.1 200 OK
Content-Type: application/json; charset=utf-8
cache-control: no-cache
content-length: 789

16:35:27.987 [AsyncHttpClient-1-8] DEBUG org.asynchttpclient.netty.channel.ChannelManager - Adding key: http://localhost:61562 for channel [id: 0x6f44b8c4, L:/127.0.0.1:51141 - R:localhost/127.0.0.1:61562]
16:35:27.996 [AsyncHttpClient-1-9] DEBUG org.asynchttpclient.netty.channel.NettyConnectListener - Using new Channel '[id: 0x5dd8e3f7, L:/127.0.0.1:51147 - R:localhost/127.0.0.1:51142]' for 'GET' to '/json/version'
16:35:27.996 [AsyncHttpClient-1-9] DEBUG org.asynchttpclient.netty.handler.HttpHandler - 

Request DefaultFullHttpRequest(decodeResult: success, version: HTTP/1.1, content: EmptyByteBufBE)
GET /json/version HTTP/1.1
User-Agent: selenium/4.1.2 (java windows)
host: localhost:51142
accept: */*

Response DefaultHttpResponse(decodeResult: success, version: HTTP/1.1)
HTTP/1.1 200 OK
Content-Type: application/json; charset=UTF-8
content-length: 427

16:35:27.996 [AsyncHttpClient-1-9] DEBUG org.asynchttpclient.netty.channel.ChannelManager - Adding key: http://localhost:51142 for channel [id: 0x5dd8e3f7, L:/127.0.0.1:51147 - R:localhost/127.0.0.1:51142]
16:35:27.998 [AsyncHttpClient-1-2] DEBUG org.asynchttpclient.netty.channel.NettyConnectListener - Using new Channel '[id: 0xcee43f7b, L:/127.0.0.1:51148 - R:localhost/127.0.0.1:51142]' for 'GET' to '/devtools/browser/a80a2805-5757-42c9-93cf-154d6efcebec'
16:35:27.999 [AsyncHttpClient-1-2] DEBUG org.asynchttpclient.netty.handler.WebSocketHandler - 

Request DefaultFullHttpRequest(decodeResult: success, version: HTTP/1.1, content: EmptyByteBufBE)
GET /devtools/browser/a80a2805-5757-42c9-93cf-154d6efcebec HTTP/1.1
upgrade: websocket
connection: upgrade
sec-websocket-key: AiW2XafpVKQwNarLaJb2Ig==
sec-websocket-version: 13
origin: http://localhost:51142
host: localhost:51142
accept: */*
user-agent: AHC/2.1

Response DefaultHttpResponse(decodeResult: success, version: HTTP/1.1)
HTTP/1.1 101 WebSocket Protocol Handshake
Upgrade: WebSocket
Connection: Upgrade
Sec-WebSocket-Accept: Tn0jqfOiYQFj9euzZubrd+bSvGw=

16:35:28.002 [Forwarding maximizeCurrentWindow on session c7811f5a63bb1316c4e59063bb440f6c to remote] DEBUG org.asynchttpclient.netty.request.NettyRequestSender - Using pooled Channel '[id: 0x6f44b8c4, L:/127.0.0.1:51141 - R:localhost/127.0.0.1:61562]' for 'POST' to 'http://localhost:61562/session/c7811f5a63bb1316c4e59063bb440f6c/window/maximize'
16:35:28.002 [Forwarding maximizeCurrentWindow on session c7811f5a63bb1316c4e59063bb440f6c to remote] DEBUG org.asynchttpclient.netty.request.NettyRequestSender - Using open Channel [id: 0x6f44b8c4, L:/127.0.0.1:51141 - R:localhost/127.0.0.1:61562] for POST '/session/c7811f5a63bb1316c4e59063bb440f6c/window/maximize'
16:35:28.118 [AsyncHttpClient-1-8] DEBUG org.asynchttpclient.netty.handler.HttpHandler - 

Request DefaultHttpRequest(decodeResult: success, version: HTTP/1.1)
POST /session/c7811f5a63bb1316c4e59063bb440f6c/window/maximize HTTP/1.1
User-Agent: selenium/4.1.2 (java windows)
Content-Length: 3
Content-Type: application/json; charset=utf-8
host: localhost:61562
accept: */*

Response DefaultHttpResponse(decodeResult: success, version: HTTP/1.1)
HTTP/1.1 200 OK
Content-Type: application/json; charset=utf-8
cache-control: no-cache
content-length: 51

16:35:28.118 [AsyncHttpClient-1-8] DEBUG org.asynchttpclient.netty.channel.ChannelManager - Adding key: http://localhost:61562 for channel [id: 0x6f44b8c4, L:/127.0.0.1:51141 - R:localhost/127.0.0.1:61562]
16:35:28.119 [Forwarding get on session c7811f5a63bb1316c4e59063bb440f6c to remote] DEBUG org.asynchttpclient.netty.request.NettyRequestSender - Using pooled Channel '[id: 0x6f44b8c4, L:/127.0.0.1:51141 - R:localhost/127.0.0.1:61562]' for 'POST' to 'http://localhost:61562/session/c7811f5a63bb1316c4e59063bb440f6c/url'
16:35:28.119 [Forwarding get on session c7811f5a63bb1316c4e59063bb440f6c to remote] DEBUG org.asynchttpclient.netty.request.NettyRequestSender - Using open Channel [id: 0x6f44b8c4, L:/127.0.0.1:51141 - R:localhost/127.0.0.1:61562] for POST '/session/c7811f5a63bb1316c4e59063bb440f6c/url'
16:35:28.439 [AsyncHttpClient-1-1] DEBUG org.asynchttpclient.netty.channel.DefaultChannelPool - Entry count for : http://localhost:51142 : 1
16:35:29.538 [AsyncHttpClient-1-1] DEBUG org.asynchttpclient.netty.channel.DefaultChannelPool - Entry count for : http://localhost:51142 : 1
16:35:30.637 [AsyncHttpClient-1-1] DEBUG org.asynchttpclient.netty.channel.DefaultChannelPool - Entry count for : http://localhost:51142 : 1
16:35:31.518 [AsyncHttpClient-1-8] DEBUG org.asynchttpclient.netty.handler.HttpHandler - 

Request DefaultHttpRequest(decodeResult: success, version: HTTP/1.1)
POST /session/c7811f5a63bb1316c4e59063bb440f6c/url HTTP/1.1
User-Agent: selenium/4.1.2 (java windows)
Content-Length: 65
Content-Type: application/json; charset=utf-8
host: localhost:61562
accept: */*

Response DefaultHttpResponse(decodeResult: success, version: HTTP/1.1)
HTTP/1.1 200 OK
Content-Type: application/json; charset=utf-8
cache-control: no-cache
content-length: 14

16:35:31.519 [AsyncHttpClient-1-8] DEBUG org.asynchttpclient.netty.channel.ChannelManager - Adding key: http://localhost:61562 for channel [id: 0x6f44b8c4, L:/127.0.0.1:51141 - R:localhost/127.0.0.1:61562]
16:35:31.521 [Forwarding setTimeout on session c7811f5a63bb1316c4e59063bb440f6c to remote] DEBUG org.asynchttpclient.netty.request.NettyRequestSender - Using pooled Channel '[id: 0x6f44b8c4, L:/127.0.0.1:51141 - R:localhost/127.0.0.1:61562]' for 'POST' to 'http://localhost:61562/session/c7811f5a63bb1316c4e59063bb440f6c/timeouts'
16:35:31.521 [Forwarding setTimeout on session c7811f5a63bb1316c4e59063bb440f6c to remote] DEBUG org.asynchttpclient.netty.request.NettyRequestSender - Using open Channel [id: 0x6f44b8c4, L:/127.0.0.1:51141 - R:localhost/127.0.0.1:61562] for POST '/session/c7811f5a63bb1316c4e59063bb440f6c/timeouts'
16:35:31.522 [AsyncHttpClient-1-8] DEBUG org.asynchttpclient.netty.handler.HttpHandler - 

Request DefaultHttpRequest(decodeResult: success, version: HTTP/1.1)
POST /session/c7811f5a63bb1316c4e59063bb440f6c/timeouts HTTP/1.1
User-Agent: selenium/4.1.2 (java windows)
Content-Length: 22
Content-Type: application/json; charset=utf-8
host: localhost:61562
accept: */*

Response DefaultHttpResponse(decodeResult: success, version: HTTP/1.1)
HTTP/1.1 200 OK
Content-Type: application/json; charset=utf-8
cache-control: no-cache
content-length: 14

16:35:31.522 [AsyncHttpClient-1-8] DEBUG org.asynchttpclient.netty.channel.ChannelManager - Adding key: http://localhost:61562 for channel [id: 0x6f44b8c4, L:/127.0.0.1:51141 - R:localhost/127.0.0.1:61562]
16:35:31.527 [Forwarding getCurrentUrl on session c7811f5a63bb1316c4e59063bb440f6c to remote] DEBUG org.asynchttpclient.netty.request.NettyRequestSender - Using pooled Channel '[id: 0x6f44b8c4, L:/127.0.0.1:51141 - R:localhost/127.0.0.1:61562]' for 'GET' to 'http://localhost:61562/session/c7811f5a63bb1316c4e59063bb440f6c/url'
16:35:31.527 [Forwarding getCurrentUrl on session c7811f5a63bb1316c4e59063bb440f6c to remote] DEBUG org.asynchttpclient.netty.request.NettyRequestSender - Using open Channel [id: 0x6f44b8c4, L:/127.0.0.1:51141 - R:localhost/127.0.0.1:61562] for GET '/session/c7811f5a63bb1316c4e59063bb440f6c/url'
16:35:31.573 [AsyncHttpClient-1-8] DEBUG org.asynchttpclient.netty.handler.HttpHandler - 

Request DefaultFullHttpRequest(decodeResult: success, version: HTTP/1.1, content: EmptyByteBufBE)
GET /session/c7811f5a63bb1316c4e59063bb440f6c/url HTTP/1.1
User-Agent: selenium/4.1.2 (java windows)
Cache-Control: no-cache
Content-Type: application/json; charset=utf-8
host: localhost:61562
accept: */*

Response DefaultHttpResponse(decodeResult: success, version: HTTP/1.1)
HTTP/1.1 200 OK
Content-Type: application/json; charset=utf-8
cache-control: no-cache
content-length: 53

16:35:31.574 [AsyncHttpClient-1-8] DEBUG org.asynchttpclient.netty.channel.ChannelManager - Adding key: http://localhost:61562 for channel [id: 0x6f44b8c4, L:/127.0.0.1:51141 - R:localhost/127.0.0.1:61562]
16:35:31.579 [Forwarding getCurrentUrl on session c7811f5a63bb1316c4e59063bb440f6c to remote] DEBUG org.asynchttpclient.netty.request.NettyRequestSender - Using pooled Channel '[id: 0x6f44b8c4, L:/127.0.0.1:51141 - R:localhost/127.0.0.1:61562]' for 'GET' to 'http://localhost:61562/session/c7811f5a63bb1316c4e59063bb440f6c/url'
16:35:31.579 [Forwarding getCurrentUrl on session c7811f5a63bb1316c4e59063bb440f6c to remote] DEBUG org.asynchttpclient.netty.request.NettyRequestSender - Using open Channel [id: 0x6f44b8c4, L:/127.0.0.1:51141 - R:localhost/127.0.0.1:61562] for GET '/session/c7811f5a63bb1316c4e59063bb440f6c/url'
16:35:31.583 [AsyncHttpClient-1-8] DEBUG org.asynchttpclient.netty.handler.HttpHandler - 

Request DefaultFullHttpRequest(decodeResult: success, version: HTTP/1.1, content: EmptyByteBufBE)
GET /session/c7811f5a63bb1316c4e59063bb440f6c/url HTTP/1.1
User-Agent: selenium/4.1.2 (java windows)
Cache-Control: no-cache
Content-Type: application/json; charset=utf-8
host: localhost:61562
accept: */*

Response DefaultHttpResponse(decodeResult: success, version: HTTP/1.1)
HTTP/1.1 200 OK
Content-Type: application/json; charset=utf-8
cache-control: no-cache
content-length: 53

16:35:31.583 [AsyncHttpClient-1-8] DEBUG org.asynchttpclient.netty.channel.ChannelManager - Adding key: http://localhost:61562 for channel [id: 0x6f44b8c4, L:/127.0.0.1:51141 - R:localhost/127.0.0.1:61562]
16:35:31.591 [Forwarding screenshot on session c7811f5a63bb1316c4e59063bb440f6c to remote] DEBUG org.asynchttpclient.netty.request.NettyRequestSender - Using pooled Channel '[id: 0x6f44b8c4, L:/127.0.0.1:51141 - R:localhost/127.0.0.1:61562]' for 'GET' to 'http://localhost:61562/session/c7811f5a63bb1316c4e59063bb440f6c/screenshot'
16:35:31.591 [Forwarding screenshot on session c7811f5a63bb1316c4e59063bb440f6c to remote] DEBUG org.asynchttpclient.netty.request.NettyRequestSender - Using open Channel [id: 0x6f44b8c4, L:/127.0.0.1:51141 - R:localhost/127.0.0.1:61562] for GET '/session/c7811f5a63bb1316c4e59063bb440f6c/screenshot'
16:35:31.740 [AsyncHttpClient-1-1] DEBUG org.asynchttpclient.netty.channel.DefaultChannelPool - Entry count for : http://localhost:51142 : 1
16:35:31.790 [AsyncHttpClient-1-8] DEBUG org.asynchttpclient.netty.handler.HttpHandler - 

Request DefaultFullHttpRequest(decodeResult: success, version: HTTP/1.1, content: EmptyByteBufBE)
GET /session/c7811f5a63bb1316c4e59063bb440f6c/screenshot HTTP/1.1
User-Agent: selenium/4.1.2 (java windows)
Cache-Control: no-cache
Content-Type: application/json; charset=utf-8
host: localhost:61562
accept: */*

Response DefaultHttpResponse(decodeResult: success, version: HTTP/1.1)
HTTP/1.1 200 OK
Content-Type: application/json; charset=utf-8
cache-control: no-cache
content-length: 113236

16:35:31.791 [AsyncHttpClient-1-8] DEBUG org.asynchttpclient.netty.channel.ChannelManager - Adding key: http://localhost:61562 for channel [id: 0x6f44b8c4, L:/127.0.0.1:51141 - R:localhost/127.0.0.1:61562]
16:35:31.799 [main] DEBUG net.serenitybdd.core.photography.Darkroom - Send negative for processing for target\site\serenity\85992fd1dce5bd33a060017ef6e67a16a578ce48563d49babd27ce16c537516f.png
16:35:31.799 [main] DEBUG net.thucydides.core.steps.StepInterceptor - STEP DONE: openUrl
16:35:31.800 [Darkroom Processing Line] DEBUG net.serenitybdd.core.photography.DarkroomProcessingLine - Processing screenshot image in /var/screenshots/screenshot-13924524286105418428
16:35:31.800 [Darkroom Processing Line] DEBUG net.serenitybdd.core.photography.DarkroomProcessingLine - Saving screenshot to target\site\serenity\85992fd1dce5bd33a060017ef6e67a16a578ce48563d49babd27ce16c537516f.png
16:35:31.814 [main] DEBUG net.thucydides.core.steps.StepInterceptor - STARTING STEP: PatientSteps.iAmAtTheDashboardPage - validateOnDashboardPage
16:35:31.819 [Forwarding findElement on session c7811f5a63bb1316c4e59063bb440f6c to remote] DEBUG org.asynchttpclient.netty.request.NettyRequestSender - Using pooled Channel '[id: 0x6f44b8c4, L:/127.0.0.1:51141 - R:localhost/127.0.0.1:61562]' for 'POST' to 'http://localhost:61562/session/c7811f5a63bb1316c4e59063bb440f6c/element'
16:35:31.819 [Forwarding findElement on session c7811f5a63bb1316c4e59063bb440f6c to remote] DEBUG org.asynchttpclient.netty.request.NettyRequestSender - Using open Channel [id: 0x6f44b8c4, L:/127.0.0.1:51141 - R:localhost/127.0.0.1:61562] for POST '/session/c7811f5a63bb1316c4e59063bb440f6c/element'
16:35:31.849 [AsyncHttpClient-1-8] DEBUG org.asynchttpclient.netty.handler.HttpHandler - 

Request DefaultHttpRequest(decodeResult: success, version: HTTP/1.1)
POST /session/c7811f5a63bb1316c4e59063bb440f6c/element HTTP/1.1
User-Agent: selenium/4.1.2 (java windows)
Content-Length: 81
Content-Type: application/json; charset=utf-8
host: localhost:61562
accept: */*

Response DefaultHttpResponse(decodeResult: success, version: HTTP/1.1)
HTTP/1.1 200 OK
Content-Type: application/json; charset=utf-8
cache-control: no-cache
content-length: 88

16:35:31.849 [AsyncHttpClient-1-8] DEBUG org.asynchttpclient.netty.channel.ChannelManager - Adding key: http://localhost:61562 for channel [id: 0x6f44b8c4, L:/127.0.0.1:51141 - R:localhost/127.0.0.1:61562]
16:35:31.854 [Forwarding isElementDisplayed on session c7811f5a63bb1316c4e59063bb440f6c to remote] DEBUG org.asynchttpclient.netty.request.NettyRequestSender - Using pooled Channel '[id: 0x6f44b8c4, L:/127.0.0.1:51141 - R:localhost/127.0.0.1:61562]' for 'POST' to 'http://localhost:61562/session/c7811f5a63bb1316c4e59063bb440f6c/execute/sync'
16:35:31.854 [Forwarding isElementDisplayed on session c7811f5a63bb1316c4e59063bb440f6c to remote] DEBUG org.asynchttpclient.netty.request.NettyRequestSender - Using open Channel [id: 0x6f44b8c4, L:/127.0.0.1:51141 - R:localhost/127.0.0.1:61562] for POST '/session/c7811f5a63bb1316c4e59063bb440f6c/execute/sync'
16:35:31.907 [AsyncHttpClient-1-8] DEBUG org.asynchttpclient.netty.handler.HttpHandler - 

Request DefaultHttpRequest(decodeResult: success, version: HTTP/1.1)
POST /session/c7811f5a63bb1316c4e59063bb440f6c/execute/sync HTTP/1.1
User-Agent: selenium/4.1.2 (java windows)
Content-Length: 48780
Content-Type: application/json; charset=utf-8
host: localhost:61562
accept: */*

Response DefaultHttpResponse(decodeResult: success, version: HTTP/1.1)
HTTP/1.1 200 OK
Content-Type: application/json; charset=utf-8
cache-control: no-cache
content-length: 14

16:35:31.908 [AsyncHttpClient-1-8] DEBUG org.asynchttpclient.netty.channel.ChannelManager - Adding key: http://localhost:61562 for channel [id: 0x6f44b8c4, L:/127.0.0.1:51141 - R:localhost/127.0.0.1:61562]
16:35:31.918 [Forwarding screenshot on session c7811f5a63bb1316c4e59063bb440f6c to remote] DEBUG org.asynchttpclient.netty.request.NettyRequestSender - Using pooled Channel '[id: 0x6f44b8c4, L:/127.0.0.1:51141 - R:localhost/127.0.0.1:61562]' for 'GET' to 'http://localhost:61562/session/c7811f5a63bb1316c4e59063bb440f6c/screenshot'
16:35:31.918 [Forwarding screenshot on session c7811f5a63bb1316c4e59063bb440f6c to remote] DEBUG org.asynchttpclient.netty.request.NettyRequestSender - Using open Channel [id: 0x6f44b8c4, L:/127.0.0.1:51141 - R:localhost/127.0.0.1:61562] for GET '/session/c7811f5a63bb1316c4e59063bb440f6c/screenshot'
16:35:32.333 [AsyncHttpClient-1-8] DEBUG org.asynchttpclient.netty.handler.HttpHandler - 

Request DefaultFullHttpRequest(decodeResult: success, version: HTTP/1.1, content: EmptyByteBufBE)
GET /session/c7811f5a63bb1316c4e59063bb440f6c/screenshot HTTP/1.1
User-Agent: selenium/4.1.2 (java windows)
Cache-Control: no-cache
Content-Type: application/json; charset=utf-8
host: localhost:61562
accept: */*

Response DefaultHttpResponse(decodeResult: success, version: HTTP/1.1)
HTTP/1.1 200 OK
Content-Type: application/json; charset=utf-8
cache-control: no-cache
content-length: 307736

16:35:32.336 [AsyncHttpClient-1-8] DEBUG org.asynchttpclient.netty.channel.ChannelManager - Adding key: http://localhost:61562 for channel [id: 0x6f44b8c4, L:/127.0.0.1:51141 - R:localhost/127.0.0.1:61562]
16:35:32.380 [main] DEBUG net.serenitybdd.core.photography.Darkroom - Send negative for processing for target\site\serenity\f1a075876f8ff6ba6782559ae28004414a57912b51233aa678bef725ae0cf1ea.png
16:35:32.381 [main] DEBUG net.thucydides.core.steps.StepInterceptor - STEP DONE: validateOnDashboardPage
  &amp#27;[32mGiven &amp#27;[0m&amp#27;[32mI am at the dashboard page&amp#27;[0m                     &amp#27;[90m# starter.stepdefinitions.PatientSteps.iAmAtTheDashboardPage()&amp#27;[0m
16:35:32.396 [Darkroom Processing Line] DEBUG net.serenitybdd.core.photography.DarkroomProcessingLine - Processing screenshot image in /var/screenshots/screenshot-6281445972876680472
16:35:32.396 [Darkroom Processing Line] DEBUG net.serenitybdd.core.photography.DarkroomProcessingLine - Saving screenshot to target\site\serenity\f1a075876f8ff6ba6782559ae28004414a57912b51233aa678bef725ae0cf1ea.png
16:35:32.428 [main] DEBUG net.thucydides.core.steps.StepInterceptor - STARTING STEP: DoctorSteps.iClickMenuDoctor - clickMenuDoctorButton
16:35:32.444 [Forwarding findElement on session c7811f5a63bb1316c4e59063bb440f6c to remote] DEBUG org.asynchttpclient.netty.request.NettyRequestSender - Using pooled Channel '[id: 0x6f44b8c4, L:/127.0.0.1:51141 - R:localhost/127.0.0.1:61562]' for 'POST' to 'http://localhost:61562/session/c7811f5a63bb1316c4e59063bb440f6c/element'
16:35:32.444 [Forwarding findElement on session c7811f5a63bb1316c4e59063bb440f6c to remote] DEBUG org.asynchttpclient.netty.request.NettyRequestSender - Using open Channel [id: 0x6f44b8c4, L:/127.0.0.1:51141 - R:localhost/127.0.0.1:61562] for POST '/session/c7811f5a63bb1316c4e59063bb440f6c/element'
16:35:32.468 [AsyncHttpClient-1-8] DEBUG org.asynchttpclient.netty.handler.HttpHandler - 

Request DefaultHttpRequest(decodeResult: success, version: HTTP/1.1)
POST /session/c7811f5a63bb1316c4e59063bb440f6c/element HTTP/1.1
User-Agent: selenium/4.1.2 (java windows)
Content-Length: 79
Content-Type: application/json; charset=utf-8
host: localhost:61562
accept: */*

Response DefaultHttpResponse(decodeResult: success, version: HTTP/1.1)
HTTP/1.1 200 OK
Content-Type: application/json; charset=utf-8
cache-control: no-cache
content-length: 88

16:35:32.468 [AsyncHttpClient-1-8] DEBUG org.asynchttpclient.netty.channel.ChannelManager - Adding key: http://localhost:61562 for channel [id: 0x6f44b8c4, L:/127.0.0.1:51141 - R:localhost/127.0.0.1:61562]
16:35:32.470 [Forwarding getElementTagName on session c7811f5a63bb1316c4e59063bb440f6c to remote] DEBUG org.asynchttpclient.netty.request.NettyRequestSender - Using pooled Channel '[id: 0x6f44b8c4, L:/127.0.0.1:51141 - R:localhost/127.0.0.1:61562]' for 'GET' to 'http://localhost:61562/session/c7811f5a63bb1316c4e59063bb440f6c/element/d4a76a95-63c6-4a73-975c-e160c8321dc2/name'
16:35:32.470 [Forwarding getElementTagName on session c7811f5a63bb1316c4e59063bb440f6c to remote] DEBUG org.asynchttpclient.netty.request.NettyRequestSender - Using open Channel [id: 0x6f44b8c4, L:/127.0.0.1:51141 - R:localhost/127.0.0.1:61562] for GET '/session/c7811f5a63bb1316c4e59063bb440f6c/element/d4a76a95-63c6-4a73-975c-e160c8321dc2/name'
16:35:32.477 [AsyncHttpClient-1-8] DEBUG org.asynchttpclient.netty.handler.HttpHandler - 

Request DefaultFullHttpRequest(decodeResult: success, version: HTTP/1.1, content: EmptyByteBufBE)
GET /session/c7811f5a63bb1316c4e59063bb440f6c/element/d4a76a95-63c6-4a73-975c-e160c8321dc2/name HTTP/1.1
User-Agent: selenium/4.1.2 (java windows)
Cache-Control: no-cache
Content-Type: application/json; charset=utf-8
host: localhost:61562
accept: */*

Response DefaultHttpResponse(decodeResult: success, version: HTTP/1.1)
HTTP/1.1 200 OK
Content-Type: application/json; charset=utf-8
cache-control: no-cache
content-length: 15

16:35:32.477 [AsyncHttpClient-1-8] DEBUG org.asynchttpclient.netty.channel.ChannelManager - Adding key: http://localhost:61562 for channel [id: 0x6f44b8c4, L:/127.0.0.1:51141 - R:localhost/127.0.0.1:61562]
16:35:32.479 [Forwarding getElementTagName on session c7811f5a63bb1316c4e59063bb440f6c to remote] DEBUG org.asynchttpclient.netty.request.NettyRequestSender - Using pooled Channel '[id: 0x6f44b8c4, L:/127.0.0.1:51141 - R:localhost/127.0.0.1:61562]' for 'GET' to 'http://localhost:61562/session/c7811f5a63bb1316c4e59063bb440f6c/element/d4a76a95-63c6-4a73-975c-e160c8321dc2/name'
16:35:32.479 [Forwarding getElementTagName on session c7811f5a63bb1316c4e59063bb440f6c to remote] DEBUG org.asynchttpclient.netty.request.NettyRequestSender - Using open Channel [id: 0x6f44b8c4, L:/127.0.0.1:51141 - R:localhost/127.0.0.1:61562] for GET '/session/c7811f5a63bb1316c4e59063bb440f6c/element/d4a76a95-63c6-4a73-975c-e160c8321dc2/name'
16:35:32.485 [AsyncHttpClient-1-8] DEBUG org.asynchttpclient.netty.handler.HttpHandler - 

Request DefaultFullHttpRequest(decodeResult: success, version: HTTP/1.1, content: EmptyByteBufBE)
GET /session/c7811f5a63bb1316c4e59063bb440f6c/element/d4a76a95-63c6-4a73-975c-e160c8321dc2/name HTTP/1.1
User-Agent: selenium/4.1.2 (java windows)
Cache-Control: no-cache
Content-Type: application/json; charset=utf-8
host: localhost:61562
accept: */*

Response DefaultHttpResponse(decodeResult: success, version: HTTP/1.1)
HTTP/1.1 200 OK
Content-Type: application/json; charset=utf-8
cache-control: no-cache
content-length: 15

16:35:32.485 [AsyncHttpClient-1-8] DEBUG org.asynchttpclient.netty.channel.ChannelManager - Adding key: http://localhost:61562 for channel [id: 0x6f44b8c4, L:/127.0.0.1:51141 - R:localhost/127.0.0.1:61562]
16:35:32.488 [Forwarding findElement on session c7811f5a63bb1316c4e59063bb440f6c to remote] DEBUG org.asynchttpclient.netty.request.NettyRequestSender - Using pooled Channel '[id: 0x6f44b8c4, L:/127.0.0.1:51141 - R:localhost/127.0.0.1:61562]' for 'POST' to 'http://localhost:61562/session/c7811f5a63bb1316c4e59063bb440f6c/element'
16:35:32.488 [Forwarding findElement on session c7811f5a63bb1316c4e59063bb440f6c to remote] DEBUG org.asynchttpclient.netty.request.NettyRequestSender - Using open Channel [id: 0x6f44b8c4, L:/127.0.0.1:51141 - R:localhost/127.0.0.1:61562] for POST '/session/c7811f5a63bb1316c4e59063bb440f6c/element'
16:35:32.500 [AsyncHttpClient-1-8] DEBUG org.asynchttpclient.netty.handler.HttpHandler - 

Request DefaultHttpRequest(decodeResult: success, version: HTTP/1.1)
POST /session/c7811f5a63bb1316c4e59063bb440f6c/element HTTP/1.1
User-Agent: selenium/4.1.2 (java windows)
Content-Length: 79
Content-Type: application/json; charset=utf-8
host: localhost:61562
accept: */*

Response DefaultHttpResponse(decodeResult: success, version: HTTP/1.1)
HTTP/1.1 200 OK
Content-Type: application/json; charset=utf-8
cache-control: no-cache
content-length: 88

16:35:32.500 [AsyncHttpClient-1-8] DEBUG org.asynchttpclient.netty.channel.ChannelManager - Adding key: http://localhost:61562 for channel [id: 0x6f44b8c4, L:/127.0.0.1:51141 - R:localhost/127.0.0.1:61562]
16:35:32.501 [Forwarding clickElement on session c7811f5a63bb1316c4e59063bb440f6c to remote] DEBUG org.asynchttpclient.netty.request.NettyRequestSender - Using pooled Channel '[id: 0x6f44b8c4, L:/127.0.0.1:51141 - R:localhost/127.0.0.1:61562]' for 'POST' to 'http://localhost:61562/session/c7811f5a63bb1316c4e59063bb440f6c/element/d4a76a95-63c6-4a73-975c-e160c8321dc2/click'
16:35:32.501 [Forwarding clickElement on session c7811f5a63bb1316c4e59063bb440f6c to remote] DEBUG org.asynchttpclient.netty.request.NettyRequestSender - Using open Channel [id: 0x6f44b8c4, L:/127.0.0.1:51141 - R:localhost/127.0.0.1:61562] for POST '/session/c7811f5a63bb1316c4e59063bb440f6c/element/d4a76a95-63c6-4a73-975c-e160c8321dc2/click'
16:35:32.804 [AsyncHttpClient-1-8] DEBUG org.asynchttpclient.netty.handler.HttpHandler - 

Request DefaultHttpRequest(decodeResult: success, version: HTTP/1.1)
POST /session/c7811f5a63bb1316c4e59063bb440f6c/element/d4a76a95-63c6-4a73-975c-e160c8321dc2/click HTTP/1.1
User-Agent: selenium/4.1.2 (java windows)
Content-Length: 50
Content-Type: application/json; charset=utf-8
host: localhost:61562
accept: */*

Response DefaultHttpResponse(decodeResult: success, version: HTTP/1.1)
HTTP/1.1 200 OK
Content-Type: application/json; charset=utf-8
cache-control: no-cache
content-length: 14

16:35:32.804 [AsyncHttpClient-1-8] DEBUG org.asynchttpclient.netty.channel.ChannelManager - Adding key: http://localhost:61562 for channel [id: 0x6f44b8c4, L:/127.0.0.1:51141 - R:localhost/127.0.0.1:61562]
16:35:32.813 [Forwarding screenshot on session c7811f5a63bb1316c4e59063bb440f6c to remote] DEBUG org.asynchttpclient.netty.request.NettyRequestSender - Using pooled Channel '[id: 0x6f44b8c4, L:/127.0.0.1:51141 - R:localhost/127.0.0.1:61562]' for 'GET' to 'http://localhost:61562/session/c7811f5a63bb1316c4e59063bb440f6c/screenshot'
16:35:32.813 [Forwarding screenshot on session c7811f5a63bb1316c4e59063bb440f6c to remote] DEBUG org.asynchttpclient.netty.request.NettyRequestSender - Using open Channel [id: 0x6f44b8c4, L:/127.0.0.1:51141 - R:localhost/127.0.0.1:61562] for GET '/session/c7811f5a63bb1316c4e59063bb440f6c/screenshot'
16:35:32.838 [AsyncHttpClient-1-1] DEBUG org.asynchttpclient.netty.channel.DefaultChannelPool - Entry count for : http://localhost:51142 : 1
16:35:32.934 [AsyncHttpClient-1-8] DEBUG org.asynchttpclient.netty.handler.HttpHandler - 

Request DefaultFullHttpRequest(decodeResult: success, version: HTTP/1.1, content: EmptyByteBufBE)
GET /session/c7811f5a63bb1316c4e59063bb440f6c/screenshot HTTP/1.1
User-Agent: selenium/4.1.2 (java windows)
Cache-Control: no-cache
Content-Type: application/json; charset=utf-8
host: localhost:61562
accept: */*

Response DefaultHttpResponse(decodeResult: success, version: HTTP/1.1)
HTTP/1.1 200 OK
Content-Type: application/json; charset=utf-8
cache-control: no-cache
content-length: 56216

16:35:32.934 [AsyncHttpClient-1-8] DEBUG org.asynchttpclient.netty.channel.ChannelManager - Adding key: http://localhost:61562 for channel [id: 0x6f44b8c4, L:/127.0.0.1:51141 - R:localhost/127.0.0.1:61562]
16:35:32.939 [main] DEBUG net.serenitybdd.core.photography.Darkroom - Send negative for processing for target\site\serenity\93bcc9a7e51fe36df2bb0ee95da8b9e15460ad67a465a8def437a77fe40a1b48.png
16:35:32.939 [main] DEBUG net.thucydides.core.steps.StepInterceptor - STEP DONE: clickMenuDoctorButton
  &amp#27;[32mAnd &amp#27;[0m&amp#27;[32mI click menu doctor&amp#27;[0m                              &amp#27;[90m# starter.stepdefinitions.DoctorSteps.iClickMenuDoctor()&amp#27;[0m
16:35:32.965 [main] DEBUG net.thucydides.core.steps.StepInterceptor - STARTING STEP: DoctorSteps.iClickTheDeleteDoctorIcon - clickTheDeleteDoctorIcon
16:35:32.968 [Forwarding findElement on session c7811f5a63bb1316c4e59063bb440f6c to remote] DEBUG org.asynchttpclient.netty.request.NettyRequestSender - Using pooled Channel '[id: 0x6f44b8c4, L:/127.0.0.1:51141 - R:localhost/127.0.0.1:61562]' for 'POST' to 'http://localhost:61562/session/c7811f5a63bb1316c4e59063bb440f6c/element'
16:35:32.968 [Forwarding findElement on session c7811f5a63bb1316c4e59063bb440f6c to remote] DEBUG org.asynchttpclient.netty.request.NettyRequestSender - Using open Channel [id: 0x6f44b8c4, L:/127.0.0.1:51141 - R:localhost/127.0.0.1:61562] for POST '/session/c7811f5a63bb1316c4e59063bb440f6c/element'
16:35:33.248 [AsyncHttpClient-1-8] DEBUG org.asynchttpclient.netty.handler.HttpHandler - 

Request DefaultHttpRequest(decodeResult: success, version: HTTP/1.1)
POST /session/c7811f5a63bb1316c4e59063bb440f6c/element HTTP/1.1
User-Agent: selenium/4.1.2 (java windows)
Content-Length: 91
Content-Type: application/json; charset=utf-8
host: localhost:61562
accept: */*

Response DefaultHttpResponse(decodeResult: success, version: HTTP/1.1)
HTTP/1.1 200 OK
Content-Type: application/json; charset=utf-8
cache-control: no-cache
content-length: 88

16:35:33.248 [AsyncHttpClient-1-8] DEBUG org.asynchttpclient.netty.channel.ChannelManager - Adding key: http://localhost:61562 for channel [id: 0x6f44b8c4, L:/127.0.0.1:51141 - R:localhost/127.0.0.1:61562]
16:35:33.251 [Forwarding getElementTagName on session c7811f5a63bb1316c4e59063bb440f6c to remote] DEBUG org.asynchttpclient.netty.request.NettyRequestSender - Using pooled Channel '[id: 0x6f44b8c4, L:/127.0.0.1:51141 - R:localhost/127.0.0.1:61562]' for 'GET' to 'http://localhost:61562/session/c7811f5a63bb1316c4e59063bb440f6c/element/42e29037-17db-4c4b-bd74-4e99cd8871f9/name'
16:35:33.251 [Forwarding getElementTagName on session c7811f5a63bb1316c4e59063bb440f6c to remote] DEBUG org.asynchttpclient.netty.request.NettyRequestSender - Using open Channel [id: 0x6f44b8c4, L:/127.0.0.1:51141 - R:localhost/127.0.0.1:61562] for GET '/session/c7811f5a63bb1316c4e59063bb440f6c/element/42e29037-17db-4c4b-bd74-4e99cd8871f9/name'
16:35:33.257 [AsyncHttpClient-1-8] DEBUG org.asynchttpclient.netty.handler.HttpHandler - 

Request DefaultFullHttpRequest(decodeResult: success, version: HTTP/1.1, content: EmptyByteBufBE)
GET /session/c7811f5a63bb1316c4e59063bb440f6c/element/42e29037-17db-4c4b-bd74-4e99cd8871f9/name HTTP/1.1
User-Agent: selenium/4.1.2 (java windows)
Cache-Control: no-cache
Content-Type: application/json; charset=utf-8
host: localhost:61562
accept: */*

Response DefaultHttpResponse(decodeResult: success, version: HTTP/1.1)
HTTP/1.1 200 OK
Content-Type: application/json; charset=utf-8
cache-control: no-cache
content-length: 18

16:35:33.257 [AsyncHttpClient-1-8] DEBUG org.asynchttpclient.netty.channel.ChannelManager - Adding key: http://localhost:61562 for channel [id: 0x6f44b8c4, L:/127.0.0.1:51141 - R:localhost/127.0.0.1:61562]
16:35:33.258 [Forwarding getElementTagName on session c7811f5a63bb1316c4e59063bb440f6c to remote] DEBUG org.asynchttpclient.netty.request.NettyRequestSender - Using pooled Channel '[id: 0x6f44b8c4, L:/127.0.0.1:51141 - R:localhost/127.0.0.1:61562]' for 'GET' to 'http://localhost:61562/session/c7811f5a63bb1316c4e59063bb440f6c/element/42e29037-17db-4c4b-bd74-4e99cd8871f9/name'
16:35:33.258 [Forwarding getElementTagName on session c7811f5a63bb1316c4e59063bb440f6c to remote] DEBUG org.asynchttpclient.netty.request.NettyRequestSender - Using open Channel [id: 0x6f44b8c4, L:/127.0.0.1:51141 - R:localhost/127.0.0.1:61562] for GET '/session/c7811f5a63bb1316c4e59063bb440f6c/element/42e29037-17db-4c4b-bd74-4e99cd8871f9/name'
16:35:33.264 [AsyncHttpClient-1-8] DEBUG org.asynchttpclient.netty.handler.HttpHandler - 

Request DefaultFullHttpRequest(decodeResult: success, version: HTTP/1.1, content: EmptyByteBufBE)
GET /session/c7811f5a63bb1316c4e59063bb440f6c/element/42e29037-17db-4c4b-bd74-4e99cd8871f9/name HTTP/1.1
User-Agent: selenium/4.1.2 (java windows)
Cache-Control: no-cache
Content-Type: application/json; charset=utf-8
host: localhost:61562
accept: */*

Response DefaultHttpResponse(decodeResult: success, version: HTTP/1.1)
HTTP/1.1 200 OK
Content-Type: application/json; charset=utf-8
cache-control: no-cache
content-length: 18

16:35:33.264 [AsyncHttpClient-1-8] DEBUG org.asynchttpclient.netty.channel.ChannelManager - Adding key: http://localhost:61562 for channel [id: 0x6f44b8c4, L:/127.0.0.1:51141 - R:localhost/127.0.0.1:61562]
16:35:33.267 [Forwarding isElementEnabled on session c7811f5a63bb1316c4e59063bb440f6c to remote] DEBUG org.asynchttpclient.netty.request.NettyRequestSender - Using pooled Channel '[id: 0x6f44b8c4, L:/127.0.0.1:51141 - R:localhost/127.0.0.1:61562]' for 'GET' to 'http://localhost:61562/session/c7811f5a63bb1316c4e59063bb440f6c/element/42e29037-17db-4c4b-bd74-4e99cd8871f9/enabled'
16:35:33.267 [Forwarding isElementEnabled on session c7811f5a63bb1316c4e59063bb440f6c to remote] DEBUG org.asynchttpclient.netty.request.NettyRequestSender - Using open Channel [id: 0x6f44b8c4, L:/127.0.0.1:51141 - R:localhost/127.0.0.1:61562] for GET '/session/c7811f5a63bb1316c4e59063bb440f6c/element/42e29037-17db-4c4b-bd74-4e99cd8871f9/enabled'
16:35:33.277 [AsyncHttpClient-1-8] DEBUG org.asynchttpclient.netty.handler.HttpHandler - 

Request DefaultFullHttpRequest(decodeResult: success, version: HTTP/1.1, content: EmptyByteBufBE)
GET /session/c7811f5a63bb1316c4e59063bb440f6c/element/42e29037-17db-4c4b-bd74-4e99cd8871f9/enabled HTTP/1.1
User-Agent: selenium/4.1.2 (java windows)
Cache-Control: no-cache
Content-Type: application/json; charset=utf-8
host: localhost:61562
accept: */*

Response DefaultHttpResponse(decodeResult: success, version: HTTP/1.1)
HTTP/1.1 200 OK
Content-Type: application/json; charset=utf-8
cache-control: no-cache
content-length: 14

16:35:33.277 [AsyncHttpClient-1-8] DEBUG org.asynchttpclient.netty.channel.ChannelManager - Adding key: http://localhost:61562 for channel [id: 0x6f44b8c4, L:/127.0.0.1:51141 - R:localhost/127.0.0.1:61562]
16:35:33.278 [Forwarding isElementEnabled on session c7811f5a63bb1316c4e59063bb440f6c to remote] DEBUG org.asynchttpclient.netty.request.NettyRequestSender - Using pooled Channel '[id: 0x6f44b8c4, L:/127.0.0.1:51141 - R:localhost/127.0.0.1:61562]' for 'GET' to 'http://localhost:61562/session/c7811f5a63bb1316c4e59063bb440f6c/element/42e29037-17db-4c4b-bd74-4e99cd8871f9/enabled'
16:35:33.278 [Forwarding isElementEnabled on session c7811f5a63bb1316c4e59063bb440f6c to remote] DEBUG org.asynchttpclient.netty.request.NettyRequestSender - Using open Channel [id: 0x6f44b8c4, L:/127.0.0.1:51141 - R:localhost/127.0.0.1:61562] for GET '/session/c7811f5a63bb1316c4e59063bb440f6c/element/42e29037-17db-4c4b-bd74-4e99cd8871f9/enabled'
16:35:33.287 [AsyncHttpClient-1-8] DEBUG org.asynchttpclient.netty.handler.HttpHandler - 

Request DefaultFullHttpRequest(decodeResult: success, version: HTTP/1.1, content: EmptyByteBufBE)
GET /session/c7811f5a63bb1316c4e59063bb440f6c/element/42e29037-17db-4c4b-bd74-4e99cd8871f9/enabled HTTP/1.1
User-Agent: selenium/4.1.2 (java windows)
Cache-Control: no-cache
Content-Type: application/json; charset=utf-8
host: localhost:61562
accept: */*

Response DefaultHttpResponse(decodeResult: success, version: HTTP/1.1)
HTTP/1.1 200 OK
Content-Type: application/json; charset=utf-8
cache-control: no-cache
content-length: 14

16:35:33.287 [AsyncHttpClient-1-8] DEBUG org.asynchttpclient.netty.channel.ChannelManager - Adding key: http://localhost:61562 for channel [id: 0x6f44b8c4, L:/127.0.0.1:51141 - R:localhost/127.0.0.1:61562]
16:35:33.288 [Forwarding findElement on session c7811f5a63bb1316c4e59063bb440f6c to remote] DEBUG org.asynchttpclient.netty.request.NettyRequestSender - Using pooled Channel '[id: 0x6f44b8c4, L:/127.0.0.1:51141 - R:localhost/127.0.0.1:61562]' for 'POST' to 'http://localhost:61562/session/c7811f5a63bb1316c4e59063bb440f6c/element'
16:35:33.288 [Forwarding findElement on session c7811f5a63bb1316c4e59063bb440f6c to remote] DEBUG org.asynchttpclient.netty.request.NettyRequestSender - Using open Channel [id: 0x6f44b8c4, L:/127.0.0.1:51141 - R:localhost/127.0.0.1:61562] for POST '/session/c7811f5a63bb1316c4e59063bb440f6c/element'
16:35:33.297 [AsyncHttpClient-1-8] DEBUG org.asynchttpclient.netty.handler.HttpHandler - 

Request DefaultHttpRequest(decodeResult: success, version: HTTP/1.1)
POST /session/c7811f5a63bb1316c4e59063bb440f6c/element HTTP/1.1
User-Agent: selenium/4.1.2 (java windows)
Content-Length: 91
Content-Type: application/json; charset=utf-8
host: localhost:61562
accept: */*

Response DefaultHttpResponse(decodeResult: success, version: HTTP/1.1)
HTTP/1.1 200 OK
Content-Type: application/json; charset=utf-8
cache-control: no-cache
content-length: 88

16:35:33.297 [AsyncHttpClient-1-8] DEBUG org.asynchttpclient.netty.channel.ChannelManager - Adding key: http://localhost:61562 for channel [id: 0x6f44b8c4, L:/127.0.0.1:51141 - R:localhost/127.0.0.1:61562]
16:35:33.298 [Forwarding clickElement on session c7811f5a63bb1316c4e59063bb440f6c to remote] DEBUG org.asynchttpclient.netty.request.NettyRequestSender - Using pooled Channel '[id: 0x6f44b8c4, L:/127.0.0.1:51141 - R:localhost/127.0.0.1:61562]' for 'POST' to 'http://localhost:61562/session/c7811f5a63bb1316c4e59063bb440f6c/element/42e29037-17db-4c4b-bd74-4e99cd8871f9/click'
16:35:33.298 [Forwarding clickElement on session c7811f5a63bb1316c4e59063bb440f6c to remote] DEBUG org.asynchttpclient.netty.request.NettyRequestSender - Using open Channel [id: 0x6f44b8c4, L:/127.0.0.1:51141 - R:localhost/127.0.0.1:61562] for POST '/session/c7811f5a63bb1316c4e59063bb440f6c/element/42e29037-17db-4c4b-bd74-4e99cd8871f9/click'
16:35:33.525 [AsyncHttpClient-1-8] DEBUG org.asynchttpclient.netty.handler.HttpHandler - 

Request DefaultHttpRequest(decodeResult: success, version: HTTP/1.1)
POST /session/c7811f5a63bb1316c4e59063bb440f6c/element/42e29037-17db-4c4b-bd74-4e99cd8871f9/click HTTP/1.1
User-Agent: selenium/4.1.2 (java windows)
Content-Length: 50
Content-Type: application/json; charset=utf-8
host: localhost:61562
accept: */*

Response DefaultHttpResponse(decodeResult: success, version: HTTP/1.1)
HTTP/1.1 200 OK
Content-Type: application/json; charset=utf-8
cache-control: no-cache
content-length: 14

16:35:33.526 [AsyncHttpClient-1-8] DEBUG org.asynchttpclient.netty.channel.ChannelManager - Adding key: http://localhost:61562 for channel [id: 0x6f44b8c4, L:/127.0.0.1:51141 - R:localhost/127.0.0.1:61562]
16:35:33.541 [Forwarding screenshot on session c7811f5a63bb1316c4e59063bb440f6c to remote] DEBUG org.asynchttpclient.netty.request.NettyRequestSender - Using pooled Channel '[id: 0x6f44b8c4, L:/127.0.0.1:51141 - R:localhost/127.0.0.1:61562]' for 'GET' to 'http://localhost:61562/session/c7811f5a63bb1316c4e59063bb440f6c/screenshot'
16:35:33.541 [Forwarding screenshot on session c7811f5a63bb1316c4e59063bb440f6c to remote] DEBUG org.asynchttpclient.netty.request.NettyRequestSender - Using open Channel [id: 0x6f44b8c4, L:/127.0.0.1:51141 - R:localhost/127.0.0.1:61562] for GET '/session/c7811f5a63bb1316c4e59063bb440f6c/screenshot'
16:35:33.700 [AsyncHttpClient-1-8] DEBUG org.asynchttpclient.netty.handler.HttpHandler - 

Request DefaultFullHttpRequest(decodeResult: success, version: HTTP/1.1, content: EmptyByteBufBE)
GET /session/c7811f5a63bb1316c4e59063bb440f6c/screenshot HTTP/1.1
User-Agent: selenium/4.1.2 (java windows)
Cache-Control: no-cache
Content-Type: application/json; charset=utf-8
host: localhost:61562
accept: */*

Response DefaultHttpResponse(decodeResult: success, version: HTTP/1.1)
HTTP/1.1 200 OK
Content-Type: application/json; charset=utf-8
cache-control: no-cache
content-length: 107532

16:35:33.700 [AsyncHttpClient-1-8] DEBUG org.asynchttpclient.netty.channel.ChannelManager - Adding key: http://localhost:61562 for channel [id: 0x6f44b8c4, L:/127.0.0.1:51141 - R:localhost/127.0.0.1:61562]
16:35:33.705 [main] DEBUG net.serenitybdd.core.photography.Darkroom - Send negative for processing for target\site\serenity\da2c1aff1ab50dbd9e3ee864eb87e81cbeebfe77500c5a97990f63f46bbac687.png
16:35:33.706 [main] DEBUG net.thucydides.core.steps.StepInterceptor - STEP DONE: clickTheDeleteDoctorIcon
  &amp#27;[32mWhen &amp#27;[0m&amp#27;[32mI click the Delete Doctor icon&amp#27;[0m                  &amp#27;[90m# starter.stepdefinitions.DoctorSteps.iClickTheDeleteDoctorIcon()&amp#27;[0m
16:35:33.707 [Darkroom Processing Line] DEBUG net.serenitybdd.core.photography.DarkroomProcessingLine - Processing screenshot image in /var/screenshots/screenshot-15216220678886442287
16:35:33.707 [Darkroom Processing Line] DEBUG net.serenitybdd.core.photography.DarkroomProcessingLine - Saving screenshot to target\site\serenity\da2c1aff1ab50dbd9e3ee864eb87e81cbeebfe77500c5a97990f63f46bbac687.png
16:35:33.732 [main] DEBUG net.thucydides.core.steps.StepInterceptor - STARTING STEP: DoctorSteps.iClickCancelButtonForDeleteDoctorMessage - clickTheCancelDeleteDoctorButton
16:35:33.738 [Forwarding findElement on session c7811f5a63bb1316c4e59063bb440f6c to remote] DEBUG org.asynchttpclient.netty.request.NettyRequestSender - Using pooled Channel '[id: 0x6f44b8c4, L:/127.0.0.1:51141 - R:localhost/127.0.0.1:61562]' for 'POST' to 'http://localhost:61562/session/c7811f5a63bb1316c4e59063bb440f6c/element'
16:35:33.738 [Forwarding findElement on session c7811f5a63bb1316c4e59063bb440f6c to remote] DEBUG org.asynchttpclient.netty.request.NettyRequestSender - Using open Channel [id: 0x6f44b8c4, L:/127.0.0.1:51141 - R:localhost/127.0.0.1:61562] for POST '/session/c7811f5a63bb1316c4e59063bb440f6c/element'
16:35:33.757 [AsyncHttpClient-1-8] DEBUG org.asynchttpclient.netty.handler.HttpHandler - 

Request DefaultHttpRequest(decodeResult: success, version: HTTP/1.1)
POST /session/c7811f5a63bb1316c4e59063bb440f6c/element HTTP/1.1
User-Agent: selenium/4.1.2 (java windows)
Content-Length: 104
Content-Type: application/json; charset=utf-8
host: localhost:61562
accept: */*

Response DefaultHttpResponse(decodeResult: success, version: HTTP/1.1)
HTTP/1.1 200 OK
Content-Type: application/json; charset=utf-8
cache-control: no-cache
content-length: 88

16:35:33.757 [AsyncHttpClient-1-8] DEBUG org.asynchttpclient.netty.channel.ChannelManager - Adding key: http://localhost:61562 for channel [id: 0x6f44b8c4, L:/127.0.0.1:51141 - R:localhost/127.0.0.1:61562]
16:35:33.760 [Forwarding getElementTagName on session c7811f5a63bb1316c4e59063bb440f6c to remote] DEBUG org.asynchttpclient.netty.request.NettyRequestSender - Using pooled Channel '[id: 0x6f44b8c4, L:/127.0.0.1:51141 - R:localhost/127.0.0.1:61562]' for 'GET' to 'http://localhost:61562/session/c7811f5a63bb1316c4e59063bb440f6c/element/13168713-e3a3-4a64-87fa-1addb89c79fa/name'
16:35:33.760 [Forwarding getElementTagName on session c7811f5a63bb1316c4e59063bb440f6c to remote] DEBUG org.asynchttpclient.netty.request.NettyRequestSender - Using open Channel [id: 0x6f44b8c4, L:/127.0.0.1:51141 - R:localhost/127.0.0.1:61562] for GET '/session/c7811f5a63bb1316c4e59063bb440f6c/element/13168713-e3a3-4a64-87fa-1addb89c79fa/name'
16:35:33.766 [AsyncHttpClient-1-8] DEBUG org.asynchttpclient.netty.handler.HttpHandler - 

Request DefaultFullHttpRequest(decodeResult: success, version: HTTP/1.1, content: EmptyByteBufBE)
GET /session/c7811f5a63bb1316c4e59063bb440f6c/element/13168713-e3a3-4a64-87fa-1addb89c79fa/name HTTP/1.1
User-Agent: selenium/4.1.2 (java windows)
Cache-Control: no-cache
Content-Type: application/json; charset=utf-8
host: localhost:61562
accept: */*

Response DefaultHttpResponse(decodeResult: success, version: HTTP/1.1)
HTTP/1.1 200 OK
Content-Type: application/json; charset=utf-8
cache-control: no-cache
content-length: 18

16:35:33.766 [AsyncHttpClient-1-8] DEBUG org.asynchttpclient.netty.channel.ChannelManager - Adding key: http://localhost:61562 for channel [id: 0x6f44b8c4, L:/127.0.0.1:51141 - R:localhost/127.0.0.1:61562]
16:35:33.769 [Forwarding getElementTagName on session c7811f5a63bb1316c4e59063bb440f6c to remote] DEBUG org.asynchttpclient.netty.request.NettyRequestSender - Using pooled Channel '[id: 0x6f44b8c4, L:/127.0.0.1:51141 - R:localhost/127.0.0.1:61562]' for 'GET' to 'http://localhost:61562/session/c7811f5a63bb1316c4e59063bb440f6c/element/13168713-e3a3-4a64-87fa-1addb89c79fa/name'
16:35:33.769 [Forwarding getElementTagName on session c7811f5a63bb1316c4e59063bb440f6c to remote] DEBUG org.asynchttpclient.netty.request.NettyRequestSender - Using open Channel [id: 0x6f44b8c4, L:/127.0.0.1:51141 - R:localhost/127.0.0.1:61562] for GET '/session/c7811f5a63bb1316c4e59063bb440f6c/element/13168713-e3a3-4a64-87fa-1addb89c79fa/name'
16:35:33.774 [AsyncHttpClient-1-8] DEBUG org.asynchttpclient.netty.handler.HttpHandler - 

Request DefaultFullHttpRequest(decodeResult: success, version: HTTP/1.1, content: EmptyByteBufBE)
GET /session/c7811f5a63bb1316c4e59063bb440f6c/element/13168713-e3a3-4a64-87fa-1addb89c79fa/name HTTP/1.1
User-Agent: selenium/4.1.2 (java windows)
Cache-Control: no-cache
Content-Type: application/json; charset=utf-8
host: localhost:61562
accept: */*

Response DefaultHttpResponse(decodeResult: success, version: HTTP/1.1)
HTTP/1.1 200 OK
Content-Type: application/json; charset=utf-8
cache-control: no-cache
content-length: 18

16:35:33.774 [AsyncHttpClient-1-8] DEBUG org.asynchttpclient.netty.channel.ChannelManager - Adding key: http://localhost:61562 for channel [id: 0x6f44b8c4, L:/127.0.0.1:51141 - R:localhost/127.0.0.1:61562]
16:35:33.777 [Forwarding isElementEnabled on session c7811f5a63bb1316c4e59063bb440f6c to remote] DEBUG org.asynchttpclient.netty.request.NettyRequestSender - Using pooled Channel '[id: 0x6f44b8c4, L:/127.0.0.1:51141 - R:localhost/127.0.0.1:61562]' for 'GET' to 'http://localhost:61562/session/c7811f5a63bb1316c4e59063bb440f6c/element/13168713-e3a3-4a64-87fa-1addb89c79fa/enabled'
16:35:33.777 [Forwarding isElementEnabled on session c7811f5a63bb1316c4e59063bb440f6c to remote] DEBUG org.asynchttpclient.netty.request.NettyRequestSender - Using open Channel [id: 0x6f44b8c4, L:/127.0.0.1:51141 - R:localhost/127.0.0.1:61562] for GET '/session/c7811f5a63bb1316c4e59063bb440f6c/element/13168713-e3a3-4a64-87fa-1addb89c79fa/enabled'
16:35:33.790 [AsyncHttpClient-1-8] DEBUG org.asynchttpclient.netty.handler.HttpHandler - 

Request DefaultFullHttpRequest(decodeResult: success, version: HTTP/1.1, content: EmptyByteBufBE)
GET /session/c7811f5a63bb1316c4e59063bb440f6c/element/13168713-e3a3-4a64-87fa-1addb89c79fa/enabled HTTP/1.1
User-Agent: selenium/4.1.2 (java windows)
Cache-Control: no-cache
Content-Type: application/json; charset=utf-8
host: localhost:61562
accept: */*

Response DefaultHttpResponse(decodeResult: success, version: HTTP/1.1)
HTTP/1.1 200 OK
Content-Type: application/json; charset=utf-8
cache-control: no-cache
content-length: 14

16:35:33.790 [AsyncHttpClient-1-8] DEBUG org.asynchttpclient.netty.channel.ChannelManager - Adding key: http://localhost:61562 for channel [id: 0x6f44b8c4, L:/127.0.0.1:51141 - R:localhost/127.0.0.1:61562]
16:35:33.792 [Forwarding isElementEnabled on session c7811f5a63bb1316c4e59063bb440f6c to remote] DEBUG org.asynchttpclient.netty.request.NettyRequestSender - Using pooled Channel '[id: 0x6f44b8c4, L:/127.0.0.1:51141 - R:localhost/127.0.0.1:61562]' for 'GET' to 'http://localhost:61562/session/c7811f5a63bb1316c4e59063bb440f6c/element/13168713-e3a3-4a64-87fa-1addb89c79fa/enabled'
16:35:33.792 [Forwarding isElementEnabled on session c7811f5a63bb1316c4e59063bb440f6c to remote] DEBUG org.asynchttpclient.netty.request.NettyRequestSender - Using open Channel [id: 0x6f44b8c4, L:/127.0.0.1:51141 - R:localhost/127.0.0.1:61562] for GET '/session/c7811f5a63bb1316c4e59063bb440f6c/element/13168713-e3a3-4a64-87fa-1addb89c79fa/enabled'
16:35:33.802 [AsyncHttpClient-1-8] DEBUG org.asynchttpclient.netty.handler.HttpHandler - 

Request DefaultFullHttpRequest(decodeResult: success, version: HTTP/1.1, content: EmptyByteBufBE)
GET /session/c7811f5a63bb1316c4e59063bb440f6c/element/13168713-e3a3-4a64-87fa-1addb89c79fa/enabled HTTP/1.1
User-Agent: selenium/4.1.2 (java windows)
Cache-Control: no-cache
Content-Type: application/json; charset=utf-8
host: localhost:61562
accept: */*

Response DefaultHttpResponse(decodeResult: success, version: HTTP/1.1)
HTTP/1.1 200 OK
Content-Type: application/json; charset=utf-8
cache-control: no-cache
content-length: 14

16:35:33.802 [AsyncHttpClient-1-8] DEBUG org.asynchttpclient.netty.channel.ChannelManager - Adding key: http://localhost:61562 for channel [id: 0x6f44b8c4, L:/127.0.0.1:51141 - R:localhost/127.0.0.1:61562]
16:35:33.805 [Forwarding findElement on session c7811f5a63bb1316c4e59063bb440f6c to remote] DEBUG org.asynchttpclient.netty.request.NettyRequestSender - Using pooled Channel '[id: 0x6f44b8c4, L:/127.0.0.1:51141 - R:localhost/127.0.0.1:61562]' for 'POST' to 'http://localhost:61562/session/c7811f5a63bb1316c4e59063bb440f6c/element'
16:35:33.805 [Forwarding findElement on session c7811f5a63bb1316c4e59063bb440f6c to remote] DEBUG org.asynchttpclient.netty.request.NettyRequestSender - Using open Channel [id: 0x6f44b8c4, L:/127.0.0.1:51141 - R:localhost/127.0.0.1:61562] for POST '/session/c7811f5a63bb1316c4e59063bb440f6c/element'
16:35:33.816 [AsyncHttpClient-1-8] DEBUG org.asynchttpclient.netty.handler.HttpHandler - 

Request DefaultHttpRequest(decodeResult: success, version: HTTP/1.1)
POST /session/c7811f5a63bb1316c4e59063bb440f6c/element HTTP/1.1
User-Agent: selenium/4.1.2 (java windows)
Content-Length: 104
Content-Type: application/json; charset=utf-8
host: localhost:61562
accept: */*

Response DefaultHttpResponse(decodeResult: success, version: HTTP/1.1)
HTTP/1.1 200 OK
Content-Type: application/json; charset=utf-8
cache-control: no-cache
content-length: 88

16:35:33.816 [AsyncHttpClient-1-8] DEBUG org.asynchttpclient.netty.channel.ChannelManager - Adding key: http://localhost:61562 for channel [id: 0x6f44b8c4, L:/127.0.0.1:51141 - R:localhost/127.0.0.1:61562]
16:35:33.818 [Forwarding clickElement on session c7811f5a63bb1316c4e59063bb440f6c to remote] DEBUG org.asynchttpclient.netty.request.NettyRequestSender - Using pooled Channel '[id: 0x6f44b8c4, L:/127.0.0.1:51141 - R:localhost/127.0.0.1:61562]' for 'POST' to 'http://localhost:61562/session/c7811f5a63bb1316c4e59063bb440f6c/element/13168713-e3a3-4a64-87fa-1addb89c79fa/click'
16:35:33.818 [Forwarding clickElement on session c7811f5a63bb1316c4e59063bb440f6c to remote] DEBUG org.asynchttpclient.netty.request.NettyRequestSender - Using open Channel [id: 0x6f44b8c4, L:/127.0.0.1:51141 - R:localhost/127.0.0.1:61562] for POST '/session/c7811f5a63bb1316c4e59063bb440f6c/element/13168713-e3a3-4a64-87fa-1addb89c79fa/click'
16:35:33.927 [AsyncHttpClient-1-8] DEBUG org.asynchttpclient.netty.handler.HttpHandler - 

Request DefaultHttpRequest(decodeResult: success, version: HTTP/1.1)
POST /session/c7811f5a63bb1316c4e59063bb440f6c/element/13168713-e3a3-4a64-87fa-1addb89c79fa/click HTTP/1.1
User-Agent: selenium/4.1.2 (java windows)
Content-Length: 50
Content-Type: application/json; charset=utf-8
host: localhost:61562
accept: */*

Response DefaultHttpResponse(decodeResult: success, version: HTTP/1.1)
HTTP/1.1 200 OK
Content-Type: application/json; charset=utf-8
cache-control: no-cache
content-length: 14

16:35:33.927 [AsyncHttpClient-1-8] DEBUG org.asynchttpclient.netty.channel.ChannelManager - Adding key: http://localhost:61562 for channel [id: 0x6f44b8c4, L:/127.0.0.1:51141 - R:localhost/127.0.0.1:61562]
16:35:33.939 [AsyncHttpClient-1-1] DEBUG org.asynchttpclient.netty.channel.DefaultChannelPool - Entry count for : http://localhost:61562 : 1
16:35:33.939 [AsyncHttpClient-1-1] DEBUG org.asynchttpclient.netty.channel.DefaultChannelPool - Entry count for : http://localhost:51142 : 1
16:35:33.940 [Forwarding screenshot on session c7811f5a63bb1316c4e59063bb440f6c to remote] DEBUG org.asynchttpclient.netty.request.NettyRequestSender - Using pooled Channel '[id: 0x6f44b8c4, L:/127.0.0.1:51141 - R:localhost/127.0.0.1:61562]' for 'GET' to 'http://localhost:61562/session/c7811f5a63bb1316c4e59063bb440f6c/screenshot'
16:35:33.940 [Forwarding screenshot on session c7811f5a63bb1316c4e59063bb440f6c to remote] DEBUG org.asynchttpclient.netty.request.NettyRequestSender - Using open Channel [id: 0x6f44b8c4, L:/127.0.0.1:51141 - R:localhost/127.0.0.1:61562] for GET '/session/c7811f5a63bb1316c4e59063bb440f6c/screenshot'
16:35:34.110 [AsyncHttpClient-1-8] DEBUG org.asynchttpclient.netty.handler.HttpHandler - 

Request DefaultFullHttpRequest(decodeResult: success, version: HTTP/1.1, content: EmptyByteBufBE)
GET /session/c7811f5a63bb1316c4e59063bb440f6c/screenshot HTTP/1.1
User-Agent: selenium/4.1.2 (java windows)
Cache-Control: no-cache
Content-Type: application/json; charset=utf-8
host: localhost:61562
accept: */*

Response DefaultHttpResponse(decodeResult: success, version: HTTP/1.1)
HTTP/1.1 200 OK
Content-Type: application/json; charset=utf-8
cache-control: no-cache
content-length: 90360

16:35:34.111 [AsyncHttpClient-1-8] DEBUG org.asynchttpclient.netty.channel.ChannelManager - Adding key: http://localhost:61562 for channel [id: 0x6f44b8c4, L:/127.0.0.1:51141 - R:localhost/127.0.0.1:61562]
16:35:34.117 [main] DEBUG net.serenitybdd.core.photography.Darkroom - Send negative for processing for target\site\serenity\7b461d8f42800b58259762bc1366e000d5464705c8a0184209c2570adbeac332.png
16:35:34.118 [main] DEBUG net.thucydides.core.steps.StepInterceptor - STEP DONE: clickTheCancelDeleteDoctorButton
  &amp#27;[32mThen &amp#27;[0m&amp#27;[32mI click Cancel button for Delete Doctor Message&amp#27;[0m &amp#27;[90m# starter.stepdefinitions.DoctorSteps.iClickCancelButtonForDeleteDoctorMessage()&amp#27;[0m
16:35:34.118 [Darkroom Processing Line] DEBUG net.serenitybdd.core.photography.DarkroomProcessingLine - Processing screenshot image in /var/screenshots/screenshot-823005252950592481
16:35:34.118 [Darkroom Processing Line] DEBUG net.serenitybdd.core.photography.DarkroomProcessingLine - Saving screenshot to target\site\serenity\7b461d8f42800b58259762bc1366e000d5464705c8a0184209c2570adbeac332.png
16:35:34.126 [main] INFO  - 
  _____   ___   ___   _____     ___     _     ___   ___   ___   ___  
 |_   _| | __| / __| |_   _|   | _ \   /_\   / __| / __| | __| |   \ 
   | |   | _|  \__ \   | |     |  _/  / _ \  \__ \ \__ \ | _|  | |) |
   |_|   |___| |___/   |_|     |_|   /_/ \_\ |___/ |___/ |___| |___/ 

Cancel Delete Doctor Data Scenario
----------------------------------------------------------------------
16:35:34.128 [AsyncHttpClient-1-2] DEBUG org.asynchttpclient.netty.handler.WebSocketHandler - Channel Closed: [id: 0xcee43f7b, L:/127.0.0.1:51148 ! R:localhost/127.0.0.1:51142] with attribute NettyResponseFuture{currentRetry=5,
	isDone=1,
	isCancelled=0,
	asyncHandler=org.asynchttpclient.ws.WebSocketUpgradeHandler@5cdb2ca3,
	nettyRequest=org.asynchttpclient.netty.request.NettyRequest@7c759767,
	future=java.util.concurrent.CompletableFuture@33c23574[Completed normally],
	uri=ws://localhost:51142/devtools/browser/a80a2805-5757-42c9-93cf-154d6efcebec,
	keepAlive=true,
	redirectCount=0,
	timeoutsHolder=null,
	inAuth=0,
	touch=1655717727999}
16:35:34.128 [AsyncHttpClient-1-2] DEBUG org.asynchttpclient.netty.channel.ChannelManager - Closing Channel [id: 0xcee43f7b, L:/127.0.0.1:51148 ! R:localhost/127.0.0.1:51142] 
16:35:34.129 [Driver Command Executor] DEBUG org.asynchttpclient.netty.request.NettyRequestSender - Using pooled Channel '[id: 0x6f44b8c4, L:/127.0.0.1:51141 - R:localhost/127.0.0.1:61562]' for 'DELETE' to 'http://localhost:61562/session/c7811f5a63bb1316c4e59063bb440f6c'
16:35:34.129 [Driver Command Executor] DEBUG org.asynchttpclient.netty.request.NettyRequestSender - Using open Channel [id: 0x6f44b8c4, L:/127.0.0.1:51141 - R:localhost/127.0.0.1:61562] for DELETE '/session/c7811f5a63bb1316c4e59063bb440f6c'
16:35:34.177 [AsyncHttpClient-1-9] DEBUG org.asynchttpclient.netty.handler.HttpHandler - Unexpected I/O exception on channel [id: 0x5dd8e3f7, L:/127.0.0.1:51147 - R:localhost/127.0.0.1:51142]
java.net.SocketException: Connection reset
	at java.base/sun.nio.ch.SocketChannelImpl.throwConnectionReset(SocketChannelImpl.java:367)
	at java.base/sun.nio.ch.SocketChannelImpl.read(SocketChannelImpl.java:398)
	at io.netty.buffer.PooledByteBuf.setBytes(PooledByteBuf.java:258)
	at io.netty.buffer.AbstractByteBuf.writeBytes(AbstractByteBuf.java:1132)
	at io.netty.channel.socket.nio.NioSocketChannel.doReadBytes(NioSocketChannel.java:350)
	at io.netty.channel.nio.AbstractNioByteChannel$NioByteUnsafe.read(AbstractNioByteChannel.java:151)
	at io.netty.channel.nio.NioEventLoop.processSelectedKey(NioEventLoop.java:722)
	at io.netty.channel.nio.NioEventLoop.processSelectedKeysOptimized(NioEventLoop.java:658)
	at io.netty.channel.nio.NioEventLoop.processSelectedKeys(NioEventLoop.java:584)
	at io.netty.channel.nio.NioEventLoop.run(NioEventLoop.java:496)
	at io.netty.util.concurrent.SingleThreadEventExecutor$4.run(SingleThreadEventExecutor.java:986)
	at io.netty.util.internal.ThreadExecutorMap$2.run(ThreadExecutorMap.java:74)
	at io.netty.util.concurrent.FastThreadLocalRunnable.run(FastThreadLocalRunnable.java:30)
	at java.base/java.lang.Thread.run(Thread.java:832)
16:35:34.177 [AsyncHttpClient-1-9] DEBUG org.asynchttpclient.netty.channel.ChannelManager - Closing Channel [id: 0x5dd8e3f7, L:/127.0.0.1:51147 - R:localhost/127.0.0.1:51142] 
16:35:34.178 [AsyncHttpClient-1-9] DEBUG org.asynchttpclient.netty.handler.HttpHandler - Channel Closed: [id: 0x5dd8e3f7, L:/127.0.0.1:51147 ! R:localhost/127.0.0.1:51142] with attribute DISCARD
16:35:34.194 [AsyncHttpClient-1-8] DEBUG org.asynchttpclient.netty.handler.HttpHandler - 

Request DefaultFullHttpRequest(decodeResult: success, version: HTTP/1.1, content: EmptyByteBufBE)
DELETE /session/c7811f5a63bb1316c4e59063bb440f6c HTTP/1.1
User-Agent: selenium/4.1.2 (java windows)
Content-Type: application/json; charset=utf-8
host: localhost:61562
accept: */*

Response DefaultHttpResponse(decodeResult: success, version: HTTP/1.1)
HTTP/1.1 200 OK
Content-Type: application/json; charset=utf-8
cache-control: no-cache
content-length: 14

16:35:34.194 [AsyncHttpClient-1-8] DEBUG org.asynchttpclient.netty.channel.ChannelManager - Adding key: http://localhost:61562 for channel [id: 0x6f44b8c4, L:/127.0.0.1:51141 - R:localhost/127.0.0.1:61562]
16:35:34.501 [AsyncHttpClient-1-8] DEBUG org.asynchttpclient.netty.handler.HttpHandler - Channel Closed: [id: 0x6f44b8c4, L:/127.0.0.1:51141 ! R:localhost/127.0.0.1:61562] with attribute DISCARD
]]></system-out>
    <system-err><![CDATA[Starting ChromeDriver 102.0.5005.61 (0e59bcc00cc4985ce39ad31c150065f159d95ad3-refs/branch-heads/5005@{#819}) on port 61562
Only local connections are allowed.
Please see https://chromedriver.chromium.org/security-considerations for suggestions on keeping ChromeDriver safe.
ChromeDriver was started successfully.
Jun 20, 2022 4:35:27 PM org.openqa.selenium.remote.ProtocolHandshake createSession
INFO: Detected dialect: W3C
Jun 20, 2022 4:35:28 PM org.openqa.selenium.devtools.CdpVersionFinder findNearestMatch
WARNING: Unable to find an exact match for CDP version 102, so returning the closest version found: a no-op implementation
Jun 20, 2022 4:35:28 PM org.openqa.selenium.devtools.CdpVersionFinder findNearestMatch
INFO: Unable to find CDP implementation matching 102.
Jun 20, 2022 4:35:28 PM org.openqa.selenium.chromium.ChromiumDriver lambda$new$3
WARNING: Unable to find version of CDP to use for . You may need to include a dependency on a specific version of the CDP using something similar to `org.seleniumhq.selenium:selenium-devtools-v86:4.1.2` where the version ("v86") matches the version of the chromium-based browser you're using and the version number of the artifact is the same as Selenium's.
]]></system-err>
  </testcase>
  <testcase name="Delete Doctor Data Scenario" classname="Doctor" time="9.103">
    <system-out><![CDATA[
@Doctor @DeleteDoctor
Scenario: Delete Doctor Data Scenario                 &amp#27;[90m# src/test/resources/features/3.Doctor.feature:48&amp#27;[0m
16:35:35.032 [main] INFO io.cucumber.core.plugin.SerenityReporter - Running feature from file:///E:/My%20Documents/File%20Difa/TI%20Semester%206%20Kampus%20Merdeka%20Alterra/Tugas/CAPSTONE%20Project/Capstone-Project-Website/src/test/resources/features/3.Doctor.feature
16:35:35.034 [main] INFO  - 
  _____   ___   ___   _____     ___   _____     _     ___   _____   ___   ___  
 |_   _| | __| / __| |_   _|   / __| |_   _|   /_\   | _ \ |_   _| | __| |   \ 
   | |   | _|  \__ \   | |     \__ \   | |    / _ \  |   /   | |   | _|  | |) |
   |_|   |___| |___/   |_|     |___/   |_|   /_/ \_\ |_|_\   |_|   |___| |___/ 

Delete Doctor Data Scenario(doctor;delete-doctor-data-scenario)
--------------------------------------------------------------------------------
16:35:35.053 [AsyncHttpClient-1-1] DEBUG org.asynchttpclient.netty.channel.DefaultChannelPool - Entry count for : http://localhost:61562 : 1
16:35:35.053 [AsyncHttpClient-1-1] DEBUG org.asynchttpclient.netty.channel.DefaultChannelPool - Entry count for : http://localhost:51142 : 1
16:35:35.053 [AsyncHttpClient-1-1] DEBUG org.asynchttpclient.netty.channel.DefaultChannelPool - Adding Candidate expired Channel [id: 0x6f44b8c4, L:/127.0.0.1:51141 ! R:localhost/127.0.0.1:61562] isIdleTimeoutExpired=false isRemotelyClosed=true isTtlExpired=false
16:35:35.053 [AsyncHttpClient-1-1] DEBUG org.asynchttpclient.netty.channel.DefaultChannelPool - Closing Idle Channel [id: 0x6f44b8c4, L:/127.0.0.1:51141 ! R:localhost/127.0.0.1:61562]
16:35:35.053 [AsyncHttpClient-1-1] DEBUG org.asynchttpclient.netty.channel.DefaultChannelPool - Adding Candidate expired Channel [id: 0x5dd8e3f7, L:/127.0.0.1:51147 ! R:localhost/127.0.0.1:51142] isIdleTimeoutExpired=false isRemotelyClosed=true isTtlExpired=false
16:35:35.053 [AsyncHttpClient-1-1] DEBUG org.asynchttpclient.netty.channel.DefaultChannelPool - Closing Idle Channel [id: 0x5dd8e3f7, L:/127.0.0.1:51147 ! R:localhost/127.0.0.1:51142]
16:35:35.054 [AsyncHttpClient-1-1] DEBUG org.asynchttpclient.netty.channel.DefaultChannelPool - Closed 2 connections out of 2 in 1 ms
16:35:35.069 [main] DEBUG net.thucydides.core.steps.StepInterceptor - STARTING STEP: PatientSteps.iAmAtTheDashboardPage - openUrl
16:35:35.072 [main] INFO net.serenitybdd.core.webdriver.driverproviders.ChromeDriverProvider - Using automatically driver download
16:35:35.508 [main] DEBUG io.github.bonigarcia.wdm.cache.ResolutionCache - Resolution chrome=102 in cache (valid until 16:47:55 20/06/2022 ICT)
16:35:35.515 [main] DEBUG io.github.bonigarcia.wdm.cache.ResolutionCache - Resolution chrome102=102.0.5005.61 in cache (valid until 09:12:44 21/06/2022 ICT)
16:35:35.518 [main] INFO io.github.bonigarcia.wdm.WebDriverManager - Using chromedriver 102.0.5005.61 (resolved driver for Chrome 102)
16:35:35.544 [main] DEBUG io.github.bonigarcia.wdm.WebDriverManager - Driver chromedriver 102.0.5005.61 found in cache
16:35:35.545 [main] INFO io.github.bonigarcia.wdm.WebDriverManager - Exporting webdriver.chrome.driver as C:\Users\USER\.cache\selenium\chromedriver\win32\102.0.5005.61\chromedriver.exe
16:35:35.734 [main] DEBUG net.serenitybdd.core.webdriver.driverproviders.ProvideNewDriver - Instantiating driver
16:35:35.734 [main] DEBUG net.serenitybdd.core.webdriver.driverproviders.ProvideNewDriver - Driver capabilities: Capabilities {acceptInsecureCerts: false, base.url: https://hospital-management..., browserName: chrome, chrome.driver: src/test/resources/webdrive..., driver: chrome, goog:chromeOptions: {args: [], extensions: []}}
16:35:36.262 [AsyncHttpClient-1-3] DEBUG org.asynchttpclient.netty.channel.NettyConnectListener - Using new Channel '[id: 0xb1fc2da5, L:/127.0.0.1:51163 - R:localhost/127.0.0.1:57557]' for 'POST' to '/session'
16:35:37.492 [AsyncHttpClient-1-3] DEBUG org.asynchttpclient.netty.handler.HttpHandler - 

Request DefaultHttpRequest(decodeResult: success, version: HTTP/1.1)
POST /session HTTP/1.1
User-Agent: selenium/4.1.2 (java windows)
Content-Length: 621
Content-Type: application/json; charset=utf-8
host: localhost:57557
accept: */*

Response DefaultHttpResponse(decodeResult: success, version: HTTP/1.1)
HTTP/1.1 200 OK
Content-Type: application/json; charset=utf-8
cache-control: no-cache
content-length: 789

16:35:37.492 [AsyncHttpClient-1-3] DEBUG org.asynchttpclient.netty.channel.ChannelManager - Adding key: http://localhost:57557 for channel [id: 0xb1fc2da5, L:/127.0.0.1:51163 - R:localhost/127.0.0.1:57557]
16:35:37.500 [AsyncHttpClient-1-4] DEBUG org.asynchttpclient.netty.channel.NettyConnectListener - Using new Channel '[id: 0x1f58ea9c, L:/127.0.0.1:51169 - R:localhost/127.0.0.1:51164]' for 'GET' to '/json/version'
16:35:37.501 [AsyncHttpClient-1-4] DEBUG org.asynchttpclient.netty.handler.HttpHandler - 

Request DefaultFullHttpRequest(decodeResult: success, version: HTTP/1.1, content: EmptyByteBufBE)
GET /json/version HTTP/1.1
User-Agent: selenium/4.1.2 (java windows)
host: localhost:51164
accept: */*

Response DefaultHttpResponse(decodeResult: success, version: HTTP/1.1)
HTTP/1.1 200 OK
Content-Type: application/json; charset=UTF-8
content-length: 427

16:35:37.501 [AsyncHttpClient-1-4] DEBUG org.asynchttpclient.netty.channel.ChannelManager - Adding key: http://localhost:51164 for channel [id: 0x1f58ea9c, L:/127.0.0.1:51169 - R:localhost/127.0.0.1:51164]
16:35:37.509 [AsyncHttpClient-1-5] DEBUG org.asynchttpclient.netty.channel.NettyConnectListener - Using new Channel '[id: 0x723f4191, L:/127.0.0.1:51170 - R:localhost/127.0.0.1:51164]' for 'GET' to '/devtools/browser/77938caf-6230-436f-94b8-4c89d7acb2e4'
16:35:37.510 [AsyncHttpClient-1-5] DEBUG org.asynchttpclient.netty.handler.WebSocketHandler - 

Request DefaultFullHttpRequest(decodeResult: success, version: HTTP/1.1, content: EmptyByteBufBE)
GET /devtools/browser/77938caf-6230-436f-94b8-4c89d7acb2e4 HTTP/1.1
upgrade: websocket
connection: upgrade
sec-websocket-key: 3T+/cF+Ymb9yhVdGn2iHpw==
sec-websocket-version: 13
origin: http://localhost:51164
host: localhost:51164
accept: */*
user-agent: AHC/2.1

Response DefaultHttpResponse(decodeResult: success, version: HTTP/1.1)
HTTP/1.1 101 WebSocket Protocol Handshake
Upgrade: WebSocket
Connection: Upgrade
Sec-WebSocket-Accept: S3lB/ay16gvmCT/5TWe+OIo4OZA=

16:35:37.515 [Forwarding maximizeCurrentWindow on session 320df3f90cecc2ca4bcecca4fa33b2a6 to remote] DEBUG org.asynchttpclient.netty.request.NettyRequestSender - Using pooled Channel '[id: 0xb1fc2da5, L:/127.0.0.1:51163 - R:localhost/127.0.0.1:57557]' for 'POST' to 'http://localhost:57557/session/320df3f90cecc2ca4bcecca4fa33b2a6/window/maximize'
16:35:37.515 [Forwarding maximizeCurrentWindow on session 320df3f90cecc2ca4bcecca4fa33b2a6 to remote] DEBUG org.asynchttpclient.netty.request.NettyRequestSender - Using open Channel [id: 0xb1fc2da5, L:/127.0.0.1:51163 - R:localhost/127.0.0.1:57557] for POST '/session/320df3f90cecc2ca4bcecca4fa33b2a6/window/maximize'
16:35:37.644 [AsyncHttpClient-1-3] DEBUG org.asynchttpclient.netty.handler.HttpHandler - 

Request DefaultHttpRequest(decodeResult: success, version: HTTP/1.1)
POST /session/320df3f90cecc2ca4bcecca4fa33b2a6/window/maximize HTTP/1.1
User-Agent: selenium/4.1.2 (java windows)
Content-Length: 3
Content-Type: application/json; charset=utf-8
host: localhost:57557
accept: */*

Response DefaultHttpResponse(decodeResult: success, version: HTTP/1.1)
HTTP/1.1 200 OK
Content-Type: application/json; charset=utf-8
cache-control: no-cache
content-length: 51

16:35:37.644 [AsyncHttpClient-1-3] DEBUG org.asynchttpclient.netty.channel.ChannelManager - Adding key: http://localhost:57557 for channel [id: 0xb1fc2da5, L:/127.0.0.1:51163 - R:localhost/127.0.0.1:57557]
16:35:37.647 [Forwarding get on session 320df3f90cecc2ca4bcecca4fa33b2a6 to remote] DEBUG org.asynchttpclient.netty.request.NettyRequestSender - Using pooled Channel '[id: 0xb1fc2da5, L:/127.0.0.1:51163 - R:localhost/127.0.0.1:57557]' for 'POST' to 'http://localhost:57557/session/320df3f90cecc2ca4bcecca4fa33b2a6/url'
16:35:37.647 [Forwarding get on session 320df3f90cecc2ca4bcecca4fa33b2a6 to remote] DEBUG org.asynchttpclient.netty.request.NettyRequestSender - Using open Channel [id: 0xb1fc2da5, L:/127.0.0.1:51163 - R:localhost/127.0.0.1:57557] for POST '/session/320df3f90cecc2ca4bcecca4fa33b2a6/url'
16:35:38.337 [AsyncHttpClient-1-1] DEBUG org.asynchttpclient.netty.channel.DefaultChannelPool - Entry count for : http://localhost:51164 : 1
16:35:39.441 [AsyncHttpClient-1-1] DEBUG org.asynchttpclient.netty.channel.DefaultChannelPool - Entry count for : http://localhost:51164 : 1
16:35:40.510 [AsyncHttpClient-1-3] DEBUG org.asynchttpclient.netty.handler.HttpHandler - 

Request DefaultHttpRequest(decodeResult: success, version: HTTP/1.1)
POST /session/320df3f90cecc2ca4bcecca4fa33b2a6/url HTTP/1.1
User-Agent: selenium/4.1.2 (java windows)
Content-Length: 65
Content-Type: application/json; charset=utf-8
host: localhost:57557
accept: */*

Response DefaultHttpResponse(decodeResult: success, version: HTTP/1.1)
HTTP/1.1 200 OK
Content-Type: application/json; charset=utf-8
cache-control: no-cache
content-length: 14

16:35:40.510 [AsyncHttpClient-1-3] DEBUG org.asynchttpclient.netty.channel.ChannelManager - Adding key: http://localhost:57557 for channel [id: 0xb1fc2da5, L:/127.0.0.1:51163 - R:localhost/127.0.0.1:57557]
16:35:40.511 [Forwarding setTimeout on session 320df3f90cecc2ca4bcecca4fa33b2a6 to remote] DEBUG org.asynchttpclient.netty.request.NettyRequestSender - Using pooled Channel '[id: 0xb1fc2da5, L:/127.0.0.1:51163 - R:localhost/127.0.0.1:57557]' for 'POST' to 'http://localhost:57557/session/320df3f90cecc2ca4bcecca4fa33b2a6/timeouts'
16:35:40.511 [Forwarding setTimeout on session 320df3f90cecc2ca4bcecca4fa33b2a6 to remote] DEBUG org.asynchttpclient.netty.request.NettyRequestSender - Using open Channel [id: 0xb1fc2da5, L:/127.0.0.1:51163 - R:localhost/127.0.0.1:57557] for POST '/session/320df3f90cecc2ca4bcecca4fa33b2a6/timeouts'
16:35:40.513 [AsyncHttpClient-1-3] DEBUG org.asynchttpclient.netty.handler.HttpHandler - 

Request DefaultHttpRequest(decodeResult: success, version: HTTP/1.1)
POST /session/320df3f90cecc2ca4bcecca4fa33b2a6/timeouts HTTP/1.1
User-Agent: selenium/4.1.2 (java windows)
Content-Length: 22
Content-Type: application/json; charset=utf-8
host: localhost:57557
accept: */*

Response DefaultHttpResponse(decodeResult: success, version: HTTP/1.1)
HTTP/1.1 200 OK
Content-Type: application/json; charset=utf-8
cache-control: no-cache
content-length: 14

16:35:40.513 [AsyncHttpClient-1-3] DEBUG org.asynchttpclient.netty.channel.ChannelManager - Adding key: http://localhost:57557 for channel [id: 0xb1fc2da5, L:/127.0.0.1:51163 - R:localhost/127.0.0.1:57557]
16:35:40.519 [Forwarding getCurrentUrl on session 320df3f90cecc2ca4bcecca4fa33b2a6 to remote] DEBUG org.asynchttpclient.netty.request.NettyRequestSender - Using pooled Channel '[id: 0xb1fc2da5, L:/127.0.0.1:51163 - R:localhost/127.0.0.1:57557]' for 'GET' to 'http://localhost:57557/session/320df3f90cecc2ca4bcecca4fa33b2a6/url'
16:35:40.519 [Forwarding getCurrentUrl on session 320df3f90cecc2ca4bcecca4fa33b2a6 to remote] DEBUG org.asynchttpclient.netty.request.NettyRequestSender - Using open Channel [id: 0xb1fc2da5, L:/127.0.0.1:51163 - R:localhost/127.0.0.1:57557] for GET '/session/320df3f90cecc2ca4bcecca4fa33b2a6/url'
16:35:40.532 [AsyncHttpClient-1-3] DEBUG org.asynchttpclient.netty.handler.HttpHandler - 

Request DefaultFullHttpRequest(decodeResult: success, version: HTTP/1.1, content: EmptyByteBufBE)
GET /session/320df3f90cecc2ca4bcecca4fa33b2a6/url HTTP/1.1
User-Agent: selenium/4.1.2 (java windows)
Cache-Control: no-cache
Content-Type: application/json; charset=utf-8
host: localhost:57557
accept: */*

Response DefaultHttpResponse(decodeResult: success, version: HTTP/1.1)
HTTP/1.1 200 OK
Content-Type: application/json; charset=utf-8
cache-control: no-cache
content-length: 53

16:35:40.532 [AsyncHttpClient-1-3] DEBUG org.asynchttpclient.netty.channel.ChannelManager - Adding key: http://localhost:57557 for channel [id: 0xb1fc2da5, L:/127.0.0.1:51163 - R:localhost/127.0.0.1:57557]
16:35:40.537 [Forwarding getCurrentUrl on session 320df3f90cecc2ca4bcecca4fa33b2a6 to remote] DEBUG org.asynchttpclient.netty.request.NettyRequestSender - Using pooled Channel '[id: 0xb1fc2da5, L:/127.0.0.1:51163 - R:localhost/127.0.0.1:57557]' for 'GET' to 'http://localhost:57557/session/320df3f90cecc2ca4bcecca4fa33b2a6/url'
16:35:40.538 [Forwarding getCurrentUrl on session 320df3f90cecc2ca4bcecca4fa33b2a6 to remote] DEBUG org.asynchttpclient.netty.request.NettyRequestSender - Using open Channel [id: 0xb1fc2da5, L:/127.0.0.1:51163 - R:localhost/127.0.0.1:57557] for GET '/session/320df3f90cecc2ca4bcecca4fa33b2a6/url'
16:35:40.539 [AsyncHttpClient-1-1] DEBUG org.asynchttpclient.netty.channel.DefaultChannelPool - Entry count for : http://localhost:51164 : 1
16:35:40.546 [AsyncHttpClient-1-3] DEBUG org.asynchttpclient.netty.handler.HttpHandler - 

Request DefaultFullHttpRequest(decodeResult: success, version: HTTP/1.1, content: EmptyByteBufBE)
GET /session/320df3f90cecc2ca4bcecca4fa33b2a6/url HTTP/1.1
User-Agent: selenium/4.1.2 (java windows)
Cache-Control: no-cache
Content-Type: application/json; charset=utf-8
host: localhost:57557
accept: */*

Response DefaultHttpResponse(decodeResult: success, version: HTTP/1.1)
HTTP/1.1 200 OK
Content-Type: application/json; charset=utf-8
cache-control: no-cache
content-length: 53

16:35:40.547 [AsyncHttpClient-1-3] DEBUG org.asynchttpclient.netty.channel.ChannelManager - Adding key: http://localhost:57557 for channel [id: 0xb1fc2da5, L:/127.0.0.1:51163 - R:localhost/127.0.0.1:57557]
16:35:40.562 [Forwarding screenshot on session 320df3f90cecc2ca4bcecca4fa33b2a6 to remote] DEBUG org.asynchttpclient.netty.request.NettyRequestSender - Using pooled Channel '[id: 0xb1fc2da5, L:/127.0.0.1:51163 - R:localhost/127.0.0.1:57557]' for 'GET' to 'http://localhost:57557/session/320df3f90cecc2ca4bcecca4fa33b2a6/screenshot'
16:35:40.563 [Forwarding screenshot on session 320df3f90cecc2ca4bcecca4fa33b2a6 to remote] DEBUG org.asynchttpclient.netty.request.NettyRequestSender - Using open Channel [id: 0xb1fc2da5, L:/127.0.0.1:51163 - R:localhost/127.0.0.1:57557] for GET '/session/320df3f90cecc2ca4bcecca4fa33b2a6/screenshot'
16:35:40.907 [AsyncHttpClient-1-3] DEBUG org.asynchttpclient.netty.handler.HttpHandler - 

Request DefaultFullHttpRequest(decodeResult: success, version: HTTP/1.1, content: EmptyByteBufBE)
GET /session/320df3f90cecc2ca4bcecca4fa33b2a6/screenshot HTTP/1.1
User-Agent: selenium/4.1.2 (java windows)
Cache-Control: no-cache
Content-Type: application/json; charset=utf-8
host: localhost:57557
accept: */*

Response DefaultHttpResponse(decodeResult: success, version: HTTP/1.1)
HTTP/1.1 200 OK
Content-Type: application/json; charset=utf-8
cache-control: no-cache
content-length: 382596

16:35:40.911 [AsyncHttpClient-1-3] DEBUG org.asynchttpclient.netty.channel.ChannelManager - Adding key: http://localhost:57557 for channel [id: 0xb1fc2da5, L:/127.0.0.1:51163 - R:localhost/127.0.0.1:57557]
16:35:40.941 [main] DEBUG net.serenitybdd.core.photography.Darkroom - Send negative for processing for target\site\serenity\ed15a54c91c342d96a850276df7b559f4526b370fc93040e3c407a48a170f368.png
16:35:40.941 [main] DEBUG net.thucydides.core.steps.StepInterceptor - STEP DONE: openUrl
16:35:40.962 [main] DEBUG net.thucydides.core.steps.StepInterceptor - STARTING STEP: PatientSteps.iAmAtTheDashboardPage - validateOnDashboardPage
16:35:40.972 [Forwarding findElement on session 320df3f90cecc2ca4bcecca4fa33b2a6 to remote] DEBUG org.asynchttpclient.netty.request.NettyRequestSender - Using pooled Channel '[id: 0xb1fc2da5, L:/127.0.0.1:51163 - R:localhost/127.0.0.1:57557]' for 'POST' to 'http://localhost:57557/session/320df3f90cecc2ca4bcecca4fa33b2a6/element'
16:35:40.972 [Forwarding findElement on session 320df3f90cecc2ca4bcecca4fa33b2a6 to remote] DEBUG org.asynchttpclient.netty.request.NettyRequestSender - Using open Channel [id: 0xb1fc2da5, L:/127.0.0.1:51163 - R:localhost/127.0.0.1:57557] for POST '/session/320df3f90cecc2ca4bcecca4fa33b2a6/element'
16:35:40.994 [AsyncHttpClient-1-3] DEBUG org.asynchttpclient.netty.handler.HttpHandler - 

Request DefaultHttpRequest(decodeResult: success, version: HTTP/1.1)
POST /session/320df3f90cecc2ca4bcecca4fa33b2a6/element HTTP/1.1
User-Agent: selenium/4.1.2 (java windows)
Content-Length: 81
Content-Type: application/json; charset=utf-8
host: localhost:57557
accept: */*

Response DefaultHttpResponse(decodeResult: success, version: HTTP/1.1)
HTTP/1.1 200 OK
Content-Type: application/json; charset=utf-8
cache-control: no-cache
content-length: 88

16:35:40.995 [AsyncHttpClient-1-3] DEBUG org.asynchttpclient.netty.channel.ChannelManager - Adding key: http://localhost:57557 for channel [id: 0xb1fc2da5, L:/127.0.0.1:51163 - R:localhost/127.0.0.1:57557]
16:35:41.000 [Forwarding isElementDisplayed on session 320df3f90cecc2ca4bcecca4fa33b2a6 to remote] DEBUG org.asynchttpclient.netty.request.NettyRequestSender - Using pooled Channel '[id: 0xb1fc2da5, L:/127.0.0.1:51163 - R:localhost/127.0.0.1:57557]' for 'POST' to 'http://localhost:57557/session/320df3f90cecc2ca4bcecca4fa33b2a6/execute/sync'
16:35:41.000 [Forwarding isElementDisplayed on session 320df3f90cecc2ca4bcecca4fa33b2a6 to remote] DEBUG org.asynchttpclient.netty.request.NettyRequestSender - Using open Channel [id: 0xb1fc2da5, L:/127.0.0.1:51163 - R:localhost/127.0.0.1:57557] for POST '/session/320df3f90cecc2ca4bcecca4fa33b2a6/execute/sync'
16:35:41.030 [AsyncHttpClient-1-3] DEBUG org.asynchttpclient.netty.handler.HttpHandler - 

Request DefaultHttpRequest(decodeResult: success, version: HTTP/1.1)
POST /session/320df3f90cecc2ca4bcecca4fa33b2a6/execute/sync HTTP/1.1
User-Agent: selenium/4.1.2 (java windows)
Content-Length: 48780
Content-Type: application/json; charset=utf-8
host: localhost:57557
accept: */*

Response DefaultHttpResponse(decodeResult: success, version: HTTP/1.1)
HTTP/1.1 200 OK
Content-Type: application/json; charset=utf-8
cache-control: no-cache
content-length: 14

16:35:41.030 [AsyncHttpClient-1-3] DEBUG org.asynchttpclient.netty.channel.ChannelManager - Adding key: http://localhost:57557 for channel [id: 0xb1fc2da5, L:/127.0.0.1:51163 - R:localhost/127.0.0.1:57557]
16:35:41.041 [Forwarding screenshot on session 320df3f90cecc2ca4bcecca4fa33b2a6 to remote] DEBUG org.asynchttpclient.netty.request.NettyRequestSender - Using pooled Channel '[id: 0xb1fc2da5, L:/127.0.0.1:51163 - R:localhost/127.0.0.1:57557]' for 'GET' to 'http://localhost:57557/session/320df3f90cecc2ca4bcecca4fa33b2a6/screenshot'
16:35:41.041 [Forwarding screenshot on session 320df3f90cecc2ca4bcecca4fa33b2a6 to remote] DEBUG org.asynchttpclient.netty.request.NettyRequestSender - Using open Channel [id: 0xb1fc2da5, L:/127.0.0.1:51163 - R:localhost/127.0.0.1:57557] for GET '/session/320df3f90cecc2ca4bcecca4fa33b2a6/screenshot'
16:35:41.417 [AsyncHttpClient-1-3] DEBUG org.asynchttpclient.netty.handler.HttpHandler - 

Request DefaultFullHttpRequest(decodeResult: success, version: HTTP/1.1, content: EmptyByteBufBE)
GET /session/320df3f90cecc2ca4bcecca4fa33b2a6/screenshot HTTP/1.1
User-Agent: selenium/4.1.2 (java windows)
Cache-Control: no-cache
Content-Type: application/json; charset=utf-8
host: localhost:57557
accept: */*

Response DefaultHttpResponse(decodeResult: success, version: HTTP/1.1)
HTTP/1.1 200 OK
Content-Type: application/json; charset=utf-8
cache-control: no-cache
content-length: 382596

16:35:41.419 [AsyncHttpClient-1-3] DEBUG org.asynchttpclient.netty.channel.ChannelManager - Adding key: http://localhost:57557 for channel [id: 0xb1fc2da5, L:/127.0.0.1:51163 - R:localhost/127.0.0.1:57557]
16:35:41.446 [main] DEBUG net.serenitybdd.core.photography.Darkroom - Send negative for processing for target\site\serenity\ed15a54c91c342d96a850276df7b559f4526b370fc93040e3c407a48a170f368.png
16:35:41.446 [main] DEBUG net.thucydides.core.steps.StepInterceptor - STEP DONE: validateOnDashboardPage
  &amp#27;[32mGiven &amp#27;[0m&amp#27;[32mI am at the dashboard page&amp#27;[0m                    &amp#27;[90m# starter.stepdefinitions.PatientSteps.iAmAtTheDashboardPage()&amp#27;[0m
16:35:41.486 [main] DEBUG net.thucydides.core.steps.StepInterceptor - STARTING STEP: DoctorSteps.iClickMenuDoctor - clickMenuDoctorButton
16:35:41.491 [Forwarding findElement on session 320df3f90cecc2ca4bcecca4fa33b2a6 to remote] DEBUG org.asynchttpclient.netty.request.NettyRequestSender - Using pooled Channel '[id: 0xb1fc2da5, L:/127.0.0.1:51163 - R:localhost/127.0.0.1:57557]' for 'POST' to 'http://localhost:57557/session/320df3f90cecc2ca4bcecca4fa33b2a6/element'
16:35:41.491 [Forwarding findElement on session 320df3f90cecc2ca4bcecca4fa33b2a6 to remote] DEBUG org.asynchttpclient.netty.request.NettyRequestSender - Using open Channel [id: 0xb1fc2da5, L:/127.0.0.1:51163 - R:localhost/127.0.0.1:57557] for POST '/session/320df3f90cecc2ca4bcecca4fa33b2a6/element'
16:35:41.638 [AsyncHttpClient-1-1] DEBUG org.asynchttpclient.netty.channel.DefaultChannelPool - Entry count for : http://localhost:51164 : 1
16:35:41.673 [AsyncHttpClient-1-3] DEBUG org.asynchttpclient.netty.handler.HttpHandler - 

Request DefaultHttpRequest(decodeResult: success, version: HTTP/1.1)
POST /session/320df3f90cecc2ca4bcecca4fa33b2a6/element HTTP/1.1
User-Agent: selenium/4.1.2 (java windows)
Content-Length: 79
Content-Type: application/json; charset=utf-8
host: localhost:57557
accept: */*

Response DefaultHttpResponse(decodeResult: success, version: HTTP/1.1)
HTTP/1.1 200 OK
Content-Type: application/json; charset=utf-8
cache-control: no-cache
content-length: 88

16:35:41.673 [AsyncHttpClient-1-3] DEBUG org.asynchttpclient.netty.channel.ChannelManager - Adding key: http://localhost:57557 for channel [id: 0xb1fc2da5, L:/127.0.0.1:51163 - R:localhost/127.0.0.1:57557]
16:35:41.675 [Forwarding getElementTagName on session 320df3f90cecc2ca4bcecca4fa33b2a6 to remote] DEBUG org.asynchttpclient.netty.request.NettyRequestSender - Using pooled Channel '[id: 0xb1fc2da5, L:/127.0.0.1:51163 - R:localhost/127.0.0.1:57557]' for 'GET' to 'http://localhost:57557/session/320df3f90cecc2ca4bcecca4fa33b2a6/element/0df8dd1c-e0ec-41aa-b2b6-135347610b70/name'
16:35:41.675 [Forwarding getElementTagName on session 320df3f90cecc2ca4bcecca4fa33b2a6 to remote] DEBUG org.asynchttpclient.netty.request.NettyRequestSender - Using open Channel [id: 0xb1fc2da5, L:/127.0.0.1:51163 - R:localhost/127.0.0.1:57557] for GET '/session/320df3f90cecc2ca4bcecca4fa33b2a6/element/0df8dd1c-e0ec-41aa-b2b6-135347610b70/name'
16:35:41.688 [AsyncHttpClient-1-3] DEBUG org.asynchttpclient.netty.handler.HttpHandler - 

Request DefaultFullHttpRequest(decodeResult: success, version: HTTP/1.1, content: EmptyByteBufBE)
GET /session/320df3f90cecc2ca4bcecca4fa33b2a6/element/0df8dd1c-e0ec-41aa-b2b6-135347610b70/name HTTP/1.1
User-Agent: selenium/4.1.2 (java windows)
Cache-Control: no-cache
Content-Type: application/json; charset=utf-8
host: localhost:57557
accept: */*

Response DefaultHttpResponse(decodeResult: success, version: HTTP/1.1)
HTTP/1.1 200 OK
Content-Type: application/json; charset=utf-8
cache-control: no-cache
content-length: 15

16:35:41.688 [AsyncHttpClient-1-3] DEBUG org.asynchttpclient.netty.channel.ChannelManager - Adding key: http://localhost:57557 for channel [id: 0xb1fc2da5, L:/127.0.0.1:51163 - R:localhost/127.0.0.1:57557]
16:35:41.689 [Forwarding getElementTagName on session 320df3f90cecc2ca4bcecca4fa33b2a6 to remote] DEBUG org.asynchttpclient.netty.request.NettyRequestSender - Using pooled Channel '[id: 0xb1fc2da5, L:/127.0.0.1:51163 - R:localhost/127.0.0.1:57557]' for 'GET' to 'http://localhost:57557/session/320df3f90cecc2ca4bcecca4fa33b2a6/element/0df8dd1c-e0ec-41aa-b2b6-135347610b70/name'
16:35:41.689 [Forwarding getElementTagName on session 320df3f90cecc2ca4bcecca4fa33b2a6 to remote] DEBUG org.asynchttpclient.netty.request.NettyRequestSender - Using open Channel [id: 0xb1fc2da5, L:/127.0.0.1:51163 - R:localhost/127.0.0.1:57557] for GET '/session/320df3f90cecc2ca4bcecca4fa33b2a6/element/0df8dd1c-e0ec-41aa-b2b6-135347610b70/name'
16:35:41.693 [AsyncHttpClient-1-3] DEBUG org.asynchttpclient.netty.handler.HttpHandler - 

Request DefaultFullHttpRequest(decodeResult: success, version: HTTP/1.1, content: EmptyByteBufBE)
GET /session/320df3f90cecc2ca4bcecca4fa33b2a6/element/0df8dd1c-e0ec-41aa-b2b6-135347610b70/name HTTP/1.1
User-Agent: selenium/4.1.2 (java windows)
Cache-Control: no-cache
Content-Type: application/json; charset=utf-8
host: localhost:57557
accept: */*

Response DefaultHttpResponse(decodeResult: success, version: HTTP/1.1)
HTTP/1.1 200 OK
Content-Type: application/json; charset=utf-8
cache-control: no-cache
content-length: 15

16:35:41.694 [AsyncHttpClient-1-3] DEBUG org.asynchttpclient.netty.channel.ChannelManager - Adding key: http://localhost:57557 for channel [id: 0xb1fc2da5, L:/127.0.0.1:51163 - R:localhost/127.0.0.1:57557]
16:35:41.696 [Forwarding findElement on session 320df3f90cecc2ca4bcecca4fa33b2a6 to remote] DEBUG org.asynchttpclient.netty.request.NettyRequestSender - Using pooled Channel '[id: 0xb1fc2da5, L:/127.0.0.1:51163 - R:localhost/127.0.0.1:57557]' for 'POST' to 'http://localhost:57557/session/320df3f90cecc2ca4bcecca4fa33b2a6/element'
16:35:41.696 [Forwarding findElement on session 320df3f90cecc2ca4bcecca4fa33b2a6 to remote] DEBUG org.asynchttpclient.netty.request.NettyRequestSender - Using open Channel [id: 0xb1fc2da5, L:/127.0.0.1:51163 - R:localhost/127.0.0.1:57557] for POST '/session/320df3f90cecc2ca4bcecca4fa33b2a6/element'
16:35:41.709 [AsyncHttpClient-1-3] DEBUG org.asynchttpclient.netty.handler.HttpHandler - 

Request DefaultHttpRequest(decodeResult: success, version: HTTP/1.1)
POST /session/320df3f90cecc2ca4bcecca4fa33b2a6/element HTTP/1.1
User-Agent: selenium/4.1.2 (java windows)
Content-Length: 79
Content-Type: application/json; charset=utf-8
host: localhost:57557
accept: */*

Response DefaultHttpResponse(decodeResult: success, version: HTTP/1.1)
HTTP/1.1 200 OK
Content-Type: application/json; charset=utf-8
cache-control: no-cache
content-length: 88

16:35:41.710 [AsyncHttpClient-1-3] DEBUG org.asynchttpclient.netty.channel.ChannelManager - Adding key: http://localhost:57557 for channel [id: 0xb1fc2da5, L:/127.0.0.1:51163 - R:localhost/127.0.0.1:57557]
16:35:41.711 [Forwarding clickElement on session 320df3f90cecc2ca4bcecca4fa33b2a6 to remote] DEBUG org.asynchttpclient.netty.request.NettyRequestSender - Using pooled Channel '[id: 0xb1fc2da5, L:/127.0.0.1:51163 - R:localhost/127.0.0.1:57557]' for 'POST' to 'http://localhost:57557/session/320df3f90cecc2ca4bcecca4fa33b2a6/element/0df8dd1c-e0ec-41aa-b2b6-135347610b70/click'
16:35:41.711 [Forwarding clickElement on session 320df3f90cecc2ca4bcecca4fa33b2a6 to remote] DEBUG org.asynchttpclient.netty.request.NettyRequestSender - Using open Channel [id: 0xb1fc2da5, L:/127.0.0.1:51163 - R:localhost/127.0.0.1:57557] for POST '/session/320df3f90cecc2ca4bcecca4fa33b2a6/element/0df8dd1c-e0ec-41aa-b2b6-135347610b70/click'
16:35:41.877 [AsyncHttpClient-1-3] DEBUG org.asynchttpclient.netty.handler.HttpHandler - 

Request DefaultHttpRequest(decodeResult: success, version: HTTP/1.1)
POST /session/320df3f90cecc2ca4bcecca4fa33b2a6/element/0df8dd1c-e0ec-41aa-b2b6-135347610b70/click HTTP/1.1
User-Agent: selenium/4.1.2 (java windows)
Content-Length: 50
Content-Type: application/json; charset=utf-8
host: localhost:57557
accept: */*

Response DefaultHttpResponse(decodeResult: success, version: HTTP/1.1)
HTTP/1.1 200 OK
Content-Type: application/json; charset=utf-8
cache-control: no-cache
content-length: 14

16:35:41.877 [AsyncHttpClient-1-3] DEBUG org.asynchttpclient.netty.channel.ChannelManager - Adding key: http://localhost:57557 for channel [id: 0xb1fc2da5, L:/127.0.0.1:51163 - R:localhost/127.0.0.1:57557]
16:35:41.884 [Forwarding screenshot on session 320df3f90cecc2ca4bcecca4fa33b2a6 to remote] DEBUG org.asynchttpclient.netty.request.NettyRequestSender - Using pooled Channel '[id: 0xb1fc2da5, L:/127.0.0.1:51163 - R:localhost/127.0.0.1:57557]' for 'GET' to 'http://localhost:57557/session/320df3f90cecc2ca4bcecca4fa33b2a6/screenshot'
16:35:41.884 [Forwarding screenshot on session 320df3f90cecc2ca4bcecca4fa33b2a6 to remote] DEBUG org.asynchttpclient.netty.request.NettyRequestSender - Using open Channel [id: 0xb1fc2da5, L:/127.0.0.1:51163 - R:localhost/127.0.0.1:57557] for GET '/session/320df3f90cecc2ca4bcecca4fa33b2a6/screenshot'
16:35:41.989 [AsyncHttpClient-1-3] DEBUG org.asynchttpclient.netty.handler.HttpHandler - 

Request DefaultFullHttpRequest(decodeResult: success, version: HTTP/1.1, content: EmptyByteBufBE)
GET /session/320df3f90cecc2ca4bcecca4fa33b2a6/screenshot HTTP/1.1
User-Agent: selenium/4.1.2 (java windows)
Cache-Control: no-cache
Content-Type: application/json; charset=utf-8
host: localhost:57557
accept: */*

Response DefaultHttpResponse(decodeResult: success, version: HTTP/1.1)
HTTP/1.1 200 OK
Content-Type: application/json; charset=utf-8
cache-control: no-cache
content-length: 56192

16:35:41.989 [AsyncHttpClient-1-3] DEBUG org.asynchttpclient.netty.channel.ChannelManager - Adding key: http://localhost:57557 for channel [id: 0xb1fc2da5, L:/127.0.0.1:51163 - R:localhost/127.0.0.1:57557]
16:35:41.993 [main] DEBUG net.serenitybdd.core.photography.Darkroom - Send negative for processing for target\site\serenity\d631e005c1ab8c2ae9496eb0000819a309562887f5f0fc5c3b73065dfab87bed.png
16:35:41.993 [main] DEBUG net.thucydides.core.steps.StepInterceptor - STEP DONE: clickMenuDoctorButton
  &amp#27;[32mAnd &amp#27;[0m&amp#27;[32mI click menu doctor&amp#27;[0m                             &amp#27;[90m# starter.stepdefinitions.DoctorSteps.iClickMenuDoctor()&amp#27;[0m
16:35:42.010 [main] DEBUG net.thucydides.core.steps.StepInterceptor - STARTING STEP: DoctorSteps.iClickDeleteDoctorButton - clickDeleteDoctorIcon
16:35:42.013 [Forwarding findElement on session 320df3f90cecc2ca4bcecca4fa33b2a6 to remote] DEBUG org.asynchttpclient.netty.request.NettyRequestSender - Using pooled Channel '[id: 0xb1fc2da5, L:/127.0.0.1:51163 - R:localhost/127.0.0.1:57557]' for 'POST' to 'http://localhost:57557/session/320df3f90cecc2ca4bcecca4fa33b2a6/element'
16:35:42.013 [Forwarding findElement on session 320df3f90cecc2ca4bcecca4fa33b2a6 to remote] DEBUG org.asynchttpclient.netty.request.NettyRequestSender - Using open Channel [id: 0xb1fc2da5, L:/127.0.0.1:51163 - R:localhost/127.0.0.1:57557] for POST '/session/320df3f90cecc2ca4bcecca4fa33b2a6/element'
16:35:42.509 [AsyncHttpClient-1-3] DEBUG org.asynchttpclient.netty.handler.HttpHandler - 

Request DefaultHttpRequest(decodeResult: success, version: HTTP/1.1)
POST /session/320df3f90cecc2ca4bcecca4fa33b2a6/element HTTP/1.1
User-Agent: selenium/4.1.2 (java windows)
Content-Length: 91
Content-Type: application/json; charset=utf-8
host: localhost:57557
accept: */*

Response DefaultHttpResponse(decodeResult: success, version: HTTP/1.1)
HTTP/1.1 200 OK
Content-Type: application/json; charset=utf-8
cache-control: no-cache
content-length: 88

16:35:42.510 [AsyncHttpClient-1-3] DEBUG org.asynchttpclient.netty.channel.ChannelManager - Adding key: http://localhost:57557 for channel [id: 0xb1fc2da5, L:/127.0.0.1:51163 - R:localhost/127.0.0.1:57557]
16:35:42.511 [Forwarding getElementTagName on session 320df3f90cecc2ca4bcecca4fa33b2a6 to remote] DEBUG org.asynchttpclient.netty.request.NettyRequestSender - Using pooled Channel '[id: 0xb1fc2da5, L:/127.0.0.1:51163 - R:localhost/127.0.0.1:57557]' for 'GET' to 'http://localhost:57557/session/320df3f90cecc2ca4bcecca4fa33b2a6/element/7fb19e83-e145-4382-b7e0-d93d913cb78b/name'
16:35:42.511 [Forwarding getElementTagName on session 320df3f90cecc2ca4bcecca4fa33b2a6 to remote] DEBUG org.asynchttpclient.netty.request.NettyRequestSender - Using open Channel [id: 0xb1fc2da5, L:/127.0.0.1:51163 - R:localhost/127.0.0.1:57557] for GET '/session/320df3f90cecc2ca4bcecca4fa33b2a6/element/7fb19e83-e145-4382-b7e0-d93d913cb78b/name'
16:35:42.516 [AsyncHttpClient-1-3] DEBUG org.asynchttpclient.netty.handler.HttpHandler - 

Request DefaultFullHttpRequest(decodeResult: success, version: HTTP/1.1, content: EmptyByteBufBE)
GET /session/320df3f90cecc2ca4bcecca4fa33b2a6/element/7fb19e83-e145-4382-b7e0-d93d913cb78b/name HTTP/1.1
User-Agent: selenium/4.1.2 (java windows)
Cache-Control: no-cache
Content-Type: application/json; charset=utf-8
host: localhost:57557
accept: */*

Response DefaultHttpResponse(decodeResult: success, version: HTTP/1.1)
HTTP/1.1 200 OK
Content-Type: application/json; charset=utf-8
cache-control: no-cache
content-length: 18

16:35:42.517 [AsyncHttpClient-1-3] DEBUG org.asynchttpclient.netty.channel.ChannelManager - Adding key: http://localhost:57557 for channel [id: 0xb1fc2da5, L:/127.0.0.1:51163 - R:localhost/127.0.0.1:57557]
16:35:42.518 [Forwarding getElementTagName on session 320df3f90cecc2ca4bcecca4fa33b2a6 to remote] DEBUG org.asynchttpclient.netty.request.NettyRequestSender - Using pooled Channel '[id: 0xb1fc2da5, L:/127.0.0.1:51163 - R:localhost/127.0.0.1:57557]' for 'GET' to 'http://localhost:57557/session/320df3f90cecc2ca4bcecca4fa33b2a6/element/7fb19e83-e145-4382-b7e0-d93d913cb78b/name'
16:35:42.518 [Forwarding getElementTagName on session 320df3f90cecc2ca4bcecca4fa33b2a6 to remote] DEBUG org.asynchttpclient.netty.request.NettyRequestSender - Using open Channel [id: 0xb1fc2da5, L:/127.0.0.1:51163 - R:localhost/127.0.0.1:57557] for GET '/session/320df3f90cecc2ca4bcecca4fa33b2a6/element/7fb19e83-e145-4382-b7e0-d93d913cb78b/name'
16:35:42.524 [AsyncHttpClient-1-3] DEBUG org.asynchttpclient.netty.handler.HttpHandler - 

Request DefaultFullHttpRequest(decodeResult: success, version: HTTP/1.1, content: EmptyByteBufBE)
GET /session/320df3f90cecc2ca4bcecca4fa33b2a6/element/7fb19e83-e145-4382-b7e0-d93d913cb78b/name HTTP/1.1
User-Agent: selenium/4.1.2 (java windows)
Cache-Control: no-cache
Content-Type: application/json; charset=utf-8
host: localhost:57557
accept: */*

Response DefaultHttpResponse(decodeResult: success, version: HTTP/1.1)
HTTP/1.1 200 OK
Content-Type: application/json; charset=utf-8
cache-control: no-cache
content-length: 18

16:35:42.524 [AsyncHttpClient-1-3] DEBUG org.asynchttpclient.netty.channel.ChannelManager - Adding key: http://localhost:57557 for channel [id: 0xb1fc2da5, L:/127.0.0.1:51163 - R:localhost/127.0.0.1:57557]
16:35:42.526 [Forwarding isElementEnabled on session 320df3f90cecc2ca4bcecca4fa33b2a6 to remote] DEBUG org.asynchttpclient.netty.request.NettyRequestSender - Using pooled Channel '[id: 0xb1fc2da5, L:/127.0.0.1:51163 - R:localhost/127.0.0.1:57557]' for 'GET' to 'http://localhost:57557/session/320df3f90cecc2ca4bcecca4fa33b2a6/element/7fb19e83-e145-4382-b7e0-d93d913cb78b/enabled'
16:35:42.526 [Forwarding isElementEnabled on session 320df3f90cecc2ca4bcecca4fa33b2a6 to remote] DEBUG org.asynchttpclient.netty.request.NettyRequestSender - Using open Channel [id: 0xb1fc2da5, L:/127.0.0.1:51163 - R:localhost/127.0.0.1:57557] for GET '/session/320df3f90cecc2ca4bcecca4fa33b2a6/element/7fb19e83-e145-4382-b7e0-d93d913cb78b/enabled'
16:35:42.536 [AsyncHttpClient-1-3] DEBUG org.asynchttpclient.netty.handler.HttpHandler - 

Request DefaultFullHttpRequest(decodeResult: success, version: HTTP/1.1, content: EmptyByteBufBE)
GET /session/320df3f90cecc2ca4bcecca4fa33b2a6/element/7fb19e83-e145-4382-b7e0-d93d913cb78b/enabled HTTP/1.1
User-Agent: selenium/4.1.2 (java windows)
Cache-Control: no-cache
Content-Type: application/json; charset=utf-8
host: localhost:57557
accept: */*

Response DefaultHttpResponse(decodeResult: success, version: HTTP/1.1)
HTTP/1.1 200 OK
Content-Type: application/json; charset=utf-8
cache-control: no-cache
content-length: 14

16:35:42.536 [AsyncHttpClient-1-3] DEBUG org.asynchttpclient.netty.channel.ChannelManager - Adding key: http://localhost:57557 for channel [id: 0xb1fc2da5, L:/127.0.0.1:51163 - R:localhost/127.0.0.1:57557]
16:35:42.537 [Forwarding isElementEnabled on session 320df3f90cecc2ca4bcecca4fa33b2a6 to remote] DEBUG org.asynchttpclient.netty.request.NettyRequestSender - Using pooled Channel '[id: 0xb1fc2da5, L:/127.0.0.1:51163 - R:localhost/127.0.0.1:57557]' for 'GET' to 'http://localhost:57557/session/320df3f90cecc2ca4bcecca4fa33b2a6/element/7fb19e83-e145-4382-b7e0-d93d913cb78b/enabled'
16:35:42.537 [Forwarding isElementEnabled on session 320df3f90cecc2ca4bcecca4fa33b2a6 to remote] DEBUG org.asynchttpclient.netty.request.NettyRequestSender - Using open Channel [id: 0xb1fc2da5, L:/127.0.0.1:51163 - R:localhost/127.0.0.1:57557] for GET '/session/320df3f90cecc2ca4bcecca4fa33b2a6/element/7fb19e83-e145-4382-b7e0-d93d913cb78b/enabled'
16:35:42.543 [AsyncHttpClient-1-3] DEBUG org.asynchttpclient.netty.handler.HttpHandler - 

Request DefaultFullHttpRequest(decodeResult: success, version: HTTP/1.1, content: EmptyByteBufBE)
GET /session/320df3f90cecc2ca4bcecca4fa33b2a6/element/7fb19e83-e145-4382-b7e0-d93d913cb78b/enabled HTTP/1.1
User-Agent: selenium/4.1.2 (java windows)
Cache-Control: no-cache
Content-Type: application/json; charset=utf-8
host: localhost:57557
accept: */*

Response DefaultHttpResponse(decodeResult: success, version: HTTP/1.1)
HTTP/1.1 200 OK
Content-Type: application/json; charset=utf-8
cache-control: no-cache
content-length: 14

16:35:42.543 [AsyncHttpClient-1-3] DEBUG org.asynchttpclient.netty.channel.ChannelManager - Adding key: http://localhost:57557 for channel [id: 0xb1fc2da5, L:/127.0.0.1:51163 - R:localhost/127.0.0.1:57557]
16:35:42.545 [Forwarding findElement on session 320df3f90cecc2ca4bcecca4fa33b2a6 to remote] DEBUG org.asynchttpclient.netty.request.NettyRequestSender - Using pooled Channel '[id: 0xb1fc2da5, L:/127.0.0.1:51163 - R:localhost/127.0.0.1:57557]' for 'POST' to 'http://localhost:57557/session/320df3f90cecc2ca4bcecca4fa33b2a6/element'
16:35:42.545 [Forwarding findElement on session 320df3f90cecc2ca4bcecca4fa33b2a6 to remote] DEBUG org.asynchttpclient.netty.request.NettyRequestSender - Using open Channel [id: 0xb1fc2da5, L:/127.0.0.1:51163 - R:localhost/127.0.0.1:57557] for POST '/session/320df3f90cecc2ca4bcecca4fa33b2a6/element'
16:35:42.553 [AsyncHttpClient-1-3] DEBUG org.asynchttpclient.netty.handler.HttpHandler - 

Request DefaultHttpRequest(decodeResult: success, version: HTTP/1.1)
POST /session/320df3f90cecc2ca4bcecca4fa33b2a6/element HTTP/1.1
User-Agent: selenium/4.1.2 (java windows)
Content-Length: 91
Content-Type: application/json; charset=utf-8
host: localhost:57557
accept: */*

Response DefaultHttpResponse(decodeResult: success, version: HTTP/1.1)
HTTP/1.1 200 OK
Content-Type: application/json; charset=utf-8
cache-control: no-cache
content-length: 88

16:35:42.553 [AsyncHttpClient-1-3] DEBUG org.asynchttpclient.netty.channel.ChannelManager - Adding key: http://localhost:57557 for channel [id: 0xb1fc2da5, L:/127.0.0.1:51163 - R:localhost/127.0.0.1:57557]
16:35:42.554 [Forwarding clickElement on session 320df3f90cecc2ca4bcecca4fa33b2a6 to remote] DEBUG org.asynchttpclient.netty.request.NettyRequestSender - Using pooled Channel '[id: 0xb1fc2da5, L:/127.0.0.1:51163 - R:localhost/127.0.0.1:57557]' for 'POST' to 'http://localhost:57557/session/320df3f90cecc2ca4bcecca4fa33b2a6/element/7fb19e83-e145-4382-b7e0-d93d913cb78b/click'
16:35:42.554 [Forwarding clickElement on session 320df3f90cecc2ca4bcecca4fa33b2a6 to remote] DEBUG org.asynchttpclient.netty.request.NettyRequestSender - Using open Channel [id: 0xb1fc2da5, L:/127.0.0.1:51163 - R:localhost/127.0.0.1:57557] for POST '/session/320df3f90cecc2ca4bcecca4fa33b2a6/element/7fb19e83-e145-4382-b7e0-d93d913cb78b/click'
16:35:42.658 [AsyncHttpClient-1-3] DEBUG org.asynchttpclient.netty.handler.HttpHandler - 

Request DefaultHttpRequest(decodeResult: success, version: HTTP/1.1)
POST /session/320df3f90cecc2ca4bcecca4fa33b2a6/element/7fb19e83-e145-4382-b7e0-d93d913cb78b/click HTTP/1.1
User-Agent: selenium/4.1.2 (java windows)
Content-Length: 50
Content-Type: application/json; charset=utf-8
host: localhost:57557
accept: */*

Response DefaultHttpResponse(decodeResult: success, version: HTTP/1.1)
HTTP/1.1 200 OK
Content-Type: application/json; charset=utf-8
cache-control: no-cache
content-length: 14

16:35:42.658 [AsyncHttpClient-1-3] DEBUG org.asynchttpclient.netty.channel.ChannelManager - Adding key: http://localhost:57557 for channel [id: 0xb1fc2da5, L:/127.0.0.1:51163 - R:localhost/127.0.0.1:57557]
16:35:42.679 [Forwarding screenshot on session 320df3f90cecc2ca4bcecca4fa33b2a6 to remote] DEBUG org.asynchttpclient.netty.request.NettyRequestSender - Using pooled Channel '[id: 0xb1fc2da5, L:/127.0.0.1:51163 - R:localhost/127.0.0.1:57557]' for 'GET' to 'http://localhost:57557/session/320df3f90cecc2ca4bcecca4fa33b2a6/screenshot'
16:35:42.680 [Forwarding screenshot on session 320df3f90cecc2ca4bcecca4fa33b2a6 to remote] DEBUG org.asynchttpclient.netty.request.NettyRequestSender - Using open Channel [id: 0xb1fc2da5, L:/127.0.0.1:51163 - R:localhost/127.0.0.1:57557] for GET '/session/320df3f90cecc2ca4bcecca4fa33b2a6/screenshot'
16:35:42.737 [AsyncHttpClient-1-1] DEBUG org.asynchttpclient.netty.channel.DefaultChannelPool - Entry count for : http://localhost:51164 : 1
16:35:42.807 [AsyncHttpClient-1-3] DEBUG org.asynchttpclient.netty.handler.HttpHandler - 

Request DefaultFullHttpRequest(decodeResult: success, version: HTTP/1.1, content: EmptyByteBufBE)
GET /session/320df3f90cecc2ca4bcecca4fa33b2a6/screenshot HTTP/1.1
User-Agent: selenium/4.1.2 (java windows)
Cache-Control: no-cache
Content-Type: application/json; charset=utf-8
host: localhost:57557
accept: */*

Response DefaultHttpResponse(decodeResult: success, version: HTTP/1.1)
HTTP/1.1 200 OK
Content-Type: application/json; charset=utf-8
cache-control: no-cache
content-length: 111164

16:35:42.808 [AsyncHttpClient-1-3] DEBUG org.asynchttpclient.netty.channel.ChannelManager - Adding key: http://localhost:57557 for channel [id: 0xb1fc2da5, L:/127.0.0.1:51163 - R:localhost/127.0.0.1:57557]
16:35:42.813 [main] DEBUG net.serenitybdd.core.photography.Darkroom - Send negative for processing for target\site\serenity\a94eace0392aa387101bb5a42dfc21197ed334f54735ae2fe4f9e86939966c14.png
16:35:42.813 [main] DEBUG net.thucydides.core.steps.StepInterceptor - STEP DONE: clickDeleteDoctorIcon
  &amp#27;[32mWhen &amp#27;[0m&amp#27;[32mI click Delete Doctor icon&amp#27;[0m                     &amp#27;[90m# starter.stepdefinitions.DoctorSteps.iClickDeleteDoctorButton()&amp#27;[0m
16:35:42.813 [Darkroom Processing Line] DEBUG net.serenitybdd.core.photography.DarkroomProcessingLine - Processing screenshot image in /var/screenshots/screenshot-12870363190298936636
16:35:42.813 [Darkroom Processing Line] DEBUG net.serenitybdd.core.photography.DarkroomProcessingLine - Saving screenshot to target\site\serenity\a94eace0392aa387101bb5a42dfc21197ed334f54735ae2fe4f9e86939966c14.png
16:35:42.832 [main] DEBUG net.thucydides.core.steps.StepInterceptor - STARTING STEP: DoctorSteps.iClickDeleteDoctorFormDeleteButton - clickDeleteDoctorButton
16:35:42.837 [Forwarding findElement on session 320df3f90cecc2ca4bcecca4fa33b2a6 to remote] DEBUG org.asynchttpclient.netty.request.NettyRequestSender - Using pooled Channel '[id: 0xb1fc2da5, L:/127.0.0.1:51163 - R:localhost/127.0.0.1:57557]' for 'POST' to 'http://localhost:57557/session/320df3f90cecc2ca4bcecca4fa33b2a6/element'
16:35:42.837 [Forwarding findElement on session 320df3f90cecc2ca4bcecca4fa33b2a6 to remote] DEBUG org.asynchttpclient.netty.request.NettyRequestSender - Using open Channel [id: 0xb1fc2da5, L:/127.0.0.1:51163 - R:localhost/127.0.0.1:57557] for POST '/session/320df3f90cecc2ca4bcecca4fa33b2a6/element'
16:35:42.852 [AsyncHttpClient-1-3] DEBUG org.asynchttpclient.netty.handler.HttpHandler - 

Request DefaultHttpRequest(decodeResult: success, version: HTTP/1.1)
POST /session/320df3f90cecc2ca4bcecca4fa33b2a6/element HTTP/1.1
User-Agent: selenium/4.1.2 (java windows)
Content-Length: 104
Content-Type: application/json; charset=utf-8
host: localhost:57557
accept: */*

Response DefaultHttpResponse(decodeResult: success, version: HTTP/1.1)
HTTP/1.1 200 OK
Content-Type: application/json; charset=utf-8
cache-control: no-cache
content-length: 88

16:35:42.852 [AsyncHttpClient-1-3] DEBUG org.asynchttpclient.netty.channel.ChannelManager - Adding key: http://localhost:57557 for channel [id: 0xb1fc2da5, L:/127.0.0.1:51163 - R:localhost/127.0.0.1:57557]
16:35:42.854 [Forwarding getElementTagName on session 320df3f90cecc2ca4bcecca4fa33b2a6 to remote] DEBUG org.asynchttpclient.netty.request.NettyRequestSender - Using pooled Channel '[id: 0xb1fc2da5, L:/127.0.0.1:51163 - R:localhost/127.0.0.1:57557]' for 'GET' to 'http://localhost:57557/session/320df3f90cecc2ca4bcecca4fa33b2a6/element/ccbf3c2c-4cec-49e6-97a1-27e50461fe41/name'
16:35:42.855 [Forwarding getElementTagName on session 320df3f90cecc2ca4bcecca4fa33b2a6 to remote] DEBUG org.asynchttpclient.netty.request.NettyRequestSender - Using open Channel [id: 0xb1fc2da5, L:/127.0.0.1:51163 - R:localhost/127.0.0.1:57557] for GET '/session/320df3f90cecc2ca4bcecca4fa33b2a6/element/ccbf3c2c-4cec-49e6-97a1-27e50461fe41/name'
16:35:42.861 [AsyncHttpClient-1-3] DEBUG org.asynchttpclient.netty.handler.HttpHandler - 

Request DefaultFullHttpRequest(decodeResult: success, version: HTTP/1.1, content: EmptyByteBufBE)
GET /session/320df3f90cecc2ca4bcecca4fa33b2a6/element/ccbf3c2c-4cec-49e6-97a1-27e50461fe41/name HTTP/1.1
User-Agent: selenium/4.1.2 (java windows)
Cache-Control: no-cache
Content-Type: application/json; charset=utf-8
host: localhost:57557
accept: */*

Response DefaultHttpResponse(decodeResult: success, version: HTTP/1.1)
HTTP/1.1 200 OK
Content-Type: application/json; charset=utf-8
cache-control: no-cache
content-length: 18

16:35:42.861 [AsyncHttpClient-1-3] DEBUG org.asynchttpclient.netty.channel.ChannelManager - Adding key: http://localhost:57557 for channel [id: 0xb1fc2da5, L:/127.0.0.1:51163 - R:localhost/127.0.0.1:57557]
16:35:42.862 [Forwarding getElementTagName on session 320df3f90cecc2ca4bcecca4fa33b2a6 to remote] DEBUG org.asynchttpclient.netty.request.NettyRequestSender - Using pooled Channel '[id: 0xb1fc2da5, L:/127.0.0.1:51163 - R:localhost/127.0.0.1:57557]' for 'GET' to 'http://localhost:57557/session/320df3f90cecc2ca4bcecca4fa33b2a6/element/ccbf3c2c-4cec-49e6-97a1-27e50461fe41/name'
16:35:42.862 [Forwarding getElementTagName on session 320df3f90cecc2ca4bcecca4fa33b2a6 to remote] DEBUG org.asynchttpclient.netty.request.NettyRequestSender - Using open Channel [id: 0xb1fc2da5, L:/127.0.0.1:51163 - R:localhost/127.0.0.1:57557] for GET '/session/320df3f90cecc2ca4bcecca4fa33b2a6/element/ccbf3c2c-4cec-49e6-97a1-27e50461fe41/name'
16:35:42.869 [AsyncHttpClient-1-3] DEBUG org.asynchttpclient.netty.handler.HttpHandler - 

Request DefaultFullHttpRequest(decodeResult: success, version: HTTP/1.1, content: EmptyByteBufBE)
GET /session/320df3f90cecc2ca4bcecca4fa33b2a6/element/ccbf3c2c-4cec-49e6-97a1-27e50461fe41/name HTTP/1.1
User-Agent: selenium/4.1.2 (java windows)
Cache-Control: no-cache
Content-Type: application/json; charset=utf-8
host: localhost:57557
accept: */*

Response DefaultHttpResponse(decodeResult: success, version: HTTP/1.1)
HTTP/1.1 200 OK
Content-Type: application/json; charset=utf-8
cache-control: no-cache
content-length: 18

16:35:42.869 [AsyncHttpClient-1-3] DEBUG org.asynchttpclient.netty.channel.ChannelManager - Adding key: http://localhost:57557 for channel [id: 0xb1fc2da5, L:/127.0.0.1:51163 - R:localhost/127.0.0.1:57557]
16:35:42.871 [Forwarding isElementEnabled on session 320df3f90cecc2ca4bcecca4fa33b2a6 to remote] DEBUG org.asynchttpclient.netty.request.NettyRequestSender - Using pooled Channel '[id: 0xb1fc2da5, L:/127.0.0.1:51163 - R:localhost/127.0.0.1:57557]' for 'GET' to 'http://localhost:57557/session/320df3f90cecc2ca4bcecca4fa33b2a6/element/ccbf3c2c-4cec-49e6-97a1-27e50461fe41/enabled'
16:35:42.871 [Forwarding isElementEnabled on session 320df3f90cecc2ca4bcecca4fa33b2a6 to remote] DEBUG org.asynchttpclient.netty.request.NettyRequestSender - Using open Channel [id: 0xb1fc2da5, L:/127.0.0.1:51163 - R:localhost/127.0.0.1:57557] for GET '/session/320df3f90cecc2ca4bcecca4fa33b2a6/element/ccbf3c2c-4cec-49e6-97a1-27e50461fe41/enabled'
16:35:42.882 [AsyncHttpClient-1-3] DEBUG org.asynchttpclient.netty.handler.HttpHandler - 

Request DefaultFullHttpRequest(decodeResult: success, version: HTTP/1.1, content: EmptyByteBufBE)
GET /session/320df3f90cecc2ca4bcecca4fa33b2a6/element/ccbf3c2c-4cec-49e6-97a1-27e50461fe41/enabled HTTP/1.1
User-Agent: selenium/4.1.2 (java windows)
Cache-Control: no-cache
Content-Type: application/json; charset=utf-8
host: localhost:57557
accept: */*

Response DefaultHttpResponse(decodeResult: success, version: HTTP/1.1)
HTTP/1.1 200 OK
Content-Type: application/json; charset=utf-8
cache-control: no-cache
content-length: 14

16:35:42.882 [AsyncHttpClient-1-3] DEBUG org.asynchttpclient.netty.channel.ChannelManager - Adding key: http://localhost:57557 for channel [id: 0xb1fc2da5, L:/127.0.0.1:51163 - R:localhost/127.0.0.1:57557]
16:35:42.884 [Forwarding isElementEnabled on session 320df3f90cecc2ca4bcecca4fa33b2a6 to remote] DEBUG org.asynchttpclient.netty.request.NettyRequestSender - Using pooled Channel '[id: 0xb1fc2da5, L:/127.0.0.1:51163 - R:localhost/127.0.0.1:57557]' for 'GET' to 'http://localhost:57557/session/320df3f90cecc2ca4bcecca4fa33b2a6/element/ccbf3c2c-4cec-49e6-97a1-27e50461fe41/enabled'
16:35:42.884 [Forwarding isElementEnabled on session 320df3f90cecc2ca4bcecca4fa33b2a6 to remote] DEBUG org.asynchttpclient.netty.request.NettyRequestSender - Using open Channel [id: 0xb1fc2da5, L:/127.0.0.1:51163 - R:localhost/127.0.0.1:57557] for GET '/session/320df3f90cecc2ca4bcecca4fa33b2a6/element/ccbf3c2c-4cec-49e6-97a1-27e50461fe41/enabled'
16:35:42.893 [AsyncHttpClient-1-3] DEBUG org.asynchttpclient.netty.handler.HttpHandler - 

Request DefaultFullHttpRequest(decodeResult: success, version: HTTP/1.1, content: EmptyByteBufBE)
GET /session/320df3f90cecc2ca4bcecca4fa33b2a6/element/ccbf3c2c-4cec-49e6-97a1-27e50461fe41/enabled HTTP/1.1
User-Agent: selenium/4.1.2 (java windows)
Cache-Control: no-cache
Content-Type: application/json; charset=utf-8
host: localhost:57557
accept: */*

Response DefaultHttpResponse(decodeResult: success, version: HTTP/1.1)
HTTP/1.1 200 OK
Content-Type: application/json; charset=utf-8
cache-control: no-cache
content-length: 14

16:35:42.893 [AsyncHttpClient-1-3] DEBUG org.asynchttpclient.netty.channel.ChannelManager - Adding key: http://localhost:57557 for channel [id: 0xb1fc2da5, L:/127.0.0.1:51163 - R:localhost/127.0.0.1:57557]
16:35:42.900 [Forwarding findElement on session 320df3f90cecc2ca4bcecca4fa33b2a6 to remote] DEBUG org.asynchttpclient.netty.request.NettyRequestSender - Using pooled Channel '[id: 0xb1fc2da5, L:/127.0.0.1:51163 - R:localhost/127.0.0.1:57557]' for 'POST' to 'http://localhost:57557/session/320df3f90cecc2ca4bcecca4fa33b2a6/element'
16:35:42.900 [Forwarding findElement on session 320df3f90cecc2ca4bcecca4fa33b2a6 to remote] DEBUG org.asynchttpclient.netty.request.NettyRequestSender - Using open Channel [id: 0xb1fc2da5, L:/127.0.0.1:51163 - R:localhost/127.0.0.1:57557] for POST '/session/320df3f90cecc2ca4bcecca4fa33b2a6/element'
16:35:42.910 [AsyncHttpClient-1-3] DEBUG org.asynchttpclient.netty.handler.HttpHandler - 

Request DefaultHttpRequest(decodeResult: success, version: HTTP/1.1)
POST /session/320df3f90cecc2ca4bcecca4fa33b2a6/element HTTP/1.1
User-Agent: selenium/4.1.2 (java windows)
Content-Length: 104
Content-Type: application/json; charset=utf-8
host: localhost:57557
accept: */*

Response DefaultHttpResponse(decodeResult: success, version: HTTP/1.1)
HTTP/1.1 200 OK
Content-Type: application/json; charset=utf-8
cache-control: no-cache
content-length: 88

16:35:42.911 [AsyncHttpClient-1-3] DEBUG org.asynchttpclient.netty.channel.ChannelManager - Adding key: http://localhost:57557 for channel [id: 0xb1fc2da5, L:/127.0.0.1:51163 - R:localhost/127.0.0.1:57557]
16:35:42.912 [Forwarding clickElement on session 320df3f90cecc2ca4bcecca4fa33b2a6 to remote] DEBUG org.asynchttpclient.netty.request.NettyRequestSender - Using pooled Channel '[id: 0xb1fc2da5, L:/127.0.0.1:51163 - R:localhost/127.0.0.1:57557]' for 'POST' to 'http://localhost:57557/session/320df3f90cecc2ca4bcecca4fa33b2a6/element/ccbf3c2c-4cec-49e6-97a1-27e50461fe41/click'
16:35:42.912 [Forwarding clickElement on session 320df3f90cecc2ca4bcecca4fa33b2a6 to remote] DEBUG org.asynchttpclient.netty.request.NettyRequestSender - Using open Channel [id: 0xb1fc2da5, L:/127.0.0.1:51163 - R:localhost/127.0.0.1:57557] for POST '/session/320df3f90cecc2ca4bcecca4fa33b2a6/element/ccbf3c2c-4cec-49e6-97a1-27e50461fe41/click'
16:35:42.964 [AsyncHttpClient-1-3] DEBUG org.asynchttpclient.netty.handler.HttpHandler - 

Request DefaultHttpRequest(decodeResult: success, version: HTTP/1.1)
POST /session/320df3f90cecc2ca4bcecca4fa33b2a6/element/ccbf3c2c-4cec-49e6-97a1-27e50461fe41/click HTTP/1.1
User-Agent: selenium/4.1.2 (java windows)
Content-Length: 50
Content-Type: application/json; charset=utf-8
host: localhost:57557
accept: */*

Response DefaultHttpResponse(decodeResult: success, version: HTTP/1.1)
HTTP/1.1 200 OK
Content-Type: application/json; charset=utf-8
cache-control: no-cache
content-length: 14

16:35:42.964 [AsyncHttpClient-1-3] DEBUG org.asynchttpclient.netty.channel.ChannelManager - Adding key: http://localhost:57557 for channel [id: 0xb1fc2da5, L:/127.0.0.1:51163 - R:localhost/127.0.0.1:57557]
16:35:42.982 [Forwarding screenshot on session 320df3f90cecc2ca4bcecca4fa33b2a6 to remote] DEBUG org.asynchttpclient.netty.request.NettyRequestSender - Using pooled Channel '[id: 0xb1fc2da5, L:/127.0.0.1:51163 - R:localhost/127.0.0.1:57557]' for 'GET' to 'http://localhost:57557/session/320df3f90cecc2ca4bcecca4fa33b2a6/screenshot'
16:35:42.982 [Forwarding screenshot on session 320df3f90cecc2ca4bcecca4fa33b2a6 to remote] DEBUG org.asynchttpclient.netty.request.NettyRequestSender - Using open Channel [id: 0xb1fc2da5, L:/127.0.0.1:51163 - R:localhost/127.0.0.1:57557] for GET '/session/320df3f90cecc2ca4bcecca4fa33b2a6/screenshot'
16:35:43.164 [AsyncHttpClient-1-3] DEBUG org.asynchttpclient.netty.handler.HttpHandler - 

Request DefaultFullHttpRequest(decodeResult: success, version: HTTP/1.1, content: EmptyByteBufBE)
GET /session/320df3f90cecc2ca4bcecca4fa33b2a6/screenshot HTTP/1.1
User-Agent: selenium/4.1.2 (java windows)
Cache-Control: no-cache
Content-Type: application/json; charset=utf-8
host: localhost:57557
accept: */*

Response DefaultHttpResponse(decodeResult: success, version: HTTP/1.1)
HTTP/1.1 200 OK
Content-Type: application/json; charset=utf-8
cache-control: no-cache
content-length: 96072

16:35:43.165 [AsyncHttpClient-1-3] DEBUG org.asynchttpclient.netty.channel.ChannelManager - Adding key: http://localhost:57557 for channel [id: 0xb1fc2da5, L:/127.0.0.1:51163 - R:localhost/127.0.0.1:57557]
16:35:43.169 [main] DEBUG net.serenitybdd.core.photography.Darkroom - Send negative for processing for target\site\serenity\552d5f9d60d2860be21f7abf87140a81a3a9f3e3be86f8393c662bfb13682b73.png
16:35:43.170 [main] DEBUG net.thucydides.core.steps.StepInterceptor - STEP DONE: clickDeleteDoctorButton
  &amp#27;[32mAnd &amp#27;[0m&amp#27;[32mI click Delete button for Delete Doctor Message&amp#27;[0m &amp#27;[90m# starter.stepdefinitions.DoctorSteps.iClickDeleteDoctorFormDeleteButton()&amp#27;[0m
16:35:43.170 [Darkroom Processing Line] DEBUG net.serenitybdd.core.photography.DarkroomProcessingLine - Processing screenshot image in /var/screenshots/screenshot-14520263643196720477
16:35:43.170 [Darkroom Processing Line] DEBUG net.serenitybdd.core.photography.DarkroomProcessingLine - Saving screenshot to target\site\serenity\552d5f9d60d2860be21f7abf87140a81a3a9f3e3be86f8393c662bfb13682b73.png
16:35:43.184 [Forwarding findElement on session 320df3f90cecc2ca4bcecca4fa33b2a6 to remote] DEBUG org.asynchttpclient.netty.request.NettyRequestSender - Using pooled Channel '[id: 0xb1fc2da5, L:/127.0.0.1:51163 - R:localhost/127.0.0.1:57557]' for 'POST' to 'http://localhost:57557/session/320df3f90cecc2ca4bcecca4fa33b2a6/element'
16:35:43.184 [Forwarding findElement on session 320df3f90cecc2ca4bcecca4fa33b2a6 to remote] DEBUG org.asynchttpclient.netty.request.NettyRequestSender - Using open Channel [id: 0xb1fc2da5, L:/127.0.0.1:51163 - R:localhost/127.0.0.1:57557] for POST '/session/320df3f90cecc2ca4bcecca4fa33b2a6/element'
16:35:43.199 [AsyncHttpClient-1-3] DEBUG org.asynchttpclient.netty.handler.HttpHandler - 

Request DefaultHttpRequest(decodeResult: success, version: HTTP/1.1)
POST /session/320df3f90cecc2ca4bcecca4fa33b2a6/element HTTP/1.1
User-Agent: selenium/4.1.2 (java windows)
Content-Length: 78
Content-Type: application/json; charset=utf-8
host: localhost:57557
accept: */*

Response DefaultHttpResponse(decodeResult: success, version: HTTP/1.1)
HTTP/1.1 200 OK
Content-Type: application/json; charset=utf-8
cache-control: no-cache
content-length: 88

16:35:43.200 [AsyncHttpClient-1-3] DEBUG org.asynchttpclient.netty.channel.ChannelManager - Adding key: http://localhost:57557 for channel [id: 0xb1fc2da5, L:/127.0.0.1:51163 - R:localhost/127.0.0.1:57557]
16:35:43.203 [Forwarding isElementDisplayed on session 320df3f90cecc2ca4bcecca4fa33b2a6 to remote] DEBUG org.asynchttpclient.netty.request.NettyRequestSender - Using pooled Channel '[id: 0xb1fc2da5, L:/127.0.0.1:51163 - R:localhost/127.0.0.1:57557]' for 'POST' to 'http://localhost:57557/session/320df3f90cecc2ca4bcecca4fa33b2a6/execute/sync'
16:35:43.203 [Forwarding isElementDisplayed on session 320df3f90cecc2ca4bcecca4fa33b2a6 to remote] DEBUG org.asynchttpclient.netty.request.NettyRequestSender - Using open Channel [id: 0xb1fc2da5, L:/127.0.0.1:51163 - R:localhost/127.0.0.1:57557] for POST '/session/320df3f90cecc2ca4bcecca4fa33b2a6/execute/sync'
16:35:43.220 [AsyncHttpClient-1-3] DEBUG org.asynchttpclient.netty.handler.HttpHandler - 

Request DefaultHttpRequest(decodeResult: success, version: HTTP/1.1)
POST /session/320df3f90cecc2ca4bcecca4fa33b2a6/execute/sync HTTP/1.1
User-Agent: selenium/4.1.2 (java windows)
Content-Length: 48780
Content-Type: application/json; charset=utf-8
host: localhost:57557
accept: */*

Response DefaultHttpResponse(decodeResult: success, version: HTTP/1.1)
HTTP/1.1 200 OK
Content-Type: application/json; charset=utf-8
cache-control: no-cache
content-length: 15

16:35:43.221 [AsyncHttpClient-1-3] DEBUG org.asynchttpclient.netty.channel.ChannelManager - Adding key: http://localhost:57557 for channel [id: 0xb1fc2da5, L:/127.0.0.1:51163 - R:localhost/127.0.0.1:57557]
  &amp#27;[32mThen &amp#27;[0m&amp#27;[32mI validate Doctor data is gone&amp#27;[0m                 &amp#27;[90m# starter.stepdefinitions.DoctorSteps.iValidateDoctorDataIsGone()&amp#27;[0m
16:35:43.226 [Forwarding screenshot on session 320df3f90cecc2ca4bcecca4fa33b2a6 to remote] DEBUG org.asynchttpclient.netty.request.NettyRequestSender - Using pooled Channel '[id: 0xb1fc2da5, L:/127.0.0.1:51163 - R:localhost/127.0.0.1:57557]' for 'GET' to 'http://localhost:57557/session/320df3f90cecc2ca4bcecca4fa33b2a6/screenshot'
16:35:43.226 [Forwarding screenshot on session 320df3f90cecc2ca4bcecca4fa33b2a6 to remote] DEBUG org.asynchttpclient.netty.request.NettyRequestSender - Using open Channel [id: 0xb1fc2da5, L:/127.0.0.1:51163 - R:localhost/127.0.0.1:57557] for GET '/session/320df3f90cecc2ca4bcecca4fa33b2a6/screenshot'
16:35:43.416 [AsyncHttpClient-1-3] DEBUG org.asynchttpclient.netty.handler.HttpHandler - 

Request DefaultFullHttpRequest(decodeResult: success, version: HTTP/1.1, content: EmptyByteBufBE)
GET /session/320df3f90cecc2ca4bcecca4fa33b2a6/screenshot HTTP/1.1
User-Agent: selenium/4.1.2 (java windows)
Cache-Control: no-cache
Content-Type: application/json; charset=utf-8
host: localhost:57557
accept: */*

Response DefaultHttpResponse(decodeResult: success, version: HTTP/1.1)
HTTP/1.1 200 OK
Content-Type: application/json; charset=utf-8
cache-control: no-cache
content-length: 95124

16:35:43.416 [AsyncHttpClient-1-3] DEBUG org.asynchttpclient.netty.channel.ChannelManager - Adding key: http://localhost:57557 for channel [id: 0xb1fc2da5, L:/127.0.0.1:51163 - R:localhost/127.0.0.1:57557]
16:35:43.421 [main] DEBUG net.serenitybdd.core.photography.Darkroom - Send negative for processing for target\site\serenity\7bc893088a39f99b6e76163e7f0d7c7f5653c27dd7c593d0d61bbe9be1c0dd24.png
16:35:43.421 [Darkroom Processing Line] DEBUG net.serenitybdd.core.photography.DarkroomProcessingLine - Processing screenshot image in /var/screenshots/screenshot-15650323791644721415
16:35:43.421 [Darkroom Processing Line] DEBUG net.serenitybdd.core.photography.DarkroomProcessingLine - Saving screenshot to target\site\serenity\7bc893088a39f99b6e76163e7f0d7c7f5653c27dd7c593d0d61bbe9be1c0dd24.png
16:35:43.422 [main] INFO  - 
  _____   ___   ___   _____     ___     _     ___   ___   ___   ___  
 |_   _| | __| / __| |_   _|   | _ \   /_\   / __| / __| | __| |   \ 
   | |   | _|  \__ \   | |     |  _/  / _ \  \__ \ \__ \ | _|  | |) |
   |_|   |___| |___/   |_|     |_|   /_/ \_\ |___/ |___/ |___| |___/ 

Delete Doctor Data Scenario
----------------------------------------------------------------------
16:35:43.425 [AsyncHttpClient-1-5] DEBUG org.asynchttpclient.netty.handler.WebSocketHandler - Channel Closed: [id: 0x723f4191, L:/127.0.0.1:51170 ! R:localhost/127.0.0.1:51164] with attribute NettyResponseFuture{currentRetry=5,
	isDone=1,
	isCancelled=0,
	asyncHandler=org.asynchttpclient.ws.WebSocketUpgradeHandler@2dab76da,
	nettyRequest=org.asynchttpclient.netty.request.NettyRequest@52fa7e91,
	future=java.util.concurrent.CompletableFuture@62fadf80[Completed normally],
	uri=ws://localhost:51164/devtools/browser/77938caf-6230-436f-94b8-4c89d7acb2e4,
	keepAlive=true,
	redirectCount=0,
	timeoutsHolder=null,
	inAuth=0,
	touch=1655717737510}
16:35:43.425 [AsyncHttpClient-1-5] DEBUG org.asynchttpclient.netty.channel.ChannelManager - Closing Channel [id: 0x723f4191, L:/127.0.0.1:51170 ! R:localhost/127.0.0.1:51164] 
16:35:43.425 [Driver Command Executor] DEBUG org.asynchttpclient.netty.request.NettyRequestSender - Using pooled Channel '[id: 0xb1fc2da5, L:/127.0.0.1:51163 - R:localhost/127.0.0.1:57557]' for 'DELETE' to 'http://localhost:57557/session/320df3f90cecc2ca4bcecca4fa33b2a6'
16:35:43.425 [Driver Command Executor] DEBUG org.asynchttpclient.netty.request.NettyRequestSender - Using open Channel [id: 0xb1fc2da5, L:/127.0.0.1:51163 - R:localhost/127.0.0.1:57557] for DELETE '/session/320df3f90cecc2ca4bcecca4fa33b2a6'
16:35:43.462 [AsyncHttpClient-1-4] DEBUG org.asynchttpclient.netty.handler.HttpHandler - Unexpected I/O exception on channel [id: 0x1f58ea9c, L:/127.0.0.1:51169 - R:localhost/127.0.0.1:51164]
java.net.SocketException: Connection reset
	at java.base/sun.nio.ch.SocketChannelImpl.throwConnectionReset(SocketChannelImpl.java:367)
	at java.base/sun.nio.ch.SocketChannelImpl.read(SocketChannelImpl.java:398)
	at io.netty.buffer.PooledByteBuf.setBytes(PooledByteBuf.java:258)
	at io.netty.buffer.AbstractByteBuf.writeBytes(AbstractByteBuf.java:1132)
	at io.netty.channel.socket.nio.NioSocketChannel.doReadBytes(NioSocketChannel.java:350)
	at io.netty.channel.nio.AbstractNioByteChannel$NioByteUnsafe.read(AbstractNioByteChannel.java:151)
	at io.netty.channel.nio.NioEventLoop.processSelectedKey(NioEventLoop.java:722)
	at io.netty.channel.nio.NioEventLoop.processSelectedKeysOptimized(NioEventLoop.java:658)
	at io.netty.channel.nio.NioEventLoop.processSelectedKeys(NioEventLoop.java:584)
	at io.netty.channel.nio.NioEventLoop.run(NioEventLoop.java:496)
	at io.netty.util.concurrent.SingleThreadEventExecutor$4.run(SingleThreadEventExecutor.java:986)
	at io.netty.util.internal.ThreadExecutorMap$2.run(ThreadExecutorMap.java:74)
	at io.netty.util.concurrent.FastThreadLocalRunnable.run(FastThreadLocalRunnable.java:30)
	at java.base/java.lang.Thread.run(Thread.java:832)
16:35:43.462 [AsyncHttpClient-1-4] DEBUG org.asynchttpclient.netty.channel.ChannelManager - Closing Channel [id: 0x1f58ea9c, L:/127.0.0.1:51169 - R:localhost/127.0.0.1:51164] 
16:35:43.462 [AsyncHttpClient-1-4] DEBUG org.asynchttpclient.netty.handler.HttpHandler - Channel Closed: [id: 0x1f58ea9c, L:/127.0.0.1:51169 ! R:localhost/127.0.0.1:51164] with attribute DISCARD
16:35:43.497 [AsyncHttpClient-1-3] DEBUG org.asynchttpclient.netty.handler.HttpHandler - 

Request DefaultFullHttpRequest(decodeResult: success, version: HTTP/1.1, content: EmptyByteBufBE)
DELETE /session/320df3f90cecc2ca4bcecca4fa33b2a6 HTTP/1.1
User-Agent: selenium/4.1.2 (java windows)
Content-Type: application/json; charset=utf-8
host: localhost:57557
accept: */*

Response DefaultHttpResponse(decodeResult: success, version: HTTP/1.1)
HTTP/1.1 200 OK
Content-Type: application/json; charset=utf-8
cache-control: no-cache
content-length: 14

16:35:43.497 [AsyncHttpClient-1-3] DEBUG org.asynchttpclient.netty.channel.ChannelManager - Adding key: http://localhost:57557 for channel [id: 0xb1fc2da5, L:/127.0.0.1:51163 - R:localhost/127.0.0.1:57557]
16:35:43.603 [AsyncHttpClient-1-3] DEBUG org.asynchttpclient.netty.handler.HttpHandler - Channel Closed: [id: 0xb1fc2da5, L:/127.0.0.1:51163 ! R:localhost/127.0.0.1:57557] with attribute DISCARD
16:35:43.838 [AsyncHttpClient-1-1] DEBUG org.asynchttpclient.netty.channel.DefaultChannelPool - Entry count for : http://localhost:57557 : 1
16:35:43.838 [AsyncHttpClient-1-1] DEBUG org.asynchttpclient.netty.channel.DefaultChannelPool - Entry count for : http://localhost:51164 : 1
16:35:43.838 [AsyncHttpClient-1-1] DEBUG org.asynchttpclient.netty.channel.DefaultChannelPool - Adding Candidate expired Channel [id: 0xb1fc2da5, L:/127.0.0.1:51163 ! R:localhost/127.0.0.1:57557] isIdleTimeoutExpired=false isRemotelyClosed=true isTtlExpired=false
16:35:43.838 [AsyncHttpClient-1-1] DEBUG org.asynchttpclient.netty.channel.DefaultChannelPool - Closing Idle Channel [id: 0xb1fc2da5, L:/127.0.0.1:51163 ! R:localhost/127.0.0.1:57557]
16:35:43.838 [AsyncHttpClient-1-1] DEBUG org.asynchttpclient.netty.channel.DefaultChannelPool - Adding Candidate expired Channel [id: 0x1f58ea9c, L:/127.0.0.1:51169 ! R:localhost/127.0.0.1:51164] isIdleTimeoutExpired=false isRemotelyClosed=true isTtlExpired=false
16:35:43.838 [AsyncHttpClient-1-1] DEBUG org.asynchttpclient.netty.channel.DefaultChannelPool - Closing Idle Channel [id: 0x1f58ea9c, L:/127.0.0.1:51169 ! R:localhost/127.0.0.1:51164]
16:35:43.838 [AsyncHttpClient-1-1] DEBUG org.asynchttpclient.netty.channel.DefaultChannelPool - Closed 2 connections out of 2 in 0 ms
]]></system-out>
    <system-err><![CDATA[Starting ChromeDriver 102.0.5005.61 (0e59bcc00cc4985ce39ad31c150065f159d95ad3-refs/branch-heads/5005@{#819}) on port 57557
Only local connections are allowed.
Please see https://chromedriver.chromium.org/security-considerations for suggestions on keeping ChromeDriver safe.
ChromeDriver was started successfully.
Jun 20, 2022 4:35:37 PM org.openqa.selenium.remote.ProtocolHandshake createSession
INFO: Detected dialect: W3C
Jun 20, 2022 4:35:37 PM org.openqa.selenium.devtools.CdpVersionFinder findNearestMatch
WARNING: Unable to find an exact match for CDP version 102, so returning the closest version found: a no-op implementation
Jun 20, 2022 4:35:37 PM org.openqa.selenium.devtools.CdpVersionFinder findNearestMatch
INFO: Unable to find CDP implementation matching 102.
Jun 20, 2022 4:35:37 PM org.openqa.selenium.chromium.ChromiumDriver lambda$new$3
WARNING: Unable to find version of CDP to use for . You may need to include a dependency on a specific version of the CDP using something similar to `org.seleniumhq.selenium:selenium-devtools-v86:4.1.2` where the version ("v86") matches the version of the chromium-based browser you're using and the version number of the artifact is the same as Selenium's.
]]></system-err>
  </testcase>
  <testcase name="Search Doctor Based on Doctor NID Scenario" classname="Doctor" time="8.886">
    <system-out><![CDATA[
@Doctor @Search
Scenario: Search Doctor Based on Doctor NID Scenario &amp#27;[90m# src/test/resources/features/3.Doctor.feature:56&amp#27;[0m
16:35:44.147 [main] INFO io.cucumber.core.plugin.SerenityReporter - Running feature from file:///E:/My%20Documents/File%20Difa/TI%20Semester%206%20Kampus%20Merdeka%20Alterra/Tugas/CAPSTONE%20Project/Capstone-Project-Website/src/test/resources/features/3.Doctor.feature
16:35:44.152 [main] INFO  - 
  _____   ___   ___   _____     ___   _____     _     ___   _____   ___   ___  
 |_   _| | __| / __| |_   _|   / __| |_   _|   /_\   | _ \ |_   _| | __| |   \ 
   | |   | _|  \__ \   | |     \__ \   | |    / _ \  |   /   | |   | _|  | |) |
   |_|   |___| |___/   |_|     |___/   |_|   /_/ \_\ |_|_\   |_|   |___| |___/ 

Search Doctor Based on Doctor NID Scenario(doctor;search-doctor-based-on-doctor-nid-scenario)
--------------------------------------------------------------------------------
16:35:44.179 [main] DEBUG net.thucydides.core.steps.StepInterceptor - STARTING STEP: PatientSteps.iAmAtTheDashboardPage - openUrl
16:35:44.181 [main] INFO net.serenitybdd.core.webdriver.driverproviders.ChromeDriverProvider - Using automatically driver download
16:35:44.365 [main] DEBUG io.github.bonigarcia.wdm.cache.ResolutionCache - Resolution chrome=102 in cache (valid until 16:47:55 20/06/2022 ICT)
16:35:44.369 [main] DEBUG io.github.bonigarcia.wdm.cache.ResolutionCache - Resolution chrome102=102.0.5005.61 in cache (valid until 09:12:44 21/06/2022 ICT)
16:35:44.370 [main] INFO io.github.bonigarcia.wdm.WebDriverManager - Using chromedriver 102.0.5005.61 (resolved driver for Chrome 102)
16:35:44.378 [main] DEBUG io.github.bonigarcia.wdm.WebDriverManager - Driver chromedriver 102.0.5005.61 found in cache
16:35:44.378 [main] INFO io.github.bonigarcia.wdm.WebDriverManager - Exporting webdriver.chrome.driver as C:\Users\USER\.cache\selenium\chromedriver\win32\102.0.5005.61\chromedriver.exe
16:35:44.521 [main] DEBUG net.serenitybdd.core.webdriver.driverproviders.ProvideNewDriver - Instantiating driver
16:35:44.521 [main] DEBUG net.serenitybdd.core.webdriver.driverproviders.ProvideNewDriver - Driver capabilities: Capabilities {acceptInsecureCerts: false, base.url: https://hospital-management..., browserName: chrome, chrome.driver: src/test/resources/webdrive..., driver: chrome, goog:chromeOptions: {args: [], extensions: []}}
16:35:45.062 [AsyncHttpClient-1-6] DEBUG org.asynchttpclient.netty.channel.NettyConnectListener - Using new Channel '[id: 0x21edd247, L:/127.0.0.1:51186 - R:localhost/127.0.0.1:49344]' for 'POST' to '/session'
16:35:45.764 [AsyncHttpClient-1-6] DEBUG org.asynchttpclient.netty.handler.HttpHandler - 

Request DefaultHttpRequest(decodeResult: success, version: HTTP/1.1)
POST /session HTTP/1.1
User-Agent: selenium/4.1.2 (java windows)
Content-Length: 621
Content-Type: application/json; charset=utf-8
host: localhost:49344
accept: */*

Response DefaultHttpResponse(decodeResult: success, version: HTTP/1.1)
HTTP/1.1 200 OK
Content-Type: application/json; charset=utf-8
cache-control: no-cache
content-length: 789

16:35:45.764 [AsyncHttpClient-1-6] DEBUG org.asynchttpclient.netty.channel.ChannelManager - Adding key: http://localhost:49344 for channel [id: 0x21edd247, L:/127.0.0.1:51186 - R:localhost/127.0.0.1:49344]
16:35:45.777 [AsyncHttpClient-1-7] DEBUG org.asynchttpclient.netty.channel.NettyConnectListener - Using new Channel '[id: 0xd4314a8c, L:/127.0.0.1:51192 - R:localhost/127.0.0.1:51187]' for 'GET' to '/json/version'
16:35:45.777 [AsyncHttpClient-1-7] DEBUG org.asynchttpclient.netty.handler.HttpHandler - 

Request DefaultFullHttpRequest(decodeResult: success, version: HTTP/1.1, content: EmptyByteBufBE)
GET /json/version HTTP/1.1
User-Agent: selenium/4.1.2 (java windows)
host: localhost:51187
accept: */*

Response DefaultHttpResponse(decodeResult: success, version: HTTP/1.1)
HTTP/1.1 200 OK
Content-Type: application/json; charset=UTF-8
content-length: 427

16:35:45.777 [AsyncHttpClient-1-7] DEBUG org.asynchttpclient.netty.channel.ChannelManager - Adding key: http://localhost:51187 for channel [id: 0xd4314a8c, L:/127.0.0.1:51192 - R:localhost/127.0.0.1:51187]
16:35:45.779 [AsyncHttpClient-1-8] DEBUG org.asynchttpclient.netty.channel.NettyConnectListener - Using new Channel '[id: 0x1abbadbf, L:/127.0.0.1:51193 - R:localhost/127.0.0.1:51187]' for 'GET' to '/devtools/browser/05d90c51-45db-4768-bb03-20b407f3f345'
16:35:45.780 [AsyncHttpClient-1-8] DEBUG org.asynchttpclient.netty.handler.WebSocketHandler - 

Request DefaultFullHttpRequest(decodeResult: success, version: HTTP/1.1, content: EmptyByteBufBE)
GET /devtools/browser/05d90c51-45db-4768-bb03-20b407f3f345 HTTP/1.1
upgrade: websocket
connection: upgrade
sec-websocket-key: fBhG+bQkiIVLsP4ERID+FQ==
sec-websocket-version: 13
origin: http://localhost:51187
host: localhost:51187
accept: */*
user-agent: AHC/2.1

Response DefaultHttpResponse(decodeResult: success, version: HTTP/1.1)
HTTP/1.1 101 WebSocket Protocol Handshake
Upgrade: WebSocket
Connection: Upgrade
Sec-WebSocket-Accept: HDe8KXZmeRWkfm+K6Kzn+SHVCqQ=

16:35:45.786 [Forwarding maximizeCurrentWindow on session 9ad15b1dc5c44404e42838736dad36d3 to remote] DEBUG org.asynchttpclient.netty.request.NettyRequestSender - Using pooled Channel '[id: 0x21edd247, L:/127.0.0.1:51186 - R:localhost/127.0.0.1:49344]' for 'POST' to 'http://localhost:49344/session/9ad15b1dc5c44404e42838736dad36d3/window/maximize'
16:35:45.786 [Forwarding maximizeCurrentWindow on session 9ad15b1dc5c44404e42838736dad36d3 to remote] DEBUG org.asynchttpclient.netty.request.NettyRequestSender - Using open Channel [id: 0x21edd247, L:/127.0.0.1:51186 - R:localhost/127.0.0.1:49344] for POST '/session/9ad15b1dc5c44404e42838736dad36d3/window/maximize'
16:35:45.911 [AsyncHttpClient-1-6] DEBUG org.asynchttpclient.netty.handler.HttpHandler - 

Request DefaultHttpRequest(decodeResult: success, version: HTTP/1.1)
POST /session/9ad15b1dc5c44404e42838736dad36d3/window/maximize HTTP/1.1
User-Agent: selenium/4.1.2 (java windows)
Content-Length: 3
Content-Type: application/json; charset=utf-8
host: localhost:49344
accept: */*

Response DefaultHttpResponse(decodeResult: success, version: HTTP/1.1)
HTTP/1.1 200 OK
Content-Type: application/json; charset=utf-8
cache-control: no-cache
content-length: 51

16:35:45.912 [AsyncHttpClient-1-6] DEBUG org.asynchttpclient.netty.channel.ChannelManager - Adding key: http://localhost:49344 for channel [id: 0x21edd247, L:/127.0.0.1:51186 - R:localhost/127.0.0.1:49344]
16:35:45.914 [Forwarding get on session 9ad15b1dc5c44404e42838736dad36d3 to remote] DEBUG org.asynchttpclient.netty.request.NettyRequestSender - Using pooled Channel '[id: 0x21edd247, L:/127.0.0.1:51186 - R:localhost/127.0.0.1:49344]' for 'POST' to 'http://localhost:49344/session/9ad15b1dc5c44404e42838736dad36d3/url'
16:35:45.914 [Forwarding get on session 9ad15b1dc5c44404e42838736dad36d3 to remote] DEBUG org.asynchttpclient.netty.request.NettyRequestSender - Using open Channel [id: 0x21edd247, L:/127.0.0.1:51186 - R:localhost/127.0.0.1:49344] for POST '/session/9ad15b1dc5c44404e42838736dad36d3/url'
16:35:46.037 [AsyncHttpClient-1-1] DEBUG org.asynchttpclient.netty.channel.DefaultChannelPool - Entry count for : http://localhost:51187 : 1
16:35:47.158 [AsyncHttpClient-1-1] DEBUG org.asynchttpclient.netty.channel.DefaultChannelPool - Entry count for : http://localhost:51187 : 1
16:35:48.239 [AsyncHttpClient-1-1] DEBUG org.asynchttpclient.netty.channel.DefaultChannelPool - Entry count for : http://localhost:51187 : 1
16:35:49.047 [AsyncHttpClient-1-6] DEBUG org.asynchttpclient.netty.handler.HttpHandler - 

Request DefaultHttpRequest(decodeResult: success, version: HTTP/1.1)
POST /session/9ad15b1dc5c44404e42838736dad36d3/url HTTP/1.1
User-Agent: selenium/4.1.2 (java windows)
Content-Length: 65
Content-Type: application/json; charset=utf-8
host: localhost:49344
accept: */*

Response DefaultHttpResponse(decodeResult: success, version: HTTP/1.1)
HTTP/1.1 200 OK
Content-Type: application/json; charset=utf-8
cache-control: no-cache
content-length: 14

16:35:49.048 [AsyncHttpClient-1-6] DEBUG org.asynchttpclient.netty.channel.ChannelManager - Adding key: http://localhost:49344 for channel [id: 0x21edd247, L:/127.0.0.1:51186 - R:localhost/127.0.0.1:49344]
16:35:49.050 [Forwarding setTimeout on session 9ad15b1dc5c44404e42838736dad36d3 to remote] DEBUG org.asynchttpclient.netty.request.NettyRequestSender - Using pooled Channel '[id: 0x21edd247, L:/127.0.0.1:51186 - R:localhost/127.0.0.1:49344]' for 'POST' to 'http://localhost:49344/session/9ad15b1dc5c44404e42838736dad36d3/timeouts'
16:35:49.050 [Forwarding setTimeout on session 9ad15b1dc5c44404e42838736dad36d3 to remote] DEBUG org.asynchttpclient.netty.request.NettyRequestSender - Using open Channel [id: 0x21edd247, L:/127.0.0.1:51186 - R:localhost/127.0.0.1:49344] for POST '/session/9ad15b1dc5c44404e42838736dad36d3/timeouts'
16:35:49.051 [AsyncHttpClient-1-6] DEBUG org.asynchttpclient.netty.handler.HttpHandler - 

Request DefaultHttpRequest(decodeResult: success, version: HTTP/1.1)
POST /session/9ad15b1dc5c44404e42838736dad36d3/timeouts HTTP/1.1
User-Agent: selenium/4.1.2 (java windows)
Content-Length: 22
Content-Type: application/json; charset=utf-8
host: localhost:49344
accept: */*

Response DefaultHttpResponse(decodeResult: success, version: HTTP/1.1)
HTTP/1.1 200 OK
Content-Type: application/json; charset=utf-8
cache-control: no-cache
content-length: 14

16:35:49.052 [AsyncHttpClient-1-6] DEBUG org.asynchttpclient.netty.channel.ChannelManager - Adding key: http://localhost:49344 for channel [id: 0x21edd247, L:/127.0.0.1:51186 - R:localhost/127.0.0.1:49344]
16:35:49.057 [Forwarding getCurrentUrl on session 9ad15b1dc5c44404e42838736dad36d3 to remote] DEBUG org.asynchttpclient.netty.request.NettyRequestSender - Using pooled Channel '[id: 0x21edd247, L:/127.0.0.1:51186 - R:localhost/127.0.0.1:49344]' for 'GET' to 'http://localhost:49344/session/9ad15b1dc5c44404e42838736dad36d3/url'
16:35:49.057 [Forwarding getCurrentUrl on session 9ad15b1dc5c44404e42838736dad36d3 to remote] DEBUG org.asynchttpclient.netty.request.NettyRequestSender - Using open Channel [id: 0x21edd247, L:/127.0.0.1:51186 - R:localhost/127.0.0.1:49344] for GET '/session/9ad15b1dc5c44404e42838736dad36d3/url'
16:35:49.076 [AsyncHttpClient-1-6] DEBUG org.asynchttpclient.netty.handler.HttpHandler - 

Request DefaultFullHttpRequest(decodeResult: success, version: HTTP/1.1, content: EmptyByteBufBE)
GET /session/9ad15b1dc5c44404e42838736dad36d3/url HTTP/1.1
User-Agent: selenium/4.1.2 (java windows)
Cache-Control: no-cache
Content-Type: application/json; charset=utf-8
host: localhost:49344
accept: */*

Response DefaultHttpResponse(decodeResult: success, version: HTTP/1.1)
HTTP/1.1 200 OK
Content-Type: application/json; charset=utf-8
cache-control: no-cache
content-length: 53

16:35:49.076 [AsyncHttpClient-1-6] DEBUG org.asynchttpclient.netty.channel.ChannelManager - Adding key: http://localhost:49344 for channel [id: 0x21edd247, L:/127.0.0.1:51186 - R:localhost/127.0.0.1:49344]
16:35:49.080 [Forwarding getCurrentUrl on session 9ad15b1dc5c44404e42838736dad36d3 to remote] DEBUG org.asynchttpclient.netty.request.NettyRequestSender - Using pooled Channel '[id: 0x21edd247, L:/127.0.0.1:51186 - R:localhost/127.0.0.1:49344]' for 'GET' to 'http://localhost:49344/session/9ad15b1dc5c44404e42838736dad36d3/url'
16:35:49.080 [Forwarding getCurrentUrl on session 9ad15b1dc5c44404e42838736dad36d3 to remote] DEBUG org.asynchttpclient.netty.request.NettyRequestSender - Using open Channel [id: 0x21edd247, L:/127.0.0.1:51186 - R:localhost/127.0.0.1:49344] for GET '/session/9ad15b1dc5c44404e42838736dad36d3/url'
16:35:49.085 [AsyncHttpClient-1-6] DEBUG org.asynchttpclient.netty.handler.HttpHandler - 

Request DefaultFullHttpRequest(decodeResult: success, version: HTTP/1.1, content: EmptyByteBufBE)
GET /session/9ad15b1dc5c44404e42838736dad36d3/url HTTP/1.1
User-Agent: selenium/4.1.2 (java windows)
Cache-Control: no-cache
Content-Type: application/json; charset=utf-8
host: localhost:49344
accept: */*

Response DefaultHttpResponse(decodeResult: success, version: HTTP/1.1)
HTTP/1.1 200 OK
Content-Type: application/json; charset=utf-8
cache-control: no-cache
content-length: 53

16:35:49.085 [AsyncHttpClient-1-6] DEBUG org.asynchttpclient.netty.channel.ChannelManager - Adding key: http://localhost:49344 for channel [id: 0x21edd247, L:/127.0.0.1:51186 - R:localhost/127.0.0.1:49344]
16:35:49.097 [Forwarding screenshot on session 9ad15b1dc5c44404e42838736dad36d3 to remote] DEBUG org.asynchttpclient.netty.request.NettyRequestSender - Using pooled Channel '[id: 0x21edd247, L:/127.0.0.1:51186 - R:localhost/127.0.0.1:49344]' for 'GET' to 'http://localhost:49344/session/9ad15b1dc5c44404e42838736dad36d3/screenshot'
16:35:49.097 [Forwarding screenshot on session 9ad15b1dc5c44404e42838736dad36d3 to remote] DEBUG org.asynchttpclient.netty.request.NettyRequestSender - Using open Channel [id: 0x21edd247, L:/127.0.0.1:51186 - R:localhost/127.0.0.1:49344] for GET '/session/9ad15b1dc5c44404e42838736dad36d3/screenshot'
16:35:49.337 [AsyncHttpClient-1-1] DEBUG org.asynchttpclient.netty.channel.DefaultChannelPool - Entry count for : http://localhost:51187 : 1
16:35:49.408 [AsyncHttpClient-1-6] DEBUG org.asynchttpclient.netty.handler.HttpHandler - 

Request DefaultFullHttpRequest(decodeResult: success, version: HTTP/1.1, content: EmptyByteBufBE)
GET /session/9ad15b1dc5c44404e42838736dad36d3/screenshot HTTP/1.1
User-Agent: selenium/4.1.2 (java windows)
Cache-Control: no-cache
Content-Type: application/json; charset=utf-8
host: localhost:49344
accept: */*

Response DefaultHttpResponse(decodeResult: success, version: HTTP/1.1)
HTTP/1.1 200 OK
Content-Type: application/json; charset=utf-8
cache-control: no-cache
content-length: 382596

16:35:49.411 [AsyncHttpClient-1-6] DEBUG org.asynchttpclient.netty.channel.ChannelManager - Adding key: http://localhost:49344 for channel [id: 0x21edd247, L:/127.0.0.1:51186 - R:localhost/127.0.0.1:49344]
16:35:49.439 [main] DEBUG net.serenitybdd.core.photography.Darkroom - Send negative for processing for target\site\serenity\ed15a54c91c342d96a850276df7b559f4526b370fc93040e3c407a48a170f368.png
16:35:49.439 [main] DEBUG net.thucydides.core.steps.StepInterceptor - STEP DONE: openUrl
16:35:49.449 [main] DEBUG net.thucydides.core.steps.StepInterceptor - STARTING STEP: PatientSteps.iAmAtTheDashboardPage - validateOnDashboardPage
16:35:49.452 [Forwarding findElement on session 9ad15b1dc5c44404e42838736dad36d3 to remote] DEBUG org.asynchttpclient.netty.request.NettyRequestSender - Using pooled Channel '[id: 0x21edd247, L:/127.0.0.1:51186 - R:localhost/127.0.0.1:49344]' for 'POST' to 'http://localhost:49344/session/9ad15b1dc5c44404e42838736dad36d3/element'
16:35:49.452 [Forwarding findElement on session 9ad15b1dc5c44404e42838736dad36d3 to remote] DEBUG org.asynchttpclient.netty.request.NettyRequestSender - Using open Channel [id: 0x21edd247, L:/127.0.0.1:51186 - R:localhost/127.0.0.1:49344] for POST '/session/9ad15b1dc5c44404e42838736dad36d3/element'
16:35:49.472 [AsyncHttpClient-1-6] DEBUG org.asynchttpclient.netty.handler.HttpHandler - 

Request DefaultHttpRequest(decodeResult: success, version: HTTP/1.1)
POST /session/9ad15b1dc5c44404e42838736dad36d3/element HTTP/1.1
User-Agent: selenium/4.1.2 (java windows)
Content-Length: 81
Content-Type: application/json; charset=utf-8
host: localhost:49344
accept: */*

Response DefaultHttpResponse(decodeResult: success, version: HTTP/1.1)
HTTP/1.1 200 OK
Content-Type: application/json; charset=utf-8
cache-control: no-cache
content-length: 88

16:35:49.472 [AsyncHttpClient-1-6] DEBUG org.asynchttpclient.netty.channel.ChannelManager - Adding key: http://localhost:49344 for channel [id: 0x21edd247, L:/127.0.0.1:51186 - R:localhost/127.0.0.1:49344]
16:35:49.477 [Forwarding isElementDisplayed on session 9ad15b1dc5c44404e42838736dad36d3 to remote] DEBUG org.asynchttpclient.netty.request.NettyRequestSender - Using pooled Channel '[id: 0x21edd247, L:/127.0.0.1:51186 - R:localhost/127.0.0.1:49344]' for 'POST' to 'http://localhost:49344/session/9ad15b1dc5c44404e42838736dad36d3/execute/sync'
16:35:49.477 [Forwarding isElementDisplayed on session 9ad15b1dc5c44404e42838736dad36d3 to remote] DEBUG org.asynchttpclient.netty.request.NettyRequestSender - Using open Channel [id: 0x21edd247, L:/127.0.0.1:51186 - R:localhost/127.0.0.1:49344] for POST '/session/9ad15b1dc5c44404e42838736dad36d3/execute/sync'
16:35:49.499 [AsyncHttpClient-1-6] DEBUG org.asynchttpclient.netty.handler.HttpHandler - 

Request DefaultHttpRequest(decodeResult: success, version: HTTP/1.1)
POST /session/9ad15b1dc5c44404e42838736dad36d3/execute/sync HTTP/1.1
User-Agent: selenium/4.1.2 (java windows)
Content-Length: 48780
Content-Type: application/json; charset=utf-8
host: localhost:49344
accept: */*

Response DefaultHttpResponse(decodeResult: success, version: HTTP/1.1)
HTTP/1.1 200 OK
Content-Type: application/json; charset=utf-8
cache-control: no-cache
content-length: 14

16:35:49.499 [AsyncHttpClient-1-6] DEBUG org.asynchttpclient.netty.channel.ChannelManager - Adding key: http://localhost:49344 for channel [id: 0x21edd247, L:/127.0.0.1:51186 - R:localhost/127.0.0.1:49344]
16:35:49.506 [Forwarding screenshot on session 9ad15b1dc5c44404e42838736dad36d3 to remote] DEBUG org.asynchttpclient.netty.request.NettyRequestSender - Using pooled Channel '[id: 0x21edd247, L:/127.0.0.1:51186 - R:localhost/127.0.0.1:49344]' for 'GET' to 'http://localhost:49344/session/9ad15b1dc5c44404e42838736dad36d3/screenshot'
16:35:49.506 [Forwarding screenshot on session 9ad15b1dc5c44404e42838736dad36d3 to remote] DEBUG org.asynchttpclient.netty.request.NettyRequestSender - Using open Channel [id: 0x21edd247, L:/127.0.0.1:51186 - R:localhost/127.0.0.1:49344] for GET '/session/9ad15b1dc5c44404e42838736dad36d3/screenshot'
16:35:49.834 [AsyncHttpClient-1-6] DEBUG org.asynchttpclient.netty.handler.HttpHandler - 

Request DefaultFullHttpRequest(decodeResult: success, version: HTTP/1.1, content: EmptyByteBufBE)
GET /session/9ad15b1dc5c44404e42838736dad36d3/screenshot HTTP/1.1
User-Agent: selenium/4.1.2 (java windows)
Cache-Control: no-cache
Content-Type: application/json; charset=utf-8
host: localhost:49344
accept: */*

Response DefaultHttpResponse(decodeResult: success, version: HTTP/1.1)
HTTP/1.1 200 OK
Content-Type: application/json; charset=utf-8
cache-control: no-cache
content-length: 382596

16:35:49.837 [AsyncHttpClient-1-6] DEBUG org.asynchttpclient.netty.channel.ChannelManager - Adding key: http://localhost:49344 for channel [id: 0x21edd247, L:/127.0.0.1:51186 - R:localhost/127.0.0.1:49344]
16:35:49.909 [main] DEBUG net.serenitybdd.core.photography.Darkroom - Send negative for processing for target\site\serenity\ed15a54c91c342d96a850276df7b559f4526b370fc93040e3c407a48a170f368.png
16:35:49.909 [main] DEBUG net.thucydides.core.steps.StepInterceptor - STEP DONE: validateOnDashboardPage
  &amp#27;[32mGiven &amp#27;[0m&amp#27;[32mI am at the dashboard page&amp#27;[0m                   &amp#27;[90m# starter.stepdefinitions.PatientSteps.iAmAtTheDashboardPage()&amp#27;[0m
16:35:49.947 [main] DEBUG net.thucydides.core.steps.StepInterceptor - STARTING STEP: DoctorSteps.iClickMenuDoctor - clickMenuDoctorButton
16:35:49.952 [Forwarding findElement on session 9ad15b1dc5c44404e42838736dad36d3 to remote] DEBUG org.asynchttpclient.netty.request.NettyRequestSender - Using pooled Channel '[id: 0x21edd247, L:/127.0.0.1:51186 - R:localhost/127.0.0.1:49344]' for 'POST' to 'http://localhost:49344/session/9ad15b1dc5c44404e42838736dad36d3/element'
16:35:49.952 [Forwarding findElement on session 9ad15b1dc5c44404e42838736dad36d3 to remote] DEBUG org.asynchttpclient.netty.request.NettyRequestSender - Using open Channel [id: 0x21edd247, L:/127.0.0.1:51186 - R:localhost/127.0.0.1:49344] for POST '/session/9ad15b1dc5c44404e42838736dad36d3/element'
16:35:50.087 [AsyncHttpClient-1-6] DEBUG org.asynchttpclient.netty.handler.HttpHandler - 

Request DefaultHttpRequest(decodeResult: success, version: HTTP/1.1)
POST /session/9ad15b1dc5c44404e42838736dad36d3/element HTTP/1.1
User-Agent: selenium/4.1.2 (java windows)
Content-Length: 79
Content-Type: application/json; charset=utf-8
host: localhost:49344
accept: */*

Response DefaultHttpResponse(decodeResult: success, version: HTTP/1.1)
HTTP/1.1 200 OK
Content-Type: application/json; charset=utf-8
cache-control: no-cache
content-length: 88

16:35:50.087 [AsyncHttpClient-1-6] DEBUG org.asynchttpclient.netty.channel.ChannelManager - Adding key: http://localhost:49344 for channel [id: 0x21edd247, L:/127.0.0.1:51186 - R:localhost/127.0.0.1:49344]
16:35:50.091 [Forwarding getElementTagName on session 9ad15b1dc5c44404e42838736dad36d3 to remote] DEBUG org.asynchttpclient.netty.request.NettyRequestSender - Using pooled Channel '[id: 0x21edd247, L:/127.0.0.1:51186 - R:localhost/127.0.0.1:49344]' for 'GET' to 'http://localhost:49344/session/9ad15b1dc5c44404e42838736dad36d3/element/c35adb84-0af7-460a-9a82-cb8861285438/name'
16:35:50.091 [Forwarding getElementTagName on session 9ad15b1dc5c44404e42838736dad36d3 to remote] DEBUG org.asynchttpclient.netty.request.NettyRequestSender - Using open Channel [id: 0x21edd247, L:/127.0.0.1:51186 - R:localhost/127.0.0.1:49344] for GET '/session/9ad15b1dc5c44404e42838736dad36d3/element/c35adb84-0af7-460a-9a82-cb8861285438/name'
16:35:50.100 [AsyncHttpClient-1-6] DEBUG org.asynchttpclient.netty.handler.HttpHandler - 

Request DefaultFullHttpRequest(decodeResult: success, version: HTTP/1.1, content: EmptyByteBufBE)
GET /session/9ad15b1dc5c44404e42838736dad36d3/element/c35adb84-0af7-460a-9a82-cb8861285438/name HTTP/1.1
User-Agent: selenium/4.1.2 (java windows)
Cache-Control: no-cache
Content-Type: application/json; charset=utf-8
host: localhost:49344
accept: */*

Response DefaultHttpResponse(decodeResult: success, version: HTTP/1.1)
HTTP/1.1 200 OK
Content-Type: application/json; charset=utf-8
cache-control: no-cache
content-length: 15

16:35:50.100 [AsyncHttpClient-1-6] DEBUG org.asynchttpclient.netty.channel.ChannelManager - Adding key: http://localhost:49344 for channel [id: 0x21edd247, L:/127.0.0.1:51186 - R:localhost/127.0.0.1:49344]
16:35:50.102 [Forwarding getElementTagName on session 9ad15b1dc5c44404e42838736dad36d3 to remote] DEBUG org.asynchttpclient.netty.request.NettyRequestSender - Using pooled Channel '[id: 0x21edd247, L:/127.0.0.1:51186 - R:localhost/127.0.0.1:49344]' for 'GET' to 'http://localhost:49344/session/9ad15b1dc5c44404e42838736dad36d3/element/c35adb84-0af7-460a-9a82-cb8861285438/name'
16:35:50.102 [Forwarding getElementTagName on session 9ad15b1dc5c44404e42838736dad36d3 to remote] DEBUG org.asynchttpclient.netty.request.NettyRequestSender - Using open Channel [id: 0x21edd247, L:/127.0.0.1:51186 - R:localhost/127.0.0.1:49344] for GET '/session/9ad15b1dc5c44404e42838736dad36d3/element/c35adb84-0af7-460a-9a82-cb8861285438/name'
16:35:50.107 [AsyncHttpClient-1-6] DEBUG org.asynchttpclient.netty.handler.HttpHandler - 

Request DefaultFullHttpRequest(decodeResult: success, version: HTTP/1.1, content: EmptyByteBufBE)
GET /session/9ad15b1dc5c44404e42838736dad36d3/element/c35adb84-0af7-460a-9a82-cb8861285438/name HTTP/1.1
User-Agent: selenium/4.1.2 (java windows)
Cache-Control: no-cache
Content-Type: application/json; charset=utf-8
host: localhost:49344
accept: */*

Response DefaultHttpResponse(decodeResult: success, version: HTTP/1.1)
HTTP/1.1 200 OK
Content-Type: application/json; charset=utf-8
cache-control: no-cache
content-length: 15

16:35:50.107 [AsyncHttpClient-1-6] DEBUG org.asynchttpclient.netty.channel.ChannelManager - Adding key: http://localhost:49344 for channel [id: 0x21edd247, L:/127.0.0.1:51186 - R:localhost/127.0.0.1:49344]
16:35:50.109 [Forwarding findElement on session 9ad15b1dc5c44404e42838736dad36d3 to remote] DEBUG org.asynchttpclient.netty.request.NettyRequestSender - Using pooled Channel '[id: 0x21edd247, L:/127.0.0.1:51186 - R:localhost/127.0.0.1:49344]' for 'POST' to 'http://localhost:49344/session/9ad15b1dc5c44404e42838736dad36d3/element'
16:35:50.110 [Forwarding findElement on session 9ad15b1dc5c44404e42838736dad36d3 to remote] DEBUG org.asynchttpclient.netty.request.NettyRequestSender - Using open Channel [id: 0x21edd247, L:/127.0.0.1:51186 - R:localhost/127.0.0.1:49344] for POST '/session/9ad15b1dc5c44404e42838736dad36d3/element'
16:35:50.120 [AsyncHttpClient-1-6] DEBUG org.asynchttpclient.netty.handler.HttpHandler - 

Request DefaultHttpRequest(decodeResult: success, version: HTTP/1.1)
POST /session/9ad15b1dc5c44404e42838736dad36d3/element HTTP/1.1
User-Agent: selenium/4.1.2 (java windows)
Content-Length: 79
Content-Type: application/json; charset=utf-8
host: localhost:49344
accept: */*

Response DefaultHttpResponse(decodeResult: success, version: HTTP/1.1)
HTTP/1.1 200 OK
Content-Type: application/json; charset=utf-8
cache-control: no-cache
content-length: 88

16:35:50.120 [AsyncHttpClient-1-6] DEBUG org.asynchttpclient.netty.channel.ChannelManager - Adding key: http://localhost:49344 for channel [id: 0x21edd247, L:/127.0.0.1:51186 - R:localhost/127.0.0.1:49344]
16:35:50.121 [Forwarding clickElement on session 9ad15b1dc5c44404e42838736dad36d3 to remote] DEBUG org.asynchttpclient.netty.request.NettyRequestSender - Using pooled Channel '[id: 0x21edd247, L:/127.0.0.1:51186 - R:localhost/127.0.0.1:49344]' for 'POST' to 'http://localhost:49344/session/9ad15b1dc5c44404e42838736dad36d3/element/c35adb84-0af7-460a-9a82-cb8861285438/click'
16:35:50.121 [Forwarding clickElement on session 9ad15b1dc5c44404e42838736dad36d3 to remote] DEBUG org.asynchttpclient.netty.request.NettyRequestSender - Using open Channel [id: 0x21edd247, L:/127.0.0.1:51186 - R:localhost/127.0.0.1:49344] for POST '/session/9ad15b1dc5c44404e42838736dad36d3/element/c35adb84-0af7-460a-9a82-cb8861285438/click'
16:35:50.382 [AsyncHttpClient-1-6] DEBUG org.asynchttpclient.netty.handler.HttpHandler - 

Request DefaultHttpRequest(decodeResult: success, version: HTTP/1.1)
POST /session/9ad15b1dc5c44404e42838736dad36d3/element/c35adb84-0af7-460a-9a82-cb8861285438/click HTTP/1.1
User-Agent: selenium/4.1.2 (java windows)
Content-Length: 50
Content-Type: application/json; charset=utf-8
host: localhost:49344
accept: */*

Response DefaultHttpResponse(decodeResult: success, version: HTTP/1.1)
HTTP/1.1 200 OK
Content-Type: application/json; charset=utf-8
cache-control: no-cache
content-length: 14

16:35:50.382 [AsyncHttpClient-1-6] DEBUG org.asynchttpclient.netty.channel.ChannelManager - Adding key: http://localhost:49344 for channel [id: 0x21edd247, L:/127.0.0.1:51186 - R:localhost/127.0.0.1:49344]
16:35:50.393 [Forwarding screenshot on session 9ad15b1dc5c44404e42838736dad36d3 to remote] DEBUG org.asynchttpclient.netty.request.NettyRequestSender - Using pooled Channel '[id: 0x21edd247, L:/127.0.0.1:51186 - R:localhost/127.0.0.1:49344]' for 'GET' to 'http://localhost:49344/session/9ad15b1dc5c44404e42838736dad36d3/screenshot'
16:35:50.393 [Forwarding screenshot on session 9ad15b1dc5c44404e42838736dad36d3 to remote] DEBUG org.asynchttpclient.netty.request.NettyRequestSender - Using open Channel [id: 0x21edd247, L:/127.0.0.1:51186 - R:localhost/127.0.0.1:49344] for GET '/session/9ad15b1dc5c44404e42838736dad36d3/screenshot'
16:35:50.439 [AsyncHttpClient-1-1] DEBUG org.asynchttpclient.netty.channel.DefaultChannelPool - Entry count for : http://localhost:51187 : 1
16:35:50.529 [AsyncHttpClient-1-6] DEBUG org.asynchttpclient.netty.handler.HttpHandler - 

Request DefaultFullHttpRequest(decodeResult: success, version: HTTP/1.1, content: EmptyByteBufBE)
GET /session/9ad15b1dc5c44404e42838736dad36d3/screenshot HTTP/1.1
User-Agent: selenium/4.1.2 (java windows)
Cache-Control: no-cache
Content-Type: application/json; charset=utf-8
host: localhost:49344
accept: */*

Response DefaultHttpResponse(decodeResult: success, version: HTTP/1.1)
HTTP/1.1 200 OK
Content-Type: application/json; charset=utf-8
cache-control: no-cache
content-length: 56216

16:35:50.530 [AsyncHttpClient-1-6] DEBUG org.asynchttpclient.netty.channel.ChannelManager - Adding key: http://localhost:49344 for channel [id: 0x21edd247, L:/127.0.0.1:51186 - R:localhost/127.0.0.1:49344]
16:35:50.534 [main] DEBUG net.serenitybdd.core.photography.Darkroom - Send negative for processing for target\site\serenity\93bcc9a7e51fe36df2bb0ee95da8b9e15460ad67a465a8def437a77fe40a1b48.png
16:35:50.534 [main] DEBUG net.thucydides.core.steps.StepInterceptor - STEP DONE: clickMenuDoctorButton
  &amp#27;[32mAnd &amp#27;[0m&amp#27;[32mI click menu doctor&amp#27;[0m                            &amp#27;[90m# starter.stepdefinitions.DoctorSteps.iClickMenuDoctor()&amp#27;[0m
16:35:50.552 [Forwarding findElement on session 9ad15b1dc5c44404e42838736dad36d3 to remote] DEBUG org.asynchttpclient.netty.request.NettyRequestSender - Using pooled Channel '[id: 0x21edd247, L:/127.0.0.1:51186 - R:localhost/127.0.0.1:49344]' for 'POST' to 'http://localhost:49344/session/9ad15b1dc5c44404e42838736dad36d3/element'
16:35:50.552 [Forwarding findElement on session 9ad15b1dc5c44404e42838736dad36d3 to remote] DEBUG org.asynchttpclient.netty.request.NettyRequestSender - Using open Channel [id: 0x21edd247, L:/127.0.0.1:51186 - R:localhost/127.0.0.1:49344] for POST '/session/9ad15b1dc5c44404e42838736dad36d3/element'
16:35:50.570 [AsyncHttpClient-1-6] DEBUG org.asynchttpclient.netty.handler.HttpHandler - 

Request DefaultHttpRequest(decodeResult: success, version: HTTP/1.1)
POST /session/9ad15b1dc5c44404e42838736dad36d3/element HTTP/1.1
User-Agent: selenium/4.1.2 (java windows)
Content-Length: 160
Content-Type: application/json; charset=utf-8
host: localhost:49344
accept: */*

Response DefaultHttpResponse(decodeResult: success, version: HTTP/1.1)
HTTP/1.1 200 OK
Content-Type: application/json; charset=utf-8
cache-control: no-cache
content-length: 88

16:35:50.571 [AsyncHttpClient-1-6] DEBUG org.asynchttpclient.netty.channel.ChannelManager - Adding key: http://localhost:49344 for channel [id: 0x21edd247, L:/127.0.0.1:51186 - R:localhost/127.0.0.1:49344]
16:35:50.572 [Forwarding clearElement on session 9ad15b1dc5c44404e42838736dad36d3 to remote] DEBUG org.asynchttpclient.netty.request.NettyRequestSender - Using pooled Channel '[id: 0x21edd247, L:/127.0.0.1:51186 - R:localhost/127.0.0.1:49344]' for 'POST' to 'http://localhost:49344/session/9ad15b1dc5c44404e42838736dad36d3/element/38db11d7-f1c0-41b7-92e6-0647152e8ebb/clear'
16:35:50.572 [Forwarding clearElement on session 9ad15b1dc5c44404e42838736dad36d3 to remote] DEBUG org.asynchttpclient.netty.request.NettyRequestSender - Using open Channel [id: 0x21edd247, L:/127.0.0.1:51186 - R:localhost/127.0.0.1:49344] for POST '/session/9ad15b1dc5c44404e42838736dad36d3/element/38db11d7-f1c0-41b7-92e6-0647152e8ebb/clear'
16:35:50.637 [AsyncHttpClient-1-6] DEBUG org.asynchttpclient.netty.handler.HttpHandler - 

Request DefaultHttpRequest(decodeResult: success, version: HTTP/1.1)
POST /session/9ad15b1dc5c44404e42838736dad36d3/element/38db11d7-f1c0-41b7-92e6-0647152e8ebb/clear HTTP/1.1
User-Agent: selenium/4.1.2 (java windows)
Content-Length: 50
Content-Type: application/json; charset=utf-8
host: localhost:49344
accept: */*

Response DefaultHttpResponse(decodeResult: success, version: HTTP/1.1)
HTTP/1.1 200 OK
Content-Type: application/json; charset=utf-8
cache-control: no-cache
content-length: 14

16:35:50.637 [AsyncHttpClient-1-6] DEBUG org.asynchttpclient.netty.channel.ChannelManager - Adding key: http://localhost:49344 for channel [id: 0x21edd247, L:/127.0.0.1:51186 - R:localhost/127.0.0.1:49344]
16:35:50.640 [Forwarding sendKeysToElement on session 9ad15b1dc5c44404e42838736dad36d3 to remote] DEBUG org.asynchttpclient.netty.request.NettyRequestSender - Using pooled Channel '[id: 0x21edd247, L:/127.0.0.1:51186 - R:localhost/127.0.0.1:49344]' for 'POST' to 'http://localhost:49344/session/9ad15b1dc5c44404e42838736dad36d3/element/38db11d7-f1c0-41b7-92e6-0647152e8ebb/value'
16:35:50.640 [Forwarding sendKeysToElement on session 9ad15b1dc5c44404e42838736dad36d3 to remote] DEBUG org.asynchttpclient.netty.request.NettyRequestSender - Using open Channel [id: 0x21edd247, L:/127.0.0.1:51186 - R:localhost/127.0.0.1:49344] for POST '/session/9ad15b1dc5c44404e42838736dad36d3/element/38db11d7-f1c0-41b7-92e6-0647152e8ebb/value'
16:35:50.798 [AsyncHttpClient-1-6] DEBUG org.asynchttpclient.netty.handler.HttpHandler - 

Request DefaultHttpRequest(decodeResult: success, version: HTTP/1.1)
POST /session/9ad15b1dc5c44404e42838736dad36d3/element/38db11d7-f1c0-41b7-92e6-0647152e8ebb/value HTTP/1.1
User-Agent: selenium/4.1.2 (java windows)
Content-Length: 91
Content-Type: application/json; charset=utf-8
host: localhost:49344
accept: */*

Response DefaultHttpResponse(decodeResult: success, version: HTTP/1.1)
HTTP/1.1 200 OK
Content-Type: application/json; charset=utf-8
cache-control: no-cache
content-length: 14

16:35:50.798 [AsyncHttpClient-1-6] DEBUG org.asynchttpclient.netty.channel.ChannelManager - Adding key: http://localhost:49344 for channel [id: 0x21edd247, L:/127.0.0.1:51186 - R:localhost/127.0.0.1:49344]
16:35:50.812 [Forwarding screenshot on session 9ad15b1dc5c44404e42838736dad36d3 to remote] DEBUG org.asynchttpclient.netty.request.NettyRequestSender - Using pooled Channel '[id: 0x21edd247, L:/127.0.0.1:51186 - R:localhost/127.0.0.1:49344]' for 'GET' to 'http://localhost:49344/session/9ad15b1dc5c44404e42838736dad36d3/screenshot'
16:35:50.813 [Forwarding screenshot on session 9ad15b1dc5c44404e42838736dad36d3 to remote] DEBUG org.asynchttpclient.netty.request.NettyRequestSender - Using open Channel [id: 0x21edd247, L:/127.0.0.1:51186 - R:localhost/127.0.0.1:49344] for GET '/session/9ad15b1dc5c44404e42838736dad36d3/screenshot'
16:35:50.968 [AsyncHttpClient-1-6] DEBUG org.asynchttpclient.netty.handler.HttpHandler - 

Request DefaultFullHttpRequest(decodeResult: success, version: HTTP/1.1, content: EmptyByteBufBE)
GET /session/9ad15b1dc5c44404e42838736dad36d3/screenshot HTTP/1.1
User-Agent: selenium/4.1.2 (java windows)
Cache-Control: no-cache
Content-Type: application/json; charset=utf-8
host: localhost:49344
accept: */*

Response DefaultHttpResponse(decodeResult: success, version: HTTP/1.1)
HTTP/1.1 200 OK
Content-Type: application/json; charset=utf-8
cache-control: no-cache
content-length: 54868

16:35:50.969 [AsyncHttpClient-1-6] DEBUG org.asynchttpclient.netty.channel.ChannelManager - Adding key: http://localhost:49344 for channel [id: 0x21edd247, L:/127.0.0.1:51186 - R:localhost/127.0.0.1:49344]
16:35:50.973 [main] DEBUG net.serenitybdd.core.photography.Darkroom - Send negative for processing for target\site\serenity\914a82a15d26c40fb7f9c44915a8f498639c8a4ad1e064b5e2015c19770dda69.png
16:35:50.973 [main] DEBUG net.thucydides.core.steps.StepInterceptor - STARTING STEP: DoctorSteps.iInputDoctorNIDAndClickSearch - clickSearchButton
16:35:50.973 [Darkroom Processing Line] DEBUG net.serenitybdd.core.photography.DarkroomProcessingLine - Processing screenshot image in /var/screenshots/screenshot-9000942297048248116
16:35:50.973 [Darkroom Processing Line] DEBUG net.serenitybdd.core.photography.DarkroomProcessingLine - Saving screenshot to target\site\serenity\914a82a15d26c40fb7f9c44915a8f498639c8a4ad1e064b5e2015c19770dda69.png
16:35:50.978 [Forwarding findElement on session 9ad15b1dc5c44404e42838736dad36d3 to remote] DEBUG org.asynchttpclient.netty.request.NettyRequestSender - Using pooled Channel '[id: 0x21edd247, L:/127.0.0.1:51186 - R:localhost/127.0.0.1:49344]' for 'POST' to 'http://localhost:49344/session/9ad15b1dc5c44404e42838736dad36d3/element'
16:35:50.978 [Forwarding findElement on session 9ad15b1dc5c44404e42838736dad36d3 to remote] DEBUG org.asynchttpclient.netty.request.NettyRequestSender - Using open Channel [id: 0x21edd247, L:/127.0.0.1:51186 - R:localhost/127.0.0.1:49344] for POST '/session/9ad15b1dc5c44404e42838736dad36d3/element'
16:35:50.999 [AsyncHttpClient-1-6] DEBUG org.asynchttpclient.netty.handler.HttpHandler - 

Request DefaultHttpRequest(decodeResult: success, version: HTTP/1.1)
POST /session/9ad15b1dc5c44404e42838736dad36d3/element HTTP/1.1
User-Agent: selenium/4.1.2 (java windows)
Content-Length: 161
Content-Type: application/json; charset=utf-8
host: localhost:49344
accept: */*

Response DefaultHttpResponse(decodeResult: success, version: HTTP/1.1)
HTTP/1.1 200 OK
Content-Type: application/json; charset=utf-8
cache-control: no-cache
content-length: 88

16:35:50.999 [AsyncHttpClient-1-6] DEBUG org.asynchttpclient.netty.channel.ChannelManager - Adding key: http://localhost:49344 for channel [id: 0x21edd247, L:/127.0.0.1:51186 - R:localhost/127.0.0.1:49344]
16:35:51.000 [Forwarding getElementTagName on session 9ad15b1dc5c44404e42838736dad36d3 to remote] DEBUG org.asynchttpclient.netty.request.NettyRequestSender - Using pooled Channel '[id: 0x21edd247, L:/127.0.0.1:51186 - R:localhost/127.0.0.1:49344]' for 'GET' to 'http://localhost:49344/session/9ad15b1dc5c44404e42838736dad36d3/element/03f4140d-dde5-4b22-b1fa-c1d1990963c6/name'
16:35:51.000 [Forwarding getElementTagName on session 9ad15b1dc5c44404e42838736dad36d3 to remote] DEBUG org.asynchttpclient.netty.request.NettyRequestSender - Using open Channel [id: 0x21edd247, L:/127.0.0.1:51186 - R:localhost/127.0.0.1:49344] for GET '/session/9ad15b1dc5c44404e42838736dad36d3/element/03f4140d-dde5-4b22-b1fa-c1d1990963c6/name'
16:35:51.007 [AsyncHttpClient-1-6] DEBUG org.asynchttpclient.netty.handler.HttpHandler - 

Request DefaultFullHttpRequest(decodeResult: success, version: HTTP/1.1, content: EmptyByteBufBE)
GET /session/9ad15b1dc5c44404e42838736dad36d3/element/03f4140d-dde5-4b22-b1fa-c1d1990963c6/name HTTP/1.1
User-Agent: selenium/4.1.2 (java windows)
Cache-Control: no-cache
Content-Type: application/json; charset=utf-8
host: localhost:49344
accept: */*

Response DefaultHttpResponse(decodeResult: success, version: HTTP/1.1)
HTTP/1.1 200 OK
Content-Type: application/json; charset=utf-8
cache-control: no-cache
content-length: 18

16:35:51.007 [AsyncHttpClient-1-6] DEBUG org.asynchttpclient.netty.channel.ChannelManager - Adding key: http://localhost:49344 for channel [id: 0x21edd247, L:/127.0.0.1:51186 - R:localhost/127.0.0.1:49344]
16:35:51.008 [Forwarding getElementTagName on session 9ad15b1dc5c44404e42838736dad36d3 to remote] DEBUG org.asynchttpclient.netty.request.NettyRequestSender - Using pooled Channel '[id: 0x21edd247, L:/127.0.0.1:51186 - R:localhost/127.0.0.1:49344]' for 'GET' to 'http://localhost:49344/session/9ad15b1dc5c44404e42838736dad36d3/element/03f4140d-dde5-4b22-b1fa-c1d1990963c6/name'
16:35:51.008 [Forwarding getElementTagName on session 9ad15b1dc5c44404e42838736dad36d3 to remote] DEBUG org.asynchttpclient.netty.request.NettyRequestSender - Using open Channel [id: 0x21edd247, L:/127.0.0.1:51186 - R:localhost/127.0.0.1:49344] for GET '/session/9ad15b1dc5c44404e42838736dad36d3/element/03f4140d-dde5-4b22-b1fa-c1d1990963c6/name'
16:35:51.013 [AsyncHttpClient-1-6] DEBUG org.asynchttpclient.netty.handler.HttpHandler - 

Request DefaultFullHttpRequest(decodeResult: success, version: HTTP/1.1, content: EmptyByteBufBE)
GET /session/9ad15b1dc5c44404e42838736dad36d3/element/03f4140d-dde5-4b22-b1fa-c1d1990963c6/name HTTP/1.1
User-Agent: selenium/4.1.2 (java windows)
Cache-Control: no-cache
Content-Type: application/json; charset=utf-8
host: localhost:49344
accept: */*

Response DefaultHttpResponse(decodeResult: success, version: HTTP/1.1)
HTTP/1.1 200 OK
Content-Type: application/json; charset=utf-8
cache-control: no-cache
content-length: 18

16:35:51.013 [AsyncHttpClient-1-6] DEBUG org.asynchttpclient.netty.channel.ChannelManager - Adding key: http://localhost:49344 for channel [id: 0x21edd247, L:/127.0.0.1:51186 - R:localhost/127.0.0.1:49344]
16:35:51.016 [Forwarding isElementEnabled on session 9ad15b1dc5c44404e42838736dad36d3 to remote] DEBUG org.asynchttpclient.netty.request.NettyRequestSender - Using pooled Channel '[id: 0x21edd247, L:/127.0.0.1:51186 - R:localhost/127.0.0.1:49344]' for 'GET' to 'http://localhost:49344/session/9ad15b1dc5c44404e42838736dad36d3/element/03f4140d-dde5-4b22-b1fa-c1d1990963c6/enabled'
16:35:51.016 [Forwarding isElementEnabled on session 9ad15b1dc5c44404e42838736dad36d3 to remote] DEBUG org.asynchttpclient.netty.request.NettyRequestSender - Using open Channel [id: 0x21edd247, L:/127.0.0.1:51186 - R:localhost/127.0.0.1:49344] for GET '/session/9ad15b1dc5c44404e42838736dad36d3/element/03f4140d-dde5-4b22-b1fa-c1d1990963c6/enabled'
16:35:51.032 [AsyncHttpClient-1-6] DEBUG org.asynchttpclient.netty.handler.HttpHandler - 

Request DefaultFullHttpRequest(decodeResult: success, version: HTTP/1.1, content: EmptyByteBufBE)
GET /session/9ad15b1dc5c44404e42838736dad36d3/element/03f4140d-dde5-4b22-b1fa-c1d1990963c6/enabled HTTP/1.1
User-Agent: selenium/4.1.2 (java windows)
Cache-Control: no-cache
Content-Type: application/json; charset=utf-8
host: localhost:49344
accept: */*

Response DefaultHttpResponse(decodeResult: success, version: HTTP/1.1)
HTTP/1.1 200 OK
Content-Type: application/json; charset=utf-8
cache-control: no-cache
content-length: 14

16:35:51.032 [AsyncHttpClient-1-6] DEBUG org.asynchttpclient.netty.channel.ChannelManager - Adding key: http://localhost:49344 for channel [id: 0x21edd247, L:/127.0.0.1:51186 - R:localhost/127.0.0.1:49344]
16:35:51.035 [Forwarding isElementEnabled on session 9ad15b1dc5c44404e42838736dad36d3 to remote] DEBUG org.asynchttpclient.netty.request.NettyRequestSender - Using pooled Channel '[id: 0x21edd247, L:/127.0.0.1:51186 - R:localhost/127.0.0.1:49344]' for 'GET' to 'http://localhost:49344/session/9ad15b1dc5c44404e42838736dad36d3/element/03f4140d-dde5-4b22-b1fa-c1d1990963c6/enabled'
16:35:51.035 [Forwarding isElementEnabled on session 9ad15b1dc5c44404e42838736dad36d3 to remote] DEBUG org.asynchttpclient.netty.request.NettyRequestSender - Using open Channel [id: 0x21edd247, L:/127.0.0.1:51186 - R:localhost/127.0.0.1:49344] for GET '/session/9ad15b1dc5c44404e42838736dad36d3/element/03f4140d-dde5-4b22-b1fa-c1d1990963c6/enabled'
16:35:51.045 [AsyncHttpClient-1-6] DEBUG org.asynchttpclient.netty.handler.HttpHandler - 

Request DefaultFullHttpRequest(decodeResult: success, version: HTTP/1.1, content: EmptyByteBufBE)
GET /session/9ad15b1dc5c44404e42838736dad36d3/element/03f4140d-dde5-4b22-b1fa-c1d1990963c6/enabled HTTP/1.1
User-Agent: selenium/4.1.2 (java windows)
Cache-Control: no-cache
Content-Type: application/json; charset=utf-8
host: localhost:49344
accept: */*

Response DefaultHttpResponse(decodeResult: success, version: HTTP/1.1)
HTTP/1.1 200 OK
Content-Type: application/json; charset=utf-8
cache-control: no-cache
content-length: 14

16:35:51.045 [AsyncHttpClient-1-6] DEBUG org.asynchttpclient.netty.channel.ChannelManager - Adding key: http://localhost:49344 for channel [id: 0x21edd247, L:/127.0.0.1:51186 - R:localhost/127.0.0.1:49344]
16:35:51.047 [Forwarding findElement on session 9ad15b1dc5c44404e42838736dad36d3 to remote] DEBUG org.asynchttpclient.netty.request.NettyRequestSender - Using pooled Channel '[id: 0x21edd247, L:/127.0.0.1:51186 - R:localhost/127.0.0.1:49344]' for 'POST' to 'http://localhost:49344/session/9ad15b1dc5c44404e42838736dad36d3/element'
16:35:51.047 [Forwarding findElement on session 9ad15b1dc5c44404e42838736dad36d3 to remote] DEBUG org.asynchttpclient.netty.request.NettyRequestSender - Using open Channel [id: 0x21edd247, L:/127.0.0.1:51186 - R:localhost/127.0.0.1:49344] for POST '/session/9ad15b1dc5c44404e42838736dad36d3/element'
16:35:51.061 [AsyncHttpClient-1-6] DEBUG org.asynchttpclient.netty.handler.HttpHandler - 

Request DefaultHttpRequest(decodeResult: success, version: HTTP/1.1)
POST /session/9ad15b1dc5c44404e42838736dad36d3/element HTTP/1.1
User-Agent: selenium/4.1.2 (java windows)
Content-Length: 161
Content-Type: application/json; charset=utf-8
host: localhost:49344
accept: */*

Response DefaultHttpResponse(decodeResult: success, version: HTTP/1.1)
HTTP/1.1 200 OK
Content-Type: application/json; charset=utf-8
cache-control: no-cache
content-length: 88

16:35:51.061 [AsyncHttpClient-1-6] DEBUG org.asynchttpclient.netty.channel.ChannelManager - Adding key: http://localhost:49344 for channel [id: 0x21edd247, L:/127.0.0.1:51186 - R:localhost/127.0.0.1:49344]
16:35:51.062 [Forwarding clickElement on session 9ad15b1dc5c44404e42838736dad36d3 to remote] DEBUG org.asynchttpclient.netty.request.NettyRequestSender - Using pooled Channel '[id: 0x21edd247, L:/127.0.0.1:51186 - R:localhost/127.0.0.1:49344]' for 'POST' to 'http://localhost:49344/session/9ad15b1dc5c44404e42838736dad36d3/element/03f4140d-dde5-4b22-b1fa-c1d1990963c6/click'
16:35:51.062 [Forwarding clickElement on session 9ad15b1dc5c44404e42838736dad36d3 to remote] DEBUG org.asynchttpclient.netty.request.NettyRequestSender - Using open Channel [id: 0x21edd247, L:/127.0.0.1:51186 - R:localhost/127.0.0.1:49344] for POST '/session/9ad15b1dc5c44404e42838736dad36d3/element/03f4140d-dde5-4b22-b1fa-c1d1990963c6/click'
16:35:51.184 [AsyncHttpClient-1-6] DEBUG org.asynchttpclient.netty.handler.HttpHandler - 

Request DefaultHttpRequest(decodeResult: success, version: HTTP/1.1)
POST /session/9ad15b1dc5c44404e42838736dad36d3/element/03f4140d-dde5-4b22-b1fa-c1d1990963c6/click HTTP/1.1
User-Agent: selenium/4.1.2 (java windows)
Content-Length: 50
Content-Type: application/json; charset=utf-8
host: localhost:49344
accept: */*

Response DefaultHttpResponse(decodeResult: success, version: HTTP/1.1)
HTTP/1.1 200 OK
Content-Type: application/json; charset=utf-8
cache-control: no-cache
content-length: 14

16:35:51.184 [AsyncHttpClient-1-6] DEBUG org.asynchttpclient.netty.channel.ChannelManager - Adding key: http://localhost:49344 for channel [id: 0x21edd247, L:/127.0.0.1:51186 - R:localhost/127.0.0.1:49344]
16:35:51.198 [Forwarding screenshot on session 9ad15b1dc5c44404e42838736dad36d3 to remote] DEBUG org.asynchttpclient.netty.request.NettyRequestSender - Using pooled Channel '[id: 0x21edd247, L:/127.0.0.1:51186 - R:localhost/127.0.0.1:49344]' for 'GET' to 'http://localhost:49344/session/9ad15b1dc5c44404e42838736dad36d3/screenshot'
16:35:51.198 [Forwarding screenshot on session 9ad15b1dc5c44404e42838736dad36d3 to remote] DEBUG org.asynchttpclient.netty.request.NettyRequestSender - Using open Channel [id: 0x21edd247, L:/127.0.0.1:51186 - R:localhost/127.0.0.1:49344] for GET '/session/9ad15b1dc5c44404e42838736dad36d3/screenshot'
16:35:51.477 [AsyncHttpClient-1-6] DEBUG org.asynchttpclient.netty.handler.HttpHandler - 

Request DefaultFullHttpRequest(decodeResult: success, version: HTTP/1.1, content: EmptyByteBufBE)
GET /session/9ad15b1dc5c44404e42838736dad36d3/screenshot HTTP/1.1
User-Agent: selenium/4.1.2 (java windows)
Cache-Control: no-cache
Content-Type: application/json; charset=utf-8
host: localhost:49344
accept: */*

Response DefaultHttpResponse(decodeResult: success, version: HTTP/1.1)
HTTP/1.1 200 OK
Content-Type: application/json; charset=utf-8
cache-control: no-cache
content-length: 91508

16:35:51.477 [AsyncHttpClient-1-6] DEBUG org.asynchttpclient.netty.channel.ChannelManager - Adding key: http://localhost:49344 for channel [id: 0x21edd247, L:/127.0.0.1:51186 - R:localhost/127.0.0.1:49344]
16:35:51.483 [main] DEBUG net.serenitybdd.core.photography.Darkroom - Send negative for processing for target\site\serenity\4aa3a152536ca08b40912db54b2dbadeb711a5f5886f1652a0cb862261eb625c.png
16:35:51.483 [main] DEBUG net.thucydides.core.steps.StepInterceptor - STEP DONE: clickSearchButton
  &amp#27;[32mWhen &amp#27;[0m&amp#27;[32mI input doctor NID and click search&amp#27;[0m           &amp#27;[90m# starter.stepdefinitions.DoctorSteps.iInputDoctorNIDAndClickSearch()&amp#27;[0m
16:35:51.483 [Darkroom Processing Line] DEBUG net.serenitybdd.core.photography.DarkroomProcessingLine - Processing screenshot image in /var/screenshots/screenshot-11753497977123998709
16:35:51.483 [Darkroom Processing Line] DEBUG net.serenitybdd.core.photography.DarkroomProcessingLine - Saving screenshot to target\site\serenity\4aa3a152536ca08b40912db54b2dbadeb711a5f5886f1652a0cb862261eb625c.png
16:35:51.505 [Forwarding findElement on session 9ad15b1dc5c44404e42838736dad36d3 to remote] DEBUG org.asynchttpclient.netty.request.NettyRequestSender - Using pooled Channel '[id: 0x21edd247, L:/127.0.0.1:51186 - R:localhost/127.0.0.1:49344]' for 'POST' to 'http://localhost:49344/session/9ad15b1dc5c44404e42838736dad36d3/element'
16:35:51.505 [Forwarding findElement on session 9ad15b1dc5c44404e42838736dad36d3 to remote] DEBUG org.asynchttpclient.netty.request.NettyRequestSender - Using open Channel [id: 0x21edd247, L:/127.0.0.1:51186 - R:localhost/127.0.0.1:49344] for POST '/session/9ad15b1dc5c44404e42838736dad36d3/element'
16:35:51.526 [AsyncHttpClient-1-6] DEBUG org.asynchttpclient.netty.handler.HttpHandler - 

Request DefaultHttpRequest(decodeResult: success, version: HTTP/1.1)
POST /session/9ad15b1dc5c44404e42838736dad36d3/element HTTP/1.1
User-Agent: selenium/4.1.2 (java windows)
Content-Length: 73
Content-Type: application/json; charset=utf-8
host: localhost:49344
accept: */*

Response DefaultHttpResponse(decodeResult: success, version: HTTP/1.1)
HTTP/1.1 200 OK
Content-Type: application/json; charset=utf-8
cache-control: no-cache
content-length: 88

16:35:51.527 [AsyncHttpClient-1-6] DEBUG org.asynchttpclient.netty.channel.ChannelManager - Adding key: http://localhost:49344 for channel [id: 0x21edd247, L:/127.0.0.1:51186 - R:localhost/127.0.0.1:49344]
16:35:51.532 [Forwarding isElementDisplayed on session 9ad15b1dc5c44404e42838736dad36d3 to remote] DEBUG org.asynchttpclient.netty.request.NettyRequestSender - Using pooled Channel '[id: 0x21edd247, L:/127.0.0.1:51186 - R:localhost/127.0.0.1:49344]' for 'POST' to 'http://localhost:49344/session/9ad15b1dc5c44404e42838736dad36d3/execute/sync'
16:35:51.532 [Forwarding isElementDisplayed on session 9ad15b1dc5c44404e42838736dad36d3 to remote] DEBUG org.asynchttpclient.netty.request.NettyRequestSender - Using open Channel [id: 0x21edd247, L:/127.0.0.1:51186 - R:localhost/127.0.0.1:49344] for POST '/session/9ad15b1dc5c44404e42838736dad36d3/execute/sync'
16:35:51.543 [AsyncHttpClient-1-1] DEBUG org.asynchttpclient.netty.channel.DefaultChannelPool - Entry count for : http://localhost:51187 : 1
16:35:51.560 [AsyncHttpClient-1-6] DEBUG org.asynchttpclient.netty.handler.HttpHandler - 

Request DefaultHttpRequest(decodeResult: success, version: HTTP/1.1)
POST /session/9ad15b1dc5c44404e42838736dad36d3/execute/sync HTTP/1.1
User-Agent: selenium/4.1.2 (java windows)
Content-Length: 48780
Content-Type: application/json; charset=utf-8
host: localhost:49344
accept: */*

Response DefaultHttpResponse(decodeResult: success, version: HTTP/1.1)
HTTP/1.1 200 OK
Content-Type: application/json; charset=utf-8
cache-control: no-cache
content-length: 14

16:35:51.560 [AsyncHttpClient-1-6] DEBUG org.asynchttpclient.netty.channel.ChannelManager - Adding key: http://localhost:49344 for channel [id: 0x21edd247, L:/127.0.0.1:51186 - R:localhost/127.0.0.1:49344]
  &amp#27;[32mThen &amp#27;[0m&amp#27;[32mI validate search by doctor NID&amp#27;[0m               &amp#27;[90m# starter.stepdefinitions.DoctorSteps.iValidateSearchByDoctorNID()&amp#27;[0m
16:35:51.568 [Forwarding screenshot on session 9ad15b1dc5c44404e42838736dad36d3 to remote] DEBUG org.asynchttpclient.netty.request.NettyRequestSender - Using pooled Channel '[id: 0x21edd247, L:/127.0.0.1:51186 - R:localhost/127.0.0.1:49344]' for 'GET' to 'http://localhost:49344/session/9ad15b1dc5c44404e42838736dad36d3/screenshot'
16:35:51.568 [Forwarding screenshot on session 9ad15b1dc5c44404e42838736dad36d3 to remote] DEBUG org.asynchttpclient.netty.request.NettyRequestSender - Using open Channel [id: 0x21edd247, L:/127.0.0.1:51186 - R:localhost/127.0.0.1:49344] for GET '/session/9ad15b1dc5c44404e42838736dad36d3/screenshot'
16:35:51.721 [AsyncHttpClient-1-6] DEBUG org.asynchttpclient.netty.handler.HttpHandler - 

Request DefaultFullHttpRequest(decodeResult: success, version: HTTP/1.1, content: EmptyByteBufBE)
GET /session/9ad15b1dc5c44404e42838736dad36d3/screenshot HTTP/1.1
User-Agent: selenium/4.1.2 (java windows)
Cache-Control: no-cache
Content-Type: application/json; charset=utf-8
host: localhost:49344
accept: */*

Response DefaultHttpResponse(decodeResult: success, version: HTTP/1.1)
HTTP/1.1 200 OK
Content-Type: application/json; charset=utf-8
cache-control: no-cache
content-length: 91192

16:35:51.722 [AsyncHttpClient-1-6] DEBUG org.asynchttpclient.netty.channel.ChannelManager - Adding key: http://localhost:49344 for channel [id: 0x21edd247, L:/127.0.0.1:51186 - R:localhost/127.0.0.1:49344]
16:35:51.728 [main] DEBUG net.serenitybdd.core.photography.Darkroom - Send negative for processing for target\site\serenity\91d7c9da29c4c6857e1dac18cfbf78462089563878ac07ad9743a992ff3c722d.png
16:35:51.728 [Darkroom Processing Line] DEBUG net.serenitybdd.core.photography.DarkroomProcessingLine - Processing screenshot image in /var/screenshots/screenshot-15388662787225962734
16:35:51.728 [Darkroom Processing Line] DEBUG net.serenitybdd.core.photography.DarkroomProcessingLine - Saving screenshot to target\site\serenity\91d7c9da29c4c6857e1dac18cfbf78462089563878ac07ad9743a992ff3c722d.png
16:35:51.729 [main] INFO  - 
  _____   ___   ___   _____     ___     _     ___   ___   ___   ___  
 |_   _| | __| / __| |_   _|   | _ \   /_\   / __| / __| | __| |   \ 
   | |   | _|  \__ \   | |     |  _/  / _ \  \__ \ \__ \ | _|  | |) |
   |_|   |___| |___/   |_|     |_|   /_/ \_\ |___/ |___/ |___| |___/ 

Search Doctor Based on Doctor NID Scenario
----------------------------------------------------------------------
16:35:51.731 [AsyncHttpClient-1-8] DEBUG org.asynchttpclient.netty.handler.WebSocketHandler - Channel Closed: [id: 0x1abbadbf, L:/127.0.0.1:51193 ! R:localhost/127.0.0.1:51187] with attribute NettyResponseFuture{currentRetry=5,
	isDone=1,
	isCancelled=0,
	asyncHandler=org.asynchttpclient.ws.WebSocketUpgradeHandler@49c49ebf,
	nettyRequest=org.asynchttpclient.netty.request.NettyRequest@115bfda,
	future=java.util.concurrent.CompletableFuture@4e82237d[Completed normally],
	uri=ws://localhost:51187/devtools/browser/05d90c51-45db-4768-bb03-20b407f3f345,
	keepAlive=true,
	redirectCount=0,
	timeoutsHolder=null,
	inAuth=0,
	touch=1655717745780}
16:35:51.732 [AsyncHttpClient-1-8] DEBUG org.asynchttpclient.netty.channel.ChannelManager - Closing Channel [id: 0x1abbadbf, L:/127.0.0.1:51193 ! R:localhost/127.0.0.1:51187] 
16:35:51.732 [Driver Command Executor] DEBUG org.asynchttpclient.netty.request.NettyRequestSender - Using pooled Channel '[id: 0x21edd247, L:/127.0.0.1:51186 - R:localhost/127.0.0.1:49344]' for 'DELETE' to 'http://localhost:49344/session/9ad15b1dc5c44404e42838736dad36d3'
16:35:51.732 [Driver Command Executor] DEBUG org.asynchttpclient.netty.request.NettyRequestSender - Using open Channel [id: 0x21edd247, L:/127.0.0.1:51186 - R:localhost/127.0.0.1:49344] for DELETE '/session/9ad15b1dc5c44404e42838736dad36d3'
16:35:51.821 [AsyncHttpClient-1-7] DEBUG org.asynchttpclient.netty.handler.HttpHandler - Unexpected I/O exception on channel [id: 0xd4314a8c, L:/127.0.0.1:51192 - R:localhost/127.0.0.1:51187]
java.net.SocketException: Connection reset
	at java.base/sun.nio.ch.SocketChannelImpl.throwConnectionReset(SocketChannelImpl.java:367)
	at java.base/sun.nio.ch.SocketChannelImpl.read(SocketChannelImpl.java:398)
	at io.netty.buffer.PooledByteBuf.setBytes(PooledByteBuf.java:258)
	at io.netty.buffer.AbstractByteBuf.writeBytes(AbstractByteBuf.java:1132)
	at io.netty.channel.socket.nio.NioSocketChannel.doReadBytes(NioSocketChannel.java:350)
	at io.netty.channel.nio.AbstractNioByteChannel$NioByteUnsafe.read(AbstractNioByteChannel.java:151)
	at io.netty.channel.nio.NioEventLoop.processSelectedKey(NioEventLoop.java:722)
	at io.netty.channel.nio.NioEventLoop.processSelectedKeysOptimized(NioEventLoop.java:658)
	at io.netty.channel.nio.NioEventLoop.processSelectedKeys(NioEventLoop.java:584)
	at io.netty.channel.nio.NioEventLoop.run(NioEventLoop.java:496)
	at io.netty.util.concurrent.SingleThreadEventExecutor$4.run(SingleThreadEventExecutor.java:986)
	at io.netty.util.internal.ThreadExecutorMap$2.run(ThreadExecutorMap.java:74)
	at io.netty.util.concurrent.FastThreadLocalRunnable.run(FastThreadLocalRunnable.java:30)
	at java.base/java.lang.Thread.run(Thread.java:832)
16:35:51.822 [AsyncHttpClient-1-7] DEBUG org.asynchttpclient.netty.channel.ChannelManager - Closing Channel [id: 0xd4314a8c, L:/127.0.0.1:51192 - R:localhost/127.0.0.1:51187] 
16:35:51.822 [AsyncHttpClient-1-7] DEBUG org.asynchttpclient.netty.handler.HttpHandler - Channel Closed: [id: 0xd4314a8c, L:/127.0.0.1:51192 ! R:localhost/127.0.0.1:51187] with attribute DISCARD
16:35:51.856 [AsyncHttpClient-1-6] DEBUG org.asynchttpclient.netty.handler.HttpHandler - 

Request DefaultFullHttpRequest(decodeResult: success, version: HTTP/1.1, content: EmptyByteBufBE)
DELETE /session/9ad15b1dc5c44404e42838736dad36d3 HTTP/1.1
User-Agent: selenium/4.1.2 (java windows)
Content-Type: application/json; charset=utf-8
host: localhost:49344
accept: */*

Response DefaultHttpResponse(decodeResult: success, version: HTTP/1.1)
HTTP/1.1 200 OK
Content-Type: application/json; charset=utf-8
cache-control: no-cache
content-length: 14

16:35:51.857 [AsyncHttpClient-1-6] DEBUG org.asynchttpclient.netty.channel.ChannelManager - Adding key: http://localhost:49344 for channel [id: 0x21edd247, L:/127.0.0.1:51186 - R:localhost/127.0.0.1:49344]
16:35:52.493 [AsyncHttpClient-1-6] DEBUG org.asynchttpclient.netty.handler.HttpHandler - Channel Closed: [id: 0x21edd247, L:/127.0.0.1:51186 ! R:localhost/127.0.0.1:49344] with attribute DISCARD
16:35:52.638 [AsyncHttpClient-1-1] DEBUG org.asynchttpclient.netty.channel.DefaultChannelPool - Entry count for : http://localhost:51187 : 1
16:35:52.638 [AsyncHttpClient-1-1] DEBUG org.asynchttpclient.netty.channel.DefaultChannelPool - Entry count for : http://localhost:49344 : 1
16:35:52.638 [AsyncHttpClient-1-1] DEBUG org.asynchttpclient.netty.channel.DefaultChannelPool - Adding Candidate expired Channel [id: 0xd4314a8c, L:/127.0.0.1:51192 ! R:localhost/127.0.0.1:51187] isIdleTimeoutExpired=false isRemotelyClosed=true isTtlExpired=false
16:35:52.638 [AsyncHttpClient-1-1] DEBUG org.asynchttpclient.netty.channel.DefaultChannelPool - Closing Idle Channel [id: 0xd4314a8c, L:/127.0.0.1:51192 ! R:localhost/127.0.0.1:51187]
16:35:52.638 [AsyncHttpClient-1-1] DEBUG org.asynchttpclient.netty.channel.DefaultChannelPool - Adding Candidate expired Channel [id: 0x21edd247, L:/127.0.0.1:51186 ! R:localhost/127.0.0.1:49344] isIdleTimeoutExpired=false isRemotelyClosed=true isTtlExpired=false
16:35:52.638 [AsyncHttpClient-1-1] DEBUG org.asynchttpclient.netty.channel.DefaultChannelPool - Closing Idle Channel [id: 0x21edd247, L:/127.0.0.1:51186 ! R:localhost/127.0.0.1:49344]
16:35:52.638 [AsyncHttpClient-1-1] DEBUG org.asynchttpclient.netty.channel.DefaultChannelPool - Closed 2 connections out of 2 in 0 ms
]]></system-out>
    <system-err><![CDATA[Starting ChromeDriver 102.0.5005.61 (0e59bcc00cc4985ce39ad31c150065f159d95ad3-refs/branch-heads/5005@{#819}) on port 49344
Only local connections are allowed.
Please see https://chromedriver.chromium.org/security-considerations for suggestions on keeping ChromeDriver safe.
ChromeDriver was started successfully.
Jun 20, 2022 4:35:45 PM org.openqa.selenium.remote.ProtocolHandshake createSession
INFO: Detected dialect: W3C
Jun 20, 2022 4:35:45 PM org.openqa.selenium.devtools.CdpVersionFinder findNearestMatch
WARNING: Unable to find an exact match for CDP version 102, so returning the closest version found: a no-op implementation
Jun 20, 2022 4:35:45 PM org.openqa.selenium.devtools.CdpVersionFinder findNearestMatch
INFO: Unable to find CDP implementation matching 102.
Jun 20, 2022 4:35:45 PM org.openqa.selenium.chromium.ChromiumDriver lambda$new$3
WARNING: Unable to find version of CDP to use for . You may need to include a dependency on a specific version of the CDP using something similar to `org.seleniumhq.selenium:selenium-devtools-v86:4.1.2` where the version ("v86") matches the version of the chromium-based browser you're using and the version number of the artifact is the same as Selenium's.
]]></system-err>
  </testcase>
  <testcase name="Search Doctor Based on Doctor Department" classname="Doctor" time="9.064">
    <system-out><![CDATA[
@Doctor
Scenario: Search Doctor Based on Doctor Department &amp#27;[90m# src/test/resources/features/3.Doctor.feature:62&amp#27;[0m
16:35:53.020 [main] INFO io.cucumber.core.plugin.SerenityReporter - Running feature from file:///E:/My%20Documents/File%20Difa/TI%20Semester%206%20Kampus%20Merdeka%20Alterra/Tugas/CAPSTONE%20Project/Capstone-Project-Website/src/test/resources/features/3.Doctor.feature
16:35:53.022 [main] INFO  - 
  _____   ___   ___   _____     ___   _____     _     ___   _____   ___   ___  
 |_   _| | __| / __| |_   _|   / __| |_   _|   /_\   | _ \ |_   _| | __| |   \ 
   | |   | _|  \__ \   | |     \__ \   | |    / _ \  |   /   | |   | _|  | |) |
   |_|   |___| |___/   |_|     |___/   |_|   /_/ \_\ |_|_\   |_|   |___| |___/ 

Search Doctor Based on Doctor Department(doctor;search-doctor-based-on-doctor-department)
--------------------------------------------------------------------------------
16:35:53.058 [main] DEBUG net.thucydides.core.steps.StepInterceptor - STARTING STEP: PatientSteps.iAmAtTheDashboardPage - openUrl
16:35:53.073 [main] INFO net.serenitybdd.core.webdriver.driverproviders.ChromeDriverProvider - Using automatically driver download
16:35:53.332 [main] DEBUG io.github.bonigarcia.wdm.cache.ResolutionCache - Resolution chrome=102 in cache (valid until 16:47:55 20/06/2022 ICT)
16:35:53.337 [main] DEBUG io.github.bonigarcia.wdm.cache.ResolutionCache - Resolution chrome102=102.0.5005.61 in cache (valid until 09:12:44 21/06/2022 ICT)
16:35:53.340 [main] INFO io.github.bonigarcia.wdm.WebDriverManager - Using chromedriver 102.0.5005.61 (resolved driver for Chrome 102)
16:35:53.352 [main] DEBUG io.github.bonigarcia.wdm.WebDriverManager - Driver chromedriver 102.0.5005.61 found in cache
16:35:53.353 [main] INFO io.github.bonigarcia.wdm.WebDriverManager - Exporting webdriver.chrome.driver as C:\Users\USER\.cache\selenium\chromedriver\win32\102.0.5005.61\chromedriver.exe
16:35:53.574 [main] DEBUG net.serenitybdd.core.webdriver.driverproviders.ProvideNewDriver - Instantiating driver
16:35:53.574 [main] DEBUG net.serenitybdd.core.webdriver.driverproviders.ProvideNewDriver - Driver capabilities: Capabilities {acceptInsecureCerts: false, base.url: https://hospital-management..., browserName: chrome, chrome.driver: src/test/resources/webdrive..., driver: chrome, goog:chromeOptions: {args: [], extensions: []}}
16:35:54.111 [AsyncHttpClient-1-9] DEBUG org.asynchttpclient.netty.channel.NettyConnectListener - Using new Channel '[id: 0x8a0db8b3, L:/127.0.0.1:51210 - R:localhost/127.0.0.1:63603]' for 'POST' to '/session'
16:35:54.857 [AsyncHttpClient-1-9] DEBUG org.asynchttpclient.netty.handler.HttpHandler - 

Request DefaultHttpRequest(decodeResult: success, version: HTTP/1.1)
POST /session HTTP/1.1
User-Agent: selenium/4.1.2 (java windows)
Content-Length: 621
Content-Type: application/json; charset=utf-8
host: localhost:63603
accept: */*

Response DefaultHttpResponse(decodeResult: success, version: HTTP/1.1)
HTTP/1.1 200 OK
Content-Type: application/json; charset=utf-8
cache-control: no-cache
content-length: 788

16:35:54.857 [AsyncHttpClient-1-9] DEBUG org.asynchttpclient.netty.channel.ChannelManager - Adding key: http://localhost:63603 for channel [id: 0x8a0db8b3, L:/127.0.0.1:51210 - R:localhost/127.0.0.1:63603]
16:35:54.863 [AsyncHttpClient-1-2] DEBUG org.asynchttpclient.netty.channel.NettyConnectListener - Using new Channel '[id: 0x3da7aa49, L:/127.0.0.1:51216 - R:localhost/127.0.0.1:51211]' for 'GET' to '/json/version'
16:35:54.864 [AsyncHttpClient-1-2] DEBUG org.asynchttpclient.netty.handler.HttpHandler - 

Request DefaultFullHttpRequest(decodeResult: success, version: HTTP/1.1, content: EmptyByteBufBE)
GET /json/version HTTP/1.1
User-Agent: selenium/4.1.2 (java windows)
host: localhost:51211
accept: */*

Response DefaultHttpResponse(decodeResult: success, version: HTTP/1.1)
HTTP/1.1 200 OK
Content-Type: application/json; charset=UTF-8
content-length: 427

16:35:54.864 [AsyncHttpClient-1-2] DEBUG org.asynchttpclient.netty.channel.ChannelManager - Adding key: http://localhost:51211 for channel [id: 0x3da7aa49, L:/127.0.0.1:51216 - R:localhost/127.0.0.1:51211]
16:35:54.867 [AsyncHttpClient-1-3] DEBUG org.asynchttpclient.netty.channel.NettyConnectListener - Using new Channel '[id: 0xa1ee0f1c, L:/127.0.0.1:51217 - R:localhost/127.0.0.1:51211]' for 'GET' to '/devtools/browser/f8f2a20c-2ae2-48c8-8d47-132e8cc1c461'
16:35:54.867 [AsyncHttpClient-1-3] DEBUG org.asynchttpclient.netty.handler.WebSocketHandler - 

Request DefaultFullHttpRequest(decodeResult: success, version: HTTP/1.1, content: EmptyByteBufBE)
GET /devtools/browser/f8f2a20c-2ae2-48c8-8d47-132e8cc1c461 HTTP/1.1
upgrade: websocket
connection: upgrade
sec-websocket-key: i+GtFuoBqEm1Y7dgbg0usA==
sec-websocket-version: 13
origin: http://localhost:51211
host: localhost:51211
accept: */*
user-agent: AHC/2.1

Response DefaultHttpResponse(decodeResult: success, version: HTTP/1.1)
HTTP/1.1 101 WebSocket Protocol Handshake
Upgrade: WebSocket
Connection: Upgrade
Sec-WebSocket-Accept: dZBhC5YqywRKFzUzuLFz13aUsSA=

16:35:54.874 [Forwarding maximizeCurrentWindow on session 73418a666df4c1cc3736ba1ba40c5a21 to remote] DEBUG org.asynchttpclient.netty.request.NettyRequestSender - Using pooled Channel '[id: 0x8a0db8b3, L:/127.0.0.1:51210 - R:localhost/127.0.0.1:63603]' for 'POST' to 'http://localhost:63603/session/73418a666df4c1cc3736ba1ba40c5a21/window/maximize'
16:35:54.874 [Forwarding maximizeCurrentWindow on session 73418a666df4c1cc3736ba1ba40c5a21 to remote] DEBUG org.asynchttpclient.netty.request.NettyRequestSender - Using open Channel [id: 0x8a0db8b3, L:/127.0.0.1:51210 - R:localhost/127.0.0.1:63603] for POST '/session/73418a666df4c1cc3736ba1ba40c5a21/window/maximize'
16:35:54.995 [AsyncHttpClient-1-9] DEBUG org.asynchttpclient.netty.handler.HttpHandler - 

Request DefaultHttpRequest(decodeResult: success, version: HTTP/1.1)
POST /session/73418a666df4c1cc3736ba1ba40c5a21/window/maximize HTTP/1.1
User-Agent: selenium/4.1.2 (java windows)
Content-Length: 3
Content-Type: application/json; charset=utf-8
host: localhost:63603
accept: */*

Response DefaultHttpResponse(decodeResult: success, version: HTTP/1.1)
HTTP/1.1 200 OK
Content-Type: application/json; charset=utf-8
cache-control: no-cache
content-length: 51

16:35:54.995 [AsyncHttpClient-1-9] DEBUG org.asynchttpclient.netty.channel.ChannelManager - Adding key: http://localhost:63603 for channel [id: 0x8a0db8b3, L:/127.0.0.1:51210 - R:localhost/127.0.0.1:63603]
16:35:54.996 [Forwarding get on session 73418a666df4c1cc3736ba1ba40c5a21 to remote] DEBUG org.asynchttpclient.netty.request.NettyRequestSender - Using pooled Channel '[id: 0x8a0db8b3, L:/127.0.0.1:51210 - R:localhost/127.0.0.1:63603]' for 'POST' to 'http://localhost:63603/session/73418a666df4c1cc3736ba1ba40c5a21/url'
16:35:54.996 [Forwarding get on session 73418a666df4c1cc3736ba1ba40c5a21 to remote] DEBUG org.asynchttpclient.netty.request.NettyRequestSender - Using open Channel [id: 0x8a0db8b3, L:/127.0.0.1:51210 - R:localhost/127.0.0.1:63603] for POST '/session/73418a666df4c1cc3736ba1ba40c5a21/url'
16:35:55.938 [AsyncHttpClient-1-1] DEBUG org.asynchttpclient.netty.channel.DefaultChannelPool - Entry count for : http://localhost:51211 : 1
16:35:57.069 [AsyncHttpClient-1-1] DEBUG org.asynchttpclient.netty.channel.DefaultChannelPool - Entry count for : http://localhost:51211 : 1
16:35:58.042 [AsyncHttpClient-1-9] DEBUG org.asynchttpclient.netty.handler.HttpHandler - 

Request DefaultHttpRequest(decodeResult: success, version: HTTP/1.1)
POST /session/73418a666df4c1cc3736ba1ba40c5a21/url HTTP/1.1
User-Agent: selenium/4.1.2 (java windows)
Content-Length: 65
Content-Type: application/json; charset=utf-8
host: localhost:63603
accept: */*

Response DefaultHttpResponse(decodeResult: success, version: HTTP/1.1)
HTTP/1.1 200 OK
Content-Type: application/json; charset=utf-8
cache-control: no-cache
content-length: 14

16:35:58.043 [AsyncHttpClient-1-9] DEBUG org.asynchttpclient.netty.channel.ChannelManager - Adding key: http://localhost:63603 for channel [id: 0x8a0db8b3, L:/127.0.0.1:51210 - R:localhost/127.0.0.1:63603]
16:35:58.045 [Forwarding setTimeout on session 73418a666df4c1cc3736ba1ba40c5a21 to remote] DEBUG org.asynchttpclient.netty.request.NettyRequestSender - Using pooled Channel '[id: 0x8a0db8b3, L:/127.0.0.1:51210 - R:localhost/127.0.0.1:63603]' for 'POST' to 'http://localhost:63603/session/73418a666df4c1cc3736ba1ba40c5a21/timeouts'
16:35:58.045 [Forwarding setTimeout on session 73418a666df4c1cc3736ba1ba40c5a21 to remote] DEBUG org.asynchttpclient.netty.request.NettyRequestSender - Using open Channel [id: 0x8a0db8b3, L:/127.0.0.1:51210 - R:localhost/127.0.0.1:63603] for POST '/session/73418a666df4c1cc3736ba1ba40c5a21/timeouts'
16:35:58.047 [AsyncHttpClient-1-9] DEBUG org.asynchttpclient.netty.handler.HttpHandler - 

Request DefaultHttpRequest(decodeResult: success, version: HTTP/1.1)
POST /session/73418a666df4c1cc3736ba1ba40c5a21/timeouts HTTP/1.1
User-Agent: selenium/4.1.2 (java windows)
Content-Length: 22
Content-Type: application/json; charset=utf-8
host: localhost:63603
accept: */*

Response DefaultHttpResponse(decodeResult: success, version: HTTP/1.1)
HTTP/1.1 200 OK
Content-Type: application/json; charset=utf-8
cache-control: no-cache
content-length: 14

16:35:58.047 [AsyncHttpClient-1-9] DEBUG org.asynchttpclient.netty.channel.ChannelManager - Adding key: http://localhost:63603 for channel [id: 0x8a0db8b3, L:/127.0.0.1:51210 - R:localhost/127.0.0.1:63603]
16:35:58.053 [Forwarding getCurrentUrl on session 73418a666df4c1cc3736ba1ba40c5a21 to remote] DEBUG org.asynchttpclient.netty.request.NettyRequestSender - Using pooled Channel '[id: 0x8a0db8b3, L:/127.0.0.1:51210 - R:localhost/127.0.0.1:63603]' for 'GET' to 'http://localhost:63603/session/73418a666df4c1cc3736ba1ba40c5a21/url'
16:35:58.053 [Forwarding getCurrentUrl on session 73418a666df4c1cc3736ba1ba40c5a21 to remote] DEBUG org.asynchttpclient.netty.request.NettyRequestSender - Using open Channel [id: 0x8a0db8b3, L:/127.0.0.1:51210 - R:localhost/127.0.0.1:63603] for GET '/session/73418a666df4c1cc3736ba1ba40c5a21/url'
16:35:58.061 [AsyncHttpClient-1-9] DEBUG org.asynchttpclient.netty.handler.HttpHandler - 

Request DefaultFullHttpRequest(decodeResult: success, version: HTTP/1.1, content: EmptyByteBufBE)
GET /session/73418a666df4c1cc3736ba1ba40c5a21/url HTTP/1.1
User-Agent: selenium/4.1.2 (java windows)
Cache-Control: no-cache
Content-Type: application/json; charset=utf-8
host: localhost:63603
accept: */*

Response DefaultHttpResponse(decodeResult: success, version: HTTP/1.1)
HTTP/1.1 200 OK
Content-Type: application/json; charset=utf-8
cache-control: no-cache
content-length: 53

16:35:58.061 [AsyncHttpClient-1-9] DEBUG org.asynchttpclient.netty.channel.ChannelManager - Adding key: http://localhost:63603 for channel [id: 0x8a0db8b3, L:/127.0.0.1:51210 - R:localhost/127.0.0.1:63603]
16:35:58.067 [Forwarding getCurrentUrl on session 73418a666df4c1cc3736ba1ba40c5a21 to remote] DEBUG org.asynchttpclient.netty.request.NettyRequestSender - Using pooled Channel '[id: 0x8a0db8b3, L:/127.0.0.1:51210 - R:localhost/127.0.0.1:63603]' for 'GET' to 'http://localhost:63603/session/73418a666df4c1cc3736ba1ba40c5a21/url'
16:35:58.067 [Forwarding getCurrentUrl on session 73418a666df4c1cc3736ba1ba40c5a21 to remote] DEBUG org.asynchttpclient.netty.request.NettyRequestSender - Using open Channel [id: 0x8a0db8b3, L:/127.0.0.1:51210 - R:localhost/127.0.0.1:63603] for GET '/session/73418a666df4c1cc3736ba1ba40c5a21/url'
16:35:58.071 [AsyncHttpClient-1-9] DEBUG org.asynchttpclient.netty.handler.HttpHandler - 

Request DefaultFullHttpRequest(decodeResult: success, version: HTTP/1.1, content: EmptyByteBufBE)
GET /session/73418a666df4c1cc3736ba1ba40c5a21/url HTTP/1.1
User-Agent: selenium/4.1.2 (java windows)
Cache-Control: no-cache
Content-Type: application/json; charset=utf-8
host: localhost:63603
accept: */*

Response DefaultHttpResponse(decodeResult: success, version: HTTP/1.1)
HTTP/1.1 200 OK
Content-Type: application/json; charset=utf-8
cache-control: no-cache
content-length: 53

16:35:58.071 [AsyncHttpClient-1-9] DEBUG org.asynchttpclient.netty.channel.ChannelManager - Adding key: http://localhost:63603 for channel [id: 0x8a0db8b3, L:/127.0.0.1:51210 - R:localhost/127.0.0.1:63603]
16:35:58.082 [Forwarding screenshot on session 73418a666df4c1cc3736ba1ba40c5a21 to remote] DEBUG org.asynchttpclient.netty.request.NettyRequestSender - Using pooled Channel '[id: 0x8a0db8b3, L:/127.0.0.1:51210 - R:localhost/127.0.0.1:63603]' for 'GET' to 'http://localhost:63603/session/73418a666df4c1cc3736ba1ba40c5a21/screenshot'
16:35:58.082 [Forwarding screenshot on session 73418a666df4c1cc3736ba1ba40c5a21 to remote] DEBUG org.asynchttpclient.netty.request.NettyRequestSender - Using open Channel [id: 0x8a0db8b3, L:/127.0.0.1:51210 - R:localhost/127.0.0.1:63603] for GET '/session/73418a666df4c1cc3736ba1ba40c5a21/screenshot'
16:35:58.139 [AsyncHttpClient-1-1] DEBUG org.asynchttpclient.netty.channel.DefaultChannelPool - Entry count for : http://localhost:51211 : 1
16:35:58.430 [AsyncHttpClient-1-9] DEBUG org.asynchttpclient.netty.handler.HttpHandler - 

Request DefaultFullHttpRequest(decodeResult: success, version: HTTP/1.1, content: EmptyByteBufBE)
GET /session/73418a666df4c1cc3736ba1ba40c5a21/screenshot HTTP/1.1
User-Agent: selenium/4.1.2 (java windows)
Cache-Control: no-cache
Content-Type: application/json; charset=utf-8
host: localhost:63603
accept: */*

Response DefaultHttpResponse(decodeResult: success, version: HTTP/1.1)
HTTP/1.1 200 OK
Content-Type: application/json; charset=utf-8
cache-control: no-cache
content-length: 382596

16:35:58.434 [AsyncHttpClient-1-9] DEBUG org.asynchttpclient.netty.channel.ChannelManager - Adding key: http://localhost:63603 for channel [id: 0x8a0db8b3, L:/127.0.0.1:51210 - R:localhost/127.0.0.1:63603]
16:35:58.463 [main] DEBUG net.serenitybdd.core.photography.Darkroom - Send negative for processing for target\site\serenity\ed15a54c91c342d96a850276df7b559f4526b370fc93040e3c407a48a170f368.png
16:35:58.464 [main] DEBUG net.thucydides.core.steps.StepInterceptor - STEP DONE: openUrl
16:35:58.475 [main] DEBUG net.thucydides.core.steps.StepInterceptor - STARTING STEP: PatientSteps.iAmAtTheDashboardPage - validateOnDashboardPage
16:35:58.480 [Forwarding findElement on session 73418a666df4c1cc3736ba1ba40c5a21 to remote] DEBUG org.asynchttpclient.netty.request.NettyRequestSender - Using pooled Channel '[id: 0x8a0db8b3, L:/127.0.0.1:51210 - R:localhost/127.0.0.1:63603]' for 'POST' to 'http://localhost:63603/session/73418a666df4c1cc3736ba1ba40c5a21/element'
16:35:58.480 [Forwarding findElement on session 73418a666df4c1cc3736ba1ba40c5a21 to remote] DEBUG org.asynchttpclient.netty.request.NettyRequestSender - Using open Channel [id: 0x8a0db8b3, L:/127.0.0.1:51210 - R:localhost/127.0.0.1:63603] for POST '/session/73418a666df4c1cc3736ba1ba40c5a21/element'
16:35:58.501 [AsyncHttpClient-1-9] DEBUG org.asynchttpclient.netty.handler.HttpHandler - 

Request DefaultHttpRequest(decodeResult: success, version: HTTP/1.1)
POST /session/73418a666df4c1cc3736ba1ba40c5a21/element HTTP/1.1
User-Agent: selenium/4.1.2 (java windows)
Content-Length: 81
Content-Type: application/json; charset=utf-8
host: localhost:63603
accept: */*

Response DefaultHttpResponse(decodeResult: success, version: HTTP/1.1)
HTTP/1.1 200 OK
Content-Type: application/json; charset=utf-8
cache-control: no-cache
content-length: 88

16:35:58.501 [AsyncHttpClient-1-9] DEBUG org.asynchttpclient.netty.channel.ChannelManager - Adding key: http://localhost:63603 for channel [id: 0x8a0db8b3, L:/127.0.0.1:51210 - R:localhost/127.0.0.1:63603]
16:35:58.506 [Forwarding isElementDisplayed on session 73418a666df4c1cc3736ba1ba40c5a21 to remote] DEBUG org.asynchttpclient.netty.request.NettyRequestSender - Using pooled Channel '[id: 0x8a0db8b3, L:/127.0.0.1:51210 - R:localhost/127.0.0.1:63603]' for 'POST' to 'http://localhost:63603/session/73418a666df4c1cc3736ba1ba40c5a21/execute/sync'
16:35:58.507 [Forwarding isElementDisplayed on session 73418a666df4c1cc3736ba1ba40c5a21 to remote] DEBUG org.asynchttpclient.netty.request.NettyRequestSender - Using open Channel [id: 0x8a0db8b3, L:/127.0.0.1:51210 - R:localhost/127.0.0.1:63603] for POST '/session/73418a666df4c1cc3736ba1ba40c5a21/execute/sync'
16:35:58.532 [AsyncHttpClient-1-9] DEBUG org.asynchttpclient.netty.handler.HttpHandler - 

Request DefaultHttpRequest(decodeResult: success, version: HTTP/1.1)
POST /session/73418a666df4c1cc3736ba1ba40c5a21/execute/sync HTTP/1.1
User-Agent: selenium/4.1.2 (java windows)
Content-Length: 48780
Content-Type: application/json; charset=utf-8
host: localhost:63603
accept: */*

Response DefaultHttpResponse(decodeResult: success, version: HTTP/1.1)
HTTP/1.1 200 OK
Content-Type: application/json; charset=utf-8
cache-control: no-cache
content-length: 14

16:35:58.533 [AsyncHttpClient-1-9] DEBUG org.asynchttpclient.netty.channel.ChannelManager - Adding key: http://localhost:63603 for channel [id: 0x8a0db8b3, L:/127.0.0.1:51210 - R:localhost/127.0.0.1:63603]
16:35:58.540 [Forwarding screenshot on session 73418a666df4c1cc3736ba1ba40c5a21 to remote] DEBUG org.asynchttpclient.netty.request.NettyRequestSender - Using pooled Channel '[id: 0x8a0db8b3, L:/127.0.0.1:51210 - R:localhost/127.0.0.1:63603]' for 'GET' to 'http://localhost:63603/session/73418a666df4c1cc3736ba1ba40c5a21/screenshot'
16:35:58.540 [Forwarding screenshot on session 73418a666df4c1cc3736ba1ba40c5a21 to remote] DEBUG org.asynchttpclient.netty.request.NettyRequestSender - Using open Channel [id: 0x8a0db8b3, L:/127.0.0.1:51210 - R:localhost/127.0.0.1:63603] for GET '/session/73418a666df4c1cc3736ba1ba40c5a21/screenshot'
16:35:58.838 [AsyncHttpClient-1-9] DEBUG org.asynchttpclient.netty.handler.HttpHandler - 

Request DefaultFullHttpRequest(decodeResult: success, version: HTTP/1.1, content: EmptyByteBufBE)
GET /session/73418a666df4c1cc3736ba1ba40c5a21/screenshot HTTP/1.1
User-Agent: selenium/4.1.2 (java windows)
Cache-Control: no-cache
Content-Type: application/json; charset=utf-8
host: localhost:63603
accept: */*

Response DefaultHttpResponse(decodeResult: success, version: HTTP/1.1)
HTTP/1.1 200 OK
Content-Type: application/json; charset=utf-8
cache-control: no-cache
content-length: 351816

16:35:58.840 [AsyncHttpClient-1-9] DEBUG org.asynchttpclient.netty.channel.ChannelManager - Adding key: http://localhost:63603 for channel [id: 0x8a0db8b3, L:/127.0.0.1:51210 - R:localhost/127.0.0.1:63603]
16:35:58.904 [main] DEBUG net.serenitybdd.core.photography.Darkroom - Send negative for processing for target\site\serenity\20277f1d76f1b925628464fcd1ece5de77a814679d1be3fdcf836a7ddadfed60.png
16:35:58.904 [main] DEBUG net.thucydides.core.steps.StepInterceptor - STEP DONE: validateOnDashboardPage
  &amp#27;[32mGiven &amp#27;[0m&amp#27;[32mI am at the dashboard page&amp#27;[0m                 &amp#27;[90m# starter.stepdefinitions.PatientSteps.iAmAtTheDashboardPage()&amp#27;[0m
16:35:58.948 [main] DEBUG net.thucydides.core.steps.StepInterceptor - STARTING STEP: DoctorSteps.iClickMenuDoctor - clickMenuDoctorButton
16:35:58.951 [Forwarding findElement on session 73418a666df4c1cc3736ba1ba40c5a21 to remote] DEBUG org.asynchttpclient.netty.request.NettyRequestSender - Using pooled Channel '[id: 0x8a0db8b3, L:/127.0.0.1:51210 - R:localhost/127.0.0.1:63603]' for 'POST' to 'http://localhost:63603/session/73418a666df4c1cc3736ba1ba40c5a21/element'
16:35:58.951 [Forwarding findElement on session 73418a666df4c1cc3736ba1ba40c5a21 to remote] DEBUG org.asynchttpclient.netty.request.NettyRequestSender - Using open Channel [id: 0x8a0db8b3, L:/127.0.0.1:51210 - R:localhost/127.0.0.1:63603] for POST '/session/73418a666df4c1cc3736ba1ba40c5a21/element'
16:35:58.969 [AsyncHttpClient-1-9] DEBUG org.asynchttpclient.netty.handler.HttpHandler - 

Request DefaultHttpRequest(decodeResult: success, version: HTTP/1.1)
POST /session/73418a666df4c1cc3736ba1ba40c5a21/element HTTP/1.1
User-Agent: selenium/4.1.2 (java windows)
Content-Length: 79
Content-Type: application/json; charset=utf-8
host: localhost:63603
accept: */*

Response DefaultHttpResponse(decodeResult: success, version: HTTP/1.1)
HTTP/1.1 200 OK
Content-Type: application/json; charset=utf-8
cache-control: no-cache
content-length: 88

16:35:58.969 [AsyncHttpClient-1-9] DEBUG org.asynchttpclient.netty.channel.ChannelManager - Adding key: http://localhost:63603 for channel [id: 0x8a0db8b3, L:/127.0.0.1:51210 - R:localhost/127.0.0.1:63603]
16:35:58.971 [Forwarding getElementTagName on session 73418a666df4c1cc3736ba1ba40c5a21 to remote] DEBUG org.asynchttpclient.netty.request.NettyRequestSender - Using pooled Channel '[id: 0x8a0db8b3, L:/127.0.0.1:51210 - R:localhost/127.0.0.1:63603]' for 'GET' to 'http://localhost:63603/session/73418a666df4c1cc3736ba1ba40c5a21/element/6ee70fac-bda3-4ea8-bb8a-ddf3e3781c53/name'
16:35:58.971 [Forwarding getElementTagName on session 73418a666df4c1cc3736ba1ba40c5a21 to remote] DEBUG org.asynchttpclient.netty.request.NettyRequestSender - Using open Channel [id: 0x8a0db8b3, L:/127.0.0.1:51210 - R:localhost/127.0.0.1:63603] for GET '/session/73418a666df4c1cc3736ba1ba40c5a21/element/6ee70fac-bda3-4ea8-bb8a-ddf3e3781c53/name'
16:35:58.976 [AsyncHttpClient-1-9] DEBUG org.asynchttpclient.netty.handler.HttpHandler - 

Request DefaultFullHttpRequest(decodeResult: success, version: HTTP/1.1, content: EmptyByteBufBE)
GET /session/73418a666df4c1cc3736ba1ba40c5a21/element/6ee70fac-bda3-4ea8-bb8a-ddf3e3781c53/name HTTP/1.1
User-Agent: selenium/4.1.2 (java windows)
Cache-Control: no-cache
Content-Type: application/json; charset=utf-8
host: localhost:63603
accept: */*

Response DefaultHttpResponse(decodeResult: success, version: HTTP/1.1)
HTTP/1.1 200 OK
Content-Type: application/json; charset=utf-8
cache-control: no-cache
content-length: 15

16:35:58.976 [AsyncHttpClient-1-9] DEBUG org.asynchttpclient.netty.channel.ChannelManager - Adding key: http://localhost:63603 for channel [id: 0x8a0db8b3, L:/127.0.0.1:51210 - R:localhost/127.0.0.1:63603]
16:35:58.978 [Forwarding getElementTagName on session 73418a666df4c1cc3736ba1ba40c5a21 to remote] DEBUG org.asynchttpclient.netty.request.NettyRequestSender - Using pooled Channel '[id: 0x8a0db8b3, L:/127.0.0.1:51210 - R:localhost/127.0.0.1:63603]' for 'GET' to 'http://localhost:63603/session/73418a666df4c1cc3736ba1ba40c5a21/element/6ee70fac-bda3-4ea8-bb8a-ddf3e3781c53/name'
16:35:58.978 [Forwarding getElementTagName on session 73418a666df4c1cc3736ba1ba40c5a21 to remote] DEBUG org.asynchttpclient.netty.request.NettyRequestSender - Using open Channel [id: 0x8a0db8b3, L:/127.0.0.1:51210 - R:localhost/127.0.0.1:63603] for GET '/session/73418a666df4c1cc3736ba1ba40c5a21/element/6ee70fac-bda3-4ea8-bb8a-ddf3e3781c53/name'
16:35:58.982 [AsyncHttpClient-1-9] DEBUG org.asynchttpclient.netty.handler.HttpHandler - 

Request DefaultFullHttpRequest(decodeResult: success, version: HTTP/1.1, content: EmptyByteBufBE)
GET /session/73418a666df4c1cc3736ba1ba40c5a21/element/6ee70fac-bda3-4ea8-bb8a-ddf3e3781c53/name HTTP/1.1
User-Agent: selenium/4.1.2 (java windows)
Cache-Control: no-cache
Content-Type: application/json; charset=utf-8
host: localhost:63603
accept: */*

Response DefaultHttpResponse(decodeResult: success, version: HTTP/1.1)
HTTP/1.1 200 OK
Content-Type: application/json; charset=utf-8
cache-control: no-cache
content-length: 15

16:35:58.982 [AsyncHttpClient-1-9] DEBUG org.asynchttpclient.netty.channel.ChannelManager - Adding key: http://localhost:63603 for channel [id: 0x8a0db8b3, L:/127.0.0.1:51210 - R:localhost/127.0.0.1:63603]
16:35:58.984 [Forwarding findElement on session 73418a666df4c1cc3736ba1ba40c5a21 to remote] DEBUG org.asynchttpclient.netty.request.NettyRequestSender - Using pooled Channel '[id: 0x8a0db8b3, L:/127.0.0.1:51210 - R:localhost/127.0.0.1:63603]' for 'POST' to 'http://localhost:63603/session/73418a666df4c1cc3736ba1ba40c5a21/element'
16:35:58.984 [Forwarding findElement on session 73418a666df4c1cc3736ba1ba40c5a21 to remote] DEBUG org.asynchttpclient.netty.request.NettyRequestSender - Using open Channel [id: 0x8a0db8b3, L:/127.0.0.1:51210 - R:localhost/127.0.0.1:63603] for POST '/session/73418a666df4c1cc3736ba1ba40c5a21/element'
16:35:58.995 [AsyncHttpClient-1-9] DEBUG org.asynchttpclient.netty.handler.HttpHandler - 

Request DefaultHttpRequest(decodeResult: success, version: HTTP/1.1)
POST /session/73418a666df4c1cc3736ba1ba40c5a21/element HTTP/1.1
User-Agent: selenium/4.1.2 (java windows)
Content-Length: 79
Content-Type: application/json; charset=utf-8
host: localhost:63603
accept: */*

Response DefaultHttpResponse(decodeResult: success, version: HTTP/1.1)
HTTP/1.1 200 OK
Content-Type: application/json; charset=utf-8
cache-control: no-cache
content-length: 88

16:35:58.995 [AsyncHttpClient-1-9] DEBUG org.asynchttpclient.netty.channel.ChannelManager - Adding key: http://localhost:63603 for channel [id: 0x8a0db8b3, L:/127.0.0.1:51210 - R:localhost/127.0.0.1:63603]
16:35:58.996 [Forwarding clickElement on session 73418a666df4c1cc3736ba1ba40c5a21 to remote] DEBUG org.asynchttpclient.netty.request.NettyRequestSender - Using pooled Channel '[id: 0x8a0db8b3, L:/127.0.0.1:51210 - R:localhost/127.0.0.1:63603]' for 'POST' to 'http://localhost:63603/session/73418a666df4c1cc3736ba1ba40c5a21/element/6ee70fac-bda3-4ea8-bb8a-ddf3e3781c53/click'
16:35:58.996 [Forwarding clickElement on session 73418a666df4c1cc3736ba1ba40c5a21 to remote] DEBUG org.asynchttpclient.netty.request.NettyRequestSender - Using open Channel [id: 0x8a0db8b3, L:/127.0.0.1:51210 - R:localhost/127.0.0.1:63603] for POST '/session/73418a666df4c1cc3736ba1ba40c5a21/element/6ee70fac-bda3-4ea8-bb8a-ddf3e3781c53/click'
16:35:59.237 [AsyncHttpClient-1-1] DEBUG org.asynchttpclient.netty.channel.DefaultChannelPool - Entry count for : http://localhost:51211 : 1
16:35:59.243 [AsyncHttpClient-1-9] DEBUG org.asynchttpclient.netty.handler.HttpHandler - 

Request DefaultHttpRequest(decodeResult: success, version: HTTP/1.1)
POST /session/73418a666df4c1cc3736ba1ba40c5a21/element/6ee70fac-bda3-4ea8-bb8a-ddf3e3781c53/click HTTP/1.1
User-Agent: selenium/4.1.2 (java windows)
Content-Length: 50
Content-Type: application/json; charset=utf-8
host: localhost:63603
accept: */*

Response DefaultHttpResponse(decodeResult: success, version: HTTP/1.1)
HTTP/1.1 200 OK
Content-Type: application/json; charset=utf-8
cache-control: no-cache
content-length: 14

16:35:59.243 [AsyncHttpClient-1-9] DEBUG org.asynchttpclient.netty.channel.ChannelManager - Adding key: http://localhost:63603 for channel [id: 0x8a0db8b3, L:/127.0.0.1:51210 - R:localhost/127.0.0.1:63603]
16:35:59.253 [Forwarding screenshot on session 73418a666df4c1cc3736ba1ba40c5a21 to remote] DEBUG org.asynchttpclient.netty.request.NettyRequestSender - Using pooled Channel '[id: 0x8a0db8b3, L:/127.0.0.1:51210 - R:localhost/127.0.0.1:63603]' for 'GET' to 'http://localhost:63603/session/73418a666df4c1cc3736ba1ba40c5a21/screenshot'
16:35:59.253 [Forwarding screenshot on session 73418a666df4c1cc3736ba1ba40c5a21 to remote] DEBUG org.asynchttpclient.netty.request.NettyRequestSender - Using open Channel [id: 0x8a0db8b3, L:/127.0.0.1:51210 - R:localhost/127.0.0.1:63603] for GET '/session/73418a666df4c1cc3736ba1ba40c5a21/screenshot'
16:35:59.401 [AsyncHttpClient-1-9] DEBUG org.asynchttpclient.netty.handler.HttpHandler - 

Request DefaultFullHttpRequest(decodeResult: success, version: HTTP/1.1, content: EmptyByteBufBE)
GET /session/73418a666df4c1cc3736ba1ba40c5a21/screenshot HTTP/1.1
User-Agent: selenium/4.1.2 (java windows)
Cache-Control: no-cache
Content-Type: application/json; charset=utf-8
host: localhost:63603
accept: */*

Response DefaultHttpResponse(decodeResult: success, version: HTTP/1.1)
HTTP/1.1 200 OK
Content-Type: application/json; charset=utf-8
cache-control: no-cache
content-length: 56216

16:35:59.402 [AsyncHttpClient-1-9] DEBUG org.asynchttpclient.netty.channel.ChannelManager - Adding key: http://localhost:63603 for channel [id: 0x8a0db8b3, L:/127.0.0.1:51210 - R:localhost/127.0.0.1:63603]
16:35:59.406 [main] DEBUG net.serenitybdd.core.photography.Darkroom - Send negative for processing for target\site\serenity\93bcc9a7e51fe36df2bb0ee95da8b9e15460ad67a465a8def437a77fe40a1b48.png
16:35:59.406 [main] DEBUG net.thucydides.core.steps.StepInterceptor - STEP DONE: clickMenuDoctorButton
  &amp#27;[32mAnd &amp#27;[0m&amp#27;[32mI click menu doctor&amp#27;[0m                          &amp#27;[90m# starter.stepdefinitions.DoctorSteps.iClickMenuDoctor()&amp#27;[0m
16:35:59.428 [Forwarding findElement on session 73418a666df4c1cc3736ba1ba40c5a21 to remote] DEBUG org.asynchttpclient.netty.request.NettyRequestSender - Using pooled Channel '[id: 0x8a0db8b3, L:/127.0.0.1:51210 - R:localhost/127.0.0.1:63603]' for 'POST' to 'http://localhost:63603/session/73418a666df4c1cc3736ba1ba40c5a21/element'
16:35:59.428 [Forwarding findElement on session 73418a666df4c1cc3736ba1ba40c5a21 to remote] DEBUG org.asynchttpclient.netty.request.NettyRequestSender - Using open Channel [id: 0x8a0db8b3, L:/127.0.0.1:51210 - R:localhost/127.0.0.1:63603] for POST '/session/73418a666df4c1cc3736ba1ba40c5a21/element'
16:35:59.446 [AsyncHttpClient-1-9] DEBUG org.asynchttpclient.netty.handler.HttpHandler - 

Request DefaultHttpRequest(decodeResult: success, version: HTTP/1.1)
POST /session/73418a666df4c1cc3736ba1ba40c5a21/element HTTP/1.1
User-Agent: selenium/4.1.2 (java windows)
Content-Length: 160
Content-Type: application/json; charset=utf-8
host: localhost:63603
accept: */*

Response DefaultHttpResponse(decodeResult: success, version: HTTP/1.1)
HTTP/1.1 200 OK
Content-Type: application/json; charset=utf-8
cache-control: no-cache
content-length: 88

16:35:59.446 [AsyncHttpClient-1-9] DEBUG org.asynchttpclient.netty.channel.ChannelManager - Adding key: http://localhost:63603 for channel [id: 0x8a0db8b3, L:/127.0.0.1:51210 - R:localhost/127.0.0.1:63603]
16:35:59.448 [Forwarding clearElement on session 73418a666df4c1cc3736ba1ba40c5a21 to remote] DEBUG org.asynchttpclient.netty.request.NettyRequestSender - Using pooled Channel '[id: 0x8a0db8b3, L:/127.0.0.1:51210 - R:localhost/127.0.0.1:63603]' for 'POST' to 'http://localhost:63603/session/73418a666df4c1cc3736ba1ba40c5a21/element/65a272f5-bb9c-4795-b441-0e1ca0437e65/clear'
16:35:59.448 [Forwarding clearElement on session 73418a666df4c1cc3736ba1ba40c5a21 to remote] DEBUG org.asynchttpclient.netty.request.NettyRequestSender - Using open Channel [id: 0x8a0db8b3, L:/127.0.0.1:51210 - R:localhost/127.0.0.1:63603] for POST '/session/73418a666df4c1cc3736ba1ba40c5a21/element/65a272f5-bb9c-4795-b441-0e1ca0437e65/clear'
16:35:59.511 [AsyncHttpClient-1-9] DEBUG org.asynchttpclient.netty.handler.HttpHandler - 

Request DefaultHttpRequest(decodeResult: success, version: HTTP/1.1)
POST /session/73418a666df4c1cc3736ba1ba40c5a21/element/65a272f5-bb9c-4795-b441-0e1ca0437e65/clear HTTP/1.1
User-Agent: selenium/4.1.2 (java windows)
Content-Length: 50
Content-Type: application/json; charset=utf-8
host: localhost:63603
accept: */*

Response DefaultHttpResponse(decodeResult: success, version: HTTP/1.1)
HTTP/1.1 200 OK
Content-Type: application/json; charset=utf-8
cache-control: no-cache
content-length: 14

16:35:59.511 [AsyncHttpClient-1-9] DEBUG org.asynchttpclient.netty.channel.ChannelManager - Adding key: http://localhost:63603 for channel [id: 0x8a0db8b3, L:/127.0.0.1:51210 - R:localhost/127.0.0.1:63603]
16:35:59.514 [Forwarding sendKeysToElement on session 73418a666df4c1cc3736ba1ba40c5a21 to remote] DEBUG org.asynchttpclient.netty.request.NettyRequestSender - Using pooled Channel '[id: 0x8a0db8b3, L:/127.0.0.1:51210 - R:localhost/127.0.0.1:63603]' for 'POST' to 'http://localhost:63603/session/73418a666df4c1cc3736ba1ba40c5a21/element/65a272f5-bb9c-4795-b441-0e1ca0437e65/value'
16:35:59.514 [Forwarding sendKeysToElement on session 73418a666df4c1cc3736ba1ba40c5a21 to remote] DEBUG org.asynchttpclient.netty.request.NettyRequestSender - Using open Channel [id: 0x8a0db8b3, L:/127.0.0.1:51210 - R:localhost/127.0.0.1:63603] for POST '/session/73418a666df4c1cc3736ba1ba40c5a21/element/65a272f5-bb9c-4795-b441-0e1ca0437e65/value'
16:35:59.818 [AsyncHttpClient-1-9] DEBUG org.asynchttpclient.netty.handler.HttpHandler - 

Request DefaultHttpRequest(decodeResult: success, version: HTTP/1.1)
POST /session/73418a666df4c1cc3736ba1ba40c5a21/element/65a272f5-bb9c-4795-b441-0e1ca0437e65/value HTTP/1.1
User-Agent: selenium/4.1.2 (java windows)
Content-Length: 171
Content-Type: application/json; charset=utf-8
host: localhost:63603
accept: */*

Response DefaultHttpResponse(decodeResult: success, version: HTTP/1.1)
HTTP/1.1 200 OK
Content-Type: application/json; charset=utf-8
cache-control: no-cache
content-length: 14

16:35:59.818 [AsyncHttpClient-1-9] DEBUG org.asynchttpclient.netty.channel.ChannelManager - Adding key: http://localhost:63603 for channel [id: 0x8a0db8b3, L:/127.0.0.1:51210 - R:localhost/127.0.0.1:63603]
16:35:59.832 [Forwarding screenshot on session 73418a666df4c1cc3736ba1ba40c5a21 to remote] DEBUG org.asynchttpclient.netty.request.NettyRequestSender - Using pooled Channel '[id: 0x8a0db8b3, L:/127.0.0.1:51210 - R:localhost/127.0.0.1:63603]' for 'GET' to 'http://localhost:63603/session/73418a666df4c1cc3736ba1ba40c5a21/screenshot'
16:35:59.833 [Forwarding screenshot on session 73418a666df4c1cc3736ba1ba40c5a21 to remote] DEBUG org.asynchttpclient.netty.request.NettyRequestSender - Using open Channel [id: 0x8a0db8b3, L:/127.0.0.1:51210 - R:localhost/127.0.0.1:63603] for GET '/session/73418a666df4c1cc3736ba1ba40c5a21/screenshot'
16:36:00.108 [AsyncHttpClient-1-9] DEBUG org.asynchttpclient.netty.handler.HttpHandler - 

Request DefaultFullHttpRequest(decodeResult: success, version: HTTP/1.1, content: EmptyByteBufBE)
GET /session/73418a666df4c1cc3736ba1ba40c5a21/screenshot HTTP/1.1
User-Agent: selenium/4.1.2 (java windows)
Cache-Control: no-cache
Content-Type: application/json; charset=utf-8
host: localhost:63603
accept: */*

Response DefaultHttpResponse(decodeResult: success, version: HTTP/1.1)
HTTP/1.1 200 OK
Content-Type: application/json; charset=utf-8
cache-control: no-cache
content-length: 91400

16:36:00.109 [AsyncHttpClient-1-9] DEBUG org.asynchttpclient.netty.channel.ChannelManager - Adding key: http://localhost:63603 for channel [id: 0x8a0db8b3, L:/127.0.0.1:51210 - R:localhost/127.0.0.1:63603]
16:36:00.115 [main] DEBUG net.serenitybdd.core.photography.Darkroom - Send negative for processing for target\site\serenity\ced02c8fb0a1104e61a9af01d5f1359740a1c744307f49efe984527d11ef437b.png
16:36:00.115 [main] DEBUG net.thucydides.core.steps.StepInterceptor - STARTING STEP: DoctorSteps.iInputDoctorDepartmentAndClickSearch - clickSearchButton
16:36:00.116 [Darkroom Processing Line] DEBUG net.serenitybdd.core.photography.DarkroomProcessingLine - Processing screenshot image in /var/screenshots/screenshot-1419667520598419866
16:36:00.116 [Darkroom Processing Line] DEBUG net.serenitybdd.core.photography.DarkroomProcessingLine - Saving screenshot to target\site\serenity\ced02c8fb0a1104e61a9af01d5f1359740a1c744307f49efe984527d11ef437b.png
16:36:00.120 [Forwarding findElement on session 73418a666df4c1cc3736ba1ba40c5a21 to remote] DEBUG org.asynchttpclient.netty.request.NettyRequestSender - Using pooled Channel '[id: 0x8a0db8b3, L:/127.0.0.1:51210 - R:localhost/127.0.0.1:63603]' for 'POST' to 'http://localhost:63603/session/73418a666df4c1cc3736ba1ba40c5a21/element'
16:36:00.120 [Forwarding findElement on session 73418a666df4c1cc3736ba1ba40c5a21 to remote] DEBUG org.asynchttpclient.netty.request.NettyRequestSender - Using open Channel [id: 0x8a0db8b3, L:/127.0.0.1:51210 - R:localhost/127.0.0.1:63603] for POST '/session/73418a666df4c1cc3736ba1ba40c5a21/element'
16:36:00.140 [AsyncHttpClient-1-9] DEBUG org.asynchttpclient.netty.handler.HttpHandler - 

Request DefaultHttpRequest(decodeResult: success, version: HTTP/1.1)
POST /session/73418a666df4c1cc3736ba1ba40c5a21/element HTTP/1.1
User-Agent: selenium/4.1.2 (java windows)
Content-Length: 161
Content-Type: application/json; charset=utf-8
host: localhost:63603
accept: */*

Response DefaultHttpResponse(decodeResult: success, version: HTTP/1.1)
HTTP/1.1 200 OK
Content-Type: application/json; charset=utf-8
cache-control: no-cache
content-length: 88

16:36:00.140 [AsyncHttpClient-1-9] DEBUG org.asynchttpclient.netty.channel.ChannelManager - Adding key: http://localhost:63603 for channel [id: 0x8a0db8b3, L:/127.0.0.1:51210 - R:localhost/127.0.0.1:63603]
16:36:00.142 [Forwarding getElementTagName on session 73418a666df4c1cc3736ba1ba40c5a21 to remote] DEBUG org.asynchttpclient.netty.request.NettyRequestSender - Using pooled Channel '[id: 0x8a0db8b3, L:/127.0.0.1:51210 - R:localhost/127.0.0.1:63603]' for 'GET' to 'http://localhost:63603/session/73418a666df4c1cc3736ba1ba40c5a21/element/f48041d7-2374-4ea6-a0c7-748abdd871f4/name'
16:36:00.142 [Forwarding getElementTagName on session 73418a666df4c1cc3736ba1ba40c5a21 to remote] DEBUG org.asynchttpclient.netty.request.NettyRequestSender - Using open Channel [id: 0x8a0db8b3, L:/127.0.0.1:51210 - R:localhost/127.0.0.1:63603] for GET '/session/73418a666df4c1cc3736ba1ba40c5a21/element/f48041d7-2374-4ea6-a0c7-748abdd871f4/name'
16:36:00.148 [AsyncHttpClient-1-9] DEBUG org.asynchttpclient.netty.handler.HttpHandler - 

Request DefaultFullHttpRequest(decodeResult: success, version: HTTP/1.1, content: EmptyByteBufBE)
GET /session/73418a666df4c1cc3736ba1ba40c5a21/element/f48041d7-2374-4ea6-a0c7-748abdd871f4/name HTTP/1.1
User-Agent: selenium/4.1.2 (java windows)
Cache-Control: no-cache
Content-Type: application/json; charset=utf-8
host: localhost:63603
accept: */*

Response DefaultHttpResponse(decodeResult: success, version: HTTP/1.1)
HTTP/1.1 200 OK
Content-Type: application/json; charset=utf-8
cache-control: no-cache
content-length: 18

16:36:00.148 [AsyncHttpClient-1-9] DEBUG org.asynchttpclient.netty.channel.ChannelManager - Adding key: http://localhost:63603 for channel [id: 0x8a0db8b3, L:/127.0.0.1:51210 - R:localhost/127.0.0.1:63603]
16:36:00.149 [Forwarding getElementTagName on session 73418a666df4c1cc3736ba1ba40c5a21 to remote] DEBUG org.asynchttpclient.netty.request.NettyRequestSender - Using pooled Channel '[id: 0x8a0db8b3, L:/127.0.0.1:51210 - R:localhost/127.0.0.1:63603]' for 'GET' to 'http://localhost:63603/session/73418a666df4c1cc3736ba1ba40c5a21/element/f48041d7-2374-4ea6-a0c7-748abdd871f4/name'
16:36:00.149 [Forwarding getElementTagName on session 73418a666df4c1cc3736ba1ba40c5a21 to remote] DEBUG org.asynchttpclient.netty.request.NettyRequestSender - Using open Channel [id: 0x8a0db8b3, L:/127.0.0.1:51210 - R:localhost/127.0.0.1:63603] for GET '/session/73418a666df4c1cc3736ba1ba40c5a21/element/f48041d7-2374-4ea6-a0c7-748abdd871f4/name'
16:36:00.154 [AsyncHttpClient-1-9] DEBUG org.asynchttpclient.netty.handler.HttpHandler - 

Request DefaultFullHttpRequest(decodeResult: success, version: HTTP/1.1, content: EmptyByteBufBE)
GET /session/73418a666df4c1cc3736ba1ba40c5a21/element/f48041d7-2374-4ea6-a0c7-748abdd871f4/name HTTP/1.1
User-Agent: selenium/4.1.2 (java windows)
Cache-Control: no-cache
Content-Type: application/json; charset=utf-8
host: localhost:63603
accept: */*

Response DefaultHttpResponse(decodeResult: success, version: HTTP/1.1)
HTTP/1.1 200 OK
Content-Type: application/json; charset=utf-8
cache-control: no-cache
content-length: 18

16:36:00.154 [AsyncHttpClient-1-9] DEBUG org.asynchttpclient.netty.channel.ChannelManager - Adding key: http://localhost:63603 for channel [id: 0x8a0db8b3, L:/127.0.0.1:51210 - R:localhost/127.0.0.1:63603]
16:36:00.157 [Forwarding isElementEnabled on session 73418a666df4c1cc3736ba1ba40c5a21 to remote] DEBUG org.asynchttpclient.netty.request.NettyRequestSender - Using pooled Channel '[id: 0x8a0db8b3, L:/127.0.0.1:51210 - R:localhost/127.0.0.1:63603]' for 'GET' to 'http://localhost:63603/session/73418a666df4c1cc3736ba1ba40c5a21/element/f48041d7-2374-4ea6-a0c7-748abdd871f4/enabled'
16:36:00.157 [Forwarding isElementEnabled on session 73418a666df4c1cc3736ba1ba40c5a21 to remote] DEBUG org.asynchttpclient.netty.request.NettyRequestSender - Using open Channel [id: 0x8a0db8b3, L:/127.0.0.1:51210 - R:localhost/127.0.0.1:63603] for GET '/session/73418a666df4c1cc3736ba1ba40c5a21/element/f48041d7-2374-4ea6-a0c7-748abdd871f4/enabled'
16:36:00.170 [AsyncHttpClient-1-9] DEBUG org.asynchttpclient.netty.handler.HttpHandler - 

Request DefaultFullHttpRequest(decodeResult: success, version: HTTP/1.1, content: EmptyByteBufBE)
GET /session/73418a666df4c1cc3736ba1ba40c5a21/element/f48041d7-2374-4ea6-a0c7-748abdd871f4/enabled HTTP/1.1
User-Agent: selenium/4.1.2 (java windows)
Cache-Control: no-cache
Content-Type: application/json; charset=utf-8
host: localhost:63603
accept: */*

Response DefaultHttpResponse(decodeResult: success, version: HTTP/1.1)
HTTP/1.1 200 OK
Content-Type: application/json; charset=utf-8
cache-control: no-cache
content-length: 14

16:36:00.170 [AsyncHttpClient-1-9] DEBUG org.asynchttpclient.netty.channel.ChannelManager - Adding key: http://localhost:63603 for channel [id: 0x8a0db8b3, L:/127.0.0.1:51210 - R:localhost/127.0.0.1:63603]
16:36:00.172 [Forwarding isElementEnabled on session 73418a666df4c1cc3736ba1ba40c5a21 to remote] DEBUG org.asynchttpclient.netty.request.NettyRequestSender - Using pooled Channel '[id: 0x8a0db8b3, L:/127.0.0.1:51210 - R:localhost/127.0.0.1:63603]' for 'GET' to 'http://localhost:63603/session/73418a666df4c1cc3736ba1ba40c5a21/element/f48041d7-2374-4ea6-a0c7-748abdd871f4/enabled'
16:36:00.172 [Forwarding isElementEnabled on session 73418a666df4c1cc3736ba1ba40c5a21 to remote] DEBUG org.asynchttpclient.netty.request.NettyRequestSender - Using open Channel [id: 0x8a0db8b3, L:/127.0.0.1:51210 - R:localhost/127.0.0.1:63603] for GET '/session/73418a666df4c1cc3736ba1ba40c5a21/element/f48041d7-2374-4ea6-a0c7-748abdd871f4/enabled'
16:36:00.179 [AsyncHttpClient-1-9] DEBUG org.asynchttpclient.netty.handler.HttpHandler - 

Request DefaultFullHttpRequest(decodeResult: success, version: HTTP/1.1, content: EmptyByteBufBE)
GET /session/73418a666df4c1cc3736ba1ba40c5a21/element/f48041d7-2374-4ea6-a0c7-748abdd871f4/enabled HTTP/1.1
User-Agent: selenium/4.1.2 (java windows)
Cache-Control: no-cache
Content-Type: application/json; charset=utf-8
host: localhost:63603
accept: */*

Response DefaultHttpResponse(decodeResult: success, version: HTTP/1.1)
HTTP/1.1 200 OK
Content-Type: application/json; charset=utf-8
cache-control: no-cache
content-length: 14

16:36:00.179 [AsyncHttpClient-1-9] DEBUG org.asynchttpclient.netty.channel.ChannelManager - Adding key: http://localhost:63603 for channel [id: 0x8a0db8b3, L:/127.0.0.1:51210 - R:localhost/127.0.0.1:63603]
16:36:00.182 [Forwarding findElement on session 73418a666df4c1cc3736ba1ba40c5a21 to remote] DEBUG org.asynchttpclient.netty.request.NettyRequestSender - Using pooled Channel '[id: 0x8a0db8b3, L:/127.0.0.1:51210 - R:localhost/127.0.0.1:63603]' for 'POST' to 'http://localhost:63603/session/73418a666df4c1cc3736ba1ba40c5a21/element'
16:36:00.182 [Forwarding findElement on session 73418a666df4c1cc3736ba1ba40c5a21 to remote] DEBUG org.asynchttpclient.netty.request.NettyRequestSender - Using open Channel [id: 0x8a0db8b3, L:/127.0.0.1:51210 - R:localhost/127.0.0.1:63603] for POST '/session/73418a666df4c1cc3736ba1ba40c5a21/element'
16:36:00.191 [AsyncHttpClient-1-9] DEBUG org.asynchttpclient.netty.handler.HttpHandler - 

Request DefaultHttpRequest(decodeResult: success, version: HTTP/1.1)
POST /session/73418a666df4c1cc3736ba1ba40c5a21/element HTTP/1.1
User-Agent: selenium/4.1.2 (java windows)
Content-Length: 161
Content-Type: application/json; charset=utf-8
host: localhost:63603
accept: */*

Response DefaultHttpResponse(decodeResult: success, version: HTTP/1.1)
HTTP/1.1 200 OK
Content-Type: application/json; charset=utf-8
cache-control: no-cache
content-length: 88

16:36:00.191 [AsyncHttpClient-1-9] DEBUG org.asynchttpclient.netty.channel.ChannelManager - Adding key: http://localhost:63603 for channel [id: 0x8a0db8b3, L:/127.0.0.1:51210 - R:localhost/127.0.0.1:63603]
16:36:00.193 [Forwarding clickElement on session 73418a666df4c1cc3736ba1ba40c5a21 to remote] DEBUG org.asynchttpclient.netty.request.NettyRequestSender - Using pooled Channel '[id: 0x8a0db8b3, L:/127.0.0.1:51210 - R:localhost/127.0.0.1:63603]' for 'POST' to 'http://localhost:63603/session/73418a666df4c1cc3736ba1ba40c5a21/element/f48041d7-2374-4ea6-a0c7-748abdd871f4/click'
16:36:00.193 [Forwarding clickElement on session 73418a666df4c1cc3736ba1ba40c5a21 to remote] DEBUG org.asynchttpclient.netty.request.NettyRequestSender - Using open Channel [id: 0x8a0db8b3, L:/127.0.0.1:51210 - R:localhost/127.0.0.1:63603] for POST '/session/73418a666df4c1cc3736ba1ba40c5a21/element/f48041d7-2374-4ea6-a0c7-748abdd871f4/click'
16:36:00.299 [AsyncHttpClient-1-9] DEBUG org.asynchttpclient.netty.handler.HttpHandler - 

Request DefaultHttpRequest(decodeResult: success, version: HTTP/1.1)
POST /session/73418a666df4c1cc3736ba1ba40c5a21/element/f48041d7-2374-4ea6-a0c7-748abdd871f4/click HTTP/1.1
User-Agent: selenium/4.1.2 (java windows)
Content-Length: 50
Content-Type: application/json; charset=utf-8
host: localhost:63603
accept: */*

Response DefaultHttpResponse(decodeResult: success, version: HTTP/1.1)
HTTP/1.1 200 OK
Content-Type: application/json; charset=utf-8
cache-control: no-cache
content-length: 14

16:36:00.299 [AsyncHttpClient-1-9] DEBUG org.asynchttpclient.netty.channel.ChannelManager - Adding key: http://localhost:63603 for channel [id: 0x8a0db8b3, L:/127.0.0.1:51210 - R:localhost/127.0.0.1:63603]
16:36:00.314 [Forwarding screenshot on session 73418a666df4c1cc3736ba1ba40c5a21 to remote] DEBUG org.asynchttpclient.netty.request.NettyRequestSender - Using pooled Channel '[id: 0x8a0db8b3, L:/127.0.0.1:51210 - R:localhost/127.0.0.1:63603]' for 'GET' to 'http://localhost:63603/session/73418a666df4c1cc3736ba1ba40c5a21/screenshot'
16:36:00.314 [Forwarding screenshot on session 73418a666df4c1cc3736ba1ba40c5a21 to remote] DEBUG org.asynchttpclient.netty.request.NettyRequestSender - Using open Channel [id: 0x8a0db8b3, L:/127.0.0.1:51210 - R:localhost/127.0.0.1:63603] for GET '/session/73418a666df4c1cc3736ba1ba40c5a21/screenshot'
16:36:00.337 [AsyncHttpClient-1-1] DEBUG org.asynchttpclient.netty.channel.DefaultChannelPool - Entry count for : http://localhost:51211 : 1
16:36:00.460 [AsyncHttpClient-1-9] DEBUG org.asynchttpclient.netty.handler.HttpHandler - 

Request DefaultFullHttpRequest(decodeResult: success, version: HTTP/1.1, content: EmptyByteBufBE)
GET /session/73418a666df4c1cc3736ba1ba40c5a21/screenshot HTTP/1.1
User-Agent: selenium/4.1.2 (java windows)
Cache-Control: no-cache
Content-Type: application/json; charset=utf-8
host: localhost:63603
accept: */*

Response DefaultHttpResponse(decodeResult: success, version: HTTP/1.1)
HTTP/1.1 200 OK
Content-Type: application/json; charset=utf-8
cache-control: no-cache
content-length: 67596

16:36:00.461 [AsyncHttpClient-1-9] DEBUG org.asynchttpclient.netty.channel.ChannelManager - Adding key: http://localhost:63603 for channel [id: 0x8a0db8b3, L:/127.0.0.1:51210 - R:localhost/127.0.0.1:63603]
16:36:00.465 [main] DEBUG net.serenitybdd.core.photography.Darkroom - Send negative for processing for target\site\serenity\0eb827c4a772dac4d8bc02001f9949eb575e6ecd92d964abbae5e45a06d0c576.png
16:36:00.465 [main] DEBUG net.thucydides.core.steps.StepInterceptor - STEP DONE: clickSearchButton
  &amp#27;[32mWhen &amp#27;[0m&amp#27;[32mI input doctor department and click search&amp#27;[0m  &amp#27;[90m# starter.stepdefinitions.DoctorSteps.iInputDoctorDepartmentAndClickSearch()&amp#27;[0m
16:36:00.465 [Darkroom Processing Line] DEBUG net.serenitybdd.core.photography.DarkroomProcessingLine - Processing screenshot image in /var/screenshots/screenshot-17280196760640867224
16:36:00.465 [Darkroom Processing Line] DEBUG net.serenitybdd.core.photography.DarkroomProcessingLine - Saving screenshot to target\site\serenity\0eb827c4a772dac4d8bc02001f9949eb575e6ecd92d964abbae5e45a06d0c576.png
16:36:00.481 [Forwarding findElement on session 73418a666df4c1cc3736ba1ba40c5a21 to remote] DEBUG org.asynchttpclient.netty.request.NettyRequestSender - Using pooled Channel '[id: 0x8a0db8b3, L:/127.0.0.1:51210 - R:localhost/127.0.0.1:63603]' for 'POST' to 'http://localhost:63603/session/73418a666df4c1cc3736ba1ba40c5a21/element'
16:36:00.481 [Forwarding findElement on session 73418a666df4c1cc3736ba1ba40c5a21 to remote] DEBUG org.asynchttpclient.netty.request.NettyRequestSender - Using open Channel [id: 0x8a0db8b3, L:/127.0.0.1:51210 - R:localhost/127.0.0.1:63603] for POST '/session/73418a666df4c1cc3736ba1ba40c5a21/element'
16:36:01.085 [AsyncHttpClient-1-9] DEBUG org.asynchttpclient.netty.handler.HttpHandler - 

Request DefaultHttpRequest(decodeResult: success, version: HTTP/1.1)
POST /session/73418a666df4c1cc3736ba1ba40c5a21/element HTTP/1.1
User-Agent: selenium/4.1.2 (java windows)
Content-Length: 81
Content-Type: application/json; charset=utf-8
host: localhost:63603
accept: */*

Response DefaultHttpResponse(decodeResult: success, version: HTTP/1.1)
HTTP/1.1 200 OK
Content-Type: application/json; charset=utf-8
cache-control: no-cache
content-length: 88

16:36:01.085 [AsyncHttpClient-1-9] DEBUG org.asynchttpclient.netty.channel.ChannelManager - Adding key: http://localhost:63603 for channel [id: 0x8a0db8b3, L:/127.0.0.1:51210 - R:localhost/127.0.0.1:63603]
16:36:01.090 [Forwarding isElementDisplayed on session 73418a666df4c1cc3736ba1ba40c5a21 to remote] DEBUG org.asynchttpclient.netty.request.NettyRequestSender - Using pooled Channel '[id: 0x8a0db8b3, L:/127.0.0.1:51210 - R:localhost/127.0.0.1:63603]' for 'POST' to 'http://localhost:63603/session/73418a666df4c1cc3736ba1ba40c5a21/execute/sync'
16:36:01.090 [Forwarding isElementDisplayed on session 73418a666df4c1cc3736ba1ba40c5a21 to remote] DEBUG org.asynchttpclient.netty.request.NettyRequestSender - Using open Channel [id: 0x8a0db8b3, L:/127.0.0.1:51210 - R:localhost/127.0.0.1:63603] for POST '/session/73418a666df4c1cc3736ba1ba40c5a21/execute/sync'
16:36:01.115 [AsyncHttpClient-1-9] DEBUG org.asynchttpclient.netty.handler.HttpHandler - 

Request DefaultHttpRequest(decodeResult: success, version: HTTP/1.1)
POST /session/73418a666df4c1cc3736ba1ba40c5a21/execute/sync HTTP/1.1
User-Agent: selenium/4.1.2 (java windows)
Content-Length: 48780
Content-Type: application/json; charset=utf-8
host: localhost:63603
accept: */*

Response DefaultHttpResponse(decodeResult: success, version: HTTP/1.1)
HTTP/1.1 200 OK
Content-Type: application/json; charset=utf-8
cache-control: no-cache
content-length: 14

16:36:01.115 [AsyncHttpClient-1-9] DEBUG org.asynchttpclient.netty.channel.ChannelManager - Adding key: http://localhost:63603 for channel [id: 0x8a0db8b3, L:/127.0.0.1:51210 - R:localhost/127.0.0.1:63603]
  &amp#27;[32mThen &amp#27;[0m&amp#27;[32mI validate search by doctor Department&amp#27;[0m      &amp#27;[90m# starter.stepdefinitions.DoctorSteps.iValidateSearchByDoctorDepartment()&amp#27;[0m
16:36:01.123 [Forwarding screenshot on session 73418a666df4c1cc3736ba1ba40c5a21 to remote] DEBUG org.asynchttpclient.netty.request.NettyRequestSender - Using pooled Channel '[id: 0x8a0db8b3, L:/127.0.0.1:51210 - R:localhost/127.0.0.1:63603]' for 'GET' to 'http://localhost:63603/session/73418a666df4c1cc3736ba1ba40c5a21/screenshot'
16:36:01.123 [Forwarding screenshot on session 73418a666df4c1cc3736ba1ba40c5a21 to remote] DEBUG org.asynchttpclient.netty.request.NettyRequestSender - Using open Channel [id: 0x8a0db8b3, L:/127.0.0.1:51210 - R:localhost/127.0.0.1:63603] for GET '/session/73418a666df4c1cc3736ba1ba40c5a21/screenshot'
16:36:01.254 [AsyncHttpClient-1-9] DEBUG org.asynchttpclient.netty.handler.HttpHandler - 

Request DefaultFullHttpRequest(decodeResult: success, version: HTTP/1.1, content: EmptyByteBufBE)
GET /session/73418a666df4c1cc3736ba1ba40c5a21/screenshot HTTP/1.1
User-Agent: selenium/4.1.2 (java windows)
Cache-Control: no-cache
Content-Type: application/json; charset=utf-8
host: localhost:63603
accept: */*

Response DefaultHttpResponse(decodeResult: success, version: HTTP/1.1)
HTTP/1.1 200 OK
Content-Type: application/json; charset=utf-8
cache-control: no-cache
content-length: 72924

16:36:01.255 [AsyncHttpClient-1-9] DEBUG org.asynchttpclient.netty.channel.ChannelManager - Adding key: http://localhost:63603 for channel [id: 0x8a0db8b3, L:/127.0.0.1:51210 - R:localhost/127.0.0.1:63603]
16:36:01.259 [main] DEBUG net.serenitybdd.core.photography.Darkroom - Send negative for processing for target\site\serenity\0bc1a69d2f0cf87b5a6a8a4ad1130607aff1da21fd593bfcb6527201c22d2ff5.png
16:36:01.260 [Darkroom Processing Line] DEBUG net.serenitybdd.core.photography.DarkroomProcessingLine - Processing screenshot image in /var/screenshots/screenshot-4128339077293909794
16:36:01.260 [Darkroom Processing Line] DEBUG net.serenitybdd.core.photography.DarkroomProcessingLine - Saving screenshot to target\site\serenity\0bc1a69d2f0cf87b5a6a8a4ad1130607aff1da21fd593bfcb6527201c22d2ff5.png
16:36:01.261 [main] INFO  - 
  _____   ___   ___   _____     ___     _     ___   ___   ___   ___  
 |_   _| | __| / __| |_   _|   | _ \   /_\   / __| / __| | __| |   \ 
   | |   | _|  \__ \   | |     |  _/  / _ \  \__ \ \__ \ | _|  | |) |
   |_|   |___| |___/   |_|     |_|   /_/ \_\ |___/ |___/ |___| |___/ 

Search Doctor Based on Doctor Department
----------------------------------------------------------------------
16:36:01.263 [AsyncHttpClient-1-3] DEBUG org.asynchttpclient.netty.handler.WebSocketHandler - Channel Closed: [id: 0xa1ee0f1c, L:/127.0.0.1:51217 ! R:localhost/127.0.0.1:51211] with attribute NettyResponseFuture{currentRetry=5,
	isDone=1,
	isCancelled=0,
	asyncHandler=org.asynchttpclient.ws.WebSocketUpgradeHandler@172ca621,
	nettyRequest=org.asynchttpclient.netty.request.NettyRequest@3b3dab3a,
	future=java.util.concurrent.CompletableFuture@1b0bf19c[Completed normally],
	uri=ws://localhost:51211/devtools/browser/f8f2a20c-2ae2-48c8-8d47-132e8cc1c461,
	keepAlive=true,
	redirectCount=0,
	timeoutsHolder=null,
	inAuth=0,
	touch=1655717754868}
16:36:01.263 [AsyncHttpClient-1-3] DEBUG org.asynchttpclient.netty.channel.ChannelManager - Closing Channel [id: 0xa1ee0f1c, L:/127.0.0.1:51217 ! R:localhost/127.0.0.1:51211] 
16:36:01.263 [Driver Command Executor] DEBUG org.asynchttpclient.netty.request.NettyRequestSender - Using pooled Channel '[id: 0x8a0db8b3, L:/127.0.0.1:51210 - R:localhost/127.0.0.1:63603]' for 'DELETE' to 'http://localhost:63603/session/73418a666df4c1cc3736ba1ba40c5a21'
16:36:01.263 [Driver Command Executor] DEBUG org.asynchttpclient.netty.request.NettyRequestSender - Using open Channel [id: 0x8a0db8b3, L:/127.0.0.1:51210 - R:localhost/127.0.0.1:63603] for DELETE '/session/73418a666df4c1cc3736ba1ba40c5a21'
16:36:01.307 [AsyncHttpClient-1-2] DEBUG org.asynchttpclient.netty.handler.HttpHandler - Unexpected I/O exception on channel [id: 0x3da7aa49, L:/127.0.0.1:51216 - R:localhost/127.0.0.1:51211]
java.net.SocketException: Connection reset
	at java.base/sun.nio.ch.SocketChannelImpl.throwConnectionReset(SocketChannelImpl.java:367)
	at java.base/sun.nio.ch.SocketChannelImpl.read(SocketChannelImpl.java:398)
	at io.netty.buffer.PooledByteBuf.setBytes(PooledByteBuf.java:258)
	at io.netty.buffer.AbstractByteBuf.writeBytes(AbstractByteBuf.java:1132)
	at io.netty.channel.socket.nio.NioSocketChannel.doReadBytes(NioSocketChannel.java:350)
	at io.netty.channel.nio.AbstractNioByteChannel$NioByteUnsafe.read(AbstractNioByteChannel.java:151)
	at io.netty.channel.nio.NioEventLoop.processSelectedKey(NioEventLoop.java:722)
	at io.netty.channel.nio.NioEventLoop.processSelectedKeysOptimized(NioEventLoop.java:658)
	at io.netty.channel.nio.NioEventLoop.processSelectedKeys(NioEventLoop.java:584)
	at io.netty.channel.nio.NioEventLoop.run(NioEventLoop.java:496)
	at io.netty.util.concurrent.SingleThreadEventExecutor$4.run(SingleThreadEventExecutor.java:986)
	at io.netty.util.internal.ThreadExecutorMap$2.run(ThreadExecutorMap.java:74)
	at io.netty.util.concurrent.FastThreadLocalRunnable.run(FastThreadLocalRunnable.java:30)
	at java.base/java.lang.Thread.run(Thread.java:832)
16:36:01.307 [AsyncHttpClient-1-2] DEBUG org.asynchttpclient.netty.channel.ChannelManager - Closing Channel [id: 0x3da7aa49, L:/127.0.0.1:51216 - R:localhost/127.0.0.1:51211] 
16:36:01.308 [AsyncHttpClient-1-2] DEBUG org.asynchttpclient.netty.handler.HttpHandler - Channel Closed: [id: 0x3da7aa49, L:/127.0.0.1:51216 ! R:localhost/127.0.0.1:51211] with attribute DISCARD
16:36:01.340 [AsyncHttpClient-1-9] DEBUG org.asynchttpclient.netty.handler.HttpHandler - 

Request DefaultFullHttpRequest(decodeResult: success, version: HTTP/1.1, content: EmptyByteBufBE)
DELETE /session/73418a666df4c1cc3736ba1ba40c5a21 HTTP/1.1
User-Agent: selenium/4.1.2 (java windows)
Content-Type: application/json; charset=utf-8
host: localhost:63603
accept: */*

Response DefaultHttpResponse(decodeResult: success, version: HTTP/1.1)
HTTP/1.1 200 OK
Content-Type: application/json; charset=utf-8
cache-control: no-cache
content-length: 14

16:36:01.340 [AsyncHttpClient-1-9] DEBUG org.asynchttpclient.netty.channel.ChannelManager - Adding key: http://localhost:63603 for channel [id: 0x8a0db8b3, L:/127.0.0.1:51210 - R:localhost/127.0.0.1:63603]
16:36:01.442 [AsyncHttpClient-1-1] DEBUG org.asynchttpclient.netty.channel.DefaultChannelPool - Entry count for : http://localhost:51211 : 1
16:36:01.442 [AsyncHttpClient-1-1] DEBUG org.asynchttpclient.netty.channel.DefaultChannelPool - Entry count for : http://localhost:63603 : 1
16:36:01.442 [AsyncHttpClient-1-1] DEBUG org.asynchttpclient.netty.channel.DefaultChannelPool - Adding Candidate expired Channel [id: 0x3da7aa49, L:/127.0.0.1:51216 ! R:localhost/127.0.0.1:51211] isIdleTimeoutExpired=false isRemotelyClosed=true isTtlExpired=false
16:36:01.442 [AsyncHttpClient-1-1] DEBUG org.asynchttpclient.netty.channel.DefaultChannelPool - Closing Idle Channel [id: 0x3da7aa49, L:/127.0.0.1:51216 ! R:localhost/127.0.0.1:51211]
16:36:01.442 [AsyncHttpClient-1-1] DEBUG org.asynchttpclient.netty.channel.DefaultChannelPool - Closed 1 connections out of 2 in 0 ms
16:36:01.545 [AsyncHttpClient-1-9] DEBUG org.asynchttpclient.netty.handler.HttpHandler - Channel Closed: [id: 0x8a0db8b3, L:/127.0.0.1:51210 ! R:localhost/127.0.0.1:63603] with attribute DISCARD
]]></system-out>
    <system-err><![CDATA[Starting ChromeDriver 102.0.5005.61 (0e59bcc00cc4985ce39ad31c150065f159d95ad3-refs/branch-heads/5005@{#819}) on port 63603
Only local connections are allowed.
Please see https://chromedriver.chromium.org/security-considerations for suggestions on keeping ChromeDriver safe.
ChromeDriver was started successfully.
Jun 20, 2022 4:35:54 PM org.openqa.selenium.remote.ProtocolHandshake createSession
INFO: Detected dialect: W3C
Jun 20, 2022 4:35:54 PM org.openqa.selenium.devtools.CdpVersionFinder findNearestMatch
WARNING: Unable to find an exact match for CDP version 102, so returning the closest version found: a no-op implementation
Jun 20, 2022 4:35:54 PM org.openqa.selenium.devtools.CdpVersionFinder findNearestMatch
INFO: Unable to find CDP implementation matching 102.
Jun 20, 2022 4:35:54 PM org.openqa.selenium.chromium.ChromiumDriver lambda$new$3
WARNING: Unable to find version of CDP to use for . You may need to include a dependency on a specific version of the CDP using something similar to `org.seleniumhq.selenium:selenium-devtools-v86:4.1.2` where the version ("v86") matches the version of the chromium-based browser you're using and the version number of the artifact is the same as Selenium's.
]]></system-err>
  </testcase>
  <testcase name="Search Doctor Based on Doctor Name Scenario" classname="Doctor" time="9.049">
    <system-out><![CDATA[
@Doctor
Scenario: Search Doctor Based on Doctor Name Scenario &amp#27;[90m# src/test/resources/features/3.Doctor.feature:68&amp#27;[0m
16:36:02.084 [main] INFO io.cucumber.core.plugin.SerenityReporter - Running feature from file:///E:/My%20Documents/File%20Difa/TI%20Semester%206%20Kampus%20Merdeka%20Alterra/Tugas/CAPSTONE%20Project/Capstone-Project-Website/src/test/resources/features/3.Doctor.feature
16:36:02.091 [main] INFO  - 
  _____   ___   ___   _____     ___   _____     _     ___   _____   ___   ___  
 |_   _| | __| / __| |_   _|   / __| |_   _|   /_\   | _ \ |_   _| | __| |   \ 
   | |   | _|  \__ \   | |     \__ \   | |    / _ \  |   /   | |   | _|  | |) |
   |_|   |___| |___/   |_|     |___/   |_|   /_/ \_\ |_|_\   |_|   |___| |___/ 

Search Doctor Based on Doctor Name Scenario(doctor;search-doctor-based-on-doctor-name-scenario)
--------------------------------------------------------------------------------
16:36:02.169 [main] DEBUG net.thucydides.core.steps.StepInterceptor - STARTING STEP: PatientSteps.iAmAtTheDashboardPage - openUrl
16:36:02.174 [main] INFO net.serenitybdd.core.webdriver.driverproviders.ChromeDriverProvider - Using automatically driver download
16:36:02.537 [AsyncHttpClient-1-1] DEBUG org.asynchttpclient.netty.channel.DefaultChannelPool - Entry count for : http://localhost:63603 : 1
16:36:02.537 [AsyncHttpClient-1-1] DEBUG org.asynchttpclient.netty.channel.DefaultChannelPool - Adding Candidate expired Channel [id: 0x8a0db8b3, L:/127.0.0.1:51210 ! R:localhost/127.0.0.1:63603] isIdleTimeoutExpired=false isRemotelyClosed=true isTtlExpired=false
16:36:02.537 [AsyncHttpClient-1-1] DEBUG org.asynchttpclient.netty.channel.DefaultChannelPool - Closing Idle Channel [id: 0x8a0db8b3, L:/127.0.0.1:51210 ! R:localhost/127.0.0.1:63603]
16:36:02.537 [AsyncHttpClient-1-1] DEBUG org.asynchttpclient.netty.channel.DefaultChannelPool - Closed 1 connections out of 1 in 0 ms
16:36:02.583 [main] DEBUG io.github.bonigarcia.wdm.cache.ResolutionCache - Resolution chrome=102 in cache (valid until 16:47:55 20/06/2022 ICT)
16:36:02.588 [main] DEBUG io.github.bonigarcia.wdm.cache.ResolutionCache - Resolution chrome102=102.0.5005.61 in cache (valid until 09:12:44 21/06/2022 ICT)
16:36:02.590 [main] INFO io.github.bonigarcia.wdm.WebDriverManager - Using chromedriver 102.0.5005.61 (resolved driver for Chrome 102)
16:36:02.601 [main] DEBUG io.github.bonigarcia.wdm.WebDriverManager - Driver chromedriver 102.0.5005.61 found in cache
16:36:02.602 [main] INFO io.github.bonigarcia.wdm.WebDriverManager - Exporting webdriver.chrome.driver as C:\Users\USER\.cache\selenium\chromedriver\win32\102.0.5005.61\chromedriver.exe
16:36:02.797 [main] DEBUG net.serenitybdd.core.webdriver.driverproviders.ProvideNewDriver - Instantiating driver
16:36:02.797 [main] DEBUG net.serenitybdd.core.webdriver.driverproviders.ProvideNewDriver - Driver capabilities: Capabilities {acceptInsecureCerts: false, base.url: https://hospital-management..., browserName: chrome, chrome.driver: src/test/resources/webdrive..., driver: chrome, goog:chromeOptions: {args: [], extensions: []}}
16:36:03.331 [AsyncHttpClient-1-4] DEBUG org.asynchttpclient.netty.channel.NettyConnectListener - Using new Channel '[id: 0x5cc4a804, L:/127.0.0.1:51232 - R:localhost/127.0.0.1:63478]' for 'POST' to '/session'
16:36:05.019 [AsyncHttpClient-1-4] DEBUG org.asynchttpclient.netty.handler.HttpHandler - 

Request DefaultHttpRequest(decodeResult: success, version: HTTP/1.1)
POST /session HTTP/1.1
User-Agent: selenium/4.1.2 (java windows)
Content-Length: 621
Content-Type: application/json; charset=utf-8
host: localhost:63478
accept: */*

Response DefaultHttpResponse(decodeResult: success, version: HTTP/1.1)
HTTP/1.1 200 OK
Content-Type: application/json; charset=utf-8
cache-control: no-cache
content-length: 789

16:36:05.019 [AsyncHttpClient-1-4] DEBUG org.asynchttpclient.netty.channel.ChannelManager - Adding key: http://localhost:63478 for channel [id: 0x5cc4a804, L:/127.0.0.1:51232 - R:localhost/127.0.0.1:63478]
16:36:05.025 [AsyncHttpClient-1-5] DEBUG org.asynchttpclient.netty.channel.NettyConnectListener - Using new Channel '[id: 0x948731e6, L:/127.0.0.1:51239 - R:localhost/127.0.0.1:51233]' for 'GET' to '/json/version'
16:36:05.026 [AsyncHttpClient-1-5] DEBUG org.asynchttpclient.netty.handler.HttpHandler - 

Request DefaultFullHttpRequest(decodeResult: success, version: HTTP/1.1, content: EmptyByteBufBE)
GET /json/version HTTP/1.1
User-Agent: selenium/4.1.2 (java windows)
host: localhost:51233
accept: */*

Response DefaultHttpResponse(decodeResult: success, version: HTTP/1.1)
HTTP/1.1 200 OK
Content-Type: application/json; charset=UTF-8
content-length: 427

16:36:05.026 [AsyncHttpClient-1-5] DEBUG org.asynchttpclient.netty.channel.ChannelManager - Adding key: http://localhost:51233 for channel [id: 0x948731e6, L:/127.0.0.1:51239 - R:localhost/127.0.0.1:51233]
16:36:05.029 [AsyncHttpClient-1-6] DEBUG org.asynchttpclient.netty.channel.NettyConnectListener - Using new Channel '[id: 0x0468b1b2, L:/127.0.0.1:51240 - R:localhost/127.0.0.1:51233]' for 'GET' to '/devtools/browser/b91476a4-752d-44c4-8192-11b8f4111ed2'
16:36:05.030 [AsyncHttpClient-1-6] DEBUG org.asynchttpclient.netty.handler.WebSocketHandler - 

Request DefaultFullHttpRequest(decodeResult: success, version: HTTP/1.1, content: EmptyByteBufBE)
GET /devtools/browser/b91476a4-752d-44c4-8192-11b8f4111ed2 HTTP/1.1
upgrade: websocket
connection: upgrade
sec-websocket-key: CxekTiIWspz6f/YXPwFrQg==
sec-websocket-version: 13
origin: http://localhost:51233
host: localhost:51233
accept: */*
user-agent: AHC/2.1

Response DefaultHttpResponse(decodeResult: success, version: HTTP/1.1)
HTTP/1.1 101 WebSocket Protocol Handshake
Upgrade: WebSocket
Connection: Upgrade
Sec-WebSocket-Accept: Sy3Rb6fD/cV0HLoSMDa41UQ235M=

16:36:05.058 [Forwarding maximizeCurrentWindow on session 3f30355c68cbfd48756ea55ae2ca1c88 to remote] DEBUG org.asynchttpclient.netty.request.NettyRequestSender - Using pooled Channel '[id: 0x5cc4a804, L:/127.0.0.1:51232 - R:localhost/127.0.0.1:63478]' for 'POST' to 'http://localhost:63478/session/3f30355c68cbfd48756ea55ae2ca1c88/window/maximize'
16:36:05.058 [Forwarding maximizeCurrentWindow on session 3f30355c68cbfd48756ea55ae2ca1c88 to remote] DEBUG org.asynchttpclient.netty.request.NettyRequestSender - Using open Channel [id: 0x5cc4a804, L:/127.0.0.1:51232 - R:localhost/127.0.0.1:63478] for POST '/session/3f30355c68cbfd48756ea55ae2ca1c88/window/maximize'
16:36:05.176 [AsyncHttpClient-1-4] DEBUG org.asynchttpclient.netty.handler.HttpHandler - 

Request DefaultHttpRequest(decodeResult: success, version: HTTP/1.1)
POST /session/3f30355c68cbfd48756ea55ae2ca1c88/window/maximize HTTP/1.1
User-Agent: selenium/4.1.2 (java windows)
Content-Length: 3
Content-Type: application/json; charset=utf-8
host: localhost:63478
accept: */*

Response DefaultHttpResponse(decodeResult: success, version: HTTP/1.1)
HTTP/1.1 200 OK
Content-Type: application/json; charset=utf-8
cache-control: no-cache
content-length: 51

16:36:05.176 [AsyncHttpClient-1-4] DEBUG org.asynchttpclient.netty.channel.ChannelManager - Adding key: http://localhost:63478 for channel [id: 0x5cc4a804, L:/127.0.0.1:51232 - R:localhost/127.0.0.1:63478]
16:36:05.178 [Forwarding get on session 3f30355c68cbfd48756ea55ae2ca1c88 to remote] DEBUG org.asynchttpclient.netty.request.NettyRequestSender - Using pooled Channel '[id: 0x5cc4a804, L:/127.0.0.1:51232 - R:localhost/127.0.0.1:63478]' for 'POST' to 'http://localhost:63478/session/3f30355c68cbfd48756ea55ae2ca1c88/url'
16:36:05.178 [Forwarding get on session 3f30355c68cbfd48756ea55ae2ca1c88 to remote] DEBUG org.asynchttpclient.netty.request.NettyRequestSender - Using open Channel [id: 0x5cc4a804, L:/127.0.0.1:51232 - R:localhost/127.0.0.1:63478] for POST '/session/3f30355c68cbfd48756ea55ae2ca1c88/url'
16:36:05.837 [AsyncHttpClient-1-1] DEBUG org.asynchttpclient.netty.channel.DefaultChannelPool - Entry count for : http://localhost:51233 : 1
16:36:06.937 [AsyncHttpClient-1-1] DEBUG org.asynchttpclient.netty.channel.DefaultChannelPool - Entry count for : http://localhost:51233 : 1
16:36:07.052 [AsyncHttpClient-1-4] DEBUG org.asynchttpclient.netty.handler.HttpHandler - 

Request DefaultHttpRequest(decodeResult: success, version: HTTP/1.1)
POST /session/3f30355c68cbfd48756ea55ae2ca1c88/url HTTP/1.1
User-Agent: selenium/4.1.2 (java windows)
Content-Length: 65
Content-Type: application/json; charset=utf-8
host: localhost:63478
accept: */*

Response DefaultHttpResponse(decodeResult: success, version: HTTP/1.1)
HTTP/1.1 200 OK
Content-Type: application/json; charset=utf-8
cache-control: no-cache
content-length: 14

16:36:07.052 [AsyncHttpClient-1-4] DEBUG org.asynchttpclient.netty.channel.ChannelManager - Adding key: http://localhost:63478 for channel [id: 0x5cc4a804, L:/127.0.0.1:51232 - R:localhost/127.0.0.1:63478]
16:36:07.054 [Forwarding setTimeout on session 3f30355c68cbfd48756ea55ae2ca1c88 to remote] DEBUG org.asynchttpclient.netty.request.NettyRequestSender - Using pooled Channel '[id: 0x5cc4a804, L:/127.0.0.1:51232 - R:localhost/127.0.0.1:63478]' for 'POST' to 'http://localhost:63478/session/3f30355c68cbfd48756ea55ae2ca1c88/timeouts'
16:36:07.054 [Forwarding setTimeout on session 3f30355c68cbfd48756ea55ae2ca1c88 to remote] DEBUG org.asynchttpclient.netty.request.NettyRequestSender - Using open Channel [id: 0x5cc4a804, L:/127.0.0.1:51232 - R:localhost/127.0.0.1:63478] for POST '/session/3f30355c68cbfd48756ea55ae2ca1c88/timeouts'
16:36:07.056 [AsyncHttpClient-1-4] DEBUG org.asynchttpclient.netty.handler.HttpHandler - 

Request DefaultHttpRequest(decodeResult: success, version: HTTP/1.1)
POST /session/3f30355c68cbfd48756ea55ae2ca1c88/timeouts HTTP/1.1
User-Agent: selenium/4.1.2 (java windows)
Content-Length: 22
Content-Type: application/json; charset=utf-8
host: localhost:63478
accept: */*

Response DefaultHttpResponse(decodeResult: success, version: HTTP/1.1)
HTTP/1.1 200 OK
Content-Type: application/json; charset=utf-8
cache-control: no-cache
content-length: 14

16:36:07.056 [AsyncHttpClient-1-4] DEBUG org.asynchttpclient.netty.channel.ChannelManager - Adding key: http://localhost:63478 for channel [id: 0x5cc4a804, L:/127.0.0.1:51232 - R:localhost/127.0.0.1:63478]
16:36:07.063 [Forwarding getCurrentUrl on session 3f30355c68cbfd48756ea55ae2ca1c88 to remote] DEBUG org.asynchttpclient.netty.request.NettyRequestSender - Using pooled Channel '[id: 0x5cc4a804, L:/127.0.0.1:51232 - R:localhost/127.0.0.1:63478]' for 'GET' to 'http://localhost:63478/session/3f30355c68cbfd48756ea55ae2ca1c88/url'
16:36:07.063 [Forwarding getCurrentUrl on session 3f30355c68cbfd48756ea55ae2ca1c88 to remote] DEBUG org.asynchttpclient.netty.request.NettyRequestSender - Using open Channel [id: 0x5cc4a804, L:/127.0.0.1:51232 - R:localhost/127.0.0.1:63478] for GET '/session/3f30355c68cbfd48756ea55ae2ca1c88/url'
16:36:07.217 [AsyncHttpClient-1-4] DEBUG org.asynchttpclient.netty.handler.HttpHandler - 

Request DefaultFullHttpRequest(decodeResult: success, version: HTTP/1.1, content: EmptyByteBufBE)
GET /session/3f30355c68cbfd48756ea55ae2ca1c88/url HTTP/1.1
User-Agent: selenium/4.1.2 (java windows)
Cache-Control: no-cache
Content-Type: application/json; charset=utf-8
host: localhost:63478
accept: */*

Response DefaultHttpResponse(decodeResult: success, version: HTTP/1.1)
HTTP/1.1 200 OK
Content-Type: application/json; charset=utf-8
cache-control: no-cache
content-length: 53

16:36:07.217 [AsyncHttpClient-1-4] DEBUG org.asynchttpclient.netty.channel.ChannelManager - Adding key: http://localhost:63478 for channel [id: 0x5cc4a804, L:/127.0.0.1:51232 - R:localhost/127.0.0.1:63478]
16:36:07.222 [Forwarding getCurrentUrl on session 3f30355c68cbfd48756ea55ae2ca1c88 to remote] DEBUG org.asynchttpclient.netty.request.NettyRequestSender - Using pooled Channel '[id: 0x5cc4a804, L:/127.0.0.1:51232 - R:localhost/127.0.0.1:63478]' for 'GET' to 'http://localhost:63478/session/3f30355c68cbfd48756ea55ae2ca1c88/url'
16:36:07.222 [Forwarding getCurrentUrl on session 3f30355c68cbfd48756ea55ae2ca1c88 to remote] DEBUG org.asynchttpclient.netty.request.NettyRequestSender - Using open Channel [id: 0x5cc4a804, L:/127.0.0.1:51232 - R:localhost/127.0.0.1:63478] for GET '/session/3f30355c68cbfd48756ea55ae2ca1c88/url'
16:36:07.233 [AsyncHttpClient-1-4] DEBUG org.asynchttpclient.netty.handler.HttpHandler - 

Request DefaultFullHttpRequest(decodeResult: success, version: HTTP/1.1, content: EmptyByteBufBE)
GET /session/3f30355c68cbfd48756ea55ae2ca1c88/url HTTP/1.1
User-Agent: selenium/4.1.2 (java windows)
Cache-Control: no-cache
Content-Type: application/json; charset=utf-8
host: localhost:63478
accept: */*

Response DefaultHttpResponse(decodeResult: success, version: HTTP/1.1)
HTTP/1.1 200 OK
Content-Type: application/json; charset=utf-8
cache-control: no-cache
content-length: 53

16:36:07.233 [AsyncHttpClient-1-4] DEBUG org.asynchttpclient.netty.channel.ChannelManager - Adding key: http://localhost:63478 for channel [id: 0x5cc4a804, L:/127.0.0.1:51232 - R:localhost/127.0.0.1:63478]
16:36:07.246 [Forwarding screenshot on session 3f30355c68cbfd48756ea55ae2ca1c88 to remote] DEBUG org.asynchttpclient.netty.request.NettyRequestSender - Using pooled Channel '[id: 0x5cc4a804, L:/127.0.0.1:51232 - R:localhost/127.0.0.1:63478]' for 'GET' to 'http://localhost:63478/session/3f30355c68cbfd48756ea55ae2ca1c88/screenshot'
16:36:07.246 [Forwarding screenshot on session 3f30355c68cbfd48756ea55ae2ca1c88 to remote] DEBUG org.asynchttpclient.netty.request.NettyRequestSender - Using open Channel [id: 0x5cc4a804, L:/127.0.0.1:51232 - R:localhost/127.0.0.1:63478] for GET '/session/3f30355c68cbfd48756ea55ae2ca1c88/screenshot'
16:36:07.635 [AsyncHttpClient-1-4] DEBUG org.asynchttpclient.netty.handler.HttpHandler - 

Request DefaultFullHttpRequest(decodeResult: success, version: HTTP/1.1, content: EmptyByteBufBE)
GET /session/3f30355c68cbfd48756ea55ae2ca1c88/screenshot HTTP/1.1
User-Agent: selenium/4.1.2 (java windows)
Cache-Control: no-cache
Content-Type: application/json; charset=utf-8
host: localhost:63478
accept: */*

Response DefaultHttpResponse(decodeResult: success, version: HTTP/1.1)
HTTP/1.1 200 OK
Content-Type: application/json; charset=utf-8
cache-control: no-cache
content-length: 345956

16:36:07.638 [AsyncHttpClient-1-4] DEBUG org.asynchttpclient.netty.channel.ChannelManager - Adding key: http://localhost:63478 for channel [id: 0x5cc4a804, L:/127.0.0.1:51232 - R:localhost/127.0.0.1:63478]
16:36:07.708 [main] DEBUG net.serenitybdd.core.photography.Darkroom - Send negative for processing for target\site\serenity\54aab8a176ed5fa556204cdf8f887450eab709093f337d71bb5cfeb5f7cfde79.png
16:36:07.709 [main] DEBUG net.thucydides.core.steps.StepInterceptor - STEP DONE: openUrl
16:36:07.710 [Darkroom Processing Line] DEBUG net.serenitybdd.core.photography.DarkroomProcessingLine - Processing screenshot image in /var/screenshots/screenshot-2600722619594484778
16:36:07.710 [Darkroom Processing Line] DEBUG net.serenitybdd.core.photography.DarkroomProcessingLine - Saving screenshot to target\site\serenity\54aab8a176ed5fa556204cdf8f887450eab709093f337d71bb5cfeb5f7cfde79.png
16:36:07.720 [main] DEBUG net.thucydides.core.steps.StepInterceptor - STARTING STEP: PatientSteps.iAmAtTheDashboardPage - validateOnDashboardPage
16:36:07.725 [Forwarding findElement on session 3f30355c68cbfd48756ea55ae2ca1c88 to remote] DEBUG org.asynchttpclient.netty.request.NettyRequestSender - Using pooled Channel '[id: 0x5cc4a804, L:/127.0.0.1:51232 - R:localhost/127.0.0.1:63478]' for 'POST' to 'http://localhost:63478/session/3f30355c68cbfd48756ea55ae2ca1c88/element'
16:36:07.725 [Forwarding findElement on session 3f30355c68cbfd48756ea55ae2ca1c88 to remote] DEBUG org.asynchttpclient.netty.request.NettyRequestSender - Using open Channel [id: 0x5cc4a804, L:/127.0.0.1:51232 - R:localhost/127.0.0.1:63478] for POST '/session/3f30355c68cbfd48756ea55ae2ca1c88/element'
16:36:07.748 [AsyncHttpClient-1-4] DEBUG org.asynchttpclient.netty.handler.HttpHandler - 

Request DefaultHttpRequest(decodeResult: success, version: HTTP/1.1)
POST /session/3f30355c68cbfd48756ea55ae2ca1c88/element HTTP/1.1
User-Agent: selenium/4.1.2 (java windows)
Content-Length: 81
Content-Type: application/json; charset=utf-8
host: localhost:63478
accept: */*

Response DefaultHttpResponse(decodeResult: success, version: HTTP/1.1)
HTTP/1.1 200 OK
Content-Type: application/json; charset=utf-8
cache-control: no-cache
content-length: 88

16:36:07.748 [AsyncHttpClient-1-4] DEBUG org.asynchttpclient.netty.channel.ChannelManager - Adding key: http://localhost:63478 for channel [id: 0x5cc4a804, L:/127.0.0.1:51232 - R:localhost/127.0.0.1:63478]
16:36:07.753 [Forwarding isElementDisplayed on session 3f30355c68cbfd48756ea55ae2ca1c88 to remote] DEBUG org.asynchttpclient.netty.request.NettyRequestSender - Using pooled Channel '[id: 0x5cc4a804, L:/127.0.0.1:51232 - R:localhost/127.0.0.1:63478]' for 'POST' to 'http://localhost:63478/session/3f30355c68cbfd48756ea55ae2ca1c88/execute/sync'
16:36:07.753 [Forwarding isElementDisplayed on session 3f30355c68cbfd48756ea55ae2ca1c88 to remote] DEBUG org.asynchttpclient.netty.request.NettyRequestSender - Using open Channel [id: 0x5cc4a804, L:/127.0.0.1:51232 - R:localhost/127.0.0.1:63478] for POST '/session/3f30355c68cbfd48756ea55ae2ca1c88/execute/sync'
16:36:07.781 [AsyncHttpClient-1-4] DEBUG org.asynchttpclient.netty.handler.HttpHandler - 

Request DefaultHttpRequest(decodeResult: success, version: HTTP/1.1)
POST /session/3f30355c68cbfd48756ea55ae2ca1c88/execute/sync HTTP/1.1
User-Agent: selenium/4.1.2 (java windows)
Content-Length: 48780
Content-Type: application/json; charset=utf-8
host: localhost:63478
accept: */*

Response DefaultHttpResponse(decodeResult: success, version: HTTP/1.1)
HTTP/1.1 200 OK
Content-Type: application/json; charset=utf-8
cache-control: no-cache
content-length: 14

16:36:07.781 [AsyncHttpClient-1-4] DEBUG org.asynchttpclient.netty.channel.ChannelManager - Adding key: http://localhost:63478 for channel [id: 0x5cc4a804, L:/127.0.0.1:51232 - R:localhost/127.0.0.1:63478]
16:36:07.790 [Forwarding screenshot on session 3f30355c68cbfd48756ea55ae2ca1c88 to remote] DEBUG org.asynchttpclient.netty.request.NettyRequestSender - Using pooled Channel '[id: 0x5cc4a804, L:/127.0.0.1:51232 - R:localhost/127.0.0.1:63478]' for 'GET' to 'http://localhost:63478/session/3f30355c68cbfd48756ea55ae2ca1c88/screenshot'
16:36:07.790 [Forwarding screenshot on session 3f30355c68cbfd48756ea55ae2ca1c88 to remote] DEBUG org.asynchttpclient.netty.request.NettyRequestSender - Using open Channel [id: 0x5cc4a804, L:/127.0.0.1:51232 - R:localhost/127.0.0.1:63478] for GET '/session/3f30355c68cbfd48756ea55ae2ca1c88/screenshot'
16:36:08.042 [AsyncHttpClient-1-1] DEBUG org.asynchttpclient.netty.channel.DefaultChannelPool - Entry count for : http://localhost:51233 : 1
16:36:08.162 [AsyncHttpClient-1-4] DEBUG org.asynchttpclient.netty.handler.HttpHandler - 

Request DefaultFullHttpRequest(decodeResult: success, version: HTTP/1.1, content: EmptyByteBufBE)
GET /session/3f30355c68cbfd48756ea55ae2ca1c88/screenshot HTTP/1.1
User-Agent: selenium/4.1.2 (java windows)
Cache-Control: no-cache
Content-Type: application/json; charset=utf-8
host: localhost:63478
accept: */*

Response DefaultHttpResponse(decodeResult: success, version: HTTP/1.1)
HTTP/1.1 200 OK
Content-Type: application/json; charset=utf-8
cache-control: no-cache
content-length: 382596

16:36:08.164 [AsyncHttpClient-1-4] DEBUG org.asynchttpclient.netty.channel.ChannelManager - Adding key: http://localhost:63478 for channel [id: 0x5cc4a804, L:/127.0.0.1:51232 - R:localhost/127.0.0.1:63478]
16:36:08.188 [main] DEBUG net.serenitybdd.core.photography.Darkroom - Send negative for processing for target\site\serenity\ed15a54c91c342d96a850276df7b559f4526b370fc93040e3c407a48a170f368.png
16:36:08.188 [main] DEBUG net.thucydides.core.steps.StepInterceptor - STEP DONE: validateOnDashboardPage
  &amp#27;[32mGiven &amp#27;[0m&amp#27;[32mI am at the dashboard page&amp#27;[0m                    &amp#27;[90m# starter.stepdefinitions.PatientSteps.iAmAtTheDashboardPage()&amp#27;[0m
16:36:08.231 [main] DEBUG net.thucydides.core.steps.StepInterceptor - STARTING STEP: DoctorSteps.iClickMenuDoctor - clickMenuDoctorButton
16:36:08.236 [Forwarding findElement on session 3f30355c68cbfd48756ea55ae2ca1c88 to remote] DEBUG org.asynchttpclient.netty.request.NettyRequestSender - Using pooled Channel '[id: 0x5cc4a804, L:/127.0.0.1:51232 - R:localhost/127.0.0.1:63478]' for 'POST' to 'http://localhost:63478/session/3f30355c68cbfd48756ea55ae2ca1c88/element'
16:36:08.236 [Forwarding findElement on session 3f30355c68cbfd48756ea55ae2ca1c88 to remote] DEBUG org.asynchttpclient.netty.request.NettyRequestSender - Using open Channel [id: 0x5cc4a804, L:/127.0.0.1:51232 - R:localhost/127.0.0.1:63478] for POST '/session/3f30355c68cbfd48756ea55ae2ca1c88/element'
16:36:08.291 [AsyncHttpClient-1-4] DEBUG org.asynchttpclient.netty.handler.HttpHandler - 

Request DefaultHttpRequest(decodeResult: success, version: HTTP/1.1)
POST /session/3f30355c68cbfd48756ea55ae2ca1c88/element HTTP/1.1
User-Agent: selenium/4.1.2 (java windows)
Content-Length: 79
Content-Type: application/json; charset=utf-8
host: localhost:63478
accept: */*

Response DefaultHttpResponse(decodeResult: success, version: HTTP/1.1)
HTTP/1.1 200 OK
Content-Type: application/json; charset=utf-8
cache-control: no-cache
content-length: 88

16:36:08.291 [AsyncHttpClient-1-4] DEBUG org.asynchttpclient.netty.channel.ChannelManager - Adding key: http://localhost:63478 for channel [id: 0x5cc4a804, L:/127.0.0.1:51232 - R:localhost/127.0.0.1:63478]
16:36:08.293 [Forwarding getElementTagName on session 3f30355c68cbfd48756ea55ae2ca1c88 to remote] DEBUG org.asynchttpclient.netty.request.NettyRequestSender - Using pooled Channel '[id: 0x5cc4a804, L:/127.0.0.1:51232 - R:localhost/127.0.0.1:63478]' for 'GET' to 'http://localhost:63478/session/3f30355c68cbfd48756ea55ae2ca1c88/element/c9239c82-a1cb-4880-a3d0-e5b2cbada17c/name'
16:36:08.293 [Forwarding getElementTagName on session 3f30355c68cbfd48756ea55ae2ca1c88 to remote] DEBUG org.asynchttpclient.netty.request.NettyRequestSender - Using open Channel [id: 0x5cc4a804, L:/127.0.0.1:51232 - R:localhost/127.0.0.1:63478] for GET '/session/3f30355c68cbfd48756ea55ae2ca1c88/element/c9239c82-a1cb-4880-a3d0-e5b2cbada17c/name'
16:36:08.308 [AsyncHttpClient-1-4] DEBUG org.asynchttpclient.netty.handler.HttpHandler - 

Request DefaultFullHttpRequest(decodeResult: success, version: HTTP/1.1, content: EmptyByteBufBE)
GET /session/3f30355c68cbfd48756ea55ae2ca1c88/element/c9239c82-a1cb-4880-a3d0-e5b2cbada17c/name HTTP/1.1
User-Agent: selenium/4.1.2 (java windows)
Cache-Control: no-cache
Content-Type: application/json; charset=utf-8
host: localhost:63478
accept: */*

Response DefaultHttpResponse(decodeResult: success, version: HTTP/1.1)
HTTP/1.1 200 OK
Content-Type: application/json; charset=utf-8
cache-control: no-cache
content-length: 15

16:36:08.308 [AsyncHttpClient-1-4] DEBUG org.asynchttpclient.netty.channel.ChannelManager - Adding key: http://localhost:63478 for channel [id: 0x5cc4a804, L:/127.0.0.1:51232 - R:localhost/127.0.0.1:63478]
16:36:08.309 [Forwarding getElementTagName on session 3f30355c68cbfd48756ea55ae2ca1c88 to remote] DEBUG org.asynchttpclient.netty.request.NettyRequestSender - Using pooled Channel '[id: 0x5cc4a804, L:/127.0.0.1:51232 - R:localhost/127.0.0.1:63478]' for 'GET' to 'http://localhost:63478/session/3f30355c68cbfd48756ea55ae2ca1c88/element/c9239c82-a1cb-4880-a3d0-e5b2cbada17c/name'
16:36:08.309 [Forwarding getElementTagName on session 3f30355c68cbfd48756ea55ae2ca1c88 to remote] DEBUG org.asynchttpclient.netty.request.NettyRequestSender - Using open Channel [id: 0x5cc4a804, L:/127.0.0.1:51232 - R:localhost/127.0.0.1:63478] for GET '/session/3f30355c68cbfd48756ea55ae2ca1c88/element/c9239c82-a1cb-4880-a3d0-e5b2cbada17c/name'
16:36:08.358 [AsyncHttpClient-1-4] DEBUG org.asynchttpclient.netty.handler.HttpHandler - 

Request DefaultFullHttpRequest(decodeResult: success, version: HTTP/1.1, content: EmptyByteBufBE)
GET /session/3f30355c68cbfd48756ea55ae2ca1c88/element/c9239c82-a1cb-4880-a3d0-e5b2cbada17c/name HTTP/1.1
User-Agent: selenium/4.1.2 (java windows)
Cache-Control: no-cache
Content-Type: application/json; charset=utf-8
host: localhost:63478
accept: */*

Response DefaultHttpResponse(decodeResult: success, version: HTTP/1.1)
HTTP/1.1 200 OK
Content-Type: application/json; charset=utf-8
cache-control: no-cache
content-length: 15

16:36:08.358 [AsyncHttpClient-1-4] DEBUG org.asynchttpclient.netty.channel.ChannelManager - Adding key: http://localhost:63478 for channel [id: 0x5cc4a804, L:/127.0.0.1:51232 - R:localhost/127.0.0.1:63478]
16:36:08.361 [Forwarding findElement on session 3f30355c68cbfd48756ea55ae2ca1c88 to remote] DEBUG org.asynchttpclient.netty.request.NettyRequestSender - Using pooled Channel '[id: 0x5cc4a804, L:/127.0.0.1:51232 - R:localhost/127.0.0.1:63478]' for 'POST' to 'http://localhost:63478/session/3f30355c68cbfd48756ea55ae2ca1c88/element'
16:36:08.361 [Forwarding findElement on session 3f30355c68cbfd48756ea55ae2ca1c88 to remote] DEBUG org.asynchttpclient.netty.request.NettyRequestSender - Using open Channel [id: 0x5cc4a804, L:/127.0.0.1:51232 - R:localhost/127.0.0.1:63478] for POST '/session/3f30355c68cbfd48756ea55ae2ca1c88/element'
16:36:08.373 [AsyncHttpClient-1-4] DEBUG org.asynchttpclient.netty.handler.HttpHandler - 

Request DefaultHttpRequest(decodeResult: success, version: HTTP/1.1)
POST /session/3f30355c68cbfd48756ea55ae2ca1c88/element HTTP/1.1
User-Agent: selenium/4.1.2 (java windows)
Content-Length: 79
Content-Type: application/json; charset=utf-8
host: localhost:63478
accept: */*

Response DefaultHttpResponse(decodeResult: success, version: HTTP/1.1)
HTTP/1.1 200 OK
Content-Type: application/json; charset=utf-8
cache-control: no-cache
content-length: 88

16:36:08.373 [AsyncHttpClient-1-4] DEBUG org.asynchttpclient.netty.channel.ChannelManager - Adding key: http://localhost:63478 for channel [id: 0x5cc4a804, L:/127.0.0.1:51232 - R:localhost/127.0.0.1:63478]
16:36:08.374 [Forwarding clickElement on session 3f30355c68cbfd48756ea55ae2ca1c88 to remote] DEBUG org.asynchttpclient.netty.request.NettyRequestSender - Using pooled Channel '[id: 0x5cc4a804, L:/127.0.0.1:51232 - R:localhost/127.0.0.1:63478]' for 'POST' to 'http://localhost:63478/session/3f30355c68cbfd48756ea55ae2ca1c88/element/c9239c82-a1cb-4880-a3d0-e5b2cbada17c/click'
16:36:08.374 [Forwarding clickElement on session 3f30355c68cbfd48756ea55ae2ca1c88 to remote] DEBUG org.asynchttpclient.netty.request.NettyRequestSender - Using open Channel [id: 0x5cc4a804, L:/127.0.0.1:51232 - R:localhost/127.0.0.1:63478] for POST '/session/3f30355c68cbfd48756ea55ae2ca1c88/element/c9239c82-a1cb-4880-a3d0-e5b2cbada17c/click'
16:36:08.551 [AsyncHttpClient-1-4] DEBUG org.asynchttpclient.netty.handler.HttpHandler - 

Request DefaultHttpRequest(decodeResult: success, version: HTTP/1.1)
POST /session/3f30355c68cbfd48756ea55ae2ca1c88/element/c9239c82-a1cb-4880-a3d0-e5b2cbada17c/click HTTP/1.1
User-Agent: selenium/4.1.2 (java windows)
Content-Length: 50
Content-Type: application/json; charset=utf-8
host: localhost:63478
accept: */*

Response DefaultHttpResponse(decodeResult: success, version: HTTP/1.1)
HTTP/1.1 200 OK
Content-Type: application/json; charset=utf-8
cache-control: no-cache
content-length: 14

16:36:08.551 [AsyncHttpClient-1-4] DEBUG org.asynchttpclient.netty.channel.ChannelManager - Adding key: http://localhost:63478 for channel [id: 0x5cc4a804, L:/127.0.0.1:51232 - R:localhost/127.0.0.1:63478]
16:36:08.558 [Forwarding screenshot on session 3f30355c68cbfd48756ea55ae2ca1c88 to remote] DEBUG org.asynchttpclient.netty.request.NettyRequestSender - Using pooled Channel '[id: 0x5cc4a804, L:/127.0.0.1:51232 - R:localhost/127.0.0.1:63478]' for 'GET' to 'http://localhost:63478/session/3f30355c68cbfd48756ea55ae2ca1c88/screenshot'
16:36:08.558 [Forwarding screenshot on session 3f30355c68cbfd48756ea55ae2ca1c88 to remote] DEBUG org.asynchttpclient.netty.request.NettyRequestSender - Using open Channel [id: 0x5cc4a804, L:/127.0.0.1:51232 - R:localhost/127.0.0.1:63478] for GET '/session/3f30355c68cbfd48756ea55ae2ca1c88/screenshot'
16:36:08.668 [AsyncHttpClient-1-4] DEBUG org.asynchttpclient.netty.handler.HttpHandler - 

Request DefaultFullHttpRequest(decodeResult: success, version: HTTP/1.1, content: EmptyByteBufBE)
GET /session/3f30355c68cbfd48756ea55ae2ca1c88/screenshot HTTP/1.1
User-Agent: selenium/4.1.2 (java windows)
Cache-Control: no-cache
Content-Type: application/json; charset=utf-8
host: localhost:63478
accept: */*

Response DefaultHttpResponse(decodeResult: success, version: HTTP/1.1)
HTTP/1.1 200 OK
Content-Type: application/json; charset=utf-8
cache-control: no-cache
content-length: 56192

16:36:08.668 [AsyncHttpClient-1-4] DEBUG org.asynchttpclient.netty.channel.ChannelManager - Adding key: http://localhost:63478 for channel [id: 0x5cc4a804, L:/127.0.0.1:51232 - R:localhost/127.0.0.1:63478]
16:36:08.672 [main] DEBUG net.serenitybdd.core.photography.Darkroom - Send negative for processing for target\site\serenity\d631e005c1ab8c2ae9496eb0000819a309562887f5f0fc5c3b73065dfab87bed.png
16:36:08.673 [main] DEBUG net.thucydides.core.steps.StepInterceptor - STEP DONE: clickMenuDoctorButton
  &amp#27;[32mAnd &amp#27;[0m&amp#27;[32mI click menu doctor&amp#27;[0m                             &amp#27;[90m# starter.stepdefinitions.DoctorSteps.iClickMenuDoctor()&amp#27;[0m
16:36:08.693 [Forwarding findElement on session 3f30355c68cbfd48756ea55ae2ca1c88 to remote] DEBUG org.asynchttpclient.netty.request.NettyRequestSender - Using pooled Channel '[id: 0x5cc4a804, L:/127.0.0.1:51232 - R:localhost/127.0.0.1:63478]' for 'POST' to 'http://localhost:63478/session/3f30355c68cbfd48756ea55ae2ca1c88/element'
16:36:08.693 [Forwarding findElement on session 3f30355c68cbfd48756ea55ae2ca1c88 to remote] DEBUG org.asynchttpclient.netty.request.NettyRequestSender - Using open Channel [id: 0x5cc4a804, L:/127.0.0.1:51232 - R:localhost/127.0.0.1:63478] for POST '/session/3f30355c68cbfd48756ea55ae2ca1c88/element'
16:36:08.709 [AsyncHttpClient-1-4] DEBUG org.asynchttpclient.netty.handler.HttpHandler - 

Request DefaultHttpRequest(decodeResult: success, version: HTTP/1.1)
POST /session/3f30355c68cbfd48756ea55ae2ca1c88/element HTTP/1.1
User-Agent: selenium/4.1.2 (java windows)
Content-Length: 160
Content-Type: application/json; charset=utf-8
host: localhost:63478
accept: */*

Response DefaultHttpResponse(decodeResult: success, version: HTTP/1.1)
HTTP/1.1 200 OK
Content-Type: application/json; charset=utf-8
cache-control: no-cache
content-length: 88

16:36:08.709 [AsyncHttpClient-1-4] DEBUG org.asynchttpclient.netty.channel.ChannelManager - Adding key: http://localhost:63478 for channel [id: 0x5cc4a804, L:/127.0.0.1:51232 - R:localhost/127.0.0.1:63478]
16:36:08.710 [Forwarding clearElement on session 3f30355c68cbfd48756ea55ae2ca1c88 to remote] DEBUG org.asynchttpclient.netty.request.NettyRequestSender - Using pooled Channel '[id: 0x5cc4a804, L:/127.0.0.1:51232 - R:localhost/127.0.0.1:63478]' for 'POST' to 'http://localhost:63478/session/3f30355c68cbfd48756ea55ae2ca1c88/element/9ec025a0-3519-43cd-af52-f44392da0aca/clear'
16:36:08.710 [Forwarding clearElement on session 3f30355c68cbfd48756ea55ae2ca1c88 to remote] DEBUG org.asynchttpclient.netty.request.NettyRequestSender - Using open Channel [id: 0x5cc4a804, L:/127.0.0.1:51232 - R:localhost/127.0.0.1:63478] for POST '/session/3f30355c68cbfd48756ea55ae2ca1c88/element/9ec025a0-3519-43cd-af52-f44392da0aca/clear'
16:36:08.762 [AsyncHttpClient-1-4] DEBUG org.asynchttpclient.netty.handler.HttpHandler - 

Request DefaultHttpRequest(decodeResult: success, version: HTTP/1.1)
POST /session/3f30355c68cbfd48756ea55ae2ca1c88/element/9ec025a0-3519-43cd-af52-f44392da0aca/clear HTTP/1.1
User-Agent: selenium/4.1.2 (java windows)
Content-Length: 50
Content-Type: application/json; charset=utf-8
host: localhost:63478
accept: */*

Response DefaultHttpResponse(decodeResult: success, version: HTTP/1.1)
HTTP/1.1 200 OK
Content-Type: application/json; charset=utf-8
cache-control: no-cache
content-length: 14

16:36:08.763 [AsyncHttpClient-1-4] DEBUG org.asynchttpclient.netty.channel.ChannelManager - Adding key: http://localhost:63478 for channel [id: 0x5cc4a804, L:/127.0.0.1:51232 - R:localhost/127.0.0.1:63478]
16:36:08.765 [Forwarding sendKeysToElement on session 3f30355c68cbfd48756ea55ae2ca1c88 to remote] DEBUG org.asynchttpclient.netty.request.NettyRequestSender - Using pooled Channel '[id: 0x5cc4a804, L:/127.0.0.1:51232 - R:localhost/127.0.0.1:63478]' for 'POST' to 'http://localhost:63478/session/3f30355c68cbfd48756ea55ae2ca1c88/element/9ec025a0-3519-43cd-af52-f44392da0aca/value'
16:36:08.765 [Forwarding sendKeysToElement on session 3f30355c68cbfd48756ea55ae2ca1c88 to remote] DEBUG org.asynchttpclient.netty.request.NettyRequestSender - Using open Channel [id: 0x5cc4a804, L:/127.0.0.1:51232 - R:localhost/127.0.0.1:63478] for POST '/session/3f30355c68cbfd48756ea55ae2ca1c88/element/9ec025a0-3519-43cd-af52-f44392da0aca/value'
16:36:09.137 [AsyncHttpClient-1-1] DEBUG org.asynchttpclient.netty.channel.DefaultChannelPool - Entry count for : http://localhost:51233 : 1
16:36:09.149 [AsyncHttpClient-1-4] DEBUG org.asynchttpclient.netty.handler.HttpHandler - 

Request DefaultHttpRequest(decodeResult: success, version: HTTP/1.1)
POST /session/3f30355c68cbfd48756ea55ae2ca1c88/element/9ec025a0-3519-43cd-af52-f44392da0aca/value HTTP/1.1
User-Agent: selenium/4.1.2 (java windows)
Content-Length: 171
Content-Type: application/json; charset=utf-8
host: localhost:63478
accept: */*

Response DefaultHttpResponse(decodeResult: success, version: HTTP/1.1)
HTTP/1.1 200 OK
Content-Type: application/json; charset=utf-8
cache-control: no-cache
content-length: 14

16:36:09.149 [AsyncHttpClient-1-4] DEBUG org.asynchttpclient.netty.channel.ChannelManager - Adding key: http://localhost:63478 for channel [id: 0x5cc4a804, L:/127.0.0.1:51232 - R:localhost/127.0.0.1:63478]
16:36:09.166 [Forwarding screenshot on session 3f30355c68cbfd48756ea55ae2ca1c88 to remote] DEBUG org.asynchttpclient.netty.request.NettyRequestSender - Using pooled Channel '[id: 0x5cc4a804, L:/127.0.0.1:51232 - R:localhost/127.0.0.1:63478]' for 'GET' to 'http://localhost:63478/session/3f30355c68cbfd48756ea55ae2ca1c88/screenshot'
16:36:09.166 [Forwarding screenshot on session 3f30355c68cbfd48756ea55ae2ca1c88 to remote] DEBUG org.asynchttpclient.netty.request.NettyRequestSender - Using open Channel [id: 0x5cc4a804, L:/127.0.0.1:51232 - R:localhost/127.0.0.1:63478] for GET '/session/3f30355c68cbfd48756ea55ae2ca1c88/screenshot'
16:36:09.309 [AsyncHttpClient-1-4] DEBUG org.asynchttpclient.netty.handler.HttpHandler - 

Request DefaultFullHttpRequest(decodeResult: success, version: HTTP/1.1, content: EmptyByteBufBE)
GET /session/3f30355c68cbfd48756ea55ae2ca1c88/screenshot HTTP/1.1
User-Agent: selenium/4.1.2 (java windows)
Cache-Control: no-cache
Content-Type: application/json; charset=utf-8
host: localhost:63478
accept: */*

Response DefaultHttpResponse(decodeResult: success, version: HTTP/1.1)
HTTP/1.1 200 OK
Content-Type: application/json; charset=utf-8
cache-control: no-cache
content-length: 91320

16:36:09.309 [AsyncHttpClient-1-4] DEBUG org.asynchttpclient.netty.channel.ChannelManager - Adding key: http://localhost:63478 for channel [id: 0x5cc4a804, L:/127.0.0.1:51232 - R:localhost/127.0.0.1:63478]
16:36:09.314 [main] DEBUG net.serenitybdd.core.photography.Darkroom - Send negative for processing for target\site\serenity\8a720ffdadfac4ee1163f735803763a5d4b43f5183ec267ff525f1cb63716c01.png
16:36:09.314 [main] DEBUG net.thucydides.core.steps.StepInterceptor - STARTING STEP: DoctorSteps.iInputDoctorNameAndClickSearch - clickSearchButton
16:36:09.314 [Darkroom Processing Line] DEBUG net.serenitybdd.core.photography.DarkroomProcessingLine - Processing screenshot image in /var/screenshots/screenshot-1093362187740886650
16:36:09.314 [Darkroom Processing Line] DEBUG net.serenitybdd.core.photography.DarkroomProcessingLine - Saving screenshot to target\site\serenity\8a720ffdadfac4ee1163f735803763a5d4b43f5183ec267ff525f1cb63716c01.png
16:36:09.318 [Forwarding findElement on session 3f30355c68cbfd48756ea55ae2ca1c88 to remote] DEBUG org.asynchttpclient.netty.request.NettyRequestSender - Using pooled Channel '[id: 0x5cc4a804, L:/127.0.0.1:51232 - R:localhost/127.0.0.1:63478]' for 'POST' to 'http://localhost:63478/session/3f30355c68cbfd48756ea55ae2ca1c88/element'
16:36:09.318 [Forwarding findElement on session 3f30355c68cbfd48756ea55ae2ca1c88 to remote] DEBUG org.asynchttpclient.netty.request.NettyRequestSender - Using open Channel [id: 0x5cc4a804, L:/127.0.0.1:51232 - R:localhost/127.0.0.1:63478] for POST '/session/3f30355c68cbfd48756ea55ae2ca1c88/element'
16:36:09.334 [AsyncHttpClient-1-4] DEBUG org.asynchttpclient.netty.handler.HttpHandler - 

Request DefaultHttpRequest(decodeResult: success, version: HTTP/1.1)
POST /session/3f30355c68cbfd48756ea55ae2ca1c88/element HTTP/1.1
User-Agent: selenium/4.1.2 (java windows)
Content-Length: 161
Content-Type: application/json; charset=utf-8
host: localhost:63478
accept: */*

Response DefaultHttpResponse(decodeResult: success, version: HTTP/1.1)
HTTP/1.1 200 OK
Content-Type: application/json; charset=utf-8
cache-control: no-cache
content-length: 88

16:36:09.334 [AsyncHttpClient-1-4] DEBUG org.asynchttpclient.netty.channel.ChannelManager - Adding key: http://localhost:63478 for channel [id: 0x5cc4a804, L:/127.0.0.1:51232 - R:localhost/127.0.0.1:63478]
16:36:09.335 [Forwarding getElementTagName on session 3f30355c68cbfd48756ea55ae2ca1c88 to remote] DEBUG org.asynchttpclient.netty.request.NettyRequestSender - Using pooled Channel '[id: 0x5cc4a804, L:/127.0.0.1:51232 - R:localhost/127.0.0.1:63478]' for 'GET' to 'http://localhost:63478/session/3f30355c68cbfd48756ea55ae2ca1c88/element/1c5fa6b0-a531-4bd2-9910-c4f35eaa8532/name'
16:36:09.335 [Forwarding getElementTagName on session 3f30355c68cbfd48756ea55ae2ca1c88 to remote] DEBUG org.asynchttpclient.netty.request.NettyRequestSender - Using open Channel [id: 0x5cc4a804, L:/127.0.0.1:51232 - R:localhost/127.0.0.1:63478] for GET '/session/3f30355c68cbfd48756ea55ae2ca1c88/element/1c5fa6b0-a531-4bd2-9910-c4f35eaa8532/name'
16:36:09.339 [AsyncHttpClient-1-4] DEBUG org.asynchttpclient.netty.handler.HttpHandler - 

Request DefaultFullHttpRequest(decodeResult: success, version: HTTP/1.1, content: EmptyByteBufBE)
GET /session/3f30355c68cbfd48756ea55ae2ca1c88/element/1c5fa6b0-a531-4bd2-9910-c4f35eaa8532/name HTTP/1.1
User-Agent: selenium/4.1.2 (java windows)
Cache-Control: no-cache
Content-Type: application/json; charset=utf-8
host: localhost:63478
accept: */*

Response DefaultHttpResponse(decodeResult: success, version: HTTP/1.1)
HTTP/1.1 200 OK
Content-Type: application/json; charset=utf-8
cache-control: no-cache
content-length: 18

16:36:09.339 [AsyncHttpClient-1-4] DEBUG org.asynchttpclient.netty.channel.ChannelManager - Adding key: http://localhost:63478 for channel [id: 0x5cc4a804, L:/127.0.0.1:51232 - R:localhost/127.0.0.1:63478]
16:36:09.340 [Forwarding getElementTagName on session 3f30355c68cbfd48756ea55ae2ca1c88 to remote] DEBUG org.asynchttpclient.netty.request.NettyRequestSender - Using pooled Channel '[id: 0x5cc4a804, L:/127.0.0.1:51232 - R:localhost/127.0.0.1:63478]' for 'GET' to 'http://localhost:63478/session/3f30355c68cbfd48756ea55ae2ca1c88/element/1c5fa6b0-a531-4bd2-9910-c4f35eaa8532/name'
16:36:09.340 [Forwarding getElementTagName on session 3f30355c68cbfd48756ea55ae2ca1c88 to remote] DEBUG org.asynchttpclient.netty.request.NettyRequestSender - Using open Channel [id: 0x5cc4a804, L:/127.0.0.1:51232 - R:localhost/127.0.0.1:63478] for GET '/session/3f30355c68cbfd48756ea55ae2ca1c88/element/1c5fa6b0-a531-4bd2-9910-c4f35eaa8532/name'
16:36:09.344 [AsyncHttpClient-1-4] DEBUG org.asynchttpclient.netty.handler.HttpHandler - 

Request DefaultFullHttpRequest(decodeResult: success, version: HTTP/1.1, content: EmptyByteBufBE)
GET /session/3f30355c68cbfd48756ea55ae2ca1c88/element/1c5fa6b0-a531-4bd2-9910-c4f35eaa8532/name HTTP/1.1
User-Agent: selenium/4.1.2 (java windows)
Cache-Control: no-cache
Content-Type: application/json; charset=utf-8
host: localhost:63478
accept: */*

Response DefaultHttpResponse(decodeResult: success, version: HTTP/1.1)
HTTP/1.1 200 OK
Content-Type: application/json; charset=utf-8
cache-control: no-cache
content-length: 18

16:36:09.345 [AsyncHttpClient-1-4] DEBUG org.asynchttpclient.netty.channel.ChannelManager - Adding key: http://localhost:63478 for channel [id: 0x5cc4a804, L:/127.0.0.1:51232 - R:localhost/127.0.0.1:63478]
16:36:09.347 [Forwarding isElementEnabled on session 3f30355c68cbfd48756ea55ae2ca1c88 to remote] DEBUG org.asynchttpclient.netty.request.NettyRequestSender - Using pooled Channel '[id: 0x5cc4a804, L:/127.0.0.1:51232 - R:localhost/127.0.0.1:63478]' for 'GET' to 'http://localhost:63478/session/3f30355c68cbfd48756ea55ae2ca1c88/element/1c5fa6b0-a531-4bd2-9910-c4f35eaa8532/enabled'
16:36:09.347 [Forwarding isElementEnabled on session 3f30355c68cbfd48756ea55ae2ca1c88 to remote] DEBUG org.asynchttpclient.netty.request.NettyRequestSender - Using open Channel [id: 0x5cc4a804, L:/127.0.0.1:51232 - R:localhost/127.0.0.1:63478] for GET '/session/3f30355c68cbfd48756ea55ae2ca1c88/element/1c5fa6b0-a531-4bd2-9910-c4f35eaa8532/enabled'
16:36:09.357 [AsyncHttpClient-1-4] DEBUG org.asynchttpclient.netty.handler.HttpHandler - 

Request DefaultFullHttpRequest(decodeResult: success, version: HTTP/1.1, content: EmptyByteBufBE)
GET /session/3f30355c68cbfd48756ea55ae2ca1c88/element/1c5fa6b0-a531-4bd2-9910-c4f35eaa8532/enabled HTTP/1.1
User-Agent: selenium/4.1.2 (java windows)
Cache-Control: no-cache
Content-Type: application/json; charset=utf-8
host: localhost:63478
accept: */*

Response DefaultHttpResponse(decodeResult: success, version: HTTP/1.1)
HTTP/1.1 200 OK
Content-Type: application/json; charset=utf-8
cache-control: no-cache
content-length: 14

16:36:09.357 [AsyncHttpClient-1-4] DEBUG org.asynchttpclient.netty.channel.ChannelManager - Adding key: http://localhost:63478 for channel [id: 0x5cc4a804, L:/127.0.0.1:51232 - R:localhost/127.0.0.1:63478]
16:36:09.358 [Forwarding isElementEnabled on session 3f30355c68cbfd48756ea55ae2ca1c88 to remote] DEBUG org.asynchttpclient.netty.request.NettyRequestSender - Using pooled Channel '[id: 0x5cc4a804, L:/127.0.0.1:51232 - R:localhost/127.0.0.1:63478]' for 'GET' to 'http://localhost:63478/session/3f30355c68cbfd48756ea55ae2ca1c88/element/1c5fa6b0-a531-4bd2-9910-c4f35eaa8532/enabled'
16:36:09.358 [Forwarding isElementEnabled on session 3f30355c68cbfd48756ea55ae2ca1c88 to remote] DEBUG org.asynchttpclient.netty.request.NettyRequestSender - Using open Channel [id: 0x5cc4a804, L:/127.0.0.1:51232 - R:localhost/127.0.0.1:63478] for GET '/session/3f30355c68cbfd48756ea55ae2ca1c88/element/1c5fa6b0-a531-4bd2-9910-c4f35eaa8532/enabled'
16:36:09.365 [AsyncHttpClient-1-4] DEBUG org.asynchttpclient.netty.handler.HttpHandler - 

Request DefaultFullHttpRequest(decodeResult: success, version: HTTP/1.1, content: EmptyByteBufBE)
GET /session/3f30355c68cbfd48756ea55ae2ca1c88/element/1c5fa6b0-a531-4bd2-9910-c4f35eaa8532/enabled HTTP/1.1
User-Agent: selenium/4.1.2 (java windows)
Cache-Control: no-cache
Content-Type: application/json; charset=utf-8
host: localhost:63478
accept: */*

Response DefaultHttpResponse(decodeResult: success, version: HTTP/1.1)
HTTP/1.1 200 OK
Content-Type: application/json; charset=utf-8
cache-control: no-cache
content-length: 14

16:36:09.365 [AsyncHttpClient-1-4] DEBUG org.asynchttpclient.netty.channel.ChannelManager - Adding key: http://localhost:63478 for channel [id: 0x5cc4a804, L:/127.0.0.1:51232 - R:localhost/127.0.0.1:63478]
16:36:09.367 [Forwarding findElement on session 3f30355c68cbfd48756ea55ae2ca1c88 to remote] DEBUG org.asynchttpclient.netty.request.NettyRequestSender - Using pooled Channel '[id: 0x5cc4a804, L:/127.0.0.1:51232 - R:localhost/127.0.0.1:63478]' for 'POST' to 'http://localhost:63478/session/3f30355c68cbfd48756ea55ae2ca1c88/element'
16:36:09.367 [Forwarding findElement on session 3f30355c68cbfd48756ea55ae2ca1c88 to remote] DEBUG org.asynchttpclient.netty.request.NettyRequestSender - Using open Channel [id: 0x5cc4a804, L:/127.0.0.1:51232 - R:localhost/127.0.0.1:63478] for POST '/session/3f30355c68cbfd48756ea55ae2ca1c88/element'
16:36:09.376 [AsyncHttpClient-1-4] DEBUG org.asynchttpclient.netty.handler.HttpHandler - 

Request DefaultHttpRequest(decodeResult: success, version: HTTP/1.1)
POST /session/3f30355c68cbfd48756ea55ae2ca1c88/element HTTP/1.1
User-Agent: selenium/4.1.2 (java windows)
Content-Length: 161
Content-Type: application/json; charset=utf-8
host: localhost:63478
accept: */*

Response DefaultHttpResponse(decodeResult: success, version: HTTP/1.1)
HTTP/1.1 200 OK
Content-Type: application/json; charset=utf-8
cache-control: no-cache
content-length: 88

16:36:09.376 [AsyncHttpClient-1-4] DEBUG org.asynchttpclient.netty.channel.ChannelManager - Adding key: http://localhost:63478 for channel [id: 0x5cc4a804, L:/127.0.0.1:51232 - R:localhost/127.0.0.1:63478]
16:36:09.377 [Forwarding clickElement on session 3f30355c68cbfd48756ea55ae2ca1c88 to remote] DEBUG org.asynchttpclient.netty.request.NettyRequestSender - Using pooled Channel '[id: 0x5cc4a804, L:/127.0.0.1:51232 - R:localhost/127.0.0.1:63478]' for 'POST' to 'http://localhost:63478/session/3f30355c68cbfd48756ea55ae2ca1c88/element/1c5fa6b0-a531-4bd2-9910-c4f35eaa8532/click'
16:36:09.377 [Forwarding clickElement on session 3f30355c68cbfd48756ea55ae2ca1c88 to remote] DEBUG org.asynchttpclient.netty.request.NettyRequestSender - Using open Channel [id: 0x5cc4a804, L:/127.0.0.1:51232 - R:localhost/127.0.0.1:63478] for POST '/session/3f30355c68cbfd48756ea55ae2ca1c88/element/1c5fa6b0-a531-4bd2-9910-c4f35eaa8532/click'
16:36:09.466 [AsyncHttpClient-1-4] DEBUG org.asynchttpclient.netty.handler.HttpHandler - 

Request DefaultHttpRequest(decodeResult: success, version: HTTP/1.1)
POST /session/3f30355c68cbfd48756ea55ae2ca1c88/element/1c5fa6b0-a531-4bd2-9910-c4f35eaa8532/click HTTP/1.1
User-Agent: selenium/4.1.2 (java windows)
Content-Length: 50
Content-Type: application/json; charset=utf-8
host: localhost:63478
accept: */*

Response DefaultHttpResponse(decodeResult: success, version: HTTP/1.1)
HTTP/1.1 200 OK
Content-Type: application/json; charset=utf-8
cache-control: no-cache
content-length: 14

16:36:09.466 [AsyncHttpClient-1-4] DEBUG org.asynchttpclient.netty.channel.ChannelManager - Adding key: http://localhost:63478 for channel [id: 0x5cc4a804, L:/127.0.0.1:51232 - R:localhost/127.0.0.1:63478]
16:36:09.477 [Forwarding screenshot on session 3f30355c68cbfd48756ea55ae2ca1c88 to remote] DEBUG org.asynchttpclient.netty.request.NettyRequestSender - Using pooled Channel '[id: 0x5cc4a804, L:/127.0.0.1:51232 - R:localhost/127.0.0.1:63478]' for 'GET' to 'http://localhost:63478/session/3f30355c68cbfd48756ea55ae2ca1c88/screenshot'
16:36:09.477 [Forwarding screenshot on session 3f30355c68cbfd48756ea55ae2ca1c88 to remote] DEBUG org.asynchttpclient.netty.request.NettyRequestSender - Using open Channel [id: 0x5cc4a804, L:/127.0.0.1:51232 - R:localhost/127.0.0.1:63478] for GET '/session/3f30355c68cbfd48756ea55ae2ca1c88/screenshot'
16:36:09.584 [AsyncHttpClient-1-4] DEBUG org.asynchttpclient.netty.handler.HttpHandler - 

Request DefaultFullHttpRequest(decodeResult: success, version: HTTP/1.1, content: EmptyByteBufBE)
GET /session/3f30355c68cbfd48756ea55ae2ca1c88/screenshot HTTP/1.1
User-Agent: selenium/4.1.2 (java windows)
Cache-Control: no-cache
Content-Type: application/json; charset=utf-8
host: localhost:63478
accept: */*

Response DefaultHttpResponse(decodeResult: success, version: HTTP/1.1)
HTTP/1.1 200 OK
Content-Type: application/json; charset=utf-8
cache-control: no-cache
content-length: 67372

16:36:09.584 [AsyncHttpClient-1-4] DEBUG org.asynchttpclient.netty.channel.ChannelManager - Adding key: http://localhost:63478 for channel [id: 0x5cc4a804, L:/127.0.0.1:51232 - R:localhost/127.0.0.1:63478]
16:36:09.588 [main] DEBUG net.serenitybdd.core.photography.Darkroom - Send negative for processing for target\site\serenity\35223668a3800c70c326e8447cbb9d9709092ef7fe428acaac5131819f2ab918.png
16:36:09.588 [main] DEBUG net.thucydides.core.steps.StepInterceptor - STEP DONE: clickSearchButton
  &amp#27;[32mWhen &amp#27;[0m&amp#27;[32mI input doctor name and click search&amp#27;[0m           &amp#27;[90m# starter.stepdefinitions.DoctorSteps.iInputDoctorNameAndClickSearch()&amp#27;[0m
16:36:09.588 [Darkroom Processing Line] DEBUG net.serenitybdd.core.photography.DarkroomProcessingLine - Processing screenshot image in /var/screenshots/screenshot-16704880047886551421
16:36:09.588 [Darkroom Processing Line] DEBUG net.serenitybdd.core.photography.DarkroomProcessingLine - Saving screenshot to target\site\serenity\35223668a3800c70c326e8447cbb9d9709092ef7fe428acaac5131819f2ab918.png
16:36:09.601 [Forwarding findElement on session 3f30355c68cbfd48756ea55ae2ca1c88 to remote] DEBUG org.asynchttpclient.netty.request.NettyRequestSender - Using pooled Channel '[id: 0x5cc4a804, L:/127.0.0.1:51232 - R:localhost/127.0.0.1:63478]' for 'POST' to 'http://localhost:63478/session/3f30355c68cbfd48756ea55ae2ca1c88/element'
16:36:09.601 [Forwarding findElement on session 3f30355c68cbfd48756ea55ae2ca1c88 to remote] DEBUG org.asynchttpclient.netty.request.NettyRequestSender - Using open Channel [id: 0x5cc4a804, L:/127.0.0.1:51232 - R:localhost/127.0.0.1:63478] for POST '/session/3f30355c68cbfd48756ea55ae2ca1c88/element'
16:36:10.110 [AsyncHttpClient-1-4] DEBUG org.asynchttpclient.netty.handler.HttpHandler - 

Request DefaultHttpRequest(decodeResult: success, version: HTTP/1.1)
POST /session/3f30355c68cbfd48756ea55ae2ca1c88/element HTTP/1.1
User-Agent: selenium/4.1.2 (java windows)
Content-Length: 81
Content-Type: application/json; charset=utf-8
host: localhost:63478
accept: */*

Response DefaultHttpResponse(decodeResult: success, version: HTTP/1.1)
HTTP/1.1 200 OK
Content-Type: application/json; charset=utf-8
cache-control: no-cache
content-length: 88

16:36:10.110 [AsyncHttpClient-1-4] DEBUG org.asynchttpclient.netty.channel.ChannelManager - Adding key: http://localhost:63478 for channel [id: 0x5cc4a804, L:/127.0.0.1:51232 - R:localhost/127.0.0.1:63478]
16:36:10.114 [Forwarding isElementDisplayed on session 3f30355c68cbfd48756ea55ae2ca1c88 to remote] DEBUG org.asynchttpclient.netty.request.NettyRequestSender - Using pooled Channel '[id: 0x5cc4a804, L:/127.0.0.1:51232 - R:localhost/127.0.0.1:63478]' for 'POST' to 'http://localhost:63478/session/3f30355c68cbfd48756ea55ae2ca1c88/execute/sync'
16:36:10.114 [Forwarding isElementDisplayed on session 3f30355c68cbfd48756ea55ae2ca1c88 to remote] DEBUG org.asynchttpclient.netty.request.NettyRequestSender - Using open Channel [id: 0x5cc4a804, L:/127.0.0.1:51232 - R:localhost/127.0.0.1:63478] for POST '/session/3f30355c68cbfd48756ea55ae2ca1c88/execute/sync'
16:36:10.132 [AsyncHttpClient-1-4] DEBUG org.asynchttpclient.netty.handler.HttpHandler - 

Request DefaultHttpRequest(decodeResult: success, version: HTTP/1.1)
POST /session/3f30355c68cbfd48756ea55ae2ca1c88/execute/sync HTTP/1.1
User-Agent: selenium/4.1.2 (java windows)
Content-Length: 48780
Content-Type: application/json; charset=utf-8
host: localhost:63478
accept: */*

Response DefaultHttpResponse(decodeResult: success, version: HTTP/1.1)
HTTP/1.1 200 OK
Content-Type: application/json; charset=utf-8
cache-control: no-cache
content-length: 14

16:36:10.132 [AsyncHttpClient-1-4] DEBUG org.asynchttpclient.netty.channel.ChannelManager - Adding key: http://localhost:63478 for channel [id: 0x5cc4a804, L:/127.0.0.1:51232 - R:localhost/127.0.0.1:63478]
  &amp#27;[32mThen &amp#27;[0m&amp#27;[32mI validate search by doctor name&amp#27;[0m               &amp#27;[90m# starter.stepdefinitions.DoctorSteps.iValidateSearchByDoctorName()&amp#27;[0m
16:36:10.137 [Forwarding screenshot on session 3f30355c68cbfd48756ea55ae2ca1c88 to remote] DEBUG org.asynchttpclient.netty.request.NettyRequestSender - Using pooled Channel '[id: 0x5cc4a804, L:/127.0.0.1:51232 - R:localhost/127.0.0.1:63478]' for 'GET' to 'http://localhost:63478/session/3f30355c68cbfd48756ea55ae2ca1c88/screenshot'
16:36:10.137 [Forwarding screenshot on session 3f30355c68cbfd48756ea55ae2ca1c88 to remote] DEBUG org.asynchttpclient.netty.request.NettyRequestSender - Using open Channel [id: 0x5cc4a804, L:/127.0.0.1:51232 - R:localhost/127.0.0.1:63478] for GET '/session/3f30355c68cbfd48756ea55ae2ca1c88/screenshot'
16:36:10.236 [AsyncHttpClient-1-4] DEBUG org.asynchttpclient.netty.handler.HttpHandler - 

Request DefaultFullHttpRequest(decodeResult: success, version: HTTP/1.1, content: EmptyByteBufBE)
GET /session/3f30355c68cbfd48756ea55ae2ca1c88/screenshot HTTP/1.1
User-Agent: selenium/4.1.2 (java windows)
Cache-Control: no-cache
Content-Type: application/json; charset=utf-8
host: localhost:63478
accept: */*

Response DefaultHttpResponse(decodeResult: success, version: HTTP/1.1)
HTTP/1.1 200 OK
Content-Type: application/json; charset=utf-8
cache-control: no-cache
content-length: 73736

16:36:10.236 [AsyncHttpClient-1-4] DEBUG org.asynchttpclient.netty.channel.ChannelManager - Adding key: http://localhost:63478 for channel [id: 0x5cc4a804, L:/127.0.0.1:51232 - R:localhost/127.0.0.1:63478]
16:36:10.238 [AsyncHttpClient-1-1] DEBUG org.asynchttpclient.netty.channel.DefaultChannelPool - Entry count for : http://localhost:63478 : 1
16:36:10.238 [AsyncHttpClient-1-1] DEBUG org.asynchttpclient.netty.channel.DefaultChannelPool - Entry count for : http://localhost:51233 : 1
16:36:10.240 [main] DEBUG net.serenitybdd.core.photography.Darkroom - Send negative for processing for target\site\serenity\0dea4fced45cdac1c615ac9e7d35b46676df0e095b5566cbede3eeecbb0f62ee.png
16:36:10.240 [Darkroom Processing Line] DEBUG net.serenitybdd.core.photography.DarkroomProcessingLine - Processing screenshot image in /var/screenshots/screenshot-14368515571544464819
16:36:10.240 [Darkroom Processing Line] DEBUG net.serenitybdd.core.photography.DarkroomProcessingLine - Saving screenshot to target\site\serenity\0dea4fced45cdac1c615ac9e7d35b46676df0e095b5566cbede3eeecbb0f62ee.png
16:36:10.241 [main] INFO  - 
  _____   ___   ___   _____     ___     _     ___   ___   ___   ___  
 |_   _| | __| / __| |_   _|   | _ \   /_\   / __| / __| | __| |   \ 
   | |   | _|  \__ \   | |     |  _/  / _ \  \__ \ \__ \ | _|  | |) |
   |_|   |___| |___/   |_|     |_|   /_/ \_\ |___/ |___/ |___| |___/ 

Search Doctor Based on Doctor Name Scenario
----------------------------------------------------------------------
16:36:10.243 [AsyncHttpClient-1-6] DEBUG org.asynchttpclient.netty.handler.WebSocketHandler - Channel Closed: [id: 0x0468b1b2, L:/127.0.0.1:51240 ! R:localhost/127.0.0.1:51233] with attribute NettyResponseFuture{currentRetry=5,
	isDone=1,
	isCancelled=0,
	asyncHandler=org.asynchttpclient.ws.WebSocketUpgradeHandler@794912ba,
	nettyRequest=org.asynchttpclient.netty.request.NettyRequest@76d7994c,
	future=java.util.concurrent.CompletableFuture@1bf27996[Completed normally],
	uri=ws://localhost:51233/devtools/browser/b91476a4-752d-44c4-8192-11b8f4111ed2,
	keepAlive=true,
	redirectCount=0,
	timeoutsHolder=null,
	inAuth=0,
	touch=1655717765030}
16:36:10.243 [AsyncHttpClient-1-6] DEBUG org.asynchttpclient.netty.channel.ChannelManager - Closing Channel [id: 0x0468b1b2, L:/127.0.0.1:51240 ! R:localhost/127.0.0.1:51233] 
16:36:10.245 [Driver Command Executor] DEBUG org.asynchttpclient.netty.request.NettyRequestSender - Using pooled Channel '[id: 0x5cc4a804, L:/127.0.0.1:51232 - R:localhost/127.0.0.1:63478]' for 'DELETE' to 'http://localhost:63478/session/3f30355c68cbfd48756ea55ae2ca1c88'
16:36:10.245 [Driver Command Executor] DEBUG org.asynchttpclient.netty.request.NettyRequestSender - Using open Channel [id: 0x5cc4a804, L:/127.0.0.1:51232 - R:localhost/127.0.0.1:63478] for DELETE '/session/3f30355c68cbfd48756ea55ae2ca1c88'
16:36:10.287 [AsyncHttpClient-1-5] DEBUG org.asynchttpclient.netty.handler.HttpHandler - Unexpected I/O exception on channel [id: 0x948731e6, L:/127.0.0.1:51239 - R:localhost/127.0.0.1:51233]
java.net.SocketException: Connection reset
	at java.base/sun.nio.ch.SocketChannelImpl.throwConnectionReset(SocketChannelImpl.java:367)
	at java.base/sun.nio.ch.SocketChannelImpl.read(SocketChannelImpl.java:398)
	at io.netty.buffer.PooledByteBuf.setBytes(PooledByteBuf.java:258)
	at io.netty.buffer.AbstractByteBuf.writeBytes(AbstractByteBuf.java:1132)
	at io.netty.channel.socket.nio.NioSocketChannel.doReadBytes(NioSocketChannel.java:350)
	at io.netty.channel.nio.AbstractNioByteChannel$NioByteUnsafe.read(AbstractNioByteChannel.java:151)
	at io.netty.channel.nio.NioEventLoop.processSelectedKey(NioEventLoop.java:722)
	at io.netty.channel.nio.NioEventLoop.processSelectedKeysOptimized(NioEventLoop.java:658)
	at io.netty.channel.nio.NioEventLoop.processSelectedKeys(NioEventLoop.java:584)
	at io.netty.channel.nio.NioEventLoop.run(NioEventLoop.java:496)
	at io.netty.util.concurrent.SingleThreadEventExecutor$4.run(SingleThreadEventExecutor.java:986)
	at io.netty.util.internal.ThreadExecutorMap$2.run(ThreadExecutorMap.java:74)
	at io.netty.util.concurrent.FastThreadLocalRunnable.run(FastThreadLocalRunnable.java:30)
	at java.base/java.lang.Thread.run(Thread.java:832)
16:36:10.287 [AsyncHttpClient-1-5] DEBUG org.asynchttpclient.netty.channel.ChannelManager - Closing Channel [id: 0x948731e6, L:/127.0.0.1:51239 - R:localhost/127.0.0.1:51233] 
16:36:10.288 [AsyncHttpClient-1-5] DEBUG org.asynchttpclient.netty.handler.HttpHandler - Channel Closed: [id: 0x948731e6, L:/127.0.0.1:51239 ! R:localhost/127.0.0.1:51233] with attribute DISCARD
16:36:10.532 [AsyncHttpClient-1-4] DEBUG org.asynchttpclient.netty.handler.HttpHandler - 

Request DefaultFullHttpRequest(decodeResult: success, version: HTTP/1.1, content: EmptyByteBufBE)
DELETE /session/3f30355c68cbfd48756ea55ae2ca1c88 HTTP/1.1
User-Agent: selenium/4.1.2 (java windows)
Content-Type: application/json; charset=utf-8
host: localhost:63478
accept: */*

Response DefaultHttpResponse(decodeResult: success, version: HTTP/1.1)
HTTP/1.1 200 OK
Content-Type: application/json; charset=utf-8
cache-control: no-cache
content-length: 14

16:36:10.532 [AsyncHttpClient-1-4] DEBUG org.asynchttpclient.netty.channel.ChannelManager - Adding key: http://localhost:63478 for channel [id: 0x5cc4a804, L:/127.0.0.1:51232 - R:localhost/127.0.0.1:63478]
16:36:10.603 [AsyncHttpClient-1-4] DEBUG org.asynchttpclient.netty.handler.HttpHandler - Channel Closed: [id: 0x5cc4a804, L:/127.0.0.1:51232 ! R:localhost/127.0.0.1:63478] with attribute DISCARD
]]></system-out>
    <system-err><![CDATA[Starting ChromeDriver 102.0.5005.61 (0e59bcc00cc4985ce39ad31c150065f159d95ad3-refs/branch-heads/5005@{#819}) on port 63478
Only local connections are allowed.
Please see https://chromedriver.chromium.org/security-considerations for suggestions on keeping ChromeDriver safe.
ChromeDriver was started successfully.
Jun 20, 2022 4:36:05 PM org.openqa.selenium.remote.ProtocolHandshake createSession
INFO: Detected dialect: W3C
Jun 20, 2022 4:36:05 PM org.openqa.selenium.devtools.CdpVersionFinder findNearestMatch
WARNING: Unable to find an exact match for CDP version 102, so returning the closest version found: a no-op implementation
Jun 20, 2022 4:36:05 PM org.openqa.selenium.devtools.CdpVersionFinder findNearestMatch
INFO: Unable to find CDP implementation matching 102.
Jun 20, 2022 4:36:05 PM org.openqa.selenium.chromium.ChromiumDriver lambda$new$3
WARNING: Unable to find version of CDP to use for . You may need to include a dependency on a specific version of the CDP using something similar to `org.seleniumhq.selenium:selenium-devtools-v86:4.1.2` where the version ("v86") matches the version of the chromium-based browser you're using and the version number of the artifact is the same as Selenium's.
]]></system-err>
  </testcase>
  <testcase name="Search Doctor Based on Doctor Phone Number Scenario" classname="Doctor" time="15.311">
    <error type="org.openqa.selenium.NoSuchElementException"><![CDATA[org.openqa.selenium.NoSuchElementException: 
no such element: Unable to locate element: {"method":"xpath","selector":"//td[contains(text(),'023141241')]"}
  (Session info: chrome=102.0.5005.115)
For documentation on this error, please visit: https://selenium.dev/exceptions/#no_such_element
Build info: version: '4.1.2', revision: '9a5a329c5a'
System info: host: 'DELL', ip: '192.168.1.6', os.name: 'Windows 8.1', os.arch: 'amd64', os.version: '6.3', java.version: '15.0.2'
Driver info: org.openqa.selenium.chrome.ChromeDriver
Command: [06a9396faec813ad0ad50ef8d71f9459, findElement {using=xpath, value=//td[contains(text(),'023141241')]}]
Capabilities {acceptInsecureCerts: false, browserName: chrome, browserVersion: 102.0.5005.115, chrome: {chromedriverVersion: 102.0.5005.61 (0e59bcc00cc4..., userDataDir: C:\Users\USER\AppData\Local...}, goog:chromeOptions: {debuggerAddress: localhost:51254}, javascriptEnabled: true, networkConnectionEnabled: false, pageLoadStrategy: normal, platform: WINDOWS, platformName: WINDOWS, proxy: Proxy(), se:cdp: ws://localhost:51254/devtoo..., se:cdpVersion: 102.0.5005.115, setWindowRect: true, strictFileInteractability: false, timeouts: {implicit: 0, pageLoad: 300000, script: 30000}, unhandledPromptBehavior: dismiss and notify, webauthn:extension:credBlob: true, webauthn:extension:largeBlob: true, webauthn:virtualAuthenticators: true}
Session ID: 06a9396faec813ad0ad50ef8d71f9459
]]></error>
    <system-out><![CDATA[
@Doctor
Scenario: Search Doctor Based on Doctor Phone Number Scenario &amp#27;[90m# src/test/resources/features/3.Doctor.feature:74&amp#27;[0m
16:36:11.158 [main] INFO io.cucumber.core.plugin.SerenityReporter - Running feature from file:///E:/My%20Documents/File%20Difa/TI%20Semester%206%20Kampus%20Merdeka%20Alterra/Tugas/CAPSTONE%20Project/Capstone-Project-Website/src/test/resources/features/3.Doctor.feature
16:36:11.163 [main] INFO  - 
  _____   ___   ___   _____     ___   _____     _     ___   _____   ___   ___  
 |_   _| | __| / __| |_   _|   / __| |_   _|   /_\   | _ \ |_   _| | __| |   \ 
   | |   | _|  \__ \   | |     \__ \   | |    / _ \  |   /   | |   | _|  | |) |
   |_|   |___| |___/   |_|     |___/   |_|   /_/ \_\ |_|_\   |_|   |___| |___/ 

Search Doctor Based on Doctor Phone Number Scenario(doctor;search-doctor-based-on-doctor-phone-number-scenario)
--------------------------------------------------------------------------------
16:36:11.199 [main] DEBUG net.thucydides.core.steps.StepInterceptor - STARTING STEP: PatientSteps.iAmAtTheDashboardPage - openUrl
16:36:11.207 [main] INFO net.serenitybdd.core.webdriver.driverproviders.ChromeDriverProvider - Using automatically driver download
16:36:11.338 [AsyncHttpClient-1-1] DEBUG org.asynchttpclient.netty.channel.DefaultChannelPool - Entry count for : http://localhost:63478 : 1
16:36:11.338 [AsyncHttpClient-1-1] DEBUG org.asynchttpclient.netty.channel.DefaultChannelPool - Entry count for : http://localhost:51233 : 1
16:36:11.338 [AsyncHttpClient-1-1] DEBUG org.asynchttpclient.netty.channel.DefaultChannelPool - Adding Candidate expired Channel [id: 0x5cc4a804, L:/127.0.0.1:51232 ! R:localhost/127.0.0.1:63478] isIdleTimeoutExpired=false isRemotelyClosed=true isTtlExpired=false
16:36:11.338 [AsyncHttpClient-1-1] DEBUG org.asynchttpclient.netty.channel.DefaultChannelPool - Closing Idle Channel [id: 0x5cc4a804, L:/127.0.0.1:51232 ! R:localhost/127.0.0.1:63478]
16:36:11.338 [AsyncHttpClient-1-1] DEBUG org.asynchttpclient.netty.channel.DefaultChannelPool - Adding Candidate expired Channel [id: 0x948731e6, L:/127.0.0.1:51239 ! R:localhost/127.0.0.1:51233] isIdleTimeoutExpired=false isRemotelyClosed=true isTtlExpired=false
16:36:11.338 [AsyncHttpClient-1-1] DEBUG org.asynchttpclient.netty.channel.DefaultChannelPool - Closing Idle Channel [id: 0x948731e6, L:/127.0.0.1:51239 ! R:localhost/127.0.0.1:51233]
16:36:11.338 [AsyncHttpClient-1-1] DEBUG org.asynchttpclient.netty.channel.DefaultChannelPool - Closed 2 connections out of 2 in 0 ms
16:36:11.371 [main] DEBUG io.github.bonigarcia.wdm.cache.ResolutionCache - Resolution chrome=102 in cache (valid until 16:47:55 20/06/2022 ICT)
16:36:11.375 [main] DEBUG io.github.bonigarcia.wdm.cache.ResolutionCache - Resolution chrome102=102.0.5005.61 in cache (valid until 09:12:44 21/06/2022 ICT)
16:36:11.376 [main] INFO io.github.bonigarcia.wdm.WebDriverManager - Using chromedriver 102.0.5005.61 (resolved driver for Chrome 102)
16:36:11.385 [main] DEBUG io.github.bonigarcia.wdm.WebDriverManager - Driver chromedriver 102.0.5005.61 found in cache
16:36:11.385 [main] INFO io.github.bonigarcia.wdm.WebDriverManager - Exporting webdriver.chrome.driver as C:\Users\USER\.cache\selenium\chromedriver\win32\102.0.5005.61\chromedriver.exe
16:36:11.552 [main] DEBUG net.serenitybdd.core.webdriver.driverproviders.ProvideNewDriver - Instantiating driver
16:36:11.552 [main] DEBUG net.serenitybdd.core.webdriver.driverproviders.ProvideNewDriver - Driver capabilities: Capabilities {acceptInsecureCerts: false, base.url: https://hospital-management..., browserName: chrome, chrome.driver: src/test/resources/webdrive..., driver: chrome, goog:chromeOptions: {args: [], extensions: []}}
16:36:12.082 [AsyncHttpClient-1-7] DEBUG org.asynchttpclient.netty.channel.NettyConnectListener - Using new Channel '[id: 0x3fa33535, L:/127.0.0.1:51253 - R:localhost/127.0.0.1:57148]' for 'POST' to '/session'
16:36:12.802 [AsyncHttpClient-1-7] DEBUG org.asynchttpclient.netty.handler.HttpHandler - 

Request DefaultHttpRequest(decodeResult: success, version: HTTP/1.1)
POST /session HTTP/1.1
User-Agent: selenium/4.1.2 (java windows)
Content-Length: 621
Content-Type: application/json; charset=utf-8
host: localhost:57148
accept: */*

Response DefaultHttpResponse(decodeResult: success, version: HTTP/1.1)
HTTP/1.1 200 OK
Content-Type: application/json; charset=utf-8
cache-control: no-cache
content-length: 789

16:36:12.802 [AsyncHttpClient-1-7] DEBUG org.asynchttpclient.netty.channel.ChannelManager - Adding key: http://localhost:57148 for channel [id: 0x3fa33535, L:/127.0.0.1:51253 - R:localhost/127.0.0.1:57148]
16:36:12.809 [AsyncHttpClient-1-8] DEBUG org.asynchttpclient.netty.channel.NettyConnectListener - Using new Channel '[id: 0xcdb0de9e, L:/127.0.0.1:51259 - R:localhost/127.0.0.1:51254]' for 'GET' to '/json/version'
16:36:12.810 [AsyncHttpClient-1-8] DEBUG org.asynchttpclient.netty.handler.HttpHandler - 

Request DefaultFullHttpRequest(decodeResult: success, version: HTTP/1.1, content: EmptyByteBufBE)
GET /json/version HTTP/1.1
User-Agent: selenium/4.1.2 (java windows)
host: localhost:51254
accept: */*

Response DefaultHttpResponse(decodeResult: success, version: HTTP/1.1)
HTTP/1.1 200 OK
Content-Type: application/json; charset=UTF-8
content-length: 427

16:36:12.810 [AsyncHttpClient-1-8] DEBUG org.asynchttpclient.netty.channel.ChannelManager - Adding key: http://localhost:51254 for channel [id: 0xcdb0de9e, L:/127.0.0.1:51259 - R:localhost/127.0.0.1:51254]
16:36:12.812 [AsyncHttpClient-1-9] DEBUG org.asynchttpclient.netty.channel.NettyConnectListener - Using new Channel '[id: 0xcabcdfb9, L:/127.0.0.1:51260 - R:localhost/127.0.0.1:51254]' for 'GET' to '/devtools/browser/d95a5b0e-71fd-4c56-81d2-f431d9a17b34'
16:36:12.812 [AsyncHttpClient-1-9] DEBUG org.asynchttpclient.netty.handler.WebSocketHandler - 

Request DefaultFullHttpRequest(decodeResult: success, version: HTTP/1.1, content: EmptyByteBufBE)
GET /devtools/browser/d95a5b0e-71fd-4c56-81d2-f431d9a17b34 HTTP/1.1
upgrade: websocket
connection: upgrade
sec-websocket-key: Yv9PiHk/3u1C0wVJ+F4qMg==
sec-websocket-version: 13
origin: http://localhost:51254
host: localhost:51254
accept: */*
user-agent: AHC/2.1

Response DefaultHttpResponse(decodeResult: success, version: HTTP/1.1)
HTTP/1.1 101 WebSocket Protocol Handshake
Upgrade: WebSocket
Connection: Upgrade
Sec-WebSocket-Accept: 0/MXFE/NKrna9PXS3zonzBxa16Q=

16:36:12.816 [Forwarding maximizeCurrentWindow on session 06a9396faec813ad0ad50ef8d71f9459 to remote] DEBUG org.asynchttpclient.netty.request.NettyRequestSender - Using pooled Channel '[id: 0x3fa33535, L:/127.0.0.1:51253 - R:localhost/127.0.0.1:57148]' for 'POST' to 'http://localhost:57148/session/06a9396faec813ad0ad50ef8d71f9459/window/maximize'
16:36:12.816 [Forwarding maximizeCurrentWindow on session 06a9396faec813ad0ad50ef8d71f9459 to remote] DEBUG org.asynchttpclient.netty.request.NettyRequestSender - Using open Channel [id: 0x3fa33535, L:/127.0.0.1:51253 - R:localhost/127.0.0.1:57148] for POST '/session/06a9396faec813ad0ad50ef8d71f9459/window/maximize'
16:36:12.934 [AsyncHttpClient-1-7] DEBUG org.asynchttpclient.netty.handler.HttpHandler - 

Request DefaultHttpRequest(decodeResult: success, version: HTTP/1.1)
POST /session/06a9396faec813ad0ad50ef8d71f9459/window/maximize HTTP/1.1
User-Agent: selenium/4.1.2 (java windows)
Content-Length: 3
Content-Type: application/json; charset=utf-8
host: localhost:57148
accept: */*

Response DefaultHttpResponse(decodeResult: success, version: HTTP/1.1)
HTTP/1.1 200 OK
Content-Type: application/json; charset=utf-8
cache-control: no-cache
content-length: 51

16:36:12.934 [AsyncHttpClient-1-7] DEBUG org.asynchttpclient.netty.channel.ChannelManager - Adding key: http://localhost:57148 for channel [id: 0x3fa33535, L:/127.0.0.1:51253 - R:localhost/127.0.0.1:57148]
16:36:12.937 [Forwarding get on session 06a9396faec813ad0ad50ef8d71f9459 to remote] DEBUG org.asynchttpclient.netty.request.NettyRequestSender - Using pooled Channel '[id: 0x3fa33535, L:/127.0.0.1:51253 - R:localhost/127.0.0.1:57148]' for 'POST' to 'http://localhost:57148/session/06a9396faec813ad0ad50ef8d71f9459/url'
16:36:12.937 [Forwarding get on session 06a9396faec813ad0ad50ef8d71f9459 to remote] DEBUG org.asynchttpclient.netty.request.NettyRequestSender - Using open Channel [id: 0x3fa33535, L:/127.0.0.1:51253 - R:localhost/127.0.0.1:57148] for POST '/session/06a9396faec813ad0ad50ef8d71f9459/url'
16:36:13.537 [AsyncHttpClient-1-1] DEBUG org.asynchttpclient.netty.channel.DefaultChannelPool - Entry count for : http://localhost:51254 : 1
16:36:14.639 [AsyncHttpClient-1-1] DEBUG org.asynchttpclient.netty.channel.DefaultChannelPool - Entry count for : http://localhost:51254 : 1
16:36:15.738 [AsyncHttpClient-1-1] DEBUG org.asynchttpclient.netty.channel.DefaultChannelPool - Entry count for : http://localhost:51254 : 1
16:36:16.586 [AsyncHttpClient-1-7] DEBUG org.asynchttpclient.netty.handler.HttpHandler - 

Request DefaultHttpRequest(decodeResult: success, version: HTTP/1.1)
POST /session/06a9396faec813ad0ad50ef8d71f9459/url HTTP/1.1
User-Agent: selenium/4.1.2 (java windows)
Content-Length: 65
Content-Type: application/json; charset=utf-8
host: localhost:57148
accept: */*

Response DefaultHttpResponse(decodeResult: success, version: HTTP/1.1)
HTTP/1.1 200 OK
Content-Type: application/json; charset=utf-8
cache-control: no-cache
content-length: 14

16:36:16.586 [AsyncHttpClient-1-7] DEBUG org.asynchttpclient.netty.channel.ChannelManager - Adding key: http://localhost:57148 for channel [id: 0x3fa33535, L:/127.0.0.1:51253 - R:localhost/127.0.0.1:57148]
16:36:16.588 [Forwarding setTimeout on session 06a9396faec813ad0ad50ef8d71f9459 to remote] DEBUG org.asynchttpclient.netty.request.NettyRequestSender - Using pooled Channel '[id: 0x3fa33535, L:/127.0.0.1:51253 - R:localhost/127.0.0.1:57148]' for 'POST' to 'http://localhost:57148/session/06a9396faec813ad0ad50ef8d71f9459/timeouts'
16:36:16.588 [Forwarding setTimeout on session 06a9396faec813ad0ad50ef8d71f9459 to remote] DEBUG org.asynchttpclient.netty.request.NettyRequestSender - Using open Channel [id: 0x3fa33535, L:/127.0.0.1:51253 - R:localhost/127.0.0.1:57148] for POST '/session/06a9396faec813ad0ad50ef8d71f9459/timeouts'
16:36:16.590 [AsyncHttpClient-1-7] DEBUG org.asynchttpclient.netty.handler.HttpHandler - 

Request DefaultHttpRequest(decodeResult: success, version: HTTP/1.1)
POST /session/06a9396faec813ad0ad50ef8d71f9459/timeouts HTTP/1.1
User-Agent: selenium/4.1.2 (java windows)
Content-Length: 22
Content-Type: application/json; charset=utf-8
host: localhost:57148
accept: */*

Response DefaultHttpResponse(decodeResult: success, version: HTTP/1.1)
HTTP/1.1 200 OK
Content-Type: application/json; charset=utf-8
cache-control: no-cache
content-length: 14

16:36:16.590 [AsyncHttpClient-1-7] DEBUG org.asynchttpclient.netty.channel.ChannelManager - Adding key: http://localhost:57148 for channel [id: 0x3fa33535, L:/127.0.0.1:51253 - R:localhost/127.0.0.1:57148]
16:36:16.597 [Forwarding getCurrentUrl on session 06a9396faec813ad0ad50ef8d71f9459 to remote] DEBUG org.asynchttpclient.netty.request.NettyRequestSender - Using pooled Channel '[id: 0x3fa33535, L:/127.0.0.1:51253 - R:localhost/127.0.0.1:57148]' for 'GET' to 'http://localhost:57148/session/06a9396faec813ad0ad50ef8d71f9459/url'
16:36:16.597 [Forwarding getCurrentUrl on session 06a9396faec813ad0ad50ef8d71f9459 to remote] DEBUG org.asynchttpclient.netty.request.NettyRequestSender - Using open Channel [id: 0x3fa33535, L:/127.0.0.1:51253 - R:localhost/127.0.0.1:57148] for GET '/session/06a9396faec813ad0ad50ef8d71f9459/url'
16:36:16.606 [AsyncHttpClient-1-7] DEBUG org.asynchttpclient.netty.handler.HttpHandler - 

Request DefaultFullHttpRequest(decodeResult: success, version: HTTP/1.1, content: EmptyByteBufBE)
GET /session/06a9396faec813ad0ad50ef8d71f9459/url HTTP/1.1
User-Agent: selenium/4.1.2 (java windows)
Cache-Control: no-cache
Content-Type: application/json; charset=utf-8
host: localhost:57148
accept: */*

Response DefaultHttpResponse(decodeResult: success, version: HTTP/1.1)
HTTP/1.1 200 OK
Content-Type: application/json; charset=utf-8
cache-control: no-cache
content-length: 53

16:36:16.606 [AsyncHttpClient-1-7] DEBUG org.asynchttpclient.netty.channel.ChannelManager - Adding key: http://localhost:57148 for channel [id: 0x3fa33535, L:/127.0.0.1:51253 - R:localhost/127.0.0.1:57148]
16:36:16.612 [Forwarding getCurrentUrl on session 06a9396faec813ad0ad50ef8d71f9459 to remote] DEBUG org.asynchttpclient.netty.request.NettyRequestSender - Using pooled Channel '[id: 0x3fa33535, L:/127.0.0.1:51253 - R:localhost/127.0.0.1:57148]' for 'GET' to 'http://localhost:57148/session/06a9396faec813ad0ad50ef8d71f9459/url'
16:36:16.612 [Forwarding getCurrentUrl on session 06a9396faec813ad0ad50ef8d71f9459 to remote] DEBUG org.asynchttpclient.netty.request.NettyRequestSender - Using open Channel [id: 0x3fa33535, L:/127.0.0.1:51253 - R:localhost/127.0.0.1:57148] for GET '/session/06a9396faec813ad0ad50ef8d71f9459/url'
16:36:16.618 [AsyncHttpClient-1-7] DEBUG org.asynchttpclient.netty.handler.HttpHandler - 

Request DefaultFullHttpRequest(decodeResult: success, version: HTTP/1.1, content: EmptyByteBufBE)
GET /session/06a9396faec813ad0ad50ef8d71f9459/url HTTP/1.1
User-Agent: selenium/4.1.2 (java windows)
Cache-Control: no-cache
Content-Type: application/json; charset=utf-8
host: localhost:57148
accept: */*

Response DefaultHttpResponse(decodeResult: success, version: HTTP/1.1)
HTTP/1.1 200 OK
Content-Type: application/json; charset=utf-8
cache-control: no-cache
content-length: 53

16:36:16.619 [AsyncHttpClient-1-7] DEBUG org.asynchttpclient.netty.channel.ChannelManager - Adding key: http://localhost:57148 for channel [id: 0x3fa33535, L:/127.0.0.1:51253 - R:localhost/127.0.0.1:57148]
16:36:16.630 [Forwarding screenshot on session 06a9396faec813ad0ad50ef8d71f9459 to remote] DEBUG org.asynchttpclient.netty.request.NettyRequestSender - Using pooled Channel '[id: 0x3fa33535, L:/127.0.0.1:51253 - R:localhost/127.0.0.1:57148]' for 'GET' to 'http://localhost:57148/session/06a9396faec813ad0ad50ef8d71f9459/screenshot'
16:36:16.630 [Forwarding screenshot on session 06a9396faec813ad0ad50ef8d71f9459 to remote] DEBUG org.asynchttpclient.netty.request.NettyRequestSender - Using open Channel [id: 0x3fa33535, L:/127.0.0.1:51253 - R:localhost/127.0.0.1:57148] for GET '/session/06a9396faec813ad0ad50ef8d71f9459/screenshot'
16:36:16.838 [AsyncHttpClient-1-1] DEBUG org.asynchttpclient.netty.channel.DefaultChannelPool - Entry count for : http://localhost:51254 : 1
16:36:16.957 [AsyncHttpClient-1-7] DEBUG org.asynchttpclient.netty.handler.HttpHandler - 

Request DefaultFullHttpRequest(decodeResult: success, version: HTTP/1.1, content: EmptyByteBufBE)
GET /session/06a9396faec813ad0ad50ef8d71f9459/screenshot HTTP/1.1
User-Agent: selenium/4.1.2 (java windows)
Cache-Control: no-cache
Content-Type: application/json; charset=utf-8
host: localhost:57148
accept: */*

Response DefaultHttpResponse(decodeResult: success, version: HTTP/1.1)
HTTP/1.1 200 OK
Content-Type: application/json; charset=utf-8
cache-control: no-cache
content-length: 382596

16:36:16.960 [AsyncHttpClient-1-7] DEBUG org.asynchttpclient.netty.channel.ChannelManager - Adding key: http://localhost:57148 for channel [id: 0x3fa33535, L:/127.0.0.1:51253 - R:localhost/127.0.0.1:57148]
16:36:17.000 [main] DEBUG net.serenitybdd.core.photography.Darkroom - Send negative for processing for target\site\serenity\ed15a54c91c342d96a850276df7b559f4526b370fc93040e3c407a48a170f368.png
16:36:17.000 [main] DEBUG net.thucydides.core.steps.StepInterceptor - STEP DONE: openUrl
16:36:17.012 [main] DEBUG net.thucydides.core.steps.StepInterceptor - STARTING STEP: PatientSteps.iAmAtTheDashboardPage - validateOnDashboardPage
16:36:17.015 [Forwarding findElement on session 06a9396faec813ad0ad50ef8d71f9459 to remote] DEBUG org.asynchttpclient.netty.request.NettyRequestSender - Using pooled Channel '[id: 0x3fa33535, L:/127.0.0.1:51253 - R:localhost/127.0.0.1:57148]' for 'POST' to 'http://localhost:57148/session/06a9396faec813ad0ad50ef8d71f9459/element'
16:36:17.016 [Forwarding findElement on session 06a9396faec813ad0ad50ef8d71f9459 to remote] DEBUG org.asynchttpclient.netty.request.NettyRequestSender - Using open Channel [id: 0x3fa33535, L:/127.0.0.1:51253 - R:localhost/127.0.0.1:57148] for POST '/session/06a9396faec813ad0ad50ef8d71f9459/element'
16:36:17.038 [AsyncHttpClient-1-7] DEBUG org.asynchttpclient.netty.handler.HttpHandler - 

Request DefaultHttpRequest(decodeResult: success, version: HTTP/1.1)
POST /session/06a9396faec813ad0ad50ef8d71f9459/element HTTP/1.1
User-Agent: selenium/4.1.2 (java windows)
Content-Length: 81
Content-Type: application/json; charset=utf-8
host: localhost:57148
accept: */*

Response DefaultHttpResponse(decodeResult: success, version: HTTP/1.1)
HTTP/1.1 200 OK
Content-Type: application/json; charset=utf-8
cache-control: no-cache
content-length: 88

16:36:17.038 [AsyncHttpClient-1-7] DEBUG org.asynchttpclient.netty.channel.ChannelManager - Adding key: http://localhost:57148 for channel [id: 0x3fa33535, L:/127.0.0.1:51253 - R:localhost/127.0.0.1:57148]
16:36:17.045 [Forwarding isElementDisplayed on session 06a9396faec813ad0ad50ef8d71f9459 to remote] DEBUG org.asynchttpclient.netty.request.NettyRequestSender - Using pooled Channel '[id: 0x3fa33535, L:/127.0.0.1:51253 - R:localhost/127.0.0.1:57148]' for 'POST' to 'http://localhost:57148/session/06a9396faec813ad0ad50ef8d71f9459/execute/sync'
16:36:17.045 [Forwarding isElementDisplayed on session 06a9396faec813ad0ad50ef8d71f9459 to remote] DEBUG org.asynchttpclient.netty.request.NettyRequestSender - Using open Channel [id: 0x3fa33535, L:/127.0.0.1:51253 - R:localhost/127.0.0.1:57148] for POST '/session/06a9396faec813ad0ad50ef8d71f9459/execute/sync'
16:36:17.077 [AsyncHttpClient-1-7] DEBUG org.asynchttpclient.netty.handler.HttpHandler - 

Request DefaultHttpRequest(decodeResult: success, version: HTTP/1.1)
POST /session/06a9396faec813ad0ad50ef8d71f9459/execute/sync HTTP/1.1
User-Agent: selenium/4.1.2 (java windows)
Content-Length: 48780
Content-Type: application/json; charset=utf-8
host: localhost:57148
accept: */*

Response DefaultHttpResponse(decodeResult: success, version: HTTP/1.1)
HTTP/1.1 200 OK
Content-Type: application/json; charset=utf-8
cache-control: no-cache
content-length: 14

16:36:17.077 [AsyncHttpClient-1-7] DEBUG org.asynchttpclient.netty.channel.ChannelManager - Adding key: http://localhost:57148 for channel [id: 0x3fa33535, L:/127.0.0.1:51253 - R:localhost/127.0.0.1:57148]
16:36:17.085 [Forwarding screenshot on session 06a9396faec813ad0ad50ef8d71f9459 to remote] DEBUG org.asynchttpclient.netty.request.NettyRequestSender - Using pooled Channel '[id: 0x3fa33535, L:/127.0.0.1:51253 - R:localhost/127.0.0.1:57148]' for 'GET' to 'http://localhost:57148/session/06a9396faec813ad0ad50ef8d71f9459/screenshot'
16:36:17.085 [Forwarding screenshot on session 06a9396faec813ad0ad50ef8d71f9459 to remote] DEBUG org.asynchttpclient.netty.request.NettyRequestSender - Using open Channel [id: 0x3fa33535, L:/127.0.0.1:51253 - R:localhost/127.0.0.1:57148] for GET '/session/06a9396faec813ad0ad50ef8d71f9459/screenshot'
16:36:17.432 [AsyncHttpClient-1-7] DEBUG org.asynchttpclient.netty.handler.HttpHandler - 

Request DefaultFullHttpRequest(decodeResult: success, version: HTTP/1.1, content: EmptyByteBufBE)
GET /session/06a9396faec813ad0ad50ef8d71f9459/screenshot HTTP/1.1
User-Agent: selenium/4.1.2 (java windows)
Cache-Control: no-cache
Content-Type: application/json; charset=utf-8
host: localhost:57148
accept: */*

Response DefaultHttpResponse(decodeResult: success, version: HTTP/1.1)
HTTP/1.1 200 OK
Content-Type: application/json; charset=utf-8
cache-control: no-cache
content-length: 382596

16:36:17.435 [AsyncHttpClient-1-7] DEBUG org.asynchttpclient.netty.channel.ChannelManager - Adding key: http://localhost:57148 for channel [id: 0x3fa33535, L:/127.0.0.1:51253 - R:localhost/127.0.0.1:57148]
16:36:17.493 [main] DEBUG net.serenitybdd.core.photography.Darkroom - Send negative for processing for target\site\serenity\ed15a54c91c342d96a850276df7b559f4526b370fc93040e3c407a48a170f368.png
16:36:17.494 [main] DEBUG net.thucydides.core.steps.StepInterceptor - STEP DONE: validateOnDashboardPage
  &amp#27;[32mGiven &amp#27;[0m&amp#27;[32mI am at the dashboard page&amp#27;[0m                            &amp#27;[90m# starter.stepdefinitions.PatientSteps.iAmAtTheDashboardPage()&amp#27;[0m
16:36:17.543 [Forwarding screenshot on session 06a9396faec813ad0ad50ef8d71f9459 to remote] DEBUG org.asynchttpclient.netty.request.NettyRequestSender - Using pooled Channel '[id: 0x3fa33535, L:/127.0.0.1:51253 - R:localhost/127.0.0.1:57148]' for 'GET' to 'http://localhost:57148/session/06a9396faec813ad0ad50ef8d71f9459/screenshot'
16:36:17.543 [Forwarding screenshot on session 06a9396faec813ad0ad50ef8d71f9459 to remote] DEBUG org.asynchttpclient.netty.request.NettyRequestSender - Using open Channel [id: 0x3fa33535, L:/127.0.0.1:51253 - R:localhost/127.0.0.1:57148] for GET '/session/06a9396faec813ad0ad50ef8d71f9459/screenshot'
16:36:17.941 [AsyncHttpClient-1-1] DEBUG org.asynchttpclient.netty.channel.DefaultChannelPool - Entry count for : http://localhost:51254 : 1
16:36:18.095 [AsyncHttpClient-1-7] DEBUG org.asynchttpclient.netty.handler.HttpHandler - 

Request DefaultFullHttpRequest(decodeResult: success, version: HTTP/1.1, content: EmptyByteBufBE)
GET /session/06a9396faec813ad0ad50ef8d71f9459/screenshot HTTP/1.1
User-Agent: selenium/4.1.2 (java windows)
Cache-Control: no-cache
Content-Type: application/json; charset=utf-8
host: localhost:57148
accept: */*

Response DefaultHttpResponse(decodeResult: success, version: HTTP/1.1)
HTTP/1.1 200 OK
Content-Type: application/json; charset=utf-8
cache-control: no-cache
content-length: 351816

16:36:18.097 [AsyncHttpClient-1-7] DEBUG org.asynchttpclient.netty.channel.ChannelManager - Adding key: http://localhost:57148 for channel [id: 0x3fa33535, L:/127.0.0.1:51253 - R:localhost/127.0.0.1:57148]
16:36:18.139 [main] DEBUG net.serenitybdd.core.photography.Darkroom - Send negative for processing for target\site\serenity\20277f1d76f1b925628464fcd1ece5de77a814679d1be3fdcf836a7ddadfed60.png
16:36:18.139 [main] DEBUG net.thucydides.core.steps.StepInterceptor - STARTING STEP: DoctorSteps.iClickMenuDoctor - clickMenuDoctorButton
16:36:18.145 [Forwarding findElement on session 06a9396faec813ad0ad50ef8d71f9459 to remote] DEBUG org.asynchttpclient.netty.request.NettyRequestSender - Using pooled Channel '[id: 0x3fa33535, L:/127.0.0.1:51253 - R:localhost/127.0.0.1:57148]' for 'POST' to 'http://localhost:57148/session/06a9396faec813ad0ad50ef8d71f9459/element'
16:36:18.145 [Forwarding findElement on session 06a9396faec813ad0ad50ef8d71f9459 to remote] DEBUG org.asynchttpclient.netty.request.NettyRequestSender - Using open Channel [id: 0x3fa33535, L:/127.0.0.1:51253 - R:localhost/127.0.0.1:57148] for POST '/session/06a9396faec813ad0ad50ef8d71f9459/element'
16:36:18.166 [AsyncHttpClient-1-7] DEBUG org.asynchttpclient.netty.handler.HttpHandler - 

Request DefaultHttpRequest(decodeResult: success, version: HTTP/1.1)
POST /session/06a9396faec813ad0ad50ef8d71f9459/element HTTP/1.1
User-Agent: selenium/4.1.2 (java windows)
Content-Length: 79
Content-Type: application/json; charset=utf-8
host: localhost:57148
accept: */*

Response DefaultHttpResponse(decodeResult: success, version: HTTP/1.1)
HTTP/1.1 200 OK
Content-Type: application/json; charset=utf-8
cache-control: no-cache
content-length: 88

16:36:18.166 [AsyncHttpClient-1-7] DEBUG org.asynchttpclient.netty.channel.ChannelManager - Adding key: http://localhost:57148 for channel [id: 0x3fa33535, L:/127.0.0.1:51253 - R:localhost/127.0.0.1:57148]
16:36:18.168 [Forwarding getElementTagName on session 06a9396faec813ad0ad50ef8d71f9459 to remote] DEBUG org.asynchttpclient.netty.request.NettyRequestSender - Using pooled Channel '[id: 0x3fa33535, L:/127.0.0.1:51253 - R:localhost/127.0.0.1:57148]' for 'GET' to 'http://localhost:57148/session/06a9396faec813ad0ad50ef8d71f9459/element/6006498c-7b43-4264-8f68-6c17ac2f1ac7/name'
16:36:18.168 [Forwarding getElementTagName on session 06a9396faec813ad0ad50ef8d71f9459 to remote] DEBUG org.asynchttpclient.netty.request.NettyRequestSender - Using open Channel [id: 0x3fa33535, L:/127.0.0.1:51253 - R:localhost/127.0.0.1:57148] for GET '/session/06a9396faec813ad0ad50ef8d71f9459/element/6006498c-7b43-4264-8f68-6c17ac2f1ac7/name'
16:36:18.175 [AsyncHttpClient-1-7] DEBUG org.asynchttpclient.netty.handler.HttpHandler - 

Request DefaultFullHttpRequest(decodeResult: success, version: HTTP/1.1, content: EmptyByteBufBE)
GET /session/06a9396faec813ad0ad50ef8d71f9459/element/6006498c-7b43-4264-8f68-6c17ac2f1ac7/name HTTP/1.1
User-Agent: selenium/4.1.2 (java windows)
Cache-Control: no-cache
Content-Type: application/json; charset=utf-8
host: localhost:57148
accept: */*

Response DefaultHttpResponse(decodeResult: success, version: HTTP/1.1)
HTTP/1.1 200 OK
Content-Type: application/json; charset=utf-8
cache-control: no-cache
content-length: 15

16:36:18.176 [AsyncHttpClient-1-7] DEBUG org.asynchttpclient.netty.channel.ChannelManager - Adding key: http://localhost:57148 for channel [id: 0x3fa33535, L:/127.0.0.1:51253 - R:localhost/127.0.0.1:57148]
16:36:18.177 [Forwarding getElementTagName on session 06a9396faec813ad0ad50ef8d71f9459 to remote] DEBUG org.asynchttpclient.netty.request.NettyRequestSender - Using pooled Channel '[id: 0x3fa33535, L:/127.0.0.1:51253 - R:localhost/127.0.0.1:57148]' for 'GET' to 'http://localhost:57148/session/06a9396faec813ad0ad50ef8d71f9459/element/6006498c-7b43-4264-8f68-6c17ac2f1ac7/name'
16:36:18.177 [Forwarding getElementTagName on session 06a9396faec813ad0ad50ef8d71f9459 to remote] DEBUG org.asynchttpclient.netty.request.NettyRequestSender - Using open Channel [id: 0x3fa33535, L:/127.0.0.1:51253 - R:localhost/127.0.0.1:57148] for GET '/session/06a9396faec813ad0ad50ef8d71f9459/element/6006498c-7b43-4264-8f68-6c17ac2f1ac7/name'
16:36:18.182 [AsyncHttpClient-1-7] DEBUG org.asynchttpclient.netty.handler.HttpHandler - 

Request DefaultFullHttpRequest(decodeResult: success, version: HTTP/1.1, content: EmptyByteBufBE)
GET /session/06a9396faec813ad0ad50ef8d71f9459/element/6006498c-7b43-4264-8f68-6c17ac2f1ac7/name HTTP/1.1
User-Agent: selenium/4.1.2 (java windows)
Cache-Control: no-cache
Content-Type: application/json; charset=utf-8
host: localhost:57148
accept: */*

Response DefaultHttpResponse(decodeResult: success, version: HTTP/1.1)
HTTP/1.1 200 OK
Content-Type: application/json; charset=utf-8
cache-control: no-cache
content-length: 15

16:36:18.182 [AsyncHttpClient-1-7] DEBUG org.asynchttpclient.netty.channel.ChannelManager - Adding key: http://localhost:57148 for channel [id: 0x3fa33535, L:/127.0.0.1:51253 - R:localhost/127.0.0.1:57148]
16:36:18.184 [Forwarding findElement on session 06a9396faec813ad0ad50ef8d71f9459 to remote] DEBUG org.asynchttpclient.netty.request.NettyRequestSender - Using pooled Channel '[id: 0x3fa33535, L:/127.0.0.1:51253 - R:localhost/127.0.0.1:57148]' for 'POST' to 'http://localhost:57148/session/06a9396faec813ad0ad50ef8d71f9459/element'
16:36:18.184 [Forwarding findElement on session 06a9396faec813ad0ad50ef8d71f9459 to remote] DEBUG org.asynchttpclient.netty.request.NettyRequestSender - Using open Channel [id: 0x3fa33535, L:/127.0.0.1:51253 - R:localhost/127.0.0.1:57148] for POST '/session/06a9396faec813ad0ad50ef8d71f9459/element'
16:36:18.195 [AsyncHttpClient-1-7] DEBUG org.asynchttpclient.netty.handler.HttpHandler - 

Request DefaultHttpRequest(decodeResult: success, version: HTTP/1.1)
POST /session/06a9396faec813ad0ad50ef8d71f9459/element HTTP/1.1
User-Agent: selenium/4.1.2 (java windows)
Content-Length: 79
Content-Type: application/json; charset=utf-8
host: localhost:57148
accept: */*

Response DefaultHttpResponse(decodeResult: success, version: HTTP/1.1)
HTTP/1.1 200 OK
Content-Type: application/json; charset=utf-8
cache-control: no-cache
content-length: 88

16:36:18.195 [AsyncHttpClient-1-7] DEBUG org.asynchttpclient.netty.channel.ChannelManager - Adding key: http://localhost:57148 for channel [id: 0x3fa33535, L:/127.0.0.1:51253 - R:localhost/127.0.0.1:57148]
16:36:18.196 [Forwarding clickElement on session 06a9396faec813ad0ad50ef8d71f9459 to remote] DEBUG org.asynchttpclient.netty.request.NettyRequestSender - Using pooled Channel '[id: 0x3fa33535, L:/127.0.0.1:51253 - R:localhost/127.0.0.1:57148]' for 'POST' to 'http://localhost:57148/session/06a9396faec813ad0ad50ef8d71f9459/element/6006498c-7b43-4264-8f68-6c17ac2f1ac7/click'
16:36:18.196 [Forwarding clickElement on session 06a9396faec813ad0ad50ef8d71f9459 to remote] DEBUG org.asynchttpclient.netty.request.NettyRequestSender - Using open Channel [id: 0x3fa33535, L:/127.0.0.1:51253 - R:localhost/127.0.0.1:57148] for POST '/session/06a9396faec813ad0ad50ef8d71f9459/element/6006498c-7b43-4264-8f68-6c17ac2f1ac7/click'
16:36:18.520 [AsyncHttpClient-1-7] DEBUG org.asynchttpclient.netty.handler.HttpHandler - 

Request DefaultHttpRequest(decodeResult: success, version: HTTP/1.1)
POST /session/06a9396faec813ad0ad50ef8d71f9459/element/6006498c-7b43-4264-8f68-6c17ac2f1ac7/click HTTP/1.1
User-Agent: selenium/4.1.2 (java windows)
Content-Length: 50
Content-Type: application/json; charset=utf-8
host: localhost:57148
accept: */*

Response DefaultHttpResponse(decodeResult: success, version: HTTP/1.1)
HTTP/1.1 200 OK
Content-Type: application/json; charset=utf-8
cache-control: no-cache
content-length: 14

16:36:18.520 [AsyncHttpClient-1-7] DEBUG org.asynchttpclient.netty.channel.ChannelManager - Adding key: http://localhost:57148 for channel [id: 0x3fa33535, L:/127.0.0.1:51253 - R:localhost/127.0.0.1:57148]
16:36:18.532 [Forwarding screenshot on session 06a9396faec813ad0ad50ef8d71f9459 to remote] DEBUG org.asynchttpclient.netty.request.NettyRequestSender - Using pooled Channel '[id: 0x3fa33535, L:/127.0.0.1:51253 - R:localhost/127.0.0.1:57148]' for 'GET' to 'http://localhost:57148/session/06a9396faec813ad0ad50ef8d71f9459/screenshot'
16:36:18.532 [Forwarding screenshot on session 06a9396faec813ad0ad50ef8d71f9459 to remote] DEBUG org.asynchttpclient.netty.request.NettyRequestSender - Using open Channel [id: 0x3fa33535, L:/127.0.0.1:51253 - R:localhost/127.0.0.1:57148] for GET '/session/06a9396faec813ad0ad50ef8d71f9459/screenshot'
16:36:18.684 [AsyncHttpClient-1-7] DEBUG org.asynchttpclient.netty.handler.HttpHandler - 

Request DefaultFullHttpRequest(decodeResult: success, version: HTTP/1.1, content: EmptyByteBufBE)
GET /session/06a9396faec813ad0ad50ef8d71f9459/screenshot HTTP/1.1
User-Agent: selenium/4.1.2 (java windows)
Cache-Control: no-cache
Content-Type: application/json; charset=utf-8
host: localhost:57148
accept: */*

Response DefaultHttpResponse(decodeResult: success, version: HTTP/1.1)
HTTP/1.1 200 OK
Content-Type: application/json; charset=utf-8
cache-control: no-cache
content-length: 56216

16:36:18.684 [AsyncHttpClient-1-7] DEBUG org.asynchttpclient.netty.channel.ChannelManager - Adding key: http://localhost:57148 for channel [id: 0x3fa33535, L:/127.0.0.1:51253 - R:localhost/127.0.0.1:57148]
16:36:18.688 [main] DEBUG net.serenitybdd.core.photography.Darkroom - Send negative for processing for target\site\serenity\93bcc9a7e51fe36df2bb0ee95da8b9e15460ad67a465a8def437a77fe40a1b48.png
16:36:18.688 [main] DEBUG net.thucydides.core.steps.StepInterceptor - STEP DONE: clickMenuDoctorButton
  &amp#27;[32mAnd &amp#27;[0m&amp#27;[32mI click menu doctor&amp#27;[0m                                     &amp#27;[90m# starter.stepdefinitions.DoctorSteps.iClickMenuDoctor()&amp#27;[0m
16:36:18.709 [Forwarding findElement on session 06a9396faec813ad0ad50ef8d71f9459 to remote] DEBUG org.asynchttpclient.netty.request.NettyRequestSender - Using pooled Channel '[id: 0x3fa33535, L:/127.0.0.1:51253 - R:localhost/127.0.0.1:57148]' for 'POST' to 'http://localhost:57148/session/06a9396faec813ad0ad50ef8d71f9459/element'
16:36:18.709 [Forwarding findElement on session 06a9396faec813ad0ad50ef8d71f9459 to remote] DEBUG org.asynchttpclient.netty.request.NettyRequestSender - Using open Channel [id: 0x3fa33535, L:/127.0.0.1:51253 - R:localhost/127.0.0.1:57148] for POST '/session/06a9396faec813ad0ad50ef8d71f9459/element'
16:36:18.729 [AsyncHttpClient-1-7] DEBUG org.asynchttpclient.netty.handler.HttpHandler - 

Request DefaultHttpRequest(decodeResult: success, version: HTTP/1.1)
POST /session/06a9396faec813ad0ad50ef8d71f9459/element HTTP/1.1
User-Agent: selenium/4.1.2 (java windows)
Content-Length: 160
Content-Type: application/json; charset=utf-8
host: localhost:57148
accept: */*

Response DefaultHttpResponse(decodeResult: success, version: HTTP/1.1)
HTTP/1.1 200 OK
Content-Type: application/json; charset=utf-8
cache-control: no-cache
content-length: 88

16:36:18.729 [AsyncHttpClient-1-7] DEBUG org.asynchttpclient.netty.channel.ChannelManager - Adding key: http://localhost:57148 for channel [id: 0x3fa33535, L:/127.0.0.1:51253 - R:localhost/127.0.0.1:57148]
16:36:18.730 [Forwarding clearElement on session 06a9396faec813ad0ad50ef8d71f9459 to remote] DEBUG org.asynchttpclient.netty.request.NettyRequestSender - Using pooled Channel '[id: 0x3fa33535, L:/127.0.0.1:51253 - R:localhost/127.0.0.1:57148]' for 'POST' to 'http://localhost:57148/session/06a9396faec813ad0ad50ef8d71f9459/element/4f0d5f5e-b473-4140-bbbb-3887e2438701/clear'
16:36:18.730 [Forwarding clearElement on session 06a9396faec813ad0ad50ef8d71f9459 to remote] DEBUG org.asynchttpclient.netty.request.NettyRequestSender - Using open Channel [id: 0x3fa33535, L:/127.0.0.1:51253 - R:localhost/127.0.0.1:57148] for POST '/session/06a9396faec813ad0ad50ef8d71f9459/element/4f0d5f5e-b473-4140-bbbb-3887e2438701/clear'
16:36:18.929 [AsyncHttpClient-1-7] DEBUG org.asynchttpclient.netty.handler.HttpHandler - 

Request DefaultHttpRequest(decodeResult: success, version: HTTP/1.1)
POST /session/06a9396faec813ad0ad50ef8d71f9459/element/4f0d5f5e-b473-4140-bbbb-3887e2438701/clear HTTP/1.1
User-Agent: selenium/4.1.2 (java windows)
Content-Length: 50
Content-Type: application/json; charset=utf-8
host: localhost:57148
accept: */*

Response DefaultHttpResponse(decodeResult: success, version: HTTP/1.1)
HTTP/1.1 200 OK
Content-Type: application/json; charset=utf-8
cache-control: no-cache
content-length: 14

16:36:18.929 [AsyncHttpClient-1-7] DEBUG org.asynchttpclient.netty.channel.ChannelManager - Adding key: http://localhost:57148 for channel [id: 0x3fa33535, L:/127.0.0.1:51253 - R:localhost/127.0.0.1:57148]
16:36:18.931 [Forwarding sendKeysToElement on session 06a9396faec813ad0ad50ef8d71f9459 to remote] DEBUG org.asynchttpclient.netty.request.NettyRequestSender - Using pooled Channel '[id: 0x3fa33535, L:/127.0.0.1:51253 - R:localhost/127.0.0.1:57148]' for 'POST' to 'http://localhost:57148/session/06a9396faec813ad0ad50ef8d71f9459/element/4f0d5f5e-b473-4140-bbbb-3887e2438701/value'
16:36:18.931 [Forwarding sendKeysToElement on session 06a9396faec813ad0ad50ef8d71f9459 to remote] DEBUG org.asynchttpclient.netty.request.NettyRequestSender - Using open Channel [id: 0x3fa33535, L:/127.0.0.1:51253 - R:localhost/127.0.0.1:57148] for POST '/session/06a9396faec813ad0ad50ef8d71f9459/element/4f0d5f5e-b473-4140-bbbb-3887e2438701/value'
16:36:19.052 [AsyncHttpClient-1-1] DEBUG org.asynchttpclient.netty.channel.DefaultChannelPool - Entry count for : http://localhost:51254 : 1
16:36:19.670 [AsyncHttpClient-1-7] DEBUG org.asynchttpclient.netty.handler.HttpHandler - 

Request DefaultHttpRequest(decodeResult: success, version: HTTP/1.1)
POST /session/06a9396faec813ad0ad50ef8d71f9459/element/4f0d5f5e-b473-4140-bbbb-3887e2438701/value HTTP/1.1
User-Agent: selenium/4.1.2 (java windows)
Content-Length: 171
Content-Type: application/json; charset=utf-8
host: localhost:57148
accept: */*

Response DefaultHttpResponse(decodeResult: success, version: HTTP/1.1)
HTTP/1.1 200 OK
Content-Type: application/json; charset=utf-8
cache-control: no-cache
content-length: 14

16:36:19.670 [AsyncHttpClient-1-7] DEBUG org.asynchttpclient.netty.channel.ChannelManager - Adding key: http://localhost:57148 for channel [id: 0x3fa33535, L:/127.0.0.1:51253 - R:localhost/127.0.0.1:57148]
16:36:19.685 [Forwarding screenshot on session 06a9396faec813ad0ad50ef8d71f9459 to remote] DEBUG org.asynchttpclient.netty.request.NettyRequestSender - Using pooled Channel '[id: 0x3fa33535, L:/127.0.0.1:51253 - R:localhost/127.0.0.1:57148]' for 'GET' to 'http://localhost:57148/session/06a9396faec813ad0ad50ef8d71f9459/screenshot'
16:36:19.685 [Forwarding screenshot on session 06a9396faec813ad0ad50ef8d71f9459 to remote] DEBUG org.asynchttpclient.netty.request.NettyRequestSender - Using open Channel [id: 0x3fa33535, L:/127.0.0.1:51253 - R:localhost/127.0.0.1:57148] for GET '/session/06a9396faec813ad0ad50ef8d71f9459/screenshot'
16:36:19.853 [AsyncHttpClient-1-7] DEBUG org.asynchttpclient.netty.handler.HttpHandler - 

Request DefaultFullHttpRequest(decodeResult: success, version: HTTP/1.1, content: EmptyByteBufBE)
GET /session/06a9396faec813ad0ad50ef8d71f9459/screenshot HTTP/1.1
User-Agent: selenium/4.1.2 (java windows)
Cache-Control: no-cache
Content-Type: application/json; charset=utf-8
host: localhost:57148
accept: */*

Response DefaultHttpResponse(decodeResult: success, version: HTTP/1.1)
HTTP/1.1 200 OK
Content-Type: application/json; charset=utf-8
cache-control: no-cache
content-length: 91616

16:36:19.854 [AsyncHttpClient-1-7] DEBUG org.asynchttpclient.netty.channel.ChannelManager - Adding key: http://localhost:57148 for channel [id: 0x3fa33535, L:/127.0.0.1:51253 - R:localhost/127.0.0.1:57148]
16:36:19.860 [main] DEBUG net.serenitybdd.core.photography.Darkroom - Send negative for processing for target\site\serenity\b54de4b724f66885ec50d07952de15f12265b0fdc681f3df2cd6e8c6a693a3d6.png
16:36:19.860 [main] DEBUG net.thucydides.core.steps.StepInterceptor - STARTING STEP: DoctorSteps.iInputDoctorPhoneNumberAndClickSearch - clickSearchButton
16:36:19.860 [Darkroom Processing Line] DEBUG net.serenitybdd.core.photography.DarkroomProcessingLine - Processing screenshot image in /var/screenshots/screenshot-724961715075951623
16:36:19.860 [Darkroom Processing Line] DEBUG net.serenitybdd.core.photography.DarkroomProcessingLine - Saving screenshot to target\site\serenity\b54de4b724f66885ec50d07952de15f12265b0fdc681f3df2cd6e8c6a693a3d6.png
16:36:19.865 [Forwarding findElement on session 06a9396faec813ad0ad50ef8d71f9459 to remote] DEBUG org.asynchttpclient.netty.request.NettyRequestSender - Using pooled Channel '[id: 0x3fa33535, L:/127.0.0.1:51253 - R:localhost/127.0.0.1:57148]' for 'POST' to 'http://localhost:57148/session/06a9396faec813ad0ad50ef8d71f9459/element'
16:36:19.865 [Forwarding findElement on session 06a9396faec813ad0ad50ef8d71f9459 to remote] DEBUG org.asynchttpclient.netty.request.NettyRequestSender - Using open Channel [id: 0x3fa33535, L:/127.0.0.1:51253 - R:localhost/127.0.0.1:57148] for POST '/session/06a9396faec813ad0ad50ef8d71f9459/element'
16:36:19.885 [AsyncHttpClient-1-7] DEBUG org.asynchttpclient.netty.handler.HttpHandler - 

Request DefaultHttpRequest(decodeResult: success, version: HTTP/1.1)
POST /session/06a9396faec813ad0ad50ef8d71f9459/element HTTP/1.1
User-Agent: selenium/4.1.2 (java windows)
Content-Length: 161
Content-Type: application/json; charset=utf-8
host: localhost:57148
accept: */*

Response DefaultHttpResponse(decodeResult: success, version: HTTP/1.1)
HTTP/1.1 200 OK
Content-Type: application/json; charset=utf-8
cache-control: no-cache
content-length: 88

16:36:19.885 [AsyncHttpClient-1-7] DEBUG org.asynchttpclient.netty.channel.ChannelManager - Adding key: http://localhost:57148 for channel [id: 0x3fa33535, L:/127.0.0.1:51253 - R:localhost/127.0.0.1:57148]
16:36:19.887 [Forwarding getElementTagName on session 06a9396faec813ad0ad50ef8d71f9459 to remote] DEBUG org.asynchttpclient.netty.request.NettyRequestSender - Using pooled Channel '[id: 0x3fa33535, L:/127.0.0.1:51253 - R:localhost/127.0.0.1:57148]' for 'GET' to 'http://localhost:57148/session/06a9396faec813ad0ad50ef8d71f9459/element/2abf1d88-1ba0-44eb-b530-5bc7e821c244/name'
16:36:19.887 [Forwarding getElementTagName on session 06a9396faec813ad0ad50ef8d71f9459 to remote] DEBUG org.asynchttpclient.netty.request.NettyRequestSender - Using open Channel [id: 0x3fa33535, L:/127.0.0.1:51253 - R:localhost/127.0.0.1:57148] for GET '/session/06a9396faec813ad0ad50ef8d71f9459/element/2abf1d88-1ba0-44eb-b530-5bc7e821c244/name'
16:36:19.893 [AsyncHttpClient-1-7] DEBUG org.asynchttpclient.netty.handler.HttpHandler - 

Request DefaultFullHttpRequest(decodeResult: success, version: HTTP/1.1, content: EmptyByteBufBE)
GET /session/06a9396faec813ad0ad50ef8d71f9459/element/2abf1d88-1ba0-44eb-b530-5bc7e821c244/name HTTP/1.1
User-Agent: selenium/4.1.2 (java windows)
Cache-Control: no-cache
Content-Type: application/json; charset=utf-8
host: localhost:57148
accept: */*

Response DefaultHttpResponse(decodeResult: success, version: HTTP/1.1)
HTTP/1.1 200 OK
Content-Type: application/json; charset=utf-8
cache-control: no-cache
content-length: 18

16:36:19.893 [AsyncHttpClient-1-7] DEBUG org.asynchttpclient.netty.channel.ChannelManager - Adding key: http://localhost:57148 for channel [id: 0x3fa33535, L:/127.0.0.1:51253 - R:localhost/127.0.0.1:57148]
16:36:19.895 [Forwarding getElementTagName on session 06a9396faec813ad0ad50ef8d71f9459 to remote] DEBUG org.asynchttpclient.netty.request.NettyRequestSender - Using pooled Channel '[id: 0x3fa33535, L:/127.0.0.1:51253 - R:localhost/127.0.0.1:57148]' for 'GET' to 'http://localhost:57148/session/06a9396faec813ad0ad50ef8d71f9459/element/2abf1d88-1ba0-44eb-b530-5bc7e821c244/name'
16:36:19.895 [Forwarding getElementTagName on session 06a9396faec813ad0ad50ef8d71f9459 to remote] DEBUG org.asynchttpclient.netty.request.NettyRequestSender - Using open Channel [id: 0x3fa33535, L:/127.0.0.1:51253 - R:localhost/127.0.0.1:57148] for GET '/session/06a9396faec813ad0ad50ef8d71f9459/element/2abf1d88-1ba0-44eb-b530-5bc7e821c244/name'
16:36:19.899 [AsyncHttpClient-1-7] DEBUG org.asynchttpclient.netty.handler.HttpHandler - 

Request DefaultFullHttpRequest(decodeResult: success, version: HTTP/1.1, content: EmptyByteBufBE)
GET /session/06a9396faec813ad0ad50ef8d71f9459/element/2abf1d88-1ba0-44eb-b530-5bc7e821c244/name HTTP/1.1
User-Agent: selenium/4.1.2 (java windows)
Cache-Control: no-cache
Content-Type: application/json; charset=utf-8
host: localhost:57148
accept: */*

Response DefaultHttpResponse(decodeResult: success, version: HTTP/1.1)
HTTP/1.1 200 OK
Content-Type: application/json; charset=utf-8
cache-control: no-cache
content-length: 18

16:36:19.899 [AsyncHttpClient-1-7] DEBUG org.asynchttpclient.netty.channel.ChannelManager - Adding key: http://localhost:57148 for channel [id: 0x3fa33535, L:/127.0.0.1:51253 - R:localhost/127.0.0.1:57148]
16:36:19.902 [Forwarding isElementEnabled on session 06a9396faec813ad0ad50ef8d71f9459 to remote] DEBUG org.asynchttpclient.netty.request.NettyRequestSender - Using pooled Channel '[id: 0x3fa33535, L:/127.0.0.1:51253 - R:localhost/127.0.0.1:57148]' for 'GET' to 'http://localhost:57148/session/06a9396faec813ad0ad50ef8d71f9459/element/2abf1d88-1ba0-44eb-b530-5bc7e821c244/enabled'
16:36:19.902 [Forwarding isElementEnabled on session 06a9396faec813ad0ad50ef8d71f9459 to remote] DEBUG org.asynchttpclient.netty.request.NettyRequestSender - Using open Channel [id: 0x3fa33535, L:/127.0.0.1:51253 - R:localhost/127.0.0.1:57148] for GET '/session/06a9396faec813ad0ad50ef8d71f9459/element/2abf1d88-1ba0-44eb-b530-5bc7e821c244/enabled'
16:36:19.916 [AsyncHttpClient-1-7] DEBUG org.asynchttpclient.netty.handler.HttpHandler - 

Request DefaultFullHttpRequest(decodeResult: success, version: HTTP/1.1, content: EmptyByteBufBE)
GET /session/06a9396faec813ad0ad50ef8d71f9459/element/2abf1d88-1ba0-44eb-b530-5bc7e821c244/enabled HTTP/1.1
User-Agent: selenium/4.1.2 (java windows)
Cache-Control: no-cache
Content-Type: application/json; charset=utf-8
host: localhost:57148
accept: */*

Response DefaultHttpResponse(decodeResult: success, version: HTTP/1.1)
HTTP/1.1 200 OK
Content-Type: application/json; charset=utf-8
cache-control: no-cache
content-length: 14

16:36:19.916 [AsyncHttpClient-1-7] DEBUG org.asynchttpclient.netty.channel.ChannelManager - Adding key: http://localhost:57148 for channel [id: 0x3fa33535, L:/127.0.0.1:51253 - R:localhost/127.0.0.1:57148]
16:36:19.918 [Forwarding isElementEnabled on session 06a9396faec813ad0ad50ef8d71f9459 to remote] DEBUG org.asynchttpclient.netty.request.NettyRequestSender - Using pooled Channel '[id: 0x3fa33535, L:/127.0.0.1:51253 - R:localhost/127.0.0.1:57148]' for 'GET' to 'http://localhost:57148/session/06a9396faec813ad0ad50ef8d71f9459/element/2abf1d88-1ba0-44eb-b530-5bc7e821c244/enabled'
16:36:19.918 [Forwarding isElementEnabled on session 06a9396faec813ad0ad50ef8d71f9459 to remote] DEBUG org.asynchttpclient.netty.request.NettyRequestSender - Using open Channel [id: 0x3fa33535, L:/127.0.0.1:51253 - R:localhost/127.0.0.1:57148] for GET '/session/06a9396faec813ad0ad50ef8d71f9459/element/2abf1d88-1ba0-44eb-b530-5bc7e821c244/enabled'
16:36:19.927 [AsyncHttpClient-1-7] DEBUG org.asynchttpclient.netty.handler.HttpHandler - 

Request DefaultFullHttpRequest(decodeResult: success, version: HTTP/1.1, content: EmptyByteBufBE)
GET /session/06a9396faec813ad0ad50ef8d71f9459/element/2abf1d88-1ba0-44eb-b530-5bc7e821c244/enabled HTTP/1.1
User-Agent: selenium/4.1.2 (java windows)
Cache-Control: no-cache
Content-Type: application/json; charset=utf-8
host: localhost:57148
accept: */*

Response DefaultHttpResponse(decodeResult: success, version: HTTP/1.1)
HTTP/1.1 200 OK
Content-Type: application/json; charset=utf-8
cache-control: no-cache
content-length: 14

16:36:19.927 [AsyncHttpClient-1-7] DEBUG org.asynchttpclient.netty.channel.ChannelManager - Adding key: http://localhost:57148 for channel [id: 0x3fa33535, L:/127.0.0.1:51253 - R:localhost/127.0.0.1:57148]
16:36:19.930 [Forwarding findElement on session 06a9396faec813ad0ad50ef8d71f9459 to remote] DEBUG org.asynchttpclient.netty.request.NettyRequestSender - Using pooled Channel '[id: 0x3fa33535, L:/127.0.0.1:51253 - R:localhost/127.0.0.1:57148]' for 'POST' to 'http://localhost:57148/session/06a9396faec813ad0ad50ef8d71f9459/element'
16:36:19.930 [Forwarding findElement on session 06a9396faec813ad0ad50ef8d71f9459 to remote] DEBUG org.asynchttpclient.netty.request.NettyRequestSender - Using open Channel [id: 0x3fa33535, L:/127.0.0.1:51253 - R:localhost/127.0.0.1:57148] for POST '/session/06a9396faec813ad0ad50ef8d71f9459/element'
16:36:19.941 [AsyncHttpClient-1-7] DEBUG org.asynchttpclient.netty.handler.HttpHandler - 

Request DefaultHttpRequest(decodeResult: success, version: HTTP/1.1)
POST /session/06a9396faec813ad0ad50ef8d71f9459/element HTTP/1.1
User-Agent: selenium/4.1.2 (java windows)
Content-Length: 161
Content-Type: application/json; charset=utf-8
host: localhost:57148
accept: */*

Response DefaultHttpResponse(decodeResult: success, version: HTTP/1.1)
HTTP/1.1 200 OK
Content-Type: application/json; charset=utf-8
cache-control: no-cache
content-length: 88

16:36:19.941 [AsyncHttpClient-1-7] DEBUG org.asynchttpclient.netty.channel.ChannelManager - Adding key: http://localhost:57148 for channel [id: 0x3fa33535, L:/127.0.0.1:51253 - R:localhost/127.0.0.1:57148]
16:36:19.942 [Forwarding clickElement on session 06a9396faec813ad0ad50ef8d71f9459 to remote] DEBUG org.asynchttpclient.netty.request.NettyRequestSender - Using pooled Channel '[id: 0x3fa33535, L:/127.0.0.1:51253 - R:localhost/127.0.0.1:57148]' for 'POST' to 'http://localhost:57148/session/06a9396faec813ad0ad50ef8d71f9459/element/2abf1d88-1ba0-44eb-b530-5bc7e821c244/click'
16:36:19.942 [Forwarding clickElement on session 06a9396faec813ad0ad50ef8d71f9459 to remote] DEBUG org.asynchttpclient.netty.request.NettyRequestSender - Using open Channel [id: 0x3fa33535, L:/127.0.0.1:51253 - R:localhost/127.0.0.1:57148] for POST '/session/06a9396faec813ad0ad50ef8d71f9459/element/2abf1d88-1ba0-44eb-b530-5bc7e821c244/click'
16:36:20.085 [AsyncHttpClient-1-7] DEBUG org.asynchttpclient.netty.handler.HttpHandler - 

Request DefaultHttpRequest(decodeResult: success, version: HTTP/1.1)
POST /session/06a9396faec813ad0ad50ef8d71f9459/element/2abf1d88-1ba0-44eb-b530-5bc7e821c244/click HTTP/1.1
User-Agent: selenium/4.1.2 (java windows)
Content-Length: 50
Content-Type: application/json; charset=utf-8
host: localhost:57148
accept: */*

Response DefaultHttpResponse(decodeResult: success, version: HTTP/1.1)
HTTP/1.1 200 OK
Content-Type: application/json; charset=utf-8
cache-control: no-cache
content-length: 14

16:36:20.086 [AsyncHttpClient-1-7] DEBUG org.asynchttpclient.netty.channel.ChannelManager - Adding key: http://localhost:57148 for channel [id: 0x3fa33535, L:/127.0.0.1:51253 - R:localhost/127.0.0.1:57148]
16:36:20.098 [Forwarding screenshot on session 06a9396faec813ad0ad50ef8d71f9459 to remote] DEBUG org.asynchttpclient.netty.request.NettyRequestSender - Using pooled Channel '[id: 0x3fa33535, L:/127.0.0.1:51253 - R:localhost/127.0.0.1:57148]' for 'GET' to 'http://localhost:57148/session/06a9396faec813ad0ad50ef8d71f9459/screenshot'
16:36:20.099 [Forwarding screenshot on session 06a9396faec813ad0ad50ef8d71f9459 to remote] DEBUG org.asynchttpclient.netty.request.NettyRequestSender - Using open Channel [id: 0x3fa33535, L:/127.0.0.1:51253 - R:localhost/127.0.0.1:57148] for GET '/session/06a9396faec813ad0ad50ef8d71f9459/screenshot'
16:36:20.137 [AsyncHttpClient-1-1] DEBUG org.asynchttpclient.netty.channel.DefaultChannelPool - Entry count for : http://localhost:51254 : 1
16:36:20.269 [AsyncHttpClient-1-7] DEBUG org.asynchttpclient.netty.handler.HttpHandler - 

Request DefaultFullHttpRequest(decodeResult: success, version: HTTP/1.1, content: EmptyByteBufBE)
GET /session/06a9396faec813ad0ad50ef8d71f9459/screenshot HTTP/1.1
User-Agent: selenium/4.1.2 (java windows)
Cache-Control: no-cache
Content-Type: application/json; charset=utf-8
host: localhost:57148
accept: */*

Response DefaultHttpResponse(decodeResult: success, version: HTTP/1.1)
HTTP/1.1 200 OK
Content-Type: application/json; charset=utf-8
cache-control: no-cache
content-length: 67928

16:36:20.269 [AsyncHttpClient-1-7] DEBUG org.asynchttpclient.netty.channel.ChannelManager - Adding key: http://localhost:57148 for channel [id: 0x3fa33535, L:/127.0.0.1:51253 - R:localhost/127.0.0.1:57148]
16:36:20.274 [main] DEBUG net.serenitybdd.core.photography.Darkroom - Send negative for processing for target\site\serenity\0a5756374bea7e3ba69b7dd06e692aea56bcf0eafcfcd73e98ee81c36d87d1d1.png
16:36:20.275 [main] DEBUG net.thucydides.core.steps.StepInterceptor - STEP DONE: clickSearchButton
  &amp#27;[32mWhen &amp#27;[0m&amp#27;[32mI input doctor phone number and click search&amp#27;[0m           &amp#27;[90m# starter.stepdefinitions.DoctorSteps.iInputDoctorPhoneNumberAndClickSearch()&amp#27;[0m
16:36:20.275 [Darkroom Processing Line] DEBUG net.serenitybdd.core.photography.DarkroomProcessingLine - Processing screenshot image in /var/screenshots/screenshot-8872730076092745416
16:36:20.275 [Darkroom Processing Line] DEBUG net.serenitybdd.core.photography.DarkroomProcessingLine - Saving screenshot to target\site\serenity\0a5756374bea7e3ba69b7dd06e692aea56bcf0eafcfcd73e98ee81c36d87d1d1.png
16:36:20.295 [Forwarding findElement on session 06a9396faec813ad0ad50ef8d71f9459 to remote] DEBUG org.asynchttpclient.netty.request.NettyRequestSender - Using pooled Channel '[id: 0x3fa33535, L:/127.0.0.1:51253 - R:localhost/127.0.0.1:57148]' for 'POST' to 'http://localhost:57148/session/06a9396faec813ad0ad50ef8d71f9459/element'
16:36:20.295 [Forwarding findElement on session 06a9396faec813ad0ad50ef8d71f9459 to remote] DEBUG org.asynchttpclient.netty.request.NettyRequestSender - Using open Channel [id: 0x3fa33535, L:/127.0.0.1:51253 - R:localhost/127.0.0.1:57148] for POST '/session/06a9396faec813ad0ad50ef8d71f9459/element'
16:36:21.237 [AsyncHttpClient-1-1] DEBUG org.asynchttpclient.netty.channel.DefaultChannelPool - Entry count for : http://localhost:51254 : 1
16:36:22.337 [AsyncHttpClient-1-1] DEBUG org.asynchttpclient.netty.channel.DefaultChannelPool - Entry count for : http://localhost:51254 : 1
16:36:23.439 [AsyncHttpClient-1-1] DEBUG org.asynchttpclient.netty.channel.DefaultChannelPool - Entry count for : http://localhost:51254 : 1
16:36:24.538 [AsyncHttpClient-1-1] DEBUG org.asynchttpclient.netty.channel.DefaultChannelPool - Entry count for : http://localhost:51254 : 1
16:36:25.359 [AsyncHttpClient-1-7] DEBUG org.asynchttpclient.netty.handler.HttpHandler - 

Request DefaultHttpRequest(decodeResult: success, version: HTTP/1.1)
POST /session/06a9396faec813ad0ad50ef8d71f9459/element HTTP/1.1
User-Agent: selenium/4.1.2 (java windows)
Content-Length: 81
Content-Type: application/json; charset=utf-8
host: localhost:57148
accept: */*

Response DefaultHttpResponse(decodeResult: success, version: HTTP/1.1)
HTTP/1.1 404 Not Found
Content-Type: application/json; charset=utf-8
cache-control: no-cache
content-length: 1028

16:36:25.359 [AsyncHttpClient-1-7] DEBUG org.asynchttpclient.netty.channel.ChannelManager - Adding key: http://localhost:57148 for channel [id: 0x3fa33535, L:/127.0.0.1:51253 - R:localhost/127.0.0.1:57148]
16:36:25.392 [Forwarding screenshot on session 06a9396faec813ad0ad50ef8d71f9459 to remote] DEBUG org.asynchttpclient.netty.request.NettyRequestSender - Using pooled Channel '[id: 0x3fa33535, L:/127.0.0.1:51253 - R:localhost/127.0.0.1:57148]' for 'GET' to 'http://localhost:57148/session/06a9396faec813ad0ad50ef8d71f9459/screenshot'
16:36:25.392 [Forwarding screenshot on session 06a9396faec813ad0ad50ef8d71f9459 to remote] DEBUG org.asynchttpclient.netty.request.NettyRequestSender - Using open Channel [id: 0x3fa33535, L:/127.0.0.1:51253 - R:localhost/127.0.0.1:57148] for GET '/session/06a9396faec813ad0ad50ef8d71f9459/screenshot'
16:36:25.493 [AsyncHttpClient-1-7] DEBUG org.asynchttpclient.netty.handler.HttpHandler - 

Request DefaultFullHttpRequest(decodeResult: success, version: HTTP/1.1, content: EmptyByteBufBE)
GET /session/06a9396faec813ad0ad50ef8d71f9459/screenshot HTTP/1.1
User-Agent: selenium/4.1.2 (java windows)
Cache-Control: no-cache
Content-Type: application/json; charset=utf-8
host: localhost:57148
accept: */*

Response DefaultHttpResponse(decodeResult: success, version: HTTP/1.1)
HTTP/1.1 200 OK
Content-Type: application/json; charset=utf-8
cache-control: no-cache
content-length: 71828

16:36:25.494 [AsyncHttpClient-1-7] DEBUG org.asynchttpclient.netty.channel.ChannelManager - Adding key: http://localhost:57148 for channel [id: 0x3fa33535, L:/127.0.0.1:51253 - R:localhost/127.0.0.1:57148]
16:36:25.499 [main] DEBUG net.serenitybdd.core.photography.Darkroom - Send negative for processing for target\site\serenity\5bad8fe42d3953a2a64c53cf1188dec31c3e8f7df48029239f1804b5a953cf2a.png
16:36:25.499 [Darkroom Processing Line] DEBUG net.serenitybdd.core.photography.DarkroomProcessingLine - Processing screenshot image in /var/screenshots/screenshot-8377663997759521970
16:36:25.499 [Darkroom Processing Line] DEBUG net.serenitybdd.core.photography.DarkroomProcessingLine - Saving screenshot to target\site\serenity\5bad8fe42d3953a2a64c53cf1188dec31c3e8f7df48029239f1804b5a953cf2a.png
16:36:25.505 [Forwarding getPageSource on session 06a9396faec813ad0ad50ef8d71f9459 to remote] DEBUG org.asynchttpclient.netty.request.NettyRequestSender - Using pooled Channel '[id: 0x3fa33535, L:/127.0.0.1:51253 - R:localhost/127.0.0.1:57148]' for 'POST' to 'http://localhost:57148/session/06a9396faec813ad0ad50ef8d71f9459/execute/sync'
16:36:25.505 [Forwarding getPageSource on session 06a9396faec813ad0ad50ef8d71f9459 to remote] DEBUG org.asynchttpclient.netty.request.NettyRequestSender - Using open Channel [id: 0x3fa33535, L:/127.0.0.1:51253 - R:localhost/127.0.0.1:57148] for POST '/session/06a9396faec813ad0ad50ef8d71f9459/execute/sync'
16:36:25.513 [AsyncHttpClient-1-7] DEBUG org.asynchttpclient.netty.handler.HttpHandler - 

Request DefaultHttpRequest(decodeResult: success, version: HTTP/1.1)
POST /session/06a9396faec813ad0ad50ef8d71f9459/execute/sync HTTP/1.1
User-Agent: selenium/4.1.2 (java windows)
Content-Length: 176
Content-Type: application/json; charset=utf-8
host: localhost:57148
accept: */*

Response DefaultHttpResponse(decodeResult: success, version: HTTP/1.1)
HTTP/1.1 200 OK
Content-Type: application/json; charset=utf-8
cache-control: no-cache
content-length: 14330

16:36:25.513 [AsyncHttpClient-1-7] DEBUG org.asynchttpclient.netty.channel.ChannelManager - Adding key: http://localhost:57148 for channel [id: 0x3fa33535, L:/127.0.0.1:51253 - R:localhost/127.0.0.1:57148]
16:36:25.606 [Forwarding getCurrentUrl on session 06a9396faec813ad0ad50ef8d71f9459 to remote] DEBUG org.asynchttpclient.netty.request.NettyRequestSender - Using pooled Channel '[id: 0x3fa33535, L:/127.0.0.1:51253 - R:localhost/127.0.0.1:57148]' for 'GET' to 'http://localhost:57148/session/06a9396faec813ad0ad50ef8d71f9459/url'
16:36:25.606 [Forwarding getCurrentUrl on session 06a9396faec813ad0ad50ef8d71f9459 to remote] DEBUG org.asynchttpclient.netty.request.NettyRequestSender - Using open Channel [id: 0x3fa33535, L:/127.0.0.1:51253 - R:localhost/127.0.0.1:57148] for GET '/session/06a9396faec813ad0ad50ef8d71f9459/url'
16:36:25.611 [AsyncHttpClient-1-7] DEBUG org.asynchttpclient.netty.handler.HttpHandler - 

Request DefaultFullHttpRequest(decodeResult: success, version: HTTP/1.1, content: EmptyByteBufBE)
GET /session/06a9396faec813ad0ad50ef8d71f9459/url HTTP/1.1
User-Agent: selenium/4.1.2 (java windows)
Cache-Control: no-cache
Content-Type: application/json; charset=utf-8
host: localhost:57148
accept: */*

Response DefaultHttpResponse(decodeResult: success, version: HTTP/1.1)
HTTP/1.1 200 OK
Content-Type: application/json; charset=utf-8
cache-control: no-cache
content-length: 59

16:36:25.611 [AsyncHttpClient-1-7] DEBUG org.asynchttpclient.netty.channel.ChannelManager - Adding key: http://localhost:57148 for channel [id: 0x3fa33535, L:/127.0.0.1:51253 - R:localhost/127.0.0.1:57148]
  &amp#27;[31mThen &amp#27;[0m&amp#27;[31mI validate search by doctor phone number&amp#27;[0m               &amp#27;[90m# starter.stepdefinitions.DoctorSteps.iValidateSearchByDoctorPhoneNumber()&amp#27;[0m
      &amp#27;[31morg.openqa.selenium.NoSuchElementException: no such element: Unable to locate element: {"method":"xpath","selector":"//td[contains(text(),'023141241')]"}
  (Session info: chrome=102.0.5005.115)
For documentation on this error, please visit: https://selenium.dev/exceptions/#no_such_element
Build info: version: '4.1.2', revision: '9a5a329c5a'
System info: host: 'DELL', ip: '192.168.1.6', os.name: 'Windows 8.1', os.arch: 'amd64', os.version: '6.3', java.version: '15.0.2'
Driver info: org.openqa.selenium.chrome.ChromeDriver
Command: [06a9396faec813ad0ad50ef8d71f9459, findElement {using=xpath, value=//td[contains(text(),'023141241')]}]
Capabilities {acceptInsecureCerts: false, browserName: chrome, browserVersion: 102.0.5005.115, chrome: {chromedriverVersion: 102.0.5005.61 (0e59bcc00cc4..., userDataDir: C:\Users\USER\AppData\Local...}, goog:chromeOptions: {debuggerAddress: localhost:51254}, javascriptEnabled: true, networkConnectionEnabled: false, pageLoadStrategy: normal, platform: WINDOWS, platformName: WINDOWS, proxy: Proxy(), se:cdp: ws://localhost:51254/devtoo..., se:cdpVersion: 102.0.5005.115, setWindowRect: true, strictFileInteractability: false, timeouts: {implicit: 0, pageLoad: 300000, script: 30000}, unhandledPromptBehavior: dismiss and notify, webauthn:extension:credBlob: true, webauthn:extension:largeBlob: true, webauthn:virtualAuthenticators: true}
Session ID: 06a9396faec813ad0ad50ef8d71f9459
	at java.base/jdk.internal.reflect.NativeConstructorAccessorImpl.newInstance0(Native Method)
	at java.base/jdk.internal.reflect.NativeConstructorAccessorImpl.newInstance(NativeConstructorAccessorImpl.java:64)
	at java.base/jdk.internal.reflect.DelegatingConstructorAccessorImpl.newInstance(DelegatingConstructorAccessorImpl.java:45)
	at java.base/java.lang.reflect.Constructor.newInstanceWithCaller(Constructor.java:500)
	at java.base/java.lang.reflect.Constructor.newInstance(Constructor.java:481)
	at org.openqa.selenium.remote.codec.w3c.W3CHttpResponseCodec.createException(W3CHttpResponseCodec.java:200)
	at org.openqa.selenium.remote.codec.w3c.W3CHttpResponseCodec.decode(W3CHttpResponseCodec.java:133)
	at org.openqa.selenium.remote.codec.w3c.W3CHttpResponseCodec.decode(W3CHttpResponseCodec.java:53)
	at org.openqa.selenium.remote.HttpCommandExecutor.execute(HttpCommandExecutor.java:184)
	at org.openqa.selenium.remote.service.DriverCommandExecutor.invokeExecute(DriverCommandExecutor.java:167)
	at org.openqa.selenium.remote.service.DriverCommandExecutor.execute(DriverCommandExecutor.java:142)
	at org.openqa.selenium.remote.RemoteWebDriver.execute(RemoteWebDriver.java:558)
	at org.openqa.selenium.remote.ElementLocation$ElementFinder$2.findElement(ElementLocation.java:162)
	at org.openqa.selenium.remote.ElementLocation.findElement(ElementLocation.java:60)
	at org.openqa.selenium.remote.RemoteWebDriver.findElement(RemoteWebDriver.java:382)
	at org.openqa.selenium.remote.RemoteWebDriver.findElement(RemoteWebDriver.java:374)
	at net.thucydides.core.webdriver.WebDriverFacade.findElement(WebDriverFacade.java:224)
	at net.serenitybdd.core.pages.WebElementResolverByLocator.resolveForDriver(WebElementResolverByLocator.java:25)
	at net.serenitybdd.core.pages.WebElementFacadeImpl.getResolvedElement(WebElementFacadeImpl.java:191)
	at net.serenitybdd.core.pages.WebElementFacadeImpl.getElement(WebElementFacadeImpl.java:186)
	at net.serenitybdd.core.pages.WebElementFacadeImpl.isDisplayed(WebElementFacadeImpl.java:1289)
	at Capstone.Project.Website@1.0-SNAPSHOT/starter.pages.DoctorPage.validateDoctorPhoneNumberSearchResult(DoctorPage.java:307)
	at Capstone.Project.Website@1.0-SNAPSHOT/starter.pages.DoctorPage$ByteBuddy$hL4SJoSd.validateDoctorPhoneNumberSearchResult$accessor$JdWuRXIf(Unknown Source)
	at java.base/jdk.internal.reflect.NativeMethodAccessorImpl.invoke0(Native Method)
	at java.base/jdk.internal.reflect.NativeMethodAccessorImpl.invoke(NativeMethodAccessorImpl.java:64)
	at java.base/jdk.internal.reflect.DelegatingMethodAccessorImpl.invoke(DelegatingMethodAccessorImpl.java:43)
	at java.base/java.lang.reflect.Method.invoke(Method.java:564)
	at net.thucydides.core.steps.BaseMethodRunner.invokeMethod(BaseMethodRunner.java:18)
	at net.thucydides.core.steps.NormalMethodRunner.invokeMethodAndNotifyFailures(NormalMethodRunner.java:18)
	at net.thucydides.core.steps.StepInterceptor.runNormalMethod(StepInterceptor.java:406)
	at net.thucydides.core.steps.StepInterceptor.testStepResult(StepInterceptor.java:191)
	at net.thucydides.core.steps.StepInterceptor.intercept(StepInterceptor.java:84)
	at net.thucydides.core.steps.ProxyConfiguration$InterceptorDispatcher.intercept(ProxyConfiguration.java:51)
	at Capstone.Project.Website@1.0-SNAPSHOT/starter.pages.DoctorPage$ByteBuddy$hL4SJoSd.validateDoctorPhoneNumberSearchResult(Unknown Source)
	at Capstone.Project.Website@1.0-SNAPSHOT/starter.stepdefinitions.DoctorSteps.iValidateSearchByDoctorPhoneNumber(DoctorSteps.java:144)
	at âœ½.I validate search by doctor phone number(file:///E:/My%20Documents/File%20Difa/TI%20Semester%206%20Kampus%20Merdeka%20Alterra/Tugas/CAPSTONE%20Project/Capstone-Project-Website/src/test/resources/features/3.Doctor.feature:78)
&amp#27;[0m
16:36:25.623 [main] ERROR  - 
  _____   ___   ___   _____     ___   ___   ___    ___    ___ 
 |_   _| | __| / __| |_   _|   | __| | _ \ | _ \  / _ \  | _ \
   | |   | _|  \__ \   | |     | _|  |   / |   / | (_) | |   /
   |_|   |___| |___/   |_|     |___| |_|_\ |_|_\  \___/  |_|_\

Search Doctor Based on Doctor Phone Number Scenario
---------------------------------------------------------------
16:36:25.623 [main] DEBUG  - RELATED ISSUES: 
16:36:25.623 [main] ERROR  -     Test failed at step: Validate doctor phone number search result
16:36:25.623 [main] ERROR  -     no such element: Unable to locate element: {"method":"xpath","selector":"//td[contains(text(),'023141241')]"}
16:36:25.627 [AsyncHttpClient-1-9] DEBUG org.asynchttpclient.netty.handler.WebSocketHandler - Channel Closed: [id: 0xcabcdfb9, L:/127.0.0.1:51260 ! R:localhost/127.0.0.1:51254] with attribute NettyResponseFuture{currentRetry=5,
	isDone=1,
	isCancelled=0,
	asyncHandler=org.asynchttpclient.ws.WebSocketUpgradeHandler@3e8e9a74,
	nettyRequest=org.asynchttpclient.netty.request.NettyRequest@3c1bc4c7,
	future=java.util.concurrent.CompletableFuture@216021d1[Completed normally],
	uri=ws://localhost:51254/devtools/browser/d95a5b0e-71fd-4c56-81d2-f431d9a17b34,
	keepAlive=true,
	redirectCount=0,
	timeoutsHolder=null,
	inAuth=0,
	touch=1655717772812}
16:36:25.627 [AsyncHttpClient-1-9] DEBUG org.asynchttpclient.netty.channel.ChannelManager - Closing Channel [id: 0xcabcdfb9, L:/127.0.0.1:51260 ! R:localhost/127.0.0.1:51254] 
16:36:25.627 [Driver Command Executor] DEBUG org.asynchttpclient.netty.request.NettyRequestSender - Using pooled Channel '[id: 0x3fa33535, L:/127.0.0.1:51253 - R:localhost/127.0.0.1:57148]' for 'DELETE' to 'http://localhost:57148/session/06a9396faec813ad0ad50ef8d71f9459'
16:36:25.627 [Driver Command Executor] DEBUG org.asynchttpclient.netty.request.NettyRequestSender - Using open Channel [id: 0x3fa33535, L:/127.0.0.1:51253 - R:localhost/127.0.0.1:57148] for DELETE '/session/06a9396faec813ad0ad50ef8d71f9459'
16:36:25.638 [AsyncHttpClient-1-1] DEBUG org.asynchttpclient.netty.channel.DefaultChannelPool - Entry count for : http://localhost:51254 : 1
16:36:25.776 [AsyncHttpClient-1-8] DEBUG org.asynchttpclient.netty.handler.HttpHandler - Unexpected I/O exception on channel [id: 0xcdb0de9e, L:/127.0.0.1:51259 - R:localhost/127.0.0.1:51254]
java.net.SocketException: Connection reset
	at java.base/sun.nio.ch.SocketChannelImpl.throwConnectionReset(SocketChannelImpl.java:367)
	at java.base/sun.nio.ch.SocketChannelImpl.read(SocketChannelImpl.java:398)
	at io.netty.buffer.PooledByteBuf.setBytes(PooledByteBuf.java:258)
	at io.netty.buffer.AbstractByteBuf.writeBytes(AbstractByteBuf.java:1132)
	at io.netty.channel.socket.nio.NioSocketChannel.doReadBytes(NioSocketChannel.java:350)
	at io.netty.channel.nio.AbstractNioByteChannel$NioByteUnsafe.read(AbstractNioByteChannel.java:151)
	at io.netty.channel.nio.NioEventLoop.processSelectedKey(NioEventLoop.java:722)
	at io.netty.channel.nio.NioEventLoop.processSelectedKeysOptimized(NioEventLoop.java:658)
	at io.netty.channel.nio.NioEventLoop.processSelectedKeys(NioEventLoop.java:584)
	at io.netty.channel.nio.NioEventLoop.run(NioEventLoop.java:496)
	at io.netty.util.concurrent.SingleThreadEventExecutor$4.run(SingleThreadEventExecutor.java:986)
	at io.netty.util.internal.ThreadExecutorMap$2.run(ThreadExecutorMap.java:74)
	at io.netty.util.concurrent.FastThreadLocalRunnable.run(FastThreadLocalRunnable.java:30)
	at java.base/java.lang.Thread.run(Thread.java:832)
16:36:25.776 [AsyncHttpClient-1-8] DEBUG org.asynchttpclient.netty.channel.ChannelManager - Closing Channel [id: 0xcdb0de9e, L:/127.0.0.1:51259 - R:localhost/127.0.0.1:51254] 
16:36:25.776 [AsyncHttpClient-1-8] DEBUG org.asynchttpclient.netty.handler.HttpHandler - Channel Closed: [id: 0xcdb0de9e, L:/127.0.0.1:51259 ! R:localhost/127.0.0.1:51254] with attribute DISCARD
16:36:25.801 [AsyncHttpClient-1-7] DEBUG org.asynchttpclient.netty.handler.HttpHandler - 

Request DefaultFullHttpRequest(decodeResult: success, version: HTTP/1.1, content: EmptyByteBufBE)
DELETE /session/06a9396faec813ad0ad50ef8d71f9459 HTTP/1.1
User-Agent: selenium/4.1.2 (java windows)
Content-Type: application/json; charset=utf-8
host: localhost:57148
accept: */*

Response DefaultHttpResponse(decodeResult: success, version: HTTP/1.1)
HTTP/1.1 200 OK
Content-Type: application/json; charset=utf-8
cache-control: no-cache
content-length: 14

16:36:25.801 [AsyncHttpClient-1-7] DEBUG org.asynchttpclient.netty.channel.ChannelManager - Adding key: http://localhost:57148 for channel [id: 0x3fa33535, L:/127.0.0.1:51253 - R:localhost/127.0.0.1:57148]
16:36:25.916 [AsyncHttpClient-1-7] DEBUG org.asynchttpclient.netty.handler.HttpHandler - Channel Closed: [id: 0x3fa33535, L:/127.0.0.1:51253 ! R:localhost/127.0.0.1:57148] with attribute DISCARD
]]></system-out>
    <system-err><![CDATA[Starting ChromeDriver 102.0.5005.61 (0e59bcc00cc4985ce39ad31c150065f159d95ad3-refs/branch-heads/5005@{#819}) on port 57148
Only local connections are allowed.
Please see https://chromedriver.chromium.org/security-considerations for suggestions on keeping ChromeDriver safe.
ChromeDriver was started successfully.
Jun 20, 2022 4:36:12 PM org.openqa.selenium.remote.ProtocolHandshake createSession
INFO: Detected dialect: W3C
Jun 20, 2022 4:36:12 PM org.openqa.selenium.devtools.CdpVersionFinder findNearestMatch
WARNING: Unable to find an exact match for CDP version 102, so returning the closest version found: a no-op implementation
Jun 20, 2022 4:36:12 PM org.openqa.selenium.devtools.CdpVersionFinder findNearestMatch
INFO: Unable to find CDP implementation matching 102.
Jun 20, 2022 4:36:12 PM org.openqa.selenium.chromium.ChromiumDriver lambda$new$3
WARNING: Unable to find version of CDP to use for . You may need to include a dependency on a specific version of the CDP using something similar to `org.seleniumhq.selenium:selenium-devtools-v86:4.1.2` where the version ("v86") matches the version of the chromium-based browser you're using and the version number of the artifact is the same as Selenium's.
]]></system-err>
  </testcase>
  <testcase name="Filter Doctor General Scenario" classname="Doctor" time="8.684">
    <system-out><![CDATA[
@Doctor @FilterDoctorGeneral
Scenario: Filter Doctor General Scenario                          &amp#27;[90m# src/test/resources/features/3.Doctor.feature:82&amp#27;[0m
16:36:26.473 [main] INFO io.cucumber.core.plugin.SerenityReporter - Running feature from file:///E:/My%20Documents/File%20Difa/TI%20Semester%206%20Kampus%20Merdeka%20Alterra/Tugas/CAPSTONE%20Project/Capstone-Project-Website/src/test/resources/features/3.Doctor.feature
16:36:26.475 [main] INFO  - 
  _____   ___   ___   _____     ___   _____     _     ___   _____   ___   ___  
 |_   _| | __| / __| |_   _|   / __| |_   _|   /_\   | _ \ |_   _| | __| |   \ 
   | |   | _|  \__ \   | |     \__ \   | |    / _ \  |   /   | |   | _|  | |) |
   |_|   |___| |___/   |_|     |___/   |_|   /_/ \_\ |_|_\   |_|   |___| |___/ 

Filter Doctor General Scenario(doctor;filter-doctor-general-scenario)
--------------------------------------------------------------------------------
16:36:26.511 [main] DEBUG net.thucydides.core.steps.StepInterceptor - STARTING STEP: DashboardSteps.iAmOnTheDashboardPage - openUrl
16:36:26.516 [main] INFO net.serenitybdd.core.webdriver.driverproviders.ChromeDriverProvider - Using automatically driver download
16:36:26.789 [AsyncHttpClient-1-1] DEBUG org.asynchttpclient.netty.channel.DefaultChannelPool - Entry count for : http://localhost:51254 : 1
16:36:26.789 [AsyncHttpClient-1-1] DEBUG org.asynchttpclient.netty.channel.DefaultChannelPool - Entry count for : http://localhost:57148 : 1
16:36:26.789 [AsyncHttpClient-1-1] DEBUG org.asynchttpclient.netty.channel.DefaultChannelPool - Adding Candidate expired Channel [id: 0xcdb0de9e, L:/127.0.0.1:51259 ! R:localhost/127.0.0.1:51254] isIdleTimeoutExpired=false isRemotelyClosed=true isTtlExpired=false
16:36:26.789 [AsyncHttpClient-1-1] DEBUG org.asynchttpclient.netty.channel.DefaultChannelPool - Closing Idle Channel [id: 0xcdb0de9e, L:/127.0.0.1:51259 ! R:localhost/127.0.0.1:51254]
16:36:26.789 [AsyncHttpClient-1-1] DEBUG org.asynchttpclient.netty.channel.DefaultChannelPool - Adding Candidate expired Channel [id: 0x3fa33535, L:/127.0.0.1:51253 ! R:localhost/127.0.0.1:57148] isIdleTimeoutExpired=false isRemotelyClosed=true isTtlExpired=false
16:36:26.789 [AsyncHttpClient-1-1] DEBUG org.asynchttpclient.netty.channel.DefaultChannelPool - Closing Idle Channel [id: 0x3fa33535, L:/127.0.0.1:51253 ! R:localhost/127.0.0.1:57148]
16:36:26.789 [AsyncHttpClient-1-1] DEBUG org.asynchttpclient.netty.channel.DefaultChannelPool - Closed 2 connections out of 2 in 0 ms
16:36:27.023 [main] DEBUG io.github.bonigarcia.wdm.cache.ResolutionCache - Resolution chrome=102 in cache (valid until 16:47:55 20/06/2022 ICT)
16:36:27.028 [main] DEBUG io.github.bonigarcia.wdm.cache.ResolutionCache - Resolution chrome102=102.0.5005.61 in cache (valid until 09:12:44 21/06/2022 ICT)
16:36:27.031 [main] INFO io.github.bonigarcia.wdm.WebDriverManager - Using chromedriver 102.0.5005.61 (resolved driver for Chrome 102)
16:36:27.041 [main] DEBUG io.github.bonigarcia.wdm.WebDriverManager - Driver chromedriver 102.0.5005.61 found in cache
16:36:27.042 [main] INFO io.github.bonigarcia.wdm.WebDriverManager - Exporting webdriver.chrome.driver as C:\Users\USER\.cache\selenium\chromedriver\win32\102.0.5005.61\chromedriver.exe
16:36:27.261 [main] DEBUG net.serenitybdd.core.webdriver.driverproviders.ProvideNewDriver - Instantiating driver
16:36:27.262 [main] DEBUG net.serenitybdd.core.webdriver.driverproviders.ProvideNewDriver - Driver capabilities: Capabilities {acceptInsecureCerts: false, base.url: https://hospital-management..., browserName: chrome, chrome.driver: src/test/resources/webdrive..., driver: chrome, goog:chromeOptions: {args: [], extensions: []}}
16:36:27.811 [AsyncHttpClient-1-2] DEBUG org.asynchttpclient.netty.channel.NettyConnectListener - Using new Channel '[id: 0x91a108c1, L:/127.0.0.1:51275 - R:localhost/127.0.0.1:51771]' for 'POST' to '/session'
16:36:28.702 [AsyncHttpClient-1-2] DEBUG org.asynchttpclient.netty.handler.HttpHandler - 

Request DefaultHttpRequest(decodeResult: success, version: HTTP/1.1)
POST /session HTTP/1.1
User-Agent: selenium/4.1.2 (java windows)
Content-Length: 621
Content-Type: application/json; charset=utf-8
host: localhost:51771
accept: */*

Response DefaultHttpResponse(decodeResult: success, version: HTTP/1.1)
HTTP/1.1 200 OK
Content-Type: application/json; charset=utf-8
cache-control: no-cache
content-length: 787

16:36:28.702 [AsyncHttpClient-1-2] DEBUG org.asynchttpclient.netty.channel.ChannelManager - Adding key: http://localhost:51771 for channel [id: 0x91a108c1, L:/127.0.0.1:51275 - R:localhost/127.0.0.1:51771]
16:36:28.709 [AsyncHttpClient-1-3] DEBUG org.asynchttpclient.netty.channel.NettyConnectListener - Using new Channel '[id: 0x63ddd80e, L:/127.0.0.1:51281 - R:localhost/127.0.0.1:51276]' for 'GET' to '/json/version'
16:36:28.710 [AsyncHttpClient-1-3] DEBUG org.asynchttpclient.netty.handler.HttpHandler - 

Request DefaultFullHttpRequest(decodeResult: success, version: HTTP/1.1, content: EmptyByteBufBE)
GET /json/version HTTP/1.1
User-Agent: selenium/4.1.2 (java windows)
host: localhost:51276
accept: */*

Response DefaultHttpResponse(decodeResult: success, version: HTTP/1.1)
HTTP/1.1 200 OK
Content-Type: application/json; charset=UTF-8
content-length: 427

16:36:28.710 [AsyncHttpClient-1-3] DEBUG org.asynchttpclient.netty.channel.ChannelManager - Adding key: http://localhost:51276 for channel [id: 0x63ddd80e, L:/127.0.0.1:51281 - R:localhost/127.0.0.1:51276]
16:36:28.712 [AsyncHttpClient-1-4] DEBUG org.asynchttpclient.netty.channel.NettyConnectListener - Using new Channel '[id: 0xdb917fc0, L:/127.0.0.1:51282 - R:localhost/127.0.0.1:51276]' for 'GET' to '/devtools/browser/1e735824-c6c7-48c5-a5ff-68cd8590256d'
16:36:28.712 [AsyncHttpClient-1-4] DEBUG org.asynchttpclient.netty.handler.WebSocketHandler - 

Request DefaultFullHttpRequest(decodeResult: success, version: HTTP/1.1, content: EmptyByteBufBE)
GET /devtools/browser/1e735824-c6c7-48c5-a5ff-68cd8590256d HTTP/1.1
upgrade: websocket
connection: upgrade
sec-websocket-key: yMKI9vnv7vRw2vNfR0Jl8Q==
sec-websocket-version: 13
origin: http://localhost:51276
host: localhost:51276
accept: */*
user-agent: AHC/2.1

Response DefaultHttpResponse(decodeResult: success, version: HTTP/1.1)
HTTP/1.1 101 WebSocket Protocol Handshake
Upgrade: WebSocket
Connection: Upgrade
Sec-WebSocket-Accept: 3laFXVoJEM5DlPWqXNMf+69Dxis=

16:36:28.716 [Forwarding maximizeCurrentWindow on session 7435bd31e3d51a9bd91a5a7a66f25079 to remote] DEBUG org.asynchttpclient.netty.request.NettyRequestSender - Using pooled Channel '[id: 0x91a108c1, L:/127.0.0.1:51275 - R:localhost/127.0.0.1:51771]' for 'POST' to 'http://localhost:51771/session/7435bd31e3d51a9bd91a5a7a66f25079/window/maximize'
16:36:28.716 [Forwarding maximizeCurrentWindow on session 7435bd31e3d51a9bd91a5a7a66f25079 to remote] DEBUG org.asynchttpclient.netty.request.NettyRequestSender - Using open Channel [id: 0x91a108c1, L:/127.0.0.1:51275 - R:localhost/127.0.0.1:51771] for POST '/session/7435bd31e3d51a9bd91a5a7a66f25079/window/maximize'
16:36:28.835 [AsyncHttpClient-1-2] DEBUG org.asynchttpclient.netty.handler.HttpHandler - 

Request DefaultHttpRequest(decodeResult: success, version: HTTP/1.1)
POST /session/7435bd31e3d51a9bd91a5a7a66f25079/window/maximize HTTP/1.1
User-Agent: selenium/4.1.2 (java windows)
Content-Length: 3
Content-Type: application/json; charset=utf-8
host: localhost:51771
accept: */*

Response DefaultHttpResponse(decodeResult: success, version: HTTP/1.1)
HTTP/1.1 200 OK
Content-Type: application/json; charset=utf-8
cache-control: no-cache
content-length: 51

16:36:28.835 [AsyncHttpClient-1-2] DEBUG org.asynchttpclient.netty.channel.ChannelManager - Adding key: http://localhost:51771 for channel [id: 0x91a108c1, L:/127.0.0.1:51275 - R:localhost/127.0.0.1:51771]
16:36:28.837 [Forwarding get on session 7435bd31e3d51a9bd91a5a7a66f25079 to remote] DEBUG org.asynchttpclient.netty.request.NettyRequestSender - Using pooled Channel '[id: 0x91a108c1, L:/127.0.0.1:51275 - R:localhost/127.0.0.1:51771]' for 'POST' to 'http://localhost:51771/session/7435bd31e3d51a9bd91a5a7a66f25079/url'
16:36:28.837 [Forwarding get on session 7435bd31e3d51a9bd91a5a7a66f25079 to remote] DEBUG org.asynchttpclient.netty.request.NettyRequestSender - Using open Channel [id: 0x91a108c1, L:/127.0.0.1:51275 - R:localhost/127.0.0.1:51771] for POST '/session/7435bd31e3d51a9bd91a5a7a66f25079/url'
16:36:28.937 [AsyncHttpClient-1-1] DEBUG org.asynchttpclient.netty.channel.DefaultChannelPool - Entry count for : http://localhost:51276 : 1
16:36:30.039 [AsyncHttpClient-1-1] DEBUG org.asynchttpclient.netty.channel.DefaultChannelPool - Entry count for : http://localhost:51276 : 1
16:36:31.153 [AsyncHttpClient-1-1] DEBUG org.asynchttpclient.netty.channel.DefaultChannelPool - Entry count for : http://localhost:51276 : 1
16:36:31.294 [AsyncHttpClient-1-2] DEBUG org.asynchttpclient.netty.handler.HttpHandler - 

Request DefaultHttpRequest(decodeResult: success, version: HTTP/1.1)
POST /session/7435bd31e3d51a9bd91a5a7a66f25079/url HTTP/1.1
User-Agent: selenium/4.1.2 (java windows)
Content-Length: 65
Content-Type: application/json; charset=utf-8
host: localhost:51771
accept: */*

Response DefaultHttpResponse(decodeResult: success, version: HTTP/1.1)
HTTP/1.1 200 OK
Content-Type: application/json; charset=utf-8
cache-control: no-cache
content-length: 14

16:36:31.294 [AsyncHttpClient-1-2] DEBUG org.asynchttpclient.netty.channel.ChannelManager - Adding key: http://localhost:51771 for channel [id: 0x91a108c1, L:/127.0.0.1:51275 - R:localhost/127.0.0.1:51771]
16:36:31.295 [Forwarding setTimeout on session 7435bd31e3d51a9bd91a5a7a66f25079 to remote] DEBUG org.asynchttpclient.netty.request.NettyRequestSender - Using pooled Channel '[id: 0x91a108c1, L:/127.0.0.1:51275 - R:localhost/127.0.0.1:51771]' for 'POST' to 'http://localhost:51771/session/7435bd31e3d51a9bd91a5a7a66f25079/timeouts'
16:36:31.295 [Forwarding setTimeout on session 7435bd31e3d51a9bd91a5a7a66f25079 to remote] DEBUG org.asynchttpclient.netty.request.NettyRequestSender - Using open Channel [id: 0x91a108c1, L:/127.0.0.1:51275 - R:localhost/127.0.0.1:51771] for POST '/session/7435bd31e3d51a9bd91a5a7a66f25079/timeouts'
16:36:31.298 [AsyncHttpClient-1-2] DEBUG org.asynchttpclient.netty.handler.HttpHandler - 

Request DefaultHttpRequest(decodeResult: success, version: HTTP/1.1)
POST /session/7435bd31e3d51a9bd91a5a7a66f25079/timeouts HTTP/1.1
User-Agent: selenium/4.1.2 (java windows)
Content-Length: 22
Content-Type: application/json; charset=utf-8
host: localhost:51771
accept: */*

Response DefaultHttpResponse(decodeResult: success, version: HTTP/1.1)
HTTP/1.1 200 OK
Content-Type: application/json; charset=utf-8
cache-control: no-cache
content-length: 14

16:36:31.298 [AsyncHttpClient-1-2] DEBUG org.asynchttpclient.netty.channel.ChannelManager - Adding key: http://localhost:51771 for channel [id: 0x91a108c1, L:/127.0.0.1:51275 - R:localhost/127.0.0.1:51771]
16:36:31.302 [Forwarding getCurrentUrl on session 7435bd31e3d51a9bd91a5a7a66f25079 to remote] DEBUG org.asynchttpclient.netty.request.NettyRequestSender - Using pooled Channel '[id: 0x91a108c1, L:/127.0.0.1:51275 - R:localhost/127.0.0.1:51771]' for 'GET' to 'http://localhost:51771/session/7435bd31e3d51a9bd91a5a7a66f25079/url'
16:36:31.302 [Forwarding getCurrentUrl on session 7435bd31e3d51a9bd91a5a7a66f25079 to remote] DEBUG org.asynchttpclient.netty.request.NettyRequestSender - Using open Channel [id: 0x91a108c1, L:/127.0.0.1:51275 - R:localhost/127.0.0.1:51771] for GET '/session/7435bd31e3d51a9bd91a5a7a66f25079/url'
16:36:31.309 [AsyncHttpClient-1-2] DEBUG org.asynchttpclient.netty.handler.HttpHandler - 

Request DefaultFullHttpRequest(decodeResult: success, version: HTTP/1.1, content: EmptyByteBufBE)
GET /session/7435bd31e3d51a9bd91a5a7a66f25079/url HTTP/1.1
User-Agent: selenium/4.1.2 (java windows)
Cache-Control: no-cache
Content-Type: application/json; charset=utf-8
host: localhost:51771
accept: */*

Response DefaultHttpResponse(decodeResult: success, version: HTTP/1.1)
HTTP/1.1 200 OK
Content-Type: application/json; charset=utf-8
cache-control: no-cache
content-length: 53

16:36:31.309 [AsyncHttpClient-1-2] DEBUG org.asynchttpclient.netty.channel.ChannelManager - Adding key: http://localhost:51771 for channel [id: 0x91a108c1, L:/127.0.0.1:51275 - R:localhost/127.0.0.1:51771]
16:36:31.314 [Forwarding getCurrentUrl on session 7435bd31e3d51a9bd91a5a7a66f25079 to remote] DEBUG org.asynchttpclient.netty.request.NettyRequestSender - Using pooled Channel '[id: 0x91a108c1, L:/127.0.0.1:51275 - R:localhost/127.0.0.1:51771]' for 'GET' to 'http://localhost:51771/session/7435bd31e3d51a9bd91a5a7a66f25079/url'
16:36:31.314 [Forwarding getCurrentUrl on session 7435bd31e3d51a9bd91a5a7a66f25079 to remote] DEBUG org.asynchttpclient.netty.request.NettyRequestSender - Using open Channel [id: 0x91a108c1, L:/127.0.0.1:51275 - R:localhost/127.0.0.1:51771] for GET '/session/7435bd31e3d51a9bd91a5a7a66f25079/url'
16:36:31.318 [AsyncHttpClient-1-2] DEBUG org.asynchttpclient.netty.handler.HttpHandler - 

Request DefaultFullHttpRequest(decodeResult: success, version: HTTP/1.1, content: EmptyByteBufBE)
GET /session/7435bd31e3d51a9bd91a5a7a66f25079/url HTTP/1.1
User-Agent: selenium/4.1.2 (java windows)
Cache-Control: no-cache
Content-Type: application/json; charset=utf-8
host: localhost:51771
accept: */*

Response DefaultHttpResponse(decodeResult: success, version: HTTP/1.1)
HTTP/1.1 200 OK
Content-Type: application/json; charset=utf-8
cache-control: no-cache
content-length: 53

16:36:31.318 [AsyncHttpClient-1-2] DEBUG org.asynchttpclient.netty.channel.ChannelManager - Adding key: http://localhost:51771 for channel [id: 0x91a108c1, L:/127.0.0.1:51275 - R:localhost/127.0.0.1:51771]
16:36:31.327 [Forwarding screenshot on session 7435bd31e3d51a9bd91a5a7a66f25079 to remote] DEBUG org.asynchttpclient.netty.request.NettyRequestSender - Using pooled Channel '[id: 0x91a108c1, L:/127.0.0.1:51275 - R:localhost/127.0.0.1:51771]' for 'GET' to 'http://localhost:51771/session/7435bd31e3d51a9bd91a5a7a66f25079/screenshot'
16:36:31.327 [Forwarding screenshot on session 7435bd31e3d51a9bd91a5a7a66f25079 to remote] DEBUG org.asynchttpclient.netty.request.NettyRequestSender - Using open Channel [id: 0x91a108c1, L:/127.0.0.1:51275 - R:localhost/127.0.0.1:51771] for GET '/session/7435bd31e3d51a9bd91a5a7a66f25079/screenshot'
16:36:31.697 [AsyncHttpClient-1-2] DEBUG org.asynchttpclient.netty.handler.HttpHandler - 

Request DefaultFullHttpRequest(decodeResult: success, version: HTTP/1.1, content: EmptyByteBufBE)
GET /session/7435bd31e3d51a9bd91a5a7a66f25079/screenshot HTTP/1.1
User-Agent: selenium/4.1.2 (java windows)
Cache-Control: no-cache
Content-Type: application/json; charset=utf-8
host: localhost:51771
accept: */*

Response DefaultHttpResponse(decodeResult: success, version: HTTP/1.1)
HTTP/1.1 200 OK
Content-Type: application/json; charset=utf-8
cache-control: no-cache
content-length: 382596

16:36:31.700 [AsyncHttpClient-1-2] DEBUG org.asynchttpclient.netty.channel.ChannelManager - Adding key: http://localhost:51771 for channel [id: 0x91a108c1, L:/127.0.0.1:51275 - R:localhost/127.0.0.1:51771]
16:36:31.721 [main] DEBUG net.serenitybdd.core.photography.Darkroom - Send negative for processing for target\site\serenity\ed15a54c91c342d96a850276df7b559f4526b370fc93040e3c407a48a170f368.png
16:36:31.721 [main] DEBUG net.thucydides.core.steps.StepInterceptor - STEP DONE: openUrl
16:36:31.728 [main] DEBUG net.thucydides.core.steps.StepInterceptor - STARTING STEP: DashboardSteps.iAmOnTheDashboardPage - validateOnDashboardPage
16:36:31.730 [Forwarding findElement on session 7435bd31e3d51a9bd91a5a7a66f25079 to remote] DEBUG org.asynchttpclient.netty.request.NettyRequestSender - Using pooled Channel '[id: 0x91a108c1, L:/127.0.0.1:51275 - R:localhost/127.0.0.1:51771]' for 'POST' to 'http://localhost:51771/session/7435bd31e3d51a9bd91a5a7a66f25079/element'
16:36:31.730 [Forwarding findElement on session 7435bd31e3d51a9bd91a5a7a66f25079 to remote] DEBUG org.asynchttpclient.netty.request.NettyRequestSender - Using open Channel [id: 0x91a108c1, L:/127.0.0.1:51275 - R:localhost/127.0.0.1:51771] for POST '/session/7435bd31e3d51a9bd91a5a7a66f25079/element'
16:36:31.747 [AsyncHttpClient-1-2] DEBUG org.asynchttpclient.netty.handler.HttpHandler - 

Request DefaultHttpRequest(decodeResult: success, version: HTTP/1.1)
POST /session/7435bd31e3d51a9bd91a5a7a66f25079/element HTTP/1.1
User-Agent: selenium/4.1.2 (java windows)
Content-Length: 81
Content-Type: application/json; charset=utf-8
host: localhost:51771
accept: */*

Response DefaultHttpResponse(decodeResult: success, version: HTTP/1.1)
HTTP/1.1 200 OK
Content-Type: application/json; charset=utf-8
cache-control: no-cache
content-length: 88

16:36:31.747 [AsyncHttpClient-1-2] DEBUG org.asynchttpclient.netty.channel.ChannelManager - Adding key: http://localhost:51771 for channel [id: 0x91a108c1, L:/127.0.0.1:51275 - R:localhost/127.0.0.1:51771]
16:36:31.750 [Forwarding isElementDisplayed on session 7435bd31e3d51a9bd91a5a7a66f25079 to remote] DEBUG org.asynchttpclient.netty.request.NettyRequestSender - Using pooled Channel '[id: 0x91a108c1, L:/127.0.0.1:51275 - R:localhost/127.0.0.1:51771]' for 'POST' to 'http://localhost:51771/session/7435bd31e3d51a9bd91a5a7a66f25079/execute/sync'
16:36:31.750 [Forwarding isElementDisplayed on session 7435bd31e3d51a9bd91a5a7a66f25079 to remote] DEBUG org.asynchttpclient.netty.request.NettyRequestSender - Using open Channel [id: 0x91a108c1, L:/127.0.0.1:51275 - R:localhost/127.0.0.1:51771] for POST '/session/7435bd31e3d51a9bd91a5a7a66f25079/execute/sync'
16:36:31.769 [AsyncHttpClient-1-2] DEBUG org.asynchttpclient.netty.handler.HttpHandler - 

Request DefaultHttpRequest(decodeResult: success, version: HTTP/1.1)
POST /session/7435bd31e3d51a9bd91a5a7a66f25079/execute/sync HTTP/1.1
User-Agent: selenium/4.1.2 (java windows)
Content-Length: 48780
Content-Type: application/json; charset=utf-8
host: localhost:51771
accept: */*

Response DefaultHttpResponse(decodeResult: success, version: HTTP/1.1)
HTTP/1.1 200 OK
Content-Type: application/json; charset=utf-8
cache-control: no-cache
content-length: 14

16:36:31.769 [AsyncHttpClient-1-2] DEBUG org.asynchttpclient.netty.channel.ChannelManager - Adding key: http://localhost:51771 for channel [id: 0x91a108c1, L:/127.0.0.1:51275 - R:localhost/127.0.0.1:51771]
16:36:31.774 [Forwarding screenshot on session 7435bd31e3d51a9bd91a5a7a66f25079 to remote] DEBUG org.asynchttpclient.netty.request.NettyRequestSender - Using pooled Channel '[id: 0x91a108c1, L:/127.0.0.1:51275 - R:localhost/127.0.0.1:51771]' for 'GET' to 'http://localhost:51771/session/7435bd31e3d51a9bd91a5a7a66f25079/screenshot'
16:36:31.774 [Forwarding screenshot on session 7435bd31e3d51a9bd91a5a7a66f25079 to remote] DEBUG org.asynchttpclient.netty.request.NettyRequestSender - Using open Channel [id: 0x91a108c1, L:/127.0.0.1:51275 - R:localhost/127.0.0.1:51771] for GET '/session/7435bd31e3d51a9bd91a5a7a66f25079/screenshot'
16:36:32.037 [AsyncHttpClient-1-2] DEBUG org.asynchttpclient.netty.handler.HttpHandler - 

Request DefaultFullHttpRequest(decodeResult: success, version: HTTP/1.1, content: EmptyByteBufBE)
GET /session/7435bd31e3d51a9bd91a5a7a66f25079/screenshot HTTP/1.1
User-Agent: selenium/4.1.2 (java windows)
Cache-Control: no-cache
Content-Type: application/json; charset=utf-8
host: localhost:51771
accept: */*

Response DefaultHttpResponse(decodeResult: success, version: HTTP/1.1)
HTTP/1.1 200 OK
Content-Type: application/json; charset=utf-8
cache-control: no-cache
content-length: 382596

16:36:32.040 [AsyncHttpClient-1-2] DEBUG org.asynchttpclient.netty.channel.ChannelManager - Adding key: http://localhost:51771 for channel [id: 0x91a108c1, L:/127.0.0.1:51275 - R:localhost/127.0.0.1:51771]
16:36:32.082 [main] DEBUG net.serenitybdd.core.photography.Darkroom - Send negative for processing for target\site\serenity\ed15a54c91c342d96a850276df7b559f4526b370fc93040e3c407a48a170f368.png
16:36:32.082 [main] DEBUG net.thucydides.core.steps.StepInterceptor - STEP DONE: validateOnDashboardPage
  &amp#27;[32mGiven &amp#27;[0m&amp#27;[32mI am on the dashboard page&amp#27;[0m                                &amp#27;[90m# starter.stepdefinitions.DashboardSteps.iAmOnTheDashboardPage()&amp#27;[0m
16:36:32.120 [main] DEBUG net.thucydides.core.steps.StepInterceptor - STARTING STEP: DoctorSteps.iClickMenuDoctor - clickMenuDoctorButton
16:36:32.125 [Forwarding findElement on session 7435bd31e3d51a9bd91a5a7a66f25079 to remote] DEBUG org.asynchttpclient.netty.request.NettyRequestSender - Using pooled Channel '[id: 0x91a108c1, L:/127.0.0.1:51275 - R:localhost/127.0.0.1:51771]' for 'POST' to 'http://localhost:51771/session/7435bd31e3d51a9bd91a5a7a66f25079/element'
16:36:32.125 [Forwarding findElement on session 7435bd31e3d51a9bd91a5a7a66f25079 to remote] DEBUG org.asynchttpclient.netty.request.NettyRequestSender - Using open Channel [id: 0x91a108c1, L:/127.0.0.1:51275 - R:localhost/127.0.0.1:51771] for POST '/session/7435bd31e3d51a9bd91a5a7a66f25079/element'
16:36:32.147 [AsyncHttpClient-1-2] DEBUG org.asynchttpclient.netty.handler.HttpHandler - 

Request DefaultHttpRequest(decodeResult: success, version: HTTP/1.1)
POST /session/7435bd31e3d51a9bd91a5a7a66f25079/element HTTP/1.1
User-Agent: selenium/4.1.2 (java windows)
Content-Length: 79
Content-Type: application/json; charset=utf-8
host: localhost:51771
accept: */*

Response DefaultHttpResponse(decodeResult: success, version: HTTP/1.1)
HTTP/1.1 200 OK
Content-Type: application/json; charset=utf-8
cache-control: no-cache
content-length: 88

16:36:32.147 [AsyncHttpClient-1-2] DEBUG org.asynchttpclient.netty.channel.ChannelManager - Adding key: http://localhost:51771 for channel [id: 0x91a108c1, L:/127.0.0.1:51275 - R:localhost/127.0.0.1:51771]
16:36:32.149 [Forwarding getElementTagName on session 7435bd31e3d51a9bd91a5a7a66f25079 to remote] DEBUG org.asynchttpclient.netty.request.NettyRequestSender - Using pooled Channel '[id: 0x91a108c1, L:/127.0.0.1:51275 - R:localhost/127.0.0.1:51771]' for 'GET' to 'http://localhost:51771/session/7435bd31e3d51a9bd91a5a7a66f25079/element/8397d419-b124-479e-a5f9-13af3fd4b341/name'
16:36:32.149 [Forwarding getElementTagName on session 7435bd31e3d51a9bd91a5a7a66f25079 to remote] DEBUG org.asynchttpclient.netty.request.NettyRequestSender - Using open Channel [id: 0x91a108c1, L:/127.0.0.1:51275 - R:localhost/127.0.0.1:51771] for GET '/session/7435bd31e3d51a9bd91a5a7a66f25079/element/8397d419-b124-479e-a5f9-13af3fd4b341/name'
16:36:32.155 [AsyncHttpClient-1-2] DEBUG org.asynchttpclient.netty.handler.HttpHandler - 

Request DefaultFullHttpRequest(decodeResult: success, version: HTTP/1.1, content: EmptyByteBufBE)
GET /session/7435bd31e3d51a9bd91a5a7a66f25079/element/8397d419-b124-479e-a5f9-13af3fd4b341/name HTTP/1.1
User-Agent: selenium/4.1.2 (java windows)
Cache-Control: no-cache
Content-Type: application/json; charset=utf-8
host: localhost:51771
accept: */*

Response DefaultHttpResponse(decodeResult: success, version: HTTP/1.1)
HTTP/1.1 200 OK
Content-Type: application/json; charset=utf-8
cache-control: no-cache
content-length: 15

16:36:32.155 [AsyncHttpClient-1-2] DEBUG org.asynchttpclient.netty.channel.ChannelManager - Adding key: http://localhost:51771 for channel [id: 0x91a108c1, L:/127.0.0.1:51275 - R:localhost/127.0.0.1:51771]
16:36:32.157 [Forwarding getElementTagName on session 7435bd31e3d51a9bd91a5a7a66f25079 to remote] DEBUG org.asynchttpclient.netty.request.NettyRequestSender - Using pooled Channel '[id: 0x91a108c1, L:/127.0.0.1:51275 - R:localhost/127.0.0.1:51771]' for 'GET' to 'http://localhost:51771/session/7435bd31e3d51a9bd91a5a7a66f25079/element/8397d419-b124-479e-a5f9-13af3fd4b341/name'
16:36:32.157 [Forwarding getElementTagName on session 7435bd31e3d51a9bd91a5a7a66f25079 to remote] DEBUG org.asynchttpclient.netty.request.NettyRequestSender - Using open Channel [id: 0x91a108c1, L:/127.0.0.1:51275 - R:localhost/127.0.0.1:51771] for GET '/session/7435bd31e3d51a9bd91a5a7a66f25079/element/8397d419-b124-479e-a5f9-13af3fd4b341/name'
16:36:32.161 [AsyncHttpClient-1-2] DEBUG org.asynchttpclient.netty.handler.HttpHandler - 

Request DefaultFullHttpRequest(decodeResult: success, version: HTTP/1.1, content: EmptyByteBufBE)
GET /session/7435bd31e3d51a9bd91a5a7a66f25079/element/8397d419-b124-479e-a5f9-13af3fd4b341/name HTTP/1.1
User-Agent: selenium/4.1.2 (java windows)
Cache-Control: no-cache
Content-Type: application/json; charset=utf-8
host: localhost:51771
accept: */*

Response DefaultHttpResponse(decodeResult: success, version: HTTP/1.1)
HTTP/1.1 200 OK
Content-Type: application/json; charset=utf-8
cache-control: no-cache
content-length: 15

16:36:32.161 [AsyncHttpClient-1-2] DEBUG org.asynchttpclient.netty.channel.ChannelManager - Adding key: http://localhost:51771 for channel [id: 0x91a108c1, L:/127.0.0.1:51275 - R:localhost/127.0.0.1:51771]
16:36:32.163 [Forwarding findElement on session 7435bd31e3d51a9bd91a5a7a66f25079 to remote] DEBUG org.asynchttpclient.netty.request.NettyRequestSender - Using pooled Channel '[id: 0x91a108c1, L:/127.0.0.1:51275 - R:localhost/127.0.0.1:51771]' for 'POST' to 'http://localhost:51771/session/7435bd31e3d51a9bd91a5a7a66f25079/element'
16:36:32.163 [Forwarding findElement on session 7435bd31e3d51a9bd91a5a7a66f25079 to remote] DEBUG org.asynchttpclient.netty.request.NettyRequestSender - Using open Channel [id: 0x91a108c1, L:/127.0.0.1:51275 - R:localhost/127.0.0.1:51771] for POST '/session/7435bd31e3d51a9bd91a5a7a66f25079/element'
16:36:32.172 [AsyncHttpClient-1-2] DEBUG org.asynchttpclient.netty.handler.HttpHandler - 

Request DefaultHttpRequest(decodeResult: success, version: HTTP/1.1)
POST /session/7435bd31e3d51a9bd91a5a7a66f25079/element HTTP/1.1
User-Agent: selenium/4.1.2 (java windows)
Content-Length: 79
Content-Type: application/json; charset=utf-8
host: localhost:51771
accept: */*

Response DefaultHttpResponse(decodeResult: success, version: HTTP/1.1)
HTTP/1.1 200 OK
Content-Type: application/json; charset=utf-8
cache-control: no-cache
content-length: 88

16:36:32.172 [AsyncHttpClient-1-2] DEBUG org.asynchttpclient.netty.channel.ChannelManager - Adding key: http://localhost:51771 for channel [id: 0x91a108c1, L:/127.0.0.1:51275 - R:localhost/127.0.0.1:51771]
16:36:32.173 [Forwarding clickElement on session 7435bd31e3d51a9bd91a5a7a66f25079 to remote] DEBUG org.asynchttpclient.netty.request.NettyRequestSender - Using pooled Channel '[id: 0x91a108c1, L:/127.0.0.1:51275 - R:localhost/127.0.0.1:51771]' for 'POST' to 'http://localhost:51771/session/7435bd31e3d51a9bd91a5a7a66f25079/element/8397d419-b124-479e-a5f9-13af3fd4b341/click'
16:36:32.174 [Forwarding clickElement on session 7435bd31e3d51a9bd91a5a7a66f25079 to remote] DEBUG org.asynchttpclient.netty.request.NettyRequestSender - Using open Channel [id: 0x91a108c1, L:/127.0.0.1:51275 - R:localhost/127.0.0.1:51771] for POST '/session/7435bd31e3d51a9bd91a5a7a66f25079/element/8397d419-b124-479e-a5f9-13af3fd4b341/click'
16:36:32.237 [AsyncHttpClient-1-1] DEBUG org.asynchttpclient.netty.channel.DefaultChannelPool - Entry count for : http://localhost:51276 : 1
16:36:32.464 [AsyncHttpClient-1-2] DEBUG org.asynchttpclient.netty.handler.HttpHandler - 

Request DefaultHttpRequest(decodeResult: success, version: HTTP/1.1)
POST /session/7435bd31e3d51a9bd91a5a7a66f25079/element/8397d419-b124-479e-a5f9-13af3fd4b341/click HTTP/1.1
User-Agent: selenium/4.1.2 (java windows)
Content-Length: 50
Content-Type: application/json; charset=utf-8
host: localhost:51771
accept: */*

Response DefaultHttpResponse(decodeResult: success, version: HTTP/1.1)
HTTP/1.1 200 OK
Content-Type: application/json; charset=utf-8
cache-control: no-cache
content-length: 14

16:36:32.464 [AsyncHttpClient-1-2] DEBUG org.asynchttpclient.netty.channel.ChannelManager - Adding key: http://localhost:51771 for channel [id: 0x91a108c1, L:/127.0.0.1:51275 - R:localhost/127.0.0.1:51771]
16:36:32.470 [Forwarding screenshot on session 7435bd31e3d51a9bd91a5a7a66f25079 to remote] DEBUG org.asynchttpclient.netty.request.NettyRequestSender - Using pooled Channel '[id: 0x91a108c1, L:/127.0.0.1:51275 - R:localhost/127.0.0.1:51771]' for 'GET' to 'http://localhost:51771/session/7435bd31e3d51a9bd91a5a7a66f25079/screenshot'
16:36:32.470 [Forwarding screenshot on session 7435bd31e3d51a9bd91a5a7a66f25079 to remote] DEBUG org.asynchttpclient.netty.request.NettyRequestSender - Using open Channel [id: 0x91a108c1, L:/127.0.0.1:51275 - R:localhost/127.0.0.1:51771] for GET '/session/7435bd31e3d51a9bd91a5a7a66f25079/screenshot'
16:36:32.582 [AsyncHttpClient-1-2] DEBUG org.asynchttpclient.netty.handler.HttpHandler - 

Request DefaultFullHttpRequest(decodeResult: success, version: HTTP/1.1, content: EmptyByteBufBE)
GET /session/7435bd31e3d51a9bd91a5a7a66f25079/screenshot HTTP/1.1
User-Agent: selenium/4.1.2 (java windows)
Cache-Control: no-cache
Content-Type: application/json; charset=utf-8
host: localhost:51771
accept: */*

Response DefaultHttpResponse(decodeResult: success, version: HTTP/1.1)
HTTP/1.1 200 OK
Content-Type: application/json; charset=utf-8
cache-control: no-cache
content-length: 56192

16:36:32.582 [AsyncHttpClient-1-2] DEBUG org.asynchttpclient.netty.channel.ChannelManager - Adding key: http://localhost:51771 for channel [id: 0x91a108c1, L:/127.0.0.1:51275 - R:localhost/127.0.0.1:51771]
16:36:32.587 [main] DEBUG net.serenitybdd.core.photography.Darkroom - Send negative for processing for target\site\serenity\d631e005c1ab8c2ae9496eb0000819a309562887f5f0fc5c3b73065dfab87bed.png
16:36:32.587 [main] DEBUG net.thucydides.core.steps.StepInterceptor - STEP DONE: clickMenuDoctorButton
  &amp#27;[32mAnd &amp#27;[0m&amp#27;[32mI click menu doctor&amp#27;[0m                                         &amp#27;[90m# starter.stepdefinitions.DoctorSteps.iClickMenuDoctor()&amp#27;[0m
16:36:32.603 [main] DEBUG net.thucydides.core.steps.StepInterceptor - STARTING STEP: DoctorSteps.iClickDoctorDepartmentFilterDropdown - clickFilterDropdown
16:36:32.606 [Forwarding findElement on session 7435bd31e3d51a9bd91a5a7a66f25079 to remote] DEBUG org.asynchttpclient.netty.request.NettyRequestSender - Using pooled Channel '[id: 0x91a108c1, L:/127.0.0.1:51275 - R:localhost/127.0.0.1:51771]' for 'POST' to 'http://localhost:51771/session/7435bd31e3d51a9bd91a5a7a66f25079/element'
16:36:32.606 [Forwarding findElement on session 7435bd31e3d51a9bd91a5a7a66f25079 to remote] DEBUG org.asynchttpclient.netty.request.NettyRequestSender - Using open Channel [id: 0x91a108c1, L:/127.0.0.1:51275 - R:localhost/127.0.0.1:51771] for POST '/session/7435bd31e3d51a9bd91a5a7a66f25079/element'
16:36:32.622 [AsyncHttpClient-1-2] DEBUG org.asynchttpclient.netty.handler.HttpHandler - 

Request DefaultHttpRequest(decodeResult: success, version: HTTP/1.1)
POST /session/7435bd31e3d51a9bd91a5a7a66f25079/element HTTP/1.1
User-Agent: selenium/4.1.2 (java windows)
Content-Length: 146
Content-Type: application/json; charset=utf-8
host: localhost:51771
accept: */*

Response DefaultHttpResponse(decodeResult: success, version: HTTP/1.1)
HTTP/1.1 200 OK
Content-Type: application/json; charset=utf-8
cache-control: no-cache
content-length: 88

16:36:32.622 [AsyncHttpClient-1-2] DEBUG org.asynchttpclient.netty.channel.ChannelManager - Adding key: http://localhost:51771 for channel [id: 0x91a108c1, L:/127.0.0.1:51275 - R:localhost/127.0.0.1:51771]
16:36:32.623 [Forwarding getElementTagName on session 7435bd31e3d51a9bd91a5a7a66f25079 to remote] DEBUG org.asynchttpclient.netty.request.NettyRequestSender - Using pooled Channel '[id: 0x91a108c1, L:/127.0.0.1:51275 - R:localhost/127.0.0.1:51771]' for 'GET' to 'http://localhost:51771/session/7435bd31e3d51a9bd91a5a7a66f25079/element/2cf55742-bdf0-4278-a43d-bb4577ca8261/name'
16:36:32.623 [Forwarding getElementTagName on session 7435bd31e3d51a9bd91a5a7a66f25079 to remote] DEBUG org.asynchttpclient.netty.request.NettyRequestSender - Using open Channel [id: 0x91a108c1, L:/127.0.0.1:51275 - R:localhost/127.0.0.1:51771] for GET '/session/7435bd31e3d51a9bd91a5a7a66f25079/element/2cf55742-bdf0-4278-a43d-bb4577ca8261/name'
16:36:32.629 [AsyncHttpClient-1-2] DEBUG org.asynchttpclient.netty.handler.HttpHandler - 

Request DefaultFullHttpRequest(decodeResult: success, version: HTTP/1.1, content: EmptyByteBufBE)
GET /session/7435bd31e3d51a9bd91a5a7a66f25079/element/2cf55742-bdf0-4278-a43d-bb4577ca8261/name HTTP/1.1
User-Agent: selenium/4.1.2 (java windows)
Cache-Control: no-cache
Content-Type: application/json; charset=utf-8
host: localhost:51771
accept: */*

Response DefaultHttpResponse(decodeResult: success, version: HTTP/1.1)
HTTP/1.1 200 OK
Content-Type: application/json; charset=utf-8
cache-control: no-cache
content-length: 15

16:36:32.629 [AsyncHttpClient-1-2] DEBUG org.asynchttpclient.netty.channel.ChannelManager - Adding key: http://localhost:51771 for channel [id: 0x91a108c1, L:/127.0.0.1:51275 - R:localhost/127.0.0.1:51771]
16:36:32.630 [Forwarding getElementTagName on session 7435bd31e3d51a9bd91a5a7a66f25079 to remote] DEBUG org.asynchttpclient.netty.request.NettyRequestSender - Using pooled Channel '[id: 0x91a108c1, L:/127.0.0.1:51275 - R:localhost/127.0.0.1:51771]' for 'GET' to 'http://localhost:51771/session/7435bd31e3d51a9bd91a5a7a66f25079/element/2cf55742-bdf0-4278-a43d-bb4577ca8261/name'
16:36:32.630 [Forwarding getElementTagName on session 7435bd31e3d51a9bd91a5a7a66f25079 to remote] DEBUG org.asynchttpclient.netty.request.NettyRequestSender - Using open Channel [id: 0x91a108c1, L:/127.0.0.1:51275 - R:localhost/127.0.0.1:51771] for GET '/session/7435bd31e3d51a9bd91a5a7a66f25079/element/2cf55742-bdf0-4278-a43d-bb4577ca8261/name'
16:36:32.634 [AsyncHttpClient-1-2] DEBUG org.asynchttpclient.netty.handler.HttpHandler - 

Request DefaultFullHttpRequest(decodeResult: success, version: HTTP/1.1, content: EmptyByteBufBE)
GET /session/7435bd31e3d51a9bd91a5a7a66f25079/element/2cf55742-bdf0-4278-a43d-bb4577ca8261/name HTTP/1.1
User-Agent: selenium/4.1.2 (java windows)
Cache-Control: no-cache
Content-Type: application/json; charset=utf-8
host: localhost:51771
accept: */*

Response DefaultHttpResponse(decodeResult: success, version: HTTP/1.1)
HTTP/1.1 200 OK
Content-Type: application/json; charset=utf-8
cache-control: no-cache
content-length: 15

16:36:32.634 [AsyncHttpClient-1-2] DEBUG org.asynchttpclient.netty.channel.ChannelManager - Adding key: http://localhost:51771 for channel [id: 0x91a108c1, L:/127.0.0.1:51275 - R:localhost/127.0.0.1:51771]
16:36:32.637 [Forwarding findElement on session 7435bd31e3d51a9bd91a5a7a66f25079 to remote] DEBUG org.asynchttpclient.netty.request.NettyRequestSender - Using pooled Channel '[id: 0x91a108c1, L:/127.0.0.1:51275 - R:localhost/127.0.0.1:51771]' for 'POST' to 'http://localhost:51771/session/7435bd31e3d51a9bd91a5a7a66f25079/element'
16:36:32.637 [Forwarding findElement on session 7435bd31e3d51a9bd91a5a7a66f25079 to remote] DEBUG org.asynchttpclient.netty.request.NettyRequestSender - Using open Channel [id: 0x91a108c1, L:/127.0.0.1:51275 - R:localhost/127.0.0.1:51771] for POST '/session/7435bd31e3d51a9bd91a5a7a66f25079/element'
16:36:32.646 [AsyncHttpClient-1-2] DEBUG org.asynchttpclient.netty.handler.HttpHandler - 

Request DefaultHttpRequest(decodeResult: success, version: HTTP/1.1)
POST /session/7435bd31e3d51a9bd91a5a7a66f25079/element HTTP/1.1
User-Agent: selenium/4.1.2 (java windows)
Content-Length: 146
Content-Type: application/json; charset=utf-8
host: localhost:51771
accept: */*

Response DefaultHttpResponse(decodeResult: success, version: HTTP/1.1)
HTTP/1.1 200 OK
Content-Type: application/json; charset=utf-8
cache-control: no-cache
content-length: 88

16:36:32.646 [AsyncHttpClient-1-2] DEBUG org.asynchttpclient.netty.channel.ChannelManager - Adding key: http://localhost:51771 for channel [id: 0x91a108c1, L:/127.0.0.1:51275 - R:localhost/127.0.0.1:51771]
16:36:32.647 [Forwarding clickElement on session 7435bd31e3d51a9bd91a5a7a66f25079 to remote] DEBUG org.asynchttpclient.netty.request.NettyRequestSender - Using pooled Channel '[id: 0x91a108c1, L:/127.0.0.1:51275 - R:localhost/127.0.0.1:51771]' for 'POST' to 'http://localhost:51771/session/7435bd31e3d51a9bd91a5a7a66f25079/element/2cf55742-bdf0-4278-a43d-bb4577ca8261/click'
16:36:32.647 [Forwarding clickElement on session 7435bd31e3d51a9bd91a5a7a66f25079 to remote] DEBUG org.asynchttpclient.netty.request.NettyRequestSender - Using open Channel [id: 0x91a108c1, L:/127.0.0.1:51275 - R:localhost/127.0.0.1:51771] for POST '/session/7435bd31e3d51a9bd91a5a7a66f25079/element/2cf55742-bdf0-4278-a43d-bb4577ca8261/click'
16:36:32.826 [AsyncHttpClient-1-2] DEBUG org.asynchttpclient.netty.handler.HttpHandler - 

Request DefaultHttpRequest(decodeResult: success, version: HTTP/1.1)
POST /session/7435bd31e3d51a9bd91a5a7a66f25079/element/2cf55742-bdf0-4278-a43d-bb4577ca8261/click HTTP/1.1
User-Agent: selenium/4.1.2 (java windows)
Content-Length: 50
Content-Type: application/json; charset=utf-8
host: localhost:51771
accept: */*

Response DefaultHttpResponse(decodeResult: success, version: HTTP/1.1)
HTTP/1.1 200 OK
Content-Type: application/json; charset=utf-8
cache-control: no-cache
content-length: 14

16:36:32.826 [AsyncHttpClient-1-2] DEBUG org.asynchttpclient.netty.channel.ChannelManager - Adding key: http://localhost:51771 for channel [id: 0x91a108c1, L:/127.0.0.1:51275 - R:localhost/127.0.0.1:51771]
16:36:32.837 [Forwarding screenshot on session 7435bd31e3d51a9bd91a5a7a66f25079 to remote] DEBUG org.asynchttpclient.netty.request.NettyRequestSender - Using pooled Channel '[id: 0x91a108c1, L:/127.0.0.1:51275 - R:localhost/127.0.0.1:51771]' for 'GET' to 'http://localhost:51771/session/7435bd31e3d51a9bd91a5a7a66f25079/screenshot'
16:36:32.837 [Forwarding screenshot on session 7435bd31e3d51a9bd91a5a7a66f25079 to remote] DEBUG org.asynchttpclient.netty.request.NettyRequestSender - Using open Channel [id: 0x91a108c1, L:/127.0.0.1:51275 - R:localhost/127.0.0.1:51771] for GET '/session/7435bd31e3d51a9bd91a5a7a66f25079/screenshot'
16:36:32.985 [AsyncHttpClient-1-2] DEBUG org.asynchttpclient.netty.handler.HttpHandler - 

Request DefaultFullHttpRequest(decodeResult: success, version: HTTP/1.1, content: EmptyByteBufBE)
GET /session/7435bd31e3d51a9bd91a5a7a66f25079/screenshot HTTP/1.1
User-Agent: selenium/4.1.2 (java windows)
Cache-Control: no-cache
Content-Type: application/json; charset=utf-8
host: localhost:51771
accept: */*

Response DefaultHttpResponse(decodeResult: success, version: HTTP/1.1)
HTTP/1.1 200 OK
Content-Type: application/json; charset=utf-8
cache-control: no-cache
content-length: 121860

16:36:32.986 [AsyncHttpClient-1-2] DEBUG org.asynchttpclient.netty.channel.ChannelManager - Adding key: http://localhost:51771 for channel [id: 0x91a108c1, L:/127.0.0.1:51275 - R:localhost/127.0.0.1:51771]
16:36:32.992 [main] DEBUG net.serenitybdd.core.photography.Darkroom - Send negative for processing for target\site\serenity\dadd37dc45ddb65da12c29e15b2960b5b7b72577c2a38ac2699f10ee7b0e8840.png
16:36:32.992 [main] DEBUG net.thucydides.core.steps.StepInterceptor - STEP DONE: clickFilterDropdown
  &amp#27;[32mWhen &amp#27;[0m&amp#27;[32mI click doctor department filter dropdown&amp#27;[0m                  &amp#27;[90m# starter.stepdefinitions.DoctorSteps.iClickDoctorDepartmentFilterDropdown()&amp#27;[0m
16:36:32.992 [Darkroom Processing Line] DEBUG net.serenitybdd.core.photography.DarkroomProcessingLine - Processing screenshot image in /var/screenshots/screenshot-16102497304235336505
16:36:32.992 [Darkroom Processing Line] DEBUG net.serenitybdd.core.photography.DarkroomProcessingLine - Saving screenshot to target\site\serenity\dadd37dc45ddb65da12c29e15b2960b5b7b72577c2a38ac2699f10ee7b0e8840.png
16:36:33.013 [main] DEBUG net.thucydides.core.steps.StepInterceptor - STARTING STEP: DoctorSteps.iClickDoctorGeneral - clickGeneralMenu
16:36:33.017 [Forwarding findElement on session 7435bd31e3d51a9bd91a5a7a66f25079 to remote] DEBUG org.asynchttpclient.netty.request.NettyRequestSender - Using pooled Channel '[id: 0x91a108c1, L:/127.0.0.1:51275 - R:localhost/127.0.0.1:51771]' for 'POST' to 'http://localhost:51771/session/7435bd31e3d51a9bd91a5a7a66f25079/element'
16:36:33.017 [Forwarding findElement on session 7435bd31e3d51a9bd91a5a7a66f25079 to remote] DEBUG org.asynchttpclient.netty.request.NettyRequestSender - Using open Channel [id: 0x91a108c1, L:/127.0.0.1:51275 - R:localhost/127.0.0.1:51771] for POST '/session/7435bd31e3d51a9bd91a5a7a66f25079/element'
16:36:33.033 [AsyncHttpClient-1-2] DEBUG org.asynchttpclient.netty.handler.HttpHandler - 

Request DefaultHttpRequest(decodeResult: success, version: HTTP/1.1)
POST /session/7435bd31e3d51a9bd91a5a7a66f25079/element HTTP/1.1
User-Agent: selenium/4.1.2 (java windows)
Content-Length: 109
Content-Type: application/json; charset=utf-8
host: localhost:51771
accept: */*

Response DefaultHttpResponse(decodeResult: success, version: HTTP/1.1)
HTTP/1.1 200 OK
Content-Type: application/json; charset=utf-8
cache-control: no-cache
content-length: 88

16:36:33.034 [AsyncHttpClient-1-2] DEBUG org.asynchttpclient.netty.channel.ChannelManager - Adding key: http://localhost:51771 for channel [id: 0x91a108c1, L:/127.0.0.1:51275 - R:localhost/127.0.0.1:51771]
16:36:33.036 [Forwarding getElementTagName on session 7435bd31e3d51a9bd91a5a7a66f25079 to remote] DEBUG org.asynchttpclient.netty.request.NettyRequestSender - Using pooled Channel '[id: 0x91a108c1, L:/127.0.0.1:51275 - R:localhost/127.0.0.1:51771]' for 'GET' to 'http://localhost:51771/session/7435bd31e3d51a9bd91a5a7a66f25079/element/53ea9a18-adfc-491a-892c-1be93927d226/name'
16:36:33.036 [Forwarding getElementTagName on session 7435bd31e3d51a9bd91a5a7a66f25079 to remote] DEBUG org.asynchttpclient.netty.request.NettyRequestSender - Using open Channel [id: 0x91a108c1, L:/127.0.0.1:51275 - R:localhost/127.0.0.1:51771] for GET '/session/7435bd31e3d51a9bd91a5a7a66f25079/element/53ea9a18-adfc-491a-892c-1be93927d226/name'
16:36:33.042 [AsyncHttpClient-1-2] DEBUG org.asynchttpclient.netty.handler.HttpHandler - 

Request DefaultFullHttpRequest(decodeResult: success, version: HTTP/1.1, content: EmptyByteBufBE)
GET /session/7435bd31e3d51a9bd91a5a7a66f25079/element/53ea9a18-adfc-491a-892c-1be93927d226/name HTTP/1.1
User-Agent: selenium/4.1.2 (java windows)
Cache-Control: no-cache
Content-Type: application/json; charset=utf-8
host: localhost:51771
accept: */*

Response DefaultHttpResponse(decodeResult: success, version: HTTP/1.1)
HTTP/1.1 200 OK
Content-Type: application/json; charset=utf-8
cache-control: no-cache
content-length: 14

16:36:33.042 [AsyncHttpClient-1-2] DEBUG org.asynchttpclient.netty.channel.ChannelManager - Adding key: http://localhost:51771 for channel [id: 0x91a108c1, L:/127.0.0.1:51275 - R:localhost/127.0.0.1:51771]
16:36:33.043 [Forwarding getElementTagName on session 7435bd31e3d51a9bd91a5a7a66f25079 to remote] DEBUG org.asynchttpclient.netty.request.NettyRequestSender - Using pooled Channel '[id: 0x91a108c1, L:/127.0.0.1:51275 - R:localhost/127.0.0.1:51771]' for 'GET' to 'http://localhost:51771/session/7435bd31e3d51a9bd91a5a7a66f25079/element/53ea9a18-adfc-491a-892c-1be93927d226/name'
16:36:33.044 [Forwarding getElementTagName on session 7435bd31e3d51a9bd91a5a7a66f25079 to remote] DEBUG org.asynchttpclient.netty.request.NettyRequestSender - Using open Channel [id: 0x91a108c1, L:/127.0.0.1:51275 - R:localhost/127.0.0.1:51771] for GET '/session/7435bd31e3d51a9bd91a5a7a66f25079/element/53ea9a18-adfc-491a-892c-1be93927d226/name'
16:36:33.048 [AsyncHttpClient-1-2] DEBUG org.asynchttpclient.netty.handler.HttpHandler - 

Request DefaultFullHttpRequest(decodeResult: success, version: HTTP/1.1, content: EmptyByteBufBE)
GET /session/7435bd31e3d51a9bd91a5a7a66f25079/element/53ea9a18-adfc-491a-892c-1be93927d226/name HTTP/1.1
User-Agent: selenium/4.1.2 (java windows)
Cache-Control: no-cache
Content-Type: application/json; charset=utf-8
host: localhost:51771
accept: */*

Response DefaultHttpResponse(decodeResult: success, version: HTTP/1.1)
HTTP/1.1 200 OK
Content-Type: application/json; charset=utf-8
cache-control: no-cache
content-length: 14

16:36:33.049 [AsyncHttpClient-1-2] DEBUG org.asynchttpclient.netty.channel.ChannelManager - Adding key: http://localhost:51771 for channel [id: 0x91a108c1, L:/127.0.0.1:51275 - R:localhost/127.0.0.1:51771]
16:36:33.051 [Forwarding findElement on session 7435bd31e3d51a9bd91a5a7a66f25079 to remote] DEBUG org.asynchttpclient.netty.request.NettyRequestSender - Using pooled Channel '[id: 0x91a108c1, L:/127.0.0.1:51275 - R:localhost/127.0.0.1:51771]' for 'POST' to 'http://localhost:51771/session/7435bd31e3d51a9bd91a5a7a66f25079/element'
16:36:33.051 [Forwarding findElement on session 7435bd31e3d51a9bd91a5a7a66f25079 to remote] DEBUG org.asynchttpclient.netty.request.NettyRequestSender - Using open Channel [id: 0x91a108c1, L:/127.0.0.1:51275 - R:localhost/127.0.0.1:51771] for POST '/session/7435bd31e3d51a9bd91a5a7a66f25079/element'
16:36:33.062 [AsyncHttpClient-1-2] DEBUG org.asynchttpclient.netty.handler.HttpHandler - 

Request DefaultHttpRequest(decodeResult: success, version: HTTP/1.1)
POST /session/7435bd31e3d51a9bd91a5a7a66f25079/element HTTP/1.1
User-Agent: selenium/4.1.2 (java windows)
Content-Length: 109
Content-Type: application/json; charset=utf-8
host: localhost:51771
accept: */*

Response DefaultHttpResponse(decodeResult: success, version: HTTP/1.1)
HTTP/1.1 200 OK
Content-Type: application/json; charset=utf-8
cache-control: no-cache
content-length: 88

16:36:33.062 [AsyncHttpClient-1-2] DEBUG org.asynchttpclient.netty.channel.ChannelManager - Adding key: http://localhost:51771 for channel [id: 0x91a108c1, L:/127.0.0.1:51275 - R:localhost/127.0.0.1:51771]
16:36:33.063 [Forwarding clickElement on session 7435bd31e3d51a9bd91a5a7a66f25079 to remote] DEBUG org.asynchttpclient.netty.request.NettyRequestSender - Using pooled Channel '[id: 0x91a108c1, L:/127.0.0.1:51275 - R:localhost/127.0.0.1:51771]' for 'POST' to 'http://localhost:51771/session/7435bd31e3d51a9bd91a5a7a66f25079/element/53ea9a18-adfc-491a-892c-1be93927d226/click'
16:36:33.063 [Forwarding clickElement on session 7435bd31e3d51a9bd91a5a7a66f25079 to remote] DEBUG org.asynchttpclient.netty.request.NettyRequestSender - Using open Channel [id: 0x91a108c1, L:/127.0.0.1:51275 - R:localhost/127.0.0.1:51771] for POST '/session/7435bd31e3d51a9bd91a5a7a66f25079/element/53ea9a18-adfc-491a-892c-1be93927d226/click'
16:36:33.201 [AsyncHttpClient-1-2] DEBUG org.asynchttpclient.netty.handler.HttpHandler - 

Request DefaultHttpRequest(decodeResult: success, version: HTTP/1.1)
POST /session/7435bd31e3d51a9bd91a5a7a66f25079/element/53ea9a18-adfc-491a-892c-1be93927d226/click HTTP/1.1
User-Agent: selenium/4.1.2 (java windows)
Content-Length: 50
Content-Type: application/json; charset=utf-8
host: localhost:51771
accept: */*

Response DefaultHttpResponse(decodeResult: success, version: HTTP/1.1)
HTTP/1.1 200 OK
Content-Type: application/json; charset=utf-8
cache-control: no-cache
content-length: 14

16:36:33.201 [AsyncHttpClient-1-2] DEBUG org.asynchttpclient.netty.channel.ChannelManager - Adding key: http://localhost:51771 for channel [id: 0x91a108c1, L:/127.0.0.1:51275 - R:localhost/127.0.0.1:51771]
16:36:33.215 [Forwarding screenshot on session 7435bd31e3d51a9bd91a5a7a66f25079 to remote] DEBUG org.asynchttpclient.netty.request.NettyRequestSender - Using pooled Channel '[id: 0x91a108c1, L:/127.0.0.1:51275 - R:localhost/127.0.0.1:51771]' for 'GET' to 'http://localhost:51771/session/7435bd31e3d51a9bd91a5a7a66f25079/screenshot'
16:36:33.215 [Forwarding screenshot on session 7435bd31e3d51a9bd91a5a7a66f25079 to remote] DEBUG org.asynchttpclient.netty.request.NettyRequestSender - Using open Channel [id: 0x91a108c1, L:/127.0.0.1:51275 - R:localhost/127.0.0.1:51771] for GET '/session/7435bd31e3d51a9bd91a5a7a66f25079/screenshot'
16:36:33.329 [AsyncHttpClient-1-2] DEBUG org.asynchttpclient.netty.handler.HttpHandler - 

Request DefaultFullHttpRequest(decodeResult: success, version: HTTP/1.1, content: EmptyByteBufBE)
GET /session/7435bd31e3d51a9bd91a5a7a66f25079/screenshot HTTP/1.1
User-Agent: selenium/4.1.2 (java windows)
Cache-Control: no-cache
Content-Type: application/json; charset=utf-8
host: localhost:51771
accept: */*

Response DefaultHttpResponse(decodeResult: success, version: HTTP/1.1)
HTTP/1.1 200 OK
Content-Type: application/json; charset=utf-8
cache-control: no-cache
content-length: 94608

16:36:33.330 [AsyncHttpClient-1-2] DEBUG org.asynchttpclient.netty.channel.ChannelManager - Adding key: http://localhost:51771 for channel [id: 0x91a108c1, L:/127.0.0.1:51275 - R:localhost/127.0.0.1:51771]
16:36:33.335 [main] DEBUG net.serenitybdd.core.photography.Darkroom - Send negative for processing for target\site\serenity\4892098abef137e14e085ababd4f857a5d5b7a7a1a9d0da604261f37aee020e8.png
16:36:33.335 [main] DEBUG net.thucydides.core.steps.StepInterceptor - STEP DONE: clickGeneralMenu
  &amp#27;[32mAnd &amp#27;[0m&amp#27;[32mI click general menu&amp#27;[0m                                        &amp#27;[90m# starter.stepdefinitions.DoctorSteps.iClickDoctorGeneral()&amp#27;[0m
16:36:33.335 [Darkroom Processing Line] DEBUG net.serenitybdd.core.photography.DarkroomProcessingLine - Processing screenshot image in /var/screenshots/screenshot-9867174935496901679
16:36:33.335 [Darkroom Processing Line] DEBUG net.serenitybdd.core.photography.DarkroomProcessingLine - Saving screenshot to target\site\serenity\4892098abef137e14e085ababd4f857a5d5b7a7a1a9d0da604261f37aee020e8.png
16:36:33.337 [AsyncHttpClient-1-1] DEBUG org.asynchttpclient.netty.channel.DefaultChannelPool - Entry count for : http://localhost:51771 : 1
16:36:33.337 [AsyncHttpClient-1-1] DEBUG org.asynchttpclient.netty.channel.DefaultChannelPool - Entry count for : http://localhost:51276 : 1
16:36:33.350 [main] DEBUG net.thucydides.core.steps.StepInterceptor - STARTING STEP: DoctorSteps.iValidateDoctorListOnlyShowGeneralDepartmentDoctor - validateGeneralDoctor
16:36:33.352 [Forwarding findElement on session 7435bd31e3d51a9bd91a5a7a66f25079 to remote] DEBUG org.asynchttpclient.netty.request.NettyRequestSender - Using pooled Channel '[id: 0x91a108c1, L:/127.0.0.1:51275 - R:localhost/127.0.0.1:51771]' for 'POST' to 'http://localhost:51771/session/7435bd31e3d51a9bd91a5a7a66f25079/element'
16:36:33.352 [Forwarding findElement on session 7435bd31e3d51a9bd91a5a7a66f25079 to remote] DEBUG org.asynchttpclient.netty.request.NettyRequestSender - Using open Channel [id: 0x91a108c1, L:/127.0.0.1:51275 - R:localhost/127.0.0.1:51771] for POST '/session/7435bd31e3d51a9bd91a5a7a66f25079/element'
16:36:34.267 [AsyncHttpClient-1-2] DEBUG org.asynchttpclient.netty.handler.HttpHandler - 

Request DefaultHttpRequest(decodeResult: success, version: HTTP/1.1)
POST /session/7435bd31e3d51a9bd91a5a7a66f25079/element HTTP/1.1
User-Agent: selenium/4.1.2 (java windows)
Content-Length: 79
Content-Type: application/json; charset=utf-8
host: localhost:51771
accept: */*

Response DefaultHttpResponse(decodeResult: success, version: HTTP/1.1)
HTTP/1.1 200 OK
Content-Type: application/json; charset=utf-8
cache-control: no-cache
content-length: 88

16:36:34.267 [AsyncHttpClient-1-2] DEBUG org.asynchttpclient.netty.channel.ChannelManager - Adding key: http://localhost:51771 for channel [id: 0x91a108c1, L:/127.0.0.1:51275 - R:localhost/127.0.0.1:51771]
16:36:34.272 [Forwarding isElementDisplayed on session 7435bd31e3d51a9bd91a5a7a66f25079 to remote] DEBUG org.asynchttpclient.netty.request.NettyRequestSender - Using pooled Channel '[id: 0x91a108c1, L:/127.0.0.1:51275 - R:localhost/127.0.0.1:51771]' for 'POST' to 'http://localhost:51771/session/7435bd31e3d51a9bd91a5a7a66f25079/execute/sync'
16:36:34.272 [Forwarding isElementDisplayed on session 7435bd31e3d51a9bd91a5a7a66f25079 to remote] DEBUG org.asynchttpclient.netty.request.NettyRequestSender - Using open Channel [id: 0x91a108c1, L:/127.0.0.1:51275 - R:localhost/127.0.0.1:51771] for POST '/session/7435bd31e3d51a9bd91a5a7a66f25079/execute/sync'
16:36:34.291 [AsyncHttpClient-1-2] DEBUG org.asynchttpclient.netty.handler.HttpHandler - 

Request DefaultHttpRequest(decodeResult: success, version: HTTP/1.1)
POST /session/7435bd31e3d51a9bd91a5a7a66f25079/execute/sync HTTP/1.1
User-Agent: selenium/4.1.2 (java windows)
Content-Length: 48780
Content-Type: application/json; charset=utf-8
host: localhost:51771
accept: */*

Response DefaultHttpResponse(decodeResult: success, version: HTTP/1.1)
HTTP/1.1 200 OK
Content-Type: application/json; charset=utf-8
cache-control: no-cache
content-length: 14

16:36:34.291 [AsyncHttpClient-1-2] DEBUG org.asynchttpclient.netty.channel.ChannelManager - Adding key: http://localhost:51771 for channel [id: 0x91a108c1, L:/127.0.0.1:51275 - R:localhost/127.0.0.1:51771]
16:36:34.297 [Forwarding screenshot on session 7435bd31e3d51a9bd91a5a7a66f25079 to remote] DEBUG org.asynchttpclient.netty.request.NettyRequestSender - Using pooled Channel '[id: 0x91a108c1, L:/127.0.0.1:51275 - R:localhost/127.0.0.1:51771]' for 'GET' to 'http://localhost:51771/session/7435bd31e3d51a9bd91a5a7a66f25079/screenshot'
16:36:34.297 [Forwarding screenshot on session 7435bd31e3d51a9bd91a5a7a66f25079 to remote] DEBUG org.asynchttpclient.netty.request.NettyRequestSender - Using open Channel [id: 0x91a108c1, L:/127.0.0.1:51275 - R:localhost/127.0.0.1:51771] for GET '/session/7435bd31e3d51a9bd91a5a7a66f25079/screenshot'
16:36:34.407 [AsyncHttpClient-1-2] DEBUG org.asynchttpclient.netty.handler.HttpHandler - 

Request DefaultFullHttpRequest(decodeResult: success, version: HTTP/1.1, content: EmptyByteBufBE)
GET /session/7435bd31e3d51a9bd91a5a7a66f25079/screenshot HTTP/1.1
User-Agent: selenium/4.1.2 (java windows)
Cache-Control: no-cache
Content-Type: application/json; charset=utf-8
host: localhost:51771
accept: */*

Response DefaultHttpResponse(decodeResult: success, version: HTTP/1.1)
HTTP/1.1 200 OK
Content-Type: application/json; charset=utf-8
cache-control: no-cache
content-length: 72364

16:36:34.408 [AsyncHttpClient-1-2] DEBUG org.asynchttpclient.netty.channel.ChannelManager - Adding key: http://localhost:51771 for channel [id: 0x91a108c1, L:/127.0.0.1:51275 - R:localhost/127.0.0.1:51771]
16:36:34.411 [main] DEBUG net.serenitybdd.core.photography.Darkroom - Send negative for processing for target\site\serenity\66098f6e3a7e92ffc3a3bef2c192294fdca3b67b4d4b3d009e64ddada5b964e6.png
16:36:34.411 [main] DEBUG net.thucydides.core.steps.StepInterceptor - STEP DONE: validateGeneralDoctor
  &amp#27;[32mThen &amp#27;[0m&amp#27;[32mI validate doctor list only show general department doctor&amp#27;[0m &amp#27;[90m# starter.stepdefinitions.DoctorSteps.iValidateDoctorListOnlyShowGeneralDepartmentDoctor()&amp#27;[0m
16:36:34.412 [Darkroom Processing Line] DEBUG net.serenitybdd.core.photography.DarkroomProcessingLine - Processing screenshot image in /var/screenshots/screenshot-16078950993367277445
16:36:34.412 [Darkroom Processing Line] DEBUG net.serenitybdd.core.photography.DarkroomProcessingLine - Saving screenshot to target\site\serenity\66098f6e3a7e92ffc3a3bef2c192294fdca3b67b4d4b3d009e64ddada5b964e6.png
16:36:34.418 [main] INFO  - 
  _____   ___   ___   _____     ___     _     ___   ___   ___   ___  
 |_   _| | __| / __| |_   _|   | _ \   /_\   / __| / __| | __| |   \ 
   | |   | _|  \__ \   | |     |  _/  / _ \  \__ \ \__ \ | _|  | |) |
   |_|   |___| |___/   |_|     |_|   /_/ \_\ |___/ |___/ |___| |___/ 

Filter Doctor General Scenario
----------------------------------------------------------------------
16:36:34.420 [AsyncHttpClient-1-4] DEBUG org.asynchttpclient.netty.handler.WebSocketHandler - Channel Closed: [id: 0xdb917fc0, L:/127.0.0.1:51282 ! R:localhost/127.0.0.1:51276] with attribute NettyResponseFuture{currentRetry=5,
	isDone=1,
	isCancelled=0,
	asyncHandler=org.asynchttpclient.ws.WebSocketUpgradeHandler@2cbe2b05,
	nettyRequest=org.asynchttpclient.netty.request.NettyRequest@27cb6306,
	future=java.util.concurrent.CompletableFuture@3fae12d5[Completed normally],
	uri=ws://localhost:51276/devtools/browser/1e735824-c6c7-48c5-a5ff-68cd8590256d,
	keepAlive=true,
	redirectCount=0,
	timeoutsHolder=null,
	inAuth=0,
	touch=1655717788712}
16:36:34.420 [Driver Command Executor] DEBUG org.asynchttpclient.netty.request.NettyRequestSender - Using pooled Channel '[id: 0x91a108c1, L:/127.0.0.1:51275 - R:localhost/127.0.0.1:51771]' for 'DELETE' to 'http://localhost:51771/session/7435bd31e3d51a9bd91a5a7a66f25079'
16:36:34.420 [AsyncHttpClient-1-4] DEBUG org.asynchttpclient.netty.channel.ChannelManager - Closing Channel [id: 0xdb917fc0, L:/127.0.0.1:51282 ! R:localhost/127.0.0.1:51276] 
16:36:34.420 [Driver Command Executor] DEBUG org.asynchttpclient.netty.request.NettyRequestSender - Using open Channel [id: 0x91a108c1, L:/127.0.0.1:51275 - R:localhost/127.0.0.1:51771] for DELETE '/session/7435bd31e3d51a9bd91a5a7a66f25079'
16:36:34.437 [AsyncHttpClient-1-1] DEBUG org.asynchttpclient.netty.channel.DefaultChannelPool - Entry count for : http://localhost:51276 : 1
16:36:34.463 [AsyncHttpClient-1-3] DEBUG org.asynchttpclient.netty.handler.HttpHandler - Unexpected I/O exception on channel [id: 0x63ddd80e, L:/127.0.0.1:51281 - R:localhost/127.0.0.1:51276]
java.net.SocketException: Connection reset
	at java.base/sun.nio.ch.SocketChannelImpl.throwConnectionReset(SocketChannelImpl.java:367)
	at java.base/sun.nio.ch.SocketChannelImpl.read(SocketChannelImpl.java:398)
	at io.netty.buffer.PooledByteBuf.setBytes(PooledByteBuf.java:258)
	at io.netty.buffer.AbstractByteBuf.writeBytes(AbstractByteBuf.java:1132)
	at io.netty.channel.socket.nio.NioSocketChannel.doReadBytes(NioSocketChannel.java:350)
	at io.netty.channel.nio.AbstractNioByteChannel$NioByteUnsafe.read(AbstractNioByteChannel.java:151)
	at io.netty.channel.nio.NioEventLoop.processSelectedKey(NioEventLoop.java:722)
	at io.netty.channel.nio.NioEventLoop.processSelectedKeysOptimized(NioEventLoop.java:658)
	at io.netty.channel.nio.NioEventLoop.processSelectedKeys(NioEventLoop.java:584)
	at io.netty.channel.nio.NioEventLoop.run(NioEventLoop.java:496)
	at io.netty.util.concurrent.SingleThreadEventExecutor$4.run(SingleThreadEventExecutor.java:986)
	at io.netty.util.internal.ThreadExecutorMap$2.run(ThreadExecutorMap.java:74)
	at io.netty.util.concurrent.FastThreadLocalRunnable.run(FastThreadLocalRunnable.java:30)
	at java.base/java.lang.Thread.run(Thread.java:832)
16:36:34.463 [AsyncHttpClient-1-3] DEBUG org.asynchttpclient.netty.channel.ChannelManager - Closing Channel [id: 0x63ddd80e, L:/127.0.0.1:51281 - R:localhost/127.0.0.1:51276] 
16:36:34.464 [AsyncHttpClient-1-3] DEBUG org.asynchttpclient.netty.handler.HttpHandler - Channel Closed: [id: 0x63ddd80e, L:/127.0.0.1:51281 ! R:localhost/127.0.0.1:51276] with attribute DISCARD
16:36:34.487 [AsyncHttpClient-1-2] DEBUG org.asynchttpclient.netty.handler.HttpHandler - 

Request DefaultFullHttpRequest(decodeResult: success, version: HTTP/1.1, content: EmptyByteBufBE)
DELETE /session/7435bd31e3d51a9bd91a5a7a66f25079 HTTP/1.1
User-Agent: selenium/4.1.2 (java windows)
Content-Type: application/json; charset=utf-8
host: localhost:51771
accept: */*

Response DefaultHttpResponse(decodeResult: success, version: HTTP/1.1)
HTTP/1.1 200 OK
Content-Type: application/json; charset=utf-8
cache-control: no-cache
content-length: 14

16:36:34.487 [AsyncHttpClient-1-2] DEBUG org.asynchttpclient.netty.channel.ChannelManager - Adding key: http://localhost:51771 for channel [id: 0x91a108c1, L:/127.0.0.1:51275 - R:localhost/127.0.0.1:51771]
16:36:34.605 [AsyncHttpClient-1-2] DEBUG org.asynchttpclient.netty.handler.HttpHandler - Channel Closed: [id: 0x91a108c1, L:/127.0.0.1:51275 ! R:localhost/127.0.0.1:51771] with attribute DISCARD
]]></system-out>
    <system-err><![CDATA[Starting ChromeDriver 102.0.5005.61 (0e59bcc00cc4985ce39ad31c150065f159d95ad3-refs/branch-heads/5005@{#819}) on port 51771
Only local connections are allowed.
Please see https://chromedriver.chromium.org/security-considerations for suggestions on keeping ChromeDriver safe.
ChromeDriver was started successfully.
Jun 20, 2022 4:36:28 PM org.openqa.selenium.remote.ProtocolHandshake createSession
INFO: Detected dialect: W3C
Jun 20, 2022 4:36:28 PM org.openqa.selenium.devtools.CdpVersionFinder findNearestMatch
WARNING: Unable to find an exact match for CDP version 102, so returning the closest version found: a no-op implementation
Jun 20, 2022 4:36:28 PM org.openqa.selenium.devtools.CdpVersionFinder findNearestMatch
INFO: Unable to find CDP implementation matching 102.
Jun 20, 2022 4:36:28 PM org.openqa.selenium.chromium.ChromiumDriver lambda$new$3
WARNING: Unable to find version of CDP to use for . You may need to include a dependency on a specific version of the CDP using something similar to `org.seleniumhq.selenium:selenium-devtools-v86:4.1.2` where the version ("v86") matches the version of the chromium-based browser you're using and the version number of the artifact is the same as Selenium's.
]]></system-err>
  </testcase>
  <testcase name="Filter Doctor Neurology Scenario" classname="Doctor" time="9.13">
    <system-out><![CDATA[
@Doctor @FilterDoctorNeurology
Scenario: Filter Doctor Neurology Scenario                          &amp#27;[90m# src/test/resources/features/3.Doctor.feature:90&amp#27;[0m
16:36:35.135 [main] INFO io.cucumber.core.plugin.SerenityReporter - Running feature from file:///E:/My%20Documents/File%20Difa/TI%20Semester%206%20Kampus%20Merdeka%20Alterra/Tugas/CAPSTONE%20Project/Capstone-Project-Website/src/test/resources/features/3.Doctor.feature
16:36:35.138 [main] INFO  - 
  _____   ___   ___   _____     ___   _____     _     ___   _____   ___   ___  
 |_   _| | __| / __| |_   _|   / __| |_   _|   /_\   | _ \ |_   _| | __| |   \ 
   | |   | _|  \__ \   | |     \__ \   | |    / _ \  |   /   | |   | _|  | |) |
   |_|   |___| |___/   |_|     |___/   |_|   /_/ \_\ |_|_\   |_|   |___| |___/ 

Filter Doctor Neurology Scenario(doctor;filter-doctor-neurology-scenario)
--------------------------------------------------------------------------------
16:36:35.155 [main] DEBUG net.thucydides.core.steps.StepInterceptor - STARTING STEP: DashboardSteps.iAmOnTheDashboardPage - openUrl
16:36:35.158 [main] INFO net.serenitybdd.core.webdriver.driverproviders.ChromeDriverProvider - Using automatically driver download
16:36:35.324 [main] DEBUG io.github.bonigarcia.wdm.cache.ResolutionCache - Resolution chrome=102 in cache (valid until 16:47:55 20/06/2022 ICT)
16:36:35.328 [main] DEBUG io.github.bonigarcia.wdm.cache.ResolutionCache - Resolution chrome102=102.0.5005.61 in cache (valid until 09:12:44 21/06/2022 ICT)
16:36:35.330 [main] INFO io.github.bonigarcia.wdm.WebDriverManager - Using chromedriver 102.0.5005.61 (resolved driver for Chrome 102)
16:36:35.338 [main] DEBUG io.github.bonigarcia.wdm.WebDriverManager - Driver chromedriver 102.0.5005.61 found in cache
16:36:35.339 [main] INFO io.github.bonigarcia.wdm.WebDriverManager - Exporting webdriver.chrome.driver as C:\Users\USER\.cache\selenium\chromedriver\win32\102.0.5005.61\chromedriver.exe
16:36:35.479 [main] DEBUG net.serenitybdd.core.webdriver.driverproviders.ProvideNewDriver - Instantiating driver
16:36:35.479 [main] DEBUG net.serenitybdd.core.webdriver.driverproviders.ProvideNewDriver - Driver capabilities: Capabilities {acceptInsecureCerts: false, base.url: https://hospital-management..., browserName: chrome, chrome.driver: src/test/resources/webdrive..., driver: chrome, goog:chromeOptions: {args: [], extensions: []}}
16:36:35.537 [AsyncHttpClient-1-1] DEBUG org.asynchttpclient.netty.channel.DefaultChannelPool - Entry count for : http://localhost:51771 : 1
16:36:35.537 [AsyncHttpClient-1-1] DEBUG org.asynchttpclient.netty.channel.DefaultChannelPool - Entry count for : http://localhost:51276 : 1
16:36:35.537 [AsyncHttpClient-1-1] DEBUG org.asynchttpclient.netty.channel.DefaultChannelPool - Adding Candidate expired Channel [id: 0x91a108c1, L:/127.0.0.1:51275 ! R:localhost/127.0.0.1:51771] isIdleTimeoutExpired=false isRemotelyClosed=true isTtlExpired=false
16:36:35.537 [AsyncHttpClient-1-1] DEBUG org.asynchttpclient.netty.channel.DefaultChannelPool - Closing Idle Channel [id: 0x91a108c1, L:/127.0.0.1:51275 ! R:localhost/127.0.0.1:51771]
16:36:35.537 [AsyncHttpClient-1-1] DEBUG org.asynchttpclient.netty.channel.DefaultChannelPool - Adding Candidate expired Channel [id: 0x63ddd80e, L:/127.0.0.1:51281 ! R:localhost/127.0.0.1:51276] isIdleTimeoutExpired=false isRemotelyClosed=true isTtlExpired=false
16:36:35.537 [AsyncHttpClient-1-1] DEBUG org.asynchttpclient.netty.channel.DefaultChannelPool - Closing Idle Channel [id: 0x63ddd80e, L:/127.0.0.1:51281 ! R:localhost/127.0.0.1:51276]
16:36:35.537 [AsyncHttpClient-1-1] DEBUG org.asynchttpclient.netty.channel.DefaultChannelPool - Closed 2 connections out of 2 in 0 ms
16:36:36.003 [AsyncHttpClient-1-5] DEBUG org.asynchttpclient.netty.channel.NettyConnectListener - Using new Channel '[id: 0x1e6c91e3, L:/127.0.0.1:51297 - R:localhost/127.0.0.1:61668]' for 'POST' to '/session'
16:36:36.648 [AsyncHttpClient-1-5] DEBUG org.asynchttpclient.netty.handler.HttpHandler - 

Request DefaultHttpRequest(decodeResult: success, version: HTTP/1.1)
POST /session HTTP/1.1
User-Agent: selenium/4.1.2 (java windows)
Content-Length: 621
Content-Type: application/json; charset=utf-8
host: localhost:61668
accept: */*

Response DefaultHttpResponse(decodeResult: success, version: HTTP/1.1)
HTTP/1.1 200 OK
Content-Type: application/json; charset=utf-8
cache-control: no-cache
content-length: 789

16:36:36.649 [AsyncHttpClient-1-5] DEBUG org.asynchttpclient.netty.channel.ChannelManager - Adding key: http://localhost:61668 for channel [id: 0x1e6c91e3, L:/127.0.0.1:51297 - R:localhost/127.0.0.1:61668]
16:36:36.659 [AsyncHttpClient-1-6] DEBUG org.asynchttpclient.netty.channel.NettyConnectListener - Using new Channel '[id: 0xe182467c, L:/127.0.0.1:51303 - R:localhost/127.0.0.1:51298]' for 'GET' to '/json/version'
16:36:36.660 [AsyncHttpClient-1-6] DEBUG org.asynchttpclient.netty.handler.HttpHandler - 

Request DefaultFullHttpRequest(decodeResult: success, version: HTTP/1.1, content: EmptyByteBufBE)
GET /json/version HTTP/1.1
User-Agent: selenium/4.1.2 (java windows)
host: localhost:51298
accept: */*

Response DefaultHttpResponse(decodeResult: success, version: HTTP/1.1)
HTTP/1.1 200 OK
Content-Type: application/json; charset=UTF-8
content-length: 427

16:36:36.660 [AsyncHttpClient-1-6] DEBUG org.asynchttpclient.netty.channel.ChannelManager - Adding key: http://localhost:51298 for channel [id: 0xe182467c, L:/127.0.0.1:51303 - R:localhost/127.0.0.1:51298]
16:36:36.669 [AsyncHttpClient-1-7] DEBUG org.asynchttpclient.netty.channel.NettyConnectListener - Using new Channel '[id: 0xb1735690, L:/127.0.0.1:51304 - R:localhost/127.0.0.1:51298]' for 'GET' to '/devtools/browser/2fee572c-161a-4681-8c32-c33f9a84fdb4'
16:36:36.670 [AsyncHttpClient-1-7] DEBUG org.asynchttpclient.netty.handler.WebSocketHandler - 

Request DefaultFullHttpRequest(decodeResult: success, version: HTTP/1.1, content: EmptyByteBufBE)
GET /devtools/browser/2fee572c-161a-4681-8c32-c33f9a84fdb4 HTTP/1.1
upgrade: websocket
connection: upgrade
sec-websocket-key: Vg3OUnFKxYZFdzphhSw9Vw==
sec-websocket-version: 13
origin: http://localhost:51298
host: localhost:51298
accept: */*
user-agent: AHC/2.1

Response DefaultHttpResponse(decodeResult: success, version: HTTP/1.1)
HTTP/1.1 101 WebSocket Protocol Handshake
Upgrade: WebSocket
Connection: Upgrade
Sec-WebSocket-Accept: MifPIlH8kLYDqkjBfdN5YSUbh1o=

16:36:36.673 [Forwarding maximizeCurrentWindow on session bffad2af9a327771dcd5d07451fbef16 to remote] DEBUG org.asynchttpclient.netty.request.NettyRequestSender - Using pooled Channel '[id: 0x1e6c91e3, L:/127.0.0.1:51297 - R:localhost/127.0.0.1:61668]' for 'POST' to 'http://localhost:61668/session/bffad2af9a327771dcd5d07451fbef16/window/maximize'
16:36:36.673 [Forwarding maximizeCurrentWindow on session bffad2af9a327771dcd5d07451fbef16 to remote] DEBUG org.asynchttpclient.netty.request.NettyRequestSender - Using open Channel [id: 0x1e6c91e3, L:/127.0.0.1:51297 - R:localhost/127.0.0.1:61668] for POST '/session/bffad2af9a327771dcd5d07451fbef16/window/maximize'
16:36:36.792 [AsyncHttpClient-1-5] DEBUG org.asynchttpclient.netty.handler.HttpHandler - 

Request DefaultHttpRequest(decodeResult: success, version: HTTP/1.1)
POST /session/bffad2af9a327771dcd5d07451fbef16/window/maximize HTTP/1.1
User-Agent: selenium/4.1.2 (java windows)
Content-Length: 3
Content-Type: application/json; charset=utf-8
host: localhost:61668
accept: */*

Response DefaultHttpResponse(decodeResult: success, version: HTTP/1.1)
HTTP/1.1 200 OK
Content-Type: application/json; charset=utf-8
cache-control: no-cache
content-length: 51

16:36:36.792 [AsyncHttpClient-1-5] DEBUG org.asynchttpclient.netty.channel.ChannelManager - Adding key: http://localhost:61668 for channel [id: 0x1e6c91e3, L:/127.0.0.1:51297 - R:localhost/127.0.0.1:61668]
16:36:36.793 [Forwarding get on session bffad2af9a327771dcd5d07451fbef16 to remote] DEBUG org.asynchttpclient.netty.request.NettyRequestSender - Using pooled Channel '[id: 0x1e6c91e3, L:/127.0.0.1:51297 - R:localhost/127.0.0.1:61668]' for 'POST' to 'http://localhost:61668/session/bffad2af9a327771dcd5d07451fbef16/url'
16:36:36.793 [Forwarding get on session bffad2af9a327771dcd5d07451fbef16 to remote] DEBUG org.asynchttpclient.netty.request.NettyRequestSender - Using open Channel [id: 0x1e6c91e3, L:/127.0.0.1:51297 - R:localhost/127.0.0.1:61668] for POST '/session/bffad2af9a327771dcd5d07451fbef16/url'
16:36:37.758 [AsyncHttpClient-1-1] DEBUG org.asynchttpclient.netty.channel.DefaultChannelPool - Entry count for : http://localhost:51298 : 1
16:36:38.838 [AsyncHttpClient-1-1] DEBUG org.asynchttpclient.netty.channel.DefaultChannelPool - Entry count for : http://localhost:51298 : 1
16:36:39.939 [AsyncHttpClient-1-1] DEBUG org.asynchttpclient.netty.channel.DefaultChannelPool - Entry count for : http://localhost:51298 : 1
16:36:40.048 [AsyncHttpClient-1-5] DEBUG org.asynchttpclient.netty.handler.HttpHandler - 

Request DefaultHttpRequest(decodeResult: success, version: HTTP/1.1)
POST /session/bffad2af9a327771dcd5d07451fbef16/url HTTP/1.1
User-Agent: selenium/4.1.2 (java windows)
Content-Length: 65
Content-Type: application/json; charset=utf-8
host: localhost:61668
accept: */*

Response DefaultHttpResponse(decodeResult: success, version: HTTP/1.1)
HTTP/1.1 200 OK
Content-Type: application/json; charset=utf-8
cache-control: no-cache
content-length: 14

16:36:40.048 [AsyncHttpClient-1-5] DEBUG org.asynchttpclient.netty.channel.ChannelManager - Adding key: http://localhost:61668 for channel [id: 0x1e6c91e3, L:/127.0.0.1:51297 - R:localhost/127.0.0.1:61668]
16:36:40.051 [Forwarding setTimeout on session bffad2af9a327771dcd5d07451fbef16 to remote] DEBUG org.asynchttpclient.netty.request.NettyRequestSender - Using pooled Channel '[id: 0x1e6c91e3, L:/127.0.0.1:51297 - R:localhost/127.0.0.1:61668]' for 'POST' to 'http://localhost:61668/session/bffad2af9a327771dcd5d07451fbef16/timeouts'
16:36:40.051 [Forwarding setTimeout on session bffad2af9a327771dcd5d07451fbef16 to remote] DEBUG org.asynchttpclient.netty.request.NettyRequestSender - Using open Channel [id: 0x1e6c91e3, L:/127.0.0.1:51297 - R:localhost/127.0.0.1:61668] for POST '/session/bffad2af9a327771dcd5d07451fbef16/timeouts'
16:36:40.076 [AsyncHttpClient-1-5] DEBUG org.asynchttpclient.netty.handler.HttpHandler - 

Request DefaultHttpRequest(decodeResult: success, version: HTTP/1.1)
POST /session/bffad2af9a327771dcd5d07451fbef16/timeouts HTTP/1.1
User-Agent: selenium/4.1.2 (java windows)
Content-Length: 22
Content-Type: application/json; charset=utf-8
host: localhost:61668
accept: */*

Response DefaultHttpResponse(decodeResult: success, version: HTTP/1.1)
HTTP/1.1 200 OK
Content-Type: application/json; charset=utf-8
cache-control: no-cache
content-length: 14

16:36:40.076 [AsyncHttpClient-1-5] DEBUG org.asynchttpclient.netty.channel.ChannelManager - Adding key: http://localhost:61668 for channel [id: 0x1e6c91e3, L:/127.0.0.1:51297 - R:localhost/127.0.0.1:61668]
16:36:40.081 [Forwarding getCurrentUrl on session bffad2af9a327771dcd5d07451fbef16 to remote] DEBUG org.asynchttpclient.netty.request.NettyRequestSender - Using pooled Channel '[id: 0x1e6c91e3, L:/127.0.0.1:51297 - R:localhost/127.0.0.1:61668]' for 'GET' to 'http://localhost:61668/session/bffad2af9a327771dcd5d07451fbef16/url'
16:36:40.081 [Forwarding getCurrentUrl on session bffad2af9a327771dcd5d07451fbef16 to remote] DEBUG org.asynchttpclient.netty.request.NettyRequestSender - Using open Channel [id: 0x1e6c91e3, L:/127.0.0.1:51297 - R:localhost/127.0.0.1:61668] for GET '/session/bffad2af9a327771dcd5d07451fbef16/url'
16:36:40.186 [AsyncHttpClient-1-5] DEBUG org.asynchttpclient.netty.handler.HttpHandler - 

Request DefaultFullHttpRequest(decodeResult: success, version: HTTP/1.1, content: EmptyByteBufBE)
GET /session/bffad2af9a327771dcd5d07451fbef16/url HTTP/1.1
User-Agent: selenium/4.1.2 (java windows)
Cache-Control: no-cache
Content-Type: application/json; charset=utf-8
host: localhost:61668
accept: */*

Response DefaultHttpResponse(decodeResult: success, version: HTTP/1.1)
HTTP/1.1 200 OK
Content-Type: application/json; charset=utf-8
cache-control: no-cache
content-length: 53

16:36:40.186 [AsyncHttpClient-1-5] DEBUG org.asynchttpclient.netty.channel.ChannelManager - Adding key: http://localhost:61668 for channel [id: 0x1e6c91e3, L:/127.0.0.1:51297 - R:localhost/127.0.0.1:61668]
16:36:40.193 [Forwarding getCurrentUrl on session bffad2af9a327771dcd5d07451fbef16 to remote] DEBUG org.asynchttpclient.netty.request.NettyRequestSender - Using pooled Channel '[id: 0x1e6c91e3, L:/127.0.0.1:51297 - R:localhost/127.0.0.1:61668]' for 'GET' to 'http://localhost:61668/session/bffad2af9a327771dcd5d07451fbef16/url'
16:36:40.193 [Forwarding getCurrentUrl on session bffad2af9a327771dcd5d07451fbef16 to remote] DEBUG org.asynchttpclient.netty.request.NettyRequestSender - Using open Channel [id: 0x1e6c91e3, L:/127.0.0.1:51297 - R:localhost/127.0.0.1:61668] for GET '/session/bffad2af9a327771dcd5d07451fbef16/url'
16:36:40.199 [AsyncHttpClient-1-5] DEBUG org.asynchttpclient.netty.handler.HttpHandler - 

Request DefaultFullHttpRequest(decodeResult: success, version: HTTP/1.1, content: EmptyByteBufBE)
GET /session/bffad2af9a327771dcd5d07451fbef16/url HTTP/1.1
User-Agent: selenium/4.1.2 (java windows)
Cache-Control: no-cache
Content-Type: application/json; charset=utf-8
host: localhost:61668
accept: */*

Response DefaultHttpResponse(decodeResult: success, version: HTTP/1.1)
HTTP/1.1 200 OK
Content-Type: application/json; charset=utf-8
cache-control: no-cache
content-length: 53

16:36:40.200 [AsyncHttpClient-1-5] DEBUG org.asynchttpclient.netty.channel.ChannelManager - Adding key: http://localhost:61668 for channel [id: 0x1e6c91e3, L:/127.0.0.1:51297 - R:localhost/127.0.0.1:61668]
16:36:40.208 [Forwarding screenshot on session bffad2af9a327771dcd5d07451fbef16 to remote] DEBUG org.asynchttpclient.netty.request.NettyRequestSender - Using pooled Channel '[id: 0x1e6c91e3, L:/127.0.0.1:51297 - R:localhost/127.0.0.1:61668]' for 'GET' to 'http://localhost:61668/session/bffad2af9a327771dcd5d07451fbef16/screenshot'
16:36:40.208 [Forwarding screenshot on session bffad2af9a327771dcd5d07451fbef16 to remote] DEBUG org.asynchttpclient.netty.request.NettyRequestSender - Using open Channel [id: 0x1e6c91e3, L:/127.0.0.1:51297 - R:localhost/127.0.0.1:61668] for GET '/session/bffad2af9a327771dcd5d07451fbef16/screenshot'
16:36:40.505 [AsyncHttpClient-1-5] DEBUG org.asynchttpclient.netty.handler.HttpHandler - 

Request DefaultFullHttpRequest(decodeResult: success, version: HTTP/1.1, content: EmptyByteBufBE)
GET /session/bffad2af9a327771dcd5d07451fbef16/screenshot HTTP/1.1
User-Agent: selenium/4.1.2 (java windows)
Cache-Control: no-cache
Content-Type: application/json; charset=utf-8
host: localhost:61668
accept: */*

Response DefaultHttpResponse(decodeResult: success, version: HTTP/1.1)
HTTP/1.1 200 OK
Content-Type: application/json; charset=utf-8
cache-control: no-cache
content-length: 344576

16:36:40.509 [AsyncHttpClient-1-5] DEBUG org.asynchttpclient.netty.channel.ChannelManager - Adding key: http://localhost:61668 for channel [id: 0x1e6c91e3, L:/127.0.0.1:51297 - R:localhost/127.0.0.1:61668]
16:36:40.544 [main] DEBUG net.serenitybdd.core.photography.Darkroom - Send negative for processing for target\site\serenity\ef09325d7af01e9ba52d76a42cb0dba8c9cbfbc3f5e756247e0a0e7693958a68.png
16:36:40.544 [main] DEBUG net.thucydides.core.steps.StepInterceptor - STEP DONE: openUrl
16:36:40.550 [Darkroom Processing Line] DEBUG net.serenitybdd.core.photography.DarkroomProcessingLine - Processing screenshot image in /var/screenshots/screenshot-12461807226025872240
16:36:40.550 [Darkroom Processing Line] DEBUG net.serenitybdd.core.photography.DarkroomProcessingLine - Saving screenshot to target\site\serenity\ef09325d7af01e9ba52d76a42cb0dba8c9cbfbc3f5e756247e0a0e7693958a68.png
16:36:40.560 [main] DEBUG net.thucydides.core.steps.StepInterceptor - STARTING STEP: DashboardSteps.iAmOnTheDashboardPage - validateOnDashboardPage
16:36:40.569 [Forwarding findElement on session bffad2af9a327771dcd5d07451fbef16 to remote] DEBUG org.asynchttpclient.netty.request.NettyRequestSender - Using pooled Channel '[id: 0x1e6c91e3, L:/127.0.0.1:51297 - R:localhost/127.0.0.1:61668]' for 'POST' to 'http://localhost:61668/session/bffad2af9a327771dcd5d07451fbef16/element'
16:36:40.569 [Forwarding findElement on session bffad2af9a327771dcd5d07451fbef16 to remote] DEBUG org.asynchttpclient.netty.request.NettyRequestSender - Using open Channel [id: 0x1e6c91e3, L:/127.0.0.1:51297 - R:localhost/127.0.0.1:61668] for POST '/session/bffad2af9a327771dcd5d07451fbef16/element'
16:36:40.594 [AsyncHttpClient-1-5] DEBUG org.asynchttpclient.netty.handler.HttpHandler - 

Request DefaultHttpRequest(decodeResult: success, version: HTTP/1.1)
POST /session/bffad2af9a327771dcd5d07451fbef16/element HTTP/1.1
User-Agent: selenium/4.1.2 (java windows)
Content-Length: 81
Content-Type: application/json; charset=utf-8
host: localhost:61668
accept: */*

Response DefaultHttpResponse(decodeResult: success, version: HTTP/1.1)
HTTP/1.1 200 OK
Content-Type: application/json; charset=utf-8
cache-control: no-cache
content-length: 88

16:36:40.595 [AsyncHttpClient-1-5] DEBUG org.asynchttpclient.netty.channel.ChannelManager - Adding key: http://localhost:61668 for channel [id: 0x1e6c91e3, L:/127.0.0.1:51297 - R:localhost/127.0.0.1:61668]
16:36:40.600 [Forwarding isElementDisplayed on session bffad2af9a327771dcd5d07451fbef16 to remote] DEBUG org.asynchttpclient.netty.request.NettyRequestSender - Using pooled Channel '[id: 0x1e6c91e3, L:/127.0.0.1:51297 - R:localhost/127.0.0.1:61668]' for 'POST' to 'http://localhost:61668/session/bffad2af9a327771dcd5d07451fbef16/execute/sync'
16:36:40.600 [Forwarding isElementDisplayed on session bffad2af9a327771dcd5d07451fbef16 to remote] DEBUG org.asynchttpclient.netty.request.NettyRequestSender - Using open Channel [id: 0x1e6c91e3, L:/127.0.0.1:51297 - R:localhost/127.0.0.1:61668] for POST '/session/bffad2af9a327771dcd5d07451fbef16/execute/sync'
16:36:40.622 [AsyncHttpClient-1-5] DEBUG org.asynchttpclient.netty.handler.HttpHandler - 

Request DefaultHttpRequest(decodeResult: success, version: HTTP/1.1)
POST /session/bffad2af9a327771dcd5d07451fbef16/execute/sync HTTP/1.1
User-Agent: selenium/4.1.2 (java windows)
Content-Length: 48780
Content-Type: application/json; charset=utf-8
host: localhost:61668
accept: */*

Response DefaultHttpResponse(decodeResult: success, version: HTTP/1.1)
HTTP/1.1 200 OK
Content-Type: application/json; charset=utf-8
cache-control: no-cache
content-length: 14

16:36:40.622 [AsyncHttpClient-1-5] DEBUG org.asynchttpclient.netty.channel.ChannelManager - Adding key: http://localhost:61668 for channel [id: 0x1e6c91e3, L:/127.0.0.1:51297 - R:localhost/127.0.0.1:61668]
16:36:40.630 [Forwarding screenshot on session bffad2af9a327771dcd5d07451fbef16 to remote] DEBUG org.asynchttpclient.netty.request.NettyRequestSender - Using pooled Channel '[id: 0x1e6c91e3, L:/127.0.0.1:51297 - R:localhost/127.0.0.1:61668]' for 'GET' to 'http://localhost:61668/session/bffad2af9a327771dcd5d07451fbef16/screenshot'
16:36:40.630 [Forwarding screenshot on session bffad2af9a327771dcd5d07451fbef16 to remote] DEBUG org.asynchttpclient.netty.request.NettyRequestSender - Using open Channel [id: 0x1e6c91e3, L:/127.0.0.1:51297 - R:localhost/127.0.0.1:61668] for GET '/session/bffad2af9a327771dcd5d07451fbef16/screenshot'
16:36:40.939 [AsyncHttpClient-1-5] DEBUG org.asynchttpclient.netty.handler.HttpHandler - 

Request DefaultFullHttpRequest(decodeResult: success, version: HTTP/1.1, content: EmptyByteBufBE)
GET /session/bffad2af9a327771dcd5d07451fbef16/screenshot HTTP/1.1
User-Agent: selenium/4.1.2 (java windows)
Cache-Control: no-cache
Content-Type: application/json; charset=utf-8
host: localhost:61668
accept: */*

Response DefaultHttpResponse(decodeResult: success, version: HTTP/1.1)
HTTP/1.1 200 OK
Content-Type: application/json; charset=utf-8
cache-control: no-cache
content-length: 382596

16:36:40.942 [AsyncHttpClient-1-5] DEBUG org.asynchttpclient.netty.channel.ChannelManager - Adding key: http://localhost:61668 for channel [id: 0x1e6c91e3, L:/127.0.0.1:51297 - R:localhost/127.0.0.1:61668]
16:36:40.990 [main] DEBUG net.serenitybdd.core.photography.Darkroom - Send negative for processing for target\site\serenity\ed15a54c91c342d96a850276df7b559f4526b370fc93040e3c407a48a170f368.png
16:36:40.990 [main] DEBUG net.thucydides.core.steps.StepInterceptor - STEP DONE: validateOnDashboardPage
  &amp#27;[32mGiven &amp#27;[0m&amp#27;[32mI am on the dashboard page&amp#27;[0m                                  &amp#27;[90m# starter.stepdefinitions.DashboardSteps.iAmOnTheDashboardPage()&amp#27;[0m
16:36:41.021 [main] DEBUG net.thucydides.core.steps.StepInterceptor - STARTING STEP: DoctorSteps.iClickMenuDoctor - clickMenuDoctorButton
16:36:41.026 [Forwarding findElement on session bffad2af9a327771dcd5d07451fbef16 to remote] DEBUG org.asynchttpclient.netty.request.NettyRequestSender - Using pooled Channel '[id: 0x1e6c91e3, L:/127.0.0.1:51297 - R:localhost/127.0.0.1:61668]' for 'POST' to 'http://localhost:61668/session/bffad2af9a327771dcd5d07451fbef16/element'
16:36:41.026 [Forwarding findElement on session bffad2af9a327771dcd5d07451fbef16 to remote] DEBUG org.asynchttpclient.netty.request.NettyRequestSender - Using open Channel [id: 0x1e6c91e3, L:/127.0.0.1:51297 - R:localhost/127.0.0.1:61668] for POST '/session/bffad2af9a327771dcd5d07451fbef16/element'
16:36:41.040 [AsyncHttpClient-1-1] DEBUG org.asynchttpclient.netty.channel.DefaultChannelPool - Entry count for : http://localhost:51298 : 1
16:36:41.046 [AsyncHttpClient-1-5] DEBUG org.asynchttpclient.netty.handler.HttpHandler - 

Request DefaultHttpRequest(decodeResult: success, version: HTTP/1.1)
POST /session/bffad2af9a327771dcd5d07451fbef16/element HTTP/1.1
User-Agent: selenium/4.1.2 (java windows)
Content-Length: 79
Content-Type: application/json; charset=utf-8
host: localhost:61668
accept: */*

Response DefaultHttpResponse(decodeResult: success, version: HTTP/1.1)
HTTP/1.1 200 OK
Content-Type: application/json; charset=utf-8
cache-control: no-cache
content-length: 88

16:36:41.046 [AsyncHttpClient-1-5] DEBUG org.asynchttpclient.netty.channel.ChannelManager - Adding key: http://localhost:61668 for channel [id: 0x1e6c91e3, L:/127.0.0.1:51297 - R:localhost/127.0.0.1:61668]
16:36:41.048 [Forwarding getElementTagName on session bffad2af9a327771dcd5d07451fbef16 to remote] DEBUG org.asynchttpclient.netty.request.NettyRequestSender - Using pooled Channel '[id: 0x1e6c91e3, L:/127.0.0.1:51297 - R:localhost/127.0.0.1:61668]' for 'GET' to 'http://localhost:61668/session/bffad2af9a327771dcd5d07451fbef16/element/9779b469-b41a-4bcc-af27-073b92506a69/name'
16:36:41.048 [Forwarding getElementTagName on session bffad2af9a327771dcd5d07451fbef16 to remote] DEBUG org.asynchttpclient.netty.request.NettyRequestSender - Using open Channel [id: 0x1e6c91e3, L:/127.0.0.1:51297 - R:localhost/127.0.0.1:61668] for GET '/session/bffad2af9a327771dcd5d07451fbef16/element/9779b469-b41a-4bcc-af27-073b92506a69/name'
16:36:41.056 [AsyncHttpClient-1-5] DEBUG org.asynchttpclient.netty.handler.HttpHandler - 

Request DefaultFullHttpRequest(decodeResult: success, version: HTTP/1.1, content: EmptyByteBufBE)
GET /session/bffad2af9a327771dcd5d07451fbef16/element/9779b469-b41a-4bcc-af27-073b92506a69/name HTTP/1.1
User-Agent: selenium/4.1.2 (java windows)
Cache-Control: no-cache
Content-Type: application/json; charset=utf-8
host: localhost:61668
accept: */*

Response DefaultHttpResponse(decodeResult: success, version: HTTP/1.1)
HTTP/1.1 200 OK
Content-Type: application/json; charset=utf-8
cache-control: no-cache
content-length: 15

16:36:41.056 [AsyncHttpClient-1-5] DEBUG org.asynchttpclient.netty.channel.ChannelManager - Adding key: http://localhost:61668 for channel [id: 0x1e6c91e3, L:/127.0.0.1:51297 - R:localhost/127.0.0.1:61668]
16:36:41.058 [Forwarding getElementTagName on session bffad2af9a327771dcd5d07451fbef16 to remote] DEBUG org.asynchttpclient.netty.request.NettyRequestSender - Using pooled Channel '[id: 0x1e6c91e3, L:/127.0.0.1:51297 - R:localhost/127.0.0.1:61668]' for 'GET' to 'http://localhost:61668/session/bffad2af9a327771dcd5d07451fbef16/element/9779b469-b41a-4bcc-af27-073b92506a69/name'
16:36:41.058 [Forwarding getElementTagName on session bffad2af9a327771dcd5d07451fbef16 to remote] DEBUG org.asynchttpclient.netty.request.NettyRequestSender - Using open Channel [id: 0x1e6c91e3, L:/127.0.0.1:51297 - R:localhost/127.0.0.1:61668] for GET '/session/bffad2af9a327771dcd5d07451fbef16/element/9779b469-b41a-4bcc-af27-073b92506a69/name'
16:36:41.064 [AsyncHttpClient-1-5] DEBUG org.asynchttpclient.netty.handler.HttpHandler - 

Request DefaultFullHttpRequest(decodeResult: success, version: HTTP/1.1, content: EmptyByteBufBE)
GET /session/bffad2af9a327771dcd5d07451fbef16/element/9779b469-b41a-4bcc-af27-073b92506a69/name HTTP/1.1
User-Agent: selenium/4.1.2 (java windows)
Cache-Control: no-cache
Content-Type: application/json; charset=utf-8
host: localhost:61668
accept: */*

Response DefaultHttpResponse(decodeResult: success, version: HTTP/1.1)
HTTP/1.1 200 OK
Content-Type: application/json; charset=utf-8
cache-control: no-cache
content-length: 15

16:36:41.064 [AsyncHttpClient-1-5] DEBUG org.asynchttpclient.netty.channel.ChannelManager - Adding key: http://localhost:61668 for channel [id: 0x1e6c91e3, L:/127.0.0.1:51297 - R:localhost/127.0.0.1:61668]
16:36:41.067 [Forwarding findElement on session bffad2af9a327771dcd5d07451fbef16 to remote] DEBUG org.asynchttpclient.netty.request.NettyRequestSender - Using pooled Channel '[id: 0x1e6c91e3, L:/127.0.0.1:51297 - R:localhost/127.0.0.1:61668]' for 'POST' to 'http://localhost:61668/session/bffad2af9a327771dcd5d07451fbef16/element'
16:36:41.067 [Forwarding findElement on session bffad2af9a327771dcd5d07451fbef16 to remote] DEBUG org.asynchttpclient.netty.request.NettyRequestSender - Using open Channel [id: 0x1e6c91e3, L:/127.0.0.1:51297 - R:localhost/127.0.0.1:61668] for POST '/session/bffad2af9a327771dcd5d07451fbef16/element'
16:36:41.078 [AsyncHttpClient-1-5] DEBUG org.asynchttpclient.netty.handler.HttpHandler - 

Request DefaultHttpRequest(decodeResult: success, version: HTTP/1.1)
POST /session/bffad2af9a327771dcd5d07451fbef16/element HTTP/1.1
User-Agent: selenium/4.1.2 (java windows)
Content-Length: 79
Content-Type: application/json; charset=utf-8
host: localhost:61668
accept: */*

Response DefaultHttpResponse(decodeResult: success, version: HTTP/1.1)
HTTP/1.1 200 OK
Content-Type: application/json; charset=utf-8
cache-control: no-cache
content-length: 88

16:36:41.078 [AsyncHttpClient-1-5] DEBUG org.asynchttpclient.netty.channel.ChannelManager - Adding key: http://localhost:61668 for channel [id: 0x1e6c91e3, L:/127.0.0.1:51297 - R:localhost/127.0.0.1:61668]
16:36:41.080 [Forwarding clickElement on session bffad2af9a327771dcd5d07451fbef16 to remote] DEBUG org.asynchttpclient.netty.request.NettyRequestSender - Using pooled Channel '[id: 0x1e6c91e3, L:/127.0.0.1:51297 - R:localhost/127.0.0.1:61668]' for 'POST' to 'http://localhost:61668/session/bffad2af9a327771dcd5d07451fbef16/element/9779b469-b41a-4bcc-af27-073b92506a69/click'
16:36:41.080 [Forwarding clickElement on session bffad2af9a327771dcd5d07451fbef16 to remote] DEBUG org.asynchttpclient.netty.request.NettyRequestSender - Using open Channel [id: 0x1e6c91e3, L:/127.0.0.1:51297 - R:localhost/127.0.0.1:61668] for POST '/session/bffad2af9a327771dcd5d07451fbef16/element/9779b469-b41a-4bcc-af27-073b92506a69/click'
16:36:41.507 [AsyncHttpClient-1-5] DEBUG org.asynchttpclient.netty.handler.HttpHandler - 

Request DefaultHttpRequest(decodeResult: success, version: HTTP/1.1)
POST /session/bffad2af9a327771dcd5d07451fbef16/element/9779b469-b41a-4bcc-af27-073b92506a69/click HTTP/1.1
User-Agent: selenium/4.1.2 (java windows)
Content-Length: 50
Content-Type: application/json; charset=utf-8
host: localhost:61668
accept: */*

Response DefaultHttpResponse(decodeResult: success, version: HTTP/1.1)
HTTP/1.1 200 OK
Content-Type: application/json; charset=utf-8
cache-control: no-cache
content-length: 14

16:36:41.507 [AsyncHttpClient-1-5] DEBUG org.asynchttpclient.netty.channel.ChannelManager - Adding key: http://localhost:61668 for channel [id: 0x1e6c91e3, L:/127.0.0.1:51297 - R:localhost/127.0.0.1:61668]
16:36:41.515 [Forwarding screenshot on session bffad2af9a327771dcd5d07451fbef16 to remote] DEBUG org.asynchttpclient.netty.request.NettyRequestSender - Using pooled Channel '[id: 0x1e6c91e3, L:/127.0.0.1:51297 - R:localhost/127.0.0.1:61668]' for 'GET' to 'http://localhost:61668/session/bffad2af9a327771dcd5d07451fbef16/screenshot'
16:36:41.515 [Forwarding screenshot on session bffad2af9a327771dcd5d07451fbef16 to remote] DEBUG org.asynchttpclient.netty.request.NettyRequestSender - Using open Channel [id: 0x1e6c91e3, L:/127.0.0.1:51297 - R:localhost/127.0.0.1:61668] for GET '/session/bffad2af9a327771dcd5d07451fbef16/screenshot'
16:36:41.683 [AsyncHttpClient-1-5] DEBUG org.asynchttpclient.netty.handler.HttpHandler - 

Request DefaultFullHttpRequest(decodeResult: success, version: HTTP/1.1, content: EmptyByteBufBE)
GET /session/bffad2af9a327771dcd5d07451fbef16/screenshot HTTP/1.1
User-Agent: selenium/4.1.2 (java windows)
Cache-Control: no-cache
Content-Type: application/json; charset=utf-8
host: localhost:61668
accept: */*

Response DefaultHttpResponse(decodeResult: success, version: HTTP/1.1)
HTTP/1.1 200 OK
Content-Type: application/json; charset=utf-8
cache-control: no-cache
content-length: 56216

16:36:41.684 [AsyncHttpClient-1-5] DEBUG org.asynchttpclient.netty.channel.ChannelManager - Adding key: http://localhost:61668 for channel [id: 0x1e6c91e3, L:/127.0.0.1:51297 - R:localhost/127.0.0.1:61668]
16:36:41.689 [main] DEBUG net.serenitybdd.core.photography.Darkroom - Send negative for processing for target\site\serenity\93bcc9a7e51fe36df2bb0ee95da8b9e15460ad67a465a8def437a77fe40a1b48.png
16:36:41.689 [main] DEBUG net.thucydides.core.steps.StepInterceptor - STEP DONE: clickMenuDoctorButton
  &amp#27;[32mAnd &amp#27;[0m&amp#27;[32mI click menu doctor&amp#27;[0m                                           &amp#27;[90m# starter.stepdefinitions.DoctorSteps.iClickMenuDoctor()&amp#27;[0m
16:36:41.730 [main] DEBUG net.thucydides.core.steps.StepInterceptor - STARTING STEP: DoctorSteps.iClickDoctorDepartmentFilterDropdown - clickFilterDropdown
16:36:41.736 [Forwarding findElement on session bffad2af9a327771dcd5d07451fbef16 to remote] DEBUG org.asynchttpclient.netty.request.NettyRequestSender - Using pooled Channel '[id: 0x1e6c91e3, L:/127.0.0.1:51297 - R:localhost/127.0.0.1:61668]' for 'POST' to 'http://localhost:61668/session/bffad2af9a327771dcd5d07451fbef16/element'
16:36:41.736 [Forwarding findElement on session bffad2af9a327771dcd5d07451fbef16 to remote] DEBUG org.asynchttpclient.netty.request.NettyRequestSender - Using open Channel [id: 0x1e6c91e3, L:/127.0.0.1:51297 - R:localhost/127.0.0.1:61668] for POST '/session/bffad2af9a327771dcd5d07451fbef16/element'
16:36:41.778 [AsyncHttpClient-1-5] DEBUG org.asynchttpclient.netty.handler.HttpHandler - 

Request DefaultHttpRequest(decodeResult: success, version: HTTP/1.1)
POST /session/bffad2af9a327771dcd5d07451fbef16/element HTTP/1.1
User-Agent: selenium/4.1.2 (java windows)
Content-Length: 146
Content-Type: application/json; charset=utf-8
host: localhost:61668
accept: */*

Response DefaultHttpResponse(decodeResult: success, version: HTTP/1.1)
HTTP/1.1 200 OK
Content-Type: application/json; charset=utf-8
cache-control: no-cache
content-length: 88

16:36:41.778 [AsyncHttpClient-1-5] DEBUG org.asynchttpclient.netty.channel.ChannelManager - Adding key: http://localhost:61668 for channel [id: 0x1e6c91e3, L:/127.0.0.1:51297 - R:localhost/127.0.0.1:61668]
16:36:41.779 [Forwarding getElementTagName on session bffad2af9a327771dcd5d07451fbef16 to remote] DEBUG org.asynchttpclient.netty.request.NettyRequestSender - Using pooled Channel '[id: 0x1e6c91e3, L:/127.0.0.1:51297 - R:localhost/127.0.0.1:61668]' for 'GET' to 'http://localhost:61668/session/bffad2af9a327771dcd5d07451fbef16/element/39fba7bd-eaec-4652-b09e-ad7c8d16343d/name'
16:36:41.779 [Forwarding getElementTagName on session bffad2af9a327771dcd5d07451fbef16 to remote] DEBUG org.asynchttpclient.netty.request.NettyRequestSender - Using open Channel [id: 0x1e6c91e3, L:/127.0.0.1:51297 - R:localhost/127.0.0.1:61668] for GET '/session/bffad2af9a327771dcd5d07451fbef16/element/39fba7bd-eaec-4652-b09e-ad7c8d16343d/name'
16:36:41.786 [AsyncHttpClient-1-5] DEBUG org.asynchttpclient.netty.handler.HttpHandler - 

Request DefaultFullHttpRequest(decodeResult: success, version: HTTP/1.1, content: EmptyByteBufBE)
GET /session/bffad2af9a327771dcd5d07451fbef16/element/39fba7bd-eaec-4652-b09e-ad7c8d16343d/name HTTP/1.1
User-Agent: selenium/4.1.2 (java windows)
Cache-Control: no-cache
Content-Type: application/json; charset=utf-8
host: localhost:61668
accept: */*

Response DefaultHttpResponse(decodeResult: success, version: HTTP/1.1)
HTTP/1.1 200 OK
Content-Type: application/json; charset=utf-8
cache-control: no-cache
content-length: 15

16:36:41.786 [AsyncHttpClient-1-5] DEBUG org.asynchttpclient.netty.channel.ChannelManager - Adding key: http://localhost:61668 for channel [id: 0x1e6c91e3, L:/127.0.0.1:51297 - R:localhost/127.0.0.1:61668]
16:36:41.788 [Forwarding getElementTagName on session bffad2af9a327771dcd5d07451fbef16 to remote] DEBUG org.asynchttpclient.netty.request.NettyRequestSender - Using pooled Channel '[id: 0x1e6c91e3, L:/127.0.0.1:51297 - R:localhost/127.0.0.1:61668]' for 'GET' to 'http://localhost:61668/session/bffad2af9a327771dcd5d07451fbef16/element/39fba7bd-eaec-4652-b09e-ad7c8d16343d/name'
16:36:41.788 [Forwarding getElementTagName on session bffad2af9a327771dcd5d07451fbef16 to remote] DEBUG org.asynchttpclient.netty.request.NettyRequestSender - Using open Channel [id: 0x1e6c91e3, L:/127.0.0.1:51297 - R:localhost/127.0.0.1:61668] for GET '/session/bffad2af9a327771dcd5d07451fbef16/element/39fba7bd-eaec-4652-b09e-ad7c8d16343d/name'
16:36:41.793 [AsyncHttpClient-1-5] DEBUG org.asynchttpclient.netty.handler.HttpHandler - 

Request DefaultFullHttpRequest(decodeResult: success, version: HTTP/1.1, content: EmptyByteBufBE)
GET /session/bffad2af9a327771dcd5d07451fbef16/element/39fba7bd-eaec-4652-b09e-ad7c8d16343d/name HTTP/1.1
User-Agent: selenium/4.1.2 (java windows)
Cache-Control: no-cache
Content-Type: application/json; charset=utf-8
host: localhost:61668
accept: */*

Response DefaultHttpResponse(decodeResult: success, version: HTTP/1.1)
HTTP/1.1 200 OK
Content-Type: application/json; charset=utf-8
cache-control: no-cache
content-length: 15

16:36:41.793 [AsyncHttpClient-1-5] DEBUG org.asynchttpclient.netty.channel.ChannelManager - Adding key: http://localhost:61668 for channel [id: 0x1e6c91e3, L:/127.0.0.1:51297 - R:localhost/127.0.0.1:61668]
16:36:41.796 [Forwarding findElement on session bffad2af9a327771dcd5d07451fbef16 to remote] DEBUG org.asynchttpclient.netty.request.NettyRequestSender - Using pooled Channel '[id: 0x1e6c91e3, L:/127.0.0.1:51297 - R:localhost/127.0.0.1:61668]' for 'POST' to 'http://localhost:61668/session/bffad2af9a327771dcd5d07451fbef16/element'
16:36:41.796 [Forwarding findElement on session bffad2af9a327771dcd5d07451fbef16 to remote] DEBUG org.asynchttpclient.netty.request.NettyRequestSender - Using open Channel [id: 0x1e6c91e3, L:/127.0.0.1:51297 - R:localhost/127.0.0.1:61668] for POST '/session/bffad2af9a327771dcd5d07451fbef16/element'
16:36:41.809 [AsyncHttpClient-1-5] DEBUG org.asynchttpclient.netty.handler.HttpHandler - 

Request DefaultHttpRequest(decodeResult: success, version: HTTP/1.1)
POST /session/bffad2af9a327771dcd5d07451fbef16/element HTTP/1.1
User-Agent: selenium/4.1.2 (java windows)
Content-Length: 146
Content-Type: application/json; charset=utf-8
host: localhost:61668
accept: */*

Response DefaultHttpResponse(decodeResult: success, version: HTTP/1.1)
HTTP/1.1 200 OK
Content-Type: application/json; charset=utf-8
cache-control: no-cache
content-length: 88

16:36:41.809 [AsyncHttpClient-1-5] DEBUG org.asynchttpclient.netty.channel.ChannelManager - Adding key: http://localhost:61668 for channel [id: 0x1e6c91e3, L:/127.0.0.1:51297 - R:localhost/127.0.0.1:61668]
16:36:41.810 [Forwarding clickElement on session bffad2af9a327771dcd5d07451fbef16 to remote] DEBUG org.asynchttpclient.netty.request.NettyRequestSender - Using pooled Channel '[id: 0x1e6c91e3, L:/127.0.0.1:51297 - R:localhost/127.0.0.1:61668]' for 'POST' to 'http://localhost:61668/session/bffad2af9a327771dcd5d07451fbef16/element/39fba7bd-eaec-4652-b09e-ad7c8d16343d/click'
16:36:41.810 [Forwarding clickElement on session bffad2af9a327771dcd5d07451fbef16 to remote] DEBUG org.asynchttpclient.netty.request.NettyRequestSender - Using open Channel [id: 0x1e6c91e3, L:/127.0.0.1:51297 - R:localhost/127.0.0.1:61668] for POST '/session/bffad2af9a327771dcd5d07451fbef16/element/39fba7bd-eaec-4652-b09e-ad7c8d16343d/click'
16:36:41.934 [AsyncHttpClient-1-5] DEBUG org.asynchttpclient.netty.handler.HttpHandler - 

Request DefaultHttpRequest(decodeResult: success, version: HTTP/1.1)
POST /session/bffad2af9a327771dcd5d07451fbef16/element/39fba7bd-eaec-4652-b09e-ad7c8d16343d/click HTTP/1.1
User-Agent: selenium/4.1.2 (java windows)
Content-Length: 50
Content-Type: application/json; charset=utf-8
host: localhost:61668
accept: */*

Response DefaultHttpResponse(decodeResult: success, version: HTTP/1.1)
HTTP/1.1 200 OK
Content-Type: application/json; charset=utf-8
cache-control: no-cache
content-length: 14

16:36:41.934 [AsyncHttpClient-1-5] DEBUG org.asynchttpclient.netty.channel.ChannelManager - Adding key: http://localhost:61668 for channel [id: 0x1e6c91e3, L:/127.0.0.1:51297 - R:localhost/127.0.0.1:61668]
16:36:41.944 [Forwarding screenshot on session bffad2af9a327771dcd5d07451fbef16 to remote] DEBUG org.asynchttpclient.netty.request.NettyRequestSender - Using pooled Channel '[id: 0x1e6c91e3, L:/127.0.0.1:51297 - R:localhost/127.0.0.1:61668]' for 'GET' to 'http://localhost:61668/session/bffad2af9a327771dcd5d07451fbef16/screenshot'
16:36:41.944 [Forwarding screenshot on session bffad2af9a327771dcd5d07451fbef16 to remote] DEBUG org.asynchttpclient.netty.request.NettyRequestSender - Using open Channel [id: 0x1e6c91e3, L:/127.0.0.1:51297 - R:localhost/127.0.0.1:61668] for GET '/session/bffad2af9a327771dcd5d07451fbef16/screenshot'
16:36:42.094 [AsyncHttpClient-1-5] DEBUG org.asynchttpclient.netty.handler.HttpHandler - 

Request DefaultFullHttpRequest(decodeResult: success, version: HTTP/1.1, content: EmptyByteBufBE)
GET /session/bffad2af9a327771dcd5d07451fbef16/screenshot HTTP/1.1
User-Agent: selenium/4.1.2 (java windows)
Cache-Control: no-cache
Content-Type: application/json; charset=utf-8
host: localhost:61668
accept: */*

Response DefaultHttpResponse(decodeResult: success, version: HTTP/1.1)
HTTP/1.1 200 OK
Content-Type: application/json; charset=utf-8
cache-control: no-cache
content-length: 109040

16:36:42.095 [AsyncHttpClient-1-5] DEBUG org.asynchttpclient.netty.channel.ChannelManager - Adding key: http://localhost:61668 for channel [id: 0x1e6c91e3, L:/127.0.0.1:51297 - R:localhost/127.0.0.1:61668]
16:36:42.103 [main] DEBUG net.serenitybdd.core.photography.Darkroom - Send negative for processing for target\site\serenity\86bc6c9572c36d585fb06ea5496c46d7dbcb8179e3862edb8ea80a50b1da3a6e.png
16:36:42.103 [main] DEBUG net.thucydides.core.steps.StepInterceptor - STEP DONE: clickFilterDropdown
  &amp#27;[32mWhen &amp#27;[0m&amp#27;[32mI click doctor department filter dropdown&amp#27;[0m                    &amp#27;[90m# starter.stepdefinitions.DoctorSteps.iClickDoctorDepartmentFilterDropdown()&amp#27;[0m
16:36:42.103 [Darkroom Processing Line] DEBUG net.serenitybdd.core.photography.DarkroomProcessingLine - Processing screenshot image in /var/screenshots/screenshot-7827751816647672805
16:36:42.103 [Darkroom Processing Line] DEBUG net.serenitybdd.core.photography.DarkroomProcessingLine - Saving screenshot to target\site\serenity\86bc6c9572c36d585fb06ea5496c46d7dbcb8179e3862edb8ea80a50b1da3a6e.png
16:36:42.127 [main] DEBUG net.thucydides.core.steps.StepInterceptor - STARTING STEP: DoctorSteps.iClickNeurologyMenu - clickNeurologyMenu
16:36:42.133 [Forwarding findElement on session bffad2af9a327771dcd5d07451fbef16 to remote] DEBUG org.asynchttpclient.netty.request.NettyRequestSender - Using pooled Channel '[id: 0x1e6c91e3, L:/127.0.0.1:51297 - R:localhost/127.0.0.1:61668]' for 'POST' to 'http://localhost:61668/session/bffad2af9a327771dcd5d07451fbef16/element'
16:36:42.133 [Forwarding findElement on session bffad2af9a327771dcd5d07451fbef16 to remote] DEBUG org.asynchttpclient.netty.request.NettyRequestSender - Using open Channel [id: 0x1e6c91e3, L:/127.0.0.1:51297 - R:localhost/127.0.0.1:61668] for POST '/session/bffad2af9a327771dcd5d07451fbef16/element'
16:36:42.140 [AsyncHttpClient-1-1] DEBUG org.asynchttpclient.netty.channel.DefaultChannelPool - Entry count for : http://localhost:51298 : 1
16:36:42.155 [AsyncHttpClient-1-5] DEBUG org.asynchttpclient.netty.handler.HttpHandler - 

Request DefaultHttpRequest(decodeResult: success, version: HTTP/1.1)
POST /session/bffad2af9a327771dcd5d07451fbef16/element HTTP/1.1
User-Agent: selenium/4.1.2 (java windows)
Content-Length: 109
Content-Type: application/json; charset=utf-8
host: localhost:61668
accept: */*

Response DefaultHttpResponse(decodeResult: success, version: HTTP/1.1)
HTTP/1.1 200 OK
Content-Type: application/json; charset=utf-8
cache-control: no-cache
content-length: 88

16:36:42.156 [AsyncHttpClient-1-5] DEBUG org.asynchttpclient.netty.channel.ChannelManager - Adding key: http://localhost:61668 for channel [id: 0x1e6c91e3, L:/127.0.0.1:51297 - R:localhost/127.0.0.1:61668]
16:36:42.157 [Forwarding getElementTagName on session bffad2af9a327771dcd5d07451fbef16 to remote] DEBUG org.asynchttpclient.netty.request.NettyRequestSender - Using pooled Channel '[id: 0x1e6c91e3, L:/127.0.0.1:51297 - R:localhost/127.0.0.1:61668]' for 'GET' to 'http://localhost:61668/session/bffad2af9a327771dcd5d07451fbef16/element/5e3d504f-24ab-4d25-9a7c-aea5a6a5b9aa/name'
16:36:42.157 [Forwarding getElementTagName on session bffad2af9a327771dcd5d07451fbef16 to remote] DEBUG org.asynchttpclient.netty.request.NettyRequestSender - Using open Channel [id: 0x1e6c91e3, L:/127.0.0.1:51297 - R:localhost/127.0.0.1:61668] for GET '/session/bffad2af9a327771dcd5d07451fbef16/element/5e3d504f-24ab-4d25-9a7c-aea5a6a5b9aa/name'
16:36:42.164 [AsyncHttpClient-1-5] DEBUG org.asynchttpclient.netty.handler.HttpHandler - 

Request DefaultFullHttpRequest(decodeResult: success, version: HTTP/1.1, content: EmptyByteBufBE)
GET /session/bffad2af9a327771dcd5d07451fbef16/element/5e3d504f-24ab-4d25-9a7c-aea5a6a5b9aa/name HTTP/1.1
User-Agent: selenium/4.1.2 (java windows)
Cache-Control: no-cache
Content-Type: application/json; charset=utf-8
host: localhost:61668
accept: */*

Response DefaultHttpResponse(decodeResult: success, version: HTTP/1.1)
HTTP/1.1 200 OK
Content-Type: application/json; charset=utf-8
cache-control: no-cache
content-length: 14

16:36:42.164 [AsyncHttpClient-1-5] DEBUG org.asynchttpclient.netty.channel.ChannelManager - Adding key: http://localhost:61668 for channel [id: 0x1e6c91e3, L:/127.0.0.1:51297 - R:localhost/127.0.0.1:61668]
16:36:42.166 [Forwarding getElementTagName on session bffad2af9a327771dcd5d07451fbef16 to remote] DEBUG org.asynchttpclient.netty.request.NettyRequestSender - Using pooled Channel '[id: 0x1e6c91e3, L:/127.0.0.1:51297 - R:localhost/127.0.0.1:61668]' for 'GET' to 'http://localhost:61668/session/bffad2af9a327771dcd5d07451fbef16/element/5e3d504f-24ab-4d25-9a7c-aea5a6a5b9aa/name'
16:36:42.166 [Forwarding getElementTagName on session bffad2af9a327771dcd5d07451fbef16 to remote] DEBUG org.asynchttpclient.netty.request.NettyRequestSender - Using open Channel [id: 0x1e6c91e3, L:/127.0.0.1:51297 - R:localhost/127.0.0.1:61668] for GET '/session/bffad2af9a327771dcd5d07451fbef16/element/5e3d504f-24ab-4d25-9a7c-aea5a6a5b9aa/name'
16:36:42.171 [AsyncHttpClient-1-5] DEBUG org.asynchttpclient.netty.handler.HttpHandler - 

Request DefaultFullHttpRequest(decodeResult: success, version: HTTP/1.1, content: EmptyByteBufBE)
GET /session/bffad2af9a327771dcd5d07451fbef16/element/5e3d504f-24ab-4d25-9a7c-aea5a6a5b9aa/name HTTP/1.1
User-Agent: selenium/4.1.2 (java windows)
Cache-Control: no-cache
Content-Type: application/json; charset=utf-8
host: localhost:61668
accept: */*

Response DefaultHttpResponse(decodeResult: success, version: HTTP/1.1)
HTTP/1.1 200 OK
Content-Type: application/json; charset=utf-8
cache-control: no-cache
content-length: 14

16:36:42.171 [AsyncHttpClient-1-5] DEBUG org.asynchttpclient.netty.channel.ChannelManager - Adding key: http://localhost:61668 for channel [id: 0x1e6c91e3, L:/127.0.0.1:51297 - R:localhost/127.0.0.1:61668]
16:36:42.174 [Forwarding findElement on session bffad2af9a327771dcd5d07451fbef16 to remote] DEBUG org.asynchttpclient.netty.request.NettyRequestSender - Using pooled Channel '[id: 0x1e6c91e3, L:/127.0.0.1:51297 - R:localhost/127.0.0.1:61668]' for 'POST' to 'http://localhost:61668/session/bffad2af9a327771dcd5d07451fbef16/element'
16:36:42.174 [Forwarding findElement on session bffad2af9a327771dcd5d07451fbef16 to remote] DEBUG org.asynchttpclient.netty.request.NettyRequestSender - Using open Channel [id: 0x1e6c91e3, L:/127.0.0.1:51297 - R:localhost/127.0.0.1:61668] for POST '/session/bffad2af9a327771dcd5d07451fbef16/element'
16:36:42.219 [AsyncHttpClient-1-5] DEBUG org.asynchttpclient.netty.handler.HttpHandler - 

Request DefaultHttpRequest(decodeResult: success, version: HTTP/1.1)
POST /session/bffad2af9a327771dcd5d07451fbef16/element HTTP/1.1
User-Agent: selenium/4.1.2 (java windows)
Content-Length: 109
Content-Type: application/json; charset=utf-8
host: localhost:61668
accept: */*

Response DefaultHttpResponse(decodeResult: success, version: HTTP/1.1)
HTTP/1.1 200 OK
Content-Type: application/json; charset=utf-8
cache-control: no-cache
content-length: 88

16:36:42.219 [AsyncHttpClient-1-5] DEBUG org.asynchttpclient.netty.channel.ChannelManager - Adding key: http://localhost:61668 for channel [id: 0x1e6c91e3, L:/127.0.0.1:51297 - R:localhost/127.0.0.1:61668]
16:36:42.220 [Forwarding clickElement on session bffad2af9a327771dcd5d07451fbef16 to remote] DEBUG org.asynchttpclient.netty.request.NettyRequestSender - Using pooled Channel '[id: 0x1e6c91e3, L:/127.0.0.1:51297 - R:localhost/127.0.0.1:61668]' for 'POST' to 'http://localhost:61668/session/bffad2af9a327771dcd5d07451fbef16/element/5e3d504f-24ab-4d25-9a7c-aea5a6a5b9aa/click'
16:36:42.220 [Forwarding clickElement on session bffad2af9a327771dcd5d07451fbef16 to remote] DEBUG org.asynchttpclient.netty.request.NettyRequestSender - Using open Channel [id: 0x1e6c91e3, L:/127.0.0.1:51297 - R:localhost/127.0.0.1:61668] for POST '/session/bffad2af9a327771dcd5d07451fbef16/element/5e3d504f-24ab-4d25-9a7c-aea5a6a5b9aa/click'
16:36:42.376 [AsyncHttpClient-1-5] DEBUG org.asynchttpclient.netty.handler.HttpHandler - 

Request DefaultHttpRequest(decodeResult: success, version: HTTP/1.1)
POST /session/bffad2af9a327771dcd5d07451fbef16/element/5e3d504f-24ab-4d25-9a7c-aea5a6a5b9aa/click HTTP/1.1
User-Agent: selenium/4.1.2 (java windows)
Content-Length: 50
Content-Type: application/json; charset=utf-8
host: localhost:61668
accept: */*

Response DefaultHttpResponse(decodeResult: success, version: HTTP/1.1)
HTTP/1.1 200 OK
Content-Type: application/json; charset=utf-8
cache-control: no-cache
content-length: 14

16:36:42.376 [AsyncHttpClient-1-5] DEBUG org.asynchttpclient.netty.channel.ChannelManager - Adding key: http://localhost:61668 for channel [id: 0x1e6c91e3, L:/127.0.0.1:51297 - R:localhost/127.0.0.1:61668]
16:36:42.389 [Forwarding screenshot on session bffad2af9a327771dcd5d07451fbef16 to remote] DEBUG org.asynchttpclient.netty.request.NettyRequestSender - Using pooled Channel '[id: 0x1e6c91e3, L:/127.0.0.1:51297 - R:localhost/127.0.0.1:61668]' for 'GET' to 'http://localhost:61668/session/bffad2af9a327771dcd5d07451fbef16/screenshot'
16:36:42.389 [Forwarding screenshot on session bffad2af9a327771dcd5d07451fbef16 to remote] DEBUG org.asynchttpclient.netty.request.NettyRequestSender - Using open Channel [id: 0x1e6c91e3, L:/127.0.0.1:51297 - R:localhost/127.0.0.1:61668] for GET '/session/bffad2af9a327771dcd5d07451fbef16/screenshot'
16:36:42.542 [AsyncHttpClient-1-5] DEBUG org.asynchttpclient.netty.handler.HttpHandler - 

Request DefaultFullHttpRequest(decodeResult: success, version: HTTP/1.1, content: EmptyByteBufBE)
GET /session/bffad2af9a327771dcd5d07451fbef16/screenshot HTTP/1.1
User-Agent: selenium/4.1.2 (java windows)
Cache-Control: no-cache
Content-Type: application/json; charset=utf-8
host: localhost:61668
accept: */*

Response DefaultHttpResponse(decodeResult: success, version: HTTP/1.1)
HTTP/1.1 200 OK
Content-Type: application/json; charset=utf-8
cache-control: no-cache
content-length: 91104

16:36:42.543 [AsyncHttpClient-1-5] DEBUG org.asynchttpclient.netty.channel.ChannelManager - Adding key: http://localhost:61668 for channel [id: 0x1e6c91e3, L:/127.0.0.1:51297 - R:localhost/127.0.0.1:61668]
16:36:42.547 [main] DEBUG net.serenitybdd.core.photography.Darkroom - Send negative for processing for target\site\serenity\3594b55c400166dfed87dcde64ad2a26f49643323e25cdc9c810aed9ca1cff7b.png
16:36:42.547 [main] DEBUG net.thucydides.core.steps.StepInterceptor - STEP DONE: clickNeurologyMenu
  &amp#27;[32mAnd &amp#27;[0m&amp#27;[32mI click neurology menu&amp#27;[0m                                        &amp#27;[90m# starter.stepdefinitions.DoctorSteps.iClickNeurologyMenu()&amp#27;[0m
16:36:42.548 [Darkroom Processing Line] DEBUG net.serenitybdd.core.photography.DarkroomProcessingLine - Processing screenshot image in /var/screenshots/screenshot-12134195383777772320
16:36:42.548 [Darkroom Processing Line] DEBUG net.serenitybdd.core.photography.DarkroomProcessingLine - Saving screenshot to target\site\serenity\3594b55c400166dfed87dcde64ad2a26f49643323e25cdc9c810aed9ca1cff7b.png
16:36:42.563 [main] DEBUG net.thucydides.core.steps.StepInterceptor - STARTING STEP: DoctorSteps.iValidateDoctorListOnlyShowNeurologyDepartmentDoctor - validateNeurologyDoctor
16:36:42.565 [Forwarding findElement on session bffad2af9a327771dcd5d07451fbef16 to remote] DEBUG org.asynchttpclient.netty.request.NettyRequestSender - Using pooled Channel '[id: 0x1e6c91e3, L:/127.0.0.1:51297 - R:localhost/127.0.0.1:61668]' for 'POST' to 'http://localhost:61668/session/bffad2af9a327771dcd5d07451fbef16/element'
16:36:42.565 [Forwarding findElement on session bffad2af9a327771dcd5d07451fbef16 to remote] DEBUG org.asynchttpclient.netty.request.NettyRequestSender - Using open Channel [id: 0x1e6c91e3, L:/127.0.0.1:51297 - R:localhost/127.0.0.1:61668] for POST '/session/bffad2af9a327771dcd5d07451fbef16/element'
16:36:43.061 [AsyncHttpClient-1-5] DEBUG org.asynchttpclient.netty.handler.HttpHandler - 

Request DefaultHttpRequest(decodeResult: success, version: HTTP/1.1)
POST /session/bffad2af9a327771dcd5d07451fbef16/element HTTP/1.1
User-Agent: selenium/4.1.2 (java windows)
Content-Length: 81
Content-Type: application/json; charset=utf-8
host: localhost:61668
accept: */*

Response DefaultHttpResponse(decodeResult: success, version: HTTP/1.1)
HTTP/1.1 200 OK
Content-Type: application/json; charset=utf-8
cache-control: no-cache
content-length: 88

16:36:43.061 [AsyncHttpClient-1-5] DEBUG org.asynchttpclient.netty.channel.ChannelManager - Adding key: http://localhost:61668 for channel [id: 0x1e6c91e3, L:/127.0.0.1:51297 - R:localhost/127.0.0.1:61668]
16:36:43.067 [Forwarding isElementDisplayed on session bffad2af9a327771dcd5d07451fbef16 to remote] DEBUG org.asynchttpclient.netty.request.NettyRequestSender - Using pooled Channel '[id: 0x1e6c91e3, L:/127.0.0.1:51297 - R:localhost/127.0.0.1:61668]' for 'POST' to 'http://localhost:61668/session/bffad2af9a327771dcd5d07451fbef16/execute/sync'
16:36:43.067 [Forwarding isElementDisplayed on session bffad2af9a327771dcd5d07451fbef16 to remote] DEBUG org.asynchttpclient.netty.request.NettyRequestSender - Using open Channel [id: 0x1e6c91e3, L:/127.0.0.1:51297 - R:localhost/127.0.0.1:61668] for POST '/session/bffad2af9a327771dcd5d07451fbef16/execute/sync'
16:36:43.092 [AsyncHttpClient-1-5] DEBUG org.asynchttpclient.netty.handler.HttpHandler - 

Request DefaultHttpRequest(decodeResult: success, version: HTTP/1.1)
POST /session/bffad2af9a327771dcd5d07451fbef16/execute/sync HTTP/1.1
User-Agent: selenium/4.1.2 (java windows)
Content-Length: 48780
Content-Type: application/json; charset=utf-8
host: localhost:61668
accept: */*

Response DefaultHttpResponse(decodeResult: success, version: HTTP/1.1)
HTTP/1.1 200 OK
Content-Type: application/json; charset=utf-8
cache-control: no-cache
content-length: 14

16:36:43.092 [AsyncHttpClient-1-5] DEBUG org.asynchttpclient.netty.channel.ChannelManager - Adding key: http://localhost:61668 for channel [id: 0x1e6c91e3, L:/127.0.0.1:51297 - R:localhost/127.0.0.1:61668]
16:36:43.100 [Forwarding screenshot on session bffad2af9a327771dcd5d07451fbef16 to remote] DEBUG org.asynchttpclient.netty.request.NettyRequestSender - Using pooled Channel '[id: 0x1e6c91e3, L:/127.0.0.1:51297 - R:localhost/127.0.0.1:61668]' for 'GET' to 'http://localhost:61668/session/bffad2af9a327771dcd5d07451fbef16/screenshot'
16:36:43.100 [Forwarding screenshot on session bffad2af9a327771dcd5d07451fbef16 to remote] DEBUG org.asynchttpclient.netty.request.NettyRequestSender - Using open Channel [id: 0x1e6c91e3, L:/127.0.0.1:51297 - R:localhost/127.0.0.1:61668] for GET '/session/bffad2af9a327771dcd5d07451fbef16/screenshot'
16:36:43.238 [AsyncHttpClient-1-1] DEBUG org.asynchttpclient.netty.channel.DefaultChannelPool - Entry count for : http://localhost:51298 : 1
16:36:43.250 [AsyncHttpClient-1-5] DEBUG org.asynchttpclient.netty.handler.HttpHandler - 

Request DefaultFullHttpRequest(decodeResult: success, version: HTTP/1.1, content: EmptyByteBufBE)
GET /session/bffad2af9a327771dcd5d07451fbef16/screenshot HTTP/1.1
User-Agent: selenium/4.1.2 (java windows)
Cache-Control: no-cache
Content-Type: application/json; charset=utf-8
host: localhost:61668
accept: */*

Response DefaultHttpResponse(decodeResult: success, version: HTTP/1.1)
HTTP/1.1 200 OK
Content-Type: application/json; charset=utf-8
cache-control: no-cache
content-length: 72616

16:36:43.250 [AsyncHttpClient-1-5] DEBUG org.asynchttpclient.netty.channel.ChannelManager - Adding key: http://localhost:61668 for channel [id: 0x1e6c91e3, L:/127.0.0.1:51297 - R:localhost/127.0.0.1:61668]
16:36:43.255 [main] DEBUG net.serenitybdd.core.photography.Darkroom - Send negative for processing for target\site\serenity\be176c4e8be9a2e21af195e53b32cbdaa690d13e4cebd32b667ba25409a1df20.png
16:36:43.255 [main] DEBUG net.thucydides.core.steps.StepInterceptor - STEP DONE: validateNeurologyDoctor
  &amp#27;[32mThen &amp#27;[0m&amp#27;[32mI validate doctor list only show neurology department doctor&amp#27;[0m &amp#27;[90m# starter.stepdefinitions.DoctorSteps.iValidateDoctorListOnlyShowNeurologyDepartmentDoctor()&amp#27;[0m
16:36:43.256 [Darkroom Processing Line] DEBUG net.serenitybdd.core.photography.DarkroomProcessingLine - Processing screenshot image in /var/screenshots/screenshot-1255160447611508043
16:36:43.256 [Darkroom Processing Line] DEBUG net.serenitybdd.core.photography.DarkroomProcessingLine - Saving screenshot to target\site\serenity\be176c4e8be9a2e21af195e53b32cbdaa690d13e4cebd32b667ba25409a1df20.png
16:36:43.264 [main] INFO  - 
  _____   ___   ___   _____     ___     _     ___   ___   ___   ___  
 |_   _| | __| / __| |_   _|   | _ \   /_\   / __| / __| | __| |   \ 
   | |   | _|  \__ \   | |     |  _/  / _ \  \__ \ \__ \ | _|  | |) |
   |_|   |___| |___/   |_|     |_|   /_/ \_\ |___/ |___/ |___| |___/ 

Filter Doctor Neurology Scenario
----------------------------------------------------------------------
16:36:43.266 [AsyncHttpClient-1-7] DEBUG org.asynchttpclient.netty.handler.WebSocketHandler - Channel Closed: [id: 0xb1735690, L:/127.0.0.1:51304 ! R:localhost/127.0.0.1:51298] with attribute NettyResponseFuture{currentRetry=5,
	isDone=1,
	isCancelled=0,
	asyncHandler=org.asynchttpclient.ws.WebSocketUpgradeHandler@1595a400,
	nettyRequest=org.asynchttpclient.netty.request.NettyRequest@3b8f9912,
	future=java.util.concurrent.CompletableFuture@4b2827ed[Completed normally],
	uri=ws://localhost:51298/devtools/browser/2fee572c-161a-4681-8c32-c33f9a84fdb4,
	keepAlive=true,
	redirectCount=0,
	timeoutsHolder=null,
	inAuth=0,
	touch=1655717796670}
16:36:43.266 [AsyncHttpClient-1-7] DEBUG org.asynchttpclient.netty.channel.ChannelManager - Closing Channel [id: 0xb1735690, L:/127.0.0.1:51304 ! R:localhost/127.0.0.1:51298] 
16:36:43.266 [Driver Command Executor] DEBUG org.asynchttpclient.netty.request.NettyRequestSender - Using pooled Channel '[id: 0x1e6c91e3, L:/127.0.0.1:51297 - R:localhost/127.0.0.1:61668]' for 'DELETE' to 'http://localhost:61668/session/bffad2af9a327771dcd5d07451fbef16'
16:36:43.266 [Driver Command Executor] DEBUG org.asynchttpclient.netty.request.NettyRequestSender - Using open Channel [id: 0x1e6c91e3, L:/127.0.0.1:51297 - R:localhost/127.0.0.1:61668] for DELETE '/session/bffad2af9a327771dcd5d07451fbef16'
16:36:43.411 [AsyncHttpClient-1-6] DEBUG org.asynchttpclient.netty.handler.HttpHandler - Unexpected I/O exception on channel [id: 0xe182467c, L:/127.0.0.1:51303 - R:localhost/127.0.0.1:51298]
java.net.SocketException: Connection reset
	at java.base/sun.nio.ch.SocketChannelImpl.throwConnectionReset(SocketChannelImpl.java:367)
	at java.base/sun.nio.ch.SocketChannelImpl.read(SocketChannelImpl.java:398)
	at io.netty.buffer.PooledByteBuf.setBytes(PooledByteBuf.java:258)
	at io.netty.buffer.AbstractByteBuf.writeBytes(AbstractByteBuf.java:1132)
	at io.netty.channel.socket.nio.NioSocketChannel.doReadBytes(NioSocketChannel.java:350)
	at io.netty.channel.nio.AbstractNioByteChannel$NioByteUnsafe.read(AbstractNioByteChannel.java:151)
	at io.netty.channel.nio.NioEventLoop.processSelectedKey(NioEventLoop.java:722)
	at io.netty.channel.nio.NioEventLoop.processSelectedKeysOptimized(NioEventLoop.java:658)
	at io.netty.channel.nio.NioEventLoop.processSelectedKeys(NioEventLoop.java:584)
	at io.netty.channel.nio.NioEventLoop.run(NioEventLoop.java:496)
	at io.netty.util.concurrent.SingleThreadEventExecutor$4.run(SingleThreadEventExecutor.java:986)
	at io.netty.util.internal.ThreadExecutorMap$2.run(ThreadExecutorMap.java:74)
	at io.netty.util.concurrent.FastThreadLocalRunnable.run(FastThreadLocalRunnable.java:30)
	at java.base/java.lang.Thread.run(Thread.java:832)
16:36:43.411 [AsyncHttpClient-1-6] DEBUG org.asynchttpclient.netty.channel.ChannelManager - Closing Channel [id: 0xe182467c, L:/127.0.0.1:51303 - R:localhost/127.0.0.1:51298] 
16:36:43.411 [AsyncHttpClient-1-6] DEBUG org.asynchttpclient.netty.handler.HttpHandler - Channel Closed: [id: 0xe182467c, L:/127.0.0.1:51303 ! R:localhost/127.0.0.1:51298] with attribute DISCARD
16:36:43.438 [AsyncHttpClient-1-5] DEBUG org.asynchttpclient.netty.handler.HttpHandler - 

Request DefaultFullHttpRequest(decodeResult: success, version: HTTP/1.1, content: EmptyByteBufBE)
DELETE /session/bffad2af9a327771dcd5d07451fbef16 HTTP/1.1
User-Agent: selenium/4.1.2 (java windows)
Content-Type: application/json; charset=utf-8
host: localhost:61668
accept: */*

Response DefaultHttpResponse(decodeResult: success, version: HTTP/1.1)
HTTP/1.1 200 OK
Content-Type: application/json; charset=utf-8
cache-control: no-cache
content-length: 14

16:36:43.439 [AsyncHttpClient-1-5] DEBUG org.asynchttpclient.netty.channel.ChannelManager - Adding key: http://localhost:61668 for channel [id: 0x1e6c91e3, L:/127.0.0.1:51297 - R:localhost/127.0.0.1:61668]
16:36:43.736 [AsyncHttpClient-1-5] DEBUG org.asynchttpclient.netty.handler.HttpHandler - Channel Closed: [id: 0x1e6c91e3, L:/127.0.0.1:51297 ! R:localhost/127.0.0.1:61668] with attribute DISCARD
]]></system-out>
    <system-err><![CDATA[Starting ChromeDriver 102.0.5005.61 (0e59bcc00cc4985ce39ad31c150065f159d95ad3-refs/branch-heads/5005@{#819}) on port 61668
Only local connections are allowed.
Please see https://chromedriver.chromium.org/security-considerations for suggestions on keeping ChromeDriver safe.
ChromeDriver was started successfully.
Jun 20, 2022 4:36:36 PM org.openqa.selenium.remote.ProtocolHandshake createSession
INFO: Detected dialect: W3C
Jun 20, 2022 4:36:36 PM org.openqa.selenium.devtools.CdpVersionFinder findNearestMatch
WARNING: Unable to find an exact match for CDP version 102, so returning the closest version found: a no-op implementation
Jun 20, 2022 4:36:36 PM org.openqa.selenium.devtools.CdpVersionFinder findNearestMatch
INFO: Unable to find CDP implementation matching 102.
Jun 20, 2022 4:36:36 PM org.openqa.selenium.chromium.ChromiumDriver lambda$new$3
WARNING: Unable to find version of CDP to use for . You may need to include a dependency on a specific version of the CDP using something similar to `org.seleniumhq.selenium:selenium-devtools-v86:4.1.2` where the version ("v86") matches the version of the chromium-based browser you're using and the version number of the artifact is the same as Selenium's.
]]></system-err>
  </testcase>
  <testcase name="Filter Doctor Cardiology Scenario" classname="Doctor" time="9.621">
    <system-out><![CDATA[
@Doctor @FilterDoctorCardiology
Scenario: Filter Doctor Cardiology Scenario                          &amp#27;[90m# src/test/resources/features/3.Doctor.feature:98&amp#27;[0m
16:36:44.359 [main] INFO io.cucumber.core.plugin.SerenityReporter - Running feature from file:///E:/My%20Documents/File%20Difa/TI%20Semester%206%20Kampus%20Merdeka%20Alterra/Tugas/CAPSTONE%20Project/Capstone-Project-Website/src/test/resources/features/3.Doctor.feature
16:36:44.365 [main] INFO  - 
  _____   ___   ___   _____     ___   _____     _     ___   _____   ___   ___  
 |_   _| | __| / __| |_   _|   / __| |_   _|   /_\   | _ \ |_   _| | __| |   \ 
   | |   | _|  \__ \   | |     \__ \   | |    / _ \  |   /   | |   | _|  | |) |
   |_|   |___| |___/   |_|     |___/   |_|   /_/ \_\ |_|_\   |_|   |___| |___/ 

Filter Doctor Cardiology Scenario(doctor;filter-doctor-cardiology-scenario)
--------------------------------------------------------------------------------
16:36:44.365 [AsyncHttpClient-1-1] DEBUG org.asynchttpclient.netty.channel.DefaultChannelPool - Entry count for : http://localhost:51298 : 1
16:36:44.365 [AsyncHttpClient-1-1] DEBUG org.asynchttpclient.netty.channel.DefaultChannelPool - Entry count for : http://localhost:61668 : 1
16:36:44.365 [AsyncHttpClient-1-1] DEBUG org.asynchttpclient.netty.channel.DefaultChannelPool - Adding Candidate expired Channel [id: 0xe182467c, L:/127.0.0.1:51303 ! R:localhost/127.0.0.1:51298] isIdleTimeoutExpired=false isRemotelyClosed=true isTtlExpired=false
16:36:44.365 [AsyncHttpClient-1-1] DEBUG org.asynchttpclient.netty.channel.DefaultChannelPool - Closing Idle Channel [id: 0xe182467c, L:/127.0.0.1:51303 ! R:localhost/127.0.0.1:51298]
16:36:44.365 [AsyncHttpClient-1-1] DEBUG org.asynchttpclient.netty.channel.DefaultChannelPool - Adding Candidate expired Channel [id: 0x1e6c91e3, L:/127.0.0.1:51297 ! R:localhost/127.0.0.1:61668] isIdleTimeoutExpired=false isRemotelyClosed=true isTtlExpired=false
16:36:44.365 [AsyncHttpClient-1-1] DEBUG org.asynchttpclient.netty.channel.DefaultChannelPool - Closing Idle Channel [id: 0x1e6c91e3, L:/127.0.0.1:51297 ! R:localhost/127.0.0.1:61668]
16:36:44.365 [AsyncHttpClient-1-1] DEBUG org.asynchttpclient.netty.channel.DefaultChannelPool - Closed 2 connections out of 2 in 0 ms
16:36:44.426 [main] DEBUG net.thucydides.core.steps.StepInterceptor - STARTING STEP: DashboardSteps.iAmOnTheDashboardPage - openUrl
16:36:44.429 [main] INFO net.serenitybdd.core.webdriver.driverproviders.ChromeDriverProvider - Using automatically driver download
16:36:44.816 [main] DEBUG io.github.bonigarcia.wdm.cache.ResolutionCache - Resolution chrome=102 in cache (valid until 16:47:55 20/06/2022 ICT)
16:36:44.819 [main] DEBUG io.github.bonigarcia.wdm.cache.ResolutionCache - Resolution chrome102=102.0.5005.61 in cache (valid until 09:12:44 21/06/2022 ICT)
16:36:44.821 [main] INFO io.github.bonigarcia.wdm.WebDriverManager - Using chromedriver 102.0.5005.61 (resolved driver for Chrome 102)
16:36:44.831 [main] DEBUG io.github.bonigarcia.wdm.WebDriverManager - Driver chromedriver 102.0.5005.61 found in cache
16:36:44.831 [main] INFO io.github.bonigarcia.wdm.WebDriverManager - Exporting webdriver.chrome.driver as C:\Users\USER\.cache\selenium\chromedriver\win32\102.0.5005.61\chromedriver.exe
16:36:45.011 [main] DEBUG net.serenitybdd.core.webdriver.driverproviders.ProvideNewDriver - Instantiating driver
16:36:45.011 [main] DEBUG net.serenitybdd.core.webdriver.driverproviders.ProvideNewDriver - Driver capabilities: Capabilities {acceptInsecureCerts: false, base.url: https://hospital-management..., browserName: chrome, chrome.driver: src/test/resources/webdrive..., driver: chrome, goog:chromeOptions: {args: [], extensions: []}}
16:36:45.541 [AsyncHttpClient-1-8] DEBUG org.asynchttpclient.netty.channel.NettyConnectListener - Using new Channel '[id: 0x7e6712e2, L:/127.0.0.1:51318 - R:localhost/127.0.0.1:53172]' for 'POST' to '/session'
16:36:46.749 [AsyncHttpClient-1-8] DEBUG org.asynchttpclient.netty.handler.HttpHandler - 

Request DefaultHttpRequest(decodeResult: success, version: HTTP/1.1)
POST /session HTTP/1.1
User-Agent: selenium/4.1.2 (java windows)
Content-Length: 621
Content-Type: application/json; charset=utf-8
host: localhost:53172
accept: */*

Response DefaultHttpResponse(decodeResult: success, version: HTTP/1.1)
HTTP/1.1 200 OK
Content-Type: application/json; charset=utf-8
cache-control: no-cache
content-length: 789

16:36:46.749 [AsyncHttpClient-1-8] DEBUG org.asynchttpclient.netty.channel.ChannelManager - Adding key: http://localhost:53172 for channel [id: 0x7e6712e2, L:/127.0.0.1:51318 - R:localhost/127.0.0.1:53172]
16:36:46.764 [AsyncHttpClient-1-9] DEBUG org.asynchttpclient.netty.channel.NettyConnectListener - Using new Channel '[id: 0xbbff4f53, L:/127.0.0.1:51325 - R:localhost/127.0.0.1:51319]' for 'GET' to '/json/version'
16:36:46.765 [AsyncHttpClient-1-9] DEBUG org.asynchttpclient.netty.handler.HttpHandler - 

Request DefaultFullHttpRequest(decodeResult: success, version: HTTP/1.1, content: EmptyByteBufBE)
GET /json/version HTTP/1.1
User-Agent: selenium/4.1.2 (java windows)
host: localhost:51319
accept: */*

Response DefaultHttpResponse(decodeResult: success, version: HTTP/1.1)
HTTP/1.1 200 OK
Content-Type: application/json; charset=UTF-8
content-length: 427

16:36:46.765 [AsyncHttpClient-1-9] DEBUG org.asynchttpclient.netty.channel.ChannelManager - Adding key: http://localhost:51319 for channel [id: 0xbbff4f53, L:/127.0.0.1:51325 - R:localhost/127.0.0.1:51319]
16:36:46.798 [AsyncHttpClient-1-2] DEBUG org.asynchttpclient.netty.channel.NettyConnectListener - Using new Channel '[id: 0x7e48a5dc, L:/127.0.0.1:51326 - R:localhost/127.0.0.1:51319]' for 'GET' to '/devtools/browser/d7999f96-436a-4327-897b-c38feda5754c'
16:36:46.800 [AsyncHttpClient-1-2] DEBUG org.asynchttpclient.netty.handler.WebSocketHandler - 

Request DefaultFullHttpRequest(decodeResult: success, version: HTTP/1.1, content: EmptyByteBufBE)
GET /devtools/browser/d7999f96-436a-4327-897b-c38feda5754c HTTP/1.1
upgrade: websocket
connection: upgrade
sec-websocket-key: SyjBRJVBx3b3wZKQ4jSkzg==
sec-websocket-version: 13
origin: http://localhost:51319
host: localhost:51319
accept: */*
user-agent: AHC/2.1

Response DefaultHttpResponse(decodeResult: success, version: HTTP/1.1)
HTTP/1.1 101 WebSocket Protocol Handshake
Upgrade: WebSocket
Connection: Upgrade
Sec-WebSocket-Accept: 3o6oAd2g0ZZG4mtsQ21/os/Q0PA=

16:36:46.804 [Forwarding maximizeCurrentWindow on session 20496915c8486378a4dc76da0a63094b to remote] DEBUG org.asynchttpclient.netty.request.NettyRequestSender - Using pooled Channel '[id: 0x7e6712e2, L:/127.0.0.1:51318 - R:localhost/127.0.0.1:53172]' for 'POST' to 'http://localhost:53172/session/20496915c8486378a4dc76da0a63094b/window/maximize'
16:36:46.804 [Forwarding maximizeCurrentWindow on session 20496915c8486378a4dc76da0a63094b to remote] DEBUG org.asynchttpclient.netty.request.NettyRequestSender - Using open Channel [id: 0x7e6712e2, L:/127.0.0.1:51318 - R:localhost/127.0.0.1:53172] for POST '/session/20496915c8486378a4dc76da0a63094b/window/maximize'
16:36:46.924 [AsyncHttpClient-1-8] DEBUG org.asynchttpclient.netty.handler.HttpHandler - 

Request DefaultHttpRequest(decodeResult: success, version: HTTP/1.1)
POST /session/20496915c8486378a4dc76da0a63094b/window/maximize HTTP/1.1
User-Agent: selenium/4.1.2 (java windows)
Content-Length: 3
Content-Type: application/json; charset=utf-8
host: localhost:53172
accept: */*

Response DefaultHttpResponse(decodeResult: success, version: HTTP/1.1)
HTTP/1.1 200 OK
Content-Type: application/json; charset=utf-8
cache-control: no-cache
content-length: 51

16:36:46.924 [AsyncHttpClient-1-8] DEBUG org.asynchttpclient.netty.channel.ChannelManager - Adding key: http://localhost:53172 for channel [id: 0x7e6712e2, L:/127.0.0.1:51318 - R:localhost/127.0.0.1:53172]
16:36:46.926 [Forwarding get on session 20496915c8486378a4dc76da0a63094b to remote] DEBUG org.asynchttpclient.netty.request.NettyRequestSender - Using pooled Channel '[id: 0x7e6712e2, L:/127.0.0.1:51318 - R:localhost/127.0.0.1:53172]' for 'POST' to 'http://localhost:53172/session/20496915c8486378a4dc76da0a63094b/url'
16:36:46.926 [Forwarding get on session 20496915c8486378a4dc76da0a63094b to remote] DEBUG org.asynchttpclient.netty.request.NettyRequestSender - Using open Channel [id: 0x7e6712e2, L:/127.0.0.1:51318 - R:localhost/127.0.0.1:53172] for POST '/session/20496915c8486378a4dc76da0a63094b/url'
16:36:47.637 [AsyncHttpClient-1-1] DEBUG org.asynchttpclient.netty.channel.DefaultChannelPool - Entry count for : http://localhost:51319 : 1
16:36:48.765 [AsyncHttpClient-1-1] DEBUG org.asynchttpclient.netty.channel.DefaultChannelPool - Entry count for : http://localhost:51319 : 1
16:36:49.676 [AsyncHttpClient-1-8] DEBUG org.asynchttpclient.netty.handler.HttpHandler - 

Request DefaultHttpRequest(decodeResult: success, version: HTTP/1.1)
POST /session/20496915c8486378a4dc76da0a63094b/url HTTP/1.1
User-Agent: selenium/4.1.2 (java windows)
Content-Length: 65
Content-Type: application/json; charset=utf-8
host: localhost:53172
accept: */*

Response DefaultHttpResponse(decodeResult: success, version: HTTP/1.1)
HTTP/1.1 200 OK
Content-Type: application/json; charset=utf-8
cache-control: no-cache
content-length: 14

16:36:49.677 [AsyncHttpClient-1-8] DEBUG org.asynchttpclient.netty.channel.ChannelManager - Adding key: http://localhost:53172 for channel [id: 0x7e6712e2, L:/127.0.0.1:51318 - R:localhost/127.0.0.1:53172]
16:36:49.679 [Forwarding setTimeout on session 20496915c8486378a4dc76da0a63094b to remote] DEBUG org.asynchttpclient.netty.request.NettyRequestSender - Using pooled Channel '[id: 0x7e6712e2, L:/127.0.0.1:51318 - R:localhost/127.0.0.1:53172]' for 'POST' to 'http://localhost:53172/session/20496915c8486378a4dc76da0a63094b/timeouts'
16:36:49.679 [Forwarding setTimeout on session 20496915c8486378a4dc76da0a63094b to remote] DEBUG org.asynchttpclient.netty.request.NettyRequestSender - Using open Channel [id: 0x7e6712e2, L:/127.0.0.1:51318 - R:localhost/127.0.0.1:53172] for POST '/session/20496915c8486378a4dc76da0a63094b/timeouts'
16:36:49.681 [AsyncHttpClient-1-8] DEBUG org.asynchttpclient.netty.handler.HttpHandler - 

Request DefaultHttpRequest(decodeResult: success, version: HTTP/1.1)
POST /session/20496915c8486378a4dc76da0a63094b/timeouts HTTP/1.1
User-Agent: selenium/4.1.2 (java windows)
Content-Length: 22
Content-Type: application/json; charset=utf-8
host: localhost:53172
accept: */*

Response DefaultHttpResponse(decodeResult: success, version: HTTP/1.1)
HTTP/1.1 200 OK
Content-Type: application/json; charset=utf-8
cache-control: no-cache
content-length: 14

16:36:49.681 [AsyncHttpClient-1-8] DEBUG org.asynchttpclient.netty.channel.ChannelManager - Adding key: http://localhost:53172 for channel [id: 0x7e6712e2, L:/127.0.0.1:51318 - R:localhost/127.0.0.1:53172]
16:36:49.687 [Forwarding getCurrentUrl on session 20496915c8486378a4dc76da0a63094b to remote] DEBUG org.asynchttpclient.netty.request.NettyRequestSender - Using pooled Channel '[id: 0x7e6712e2, L:/127.0.0.1:51318 - R:localhost/127.0.0.1:53172]' for 'GET' to 'http://localhost:53172/session/20496915c8486378a4dc76da0a63094b/url'
16:36:49.687 [Forwarding getCurrentUrl on session 20496915c8486378a4dc76da0a63094b to remote] DEBUG org.asynchttpclient.netty.request.NettyRequestSender - Using open Channel [id: 0x7e6712e2, L:/127.0.0.1:51318 - R:localhost/127.0.0.1:53172] for GET '/session/20496915c8486378a4dc76da0a63094b/url'
16:36:49.698 [AsyncHttpClient-1-8] DEBUG org.asynchttpclient.netty.handler.HttpHandler - 

Request DefaultFullHttpRequest(decodeResult: success, version: HTTP/1.1, content: EmptyByteBufBE)
GET /session/20496915c8486378a4dc76da0a63094b/url HTTP/1.1
User-Agent: selenium/4.1.2 (java windows)
Cache-Control: no-cache
Content-Type: application/json; charset=utf-8
host: localhost:53172
accept: */*

Response DefaultHttpResponse(decodeResult: success, version: HTTP/1.1)
HTTP/1.1 200 OK
Content-Type: application/json; charset=utf-8
cache-control: no-cache
content-length: 53

16:36:49.698 [AsyncHttpClient-1-8] DEBUG org.asynchttpclient.netty.channel.ChannelManager - Adding key: http://localhost:53172 for channel [id: 0x7e6712e2, L:/127.0.0.1:51318 - R:localhost/127.0.0.1:53172]
16:36:49.703 [Forwarding getCurrentUrl on session 20496915c8486378a4dc76da0a63094b to remote] DEBUG org.asynchttpclient.netty.request.NettyRequestSender - Using pooled Channel '[id: 0x7e6712e2, L:/127.0.0.1:51318 - R:localhost/127.0.0.1:53172]' for 'GET' to 'http://localhost:53172/session/20496915c8486378a4dc76da0a63094b/url'
16:36:49.703 [Forwarding getCurrentUrl on session 20496915c8486378a4dc76da0a63094b to remote] DEBUG org.asynchttpclient.netty.request.NettyRequestSender - Using open Channel [id: 0x7e6712e2, L:/127.0.0.1:51318 - R:localhost/127.0.0.1:53172] for GET '/session/20496915c8486378a4dc76da0a63094b/url'
16:36:49.708 [AsyncHttpClient-1-8] DEBUG org.asynchttpclient.netty.handler.HttpHandler - 

Request DefaultFullHttpRequest(decodeResult: success, version: HTTP/1.1, content: EmptyByteBufBE)
GET /session/20496915c8486378a4dc76da0a63094b/url HTTP/1.1
User-Agent: selenium/4.1.2 (java windows)
Cache-Control: no-cache
Content-Type: application/json; charset=utf-8
host: localhost:53172
accept: */*

Response DefaultHttpResponse(decodeResult: success, version: HTTP/1.1)
HTTP/1.1 200 OK
Content-Type: application/json; charset=utf-8
cache-control: no-cache
content-length: 53

16:36:49.708 [AsyncHttpClient-1-8] DEBUG org.asynchttpclient.netty.channel.ChannelManager - Adding key: http://localhost:53172 for channel [id: 0x7e6712e2, L:/127.0.0.1:51318 - R:localhost/127.0.0.1:53172]
16:36:49.718 [Forwarding screenshot on session 20496915c8486378a4dc76da0a63094b to remote] DEBUG org.asynchttpclient.netty.request.NettyRequestSender - Using pooled Channel '[id: 0x7e6712e2, L:/127.0.0.1:51318 - R:localhost/127.0.0.1:53172]' for 'GET' to 'http://localhost:53172/session/20496915c8486378a4dc76da0a63094b/screenshot'
16:36:49.718 [Forwarding screenshot on session 20496915c8486378a4dc76da0a63094b to remote] DEBUG org.asynchttpclient.netty.request.NettyRequestSender - Using open Channel [id: 0x7e6712e2, L:/127.0.0.1:51318 - R:localhost/127.0.0.1:53172] for GET '/session/20496915c8486378a4dc76da0a63094b/screenshot'
16:36:49.837 [AsyncHttpClient-1-1] DEBUG org.asynchttpclient.netty.channel.DefaultChannelPool - Entry count for : http://localhost:51319 : 1
16:36:50.089 [AsyncHttpClient-1-8] DEBUG org.asynchttpclient.netty.handler.HttpHandler - 

Request DefaultFullHttpRequest(decodeResult: success, version: HTTP/1.1, content: EmptyByteBufBE)
GET /session/20496915c8486378a4dc76da0a63094b/screenshot HTTP/1.1
User-Agent: selenium/4.1.2 (java windows)
Cache-Control: no-cache
Content-Type: application/json; charset=utf-8
host: localhost:53172
accept: */*

Response DefaultHttpResponse(decodeResult: success, version: HTTP/1.1)
HTTP/1.1 200 OK
Content-Type: application/json; charset=utf-8
cache-control: no-cache
content-length: 382596

16:36:50.092 [AsyncHttpClient-1-8] DEBUG org.asynchttpclient.netty.channel.ChannelManager - Adding key: http://localhost:53172 for channel [id: 0x7e6712e2, L:/127.0.0.1:51318 - R:localhost/127.0.0.1:53172]
16:36:50.132 [main] DEBUG net.serenitybdd.core.photography.Darkroom - Send negative for processing for target\site\serenity\ed15a54c91c342d96a850276df7b559f4526b370fc93040e3c407a48a170f368.png
16:36:50.132 [main] DEBUG net.thucydides.core.steps.StepInterceptor - STEP DONE: openUrl
16:36:50.145 [main] DEBUG net.thucydides.core.steps.StepInterceptor - STARTING STEP: DashboardSteps.iAmOnTheDashboardPage - validateOnDashboardPage
16:36:50.148 [Forwarding findElement on session 20496915c8486378a4dc76da0a63094b to remote] DEBUG org.asynchttpclient.netty.request.NettyRequestSender - Using pooled Channel '[id: 0x7e6712e2, L:/127.0.0.1:51318 - R:localhost/127.0.0.1:53172]' for 'POST' to 'http://localhost:53172/session/20496915c8486378a4dc76da0a63094b/element'
16:36:50.148 [Forwarding findElement on session 20496915c8486378a4dc76da0a63094b to remote] DEBUG org.asynchttpclient.netty.request.NettyRequestSender - Using open Channel [id: 0x7e6712e2, L:/127.0.0.1:51318 - R:localhost/127.0.0.1:53172] for POST '/session/20496915c8486378a4dc76da0a63094b/element'
16:36:50.282 [AsyncHttpClient-1-8] DEBUG org.asynchttpclient.netty.handler.HttpHandler - 

Request DefaultHttpRequest(decodeResult: success, version: HTTP/1.1)
POST /session/20496915c8486378a4dc76da0a63094b/element HTTP/1.1
User-Agent: selenium/4.1.2 (java windows)
Content-Length: 81
Content-Type: application/json; charset=utf-8
host: localhost:53172
accept: */*

Response DefaultHttpResponse(decodeResult: success, version: HTTP/1.1)
HTTP/1.1 200 OK
Content-Type: application/json; charset=utf-8
cache-control: no-cache
content-length: 88

16:36:50.282 [AsyncHttpClient-1-8] DEBUG org.asynchttpclient.netty.channel.ChannelManager - Adding key: http://localhost:53172 for channel [id: 0x7e6712e2, L:/127.0.0.1:51318 - R:localhost/127.0.0.1:53172]
16:36:50.288 [Forwarding isElementDisplayed on session 20496915c8486378a4dc76da0a63094b to remote] DEBUG org.asynchttpclient.netty.request.NettyRequestSender - Using pooled Channel '[id: 0x7e6712e2, L:/127.0.0.1:51318 - R:localhost/127.0.0.1:53172]' for 'POST' to 'http://localhost:53172/session/20496915c8486378a4dc76da0a63094b/execute/sync'
16:36:50.288 [Forwarding isElementDisplayed on session 20496915c8486378a4dc76da0a63094b to remote] DEBUG org.asynchttpclient.netty.request.NettyRequestSender - Using open Channel [id: 0x7e6712e2, L:/127.0.0.1:51318 - R:localhost/127.0.0.1:53172] for POST '/session/20496915c8486378a4dc76da0a63094b/execute/sync'
16:36:50.318 [AsyncHttpClient-1-8] DEBUG org.asynchttpclient.netty.handler.HttpHandler - 

Request DefaultHttpRequest(decodeResult: success, version: HTTP/1.1)
POST /session/20496915c8486378a4dc76da0a63094b/execute/sync HTTP/1.1
User-Agent: selenium/4.1.2 (java windows)
Content-Length: 48780
Content-Type: application/json; charset=utf-8
host: localhost:53172
accept: */*

Response DefaultHttpResponse(decodeResult: success, version: HTTP/1.1)
HTTP/1.1 200 OK
Content-Type: application/json; charset=utf-8
cache-control: no-cache
content-length: 14

16:36:50.318 [AsyncHttpClient-1-8] DEBUG org.asynchttpclient.netty.channel.ChannelManager - Adding key: http://localhost:53172 for channel [id: 0x7e6712e2, L:/127.0.0.1:51318 - R:localhost/127.0.0.1:53172]
16:36:50.327 [Forwarding screenshot on session 20496915c8486378a4dc76da0a63094b to remote] DEBUG org.asynchttpclient.netty.request.NettyRequestSender - Using pooled Channel '[id: 0x7e6712e2, L:/127.0.0.1:51318 - R:localhost/127.0.0.1:53172]' for 'GET' to 'http://localhost:53172/session/20496915c8486378a4dc76da0a63094b/screenshot'
16:36:50.327 [Forwarding screenshot on session 20496915c8486378a4dc76da0a63094b to remote] DEBUG org.asynchttpclient.netty.request.NettyRequestSender - Using open Channel [id: 0x7e6712e2, L:/127.0.0.1:51318 - R:localhost/127.0.0.1:53172] for GET '/session/20496915c8486378a4dc76da0a63094b/screenshot'
16:36:50.663 [AsyncHttpClient-1-8] DEBUG org.asynchttpclient.netty.handler.HttpHandler - 

Request DefaultFullHttpRequest(decodeResult: success, version: HTTP/1.1, content: EmptyByteBufBE)
GET /session/20496915c8486378a4dc76da0a63094b/screenshot HTTP/1.1
User-Agent: selenium/4.1.2 (java windows)
Cache-Control: no-cache
Content-Type: application/json; charset=utf-8
host: localhost:53172
accept: */*

Response DefaultHttpResponse(decodeResult: success, version: HTTP/1.1)
HTTP/1.1 200 OK
Content-Type: application/json; charset=utf-8
cache-control: no-cache
content-length: 351816

16:36:50.665 [AsyncHttpClient-1-8] DEBUG org.asynchttpclient.netty.channel.ChannelManager - Adding key: http://localhost:53172 for channel [id: 0x7e6712e2, L:/127.0.0.1:51318 - R:localhost/127.0.0.1:53172]
16:36:50.689 [main] DEBUG net.serenitybdd.core.photography.Darkroom - Send negative for processing for target\site\serenity\20277f1d76f1b925628464fcd1ece5de77a814679d1be3fdcf836a7ddadfed60.png
16:36:50.690 [main] DEBUG net.thucydides.core.steps.StepInterceptor - STEP DONE: validateOnDashboardPage
  &amp#27;[32mGiven &amp#27;[0m&amp#27;[32mI am on the dashboard page&amp#27;[0m                                   &amp#27;[90m# starter.stepdefinitions.DashboardSteps.iAmOnTheDashboardPage()&amp#27;[0m
16:36:50.731 [main] DEBUG net.thucydides.core.steps.StepInterceptor - STARTING STEP: DoctorSteps.iClickMenuDoctor - clickMenuDoctorButton
16:36:50.736 [Forwarding findElement on session 20496915c8486378a4dc76da0a63094b to remote] DEBUG org.asynchttpclient.netty.request.NettyRequestSender - Using pooled Channel '[id: 0x7e6712e2, L:/127.0.0.1:51318 - R:localhost/127.0.0.1:53172]' for 'POST' to 'http://localhost:53172/session/20496915c8486378a4dc76da0a63094b/element'
16:36:50.736 [Forwarding findElement on session 20496915c8486378a4dc76da0a63094b to remote] DEBUG org.asynchttpclient.netty.request.NettyRequestSender - Using open Channel [id: 0x7e6712e2, L:/127.0.0.1:51318 - R:localhost/127.0.0.1:53172] for POST '/session/20496915c8486378a4dc76da0a63094b/element'
16:36:50.762 [AsyncHttpClient-1-8] DEBUG org.asynchttpclient.netty.handler.HttpHandler - 

Request DefaultHttpRequest(decodeResult: success, version: HTTP/1.1)
POST /session/20496915c8486378a4dc76da0a63094b/element HTTP/1.1
User-Agent: selenium/4.1.2 (java windows)
Content-Length: 79
Content-Type: application/json; charset=utf-8
host: localhost:53172
accept: */*

Response DefaultHttpResponse(decodeResult: success, version: HTTP/1.1)
HTTP/1.1 200 OK
Content-Type: application/json; charset=utf-8
cache-control: no-cache
content-length: 88

16:36:50.762 [AsyncHttpClient-1-8] DEBUG org.asynchttpclient.netty.channel.ChannelManager - Adding key: http://localhost:53172 for channel [id: 0x7e6712e2, L:/127.0.0.1:51318 - R:localhost/127.0.0.1:53172]
16:36:50.764 [Forwarding getElementTagName on session 20496915c8486378a4dc76da0a63094b to remote] DEBUG org.asynchttpclient.netty.request.NettyRequestSender - Using pooled Channel '[id: 0x7e6712e2, L:/127.0.0.1:51318 - R:localhost/127.0.0.1:53172]' for 'GET' to 'http://localhost:53172/session/20496915c8486378a4dc76da0a63094b/element/1ffcf644-77f2-4d0d-80c7-4846fd6c1a92/name'
16:36:50.764 [Forwarding getElementTagName on session 20496915c8486378a4dc76da0a63094b to remote] DEBUG org.asynchttpclient.netty.request.NettyRequestSender - Using open Channel [id: 0x7e6712e2, L:/127.0.0.1:51318 - R:localhost/127.0.0.1:53172] for GET '/session/20496915c8486378a4dc76da0a63094b/element/1ffcf644-77f2-4d0d-80c7-4846fd6c1a92/name'
16:36:50.774 [AsyncHttpClient-1-8] DEBUG org.asynchttpclient.netty.handler.HttpHandler - 

Request DefaultFullHttpRequest(decodeResult: success, version: HTTP/1.1, content: EmptyByteBufBE)
GET /session/20496915c8486378a4dc76da0a63094b/element/1ffcf644-77f2-4d0d-80c7-4846fd6c1a92/name HTTP/1.1
User-Agent: selenium/4.1.2 (java windows)
Cache-Control: no-cache
Content-Type: application/json; charset=utf-8
host: localhost:53172
accept: */*

Response DefaultHttpResponse(decodeResult: success, version: HTTP/1.1)
HTTP/1.1 200 OK
Content-Type: application/json; charset=utf-8
cache-control: no-cache
content-length: 15

16:36:50.774 [AsyncHttpClient-1-8] DEBUG org.asynchttpclient.netty.channel.ChannelManager - Adding key: http://localhost:53172 for channel [id: 0x7e6712e2, L:/127.0.0.1:51318 - R:localhost/127.0.0.1:53172]
16:36:50.776 [Forwarding getElementTagName on session 20496915c8486378a4dc76da0a63094b to remote] DEBUG org.asynchttpclient.netty.request.NettyRequestSender - Using pooled Channel '[id: 0x7e6712e2, L:/127.0.0.1:51318 - R:localhost/127.0.0.1:53172]' for 'GET' to 'http://localhost:53172/session/20496915c8486378a4dc76da0a63094b/element/1ffcf644-77f2-4d0d-80c7-4846fd6c1a92/name'
16:36:50.776 [Forwarding getElementTagName on session 20496915c8486378a4dc76da0a63094b to remote] DEBUG org.asynchttpclient.netty.request.NettyRequestSender - Using open Channel [id: 0x7e6712e2, L:/127.0.0.1:51318 - R:localhost/127.0.0.1:53172] for GET '/session/20496915c8486378a4dc76da0a63094b/element/1ffcf644-77f2-4d0d-80c7-4846fd6c1a92/name'
16:36:50.781 [AsyncHttpClient-1-8] DEBUG org.asynchttpclient.netty.handler.HttpHandler - 

Request DefaultFullHttpRequest(decodeResult: success, version: HTTP/1.1, content: EmptyByteBufBE)
GET /session/20496915c8486378a4dc76da0a63094b/element/1ffcf644-77f2-4d0d-80c7-4846fd6c1a92/name HTTP/1.1
User-Agent: selenium/4.1.2 (java windows)
Cache-Control: no-cache
Content-Type: application/json; charset=utf-8
host: localhost:53172
accept: */*

Response DefaultHttpResponse(decodeResult: success, version: HTTP/1.1)
HTTP/1.1 200 OK
Content-Type: application/json; charset=utf-8
cache-control: no-cache
content-length: 15

16:36:50.781 [AsyncHttpClient-1-8] DEBUG org.asynchttpclient.netty.channel.ChannelManager - Adding key: http://localhost:53172 for channel [id: 0x7e6712e2, L:/127.0.0.1:51318 - R:localhost/127.0.0.1:53172]
16:36:50.783 [Forwarding findElement on session 20496915c8486378a4dc76da0a63094b to remote] DEBUG org.asynchttpclient.netty.request.NettyRequestSender - Using pooled Channel '[id: 0x7e6712e2, L:/127.0.0.1:51318 - R:localhost/127.0.0.1:53172]' for 'POST' to 'http://localhost:53172/session/20496915c8486378a4dc76da0a63094b/element'
16:36:50.783 [Forwarding findElement on session 20496915c8486378a4dc76da0a63094b to remote] DEBUG org.asynchttpclient.netty.request.NettyRequestSender - Using open Channel [id: 0x7e6712e2, L:/127.0.0.1:51318 - R:localhost/127.0.0.1:53172] for POST '/session/20496915c8486378a4dc76da0a63094b/element'
16:36:50.817 [AsyncHttpClient-1-8] DEBUG org.asynchttpclient.netty.handler.HttpHandler - 

Request DefaultHttpRequest(decodeResult: success, version: HTTP/1.1)
POST /session/20496915c8486378a4dc76da0a63094b/element HTTP/1.1
User-Agent: selenium/4.1.2 (java windows)
Content-Length: 79
Content-Type: application/json; charset=utf-8
host: localhost:53172
accept: */*

Response DefaultHttpResponse(decodeResult: success, version: HTTP/1.1)
HTTP/1.1 200 OK
Content-Type: application/json; charset=utf-8
cache-control: no-cache
content-length: 88

16:36:50.817 [AsyncHttpClient-1-8] DEBUG org.asynchttpclient.netty.channel.ChannelManager - Adding key: http://localhost:53172 for channel [id: 0x7e6712e2, L:/127.0.0.1:51318 - R:localhost/127.0.0.1:53172]
16:36:50.818 [Forwarding clickElement on session 20496915c8486378a4dc76da0a63094b to remote] DEBUG org.asynchttpclient.netty.request.NettyRequestSender - Using pooled Channel '[id: 0x7e6712e2, L:/127.0.0.1:51318 - R:localhost/127.0.0.1:53172]' for 'POST' to 'http://localhost:53172/session/20496915c8486378a4dc76da0a63094b/element/1ffcf644-77f2-4d0d-80c7-4846fd6c1a92/click'
16:36:50.818 [Forwarding clickElement on session 20496915c8486378a4dc76da0a63094b to remote] DEBUG org.asynchttpclient.netty.request.NettyRequestSender - Using open Channel [id: 0x7e6712e2, L:/127.0.0.1:51318 - R:localhost/127.0.0.1:53172] for POST '/session/20496915c8486378a4dc76da0a63094b/element/1ffcf644-77f2-4d0d-80c7-4846fd6c1a92/click'
16:36:50.945 [AsyncHttpClient-1-1] DEBUG org.asynchttpclient.netty.channel.DefaultChannelPool - Entry count for : http://localhost:51319 : 1
16:36:51.049 [AsyncHttpClient-1-8] DEBUG org.asynchttpclient.netty.handler.HttpHandler - 

Request DefaultHttpRequest(decodeResult: success, version: HTTP/1.1)
POST /session/20496915c8486378a4dc76da0a63094b/element/1ffcf644-77f2-4d0d-80c7-4846fd6c1a92/click HTTP/1.1
User-Agent: selenium/4.1.2 (java windows)
Content-Length: 50
Content-Type: application/json; charset=utf-8
host: localhost:53172
accept: */*

Response DefaultHttpResponse(decodeResult: success, version: HTTP/1.1)
HTTP/1.1 200 OK
Content-Type: application/json; charset=utf-8
cache-control: no-cache
content-length: 14

16:36:51.049 [AsyncHttpClient-1-8] DEBUG org.asynchttpclient.netty.channel.ChannelManager - Adding key: http://localhost:53172 for channel [id: 0x7e6712e2, L:/127.0.0.1:51318 - R:localhost/127.0.0.1:53172]
16:36:51.060 [Forwarding screenshot on session 20496915c8486378a4dc76da0a63094b to remote] DEBUG org.asynchttpclient.netty.request.NettyRequestSender - Using pooled Channel '[id: 0x7e6712e2, L:/127.0.0.1:51318 - R:localhost/127.0.0.1:53172]' for 'GET' to 'http://localhost:53172/session/20496915c8486378a4dc76da0a63094b/screenshot'
16:36:51.060 [Forwarding screenshot on session 20496915c8486378a4dc76da0a63094b to remote] DEBUG org.asynchttpclient.netty.request.NettyRequestSender - Using open Channel [id: 0x7e6712e2, L:/127.0.0.1:51318 - R:localhost/127.0.0.1:53172] for GET '/session/20496915c8486378a4dc76da0a63094b/screenshot'
16:36:51.203 [AsyncHttpClient-1-8] DEBUG org.asynchttpclient.netty.handler.HttpHandler - 

Request DefaultFullHttpRequest(decodeResult: success, version: HTTP/1.1, content: EmptyByteBufBE)
GET /session/20496915c8486378a4dc76da0a63094b/screenshot HTTP/1.1
User-Agent: selenium/4.1.2 (java windows)
Cache-Control: no-cache
Content-Type: application/json; charset=utf-8
host: localhost:53172
accept: */*

Response DefaultHttpResponse(decodeResult: success, version: HTTP/1.1)
HTTP/1.1 200 OK
Content-Type: application/json; charset=utf-8
cache-control: no-cache
content-length: 56192

16:36:51.203 [AsyncHttpClient-1-8] DEBUG org.asynchttpclient.netty.channel.ChannelManager - Adding key: http://localhost:53172 for channel [id: 0x7e6712e2, L:/127.0.0.1:51318 - R:localhost/127.0.0.1:53172]
16:36:51.208 [main] DEBUG net.serenitybdd.core.photography.Darkroom - Send negative for processing for target\site\serenity\d631e005c1ab8c2ae9496eb0000819a309562887f5f0fc5c3b73065dfab87bed.png
16:36:51.208 [main] DEBUG net.thucydides.core.steps.StepInterceptor - STEP DONE: clickMenuDoctorButton
  &amp#27;[32mAnd &amp#27;[0m&amp#27;[32mI click menu doctor&amp#27;[0m                                            &amp#27;[90m# starter.stepdefinitions.DoctorSteps.iClickMenuDoctor()&amp#27;[0m
16:36:51.333 [Forwarding screenshot on session 20496915c8486378a4dc76da0a63094b to remote] DEBUG org.asynchttpclient.netty.request.NettyRequestSender - Using pooled Channel '[id: 0x7e6712e2, L:/127.0.0.1:51318 - R:localhost/127.0.0.1:53172]' for 'GET' to 'http://localhost:53172/session/20496915c8486378a4dc76da0a63094b/screenshot'
16:36:51.334 [Forwarding screenshot on session 20496915c8486378a4dc76da0a63094b to remote] DEBUG org.asynchttpclient.netty.request.NettyRequestSender - Using open Channel [id: 0x7e6712e2, L:/127.0.0.1:51318 - R:localhost/127.0.0.1:53172] for GET '/session/20496915c8486378a4dc76da0a63094b/screenshot'
16:36:51.452 [AsyncHttpClient-1-8] DEBUG org.asynchttpclient.netty.handler.HttpHandler - 

Request DefaultFullHttpRequest(decodeResult: success, version: HTTP/1.1, content: EmptyByteBufBE)
GET /session/20496915c8486378a4dc76da0a63094b/screenshot HTTP/1.1
User-Agent: selenium/4.1.2 (java windows)
Cache-Control: no-cache
Content-Type: application/json; charset=utf-8
host: localhost:53172
accept: */*

Response DefaultHttpResponse(decodeResult: success, version: HTTP/1.1)
HTTP/1.1 200 OK
Content-Type: application/json; charset=utf-8
cache-control: no-cache
content-length: 56248

16:36:51.452 [AsyncHttpClient-1-8] DEBUG org.asynchttpclient.netty.channel.ChannelManager - Adding key: http://localhost:53172 for channel [id: 0x7e6712e2, L:/127.0.0.1:51318 - R:localhost/127.0.0.1:53172]
16:36:51.456 [main] DEBUG net.serenitybdd.core.photography.Darkroom - Send negative for processing for target\site\serenity\d2dbd83d4fb3df5fa999338438a159870ae6659000e1fcbd988740339c6c6bb2.png
16:36:51.457 [main] DEBUG net.thucydides.core.steps.StepInterceptor - STARTING STEP: DoctorSteps.iClickDoctorDepartmentFilterDropdown - clickFilterDropdown
16:36:51.457 [Darkroom Processing Line] DEBUG net.serenitybdd.core.photography.DarkroomProcessingLine - Processing screenshot image in /var/screenshots/screenshot-2081504702602866544
16:36:51.457 [Darkroom Processing Line] DEBUG net.serenitybdd.core.photography.DarkroomProcessingLine - Saving screenshot to target\site\serenity\d2dbd83d4fb3df5fa999338438a159870ae6659000e1fcbd988740339c6c6bb2.png
16:36:51.461 [Forwarding findElement on session 20496915c8486378a4dc76da0a63094b to remote] DEBUG org.asynchttpclient.netty.request.NettyRequestSender - Using pooled Channel '[id: 0x7e6712e2, L:/127.0.0.1:51318 - R:localhost/127.0.0.1:53172]' for 'POST' to 'http://localhost:53172/session/20496915c8486378a4dc76da0a63094b/element'
16:36:51.461 [Forwarding findElement on session 20496915c8486378a4dc76da0a63094b to remote] DEBUG org.asynchttpclient.netty.request.NettyRequestSender - Using open Channel [id: 0x7e6712e2, L:/127.0.0.1:51318 - R:localhost/127.0.0.1:53172] for POST '/session/20496915c8486378a4dc76da0a63094b/element'
16:36:51.480 [AsyncHttpClient-1-8] DEBUG org.asynchttpclient.netty.handler.HttpHandler - 

Request DefaultHttpRequest(decodeResult: success, version: HTTP/1.1)
POST /session/20496915c8486378a4dc76da0a63094b/element HTTP/1.1
User-Agent: selenium/4.1.2 (java windows)
Content-Length: 146
Content-Type: application/json; charset=utf-8
host: localhost:53172
accept: */*

Response DefaultHttpResponse(decodeResult: success, version: HTTP/1.1)
HTTP/1.1 200 OK
Content-Type: application/json; charset=utf-8
cache-control: no-cache
content-length: 88

16:36:51.480 [AsyncHttpClient-1-8] DEBUG org.asynchttpclient.netty.channel.ChannelManager - Adding key: http://localhost:53172 for channel [id: 0x7e6712e2, L:/127.0.0.1:51318 - R:localhost/127.0.0.1:53172]
16:36:51.482 [Forwarding getElementTagName on session 20496915c8486378a4dc76da0a63094b to remote] DEBUG org.asynchttpclient.netty.request.NettyRequestSender - Using pooled Channel '[id: 0x7e6712e2, L:/127.0.0.1:51318 - R:localhost/127.0.0.1:53172]' for 'GET' to 'http://localhost:53172/session/20496915c8486378a4dc76da0a63094b/element/3239e14e-4704-4a85-b17d-19bdfc3fac75/name'
16:36:51.482 [Forwarding getElementTagName on session 20496915c8486378a4dc76da0a63094b to remote] DEBUG org.asynchttpclient.netty.request.NettyRequestSender - Using open Channel [id: 0x7e6712e2, L:/127.0.0.1:51318 - R:localhost/127.0.0.1:53172] for GET '/session/20496915c8486378a4dc76da0a63094b/element/3239e14e-4704-4a85-b17d-19bdfc3fac75/name'
16:36:51.488 [AsyncHttpClient-1-8] DEBUG org.asynchttpclient.netty.handler.HttpHandler - 

Request DefaultFullHttpRequest(decodeResult: success, version: HTTP/1.1, content: EmptyByteBufBE)
GET /session/20496915c8486378a4dc76da0a63094b/element/3239e14e-4704-4a85-b17d-19bdfc3fac75/name HTTP/1.1
User-Agent: selenium/4.1.2 (java windows)
Cache-Control: no-cache
Content-Type: application/json; charset=utf-8
host: localhost:53172
accept: */*

Response DefaultHttpResponse(decodeResult: success, version: HTTP/1.1)
HTTP/1.1 200 OK
Content-Type: application/json; charset=utf-8
cache-control: no-cache
content-length: 15

16:36:51.488 [AsyncHttpClient-1-8] DEBUG org.asynchttpclient.netty.channel.ChannelManager - Adding key: http://localhost:53172 for channel [id: 0x7e6712e2, L:/127.0.0.1:51318 - R:localhost/127.0.0.1:53172]
16:36:51.489 [Forwarding getElementTagName on session 20496915c8486378a4dc76da0a63094b to remote] DEBUG org.asynchttpclient.netty.request.NettyRequestSender - Using pooled Channel '[id: 0x7e6712e2, L:/127.0.0.1:51318 - R:localhost/127.0.0.1:53172]' for 'GET' to 'http://localhost:53172/session/20496915c8486378a4dc76da0a63094b/element/3239e14e-4704-4a85-b17d-19bdfc3fac75/name'
16:36:51.489 [Forwarding getElementTagName on session 20496915c8486378a4dc76da0a63094b to remote] DEBUG org.asynchttpclient.netty.request.NettyRequestSender - Using open Channel [id: 0x7e6712e2, L:/127.0.0.1:51318 - R:localhost/127.0.0.1:53172] for GET '/session/20496915c8486378a4dc76da0a63094b/element/3239e14e-4704-4a85-b17d-19bdfc3fac75/name'
16:36:51.493 [AsyncHttpClient-1-8] DEBUG org.asynchttpclient.netty.handler.HttpHandler - 

Request DefaultFullHttpRequest(decodeResult: success, version: HTTP/1.1, content: EmptyByteBufBE)
GET /session/20496915c8486378a4dc76da0a63094b/element/3239e14e-4704-4a85-b17d-19bdfc3fac75/name HTTP/1.1
User-Agent: selenium/4.1.2 (java windows)
Cache-Control: no-cache
Content-Type: application/json; charset=utf-8
host: localhost:53172
accept: */*

Response DefaultHttpResponse(decodeResult: success, version: HTTP/1.1)
HTTP/1.1 200 OK
Content-Type: application/json; charset=utf-8
cache-control: no-cache
content-length: 15

16:36:51.493 [AsyncHttpClient-1-8] DEBUG org.asynchttpclient.netty.channel.ChannelManager - Adding key: http://localhost:53172 for channel [id: 0x7e6712e2, L:/127.0.0.1:51318 - R:localhost/127.0.0.1:53172]
16:36:51.496 [Forwarding findElement on session 20496915c8486378a4dc76da0a63094b to remote] DEBUG org.asynchttpclient.netty.request.NettyRequestSender - Using pooled Channel '[id: 0x7e6712e2, L:/127.0.0.1:51318 - R:localhost/127.0.0.1:53172]' for 'POST' to 'http://localhost:53172/session/20496915c8486378a4dc76da0a63094b/element'
16:36:51.496 [Forwarding findElement on session 20496915c8486378a4dc76da0a63094b to remote] DEBUG org.asynchttpclient.netty.request.NettyRequestSender - Using open Channel [id: 0x7e6712e2, L:/127.0.0.1:51318 - R:localhost/127.0.0.1:53172] for POST '/session/20496915c8486378a4dc76da0a63094b/element'
16:36:51.505 [AsyncHttpClient-1-8] DEBUG org.asynchttpclient.netty.handler.HttpHandler - 

Request DefaultHttpRequest(decodeResult: success, version: HTTP/1.1)
POST /session/20496915c8486378a4dc76da0a63094b/element HTTP/1.1
User-Agent: selenium/4.1.2 (java windows)
Content-Length: 146
Content-Type: application/json; charset=utf-8
host: localhost:53172
accept: */*

Response DefaultHttpResponse(decodeResult: success, version: HTTP/1.1)
HTTP/1.1 200 OK
Content-Type: application/json; charset=utf-8
cache-control: no-cache
content-length: 88

16:36:51.505 [AsyncHttpClient-1-8] DEBUG org.asynchttpclient.netty.channel.ChannelManager - Adding key: http://localhost:53172 for channel [id: 0x7e6712e2, L:/127.0.0.1:51318 - R:localhost/127.0.0.1:53172]
16:36:51.507 [Forwarding clickElement on session 20496915c8486378a4dc76da0a63094b to remote] DEBUG org.asynchttpclient.netty.request.NettyRequestSender - Using pooled Channel '[id: 0x7e6712e2, L:/127.0.0.1:51318 - R:localhost/127.0.0.1:53172]' for 'POST' to 'http://localhost:53172/session/20496915c8486378a4dc76da0a63094b/element/3239e14e-4704-4a85-b17d-19bdfc3fac75/click'
16:36:51.507 [Forwarding clickElement on session 20496915c8486378a4dc76da0a63094b to remote] DEBUG org.asynchttpclient.netty.request.NettyRequestSender - Using open Channel [id: 0x7e6712e2, L:/127.0.0.1:51318 - R:localhost/127.0.0.1:53172] for POST '/session/20496915c8486378a4dc76da0a63094b/element/3239e14e-4704-4a85-b17d-19bdfc3fac75/click'
16:36:51.621 [AsyncHttpClient-1-8] DEBUG org.asynchttpclient.netty.handler.HttpHandler - 

Request DefaultHttpRequest(decodeResult: success, version: HTTP/1.1)
POST /session/20496915c8486378a4dc76da0a63094b/element/3239e14e-4704-4a85-b17d-19bdfc3fac75/click HTTP/1.1
User-Agent: selenium/4.1.2 (java windows)
Content-Length: 50
Content-Type: application/json; charset=utf-8
host: localhost:53172
accept: */*

Response DefaultHttpResponse(decodeResult: success, version: HTTP/1.1)
HTTP/1.1 200 OK
Content-Type: application/json; charset=utf-8
cache-control: no-cache
content-length: 14

16:36:51.622 [AsyncHttpClient-1-8] DEBUG org.asynchttpclient.netty.channel.ChannelManager - Adding key: http://localhost:53172 for channel [id: 0x7e6712e2, L:/127.0.0.1:51318 - R:localhost/127.0.0.1:53172]
16:36:51.634 [Forwarding screenshot on session 20496915c8486378a4dc76da0a63094b to remote] DEBUG org.asynchttpclient.netty.request.NettyRequestSender - Using pooled Channel '[id: 0x7e6712e2, L:/127.0.0.1:51318 - R:localhost/127.0.0.1:53172]' for 'GET' to 'http://localhost:53172/session/20496915c8486378a4dc76da0a63094b/screenshot'
16:36:51.634 [Forwarding screenshot on session 20496915c8486378a4dc76da0a63094b to remote] DEBUG org.asynchttpclient.netty.request.NettyRequestSender - Using open Channel [id: 0x7e6712e2, L:/127.0.0.1:51318 - R:localhost/127.0.0.1:53172] for GET '/session/20496915c8486378a4dc76da0a63094b/screenshot'
16:36:51.792 [AsyncHttpClient-1-8] DEBUG org.asynchttpclient.netty.handler.HttpHandler - 

Request DefaultFullHttpRequest(decodeResult: success, version: HTTP/1.1, content: EmptyByteBufBE)
GET /session/20496915c8486378a4dc76da0a63094b/screenshot HTTP/1.1
User-Agent: selenium/4.1.2 (java windows)
Cache-Control: no-cache
Content-Type: application/json; charset=utf-8
host: localhost:53172
accept: */*

Response DefaultHttpResponse(decodeResult: success, version: HTTP/1.1)
HTTP/1.1 200 OK
Content-Type: application/json; charset=utf-8
cache-control: no-cache
content-length: 69264

16:36:51.793 [AsyncHttpClient-1-8] DEBUG org.asynchttpclient.netty.channel.ChannelManager - Adding key: http://localhost:53172 for channel [id: 0x7e6712e2, L:/127.0.0.1:51318 - R:localhost/127.0.0.1:53172]
16:36:51.797 [main] DEBUG net.serenitybdd.core.photography.Darkroom - Send negative for processing for target\site\serenity\3e4803e6c03ce1bc2e00ac51c55759f0c421087c43beaa36c6ab60eaf5917733.png
16:36:51.797 [main] DEBUG net.thucydides.core.steps.StepInterceptor - STEP DONE: clickFilterDropdown
  &amp#27;[32mWhen &amp#27;[0m&amp#27;[32mI click doctor department filter dropdown&amp#27;[0m                     &amp#27;[90m# starter.stepdefinitions.DoctorSteps.iClickDoctorDepartmentFilterDropdown()&amp#27;[0m
16:36:51.799 [Darkroom Processing Line] DEBUG net.serenitybdd.core.photography.DarkroomProcessingLine - Processing screenshot image in /var/screenshots/screenshot-6653233626039329870
16:36:51.799 [Darkroom Processing Line] DEBUG net.serenitybdd.core.photography.DarkroomProcessingLine - Saving screenshot to target\site\serenity\3e4803e6c03ce1bc2e00ac51c55759f0c421087c43beaa36c6ab60eaf5917733.png
16:36:51.825 [main] DEBUG net.thucydides.core.steps.StepInterceptor - STARTING STEP: DoctorSteps.iClickCardiologyMenu - clickCardiologyMenu
16:36:51.836 [Forwarding findElement on session 20496915c8486378a4dc76da0a63094b to remote] DEBUG org.asynchttpclient.netty.request.NettyRequestSender - Using pooled Channel '[id: 0x7e6712e2, L:/127.0.0.1:51318 - R:localhost/127.0.0.1:53172]' for 'POST' to 'http://localhost:53172/session/20496915c8486378a4dc76da0a63094b/element'
16:36:51.836 [Forwarding findElement on session 20496915c8486378a4dc76da0a63094b to remote] DEBUG org.asynchttpclient.netty.request.NettyRequestSender - Using open Channel [id: 0x7e6712e2, L:/127.0.0.1:51318 - R:localhost/127.0.0.1:53172] for POST '/session/20496915c8486378a4dc76da0a63094b/element'
16:36:51.984 [AsyncHttpClient-1-8] DEBUG org.asynchttpclient.netty.handler.HttpHandler - 

Request DefaultHttpRequest(decodeResult: success, version: HTTP/1.1)
POST /session/20496915c8486378a4dc76da0a63094b/element HTTP/1.1
User-Agent: selenium/4.1.2 (java windows)
Content-Length: 109
Content-Type: application/json; charset=utf-8
host: localhost:53172
accept: */*

Response DefaultHttpResponse(decodeResult: success, version: HTTP/1.1)
HTTP/1.1 200 OK
Content-Type: application/json; charset=utf-8
cache-control: no-cache
content-length: 88

16:36:51.984 [AsyncHttpClient-1-8] DEBUG org.asynchttpclient.netty.channel.ChannelManager - Adding key: http://localhost:53172 for channel [id: 0x7e6712e2, L:/127.0.0.1:51318 - R:localhost/127.0.0.1:53172]
16:36:51.986 [Forwarding getElementTagName on session 20496915c8486378a4dc76da0a63094b to remote] DEBUG org.asynchttpclient.netty.request.NettyRequestSender - Using pooled Channel '[id: 0x7e6712e2, L:/127.0.0.1:51318 - R:localhost/127.0.0.1:53172]' for 'GET' to 'http://localhost:53172/session/20496915c8486378a4dc76da0a63094b/element/8c1d56cb-2374-4713-9422-1718b32a86ab/name'
16:36:51.986 [Forwarding getElementTagName on session 20496915c8486378a4dc76da0a63094b to remote] DEBUG org.asynchttpclient.netty.request.NettyRequestSender - Using open Channel [id: 0x7e6712e2, L:/127.0.0.1:51318 - R:localhost/127.0.0.1:53172] for GET '/session/20496915c8486378a4dc76da0a63094b/element/8c1d56cb-2374-4713-9422-1718b32a86ab/name'
16:36:51.995 [AsyncHttpClient-1-8] DEBUG org.asynchttpclient.netty.handler.HttpHandler - 

Request DefaultFullHttpRequest(decodeResult: success, version: HTTP/1.1, content: EmptyByteBufBE)
GET /session/20496915c8486378a4dc76da0a63094b/element/8c1d56cb-2374-4713-9422-1718b32a86ab/name HTTP/1.1
User-Agent: selenium/4.1.2 (java windows)
Cache-Control: no-cache
Content-Type: application/json; charset=utf-8
host: localhost:53172
accept: */*

Response DefaultHttpResponse(decodeResult: success, version: HTTP/1.1)
HTTP/1.1 200 OK
Content-Type: application/json; charset=utf-8
cache-control: no-cache
content-length: 14

16:36:51.995 [AsyncHttpClient-1-8] DEBUG org.asynchttpclient.netty.channel.ChannelManager - Adding key: http://localhost:53172 for channel [id: 0x7e6712e2, L:/127.0.0.1:51318 - R:localhost/127.0.0.1:53172]
16:36:51.997 [Forwarding getElementTagName on session 20496915c8486378a4dc76da0a63094b to remote] DEBUG org.asynchttpclient.netty.request.NettyRequestSender - Using pooled Channel '[id: 0x7e6712e2, L:/127.0.0.1:51318 - R:localhost/127.0.0.1:53172]' for 'GET' to 'http://localhost:53172/session/20496915c8486378a4dc76da0a63094b/element/8c1d56cb-2374-4713-9422-1718b32a86ab/name'
16:36:51.997 [Forwarding getElementTagName on session 20496915c8486378a4dc76da0a63094b to remote] DEBUG org.asynchttpclient.netty.request.NettyRequestSender - Using open Channel [id: 0x7e6712e2, L:/127.0.0.1:51318 - R:localhost/127.0.0.1:53172] for GET '/session/20496915c8486378a4dc76da0a63094b/element/8c1d56cb-2374-4713-9422-1718b32a86ab/name'
16:36:52.001 [AsyncHttpClient-1-8] DEBUG org.asynchttpclient.netty.handler.HttpHandler - 

Request DefaultFullHttpRequest(decodeResult: success, version: HTTP/1.1, content: EmptyByteBufBE)
GET /session/20496915c8486378a4dc76da0a63094b/element/8c1d56cb-2374-4713-9422-1718b32a86ab/name HTTP/1.1
User-Agent: selenium/4.1.2 (java windows)
Cache-Control: no-cache
Content-Type: application/json; charset=utf-8
host: localhost:53172
accept: */*

Response DefaultHttpResponse(decodeResult: success, version: HTTP/1.1)
HTTP/1.1 200 OK
Content-Type: application/json; charset=utf-8
cache-control: no-cache
content-length: 14

16:36:52.001 [AsyncHttpClient-1-8] DEBUG org.asynchttpclient.netty.channel.ChannelManager - Adding key: http://localhost:53172 for channel [id: 0x7e6712e2, L:/127.0.0.1:51318 - R:localhost/127.0.0.1:53172]
16:36:52.004 [Forwarding findElement on session 20496915c8486378a4dc76da0a63094b to remote] DEBUG org.asynchttpclient.netty.request.NettyRequestSender - Using pooled Channel '[id: 0x7e6712e2, L:/127.0.0.1:51318 - R:localhost/127.0.0.1:53172]' for 'POST' to 'http://localhost:53172/session/20496915c8486378a4dc76da0a63094b/element'
16:36:52.004 [Forwarding findElement on session 20496915c8486378a4dc76da0a63094b to remote] DEBUG org.asynchttpclient.netty.request.NettyRequestSender - Using open Channel [id: 0x7e6712e2, L:/127.0.0.1:51318 - R:localhost/127.0.0.1:53172] for POST '/session/20496915c8486378a4dc76da0a63094b/element'
16:36:52.014 [AsyncHttpClient-1-8] DEBUG org.asynchttpclient.netty.handler.HttpHandler - 

Request DefaultHttpRequest(decodeResult: success, version: HTTP/1.1)
POST /session/20496915c8486378a4dc76da0a63094b/element HTTP/1.1
User-Agent: selenium/4.1.2 (java windows)
Content-Length: 109
Content-Type: application/json; charset=utf-8
host: localhost:53172
accept: */*

Response DefaultHttpResponse(decodeResult: success, version: HTTP/1.1)
HTTP/1.1 200 OK
Content-Type: application/json; charset=utf-8
cache-control: no-cache
content-length: 88

16:36:52.014 [AsyncHttpClient-1-8] DEBUG org.asynchttpclient.netty.channel.ChannelManager - Adding key: http://localhost:53172 for channel [id: 0x7e6712e2, L:/127.0.0.1:51318 - R:localhost/127.0.0.1:53172]
16:36:52.015 [Forwarding clickElement on session 20496915c8486378a4dc76da0a63094b to remote] DEBUG org.asynchttpclient.netty.request.NettyRequestSender - Using pooled Channel '[id: 0x7e6712e2, L:/127.0.0.1:51318 - R:localhost/127.0.0.1:53172]' for 'POST' to 'http://localhost:53172/session/20496915c8486378a4dc76da0a63094b/element/8c1d56cb-2374-4713-9422-1718b32a86ab/click'
16:36:52.015 [Forwarding clickElement on session 20496915c8486378a4dc76da0a63094b to remote] DEBUG org.asynchttpclient.netty.request.NettyRequestSender - Using open Channel [id: 0x7e6712e2, L:/127.0.0.1:51318 - R:localhost/127.0.0.1:53172] for POST '/session/20496915c8486378a4dc76da0a63094b/element/8c1d56cb-2374-4713-9422-1718b32a86ab/click'
16:36:52.037 [AsyncHttpClient-1-1] DEBUG org.asynchttpclient.netty.channel.DefaultChannelPool - Entry count for : http://localhost:51319 : 1
16:36:52.170 [AsyncHttpClient-1-8] DEBUG org.asynchttpclient.netty.handler.HttpHandler - 

Request DefaultHttpRequest(decodeResult: success, version: HTTP/1.1)
POST /session/20496915c8486378a4dc76da0a63094b/element/8c1d56cb-2374-4713-9422-1718b32a86ab/click HTTP/1.1
User-Agent: selenium/4.1.2 (java windows)
Content-Length: 50
Content-Type: application/json; charset=utf-8
host: localhost:53172
accept: */*

Response DefaultHttpResponse(decodeResult: success, version: HTTP/1.1)
HTTP/1.1 200 OK
Content-Type: application/json; charset=utf-8
cache-control: no-cache
content-length: 14

16:36:52.170 [AsyncHttpClient-1-8] DEBUG org.asynchttpclient.netty.channel.ChannelManager - Adding key: http://localhost:53172 for channel [id: 0x7e6712e2, L:/127.0.0.1:51318 - R:localhost/127.0.0.1:53172]
16:36:52.185 [Forwarding screenshot on session 20496915c8486378a4dc76da0a63094b to remote] DEBUG org.asynchttpclient.netty.request.NettyRequestSender - Using pooled Channel '[id: 0x7e6712e2, L:/127.0.0.1:51318 - R:localhost/127.0.0.1:53172]' for 'GET' to 'http://localhost:53172/session/20496915c8486378a4dc76da0a63094b/screenshot'
16:36:52.185 [Forwarding screenshot on session 20496915c8486378a4dc76da0a63094b to remote] DEBUG org.asynchttpclient.netty.request.NettyRequestSender - Using open Channel [id: 0x7e6712e2, L:/127.0.0.1:51318 - R:localhost/127.0.0.1:53172] for GET '/session/20496915c8486378a4dc76da0a63094b/screenshot'
16:36:52.349 [AsyncHttpClient-1-8] DEBUG org.asynchttpclient.netty.handler.HttpHandler - 

Request DefaultFullHttpRequest(decodeResult: success, version: HTTP/1.1, content: EmptyByteBufBE)
GET /session/20496915c8486378a4dc76da0a63094b/screenshot HTTP/1.1
User-Agent: selenium/4.1.2 (java windows)
Cache-Control: no-cache
Content-Type: application/json; charset=utf-8
host: localhost:53172
accept: */*

Response DefaultHttpResponse(decodeResult: success, version: HTTP/1.1)
HTTP/1.1 200 OK
Content-Type: application/json; charset=utf-8
cache-control: no-cache
content-length: 92272

16:36:52.349 [AsyncHttpClient-1-8] DEBUG org.asynchttpclient.netty.channel.ChannelManager - Adding key: http://localhost:53172 for channel [id: 0x7e6712e2, L:/127.0.0.1:51318 - R:localhost/127.0.0.1:53172]
16:36:52.356 [main] DEBUG net.serenitybdd.core.photography.Darkroom - Send negative for processing for target\site\serenity\7f8e0cd485db24f1adc9f79da36d1b534488ec16559b7755dbdbd1b243057240.png
16:36:52.356 [main] DEBUG net.thucydides.core.steps.StepInterceptor - STEP DONE: clickCardiologyMenu
  &amp#27;[32mAnd &amp#27;[0m&amp#27;[32mI click cardiology menu&amp#27;[0m                                        &amp#27;[90m# starter.stepdefinitions.DoctorSteps.iClickCardiologyMenu()&amp#27;[0m
16:36:52.356 [Darkroom Processing Line] DEBUG net.serenitybdd.core.photography.DarkroomProcessingLine - Processing screenshot image in /var/screenshots/screenshot-1049310964180259028
16:36:52.356 [Darkroom Processing Line] DEBUG net.serenitybdd.core.photography.DarkroomProcessingLine - Saving screenshot to target\site\serenity\7f8e0cd485db24f1adc9f79da36d1b534488ec16559b7755dbdbd1b243057240.png
16:36:52.382 [main] DEBUG net.thucydides.core.steps.StepInterceptor - STARTING STEP: DoctorSteps.iValidateDoctorListOnlyShowCardiologyDepartmentDoctor - validateCardiologyDoctor
16:36:52.385 [Forwarding findElement on session 20496915c8486378a4dc76da0a63094b to remote] DEBUG org.asynchttpclient.netty.request.NettyRequestSender - Using pooled Channel '[id: 0x7e6712e2, L:/127.0.0.1:51318 - R:localhost/127.0.0.1:53172]' for 'POST' to 'http://localhost:53172/session/20496915c8486378a4dc76da0a63094b/element'
16:36:52.385 [Forwarding findElement on session 20496915c8486378a4dc76da0a63094b to remote] DEBUG org.asynchttpclient.netty.request.NettyRequestSender - Using open Channel [id: 0x7e6712e2, L:/127.0.0.1:51318 - R:localhost/127.0.0.1:53172] for POST '/session/20496915c8486378a4dc76da0a63094b/element'
16:36:52.810 [AsyncHttpClient-1-8] DEBUG org.asynchttpclient.netty.handler.HttpHandler - 

Request DefaultHttpRequest(decodeResult: success, version: HTTP/1.1)
POST /session/20496915c8486378a4dc76da0a63094b/element HTTP/1.1
User-Agent: selenium/4.1.2 (java windows)
Content-Length: 82
Content-Type: application/json; charset=utf-8
host: localhost:53172
accept: */*

Response DefaultHttpResponse(decodeResult: success, version: HTTP/1.1)
HTTP/1.1 200 OK
Content-Type: application/json; charset=utf-8
cache-control: no-cache
content-length: 88

16:36:52.810 [AsyncHttpClient-1-8] DEBUG org.asynchttpclient.netty.channel.ChannelManager - Adding key: http://localhost:53172 for channel [id: 0x7e6712e2, L:/127.0.0.1:51318 - R:localhost/127.0.0.1:53172]
16:36:52.816 [Forwarding isElementDisplayed on session 20496915c8486378a4dc76da0a63094b to remote] DEBUG org.asynchttpclient.netty.request.NettyRequestSender - Using pooled Channel '[id: 0x7e6712e2, L:/127.0.0.1:51318 - R:localhost/127.0.0.1:53172]' for 'POST' to 'http://localhost:53172/session/20496915c8486378a4dc76da0a63094b/execute/sync'
16:36:52.816 [Forwarding isElementDisplayed on session 20496915c8486378a4dc76da0a63094b to remote] DEBUG org.asynchttpclient.netty.request.NettyRequestSender - Using open Channel [id: 0x7e6712e2, L:/127.0.0.1:51318 - R:localhost/127.0.0.1:53172] for POST '/session/20496915c8486378a4dc76da0a63094b/execute/sync'
16:36:52.841 [AsyncHttpClient-1-8] DEBUG org.asynchttpclient.netty.handler.HttpHandler - 

Request DefaultHttpRequest(decodeResult: success, version: HTTP/1.1)
POST /session/20496915c8486378a4dc76da0a63094b/execute/sync HTTP/1.1
User-Agent: selenium/4.1.2 (java windows)
Content-Length: 48780
Content-Type: application/json; charset=utf-8
host: localhost:53172
accept: */*

Response DefaultHttpResponse(decodeResult: success, version: HTTP/1.1)
HTTP/1.1 200 OK
Content-Type: application/json; charset=utf-8
cache-control: no-cache
content-length: 14

16:36:52.841 [AsyncHttpClient-1-8] DEBUG org.asynchttpclient.netty.channel.ChannelManager - Adding key: http://localhost:53172 for channel [id: 0x7e6712e2, L:/127.0.0.1:51318 - R:localhost/127.0.0.1:53172]
16:36:52.850 [Forwarding screenshot on session 20496915c8486378a4dc76da0a63094b to remote] DEBUG org.asynchttpclient.netty.request.NettyRequestSender - Using pooled Channel '[id: 0x7e6712e2, L:/127.0.0.1:51318 - R:localhost/127.0.0.1:53172]' for 'GET' to 'http://localhost:53172/session/20496915c8486378a4dc76da0a63094b/screenshot'
16:36:52.850 [Forwarding screenshot on session 20496915c8486378a4dc76da0a63094b to remote] DEBUG org.asynchttpclient.netty.request.NettyRequestSender - Using open Channel [id: 0x7e6712e2, L:/127.0.0.1:51318 - R:localhost/127.0.0.1:53172] for GET '/session/20496915c8486378a4dc76da0a63094b/screenshot'
16:36:52.984 [AsyncHttpClient-1-8] DEBUG org.asynchttpclient.netty.handler.HttpHandler - 

Request DefaultFullHttpRequest(decodeResult: success, version: HTTP/1.1, content: EmptyByteBufBE)
GET /session/20496915c8486378a4dc76da0a63094b/screenshot HTTP/1.1
User-Agent: selenium/4.1.2 (java windows)
Cache-Control: no-cache
Content-Type: application/json; charset=utf-8
host: localhost:53172
accept: */*

Response DefaultHttpResponse(decodeResult: success, version: HTTP/1.1)
HTTP/1.1 200 OK
Content-Type: application/json; charset=utf-8
cache-control: no-cache
content-length: 73988

16:36:52.985 [AsyncHttpClient-1-8] DEBUG org.asynchttpclient.netty.channel.ChannelManager - Adding key: http://localhost:53172 for channel [id: 0x7e6712e2, L:/127.0.0.1:51318 - R:localhost/127.0.0.1:53172]
16:36:52.990 [main] DEBUG net.serenitybdd.core.photography.Darkroom - Send negative for processing for target\site\serenity\46faf1c3fcc06c1d04a70274f7c54243941842067fcc896763c5945ad6b43e53.png
16:36:52.990 [main] DEBUG net.thucydides.core.steps.StepInterceptor - STEP DONE: validateCardiologyDoctor
  &amp#27;[32mThen &amp#27;[0m&amp#27;[32mI validate doctor list only show cardiology department doctor&amp#27;[0m &amp#27;[90m# starter.stepdefinitions.DoctorSteps.iValidateDoctorListOnlyShowCardiologyDepartmentDoctor()&amp#27;[0m
16:36:52.990 [Darkroom Processing Line] DEBUG net.serenitybdd.core.photography.DarkroomProcessingLine - Processing screenshot image in /var/screenshots/screenshot-11905856710667251964
16:36:52.990 [Darkroom Processing Line] DEBUG net.serenitybdd.core.photography.DarkroomProcessingLine - Saving screenshot to target\site\serenity\46faf1c3fcc06c1d04a70274f7c54243941842067fcc896763c5945ad6b43e53.png
16:36:52.999 [main] INFO  - 
  _____   ___   ___   _____     ___     _     ___   ___   ___   ___  
 |_   _| | __| / __| |_   _|   | _ \   /_\   / __| / __| | __| |   \ 
   | |   | _|  \__ \   | |     |  _/  / _ \  \__ \ \__ \ | _|  | |) |
   |_|   |___| |___/   |_|     |_|   /_/ \_\ |___/ |___/ |___| |___/ 

Filter Doctor Cardiology Scenario
----------------------------------------------------------------------
16:36:53.001 [AsyncHttpClient-1-2] DEBUG org.asynchttpclient.netty.handler.WebSocketHandler - Channel Closed: [id: 0x7e48a5dc, L:/127.0.0.1:51326 ! R:localhost/127.0.0.1:51319] with attribute NettyResponseFuture{currentRetry=5,
	isDone=1,
	isCancelled=0,
	asyncHandler=org.asynchttpclient.ws.WebSocketUpgradeHandler@42d23fc6,
	nettyRequest=org.asynchttpclient.netty.request.NettyRequest@25bd6311,
	future=java.util.concurrent.CompletableFuture@b4ded7c[Completed normally],
	uri=ws://localhost:51319/devtools/browser/d7999f96-436a-4327-897b-c38feda5754c,
	keepAlive=true,
	redirectCount=0,
	timeoutsHolder=null,
	inAuth=0,
	touch=1655717806800}
16:36:53.001 [AsyncHttpClient-1-2] DEBUG org.asynchttpclient.netty.channel.ChannelManager - Closing Channel [id: 0x7e48a5dc, L:/127.0.0.1:51326 ! R:localhost/127.0.0.1:51319] 
16:36:53.001 [Driver Command Executor] DEBUG org.asynchttpclient.netty.request.NettyRequestSender - Using pooled Channel '[id: 0x7e6712e2, L:/127.0.0.1:51318 - R:localhost/127.0.0.1:53172]' for 'DELETE' to 'http://localhost:53172/session/20496915c8486378a4dc76da0a63094b'
16:36:53.001 [Driver Command Executor] DEBUG org.asynchttpclient.netty.request.NettyRequestSender - Using open Channel [id: 0x7e6712e2, L:/127.0.0.1:51318 - R:localhost/127.0.0.1:53172] for DELETE '/session/20496915c8486378a4dc76da0a63094b'
16:36:53.138 [AsyncHttpClient-1-1] DEBUG org.asynchttpclient.netty.channel.DefaultChannelPool - Entry count for : http://localhost:51319 : 1
16:36:53.172 [AsyncHttpClient-1-9] DEBUG org.asynchttpclient.netty.handler.HttpHandler - Unexpected I/O exception on channel [id: 0xbbff4f53, L:/127.0.0.1:51325 - R:localhost/127.0.0.1:51319]
java.net.SocketException: Connection reset
	at java.base/sun.nio.ch.SocketChannelImpl.throwConnectionReset(SocketChannelImpl.java:367)
	at java.base/sun.nio.ch.SocketChannelImpl.read(SocketChannelImpl.java:398)
	at io.netty.buffer.PooledByteBuf.setBytes(PooledByteBuf.java:258)
	at io.netty.buffer.AbstractByteBuf.writeBytes(AbstractByteBuf.java:1132)
	at io.netty.channel.socket.nio.NioSocketChannel.doReadBytes(NioSocketChannel.java:350)
	at io.netty.channel.nio.AbstractNioByteChannel$NioByteUnsafe.read(AbstractNioByteChannel.java:151)
	at io.netty.channel.nio.NioEventLoop.processSelectedKey(NioEventLoop.java:722)
	at io.netty.channel.nio.NioEventLoop.processSelectedKeysOptimized(NioEventLoop.java:658)
	at io.netty.channel.nio.NioEventLoop.processSelectedKeys(NioEventLoop.java:584)
	at io.netty.channel.nio.NioEventLoop.run(NioEventLoop.java:496)
	at io.netty.util.concurrent.SingleThreadEventExecutor$4.run(SingleThreadEventExecutor.java:986)
	at io.netty.util.internal.ThreadExecutorMap$2.run(ThreadExecutorMap.java:74)
	at io.netty.util.concurrent.FastThreadLocalRunnable.run(FastThreadLocalRunnable.java:30)
	at java.base/java.lang.Thread.run(Thread.java:832)
16:36:53.172 [AsyncHttpClient-1-9] DEBUG org.asynchttpclient.netty.channel.ChannelManager - Closing Channel [id: 0xbbff4f53, L:/127.0.0.1:51325 - R:localhost/127.0.0.1:51319] 
16:36:53.172 [AsyncHttpClient-1-9] DEBUG org.asynchttpclient.netty.handler.HttpHandler - Channel Closed: [id: 0xbbff4f53, L:/127.0.0.1:51325 ! R:localhost/127.0.0.1:51319] with attribute DISCARD
16:36:53.221 [AsyncHttpClient-1-8] DEBUG org.asynchttpclient.netty.handler.HttpHandler - 

Request DefaultFullHttpRequest(decodeResult: success, version: HTTP/1.1, content: EmptyByteBufBE)
DELETE /session/20496915c8486378a4dc76da0a63094b HTTP/1.1
User-Agent: selenium/4.1.2 (java windows)
Content-Type: application/json; charset=utf-8
host: localhost:53172
accept: */*

Response DefaultHttpResponse(decodeResult: success, version: HTTP/1.1)
HTTP/1.1 200 OK
Content-Type: application/json; charset=utf-8
cache-control: no-cache
content-length: 14

16:36:53.221 [AsyncHttpClient-1-8] DEBUG org.asynchttpclient.netty.channel.ChannelManager - Adding key: http://localhost:53172 for channel [id: 0x7e6712e2, L:/127.0.0.1:51318 - R:localhost/127.0.0.1:53172]
16:36:53.354 [AsyncHttpClient-1-8] DEBUG org.asynchttpclient.netty.handler.HttpHandler - Channel Closed: [id: 0x7e6712e2, L:/127.0.0.1:51318 ! R:localhost/127.0.0.1:53172] with attribute DISCARD
]]></system-out>
    <system-err><![CDATA[Starting ChromeDriver 102.0.5005.61 (0e59bcc00cc4985ce39ad31c150065f159d95ad3-refs/branch-heads/5005@{#819}) on port 53172
Only local connections are allowed.
Please see https://chromedriver.chromium.org/security-considerations for suggestions on keeping ChromeDriver safe.
ChromeDriver was started successfully.
Jun 20, 2022 4:36:46 PM org.openqa.selenium.remote.ProtocolHandshake createSession
INFO: Detected dialect: W3C
Jun 20, 2022 4:36:46 PM org.openqa.selenium.devtools.CdpVersionFinder findNearestMatch
WARNING: Unable to find an exact match for CDP version 102, so returning the closest version found: a no-op implementation
Jun 20, 2022 4:36:46 PM org.openqa.selenium.devtools.CdpVersionFinder findNearestMatch
INFO: Unable to find CDP implementation matching 102.
Jun 20, 2022 4:36:46 PM org.openqa.selenium.chromium.ChromiumDriver lambda$new$3
WARNING: Unable to find version of CDP to use for . You may need to include a dependency on a specific version of the CDP using something similar to `org.seleniumhq.selenium:selenium-devtools-v86:4.1.2` where the version ("v86") matches the version of the chromium-based browser you're using and the version number of the artifact is the same as Selenium's.
]]></system-err>
  </testcase>
  <testcase name="Filter Doctor Pediatric Scenario" classname="Doctor" time="9.002">
    <system-out><![CDATA[
@Doctor @FilterDoctorPediatric
Scenario: Filter Doctor Pediatric Scenario                          &amp#27;[90m# src/test/resources/features/3.Doctor.feature:106&amp#27;[0m
16:36:53.910 [main] INFO io.cucumber.core.plugin.SerenityReporter - Running feature from file:///E:/My%20Documents/File%20Difa/TI%20Semester%206%20Kampus%20Merdeka%20Alterra/Tugas/CAPSTONE%20Project/Capstone-Project-Website/src/test/resources/features/3.Doctor.feature
16:36:53.910 [main] INFO  - 
  _____   ___   ___   _____     ___   _____     _     ___   _____   ___   ___  
 |_   _| | __| / __| |_   _|   / __| |_   _|   /_\   | _ \ |_   _| | __| |   \ 
   | |   | _|  \__ \   | |     \__ \   | |    / _ \  |   /   | |   | _|  | |) |
   |_|   |___| |___/   |_|     |___/   |_|   /_/ \_\ |_|_\   |_|   |___| |___/ 

Filter Doctor Pediatric Scenario(doctor;filter-doctor-pediatric-scenario)
--------------------------------------------------------------------------------
16:36:53.993 [main] DEBUG net.thucydides.core.steps.StepInterceptor - STARTING STEP: DashboardSteps.iAmOnTheDashboardPage - openUrl
16:36:53.995 [main] INFO net.serenitybdd.core.webdriver.driverproviders.ChromeDriverProvider - Using automatically driver download
16:36:54.261 [AsyncHttpClient-1-1] DEBUG org.asynchttpclient.netty.channel.DefaultChannelPool - Entry count for : http://localhost:51319 : 1
16:36:54.261 [AsyncHttpClient-1-1] DEBUG org.asynchttpclient.netty.channel.DefaultChannelPool - Entry count for : http://localhost:53172 : 1
16:36:54.261 [AsyncHttpClient-1-1] DEBUG org.asynchttpclient.netty.channel.DefaultChannelPool - Adding Candidate expired Channel [id: 0xbbff4f53, L:/127.0.0.1:51325 ! R:localhost/127.0.0.1:51319] isIdleTimeoutExpired=false isRemotelyClosed=true isTtlExpired=false
16:36:54.261 [AsyncHttpClient-1-1] DEBUG org.asynchttpclient.netty.channel.DefaultChannelPool - Closing Idle Channel [id: 0xbbff4f53, L:/127.0.0.1:51325 ! R:localhost/127.0.0.1:51319]
16:36:54.261 [AsyncHttpClient-1-1] DEBUG org.asynchttpclient.netty.channel.DefaultChannelPool - Adding Candidate expired Channel [id: 0x7e6712e2, L:/127.0.0.1:51318 ! R:localhost/127.0.0.1:53172] isIdleTimeoutExpired=false isRemotelyClosed=true isTtlExpired=false
16:36:54.261 [AsyncHttpClient-1-1] DEBUG org.asynchttpclient.netty.channel.DefaultChannelPool - Closing Idle Channel [id: 0x7e6712e2, L:/127.0.0.1:51318 ! R:localhost/127.0.0.1:53172]
16:36:54.261 [AsyncHttpClient-1-1] DEBUG org.asynchttpclient.netty.channel.DefaultChannelPool - Closed 2 connections out of 2 in 0 ms
16:36:54.462 [main] DEBUG io.github.bonigarcia.wdm.cache.ResolutionCache - Resolution chrome=102 in cache (valid until 16:47:55 20/06/2022 ICT)
16:36:54.466 [main] DEBUG io.github.bonigarcia.wdm.cache.ResolutionCache - Resolution chrome102=102.0.5005.61 in cache (valid until 09:12:44 21/06/2022 ICT)
16:36:54.468 [main] INFO io.github.bonigarcia.wdm.WebDriverManager - Using chromedriver 102.0.5005.61 (resolved driver for Chrome 102)
16:36:54.481 [main] DEBUG io.github.bonigarcia.wdm.WebDriverManager - Driver chromedriver 102.0.5005.61 found in cache
16:36:54.481 [main] INFO io.github.bonigarcia.wdm.WebDriverManager - Exporting webdriver.chrome.driver as C:\Users\USER\.cache\selenium\chromedriver\win32\102.0.5005.61\chromedriver.exe
16:36:54.694 [main] DEBUG net.serenitybdd.core.webdriver.driverproviders.ProvideNewDriver - Instantiating driver
16:36:54.694 [main] DEBUG net.serenitybdd.core.webdriver.driverproviders.ProvideNewDriver - Driver capabilities: Capabilities {acceptInsecureCerts: false, base.url: https://hospital-management..., browserName: chrome, chrome.driver: src/test/resources/webdrive..., driver: chrome, goog:chromeOptions: {args: [], extensions: []}}
16:36:55.211 [AsyncHttpClient-1-3] DEBUG org.asynchttpclient.netty.channel.NettyConnectListener - Using new Channel '[id: 0x8a45de0b, L:/127.0.0.1:51341 - R:localhost/127.0.0.1:54402]' for 'POST' to '/session'
16:36:56.625 [AsyncHttpClient-1-3] DEBUG org.asynchttpclient.netty.handler.HttpHandler - 

Request DefaultHttpRequest(decodeResult: success, version: HTTP/1.1)
POST /session HTTP/1.1
User-Agent: selenium/4.1.2 (java windows)
Content-Length: 621
Content-Type: application/json; charset=utf-8
host: localhost:54402
accept: */*

Response DefaultHttpResponse(decodeResult: success, version: HTTP/1.1)
HTTP/1.1 200 OK
Content-Type: application/json; charset=utf-8
cache-control: no-cache
content-length: 789

16:36:56.625 [AsyncHttpClient-1-3] DEBUG org.asynchttpclient.netty.channel.ChannelManager - Adding key: http://localhost:54402 for channel [id: 0x8a45de0b, L:/127.0.0.1:51341 - R:localhost/127.0.0.1:54402]
16:36:56.642 [AsyncHttpClient-1-4] DEBUG org.asynchttpclient.netty.channel.NettyConnectListener - Using new Channel '[id: 0xffceda8f, L:/127.0.0.1:51347 - R:localhost/127.0.0.1:51342]' for 'GET' to '/json/version'
16:36:56.643 [AsyncHttpClient-1-4] DEBUG org.asynchttpclient.netty.handler.HttpHandler - 

Request DefaultFullHttpRequest(decodeResult: success, version: HTTP/1.1, content: EmptyByteBufBE)
GET /json/version HTTP/1.1
User-Agent: selenium/4.1.2 (java windows)
host: localhost:51342
accept: */*

Response DefaultHttpResponse(decodeResult: success, version: HTTP/1.1)
HTTP/1.1 200 OK
Content-Type: application/json; charset=UTF-8
content-length: 427

16:36:56.643 [AsyncHttpClient-1-4] DEBUG org.asynchttpclient.netty.channel.ChannelManager - Adding key: http://localhost:51342 for channel [id: 0xffceda8f, L:/127.0.0.1:51347 - R:localhost/127.0.0.1:51342]
16:36:56.645 [AsyncHttpClient-1-5] DEBUG org.asynchttpclient.netty.channel.NettyConnectListener - Using new Channel '[id: 0xa24560ce, L:/127.0.0.1:51348 - R:localhost/127.0.0.1:51342]' for 'GET' to '/devtools/browser/37c989c3-1e56-4669-bd1d-392a0797f2fb'
16:36:56.647 [AsyncHttpClient-1-5] DEBUG org.asynchttpclient.netty.handler.WebSocketHandler - 

Request DefaultFullHttpRequest(decodeResult: success, version: HTTP/1.1, content: EmptyByteBufBE)
GET /devtools/browser/37c989c3-1e56-4669-bd1d-392a0797f2fb HTTP/1.1
upgrade: websocket
connection: upgrade
sec-websocket-key: S+A1tQaiVo6mZKBUuSwdcQ==
sec-websocket-version: 13
origin: http://localhost:51342
host: localhost:51342
accept: */*
user-agent: AHC/2.1

Response DefaultHttpResponse(decodeResult: success, version: HTTP/1.1)
HTTP/1.1 101 WebSocket Protocol Handshake
Upgrade: WebSocket
Connection: Upgrade
Sec-WebSocket-Accept: CDJg0n9mBTXNLjRYaZN+PAaKvg8=

16:36:56.682 [Forwarding maximizeCurrentWindow on session cab517bd682df72c1cd8aa9338012fd6 to remote] DEBUG org.asynchttpclient.netty.request.NettyRequestSender - Using pooled Channel '[id: 0x8a45de0b, L:/127.0.0.1:51341 - R:localhost/127.0.0.1:54402]' for 'POST' to 'http://localhost:54402/session/cab517bd682df72c1cd8aa9338012fd6/window/maximize'
16:36:56.682 [Forwarding maximizeCurrentWindow on session cab517bd682df72c1cd8aa9338012fd6 to remote] DEBUG org.asynchttpclient.netty.request.NettyRequestSender - Using open Channel [id: 0x8a45de0b, L:/127.0.0.1:51341 - R:localhost/127.0.0.1:54402] for POST '/session/cab517bd682df72c1cd8aa9338012fd6/window/maximize'
16:36:56.803 [AsyncHttpClient-1-3] DEBUG org.asynchttpclient.netty.handler.HttpHandler - 

Request DefaultHttpRequest(decodeResult: success, version: HTTP/1.1)
POST /session/cab517bd682df72c1cd8aa9338012fd6/window/maximize HTTP/1.1
User-Agent: selenium/4.1.2 (java windows)
Content-Length: 3
Content-Type: application/json; charset=utf-8
host: localhost:54402
accept: */*

Response DefaultHttpResponse(decodeResult: success, version: HTTP/1.1)
HTTP/1.1 200 OK
Content-Type: application/json; charset=utf-8
cache-control: no-cache
content-length: 51

16:36:56.804 [AsyncHttpClient-1-3] DEBUG org.asynchttpclient.netty.channel.ChannelManager - Adding key: http://localhost:54402 for channel [id: 0x8a45de0b, L:/127.0.0.1:51341 - R:localhost/127.0.0.1:54402]
16:36:56.806 [Forwarding get on session cab517bd682df72c1cd8aa9338012fd6 to remote] DEBUG org.asynchttpclient.netty.request.NettyRequestSender - Using pooled Channel '[id: 0x8a45de0b, L:/127.0.0.1:51341 - R:localhost/127.0.0.1:54402]' for 'POST' to 'http://localhost:54402/session/cab517bd682df72c1cd8aa9338012fd6/url'
16:36:56.806 [Forwarding get on session cab517bd682df72c1cd8aa9338012fd6 to remote] DEBUG org.asynchttpclient.netty.request.NettyRequestSender - Using open Channel [id: 0x8a45de0b, L:/127.0.0.1:51341 - R:localhost/127.0.0.1:54402] for POST '/session/cab517bd682df72c1cd8aa9338012fd6/url'
16:36:57.537 [AsyncHttpClient-1-1] DEBUG org.asynchttpclient.netty.channel.DefaultChannelPool - Entry count for : http://localhost:51342 : 1
16:36:58.638 [AsyncHttpClient-1-1] DEBUG org.asynchttpclient.netty.channel.DefaultChannelPool - Entry count for : http://localhost:51342 : 1
16:36:59.653 [AsyncHttpClient-1-3] DEBUG org.asynchttpclient.netty.handler.HttpHandler - 

Request DefaultHttpRequest(decodeResult: success, version: HTTP/1.1)
POST /session/cab517bd682df72c1cd8aa9338012fd6/url HTTP/1.1
User-Agent: selenium/4.1.2 (java windows)
Content-Length: 65
Content-Type: application/json; charset=utf-8
host: localhost:54402
accept: */*

Response DefaultHttpResponse(decodeResult: success, version: HTTP/1.1)
HTTP/1.1 200 OK
Content-Type: application/json; charset=utf-8
cache-control: no-cache
content-length: 14

16:36:59.653 [AsyncHttpClient-1-3] DEBUG org.asynchttpclient.netty.channel.ChannelManager - Adding key: http://localhost:54402 for channel [id: 0x8a45de0b, L:/127.0.0.1:51341 - R:localhost/127.0.0.1:54402]
16:36:59.658 [Forwarding setTimeout on session cab517bd682df72c1cd8aa9338012fd6 to remote] DEBUG org.asynchttpclient.netty.request.NettyRequestSender - Using pooled Channel '[id: 0x8a45de0b, L:/127.0.0.1:51341 - R:localhost/127.0.0.1:54402]' for 'POST' to 'http://localhost:54402/session/cab517bd682df72c1cd8aa9338012fd6/timeouts'
16:36:59.659 [Forwarding setTimeout on session cab517bd682df72c1cd8aa9338012fd6 to remote] DEBUG org.asynchttpclient.netty.request.NettyRequestSender - Using open Channel [id: 0x8a45de0b, L:/127.0.0.1:51341 - R:localhost/127.0.0.1:54402] for POST '/session/cab517bd682df72c1cd8aa9338012fd6/timeouts'
16:36:59.662 [AsyncHttpClient-1-3] DEBUG org.asynchttpclient.netty.handler.HttpHandler - 

Request DefaultHttpRequest(decodeResult: success, version: HTTP/1.1)
POST /session/cab517bd682df72c1cd8aa9338012fd6/timeouts HTTP/1.1
User-Agent: selenium/4.1.2 (java windows)
Content-Length: 22
Content-Type: application/json; charset=utf-8
host: localhost:54402
accept: */*

Response DefaultHttpResponse(decodeResult: success, version: HTTP/1.1)
HTTP/1.1 200 OK
Content-Type: application/json; charset=utf-8
cache-control: no-cache
content-length: 14

16:36:59.662 [AsyncHttpClient-1-3] DEBUG org.asynchttpclient.netty.channel.ChannelManager - Adding key: http://localhost:54402 for channel [id: 0x8a45de0b, L:/127.0.0.1:51341 - R:localhost/127.0.0.1:54402]
16:36:59.666 [Forwarding getCurrentUrl on session cab517bd682df72c1cd8aa9338012fd6 to remote] DEBUG org.asynchttpclient.netty.request.NettyRequestSender - Using pooled Channel '[id: 0x8a45de0b, L:/127.0.0.1:51341 - R:localhost/127.0.0.1:54402]' for 'GET' to 'http://localhost:54402/session/cab517bd682df72c1cd8aa9338012fd6/url'
16:36:59.666 [Forwarding getCurrentUrl on session cab517bd682df72c1cd8aa9338012fd6 to remote] DEBUG org.asynchttpclient.netty.request.NettyRequestSender - Using open Channel [id: 0x8a45de0b, L:/127.0.0.1:51341 - R:localhost/127.0.0.1:54402] for GET '/session/cab517bd682df72c1cd8aa9338012fd6/url'
16:36:59.672 [AsyncHttpClient-1-3] DEBUG org.asynchttpclient.netty.handler.HttpHandler - 

Request DefaultFullHttpRequest(decodeResult: success, version: HTTP/1.1, content: EmptyByteBufBE)
GET /session/cab517bd682df72c1cd8aa9338012fd6/url HTTP/1.1
User-Agent: selenium/4.1.2 (java windows)
Cache-Control: no-cache
Content-Type: application/json; charset=utf-8
host: localhost:54402
accept: */*

Response DefaultHttpResponse(decodeResult: success, version: HTTP/1.1)
HTTP/1.1 200 OK
Content-Type: application/json; charset=utf-8
cache-control: no-cache
content-length: 53

16:36:59.672 [AsyncHttpClient-1-3] DEBUG org.asynchttpclient.netty.channel.ChannelManager - Adding key: http://localhost:54402 for channel [id: 0x8a45de0b, L:/127.0.0.1:51341 - R:localhost/127.0.0.1:54402]
16:36:59.678 [Forwarding getCurrentUrl on session cab517bd682df72c1cd8aa9338012fd6 to remote] DEBUG org.asynchttpclient.netty.request.NettyRequestSender - Using pooled Channel '[id: 0x8a45de0b, L:/127.0.0.1:51341 - R:localhost/127.0.0.1:54402]' for 'GET' to 'http://localhost:54402/session/cab517bd682df72c1cd8aa9338012fd6/url'
16:36:59.678 [Forwarding getCurrentUrl on session cab517bd682df72c1cd8aa9338012fd6 to remote] DEBUG org.asynchttpclient.netty.request.NettyRequestSender - Using open Channel [id: 0x8a45de0b, L:/127.0.0.1:51341 - R:localhost/127.0.0.1:54402] for GET '/session/cab517bd682df72c1cd8aa9338012fd6/url'
16:36:59.682 [AsyncHttpClient-1-3] DEBUG org.asynchttpclient.netty.handler.HttpHandler - 

Request DefaultFullHttpRequest(decodeResult: success, version: HTTP/1.1, content: EmptyByteBufBE)
GET /session/cab517bd682df72c1cd8aa9338012fd6/url HTTP/1.1
User-Agent: selenium/4.1.2 (java windows)
Cache-Control: no-cache
Content-Type: application/json; charset=utf-8
host: localhost:54402
accept: */*

Response DefaultHttpResponse(decodeResult: success, version: HTTP/1.1)
HTTP/1.1 200 OK
Content-Type: application/json; charset=utf-8
cache-control: no-cache
content-length: 53

16:36:59.682 [AsyncHttpClient-1-3] DEBUG org.asynchttpclient.netty.channel.ChannelManager - Adding key: http://localhost:54402 for channel [id: 0x8a45de0b, L:/127.0.0.1:51341 - R:localhost/127.0.0.1:54402]
16:36:59.687 [Forwarding screenshot on session cab517bd682df72c1cd8aa9338012fd6 to remote] DEBUG org.asynchttpclient.netty.request.NettyRequestSender - Using pooled Channel '[id: 0x8a45de0b, L:/127.0.0.1:51341 - R:localhost/127.0.0.1:54402]' for 'GET' to 'http://localhost:54402/session/cab517bd682df72c1cd8aa9338012fd6/screenshot'
16:36:59.687 [Forwarding screenshot on session cab517bd682df72c1cd8aa9338012fd6 to remote] DEBUG org.asynchttpclient.netty.request.NettyRequestSender - Using open Channel [id: 0x8a45de0b, L:/127.0.0.1:51341 - R:localhost/127.0.0.1:54402] for GET '/session/cab517bd682df72c1cd8aa9338012fd6/screenshot'
16:36:59.737 [AsyncHttpClient-1-1] DEBUG org.asynchttpclient.netty.channel.DefaultChannelPool - Entry count for : http://localhost:51342 : 1
16:36:59.959 [AsyncHttpClient-1-3] DEBUG org.asynchttpclient.netty.handler.HttpHandler - 

Request DefaultFullHttpRequest(decodeResult: success, version: HTTP/1.1, content: EmptyByteBufBE)
GET /session/cab517bd682df72c1cd8aa9338012fd6/screenshot HTTP/1.1
User-Agent: selenium/4.1.2 (java windows)
Cache-Control: no-cache
Content-Type: application/json; charset=utf-8
host: localhost:54402
accept: */*

Response DefaultHttpResponse(decodeResult: success, version: HTTP/1.1)
HTTP/1.1 200 OK
Content-Type: application/json; charset=utf-8
cache-control: no-cache
content-length: 382596

16:36:59.961 [AsyncHttpClient-1-3] DEBUG org.asynchttpclient.netty.channel.ChannelManager - Adding key: http://localhost:54402 for channel [id: 0x8a45de0b, L:/127.0.0.1:51341 - R:localhost/127.0.0.1:54402]
16:37:00.008 [main] DEBUG net.serenitybdd.core.photography.Darkroom - Send negative for processing for target\site\serenity\ed15a54c91c342d96a850276df7b559f4526b370fc93040e3c407a48a170f368.png
16:37:00.008 [main] DEBUG net.thucydides.core.steps.StepInterceptor - STEP DONE: openUrl
16:37:00.014 [main] DEBUG net.thucydides.core.steps.StepInterceptor - STARTING STEP: DashboardSteps.iAmOnTheDashboardPage - validateOnDashboardPage
16:37:00.017 [Forwarding findElement on session cab517bd682df72c1cd8aa9338012fd6 to remote] DEBUG org.asynchttpclient.netty.request.NettyRequestSender - Using pooled Channel '[id: 0x8a45de0b, L:/127.0.0.1:51341 - R:localhost/127.0.0.1:54402]' for 'POST' to 'http://localhost:54402/session/cab517bd682df72c1cd8aa9338012fd6/element'
16:37:00.017 [Forwarding findElement on session cab517bd682df72c1cd8aa9338012fd6 to remote] DEBUG org.asynchttpclient.netty.request.NettyRequestSender - Using open Channel [id: 0x8a45de0b, L:/127.0.0.1:51341 - R:localhost/127.0.0.1:54402] for POST '/session/cab517bd682df72c1cd8aa9338012fd6/element'
16:37:00.037 [AsyncHttpClient-1-3] DEBUG org.asynchttpclient.netty.handler.HttpHandler - 

Request DefaultHttpRequest(decodeResult: success, version: HTTP/1.1)
POST /session/cab517bd682df72c1cd8aa9338012fd6/element HTTP/1.1
User-Agent: selenium/4.1.2 (java windows)
Content-Length: 81
Content-Type: application/json; charset=utf-8
host: localhost:54402
accept: */*

Response DefaultHttpResponse(decodeResult: success, version: HTTP/1.1)
HTTP/1.1 200 OK
Content-Type: application/json; charset=utf-8
cache-control: no-cache
content-length: 88

16:37:00.037 [AsyncHttpClient-1-3] DEBUG org.asynchttpclient.netty.channel.ChannelManager - Adding key: http://localhost:54402 for channel [id: 0x8a45de0b, L:/127.0.0.1:51341 - R:localhost/127.0.0.1:54402]
16:37:00.044 [Forwarding isElementDisplayed on session cab517bd682df72c1cd8aa9338012fd6 to remote] DEBUG org.asynchttpclient.netty.request.NettyRequestSender - Using pooled Channel '[id: 0x8a45de0b, L:/127.0.0.1:51341 - R:localhost/127.0.0.1:54402]' for 'POST' to 'http://localhost:54402/session/cab517bd682df72c1cd8aa9338012fd6/execute/sync'
16:37:00.044 [Forwarding isElementDisplayed on session cab517bd682df72c1cd8aa9338012fd6 to remote] DEBUG org.asynchttpclient.netty.request.NettyRequestSender - Using open Channel [id: 0x8a45de0b, L:/127.0.0.1:51341 - R:localhost/127.0.0.1:54402] for POST '/session/cab517bd682df72c1cd8aa9338012fd6/execute/sync'
16:37:00.262 [AsyncHttpClient-1-3] DEBUG org.asynchttpclient.netty.handler.HttpHandler - 

Request DefaultHttpRequest(decodeResult: success, version: HTTP/1.1)
POST /session/cab517bd682df72c1cd8aa9338012fd6/execute/sync HTTP/1.1
User-Agent: selenium/4.1.2 (java windows)
Content-Length: 48780
Content-Type: application/json; charset=utf-8
host: localhost:54402
accept: */*

Response DefaultHttpResponse(decodeResult: success, version: HTTP/1.1)
HTTP/1.1 200 OK
Content-Type: application/json; charset=utf-8
cache-control: no-cache
content-length: 14

16:37:00.262 [AsyncHttpClient-1-3] DEBUG org.asynchttpclient.netty.channel.ChannelManager - Adding key: http://localhost:54402 for channel [id: 0x8a45de0b, L:/127.0.0.1:51341 - R:localhost/127.0.0.1:54402]
16:37:00.268 [Forwarding screenshot on session cab517bd682df72c1cd8aa9338012fd6 to remote] DEBUG org.asynchttpclient.netty.request.NettyRequestSender - Using pooled Channel '[id: 0x8a45de0b, L:/127.0.0.1:51341 - R:localhost/127.0.0.1:54402]' for 'GET' to 'http://localhost:54402/session/cab517bd682df72c1cd8aa9338012fd6/screenshot'
16:37:00.268 [Forwarding screenshot on session cab517bd682df72c1cd8aa9338012fd6 to remote] DEBUG org.asynchttpclient.netty.request.NettyRequestSender - Using open Channel [id: 0x8a45de0b, L:/127.0.0.1:51341 - R:localhost/127.0.0.1:54402] for GET '/session/cab517bd682df72c1cd8aa9338012fd6/screenshot'
16:37:00.533 [AsyncHttpClient-1-3] DEBUG org.asynchttpclient.netty.handler.HttpHandler - 

Request DefaultFullHttpRequest(decodeResult: success, version: HTTP/1.1, content: EmptyByteBufBE)
GET /session/cab517bd682df72c1cd8aa9338012fd6/screenshot HTTP/1.1
User-Agent: selenium/4.1.2 (java windows)
Cache-Control: no-cache
Content-Type: application/json; charset=utf-8
host: localhost:54402
accept: */*

Response DefaultHttpResponse(decodeResult: success, version: HTTP/1.1)
HTTP/1.1 200 OK
Content-Type: application/json; charset=utf-8
cache-control: no-cache
content-length: 351816

16:37:00.535 [AsyncHttpClient-1-3] DEBUG org.asynchttpclient.netty.channel.ChannelManager - Adding key: http://localhost:54402 for channel [id: 0x8a45de0b, L:/127.0.0.1:51341 - R:localhost/127.0.0.1:54402]
16:37:00.590 [main] DEBUG net.serenitybdd.core.photography.Darkroom - Send negative for processing for target\site\serenity\20277f1d76f1b925628464fcd1ece5de77a814679d1be3fdcf836a7ddadfed60.png
16:37:00.590 [main] DEBUG net.thucydides.core.steps.StepInterceptor - STEP DONE: validateOnDashboardPage
  &amp#27;[32mGiven &amp#27;[0m&amp#27;[32mI am on the dashboard page&amp#27;[0m                                  &amp#27;[90m# starter.stepdefinitions.DashboardSteps.iAmOnTheDashboardPage()&amp#27;[0m
16:37:00.616 [main] DEBUG net.thucydides.core.steps.StepInterceptor - STARTING STEP: DoctorSteps.iClickMenuDoctor - clickMenuDoctorButton
16:37:00.619 [Forwarding findElement on session cab517bd682df72c1cd8aa9338012fd6 to remote] DEBUG org.asynchttpclient.netty.request.NettyRequestSender - Using pooled Channel '[id: 0x8a45de0b, L:/127.0.0.1:51341 - R:localhost/127.0.0.1:54402]' for 'POST' to 'http://localhost:54402/session/cab517bd682df72c1cd8aa9338012fd6/element'
16:37:00.619 [Forwarding findElement on session cab517bd682df72c1cd8aa9338012fd6 to remote] DEBUG org.asynchttpclient.netty.request.NettyRequestSender - Using open Channel [id: 0x8a45de0b, L:/127.0.0.1:51341 - R:localhost/127.0.0.1:54402] for POST '/session/cab517bd682df72c1cd8aa9338012fd6/element'
16:37:00.633 [AsyncHttpClient-1-3] DEBUG org.asynchttpclient.netty.handler.HttpHandler - 

Request DefaultHttpRequest(decodeResult: success, version: HTTP/1.1)
POST /session/cab517bd682df72c1cd8aa9338012fd6/element HTTP/1.1
User-Agent: selenium/4.1.2 (java windows)
Content-Length: 79
Content-Type: application/json; charset=utf-8
host: localhost:54402
accept: */*

Response DefaultHttpResponse(decodeResult: success, version: HTTP/1.1)
HTTP/1.1 200 OK
Content-Type: application/json; charset=utf-8
cache-control: no-cache
content-length: 88

16:37:00.634 [AsyncHttpClient-1-3] DEBUG org.asynchttpclient.netty.channel.ChannelManager - Adding key: http://localhost:54402 for channel [id: 0x8a45de0b, L:/127.0.0.1:51341 - R:localhost/127.0.0.1:54402]
16:37:00.635 [Forwarding getElementTagName on session cab517bd682df72c1cd8aa9338012fd6 to remote] DEBUG org.asynchttpclient.netty.request.NettyRequestSender - Using pooled Channel '[id: 0x8a45de0b, L:/127.0.0.1:51341 - R:localhost/127.0.0.1:54402]' for 'GET' to 'http://localhost:54402/session/cab517bd682df72c1cd8aa9338012fd6/element/8acec981-3f58-4095-86d3-c3f6d5e552f5/name'
16:37:00.635 [Forwarding getElementTagName on session cab517bd682df72c1cd8aa9338012fd6 to remote] DEBUG org.asynchttpclient.netty.request.NettyRequestSender - Using open Channel [id: 0x8a45de0b, L:/127.0.0.1:51341 - R:localhost/127.0.0.1:54402] for GET '/session/cab517bd682df72c1cd8aa9338012fd6/element/8acec981-3f58-4095-86d3-c3f6d5e552f5/name'
16:37:00.642 [AsyncHttpClient-1-3] DEBUG org.asynchttpclient.netty.handler.HttpHandler - 

Request DefaultFullHttpRequest(decodeResult: success, version: HTTP/1.1, content: EmptyByteBufBE)
GET /session/cab517bd682df72c1cd8aa9338012fd6/element/8acec981-3f58-4095-86d3-c3f6d5e552f5/name HTTP/1.1
User-Agent: selenium/4.1.2 (java windows)
Cache-Control: no-cache
Content-Type: application/json; charset=utf-8
host: localhost:54402
accept: */*

Response DefaultHttpResponse(decodeResult: success, version: HTTP/1.1)
HTTP/1.1 200 OK
Content-Type: application/json; charset=utf-8
cache-control: no-cache
content-length: 15

16:37:00.643 [AsyncHttpClient-1-3] DEBUG org.asynchttpclient.netty.channel.ChannelManager - Adding key: http://localhost:54402 for channel [id: 0x8a45de0b, L:/127.0.0.1:51341 - R:localhost/127.0.0.1:54402]
16:37:00.644 [Forwarding getElementTagName on session cab517bd682df72c1cd8aa9338012fd6 to remote] DEBUG org.asynchttpclient.netty.request.NettyRequestSender - Using pooled Channel '[id: 0x8a45de0b, L:/127.0.0.1:51341 - R:localhost/127.0.0.1:54402]' for 'GET' to 'http://localhost:54402/session/cab517bd682df72c1cd8aa9338012fd6/element/8acec981-3f58-4095-86d3-c3f6d5e552f5/name'
16:37:00.644 [Forwarding getElementTagName on session cab517bd682df72c1cd8aa9338012fd6 to remote] DEBUG org.asynchttpclient.netty.request.NettyRequestSender - Using open Channel [id: 0x8a45de0b, L:/127.0.0.1:51341 - R:localhost/127.0.0.1:54402] for GET '/session/cab517bd682df72c1cd8aa9338012fd6/element/8acec981-3f58-4095-86d3-c3f6d5e552f5/name'
16:37:00.647 [AsyncHttpClient-1-3] DEBUG org.asynchttpclient.netty.handler.HttpHandler - 

Request DefaultFullHttpRequest(decodeResult: success, version: HTTP/1.1, content: EmptyByteBufBE)
GET /session/cab517bd682df72c1cd8aa9338012fd6/element/8acec981-3f58-4095-86d3-c3f6d5e552f5/name HTTP/1.1
User-Agent: selenium/4.1.2 (java windows)
Cache-Control: no-cache
Content-Type: application/json; charset=utf-8
host: localhost:54402
accept: */*

Response DefaultHttpResponse(decodeResult: success, version: HTTP/1.1)
HTTP/1.1 200 OK
Content-Type: application/json; charset=utf-8
cache-control: no-cache
content-length: 15

16:37:00.647 [AsyncHttpClient-1-3] DEBUG org.asynchttpclient.netty.channel.ChannelManager - Adding key: http://localhost:54402 for channel [id: 0x8a45de0b, L:/127.0.0.1:51341 - R:localhost/127.0.0.1:54402]
16:37:00.649 [Forwarding findElement on session cab517bd682df72c1cd8aa9338012fd6 to remote] DEBUG org.asynchttpclient.netty.request.NettyRequestSender - Using pooled Channel '[id: 0x8a45de0b, L:/127.0.0.1:51341 - R:localhost/127.0.0.1:54402]' for 'POST' to 'http://localhost:54402/session/cab517bd682df72c1cd8aa9338012fd6/element'
16:37:00.649 [Forwarding findElement on session cab517bd682df72c1cd8aa9338012fd6 to remote] DEBUG org.asynchttpclient.netty.request.NettyRequestSender - Using open Channel [id: 0x8a45de0b, L:/127.0.0.1:51341 - R:localhost/127.0.0.1:54402] for POST '/session/cab517bd682df72c1cd8aa9338012fd6/element'
16:37:00.658 [AsyncHttpClient-1-3] DEBUG org.asynchttpclient.netty.handler.HttpHandler - 

Request DefaultHttpRequest(decodeResult: success, version: HTTP/1.1)
POST /session/cab517bd682df72c1cd8aa9338012fd6/element HTTP/1.1
User-Agent: selenium/4.1.2 (java windows)
Content-Length: 79
Content-Type: application/json; charset=utf-8
host: localhost:54402
accept: */*

Response DefaultHttpResponse(decodeResult: success, version: HTTP/1.1)
HTTP/1.1 200 OK
Content-Type: application/json; charset=utf-8
cache-control: no-cache
content-length: 88

16:37:00.658 [AsyncHttpClient-1-3] DEBUG org.asynchttpclient.netty.channel.ChannelManager - Adding key: http://localhost:54402 for channel [id: 0x8a45de0b, L:/127.0.0.1:51341 - R:localhost/127.0.0.1:54402]
16:37:00.659 [Forwarding clickElement on session cab517bd682df72c1cd8aa9338012fd6 to remote] DEBUG org.asynchttpclient.netty.request.NettyRequestSender - Using pooled Channel '[id: 0x8a45de0b, L:/127.0.0.1:51341 - R:localhost/127.0.0.1:54402]' for 'POST' to 'http://localhost:54402/session/cab517bd682df72c1cd8aa9338012fd6/element/8acec981-3f58-4095-86d3-c3f6d5e552f5/click'
16:37:00.659 [Forwarding clickElement on session cab517bd682df72c1cd8aa9338012fd6 to remote] DEBUG org.asynchttpclient.netty.request.NettyRequestSender - Using open Channel [id: 0x8a45de0b, L:/127.0.0.1:51341 - R:localhost/127.0.0.1:54402] for POST '/session/cab517bd682df72c1cd8aa9338012fd6/element/8acec981-3f58-4095-86d3-c3f6d5e552f5/click'
16:37:00.832 [AsyncHttpClient-1-3] DEBUG org.asynchttpclient.netty.handler.HttpHandler - 

Request DefaultHttpRequest(decodeResult: success, version: HTTP/1.1)
POST /session/cab517bd682df72c1cd8aa9338012fd6/element/8acec981-3f58-4095-86d3-c3f6d5e552f5/click HTTP/1.1
User-Agent: selenium/4.1.2 (java windows)
Content-Length: 50
Content-Type: application/json; charset=utf-8
host: localhost:54402
accept: */*

Response DefaultHttpResponse(decodeResult: success, version: HTTP/1.1)
HTTP/1.1 200 OK
Content-Type: application/json; charset=utf-8
cache-control: no-cache
content-length: 14

16:37:00.832 [AsyncHttpClient-1-3] DEBUG org.asynchttpclient.netty.channel.ChannelManager - Adding key: http://localhost:54402 for channel [id: 0x8a45de0b, L:/127.0.0.1:51341 - R:localhost/127.0.0.1:54402]
16:37:00.837 [AsyncHttpClient-1-1] DEBUG org.asynchttpclient.netty.channel.DefaultChannelPool - Entry count for : http://localhost:54402 : 1
16:37:00.837 [AsyncHttpClient-1-1] DEBUG org.asynchttpclient.netty.channel.DefaultChannelPool - Entry count for : http://localhost:51342 : 1
16:37:00.841 [Forwarding screenshot on session cab517bd682df72c1cd8aa9338012fd6 to remote] DEBUG org.asynchttpclient.netty.request.NettyRequestSender - Using pooled Channel '[id: 0x8a45de0b, L:/127.0.0.1:51341 - R:localhost/127.0.0.1:54402]' for 'GET' to 'http://localhost:54402/session/cab517bd682df72c1cd8aa9338012fd6/screenshot'
16:37:00.841 [Forwarding screenshot on session cab517bd682df72c1cd8aa9338012fd6 to remote] DEBUG org.asynchttpclient.netty.request.NettyRequestSender - Using open Channel [id: 0x8a45de0b, L:/127.0.0.1:51341 - R:localhost/127.0.0.1:54402] for GET '/session/cab517bd682df72c1cd8aa9338012fd6/screenshot'
16:37:00.946 [AsyncHttpClient-1-3] DEBUG org.asynchttpclient.netty.handler.HttpHandler - 

Request DefaultFullHttpRequest(decodeResult: success, version: HTTP/1.1, content: EmptyByteBufBE)
GET /session/cab517bd682df72c1cd8aa9338012fd6/screenshot HTTP/1.1
User-Agent: selenium/4.1.2 (java windows)
Cache-Control: no-cache
Content-Type: application/json; charset=utf-8
host: localhost:54402
accept: */*

Response DefaultHttpResponse(decodeResult: success, version: HTTP/1.1)
HTTP/1.1 200 OK
Content-Type: application/json; charset=utf-8
cache-control: no-cache
content-length: 56192

16:37:00.946 [AsyncHttpClient-1-3] DEBUG org.asynchttpclient.netty.channel.ChannelManager - Adding key: http://localhost:54402 for channel [id: 0x8a45de0b, L:/127.0.0.1:51341 - R:localhost/127.0.0.1:54402]
16:37:00.950 [main] DEBUG net.serenitybdd.core.photography.Darkroom - Send negative for processing for target\site\serenity\d631e005c1ab8c2ae9496eb0000819a309562887f5f0fc5c3b73065dfab87bed.png
16:37:00.950 [main] DEBUG net.thucydides.core.steps.StepInterceptor - STEP DONE: clickMenuDoctorButton
  &amp#27;[32mAnd &amp#27;[0m&amp#27;[32mI click menu doctor&amp#27;[0m                                           &amp#27;[90m# starter.stepdefinitions.DoctorSteps.iClickMenuDoctor()&amp#27;[0m
16:37:00.966 [main] DEBUG net.thucydides.core.steps.StepInterceptor - STARTING STEP: DoctorSteps.iClickDoctorDepartmentFilterDropdown - clickFilterDropdown
16:37:00.970 [Forwarding findElement on session cab517bd682df72c1cd8aa9338012fd6 to remote] DEBUG org.asynchttpclient.netty.request.NettyRequestSender - Using pooled Channel '[id: 0x8a45de0b, L:/127.0.0.1:51341 - R:localhost/127.0.0.1:54402]' for 'POST' to 'http://localhost:54402/session/cab517bd682df72c1cd8aa9338012fd6/element'
16:37:00.970 [Forwarding findElement on session cab517bd682df72c1cd8aa9338012fd6 to remote] DEBUG org.asynchttpclient.netty.request.NettyRequestSender - Using open Channel [id: 0x8a45de0b, L:/127.0.0.1:51341 - R:localhost/127.0.0.1:54402] for POST '/session/cab517bd682df72c1cd8aa9338012fd6/element'
16:37:00.986 [AsyncHttpClient-1-3] DEBUG org.asynchttpclient.netty.handler.HttpHandler - 

Request DefaultHttpRequest(decodeResult: success, version: HTTP/1.1)
POST /session/cab517bd682df72c1cd8aa9338012fd6/element HTTP/1.1
User-Agent: selenium/4.1.2 (java windows)
Content-Length: 146
Content-Type: application/json; charset=utf-8
host: localhost:54402
accept: */*

Response DefaultHttpResponse(decodeResult: success, version: HTTP/1.1)
HTTP/1.1 200 OK
Content-Type: application/json; charset=utf-8
cache-control: no-cache
content-length: 88

16:37:00.986 [AsyncHttpClient-1-3] DEBUG org.asynchttpclient.netty.channel.ChannelManager - Adding key: http://localhost:54402 for channel [id: 0x8a45de0b, L:/127.0.0.1:51341 - R:localhost/127.0.0.1:54402]
16:37:00.988 [Forwarding getElementTagName on session cab517bd682df72c1cd8aa9338012fd6 to remote] DEBUG org.asynchttpclient.netty.request.NettyRequestSender - Using pooled Channel '[id: 0x8a45de0b, L:/127.0.0.1:51341 - R:localhost/127.0.0.1:54402]' for 'GET' to 'http://localhost:54402/session/cab517bd682df72c1cd8aa9338012fd6/element/52102de1-60b0-4b40-9589-f1183160dfbd/name'
16:37:00.988 [Forwarding getElementTagName on session cab517bd682df72c1cd8aa9338012fd6 to remote] DEBUG org.asynchttpclient.netty.request.NettyRequestSender - Using open Channel [id: 0x8a45de0b, L:/127.0.0.1:51341 - R:localhost/127.0.0.1:54402] for GET '/session/cab517bd682df72c1cd8aa9338012fd6/element/52102de1-60b0-4b40-9589-f1183160dfbd/name'
16:37:00.993 [AsyncHttpClient-1-3] DEBUG org.asynchttpclient.netty.handler.HttpHandler - 

Request DefaultFullHttpRequest(decodeResult: success, version: HTTP/1.1, content: EmptyByteBufBE)
GET /session/cab517bd682df72c1cd8aa9338012fd6/element/52102de1-60b0-4b40-9589-f1183160dfbd/name HTTP/1.1
User-Agent: selenium/4.1.2 (java windows)
Cache-Control: no-cache
Content-Type: application/json; charset=utf-8
host: localhost:54402
accept: */*

Response DefaultHttpResponse(decodeResult: success, version: HTTP/1.1)
HTTP/1.1 200 OK
Content-Type: application/json; charset=utf-8
cache-control: no-cache
content-length: 15

16:37:00.993 [AsyncHttpClient-1-3] DEBUG org.asynchttpclient.netty.channel.ChannelManager - Adding key: http://localhost:54402 for channel [id: 0x8a45de0b, L:/127.0.0.1:51341 - R:localhost/127.0.0.1:54402]
16:37:00.995 [Forwarding getElementTagName on session cab517bd682df72c1cd8aa9338012fd6 to remote] DEBUG org.asynchttpclient.netty.request.NettyRequestSender - Using pooled Channel '[id: 0x8a45de0b, L:/127.0.0.1:51341 - R:localhost/127.0.0.1:54402]' for 'GET' to 'http://localhost:54402/session/cab517bd682df72c1cd8aa9338012fd6/element/52102de1-60b0-4b40-9589-f1183160dfbd/name'
16:37:00.995 [Forwarding getElementTagName on session cab517bd682df72c1cd8aa9338012fd6 to remote] DEBUG org.asynchttpclient.netty.request.NettyRequestSender - Using open Channel [id: 0x8a45de0b, L:/127.0.0.1:51341 - R:localhost/127.0.0.1:54402] for GET '/session/cab517bd682df72c1cd8aa9338012fd6/element/52102de1-60b0-4b40-9589-f1183160dfbd/name'
16:37:00.998 [AsyncHttpClient-1-3] DEBUG org.asynchttpclient.netty.handler.HttpHandler - 

Request DefaultFullHttpRequest(decodeResult: success, version: HTTP/1.1, content: EmptyByteBufBE)
GET /session/cab517bd682df72c1cd8aa9338012fd6/element/52102de1-60b0-4b40-9589-f1183160dfbd/name HTTP/1.1
User-Agent: selenium/4.1.2 (java windows)
Cache-Control: no-cache
Content-Type: application/json; charset=utf-8
host: localhost:54402
accept: */*

Response DefaultHttpResponse(decodeResult: success, version: HTTP/1.1)
HTTP/1.1 200 OK
Content-Type: application/json; charset=utf-8
cache-control: no-cache
content-length: 15

16:37:00.998 [AsyncHttpClient-1-3] DEBUG org.asynchttpclient.netty.channel.ChannelManager - Adding key: http://localhost:54402 for channel [id: 0x8a45de0b, L:/127.0.0.1:51341 - R:localhost/127.0.0.1:54402]
16:37:01.001 [Forwarding findElement on session cab517bd682df72c1cd8aa9338012fd6 to remote] DEBUG org.asynchttpclient.netty.request.NettyRequestSender - Using pooled Channel '[id: 0x8a45de0b, L:/127.0.0.1:51341 - R:localhost/127.0.0.1:54402]' for 'POST' to 'http://localhost:54402/session/cab517bd682df72c1cd8aa9338012fd6/element'
16:37:01.001 [Forwarding findElement on session cab517bd682df72c1cd8aa9338012fd6 to remote] DEBUG org.asynchttpclient.netty.request.NettyRequestSender - Using open Channel [id: 0x8a45de0b, L:/127.0.0.1:51341 - R:localhost/127.0.0.1:54402] for POST '/session/cab517bd682df72c1cd8aa9338012fd6/element'
16:37:01.010 [AsyncHttpClient-1-3] DEBUG org.asynchttpclient.netty.handler.HttpHandler - 

Request DefaultHttpRequest(decodeResult: success, version: HTTP/1.1)
POST /session/cab517bd682df72c1cd8aa9338012fd6/element HTTP/1.1
User-Agent: selenium/4.1.2 (java windows)
Content-Length: 146
Content-Type: application/json; charset=utf-8
host: localhost:54402
accept: */*

Response DefaultHttpResponse(decodeResult: success, version: HTTP/1.1)
HTTP/1.1 200 OK
Content-Type: application/json; charset=utf-8
cache-control: no-cache
content-length: 88

16:37:01.010 [AsyncHttpClient-1-3] DEBUG org.asynchttpclient.netty.channel.ChannelManager - Adding key: http://localhost:54402 for channel [id: 0x8a45de0b, L:/127.0.0.1:51341 - R:localhost/127.0.0.1:54402]
16:37:01.011 [Forwarding clickElement on session cab517bd682df72c1cd8aa9338012fd6 to remote] DEBUG org.asynchttpclient.netty.request.NettyRequestSender - Using pooled Channel '[id: 0x8a45de0b, L:/127.0.0.1:51341 - R:localhost/127.0.0.1:54402]' for 'POST' to 'http://localhost:54402/session/cab517bd682df72c1cd8aa9338012fd6/element/52102de1-60b0-4b40-9589-f1183160dfbd/click'
16:37:01.011 [Forwarding clickElement on session cab517bd682df72c1cd8aa9338012fd6 to remote] DEBUG org.asynchttpclient.netty.request.NettyRequestSender - Using open Channel [id: 0x8a45de0b, L:/127.0.0.1:51341 - R:localhost/127.0.0.1:54402] for POST '/session/cab517bd682df72c1cd8aa9338012fd6/element/52102de1-60b0-4b40-9589-f1183160dfbd/click'
16:37:01.136 [AsyncHttpClient-1-3] DEBUG org.asynchttpclient.netty.handler.HttpHandler - 

Request DefaultHttpRequest(decodeResult: success, version: HTTP/1.1)
POST /session/cab517bd682df72c1cd8aa9338012fd6/element/52102de1-60b0-4b40-9589-f1183160dfbd/click HTTP/1.1
User-Agent: selenium/4.1.2 (java windows)
Content-Length: 50
Content-Type: application/json; charset=utf-8
host: localhost:54402
accept: */*

Response DefaultHttpResponse(decodeResult: success, version: HTTP/1.1)
HTTP/1.1 200 OK
Content-Type: application/json; charset=utf-8
cache-control: no-cache
content-length: 14

16:37:01.136 [AsyncHttpClient-1-3] DEBUG org.asynchttpclient.netty.channel.ChannelManager - Adding key: http://localhost:54402 for channel [id: 0x8a45de0b, L:/127.0.0.1:51341 - R:localhost/127.0.0.1:54402]
16:37:01.147 [Forwarding screenshot on session cab517bd682df72c1cd8aa9338012fd6 to remote] DEBUG org.asynchttpclient.netty.request.NettyRequestSender - Using pooled Channel '[id: 0x8a45de0b, L:/127.0.0.1:51341 - R:localhost/127.0.0.1:54402]' for 'GET' to 'http://localhost:54402/session/cab517bd682df72c1cd8aa9338012fd6/screenshot'
16:37:01.147 [Forwarding screenshot on session cab517bd682df72c1cd8aa9338012fd6 to remote] DEBUG org.asynchttpclient.netty.request.NettyRequestSender - Using open Channel [id: 0x8a45de0b, L:/127.0.0.1:51341 - R:localhost/127.0.0.1:54402] for GET '/session/cab517bd682df72c1cd8aa9338012fd6/screenshot'
16:37:01.262 [AsyncHttpClient-1-3] DEBUG org.asynchttpclient.netty.handler.HttpHandler - 

Request DefaultFullHttpRequest(decodeResult: success, version: HTTP/1.1, content: EmptyByteBufBE)
GET /session/cab517bd682df72c1cd8aa9338012fd6/screenshot HTTP/1.1
User-Agent: selenium/4.1.2 (java windows)
Cache-Control: no-cache
Content-Type: application/json; charset=utf-8
host: localhost:54402
accept: */*

Response DefaultHttpResponse(decodeResult: success, version: HTTP/1.1)
HTTP/1.1 200 OK
Content-Type: application/json; charset=utf-8
cache-control: no-cache
content-length: 64948

16:37:01.262 [AsyncHttpClient-1-3] DEBUG org.asynchttpclient.netty.channel.ChannelManager - Adding key: http://localhost:54402 for channel [id: 0x8a45de0b, L:/127.0.0.1:51341 - R:localhost/127.0.0.1:54402]
16:37:01.265 [main] DEBUG net.serenitybdd.core.photography.Darkroom - Send negative for processing for target\site\serenity\1018b2285bf3f595f85f619c6ababb5415c372b6f0bfa5323073b9541f6b8b65.png
16:37:01.266 [main] DEBUG net.thucydides.core.steps.StepInterceptor - STEP DONE: clickFilterDropdown
  &amp#27;[32mWhen &amp#27;[0m&amp#27;[32mI click doctor department filter dropdown&amp#27;[0m                    &amp#27;[90m# starter.stepdefinitions.DoctorSteps.iClickDoctorDepartmentFilterDropdown()&amp#27;[0m
16:37:01.266 [Darkroom Processing Line] DEBUG net.serenitybdd.core.photography.DarkroomProcessingLine - Processing screenshot image in /var/screenshots/screenshot-15838495902411491830
16:37:01.266 [Darkroom Processing Line] DEBUG net.serenitybdd.core.photography.DarkroomProcessingLine - Saving screenshot to target\site\serenity\1018b2285bf3f595f85f619c6ababb5415c372b6f0bfa5323073b9541f6b8b65.png
16:37:01.285 [main] DEBUG net.thucydides.core.steps.StepInterceptor - STARTING STEP: DoctorSteps.iClickPediatricMenu - clickPediatricMenu
16:37:01.289 [Forwarding findElement on session cab517bd682df72c1cd8aa9338012fd6 to remote] DEBUG org.asynchttpclient.netty.request.NettyRequestSender - Using pooled Channel '[id: 0x8a45de0b, L:/127.0.0.1:51341 - R:localhost/127.0.0.1:54402]' for 'POST' to 'http://localhost:54402/session/cab517bd682df72c1cd8aa9338012fd6/element'
16:37:01.289 [Forwarding findElement on session cab517bd682df72c1cd8aa9338012fd6 to remote] DEBUG org.asynchttpclient.netty.request.NettyRequestSender - Using open Channel [id: 0x8a45de0b, L:/127.0.0.1:51341 - R:localhost/127.0.0.1:54402] for POST '/session/cab517bd682df72c1cd8aa9338012fd6/element'
16:37:01.303 [AsyncHttpClient-1-3] DEBUG org.asynchttpclient.netty.handler.HttpHandler - 

Request DefaultHttpRequest(decodeResult: success, version: HTTP/1.1)
POST /session/cab517bd682df72c1cd8aa9338012fd6/element HTTP/1.1
User-Agent: selenium/4.1.2 (java windows)
Content-Length: 109
Content-Type: application/json; charset=utf-8
host: localhost:54402
accept: */*

Response DefaultHttpResponse(decodeResult: success, version: HTTP/1.1)
HTTP/1.1 200 OK
Content-Type: application/json; charset=utf-8
cache-control: no-cache
content-length: 88

16:37:01.304 [AsyncHttpClient-1-3] DEBUG org.asynchttpclient.netty.channel.ChannelManager - Adding key: http://localhost:54402 for channel [id: 0x8a45de0b, L:/127.0.0.1:51341 - R:localhost/127.0.0.1:54402]
16:37:01.305 [Forwarding getElementTagName on session cab517bd682df72c1cd8aa9338012fd6 to remote] DEBUG org.asynchttpclient.netty.request.NettyRequestSender - Using pooled Channel '[id: 0x8a45de0b, L:/127.0.0.1:51341 - R:localhost/127.0.0.1:54402]' for 'GET' to 'http://localhost:54402/session/cab517bd682df72c1cd8aa9338012fd6/element/f345d5ff-4cbf-4009-8edd-ff449f459dde/name'
16:37:01.305 [Forwarding getElementTagName on session cab517bd682df72c1cd8aa9338012fd6 to remote] DEBUG org.asynchttpclient.netty.request.NettyRequestSender - Using open Channel [id: 0x8a45de0b, L:/127.0.0.1:51341 - R:localhost/127.0.0.1:54402] for GET '/session/cab517bd682df72c1cd8aa9338012fd6/element/f345d5ff-4cbf-4009-8edd-ff449f459dde/name'
16:37:01.310 [AsyncHttpClient-1-3] DEBUG org.asynchttpclient.netty.handler.HttpHandler - 

Request DefaultFullHttpRequest(decodeResult: success, version: HTTP/1.1, content: EmptyByteBufBE)
GET /session/cab517bd682df72c1cd8aa9338012fd6/element/f345d5ff-4cbf-4009-8edd-ff449f459dde/name HTTP/1.1
User-Agent: selenium/4.1.2 (java windows)
Cache-Control: no-cache
Content-Type: application/json; charset=utf-8
host: localhost:54402
accept: */*

Response DefaultHttpResponse(decodeResult: success, version: HTTP/1.1)
HTTP/1.1 200 OK
Content-Type: application/json; charset=utf-8
cache-control: no-cache
content-length: 14

16:37:01.310 [AsyncHttpClient-1-3] DEBUG org.asynchttpclient.netty.channel.ChannelManager - Adding key: http://localhost:54402 for channel [id: 0x8a45de0b, L:/127.0.0.1:51341 - R:localhost/127.0.0.1:54402]
16:37:01.311 [Forwarding getElementTagName on session cab517bd682df72c1cd8aa9338012fd6 to remote] DEBUG org.asynchttpclient.netty.request.NettyRequestSender - Using pooled Channel '[id: 0x8a45de0b, L:/127.0.0.1:51341 - R:localhost/127.0.0.1:54402]' for 'GET' to 'http://localhost:54402/session/cab517bd682df72c1cd8aa9338012fd6/element/f345d5ff-4cbf-4009-8edd-ff449f459dde/name'
16:37:01.311 [Forwarding getElementTagName on session cab517bd682df72c1cd8aa9338012fd6 to remote] DEBUG org.asynchttpclient.netty.request.NettyRequestSender - Using open Channel [id: 0x8a45de0b, L:/127.0.0.1:51341 - R:localhost/127.0.0.1:54402] for GET '/session/cab517bd682df72c1cd8aa9338012fd6/element/f345d5ff-4cbf-4009-8edd-ff449f459dde/name'
16:37:01.315 [AsyncHttpClient-1-3] DEBUG org.asynchttpclient.netty.handler.HttpHandler - 

Request DefaultFullHttpRequest(decodeResult: success, version: HTTP/1.1, content: EmptyByteBufBE)
GET /session/cab517bd682df72c1cd8aa9338012fd6/element/f345d5ff-4cbf-4009-8edd-ff449f459dde/name HTTP/1.1
User-Agent: selenium/4.1.2 (java windows)
Cache-Control: no-cache
Content-Type: application/json; charset=utf-8
host: localhost:54402
accept: */*

Response DefaultHttpResponse(decodeResult: success, version: HTTP/1.1)
HTTP/1.1 200 OK
Content-Type: application/json; charset=utf-8
cache-control: no-cache
content-length: 14

16:37:01.315 [AsyncHttpClient-1-3] DEBUG org.asynchttpclient.netty.channel.ChannelManager - Adding key: http://localhost:54402 for channel [id: 0x8a45de0b, L:/127.0.0.1:51341 - R:localhost/127.0.0.1:54402]
16:37:01.317 [Forwarding findElement on session cab517bd682df72c1cd8aa9338012fd6 to remote] DEBUG org.asynchttpclient.netty.request.NettyRequestSender - Using pooled Channel '[id: 0x8a45de0b, L:/127.0.0.1:51341 - R:localhost/127.0.0.1:54402]' for 'POST' to 'http://localhost:54402/session/cab517bd682df72c1cd8aa9338012fd6/element'
16:37:01.317 [Forwarding findElement on session cab517bd682df72c1cd8aa9338012fd6 to remote] DEBUG org.asynchttpclient.netty.request.NettyRequestSender - Using open Channel [id: 0x8a45de0b, L:/127.0.0.1:51341 - R:localhost/127.0.0.1:54402] for POST '/session/cab517bd682df72c1cd8aa9338012fd6/element'
16:37:01.326 [AsyncHttpClient-1-3] DEBUG org.asynchttpclient.netty.handler.HttpHandler - 

Request DefaultHttpRequest(decodeResult: success, version: HTTP/1.1)
POST /session/cab517bd682df72c1cd8aa9338012fd6/element HTTP/1.1
User-Agent: selenium/4.1.2 (java windows)
Content-Length: 109
Content-Type: application/json; charset=utf-8
host: localhost:54402
accept: */*

Response DefaultHttpResponse(decodeResult: success, version: HTTP/1.1)
HTTP/1.1 200 OK
Content-Type: application/json; charset=utf-8
cache-control: no-cache
content-length: 88

16:37:01.326 [AsyncHttpClient-1-3] DEBUG org.asynchttpclient.netty.channel.ChannelManager - Adding key: http://localhost:54402 for channel [id: 0x8a45de0b, L:/127.0.0.1:51341 - R:localhost/127.0.0.1:54402]
16:37:01.327 [Forwarding clickElement on session cab517bd682df72c1cd8aa9338012fd6 to remote] DEBUG org.asynchttpclient.netty.request.NettyRequestSender - Using pooled Channel '[id: 0x8a45de0b, L:/127.0.0.1:51341 - R:localhost/127.0.0.1:54402]' for 'POST' to 'http://localhost:54402/session/cab517bd682df72c1cd8aa9338012fd6/element/f345d5ff-4cbf-4009-8edd-ff449f459dde/click'
16:37:01.327 [Forwarding clickElement on session cab517bd682df72c1cd8aa9338012fd6 to remote] DEBUG org.asynchttpclient.netty.request.NettyRequestSender - Using open Channel [id: 0x8a45de0b, L:/127.0.0.1:51341 - R:localhost/127.0.0.1:54402] for POST '/session/cab517bd682df72c1cd8aa9338012fd6/element/f345d5ff-4cbf-4009-8edd-ff449f459dde/click'
16:37:01.445 [AsyncHttpClient-1-3] DEBUG org.asynchttpclient.netty.handler.HttpHandler - 

Request DefaultHttpRequest(decodeResult: success, version: HTTP/1.1)
POST /session/cab517bd682df72c1cd8aa9338012fd6/element/f345d5ff-4cbf-4009-8edd-ff449f459dde/click HTTP/1.1
User-Agent: selenium/4.1.2 (java windows)
Content-Length: 50
Content-Type: application/json; charset=utf-8
host: localhost:54402
accept: */*

Response DefaultHttpResponse(decodeResult: success, version: HTTP/1.1)
HTTP/1.1 200 OK
Content-Type: application/json; charset=utf-8
cache-control: no-cache
content-length: 14

16:37:01.445 [AsyncHttpClient-1-3] DEBUG org.asynchttpclient.netty.channel.ChannelManager - Adding key: http://localhost:54402 for channel [id: 0x8a45de0b, L:/127.0.0.1:51341 - R:localhost/127.0.0.1:54402]
16:37:01.451 [Forwarding screenshot on session cab517bd682df72c1cd8aa9338012fd6 to remote] DEBUG org.asynchttpclient.netty.request.NettyRequestSender - Using pooled Channel '[id: 0x8a45de0b, L:/127.0.0.1:51341 - R:localhost/127.0.0.1:54402]' for 'GET' to 'http://localhost:54402/session/cab517bd682df72c1cd8aa9338012fd6/screenshot'
16:37:01.451 [Forwarding screenshot on session cab517bd682df72c1cd8aa9338012fd6 to remote] DEBUG org.asynchttpclient.netty.request.NettyRequestSender - Using open Channel [id: 0x8a45de0b, L:/127.0.0.1:51341 - R:localhost/127.0.0.1:54402] for GET '/session/cab517bd682df72c1cd8aa9338012fd6/screenshot'
16:37:01.623 [AsyncHttpClient-1-3] DEBUG org.asynchttpclient.netty.handler.HttpHandler - 

Request DefaultFullHttpRequest(decodeResult: success, version: HTTP/1.1, content: EmptyByteBufBE)
GET /session/cab517bd682df72c1cd8aa9338012fd6/screenshot HTTP/1.1
User-Agent: selenium/4.1.2 (java windows)
Cache-Control: no-cache
Content-Type: application/json; charset=utf-8
host: localhost:54402
accept: */*

Response DefaultHttpResponse(decodeResult: success, version: HTTP/1.1)
HTTP/1.1 200 OK
Content-Type: application/json; charset=utf-8
cache-control: no-cache
content-length: 75856

16:37:01.623 [AsyncHttpClient-1-3] DEBUG org.asynchttpclient.netty.channel.ChannelManager - Adding key: http://localhost:54402 for channel [id: 0x8a45de0b, L:/127.0.0.1:51341 - R:localhost/127.0.0.1:54402]
16:37:01.629 [main] DEBUG net.serenitybdd.core.photography.Darkroom - Send negative for processing for target\site\serenity\978f72af1196a3d38163715b4017ab1a081a36e74d5c802af8803268c98a0bfc.png
16:37:01.629 [main] DEBUG net.thucydides.core.steps.StepInterceptor - STEP DONE: clickPediatricMenu
  &amp#27;[32mAnd &amp#27;[0m&amp#27;[32mI click pediatric menu&amp#27;[0m                                        &amp#27;[90m# starter.stepdefinitions.DoctorSteps.iClickPediatricMenu()&amp#27;[0m
16:37:01.631 [Darkroom Processing Line] DEBUG net.serenitybdd.core.photography.DarkroomProcessingLine - Processing screenshot image in /var/screenshots/screenshot-4727676992827954222
16:37:01.631 [Darkroom Processing Line] DEBUG net.serenitybdd.core.photography.DarkroomProcessingLine - Saving screenshot to target\site\serenity\978f72af1196a3d38163715b4017ab1a081a36e74d5c802af8803268c98a0bfc.png
16:37:01.654 [main] DEBUG net.thucydides.core.steps.StepInterceptor - STARTING STEP: DoctorSteps.iValidateDoctorListOnlyShowPediatricDepartmentDoctor - validatePediatricDoctor
16:37:01.655 [Forwarding findElement on session cab517bd682df72c1cd8aa9338012fd6 to remote] DEBUG org.asynchttpclient.netty.request.NettyRequestSender - Using pooled Channel '[id: 0x8a45de0b, L:/127.0.0.1:51341 - R:localhost/127.0.0.1:54402]' for 'POST' to 'http://localhost:54402/session/cab517bd682df72c1cd8aa9338012fd6/element'
16:37:01.655 [Forwarding findElement on session cab517bd682df72c1cd8aa9338012fd6 to remote] DEBUG org.asynchttpclient.netty.request.NettyRequestSender - Using open Channel [id: 0x8a45de0b, L:/127.0.0.1:51341 - R:localhost/127.0.0.1:54402] for POST '/session/cab517bd682df72c1cd8aa9338012fd6/element'
16:37:01.758 [AsyncHttpClient-1-3] DEBUG org.asynchttpclient.netty.handler.HttpHandler - 

Request DefaultHttpRequest(decodeResult: success, version: HTTP/1.1)
POST /session/cab517bd682df72c1cd8aa9338012fd6/element HTTP/1.1
User-Agent: selenium/4.1.2 (java windows)
Content-Length: 81
Content-Type: application/json; charset=utf-8
host: localhost:54402
accept: */*

Response DefaultHttpResponse(decodeResult: success, version: HTTP/1.1)
HTTP/1.1 200 OK
Content-Type: application/json; charset=utf-8
cache-control: no-cache
content-length: 88

16:37:01.758 [AsyncHttpClient-1-3] DEBUG org.asynchttpclient.netty.channel.ChannelManager - Adding key: http://localhost:54402 for channel [id: 0x8a45de0b, L:/127.0.0.1:51341 - R:localhost/127.0.0.1:54402]
16:37:01.764 [Forwarding isElementDisplayed on session cab517bd682df72c1cd8aa9338012fd6 to remote] DEBUG org.asynchttpclient.netty.request.NettyRequestSender - Using pooled Channel '[id: 0x8a45de0b, L:/127.0.0.1:51341 - R:localhost/127.0.0.1:54402]' for 'POST' to 'http://localhost:54402/session/cab517bd682df72c1cd8aa9338012fd6/execute/sync'
16:37:01.764 [Forwarding isElementDisplayed on session cab517bd682df72c1cd8aa9338012fd6 to remote] DEBUG org.asynchttpclient.netty.request.NettyRequestSender - Using open Channel [id: 0x8a45de0b, L:/127.0.0.1:51341 - R:localhost/127.0.0.1:54402] for POST '/session/cab517bd682df72c1cd8aa9338012fd6/execute/sync'
16:37:01.782 [AsyncHttpClient-1-3] DEBUG org.asynchttpclient.netty.handler.HttpHandler - 

Request DefaultHttpRequest(decodeResult: success, version: HTTP/1.1)
POST /session/cab517bd682df72c1cd8aa9338012fd6/execute/sync HTTP/1.1
User-Agent: selenium/4.1.2 (java windows)
Content-Length: 48780
Content-Type: application/json; charset=utf-8
host: localhost:54402
accept: */*

Response DefaultHttpResponse(decodeResult: success, version: HTTP/1.1)
HTTP/1.1 200 OK
Content-Type: application/json; charset=utf-8
cache-control: no-cache
content-length: 14

16:37:01.782 [AsyncHttpClient-1-3] DEBUG org.asynchttpclient.netty.channel.ChannelManager - Adding key: http://localhost:54402 for channel [id: 0x8a45de0b, L:/127.0.0.1:51341 - R:localhost/127.0.0.1:54402]
16:37:01.787 [Forwarding screenshot on session cab517bd682df72c1cd8aa9338012fd6 to remote] DEBUG org.asynchttpclient.netty.request.NettyRequestSender - Using pooled Channel '[id: 0x8a45de0b, L:/127.0.0.1:51341 - R:localhost/127.0.0.1:54402]' for 'GET' to 'http://localhost:54402/session/cab517bd682df72c1cd8aa9338012fd6/screenshot'
16:37:01.787 [Forwarding screenshot on session cab517bd682df72c1cd8aa9338012fd6 to remote] DEBUG org.asynchttpclient.netty.request.NettyRequestSender - Using open Channel [id: 0x8a45de0b, L:/127.0.0.1:51341 - R:localhost/127.0.0.1:54402] for GET '/session/cab517bd682df72c1cd8aa9338012fd6/screenshot'
16:37:01.890 [AsyncHttpClient-1-3] DEBUG org.asynchttpclient.netty.handler.HttpHandler - 

Request DefaultFullHttpRequest(decodeResult: success, version: HTTP/1.1, content: EmptyByteBufBE)
GET /session/cab517bd682df72c1cd8aa9338012fd6/screenshot HTTP/1.1
User-Agent: selenium/4.1.2 (java windows)
Cache-Control: no-cache
Content-Type: application/json; charset=utf-8
host: localhost:54402
accept: */*

Response DefaultHttpResponse(decodeResult: success, version: HTTP/1.1)
HTTP/1.1 200 OK
Content-Type: application/json; charset=utf-8
cache-control: no-cache
content-length: 91568

16:37:01.890 [AsyncHttpClient-1-3] DEBUG org.asynchttpclient.netty.channel.ChannelManager - Adding key: http://localhost:54402 for channel [id: 0x8a45de0b, L:/127.0.0.1:51341 - R:localhost/127.0.0.1:54402]
16:37:01.895 [main] DEBUG net.serenitybdd.core.photography.Darkroom - Send negative for processing for target\site\serenity\6d0bb26888f8100001938a39ca6f527716c68a6d17ceca6679585eb64fae8a2e.png
16:37:01.895 [main] DEBUG net.thucydides.core.steps.StepInterceptor - STEP DONE: validatePediatricDoctor
  &amp#27;[32mThen &amp#27;[0m&amp#27;[32mI validate doctor list only show pediatric department doctor&amp#27;[0m &amp#27;[90m# starter.stepdefinitions.DoctorSteps.iValidateDoctorListOnlyShowPediatricDepartmentDoctor()&amp#27;[0m
16:37:01.895 [Darkroom Processing Line] DEBUG net.serenitybdd.core.photography.DarkroomProcessingLine - Processing screenshot image in /var/screenshots/screenshot-15662934811118690785
16:37:01.895 [Darkroom Processing Line] DEBUG net.serenitybdd.core.photography.DarkroomProcessingLine - Saving screenshot to target\site\serenity\6d0bb26888f8100001938a39ca6f527716c68a6d17ceca6679585eb64fae8a2e.png
16:37:01.901 [main] INFO  - 
  _____   ___   ___   _____     ___     _     ___   ___   ___   ___  
 |_   _| | __| / __| |_   _|   | _ \   /_\   / __| / __| | __| |   \ 
   | |   | _|  \__ \   | |     |  _/  / _ \  \__ \ \__ \ | _|  | |) |
   |_|   |___| |___/   |_|     |_|   /_/ \_\ |___/ |___/ |___| |___/ 

Filter Doctor Pediatric Scenario
----------------------------------------------------------------------
16:37:01.902 [Driver Command Executor] DEBUG org.asynchttpclient.netty.request.NettyRequestSender - Using pooled Channel '[id: 0x8a45de0b, L:/127.0.0.1:51341 - R:localhost/127.0.0.1:54402]' for 'DELETE' to 'http://localhost:54402/session/cab517bd682df72c1cd8aa9338012fd6'
16:37:01.902 [Driver Command Executor] DEBUG org.asynchttpclient.netty.request.NettyRequestSender - Using open Channel [id: 0x8a45de0b, L:/127.0.0.1:51341 - R:localhost/127.0.0.1:54402] for DELETE '/session/cab517bd682df72c1cd8aa9338012fd6'
16:37:01.902 [AsyncHttpClient-1-5] DEBUG org.asynchttpclient.netty.handler.WebSocketHandler - Channel Closed: [id: 0xa24560ce, L:/127.0.0.1:51348 ! R:localhost/127.0.0.1:51342] with attribute NettyResponseFuture{currentRetry=5,
	isDone=1,
	isCancelled=0,
	asyncHandler=org.asynchttpclient.ws.WebSocketUpgradeHandler@e5887a2,
	nettyRequest=org.asynchttpclient.netty.request.NettyRequest@3d2db075,
	future=java.util.concurrent.CompletableFuture@4851c14e[Completed normally],
	uri=ws://localhost:51342/devtools/browser/37c989c3-1e56-4669-bd1d-392a0797f2fb,
	keepAlive=true,
	redirectCount=0,
	timeoutsHolder=null,
	inAuth=0,
	touch=1655717816648}
16:37:01.902 [AsyncHttpClient-1-5] DEBUG org.asynchttpclient.netty.channel.ChannelManager - Closing Channel [id: 0xa24560ce, L:/127.0.0.1:51348 ! R:localhost/127.0.0.1:51342] 
16:37:01.937 [AsyncHttpClient-1-1] DEBUG org.asynchttpclient.netty.channel.DefaultChannelPool - Entry count for : http://localhost:51342 : 1
16:37:01.952 [AsyncHttpClient-1-4] DEBUG org.asynchttpclient.netty.handler.HttpHandler - Unexpected I/O exception on channel [id: 0xffceda8f, L:/127.0.0.1:51347 - R:localhost/127.0.0.1:51342]
java.net.SocketException: Connection reset
	at java.base/sun.nio.ch.SocketChannelImpl.throwConnectionReset(SocketChannelImpl.java:367)
	at java.base/sun.nio.ch.SocketChannelImpl.read(SocketChannelImpl.java:398)
	at io.netty.buffer.PooledByteBuf.setBytes(PooledByteBuf.java:258)
	at io.netty.buffer.AbstractByteBuf.writeBytes(AbstractByteBuf.java:1132)
	at io.netty.channel.socket.nio.NioSocketChannel.doReadBytes(NioSocketChannel.java:350)
	at io.netty.channel.nio.AbstractNioByteChannel$NioByteUnsafe.read(AbstractNioByteChannel.java:151)
	at io.netty.channel.nio.NioEventLoop.processSelectedKey(NioEventLoop.java:722)
	at io.netty.channel.nio.NioEventLoop.processSelectedKeysOptimized(NioEventLoop.java:658)
	at io.netty.channel.nio.NioEventLoop.processSelectedKeys(NioEventLoop.java:584)
	at io.netty.channel.nio.NioEventLoop.run(NioEventLoop.java:496)
	at io.netty.util.concurrent.SingleThreadEventExecutor$4.run(SingleThreadEventExecutor.java:986)
	at io.netty.util.internal.ThreadExecutorMap$2.run(ThreadExecutorMap.java:74)
	at io.netty.util.concurrent.FastThreadLocalRunnable.run(FastThreadLocalRunnable.java:30)
	at java.base/java.lang.Thread.run(Thread.java:832)
16:37:01.952 [AsyncHttpClient-1-4] DEBUG org.asynchttpclient.netty.channel.ChannelManager - Closing Channel [id: 0xffceda8f, L:/127.0.0.1:51347 - R:localhost/127.0.0.1:51342] 
16:37:01.952 [AsyncHttpClient-1-4] DEBUG org.asynchttpclient.netty.handler.HttpHandler - Channel Closed: [id: 0xffceda8f, L:/127.0.0.1:51347 ! R:localhost/127.0.0.1:51342] with attribute DISCARD
16:37:02.262 [AsyncHttpClient-1-3] DEBUG org.asynchttpclient.netty.handler.HttpHandler - 

Request DefaultFullHttpRequest(decodeResult: success, version: HTTP/1.1, content: EmptyByteBufBE)
DELETE /session/cab517bd682df72c1cd8aa9338012fd6 HTTP/1.1
User-Agent: selenium/4.1.2 (java windows)
Content-Type: application/json; charset=utf-8
host: localhost:54402
accept: */*

Response DefaultHttpResponse(decodeResult: success, version: HTTP/1.1)
HTTP/1.1 200 OK
Content-Type: application/json; charset=utf-8
cache-control: no-cache
content-length: 14

16:37:02.262 [AsyncHttpClient-1-3] DEBUG org.asynchttpclient.netty.channel.ChannelManager - Adding key: http://localhost:54402 for channel [id: 0x8a45de0b, L:/127.0.0.1:51341 - R:localhost/127.0.0.1:54402]
16:37:02.357 [AsyncHttpClient-1-3] DEBUG org.asynchttpclient.netty.handler.HttpHandler - Channel Closed: [id: 0x8a45de0b, L:/127.0.0.1:51341 ! R:localhost/127.0.0.1:54402] with attribute DISCARD
]]></system-out>
    <system-err><![CDATA[Starting ChromeDriver 102.0.5005.61 (0e59bcc00cc4985ce39ad31c150065f159d95ad3-refs/branch-heads/5005@{#819}) on port 54402
Only local connections are allowed.
Please see https://chromedriver.chromium.org/security-considerations for suggestions on keeping ChromeDriver safe.
ChromeDriver was started successfully.
Jun 20, 2022 4:36:56 PM org.openqa.selenium.remote.ProtocolHandshake createSession
INFO: Detected dialect: W3C
Jun 20, 2022 4:36:56 PM org.openqa.selenium.devtools.CdpVersionFinder findNearestMatch
WARNING: Unable to find an exact match for CDP version 102, so returning the closest version found: a no-op implementation
Jun 20, 2022 4:36:56 PM org.openqa.selenium.devtools.CdpVersionFinder findNearestMatch
INFO: Unable to find CDP implementation matching 102.
Jun 20, 2022 4:36:56 PM org.openqa.selenium.chromium.ChromiumDriver lambda$new$3
WARNING: Unable to find version of CDP to use for . You may need to include a dependency on a specific version of the CDP using something similar to `org.seleniumhq.selenium:selenium-devtools-v86:4.1.2` where the version ("v86") matches the version of the chromium-based browser you're using and the version number of the artifact is the same as Selenium's.
]]></system-err>
  </testcase>
  <testcase name="Filter Doctor Gynecology Scenario" classname="Doctor" time="9.647">
    <system-out><![CDATA[
@Doctor @FilterDoctorGynecology
Scenario: Filter Doctor Gynecology Scenario                          &amp#27;[90m# src/test/resources/features/3.Doctor.feature:114&amp#27;[0m
16:37:02.902 [main] INFO io.cucumber.core.plugin.SerenityReporter - Running feature from file:///E:/My%20Documents/File%20Difa/TI%20Semester%206%20Kampus%20Merdeka%20Alterra/Tugas/CAPSTONE%20Project/Capstone-Project-Website/src/test/resources/features/3.Doctor.feature
16:37:02.904 [main] INFO  - 
  _____   ___   ___   _____     ___   _____     _     ___   _____   ___   ___  
 |_   _| | __| / __| |_   _|   / __| |_   _|   /_\   | _ \ |_   _| | __| |   \ 
   | |   | _|  \__ \   | |     \__ \   | |    / _ \  |   /   | |   | _|  | |) |
   |_|   |___| |___/   |_|     |___/   |_|   /_/ \_\ |_|_\   |_|   |___| |___/ 

Filter Doctor Gynecology Scenario(doctor;filter-doctor-gynecology-scenario)
--------------------------------------------------------------------------------
16:37:02.921 [main] DEBUG net.thucydides.core.steps.StepInterceptor - STARTING STEP: DashboardSteps.iAmOnTheDashboardPage - openUrl
16:37:02.934 [main] INFO net.serenitybdd.core.webdriver.driverproviders.ChromeDriverProvider - Using automatically driver download
16:37:03.038 [AsyncHttpClient-1-1] DEBUG org.asynchttpclient.netty.channel.DefaultChannelPool - Entry count for : http://localhost:54402 : 1
16:37:03.038 [AsyncHttpClient-1-1] DEBUG org.asynchttpclient.netty.channel.DefaultChannelPool - Entry count for : http://localhost:51342 : 1
16:37:03.038 [AsyncHttpClient-1-1] DEBUG org.asynchttpclient.netty.channel.DefaultChannelPool - Adding Candidate expired Channel [id: 0x8a45de0b, L:/127.0.0.1:51341 ! R:localhost/127.0.0.1:54402] isIdleTimeoutExpired=false isRemotelyClosed=true isTtlExpired=false
16:37:03.038 [AsyncHttpClient-1-1] DEBUG org.asynchttpclient.netty.channel.DefaultChannelPool - Closing Idle Channel [id: 0x8a45de0b, L:/127.0.0.1:51341 ! R:localhost/127.0.0.1:54402]
16:37:03.038 [AsyncHttpClient-1-1] DEBUG org.asynchttpclient.netty.channel.DefaultChannelPool - Adding Candidate expired Channel [id: 0xffceda8f, L:/127.0.0.1:51347 ! R:localhost/127.0.0.1:51342] isIdleTimeoutExpired=false isRemotelyClosed=true isTtlExpired=false
16:37:03.038 [AsyncHttpClient-1-1] DEBUG org.asynchttpclient.netty.channel.DefaultChannelPool - Closing Idle Channel [id: 0xffceda8f, L:/127.0.0.1:51347 ! R:localhost/127.0.0.1:51342]
16:37:03.038 [AsyncHttpClient-1-1] DEBUG org.asynchttpclient.netty.channel.DefaultChannelPool - Closed 2 connections out of 2 in 0 ms
16:37:03.086 [main] DEBUG io.github.bonigarcia.wdm.cache.ResolutionCache - Resolution chrome=102 in cache (valid until 16:47:55 20/06/2022 ICT)
16:37:03.088 [main] DEBUG io.github.bonigarcia.wdm.cache.ResolutionCache - Resolution chrome102=102.0.5005.61 in cache (valid until 09:12:44 21/06/2022 ICT)
16:37:03.089 [main] INFO io.github.bonigarcia.wdm.WebDriverManager - Using chromedriver 102.0.5005.61 (resolved driver for Chrome 102)
16:37:03.097 [main] DEBUG io.github.bonigarcia.wdm.WebDriverManager - Driver chromedriver 102.0.5005.61 found in cache
16:37:03.098 [main] INFO io.github.bonigarcia.wdm.WebDriverManager - Exporting webdriver.chrome.driver as C:\Users\USER\.cache\selenium\chromedriver\win32\102.0.5005.61\chromedriver.exe
16:37:03.244 [main] DEBUG net.serenitybdd.core.webdriver.driverproviders.ProvideNewDriver - Instantiating driver
16:37:03.244 [main] DEBUG net.serenitybdd.core.webdriver.driverproviders.ProvideNewDriver - Driver capabilities: Capabilities {acceptInsecureCerts: false, base.url: https://hospital-management..., browserName: chrome, chrome.driver: src/test/resources/webdrive..., driver: chrome, goog:chromeOptions: {args: [], extensions: []}}
16:37:03.781 [AsyncHttpClient-1-6] DEBUG org.asynchttpclient.netty.channel.NettyConnectListener - Using new Channel '[id: 0x2638b430, L:/127.0.0.1:51366 - R:localhost/127.0.0.1:61821]' for 'POST' to '/session'
16:37:04.756 [AsyncHttpClient-1-6] DEBUG org.asynchttpclient.netty.handler.HttpHandler - 

Request DefaultHttpRequest(decodeResult: success, version: HTTP/1.1)
POST /session HTTP/1.1
User-Agent: selenium/4.1.2 (java windows)
Content-Length: 621
Content-Type: application/json; charset=utf-8
host: localhost:61821
accept: */*

Response DefaultHttpResponse(decodeResult: success, version: HTTP/1.1)
HTTP/1.1 200 OK
Content-Type: application/json; charset=utf-8
cache-control: no-cache
content-length: 789

16:37:04.757 [AsyncHttpClient-1-6] DEBUG org.asynchttpclient.netty.channel.ChannelManager - Adding key: http://localhost:61821 for channel [id: 0x2638b430, L:/127.0.0.1:51366 - R:localhost/127.0.0.1:61821]
16:37:04.776 [AsyncHttpClient-1-7] DEBUG org.asynchttpclient.netty.channel.NettyConnectListener - Using new Channel '[id: 0xbd829c05, L:/127.0.0.1:51372 - R:localhost/127.0.0.1:51367]' for 'GET' to '/json/version'
16:37:04.779 [AsyncHttpClient-1-7] DEBUG org.asynchttpclient.netty.handler.HttpHandler - 

Request DefaultFullHttpRequest(decodeResult: success, version: HTTP/1.1, content: EmptyByteBufBE)
GET /json/version HTTP/1.1
User-Agent: selenium/4.1.2 (java windows)
host: localhost:51367
accept: */*

Response DefaultHttpResponse(decodeResult: success, version: HTTP/1.1)
HTTP/1.1 200 OK
Content-Type: application/json; charset=UTF-8
content-length: 427

16:37:04.779 [AsyncHttpClient-1-7] DEBUG org.asynchttpclient.netty.channel.ChannelManager - Adding key: http://localhost:51367 for channel [id: 0xbd829c05, L:/127.0.0.1:51372 - R:localhost/127.0.0.1:51367]
16:37:04.785 [AsyncHttpClient-1-8] DEBUG org.asynchttpclient.netty.channel.NettyConnectListener - Using new Channel '[id: 0x2b2f041f, L:/127.0.0.1:51373 - R:localhost/127.0.0.1:51367]' for 'GET' to '/devtools/browser/b3ec9adf-93f1-4b42-b756-1cf4005216f1'
16:37:04.787 [AsyncHttpClient-1-8] DEBUG org.asynchttpclient.netty.handler.WebSocketHandler - 

Request DefaultFullHttpRequest(decodeResult: success, version: HTTP/1.1, content: EmptyByteBufBE)
GET /devtools/browser/b3ec9adf-93f1-4b42-b756-1cf4005216f1 HTTP/1.1
upgrade: websocket
connection: upgrade
sec-websocket-key: s705aRobGO9WJnTPluXBfg==
sec-websocket-version: 13
origin: http://localhost:51367
host: localhost:51367
accept: */*
user-agent: AHC/2.1

Response DefaultHttpResponse(decodeResult: success, version: HTTP/1.1)
HTTP/1.1 101 WebSocket Protocol Handshake
Upgrade: WebSocket
Connection: Upgrade
Sec-WebSocket-Accept: VjQeDORNciCaHvAlQmT+KDshND8=

16:37:04.798 [Forwarding maximizeCurrentWindow on session b69da0e6064793cb71e7a7f4204a2d0a to remote] DEBUG org.asynchttpclient.netty.request.NettyRequestSender - Using pooled Channel '[id: 0x2638b430, L:/127.0.0.1:51366 - R:localhost/127.0.0.1:61821]' for 'POST' to 'http://localhost:61821/session/b69da0e6064793cb71e7a7f4204a2d0a/window/maximize'
16:37:04.798 [Forwarding maximizeCurrentWindow on session b69da0e6064793cb71e7a7f4204a2d0a to remote] DEBUG org.asynchttpclient.netty.request.NettyRequestSender - Using open Channel [id: 0x2638b430, L:/127.0.0.1:51366 - R:localhost/127.0.0.1:61821] for POST '/session/b69da0e6064793cb71e7a7f4204a2d0a/window/maximize'
16:37:04.943 [AsyncHttpClient-1-6] DEBUG org.asynchttpclient.netty.handler.HttpHandler - 

Request DefaultHttpRequest(decodeResult: success, version: HTTP/1.1)
POST /session/b69da0e6064793cb71e7a7f4204a2d0a/window/maximize HTTP/1.1
User-Agent: selenium/4.1.2 (java windows)
Content-Length: 3
Content-Type: application/json; charset=utf-8
host: localhost:61821
accept: */*

Response DefaultHttpResponse(decodeResult: success, version: HTTP/1.1)
HTTP/1.1 200 OK
Content-Type: application/json; charset=utf-8
cache-control: no-cache
content-length: 51

16:37:04.943 [AsyncHttpClient-1-6] DEBUG org.asynchttpclient.netty.channel.ChannelManager - Adding key: http://localhost:61821 for channel [id: 0x2638b430, L:/127.0.0.1:51366 - R:localhost/127.0.0.1:61821]
16:37:04.947 [Forwarding get on session b69da0e6064793cb71e7a7f4204a2d0a to remote] DEBUG org.asynchttpclient.netty.request.NettyRequestSender - Using pooled Channel '[id: 0x2638b430, L:/127.0.0.1:51366 - R:localhost/127.0.0.1:61821]' for 'POST' to 'http://localhost:61821/session/b69da0e6064793cb71e7a7f4204a2d0a/url'
16:37:04.947 [Forwarding get on session b69da0e6064793cb71e7a7f4204a2d0a to remote] DEBUG org.asynchttpclient.netty.request.NettyRequestSender - Using open Channel [id: 0x2638b430, L:/127.0.0.1:51366 - R:localhost/127.0.0.1:61821] for POST '/session/b69da0e6064793cb71e7a7f4204a2d0a/url'
16:37:05.237 [AsyncHttpClient-1-1] DEBUG org.asynchttpclient.netty.channel.DefaultChannelPool - Entry count for : http://localhost:51367 : 1
16:37:06.339 [AsyncHttpClient-1-1] DEBUG org.asynchttpclient.netty.channel.DefaultChannelPool - Entry count for : http://localhost:51367 : 1
16:37:07.437 [AsyncHttpClient-1-1] DEBUG org.asynchttpclient.netty.channel.DefaultChannelPool - Entry count for : http://localhost:51367 : 1
16:37:08.485 [AsyncHttpClient-1-6] DEBUG org.asynchttpclient.netty.handler.HttpHandler - 

Request DefaultHttpRequest(decodeResult: success, version: HTTP/1.1)
POST /session/b69da0e6064793cb71e7a7f4204a2d0a/url HTTP/1.1
User-Agent: selenium/4.1.2 (java windows)
Content-Length: 65
Content-Type: application/json; charset=utf-8
host: localhost:61821
accept: */*

Response DefaultHttpResponse(decodeResult: success, version: HTTP/1.1)
HTTP/1.1 200 OK
Content-Type: application/json; charset=utf-8
cache-control: no-cache
content-length: 14

16:37:08.485 [AsyncHttpClient-1-6] DEBUG org.asynchttpclient.netty.channel.ChannelManager - Adding key: http://localhost:61821 for channel [id: 0x2638b430, L:/127.0.0.1:51366 - R:localhost/127.0.0.1:61821]
16:37:08.487 [Forwarding setTimeout on session b69da0e6064793cb71e7a7f4204a2d0a to remote] DEBUG org.asynchttpclient.netty.request.NettyRequestSender - Using pooled Channel '[id: 0x2638b430, L:/127.0.0.1:51366 - R:localhost/127.0.0.1:61821]' for 'POST' to 'http://localhost:61821/session/b69da0e6064793cb71e7a7f4204a2d0a/timeouts'
16:37:08.487 [Forwarding setTimeout on session b69da0e6064793cb71e7a7f4204a2d0a to remote] DEBUG org.asynchttpclient.netty.request.NettyRequestSender - Using open Channel [id: 0x2638b430, L:/127.0.0.1:51366 - R:localhost/127.0.0.1:61821] for POST '/session/b69da0e6064793cb71e7a7f4204a2d0a/timeouts'
16:37:08.490 [AsyncHttpClient-1-6] DEBUG org.asynchttpclient.netty.handler.HttpHandler - 

Request DefaultHttpRequest(decodeResult: success, version: HTTP/1.1)
POST /session/b69da0e6064793cb71e7a7f4204a2d0a/timeouts HTTP/1.1
User-Agent: selenium/4.1.2 (java windows)
Content-Length: 22
Content-Type: application/json; charset=utf-8
host: localhost:61821
accept: */*

Response DefaultHttpResponse(decodeResult: success, version: HTTP/1.1)
HTTP/1.1 200 OK
Content-Type: application/json; charset=utf-8
cache-control: no-cache
content-length: 14

16:37:08.490 [AsyncHttpClient-1-6] DEBUG org.asynchttpclient.netty.channel.ChannelManager - Adding key: http://localhost:61821 for channel [id: 0x2638b430, L:/127.0.0.1:51366 - R:localhost/127.0.0.1:61821]
16:37:08.496 [Forwarding getCurrentUrl on session b69da0e6064793cb71e7a7f4204a2d0a to remote] DEBUG org.asynchttpclient.netty.request.NettyRequestSender - Using pooled Channel '[id: 0x2638b430, L:/127.0.0.1:51366 - R:localhost/127.0.0.1:61821]' for 'GET' to 'http://localhost:61821/session/b69da0e6064793cb71e7a7f4204a2d0a/url'
16:37:08.496 [Forwarding getCurrentUrl on session b69da0e6064793cb71e7a7f4204a2d0a to remote] DEBUG org.asynchttpclient.netty.request.NettyRequestSender - Using open Channel [id: 0x2638b430, L:/127.0.0.1:51366 - R:localhost/127.0.0.1:61821] for GET '/session/b69da0e6064793cb71e7a7f4204a2d0a/url'
16:37:08.504 [AsyncHttpClient-1-6] DEBUG org.asynchttpclient.netty.handler.HttpHandler - 

Request DefaultFullHttpRequest(decodeResult: success, version: HTTP/1.1, content: EmptyByteBufBE)
GET /session/b69da0e6064793cb71e7a7f4204a2d0a/url HTTP/1.1
User-Agent: selenium/4.1.2 (java windows)
Cache-Control: no-cache
Content-Type: application/json; charset=utf-8
host: localhost:61821
accept: */*

Response DefaultHttpResponse(decodeResult: success, version: HTTP/1.1)
HTTP/1.1 200 OK
Content-Type: application/json; charset=utf-8
cache-control: no-cache
content-length: 53

16:37:08.504 [AsyncHttpClient-1-6] DEBUG org.asynchttpclient.netty.channel.ChannelManager - Adding key: http://localhost:61821 for channel [id: 0x2638b430, L:/127.0.0.1:51366 - R:localhost/127.0.0.1:61821]
16:37:08.510 [Forwarding getCurrentUrl on session b69da0e6064793cb71e7a7f4204a2d0a to remote] DEBUG org.asynchttpclient.netty.request.NettyRequestSender - Using pooled Channel '[id: 0x2638b430, L:/127.0.0.1:51366 - R:localhost/127.0.0.1:61821]' for 'GET' to 'http://localhost:61821/session/b69da0e6064793cb71e7a7f4204a2d0a/url'
16:37:08.510 [Forwarding getCurrentUrl on session b69da0e6064793cb71e7a7f4204a2d0a to remote] DEBUG org.asynchttpclient.netty.request.NettyRequestSender - Using open Channel [id: 0x2638b430, L:/127.0.0.1:51366 - R:localhost/127.0.0.1:61821] for GET '/session/b69da0e6064793cb71e7a7f4204a2d0a/url'
16:37:08.516 [AsyncHttpClient-1-6] DEBUG org.asynchttpclient.netty.handler.HttpHandler - 

Request DefaultFullHttpRequest(decodeResult: success, version: HTTP/1.1, content: EmptyByteBufBE)
GET /session/b69da0e6064793cb71e7a7f4204a2d0a/url HTTP/1.1
User-Agent: selenium/4.1.2 (java windows)
Cache-Control: no-cache
Content-Type: application/json; charset=utf-8
host: localhost:61821
accept: */*

Response DefaultHttpResponse(decodeResult: success, version: HTTP/1.1)
HTTP/1.1 200 OK
Content-Type: application/json; charset=utf-8
cache-control: no-cache
content-length: 53

16:37:08.516 [AsyncHttpClient-1-6] DEBUG org.asynchttpclient.netty.channel.ChannelManager - Adding key: http://localhost:61821 for channel [id: 0x2638b430, L:/127.0.0.1:51366 - R:localhost/127.0.0.1:61821]
16:37:08.530 [Forwarding screenshot on session b69da0e6064793cb71e7a7f4204a2d0a to remote] DEBUG org.asynchttpclient.netty.request.NettyRequestSender - Using pooled Channel '[id: 0x2638b430, L:/127.0.0.1:51366 - R:localhost/127.0.0.1:61821]' for 'GET' to 'http://localhost:61821/session/b69da0e6064793cb71e7a7f4204a2d0a/screenshot'
16:37:08.530 [Forwarding screenshot on session b69da0e6064793cb71e7a7f4204a2d0a to remote] DEBUG org.asynchttpclient.netty.request.NettyRequestSender - Using open Channel [id: 0x2638b430, L:/127.0.0.1:51366 - R:localhost/127.0.0.1:61821] for GET '/session/b69da0e6064793cb71e7a7f4204a2d0a/screenshot'
16:37:08.538 [AsyncHttpClient-1-1] DEBUG org.asynchttpclient.netty.channel.DefaultChannelPool - Entry count for : http://localhost:51367 : 1
16:37:08.880 [AsyncHttpClient-1-6] DEBUG org.asynchttpclient.netty.handler.HttpHandler - 

Request DefaultFullHttpRequest(decodeResult: success, version: HTTP/1.1, content: EmptyByteBufBE)
GET /session/b69da0e6064793cb71e7a7f4204a2d0a/screenshot HTTP/1.1
User-Agent: selenium/4.1.2 (java windows)
Cache-Control: no-cache
Content-Type: application/json; charset=utf-8
host: localhost:61821
accept: */*

Response DefaultHttpResponse(decodeResult: success, version: HTTP/1.1)
HTTP/1.1 200 OK
Content-Type: application/json; charset=utf-8
cache-control: no-cache
content-length: 382596

16:37:08.883 [AsyncHttpClient-1-6] DEBUG org.asynchttpclient.netty.channel.ChannelManager - Adding key: http://localhost:61821 for channel [id: 0x2638b430, L:/127.0.0.1:51366 - R:localhost/127.0.0.1:61821]
16:37:08.917 [main] DEBUG net.serenitybdd.core.photography.Darkroom - Send negative for processing for target\site\serenity\ed15a54c91c342d96a850276df7b559f4526b370fc93040e3c407a48a170f368.png
16:37:08.918 [main] DEBUG net.thucydides.core.steps.StepInterceptor - STEP DONE: openUrl
16:37:08.930 [main] DEBUG net.thucydides.core.steps.StepInterceptor - STARTING STEP: DashboardSteps.iAmOnTheDashboardPage - validateOnDashboardPage
16:37:08.934 [Forwarding findElement on session b69da0e6064793cb71e7a7f4204a2d0a to remote] DEBUG org.asynchttpclient.netty.request.NettyRequestSender - Using pooled Channel '[id: 0x2638b430, L:/127.0.0.1:51366 - R:localhost/127.0.0.1:61821]' for 'POST' to 'http://localhost:61821/session/b69da0e6064793cb71e7a7f4204a2d0a/element'
16:37:08.934 [Forwarding findElement on session b69da0e6064793cb71e7a7f4204a2d0a to remote] DEBUG org.asynchttpclient.netty.request.NettyRequestSender - Using open Channel [id: 0x2638b430, L:/127.0.0.1:51366 - R:localhost/127.0.0.1:61821] for POST '/session/b69da0e6064793cb71e7a7f4204a2d0a/element'
16:37:08.955 [AsyncHttpClient-1-6] DEBUG org.asynchttpclient.netty.handler.HttpHandler - 

Request DefaultHttpRequest(decodeResult: success, version: HTTP/1.1)
POST /session/b69da0e6064793cb71e7a7f4204a2d0a/element HTTP/1.1
User-Agent: selenium/4.1.2 (java windows)
Content-Length: 81
Content-Type: application/json; charset=utf-8
host: localhost:61821
accept: */*

Response DefaultHttpResponse(decodeResult: success, version: HTTP/1.1)
HTTP/1.1 200 OK
Content-Type: application/json; charset=utf-8
cache-control: no-cache
content-length: 88

16:37:08.955 [AsyncHttpClient-1-6] DEBUG org.asynchttpclient.netty.channel.ChannelManager - Adding key: http://localhost:61821 for channel [id: 0x2638b430, L:/127.0.0.1:51366 - R:localhost/127.0.0.1:61821]
16:37:08.960 [Forwarding isElementDisplayed on session b69da0e6064793cb71e7a7f4204a2d0a to remote] DEBUG org.asynchttpclient.netty.request.NettyRequestSender - Using pooled Channel '[id: 0x2638b430, L:/127.0.0.1:51366 - R:localhost/127.0.0.1:61821]' for 'POST' to 'http://localhost:61821/session/b69da0e6064793cb71e7a7f4204a2d0a/execute/sync'
16:37:08.961 [Forwarding isElementDisplayed on session b69da0e6064793cb71e7a7f4204a2d0a to remote] DEBUG org.asynchttpclient.netty.request.NettyRequestSender - Using open Channel [id: 0x2638b430, L:/127.0.0.1:51366 - R:localhost/127.0.0.1:61821] for POST '/session/b69da0e6064793cb71e7a7f4204a2d0a/execute/sync'
16:37:09.069 [AsyncHttpClient-1-6] DEBUG org.asynchttpclient.netty.handler.HttpHandler - 

Request DefaultHttpRequest(decodeResult: success, version: HTTP/1.1)
POST /session/b69da0e6064793cb71e7a7f4204a2d0a/execute/sync HTTP/1.1
User-Agent: selenium/4.1.2 (java windows)
Content-Length: 48780
Content-Type: application/json; charset=utf-8
host: localhost:61821
accept: */*

Response DefaultHttpResponse(decodeResult: success, version: HTTP/1.1)
HTTP/1.1 200 OK
Content-Type: application/json; charset=utf-8
cache-control: no-cache
content-length: 14

16:37:09.069 [AsyncHttpClient-1-6] DEBUG org.asynchttpclient.netty.channel.ChannelManager - Adding key: http://localhost:61821 for channel [id: 0x2638b430, L:/127.0.0.1:51366 - R:localhost/127.0.0.1:61821]
16:37:09.080 [Forwarding screenshot on session b69da0e6064793cb71e7a7f4204a2d0a to remote] DEBUG org.asynchttpclient.netty.request.NettyRequestSender - Using pooled Channel '[id: 0x2638b430, L:/127.0.0.1:51366 - R:localhost/127.0.0.1:61821]' for 'GET' to 'http://localhost:61821/session/b69da0e6064793cb71e7a7f4204a2d0a/screenshot'
16:37:09.080 [Forwarding screenshot on session b69da0e6064793cb71e7a7f4204a2d0a to remote] DEBUG org.asynchttpclient.netty.request.NettyRequestSender - Using open Channel [id: 0x2638b430, L:/127.0.0.1:51366 - R:localhost/127.0.0.1:61821] for GET '/session/b69da0e6064793cb71e7a7f4204a2d0a/screenshot'
16:37:09.496 [AsyncHttpClient-1-6] DEBUG org.asynchttpclient.netty.handler.HttpHandler - 

Request DefaultFullHttpRequest(decodeResult: success, version: HTTP/1.1, content: EmptyByteBufBE)
GET /session/b69da0e6064793cb71e7a7f4204a2d0a/screenshot HTTP/1.1
User-Agent: selenium/4.1.2 (java windows)
Cache-Control: no-cache
Content-Type: application/json; charset=utf-8
host: localhost:61821
accept: */*

Response DefaultHttpResponse(decodeResult: success, version: HTTP/1.1)
HTTP/1.1 200 OK
Content-Type: application/json; charset=utf-8
cache-control: no-cache
content-length: 351816

16:37:09.499 [AsyncHttpClient-1-6] DEBUG org.asynchttpclient.netty.channel.ChannelManager - Adding key: http://localhost:61821 for channel [id: 0x2638b430, L:/127.0.0.1:51366 - R:localhost/127.0.0.1:61821]
16:37:09.524 [main] DEBUG net.serenitybdd.core.photography.Darkroom - Send negative for processing for target\site\serenity\20277f1d76f1b925628464fcd1ece5de77a814679d1be3fdcf836a7ddadfed60.png
16:37:09.524 [main] DEBUG net.thucydides.core.steps.StepInterceptor - STEP DONE: validateOnDashboardPage
  &amp#27;[32mGiven &amp#27;[0m&amp#27;[32mI am on the dashboard page&amp#27;[0m                                   &amp#27;[90m# starter.stepdefinitions.DashboardSteps.iAmOnTheDashboardPage()&amp#27;[0m
16:37:09.569 [main] DEBUG net.thucydides.core.steps.StepInterceptor - STARTING STEP: DoctorSteps.iClickMenuDoctor - clickMenuDoctorButton
16:37:09.574 [Forwarding findElement on session b69da0e6064793cb71e7a7f4204a2d0a to remote] DEBUG org.asynchttpclient.netty.request.NettyRequestSender - Using pooled Channel '[id: 0x2638b430, L:/127.0.0.1:51366 - R:localhost/127.0.0.1:61821]' for 'POST' to 'http://localhost:61821/session/b69da0e6064793cb71e7a7f4204a2d0a/element'
16:37:09.574 [Forwarding findElement on session b69da0e6064793cb71e7a7f4204a2d0a to remote] DEBUG org.asynchttpclient.netty.request.NettyRequestSender - Using open Channel [id: 0x2638b430, L:/127.0.0.1:51366 - R:localhost/127.0.0.1:61821] for POST '/session/b69da0e6064793cb71e7a7f4204a2d0a/element'
16:37:09.595 [AsyncHttpClient-1-6] DEBUG org.asynchttpclient.netty.handler.HttpHandler - 

Request DefaultHttpRequest(decodeResult: success, version: HTTP/1.1)
POST /session/b69da0e6064793cb71e7a7f4204a2d0a/element HTTP/1.1
User-Agent: selenium/4.1.2 (java windows)
Content-Length: 79
Content-Type: application/json; charset=utf-8
host: localhost:61821
accept: */*

Response DefaultHttpResponse(decodeResult: success, version: HTTP/1.1)
HTTP/1.1 200 OK
Content-Type: application/json; charset=utf-8
cache-control: no-cache
content-length: 88

16:37:09.595 [AsyncHttpClient-1-6] DEBUG org.asynchttpclient.netty.channel.ChannelManager - Adding key: http://localhost:61821 for channel [id: 0x2638b430, L:/127.0.0.1:51366 - R:localhost/127.0.0.1:61821]
16:37:09.596 [Forwarding getElementTagName on session b69da0e6064793cb71e7a7f4204a2d0a to remote] DEBUG org.asynchttpclient.netty.request.NettyRequestSender - Using pooled Channel '[id: 0x2638b430, L:/127.0.0.1:51366 - R:localhost/127.0.0.1:61821]' for 'GET' to 'http://localhost:61821/session/b69da0e6064793cb71e7a7f4204a2d0a/element/5658026d-1baa-4389-b21d-15c810235368/name'
16:37:09.596 [Forwarding getElementTagName on session b69da0e6064793cb71e7a7f4204a2d0a to remote] DEBUG org.asynchttpclient.netty.request.NettyRequestSender - Using open Channel [id: 0x2638b430, L:/127.0.0.1:51366 - R:localhost/127.0.0.1:61821] for GET '/session/b69da0e6064793cb71e7a7f4204a2d0a/element/5658026d-1baa-4389-b21d-15c810235368/name'
16:37:09.603 [AsyncHttpClient-1-6] DEBUG org.asynchttpclient.netty.handler.HttpHandler - 

Request DefaultFullHttpRequest(decodeResult: success, version: HTTP/1.1, content: EmptyByteBufBE)
GET /session/b69da0e6064793cb71e7a7f4204a2d0a/element/5658026d-1baa-4389-b21d-15c810235368/name HTTP/1.1
User-Agent: selenium/4.1.2 (java windows)
Cache-Control: no-cache
Content-Type: application/json; charset=utf-8
host: localhost:61821
accept: */*

Response DefaultHttpResponse(decodeResult: success, version: HTTP/1.1)
HTTP/1.1 200 OK
Content-Type: application/json; charset=utf-8
cache-control: no-cache
content-length: 15

16:37:09.603 [AsyncHttpClient-1-6] DEBUG org.asynchttpclient.netty.channel.ChannelManager - Adding key: http://localhost:61821 for channel [id: 0x2638b430, L:/127.0.0.1:51366 - R:localhost/127.0.0.1:61821]
16:37:09.604 [Forwarding getElementTagName on session b69da0e6064793cb71e7a7f4204a2d0a to remote] DEBUG org.asynchttpclient.netty.request.NettyRequestSender - Using pooled Channel '[id: 0x2638b430, L:/127.0.0.1:51366 - R:localhost/127.0.0.1:61821]' for 'GET' to 'http://localhost:61821/session/b69da0e6064793cb71e7a7f4204a2d0a/element/5658026d-1baa-4389-b21d-15c810235368/name'
16:37:09.604 [Forwarding getElementTagName on session b69da0e6064793cb71e7a7f4204a2d0a to remote] DEBUG org.asynchttpclient.netty.request.NettyRequestSender - Using open Channel [id: 0x2638b430, L:/127.0.0.1:51366 - R:localhost/127.0.0.1:61821] for GET '/session/b69da0e6064793cb71e7a7f4204a2d0a/element/5658026d-1baa-4389-b21d-15c810235368/name'
16:37:09.609 [AsyncHttpClient-1-6] DEBUG org.asynchttpclient.netty.handler.HttpHandler - 

Request DefaultFullHttpRequest(decodeResult: success, version: HTTP/1.1, content: EmptyByteBufBE)
GET /session/b69da0e6064793cb71e7a7f4204a2d0a/element/5658026d-1baa-4389-b21d-15c810235368/name HTTP/1.1
User-Agent: selenium/4.1.2 (java windows)
Cache-Control: no-cache
Content-Type: application/json; charset=utf-8
host: localhost:61821
accept: */*

Response DefaultHttpResponse(decodeResult: success, version: HTTP/1.1)
HTTP/1.1 200 OK
Content-Type: application/json; charset=utf-8
cache-control: no-cache
content-length: 15

16:37:09.609 [AsyncHttpClient-1-6] DEBUG org.asynchttpclient.netty.channel.ChannelManager - Adding key: http://localhost:61821 for channel [id: 0x2638b430, L:/127.0.0.1:51366 - R:localhost/127.0.0.1:61821]
16:37:09.612 [Forwarding findElement on session b69da0e6064793cb71e7a7f4204a2d0a to remote] DEBUG org.asynchttpclient.netty.request.NettyRequestSender - Using pooled Channel '[id: 0x2638b430, L:/127.0.0.1:51366 - R:localhost/127.0.0.1:61821]' for 'POST' to 'http://localhost:61821/session/b69da0e6064793cb71e7a7f4204a2d0a/element'
16:37:09.612 [Forwarding findElement on session b69da0e6064793cb71e7a7f4204a2d0a to remote] DEBUG org.asynchttpclient.netty.request.NettyRequestSender - Using open Channel [id: 0x2638b430, L:/127.0.0.1:51366 - R:localhost/127.0.0.1:61821] for POST '/session/b69da0e6064793cb71e7a7f4204a2d0a/element'
16:37:09.622 [AsyncHttpClient-1-6] DEBUG org.asynchttpclient.netty.handler.HttpHandler - 

Request DefaultHttpRequest(decodeResult: success, version: HTTP/1.1)
POST /session/b69da0e6064793cb71e7a7f4204a2d0a/element HTTP/1.1
User-Agent: selenium/4.1.2 (java windows)
Content-Length: 79
Content-Type: application/json; charset=utf-8
host: localhost:61821
accept: */*

Response DefaultHttpResponse(decodeResult: success, version: HTTP/1.1)
HTTP/1.1 200 OK
Content-Type: application/json; charset=utf-8
cache-control: no-cache
content-length: 88

16:37:09.622 [AsyncHttpClient-1-6] DEBUG org.asynchttpclient.netty.channel.ChannelManager - Adding key: http://localhost:61821 for channel [id: 0x2638b430, L:/127.0.0.1:51366 - R:localhost/127.0.0.1:61821]
16:37:09.624 [Forwarding clickElement on session b69da0e6064793cb71e7a7f4204a2d0a to remote] DEBUG org.asynchttpclient.netty.request.NettyRequestSender - Using pooled Channel '[id: 0x2638b430, L:/127.0.0.1:51366 - R:localhost/127.0.0.1:61821]' for 'POST' to 'http://localhost:61821/session/b69da0e6064793cb71e7a7f4204a2d0a/element/5658026d-1baa-4389-b21d-15c810235368/click'
16:37:09.624 [Forwarding clickElement on session b69da0e6064793cb71e7a7f4204a2d0a to remote] DEBUG org.asynchttpclient.netty.request.NettyRequestSender - Using open Channel [id: 0x2638b430, L:/127.0.0.1:51366 - R:localhost/127.0.0.1:61821] for POST '/session/b69da0e6064793cb71e7a7f4204a2d0a/element/5658026d-1baa-4389-b21d-15c810235368/click'
16:37:09.637 [AsyncHttpClient-1-1] DEBUG org.asynchttpclient.netty.channel.DefaultChannelPool - Entry count for : http://localhost:51367 : 1
16:37:09.855 [AsyncHttpClient-1-6] DEBUG org.asynchttpclient.netty.handler.HttpHandler - 

Request DefaultHttpRequest(decodeResult: success, version: HTTP/1.1)
POST /session/b69da0e6064793cb71e7a7f4204a2d0a/element/5658026d-1baa-4389-b21d-15c810235368/click HTTP/1.1
User-Agent: selenium/4.1.2 (java windows)
Content-Length: 50
Content-Type: application/json; charset=utf-8
host: localhost:61821
accept: */*

Response DefaultHttpResponse(decodeResult: success, version: HTTP/1.1)
HTTP/1.1 200 OK
Content-Type: application/json; charset=utf-8
cache-control: no-cache
content-length: 14

16:37:09.855 [AsyncHttpClient-1-6] DEBUG org.asynchttpclient.netty.channel.ChannelManager - Adding key: http://localhost:61821 for channel [id: 0x2638b430, L:/127.0.0.1:51366 - R:localhost/127.0.0.1:61821]
16:37:09.867 [Forwarding screenshot on session b69da0e6064793cb71e7a7f4204a2d0a to remote] DEBUG org.asynchttpclient.netty.request.NettyRequestSender - Using pooled Channel '[id: 0x2638b430, L:/127.0.0.1:51366 - R:localhost/127.0.0.1:61821]' for 'GET' to 'http://localhost:61821/session/b69da0e6064793cb71e7a7f4204a2d0a/screenshot'
16:37:09.867 [Forwarding screenshot on session b69da0e6064793cb71e7a7f4204a2d0a to remote] DEBUG org.asynchttpclient.netty.request.NettyRequestSender - Using open Channel [id: 0x2638b430, L:/127.0.0.1:51366 - R:localhost/127.0.0.1:61821] for GET '/session/b69da0e6064793cb71e7a7f4204a2d0a/screenshot'
16:37:09.996 [AsyncHttpClient-1-6] DEBUG org.asynchttpclient.netty.handler.HttpHandler - 

Request DefaultFullHttpRequest(decodeResult: success, version: HTTP/1.1, content: EmptyByteBufBE)
GET /session/b69da0e6064793cb71e7a7f4204a2d0a/screenshot HTTP/1.1
User-Agent: selenium/4.1.2 (java windows)
Cache-Control: no-cache
Content-Type: application/json; charset=utf-8
host: localhost:61821
accept: */*

Response DefaultHttpResponse(decodeResult: success, version: HTTP/1.1)
HTTP/1.1 200 OK
Content-Type: application/json; charset=utf-8
cache-control: no-cache
content-length: 56192

16:37:09.996 [AsyncHttpClient-1-6] DEBUG org.asynchttpclient.netty.channel.ChannelManager - Adding key: http://localhost:61821 for channel [id: 0x2638b430, L:/127.0.0.1:51366 - R:localhost/127.0.0.1:61821]
16:37:10.001 [main] DEBUG net.serenitybdd.core.photography.Darkroom - Send negative for processing for target\site\serenity\d631e005c1ab8c2ae9496eb0000819a309562887f5f0fc5c3b73065dfab87bed.png
16:37:10.001 [main] DEBUG net.thucydides.core.steps.StepInterceptor - STEP DONE: clickMenuDoctorButton
  &amp#27;[32mAnd &amp#27;[0m&amp#27;[32mI click menu doctor&amp#27;[0m                                            &amp#27;[90m# starter.stepdefinitions.DoctorSteps.iClickMenuDoctor()&amp#27;[0m
16:37:10.031 [main] DEBUG net.thucydides.core.steps.StepInterceptor - STARTING STEP: DoctorSteps.iClickDoctorDepartmentFilterDropdown - clickFilterDropdown
16:37:10.042 [Forwarding findElement on session b69da0e6064793cb71e7a7f4204a2d0a to remote] DEBUG org.asynchttpclient.netty.request.NettyRequestSender - Using pooled Channel '[id: 0x2638b430, L:/127.0.0.1:51366 - R:localhost/127.0.0.1:61821]' for 'POST' to 'http://localhost:61821/session/b69da0e6064793cb71e7a7f4204a2d0a/element'
16:37:10.042 [Forwarding findElement on session b69da0e6064793cb71e7a7f4204a2d0a to remote] DEBUG org.asynchttpclient.netty.request.NettyRequestSender - Using open Channel [id: 0x2638b430, L:/127.0.0.1:51366 - R:localhost/127.0.0.1:61821] for POST '/session/b69da0e6064793cb71e7a7f4204a2d0a/element'
16:37:10.063 [AsyncHttpClient-1-6] DEBUG org.asynchttpclient.netty.handler.HttpHandler - 

Request DefaultHttpRequest(decodeResult: success, version: HTTP/1.1)
POST /session/b69da0e6064793cb71e7a7f4204a2d0a/element HTTP/1.1
User-Agent: selenium/4.1.2 (java windows)
Content-Length: 146
Content-Type: application/json; charset=utf-8
host: localhost:61821
accept: */*

Response DefaultHttpResponse(decodeResult: success, version: HTTP/1.1)
HTTP/1.1 200 OK
Content-Type: application/json; charset=utf-8
cache-control: no-cache
content-length: 88

16:37:10.064 [AsyncHttpClient-1-6] DEBUG org.asynchttpclient.netty.channel.ChannelManager - Adding key: http://localhost:61821 for channel [id: 0x2638b430, L:/127.0.0.1:51366 - R:localhost/127.0.0.1:61821]
16:37:10.065 [Forwarding getElementTagName on session b69da0e6064793cb71e7a7f4204a2d0a to remote] DEBUG org.asynchttpclient.netty.request.NettyRequestSender - Using pooled Channel '[id: 0x2638b430, L:/127.0.0.1:51366 - R:localhost/127.0.0.1:61821]' for 'GET' to 'http://localhost:61821/session/b69da0e6064793cb71e7a7f4204a2d0a/element/102aeb78-9c1a-4eb2-9f8a-67d7299f1dd0/name'
16:37:10.065 [Forwarding getElementTagName on session b69da0e6064793cb71e7a7f4204a2d0a to remote] DEBUG org.asynchttpclient.netty.request.NettyRequestSender - Using open Channel [id: 0x2638b430, L:/127.0.0.1:51366 - R:localhost/127.0.0.1:61821] for GET '/session/b69da0e6064793cb71e7a7f4204a2d0a/element/102aeb78-9c1a-4eb2-9f8a-67d7299f1dd0/name'
16:37:10.072 [AsyncHttpClient-1-6] DEBUG org.asynchttpclient.netty.handler.HttpHandler - 

Request DefaultFullHttpRequest(decodeResult: success, version: HTTP/1.1, content: EmptyByteBufBE)
GET /session/b69da0e6064793cb71e7a7f4204a2d0a/element/102aeb78-9c1a-4eb2-9f8a-67d7299f1dd0/name HTTP/1.1
User-Agent: selenium/4.1.2 (java windows)
Cache-Control: no-cache
Content-Type: application/json; charset=utf-8
host: localhost:61821
accept: */*

Response DefaultHttpResponse(decodeResult: success, version: HTTP/1.1)
HTTP/1.1 200 OK
Content-Type: application/json; charset=utf-8
cache-control: no-cache
content-length: 15

16:37:10.072 [AsyncHttpClient-1-6] DEBUG org.asynchttpclient.netty.channel.ChannelManager - Adding key: http://localhost:61821 for channel [id: 0x2638b430, L:/127.0.0.1:51366 - R:localhost/127.0.0.1:61821]
16:37:10.074 [Forwarding getElementTagName on session b69da0e6064793cb71e7a7f4204a2d0a to remote] DEBUG org.asynchttpclient.netty.request.NettyRequestSender - Using pooled Channel '[id: 0x2638b430, L:/127.0.0.1:51366 - R:localhost/127.0.0.1:61821]' for 'GET' to 'http://localhost:61821/session/b69da0e6064793cb71e7a7f4204a2d0a/element/102aeb78-9c1a-4eb2-9f8a-67d7299f1dd0/name'
16:37:10.074 [Forwarding getElementTagName on session b69da0e6064793cb71e7a7f4204a2d0a to remote] DEBUG org.asynchttpclient.netty.request.NettyRequestSender - Using open Channel [id: 0x2638b430, L:/127.0.0.1:51366 - R:localhost/127.0.0.1:61821] for GET '/session/b69da0e6064793cb71e7a7f4204a2d0a/element/102aeb78-9c1a-4eb2-9f8a-67d7299f1dd0/name'
16:37:10.079 [AsyncHttpClient-1-6] DEBUG org.asynchttpclient.netty.handler.HttpHandler - 

Request DefaultFullHttpRequest(decodeResult: success, version: HTTP/1.1, content: EmptyByteBufBE)
GET /session/b69da0e6064793cb71e7a7f4204a2d0a/element/102aeb78-9c1a-4eb2-9f8a-67d7299f1dd0/name HTTP/1.1
User-Agent: selenium/4.1.2 (java windows)
Cache-Control: no-cache
Content-Type: application/json; charset=utf-8
host: localhost:61821
accept: */*

Response DefaultHttpResponse(decodeResult: success, version: HTTP/1.1)
HTTP/1.1 200 OK
Content-Type: application/json; charset=utf-8
cache-control: no-cache
content-length: 15

16:37:10.079 [AsyncHttpClient-1-6] DEBUG org.asynchttpclient.netty.channel.ChannelManager - Adding key: http://localhost:61821 for channel [id: 0x2638b430, L:/127.0.0.1:51366 - R:localhost/127.0.0.1:61821]
16:37:10.082 [Forwarding findElement on session b69da0e6064793cb71e7a7f4204a2d0a to remote] DEBUG org.asynchttpclient.netty.request.NettyRequestSender - Using pooled Channel '[id: 0x2638b430, L:/127.0.0.1:51366 - R:localhost/127.0.0.1:61821]' for 'POST' to 'http://localhost:61821/session/b69da0e6064793cb71e7a7f4204a2d0a/element'
16:37:10.082 [Forwarding findElement on session b69da0e6064793cb71e7a7f4204a2d0a to remote] DEBUG org.asynchttpclient.netty.request.NettyRequestSender - Using open Channel [id: 0x2638b430, L:/127.0.0.1:51366 - R:localhost/127.0.0.1:61821] for POST '/session/b69da0e6064793cb71e7a7f4204a2d0a/element'
16:37:10.093 [AsyncHttpClient-1-6] DEBUG org.asynchttpclient.netty.handler.HttpHandler - 

Request DefaultHttpRequest(decodeResult: success, version: HTTP/1.1)
POST /session/b69da0e6064793cb71e7a7f4204a2d0a/element HTTP/1.1
User-Agent: selenium/4.1.2 (java windows)
Content-Length: 146
Content-Type: application/json; charset=utf-8
host: localhost:61821
accept: */*

Response DefaultHttpResponse(decodeResult: success, version: HTTP/1.1)
HTTP/1.1 200 OK
Content-Type: application/json; charset=utf-8
cache-control: no-cache
content-length: 88

16:37:10.093 [AsyncHttpClient-1-6] DEBUG org.asynchttpclient.netty.channel.ChannelManager - Adding key: http://localhost:61821 for channel [id: 0x2638b430, L:/127.0.0.1:51366 - R:localhost/127.0.0.1:61821]
16:37:10.094 [Forwarding clickElement on session b69da0e6064793cb71e7a7f4204a2d0a to remote] DEBUG org.asynchttpclient.netty.request.NettyRequestSender - Using pooled Channel '[id: 0x2638b430, L:/127.0.0.1:51366 - R:localhost/127.0.0.1:61821]' for 'POST' to 'http://localhost:61821/session/b69da0e6064793cb71e7a7f4204a2d0a/element/102aeb78-9c1a-4eb2-9f8a-67d7299f1dd0/click'
16:37:10.094 [Forwarding clickElement on session b69da0e6064793cb71e7a7f4204a2d0a to remote] DEBUG org.asynchttpclient.netty.request.NettyRequestSender - Using open Channel [id: 0x2638b430, L:/127.0.0.1:51366 - R:localhost/127.0.0.1:61821] for POST '/session/b69da0e6064793cb71e7a7f4204a2d0a/element/102aeb78-9c1a-4eb2-9f8a-67d7299f1dd0/click'
16:37:10.247 [AsyncHttpClient-1-6] DEBUG org.asynchttpclient.netty.handler.HttpHandler - 

Request DefaultHttpRequest(decodeResult: success, version: HTTP/1.1)
POST /session/b69da0e6064793cb71e7a7f4204a2d0a/element/102aeb78-9c1a-4eb2-9f8a-67d7299f1dd0/click HTTP/1.1
User-Agent: selenium/4.1.2 (java windows)
Content-Length: 50
Content-Type: application/json; charset=utf-8
host: localhost:61821
accept: */*

Response DefaultHttpResponse(decodeResult: success, version: HTTP/1.1)
HTTP/1.1 200 OK
Content-Type: application/json; charset=utf-8
cache-control: no-cache
content-length: 14

16:37:10.247 [AsyncHttpClient-1-6] DEBUG org.asynchttpclient.netty.channel.ChannelManager - Adding key: http://localhost:61821 for channel [id: 0x2638b430, L:/127.0.0.1:51366 - R:localhost/127.0.0.1:61821]
16:37:10.260 [Forwarding screenshot on session b69da0e6064793cb71e7a7f4204a2d0a to remote] DEBUG org.asynchttpclient.netty.request.NettyRequestSender - Using pooled Channel '[id: 0x2638b430, L:/127.0.0.1:51366 - R:localhost/127.0.0.1:61821]' for 'GET' to 'http://localhost:61821/session/b69da0e6064793cb71e7a7f4204a2d0a/screenshot'
16:37:10.260 [Forwarding screenshot on session b69da0e6064793cb71e7a7f4204a2d0a to remote] DEBUG org.asynchttpclient.netty.request.NettyRequestSender - Using open Channel [id: 0x2638b430, L:/127.0.0.1:51366 - R:localhost/127.0.0.1:61821] for GET '/session/b69da0e6064793cb71e7a7f4204a2d0a/screenshot'
16:37:10.408 [AsyncHttpClient-1-6] DEBUG org.asynchttpclient.netty.handler.HttpHandler - 

Request DefaultFullHttpRequest(decodeResult: success, version: HTTP/1.1, content: EmptyByteBufBE)
GET /session/b69da0e6064793cb71e7a7f4204a2d0a/screenshot HTTP/1.1
User-Agent: selenium/4.1.2 (java windows)
Cache-Control: no-cache
Content-Type: application/json; charset=utf-8
host: localhost:61821
accept: */*

Response DefaultHttpResponse(decodeResult: success, version: HTTP/1.1)
HTTP/1.1 200 OK
Content-Type: application/json; charset=utf-8
cache-control: no-cache
content-length: 64924

16:37:10.409 [AsyncHttpClient-1-6] DEBUG org.asynchttpclient.netty.channel.ChannelManager - Adding key: http://localhost:61821 for channel [id: 0x2638b430, L:/127.0.0.1:51366 - R:localhost/127.0.0.1:61821]
16:37:10.414 [main] DEBUG net.serenitybdd.core.photography.Darkroom - Send negative for processing for target\site\serenity\e02b0603d14d33b7ee6ee152a1f0538cb1aa5d7567e5e830f3ddb03b8586a2b1.png
16:37:10.414 [main] DEBUG net.thucydides.core.steps.StepInterceptor - STEP DONE: clickFilterDropdown
  &amp#27;[32mWhen &amp#27;[0m&amp#27;[32mI click doctor department filter dropdown&amp#27;[0m                     &amp#27;[90m# starter.stepdefinitions.DoctorSteps.iClickDoctorDepartmentFilterDropdown()&amp#27;[0m
16:37:10.414 [Darkroom Processing Line] DEBUG net.serenitybdd.core.photography.DarkroomProcessingLine - Processing screenshot image in /var/screenshots/screenshot-16935573970901478258
16:37:10.414 [Darkroom Processing Line] DEBUG net.serenitybdd.core.photography.DarkroomProcessingLine - Saving screenshot to target\site\serenity\e02b0603d14d33b7ee6ee152a1f0538cb1aa5d7567e5e830f3ddb03b8586a2b1.png
16:37:10.445 [main] DEBUG net.thucydides.core.steps.StepInterceptor - STARTING STEP: DoctorSteps.iClickGynecologyMenu - clickGynecologyMenu
16:37:10.450 [Forwarding findElement on session b69da0e6064793cb71e7a7f4204a2d0a to remote] DEBUG org.asynchttpclient.netty.request.NettyRequestSender - Using pooled Channel '[id: 0x2638b430, L:/127.0.0.1:51366 - R:localhost/127.0.0.1:61821]' for 'POST' to 'http://localhost:61821/session/b69da0e6064793cb71e7a7f4204a2d0a/element'
16:37:10.450 [Forwarding findElement on session b69da0e6064793cb71e7a7f4204a2d0a to remote] DEBUG org.asynchttpclient.netty.request.NettyRequestSender - Using open Channel [id: 0x2638b430, L:/127.0.0.1:51366 - R:localhost/127.0.0.1:61821] for POST '/session/b69da0e6064793cb71e7a7f4204a2d0a/element'
16:37:10.472 [AsyncHttpClient-1-6] DEBUG org.asynchttpclient.netty.handler.HttpHandler - 

Request DefaultHttpRequest(decodeResult: success, version: HTTP/1.1)
POST /session/b69da0e6064793cb71e7a7f4204a2d0a/element HTTP/1.1
User-Agent: selenium/4.1.2 (java windows)
Content-Length: 109
Content-Type: application/json; charset=utf-8
host: localhost:61821
accept: */*

Response DefaultHttpResponse(decodeResult: success, version: HTTP/1.1)
HTTP/1.1 200 OK
Content-Type: application/json; charset=utf-8
cache-control: no-cache
content-length: 88

16:37:10.472 [AsyncHttpClient-1-6] DEBUG org.asynchttpclient.netty.channel.ChannelManager - Adding key: http://localhost:61821 for channel [id: 0x2638b430, L:/127.0.0.1:51366 - R:localhost/127.0.0.1:61821]
16:37:10.474 [Forwarding getElementTagName on session b69da0e6064793cb71e7a7f4204a2d0a to remote] DEBUG org.asynchttpclient.netty.request.NettyRequestSender - Using pooled Channel '[id: 0x2638b430, L:/127.0.0.1:51366 - R:localhost/127.0.0.1:61821]' for 'GET' to 'http://localhost:61821/session/b69da0e6064793cb71e7a7f4204a2d0a/element/b69d2cd9-5369-4b93-946f-a81c5f9d8a0d/name'
16:37:10.474 [Forwarding getElementTagName on session b69da0e6064793cb71e7a7f4204a2d0a to remote] DEBUG org.asynchttpclient.netty.request.NettyRequestSender - Using open Channel [id: 0x2638b430, L:/127.0.0.1:51366 - R:localhost/127.0.0.1:61821] for GET '/session/b69da0e6064793cb71e7a7f4204a2d0a/element/b69d2cd9-5369-4b93-946f-a81c5f9d8a0d/name'
16:37:10.481 [AsyncHttpClient-1-6] DEBUG org.asynchttpclient.netty.handler.HttpHandler - 

Request DefaultFullHttpRequest(decodeResult: success, version: HTTP/1.1, content: EmptyByteBufBE)
GET /session/b69da0e6064793cb71e7a7f4204a2d0a/element/b69d2cd9-5369-4b93-946f-a81c5f9d8a0d/name HTTP/1.1
User-Agent: selenium/4.1.2 (java windows)
Cache-Control: no-cache
Content-Type: application/json; charset=utf-8
host: localhost:61821
accept: */*

Response DefaultHttpResponse(decodeResult: success, version: HTTP/1.1)
HTTP/1.1 200 OK
Content-Type: application/json; charset=utf-8
cache-control: no-cache
content-length: 14

16:37:10.481 [AsyncHttpClient-1-6] DEBUG org.asynchttpclient.netty.channel.ChannelManager - Adding key: http://localhost:61821 for channel [id: 0x2638b430, L:/127.0.0.1:51366 - R:localhost/127.0.0.1:61821]
16:37:10.483 [Forwarding getElementTagName on session b69da0e6064793cb71e7a7f4204a2d0a to remote] DEBUG org.asynchttpclient.netty.request.NettyRequestSender - Using pooled Channel '[id: 0x2638b430, L:/127.0.0.1:51366 - R:localhost/127.0.0.1:61821]' for 'GET' to 'http://localhost:61821/session/b69da0e6064793cb71e7a7f4204a2d0a/element/b69d2cd9-5369-4b93-946f-a81c5f9d8a0d/name'
16:37:10.483 [Forwarding getElementTagName on session b69da0e6064793cb71e7a7f4204a2d0a to remote] DEBUG org.asynchttpclient.netty.request.NettyRequestSender - Using open Channel [id: 0x2638b430, L:/127.0.0.1:51366 - R:localhost/127.0.0.1:61821] for GET '/session/b69da0e6064793cb71e7a7f4204a2d0a/element/b69d2cd9-5369-4b93-946f-a81c5f9d8a0d/name'
16:37:10.489 [AsyncHttpClient-1-6] DEBUG org.asynchttpclient.netty.handler.HttpHandler - 

Request DefaultFullHttpRequest(decodeResult: success, version: HTTP/1.1, content: EmptyByteBufBE)
GET /session/b69da0e6064793cb71e7a7f4204a2d0a/element/b69d2cd9-5369-4b93-946f-a81c5f9d8a0d/name HTTP/1.1
User-Agent: selenium/4.1.2 (java windows)
Cache-Control: no-cache
Content-Type: application/json; charset=utf-8
host: localhost:61821
accept: */*

Response DefaultHttpResponse(decodeResult: success, version: HTTP/1.1)
HTTP/1.1 200 OK
Content-Type: application/json; charset=utf-8
cache-control: no-cache
content-length: 14

16:37:10.489 [AsyncHttpClient-1-6] DEBUG org.asynchttpclient.netty.channel.ChannelManager - Adding key: http://localhost:61821 for channel [id: 0x2638b430, L:/127.0.0.1:51366 - R:localhost/127.0.0.1:61821]
16:37:10.492 [Forwarding findElement on session b69da0e6064793cb71e7a7f4204a2d0a to remote] DEBUG org.asynchttpclient.netty.request.NettyRequestSender - Using pooled Channel '[id: 0x2638b430, L:/127.0.0.1:51366 - R:localhost/127.0.0.1:61821]' for 'POST' to 'http://localhost:61821/session/b69da0e6064793cb71e7a7f4204a2d0a/element'
16:37:10.492 [Forwarding findElement on session b69da0e6064793cb71e7a7f4204a2d0a to remote] DEBUG org.asynchttpclient.netty.request.NettyRequestSender - Using open Channel [id: 0x2638b430, L:/127.0.0.1:51366 - R:localhost/127.0.0.1:61821] for POST '/session/b69da0e6064793cb71e7a7f4204a2d0a/element'
16:37:10.503 [AsyncHttpClient-1-6] DEBUG org.asynchttpclient.netty.handler.HttpHandler - 

Request DefaultHttpRequest(decodeResult: success, version: HTTP/1.1)
POST /session/b69da0e6064793cb71e7a7f4204a2d0a/element HTTP/1.1
User-Agent: selenium/4.1.2 (java windows)
Content-Length: 109
Content-Type: application/json; charset=utf-8
host: localhost:61821
accept: */*

Response DefaultHttpResponse(decodeResult: success, version: HTTP/1.1)
HTTP/1.1 200 OK
Content-Type: application/json; charset=utf-8
cache-control: no-cache
content-length: 88

16:37:10.503 [AsyncHttpClient-1-6] DEBUG org.asynchttpclient.netty.channel.ChannelManager - Adding key: http://localhost:61821 for channel [id: 0x2638b430, L:/127.0.0.1:51366 - R:localhost/127.0.0.1:61821]
16:37:10.504 [Forwarding clickElement on session b69da0e6064793cb71e7a7f4204a2d0a to remote] DEBUG org.asynchttpclient.netty.request.NettyRequestSender - Using pooled Channel '[id: 0x2638b430, L:/127.0.0.1:51366 - R:localhost/127.0.0.1:61821]' for 'POST' to 'http://localhost:61821/session/b69da0e6064793cb71e7a7f4204a2d0a/element/b69d2cd9-5369-4b93-946f-a81c5f9d8a0d/click'
16:37:10.504 [Forwarding clickElement on session b69da0e6064793cb71e7a7f4204a2d0a to remote] DEBUG org.asynchttpclient.netty.request.NettyRequestSender - Using open Channel [id: 0x2638b430, L:/127.0.0.1:51366 - R:localhost/127.0.0.1:61821] for POST '/session/b69da0e6064793cb71e7a7f4204a2d0a/element/b69d2cd9-5369-4b93-946f-a81c5f9d8a0d/click'
16:37:10.743 [AsyncHttpClient-1-1] DEBUG org.asynchttpclient.netty.channel.DefaultChannelPool - Entry count for : http://localhost:51367 : 1
16:37:10.792 [AsyncHttpClient-1-6] DEBUG org.asynchttpclient.netty.handler.HttpHandler - 

Request DefaultHttpRequest(decodeResult: success, version: HTTP/1.1)
POST /session/b69da0e6064793cb71e7a7f4204a2d0a/element/b69d2cd9-5369-4b93-946f-a81c5f9d8a0d/click HTTP/1.1
User-Agent: selenium/4.1.2 (java windows)
Content-Length: 50
Content-Type: application/json; charset=utf-8
host: localhost:61821
accept: */*

Response DefaultHttpResponse(decodeResult: success, version: HTTP/1.1)
HTTP/1.1 200 OK
Content-Type: application/json; charset=utf-8
cache-control: no-cache
content-length: 14

16:37:10.793 [AsyncHttpClient-1-6] DEBUG org.asynchttpclient.netty.channel.ChannelManager - Adding key: http://localhost:61821 for channel [id: 0x2638b430, L:/127.0.0.1:51366 - R:localhost/127.0.0.1:61821]
16:37:10.822 [Forwarding screenshot on session b69da0e6064793cb71e7a7f4204a2d0a to remote] DEBUG org.asynchttpclient.netty.request.NettyRequestSender - Using pooled Channel '[id: 0x2638b430, L:/127.0.0.1:51366 - R:localhost/127.0.0.1:61821]' for 'GET' to 'http://localhost:61821/session/b69da0e6064793cb71e7a7f4204a2d0a/screenshot'
16:37:10.823 [Forwarding screenshot on session b69da0e6064793cb71e7a7f4204a2d0a to remote] DEBUG org.asynchttpclient.netty.request.NettyRequestSender - Using open Channel [id: 0x2638b430, L:/127.0.0.1:51366 - R:localhost/127.0.0.1:61821] for GET '/session/b69da0e6064793cb71e7a7f4204a2d0a/screenshot'
16:37:11.058 [AsyncHttpClient-1-6] DEBUG org.asynchttpclient.netty.handler.HttpHandler - 

Request DefaultFullHttpRequest(decodeResult: success, version: HTTP/1.1, content: EmptyByteBufBE)
GET /session/b69da0e6064793cb71e7a7f4204a2d0a/screenshot HTTP/1.1
User-Agent: selenium/4.1.2 (java windows)
Cache-Control: no-cache
Content-Type: application/json; charset=utf-8
host: localhost:61821
accept: */*

Response DefaultHttpResponse(decodeResult: success, version: HTTP/1.1)
HTTP/1.1 200 OK
Content-Type: application/json; charset=utf-8
cache-control: no-cache
content-length: 98056

16:37:11.058 [AsyncHttpClient-1-6] DEBUG org.asynchttpclient.netty.channel.ChannelManager - Adding key: http://localhost:61821 for channel [id: 0x2638b430, L:/127.0.0.1:51366 - R:localhost/127.0.0.1:61821]
16:37:11.065 [main] DEBUG net.serenitybdd.core.photography.Darkroom - Send negative for processing for target\site\serenity\d2f91fe7bfb4ca8b73ccc3d2d5a67da4fcdddff4f70cc5c631abb26fbfdb4269.png
16:37:11.065 [main] DEBUG net.thucydides.core.steps.StepInterceptor - STEP DONE: clickGynecologyMenu
  &amp#27;[32mAnd &amp#27;[0m&amp#27;[32mI click gynecology menu&amp#27;[0m                                        &amp#27;[90m# starter.stepdefinitions.DoctorSteps.iClickGynecologyMenu()&amp#27;[0m
16:37:11.066 [Darkroom Processing Line] DEBUG net.serenitybdd.core.photography.DarkroomProcessingLine - Processing screenshot image in /var/screenshots/screenshot-5308106251692953858
16:37:11.066 [Darkroom Processing Line] DEBUG net.serenitybdd.core.photography.DarkroomProcessingLine - Saving screenshot to target\site\serenity\d2f91fe7bfb4ca8b73ccc3d2d5a67da4fcdddff4f70cc5c631abb26fbfdb4269.png
16:37:11.091 [main] DEBUG net.thucydides.core.steps.StepInterceptor - STARTING STEP: DoctorSteps.iValidateDoctorListOnlyShowGynecologyDepartmentDoctor - validateGynecologyDoctor
16:37:11.093 [Forwarding findElement on session b69da0e6064793cb71e7a7f4204a2d0a to remote] DEBUG org.asynchttpclient.netty.request.NettyRequestSender - Using pooled Channel '[id: 0x2638b430, L:/127.0.0.1:51366 - R:localhost/127.0.0.1:61821]' for 'POST' to 'http://localhost:61821/session/b69da0e6064793cb71e7a7f4204a2d0a/element'
16:37:11.093 [Forwarding findElement on session b69da0e6064793cb71e7a7f4204a2d0a to remote] DEBUG org.asynchttpclient.netty.request.NettyRequestSender - Using open Channel [id: 0x2638b430, L:/127.0.0.1:51366 - R:localhost/127.0.0.1:61821] for POST '/session/b69da0e6064793cb71e7a7f4204a2d0a/element'
16:37:11.146 [AsyncHttpClient-1-6] DEBUG org.asynchttpclient.netty.handler.HttpHandler - 

Request DefaultHttpRequest(decodeResult: success, version: HTTP/1.1)
POST /session/b69da0e6064793cb71e7a7f4204a2d0a/element HTTP/1.1
User-Agent: selenium/4.1.2 (java windows)
Content-Length: 82
Content-Type: application/json; charset=utf-8
host: localhost:61821
accept: */*

Response DefaultHttpResponse(decodeResult: success, version: HTTP/1.1)
HTTP/1.1 200 OK
Content-Type: application/json; charset=utf-8
cache-control: no-cache
content-length: 88

16:37:11.146 [AsyncHttpClient-1-6] DEBUG org.asynchttpclient.netty.channel.ChannelManager - Adding key: http://localhost:61821 for channel [id: 0x2638b430, L:/127.0.0.1:51366 - R:localhost/127.0.0.1:61821]
16:37:11.150 [Forwarding isElementDisplayed on session b69da0e6064793cb71e7a7f4204a2d0a to remote] DEBUG org.asynchttpclient.netty.request.NettyRequestSender - Using pooled Channel '[id: 0x2638b430, L:/127.0.0.1:51366 - R:localhost/127.0.0.1:61821]' for 'POST' to 'http://localhost:61821/session/b69da0e6064793cb71e7a7f4204a2d0a/execute/sync'
16:37:11.151 [Forwarding isElementDisplayed on session b69da0e6064793cb71e7a7f4204a2d0a to remote] DEBUG org.asynchttpclient.netty.request.NettyRequestSender - Using open Channel [id: 0x2638b430, L:/127.0.0.1:51366 - R:localhost/127.0.0.1:61821] for POST '/session/b69da0e6064793cb71e7a7f4204a2d0a/execute/sync'
16:37:11.178 [AsyncHttpClient-1-6] DEBUG org.asynchttpclient.netty.handler.HttpHandler - 

Request DefaultHttpRequest(decodeResult: success, version: HTTP/1.1)
POST /session/b69da0e6064793cb71e7a7f4204a2d0a/execute/sync HTTP/1.1
User-Agent: selenium/4.1.2 (java windows)
Content-Length: 48780
Content-Type: application/json; charset=utf-8
host: localhost:61821
accept: */*

Response DefaultHttpResponse(decodeResult: success, version: HTTP/1.1)
HTTP/1.1 200 OK
Content-Type: application/json; charset=utf-8
cache-control: no-cache
content-length: 14

16:37:11.178 [AsyncHttpClient-1-6] DEBUG org.asynchttpclient.netty.channel.ChannelManager - Adding key: http://localhost:61821 for channel [id: 0x2638b430, L:/127.0.0.1:51366 - R:localhost/127.0.0.1:61821]
16:37:11.187 [Forwarding screenshot on session b69da0e6064793cb71e7a7f4204a2d0a to remote] DEBUG org.asynchttpclient.netty.request.NettyRequestSender - Using pooled Channel '[id: 0x2638b430, L:/127.0.0.1:51366 - R:localhost/127.0.0.1:61821]' for 'GET' to 'http://localhost:61821/session/b69da0e6064793cb71e7a7f4204a2d0a/screenshot'
16:37:11.187 [Forwarding screenshot on session b69da0e6064793cb71e7a7f4204a2d0a to remote] DEBUG org.asynchttpclient.netty.request.NettyRequestSender - Using open Channel [id: 0x2638b430, L:/127.0.0.1:51366 - R:localhost/127.0.0.1:61821] for GET '/session/b69da0e6064793cb71e7a7f4204a2d0a/screenshot'
16:37:11.390 [AsyncHttpClient-1-6] DEBUG org.asynchttpclient.netty.handler.HttpHandler - 

Request DefaultFullHttpRequest(decodeResult: success, version: HTTP/1.1, content: EmptyByteBufBE)
GET /session/b69da0e6064793cb71e7a7f4204a2d0a/screenshot HTTP/1.1
User-Agent: selenium/4.1.2 (java windows)
Cache-Control: no-cache
Content-Type: application/json; charset=utf-8
host: localhost:61821
accept: */*

Response DefaultHttpResponse(decodeResult: success, version: HTTP/1.1)
HTTP/1.1 200 OK
Content-Type: application/json; charset=utf-8
cache-control: no-cache
content-length: 80948

16:37:11.390 [AsyncHttpClient-1-6] DEBUG org.asynchttpclient.netty.channel.ChannelManager - Adding key: http://localhost:61821 for channel [id: 0x2638b430, L:/127.0.0.1:51366 - R:localhost/127.0.0.1:61821]
16:37:11.396 [main] DEBUG net.serenitybdd.core.photography.Darkroom - Send negative for processing for target\site\serenity\08abd535c85b5605294e7f732a71e9864434ac77f898ae5291a921eba3416ddc.png
16:37:11.396 [main] DEBUG net.thucydides.core.steps.StepInterceptor - STEP DONE: validateGynecologyDoctor
  &amp#27;[32mThen &amp#27;[0m&amp#27;[32mI validate doctor list only show gynecology department doctor&amp#27;[0m &amp#27;[90m# starter.stepdefinitions.DoctorSteps.iValidateDoctorListOnlyShowGynecologyDepartmentDoctor()&amp#27;[0m
16:37:11.396 [Darkroom Processing Line] DEBUG net.serenitybdd.core.photography.DarkroomProcessingLine - Processing screenshot image in /var/screenshots/screenshot-2415799281248132622
16:37:11.396 [Darkroom Processing Line] DEBUG net.serenitybdd.core.photography.DarkroomProcessingLine - Saving screenshot to target\site\serenity\08abd535c85b5605294e7f732a71e9864434ac77f898ae5291a921eba3416ddc.png
16:37:11.405 [main] INFO  - 
  _____   ___   ___   _____     ___     _     ___   ___   ___   ___  
 |_   _| | __| / __| |_   _|   | _ \   /_\   / __| / __| | __| |   \ 
   | |   | _|  \__ \   | |     |  _/  / _ \  \__ \ \__ \ | _|  | |) |
   |_|   |___| |___/   |_|     |_|   /_/ \_\ |___/ |___/ |___| |___/ 

Filter Doctor Gynecology Scenario
----------------------------------------------------------------------
16:37:11.407 [AsyncHttpClient-1-8] DEBUG org.asynchttpclient.netty.handler.WebSocketHandler - Channel Closed: [id: 0x2b2f041f, L:/127.0.0.1:51373 ! R:localhost/127.0.0.1:51367] with attribute NettyResponseFuture{currentRetry=5,
	isDone=1,
	isCancelled=0,
	asyncHandler=org.asynchttpclient.ws.WebSocketUpgradeHandler@2cf5c4b7,
	nettyRequest=org.asynchttpclient.netty.request.NettyRequest@7d4b5809,
	future=java.util.concurrent.CompletableFuture@1872f5a5[Completed normally],
	uri=ws://localhost:51367/devtools/browser/b3ec9adf-93f1-4b42-b756-1cf4005216f1,
	keepAlive=true,
	redirectCount=0,
	timeoutsHolder=null,
	inAuth=0,
	touch=1655717824787}
16:37:11.408 [AsyncHttpClient-1-8] DEBUG org.asynchttpclient.netty.channel.ChannelManager - Closing Channel [id: 0x2b2f041f, L:/127.0.0.1:51373 ! R:localhost/127.0.0.1:51367] 
16:37:11.409 [Driver Command Executor] DEBUG org.asynchttpclient.netty.request.NettyRequestSender - Using pooled Channel '[id: 0x2638b430, L:/127.0.0.1:51366 - R:localhost/127.0.0.1:61821]' for 'DELETE' to 'http://localhost:61821/session/b69da0e6064793cb71e7a7f4204a2d0a'
16:37:11.409 [Driver Command Executor] DEBUG org.asynchttpclient.netty.request.NettyRequestSender - Using open Channel [id: 0x2638b430, L:/127.0.0.1:51366 - R:localhost/127.0.0.1:61821] for DELETE '/session/b69da0e6064793cb71e7a7f4204a2d0a'
16:37:11.693 [AsyncHttpClient-1-7] DEBUG org.asynchttpclient.netty.handler.HttpHandler - Unexpected I/O exception on channel [id: 0xbd829c05, L:/127.0.0.1:51372 - R:localhost/127.0.0.1:51367]
java.net.SocketException: Connection reset
	at java.base/sun.nio.ch.SocketChannelImpl.throwConnectionReset(SocketChannelImpl.java:367)
	at java.base/sun.nio.ch.SocketChannelImpl.read(SocketChannelImpl.java:398)
	at io.netty.buffer.PooledByteBuf.setBytes(PooledByteBuf.java:258)
	at io.netty.buffer.AbstractByteBuf.writeBytes(AbstractByteBuf.java:1132)
	at io.netty.channel.socket.nio.NioSocketChannel.doReadBytes(NioSocketChannel.java:350)
	at io.netty.channel.nio.AbstractNioByteChannel$NioByteUnsafe.read(AbstractNioByteChannel.java:151)
	at io.netty.channel.nio.NioEventLoop.processSelectedKey(NioEventLoop.java:722)
	at io.netty.channel.nio.NioEventLoop.processSelectedKeysOptimized(NioEventLoop.java:658)
	at io.netty.channel.nio.NioEventLoop.processSelectedKeys(NioEventLoop.java:584)
	at io.netty.channel.nio.NioEventLoop.run(NioEventLoop.java:496)
	at io.netty.util.concurrent.SingleThreadEventExecutor$4.run(SingleThreadEventExecutor.java:986)
	at io.netty.util.internal.ThreadExecutorMap$2.run(ThreadExecutorMap.java:74)
	at io.netty.util.concurrent.FastThreadLocalRunnable.run(FastThreadLocalRunnable.java:30)
	at java.base/java.lang.Thread.run(Thread.java:832)
16:37:11.693 [AsyncHttpClient-1-7] DEBUG org.asynchttpclient.netty.channel.ChannelManager - Closing Channel [id: 0xbd829c05, L:/127.0.0.1:51372 - R:localhost/127.0.0.1:51367] 
16:37:11.693 [AsyncHttpClient-1-7] DEBUG org.asynchttpclient.netty.handler.HttpHandler - Channel Closed: [id: 0xbd829c05, L:/127.0.0.1:51372 ! R:localhost/127.0.0.1:51367] with attribute DISCARD
16:37:11.736 [AsyncHttpClient-1-6] DEBUG org.asynchttpclient.netty.handler.HttpHandler - 

Request DefaultFullHttpRequest(decodeResult: success, version: HTTP/1.1, content: EmptyByteBufBE)
DELETE /session/b69da0e6064793cb71e7a7f4204a2d0a HTTP/1.1
User-Agent: selenium/4.1.2 (java windows)
Content-Type: application/json; charset=utf-8
host: localhost:61821
accept: */*

Response DefaultHttpResponse(decodeResult: success, version: HTTP/1.1)
HTTP/1.1 200 OK
Content-Type: application/json; charset=utf-8
cache-control: no-cache
content-length: 14

16:37:11.736 [AsyncHttpClient-1-6] DEBUG org.asynchttpclient.netty.channel.ChannelManager - Adding key: http://localhost:61821 for channel [id: 0x2638b430, L:/127.0.0.1:51366 - R:localhost/127.0.0.1:61821]
16:37:11.837 [AsyncHttpClient-1-1] DEBUG org.asynchttpclient.netty.channel.DefaultChannelPool - Entry count for : http://localhost:51367 : 1
16:37:11.837 [AsyncHttpClient-1-1] DEBUG org.asynchttpclient.netty.channel.DefaultChannelPool - Entry count for : http://localhost:61821 : 1
16:37:11.837 [AsyncHttpClient-1-1] DEBUG org.asynchttpclient.netty.channel.DefaultChannelPool - Adding Candidate expired Channel [id: 0xbd829c05, L:/127.0.0.1:51372 ! R:localhost/127.0.0.1:51367] isIdleTimeoutExpired=false isRemotelyClosed=true isTtlExpired=false
16:37:11.837 [AsyncHttpClient-1-1] DEBUG org.asynchttpclient.netty.channel.DefaultChannelPool - Closing Idle Channel [id: 0xbd829c05, L:/127.0.0.1:51372 ! R:localhost/127.0.0.1:51367]
16:37:11.837 [AsyncHttpClient-1-1] DEBUG org.asynchttpclient.netty.channel.DefaultChannelPool - Closed 1 connections out of 2 in 0 ms
16:37:12.010 [AsyncHttpClient-1-6] DEBUG org.asynchttpclient.netty.handler.HttpHandler - Channel Closed: [id: 0x2638b430, L:/127.0.0.1:51366 ! R:localhost/127.0.0.1:61821] with attribute DISCARD
]]></system-out>
    <system-err><![CDATA[Starting ChromeDriver 102.0.5005.61 (0e59bcc00cc4985ce39ad31c150065f159d95ad3-refs/branch-heads/5005@{#819}) on port 61821
Only local connections are allowed.
Please see https://chromedriver.chromium.org/security-considerations for suggestions on keeping ChromeDriver safe.
ChromeDriver was started successfully.
Jun 20, 2022 4:37:04 PM org.openqa.selenium.remote.ProtocolHandshake createSession
INFO: Detected dialect: W3C
Jun 20, 2022 4:37:04 PM org.openqa.selenium.devtools.CdpVersionFinder findNearestMatch
WARNING: Unable to find an exact match for CDP version 102, so returning the closest version found: a no-op implementation
Jun 20, 2022 4:37:04 PM org.openqa.selenium.devtools.CdpVersionFinder findNearestMatch
INFO: Unable to find CDP implementation matching 102.
Jun 20, 2022 4:37:04 PM org.openqa.selenium.chromium.ChromiumDriver lambda$new$3
WARNING: Unable to find version of CDP to use for . You may need to include a dependency on a specific version of the CDP using something similar to `org.seleniumhq.selenium:selenium-devtools-v86:4.1.2` where the version ("v86") matches the version of the chromium-based browser you're using and the version number of the artifact is the same as Selenium's.
]]></system-err>
  </testcase>
</testsuite>