<?xml version="1.0" encoding="UTF-8"?>
<testsuite xmlns:xsi="http://www.w3.org/2001/XMLSchema-instance" xsi:noNamespaceSchemaLocation="https://maven.apache.org/surefire/maven-failsafe-plugin/xsd/failsafe-test-report-3.0.xsd" version="3.0" name="CucumberTestSuite" time="716.664" tests="37" errors="5" skipped="0" failures="0">
  <properties>
    <property name="java.specification.version" value="15"/>
    <property name="webdriver.chrome.driver" value="E:\My Documents\File Difa\TI Semester 6 Kampus Merdeka Alterra\Tugas\CAPSTONE Project\Capstone-Project-Website\src\test\resources\webdriver\chromedriver.exe"/>
    <property name="sun.cpu.isalist" value="amd64"/>
    <property name="sun.jnu.encoding" value="Cp1252"/>
    <property name="java.class.path" value="E:\My Documents\File Difa\TI Semester 6 Kampus Merdeka Alterra\Tugas\CAPSTONE Project\Capstone-Project-Website\target\test-classes;C:\Users\USER\.m2\repository\net\serenity-bdd\serenity-core\3.2.1\serenity-core-3.2.1.jar;C:\Users\USER\.m2\repository\net\serenity-bdd\serenity-model\3.2.1\serenity-model-3.2.1.jar;C:\Users\USER\.m2\repository\org\apache\commons\commons-text\1.9\commons-text-1.9.jar;C:\Users\USER\.m2\repository\commons-net\commons-net\3.8.0\commons-net-3.8.0.jar;C:\Users\USER\.m2\repository\com\google\guava\guava\31.1-jre\guava-31.1-jre.jar;C:\Users\USER\.m2\repository\com\google\guava\failureaccess\1.0.1\failureaccess-1.0.1.jar;C:\Users\USER\.m2\repository\com\google\guava\listenablefuture\9999.0-empty-to-avoid-conflict-with-guava\listenablefuture-9999.0-empty-to-avoid-conflict-with-guava.jar;C:\Users\USER\.m2\repository\com\google\code\findbugs\jsr305\3.0.2\jsr305-3.0.2.jar;C:\Users\USER\.m2\repository\org\checkerframework\checker-qual\3.12.0\checker-qual-3.12.0.jar;C:\Users\USER\.m2\repository\com\google\errorprone\error_prone_annotations\2.11.0\error_prone_annotations-2.11.0.jar;C:\Users\USER\.m2\repository\com\google\j2objc\j2objc-annotations\1.3\j2objc-annotations-1.3.jar;C:\Users\USER\.m2\repository\com\google\inject\guice\5.1.0\guice-5.1.0.jar;C:\Users\USER\.m2\repository\javax\inject\javax.inject\1\javax.inject-1.jar;C:\Users\USER\.m2\repository\aopalliance\aopalliance\1.0\aopalliance-1.0.jar;C:\Users\USER\.m2\repository\org\jsoup\jsoup\1.14.3\jsoup-1.14.3.jar;C:\Users\USER\.m2\repository\com\thoughtworks\xstream\xstream\1.4.19\xstream-1.4.19.jar;C:\Users\USER\.m2\repository\io\github\x-stream\mxparser\1.2.2\mxparser-1.2.2.jar;C:\Users\USER\.m2\repository\xmlpull\xmlpull\1.1.3.1\xmlpull-1.1.3.1.jar;C:\Users\USER\.m2\repository\io\cucumber\cucumber-java\7.2.3\cucumber-java-7.2.3.jar;C:\Users\USER\.m2\repository\com\typesafe\config\1.4.2\config-1.4.2.jar;C:\Users\USER\.m2\repository\org\imgscalr\imgscalr-lib\4.2\imgscalr-lib-4.2.jar;C:\Users\USER\.m2\repository\org\awaitility\awaitility\4.2.0\awaitility-4.2.0.jar;C:\Users\USER\.m2\repository\org\freemarker\freemarker\2.3.31\freemarker-2.3.31.jar;C:\Users\USER\.m2\repository\io\github\classgraph\classgraph\4.8.138\classgraph-4.8.138.jar;C:\Users\USER\.m2\repository\net\sourceforge\jexcelapi\jxl\2.6.12\jxl-2.6.12.jar;C:\Users\USER\.m2\repository\net\bytebuddy\byte-buddy\1.12.8\byte-buddy-1.12.8.jar;C:\Users\USER\.m2\repository\net\bytebuddy\byte-buddy-agent\1.12.8\byte-buddy-agent-1.12.8.jar;C:\Users\USER\.m2\repository\org\objenesis\objenesis\3.1\objenesis-3.1.jar;C:\Users\USER\.m2\repository\net\serenity-bdd\serenity-reports\3.2.1\serenity-reports-3.2.1.jar;C:\Users\USER\.m2\repository\net\serenity-bdd\serenity-stats\3.2.1\serenity-stats-3.2.1.jar;C:\Users\USER\.m2\repository\net\serenity-bdd\serenity-reports-configuration\3.2.1\serenity-reports-configuration-3.2.1.jar;C:\Users\USER\.m2\repository\com\vladsch\flexmark\flexmark-all\0.34.30\flexmark-all-0.34.30.jar;C:\Users\USER\.m2\repository\com\vladsch\flexmark\flexmark\0.34.30\flexmark-0.34.30.jar;C:\Users\USER\.m2\repository\com\vladsch\flexmark\flexmark-ext-abbreviation\0.34.30\flexmark-ext-abbreviation-0.34.30.jar;C:\Users\USER\.m2\repository\com\vladsch\flexmark\flexmark-ext-admonition\0.34.30\flexmark-ext-admonition-0.34.30.jar;C:\Users\USER\.m2\repository\com\vladsch\flexmark\flexmark-ext-anchorlink\0.34.30\flexmark-ext-anchorlink-0.34.30.jar;C:\Users\USER\.m2\repository\com\vladsch\flexmark\flexmark-ext-aside\0.34.30\flexmark-ext-aside-0.34.30.jar;C:\Users\USER\.m2\repository\com\vladsch\flexmark\flexmark-ext-attributes\0.34.30\flexmark-ext-attributes-0.34.30.jar;C:\Users\USER\.m2\repository\com\vladsch\flexmark\flexmark-ext-autolink\0.34.30\flexmark-ext-autolink-0.34.30.jar;C:\Users\USER\.m2\repository\org\nibor\autolink\autolink\0.6.0\autolink-0.6.0.jar;C:\Users\USER\.m2\repository\com\vladsch\flexmark\flexmark-ext-definition\0.34.30\flexmark-ext-definition-0.34.30.jar;C:\Users\USER\.m2\repository\com\vladsch\flexmark\flexmark-ext-emoji\0.34.30\flexmark-ext-emoji-0.34.30.jar;C:\Users\USER\.m2\repository\com\vladsch\flexmark\flexmark-ext-enumerated-reference\0.34.30\flexmark-ext-enumerated-reference-0.34.30.jar;C:\Users\USER\.m2\repository\com\vladsch\flexmark\flexmark-ext-escaped-character\0.34.30\flexmark-ext-escaped-character-0.34.30.jar;C:\Users\USER\.m2\repository\com\vladsch\flexmark\flexmark-ext-footnotes\0.34.30\flexmark-ext-footnotes-0.34.30.jar;C:\Users\USER\.m2\repository\com\vladsch\flexmark\flexmark-ext-gfm-issues\0.34.30\flexmark-ext-gfm-issues-0.34.30.jar;C:\Users\USER\.m2\repository\com\vladsch\flexmark\flexmark-ext-gfm-strikethrough\0.34.30\flexmark-ext-gfm-strikethrough-0.34.30.jar;C:\Users\USER\.m2\repository\com\vladsch\flexmark\flexmark-ext-gfm-tables\0.34.30\flexmark-ext-gfm-tables-0.34.30.jar;C:\Users\USER\.m2\repository\com\vladsch\flexmark\flexmark-ext-gfm-tasklist\0.34.30\flexmark-ext-gfm-tasklist-0.34.30.jar;C:\Users\USER\.m2\repository\com\vladsch\flexmark\flexmark-ext-gfm-users\0.34.30\flexmark-ext-gfm-users-0.34.30.jar;C:\Users\USER\.m2\repository\com\vladsch\flexmark\flexmark-ext-gitlab\0.34.30\flexmark-ext-gitlab-0.34.30.jar;C:\Users\USER\.m2\repository\com\vladsch\flexmark\flexmark-ext-jekyll-front-matter\0.34.30\flexmark-ext-jekyll-front-matter-0.34.30.jar;C:\Users\USER\.m2\repository\com\vladsch\flexmark\flexmark-ext-jekyll-tag\0.34.30\flexmark-ext-jekyll-tag-0.34.30.jar;C:\Users\USER\.m2\repository\com\vladsch\flexmark\flexmark-ext-media-tags\0.34.30\flexmark-ext-media-tags-0.34.30.jar;C:\Users\USER\.m2\repository\com\vladsch\flexmark\flexmark-test-util\0.34.30\flexmark-test-util-0.34.30.jar;C:\Users\USER\.m2\repository\com\vladsch\flexmark\flexmark-ext-ins\0.34.30\flexmark-ext-ins-0.34.30.jar;C:\Users\USER\.m2\repository\com\vladsch\flexmark\flexmark-ext-xwiki-macros\0.34.30\flexmark-ext-xwiki-macros-0.34.30.jar;C:\Users\USER\.m2\repository\com\vladsch\flexmark\flexmark-ext-superscript\0.34.30\flexmark-ext-superscript-0.34.30.jar;C:\Users\USER\.m2\repository\com\vladsch\flexmark\flexmark-ext-tables\0.34.30\flexmark-ext-tables-0.34.30.jar;C:\Users\USER\.m2\repository\com\vladsch\flexmark\flexmark-ext-toc\0.34.30\flexmark-ext-toc-0.34.30.jar;C:\Users\USER\.m2\repository\com\vladsch\flexmark\flexmark-ext-typographic\0.34.30\flexmark-ext-typographic-0.34.30.jar;C:\Users\USER\.m2\repository\com\vladsch\flexmark\flexmark-ext-wikilink\0.34.30\flexmark-ext-wikilink-0.34.30.jar;C:\Users\USER\.m2\repository\com\vladsch\flexmark\flexmark-ext-yaml-front-matter\0.34.30\flexmark-ext-yaml-front-matter-0.34.30.jar;C:\Users\USER\.m2\repository\com\vladsch\flexmark\flexmark-ext-youtube-embedded\0.34.30\flexmark-ext-youtube-embedded-0.34.30.jar;C:\Users\USER\.m2\repository\com\vladsch\flexmark\flexmark-formatter\0.34.30\flexmark-formatter-0.34.30.jar;C:\Users\USER\.m2\repository\com\vladsch\flexmark\flexmark-html-parser\0.34.30\flexmark-html-parser-0.34.30.jar;C:\Users\USER\.m2\repository\com\vladsch\flexmark\flexmark-jira-converter\0.34.30\flexmark-jira-converter-0.34.30.jar;C:\Users\USER\.m2\repository\com\vladsch\flexmark\flexmark-pdf-converter\0.34.30\flexmark-pdf-converter-0.34.30.jar;C:\Users\USER\.m2\repository\com\openhtmltopdf\openhtmltopdf-core\0.0.1-RC13\openhtmltopdf-core-0.0.1-RC13.jar;C:\Users\USER\.m2\repository\com\openhtmltopdf\openhtmltopdf-pdfbox\0.0.1-RC13\openhtmltopdf-pdfbox-0.0.1-RC13.jar;C:\Users\USER\.m2\repository\org\apache\pdfbox\pdfbox\2.0.8\pdfbox-2.0.8.jar;C:\Users\USER\.m2\repository\org\apache\pdfbox\fontbox\2.0.8\fontbox-2.0.8.jar;C:\Users\USER\.m2\repository\commons-logging\commons-logging\1.2\commons-logging-1.2.jar;C:\Users\USER\.m2\repository\org\apache\pdfbox\xmpbox\2.0.8\xmpbox-2.0.8.jar;C:\Users\USER\.m2\repository\de\rototor\pdfbox\graphics2d\0.12\graphics2d-0.12.jar;C:\Users\USER\.m2\repository\com\openhtmltopdf\openhtmltopdf-rtl-support\0.0.1-RC13\openhtmltopdf-rtl-support-0.0.1-RC13.jar;C:\Users\USER\.m2\repository\com\ibm\icu\icu4j\59.1\icu4j-59.1.jar;C:\Users\USER\.m2\repository\com\openhtmltopdf\openhtmltopdf-jsoup-dom-converter\0.0.1-RC13\openhtmltopdf-jsoup-dom-converter-0.0.1-RC13.jar;C:\Users\USER\.m2\repository\com\vladsch\flexmark\flexmark-profile-pegdown\0.34.30\flexmark-profile-pegdown-0.34.30.jar;C:\Users\USER\.m2\repository\com\vladsch\flexmark\flexmark-util\0.34.30\flexmark-util-0.34.30.jar;C:\Users\USER\.m2\repository\com\vladsch\flexmark\flexmark-youtrack-converter\0.34.30\flexmark-youtrack-converter-0.34.30.jar;C:\Users\USER\.m2\repository\es\nitaur\markdown\txtmark\0.16\txtmark-0.16.jar;C:\Users\USER\.m2\repository\net\serenity-bdd\serenity-report-resources\3.2.1\serenity-report-resources-3.2.1.jar;C:\Users\USER\.m2\repository\com\google\code\gson\gson\2.9.0\gson-2.9.0.jar;C:\Users\USER\.m2\repository\com\fasterxml\jackson\core\jackson-core\2.13.2\jackson-core-2.13.2.jar;C:\Users\USER\.m2\repository\com\fasterxml\jackson\core\jackson-databind\2.13.2\jackson-databind-2.13.2.jar;C:\Users\USER\.m2\repository\com\fasterxml\jackson\core\jackson-annotations\2.13.2\jackson-annotations-2.13.2.jar;C:\Users\USER\.m2\repository\commons-codec\commons-codec\1.15\commons-codec-1.15.jar;C:\Users\USER\.m2\repository\commons-io\commons-io\2.11.0\commons-io-2.11.0.jar;C:\Users\USER\.m2\repository\org\seleniumhq\selenium\selenium-java\4.1.2\selenium-java-4.1.2.jar;C:\Users\USER\.m2\repository\org\seleniumhq\selenium\selenium-devtools-v85\4.1.2\selenium-devtools-v85-4.1.2.jar;C:\Users\USER\.m2\repository\org\seleniumhq\selenium\selenium-devtools-v95\4.1.2\selenium-devtools-v95-4.1.2.jar;C:\Users\USER\.m2\repository\org\seleniumhq\selenium\selenium-devtools-v96\4.1.2\selenium-devtools-v96-4.1.2.jar;C:\Users\USER\.m2\repository\org\seleniumhq\selenium\selenium-devtools-v97\4.1.2\selenium-devtools-v97-4.1.2.jar;C:\Users\USER\.m2\repository\org\seleniumhq\selenium\selenium-firefox-xpi-driver\4.1.2\selenium-firefox-xpi-driver-4.1.2.jar;C:\Users\USER\.m2\repository\org\seleniumhq\selenium\selenium-opera-driver\4.1.2\selenium-opera-driver-4.1.2.jar;C:\Users\USER\.m2\repository\org\seleniumhq\selenium\selenium-remote-driver\4.1.2\selenium-remote-driver-4.1.2.jar;C:\Users\USER\.m2\repository\com\beust\jcommander\1.82\jcommander-1.82.jar;C:\Users\USER\.m2\repository\io\netty\netty-buffer\4.1.73.Final\netty-buffer-4.1.73.Final.jar;C:\Users\USER\.m2\repository\io\netty\netty-codec-http\4.1.73.Final\netty-codec-http-4.1.73.Final.jar;C:\Users\USER\.m2\repository\io\netty\netty-codec\4.1.73.Final\netty-codec-4.1.73.Final.jar;C:\Users\USER\.m2\repository\io\netty\netty-handler\4.1.73.Final\netty-handler-4.1.73.Final.jar;C:\Users\USER\.m2\repository\io\netty\netty-tcnative-classes\2.0.46.Final\netty-tcnative-classes-2.0.46.Final.jar;C:\Users\USER\.m2\repository\io\netty\netty-common\4.1.73.Final\netty-common-4.1.73.Final.jar;C:\Users\USER\.m2\repository\io\netty\netty-transport-classes-epoll\4.1.73.Final\netty-transport-classes-epoll-4.1.73.Final.jar;C:\Users\USER\.m2\repository\io\netty\netty-transport-classes-kqueue\4.1.73.Final\netty-transport-classes-kqueue-4.1.73.Final.jar;C:\Users\USER\.m2\repository\io\netty\netty-transport-native-epoll\4.1.73.Final\netty-transport-native-epoll-4.1.73.Final.jar;C:\Users\USER\.m2\repository\io\netty\netty-transport-native-kqueue\4.1.73.Final\netty-transport-native-kqueue-4.1.73.Final.jar;C:\Users\USER\.m2\repository\io\netty\netty-transport-native-unix-common\4.1.73.Final\netty-transport-native-unix-common-4.1.73.Final.jar;C:\Users\USER\.m2\repository\io\netty\netty-transport\4.1.73.Final\netty-transport-4.1.73.Final.jar;C:\Users\USER\.m2\repository\io\netty\netty-resolver\4.1.73.Final\netty-resolver-4.1.73.Final.jar;C:\Users\USER\.m2\repository\io\opentelemetry\opentelemetry-api\1.10.1\opentelemetry-api-1.10.1.jar;C:\Users\USER\.m2\repository\io\opentelemetry\opentelemetry-context\1.10.1\opentelemetry-context-1.10.1.jar;C:\Users\USER\.m2\repository\io\opentelemetry\opentelemetry-exporter-logging\1.10.1\opentelemetry-exporter-logging-1.10.1.jar;C:\Users\USER\.m2\repository\io\opentelemetry\opentelemetry-sdk-metrics\1.10.1-alpha\opentelemetry-sdk-metrics-1.10.1-alpha.jar;C:\Users\USER\.m2\repository\io\opentelemetry\opentelemetry-sdk-logs\1.10.1-alpha\opentelemetry-sdk-logs-1.10.1-alpha.jar;C:\Users\USER\.m2\repository\io\opentelemetry\opentelemetry-sdk-common\1.10.1\opentelemetry-sdk-common-1.10.1.jar;C:\Users\USER\.m2\repository\io\opentelemetry\opentelemetry-sdk-extension-autoconfigure-spi\1.10.1\opentelemetry-sdk-extension-autoconfigure-spi-1.10.1.jar;C:\Users\USER\.m2\repository\io\opentelemetry\opentelemetry-sdk-extension-autoconfigure\1.10.1-alpha\opentelemetry-sdk-extension-autoconfigure-1.10.1-alpha.jar;C:\Users\USER\.m2\repository\io\opentelemetry\opentelemetry-sdk-trace\1.10.1\opentelemetry-sdk-trace-1.10.1.jar;C:\Users\USER\.m2\repository\io\opentelemetry\opentelemetry-sdk\1.10.1\opentelemetry-sdk-1.10.1.jar;C:\Users\USER\.m2\repository\io\opentelemetry\opentelemetry-semconv\1.10.1-alpha\opentelemetry-semconv-1.10.1-alpha.jar;C:\Users\USER\.m2\repository\io\ous\jtoml\2.0.0\jtoml-2.0.0.jar;C:\Users\USER\.m2\repository\org\apache\commons\commons-exec\1.3\commons-exec-1.3.jar;C:\Users\USER\.m2\repository\org\asynchttpclient\async-http-client\2.12.3\async-http-client-2.12.3.jar;C:\Users\USER\.m2\repository\org\asynchttpclient\async-http-client-netty-utils\2.12.3\async-http-client-netty-utils-2.12.3.jar;C:\Users\USER\.m2\repository\io\netty\netty-codec-socks\4.1.60.Final\netty-codec-socks-4.1.60.Final.jar;C:\Users\USER\.m2\repository\io\netty\netty-handler-proxy\4.1.60.Final\netty-handler-proxy-4.1.60.Final.jar;C:\Users\USER\.m2\repository\io\netty\netty-transport-native-epoll\4.1.60.Final\netty-transport-native-epoll-4.1.60.Final-linux-x86_64.jar;C:\Users\USER\.m2\repository\io\netty\netty-transport-native-kqueue\4.1.60.Final\netty-transport-native-kqueue-4.1.60.Final-osx-x86_64.jar;C:\Users\USER\.m2\repository\org\reactivestreams\reactive-streams\1.0.3\reactive-streams-1.0.3.jar;C:\Users\USER\.m2\repository\com\typesafe\netty\netty-reactive-streams\2.0.4\netty-reactive-streams-2.0.4.jar;C:\Users\USER\.m2\repository\org\seleniumhq\selenium\selenium-http\4.1.2\selenium-http-4.1.2.jar;C:\Users\USER\.m2\repository\net\jodah\failsafe\2.4.4\failsafe-2.4.4.jar;C:\Users\USER\.m2\repository\org\seleniumhq\selenium\selenium-safari-driver\4.1.2\selenium-safari-driver-4.1.2.jar;C:\Users\USER\.m2\repository\org\seleniumhq\selenium\selenium-api\4.1.2\selenium-api-4.1.2.jar;C:\Users\USER\.m2\repository\org\seleniumhq\selenium\selenium-support\4.1.2\selenium-support-4.1.2.jar;C:\Users\USER\.m2\repository\com\google\auto\service\auto-service-annotations\1.0.1\auto-service-annotations-1.0.1.jar;C:\Users\USER\.m2\repository\com\google\auto\service\auto-service\1.0.1\auto-service-1.0.1.jar;C:\Users\USER\.m2\repository\com\google\auto\auto-common\1.2\auto-common-1.2.jar;C:\Users\USER\.m2\repository\org\seleniumhq\selenium\selenium-json\4.1.2\selenium-json-4.1.2.jar;C:\Users\USER\.m2\repository\org\seleniumhq\selenium\selenium-chrome-driver\4.1.2\selenium-chrome-driver-4.1.2.jar;C:\Users\USER\.m2\repository\org\seleniumhq\selenium\selenium-chromium-driver\4.1.2\selenium-chromium-driver-4.1.2.jar;C:\Users\USER\.m2\repository\org\seleniumhq\selenium\selenium-firefox-driver\4.1.2\selenium-firefox-driver-4.1.2.jar;C:\Users\USER\.m2\repository\org\seleniumhq\selenium\selenium-edge-driver\4.1.2\selenium-edge-driver-4.1.2.jar;C:\Users\USER\.m2\repository\org\seleniumhq\selenium\selenium-ie-driver\4.1.2\selenium-ie-driver-4.1.2.jar;C:\Users\USER\.m2\repository\org\projectlombok\lombok\1.18.20\lombok-1.18.20.jar;C:\Users\USER\.m2\repository\io\appium\java-client\8.0.0\java-client-8.0.0.jar;C:\Users\USER\.m2\repository\commons-validator\commons-validator\1.7\commons-validator-1.7.jar;C:\Users\USER\.m2\repository\commons-digester\commons-digester\2.1\commons-digester-2.1.jar;C:\Users\USER\.m2\repository\org\aspectj\aspectjweaver\1.9.8\aspectjweaver-1.9.8.jar;C:\Users\USER\.m2\repository\org\codehaus\groovy\groovy\3.0.10\groovy-3.0.10.jar;C:\Users\USER\.m2\repository\net\sf\opencsv\opencsv\2.0\opencsv-2.0.jar;C:\Users\USER\.m2\repository\commons-beanutils\commons-beanutils\1.9.4\commons-beanutils-1.9.4.jar;C:\Users\USER\.m2\repository\org\apache\commons\commons-lang3\3.12.0\commons-lang3-3.12.0.jar;C:\Users\USER\.m2\repository\commons-collections\commons-collections\3.2.2\commons-collections-3.2.2.jar;C:\Users\USER\.m2\repository\org\fluentlenium\fluentlenium-core\0.10.2\fluentlenium-core-0.10.2.jar;C:\Users\USER\.m2\repository\io\github\bonigarcia\webdrivermanager\5.1.0\webdrivermanager-5.1.0.jar;C:\Users\USER\.m2\repository\com\github\docker-java\docker-java\3.2.13\docker-java-3.2.13.jar;C:\Users\USER\.m2\repository\com\github\docker-java\docker-java-core\3.2.13\docker-java-core-3.2.13.jar;C:\Users\USER\.m2\repository\com\github\docker-java\docker-java-api\3.2.13\docker-java-api-3.2.13.jar;C:\Users\USER\.m2\repository\org\apache\commons\commons-compress\1.21\commons-compress-1.21.jar;C:\Users\USER\.m2\repository\org\bouncycastle\bcpkix-jdk15on\1.64\bcpkix-jdk15on-1.64.jar;C:\Users\USER\.m2\repository\org\bouncycastle\bcprov-jdk15on\1.64\bcprov-jdk15on-1.64.jar;C:\Users\USER\.m2\repository\org\slf4j\jcl-over-slf4j\1.7.30\jcl-over-slf4j-1.7.30.jar;C:\Users\USER\.m2\repository\com\github\docker-java\docker-java-transport-httpclient5\3.2.13\docker-java-transport-httpclient5-3.2.13.jar;C:\Users\USER\.m2\repository\com\github\docker-java\docker-java-transport\3.2.13\docker-java-transport-3.2.13.jar;C:\Users\USER\.m2\repository\org\apache\httpcomponents\client5\httpclient5\5.0.3\httpclient5-5.0.3.jar;C:\Users\USER\.m2\repository\org\apache\httpcomponents\core5\httpcore5\5.0.2\httpcore5-5.0.2.jar;C:\Users\USER\.m2\repository\net\java\dev\jna\jna\5.8.0\jna-5.8.0.jar;C:\Users\USER\.m2\repository\org\brotli\dec\0.1.2\dec-0.1.2.jar;C:\Users\USER\.m2\repository\com\jhlabs\filters\2.0.235\filters-2.0.235.jar;C:\Users\USER\.m2\repository\com\paulhammant\ngwebdriver\1.1.6\ngwebdriver-1.1.6.jar;C:\Users\USER\.m2\repository\joda-time\joda-time\2.8.2\joda-time-2.8.2.jar;C:\Users\USER\.m2\repository\org\hamcrest\hamcrest\2.2\hamcrest-2.2.jar;C:\Users\USER\.m2\repository\com\google\jimfs\jimfs\1.2\jimfs-1.2.jar;C:\Users\USER\.m2\repository\org\mockito\mockito-core\3.3.3\mockito-core-3.3.3.jar;C:\Users\USER\.m2\repository\javax\xml\bind\jaxb-api\2.3.1\jaxb-api-2.3.1.jar;C:\Users\USER\.m2\repository\javax\activation\javax.activation-api\1.2.0\javax.activation-api-1.2.0.jar;C:\Users\USER\.m2\repository\com\sun\xml\bind\jaxb-core\2.3.0.1\jaxb-core-2.3.0.1.jar;C:\Users\USER\.m2\repository\com\sun\xml\bind\jaxb-impl\2.3.3\jaxb-impl-2.3.3.jar;C:\Users\USER\.m2\repository\jakarta\xml\bind\jakarta.xml.bind-api\2.3.3\jakarta.xml.bind-api-2.3.3.jar;C:\Users\USER\.m2\repository\com\sun\activation\jakarta.activation\1.2.2\jakarta.activation-1.2.2.jar;C:\Users\USER\.m2\repository\javax\activation\activation\1.1.1\activation-1.1.1.jar;C:\Users\USER\.m2\repository\net\serenity-bdd\serenity-cucumber\3.2.1\serenity-cucumber-3.2.1.jar;C:\Users\USER\.m2\repository\io\cucumber\cucumber-core\7.2.3\cucumber-core-7.2.3.jar;C:\Users\USER\.m2\repository\io\cucumber\cucumber-gherkin\7.2.3\cucumber-gherkin-7.2.3.jar;C:\Users\USER\.m2\repository\io\cucumber\cucumber-gherkin-messages\7.2.3\cucumber-gherkin-messages-7.2.3.jar;C:\Users\USER\.m2\repository\io\cucumber\messages\17.1.1\messages-17.1.1.jar;C:\Users\USER\.m2\repository\io\cucumber\tag-expressions\4.1.0\tag-expressions-4.1.0.jar;C:\Users\USER\.m2\repository\io\cucumber\cucumber-expressions\15.0.1\cucumber-expressions-15.0.1.jar;C:\Users\USER\.m2\repository\io\cucumber\datatable\7.2.3\datatable-7.2.3.jar;C:\Users\USER\.m2\repository\io\cucumber\cucumber-plugin\7.2.3\cucumber-plugin-7.2.3.jar;C:\Users\USER\.m2\repository\io\cucumber\docstring\7.2.3\docstring-7.2.3.jar;C:\Users\USER\.m2\repository\io\cucumber\html-formatter\17.0.0\html-formatter-17.0.0.jar;C:\Users\USER\.m2\repository\io\cucumber\ci-environment\8.1.0\ci-environment-8.1.0.jar;C:\Users\USER\.m2\repository\io\cucumber\cucumber-junit\7.2.3\cucumber-junit-7.2.3.jar;C:\Users\USER\.m2\repository\org\apache\commons\commons-csv\1.5\commons-csv-1.5.jar;C:\Users\USER\.m2\repository\net\serenity-bdd\serenity-screenplay\3.2.1\serenity-screenplay-3.2.1.jar;C:\Users\USER\.m2\repository\net\serenity-bdd\serenity-screenplay-webdriver\3.2.1\serenity-screenplay-webdriver-3.2.1.jar;C:\Users\USER\.m2\repository\net\serenity-bdd\serenity-ensure\3.2.1\serenity-ensure-3.2.1.jar;C:\Users\USER\.m2\repository\net\serenity-bdd\serenity-junit\3.2.1\serenity-junit-3.2.1.jar;C:\Users\USER\.m2\repository\org\jetbrains\kotlin\kotlin-stdlib\1.6.0\kotlin-stdlib-1.6.0.jar;C:\Users\USER\.m2\repository\org\jetbrains\annotations\13.0\annotations-13.0.jar;C:\Users\USER\.m2\repository\org\jetbrains\kotlin\kotlin-stdlib-common\1.6.0\kotlin-stdlib-common-1.6.0.jar;C:\Users\USER\.m2\repository\org\junit\platform\junit-platform-launcher\1.8.1\junit-platform-launcher-1.8.1.jar;C:\Users\USER\.m2\repository\org\junit\platform\junit-platform-engine\1.8.1\junit-platform-engine-1.8.1.jar;C:\Users\USER\.m2\repository\org\opentest4j\opentest4j\1.2.0\opentest4j-1.2.0.jar;C:\Users\USER\.m2\repository\org\junit\platform\junit-platform-commons\1.8.1\junit-platform-commons-1.8.1.jar;C:\Users\USER\.m2\repository\org\apiguardian\apiguardian-api\1.1.2\apiguardian-api-1.1.2.jar;C:\Users\USER\.m2\repository\org\junit\jupiter\junit-jupiter-engine\5.8.2\junit-jupiter-engine-5.8.2.jar;C:\Users\USER\.m2\repository\org\junit\jupiter\junit-jupiter-api\5.8.2\junit-jupiter-api-5.8.2.jar;C:\Users\USER\.m2\repository\org\junit\vintage\junit-vintage-engine\5.8.2\junit-vintage-engine-5.8.2.jar;C:\Users\USER\.m2\repository\junit\junit\4.13.2\junit-4.13.2.jar;C:\Users\USER\.m2\repository\org\hamcrest\hamcrest-core\1.3\hamcrest-core-1.3.jar;C:\Users\USER\.m2\repository\ch\qos\logback\logback-classic\1.2.10\logback-classic-1.2.10.jar;C:\Users\USER\.m2\repository\ch\qos\logback\logback-core\1.2.10\logback-core-1.2.10.jar;C:\Users\USER\.m2\repository\org\slf4j\slf4j-api\1.7.32\slf4j-api-1.7.32.jar;C:\Users\USER\.m2\repository\org\assertj\assertj-core\3.6.2\assertj-core-3.6.2.jar;C:\Users\USER\.m2\repository\com\googlecode\json-simple\json-simple\1.1.1\json-simple-1.1.1.jar;"/>
    <property name="java.vm.vendor" value="Oracle Corporation"/>
    <property name="sun.arch.data.model" value="64"/>
    <property name="user.variant" value=""/>
    <property name="java.vendor.url" value="https://java.oracle.com/"/>
    <property name="user.timezone" value="Asia/Bangkok"/>
    <property name="log4j2.formatMsgNoLookups" value="true"/>
    <property name="os.name" value="Windows 8.1"/>
    <property name="java.vm.specification.version" value="15"/>
    <property name="sun.java.launcher" value="SUN_STANDARD"/>
    <property name="user.country" value="US"/>
    <property name="sun.boot.library.path" value="C:\Program Files\Java\jdk-15.0.2\bin"/>
    <property name="sun.java.command" value="org.apache.maven.surefire.booter.ForkedBooter C:\Users\USER\AppData\Local\Temp\surefire8822683012802964112 2022-06-21T10-37-27_144-jvmRun1 surefire9104484620396285602tmp surefire_03076682276390412057tmp"/>
    <property name="jdk.debug" value="release"/>
    <property name="surefire.test.class.path" value="E:\My Documents\File Difa\TI Semester 6 Kampus Merdeka Alterra\Tugas\CAPSTONE Project\Capstone-Project-Website\target\test-classes;C:\Users\USER\.m2\repository\net\serenity-bdd\serenity-core\3.2.1\serenity-core-3.2.1.jar;C:\Users\USER\.m2\repository\net\serenity-bdd\serenity-model\3.2.1\serenity-model-3.2.1.jar;C:\Users\USER\.m2\repository\org\apache\commons\commons-text\1.9\commons-text-1.9.jar;C:\Users\USER\.m2\repository\commons-net\commons-net\3.8.0\commons-net-3.8.0.jar;C:\Users\USER\.m2\repository\com\google\guava\guava\31.1-jre\guava-31.1-jre.jar;C:\Users\USER\.m2\repository\com\google\guava\failureaccess\1.0.1\failureaccess-1.0.1.jar;C:\Users\USER\.m2\repository\com\google\guava\listenablefuture\9999.0-empty-to-avoid-conflict-with-guava\listenablefuture-9999.0-empty-to-avoid-conflict-with-guava.jar;C:\Users\USER\.m2\repository\com\google\code\findbugs\jsr305\3.0.2\jsr305-3.0.2.jar;C:\Users\USER\.m2\repository\org\checkerframework\checker-qual\3.12.0\checker-qual-3.12.0.jar;C:\Users\USER\.m2\repository\com\google\errorprone\error_prone_annotations\2.11.0\error_prone_annotations-2.11.0.jar;C:\Users\USER\.m2\repository\com\google\j2objc\j2objc-annotations\1.3\j2objc-annotations-1.3.jar;C:\Users\USER\.m2\repository\com\google\inject\guice\5.1.0\guice-5.1.0.jar;C:\Users\USER\.m2\repository\javax\inject\javax.inject\1\javax.inject-1.jar;C:\Users\USER\.m2\repository\aopalliance\aopalliance\1.0\aopalliance-1.0.jar;C:\Users\USER\.m2\repository\org\jsoup\jsoup\1.14.3\jsoup-1.14.3.jar;C:\Users\USER\.m2\repository\com\thoughtworks\xstream\xstream\1.4.19\xstream-1.4.19.jar;C:\Users\USER\.m2\repository\io\github\x-stream\mxparser\1.2.2\mxparser-1.2.2.jar;C:\Users\USER\.m2\repository\xmlpull\xmlpull\1.1.3.1\xmlpull-1.1.3.1.jar;C:\Users\USER\.m2\repository\io\cucumber\cucumber-java\7.2.3\cucumber-java-7.2.3.jar;C:\Users\USER\.m2\repository\com\typesafe\config\1.4.2\config-1.4.2.jar;C:\Users\USER\.m2\repository\org\imgscalr\imgscalr-lib\4.2\imgscalr-lib-4.2.jar;C:\Users\USER\.m2\repository\org\awaitility\awaitility\4.2.0\awaitility-4.2.0.jar;C:\Users\USER\.m2\repository\org\freemarker\freemarker\2.3.31\freemarker-2.3.31.jar;C:\Users\USER\.m2\repository\io\github\classgraph\classgraph\4.8.138\classgraph-4.8.138.jar;C:\Users\USER\.m2\repository\net\sourceforge\jexcelapi\jxl\2.6.12\jxl-2.6.12.jar;C:\Users\USER\.m2\repository\net\bytebuddy\byte-buddy\1.12.8\byte-buddy-1.12.8.jar;C:\Users\USER\.m2\repository\net\bytebuddy\byte-buddy-agent\1.12.8\byte-buddy-agent-1.12.8.jar;C:\Users\USER\.m2\repository\org\objenesis\objenesis\3.1\objenesis-3.1.jar;C:\Users\USER\.m2\repository\net\serenity-bdd\serenity-reports\3.2.1\serenity-reports-3.2.1.jar;C:\Users\USER\.m2\repository\net\serenity-bdd\serenity-stats\3.2.1\serenity-stats-3.2.1.jar;C:\Users\USER\.m2\repository\net\serenity-bdd\serenity-reports-configuration\3.2.1\serenity-reports-configuration-3.2.1.jar;C:\Users\USER\.m2\repository\com\vladsch\flexmark\flexmark-all\0.34.30\flexmark-all-0.34.30.jar;C:\Users\USER\.m2\repository\com\vladsch\flexmark\flexmark\0.34.30\flexmark-0.34.30.jar;C:\Users\USER\.m2\repository\com\vladsch\flexmark\flexmark-ext-abbreviation\0.34.30\flexmark-ext-abbreviation-0.34.30.jar;C:\Users\USER\.m2\repository\com\vladsch\flexmark\flexmark-ext-admonition\0.34.30\flexmark-ext-admonition-0.34.30.jar;C:\Users\USER\.m2\repository\com\vladsch\flexmark\flexmark-ext-anchorlink\0.34.30\flexmark-ext-anchorlink-0.34.30.jar;C:\Users\USER\.m2\repository\com\vladsch\flexmark\flexmark-ext-aside\0.34.30\flexmark-ext-aside-0.34.30.jar;C:\Users\USER\.m2\repository\com\vladsch\flexmark\flexmark-ext-attributes\0.34.30\flexmark-ext-attributes-0.34.30.jar;C:\Users\USER\.m2\repository\com\vladsch\flexmark\flexmark-ext-autolink\0.34.30\flexmark-ext-autolink-0.34.30.jar;C:\Users\USER\.m2\repository\org\nibor\autolink\autolink\0.6.0\autolink-0.6.0.jar;C:\Users\USER\.m2\repository\com\vladsch\flexmark\flexmark-ext-definition\0.34.30\flexmark-ext-definition-0.34.30.jar;C:\Users\USER\.m2\repository\com\vladsch\flexmark\flexmark-ext-emoji\0.34.30\flexmark-ext-emoji-0.34.30.jar;C:\Users\USER\.m2\repository\com\vladsch\flexmark\flexmark-ext-enumerated-reference\0.34.30\flexmark-ext-enumerated-reference-0.34.30.jar;C:\Users\USER\.m2\repository\com\vladsch\flexmark\flexmark-ext-escaped-character\0.34.30\flexmark-ext-escaped-character-0.34.30.jar;C:\Users\USER\.m2\repository\com\vladsch\flexmark\flexmark-ext-footnotes\0.34.30\flexmark-ext-footnotes-0.34.30.jar;C:\Users\USER\.m2\repository\com\vladsch\flexmark\flexmark-ext-gfm-issues\0.34.30\flexmark-ext-gfm-issues-0.34.30.jar;C:\Users\USER\.m2\repository\com\vladsch\flexmark\flexmark-ext-gfm-strikethrough\0.34.30\flexmark-ext-gfm-strikethrough-0.34.30.jar;C:\Users\USER\.m2\repository\com\vladsch\flexmark\flexmark-ext-gfm-tables\0.34.30\flexmark-ext-gfm-tables-0.34.30.jar;C:\Users\USER\.m2\repository\com\vladsch\flexmark\flexmark-ext-gfm-tasklist\0.34.30\flexmark-ext-gfm-tasklist-0.34.30.jar;C:\Users\USER\.m2\repository\com\vladsch\flexmark\flexmark-ext-gfm-users\0.34.30\flexmark-ext-gfm-users-0.34.30.jar;C:\Users\USER\.m2\repository\com\vladsch\flexmark\flexmark-ext-gitlab\0.34.30\flexmark-ext-gitlab-0.34.30.jar;C:\Users\USER\.m2\repository\com\vladsch\flexmark\flexmark-ext-jekyll-front-matter\0.34.30\flexmark-ext-jekyll-front-matter-0.34.30.jar;C:\Users\USER\.m2\repository\com\vladsch\flexmark\flexmark-ext-jekyll-tag\0.34.30\flexmark-ext-jekyll-tag-0.34.30.jar;C:\Users\USER\.m2\repository\com\vladsch\flexmark\flexmark-ext-media-tags\0.34.30\flexmark-ext-media-tags-0.34.30.jar;C:\Users\USER\.m2\repository\com\vladsch\flexmark\flexmark-test-util\0.34.30\flexmark-test-util-0.34.30.jar;C:\Users\USER\.m2\repository\com\vladsch\flexmark\flexmark-ext-ins\0.34.30\flexmark-ext-ins-0.34.30.jar;C:\Users\USER\.m2\repository\com\vladsch\flexmark\flexmark-ext-xwiki-macros\0.34.30\flexmark-ext-xwiki-macros-0.34.30.jar;C:\Users\USER\.m2\repository\com\vladsch\flexmark\flexmark-ext-superscript\0.34.30\flexmark-ext-superscript-0.34.30.jar;C:\Users\USER\.m2\repository\com\vladsch\flexmark\flexmark-ext-tables\0.34.30\flexmark-ext-tables-0.34.30.jar;C:\Users\USER\.m2\repository\com\vladsch\flexmark\flexmark-ext-toc\0.34.30\flexmark-ext-toc-0.34.30.jar;C:\Users\USER\.m2\repository\com\vladsch\flexmark\flexmark-ext-typographic\0.34.30\flexmark-ext-typographic-0.34.30.jar;C:\Users\USER\.m2\repository\com\vladsch\flexmark\flexmark-ext-wikilink\0.34.30\flexmark-ext-wikilink-0.34.30.jar;C:\Users\USER\.m2\repository\com\vladsch\flexmark\flexmark-ext-yaml-front-matter\0.34.30\flexmark-ext-yaml-front-matter-0.34.30.jar;C:\Users\USER\.m2\repository\com\vladsch\flexmark\flexmark-ext-youtube-embedded\0.34.30\flexmark-ext-youtube-embedded-0.34.30.jar;C:\Users\USER\.m2\repository\com\vladsch\flexmark\flexmark-formatter\0.34.30\flexmark-formatter-0.34.30.jar;C:\Users\USER\.m2\repository\com\vladsch\flexmark\flexmark-html-parser\0.34.30\flexmark-html-parser-0.34.30.jar;C:\Users\USER\.m2\repository\com\vladsch\flexmark\flexmark-jira-converter\0.34.30\flexmark-jira-converter-0.34.30.jar;C:\Users\USER\.m2\repository\com\vladsch\flexmark\flexmark-pdf-converter\0.34.30\flexmark-pdf-converter-0.34.30.jar;C:\Users\USER\.m2\repository\com\openhtmltopdf\openhtmltopdf-core\0.0.1-RC13\openhtmltopdf-core-0.0.1-RC13.jar;C:\Users\USER\.m2\repository\com\openhtmltopdf\openhtmltopdf-pdfbox\0.0.1-RC13\openhtmltopdf-pdfbox-0.0.1-RC13.jar;C:\Users\USER\.m2\repository\org\apache\pdfbox\pdfbox\2.0.8\pdfbox-2.0.8.jar;C:\Users\USER\.m2\repository\org\apache\pdfbox\fontbox\2.0.8\fontbox-2.0.8.jar;C:\Users\USER\.m2\repository\commons-logging\commons-logging\1.2\commons-logging-1.2.jar;C:\Users\USER\.m2\repository\org\apache\pdfbox\xmpbox\2.0.8\xmpbox-2.0.8.jar;C:\Users\USER\.m2\repository\de\rototor\pdfbox\graphics2d\0.12\graphics2d-0.12.jar;C:\Users\USER\.m2\repository\com\openhtmltopdf\openhtmltopdf-rtl-support\0.0.1-RC13\openhtmltopdf-rtl-support-0.0.1-RC13.jar;C:\Users\USER\.m2\repository\com\ibm\icu\icu4j\59.1\icu4j-59.1.jar;C:\Users\USER\.m2\repository\com\openhtmltopdf\openhtmltopdf-jsoup-dom-converter\0.0.1-RC13\openhtmltopdf-jsoup-dom-converter-0.0.1-RC13.jar;C:\Users\USER\.m2\repository\com\vladsch\flexmark\flexmark-profile-pegdown\0.34.30\flexmark-profile-pegdown-0.34.30.jar;C:\Users\USER\.m2\repository\com\vladsch\flexmark\flexmark-util\0.34.30\flexmark-util-0.34.30.jar;C:\Users\USER\.m2\repository\com\vladsch\flexmark\flexmark-youtrack-converter\0.34.30\flexmark-youtrack-converter-0.34.30.jar;C:\Users\USER\.m2\repository\es\nitaur\markdown\txtmark\0.16\txtmark-0.16.jar;C:\Users\USER\.m2\repository\net\serenity-bdd\serenity-report-resources\3.2.1\serenity-report-resources-3.2.1.jar;C:\Users\USER\.m2\repository\com\google\code\gson\gson\2.9.0\gson-2.9.0.jar;C:\Users\USER\.m2\repository\com\fasterxml\jackson\core\jackson-core\2.13.2\jackson-core-2.13.2.jar;C:\Users\USER\.m2\repository\com\fasterxml\jackson\core\jackson-databind\2.13.2\jackson-databind-2.13.2.jar;C:\Users\USER\.m2\repository\com\fasterxml\jackson\core\jackson-annotations\2.13.2\jackson-annotations-2.13.2.jar;C:\Users\USER\.m2\repository\commons-codec\commons-codec\1.15\commons-codec-1.15.jar;C:\Users\USER\.m2\repository\commons-io\commons-io\2.11.0\commons-io-2.11.0.jar;C:\Users\USER\.m2\repository\org\seleniumhq\selenium\selenium-java\4.1.2\selenium-java-4.1.2.jar;C:\Users\USER\.m2\repository\org\seleniumhq\selenium\selenium-devtools-v85\4.1.2\selenium-devtools-v85-4.1.2.jar;C:\Users\USER\.m2\repository\org\seleniumhq\selenium\selenium-devtools-v95\4.1.2\selenium-devtools-v95-4.1.2.jar;C:\Users\USER\.m2\repository\org\seleniumhq\selenium\selenium-devtools-v96\4.1.2\selenium-devtools-v96-4.1.2.jar;C:\Users\USER\.m2\repository\org\seleniumhq\selenium\selenium-devtools-v97\4.1.2\selenium-devtools-v97-4.1.2.jar;C:\Users\USER\.m2\repository\org\seleniumhq\selenium\selenium-firefox-xpi-driver\4.1.2\selenium-firefox-xpi-driver-4.1.2.jar;C:\Users\USER\.m2\repository\org\seleniumhq\selenium\selenium-opera-driver\4.1.2\selenium-opera-driver-4.1.2.jar;C:\Users\USER\.m2\repository\org\seleniumhq\selenium\selenium-remote-driver\4.1.2\selenium-remote-driver-4.1.2.jar;C:\Users\USER\.m2\repository\com\beust\jcommander\1.82\jcommander-1.82.jar;C:\Users\USER\.m2\repository\io\netty\netty-buffer\4.1.73.Final\netty-buffer-4.1.73.Final.jar;C:\Users\USER\.m2\repository\io\netty\netty-codec-http\4.1.73.Final\netty-codec-http-4.1.73.Final.jar;C:\Users\USER\.m2\repository\io\netty\netty-codec\4.1.73.Final\netty-codec-4.1.73.Final.jar;C:\Users\USER\.m2\repository\io\netty\netty-handler\4.1.73.Final\netty-handler-4.1.73.Final.jar;C:\Users\USER\.m2\repository\io\netty\netty-tcnative-classes\2.0.46.Final\netty-tcnative-classes-2.0.46.Final.jar;C:\Users\USER\.m2\repository\io\netty\netty-common\4.1.73.Final\netty-common-4.1.73.Final.jar;C:\Users\USER\.m2\repository\io\netty\netty-transport-classes-epoll\4.1.73.Final\netty-transport-classes-epoll-4.1.73.Final.jar;C:\Users\USER\.m2\repository\io\netty\netty-transport-classes-kqueue\4.1.73.Final\netty-transport-classes-kqueue-4.1.73.Final.jar;C:\Users\USER\.m2\repository\io\netty\netty-transport-native-epoll\4.1.73.Final\netty-transport-native-epoll-4.1.73.Final.jar;C:\Users\USER\.m2\repository\io\netty\netty-transport-native-kqueue\4.1.73.Final\netty-transport-native-kqueue-4.1.73.Final.jar;C:\Users\USER\.m2\repository\io\netty\netty-transport-native-unix-common\4.1.73.Final\netty-transport-native-unix-common-4.1.73.Final.jar;C:\Users\USER\.m2\repository\io\netty\netty-transport\4.1.73.Final\netty-transport-4.1.73.Final.jar;C:\Users\USER\.m2\repository\io\netty\netty-resolver\4.1.73.Final\netty-resolver-4.1.73.Final.jar;C:\Users\USER\.m2\repository\io\opentelemetry\opentelemetry-api\1.10.1\opentelemetry-api-1.10.1.jar;C:\Users\USER\.m2\repository\io\opentelemetry\opentelemetry-context\1.10.1\opentelemetry-context-1.10.1.jar;C:\Users\USER\.m2\repository\io\opentelemetry\opentelemetry-exporter-logging\1.10.1\opentelemetry-exporter-logging-1.10.1.jar;C:\Users\USER\.m2\repository\io\opentelemetry\opentelemetry-sdk-metrics\1.10.1-alpha\opentelemetry-sdk-metrics-1.10.1-alpha.jar;C:\Users\USER\.m2\repository\io\opentelemetry\opentelemetry-sdk-logs\1.10.1-alpha\opentelemetry-sdk-logs-1.10.1-alpha.jar;C:\Users\USER\.m2\repository\io\opentelemetry\opentelemetry-sdk-common\1.10.1\opentelemetry-sdk-common-1.10.1.jar;C:\Users\USER\.m2\repository\io\opentelemetry\opentelemetry-sdk-extension-autoconfigure-spi\1.10.1\opentelemetry-sdk-extension-autoconfigure-spi-1.10.1.jar;C:\Users\USER\.m2\repository\io\opentelemetry\opentelemetry-sdk-extension-autoconfigure\1.10.1-alpha\opentelemetry-sdk-extension-autoconfigure-1.10.1-alpha.jar;C:\Users\USER\.m2\repository\io\opentelemetry\opentelemetry-sdk-trace\1.10.1\opentelemetry-sdk-trace-1.10.1.jar;C:\Users\USER\.m2\repository\io\opentelemetry\opentelemetry-sdk\1.10.1\opentelemetry-sdk-1.10.1.jar;C:\Users\USER\.m2\repository\io\opentelemetry\opentelemetry-semconv\1.10.1-alpha\opentelemetry-semconv-1.10.1-alpha.jar;C:\Users\USER\.m2\repository\io\ous\jtoml\2.0.0\jtoml-2.0.0.jar;C:\Users\USER\.m2\repository\org\apache\commons\commons-exec\1.3\commons-exec-1.3.jar;C:\Users\USER\.m2\repository\org\asynchttpclient\async-http-client\2.12.3\async-http-client-2.12.3.jar;C:\Users\USER\.m2\repository\org\asynchttpclient\async-http-client-netty-utils\2.12.3\async-http-client-netty-utils-2.12.3.jar;C:\Users\USER\.m2\repository\io\netty\netty-codec-socks\4.1.60.Final\netty-codec-socks-4.1.60.Final.jar;C:\Users\USER\.m2\repository\io\netty\netty-handler-proxy\4.1.60.Final\netty-handler-proxy-4.1.60.Final.jar;C:\Users\USER\.m2\repository\io\netty\netty-transport-native-epoll\4.1.60.Final\netty-transport-native-epoll-4.1.60.Final-linux-x86_64.jar;C:\Users\USER\.m2\repository\io\netty\netty-transport-native-kqueue\4.1.60.Final\netty-transport-native-kqueue-4.1.60.Final-osx-x86_64.jar;C:\Users\USER\.m2\repository\org\reactivestreams\reactive-streams\1.0.3\reactive-streams-1.0.3.jar;C:\Users\USER\.m2\repository\com\typesafe\netty\netty-reactive-streams\2.0.4\netty-reactive-streams-2.0.4.jar;C:\Users\USER\.m2\repository\org\seleniumhq\selenium\selenium-http\4.1.2\selenium-http-4.1.2.jar;C:\Users\USER\.m2\repository\net\jodah\failsafe\2.4.4\failsafe-2.4.4.jar;C:\Users\USER\.m2\repository\org\seleniumhq\selenium\selenium-safari-driver\4.1.2\selenium-safari-driver-4.1.2.jar;C:\Users\USER\.m2\repository\org\seleniumhq\selenium\selenium-api\4.1.2\selenium-api-4.1.2.jar;C:\Users\USER\.m2\repository\org\seleniumhq\selenium\selenium-support\4.1.2\selenium-support-4.1.2.jar;C:\Users\USER\.m2\repository\com\google\auto\service\auto-service-annotations\1.0.1\auto-service-annotations-1.0.1.jar;C:\Users\USER\.m2\repository\com\google\auto\service\auto-service\1.0.1\auto-service-1.0.1.jar;C:\Users\USER\.m2\repository\com\google\auto\auto-common\1.2\auto-common-1.2.jar;C:\Users\USER\.m2\repository\org\seleniumhq\selenium\selenium-json\4.1.2\selenium-json-4.1.2.jar;C:\Users\USER\.m2\repository\org\seleniumhq\selenium\selenium-chrome-driver\4.1.2\selenium-chrome-driver-4.1.2.jar;C:\Users\USER\.m2\repository\org\seleniumhq\selenium\selenium-chromium-driver\4.1.2\selenium-chromium-driver-4.1.2.jar;C:\Users\USER\.m2\repository\org\seleniumhq\selenium\selenium-firefox-driver\4.1.2\selenium-firefox-driver-4.1.2.jar;C:\Users\USER\.m2\repository\org\seleniumhq\selenium\selenium-edge-driver\4.1.2\selenium-edge-driver-4.1.2.jar;C:\Users\USER\.m2\repository\org\seleniumhq\selenium\selenium-ie-driver\4.1.2\selenium-ie-driver-4.1.2.jar;C:\Users\USER\.m2\repository\org\projectlombok\lombok\1.18.20\lombok-1.18.20.jar;C:\Users\USER\.m2\repository\io\appium\java-client\8.0.0\java-client-8.0.0.jar;C:\Users\USER\.m2\repository\commons-validator\commons-validator\1.7\commons-validator-1.7.jar;C:\Users\USER\.m2\repository\commons-digester\commons-digester\2.1\commons-digester-2.1.jar;C:\Users\USER\.m2\repository\org\aspectj\aspectjweaver\1.9.8\aspectjweaver-1.9.8.jar;C:\Users\USER\.m2\repository\org\codehaus\groovy\groovy\3.0.10\groovy-3.0.10.jar;C:\Users\USER\.m2\repository\net\sf\opencsv\opencsv\2.0\opencsv-2.0.jar;C:\Users\USER\.m2\repository\commons-beanutils\commons-beanutils\1.9.4\commons-beanutils-1.9.4.jar;C:\Users\USER\.m2\repository\org\apache\commons\commons-lang3\3.12.0\commons-lang3-3.12.0.jar;C:\Users\USER\.m2\repository\commons-collections\commons-collections\3.2.2\commons-collections-3.2.2.jar;C:\Users\USER\.m2\repository\org\fluentlenium\fluentlenium-core\0.10.2\fluentlenium-core-0.10.2.jar;C:\Users\USER\.m2\repository\io\github\bonigarcia\webdrivermanager\5.1.0\webdrivermanager-5.1.0.jar;C:\Users\USER\.m2\repository\com\github\docker-java\docker-java\3.2.13\docker-java-3.2.13.jar;C:\Users\USER\.m2\repository\com\github\docker-java\docker-java-core\3.2.13\docker-java-core-3.2.13.jar;C:\Users\USER\.m2\repository\com\github\docker-java\docker-java-api\3.2.13\docker-java-api-3.2.13.jar;C:\Users\USER\.m2\repository\org\apache\commons\commons-compress\1.21\commons-compress-1.21.jar;C:\Users\USER\.m2\repository\org\bouncycastle\bcpkix-jdk15on\1.64\bcpkix-jdk15on-1.64.jar;C:\Users\USER\.m2\repository\org\bouncycastle\bcprov-jdk15on\1.64\bcprov-jdk15on-1.64.jar;C:\Users\USER\.m2\repository\org\slf4j\jcl-over-slf4j\1.7.30\jcl-over-slf4j-1.7.30.jar;C:\Users\USER\.m2\repository\com\github\docker-java\docker-java-transport-httpclient5\3.2.13\docker-java-transport-httpclient5-3.2.13.jar;C:\Users\USER\.m2\repository\com\github\docker-java\docker-java-transport\3.2.13\docker-java-transport-3.2.13.jar;C:\Users\USER\.m2\repository\org\apache\httpcomponents\client5\httpclient5\5.0.3\httpclient5-5.0.3.jar;C:\Users\USER\.m2\repository\org\apache\httpcomponents\core5\httpcore5\5.0.2\httpcore5-5.0.2.jar;C:\Users\USER\.m2\repository\net\java\dev\jna\jna\5.8.0\jna-5.8.0.jar;C:\Users\USER\.m2\repository\org\brotli\dec\0.1.2\dec-0.1.2.jar;C:\Users\USER\.m2\repository\com\jhlabs\filters\2.0.235\filters-2.0.235.jar;C:\Users\USER\.m2\repository\com\paulhammant\ngwebdriver\1.1.6\ngwebdriver-1.1.6.jar;C:\Users\USER\.m2\repository\joda-time\joda-time\2.8.2\joda-time-2.8.2.jar;C:\Users\USER\.m2\repository\org\hamcrest\hamcrest\2.2\hamcrest-2.2.jar;C:\Users\USER\.m2\repository\com\google\jimfs\jimfs\1.2\jimfs-1.2.jar;C:\Users\USER\.m2\repository\org\mockito\mockito-core\3.3.3\mockito-core-3.3.3.jar;C:\Users\USER\.m2\repository\javax\xml\bind\jaxb-api\2.3.1\jaxb-api-2.3.1.jar;C:\Users\USER\.m2\repository\javax\activation\javax.activation-api\1.2.0\javax.activation-api-1.2.0.jar;C:\Users\USER\.m2\repository\com\sun\xml\bind\jaxb-core\2.3.0.1\jaxb-core-2.3.0.1.jar;C:\Users\USER\.m2\repository\com\sun\xml\bind\jaxb-impl\2.3.3\jaxb-impl-2.3.3.jar;C:\Users\USER\.m2\repository\jakarta\xml\bind\jakarta.xml.bind-api\2.3.3\jakarta.xml.bind-api-2.3.3.jar;C:\Users\USER\.m2\repository\com\sun\activation\jakarta.activation\1.2.2\jakarta.activation-1.2.2.jar;C:\Users\USER\.m2\repository\javax\activation\activation\1.1.1\activation-1.1.1.jar;C:\Users\USER\.m2\repository\net\serenity-bdd\serenity-cucumber\3.2.1\serenity-cucumber-3.2.1.jar;C:\Users\USER\.m2\repository\io\cucumber\cucumber-core\7.2.3\cucumber-core-7.2.3.jar;C:\Users\USER\.m2\repository\io\cucumber\cucumber-gherkin\7.2.3\cucumber-gherkin-7.2.3.jar;C:\Users\USER\.m2\repository\io\cucumber\cucumber-gherkin-messages\7.2.3\cucumber-gherkin-messages-7.2.3.jar;C:\Users\USER\.m2\repository\io\cucumber\messages\17.1.1\messages-17.1.1.jar;C:\Users\USER\.m2\repository\io\cucumber\tag-expressions\4.1.0\tag-expressions-4.1.0.jar;C:\Users\USER\.m2\repository\io\cucumber\cucumber-expressions\15.0.1\cucumber-expressions-15.0.1.jar;C:\Users\USER\.m2\repository\io\cucumber\datatable\7.2.3\datatable-7.2.3.jar;C:\Users\USER\.m2\repository\io\cucumber\cucumber-plugin\7.2.3\cucumber-plugin-7.2.3.jar;C:\Users\USER\.m2\repository\io\cucumber\docstring\7.2.3\docstring-7.2.3.jar;C:\Users\USER\.m2\repository\io\cucumber\html-formatter\17.0.0\html-formatter-17.0.0.jar;C:\Users\USER\.m2\repository\io\cucumber\ci-environment\8.1.0\ci-environment-8.1.0.jar;C:\Users\USER\.m2\repository\io\cucumber\cucumber-junit\7.2.3\cucumber-junit-7.2.3.jar;C:\Users\USER\.m2\repository\org\apache\commons\commons-csv\1.5\commons-csv-1.5.jar;C:\Users\USER\.m2\repository\net\serenity-bdd\serenity-screenplay\3.2.1\serenity-screenplay-3.2.1.jar;C:\Users\USER\.m2\repository\net\serenity-bdd\serenity-screenplay-webdriver\3.2.1\serenity-screenplay-webdriver-3.2.1.jar;C:\Users\USER\.m2\repository\net\serenity-bdd\serenity-ensure\3.2.1\serenity-ensure-3.2.1.jar;C:\Users\USER\.m2\repository\net\serenity-bdd\serenity-junit\3.2.1\serenity-junit-3.2.1.jar;C:\Users\USER\.m2\repository\org\jetbrains\kotlin\kotlin-stdlib\1.6.0\kotlin-stdlib-1.6.0.jar;C:\Users\USER\.m2\repository\org\jetbrains\annotations\13.0\annotations-13.0.jar;C:\Users\USER\.m2\repository\org\jetbrains\kotlin\kotlin-stdlib-common\1.6.0\kotlin-stdlib-common-1.6.0.jar;C:\Users\USER\.m2\repository\org\junit\platform\junit-platform-launcher\1.8.1\junit-platform-launcher-1.8.1.jar;C:\Users\USER\.m2\repository\org\junit\platform\junit-platform-engine\1.8.1\junit-platform-engine-1.8.1.jar;C:\Users\USER\.m2\repository\org\opentest4j\opentest4j\1.2.0\opentest4j-1.2.0.jar;C:\Users\USER\.m2\repository\org\junit\platform\junit-platform-commons\1.8.1\junit-platform-commons-1.8.1.jar;C:\Users\USER\.m2\repository\org\apiguardian\apiguardian-api\1.1.2\apiguardian-api-1.1.2.jar;C:\Users\USER\.m2\repository\org\junit\jupiter\junit-jupiter-engine\5.8.2\junit-jupiter-engine-5.8.2.jar;C:\Users\USER\.m2\repository\org\junit\jupiter\junit-jupiter-api\5.8.2\junit-jupiter-api-5.8.2.jar;C:\Users\USER\.m2\repository\org\junit\vintage\junit-vintage-engine\5.8.2\junit-vintage-engine-5.8.2.jar;C:\Users\USER\.m2\repository\junit\junit\4.13.2\junit-4.13.2.jar;C:\Users\USER\.m2\repository\org\hamcrest\hamcrest-core\1.3\hamcrest-core-1.3.jar;C:\Users\USER\.m2\repository\ch\qos\logback\logback-classic\1.2.10\logback-classic-1.2.10.jar;C:\Users\USER\.m2\repository\ch\qos\logback\logback-core\1.2.10\logback-core-1.2.10.jar;C:\Users\USER\.m2\repository\org\slf4j\slf4j-api\1.7.32\slf4j-api-1.7.32.jar;C:\Users\USER\.m2\repository\org\assertj\assertj-core\3.6.2\assertj-core-3.6.2.jar;C:\Users\USER\.m2\repository\com\googlecode\json-simple\json-simple\1.1.1\json-simple-1.1.1.jar;"/>
    <property name="sun.cpu.endian" value="little"/>
    <property name="user.home" value="C:\Users\USER"/>
    <property name="user.language" value="en"/>
    <property name="java.specification.vendor" value="Oracle Corporation"/>
    <property name="jdk.module.path" value="E:\My Documents\File Difa\TI Semester 6 Kampus Merdeka Alterra\Tugas\CAPSTONE Project\Capstone-Project-Website\target\Capstone-Project-Website-1.0-SNAPSHOT.jar"/>
    <property name="java.version.date" value="2021-01-19"/>
    <property name="java.home" value="C:\Program Files\Java\jdk-15.0.2"/>
    <property name="file.separator" value="\"/>
    <property name="basedir" value="E:\My Documents\File Difa\TI Semester 6 Kampus Merdeka Alterra\Tugas\CAPSTONE Project\Capstone-Project-Website"/>
    <property name="java.vm.compressedOopsMode" value="32-bit"/>
    <property name="line.separator" value="&#10;"/>
    <property name="java.vm.specification.vendor" value="Oracle Corporation"/>
    <property name="java.specification.name" value="Java Platform API Specification"/>
    <property name="surefire.real.class.path" value="C:\Users\USER\.m2\repository\org\apache\maven\surefire\surefire-booter\3.0.0-M5\surefire-booter-3.0.0-M5.jar;C:\Users\USER\.m2\repository\org\apache\maven\surefire\surefire-api\3.0.0-M5\surefire-api-3.0.0-M5.jar;C:\Users\USER\.m2\repository\org\apache\maven\surefire\surefire-logger-api\3.0.0-M5\surefire-logger-api-3.0.0-M5.jar;C:\Users\USER\.m2\repository\org\apache\maven\surefire\surefire-shared-utils\3.0.0-M4\surefire-shared-utils-3.0.0-M4.jar;C:\Users\USER\.m2\repository\org\apache\maven\surefire\surefire-extensions-spi\3.0.0-M5\surefire-extensions-spi-3.0.0-M5.jar;E:\My Documents\File Difa\TI Semester 6 Kampus Merdeka Alterra\Tugas\CAPSTONE Project\Capstone-Project-Website\target\test-classes;C:\Users\USER\.m2\repository\net\serenity-bdd\serenity-core\3.2.1\serenity-core-3.2.1.jar;C:\Users\USER\.m2\repository\net\serenity-bdd\serenity-model\3.2.1\serenity-model-3.2.1.jar;C:\Users\USER\.m2\repository\org\apache\commons\commons-text\1.9\commons-text-1.9.jar;C:\Users\USER\.m2\repository\commons-net\commons-net\3.8.0\commons-net-3.8.0.jar;C:\Users\USER\.m2\repository\com\google\guava\guava\31.1-jre\guava-31.1-jre.jar;C:\Users\USER\.m2\repository\com\google\guava\failureaccess\1.0.1\failureaccess-1.0.1.jar;C:\Users\USER\.m2\repository\com\google\guava\listenablefuture\9999.0-empty-to-avoid-conflict-with-guava\listenablefuture-9999.0-empty-to-avoid-conflict-with-guava.jar;C:\Users\USER\.m2\repository\com\google\code\findbugs\jsr305\3.0.2\jsr305-3.0.2.jar;C:\Users\USER\.m2\repository\org\checkerframework\checker-qual\3.12.0\checker-qual-3.12.0.jar;C:\Users\USER\.m2\repository\com\google\errorprone\error_prone_annotations\2.11.0\error_prone_annotations-2.11.0.jar;C:\Users\USER\.m2\repository\com\google\j2objc\j2objc-annotations\1.3\j2objc-annotations-1.3.jar;C:\Users\USER\.m2\repository\com\google\inject\guice\5.1.0\guice-5.1.0.jar;C:\Users\USER\.m2\repository\javax\inject\javax.inject\1\javax.inject-1.jar;C:\Users\USER\.m2\repository\aopalliance\aopalliance\1.0\aopalliance-1.0.jar;C:\Users\USER\.m2\repository\org\jsoup\jsoup\1.14.3\jsoup-1.14.3.jar;C:\Users\USER\.m2\repository\com\thoughtworks\xstream\xstream\1.4.19\xstream-1.4.19.jar;C:\Users\USER\.m2\repository\io\github\x-stream\mxparser\1.2.2\mxparser-1.2.2.jar;C:\Users\USER\.m2\repository\xmlpull\xmlpull\1.1.3.1\xmlpull-1.1.3.1.jar;C:\Users\USER\.m2\repository\io\cucumber\cucumber-java\7.2.3\cucumber-java-7.2.3.jar;C:\Users\USER\.m2\repository\com\typesafe\config\1.4.2\config-1.4.2.jar;C:\Users\USER\.m2\repository\org\imgscalr\imgscalr-lib\4.2\imgscalr-lib-4.2.jar;C:\Users\USER\.m2\repository\org\awaitility\awaitility\4.2.0\awaitility-4.2.0.jar;C:\Users\USER\.m2\repository\org\freemarker\freemarker\2.3.31\freemarker-2.3.31.jar;C:\Users\USER\.m2\repository\io\github\classgraph\classgraph\4.8.138\classgraph-4.8.138.jar;C:\Users\USER\.m2\repository\net\sourceforge\jexcelapi\jxl\2.6.12\jxl-2.6.12.jar;C:\Users\USER\.m2\repository\net\bytebuddy\byte-buddy\1.12.8\byte-buddy-1.12.8.jar;C:\Users\USER\.m2\repository\net\bytebuddy\byte-buddy-agent\1.12.8\byte-buddy-agent-1.12.8.jar;C:\Users\USER\.m2\repository\org\objenesis\objenesis\3.1\objenesis-3.1.jar;C:\Users\USER\.m2\repository\net\serenity-bdd\serenity-reports\3.2.1\serenity-reports-3.2.1.jar;C:\Users\USER\.m2\repository\net\serenity-bdd\serenity-stats\3.2.1\serenity-stats-3.2.1.jar;C:\Users\USER\.m2\repository\net\serenity-bdd\serenity-reports-configuration\3.2.1\serenity-reports-configuration-3.2.1.jar;C:\Users\USER\.m2\repository\com\vladsch\flexmark\flexmark-all\0.34.30\flexmark-all-0.34.30.jar;C:\Users\USER\.m2\repository\com\vladsch\flexmark\flexmark\0.34.30\flexmark-0.34.30.jar;C:\Users\USER\.m2\repository\com\vladsch\flexmark\flexmark-ext-abbreviation\0.34.30\flexmark-ext-abbreviation-0.34.30.jar;C:\Users\USER\.m2\repository\com\vladsch\flexmark\flexmark-ext-admonition\0.34.30\flexmark-ext-admonition-0.34.30.jar;C:\Users\USER\.m2\repository\com\vladsch\flexmark\flexmark-ext-anchorlink\0.34.30\flexmark-ext-anchorlink-0.34.30.jar;C:\Users\USER\.m2\repository\com\vladsch\flexmark\flexmark-ext-aside\0.34.30\flexmark-ext-aside-0.34.30.jar;C:\Users\USER\.m2\repository\com\vladsch\flexmark\flexmark-ext-attributes\0.34.30\flexmark-ext-attributes-0.34.30.jar;C:\Users\USER\.m2\repository\com\vladsch\flexmark\flexmark-ext-autolink\0.34.30\flexmark-ext-autolink-0.34.30.jar;C:\Users\USER\.m2\repository\org\nibor\autolink\autolink\0.6.0\autolink-0.6.0.jar;C:\Users\USER\.m2\repository\com\vladsch\flexmark\flexmark-ext-definition\0.34.30\flexmark-ext-definition-0.34.30.jar;C:\Users\USER\.m2\repository\com\vladsch\flexmark\flexmark-ext-emoji\0.34.30\flexmark-ext-emoji-0.34.30.jar;C:\Users\USER\.m2\repository\com\vladsch\flexmark\flexmark-ext-enumerated-reference\0.34.30\flexmark-ext-enumerated-reference-0.34.30.jar;C:\Users\USER\.m2\repository\com\vladsch\flexmark\flexmark-ext-escaped-character\0.34.30\flexmark-ext-escaped-character-0.34.30.jar;C:\Users\USER\.m2\repository\com\vladsch\flexmark\flexmark-ext-footnotes\0.34.30\flexmark-ext-footnotes-0.34.30.jar;C:\Users\USER\.m2\repository\com\vladsch\flexmark\flexmark-ext-gfm-issues\0.34.30\flexmark-ext-gfm-issues-0.34.30.jar;C:\Users\USER\.m2\repository\com\vladsch\flexmark\flexmark-ext-gfm-strikethrough\0.34.30\flexmark-ext-gfm-strikethrough-0.34.30.jar;C:\Users\USER\.m2\repository\com\vladsch\flexmark\flexmark-ext-gfm-tables\0.34.30\flexmark-ext-gfm-tables-0.34.30.jar;C:\Users\USER\.m2\repository\com\vladsch\flexmark\flexmark-ext-gfm-tasklist\0.34.30\flexmark-ext-gfm-tasklist-0.34.30.jar;C:\Users\USER\.m2\repository\com\vladsch\flexmark\flexmark-ext-gfm-users\0.34.30\flexmark-ext-gfm-users-0.34.30.jar;C:\Users\USER\.m2\repository\com\vladsch\flexmark\flexmark-ext-gitlab\0.34.30\flexmark-ext-gitlab-0.34.30.jar;C:\Users\USER\.m2\repository\com\vladsch\flexmark\flexmark-ext-jekyll-front-matter\0.34.30\flexmark-ext-jekyll-front-matter-0.34.30.jar;C:\Users\USER\.m2\repository\com\vladsch\flexmark\flexmark-ext-jekyll-tag\0.34.30\flexmark-ext-jekyll-tag-0.34.30.jar;C:\Users\USER\.m2\repository\com\vladsch\flexmark\flexmark-ext-media-tags\0.34.30\flexmark-ext-media-tags-0.34.30.jar;C:\Users\USER\.m2\repository\com\vladsch\flexmark\flexmark-test-util\0.34.30\flexmark-test-util-0.34.30.jar;C:\Users\USER\.m2\repository\com\vladsch\flexmark\flexmark-ext-ins\0.34.30\flexmark-ext-ins-0.34.30.jar;C:\Users\USER\.m2\repository\com\vladsch\flexmark\flexmark-ext-xwiki-macros\0.34.30\flexmark-ext-xwiki-macros-0.34.30.jar;C:\Users\USER\.m2\repository\com\vladsch\flexmark\flexmark-ext-superscript\0.34.30\flexmark-ext-superscript-0.34.30.jar;C:\Users\USER\.m2\repository\com\vladsch\flexmark\flexmark-ext-tables\0.34.30\flexmark-ext-tables-0.34.30.jar;C:\Users\USER\.m2\repository\com\vladsch\flexmark\flexmark-ext-toc\0.34.30\flexmark-ext-toc-0.34.30.jar;C:\Users\USER\.m2\repository\com\vladsch\flexmark\flexmark-ext-typographic\0.34.30\flexmark-ext-typographic-0.34.30.jar;C:\Users\USER\.m2\repository\com\vladsch\flexmark\flexmark-ext-wikilink\0.34.30\flexmark-ext-wikilink-0.34.30.jar;C:\Users\USER\.m2\repository\com\vladsch\flexmark\flexmark-ext-yaml-front-matter\0.34.30\flexmark-ext-yaml-front-matter-0.34.30.jar;C:\Users\USER\.m2\repository\com\vladsch\flexmark\flexmark-ext-youtube-embedded\0.34.30\flexmark-ext-youtube-embedded-0.34.30.jar;C:\Users\USER\.m2\repository\com\vladsch\flexmark\flexmark-formatter\0.34.30\flexmark-formatter-0.34.30.jar;C:\Users\USER\.m2\repository\com\vladsch\flexmark\flexmark-html-parser\0.34.30\flexmark-html-parser-0.34.30.jar;C:\Users\USER\.m2\repository\com\vladsch\flexmark\flexmark-jira-converter\0.34.30\flexmark-jira-converter-0.34.30.jar;C:\Users\USER\.m2\repository\com\vladsch\flexmark\flexmark-pdf-converter\0.34.30\flexmark-pdf-converter-0.34.30.jar;C:\Users\USER\.m2\repository\com\openhtmltopdf\openhtmltopdf-core\0.0.1-RC13\openhtmltopdf-core-0.0.1-RC13.jar;C:\Users\USER\.m2\repository\com\openhtmltopdf\openhtmltopdf-pdfbox\0.0.1-RC13\openhtmltopdf-pdfbox-0.0.1-RC13.jar;C:\Users\USER\.m2\repository\org\apache\pdfbox\pdfbox\2.0.8\pdfbox-2.0.8.jar;C:\Users\USER\.m2\repository\org\apache\pdfbox\fontbox\2.0.8\fontbox-2.0.8.jar;C:\Users\USER\.m2\repository\commons-logging\commons-logging\1.2\commons-logging-1.2.jar;C:\Users\USER\.m2\repository\org\apache\pdfbox\xmpbox\2.0.8\xmpbox-2.0.8.jar;C:\Users\USER\.m2\repository\de\rototor\pdfbox\graphics2d\0.12\graphics2d-0.12.jar;C:\Users\USER\.m2\repository\com\openhtmltopdf\openhtmltopdf-rtl-support\0.0.1-RC13\openhtmltopdf-rtl-support-0.0.1-RC13.jar;C:\Users\USER\.m2\repository\com\ibm\icu\icu4j\59.1\icu4j-59.1.jar;C:\Users\USER\.m2\repository\com\openhtmltopdf\openhtmltopdf-jsoup-dom-converter\0.0.1-RC13\openhtmltopdf-jsoup-dom-converter-0.0.1-RC13.jar;C:\Users\USER\.m2\repository\com\vladsch\flexmark\flexmark-profile-pegdown\0.34.30\flexmark-profile-pegdown-0.34.30.jar;C:\Users\USER\.m2\repository\com\vladsch\flexmark\flexmark-util\0.34.30\flexmark-util-0.34.30.jar;C:\Users\USER\.m2\repository\com\vladsch\flexmark\flexmark-youtrack-converter\0.34.30\flexmark-youtrack-converter-0.34.30.jar;C:\Users\USER\.m2\repository\es\nitaur\markdown\txtmark\0.16\txtmark-0.16.jar;C:\Users\USER\.m2\repository\net\serenity-bdd\serenity-report-resources\3.2.1\serenity-report-resources-3.2.1.jar;C:\Users\USER\.m2\repository\com\google\code\gson\gson\2.9.0\gson-2.9.0.jar;C:\Users\USER\.m2\repository\com\fasterxml\jackson\core\jackson-core\2.13.2\jackson-core-2.13.2.jar;C:\Users\USER\.m2\repository\com\fasterxml\jackson\core\jackson-databind\2.13.2\jackson-databind-2.13.2.jar;C:\Users\USER\.m2\repository\com\fasterxml\jackson\core\jackson-annotations\2.13.2\jackson-annotations-2.13.2.jar;C:\Users\USER\.m2\repository\commons-codec\commons-codec\1.15\commons-codec-1.15.jar;C:\Users\USER\.m2\repository\commons-io\commons-io\2.11.0\commons-io-2.11.0.jar;C:\Users\USER\.m2\repository\org\seleniumhq\selenium\selenium-java\4.1.2\selenium-java-4.1.2.jar;C:\Users\USER\.m2\repository\org\seleniumhq\selenium\selenium-devtools-v85\4.1.2\selenium-devtools-v85-4.1.2.jar;C:\Users\USER\.m2\repository\org\seleniumhq\selenium\selenium-devtools-v95\4.1.2\selenium-devtools-v95-4.1.2.jar;C:\Users\USER\.m2\repository\org\seleniumhq\selenium\selenium-devtools-v96\4.1.2\selenium-devtools-v96-4.1.2.jar;C:\Users\USER\.m2\repository\org\seleniumhq\selenium\selenium-devtools-v97\4.1.2\selenium-devtools-v97-4.1.2.jar;C:\Users\USER\.m2\repository\org\seleniumhq\selenium\selenium-firefox-xpi-driver\4.1.2\selenium-firefox-xpi-driver-4.1.2.jar;C:\Users\USER\.m2\repository\org\seleniumhq\selenium\selenium-opera-driver\4.1.2\selenium-opera-driver-4.1.2.jar;C:\Users\USER\.m2\repository\org\seleniumhq\selenium\selenium-remote-driver\4.1.2\selenium-remote-driver-4.1.2.jar;C:\Users\USER\.m2\repository\com\beust\jcommander\1.82\jcommander-1.82.jar;C:\Users\USER\.m2\repository\io\netty\netty-buffer\4.1.73.Final\netty-buffer-4.1.73.Final.jar;C:\Users\USER\.m2\repository\io\netty\netty-codec-http\4.1.73.Final\netty-codec-http-4.1.73.Final.jar;C:\Users\USER\.m2\repository\io\netty\netty-codec\4.1.73.Final\netty-codec-4.1.73.Final.jar;C:\Users\USER\.m2\repository\io\netty\netty-handler\4.1.73.Final\netty-handler-4.1.73.Final.jar;C:\Users\USER\.m2\repository\io\netty\netty-tcnative-classes\2.0.46.Final\netty-tcnative-classes-2.0.46.Final.jar;C:\Users\USER\.m2\repository\io\netty\netty-common\4.1.73.Final\netty-common-4.1.73.Final.jar;C:\Users\USER\.m2\repository\io\netty\netty-transport-classes-epoll\4.1.73.Final\netty-transport-classes-epoll-4.1.73.Final.jar;C:\Users\USER\.m2\repository\io\netty\netty-transport-classes-kqueue\4.1.73.Final\netty-transport-classes-kqueue-4.1.73.Final.jar;C:\Users\USER\.m2\repository\io\netty\netty-transport-native-epoll\4.1.73.Final\netty-transport-native-epoll-4.1.73.Final.jar;C:\Users\USER\.m2\repository\io\netty\netty-transport-native-kqueue\4.1.73.Final\netty-transport-native-kqueue-4.1.73.Final.jar;C:\Users\USER\.m2\repository\io\netty\netty-transport-native-unix-common\4.1.73.Final\netty-transport-native-unix-common-4.1.73.Final.jar;C:\Users\USER\.m2\repository\io\netty\netty-transport\4.1.73.Final\netty-transport-4.1.73.Final.jar;C:\Users\USER\.m2\repository\io\netty\netty-resolver\4.1.73.Final\netty-resolver-4.1.73.Final.jar;C:\Users\USER\.m2\repository\io\opentelemetry\opentelemetry-api\1.10.1\opentelemetry-api-1.10.1.jar;C:\Users\USER\.m2\repository\io\opentelemetry\opentelemetry-context\1.10.1\opentelemetry-context-1.10.1.jar;C:\Users\USER\.m2\repository\io\opentelemetry\opentelemetry-exporter-logging\1.10.1\opentelemetry-exporter-logging-1.10.1.jar;C:\Users\USER\.m2\repository\io\opentelemetry\opentelemetry-sdk-metrics\1.10.1-alpha\opentelemetry-sdk-metrics-1.10.1-alpha.jar;C:\Users\USER\.m2\repository\io\opentelemetry\opentelemetry-sdk-logs\1.10.1-alpha\opentelemetry-sdk-logs-1.10.1-alpha.jar;C:\Users\USER\.m2\repository\io\opentelemetry\opentelemetry-sdk-common\1.10.1\opentelemetry-sdk-common-1.10.1.jar;C:\Users\USER\.m2\repository\io\opentelemetry\opentelemetry-sdk-extension-autoconfigure-spi\1.10.1\opentelemetry-sdk-extension-autoconfigure-spi-1.10.1.jar;C:\Users\USER\.m2\repository\io\opentelemetry\opentelemetry-sdk-extension-autoconfigure\1.10.1-alpha\opentelemetry-sdk-extension-autoconfigure-1.10.1-alpha.jar;C:\Users\USER\.m2\repository\io\opentelemetry\opentelemetry-sdk-trace\1.10.1\opentelemetry-sdk-trace-1.10.1.jar;C:\Users\USER\.m2\repository\io\opentelemetry\opentelemetry-sdk\1.10.1\opentelemetry-sdk-1.10.1.jar;C:\Users\USER\.m2\repository\io\opentelemetry\opentelemetry-semconv\1.10.1-alpha\opentelemetry-semconv-1.10.1-alpha.jar;C:\Users\USER\.m2\repository\io\ous\jtoml\2.0.0\jtoml-2.0.0.jar;C:\Users\USER\.m2\repository\org\apache\commons\commons-exec\1.3\commons-exec-1.3.jar;C:\Users\USER\.m2\repository\org\asynchttpclient\async-http-client\2.12.3\async-http-client-2.12.3.jar;C:\Users\USER\.m2\repository\org\asynchttpclient\async-http-client-netty-utils\2.12.3\async-http-client-netty-utils-2.12.3.jar;C:\Users\USER\.m2\repository\io\netty\netty-codec-socks\4.1.60.Final\netty-codec-socks-4.1.60.Final.jar;C:\Users\USER\.m2\repository\io\netty\netty-handler-proxy\4.1.60.Final\netty-handler-proxy-4.1.60.Final.jar;C:\Users\USER\.m2\repository\io\netty\netty-transport-native-epoll\4.1.60.Final\netty-transport-native-epoll-4.1.60.Final-linux-x86_64.jar;C:\Users\USER\.m2\repository\io\netty\netty-transport-native-kqueue\4.1.60.Final\netty-transport-native-kqueue-4.1.60.Final-osx-x86_64.jar;C:\Users\USER\.m2\repository\org\reactivestreams\reactive-streams\1.0.3\reactive-streams-1.0.3.jar;C:\Users\USER\.m2\repository\com\typesafe\netty\netty-reactive-streams\2.0.4\netty-reactive-streams-2.0.4.jar;C:\Users\USER\.m2\repository\org\seleniumhq\selenium\selenium-http\4.1.2\selenium-http-4.1.2.jar;C:\Users\USER\.m2\repository\net\jodah\failsafe\2.4.4\failsafe-2.4.4.jar;C:\Users\USER\.m2\repository\org\seleniumhq\selenium\selenium-safari-driver\4.1.2\selenium-safari-driver-4.1.2.jar;C:\Users\USER\.m2\repository\org\seleniumhq\selenium\selenium-api\4.1.2\selenium-api-4.1.2.jar;C:\Users\USER\.m2\repository\org\seleniumhq\selenium\selenium-support\4.1.2\selenium-support-4.1.2.jar;C:\Users\USER\.m2\repository\com\google\auto\service\auto-service-annotations\1.0.1\auto-service-annotations-1.0.1.jar;C:\Users\USER\.m2\repository\com\google\auto\service\auto-service\1.0.1\auto-service-1.0.1.jar;C:\Users\USER\.m2\repository\com\google\auto\auto-common\1.2\auto-common-1.2.jar;C:\Users\USER\.m2\repository\org\seleniumhq\selenium\selenium-json\4.1.2\selenium-json-4.1.2.jar;C:\Users\USER\.m2\repository\org\seleniumhq\selenium\selenium-chrome-driver\4.1.2\selenium-chrome-driver-4.1.2.jar;C:\Users\USER\.m2\repository\org\seleniumhq\selenium\selenium-chromium-driver\4.1.2\selenium-chromium-driver-4.1.2.jar;C:\Users\USER\.m2\repository\org\seleniumhq\selenium\selenium-firefox-driver\4.1.2\selenium-firefox-driver-4.1.2.jar;C:\Users\USER\.m2\repository\org\seleniumhq\selenium\selenium-edge-driver\4.1.2\selenium-edge-driver-4.1.2.jar;C:\Users\USER\.m2\repository\org\seleniumhq\selenium\selenium-ie-driver\4.1.2\selenium-ie-driver-4.1.2.jar;C:\Users\USER\.m2\repository\org\projectlombok\lombok\1.18.20\lombok-1.18.20.jar;C:\Users\USER\.m2\repository\io\appium\java-client\8.0.0\java-client-8.0.0.jar;C:\Users\USER\.m2\repository\commons-validator\commons-validator\1.7\commons-validator-1.7.jar;C:\Users\USER\.m2\repository\commons-digester\commons-digester\2.1\commons-digester-2.1.jar;C:\Users\USER\.m2\repository\org\aspectj\aspectjweaver\1.9.8\aspectjweaver-1.9.8.jar;C:\Users\USER\.m2\repository\org\codehaus\groovy\groovy\3.0.10\groovy-3.0.10.jar;C:\Users\USER\.m2\repository\net\sf\opencsv\opencsv\2.0\opencsv-2.0.jar;C:\Users\USER\.m2\repository\commons-beanutils\commons-beanutils\1.9.4\commons-beanutils-1.9.4.jar;C:\Users\USER\.m2\repository\org\apache\commons\commons-lang3\3.12.0\commons-lang3-3.12.0.jar;C:\Users\USER\.m2\repository\commons-collections\commons-collections\3.2.2\commons-collections-3.2.2.jar;C:\Users\USER\.m2\repository\org\fluentlenium\fluentlenium-core\0.10.2\fluentlenium-core-0.10.2.jar;C:\Users\USER\.m2\repository\io\github\bonigarcia\webdrivermanager\5.1.0\webdrivermanager-5.1.0.jar;C:\Users\USER\.m2\repository\com\github\docker-java\docker-java\3.2.13\docker-java-3.2.13.jar;C:\Users\USER\.m2\repository\com\github\docker-java\docker-java-core\3.2.13\docker-java-core-3.2.13.jar;C:\Users\USER\.m2\repository\com\github\docker-java\docker-java-api\3.2.13\docker-java-api-3.2.13.jar;C:\Users\USER\.m2\repository\org\apache\commons\commons-compress\1.21\commons-compress-1.21.jar;C:\Users\USER\.m2\repository\org\bouncycastle\bcpkix-jdk15on\1.64\bcpkix-jdk15on-1.64.jar;C:\Users\USER\.m2\repository\org\bouncycastle\bcprov-jdk15on\1.64\bcprov-jdk15on-1.64.jar;C:\Users\USER\.m2\repository\org\slf4j\jcl-over-slf4j\1.7.30\jcl-over-slf4j-1.7.30.jar;C:\Users\USER\.m2\repository\com\github\docker-java\docker-java-transport-httpclient5\3.2.13\docker-java-transport-httpclient5-3.2.13.jar;C:\Users\USER\.m2\repository\com\github\docker-java\docker-java-transport\3.2.13\docker-java-transport-3.2.13.jar;C:\Users\USER\.m2\repository\org\apache\httpcomponents\client5\httpclient5\5.0.3\httpclient5-5.0.3.jar;C:\Users\USER\.m2\repository\org\apache\httpcomponents\core5\httpcore5\5.0.2\httpcore5-5.0.2.jar;C:\Users\USER\.m2\repository\net\java\dev\jna\jna\5.8.0\jna-5.8.0.jar;C:\Users\USER\.m2\repository\org\brotli\dec\0.1.2\dec-0.1.2.jar;C:\Users\USER\.m2\repository\com\jhlabs\filters\2.0.235\filters-2.0.235.jar;C:\Users\USER\.m2\repository\com\paulhammant\ngwebdriver\1.1.6\ngwebdriver-1.1.6.jar;C:\Users\USER\.m2\repository\joda-time\joda-time\2.8.2\joda-time-2.8.2.jar;C:\Users\USER\.m2\repository\org\hamcrest\hamcrest\2.2\hamcrest-2.2.jar;C:\Users\USER\.m2\repository\com\google\jimfs\jimfs\1.2\jimfs-1.2.jar;C:\Users\USER\.m2\repository\org\mockito\mockito-core\3.3.3\mockito-core-3.3.3.jar;C:\Users\USER\.m2\repository\javax\xml\bind\jaxb-api\2.3.1\jaxb-api-2.3.1.jar;C:\Users\USER\.m2\repository\javax\activation\javax.activation-api\1.2.0\javax.activation-api-1.2.0.jar;C:\Users\USER\.m2\repository\com\sun\xml\bind\jaxb-core\2.3.0.1\jaxb-core-2.3.0.1.jar;C:\Users\USER\.m2\repository\com\sun\xml\bind\jaxb-impl\2.3.3\jaxb-impl-2.3.3.jar;C:\Users\USER\.m2\repository\jakarta\xml\bind\jakarta.xml.bind-api\2.3.3\jakarta.xml.bind-api-2.3.3.jar;C:\Users\USER\.m2\repository\com\sun\activation\jakarta.activation\1.2.2\jakarta.activation-1.2.2.jar;C:\Users\USER\.m2\repository\javax\activation\activation\1.1.1\activation-1.1.1.jar;C:\Users\USER\.m2\repository\net\serenity-bdd\serenity-cucumber\3.2.1\serenity-cucumber-3.2.1.jar;C:\Users\USER\.m2\repository\io\cucumber\cucumber-core\7.2.3\cucumber-core-7.2.3.jar;C:\Users\USER\.m2\repository\io\cucumber\cucumber-gherkin\7.2.3\cucumber-gherkin-7.2.3.jar;C:\Users\USER\.m2\repository\io\cucumber\cucumber-gherkin-messages\7.2.3\cucumber-gherkin-messages-7.2.3.jar;C:\Users\USER\.m2\repository\io\cucumber\messages\17.1.1\messages-17.1.1.jar;C:\Users\USER\.m2\repository\io\cucumber\tag-expressions\4.1.0\tag-expressions-4.1.0.jar;C:\Users\USER\.m2\repository\io\cucumber\cucumber-expressions\15.0.1\cucumber-expressions-15.0.1.jar;C:\Users\USER\.m2\repository\io\cucumber\datatable\7.2.3\datatable-7.2.3.jar;C:\Users\USER\.m2\repository\io\cucumber\cucumber-plugin\7.2.3\cucumber-plugin-7.2.3.jar;C:\Users\USER\.m2\repository\io\cucumber\docstring\7.2.3\docstring-7.2.3.jar;C:\Users\USER\.m2\repository\io\cucumber\html-formatter\17.0.0\html-formatter-17.0.0.jar;C:\Users\USER\.m2\repository\io\cucumber\ci-environment\8.1.0\ci-environment-8.1.0.jar;C:\Users\USER\.m2\repository\io\cucumber\cucumber-junit\7.2.3\cucumber-junit-7.2.3.jar;C:\Users\USER\.m2\repository\org\apache\commons\commons-csv\1.5\commons-csv-1.5.jar;C:\Users\USER\.m2\repository\net\serenity-bdd\serenity-screenplay\3.2.1\serenity-screenplay-3.2.1.jar;C:\Users\USER\.m2\repository\net\serenity-bdd\serenity-screenplay-webdriver\3.2.1\serenity-screenplay-webdriver-3.2.1.jar;C:\Users\USER\.m2\repository\net\serenity-bdd\serenity-ensure\3.2.1\serenity-ensure-3.2.1.jar;C:\Users\USER\.m2\repository\net\serenity-bdd\serenity-junit\3.2.1\serenity-junit-3.2.1.jar;C:\Users\USER\.m2\repository\org\jetbrains\kotlin\kotlin-stdlib\1.6.0\kotlin-stdlib-1.6.0.jar;C:\Users\USER\.m2\repository\org\jetbrains\annotations\13.0\annotations-13.0.jar;C:\Users\USER\.m2\repository\org\jetbrains\kotlin\kotlin-stdlib-common\1.6.0\kotlin-stdlib-common-1.6.0.jar;C:\Users\USER\.m2\repository\org\junit\platform\junit-platform-launcher\1.8.1\junit-platform-launcher-1.8.1.jar;C:\Users\USER\.m2\repository\org\junit\platform\junit-platform-engine\1.8.1\junit-platform-engine-1.8.1.jar;C:\Users\USER\.m2\repository\org\opentest4j\opentest4j\1.2.0\opentest4j-1.2.0.jar;C:\Users\USER\.m2\repository\org\junit\platform\junit-platform-commons\1.8.1\junit-platform-commons-1.8.1.jar;C:\Users\USER\.m2\repository\org\apiguardian\apiguardian-api\1.1.2\apiguardian-api-1.1.2.jar;C:\Users\USER\.m2\repository\org\junit\jupiter\junit-jupiter-engine\5.8.2\junit-jupiter-engine-5.8.2.jar;C:\Users\USER\.m2\repository\org\junit\jupiter\junit-jupiter-api\5.8.2\junit-jupiter-api-5.8.2.jar;C:\Users\USER\.m2\repository\org\junit\vintage\junit-vintage-engine\5.8.2\junit-vintage-engine-5.8.2.jar;C:\Users\USER\.m2\repository\junit\junit\4.13.2\junit-4.13.2.jar;C:\Users\USER\.m2\repository\org\hamcrest\hamcrest-core\1.3\hamcrest-core-1.3.jar;C:\Users\USER\.m2\repository\ch\qos\logback\logback-classic\1.2.10\logback-classic-1.2.10.jar;C:\Users\USER\.m2\repository\ch\qos\logback\logback-core\1.2.10\logback-core-1.2.10.jar;C:\Users\USER\.m2\repository\org\slf4j\slf4j-api\1.7.32\slf4j-api-1.7.32.jar;C:\Users\USER\.m2\repository\org\assertj\assertj-core\3.6.2\assertj-core-3.6.2.jar;C:\Users\USER\.m2\repository\com\googlecode\json-simple\json-simple\1.1.1\json-simple-1.1.1.jar;C:\Users\USER\.m2\repository\org\apache\maven\surefire\surefire-junit-platform\3.0.0-M5\surefire-junit-platform-3.0.0-M5.jar;C:\Users\USER\.m2\repository\org\apache\maven\surefire\common-java5\3.0.0-M5\common-java5-3.0.0-M5.jar"/>
    <property name="user.script" value=""/>
    <property name="java.protocol.handler.pkgs" value="com.google.common"/>
    <property name="sun.management.compiler" value="HotSpot 64-Bit Tiered Compilers"/>
    <property name="java.runtime.version" value="15.0.2+7-27"/>
    <property name="user.name" value="USER"/>
    <property name="path.separator" value=";"/>
    <property name="os.version" value="6.3"/>
    <property name="java.runtime.name" value="Java(TM) SE Runtime Environment"/>
    <property name="file.encoding" value="Cp1252"/>
    <property name="webdriver.base.url" value=""/>
    <property name="java.vm.name" value="Java HotSpot(TM) 64-Bit Server VM"/>
    <property name="localRepository" value="C:\Users\USER\.m2\repository"/>
    <property name="java.vendor.url.bug" value="https://bugreport.java.com/bugreport/"/>
    <property name="java.io.tmpdir" value="C:\Users\USER\AppData\Local\Temp\"/>
    <property name="java.version" value="15.0.2"/>
    <property name="user.dir" value="E:\My Documents\File Difa\TI Semester 6 Kampus Merdeka Alterra\Tugas\CAPSTONE Project\Capstone-Project-Website"/>
    <property name="os.arch" value="amd64"/>
    <property name="java.vm.specification.name" value="Java Virtual Machine Specification"/>
    <property name="sun.os.patch.level" value=""/>
    <property name="java.library.path" value="C:\Program Files\Java\jdk-15.0.2\bin;C:\Windows\Sun\Java\bin;C:\Windows\system32;C:\Windows;C:\Program Files\Git\mingw64\bin;C:\Program Files\Git\usr\bin;C:\Users\USER\bin;C:\Program Files\Common Files\Oracle\Java\javapath;C:\Windows\system32;C:\Windows;C:\Windows\System32\Wbem;C:\Windows\System32\WindowsPowerShell\v1.0;C:\Program Files\nodejs;C:\Program Files\Java\jdk-15.0.2\bin;C:\apache-jmeter-5.4.3\bin;C:\Program Files\apache-maven-3.8.5\bin;C:\Users\USER\AppData\Local\Android\Sdk\platform-tools;C:\Users\USER\AppData\Local\Android\Sdk\tools\bin;C:\Program Files\Git\cmd;C:\Users\USER\AppData\Local\Programs\Microsoft VS Code\bin;C:\Program Files\JetBrains\IntelliJ IDEA Community Edition 2022.1\bin;C:\Users\USER\AppData\Roaming\npm;."/>
    <property name="java.vm.info" value="mixed mode"/>
    <property name="java.vendor" value="Oracle Corporation"/>
    <property name="java.vm.version" value="15.0.2+7-27"/>
    <property name="sun.io.unicode.encoding" value="UnicodeLittle"/>
    <property name="java.class.version" value="59.0"/>
  </properties>
  <testcase name="Create New Appointment With Registered Patient Scenario" classname="Appointment" time="113.578">
    <system-out><![CDATA[10:37:35.534 [main] INFO io.cucumber.core.plugin.SerenityReporter - Running feature from file:///E:/My%20Documents/File%20Difa/TI%20Semester%206%20Kampus%20Merdeka%20Alterra/Tugas/CAPSTONE%20Project/Capstone-Project-Website/src/test/resources/features/1.Appointment.feature
10:37:36.309 [main] INFO  - 

-------------------------------------------------------------------------------------
     _______. _______ .______       _______ .__   __.  __  .___________.____    ____ 
    /       ||   ____||   _  \     |   ____||  \ |  | |  | |           |\   \  /   / 
   |   (----`|  |__   |  |_)  |    |  |__   |   \|  | |  | `---|  |----` \   \/   /  
    \   \    |   __|  |      /     |   __|  |  . `  | |  |     |  |       \_    _/   
.----)   |   |  |____ |  |\  \----.|  |____ |  |\   | |  |     |  |         |  |     
|_______/    |_______|| _| `._____||_______||__| \__| |__|     |__|         |__|    
                                                                                     
 News and tutorials at http://www.serenity-bdd.info                                  
 Documentation at https://wakaleo.gitbooks.io/the-serenity-book/content/             
 Join the Serenity Community on Gitter: https://gitter.im/serenity-bdd/serenity-core 
 Serenity BDD Support and Training at http://serenity-bdd.info/#/trainingandsupport  
-------------------------------------------------------------------------------------

10:37:36.313 [main] DEBUG net.thucydides.core.steps.StepEventBus - Test suite started for story net.thucydides.core.model.Story@4ac93a8b
10:37:36.346 [main] INFO  - Test Suite Started: Appointment
10:37:36.428 [main] INFO io.cucumber.core.plugin.SerenityReporter - Running feature from file:///E:/My%20Documents/File%20Difa/TI%20Semester%206%20Kampus%20Merdeka%20Alterra/Tugas/CAPSTONE%20Project/Capstone-Project-Website/src/test/resources/features/2.Patient.feature
10:37:36.442 [main] DEBUG net.thucydides.core.steps.StepEventBus - Test suite started for story net.thucydides.core.model.Story@ccc708cc
10:37:36.444 [main] INFO  - Test Suite Started: Patient
10:37:36.444 [main] INFO io.cucumber.core.plugin.SerenityReporter - Running feature from file:///E:/My%20Documents/File%20Difa/TI%20Semester%206%20Kampus%20Merdeka%20Alterra/Tugas/CAPSTONE%20Project/Capstone-Project-Website/src/test/resources/features/3.Doctor.feature
10:37:36.463 [main] DEBUG net.thucydides.core.steps.StepEventBus - Test suite started for story net.thucydides.core.model.Story@bff63723
10:37:36.464 [main] INFO  - Test Suite Started: Doctor
10:37:36.465 [main] INFO io.cucumber.core.plugin.SerenityReporter - Running feature from file:///E:/My%20Documents/File%20Difa/TI%20Semester%206%20Kampus%20Merdeka%20Alterra/Tugas/CAPSTONE%20Project/Capstone-Project-Website/src/test/resources/features/1.Appointment.feature
10:37:36.470 [main] DEBUG net.thucydides.core.steps.StepEventBus - Test suite started for story net.thucydides.core.model.Story@4ac93a8b
10:37:36.471 [main] INFO  - Test Suite Started: Appointment

@Appointment @CreateRegisAppointment
Scenario: Create New Appointment With Registered Patient Scenario &amp#27;[90m# src/test/resources/features/1.Appointment.feature:9&amp#27;[0m
10:37:36.844 [main] INFO io.cucumber.core.plugin.SerenityReporter - Running feature from file:///E:/My%20Documents/File%20Difa/TI%20Semester%206%20Kampus%20Merdeka%20Alterra/Tugas/CAPSTONE%20Project/Capstone-Project-Website/src/test/resources/features/1.Appointment.feature
10:37:37.262 [main] INFO  - 
  _____   ___   ___   _____     ___   _____     _     ___   _____   ___   ___  
 |_   _| | __| / __| |_   _|   / __| |_   _|   /_\   | _ \ |_   _| | __| |   \ 
   | |   | _|  \__ \   | |     \__ \   | |    / _ \  |   /   | |   | _|  | |) |
   |_|   |___| |___/   |_|     |___/   |_|   /_/ \_\ |_|_\   |_|   |___| |___/ 

Create New Appointment With Registered Patient Scenario(appointment;create-new-appointment-with-registered-patient-scenario)
--------------------------------------------------------------------------------
10:37:39.306 [main] DEBUG net.thucydides.core.steps.StepInterceptor - STARTING STEP: DashboardSteps.iAmOnTheDashboardPage - openUrl
10:37:39.403 [main] INFO net.serenitybdd.core.webdriver.driverproviders.ChromeDriverProvider - Using automatically driver download
10:37:41.846 [main] DEBUG io.github.bonigarcia.wdm.cache.ResolutionCache - Removing resolution chrome=102 from cache (expired on Tue Jun 21 10:22:16 ICT 2022)
10:37:41.956 [main] DEBUG org.apache.hc.client5.http.impl.classic.InternalHttpClient - ex-00000001: preparing request execution
10:37:41.971 [main] DEBUG org.apache.hc.client5.http.protocol.RequestAddCookies - Cookie spec selected: strict
10:37:41.981 [main] DEBUG org.apache.hc.client5.http.protocol.RequestAuthCache - Auth cache not set in the context
10:37:41.981 [main] DEBUG org.apache.hc.client5.http.impl.classic.ProtocolExec - ex-00000001: target auth state: UNCHALLENGED
10:37:41.982 [main] DEBUG org.apache.hc.client5.http.impl.classic.ProtocolExec - ex-00000001: proxy auth state: UNCHALLENGED
10:37:41.982 [main] DEBUG org.apache.hc.client5.http.impl.classic.ConnectExec - ex-00000001: acquiring connection with route {s}->https://raw.githubusercontent.com:443
10:37:41.983 [main] DEBUG org.apache.hc.client5.http.impl.classic.InternalHttpClient - ex-00000001: acquiring endpoint (3 MINUTES)
10:37:41.985 [main] DEBUG org.apache.hc.client5.http.impl.io.PoolingHttpClientConnectionManager - ex-00000001: endpoint lease request (3 MINUTES) [route: {s}->https://raw.githubusercontent.com:443][total available: 0; route allocated: 0 of 5; total allocated: 0 of 25]
10:37:41.990 [main] DEBUG org.apache.hc.client5.http.impl.io.PoolingHttpClientConnectionManager - ex-00000001: endpoint leased [route: {s}->https://raw.githubusercontent.com:443][total available: 0; route allocated: 1 of 5; total allocated: 1 of 25]
10:37:42.032 [main] DEBUG org.apache.hc.client5.http.impl.io.PoolingHttpClientConnectionManager - ex-00000001: acquired ep-00000000
10:37:42.032 [main] DEBUG org.apache.hc.client5.http.impl.classic.InternalHttpClient - ex-00000001: acquired endpoint ep-00000000
10:37:42.032 [main] DEBUG org.apache.hc.client5.http.impl.classic.ConnectExec - ex-00000001: opening connection {s}->https://raw.githubusercontent.com:443
10:37:42.033 [main] DEBUG org.apache.hc.client5.http.impl.classic.InternalHttpClient - ep-00000000: connecting endpoint (30 SECONDS)
10:37:42.034 [main] DEBUG org.apache.hc.client5.http.impl.io.PoolingHttpClientConnectionManager - ep-00000000: connecting endpoint to https://raw.githubusercontent.com:443 (30 SECONDS)
10:37:42.203 [main] DEBUG org.apache.hc.client5.http.impl.io.DefaultHttpClientConnectionOperator - http-outgoing-0: connecting to raw.githubusercontent.com/185.199.111.133:443
10:37:42.204 [main] DEBUG org.apache.hc.client5.http.ssl.SSLConnectionSocketFactory - Connecting socket to raw.githubusercontent.com/185.199.111.133:443 with timeout 30 SECONDS
10:37:42.528 [main] DEBUG org.apache.hc.client5.http.ssl.SSLConnectionSocketFactory - Enabled protocols: [TLSv1.3, TLSv1.2]
10:37:42.529 [main] DEBUG org.apache.hc.client5.http.ssl.SSLConnectionSocketFactory - Enabled cipher suites: [TLS_AES_256_GCM_SHA384, TLS_AES_128_GCM_SHA256, TLS_CHACHA20_POLY1305_SHA256, TLS_ECDHE_ECDSA_WITH_AES_256_GCM_SHA384, TLS_ECDHE_ECDSA_WITH_AES_128_GCM_SHA256, TLS_ECDHE_ECDSA_WITH_CHACHA20_POLY1305_SHA256, TLS_ECDHE_RSA_WITH_AES_256_GCM_SHA384, TLS_ECDHE_RSA_WITH_CHACHA20_POLY1305_SHA256, TLS_ECDHE_RSA_WITH_AES_128_GCM_SHA256, TLS_DHE_RSA_WITH_AES_256_GCM_SHA384, TLS_DHE_RSA_WITH_CHACHA20_POLY1305_SHA256, TLS_DHE_DSS_WITH_AES_256_GCM_SHA384, TLS_DHE_RSA_WITH_AES_128_GCM_SHA256, TLS_DHE_DSS_WITH_AES_128_GCM_SHA256, TLS_ECDHE_ECDSA_WITH_AES_256_CBC_SHA384, TLS_ECDHE_RSA_WITH_AES_256_CBC_SHA384, TLS_ECDHE_ECDSA_WITH_AES_128_CBC_SHA256, TLS_ECDHE_RSA_WITH_AES_128_CBC_SHA256, TLS_DHE_RSA_WITH_AES_256_CBC_SHA256, TLS_DHE_DSS_WITH_AES_256_CBC_SHA256, TLS_DHE_RSA_WITH_AES_128_CBC_SHA256, TLS_DHE_DSS_WITH_AES_128_CBC_SHA256, TLS_ECDH_ECDSA_WITH_AES_256_GCM_SHA384, TLS_ECDH_RSA_WITH_AES_256_GCM_SHA384, TLS_ECDH_ECDSA_WITH_AES_128_GCM_SHA256, TLS_ECDH_RSA_WITH_AES_128_GCM_SHA256, TLS_ECDH_ECDSA_WITH_AES_256_CBC_SHA384, TLS_ECDH_RSA_WITH_AES_256_CBC_SHA384, TLS_ECDH_ECDSA_WITH_AES_128_CBC_SHA256, TLS_ECDH_RSA_WITH_AES_128_CBC_SHA256, TLS_ECDHE_ECDSA_WITH_AES_256_CBC_SHA, TLS_ECDHE_RSA_WITH_AES_256_CBC_SHA, TLS_ECDHE_ECDSA_WITH_AES_128_CBC_SHA, TLS_ECDHE_RSA_WITH_AES_128_CBC_SHA, TLS_DHE_RSA_WITH_AES_256_CBC_SHA, TLS_DHE_DSS_WITH_AES_256_CBC_SHA, TLS_DHE_RSA_WITH_AES_128_CBC_SHA, TLS_DHE_DSS_WITH_AES_128_CBC_SHA, TLS_ECDH_ECDSA_WITH_AES_256_CBC_SHA, TLS_ECDH_RSA_WITH_AES_256_CBC_SHA, TLS_ECDH_ECDSA_WITH_AES_128_CBC_SHA, TLS_ECDH_RSA_WITH_AES_128_CBC_SHA, TLS_RSA_WITH_AES_256_GCM_SHA384, TLS_RSA_WITH_AES_128_GCM_SHA256, TLS_RSA_WITH_AES_256_CBC_SHA256, TLS_RSA_WITH_AES_128_CBC_SHA256, TLS_RSA_WITH_AES_256_CBC_SHA, TLS_RSA_WITH_AES_128_CBC_SHA, TLS_EMPTY_RENEGOTIATION_INFO_SCSV]
10:37:42.530 [main] DEBUG org.apache.hc.client5.http.ssl.SSLConnectionSocketFactory - Starting handshake
10:37:42.776 [main] DEBUG org.apache.hc.client5.http.ssl.SSLConnectionSocketFactory - Secure session established
10:37:42.776 [main] DEBUG org.apache.hc.client5.http.ssl.SSLConnectionSocketFactory -  negotiated protocol: TLSv1.3
10:37:42.776 [main] DEBUG org.apache.hc.client5.http.ssl.SSLConnectionSocketFactory -  negotiated cipher suite: TLS_AES_256_GCM_SHA384
10:37:42.776 [main] DEBUG org.apache.hc.client5.http.ssl.SSLConnectionSocketFactory -  peer principal: CN=*.github.io, O="GitHub, Inc.", L=San Francisco, ST=California, C=US
10:37:42.778 [main] DEBUG org.apache.hc.client5.http.ssl.SSLConnectionSocketFactory -  peer alternative names: [*.github.io, github.com, *.github.com, www.github.com, github.io, githubusercontent.com, *.githubusercontent.com]
10:37:42.778 [main] DEBUG org.apache.hc.client5.http.ssl.SSLConnectionSocketFactory -  issuer principal: CN=DigiCert TLS RSA SHA256 2020 CA1, O=DigiCert Inc, C=US
10:37:42.779 [main] DEBUG org.apache.hc.client5.http.impl.io.DefaultHttpClientConnectionOperator - http-outgoing-0: connection established 192.168.1.6:56873<->185.199.111.133:443
10:37:42.781 [main] DEBUG org.apache.hc.client5.http.impl.io.PoolingHttpClientConnectionManager - ep-00000000: connected http-outgoing-0
10:37:42.781 [main] DEBUG org.apache.hc.client5.http.impl.classic.InternalHttpClient - ep-00000000: endpoint connected
10:37:42.782 [main] DEBUG org.apache.hc.client5.http.impl.classic.MainClientExec - ex-00000001: executing GET /bonigarcia/webdrivermanager/master/src/main/resources/commands.properties HTTP/1.1
10:37:42.783 [main] DEBUG org.apache.hc.client5.http.impl.classic.InternalHttpClient - ep-00000000: start execution ex-00000001
10:37:42.783 [main] DEBUG org.apache.hc.client5.http.impl.io.PoolingHttpClientConnectionManager - ep-00000000: executing exchange ex-00000001 over http-outgoing-0
10:37:42.784 [main] DEBUG org.apache.hc.client5.http.headers - http-outgoing-0 >> GET /bonigarcia/webdrivermanager/master/src/main/resources/commands.properties HTTP/1.1
10:37:42.784 [main] DEBUG org.apache.hc.client5.http.headers - http-outgoing-0 >> user-agent: Apache-HttpClient/5.0
10:37:42.784 [main] DEBUG org.apache.hc.client5.http.headers - http-outgoing-0 >> accept-encoding: gzip, deflate, br
10:37:42.785 [main] DEBUG org.apache.hc.client5.http.headers - http-outgoing-0 >> cache-control: max-age=0
10:37:42.785 [main] DEBUG org.apache.hc.client5.http.headers - http-outgoing-0 >> connection: keep-alive
10:37:42.785 [main] DEBUG org.apache.hc.client5.http.headers - http-outgoing-0 >> Host: raw.githubusercontent.com
10:37:42.785 [main] DEBUG org.apache.hc.client5.http.wire - http-outgoing-0 >> "GET /bonigarcia/webdrivermanager/master/src/main/resources/commands.properties HTTP/1.1[\r][\n]"
10:37:42.785 [main] DEBUG org.apache.hc.client5.http.wire - http-outgoing-0 >> "user-agent: Apache-HttpClient/5.0[\r][\n]"
10:37:42.786 [main] DEBUG org.apache.hc.client5.http.wire - http-outgoing-0 >> "accept-encoding: gzip, deflate, br[\r][\n]"
10:37:42.786 [main] DEBUG org.apache.hc.client5.http.wire - http-outgoing-0 >> "cache-control: max-age=0[\r][\n]"
10:37:42.786 [main] DEBUG org.apache.hc.client5.http.wire - http-outgoing-0 >> "connection: keep-alive[\r][\n]"
10:37:42.786 [main] DEBUG org.apache.hc.client5.http.wire - http-outgoing-0 >> "Host: raw.githubusercontent.com[\r][\n]"
10:37:42.786 [main] DEBUG org.apache.hc.client5.http.wire - http-outgoing-0 >> "[\r][\n]"
10:37:42.807 [main] DEBUG org.apache.hc.client5.http.wire - http-outgoing-0 << "HTTP/1.1 200 OK[\r][\n]"
10:37:42.807 [main] DEBUG org.apache.hc.client5.http.wire - http-outgoing-0 << "Connection: keep-alive[\r][\n]"
10:37:42.808 [main] DEBUG org.apache.hc.client5.http.wire - http-outgoing-0 << "Content-Length: 723[\r][\n]"
10:37:42.808 [main] DEBUG org.apache.hc.client5.http.wire - http-outgoing-0 << "Cache-Control: max-age=300[\r][\n]"
10:37:42.808 [main] DEBUG org.apache.hc.client5.http.wire - http-outgoing-0 << "Content-Security-Policy: default-src 'none'; style-src 'unsafe-inline'; sandbox[\r][\n]"
10:37:42.808 [main] DEBUG org.apache.hc.client5.http.wire - http-outgoing-0 << "Content-Type: text/plain; charset=utf-8[\r][\n]"
10:37:42.808 [main] DEBUG org.apache.hc.client5.http.wire - http-outgoing-0 << "ETag: W/"e82b438271e9e8680c688b0b680efd0bdd22faa6d6f0a32fc1fd8accc486b67e"[\r][\n]"
10:37:42.808 [main] DEBUG org.apache.hc.client5.http.wire - http-outgoing-0 << "Strict-Transport-Security: max-age=31536000[\r][\n]"
10:37:42.808 [main] DEBUG org.apache.hc.client5.http.wire - http-outgoing-0 << "X-Content-Type-Options: nosniff[\r][\n]"
10:37:42.808 [main] DEBUG org.apache.hc.client5.http.wire - http-outgoing-0 << "X-Frame-Options: deny[\r][\n]"
10:37:42.808 [main] DEBUG org.apache.hc.client5.http.wire - http-outgoing-0 << "X-XSS-Protection: 1; mode=block[\r][\n]"
10:37:42.808 [main] DEBUG org.apache.hc.client5.http.wire - http-outgoing-0 << "X-GitHub-Request-Id: 689A:0AB7:2A298:3F04A:62968A7A[\r][\n]"
10:37:42.809 [main] DEBUG org.apache.hc.client5.http.wire - http-outgoing-0 << "Content-Encoding: gzip[\r][\n]"
10:37:42.809 [main] DEBUG org.apache.hc.client5.http.wire - http-outgoing-0 << "Accept-Ranges: bytes[\r][\n]"
10:37:42.809 [main] DEBUG org.apache.hc.client5.http.wire - http-outgoing-0 << "Date: Tue, 21 Jun 2022 03:37:45 GMT[\r][\n]"
10:37:42.809 [main] DEBUG org.apache.hc.client5.http.wire - http-outgoing-0 << "Via: 1.1 varnish[\r][\n]"
10:37:42.809 [main] DEBUG org.apache.hc.client5.http.wire - http-outgoing-0 << "X-Served-By: cache-qpg1222-QPG[\r][\n]"
10:37:42.809 [main] DEBUG org.apache.hc.client5.http.wire - http-outgoing-0 << "X-Cache: HIT[\r][\n]"
10:37:42.809 [main] DEBUG org.apache.hc.client5.http.wire - http-outgoing-0 << "X-Cache-Hits: 1[\r][\n]"
10:37:42.809 [main] DEBUG org.apache.hc.client5.http.wire - http-outgoing-0 << "X-Timer: S1655782665.453237,VS0,VE1[\r][\n]"
10:37:42.809 [main] DEBUG org.apache.hc.client5.http.wire - http-outgoing-0 << "Vary: Authorization,Accept-Encoding,Origin[\r][\n]"
10:37:42.809 [main] DEBUG org.apache.hc.client5.http.wire - http-outgoing-0 << "Access-Control-Allow-Origin: *[\r][\n]"
10:37:42.809 [main] DEBUG org.apache.hc.client5.http.wire - http-outgoing-0 << "X-Fastly-Request-ID: ffe3a7d6798c29a32291d21dca63b35cc4c2fb40[\r][\n]"
10:37:42.809 [main] DEBUG org.apache.hc.client5.http.wire - http-outgoing-0 << "Expires: Tue, 21 Jun 2022 03:42:45 GMT[\r][\n]"
10:37:42.809 [main] DEBUG org.apache.hc.client5.http.wire - http-outgoing-0 << "Source-Age: 5[\r][\n]"
10:37:42.809 [main] DEBUG org.apache.hc.client5.http.wire - http-outgoing-0 << "[\r][\n]"
10:37:42.813 [main] DEBUG org.apache.hc.client5.http.headers - http-outgoing-0 << HTTP/1.1 200 OK
10:37:42.813 [main] DEBUG org.apache.hc.client5.http.headers - http-outgoing-0 << Connection: keep-alive
10:37:42.813 [main] DEBUG org.apache.hc.client5.http.headers - http-outgoing-0 << Content-Length: 723
10:37:42.813 [main] DEBUG org.apache.hc.client5.http.headers - http-outgoing-0 << Cache-Control: max-age=300
10:37:42.814 [main] DEBUG org.apache.hc.client5.http.headers - http-outgoing-0 << Content-Security-Policy: default-src 'none'; style-src 'unsafe-inline'; sandbox
10:37:42.814 [main] DEBUG org.apache.hc.client5.http.headers - http-outgoing-0 << Content-Type: text/plain; charset=utf-8
10:37:42.814 [main] DEBUG org.apache.hc.client5.http.headers - http-outgoing-0 << ETag: W/"e82b438271e9e8680c688b0b680efd0bdd22faa6d6f0a32fc1fd8accc486b67e"
10:37:42.814 [main] DEBUG org.apache.hc.client5.http.headers - http-outgoing-0 << Strict-Transport-Security: max-age=31536000
10:37:42.814 [main] DEBUG org.apache.hc.client5.http.headers - http-outgoing-0 << X-Content-Type-Options: nosniff
10:37:42.814 [main] DEBUG org.apache.hc.client5.http.headers - http-outgoing-0 << X-Frame-Options: deny
10:37:42.814 [main] DEBUG org.apache.hc.client5.http.headers - http-outgoing-0 << X-XSS-Protection: 1; mode=block
10:37:42.814 [main] DEBUG org.apache.hc.client5.http.headers - http-outgoing-0 << X-GitHub-Request-Id: 689A:0AB7:2A298:3F04A:62968A7A
10:37:42.814 [main] DEBUG org.apache.hc.client5.http.headers - http-outgoing-0 << Content-Encoding: gzip
10:37:42.814 [main] DEBUG org.apache.hc.client5.http.headers - http-outgoing-0 << Accept-Ranges: bytes
10:37:42.815 [main] DEBUG org.apache.hc.client5.http.headers - http-outgoing-0 << Date: Tue, 21 Jun 2022 03:37:45 GMT
10:37:42.815 [main] DEBUG org.apache.hc.client5.http.headers - http-outgoing-0 << Via: 1.1 varnish
10:37:42.815 [main] DEBUG org.apache.hc.client5.http.headers - http-outgoing-0 << X-Served-By: cache-qpg1222-QPG
10:37:42.815 [main] DEBUG org.apache.hc.client5.http.headers - http-outgoing-0 << X-Cache: HIT
10:37:42.815 [main] DEBUG org.apache.hc.client5.http.headers - http-outgoing-0 << X-Cache-Hits: 1
10:37:42.815 [main] DEBUG org.apache.hc.client5.http.headers - http-outgoing-0 << X-Timer: S1655782665.453237,VS0,VE1
10:37:42.815 [main] DEBUG org.apache.hc.client5.http.headers - http-outgoing-0 << Vary: Authorization,Accept-Encoding,Origin
10:37:42.815 [main] DEBUG org.apache.hc.client5.http.headers - http-outgoing-0 << Access-Control-Allow-Origin: *
10:37:42.815 [main] DEBUG org.apache.hc.client5.http.headers - http-outgoing-0 << X-Fastly-Request-ID: ffe3a7d6798c29a32291d21dca63b35cc4c2fb40
10:37:42.815 [main] DEBUG org.apache.hc.client5.http.headers - http-outgoing-0 << Expires: Tue, 21 Jun 2022 03:42:45 GMT
10:37:42.815 [main] DEBUG org.apache.hc.client5.http.headers - http-outgoing-0 << Source-Age: 5
10:37:42.821 [main] DEBUG org.apache.hc.client5.http.impl.classic.MainClientExec - ex-00000001: connection can be kept alive for 3 MINUTES
10:37:42.829 [main] DEBUG org.apache.hc.client5.http.wire - http-outgoing-0 << "[0x1f][0xffffff8b][0x8][0x0][0x0][0x0][0x0][0x0][0x0][0x3][0xffffffb5]V]o[0xffffffda]0[0x14]}[0xffffffe7]W\[0xffffff81]*[0xffffffb5][0x12][0x1f][[M[0xffffffd3]$[0x1e]hF[0xffffffbb]i [0x18][0xffffffb4][0xffffffdd]&[0xfffffff9][0xffffffc5]$7[0xffffffc1]R[0x12]#;[0xffffff94]v[0xffffffbf]~[0xffffffb6][0xfffffff3]1[0xffffff92][0xffffff9a][0xffffffc1][0x1a]x[0xffffffcb][0xffffffb5][0xffffffaf][0xffffffcf]9[0xffffffbe][0xfffffff7]8v[0xb][0x1c][0x1e]E4[0xfffffff6]$x4[0xffffffa1][0xb]*[0xffffffb1][0xffffffd1][0xffffff82][0xfffffffb]%[0xffffff93][0xffffffe0][0xffffffb3][0x10][0xffffffc1][0xffffffe5]qBY,!Y[0xffffffea] KM8,[0x10][0xfffffff0][0x19][0xffffffdd]u[0xffffff82][0x1e][0xffffffb0][0xffffffd8]L[0xffffffcb]%[0xffffff86][0xffffffa1][0xe][0xffffffb8][0xfffffff0]P[0xffffffe8]$[0xf][0x13]t[0x13]3[0xfffffff9][0xffffff84]B2[0xffffffae][0xffffffe6]|@[0xfffffff5][0x1d][0x8][0xffffffc4][0x18][0x16][0xffffff82]o[0xffffffa4][0xffffff9a]P[0xffffff94][0xffffffe7][0xffffffce]R[0xfffffff0][0x8][0xffffffdb]p[0xffffffcb][0x4][0xfffffffa][0xfffffffc][0xffffffb9][\r][0xffffff93][0x15][\n]"
10:37:42.830 [main] DEBUG org.apache.hc.client5.http.wire - http-outgoing-0 << "[0xffffffda][0xffffff86][0xffffffa1][0x17][0xffffffa8]Q3[0xffffffcb][0xffffffd6][0xffffffd1][0xffffff85][0xffffffc6][0xfffffff7][0xffffff98][0xffffffef][0xffffffa3][0xffffffc0]8[0x1][0xffffffae]s[0x12][0x16][0x7] _d[0xffffff82][0xffffff91][0xffffff84][0xfffffff3][0x1f],[0xfffffff6][0x14]j[0x1b]F,^+[0xffffff98]1ua2[0xffffffbf]h([0xffffff8e][0xffffff94][0xffffffa2][0xffffff91]m[0xffffffa3][0xffffffeb][0xffffff9a][0xffffffb0][0xffffffbb]I[0x17]t[0xffffffdf][0xffffffbd][0xffffffef][0xffffffbb][0xffffff91][0xffffffd7]U[0xffffffbb][0xffffff82][0xffffff9e][0x3][0xffffff9b][0xffffff88][0xffffffb9][0xffffffa6]$[0xffffffa6][0xc][0xffffff9b][0xffffffa5][0xffffffe2][0xffffff83][0xffffff98]F[0xffffffd8]o[0xffffff9e]Mg[0xffffff93][0xffffffbb][0xffffffd9]`|[0xfffffffb]u4[0xffffff9c][0x7f]"}B[0xffffffce][0x8][0xffffffb9][0xffffffe3]<[0x8][0xffffff91][0xffffff90][0xffffff94][0xffffff82][0xffffff90][0xffffffc1]j[0x15]2WI[0xffffffe3]1![0x19][0xffffff91]BnB[0xffffff80][0x9]<f[0xffffffb5][0xffffffe8]=[0xffffffd1]p[0xffffffbd][[0xffffffcf][0xffffffe5][0x1b][0xfffffff4][0xffffff9c][0xffffffff][0xfffffffc][0xfffffff8][0xffffffe1][0xffffffe2][0xffffff94][0xffffffa2][0xffffffae][0xe][0x14]5[0xffffff9a]8[0xffffff83][0xffffffd1]`:[0xfffffffd]<[0xffffffb8][0x1f][0xffffff9c]R[0xffffffcf]u[0x7f]6[0xffffffbc][0xffffff83][0xffffffef][0xf][0xffffffc3][0xffffffd9]/[0xfffffff8][0xfffffff2][0xffffffcd]y s[0xffffffee]'[0x1b]*0g[0xffffffcb][0xffffffc8]nF7H][0xffffff83][0xffffff97]{[0xffffffb1]Q[0x5][\r][0xffffffb5]c[0xffffffb4][0xf][0x2][0xffffffb3][0xffffffb4][0xffffff93][0xe]C[0xffffffa7][0xffffffb3]kAD][0xffffff9d][0xffffffde][0xffffffdb][0xffffffda][0xffffff88][0xffffffec][0xffffffa5][0xffffffbc][0xffffff99][0xffffffd9][0xffffffba]t[0xffffffb5][0xffffffea]9[0xffffffea][0x10])[0xffffffb7][0xffffffca][0xffffff9e][0xfffffff2][0xffffffe2]d^N[0xffffffd8]FW[0x16][0xffffffcd][0xffffffdc]_[0x10][0xfffffff9]i|[0x1c][0xffffff93][0xffffff8e][0xfffffff9]o[0x16][0xffffff86]4'!$G[0xffffffdf]W[0xfffffff4]W*j[[0xfffffff3]xR[0xffffffae][0xffffffb6][0xc][0xffffffd0],; #[0xffffffa9][0xffffff92]5[0xffffffb5][0x7][0xffffff9c][0xffffffb5][0xffffffd0][0x7f][0xffffff90][0xffffffc7]jgs[0xfffffffc][0xffffffc2][0xb][0xffffffd9][0x0]t[0xffffff9e]^'Y[0xfffffffb][0xffffff9f][0xffffffb1][0xffffffd8]:[0xffffffbf][0xffffff8d][0xffffffa5][0xffffff9a][0xffffffad][0x7f]m[0x5]&[0xffffffaa][0xffffffa0]^[0xffffff9b][0xffffffcb][0x5]f[0xffffffae][0xffffffe0]RU[0xffffff82][0x10]MS9l[0xffffff91]4t[0xfffffffb][0xffffff8a]][0xffffffd6][0xfffffff4][0xffffff96][0xffffffa6][0xffffff9f]P[0xffffffce][0xffffffd5][0xffffffce][0xffffff93][0xffffffff][0xffffff97][0xffffffcc]p[0xfffffffd][0xfffffff3][0xffffffe8][0x1b][0xffffffcc][0xffffffa2][0xffffffd9]Q[0xffffffbe][0xffffffb2][0xffffffa3][0xffffffc7]m'[0xffffffdf][0xffffffe4][[0xfffffffb]^[0xffffffb0][0xffffff9a][0xffffffbe][0xffffffda][0xffffffda]_[0xffffffce][0xffffff80][0xffffffd2][0xffffffc1]7[0xffffffb7]][0xffffffc1]b[0xffffffee][0xffffffb5][0xffffffff]w[0xffffff83][0xffffffed][0xffffffa7];[0x15]<[0x10]4[0xffffff92][0xffffff84][0x18][\n]"
10:37:42.830 [main] DEBUG org.apache.hc.client5.http.wire - http-outgoing-0 << "BB[0xffffffba][0xffffff8e]][0xffffffb5]jo[0xffffffb9]+"[0xffffffea][0xffffffb4][0xffffffff]h"[0xffffffea]\?5[0xffffffa9][0xffffffaf]k[0xffffffec][0xffffffff]P[0xffffffea][\n]"
10:37:42.831 [main] DEBUG org.apache.hc.client5.http.wire - http-outgoing-0 << "w[0xffffffe1]K[0x13][0xffffffda][0xffffffec][0xffffff98][0xffffffe6]Y[0xfffffffd]h8m6[0xffffff9c]T[0xffffffc1][0xfffffff2][0xffffffa7][0xffffff91]z_[0xffffff95]o85p[0x1c][0x13][0xffffffe6][0xfffffff0]5[0xffffffee][0xfffffffc][0xffffff92][0xffffff96][0xffffffda][0xfffffff7][0xffffffcf][0xffffffb1][0x5][0x1d][0xffffffea]K[0xffffff9b]9[0xffffff8e][0xffffffad]e[0xfffffff7][0xffffff93][0xffffffa8]`[0xffffffda][0xffffffff][0x1a][0xffffffd2][0xffffff88][0xffffff85][0xfffffffd][0xfffffff2][0xffffff91]N[0xfffffff6]`[0xffffffdf]2[0xffffffcf][0xffffffae]E[0xffffff97][0xffffffc5][0xffffffa2][0xffffff9d][0xffffffef]'[0xffffff9d]mun.[0xffffffd3]f^[0xffffffc7][0xffffff82][0xffffffda][0xffffff82]9[0xfffffff5][0xffffffa9]`[0x5][0xffffffbc]4[0xffffffa1][0x1d]<M[0xffffffb5]A[0xffffffa7]3[[0xffffffc0][0x7f][0x0][0xffffffc1][0xffffffd0]$[0xffffff85][0x1d][\r][0x0][0x0]"
10:37:42.833 [main] DEBUG org.apache.hc.client5.http.impl.classic.InternalHttpClient - ep-00000000: releasing valid endpoint
10:37:42.833 [main] DEBUG org.apache.hc.client5.http.impl.io.PoolingHttpClientConnectionManager - ep-00000000: releasing endpoint
10:37:42.834 [main] DEBUG org.apache.hc.client5.http.impl.io.PoolingHttpClientConnectionManager - ep-00000000: connection http-outgoing-0 can be kept alive for 3 MINUTES
10:37:42.835 [main] DEBUG org.apache.hc.client5.http.impl.io.PoolingHttpClientConnectionManager - ep-00000000: connection released [route: {s}->https://raw.githubusercontent.com:443][total available: 1; route allocated: 1 of 5; total allocated: 1 of 25]
10:37:42.835 [main] DEBUG io.github.bonigarcia.wdm.versions.VersionDetector - Detecting chrome version using online commands.properties
10:37:42.853 [main] DEBUG io.github.bonigarcia.wdm.versions.Shell - Running command on the shell: [cmd.exe, /C, wmic, datafile, where, name="%PROGRAMFILES:\=\\%\\Google\\Chrome\\Application\\chrome.exe", get, Version, /value]
10:37:45.762 [main] DEBUG io.github.bonigarcia.wdm.versions.Shell - Result: 
10:37:45.763 [main] DEBUG io.github.bonigarcia.wdm.versions.Shell - Running command on the shell: [cmd.exe, /C, wmic, datafile, where, name="%PROGRAMFILES(X86):\=\\%\\Google\\Chrome\\Application\\chrome.exe", get, Version, /value]
10:37:46.062 [main] DEBUG io.github.bonigarcia.wdm.versions.Shell - Result: Version=102.0.5005.115
10:37:46.074 [main] DEBUG io.github.bonigarcia.wdm.cache.ResolutionCache - Resolution chrome102=102.0.5005.61 in cache (valid until 09:22:16 22/06/2022 ICT)
10:37:46.077 [main] INFO io.github.bonigarcia.wdm.WebDriverManager - Using chromedriver 102.0.5005.61 (resolved driver for Chrome 102)
10:37:46.090 [main] DEBUG io.github.bonigarcia.wdm.cache.ResolutionCache - Storing resolution chrome=102 in cache (valid until 11:37:46 21/06/2022 ICT)
10:37:46.121 [main] DEBUG io.github.bonigarcia.wdm.WebDriverManager - Driver chromedriver 102.0.5005.61 found in cache
10:37:46.122 [main] INFO io.github.bonigarcia.wdm.WebDriverManager - Exporting webdriver.chrome.driver as C:\Users\USER\.cache\selenium\chromedriver\win32\102.0.5005.61\chromedriver.exe
10:37:48.126 [main] DEBUG net.thucydides.core.reflection.ClassFinder - Could not load class .CucumberTestSuite
10:37:48.127 [main] DEBUG net.thucydides.core.reflection.ClassFinder - Could not load class .Utils.General
10:37:48.127 [main] DEBUG net.thucydides.core.reflection.ClassFinder - Could not load class .starter.pages.AppointmentPage
10:37:48.127 [main] DEBUG net.thucydides.core.reflection.ClassFinder - Could not load class .starter.pages.DashboardPage
10:37:48.127 [main] DEBUG net.thucydides.core.reflection.ClassFinder - Could not load class .starter.pages.DoctorPage
10:37:48.127 [main] DEBUG net.thucydides.core.reflection.ClassFinder - Could not load class .starter.pages.PatientPage
10:37:48.127 [main] DEBUG net.thucydides.core.reflection.ClassFinder - Could not load class .starter.stepdefinitions.AppointmentSteps
10:37:48.127 [main] DEBUG net.thucydides.core.reflection.ClassFinder - Could not load class .starter.stepdefinitions.DashboardSteps
10:37:48.127 [main] DEBUG net.thucydides.core.reflection.ClassFinder - Could not load class .starter.stepdefinitions.DoctorSteps
10:37:48.128 [main] DEBUG net.thucydides.core.reflection.ClassFinder - Could not load class .starter.stepdefinitions.PatientSteps
10:37:48.129 [main] DEBUG net.thucydides.core.reflection.ClassFinder - Could not load class META-INF.versions.9.com.sun.istack.logging.StackHelper
10:37:48.129 [main] DEBUG net.thucydides.core.reflection.ClassFinder - Could not load class META-INF.versions.9.com.sun.xml.bind.v2.runtime.reflect.opt.AccessorInjector
10:37:48.130 [main] DEBUG net.thucydides.core.reflection.ClassFinder - Could not load class META-INF.versions.9.com.sun.xml.bind.v2.runtime.reflect.opt.Injector
10:37:48.130 [main] DEBUG net.thucydides.core.reflection.ClassFinder - Could not load class META-INF.versions.9.com.sun.xml.bind.v2.runtime.reflect.opt.OptimizedAccessorFactory
10:37:48.131 [main] DEBUG net.thucydides.core.reflection.ClassFinder - Could not load class META-INF.versions.9.com.sun.xml.bind.v2.runtime.reflect.opt.OptimizedTransducedAccessorFactory
10:37:48.132 [main] DEBUG net.thucydides.core.reflection.ClassFinder - Could not load class META-INF.versions.9.io.opentelemetry.sdk.internal.CurrentJavaVersionSpecific
10:37:48.132 [main] DEBUG net.thucydides.core.reflection.ClassFinder - Could not load class META-INF.versions.9.io.opentelemetry.sdk.internal.Java9VersionSpecific
10:37:48.133 [main] DEBUG net.thucydides.core.reflection.ClassFinder - Could not load class META-INF.versions.9.javax.xml.bind.ModuleUtil
10:37:48.133 [main] DEBUG net.thucydides.core.reflection.ClassFinder - Could not load class META-INF.versions.9.module-info
10:37:48.134 [main] DEBUG net.thucydides.core.reflection.ClassFinder - Could not load class META-INF.versions.9.org.junit.platform.commons.util.ModuleUtils
10:37:48.750 [main] DEBUG net.thucydides.core.reflection.ClassFinder - Could not load class com.google.gson.internal.
10:37:49.084 [main] DEBUG net.thucydides.core.reflection.ClassFinder - Could not load class com.sun.xml.bind.v2.runtime.output.FastInfosetStreamWriterOutput
10:37:49.745 [main] DEBUG net.thucydides.core.reflection.ClassFinder - Could not load class module-info
10:37:54.477 [main] DEBUG io.netty.util.internal.logging.InternalLoggerFactory - Using SLF4J as the default logging framework
10:37:54.484 [main] DEBUG io.netty.util.ResourceLeakDetector - -Dio.netty.leakDetection.level: simple
10:37:54.485 [main] DEBUG io.netty.util.ResourceLeakDetector - -Dio.netty.leakDetection.targetRecords: 4
10:37:54.509 [main] DEBUG io.netty.util.ResourceLeakDetectorFactory - Loaded default ResourceLeakDetector: io.netty.util.ResourceLeakDetector@5af6378e
10:37:54.586 [main] DEBUG io.netty.util.internal.PlatformDependent0 - -Dio.netty.noUnsafe: false
10:37:54.586 [main] DEBUG io.netty.util.internal.PlatformDependent0 - Java version: 15
10:37:54.588 [main] DEBUG io.netty.util.internal.PlatformDependent0 - sun.misc.Unsafe.theUnsafe: available
10:37:54.590 [main] DEBUG io.netty.util.internal.PlatformDependent0 - sun.misc.Unsafe.copyMemory: available
10:37:54.591 [main] DEBUG io.netty.util.internal.PlatformDependent0 - java.nio.Buffer.address: available
10:37:54.592 [main] DEBUG io.netty.util.internal.PlatformDependent0 - direct buffer constructor: unavailable: Reflective setAccessible(true) disabled
10:37:54.599 [main] DEBUG io.netty.util.internal.PlatformDependent0 - java.nio.Bits.unaligned: available, true
10:37:54.608 [main] DEBUG io.netty.util.internal.PlatformDependent0 - jdk.internal.misc.Unsafe.allocateUninitializedArray(int): unavailable: class io.netty.util.internal.PlatformDependent0$6 cannot access class jdk.internal.misc.Unsafe (in module java.base) because module java.base does not export jdk.internal.misc to unnamed module @e3cee7b
10:37:54.624 [main] DEBUG io.netty.util.internal.PlatformDependent0 - java.nio.DirectByteBuffer.<init>(long, int): unavailable
10:37:54.624 [main] DEBUG io.netty.util.internal.PlatformDependent - sun.misc.Unsafe: available
10:37:54.639 [main] DEBUG io.netty.util.internal.PlatformDependent - maxDirectMemory: 1050673152 bytes (maybe)
10:37:54.639 [main] DEBUG io.netty.util.internal.PlatformDependent - -Dio.netty.tmpdir: C:\Users\USER\AppData\Local\Temp (java.io.tmpdir)
10:37:54.639 [main] DEBUG io.netty.util.internal.PlatformDependent - -Dio.netty.bitMode: 64 (sun.arch.data.model)
10:37:54.640 [main] DEBUG io.netty.util.internal.PlatformDependent - Platform: Windows
10:37:54.641 [main] DEBUG io.netty.util.internal.PlatformDependent - -Dio.netty.maxDirectMemory: -1 bytes
10:37:54.641 [main] DEBUG io.netty.util.internal.PlatformDependent - -Dio.netty.uninitializedArrayAllocationThreshold: -1
10:37:54.643 [main] DEBUG io.netty.util.internal.CleanerJava9 - java.nio.ByteBuffer.cleaner(): available
10:37:54.643 [main] DEBUG io.netty.util.internal.PlatformDependent - -Dio.netty.noPreferDirect: false
10:37:54.656 [main] DEBUG io.netty.util.internal.PlatformDependent - org.jctools-core.MpscChunkedArrayQueue: available
10:37:54.823 [main] DEBUG io.netty.util.internal.InternalThreadLocalMap - -Dio.netty.threadLocalMap.stringBuilder.initialSize: 1024
10:37:54.823 [main] DEBUG io.netty.util.internal.InternalThreadLocalMap - -Dio.netty.threadLocalMap.stringBuilder.maxSize: 4096
10:37:54.909 [main] DEBUG io.netty.handler.ssl.JdkSslContext - Default protocols (JDK): [TLSv1.3, TLSv1.2, TLSv1.1, TLSv1] 
10:37:54.909 [main] DEBUG io.netty.handler.ssl.JdkSslContext - Default cipher suites (JDK): [TLS_ECDHE_ECDSA_WITH_AES_256_GCM_SHA384, TLS_ECDHE_ECDSA_WITH_AES_128_GCM_SHA256, TLS_ECDHE_RSA_WITH_AES_128_GCM_SHA256, TLS_ECDHE_RSA_WITH_AES_256_GCM_SHA384, TLS_ECDHE_RSA_WITH_AES_128_CBC_SHA, TLS_ECDHE_RSA_WITH_AES_256_CBC_SHA, TLS_RSA_WITH_AES_128_GCM_SHA256, TLS_RSA_WITH_AES_128_CBC_SHA, TLS_RSA_WITH_AES_256_CBC_SHA, TLS_AES_128_GCM_SHA256, TLS_AES_256_GCM_SHA384]
10:37:55.031 [main] DEBUG io.netty.channel.MultithreadEventLoopGroup - -Dio.netty.eventLoopThreads: 8
10:37:55.072 [main] DEBUG io.netty.channel.nio.NioEventLoop - -Dio.netty.noKeySetOptimization: false
10:37:55.072 [main] DEBUG io.netty.channel.nio.NioEventLoop - -Dio.netty.selectorAutoRebuildThreshold: 512
10:37:55.201 [main] DEBUG io.netty.buffer.PooledByteBufAllocator - -Dio.netty.allocator.numHeapArenas: 8
10:37:55.201 [main] DEBUG io.netty.buffer.PooledByteBufAllocator - -Dio.netty.allocator.numDirectArenas: 8
10:37:55.201 [main] DEBUG io.netty.buffer.PooledByteBufAllocator - -Dio.netty.allocator.pageSize: 8192
10:37:55.201 [main] DEBUG io.netty.buffer.PooledByteBufAllocator - -Dio.netty.allocator.maxOrder: 11
10:37:55.201 [main] DEBUG io.netty.buffer.PooledByteBufAllocator - -Dio.netty.allocator.chunkSize: 16777216
10:37:55.201 [main] DEBUG io.netty.buffer.PooledByteBufAllocator - -Dio.netty.allocator.smallCacheSize: 256
10:37:55.201 [main] DEBUG io.netty.buffer.PooledByteBufAllocator - -Dio.netty.allocator.normalCacheSize: 64
10:37:55.201 [main] DEBUG io.netty.buffer.PooledByteBufAllocator - -Dio.netty.allocator.maxCachedBufferCapacity: 32768
10:37:55.201 [main] DEBUG io.netty.buffer.PooledByteBufAllocator - -Dio.netty.allocator.cacheTrimInterval: 8192
10:37:55.201 [main] DEBUG io.netty.buffer.PooledByteBufAllocator - -Dio.netty.allocator.cacheTrimIntervalMillis: 0
10:37:55.202 [main] DEBUG io.netty.buffer.PooledByteBufAllocator - -Dio.netty.allocator.useCacheForAllThreads: true
10:37:55.202 [main] DEBUG io.netty.buffer.PooledByteBufAllocator - -Dio.netty.allocator.maxCachedByteBuffersPerChunk: 1023
10:37:55.236 [main] DEBUG io.netty.buffer.ByteBufUtil - -Dio.netty.allocator.type: pooled
10:37:55.236 [main] DEBUG io.netty.buffer.ByteBufUtil - -Dio.netty.threadLocalDirectBufferSize: 0
10:37:55.236 [main] DEBUG io.netty.buffer.ByteBufUtil - -Dio.netty.maxThreadLocalCharBufferSize: 16384
10:37:55.722 [main] DEBUG net.serenitybdd.core.webdriver.driverproviders.ProvideNewDriver - Instantiating driver
10:37:55.722 [main] DEBUG net.serenitybdd.core.webdriver.driverproviders.ProvideNewDriver - Driver capabilities: Capabilities {acceptInsecureCerts: false, base.url: https://hospital-management..., browserName: chrome, chrome.driver: src/test/resources/webdrive..., driver: chrome, goog:chromeOptions: {args: [], extensions: []}}
10:37:57.908 [Forwarding newSession on session null to remote] DEBUG io.netty.channel.DefaultChannelId - -Dio.netty.processId: 628 (auto-detected)
10:37:57.919 [Forwarding newSession on session null to remote] DEBUG io.netty.util.NetUtil - -Djava.net.preferIPv4Stack: false
10:37:57.919 [Forwarding newSession on session null to remote] DEBUG io.netty.util.NetUtil - -Djava.net.preferIPv6Addresses: false
10:37:57.928 [Forwarding newSession on session null to remote] DEBUG io.netty.util.NetUtilInitializations - Loopback interface: lo (Software Loopback Interface 1, 127.0.0.1)
10:37:57.929 [Forwarding newSession on session null to remote] DEBUG io.netty.util.NetUtil - Failed to get SOMAXCONN from sysctl and file \proc\sys\net\core\somaxconn. Default: 200
10:37:57.949 [Forwarding newSession on session null to remote] DEBUG io.netty.channel.DefaultChannelId - -Dio.netty.machineId: 00:00:00:00:00:00:00:e0 (auto-detected)
10:37:58.170 [AsyncHttpClient-1-2] DEBUG io.netty.buffer.AbstractByteBuf - -Dio.netty.buffer.checkAccessible: true
10:37:58.170 [AsyncHttpClient-1-2] DEBUG io.netty.buffer.AbstractByteBuf - -Dio.netty.buffer.checkBounds: true
10:37:58.170 [AsyncHttpClient-1-2] DEBUG io.netty.util.ResourceLeakDetectorFactory - Loaded default ResourceLeakDetector: io.netty.util.ResourceLeakDetector@186a0477
10:37:58.202 [AsyncHttpClient-1-2] DEBUG org.asynchttpclient.netty.channel.NettyConnectListener - Using new Channel '[id: 0x87d77a6c, L:/127.0.0.1:56906 - R:localhost/127.0.0.1:55196]' for 'POST' to '/session'
10:37:58.263 [AsyncHttpClient-1-2] DEBUG io.netty.util.Recycler - -Dio.netty.recycler.maxCapacityPerThread: 4096
10:37:58.263 [AsyncHttpClient-1-2] DEBUG io.netty.util.Recycler - -Dio.netty.recycler.ratio: 8
10:37:58.263 [AsyncHttpClient-1-2] DEBUG io.netty.util.Recycler - -Dio.netty.recycler.chunkSize: 32
10:37:58.263 [AsyncHttpClient-1-2] DEBUG io.netty.util.Recycler - -Dio.netty.recycler.blocking: false
10:38:34.259 [AsyncHttpClient-1-2] DEBUG io.netty.handler.codec.compression.Brotli - brotli4j not in the classpath; Brotli support will be unavailable.
10:38:34.260 [AsyncHttpClient-1-2] DEBUG org.asynchttpclient.netty.handler.HttpHandler - 

Request DefaultHttpRequest(decodeResult: success, version: HTTP/1.1)
POST /session HTTP/1.1
User-Agent: selenium/4.1.2 (java windows)
Content-Length: 621
Content-Type: application/json; charset=utf-8
host: localhost:55196
accept: */*

Response DefaultHttpResponse(decodeResult: success, version: HTTP/1.1)
HTTP/1.1 200 OK
Content-Type: application/json; charset=utf-8
cache-control: no-cache
content-length: 789

10:38:34.613 [AsyncHttpClient-1-2] DEBUG org.asynchttpclient.netty.channel.ChannelManager - Adding key: http://localhost:55196 for channel [id: 0x87d77a6c, L:/127.0.0.1:56906 - R:localhost/127.0.0.1:55196]
10:38:35.663 [AsyncHttpClient-1-1] DEBUG org.asynchttpclient.netty.channel.DefaultChannelPool - Entry count for : http://localhost:55196 : 1
10:38:36.524 [AsyncHttpClient-1-3] DEBUG org.asynchttpclient.netty.channel.NettyConnectListener - Using new Channel '[id: 0x29d10603, L:/127.0.0.1:56945 - R:localhost/127.0.0.1:56916]' for 'GET' to '/json/version'
10:38:36.537 [AsyncHttpClient-1-3] DEBUG org.asynchttpclient.netty.handler.HttpHandler - 

Request DefaultFullHttpRequest(decodeResult: success, version: HTTP/1.1, content: EmptyByteBufBE)
GET /json/version HTTP/1.1
User-Agent: selenium/4.1.2 (java windows)
host: localhost:56916
accept: */*

Response DefaultHttpResponse(decodeResult: success, version: HTTP/1.1)
HTTP/1.1 200 OK
Content-Type: application/json; charset=UTF-8
content-length: 427

10:38:36.537 [AsyncHttpClient-1-3] DEBUG org.asynchttpclient.netty.channel.ChannelManager - Adding key: http://localhost:56916 for channel [id: 0x29d10603, L:/127.0.0.1:56945 - R:localhost/127.0.0.1:56916]
10:38:36.643 [main] DEBUG io.netty.util.internal.ThreadLocalRandom - -Dio.netty.initialSeedUniquifier: 0xa786e51df14e87a8
10:38:36.651 [AsyncHttpClient-1-4] DEBUG org.asynchttpclient.netty.channel.NettyConnectListener - Using new Channel '[id: 0x2ab12a12, L:/127.0.0.1:56947 - R:localhost/127.0.0.1:56916]' for 'GET' to '/devtools/browser/bf4a2959-ab1f-4f53-a7e4-c9df41eb86cb'
10:38:36.673 [AsyncHttpClient-1-4] DEBUG org.asynchttpclient.netty.handler.WebSocketHandler - 

Request DefaultFullHttpRequest(decodeResult: success, version: HTTP/1.1, content: EmptyByteBufBE)
GET /devtools/browser/bf4a2959-ab1f-4f53-a7e4-c9df41eb86cb HTTP/1.1
upgrade: websocket
connection: upgrade
sec-websocket-key: +qlPqF1Vx8OOX8JrnkHu0Q==
sec-websocket-version: 13
origin: http://localhost:56916
host: localhost:56916
accept: */*
user-agent: AHC/2.1

Response DefaultHttpResponse(decodeResult: success, version: HTTP/1.1)
HTTP/1.1 101 WebSocket Protocol Handshake
Upgrade: WebSocket
Connection: Upgrade
Sec-WebSocket-Accept: Zo92VGDiklmuDqgus79koOOCt4A=

10:38:36.764 [AsyncHttpClient-1-1] DEBUG org.asynchttpclient.netty.channel.DefaultChannelPool - Entry count for : http://localhost:56916 : 1
10:38:36.764 [AsyncHttpClient-1-1] DEBUG org.asynchttpclient.netty.channel.DefaultChannelPool - Entry count for : http://localhost:55196 : 1
10:38:37.720 [Forwarding maximizeCurrentWindow on session 9816caeb41d32f13e879297b5f87a1dd to remote] DEBUG org.asynchttpclient.netty.request.NettyRequestSender - Using pooled Channel '[id: 0x87d77a6c, L:/127.0.0.1:56906 - R:localhost/127.0.0.1:55196]' for 'POST' to 'http://localhost:55196/session/9816caeb41d32f13e879297b5f87a1dd/window/maximize'
10:38:37.721 [Forwarding maximizeCurrentWindow on session 9816caeb41d32f13e879297b5f87a1dd to remote] DEBUG org.asynchttpclient.netty.request.NettyRequestSender - Using open Channel [id: 0x87d77a6c, L:/127.0.0.1:56906 - R:localhost/127.0.0.1:55196] for POST '/session/9816caeb41d32f13e879297b5f87a1dd/window/maximize'
10:38:37.863 [AsyncHttpClient-1-1] DEBUG org.asynchttpclient.netty.channel.DefaultChannelPool - Entry count for : http://localhost:56916 : 1
10:38:38.963 [AsyncHttpClient-1-1] DEBUG org.asynchttpclient.netty.channel.DefaultChannelPool - Entry count for : http://localhost:56916 : 1
10:38:40.065 [AsyncHttpClient-1-1] DEBUG org.asynchttpclient.netty.channel.DefaultChannelPool - Entry count for : http://localhost:56916 : 1
10:38:40.836 [AsyncHttpClient-1-2] DEBUG org.asynchttpclient.netty.handler.HttpHandler - 

Request DefaultHttpRequest(decodeResult: success, version: HTTP/1.1)
POST /session/9816caeb41d32f13e879297b5f87a1dd/window/maximize HTTP/1.1
User-Agent: selenium/4.1.2 (java windows)
Content-Length: 3
Content-Type: application/json; charset=utf-8
host: localhost:55196
accept: */*

Response DefaultHttpResponse(decodeResult: success, version: HTTP/1.1)
HTTP/1.1 200 OK
Content-Type: application/json; charset=utf-8
cache-control: no-cache
content-length: 51

10:38:40.838 [AsyncHttpClient-1-2] DEBUG org.asynchttpclient.netty.channel.ChannelManager - Adding key: http://localhost:55196 for channel [id: 0x87d77a6c, L:/127.0.0.1:56906 - R:localhost/127.0.0.1:55196]
10:38:41.164 [AsyncHttpClient-1-1] DEBUG org.asynchttpclient.netty.channel.DefaultChannelPool - Entry count for : http://localhost:56916 : 1
10:38:41.164 [AsyncHttpClient-1-1] DEBUG org.asynchttpclient.netty.channel.DefaultChannelPool - Entry count for : http://localhost:55196 : 1
10:38:42.264 [AsyncHttpClient-1-1] DEBUG org.asynchttpclient.netty.channel.DefaultChannelPool - Entry count for : http://localhost:56916 : 1
10:38:42.264 [AsyncHttpClient-1-1] DEBUG org.asynchttpclient.netty.channel.DefaultChannelPool - Entry count for : http://localhost:55196 : 1
10:38:43.365 [AsyncHttpClient-1-1] DEBUG org.asynchttpclient.netty.channel.DefaultChannelPool - Entry count for : http://localhost:56916 : 1
10:38:43.365 [AsyncHttpClient-1-1] DEBUG org.asynchttpclient.netty.channel.DefaultChannelPool - Entry count for : http://localhost:55196 : 1
10:38:44.466 [AsyncHttpClient-1-1] DEBUG org.asynchttpclient.netty.channel.DefaultChannelPool - Entry count for : http://localhost:56916 : 1
10:38:44.466 [AsyncHttpClient-1-1] DEBUG org.asynchttpclient.netty.channel.DefaultChannelPool - Entry count for : http://localhost:55196 : 1
10:38:45.564 [AsyncHttpClient-1-1] DEBUG org.asynchttpclient.netty.channel.DefaultChannelPool - Entry count for : http://localhost:56916 : 1
10:38:45.564 [AsyncHttpClient-1-1] DEBUG org.asynchttpclient.netty.channel.DefaultChannelPool - Entry count for : http://localhost:55196 : 1
10:38:46.665 [AsyncHttpClient-1-1] DEBUG org.asynchttpclient.netty.channel.DefaultChannelPool - Entry count for : http://localhost:56916 : 1
10:38:46.665 [AsyncHttpClient-1-1] DEBUG org.asynchttpclient.netty.channel.DefaultChannelPool - Entry count for : http://localhost:55196 : 1
10:38:47.764 [AsyncHttpClient-1-1] DEBUG org.asynchttpclient.netty.channel.DefaultChannelPool - Entry count for : http://localhost:56916 : 1
10:38:47.764 [AsyncHttpClient-1-1] DEBUG org.asynchttpclient.netty.channel.DefaultChannelPool - Entry count for : http://localhost:55196 : 1
10:38:48.864 [AsyncHttpClient-1-1] DEBUG org.asynchttpclient.netty.channel.DefaultChannelPool - Entry count for : http://localhost:56916 : 1
10:38:48.864 [AsyncHttpClient-1-1] DEBUG org.asynchttpclient.netty.channel.DefaultChannelPool - Entry count for : http://localhost:55196 : 1
10:38:49.035 [main] DEBUG net.thucydides.core.reflection.ClassFinder - Could not load class .CucumberTestSuite
10:38:49.035 [main] DEBUG net.thucydides.core.reflection.ClassFinder - Could not load class .Utils.General
10:38:49.035 [main] DEBUG net.thucydides.core.reflection.ClassFinder - Could not load class .starter.pages.AppointmentPage
10:38:49.035 [main] DEBUG net.thucydides.core.reflection.ClassFinder - Could not load class .starter.pages.DashboardPage
10:38:49.035 [main] DEBUG net.thucydides.core.reflection.ClassFinder - Could not load class .starter.pages.DoctorPage
10:38:49.035 [main] DEBUG net.thucydides.core.reflection.ClassFinder - Could not load class .starter.pages.PatientPage
10:38:49.035 [main] DEBUG net.thucydides.core.reflection.ClassFinder - Could not load class .starter.stepdefinitions.AppointmentSteps
10:38:49.035 [main] DEBUG net.thucydides.core.reflection.ClassFinder - Could not load class .starter.stepdefinitions.DashboardSteps
10:38:49.036 [main] DEBUG net.thucydides.core.reflection.ClassFinder - Could not load class .starter.stepdefinitions.DoctorSteps
10:38:49.036 [main] DEBUG net.thucydides.core.reflection.ClassFinder - Could not load class .starter.stepdefinitions.PatientSteps
10:38:49.037 [main] DEBUG net.thucydides.core.reflection.ClassFinder - Could not load class META-INF.versions.9.com.sun.istack.logging.StackHelper
10:38:49.037 [main] DEBUG net.thucydides.core.reflection.ClassFinder - Could not load class META-INF.versions.9.com.sun.xml.bind.v2.runtime.reflect.opt.AccessorInjector
10:38:49.038 [main] DEBUG net.thucydides.core.reflection.ClassFinder - Could not load class META-INF.versions.9.com.sun.xml.bind.v2.runtime.reflect.opt.Injector
10:38:49.038 [main] DEBUG net.thucydides.core.reflection.ClassFinder - Could not load class META-INF.versions.9.com.sun.xml.bind.v2.runtime.reflect.opt.OptimizedAccessorFactory
10:38:49.039 [main] DEBUG net.thucydides.core.reflection.ClassFinder - Could not load class META-INF.versions.9.com.sun.xml.bind.v2.runtime.reflect.opt.OptimizedTransducedAccessorFactory
10:38:49.039 [main] DEBUG net.thucydides.core.reflection.ClassFinder - Could not load class META-INF.versions.9.io.opentelemetry.sdk.internal.CurrentJavaVersionSpecific
10:38:49.039 [main] DEBUG net.thucydides.core.reflection.ClassFinder - Could not load class META-INF.versions.9.io.opentelemetry.sdk.internal.Java9VersionSpecific
10:38:49.040 [main] DEBUG net.thucydides.core.reflection.ClassFinder - Could not load class META-INF.versions.9.javax.xml.bind.ModuleUtil
10:38:49.041 [main] DEBUG net.thucydides.core.reflection.ClassFinder - Could not load class META-INF.versions.9.module-info
10:38:49.042 [main] DEBUG net.thucydides.core.reflection.ClassFinder - Could not load class META-INF.versions.9.org.junit.platform.commons.util.ModuleUtils
10:38:49.045 [main] DEBUG net.thucydides.core.reflection.ClassFinder - Could not load class com.google.gson.internal.
10:38:49.046 [main] DEBUG net.thucydides.core.reflection.ClassFinder - Could not load class com.sun.xml.bind.v2.runtime.output.FastInfosetStreamWriterOutput
10:38:49.052 [main] DEBUG net.thucydides.core.reflection.ClassFinder - Could not load class module-info
10:38:49.083 [Forwarding get on session 9816caeb41d32f13e879297b5f87a1dd to remote] DEBUG org.asynchttpclient.netty.request.NettyRequestSender - Using pooled Channel '[id: 0x87d77a6c, L:/127.0.0.1:56906 - R:localhost/127.0.0.1:55196]' for 'POST' to 'http://localhost:55196/session/9816caeb41d32f13e879297b5f87a1dd/url'
10:38:49.083 [Forwarding get on session 9816caeb41d32f13e879297b5f87a1dd to remote] DEBUG org.asynchttpclient.netty.request.NettyRequestSender - Using open Channel [id: 0x87d77a6c, L:/127.0.0.1:56906 - R:localhost/127.0.0.1:55196] for POST '/session/9816caeb41d32f13e879297b5f87a1dd/url'
10:38:49.963 [AsyncHttpClient-1-1] DEBUG org.asynchttpclient.netty.channel.DefaultChannelPool - Entry count for : http://localhost:56916 : 1
10:38:51.063 [AsyncHttpClient-1-1] DEBUG org.asynchttpclient.netty.channel.DefaultChannelPool - Entry count for : http://localhost:56916 : 1
10:38:52.167 [AsyncHttpClient-1-1] DEBUG org.asynchttpclient.netty.channel.DefaultChannelPool - Entry count for : http://localhost:56916 : 1
10:38:53.264 [AsyncHttpClient-1-1] DEBUG org.asynchttpclient.netty.channel.DefaultChannelPool - Entry count for : http://localhost:56916 : 1
10:38:54.364 [AsyncHttpClient-1-1] DEBUG org.asynchttpclient.netty.channel.DefaultChannelPool - Entry count for : http://localhost:56916 : 1
10:38:55.464 [AsyncHttpClient-1-1] DEBUG org.asynchttpclient.netty.channel.DefaultChannelPool - Entry count for : http://localhost:56916 : 1
10:38:56.563 [AsyncHttpClient-1-1] DEBUG org.asynchttpclient.netty.channel.DefaultChannelPool - Entry count for : http://localhost:56916 : 1
10:38:57.668 [AsyncHttpClient-1-1] DEBUG org.asynchttpclient.netty.channel.DefaultChannelPool - Entry count for : http://localhost:56916 : 1
10:38:57.707 [AsyncHttpClient-1-2] DEBUG org.asynchttpclient.netty.handler.HttpHandler - 

Request DefaultHttpRequest(decodeResult: success, version: HTTP/1.1)
POST /session/9816caeb41d32f13e879297b5f87a1dd/url HTTP/1.1
User-Agent: selenium/4.1.2 (java windows)
Content-Length: 65
Content-Type: application/json; charset=utf-8
host: localhost:55196
accept: */*

Response DefaultHttpResponse(decodeResult: success, version: HTTP/1.1)
HTTP/1.1 200 OK
Content-Type: application/json; charset=utf-8
cache-control: no-cache
content-length: 14

10:38:57.708 [AsyncHttpClient-1-2] DEBUG org.asynchttpclient.netty.channel.ChannelManager - Adding key: http://localhost:55196 for channel [id: 0x87d77a6c, L:/127.0.0.1:56906 - R:localhost/127.0.0.1:55196]
10:38:57.722 [Forwarding setTimeout on session 9816caeb41d32f13e879297b5f87a1dd to remote] DEBUG org.asynchttpclient.netty.request.NettyRequestSender - Using pooled Channel '[id: 0x87d77a6c, L:/127.0.0.1:56906 - R:localhost/127.0.0.1:55196]' for 'POST' to 'http://localhost:55196/session/9816caeb41d32f13e879297b5f87a1dd/timeouts'
10:38:57.723 [Forwarding setTimeout on session 9816caeb41d32f13e879297b5f87a1dd to remote] DEBUG org.asynchttpclient.netty.request.NettyRequestSender - Using open Channel [id: 0x87d77a6c, L:/127.0.0.1:56906 - R:localhost/127.0.0.1:55196] for POST '/session/9816caeb41d32f13e879297b5f87a1dd/timeouts'
10:38:57.738 [AsyncHttpClient-1-2] DEBUG org.asynchttpclient.netty.handler.HttpHandler - 

Request DefaultHttpRequest(decodeResult: success, version: HTTP/1.1)
POST /session/9816caeb41d32f13e879297b5f87a1dd/timeouts HTTP/1.1
User-Agent: selenium/4.1.2 (java windows)
Content-Length: 22
Content-Type: application/json; charset=utf-8
host: localhost:55196
accept: */*

Response DefaultHttpResponse(decodeResult: success, version: HTTP/1.1)
HTTP/1.1 200 OK
Content-Type: application/json; charset=utf-8
cache-control: no-cache
content-length: 14

10:38:57.739 [AsyncHttpClient-1-2] DEBUG org.asynchttpclient.netty.channel.ChannelManager - Adding key: http://localhost:55196 for channel [id: 0x87d77a6c, L:/127.0.0.1:56906 - R:localhost/127.0.0.1:55196]
10:38:57.753 [Forwarding getCurrentUrl on session 9816caeb41d32f13e879297b5f87a1dd to remote] DEBUG org.asynchttpclient.netty.request.NettyRequestSender - Using pooled Channel '[id: 0x87d77a6c, L:/127.0.0.1:56906 - R:localhost/127.0.0.1:55196]' for 'GET' to 'http://localhost:55196/session/9816caeb41d32f13e879297b5f87a1dd/url'
10:38:57.753 [Forwarding getCurrentUrl on session 9816caeb41d32f13e879297b5f87a1dd to remote] DEBUG org.asynchttpclient.netty.request.NettyRequestSender - Using open Channel [id: 0x87d77a6c, L:/127.0.0.1:56906 - R:localhost/127.0.0.1:55196] for GET '/session/9816caeb41d32f13e879297b5f87a1dd/url'
10:38:58.764 [AsyncHttpClient-1-1] DEBUG org.asynchttpclient.netty.channel.DefaultChannelPool - Entry count for : http://localhost:56916 : 1
10:38:59.864 [AsyncHttpClient-1-1] DEBUG org.asynchttpclient.netty.channel.DefaultChannelPool - Entry count for : http://localhost:56916 : 1
10:39:00.088 [AsyncHttpClient-1-2] DEBUG org.asynchttpclient.netty.handler.HttpHandler - 

Request DefaultFullHttpRequest(decodeResult: success, version: HTTP/1.1, content: EmptyByteBufBE)
GET /session/9816caeb41d32f13e879297b5f87a1dd/url HTTP/1.1
User-Agent: selenium/4.1.2 (java windows)
Cache-Control: no-cache
Content-Type: application/json; charset=utf-8
host: localhost:55196
accept: */*

Response DefaultHttpResponse(decodeResult: success, version: HTTP/1.1)
HTTP/1.1 200 OK
Content-Type: application/json; charset=utf-8
cache-control: no-cache
content-length: 53

10:39:00.089 [AsyncHttpClient-1-2] DEBUG org.asynchttpclient.netty.channel.ChannelManager - Adding key: http://localhost:55196 for channel [id: 0x87d77a6c, L:/127.0.0.1:56906 - R:localhost/127.0.0.1:55196]
10:39:00.113 [Forwarding getCurrentUrl on session 9816caeb41d32f13e879297b5f87a1dd to remote] DEBUG org.asynchttpclient.netty.request.NettyRequestSender - Using pooled Channel '[id: 0x87d77a6c, L:/127.0.0.1:56906 - R:localhost/127.0.0.1:55196]' for 'GET' to 'http://localhost:55196/session/9816caeb41d32f13e879297b5f87a1dd/url'
10:39:00.113 [Forwarding getCurrentUrl on session 9816caeb41d32f13e879297b5f87a1dd to remote] DEBUG org.asynchttpclient.netty.request.NettyRequestSender - Using open Channel [id: 0x87d77a6c, L:/127.0.0.1:56906 - R:localhost/127.0.0.1:55196] for GET '/session/9816caeb41d32f13e879297b5f87a1dd/url'
10:39:00.140 [AsyncHttpClient-1-2] DEBUG org.asynchttpclient.netty.handler.HttpHandler - 

Request DefaultFullHttpRequest(decodeResult: success, version: HTTP/1.1, content: EmptyByteBufBE)
GET /session/9816caeb41d32f13e879297b5f87a1dd/url HTTP/1.1
User-Agent: selenium/4.1.2 (java windows)
Cache-Control: no-cache
Content-Type: application/json; charset=utf-8
host: localhost:55196
accept: */*

Response DefaultHttpResponse(decodeResult: success, version: HTTP/1.1)
HTTP/1.1 200 OK
Content-Type: application/json; charset=utf-8
cache-control: no-cache
content-length: 53

10:39:00.140 [AsyncHttpClient-1-2] DEBUG org.asynchttpclient.netty.channel.ChannelManager - Adding key: http://localhost:55196 for channel [id: 0x87d77a6c, L:/127.0.0.1:56906 - R:localhost/127.0.0.1:55196]
10:39:00.183 [main] DEBUG net.serenitybdd.core.photography.Darkroom - Opening darkroom
10:39:00.184 [Darkroom Processing Line] DEBUG net.serenitybdd.core.photography.DarkroomProcessingLine - Darkroom processing line starting up
10:39:00.185 [Forwarding screenshot on session 9816caeb41d32f13e879297b5f87a1dd to remote] DEBUG org.asynchttpclient.netty.request.NettyRequestSender - Using pooled Channel '[id: 0x87d77a6c, L:/127.0.0.1:56906 - R:localhost/127.0.0.1:55196]' for 'GET' to 'http://localhost:55196/session/9816caeb41d32f13e879297b5f87a1dd/screenshot'
10:39:00.185 [Forwarding screenshot on session 9816caeb41d32f13e879297b5f87a1dd to remote] DEBUG org.asynchttpclient.netty.request.NettyRequestSender - Using open Channel [id: 0x87d77a6c, L:/127.0.0.1:56906 - R:localhost/127.0.0.1:55196] for GET '/session/9816caeb41d32f13e879297b5f87a1dd/screenshot'
10:39:00.964 [AsyncHttpClient-1-1] DEBUG org.asynchttpclient.netty.channel.DefaultChannelPool - Entry count for : http://localhost:56916 : 1
10:39:01.341 [AsyncHttpClient-1-2] DEBUG org.asynchttpclient.netty.handler.HttpHandler - 

Request DefaultFullHttpRequest(decodeResult: success, version: HTTP/1.1, content: EmptyByteBufBE)
GET /session/9816caeb41d32f13e879297b5f87a1dd/screenshot HTTP/1.1
User-Agent: selenium/4.1.2 (java windows)
Cache-Control: no-cache
Content-Type: application/json; charset=utf-8
host: localhost:55196
accept: */*

Response DefaultHttpResponse(decodeResult: success, version: HTTP/1.1)
HTTP/1.1 200 OK
Content-Type: application/json; charset=utf-8
cache-control: no-cache
content-length: 382596

10:39:01.348 [AsyncHttpClient-1-2] DEBUG org.asynchttpclient.netty.channel.ChannelManager - Adding key: http://localhost:55196 for channel [id: 0x87d77a6c, L:/127.0.0.1:56906 - R:localhost/127.0.0.1:55196]
10:39:02.066 [AsyncHttpClient-1-1] DEBUG org.asynchttpclient.netty.channel.DefaultChannelPool - Entry count for : http://localhost:56916 : 1
10:39:02.066 [AsyncHttpClient-1-1] DEBUG org.asynchttpclient.netty.channel.DefaultChannelPool - Entry count for : http://localhost:55196 : 1
10:39:03.165 [AsyncHttpClient-1-1] DEBUG org.asynchttpclient.netty.channel.DefaultChannelPool - Entry count for : http://localhost:56916 : 1
10:39:03.165 [AsyncHttpClient-1-1] DEBUG org.asynchttpclient.netty.channel.DefaultChannelPool - Entry count for : http://localhost:55196 : 1
10:39:04.264 [AsyncHttpClient-1-1] DEBUG org.asynchttpclient.netty.channel.DefaultChannelPool - Entry count for : http://localhost:56916 : 1
10:39:04.264 [AsyncHttpClient-1-1] DEBUG org.asynchttpclient.netty.channel.DefaultChannelPool - Entry count for : http://localhost:55196 : 1
10:39:05.363 [AsyncHttpClient-1-1] DEBUG org.asynchttpclient.netty.channel.DefaultChannelPool - Entry count for : http://localhost:56916 : 1
10:39:05.363 [AsyncHttpClient-1-1] DEBUG org.asynchttpclient.netty.channel.DefaultChannelPool - Entry count for : http://localhost:55196 : 1
10:39:06.406 [main] DEBUG net.serenitybdd.core.photography.Darkroom - Send negative for processing for target\site\serenity\ed15a54c91c342d96a850276df7b559f4526b370fc93040e3c407a48a170f368.png
10:39:06.408 [Darkroom Processing Line] DEBUG net.serenitybdd.core.photography.DarkroomProcessingLine - Processing screenshot image in /var/screenshots/screenshot-16420772880172658258
10:39:06.409 [Darkroom Processing Line] DEBUG net.serenitybdd.core.photography.DarkroomProcessingLine - Saving screenshot to target\site\serenity\ed15a54c91c342d96a850276df7b559f4526b370fc93040e3c407a48a170f368.png
10:39:06.464 [AsyncHttpClient-1-1] DEBUG org.asynchttpclient.netty.channel.DefaultChannelPool - Entry count for : http://localhost:56916 : 1
10:39:06.464 [AsyncHttpClient-1-1] DEBUG org.asynchttpclient.netty.channel.DefaultChannelPool - Entry count for : http://localhost:55196 : 1
10:39:06.966 [main] DEBUG net.thucydides.core.steps.StepInterceptor - STEP DONE: openUrl
10:39:07.016 [Forwarding screenshot on session 9816caeb41d32f13e879297b5f87a1dd to remote] DEBUG org.asynchttpclient.netty.request.NettyRequestSender - Using pooled Channel '[id: 0x87d77a6c, L:/127.0.0.1:56906 - R:localhost/127.0.0.1:55196]' for 'GET' to 'http://localhost:55196/session/9816caeb41d32f13e879297b5f87a1dd/screenshot'
10:39:07.016 [Forwarding screenshot on session 9816caeb41d32f13e879297b5f87a1dd to remote] DEBUG org.asynchttpclient.netty.request.NettyRequestSender - Using open Channel [id: 0x87d77a6c, L:/127.0.0.1:56906 - R:localhost/127.0.0.1:55196] for GET '/session/9816caeb41d32f13e879297b5f87a1dd/screenshot'
10:39:07.565 [AsyncHttpClient-1-1] DEBUG org.asynchttpclient.netty.channel.DefaultChannelPool - Entry count for : http://localhost:56916 : 1
10:39:07.873 [AsyncHttpClient-1-2] DEBUG org.asynchttpclient.netty.handler.HttpHandler - 

Request DefaultFullHttpRequest(decodeResult: success, version: HTTP/1.1, content: EmptyByteBufBE)
GET /session/9816caeb41d32f13e879297b5f87a1dd/screenshot HTTP/1.1
User-Agent: selenium/4.1.2 (java windows)
Cache-Control: no-cache
Content-Type: application/json; charset=utf-8
host: localhost:55196
accept: */*

Response DefaultHttpResponse(decodeResult: success, version: HTTP/1.1)
HTTP/1.1 200 OK
Content-Type: application/json; charset=utf-8
cache-control: no-cache
content-length: 351816

10:39:07.880 [AsyncHttpClient-1-2] DEBUG org.asynchttpclient.netty.channel.ChannelManager - Adding key: http://localhost:55196 for channel [id: 0x87d77a6c, L:/127.0.0.1:56906 - R:localhost/127.0.0.1:55196]
10:39:07.911 [main] DEBUG net.serenitybdd.core.photography.Darkroom - Send negative for processing for target\site\serenity\20277f1d76f1b925628464fcd1ece5de77a814679d1be3fdcf836a7ddadfed60.png
10:39:07.912 [main] DEBUG net.thucydides.core.steps.StepInterceptor - STARTING STEP: DashboardSteps.iAmOnTheDashboardPage - validateOnDashboardPage
10:39:07.911 [Darkroom Processing Line] DEBUG net.serenitybdd.core.photography.DarkroomProcessingLine - Processing screenshot image in /var/screenshots/screenshot-16393324692585722056
10:39:07.913 [Darkroom Processing Line] DEBUG net.serenitybdd.core.photography.DarkroomProcessingLine - Saving screenshot to target\site\serenity\20277f1d76f1b925628464fcd1ece5de77a814679d1be3fdcf836a7ddadfed60.png
10:39:07.921 [Forwarding findElement on session 9816caeb41d32f13e879297b5f87a1dd to remote] DEBUG org.asynchttpclient.netty.request.NettyRequestSender - Using pooled Channel '[id: 0x87d77a6c, L:/127.0.0.1:56906 - R:localhost/127.0.0.1:55196]' for 'POST' to 'http://localhost:55196/session/9816caeb41d32f13e879297b5f87a1dd/element'
10:39:07.921 [Forwarding findElement on session 9816caeb41d32f13e879297b5f87a1dd to remote] DEBUG org.asynchttpclient.netty.request.NettyRequestSender - Using open Channel [id: 0x87d77a6c, L:/127.0.0.1:56906 - R:localhost/127.0.0.1:55196] for POST '/session/9816caeb41d32f13e879297b5f87a1dd/element'
10:39:08.667 [AsyncHttpClient-1-1] DEBUG org.asynchttpclient.netty.channel.DefaultChannelPool - Entry count for : http://localhost:56916 : 1
10:39:09.404 [AsyncHttpClient-1-2] DEBUG org.asynchttpclient.netty.handler.HttpHandler - 

Request DefaultHttpRequest(decodeResult: success, version: HTTP/1.1)
POST /session/9816caeb41d32f13e879297b5f87a1dd/element HTTP/1.1
User-Agent: selenium/4.1.2 (java windows)
Content-Length: 81
Content-Type: application/json; charset=utf-8
host: localhost:55196
accept: */*

Response DefaultHttpResponse(decodeResult: success, version: HTTP/1.1)
HTTP/1.1 200 OK
Content-Type: application/json; charset=utf-8
cache-control: no-cache
content-length: 88

10:39:09.405 [AsyncHttpClient-1-2] DEBUG org.asynchttpclient.netty.channel.ChannelManager - Adding key: http://localhost:55196 for channel [id: 0x87d77a6c, L:/127.0.0.1:56906 - R:localhost/127.0.0.1:55196]
10:39:09.444 [Forwarding isElementDisplayed on session 9816caeb41d32f13e879297b5f87a1dd to remote] DEBUG org.asynchttpclient.netty.request.NettyRequestSender - Using pooled Channel '[id: 0x87d77a6c, L:/127.0.0.1:56906 - R:localhost/127.0.0.1:55196]' for 'POST' to 'http://localhost:55196/session/9816caeb41d32f13e879297b5f87a1dd/execute/sync'
10:39:09.445 [Forwarding isElementDisplayed on session 9816caeb41d32f13e879297b5f87a1dd to remote] DEBUG org.asynchttpclient.netty.request.NettyRequestSender - Using open Channel [id: 0x87d77a6c, L:/127.0.0.1:56906 - R:localhost/127.0.0.1:55196] for POST '/session/9816caeb41d32f13e879297b5f87a1dd/execute/sync'
10:39:09.683 [AsyncHttpClient-1-2] DEBUG org.asynchttpclient.netty.handler.HttpHandler - 

Request DefaultHttpRequest(decodeResult: success, version: HTTP/1.1)
POST /session/9816caeb41d32f13e879297b5f87a1dd/execute/sync HTTP/1.1
User-Agent: selenium/4.1.2 (java windows)
Content-Length: 48780
Content-Type: application/json; charset=utf-8
host: localhost:55196
accept: */*

Response DefaultHttpResponse(decodeResult: success, version: HTTP/1.1)
HTTP/1.1 200 OK
Content-Type: application/json; charset=utf-8
cache-control: no-cache
content-length: 14

10:39:09.684 [AsyncHttpClient-1-2] DEBUG org.asynchttpclient.netty.channel.ChannelManager - Adding key: http://localhost:55196 for channel [id: 0x87d77a6c, L:/127.0.0.1:56906 - R:localhost/127.0.0.1:55196]
10:39:09.701 [Forwarding screenshot on session 9816caeb41d32f13e879297b5f87a1dd to remote] DEBUG org.asynchttpclient.netty.request.NettyRequestSender - Using pooled Channel '[id: 0x87d77a6c, L:/127.0.0.1:56906 - R:localhost/127.0.0.1:55196]' for 'GET' to 'http://localhost:55196/session/9816caeb41d32f13e879297b5f87a1dd/screenshot'
10:39:09.702 [Forwarding screenshot on session 9816caeb41d32f13e879297b5f87a1dd to remote] DEBUG org.asynchttpclient.netty.request.NettyRequestSender - Using open Channel [id: 0x87d77a6c, L:/127.0.0.1:56906 - R:localhost/127.0.0.1:55196] for GET '/session/9816caeb41d32f13e879297b5f87a1dd/screenshot'
10:39:09.764 [AsyncHttpClient-1-1] DEBUG org.asynchttpclient.netty.channel.DefaultChannelPool - Entry count for : http://localhost:56916 : 1
10:39:09.961 [AsyncHttpClient-1-2] DEBUG org.asynchttpclient.netty.handler.HttpHandler - 

Request DefaultFullHttpRequest(decodeResult: success, version: HTTP/1.1, content: EmptyByteBufBE)
GET /session/9816caeb41d32f13e879297b5f87a1dd/screenshot HTTP/1.1
User-Agent: selenium/4.1.2 (java windows)
Cache-Control: no-cache
Content-Type: application/json; charset=utf-8
host: localhost:55196
accept: */*

Response DefaultHttpResponse(decodeResult: success, version: HTTP/1.1)
HTTP/1.1 200 OK
Content-Type: application/json; charset=utf-8
cache-control: no-cache
content-length: 351816

10:39:09.967 [AsyncHttpClient-1-2] DEBUG org.asynchttpclient.netty.channel.ChannelManager - Adding key: http://localhost:55196 for channel [id: 0x87d77a6c, L:/127.0.0.1:56906 - R:localhost/127.0.0.1:55196]
10:39:10.008 [main] DEBUG net.serenitybdd.core.photography.Darkroom - Send negative for processing for target\site\serenity\20277f1d76f1b925628464fcd1ece5de77a814679d1be3fdcf836a7ddadfed60.png
10:39:10.008 [main] DEBUG net.thucydides.core.steps.StepInterceptor - STEP DONE: validateOnDashboardPage
  &amp#27;[32mGiven &amp#27;[0m&amp#27;[32mI am on the dashboard page&amp#27;[0m                                &amp#27;[90m# starter.stepdefinitions.DashboardSteps.iAmOnTheDashboardPage()&amp#27;[0m
10:39:10.069 [Forwarding screenshot on session 9816caeb41d32f13e879297b5f87a1dd to remote] DEBUG org.asynchttpclient.netty.request.NettyRequestSender - Using pooled Channel '[id: 0x87d77a6c, L:/127.0.0.1:56906 - R:localhost/127.0.0.1:55196]' for 'GET' to 'http://localhost:55196/session/9816caeb41d32f13e879297b5f87a1dd/screenshot'
10:39:10.069 [Forwarding screenshot on session 9816caeb41d32f13e879297b5f87a1dd to remote] DEBUG org.asynchttpclient.netty.request.NettyRequestSender - Using open Channel [id: 0x87d77a6c, L:/127.0.0.1:56906 - R:localhost/127.0.0.1:55196] for GET '/session/9816caeb41d32f13e879297b5f87a1dd/screenshot'
10:39:10.316 [AsyncHttpClient-1-2] DEBUG org.asynchttpclient.netty.handler.HttpHandler - 

Request DefaultFullHttpRequest(decodeResult: success, version: HTTP/1.1, content: EmptyByteBufBE)
GET /session/9816caeb41d32f13e879297b5f87a1dd/screenshot HTTP/1.1
User-Agent: selenium/4.1.2 (java windows)
Cache-Control: no-cache
Content-Type: application/json; charset=utf-8
host: localhost:55196
accept: */*

Response DefaultHttpResponse(decodeResult: success, version: HTTP/1.1)
HTTP/1.1 200 OK
Content-Type: application/json; charset=utf-8
cache-control: no-cache
content-length: 351816

10:39:10.322 [AsyncHttpClient-1-2] DEBUG org.asynchttpclient.netty.channel.ChannelManager - Adding key: http://localhost:55196 for channel [id: 0x87d77a6c, L:/127.0.0.1:56906 - R:localhost/127.0.0.1:55196]
10:39:10.344 [main] DEBUG net.serenitybdd.core.photography.Darkroom - Send negative for processing for target\site\serenity\20277f1d76f1b925628464fcd1ece5de77a814679d1be3fdcf836a7ddadfed60.png
10:39:10.606 [Forwarding screenshot on session 9816caeb41d32f13e879297b5f87a1dd to remote] DEBUG org.asynchttpclient.netty.request.NettyRequestSender - Using pooled Channel '[id: 0x87d77a6c, L:/127.0.0.1:56906 - R:localhost/127.0.0.1:55196]' for 'GET' to 'http://localhost:55196/session/9816caeb41d32f13e879297b5f87a1dd/screenshot'
10:39:10.606 [Forwarding screenshot on session 9816caeb41d32f13e879297b5f87a1dd to remote] DEBUG org.asynchttpclient.netty.request.NettyRequestSender - Using open Channel [id: 0x87d77a6c, L:/127.0.0.1:56906 - R:localhost/127.0.0.1:55196] for GET '/session/9816caeb41d32f13e879297b5f87a1dd/screenshot'
10:39:10.864 [AsyncHttpClient-1-1] DEBUG org.asynchttpclient.netty.channel.DefaultChannelPool - Entry count for : http://localhost:56916 : 1
10:39:10.963 [AsyncHttpClient-1-2] DEBUG org.asynchttpclient.netty.handler.HttpHandler - 

Request DefaultFullHttpRequest(decodeResult: success, version: HTTP/1.1, content: EmptyByteBufBE)
GET /session/9816caeb41d32f13e879297b5f87a1dd/screenshot HTTP/1.1
User-Agent: selenium/4.1.2 (java windows)
Cache-Control: no-cache
Content-Type: application/json; charset=utf-8
host: localhost:55196
accept: */*

Response DefaultHttpResponse(decodeResult: success, version: HTTP/1.1)
HTTP/1.1 200 OK
Content-Type: application/json; charset=utf-8
cache-control: no-cache
content-length: 351816

10:39:10.968 [AsyncHttpClient-1-2] DEBUG org.asynchttpclient.netty.channel.ChannelManager - Adding key: http://localhost:55196 for channel [id: 0x87d77a6c, L:/127.0.0.1:56906 - R:localhost/127.0.0.1:55196]
10:39:10.993 [main] DEBUG net.serenitybdd.core.photography.Darkroom - Send negative for processing for target\site\serenity\20277f1d76f1b925628464fcd1ece5de77a814679d1be3fdcf836a7ddadfed60.png
10:39:10.994 [main] DEBUG net.thucydides.core.steps.StepInterceptor - STARTING STEP: AppointmentSteps.iClickMenuAppointment - clickMenuAppointmentButton
10:39:11.009 [Forwarding findElement on session 9816caeb41d32f13e879297b5f87a1dd to remote] DEBUG org.asynchttpclient.netty.request.NettyRequestSender - Using pooled Channel '[id: 0x87d77a6c, L:/127.0.0.1:56906 - R:localhost/127.0.0.1:55196]' for 'POST' to 'http://localhost:55196/session/9816caeb41d32f13e879297b5f87a1dd/element'
10:39:11.009 [Forwarding findElement on session 9816caeb41d32f13e879297b5f87a1dd to remote] DEBUG org.asynchttpclient.netty.request.NettyRequestSender - Using open Channel [id: 0x87d77a6c, L:/127.0.0.1:56906 - R:localhost/127.0.0.1:55196] for POST '/session/9816caeb41d32f13e879297b5f87a1dd/element'
10:39:11.028 [AsyncHttpClient-1-2] DEBUG org.asynchttpclient.netty.handler.HttpHandler - 

Request DefaultHttpRequest(decodeResult: success, version: HTTP/1.1)
POST /session/9816caeb41d32f13e879297b5f87a1dd/element HTTP/1.1
User-Agent: selenium/4.1.2 (java windows)
Content-Length: 84
Content-Type: application/json; charset=utf-8
host: localhost:55196
accept: */*

Response DefaultHttpResponse(decodeResult: success, version: HTTP/1.1)
HTTP/1.1 200 OK
Content-Type: application/json; charset=utf-8
cache-control: no-cache
content-length: 88

10:39:11.028 [AsyncHttpClient-1-2] DEBUG org.asynchttpclient.netty.channel.ChannelManager - Adding key: http://localhost:55196 for channel [id: 0x87d77a6c, L:/127.0.0.1:56906 - R:localhost/127.0.0.1:55196]
10:39:11.032 [Forwarding getElementTagName on session 9816caeb41d32f13e879297b5f87a1dd to remote] DEBUG org.asynchttpclient.netty.request.NettyRequestSender - Using pooled Channel '[id: 0x87d77a6c, L:/127.0.0.1:56906 - R:localhost/127.0.0.1:55196]' for 'GET' to 'http://localhost:55196/session/9816caeb41d32f13e879297b5f87a1dd/element/a258f3c5-04ea-4e5f-98db-2afb27abf1cf/name'
10:39:11.033 [Forwarding getElementTagName on session 9816caeb41d32f13e879297b5f87a1dd to remote] DEBUG org.asynchttpclient.netty.request.NettyRequestSender - Using open Channel [id: 0x87d77a6c, L:/127.0.0.1:56906 - R:localhost/127.0.0.1:55196] for GET '/session/9816caeb41d32f13e879297b5f87a1dd/element/a258f3c5-04ea-4e5f-98db-2afb27abf1cf/name'
10:39:11.600 [AsyncHttpClient-1-2] DEBUG org.asynchttpclient.netty.handler.HttpHandler - 

Request DefaultFullHttpRequest(decodeResult: success, version: HTTP/1.1, content: EmptyByteBufBE)
GET /session/9816caeb41d32f13e879297b5f87a1dd/element/a258f3c5-04ea-4e5f-98db-2afb27abf1cf/name HTTP/1.1
User-Agent: selenium/4.1.2 (java windows)
Cache-Control: no-cache
Content-Type: application/json; charset=utf-8
host: localhost:55196
accept: */*

Response DefaultHttpResponse(decodeResult: success, version: HTTP/1.1)
HTTP/1.1 200 OK
Content-Type: application/json; charset=utf-8
cache-control: no-cache
content-length: 15

10:39:11.601 [AsyncHttpClient-1-2] DEBUG org.asynchttpclient.netty.channel.ChannelManager - Adding key: http://localhost:55196 for channel [id: 0x87d77a6c, L:/127.0.0.1:56906 - R:localhost/127.0.0.1:55196]
10:39:11.612 [Forwarding getElementTagName on session 9816caeb41d32f13e879297b5f87a1dd to remote] DEBUG org.asynchttpclient.netty.request.NettyRequestSender - Using pooled Channel '[id: 0x87d77a6c, L:/127.0.0.1:56906 - R:localhost/127.0.0.1:55196]' for 'GET' to 'http://localhost:55196/session/9816caeb41d32f13e879297b5f87a1dd/element/a258f3c5-04ea-4e5f-98db-2afb27abf1cf/name'
10:39:11.612 [Forwarding getElementTagName on session 9816caeb41d32f13e879297b5f87a1dd to remote] DEBUG org.asynchttpclient.netty.request.NettyRequestSender - Using open Channel [id: 0x87d77a6c, L:/127.0.0.1:56906 - R:localhost/127.0.0.1:55196] for GET '/session/9816caeb41d32f13e879297b5f87a1dd/element/a258f3c5-04ea-4e5f-98db-2afb27abf1cf/name'
10:39:11.630 [AsyncHttpClient-1-2] DEBUG org.asynchttpclient.netty.handler.HttpHandler - 

Request DefaultFullHttpRequest(decodeResult: success, version: HTTP/1.1, content: EmptyByteBufBE)
GET /session/9816caeb41d32f13e879297b5f87a1dd/element/a258f3c5-04ea-4e5f-98db-2afb27abf1cf/name HTTP/1.1
User-Agent: selenium/4.1.2 (java windows)
Cache-Control: no-cache
Content-Type: application/json; charset=utf-8
host: localhost:55196
accept: */*

Response DefaultHttpResponse(decodeResult: success, version: HTTP/1.1)
HTTP/1.1 200 OK
Content-Type: application/json; charset=utf-8
cache-control: no-cache
content-length: 15

10:39:11.630 [AsyncHttpClient-1-2] DEBUG org.asynchttpclient.netty.channel.ChannelManager - Adding key: http://localhost:55196 for channel [id: 0x87d77a6c, L:/127.0.0.1:56906 - R:localhost/127.0.0.1:55196]
10:39:11.637 [Forwarding findElement on session 9816caeb41d32f13e879297b5f87a1dd to remote] DEBUG org.asynchttpclient.netty.request.NettyRequestSender - Using pooled Channel '[id: 0x87d77a6c, L:/127.0.0.1:56906 - R:localhost/127.0.0.1:55196]' for 'POST' to 'http://localhost:55196/session/9816caeb41d32f13e879297b5f87a1dd/element'
10:39:11.638 [Forwarding findElement on session 9816caeb41d32f13e879297b5f87a1dd to remote] DEBUG org.asynchttpclient.netty.request.NettyRequestSender - Using open Channel [id: 0x87d77a6c, L:/127.0.0.1:56906 - R:localhost/127.0.0.1:55196] for POST '/session/9816caeb41d32f13e879297b5f87a1dd/element'
10:39:11.652 [AsyncHttpClient-1-2] DEBUG org.asynchttpclient.netty.handler.HttpHandler - 

Request DefaultHttpRequest(decodeResult: success, version: HTTP/1.1)
POST /session/9816caeb41d32f13e879297b5f87a1dd/element HTTP/1.1
User-Agent: selenium/4.1.2 (java windows)
Content-Length: 84
Content-Type: application/json; charset=utf-8
host: localhost:55196
accept: */*

Response DefaultHttpResponse(decodeResult: success, version: HTTP/1.1)
HTTP/1.1 200 OK
Content-Type: application/json; charset=utf-8
cache-control: no-cache
content-length: 88

10:39:11.652 [AsyncHttpClient-1-2] DEBUG org.asynchttpclient.netty.channel.ChannelManager - Adding key: http://localhost:55196 for channel [id: 0x87d77a6c, L:/127.0.0.1:56906 - R:localhost/127.0.0.1:55196]
10:39:11.655 [Forwarding clickElement on session 9816caeb41d32f13e879297b5f87a1dd to remote] DEBUG org.asynchttpclient.netty.request.NettyRequestSender - Using pooled Channel '[id: 0x87d77a6c, L:/127.0.0.1:56906 - R:localhost/127.0.0.1:55196]' for 'POST' to 'http://localhost:55196/session/9816caeb41d32f13e879297b5f87a1dd/element/a258f3c5-04ea-4e5f-98db-2afb27abf1cf/click'
10:39:11.656 [Forwarding clickElement on session 9816caeb41d32f13e879297b5f87a1dd to remote] DEBUG org.asynchttpclient.netty.request.NettyRequestSender - Using open Channel [id: 0x87d77a6c, L:/127.0.0.1:56906 - R:localhost/127.0.0.1:55196] for POST '/session/9816caeb41d32f13e879297b5f87a1dd/element/a258f3c5-04ea-4e5f-98db-2afb27abf1cf/click'
10:39:11.964 [AsyncHttpClient-1-1] DEBUG org.asynchttpclient.netty.channel.DefaultChannelPool - Entry count for : http://localhost:56916 : 1
10:39:13.066 [AsyncHttpClient-1-1] DEBUG org.asynchttpclient.netty.channel.DefaultChannelPool - Entry count for : http://localhost:56916 : 1
10:39:14.164 [AsyncHttpClient-1-1] DEBUG org.asynchttpclient.netty.channel.DefaultChannelPool - Entry count for : http://localhost:56916 : 1
10:39:15.188 [AsyncHttpClient-1-2] DEBUG org.asynchttpclient.netty.handler.HttpHandler - 

Request DefaultHttpRequest(decodeResult: success, version: HTTP/1.1)
POST /session/9816caeb41d32f13e879297b5f87a1dd/element/a258f3c5-04ea-4e5f-98db-2afb27abf1cf/click HTTP/1.1
User-Agent: selenium/4.1.2 (java windows)
Content-Length: 50
Content-Type: application/json; charset=utf-8
host: localhost:55196
accept: */*

Response DefaultHttpResponse(decodeResult: success, version: HTTP/1.1)
HTTP/1.1 200 OK
Content-Type: application/json; charset=utf-8
cache-control: no-cache
content-length: 14

10:39:15.189 [AsyncHttpClient-1-2] DEBUG org.asynchttpclient.netty.channel.ChannelManager - Adding key: http://localhost:55196 for channel [id: 0x87d77a6c, L:/127.0.0.1:56906 - R:localhost/127.0.0.1:55196]
10:39:15.214 [Forwarding screenshot on session 9816caeb41d32f13e879297b5f87a1dd to remote] DEBUG org.asynchttpclient.netty.request.NettyRequestSender - Using pooled Channel '[id: 0x87d77a6c, L:/127.0.0.1:56906 - R:localhost/127.0.0.1:55196]' for 'GET' to 'http://localhost:55196/session/9816caeb41d32f13e879297b5f87a1dd/screenshot'
10:39:15.215 [Forwarding screenshot on session 9816caeb41d32f13e879297b5f87a1dd to remote] DEBUG org.asynchttpclient.netty.request.NettyRequestSender - Using open Channel [id: 0x87d77a6c, L:/127.0.0.1:56906 - R:localhost/127.0.0.1:55196] for GET '/session/9816caeb41d32f13e879297b5f87a1dd/screenshot'
10:39:15.264 [AsyncHttpClient-1-1] DEBUG org.asynchttpclient.netty.channel.DefaultChannelPool - Entry count for : http://localhost:56916 : 1
10:39:15.746 [AsyncHttpClient-1-2] DEBUG org.asynchttpclient.netty.handler.HttpHandler - 

Request DefaultFullHttpRequest(decodeResult: success, version: HTTP/1.1, content: EmptyByteBufBE)
GET /session/9816caeb41d32f13e879297b5f87a1dd/screenshot HTTP/1.1
User-Agent: selenium/4.1.2 (java windows)
Cache-Control: no-cache
Content-Type: application/json; charset=utf-8
host: localhost:55196
accept: */*

Response DefaultHttpResponse(decodeResult: success, version: HTTP/1.1)
HTTP/1.1 200 OK
Content-Type: application/json; charset=utf-8
cache-control: no-cache
content-length: 77864

10:39:15.747 [AsyncHttpClient-1-2] DEBUG org.asynchttpclient.netty.channel.ChannelManager - Adding key: http://localhost:55196 for channel [id: 0x87d77a6c, L:/127.0.0.1:56906 - R:localhost/127.0.0.1:55196]
10:39:15.752 [main] DEBUG net.serenitybdd.core.photography.Darkroom - Send negative for processing for target\site\serenity\1f121c84ac5ed486a34b6564ef548c7a63c0810ba65b369a172b58667ec6d336.png
10:39:15.753 [main] DEBUG net.thucydides.core.steps.StepInterceptor - STEP DONE: clickMenuAppointmentButton
10:39:15.753 [Darkroom Processing Line] DEBUG net.serenitybdd.core.photography.DarkroomProcessingLine - Processing screenshot image in /var/screenshots/screenshot-14331762752129750929
10:39:15.753 [Darkroom Processing Line] DEBUG net.serenitybdd.core.photography.DarkroomProcessingLine - Saving screenshot to target\site\serenity\1f121c84ac5ed486a34b6564ef548c7a63c0810ba65b369a172b58667ec6d336.png
  &amp#27;[32mAnd &amp#27;[0m&amp#27;[32mI click menu Appointment&amp#27;[0m                                    &amp#27;[90m# starter.stepdefinitions.AppointmentSteps.iClickMenuAppointment()&amp#27;[0m
10:39:15.781 [main] DEBUG net.thucydides.core.steps.StepInterceptor - STARTING STEP: AppointmentSteps.iClickAddNewAppointment - clickAddNewAppointmentButton
10:39:15.787 [Forwarding findElement on session 9816caeb41d32f13e879297b5f87a1dd to remote] DEBUG org.asynchttpclient.netty.request.NettyRequestSender - Using pooled Channel '[id: 0x87d77a6c, L:/127.0.0.1:56906 - R:localhost/127.0.0.1:55196]' for 'POST' to 'http://localhost:55196/session/9816caeb41d32f13e879297b5f87a1dd/element'
10:39:15.788 [Forwarding findElement on session 9816caeb41d32f13e879297b5f87a1dd to remote] DEBUG org.asynchttpclient.netty.request.NettyRequestSender - Using open Channel [id: 0x87d77a6c, L:/127.0.0.1:56906 - R:localhost/127.0.0.1:55196] for POST '/session/9816caeb41d32f13e879297b5f87a1dd/element'
10:39:15.804 [AsyncHttpClient-1-2] DEBUG org.asynchttpclient.netty.handler.HttpHandler - 

Request DefaultHttpRequest(decodeResult: success, version: HTTP/1.1)
POST /session/9816caeb41d32f13e879297b5f87a1dd/element HTTP/1.1
User-Agent: selenium/4.1.2 (java windows)
Content-Length: 149
Content-Type: application/json; charset=utf-8
host: localhost:55196
accept: */*

Response DefaultHttpResponse(decodeResult: success, version: HTTP/1.1)
HTTP/1.1 200 OK
Content-Type: application/json; charset=utf-8
cache-control: no-cache
content-length: 88

10:39:15.804 [AsyncHttpClient-1-2] DEBUG org.asynchttpclient.netty.channel.ChannelManager - Adding key: http://localhost:55196 for channel [id: 0x87d77a6c, L:/127.0.0.1:56906 - R:localhost/127.0.0.1:55196]
10:39:15.807 [Forwarding getElementTagName on session 9816caeb41d32f13e879297b5f87a1dd to remote] DEBUG org.asynchttpclient.netty.request.NettyRequestSender - Using pooled Channel '[id: 0x87d77a6c, L:/127.0.0.1:56906 - R:localhost/127.0.0.1:55196]' for 'GET' to 'http://localhost:55196/session/9816caeb41d32f13e879297b5f87a1dd/element/ef0ff16f-7686-462f-905f-dc151d5149b1/name'
10:39:15.807 [Forwarding getElementTagName on session 9816caeb41d32f13e879297b5f87a1dd to remote] DEBUG org.asynchttpclient.netty.request.NettyRequestSender - Using open Channel [id: 0x87d77a6c, L:/127.0.0.1:56906 - R:localhost/127.0.0.1:55196] for GET '/session/9816caeb41d32f13e879297b5f87a1dd/element/ef0ff16f-7686-462f-905f-dc151d5149b1/name'
10:39:15.813 [AsyncHttpClient-1-2] DEBUG org.asynchttpclient.netty.handler.HttpHandler - 

Request DefaultFullHttpRequest(decodeResult: success, version: HTTP/1.1, content: EmptyByteBufBE)
GET /session/9816caeb41d32f13e879297b5f87a1dd/element/ef0ff16f-7686-462f-905f-dc151d5149b1/name HTTP/1.1
User-Agent: selenium/4.1.2 (java windows)
Cache-Control: no-cache
Content-Type: application/json; charset=utf-8
host: localhost:55196
accept: */*

Response DefaultHttpResponse(decodeResult: success, version: HTTP/1.1)
HTTP/1.1 200 OK
Content-Type: application/json; charset=utf-8
cache-control: no-cache
content-length: 18

10:39:15.813 [AsyncHttpClient-1-2] DEBUG org.asynchttpclient.netty.channel.ChannelManager - Adding key: http://localhost:55196 for channel [id: 0x87d77a6c, L:/127.0.0.1:56906 - R:localhost/127.0.0.1:55196]
10:39:15.816 [Forwarding getElementTagName on session 9816caeb41d32f13e879297b5f87a1dd to remote] DEBUG org.asynchttpclient.netty.request.NettyRequestSender - Using pooled Channel '[id: 0x87d77a6c, L:/127.0.0.1:56906 - R:localhost/127.0.0.1:55196]' for 'GET' to 'http://localhost:55196/session/9816caeb41d32f13e879297b5f87a1dd/element/ef0ff16f-7686-462f-905f-dc151d5149b1/name'
10:39:15.816 [Forwarding getElementTagName on session 9816caeb41d32f13e879297b5f87a1dd to remote] DEBUG org.asynchttpclient.netty.request.NettyRequestSender - Using open Channel [id: 0x87d77a6c, L:/127.0.0.1:56906 - R:localhost/127.0.0.1:55196] for GET '/session/9816caeb41d32f13e879297b5f87a1dd/element/ef0ff16f-7686-462f-905f-dc151d5149b1/name'
10:39:15.820 [AsyncHttpClient-1-2] DEBUG org.asynchttpclient.netty.handler.HttpHandler - 

Request DefaultFullHttpRequest(decodeResult: success, version: HTTP/1.1, content: EmptyByteBufBE)
GET /session/9816caeb41d32f13e879297b5f87a1dd/element/ef0ff16f-7686-462f-905f-dc151d5149b1/name HTTP/1.1
User-Agent: selenium/4.1.2 (java windows)
Cache-Control: no-cache
Content-Type: application/json; charset=utf-8
host: localhost:55196
accept: */*

Response DefaultHttpResponse(decodeResult: success, version: HTTP/1.1)
HTTP/1.1 200 OK
Content-Type: application/json; charset=utf-8
cache-control: no-cache
content-length: 18

10:39:15.821 [AsyncHttpClient-1-2] DEBUG org.asynchttpclient.netty.channel.ChannelManager - Adding key: http://localhost:55196 for channel [id: 0x87d77a6c, L:/127.0.0.1:56906 - R:localhost/127.0.0.1:55196]
10:39:15.828 [Forwarding isElementEnabled on session 9816caeb41d32f13e879297b5f87a1dd to remote] DEBUG org.asynchttpclient.netty.request.NettyRequestSender - Using pooled Channel '[id: 0x87d77a6c, L:/127.0.0.1:56906 - R:localhost/127.0.0.1:55196]' for 'GET' to 'http://localhost:55196/session/9816caeb41d32f13e879297b5f87a1dd/element/ef0ff16f-7686-462f-905f-dc151d5149b1/enabled'
10:39:15.829 [Forwarding isElementEnabled on session 9816caeb41d32f13e879297b5f87a1dd to remote] DEBUG org.asynchttpclient.netty.request.NettyRequestSender - Using open Channel [id: 0x87d77a6c, L:/127.0.0.1:56906 - R:localhost/127.0.0.1:55196] for GET '/session/9816caeb41d32f13e879297b5f87a1dd/element/ef0ff16f-7686-462f-905f-dc151d5149b1/enabled'
10:39:16.366 [AsyncHttpClient-1-1] DEBUG org.asynchttpclient.netty.channel.DefaultChannelPool - Entry count for : http://localhost:56916 : 1
10:39:16.439 [AsyncHttpClient-1-2] DEBUG org.asynchttpclient.netty.handler.HttpHandler - 

Request DefaultFullHttpRequest(decodeResult: success, version: HTTP/1.1, content: EmptyByteBufBE)
GET /session/9816caeb41d32f13e879297b5f87a1dd/element/ef0ff16f-7686-462f-905f-dc151d5149b1/enabled HTTP/1.1
User-Agent: selenium/4.1.2 (java windows)
Cache-Control: no-cache
Content-Type: application/json; charset=utf-8
host: localhost:55196
accept: */*

Response DefaultHttpResponse(decodeResult: success, version: HTTP/1.1)
HTTP/1.1 200 OK
Content-Type: application/json; charset=utf-8
cache-control: no-cache
content-length: 14

10:39:16.440 [AsyncHttpClient-1-2] DEBUG org.asynchttpclient.netty.channel.ChannelManager - Adding key: http://localhost:55196 for channel [id: 0x87d77a6c, L:/127.0.0.1:56906 - R:localhost/127.0.0.1:55196]
10:39:16.451 [Forwarding isElementEnabled on session 9816caeb41d32f13e879297b5f87a1dd to remote] DEBUG org.asynchttpclient.netty.request.NettyRequestSender - Using pooled Channel '[id: 0x87d77a6c, L:/127.0.0.1:56906 - R:localhost/127.0.0.1:55196]' for 'GET' to 'http://localhost:55196/session/9816caeb41d32f13e879297b5f87a1dd/element/ef0ff16f-7686-462f-905f-dc151d5149b1/enabled'
10:39:16.452 [Forwarding isElementEnabled on session 9816caeb41d32f13e879297b5f87a1dd to remote] DEBUG org.asynchttpclient.netty.request.NettyRequestSender - Using open Channel [id: 0x87d77a6c, L:/127.0.0.1:56906 - R:localhost/127.0.0.1:55196] for GET '/session/9816caeb41d32f13e879297b5f87a1dd/element/ef0ff16f-7686-462f-905f-dc151d5149b1/enabled'
10:39:16.468 [AsyncHttpClient-1-2] DEBUG org.asynchttpclient.netty.handler.HttpHandler - 

Request DefaultFullHttpRequest(decodeResult: success, version: HTTP/1.1, content: EmptyByteBufBE)
GET /session/9816caeb41d32f13e879297b5f87a1dd/element/ef0ff16f-7686-462f-905f-dc151d5149b1/enabled HTTP/1.1
User-Agent: selenium/4.1.2 (java windows)
Cache-Control: no-cache
Content-Type: application/json; charset=utf-8
host: localhost:55196
accept: */*

Response DefaultHttpResponse(decodeResult: success, version: HTTP/1.1)
HTTP/1.1 200 OK
Content-Type: application/json; charset=utf-8
cache-control: no-cache
content-length: 14

10:39:16.468 [AsyncHttpClient-1-2] DEBUG org.asynchttpclient.netty.channel.ChannelManager - Adding key: http://localhost:55196 for channel [id: 0x87d77a6c, L:/127.0.0.1:56906 - R:localhost/127.0.0.1:55196]
10:39:16.474 [Forwarding findElement on session 9816caeb41d32f13e879297b5f87a1dd to remote] DEBUG org.asynchttpclient.netty.request.NettyRequestSender - Using pooled Channel '[id: 0x87d77a6c, L:/127.0.0.1:56906 - R:localhost/127.0.0.1:55196]' for 'POST' to 'http://localhost:55196/session/9816caeb41d32f13e879297b5f87a1dd/element'
10:39:16.474 [Forwarding findElement on session 9816caeb41d32f13e879297b5f87a1dd to remote] DEBUG org.asynchttpclient.netty.request.NettyRequestSender - Using open Channel [id: 0x87d77a6c, L:/127.0.0.1:56906 - R:localhost/127.0.0.1:55196] for POST '/session/9816caeb41d32f13e879297b5f87a1dd/element'
10:39:16.487 [AsyncHttpClient-1-2] DEBUG org.asynchttpclient.netty.handler.HttpHandler - 

Request DefaultHttpRequest(decodeResult: success, version: HTTP/1.1)
POST /session/9816caeb41d32f13e879297b5f87a1dd/element HTTP/1.1
User-Agent: selenium/4.1.2 (java windows)
Content-Length: 149
Content-Type: application/json; charset=utf-8
host: localhost:55196
accept: */*

Response DefaultHttpResponse(decodeResult: success, version: HTTP/1.1)
HTTP/1.1 200 OK
Content-Type: application/json; charset=utf-8
cache-control: no-cache
content-length: 88

10:39:16.487 [AsyncHttpClient-1-2] DEBUG org.asynchttpclient.netty.channel.ChannelManager - Adding key: http://localhost:55196 for channel [id: 0x87d77a6c, L:/127.0.0.1:56906 - R:localhost/127.0.0.1:55196]
10:39:16.490 [Forwarding clickElement on session 9816caeb41d32f13e879297b5f87a1dd to remote] DEBUG org.asynchttpclient.netty.request.NettyRequestSender - Using pooled Channel '[id: 0x87d77a6c, L:/127.0.0.1:56906 - R:localhost/127.0.0.1:55196]' for 'POST' to 'http://localhost:55196/session/9816caeb41d32f13e879297b5f87a1dd/element/ef0ff16f-7686-462f-905f-dc151d5149b1/click'
10:39:16.491 [Forwarding clickElement on session 9816caeb41d32f13e879297b5f87a1dd to remote] DEBUG org.asynchttpclient.netty.request.NettyRequestSender - Using open Channel [id: 0x87d77a6c, L:/127.0.0.1:56906 - R:localhost/127.0.0.1:55196] for POST '/session/9816caeb41d32f13e879297b5f87a1dd/element/ef0ff16f-7686-462f-905f-dc151d5149b1/click'
10:39:17.464 [AsyncHttpClient-1-1] DEBUG org.asynchttpclient.netty.channel.DefaultChannelPool - Entry count for : http://localhost:56916 : 1
10:39:18.564 [AsyncHttpClient-1-1] DEBUG org.asynchttpclient.netty.channel.DefaultChannelPool - Entry count for : http://localhost:56916 : 1
10:39:18.867 [AsyncHttpClient-1-2] DEBUG org.asynchttpclient.netty.handler.HttpHandler - 

Request DefaultHttpRequest(decodeResult: success, version: HTTP/1.1)
POST /session/9816caeb41d32f13e879297b5f87a1dd/element/ef0ff16f-7686-462f-905f-dc151d5149b1/click HTTP/1.1
User-Agent: selenium/4.1.2 (java windows)
Content-Length: 50
Content-Type: application/json; charset=utf-8
host: localhost:55196
accept: */*

Response DefaultHttpResponse(decodeResult: success, version: HTTP/1.1)
HTTP/1.1 200 OK
Content-Type: application/json; charset=utf-8
cache-control: no-cache
content-length: 14

10:39:18.868 [AsyncHttpClient-1-2] DEBUG org.asynchttpclient.netty.channel.ChannelManager - Adding key: http://localhost:55196 for channel [id: 0x87d77a6c, L:/127.0.0.1:56906 - R:localhost/127.0.0.1:55196]
10:39:18.882 [Forwarding screenshot on session 9816caeb41d32f13e879297b5f87a1dd to remote] DEBUG org.asynchttpclient.netty.request.NettyRequestSender - Using pooled Channel '[id: 0x87d77a6c, L:/127.0.0.1:56906 - R:localhost/127.0.0.1:55196]' for 'GET' to 'http://localhost:55196/session/9816caeb41d32f13e879297b5f87a1dd/screenshot'
10:39:18.882 [Forwarding screenshot on session 9816caeb41d32f13e879297b5f87a1dd to remote] DEBUG org.asynchttpclient.netty.request.NettyRequestSender - Using open Channel [id: 0x87d77a6c, L:/127.0.0.1:56906 - R:localhost/127.0.0.1:55196] for GET '/session/9816caeb41d32f13e879297b5f87a1dd/screenshot'
10:39:19.030 [AsyncHttpClient-1-2] DEBUG org.asynchttpclient.netty.handler.HttpHandler - 

Request DefaultFullHttpRequest(decodeResult: success, version: HTTP/1.1, content: EmptyByteBufBE)
GET /session/9816caeb41d32f13e879297b5f87a1dd/screenshot HTTP/1.1
User-Agent: selenium/4.1.2 (java windows)
Cache-Control: no-cache
Content-Type: application/json; charset=utf-8
host: localhost:55196
accept: */*

Response DefaultHttpResponse(decodeResult: success, version: HTTP/1.1)
HTTP/1.1 200 OK
Content-Type: application/json; charset=utf-8
cache-control: no-cache
content-length: 90720

10:39:19.032 [AsyncHttpClient-1-2] DEBUG org.asynchttpclient.netty.channel.ChannelManager - Adding key: http://localhost:55196 for channel [id: 0x87d77a6c, L:/127.0.0.1:56906 - R:localhost/127.0.0.1:55196]
10:39:19.038 [main] DEBUG net.serenitybdd.core.photography.Darkroom - Send negative for processing for target\site\serenity\79afd21c9b2110a8bea404b8dd028d09479b05a442d7d814a0fd51a1e533bec8.png
10:39:19.039 [main] DEBUG net.thucydides.core.steps.StepInterceptor - STEP DONE: clickAddNewAppointmentButton
10:39:19.039 [Darkroom Processing Line] DEBUG net.serenitybdd.core.photography.DarkroomProcessingLine - Processing screenshot image in /var/screenshots/screenshot-14916516966247448212
10:39:19.039 [Darkroom Processing Line] DEBUG net.serenitybdd.core.photography.DarkroomProcessingLine - Saving screenshot to target\site\serenity\79afd21c9b2110a8bea404b8dd028d09479b05a442d7d814a0fd51a1e533bec8.png
  &amp#27;[32mWhen &amp#27;[0m&amp#27;[32mI click Add New Appointment&amp#27;[0m                                &amp#27;[90m# starter.stepdefinitions.AppointmentSteps.iClickAddNewAppointment()&amp#27;[0m
10:39:19.066 [main] DEBUG net.thucydides.core.steps.StepInterceptor - STARTING STEP: AppointmentSteps.iClickYesButton - clickYesButton
10:39:19.074 [Forwarding findElement on session 9816caeb41d32f13e879297b5f87a1dd to remote] DEBUG org.asynchttpclient.netty.request.NettyRequestSender - Using pooled Channel '[id: 0x87d77a6c, L:/127.0.0.1:56906 - R:localhost/127.0.0.1:55196]' for 'POST' to 'http://localhost:55196/session/9816caeb41d32f13e879297b5f87a1dd/element'
10:39:19.074 [Forwarding findElement on session 9816caeb41d32f13e879297b5f87a1dd to remote] DEBUG org.asynchttpclient.netty.request.NettyRequestSender - Using open Channel [id: 0x87d77a6c, L:/127.0.0.1:56906 - R:localhost/127.0.0.1:55196] for POST '/session/9816caeb41d32f13e879297b5f87a1dd/element'
10:39:19.091 [AsyncHttpClient-1-2] DEBUG org.asynchttpclient.netty.handler.HttpHandler - 

Request DefaultHttpRequest(decodeResult: success, version: HTTP/1.1)
POST /session/9816caeb41d32f13e879297b5f87a1dd/element HTTP/1.1
User-Agent: selenium/4.1.2 (java windows)
Content-Length: 104
Content-Type: application/json; charset=utf-8
host: localhost:55196
accept: */*

Response DefaultHttpResponse(decodeResult: success, version: HTTP/1.1)
HTTP/1.1 200 OK
Content-Type: application/json; charset=utf-8
cache-control: no-cache
content-length: 88

10:39:19.091 [AsyncHttpClient-1-2] DEBUG org.asynchttpclient.netty.channel.ChannelManager - Adding key: http://localhost:55196 for channel [id: 0x87d77a6c, L:/127.0.0.1:56906 - R:localhost/127.0.0.1:55196]
10:39:19.095 [Forwarding getElementTagName on session 9816caeb41d32f13e879297b5f87a1dd to remote] DEBUG org.asynchttpclient.netty.request.NettyRequestSender - Using pooled Channel '[id: 0x87d77a6c, L:/127.0.0.1:56906 - R:localhost/127.0.0.1:55196]' for 'GET' to 'http://localhost:55196/session/9816caeb41d32f13e879297b5f87a1dd/element/9d116486-1738-4cd5-a801-7cecf4b5f8a6/name'
10:39:19.095 [Forwarding getElementTagName on session 9816caeb41d32f13e879297b5f87a1dd to remote] DEBUG org.asynchttpclient.netty.request.NettyRequestSender - Using open Channel [id: 0x87d77a6c, L:/127.0.0.1:56906 - R:localhost/127.0.0.1:55196] for GET '/session/9816caeb41d32f13e879297b5f87a1dd/element/9d116486-1738-4cd5-a801-7cecf4b5f8a6/name'
10:39:19.101 [AsyncHttpClient-1-2] DEBUG org.asynchttpclient.netty.handler.HttpHandler - 

Request DefaultFullHttpRequest(decodeResult: success, version: HTTP/1.1, content: EmptyByteBufBE)
GET /session/9816caeb41d32f13e879297b5f87a1dd/element/9d116486-1738-4cd5-a801-7cecf4b5f8a6/name HTTP/1.1
User-Agent: selenium/4.1.2 (java windows)
Cache-Control: no-cache
Content-Type: application/json; charset=utf-8
host: localhost:55196
accept: */*

Response DefaultHttpResponse(decodeResult: success, version: HTTP/1.1)
HTTP/1.1 200 OK
Content-Type: application/json; charset=utf-8
cache-control: no-cache
content-length: 18

10:39:19.101 [AsyncHttpClient-1-2] DEBUG org.asynchttpclient.netty.channel.ChannelManager - Adding key: http://localhost:55196 for channel [id: 0x87d77a6c, L:/127.0.0.1:56906 - R:localhost/127.0.0.1:55196]
10:39:19.104 [Forwarding getElementTagName on session 9816caeb41d32f13e879297b5f87a1dd to remote] DEBUG org.asynchttpclient.netty.request.NettyRequestSender - Using pooled Channel '[id: 0x87d77a6c, L:/127.0.0.1:56906 - R:localhost/127.0.0.1:55196]' for 'GET' to 'http://localhost:55196/session/9816caeb41d32f13e879297b5f87a1dd/element/9d116486-1738-4cd5-a801-7cecf4b5f8a6/name'
10:39:19.104 [Forwarding getElementTagName on session 9816caeb41d32f13e879297b5f87a1dd to remote] DEBUG org.asynchttpclient.netty.request.NettyRequestSender - Using open Channel [id: 0x87d77a6c, L:/127.0.0.1:56906 - R:localhost/127.0.0.1:55196] for GET '/session/9816caeb41d32f13e879297b5f87a1dd/element/9d116486-1738-4cd5-a801-7cecf4b5f8a6/name'
10:39:19.108 [AsyncHttpClient-1-2] DEBUG org.asynchttpclient.netty.handler.HttpHandler - 

Request DefaultFullHttpRequest(decodeResult: success, version: HTTP/1.1, content: EmptyByteBufBE)
GET /session/9816caeb41d32f13e879297b5f87a1dd/element/9d116486-1738-4cd5-a801-7cecf4b5f8a6/name HTTP/1.1
User-Agent: selenium/4.1.2 (java windows)
Cache-Control: no-cache
Content-Type: application/json; charset=utf-8
host: localhost:55196
accept: */*

Response DefaultHttpResponse(decodeResult: success, version: HTTP/1.1)
HTTP/1.1 200 OK
Content-Type: application/json; charset=utf-8
cache-control: no-cache
content-length: 18

10:39:19.108 [AsyncHttpClient-1-2] DEBUG org.asynchttpclient.netty.channel.ChannelManager - Adding key: http://localhost:55196 for channel [id: 0x87d77a6c, L:/127.0.0.1:56906 - R:localhost/127.0.0.1:55196]
10:39:19.113 [Forwarding isElementEnabled on session 9816caeb41d32f13e879297b5f87a1dd to remote] DEBUG org.asynchttpclient.netty.request.NettyRequestSender - Using pooled Channel '[id: 0x87d77a6c, L:/127.0.0.1:56906 - R:localhost/127.0.0.1:55196]' for 'GET' to 'http://localhost:55196/session/9816caeb41d32f13e879297b5f87a1dd/element/9d116486-1738-4cd5-a801-7cecf4b5f8a6/enabled'
10:39:19.113 [Forwarding isElementEnabled on session 9816caeb41d32f13e879297b5f87a1dd to remote] DEBUG org.asynchttpclient.netty.request.NettyRequestSender - Using open Channel [id: 0x87d77a6c, L:/127.0.0.1:56906 - R:localhost/127.0.0.1:55196] for GET '/session/9816caeb41d32f13e879297b5f87a1dd/element/9d116486-1738-4cd5-a801-7cecf4b5f8a6/enabled'
10:39:19.123 [AsyncHttpClient-1-2] DEBUG org.asynchttpclient.netty.handler.HttpHandler - 

Request DefaultFullHttpRequest(decodeResult: success, version: HTTP/1.1, content: EmptyByteBufBE)
GET /session/9816caeb41d32f13e879297b5f87a1dd/element/9d116486-1738-4cd5-a801-7cecf4b5f8a6/enabled HTTP/1.1
User-Agent: selenium/4.1.2 (java windows)
Cache-Control: no-cache
Content-Type: application/json; charset=utf-8
host: localhost:55196
accept: */*

Response DefaultHttpResponse(decodeResult: success, version: HTTP/1.1)
HTTP/1.1 200 OK
Content-Type: application/json; charset=utf-8
cache-control: no-cache
content-length: 14

10:39:19.124 [AsyncHttpClient-1-2] DEBUG org.asynchttpclient.netty.channel.ChannelManager - Adding key: http://localhost:55196 for channel [id: 0x87d77a6c, L:/127.0.0.1:56906 - R:localhost/127.0.0.1:55196]
10:39:19.126 [Forwarding isElementEnabled on session 9816caeb41d32f13e879297b5f87a1dd to remote] DEBUG org.asynchttpclient.netty.request.NettyRequestSender - Using pooled Channel '[id: 0x87d77a6c, L:/127.0.0.1:56906 - R:localhost/127.0.0.1:55196]' for 'GET' to 'http://localhost:55196/session/9816caeb41d32f13e879297b5f87a1dd/element/9d116486-1738-4cd5-a801-7cecf4b5f8a6/enabled'
10:39:19.126 [Forwarding isElementEnabled on session 9816caeb41d32f13e879297b5f87a1dd to remote] DEBUG org.asynchttpclient.netty.request.NettyRequestSender - Using open Channel [id: 0x87d77a6c, L:/127.0.0.1:56906 - R:localhost/127.0.0.1:55196] for GET '/session/9816caeb41d32f13e879297b5f87a1dd/element/9d116486-1738-4cd5-a801-7cecf4b5f8a6/enabled'
10:39:19.133 [AsyncHttpClient-1-2] DEBUG org.asynchttpclient.netty.handler.HttpHandler - 

Request DefaultFullHttpRequest(decodeResult: success, version: HTTP/1.1, content: EmptyByteBufBE)
GET /session/9816caeb41d32f13e879297b5f87a1dd/element/9d116486-1738-4cd5-a801-7cecf4b5f8a6/enabled HTTP/1.1
User-Agent: selenium/4.1.2 (java windows)
Cache-Control: no-cache
Content-Type: application/json; charset=utf-8
host: localhost:55196
accept: */*

Response DefaultHttpResponse(decodeResult: success, version: HTTP/1.1)
HTTP/1.1 200 OK
Content-Type: application/json; charset=utf-8
cache-control: no-cache
content-length: 14

10:39:19.134 [AsyncHttpClient-1-2] DEBUG org.asynchttpclient.netty.channel.ChannelManager - Adding key: http://localhost:55196 for channel [id: 0x87d77a6c, L:/127.0.0.1:56906 - R:localhost/127.0.0.1:55196]
10:39:19.137 [Forwarding findElement on session 9816caeb41d32f13e879297b5f87a1dd to remote] DEBUG org.asynchttpclient.netty.request.NettyRequestSender - Using pooled Channel '[id: 0x87d77a6c, L:/127.0.0.1:56906 - R:localhost/127.0.0.1:55196]' for 'POST' to 'http://localhost:55196/session/9816caeb41d32f13e879297b5f87a1dd/element'
10:39:19.138 [Forwarding findElement on session 9816caeb41d32f13e879297b5f87a1dd to remote] DEBUG org.asynchttpclient.netty.request.NettyRequestSender - Using open Channel [id: 0x87d77a6c, L:/127.0.0.1:56906 - R:localhost/127.0.0.1:55196] for POST '/session/9816caeb41d32f13e879297b5f87a1dd/element'
10:39:19.147 [AsyncHttpClient-1-2] DEBUG org.asynchttpclient.netty.handler.HttpHandler - 

Request DefaultHttpRequest(decodeResult: success, version: HTTP/1.1)
POST /session/9816caeb41d32f13e879297b5f87a1dd/element HTTP/1.1
User-Agent: selenium/4.1.2 (java windows)
Content-Length: 104
Content-Type: application/json; charset=utf-8
host: localhost:55196
accept: */*

Response DefaultHttpResponse(decodeResult: success, version: HTTP/1.1)
HTTP/1.1 200 OK
Content-Type: application/json; charset=utf-8
cache-control: no-cache
content-length: 88

10:39:19.147 [AsyncHttpClient-1-2] DEBUG org.asynchttpclient.netty.channel.ChannelManager - Adding key: http://localhost:55196 for channel [id: 0x87d77a6c, L:/127.0.0.1:56906 - R:localhost/127.0.0.1:55196]
10:39:19.150 [Forwarding clickElement on session 9816caeb41d32f13e879297b5f87a1dd to remote] DEBUG org.asynchttpclient.netty.request.NettyRequestSender - Using pooled Channel '[id: 0x87d77a6c, L:/127.0.0.1:56906 - R:localhost/127.0.0.1:55196]' for 'POST' to 'http://localhost:55196/session/9816caeb41d32f13e879297b5f87a1dd/element/9d116486-1738-4cd5-a801-7cecf4b5f8a6/click'
10:39:19.150 [Forwarding clickElement on session 9816caeb41d32f13e879297b5f87a1dd to remote] DEBUG org.asynchttpclient.netty.request.NettyRequestSender - Using open Channel [id: 0x87d77a6c, L:/127.0.0.1:56906 - R:localhost/127.0.0.1:55196] for POST '/session/9816caeb41d32f13e879297b5f87a1dd/element/9d116486-1738-4cd5-a801-7cecf4b5f8a6/click'
10:39:19.665 [AsyncHttpClient-1-1] DEBUG org.asynchttpclient.netty.channel.DefaultChannelPool - Entry count for : http://localhost:56916 : 1
10:39:19.713 [AsyncHttpClient-1-2] DEBUG org.asynchttpclient.netty.handler.HttpHandler - 

Request DefaultHttpRequest(decodeResult: success, version: HTTP/1.1)
POST /session/9816caeb41d32f13e879297b5f87a1dd/element/9d116486-1738-4cd5-a801-7cecf4b5f8a6/click HTTP/1.1
User-Agent: selenium/4.1.2 (java windows)
Content-Length: 50
Content-Type: application/json; charset=utf-8
host: localhost:55196
accept: */*

Response DefaultHttpResponse(decodeResult: success, version: HTTP/1.1)
HTTP/1.1 200 OK
Content-Type: application/json; charset=utf-8
cache-control: no-cache
content-length: 14

10:39:19.714 [AsyncHttpClient-1-2] DEBUG org.asynchttpclient.netty.channel.ChannelManager - Adding key: http://localhost:55196 for channel [id: 0x87d77a6c, L:/127.0.0.1:56906 - R:localhost/127.0.0.1:55196]
10:39:19.735 [Forwarding screenshot on session 9816caeb41d32f13e879297b5f87a1dd to remote] DEBUG org.asynchttpclient.netty.request.NettyRequestSender - Using pooled Channel '[id: 0x87d77a6c, L:/127.0.0.1:56906 - R:localhost/127.0.0.1:55196]' for 'GET' to 'http://localhost:55196/session/9816caeb41d32f13e879297b5f87a1dd/screenshot'
10:39:19.735 [Forwarding screenshot on session 9816caeb41d32f13e879297b5f87a1dd to remote] DEBUG org.asynchttpclient.netty.request.NettyRequestSender - Using open Channel [id: 0x87d77a6c, L:/127.0.0.1:56906 - R:localhost/127.0.0.1:55196] for GET '/session/9816caeb41d32f13e879297b5f87a1dd/screenshot'
10:39:19.910 [AsyncHttpClient-1-2] DEBUG org.asynchttpclient.netty.handler.HttpHandler - 

Request DefaultFullHttpRequest(decodeResult: success, version: HTTP/1.1, content: EmptyByteBufBE)
GET /session/9816caeb41d32f13e879297b5f87a1dd/screenshot HTTP/1.1
User-Agent: selenium/4.1.2 (java windows)
Cache-Control: no-cache
Content-Type: application/json; charset=utf-8
host: localhost:55196
accept: */*

Response DefaultHttpResponse(decodeResult: success, version: HTTP/1.1)
HTTP/1.1 200 OK
Content-Type: application/json; charset=utf-8
cache-control: no-cache
content-length: 118476

10:39:19.912 [AsyncHttpClient-1-2] DEBUG org.asynchttpclient.netty.channel.ChannelManager - Adding key: http://localhost:55196 for channel [id: 0x87d77a6c, L:/127.0.0.1:56906 - R:localhost/127.0.0.1:55196]
10:39:19.921 [main] DEBUG net.serenitybdd.core.photography.Darkroom - Send negative for processing for target\site\serenity\9123e4c623534a08502307793dca49605f75abccbd9914934064f6ac8a10d662.png
10:39:19.922 [main] DEBUG net.thucydides.core.steps.StepInterceptor - STEP DONE: clickYesButton
10:39:19.922 [Darkroom Processing Line] DEBUG net.serenitybdd.core.photography.DarkroomProcessingLine - Processing screenshot image in /var/screenshots/screenshot-1489161127212989827
  &amp#27;[32mAnd &amp#27;[0m&amp#27;[32mI click yes button&amp#27;[0m                                          &amp#27;[90m# starter.stepdefinitions.AppointmentSteps.iClickYesButton()&amp#27;[0m
10:39:19.922 [Darkroom Processing Line] DEBUG net.serenitybdd.core.photography.DarkroomProcessingLine - Saving screenshot to target\site\serenity\9123e4c623534a08502307793dca49605f75abccbd9914934064f6ac8a10d662.png
10:39:19.964 [main] DEBUG net.thucydides.core.steps.StepInterceptor - STARTING STEP: AppointmentSteps.iInputValidDataAppointmentAndClickSubmit - inputName
10:39:19.973 [Forwarding findElement on session 9816caeb41d32f13e879297b5f87a1dd to remote] DEBUG org.asynchttpclient.netty.request.NettyRequestSender - Using pooled Channel '[id: 0x87d77a6c, L:/127.0.0.1:56906 - R:localhost/127.0.0.1:55196]' for 'POST' to 'http://localhost:55196/session/9816caeb41d32f13e879297b5f87a1dd/element'
10:39:19.973 [Forwarding findElement on session 9816caeb41d32f13e879297b5f87a1dd to remote] DEBUG org.asynchttpclient.netty.request.NettyRequestSender - Using open Channel [id: 0x87d77a6c, L:/127.0.0.1:56906 - R:localhost/127.0.0.1:55196] for POST '/session/9816caeb41d32f13e879297b5f87a1dd/element'
10:39:20.006 [AsyncHttpClient-1-2] DEBUG org.asynchttpclient.netty.handler.HttpHandler - 

Request DefaultHttpRequest(decodeResult: success, version: HTTP/1.1)
POST /session/9816caeb41d32f13e879297b5f87a1dd/element HTTP/1.1
User-Agent: selenium/4.1.2 (java windows)
Content-Length: 139
Content-Type: application/json; charset=utf-8
host: localhost:55196
accept: */*

Response DefaultHttpResponse(decodeResult: success, version: HTTP/1.1)
HTTP/1.1 200 OK
Content-Type: application/json; charset=utf-8
cache-control: no-cache
content-length: 88

10:39:20.008 [AsyncHttpClient-1-2] DEBUG org.asynchttpclient.netty.channel.ChannelManager - Adding key: http://localhost:55196 for channel [id: 0x87d77a6c, L:/127.0.0.1:56906 - R:localhost/127.0.0.1:55196]
10:39:20.012 [Forwarding clearElement on session 9816caeb41d32f13e879297b5f87a1dd to remote] DEBUG org.asynchttpclient.netty.request.NettyRequestSender - Using pooled Channel '[id: 0x87d77a6c, L:/127.0.0.1:56906 - R:localhost/127.0.0.1:55196]' for 'POST' to 'http://localhost:55196/session/9816caeb41d32f13e879297b5f87a1dd/element/6c5f561d-9098-43c5-8e33-b935e74778a6/clear'
10:39:20.012 [Forwarding clearElement on session 9816caeb41d32f13e879297b5f87a1dd to remote] DEBUG org.asynchttpclient.netty.request.NettyRequestSender - Using open Channel [id: 0x87d77a6c, L:/127.0.0.1:56906 - R:localhost/127.0.0.1:55196] for POST '/session/9816caeb41d32f13e879297b5f87a1dd/element/6c5f561d-9098-43c5-8e33-b935e74778a6/clear'
10:39:20.144 [AsyncHttpClient-1-2] DEBUG org.asynchttpclient.netty.handler.HttpHandler - 

Request DefaultHttpRequest(decodeResult: success, version: HTTP/1.1)
POST /session/9816caeb41d32f13e879297b5f87a1dd/element/6c5f561d-9098-43c5-8e33-b935e74778a6/clear HTTP/1.1
User-Agent: selenium/4.1.2 (java windows)
Content-Length: 50
Content-Type: application/json; charset=utf-8
host: localhost:55196
accept: */*

Response DefaultHttpResponse(decodeResult: success, version: HTTP/1.1)
HTTP/1.1 200 OK
Content-Type: application/json; charset=utf-8
cache-control: no-cache
content-length: 14

10:39:20.144 [AsyncHttpClient-1-2] DEBUG org.asynchttpclient.netty.channel.ChannelManager - Adding key: http://localhost:55196 for channel [id: 0x87d77a6c, L:/127.0.0.1:56906 - R:localhost/127.0.0.1:55196]
10:39:20.151 [Forwarding sendKeysToElement on session 9816caeb41d32f13e879297b5f87a1dd to remote] DEBUG org.asynchttpclient.netty.request.NettyRequestSender - Using pooled Channel '[id: 0x87d77a6c, L:/127.0.0.1:56906 - R:localhost/127.0.0.1:55196]' for 'POST' to 'http://localhost:55196/session/9816caeb41d32f13e879297b5f87a1dd/element/6c5f561d-9098-43c5-8e33-b935e74778a6/value'
10:39:20.151 [Forwarding sendKeysToElement on session 9816caeb41d32f13e879297b5f87a1dd to remote] DEBUG org.asynchttpclient.netty.request.NettyRequestSender - Using open Channel [id: 0x87d77a6c, L:/127.0.0.1:56906 - R:localhost/127.0.0.1:55196] for POST '/session/9816caeb41d32f13e879297b5f87a1dd/element/6c5f561d-9098-43c5-8e33-b935e74778a6/value'
10:39:20.765 [AsyncHttpClient-1-1] DEBUG org.asynchttpclient.netty.channel.DefaultChannelPool - Entry count for : http://localhost:56916 : 1
10:39:21.174 [AsyncHttpClient-1-2] DEBUG org.asynchttpclient.netty.handler.HttpHandler - 

Request DefaultHttpRequest(decodeResult: success, version: HTTP/1.1)
POST /session/9816caeb41d32f13e879297b5f87a1dd/element/6c5f561d-9098-43c5-8e33-b935e74778a6/value HTTP/1.1
User-Agent: selenium/4.1.2 (java windows)
Content-Length: 101
Content-Type: application/json; charset=utf-8
host: localhost:55196
accept: */*

Response DefaultHttpResponse(decodeResult: success, version: HTTP/1.1)
HTTP/1.1 200 OK
Content-Type: application/json; charset=utf-8
cache-control: no-cache
content-length: 14

10:39:21.174 [AsyncHttpClient-1-2] DEBUG org.asynchttpclient.netty.channel.ChannelManager - Adding key: http://localhost:55196 for channel [id: 0x87d77a6c, L:/127.0.0.1:56906 - R:localhost/127.0.0.1:55196]
10:39:21.205 [Forwarding screenshot on session 9816caeb41d32f13e879297b5f87a1dd to remote] DEBUG org.asynchttpclient.netty.request.NettyRequestSender - Using pooled Channel '[id: 0x87d77a6c, L:/127.0.0.1:56906 - R:localhost/127.0.0.1:55196]' for 'GET' to 'http://localhost:55196/session/9816caeb41d32f13e879297b5f87a1dd/screenshot'
10:39:21.205 [Forwarding screenshot on session 9816caeb41d32f13e879297b5f87a1dd to remote] DEBUG org.asynchttpclient.netty.request.NettyRequestSender - Using open Channel [id: 0x87d77a6c, L:/127.0.0.1:56906 - R:localhost/127.0.0.1:55196] for GET '/session/9816caeb41d32f13e879297b5f87a1dd/screenshot'
10:39:21.310 [AsyncHttpClient-1-2] DEBUG org.asynchttpclient.netty.handler.HttpHandler - 

Request DefaultFullHttpRequest(decodeResult: success, version: HTTP/1.1, content: EmptyByteBufBE)
GET /session/9816caeb41d32f13e879297b5f87a1dd/screenshot HTTP/1.1
User-Agent: selenium/4.1.2 (java windows)
Cache-Control: no-cache
Content-Type: application/json; charset=utf-8
host: localhost:55196
accept: */*

Response DefaultHttpResponse(decodeResult: success, version: HTTP/1.1)
HTTP/1.1 200 OK
Content-Type: application/json; charset=utf-8
cache-control: no-cache
content-length: 82308

10:39:21.311 [AsyncHttpClient-1-2] DEBUG org.asynchttpclient.netty.channel.ChannelManager - Adding key: http://localhost:55196 for channel [id: 0x87d77a6c, L:/127.0.0.1:56906 - R:localhost/127.0.0.1:55196]
10:39:21.317 [main] DEBUG net.serenitybdd.core.photography.Darkroom - Send negative for processing for target\site\serenity\642f5b4d3e9ce80092a76b544955d3711331c8230dfca84b1ad475a6dc20ddb6.png
10:39:21.317 [main] DEBUG net.thucydides.core.steps.StepInterceptor - STEP DONE: inputName
10:39:21.317 [Darkroom Processing Line] DEBUG net.serenitybdd.core.photography.DarkroomProcessingLine - Processing screenshot image in /var/screenshots/screenshot-16703746643996777333
10:39:21.317 [Darkroom Processing Line] DEBUG net.serenitybdd.core.photography.DarkroomProcessingLine - Saving screenshot to target\site\serenity\642f5b4d3e9ce80092a76b544955d3711331c8230dfca84b1ad475a6dc20ddb6.png
10:39:21.327 [main] DEBUG net.thucydides.core.steps.StepInterceptor - STARTING STEP: AppointmentSteps.iInputValidDataAppointmentAndClickSubmit - clickDepartmentDropdownButton
10:39:21.335 [Forwarding findElement on session 9816caeb41d32f13e879297b5f87a1dd to remote] DEBUG org.asynchttpclient.netty.request.NettyRequestSender - Using pooled Channel '[id: 0x87d77a6c, L:/127.0.0.1:56906 - R:localhost/127.0.0.1:55196]' for 'POST' to 'http://localhost:55196/session/9816caeb41d32f13e879297b5f87a1dd/element'
10:39:21.336 [Forwarding findElement on session 9816caeb41d32f13e879297b5f87a1dd to remote] DEBUG org.asynchttpclient.netty.request.NettyRequestSender - Using open Channel [id: 0x87d77a6c, L:/127.0.0.1:56906 - R:localhost/127.0.0.1:55196] for POST '/session/9816caeb41d32f13e879297b5f87a1dd/element'
10:39:21.351 [AsyncHttpClient-1-2] DEBUG org.asynchttpclient.netty.handler.HttpHandler - 

Request DefaultHttpRequest(decodeResult: success, version: HTTP/1.1)
POST /session/9816caeb41d32f13e879297b5f87a1dd/element HTTP/1.1
User-Agent: selenium/4.1.2 (java windows)
Content-Length: 82
Content-Type: application/json; charset=utf-8
host: localhost:55196
accept: */*

Response DefaultHttpResponse(decodeResult: success, version: HTTP/1.1)
HTTP/1.1 200 OK
Content-Type: application/json; charset=utf-8
cache-control: no-cache
content-length: 88

10:39:21.351 [AsyncHttpClient-1-2] DEBUG org.asynchttpclient.netty.channel.ChannelManager - Adding key: http://localhost:55196 for channel [id: 0x87d77a6c, L:/127.0.0.1:56906 - R:localhost/127.0.0.1:55196]
10:39:21.355 [Forwarding getElementTagName on session 9816caeb41d32f13e879297b5f87a1dd to remote] DEBUG org.asynchttpclient.netty.request.NettyRequestSender - Using pooled Channel '[id: 0x87d77a6c, L:/127.0.0.1:56906 - R:localhost/127.0.0.1:55196]' for 'GET' to 'http://localhost:55196/session/9816caeb41d32f13e879297b5f87a1dd/element/875ab555-7bd7-4367-93d3-05a50637085e/name'
10:39:21.355 [Forwarding getElementTagName on session 9816caeb41d32f13e879297b5f87a1dd to remote] DEBUG org.asynchttpclient.netty.request.NettyRequestSender - Using open Channel [id: 0x87d77a6c, L:/127.0.0.1:56906 - R:localhost/127.0.0.1:55196] for GET '/session/9816caeb41d32f13e879297b5f87a1dd/element/875ab555-7bd7-4367-93d3-05a50637085e/name'
10:39:21.361 [AsyncHttpClient-1-2] DEBUG org.asynchttpclient.netty.handler.HttpHandler - 

Request DefaultFullHttpRequest(decodeResult: success, version: HTTP/1.1, content: EmptyByteBufBE)
GET /session/9816caeb41d32f13e879297b5f87a1dd/element/875ab555-7bd7-4367-93d3-05a50637085e/name HTTP/1.1
User-Agent: selenium/4.1.2 (java windows)
Cache-Control: no-cache
Content-Type: application/json; charset=utf-8
host: localhost:55196
accept: */*

Response DefaultHttpResponse(decodeResult: success, version: HTTP/1.1)
HTTP/1.1 200 OK
Content-Type: application/json; charset=utf-8
cache-control: no-cache
content-length: 15

10:39:21.361 [AsyncHttpClient-1-2] DEBUG org.asynchttpclient.netty.channel.ChannelManager - Adding key: http://localhost:55196 for channel [id: 0x87d77a6c, L:/127.0.0.1:56906 - R:localhost/127.0.0.1:55196]
10:39:21.364 [Forwarding getElementTagName on session 9816caeb41d32f13e879297b5f87a1dd to remote] DEBUG org.asynchttpclient.netty.request.NettyRequestSender - Using pooled Channel '[id: 0x87d77a6c, L:/127.0.0.1:56906 - R:localhost/127.0.0.1:55196]' for 'GET' to 'http://localhost:55196/session/9816caeb41d32f13e879297b5f87a1dd/element/875ab555-7bd7-4367-93d3-05a50637085e/name'
10:39:21.364 [Forwarding getElementTagName on session 9816caeb41d32f13e879297b5f87a1dd to remote] DEBUG org.asynchttpclient.netty.request.NettyRequestSender - Using open Channel [id: 0x87d77a6c, L:/127.0.0.1:56906 - R:localhost/127.0.0.1:55196] for GET '/session/9816caeb41d32f13e879297b5f87a1dd/element/875ab555-7bd7-4367-93d3-05a50637085e/name'
10:39:21.370 [AsyncHttpClient-1-2] DEBUG org.asynchttpclient.netty.handler.HttpHandler - 

Request DefaultFullHttpRequest(decodeResult: success, version: HTTP/1.1, content: EmptyByteBufBE)
GET /session/9816caeb41d32f13e879297b5f87a1dd/element/875ab555-7bd7-4367-93d3-05a50637085e/name HTTP/1.1
User-Agent: selenium/4.1.2 (java windows)
Cache-Control: no-cache
Content-Type: application/json; charset=utf-8
host: localhost:55196
accept: */*

Response DefaultHttpResponse(decodeResult: success, version: HTTP/1.1)
HTTP/1.1 200 OK
Content-Type: application/json; charset=utf-8
cache-control: no-cache
content-length: 15

10:39:21.370 [AsyncHttpClient-1-2] DEBUG org.asynchttpclient.netty.channel.ChannelManager - Adding key: http://localhost:55196 for channel [id: 0x87d77a6c, L:/127.0.0.1:56906 - R:localhost/127.0.0.1:55196]
10:39:21.378 [Forwarding findElement on session 9816caeb41d32f13e879297b5f87a1dd to remote] DEBUG org.asynchttpclient.netty.request.NettyRequestSender - Using pooled Channel '[id: 0x87d77a6c, L:/127.0.0.1:56906 - R:localhost/127.0.0.1:55196]' for 'POST' to 'http://localhost:55196/session/9816caeb41d32f13e879297b5f87a1dd/element'
10:39:21.378 [Forwarding findElement on session 9816caeb41d32f13e879297b5f87a1dd to remote] DEBUG org.asynchttpclient.netty.request.NettyRequestSender - Using open Channel [id: 0x87d77a6c, L:/127.0.0.1:56906 - R:localhost/127.0.0.1:55196] for POST '/session/9816caeb41d32f13e879297b5f87a1dd/element'
10:39:21.391 [AsyncHttpClient-1-2] DEBUG org.asynchttpclient.netty.handler.HttpHandler - 

Request DefaultHttpRequest(decodeResult: success, version: HTTP/1.1)
POST /session/9816caeb41d32f13e879297b5f87a1dd/element HTTP/1.1
User-Agent: selenium/4.1.2 (java windows)
Content-Length: 82
Content-Type: application/json; charset=utf-8
host: localhost:55196
accept: */*

Response DefaultHttpResponse(decodeResult: success, version: HTTP/1.1)
HTTP/1.1 200 OK
Content-Type: application/json; charset=utf-8
cache-control: no-cache
content-length: 88

10:39:21.392 [AsyncHttpClient-1-2] DEBUG org.asynchttpclient.netty.channel.ChannelManager - Adding key: http://localhost:55196 for channel [id: 0x87d77a6c, L:/127.0.0.1:56906 - R:localhost/127.0.0.1:55196]
10:39:21.396 [Forwarding clickElement on session 9816caeb41d32f13e879297b5f87a1dd to remote] DEBUG org.asynchttpclient.netty.request.NettyRequestSender - Using pooled Channel '[id: 0x87d77a6c, L:/127.0.0.1:56906 - R:localhost/127.0.0.1:55196]' for 'POST' to 'http://localhost:55196/session/9816caeb41d32f13e879297b5f87a1dd/element/875ab555-7bd7-4367-93d3-05a50637085e/click'
10:39:21.397 [Forwarding clickElement on session 9816caeb41d32f13e879297b5f87a1dd to remote] DEBUG org.asynchttpclient.netty.request.NettyRequestSender - Using open Channel [id: 0x87d77a6c, L:/127.0.0.1:56906 - R:localhost/127.0.0.1:55196] for POST '/session/9816caeb41d32f13e879297b5f87a1dd/element/875ab555-7bd7-4367-93d3-05a50637085e/click'
10:39:21.598 [AsyncHttpClient-1-2] DEBUG org.asynchttpclient.netty.handler.HttpHandler - 

Request DefaultHttpRequest(decodeResult: success, version: HTTP/1.1)
POST /session/9816caeb41d32f13e879297b5f87a1dd/element/875ab555-7bd7-4367-93d3-05a50637085e/click HTTP/1.1
User-Agent: selenium/4.1.2 (java windows)
Content-Length: 50
Content-Type: application/json; charset=utf-8
host: localhost:55196
accept: */*

Response DefaultHttpResponse(decodeResult: success, version: HTTP/1.1)
HTTP/1.1 200 OK
Content-Type: application/json; charset=utf-8
cache-control: no-cache
content-length: 14

10:39:21.598 [AsyncHttpClient-1-2] DEBUG org.asynchttpclient.netty.channel.ChannelManager - Adding key: http://localhost:55196 for channel [id: 0x87d77a6c, L:/127.0.0.1:56906 - R:localhost/127.0.0.1:55196]
10:39:21.617 [Forwarding screenshot on session 9816caeb41d32f13e879297b5f87a1dd to remote] DEBUG org.asynchttpclient.netty.request.NettyRequestSender - Using pooled Channel '[id: 0x87d77a6c, L:/127.0.0.1:56906 - R:localhost/127.0.0.1:55196]' for 'GET' to 'http://localhost:55196/session/9816caeb41d32f13e879297b5f87a1dd/screenshot'
10:39:21.627 [Forwarding screenshot on session 9816caeb41d32f13e879297b5f87a1dd to remote] DEBUG org.asynchttpclient.netty.request.NettyRequestSender - Using open Channel [id: 0x87d77a6c, L:/127.0.0.1:56906 - R:localhost/127.0.0.1:55196] for GET '/session/9816caeb41d32f13e879297b5f87a1dd/screenshot'
10:39:21.840 [AsyncHttpClient-1-2] DEBUG org.asynchttpclient.netty.handler.HttpHandler - 

Request DefaultFullHttpRequest(decodeResult: success, version: HTTP/1.1, content: EmptyByteBufBE)
GET /session/9816caeb41d32f13e879297b5f87a1dd/screenshot HTTP/1.1
User-Agent: selenium/4.1.2 (java windows)
Cache-Control: no-cache
Content-Type: application/json; charset=utf-8
host: localhost:55196
accept: */*

Response DefaultHttpResponse(decodeResult: success, version: HTTP/1.1)
HTTP/1.1 200 OK
Content-Type: application/json; charset=utf-8
cache-control: no-cache
content-length: 98980

10:39:21.843 [AsyncHttpClient-1-2] DEBUG org.asynchttpclient.netty.channel.ChannelManager - Adding key: http://localhost:55196 for channel [id: 0x87d77a6c, L:/127.0.0.1:56906 - R:localhost/127.0.0.1:55196]
10:39:21.857 [main] DEBUG net.serenitybdd.core.photography.Darkroom - Send negative for processing for target\site\serenity\6f4f3cec142403c8343ec089dabe6db87ae849b9832c4184be8cf09060c2fba2.png
10:39:21.858 [main] DEBUG net.thucydides.core.steps.StepInterceptor - STEP DONE: clickDepartmentDropdownButton
10:39:21.859 [Darkroom Processing Line] DEBUG net.serenitybdd.core.photography.DarkroomProcessingLine - Processing screenshot image in /var/screenshots/screenshot-1183731459787042747
10:39:21.859 [Darkroom Processing Line] DEBUG net.serenitybdd.core.photography.DarkroomProcessingLine - Saving screenshot to target\site\serenity\6f4f3cec142403c8343ec089dabe6db87ae849b9832c4184be8cf09060c2fba2.png
10:39:21.872 [AsyncHttpClient-1-1] DEBUG org.asynchttpclient.netty.channel.DefaultChannelPool - Entry count for : http://localhost:56916 : 1
10:39:21.872 [AsyncHttpClient-1-1] DEBUG org.asynchttpclient.netty.channel.DefaultChannelPool - Entry count for : http://localhost:55196 : 1
10:39:21.880 [main] DEBUG net.thucydides.core.steps.StepInterceptor - STARTING STEP: AppointmentSteps.iInputValidDataAppointmentAndClickSubmit - clickDepartmentOptionButton
10:39:21.891 [Forwarding findElement on session 9816caeb41d32f13e879297b5f87a1dd to remote] DEBUG org.asynchttpclient.netty.request.NettyRequestSender - Using pooled Channel '[id: 0x87d77a6c, L:/127.0.0.1:56906 - R:localhost/127.0.0.1:55196]' for 'POST' to 'http://localhost:55196/session/9816caeb41d32f13e879297b5f87a1dd/element'
10:39:21.891 [Forwarding findElement on session 9816caeb41d32f13e879297b5f87a1dd to remote] DEBUG org.asynchttpclient.netty.request.NettyRequestSender - Using open Channel [id: 0x87d77a6c, L:/127.0.0.1:56906 - R:localhost/127.0.0.1:55196] for POST '/session/9816caeb41d32f13e879297b5f87a1dd/element'
10:39:21.925 [AsyncHttpClient-1-2] DEBUG org.asynchttpclient.netty.handler.HttpHandler - 

Request DefaultHttpRequest(decodeResult: success, version: HTTP/1.1)
POST /session/9816caeb41d32f13e879297b5f87a1dd/element HTTP/1.1
User-Agent: selenium/4.1.2 (java windows)
Content-Length: 119
Content-Type: application/json; charset=utf-8
host: localhost:55196
accept: */*

Response DefaultHttpResponse(decodeResult: success, version: HTTP/1.1)
HTTP/1.1 200 OK
Content-Type: application/json; charset=utf-8
cache-control: no-cache
content-length: 88

10:39:21.925 [AsyncHttpClient-1-2] DEBUG org.asynchttpclient.netty.channel.ChannelManager - Adding key: http://localhost:55196 for channel [id: 0x87d77a6c, L:/127.0.0.1:56906 - R:localhost/127.0.0.1:55196]
10:39:21.930 [Forwarding getElementTagName on session 9816caeb41d32f13e879297b5f87a1dd to remote] DEBUG org.asynchttpclient.netty.request.NettyRequestSender - Using pooled Channel '[id: 0x87d77a6c, L:/127.0.0.1:56906 - R:localhost/127.0.0.1:55196]' for 'GET' to 'http://localhost:55196/session/9816caeb41d32f13e879297b5f87a1dd/element/89f68a1c-5b8f-42d3-a8cf-ffbeed160601/name'
10:39:21.930 [Forwarding getElementTagName on session 9816caeb41d32f13e879297b5f87a1dd to remote] DEBUG org.asynchttpclient.netty.request.NettyRequestSender - Using open Channel [id: 0x87d77a6c, L:/127.0.0.1:56906 - R:localhost/127.0.0.1:55196] for GET '/session/9816caeb41d32f13e879297b5f87a1dd/element/89f68a1c-5b8f-42d3-a8cf-ffbeed160601/name'
10:39:21.938 [AsyncHttpClient-1-2] DEBUG org.asynchttpclient.netty.handler.HttpHandler - 

Request DefaultFullHttpRequest(decodeResult: success, version: HTTP/1.1, content: EmptyByteBufBE)
GET /session/9816caeb41d32f13e879297b5f87a1dd/element/89f68a1c-5b8f-42d3-a8cf-ffbeed160601/name HTTP/1.1
User-Agent: selenium/4.1.2 (java windows)
Cache-Control: no-cache
Content-Type: application/json; charset=utf-8
host: localhost:55196
accept: */*

Response DefaultHttpResponse(decodeResult: success, version: HTTP/1.1)
HTTP/1.1 200 OK
Content-Type: application/json; charset=utf-8
cache-control: no-cache
content-length: 14

10:39:21.938 [AsyncHttpClient-1-2] DEBUG org.asynchttpclient.netty.channel.ChannelManager - Adding key: http://localhost:55196 for channel [id: 0x87d77a6c, L:/127.0.0.1:56906 - R:localhost/127.0.0.1:55196]
10:39:21.943 [Forwarding getElementTagName on session 9816caeb41d32f13e879297b5f87a1dd to remote] DEBUG org.asynchttpclient.netty.request.NettyRequestSender - Using pooled Channel '[id: 0x87d77a6c, L:/127.0.0.1:56906 - R:localhost/127.0.0.1:55196]' for 'GET' to 'http://localhost:55196/session/9816caeb41d32f13e879297b5f87a1dd/element/89f68a1c-5b8f-42d3-a8cf-ffbeed160601/name'
10:39:21.943 [Forwarding getElementTagName on session 9816caeb41d32f13e879297b5f87a1dd to remote] DEBUG org.asynchttpclient.netty.request.NettyRequestSender - Using open Channel [id: 0x87d77a6c, L:/127.0.0.1:56906 - R:localhost/127.0.0.1:55196] for GET '/session/9816caeb41d32f13e879297b5f87a1dd/element/89f68a1c-5b8f-42d3-a8cf-ffbeed160601/name'
10:39:21.951 [AsyncHttpClient-1-2] DEBUG org.asynchttpclient.netty.handler.HttpHandler - 

Request DefaultFullHttpRequest(decodeResult: success, version: HTTP/1.1, content: EmptyByteBufBE)
GET /session/9816caeb41d32f13e879297b5f87a1dd/element/89f68a1c-5b8f-42d3-a8cf-ffbeed160601/name HTTP/1.1
User-Agent: selenium/4.1.2 (java windows)
Cache-Control: no-cache
Content-Type: application/json; charset=utf-8
host: localhost:55196
accept: */*

Response DefaultHttpResponse(decodeResult: success, version: HTTP/1.1)
HTTP/1.1 200 OK
Content-Type: application/json; charset=utf-8
cache-control: no-cache
content-length: 14

10:39:21.951 [AsyncHttpClient-1-2] DEBUG org.asynchttpclient.netty.channel.ChannelManager - Adding key: http://localhost:55196 for channel [id: 0x87d77a6c, L:/127.0.0.1:56906 - R:localhost/127.0.0.1:55196]
10:39:21.956 [Forwarding findElement on session 9816caeb41d32f13e879297b5f87a1dd to remote] DEBUG org.asynchttpclient.netty.request.NettyRequestSender - Using pooled Channel '[id: 0x87d77a6c, L:/127.0.0.1:56906 - R:localhost/127.0.0.1:55196]' for 'POST' to 'http://localhost:55196/session/9816caeb41d32f13e879297b5f87a1dd/element'
10:39:21.956 [Forwarding findElement on session 9816caeb41d32f13e879297b5f87a1dd to remote] DEBUG org.asynchttpclient.netty.request.NettyRequestSender - Using open Channel [id: 0x87d77a6c, L:/127.0.0.1:56906 - R:localhost/127.0.0.1:55196] for POST '/session/9816caeb41d32f13e879297b5f87a1dd/element'
10:39:22.028 [AsyncHttpClient-1-2] DEBUG org.asynchttpclient.netty.handler.HttpHandler - 

Request DefaultHttpRequest(decodeResult: success, version: HTTP/1.1)
POST /session/9816caeb41d32f13e879297b5f87a1dd/element HTTP/1.1
User-Agent: selenium/4.1.2 (java windows)
Content-Length: 119
Content-Type: application/json; charset=utf-8
host: localhost:55196
accept: */*

Response DefaultHttpResponse(decodeResult: success, version: HTTP/1.1)
HTTP/1.1 200 OK
Content-Type: application/json; charset=utf-8
cache-control: no-cache
content-length: 88

10:39:22.029 [AsyncHttpClient-1-2] DEBUG org.asynchttpclient.netty.channel.ChannelManager - Adding key: http://localhost:55196 for channel [id: 0x87d77a6c, L:/127.0.0.1:56906 - R:localhost/127.0.0.1:55196]
10:39:22.033 [Forwarding clickElement on session 9816caeb41d32f13e879297b5f87a1dd to remote] DEBUG org.asynchttpclient.netty.request.NettyRequestSender - Using pooled Channel '[id: 0x87d77a6c, L:/127.0.0.1:56906 - R:localhost/127.0.0.1:55196]' for 'POST' to 'http://localhost:55196/session/9816caeb41d32f13e879297b5f87a1dd/element/89f68a1c-5b8f-42d3-a8cf-ffbeed160601/click'
10:39:22.033 [Forwarding clickElement on session 9816caeb41d32f13e879297b5f87a1dd to remote] DEBUG org.asynchttpclient.netty.request.NettyRequestSender - Using open Channel [id: 0x87d77a6c, L:/127.0.0.1:56906 - R:localhost/127.0.0.1:55196] for POST '/session/9816caeb41d32f13e879297b5f87a1dd/element/89f68a1c-5b8f-42d3-a8cf-ffbeed160601/click'
10:39:22.642 [AsyncHttpClient-1-2] DEBUG org.asynchttpclient.netty.handler.HttpHandler - 

Request DefaultHttpRequest(decodeResult: success, version: HTTP/1.1)
POST /session/9816caeb41d32f13e879297b5f87a1dd/element/89f68a1c-5b8f-42d3-a8cf-ffbeed160601/click HTTP/1.1
User-Agent: selenium/4.1.2 (java windows)
Content-Length: 50
Content-Type: application/json; charset=utf-8
host: localhost:55196
accept: */*

Response DefaultHttpResponse(decodeResult: success, version: HTTP/1.1)
HTTP/1.1 200 OK
Content-Type: application/json; charset=utf-8
cache-control: no-cache
content-length: 14

10:39:22.643 [AsyncHttpClient-1-2] DEBUG org.asynchttpclient.netty.channel.ChannelManager - Adding key: http://localhost:55196 for channel [id: 0x87d77a6c, L:/127.0.0.1:56906 - R:localhost/127.0.0.1:55196]
10:39:22.714 [Forwarding setTimeout on session 9816caeb41d32f13e879297b5f87a1dd to remote] DEBUG org.asynchttpclient.netty.request.NettyRequestSender - Using pooled Channel '[id: 0x87d77a6c, L:/127.0.0.1:56906 - R:localhost/127.0.0.1:55196]' for 'POST' to 'http://localhost:55196/session/9816caeb41d32f13e879297b5f87a1dd/timeouts'
10:39:22.714 [Forwarding setTimeout on session 9816caeb41d32f13e879297b5f87a1dd to remote] DEBUG org.asynchttpclient.netty.request.NettyRequestSender - Using open Channel [id: 0x87d77a6c, L:/127.0.0.1:56906 - R:localhost/127.0.0.1:55196] for POST '/session/9816caeb41d32f13e879297b5f87a1dd/timeouts'
10:39:22.716 [AsyncHttpClient-1-2] DEBUG org.asynchttpclient.netty.handler.HttpHandler - 

Request DefaultHttpRequest(decodeResult: success, version: HTTP/1.1)
POST /session/9816caeb41d32f13e879297b5f87a1dd/timeouts HTTP/1.1
User-Agent: selenium/4.1.2 (java windows)
Content-Length: 22
Content-Type: application/json; charset=utf-8
host: localhost:55196
accept: */*

Response DefaultHttpResponse(decodeResult: success, version: HTTP/1.1)
HTTP/1.1 200 OK
Content-Type: application/json; charset=utf-8
cache-control: no-cache
content-length: 14

10:39:22.716 [AsyncHttpClient-1-2] DEBUG org.asynchttpclient.netty.channel.ChannelManager - Adding key: http://localhost:55196 for channel [id: 0x87d77a6c, L:/127.0.0.1:56906 - R:localhost/127.0.0.1:55196]
10:39:22.728 [Forwarding screenshot on session 9816caeb41d32f13e879297b5f87a1dd to remote] DEBUG org.asynchttpclient.netty.request.NettyRequestSender - Using pooled Channel '[id: 0x87d77a6c, L:/127.0.0.1:56906 - R:localhost/127.0.0.1:55196]' for 'GET' to 'http://localhost:55196/session/9816caeb41d32f13e879297b5f87a1dd/screenshot'
10:39:22.728 [Forwarding screenshot on session 9816caeb41d32f13e879297b5f87a1dd to remote] DEBUG org.asynchttpclient.netty.request.NettyRequestSender - Using open Channel [id: 0x87d77a6c, L:/127.0.0.1:56906 - R:localhost/127.0.0.1:55196] for GET '/session/9816caeb41d32f13e879297b5f87a1dd/screenshot'
10:39:22.866 [AsyncHttpClient-1-2] DEBUG org.asynchttpclient.netty.handler.HttpHandler - 

Request DefaultFullHttpRequest(decodeResult: success, version: HTTP/1.1, content: EmptyByteBufBE)
GET /session/9816caeb41d32f13e879297b5f87a1dd/screenshot HTTP/1.1
User-Agent: selenium/4.1.2 (java windows)
Cache-Control: no-cache
Content-Type: application/json; charset=utf-8
host: localhost:55196
accept: */*

Response DefaultHttpResponse(decodeResult: success, version: HTTP/1.1)
HTTP/1.1 200 OK
Content-Type: application/json; charset=utf-8
cache-control: no-cache
content-length: 99476

10:39:22.869 [AsyncHttpClient-1-2] DEBUG org.asynchttpclient.netty.channel.ChannelManager - Adding key: http://localhost:55196 for channel [id: 0x87d77a6c, L:/127.0.0.1:56906 - R:localhost/127.0.0.1:55196]
10:39:22.875 [main] DEBUG net.serenitybdd.core.photography.Darkroom - Send negative for processing for target\site\serenity\65f093926d45cf071b47444c86f5bd26378962f9ce0533f1e3ea097f64a19011.png
10:39:22.875 [main] DEBUG net.thucydides.core.steps.StepInterceptor - STEP DONE: clickDepartmentOptionButton
10:39:22.875 [Darkroom Processing Line] DEBUG net.serenitybdd.core.photography.DarkroomProcessingLine - Processing screenshot image in /var/screenshots/screenshot-11542219998435021863
10:39:22.875 [Darkroom Processing Line] DEBUG net.serenitybdd.core.photography.DarkroomProcessingLine - Saving screenshot to target\site\serenity\65f093926d45cf071b47444c86f5bd26378962f9ce0533f1e3ea097f64a19011.png
10:39:22.889 [main] DEBUG net.thucydides.core.steps.StepInterceptor - STARTING STEP: AppointmentSteps.iInputValidDataAppointmentAndClickSubmit - inputAppointmentDate
10:39:22.893 [Forwarding findElement on session 9816caeb41d32f13e879297b5f87a1dd to remote] DEBUG org.asynchttpclient.netty.request.NettyRequestSender - Using pooled Channel '[id: 0x87d77a6c, L:/127.0.0.1:56906 - R:localhost/127.0.0.1:55196]' for 'POST' to 'http://localhost:55196/session/9816caeb41d32f13e879297b5f87a1dd/element'
10:39:22.893 [Forwarding findElement on session 9816caeb41d32f13e879297b5f87a1dd to remote] DEBUG org.asynchttpclient.netty.request.NettyRequestSender - Using open Channel [id: 0x87d77a6c, L:/127.0.0.1:56906 - R:localhost/127.0.0.1:55196] for POST '/session/9816caeb41d32f13e879297b5f87a1dd/element'
10:39:22.909 [AsyncHttpClient-1-2] DEBUG org.asynchttpclient.netty.handler.HttpHandler - 

Request DefaultHttpRequest(decodeResult: success, version: HTTP/1.1)
POST /session/9816caeb41d32f13e879297b5f87a1dd/element HTTP/1.1
User-Agent: selenium/4.1.2 (java windows)
Content-Length: 139
Content-Type: application/json; charset=utf-8
host: localhost:55196
accept: */*

Response DefaultHttpResponse(decodeResult: success, version: HTTP/1.1)
HTTP/1.1 200 OK
Content-Type: application/json; charset=utf-8
cache-control: no-cache
content-length: 88

10:39:22.909 [AsyncHttpClient-1-2] DEBUG org.asynchttpclient.netty.channel.ChannelManager - Adding key: http://localhost:55196 for channel [id: 0x87d77a6c, L:/127.0.0.1:56906 - R:localhost/127.0.0.1:55196]
10:39:22.911 [Forwarding clearElement on session 9816caeb41d32f13e879297b5f87a1dd to remote] DEBUG org.asynchttpclient.netty.request.NettyRequestSender - Using pooled Channel '[id: 0x87d77a6c, L:/127.0.0.1:56906 - R:localhost/127.0.0.1:55196]' for 'POST' to 'http://localhost:55196/session/9816caeb41d32f13e879297b5f87a1dd/element/2ca1e349-c929-4149-ae73-d16b9688eb70/clear'
10:39:22.911 [Forwarding clearElement on session 9816caeb41d32f13e879297b5f87a1dd to remote] DEBUG org.asynchttpclient.netty.request.NettyRequestSender - Using open Channel [id: 0x87d77a6c, L:/127.0.0.1:56906 - R:localhost/127.0.0.1:55196] for POST '/session/9816caeb41d32f13e879297b5f87a1dd/element/2ca1e349-c929-4149-ae73-d16b9688eb70/clear'
10:39:22.966 [AsyncHttpClient-1-1] DEBUG org.asynchttpclient.netty.channel.DefaultChannelPool - Entry count for : http://localhost:56916 : 1
10:39:23.571 [AsyncHttpClient-1-2] DEBUG org.asynchttpclient.netty.handler.HttpHandler - 

Request DefaultHttpRequest(decodeResult: success, version: HTTP/1.1)
POST /session/9816caeb41d32f13e879297b5f87a1dd/element/2ca1e349-c929-4149-ae73-d16b9688eb70/clear HTTP/1.1
User-Agent: selenium/4.1.2 (java windows)
Content-Length: 50
Content-Type: application/json; charset=utf-8
host: localhost:55196
accept: */*

Response DefaultHttpResponse(decodeResult: success, version: HTTP/1.1)
HTTP/1.1 200 OK
Content-Type: application/json; charset=utf-8
cache-control: no-cache
content-length: 14

10:39:23.571 [AsyncHttpClient-1-2] DEBUG org.asynchttpclient.netty.channel.ChannelManager - Adding key: http://localhost:55196 for channel [id: 0x87d77a6c, L:/127.0.0.1:56906 - R:localhost/127.0.0.1:55196]
10:39:23.575 [Forwarding sendKeysToElement on session 9816caeb41d32f13e879297b5f87a1dd to remote] DEBUG org.asynchttpclient.netty.request.NettyRequestSender - Using pooled Channel '[id: 0x87d77a6c, L:/127.0.0.1:56906 - R:localhost/127.0.0.1:55196]' for 'POST' to 'http://localhost:55196/session/9816caeb41d32f13e879297b5f87a1dd/element/2ca1e349-c929-4149-ae73-d16b9688eb70/value'
10:39:23.575 [Forwarding sendKeysToElement on session 9816caeb41d32f13e879297b5f87a1dd to remote] DEBUG org.asynchttpclient.netty.request.NettyRequestSender - Using open Channel [id: 0x87d77a6c, L:/127.0.0.1:56906 - R:localhost/127.0.0.1:55196] for POST '/session/9816caeb41d32f13e879297b5f87a1dd/element/2ca1e349-c929-4149-ae73-d16b9688eb70/value'
10:39:23.877 [AsyncHttpClient-1-2] DEBUG org.asynchttpclient.netty.handler.HttpHandler - 

Request DefaultHttpRequest(decodeResult: success, version: HTTP/1.1)
POST /session/9816caeb41d32f13e879297b5f87a1dd/element/2ca1e349-c929-4149-ae73-d16b9688eb70/value HTTP/1.1
User-Agent: selenium/4.1.2 (java windows)
Content-Length: 161
Content-Type: application/json; charset=utf-8
host: localhost:55196
accept: */*

Response DefaultHttpResponse(decodeResult: success, version: HTTP/1.1)
HTTP/1.1 200 OK
Content-Type: application/json; charset=utf-8
cache-control: no-cache
content-length: 14

10:39:23.878 [AsyncHttpClient-1-2] DEBUG org.asynchttpclient.netty.channel.ChannelManager - Adding key: http://localhost:55196 for channel [id: 0x87d77a6c, L:/127.0.0.1:56906 - R:localhost/127.0.0.1:55196]
10:39:23.888 [Forwarding screenshot on session 9816caeb41d32f13e879297b5f87a1dd to remote] DEBUG org.asynchttpclient.netty.request.NettyRequestSender - Using pooled Channel '[id: 0x87d77a6c, L:/127.0.0.1:56906 - R:localhost/127.0.0.1:55196]' for 'GET' to 'http://localhost:55196/session/9816caeb41d32f13e879297b5f87a1dd/screenshot'
10:39:23.888 [Forwarding screenshot on session 9816caeb41d32f13e879297b5f87a1dd to remote] DEBUG org.asynchttpclient.netty.request.NettyRequestSender - Using open Channel [id: 0x87d77a6c, L:/127.0.0.1:56906 - R:localhost/127.0.0.1:55196] for GET '/session/9816caeb41d32f13e879297b5f87a1dd/screenshot'
10:39:24.028 [AsyncHttpClient-1-2] DEBUG org.asynchttpclient.netty.handler.HttpHandler - 

Request DefaultFullHttpRequest(decodeResult: success, version: HTTP/1.1, content: EmptyByteBufBE)
GET /session/9816caeb41d32f13e879297b5f87a1dd/screenshot HTTP/1.1
User-Agent: selenium/4.1.2 (java windows)
Cache-Control: no-cache
Content-Type: application/json; charset=utf-8
host: localhost:55196
accept: */*

Response DefaultHttpResponse(decodeResult: success, version: HTTP/1.1)
HTTP/1.1 200 OK
Content-Type: application/json; charset=utf-8
cache-control: no-cache
content-length: 82564

10:39:24.029 [AsyncHttpClient-1-2] DEBUG org.asynchttpclient.netty.channel.ChannelManager - Adding key: http://localhost:55196 for channel [id: 0x87d77a6c, L:/127.0.0.1:56906 - R:localhost/127.0.0.1:55196]
10:39:24.035 [main] DEBUG net.serenitybdd.core.photography.Darkroom - Send negative for processing for target\site\serenity\4fe3215c3088836b7268ce69d39c823807be6167b369aec21a8ea4f575176352.png
10:39:24.035 [main] DEBUG net.thucydides.core.steps.StepInterceptor - STEP DONE: inputAppointmentDate
10:39:24.035 [Darkroom Processing Line] DEBUG net.serenitybdd.core.photography.DarkroomProcessingLine - Processing screenshot image in /var/screenshots/screenshot-8049787101597307829
10:39:24.036 [Darkroom Processing Line] DEBUG net.serenitybdd.core.photography.DarkroomProcessingLine - Saving screenshot to target\site\serenity\4fe3215c3088836b7268ce69d39c823807be6167b369aec21a8ea4f575176352.png
10:39:24.050 [main] DEBUG net.thucydides.core.steps.StepInterceptor - STARTING STEP: AppointmentSteps.iInputValidDataAppointmentAndClickSubmit - inputAppointmentTime
10:39:24.054 [Forwarding findElement on session 9816caeb41d32f13e879297b5f87a1dd to remote] DEBUG org.asynchttpclient.netty.request.NettyRequestSender - Using pooled Channel '[id: 0x87d77a6c, L:/127.0.0.1:56906 - R:localhost/127.0.0.1:55196]' for 'POST' to 'http://localhost:55196/session/9816caeb41d32f13e879297b5f87a1dd/element'
10:39:24.054 [Forwarding findElement on session 9816caeb41d32f13e879297b5f87a1dd to remote] DEBUG org.asynchttpclient.netty.request.NettyRequestSender - Using open Channel [id: 0x87d77a6c, L:/127.0.0.1:56906 - R:localhost/127.0.0.1:55196] for POST '/session/9816caeb41d32f13e879297b5f87a1dd/element'
10:39:24.064 [AsyncHttpClient-1-1] DEBUG org.asynchttpclient.netty.channel.DefaultChannelPool - Entry count for : http://localhost:56916 : 1
10:39:24.073 [AsyncHttpClient-1-2] DEBUG org.asynchttpclient.netty.handler.HttpHandler - 

Request DefaultHttpRequest(decodeResult: success, version: HTTP/1.1)
POST /session/9816caeb41d32f13e879297b5f87a1dd/element HTTP/1.1
User-Agent: selenium/4.1.2 (java windows)
Content-Length: 139
Content-Type: application/json; charset=utf-8
host: localhost:55196
accept: */*

Response DefaultHttpResponse(decodeResult: success, version: HTTP/1.1)
HTTP/1.1 200 OK
Content-Type: application/json; charset=utf-8
cache-control: no-cache
content-length: 88

10:39:24.073 [AsyncHttpClient-1-2] DEBUG org.asynchttpclient.netty.channel.ChannelManager - Adding key: http://localhost:55196 for channel [id: 0x87d77a6c, L:/127.0.0.1:56906 - R:localhost/127.0.0.1:55196]
10:39:24.076 [Forwarding clearElement on session 9816caeb41d32f13e879297b5f87a1dd to remote] DEBUG org.asynchttpclient.netty.request.NettyRequestSender - Using pooled Channel '[id: 0x87d77a6c, L:/127.0.0.1:56906 - R:localhost/127.0.0.1:55196]' for 'POST' to 'http://localhost:55196/session/9816caeb41d32f13e879297b5f87a1dd/element/f4c3f276-07fa-47a9-85f6-66be65a8a0b9/clear'
10:39:24.076 [Forwarding clearElement on session 9816caeb41d32f13e879297b5f87a1dd to remote] DEBUG org.asynchttpclient.netty.request.NettyRequestSender - Using open Channel [id: 0x87d77a6c, L:/127.0.0.1:56906 - R:localhost/127.0.0.1:55196] for POST '/session/9816caeb41d32f13e879297b5f87a1dd/element/f4c3f276-07fa-47a9-85f6-66be65a8a0b9/clear'
10:39:24.124 [AsyncHttpClient-1-2] DEBUG org.asynchttpclient.netty.handler.HttpHandler - 

Request DefaultHttpRequest(decodeResult: success, version: HTTP/1.1)
POST /session/9816caeb41d32f13e879297b5f87a1dd/element/f4c3f276-07fa-47a9-85f6-66be65a8a0b9/clear HTTP/1.1
User-Agent: selenium/4.1.2 (java windows)
Content-Length: 50
Content-Type: application/json; charset=utf-8
host: localhost:55196
accept: */*

Response DefaultHttpResponse(decodeResult: success, version: HTTP/1.1)
HTTP/1.1 200 OK
Content-Type: application/json; charset=utf-8
cache-control: no-cache
content-length: 14

10:39:24.125 [AsyncHttpClient-1-2] DEBUG org.asynchttpclient.netty.channel.ChannelManager - Adding key: http://localhost:55196 for channel [id: 0x87d77a6c, L:/127.0.0.1:56906 - R:localhost/127.0.0.1:55196]
10:39:24.128 [Forwarding sendKeysToElement on session 9816caeb41d32f13e879297b5f87a1dd to remote] DEBUG org.asynchttpclient.netty.request.NettyRequestSender - Using pooled Channel '[id: 0x87d77a6c, L:/127.0.0.1:56906 - R:localhost/127.0.0.1:55196]' for 'POST' to 'http://localhost:55196/session/9816caeb41d32f13e879297b5f87a1dd/element/f4c3f276-07fa-47a9-85f6-66be65a8a0b9/value'
10:39:24.128 [Forwarding sendKeysToElement on session 9816caeb41d32f13e879297b5f87a1dd to remote] DEBUG org.asynchttpclient.netty.request.NettyRequestSender - Using open Channel [id: 0x87d77a6c, L:/127.0.0.1:56906 - R:localhost/127.0.0.1:55196] for POST '/session/9816caeb41d32f13e879297b5f87a1dd/element/f4c3f276-07fa-47a9-85f6-66be65a8a0b9/value'
10:39:24.511 [AsyncHttpClient-1-2] DEBUG org.asynchttpclient.netty.handler.HttpHandler - 

Request DefaultHttpRequest(decodeResult: success, version: HTTP/1.1)
POST /session/9816caeb41d32f13e879297b5f87a1dd/element/f4c3f276-07fa-47a9-85f6-66be65a8a0b9/value HTTP/1.1
User-Agent: selenium/4.1.2 (java windows)
Content-Length: 141
Content-Type: application/json; charset=utf-8
host: localhost:55196
accept: */*

Response DefaultHttpResponse(decodeResult: success, version: HTTP/1.1)
HTTP/1.1 200 OK
Content-Type: application/json; charset=utf-8
cache-control: no-cache
content-length: 14

10:39:24.511 [AsyncHttpClient-1-2] DEBUG org.asynchttpclient.netty.channel.ChannelManager - Adding key: http://localhost:55196 for channel [id: 0x87d77a6c, L:/127.0.0.1:56906 - R:localhost/127.0.0.1:55196]
10:39:24.529 [Forwarding screenshot on session 9816caeb41d32f13e879297b5f87a1dd to remote] DEBUG org.asynchttpclient.netty.request.NettyRequestSender - Using pooled Channel '[id: 0x87d77a6c, L:/127.0.0.1:56906 - R:localhost/127.0.0.1:55196]' for 'GET' to 'http://localhost:55196/session/9816caeb41d32f13e879297b5f87a1dd/screenshot'
10:39:24.529 [Forwarding screenshot on session 9816caeb41d32f13e879297b5f87a1dd to remote] DEBUG org.asynchttpclient.netty.request.NettyRequestSender - Using open Channel [id: 0x87d77a6c, L:/127.0.0.1:56906 - R:localhost/127.0.0.1:55196] for GET '/session/9816caeb41d32f13e879297b5f87a1dd/screenshot'
10:39:24.852 [AsyncHttpClient-1-2] DEBUG org.asynchttpclient.netty.handler.HttpHandler - 

Request DefaultFullHttpRequest(decodeResult: success, version: HTTP/1.1, content: EmptyByteBufBE)
GET /session/9816caeb41d32f13e879297b5f87a1dd/screenshot HTTP/1.1
User-Agent: selenium/4.1.2 (java windows)
Cache-Control: no-cache
Content-Type: application/json; charset=utf-8
host: localhost:55196
accept: */*

Response DefaultHttpResponse(decodeResult: success, version: HTTP/1.1)
HTTP/1.1 200 OK
Content-Type: application/json; charset=utf-8
cache-control: no-cache
content-length: 84156

10:39:24.854 [AsyncHttpClient-1-2] DEBUG org.asynchttpclient.netty.channel.ChannelManager - Adding key: http://localhost:55196 for channel [id: 0x87d77a6c, L:/127.0.0.1:56906 - R:localhost/127.0.0.1:55196]
10:39:24.862 [main] DEBUG net.serenitybdd.core.photography.Darkroom - Send negative for processing for target\site\serenity\46dc8fa068a8b12f2a58ea8c3de7b63e1e7bffbae487d88cdaa7c3e6464bf880.png
10:39:24.863 [main] DEBUG net.thucydides.core.steps.StepInterceptor - STEP DONE: inputAppointmentTime
10:39:24.864 [Darkroom Processing Line] DEBUG net.serenitybdd.core.photography.DarkroomProcessingLine - Processing screenshot image in /var/screenshots/screenshot-17819027752984803826
10:39:24.865 [Darkroom Processing Line] DEBUG net.serenitybdd.core.photography.DarkroomProcessingLine - Saving screenshot to target\site\serenity\46dc8fa068a8b12f2a58ea8c3de7b63e1e7bffbae487d88cdaa7c3e6464bf880.png
10:39:24.886 [main] DEBUG net.thucydides.core.steps.StepInterceptor - STARTING STEP: AppointmentSteps.iInputValidDataAppointmentAndClickSubmit - clickDoctorDropdownButton
10:39:24.893 [Forwarding findElement on session 9816caeb41d32f13e879297b5f87a1dd to remote] DEBUG org.asynchttpclient.netty.request.NettyRequestSender - Using pooled Channel '[id: 0x87d77a6c, L:/127.0.0.1:56906 - R:localhost/127.0.0.1:55196]' for 'POST' to 'http://localhost:55196/session/9816caeb41d32f13e879297b5f87a1dd/element'
10:39:24.893 [Forwarding findElement on session 9816caeb41d32f13e879297b5f87a1dd to remote] DEBUG org.asynchttpclient.netty.request.NettyRequestSender - Using open Channel [id: 0x87d77a6c, L:/127.0.0.1:56906 - R:localhost/127.0.0.1:55196] for POST '/session/9816caeb41d32f13e879297b5f87a1dd/element'
10:39:24.908 [AsyncHttpClient-1-2] DEBUG org.asynchttpclient.netty.handler.HttpHandler - 

Request DefaultHttpRequest(decodeResult: success, version: HTTP/1.1)
POST /session/9816caeb41d32f13e879297b5f87a1dd/element HTTP/1.1
User-Agent: selenium/4.1.2 (java windows)
Content-Length: 78
Content-Type: application/json; charset=utf-8
host: localhost:55196
accept: */*

Response DefaultHttpResponse(decodeResult: success, version: HTTP/1.1)
HTTP/1.1 200 OK
Content-Type: application/json; charset=utf-8
cache-control: no-cache
content-length: 88

10:39:24.908 [AsyncHttpClient-1-2] DEBUG org.asynchttpclient.netty.channel.ChannelManager - Adding key: http://localhost:55196 for channel [id: 0x87d77a6c, L:/127.0.0.1:56906 - R:localhost/127.0.0.1:55196]
10:39:24.912 [Forwarding getElementTagName on session 9816caeb41d32f13e879297b5f87a1dd to remote] DEBUG org.asynchttpclient.netty.request.NettyRequestSender - Using pooled Channel '[id: 0x87d77a6c, L:/127.0.0.1:56906 - R:localhost/127.0.0.1:55196]' for 'GET' to 'http://localhost:55196/session/9816caeb41d32f13e879297b5f87a1dd/element/5c4cc434-047a-4697-b01e-b2ba3a5b46a3/name'
10:39:24.912 [Forwarding getElementTagName on session 9816caeb41d32f13e879297b5f87a1dd to remote] DEBUG org.asynchttpclient.netty.request.NettyRequestSender - Using open Channel [id: 0x87d77a6c, L:/127.0.0.1:56906 - R:localhost/127.0.0.1:55196] for GET '/session/9816caeb41d32f13e879297b5f87a1dd/element/5c4cc434-047a-4697-b01e-b2ba3a5b46a3/name'
10:39:24.918 [AsyncHttpClient-1-2] DEBUG org.asynchttpclient.netty.handler.HttpHandler - 

Request DefaultFullHttpRequest(decodeResult: success, version: HTTP/1.1, content: EmptyByteBufBE)
GET /session/9816caeb41d32f13e879297b5f87a1dd/element/5c4cc434-047a-4697-b01e-b2ba3a5b46a3/name HTTP/1.1
User-Agent: selenium/4.1.2 (java windows)
Cache-Control: no-cache
Content-Type: application/json; charset=utf-8
host: localhost:55196
accept: */*

Response DefaultHttpResponse(decodeResult: success, version: HTTP/1.1)
HTTP/1.1 200 OK
Content-Type: application/json; charset=utf-8
cache-control: no-cache
content-length: 15

10:39:24.919 [AsyncHttpClient-1-2] DEBUG org.asynchttpclient.netty.channel.ChannelManager - Adding key: http://localhost:55196 for channel [id: 0x87d77a6c, L:/127.0.0.1:56906 - R:localhost/127.0.0.1:55196]
10:39:24.922 [Forwarding getElementTagName on session 9816caeb41d32f13e879297b5f87a1dd to remote] DEBUG org.asynchttpclient.netty.request.NettyRequestSender - Using pooled Channel '[id: 0x87d77a6c, L:/127.0.0.1:56906 - R:localhost/127.0.0.1:55196]' for 'GET' to 'http://localhost:55196/session/9816caeb41d32f13e879297b5f87a1dd/element/5c4cc434-047a-4697-b01e-b2ba3a5b46a3/name'
10:39:24.922 [Forwarding getElementTagName on session 9816caeb41d32f13e879297b5f87a1dd to remote] DEBUG org.asynchttpclient.netty.request.NettyRequestSender - Using open Channel [id: 0x87d77a6c, L:/127.0.0.1:56906 - R:localhost/127.0.0.1:55196] for GET '/session/9816caeb41d32f13e879297b5f87a1dd/element/5c4cc434-047a-4697-b01e-b2ba3a5b46a3/name'
10:39:24.928 [AsyncHttpClient-1-2] DEBUG org.asynchttpclient.netty.handler.HttpHandler - 

Request DefaultFullHttpRequest(decodeResult: success, version: HTTP/1.1, content: EmptyByteBufBE)
GET /session/9816caeb41d32f13e879297b5f87a1dd/element/5c4cc434-047a-4697-b01e-b2ba3a5b46a3/name HTTP/1.1
User-Agent: selenium/4.1.2 (java windows)
Cache-Control: no-cache
Content-Type: application/json; charset=utf-8
host: localhost:55196
accept: */*

Response DefaultHttpResponse(decodeResult: success, version: HTTP/1.1)
HTTP/1.1 200 OK
Content-Type: application/json; charset=utf-8
cache-control: no-cache
content-length: 15

10:39:24.928 [AsyncHttpClient-1-2] DEBUG org.asynchttpclient.netty.channel.ChannelManager - Adding key: http://localhost:55196 for channel [id: 0x87d77a6c, L:/127.0.0.1:56906 - R:localhost/127.0.0.1:55196]
10:39:24.932 [Forwarding findElement on session 9816caeb41d32f13e879297b5f87a1dd to remote] DEBUG org.asynchttpclient.netty.request.NettyRequestSender - Using pooled Channel '[id: 0x87d77a6c, L:/127.0.0.1:56906 - R:localhost/127.0.0.1:55196]' for 'POST' to 'http://localhost:55196/session/9816caeb41d32f13e879297b5f87a1dd/element'
10:39:24.932 [Forwarding findElement on session 9816caeb41d32f13e879297b5f87a1dd to remote] DEBUG org.asynchttpclient.netty.request.NettyRequestSender - Using open Channel [id: 0x87d77a6c, L:/127.0.0.1:56906 - R:localhost/127.0.0.1:55196] for POST '/session/9816caeb41d32f13e879297b5f87a1dd/element'
10:39:24.941 [AsyncHttpClient-1-2] DEBUG org.asynchttpclient.netty.handler.HttpHandler - 

Request DefaultHttpRequest(decodeResult: success, version: HTTP/1.1)
POST /session/9816caeb41d32f13e879297b5f87a1dd/element HTTP/1.1
User-Agent: selenium/4.1.2 (java windows)
Content-Length: 78
Content-Type: application/json; charset=utf-8
host: localhost:55196
accept: */*

Response DefaultHttpResponse(decodeResult: success, version: HTTP/1.1)
HTTP/1.1 200 OK
Content-Type: application/json; charset=utf-8
cache-control: no-cache
content-length: 88

10:39:24.942 [AsyncHttpClient-1-2] DEBUG org.asynchttpclient.netty.channel.ChannelManager - Adding key: http://localhost:55196 for channel [id: 0x87d77a6c, L:/127.0.0.1:56906 - R:localhost/127.0.0.1:55196]
10:39:24.944 [Forwarding clickElement on session 9816caeb41d32f13e879297b5f87a1dd to remote] DEBUG org.asynchttpclient.netty.request.NettyRequestSender - Using pooled Channel '[id: 0x87d77a6c, L:/127.0.0.1:56906 - R:localhost/127.0.0.1:55196]' for 'POST' to 'http://localhost:55196/session/9816caeb41d32f13e879297b5f87a1dd/element/5c4cc434-047a-4697-b01e-b2ba3a5b46a3/click'
10:39:24.944 [Forwarding clickElement on session 9816caeb41d32f13e879297b5f87a1dd to remote] DEBUG org.asynchttpclient.netty.request.NettyRequestSender - Using open Channel [id: 0x87d77a6c, L:/127.0.0.1:56906 - R:localhost/127.0.0.1:55196] for POST '/session/9816caeb41d32f13e879297b5f87a1dd/element/5c4cc434-047a-4697-b01e-b2ba3a5b46a3/click'
10:39:25.066 [AsyncHttpClient-1-2] DEBUG org.asynchttpclient.netty.handler.HttpHandler - 

Request DefaultHttpRequest(decodeResult: success, version: HTTP/1.1)
POST /session/9816caeb41d32f13e879297b5f87a1dd/element/5c4cc434-047a-4697-b01e-b2ba3a5b46a3/click HTTP/1.1
User-Agent: selenium/4.1.2 (java windows)
Content-Length: 50
Content-Type: application/json; charset=utf-8
host: localhost:55196
accept: */*

Response DefaultHttpResponse(decodeResult: success, version: HTTP/1.1)
HTTP/1.1 200 OK
Content-Type: application/json; charset=utf-8
cache-control: no-cache
content-length: 14

10:39:25.066 [AsyncHttpClient-1-2] DEBUG org.asynchttpclient.netty.channel.ChannelManager - Adding key: http://localhost:55196 for channel [id: 0x87d77a6c, L:/127.0.0.1:56906 - R:localhost/127.0.0.1:55196]
10:39:25.074 [Forwarding screenshot on session 9816caeb41d32f13e879297b5f87a1dd to remote] DEBUG org.asynchttpclient.netty.request.NettyRequestSender - Using pooled Channel '[id: 0x87d77a6c, L:/127.0.0.1:56906 - R:localhost/127.0.0.1:55196]' for 'GET' to 'http://localhost:55196/session/9816caeb41d32f13e879297b5f87a1dd/screenshot'
10:39:25.074 [Forwarding screenshot on session 9816caeb41d32f13e879297b5f87a1dd to remote] DEBUG org.asynchttpclient.netty.request.NettyRequestSender - Using open Channel [id: 0x87d77a6c, L:/127.0.0.1:56906 - R:localhost/127.0.0.1:55196] for GET '/session/9816caeb41d32f13e879297b5f87a1dd/screenshot'
10:39:25.163 [AsyncHttpClient-1-1] DEBUG org.asynchttpclient.netty.channel.DefaultChannelPool - Entry count for : http://localhost:56916 : 1
10:39:25.213 [AsyncHttpClient-1-2] DEBUG org.asynchttpclient.netty.handler.HttpHandler - 

Request DefaultFullHttpRequest(decodeResult: success, version: HTTP/1.1, content: EmptyByteBufBE)
GET /session/9816caeb41d32f13e879297b5f87a1dd/screenshot HTTP/1.1
User-Agent: selenium/4.1.2 (java windows)
Cache-Control: no-cache
Content-Type: application/json; charset=utf-8
host: localhost:55196
accept: */*

Response DefaultHttpResponse(decodeResult: success, version: HTTP/1.1)
HTTP/1.1 200 OK
Content-Type: application/json; charset=utf-8
cache-control: no-cache
content-length: 88644

10:39:25.214 [AsyncHttpClient-1-2] DEBUG org.asynchttpclient.netty.channel.ChannelManager - Adding key: http://localhost:55196 for channel [id: 0x87d77a6c, L:/127.0.0.1:56906 - R:localhost/127.0.0.1:55196]
10:39:25.221 [main] DEBUG net.serenitybdd.core.photography.Darkroom - Send negative for processing for target\site\serenity\1137cd1f4aed46119bed75aa30247a311a87c27e062d5ccfe618e1339f3a3a8e.png
10:39:25.222 [main] DEBUG net.thucydides.core.steps.StepInterceptor - STEP DONE: clickDoctorDropdownButton
10:39:25.222 [Darkroom Processing Line] DEBUG net.serenitybdd.core.photography.DarkroomProcessingLine - Processing screenshot image in /var/screenshots/screenshot-9766979232371279220
10:39:25.222 [Darkroom Processing Line] DEBUG net.serenitybdd.core.photography.DarkroomProcessingLine - Saving screenshot to target\site\serenity\1137cd1f4aed46119bed75aa30247a311a87c27e062d5ccfe618e1339f3a3a8e.png
10:39:25.236 [main] DEBUG net.thucydides.core.steps.StepInterceptor - STARTING STEP: AppointmentSteps.iInputValidDataAppointmentAndClickSubmit - clickDoctorOptionButton
10:39:25.243 [Forwarding findElement on session 9816caeb41d32f13e879297b5f87a1dd to remote] DEBUG org.asynchttpclient.netty.request.NettyRequestSender - Using pooled Channel '[id: 0x87d77a6c, L:/127.0.0.1:56906 - R:localhost/127.0.0.1:55196]' for 'POST' to 'http://localhost:55196/session/9816caeb41d32f13e879297b5f87a1dd/element'
10:39:25.243 [Forwarding findElement on session 9816caeb41d32f13e879297b5f87a1dd to remote] DEBUG org.asynchttpclient.netty.request.NettyRequestSender - Using open Channel [id: 0x87d77a6c, L:/127.0.0.1:56906 - R:localhost/127.0.0.1:55196] for POST '/session/9816caeb41d32f13e879297b5f87a1dd/element'
10:39:25.268 [AsyncHttpClient-1-2] DEBUG org.asynchttpclient.netty.handler.HttpHandler - 

Request DefaultHttpRequest(decodeResult: success, version: HTTP/1.1)
POST /session/9816caeb41d32f13e879297b5f87a1dd/element HTTP/1.1
User-Agent: selenium/4.1.2 (java windows)
Content-Length: 115
Content-Type: application/json; charset=utf-8
host: localhost:55196
accept: */*

Response DefaultHttpResponse(decodeResult: success, version: HTTP/1.1)
HTTP/1.1 200 OK
Content-Type: application/json; charset=utf-8
cache-control: no-cache
content-length: 88

10:39:25.269 [AsyncHttpClient-1-2] DEBUG org.asynchttpclient.netty.channel.ChannelManager - Adding key: http://localhost:55196 for channel [id: 0x87d77a6c, L:/127.0.0.1:56906 - R:localhost/127.0.0.1:55196]
10:39:25.276 [Forwarding getElementTagName on session 9816caeb41d32f13e879297b5f87a1dd to remote] DEBUG org.asynchttpclient.netty.request.NettyRequestSender - Using pooled Channel '[id: 0x87d77a6c, L:/127.0.0.1:56906 - R:localhost/127.0.0.1:55196]' for 'GET' to 'http://localhost:55196/session/9816caeb41d32f13e879297b5f87a1dd/element/403b0429-ca3a-4ebc-9002-06ec3acb1c7d/name'
10:39:25.276 [Forwarding getElementTagName on session 9816caeb41d32f13e879297b5f87a1dd to remote] DEBUG org.asynchttpclient.netty.request.NettyRequestSender - Using open Channel [id: 0x87d77a6c, L:/127.0.0.1:56906 - R:localhost/127.0.0.1:55196] for GET '/session/9816caeb41d32f13e879297b5f87a1dd/element/403b0429-ca3a-4ebc-9002-06ec3acb1c7d/name'
10:39:25.287 [AsyncHttpClient-1-2] DEBUG org.asynchttpclient.netty.handler.HttpHandler - 

Request DefaultFullHttpRequest(decodeResult: success, version: HTTP/1.1, content: EmptyByteBufBE)
GET /session/9816caeb41d32f13e879297b5f87a1dd/element/403b0429-ca3a-4ebc-9002-06ec3acb1c7d/name HTTP/1.1
User-Agent: selenium/4.1.2 (java windows)
Cache-Control: no-cache
Content-Type: application/json; charset=utf-8
host: localhost:55196
accept: */*

Response DefaultHttpResponse(decodeResult: success, version: HTTP/1.1)
HTTP/1.1 200 OK
Content-Type: application/json; charset=utf-8
cache-control: no-cache
content-length: 14

10:39:25.288 [AsyncHttpClient-1-2] DEBUG org.asynchttpclient.netty.channel.ChannelManager - Adding key: http://localhost:55196 for channel [id: 0x87d77a6c, L:/127.0.0.1:56906 - R:localhost/127.0.0.1:55196]
10:39:25.294 [Forwarding getElementTagName on session 9816caeb41d32f13e879297b5f87a1dd to remote] DEBUG org.asynchttpclient.netty.request.NettyRequestSender - Using pooled Channel '[id: 0x87d77a6c, L:/127.0.0.1:56906 - R:localhost/127.0.0.1:55196]' for 'GET' to 'http://localhost:55196/session/9816caeb41d32f13e879297b5f87a1dd/element/403b0429-ca3a-4ebc-9002-06ec3acb1c7d/name'
10:39:25.294 [Forwarding getElementTagName on session 9816caeb41d32f13e879297b5f87a1dd to remote] DEBUG org.asynchttpclient.netty.request.NettyRequestSender - Using open Channel [id: 0x87d77a6c, L:/127.0.0.1:56906 - R:localhost/127.0.0.1:55196] for GET '/session/9816caeb41d32f13e879297b5f87a1dd/element/403b0429-ca3a-4ebc-9002-06ec3acb1c7d/name'
10:39:25.303 [AsyncHttpClient-1-2] DEBUG org.asynchttpclient.netty.handler.HttpHandler - 

Request DefaultFullHttpRequest(decodeResult: success, version: HTTP/1.1, content: EmptyByteBufBE)
GET /session/9816caeb41d32f13e879297b5f87a1dd/element/403b0429-ca3a-4ebc-9002-06ec3acb1c7d/name HTTP/1.1
User-Agent: selenium/4.1.2 (java windows)
Cache-Control: no-cache
Content-Type: application/json; charset=utf-8
host: localhost:55196
accept: */*

Response DefaultHttpResponse(decodeResult: success, version: HTTP/1.1)
HTTP/1.1 200 OK
Content-Type: application/json; charset=utf-8
cache-control: no-cache
content-length: 14

10:39:25.304 [AsyncHttpClient-1-2] DEBUG org.asynchttpclient.netty.channel.ChannelManager - Adding key: http://localhost:55196 for channel [id: 0x87d77a6c, L:/127.0.0.1:56906 - R:localhost/127.0.0.1:55196]
10:39:25.311 [Forwarding findElement on session 9816caeb41d32f13e879297b5f87a1dd to remote] DEBUG org.asynchttpclient.netty.request.NettyRequestSender - Using pooled Channel '[id: 0x87d77a6c, L:/127.0.0.1:56906 - R:localhost/127.0.0.1:55196]' for 'POST' to 'http://localhost:55196/session/9816caeb41d32f13e879297b5f87a1dd/element'
10:39:25.312 [Forwarding findElement on session 9816caeb41d32f13e879297b5f87a1dd to remote] DEBUG org.asynchttpclient.netty.request.NettyRequestSender - Using open Channel [id: 0x87d77a6c, L:/127.0.0.1:56906 - R:localhost/127.0.0.1:55196] for POST '/session/9816caeb41d32f13e879297b5f87a1dd/element'
10:39:25.339 [AsyncHttpClient-1-2] DEBUG org.asynchttpclient.netty.handler.HttpHandler - 

Request DefaultHttpRequest(decodeResult: success, version: HTTP/1.1)
POST /session/9816caeb41d32f13e879297b5f87a1dd/element HTTP/1.1
User-Agent: selenium/4.1.2 (java windows)
Content-Length: 115
Content-Type: application/json; charset=utf-8
host: localhost:55196
accept: */*

Response DefaultHttpResponse(decodeResult: success, version: HTTP/1.1)
HTTP/1.1 200 OK
Content-Type: application/json; charset=utf-8
cache-control: no-cache
content-length: 88

10:39:25.339 [AsyncHttpClient-1-2] DEBUG org.asynchttpclient.netty.channel.ChannelManager - Adding key: http://localhost:55196 for channel [id: 0x87d77a6c, L:/127.0.0.1:56906 - R:localhost/127.0.0.1:55196]
10:39:25.343 [Forwarding clickElement on session 9816caeb41d32f13e879297b5f87a1dd to remote] DEBUG org.asynchttpclient.netty.request.NettyRequestSender - Using pooled Channel '[id: 0x87d77a6c, L:/127.0.0.1:56906 - R:localhost/127.0.0.1:55196]' for 'POST' to 'http://localhost:55196/session/9816caeb41d32f13e879297b5f87a1dd/element/403b0429-ca3a-4ebc-9002-06ec3acb1c7d/click'
10:39:25.343 [Forwarding clickElement on session 9816caeb41d32f13e879297b5f87a1dd to remote] DEBUG org.asynchttpclient.netty.request.NettyRequestSender - Using open Channel [id: 0x87d77a6c, L:/127.0.0.1:56906 - R:localhost/127.0.0.1:55196] for POST '/session/9816caeb41d32f13e879297b5f87a1dd/element/403b0429-ca3a-4ebc-9002-06ec3acb1c7d/click'
10:39:25.440 [AsyncHttpClient-1-2] DEBUG org.asynchttpclient.netty.handler.HttpHandler - 

Request DefaultHttpRequest(decodeResult: success, version: HTTP/1.1)
POST /session/9816caeb41d32f13e879297b5f87a1dd/element/403b0429-ca3a-4ebc-9002-06ec3acb1c7d/click HTTP/1.1
User-Agent: selenium/4.1.2 (java windows)
Content-Length: 50
Content-Type: application/json; charset=utf-8
host: localhost:55196
accept: */*

Response DefaultHttpResponse(decodeResult: success, version: HTTP/1.1)
HTTP/1.1 200 OK
Content-Type: application/json; charset=utf-8
cache-control: no-cache
content-length: 14

10:39:25.440 [AsyncHttpClient-1-2] DEBUG org.asynchttpclient.netty.channel.ChannelManager - Adding key: http://localhost:55196 for channel [id: 0x87d77a6c, L:/127.0.0.1:56906 - R:localhost/127.0.0.1:55196]
10:39:25.448 [Forwarding setTimeout on session 9816caeb41d32f13e879297b5f87a1dd to remote] DEBUG org.asynchttpclient.netty.request.NettyRequestSender - Using pooled Channel '[id: 0x87d77a6c, L:/127.0.0.1:56906 - R:localhost/127.0.0.1:55196]' for 'POST' to 'http://localhost:55196/session/9816caeb41d32f13e879297b5f87a1dd/timeouts'
10:39:25.448 [Forwarding setTimeout on session 9816caeb41d32f13e879297b5f87a1dd to remote] DEBUG org.asynchttpclient.netty.request.NettyRequestSender - Using open Channel [id: 0x87d77a6c, L:/127.0.0.1:56906 - R:localhost/127.0.0.1:55196] for POST '/session/9816caeb41d32f13e879297b5f87a1dd/timeouts'
10:39:25.451 [AsyncHttpClient-1-2] DEBUG org.asynchttpclient.netty.handler.HttpHandler - 

Request DefaultHttpRequest(decodeResult: success, version: HTTP/1.1)
POST /session/9816caeb41d32f13e879297b5f87a1dd/timeouts HTTP/1.1
User-Agent: selenium/4.1.2 (java windows)
Content-Length: 22
Content-Type: application/json; charset=utf-8
host: localhost:55196
accept: */*

Response DefaultHttpResponse(decodeResult: success, version: HTTP/1.1)
HTTP/1.1 200 OK
Content-Type: application/json; charset=utf-8
cache-control: no-cache
content-length: 14

10:39:25.452 [AsyncHttpClient-1-2] DEBUG org.asynchttpclient.netty.channel.ChannelManager - Adding key: http://localhost:55196 for channel [id: 0x87d77a6c, L:/127.0.0.1:56906 - R:localhost/127.0.0.1:55196]
10:39:25.462 [Forwarding screenshot on session 9816caeb41d32f13e879297b5f87a1dd to remote] DEBUG org.asynchttpclient.netty.request.NettyRequestSender - Using pooled Channel '[id: 0x87d77a6c, L:/127.0.0.1:56906 - R:localhost/127.0.0.1:55196]' for 'GET' to 'http://localhost:55196/session/9816caeb41d32f13e879297b5f87a1dd/screenshot'
10:39:25.462 [Forwarding screenshot on session 9816caeb41d32f13e879297b5f87a1dd to remote] DEBUG org.asynchttpclient.netty.request.NettyRequestSender - Using open Channel [id: 0x87d77a6c, L:/127.0.0.1:56906 - R:localhost/127.0.0.1:55196] for GET '/session/9816caeb41d32f13e879297b5f87a1dd/screenshot'
10:39:25.606 [AsyncHttpClient-1-2] DEBUG org.asynchttpclient.netty.handler.HttpHandler - 

Request DefaultFullHttpRequest(decodeResult: success, version: HTTP/1.1, content: EmptyByteBufBE)
GET /session/9816caeb41d32f13e879297b5f87a1dd/screenshot HTTP/1.1
User-Agent: selenium/4.1.2 (java windows)
Cache-Control: no-cache
Content-Type: application/json; charset=utf-8
host: localhost:55196
accept: */*

Response DefaultHttpResponse(decodeResult: success, version: HTTP/1.1)
HTTP/1.1 200 OK
Content-Type: application/json; charset=utf-8
cache-control: no-cache
content-length: 91156

10:39:25.608 [AsyncHttpClient-1-2] DEBUG org.asynchttpclient.netty.channel.ChannelManager - Adding key: http://localhost:55196 for channel [id: 0x87d77a6c, L:/127.0.0.1:56906 - R:localhost/127.0.0.1:55196]
10:39:25.615 [main] DEBUG net.serenitybdd.core.photography.Darkroom - Send negative for processing for target\site\serenity\c954f013cddf7c83ff4c902947bc5f515ae4d70cdc172e4278300c70f5393222.png
10:39:25.616 [main] DEBUG net.thucydides.core.steps.StepInterceptor - STEP DONE: clickDoctorOptionButton
10:39:25.619 [Darkroom Processing Line] DEBUG net.serenitybdd.core.photography.DarkroomProcessingLine - Processing screenshot image in /var/screenshots/screenshot-13983482291502548674
10:39:25.619 [Darkroom Processing Line] DEBUG net.serenitybdd.core.photography.DarkroomProcessingLine - Saving screenshot to target\site\serenity\c954f013cddf7c83ff4c902947bc5f515ae4d70cdc172e4278300c70f5393222.png
10:39:25.638 [main] DEBUG net.thucydides.core.steps.StepInterceptor - STARTING STEP: AppointmentSteps.iInputValidDataAppointmentAndClickSubmit - inputAppointmentReason
10:39:25.645 [Forwarding findElement on session 9816caeb41d32f13e879297b5f87a1dd to remote] DEBUG org.asynchttpclient.netty.request.NettyRequestSender - Using pooled Channel '[id: 0x87d77a6c, L:/127.0.0.1:56906 - R:localhost/127.0.0.1:55196]' for 'POST' to 'http://localhost:55196/session/9816caeb41d32f13e879297b5f87a1dd/element'
10:39:25.645 [Forwarding findElement on session 9816caeb41d32f13e879297b5f87a1dd to remote] DEBUG org.asynchttpclient.netty.request.NettyRequestSender - Using open Channel [id: 0x87d77a6c, L:/127.0.0.1:56906 - R:localhost/127.0.0.1:55196] for POST '/session/9816caeb41d32f13e879297b5f87a1dd/element'
10:39:25.666 [AsyncHttpClient-1-2] DEBUG org.asynchttpclient.netty.handler.HttpHandler - 

Request DefaultHttpRequest(decodeResult: success, version: HTTP/1.1)
POST /session/9816caeb41d32f13e879297b5f87a1dd/element HTTP/1.1
User-Agent: selenium/4.1.2 (java windows)
Content-Length: 77
Content-Type: application/json; charset=utf-8
host: localhost:55196
accept: */*

Response DefaultHttpResponse(decodeResult: success, version: HTTP/1.1)
HTTP/1.1 200 OK
Content-Type: application/json; charset=utf-8
cache-control: no-cache
content-length: 88

10:39:25.667 [AsyncHttpClient-1-2] DEBUG org.asynchttpclient.netty.channel.ChannelManager - Adding key: http://localhost:55196 for channel [id: 0x87d77a6c, L:/127.0.0.1:56906 - R:localhost/127.0.0.1:55196]
10:39:25.670 [Forwarding clearElement on session 9816caeb41d32f13e879297b5f87a1dd to remote] DEBUG org.asynchttpclient.netty.request.NettyRequestSender - Using pooled Channel '[id: 0x87d77a6c, L:/127.0.0.1:56906 - R:localhost/127.0.0.1:55196]' for 'POST' to 'http://localhost:55196/session/9816caeb41d32f13e879297b5f87a1dd/element/1ed17570-a81d-4c0e-a8d8-291c7382a758/clear'
10:39:25.671 [Forwarding clearElement on session 9816caeb41d32f13e879297b5f87a1dd to remote] DEBUG org.asynchttpclient.netty.request.NettyRequestSender - Using open Channel [id: 0x87d77a6c, L:/127.0.0.1:56906 - R:localhost/127.0.0.1:55196] for POST '/session/9816caeb41d32f13e879297b5f87a1dd/element/1ed17570-a81d-4c0e-a8d8-291c7382a758/clear'
10:39:25.777 [AsyncHttpClient-1-2] DEBUG org.asynchttpclient.netty.handler.HttpHandler - 

Request DefaultHttpRequest(decodeResult: success, version: HTTP/1.1)
POST /session/9816caeb41d32f13e879297b5f87a1dd/element/1ed17570-a81d-4c0e-a8d8-291c7382a758/clear HTTP/1.1
User-Agent: selenium/4.1.2 (java windows)
Content-Length: 50
Content-Type: application/json; charset=utf-8
host: localhost:55196
accept: */*

Response DefaultHttpResponse(decodeResult: success, version: HTTP/1.1)
HTTP/1.1 200 OK
Content-Type: application/json; charset=utf-8
cache-control: no-cache
content-length: 14

10:39:25.778 [AsyncHttpClient-1-2] DEBUG org.asynchttpclient.netty.channel.ChannelManager - Adding key: http://localhost:55196 for channel [id: 0x87d77a6c, L:/127.0.0.1:56906 - R:localhost/127.0.0.1:55196]
10:39:25.784 [Forwarding sendKeysToElement on session 9816caeb41d32f13e879297b5f87a1dd to remote] DEBUG org.asynchttpclient.netty.request.NettyRequestSender - Using pooled Channel '[id: 0x87d77a6c, L:/127.0.0.1:56906 - R:localhost/127.0.0.1:55196]' for 'POST' to 'http://localhost:55196/session/9816caeb41d32f13e879297b5f87a1dd/element/1ed17570-a81d-4c0e-a8d8-291c7382a758/value'
10:39:25.784 [Forwarding sendKeysToElement on session 9816caeb41d32f13e879297b5f87a1dd to remote] DEBUG org.asynchttpclient.netty.request.NettyRequestSender - Using open Channel [id: 0x87d77a6c, L:/127.0.0.1:56906 - R:localhost/127.0.0.1:55196] for POST '/session/9816caeb41d32f13e879297b5f87a1dd/element/1ed17570-a81d-4c0e-a8d8-291c7382a758/value'
10:39:26.246 [AsyncHttpClient-1-2] DEBUG org.asynchttpclient.netty.handler.HttpHandler - 

Request DefaultHttpRequest(decodeResult: success, version: HTTP/1.1)
POST /session/9816caeb41d32f13e879297b5f87a1dd/element/1ed17570-a81d-4c0e-a8d8-291c7382a758/value HTTP/1.1
User-Agent: selenium/4.1.2 (java windows)
Content-Length: 261
Content-Type: application/json; charset=utf-8
host: localhost:55196
accept: */*

Response DefaultHttpResponse(decodeResult: success, version: HTTP/1.1)
HTTP/1.1 200 OK
Content-Type: application/json; charset=utf-8
cache-control: no-cache
content-length: 14

10:39:26.246 [AsyncHttpClient-1-2] DEBUG org.asynchttpclient.netty.channel.ChannelManager - Adding key: http://localhost:55196 for channel [id: 0x87d77a6c, L:/127.0.0.1:56906 - R:localhost/127.0.0.1:55196]
10:39:26.270 [Forwarding screenshot on session 9816caeb41d32f13e879297b5f87a1dd to remote] DEBUG org.asynchttpclient.netty.request.NettyRequestSender - Using pooled Channel '[id: 0x87d77a6c, L:/127.0.0.1:56906 - R:localhost/127.0.0.1:55196]' for 'GET' to 'http://localhost:55196/session/9816caeb41d32f13e879297b5f87a1dd/screenshot'
10:39:26.270 [Forwarding screenshot on session 9816caeb41d32f13e879297b5f87a1dd to remote] DEBUG org.asynchttpclient.netty.request.NettyRequestSender - Using open Channel [id: 0x87d77a6c, L:/127.0.0.1:56906 - R:localhost/127.0.0.1:55196] for GET '/session/9816caeb41d32f13e879297b5f87a1dd/screenshot'
10:39:26.270 [AsyncHttpClient-1-1] DEBUG org.asynchttpclient.netty.channel.DefaultChannelPool - Entry count for : http://localhost:56916 : 1
10:39:26.387 [AsyncHttpClient-1-2] DEBUG org.asynchttpclient.netty.handler.HttpHandler - 

Request DefaultFullHttpRequest(decodeResult: success, version: HTTP/1.1, content: EmptyByteBufBE)
GET /session/9816caeb41d32f13e879297b5f87a1dd/screenshot HTTP/1.1
User-Agent: selenium/4.1.2 (java windows)
Cache-Control: no-cache
Content-Type: application/json; charset=utf-8
host: localhost:55196
accept: */*

Response DefaultHttpResponse(decodeResult: success, version: HTTP/1.1)
HTTP/1.1 200 OK
Content-Type: application/json; charset=utf-8
cache-control: no-cache
content-length: 85312

10:39:26.388 [AsyncHttpClient-1-2] DEBUG org.asynchttpclient.netty.channel.ChannelManager - Adding key: http://localhost:55196 for channel [id: 0x87d77a6c, L:/127.0.0.1:56906 - R:localhost/127.0.0.1:55196]
10:39:26.394 [main] DEBUG net.serenitybdd.core.photography.Darkroom - Send negative for processing for target\site\serenity\b9c15fcf2b1a79d562929b0f58faa48e9ed3bc648b91cfea1d982f27274726fc.png
10:39:26.394 [main] DEBUG net.thucydides.core.steps.StepInterceptor - STEP DONE: inputAppointmentReason
10:39:26.394 [Darkroom Processing Line] DEBUG net.serenitybdd.core.photography.DarkroomProcessingLine - Processing screenshot image in /var/screenshots/screenshot-3171334423690196988
10:39:26.394 [Darkroom Processing Line] DEBUG net.serenitybdd.core.photography.DarkroomProcessingLine - Saving screenshot to target\site\serenity\b9c15fcf2b1a79d562929b0f58faa48e9ed3bc648b91cfea1d982f27274726fc.png
10:39:26.407 [main] DEBUG net.thucydides.core.steps.StepInterceptor - STARTING STEP: AppointmentSteps.iInputValidDataAppointmentAndClickSubmit - clickSubmitButton
10:39:26.414 [Forwarding findElement on session 9816caeb41d32f13e879297b5f87a1dd to remote] DEBUG org.asynchttpclient.netty.request.NettyRequestSender - Using pooled Channel '[id: 0x87d77a6c, L:/127.0.0.1:56906 - R:localhost/127.0.0.1:55196]' for 'POST' to 'http://localhost:55196/session/9816caeb41d32f13e879297b5f87a1dd/element'
10:39:26.414 [Forwarding findElement on session 9816caeb41d32f13e879297b5f87a1dd to remote] DEBUG org.asynchttpclient.netty.request.NettyRequestSender - Using open Channel [id: 0x87d77a6c, L:/127.0.0.1:56906 - R:localhost/127.0.0.1:55196] for POST '/session/9816caeb41d32f13e879297b5f87a1dd/element'
10:39:26.432 [AsyncHttpClient-1-2] DEBUG org.asynchttpclient.netty.handler.HttpHandler - 

Request DefaultHttpRequest(decodeResult: success, version: HTTP/1.1)
POST /session/9816caeb41d32f13e879297b5f87a1dd/element HTTP/1.1
User-Agent: selenium/4.1.2 (java windows)
Content-Length: 116
Content-Type: application/json; charset=utf-8
host: localhost:55196
accept: */*

Response DefaultHttpResponse(decodeResult: success, version: HTTP/1.1)
HTTP/1.1 200 OK
Content-Type: application/json; charset=utf-8
cache-control: no-cache
content-length: 88

10:39:26.432 [AsyncHttpClient-1-2] DEBUG org.asynchttpclient.netty.channel.ChannelManager - Adding key: http://localhost:55196 for channel [id: 0x87d77a6c, L:/127.0.0.1:56906 - R:localhost/127.0.0.1:55196]
10:39:26.436 [Forwarding getElementTagName on session 9816caeb41d32f13e879297b5f87a1dd to remote] DEBUG org.asynchttpclient.netty.request.NettyRequestSender - Using pooled Channel '[id: 0x87d77a6c, L:/127.0.0.1:56906 - R:localhost/127.0.0.1:55196]' for 'GET' to 'http://localhost:55196/session/9816caeb41d32f13e879297b5f87a1dd/element/3a993cfc-a81b-443a-941a-bd25e1b4bb13/name'
10:39:26.436 [Forwarding getElementTagName on session 9816caeb41d32f13e879297b5f87a1dd to remote] DEBUG org.asynchttpclient.netty.request.NettyRequestSender - Using open Channel [id: 0x87d77a6c, L:/127.0.0.1:56906 - R:localhost/127.0.0.1:55196] for GET '/session/9816caeb41d32f13e879297b5f87a1dd/element/3a993cfc-a81b-443a-941a-bd25e1b4bb13/name'
10:39:26.442 [AsyncHttpClient-1-2] DEBUG org.asynchttpclient.netty.handler.HttpHandler - 

Request DefaultFullHttpRequest(decodeResult: success, version: HTTP/1.1, content: EmptyByteBufBE)
GET /session/9816caeb41d32f13e879297b5f87a1dd/element/3a993cfc-a81b-443a-941a-bd25e1b4bb13/name HTTP/1.1
User-Agent: selenium/4.1.2 (java windows)
Cache-Control: no-cache
Content-Type: application/json; charset=utf-8
host: localhost:55196
accept: */*

Response DefaultHttpResponse(decodeResult: success, version: HTTP/1.1)
HTTP/1.1 200 OK
Content-Type: application/json; charset=utf-8
cache-control: no-cache
content-length: 18

10:39:26.442 [AsyncHttpClient-1-2] DEBUG org.asynchttpclient.netty.channel.ChannelManager - Adding key: http://localhost:55196 for channel [id: 0x87d77a6c, L:/127.0.0.1:56906 - R:localhost/127.0.0.1:55196]
10:39:26.444 [Forwarding getElementTagName on session 9816caeb41d32f13e879297b5f87a1dd to remote] DEBUG org.asynchttpclient.netty.request.NettyRequestSender - Using pooled Channel '[id: 0x87d77a6c, L:/127.0.0.1:56906 - R:localhost/127.0.0.1:55196]' for 'GET' to 'http://localhost:55196/session/9816caeb41d32f13e879297b5f87a1dd/element/3a993cfc-a81b-443a-941a-bd25e1b4bb13/name'
10:39:26.444 [Forwarding getElementTagName on session 9816caeb41d32f13e879297b5f87a1dd to remote] DEBUG org.asynchttpclient.netty.request.NettyRequestSender - Using open Channel [id: 0x87d77a6c, L:/127.0.0.1:56906 - R:localhost/127.0.0.1:55196] for GET '/session/9816caeb41d32f13e879297b5f87a1dd/element/3a993cfc-a81b-443a-941a-bd25e1b4bb13/name'
10:39:26.449 [AsyncHttpClient-1-2] DEBUG org.asynchttpclient.netty.handler.HttpHandler - 

Request DefaultFullHttpRequest(decodeResult: success, version: HTTP/1.1, content: EmptyByteBufBE)
GET /session/9816caeb41d32f13e879297b5f87a1dd/element/3a993cfc-a81b-443a-941a-bd25e1b4bb13/name HTTP/1.1
User-Agent: selenium/4.1.2 (java windows)
Cache-Control: no-cache
Content-Type: application/json; charset=utf-8
host: localhost:55196
accept: */*

Response DefaultHttpResponse(decodeResult: success, version: HTTP/1.1)
HTTP/1.1 200 OK
Content-Type: application/json; charset=utf-8
cache-control: no-cache
content-length: 18

10:39:26.449 [AsyncHttpClient-1-2] DEBUG org.asynchttpclient.netty.channel.ChannelManager - Adding key: http://localhost:55196 for channel [id: 0x87d77a6c, L:/127.0.0.1:56906 - R:localhost/127.0.0.1:55196]
10:39:26.453 [Forwarding isElementEnabled on session 9816caeb41d32f13e879297b5f87a1dd to remote] DEBUG org.asynchttpclient.netty.request.NettyRequestSender - Using pooled Channel '[id: 0x87d77a6c, L:/127.0.0.1:56906 - R:localhost/127.0.0.1:55196]' for 'GET' to 'http://localhost:55196/session/9816caeb41d32f13e879297b5f87a1dd/element/3a993cfc-a81b-443a-941a-bd25e1b4bb13/enabled'
10:39:26.453 [Forwarding isElementEnabled on session 9816caeb41d32f13e879297b5f87a1dd to remote] DEBUG org.asynchttpclient.netty.request.NettyRequestSender - Using open Channel [id: 0x87d77a6c, L:/127.0.0.1:56906 - R:localhost/127.0.0.1:55196] for GET '/session/9816caeb41d32f13e879297b5f87a1dd/element/3a993cfc-a81b-443a-941a-bd25e1b4bb13/enabled'
10:39:26.463 [AsyncHttpClient-1-2] DEBUG org.asynchttpclient.netty.handler.HttpHandler - 

Request DefaultFullHttpRequest(decodeResult: success, version: HTTP/1.1, content: EmptyByteBufBE)
GET /session/9816caeb41d32f13e879297b5f87a1dd/element/3a993cfc-a81b-443a-941a-bd25e1b4bb13/enabled HTTP/1.1
User-Agent: selenium/4.1.2 (java windows)
Cache-Control: no-cache
Content-Type: application/json; charset=utf-8
host: localhost:55196
accept: */*

Response DefaultHttpResponse(decodeResult: success, version: HTTP/1.1)
HTTP/1.1 200 OK
Content-Type: application/json; charset=utf-8
cache-control: no-cache
content-length: 14

10:39:26.463 [AsyncHttpClient-1-2] DEBUG org.asynchttpclient.netty.channel.ChannelManager - Adding key: http://localhost:55196 for channel [id: 0x87d77a6c, L:/127.0.0.1:56906 - R:localhost/127.0.0.1:55196]
10:39:26.465 [Forwarding isElementEnabled on session 9816caeb41d32f13e879297b5f87a1dd to remote] DEBUG org.asynchttpclient.netty.request.NettyRequestSender - Using pooled Channel '[id: 0x87d77a6c, L:/127.0.0.1:56906 - R:localhost/127.0.0.1:55196]' for 'GET' to 'http://localhost:55196/session/9816caeb41d32f13e879297b5f87a1dd/element/3a993cfc-a81b-443a-941a-bd25e1b4bb13/enabled'
10:39:26.466 [Forwarding isElementEnabled on session 9816caeb41d32f13e879297b5f87a1dd to remote] DEBUG org.asynchttpclient.netty.request.NettyRequestSender - Using open Channel [id: 0x87d77a6c, L:/127.0.0.1:56906 - R:localhost/127.0.0.1:55196] for GET '/session/9816caeb41d32f13e879297b5f87a1dd/element/3a993cfc-a81b-443a-941a-bd25e1b4bb13/enabled'
10:39:26.472 [AsyncHttpClient-1-2] DEBUG org.asynchttpclient.netty.handler.HttpHandler - 

Request DefaultFullHttpRequest(decodeResult: success, version: HTTP/1.1, content: EmptyByteBufBE)
GET /session/9816caeb41d32f13e879297b5f87a1dd/element/3a993cfc-a81b-443a-941a-bd25e1b4bb13/enabled HTTP/1.1
User-Agent: selenium/4.1.2 (java windows)
Cache-Control: no-cache
Content-Type: application/json; charset=utf-8
host: localhost:55196
accept: */*

Response DefaultHttpResponse(decodeResult: success, version: HTTP/1.1)
HTTP/1.1 200 OK
Content-Type: application/json; charset=utf-8
cache-control: no-cache
content-length: 14

10:39:26.473 [AsyncHttpClient-1-2] DEBUG org.asynchttpclient.netty.channel.ChannelManager - Adding key: http://localhost:55196 for channel [id: 0x87d77a6c, L:/127.0.0.1:56906 - R:localhost/127.0.0.1:55196]
10:39:26.476 [Forwarding findElement on session 9816caeb41d32f13e879297b5f87a1dd to remote] DEBUG org.asynchttpclient.netty.request.NettyRequestSender - Using pooled Channel '[id: 0x87d77a6c, L:/127.0.0.1:56906 - R:localhost/127.0.0.1:55196]' for 'POST' to 'http://localhost:55196/session/9816caeb41d32f13e879297b5f87a1dd/element'
10:39:26.476 [Forwarding findElement on session 9816caeb41d32f13e879297b5f87a1dd to remote] DEBUG org.asynchttpclient.netty.request.NettyRequestSender - Using open Channel [id: 0x87d77a6c, L:/127.0.0.1:56906 - R:localhost/127.0.0.1:55196] for POST '/session/9816caeb41d32f13e879297b5f87a1dd/element'
10:39:26.485 [AsyncHttpClient-1-2] DEBUG org.asynchttpclient.netty.handler.HttpHandler - 

Request DefaultHttpRequest(decodeResult: success, version: HTTP/1.1)
POST /session/9816caeb41d32f13e879297b5f87a1dd/element HTTP/1.1
User-Agent: selenium/4.1.2 (java windows)
Content-Length: 116
Content-Type: application/json; charset=utf-8
host: localhost:55196
accept: */*

Response DefaultHttpResponse(decodeResult: success, version: HTTP/1.1)
HTTP/1.1 200 OK
Content-Type: application/json; charset=utf-8
cache-control: no-cache
content-length: 88

10:39:26.485 [AsyncHttpClient-1-2] DEBUG org.asynchttpclient.netty.channel.ChannelManager - Adding key: http://localhost:55196 for channel [id: 0x87d77a6c, L:/127.0.0.1:56906 - R:localhost/127.0.0.1:55196]
10:39:26.488 [Forwarding clickElement on session 9816caeb41d32f13e879297b5f87a1dd to remote] DEBUG org.asynchttpclient.netty.request.NettyRequestSender - Using pooled Channel '[id: 0x87d77a6c, L:/127.0.0.1:56906 - R:localhost/127.0.0.1:55196]' for 'POST' to 'http://localhost:55196/session/9816caeb41d32f13e879297b5f87a1dd/element/3a993cfc-a81b-443a-941a-bd25e1b4bb13/click'
10:39:26.488 [Forwarding clickElement on session 9816caeb41d32f13e879297b5f87a1dd to remote] DEBUG org.asynchttpclient.netty.request.NettyRequestSender - Using open Channel [id: 0x87d77a6c, L:/127.0.0.1:56906 - R:localhost/127.0.0.1:55196] for POST '/session/9816caeb41d32f13e879297b5f87a1dd/element/3a993cfc-a81b-443a-941a-bd25e1b4bb13/click'
10:39:26.920 [AsyncHttpClient-1-2] DEBUG org.asynchttpclient.netty.handler.HttpHandler - 

Request DefaultHttpRequest(decodeResult: success, version: HTTP/1.1)
POST /session/9816caeb41d32f13e879297b5f87a1dd/element/3a993cfc-a81b-443a-941a-bd25e1b4bb13/click HTTP/1.1
User-Agent: selenium/4.1.2 (java windows)
Content-Length: 50
Content-Type: application/json; charset=utf-8
host: localhost:55196
accept: */*

Response DefaultHttpResponse(decodeResult: success, version: HTTP/1.1)
HTTP/1.1 200 OK
Content-Type: application/json; charset=utf-8
cache-control: no-cache
content-length: 14

10:39:26.920 [AsyncHttpClient-1-2] DEBUG org.asynchttpclient.netty.channel.ChannelManager - Adding key: http://localhost:55196 for channel [id: 0x87d77a6c, L:/127.0.0.1:56906 - R:localhost/127.0.0.1:55196]
10:39:26.964 [Forwarding screenshot on session 9816caeb41d32f13e879297b5f87a1dd to remote] DEBUG org.asynchttpclient.netty.request.NettyRequestSender - Using pooled Channel '[id: 0x87d77a6c, L:/127.0.0.1:56906 - R:localhost/127.0.0.1:55196]' for 'GET' to 'http://localhost:55196/session/9816caeb41d32f13e879297b5f87a1dd/screenshot'
10:39:26.964 [Forwarding screenshot on session 9816caeb41d32f13e879297b5f87a1dd to remote] DEBUG org.asynchttpclient.netty.request.NettyRequestSender - Using open Channel [id: 0x87d77a6c, L:/127.0.0.1:56906 - R:localhost/127.0.0.1:55196] for GET '/session/9816caeb41d32f13e879297b5f87a1dd/screenshot'
10:39:27.117 [AsyncHttpClient-1-2] DEBUG org.asynchttpclient.netty.handler.HttpHandler - 

Request DefaultFullHttpRequest(decodeResult: success, version: HTTP/1.1, content: EmptyByteBufBE)
GET /session/9816caeb41d32f13e879297b5f87a1dd/screenshot HTTP/1.1
User-Agent: selenium/4.1.2 (java windows)
Cache-Control: no-cache
Content-Type: application/json; charset=utf-8
host: localhost:55196
accept: */*

Response DefaultHttpResponse(decodeResult: success, version: HTTP/1.1)
HTTP/1.1 200 OK
Content-Type: application/json; charset=utf-8
cache-control: no-cache
content-length: 84476

10:39:27.119 [AsyncHttpClient-1-2] DEBUG org.asynchttpclient.netty.channel.ChannelManager - Adding key: http://localhost:55196 for channel [id: 0x87d77a6c, L:/127.0.0.1:56906 - R:localhost/127.0.0.1:55196]
10:39:27.124 [main] DEBUG net.serenitybdd.core.photography.Darkroom - Send negative for processing for target\site\serenity\d997b8ed4ea8f920a8c847825e2894bc6d2ac207688cb92ab7ceb4dbfef6cf22.png
10:39:27.124 [main] DEBUG net.thucydides.core.steps.StepInterceptor - STEP DONE: clickSubmitButton
10:39:27.125 [Darkroom Processing Line] DEBUG net.serenitybdd.core.photography.DarkroomProcessingLine - Processing screenshot image in /var/screenshots/screenshot-3621767988542964737
  &amp#27;[32mAnd &amp#27;[0m&amp#27;[32mI input valid data Appointment and click submit&amp#27;[0m             &amp#27;[90m# starter.stepdefinitions.AppointmentSteps.iInputValidDataAppointmentAndClickSubmit()&amp#27;[0m
10:39:27.125 [Darkroom Processing Line] DEBUG net.serenitybdd.core.photography.DarkroomProcessingLine - Saving screenshot to target\site\serenity\d997b8ed4ea8f920a8c847825e2894bc6d2ac207688cb92ab7ceb4dbfef6cf22.png
10:39:27.147 [main] DEBUG net.thucydides.core.steps.StepInterceptor - STARTING STEP: AppointmentSteps.iGetNewAppointmentHasBeenAddedResult - newAppointmentAdded
10:39:27.154 [Forwarding findElement on session 9816caeb41d32f13e879297b5f87a1dd to remote] DEBUG org.asynchttpclient.netty.request.NettyRequestSender - Using pooled Channel '[id: 0x87d77a6c, L:/127.0.0.1:56906 - R:localhost/127.0.0.1:55196]' for 'POST' to 'http://localhost:55196/session/9816caeb41d32f13e879297b5f87a1dd/element'
10:39:27.154 [Forwarding findElement on session 9816caeb41d32f13e879297b5f87a1dd to remote] DEBUG org.asynchttpclient.netty.request.NettyRequestSender - Using open Channel [id: 0x87d77a6c, L:/127.0.0.1:56906 - R:localhost/127.0.0.1:55196] for POST '/session/9816caeb41d32f13e879297b5f87a1dd/element'
10:39:27.365 [AsyncHttpClient-1-1] DEBUG org.asynchttpclient.netty.channel.DefaultChannelPool - Entry count for : http://localhost:56916 : 1
10:39:27.653 [AsyncHttpClient-1-2] DEBUG org.asynchttpclient.netty.handler.HttpHandler - 

Request DefaultHttpRequest(decodeResult: success, version: HTTP/1.1)
POST /session/9816caeb41d32f13e879297b5f87a1dd/element HTTP/1.1
User-Agent: selenium/4.1.2 (java windows)
Content-Length: 74
Content-Type: application/json; charset=utf-8
host: localhost:55196
accept: */*

Response DefaultHttpResponse(decodeResult: success, version: HTTP/1.1)
HTTP/1.1 200 OK
Content-Type: application/json; charset=utf-8
cache-control: no-cache
content-length: 88

10:39:27.653 [AsyncHttpClient-1-2] DEBUG org.asynchttpclient.netty.channel.ChannelManager - Adding key: http://localhost:55196 for channel [id: 0x87d77a6c, L:/127.0.0.1:56906 - R:localhost/127.0.0.1:55196]
10:39:27.658 [Forwarding isElementDisplayed on session 9816caeb41d32f13e879297b5f87a1dd to remote] DEBUG org.asynchttpclient.netty.request.NettyRequestSender - Using pooled Channel '[id: 0x87d77a6c, L:/127.0.0.1:56906 - R:localhost/127.0.0.1:55196]' for 'POST' to 'http://localhost:55196/session/9816caeb41d32f13e879297b5f87a1dd/execute/sync'
10:39:27.658 [Forwarding isElementDisplayed on session 9816caeb41d32f13e879297b5f87a1dd to remote] DEBUG org.asynchttpclient.netty.request.NettyRequestSender - Using open Channel [id: 0x87d77a6c, L:/127.0.0.1:56906 - R:localhost/127.0.0.1:55196] for POST '/session/9816caeb41d32f13e879297b5f87a1dd/execute/sync'
10:39:27.682 [AsyncHttpClient-1-2] DEBUG org.asynchttpclient.netty.handler.HttpHandler - 

Request DefaultHttpRequest(decodeResult: success, version: HTTP/1.1)
POST /session/9816caeb41d32f13e879297b5f87a1dd/execute/sync HTTP/1.1
User-Agent: selenium/4.1.2 (java windows)
Content-Length: 48780
Content-Type: application/json; charset=utf-8
host: localhost:55196
accept: */*

Response DefaultHttpResponse(decodeResult: success, version: HTTP/1.1)
HTTP/1.1 200 OK
Content-Type: application/json; charset=utf-8
cache-control: no-cache
content-length: 14

10:39:27.682 [AsyncHttpClient-1-2] DEBUG org.asynchttpclient.netty.channel.ChannelManager - Adding key: http://localhost:55196 for channel [id: 0x87d77a6c, L:/127.0.0.1:56906 - R:localhost/127.0.0.1:55196]
10:39:27.700 [Forwarding screenshot on session 9816caeb41d32f13e879297b5f87a1dd to remote] DEBUG org.asynchttpclient.netty.request.NettyRequestSender - Using pooled Channel '[id: 0x87d77a6c, L:/127.0.0.1:56906 - R:localhost/127.0.0.1:55196]' for 'GET' to 'http://localhost:55196/session/9816caeb41d32f13e879297b5f87a1dd/screenshot'
10:39:27.701 [Forwarding screenshot on session 9816caeb41d32f13e879297b5f87a1dd to remote] DEBUG org.asynchttpclient.netty.request.NettyRequestSender - Using open Channel [id: 0x87d77a6c, L:/127.0.0.1:56906 - R:localhost/127.0.0.1:55196] for GET '/session/9816caeb41d32f13e879297b5f87a1dd/screenshot'
10:39:27.854 [AsyncHttpClient-1-2] DEBUG org.asynchttpclient.netty.handler.HttpHandler - 

Request DefaultFullHttpRequest(decodeResult: success, version: HTTP/1.1, content: EmptyByteBufBE)
GET /session/9816caeb41d32f13e879297b5f87a1dd/screenshot HTTP/1.1
User-Agent: selenium/4.1.2 (java windows)
Cache-Control: no-cache
Content-Type: application/json; charset=utf-8
host: localhost:55196
accept: */*

Response DefaultHttpResponse(decodeResult: success, version: HTTP/1.1)
HTTP/1.1 200 OK
Content-Type: application/json; charset=utf-8
cache-control: no-cache
content-length: 103632

10:39:27.856 [AsyncHttpClient-1-2] DEBUG org.asynchttpclient.netty.channel.ChannelManager - Adding key: http://localhost:55196 for channel [id: 0x87d77a6c, L:/127.0.0.1:56906 - R:localhost/127.0.0.1:55196]
10:39:27.863 [main] DEBUG net.serenitybdd.core.photography.Darkroom - Send negative for processing for target\site\serenity\a1cbf442eb01a2957e61cbe1c9819433909a2ad836e695c8671643f92174c845.png
10:39:27.863 [main] DEBUG net.thucydides.core.steps.StepInterceptor - STEP DONE: newAppointmentAdded
10:39:27.863 [Darkroom Processing Line] DEBUG net.serenitybdd.core.photography.DarkroomProcessingLine - Processing screenshot image in /var/screenshots/screenshot-346644755821468599
10:39:27.863 [Darkroom Processing Line] DEBUG net.serenitybdd.core.photography.DarkroomProcessingLine - Saving screenshot to target\site\serenity\a1cbf442eb01a2957e61cbe1c9819433909a2ad836e695c8671643f92174c845.png
  &amp#27;[32mThen &amp#27;[0m&amp#27;[32mI get New Appointment has been added result&amp#27;[0m                &amp#27;[90m# starter.stepdefinitions.AppointmentSteps.iGetNewAppointmentHasBeenAddedResult()&amp#27;[0m
10:39:27.879 [main] INFO  - 
  _____   ___   ___   _____     ___     _     ___   ___   ___   ___  
 |_   _| | __| / __| |_   _|   | _ \   /_\   / __| / __| | __| |   \ 
   | |   | _|  \__ \   | |     |  _/  / _ \  \__ \ \__ \ | _|  | |) |
   |_|   |___| |___/   |_|     |_|   /_/ \_\ |___/ |___/ |___| |___/ 

Create New Appointment With Registered Patient Scenario
----------------------------------------------------------------------
10:39:28.257 [Driver Command Executor] DEBUG org.asynchttpclient.netty.request.NettyRequestSender - Using pooled Channel '[id: 0x87d77a6c, L:/127.0.0.1:56906 - R:localhost/127.0.0.1:55196]' for 'DELETE' to 'http://localhost:55196/session/9816caeb41d32f13e879297b5f87a1dd'
10:39:28.257 [Driver Command Executor] DEBUG org.asynchttpclient.netty.request.NettyRequestSender - Using open Channel [id: 0x87d77a6c, L:/127.0.0.1:56906 - R:localhost/127.0.0.1:55196] for DELETE '/session/9816caeb41d32f13e879297b5f87a1dd'
10:39:28.259 [AsyncHttpClient-1-4] DEBUG org.asynchttpclient.netty.handler.WebSocketHandler - Channel Closed: [id: 0x2ab12a12, L:/127.0.0.1:56947 ! R:localhost/127.0.0.1:56916] with attribute NettyResponseFuture{currentRetry=5,
	isDone=1,
	isCancelled=0,
	asyncHandler=org.asynchttpclient.ws.WebSocketUpgradeHandler@19052ec2,
	nettyRequest=org.asynchttpclient.netty.request.NettyRequest@6d93f139,
	future=java.util.concurrent.CompletableFuture@2965b069[Completed normally],
	uri=ws://localhost:56916/devtools/browser/bf4a2959-ab1f-4f53-a7e4-c9df41eb86cb,
	keepAlive=true,
	redirectCount=0,
	timeoutsHolder=null,
	inAuth=0,
	touch=1655782717595}
10:39:28.260 [AsyncHttpClient-1-4] DEBUG org.asynchttpclient.netty.channel.ChannelManager - Closing Channel [id: 0x2ab12a12, L:/127.0.0.1:56947 ! R:localhost/127.0.0.1:56916] 
10:39:28.463 [AsyncHttpClient-1-1] DEBUG org.asynchttpclient.netty.channel.DefaultChannelPool - Entry count for : http://localhost:56916 : 1
10:39:28.540 [AsyncHttpClient-1-3] DEBUG org.asynchttpclient.netty.handler.HttpHandler - Unexpected I/O exception on channel [id: 0x29d10603, L:/127.0.0.1:56945 - R:localhost/127.0.0.1:56916]
java.net.SocketException: Connection reset
	at java.base/sun.nio.ch.SocketChannelImpl.throwConnectionReset(SocketChannelImpl.java:367)
	at java.base/sun.nio.ch.SocketChannelImpl.read(SocketChannelImpl.java:398)
	at io.netty.buffer.PooledByteBuf.setBytes(PooledByteBuf.java:258)
	at io.netty.buffer.AbstractByteBuf.writeBytes(AbstractByteBuf.java:1132)
	at io.netty.channel.socket.nio.NioSocketChannel.doReadBytes(NioSocketChannel.java:350)
	at io.netty.channel.nio.AbstractNioByteChannel$NioByteUnsafe.read(AbstractNioByteChannel.java:151)
	at io.netty.channel.nio.NioEventLoop.processSelectedKey(NioEventLoop.java:722)
	at io.netty.channel.nio.NioEventLoop.processSelectedKeysOptimized(NioEventLoop.java:658)
	at io.netty.channel.nio.NioEventLoop.processSelectedKeys(NioEventLoop.java:584)
	at io.netty.channel.nio.NioEventLoop.run(NioEventLoop.java:496)
	at io.netty.util.concurrent.SingleThreadEventExecutor$4.run(SingleThreadEventExecutor.java:986)
	at io.netty.util.internal.ThreadExecutorMap$2.run(ThreadExecutorMap.java:74)
	at io.netty.util.concurrent.FastThreadLocalRunnable.run(FastThreadLocalRunnable.java:30)
	at java.base/java.lang.Thread.run(Thread.java:832)
10:39:28.540 [AsyncHttpClient-1-3] DEBUG org.asynchttpclient.netty.channel.ChannelManager - Closing Channel [id: 0x29d10603, L:/127.0.0.1:56945 - R:localhost/127.0.0.1:56916] 
10:39:28.553 [AsyncHttpClient-1-3] DEBUG org.asynchttpclient.netty.handler.HttpHandler - Channel Closed: [id: 0x29d10603, L:/127.0.0.1:56945 ! R:localhost/127.0.0.1:56916] with attribute DISCARD
10:39:28.656 [AsyncHttpClient-1-2] DEBUG org.asynchttpclient.netty.handler.HttpHandler - 

Request DefaultFullHttpRequest(decodeResult: success, version: HTTP/1.1, content: EmptyByteBufBE)
DELETE /session/9816caeb41d32f13e879297b5f87a1dd HTTP/1.1
User-Agent: selenium/4.1.2 (java windows)
Content-Type: application/json; charset=utf-8
host: localhost:55196
accept: */*

Response DefaultHttpResponse(decodeResult: success, version: HTTP/1.1)
HTTP/1.1 200 OK
Content-Type: application/json; charset=utf-8
cache-control: no-cache
content-length: 14

10:39:28.656 [AsyncHttpClient-1-2] DEBUG org.asynchttpclient.netty.channel.ChannelManager - Adding key: http://localhost:55196 for channel [id: 0x87d77a6c, L:/127.0.0.1:56906 - R:localhost/127.0.0.1:55196]
10:39:29.346 [AsyncHttpClient-1-2] DEBUG org.asynchttpclient.netty.handler.HttpHandler - Channel Closed: [id: 0x87d77a6c, L:/127.0.0.1:56906 ! R:localhost/127.0.0.1:55196] with attribute DISCARD
10:39:29.564 [AsyncHttpClient-1-1] DEBUG org.asynchttpclient.netty.channel.DefaultChannelPool - Entry count for : http://localhost:56916 : 1
10:39:29.564 [AsyncHttpClient-1-1] DEBUG org.asynchttpclient.netty.channel.DefaultChannelPool - Entry count for : http://localhost:55196 : 1
10:39:29.564 [AsyncHttpClient-1-1] DEBUG org.asynchttpclient.netty.channel.DefaultChannelPool - Adding Candidate expired Channel [id: 0x29d10603, L:/127.0.0.1:56945 ! R:localhost/127.0.0.1:56916] isIdleTimeoutExpired=false isRemotelyClosed=true isTtlExpired=false
10:39:29.564 [AsyncHttpClient-1-1] DEBUG org.asynchttpclient.netty.channel.DefaultChannelPool - Closing Idle Channel [id: 0x29d10603, L:/127.0.0.1:56945 ! R:localhost/127.0.0.1:56916]
10:39:29.565 [AsyncHttpClient-1-1] DEBUG org.asynchttpclient.netty.channel.DefaultChannelPool - Adding Candidate expired Channel [id: 0x87d77a6c, L:/127.0.0.1:56906 ! R:localhost/127.0.0.1:55196] isIdleTimeoutExpired=false isRemotelyClosed=true isTtlExpired=false
10:39:29.566 [AsyncHttpClient-1-1] DEBUG org.asynchttpclient.netty.channel.DefaultChannelPool - Closing Idle Channel [id: 0x87d77a6c, L:/127.0.0.1:56906 ! R:localhost/127.0.0.1:55196]
10:39:29.566 [AsyncHttpClient-1-1] DEBUG org.asynchttpclient.netty.channel.DefaultChannelPool - Closed 2 connections out of 2 in 2 ms
]]></system-out>
    <system-err><![CDATA[Starting ChromeDriver 102.0.5005.61 (0e59bcc00cc4985ce39ad31c150065f159d95ad3-refs/branch-heads/5005@{#819}) on port 55196
Only local connections are allowed.
Please see https://chromedriver.chromium.org/security-considerations for suggestions on keeping ChromeDriver safe.
ChromeDriver was started successfully.
Jun 21, 2022 10:38:36 AM org.openqa.selenium.remote.ProtocolHandshake createSession
INFO: Detected dialect: W3C
Jun 21, 2022 10:38:37 AM org.openqa.selenium.devtools.CdpVersionFinder findNearestMatch
WARNING: Unable to find an exact match for CDP version 102, so returning the closest version found: a no-op implementation
Jun 21, 2022 10:38:37 AM org.openqa.selenium.devtools.CdpVersionFinder findNearestMatch
INFO: Unable to find CDP implementation matching 102.
Jun 21, 2022 10:38:37 AM org.openqa.selenium.chromium.ChromiumDriver lambda$new$3
WARNING: Unable to find version of CDP to use for . You may need to include a dependency on a specific version of the CDP using something similar to `org.seleniumhq.selenium:selenium-devtools-v86:4.1.2` where the version ("v86") matches the version of the chromium-based browser you're using and the version number of the artifact is the same as Selenium's.
]]></system-err>
  </testcase>
  <testcase name="Create New Appointment With Unregistered Patient Scenario" classname="Appointment" time="47.919">
    <system-out><![CDATA[
@Appointment @CreateUnregisAppointment
Scenario: Create New Appointment With Unregistered Patient Scenario &amp#27;[90m# src/test/resources/features/1.Appointment.feature:18&amp#27;[0m
10:39:30.095 [main] INFO io.cucumber.core.plugin.SerenityReporter - Running feature from file:///E:/My%20Documents/File%20Difa/TI%20Semester%206%20Kampus%20Merdeka%20Alterra/Tugas/CAPSTONE%20Project/Capstone-Project-Website/src/test/resources/features/1.Appointment.feature
10:39:30.098 [main] INFO  - 
  _____   ___   ___   _____     ___   _____     _     ___   _____   ___   ___  
 |_   _| | __| / __| |_   _|   / __| |_   _|   /_\   | _ \ |_   _| | __| |   \ 
   | |   | _|  \__ \   | |     \__ \   | |    / _ \  |   /   | |   | _|  | |) |
   |_|   |___| |___/   |_|     |___/   |_|   /_/ \_\ |_|_\   |_|   |___| |___/ 

Create New Appointment With Unregistered Patient Scenario(appointment;create-new-appointment-with-unregistered-patient-scenario)
--------------------------------------------------------------------------------
10:39:30.150 [main] DEBUG net.thucydides.core.steps.StepInterceptor - STARTING STEP: DashboardSteps.iAmOnTheDashboardPage - openUrl
10:39:30.158 [main] INFO net.serenitybdd.core.webdriver.driverproviders.ChromeDriverProvider - Using automatically driver download
10:39:30.652 [main] DEBUG io.github.bonigarcia.wdm.cache.ResolutionCache - Resolution chrome=102 in cache (valid until 11:37:46 21/06/2022 ICT)
10:39:30.681 [main] DEBUG io.github.bonigarcia.wdm.cache.ResolutionCache - Resolution chrome102=102.0.5005.61 in cache (valid until 09:22:16 22/06/2022 ICT)
10:39:30.687 [main] INFO io.github.bonigarcia.wdm.WebDriverManager - Using chromedriver 102.0.5005.61 (resolved driver for Chrome 102)
10:39:30.839 [main] DEBUG io.github.bonigarcia.wdm.WebDriverManager - Driver chromedriver 102.0.5005.61 found in cache
10:39:30.843 [main] INFO io.github.bonigarcia.wdm.WebDriverManager - Exporting webdriver.chrome.driver as C:\Users\USER\.cache\selenium\chromedriver\win32\102.0.5005.61\chromedriver.exe
10:39:31.075 [main] DEBUG net.serenitybdd.core.webdriver.driverproviders.ProvideNewDriver - Instantiating driver
10:39:31.075 [main] DEBUG net.serenitybdd.core.webdriver.driverproviders.ProvideNewDriver - Driver capabilities: Capabilities {acceptInsecureCerts: false, base.url: https://hospital-management..., browserName: chrome, chrome.driver: src/test/resources/webdrive..., driver: chrome, goog:chromeOptions: {args: [], extensions: []}}
10:39:33.949 [AsyncHttpClient-1-5] DEBUG org.asynchttpclient.netty.channel.NettyConnectListener - Using new Channel '[id: 0xbae439c6, L:/127.0.0.1:57016 - R:localhost/127.0.0.1:52515]' for 'POST' to '/session'
10:39:52.188 [AsyncHttpClient-1-5] DEBUG org.asynchttpclient.netty.handler.HttpHandler - 

Request DefaultHttpRequest(decodeResult: success, version: HTTP/1.1)
POST /session HTTP/1.1
User-Agent: selenium/4.1.2 (java windows)
Content-Length: 621
Content-Type: application/json; charset=utf-8
host: localhost:52515
accept: */*

Response DefaultHttpResponse(decodeResult: success, version: HTTP/1.1)
HTTP/1.1 200 OK
Content-Type: application/json; charset=utf-8
cache-control: no-cache
content-length: 789

10:39:52.190 [AsyncHttpClient-1-5] DEBUG org.asynchttpclient.netty.channel.ChannelManager - Adding key: http://localhost:52515 for channel [id: 0xbae439c6, L:/127.0.0.1:57016 - R:localhost/127.0.0.1:52515]
10:39:52.202 [AsyncHttpClient-1-6] DEBUG org.asynchttpclient.netty.channel.NettyConnectListener - Using new Channel '[id: 0x8741e532, L:/127.0.0.1:57040 - R:localhost/127.0.0.1:57028]' for 'GET' to '/json/version'
10:39:52.222 [AsyncHttpClient-1-6] DEBUG org.asynchttpclient.netty.handler.HttpHandler - 

Request DefaultFullHttpRequest(decodeResult: success, version: HTTP/1.1, content: EmptyByteBufBE)
GET /json/version HTTP/1.1
User-Agent: selenium/4.1.2 (java windows)
host: localhost:57028
accept: */*

Response DefaultHttpResponse(decodeResult: success, version: HTTP/1.1)
HTTP/1.1 200 OK
Content-Type: application/json; charset=UTF-8
content-length: 427

10:39:52.222 [AsyncHttpClient-1-6] DEBUG org.asynchttpclient.netty.channel.ChannelManager - Adding key: http://localhost:57028 for channel [id: 0x8741e532, L:/127.0.0.1:57040 - R:localhost/127.0.0.1:57028]
10:39:52.226 [AsyncHttpClient-1-7] DEBUG org.asynchttpclient.netty.channel.NettyConnectListener - Using new Channel '[id: 0x43c965a3, L:/127.0.0.1:57041 - R:localhost/127.0.0.1:57028]' for 'GET' to '/devtools/browser/d4a4d830-5b8e-4b21-bebb-5388ce4a7bae'
10:39:52.238 [AsyncHttpClient-1-7] DEBUG org.asynchttpclient.netty.handler.WebSocketHandler - 

Request DefaultFullHttpRequest(decodeResult: success, version: HTTP/1.1, content: EmptyByteBufBE)
GET /devtools/browser/d4a4d830-5b8e-4b21-bebb-5388ce4a7bae HTTP/1.1
upgrade: websocket
connection: upgrade
sec-websocket-key: UUThsVm+dDY/zDwyVrwsxA==
sec-websocket-version: 13
origin: http://localhost:57028
host: localhost:57028
accept: */*
user-agent: AHC/2.1

Response DefaultHttpResponse(decodeResult: success, version: HTTP/1.1)
HTTP/1.1 101 WebSocket Protocol Handshake
Upgrade: WebSocket
Connection: Upgrade
Sec-WebSocket-Accept: W1ysCa2Vn0hBOr7z+iuV29lbpAY=

10:39:52.245 [Forwarding maximizeCurrentWindow on session ea25f7ee30d4c87aa4baac0b37a319a6 to remote] DEBUG org.asynchttpclient.netty.request.NettyRequestSender - Using pooled Channel '[id: 0xbae439c6, L:/127.0.0.1:57016 - R:localhost/127.0.0.1:52515]' for 'POST' to 'http://localhost:52515/session/ea25f7ee30d4c87aa4baac0b37a319a6/window/maximize'
10:39:52.246 [Forwarding maximizeCurrentWindow on session ea25f7ee30d4c87aa4baac0b37a319a6 to remote] DEBUG org.asynchttpclient.netty.request.NettyRequestSender - Using open Channel [id: 0xbae439c6, L:/127.0.0.1:57016 - R:localhost/127.0.0.1:52515] for POST '/session/ea25f7ee30d4c87aa4baac0b37a319a6/window/maximize'
10:39:52.664 [AsyncHttpClient-1-1] DEBUG org.asynchttpclient.netty.channel.DefaultChannelPool - Entry count for : http://localhost:57028 : 1
10:39:52.723 [AsyncHttpClient-1-5] DEBUG org.asynchttpclient.netty.handler.HttpHandler - 

Request DefaultHttpRequest(decodeResult: success, version: HTTP/1.1)
POST /session/ea25f7ee30d4c87aa4baac0b37a319a6/window/maximize HTTP/1.1
User-Agent: selenium/4.1.2 (java windows)
Content-Length: 3
Content-Type: application/json; charset=utf-8
host: localhost:52515
accept: */*

Response DefaultHttpResponse(decodeResult: success, version: HTTP/1.1)
HTTP/1.1 200 OK
Content-Type: application/json; charset=utf-8
cache-control: no-cache
content-length: 51

10:39:52.725 [AsyncHttpClient-1-5] DEBUG org.asynchttpclient.netty.channel.ChannelManager - Adding key: http://localhost:52515 for channel [id: 0xbae439c6, L:/127.0.0.1:57016 - R:localhost/127.0.0.1:52515]
10:39:52.733 [Forwarding get on session ea25f7ee30d4c87aa4baac0b37a319a6 to remote] DEBUG org.asynchttpclient.netty.request.NettyRequestSender - Using pooled Channel '[id: 0xbae439c6, L:/127.0.0.1:57016 - R:localhost/127.0.0.1:52515]' for 'POST' to 'http://localhost:52515/session/ea25f7ee30d4c87aa4baac0b37a319a6/url'
10:39:52.733 [Forwarding get on session ea25f7ee30d4c87aa4baac0b37a319a6 to remote] DEBUG org.asynchttpclient.netty.request.NettyRequestSender - Using open Channel [id: 0xbae439c6, L:/127.0.0.1:57016 - R:localhost/127.0.0.1:52515] for POST '/session/ea25f7ee30d4c87aa4baac0b37a319a6/url'
10:39:53.765 [AsyncHttpClient-1-1] DEBUG org.asynchttpclient.netty.channel.DefaultChannelPool - Entry count for : http://localhost:57028 : 1
10:39:54.864 [AsyncHttpClient-1-1] DEBUG org.asynchttpclient.netty.channel.DefaultChannelPool - Entry count for : http://localhost:57028 : 1
10:39:55.964 [AsyncHttpClient-1-1] DEBUG org.asynchttpclient.netty.channel.DefaultChannelPool - Entry count for : http://localhost:57028 : 1
10:39:57.064 [AsyncHttpClient-1-1] DEBUG org.asynchttpclient.netty.channel.DefaultChannelPool - Entry count for : http://localhost:57028 : 1
10:39:58.168 [AsyncHttpClient-1-1] DEBUG org.asynchttpclient.netty.channel.DefaultChannelPool - Entry count for : http://localhost:57028 : 1
10:39:59.264 [AsyncHttpClient-1-1] DEBUG org.asynchttpclient.netty.channel.DefaultChannelPool - Entry count for : http://localhost:57028 : 1
10:39:59.573 [AsyncHttpClient-1-5] DEBUG org.asynchttpclient.netty.handler.HttpHandler - 

Request DefaultHttpRequest(decodeResult: success, version: HTTP/1.1)
POST /session/ea25f7ee30d4c87aa4baac0b37a319a6/url HTTP/1.1
User-Agent: selenium/4.1.2 (java windows)
Content-Length: 65
Content-Type: application/json; charset=utf-8
host: localhost:52515
accept: */*

Response DefaultHttpResponse(decodeResult: success, version: HTTP/1.1)
HTTP/1.1 200 OK
Content-Type: application/json; charset=utf-8
cache-control: no-cache
content-length: 14

10:39:59.574 [AsyncHttpClient-1-5] DEBUG org.asynchttpclient.netty.channel.ChannelManager - Adding key: http://localhost:52515 for channel [id: 0xbae439c6, L:/127.0.0.1:57016 - R:localhost/127.0.0.1:52515]
10:39:59.582 [Forwarding setTimeout on session ea25f7ee30d4c87aa4baac0b37a319a6 to remote] DEBUG org.asynchttpclient.netty.request.NettyRequestSender - Using pooled Channel '[id: 0xbae439c6, L:/127.0.0.1:57016 - R:localhost/127.0.0.1:52515]' for 'POST' to 'http://localhost:52515/session/ea25f7ee30d4c87aa4baac0b37a319a6/timeouts'
10:39:59.582 [Forwarding setTimeout on session ea25f7ee30d4c87aa4baac0b37a319a6 to remote] DEBUG org.asynchttpclient.netty.request.NettyRequestSender - Using open Channel [id: 0xbae439c6, L:/127.0.0.1:57016 - R:localhost/127.0.0.1:52515] for POST '/session/ea25f7ee30d4c87aa4baac0b37a319a6/timeouts'
10:40:00.127 [AsyncHttpClient-1-5] DEBUG org.asynchttpclient.netty.handler.HttpHandler - 

Request DefaultHttpRequest(decodeResult: success, version: HTTP/1.1)
POST /session/ea25f7ee30d4c87aa4baac0b37a319a6/timeouts HTTP/1.1
User-Agent: selenium/4.1.2 (java windows)
Content-Length: 22
Content-Type: application/json; charset=utf-8
host: localhost:52515
accept: */*

Response DefaultHttpResponse(decodeResult: success, version: HTTP/1.1)
HTTP/1.1 200 OK
Content-Type: application/json; charset=utf-8
cache-control: no-cache
content-length: 14

10:40:00.129 [AsyncHttpClient-1-5] DEBUG org.asynchttpclient.netty.channel.ChannelManager - Adding key: http://localhost:52515 for channel [id: 0xbae439c6, L:/127.0.0.1:57016 - R:localhost/127.0.0.1:52515]
10:40:00.150 [Forwarding getCurrentUrl on session ea25f7ee30d4c87aa4baac0b37a319a6 to remote] DEBUG org.asynchttpclient.netty.request.NettyRequestSender - Using pooled Channel '[id: 0xbae439c6, L:/127.0.0.1:57016 - R:localhost/127.0.0.1:52515]' for 'GET' to 'http://localhost:52515/session/ea25f7ee30d4c87aa4baac0b37a319a6/url'
10:40:00.151 [Forwarding getCurrentUrl on session ea25f7ee30d4c87aa4baac0b37a319a6 to remote] DEBUG org.asynchttpclient.netty.request.NettyRequestSender - Using open Channel [id: 0xbae439c6, L:/127.0.0.1:57016 - R:localhost/127.0.0.1:52515] for GET '/session/ea25f7ee30d4c87aa4baac0b37a319a6/url'
10:40:00.365 [AsyncHttpClient-1-1] DEBUG org.asynchttpclient.netty.channel.DefaultChannelPool - Entry count for : http://localhost:57028 : 1
10:40:01.465 [AsyncHttpClient-1-1] DEBUG org.asynchttpclient.netty.channel.DefaultChannelPool - Entry count for : http://localhost:57028 : 1
10:40:01.536 [AsyncHttpClient-1-5] DEBUG org.asynchttpclient.netty.handler.HttpHandler - 

Request DefaultFullHttpRequest(decodeResult: success, version: HTTP/1.1, content: EmptyByteBufBE)
GET /session/ea25f7ee30d4c87aa4baac0b37a319a6/url HTTP/1.1
User-Agent: selenium/4.1.2 (java windows)
Cache-Control: no-cache
Content-Type: application/json; charset=utf-8
host: localhost:52515
accept: */*

Response DefaultHttpResponse(decodeResult: success, version: HTTP/1.1)
HTTP/1.1 200 OK
Content-Type: application/json; charset=utf-8
cache-control: no-cache
content-length: 53

10:40:01.537 [AsyncHttpClient-1-5] DEBUG org.asynchttpclient.netty.channel.ChannelManager - Adding key: http://localhost:52515 for channel [id: 0xbae439c6, L:/127.0.0.1:57016 - R:localhost/127.0.0.1:52515]
10:40:01.553 [Forwarding getCurrentUrl on session ea25f7ee30d4c87aa4baac0b37a319a6 to remote] DEBUG org.asynchttpclient.netty.request.NettyRequestSender - Using pooled Channel '[id: 0xbae439c6, L:/127.0.0.1:57016 - R:localhost/127.0.0.1:52515]' for 'GET' to 'http://localhost:52515/session/ea25f7ee30d4c87aa4baac0b37a319a6/url'
10:40:01.554 [Forwarding getCurrentUrl on session ea25f7ee30d4c87aa4baac0b37a319a6 to remote] DEBUG org.asynchttpclient.netty.request.NettyRequestSender - Using open Channel [id: 0xbae439c6, L:/127.0.0.1:57016 - R:localhost/127.0.0.1:52515] for GET '/session/ea25f7ee30d4c87aa4baac0b37a319a6/url'
10:40:01.569 [AsyncHttpClient-1-5] DEBUG org.asynchttpclient.netty.handler.HttpHandler - 

Request DefaultFullHttpRequest(decodeResult: success, version: HTTP/1.1, content: EmptyByteBufBE)
GET /session/ea25f7ee30d4c87aa4baac0b37a319a6/url HTTP/1.1
User-Agent: selenium/4.1.2 (java windows)
Cache-Control: no-cache
Content-Type: application/json; charset=utf-8
host: localhost:52515
accept: */*

Response DefaultHttpResponse(decodeResult: success, version: HTTP/1.1)
HTTP/1.1 200 OK
Content-Type: application/json; charset=utf-8
cache-control: no-cache
content-length: 53

10:40:01.570 [AsyncHttpClient-1-5] DEBUG org.asynchttpclient.netty.channel.ChannelManager - Adding key: http://localhost:52515 for channel [id: 0xbae439c6, L:/127.0.0.1:57016 - R:localhost/127.0.0.1:52515]
10:40:01.583 [Forwarding screenshot on session ea25f7ee30d4c87aa4baac0b37a319a6 to remote] DEBUG org.asynchttpclient.netty.request.NettyRequestSender - Using pooled Channel '[id: 0xbae439c6, L:/127.0.0.1:57016 - R:localhost/127.0.0.1:52515]' for 'GET' to 'http://localhost:52515/session/ea25f7ee30d4c87aa4baac0b37a319a6/screenshot'
10:40:01.583 [Forwarding screenshot on session ea25f7ee30d4c87aa4baac0b37a319a6 to remote] DEBUG org.asynchttpclient.netty.request.NettyRequestSender - Using open Channel [id: 0xbae439c6, L:/127.0.0.1:57016 - R:localhost/127.0.0.1:52515] for GET '/session/ea25f7ee30d4c87aa4baac0b37a319a6/screenshot'
10:40:02.565 [AsyncHttpClient-1-1] DEBUG org.asynchttpclient.netty.channel.DefaultChannelPool - Entry count for : http://localhost:57028 : 1
10:40:03.663 [AsyncHttpClient-1-1] DEBUG org.asynchttpclient.netty.channel.DefaultChannelPool - Entry count for : http://localhost:57028 : 1
10:40:03.973 [AsyncHttpClient-1-5] DEBUG org.asynchttpclient.netty.handler.HttpHandler - 

Request DefaultFullHttpRequest(decodeResult: success, version: HTTP/1.1, content: EmptyByteBufBE)
GET /session/ea25f7ee30d4c87aa4baac0b37a319a6/screenshot HTTP/1.1
User-Agent: selenium/4.1.2 (java windows)
Cache-Control: no-cache
Content-Type: application/json; charset=utf-8
host: localhost:52515
accept: */*

Response DefaultHttpResponse(decodeResult: success, version: HTTP/1.1)
HTTP/1.1 200 OK
Content-Type: application/json; charset=utf-8
cache-control: no-cache
content-length: 351816

10:40:03.980 [AsyncHttpClient-1-5] DEBUG org.asynchttpclient.netty.channel.ChannelManager - Adding key: http://localhost:52515 for channel [id: 0xbae439c6, L:/127.0.0.1:57016 - R:localhost/127.0.0.1:52515]
10:40:04.019 [main] DEBUG net.serenitybdd.core.photography.Darkroom - Send negative for processing for target\site\serenity\20277f1d76f1b925628464fcd1ece5de77a814679d1be3fdcf836a7ddadfed60.png
10:40:04.020 [main] DEBUG net.thucydides.core.steps.StepInterceptor - STEP DONE: openUrl
10:40:04.032 [main] DEBUG net.thucydides.core.steps.StepInterceptor - STARTING STEP: DashboardSteps.iAmOnTheDashboardPage - validateOnDashboardPage
10:40:04.036 [Forwarding findElement on session ea25f7ee30d4c87aa4baac0b37a319a6 to remote] DEBUG org.asynchttpclient.netty.request.NettyRequestSender - Using pooled Channel '[id: 0xbae439c6, L:/127.0.0.1:57016 - R:localhost/127.0.0.1:52515]' for 'POST' to 'http://localhost:52515/session/ea25f7ee30d4c87aa4baac0b37a319a6/element'
10:40:04.037 [Forwarding findElement on session ea25f7ee30d4c87aa4baac0b37a319a6 to remote] DEBUG org.asynchttpclient.netty.request.NettyRequestSender - Using open Channel [id: 0xbae439c6, L:/127.0.0.1:57016 - R:localhost/127.0.0.1:52515] for POST '/session/ea25f7ee30d4c87aa4baac0b37a319a6/element'
10:40:04.742 [AsyncHttpClient-1-5] DEBUG org.asynchttpclient.netty.handler.HttpHandler - 

Request DefaultHttpRequest(decodeResult: success, version: HTTP/1.1)
POST /session/ea25f7ee30d4c87aa4baac0b37a319a6/element HTTP/1.1
User-Agent: selenium/4.1.2 (java windows)
Content-Length: 81
Content-Type: application/json; charset=utf-8
host: localhost:52515
accept: */*

Response DefaultHttpResponse(decodeResult: success, version: HTTP/1.1)
HTTP/1.1 200 OK
Content-Type: application/json; charset=utf-8
cache-control: no-cache
content-length: 88

10:40:04.742 [AsyncHttpClient-1-5] DEBUG org.asynchttpclient.netty.channel.ChannelManager - Adding key: http://localhost:52515 for channel [id: 0xbae439c6, L:/127.0.0.1:57016 - R:localhost/127.0.0.1:52515]
10:40:04.752 [Forwarding isElementDisplayed on session ea25f7ee30d4c87aa4baac0b37a319a6 to remote] DEBUG org.asynchttpclient.netty.request.NettyRequestSender - Using pooled Channel '[id: 0xbae439c6, L:/127.0.0.1:57016 - R:localhost/127.0.0.1:52515]' for 'POST' to 'http://localhost:52515/session/ea25f7ee30d4c87aa4baac0b37a319a6/execute/sync'
10:40:04.752 [Forwarding isElementDisplayed on session ea25f7ee30d4c87aa4baac0b37a319a6 to remote] DEBUG org.asynchttpclient.netty.request.NettyRequestSender - Using open Channel [id: 0xbae439c6, L:/127.0.0.1:57016 - R:localhost/127.0.0.1:52515] for POST '/session/ea25f7ee30d4c87aa4baac0b37a319a6/execute/sync'
10:40:04.768 [AsyncHttpClient-1-1] DEBUG org.asynchttpclient.netty.channel.DefaultChannelPool - Entry count for : http://localhost:57028 : 1
10:40:04.932 [AsyncHttpClient-1-5] DEBUG org.asynchttpclient.netty.handler.HttpHandler - 

Request DefaultHttpRequest(decodeResult: success, version: HTTP/1.1)
POST /session/ea25f7ee30d4c87aa4baac0b37a319a6/execute/sync HTTP/1.1
User-Agent: selenium/4.1.2 (java windows)
Content-Length: 48780
Content-Type: application/json; charset=utf-8
host: localhost:52515
accept: */*

Response DefaultHttpResponse(decodeResult: success, version: HTTP/1.1)
HTTP/1.1 200 OK
Content-Type: application/json; charset=utf-8
cache-control: no-cache
content-length: 14

10:40:04.933 [AsyncHttpClient-1-5] DEBUG org.asynchttpclient.netty.channel.ChannelManager - Adding key: http://localhost:52515 for channel [id: 0xbae439c6, L:/127.0.0.1:57016 - R:localhost/127.0.0.1:52515]
10:40:04.948 [Forwarding screenshot on session ea25f7ee30d4c87aa4baac0b37a319a6 to remote] DEBUG org.asynchttpclient.netty.request.NettyRequestSender - Using pooled Channel '[id: 0xbae439c6, L:/127.0.0.1:57016 - R:localhost/127.0.0.1:52515]' for 'GET' to 'http://localhost:52515/session/ea25f7ee30d4c87aa4baac0b37a319a6/screenshot'
10:40:04.949 [Forwarding screenshot on session ea25f7ee30d4c87aa4baac0b37a319a6 to remote] DEBUG org.asynchttpclient.netty.request.NettyRequestSender - Using open Channel [id: 0xbae439c6, L:/127.0.0.1:57016 - R:localhost/127.0.0.1:52515] for GET '/session/ea25f7ee30d4c87aa4baac0b37a319a6/screenshot'
10:40:05.199 [AsyncHttpClient-1-5] DEBUG org.asynchttpclient.netty.handler.HttpHandler - 

Request DefaultFullHttpRequest(decodeResult: success, version: HTTP/1.1, content: EmptyByteBufBE)
GET /session/ea25f7ee30d4c87aa4baac0b37a319a6/screenshot HTTP/1.1
User-Agent: selenium/4.1.2 (java windows)
Cache-Control: no-cache
Content-Type: application/json; charset=utf-8
host: localhost:52515
accept: */*

Response DefaultHttpResponse(decodeResult: success, version: HTTP/1.1)
HTTP/1.1 200 OK
Content-Type: application/json; charset=utf-8
cache-control: no-cache
content-length: 351816

10:40:05.202 [AsyncHttpClient-1-5] DEBUG org.asynchttpclient.netty.channel.ChannelManager - Adding key: http://localhost:52515 for channel [id: 0xbae439c6, L:/127.0.0.1:57016 - R:localhost/127.0.0.1:52515]
10:40:05.232 [main] DEBUG net.serenitybdd.core.photography.Darkroom - Send negative for processing for target\site\serenity\20277f1d76f1b925628464fcd1ece5de77a814679d1be3fdcf836a7ddadfed60.png
10:40:05.233 [main] DEBUG net.thucydides.core.steps.StepInterceptor - STEP DONE: validateOnDashboardPage
  &amp#27;[32mGiven &amp#27;[0m&amp#27;[32mI am on the dashboard page&amp#27;[0m                                  &amp#27;[90m# starter.stepdefinitions.DashboardSteps.iAmOnTheDashboardPage()&amp#27;[0m
10:40:05.279 [main] DEBUG net.thucydides.core.steps.StepInterceptor - STARTING STEP: AppointmentSteps.iClickMenuAppointment - clickMenuAppointmentButton
10:40:05.283 [Forwarding findElement on session ea25f7ee30d4c87aa4baac0b37a319a6 to remote] DEBUG org.asynchttpclient.netty.request.NettyRequestSender - Using pooled Channel '[id: 0xbae439c6, L:/127.0.0.1:57016 - R:localhost/127.0.0.1:52515]' for 'POST' to 'http://localhost:52515/session/ea25f7ee30d4c87aa4baac0b37a319a6/element'
10:40:05.283 [Forwarding findElement on session ea25f7ee30d4c87aa4baac0b37a319a6 to remote] DEBUG org.asynchttpclient.netty.request.NettyRequestSender - Using open Channel [id: 0xbae439c6, L:/127.0.0.1:57016 - R:localhost/127.0.0.1:52515] for POST '/session/ea25f7ee30d4c87aa4baac0b37a319a6/element'
10:40:05.304 [AsyncHttpClient-1-5] DEBUG org.asynchttpclient.netty.handler.HttpHandler - 

Request DefaultHttpRequest(decodeResult: success, version: HTTP/1.1)
POST /session/ea25f7ee30d4c87aa4baac0b37a319a6/element HTTP/1.1
User-Agent: selenium/4.1.2 (java windows)
Content-Length: 84
Content-Type: application/json; charset=utf-8
host: localhost:52515
accept: */*

Response DefaultHttpResponse(decodeResult: success, version: HTTP/1.1)
HTTP/1.1 200 OK
Content-Type: application/json; charset=utf-8
cache-control: no-cache
content-length: 88

10:40:05.304 [AsyncHttpClient-1-5] DEBUG org.asynchttpclient.netty.channel.ChannelManager - Adding key: http://localhost:52515 for channel [id: 0xbae439c6, L:/127.0.0.1:57016 - R:localhost/127.0.0.1:52515]
10:40:05.307 [Forwarding getElementTagName on session ea25f7ee30d4c87aa4baac0b37a319a6 to remote] DEBUG org.asynchttpclient.netty.request.NettyRequestSender - Using pooled Channel '[id: 0xbae439c6, L:/127.0.0.1:57016 - R:localhost/127.0.0.1:52515]' for 'GET' to 'http://localhost:52515/session/ea25f7ee30d4c87aa4baac0b37a319a6/element/09bde0fd-023b-47aa-8fd9-37db2beec20d/name'
10:40:05.307 [Forwarding getElementTagName on session ea25f7ee30d4c87aa4baac0b37a319a6 to remote] DEBUG org.asynchttpclient.netty.request.NettyRequestSender - Using open Channel [id: 0xbae439c6, L:/127.0.0.1:57016 - R:localhost/127.0.0.1:52515] for GET '/session/ea25f7ee30d4c87aa4baac0b37a319a6/element/09bde0fd-023b-47aa-8fd9-37db2beec20d/name'
10:40:05.334 [AsyncHttpClient-1-5] DEBUG org.asynchttpclient.netty.handler.HttpHandler - 

Request DefaultFullHttpRequest(decodeResult: success, version: HTTP/1.1, content: EmptyByteBufBE)
GET /session/ea25f7ee30d4c87aa4baac0b37a319a6/element/09bde0fd-023b-47aa-8fd9-37db2beec20d/name HTTP/1.1
User-Agent: selenium/4.1.2 (java windows)
Cache-Control: no-cache
Content-Type: application/json; charset=utf-8
host: localhost:52515
accept: */*

Response DefaultHttpResponse(decodeResult: success, version: HTTP/1.1)
HTTP/1.1 200 OK
Content-Type: application/json; charset=utf-8
cache-control: no-cache
content-length: 15

10:40:05.335 [AsyncHttpClient-1-5] DEBUG org.asynchttpclient.netty.channel.ChannelManager - Adding key: http://localhost:52515 for channel [id: 0xbae439c6, L:/127.0.0.1:57016 - R:localhost/127.0.0.1:52515]
10:40:05.337 [Forwarding getElementTagName on session ea25f7ee30d4c87aa4baac0b37a319a6 to remote] DEBUG org.asynchttpclient.netty.request.NettyRequestSender - Using pooled Channel '[id: 0xbae439c6, L:/127.0.0.1:57016 - R:localhost/127.0.0.1:52515]' for 'GET' to 'http://localhost:52515/session/ea25f7ee30d4c87aa4baac0b37a319a6/element/09bde0fd-023b-47aa-8fd9-37db2beec20d/name'
10:40:05.337 [Forwarding getElementTagName on session ea25f7ee30d4c87aa4baac0b37a319a6 to remote] DEBUG org.asynchttpclient.netty.request.NettyRequestSender - Using open Channel [id: 0xbae439c6, L:/127.0.0.1:57016 - R:localhost/127.0.0.1:52515] for GET '/session/ea25f7ee30d4c87aa4baac0b37a319a6/element/09bde0fd-023b-47aa-8fd9-37db2beec20d/name'
10:40:05.342 [AsyncHttpClient-1-5] DEBUG org.asynchttpclient.netty.handler.HttpHandler - 

Request DefaultFullHttpRequest(decodeResult: success, version: HTTP/1.1, content: EmptyByteBufBE)
GET /session/ea25f7ee30d4c87aa4baac0b37a319a6/element/09bde0fd-023b-47aa-8fd9-37db2beec20d/name HTTP/1.1
User-Agent: selenium/4.1.2 (java windows)
Cache-Control: no-cache
Content-Type: application/json; charset=utf-8
host: localhost:52515
accept: */*

Response DefaultHttpResponse(decodeResult: success, version: HTTP/1.1)
HTTP/1.1 200 OK
Content-Type: application/json; charset=utf-8
cache-control: no-cache
content-length: 15

10:40:05.342 [AsyncHttpClient-1-5] DEBUG org.asynchttpclient.netty.channel.ChannelManager - Adding key: http://localhost:52515 for channel [id: 0xbae439c6, L:/127.0.0.1:57016 - R:localhost/127.0.0.1:52515]
10:40:05.345 [Forwarding findElement on session ea25f7ee30d4c87aa4baac0b37a319a6 to remote] DEBUG org.asynchttpclient.netty.request.NettyRequestSender - Using pooled Channel '[id: 0xbae439c6, L:/127.0.0.1:57016 - R:localhost/127.0.0.1:52515]' for 'POST' to 'http://localhost:52515/session/ea25f7ee30d4c87aa4baac0b37a319a6/element'
10:40:05.345 [Forwarding findElement on session ea25f7ee30d4c87aa4baac0b37a319a6 to remote] DEBUG org.asynchttpclient.netty.request.NettyRequestSender - Using open Channel [id: 0xbae439c6, L:/127.0.0.1:57016 - R:localhost/127.0.0.1:52515] for POST '/session/ea25f7ee30d4c87aa4baac0b37a319a6/element'
10:40:05.354 [AsyncHttpClient-1-5] DEBUG org.asynchttpclient.netty.handler.HttpHandler - 

Request DefaultHttpRequest(decodeResult: success, version: HTTP/1.1)
POST /session/ea25f7ee30d4c87aa4baac0b37a319a6/element HTTP/1.1
User-Agent: selenium/4.1.2 (java windows)
Content-Length: 84
Content-Type: application/json; charset=utf-8
host: localhost:52515
accept: */*

Response DefaultHttpResponse(decodeResult: success, version: HTTP/1.1)
HTTP/1.1 200 OK
Content-Type: application/json; charset=utf-8
cache-control: no-cache
content-length: 88

10:40:05.354 [AsyncHttpClient-1-5] DEBUG org.asynchttpclient.netty.channel.ChannelManager - Adding key: http://localhost:52515 for channel [id: 0xbae439c6, L:/127.0.0.1:57016 - R:localhost/127.0.0.1:52515]
10:40:05.356 [Forwarding clickElement on session ea25f7ee30d4c87aa4baac0b37a319a6 to remote] DEBUG org.asynchttpclient.netty.request.NettyRequestSender - Using pooled Channel '[id: 0xbae439c6, L:/127.0.0.1:57016 - R:localhost/127.0.0.1:52515]' for 'POST' to 'http://localhost:52515/session/ea25f7ee30d4c87aa4baac0b37a319a6/element/09bde0fd-023b-47aa-8fd9-37db2beec20d/click'
10:40:05.356 [Forwarding clickElement on session ea25f7ee30d4c87aa4baac0b37a319a6 to remote] DEBUG org.asynchttpclient.netty.request.NettyRequestSender - Using open Channel [id: 0xbae439c6, L:/127.0.0.1:57016 - R:localhost/127.0.0.1:52515] for POST '/session/ea25f7ee30d4c87aa4baac0b37a319a6/element/09bde0fd-023b-47aa-8fd9-37db2beec20d/click'
10:40:05.863 [AsyncHttpClient-1-1] DEBUG org.asynchttpclient.netty.channel.DefaultChannelPool - Entry count for : http://localhost:57028 : 1
10:40:06.966 [AsyncHttpClient-1-1] DEBUG org.asynchttpclient.netty.channel.DefaultChannelPool - Entry count for : http://localhost:57028 : 1
10:40:07.052 [AsyncHttpClient-1-5] DEBUG org.asynchttpclient.netty.handler.HttpHandler - 

Request DefaultHttpRequest(decodeResult: success, version: HTTP/1.1)
POST /session/ea25f7ee30d4c87aa4baac0b37a319a6/element/09bde0fd-023b-47aa-8fd9-37db2beec20d/click HTTP/1.1
User-Agent: selenium/4.1.2 (java windows)
Content-Length: 50
Content-Type: application/json; charset=utf-8
host: localhost:52515
accept: */*

Response DefaultHttpResponse(decodeResult: success, version: HTTP/1.1)
HTTP/1.1 200 OK
Content-Type: application/json; charset=utf-8
cache-control: no-cache
content-length: 14

10:40:07.053 [AsyncHttpClient-1-5] DEBUG org.asynchttpclient.netty.channel.ChannelManager - Adding key: http://localhost:52515 for channel [id: 0xbae439c6, L:/127.0.0.1:57016 - R:localhost/127.0.0.1:52515]
10:40:07.076 [Forwarding screenshot on session ea25f7ee30d4c87aa4baac0b37a319a6 to remote] DEBUG org.asynchttpclient.netty.request.NettyRequestSender - Using pooled Channel '[id: 0xbae439c6, L:/127.0.0.1:57016 - R:localhost/127.0.0.1:52515]' for 'GET' to 'http://localhost:52515/session/ea25f7ee30d4c87aa4baac0b37a319a6/screenshot'
10:40:07.076 [Forwarding screenshot on session ea25f7ee30d4c87aa4baac0b37a319a6 to remote] DEBUG org.asynchttpclient.netty.request.NettyRequestSender - Using open Channel [id: 0xbae439c6, L:/127.0.0.1:57016 - R:localhost/127.0.0.1:52515] for GET '/session/ea25f7ee30d4c87aa4baac0b37a319a6/screenshot'
10:40:08.065 [AsyncHttpClient-1-1] DEBUG org.asynchttpclient.netty.channel.DefaultChannelPool - Entry count for : http://localhost:57028 : 1
10:40:08.153 [AsyncHttpClient-1-5] DEBUG org.asynchttpclient.netty.handler.HttpHandler - 

Request DefaultFullHttpRequest(decodeResult: success, version: HTTP/1.1, content: EmptyByteBufBE)
GET /session/ea25f7ee30d4c87aa4baac0b37a319a6/screenshot HTTP/1.1
User-Agent: selenium/4.1.2 (java windows)
Cache-Control: no-cache
Content-Type: application/json; charset=utf-8
host: localhost:52515
accept: */*

Response DefaultHttpResponse(decodeResult: success, version: HTTP/1.1)
HTTP/1.1 200 OK
Content-Type: application/json; charset=utf-8
cache-control: no-cache
content-length: 78820

10:40:08.154 [AsyncHttpClient-1-5] DEBUG org.asynchttpclient.netty.channel.ChannelManager - Adding key: http://localhost:52515 for channel [id: 0xbae439c6, L:/127.0.0.1:57016 - R:localhost/127.0.0.1:52515]
10:40:08.160 [main] DEBUG net.serenitybdd.core.photography.Darkroom - Send negative for processing for target\site\serenity\1c373c3290698a5fa04c0a4650fd027857077d9e67a418cf55a4188944274e43.png
10:40:08.160 [main] DEBUG net.thucydides.core.steps.StepInterceptor - STEP DONE: clickMenuAppointmentButton
10:40:08.160 [Darkroom Processing Line] DEBUG net.serenitybdd.core.photography.DarkroomProcessingLine - Processing screenshot image in /var/screenshots/screenshot-7012224191703827678
10:40:08.161 [Darkroom Processing Line] DEBUG net.serenitybdd.core.photography.DarkroomProcessingLine - Saving screenshot to target\site\serenity\1c373c3290698a5fa04c0a4650fd027857077d9e67a418cf55a4188944274e43.png
  &amp#27;[32mAnd &amp#27;[0m&amp#27;[32mI click menu Appointment&amp#27;[0m                                      &amp#27;[90m# starter.stepdefinitions.AppointmentSteps.iClickMenuAppointment()&amp#27;[0m
10:40:08.185 [main] DEBUG net.thucydides.core.steps.StepInterceptor - STARTING STEP: AppointmentSteps.iClickAddNewAppointment - clickAddNewAppointmentButton
10:40:08.192 [Forwarding findElement on session ea25f7ee30d4c87aa4baac0b37a319a6 to remote] DEBUG org.asynchttpclient.netty.request.NettyRequestSender - Using pooled Channel '[id: 0xbae439c6, L:/127.0.0.1:57016 - R:localhost/127.0.0.1:52515]' for 'POST' to 'http://localhost:52515/session/ea25f7ee30d4c87aa4baac0b37a319a6/element'
10:40:08.192 [Forwarding findElement on session ea25f7ee30d4c87aa4baac0b37a319a6 to remote] DEBUG org.asynchttpclient.netty.request.NettyRequestSender - Using open Channel [id: 0xbae439c6, L:/127.0.0.1:57016 - R:localhost/127.0.0.1:52515] for POST '/session/ea25f7ee30d4c87aa4baac0b37a319a6/element'
10:40:08.214 [AsyncHttpClient-1-5] DEBUG org.asynchttpclient.netty.handler.HttpHandler - 

Request DefaultHttpRequest(decodeResult: success, version: HTTP/1.1)
POST /session/ea25f7ee30d4c87aa4baac0b37a319a6/element HTTP/1.1
User-Agent: selenium/4.1.2 (java windows)
Content-Length: 149
Content-Type: application/json; charset=utf-8
host: localhost:52515
accept: */*

Response DefaultHttpResponse(decodeResult: success, version: HTTP/1.1)
HTTP/1.1 200 OK
Content-Type: application/json; charset=utf-8
cache-control: no-cache
content-length: 88

10:40:08.214 [AsyncHttpClient-1-5] DEBUG org.asynchttpclient.netty.channel.ChannelManager - Adding key: http://localhost:52515 for channel [id: 0xbae439c6, L:/127.0.0.1:57016 - R:localhost/127.0.0.1:52515]
10:40:08.217 [Forwarding getElementTagName on session ea25f7ee30d4c87aa4baac0b37a319a6 to remote] DEBUG org.asynchttpclient.netty.request.NettyRequestSender - Using pooled Channel '[id: 0xbae439c6, L:/127.0.0.1:57016 - R:localhost/127.0.0.1:52515]' for 'GET' to 'http://localhost:52515/session/ea25f7ee30d4c87aa4baac0b37a319a6/element/d37d0662-c3aa-49cc-8a4a-3981ba354706/name'
10:40:08.217 [Forwarding getElementTagName on session ea25f7ee30d4c87aa4baac0b37a319a6 to remote] DEBUG org.asynchttpclient.netty.request.NettyRequestSender - Using open Channel [id: 0xbae439c6, L:/127.0.0.1:57016 - R:localhost/127.0.0.1:52515] for GET '/session/ea25f7ee30d4c87aa4baac0b37a319a6/element/d37d0662-c3aa-49cc-8a4a-3981ba354706/name'
10:40:08.224 [AsyncHttpClient-1-5] DEBUG org.asynchttpclient.netty.handler.HttpHandler - 

Request DefaultFullHttpRequest(decodeResult: success, version: HTTP/1.1, content: EmptyByteBufBE)
GET /session/ea25f7ee30d4c87aa4baac0b37a319a6/element/d37d0662-c3aa-49cc-8a4a-3981ba354706/name HTTP/1.1
User-Agent: selenium/4.1.2 (java windows)
Cache-Control: no-cache
Content-Type: application/json; charset=utf-8
host: localhost:52515
accept: */*

Response DefaultHttpResponse(decodeResult: success, version: HTTP/1.1)
HTTP/1.1 200 OK
Content-Type: application/json; charset=utf-8
cache-control: no-cache
content-length: 18

10:40:08.225 [AsyncHttpClient-1-5] DEBUG org.asynchttpclient.netty.channel.ChannelManager - Adding key: http://localhost:52515 for channel [id: 0xbae439c6, L:/127.0.0.1:57016 - R:localhost/127.0.0.1:52515]
10:40:08.230 [Forwarding getElementTagName on session ea25f7ee30d4c87aa4baac0b37a319a6 to remote] DEBUG org.asynchttpclient.netty.request.NettyRequestSender - Using pooled Channel '[id: 0xbae439c6, L:/127.0.0.1:57016 - R:localhost/127.0.0.1:52515]' for 'GET' to 'http://localhost:52515/session/ea25f7ee30d4c87aa4baac0b37a319a6/element/d37d0662-c3aa-49cc-8a4a-3981ba354706/name'
10:40:08.230 [Forwarding getElementTagName on session ea25f7ee30d4c87aa4baac0b37a319a6 to remote] DEBUG org.asynchttpclient.netty.request.NettyRequestSender - Using open Channel [id: 0xbae439c6, L:/127.0.0.1:57016 - R:localhost/127.0.0.1:52515] for GET '/session/ea25f7ee30d4c87aa4baac0b37a319a6/element/d37d0662-c3aa-49cc-8a4a-3981ba354706/name'
10:40:08.234 [AsyncHttpClient-1-5] DEBUG org.asynchttpclient.netty.handler.HttpHandler - 

Request DefaultFullHttpRequest(decodeResult: success, version: HTTP/1.1, content: EmptyByteBufBE)
GET /session/ea25f7ee30d4c87aa4baac0b37a319a6/element/d37d0662-c3aa-49cc-8a4a-3981ba354706/name HTTP/1.1
User-Agent: selenium/4.1.2 (java windows)
Cache-Control: no-cache
Content-Type: application/json; charset=utf-8
host: localhost:52515
accept: */*

Response DefaultHttpResponse(decodeResult: success, version: HTTP/1.1)
HTTP/1.1 200 OK
Content-Type: application/json; charset=utf-8
cache-control: no-cache
content-length: 18

10:40:08.235 [AsyncHttpClient-1-5] DEBUG org.asynchttpclient.netty.channel.ChannelManager - Adding key: http://localhost:52515 for channel [id: 0xbae439c6, L:/127.0.0.1:57016 - R:localhost/127.0.0.1:52515]
10:40:08.238 [Forwarding isElementEnabled on session ea25f7ee30d4c87aa4baac0b37a319a6 to remote] DEBUG org.asynchttpclient.netty.request.NettyRequestSender - Using pooled Channel '[id: 0xbae439c6, L:/127.0.0.1:57016 - R:localhost/127.0.0.1:52515]' for 'GET' to 'http://localhost:52515/session/ea25f7ee30d4c87aa4baac0b37a319a6/element/d37d0662-c3aa-49cc-8a4a-3981ba354706/enabled'
10:40:08.238 [Forwarding isElementEnabled on session ea25f7ee30d4c87aa4baac0b37a319a6 to remote] DEBUG org.asynchttpclient.netty.request.NettyRequestSender - Using open Channel [id: 0xbae439c6, L:/127.0.0.1:57016 - R:localhost/127.0.0.1:52515] for GET '/session/ea25f7ee30d4c87aa4baac0b37a319a6/element/d37d0662-c3aa-49cc-8a4a-3981ba354706/enabled'
10:40:09.013 [AsyncHttpClient-1-5] DEBUG org.asynchttpclient.netty.handler.HttpHandler - 

Request DefaultFullHttpRequest(decodeResult: success, version: HTTP/1.1, content: EmptyByteBufBE)
GET /session/ea25f7ee30d4c87aa4baac0b37a319a6/element/d37d0662-c3aa-49cc-8a4a-3981ba354706/enabled HTTP/1.1
User-Agent: selenium/4.1.2 (java windows)
Cache-Control: no-cache
Content-Type: application/json; charset=utf-8
host: localhost:52515
accept: */*

Response DefaultHttpResponse(decodeResult: success, version: HTTP/1.1)
HTTP/1.1 200 OK
Content-Type: application/json; charset=utf-8
cache-control: no-cache
content-length: 14

10:40:09.014 [AsyncHttpClient-1-5] DEBUG org.asynchttpclient.netty.channel.ChannelManager - Adding key: http://localhost:52515 for channel [id: 0xbae439c6, L:/127.0.0.1:57016 - R:localhost/127.0.0.1:52515]
10:40:09.017 [Forwarding isElementEnabled on session ea25f7ee30d4c87aa4baac0b37a319a6 to remote] DEBUG org.asynchttpclient.netty.request.NettyRequestSender - Using pooled Channel '[id: 0xbae439c6, L:/127.0.0.1:57016 - R:localhost/127.0.0.1:52515]' for 'GET' to 'http://localhost:52515/session/ea25f7ee30d4c87aa4baac0b37a319a6/element/d37d0662-c3aa-49cc-8a4a-3981ba354706/enabled'
10:40:09.017 [Forwarding isElementEnabled on session ea25f7ee30d4c87aa4baac0b37a319a6 to remote] DEBUG org.asynchttpclient.netty.request.NettyRequestSender - Using open Channel [id: 0xbae439c6, L:/127.0.0.1:57016 - R:localhost/127.0.0.1:52515] for GET '/session/ea25f7ee30d4c87aa4baac0b37a319a6/element/d37d0662-c3aa-49cc-8a4a-3981ba354706/enabled'
10:40:09.028 [AsyncHttpClient-1-5] DEBUG org.asynchttpclient.netty.handler.HttpHandler - 

Request DefaultFullHttpRequest(decodeResult: success, version: HTTP/1.1, content: EmptyByteBufBE)
GET /session/ea25f7ee30d4c87aa4baac0b37a319a6/element/d37d0662-c3aa-49cc-8a4a-3981ba354706/enabled HTTP/1.1
User-Agent: selenium/4.1.2 (java windows)
Cache-Control: no-cache
Content-Type: application/json; charset=utf-8
host: localhost:52515
accept: */*

Response DefaultHttpResponse(decodeResult: success, version: HTTP/1.1)
HTTP/1.1 200 OK
Content-Type: application/json; charset=utf-8
cache-control: no-cache
content-length: 14

10:40:09.028 [AsyncHttpClient-1-5] DEBUG org.asynchttpclient.netty.channel.ChannelManager - Adding key: http://localhost:52515 for channel [id: 0xbae439c6, L:/127.0.0.1:57016 - R:localhost/127.0.0.1:52515]
10:40:09.033 [Forwarding findElement on session ea25f7ee30d4c87aa4baac0b37a319a6 to remote] DEBUG org.asynchttpclient.netty.request.NettyRequestSender - Using pooled Channel '[id: 0xbae439c6, L:/127.0.0.1:57016 - R:localhost/127.0.0.1:52515]' for 'POST' to 'http://localhost:52515/session/ea25f7ee30d4c87aa4baac0b37a319a6/element'
10:40:09.033 [Forwarding findElement on session ea25f7ee30d4c87aa4baac0b37a319a6 to remote] DEBUG org.asynchttpclient.netty.request.NettyRequestSender - Using open Channel [id: 0xbae439c6, L:/127.0.0.1:57016 - R:localhost/127.0.0.1:52515] for POST '/session/ea25f7ee30d4c87aa4baac0b37a319a6/element'
10:40:09.055 [AsyncHttpClient-1-5] DEBUG org.asynchttpclient.netty.handler.HttpHandler - 

Request DefaultHttpRequest(decodeResult: success, version: HTTP/1.1)
POST /session/ea25f7ee30d4c87aa4baac0b37a319a6/element HTTP/1.1
User-Agent: selenium/4.1.2 (java windows)
Content-Length: 149
Content-Type: application/json; charset=utf-8
host: localhost:52515
accept: */*

Response DefaultHttpResponse(decodeResult: success, version: HTTP/1.1)
HTTP/1.1 200 OK
Content-Type: application/json; charset=utf-8
cache-control: no-cache
content-length: 88

10:40:09.055 [AsyncHttpClient-1-5] DEBUG org.asynchttpclient.netty.channel.ChannelManager - Adding key: http://localhost:52515 for channel [id: 0xbae439c6, L:/127.0.0.1:57016 - R:localhost/127.0.0.1:52515]
10:40:09.058 [Forwarding clickElement on session ea25f7ee30d4c87aa4baac0b37a319a6 to remote] DEBUG org.asynchttpclient.netty.request.NettyRequestSender - Using pooled Channel '[id: 0xbae439c6, L:/127.0.0.1:57016 - R:localhost/127.0.0.1:52515]' for 'POST' to 'http://localhost:52515/session/ea25f7ee30d4c87aa4baac0b37a319a6/element/d37d0662-c3aa-49cc-8a4a-3981ba354706/click'
10:40:09.058 [Forwarding clickElement on session ea25f7ee30d4c87aa4baac0b37a319a6 to remote] DEBUG org.asynchttpclient.netty.request.NettyRequestSender - Using open Channel [id: 0xbae439c6, L:/127.0.0.1:57016 - R:localhost/127.0.0.1:52515] for POST '/session/ea25f7ee30d4c87aa4baac0b37a319a6/element/d37d0662-c3aa-49cc-8a4a-3981ba354706/click'
10:40:09.165 [AsyncHttpClient-1-1] DEBUG org.asynchttpclient.netty.channel.DefaultChannelPool - Entry count for : http://localhost:57028 : 1
10:40:10.264 [AsyncHttpClient-1-1] DEBUG org.asynchttpclient.netty.channel.DefaultChannelPool - Entry count for : http://localhost:57028 : 1
10:40:10.394 [AsyncHttpClient-1-5] DEBUG org.asynchttpclient.netty.handler.HttpHandler - 

Request DefaultHttpRequest(decodeResult: success, version: HTTP/1.1)
POST /session/ea25f7ee30d4c87aa4baac0b37a319a6/element/d37d0662-c3aa-49cc-8a4a-3981ba354706/click HTTP/1.1
User-Agent: selenium/4.1.2 (java windows)
Content-Length: 50
Content-Type: application/json; charset=utf-8
host: localhost:52515
accept: */*

Response DefaultHttpResponse(decodeResult: success, version: HTTP/1.1)
HTTP/1.1 200 OK
Content-Type: application/json; charset=utf-8
cache-control: no-cache
content-length: 14

10:40:10.394 [AsyncHttpClient-1-5] DEBUG org.asynchttpclient.netty.channel.ChannelManager - Adding key: http://localhost:52515 for channel [id: 0xbae439c6, L:/127.0.0.1:57016 - R:localhost/127.0.0.1:52515]
10:40:10.422 [Forwarding screenshot on session ea25f7ee30d4c87aa4baac0b37a319a6 to remote] DEBUG org.asynchttpclient.netty.request.NettyRequestSender - Using pooled Channel '[id: 0xbae439c6, L:/127.0.0.1:57016 - R:localhost/127.0.0.1:52515]' for 'GET' to 'http://localhost:52515/session/ea25f7ee30d4c87aa4baac0b37a319a6/screenshot'
10:40:10.422 [Forwarding screenshot on session ea25f7ee30d4c87aa4baac0b37a319a6 to remote] DEBUG org.asynchttpclient.netty.request.NettyRequestSender - Using open Channel [id: 0xbae439c6, L:/127.0.0.1:57016 - R:localhost/127.0.0.1:52515] for GET '/session/ea25f7ee30d4c87aa4baac0b37a319a6/screenshot'
10:40:11.364 [AsyncHttpClient-1-1] DEBUG org.asynchttpclient.netty.channel.DefaultChannelPool - Entry count for : http://localhost:57028 : 1
10:40:12.464 [AsyncHttpClient-1-1] DEBUG org.asynchttpclient.netty.channel.DefaultChannelPool - Entry count for : http://localhost:57028 : 1
10:40:13.407 [AsyncHttpClient-1-5] DEBUG org.asynchttpclient.netty.handler.HttpHandler - 

Request DefaultFullHttpRequest(decodeResult: success, version: HTTP/1.1, content: EmptyByteBufBE)
GET /session/ea25f7ee30d4c87aa4baac0b37a319a6/screenshot HTTP/1.1
User-Agent: selenium/4.1.2 (java windows)
Cache-Control: no-cache
Content-Type: application/json; charset=utf-8
host: localhost:52515
accept: */*

Response DefaultHttpResponse(decodeResult: success, version: HTTP/1.1)
HTTP/1.1 200 OK
Content-Type: application/json; charset=utf-8
cache-control: no-cache
content-length: 92596

10:40:13.411 [AsyncHttpClient-1-5] DEBUG org.asynchttpclient.netty.channel.ChannelManager - Adding key: http://localhost:52515 for channel [id: 0xbae439c6, L:/127.0.0.1:57016 - R:localhost/127.0.0.1:52515]
10:40:13.427 [main] DEBUG net.serenitybdd.core.photography.Darkroom - Send negative for processing for target\site\serenity\2f240b3221422b6f5bdcb07b47c6b4771d07c9ab40470fa3f26353c399745d49.png
10:40:13.428 [main] DEBUG net.thucydides.core.steps.StepInterceptor - STEP DONE: clickAddNewAppointmentButton
10:40:13.429 [Darkroom Processing Line] DEBUG net.serenitybdd.core.photography.DarkroomProcessingLine - Processing screenshot image in /var/screenshots/screenshot-18269605048929770481
10:40:13.429 [Darkroom Processing Line] DEBUG net.serenitybdd.core.photography.DarkroomProcessingLine - Saving screenshot to target\site\serenity\2f240b3221422b6f5bdcb07b47c6b4771d07c9ab40470fa3f26353c399745d49.png
  &amp#27;[32mWhen &amp#27;[0m&amp#27;[32mI click Add New Appointment&amp#27;[0m                                  &amp#27;[90m# starter.stepdefinitions.AppointmentSteps.iClickAddNewAppointment()&amp#27;[0m
10:40:13.458 [main] DEBUG net.thucydides.core.steps.StepInterceptor - STARTING STEP: AppointmentSteps.iClickNoButton - clickNoButton
10:40:13.564 [AsyncHttpClient-1-1] DEBUG org.asynchttpclient.netty.channel.DefaultChannelPool - Entry count for : http://localhost:52515 : 1
10:40:13.564 [AsyncHttpClient-1-1] DEBUG org.asynchttpclient.netty.channel.DefaultChannelPool - Entry count for : http://localhost:57028 : 1
10:40:14.073 [Forwarding findElement on session ea25f7ee30d4c87aa4baac0b37a319a6 to remote] DEBUG org.asynchttpclient.netty.request.NettyRequestSender - Using pooled Channel '[id: 0xbae439c6, L:/127.0.0.1:57016 - R:localhost/127.0.0.1:52515]' for 'POST' to 'http://localhost:52515/session/ea25f7ee30d4c87aa4baac0b37a319a6/element'
10:40:14.074 [Forwarding findElement on session ea25f7ee30d4c87aa4baac0b37a319a6 to remote] DEBUG org.asynchttpclient.netty.request.NettyRequestSender - Using open Channel [id: 0xbae439c6, L:/127.0.0.1:57016 - R:localhost/127.0.0.1:52515] for POST '/session/ea25f7ee30d4c87aa4baac0b37a319a6/element'
10:40:14.649 [AsyncHttpClient-1-5] DEBUG org.asynchttpclient.netty.handler.HttpHandler - 

Request DefaultHttpRequest(decodeResult: success, version: HTTP/1.1)
POST /session/ea25f7ee30d4c87aa4baac0b37a319a6/element HTTP/1.1
User-Agent: selenium/4.1.2 (java windows)
Content-Length: 104
Content-Type: application/json; charset=utf-8
host: localhost:52515
accept: */*

Response DefaultHttpResponse(decodeResult: success, version: HTTP/1.1)
HTTP/1.1 200 OK
Content-Type: application/json; charset=utf-8
cache-control: no-cache
content-length: 88

10:40:14.650 [AsyncHttpClient-1-5] DEBUG org.asynchttpclient.netty.channel.ChannelManager - Adding key: http://localhost:52515 for channel [id: 0xbae439c6, L:/127.0.0.1:57016 - R:localhost/127.0.0.1:52515]
10:40:14.656 [Forwarding getElementTagName on session ea25f7ee30d4c87aa4baac0b37a319a6 to remote] DEBUG org.asynchttpclient.netty.request.NettyRequestSender - Using pooled Channel '[id: 0xbae439c6, L:/127.0.0.1:57016 - R:localhost/127.0.0.1:52515]' for 'GET' to 'http://localhost:52515/session/ea25f7ee30d4c87aa4baac0b37a319a6/element/5ff8d98d-f40b-4621-bbc4-1fe8317a9f65/name'
10:40:14.656 [Forwarding getElementTagName on session ea25f7ee30d4c87aa4baac0b37a319a6 to remote] DEBUG org.asynchttpclient.netty.request.NettyRequestSender - Using open Channel [id: 0xbae439c6, L:/127.0.0.1:57016 - R:localhost/127.0.0.1:52515] for GET '/session/ea25f7ee30d4c87aa4baac0b37a319a6/element/5ff8d98d-f40b-4621-bbc4-1fe8317a9f65/name'
10:40:14.664 [AsyncHttpClient-1-1] DEBUG org.asynchttpclient.netty.channel.DefaultChannelPool - Entry count for : http://localhost:57028 : 1
10:40:14.666 [AsyncHttpClient-1-5] DEBUG org.asynchttpclient.netty.handler.HttpHandler - 

Request DefaultFullHttpRequest(decodeResult: success, version: HTTP/1.1, content: EmptyByteBufBE)
GET /session/ea25f7ee30d4c87aa4baac0b37a319a6/element/5ff8d98d-f40b-4621-bbc4-1fe8317a9f65/name HTTP/1.1
User-Agent: selenium/4.1.2 (java windows)
Cache-Control: no-cache
Content-Type: application/json; charset=utf-8
host: localhost:52515
accept: */*

Response DefaultHttpResponse(decodeResult: success, version: HTTP/1.1)
HTTP/1.1 200 OK
Content-Type: application/json; charset=utf-8
cache-control: no-cache
content-length: 18

10:40:14.666 [AsyncHttpClient-1-5] DEBUG org.asynchttpclient.netty.channel.ChannelManager - Adding key: http://localhost:52515 for channel [id: 0xbae439c6, L:/127.0.0.1:57016 - R:localhost/127.0.0.1:52515]
10:40:14.669 [Forwarding getElementTagName on session ea25f7ee30d4c87aa4baac0b37a319a6 to remote] DEBUG org.asynchttpclient.netty.request.NettyRequestSender - Using pooled Channel '[id: 0xbae439c6, L:/127.0.0.1:57016 - R:localhost/127.0.0.1:52515]' for 'GET' to 'http://localhost:52515/session/ea25f7ee30d4c87aa4baac0b37a319a6/element/5ff8d98d-f40b-4621-bbc4-1fe8317a9f65/name'
10:40:14.669 [Forwarding getElementTagName on session ea25f7ee30d4c87aa4baac0b37a319a6 to remote] DEBUG org.asynchttpclient.netty.request.NettyRequestSender - Using open Channel [id: 0xbae439c6, L:/127.0.0.1:57016 - R:localhost/127.0.0.1:52515] for GET '/session/ea25f7ee30d4c87aa4baac0b37a319a6/element/5ff8d98d-f40b-4621-bbc4-1fe8317a9f65/name'
10:40:14.675 [AsyncHttpClient-1-5] DEBUG org.asynchttpclient.netty.handler.HttpHandler - 

Request DefaultFullHttpRequest(decodeResult: success, version: HTTP/1.1, content: EmptyByteBufBE)
GET /session/ea25f7ee30d4c87aa4baac0b37a319a6/element/5ff8d98d-f40b-4621-bbc4-1fe8317a9f65/name HTTP/1.1
User-Agent: selenium/4.1.2 (java windows)
Cache-Control: no-cache
Content-Type: application/json; charset=utf-8
host: localhost:52515
accept: */*

Response DefaultHttpResponse(decodeResult: success, version: HTTP/1.1)
HTTP/1.1 200 OK
Content-Type: application/json; charset=utf-8
cache-control: no-cache
content-length: 18

10:40:14.675 [AsyncHttpClient-1-5] DEBUG org.asynchttpclient.netty.channel.ChannelManager - Adding key: http://localhost:52515 for channel [id: 0xbae439c6, L:/127.0.0.1:57016 - R:localhost/127.0.0.1:52515]
10:40:14.681 [Forwarding isElementEnabled on session ea25f7ee30d4c87aa4baac0b37a319a6 to remote] DEBUG org.asynchttpclient.netty.request.NettyRequestSender - Using pooled Channel '[id: 0xbae439c6, L:/127.0.0.1:57016 - R:localhost/127.0.0.1:52515]' for 'GET' to 'http://localhost:52515/session/ea25f7ee30d4c87aa4baac0b37a319a6/element/5ff8d98d-f40b-4621-bbc4-1fe8317a9f65/enabled'
10:40:14.681 [Forwarding isElementEnabled on session ea25f7ee30d4c87aa4baac0b37a319a6 to remote] DEBUG org.asynchttpclient.netty.request.NettyRequestSender - Using open Channel [id: 0xbae439c6, L:/127.0.0.1:57016 - R:localhost/127.0.0.1:52515] for GET '/session/ea25f7ee30d4c87aa4baac0b37a319a6/element/5ff8d98d-f40b-4621-bbc4-1fe8317a9f65/enabled'
10:40:14.698 [AsyncHttpClient-1-5] DEBUG org.asynchttpclient.netty.handler.HttpHandler - 

Request DefaultFullHttpRequest(decodeResult: success, version: HTTP/1.1, content: EmptyByteBufBE)
GET /session/ea25f7ee30d4c87aa4baac0b37a319a6/element/5ff8d98d-f40b-4621-bbc4-1fe8317a9f65/enabled HTTP/1.1
User-Agent: selenium/4.1.2 (java windows)
Cache-Control: no-cache
Content-Type: application/json; charset=utf-8
host: localhost:52515
accept: */*

Response DefaultHttpResponse(decodeResult: success, version: HTTP/1.1)
HTTP/1.1 200 OK
Content-Type: application/json; charset=utf-8
cache-control: no-cache
content-length: 14

10:40:14.698 [AsyncHttpClient-1-5] DEBUG org.asynchttpclient.netty.channel.ChannelManager - Adding key: http://localhost:52515 for channel [id: 0xbae439c6, L:/127.0.0.1:57016 - R:localhost/127.0.0.1:52515]
10:40:14.701 [Forwarding isElementEnabled on session ea25f7ee30d4c87aa4baac0b37a319a6 to remote] DEBUG org.asynchttpclient.netty.request.NettyRequestSender - Using pooled Channel '[id: 0xbae439c6, L:/127.0.0.1:57016 - R:localhost/127.0.0.1:52515]' for 'GET' to 'http://localhost:52515/session/ea25f7ee30d4c87aa4baac0b37a319a6/element/5ff8d98d-f40b-4621-bbc4-1fe8317a9f65/enabled'
10:40:14.701 [Forwarding isElementEnabled on session ea25f7ee30d4c87aa4baac0b37a319a6 to remote] DEBUG org.asynchttpclient.netty.request.NettyRequestSender - Using open Channel [id: 0xbae439c6, L:/127.0.0.1:57016 - R:localhost/127.0.0.1:52515] for GET '/session/ea25f7ee30d4c87aa4baac0b37a319a6/element/5ff8d98d-f40b-4621-bbc4-1fe8317a9f65/enabled'
10:40:14.710 [AsyncHttpClient-1-5] DEBUG org.asynchttpclient.netty.handler.HttpHandler - 

Request DefaultFullHttpRequest(decodeResult: success, version: HTTP/1.1, content: EmptyByteBufBE)
GET /session/ea25f7ee30d4c87aa4baac0b37a319a6/element/5ff8d98d-f40b-4621-bbc4-1fe8317a9f65/enabled HTTP/1.1
User-Agent: selenium/4.1.2 (java windows)
Cache-Control: no-cache
Content-Type: application/json; charset=utf-8
host: localhost:52515
accept: */*

Response DefaultHttpResponse(decodeResult: success, version: HTTP/1.1)
HTTP/1.1 200 OK
Content-Type: application/json; charset=utf-8
cache-control: no-cache
content-length: 14

10:40:14.711 [AsyncHttpClient-1-5] DEBUG org.asynchttpclient.netty.channel.ChannelManager - Adding key: http://localhost:52515 for channel [id: 0xbae439c6, L:/127.0.0.1:57016 - R:localhost/127.0.0.1:52515]
10:40:14.715 [Forwarding findElement on session ea25f7ee30d4c87aa4baac0b37a319a6 to remote] DEBUG org.asynchttpclient.netty.request.NettyRequestSender - Using pooled Channel '[id: 0xbae439c6, L:/127.0.0.1:57016 - R:localhost/127.0.0.1:52515]' for 'POST' to 'http://localhost:52515/session/ea25f7ee30d4c87aa4baac0b37a319a6/element'
10:40:14.715 [Forwarding findElement on session ea25f7ee30d4c87aa4baac0b37a319a6 to remote] DEBUG org.asynchttpclient.netty.request.NettyRequestSender - Using open Channel [id: 0xbae439c6, L:/127.0.0.1:57016 - R:localhost/127.0.0.1:52515] for POST '/session/ea25f7ee30d4c87aa4baac0b37a319a6/element'
10:40:14.726 [AsyncHttpClient-1-5] DEBUG org.asynchttpclient.netty.handler.HttpHandler - 

Request DefaultHttpRequest(decodeResult: success, version: HTTP/1.1)
POST /session/ea25f7ee30d4c87aa4baac0b37a319a6/element HTTP/1.1
User-Agent: selenium/4.1.2 (java windows)
Content-Length: 104
Content-Type: application/json; charset=utf-8
host: localhost:52515
accept: */*

Response DefaultHttpResponse(decodeResult: success, version: HTTP/1.1)
HTTP/1.1 200 OK
Content-Type: application/json; charset=utf-8
cache-control: no-cache
content-length: 88

10:40:14.726 [AsyncHttpClient-1-5] DEBUG org.asynchttpclient.netty.channel.ChannelManager - Adding key: http://localhost:52515 for channel [id: 0xbae439c6, L:/127.0.0.1:57016 - R:localhost/127.0.0.1:52515]
10:40:14.728 [Forwarding clickElement on session ea25f7ee30d4c87aa4baac0b37a319a6 to remote] DEBUG org.asynchttpclient.netty.request.NettyRequestSender - Using pooled Channel '[id: 0xbae439c6, L:/127.0.0.1:57016 - R:localhost/127.0.0.1:52515]' for 'POST' to 'http://localhost:52515/session/ea25f7ee30d4c87aa4baac0b37a319a6/element/5ff8d98d-f40b-4621-bbc4-1fe8317a9f65/click'
10:40:14.728 [Forwarding clickElement on session ea25f7ee30d4c87aa4baac0b37a319a6 to remote] DEBUG org.asynchttpclient.netty.request.NettyRequestSender - Using open Channel [id: 0xbae439c6, L:/127.0.0.1:57016 - R:localhost/127.0.0.1:52515] for POST '/session/ea25f7ee30d4c87aa4baac0b37a319a6/element/5ff8d98d-f40b-4621-bbc4-1fe8317a9f65/click'
10:40:15.592 [AsyncHttpClient-1-5] DEBUG org.asynchttpclient.netty.handler.HttpHandler - 

Request DefaultHttpRequest(decodeResult: success, version: HTTP/1.1)
POST /session/ea25f7ee30d4c87aa4baac0b37a319a6/element/5ff8d98d-f40b-4621-bbc4-1fe8317a9f65/click HTTP/1.1
User-Agent: selenium/4.1.2 (java windows)
Content-Length: 50
Content-Type: application/json; charset=utf-8
host: localhost:52515
accept: */*

Response DefaultHttpResponse(decodeResult: success, version: HTTP/1.1)
HTTP/1.1 200 OK
Content-Type: application/json; charset=utf-8
cache-control: no-cache
content-length: 14

10:40:15.592 [AsyncHttpClient-1-5] DEBUG org.asynchttpclient.netty.channel.ChannelManager - Adding key: http://localhost:52515 for channel [id: 0xbae439c6, L:/127.0.0.1:57016 - R:localhost/127.0.0.1:52515]
10:40:15.602 [Forwarding screenshot on session ea25f7ee30d4c87aa4baac0b37a319a6 to remote] DEBUG org.asynchttpclient.netty.request.NettyRequestSender - Using pooled Channel '[id: 0xbae439c6, L:/127.0.0.1:57016 - R:localhost/127.0.0.1:52515]' for 'GET' to 'http://localhost:52515/session/ea25f7ee30d4c87aa4baac0b37a319a6/screenshot'
10:40:15.602 [Forwarding screenshot on session ea25f7ee30d4c87aa4baac0b37a319a6 to remote] DEBUG org.asynchttpclient.netty.request.NettyRequestSender - Using open Channel [id: 0xbae439c6, L:/127.0.0.1:57016 - R:localhost/127.0.0.1:52515] for GET '/session/ea25f7ee30d4c87aa4baac0b37a319a6/screenshot'
10:40:15.724 [AsyncHttpClient-1-5] DEBUG org.asynchttpclient.netty.handler.HttpHandler - 

Request DefaultFullHttpRequest(decodeResult: success, version: HTTP/1.1, content: EmptyByteBufBE)
GET /session/ea25f7ee30d4c87aa4baac0b37a319a6/screenshot HTTP/1.1
User-Agent: selenium/4.1.2 (java windows)
Cache-Control: no-cache
Content-Type: application/json; charset=utf-8
host: localhost:52515
accept: */*

Response DefaultHttpResponse(decodeResult: success, version: HTTP/1.1)
HTTP/1.1 200 OK
Content-Type: application/json; charset=utf-8
cache-control: no-cache
content-length: 55320

10:40:15.725 [AsyncHttpClient-1-5] DEBUG org.asynchttpclient.netty.channel.ChannelManager - Adding key: http://localhost:52515 for channel [id: 0xbae439c6, L:/127.0.0.1:57016 - R:localhost/127.0.0.1:52515]
10:40:15.729 [main] DEBUG net.serenitybdd.core.photography.Darkroom - Send negative for processing for target\site\serenity\978450d06eb86eb735175521c4a06999507a96991efadce5993bd088de144875.png
10:40:15.729 [main] DEBUG net.thucydides.core.steps.StepInterceptor - STEP DONE: clickNoButton
  &amp#27;[32mAnd &amp#27;[0m&amp#27;[32mI click no button&amp#27;[0m                                             &amp#27;[90m# starter.stepdefinitions.AppointmentSteps.iClickNoButton()&amp#27;[0m
10:40:15.730 [Darkroom Processing Line] DEBUG net.serenitybdd.core.photography.DarkroomProcessingLine - Processing screenshot image in /var/screenshots/screenshot-3194685975721239952
10:40:15.730 [Darkroom Processing Line] DEBUG net.serenitybdd.core.photography.DarkroomProcessingLine - Saving screenshot to target\site\serenity\978450d06eb86eb735175521c4a06999507a96991efadce5993bd088de144875.png
10:40:15.765 [AsyncHttpClient-1-1] DEBUG org.asynchttpclient.netty.channel.DefaultChannelPool - Entry count for : http://localhost:52515 : 1
10:40:15.765 [AsyncHttpClient-1-1] DEBUG org.asynchttpclient.netty.channel.DefaultChannelPool - Entry count for : http://localhost:57028 : 1
10:40:16.864 [AsyncHttpClient-1-1] DEBUG org.asynchttpclient.netty.channel.DefaultChannelPool - Entry count for : http://localhost:52515 : 1
10:40:16.864 [AsyncHttpClient-1-1] DEBUG org.asynchttpclient.netty.channel.DefaultChannelPool - Entry count for : http://localhost:57028 : 1
10:40:16.941 [Forwarding findElement on session ea25f7ee30d4c87aa4baac0b37a319a6 to remote] DEBUG org.asynchttpclient.netty.request.NettyRequestSender - Using pooled Channel '[id: 0xbae439c6, L:/127.0.0.1:57016 - R:localhost/127.0.0.1:52515]' for 'POST' to 'http://localhost:52515/session/ea25f7ee30d4c87aa4baac0b37a319a6/element'
10:40:16.941 [Forwarding findElement on session ea25f7ee30d4c87aa4baac0b37a319a6 to remote] DEBUG org.asynchttpclient.netty.request.NettyRequestSender - Using open Channel [id: 0xbae439c6, L:/127.0.0.1:57016 - R:localhost/127.0.0.1:52515] for POST '/session/ea25f7ee30d4c87aa4baac0b37a319a6/element'
10:40:16.957 [AsyncHttpClient-1-5] DEBUG org.asynchttpclient.netty.handler.HttpHandler - 

Request DefaultHttpRequest(decodeResult: success, version: HTTP/1.1)
POST /session/ea25f7ee30d4c87aa4baac0b37a319a6/element HTTP/1.1
User-Agent: selenium/4.1.2 (java windows)
Content-Length: 79
Content-Type: application/json; charset=utf-8
host: localhost:52515
accept: */*

Response DefaultHttpResponse(decodeResult: success, version: HTTP/1.1)
HTTP/1.1 200 OK
Content-Type: application/json; charset=utf-8
cache-control: no-cache
content-length: 88

10:40:16.957 [AsyncHttpClient-1-5] DEBUG org.asynchttpclient.netty.channel.ChannelManager - Adding key: http://localhost:52515 for channel [id: 0xbae439c6, L:/127.0.0.1:57016 - R:localhost/127.0.0.1:52515]
10:40:16.962 [Forwarding isElementDisplayed on session ea25f7ee30d4c87aa4baac0b37a319a6 to remote] DEBUG org.asynchttpclient.netty.request.NettyRequestSender - Using pooled Channel '[id: 0xbae439c6, L:/127.0.0.1:57016 - R:localhost/127.0.0.1:52515]' for 'POST' to 'http://localhost:52515/session/ea25f7ee30d4c87aa4baac0b37a319a6/execute/sync'
10:40:16.962 [Forwarding isElementDisplayed on session ea25f7ee30d4c87aa4baac0b37a319a6 to remote] DEBUG org.asynchttpclient.netty.request.NettyRequestSender - Using open Channel [id: 0xbae439c6, L:/127.0.0.1:57016 - R:localhost/127.0.0.1:52515] for POST '/session/ea25f7ee30d4c87aa4baac0b37a319a6/execute/sync'
10:40:16.982 [AsyncHttpClient-1-5] DEBUG org.asynchttpclient.netty.handler.HttpHandler - 

Request DefaultHttpRequest(decodeResult: success, version: HTTP/1.1)
POST /session/ea25f7ee30d4c87aa4baac0b37a319a6/execute/sync HTTP/1.1
User-Agent: selenium/4.1.2 (java windows)
Content-Length: 48780
Content-Type: application/json; charset=utf-8
host: localhost:52515
accept: */*

Response DefaultHttpResponse(decodeResult: success, version: HTTP/1.1)
HTTP/1.1 200 OK
Content-Type: application/json; charset=utf-8
cache-control: no-cache
content-length: 14

10:40:16.982 [AsyncHttpClient-1-5] DEBUG org.asynchttpclient.netty.channel.ChannelManager - Adding key: http://localhost:52515 for channel [id: 0xbae439c6, L:/127.0.0.1:57016 - R:localhost/127.0.0.1:52515]
  &amp#27;[32mThen &amp#27;[0m&amp#27;[32mI redirected to patient page&amp#27;[0m                                 &amp#27;[90m# starter.stepdefinitions.PatientSteps.iRedirectedToPatientPage()&amp#27;[0m
10:40:16.989 [Forwarding screenshot on session ea25f7ee30d4c87aa4baac0b37a319a6 to remote] DEBUG org.asynchttpclient.netty.request.NettyRequestSender - Using pooled Channel '[id: 0xbae439c6, L:/127.0.0.1:57016 - R:localhost/127.0.0.1:52515]' for 'GET' to 'http://localhost:52515/session/ea25f7ee30d4c87aa4baac0b37a319a6/screenshot'
10:40:16.989 [Forwarding screenshot on session ea25f7ee30d4c87aa4baac0b37a319a6 to remote] DEBUG org.asynchttpclient.netty.request.NettyRequestSender - Using open Channel [id: 0xbae439c6, L:/127.0.0.1:57016 - R:localhost/127.0.0.1:52515] for GET '/session/ea25f7ee30d4c87aa4baac0b37a319a6/screenshot'
10:40:17.097 [AsyncHttpClient-1-5] DEBUG org.asynchttpclient.netty.handler.HttpHandler - 

Request DefaultFullHttpRequest(decodeResult: success, version: HTTP/1.1, content: EmptyByteBufBE)
GET /session/ea25f7ee30d4c87aa4baac0b37a319a6/screenshot HTTP/1.1
User-Agent: selenium/4.1.2 (java windows)
Cache-Control: no-cache
Content-Type: application/json; charset=utf-8
host: localhost:52515
accept: */*

Response DefaultHttpResponse(decodeResult: success, version: HTTP/1.1)
HTTP/1.1 200 OK
Content-Type: application/json; charset=utf-8
cache-control: no-cache
content-length: 55320

10:40:17.098 [AsyncHttpClient-1-5] DEBUG org.asynchttpclient.netty.channel.ChannelManager - Adding key: http://localhost:52515 for channel [id: 0xbae439c6, L:/127.0.0.1:57016 - R:localhost/127.0.0.1:52515]
10:40:17.102 [main] DEBUG net.serenitybdd.core.photography.Darkroom - Send negative for processing for target\site\serenity\978450d06eb86eb735175521c4a06999507a96991efadce5993bd088de144875.png
10:40:17.104 [main] INFO  - 
  _____   ___   ___   _____     ___     _     ___   ___   ___   ___  
 |_   _| | __| / __| |_   _|   | _ \   /_\   / __| / __| | __| |   \ 
   | |   | _|  \__ \   | |     |  _/  / _ \  \__ \ \__ \ | _|  | |) |
   |_|   |___| |___/   |_|     |_|   /_/ \_\ |___/ |___/ |___| |___/ 

Create New Appointment With Unregistered Patient Scenario
----------------------------------------------------------------------
10:40:17.107 [AsyncHttpClient-1-7] DEBUG org.asynchttpclient.netty.handler.WebSocketHandler - Channel Closed: [id: 0x43c965a3, L:/127.0.0.1:57041 ! R:localhost/127.0.0.1:57028] with attribute NettyResponseFuture{currentRetry=5,
	isDone=1,
	isCancelled=0,
	asyncHandler=org.asynchttpclient.ws.WebSocketUpgradeHandler@2130a60f,
	nettyRequest=org.asynchttpclient.netty.request.NettyRequest@64323c4d,
	future=java.util.concurrent.CompletableFuture@9fcb681[Completed normally],
	uri=ws://localhost:57028/devtools/browser/d4a4d830-5b8e-4b21-bebb-5388ce4a7bae,
	keepAlive=true,
	redirectCount=0,
	timeoutsHolder=null,
	inAuth=0,
	touch=1655782792239}
10:40:17.107 [AsyncHttpClient-1-7] DEBUG org.asynchttpclient.netty.channel.ChannelManager - Closing Channel [id: 0x43c965a3, L:/127.0.0.1:57041 ! R:localhost/127.0.0.1:57028] 
10:40:17.108 [Driver Command Executor] DEBUG org.asynchttpclient.netty.request.NettyRequestSender - Using pooled Channel '[id: 0xbae439c6, L:/127.0.0.1:57016 - R:localhost/127.0.0.1:52515]' for 'DELETE' to 'http://localhost:52515/session/ea25f7ee30d4c87aa4baac0b37a319a6'
10:40:17.108 [Driver Command Executor] DEBUG org.asynchttpclient.netty.request.NettyRequestSender - Using open Channel [id: 0xbae439c6, L:/127.0.0.1:57016 - R:localhost/127.0.0.1:52515] for DELETE '/session/ea25f7ee30d4c87aa4baac0b37a319a6'
10:40:17.227 [AsyncHttpClient-1-6] DEBUG org.asynchttpclient.netty.handler.HttpHandler - Unexpected I/O exception on channel [id: 0x8741e532, L:/127.0.0.1:57040 - R:localhost/127.0.0.1:57028]
java.net.SocketException: Connection reset
	at java.base/sun.nio.ch.SocketChannelImpl.throwConnectionReset(SocketChannelImpl.java:367)
	at java.base/sun.nio.ch.SocketChannelImpl.read(SocketChannelImpl.java:398)
	at io.netty.buffer.PooledByteBuf.setBytes(PooledByteBuf.java:258)
	at io.netty.buffer.AbstractByteBuf.writeBytes(AbstractByteBuf.java:1132)
	at io.netty.channel.socket.nio.NioSocketChannel.doReadBytes(NioSocketChannel.java:350)
	at io.netty.channel.nio.AbstractNioByteChannel$NioByteUnsafe.read(AbstractNioByteChannel.java:151)
	at io.netty.channel.nio.NioEventLoop.processSelectedKey(NioEventLoop.java:722)
	at io.netty.channel.nio.NioEventLoop.processSelectedKeysOptimized(NioEventLoop.java:658)
	at io.netty.channel.nio.NioEventLoop.processSelectedKeys(NioEventLoop.java:584)
	at io.netty.channel.nio.NioEventLoop.run(NioEventLoop.java:496)
	at io.netty.util.concurrent.SingleThreadEventExecutor$4.run(SingleThreadEventExecutor.java:986)
	at io.netty.util.internal.ThreadExecutorMap$2.run(ThreadExecutorMap.java:74)
	at io.netty.util.concurrent.FastThreadLocalRunnable.run(FastThreadLocalRunnable.java:30)
	at java.base/java.lang.Thread.run(Thread.java:832)
10:40:17.228 [AsyncHttpClient-1-6] DEBUG org.asynchttpclient.netty.channel.ChannelManager - Closing Channel [id: 0x8741e532, L:/127.0.0.1:57040 - R:localhost/127.0.0.1:57028] 
10:40:17.228 [AsyncHttpClient-1-6] DEBUG org.asynchttpclient.netty.handler.HttpHandler - Channel Closed: [id: 0x8741e532, L:/127.0.0.1:57040 ! R:localhost/127.0.0.1:57028] with attribute DISCARD
10:40:17.253 [AsyncHttpClient-1-5] DEBUG org.asynchttpclient.netty.handler.HttpHandler - 

Request DefaultFullHttpRequest(decodeResult: success, version: HTTP/1.1, content: EmptyByteBufBE)
DELETE /session/ea25f7ee30d4c87aa4baac0b37a319a6 HTTP/1.1
User-Agent: selenium/4.1.2 (java windows)
Content-Type: application/json; charset=utf-8
host: localhost:52515
accept: */*

Response DefaultHttpResponse(decodeResult: success, version: HTTP/1.1)
HTTP/1.1 200 OK
Content-Type: application/json; charset=utf-8
cache-control: no-cache
content-length: 14

10:40:17.253 [AsyncHttpClient-1-5] DEBUG org.asynchttpclient.netty.channel.ChannelManager - Adding key: http://localhost:52515 for channel [id: 0xbae439c6, L:/127.0.0.1:57016 - R:localhost/127.0.0.1:52515]
10:40:17.459 [AsyncHttpClient-1-5] DEBUG org.asynchttpclient.netty.handler.HttpHandler - Channel Closed: [id: 0xbae439c6, L:/127.0.0.1:57016 ! R:localhost/127.0.0.1:52515] with attribute DISCARD
10:40:17.964 [AsyncHttpClient-1-1] DEBUG org.asynchttpclient.netty.channel.DefaultChannelPool - Entry count for : http://localhost:52515 : 1
10:40:17.964 [AsyncHttpClient-1-1] DEBUG org.asynchttpclient.netty.channel.DefaultChannelPool - Entry count for : http://localhost:57028 : 1
10:40:17.964 [AsyncHttpClient-1-1] DEBUG org.asynchttpclient.netty.channel.DefaultChannelPool - Adding Candidate expired Channel [id: 0xbae439c6, L:/127.0.0.1:57016 ! R:localhost/127.0.0.1:52515] isIdleTimeoutExpired=false isRemotelyClosed=true isTtlExpired=false
10:40:17.964 [AsyncHttpClient-1-1] DEBUG org.asynchttpclient.netty.channel.DefaultChannelPool - Closing Idle Channel [id: 0xbae439c6, L:/127.0.0.1:57016 ! R:localhost/127.0.0.1:52515]
10:40:17.964 [AsyncHttpClient-1-1] DEBUG org.asynchttpclient.netty.channel.DefaultChannelPool - Adding Candidate expired Channel [id: 0x8741e532, L:/127.0.0.1:57040 ! R:localhost/127.0.0.1:57028] isIdleTimeoutExpired=false isRemotelyClosed=true isTtlExpired=false
10:40:17.964 [AsyncHttpClient-1-1] DEBUG org.asynchttpclient.netty.channel.DefaultChannelPool - Closing Idle Channel [id: 0x8741e532, L:/127.0.0.1:57040 ! R:localhost/127.0.0.1:57028]
10:40:17.964 [AsyncHttpClient-1-1] DEBUG org.asynchttpclient.netty.channel.DefaultChannelPool - Closed 2 connections out of 2 in 0 ms
]]></system-out>
    <system-err><![CDATA[Starting ChromeDriver 102.0.5005.61 (0e59bcc00cc4985ce39ad31c150065f159d95ad3-refs/branch-heads/5005@{#819}) on port 52515
Only local connections are allowed.
Please see https://chromedriver.chromium.org/security-considerations for suggestions on keeping ChromeDriver safe.
ChromeDriver was started successfully.
Jun 21, 2022 10:39:52 AM org.openqa.selenium.remote.ProtocolHandshake createSession
INFO: Detected dialect: W3C
Jun 21, 2022 10:39:52 AM org.openqa.selenium.devtools.CdpVersionFinder findNearestMatch
WARNING: Unable to find an exact match for CDP version 102, so returning the closest version found: a no-op implementation
Jun 21, 2022 10:39:52 AM org.openqa.selenium.devtools.CdpVersionFinder findNearestMatch
INFO: Unable to find CDP implementation matching 102.
Jun 21, 2022 10:39:52 AM org.openqa.selenium.chromium.ChromiumDriver lambda$new$3
WARNING: Unable to find version of CDP to use for . You may need to include a dependency on a specific version of the CDP using something similar to `org.seleniumhq.selenium:selenium-devtools-v86:4.1.2` where the version ("v86") matches the version of the chromium-based browser you're using and the version number of the artifact is the same as Selenium's.
]]></system-err>
  </testcase>
  <testcase name="Cancel Create New Appointment Scenario" classname="Appointment" time="62.583">
    <system-out><![CDATA[
@Appointment @CancelCreateAppointment
Scenario: Cancel Create New Appointment Scenario &amp#27;[90m# src/test/resources/features/1.Appointment.feature:26&amp#27;[0m
10:40:18.030 [main] INFO io.cucumber.core.plugin.SerenityReporter - Running feature from file:///E:/My%20Documents/File%20Difa/TI%20Semester%206%20Kampus%20Merdeka%20Alterra/Tugas/CAPSTONE%20Project/Capstone-Project-Website/src/test/resources/features/1.Appointment.feature
10:40:18.033 [main] INFO  - 
  _____   ___   ___   _____     ___   _____     _     ___   _____   ___   ___  
 |_   _| | __| / __| |_   _|   / __| |_   _|   /_\   | _ \ |_   _| | __| |   \ 
   | |   | _|  \__ \   | |     \__ \   | |    / _ \  |   /   | |   | _|  | |) |
   |_|   |___| |___/   |_|     |___/   |_|   /_/ \_\ |_|_\   |_|   |___| |___/ 

Cancel Create New Appointment Scenario(appointment;cancel-create-new-appointment-scenario)
--------------------------------------------------------------------------------
10:40:18.055 [main] DEBUG net.thucydides.core.steps.StepInterceptor - STARTING STEP: DashboardSteps.iAmOnTheDashboardPage - openUrl
10:40:18.056 [main] INFO net.serenitybdd.core.webdriver.driverproviders.ChromeDriverProvider - Using automatically driver download
10:40:18.534 [main] DEBUG io.github.bonigarcia.wdm.cache.ResolutionCache - Resolution chrome=102 in cache (valid until 11:37:46 21/06/2022 ICT)
10:40:18.550 [main] DEBUG io.github.bonigarcia.wdm.cache.ResolutionCache - Resolution chrome102=102.0.5005.61 in cache (valid until 09:22:16 22/06/2022 ICT)
10:40:18.557 [main] INFO io.github.bonigarcia.wdm.WebDriverManager - Using chromedriver 102.0.5005.61 (resolved driver for Chrome 102)
10:40:18.593 [main] DEBUG io.github.bonigarcia.wdm.WebDriverManager - Driver chromedriver 102.0.5005.61 found in cache
10:40:18.594 [main] INFO io.github.bonigarcia.wdm.WebDriverManager - Exporting webdriver.chrome.driver as C:\Users\USER\.cache\selenium\chromedriver\win32\102.0.5005.61\chromedriver.exe
10:40:18.761 [main] DEBUG net.serenitybdd.core.webdriver.driverproviders.ProvideNewDriver - Instantiating driver
10:40:18.761 [main] DEBUG net.serenitybdd.core.webdriver.driverproviders.ProvideNewDriver - Driver capabilities: Capabilities {acceptInsecureCerts: false, base.url: https://hospital-management..., browserName: chrome, chrome.driver: src/test/resources/webdrive..., driver: chrome, goog:chromeOptions: {args: [], extensions: []}}
10:40:19.808 [AsyncHttpClient-1-8] DEBUG org.asynchttpclient.netty.channel.NettyConnectListener - Using new Channel '[id: 0x9495c37d, L:/127.0.0.1:57085 - R:localhost/127.0.0.1:52218]' for 'POST' to '/session'
10:40:27.594 [AsyncHttpClient-1-8] DEBUG org.asynchttpclient.netty.handler.HttpHandler - 

Request DefaultHttpRequest(decodeResult: success, version: HTTP/1.1)
POST /session HTTP/1.1
User-Agent: selenium/4.1.2 (java windows)
Content-Length: 621
Content-Type: application/json; charset=utf-8
host: localhost:52218
accept: */*

Response DefaultHttpResponse(decodeResult: success, version: HTTP/1.1)
HTTP/1.1 200 OK
Content-Type: application/json; charset=utf-8
cache-control: no-cache
content-length: 789

10:40:27.595 [AsyncHttpClient-1-8] DEBUG org.asynchttpclient.netty.channel.ChannelManager - Adding key: http://localhost:52218 for channel [id: 0x9495c37d, L:/127.0.0.1:57085 - R:localhost/127.0.0.1:52218]
10:40:27.864 [AsyncHttpClient-1-1] DEBUG org.asynchttpclient.netty.channel.DefaultChannelPool - Entry count for : http://localhost:52218 : 1
10:40:28.404 [AsyncHttpClient-1-9] DEBUG org.asynchttpclient.netty.channel.NettyConnectListener - Using new Channel '[id: 0x8cc0fc44, L:/127.0.0.1:57100 - R:localhost/127.0.0.1:57088]' for 'GET' to '/json/version'
10:40:28.418 [AsyncHttpClient-1-9] DEBUG org.asynchttpclient.netty.handler.HttpHandler - 

Request DefaultFullHttpRequest(decodeResult: success, version: HTTP/1.1, content: EmptyByteBufBE)
GET /json/version HTTP/1.1
User-Agent: selenium/4.1.2 (java windows)
host: localhost:57088
accept: */*

Response DefaultHttpResponse(decodeResult: success, version: HTTP/1.1)
HTTP/1.1 200 OK
Content-Type: application/json; charset=UTF-8
content-length: 427

10:40:28.418 [AsyncHttpClient-1-9] DEBUG org.asynchttpclient.netty.channel.ChannelManager - Adding key: http://localhost:57088 for channel [id: 0x8cc0fc44, L:/127.0.0.1:57100 - R:localhost/127.0.0.1:57088]
10:40:28.526 [AsyncHttpClient-1-2] DEBUG org.asynchttpclient.netty.channel.NettyConnectListener - Using new Channel '[id: 0x72239401, L:/127.0.0.1:57102 - R:localhost/127.0.0.1:57088]' for 'GET' to '/devtools/browser/bd8f2a8f-1f1b-4f62-ae12-b272b27a6b25'
10:40:28.527 [AsyncHttpClient-1-2] DEBUG org.asynchttpclient.netty.handler.WebSocketHandler - 

Request DefaultFullHttpRequest(decodeResult: success, version: HTTP/1.1, content: EmptyByteBufBE)
GET /devtools/browser/bd8f2a8f-1f1b-4f62-ae12-b272b27a6b25 HTTP/1.1
upgrade: websocket
connection: upgrade
sec-websocket-key: gPaIs7B4UVfPbQEBAvwTvw==
sec-websocket-version: 13
origin: http://localhost:57088
host: localhost:57088
accept: */*
user-agent: AHC/2.1

Response DefaultHttpResponse(decodeResult: success, version: HTTP/1.1)
HTTP/1.1 101 WebSocket Protocol Handshake
Upgrade: WebSocket
Connection: Upgrade
Sec-WebSocket-Accept: lph8hR9cdmOI8VZK8LwndAqeAUM=

10:40:28.779 [Forwarding maximizeCurrentWindow on session 064a7e8288b7cc173f17c76647eb7a91 to remote] DEBUG org.asynchttpclient.netty.request.NettyRequestSender - Using pooled Channel '[id: 0x9495c37d, L:/127.0.0.1:57085 - R:localhost/127.0.0.1:52218]' for 'POST' to 'http://localhost:52218/session/064a7e8288b7cc173f17c76647eb7a91/window/maximize'
10:40:28.779 [Forwarding maximizeCurrentWindow on session 064a7e8288b7cc173f17c76647eb7a91 to remote] DEBUG org.asynchttpclient.netty.request.NettyRequestSender - Using open Channel [id: 0x9495c37d, L:/127.0.0.1:57085 - R:localhost/127.0.0.1:52218] for POST '/session/064a7e8288b7cc173f17c76647eb7a91/window/maximize'
10:40:28.964 [AsyncHttpClient-1-1] DEBUG org.asynchttpclient.netty.channel.DefaultChannelPool - Entry count for : http://localhost:57088 : 1
10:40:30.063 [AsyncHttpClient-1-1] DEBUG org.asynchttpclient.netty.channel.DefaultChannelPool - Entry count for : http://localhost:57088 : 1
10:40:31.164 [AsyncHttpClient-1-1] DEBUG org.asynchttpclient.netty.channel.DefaultChannelPool - Entry count for : http://localhost:57088 : 1
10:40:32.264 [AsyncHttpClient-1-1] DEBUG org.asynchttpclient.netty.channel.DefaultChannelPool - Entry count for : http://localhost:57088 : 1
10:40:33.117 [AsyncHttpClient-1-8] DEBUG org.asynchttpclient.netty.handler.HttpHandler - 

Request DefaultHttpRequest(decodeResult: success, version: HTTP/1.1)
POST /session/064a7e8288b7cc173f17c76647eb7a91/window/maximize HTTP/1.1
User-Agent: selenium/4.1.2 (java windows)
Content-Length: 3
Content-Type: application/json; charset=utf-8
host: localhost:52218
accept: */*

Response DefaultHttpResponse(decodeResult: success, version: HTTP/1.1)
HTTP/1.1 200 OK
Content-Type: application/json; charset=utf-8
cache-control: no-cache
content-length: 51

10:40:33.117 [AsyncHttpClient-1-8] DEBUG org.asynchttpclient.netty.channel.ChannelManager - Adding key: http://localhost:52218 for channel [id: 0x9495c37d, L:/127.0.0.1:57085 - R:localhost/127.0.0.1:52218]
10:40:33.121 [Forwarding get on session 064a7e8288b7cc173f17c76647eb7a91 to remote] DEBUG org.asynchttpclient.netty.request.NettyRequestSender - Using pooled Channel '[id: 0x9495c37d, L:/127.0.0.1:57085 - R:localhost/127.0.0.1:52218]' for 'POST' to 'http://localhost:52218/session/064a7e8288b7cc173f17c76647eb7a91/url'
10:40:33.121 [Forwarding get on session 064a7e8288b7cc173f17c76647eb7a91 to remote] DEBUG org.asynchttpclient.netty.request.NettyRequestSender - Using open Channel [id: 0x9495c37d, L:/127.0.0.1:57085 - R:localhost/127.0.0.1:52218] for POST '/session/064a7e8288b7cc173f17c76647eb7a91/url'
10:40:33.363 [AsyncHttpClient-1-1] DEBUG org.asynchttpclient.netty.channel.DefaultChannelPool - Entry count for : http://localhost:57088 : 1
10:40:34.464 [AsyncHttpClient-1-1] DEBUG org.asynchttpclient.netty.channel.DefaultChannelPool - Entry count for : http://localhost:57088 : 1
10:40:35.564 [AsyncHttpClient-1-1] DEBUG org.asynchttpclient.netty.channel.DefaultChannelPool - Entry count for : http://localhost:57088 : 1
10:40:36.666 [AsyncHttpClient-1-1] DEBUG org.asynchttpclient.netty.channel.DefaultChannelPool - Entry count for : http://localhost:57088 : 1
10:40:37.764 [AsyncHttpClient-1-1] DEBUG org.asynchttpclient.netty.channel.DefaultChannelPool - Entry count for : http://localhost:57088 : 1
10:40:38.864 [AsyncHttpClient-1-1] DEBUG org.asynchttpclient.netty.channel.DefaultChannelPool - Entry count for : http://localhost:57088 : 1
10:40:39.964 [AsyncHttpClient-1-1] DEBUG org.asynchttpclient.netty.channel.DefaultChannelPool - Entry count for : http://localhost:57088 : 1
10:40:41.064 [AsyncHttpClient-1-1] DEBUG org.asynchttpclient.netty.channel.DefaultChannelPool - Entry count for : http://localhost:57088 : 1
10:40:42.164 [AsyncHttpClient-1-1] DEBUG org.asynchttpclient.netty.channel.DefaultChannelPool - Entry count for : http://localhost:57088 : 1
10:40:43.265 [AsyncHttpClient-1-1] DEBUG org.asynchttpclient.netty.channel.DefaultChannelPool - Entry count for : http://localhost:57088 : 1
10:40:44.365 [AsyncHttpClient-1-1] DEBUG org.asynchttpclient.netty.channel.DefaultChannelPool - Entry count for : http://localhost:57088 : 1
10:40:45.463 [AsyncHttpClient-1-1] DEBUG org.asynchttpclient.netty.channel.DefaultChannelPool - Entry count for : http://localhost:57088 : 1
10:40:46.564 [AsyncHttpClient-1-1] DEBUG org.asynchttpclient.netty.channel.DefaultChannelPool - Entry count for : http://localhost:57088 : 1
10:40:47.005 [AsyncHttpClient-1-8] DEBUG org.asynchttpclient.netty.handler.HttpHandler - 

Request DefaultHttpRequest(decodeResult: success, version: HTTP/1.1)
POST /session/064a7e8288b7cc173f17c76647eb7a91/url HTTP/1.1
User-Agent: selenium/4.1.2 (java windows)
Content-Length: 65
Content-Type: application/json; charset=utf-8
host: localhost:52218
accept: */*

Response DefaultHttpResponse(decodeResult: success, version: HTTP/1.1)
HTTP/1.1 200 OK
Content-Type: application/json; charset=utf-8
cache-control: no-cache
content-length: 14

10:40:47.006 [AsyncHttpClient-1-8] DEBUG org.asynchttpclient.netty.channel.ChannelManager - Adding key: http://localhost:52218 for channel [id: 0x9495c37d, L:/127.0.0.1:57085 - R:localhost/127.0.0.1:52218]
10:40:47.014 [Forwarding setTimeout on session 064a7e8288b7cc173f17c76647eb7a91 to remote] DEBUG org.asynchttpclient.netty.request.NettyRequestSender - Using pooled Channel '[id: 0x9495c37d, L:/127.0.0.1:57085 - R:localhost/127.0.0.1:52218]' for 'POST' to 'http://localhost:52218/session/064a7e8288b7cc173f17c76647eb7a91/timeouts'
10:40:47.014 [Forwarding setTimeout on session 064a7e8288b7cc173f17c76647eb7a91 to remote] DEBUG org.asynchttpclient.netty.request.NettyRequestSender - Using open Channel [id: 0x9495c37d, L:/127.0.0.1:57085 - R:localhost/127.0.0.1:52218] for POST '/session/064a7e8288b7cc173f17c76647eb7a91/timeouts'
10:40:47.238 [AsyncHttpClient-1-8] DEBUG org.asynchttpclient.netty.handler.HttpHandler - 

Request DefaultHttpRequest(decodeResult: success, version: HTTP/1.1)
POST /session/064a7e8288b7cc173f17c76647eb7a91/timeouts HTTP/1.1
User-Agent: selenium/4.1.2 (java windows)
Content-Length: 22
Content-Type: application/json; charset=utf-8
host: localhost:52218
accept: */*

Response DefaultHttpResponse(decodeResult: success, version: HTTP/1.1)
HTTP/1.1 200 OK
Content-Type: application/json; charset=utf-8
cache-control: no-cache
content-length: 14

10:40:47.239 [AsyncHttpClient-1-8] DEBUG org.asynchttpclient.netty.channel.ChannelManager - Adding key: http://localhost:52218 for channel [id: 0x9495c37d, L:/127.0.0.1:57085 - R:localhost/127.0.0.1:52218]
10:40:47.251 [Forwarding getCurrentUrl on session 064a7e8288b7cc173f17c76647eb7a91 to remote] DEBUG org.asynchttpclient.netty.request.NettyRequestSender - Using pooled Channel '[id: 0x9495c37d, L:/127.0.0.1:57085 - R:localhost/127.0.0.1:52218]' for 'GET' to 'http://localhost:52218/session/064a7e8288b7cc173f17c76647eb7a91/url'
10:40:47.251 [Forwarding getCurrentUrl on session 064a7e8288b7cc173f17c76647eb7a91 to remote] DEBUG org.asynchttpclient.netty.request.NettyRequestSender - Using open Channel [id: 0x9495c37d, L:/127.0.0.1:57085 - R:localhost/127.0.0.1:52218] for GET '/session/064a7e8288b7cc173f17c76647eb7a91/url'
10:40:47.664 [AsyncHttpClient-1-1] DEBUG org.asynchttpclient.netty.channel.DefaultChannelPool - Entry count for : http://localhost:57088 : 1
10:40:48.765 [AsyncHttpClient-1-1] DEBUG org.asynchttpclient.netty.channel.DefaultChannelPool - Entry count for : http://localhost:57088 : 1
10:40:48.932 [AsyncHttpClient-1-8] DEBUG org.asynchttpclient.netty.handler.HttpHandler - 

Request DefaultFullHttpRequest(decodeResult: success, version: HTTP/1.1, content: EmptyByteBufBE)
GET /session/064a7e8288b7cc173f17c76647eb7a91/url HTTP/1.1
User-Agent: selenium/4.1.2 (java windows)
Cache-Control: no-cache
Content-Type: application/json; charset=utf-8
host: localhost:52218
accept: */*

Response DefaultHttpResponse(decodeResult: success, version: HTTP/1.1)
HTTP/1.1 200 OK
Content-Type: application/json; charset=utf-8
cache-control: no-cache
content-length: 53

10:40:48.933 [AsyncHttpClient-1-8] DEBUG org.asynchttpclient.netty.channel.ChannelManager - Adding key: http://localhost:52218 for channel [id: 0x9495c37d, L:/127.0.0.1:57085 - R:localhost/127.0.0.1:52218]
10:40:48.943 [Forwarding getCurrentUrl on session 064a7e8288b7cc173f17c76647eb7a91 to remote] DEBUG org.asynchttpclient.netty.request.NettyRequestSender - Using pooled Channel '[id: 0x9495c37d, L:/127.0.0.1:57085 - R:localhost/127.0.0.1:52218]' for 'GET' to 'http://localhost:52218/session/064a7e8288b7cc173f17c76647eb7a91/url'
10:40:48.944 [Forwarding getCurrentUrl on session 064a7e8288b7cc173f17c76647eb7a91 to remote] DEBUG org.asynchttpclient.netty.request.NettyRequestSender - Using open Channel [id: 0x9495c37d, L:/127.0.0.1:57085 - R:localhost/127.0.0.1:52218] for GET '/session/064a7e8288b7cc173f17c76647eb7a91/url'
10:40:48.954 [AsyncHttpClient-1-8] DEBUG org.asynchttpclient.netty.handler.HttpHandler - 

Request DefaultFullHttpRequest(decodeResult: success, version: HTTP/1.1, content: EmptyByteBufBE)
GET /session/064a7e8288b7cc173f17c76647eb7a91/url HTTP/1.1
User-Agent: selenium/4.1.2 (java windows)
Cache-Control: no-cache
Content-Type: application/json; charset=utf-8
host: localhost:52218
accept: */*

Response DefaultHttpResponse(decodeResult: success, version: HTTP/1.1)
HTTP/1.1 200 OK
Content-Type: application/json; charset=utf-8
cache-control: no-cache
content-length: 53

10:40:48.954 [AsyncHttpClient-1-8] DEBUG org.asynchttpclient.netty.channel.ChannelManager - Adding key: http://localhost:52218 for channel [id: 0x9495c37d, L:/127.0.0.1:57085 - R:localhost/127.0.0.1:52218]
10:40:48.965 [Forwarding screenshot on session 064a7e8288b7cc173f17c76647eb7a91 to remote] DEBUG org.asynchttpclient.netty.request.NettyRequestSender - Using pooled Channel '[id: 0x9495c37d, L:/127.0.0.1:57085 - R:localhost/127.0.0.1:52218]' for 'GET' to 'http://localhost:52218/session/064a7e8288b7cc173f17c76647eb7a91/screenshot'
10:40:48.965 [Forwarding screenshot on session 064a7e8288b7cc173f17c76647eb7a91 to remote] DEBUG org.asynchttpclient.netty.request.NettyRequestSender - Using open Channel [id: 0x9495c37d, L:/127.0.0.1:57085 - R:localhost/127.0.0.1:52218] for GET '/session/064a7e8288b7cc173f17c76647eb7a91/screenshot'
10:40:49.865 [AsyncHttpClient-1-1] DEBUG org.asynchttpclient.netty.channel.DefaultChannelPool - Entry count for : http://localhost:57088 : 1
10:40:50.965 [AsyncHttpClient-1-1] DEBUG org.asynchttpclient.netty.channel.DefaultChannelPool - Entry count for : http://localhost:57088 : 1
10:40:52.064 [AsyncHttpClient-1-1] DEBUG org.asynchttpclient.netty.channel.DefaultChannelPool - Entry count for : http://localhost:57088 : 1
10:40:53.165 [AsyncHttpClient-1-1] DEBUG org.asynchttpclient.netty.channel.DefaultChannelPool - Entry count for : http://localhost:57088 : 1
10:40:54.264 [AsyncHttpClient-1-1] DEBUG org.asynchttpclient.netty.channel.DefaultChannelPool - Entry count for : http://localhost:57088 : 1
10:40:55.365 [AsyncHttpClient-1-1] DEBUG org.asynchttpclient.netty.channel.DefaultChannelPool - Entry count for : http://localhost:57088 : 1
10:40:55.716 [AsyncHttpClient-1-8] DEBUG org.asynchttpclient.netty.handler.HttpHandler - 

Request DefaultFullHttpRequest(decodeResult: success, version: HTTP/1.1, content: EmptyByteBufBE)
GET /session/064a7e8288b7cc173f17c76647eb7a91/screenshot HTTP/1.1
User-Agent: selenium/4.1.2 (java windows)
Cache-Control: no-cache
Content-Type: application/json; charset=utf-8
host: localhost:52218
accept: */*

Response DefaultHttpResponse(decodeResult: success, version: HTTP/1.1)
HTTP/1.1 200 OK
Content-Type: application/json; charset=utf-8
cache-control: no-cache
content-length: 385992

10:40:56.082 [AsyncHttpClient-1-8] DEBUG org.asynchttpclient.netty.channel.ChannelManager - Adding key: http://localhost:52218 for channel [id: 0x9495c37d, L:/127.0.0.1:57085 - R:localhost/127.0.0.1:52218]
10:40:59.941 [AsyncHttpClient-1-1] DEBUG org.asynchttpclient.netty.channel.DefaultChannelPool - Entry count for : http://localhost:52218 : 1
10:40:59.941 [AsyncHttpClient-1-1] DEBUG org.asynchttpclient.netty.channel.DefaultChannelPool - Entry count for : http://localhost:57088 : 1
10:41:03.581 [AsyncHttpClient-1-1] DEBUG org.asynchttpclient.netty.channel.DefaultChannelPool - Entry count for : http://localhost:52218 : 1
10:41:03.581 [AsyncHttpClient-1-1] DEBUG org.asynchttpclient.netty.channel.DefaultChannelPool - Entry count for : http://localhost:57088 : 1
10:41:04.664 [AsyncHttpClient-1-1] DEBUG org.asynchttpclient.netty.channel.DefaultChannelPool - Entry count for : http://localhost:52218 : 1
10:41:04.664 [AsyncHttpClient-1-1] DEBUG org.asynchttpclient.netty.channel.DefaultChannelPool - Entry count for : http://localhost:57088 : 1
10:41:05.186 [main] DEBUG net.serenitybdd.core.photography.Darkroom - Send negative for processing for target\site\serenity\6ad70e3c6fcac4d1a84ff8b96fd6dc44767ee738a552abb891dcc80c568c3460.png
10:41:05.772 [AsyncHttpClient-1-1] DEBUG org.asynchttpclient.netty.channel.DefaultChannelPool - Entry count for : http://localhost:52218 : 1
10:41:05.772 [AsyncHttpClient-1-1] DEBUG org.asynchttpclient.netty.channel.DefaultChannelPool - Entry count for : http://localhost:57088 : 1
10:41:05.822 [main] DEBUG net.thucydides.core.steps.StepInterceptor - STEP DONE: openUrl
10:41:05.851 [Darkroom Processing Line] DEBUG net.serenitybdd.core.photography.DarkroomProcessingLine - Processing screenshot image in /var/screenshots/screenshot-3415076415645570963
10:41:05.852 [Darkroom Processing Line] DEBUG net.serenitybdd.core.photography.DarkroomProcessingLine - Saving screenshot to target\site\serenity\6ad70e3c6fcac4d1a84ff8b96fd6dc44767ee738a552abb891dcc80c568c3460.png
10:41:06.866 [AsyncHttpClient-1-1] DEBUG org.asynchttpclient.netty.channel.DefaultChannelPool - Entry count for : http://localhost:52218 : 1
10:41:06.866 [AsyncHttpClient-1-1] DEBUG org.asynchttpclient.netty.channel.DefaultChannelPool - Entry count for : http://localhost:57088 : 1
10:41:06.871 [Forwarding screenshot on session 064a7e8288b7cc173f17c76647eb7a91 to remote] DEBUG org.asynchttpclient.netty.request.NettyRequestSender - Using pooled Channel '[id: 0x9495c37d, L:/127.0.0.1:57085 - R:localhost/127.0.0.1:52218]' for 'GET' to 'http://localhost:52218/session/064a7e8288b7cc173f17c76647eb7a91/screenshot'
10:41:06.871 [Forwarding screenshot on session 064a7e8288b7cc173f17c76647eb7a91 to remote] DEBUG org.asynchttpclient.netty.request.NettyRequestSender - Using open Channel [id: 0x9495c37d, L:/127.0.0.1:57085 - R:localhost/127.0.0.1:52218] for GET '/session/064a7e8288b7cc173f17c76647eb7a91/screenshot'
10:41:07.188 [AsyncHttpClient-1-8] DEBUG org.asynchttpclient.netty.handler.HttpHandler - 

Request DefaultFullHttpRequest(decodeResult: success, version: HTTP/1.1, content: EmptyByteBufBE)
GET /session/064a7e8288b7cc173f17c76647eb7a91/screenshot HTTP/1.1
User-Agent: selenium/4.1.2 (java windows)
Cache-Control: no-cache
Content-Type: application/json; charset=utf-8
host: localhost:52218
accept: */*

Response DefaultHttpResponse(decodeResult: success, version: HTTP/1.1)
HTTP/1.1 200 OK
Content-Type: application/json; charset=utf-8
cache-control: no-cache
content-length: 351816

10:41:07.191 [AsyncHttpClient-1-8] DEBUG org.asynchttpclient.netty.channel.ChannelManager - Adding key: http://localhost:52218 for channel [id: 0x9495c37d, L:/127.0.0.1:57085 - R:localhost/127.0.0.1:52218]
10:41:07.685 [main] DEBUG net.serenitybdd.core.photography.Darkroom - Send negative for processing for target\site\serenity\20277f1d76f1b925628464fcd1ece5de77a814679d1be3fdcf836a7ddadfed60.png
10:41:07.686 [main] DEBUG net.thucydides.core.steps.StepInterceptor - STARTING STEP: DashboardSteps.iAmOnTheDashboardPage - validateOnDashboardPage
10:41:07.809 [Forwarding findElement on session 064a7e8288b7cc173f17c76647eb7a91 to remote] DEBUG org.asynchttpclient.netty.request.NettyRequestSender - Using pooled Channel '[id: 0x9495c37d, L:/127.0.0.1:57085 - R:localhost/127.0.0.1:52218]' for 'POST' to 'http://localhost:52218/session/064a7e8288b7cc173f17c76647eb7a91/element'
10:41:07.809 [Forwarding findElement on session 064a7e8288b7cc173f17c76647eb7a91 to remote] DEBUG org.asynchttpclient.netty.request.NettyRequestSender - Using open Channel [id: 0x9495c37d, L:/127.0.0.1:57085 - R:localhost/127.0.0.1:52218] for POST '/session/064a7e8288b7cc173f17c76647eb7a91/element'
10:41:07.965 [AsyncHttpClient-1-1] DEBUG org.asynchttpclient.netty.channel.DefaultChannelPool - Entry count for : http://localhost:57088 : 1
10:41:13.020 [AsyncHttpClient-1-1] DEBUG org.asynchttpclient.netty.channel.DefaultChannelPool - Entry count for : http://localhost:57088 : 1
10:41:13.021 [AsyncHttpClient-1-8] DEBUG org.asynchttpclient.netty.handler.HttpHandler - 

Request DefaultHttpRequest(decodeResult: success, version: HTTP/1.1)
POST /session/064a7e8288b7cc173f17c76647eb7a91/element HTTP/1.1
User-Agent: selenium/4.1.2 (java windows)
Content-Length: 81
Content-Type: application/json; charset=utf-8
host: localhost:52218
accept: */*

Response DefaultHttpResponse(decodeResult: success, version: HTTP/1.1)
HTTP/1.1 200 OK
Content-Type: application/json; charset=utf-8
cache-control: no-cache
content-length: 88

10:41:13.021 [AsyncHttpClient-1-8] DEBUG org.asynchttpclient.netty.channel.ChannelManager - Adding key: http://localhost:52218 for channel [id: 0x9495c37d, L:/127.0.0.1:57085 - R:localhost/127.0.0.1:52218]
10:41:13.057 [Forwarding isElementDisplayed on session 064a7e8288b7cc173f17c76647eb7a91 to remote] DEBUG org.asynchttpclient.netty.request.NettyRequestSender - Using pooled Channel '[id: 0x9495c37d, L:/127.0.0.1:57085 - R:localhost/127.0.0.1:52218]' for 'POST' to 'http://localhost:52218/session/064a7e8288b7cc173f17c76647eb7a91/execute/sync'
10:41:13.058 [Forwarding isElementDisplayed on session 064a7e8288b7cc173f17c76647eb7a91 to remote] DEBUG org.asynchttpclient.netty.request.NettyRequestSender - Using open Channel [id: 0x9495c37d, L:/127.0.0.1:57085 - R:localhost/127.0.0.1:52218] for POST '/session/064a7e8288b7cc173f17c76647eb7a91/execute/sync'
10:41:13.147 [AsyncHttpClient-1-8] DEBUG org.asynchttpclient.netty.handler.HttpHandler - 

Request DefaultHttpRequest(decodeResult: success, version: HTTP/1.1)
POST /session/064a7e8288b7cc173f17c76647eb7a91/execute/sync HTTP/1.1
User-Agent: selenium/4.1.2 (java windows)
Content-Length: 48780
Content-Type: application/json; charset=utf-8
host: localhost:52218
accept: */*

Response DefaultHttpResponse(decodeResult: success, version: HTTP/1.1)
HTTP/1.1 200 OK
Content-Type: application/json; charset=utf-8
cache-control: no-cache
content-length: 14

10:41:13.148 [AsyncHttpClient-1-8] DEBUG org.asynchttpclient.netty.channel.ChannelManager - Adding key: http://localhost:52218 for channel [id: 0x9495c37d, L:/127.0.0.1:57085 - R:localhost/127.0.0.1:52218]
10:41:13.186 [Forwarding screenshot on session 064a7e8288b7cc173f17c76647eb7a91 to remote] DEBUG org.asynchttpclient.netty.request.NettyRequestSender - Using pooled Channel '[id: 0x9495c37d, L:/127.0.0.1:57085 - R:localhost/127.0.0.1:52218]' for 'GET' to 'http://localhost:52218/session/064a7e8288b7cc173f17c76647eb7a91/screenshot'
10:41:13.186 [Forwarding screenshot on session 064a7e8288b7cc173f17c76647eb7a91 to remote] DEBUG org.asynchttpclient.netty.request.NettyRequestSender - Using open Channel [id: 0x9495c37d, L:/127.0.0.1:57085 - R:localhost/127.0.0.1:52218] for GET '/session/064a7e8288b7cc173f17c76647eb7a91/screenshot'
10:41:13.484 [AsyncHttpClient-1-8] DEBUG org.asynchttpclient.netty.handler.HttpHandler - 

Request DefaultFullHttpRequest(decodeResult: success, version: HTTP/1.1, content: EmptyByteBufBE)
GET /session/064a7e8288b7cc173f17c76647eb7a91/screenshot HTTP/1.1
User-Agent: selenium/4.1.2 (java windows)
Cache-Control: no-cache
Content-Type: application/json; charset=utf-8
host: localhost:52218
accept: */*

Response DefaultHttpResponse(decodeResult: success, version: HTTP/1.1)
HTTP/1.1 200 OK
Content-Type: application/json; charset=utf-8
cache-control: no-cache
content-length: 351816

10:41:13.488 [AsyncHttpClient-1-8] DEBUG org.asynchttpclient.netty.channel.ChannelManager - Adding key: http://localhost:52218 for channel [id: 0x9495c37d, L:/127.0.0.1:57085 - R:localhost/127.0.0.1:52218]
10:41:13.671 [main] DEBUG net.serenitybdd.core.photography.Darkroom - Send negative for processing for target\site\serenity\20277f1d76f1b925628464fcd1ece5de77a814679d1be3fdcf836a7ddadfed60.png
10:41:13.671 [main] DEBUG net.thucydides.core.steps.StepInterceptor - STEP DONE: validateOnDashboardPage
  &amp#27;[32mGiven &amp#27;[0m&amp#27;[32mI am on the dashboard page&amp#27;[0m               &amp#27;[90m# starter.stepdefinitions.DashboardSteps.iAmOnTheDashboardPage()&amp#27;[0m
10:41:13.867 [Forwarding screenshot on session 064a7e8288b7cc173f17c76647eb7a91 to remote] DEBUG org.asynchttpclient.netty.request.NettyRequestSender - Using pooled Channel '[id: 0x9495c37d, L:/127.0.0.1:57085 - R:localhost/127.0.0.1:52218]' for 'GET' to 'http://localhost:52218/session/064a7e8288b7cc173f17c76647eb7a91/screenshot'
10:41:13.867 [Forwarding screenshot on session 064a7e8288b7cc173f17c76647eb7a91 to remote] DEBUG org.asynchttpclient.netty.request.NettyRequestSender - Using open Channel [id: 0x9495c37d, L:/127.0.0.1:57085 - R:localhost/127.0.0.1:52218] for GET '/session/064a7e8288b7cc173f17c76647eb7a91/screenshot'
10:41:14.066 [AsyncHttpClient-1-1] DEBUG org.asynchttpclient.netty.channel.DefaultChannelPool - Entry count for : http://localhost:57088 : 1
10:41:14.165 [AsyncHttpClient-1-8] DEBUG org.asynchttpclient.netty.handler.HttpHandler - 

Request DefaultFullHttpRequest(decodeResult: success, version: HTTP/1.1, content: EmptyByteBufBE)
GET /session/064a7e8288b7cc173f17c76647eb7a91/screenshot HTTP/1.1
User-Agent: selenium/4.1.2 (java windows)
Cache-Control: no-cache
Content-Type: application/json; charset=utf-8
host: localhost:52218
accept: */*

Response DefaultHttpResponse(decodeResult: success, version: HTTP/1.1)
HTTP/1.1 200 OK
Content-Type: application/json; charset=utf-8
cache-control: no-cache
content-length: 351816

10:41:14.168 [AsyncHttpClient-1-8] DEBUG org.asynchttpclient.netty.channel.ChannelManager - Adding key: http://localhost:52218 for channel [id: 0x9495c37d, L:/127.0.0.1:57085 - R:localhost/127.0.0.1:52218]
10:41:14.233 [main] DEBUG net.serenitybdd.core.photography.Darkroom - Send negative for processing for target\site\serenity\20277f1d76f1b925628464fcd1ece5de77a814679d1be3fdcf836a7ddadfed60.png
10:41:14.628 [Forwarding screenshot on session 064a7e8288b7cc173f17c76647eb7a91 to remote] DEBUG org.asynchttpclient.netty.request.NettyRequestSender - Using pooled Channel '[id: 0x9495c37d, L:/127.0.0.1:57085 - R:localhost/127.0.0.1:52218]' for 'GET' to 'http://localhost:52218/session/064a7e8288b7cc173f17c76647eb7a91/screenshot'
10:41:14.628 [Forwarding screenshot on session 064a7e8288b7cc173f17c76647eb7a91 to remote] DEBUG org.asynchttpclient.netty.request.NettyRequestSender - Using open Channel [id: 0x9495c37d, L:/127.0.0.1:57085 - R:localhost/127.0.0.1:52218] for GET '/session/064a7e8288b7cc173f17c76647eb7a91/screenshot'
10:41:14.891 [AsyncHttpClient-1-8] DEBUG org.asynchttpclient.netty.handler.HttpHandler - 

Request DefaultFullHttpRequest(decodeResult: success, version: HTTP/1.1, content: EmptyByteBufBE)
GET /session/064a7e8288b7cc173f17c76647eb7a91/screenshot HTTP/1.1
User-Agent: selenium/4.1.2 (java windows)
Cache-Control: no-cache
Content-Type: application/json; charset=utf-8
host: localhost:52218
accept: */*

Response DefaultHttpResponse(decodeResult: success, version: HTTP/1.1)
HTTP/1.1 200 OK
Content-Type: application/json; charset=utf-8
cache-control: no-cache
content-length: 351816

10:41:14.928 [AsyncHttpClient-1-8] DEBUG org.asynchttpclient.netty.channel.ChannelManager - Adding key: http://localhost:52218 for channel [id: 0x9495c37d, L:/127.0.0.1:57085 - R:localhost/127.0.0.1:52218]
10:41:14.945 [main] DEBUG net.serenitybdd.core.photography.Darkroom - Send negative for processing for target\site\serenity\20277f1d76f1b925628464fcd1ece5de77a814679d1be3fdcf836a7ddadfed60.png
10:41:14.946 [main] DEBUG net.thucydides.core.steps.StepInterceptor - STARTING STEP: AppointmentSteps.iClickMenuAppointment - clickMenuAppointmentButton
10:41:15.113 [Forwarding findElement on session 064a7e8288b7cc173f17c76647eb7a91 to remote] DEBUG org.asynchttpclient.netty.request.NettyRequestSender - Using pooled Channel '[id: 0x9495c37d, L:/127.0.0.1:57085 - R:localhost/127.0.0.1:52218]' for 'POST' to 'http://localhost:52218/session/064a7e8288b7cc173f17c76647eb7a91/element'
10:41:15.123 [Forwarding findElement on session 064a7e8288b7cc173f17c76647eb7a91 to remote] DEBUG org.asynchttpclient.netty.request.NettyRequestSender - Using open Channel [id: 0x9495c37d, L:/127.0.0.1:57085 - R:localhost/127.0.0.1:52218] for POST '/session/064a7e8288b7cc173f17c76647eb7a91/element'
10:41:15.167 [AsyncHttpClient-1-1] DEBUG org.asynchttpclient.netty.channel.DefaultChannelPool - Entry count for : http://localhost:57088 : 1
10:41:15.167 [AsyncHttpClient-1-8] DEBUG org.asynchttpclient.netty.handler.HttpHandler - 

Request DefaultHttpRequest(decodeResult: success, version: HTTP/1.1)
POST /session/064a7e8288b7cc173f17c76647eb7a91/element HTTP/1.1
User-Agent: selenium/4.1.2 (java windows)
Content-Length: 84
Content-Type: application/json; charset=utf-8
host: localhost:52218
accept: */*

Response DefaultHttpResponse(decodeResult: success, version: HTTP/1.1)
HTTP/1.1 200 OK
Content-Type: application/json; charset=utf-8
cache-control: no-cache
content-length: 88

10:41:15.193 [AsyncHttpClient-1-8] DEBUG org.asynchttpclient.netty.channel.ChannelManager - Adding key: http://localhost:52218 for channel [id: 0x9495c37d, L:/127.0.0.1:57085 - R:localhost/127.0.0.1:52218]
10:41:15.218 [Forwarding getElementTagName on session 064a7e8288b7cc173f17c76647eb7a91 to remote] DEBUG org.asynchttpclient.netty.request.NettyRequestSender - Using pooled Channel '[id: 0x9495c37d, L:/127.0.0.1:57085 - R:localhost/127.0.0.1:52218]' for 'GET' to 'http://localhost:52218/session/064a7e8288b7cc173f17c76647eb7a91/element/df4f3c62-53eb-4277-9ac4-3b9ed26d93ee/name'
10:41:15.218 [Forwarding getElementTagName on session 064a7e8288b7cc173f17c76647eb7a91 to remote] DEBUG org.asynchttpclient.netty.request.NettyRequestSender - Using open Channel [id: 0x9495c37d, L:/127.0.0.1:57085 - R:localhost/127.0.0.1:52218] for GET '/session/064a7e8288b7cc173f17c76647eb7a91/element/df4f3c62-53eb-4277-9ac4-3b9ed26d93ee/name'
10:41:15.240 [AsyncHttpClient-1-8] DEBUG org.asynchttpclient.netty.handler.HttpHandler - 

Request DefaultFullHttpRequest(decodeResult: success, version: HTTP/1.1, content: EmptyByteBufBE)
GET /session/064a7e8288b7cc173f17c76647eb7a91/element/df4f3c62-53eb-4277-9ac4-3b9ed26d93ee/name HTTP/1.1
User-Agent: selenium/4.1.2 (java windows)
Cache-Control: no-cache
Content-Type: application/json; charset=utf-8
host: localhost:52218
accept: */*

Response DefaultHttpResponse(decodeResult: success, version: HTTP/1.1)
HTTP/1.1 200 OK
Content-Type: application/json; charset=utf-8
cache-control: no-cache
content-length: 15

10:41:15.240 [AsyncHttpClient-1-8] DEBUG org.asynchttpclient.netty.channel.ChannelManager - Adding key: http://localhost:52218 for channel [id: 0x9495c37d, L:/127.0.0.1:57085 - R:localhost/127.0.0.1:52218]
10:41:15.242 [Forwarding getElementTagName on session 064a7e8288b7cc173f17c76647eb7a91 to remote] DEBUG org.asynchttpclient.netty.request.NettyRequestSender - Using pooled Channel '[id: 0x9495c37d, L:/127.0.0.1:57085 - R:localhost/127.0.0.1:52218]' for 'GET' to 'http://localhost:52218/session/064a7e8288b7cc173f17c76647eb7a91/element/df4f3c62-53eb-4277-9ac4-3b9ed26d93ee/name'
10:41:15.242 [Forwarding getElementTagName on session 064a7e8288b7cc173f17c76647eb7a91 to remote] DEBUG org.asynchttpclient.netty.request.NettyRequestSender - Using open Channel [id: 0x9495c37d, L:/127.0.0.1:57085 - R:localhost/127.0.0.1:52218] for GET '/session/064a7e8288b7cc173f17c76647eb7a91/element/df4f3c62-53eb-4277-9ac4-3b9ed26d93ee/name'
10:41:15.247 [AsyncHttpClient-1-8] DEBUG org.asynchttpclient.netty.handler.HttpHandler - 

Request DefaultFullHttpRequest(decodeResult: success, version: HTTP/1.1, content: EmptyByteBufBE)
GET /session/064a7e8288b7cc173f17c76647eb7a91/element/df4f3c62-53eb-4277-9ac4-3b9ed26d93ee/name HTTP/1.1
User-Agent: selenium/4.1.2 (java windows)
Cache-Control: no-cache
Content-Type: application/json; charset=utf-8
host: localhost:52218
accept: */*

Response DefaultHttpResponse(decodeResult: success, version: HTTP/1.1)
HTTP/1.1 200 OK
Content-Type: application/json; charset=utf-8
cache-control: no-cache
content-length: 15

10:41:15.247 [AsyncHttpClient-1-8] DEBUG org.asynchttpclient.netty.channel.ChannelManager - Adding key: http://localhost:52218 for channel [id: 0x9495c37d, L:/127.0.0.1:57085 - R:localhost/127.0.0.1:52218]
10:41:15.249 [Forwarding findElement on session 064a7e8288b7cc173f17c76647eb7a91 to remote] DEBUG org.asynchttpclient.netty.request.NettyRequestSender - Using pooled Channel '[id: 0x9495c37d, L:/127.0.0.1:57085 - R:localhost/127.0.0.1:52218]' for 'POST' to 'http://localhost:52218/session/064a7e8288b7cc173f17c76647eb7a91/element'
10:41:15.249 [Forwarding findElement on session 064a7e8288b7cc173f17c76647eb7a91 to remote] DEBUG org.asynchttpclient.netty.request.NettyRequestSender - Using open Channel [id: 0x9495c37d, L:/127.0.0.1:57085 - R:localhost/127.0.0.1:52218] for POST '/session/064a7e8288b7cc173f17c76647eb7a91/element'
10:41:15.258 [AsyncHttpClient-1-8] DEBUG org.asynchttpclient.netty.handler.HttpHandler - 

Request DefaultHttpRequest(decodeResult: success, version: HTTP/1.1)
POST /session/064a7e8288b7cc173f17c76647eb7a91/element HTTP/1.1
User-Agent: selenium/4.1.2 (java windows)
Content-Length: 84
Content-Type: application/json; charset=utf-8
host: localhost:52218
accept: */*

Response DefaultHttpResponse(decodeResult: success, version: HTTP/1.1)
HTTP/1.1 200 OK
Content-Type: application/json; charset=utf-8
cache-control: no-cache
content-length: 88

10:41:15.258 [AsyncHttpClient-1-8] DEBUG org.asynchttpclient.netty.channel.ChannelManager - Adding key: http://localhost:52218 for channel [id: 0x9495c37d, L:/127.0.0.1:57085 - R:localhost/127.0.0.1:52218]
10:41:15.260 [Forwarding clickElement on session 064a7e8288b7cc173f17c76647eb7a91 to remote] DEBUG org.asynchttpclient.netty.request.NettyRequestSender - Using pooled Channel '[id: 0x9495c37d, L:/127.0.0.1:57085 - R:localhost/127.0.0.1:52218]' for 'POST' to 'http://localhost:52218/session/064a7e8288b7cc173f17c76647eb7a91/element/df4f3c62-53eb-4277-9ac4-3b9ed26d93ee/click'
10:41:15.260 [Forwarding clickElement on session 064a7e8288b7cc173f17c76647eb7a91 to remote] DEBUG org.asynchttpclient.netty.request.NettyRequestSender - Using open Channel [id: 0x9495c37d, L:/127.0.0.1:57085 - R:localhost/127.0.0.1:52218] for POST '/session/064a7e8288b7cc173f17c76647eb7a91/element/df4f3c62-53eb-4277-9ac4-3b9ed26d93ee/click'
10:41:16.166 [AsyncHttpClient-1-8] DEBUG org.asynchttpclient.netty.handler.HttpHandler - 

Request DefaultHttpRequest(decodeResult: success, version: HTTP/1.1)
POST /session/064a7e8288b7cc173f17c76647eb7a91/element/df4f3c62-53eb-4277-9ac4-3b9ed26d93ee/click HTTP/1.1
User-Agent: selenium/4.1.2 (java windows)
Content-Length: 50
Content-Type: application/json; charset=utf-8
host: localhost:52218
accept: */*

Response DefaultHttpResponse(decodeResult: success, version: HTTP/1.1)
HTTP/1.1 200 OK
Content-Type: application/json; charset=utf-8
cache-control: no-cache
content-length: 14

10:41:16.166 [AsyncHttpClient-1-8] DEBUG org.asynchttpclient.netty.channel.ChannelManager - Adding key: http://localhost:52218 for channel [id: 0x9495c37d, L:/127.0.0.1:57085 - R:localhost/127.0.0.1:52218]
10:41:16.180 [Forwarding screenshot on session 064a7e8288b7cc173f17c76647eb7a91 to remote] DEBUG org.asynchttpclient.netty.request.NettyRequestSender - Using pooled Channel '[id: 0x9495c37d, L:/127.0.0.1:57085 - R:localhost/127.0.0.1:52218]' for 'GET' to 'http://localhost:52218/session/064a7e8288b7cc173f17c76647eb7a91/screenshot'
10:41:16.180 [Forwarding screenshot on session 064a7e8288b7cc173f17c76647eb7a91 to remote] DEBUG org.asynchttpclient.netty.request.NettyRequestSender - Using open Channel [id: 0x9495c37d, L:/127.0.0.1:57085 - R:localhost/127.0.0.1:52218] for GET '/session/064a7e8288b7cc173f17c76647eb7a91/screenshot'
10:41:16.264 [AsyncHttpClient-1-1] DEBUG org.asynchttpclient.netty.channel.DefaultChannelPool - Entry count for : http://localhost:57088 : 1
10:41:16.352 [AsyncHttpClient-1-8] DEBUG org.asynchttpclient.netty.handler.HttpHandler - 

Request DefaultFullHttpRequest(decodeResult: success, version: HTTP/1.1, content: EmptyByteBufBE)
GET /session/064a7e8288b7cc173f17c76647eb7a91/screenshot HTTP/1.1
User-Agent: selenium/4.1.2 (java windows)
Cache-Control: no-cache
Content-Type: application/json; charset=utf-8
host: localhost:52218
accept: */*

Response DefaultHttpResponse(decodeResult: success, version: HTTP/1.1)
HTTP/1.1 200 OK
Content-Type: application/json; charset=utf-8
cache-control: no-cache
content-length: 77740

10:41:16.353 [AsyncHttpClient-1-8] DEBUG org.asynchttpclient.netty.channel.ChannelManager - Adding key: http://localhost:52218 for channel [id: 0x9495c37d, L:/127.0.0.1:57085 - R:localhost/127.0.0.1:52218]
10:41:16.369 [main] DEBUG net.serenitybdd.core.photography.Darkroom - Send negative for processing for target\site\serenity\f51b6b6e47513ff36f5784b071d8ef7a99d52f5a87f24c7ce180ff738de0a430.png
10:41:16.369 [main] DEBUG net.thucydides.core.steps.StepInterceptor - STEP DONE: clickMenuAppointmentButton
  &amp#27;[32mAnd &amp#27;[0m&amp#27;[32mI click menu Appointment&amp#27;[0m                   &amp#27;[90m# starter.stepdefinitions.AppointmentSteps.iClickMenuAppointment()&amp#27;[0m
10:41:16.379 [Darkroom Processing Line] DEBUG net.serenitybdd.core.photography.DarkroomProcessingLine - Processing screenshot image in /var/screenshots/screenshot-1050261868781474833
10:41:16.380 [Darkroom Processing Line] DEBUG net.serenitybdd.core.photography.DarkroomProcessingLine - Saving screenshot to target\site\serenity\f51b6b6e47513ff36f5784b071d8ef7a99d52f5a87f24c7ce180ff738de0a430.png
10:41:16.407 [main] DEBUG net.thucydides.core.steps.StepInterceptor - STARTING STEP: AppointmentSteps.iClickAddNewAppointment - clickAddNewAppointmentButton
10:41:16.412 [Forwarding findElement on session 064a7e8288b7cc173f17c76647eb7a91 to remote] DEBUG org.asynchttpclient.netty.request.NettyRequestSender - Using pooled Channel '[id: 0x9495c37d, L:/127.0.0.1:57085 - R:localhost/127.0.0.1:52218]' for 'POST' to 'http://localhost:52218/session/064a7e8288b7cc173f17c76647eb7a91/element'
10:41:16.412 [Forwarding findElement on session 064a7e8288b7cc173f17c76647eb7a91 to remote] DEBUG org.asynchttpclient.netty.request.NettyRequestSender - Using open Channel [id: 0x9495c37d, L:/127.0.0.1:57085 - R:localhost/127.0.0.1:52218] for POST '/session/064a7e8288b7cc173f17c76647eb7a91/element'
10:41:16.434 [AsyncHttpClient-1-8] DEBUG org.asynchttpclient.netty.handler.HttpHandler - 

Request DefaultHttpRequest(decodeResult: success, version: HTTP/1.1)
POST /session/064a7e8288b7cc173f17c76647eb7a91/element HTTP/1.1
User-Agent: selenium/4.1.2 (java windows)
Content-Length: 149
Content-Type: application/json; charset=utf-8
host: localhost:52218
accept: */*

Response DefaultHttpResponse(decodeResult: success, version: HTTP/1.1)
HTTP/1.1 200 OK
Content-Type: application/json; charset=utf-8
cache-control: no-cache
content-length: 88

10:41:16.434 [AsyncHttpClient-1-8] DEBUG org.asynchttpclient.netty.channel.ChannelManager - Adding key: http://localhost:52218 for channel [id: 0x9495c37d, L:/127.0.0.1:57085 - R:localhost/127.0.0.1:52218]
10:41:16.436 [Forwarding getElementTagName on session 064a7e8288b7cc173f17c76647eb7a91 to remote] DEBUG org.asynchttpclient.netty.request.NettyRequestSender - Using pooled Channel '[id: 0x9495c37d, L:/127.0.0.1:57085 - R:localhost/127.0.0.1:52218]' for 'GET' to 'http://localhost:52218/session/064a7e8288b7cc173f17c76647eb7a91/element/bb0bc23d-944a-4f84-a20f-dc8ecc2d0399/name'
10:41:16.436 [Forwarding getElementTagName on session 064a7e8288b7cc173f17c76647eb7a91 to remote] DEBUG org.asynchttpclient.netty.request.NettyRequestSender - Using open Channel [id: 0x9495c37d, L:/127.0.0.1:57085 - R:localhost/127.0.0.1:52218] for GET '/session/064a7e8288b7cc173f17c76647eb7a91/element/bb0bc23d-944a-4f84-a20f-dc8ecc2d0399/name'
10:41:16.441 [AsyncHttpClient-1-8] DEBUG org.asynchttpclient.netty.handler.HttpHandler - 

Request DefaultFullHttpRequest(decodeResult: success, version: HTTP/1.1, content: EmptyByteBufBE)
GET /session/064a7e8288b7cc173f17c76647eb7a91/element/bb0bc23d-944a-4f84-a20f-dc8ecc2d0399/name HTTP/1.1
User-Agent: selenium/4.1.2 (java windows)
Cache-Control: no-cache
Content-Type: application/json; charset=utf-8
host: localhost:52218
accept: */*

Response DefaultHttpResponse(decodeResult: success, version: HTTP/1.1)
HTTP/1.1 200 OK
Content-Type: application/json; charset=utf-8
cache-control: no-cache
content-length: 18

10:41:16.441 [AsyncHttpClient-1-8] DEBUG org.asynchttpclient.netty.channel.ChannelManager - Adding key: http://localhost:52218 for channel [id: 0x9495c37d, L:/127.0.0.1:57085 - R:localhost/127.0.0.1:52218]
10:41:16.443 [Forwarding getElementTagName on session 064a7e8288b7cc173f17c76647eb7a91 to remote] DEBUG org.asynchttpclient.netty.request.NettyRequestSender - Using pooled Channel '[id: 0x9495c37d, L:/127.0.0.1:57085 - R:localhost/127.0.0.1:52218]' for 'GET' to 'http://localhost:52218/session/064a7e8288b7cc173f17c76647eb7a91/element/bb0bc23d-944a-4f84-a20f-dc8ecc2d0399/name'
10:41:16.443 [Forwarding getElementTagName on session 064a7e8288b7cc173f17c76647eb7a91 to remote] DEBUG org.asynchttpclient.netty.request.NettyRequestSender - Using open Channel [id: 0x9495c37d, L:/127.0.0.1:57085 - R:localhost/127.0.0.1:52218] for GET '/session/064a7e8288b7cc173f17c76647eb7a91/element/bb0bc23d-944a-4f84-a20f-dc8ecc2d0399/name'
10:41:16.447 [AsyncHttpClient-1-8] DEBUG org.asynchttpclient.netty.handler.HttpHandler - 

Request DefaultFullHttpRequest(decodeResult: success, version: HTTP/1.1, content: EmptyByteBufBE)
GET /session/064a7e8288b7cc173f17c76647eb7a91/element/bb0bc23d-944a-4f84-a20f-dc8ecc2d0399/name HTTP/1.1
User-Agent: selenium/4.1.2 (java windows)
Cache-Control: no-cache
Content-Type: application/json; charset=utf-8
host: localhost:52218
accept: */*

Response DefaultHttpResponse(decodeResult: success, version: HTTP/1.1)
HTTP/1.1 200 OK
Content-Type: application/json; charset=utf-8
cache-control: no-cache
content-length: 18

10:41:16.448 [AsyncHttpClient-1-8] DEBUG org.asynchttpclient.netty.channel.ChannelManager - Adding key: http://localhost:52218 for channel [id: 0x9495c37d, L:/127.0.0.1:57085 - R:localhost/127.0.0.1:52218]
10:41:16.452 [Forwarding isElementEnabled on session 064a7e8288b7cc173f17c76647eb7a91 to remote] DEBUG org.asynchttpclient.netty.request.NettyRequestSender - Using pooled Channel '[id: 0x9495c37d, L:/127.0.0.1:57085 - R:localhost/127.0.0.1:52218]' for 'GET' to 'http://localhost:52218/session/064a7e8288b7cc173f17c76647eb7a91/element/bb0bc23d-944a-4f84-a20f-dc8ecc2d0399/enabled'
10:41:16.452 [Forwarding isElementEnabled on session 064a7e8288b7cc173f17c76647eb7a91 to remote] DEBUG org.asynchttpclient.netty.request.NettyRequestSender - Using open Channel [id: 0x9495c37d, L:/127.0.0.1:57085 - R:localhost/127.0.0.1:52218] for GET '/session/064a7e8288b7cc173f17c76647eb7a91/element/bb0bc23d-944a-4f84-a20f-dc8ecc2d0399/enabled'
10:41:16.626 [AsyncHttpClient-1-8] DEBUG org.asynchttpclient.netty.handler.HttpHandler - 

Request DefaultFullHttpRequest(decodeResult: success, version: HTTP/1.1, content: EmptyByteBufBE)
GET /session/064a7e8288b7cc173f17c76647eb7a91/element/bb0bc23d-944a-4f84-a20f-dc8ecc2d0399/enabled HTTP/1.1
User-Agent: selenium/4.1.2 (java windows)
Cache-Control: no-cache
Content-Type: application/json; charset=utf-8
host: localhost:52218
accept: */*

Response DefaultHttpResponse(decodeResult: success, version: HTTP/1.1)
HTTP/1.1 200 OK
Content-Type: application/json; charset=utf-8
cache-control: no-cache
content-length: 14

10:41:16.627 [AsyncHttpClient-1-8] DEBUG org.asynchttpclient.netty.channel.ChannelManager - Adding key: http://localhost:52218 for channel [id: 0x9495c37d, L:/127.0.0.1:57085 - R:localhost/127.0.0.1:52218]
10:41:16.631 [Forwarding isElementEnabled on session 064a7e8288b7cc173f17c76647eb7a91 to remote] DEBUG org.asynchttpclient.netty.request.NettyRequestSender - Using pooled Channel '[id: 0x9495c37d, L:/127.0.0.1:57085 - R:localhost/127.0.0.1:52218]' for 'GET' to 'http://localhost:52218/session/064a7e8288b7cc173f17c76647eb7a91/element/bb0bc23d-944a-4f84-a20f-dc8ecc2d0399/enabled'
10:41:16.631 [Forwarding isElementEnabled on session 064a7e8288b7cc173f17c76647eb7a91 to remote] DEBUG org.asynchttpclient.netty.request.NettyRequestSender - Using open Channel [id: 0x9495c37d, L:/127.0.0.1:57085 - R:localhost/127.0.0.1:52218] for GET '/session/064a7e8288b7cc173f17c76647eb7a91/element/bb0bc23d-944a-4f84-a20f-dc8ecc2d0399/enabled'
10:41:16.645 [AsyncHttpClient-1-8] DEBUG org.asynchttpclient.netty.handler.HttpHandler - 

Request DefaultFullHttpRequest(decodeResult: success, version: HTTP/1.1, content: EmptyByteBufBE)
GET /session/064a7e8288b7cc173f17c76647eb7a91/element/bb0bc23d-944a-4f84-a20f-dc8ecc2d0399/enabled HTTP/1.1
User-Agent: selenium/4.1.2 (java windows)
Cache-Control: no-cache
Content-Type: application/json; charset=utf-8
host: localhost:52218
accept: */*

Response DefaultHttpResponse(decodeResult: success, version: HTTP/1.1)
HTTP/1.1 200 OK
Content-Type: application/json; charset=utf-8
cache-control: no-cache
content-length: 14

10:41:16.645 [AsyncHttpClient-1-8] DEBUG org.asynchttpclient.netty.channel.ChannelManager - Adding key: http://localhost:52218 for channel [id: 0x9495c37d, L:/127.0.0.1:57085 - R:localhost/127.0.0.1:52218]
10:41:16.650 [Forwarding findElement on session 064a7e8288b7cc173f17c76647eb7a91 to remote] DEBUG org.asynchttpclient.netty.request.NettyRequestSender - Using pooled Channel '[id: 0x9495c37d, L:/127.0.0.1:57085 - R:localhost/127.0.0.1:52218]' for 'POST' to 'http://localhost:52218/session/064a7e8288b7cc173f17c76647eb7a91/element'
10:41:16.650 [Forwarding findElement on session 064a7e8288b7cc173f17c76647eb7a91 to remote] DEBUG org.asynchttpclient.netty.request.NettyRequestSender - Using open Channel [id: 0x9495c37d, L:/127.0.0.1:57085 - R:localhost/127.0.0.1:52218] for POST '/session/064a7e8288b7cc173f17c76647eb7a91/element'
10:41:16.662 [AsyncHttpClient-1-8] DEBUG org.asynchttpclient.netty.handler.HttpHandler - 

Request DefaultHttpRequest(decodeResult: success, version: HTTP/1.1)
POST /session/064a7e8288b7cc173f17c76647eb7a91/element HTTP/1.1
User-Agent: selenium/4.1.2 (java windows)
Content-Length: 149
Content-Type: application/json; charset=utf-8
host: localhost:52218
accept: */*

Response DefaultHttpResponse(decodeResult: success, version: HTTP/1.1)
HTTP/1.1 200 OK
Content-Type: application/json; charset=utf-8
cache-control: no-cache
content-length: 88

10:41:16.663 [AsyncHttpClient-1-8] DEBUG org.asynchttpclient.netty.channel.ChannelManager - Adding key: http://localhost:52218 for channel [id: 0x9495c37d, L:/127.0.0.1:57085 - R:localhost/127.0.0.1:52218]
10:41:16.665 [Forwarding clickElement on session 064a7e8288b7cc173f17c76647eb7a91 to remote] DEBUG org.asynchttpclient.netty.request.NettyRequestSender - Using pooled Channel '[id: 0x9495c37d, L:/127.0.0.1:57085 - R:localhost/127.0.0.1:52218]' for 'POST' to 'http://localhost:52218/session/064a7e8288b7cc173f17c76647eb7a91/element/bb0bc23d-944a-4f84-a20f-dc8ecc2d0399/click'
10:41:16.665 [Forwarding clickElement on session 064a7e8288b7cc173f17c76647eb7a91 to remote] DEBUG org.asynchttpclient.netty.request.NettyRequestSender - Using open Channel [id: 0x9495c37d, L:/127.0.0.1:57085 - R:localhost/127.0.0.1:52218] for POST '/session/064a7e8288b7cc173f17c76647eb7a91/element/bb0bc23d-944a-4f84-a20f-dc8ecc2d0399/click'
10:41:16.896 [AsyncHttpClient-1-8] DEBUG org.asynchttpclient.netty.handler.HttpHandler - 

Request DefaultHttpRequest(decodeResult: success, version: HTTP/1.1)
POST /session/064a7e8288b7cc173f17c76647eb7a91/element/bb0bc23d-944a-4f84-a20f-dc8ecc2d0399/click HTTP/1.1
User-Agent: selenium/4.1.2 (java windows)
Content-Length: 50
Content-Type: application/json; charset=utf-8
host: localhost:52218
accept: */*

Response DefaultHttpResponse(decodeResult: success, version: HTTP/1.1)
HTTP/1.1 200 OK
Content-Type: application/json; charset=utf-8
cache-control: no-cache
content-length: 14

10:41:16.897 [AsyncHttpClient-1-8] DEBUG org.asynchttpclient.netty.channel.ChannelManager - Adding key: http://localhost:52218 for channel [id: 0x9495c37d, L:/127.0.0.1:57085 - R:localhost/127.0.0.1:52218]
10:41:16.907 [Forwarding screenshot on session 064a7e8288b7cc173f17c76647eb7a91 to remote] DEBUG org.asynchttpclient.netty.request.NettyRequestSender - Using pooled Channel '[id: 0x9495c37d, L:/127.0.0.1:57085 - R:localhost/127.0.0.1:52218]' for 'GET' to 'http://localhost:52218/session/064a7e8288b7cc173f17c76647eb7a91/screenshot'
10:41:16.908 [Forwarding screenshot on session 064a7e8288b7cc173f17c76647eb7a91 to remote] DEBUG org.asynchttpclient.netty.request.NettyRequestSender - Using open Channel [id: 0x9495c37d, L:/127.0.0.1:57085 - R:localhost/127.0.0.1:52218] for GET '/session/064a7e8288b7cc173f17c76647eb7a91/screenshot'
10:41:17.068 [AsyncHttpClient-1-8] DEBUG org.asynchttpclient.netty.handler.HttpHandler - 

Request DefaultFullHttpRequest(decodeResult: success, version: HTTP/1.1, content: EmptyByteBufBE)
GET /session/064a7e8288b7cc173f17c76647eb7a91/screenshot HTTP/1.1
User-Agent: selenium/4.1.2 (java windows)
Cache-Control: no-cache
Content-Type: application/json; charset=utf-8
host: localhost:52218
accept: */*

Response DefaultHttpResponse(decodeResult: success, version: HTTP/1.1)
HTTP/1.1 200 OK
Content-Type: application/json; charset=utf-8
cache-control: no-cache
content-length: 97740

10:41:17.069 [AsyncHttpClient-1-8] DEBUG org.asynchttpclient.netty.channel.ChannelManager - Adding key: http://localhost:52218 for channel [id: 0x9495c37d, L:/127.0.0.1:57085 - R:localhost/127.0.0.1:52218]
10:41:17.078 [main] DEBUG net.serenitybdd.core.photography.Darkroom - Send negative for processing for target\site\serenity\924194cf0611855e2685c92f9dae0b1004926ab09cbf674754162a851748d28b.png
10:41:17.079 [main] DEBUG net.thucydides.core.steps.StepInterceptor - STEP DONE: clickAddNewAppointmentButton
10:41:17.079 [Darkroom Processing Line] DEBUG net.serenitybdd.core.photography.DarkroomProcessingLine - Processing screenshot image in /var/screenshots/screenshot-15219417619190944888
  &amp#27;[32mWhen &amp#27;[0m&amp#27;[32mI click Add New Appointment&amp#27;[0m               &amp#27;[90m# starter.stepdefinitions.AppointmentSteps.iClickAddNewAppointment()&amp#27;[0m
10:41:17.079 [Darkroom Processing Line] DEBUG net.serenitybdd.core.photography.DarkroomProcessingLine - Saving screenshot to target\site\serenity\924194cf0611855e2685c92f9dae0b1004926ab09cbf674754162a851748d28b.png
10:41:17.100 [main] DEBUG net.thucydides.core.steps.StepInterceptor - STARTING STEP: AppointmentSteps.iClickYesButton - clickYesButton
10:41:17.108 [Forwarding findElement on session 064a7e8288b7cc173f17c76647eb7a91 to remote] DEBUG org.asynchttpclient.netty.request.NettyRequestSender - Using pooled Channel '[id: 0x9495c37d, L:/127.0.0.1:57085 - R:localhost/127.0.0.1:52218]' for 'POST' to 'http://localhost:52218/session/064a7e8288b7cc173f17c76647eb7a91/element'
10:41:17.109 [Forwarding findElement on session 064a7e8288b7cc173f17c76647eb7a91 to remote] DEBUG org.asynchttpclient.netty.request.NettyRequestSender - Using open Channel [id: 0x9495c37d, L:/127.0.0.1:57085 - R:localhost/127.0.0.1:52218] for POST '/session/064a7e8288b7cc173f17c76647eb7a91/element'
10:41:17.142 [AsyncHttpClient-1-8] DEBUG org.asynchttpclient.netty.handler.HttpHandler - 

Request DefaultHttpRequest(decodeResult: success, version: HTTP/1.1)
POST /session/064a7e8288b7cc173f17c76647eb7a91/element HTTP/1.1
User-Agent: selenium/4.1.2 (java windows)
Content-Length: 104
Content-Type: application/json; charset=utf-8
host: localhost:52218
accept: */*

Response DefaultHttpResponse(decodeResult: success, version: HTTP/1.1)
HTTP/1.1 200 OK
Content-Type: application/json; charset=utf-8
cache-control: no-cache
content-length: 88

10:41:17.142 [AsyncHttpClient-1-8] DEBUG org.asynchttpclient.netty.channel.ChannelManager - Adding key: http://localhost:52218 for channel [id: 0x9495c37d, L:/127.0.0.1:57085 - R:localhost/127.0.0.1:52218]
10:41:17.144 [Forwarding getElementTagName on session 064a7e8288b7cc173f17c76647eb7a91 to remote] DEBUG org.asynchttpclient.netty.request.NettyRequestSender - Using pooled Channel '[id: 0x9495c37d, L:/127.0.0.1:57085 - R:localhost/127.0.0.1:52218]' for 'GET' to 'http://localhost:52218/session/064a7e8288b7cc173f17c76647eb7a91/element/3dfd269e-34b3-4db6-9306-f2b2d5422149/name'
10:41:17.144 [Forwarding getElementTagName on session 064a7e8288b7cc173f17c76647eb7a91 to remote] DEBUG org.asynchttpclient.netty.request.NettyRequestSender - Using open Channel [id: 0x9495c37d, L:/127.0.0.1:57085 - R:localhost/127.0.0.1:52218] for GET '/session/064a7e8288b7cc173f17c76647eb7a91/element/3dfd269e-34b3-4db6-9306-f2b2d5422149/name'
10:41:17.156 [AsyncHttpClient-1-8] DEBUG org.asynchttpclient.netty.handler.HttpHandler - 

Request DefaultFullHttpRequest(decodeResult: success, version: HTTP/1.1, content: EmptyByteBufBE)
GET /session/064a7e8288b7cc173f17c76647eb7a91/element/3dfd269e-34b3-4db6-9306-f2b2d5422149/name HTTP/1.1
User-Agent: selenium/4.1.2 (java windows)
Cache-Control: no-cache
Content-Type: application/json; charset=utf-8
host: localhost:52218
accept: */*

Response DefaultHttpResponse(decodeResult: success, version: HTTP/1.1)
HTTP/1.1 200 OK
Content-Type: application/json; charset=utf-8
cache-control: no-cache
content-length: 18

10:41:17.157 [AsyncHttpClient-1-8] DEBUG org.asynchttpclient.netty.channel.ChannelManager - Adding key: http://localhost:52218 for channel [id: 0x9495c37d, L:/127.0.0.1:57085 - R:localhost/127.0.0.1:52218]
10:41:17.159 [Forwarding getElementTagName on session 064a7e8288b7cc173f17c76647eb7a91 to remote] DEBUG org.asynchttpclient.netty.request.NettyRequestSender - Using pooled Channel '[id: 0x9495c37d, L:/127.0.0.1:57085 - R:localhost/127.0.0.1:52218]' for 'GET' to 'http://localhost:52218/session/064a7e8288b7cc173f17c76647eb7a91/element/3dfd269e-34b3-4db6-9306-f2b2d5422149/name'
10:41:17.159 [Forwarding getElementTagName on session 064a7e8288b7cc173f17c76647eb7a91 to remote] DEBUG org.asynchttpclient.netty.request.NettyRequestSender - Using open Channel [id: 0x9495c37d, L:/127.0.0.1:57085 - R:localhost/127.0.0.1:52218] for GET '/session/064a7e8288b7cc173f17c76647eb7a91/element/3dfd269e-34b3-4db6-9306-f2b2d5422149/name'
10:41:17.165 [AsyncHttpClient-1-8] DEBUG org.asynchttpclient.netty.handler.HttpHandler - 

Request DefaultFullHttpRequest(decodeResult: success, version: HTTP/1.1, content: EmptyByteBufBE)
GET /session/064a7e8288b7cc173f17c76647eb7a91/element/3dfd269e-34b3-4db6-9306-f2b2d5422149/name HTTP/1.1
User-Agent: selenium/4.1.2 (java windows)
Cache-Control: no-cache
Content-Type: application/json; charset=utf-8
host: localhost:52218
accept: */*

Response DefaultHttpResponse(decodeResult: success, version: HTTP/1.1)
HTTP/1.1 200 OK
Content-Type: application/json; charset=utf-8
cache-control: no-cache
content-length: 18

10:41:17.166 [AsyncHttpClient-1-8] DEBUG org.asynchttpclient.netty.channel.ChannelManager - Adding key: http://localhost:52218 for channel [id: 0x9495c37d, L:/127.0.0.1:57085 - R:localhost/127.0.0.1:52218]
10:41:17.172 [Forwarding isElementEnabled on session 064a7e8288b7cc173f17c76647eb7a91 to remote] DEBUG org.asynchttpclient.netty.request.NettyRequestSender - Using pooled Channel '[id: 0x9495c37d, L:/127.0.0.1:57085 - R:localhost/127.0.0.1:52218]' for 'GET' to 'http://localhost:52218/session/064a7e8288b7cc173f17c76647eb7a91/element/3dfd269e-34b3-4db6-9306-f2b2d5422149/enabled'
10:41:17.172 [Forwarding isElementEnabled on session 064a7e8288b7cc173f17c76647eb7a91 to remote] DEBUG org.asynchttpclient.netty.request.NettyRequestSender - Using open Channel [id: 0x9495c37d, L:/127.0.0.1:57085 - R:localhost/127.0.0.1:52218] for GET '/session/064a7e8288b7cc173f17c76647eb7a91/element/3dfd269e-34b3-4db6-9306-f2b2d5422149/enabled'
10:41:17.188 [AsyncHttpClient-1-8] DEBUG org.asynchttpclient.netty.handler.HttpHandler - 

Request DefaultFullHttpRequest(decodeResult: success, version: HTTP/1.1, content: EmptyByteBufBE)
GET /session/064a7e8288b7cc173f17c76647eb7a91/element/3dfd269e-34b3-4db6-9306-f2b2d5422149/enabled HTTP/1.1
User-Agent: selenium/4.1.2 (java windows)
Cache-Control: no-cache
Content-Type: application/json; charset=utf-8
host: localhost:52218
accept: */*

Response DefaultHttpResponse(decodeResult: success, version: HTTP/1.1)
HTTP/1.1 200 OK
Content-Type: application/json; charset=utf-8
cache-control: no-cache
content-length: 14

10:41:17.188 [AsyncHttpClient-1-8] DEBUG org.asynchttpclient.netty.channel.ChannelManager - Adding key: http://localhost:52218 for channel [id: 0x9495c37d, L:/127.0.0.1:57085 - R:localhost/127.0.0.1:52218]
10:41:17.190 [Forwarding isElementEnabled on session 064a7e8288b7cc173f17c76647eb7a91 to remote] DEBUG org.asynchttpclient.netty.request.NettyRequestSender - Using pooled Channel '[id: 0x9495c37d, L:/127.0.0.1:57085 - R:localhost/127.0.0.1:52218]' for 'GET' to 'http://localhost:52218/session/064a7e8288b7cc173f17c76647eb7a91/element/3dfd269e-34b3-4db6-9306-f2b2d5422149/enabled'
10:41:17.190 [Forwarding isElementEnabled on session 064a7e8288b7cc173f17c76647eb7a91 to remote] DEBUG org.asynchttpclient.netty.request.NettyRequestSender - Using open Channel [id: 0x9495c37d, L:/127.0.0.1:57085 - R:localhost/127.0.0.1:52218] for GET '/session/064a7e8288b7cc173f17c76647eb7a91/element/3dfd269e-34b3-4db6-9306-f2b2d5422149/enabled'
10:41:17.200 [AsyncHttpClient-1-8] DEBUG org.asynchttpclient.netty.handler.HttpHandler - 

Request DefaultFullHttpRequest(decodeResult: success, version: HTTP/1.1, content: EmptyByteBufBE)
GET /session/064a7e8288b7cc173f17c76647eb7a91/element/3dfd269e-34b3-4db6-9306-f2b2d5422149/enabled HTTP/1.1
User-Agent: selenium/4.1.2 (java windows)
Cache-Control: no-cache
Content-Type: application/json; charset=utf-8
host: localhost:52218
accept: */*

Response DefaultHttpResponse(decodeResult: success, version: HTTP/1.1)
HTTP/1.1 200 OK
Content-Type: application/json; charset=utf-8
cache-control: no-cache
content-length: 14

10:41:17.201 [AsyncHttpClient-1-8] DEBUG org.asynchttpclient.netty.channel.ChannelManager - Adding key: http://localhost:52218 for channel [id: 0x9495c37d, L:/127.0.0.1:57085 - R:localhost/127.0.0.1:52218]
10:41:17.241 [Forwarding findElement on session 064a7e8288b7cc173f17c76647eb7a91 to remote] DEBUG org.asynchttpclient.netty.request.NettyRequestSender - Using pooled Channel '[id: 0x9495c37d, L:/127.0.0.1:57085 - R:localhost/127.0.0.1:52218]' for 'POST' to 'http://localhost:52218/session/064a7e8288b7cc173f17c76647eb7a91/element'
10:41:17.241 [Forwarding findElement on session 064a7e8288b7cc173f17c76647eb7a91 to remote] DEBUG org.asynchttpclient.netty.request.NettyRequestSender - Using open Channel [id: 0x9495c37d, L:/127.0.0.1:57085 - R:localhost/127.0.0.1:52218] for POST '/session/064a7e8288b7cc173f17c76647eb7a91/element'
10:41:17.269 [AsyncHttpClient-1-8] DEBUG org.asynchttpclient.netty.handler.HttpHandler - 

Request DefaultHttpRequest(decodeResult: success, version: HTTP/1.1)
POST /session/064a7e8288b7cc173f17c76647eb7a91/element HTTP/1.1
User-Agent: selenium/4.1.2 (java windows)
Content-Length: 104
Content-Type: application/json; charset=utf-8
host: localhost:52218
accept: */*

Response DefaultHttpResponse(decodeResult: success, version: HTTP/1.1)
HTTP/1.1 200 OK
Content-Type: application/json; charset=utf-8
cache-control: no-cache
content-length: 88

10:41:17.269 [AsyncHttpClient-1-8] DEBUG org.asynchttpclient.netty.channel.ChannelManager - Adding key: http://localhost:52218 for channel [id: 0x9495c37d, L:/127.0.0.1:57085 - R:localhost/127.0.0.1:52218]
10:41:17.270 [Forwarding clickElement on session 064a7e8288b7cc173f17c76647eb7a91 to remote] DEBUG org.asynchttpclient.netty.request.NettyRequestSender - Using pooled Channel '[id: 0x9495c37d, L:/127.0.0.1:57085 - R:localhost/127.0.0.1:52218]' for 'POST' to 'http://localhost:52218/session/064a7e8288b7cc173f17c76647eb7a91/element/3dfd269e-34b3-4db6-9306-f2b2d5422149/click'
10:41:17.271 [Forwarding clickElement on session 064a7e8288b7cc173f17c76647eb7a91 to remote] DEBUG org.asynchttpclient.netty.request.NettyRequestSender - Using open Channel [id: 0x9495c37d, L:/127.0.0.1:57085 - R:localhost/127.0.0.1:52218] for POST '/session/064a7e8288b7cc173f17c76647eb7a91/element/3dfd269e-34b3-4db6-9306-f2b2d5422149/click'
10:41:17.364 [AsyncHttpClient-1-1] DEBUG org.asynchttpclient.netty.channel.DefaultChannelPool - Entry count for : http://localhost:57088 : 1
10:41:17.943 [AsyncHttpClient-1-8] DEBUG org.asynchttpclient.netty.handler.HttpHandler - 

Request DefaultHttpRequest(decodeResult: success, version: HTTP/1.1)
POST /session/064a7e8288b7cc173f17c76647eb7a91/element/3dfd269e-34b3-4db6-9306-f2b2d5422149/click HTTP/1.1
User-Agent: selenium/4.1.2 (java windows)
Content-Length: 50
Content-Type: application/json; charset=utf-8
host: localhost:52218
accept: */*

Response DefaultHttpResponse(decodeResult: success, version: HTTP/1.1)
HTTP/1.1 200 OK
Content-Type: application/json; charset=utf-8
cache-control: no-cache
content-length: 14

10:41:17.944 [AsyncHttpClient-1-8] DEBUG org.asynchttpclient.netty.channel.ChannelManager - Adding key: http://localhost:52218 for channel [id: 0x9495c37d, L:/127.0.0.1:57085 - R:localhost/127.0.0.1:52218]
10:41:17.957 [Forwarding screenshot on session 064a7e8288b7cc173f17c76647eb7a91 to remote] DEBUG org.asynchttpclient.netty.request.NettyRequestSender - Using pooled Channel '[id: 0x9495c37d, L:/127.0.0.1:57085 - R:localhost/127.0.0.1:52218]' for 'GET' to 'http://localhost:52218/session/064a7e8288b7cc173f17c76647eb7a91/screenshot'
10:41:17.957 [Forwarding screenshot on session 064a7e8288b7cc173f17c76647eb7a91 to remote] DEBUG org.asynchttpclient.netty.request.NettyRequestSender - Using open Channel [id: 0x9495c37d, L:/127.0.0.1:57085 - R:localhost/127.0.0.1:52218] for GET '/session/064a7e8288b7cc173f17c76647eb7a91/screenshot'
10:41:18.134 [AsyncHttpClient-1-8] DEBUG org.asynchttpclient.netty.handler.HttpHandler - 

Request DefaultFullHttpRequest(decodeResult: success, version: HTTP/1.1, content: EmptyByteBufBE)
GET /session/064a7e8288b7cc173f17c76647eb7a91/screenshot HTTP/1.1
User-Agent: selenium/4.1.2 (java windows)
Cache-Control: no-cache
Content-Type: application/json; charset=utf-8
host: localhost:52218
accept: */*

Response DefaultHttpResponse(decodeResult: success, version: HTTP/1.1)
HTTP/1.1 200 OK
Content-Type: application/json; charset=utf-8
cache-control: no-cache
content-length: 127276

10:41:18.137 [AsyncHttpClient-1-8] DEBUG org.asynchttpclient.netty.channel.ChannelManager - Adding key: http://localhost:52218 for channel [id: 0x9495c37d, L:/127.0.0.1:57085 - R:localhost/127.0.0.1:52218]
10:41:18.145 [main] DEBUG net.serenitybdd.core.photography.Darkroom - Send negative for processing for target\site\serenity\45b0096f0eb8a107668c3782749a7e6e9ca8e7914ea592efdb9deb32c505aeab.png
10:41:18.145 [main] DEBUG net.thucydides.core.steps.StepInterceptor - STEP DONE: clickYesButton
  &amp#27;[32mAnd &amp#27;[0m&amp#27;[32mI click yes button&amp#27;[0m                         &amp#27;[90m# starter.stepdefinitions.AppointmentSteps.iClickYesButton()&amp#27;[0m
10:41:18.145 [Darkroom Processing Line] DEBUG net.serenitybdd.core.photography.DarkroomProcessingLine - Processing screenshot image in /var/screenshots/screenshot-15494466921738546438
10:41:18.145 [Darkroom Processing Line] DEBUG net.serenitybdd.core.photography.DarkroomProcessingLine - Saving screenshot to target\site\serenity\45b0096f0eb8a107668c3782749a7e6e9ca8e7914ea592efdb9deb32c505aeab.png
10:41:18.221 [Forwarding screenshot on session 064a7e8288b7cc173f17c76647eb7a91 to remote] DEBUG org.asynchttpclient.netty.request.NettyRequestSender - Using pooled Channel '[id: 0x9495c37d, L:/127.0.0.1:57085 - R:localhost/127.0.0.1:52218]' for 'GET' to 'http://localhost:52218/session/064a7e8288b7cc173f17c76647eb7a91/screenshot'
10:41:18.221 [Forwarding screenshot on session 064a7e8288b7cc173f17c76647eb7a91 to remote] DEBUG org.asynchttpclient.netty.request.NettyRequestSender - Using open Channel [id: 0x9495c37d, L:/127.0.0.1:57085 - R:localhost/127.0.0.1:52218] for GET '/session/064a7e8288b7cc173f17c76647eb7a91/screenshot'
10:41:18.343 [AsyncHttpClient-1-8] DEBUG org.asynchttpclient.netty.handler.HttpHandler - 

Request DefaultFullHttpRequest(decodeResult: success, version: HTTP/1.1, content: EmptyByteBufBE)
GET /session/064a7e8288b7cc173f17c76647eb7a91/screenshot HTTP/1.1
User-Agent: selenium/4.1.2 (java windows)
Cache-Control: no-cache
Content-Type: application/json; charset=utf-8
host: localhost:52218
accept: */*

Response DefaultHttpResponse(decodeResult: success, version: HTTP/1.1)
HTTP/1.1 200 OK
Content-Type: application/json; charset=utf-8
cache-control: no-cache
content-length: 82396

10:41:18.343 [AsyncHttpClient-1-8] DEBUG org.asynchttpclient.netty.channel.ChannelManager - Adding key: http://localhost:52218 for channel [id: 0x9495c37d, L:/127.0.0.1:57085 - R:localhost/127.0.0.1:52218]
10:41:18.381 [main] DEBUG net.serenitybdd.core.photography.Darkroom - Send negative for processing for target\site\serenity\f5d6acfab0b631912d5a9de591c949de90f6019352e2ceae5669461d24078b6d.png
10:41:18.382 [Darkroom Processing Line] DEBUG net.serenitybdd.core.photography.DarkroomProcessingLine - Processing screenshot image in /var/screenshots/screenshot-3409076261728045531
10:41:18.382 [Darkroom Processing Line] DEBUG net.serenitybdd.core.photography.DarkroomProcessingLine - Saving screenshot to target\site\serenity\f5d6acfab0b631912d5a9de591c949de90f6019352e2ceae5669461d24078b6d.png
10:41:18.383 [main] DEBUG net.thucydides.core.steps.StepInterceptor - STARTING STEP: AppointmentSteps.iClickXIcon - clickXIcon
10:41:18.404 [Forwarding findElement on session 064a7e8288b7cc173f17c76647eb7a91 to remote] DEBUG org.asynchttpclient.netty.request.NettyRequestSender - Using pooled Channel '[id: 0x9495c37d, L:/127.0.0.1:57085 - R:localhost/127.0.0.1:52218]' for 'POST' to 'http://localhost:52218/session/064a7e8288b7cc173f17c76647eb7a91/element'
10:41:18.404 [Forwarding findElement on session 064a7e8288b7cc173f17c76647eb7a91 to remote] DEBUG org.asynchttpclient.netty.request.NettyRequestSender - Using open Channel [id: 0x9495c37d, L:/127.0.0.1:57085 - R:localhost/127.0.0.1:52218] for POST '/session/064a7e8288b7cc173f17c76647eb7a91/element'
10:41:18.424 [AsyncHttpClient-1-8] DEBUG org.asynchttpclient.netty.handler.HttpHandler - 

Request DefaultHttpRequest(decodeResult: success, version: HTTP/1.1)
POST /session/064a7e8288b7cc173f17c76647eb7a91/element HTTP/1.1
User-Agent: selenium/4.1.2 (java windows)
Content-Length: 104
Content-Type: application/json; charset=utf-8
host: localhost:52218
accept: */*

Response DefaultHttpResponse(decodeResult: success, version: HTTP/1.1)
HTTP/1.1 200 OK
Content-Type: application/json; charset=utf-8
cache-control: no-cache
content-length: 88

10:41:18.424 [AsyncHttpClient-1-8] DEBUG org.asynchttpclient.netty.channel.ChannelManager - Adding key: http://localhost:52218 for channel [id: 0x9495c37d, L:/127.0.0.1:57085 - R:localhost/127.0.0.1:52218]
10:41:18.426 [Forwarding getElementTagName on session 064a7e8288b7cc173f17c76647eb7a91 to remote] DEBUG org.asynchttpclient.netty.request.NettyRequestSender - Using pooled Channel '[id: 0x9495c37d, L:/127.0.0.1:57085 - R:localhost/127.0.0.1:52218]' for 'GET' to 'http://localhost:52218/session/064a7e8288b7cc173f17c76647eb7a91/element/3878d951-4846-4f64-900d-d0d293f96baf/name'
10:41:18.426 [Forwarding getElementTagName on session 064a7e8288b7cc173f17c76647eb7a91 to remote] DEBUG org.asynchttpclient.netty.request.NettyRequestSender - Using open Channel [id: 0x9495c37d, L:/127.0.0.1:57085 - R:localhost/127.0.0.1:52218] for GET '/session/064a7e8288b7cc173f17c76647eb7a91/element/3878d951-4846-4f64-900d-d0d293f96baf/name'
10:41:18.433 [AsyncHttpClient-1-8] DEBUG org.asynchttpclient.netty.handler.HttpHandler - 

Request DefaultFullHttpRequest(decodeResult: success, version: HTTP/1.1, content: EmptyByteBufBE)
GET /session/064a7e8288b7cc173f17c76647eb7a91/element/3878d951-4846-4f64-900d-d0d293f96baf/name HTTP/1.1
User-Agent: selenium/4.1.2 (java windows)
Cache-Control: no-cache
Content-Type: application/json; charset=utf-8
host: localhost:52218
accept: */*

Response DefaultHttpResponse(decodeResult: success, version: HTTP/1.1)
HTTP/1.1 200 OK
Content-Type: application/json; charset=utf-8
cache-control: no-cache
content-length: 18

10:41:18.434 [AsyncHttpClient-1-8] DEBUG org.asynchttpclient.netty.channel.ChannelManager - Adding key: http://localhost:52218 for channel [id: 0x9495c37d, L:/127.0.0.1:57085 - R:localhost/127.0.0.1:52218]
10:41:18.438 [Forwarding getElementTagName on session 064a7e8288b7cc173f17c76647eb7a91 to remote] DEBUG org.asynchttpclient.netty.request.NettyRequestSender - Using pooled Channel '[id: 0x9495c37d, L:/127.0.0.1:57085 - R:localhost/127.0.0.1:52218]' for 'GET' to 'http://localhost:52218/session/064a7e8288b7cc173f17c76647eb7a91/element/3878d951-4846-4f64-900d-d0d293f96baf/name'
10:41:18.438 [Forwarding getElementTagName on session 064a7e8288b7cc173f17c76647eb7a91 to remote] DEBUG org.asynchttpclient.netty.request.NettyRequestSender - Using open Channel [id: 0x9495c37d, L:/127.0.0.1:57085 - R:localhost/127.0.0.1:52218] for GET '/session/064a7e8288b7cc173f17c76647eb7a91/element/3878d951-4846-4f64-900d-d0d293f96baf/name'
10:41:18.442 [AsyncHttpClient-1-8] DEBUG org.asynchttpclient.netty.handler.HttpHandler - 

Request DefaultFullHttpRequest(decodeResult: success, version: HTTP/1.1, content: EmptyByteBufBE)
GET /session/064a7e8288b7cc173f17c76647eb7a91/element/3878d951-4846-4f64-900d-d0d293f96baf/name HTTP/1.1
User-Agent: selenium/4.1.2 (java windows)
Cache-Control: no-cache
Content-Type: application/json; charset=utf-8
host: localhost:52218
accept: */*

Response DefaultHttpResponse(decodeResult: success, version: HTTP/1.1)
HTTP/1.1 200 OK
Content-Type: application/json; charset=utf-8
cache-control: no-cache
content-length: 18

10:41:18.455 [AsyncHttpClient-1-8] DEBUG org.asynchttpclient.netty.channel.ChannelManager - Adding key: http://localhost:52218 for channel [id: 0x9495c37d, L:/127.0.0.1:57085 - R:localhost/127.0.0.1:52218]
10:41:18.457 [Forwarding isElementEnabled on session 064a7e8288b7cc173f17c76647eb7a91 to remote] DEBUG org.asynchttpclient.netty.request.NettyRequestSender - Using pooled Channel '[id: 0x9495c37d, L:/127.0.0.1:57085 - R:localhost/127.0.0.1:52218]' for 'GET' to 'http://localhost:52218/session/064a7e8288b7cc173f17c76647eb7a91/element/3878d951-4846-4f64-900d-d0d293f96baf/enabled'
10:41:18.457 [Forwarding isElementEnabled on session 064a7e8288b7cc173f17c76647eb7a91 to remote] DEBUG org.asynchttpclient.netty.request.NettyRequestSender - Using open Channel [id: 0x9495c37d, L:/127.0.0.1:57085 - R:localhost/127.0.0.1:52218] for GET '/session/064a7e8288b7cc173f17c76647eb7a91/element/3878d951-4846-4f64-900d-d0d293f96baf/enabled'
10:41:18.464 [AsyncHttpClient-1-1] DEBUG org.asynchttpclient.netty.channel.DefaultChannelPool - Entry count for : http://localhost:57088 : 1
10:41:18.472 [AsyncHttpClient-1-8] DEBUG org.asynchttpclient.netty.handler.HttpHandler - 

Request DefaultFullHttpRequest(decodeResult: success, version: HTTP/1.1, content: EmptyByteBufBE)
GET /session/064a7e8288b7cc173f17c76647eb7a91/element/3878d951-4846-4f64-900d-d0d293f96baf/enabled HTTP/1.1
User-Agent: selenium/4.1.2 (java windows)
Cache-Control: no-cache
Content-Type: application/json; charset=utf-8
host: localhost:52218
accept: */*

Response DefaultHttpResponse(decodeResult: success, version: HTTP/1.1)
HTTP/1.1 200 OK
Content-Type: application/json; charset=utf-8
cache-control: no-cache
content-length: 14

10:41:18.472 [AsyncHttpClient-1-8] DEBUG org.asynchttpclient.netty.channel.ChannelManager - Adding key: http://localhost:52218 for channel [id: 0x9495c37d, L:/127.0.0.1:57085 - R:localhost/127.0.0.1:52218]
10:41:18.474 [Forwarding isElementEnabled on session 064a7e8288b7cc173f17c76647eb7a91 to remote] DEBUG org.asynchttpclient.netty.request.NettyRequestSender - Using pooled Channel '[id: 0x9495c37d, L:/127.0.0.1:57085 - R:localhost/127.0.0.1:52218]' for 'GET' to 'http://localhost:52218/session/064a7e8288b7cc173f17c76647eb7a91/element/3878d951-4846-4f64-900d-d0d293f96baf/enabled'
10:41:18.474 [Forwarding isElementEnabled on session 064a7e8288b7cc173f17c76647eb7a91 to remote] DEBUG org.asynchttpclient.netty.request.NettyRequestSender - Using open Channel [id: 0x9495c37d, L:/127.0.0.1:57085 - R:localhost/127.0.0.1:52218] for GET '/session/064a7e8288b7cc173f17c76647eb7a91/element/3878d951-4846-4f64-900d-d0d293f96baf/enabled'
10:41:18.498 [AsyncHttpClient-1-8] DEBUG org.asynchttpclient.netty.handler.HttpHandler - 

Request DefaultFullHttpRequest(decodeResult: success, version: HTTP/1.1, content: EmptyByteBufBE)
GET /session/064a7e8288b7cc173f17c76647eb7a91/element/3878d951-4846-4f64-900d-d0d293f96baf/enabled HTTP/1.1
User-Agent: selenium/4.1.2 (java windows)
Cache-Control: no-cache
Content-Type: application/json; charset=utf-8
host: localhost:52218
accept: */*

Response DefaultHttpResponse(decodeResult: success, version: HTTP/1.1)
HTTP/1.1 200 OK
Content-Type: application/json; charset=utf-8
cache-control: no-cache
content-length: 14

10:41:18.498 [AsyncHttpClient-1-8] DEBUG org.asynchttpclient.netty.channel.ChannelManager - Adding key: http://localhost:52218 for channel [id: 0x9495c37d, L:/127.0.0.1:57085 - R:localhost/127.0.0.1:52218]
10:41:18.501 [Forwarding findElement on session 064a7e8288b7cc173f17c76647eb7a91 to remote] DEBUG org.asynchttpclient.netty.request.NettyRequestSender - Using pooled Channel '[id: 0x9495c37d, L:/127.0.0.1:57085 - R:localhost/127.0.0.1:52218]' for 'POST' to 'http://localhost:52218/session/064a7e8288b7cc173f17c76647eb7a91/element'
10:41:18.501 [Forwarding findElement on session 064a7e8288b7cc173f17c76647eb7a91 to remote] DEBUG org.asynchttpclient.netty.request.NettyRequestSender - Using open Channel [id: 0x9495c37d, L:/127.0.0.1:57085 - R:localhost/127.0.0.1:52218] for POST '/session/064a7e8288b7cc173f17c76647eb7a91/element'
10:41:18.513 [AsyncHttpClient-1-8] DEBUG org.asynchttpclient.netty.handler.HttpHandler - 

Request DefaultHttpRequest(decodeResult: success, version: HTTP/1.1)
POST /session/064a7e8288b7cc173f17c76647eb7a91/element HTTP/1.1
User-Agent: selenium/4.1.2 (java windows)
Content-Length: 104
Content-Type: application/json; charset=utf-8
host: localhost:52218
accept: */*

Response DefaultHttpResponse(decodeResult: success, version: HTTP/1.1)
HTTP/1.1 200 OK
Content-Type: application/json; charset=utf-8
cache-control: no-cache
content-length: 88

10:41:18.513 [AsyncHttpClient-1-8] DEBUG org.asynchttpclient.netty.channel.ChannelManager - Adding key: http://localhost:52218 for channel [id: 0x9495c37d, L:/127.0.0.1:57085 - R:localhost/127.0.0.1:52218]
10:41:18.517 [Forwarding clickElement on session 064a7e8288b7cc173f17c76647eb7a91 to remote] DEBUG org.asynchttpclient.netty.request.NettyRequestSender - Using pooled Channel '[id: 0x9495c37d, L:/127.0.0.1:57085 - R:localhost/127.0.0.1:52218]' for 'POST' to 'http://localhost:52218/session/064a7e8288b7cc173f17c76647eb7a91/element/3878d951-4846-4f64-900d-d0d293f96baf/click'
10:41:18.517 [Forwarding clickElement on session 064a7e8288b7cc173f17c76647eb7a91 to remote] DEBUG org.asynchttpclient.netty.request.NettyRequestSender - Using open Channel [id: 0x9495c37d, L:/127.0.0.1:57085 - R:localhost/127.0.0.1:52218] for POST '/session/064a7e8288b7cc173f17c76647eb7a91/element/3878d951-4846-4f64-900d-d0d293f96baf/click'
10:41:18.631 [AsyncHttpClient-1-8] DEBUG org.asynchttpclient.netty.handler.HttpHandler - 

Request DefaultHttpRequest(decodeResult: success, version: HTTP/1.1)
POST /session/064a7e8288b7cc173f17c76647eb7a91/element/3878d951-4846-4f64-900d-d0d293f96baf/click HTTP/1.1
User-Agent: selenium/4.1.2 (java windows)
Content-Length: 50
Content-Type: application/json; charset=utf-8
host: localhost:52218
accept: */*

Response DefaultHttpResponse(decodeResult: success, version: HTTP/1.1)
HTTP/1.1 200 OK
Content-Type: application/json; charset=utf-8
cache-control: no-cache
content-length: 14

10:41:18.631 [AsyncHttpClient-1-8] DEBUG org.asynchttpclient.netty.channel.ChannelManager - Adding key: http://localhost:52218 for channel [id: 0x9495c37d, L:/127.0.0.1:57085 - R:localhost/127.0.0.1:52218]
10:41:18.654 [Forwarding screenshot on session 064a7e8288b7cc173f17c76647eb7a91 to remote] DEBUG org.asynchttpclient.netty.request.NettyRequestSender - Using pooled Channel '[id: 0x9495c37d, L:/127.0.0.1:57085 - R:localhost/127.0.0.1:52218]' for 'GET' to 'http://localhost:52218/session/064a7e8288b7cc173f17c76647eb7a91/screenshot'
10:41:18.654 [Forwarding screenshot on session 064a7e8288b7cc173f17c76647eb7a91 to remote] DEBUG org.asynchttpclient.netty.request.NettyRequestSender - Using open Channel [id: 0x9495c37d, L:/127.0.0.1:57085 - R:localhost/127.0.0.1:52218] for GET '/session/064a7e8288b7cc173f17c76647eb7a91/screenshot'
10:41:18.849 [AsyncHttpClient-1-8] DEBUG org.asynchttpclient.netty.handler.HttpHandler - 

Request DefaultFullHttpRequest(decodeResult: success, version: HTTP/1.1, content: EmptyByteBufBE)
GET /session/064a7e8288b7cc173f17c76647eb7a91/screenshot HTTP/1.1
User-Agent: selenium/4.1.2 (java windows)
Cache-Control: no-cache
Content-Type: application/json; charset=utf-8
host: localhost:52218
accept: */*

Response DefaultHttpResponse(decodeResult: success, version: HTTP/1.1)
HTTP/1.1 200 OK
Content-Type: application/json; charset=utf-8
cache-control: no-cache
content-length: 117404

10:41:18.850 [AsyncHttpClient-1-8] DEBUG org.asynchttpclient.netty.channel.ChannelManager - Adding key: http://localhost:52218 for channel [id: 0x9495c37d, L:/127.0.0.1:57085 - R:localhost/127.0.0.1:52218]
10:41:18.860 [main] DEBUG net.serenitybdd.core.photography.Darkroom - Send negative for processing for target\site\serenity\ea37dc13b61d2ac26dd5ad73dd665425b66041d60ebae9409dc89f45b6c11ccd.png
10:41:18.870 [main] DEBUG net.thucydides.core.steps.StepInterceptor - STEP DONE: clickXIcon
10:41:18.870 [Darkroom Processing Line] DEBUG net.serenitybdd.core.photography.DarkroomProcessingLine - Processing screenshot image in /var/screenshots/screenshot-4873421287044957344
10:41:18.870 [Darkroom Processing Line] DEBUG net.serenitybdd.core.photography.DarkroomProcessingLine - Saving screenshot to target\site\serenity\ea37dc13b61d2ac26dd5ad73dd665425b66041d60ebae9409dc89f45b6c11ccd.png
  &amp#27;[32mAnd &amp#27;[0m&amp#27;[32mI click x icon&amp#27;[0m                             &amp#27;[90m# starter.stepdefinitions.AppointmentSteps.iClickXIcon()&amp#27;[0m
10:41:18.898 [main] DEBUG net.thucydides.core.steps.StepInterceptor - STARTING STEP: AppointmentSteps.iExitFromAppointmentForm - newAppointmentCancel
10:41:18.901 [Forwarding findElement on session 064a7e8288b7cc173f17c76647eb7a91 to remote] DEBUG org.asynchttpclient.netty.request.NettyRequestSender - Using pooled Channel '[id: 0x9495c37d, L:/127.0.0.1:57085 - R:localhost/127.0.0.1:52218]' for 'POST' to 'http://localhost:52218/session/064a7e8288b7cc173f17c76647eb7a91/element'
10:41:18.901 [Forwarding findElement on session 064a7e8288b7cc173f17c76647eb7a91 to remote] DEBUG org.asynchttpclient.netty.request.NettyRequestSender - Using open Channel [id: 0x9495c37d, L:/127.0.0.1:57085 - R:localhost/127.0.0.1:52218] for POST '/session/064a7e8288b7cc173f17c76647eb7a91/element'
10:41:18.917 [AsyncHttpClient-1-8] DEBUG org.asynchttpclient.netty.handler.HttpHandler - 

Request DefaultHttpRequest(decodeResult: success, version: HTTP/1.1)
POST /session/064a7e8288b7cc173f17c76647eb7a91/element HTTP/1.1
User-Agent: selenium/4.1.2 (java windows)
Content-Length: 83
Content-Type: application/json; charset=utf-8
host: localhost:52218
accept: */*

Response DefaultHttpResponse(decodeResult: success, version: HTTP/1.1)
HTTP/1.1 200 OK
Content-Type: application/json; charset=utf-8
cache-control: no-cache
content-length: 88

10:41:18.918 [AsyncHttpClient-1-8] DEBUG org.asynchttpclient.netty.channel.ChannelManager - Adding key: http://localhost:52218 for channel [id: 0x9495c37d, L:/127.0.0.1:57085 - R:localhost/127.0.0.1:52218]
10:41:18.923 [Forwarding isElementDisplayed on session 064a7e8288b7cc173f17c76647eb7a91 to remote] DEBUG org.asynchttpclient.netty.request.NettyRequestSender - Using pooled Channel '[id: 0x9495c37d, L:/127.0.0.1:57085 - R:localhost/127.0.0.1:52218]' for 'POST' to 'http://localhost:52218/session/064a7e8288b7cc173f17c76647eb7a91/execute/sync'
10:41:18.923 [Forwarding isElementDisplayed on session 064a7e8288b7cc173f17c76647eb7a91 to remote] DEBUG org.asynchttpclient.netty.request.NettyRequestSender - Using open Channel [id: 0x9495c37d, L:/127.0.0.1:57085 - R:localhost/127.0.0.1:52218] for POST '/session/064a7e8288b7cc173f17c76647eb7a91/execute/sync'
10:41:18.943 [AsyncHttpClient-1-8] DEBUG org.asynchttpclient.netty.handler.HttpHandler - 

Request DefaultHttpRequest(decodeResult: success, version: HTTP/1.1)
POST /session/064a7e8288b7cc173f17c76647eb7a91/execute/sync HTTP/1.1
User-Agent: selenium/4.1.2 (java windows)
Content-Length: 48780
Content-Type: application/json; charset=utf-8
host: localhost:52218
accept: */*

Response DefaultHttpResponse(decodeResult: success, version: HTTP/1.1)
HTTP/1.1 200 OK
Content-Type: application/json; charset=utf-8
cache-control: no-cache
content-length: 14

10:41:18.943 [AsyncHttpClient-1-8] DEBUG org.asynchttpclient.netty.channel.ChannelManager - Adding key: http://localhost:52218 for channel [id: 0x9495c37d, L:/127.0.0.1:57085 - R:localhost/127.0.0.1:52218]
10:41:18.950 [Forwarding screenshot on session 064a7e8288b7cc173f17c76647eb7a91 to remote] DEBUG org.asynchttpclient.netty.request.NettyRequestSender - Using pooled Channel '[id: 0x9495c37d, L:/127.0.0.1:57085 - R:localhost/127.0.0.1:52218]' for 'GET' to 'http://localhost:52218/session/064a7e8288b7cc173f17c76647eb7a91/screenshot'
10:41:18.950 [Forwarding screenshot on session 064a7e8288b7cc173f17c76647eb7a91 to remote] DEBUG org.asynchttpclient.netty.request.NettyRequestSender - Using open Channel [id: 0x9495c37d, L:/127.0.0.1:57085 - R:localhost/127.0.0.1:52218] for GET '/session/064a7e8288b7cc173f17c76647eb7a91/screenshot'
10:41:19.046 [AsyncHttpClient-1-8] DEBUG org.asynchttpclient.netty.handler.HttpHandler - 

Request DefaultFullHttpRequest(decodeResult: success, version: HTTP/1.1, content: EmptyByteBufBE)
GET /session/064a7e8288b7cc173f17c76647eb7a91/screenshot HTTP/1.1
User-Agent: selenium/4.1.2 (java windows)
Cache-Control: no-cache
Content-Type: application/json; charset=utf-8
host: localhost:52218
accept: */*

Response DefaultHttpResponse(decodeResult: success, version: HTTP/1.1)
HTTP/1.1 200 OK
Content-Type: application/json; charset=utf-8
cache-control: no-cache
content-length: 94468

10:41:19.046 [AsyncHttpClient-1-8] DEBUG org.asynchttpclient.netty.channel.ChannelManager - Adding key: http://localhost:52218 for channel [id: 0x9495c37d, L:/127.0.0.1:57085 - R:localhost/127.0.0.1:52218]
10:41:19.051 [main] DEBUG net.serenitybdd.core.photography.Darkroom - Send negative for processing for target\site\serenity\e09a899c99812f04e1a701536c0b43e979c17d70885cd8c9821ceb21f8e33098.png
10:41:19.051 [main] DEBUG net.thucydides.core.steps.StepInterceptor - STEP DONE: newAppointmentCancel
  &amp#27;[32mThen &amp#27;[0m&amp#27;[32mI exit from Appointment form&amp#27;[0m              &amp#27;[90m# starter.stepdefinitions.AppointmentSteps.iExitFromAppointmentForm()&amp#27;[0m
10:41:19.051 [Darkroom Processing Line] DEBUG net.serenitybdd.core.photography.DarkroomProcessingLine - Processing screenshot image in /var/screenshots/screenshot-1656301691371910885
10:41:19.052 [Darkroom Processing Line] DEBUG net.serenitybdd.core.photography.DarkroomProcessingLine - Saving screenshot to target\site\serenity\e09a899c99812f04e1a701536c0b43e979c17d70885cd8c9821ceb21f8e33098.png
10:41:19.113 [Forwarding screenshot on session 064a7e8288b7cc173f17c76647eb7a91 to remote] DEBUG org.asynchttpclient.netty.request.NettyRequestSender - Using pooled Channel '[id: 0x9495c37d, L:/127.0.0.1:57085 - R:localhost/127.0.0.1:52218]' for 'GET' to 'http://localhost:52218/session/064a7e8288b7cc173f17c76647eb7a91/screenshot'
10:41:19.114 [Forwarding screenshot on session 064a7e8288b7cc173f17c76647eb7a91 to remote] DEBUG org.asynchttpclient.netty.request.NettyRequestSender - Using open Channel [id: 0x9495c37d, L:/127.0.0.1:57085 - R:localhost/127.0.0.1:52218] for GET '/session/064a7e8288b7cc173f17c76647eb7a91/screenshot'
10:41:19.249 [AsyncHttpClient-1-8] DEBUG org.asynchttpclient.netty.handler.HttpHandler - 

Request DefaultFullHttpRequest(decodeResult: success, version: HTTP/1.1, content: EmptyByteBufBE)
GET /session/064a7e8288b7cc173f17c76647eb7a91/screenshot HTTP/1.1
User-Agent: selenium/4.1.2 (java windows)
Cache-Control: no-cache
Content-Type: application/json; charset=utf-8
host: localhost:52218
accept: */*

Response DefaultHttpResponse(decodeResult: success, version: HTTP/1.1)
HTTP/1.1 200 OK
Content-Type: application/json; charset=utf-8
cache-control: no-cache
content-length: 94468

10:41:19.249 [AsyncHttpClient-1-8] DEBUG org.asynchttpclient.netty.channel.ChannelManager - Adding key: http://localhost:52218 for channel [id: 0x9495c37d, L:/127.0.0.1:57085 - R:localhost/127.0.0.1:52218]
10:41:19.254 [main] DEBUG net.serenitybdd.core.photography.Darkroom - Send negative for processing for target\site\serenity\e09a899c99812f04e1a701536c0b43e979c17d70885cd8c9821ceb21f8e33098.png
10:41:19.307 [main] INFO  - 
  _____   ___   ___   _____     ___     _     ___   ___   ___   ___  
 |_   _| | __| / __| |_   _|   | _ \   /_\   / __| / __| | __| |   \ 
   | |   | _|  \__ \   | |     |  _/  / _ \  \__ \ \__ \ | _|  | |) |
   |_|   |___| |___/   |_|     |_|   /_/ \_\ |___/ |___/ |___| |___/ 

Cancel Create New Appointment Scenario
----------------------------------------------------------------------
10:41:19.344 [AsyncHttpClient-1-2] DEBUG org.asynchttpclient.netty.handler.WebSocketHandler - Channel Closed: [id: 0x72239401, L:/127.0.0.1:57102 ! R:localhost/127.0.0.1:57088] with attribute NettyResponseFuture{currentRetry=5,
	isDone=1,
	isCancelled=0,
	asyncHandler=org.asynchttpclient.ws.WebSocketUpgradeHandler@5e279999,
	nettyRequest=org.asynchttpclient.netty.request.NettyRequest@24a927d6,
	future=java.util.concurrent.CompletableFuture@b91896f[Completed normally],
	uri=ws://localhost:57088/devtools/browser/bd8f2a8f-1f1b-4f62-ae12-b272b27a6b25,
	keepAlive=true,
	redirectCount=0,
	timeoutsHolder=null,
	inAuth=0,
	touch=1655782828742}
10:41:19.330 [Driver Command Executor] DEBUG org.asynchttpclient.netty.request.NettyRequestSender - Using pooled Channel '[id: 0x9495c37d, L:/127.0.0.1:57085 - R:localhost/127.0.0.1:52218]' for 'DELETE' to 'http://localhost:52218/session/064a7e8288b7cc173f17c76647eb7a91'
10:41:19.352 [Driver Command Executor] DEBUG org.asynchttpclient.netty.request.NettyRequestSender - Using open Channel [id: 0x9495c37d, L:/127.0.0.1:57085 - R:localhost/127.0.0.1:52218] for DELETE '/session/064a7e8288b7cc173f17c76647eb7a91'
10:41:19.371 [AsyncHttpClient-1-2] DEBUG org.asynchttpclient.netty.channel.ChannelManager - Closing Channel [id: 0x72239401, L:/127.0.0.1:57102 ! R:localhost/127.0.0.1:57088] 
10:41:19.564 [AsyncHttpClient-1-9] DEBUG org.asynchttpclient.netty.handler.HttpHandler - Unexpected I/O exception on channel [id: 0x8cc0fc44, L:/127.0.0.1:57100 - R:localhost/127.0.0.1:57088]
java.net.SocketException: Connection reset
	at java.base/sun.nio.ch.SocketChannelImpl.throwConnectionReset(SocketChannelImpl.java:367)
	at java.base/sun.nio.ch.SocketChannelImpl.read(SocketChannelImpl.java:398)
	at io.netty.buffer.PooledByteBuf.setBytes(PooledByteBuf.java:258)
	at io.netty.buffer.AbstractByteBuf.writeBytes(AbstractByteBuf.java:1132)
	at io.netty.channel.socket.nio.NioSocketChannel.doReadBytes(NioSocketChannel.java:350)
	at io.netty.channel.nio.AbstractNioByteChannel$NioByteUnsafe.read(AbstractNioByteChannel.java:151)
	at io.netty.channel.nio.NioEventLoop.processSelectedKey(NioEventLoop.java:722)
	at io.netty.channel.nio.NioEventLoop.processSelectedKeysOptimized(NioEventLoop.java:658)
	at io.netty.channel.nio.NioEventLoop.processSelectedKeys(NioEventLoop.java:584)
	at io.netty.channel.nio.NioEventLoop.run(NioEventLoop.java:496)
	at io.netty.util.concurrent.SingleThreadEventExecutor$4.run(SingleThreadEventExecutor.java:986)
	at io.netty.util.internal.ThreadExecutorMap$2.run(ThreadExecutorMap.java:74)
	at io.netty.util.concurrent.FastThreadLocalRunnable.run(FastThreadLocalRunnable.java:30)
	at java.base/java.lang.Thread.run(Thread.java:832)
10:41:19.564 [AsyncHttpClient-1-9] DEBUG org.asynchttpclient.netty.channel.ChannelManager - Closing Channel [id: 0x8cc0fc44, L:/127.0.0.1:57100 - R:localhost/127.0.0.1:57088] 
10:41:19.565 [AsyncHttpClient-1-9] DEBUG org.asynchttpclient.netty.handler.HttpHandler - Channel Closed: [id: 0x8cc0fc44, L:/127.0.0.1:57100 ! R:localhost/127.0.0.1:57088] with attribute DISCARD
10:41:19.565 [AsyncHttpClient-1-1] DEBUG org.asynchttpclient.netty.channel.DefaultChannelPool - Entry count for : http://localhost:57088 : 1
10:41:19.565 [AsyncHttpClient-1-1] DEBUG org.asynchttpclient.netty.channel.DefaultChannelPool - Adding Candidate expired Channel [id: 0x8cc0fc44, L:/127.0.0.1:57100 ! R:localhost/127.0.0.1:57088] isIdleTimeoutExpired=false isRemotelyClosed=true isTtlExpired=false
10:41:19.565 [AsyncHttpClient-1-1] DEBUG org.asynchttpclient.netty.channel.DefaultChannelPool - Closing Idle Channel [id: 0x8cc0fc44, L:/127.0.0.1:57100 ! R:localhost/127.0.0.1:57088]
10:41:19.565 [AsyncHttpClient-1-1] DEBUG org.asynchttpclient.netty.channel.DefaultChannelPool - Closed 1 connections out of 1 in 0 ms
10:41:19.850 [AsyncHttpClient-1-8] DEBUG org.asynchttpclient.netty.handler.HttpHandler - 

Request DefaultFullHttpRequest(decodeResult: success, version: HTTP/1.1, content: EmptyByteBufBE)
DELETE /session/064a7e8288b7cc173f17c76647eb7a91 HTTP/1.1
User-Agent: selenium/4.1.2 (java windows)
Content-Type: application/json; charset=utf-8
host: localhost:52218
accept: */*

Response DefaultHttpResponse(decodeResult: success, version: HTTP/1.1)
HTTP/1.1 200 OK
Content-Type: application/json; charset=utf-8
cache-control: no-cache
content-length: 14

10:41:19.851 [AsyncHttpClient-1-8] DEBUG org.asynchttpclient.netty.channel.ChannelManager - Adding key: http://localhost:52218 for channel [id: 0x9495c37d, L:/127.0.0.1:57085 - R:localhost/127.0.0.1:52218]
10:41:19.955 [AsyncHttpClient-1-8] DEBUG org.asynchttpclient.netty.handler.HttpHandler - Channel Closed: [id: 0x9495c37d, L:/127.0.0.1:57085 ! R:localhost/127.0.0.1:52218] with attribute DISCARD
]]></system-out>
    <system-err><![CDATA[Starting ChromeDriver 102.0.5005.61 (0e59bcc00cc4985ce39ad31c150065f159d95ad3-refs/branch-heads/5005@{#819}) on port 52218
Only local connections are allowed.
Please see https://chromedriver.chromium.org/security-considerations for suggestions on keeping ChromeDriver safe.
ChromeDriver was started successfully.
Jun 21, 2022 10:40:27 AM org.openqa.selenium.remote.ProtocolHandshake createSession
INFO: Detected dialect: W3C
Jun 21, 2022 10:40:28 AM org.openqa.selenium.devtools.CdpVersionFinder findNearestMatch
WARNING: Unable to find an exact match for CDP version 102, so returning the closest version found: a no-op implementation
Jun 21, 2022 10:40:28 AM org.openqa.selenium.devtools.CdpVersionFinder findNearestMatch
INFO: Unable to find CDP implementation matching 102.
Jun 21, 2022 10:40:28 AM org.openqa.selenium.chromium.ChromiumDriver lambda$new$3
WARNING: Unable to find version of CDP to use for . You may need to include a dependency on a specific version of the CDP using something similar to `org.seleniumhq.selenium:selenium-devtools-v86:4.1.2` where the version ("v86") matches the version of the chromium-based browser you're using and the version number of the artifact is the same as Selenium's.
]]></system-err>
  </testcase>
  <testcase name="Edit Existing Appointment Data Scenario" classname="Appointment" time="33.048">
    <system-out><![CDATA[10:41:20.664 [AsyncHttpClient-1-1] DEBUG org.asynchttpclient.netty.channel.DefaultChannelPool - Entry count for : http://localhost:52218 : 1
10:41:20.664 [AsyncHttpClient-1-1] DEBUG org.asynchttpclient.netty.channel.DefaultChannelPool - Adding Candidate expired Channel [id: 0x9495c37d, L:/127.0.0.1:57085 ! R:localhost/127.0.0.1:52218] isIdleTimeoutExpired=false isRemotelyClosed=true isTtlExpired=false
10:41:20.664 [AsyncHttpClient-1-1] DEBUG org.asynchttpclient.netty.channel.DefaultChannelPool - Closing Idle Channel [id: 0x9495c37d, L:/127.0.0.1:57085 ! R:localhost/127.0.0.1:52218]
10:41:20.664 [AsyncHttpClient-1-1] DEBUG org.asynchttpclient.netty.channel.DefaultChannelPool - Closed 1 connections out of 1 in 0 ms

@Appointment @EditAppointment
Scenario: Edit Existing Appointment Data Scenario   &amp#27;[90m# src/test/resources/features/1.Appointment.feature:36&amp#27;[0m
10:41:21.127 [main] INFO io.cucumber.core.plugin.SerenityReporter - Running feature from file:///E:/My%20Documents/File%20Difa/TI%20Semester%206%20Kampus%20Merdeka%20Alterra/Tugas/CAPSTONE%20Project/Capstone-Project-Website/src/test/resources/features/1.Appointment.feature
10:41:21.144 [main] INFO  - 
  _____   ___   ___   _____     ___   _____     _     ___   _____   ___   ___  
 |_   _| | __| / __| |_   _|   / __| |_   _|   /_\   | _ \ |_   _| | __| |   \ 
   | |   | _|  \__ \   | |     \__ \   | |    / _ \  |   /   | |   | _|  | |) |
   |_|   |___| |___/   |_|     |___/   |_|   /_/ \_\ |_|_\   |_|   |___| |___/ 

Edit Existing Appointment Data Scenario(appointment;edit-existing-appointment-data-scenario)
--------------------------------------------------------------------------------
10:41:21.176 [main] DEBUG net.thucydides.core.steps.StepInterceptor - STARTING STEP: DashboardSteps.iAmOnTheDashboardPage - openUrl
10:41:21.189 [main] INFO net.serenitybdd.core.webdriver.driverproviders.ChromeDriverProvider - Using automatically driver download
10:41:22.817 [main] DEBUG io.github.bonigarcia.wdm.cache.ResolutionCache - Resolution chrome=102 in cache (valid until 11:37:46 21/06/2022 ICT)
10:41:22.823 [main] DEBUG io.github.bonigarcia.wdm.cache.ResolutionCache - Resolution chrome102=102.0.5005.61 in cache (valid until 09:22:16 22/06/2022 ICT)
10:41:22.825 [main] INFO io.github.bonigarcia.wdm.WebDriverManager - Using chromedriver 102.0.5005.61 (resolved driver for Chrome 102)
10:41:22.889 [main] DEBUG io.github.bonigarcia.wdm.WebDriverManager - Driver chromedriver 102.0.5005.61 found in cache
10:41:22.889 [main] INFO io.github.bonigarcia.wdm.WebDriverManager - Exporting webdriver.chrome.driver as C:\Users\USER\.cache\selenium\chromedriver\win32\102.0.5005.61\chromedriver.exe
10:41:23.719 [main] DEBUG net.serenitybdd.core.webdriver.driverproviders.ProvideNewDriver - Instantiating driver
10:41:23.719 [main] DEBUG net.serenitybdd.core.webdriver.driverproviders.ProvideNewDriver - Driver capabilities: Capabilities {acceptInsecureCerts: false, base.url: https://hospital-management..., browserName: chrome, chrome.driver: src/test/resources/webdrive..., driver: chrome, goog:chromeOptions: {args: [], extensions: []}}
10:41:26.796 [AsyncHttpClient-1-3] DEBUG org.asynchttpclient.netty.channel.NettyConnectListener - Using new Channel '[id: 0xbf96f053, L:/127.0.0.1:57171 - R:localhost/127.0.0.1:57283]' for 'POST' to '/session'
10:41:33.034 [AsyncHttpClient-1-3] DEBUG org.asynchttpclient.netty.handler.HttpHandler - 

Request DefaultHttpRequest(decodeResult: success, version: HTTP/1.1)
POST /session HTTP/1.1
User-Agent: selenium/4.1.2 (java windows)
Content-Length: 621
Content-Type: application/json; charset=utf-8
host: localhost:57283
accept: */*

Response DefaultHttpResponse(decodeResult: success, version: HTTP/1.1)
HTTP/1.1 200 OK
Content-Type: application/json; charset=utf-8
cache-control: no-cache
content-length: 789

10:41:33.034 [AsyncHttpClient-1-3] DEBUG org.asynchttpclient.netty.channel.ChannelManager - Adding key: http://localhost:57283 for channel [id: 0xbf96f053, L:/127.0.0.1:57171 - R:localhost/127.0.0.1:57283]
10:41:33.226 [AsyncHttpClient-1-4] DEBUG org.asynchttpclient.netty.channel.NettyConnectListener - Using new Channel '[id: 0x2f70e308, L:/127.0.0.1:57182 - R:localhost/127.0.0.1:57173]' for 'GET' to '/json/version'
10:41:33.228 [AsyncHttpClient-1-4] DEBUG org.asynchttpclient.netty.handler.HttpHandler - 

Request DefaultFullHttpRequest(decodeResult: success, version: HTTP/1.1, content: EmptyByteBufBE)
GET /json/version HTTP/1.1
User-Agent: selenium/4.1.2 (java windows)
host: localhost:57173
accept: */*

Response DefaultHttpResponse(decodeResult: success, version: HTTP/1.1)
HTTP/1.1 200 OK
Content-Type: application/json; charset=UTF-8
content-length: 427

10:41:33.229 [AsyncHttpClient-1-4] DEBUG org.asynchttpclient.netty.channel.ChannelManager - Adding key: http://localhost:57173 for channel [id: 0x2f70e308, L:/127.0.0.1:57182 - R:localhost/127.0.0.1:57173]
10:41:33.312 [AsyncHttpClient-1-5] DEBUG org.asynchttpclient.netty.channel.NettyConnectListener - Using new Channel '[id: 0x3ad2291c, L:/127.0.0.1:57183 - R:localhost/127.0.0.1:57173]' for 'GET' to '/devtools/browser/7b35f858-017b-4e22-a5de-c56784c40fda'
10:41:33.387 [AsyncHttpClient-1-5] DEBUG org.asynchttpclient.netty.handler.WebSocketHandler - 

Request DefaultFullHttpRequest(decodeResult: success, version: HTTP/1.1, content: EmptyByteBufBE)
GET /devtools/browser/7b35f858-017b-4e22-a5de-c56784c40fda HTTP/1.1
upgrade: websocket
connection: upgrade
sec-websocket-key: J2L0Vr2Hk49nDBono+JGHw==
sec-websocket-version: 13
origin: http://localhost:57173
host: localhost:57173
accept: */*
user-agent: AHC/2.1

Response DefaultHttpResponse(decodeResult: success, version: HTTP/1.1)
HTTP/1.1 101 WebSocket Protocol Handshake
Upgrade: WebSocket
Connection: Upgrade
Sec-WebSocket-Accept: ov0TVW+opEvj/Lgk50JAyPCfEBQ=

10:41:33.401 [Forwarding maximizeCurrentWindow on session 40c5a4c5bd310c22ae39666d9010dad2 to remote] DEBUG org.asynchttpclient.netty.request.NettyRequestSender - Using pooled Channel '[id: 0xbf96f053, L:/127.0.0.1:57171 - R:localhost/127.0.0.1:57283]' for 'POST' to 'http://localhost:57283/session/40c5a4c5bd310c22ae39666d9010dad2/window/maximize'
10:41:33.401 [Forwarding maximizeCurrentWindow on session 40c5a4c5bd310c22ae39666d9010dad2 to remote] DEBUG org.asynchttpclient.netty.request.NettyRequestSender - Using open Channel [id: 0xbf96f053, L:/127.0.0.1:57171 - R:localhost/127.0.0.1:57283] for POST '/session/40c5a4c5bd310c22ae39666d9010dad2/window/maximize'
10:41:33.531 [AsyncHttpClient-1-3] DEBUG org.asynchttpclient.netty.handler.HttpHandler - 

Request DefaultHttpRequest(decodeResult: success, version: HTTP/1.1)
POST /session/40c5a4c5bd310c22ae39666d9010dad2/window/maximize HTTP/1.1
User-Agent: selenium/4.1.2 (java windows)
Content-Length: 3
Content-Type: application/json; charset=utf-8
host: localhost:57283
accept: */*

Response DefaultHttpResponse(decodeResult: success, version: HTTP/1.1)
HTTP/1.1 200 OK
Content-Type: application/json; charset=utf-8
cache-control: no-cache
content-length: 51

10:41:33.531 [AsyncHttpClient-1-3] DEBUG org.asynchttpclient.netty.channel.ChannelManager - Adding key: http://localhost:57283 for channel [id: 0xbf96f053, L:/127.0.0.1:57171 - R:localhost/127.0.0.1:57283]
10:41:33.535 [Forwarding get on session 40c5a4c5bd310c22ae39666d9010dad2 to remote] DEBUG org.asynchttpclient.netty.request.NettyRequestSender - Using pooled Channel '[id: 0xbf96f053, L:/127.0.0.1:57171 - R:localhost/127.0.0.1:57283]' for 'POST' to 'http://localhost:57283/session/40c5a4c5bd310c22ae39666d9010dad2/url'
10:41:33.535 [Forwarding get on session 40c5a4c5bd310c22ae39666d9010dad2 to remote] DEBUG org.asynchttpclient.netty.request.NettyRequestSender - Using open Channel [id: 0xbf96f053, L:/127.0.0.1:57171 - R:localhost/127.0.0.1:57283] for POST '/session/40c5a4c5bd310c22ae39666d9010dad2/url'
10:41:33.864 [AsyncHttpClient-1-1] DEBUG org.asynchttpclient.netty.channel.DefaultChannelPool - Entry count for : http://localhost:57173 : 1
10:41:34.964 [AsyncHttpClient-1-1] DEBUG org.asynchttpclient.netty.channel.DefaultChannelPool - Entry count for : http://localhost:57173 : 1
10:41:36.064 [AsyncHttpClient-1-1] DEBUG org.asynchttpclient.netty.channel.DefaultChannelPool - Entry count for : http://localhost:57173 : 1
10:41:37.163 [AsyncHttpClient-1-1] DEBUG org.asynchttpclient.netty.channel.DefaultChannelPool - Entry count for : http://localhost:57173 : 1
10:41:38.265 [AsyncHttpClient-1-1] DEBUG org.asynchttpclient.netty.channel.DefaultChannelPool - Entry count for : http://localhost:57173 : 1
10:41:38.713 [AsyncHttpClient-1-3] DEBUG org.asynchttpclient.netty.handler.HttpHandler - 

Request DefaultHttpRequest(decodeResult: success, version: HTTP/1.1)
POST /session/40c5a4c5bd310c22ae39666d9010dad2/url HTTP/1.1
User-Agent: selenium/4.1.2 (java windows)
Content-Length: 65
Content-Type: application/json; charset=utf-8
host: localhost:57283
accept: */*

Response DefaultHttpResponse(decodeResult: success, version: HTTP/1.1)
HTTP/1.1 200 OK
Content-Type: application/json; charset=utf-8
cache-control: no-cache
content-length: 14

10:41:38.714 [AsyncHttpClient-1-3] DEBUG org.asynchttpclient.netty.channel.ChannelManager - Adding key: http://localhost:57283 for channel [id: 0xbf96f053, L:/127.0.0.1:57171 - R:localhost/127.0.0.1:57283]
10:41:38.718 [Forwarding setTimeout on session 40c5a4c5bd310c22ae39666d9010dad2 to remote] DEBUG org.asynchttpclient.netty.request.NettyRequestSender - Using pooled Channel '[id: 0xbf96f053, L:/127.0.0.1:57171 - R:localhost/127.0.0.1:57283]' for 'POST' to 'http://localhost:57283/session/40c5a4c5bd310c22ae39666d9010dad2/timeouts'
10:41:38.719 [Forwarding setTimeout on session 40c5a4c5bd310c22ae39666d9010dad2 to remote] DEBUG org.asynchttpclient.netty.request.NettyRequestSender - Using open Channel [id: 0xbf96f053, L:/127.0.0.1:57171 - R:localhost/127.0.0.1:57283] for POST '/session/40c5a4c5bd310c22ae39666d9010dad2/timeouts'
10:41:38.725 [AsyncHttpClient-1-3] DEBUG org.asynchttpclient.netty.handler.HttpHandler - 

Request DefaultHttpRequest(decodeResult: success, version: HTTP/1.1)
POST /session/40c5a4c5bd310c22ae39666d9010dad2/timeouts HTTP/1.1
User-Agent: selenium/4.1.2 (java windows)
Content-Length: 22
Content-Type: application/json; charset=utf-8
host: localhost:57283
accept: */*

Response DefaultHttpResponse(decodeResult: success, version: HTTP/1.1)
HTTP/1.1 200 OK
Content-Type: application/json; charset=utf-8
cache-control: no-cache
content-length: 14

10:41:38.726 [AsyncHttpClient-1-3] DEBUG org.asynchttpclient.netty.channel.ChannelManager - Adding key: http://localhost:57283 for channel [id: 0xbf96f053, L:/127.0.0.1:57171 - R:localhost/127.0.0.1:57283]
10:41:38.738 [Forwarding getCurrentUrl on session 40c5a4c5bd310c22ae39666d9010dad2 to remote] DEBUG org.asynchttpclient.netty.request.NettyRequestSender - Using pooled Channel '[id: 0xbf96f053, L:/127.0.0.1:57171 - R:localhost/127.0.0.1:57283]' for 'GET' to 'http://localhost:57283/session/40c5a4c5bd310c22ae39666d9010dad2/url'
10:41:38.738 [Forwarding getCurrentUrl on session 40c5a4c5bd310c22ae39666d9010dad2 to remote] DEBUG org.asynchttpclient.netty.request.NettyRequestSender - Using open Channel [id: 0xbf96f053, L:/127.0.0.1:57171 - R:localhost/127.0.0.1:57283] for GET '/session/40c5a4c5bd310c22ae39666d9010dad2/url'
10:41:38.749 [AsyncHttpClient-1-3] DEBUG org.asynchttpclient.netty.handler.HttpHandler - 

Request DefaultFullHttpRequest(decodeResult: success, version: HTTP/1.1, content: EmptyByteBufBE)
GET /session/40c5a4c5bd310c22ae39666d9010dad2/url HTTP/1.1
User-Agent: selenium/4.1.2 (java windows)
Cache-Control: no-cache
Content-Type: application/json; charset=utf-8
host: localhost:57283
accept: */*

Response DefaultHttpResponse(decodeResult: success, version: HTTP/1.1)
HTTP/1.1 200 OK
Content-Type: application/json; charset=utf-8
cache-control: no-cache
content-length: 53

10:41:38.750 [AsyncHttpClient-1-3] DEBUG org.asynchttpclient.netty.channel.ChannelManager - Adding key: http://localhost:57283 for channel [id: 0xbf96f053, L:/127.0.0.1:57171 - R:localhost/127.0.0.1:57283]
10:41:38.755 [Forwarding getCurrentUrl on session 40c5a4c5bd310c22ae39666d9010dad2 to remote] DEBUG org.asynchttpclient.netty.request.NettyRequestSender - Using pooled Channel '[id: 0xbf96f053, L:/127.0.0.1:57171 - R:localhost/127.0.0.1:57283]' for 'GET' to 'http://localhost:57283/session/40c5a4c5bd310c22ae39666d9010dad2/url'
10:41:38.756 [Forwarding getCurrentUrl on session 40c5a4c5bd310c22ae39666d9010dad2 to remote] DEBUG org.asynchttpclient.netty.request.NettyRequestSender - Using open Channel [id: 0xbf96f053, L:/127.0.0.1:57171 - R:localhost/127.0.0.1:57283] for GET '/session/40c5a4c5bd310c22ae39666d9010dad2/url'
10:41:38.762 [AsyncHttpClient-1-3] DEBUG org.asynchttpclient.netty.handler.HttpHandler - 

Request DefaultFullHttpRequest(decodeResult: success, version: HTTP/1.1, content: EmptyByteBufBE)
GET /session/40c5a4c5bd310c22ae39666d9010dad2/url HTTP/1.1
User-Agent: selenium/4.1.2 (java windows)
Cache-Control: no-cache
Content-Type: application/json; charset=utf-8
host: localhost:57283
accept: */*

Response DefaultHttpResponse(decodeResult: success, version: HTTP/1.1)
HTTP/1.1 200 OK
Content-Type: application/json; charset=utf-8
cache-control: no-cache
content-length: 53

10:41:38.763 [AsyncHttpClient-1-3] DEBUG org.asynchttpclient.netty.channel.ChannelManager - Adding key: http://localhost:57283 for channel [id: 0xbf96f053, L:/127.0.0.1:57171 - R:localhost/127.0.0.1:57283]
10:41:38.774 [Forwarding screenshot on session 40c5a4c5bd310c22ae39666d9010dad2 to remote] DEBUG org.asynchttpclient.netty.request.NettyRequestSender - Using pooled Channel '[id: 0xbf96f053, L:/127.0.0.1:57171 - R:localhost/127.0.0.1:57283]' for 'GET' to 'http://localhost:57283/session/40c5a4c5bd310c22ae39666d9010dad2/screenshot'
10:41:38.774 [Forwarding screenshot on session 40c5a4c5bd310c22ae39666d9010dad2 to remote] DEBUG org.asynchttpclient.netty.request.NettyRequestSender - Using open Channel [id: 0xbf96f053, L:/127.0.0.1:57171 - R:localhost/127.0.0.1:57283] for GET '/session/40c5a4c5bd310c22ae39666d9010dad2/screenshot'
10:41:39.365 [AsyncHttpClient-1-1] DEBUG org.asynchttpclient.netty.channel.DefaultChannelPool - Entry count for : http://localhost:57173 : 1
10:41:40.463 [AsyncHttpClient-1-1] DEBUG org.asynchttpclient.netty.channel.DefaultChannelPool - Entry count for : http://localhost:57173 : 1
10:41:40.732 [AsyncHttpClient-1-3] DEBUG org.asynchttpclient.netty.handler.HttpHandler - 

Request DefaultFullHttpRequest(decodeResult: success, version: HTTP/1.1, content: EmptyByteBufBE)
GET /session/40c5a4c5bd310c22ae39666d9010dad2/screenshot HTTP/1.1
User-Agent: selenium/4.1.2 (java windows)
Cache-Control: no-cache
Content-Type: application/json; charset=utf-8
host: localhost:57283
accept: */*

Response DefaultHttpResponse(decodeResult: success, version: HTTP/1.1)
HTTP/1.1 200 OK
Content-Type: application/json; charset=utf-8
cache-control: no-cache
content-length: 382596

10:41:40.738 [AsyncHttpClient-1-3] DEBUG org.asynchttpclient.netty.channel.ChannelManager - Adding key: http://localhost:57283 for channel [id: 0xbf96f053, L:/127.0.0.1:57171 - R:localhost/127.0.0.1:57283]
10:41:40.766 [main] DEBUG net.serenitybdd.core.photography.Darkroom - Send negative for processing for target\site\serenity\ed15a54c91c342d96a850276df7b559f4526b370fc93040e3c407a48a170f368.png
10:41:40.766 [main] DEBUG net.thucydides.core.steps.StepInterceptor - STEP DONE: openUrl
10:41:40.775 [main] DEBUG net.thucydides.core.steps.StepInterceptor - STARTING STEP: DashboardSteps.iAmOnTheDashboardPage - validateOnDashboardPage
10:41:40.778 [Forwarding findElement on session 40c5a4c5bd310c22ae39666d9010dad2 to remote] DEBUG org.asynchttpclient.netty.request.NettyRequestSender - Using pooled Channel '[id: 0xbf96f053, L:/127.0.0.1:57171 - R:localhost/127.0.0.1:57283]' for 'POST' to 'http://localhost:57283/session/40c5a4c5bd310c22ae39666d9010dad2/element'
10:41:40.778 [Forwarding findElement on session 40c5a4c5bd310c22ae39666d9010dad2 to remote] DEBUG org.asynchttpclient.netty.request.NettyRequestSender - Using open Channel [id: 0xbf96f053, L:/127.0.0.1:57171 - R:localhost/127.0.0.1:57283] for POST '/session/40c5a4c5bd310c22ae39666d9010dad2/element'
10:41:41.172 [AsyncHttpClient-1-3] DEBUG org.asynchttpclient.netty.handler.HttpHandler - 

Request DefaultHttpRequest(decodeResult: success, version: HTTP/1.1)
POST /session/40c5a4c5bd310c22ae39666d9010dad2/element HTTP/1.1
User-Agent: selenium/4.1.2 (java windows)
Content-Length: 81
Content-Type: application/json; charset=utf-8
host: localhost:57283
accept: */*

Response DefaultHttpResponse(decodeResult: success, version: HTTP/1.1)
HTTP/1.1 200 OK
Content-Type: application/json; charset=utf-8
cache-control: no-cache
content-length: 88

10:41:41.172 [AsyncHttpClient-1-3] DEBUG org.asynchttpclient.netty.channel.ChannelManager - Adding key: http://localhost:57283 for channel [id: 0xbf96f053, L:/127.0.0.1:57171 - R:localhost/127.0.0.1:57283]
10:41:41.185 [Forwarding isElementDisplayed on session 40c5a4c5bd310c22ae39666d9010dad2 to remote] DEBUG org.asynchttpclient.netty.request.NettyRequestSender - Using pooled Channel '[id: 0xbf96f053, L:/127.0.0.1:57171 - R:localhost/127.0.0.1:57283]' for 'POST' to 'http://localhost:57283/session/40c5a4c5bd310c22ae39666d9010dad2/execute/sync'
10:41:41.185 [Forwarding isElementDisplayed on session 40c5a4c5bd310c22ae39666d9010dad2 to remote] DEBUG org.asynchttpclient.netty.request.NettyRequestSender - Using open Channel [id: 0xbf96f053, L:/127.0.0.1:57171 - R:localhost/127.0.0.1:57283] for POST '/session/40c5a4c5bd310c22ae39666d9010dad2/execute/sync'
10:41:41.563 [AsyncHttpClient-1-1] DEBUG org.asynchttpclient.netty.channel.DefaultChannelPool - Entry count for : http://localhost:57173 : 1
10:41:42.312 [AsyncHttpClient-1-3] DEBUG org.asynchttpclient.netty.handler.HttpHandler - 

Request DefaultHttpRequest(decodeResult: success, version: HTTP/1.1)
POST /session/40c5a4c5bd310c22ae39666d9010dad2/execute/sync HTTP/1.1
User-Agent: selenium/4.1.2 (java windows)
Content-Length: 48780
Content-Type: application/json; charset=utf-8
host: localhost:57283
accept: */*

Response DefaultHttpResponse(decodeResult: success, version: HTTP/1.1)
HTTP/1.1 200 OK
Content-Type: application/json; charset=utf-8
cache-control: no-cache
content-length: 14

10:41:42.313 [AsyncHttpClient-1-3] DEBUG org.asynchttpclient.netty.channel.ChannelManager - Adding key: http://localhost:57283 for channel [id: 0xbf96f053, L:/127.0.0.1:57171 - R:localhost/127.0.0.1:57283]
10:41:42.324 [Forwarding screenshot on session 40c5a4c5bd310c22ae39666d9010dad2 to remote] DEBUG org.asynchttpclient.netty.request.NettyRequestSender - Using pooled Channel '[id: 0xbf96f053, L:/127.0.0.1:57171 - R:localhost/127.0.0.1:57283]' for 'GET' to 'http://localhost:57283/session/40c5a4c5bd310c22ae39666d9010dad2/screenshot'
10:41:42.324 [Forwarding screenshot on session 40c5a4c5bd310c22ae39666d9010dad2 to remote] DEBUG org.asynchttpclient.netty.request.NettyRequestSender - Using open Channel [id: 0xbf96f053, L:/127.0.0.1:57171 - R:localhost/127.0.0.1:57283] for GET '/session/40c5a4c5bd310c22ae39666d9010dad2/screenshot'
10:41:42.657 [AsyncHttpClient-1-3] DEBUG org.asynchttpclient.netty.handler.HttpHandler - 

Request DefaultFullHttpRequest(decodeResult: success, version: HTTP/1.1, content: EmptyByteBufBE)
GET /session/40c5a4c5bd310c22ae39666d9010dad2/screenshot HTTP/1.1
User-Agent: selenium/4.1.2 (java windows)
Cache-Control: no-cache
Content-Type: application/json; charset=utf-8
host: localhost:57283
accept: */*

Response DefaultHttpResponse(decodeResult: success, version: HTTP/1.1)
HTTP/1.1 200 OK
Content-Type: application/json; charset=utf-8
cache-control: no-cache
content-length: 351816

10:41:42.660 [AsyncHttpClient-1-3] DEBUG org.asynchttpclient.netty.channel.ChannelManager - Adding key: http://localhost:57283 for channel [id: 0xbf96f053, L:/127.0.0.1:57171 - R:localhost/127.0.0.1:57283]
10:41:42.663 [AsyncHttpClient-1-1] DEBUG org.asynchttpclient.netty.channel.DefaultChannelPool - Entry count for : http://localhost:57283 : 1
10:41:42.663 [AsyncHttpClient-1-1] DEBUG org.asynchttpclient.netty.channel.DefaultChannelPool - Entry count for : http://localhost:57173 : 1
10:41:42.677 [main] DEBUG net.serenitybdd.core.photography.Darkroom - Send negative for processing for target\site\serenity\20277f1d76f1b925628464fcd1ece5de77a814679d1be3fdcf836a7ddadfed60.png
10:41:42.677 [main] DEBUG net.thucydides.core.steps.StepInterceptor - STEP DONE: validateOnDashboardPage
  &amp#27;[32mGiven &amp#27;[0m&amp#27;[32mI am on the dashboard page&amp#27;[0m                  &amp#27;[90m# starter.stepdefinitions.DashboardSteps.iAmOnTheDashboardPage()&amp#27;[0m
10:41:42.875 [Forwarding screenshot on session 40c5a4c5bd310c22ae39666d9010dad2 to remote] DEBUG org.asynchttpclient.netty.request.NettyRequestSender - Using pooled Channel '[id: 0xbf96f053, L:/127.0.0.1:57171 - R:localhost/127.0.0.1:57283]' for 'GET' to 'http://localhost:57283/session/40c5a4c5bd310c22ae39666d9010dad2/screenshot'
10:41:42.875 [Forwarding screenshot on session 40c5a4c5bd310c22ae39666d9010dad2 to remote] DEBUG org.asynchttpclient.netty.request.NettyRequestSender - Using open Channel [id: 0xbf96f053, L:/127.0.0.1:57171 - R:localhost/127.0.0.1:57283] for GET '/session/40c5a4c5bd310c22ae39666d9010dad2/screenshot'
10:41:43.121 [AsyncHttpClient-1-3] DEBUG org.asynchttpclient.netty.handler.HttpHandler - 

Request DefaultFullHttpRequest(decodeResult: success, version: HTTP/1.1, content: EmptyByteBufBE)
GET /session/40c5a4c5bd310c22ae39666d9010dad2/screenshot HTTP/1.1
User-Agent: selenium/4.1.2 (java windows)
Cache-Control: no-cache
Content-Type: application/json; charset=utf-8
host: localhost:57283
accept: */*

Response DefaultHttpResponse(decodeResult: success, version: HTTP/1.1)
HTTP/1.1 200 OK
Content-Type: application/json; charset=utf-8
cache-control: no-cache
content-length: 351816

10:41:43.124 [AsyncHttpClient-1-3] DEBUG org.asynchttpclient.netty.channel.ChannelManager - Adding key: http://localhost:57283 for channel [id: 0xbf96f053, L:/127.0.0.1:57171 - R:localhost/127.0.0.1:57283]
10:41:43.261 [main] DEBUG net.serenitybdd.core.photography.Darkroom - Send negative for processing for target\site\serenity\20277f1d76f1b925628464fcd1ece5de77a814679d1be3fdcf836a7ddadfed60.png
10:41:43.263 [main] DEBUG net.thucydides.core.steps.StepInterceptor - STARTING STEP: AppointmentSteps.iClickMenuAppointment - clickMenuAppointmentButton
10:41:43.275 [Forwarding findElement on session 40c5a4c5bd310c22ae39666d9010dad2 to remote] DEBUG org.asynchttpclient.netty.request.NettyRequestSender - Using pooled Channel '[id: 0xbf96f053, L:/127.0.0.1:57171 - R:localhost/127.0.0.1:57283]' for 'POST' to 'http://localhost:57283/session/40c5a4c5bd310c22ae39666d9010dad2/element'
10:41:43.275 [Forwarding findElement on session 40c5a4c5bd310c22ae39666d9010dad2 to remote] DEBUG org.asynchttpclient.netty.request.NettyRequestSender - Using open Channel [id: 0xbf96f053, L:/127.0.0.1:57171 - R:localhost/127.0.0.1:57283] for POST '/session/40c5a4c5bd310c22ae39666d9010dad2/element'
10:41:43.320 [AsyncHttpClient-1-3] DEBUG org.asynchttpclient.netty.handler.HttpHandler - 

Request DefaultHttpRequest(decodeResult: success, version: HTTP/1.1)
POST /session/40c5a4c5bd310c22ae39666d9010dad2/element HTTP/1.1
User-Agent: selenium/4.1.2 (java windows)
Content-Length: 84
Content-Type: application/json; charset=utf-8
host: localhost:57283
accept: */*

Response DefaultHttpResponse(decodeResult: success, version: HTTP/1.1)
HTTP/1.1 200 OK
Content-Type: application/json; charset=utf-8
cache-control: no-cache
content-length: 88

10:41:43.321 [AsyncHttpClient-1-3] DEBUG org.asynchttpclient.netty.channel.ChannelManager - Adding key: http://localhost:57283 for channel [id: 0xbf96f053, L:/127.0.0.1:57171 - R:localhost/127.0.0.1:57283]
10:41:43.326 [Forwarding getElementTagName on session 40c5a4c5bd310c22ae39666d9010dad2 to remote] DEBUG org.asynchttpclient.netty.request.NettyRequestSender - Using pooled Channel '[id: 0xbf96f053, L:/127.0.0.1:57171 - R:localhost/127.0.0.1:57283]' for 'GET' to 'http://localhost:57283/session/40c5a4c5bd310c22ae39666d9010dad2/element/a7d3973f-5b7a-4054-ab4e-af171925ac23/name'
10:41:43.326 [Forwarding getElementTagName on session 40c5a4c5bd310c22ae39666d9010dad2 to remote] DEBUG org.asynchttpclient.netty.request.NettyRequestSender - Using open Channel [id: 0xbf96f053, L:/127.0.0.1:57171 - R:localhost/127.0.0.1:57283] for GET '/session/40c5a4c5bd310c22ae39666d9010dad2/element/a7d3973f-5b7a-4054-ab4e-af171925ac23/name'
10:41:43.369 [AsyncHttpClient-1-3] DEBUG org.asynchttpclient.netty.handler.HttpHandler - 

Request DefaultFullHttpRequest(decodeResult: success, version: HTTP/1.1, content: EmptyByteBufBE)
GET /session/40c5a4c5bd310c22ae39666d9010dad2/element/a7d3973f-5b7a-4054-ab4e-af171925ac23/name HTTP/1.1
User-Agent: selenium/4.1.2 (java windows)
Cache-Control: no-cache
Content-Type: application/json; charset=utf-8
host: localhost:57283
accept: */*

Response DefaultHttpResponse(decodeResult: success, version: HTTP/1.1)
HTTP/1.1 200 OK
Content-Type: application/json; charset=utf-8
cache-control: no-cache
content-length: 15

10:41:43.370 [AsyncHttpClient-1-3] DEBUG org.asynchttpclient.netty.channel.ChannelManager - Adding key: http://localhost:57283 for channel [id: 0xbf96f053, L:/127.0.0.1:57171 - R:localhost/127.0.0.1:57283]
10:41:43.374 [Forwarding getElementTagName on session 40c5a4c5bd310c22ae39666d9010dad2 to remote] DEBUG org.asynchttpclient.netty.request.NettyRequestSender - Using pooled Channel '[id: 0xbf96f053, L:/127.0.0.1:57171 - R:localhost/127.0.0.1:57283]' for 'GET' to 'http://localhost:57283/session/40c5a4c5bd310c22ae39666d9010dad2/element/a7d3973f-5b7a-4054-ab4e-af171925ac23/name'
10:41:43.374 [Forwarding getElementTagName on session 40c5a4c5bd310c22ae39666d9010dad2 to remote] DEBUG org.asynchttpclient.netty.request.NettyRequestSender - Using open Channel [id: 0xbf96f053, L:/127.0.0.1:57171 - R:localhost/127.0.0.1:57283] for GET '/session/40c5a4c5bd310c22ae39666d9010dad2/element/a7d3973f-5b7a-4054-ab4e-af171925ac23/name'
10:41:43.385 [AsyncHttpClient-1-3] DEBUG org.asynchttpclient.netty.handler.HttpHandler - 

Request DefaultFullHttpRequest(decodeResult: success, version: HTTP/1.1, content: EmptyByteBufBE)
GET /session/40c5a4c5bd310c22ae39666d9010dad2/element/a7d3973f-5b7a-4054-ab4e-af171925ac23/name HTTP/1.1
User-Agent: selenium/4.1.2 (java windows)
Cache-Control: no-cache
Content-Type: application/json; charset=utf-8
host: localhost:57283
accept: */*

Response DefaultHttpResponse(decodeResult: success, version: HTTP/1.1)
HTTP/1.1 200 OK
Content-Type: application/json; charset=utf-8
cache-control: no-cache
content-length: 15

10:41:43.385 [AsyncHttpClient-1-3] DEBUG org.asynchttpclient.netty.channel.ChannelManager - Adding key: http://localhost:57283 for channel [id: 0xbf96f053, L:/127.0.0.1:57171 - R:localhost/127.0.0.1:57283]
10:41:43.392 [Forwarding findElement on session 40c5a4c5bd310c22ae39666d9010dad2 to remote] DEBUG org.asynchttpclient.netty.request.NettyRequestSender - Using pooled Channel '[id: 0xbf96f053, L:/127.0.0.1:57171 - R:localhost/127.0.0.1:57283]' for 'POST' to 'http://localhost:57283/session/40c5a4c5bd310c22ae39666d9010dad2/element'
10:41:43.392 [Forwarding findElement on session 40c5a4c5bd310c22ae39666d9010dad2 to remote] DEBUG org.asynchttpclient.netty.request.NettyRequestSender - Using open Channel [id: 0xbf96f053, L:/127.0.0.1:57171 - R:localhost/127.0.0.1:57283] for POST '/session/40c5a4c5bd310c22ae39666d9010dad2/element'
10:41:43.416 [AsyncHttpClient-1-3] DEBUG org.asynchttpclient.netty.handler.HttpHandler - 

Request DefaultHttpRequest(decodeResult: success, version: HTTP/1.1)
POST /session/40c5a4c5bd310c22ae39666d9010dad2/element HTTP/1.1
User-Agent: selenium/4.1.2 (java windows)
Content-Length: 84
Content-Type: application/json; charset=utf-8
host: localhost:57283
accept: */*

Response DefaultHttpResponse(decodeResult: success, version: HTTP/1.1)
HTTP/1.1 200 OK
Content-Type: application/json; charset=utf-8
cache-control: no-cache
content-length: 88

10:41:43.417 [AsyncHttpClient-1-3] DEBUG org.asynchttpclient.netty.channel.ChannelManager - Adding key: http://localhost:57283 for channel [id: 0xbf96f053, L:/127.0.0.1:57171 - R:localhost/127.0.0.1:57283]
10:41:43.422 [Forwarding clickElement on session 40c5a4c5bd310c22ae39666d9010dad2 to remote] DEBUG org.asynchttpclient.netty.request.NettyRequestSender - Using pooled Channel '[id: 0xbf96f053, L:/127.0.0.1:57171 - R:localhost/127.0.0.1:57283]' for 'POST' to 'http://localhost:57283/session/40c5a4c5bd310c22ae39666d9010dad2/element/a7d3973f-5b7a-4054-ab4e-af171925ac23/click'
10:41:43.422 [Forwarding clickElement on session 40c5a4c5bd310c22ae39666d9010dad2 to remote] DEBUG org.asynchttpclient.netty.request.NettyRequestSender - Using open Channel [id: 0xbf96f053, L:/127.0.0.1:57171 - R:localhost/127.0.0.1:57283] for POST '/session/40c5a4c5bd310c22ae39666d9010dad2/element/a7d3973f-5b7a-4054-ab4e-af171925ac23/click'
10:41:43.764 [AsyncHttpClient-1-1] DEBUG org.asynchttpclient.netty.channel.DefaultChannelPool - Entry count for : http://localhost:57173 : 1
10:41:44.865 [AsyncHttpClient-1-1] DEBUG org.asynchttpclient.netty.channel.DefaultChannelPool - Entry count for : http://localhost:57173 : 1
10:41:45.103 [AsyncHttpClient-1-3] DEBUG org.asynchttpclient.netty.handler.HttpHandler - 

Request DefaultHttpRequest(decodeResult: success, version: HTTP/1.1)
POST /session/40c5a4c5bd310c22ae39666d9010dad2/element/a7d3973f-5b7a-4054-ab4e-af171925ac23/click HTTP/1.1
User-Agent: selenium/4.1.2 (java windows)
Content-Length: 50
Content-Type: application/json; charset=utf-8
host: localhost:57283
accept: */*

Response DefaultHttpResponse(decodeResult: success, version: HTTP/1.1)
HTTP/1.1 200 OK
Content-Type: application/json; charset=utf-8
cache-control: no-cache
content-length: 14

10:41:45.103 [AsyncHttpClient-1-3] DEBUG org.asynchttpclient.netty.channel.ChannelManager - Adding key: http://localhost:57283 for channel [id: 0xbf96f053, L:/127.0.0.1:57171 - R:localhost/127.0.0.1:57283]
10:41:45.115 [Forwarding screenshot on session 40c5a4c5bd310c22ae39666d9010dad2 to remote] DEBUG org.asynchttpclient.netty.request.NettyRequestSender - Using pooled Channel '[id: 0xbf96f053, L:/127.0.0.1:57171 - R:localhost/127.0.0.1:57283]' for 'GET' to 'http://localhost:57283/session/40c5a4c5bd310c22ae39666d9010dad2/screenshot'
10:41:45.115 [Forwarding screenshot on session 40c5a4c5bd310c22ae39666d9010dad2 to remote] DEBUG org.asynchttpclient.netty.request.NettyRequestSender - Using open Channel [id: 0xbf96f053, L:/127.0.0.1:57171 - R:localhost/127.0.0.1:57283] for GET '/session/40c5a4c5bd310c22ae39666d9010dad2/screenshot'
10:41:45.604 [AsyncHttpClient-1-3] DEBUG org.asynchttpclient.netty.handler.HttpHandler - 

Request DefaultFullHttpRequest(decodeResult: success, version: HTTP/1.1, content: EmptyByteBufBE)
GET /session/40c5a4c5bd310c22ae39666d9010dad2/screenshot HTTP/1.1
User-Agent: selenium/4.1.2 (java windows)
Cache-Control: no-cache
Content-Type: application/json; charset=utf-8
host: localhost:57283
accept: */*

Response DefaultHttpResponse(decodeResult: success, version: HTTP/1.1)
HTTP/1.1 200 OK
Content-Type: application/json; charset=utf-8
cache-control: no-cache
content-length: 77864

10:41:45.606 [AsyncHttpClient-1-3] DEBUG org.asynchttpclient.netty.channel.ChannelManager - Adding key: http://localhost:57283 for channel [id: 0xbf96f053, L:/127.0.0.1:57171 - R:localhost/127.0.0.1:57283]
10:41:45.623 [main] DEBUG net.serenitybdd.core.photography.Darkroom - Send negative for processing for target\site\serenity\1f121c84ac5ed486a34b6564ef548c7a63c0810ba65b369a172b58667ec6d336.png
10:41:45.624 [main] DEBUG net.thucydides.core.steps.StepInterceptor - STEP DONE: clickMenuAppointmentButton
  &amp#27;[32mAnd &amp#27;[0m&amp#27;[32mI click menu Appointment&amp#27;[0m                      &amp#27;[90m# starter.stepdefinitions.AppointmentSteps.iClickMenuAppointment()&amp#27;[0m
10:41:45.664 [main] DEBUG net.thucydides.core.steps.StepInterceptor - STARTING STEP: AppointmentSteps.iClickEditAppointmentIcon - clickEditAppointmentIcon
10:41:45.668 [Forwarding findElement on session 40c5a4c5bd310c22ae39666d9010dad2 to remote] DEBUG org.asynchttpclient.netty.request.NettyRequestSender - Using pooled Channel '[id: 0xbf96f053, L:/127.0.0.1:57171 - R:localhost/127.0.0.1:57283]' for 'POST' to 'http://localhost:57283/session/40c5a4c5bd310c22ae39666d9010dad2/element'
10:41:45.668 [Forwarding findElement on session 40c5a4c5bd310c22ae39666d9010dad2 to remote] DEBUG org.asynchttpclient.netty.request.NettyRequestSender - Using open Channel [id: 0xbf96f053, L:/127.0.0.1:57171 - R:localhost/127.0.0.1:57283] for POST '/session/40c5a4c5bd310c22ae39666d9010dad2/element'
10:41:45.963 [AsyncHttpClient-1-1] DEBUG org.asynchttpclient.netty.channel.DefaultChannelPool - Entry count for : http://localhost:57173 : 1
10:41:45.986 [AsyncHttpClient-1-3] DEBUG org.asynchttpclient.netty.handler.HttpHandler - 

Request DefaultHttpRequest(decodeResult: success, version: HTTP/1.1)
POST /session/40c5a4c5bd310c22ae39666d9010dad2/element HTTP/1.1
User-Agent: selenium/4.1.2 (java windows)
Content-Length: 205
Content-Type: application/json; charset=utf-8
host: localhost:57283
accept: */*

Response DefaultHttpResponse(decodeResult: success, version: HTTP/1.1)
HTTP/1.1 200 OK
Content-Type: application/json; charset=utf-8
cache-control: no-cache
content-length: 88

10:41:45.986 [AsyncHttpClient-1-3] DEBUG org.asynchttpclient.netty.channel.ChannelManager - Adding key: http://localhost:57283 for channel [id: 0xbf96f053, L:/127.0.0.1:57171 - R:localhost/127.0.0.1:57283]
10:41:45.990 [Forwarding getElementTagName on session 40c5a4c5bd310c22ae39666d9010dad2 to remote] DEBUG org.asynchttpclient.netty.request.NettyRequestSender - Using pooled Channel '[id: 0xbf96f053, L:/127.0.0.1:57171 - R:localhost/127.0.0.1:57283]' for 'GET' to 'http://localhost:57283/session/40c5a4c5bd310c22ae39666d9010dad2/element/cd4dc6ec-72c6-4be8-914f-5e2e3cbb5df0/name'
10:41:45.990 [Forwarding getElementTagName on session 40c5a4c5bd310c22ae39666d9010dad2 to remote] DEBUG org.asynchttpclient.netty.request.NettyRequestSender - Using open Channel [id: 0xbf96f053, L:/127.0.0.1:57171 - R:localhost/127.0.0.1:57283] for GET '/session/40c5a4c5bd310c22ae39666d9010dad2/element/cd4dc6ec-72c6-4be8-914f-5e2e3cbb5df0/name'
10:41:45.998 [AsyncHttpClient-1-3] DEBUG org.asynchttpclient.netty.handler.HttpHandler - 

Request DefaultFullHttpRequest(decodeResult: success, version: HTTP/1.1, content: EmptyByteBufBE)
GET /session/40c5a4c5bd310c22ae39666d9010dad2/element/cd4dc6ec-72c6-4be8-914f-5e2e3cbb5df0/name HTTP/1.1
User-Agent: selenium/4.1.2 (java windows)
Cache-Control: no-cache
Content-Type: application/json; charset=utf-8
host: localhost:57283
accept: */*

Response DefaultHttpResponse(decodeResult: success, version: HTTP/1.1)
HTTP/1.1 200 OK
Content-Type: application/json; charset=utf-8
cache-control: no-cache
content-length: 18

10:41:45.999 [AsyncHttpClient-1-3] DEBUG org.asynchttpclient.netty.channel.ChannelManager - Adding key: http://localhost:57283 for channel [id: 0xbf96f053, L:/127.0.0.1:57171 - R:localhost/127.0.0.1:57283]
10:41:46.000 [Forwarding getElementTagName on session 40c5a4c5bd310c22ae39666d9010dad2 to remote] DEBUG org.asynchttpclient.netty.request.NettyRequestSender - Using pooled Channel '[id: 0xbf96f053, L:/127.0.0.1:57171 - R:localhost/127.0.0.1:57283]' for 'GET' to 'http://localhost:57283/session/40c5a4c5bd310c22ae39666d9010dad2/element/cd4dc6ec-72c6-4be8-914f-5e2e3cbb5df0/name'
10:41:46.000 [Forwarding getElementTagName on session 40c5a4c5bd310c22ae39666d9010dad2 to remote] DEBUG org.asynchttpclient.netty.request.NettyRequestSender - Using open Channel [id: 0xbf96f053, L:/127.0.0.1:57171 - R:localhost/127.0.0.1:57283] for GET '/session/40c5a4c5bd310c22ae39666d9010dad2/element/cd4dc6ec-72c6-4be8-914f-5e2e3cbb5df0/name'
10:41:46.005 [AsyncHttpClient-1-3] DEBUG org.asynchttpclient.netty.handler.HttpHandler - 

Request DefaultFullHttpRequest(decodeResult: success, version: HTTP/1.1, content: EmptyByteBufBE)
GET /session/40c5a4c5bd310c22ae39666d9010dad2/element/cd4dc6ec-72c6-4be8-914f-5e2e3cbb5df0/name HTTP/1.1
User-Agent: selenium/4.1.2 (java windows)
Cache-Control: no-cache
Content-Type: application/json; charset=utf-8
host: localhost:57283
accept: */*

Response DefaultHttpResponse(decodeResult: success, version: HTTP/1.1)
HTTP/1.1 200 OK
Content-Type: application/json; charset=utf-8
cache-control: no-cache
content-length: 18

10:41:46.005 [AsyncHttpClient-1-3] DEBUG org.asynchttpclient.netty.channel.ChannelManager - Adding key: http://localhost:57283 for channel [id: 0xbf96f053, L:/127.0.0.1:57171 - R:localhost/127.0.0.1:57283]
10:41:46.008 [Forwarding isElementEnabled on session 40c5a4c5bd310c22ae39666d9010dad2 to remote] DEBUG org.asynchttpclient.netty.request.NettyRequestSender - Using pooled Channel '[id: 0xbf96f053, L:/127.0.0.1:57171 - R:localhost/127.0.0.1:57283]' for 'GET' to 'http://localhost:57283/session/40c5a4c5bd310c22ae39666d9010dad2/element/cd4dc6ec-72c6-4be8-914f-5e2e3cbb5df0/enabled'
10:41:46.008 [Forwarding isElementEnabled on session 40c5a4c5bd310c22ae39666d9010dad2 to remote] DEBUG org.asynchttpclient.netty.request.NettyRequestSender - Using open Channel [id: 0xbf96f053, L:/127.0.0.1:57171 - R:localhost/127.0.0.1:57283] for GET '/session/40c5a4c5bd310c22ae39666d9010dad2/element/cd4dc6ec-72c6-4be8-914f-5e2e3cbb5df0/enabled'
10:41:46.044 [AsyncHttpClient-1-3] DEBUG org.asynchttpclient.netty.handler.HttpHandler - 

Request DefaultFullHttpRequest(decodeResult: success, version: HTTP/1.1, content: EmptyByteBufBE)
GET /session/40c5a4c5bd310c22ae39666d9010dad2/element/cd4dc6ec-72c6-4be8-914f-5e2e3cbb5df0/enabled HTTP/1.1
User-Agent: selenium/4.1.2 (java windows)
Cache-Control: no-cache
Content-Type: application/json; charset=utf-8
host: localhost:57283
accept: */*

Response DefaultHttpResponse(decodeResult: success, version: HTTP/1.1)
HTTP/1.1 200 OK
Content-Type: application/json; charset=utf-8
cache-control: no-cache
content-length: 14

10:41:46.044 [AsyncHttpClient-1-3] DEBUG org.asynchttpclient.netty.channel.ChannelManager - Adding key: http://localhost:57283 for channel [id: 0xbf96f053, L:/127.0.0.1:57171 - R:localhost/127.0.0.1:57283]
10:41:46.046 [Forwarding isElementEnabled on session 40c5a4c5bd310c22ae39666d9010dad2 to remote] DEBUG org.asynchttpclient.netty.request.NettyRequestSender - Using pooled Channel '[id: 0xbf96f053, L:/127.0.0.1:57171 - R:localhost/127.0.0.1:57283]' for 'GET' to 'http://localhost:57283/session/40c5a4c5bd310c22ae39666d9010dad2/element/cd4dc6ec-72c6-4be8-914f-5e2e3cbb5df0/enabled'
10:41:46.046 [Forwarding isElementEnabled on session 40c5a4c5bd310c22ae39666d9010dad2 to remote] DEBUG org.asynchttpclient.netty.request.NettyRequestSender - Using open Channel [id: 0xbf96f053, L:/127.0.0.1:57171 - R:localhost/127.0.0.1:57283] for GET '/session/40c5a4c5bd310c22ae39666d9010dad2/element/cd4dc6ec-72c6-4be8-914f-5e2e3cbb5df0/enabled'
10:41:46.053 [AsyncHttpClient-1-3] DEBUG org.asynchttpclient.netty.handler.HttpHandler - 

Request DefaultFullHttpRequest(decodeResult: success, version: HTTP/1.1, content: EmptyByteBufBE)
GET /session/40c5a4c5bd310c22ae39666d9010dad2/element/cd4dc6ec-72c6-4be8-914f-5e2e3cbb5df0/enabled HTTP/1.1
User-Agent: selenium/4.1.2 (java windows)
Cache-Control: no-cache
Content-Type: application/json; charset=utf-8
host: localhost:57283
accept: */*

Response DefaultHttpResponse(decodeResult: success, version: HTTP/1.1)
HTTP/1.1 200 OK
Content-Type: application/json; charset=utf-8
cache-control: no-cache
content-length: 14

10:41:46.053 [AsyncHttpClient-1-3] DEBUG org.asynchttpclient.netty.channel.ChannelManager - Adding key: http://localhost:57283 for channel [id: 0xbf96f053, L:/127.0.0.1:57171 - R:localhost/127.0.0.1:57283]
10:41:46.056 [Forwarding findElement on session 40c5a4c5bd310c22ae39666d9010dad2 to remote] DEBUG org.asynchttpclient.netty.request.NettyRequestSender - Using pooled Channel '[id: 0xbf96f053, L:/127.0.0.1:57171 - R:localhost/127.0.0.1:57283]' for 'POST' to 'http://localhost:57283/session/40c5a4c5bd310c22ae39666d9010dad2/element'
10:41:46.056 [Forwarding findElement on session 40c5a4c5bd310c22ae39666d9010dad2 to remote] DEBUG org.asynchttpclient.netty.request.NettyRequestSender - Using open Channel [id: 0xbf96f053, L:/127.0.0.1:57171 - R:localhost/127.0.0.1:57283] for POST '/session/40c5a4c5bd310c22ae39666d9010dad2/element'
10:41:46.065 [AsyncHttpClient-1-3] DEBUG org.asynchttpclient.netty.handler.HttpHandler - 

Request DefaultHttpRequest(decodeResult: success, version: HTTP/1.1)
POST /session/40c5a4c5bd310c22ae39666d9010dad2/element HTTP/1.1
User-Agent: selenium/4.1.2 (java windows)
Content-Length: 205
Content-Type: application/json; charset=utf-8
host: localhost:57283
accept: */*

Response DefaultHttpResponse(decodeResult: success, version: HTTP/1.1)
HTTP/1.1 200 OK
Content-Type: application/json; charset=utf-8
cache-control: no-cache
content-length: 88

10:41:46.065 [AsyncHttpClient-1-3] DEBUG org.asynchttpclient.netty.channel.ChannelManager - Adding key: http://localhost:57283 for channel [id: 0xbf96f053, L:/127.0.0.1:57171 - R:localhost/127.0.0.1:57283]
10:41:46.066 [Forwarding clickElement on session 40c5a4c5bd310c22ae39666d9010dad2 to remote] DEBUG org.asynchttpclient.netty.request.NettyRequestSender - Using pooled Channel '[id: 0xbf96f053, L:/127.0.0.1:57171 - R:localhost/127.0.0.1:57283]' for 'POST' to 'http://localhost:57283/session/40c5a4c5bd310c22ae39666d9010dad2/element/cd4dc6ec-72c6-4be8-914f-5e2e3cbb5df0/click'
10:41:46.067 [Forwarding clickElement on session 40c5a4c5bd310c22ae39666d9010dad2 to remote] DEBUG org.asynchttpclient.netty.request.NettyRequestSender - Using open Channel [id: 0xbf96f053, L:/127.0.0.1:57171 - R:localhost/127.0.0.1:57283] for POST '/session/40c5a4c5bd310c22ae39666d9010dad2/element/cd4dc6ec-72c6-4be8-914f-5e2e3cbb5df0/click'
10:41:46.692 [AsyncHttpClient-1-3] DEBUG org.asynchttpclient.netty.handler.HttpHandler - 

Request DefaultHttpRequest(decodeResult: success, version: HTTP/1.1)
POST /session/40c5a4c5bd310c22ae39666d9010dad2/element/cd4dc6ec-72c6-4be8-914f-5e2e3cbb5df0/click HTTP/1.1
User-Agent: selenium/4.1.2 (java windows)
Content-Length: 50
Content-Type: application/json; charset=utf-8
host: localhost:57283
accept: */*

Response DefaultHttpResponse(decodeResult: success, version: HTTP/1.1)
HTTP/1.1 200 OK
Content-Type: application/json; charset=utf-8
cache-control: no-cache
content-length: 14

10:41:46.692 [AsyncHttpClient-1-3] DEBUG org.asynchttpclient.netty.channel.ChannelManager - Adding key: http://localhost:57283 for channel [id: 0xbf96f053, L:/127.0.0.1:57171 - R:localhost/127.0.0.1:57283]
10:41:46.699 [Forwarding screenshot on session 40c5a4c5bd310c22ae39666d9010dad2 to remote] DEBUG org.asynchttpclient.netty.request.NettyRequestSender - Using pooled Channel '[id: 0xbf96f053, L:/127.0.0.1:57171 - R:localhost/127.0.0.1:57283]' for 'GET' to 'http://localhost:57283/session/40c5a4c5bd310c22ae39666d9010dad2/screenshot'
10:41:46.699 [Forwarding screenshot on session 40c5a4c5bd310c22ae39666d9010dad2 to remote] DEBUG org.asynchttpclient.netty.request.NettyRequestSender - Using open Channel [id: 0xbf96f053, L:/127.0.0.1:57171 - R:localhost/127.0.0.1:57283] for GET '/session/40c5a4c5bd310c22ae39666d9010dad2/screenshot'
10:41:47.010 [AsyncHttpClient-1-3] DEBUG org.asynchttpclient.netty.handler.HttpHandler - 

Request DefaultFullHttpRequest(decodeResult: success, version: HTTP/1.1, content: EmptyByteBufBE)
GET /session/40c5a4c5bd310c22ae39666d9010dad2/screenshot HTTP/1.1
User-Agent: selenium/4.1.2 (java windows)
Cache-Control: no-cache
Content-Type: application/json; charset=utf-8
host: localhost:57283
accept: */*

Response DefaultHttpResponse(decodeResult: success, version: HTTP/1.1)
HTTP/1.1 200 OK
Content-Type: application/json; charset=utf-8
cache-control: no-cache
content-length: 129872

10:41:47.012 [AsyncHttpClient-1-3] DEBUG org.asynchttpclient.netty.channel.ChannelManager - Adding key: http://localhost:57283 for channel [id: 0xbf96f053, L:/127.0.0.1:57171 - R:localhost/127.0.0.1:57283]
10:41:47.019 [main] DEBUG net.serenitybdd.core.photography.Darkroom - Send negative for processing for target\site\serenity\cd19b6f37023182d64e8c0656dcdd4248aee8fc81e82c117eed7ccf51129d77e.png
10:41:47.020 [main] DEBUG net.thucydides.core.steps.StepInterceptor - STEP DONE: clickEditAppointmentIcon
10:41:47.020 [Darkroom Processing Line] DEBUG net.serenitybdd.core.photography.DarkroomProcessingLine - Processing screenshot image in /var/screenshots/screenshot-8132189768154580170
  &amp#27;[32mWhen &amp#27;[0m&amp#27;[32mI click edit Appointment icon&amp#27;[0m                &amp#27;[90m# starter.stepdefinitions.AppointmentSteps.iClickEditAppointmentIcon()&amp#27;[0m
10:41:47.020 [Darkroom Processing Line] DEBUG net.serenitybdd.core.photography.DarkroomProcessingLine - Saving screenshot to target\site\serenity\cd19b6f37023182d64e8c0656dcdd4248aee8fc81e82c117eed7ccf51129d77e.png
10:41:47.064 [AsyncHttpClient-1-1] DEBUG org.asynchttpclient.netty.channel.DefaultChannelPool - Entry count for : http://localhost:57283 : 1
10:41:47.064 [AsyncHttpClient-1-1] DEBUG org.asynchttpclient.netty.channel.DefaultChannelPool - Entry count for : http://localhost:57173 : 1
10:41:47.308 [Forwarding screenshot on session 40c5a4c5bd310c22ae39666d9010dad2 to remote] DEBUG org.asynchttpclient.netty.request.NettyRequestSender - Using pooled Channel '[id: 0xbf96f053, L:/127.0.0.1:57171 - R:localhost/127.0.0.1:57283]' for 'GET' to 'http://localhost:57283/session/40c5a4c5bd310c22ae39666d9010dad2/screenshot'
10:41:47.308 [Forwarding screenshot on session 40c5a4c5bd310c22ae39666d9010dad2 to remote] DEBUG org.asynchttpclient.netty.request.NettyRequestSender - Using open Channel [id: 0xbf96f053, L:/127.0.0.1:57171 - R:localhost/127.0.0.1:57283] for GET '/session/40c5a4c5bd310c22ae39666d9010dad2/screenshot'
10:41:47.428 [AsyncHttpClient-1-3] DEBUG org.asynchttpclient.netty.handler.HttpHandler - 

Request DefaultFullHttpRequest(decodeResult: success, version: HTTP/1.1, content: EmptyByteBufBE)
GET /session/40c5a4c5bd310c22ae39666d9010dad2/screenshot HTTP/1.1
User-Agent: selenium/4.1.2 (java windows)
Cache-Control: no-cache
Content-Type: application/json; charset=utf-8
host: localhost:57283
accept: */*

Response DefaultHttpResponse(decodeResult: success, version: HTTP/1.1)
HTTP/1.1 200 OK
Content-Type: application/json; charset=utf-8
cache-control: no-cache
content-length: 83856

10:41:47.429 [AsyncHttpClient-1-3] DEBUG org.asynchttpclient.netty.channel.ChannelManager - Adding key: http://localhost:57283 for channel [id: 0xbf96f053, L:/127.0.0.1:57171 - R:localhost/127.0.0.1:57283]
10:41:47.433 [main] DEBUG net.serenitybdd.core.photography.Darkroom - Send negative for processing for target\site\serenity\1cc1796e62852c9d20b1aa512a5df59dc1025a1ebc45e164f1dff6230651312a.png
10:41:47.434 [main] DEBUG net.thucydides.core.steps.StepInterceptor - STARTING STEP: AppointmentSteps.iEditAppointmentDataAndClickSubmit - editAppointmentReason
10:41:47.434 [Darkroom Processing Line] DEBUG net.serenitybdd.core.photography.DarkroomProcessingLine - Processing screenshot image in /var/screenshots/screenshot-14530451981371457469
10:41:47.434 [Darkroom Processing Line] DEBUG net.serenitybdd.core.photography.DarkroomProcessingLine - Saving screenshot to target\site\serenity\1cc1796e62852c9d20b1aa512a5df59dc1025a1ebc45e164f1dff6230651312a.png
10:41:47.439 [Forwarding findElement on session 40c5a4c5bd310c22ae39666d9010dad2 to remote] DEBUG org.asynchttpclient.netty.request.NettyRequestSender - Using pooled Channel '[id: 0xbf96f053, L:/127.0.0.1:57171 - R:localhost/127.0.0.1:57283]' for 'POST' to 'http://localhost:57283/session/40c5a4c5bd310c22ae39666d9010dad2/element'
10:41:47.439 [Forwarding findElement on session 40c5a4c5bd310c22ae39666d9010dad2 to remote] DEBUG org.asynchttpclient.netty.request.NettyRequestSender - Using open Channel [id: 0xbf96f053, L:/127.0.0.1:57171 - R:localhost/127.0.0.1:57283] for POST '/session/40c5a4c5bd310c22ae39666d9010dad2/element'
10:41:47.640 [AsyncHttpClient-1-3] DEBUG org.asynchttpclient.netty.handler.HttpHandler - 

Request DefaultHttpRequest(decodeResult: success, version: HTTP/1.1)
POST /session/40c5a4c5bd310c22ae39666d9010dad2/element HTTP/1.1
User-Agent: selenium/4.1.2 (java windows)
Content-Length: 77
Content-Type: application/json; charset=utf-8
host: localhost:57283
accept: */*

Response DefaultHttpResponse(decodeResult: success, version: HTTP/1.1)
HTTP/1.1 200 OK
Content-Type: application/json; charset=utf-8
cache-control: no-cache
content-length: 88

10:41:47.641 [AsyncHttpClient-1-3] DEBUG org.asynchttpclient.netty.channel.ChannelManager - Adding key: http://localhost:57283 for channel [id: 0xbf96f053, L:/127.0.0.1:57171 - R:localhost/127.0.0.1:57283]
10:41:47.647 [Forwarding getElementTagName on session 40c5a4c5bd310c22ae39666d9010dad2 to remote] DEBUG org.asynchttpclient.netty.request.NettyRequestSender - Using pooled Channel '[id: 0xbf96f053, L:/127.0.0.1:57171 - R:localhost/127.0.0.1:57283]' for 'GET' to 'http://localhost:57283/session/40c5a4c5bd310c22ae39666d9010dad2/element/1d9f5278-deb3-48c4-b530-f0d4d49cd0ec/name'
10:41:47.647 [Forwarding getElementTagName on session 40c5a4c5bd310c22ae39666d9010dad2 to remote] DEBUG org.asynchttpclient.netty.request.NettyRequestSender - Using open Channel [id: 0xbf96f053, L:/127.0.0.1:57171 - R:localhost/127.0.0.1:57283] for GET '/session/40c5a4c5bd310c22ae39666d9010dad2/element/1d9f5278-deb3-48c4-b530-f0d4d49cd0ec/name'
10:41:47.664 [AsyncHttpClient-1-3] DEBUG org.asynchttpclient.netty.handler.HttpHandler - 

Request DefaultFullHttpRequest(decodeResult: success, version: HTTP/1.1, content: EmptyByteBufBE)
GET /session/40c5a4c5bd310c22ae39666d9010dad2/element/1d9f5278-deb3-48c4-b530-f0d4d49cd0ec/name HTTP/1.1
User-Agent: selenium/4.1.2 (java windows)
Cache-Control: no-cache
Content-Type: application/json; charset=utf-8
host: localhost:57283
accept: */*

Response DefaultHttpResponse(decodeResult: success, version: HTTP/1.1)
HTTP/1.1 200 OK
Content-Type: application/json; charset=utf-8
cache-control: no-cache
content-length: 20

10:41:47.664 [AsyncHttpClient-1-3] DEBUG org.asynchttpclient.netty.channel.ChannelManager - Adding key: http://localhost:57283 for channel [id: 0xbf96f053, L:/127.0.0.1:57171 - R:localhost/127.0.0.1:57283]
10:41:47.667 [Forwarding getElementTagName on session 40c5a4c5bd310c22ae39666d9010dad2 to remote] DEBUG org.asynchttpclient.netty.request.NettyRequestSender - Using pooled Channel '[id: 0xbf96f053, L:/127.0.0.1:57171 - R:localhost/127.0.0.1:57283]' for 'GET' to 'http://localhost:57283/session/40c5a4c5bd310c22ae39666d9010dad2/element/1d9f5278-deb3-48c4-b530-f0d4d49cd0ec/name'
10:41:47.667 [Forwarding getElementTagName on session 40c5a4c5bd310c22ae39666d9010dad2 to remote] DEBUG org.asynchttpclient.netty.request.NettyRequestSender - Using open Channel [id: 0xbf96f053, L:/127.0.0.1:57171 - R:localhost/127.0.0.1:57283] for GET '/session/40c5a4c5bd310c22ae39666d9010dad2/element/1d9f5278-deb3-48c4-b530-f0d4d49cd0ec/name'
10:41:47.673 [AsyncHttpClient-1-3] DEBUG org.asynchttpclient.netty.handler.HttpHandler - 

Request DefaultFullHttpRequest(decodeResult: success, version: HTTP/1.1, content: EmptyByteBufBE)
GET /session/40c5a4c5bd310c22ae39666d9010dad2/element/1d9f5278-deb3-48c4-b530-f0d4d49cd0ec/name HTTP/1.1
User-Agent: selenium/4.1.2 (java windows)
Cache-Control: no-cache
Content-Type: application/json; charset=utf-8
host: localhost:57283
accept: */*

Response DefaultHttpResponse(decodeResult: success, version: HTTP/1.1)
HTTP/1.1 200 OK
Content-Type: application/json; charset=utf-8
cache-control: no-cache
content-length: 20

10:41:47.674 [AsyncHttpClient-1-3] DEBUG org.asynchttpclient.netty.channel.ChannelManager - Adding key: http://localhost:57283 for channel [id: 0xbf96f053, L:/127.0.0.1:57171 - R:localhost/127.0.0.1:57283]
10:41:47.678 [Forwarding isElementEnabled on session 40c5a4c5bd310c22ae39666d9010dad2 to remote] DEBUG org.asynchttpclient.netty.request.NettyRequestSender - Using pooled Channel '[id: 0xbf96f053, L:/127.0.0.1:57171 - R:localhost/127.0.0.1:57283]' for 'GET' to 'http://localhost:57283/session/40c5a4c5bd310c22ae39666d9010dad2/element/1d9f5278-deb3-48c4-b530-f0d4d49cd0ec/enabled'
10:41:47.678 [Forwarding isElementEnabled on session 40c5a4c5bd310c22ae39666d9010dad2 to remote] DEBUG org.asynchttpclient.netty.request.NettyRequestSender - Using open Channel [id: 0xbf96f053, L:/127.0.0.1:57171 - R:localhost/127.0.0.1:57283] for GET '/session/40c5a4c5bd310c22ae39666d9010dad2/element/1d9f5278-deb3-48c4-b530-f0d4d49cd0ec/enabled'
10:41:47.698 [AsyncHttpClient-1-3] DEBUG org.asynchttpclient.netty.handler.HttpHandler - 

Request DefaultFullHttpRequest(decodeResult: success, version: HTTP/1.1, content: EmptyByteBufBE)
GET /session/40c5a4c5bd310c22ae39666d9010dad2/element/1d9f5278-deb3-48c4-b530-f0d4d49cd0ec/enabled HTTP/1.1
User-Agent: selenium/4.1.2 (java windows)
Cache-Control: no-cache
Content-Type: application/json; charset=utf-8
host: localhost:57283
accept: */*

Response DefaultHttpResponse(decodeResult: success, version: HTTP/1.1)
HTTP/1.1 200 OK
Content-Type: application/json; charset=utf-8
cache-control: no-cache
content-length: 14

10:41:47.699 [AsyncHttpClient-1-3] DEBUG org.asynchttpclient.netty.channel.ChannelManager - Adding key: http://localhost:57283 for channel [id: 0xbf96f053, L:/127.0.0.1:57171 - R:localhost/127.0.0.1:57283]
10:41:47.701 [Forwarding isElementEnabled on session 40c5a4c5bd310c22ae39666d9010dad2 to remote] DEBUG org.asynchttpclient.netty.request.NettyRequestSender - Using pooled Channel '[id: 0xbf96f053, L:/127.0.0.1:57171 - R:localhost/127.0.0.1:57283]' for 'GET' to 'http://localhost:57283/session/40c5a4c5bd310c22ae39666d9010dad2/element/1d9f5278-deb3-48c4-b530-f0d4d49cd0ec/enabled'
10:41:47.701 [Forwarding isElementEnabled on session 40c5a4c5bd310c22ae39666d9010dad2 to remote] DEBUG org.asynchttpclient.netty.request.NettyRequestSender - Using open Channel [id: 0xbf96f053, L:/127.0.0.1:57171 - R:localhost/127.0.0.1:57283] for GET '/session/40c5a4c5bd310c22ae39666d9010dad2/element/1d9f5278-deb3-48c4-b530-f0d4d49cd0ec/enabled'
10:41:47.711 [AsyncHttpClient-1-3] DEBUG org.asynchttpclient.netty.handler.HttpHandler - 

Request DefaultFullHttpRequest(decodeResult: success, version: HTTP/1.1, content: EmptyByteBufBE)
GET /session/40c5a4c5bd310c22ae39666d9010dad2/element/1d9f5278-deb3-48c4-b530-f0d4d49cd0ec/enabled HTTP/1.1
User-Agent: selenium/4.1.2 (java windows)
Cache-Control: no-cache
Content-Type: application/json; charset=utf-8
host: localhost:57283
accept: */*

Response DefaultHttpResponse(decodeResult: success, version: HTTP/1.1)
HTTP/1.1 200 OK
Content-Type: application/json; charset=utf-8
cache-control: no-cache
content-length: 14

10:41:47.711 [AsyncHttpClient-1-3] DEBUG org.asynchttpclient.netty.channel.ChannelManager - Adding key: http://localhost:57283 for channel [id: 0xbf96f053, L:/127.0.0.1:57171 - R:localhost/127.0.0.1:57283]
10:41:47.715 [Forwarding findElement on session 40c5a4c5bd310c22ae39666d9010dad2 to remote] DEBUG org.asynchttpclient.netty.request.NettyRequestSender - Using pooled Channel '[id: 0xbf96f053, L:/127.0.0.1:57171 - R:localhost/127.0.0.1:57283]' for 'POST' to 'http://localhost:57283/session/40c5a4c5bd310c22ae39666d9010dad2/element'
10:41:47.715 [Forwarding findElement on session 40c5a4c5bd310c22ae39666d9010dad2 to remote] DEBUG org.asynchttpclient.netty.request.NettyRequestSender - Using open Channel [id: 0xbf96f053, L:/127.0.0.1:57171 - R:localhost/127.0.0.1:57283] for POST '/session/40c5a4c5bd310c22ae39666d9010dad2/element'
10:41:47.728 [AsyncHttpClient-1-3] DEBUG org.asynchttpclient.netty.handler.HttpHandler - 

Request DefaultHttpRequest(decodeResult: success, version: HTTP/1.1)
POST /session/40c5a4c5bd310c22ae39666d9010dad2/element HTTP/1.1
User-Agent: selenium/4.1.2 (java windows)
Content-Length: 77
Content-Type: application/json; charset=utf-8
host: localhost:57283
accept: */*

Response DefaultHttpResponse(decodeResult: success, version: HTTP/1.1)
HTTP/1.1 200 OK
Content-Type: application/json; charset=utf-8
cache-control: no-cache
content-length: 88

10:41:47.729 [AsyncHttpClient-1-3] DEBUG org.asynchttpclient.netty.channel.ChannelManager - Adding key: http://localhost:57283 for channel [id: 0xbf96f053, L:/127.0.0.1:57171 - R:localhost/127.0.0.1:57283]
10:41:47.731 [Forwarding clickElement on session 40c5a4c5bd310c22ae39666d9010dad2 to remote] DEBUG org.asynchttpclient.netty.request.NettyRequestSender - Using pooled Channel '[id: 0xbf96f053, L:/127.0.0.1:57171 - R:localhost/127.0.0.1:57283]' for 'POST' to 'http://localhost:57283/session/40c5a4c5bd310c22ae39666d9010dad2/element/1d9f5278-deb3-48c4-b530-f0d4d49cd0ec/click'
10:41:47.731 [Forwarding clickElement on session 40c5a4c5bd310c22ae39666d9010dad2 to remote] DEBUG org.asynchttpclient.netty.request.NettyRequestSender - Using open Channel [id: 0xbf96f053, L:/127.0.0.1:57171 - R:localhost/127.0.0.1:57283] for POST '/session/40c5a4c5bd310c22ae39666d9010dad2/element/1d9f5278-deb3-48c4-b530-f0d4d49cd0ec/click'
10:41:48.165 [AsyncHttpClient-1-1] DEBUG org.asynchttpclient.netty.channel.DefaultChannelPool - Entry count for : http://localhost:57173 : 1
10:41:49.264 [AsyncHttpClient-1-1] DEBUG org.asynchttpclient.netty.channel.DefaultChannelPool - Entry count for : http://localhost:57173 : 1
10:41:49.534 [AsyncHttpClient-1-3] DEBUG org.asynchttpclient.netty.handler.HttpHandler - 

Request DefaultHttpRequest(decodeResult: success, version: HTTP/1.1)
POST /session/40c5a4c5bd310c22ae39666d9010dad2/element/1d9f5278-deb3-48c4-b530-f0d4d49cd0ec/click HTTP/1.1
User-Agent: selenium/4.1.2 (java windows)
Content-Length: 50
Content-Type: application/json; charset=utf-8
host: localhost:57283
accept: */*

Response DefaultHttpResponse(decodeResult: success, version: HTTP/1.1)
HTTP/1.1 200 OK
Content-Type: application/json; charset=utf-8
cache-control: no-cache
content-length: 14

10:41:49.534 [AsyncHttpClient-1-3] DEBUG org.asynchttpclient.netty.channel.ChannelManager - Adding key: http://localhost:57283 for channel [id: 0xbf96f053, L:/127.0.0.1:57171 - R:localhost/127.0.0.1:57283]
10:41:49.551 [Forwarding findElement on session 40c5a4c5bd310c22ae39666d9010dad2 to remote] DEBUG org.asynchttpclient.netty.request.NettyRequestSender - Using pooled Channel '[id: 0xbf96f053, L:/127.0.0.1:57171 - R:localhost/127.0.0.1:57283]' for 'POST' to 'http://localhost:57283/session/40c5a4c5bd310c22ae39666d9010dad2/element'
10:41:49.551 [Forwarding findElement on session 40c5a4c5bd310c22ae39666d9010dad2 to remote] DEBUG org.asynchttpclient.netty.request.NettyRequestSender - Using open Channel [id: 0xbf96f053, L:/127.0.0.1:57171 - R:localhost/127.0.0.1:57283] for POST '/session/40c5a4c5bd310c22ae39666d9010dad2/element'
10:41:49.584 [AsyncHttpClient-1-3] DEBUG org.asynchttpclient.netty.handler.HttpHandler - 

Request DefaultHttpRequest(decodeResult: success, version: HTTP/1.1)
POST /session/40c5a4c5bd310c22ae39666d9010dad2/element HTTP/1.1
User-Agent: selenium/4.1.2 (java windows)
Content-Length: 77
Content-Type: application/json; charset=utf-8
host: localhost:57283
accept: */*

Response DefaultHttpResponse(decodeResult: success, version: HTTP/1.1)
HTTP/1.1 200 OK
Content-Type: application/json; charset=utf-8
cache-control: no-cache
content-length: 88

10:41:49.584 [AsyncHttpClient-1-3] DEBUG org.asynchttpclient.netty.channel.ChannelManager - Adding key: http://localhost:57283 for channel [id: 0xbf96f053, L:/127.0.0.1:57171 - R:localhost/127.0.0.1:57283]
10:41:49.590 [Forwarding clearElement on session 40c5a4c5bd310c22ae39666d9010dad2 to remote] DEBUG org.asynchttpclient.netty.request.NettyRequestSender - Using pooled Channel '[id: 0xbf96f053, L:/127.0.0.1:57171 - R:localhost/127.0.0.1:57283]' for 'POST' to 'http://localhost:57283/session/40c5a4c5bd310c22ae39666d9010dad2/element/1d9f5278-deb3-48c4-b530-f0d4d49cd0ec/clear'
10:41:49.590 [Forwarding clearElement on session 40c5a4c5bd310c22ae39666d9010dad2 to remote] DEBUG org.asynchttpclient.netty.request.NettyRequestSender - Using open Channel [id: 0xbf96f053, L:/127.0.0.1:57171 - R:localhost/127.0.0.1:57283] for POST '/session/40c5a4c5bd310c22ae39666d9010dad2/element/1d9f5278-deb3-48c4-b530-f0d4d49cd0ec/clear'
10:41:49.750 [AsyncHttpClient-1-3] DEBUG org.asynchttpclient.netty.handler.HttpHandler - 

Request DefaultHttpRequest(decodeResult: success, version: HTTP/1.1)
POST /session/40c5a4c5bd310c22ae39666d9010dad2/element/1d9f5278-deb3-48c4-b530-f0d4d49cd0ec/clear HTTP/1.1
User-Agent: selenium/4.1.2 (java windows)
Content-Length: 50
Content-Type: application/json; charset=utf-8
host: localhost:57283
accept: */*

Response DefaultHttpResponse(decodeResult: success, version: HTTP/1.1)
HTTP/1.1 200 OK
Content-Type: application/json; charset=utf-8
cache-control: no-cache
content-length: 14

10:41:49.751 [AsyncHttpClient-1-3] DEBUG org.asynchttpclient.netty.channel.ChannelManager - Adding key: http://localhost:57283 for channel [id: 0xbf96f053, L:/127.0.0.1:57171 - R:localhost/127.0.0.1:57283]
10:41:49.756 [Forwarding findElement on session 40c5a4c5bd310c22ae39666d9010dad2 to remote] DEBUG org.asynchttpclient.netty.request.NettyRequestSender - Using pooled Channel '[id: 0xbf96f053, L:/127.0.0.1:57171 - R:localhost/127.0.0.1:57283]' for 'POST' to 'http://localhost:57283/session/40c5a4c5bd310c22ae39666d9010dad2/element'
10:41:49.756 [Forwarding findElement on session 40c5a4c5bd310c22ae39666d9010dad2 to remote] DEBUG org.asynchttpclient.netty.request.NettyRequestSender - Using open Channel [id: 0xbf96f053, L:/127.0.0.1:57171 - R:localhost/127.0.0.1:57283] for POST '/session/40c5a4c5bd310c22ae39666d9010dad2/element'
10:41:49.768 [AsyncHttpClient-1-3] DEBUG org.asynchttpclient.netty.handler.HttpHandler - 

Request DefaultHttpRequest(decodeResult: success, version: HTTP/1.1)
POST /session/40c5a4c5bd310c22ae39666d9010dad2/element HTTP/1.1
User-Agent: selenium/4.1.2 (java windows)
Content-Length: 77
Content-Type: application/json; charset=utf-8
host: localhost:57283
accept: */*

Response DefaultHttpResponse(decodeResult: success, version: HTTP/1.1)
HTTP/1.1 200 OK
Content-Type: application/json; charset=utf-8
cache-control: no-cache
content-length: 88

10:41:49.768 [AsyncHttpClient-1-3] DEBUG org.asynchttpclient.netty.channel.ChannelManager - Adding key: http://localhost:57283 for channel [id: 0xbf96f053, L:/127.0.0.1:57171 - R:localhost/127.0.0.1:57283]
10:41:49.770 [Forwarding clearElement on session 40c5a4c5bd310c22ae39666d9010dad2 to remote] DEBUG org.asynchttpclient.netty.request.NettyRequestSender - Using pooled Channel '[id: 0xbf96f053, L:/127.0.0.1:57171 - R:localhost/127.0.0.1:57283]' for 'POST' to 'http://localhost:57283/session/40c5a4c5bd310c22ae39666d9010dad2/element/1d9f5278-deb3-48c4-b530-f0d4d49cd0ec/clear'
10:41:49.770 [Forwarding clearElement on session 40c5a4c5bd310c22ae39666d9010dad2 to remote] DEBUG org.asynchttpclient.netty.request.NettyRequestSender - Using open Channel [id: 0xbf96f053, L:/127.0.0.1:57171 - R:localhost/127.0.0.1:57283] for POST '/session/40c5a4c5bd310c22ae39666d9010dad2/element/1d9f5278-deb3-48c4-b530-f0d4d49cd0ec/clear'
10:41:49.815 [AsyncHttpClient-1-3] DEBUG org.asynchttpclient.netty.handler.HttpHandler - 

Request DefaultHttpRequest(decodeResult: success, version: HTTP/1.1)
POST /session/40c5a4c5bd310c22ae39666d9010dad2/element/1d9f5278-deb3-48c4-b530-f0d4d49cd0ec/clear HTTP/1.1
User-Agent: selenium/4.1.2 (java windows)
Content-Length: 50
Content-Type: application/json; charset=utf-8
host: localhost:57283
accept: */*

Response DefaultHttpResponse(decodeResult: success, version: HTTP/1.1)
HTTP/1.1 200 OK
Content-Type: application/json; charset=utf-8
cache-control: no-cache
content-length: 14

10:41:49.815 [AsyncHttpClient-1-3] DEBUG org.asynchttpclient.netty.channel.ChannelManager - Adding key: http://localhost:57283 for channel [id: 0xbf96f053, L:/127.0.0.1:57171 - R:localhost/127.0.0.1:57283]
10:41:49.819 [Forwarding sendKeysToElement on session 40c5a4c5bd310c22ae39666d9010dad2 to remote] DEBUG org.asynchttpclient.netty.request.NettyRequestSender - Using pooled Channel '[id: 0xbf96f053, L:/127.0.0.1:57171 - R:localhost/127.0.0.1:57283]' for 'POST' to 'http://localhost:57283/session/40c5a4c5bd310c22ae39666d9010dad2/element/1d9f5278-deb3-48c4-b530-f0d4d49cd0ec/value'
10:41:49.819 [Forwarding sendKeysToElement on session 40c5a4c5bd310c22ae39666d9010dad2 to remote] DEBUG org.asynchttpclient.netty.request.NettyRequestSender - Using open Channel [id: 0xbf96f053, L:/127.0.0.1:57171 - R:localhost/127.0.0.1:57283] for POST '/session/40c5a4c5bd310c22ae39666d9010dad2/element/1d9f5278-deb3-48c4-b530-f0d4d49cd0ec/value'
10:41:50.364 [AsyncHttpClient-1-1] DEBUG org.asynchttpclient.netty.channel.DefaultChannelPool - Entry count for : http://localhost:57173 : 1
10:41:50.903 [AsyncHttpClient-1-3] DEBUG org.asynchttpclient.netty.handler.HttpHandler - 

Request DefaultHttpRequest(decodeResult: success, version: HTTP/1.1)
POST /session/40c5a4c5bd310c22ae39666d9010dad2/element/1d9f5278-deb3-48c4-b530-f0d4d49cd0ec/value HTTP/1.1
User-Agent: selenium/4.1.2 (java windows)
Content-Length: 341
Content-Type: application/json; charset=utf-8
host: localhost:57283
accept: */*

Response DefaultHttpResponse(decodeResult: success, version: HTTP/1.1)
HTTP/1.1 200 OK
Content-Type: application/json; charset=utf-8
cache-control: no-cache
content-length: 14

10:41:50.903 [AsyncHttpClient-1-3] DEBUG org.asynchttpclient.netty.channel.ChannelManager - Adding key: http://localhost:57283 for channel [id: 0xbf96f053, L:/127.0.0.1:57171 - R:localhost/127.0.0.1:57283]
10:41:50.921 [Forwarding screenshot on session 40c5a4c5bd310c22ae39666d9010dad2 to remote] DEBUG org.asynchttpclient.netty.request.NettyRequestSender - Using pooled Channel '[id: 0xbf96f053, L:/127.0.0.1:57171 - R:localhost/127.0.0.1:57283]' for 'GET' to 'http://localhost:57283/session/40c5a4c5bd310c22ae39666d9010dad2/screenshot'
10:41:50.921 [Forwarding screenshot on session 40c5a4c5bd310c22ae39666d9010dad2 to remote] DEBUG org.asynchttpclient.netty.request.NettyRequestSender - Using open Channel [id: 0xbf96f053, L:/127.0.0.1:57171 - R:localhost/127.0.0.1:57283] for GET '/session/40c5a4c5bd310c22ae39666d9010dad2/screenshot'
10:41:51.028 [AsyncHttpClient-1-3] DEBUG org.asynchttpclient.netty.handler.HttpHandler - 

Request DefaultFullHttpRequest(decodeResult: success, version: HTTP/1.1, content: EmptyByteBufBE)
GET /session/40c5a4c5bd310c22ae39666d9010dad2/screenshot HTTP/1.1
User-Agent: selenium/4.1.2 (java windows)
Cache-Control: no-cache
Content-Type: application/json; charset=utf-8
host: localhost:57283
accept: */*

Response DefaultHttpResponse(decodeResult: success, version: HTTP/1.1)
HTTP/1.1 200 OK
Content-Type: application/json; charset=utf-8
cache-control: no-cache
content-length: 85236

10:41:51.028 [AsyncHttpClient-1-3] DEBUG org.asynchttpclient.netty.channel.ChannelManager - Adding key: http://localhost:57283 for channel [id: 0xbf96f053, L:/127.0.0.1:57171 - R:localhost/127.0.0.1:57283]
10:41:51.033 [main] DEBUG net.serenitybdd.core.photography.Darkroom - Send negative for processing for target\site\serenity\5f04db237ee27d68607098bc2e908417f372edc1a19d28035537981d8ad7ab80.png
10:41:51.034 [main] DEBUG net.thucydides.core.steps.StepInterceptor - STEP DONE: editAppointmentReason
10:41:51.034 [Darkroom Processing Line] DEBUG net.serenitybdd.core.photography.DarkroomProcessingLine - Processing screenshot image in /var/screenshots/screenshot-16177900346070543510
10:41:51.034 [Darkroom Processing Line] DEBUG net.serenitybdd.core.photography.DarkroomProcessingLine - Saving screenshot to target\site\serenity\5f04db237ee27d68607098bc2e908417f372edc1a19d28035537981d8ad7ab80.png
10:41:51.042 [main] DEBUG net.thucydides.core.steps.StepInterceptor - STARTING STEP: AppointmentSteps.iEditAppointmentDataAndClickSubmit - clickEditSubmitButton
10:41:51.048 [Forwarding findElement on session 40c5a4c5bd310c22ae39666d9010dad2 to remote] DEBUG org.asynchttpclient.netty.request.NettyRequestSender - Using pooled Channel '[id: 0xbf96f053, L:/127.0.0.1:57171 - R:localhost/127.0.0.1:57283]' for 'POST' to 'http://localhost:57283/session/40c5a4c5bd310c22ae39666d9010dad2/element'
10:41:51.048 [Forwarding findElement on session 40c5a4c5bd310c22ae39666d9010dad2 to remote] DEBUG org.asynchttpclient.netty.request.NettyRequestSender - Using open Channel [id: 0xbf96f053, L:/127.0.0.1:57171 - R:localhost/127.0.0.1:57283] for POST '/session/40c5a4c5bd310c22ae39666d9010dad2/element'
10:41:51.064 [AsyncHttpClient-1-3] DEBUG org.asynchttpclient.netty.handler.HttpHandler - 

Request DefaultHttpRequest(decodeResult: success, version: HTTP/1.1)
POST /session/40c5a4c5bd310c22ae39666d9010dad2/element HTTP/1.1
User-Agent: selenium/4.1.2 (java windows)
Content-Length: 116
Content-Type: application/json; charset=utf-8
host: localhost:57283
accept: */*

Response DefaultHttpResponse(decodeResult: success, version: HTTP/1.1)
HTTP/1.1 200 OK
Content-Type: application/json; charset=utf-8
cache-control: no-cache
content-length: 88

10:41:51.064 [AsyncHttpClient-1-3] DEBUG org.asynchttpclient.netty.channel.ChannelManager - Adding key: http://localhost:57283 for channel [id: 0xbf96f053, L:/127.0.0.1:57171 - R:localhost/127.0.0.1:57283]
10:41:51.066 [Forwarding getElementTagName on session 40c5a4c5bd310c22ae39666d9010dad2 to remote] DEBUG org.asynchttpclient.netty.request.NettyRequestSender - Using pooled Channel '[id: 0xbf96f053, L:/127.0.0.1:57171 - R:localhost/127.0.0.1:57283]' for 'GET' to 'http://localhost:57283/session/40c5a4c5bd310c22ae39666d9010dad2/element/6225ae9c-7b2e-4f6a-82da-2803d14eeec6/name'
10:41:51.066 [Forwarding getElementTagName on session 40c5a4c5bd310c22ae39666d9010dad2 to remote] DEBUG org.asynchttpclient.netty.request.NettyRequestSender - Using open Channel [id: 0xbf96f053, L:/127.0.0.1:57171 - R:localhost/127.0.0.1:57283] for GET '/session/40c5a4c5bd310c22ae39666d9010dad2/element/6225ae9c-7b2e-4f6a-82da-2803d14eeec6/name'
10:41:51.071 [AsyncHttpClient-1-3] DEBUG org.asynchttpclient.netty.handler.HttpHandler - 

Request DefaultFullHttpRequest(decodeResult: success, version: HTTP/1.1, content: EmptyByteBufBE)
GET /session/40c5a4c5bd310c22ae39666d9010dad2/element/6225ae9c-7b2e-4f6a-82da-2803d14eeec6/name HTTP/1.1
User-Agent: selenium/4.1.2 (java windows)
Cache-Control: no-cache
Content-Type: application/json; charset=utf-8
host: localhost:57283
accept: */*

Response DefaultHttpResponse(decodeResult: success, version: HTTP/1.1)
HTTP/1.1 200 OK
Content-Type: application/json; charset=utf-8
cache-control: no-cache
content-length: 18

10:41:51.071 [AsyncHttpClient-1-3] DEBUG org.asynchttpclient.netty.channel.ChannelManager - Adding key: http://localhost:57283 for channel [id: 0xbf96f053, L:/127.0.0.1:57171 - R:localhost/127.0.0.1:57283]
10:41:51.073 [Forwarding getElementTagName on session 40c5a4c5bd310c22ae39666d9010dad2 to remote] DEBUG org.asynchttpclient.netty.request.NettyRequestSender - Using pooled Channel '[id: 0xbf96f053, L:/127.0.0.1:57171 - R:localhost/127.0.0.1:57283]' for 'GET' to 'http://localhost:57283/session/40c5a4c5bd310c22ae39666d9010dad2/element/6225ae9c-7b2e-4f6a-82da-2803d14eeec6/name'
10:41:51.073 [Forwarding getElementTagName on session 40c5a4c5bd310c22ae39666d9010dad2 to remote] DEBUG org.asynchttpclient.netty.request.NettyRequestSender - Using open Channel [id: 0xbf96f053, L:/127.0.0.1:57171 - R:localhost/127.0.0.1:57283] for GET '/session/40c5a4c5bd310c22ae39666d9010dad2/element/6225ae9c-7b2e-4f6a-82da-2803d14eeec6/name'
10:41:51.077 [AsyncHttpClient-1-3] DEBUG org.asynchttpclient.netty.handler.HttpHandler - 

Request DefaultFullHttpRequest(decodeResult: success, version: HTTP/1.1, content: EmptyByteBufBE)
GET /session/40c5a4c5bd310c22ae39666d9010dad2/element/6225ae9c-7b2e-4f6a-82da-2803d14eeec6/name HTTP/1.1
User-Agent: selenium/4.1.2 (java windows)
Cache-Control: no-cache
Content-Type: application/json; charset=utf-8
host: localhost:57283
accept: */*

Response DefaultHttpResponse(decodeResult: success, version: HTTP/1.1)
HTTP/1.1 200 OK
Content-Type: application/json; charset=utf-8
cache-control: no-cache
content-length: 18

10:41:51.077 [AsyncHttpClient-1-3] DEBUG org.asynchttpclient.netty.channel.ChannelManager - Adding key: http://localhost:57283 for channel [id: 0xbf96f053, L:/127.0.0.1:57171 - R:localhost/127.0.0.1:57283]
10:41:51.080 [Forwarding isElementEnabled on session 40c5a4c5bd310c22ae39666d9010dad2 to remote] DEBUG org.asynchttpclient.netty.request.NettyRequestSender - Using pooled Channel '[id: 0xbf96f053, L:/127.0.0.1:57171 - R:localhost/127.0.0.1:57283]' for 'GET' to 'http://localhost:57283/session/40c5a4c5bd310c22ae39666d9010dad2/element/6225ae9c-7b2e-4f6a-82da-2803d14eeec6/enabled'
10:41:51.080 [Forwarding isElementEnabled on session 40c5a4c5bd310c22ae39666d9010dad2 to remote] DEBUG org.asynchttpclient.netty.request.NettyRequestSender - Using open Channel [id: 0xbf96f053, L:/127.0.0.1:57171 - R:localhost/127.0.0.1:57283] for GET '/session/40c5a4c5bd310c22ae39666d9010dad2/element/6225ae9c-7b2e-4f6a-82da-2803d14eeec6/enabled'
10:41:51.090 [AsyncHttpClient-1-3] DEBUG org.asynchttpclient.netty.handler.HttpHandler - 

Request DefaultFullHttpRequest(decodeResult: success, version: HTTP/1.1, content: EmptyByteBufBE)
GET /session/40c5a4c5bd310c22ae39666d9010dad2/element/6225ae9c-7b2e-4f6a-82da-2803d14eeec6/enabled HTTP/1.1
User-Agent: selenium/4.1.2 (java windows)
Cache-Control: no-cache
Content-Type: application/json; charset=utf-8
host: localhost:57283
accept: */*

Response DefaultHttpResponse(decodeResult: success, version: HTTP/1.1)
HTTP/1.1 200 OK
Content-Type: application/json; charset=utf-8
cache-control: no-cache
content-length: 14

10:41:51.090 [AsyncHttpClient-1-3] DEBUG org.asynchttpclient.netty.channel.ChannelManager - Adding key: http://localhost:57283 for channel [id: 0xbf96f053, L:/127.0.0.1:57171 - R:localhost/127.0.0.1:57283]
10:41:51.092 [Forwarding isElementEnabled on session 40c5a4c5bd310c22ae39666d9010dad2 to remote] DEBUG org.asynchttpclient.netty.request.NettyRequestSender - Using pooled Channel '[id: 0xbf96f053, L:/127.0.0.1:57171 - R:localhost/127.0.0.1:57283]' for 'GET' to 'http://localhost:57283/session/40c5a4c5bd310c22ae39666d9010dad2/element/6225ae9c-7b2e-4f6a-82da-2803d14eeec6/enabled'
10:41:51.092 [Forwarding isElementEnabled on session 40c5a4c5bd310c22ae39666d9010dad2 to remote] DEBUG org.asynchttpclient.netty.request.NettyRequestSender - Using open Channel [id: 0xbf96f053, L:/127.0.0.1:57171 - R:localhost/127.0.0.1:57283] for GET '/session/40c5a4c5bd310c22ae39666d9010dad2/element/6225ae9c-7b2e-4f6a-82da-2803d14eeec6/enabled'
10:41:51.101 [AsyncHttpClient-1-3] DEBUG org.asynchttpclient.netty.handler.HttpHandler - 

Request DefaultFullHttpRequest(decodeResult: success, version: HTTP/1.1, content: EmptyByteBufBE)
GET /session/40c5a4c5bd310c22ae39666d9010dad2/element/6225ae9c-7b2e-4f6a-82da-2803d14eeec6/enabled HTTP/1.1
User-Agent: selenium/4.1.2 (java windows)
Cache-Control: no-cache
Content-Type: application/json; charset=utf-8
host: localhost:57283
accept: */*

Response DefaultHttpResponse(decodeResult: success, version: HTTP/1.1)
HTTP/1.1 200 OK
Content-Type: application/json; charset=utf-8
cache-control: no-cache
content-length: 14

10:41:51.101 [AsyncHttpClient-1-3] DEBUG org.asynchttpclient.netty.channel.ChannelManager - Adding key: http://localhost:57283 for channel [id: 0xbf96f053, L:/127.0.0.1:57171 - R:localhost/127.0.0.1:57283]
10:41:51.104 [Forwarding findElement on session 40c5a4c5bd310c22ae39666d9010dad2 to remote] DEBUG org.asynchttpclient.netty.request.NettyRequestSender - Using pooled Channel '[id: 0xbf96f053, L:/127.0.0.1:57171 - R:localhost/127.0.0.1:57283]' for 'POST' to 'http://localhost:57283/session/40c5a4c5bd310c22ae39666d9010dad2/element'
10:41:51.104 [Forwarding findElement on session 40c5a4c5bd310c22ae39666d9010dad2 to remote] DEBUG org.asynchttpclient.netty.request.NettyRequestSender - Using open Channel [id: 0xbf96f053, L:/127.0.0.1:57171 - R:localhost/127.0.0.1:57283] for POST '/session/40c5a4c5bd310c22ae39666d9010dad2/element'
10:41:51.113 [AsyncHttpClient-1-3] DEBUG org.asynchttpclient.netty.handler.HttpHandler - 

Request DefaultHttpRequest(decodeResult: success, version: HTTP/1.1)
POST /session/40c5a4c5bd310c22ae39666d9010dad2/element HTTP/1.1
User-Agent: selenium/4.1.2 (java windows)
Content-Length: 116
Content-Type: application/json; charset=utf-8
host: localhost:57283
accept: */*

Response DefaultHttpResponse(decodeResult: success, version: HTTP/1.1)
HTTP/1.1 200 OK
Content-Type: application/json; charset=utf-8
cache-control: no-cache
content-length: 88

10:41:51.113 [AsyncHttpClient-1-3] DEBUG org.asynchttpclient.netty.channel.ChannelManager - Adding key: http://localhost:57283 for channel [id: 0xbf96f053, L:/127.0.0.1:57171 - R:localhost/127.0.0.1:57283]
10:41:51.115 [Forwarding clickElement on session 40c5a4c5bd310c22ae39666d9010dad2 to remote] DEBUG org.asynchttpclient.netty.request.NettyRequestSender - Using pooled Channel '[id: 0xbf96f053, L:/127.0.0.1:57171 - R:localhost/127.0.0.1:57283]' for 'POST' to 'http://localhost:57283/session/40c5a4c5bd310c22ae39666d9010dad2/element/6225ae9c-7b2e-4f6a-82da-2803d14eeec6/click'
10:41:51.115 [Forwarding clickElement on session 40c5a4c5bd310c22ae39666d9010dad2 to remote] DEBUG org.asynchttpclient.netty.request.NettyRequestSender - Using open Channel [id: 0xbf96f053, L:/127.0.0.1:57171 - R:localhost/127.0.0.1:57283] for POST '/session/40c5a4c5bd310c22ae39666d9010dad2/element/6225ae9c-7b2e-4f6a-82da-2803d14eeec6/click'
10:41:51.338 [AsyncHttpClient-1-3] DEBUG org.asynchttpclient.netty.handler.HttpHandler - 

Request DefaultHttpRequest(decodeResult: success, version: HTTP/1.1)
POST /session/40c5a4c5bd310c22ae39666d9010dad2/element/6225ae9c-7b2e-4f6a-82da-2803d14eeec6/click HTTP/1.1
User-Agent: selenium/4.1.2 (java windows)
Content-Length: 50
Content-Type: application/json; charset=utf-8
host: localhost:57283
accept: */*

Response DefaultHttpResponse(decodeResult: success, version: HTTP/1.1)
HTTP/1.1 200 OK
Content-Type: application/json; charset=utf-8
cache-control: no-cache
content-length: 14

10:41:51.339 [AsyncHttpClient-1-3] DEBUG org.asynchttpclient.netty.channel.ChannelManager - Adding key: http://localhost:57283 for channel [id: 0xbf96f053, L:/127.0.0.1:57171 - R:localhost/127.0.0.1:57283]
10:41:51.350 [Forwarding screenshot on session 40c5a4c5bd310c22ae39666d9010dad2 to remote] DEBUG org.asynchttpclient.netty.request.NettyRequestSender - Using pooled Channel '[id: 0xbf96f053, L:/127.0.0.1:57171 - R:localhost/127.0.0.1:57283]' for 'GET' to 'http://localhost:57283/session/40c5a4c5bd310c22ae39666d9010dad2/screenshot'
10:41:51.350 [Forwarding screenshot on session 40c5a4c5bd310c22ae39666d9010dad2 to remote] DEBUG org.asynchttpclient.netty.request.NettyRequestSender - Using open Channel [id: 0xbf96f053, L:/127.0.0.1:57171 - R:localhost/127.0.0.1:57283] for GET '/session/40c5a4c5bd310c22ae39666d9010dad2/screenshot'
10:41:51.464 [AsyncHttpClient-1-1] DEBUG org.asynchttpclient.netty.channel.DefaultChannelPool - Entry count for : http://localhost:57173 : 1
10:41:51.545 [AsyncHttpClient-1-3] DEBUG org.asynchttpclient.netty.handler.HttpHandler - 

Request DefaultFullHttpRequest(decodeResult: success, version: HTTP/1.1, content: EmptyByteBufBE)
GET /session/40c5a4c5bd310c22ae39666d9010dad2/screenshot HTTP/1.1
User-Agent: selenium/4.1.2 (java windows)
Cache-Control: no-cache
Content-Type: application/json; charset=utf-8
host: localhost:57283
accept: */*

Response DefaultHttpResponse(decodeResult: success, version: HTTP/1.1)
HTTP/1.1 200 OK
Content-Type: application/json; charset=utf-8
cache-control: no-cache
content-length: 84592

10:41:51.546 [AsyncHttpClient-1-3] DEBUG org.asynchttpclient.netty.channel.ChannelManager - Adding key: http://localhost:57283 for channel [id: 0xbf96f053, L:/127.0.0.1:57171 - R:localhost/127.0.0.1:57283]
10:41:51.551 [main] DEBUG net.serenitybdd.core.photography.Darkroom - Send negative for processing for target\site\serenity\ce719f9f8a7c965204306783e583e338b2dca454404b215d074aa828213efbae.png
10:41:51.551 [main] DEBUG net.thucydides.core.steps.StepInterceptor - STEP DONE: clickEditSubmitButton
  &amp#27;[32mAnd &amp#27;[0m&amp#27;[32mI edit Appointment data and click submit&amp#27;[0m      &amp#27;[90m# starter.stepdefinitions.AppointmentSteps.iEditAppointmentDataAndClickSubmit()&amp#27;[0m
10:41:51.551 [Darkroom Processing Line] DEBUG net.serenitybdd.core.photography.DarkroomProcessingLine - Processing screenshot image in /var/screenshots/screenshot-7215225679130312720
10:41:51.551 [Darkroom Processing Line] DEBUG net.serenitybdd.core.photography.DarkroomProcessingLine - Saving screenshot to target\site\serenity\ce719f9f8a7c965204306783e583e338b2dca454404b215d074aa828213efbae.png
10:41:51.605 [Forwarding screenshot on session 40c5a4c5bd310c22ae39666d9010dad2 to remote] DEBUG org.asynchttpclient.netty.request.NettyRequestSender - Using pooled Channel '[id: 0xbf96f053, L:/127.0.0.1:57171 - R:localhost/127.0.0.1:57283]' for 'GET' to 'http://localhost:57283/session/40c5a4c5bd310c22ae39666d9010dad2/screenshot'
10:41:51.606 [Forwarding screenshot on session 40c5a4c5bd310c22ae39666d9010dad2 to remote] DEBUG org.asynchttpclient.netty.request.NettyRequestSender - Using open Channel [id: 0xbf96f053, L:/127.0.0.1:57171 - R:localhost/127.0.0.1:57283] for GET '/session/40c5a4c5bd310c22ae39666d9010dad2/screenshot'
10:41:51.737 [AsyncHttpClient-1-3] DEBUG org.asynchttpclient.netty.handler.HttpHandler - 

Request DefaultFullHttpRequest(decodeResult: success, version: HTTP/1.1, content: EmptyByteBufBE)
GET /session/40c5a4c5bd310c22ae39666d9010dad2/screenshot HTTP/1.1
User-Agent: selenium/4.1.2 (java windows)
Cache-Control: no-cache
Content-Type: application/json; charset=utf-8
host: localhost:57283
accept: */*

Response DefaultHttpResponse(decodeResult: success, version: HTTP/1.1)
HTTP/1.1 200 OK
Content-Type: application/json; charset=utf-8
cache-control: no-cache
content-length: 84344

10:41:51.738 [AsyncHttpClient-1-3] DEBUG org.asynchttpclient.netty.channel.ChannelManager - Adding key: http://localhost:57283 for channel [id: 0xbf96f053, L:/127.0.0.1:57171 - R:localhost/127.0.0.1:57283]
10:41:51.743 [main] DEBUG net.serenitybdd.core.photography.Darkroom - Send negative for processing for target\site\serenity\9c1fddcbd15ef85ee23a07b9eff4227a7fbfaa380093cb0376e001f407c42a2a.png
10:41:51.743 [main] DEBUG net.thucydides.core.steps.StepInterceptor - STARTING STEP: AppointmentSteps.iGetEditAppointmentHasBeenAddedResult - editAppointmentAdded
10:41:51.743 [Darkroom Processing Line] DEBUG net.serenitybdd.core.photography.DarkroomProcessingLine - Processing screenshot image in /var/screenshots/screenshot-1869949470764135595
10:41:51.743 [Darkroom Processing Line] DEBUG net.serenitybdd.core.photography.DarkroomProcessingLine - Saving screenshot to target\site\serenity\9c1fddcbd15ef85ee23a07b9eff4227a7fbfaa380093cb0376e001f407c42a2a.png
10:41:51.747 [Forwarding findElement on session 40c5a4c5bd310c22ae39666d9010dad2 to remote] DEBUG org.asynchttpclient.netty.request.NettyRequestSender - Using pooled Channel '[id: 0xbf96f053, L:/127.0.0.1:57171 - R:localhost/127.0.0.1:57283]' for 'POST' to 'http://localhost:57283/session/40c5a4c5bd310c22ae39666d9010dad2/element'
10:41:51.747 [Forwarding findElement on session 40c5a4c5bd310c22ae39666d9010dad2 to remote] DEBUG org.asynchttpclient.netty.request.NettyRequestSender - Using open Channel [id: 0xbf96f053, L:/127.0.0.1:57171 - R:localhost/127.0.0.1:57283] for POST '/session/40c5a4c5bd310c22ae39666d9010dad2/element'
10:41:52.502 [AsyncHttpClient-1-3] DEBUG org.asynchttpclient.netty.handler.HttpHandler - 

Request DefaultHttpRequest(decodeResult: success, version: HTTP/1.1)
POST /session/40c5a4c5bd310c22ae39666d9010dad2/element HTTP/1.1
User-Agent: selenium/4.1.2 (java windows)
Content-Length: 74
Content-Type: application/json; charset=utf-8
host: localhost:57283
accept: */*

Response DefaultHttpResponse(decodeResult: success, version: HTTP/1.1)
HTTP/1.1 200 OK
Content-Type: application/json; charset=utf-8
cache-control: no-cache
content-length: 88

10:41:52.503 [AsyncHttpClient-1-3] DEBUG org.asynchttpclient.netty.channel.ChannelManager - Adding key: http://localhost:57283 for channel [id: 0xbf96f053, L:/127.0.0.1:57171 - R:localhost/127.0.0.1:57283]
10:41:52.508 [Forwarding isElementDisplayed on session 40c5a4c5bd310c22ae39666d9010dad2 to remote] DEBUG org.asynchttpclient.netty.request.NettyRequestSender - Using pooled Channel '[id: 0xbf96f053, L:/127.0.0.1:57171 - R:localhost/127.0.0.1:57283]' for 'POST' to 'http://localhost:57283/session/40c5a4c5bd310c22ae39666d9010dad2/execute/sync'
10:41:52.508 [Forwarding isElementDisplayed on session 40c5a4c5bd310c22ae39666d9010dad2 to remote] DEBUG org.asynchttpclient.netty.request.NettyRequestSender - Using open Channel [id: 0xbf96f053, L:/127.0.0.1:57171 - R:localhost/127.0.0.1:57283] for POST '/session/40c5a4c5bd310c22ae39666d9010dad2/execute/sync'
10:41:52.533 [AsyncHttpClient-1-3] DEBUG org.asynchttpclient.netty.handler.HttpHandler - 

Request DefaultHttpRequest(decodeResult: success, version: HTTP/1.1)
POST /session/40c5a4c5bd310c22ae39666d9010dad2/execute/sync HTTP/1.1
User-Agent: selenium/4.1.2 (java windows)
Content-Length: 48780
Content-Type: application/json; charset=utf-8
host: localhost:57283
accept: */*

Response DefaultHttpResponse(decodeResult: success, version: HTTP/1.1)
HTTP/1.1 200 OK
Content-Type: application/json; charset=utf-8
cache-control: no-cache
content-length: 14

10:41:52.533 [AsyncHttpClient-1-3] DEBUG org.asynchttpclient.netty.channel.ChannelManager - Adding key: http://localhost:57283 for channel [id: 0xbf96f053, L:/127.0.0.1:57171 - R:localhost/127.0.0.1:57283]
10:41:52.553 [Forwarding screenshot on session 40c5a4c5bd310c22ae39666d9010dad2 to remote] DEBUG org.asynchttpclient.netty.request.NettyRequestSender - Using pooled Channel '[id: 0xbf96f053, L:/127.0.0.1:57171 - R:localhost/127.0.0.1:57283]' for 'GET' to 'http://localhost:57283/session/40c5a4c5bd310c22ae39666d9010dad2/screenshot'
10:41:52.553 [Forwarding screenshot on session 40c5a4c5bd310c22ae39666d9010dad2 to remote] DEBUG org.asynchttpclient.netty.request.NettyRequestSender - Using open Channel [id: 0xbf96f053, L:/127.0.0.1:57171 - R:localhost/127.0.0.1:57283] for GET '/session/40c5a4c5bd310c22ae39666d9010dad2/screenshot'
10:41:52.565 [AsyncHttpClient-1-1] DEBUG org.asynchttpclient.netty.channel.DefaultChannelPool - Entry count for : http://localhost:57173 : 1
10:41:52.741 [AsyncHttpClient-1-3] DEBUG org.asynchttpclient.netty.handler.HttpHandler - 

Request DefaultFullHttpRequest(decodeResult: success, version: HTTP/1.1, content: EmptyByteBufBE)
GET /session/40c5a4c5bd310c22ae39666d9010dad2/screenshot HTTP/1.1
User-Agent: selenium/4.1.2 (java windows)
Cache-Control: no-cache
Content-Type: application/json; charset=utf-8
host: localhost:57283
accept: */*

Response DefaultHttpResponse(decodeResult: success, version: HTTP/1.1)
HTTP/1.1 200 OK
Content-Type: application/json; charset=utf-8
cache-control: no-cache
content-length: 105404

10:41:52.743 [AsyncHttpClient-1-3] DEBUG org.asynchttpclient.netty.channel.ChannelManager - Adding key: http://localhost:57283 for channel [id: 0xbf96f053, L:/127.0.0.1:57171 - R:localhost/127.0.0.1:57283]
10:41:52.757 [main] DEBUG net.serenitybdd.core.photography.Darkroom - Send negative for processing for target\site\serenity\b6d4c086751f00cadd56f6a5c8bb64860907a0c76455ba81f60c512c47924a9f.png
10:41:52.758 [main] DEBUG net.thucydides.core.steps.StepInterceptor - STEP DONE: editAppointmentAdded
10:41:52.758 [Darkroom Processing Line] DEBUG net.serenitybdd.core.photography.DarkroomProcessingLine - Processing screenshot image in /var/screenshots/screenshot-15883426130237295086
10:41:52.758 [Darkroom Processing Line] DEBUG net.serenitybdd.core.photography.DarkroomProcessingLine - Saving screenshot to target\site\serenity\b6d4c086751f00cadd56f6a5c8bb64860907a0c76455ba81f60c512c47924a9f.png
  &amp#27;[32mThen &amp#27;[0m&amp#27;[32mI get Edit Appointment has been added result&amp#27;[0m &amp#27;[90m# starter.stepdefinitions.AppointmentSteps.iGetEditAppointmentHasBeenAddedResult()&amp#27;[0m
10:41:52.773 [main] INFO  - 
  _____   ___   ___   _____     ___     _     ___   ___   ___   ___  
 |_   _| | __| / __| |_   _|   | _ \   /_\   / __| / __| | __| |   \ 
   | |   | _|  \__ \   | |     |  _/  / _ \  \__ \ \__ \ | _|  | |) |
   |_|   |___| |___/   |_|     |_|   /_/ \_\ |___/ |___/ |___| |___/ 

Edit Existing Appointment Data Scenario
----------------------------------------------------------------------
10:41:52.779 [Driver Command Executor] DEBUG org.asynchttpclient.netty.request.NettyRequestSender - Using pooled Channel '[id: 0xbf96f053, L:/127.0.0.1:57171 - R:localhost/127.0.0.1:57283]' for 'DELETE' to 'http://localhost:57283/session/40c5a4c5bd310c22ae39666d9010dad2'
10:41:52.780 [Driver Command Executor] DEBUG org.asynchttpclient.netty.request.NettyRequestSender - Using open Channel [id: 0xbf96f053, L:/127.0.0.1:57171 - R:localhost/127.0.0.1:57283] for DELETE '/session/40c5a4c5bd310c22ae39666d9010dad2'
10:41:52.914 [AsyncHttpClient-1-4] DEBUG org.asynchttpclient.netty.handler.HttpHandler - Unexpected I/O exception on channel [id: 0x2f70e308, L:/127.0.0.1:57182 - R:localhost/127.0.0.1:57173]
java.net.SocketException: Connection reset
	at java.base/sun.nio.ch.SocketChannelImpl.throwConnectionReset(SocketChannelImpl.java:367)
	at java.base/sun.nio.ch.SocketChannelImpl.read(SocketChannelImpl.java:398)
	at io.netty.buffer.PooledByteBuf.setBytes(PooledByteBuf.java:258)
	at io.netty.buffer.AbstractByteBuf.writeBytes(AbstractByteBuf.java:1132)
	at io.netty.channel.socket.nio.NioSocketChannel.doReadBytes(NioSocketChannel.java:350)
	at io.netty.channel.nio.AbstractNioByteChannel$NioByteUnsafe.read(AbstractNioByteChannel.java:151)
	at io.netty.channel.nio.NioEventLoop.processSelectedKey(NioEventLoop.java:722)
	at io.netty.channel.nio.NioEventLoop.processSelectedKeysOptimized(NioEventLoop.java:658)
	at io.netty.channel.nio.NioEventLoop.processSelectedKeys(NioEventLoop.java:584)
	at io.netty.channel.nio.NioEventLoop.run(NioEventLoop.java:496)
	at io.netty.util.concurrent.SingleThreadEventExecutor$4.run(SingleThreadEventExecutor.java:986)
	at io.netty.util.internal.ThreadExecutorMap$2.run(ThreadExecutorMap.java:74)
	at io.netty.util.concurrent.FastThreadLocalRunnable.run(FastThreadLocalRunnable.java:30)
	at java.base/java.lang.Thread.run(Thread.java:832)
10:41:52.914 [AsyncHttpClient-1-4] DEBUG org.asynchttpclient.netty.channel.ChannelManager - Closing Channel [id: 0x2f70e308, L:/127.0.0.1:57182 - R:localhost/127.0.0.1:57173] 
10:41:52.919 [AsyncHttpClient-1-4] DEBUG org.asynchttpclient.netty.handler.HttpHandler - Channel Closed: [id: 0x2f70e308, L:/127.0.0.1:57182 ! R:localhost/127.0.0.1:57173] with attribute DISCARD
10:41:52.922 [AsyncHttpClient-1-5] DEBUG org.asynchttpclient.netty.handler.WebSocketHandler - Unexpected I/O exception on channel [id: 0x3ad2291c, L:/127.0.0.1:57183 - R:localhost/127.0.0.1:57173]
java.net.SocketException: Connection reset
	at java.base/sun.nio.ch.SocketChannelImpl.throwConnectionReset(SocketChannelImpl.java:367)
	at java.base/sun.nio.ch.SocketChannelImpl.read(SocketChannelImpl.java:398)
	at io.netty.buffer.PooledByteBuf.setBytes(PooledByteBuf.java:258)
	at io.netty.buffer.AbstractByteBuf.writeBytes(AbstractByteBuf.java:1132)
	at io.netty.channel.socket.nio.NioSocketChannel.doReadBytes(NioSocketChannel.java:350)
	at io.netty.channel.nio.AbstractNioByteChannel$NioByteUnsafe.read(AbstractNioByteChannel.java:151)
	at io.netty.channel.nio.NioEventLoop.processSelectedKey(NioEventLoop.java:722)
	at io.netty.channel.nio.NioEventLoop.processSelectedKeysOptimized(NioEventLoop.java:658)
	at io.netty.channel.nio.NioEventLoop.processSelectedKeys(NioEventLoop.java:584)
	at io.netty.channel.nio.NioEventLoop.run(NioEventLoop.java:496)
	at io.netty.util.concurrent.SingleThreadEventExecutor$4.run(SingleThreadEventExecutor.java:986)
	at io.netty.util.internal.ThreadExecutorMap$2.run(ThreadExecutorMap.java:74)
	at io.netty.util.concurrent.FastThreadLocalRunnable.run(FastThreadLocalRunnable.java:30)
	at java.base/java.lang.Thread.run(Thread.java:832)
10:41:52.951 [AsyncHttpClient-1-3] DEBUG org.asynchttpclient.netty.handler.HttpHandler - 

Request DefaultFullHttpRequest(decodeResult: success, version: HTTP/1.1, content: EmptyByteBufBE)
DELETE /session/40c5a4c5bd310c22ae39666d9010dad2 HTTP/1.1
User-Agent: selenium/4.1.2 (java windows)
Content-Type: application/json; charset=utf-8
host: localhost:57283
accept: */*

Response DefaultHttpResponse(decodeResult: success, version: HTTP/1.1)
HTTP/1.1 200 OK
Content-Type: application/json; charset=utf-8
cache-control: no-cache
content-length: 14

10:41:52.951 [AsyncHttpClient-1-3] DEBUG org.asynchttpclient.netty.channel.ChannelManager - Adding key: http://localhost:57283 for channel [id: 0xbf96f053, L:/127.0.0.1:57171 - R:localhost/127.0.0.1:57283]
10:41:53.105 [AsyncHttpClient-1-3] DEBUG org.asynchttpclient.netty.handler.HttpHandler - Channel Closed: [id: 0xbf96f053, L:/127.0.0.1:57171 ! R:localhost/127.0.0.1:57283] with attribute DISCARD
10:41:53.427 [AsyncHttpClient-1-5] DEBUG org.asynchttpclient.netty.handler.WebSocketHandler - Was unable to recover Future: NettyResponseFuture{currentRetry=5,
	isDone=1,
	isCancelled=0,
	asyncHandler=org.asynchttpclient.ws.WebSocketUpgradeHandler@16c9a7c3,
	nettyRequest=org.asynchttpclient.netty.request.NettyRequest@78958bf3,
	future=java.util.concurrent.CompletableFuture@1ed1f995[Completed normally],
	uri=ws://localhost:57173/devtools/browser/7b35f858-017b-4e22-a5de-c56784c40fda,
	keepAlive=true,
	redirectCount=0,
	timeoutsHolder=null,
	inAuth=0,
	touch=1655782912922}
10:41:53.428 [AsyncHttpClient-1-5] DEBUG org.asynchttpclient.netty.channel.ChannelManager - Closing Channel [id: 0x3ad2291c, L:/127.0.0.1:57183 - R:localhost/127.0.0.1:57173] 
10:41:53.428 [AsyncHttpClient-1-5] WARN org.asynchttpclient.netty.handler.WebSocketHandler - onError
java.net.SocketException: Connection reset
	at java.base/sun.nio.ch.SocketChannelImpl.throwConnectionReset(SocketChannelImpl.java:367)
	at java.base/sun.nio.ch.SocketChannelImpl.read(SocketChannelImpl.java:398)
	at io.netty.buffer.PooledByteBuf.setBytes(PooledByteBuf.java:258)
	at io.netty.buffer.AbstractByteBuf.writeBytes(AbstractByteBuf.java:1132)
	at io.netty.channel.socket.nio.NioSocketChannel.doReadBytes(NioSocketChannel.java:350)
	at io.netty.channel.nio.AbstractNioByteChannel$NioByteUnsafe.read(AbstractNioByteChannel.java:151)
	at io.netty.channel.nio.NioEventLoop.processSelectedKey(NioEventLoop.java:722)
	at io.netty.channel.nio.NioEventLoop.processSelectedKeysOptimized(NioEventLoop.java:658)
	at io.netty.channel.nio.NioEventLoop.processSelectedKeys(NioEventLoop.java:584)
	at io.netty.channel.nio.NioEventLoop.run(NioEventLoop.java:496)
	at io.netty.util.concurrent.SingleThreadEventExecutor$4.run(SingleThreadEventExecutor.java:986)
	at io.netty.util.internal.ThreadExecutorMap$2.run(ThreadExecutorMap.java:74)
	at io.netty.util.concurrent.FastThreadLocalRunnable.run(FastThreadLocalRunnable.java:30)
	at java.base/java.lang.Thread.run(Thread.java:832)
]]></system-out>
    <system-err><![CDATA[Starting ChromeDriver 102.0.5005.61 (0e59bcc00cc4985ce39ad31c150065f159d95ad3-refs/branch-heads/5005@{#819}) on port 57283
Only local connections are allowed.
Please see https://chromedriver.chromium.org/security-considerations for suggestions on keeping ChromeDriver safe.
ChromeDriver was started successfully.
Jun 21, 2022 10:41:33 AM org.openqa.selenium.remote.ProtocolHandshake createSession
INFO: Detected dialect: W3C
Jun 21, 2022 10:41:33 AM org.openqa.selenium.devtools.CdpVersionFinder findNearestMatch
WARNING: Unable to find an exact match for CDP version 102, so returning the closest version found: a no-op implementation
Jun 21, 2022 10:41:33 AM org.openqa.selenium.devtools.CdpVersionFinder findNearestMatch
INFO: Unable to find CDP implementation matching 102.
Jun 21, 2022 10:41:33 AM org.openqa.selenium.chromium.ChromiumDriver lambda$new$3
WARNING: Unable to find version of CDP to use for . You may need to include a dependency on a specific version of the CDP using something similar to `org.seleniumhq.selenium:selenium-devtools-v86:4.1.2` where the version ("v86") matches the version of the chromium-based browser you're using and the version number of the artifact is the same as Selenium's.
]]></system-err>
  </testcase>
  <testcase name="Cancel Edit Existing Appointment Data Scenario" classname="Appointment" time="40.036">
    <system-out><![CDATA[10:41:53.664 [AsyncHttpClient-1-1] DEBUG org.asynchttpclient.netty.channel.DefaultChannelPool - Entry count for : http://localhost:57283 : 1
10:41:53.664 [AsyncHttpClient-1-1] DEBUG org.asynchttpclient.netty.channel.DefaultChannelPool - Entry count for : http://localhost:57173 : 1
10:41:53.664 [AsyncHttpClient-1-1] DEBUG org.asynchttpclient.netty.channel.DefaultChannelPool - Adding Candidate expired Channel [id: 0xbf96f053, L:/127.0.0.1:57171 ! R:localhost/127.0.0.1:57283] isIdleTimeoutExpired=false isRemotelyClosed=true isTtlExpired=false
10:41:53.664 [AsyncHttpClient-1-1] DEBUG org.asynchttpclient.netty.channel.DefaultChannelPool - Closing Idle Channel [id: 0xbf96f053, L:/127.0.0.1:57171 ! R:localhost/127.0.0.1:57283]
10:41:53.664 [AsyncHttpClient-1-1] DEBUG org.asynchttpclient.netty.channel.DefaultChannelPool - Adding Candidate expired Channel [id: 0x2f70e308, L:/127.0.0.1:57182 ! R:localhost/127.0.0.1:57173] isIdleTimeoutExpired=false isRemotelyClosed=true isTtlExpired=false
10:41:53.664 [AsyncHttpClient-1-1] DEBUG org.asynchttpclient.netty.channel.DefaultChannelPool - Closing Idle Channel [id: 0x2f70e308, L:/127.0.0.1:57182 ! R:localhost/127.0.0.1:57173]
10:41:53.664 [AsyncHttpClient-1-1] DEBUG org.asynchttpclient.netty.channel.DefaultChannelPool - Closed 2 connections out of 2 in 0 ms

@Appointment
Scenario: Cancel Edit Existing Appointment Data Scenario &amp#27;[90m# src/test/resources/features/1.Appointment.feature:43&amp#27;[0m
10:41:53.709 [main] INFO io.cucumber.core.plugin.SerenityReporter - Running feature from file:///E:/My%20Documents/File%20Difa/TI%20Semester%206%20Kampus%20Merdeka%20Alterra/Tugas/CAPSTONE%20Project/Capstone-Project-Website/src/test/resources/features/1.Appointment.feature
10:41:53.712 [main] INFO  - 
  _____   ___   ___   _____     ___   _____     _     ___   _____   ___   ___  
 |_   _| | __| / __| |_   _|   / __| |_   _|   /_\   | _ \ |_   _| | __| |   \ 
   | |   | _|  \__ \   | |     \__ \   | |    / _ \  |   /   | |   | _|  | |) |
   |_|   |___| |___/   |_|     |___/   |_|   /_/ \_\ |_|_\   |_|   |___| |___/ 

Cancel Edit Existing Appointment Data Scenario(appointment;cancel-edit-existing-appointment-data-scenario)
--------------------------------------------------------------------------------
10:41:53.729 [main] DEBUG net.thucydides.core.steps.StepInterceptor - STARTING STEP: DashboardSteps.iAmOnTheDashboardPage - openUrl
10:41:53.750 [main] INFO net.serenitybdd.core.webdriver.driverproviders.ChromeDriverProvider - Using automatically driver download
10:41:53.795 [AsyncHttpClient-1-5] DEBUG org.asynchttpclient.netty.channel.ChannelManager - Closing Channel [id: 0x3ad2291c, L:/127.0.0.1:57183 ! R:localhost/127.0.0.1:57173] 
10:41:53.796 [AsyncHttpClient-1-5] DEBUG org.asynchttpclient.netty.handler.WebSocketHandler - Channel Closed: [id: 0x3ad2291c, L:/127.0.0.1:57183 ! R:localhost/127.0.0.1:57173] with attribute DISCARD
10:41:54.149 [main] DEBUG io.github.bonigarcia.wdm.cache.ResolutionCache - Resolution chrome=102 in cache (valid until 11:37:46 21/06/2022 ICT)
10:41:54.153 [main] DEBUG io.github.bonigarcia.wdm.cache.ResolutionCache - Resolution chrome102=102.0.5005.61 in cache (valid until 09:22:16 22/06/2022 ICT)
10:41:54.154 [main] INFO io.github.bonigarcia.wdm.WebDriverManager - Using chromedriver 102.0.5005.61 (resolved driver for Chrome 102)
10:41:54.198 [main] DEBUG io.github.bonigarcia.wdm.WebDriverManager - Driver chromedriver 102.0.5005.61 found in cache
10:41:54.199 [main] INFO io.github.bonigarcia.wdm.WebDriverManager - Exporting webdriver.chrome.driver as C:\Users\USER\.cache\selenium\chromedriver\win32\102.0.5005.61\chromedriver.exe
10:41:54.405 [main] DEBUG net.serenitybdd.core.webdriver.driverproviders.ProvideNewDriver - Instantiating driver
10:41:54.405 [main] DEBUG net.serenitybdd.core.webdriver.driverproviders.ProvideNewDriver - Driver capabilities: Capabilities {acceptInsecureCerts: false, base.url: https://hospital-management..., browserName: chrome, chrome.driver: src/test/resources/webdrive..., driver: chrome, goog:chromeOptions: {args: [], extensions: []}}
10:41:55.484 [AsyncHttpClient-1-6] DEBUG org.asynchttpclient.netty.channel.NettyConnectListener - Using new Channel '[id: 0x4dcb2ea3, L:/127.0.0.1:57221 - R:localhost/127.0.0.1:64134]' for 'POST' to '/session'
10:41:58.471 [AsyncHttpClient-1-6] DEBUG org.asynchttpclient.netty.handler.HttpHandler - 

Request DefaultHttpRequest(decodeResult: success, version: HTTP/1.1)
POST /session HTTP/1.1
User-Agent: selenium/4.1.2 (java windows)
Content-Length: 621
Content-Type: application/json; charset=utf-8
host: localhost:64134
accept: */*

Response DefaultHttpResponse(decodeResult: success, version: HTTP/1.1)
HTTP/1.1 200 OK
Content-Type: application/json; charset=utf-8
cache-control: no-cache
content-length: 789

10:41:58.471 [AsyncHttpClient-1-6] DEBUG org.asynchttpclient.netty.channel.ChannelManager - Adding key: http://localhost:64134 for channel [id: 0x4dcb2ea3, L:/127.0.0.1:57221 - R:localhost/127.0.0.1:64134]
10:41:58.482 [AsyncHttpClient-1-7] DEBUG org.asynchttpclient.netty.channel.NettyConnectListener - Using new Channel '[id: 0xf0da299c, L:/127.0.0.1:57229 - R:localhost/127.0.0.1:57224]' for 'GET' to '/json/version'
10:41:58.483 [AsyncHttpClient-1-7] DEBUG org.asynchttpclient.netty.handler.HttpHandler - 

Request DefaultFullHttpRequest(decodeResult: success, version: HTTP/1.1, content: EmptyByteBufBE)
GET /json/version HTTP/1.1
User-Agent: selenium/4.1.2 (java windows)
host: localhost:57224
accept: */*

Response DefaultHttpResponse(decodeResult: success, version: HTTP/1.1)
HTTP/1.1 200 OK
Content-Type: application/json; charset=UTF-8
content-length: 427

10:41:58.483 [AsyncHttpClient-1-7] DEBUG org.asynchttpclient.netty.channel.ChannelManager - Adding key: http://localhost:57224 for channel [id: 0xf0da299c, L:/127.0.0.1:57229 - R:localhost/127.0.0.1:57224]
10:41:58.487 [AsyncHttpClient-1-8] DEBUG org.asynchttpclient.netty.channel.NettyConnectListener - Using new Channel '[id: 0xdd8af114, L:/127.0.0.1:57230 - R:localhost/127.0.0.1:57224]' for 'GET' to '/devtools/browser/8a7de770-76a0-40a9-b2d1-112f28d2cf37'
10:41:58.488 [AsyncHttpClient-1-8] DEBUG org.asynchttpclient.netty.handler.WebSocketHandler - 

Request DefaultFullHttpRequest(decodeResult: success, version: HTTP/1.1, content: EmptyByteBufBE)
GET /devtools/browser/8a7de770-76a0-40a9-b2d1-112f28d2cf37 HTTP/1.1
upgrade: websocket
connection: upgrade
sec-websocket-key: T6GKoHONuVrGyyreAFdSWA==
sec-websocket-version: 13
origin: http://localhost:57224
host: localhost:57224
accept: */*
user-agent: AHC/2.1

Response DefaultHttpResponse(decodeResult: success, version: HTTP/1.1)
HTTP/1.1 101 WebSocket Protocol Handshake
Upgrade: WebSocket
Connection: Upgrade
Sec-WebSocket-Accept: zox6UWZJeA7Nv7wfTPkJVPWA7yU=

10:41:58.502 [Forwarding maximizeCurrentWindow on session c91585eb0ea9c0c57bdab7b8ba589fea to remote] DEBUG org.asynchttpclient.netty.request.NettyRequestSender - Using pooled Channel '[id: 0x4dcb2ea3, L:/127.0.0.1:57221 - R:localhost/127.0.0.1:64134]' for 'POST' to 'http://localhost:64134/session/c91585eb0ea9c0c57bdab7b8ba589fea/window/maximize'
10:41:58.502 [Forwarding maximizeCurrentWindow on session c91585eb0ea9c0c57bdab7b8ba589fea to remote] DEBUG org.asynchttpclient.netty.request.NettyRequestSender - Using open Channel [id: 0x4dcb2ea3, L:/127.0.0.1:57221 - R:localhost/127.0.0.1:64134] for POST '/session/c91585eb0ea9c0c57bdab7b8ba589fea/window/maximize'
10:41:58.622 [AsyncHttpClient-1-6] DEBUG org.asynchttpclient.netty.handler.HttpHandler - 

Request DefaultHttpRequest(decodeResult: success, version: HTTP/1.1)
POST /session/c91585eb0ea9c0c57bdab7b8ba589fea/window/maximize HTTP/1.1
User-Agent: selenium/4.1.2 (java windows)
Content-Length: 3
Content-Type: application/json; charset=utf-8
host: localhost:64134
accept: */*

Response DefaultHttpResponse(decodeResult: success, version: HTTP/1.1)
HTTP/1.1 200 OK
Content-Type: application/json; charset=utf-8
cache-control: no-cache
content-length: 51

10:41:58.623 [AsyncHttpClient-1-6] DEBUG org.asynchttpclient.netty.channel.ChannelManager - Adding key: http://localhost:64134 for channel [id: 0x4dcb2ea3, L:/127.0.0.1:57221 - R:localhost/127.0.0.1:64134]
10:41:58.627 [Forwarding get on session c91585eb0ea9c0c57bdab7b8ba589fea to remote] DEBUG org.asynchttpclient.netty.request.NettyRequestSender - Using pooled Channel '[id: 0x4dcb2ea3, L:/127.0.0.1:57221 - R:localhost/127.0.0.1:64134]' for 'POST' to 'http://localhost:64134/session/c91585eb0ea9c0c57bdab7b8ba589fea/url'
10:41:58.627 [Forwarding get on session c91585eb0ea9c0c57bdab7b8ba589fea to remote] DEBUG org.asynchttpclient.netty.request.NettyRequestSender - Using open Channel [id: 0x4dcb2ea3, L:/127.0.0.1:57221 - R:localhost/127.0.0.1:64134] for POST '/session/c91585eb0ea9c0c57bdab7b8ba589fea/url'
10:41:59.164 [AsyncHttpClient-1-1] DEBUG org.asynchttpclient.netty.channel.DefaultChannelPool - Entry count for : http://localhost:57224 : 1
10:42:00.265 [AsyncHttpClient-1-1] DEBUG org.asynchttpclient.netty.channel.DefaultChannelPool - Entry count for : http://localhost:57224 : 1
10:42:01.364 [AsyncHttpClient-1-1] DEBUG org.asynchttpclient.netty.channel.DefaultChannelPool - Entry count for : http://localhost:57224 : 1
10:42:02.464 [AsyncHttpClient-1-1] DEBUG org.asynchttpclient.netty.channel.DefaultChannelPool - Entry count for : http://localhost:57224 : 1
10:42:03.565 [AsyncHttpClient-1-1] DEBUG org.asynchttpclient.netty.channel.DefaultChannelPool - Entry count for : http://localhost:57224 : 1
10:42:04.665 [AsyncHttpClient-1-1] DEBUG org.asynchttpclient.netty.channel.DefaultChannelPool - Entry count for : http://localhost:57224 : 1
10:42:05.764 [AsyncHttpClient-1-1] DEBUG org.asynchttpclient.netty.channel.DefaultChannelPool - Entry count for : http://localhost:57224 : 1
10:42:06.864 [AsyncHttpClient-1-1] DEBUG org.asynchttpclient.netty.channel.DefaultChannelPool - Entry count for : http://localhost:57224 : 1
10:42:07.965 [AsyncHttpClient-1-1] DEBUG org.asynchttpclient.netty.channel.DefaultChannelPool - Entry count for : http://localhost:57224 : 1
10:42:09.065 [AsyncHttpClient-1-1] DEBUG org.asynchttpclient.netty.channel.DefaultChannelPool - Entry count for : http://localhost:57224 : 1
10:42:10.164 [AsyncHttpClient-1-1] DEBUG org.asynchttpclient.netty.channel.DefaultChannelPool - Entry count for : http://localhost:57224 : 1
10:42:11.265 [AsyncHttpClient-1-1] DEBUG org.asynchttpclient.netty.channel.DefaultChannelPool - Entry count for : http://localhost:57224 : 1
10:42:12.763 [AsyncHttpClient-1-1] DEBUG org.asynchttpclient.netty.channel.DefaultChannelPool - Entry count for : http://localhost:57224 : 1
10:42:13.864 [AsyncHttpClient-1-1] DEBUG org.asynchttpclient.netty.channel.DefaultChannelPool - Entry count for : http://localhost:57224 : 1
10:42:14.964 [AsyncHttpClient-1-1] DEBUG org.asynchttpclient.netty.channel.DefaultChannelPool - Entry count for : http://localhost:57224 : 1
10:42:16.064 [AsyncHttpClient-1-1] DEBUG org.asynchttpclient.netty.channel.DefaultChannelPool - Entry count for : http://localhost:57224 : 1
10:42:17.165 [AsyncHttpClient-1-1] DEBUG org.asynchttpclient.netty.channel.DefaultChannelPool - Entry count for : http://localhost:57224 : 1
10:42:18.263 [AsyncHttpClient-1-1] DEBUG org.asynchttpclient.netty.channel.DefaultChannelPool - Entry count for : http://localhost:57224 : 1
10:42:19.364 [AsyncHttpClient-1-1] DEBUG org.asynchttpclient.netty.channel.DefaultChannelPool - Entry count for : http://localhost:57224 : 1
10:42:19.565 [AsyncHttpClient-1-6] DEBUG org.asynchttpclient.netty.handler.HttpHandler - 

Request DefaultHttpRequest(decodeResult: success, version: HTTP/1.1)
POST /session/c91585eb0ea9c0c57bdab7b8ba589fea/url HTTP/1.1
User-Agent: selenium/4.1.2 (java windows)
Content-Length: 65
Content-Type: application/json; charset=utf-8
host: localhost:64134
accept: */*

Response DefaultHttpResponse(decodeResult: success, version: HTTP/1.1)
HTTP/1.1 200 OK
Content-Type: application/json; charset=utf-8
cache-control: no-cache
content-length: 14

10:42:19.566 [AsyncHttpClient-1-6] DEBUG org.asynchttpclient.netty.channel.ChannelManager - Adding key: http://localhost:64134 for channel [id: 0x4dcb2ea3, L:/127.0.0.1:57221 - R:localhost/127.0.0.1:64134]
10:42:19.568 [Forwarding setTimeout on session c91585eb0ea9c0c57bdab7b8ba589fea to remote] DEBUG org.asynchttpclient.netty.request.NettyRequestSender - Using pooled Channel '[id: 0x4dcb2ea3, L:/127.0.0.1:57221 - R:localhost/127.0.0.1:64134]' for 'POST' to 'http://localhost:64134/session/c91585eb0ea9c0c57bdab7b8ba589fea/timeouts'
10:42:19.568 [Forwarding setTimeout on session c91585eb0ea9c0c57bdab7b8ba589fea to remote] DEBUG org.asynchttpclient.netty.request.NettyRequestSender - Using open Channel [id: 0x4dcb2ea3, L:/127.0.0.1:57221 - R:localhost/127.0.0.1:64134] for POST '/session/c91585eb0ea9c0c57bdab7b8ba589fea/timeouts'
10:42:19.690 [AsyncHttpClient-1-6] DEBUG org.asynchttpclient.netty.handler.HttpHandler - 

Request DefaultHttpRequest(decodeResult: success, version: HTTP/1.1)
POST /session/c91585eb0ea9c0c57bdab7b8ba589fea/timeouts HTTP/1.1
User-Agent: selenium/4.1.2 (java windows)
Content-Length: 22
Content-Type: application/json; charset=utf-8
host: localhost:64134
accept: */*

Response DefaultHttpResponse(decodeResult: success, version: HTTP/1.1)
HTTP/1.1 200 OK
Content-Type: application/json; charset=utf-8
cache-control: no-cache
content-length: 14

10:42:19.691 [AsyncHttpClient-1-6] DEBUG org.asynchttpclient.netty.channel.ChannelManager - Adding key: http://localhost:64134 for channel [id: 0x4dcb2ea3, L:/127.0.0.1:57221 - R:localhost/127.0.0.1:64134]
10:42:19.740 [Forwarding getCurrentUrl on session c91585eb0ea9c0c57bdab7b8ba589fea to remote] DEBUG org.asynchttpclient.netty.request.NettyRequestSender - Using pooled Channel '[id: 0x4dcb2ea3, L:/127.0.0.1:57221 - R:localhost/127.0.0.1:64134]' for 'GET' to 'http://localhost:64134/session/c91585eb0ea9c0c57bdab7b8ba589fea/url'
10:42:19.740 [Forwarding getCurrentUrl on session c91585eb0ea9c0c57bdab7b8ba589fea to remote] DEBUG org.asynchttpclient.netty.request.NettyRequestSender - Using open Channel [id: 0x4dcb2ea3, L:/127.0.0.1:57221 - R:localhost/127.0.0.1:64134] for GET '/session/c91585eb0ea9c0c57bdab7b8ba589fea/url'
10:42:20.464 [AsyncHttpClient-1-1] DEBUG org.asynchttpclient.netty.channel.DefaultChannelPool - Entry count for : http://localhost:57224 : 1
10:42:21.564 [AsyncHttpClient-1-1] DEBUG org.asynchttpclient.netty.channel.DefaultChannelPool - Entry count for : http://localhost:57224 : 1
10:42:22.664 [AsyncHttpClient-1-1] DEBUG org.asynchttpclient.netty.channel.DefaultChannelPool - Entry count for : http://localhost:57224 : 1
10:42:23.424 [AsyncHttpClient-1-6] DEBUG org.asynchttpclient.netty.handler.HttpHandler - 

Request DefaultFullHttpRequest(decodeResult: success, version: HTTP/1.1, content: EmptyByteBufBE)
GET /session/c91585eb0ea9c0c57bdab7b8ba589fea/url HTTP/1.1
User-Agent: selenium/4.1.2 (java windows)
Cache-Control: no-cache
Content-Type: application/json; charset=utf-8
host: localhost:64134
accept: */*

Response DefaultHttpResponse(decodeResult: success, version: HTTP/1.1)
HTTP/1.1 200 OK
Content-Type: application/json; charset=utf-8
cache-control: no-cache
content-length: 53

10:42:23.424 [AsyncHttpClient-1-6] DEBUG org.asynchttpclient.netty.channel.ChannelManager - Adding key: http://localhost:64134 for channel [id: 0x4dcb2ea3, L:/127.0.0.1:57221 - R:localhost/127.0.0.1:64134]
10:42:23.433 [Forwarding getCurrentUrl on session c91585eb0ea9c0c57bdab7b8ba589fea to remote] DEBUG org.asynchttpclient.netty.request.NettyRequestSender - Using pooled Channel '[id: 0x4dcb2ea3, L:/127.0.0.1:57221 - R:localhost/127.0.0.1:64134]' for 'GET' to 'http://localhost:64134/session/c91585eb0ea9c0c57bdab7b8ba589fea/url'
10:42:23.434 [Forwarding getCurrentUrl on session c91585eb0ea9c0c57bdab7b8ba589fea to remote] DEBUG org.asynchttpclient.netty.request.NettyRequestSender - Using open Channel [id: 0x4dcb2ea3, L:/127.0.0.1:57221 - R:localhost/127.0.0.1:64134] for GET '/session/c91585eb0ea9c0c57bdab7b8ba589fea/url'
10:42:23.444 [AsyncHttpClient-1-6] DEBUG org.asynchttpclient.netty.handler.HttpHandler - 

Request DefaultFullHttpRequest(decodeResult: success, version: HTTP/1.1, content: EmptyByteBufBE)
GET /session/c91585eb0ea9c0c57bdab7b8ba589fea/url HTTP/1.1
User-Agent: selenium/4.1.2 (java windows)
Cache-Control: no-cache
Content-Type: application/json; charset=utf-8
host: localhost:64134
accept: */*

Response DefaultHttpResponse(decodeResult: success, version: HTTP/1.1)
HTTP/1.1 200 OK
Content-Type: application/json; charset=utf-8
cache-control: no-cache
content-length: 53

10:42:23.445 [AsyncHttpClient-1-6] DEBUG org.asynchttpclient.netty.channel.ChannelManager - Adding key: http://localhost:64134 for channel [id: 0x4dcb2ea3, L:/127.0.0.1:57221 - R:localhost/127.0.0.1:64134]
10:42:23.456 [Forwarding screenshot on session c91585eb0ea9c0c57bdab7b8ba589fea to remote] DEBUG org.asynchttpclient.netty.request.NettyRequestSender - Using pooled Channel '[id: 0x4dcb2ea3, L:/127.0.0.1:57221 - R:localhost/127.0.0.1:64134]' for 'GET' to 'http://localhost:64134/session/c91585eb0ea9c0c57bdab7b8ba589fea/screenshot'
10:42:23.456 [Forwarding screenshot on session c91585eb0ea9c0c57bdab7b8ba589fea to remote] DEBUG org.asynchttpclient.netty.request.NettyRequestSender - Using open Channel [id: 0x4dcb2ea3, L:/127.0.0.1:57221 - R:localhost/127.0.0.1:64134] for GET '/session/c91585eb0ea9c0c57bdab7b8ba589fea/screenshot'
10:42:23.763 [AsyncHttpClient-1-1] DEBUG org.asynchttpclient.netty.channel.DefaultChannelPool - Entry count for : http://localhost:57224 : 1
10:42:24.812 [AsyncHttpClient-1-6] DEBUG org.asynchttpclient.netty.handler.HttpHandler - 

Request DefaultFullHttpRequest(decodeResult: success, version: HTTP/1.1, content: EmptyByteBufBE)
GET /session/c91585eb0ea9c0c57bdab7b8ba589fea/screenshot HTTP/1.1
User-Agent: selenium/4.1.2 (java windows)
Cache-Control: no-cache
Content-Type: application/json; charset=utf-8
host: localhost:64134
accept: */*

Response DefaultHttpResponse(decodeResult: success, version: HTTP/1.1)
HTTP/1.1 200 OK
Content-Type: application/json; charset=utf-8
cache-control: no-cache
content-length: 382596

10:42:24.817 [AsyncHttpClient-1-6] DEBUG org.asynchttpclient.netty.channel.ChannelManager - Adding key: http://localhost:64134 for channel [id: 0x4dcb2ea3, L:/127.0.0.1:57221 - R:localhost/127.0.0.1:64134]
10:42:24.854 [main] DEBUG net.serenitybdd.core.photography.Darkroom - Send negative for processing for target\site\serenity\ed15a54c91c342d96a850276df7b559f4526b370fc93040e3c407a48a170f368.png
10:42:24.854 [main] DEBUG net.thucydides.core.steps.StepInterceptor - STEP DONE: openUrl
10:42:24.864 [AsyncHttpClient-1-1] DEBUG org.asynchttpclient.netty.channel.DefaultChannelPool - Entry count for : http://localhost:57224 : 1
10:42:24.864 [AsyncHttpClient-1-1] DEBUG org.asynchttpclient.netty.channel.DefaultChannelPool - Entry count for : http://localhost:64134 : 1
10:42:24.867 [main] DEBUG net.thucydides.core.steps.StepInterceptor - STARTING STEP: DashboardSteps.iAmOnTheDashboardPage - validateOnDashboardPage
10:42:24.870 [Forwarding findElement on session c91585eb0ea9c0c57bdab7b8ba589fea to remote] DEBUG org.asynchttpclient.netty.request.NettyRequestSender - Using pooled Channel '[id: 0x4dcb2ea3, L:/127.0.0.1:57221 - R:localhost/127.0.0.1:64134]' for 'POST' to 'http://localhost:64134/session/c91585eb0ea9c0c57bdab7b8ba589fea/element'
10:42:24.870 [Forwarding findElement on session c91585eb0ea9c0c57bdab7b8ba589fea to remote] DEBUG org.asynchttpclient.netty.request.NettyRequestSender - Using open Channel [id: 0x4dcb2ea3, L:/127.0.0.1:57221 - R:localhost/127.0.0.1:64134] for POST '/session/c91585eb0ea9c0c57bdab7b8ba589fea/element'
10:42:25.661 [AsyncHttpClient-1-6] DEBUG org.asynchttpclient.netty.handler.HttpHandler - 

Request DefaultHttpRequest(decodeResult: success, version: HTTP/1.1)
POST /session/c91585eb0ea9c0c57bdab7b8ba589fea/element HTTP/1.1
User-Agent: selenium/4.1.2 (java windows)
Content-Length: 81
Content-Type: application/json; charset=utf-8
host: localhost:64134
accept: */*

Response DefaultHttpResponse(decodeResult: success, version: HTTP/1.1)
HTTP/1.1 200 OK
Content-Type: application/json; charset=utf-8
cache-control: no-cache
content-length: 88

10:42:25.662 [AsyncHttpClient-1-6] DEBUG org.asynchttpclient.netty.channel.ChannelManager - Adding key: http://localhost:64134 for channel [id: 0x4dcb2ea3, L:/127.0.0.1:57221 - R:localhost/127.0.0.1:64134]
10:42:25.674 [Forwarding isElementDisplayed on session c91585eb0ea9c0c57bdab7b8ba589fea to remote] DEBUG org.asynchttpclient.netty.request.NettyRequestSender - Using pooled Channel '[id: 0x4dcb2ea3, L:/127.0.0.1:57221 - R:localhost/127.0.0.1:64134]' for 'POST' to 'http://localhost:64134/session/c91585eb0ea9c0c57bdab7b8ba589fea/execute/sync'
10:42:25.674 [Forwarding isElementDisplayed on session c91585eb0ea9c0c57bdab7b8ba589fea to remote] DEBUG org.asynchttpclient.netty.request.NettyRequestSender - Using open Channel [id: 0x4dcb2ea3, L:/127.0.0.1:57221 - R:localhost/127.0.0.1:64134] for POST '/session/c91585eb0ea9c0c57bdab7b8ba589fea/execute/sync'
10:42:25.963 [AsyncHttpClient-1-1] DEBUG org.asynchttpclient.netty.channel.DefaultChannelPool - Entry count for : http://localhost:57224 : 1
10:42:26.268 [AsyncHttpClient-1-6] DEBUG org.asynchttpclient.netty.handler.HttpHandler - 

Request DefaultHttpRequest(decodeResult: success, version: HTTP/1.1)
POST /session/c91585eb0ea9c0c57bdab7b8ba589fea/execute/sync HTTP/1.1
User-Agent: selenium/4.1.2 (java windows)
Content-Length: 48780
Content-Type: application/json; charset=utf-8
host: localhost:64134
accept: */*

Response DefaultHttpResponse(decodeResult: success, version: HTTP/1.1)
HTTP/1.1 200 OK
Content-Type: application/json; charset=utf-8
cache-control: no-cache
content-length: 14

10:42:26.269 [AsyncHttpClient-1-6] DEBUG org.asynchttpclient.netty.channel.ChannelManager - Adding key: http://localhost:64134 for channel [id: 0x4dcb2ea3, L:/127.0.0.1:57221 - R:localhost/127.0.0.1:64134]
10:42:26.285 [Forwarding screenshot on session c91585eb0ea9c0c57bdab7b8ba589fea to remote] DEBUG org.asynchttpclient.netty.request.NettyRequestSender - Using pooled Channel '[id: 0x4dcb2ea3, L:/127.0.0.1:57221 - R:localhost/127.0.0.1:64134]' for 'GET' to 'http://localhost:64134/session/c91585eb0ea9c0c57bdab7b8ba589fea/screenshot'
10:42:26.285 [Forwarding screenshot on session c91585eb0ea9c0c57bdab7b8ba589fea to remote] DEBUG org.asynchttpclient.netty.request.NettyRequestSender - Using open Channel [id: 0x4dcb2ea3, L:/127.0.0.1:57221 - R:localhost/127.0.0.1:64134] for GET '/session/c91585eb0ea9c0c57bdab7b8ba589fea/screenshot'
10:42:26.545 [AsyncHttpClient-1-6] DEBUG org.asynchttpclient.netty.handler.HttpHandler - 

Request DefaultFullHttpRequest(decodeResult: success, version: HTTP/1.1, content: EmptyByteBufBE)
GET /session/c91585eb0ea9c0c57bdab7b8ba589fea/screenshot HTTP/1.1
User-Agent: selenium/4.1.2 (java windows)
Cache-Control: no-cache
Content-Type: application/json; charset=utf-8
host: localhost:64134
accept: */*

Response DefaultHttpResponse(decodeResult: success, version: HTTP/1.1)
HTTP/1.1 200 OK
Content-Type: application/json; charset=utf-8
cache-control: no-cache
content-length: 351816

10:42:26.548 [AsyncHttpClient-1-6] DEBUG org.asynchttpclient.netty.channel.ChannelManager - Adding key: http://localhost:64134 for channel [id: 0x4dcb2ea3, L:/127.0.0.1:57221 - R:localhost/127.0.0.1:64134]
10:42:26.669 [main] DEBUG net.serenitybdd.core.photography.Darkroom - Send negative for processing for target\site\serenity\20277f1d76f1b925628464fcd1ece5de77a814679d1be3fdcf836a7ddadfed60.png
10:42:26.670 [main] DEBUG net.thucydides.core.steps.StepInterceptor - STEP DONE: validateOnDashboardPage
  &amp#27;[32mGiven &amp#27;[0m&amp#27;[32mI am on the dashboard page&amp#27;[0m                       &amp#27;[90m# starter.stepdefinitions.DashboardSteps.iAmOnTheDashboardPage()&amp#27;[0m
10:42:26.770 [Forwarding screenshot on session c91585eb0ea9c0c57bdab7b8ba589fea to remote] DEBUG org.asynchttpclient.netty.request.NettyRequestSender - Using pooled Channel '[id: 0x4dcb2ea3, L:/127.0.0.1:57221 - R:localhost/127.0.0.1:64134]' for 'GET' to 'http://localhost:64134/session/c91585eb0ea9c0c57bdab7b8ba589fea/screenshot'
10:42:26.771 [Forwarding screenshot on session c91585eb0ea9c0c57bdab7b8ba589fea to remote] DEBUG org.asynchttpclient.netty.request.NettyRequestSender - Using open Channel [id: 0x4dcb2ea3, L:/127.0.0.1:57221 - R:localhost/127.0.0.1:64134] for GET '/session/c91585eb0ea9c0c57bdab7b8ba589fea/screenshot'
10:42:27.030 [AsyncHttpClient-1-6] DEBUG org.asynchttpclient.netty.handler.HttpHandler - 

Request DefaultFullHttpRequest(decodeResult: success, version: HTTP/1.1, content: EmptyByteBufBE)
GET /session/c91585eb0ea9c0c57bdab7b8ba589fea/screenshot HTTP/1.1
User-Agent: selenium/4.1.2 (java windows)
Cache-Control: no-cache
Content-Type: application/json; charset=utf-8
host: localhost:64134
accept: */*

Response DefaultHttpResponse(decodeResult: success, version: HTTP/1.1)
HTTP/1.1 200 OK
Content-Type: application/json; charset=utf-8
cache-control: no-cache
content-length: 351816

10:42:27.032 [AsyncHttpClient-1-6] DEBUG org.asynchttpclient.netty.channel.ChannelManager - Adding key: http://localhost:64134 for channel [id: 0x4dcb2ea3, L:/127.0.0.1:57221 - R:localhost/127.0.0.1:64134]
10:42:27.064 [AsyncHttpClient-1-1] DEBUG org.asynchttpclient.netty.channel.DefaultChannelPool - Entry count for : http://localhost:57224 : 1
10:42:27.064 [AsyncHttpClient-1-1] DEBUG org.asynchttpclient.netty.channel.DefaultChannelPool - Entry count for : http://localhost:64134 : 1
10:42:27.075 [main] DEBUG net.serenitybdd.core.photography.Darkroom - Send negative for processing for target\site\serenity\20277f1d76f1b925628464fcd1ece5de77a814679d1be3fdcf836a7ddadfed60.png
10:42:27.075 [main] DEBUG net.thucydides.core.steps.StepInterceptor - STARTING STEP: AppointmentSteps.iClickMenuAppointment - clickMenuAppointmentButton
10:42:27.079 [Forwarding findElement on session c91585eb0ea9c0c57bdab7b8ba589fea to remote] DEBUG org.asynchttpclient.netty.request.NettyRequestSender - Using pooled Channel '[id: 0x4dcb2ea3, L:/127.0.0.1:57221 - R:localhost/127.0.0.1:64134]' for 'POST' to 'http://localhost:64134/session/c91585eb0ea9c0c57bdab7b8ba589fea/element'
10:42:27.079 [Forwarding findElement on session c91585eb0ea9c0c57bdab7b8ba589fea to remote] DEBUG org.asynchttpclient.netty.request.NettyRequestSender - Using open Channel [id: 0x4dcb2ea3, L:/127.0.0.1:57221 - R:localhost/127.0.0.1:64134] for POST '/session/c91585eb0ea9c0c57bdab7b8ba589fea/element'
10:42:27.094 [AsyncHttpClient-1-6] DEBUG org.asynchttpclient.netty.handler.HttpHandler - 

Request DefaultHttpRequest(decodeResult: success, version: HTTP/1.1)
POST /session/c91585eb0ea9c0c57bdab7b8ba589fea/element HTTP/1.1
User-Agent: selenium/4.1.2 (java windows)
Content-Length: 84
Content-Type: application/json; charset=utf-8
host: localhost:64134
accept: */*

Response DefaultHttpResponse(decodeResult: success, version: HTTP/1.1)
HTTP/1.1 200 OK
Content-Type: application/json; charset=utf-8
cache-control: no-cache
content-length: 88

10:42:27.095 [AsyncHttpClient-1-6] DEBUG org.asynchttpclient.netty.channel.ChannelManager - Adding key: http://localhost:64134 for channel [id: 0x4dcb2ea3, L:/127.0.0.1:57221 - R:localhost/127.0.0.1:64134]
10:42:27.097 [Forwarding getElementTagName on session c91585eb0ea9c0c57bdab7b8ba589fea to remote] DEBUG org.asynchttpclient.netty.request.NettyRequestSender - Using pooled Channel '[id: 0x4dcb2ea3, L:/127.0.0.1:57221 - R:localhost/127.0.0.1:64134]' for 'GET' to 'http://localhost:64134/session/c91585eb0ea9c0c57bdab7b8ba589fea/element/6cc6e232-4190-4b3c-b171-a205bcdabfcb/name'
10:42:27.097 [Forwarding getElementTagName on session c91585eb0ea9c0c57bdab7b8ba589fea to remote] DEBUG org.asynchttpclient.netty.request.NettyRequestSender - Using open Channel [id: 0x4dcb2ea3, L:/127.0.0.1:57221 - R:localhost/127.0.0.1:64134] for GET '/session/c91585eb0ea9c0c57bdab7b8ba589fea/element/6cc6e232-4190-4b3c-b171-a205bcdabfcb/name'
10:42:27.146 [AsyncHttpClient-1-6] DEBUG org.asynchttpclient.netty.handler.HttpHandler - 

Request DefaultFullHttpRequest(decodeResult: success, version: HTTP/1.1, content: EmptyByteBufBE)
GET /session/c91585eb0ea9c0c57bdab7b8ba589fea/element/6cc6e232-4190-4b3c-b171-a205bcdabfcb/name HTTP/1.1
User-Agent: selenium/4.1.2 (java windows)
Cache-Control: no-cache
Content-Type: application/json; charset=utf-8
host: localhost:64134
accept: */*

Response DefaultHttpResponse(decodeResult: success, version: HTTP/1.1)
HTTP/1.1 200 OK
Content-Type: application/json; charset=utf-8
cache-control: no-cache
content-length: 15

10:42:27.146 [AsyncHttpClient-1-6] DEBUG org.asynchttpclient.netty.channel.ChannelManager - Adding key: http://localhost:64134 for channel [id: 0x4dcb2ea3, L:/127.0.0.1:57221 - R:localhost/127.0.0.1:64134]
10:42:27.148 [Forwarding getElementTagName on session c91585eb0ea9c0c57bdab7b8ba589fea to remote] DEBUG org.asynchttpclient.netty.request.NettyRequestSender - Using pooled Channel '[id: 0x4dcb2ea3, L:/127.0.0.1:57221 - R:localhost/127.0.0.1:64134]' for 'GET' to 'http://localhost:64134/session/c91585eb0ea9c0c57bdab7b8ba589fea/element/6cc6e232-4190-4b3c-b171-a205bcdabfcb/name'
10:42:27.148 [Forwarding getElementTagName on session c91585eb0ea9c0c57bdab7b8ba589fea to remote] DEBUG org.asynchttpclient.netty.request.NettyRequestSender - Using open Channel [id: 0x4dcb2ea3, L:/127.0.0.1:57221 - R:localhost/127.0.0.1:64134] for GET '/session/c91585eb0ea9c0c57bdab7b8ba589fea/element/6cc6e232-4190-4b3c-b171-a205bcdabfcb/name'
10:42:27.153 [AsyncHttpClient-1-6] DEBUG org.asynchttpclient.netty.handler.HttpHandler - 

Request DefaultFullHttpRequest(decodeResult: success, version: HTTP/1.1, content: EmptyByteBufBE)
GET /session/c91585eb0ea9c0c57bdab7b8ba589fea/element/6cc6e232-4190-4b3c-b171-a205bcdabfcb/name HTTP/1.1
User-Agent: selenium/4.1.2 (java windows)
Cache-Control: no-cache
Content-Type: application/json; charset=utf-8
host: localhost:64134
accept: */*

Response DefaultHttpResponse(decodeResult: success, version: HTTP/1.1)
HTTP/1.1 200 OK
Content-Type: application/json; charset=utf-8
cache-control: no-cache
content-length: 15

10:42:27.153 [AsyncHttpClient-1-6] DEBUG org.asynchttpclient.netty.channel.ChannelManager - Adding key: http://localhost:64134 for channel [id: 0x4dcb2ea3, L:/127.0.0.1:57221 - R:localhost/127.0.0.1:64134]
10:42:27.155 [Forwarding findElement on session c91585eb0ea9c0c57bdab7b8ba589fea to remote] DEBUG org.asynchttpclient.netty.request.NettyRequestSender - Using pooled Channel '[id: 0x4dcb2ea3, L:/127.0.0.1:57221 - R:localhost/127.0.0.1:64134]' for 'POST' to 'http://localhost:64134/session/c91585eb0ea9c0c57bdab7b8ba589fea/element'
10:42:27.155 [Forwarding findElement on session c91585eb0ea9c0c57bdab7b8ba589fea to remote] DEBUG org.asynchttpclient.netty.request.NettyRequestSender - Using open Channel [id: 0x4dcb2ea3, L:/127.0.0.1:57221 - R:localhost/127.0.0.1:64134] for POST '/session/c91585eb0ea9c0c57bdab7b8ba589fea/element'
10:42:27.164 [AsyncHttpClient-1-6] DEBUG org.asynchttpclient.netty.handler.HttpHandler - 

Request DefaultHttpRequest(decodeResult: success, version: HTTP/1.1)
POST /session/c91585eb0ea9c0c57bdab7b8ba589fea/element HTTP/1.1
User-Agent: selenium/4.1.2 (java windows)
Content-Length: 84
Content-Type: application/json; charset=utf-8
host: localhost:64134
accept: */*

Response DefaultHttpResponse(decodeResult: success, version: HTTP/1.1)
HTTP/1.1 200 OK
Content-Type: application/json; charset=utf-8
cache-control: no-cache
content-length: 88

10:42:27.164 [AsyncHttpClient-1-6] DEBUG org.asynchttpclient.netty.channel.ChannelManager - Adding key: http://localhost:64134 for channel [id: 0x4dcb2ea3, L:/127.0.0.1:57221 - R:localhost/127.0.0.1:64134]
10:42:27.166 [Forwarding clickElement on session c91585eb0ea9c0c57bdab7b8ba589fea to remote] DEBUG org.asynchttpclient.netty.request.NettyRequestSender - Using pooled Channel '[id: 0x4dcb2ea3, L:/127.0.0.1:57221 - R:localhost/127.0.0.1:64134]' for 'POST' to 'http://localhost:64134/session/c91585eb0ea9c0c57bdab7b8ba589fea/element/6cc6e232-4190-4b3c-b171-a205bcdabfcb/click'
10:42:27.166 [Forwarding clickElement on session c91585eb0ea9c0c57bdab7b8ba589fea to remote] DEBUG org.asynchttpclient.netty.request.NettyRequestSender - Using open Channel [id: 0x4dcb2ea3, L:/127.0.0.1:57221 - R:localhost/127.0.0.1:64134] for POST '/session/c91585eb0ea9c0c57bdab7b8ba589fea/element/6cc6e232-4190-4b3c-b171-a205bcdabfcb/click'
10:42:28.163 [AsyncHttpClient-1-1] DEBUG org.asynchttpclient.netty.channel.DefaultChannelPool - Entry count for : http://localhost:57224 : 1
10:42:29.211 [AsyncHttpClient-1-6] DEBUG org.asynchttpclient.netty.handler.HttpHandler - 

Request DefaultHttpRequest(decodeResult: success, version: HTTP/1.1)
POST /session/c91585eb0ea9c0c57bdab7b8ba589fea/element/6cc6e232-4190-4b3c-b171-a205bcdabfcb/click HTTP/1.1
User-Agent: selenium/4.1.2 (java windows)
Content-Length: 50
Content-Type: application/json; charset=utf-8
host: localhost:64134
accept: */*

Response DefaultHttpResponse(decodeResult: success, version: HTTP/1.1)
HTTP/1.1 200 OK
Content-Type: application/json; charset=utf-8
cache-control: no-cache
content-length: 14

10:42:29.212 [AsyncHttpClient-1-6] DEBUG org.asynchttpclient.netty.channel.ChannelManager - Adding key: http://localhost:64134 for channel [id: 0x4dcb2ea3, L:/127.0.0.1:57221 - R:localhost/127.0.0.1:64134]
10:42:29.221 [Forwarding screenshot on session c91585eb0ea9c0c57bdab7b8ba589fea to remote] DEBUG org.asynchttpclient.netty.request.NettyRequestSender - Using pooled Channel '[id: 0x4dcb2ea3, L:/127.0.0.1:57221 - R:localhost/127.0.0.1:64134]' for 'GET' to 'http://localhost:64134/session/c91585eb0ea9c0c57bdab7b8ba589fea/screenshot'
10:42:29.221 [Forwarding screenshot on session c91585eb0ea9c0c57bdab7b8ba589fea to remote] DEBUG org.asynchttpclient.netty.request.NettyRequestSender - Using open Channel [id: 0x4dcb2ea3, L:/127.0.0.1:57221 - R:localhost/127.0.0.1:64134] for GET '/session/c91585eb0ea9c0c57bdab7b8ba589fea/screenshot'
10:42:29.264 [AsyncHttpClient-1-1] DEBUG org.asynchttpclient.netty.channel.DefaultChannelPool - Entry count for : http://localhost:57224 : 1
10:42:29.692 [AsyncHttpClient-1-6] DEBUG org.asynchttpclient.netty.handler.HttpHandler - 

Request DefaultFullHttpRequest(decodeResult: success, version: HTTP/1.1, content: EmptyByteBufBE)
GET /session/c91585eb0ea9c0c57bdab7b8ba589fea/screenshot HTTP/1.1
User-Agent: selenium/4.1.2 (java windows)
Cache-Control: no-cache
Content-Type: application/json; charset=utf-8
host: localhost:64134
accept: */*

Response DefaultHttpResponse(decodeResult: success, version: HTTP/1.1)
HTTP/1.1 200 OK
Content-Type: application/json; charset=utf-8
cache-control: no-cache
content-length: 77864

10:42:29.693 [AsyncHttpClient-1-6] DEBUG org.asynchttpclient.netty.channel.ChannelManager - Adding key: http://localhost:64134 for channel [id: 0x4dcb2ea3, L:/127.0.0.1:57221 - R:localhost/127.0.0.1:64134]
10:42:29.699 [main] DEBUG net.serenitybdd.core.photography.Darkroom - Send negative for processing for target\site\serenity\1f121c84ac5ed486a34b6564ef548c7a63c0810ba65b369a172b58667ec6d336.png
10:42:29.700 [main] DEBUG net.thucydides.core.steps.StepInterceptor - STEP DONE: clickMenuAppointmentButton
  &amp#27;[32mAnd &amp#27;[0m&amp#27;[32mI click menu Appointment&amp#27;[0m                           &amp#27;[90m# starter.stepdefinitions.AppointmentSteps.iClickMenuAppointment()&amp#27;[0m
10:42:29.750 [Forwarding screenshot on session c91585eb0ea9c0c57bdab7b8ba589fea to remote] DEBUG org.asynchttpclient.netty.request.NettyRequestSender - Using pooled Channel '[id: 0x4dcb2ea3, L:/127.0.0.1:57221 - R:localhost/127.0.0.1:64134]' for 'GET' to 'http://localhost:64134/session/c91585eb0ea9c0c57bdab7b8ba589fea/screenshot'
10:42:29.751 [Forwarding screenshot on session c91585eb0ea9c0c57bdab7b8ba589fea to remote] DEBUG org.asynchttpclient.netty.request.NettyRequestSender - Using open Channel [id: 0x4dcb2ea3, L:/127.0.0.1:57221 - R:localhost/127.0.0.1:64134] for GET '/session/c91585eb0ea9c0c57bdab7b8ba589fea/screenshot'
10:42:29.874 [AsyncHttpClient-1-6] DEBUG org.asynchttpclient.netty.handler.HttpHandler - 

Request DefaultFullHttpRequest(decodeResult: success, version: HTTP/1.1, content: EmptyByteBufBE)
GET /session/c91585eb0ea9c0c57bdab7b8ba589fea/screenshot HTTP/1.1
User-Agent: selenium/4.1.2 (java windows)
Cache-Control: no-cache
Content-Type: application/json; charset=utf-8
host: localhost:64134
accept: */*

Response DefaultHttpResponse(decodeResult: success, version: HTTP/1.1)
HTTP/1.1 200 OK
Content-Type: application/json; charset=utf-8
cache-control: no-cache
content-length: 77864

10:42:29.875 [AsyncHttpClient-1-6] DEBUG org.asynchttpclient.netty.channel.ChannelManager - Adding key: http://localhost:64134 for channel [id: 0x4dcb2ea3, L:/127.0.0.1:57221 - R:localhost/127.0.0.1:64134]
10:42:29.879 [main] DEBUG net.serenitybdd.core.photography.Darkroom - Send negative for processing for target\site\serenity\1f121c84ac5ed486a34b6564ef548c7a63c0810ba65b369a172b58667ec6d336.png
10:42:29.879 [main] DEBUG net.thucydides.core.steps.StepInterceptor - STARTING STEP: AppointmentSteps.iClickEditAppointmentIcon - clickEditAppointmentIcon
10:42:29.884 [Forwarding findElement on session c91585eb0ea9c0c57bdab7b8ba589fea to remote] DEBUG org.asynchttpclient.netty.request.NettyRequestSender - Using pooled Channel '[id: 0x4dcb2ea3, L:/127.0.0.1:57221 - R:localhost/127.0.0.1:64134]' for 'POST' to 'http://localhost:64134/session/c91585eb0ea9c0c57bdab7b8ba589fea/element'
10:42:29.884 [Forwarding findElement on session c91585eb0ea9c0c57bdab7b8ba589fea to remote] DEBUG org.asynchttpclient.netty.request.NettyRequestSender - Using open Channel [id: 0x4dcb2ea3, L:/127.0.0.1:57221 - R:localhost/127.0.0.1:64134] for POST '/session/c91585eb0ea9c0c57bdab7b8ba589fea/element'
10:42:30.364 [AsyncHttpClient-1-1] DEBUG org.asynchttpclient.netty.channel.DefaultChannelPool - Entry count for : http://localhost:57224 : 1
10:42:30.546 [AsyncHttpClient-1-6] DEBUG org.asynchttpclient.netty.handler.HttpHandler - 

Request DefaultHttpRequest(decodeResult: success, version: HTTP/1.1)
POST /session/c91585eb0ea9c0c57bdab7b8ba589fea/element HTTP/1.1
User-Agent: selenium/4.1.2 (java windows)
Content-Length: 205
Content-Type: application/json; charset=utf-8
host: localhost:64134
accept: */*

Response DefaultHttpResponse(decodeResult: success, version: HTTP/1.1)
HTTP/1.1 200 OK
Content-Type: application/json; charset=utf-8
cache-control: no-cache
content-length: 88

10:42:30.546 [AsyncHttpClient-1-6] DEBUG org.asynchttpclient.netty.channel.ChannelManager - Adding key: http://localhost:64134 for channel [id: 0x4dcb2ea3, L:/127.0.0.1:57221 - R:localhost/127.0.0.1:64134]
10:42:30.548 [Forwarding getElementTagName on session c91585eb0ea9c0c57bdab7b8ba589fea to remote] DEBUG org.asynchttpclient.netty.request.NettyRequestSender - Using pooled Channel '[id: 0x4dcb2ea3, L:/127.0.0.1:57221 - R:localhost/127.0.0.1:64134]' for 'GET' to 'http://localhost:64134/session/c91585eb0ea9c0c57bdab7b8ba589fea/element/fcd4522e-1e30-46af-be1a-b3100b6ccbcf/name'
10:42:30.549 [Forwarding getElementTagName on session c91585eb0ea9c0c57bdab7b8ba589fea to remote] DEBUG org.asynchttpclient.netty.request.NettyRequestSender - Using open Channel [id: 0x4dcb2ea3, L:/127.0.0.1:57221 - R:localhost/127.0.0.1:64134] for GET '/session/c91585eb0ea9c0c57bdab7b8ba589fea/element/fcd4522e-1e30-46af-be1a-b3100b6ccbcf/name'
10:42:30.554 [AsyncHttpClient-1-6] DEBUG org.asynchttpclient.netty.handler.HttpHandler - 

Request DefaultFullHttpRequest(decodeResult: success, version: HTTP/1.1, content: EmptyByteBufBE)
GET /session/c91585eb0ea9c0c57bdab7b8ba589fea/element/fcd4522e-1e30-46af-be1a-b3100b6ccbcf/name HTTP/1.1
User-Agent: selenium/4.1.2 (java windows)
Cache-Control: no-cache
Content-Type: application/json; charset=utf-8
host: localhost:64134
accept: */*

Response DefaultHttpResponse(decodeResult: success, version: HTTP/1.1)
HTTP/1.1 200 OK
Content-Type: application/json; charset=utf-8
cache-control: no-cache
content-length: 18

10:42:30.554 [AsyncHttpClient-1-6] DEBUG org.asynchttpclient.netty.channel.ChannelManager - Adding key: http://localhost:64134 for channel [id: 0x4dcb2ea3, L:/127.0.0.1:57221 - R:localhost/127.0.0.1:64134]
10:42:30.567 [Forwarding getElementTagName on session c91585eb0ea9c0c57bdab7b8ba589fea to remote] DEBUG org.asynchttpclient.netty.request.NettyRequestSender - Using pooled Channel '[id: 0x4dcb2ea3, L:/127.0.0.1:57221 - R:localhost/127.0.0.1:64134]' for 'GET' to 'http://localhost:64134/session/c91585eb0ea9c0c57bdab7b8ba589fea/element/fcd4522e-1e30-46af-be1a-b3100b6ccbcf/name'
10:42:30.567 [Forwarding getElementTagName on session c91585eb0ea9c0c57bdab7b8ba589fea to remote] DEBUG org.asynchttpclient.netty.request.NettyRequestSender - Using open Channel [id: 0x4dcb2ea3, L:/127.0.0.1:57221 - R:localhost/127.0.0.1:64134] for GET '/session/c91585eb0ea9c0c57bdab7b8ba589fea/element/fcd4522e-1e30-46af-be1a-b3100b6ccbcf/name'
10:42:30.571 [AsyncHttpClient-1-6] DEBUG org.asynchttpclient.netty.handler.HttpHandler - 

Request DefaultFullHttpRequest(decodeResult: success, version: HTTP/1.1, content: EmptyByteBufBE)
GET /session/c91585eb0ea9c0c57bdab7b8ba589fea/element/fcd4522e-1e30-46af-be1a-b3100b6ccbcf/name HTTP/1.1
User-Agent: selenium/4.1.2 (java windows)
Cache-Control: no-cache
Content-Type: application/json; charset=utf-8
host: localhost:64134
accept: */*

Response DefaultHttpResponse(decodeResult: success, version: HTTP/1.1)
HTTP/1.1 200 OK
Content-Type: application/json; charset=utf-8
cache-control: no-cache
content-length: 18

10:42:30.572 [AsyncHttpClient-1-6] DEBUG org.asynchttpclient.netty.channel.ChannelManager - Adding key: http://localhost:64134 for channel [id: 0x4dcb2ea3, L:/127.0.0.1:57221 - R:localhost/127.0.0.1:64134]
10:42:30.575 [Forwarding isElementEnabled on session c91585eb0ea9c0c57bdab7b8ba589fea to remote] DEBUG org.asynchttpclient.netty.request.NettyRequestSender - Using pooled Channel '[id: 0x4dcb2ea3, L:/127.0.0.1:57221 - R:localhost/127.0.0.1:64134]' for 'GET' to 'http://localhost:64134/session/c91585eb0ea9c0c57bdab7b8ba589fea/element/fcd4522e-1e30-46af-be1a-b3100b6ccbcf/enabled'
10:42:30.575 [Forwarding isElementEnabled on session c91585eb0ea9c0c57bdab7b8ba589fea to remote] DEBUG org.asynchttpclient.netty.request.NettyRequestSender - Using open Channel [id: 0x4dcb2ea3, L:/127.0.0.1:57221 - R:localhost/127.0.0.1:64134] for GET '/session/c91585eb0ea9c0c57bdab7b8ba589fea/element/fcd4522e-1e30-46af-be1a-b3100b6ccbcf/enabled'
10:42:30.611 [AsyncHttpClient-1-6] DEBUG org.asynchttpclient.netty.handler.HttpHandler - 

Request DefaultFullHttpRequest(decodeResult: success, version: HTTP/1.1, content: EmptyByteBufBE)
GET /session/c91585eb0ea9c0c57bdab7b8ba589fea/element/fcd4522e-1e30-46af-be1a-b3100b6ccbcf/enabled HTTP/1.1
User-Agent: selenium/4.1.2 (java windows)
Cache-Control: no-cache
Content-Type: application/json; charset=utf-8
host: localhost:64134
accept: */*

Response DefaultHttpResponse(decodeResult: success, version: HTTP/1.1)
HTTP/1.1 200 OK
Content-Type: application/json; charset=utf-8
cache-control: no-cache
content-length: 14

10:42:30.611 [AsyncHttpClient-1-6] DEBUG org.asynchttpclient.netty.channel.ChannelManager - Adding key: http://localhost:64134 for channel [id: 0x4dcb2ea3, L:/127.0.0.1:57221 - R:localhost/127.0.0.1:64134]
10:42:30.625 [Forwarding isElementEnabled on session c91585eb0ea9c0c57bdab7b8ba589fea to remote] DEBUG org.asynchttpclient.netty.request.NettyRequestSender - Using pooled Channel '[id: 0x4dcb2ea3, L:/127.0.0.1:57221 - R:localhost/127.0.0.1:64134]' for 'GET' to 'http://localhost:64134/session/c91585eb0ea9c0c57bdab7b8ba589fea/element/fcd4522e-1e30-46af-be1a-b3100b6ccbcf/enabled'
10:42:30.625 [Forwarding isElementEnabled on session c91585eb0ea9c0c57bdab7b8ba589fea to remote] DEBUG org.asynchttpclient.netty.request.NettyRequestSender - Using open Channel [id: 0x4dcb2ea3, L:/127.0.0.1:57221 - R:localhost/127.0.0.1:64134] for GET '/session/c91585eb0ea9c0c57bdab7b8ba589fea/element/fcd4522e-1e30-46af-be1a-b3100b6ccbcf/enabled'
10:42:30.633 [AsyncHttpClient-1-6] DEBUG org.asynchttpclient.netty.handler.HttpHandler - 

Request DefaultFullHttpRequest(decodeResult: success, version: HTTP/1.1, content: EmptyByteBufBE)
GET /session/c91585eb0ea9c0c57bdab7b8ba589fea/element/fcd4522e-1e30-46af-be1a-b3100b6ccbcf/enabled HTTP/1.1
User-Agent: selenium/4.1.2 (java windows)
Cache-Control: no-cache
Content-Type: application/json; charset=utf-8
host: localhost:64134
accept: */*

Response DefaultHttpResponse(decodeResult: success, version: HTTP/1.1)
HTTP/1.1 200 OK
Content-Type: application/json; charset=utf-8
cache-control: no-cache
content-length: 14

10:42:30.633 [AsyncHttpClient-1-6] DEBUG org.asynchttpclient.netty.channel.ChannelManager - Adding key: http://localhost:64134 for channel [id: 0x4dcb2ea3, L:/127.0.0.1:57221 - R:localhost/127.0.0.1:64134]
10:42:30.635 [Forwarding findElement on session c91585eb0ea9c0c57bdab7b8ba589fea to remote] DEBUG org.asynchttpclient.netty.request.NettyRequestSender - Using pooled Channel '[id: 0x4dcb2ea3, L:/127.0.0.1:57221 - R:localhost/127.0.0.1:64134]' for 'POST' to 'http://localhost:64134/session/c91585eb0ea9c0c57bdab7b8ba589fea/element'
10:42:30.635 [Forwarding findElement on session c91585eb0ea9c0c57bdab7b8ba589fea to remote] DEBUG org.asynchttpclient.netty.request.NettyRequestSender - Using open Channel [id: 0x4dcb2ea3, L:/127.0.0.1:57221 - R:localhost/127.0.0.1:64134] for POST '/session/c91585eb0ea9c0c57bdab7b8ba589fea/element'
10:42:30.644 [AsyncHttpClient-1-6] DEBUG org.asynchttpclient.netty.handler.HttpHandler - 

Request DefaultHttpRequest(decodeResult: success, version: HTTP/1.1)
POST /session/c91585eb0ea9c0c57bdab7b8ba589fea/element HTTP/1.1
User-Agent: selenium/4.1.2 (java windows)
Content-Length: 205
Content-Type: application/json; charset=utf-8
host: localhost:64134
accept: */*

Response DefaultHttpResponse(decodeResult: success, version: HTTP/1.1)
HTTP/1.1 200 OK
Content-Type: application/json; charset=utf-8
cache-control: no-cache
content-length: 88

10:42:30.644 [AsyncHttpClient-1-6] DEBUG org.asynchttpclient.netty.channel.ChannelManager - Adding key: http://localhost:64134 for channel [id: 0x4dcb2ea3, L:/127.0.0.1:57221 - R:localhost/127.0.0.1:64134]
10:42:30.646 [Forwarding clickElement on session c91585eb0ea9c0c57bdab7b8ba589fea to remote] DEBUG org.asynchttpclient.netty.request.NettyRequestSender - Using pooled Channel '[id: 0x4dcb2ea3, L:/127.0.0.1:57221 - R:localhost/127.0.0.1:64134]' for 'POST' to 'http://localhost:64134/session/c91585eb0ea9c0c57bdab7b8ba589fea/element/fcd4522e-1e30-46af-be1a-b3100b6ccbcf/click'
10:42:30.646 [Forwarding clickElement on session c91585eb0ea9c0c57bdab7b8ba589fea to remote] DEBUG org.asynchttpclient.netty.request.NettyRequestSender - Using open Channel [id: 0x4dcb2ea3, L:/127.0.0.1:57221 - R:localhost/127.0.0.1:64134] for POST '/session/c91585eb0ea9c0c57bdab7b8ba589fea/element/fcd4522e-1e30-46af-be1a-b3100b6ccbcf/click'
10:42:31.464 [AsyncHttpClient-1-1] DEBUG org.asynchttpclient.netty.channel.DefaultChannelPool - Entry count for : http://localhost:57224 : 1
10:42:31.588 [AsyncHttpClient-1-6] DEBUG org.asynchttpclient.netty.handler.HttpHandler - 

Request DefaultHttpRequest(decodeResult: success, version: HTTP/1.1)
POST /session/c91585eb0ea9c0c57bdab7b8ba589fea/element/fcd4522e-1e30-46af-be1a-b3100b6ccbcf/click HTTP/1.1
User-Agent: selenium/4.1.2 (java windows)
Content-Length: 50
Content-Type: application/json; charset=utf-8
host: localhost:64134
accept: */*

Response DefaultHttpResponse(decodeResult: success, version: HTTP/1.1)
HTTP/1.1 200 OK
Content-Type: application/json; charset=utf-8
cache-control: no-cache
content-length: 14

10:42:31.617 [AsyncHttpClient-1-6] DEBUG org.asynchttpclient.netty.channel.ChannelManager - Adding key: http://localhost:64134 for channel [id: 0x4dcb2ea3, L:/127.0.0.1:57221 - R:localhost/127.0.0.1:64134]
10:42:31.628 [Forwarding screenshot on session c91585eb0ea9c0c57bdab7b8ba589fea to remote] DEBUG org.asynchttpclient.netty.request.NettyRequestSender - Using pooled Channel '[id: 0x4dcb2ea3, L:/127.0.0.1:57221 - R:localhost/127.0.0.1:64134]' for 'GET' to 'http://localhost:64134/session/c91585eb0ea9c0c57bdab7b8ba589fea/screenshot'
10:42:31.628 [Forwarding screenshot on session c91585eb0ea9c0c57bdab7b8ba589fea to remote] DEBUG org.asynchttpclient.netty.request.NettyRequestSender - Using open Channel [id: 0x4dcb2ea3, L:/127.0.0.1:57221 - R:localhost/127.0.0.1:64134] for GET '/session/c91585eb0ea9c0c57bdab7b8ba589fea/screenshot'
10:42:31.817 [AsyncHttpClient-1-6] DEBUG org.asynchttpclient.netty.handler.HttpHandler - 

Request DefaultFullHttpRequest(decodeResult: success, version: HTTP/1.1, content: EmptyByteBufBE)
GET /session/c91585eb0ea9c0c57bdab7b8ba589fea/screenshot HTTP/1.1
User-Agent: selenium/4.1.2 (java windows)
Cache-Control: no-cache
Content-Type: application/json; charset=utf-8
host: localhost:64134
accept: */*

Response DefaultHttpResponse(decodeResult: success, version: HTTP/1.1)
HTTP/1.1 200 OK
Content-Type: application/json; charset=utf-8
cache-control: no-cache
content-length: 128160

10:42:31.818 [AsyncHttpClient-1-6] DEBUG org.asynchttpclient.netty.channel.ChannelManager - Adding key: http://localhost:64134 for channel [id: 0x4dcb2ea3, L:/127.0.0.1:57221 - R:localhost/127.0.0.1:64134]
10:42:31.830 [main] DEBUG net.serenitybdd.core.photography.Darkroom - Send negative for processing for target\site\serenity\9361afbd1445bd6c5252fc5f5ec71b87572a7e0dae25cd1ad9649146c145e11a.png
10:42:31.831 [Darkroom Processing Line] DEBUG net.serenitybdd.core.photography.DarkroomProcessingLine - Processing screenshot image in /var/screenshots/screenshot-9181780317436871986
10:42:31.831 [main] DEBUG net.thucydides.core.steps.StepInterceptor - STEP DONE: clickEditAppointmentIcon
10:42:31.831 [Darkroom Processing Line] DEBUG net.serenitybdd.core.photography.DarkroomProcessingLine - Saving screenshot to target\site\serenity\9361afbd1445bd6c5252fc5f5ec71b87572a7e0dae25cd1ad9649146c145e11a.png
  &amp#27;[32mWhen &amp#27;[0m&amp#27;[32mI click edit Appointment icon&amp#27;[0m                     &amp#27;[90m# starter.stepdefinitions.AppointmentSteps.iClickEditAppointmentIcon()&amp#27;[0m
10:42:31.881 [Forwarding screenshot on session c91585eb0ea9c0c57bdab7b8ba589fea to remote] DEBUG org.asynchttpclient.netty.request.NettyRequestSender - Using pooled Channel '[id: 0x4dcb2ea3, L:/127.0.0.1:57221 - R:localhost/127.0.0.1:64134]' for 'GET' to 'http://localhost:64134/session/c91585eb0ea9c0c57bdab7b8ba589fea/screenshot'
10:42:31.882 [Forwarding screenshot on session c91585eb0ea9c0c57bdab7b8ba589fea to remote] DEBUG org.asynchttpclient.netty.request.NettyRequestSender - Using open Channel [id: 0x4dcb2ea3, L:/127.0.0.1:57221 - R:localhost/127.0.0.1:64134] for GET '/session/c91585eb0ea9c0c57bdab7b8ba589fea/screenshot'
10:42:32.007 [AsyncHttpClient-1-6] DEBUG org.asynchttpclient.netty.handler.HttpHandler - 

Request DefaultFullHttpRequest(decodeResult: success, version: HTTP/1.1, content: EmptyByteBufBE)
GET /session/c91585eb0ea9c0c57bdab7b8ba589fea/screenshot HTTP/1.1
User-Agent: selenium/4.1.2 (java windows)
Cache-Control: no-cache
Content-Type: application/json; charset=utf-8
host: localhost:64134
accept: */*

Response DefaultHttpResponse(decodeResult: success, version: HTTP/1.1)
HTTP/1.1 200 OK
Content-Type: application/json; charset=utf-8
cache-control: no-cache
content-length: 84312

10:42:32.010 [AsyncHttpClient-1-6] DEBUG org.asynchttpclient.netty.channel.ChannelManager - Adding key: http://localhost:64134 for channel [id: 0x4dcb2ea3, L:/127.0.0.1:57221 - R:localhost/127.0.0.1:64134]
10:42:32.016 [main] DEBUG net.serenitybdd.core.photography.Darkroom - Send negative for processing for target\site\serenity\db35c6987523cdb4ec49b8920c0315715bbd4a85896751927410fd6d19294fe2.png
10:42:32.016 [main] DEBUG net.thucydides.core.steps.StepInterceptor - STARTING STEP: AppointmentSteps.iClickTheXButton - clickTheXIcon
10:42:32.016 [Darkroom Processing Line] DEBUG net.serenitybdd.core.photography.DarkroomProcessingLine - Processing screenshot image in /var/screenshots/screenshot-11580704853407611581
10:42:32.016 [Darkroom Processing Line] DEBUG net.serenitybdd.core.photography.DarkroomProcessingLine - Saving screenshot to target\site\serenity\db35c6987523cdb4ec49b8920c0315715bbd4a85896751927410fd6d19294fe2.png
10:42:32.020 [Forwarding findElement on session c91585eb0ea9c0c57bdab7b8ba589fea to remote] DEBUG org.asynchttpclient.netty.request.NettyRequestSender - Using pooled Channel '[id: 0x4dcb2ea3, L:/127.0.0.1:57221 - R:localhost/127.0.0.1:64134]' for 'POST' to 'http://localhost:64134/session/c91585eb0ea9c0c57bdab7b8ba589fea/element'
10:42:32.020 [Forwarding findElement on session c91585eb0ea9c0c57bdab7b8ba589fea to remote] DEBUG org.asynchttpclient.netty.request.NettyRequestSender - Using open Channel [id: 0x4dcb2ea3, L:/127.0.0.1:57221 - R:localhost/127.0.0.1:64134] for POST '/session/c91585eb0ea9c0c57bdab7b8ba589fea/element'
10:42:32.047 [AsyncHttpClient-1-6] DEBUG org.asynchttpclient.netty.handler.HttpHandler - 

Request DefaultHttpRequest(decodeResult: success, version: HTTP/1.1)
POST /session/c91585eb0ea9c0c57bdab7b8ba589fea/element HTTP/1.1
User-Agent: selenium/4.1.2 (java windows)
Content-Length: 104
Content-Type: application/json; charset=utf-8
host: localhost:64134
accept: */*

Response DefaultHttpResponse(decodeResult: success, version: HTTP/1.1)
HTTP/1.1 200 OK
Content-Type: application/json; charset=utf-8
cache-control: no-cache
content-length: 88

10:42:32.047 [AsyncHttpClient-1-6] DEBUG org.asynchttpclient.netty.channel.ChannelManager - Adding key: http://localhost:64134 for channel [id: 0x4dcb2ea3, L:/127.0.0.1:57221 - R:localhost/127.0.0.1:64134]
10:42:32.049 [Forwarding getElementTagName on session c91585eb0ea9c0c57bdab7b8ba589fea to remote] DEBUG org.asynchttpclient.netty.request.NettyRequestSender - Using pooled Channel '[id: 0x4dcb2ea3, L:/127.0.0.1:57221 - R:localhost/127.0.0.1:64134]' for 'GET' to 'http://localhost:64134/session/c91585eb0ea9c0c57bdab7b8ba589fea/element/7e6bff5e-3637-4b50-9b96-54bf2133d3da/name'
10:42:32.049 [Forwarding getElementTagName on session c91585eb0ea9c0c57bdab7b8ba589fea to remote] DEBUG org.asynchttpclient.netty.request.NettyRequestSender - Using open Channel [id: 0x4dcb2ea3, L:/127.0.0.1:57221 - R:localhost/127.0.0.1:64134] for GET '/session/c91585eb0ea9c0c57bdab7b8ba589fea/element/7e6bff5e-3637-4b50-9b96-54bf2133d3da/name'
10:42:32.057 [AsyncHttpClient-1-6] DEBUG org.asynchttpclient.netty.handler.HttpHandler - 

Request DefaultFullHttpRequest(decodeResult: success, version: HTTP/1.1, content: EmptyByteBufBE)
GET /session/c91585eb0ea9c0c57bdab7b8ba589fea/element/7e6bff5e-3637-4b50-9b96-54bf2133d3da/name HTTP/1.1
User-Agent: selenium/4.1.2 (java windows)
Cache-Control: no-cache
Content-Type: application/json; charset=utf-8
host: localhost:64134
accept: */*

Response DefaultHttpResponse(decodeResult: success, version: HTTP/1.1)
HTTP/1.1 200 OK
Content-Type: application/json; charset=utf-8
cache-control: no-cache
content-length: 18

10:42:32.058 [AsyncHttpClient-1-6] DEBUG org.asynchttpclient.netty.channel.ChannelManager - Adding key: http://localhost:64134 for channel [id: 0x4dcb2ea3, L:/127.0.0.1:57221 - R:localhost/127.0.0.1:64134]
10:42:32.059 [Forwarding getElementTagName on session c91585eb0ea9c0c57bdab7b8ba589fea to remote] DEBUG org.asynchttpclient.netty.request.NettyRequestSender - Using pooled Channel '[id: 0x4dcb2ea3, L:/127.0.0.1:57221 - R:localhost/127.0.0.1:64134]' for 'GET' to 'http://localhost:64134/session/c91585eb0ea9c0c57bdab7b8ba589fea/element/7e6bff5e-3637-4b50-9b96-54bf2133d3da/name'
10:42:32.060 [Forwarding getElementTagName on session c91585eb0ea9c0c57bdab7b8ba589fea to remote] DEBUG org.asynchttpclient.netty.request.NettyRequestSender - Using open Channel [id: 0x4dcb2ea3, L:/127.0.0.1:57221 - R:localhost/127.0.0.1:64134] for GET '/session/c91585eb0ea9c0c57bdab7b8ba589fea/element/7e6bff5e-3637-4b50-9b96-54bf2133d3da/name'
10:42:32.063 [AsyncHttpClient-1-6] DEBUG org.asynchttpclient.netty.handler.HttpHandler - 

Request DefaultFullHttpRequest(decodeResult: success, version: HTTP/1.1, content: EmptyByteBufBE)
GET /session/c91585eb0ea9c0c57bdab7b8ba589fea/element/7e6bff5e-3637-4b50-9b96-54bf2133d3da/name HTTP/1.1
User-Agent: selenium/4.1.2 (java windows)
Cache-Control: no-cache
Content-Type: application/json; charset=utf-8
host: localhost:64134
accept: */*

Response DefaultHttpResponse(decodeResult: success, version: HTTP/1.1)
HTTP/1.1 200 OK
Content-Type: application/json; charset=utf-8
cache-control: no-cache
content-length: 18

10:42:32.064 [AsyncHttpClient-1-6] DEBUG org.asynchttpclient.netty.channel.ChannelManager - Adding key: http://localhost:64134 for channel [id: 0x4dcb2ea3, L:/127.0.0.1:57221 - R:localhost/127.0.0.1:64134]
10:42:32.067 [Forwarding isElementEnabled on session c91585eb0ea9c0c57bdab7b8ba589fea to remote] DEBUG org.asynchttpclient.netty.request.NettyRequestSender - Using pooled Channel '[id: 0x4dcb2ea3, L:/127.0.0.1:57221 - R:localhost/127.0.0.1:64134]' for 'GET' to 'http://localhost:64134/session/c91585eb0ea9c0c57bdab7b8ba589fea/element/7e6bff5e-3637-4b50-9b96-54bf2133d3da/enabled'
10:42:32.068 [Forwarding isElementEnabled on session c91585eb0ea9c0c57bdab7b8ba589fea to remote] DEBUG org.asynchttpclient.netty.request.NettyRequestSender - Using open Channel [id: 0x4dcb2ea3, L:/127.0.0.1:57221 - R:localhost/127.0.0.1:64134] for GET '/session/c91585eb0ea9c0c57bdab7b8ba589fea/element/7e6bff5e-3637-4b50-9b96-54bf2133d3da/enabled'
10:42:32.081 [AsyncHttpClient-1-6] DEBUG org.asynchttpclient.netty.handler.HttpHandler - 

Request DefaultFullHttpRequest(decodeResult: success, version: HTTP/1.1, content: EmptyByteBufBE)
GET /session/c91585eb0ea9c0c57bdab7b8ba589fea/element/7e6bff5e-3637-4b50-9b96-54bf2133d3da/enabled HTTP/1.1
User-Agent: selenium/4.1.2 (java windows)
Cache-Control: no-cache
Content-Type: application/json; charset=utf-8
host: localhost:64134
accept: */*

Response DefaultHttpResponse(decodeResult: success, version: HTTP/1.1)
HTTP/1.1 200 OK
Content-Type: application/json; charset=utf-8
cache-control: no-cache
content-length: 14

10:42:32.081 [AsyncHttpClient-1-6] DEBUG org.asynchttpclient.netty.channel.ChannelManager - Adding key: http://localhost:64134 for channel [id: 0x4dcb2ea3, L:/127.0.0.1:57221 - R:localhost/127.0.0.1:64134]
10:42:32.084 [Forwarding isElementEnabled on session c91585eb0ea9c0c57bdab7b8ba589fea to remote] DEBUG org.asynchttpclient.netty.request.NettyRequestSender - Using pooled Channel '[id: 0x4dcb2ea3, L:/127.0.0.1:57221 - R:localhost/127.0.0.1:64134]' for 'GET' to 'http://localhost:64134/session/c91585eb0ea9c0c57bdab7b8ba589fea/element/7e6bff5e-3637-4b50-9b96-54bf2133d3da/enabled'
10:42:32.084 [Forwarding isElementEnabled on session c91585eb0ea9c0c57bdab7b8ba589fea to remote] DEBUG org.asynchttpclient.netty.request.NettyRequestSender - Using open Channel [id: 0x4dcb2ea3, L:/127.0.0.1:57221 - R:localhost/127.0.0.1:64134] for GET '/session/c91585eb0ea9c0c57bdab7b8ba589fea/element/7e6bff5e-3637-4b50-9b96-54bf2133d3da/enabled'
10:42:32.093 [AsyncHttpClient-1-6] DEBUG org.asynchttpclient.netty.handler.HttpHandler - 

Request DefaultFullHttpRequest(decodeResult: success, version: HTTP/1.1, content: EmptyByteBufBE)
GET /session/c91585eb0ea9c0c57bdab7b8ba589fea/element/7e6bff5e-3637-4b50-9b96-54bf2133d3da/enabled HTTP/1.1
User-Agent: selenium/4.1.2 (java windows)
Cache-Control: no-cache
Content-Type: application/json; charset=utf-8
host: localhost:64134
accept: */*

Response DefaultHttpResponse(decodeResult: success, version: HTTP/1.1)
HTTP/1.1 200 OK
Content-Type: application/json; charset=utf-8
cache-control: no-cache
content-length: 14

10:42:32.094 [AsyncHttpClient-1-6] DEBUG org.asynchttpclient.netty.channel.ChannelManager - Adding key: http://localhost:64134 for channel [id: 0x4dcb2ea3, L:/127.0.0.1:57221 - R:localhost/127.0.0.1:64134]
10:42:32.097 [Forwarding findElement on session c91585eb0ea9c0c57bdab7b8ba589fea to remote] DEBUG org.asynchttpclient.netty.request.NettyRequestSender - Using pooled Channel '[id: 0x4dcb2ea3, L:/127.0.0.1:57221 - R:localhost/127.0.0.1:64134]' for 'POST' to 'http://localhost:64134/session/c91585eb0ea9c0c57bdab7b8ba589fea/element'
10:42:32.097 [Forwarding findElement on session c91585eb0ea9c0c57bdab7b8ba589fea to remote] DEBUG org.asynchttpclient.netty.request.NettyRequestSender - Using open Channel [id: 0x4dcb2ea3, L:/127.0.0.1:57221 - R:localhost/127.0.0.1:64134] for POST '/session/c91585eb0ea9c0c57bdab7b8ba589fea/element'
10:42:32.106 [AsyncHttpClient-1-6] DEBUG org.asynchttpclient.netty.handler.HttpHandler - 

Request DefaultHttpRequest(decodeResult: success, version: HTTP/1.1)
POST /session/c91585eb0ea9c0c57bdab7b8ba589fea/element HTTP/1.1
User-Agent: selenium/4.1.2 (java windows)
Content-Length: 104
Content-Type: application/json; charset=utf-8
host: localhost:64134
accept: */*

Response DefaultHttpResponse(decodeResult: success, version: HTTP/1.1)
HTTP/1.1 200 OK
Content-Type: application/json; charset=utf-8
cache-control: no-cache
content-length: 88

10:42:32.106 [AsyncHttpClient-1-6] DEBUG org.asynchttpclient.netty.channel.ChannelManager - Adding key: http://localhost:64134 for channel [id: 0x4dcb2ea3, L:/127.0.0.1:57221 - R:localhost/127.0.0.1:64134]
10:42:32.108 [Forwarding clickElement on session c91585eb0ea9c0c57bdab7b8ba589fea to remote] DEBUG org.asynchttpclient.netty.request.NettyRequestSender - Using pooled Channel '[id: 0x4dcb2ea3, L:/127.0.0.1:57221 - R:localhost/127.0.0.1:64134]' for 'POST' to 'http://localhost:64134/session/c91585eb0ea9c0c57bdab7b8ba589fea/element/7e6bff5e-3637-4b50-9b96-54bf2133d3da/click'
10:42:32.108 [Forwarding clickElement on session c91585eb0ea9c0c57bdab7b8ba589fea to remote] DEBUG org.asynchttpclient.netty.request.NettyRequestSender - Using open Channel [id: 0x4dcb2ea3, L:/127.0.0.1:57221 - R:localhost/127.0.0.1:64134] for POST '/session/c91585eb0ea9c0c57bdab7b8ba589fea/element/7e6bff5e-3637-4b50-9b96-54bf2133d3da/click'
10:42:32.233 [AsyncHttpClient-1-6] DEBUG org.asynchttpclient.netty.handler.HttpHandler - 

Request DefaultHttpRequest(decodeResult: success, version: HTTP/1.1)
POST /session/c91585eb0ea9c0c57bdab7b8ba589fea/element/7e6bff5e-3637-4b50-9b96-54bf2133d3da/click HTTP/1.1
User-Agent: selenium/4.1.2 (java windows)
Content-Length: 50
Content-Type: application/json; charset=utf-8
host: localhost:64134
accept: */*

Response DefaultHttpResponse(decodeResult: success, version: HTTP/1.1)
HTTP/1.1 200 OK
Content-Type: application/json; charset=utf-8
cache-control: no-cache
content-length: 14

10:42:32.233 [AsyncHttpClient-1-6] DEBUG org.asynchttpclient.netty.channel.ChannelManager - Adding key: http://localhost:64134 for channel [id: 0x4dcb2ea3, L:/127.0.0.1:57221 - R:localhost/127.0.0.1:64134]
10:42:32.247 [Forwarding screenshot on session c91585eb0ea9c0c57bdab7b8ba589fea to remote] DEBUG org.asynchttpclient.netty.request.NettyRequestSender - Using pooled Channel '[id: 0x4dcb2ea3, L:/127.0.0.1:57221 - R:localhost/127.0.0.1:64134]' for 'GET' to 'http://localhost:64134/session/c91585eb0ea9c0c57bdab7b8ba589fea/screenshot'
10:42:32.247 [Forwarding screenshot on session c91585eb0ea9c0c57bdab7b8ba589fea to remote] DEBUG org.asynchttpclient.netty.request.NettyRequestSender - Using open Channel [id: 0x4dcb2ea3, L:/127.0.0.1:57221 - R:localhost/127.0.0.1:64134] for GET '/session/c91585eb0ea9c0c57bdab7b8ba589fea/screenshot'
10:42:32.347 [AsyncHttpClient-1-6] DEBUG org.asynchttpclient.netty.handler.HttpHandler - 

Request DefaultFullHttpRequest(decodeResult: success, version: HTTP/1.1, content: EmptyByteBufBE)
GET /session/c91585eb0ea9c0c57bdab7b8ba589fea/screenshot HTTP/1.1
User-Agent: selenium/4.1.2 (java windows)
Cache-Control: no-cache
Content-Type: application/json; charset=utf-8
host: localhost:64134
accept: */*

Response DefaultHttpResponse(decodeResult: success, version: HTTP/1.1)
HTTP/1.1 200 OK
Content-Type: application/json; charset=utf-8
cache-control: no-cache
content-length: 94468

10:42:32.363 [AsyncHttpClient-1-6] DEBUG org.asynchttpclient.netty.channel.ChannelManager - Adding key: http://localhost:64134 for channel [id: 0x4dcb2ea3, L:/127.0.0.1:57221 - R:localhost/127.0.0.1:64134]
10:42:32.369 [main] DEBUG net.serenitybdd.core.photography.Darkroom - Send negative for processing for target\site\serenity\e09a899c99812f04e1a701536c0b43e979c17d70885cd8c9821ceb21f8e33098.png
10:42:32.369 [main] DEBUG net.thucydides.core.steps.StepInterceptor - STEP DONE: clickTheXIcon
  &amp#27;[32mAnd &amp#27;[0m&amp#27;[32mI click the x button&amp#27;[0m                               &amp#27;[90m# starter.stepdefinitions.AppointmentSteps.iClickTheXButton()&amp#27;[0m
10:42:32.386 [main] DEBUG net.thucydides.core.steps.StepInterceptor - STARTING STEP: AppointmentSteps.iExitEditAppointmentForm - exitEditAppointmentForm
10:42:32.388 [Forwarding findElement on session c91585eb0ea9c0c57bdab7b8ba589fea to remote] DEBUG org.asynchttpclient.netty.request.NettyRequestSender - Using pooled Channel '[id: 0x4dcb2ea3, L:/127.0.0.1:57221 - R:localhost/127.0.0.1:64134]' for 'POST' to 'http://localhost:64134/session/c91585eb0ea9c0c57bdab7b8ba589fea/element'
10:42:32.388 [Forwarding findElement on session c91585eb0ea9c0c57bdab7b8ba589fea to remote] DEBUG org.asynchttpclient.netty.request.NettyRequestSender - Using open Channel [id: 0x4dcb2ea3, L:/127.0.0.1:57221 - R:localhost/127.0.0.1:64134] for POST '/session/c91585eb0ea9c0c57bdab7b8ba589fea/element'
10:42:32.402 [AsyncHttpClient-1-6] DEBUG org.asynchttpclient.netty.handler.HttpHandler - 

Request DefaultHttpRequest(decodeResult: success, version: HTTP/1.1)
POST /session/c91585eb0ea9c0c57bdab7b8ba589fea/element HTTP/1.1
User-Agent: selenium/4.1.2 (java windows)
Content-Length: 83
Content-Type: application/json; charset=utf-8
host: localhost:64134
accept: */*

Response DefaultHttpResponse(decodeResult: success, version: HTTP/1.1)
HTTP/1.1 200 OK
Content-Type: application/json; charset=utf-8
cache-control: no-cache
content-length: 88

10:42:32.402 [AsyncHttpClient-1-6] DEBUG org.asynchttpclient.netty.channel.ChannelManager - Adding key: http://localhost:64134 for channel [id: 0x4dcb2ea3, L:/127.0.0.1:57221 - R:localhost/127.0.0.1:64134]
10:42:32.419 [Forwarding isElementDisplayed on session c91585eb0ea9c0c57bdab7b8ba589fea to remote] DEBUG org.asynchttpclient.netty.request.NettyRequestSender - Using pooled Channel '[id: 0x4dcb2ea3, L:/127.0.0.1:57221 - R:localhost/127.0.0.1:64134]' for 'POST' to 'http://localhost:64134/session/c91585eb0ea9c0c57bdab7b8ba589fea/execute/sync'
10:42:32.419 [Forwarding isElementDisplayed on session c91585eb0ea9c0c57bdab7b8ba589fea to remote] DEBUG org.asynchttpclient.netty.request.NettyRequestSender - Using open Channel [id: 0x4dcb2ea3, L:/127.0.0.1:57221 - R:localhost/127.0.0.1:64134] for POST '/session/c91585eb0ea9c0c57bdab7b8ba589fea/execute/sync'
10:42:32.437 [AsyncHttpClient-1-6] DEBUG org.asynchttpclient.netty.handler.HttpHandler - 

Request DefaultHttpRequest(decodeResult: success, version: HTTP/1.1)
POST /session/c91585eb0ea9c0c57bdab7b8ba589fea/execute/sync HTTP/1.1
User-Agent: selenium/4.1.2 (java windows)
Content-Length: 48780
Content-Type: application/json; charset=utf-8
host: localhost:64134
accept: */*

Response DefaultHttpResponse(decodeResult: success, version: HTTP/1.1)
HTTP/1.1 200 OK
Content-Type: application/json; charset=utf-8
cache-control: no-cache
content-length: 14

10:42:32.437 [AsyncHttpClient-1-6] DEBUG org.asynchttpclient.netty.channel.ChannelManager - Adding key: http://localhost:64134 for channel [id: 0x4dcb2ea3, L:/127.0.0.1:57221 - R:localhost/127.0.0.1:64134]
10:42:32.442 [Forwarding screenshot on session c91585eb0ea9c0c57bdab7b8ba589fea to remote] DEBUG org.asynchttpclient.netty.request.NettyRequestSender - Using pooled Channel '[id: 0x4dcb2ea3, L:/127.0.0.1:57221 - R:localhost/127.0.0.1:64134]' for 'GET' to 'http://localhost:64134/session/c91585eb0ea9c0c57bdab7b8ba589fea/screenshot'
10:42:32.442 [Forwarding screenshot on session c91585eb0ea9c0c57bdab7b8ba589fea to remote] DEBUG org.asynchttpclient.netty.request.NettyRequestSender - Using open Channel [id: 0x4dcb2ea3, L:/127.0.0.1:57221 - R:localhost/127.0.0.1:64134] for GET '/session/c91585eb0ea9c0c57bdab7b8ba589fea/screenshot'
10:42:32.540 [AsyncHttpClient-1-6] DEBUG org.asynchttpclient.netty.handler.HttpHandler - 

Request DefaultFullHttpRequest(decodeResult: success, version: HTTP/1.1, content: EmptyByteBufBE)
GET /session/c91585eb0ea9c0c57bdab7b8ba589fea/screenshot HTTP/1.1
User-Agent: selenium/4.1.2 (java windows)
Cache-Control: no-cache
Content-Type: application/json; charset=utf-8
host: localhost:64134
accept: */*

Response DefaultHttpResponse(decodeResult: success, version: HTTP/1.1)
HTTP/1.1 200 OK
Content-Type: application/json; charset=utf-8
cache-control: no-cache
content-length: 94468

10:42:32.541 [AsyncHttpClient-1-6] DEBUG org.asynchttpclient.netty.channel.ChannelManager - Adding key: http://localhost:64134 for channel [id: 0x4dcb2ea3, L:/127.0.0.1:57221 - R:localhost/127.0.0.1:64134]
10:42:32.546 [main] DEBUG net.serenitybdd.core.photography.Darkroom - Send negative for processing for target\site\serenity\e09a899c99812f04e1a701536c0b43e979c17d70885cd8c9821ceb21f8e33098.png
10:42:32.546 [main] DEBUG net.thucydides.core.steps.StepInterceptor - STEP DONE: exitEditAppointmentForm
  &amp#27;[32mThen &amp#27;[0m&amp#27;[32mI exit edit Appointment form&amp#27;[0m                      &amp#27;[90m# starter.stepdefinitions.AppointmentSteps.iExitEditAppointmentForm()&amp#27;[0m
10:42:32.551 [main] INFO  - 
  _____   ___   ___   _____     ___     _     ___   ___   ___   ___  
 |_   _| | __| / __| |_   _|   | _ \   /_\   / __| / __| | __| |   \ 
   | |   | _|  \__ \   | |     |  _/  / _ \  \__ \ \__ \ | _|  | |) |
   |_|   |___| |___/   |_|     |_|   /_/ \_\ |___/ |___/ |___| |___/ 

Cancel Edit Existing Appointment Data Scenario
----------------------------------------------------------------------
10:42:32.564 [AsyncHttpClient-1-1] DEBUG org.asynchttpclient.netty.channel.DefaultChannelPool - Entry count for : http://localhost:57224 : 1
10:42:32.553 [Driver Command Executor] DEBUG org.asynchttpclient.netty.request.NettyRequestSender - Using pooled Channel '[id: 0x4dcb2ea3, L:/127.0.0.1:57221 - R:localhost/127.0.0.1:64134]' for 'DELETE' to 'http://localhost:64134/session/c91585eb0ea9c0c57bdab7b8ba589fea'
10:42:32.576 [Driver Command Executor] DEBUG org.asynchttpclient.netty.request.NettyRequestSender - Using open Channel [id: 0x4dcb2ea3, L:/127.0.0.1:57221 - R:localhost/127.0.0.1:64134] for DELETE '/session/c91585eb0ea9c0c57bdab7b8ba589fea'
10:42:32.587 [AsyncHttpClient-1-8] DEBUG org.asynchttpclient.netty.handler.WebSocketHandler - Channel Closed: [id: 0xdd8af114, L:/127.0.0.1:57230 ! R:localhost/127.0.0.1:57224] with attribute NettyResponseFuture{currentRetry=5,
	isDone=1,
	isCancelled=0,
	asyncHandler=org.asynchttpclient.ws.WebSocketUpgradeHandler@74fab690,
	nettyRequest=org.asynchttpclient.netty.request.NettyRequest@242d6ff5,
	future=java.util.concurrent.CompletableFuture@5e846980[Completed normally],
	uri=ws://localhost:57224/devtools/browser/8a7de770-76a0-40a9-b2d1-112f28d2cf37,
	keepAlive=true,
	redirectCount=0,
	timeoutsHolder=null,
	inAuth=0,
	touch=1655782918489}
10:42:32.591 [AsyncHttpClient-1-8] DEBUG org.asynchttpclient.netty.channel.ChannelManager - Closing Channel [id: 0xdd8af114, L:/127.0.0.1:57230 ! R:localhost/127.0.0.1:57224] 
10:42:32.858 [AsyncHttpClient-1-7] DEBUG org.asynchttpclient.netty.handler.HttpHandler - Unexpected I/O exception on channel [id: 0xf0da299c, L:/127.0.0.1:57229 - R:localhost/127.0.0.1:57224]
java.net.SocketException: Connection reset
	at java.base/sun.nio.ch.SocketChannelImpl.throwConnectionReset(SocketChannelImpl.java:367)
	at java.base/sun.nio.ch.SocketChannelImpl.read(SocketChannelImpl.java:398)
	at io.netty.buffer.PooledByteBuf.setBytes(PooledByteBuf.java:258)
	at io.netty.buffer.AbstractByteBuf.writeBytes(AbstractByteBuf.java:1132)
	at io.netty.channel.socket.nio.NioSocketChannel.doReadBytes(NioSocketChannel.java:350)
	at io.netty.channel.nio.AbstractNioByteChannel$NioByteUnsafe.read(AbstractNioByteChannel.java:151)
	at io.netty.channel.nio.NioEventLoop.processSelectedKey(NioEventLoop.java:722)
	at io.netty.channel.nio.NioEventLoop.processSelectedKeysOptimized(NioEventLoop.java:658)
	at io.netty.channel.nio.NioEventLoop.processSelectedKeys(NioEventLoop.java:584)
	at io.netty.channel.nio.NioEventLoop.run(NioEventLoop.java:496)
	at io.netty.util.concurrent.SingleThreadEventExecutor$4.run(SingleThreadEventExecutor.java:986)
	at io.netty.util.internal.ThreadExecutorMap$2.run(ThreadExecutorMap.java:74)
	at io.netty.util.concurrent.FastThreadLocalRunnable.run(FastThreadLocalRunnable.java:30)
	at java.base/java.lang.Thread.run(Thread.java:832)
10:42:32.858 [AsyncHttpClient-1-7] DEBUG org.asynchttpclient.netty.channel.ChannelManager - Closing Channel [id: 0xf0da299c, L:/127.0.0.1:57229 - R:localhost/127.0.0.1:57224] 
10:42:32.859 [AsyncHttpClient-1-7] DEBUG org.asynchttpclient.netty.handler.HttpHandler - Channel Closed: [id: 0xf0da299c, L:/127.0.0.1:57229 ! R:localhost/127.0.0.1:57224] with attribute DISCARD
10:42:32.878 [AsyncHttpClient-1-6] DEBUG org.asynchttpclient.netty.handler.HttpHandler - 

Request DefaultFullHttpRequest(decodeResult: success, version: HTTP/1.1, content: EmptyByteBufBE)
DELETE /session/c91585eb0ea9c0c57bdab7b8ba589fea HTTP/1.1
User-Agent: selenium/4.1.2 (java windows)
Content-Type: application/json; charset=utf-8
host: localhost:64134
accept: */*

Response DefaultHttpResponse(decodeResult: success, version: HTTP/1.1)
HTTP/1.1 200 OK
Content-Type: application/json; charset=utf-8
cache-control: no-cache
content-length: 14

10:42:32.878 [AsyncHttpClient-1-6] DEBUG org.asynchttpclient.netty.channel.ChannelManager - Adding key: http://localhost:64134 for channel [id: 0x4dcb2ea3, L:/127.0.0.1:57221 - R:localhost/127.0.0.1:64134]
10:42:33.143 [AsyncHttpClient-1-6] DEBUG org.asynchttpclient.netty.handler.HttpHandler - Channel Closed: [id: 0x4dcb2ea3, L:/127.0.0.1:57221 ! R:localhost/127.0.0.1:64134] with attribute DISCARD
]]></system-out>
    <system-err><![CDATA[Jun 21, 2022 10:41:53 AM org.openqa.selenium.remote.http.WebSocket$Listener onError
WARNING: Connection reset
java.net.SocketException: Connection reset
	at java.base/sun.nio.ch.SocketChannelImpl.throwConnectionReset(SocketChannelImpl.java:367)
	at java.base/sun.nio.ch.SocketChannelImpl.read(SocketChannelImpl.java:398)
	at io.netty.buffer.PooledByteBuf.setBytes(PooledByteBuf.java:258)
	at io.netty.buffer.AbstractByteBuf.writeBytes(AbstractByteBuf.java:1132)
	at io.netty.channel.socket.nio.NioSocketChannel.doReadBytes(NioSocketChannel.java:350)
	at io.netty.channel.nio.AbstractNioByteChannel$NioByteUnsafe.read(AbstractNioByteChannel.java:151)
	at io.netty.channel.nio.NioEventLoop.processSelectedKey(NioEventLoop.java:722)
	at io.netty.channel.nio.NioEventLoop.processSelectedKeysOptimized(NioEventLoop.java:658)
	at io.netty.channel.nio.NioEventLoop.processSelectedKeys(NioEventLoop.java:584)
	at io.netty.channel.nio.NioEventLoop.run(NioEventLoop.java:496)
	at io.netty.util.concurrent.SingleThreadEventExecutor$4.run(SingleThreadEventExecutor.java:986)
	at io.netty.util.internal.ThreadExecutorMap$2.run(ThreadExecutorMap.java:74)
	at io.netty.util.concurrent.FastThreadLocalRunnable.run(FastThreadLocalRunnable.java:30)
	at java.base/java.lang.Thread.run(Thread.java:832)

Starting ChromeDriver 102.0.5005.61 (0e59bcc00cc4985ce39ad31c150065f159d95ad3-refs/branch-heads/5005@{#819}) on port 64134
Only local connections are allowed.
Please see https://chromedriver.chromium.org/security-considerations for suggestions on keeping ChromeDriver safe.
ChromeDriver was started successfully.
Jun 21, 2022 10:41:58 AM org.openqa.selenium.remote.ProtocolHandshake createSession
INFO: Detected dialect: W3C
Jun 21, 2022 10:41:58 AM org.openqa.selenium.devtools.CdpVersionFinder findNearestMatch
WARNING: Unable to find an exact match for CDP version 102, so returning the closest version found: a no-op implementation
Jun 21, 2022 10:41:58 AM org.openqa.selenium.devtools.CdpVersionFinder findNearestMatch
INFO: Unable to find CDP implementation matching 102.
Jun 21, 2022 10:41:58 AM org.openqa.selenium.chromium.ChromiumDriver lambda$new$3
WARNING: Unable to find version of CDP to use for . You may need to include a dependency on a specific version of the CDP using something similar to `org.seleniumhq.selenium:selenium-devtools-v86:4.1.2` where the version ("v86") matches the version of the chromium-based browser you're using and the version number of the artifact is the same as Selenium's.
]]></system-err>
  </testcase>
  <testcase name="Cancel Delete Appointment Data Scenario" classname="Appointment" time="40.171">
    <system-out><![CDATA[10:42:33.664 [AsyncHttpClient-1-1] DEBUG org.asynchttpclient.netty.channel.DefaultChannelPool - Entry count for : http://localhost:57224 : 1
10:42:33.664 [AsyncHttpClient-1-1] DEBUG org.asynchttpclient.netty.channel.DefaultChannelPool - Entry count for : http://localhost:64134 : 1
10:42:33.664 [AsyncHttpClient-1-1] DEBUG org.asynchttpclient.netty.channel.DefaultChannelPool - Adding Candidate expired Channel [id: 0xf0da299c, L:/127.0.0.1:57229 ! R:localhost/127.0.0.1:57224] isIdleTimeoutExpired=false isRemotelyClosed=true isTtlExpired=false
10:42:33.664 [AsyncHttpClient-1-1] DEBUG org.asynchttpclient.netty.channel.DefaultChannelPool - Closing Idle Channel [id: 0xf0da299c, L:/127.0.0.1:57229 ! R:localhost/127.0.0.1:57224]
10:42:33.665 [AsyncHttpClient-1-1] DEBUG org.asynchttpclient.netty.channel.DefaultChannelPool - Adding Candidate expired Channel [id: 0x4dcb2ea3, L:/127.0.0.1:57221 ! R:localhost/127.0.0.1:64134] isIdleTimeoutExpired=false isRemotelyClosed=true isTtlExpired=false
10:42:33.665 [AsyncHttpClient-1-1] DEBUG org.asynchttpclient.netty.channel.DefaultChannelPool - Closing Idle Channel [id: 0x4dcb2ea3, L:/127.0.0.1:57221 ! R:localhost/127.0.0.1:64134]
10:42:33.665 [AsyncHttpClient-1-1] DEBUG org.asynchttpclient.netty.channel.DefaultChannelPool - Closed 2 connections out of 2 in 1 ms

@Appointment @CancelDeleteAppointment
Scenario: Cancel Delete Appointment Data Scenario &amp#27;[90m# src/test/resources/features/1.Appointment.feature:52&amp#27;[0m
10:42:33.736 [main] INFO io.cucumber.core.plugin.SerenityReporter - Running feature from file:///E:/My%20Documents/File%20Difa/TI%20Semester%206%20Kampus%20Merdeka%20Alterra/Tugas/CAPSTONE%20Project/Capstone-Project-Website/src/test/resources/features/1.Appointment.feature
10:42:33.738 [main] INFO  - 
  _____   ___   ___   _____     ___   _____     _     ___   _____   ___   ___  
 |_   _| | __| / __| |_   _|   / __| |_   _|   /_\   | _ \ |_   _| | __| |   \ 
   | |   | _|  \__ \   | |     \__ \   | |    / _ \  |   /   | |   | _|  | |) |
   |_|   |___| |___/   |_|     |___/   |_|   /_/ \_\ |_|_\   |_|   |___| |___/ 

Cancel Delete Appointment Data Scenario(appointment;cancel-delete-appointment-data-scenario)
--------------------------------------------------------------------------------
10:42:33.768 [main] DEBUG net.thucydides.core.steps.StepInterceptor - STARTING STEP: DashboardSteps.iAmOnTheDashboardPage - openUrl
10:42:33.769 [main] INFO net.serenitybdd.core.webdriver.driverproviders.ChromeDriverProvider - Using automatically driver download
10:42:34.145 [main] DEBUG io.github.bonigarcia.wdm.cache.ResolutionCache - Resolution chrome=102 in cache (valid until 11:37:46 21/06/2022 ICT)
10:42:34.149 [main] DEBUG io.github.bonigarcia.wdm.cache.ResolutionCache - Resolution chrome102=102.0.5005.61 in cache (valid until 09:22:16 22/06/2022 ICT)
10:42:34.151 [main] INFO io.github.bonigarcia.wdm.WebDriverManager - Using chromedriver 102.0.5005.61 (resolved driver for Chrome 102)
10:42:34.170 [main] DEBUG io.github.bonigarcia.wdm.WebDriverManager - Driver chromedriver 102.0.5005.61 found in cache
10:42:34.170 [main] INFO io.github.bonigarcia.wdm.WebDriverManager - Exporting webdriver.chrome.driver as C:\Users\USER\.cache\selenium\chromedriver\win32\102.0.5005.61\chromedriver.exe
10:42:34.360 [main] DEBUG net.serenitybdd.core.webdriver.driverproviders.ProvideNewDriver - Instantiating driver
10:42:34.360 [main] DEBUG net.serenitybdd.core.webdriver.driverproviders.ProvideNewDriver - Driver capabilities: Capabilities {acceptInsecureCerts: false, base.url: https://hospital-management..., browserName: chrome, chrome.driver: src/test/resources/webdrive..., driver: chrome, goog:chromeOptions: {args: [], extensions: []}}
10:42:35.402 [AsyncHttpClient-1-9] DEBUG org.asynchttpclient.netty.channel.NettyConnectListener - Using new Channel '[id: 0x317314a4, L:/127.0.0.1:57277 - R:localhost/127.0.0.1:53685]' for 'POST' to '/session'
10:42:39.981 [AsyncHttpClient-1-9] DEBUG org.asynchttpclient.netty.handler.HttpHandler - 

Request DefaultHttpRequest(decodeResult: success, version: HTTP/1.1)
POST /session HTTP/1.1
User-Agent: selenium/4.1.2 (java windows)
Content-Length: 621
Content-Type: application/json; charset=utf-8
host: localhost:53685
accept: */*

Response DefaultHttpResponse(decodeResult: success, version: HTTP/1.1)
HTTP/1.1 200 OK
Content-Type: application/json; charset=utf-8
cache-control: no-cache
content-length: 788

10:42:39.981 [AsyncHttpClient-1-9] DEBUG org.asynchttpclient.netty.channel.ChannelManager - Adding key: http://localhost:53685 for channel [id: 0x317314a4, L:/127.0.0.1:57277 - R:localhost/127.0.0.1:53685]
10:42:40.020 [AsyncHttpClient-1-2] DEBUG org.asynchttpclient.netty.channel.NettyConnectListener - Using new Channel '[id: 0x62894ad9, L:/127.0.0.1:57287 - R:localhost/127.0.0.1:57280]' for 'GET' to '/json/version'
10:42:40.020 [AsyncHttpClient-1-2] DEBUG org.asynchttpclient.netty.handler.HttpHandler - 

Request DefaultFullHttpRequest(decodeResult: success, version: HTTP/1.1, content: EmptyByteBufBE)
GET /json/version HTTP/1.1
User-Agent: selenium/4.1.2 (java windows)
host: localhost:57280
accept: */*

Response DefaultHttpResponse(decodeResult: success, version: HTTP/1.1)
HTTP/1.1 200 OK
Content-Type: application/json; charset=UTF-8
content-length: 427

10:42:40.020 [AsyncHttpClient-1-2] DEBUG org.asynchttpclient.netty.channel.ChannelManager - Adding key: http://localhost:57280 for channel [id: 0x62894ad9, L:/127.0.0.1:57287 - R:localhost/127.0.0.1:57280]
10:42:40.023 [AsyncHttpClient-1-3] DEBUG org.asynchttpclient.netty.channel.NettyConnectListener - Using new Channel '[id: 0x1f6ca0bd, L:/127.0.0.1:57288 - R:localhost/127.0.0.1:57280]' for 'GET' to '/devtools/browser/4a2666ba-2d36-4e08-bbbf-829e9f1f0deb'
10:42:40.024 [AsyncHttpClient-1-3] DEBUG org.asynchttpclient.netty.handler.WebSocketHandler - 

Request DefaultFullHttpRequest(decodeResult: success, version: HTTP/1.1, content: EmptyByteBufBE)
GET /devtools/browser/4a2666ba-2d36-4e08-bbbf-829e9f1f0deb HTTP/1.1
upgrade: websocket
connection: upgrade
sec-websocket-key: irWX5nwBdLubbbnon484Cw==
sec-websocket-version: 13
origin: http://localhost:57280
host: localhost:57280
accept: */*
user-agent: AHC/2.1

Response DefaultHttpResponse(decodeResult: success, version: HTTP/1.1)
HTTP/1.1 101 WebSocket Protocol Handshake
Upgrade: WebSocket
Connection: Upgrade
Sec-WebSocket-Accept: 3/1pBIQ5/rJHS5rVDuio7pCDZSM=

10:42:40.071 [Forwarding maximizeCurrentWindow on session 4bae76ebb460f340828e6a8a35ae898d to remote] DEBUG org.asynchttpclient.netty.request.NettyRequestSender - Using pooled Channel '[id: 0x317314a4, L:/127.0.0.1:57277 - R:localhost/127.0.0.1:53685]' for 'POST' to 'http://localhost:53685/session/4bae76ebb460f340828e6a8a35ae898d/window/maximize'
10:42:40.071 [Forwarding maximizeCurrentWindow on session 4bae76ebb460f340828e6a8a35ae898d to remote] DEBUG org.asynchttpclient.netty.request.NettyRequestSender - Using open Channel [id: 0x317314a4, L:/127.0.0.1:57277 - R:localhost/127.0.0.1:53685] for POST '/session/4bae76ebb460f340828e6a8a35ae898d/window/maximize'
10:42:40.190 [AsyncHttpClient-1-9] DEBUG org.asynchttpclient.netty.handler.HttpHandler - 

Request DefaultHttpRequest(decodeResult: success, version: HTTP/1.1)
POST /session/4bae76ebb460f340828e6a8a35ae898d/window/maximize HTTP/1.1
User-Agent: selenium/4.1.2 (java windows)
Content-Length: 3
Content-Type: application/json; charset=utf-8
host: localhost:53685
accept: */*

Response DefaultHttpResponse(decodeResult: success, version: HTTP/1.1)
HTTP/1.1 200 OK
Content-Type: application/json; charset=utf-8
cache-control: no-cache
content-length: 51

10:42:40.190 [AsyncHttpClient-1-9] DEBUG org.asynchttpclient.netty.channel.ChannelManager - Adding key: http://localhost:53685 for channel [id: 0x317314a4, L:/127.0.0.1:57277 - R:localhost/127.0.0.1:53685]
10:42:40.192 [Forwarding get on session 4bae76ebb460f340828e6a8a35ae898d to remote] DEBUG org.asynchttpclient.netty.request.NettyRequestSender - Using pooled Channel '[id: 0x317314a4, L:/127.0.0.1:57277 - R:localhost/127.0.0.1:53685]' for 'POST' to 'http://localhost:53685/session/4bae76ebb460f340828e6a8a35ae898d/url'
10:42:40.193 [Forwarding get on session 4bae76ebb460f340828e6a8a35ae898d to remote] DEBUG org.asynchttpclient.netty.request.NettyRequestSender - Using open Channel [id: 0x317314a4, L:/127.0.0.1:57277 - R:localhost/127.0.0.1:53685] for POST '/session/4bae76ebb460f340828e6a8a35ae898d/url'
10:42:40.264 [AsyncHttpClient-1-1] DEBUG org.asynchttpclient.netty.channel.DefaultChannelPool - Entry count for : http://localhost:57280 : 1
10:42:41.364 [AsyncHttpClient-1-1] DEBUG org.asynchttpclient.netty.channel.DefaultChannelPool - Entry count for : http://localhost:57280 : 1
10:42:42.464 [AsyncHttpClient-1-1] DEBUG org.asynchttpclient.netty.channel.DefaultChannelPool - Entry count for : http://localhost:57280 : 1
10:42:43.563 [AsyncHttpClient-1-1] DEBUG org.asynchttpclient.netty.channel.DefaultChannelPool - Entry count for : http://localhost:57280 : 1
10:42:44.663 [AsyncHttpClient-1-1] DEBUG org.asynchttpclient.netty.channel.DefaultChannelPool - Entry count for : http://localhost:57280 : 1
10:42:45.765 [AsyncHttpClient-1-1] DEBUG org.asynchttpclient.netty.channel.DefaultChannelPool - Entry count for : http://localhost:57280 : 1
10:42:46.147 [AsyncHttpClient-1-9] DEBUG org.asynchttpclient.netty.handler.HttpHandler - 

Request DefaultHttpRequest(decodeResult: success, version: HTTP/1.1)
POST /session/4bae76ebb460f340828e6a8a35ae898d/url HTTP/1.1
User-Agent: selenium/4.1.2 (java windows)
Content-Length: 65
Content-Type: application/json; charset=utf-8
host: localhost:53685
accept: */*

Response DefaultHttpResponse(decodeResult: success, version: HTTP/1.1)
HTTP/1.1 200 OK
Content-Type: application/json; charset=utf-8
cache-control: no-cache
content-length: 14

10:42:46.147 [AsyncHttpClient-1-9] DEBUG org.asynchttpclient.netty.channel.ChannelManager - Adding key: http://localhost:53685 for channel [id: 0x317314a4, L:/127.0.0.1:57277 - R:localhost/127.0.0.1:53685]
10:42:46.150 [Forwarding setTimeout on session 4bae76ebb460f340828e6a8a35ae898d to remote] DEBUG org.asynchttpclient.netty.request.NettyRequestSender - Using pooled Channel '[id: 0x317314a4, L:/127.0.0.1:57277 - R:localhost/127.0.0.1:53685]' for 'POST' to 'http://localhost:53685/session/4bae76ebb460f340828e6a8a35ae898d/timeouts'
10:42:46.150 [Forwarding setTimeout on session 4bae76ebb460f340828e6a8a35ae898d to remote] DEBUG org.asynchttpclient.netty.request.NettyRequestSender - Using open Channel [id: 0x317314a4, L:/127.0.0.1:57277 - R:localhost/127.0.0.1:53685] for POST '/session/4bae76ebb460f340828e6a8a35ae898d/timeouts'
10:42:46.161 [AsyncHttpClient-1-9] DEBUG org.asynchttpclient.netty.handler.HttpHandler - 

Request DefaultHttpRequest(decodeResult: success, version: HTTP/1.1)
POST /session/4bae76ebb460f340828e6a8a35ae898d/timeouts HTTP/1.1
User-Agent: selenium/4.1.2 (java windows)
Content-Length: 22
Content-Type: application/json; charset=utf-8
host: localhost:53685
accept: */*

Response DefaultHttpResponse(decodeResult: success, version: HTTP/1.1)
HTTP/1.1 200 OK
Content-Type: application/json; charset=utf-8
cache-control: no-cache
content-length: 14

10:42:46.161 [AsyncHttpClient-1-9] DEBUG org.asynchttpclient.netty.channel.ChannelManager - Adding key: http://localhost:53685 for channel [id: 0x317314a4, L:/127.0.0.1:57277 - R:localhost/127.0.0.1:53685]
10:42:46.167 [Forwarding getCurrentUrl on session 4bae76ebb460f340828e6a8a35ae898d to remote] DEBUG org.asynchttpclient.netty.request.NettyRequestSender - Using pooled Channel '[id: 0x317314a4, L:/127.0.0.1:57277 - R:localhost/127.0.0.1:53685]' for 'GET' to 'http://localhost:53685/session/4bae76ebb460f340828e6a8a35ae898d/url'
10:42:46.167 [Forwarding getCurrentUrl on session 4bae76ebb460f340828e6a8a35ae898d to remote] DEBUG org.asynchttpclient.netty.request.NettyRequestSender - Using open Channel [id: 0x317314a4, L:/127.0.0.1:57277 - R:localhost/127.0.0.1:53685] for GET '/session/4bae76ebb460f340828e6a8a35ae898d/url'
10:42:46.864 [AsyncHttpClient-1-1] DEBUG org.asynchttpclient.netty.channel.DefaultChannelPool - Entry count for : http://localhost:57280 : 1
10:42:47.964 [AsyncHttpClient-1-1] DEBUG org.asynchttpclient.netty.channel.DefaultChannelPool - Entry count for : http://localhost:57280 : 1
10:42:49.063 [AsyncHttpClient-1-1] DEBUG org.asynchttpclient.netty.channel.DefaultChannelPool - Entry count for : http://localhost:57280 : 1
10:42:50.164 [AsyncHttpClient-1-1] DEBUG org.asynchttpclient.netty.channel.DefaultChannelPool - Entry count for : http://localhost:57280 : 1
10:42:51.265 [AsyncHttpClient-1-1] DEBUG org.asynchttpclient.netty.channel.DefaultChannelPool - Entry count for : http://localhost:57280 : 1
10:42:52.364 [AsyncHttpClient-1-1] DEBUG org.asynchttpclient.netty.channel.DefaultChannelPool - Entry count for : http://localhost:57280 : 1
10:42:52.773 [AsyncHttpClient-1-9] DEBUG org.asynchttpclient.netty.handler.HttpHandler - 

Request DefaultFullHttpRequest(decodeResult: success, version: HTTP/1.1, content: EmptyByteBufBE)
GET /session/4bae76ebb460f340828e6a8a35ae898d/url HTTP/1.1
User-Agent: selenium/4.1.2 (java windows)
Cache-Control: no-cache
Content-Type: application/json; charset=utf-8
host: localhost:53685
accept: */*

Response DefaultHttpResponse(decodeResult: success, version: HTTP/1.1)
HTTP/1.1 200 OK
Content-Type: application/json; charset=utf-8
cache-control: no-cache
content-length: 53

10:42:52.773 [AsyncHttpClient-1-9] DEBUG org.asynchttpclient.netty.channel.ChannelManager - Adding key: http://localhost:53685 for channel [id: 0x317314a4, L:/127.0.0.1:57277 - R:localhost/127.0.0.1:53685]
10:42:52.777 [Forwarding getCurrentUrl on session 4bae76ebb460f340828e6a8a35ae898d to remote] DEBUG org.asynchttpclient.netty.request.NettyRequestSender - Using pooled Channel '[id: 0x317314a4, L:/127.0.0.1:57277 - R:localhost/127.0.0.1:53685]' for 'GET' to 'http://localhost:53685/session/4bae76ebb460f340828e6a8a35ae898d/url'
10:42:52.777 [Forwarding getCurrentUrl on session 4bae76ebb460f340828e6a8a35ae898d to remote] DEBUG org.asynchttpclient.netty.request.NettyRequestSender - Using open Channel [id: 0x317314a4, L:/127.0.0.1:57277 - R:localhost/127.0.0.1:53685] for GET '/session/4bae76ebb460f340828e6a8a35ae898d/url'
10:42:53.465 [AsyncHttpClient-1-1] DEBUG org.asynchttpclient.netty.channel.DefaultChannelPool - Entry count for : http://localhost:57280 : 1
10:42:54.564 [AsyncHttpClient-1-1] DEBUG org.asynchttpclient.netty.channel.DefaultChannelPool - Entry count for : http://localhost:57280 : 1
10:42:55.665 [AsyncHttpClient-1-1] DEBUG org.asynchttpclient.netty.channel.DefaultChannelPool - Entry count for : http://localhost:57280 : 1
10:42:56.764 [AsyncHttpClient-1-1] DEBUG org.asynchttpclient.netty.channel.DefaultChannelPool - Entry count for : http://localhost:57280 : 1
10:42:57.864 [AsyncHttpClient-1-1] DEBUG org.asynchttpclient.netty.channel.DefaultChannelPool - Entry count for : http://localhost:57280 : 1
10:42:58.964 [AsyncHttpClient-1-1] DEBUG org.asynchttpclient.netty.channel.DefaultChannelPool - Entry count for : http://localhost:57280 : 1
10:42:59.849 [AsyncHttpClient-1-9] DEBUG org.asynchttpclient.netty.handler.HttpHandler - 

Request DefaultFullHttpRequest(decodeResult: success, version: HTTP/1.1, content: EmptyByteBufBE)
GET /session/4bae76ebb460f340828e6a8a35ae898d/url HTTP/1.1
User-Agent: selenium/4.1.2 (java windows)
Cache-Control: no-cache
Content-Type: application/json; charset=utf-8
host: localhost:53685
accept: */*

Response DefaultHttpResponse(decodeResult: success, version: HTTP/1.1)
HTTP/1.1 200 OK
Content-Type: application/json; charset=utf-8
cache-control: no-cache
content-length: 53

10:42:59.850 [AsyncHttpClient-1-9] DEBUG org.asynchttpclient.netty.channel.ChannelManager - Adding key: http://localhost:53685 for channel [id: 0x317314a4, L:/127.0.0.1:57277 - R:localhost/127.0.0.1:53685]
10:42:59.867 [Forwarding screenshot on session 4bae76ebb460f340828e6a8a35ae898d to remote] DEBUG org.asynchttpclient.netty.request.NettyRequestSender - Using pooled Channel '[id: 0x317314a4, L:/127.0.0.1:57277 - R:localhost/127.0.0.1:53685]' for 'GET' to 'http://localhost:53685/session/4bae76ebb460f340828e6a8a35ae898d/screenshot'
10:42:59.867 [Forwarding screenshot on session 4bae76ebb460f340828e6a8a35ae898d to remote] DEBUG org.asynchttpclient.netty.request.NettyRequestSender - Using open Channel [id: 0x317314a4, L:/127.0.0.1:57277 - R:localhost/127.0.0.1:53685] for GET '/session/4bae76ebb460f340828e6a8a35ae898d/screenshot'
10:43:00.064 [AsyncHttpClient-1-1] DEBUG org.asynchttpclient.netty.channel.DefaultChannelPool - Entry count for : http://localhost:57280 : 1
10:43:01.164 [AsyncHttpClient-1-1] DEBUG org.asynchttpclient.netty.channel.DefaultChannelPool - Entry count for : http://localhost:57280 : 1
10:43:02.265 [AsyncHttpClient-1-1] DEBUG org.asynchttpclient.netty.channel.DefaultChannelPool - Entry count for : http://localhost:57280 : 1
10:43:02.744 [AsyncHttpClient-1-9] DEBUG org.asynchttpclient.netty.handler.HttpHandler - 

Request DefaultFullHttpRequest(decodeResult: success, version: HTTP/1.1, content: EmptyByteBufBE)
GET /session/4bae76ebb460f340828e6a8a35ae898d/screenshot HTTP/1.1
User-Agent: selenium/4.1.2 (java windows)
Cache-Control: no-cache
Content-Type: application/json; charset=utf-8
host: localhost:53685
accept: */*

Response DefaultHttpResponse(decodeResult: success, version: HTTP/1.1)
HTTP/1.1 200 OK
Content-Type: application/json; charset=utf-8
cache-control: no-cache
content-length: 351816

10:43:02.808 [AsyncHttpClient-1-9] DEBUG org.asynchttpclient.netty.channel.ChannelManager - Adding key: http://localhost:53685 for channel [id: 0x317314a4, L:/127.0.0.1:57277 - R:localhost/127.0.0.1:53685]
10:43:03.100 [main] DEBUG net.serenitybdd.core.photography.Darkroom - Send negative for processing for target\site\serenity\20277f1d76f1b925628464fcd1ece5de77a814679d1be3fdcf836a7ddadfed60.png
10:43:03.100 [main] DEBUG net.thucydides.core.steps.StepInterceptor - STEP DONE: openUrl
10:43:03.107 [main] DEBUG net.thucydides.core.steps.StepInterceptor - STARTING STEP: DashboardSteps.iAmOnTheDashboardPage - validateOnDashboardPage
10:43:03.109 [Forwarding findElement on session 4bae76ebb460f340828e6a8a35ae898d to remote] DEBUG org.asynchttpclient.netty.request.NettyRequestSender - Using pooled Channel '[id: 0x317314a4, L:/127.0.0.1:57277 - R:localhost/127.0.0.1:53685]' for 'POST' to 'http://localhost:53685/session/4bae76ebb460f340828e6a8a35ae898d/element'
10:43:03.109 [Forwarding findElement on session 4bae76ebb460f340828e6a8a35ae898d to remote] DEBUG org.asynchttpclient.netty.request.NettyRequestSender - Using open Channel [id: 0x317314a4, L:/127.0.0.1:57277 - R:localhost/127.0.0.1:53685] for POST '/session/4bae76ebb460f340828e6a8a35ae898d/element'
10:43:03.641 [AsyncHttpClient-1-1] DEBUG org.asynchttpclient.netty.channel.DefaultChannelPool - Entry count for : http://localhost:57280 : 1
10:43:04.664 [AsyncHttpClient-1-1] DEBUG org.asynchttpclient.netty.channel.DefaultChannelPool - Entry count for : http://localhost:57280 : 1
10:43:05.765 [AsyncHttpClient-1-1] DEBUG org.asynchttpclient.netty.channel.DefaultChannelPool - Entry count for : http://localhost:57280 : 1
10:43:06.864 [AsyncHttpClient-1-1] DEBUG org.asynchttpclient.netty.channel.DefaultChannelPool - Entry count for : http://localhost:57280 : 1
10:43:07.102 [AsyncHttpClient-1-9] DEBUG org.asynchttpclient.netty.handler.HttpHandler - 

Request DefaultHttpRequest(decodeResult: success, version: HTTP/1.1)
POST /session/4bae76ebb460f340828e6a8a35ae898d/element HTTP/1.1
User-Agent: selenium/4.1.2 (java windows)
Content-Length: 81
Content-Type: application/json; charset=utf-8
host: localhost:53685
accept: */*

Response DefaultHttpResponse(decodeResult: success, version: HTTP/1.1)
HTTP/1.1 200 OK
Content-Type: application/json; charset=utf-8
cache-control: no-cache
content-length: 88

10:43:07.102 [AsyncHttpClient-1-9] DEBUG org.asynchttpclient.netty.channel.ChannelManager - Adding key: http://localhost:53685 for channel [id: 0x317314a4, L:/127.0.0.1:57277 - R:localhost/127.0.0.1:53685]
10:43:07.109 [Forwarding isElementDisplayed on session 4bae76ebb460f340828e6a8a35ae898d to remote] DEBUG org.asynchttpclient.netty.request.NettyRequestSender - Using pooled Channel '[id: 0x317314a4, L:/127.0.0.1:57277 - R:localhost/127.0.0.1:53685]' for 'POST' to 'http://localhost:53685/session/4bae76ebb460f340828e6a8a35ae898d/execute/sync'
10:43:07.109 [Forwarding isElementDisplayed on session 4bae76ebb460f340828e6a8a35ae898d to remote] DEBUG org.asynchttpclient.netty.request.NettyRequestSender - Using open Channel [id: 0x317314a4, L:/127.0.0.1:57277 - R:localhost/127.0.0.1:53685] for POST '/session/4bae76ebb460f340828e6a8a35ae898d/execute/sync'
10:43:07.559 [AsyncHttpClient-1-9] DEBUG org.asynchttpclient.netty.handler.HttpHandler - 

Request DefaultHttpRequest(decodeResult: success, version: HTTP/1.1)
POST /session/4bae76ebb460f340828e6a8a35ae898d/execute/sync HTTP/1.1
User-Agent: selenium/4.1.2 (java windows)
Content-Length: 48780
Content-Type: application/json; charset=utf-8
host: localhost:53685
accept: */*

Response DefaultHttpResponse(decodeResult: success, version: HTTP/1.1)
HTTP/1.1 200 OK
Content-Type: application/json; charset=utf-8
cache-control: no-cache
content-length: 14

10:43:07.559 [AsyncHttpClient-1-9] DEBUG org.asynchttpclient.netty.channel.ChannelManager - Adding key: http://localhost:53685 for channel [id: 0x317314a4, L:/127.0.0.1:57277 - R:localhost/127.0.0.1:53685]
10:43:07.565 [Forwarding screenshot on session 4bae76ebb460f340828e6a8a35ae898d to remote] DEBUG org.asynchttpclient.netty.request.NettyRequestSender - Using pooled Channel '[id: 0x317314a4, L:/127.0.0.1:57277 - R:localhost/127.0.0.1:53685]' for 'GET' to 'http://localhost:53685/session/4bae76ebb460f340828e6a8a35ae898d/screenshot'
10:43:07.565 [Forwarding screenshot on session 4bae76ebb460f340828e6a8a35ae898d to remote] DEBUG org.asynchttpclient.netty.request.NettyRequestSender - Using open Channel [id: 0x317314a4, L:/127.0.0.1:57277 - R:localhost/127.0.0.1:53685] for GET '/session/4bae76ebb460f340828e6a8a35ae898d/screenshot'
10:43:07.832 [AsyncHttpClient-1-9] DEBUG org.asynchttpclient.netty.handler.HttpHandler - 

Request DefaultFullHttpRequest(decodeResult: success, version: HTTP/1.1, content: EmptyByteBufBE)
GET /session/4bae76ebb460f340828e6a8a35ae898d/screenshot HTTP/1.1
User-Agent: selenium/4.1.2 (java windows)
Cache-Control: no-cache
Content-Type: application/json; charset=utf-8
host: localhost:53685
accept: */*

Response DefaultHttpResponse(decodeResult: success, version: HTTP/1.1)
HTTP/1.1 200 OK
Content-Type: application/json; charset=utf-8
cache-control: no-cache
content-length: 351816

10:43:07.834 [AsyncHttpClient-1-9] DEBUG org.asynchttpclient.netty.channel.ChannelManager - Adding key: http://localhost:53685 for channel [id: 0x317314a4, L:/127.0.0.1:57277 - R:localhost/127.0.0.1:53685]
10:43:07.906 [main] DEBUG net.serenitybdd.core.photography.Darkroom - Send negative for processing for target\site\serenity\20277f1d76f1b925628464fcd1ece5de77a814679d1be3fdcf836a7ddadfed60.png
10:43:07.972 [AsyncHttpClient-1-1] DEBUG org.asynchttpclient.netty.channel.DefaultChannelPool - Entry count for : http://localhost:53685 : 1
10:43:07.972 [AsyncHttpClient-1-1] DEBUG org.asynchttpclient.netty.channel.DefaultChannelPool - Entry count for : http://localhost:57280 : 1
10:43:07.973 [main] DEBUG net.thucydides.core.steps.StepInterceptor - STEP DONE: validateOnDashboardPage
  &amp#27;[32mGiven &amp#27;[0m&amp#27;[32mI am on the dashboard page&amp#27;[0m                &amp#27;[90m# starter.stepdefinitions.DashboardSteps.iAmOnTheDashboardPage()&amp#27;[0m
10:43:08.025 [Forwarding screenshot on session 4bae76ebb460f340828e6a8a35ae898d to remote] DEBUG org.asynchttpclient.netty.request.NettyRequestSender - Using pooled Channel '[id: 0x317314a4, L:/127.0.0.1:57277 - R:localhost/127.0.0.1:53685]' for 'GET' to 'http://localhost:53685/session/4bae76ebb460f340828e6a8a35ae898d/screenshot'
10:43:08.025 [Forwarding screenshot on session 4bae76ebb460f340828e6a8a35ae898d to remote] DEBUG org.asynchttpclient.netty.request.NettyRequestSender - Using open Channel [id: 0x317314a4, L:/127.0.0.1:57277 - R:localhost/127.0.0.1:53685] for GET '/session/4bae76ebb460f340828e6a8a35ae898d/screenshot'
10:43:08.299 [AsyncHttpClient-1-9] DEBUG org.asynchttpclient.netty.handler.HttpHandler - 

Request DefaultFullHttpRequest(decodeResult: success, version: HTTP/1.1, content: EmptyByteBufBE)
GET /session/4bae76ebb460f340828e6a8a35ae898d/screenshot HTTP/1.1
User-Agent: selenium/4.1.2 (java windows)
Cache-Control: no-cache
Content-Type: application/json; charset=utf-8
host: localhost:53685
accept: */*

Response DefaultHttpResponse(decodeResult: success, version: HTTP/1.1)
HTTP/1.1 200 OK
Content-Type: application/json; charset=utf-8
cache-control: no-cache
content-length: 351816

10:43:08.301 [AsyncHttpClient-1-9] DEBUG org.asynchttpclient.netty.channel.ChannelManager - Adding key: http://localhost:53685 for channel [id: 0x317314a4, L:/127.0.0.1:57277 - R:localhost/127.0.0.1:53685]
10:43:08.327 [main] DEBUG net.serenitybdd.core.photography.Darkroom - Send negative for processing for target\site\serenity\20277f1d76f1b925628464fcd1ece5de77a814679d1be3fdcf836a7ddadfed60.png
10:43:08.327 [main] DEBUG net.thucydides.core.steps.StepInterceptor - STARTING STEP: AppointmentSteps.iClickMenuAppointment - clickMenuAppointmentButton
10:43:08.331 [Forwarding findElement on session 4bae76ebb460f340828e6a8a35ae898d to remote] DEBUG org.asynchttpclient.netty.request.NettyRequestSender - Using pooled Channel '[id: 0x317314a4, L:/127.0.0.1:57277 - R:localhost/127.0.0.1:53685]' for 'POST' to 'http://localhost:53685/session/4bae76ebb460f340828e6a8a35ae898d/element'
10:43:08.331 [Forwarding findElement on session 4bae76ebb460f340828e6a8a35ae898d to remote] DEBUG org.asynchttpclient.netty.request.NettyRequestSender - Using open Channel [id: 0x317314a4, L:/127.0.0.1:57277 - R:localhost/127.0.0.1:53685] for POST '/session/4bae76ebb460f340828e6a8a35ae898d/element'
10:43:08.346 [AsyncHttpClient-1-9] DEBUG org.asynchttpclient.netty.handler.HttpHandler - 

Request DefaultHttpRequest(decodeResult: success, version: HTTP/1.1)
POST /session/4bae76ebb460f340828e6a8a35ae898d/element HTTP/1.1
User-Agent: selenium/4.1.2 (java windows)
Content-Length: 84
Content-Type: application/json; charset=utf-8
host: localhost:53685
accept: */*

Response DefaultHttpResponse(decodeResult: success, version: HTTP/1.1)
HTTP/1.1 200 OK
Content-Type: application/json; charset=utf-8
cache-control: no-cache
content-length: 88

10:43:08.346 [AsyncHttpClient-1-9] DEBUG org.asynchttpclient.netty.channel.ChannelManager - Adding key: http://localhost:53685 for channel [id: 0x317314a4, L:/127.0.0.1:57277 - R:localhost/127.0.0.1:53685]
10:43:08.348 [Forwarding getElementTagName on session 4bae76ebb460f340828e6a8a35ae898d to remote] DEBUG org.asynchttpclient.netty.request.NettyRequestSender - Using pooled Channel '[id: 0x317314a4, L:/127.0.0.1:57277 - R:localhost/127.0.0.1:53685]' for 'GET' to 'http://localhost:53685/session/4bae76ebb460f340828e6a8a35ae898d/element/305a77d0-30e5-4cdb-baac-aaebe4fca591/name'
10:43:08.348 [Forwarding getElementTagName on session 4bae76ebb460f340828e6a8a35ae898d to remote] DEBUG org.asynchttpclient.netty.request.NettyRequestSender - Using open Channel [id: 0x317314a4, L:/127.0.0.1:57277 - R:localhost/127.0.0.1:53685] for GET '/session/4bae76ebb460f340828e6a8a35ae898d/element/305a77d0-30e5-4cdb-baac-aaebe4fca591/name'
10:43:08.377 [AsyncHttpClient-1-9] DEBUG org.asynchttpclient.netty.handler.HttpHandler - 

Request DefaultFullHttpRequest(decodeResult: success, version: HTTP/1.1, content: EmptyByteBufBE)
GET /session/4bae76ebb460f340828e6a8a35ae898d/element/305a77d0-30e5-4cdb-baac-aaebe4fca591/name HTTP/1.1
User-Agent: selenium/4.1.2 (java windows)
Cache-Control: no-cache
Content-Type: application/json; charset=utf-8
host: localhost:53685
accept: */*

Response DefaultHttpResponse(decodeResult: success, version: HTTP/1.1)
HTTP/1.1 200 OK
Content-Type: application/json; charset=utf-8
cache-control: no-cache
content-length: 15

10:43:08.377 [AsyncHttpClient-1-9] DEBUG org.asynchttpclient.netty.channel.ChannelManager - Adding key: http://localhost:53685 for channel [id: 0x317314a4, L:/127.0.0.1:57277 - R:localhost/127.0.0.1:53685]
10:43:08.379 [Forwarding getElementTagName on session 4bae76ebb460f340828e6a8a35ae898d to remote] DEBUG org.asynchttpclient.netty.request.NettyRequestSender - Using pooled Channel '[id: 0x317314a4, L:/127.0.0.1:57277 - R:localhost/127.0.0.1:53685]' for 'GET' to 'http://localhost:53685/session/4bae76ebb460f340828e6a8a35ae898d/element/305a77d0-30e5-4cdb-baac-aaebe4fca591/name'
10:43:08.379 [Forwarding getElementTagName on session 4bae76ebb460f340828e6a8a35ae898d to remote] DEBUG org.asynchttpclient.netty.request.NettyRequestSender - Using open Channel [id: 0x317314a4, L:/127.0.0.1:57277 - R:localhost/127.0.0.1:53685] for GET '/session/4bae76ebb460f340828e6a8a35ae898d/element/305a77d0-30e5-4cdb-baac-aaebe4fca591/name'
10:43:08.384 [AsyncHttpClient-1-9] DEBUG org.asynchttpclient.netty.handler.HttpHandler - 

Request DefaultFullHttpRequest(decodeResult: success, version: HTTP/1.1, content: EmptyByteBufBE)
GET /session/4bae76ebb460f340828e6a8a35ae898d/element/305a77d0-30e5-4cdb-baac-aaebe4fca591/name HTTP/1.1
User-Agent: selenium/4.1.2 (java windows)
Cache-Control: no-cache
Content-Type: application/json; charset=utf-8
host: localhost:53685
accept: */*

Response DefaultHttpResponse(decodeResult: success, version: HTTP/1.1)
HTTP/1.1 200 OK
Content-Type: application/json; charset=utf-8
cache-control: no-cache
content-length: 15

10:43:08.384 [AsyncHttpClient-1-9] DEBUG org.asynchttpclient.netty.channel.ChannelManager - Adding key: http://localhost:53685 for channel [id: 0x317314a4, L:/127.0.0.1:57277 - R:localhost/127.0.0.1:53685]
10:43:08.391 [Forwarding findElement on session 4bae76ebb460f340828e6a8a35ae898d to remote] DEBUG org.asynchttpclient.netty.request.NettyRequestSender - Using pooled Channel '[id: 0x317314a4, L:/127.0.0.1:57277 - R:localhost/127.0.0.1:53685]' for 'POST' to 'http://localhost:53685/session/4bae76ebb460f340828e6a8a35ae898d/element'
10:43:08.391 [Forwarding findElement on session 4bae76ebb460f340828e6a8a35ae898d to remote] DEBUG org.asynchttpclient.netty.request.NettyRequestSender - Using open Channel [id: 0x317314a4, L:/127.0.0.1:57277 - R:localhost/127.0.0.1:53685] for POST '/session/4bae76ebb460f340828e6a8a35ae898d/element'
10:43:08.400 [AsyncHttpClient-1-9] DEBUG org.asynchttpclient.netty.handler.HttpHandler - 

Request DefaultHttpRequest(decodeResult: success, version: HTTP/1.1)
POST /session/4bae76ebb460f340828e6a8a35ae898d/element HTTP/1.1
User-Agent: selenium/4.1.2 (java windows)
Content-Length: 84
Content-Type: application/json; charset=utf-8
host: localhost:53685
accept: */*

Response DefaultHttpResponse(decodeResult: success, version: HTTP/1.1)
HTTP/1.1 200 OK
Content-Type: application/json; charset=utf-8
cache-control: no-cache
content-length: 88

10:43:08.400 [AsyncHttpClient-1-9] DEBUG org.asynchttpclient.netty.channel.ChannelManager - Adding key: http://localhost:53685 for channel [id: 0x317314a4, L:/127.0.0.1:57277 - R:localhost/127.0.0.1:53685]
10:43:08.402 [Forwarding clickElement on session 4bae76ebb460f340828e6a8a35ae898d to remote] DEBUG org.asynchttpclient.netty.request.NettyRequestSender - Using pooled Channel '[id: 0x317314a4, L:/127.0.0.1:57277 - R:localhost/127.0.0.1:53685]' for 'POST' to 'http://localhost:53685/session/4bae76ebb460f340828e6a8a35ae898d/element/305a77d0-30e5-4cdb-baac-aaebe4fca591/click'
10:43:08.402 [Forwarding clickElement on session 4bae76ebb460f340828e6a8a35ae898d to remote] DEBUG org.asynchttpclient.netty.request.NettyRequestSender - Using open Channel [id: 0x317314a4, L:/127.0.0.1:57277 - R:localhost/127.0.0.1:53685] for POST '/session/4bae76ebb460f340828e6a8a35ae898d/element/305a77d0-30e5-4cdb-baac-aaebe4fca591/click'
10:43:09.064 [AsyncHttpClient-1-1] DEBUG org.asynchttpclient.netty.channel.DefaultChannelPool - Entry count for : http://localhost:57280 : 1
10:43:10.170 [AsyncHttpClient-1-1] DEBUG org.asynchttpclient.netty.channel.DefaultChannelPool - Entry count for : http://localhost:57280 : 1
10:43:10.398 [AsyncHttpClient-1-9] DEBUG org.asynchttpclient.netty.handler.HttpHandler - 

Request DefaultHttpRequest(decodeResult: success, version: HTTP/1.1)
POST /session/4bae76ebb460f340828e6a8a35ae898d/element/305a77d0-30e5-4cdb-baac-aaebe4fca591/click HTTP/1.1
User-Agent: selenium/4.1.2 (java windows)
Content-Length: 50
Content-Type: application/json; charset=utf-8
host: localhost:53685
accept: */*

Response DefaultHttpResponse(decodeResult: success, version: HTTP/1.1)
HTTP/1.1 200 OK
Content-Type: application/json; charset=utf-8
cache-control: no-cache
content-length: 14

10:43:10.399 [AsyncHttpClient-1-9] DEBUG org.asynchttpclient.netty.channel.ChannelManager - Adding key: http://localhost:53685 for channel [id: 0x317314a4, L:/127.0.0.1:57277 - R:localhost/127.0.0.1:53685]
10:43:10.412 [Forwarding screenshot on session 4bae76ebb460f340828e6a8a35ae898d to remote] DEBUG org.asynchttpclient.netty.request.NettyRequestSender - Using pooled Channel '[id: 0x317314a4, L:/127.0.0.1:57277 - R:localhost/127.0.0.1:53685]' for 'GET' to 'http://localhost:53685/session/4bae76ebb460f340828e6a8a35ae898d/screenshot'
10:43:10.412 [Forwarding screenshot on session 4bae76ebb460f340828e6a8a35ae898d to remote] DEBUG org.asynchttpclient.netty.request.NettyRequestSender - Using open Channel [id: 0x317314a4, L:/127.0.0.1:57277 - R:localhost/127.0.0.1:53685] for GET '/session/4bae76ebb460f340828e6a8a35ae898d/screenshot'
10:43:10.528 [AsyncHttpClient-1-9] DEBUG org.asynchttpclient.netty.handler.HttpHandler - 

Request DefaultFullHttpRequest(decodeResult: success, version: HTTP/1.1, content: EmptyByteBufBE)
GET /session/4bae76ebb460f340828e6a8a35ae898d/screenshot HTTP/1.1
User-Agent: selenium/4.1.2 (java windows)
Cache-Control: no-cache
Content-Type: application/json; charset=utf-8
host: localhost:53685
accept: */*

Response DefaultHttpResponse(decodeResult: success, version: HTTP/1.1)
HTTP/1.1 200 OK
Content-Type: application/json; charset=utf-8
cache-control: no-cache
content-length: 77804

10:43:10.528 [AsyncHttpClient-1-9] DEBUG org.asynchttpclient.netty.channel.ChannelManager - Adding key: http://localhost:53685 for channel [id: 0x317314a4, L:/127.0.0.1:57277 - R:localhost/127.0.0.1:53685]
10:43:10.532 [main] DEBUG net.serenitybdd.core.photography.Darkroom - Send negative for processing for target\site\serenity\b544a93b86bfe0d20415244adccd6dc3b8e83513ea5bef4ef6f3c4b9448d8262.png
10:43:10.533 [main] DEBUG net.thucydides.core.steps.StepInterceptor - STEP DONE: clickMenuAppointmentButton
  &amp#27;[32mAnd &amp#27;[0m&amp#27;[32mI click menu Appointment&amp#27;[0m                    &amp#27;[90m# starter.stepdefinitions.AppointmentSteps.iClickMenuAppointment()&amp#27;[0m
10:43:10.533 [Darkroom Processing Line] DEBUG net.serenitybdd.core.photography.DarkroomProcessingLine - Processing screenshot image in /var/screenshots/screenshot-17734482738130697893
10:43:10.533 [Darkroom Processing Line] DEBUG net.serenitybdd.core.photography.DarkroomProcessingLine - Saving screenshot to target\site\serenity\b544a93b86bfe0d20415244adccd6dc3b8e83513ea5bef4ef6f3c4b9448d8262.png
10:43:10.555 [main] DEBUG net.thucydides.core.steps.StepInterceptor - STARTING STEP: AppointmentSteps.iClickTheDeleteAppointmentIcon - clickTheDeleteAppointmentIcon
10:43:10.564 [Forwarding findElement on session 4bae76ebb460f340828e6a8a35ae898d to remote] DEBUG org.asynchttpclient.netty.request.NettyRequestSender - Using pooled Channel '[id: 0x317314a4, L:/127.0.0.1:57277 - R:localhost/127.0.0.1:53685]' for 'POST' to 'http://localhost:53685/session/4bae76ebb460f340828e6a8a35ae898d/element'
10:43:10.564 [Forwarding findElement on session 4bae76ebb460f340828e6a8a35ae898d to remote] DEBUG org.asynchttpclient.netty.request.NettyRequestSender - Using open Channel [id: 0x317314a4, L:/127.0.0.1:57277 - R:localhost/127.0.0.1:53685] for POST '/session/4bae76ebb460f340828e6a8a35ae898d/element'
10:43:11.264 [AsyncHttpClient-1-1] DEBUG org.asynchttpclient.netty.channel.DefaultChannelPool - Entry count for : http://localhost:57280 : 1
10:43:11.653 [AsyncHttpClient-1-9] DEBUG org.asynchttpclient.netty.handler.HttpHandler - 

Request DefaultHttpRequest(decodeResult: success, version: HTTP/1.1)
POST /session/4bae76ebb460f340828e6a8a35ae898d/element HTTP/1.1
User-Agent: selenium/4.1.2 (java windows)
Content-Length: 205
Content-Type: application/json; charset=utf-8
host: localhost:53685
accept: */*

Response DefaultHttpResponse(decodeResult: success, version: HTTP/1.1)
HTTP/1.1 200 OK
Content-Type: application/json; charset=utf-8
cache-control: no-cache
content-length: 88

10:43:11.654 [AsyncHttpClient-1-9] DEBUG org.asynchttpclient.netty.channel.ChannelManager - Adding key: http://localhost:53685 for channel [id: 0x317314a4, L:/127.0.0.1:57277 - R:localhost/127.0.0.1:53685]
10:43:11.657 [Forwarding getElementTagName on session 4bae76ebb460f340828e6a8a35ae898d to remote] DEBUG org.asynchttpclient.netty.request.NettyRequestSender - Using pooled Channel '[id: 0x317314a4, L:/127.0.0.1:57277 - R:localhost/127.0.0.1:53685]' for 'GET' to 'http://localhost:53685/session/4bae76ebb460f340828e6a8a35ae898d/element/682e5406-5839-42c5-bd31-2f573ef4a8af/name'
10:43:11.657 [Forwarding getElementTagName on session 4bae76ebb460f340828e6a8a35ae898d to remote] DEBUG org.asynchttpclient.netty.request.NettyRequestSender - Using open Channel [id: 0x317314a4, L:/127.0.0.1:57277 - R:localhost/127.0.0.1:53685] for GET '/session/4bae76ebb460f340828e6a8a35ae898d/element/682e5406-5839-42c5-bd31-2f573ef4a8af/name'
10:43:11.662 [AsyncHttpClient-1-9] DEBUG org.asynchttpclient.netty.handler.HttpHandler - 

Request DefaultFullHttpRequest(decodeResult: success, version: HTTP/1.1, content: EmptyByteBufBE)
GET /session/4bae76ebb460f340828e6a8a35ae898d/element/682e5406-5839-42c5-bd31-2f573ef4a8af/name HTTP/1.1
User-Agent: selenium/4.1.2 (java windows)
Cache-Control: no-cache
Content-Type: application/json; charset=utf-8
host: localhost:53685
accept: */*

Response DefaultHttpResponse(decodeResult: success, version: HTTP/1.1)
HTTP/1.1 200 OK
Content-Type: application/json; charset=utf-8
cache-control: no-cache
content-length: 18

10:43:11.663 [AsyncHttpClient-1-9] DEBUG org.asynchttpclient.netty.channel.ChannelManager - Adding key: http://localhost:53685 for channel [id: 0x317314a4, L:/127.0.0.1:57277 - R:localhost/127.0.0.1:53685]
10:43:11.664 [Forwarding getElementTagName on session 4bae76ebb460f340828e6a8a35ae898d to remote] DEBUG org.asynchttpclient.netty.request.NettyRequestSender - Using pooled Channel '[id: 0x317314a4, L:/127.0.0.1:57277 - R:localhost/127.0.0.1:53685]' for 'GET' to 'http://localhost:53685/session/4bae76ebb460f340828e6a8a35ae898d/element/682e5406-5839-42c5-bd31-2f573ef4a8af/name'
10:43:11.664 [Forwarding getElementTagName on session 4bae76ebb460f340828e6a8a35ae898d to remote] DEBUG org.asynchttpclient.netty.request.NettyRequestSender - Using open Channel [id: 0x317314a4, L:/127.0.0.1:57277 - R:localhost/127.0.0.1:53685] for GET '/session/4bae76ebb460f340828e6a8a35ae898d/element/682e5406-5839-42c5-bd31-2f573ef4a8af/name'
10:43:11.669 [AsyncHttpClient-1-9] DEBUG org.asynchttpclient.netty.handler.HttpHandler - 

Request DefaultFullHttpRequest(decodeResult: success, version: HTTP/1.1, content: EmptyByteBufBE)
GET /session/4bae76ebb460f340828e6a8a35ae898d/element/682e5406-5839-42c5-bd31-2f573ef4a8af/name HTTP/1.1
User-Agent: selenium/4.1.2 (java windows)
Cache-Control: no-cache
Content-Type: application/json; charset=utf-8
host: localhost:53685
accept: */*

Response DefaultHttpResponse(decodeResult: success, version: HTTP/1.1)
HTTP/1.1 200 OK
Content-Type: application/json; charset=utf-8
cache-control: no-cache
content-length: 18

10:43:11.669 [AsyncHttpClient-1-9] DEBUG org.asynchttpclient.netty.channel.ChannelManager - Adding key: http://localhost:53685 for channel [id: 0x317314a4, L:/127.0.0.1:57277 - R:localhost/127.0.0.1:53685]
10:43:11.671 [Forwarding isElementEnabled on session 4bae76ebb460f340828e6a8a35ae898d to remote] DEBUG org.asynchttpclient.netty.request.NettyRequestSender - Using pooled Channel '[id: 0x317314a4, L:/127.0.0.1:57277 - R:localhost/127.0.0.1:53685]' for 'GET' to 'http://localhost:53685/session/4bae76ebb460f340828e6a8a35ae898d/element/682e5406-5839-42c5-bd31-2f573ef4a8af/enabled'
10:43:11.671 [Forwarding isElementEnabled on session 4bae76ebb460f340828e6a8a35ae898d to remote] DEBUG org.asynchttpclient.netty.request.NettyRequestSender - Using open Channel [id: 0x317314a4, L:/127.0.0.1:57277 - R:localhost/127.0.0.1:53685] for GET '/session/4bae76ebb460f340828e6a8a35ae898d/element/682e5406-5839-42c5-bd31-2f573ef4a8af/enabled'
10:43:11.832 [AsyncHttpClient-1-9] DEBUG org.asynchttpclient.netty.handler.HttpHandler - 

Request DefaultFullHttpRequest(decodeResult: success, version: HTTP/1.1, content: EmptyByteBufBE)
GET /session/4bae76ebb460f340828e6a8a35ae898d/element/682e5406-5839-42c5-bd31-2f573ef4a8af/enabled HTTP/1.1
User-Agent: selenium/4.1.2 (java windows)
Cache-Control: no-cache
Content-Type: application/json; charset=utf-8
host: localhost:53685
accept: */*

Response DefaultHttpResponse(decodeResult: success, version: HTTP/1.1)
HTTP/1.1 200 OK
Content-Type: application/json; charset=utf-8
cache-control: no-cache
content-length: 14

10:43:11.833 [AsyncHttpClient-1-9] DEBUG org.asynchttpclient.netty.channel.ChannelManager - Adding key: http://localhost:53685 for channel [id: 0x317314a4, L:/127.0.0.1:57277 - R:localhost/127.0.0.1:53685]
10:43:11.892 [Forwarding isElementEnabled on session 4bae76ebb460f340828e6a8a35ae898d to remote] DEBUG org.asynchttpclient.netty.request.NettyRequestSender - Using pooled Channel '[id: 0x317314a4, L:/127.0.0.1:57277 - R:localhost/127.0.0.1:53685]' for 'GET' to 'http://localhost:53685/session/4bae76ebb460f340828e6a8a35ae898d/element/682e5406-5839-42c5-bd31-2f573ef4a8af/enabled'
10:43:11.893 [Forwarding isElementEnabled on session 4bae76ebb460f340828e6a8a35ae898d to remote] DEBUG org.asynchttpclient.netty.request.NettyRequestSender - Using open Channel [id: 0x317314a4, L:/127.0.0.1:57277 - R:localhost/127.0.0.1:53685] for GET '/session/4bae76ebb460f340828e6a8a35ae898d/element/682e5406-5839-42c5-bd31-2f573ef4a8af/enabled'
10:43:11.910 [AsyncHttpClient-1-9] DEBUG org.asynchttpclient.netty.handler.HttpHandler - 

Request DefaultFullHttpRequest(decodeResult: success, version: HTTP/1.1, content: EmptyByteBufBE)
GET /session/4bae76ebb460f340828e6a8a35ae898d/element/682e5406-5839-42c5-bd31-2f573ef4a8af/enabled HTTP/1.1
User-Agent: selenium/4.1.2 (java windows)
Cache-Control: no-cache
Content-Type: application/json; charset=utf-8
host: localhost:53685
accept: */*

Response DefaultHttpResponse(decodeResult: success, version: HTTP/1.1)
HTTP/1.1 200 OK
Content-Type: application/json; charset=utf-8
cache-control: no-cache
content-length: 14

10:43:11.911 [AsyncHttpClient-1-9] DEBUG org.asynchttpclient.netty.channel.ChannelManager - Adding key: http://localhost:53685 for channel [id: 0x317314a4, L:/127.0.0.1:57277 - R:localhost/127.0.0.1:53685]
10:43:11.916 [Forwarding findElement on session 4bae76ebb460f340828e6a8a35ae898d to remote] DEBUG org.asynchttpclient.netty.request.NettyRequestSender - Using pooled Channel '[id: 0x317314a4, L:/127.0.0.1:57277 - R:localhost/127.0.0.1:53685]' for 'POST' to 'http://localhost:53685/session/4bae76ebb460f340828e6a8a35ae898d/element'
10:43:11.916 [Forwarding findElement on session 4bae76ebb460f340828e6a8a35ae898d to remote] DEBUG org.asynchttpclient.netty.request.NettyRequestSender - Using open Channel [id: 0x317314a4, L:/127.0.0.1:57277 - R:localhost/127.0.0.1:53685] for POST '/session/4bae76ebb460f340828e6a8a35ae898d/element'
10:43:11.940 [AsyncHttpClient-1-9] DEBUG org.asynchttpclient.netty.handler.HttpHandler - 

Request DefaultHttpRequest(decodeResult: success, version: HTTP/1.1)
POST /session/4bae76ebb460f340828e6a8a35ae898d/element HTTP/1.1
User-Agent: selenium/4.1.2 (java windows)
Content-Length: 205
Content-Type: application/json; charset=utf-8
host: localhost:53685
accept: */*

Response DefaultHttpResponse(decodeResult: success, version: HTTP/1.1)
HTTP/1.1 200 OK
Content-Type: application/json; charset=utf-8
cache-control: no-cache
content-length: 88

10:43:11.940 [AsyncHttpClient-1-9] DEBUG org.asynchttpclient.netty.channel.ChannelManager - Adding key: http://localhost:53685 for channel [id: 0x317314a4, L:/127.0.0.1:57277 - R:localhost/127.0.0.1:53685]
10:43:11.944 [Forwarding clickElement on session 4bae76ebb460f340828e6a8a35ae898d to remote] DEBUG org.asynchttpclient.netty.request.NettyRequestSender - Using pooled Channel '[id: 0x317314a4, L:/127.0.0.1:57277 - R:localhost/127.0.0.1:53685]' for 'POST' to 'http://localhost:53685/session/4bae76ebb460f340828e6a8a35ae898d/element/682e5406-5839-42c5-bd31-2f573ef4a8af/click'
10:43:11.944 [Forwarding clickElement on session 4bae76ebb460f340828e6a8a35ae898d to remote] DEBUG org.asynchttpclient.netty.request.NettyRequestSender - Using open Channel [id: 0x317314a4, L:/127.0.0.1:57277 - R:localhost/127.0.0.1:53685] for POST '/session/4bae76ebb460f340828e6a8a35ae898d/element/682e5406-5839-42c5-bd31-2f573ef4a8af/click'
10:43:12.069 [AsyncHttpClient-1-9] DEBUG org.asynchttpclient.netty.handler.HttpHandler - 

Request DefaultHttpRequest(decodeResult: success, version: HTTP/1.1)
POST /session/4bae76ebb460f340828e6a8a35ae898d/element/682e5406-5839-42c5-bd31-2f573ef4a8af/click HTTP/1.1
User-Agent: selenium/4.1.2 (java windows)
Content-Length: 50
Content-Type: application/json; charset=utf-8
host: localhost:53685
accept: */*

Response DefaultHttpResponse(decodeResult: success, version: HTTP/1.1)
HTTP/1.1 200 OK
Content-Type: application/json; charset=utf-8
cache-control: no-cache
content-length: 14

10:43:12.069 [AsyncHttpClient-1-9] DEBUG org.asynchttpclient.netty.channel.ChannelManager - Adding key: http://localhost:53685 for channel [id: 0x317314a4, L:/127.0.0.1:57277 - R:localhost/127.0.0.1:53685]
10:43:12.079 [Forwarding screenshot on session 4bae76ebb460f340828e6a8a35ae898d to remote] DEBUG org.asynchttpclient.netty.request.NettyRequestSender - Using pooled Channel '[id: 0x317314a4, L:/127.0.0.1:57277 - R:localhost/127.0.0.1:53685]' for 'GET' to 'http://localhost:53685/session/4bae76ebb460f340828e6a8a35ae898d/screenshot'
10:43:12.079 [Forwarding screenshot on session 4bae76ebb460f340828e6a8a35ae898d to remote] DEBUG org.asynchttpclient.netty.request.NettyRequestSender - Using open Channel [id: 0x317314a4, L:/127.0.0.1:57277 - R:localhost/127.0.0.1:53685] for GET '/session/4bae76ebb460f340828e6a8a35ae898d/screenshot'
10:43:12.217 [AsyncHttpClient-1-9] DEBUG org.asynchttpclient.netty.handler.HttpHandler - 

Request DefaultFullHttpRequest(decodeResult: success, version: HTTP/1.1, content: EmptyByteBufBE)
GET /session/4bae76ebb460f340828e6a8a35ae898d/screenshot HTTP/1.1
User-Agent: selenium/4.1.2 (java windows)
Cache-Control: no-cache
Content-Type: application/json; charset=utf-8
host: localhost:53685
accept: */*

Response DefaultHttpResponse(decodeResult: success, version: HTTP/1.1)
HTTP/1.1 200 OK
Content-Type: application/json; charset=utf-8
cache-control: no-cache
content-length: 107956

10:43:12.217 [AsyncHttpClient-1-9] DEBUG org.asynchttpclient.netty.channel.ChannelManager - Adding key: http://localhost:53685 for channel [id: 0x317314a4, L:/127.0.0.1:57277 - R:localhost/127.0.0.1:53685]
10:43:12.224 [main] DEBUG net.serenitybdd.core.photography.Darkroom - Send negative for processing for target\site\serenity\9383c83d8538dbb86a52fb3990fa82f95c3aa9c960b0c0411a26c7179c28d322.png
10:43:12.224 [main] DEBUG net.thucydides.core.steps.StepInterceptor - STEP DONE: clickTheDeleteAppointmentIcon
  &amp#27;[32mWhen &amp#27;[0m&amp#27;[32mI click the delete Appointment icon&amp#27;[0m        &amp#27;[90m# starter.stepdefinitions.AppointmentSteps.iClickTheDeleteAppointmentIcon()&amp#27;[0m
10:43:12.224 [Darkroom Processing Line] DEBUG net.serenitybdd.core.photography.DarkroomProcessingLine - Processing screenshot image in /var/screenshots/screenshot-12770049717217300745
10:43:12.224 [Darkroom Processing Line] DEBUG net.serenitybdd.core.photography.DarkroomProcessingLine - Saving screenshot to target\site\serenity\9383c83d8538dbb86a52fb3990fa82f95c3aa9c960b0c0411a26c7179c28d322.png
10:43:12.289 [Forwarding screenshot on session 4bae76ebb460f340828e6a8a35ae898d to remote] DEBUG org.asynchttpclient.netty.request.NettyRequestSender - Using pooled Channel '[id: 0x317314a4, L:/127.0.0.1:57277 - R:localhost/127.0.0.1:53685]' for 'GET' to 'http://localhost:53685/session/4bae76ebb460f340828e6a8a35ae898d/screenshot'
10:43:12.289 [Forwarding screenshot on session 4bae76ebb460f340828e6a8a35ae898d to remote] DEBUG org.asynchttpclient.netty.request.NettyRequestSender - Using open Channel [id: 0x317314a4, L:/127.0.0.1:57277 - R:localhost/127.0.0.1:53685] for GET '/session/4bae76ebb460f340828e6a8a35ae898d/screenshot'
10:43:12.363 [AsyncHttpClient-1-1] DEBUG org.asynchttpclient.netty.channel.DefaultChannelPool - Entry count for : http://localhost:57280 : 1
10:43:12.424 [AsyncHttpClient-1-9] DEBUG org.asynchttpclient.netty.handler.HttpHandler - 

Request DefaultFullHttpRequest(decodeResult: success, version: HTTP/1.1, content: EmptyByteBufBE)
GET /session/4bae76ebb460f340828e6a8a35ae898d/screenshot HTTP/1.1
User-Agent: selenium/4.1.2 (java windows)
Cache-Control: no-cache
Content-Type: application/json; charset=utf-8
host: localhost:53685
accept: */*

Response DefaultHttpResponse(decodeResult: success, version: HTTP/1.1)
HTTP/1.1 200 OK
Content-Type: application/json; charset=utf-8
cache-control: no-cache
content-length: 101208

10:43:12.425 [AsyncHttpClient-1-9] DEBUG org.asynchttpclient.netty.channel.ChannelManager - Adding key: http://localhost:53685 for channel [id: 0x317314a4, L:/127.0.0.1:57277 - R:localhost/127.0.0.1:53685]
10:43:12.431 [main] DEBUG net.serenitybdd.core.photography.Darkroom - Send negative for processing for target\site\serenity\f507800e306db4cbf49fb7e39db9414d5d07c5d41b436e97da60ebbaca90f85b.png
10:43:12.445 [Darkroom Processing Line] DEBUG net.serenitybdd.core.photography.DarkroomProcessingLine - Processing screenshot image in /var/screenshots/screenshot-17370124187525092498
10:43:12.445 [Darkroom Processing Line] DEBUG net.serenitybdd.core.photography.DarkroomProcessingLine - Saving screenshot to target\site\serenity\f507800e306db4cbf49fb7e39db9414d5d07c5d41b436e97da60ebbaca90f85b.png
10:43:12.461 [main] DEBUG net.thucydides.core.steps.StepInterceptor - STARTING STEP: AppointmentSteps.iClickTheAppointmentCancelButton - clickTheCancelDeleteAppointmentButton
10:43:12.467 [Forwarding findElement on session 4bae76ebb460f340828e6a8a35ae898d to remote] DEBUG org.asynchttpclient.netty.request.NettyRequestSender - Using pooled Channel '[id: 0x317314a4, L:/127.0.0.1:57277 - R:localhost/127.0.0.1:53685]' for 'POST' to 'http://localhost:53685/session/4bae76ebb460f340828e6a8a35ae898d/element'
10:43:12.467 [Forwarding findElement on session 4bae76ebb460f340828e6a8a35ae898d to remote] DEBUG org.asynchttpclient.netty.request.NettyRequestSender - Using open Channel [id: 0x317314a4, L:/127.0.0.1:57277 - R:localhost/127.0.0.1:53685] for POST '/session/4bae76ebb460f340828e6a8a35ae898d/element'
10:43:12.485 [AsyncHttpClient-1-9] DEBUG org.asynchttpclient.netty.handler.HttpHandler - 

Request DefaultHttpRequest(decodeResult: success, version: HTTP/1.1)
POST /session/4bae76ebb460f340828e6a8a35ae898d/element HTTP/1.1
User-Agent: selenium/4.1.2 (java windows)
Content-Length: 104
Content-Type: application/json; charset=utf-8
host: localhost:53685
accept: */*

Response DefaultHttpResponse(decodeResult: success, version: HTTP/1.1)
HTTP/1.1 200 OK
Content-Type: application/json; charset=utf-8
cache-control: no-cache
content-length: 88

10:43:12.485 [AsyncHttpClient-1-9] DEBUG org.asynchttpclient.netty.channel.ChannelManager - Adding key: http://localhost:53685 for channel [id: 0x317314a4, L:/127.0.0.1:57277 - R:localhost/127.0.0.1:53685]
10:43:12.487 [Forwarding getElementTagName on session 4bae76ebb460f340828e6a8a35ae898d to remote] DEBUG org.asynchttpclient.netty.request.NettyRequestSender - Using pooled Channel '[id: 0x317314a4, L:/127.0.0.1:57277 - R:localhost/127.0.0.1:53685]' for 'GET' to 'http://localhost:53685/session/4bae76ebb460f340828e6a8a35ae898d/element/c1c275d8-bfb9-4cfb-bd63-a4460dfc052b/name'
10:43:12.487 [Forwarding getElementTagName on session 4bae76ebb460f340828e6a8a35ae898d to remote] DEBUG org.asynchttpclient.netty.request.NettyRequestSender - Using open Channel [id: 0x317314a4, L:/127.0.0.1:57277 - R:localhost/127.0.0.1:53685] for GET '/session/4bae76ebb460f340828e6a8a35ae898d/element/c1c275d8-bfb9-4cfb-bd63-a4460dfc052b/name'
10:43:12.493 [AsyncHttpClient-1-9] DEBUG org.asynchttpclient.netty.handler.HttpHandler - 

Request DefaultFullHttpRequest(decodeResult: success, version: HTTP/1.1, content: EmptyByteBufBE)
GET /session/4bae76ebb460f340828e6a8a35ae898d/element/c1c275d8-bfb9-4cfb-bd63-a4460dfc052b/name HTTP/1.1
User-Agent: selenium/4.1.2 (java windows)
Cache-Control: no-cache
Content-Type: application/json; charset=utf-8
host: localhost:53685
accept: */*

Response DefaultHttpResponse(decodeResult: success, version: HTTP/1.1)
HTTP/1.1 200 OK
Content-Type: application/json; charset=utf-8
cache-control: no-cache
content-length: 18

10:43:12.494 [AsyncHttpClient-1-9] DEBUG org.asynchttpclient.netty.channel.ChannelManager - Adding key: http://localhost:53685 for channel [id: 0x317314a4, L:/127.0.0.1:57277 - R:localhost/127.0.0.1:53685]
10:43:12.497 [Forwarding getElementTagName on session 4bae76ebb460f340828e6a8a35ae898d to remote] DEBUG org.asynchttpclient.netty.request.NettyRequestSender - Using pooled Channel '[id: 0x317314a4, L:/127.0.0.1:57277 - R:localhost/127.0.0.1:53685]' for 'GET' to 'http://localhost:53685/session/4bae76ebb460f340828e6a8a35ae898d/element/c1c275d8-bfb9-4cfb-bd63-a4460dfc052b/name'
10:43:12.497 [Forwarding getElementTagName on session 4bae76ebb460f340828e6a8a35ae898d to remote] DEBUG org.asynchttpclient.netty.request.NettyRequestSender - Using open Channel [id: 0x317314a4, L:/127.0.0.1:57277 - R:localhost/127.0.0.1:53685] for GET '/session/4bae76ebb460f340828e6a8a35ae898d/element/c1c275d8-bfb9-4cfb-bd63-a4460dfc052b/name'
10:43:12.501 [AsyncHttpClient-1-9] DEBUG org.asynchttpclient.netty.handler.HttpHandler - 

Request DefaultFullHttpRequest(decodeResult: success, version: HTTP/1.1, content: EmptyByteBufBE)
GET /session/4bae76ebb460f340828e6a8a35ae898d/element/c1c275d8-bfb9-4cfb-bd63-a4460dfc052b/name HTTP/1.1
User-Agent: selenium/4.1.2 (java windows)
Cache-Control: no-cache
Content-Type: application/json; charset=utf-8
host: localhost:53685
accept: */*

Response DefaultHttpResponse(decodeResult: success, version: HTTP/1.1)
HTTP/1.1 200 OK
Content-Type: application/json; charset=utf-8
cache-control: no-cache
content-length: 18

10:43:12.501 [AsyncHttpClient-1-9] DEBUG org.asynchttpclient.netty.channel.ChannelManager - Adding key: http://localhost:53685 for channel [id: 0x317314a4, L:/127.0.0.1:57277 - R:localhost/127.0.0.1:53685]
10:43:12.514 [Forwarding isElementEnabled on session 4bae76ebb460f340828e6a8a35ae898d to remote] DEBUG org.asynchttpclient.netty.request.NettyRequestSender - Using pooled Channel '[id: 0x317314a4, L:/127.0.0.1:57277 - R:localhost/127.0.0.1:53685]' for 'GET' to 'http://localhost:53685/session/4bae76ebb460f340828e6a8a35ae898d/element/c1c275d8-bfb9-4cfb-bd63-a4460dfc052b/enabled'
10:43:12.514 [Forwarding isElementEnabled on session 4bae76ebb460f340828e6a8a35ae898d to remote] DEBUG org.asynchttpclient.netty.request.NettyRequestSender - Using open Channel [id: 0x317314a4, L:/127.0.0.1:57277 - R:localhost/127.0.0.1:53685] for GET '/session/4bae76ebb460f340828e6a8a35ae898d/element/c1c275d8-bfb9-4cfb-bd63-a4460dfc052b/enabled'
10:43:12.525 [AsyncHttpClient-1-9] DEBUG org.asynchttpclient.netty.handler.HttpHandler - 

Request DefaultFullHttpRequest(decodeResult: success, version: HTTP/1.1, content: EmptyByteBufBE)
GET /session/4bae76ebb460f340828e6a8a35ae898d/element/c1c275d8-bfb9-4cfb-bd63-a4460dfc052b/enabled HTTP/1.1
User-Agent: selenium/4.1.2 (java windows)
Cache-Control: no-cache
Content-Type: application/json; charset=utf-8
host: localhost:53685
accept: */*

Response DefaultHttpResponse(decodeResult: success, version: HTTP/1.1)
HTTP/1.1 200 OK
Content-Type: application/json; charset=utf-8
cache-control: no-cache
content-length: 14

10:43:12.526 [AsyncHttpClient-1-9] DEBUG org.asynchttpclient.netty.channel.ChannelManager - Adding key: http://localhost:53685 for channel [id: 0x317314a4, L:/127.0.0.1:57277 - R:localhost/127.0.0.1:53685]
10:43:12.529 [Forwarding isElementEnabled on session 4bae76ebb460f340828e6a8a35ae898d to remote] DEBUG org.asynchttpclient.netty.request.NettyRequestSender - Using pooled Channel '[id: 0x317314a4, L:/127.0.0.1:57277 - R:localhost/127.0.0.1:53685]' for 'GET' to 'http://localhost:53685/session/4bae76ebb460f340828e6a8a35ae898d/element/c1c275d8-bfb9-4cfb-bd63-a4460dfc052b/enabled'
10:43:12.529 [Forwarding isElementEnabled on session 4bae76ebb460f340828e6a8a35ae898d to remote] DEBUG org.asynchttpclient.netty.request.NettyRequestSender - Using open Channel [id: 0x317314a4, L:/127.0.0.1:57277 - R:localhost/127.0.0.1:53685] for GET '/session/4bae76ebb460f340828e6a8a35ae898d/element/c1c275d8-bfb9-4cfb-bd63-a4460dfc052b/enabled'
10:43:12.535 [AsyncHttpClient-1-9] DEBUG org.asynchttpclient.netty.handler.HttpHandler - 

Request DefaultFullHttpRequest(decodeResult: success, version: HTTP/1.1, content: EmptyByteBufBE)
GET /session/4bae76ebb460f340828e6a8a35ae898d/element/c1c275d8-bfb9-4cfb-bd63-a4460dfc052b/enabled HTTP/1.1
User-Agent: selenium/4.1.2 (java windows)
Cache-Control: no-cache
Content-Type: application/json; charset=utf-8
host: localhost:53685
accept: */*

Response DefaultHttpResponse(decodeResult: success, version: HTTP/1.1)
HTTP/1.1 200 OK
Content-Type: application/json; charset=utf-8
cache-control: no-cache
content-length: 14

10:43:12.535 [AsyncHttpClient-1-9] DEBUG org.asynchttpclient.netty.channel.ChannelManager - Adding key: http://localhost:53685 for channel [id: 0x317314a4, L:/127.0.0.1:57277 - R:localhost/127.0.0.1:53685]
10:43:12.539 [Forwarding findElement on session 4bae76ebb460f340828e6a8a35ae898d to remote] DEBUG org.asynchttpclient.netty.request.NettyRequestSender - Using pooled Channel '[id: 0x317314a4, L:/127.0.0.1:57277 - R:localhost/127.0.0.1:53685]' for 'POST' to 'http://localhost:53685/session/4bae76ebb460f340828e6a8a35ae898d/element'
10:43:12.539 [Forwarding findElement on session 4bae76ebb460f340828e6a8a35ae898d to remote] DEBUG org.asynchttpclient.netty.request.NettyRequestSender - Using open Channel [id: 0x317314a4, L:/127.0.0.1:57277 - R:localhost/127.0.0.1:53685] for POST '/session/4bae76ebb460f340828e6a8a35ae898d/element'
10:43:12.549 [AsyncHttpClient-1-9] DEBUG org.asynchttpclient.netty.handler.HttpHandler - 

Request DefaultHttpRequest(decodeResult: success, version: HTTP/1.1)
POST /session/4bae76ebb460f340828e6a8a35ae898d/element HTTP/1.1
User-Agent: selenium/4.1.2 (java windows)
Content-Length: 104
Content-Type: application/json; charset=utf-8
host: localhost:53685
accept: */*

Response DefaultHttpResponse(decodeResult: success, version: HTTP/1.1)
HTTP/1.1 200 OK
Content-Type: application/json; charset=utf-8
cache-control: no-cache
content-length: 88

10:43:12.549 [AsyncHttpClient-1-9] DEBUG org.asynchttpclient.netty.channel.ChannelManager - Adding key: http://localhost:53685 for channel [id: 0x317314a4, L:/127.0.0.1:57277 - R:localhost/127.0.0.1:53685]
10:43:12.550 [Forwarding clickElement on session 4bae76ebb460f340828e6a8a35ae898d to remote] DEBUG org.asynchttpclient.netty.request.NettyRequestSender - Using pooled Channel '[id: 0x317314a4, L:/127.0.0.1:57277 - R:localhost/127.0.0.1:53685]' for 'POST' to 'http://localhost:53685/session/4bae76ebb460f340828e6a8a35ae898d/element/c1c275d8-bfb9-4cfb-bd63-a4460dfc052b/click'
10:43:12.550 [Forwarding clickElement on session 4bae76ebb460f340828e6a8a35ae898d to remote] DEBUG org.asynchttpclient.netty.request.NettyRequestSender - Using open Channel [id: 0x317314a4, L:/127.0.0.1:57277 - R:localhost/127.0.0.1:53685] for POST '/session/4bae76ebb460f340828e6a8a35ae898d/element/c1c275d8-bfb9-4cfb-bd63-a4460dfc052b/click'
10:43:12.618 [AsyncHttpClient-1-9] DEBUG org.asynchttpclient.netty.handler.HttpHandler - 

Request DefaultHttpRequest(decodeResult: success, version: HTTP/1.1)
POST /session/4bae76ebb460f340828e6a8a35ae898d/element/c1c275d8-bfb9-4cfb-bd63-a4460dfc052b/click HTTP/1.1
User-Agent: selenium/4.1.2 (java windows)
Content-Length: 50
Content-Type: application/json; charset=utf-8
host: localhost:53685
accept: */*

Response DefaultHttpResponse(decodeResult: success, version: HTTP/1.1)
HTTP/1.1 200 OK
Content-Type: application/json; charset=utf-8
cache-control: no-cache
content-length: 14

10:43:12.618 [AsyncHttpClient-1-9] DEBUG org.asynchttpclient.netty.channel.ChannelManager - Adding key: http://localhost:53685 for channel [id: 0x317314a4, L:/127.0.0.1:57277 - R:localhost/127.0.0.1:53685]
10:43:12.630 [Forwarding screenshot on session 4bae76ebb460f340828e6a8a35ae898d to remote] DEBUG org.asynchttpclient.netty.request.NettyRequestSender - Using pooled Channel '[id: 0x317314a4, L:/127.0.0.1:57277 - R:localhost/127.0.0.1:53685]' for 'GET' to 'http://localhost:53685/session/4bae76ebb460f340828e6a8a35ae898d/screenshot'
10:43:12.631 [Forwarding screenshot on session 4bae76ebb460f340828e6a8a35ae898d to remote] DEBUG org.asynchttpclient.netty.request.NettyRequestSender - Using open Channel [id: 0x317314a4, L:/127.0.0.1:57277 - R:localhost/127.0.0.1:53685] for GET '/session/4bae76ebb460f340828e6a8a35ae898d/screenshot'
10:43:12.732 [AsyncHttpClient-1-9] DEBUG org.asynchttpclient.netty.handler.HttpHandler - 

Request DefaultFullHttpRequest(decodeResult: success, version: HTTP/1.1, content: EmptyByteBufBE)
GET /session/4bae76ebb460f340828e6a8a35ae898d/screenshot HTTP/1.1
User-Agent: selenium/4.1.2 (java windows)
Cache-Control: no-cache
Content-Type: application/json; charset=utf-8
host: localhost:53685
accept: */*

Response DefaultHttpResponse(decodeResult: success, version: HTTP/1.1)
HTTP/1.1 200 OK
Content-Type: application/json; charset=utf-8
cache-control: no-cache
content-length: 94468

10:43:12.732 [AsyncHttpClient-1-9] DEBUG org.asynchttpclient.netty.channel.ChannelManager - Adding key: http://localhost:53685 for channel [id: 0x317314a4, L:/127.0.0.1:57277 - R:localhost/127.0.0.1:53685]
10:43:12.737 [main] DEBUG net.serenitybdd.core.photography.Darkroom - Send negative for processing for target\site\serenity\e09a899c99812f04e1a701536c0b43e979c17d70885cd8c9821ceb21f8e33098.png
10:43:12.737 [main] DEBUG net.thucydides.core.steps.StepInterceptor - STEP DONE: clickTheCancelDeleteAppointmentButton
  &amp#27;[32mAnd &amp#27;[0m&amp#27;[32mI click the Appointment cancel button&amp#27;[0m       &amp#27;[90m# starter.stepdefinitions.AppointmentSteps.iClickTheAppointmentCancelButton()&amp#27;[0m
10:43:12.752 [main] DEBUG net.thucydides.core.steps.StepInterceptor - STARTING STEP: AppointmentSteps.iExitDeleteAppointmentOptionMessage - exitDeleteAppointmentMessage
10:43:12.754 [Forwarding findElement on session 4bae76ebb460f340828e6a8a35ae898d to remote] DEBUG org.asynchttpclient.netty.request.NettyRequestSender - Using pooled Channel '[id: 0x317314a4, L:/127.0.0.1:57277 - R:localhost/127.0.0.1:53685]' for 'POST' to 'http://localhost:53685/session/4bae76ebb460f340828e6a8a35ae898d/element'
10:43:12.754 [Forwarding findElement on session 4bae76ebb460f340828e6a8a35ae898d to remote] DEBUG org.asynchttpclient.netty.request.NettyRequestSender - Using open Channel [id: 0x317314a4, L:/127.0.0.1:57277 - R:localhost/127.0.0.1:53685] for POST '/session/4bae76ebb460f340828e6a8a35ae898d/element'
10:43:12.769 [AsyncHttpClient-1-9] DEBUG org.asynchttpclient.netty.handler.HttpHandler - 

Request DefaultHttpRequest(decodeResult: success, version: HTTP/1.1)
POST /session/4bae76ebb460f340828e6a8a35ae898d/element HTTP/1.1
User-Agent: selenium/4.1.2 (java windows)
Content-Length: 89
Content-Type: application/json; charset=utf-8
host: localhost:53685
accept: */*

Response DefaultHttpResponse(decodeResult: success, version: HTTP/1.1)
HTTP/1.1 200 OK
Content-Type: application/json; charset=utf-8
cache-control: no-cache
content-length: 88

10:43:12.769 [AsyncHttpClient-1-9] DEBUG org.asynchttpclient.netty.channel.ChannelManager - Adding key: http://localhost:53685 for channel [id: 0x317314a4, L:/127.0.0.1:57277 - R:localhost/127.0.0.1:53685]
10:43:12.773 [Forwarding isElementDisplayed on session 4bae76ebb460f340828e6a8a35ae898d to remote] DEBUG org.asynchttpclient.netty.request.NettyRequestSender - Using pooled Channel '[id: 0x317314a4, L:/127.0.0.1:57277 - R:localhost/127.0.0.1:53685]' for 'POST' to 'http://localhost:53685/session/4bae76ebb460f340828e6a8a35ae898d/execute/sync'
10:43:12.773 [Forwarding isElementDisplayed on session 4bae76ebb460f340828e6a8a35ae898d to remote] DEBUG org.asynchttpclient.netty.request.NettyRequestSender - Using open Channel [id: 0x317314a4, L:/127.0.0.1:57277 - R:localhost/127.0.0.1:53685] for POST '/session/4bae76ebb460f340828e6a8a35ae898d/execute/sync'
10:43:12.791 [AsyncHttpClient-1-9] DEBUG org.asynchttpclient.netty.handler.HttpHandler - 

Request DefaultHttpRequest(decodeResult: success, version: HTTP/1.1)
POST /session/4bae76ebb460f340828e6a8a35ae898d/execute/sync HTTP/1.1
User-Agent: selenium/4.1.2 (java windows)
Content-Length: 48780
Content-Type: application/json; charset=utf-8
host: localhost:53685
accept: */*

Response DefaultHttpResponse(decodeResult: success, version: HTTP/1.1)
HTTP/1.1 200 OK
Content-Type: application/json; charset=utf-8
cache-control: no-cache
content-length: 14

10:43:12.791 [AsyncHttpClient-1-9] DEBUG org.asynchttpclient.netty.channel.ChannelManager - Adding key: http://localhost:53685 for channel [id: 0x317314a4, L:/127.0.0.1:57277 - R:localhost/127.0.0.1:53685]
10:43:12.796 [Forwarding screenshot on session 4bae76ebb460f340828e6a8a35ae898d to remote] DEBUG org.asynchttpclient.netty.request.NettyRequestSender - Using pooled Channel '[id: 0x317314a4, L:/127.0.0.1:57277 - R:localhost/127.0.0.1:53685]' for 'GET' to 'http://localhost:53685/session/4bae76ebb460f340828e6a8a35ae898d/screenshot'
10:43:12.796 [Forwarding screenshot on session 4bae76ebb460f340828e6a8a35ae898d to remote] DEBUG org.asynchttpclient.netty.request.NettyRequestSender - Using open Channel [id: 0x317314a4, L:/127.0.0.1:57277 - R:localhost/127.0.0.1:53685] for GET '/session/4bae76ebb460f340828e6a8a35ae898d/screenshot'
10:43:12.884 [AsyncHttpClient-1-9] DEBUG org.asynchttpclient.netty.handler.HttpHandler - 

Request DefaultFullHttpRequest(decodeResult: success, version: HTTP/1.1, content: EmptyByteBufBE)
GET /session/4bae76ebb460f340828e6a8a35ae898d/screenshot HTTP/1.1
User-Agent: selenium/4.1.2 (java windows)
Cache-Control: no-cache
Content-Type: application/json; charset=utf-8
host: localhost:53685
accept: */*

Response DefaultHttpResponse(decodeResult: success, version: HTTP/1.1)
HTTP/1.1 200 OK
Content-Type: application/json; charset=utf-8
cache-control: no-cache
content-length: 94468

10:43:12.884 [AsyncHttpClient-1-9] DEBUG org.asynchttpclient.netty.channel.ChannelManager - Adding key: http://localhost:53685 for channel [id: 0x317314a4, L:/127.0.0.1:57277 - R:localhost/127.0.0.1:53685]
10:43:12.889 [main] DEBUG net.serenitybdd.core.photography.Darkroom - Send negative for processing for target\site\serenity\e09a899c99812f04e1a701536c0b43e979c17d70885cd8c9821ceb21f8e33098.png
10:43:12.890 [main] DEBUG net.thucydides.core.steps.StepInterceptor - STEP DONE: exitDeleteAppointmentMessage
  &amp#27;[32mThen &amp#27;[0m&amp#27;[32mI exit delete Appointment option message&amp#27;[0m   &amp#27;[90m# starter.stepdefinitions.AppointmentSteps.iExitDeleteAppointmentOptionMessage()&amp#27;[0m
10:43:12.895 [main] INFO  - 
  _____   ___   ___   _____     ___     _     ___   ___   ___   ___  
 |_   _| | __| / __| |_   _|   | _ \   /_\   / __| / __| | __| |   \ 
   | |   | _|  \__ \   | |     |  _/  / _ \  \__ \ \__ \ | _|  | |) |
   |_|   |___| |___/   |_|     |_|   /_/ \_\ |___/ |___/ |___| |___/ 

Cancel Delete Appointment Data Scenario
----------------------------------------------------------------------
10:43:12.913 [AsyncHttpClient-1-3] DEBUG org.asynchttpclient.netty.handler.WebSocketHandler - Channel Closed: [id: 0x1f6ca0bd, L:/127.0.0.1:57288 ! R:localhost/127.0.0.1:57280] with attribute NettyResponseFuture{currentRetry=5,
	isDone=1,
	isCancelled=0,
	asyncHandler=org.asynchttpclient.ws.WebSocketUpgradeHandler@658c6df6,
	nettyRequest=org.asynchttpclient.netty.request.NettyRequest@12ddf4ba,
	future=java.util.concurrent.CompletableFuture@3693840d[Completed normally],
	uri=ws://localhost:57280/devtools/browser/4a2666ba-2d36-4e08-bbbf-829e9f1f0deb,
	keepAlive=true,
	redirectCount=0,
	timeoutsHolder=null,
	inAuth=0,
	touch=1655782960025}
10:43:12.913 [AsyncHttpClient-1-3] DEBUG org.asynchttpclient.netty.channel.ChannelManager - Closing Channel [id: 0x1f6ca0bd, L:/127.0.0.1:57288 ! R:localhost/127.0.0.1:57280] 
10:43:12.921 [Driver Command Executor] DEBUG org.asynchttpclient.netty.request.NettyRequestSender - Using pooled Channel '[id: 0x317314a4, L:/127.0.0.1:57277 - R:localhost/127.0.0.1:53685]' for 'DELETE' to 'http://localhost:53685/session/4bae76ebb460f340828e6a8a35ae898d'
10:43:12.921 [Driver Command Executor] DEBUG org.asynchttpclient.netty.request.NettyRequestSender - Using open Channel [id: 0x317314a4, L:/127.0.0.1:57277 - R:localhost/127.0.0.1:53685] for DELETE '/session/4bae76ebb460f340828e6a8a35ae898d'
10:43:13.068 [AsyncHttpClient-1-2] DEBUG org.asynchttpclient.netty.handler.HttpHandler - Unexpected I/O exception on channel [id: 0x62894ad9, L:/127.0.0.1:57287 - R:localhost/127.0.0.1:57280]
java.net.SocketException: Connection reset
	at java.base/sun.nio.ch.SocketChannelImpl.throwConnectionReset(SocketChannelImpl.java:367)
	at java.base/sun.nio.ch.SocketChannelImpl.read(SocketChannelImpl.java:398)
	at io.netty.buffer.PooledByteBuf.setBytes(PooledByteBuf.java:258)
	at io.netty.buffer.AbstractByteBuf.writeBytes(AbstractByteBuf.java:1132)
	at io.netty.channel.socket.nio.NioSocketChannel.doReadBytes(NioSocketChannel.java:350)
	at io.netty.channel.nio.AbstractNioByteChannel$NioByteUnsafe.read(AbstractNioByteChannel.java:151)
	at io.netty.channel.nio.NioEventLoop.processSelectedKey(NioEventLoop.java:722)
	at io.netty.channel.nio.NioEventLoop.processSelectedKeysOptimized(NioEventLoop.java:658)
	at io.netty.channel.nio.NioEventLoop.processSelectedKeys(NioEventLoop.java:584)
	at io.netty.channel.nio.NioEventLoop.run(NioEventLoop.java:496)
	at io.netty.util.concurrent.SingleThreadEventExecutor$4.run(SingleThreadEventExecutor.java:986)
	at io.netty.util.internal.ThreadExecutorMap$2.run(ThreadExecutorMap.java:74)
	at io.netty.util.concurrent.FastThreadLocalRunnable.run(FastThreadLocalRunnable.java:30)
	at java.base/java.lang.Thread.run(Thread.java:832)
10:43:13.068 [AsyncHttpClient-1-2] DEBUG org.asynchttpclient.netty.channel.ChannelManager - Closing Channel [id: 0x62894ad9, L:/127.0.0.1:57287 - R:localhost/127.0.0.1:57280] 
10:43:13.068 [AsyncHttpClient-1-2] DEBUG org.asynchttpclient.netty.handler.HttpHandler - Channel Closed: [id: 0x62894ad9, L:/127.0.0.1:57287 ! R:localhost/127.0.0.1:57280] with attribute DISCARD
10:43:13.138 [AsyncHttpClient-1-9] DEBUG org.asynchttpclient.netty.handler.HttpHandler - 

Request DefaultFullHttpRequest(decodeResult: success, version: HTTP/1.1, content: EmptyByteBufBE)
DELETE /session/4bae76ebb460f340828e6a8a35ae898d HTTP/1.1
User-Agent: selenium/4.1.2 (java windows)
Content-Type: application/json; charset=utf-8
host: localhost:53685
accept: */*

Response DefaultHttpResponse(decodeResult: success, version: HTTP/1.1)
HTTP/1.1 200 OK
Content-Type: application/json; charset=utf-8
cache-control: no-cache
content-length: 14

10:43:13.138 [AsyncHttpClient-1-9] DEBUG org.asynchttpclient.netty.channel.ChannelManager - Adding key: http://localhost:53685 for channel [id: 0x317314a4, L:/127.0.0.1:57277 - R:localhost/127.0.0.1:53685]
10:43:13.315 [AsyncHttpClient-1-9] DEBUG org.asynchttpclient.netty.handler.HttpHandler - Channel Closed: [id: 0x317314a4, L:/127.0.0.1:57277 ! R:localhost/127.0.0.1:53685] with attribute DISCARD
10:43:13.465 [AsyncHttpClient-1-1] DEBUG org.asynchttpclient.netty.channel.DefaultChannelPool - Entry count for : http://localhost:53685 : 1
10:43:13.465 [AsyncHttpClient-1-1] DEBUG org.asynchttpclient.netty.channel.DefaultChannelPool - Entry count for : http://localhost:57280 : 1
10:43:13.465 [AsyncHttpClient-1-1] DEBUG org.asynchttpclient.netty.channel.DefaultChannelPool - Adding Candidate expired Channel [id: 0x317314a4, L:/127.0.0.1:57277 ! R:localhost/127.0.0.1:53685] isIdleTimeoutExpired=false isRemotelyClosed=true isTtlExpired=false
10:43:13.465 [AsyncHttpClient-1-1] DEBUG org.asynchttpclient.netty.channel.DefaultChannelPool - Closing Idle Channel [id: 0x317314a4, L:/127.0.0.1:57277 ! R:localhost/127.0.0.1:53685]
10:43:13.465 [AsyncHttpClient-1-1] DEBUG org.asynchttpclient.netty.channel.DefaultChannelPool - Adding Candidate expired Channel [id: 0x62894ad9, L:/127.0.0.1:57287 ! R:localhost/127.0.0.1:57280] isIdleTimeoutExpired=false isRemotelyClosed=true isTtlExpired=false
10:43:13.465 [AsyncHttpClient-1-1] DEBUG org.asynchttpclient.netty.channel.DefaultChannelPool - Closing Idle Channel [id: 0x62894ad9, L:/127.0.0.1:57287 ! R:localhost/127.0.0.1:57280]
10:43:13.465 [AsyncHttpClient-1-1] DEBUG org.asynchttpclient.netty.channel.DefaultChannelPool - Closed 2 connections out of 2 in 0 ms
]]></system-out>
    <system-err><![CDATA[Starting ChromeDriver 102.0.5005.61 (0e59bcc00cc4985ce39ad31c150065f159d95ad3-refs/branch-heads/5005@{#819}) on port 53685
Only local connections are allowed.
Please see https://chromedriver.chromium.org/security-considerations for suggestions on keeping ChromeDriver safe.
ChromeDriver was started successfully.
Jun 21, 2022 10:42:39 AM org.openqa.selenium.remote.ProtocolHandshake createSession
INFO: Detected dialect: W3C
Jun 21, 2022 10:42:40 AM org.openqa.selenium.devtools.CdpVersionFinder findNearestMatch
WARNING: Unable to find an exact match for CDP version 102, so returning the closest version found: a no-op implementation
Jun 21, 2022 10:42:40 AM org.openqa.selenium.devtools.CdpVersionFinder findNearestMatch
INFO: Unable to find CDP implementation matching 102.
Jun 21, 2022 10:42:40 AM org.openqa.selenium.chromium.ChromiumDriver lambda$new$3
WARNING: Unable to find version of CDP to use for . You may need to include a dependency on a specific version of the CDP using something similar to `org.seleniumhq.selenium:selenium-devtools-v86:4.1.2` where the version ("v86") matches the version of the chromium-based browser you're using and the version number of the artifact is the same as Selenium's.
]]></system-err>
  </testcase>
  <testcase name="Delete Appointment Data Scenario" classname="Appointment" time="23.772">
    <error type="org.openqa.selenium.StaleElementReferenceException"><![CDATA[org.openqa.selenium.StaleElementReferenceException: 
stale element reference: element is not attached to the page document
  (Session info: chrome=102.0.5005.115)
For documentation on this error, please visit: https://selenium.dev/exceptions/#stale_element_reference
Build info: version: '4.1.2', revision: '9a5a329c5a'
System info: host: 'DELL', ip: '192.168.1.6', os.name: 'Windows 8.1', os.arch: 'amd64', os.version: '6.3', java.version: '15.0.2'
Driver info: org.openqa.selenium.chrome.ChromeDriver
Command: [94ac58f0650c8970b0489846a2b3f276, isElementDisplayed {id=289271e4-99b9-484e-9293-c05708bad7aa}]
Capabilities {acceptInsecureCerts: false, browserName: chrome, browserVersion: 102.0.5005.115, chrome: {chromedriverVersion: 102.0.5005.61 (0e59bcc00cc4..., userDataDir: C:\Users\USER\AppData\Local...}, goog:chromeOptions: {debuggerAddress: localhost:57340}, javascriptEnabled: true, networkConnectionEnabled: false, pageLoadStrategy: normal, platform: WINDOWS, platformName: WINDOWS, proxy: Proxy(), se:cdp: ws://localhost:57340/devtoo..., se:cdpVersion: 102.0.5005.115, setWindowRect: true, strictFileInteractability: false, timeouts: {implicit: 0, pageLoad: 300000, script: 30000}, unhandledPromptBehavior: dismiss and notify, webauthn:extension:credBlob: true, webauthn:extension:largeBlob: true, webauthn:virtualAuthenticators: true}
Element: [[ChromeDriver: chrome on WINDOWS (94ac58f0650c8970b0489846a2b3f276)] -> xpath: //h2[contains(text(),'Today Appointment')]]
Session ID: 94ac58f0650c8970b0489846a2b3f276
]]></error>
    <system-out><![CDATA[
@Appointment @DeleteAppointment
Scenario: Delete Appointment Data Scenario    &amp#27;[90m# src/test/resources/features/1.Appointment.feature:61&amp#27;[0m
10:43:13.921 [main] INFO io.cucumber.core.plugin.SerenityReporter - Running feature from file:///E:/My%20Documents/File%20Difa/TI%20Semester%206%20Kampus%20Merdeka%20Alterra/Tugas/CAPSTONE%20Project/Capstone-Project-Website/src/test/resources/features/1.Appointment.feature
10:43:13.923 [main] INFO  - 
  _____   ___   ___   _____     ___   _____     _     ___   _____   ___   ___  
 |_   _| | __| / __| |_   _|   / __| |_   _|   /_\   | _ \ |_   _| | __| |   \ 
   | |   | _|  \__ \   | |     \__ \   | |    / _ \  |   /   | |   | _|  | |) |
   |_|   |___| |___/   |_|     |___/   |_|   /_/ \_\ |_|_\   |_|   |___| |___/ 

Delete Appointment Data Scenario(appointment;delete-appointment-data-scenario)
--------------------------------------------------------------------------------
10:43:14.234 [main] DEBUG net.thucydides.core.steps.StepInterceptor - STARTING STEP: DashboardSteps.iAmOnTheDashboardPage - openUrl
10:43:14.236 [main] INFO net.serenitybdd.core.webdriver.driverproviders.ChromeDriverProvider - Using automatically driver download
10:43:14.949 [main] DEBUG io.github.bonigarcia.wdm.cache.ResolutionCache - Resolution chrome=102 in cache (valid until 11:37:46 21/06/2022 ICT)
10:43:14.952 [main] DEBUG io.github.bonigarcia.wdm.cache.ResolutionCache - Resolution chrome102=102.0.5005.61 in cache (valid until 09:22:16 22/06/2022 ICT)
10:43:14.954 [main] INFO io.github.bonigarcia.wdm.WebDriverManager - Using chromedriver 102.0.5005.61 (resolved driver for Chrome 102)
10:43:15.031 [main] DEBUG io.github.bonigarcia.wdm.WebDriverManager - Driver chromedriver 102.0.5005.61 found in cache
10:43:15.032 [main] INFO io.github.bonigarcia.wdm.WebDriverManager - Exporting webdriver.chrome.driver as C:\Users\USER\.cache\selenium\chromedriver\win32\102.0.5005.61\chromedriver.exe
10:43:15.246 [main] DEBUG net.serenitybdd.core.webdriver.driverproviders.ProvideNewDriver - Instantiating driver
10:43:15.246 [main] DEBUG net.serenitybdd.core.webdriver.driverproviders.ProvideNewDriver - Driver capabilities: Capabilities {acceptInsecureCerts: false, base.url: https://hospital-management..., browserName: chrome, chrome.driver: src/test/resources/webdrive..., driver: chrome, goog:chromeOptions: {args: [], extensions: []}}
10:43:16.277 [AsyncHttpClient-1-4] DEBUG org.asynchttpclient.netty.channel.NettyConnectListener - Using new Channel '[id: 0x0f7a3352, L:/127.0.0.1:57339 - R:localhost/127.0.0.1:61422]' for 'POST' to '/session'
10:43:17.362 [AsyncHttpClient-1-4] DEBUG org.asynchttpclient.netty.handler.HttpHandler - 

Request DefaultHttpRequest(decodeResult: success, version: HTTP/1.1)
POST /session HTTP/1.1
User-Agent: selenium/4.1.2 (java windows)
Content-Length: 621
Content-Type: application/json; charset=utf-8
host: localhost:61422
accept: */*

Response DefaultHttpResponse(decodeResult: success, version: HTTP/1.1)
HTTP/1.1 200 OK
Content-Type: application/json; charset=utf-8
cache-control: no-cache
content-length: 788

10:43:17.362 [AsyncHttpClient-1-4] DEBUG org.asynchttpclient.netty.channel.ChannelManager - Adding key: http://localhost:61422 for channel [id: 0x0f7a3352, L:/127.0.0.1:57339 - R:localhost/127.0.0.1:61422]
10:43:17.371 [AsyncHttpClient-1-5] DEBUG org.asynchttpclient.netty.channel.NettyConnectListener - Using new Channel '[id: 0x6d428b9d, L:/127.0.0.1:57346 - R:localhost/127.0.0.1:57340]' for 'GET' to '/json/version'
10:43:17.372 [AsyncHttpClient-1-5] DEBUG org.asynchttpclient.netty.handler.HttpHandler - 

Request DefaultFullHttpRequest(decodeResult: success, version: HTTP/1.1, content: EmptyByteBufBE)
GET /json/version HTTP/1.1
User-Agent: selenium/4.1.2 (java windows)
host: localhost:57340
accept: */*

Response DefaultHttpResponse(decodeResult: success, version: HTTP/1.1)
HTTP/1.1 200 OK
Content-Type: application/json; charset=UTF-8
content-length: 427

10:43:17.372 [AsyncHttpClient-1-5] DEBUG org.asynchttpclient.netty.channel.ChannelManager - Adding key: http://localhost:57340 for channel [id: 0x6d428b9d, L:/127.0.0.1:57346 - R:localhost/127.0.0.1:57340]
10:43:17.374 [AsyncHttpClient-1-6] DEBUG org.asynchttpclient.netty.channel.NettyConnectListener - Using new Channel '[id: 0x3322ba32, L:/127.0.0.1:57347 - R:localhost/127.0.0.1:57340]' for 'GET' to '/devtools/browser/08c8993d-1713-492c-8920-37cd8968987d'
10:43:17.375 [AsyncHttpClient-1-6] DEBUG org.asynchttpclient.netty.handler.WebSocketHandler - 

Request DefaultFullHttpRequest(decodeResult: success, version: HTTP/1.1, content: EmptyByteBufBE)
GET /devtools/browser/08c8993d-1713-492c-8920-37cd8968987d HTTP/1.1
upgrade: websocket
connection: upgrade
sec-websocket-key: Z7xdRHJuzRh/cXITy6JaaQ==
sec-websocket-version: 13
origin: http://localhost:57340
host: localhost:57340
accept: */*
user-agent: AHC/2.1

Response DefaultHttpResponse(decodeResult: success, version: HTTP/1.1)
HTTP/1.1 101 WebSocket Protocol Handshake
Upgrade: WebSocket
Connection: Upgrade
Sec-WebSocket-Accept: UtdInlOPX+GCOHIE0+GlVnHu9Ps=

10:43:17.380 [Forwarding maximizeCurrentWindow on session 94ac58f0650c8970b0489846a2b3f276 to remote] DEBUG org.asynchttpclient.netty.request.NettyRequestSender - Using pooled Channel '[id: 0x0f7a3352, L:/127.0.0.1:57339 - R:localhost/127.0.0.1:61422]' for 'POST' to 'http://localhost:61422/session/94ac58f0650c8970b0489846a2b3f276/window/maximize'
10:43:17.380 [Forwarding maximizeCurrentWindow on session 94ac58f0650c8970b0489846a2b3f276 to remote] DEBUG org.asynchttpclient.netty.request.NettyRequestSender - Using open Channel [id: 0x0f7a3352, L:/127.0.0.1:57339 - R:localhost/127.0.0.1:61422] for POST '/session/94ac58f0650c8970b0489846a2b3f276/window/maximize'
10:43:17.497 [AsyncHttpClient-1-4] DEBUG org.asynchttpclient.netty.handler.HttpHandler - 

Request DefaultHttpRequest(decodeResult: success, version: HTTP/1.1)
POST /session/94ac58f0650c8970b0489846a2b3f276/window/maximize HTTP/1.1
User-Agent: selenium/4.1.2 (java windows)
Content-Length: 3
Content-Type: application/json; charset=utf-8
host: localhost:61422
accept: */*

Response DefaultHttpResponse(decodeResult: success, version: HTTP/1.1)
HTTP/1.1 200 OK
Content-Type: application/json; charset=utf-8
cache-control: no-cache
content-length: 51

10:43:17.497 [AsyncHttpClient-1-4] DEBUG org.asynchttpclient.netty.channel.ChannelManager - Adding key: http://localhost:61422 for channel [id: 0x0f7a3352, L:/127.0.0.1:57339 - R:localhost/127.0.0.1:61422]
10:43:17.501 [Forwarding get on session 94ac58f0650c8970b0489846a2b3f276 to remote] DEBUG org.asynchttpclient.netty.request.NettyRequestSender - Using pooled Channel '[id: 0x0f7a3352, L:/127.0.0.1:57339 - R:localhost/127.0.0.1:61422]' for 'POST' to 'http://localhost:61422/session/94ac58f0650c8970b0489846a2b3f276/url'
10:43:17.501 [Forwarding get on session 94ac58f0650c8970b0489846a2b3f276 to remote] DEBUG org.asynchttpclient.netty.request.NettyRequestSender - Using open Channel [id: 0x0f7a3352, L:/127.0.0.1:57339 - R:localhost/127.0.0.1:61422] for POST '/session/94ac58f0650c8970b0489846a2b3f276/url'
10:43:17.865 [AsyncHttpClient-1-1] DEBUG org.asynchttpclient.netty.channel.DefaultChannelPool - Entry count for : http://localhost:57340 : 1
10:43:18.966 [AsyncHttpClient-1-1] DEBUG org.asynchttpclient.netty.channel.DefaultChannelPool - Entry count for : http://localhost:57340 : 1
10:43:20.065 [AsyncHttpClient-1-1] DEBUG org.asynchttpclient.netty.channel.DefaultChannelPool - Entry count for : http://localhost:57340 : 1
10:43:20.759 [AsyncHttpClient-1-4] DEBUG org.asynchttpclient.netty.handler.HttpHandler - 

Request DefaultHttpRequest(decodeResult: success, version: HTTP/1.1)
POST /session/94ac58f0650c8970b0489846a2b3f276/url HTTP/1.1
User-Agent: selenium/4.1.2 (java windows)
Content-Length: 65
Content-Type: application/json; charset=utf-8
host: localhost:61422
accept: */*

Response DefaultHttpResponse(decodeResult: success, version: HTTP/1.1)
HTTP/1.1 200 OK
Content-Type: application/json; charset=utf-8
cache-control: no-cache
content-length: 14

10:43:20.759 [AsyncHttpClient-1-4] DEBUG org.asynchttpclient.netty.channel.ChannelManager - Adding key: http://localhost:61422 for channel [id: 0x0f7a3352, L:/127.0.0.1:57339 - R:localhost/127.0.0.1:61422]
10:43:20.762 [Forwarding setTimeout on session 94ac58f0650c8970b0489846a2b3f276 to remote] DEBUG org.asynchttpclient.netty.request.NettyRequestSender - Using pooled Channel '[id: 0x0f7a3352, L:/127.0.0.1:57339 - R:localhost/127.0.0.1:61422]' for 'POST' to 'http://localhost:61422/session/94ac58f0650c8970b0489846a2b3f276/timeouts'
10:43:20.762 [Forwarding setTimeout on session 94ac58f0650c8970b0489846a2b3f276 to remote] DEBUG org.asynchttpclient.netty.request.NettyRequestSender - Using open Channel [id: 0x0f7a3352, L:/127.0.0.1:57339 - R:localhost/127.0.0.1:61422] for POST '/session/94ac58f0650c8970b0489846a2b3f276/timeouts'
10:43:20.765 [AsyncHttpClient-1-4] DEBUG org.asynchttpclient.netty.handler.HttpHandler - 

Request DefaultHttpRequest(decodeResult: success, version: HTTP/1.1)
POST /session/94ac58f0650c8970b0489846a2b3f276/timeouts HTTP/1.1
User-Agent: selenium/4.1.2 (java windows)
Content-Length: 22
Content-Type: application/json; charset=utf-8
host: localhost:61422
accept: */*

Response DefaultHttpResponse(decodeResult: success, version: HTTP/1.1)
HTTP/1.1 200 OK
Content-Type: application/json; charset=utf-8
cache-control: no-cache
content-length: 14

10:43:20.765 [AsyncHttpClient-1-4] DEBUG org.asynchttpclient.netty.channel.ChannelManager - Adding key: http://localhost:61422 for channel [id: 0x0f7a3352, L:/127.0.0.1:57339 - R:localhost/127.0.0.1:61422]
10:43:20.772 [Forwarding getCurrentUrl on session 94ac58f0650c8970b0489846a2b3f276 to remote] DEBUG org.asynchttpclient.netty.request.NettyRequestSender - Using pooled Channel '[id: 0x0f7a3352, L:/127.0.0.1:57339 - R:localhost/127.0.0.1:61422]' for 'GET' to 'http://localhost:61422/session/94ac58f0650c8970b0489846a2b3f276/url'
10:43:20.772 [Forwarding getCurrentUrl on session 94ac58f0650c8970b0489846a2b3f276 to remote] DEBUG org.asynchttpclient.netty.request.NettyRequestSender - Using open Channel [id: 0x0f7a3352, L:/127.0.0.1:57339 - R:localhost/127.0.0.1:61422] for GET '/session/94ac58f0650c8970b0489846a2b3f276/url'
10:43:20.940 [AsyncHttpClient-1-4] DEBUG org.asynchttpclient.netty.handler.HttpHandler - 

Request DefaultFullHttpRequest(decodeResult: success, version: HTTP/1.1, content: EmptyByteBufBE)
GET /session/94ac58f0650c8970b0489846a2b3f276/url HTTP/1.1
User-Agent: selenium/4.1.2 (java windows)
Cache-Control: no-cache
Content-Type: application/json; charset=utf-8
host: localhost:61422
accept: */*

Response DefaultHttpResponse(decodeResult: success, version: HTTP/1.1)
HTTP/1.1 200 OK
Content-Type: application/json; charset=utf-8
cache-control: no-cache
content-length: 53

10:43:20.940 [AsyncHttpClient-1-4] DEBUG org.asynchttpclient.netty.channel.ChannelManager - Adding key: http://localhost:61422 for channel [id: 0x0f7a3352, L:/127.0.0.1:57339 - R:localhost/127.0.0.1:61422]
10:43:20.945 [Forwarding getCurrentUrl on session 94ac58f0650c8970b0489846a2b3f276 to remote] DEBUG org.asynchttpclient.netty.request.NettyRequestSender - Using pooled Channel '[id: 0x0f7a3352, L:/127.0.0.1:57339 - R:localhost/127.0.0.1:61422]' for 'GET' to 'http://localhost:61422/session/94ac58f0650c8970b0489846a2b3f276/url'
10:43:20.945 [Forwarding getCurrentUrl on session 94ac58f0650c8970b0489846a2b3f276 to remote] DEBUG org.asynchttpclient.netty.request.NettyRequestSender - Using open Channel [id: 0x0f7a3352, L:/127.0.0.1:57339 - R:localhost/127.0.0.1:61422] for GET '/session/94ac58f0650c8970b0489846a2b3f276/url'
10:43:20.954 [AsyncHttpClient-1-4] DEBUG org.asynchttpclient.netty.handler.HttpHandler - 

Request DefaultFullHttpRequest(decodeResult: success, version: HTTP/1.1, content: EmptyByteBufBE)
GET /session/94ac58f0650c8970b0489846a2b3f276/url HTTP/1.1
User-Agent: selenium/4.1.2 (java windows)
Cache-Control: no-cache
Content-Type: application/json; charset=utf-8
host: localhost:61422
accept: */*

Response DefaultHttpResponse(decodeResult: success, version: HTTP/1.1)
HTTP/1.1 200 OK
Content-Type: application/json; charset=utf-8
cache-control: no-cache
content-length: 53

10:43:20.954 [AsyncHttpClient-1-4] DEBUG org.asynchttpclient.netty.channel.ChannelManager - Adding key: http://localhost:61422 for channel [id: 0x0f7a3352, L:/127.0.0.1:57339 - R:localhost/127.0.0.1:61422]
10:43:20.965 [Forwarding screenshot on session 94ac58f0650c8970b0489846a2b3f276 to remote] DEBUG org.asynchttpclient.netty.request.NettyRequestSender - Using pooled Channel '[id: 0x0f7a3352, L:/127.0.0.1:57339 - R:localhost/127.0.0.1:61422]' for 'GET' to 'http://localhost:61422/session/94ac58f0650c8970b0489846a2b3f276/screenshot'
10:43:20.965 [Forwarding screenshot on session 94ac58f0650c8970b0489846a2b3f276 to remote] DEBUG org.asynchttpclient.netty.request.NettyRequestSender - Using open Channel [id: 0x0f7a3352, L:/127.0.0.1:57339 - R:localhost/127.0.0.1:61422] for GET '/session/94ac58f0650c8970b0489846a2b3f276/screenshot'
10:43:21.163 [AsyncHttpClient-1-1] DEBUG org.asynchttpclient.netty.channel.DefaultChannelPool - Entry count for : http://localhost:57340 : 1
10:43:21.287 [AsyncHttpClient-1-4] DEBUG org.asynchttpclient.netty.handler.HttpHandler - 

Request DefaultFullHttpRequest(decodeResult: success, version: HTTP/1.1, content: EmptyByteBufBE)
GET /session/94ac58f0650c8970b0489846a2b3f276/screenshot HTTP/1.1
User-Agent: selenium/4.1.2 (java windows)
Cache-Control: no-cache
Content-Type: application/json; charset=utf-8
host: localhost:61422
accept: */*

Response DefaultHttpResponse(decodeResult: success, version: HTTP/1.1)
HTTP/1.1 200 OK
Content-Type: application/json; charset=utf-8
cache-control: no-cache
content-length: 340060

10:43:21.290 [AsyncHttpClient-1-4] DEBUG org.asynchttpclient.netty.channel.ChannelManager - Adding key: http://localhost:61422 for channel [id: 0x0f7a3352, L:/127.0.0.1:57339 - R:localhost/127.0.0.1:61422]
10:43:21.320 [main] DEBUG net.serenitybdd.core.photography.Darkroom - Send negative for processing for target\site\serenity\549dc6c224d17ec61fdd306ab44afaddbe98634e46bed43750459de80b3619a1.png
10:43:21.320 [main] DEBUG net.thucydides.core.steps.StepInterceptor - STEP DONE: openUrl
10:43:21.322 [Darkroom Processing Line] DEBUG net.serenitybdd.core.photography.DarkroomProcessingLine - Processing screenshot image in /var/screenshots/screenshot-989904369844415790
10:43:21.322 [Darkroom Processing Line] DEBUG net.serenitybdd.core.photography.DarkroomProcessingLine - Saving screenshot to target\site\serenity\549dc6c224d17ec61fdd306ab44afaddbe98634e46bed43750459de80b3619a1.png
10:43:21.333 [main] DEBUG net.thucydides.core.steps.StepInterceptor - STARTING STEP: DashboardSteps.iAmOnTheDashboardPage - validateOnDashboardPage
10:43:21.337 [Forwarding findElement on session 94ac58f0650c8970b0489846a2b3f276 to remote] DEBUG org.asynchttpclient.netty.request.NettyRequestSender - Using pooled Channel '[id: 0x0f7a3352, L:/127.0.0.1:57339 - R:localhost/127.0.0.1:61422]' for 'POST' to 'http://localhost:61422/session/94ac58f0650c8970b0489846a2b3f276/element'
10:43:21.337 [Forwarding findElement on session 94ac58f0650c8970b0489846a2b3f276 to remote] DEBUG org.asynchttpclient.netty.request.NettyRequestSender - Using open Channel [id: 0x0f7a3352, L:/127.0.0.1:57339 - R:localhost/127.0.0.1:61422] for POST '/session/94ac58f0650c8970b0489846a2b3f276/element'
10:43:21.359 [AsyncHttpClient-1-4] DEBUG org.asynchttpclient.netty.handler.HttpHandler - 

Request DefaultHttpRequest(decodeResult: success, version: HTTP/1.1)
POST /session/94ac58f0650c8970b0489846a2b3f276/element HTTP/1.1
User-Agent: selenium/4.1.2 (java windows)
Content-Length: 81
Content-Type: application/json; charset=utf-8
host: localhost:61422
accept: */*

Response DefaultHttpResponse(decodeResult: success, version: HTTP/1.1)
HTTP/1.1 200 OK
Content-Type: application/json; charset=utf-8
cache-control: no-cache
content-length: 88

10:43:21.360 [AsyncHttpClient-1-4] DEBUG org.asynchttpclient.netty.channel.ChannelManager - Adding key: http://localhost:61422 for channel [id: 0x0f7a3352, L:/127.0.0.1:57339 - R:localhost/127.0.0.1:61422]
10:43:21.377 [Forwarding isElementDisplayed on session 94ac58f0650c8970b0489846a2b3f276 to remote] DEBUG org.asynchttpclient.netty.request.NettyRequestSender - Using pooled Channel '[id: 0x0f7a3352, L:/127.0.0.1:57339 - R:localhost/127.0.0.1:61422]' for 'POST' to 'http://localhost:61422/session/94ac58f0650c8970b0489846a2b3f276/execute/sync'
10:43:21.377 [Forwarding isElementDisplayed on session 94ac58f0650c8970b0489846a2b3f276 to remote] DEBUG org.asynchttpclient.netty.request.NettyRequestSender - Using open Channel [id: 0x0f7a3352, L:/127.0.0.1:57339 - R:localhost/127.0.0.1:61422] for POST '/session/94ac58f0650c8970b0489846a2b3f276/execute/sync'
10:43:21.410 [AsyncHttpClient-1-4] DEBUG org.asynchttpclient.netty.handler.HttpHandler - 

Request DefaultHttpRequest(decodeResult: success, version: HTTP/1.1)
POST /session/94ac58f0650c8970b0489846a2b3f276/execute/sync HTTP/1.1
User-Agent: selenium/4.1.2 (java windows)
Content-Length: 48780
Content-Type: application/json; charset=utf-8
host: localhost:61422
accept: */*

Response DefaultHttpResponse(decodeResult: success, version: HTTP/1.1)
HTTP/1.1 200 OK
Content-Type: application/json; charset=utf-8
cache-control: no-cache
content-length: 14

10:43:21.410 [AsyncHttpClient-1-4] DEBUG org.asynchttpclient.netty.channel.ChannelManager - Adding key: http://localhost:61422 for channel [id: 0x0f7a3352, L:/127.0.0.1:57339 - R:localhost/127.0.0.1:61422]
10:43:21.447 [Forwarding screenshot on session 94ac58f0650c8970b0489846a2b3f276 to remote] DEBUG org.asynchttpclient.netty.request.NettyRequestSender - Using pooled Channel '[id: 0x0f7a3352, L:/127.0.0.1:57339 - R:localhost/127.0.0.1:61422]' for 'GET' to 'http://localhost:61422/session/94ac58f0650c8970b0489846a2b3f276/screenshot'
10:43:21.447 [Forwarding screenshot on session 94ac58f0650c8970b0489846a2b3f276 to remote] DEBUG org.asynchttpclient.netty.request.NettyRequestSender - Using open Channel [id: 0x0f7a3352, L:/127.0.0.1:57339 - R:localhost/127.0.0.1:61422] for GET '/session/94ac58f0650c8970b0489846a2b3f276/screenshot'
10:43:21.787 [AsyncHttpClient-1-4] DEBUG org.asynchttpclient.netty.handler.HttpHandler - 

Request DefaultFullHttpRequest(decodeResult: success, version: HTTP/1.1, content: EmptyByteBufBE)
GET /session/94ac58f0650c8970b0489846a2b3f276/screenshot HTTP/1.1
User-Agent: selenium/4.1.2 (java windows)
Cache-Control: no-cache
Content-Type: application/json; charset=utf-8
host: localhost:61422
accept: */*

Response DefaultHttpResponse(decodeResult: success, version: HTTP/1.1)
HTTP/1.1 200 OK
Content-Type: application/json; charset=utf-8
cache-control: no-cache
content-length: 382596

10:43:21.823 [AsyncHttpClient-1-4] DEBUG org.asynchttpclient.netty.channel.ChannelManager - Adding key: http://localhost:61422 for channel [id: 0x0f7a3352, L:/127.0.0.1:57339 - R:localhost/127.0.0.1:61422]
10:43:21.883 [main] DEBUG net.serenitybdd.core.photography.Darkroom - Send negative for processing for target\site\serenity\ed15a54c91c342d96a850276df7b559f4526b370fc93040e3c407a48a170f368.png
10:43:21.884 [main] DEBUG net.thucydides.core.steps.StepInterceptor - STEP DONE: validateOnDashboardPage
  &amp#27;[32mGiven &amp#27;[0m&amp#27;[32mI am on the dashboard page&amp#27;[0m            &amp#27;[90m# starter.stepdefinitions.DashboardSteps.iAmOnTheDashboardPage()&amp#27;[0m
10:43:21.980 [Forwarding screenshot on session 94ac58f0650c8970b0489846a2b3f276 to remote] DEBUG org.asynchttpclient.netty.request.NettyRequestSender - Using pooled Channel '[id: 0x0f7a3352, L:/127.0.0.1:57339 - R:localhost/127.0.0.1:61422]' for 'GET' to 'http://localhost:61422/session/94ac58f0650c8970b0489846a2b3f276/screenshot'
10:43:21.981 [Forwarding screenshot on session 94ac58f0650c8970b0489846a2b3f276 to remote] DEBUG org.asynchttpclient.netty.request.NettyRequestSender - Using open Channel [id: 0x0f7a3352, L:/127.0.0.1:57339 - R:localhost/127.0.0.1:61422] for GET '/session/94ac58f0650c8970b0489846a2b3f276/screenshot'
10:43:22.264 [AsyncHttpClient-1-1] DEBUG org.asynchttpclient.netty.channel.DefaultChannelPool - Entry count for : http://localhost:57340 : 1
10:43:22.323 [AsyncHttpClient-1-4] DEBUG org.asynchttpclient.netty.handler.HttpHandler - 

Request DefaultFullHttpRequest(decodeResult: success, version: HTTP/1.1, content: EmptyByteBufBE)
GET /session/94ac58f0650c8970b0489846a2b3f276/screenshot HTTP/1.1
User-Agent: selenium/4.1.2 (java windows)
Cache-Control: no-cache
Content-Type: application/json; charset=utf-8
host: localhost:61422
accept: */*

Response DefaultHttpResponse(decodeResult: success, version: HTTP/1.1)
HTTP/1.1 200 OK
Content-Type: application/json; charset=utf-8
cache-control: no-cache
content-length: 382596

10:43:22.326 [AsyncHttpClient-1-4] DEBUG org.asynchttpclient.netty.channel.ChannelManager - Adding key: http://localhost:61422 for channel [id: 0x0f7a3352, L:/127.0.0.1:57339 - R:localhost/127.0.0.1:61422]
10:43:22.351 [main] DEBUG net.serenitybdd.core.photography.Darkroom - Send negative for processing for target\site\serenity\ed15a54c91c342d96a850276df7b559f4526b370fc93040e3c407a48a170f368.png
10:43:22.352 [main] DEBUG net.thucydides.core.steps.StepInterceptor - STARTING STEP: AppointmentSteps.iClickMenuAppointment - clickMenuAppointmentButton
10:43:22.358 [Forwarding findElement on session 94ac58f0650c8970b0489846a2b3f276 to remote] DEBUG org.asynchttpclient.netty.request.NettyRequestSender - Using pooled Channel '[id: 0x0f7a3352, L:/127.0.0.1:57339 - R:localhost/127.0.0.1:61422]' for 'POST' to 'http://localhost:61422/session/94ac58f0650c8970b0489846a2b3f276/element'
10:43:22.358 [Forwarding findElement on session 94ac58f0650c8970b0489846a2b3f276 to remote] DEBUG org.asynchttpclient.netty.request.NettyRequestSender - Using open Channel [id: 0x0f7a3352, L:/127.0.0.1:57339 - R:localhost/127.0.0.1:61422] for POST '/session/94ac58f0650c8970b0489846a2b3f276/element'
10:43:22.379 [AsyncHttpClient-1-4] DEBUG org.asynchttpclient.netty.handler.HttpHandler - 

Request DefaultHttpRequest(decodeResult: success, version: HTTP/1.1)
POST /session/94ac58f0650c8970b0489846a2b3f276/element HTTP/1.1
User-Agent: selenium/4.1.2 (java windows)
Content-Length: 84
Content-Type: application/json; charset=utf-8
host: localhost:61422
accept: */*

Response DefaultHttpResponse(decodeResult: success, version: HTTP/1.1)
HTTP/1.1 200 OK
Content-Type: application/json; charset=utf-8
cache-control: no-cache
content-length: 88

10:43:22.379 [AsyncHttpClient-1-4] DEBUG org.asynchttpclient.netty.channel.ChannelManager - Adding key: http://localhost:61422 for channel [id: 0x0f7a3352, L:/127.0.0.1:57339 - R:localhost/127.0.0.1:61422]
10:43:22.619 [Forwarding getElementTagName on session 94ac58f0650c8970b0489846a2b3f276 to remote] DEBUG org.asynchttpclient.netty.request.NettyRequestSender - Using pooled Channel '[id: 0x0f7a3352, L:/127.0.0.1:57339 - R:localhost/127.0.0.1:61422]' for 'GET' to 'http://localhost:61422/session/94ac58f0650c8970b0489846a2b3f276/element/10377493-87c2-444c-bc1e-758f84c6252d/name'
10:43:22.619 [Forwarding getElementTagName on session 94ac58f0650c8970b0489846a2b3f276 to remote] DEBUG org.asynchttpclient.netty.request.NettyRequestSender - Using open Channel [id: 0x0f7a3352, L:/127.0.0.1:57339 - R:localhost/127.0.0.1:61422] for GET '/session/94ac58f0650c8970b0489846a2b3f276/element/10377493-87c2-444c-bc1e-758f84c6252d/name'
10:43:22.624 [AsyncHttpClient-1-4] DEBUG org.asynchttpclient.netty.handler.HttpHandler - 

Request DefaultFullHttpRequest(decodeResult: success, version: HTTP/1.1, content: EmptyByteBufBE)
GET /session/94ac58f0650c8970b0489846a2b3f276/element/10377493-87c2-444c-bc1e-758f84c6252d/name HTTP/1.1
User-Agent: selenium/4.1.2 (java windows)
Cache-Control: no-cache
Content-Type: application/json; charset=utf-8
host: localhost:61422
accept: */*

Response DefaultHttpResponse(decodeResult: success, version: HTTP/1.1)
HTTP/1.1 200 OK
Content-Type: application/json; charset=utf-8
cache-control: no-cache
content-length: 15

10:43:22.624 [AsyncHttpClient-1-4] DEBUG org.asynchttpclient.netty.channel.ChannelManager - Adding key: http://localhost:61422 for channel [id: 0x0f7a3352, L:/127.0.0.1:57339 - R:localhost/127.0.0.1:61422]
10:43:22.638 [Forwarding getElementTagName on session 94ac58f0650c8970b0489846a2b3f276 to remote] DEBUG org.asynchttpclient.netty.request.NettyRequestSender - Using pooled Channel '[id: 0x0f7a3352, L:/127.0.0.1:57339 - R:localhost/127.0.0.1:61422]' for 'GET' to 'http://localhost:61422/session/94ac58f0650c8970b0489846a2b3f276/element/10377493-87c2-444c-bc1e-758f84c6252d/name'
10:43:22.638 [Forwarding getElementTagName on session 94ac58f0650c8970b0489846a2b3f276 to remote] DEBUG org.asynchttpclient.netty.request.NettyRequestSender - Using open Channel [id: 0x0f7a3352, L:/127.0.0.1:57339 - R:localhost/127.0.0.1:61422] for GET '/session/94ac58f0650c8970b0489846a2b3f276/element/10377493-87c2-444c-bc1e-758f84c6252d/name'
10:43:22.647 [AsyncHttpClient-1-4] DEBUG org.asynchttpclient.netty.handler.HttpHandler - 

Request DefaultFullHttpRequest(decodeResult: success, version: HTTP/1.1, content: EmptyByteBufBE)
GET /session/94ac58f0650c8970b0489846a2b3f276/element/10377493-87c2-444c-bc1e-758f84c6252d/name HTTP/1.1
User-Agent: selenium/4.1.2 (java windows)
Cache-Control: no-cache
Content-Type: application/json; charset=utf-8
host: localhost:61422
accept: */*

Response DefaultHttpResponse(decodeResult: success, version: HTTP/1.1)
HTTP/1.1 200 OK
Content-Type: application/json; charset=utf-8
cache-control: no-cache
content-length: 15

10:43:22.647 [AsyncHttpClient-1-4] DEBUG org.asynchttpclient.netty.channel.ChannelManager - Adding key: http://localhost:61422 for channel [id: 0x0f7a3352, L:/127.0.0.1:57339 - R:localhost/127.0.0.1:61422]
10:43:22.649 [Forwarding findElement on session 94ac58f0650c8970b0489846a2b3f276 to remote] DEBUG org.asynchttpclient.netty.request.NettyRequestSender - Using pooled Channel '[id: 0x0f7a3352, L:/127.0.0.1:57339 - R:localhost/127.0.0.1:61422]' for 'POST' to 'http://localhost:61422/session/94ac58f0650c8970b0489846a2b3f276/element'
10:43:22.649 [Forwarding findElement on session 94ac58f0650c8970b0489846a2b3f276 to remote] DEBUG org.asynchttpclient.netty.request.NettyRequestSender - Using open Channel [id: 0x0f7a3352, L:/127.0.0.1:57339 - R:localhost/127.0.0.1:61422] for POST '/session/94ac58f0650c8970b0489846a2b3f276/element'
10:43:22.657 [AsyncHttpClient-1-4] DEBUG org.asynchttpclient.netty.handler.HttpHandler - 

Request DefaultHttpRequest(decodeResult: success, version: HTTP/1.1)
POST /session/94ac58f0650c8970b0489846a2b3f276/element HTTP/1.1
User-Agent: selenium/4.1.2 (java windows)
Content-Length: 84
Content-Type: application/json; charset=utf-8
host: localhost:61422
accept: */*

Response DefaultHttpResponse(decodeResult: success, version: HTTP/1.1)
HTTP/1.1 200 OK
Content-Type: application/json; charset=utf-8
cache-control: no-cache
content-length: 88

10:43:22.658 [AsyncHttpClient-1-4] DEBUG org.asynchttpclient.netty.channel.ChannelManager - Adding key: http://localhost:61422 for channel [id: 0x0f7a3352, L:/127.0.0.1:57339 - R:localhost/127.0.0.1:61422]
10:43:22.659 [Forwarding clickElement on session 94ac58f0650c8970b0489846a2b3f276 to remote] DEBUG org.asynchttpclient.netty.request.NettyRequestSender - Using pooled Channel '[id: 0x0f7a3352, L:/127.0.0.1:57339 - R:localhost/127.0.0.1:61422]' for 'POST' to 'http://localhost:61422/session/94ac58f0650c8970b0489846a2b3f276/element/10377493-87c2-444c-bc1e-758f84c6252d/click'
10:43:22.659 [Forwarding clickElement on session 94ac58f0650c8970b0489846a2b3f276 to remote] DEBUG org.asynchttpclient.netty.request.NettyRequestSender - Using open Channel [id: 0x0f7a3352, L:/127.0.0.1:57339 - R:localhost/127.0.0.1:61422] for POST '/session/94ac58f0650c8970b0489846a2b3f276/element/10377493-87c2-444c-bc1e-758f84c6252d/click'
10:43:22.972 [AsyncHttpClient-1-4] DEBUG org.asynchttpclient.netty.handler.HttpHandler - 

Request DefaultHttpRequest(decodeResult: success, version: HTTP/1.1)
POST /session/94ac58f0650c8970b0489846a2b3f276/element/10377493-87c2-444c-bc1e-758f84c6252d/click HTTP/1.1
User-Agent: selenium/4.1.2 (java windows)
Content-Length: 50
Content-Type: application/json; charset=utf-8
host: localhost:61422
accept: */*

Response DefaultHttpResponse(decodeResult: success, version: HTTP/1.1)
HTTP/1.1 200 OK
Content-Type: application/json; charset=utf-8
cache-control: no-cache
content-length: 14

10:43:22.972 [AsyncHttpClient-1-4] DEBUG org.asynchttpclient.netty.channel.ChannelManager - Adding key: http://localhost:61422 for channel [id: 0x0f7a3352, L:/127.0.0.1:57339 - R:localhost/127.0.0.1:61422]
10:43:22.985 [Forwarding screenshot on session 94ac58f0650c8970b0489846a2b3f276 to remote] DEBUG org.asynchttpclient.netty.request.NettyRequestSender - Using pooled Channel '[id: 0x0f7a3352, L:/127.0.0.1:57339 - R:localhost/127.0.0.1:61422]' for 'GET' to 'http://localhost:61422/session/94ac58f0650c8970b0489846a2b3f276/screenshot'
10:43:22.986 [Forwarding screenshot on session 94ac58f0650c8970b0489846a2b3f276 to remote] DEBUG org.asynchttpclient.netty.request.NettyRequestSender - Using open Channel [id: 0x0f7a3352, L:/127.0.0.1:57339 - R:localhost/127.0.0.1:61422] for GET '/session/94ac58f0650c8970b0489846a2b3f276/screenshot'
10:43:23.152 [AsyncHttpClient-1-4] DEBUG org.asynchttpclient.netty.handler.HttpHandler - 

Request DefaultFullHttpRequest(decodeResult: success, version: HTTP/1.1, content: EmptyByteBufBE)
GET /session/94ac58f0650c8970b0489846a2b3f276/screenshot HTTP/1.1
User-Agent: selenium/4.1.2 (java windows)
Cache-Control: no-cache
Content-Type: application/json; charset=utf-8
host: localhost:61422
accept: */*

Response DefaultHttpResponse(decodeResult: success, version: HTTP/1.1)
HTTP/1.1 200 OK
Content-Type: application/json; charset=utf-8
cache-control: no-cache
content-length: 77804

10:43:23.153 [AsyncHttpClient-1-4] DEBUG org.asynchttpclient.netty.channel.ChannelManager - Adding key: http://localhost:61422 for channel [id: 0x0f7a3352, L:/127.0.0.1:57339 - R:localhost/127.0.0.1:61422]
10:43:23.160 [main] DEBUG net.serenitybdd.core.photography.Darkroom - Send negative for processing for target\site\serenity\b544a93b86bfe0d20415244adccd6dc3b8e83513ea5bef4ef6f3c4b9448d8262.png
10:43:23.160 [main] DEBUG net.thucydides.core.steps.StepInterceptor - STEP DONE: clickMenuAppointmentButton
  &amp#27;[32mAnd &amp#27;[0m&amp#27;[32mI click menu Appointment&amp#27;[0m                &amp#27;[90m# starter.stepdefinitions.AppointmentSteps.iClickMenuAppointment()&amp#27;[0m
10:43:23.192 [main] DEBUG net.thucydides.core.steps.StepInterceptor - STARTING STEP: AppointmentSteps.iClickDeleteAppointmentIcon - clickDeleteAppointmentIcon
10:43:23.199 [Forwarding findElement on session 94ac58f0650c8970b0489846a2b3f276 to remote] DEBUG org.asynchttpclient.netty.request.NettyRequestSender - Using pooled Channel '[id: 0x0f7a3352, L:/127.0.0.1:57339 - R:localhost/127.0.0.1:61422]' for 'POST' to 'http://localhost:61422/session/94ac58f0650c8970b0489846a2b3f276/element'
10:43:23.199 [Forwarding findElement on session 94ac58f0650c8970b0489846a2b3f276 to remote] DEBUG org.asynchttpclient.netty.request.NettyRequestSender - Using open Channel [id: 0x0f7a3352, L:/127.0.0.1:57339 - R:localhost/127.0.0.1:61422] for POST '/session/94ac58f0650c8970b0489846a2b3f276/element'
10:43:23.364 [AsyncHttpClient-1-1] DEBUG org.asynchttpclient.netty.channel.DefaultChannelPool - Entry count for : http://localhost:57340 : 1
10:43:23.943 [AsyncHttpClient-1-4] DEBUG org.asynchttpclient.netty.handler.HttpHandler - 

Request DefaultHttpRequest(decodeResult: success, version: HTTP/1.1)
POST /session/94ac58f0650c8970b0489846a2b3f276/element HTTP/1.1
User-Agent: selenium/4.1.2 (java windows)
Content-Length: 205
Content-Type: application/json; charset=utf-8
host: localhost:61422
accept: */*

Response DefaultHttpResponse(decodeResult: success, version: HTTP/1.1)
HTTP/1.1 200 OK
Content-Type: application/json; charset=utf-8
cache-control: no-cache
content-length: 88

10:43:23.943 [AsyncHttpClient-1-4] DEBUG org.asynchttpclient.netty.channel.ChannelManager - Adding key: http://localhost:61422 for channel [id: 0x0f7a3352, L:/127.0.0.1:57339 - R:localhost/127.0.0.1:61422]
10:43:23.948 [Forwarding getElementTagName on session 94ac58f0650c8970b0489846a2b3f276 to remote] DEBUG org.asynchttpclient.netty.request.NettyRequestSender - Using pooled Channel '[id: 0x0f7a3352, L:/127.0.0.1:57339 - R:localhost/127.0.0.1:61422]' for 'GET' to 'http://localhost:61422/session/94ac58f0650c8970b0489846a2b3f276/element/bcafd0a4-c5b3-4c30-bbc7-206b68c2ab4a/name'
10:43:23.948 [Forwarding getElementTagName on session 94ac58f0650c8970b0489846a2b3f276 to remote] DEBUG org.asynchttpclient.netty.request.NettyRequestSender - Using open Channel [id: 0x0f7a3352, L:/127.0.0.1:57339 - R:localhost/127.0.0.1:61422] for GET '/session/94ac58f0650c8970b0489846a2b3f276/element/bcafd0a4-c5b3-4c30-bbc7-206b68c2ab4a/name'
10:43:23.955 [AsyncHttpClient-1-4] DEBUG org.asynchttpclient.netty.handler.HttpHandler - 

Request DefaultFullHttpRequest(decodeResult: success, version: HTTP/1.1, content: EmptyByteBufBE)
GET /session/94ac58f0650c8970b0489846a2b3f276/element/bcafd0a4-c5b3-4c30-bbc7-206b68c2ab4a/name HTTP/1.1
User-Agent: selenium/4.1.2 (java windows)
Cache-Control: no-cache
Content-Type: application/json; charset=utf-8
host: localhost:61422
accept: */*

Response DefaultHttpResponse(decodeResult: success, version: HTTP/1.1)
HTTP/1.1 200 OK
Content-Type: application/json; charset=utf-8
cache-control: no-cache
content-length: 18

10:43:23.955 [AsyncHttpClient-1-4] DEBUG org.asynchttpclient.netty.channel.ChannelManager - Adding key: http://localhost:61422 for channel [id: 0x0f7a3352, L:/127.0.0.1:57339 - R:localhost/127.0.0.1:61422]
10:43:23.957 [Forwarding getElementTagName on session 94ac58f0650c8970b0489846a2b3f276 to remote] DEBUG org.asynchttpclient.netty.request.NettyRequestSender - Using pooled Channel '[id: 0x0f7a3352, L:/127.0.0.1:57339 - R:localhost/127.0.0.1:61422]' for 'GET' to 'http://localhost:61422/session/94ac58f0650c8970b0489846a2b3f276/element/bcafd0a4-c5b3-4c30-bbc7-206b68c2ab4a/name'
10:43:23.957 [Forwarding getElementTagName on session 94ac58f0650c8970b0489846a2b3f276 to remote] DEBUG org.asynchttpclient.netty.request.NettyRequestSender - Using open Channel [id: 0x0f7a3352, L:/127.0.0.1:57339 - R:localhost/127.0.0.1:61422] for GET '/session/94ac58f0650c8970b0489846a2b3f276/element/bcafd0a4-c5b3-4c30-bbc7-206b68c2ab4a/name'
10:43:23.964 [AsyncHttpClient-1-4] DEBUG org.asynchttpclient.netty.handler.HttpHandler - 

Request DefaultFullHttpRequest(decodeResult: success, version: HTTP/1.1, content: EmptyByteBufBE)
GET /session/94ac58f0650c8970b0489846a2b3f276/element/bcafd0a4-c5b3-4c30-bbc7-206b68c2ab4a/name HTTP/1.1
User-Agent: selenium/4.1.2 (java windows)
Cache-Control: no-cache
Content-Type: application/json; charset=utf-8
host: localhost:61422
accept: */*

Response DefaultHttpResponse(decodeResult: success, version: HTTP/1.1)
HTTP/1.1 200 OK
Content-Type: application/json; charset=utf-8
cache-control: no-cache
content-length: 18

10:43:23.964 [AsyncHttpClient-1-4] DEBUG org.asynchttpclient.netty.channel.ChannelManager - Adding key: http://localhost:61422 for channel [id: 0x0f7a3352, L:/127.0.0.1:57339 - R:localhost/127.0.0.1:61422]
10:43:24.013 [Forwarding isElementEnabled on session 94ac58f0650c8970b0489846a2b3f276 to remote] DEBUG org.asynchttpclient.netty.request.NettyRequestSender - Using pooled Channel '[id: 0x0f7a3352, L:/127.0.0.1:57339 - R:localhost/127.0.0.1:61422]' for 'GET' to 'http://localhost:61422/session/94ac58f0650c8970b0489846a2b3f276/element/bcafd0a4-c5b3-4c30-bbc7-206b68c2ab4a/enabled'
10:43:24.013 [Forwarding isElementEnabled on session 94ac58f0650c8970b0489846a2b3f276 to remote] DEBUG org.asynchttpclient.netty.request.NettyRequestSender - Using open Channel [id: 0x0f7a3352, L:/127.0.0.1:57339 - R:localhost/127.0.0.1:61422] for GET '/session/94ac58f0650c8970b0489846a2b3f276/element/bcafd0a4-c5b3-4c30-bbc7-206b68c2ab4a/enabled'
10:43:24.023 [AsyncHttpClient-1-4] DEBUG org.asynchttpclient.netty.handler.HttpHandler - 

Request DefaultFullHttpRequest(decodeResult: success, version: HTTP/1.1, content: EmptyByteBufBE)
GET /session/94ac58f0650c8970b0489846a2b3f276/element/bcafd0a4-c5b3-4c30-bbc7-206b68c2ab4a/enabled HTTP/1.1
User-Agent: selenium/4.1.2 (java windows)
Cache-Control: no-cache
Content-Type: application/json; charset=utf-8
host: localhost:61422
accept: */*

Response DefaultHttpResponse(decodeResult: success, version: HTTP/1.1)
HTTP/1.1 200 OK
Content-Type: application/json; charset=utf-8
cache-control: no-cache
content-length: 14

10:43:24.024 [AsyncHttpClient-1-4] DEBUG org.asynchttpclient.netty.channel.ChannelManager - Adding key: http://localhost:61422 for channel [id: 0x0f7a3352, L:/127.0.0.1:57339 - R:localhost/127.0.0.1:61422]
10:43:24.025 [Forwarding isElementEnabled on session 94ac58f0650c8970b0489846a2b3f276 to remote] DEBUG org.asynchttpclient.netty.request.NettyRequestSender - Using pooled Channel '[id: 0x0f7a3352, L:/127.0.0.1:57339 - R:localhost/127.0.0.1:61422]' for 'GET' to 'http://localhost:61422/session/94ac58f0650c8970b0489846a2b3f276/element/bcafd0a4-c5b3-4c30-bbc7-206b68c2ab4a/enabled'
10:43:24.026 [Forwarding isElementEnabled on session 94ac58f0650c8970b0489846a2b3f276 to remote] DEBUG org.asynchttpclient.netty.request.NettyRequestSender - Using open Channel [id: 0x0f7a3352, L:/127.0.0.1:57339 - R:localhost/127.0.0.1:61422] for GET '/session/94ac58f0650c8970b0489846a2b3f276/element/bcafd0a4-c5b3-4c30-bbc7-206b68c2ab4a/enabled'
10:43:24.032 [AsyncHttpClient-1-4] DEBUG org.asynchttpclient.netty.handler.HttpHandler - 

Request DefaultFullHttpRequest(decodeResult: success, version: HTTP/1.1, content: EmptyByteBufBE)
GET /session/94ac58f0650c8970b0489846a2b3f276/element/bcafd0a4-c5b3-4c30-bbc7-206b68c2ab4a/enabled HTTP/1.1
User-Agent: selenium/4.1.2 (java windows)
Cache-Control: no-cache
Content-Type: application/json; charset=utf-8
host: localhost:61422
accept: */*

Response DefaultHttpResponse(decodeResult: success, version: HTTP/1.1)
HTTP/1.1 200 OK
Content-Type: application/json; charset=utf-8
cache-control: no-cache
content-length: 14

10:43:24.032 [AsyncHttpClient-1-4] DEBUG org.asynchttpclient.netty.channel.ChannelManager - Adding key: http://localhost:61422 for channel [id: 0x0f7a3352, L:/127.0.0.1:57339 - R:localhost/127.0.0.1:61422]
10:43:24.034 [Forwarding findElement on session 94ac58f0650c8970b0489846a2b3f276 to remote] DEBUG org.asynchttpclient.netty.request.NettyRequestSender - Using pooled Channel '[id: 0x0f7a3352, L:/127.0.0.1:57339 - R:localhost/127.0.0.1:61422]' for 'POST' to 'http://localhost:61422/session/94ac58f0650c8970b0489846a2b3f276/element'
10:43:24.034 [Forwarding findElement on session 94ac58f0650c8970b0489846a2b3f276 to remote] DEBUG org.asynchttpclient.netty.request.NettyRequestSender - Using open Channel [id: 0x0f7a3352, L:/127.0.0.1:57339 - R:localhost/127.0.0.1:61422] for POST '/session/94ac58f0650c8970b0489846a2b3f276/element'
10:43:24.042 [AsyncHttpClient-1-4] DEBUG org.asynchttpclient.netty.handler.HttpHandler - 

Request DefaultHttpRequest(decodeResult: success, version: HTTP/1.1)
POST /session/94ac58f0650c8970b0489846a2b3f276/element HTTP/1.1
User-Agent: selenium/4.1.2 (java windows)
Content-Length: 205
Content-Type: application/json; charset=utf-8
host: localhost:61422
accept: */*

Response DefaultHttpResponse(decodeResult: success, version: HTTP/1.1)
HTTP/1.1 200 OK
Content-Type: application/json; charset=utf-8
cache-control: no-cache
content-length: 88

10:43:24.042 [AsyncHttpClient-1-4] DEBUG org.asynchttpclient.netty.channel.ChannelManager - Adding key: http://localhost:61422 for channel [id: 0x0f7a3352, L:/127.0.0.1:57339 - R:localhost/127.0.0.1:61422]
10:43:24.043 [Forwarding clickElement on session 94ac58f0650c8970b0489846a2b3f276 to remote] DEBUG org.asynchttpclient.netty.request.NettyRequestSender - Using pooled Channel '[id: 0x0f7a3352, L:/127.0.0.1:57339 - R:localhost/127.0.0.1:61422]' for 'POST' to 'http://localhost:61422/session/94ac58f0650c8970b0489846a2b3f276/element/bcafd0a4-c5b3-4c30-bbc7-206b68c2ab4a/click'
10:43:24.043 [Forwarding clickElement on session 94ac58f0650c8970b0489846a2b3f276 to remote] DEBUG org.asynchttpclient.netty.request.NettyRequestSender - Using open Channel [id: 0x0f7a3352, L:/127.0.0.1:57339 - R:localhost/127.0.0.1:61422] for POST '/session/94ac58f0650c8970b0489846a2b3f276/element/bcafd0a4-c5b3-4c30-bbc7-206b68c2ab4a/click'
10:43:24.148 [AsyncHttpClient-1-4] DEBUG org.asynchttpclient.netty.handler.HttpHandler - 

Request DefaultHttpRequest(decodeResult: success, version: HTTP/1.1)
POST /session/94ac58f0650c8970b0489846a2b3f276/element/bcafd0a4-c5b3-4c30-bbc7-206b68c2ab4a/click HTTP/1.1
User-Agent: selenium/4.1.2 (java windows)
Content-Length: 50
Content-Type: application/json; charset=utf-8
host: localhost:61422
accept: */*

Response DefaultHttpResponse(decodeResult: success, version: HTTP/1.1)
HTTP/1.1 200 OK
Content-Type: application/json; charset=utf-8
cache-control: no-cache
content-length: 14

10:43:24.148 [AsyncHttpClient-1-4] DEBUG org.asynchttpclient.netty.channel.ChannelManager - Adding key: http://localhost:61422 for channel [id: 0x0f7a3352, L:/127.0.0.1:57339 - R:localhost/127.0.0.1:61422]
10:43:24.156 [Forwarding screenshot on session 94ac58f0650c8970b0489846a2b3f276 to remote] DEBUG org.asynchttpclient.netty.request.NettyRequestSender - Using pooled Channel '[id: 0x0f7a3352, L:/127.0.0.1:57339 - R:localhost/127.0.0.1:61422]' for 'GET' to 'http://localhost:61422/session/94ac58f0650c8970b0489846a2b3f276/screenshot'
10:43:24.156 [Forwarding screenshot on session 94ac58f0650c8970b0489846a2b3f276 to remote] DEBUG org.asynchttpclient.netty.request.NettyRequestSender - Using open Channel [id: 0x0f7a3352, L:/127.0.0.1:57339 - R:localhost/127.0.0.1:61422] for GET '/session/94ac58f0650c8970b0489846a2b3f276/screenshot'
10:43:24.336 [AsyncHttpClient-1-4] DEBUG org.asynchttpclient.netty.handler.HttpHandler - 

Request DefaultFullHttpRequest(decodeResult: success, version: HTTP/1.1, content: EmptyByteBufBE)
GET /session/94ac58f0650c8970b0489846a2b3f276/screenshot HTTP/1.1
User-Agent: selenium/4.1.2 (java windows)
Cache-Control: no-cache
Content-Type: application/json; charset=utf-8
host: localhost:61422
accept: */*

Response DefaultHttpResponse(decodeResult: success, version: HTTP/1.1)
HTTP/1.1 200 OK
Content-Type: application/json; charset=utf-8
cache-control: no-cache
content-length: 112076

10:43:24.337 [AsyncHttpClient-1-4] DEBUG org.asynchttpclient.netty.channel.ChannelManager - Adding key: http://localhost:61422 for channel [id: 0x0f7a3352, L:/127.0.0.1:57339 - R:localhost/127.0.0.1:61422]
10:43:24.387 [main] DEBUG net.serenitybdd.core.photography.Darkroom - Send negative for processing for target\site\serenity\4be1b5d36cec548275c6a682a821b56b9075288afe5f7b573793951abeae0bb9.png
10:43:24.387 [main] DEBUG net.thucydides.core.steps.StepInterceptor - STEP DONE: clickDeleteAppointmentIcon
  &amp#27;[32mWhen &amp#27;[0m&amp#27;[32mI click delete Appointment icon&amp#27;[0m        &amp#27;[90m# starter.stepdefinitions.AppointmentSteps.iClickDeleteAppointmentIcon()&amp#27;[0m
10:43:24.387 [Darkroom Processing Line] DEBUG net.serenitybdd.core.photography.DarkroomProcessingLine - Processing screenshot image in /var/screenshots/screenshot-8026551151652581103
10:43:24.387 [Darkroom Processing Line] DEBUG net.serenitybdd.core.photography.DarkroomProcessingLine - Saving screenshot to target\site\serenity\4be1b5d36cec548275c6a682a821b56b9075288afe5f7b573793951abeae0bb9.png
10:43:24.414 [main] DEBUG net.thucydides.core.steps.StepInterceptor - STARTING STEP: AppointmentSteps.iClickTheDeleteButton - clickDeleteAppointmentButton
10:43:24.419 [Forwarding findElement on session 94ac58f0650c8970b0489846a2b3f276 to remote] DEBUG org.asynchttpclient.netty.request.NettyRequestSender - Using pooled Channel '[id: 0x0f7a3352, L:/127.0.0.1:57339 - R:localhost/127.0.0.1:61422]' for 'POST' to 'http://localhost:61422/session/94ac58f0650c8970b0489846a2b3f276/element'
10:43:24.419 [Forwarding findElement on session 94ac58f0650c8970b0489846a2b3f276 to remote] DEBUG org.asynchttpclient.netty.request.NettyRequestSender - Using open Channel [id: 0x0f7a3352, L:/127.0.0.1:57339 - R:localhost/127.0.0.1:61422] for POST '/session/94ac58f0650c8970b0489846a2b3f276/element'
10:43:24.439 [AsyncHttpClient-1-4] DEBUG org.asynchttpclient.netty.handler.HttpHandler - 

Request DefaultHttpRequest(decodeResult: success, version: HTTP/1.1)
POST /session/94ac58f0650c8970b0489846a2b3f276/element HTTP/1.1
User-Agent: selenium/4.1.2 (java windows)
Content-Length: 104
Content-Type: application/json; charset=utf-8
host: localhost:61422
accept: */*

Response DefaultHttpResponse(decodeResult: success, version: HTTP/1.1)
HTTP/1.1 200 OK
Content-Type: application/json; charset=utf-8
cache-control: no-cache
content-length: 88

10:43:24.439 [AsyncHttpClient-1-4] DEBUG org.asynchttpclient.netty.channel.ChannelManager - Adding key: http://localhost:61422 for channel [id: 0x0f7a3352, L:/127.0.0.1:57339 - R:localhost/127.0.0.1:61422]
10:43:24.441 [Forwarding getElementTagName on session 94ac58f0650c8970b0489846a2b3f276 to remote] DEBUG org.asynchttpclient.netty.request.NettyRequestSender - Using pooled Channel '[id: 0x0f7a3352, L:/127.0.0.1:57339 - R:localhost/127.0.0.1:61422]' for 'GET' to 'http://localhost:61422/session/94ac58f0650c8970b0489846a2b3f276/element/2b83566c-e61f-48cb-8a71-1c08d025a840/name'
10:43:24.441 [Forwarding getElementTagName on session 94ac58f0650c8970b0489846a2b3f276 to remote] DEBUG org.asynchttpclient.netty.request.NettyRequestSender - Using open Channel [id: 0x0f7a3352, L:/127.0.0.1:57339 - R:localhost/127.0.0.1:61422] for GET '/session/94ac58f0650c8970b0489846a2b3f276/element/2b83566c-e61f-48cb-8a71-1c08d025a840/name'
10:43:24.466 [AsyncHttpClient-1-4] DEBUG org.asynchttpclient.netty.handler.HttpHandler - 

Request DefaultFullHttpRequest(decodeResult: success, version: HTTP/1.1, content: EmptyByteBufBE)
GET /session/94ac58f0650c8970b0489846a2b3f276/element/2b83566c-e61f-48cb-8a71-1c08d025a840/name HTTP/1.1
User-Agent: selenium/4.1.2 (java windows)
Cache-Control: no-cache
Content-Type: application/json; charset=utf-8
host: localhost:61422
accept: */*

Response DefaultHttpResponse(decodeResult: success, version: HTTP/1.1)
HTTP/1.1 200 OK
Content-Type: application/json; charset=utf-8
cache-control: no-cache
content-length: 18

10:43:24.466 [AsyncHttpClient-1-4] DEBUG org.asynchttpclient.netty.channel.ChannelManager - Adding key: http://localhost:61422 for channel [id: 0x0f7a3352, L:/127.0.0.1:57339 - R:localhost/127.0.0.1:61422]
10:43:24.471 [Forwarding getElementTagName on session 94ac58f0650c8970b0489846a2b3f276 to remote] DEBUG org.asynchttpclient.netty.request.NettyRequestSender - Using pooled Channel '[id: 0x0f7a3352, L:/127.0.0.1:57339 - R:localhost/127.0.0.1:61422]' for 'GET' to 'http://localhost:61422/session/94ac58f0650c8970b0489846a2b3f276/element/2b83566c-e61f-48cb-8a71-1c08d025a840/name'
10:43:24.471 [Forwarding getElementTagName on session 94ac58f0650c8970b0489846a2b3f276 to remote] DEBUG org.asynchttpclient.netty.request.NettyRequestSender - Using open Channel [id: 0x0f7a3352, L:/127.0.0.1:57339 - R:localhost/127.0.0.1:61422] for GET '/session/94ac58f0650c8970b0489846a2b3f276/element/2b83566c-e61f-48cb-8a71-1c08d025a840/name'
10:43:24.471 [AsyncHttpClient-1-1] DEBUG org.asynchttpclient.netty.channel.DefaultChannelPool - Entry count for : http://localhost:57340 : 1
10:43:24.482 [AsyncHttpClient-1-4] DEBUG org.asynchttpclient.netty.handler.HttpHandler - 

Request DefaultFullHttpRequest(decodeResult: success, version: HTTP/1.1, content: EmptyByteBufBE)
GET /session/94ac58f0650c8970b0489846a2b3f276/element/2b83566c-e61f-48cb-8a71-1c08d025a840/name HTTP/1.1
User-Agent: selenium/4.1.2 (java windows)
Cache-Control: no-cache
Content-Type: application/json; charset=utf-8
host: localhost:61422
accept: */*

Response DefaultHttpResponse(decodeResult: success, version: HTTP/1.1)
HTTP/1.1 200 OK
Content-Type: application/json; charset=utf-8
cache-control: no-cache
content-length: 18

10:43:24.482 [AsyncHttpClient-1-4] DEBUG org.asynchttpclient.netty.channel.ChannelManager - Adding key: http://localhost:61422 for channel [id: 0x0f7a3352, L:/127.0.0.1:57339 - R:localhost/127.0.0.1:61422]
10:43:24.487 [Forwarding isElementEnabled on session 94ac58f0650c8970b0489846a2b3f276 to remote] DEBUG org.asynchttpclient.netty.request.NettyRequestSender - Using pooled Channel '[id: 0x0f7a3352, L:/127.0.0.1:57339 - R:localhost/127.0.0.1:61422]' for 'GET' to 'http://localhost:61422/session/94ac58f0650c8970b0489846a2b3f276/element/2b83566c-e61f-48cb-8a71-1c08d025a840/enabled'
10:43:24.487 [Forwarding isElementEnabled on session 94ac58f0650c8970b0489846a2b3f276 to remote] DEBUG org.asynchttpclient.netty.request.NettyRequestSender - Using open Channel [id: 0x0f7a3352, L:/127.0.0.1:57339 - R:localhost/127.0.0.1:61422] for GET '/session/94ac58f0650c8970b0489846a2b3f276/element/2b83566c-e61f-48cb-8a71-1c08d025a840/enabled'
10:43:24.501 [AsyncHttpClient-1-4] DEBUG org.asynchttpclient.netty.handler.HttpHandler - 

Request DefaultFullHttpRequest(decodeResult: success, version: HTTP/1.1, content: EmptyByteBufBE)
GET /session/94ac58f0650c8970b0489846a2b3f276/element/2b83566c-e61f-48cb-8a71-1c08d025a840/enabled HTTP/1.1
User-Agent: selenium/4.1.2 (java windows)
Cache-Control: no-cache
Content-Type: application/json; charset=utf-8
host: localhost:61422
accept: */*

Response DefaultHttpResponse(decodeResult: success, version: HTTP/1.1)
HTTP/1.1 200 OK
Content-Type: application/json; charset=utf-8
cache-control: no-cache
content-length: 14

10:43:24.501 [AsyncHttpClient-1-4] DEBUG org.asynchttpclient.netty.channel.ChannelManager - Adding key: http://localhost:61422 for channel [id: 0x0f7a3352, L:/127.0.0.1:57339 - R:localhost/127.0.0.1:61422]
10:43:24.502 [Forwarding isElementEnabled on session 94ac58f0650c8970b0489846a2b3f276 to remote] DEBUG org.asynchttpclient.netty.request.NettyRequestSender - Using pooled Channel '[id: 0x0f7a3352, L:/127.0.0.1:57339 - R:localhost/127.0.0.1:61422]' for 'GET' to 'http://localhost:61422/session/94ac58f0650c8970b0489846a2b3f276/element/2b83566c-e61f-48cb-8a71-1c08d025a840/enabled'
10:43:24.503 [Forwarding isElementEnabled on session 94ac58f0650c8970b0489846a2b3f276 to remote] DEBUG org.asynchttpclient.netty.request.NettyRequestSender - Using open Channel [id: 0x0f7a3352, L:/127.0.0.1:57339 - R:localhost/127.0.0.1:61422] for GET '/session/94ac58f0650c8970b0489846a2b3f276/element/2b83566c-e61f-48cb-8a71-1c08d025a840/enabled'
10:43:24.512 [AsyncHttpClient-1-4] DEBUG org.asynchttpclient.netty.handler.HttpHandler - 

Request DefaultFullHttpRequest(decodeResult: success, version: HTTP/1.1, content: EmptyByteBufBE)
GET /session/94ac58f0650c8970b0489846a2b3f276/element/2b83566c-e61f-48cb-8a71-1c08d025a840/enabled HTTP/1.1
User-Agent: selenium/4.1.2 (java windows)
Cache-Control: no-cache
Content-Type: application/json; charset=utf-8
host: localhost:61422
accept: */*

Response DefaultHttpResponse(decodeResult: success, version: HTTP/1.1)
HTTP/1.1 200 OK
Content-Type: application/json; charset=utf-8
cache-control: no-cache
content-length: 14

10:43:24.512 [AsyncHttpClient-1-4] DEBUG org.asynchttpclient.netty.channel.ChannelManager - Adding key: http://localhost:61422 for channel [id: 0x0f7a3352, L:/127.0.0.1:57339 - R:localhost/127.0.0.1:61422]
10:43:24.516 [Forwarding findElement on session 94ac58f0650c8970b0489846a2b3f276 to remote] DEBUG org.asynchttpclient.netty.request.NettyRequestSender - Using pooled Channel '[id: 0x0f7a3352, L:/127.0.0.1:57339 - R:localhost/127.0.0.1:61422]' for 'POST' to 'http://localhost:61422/session/94ac58f0650c8970b0489846a2b3f276/element'
10:43:24.516 [Forwarding findElement on session 94ac58f0650c8970b0489846a2b3f276 to remote] DEBUG org.asynchttpclient.netty.request.NettyRequestSender - Using open Channel [id: 0x0f7a3352, L:/127.0.0.1:57339 - R:localhost/127.0.0.1:61422] for POST '/session/94ac58f0650c8970b0489846a2b3f276/element'
10:43:24.530 [AsyncHttpClient-1-4] DEBUG org.asynchttpclient.netty.handler.HttpHandler - 

Request DefaultHttpRequest(decodeResult: success, version: HTTP/1.1)
POST /session/94ac58f0650c8970b0489846a2b3f276/element HTTP/1.1
User-Agent: selenium/4.1.2 (java windows)
Content-Length: 104
Content-Type: application/json; charset=utf-8
host: localhost:61422
accept: */*

Response DefaultHttpResponse(decodeResult: success, version: HTTP/1.1)
HTTP/1.1 200 OK
Content-Type: application/json; charset=utf-8
cache-control: no-cache
content-length: 88

10:43:24.530 [AsyncHttpClient-1-4] DEBUG org.asynchttpclient.netty.channel.ChannelManager - Adding key: http://localhost:61422 for channel [id: 0x0f7a3352, L:/127.0.0.1:57339 - R:localhost/127.0.0.1:61422]
10:43:24.531 [Forwarding clickElement on session 94ac58f0650c8970b0489846a2b3f276 to remote] DEBUG org.asynchttpclient.netty.request.NettyRequestSender - Using pooled Channel '[id: 0x0f7a3352, L:/127.0.0.1:57339 - R:localhost/127.0.0.1:61422]' for 'POST' to 'http://localhost:61422/session/94ac58f0650c8970b0489846a2b3f276/element/2b83566c-e61f-48cb-8a71-1c08d025a840/click'
10:43:24.531 [Forwarding clickElement on session 94ac58f0650c8970b0489846a2b3f276 to remote] DEBUG org.asynchttpclient.netty.request.NettyRequestSender - Using open Channel [id: 0x0f7a3352, L:/127.0.0.1:57339 - R:localhost/127.0.0.1:61422] for POST '/session/94ac58f0650c8970b0489846a2b3f276/element/2b83566c-e61f-48cb-8a71-1c08d025a840/click'
10:43:24.608 [AsyncHttpClient-1-4] DEBUG org.asynchttpclient.netty.handler.HttpHandler - 

Request DefaultHttpRequest(decodeResult: success, version: HTTP/1.1)
POST /session/94ac58f0650c8970b0489846a2b3f276/element/2b83566c-e61f-48cb-8a71-1c08d025a840/click HTTP/1.1
User-Agent: selenium/4.1.2 (java windows)
Content-Length: 50
Content-Type: application/json; charset=utf-8
host: localhost:61422
accept: */*

Response DefaultHttpResponse(decodeResult: success, version: HTTP/1.1)
HTTP/1.1 200 OK
Content-Type: application/json; charset=utf-8
cache-control: no-cache
content-length: 14

10:43:24.609 [AsyncHttpClient-1-4] DEBUG org.asynchttpclient.netty.channel.ChannelManager - Adding key: http://localhost:61422 for channel [id: 0x0f7a3352, L:/127.0.0.1:57339 - R:localhost/127.0.0.1:61422]
10:43:24.625 [Forwarding screenshot on session 94ac58f0650c8970b0489846a2b3f276 to remote] DEBUG org.asynchttpclient.netty.request.NettyRequestSender - Using pooled Channel '[id: 0x0f7a3352, L:/127.0.0.1:57339 - R:localhost/127.0.0.1:61422]' for 'GET' to 'http://localhost:61422/session/94ac58f0650c8970b0489846a2b3f276/screenshot'
10:43:24.626 [Forwarding screenshot on session 94ac58f0650c8970b0489846a2b3f276 to remote] DEBUG org.asynchttpclient.netty.request.NettyRequestSender - Using open Channel [id: 0x0f7a3352, L:/127.0.0.1:57339 - R:localhost/127.0.0.1:61422] for GET '/session/94ac58f0650c8970b0489846a2b3f276/screenshot'
10:43:24.816 [AsyncHttpClient-1-4] DEBUG org.asynchttpclient.netty.handler.HttpHandler - 

Request DefaultFullHttpRequest(decodeResult: success, version: HTTP/1.1, content: EmptyByteBufBE)
GET /session/94ac58f0650c8970b0489846a2b3f276/screenshot HTTP/1.1
User-Agent: selenium/4.1.2 (java windows)
Cache-Control: no-cache
Content-Type: application/json; charset=utf-8
host: localhost:61422
accept: */*

Response DefaultHttpResponse(decodeResult: success, version: HTTP/1.1)
HTTP/1.1 200 OK
Content-Type: application/json; charset=utf-8
cache-control: no-cache
content-length: 98276

10:43:24.817 [AsyncHttpClient-1-4] DEBUG org.asynchttpclient.netty.channel.ChannelManager - Adding key: http://localhost:61422 for channel [id: 0x0f7a3352, L:/127.0.0.1:57339 - R:localhost/127.0.0.1:61422]
10:43:24.824 [main] DEBUG net.serenitybdd.core.photography.Darkroom - Send negative for processing for target\site\serenity\2a1f9d2e0ccd8b8b63bd2f45a3d48fc95e19038ad49c421ec901484053ad7917.png
10:43:24.824 [main] DEBUG net.thucydides.core.steps.StepInterceptor - STEP DONE: clickDeleteAppointmentButton
  &amp#27;[32mAnd &amp#27;[0m&amp#27;[32mI click the Appointment delete button&amp#27;[0m   &amp#27;[90m# starter.stepdefinitions.AppointmentSteps.iClickTheDeleteButton()&amp#27;[0m
10:43:24.825 [Darkroom Processing Line] DEBUG net.serenitybdd.core.photography.DarkroomProcessingLine - Processing screenshot image in /var/screenshots/screenshot-14862856081016565311
10:43:24.825 [Darkroom Processing Line] DEBUG net.serenitybdd.core.photography.DarkroomProcessingLine - Saving screenshot to target\site\serenity\2a1f9d2e0ccd8b8b63bd2f45a3d48fc95e19038ad49c421ec901484053ad7917.png
10:43:24.871 [main] DEBUG net.thucydides.core.steps.StepInterceptor - STARTING STEP: AppointmentSteps.iValidateAppointmentSuccessDeleted - appointmentDeleted
10:43:24.874 [Forwarding findElement on session 94ac58f0650c8970b0489846a2b3f276 to remote] DEBUG org.asynchttpclient.netty.request.NettyRequestSender - Using pooled Channel '[id: 0x0f7a3352, L:/127.0.0.1:57339 - R:localhost/127.0.0.1:61422]' for 'POST' to 'http://localhost:61422/session/94ac58f0650c8970b0489846a2b3f276/element'
10:43:24.874 [Forwarding findElement on session 94ac58f0650c8970b0489846a2b3f276 to remote] DEBUG org.asynchttpclient.netty.request.NettyRequestSender - Using open Channel [id: 0x0f7a3352, L:/127.0.0.1:57339 - R:localhost/127.0.0.1:61422] for POST '/session/94ac58f0650c8970b0489846a2b3f276/element'
10:43:24.882 [AsyncHttpClient-1-4] DEBUG org.asynchttpclient.netty.handler.HttpHandler - 

Request DefaultHttpRequest(decodeResult: success, version: HTTP/1.1)
POST /session/94ac58f0650c8970b0489846a2b3f276/element HTTP/1.1
User-Agent: selenium/4.1.2 (java windows)
Content-Length: 104
Content-Type: application/json; charset=utf-8
host: localhost:61422
accept: */*

Response DefaultHttpResponse(decodeResult: success, version: HTTP/1.1)
HTTP/1.1 200 OK
Content-Type: application/json; charset=utf-8
cache-control: no-cache
content-length: 88

10:43:24.883 [AsyncHttpClient-1-4] DEBUG org.asynchttpclient.netty.channel.ChannelManager - Adding key: http://localhost:61422 for channel [id: 0x0f7a3352, L:/127.0.0.1:57339 - R:localhost/127.0.0.1:61422]
10:43:24.887 [Forwarding isElementDisplayed on session 94ac58f0650c8970b0489846a2b3f276 to remote] DEBUG org.asynchttpclient.netty.request.NettyRequestSender - Using pooled Channel '[id: 0x0f7a3352, L:/127.0.0.1:57339 - R:localhost/127.0.0.1:61422]' for 'POST' to 'http://localhost:61422/session/94ac58f0650c8970b0489846a2b3f276/execute/sync'
10:43:24.887 [Forwarding isElementDisplayed on session 94ac58f0650c8970b0489846a2b3f276 to remote] DEBUG org.asynchttpclient.netty.request.NettyRequestSender - Using open Channel [id: 0x0f7a3352, L:/127.0.0.1:57339 - R:localhost/127.0.0.1:61422] for POST '/session/94ac58f0650c8970b0489846a2b3f276/execute/sync'
10:43:24.906 [AsyncHttpClient-1-4] DEBUG org.asynchttpclient.netty.handler.HttpHandler - 

Request DefaultHttpRequest(decodeResult: success, version: HTTP/1.1)
POST /session/94ac58f0650c8970b0489846a2b3f276/execute/sync HTTP/1.1
User-Agent: selenium/4.1.2 (java windows)
Content-Length: 48780
Content-Type: application/json; charset=utf-8
host: localhost:61422
accept: */*

Response DefaultHttpResponse(decodeResult: success, version: HTTP/1.1)
HTTP/1.1 200 OK
Content-Type: application/json; charset=utf-8
cache-control: no-cache
content-length: 14

10:43:24.907 [AsyncHttpClient-1-4] DEBUG org.asynchttpclient.netty.channel.ChannelManager - Adding key: http://localhost:61422 for channel [id: 0x0f7a3352, L:/127.0.0.1:57339 - R:localhost/127.0.0.1:61422]
10:43:25.073 [Forwarding isElementDisplayed on session 94ac58f0650c8970b0489846a2b3f276 to remote] DEBUG org.asynchttpclient.netty.request.NettyRequestSender - Using pooled Channel '[id: 0x0f7a3352, L:/127.0.0.1:57339 - R:localhost/127.0.0.1:61422]' for 'POST' to 'http://localhost:61422/session/94ac58f0650c8970b0489846a2b3f276/execute/sync'
10:43:25.073 [Forwarding isElementDisplayed on session 94ac58f0650c8970b0489846a2b3f276 to remote] DEBUG org.asynchttpclient.netty.request.NettyRequestSender - Using open Channel [id: 0x0f7a3352, L:/127.0.0.1:57339 - R:localhost/127.0.0.1:61422] for POST '/session/94ac58f0650c8970b0489846a2b3f276/execute/sync'
10:43:25.106 [AsyncHttpClient-1-4] DEBUG org.asynchttpclient.netty.handler.HttpHandler - 

Request DefaultHttpRequest(decodeResult: success, version: HTTP/1.1)
POST /session/94ac58f0650c8970b0489846a2b3f276/execute/sync HTTP/1.1
User-Agent: selenium/4.1.2 (java windows)
Content-Length: 48780
Content-Type: application/json; charset=utf-8
host: localhost:61422
accept: */*

Response DefaultHttpResponse(decodeResult: success, version: HTTP/1.1)
HTTP/1.1 200 OK
Content-Type: application/json; charset=utf-8
cache-control: no-cache
content-length: 14

10:43:25.107 [AsyncHttpClient-1-4] DEBUG org.asynchttpclient.netty.channel.ChannelManager - Adding key: http://localhost:61422 for channel [id: 0x0f7a3352, L:/127.0.0.1:57339 - R:localhost/127.0.0.1:61422]
10:43:25.245 [Forwarding isElementDisplayed on session 94ac58f0650c8970b0489846a2b3f276 to remote] DEBUG org.asynchttpclient.netty.request.NettyRequestSender - Using pooled Channel '[id: 0x0f7a3352, L:/127.0.0.1:57339 - R:localhost/127.0.0.1:61422]' for 'POST' to 'http://localhost:61422/session/94ac58f0650c8970b0489846a2b3f276/execute/sync'
10:43:25.245 [Forwarding isElementDisplayed on session 94ac58f0650c8970b0489846a2b3f276 to remote] DEBUG org.asynchttpclient.netty.request.NettyRequestSender - Using open Channel [id: 0x0f7a3352, L:/127.0.0.1:57339 - R:localhost/127.0.0.1:61422] for POST '/session/94ac58f0650c8970b0489846a2b3f276/execute/sync'
10:43:25.272 [AsyncHttpClient-1-4] DEBUG org.asynchttpclient.netty.handler.HttpHandler - 

Request DefaultHttpRequest(decodeResult: success, version: HTTP/1.1)
POST /session/94ac58f0650c8970b0489846a2b3f276/execute/sync HTTP/1.1
User-Agent: selenium/4.1.2 (java windows)
Content-Length: 48780
Content-Type: application/json; charset=utf-8
host: localhost:61422
accept: */*

Response DefaultHttpResponse(decodeResult: success, version: HTTP/1.1)
HTTP/1.1 200 OK
Content-Type: application/json; charset=utf-8
cache-control: no-cache
content-length: 14

10:43:25.272 [AsyncHttpClient-1-4] DEBUG org.asynchttpclient.netty.channel.ChannelManager - Adding key: http://localhost:61422 for channel [id: 0x0f7a3352, L:/127.0.0.1:57339 - R:localhost/127.0.0.1:61422]
10:43:25.391 [Forwarding isElementDisplayed on session 94ac58f0650c8970b0489846a2b3f276 to remote] DEBUG org.asynchttpclient.netty.request.NettyRequestSender - Using pooled Channel '[id: 0x0f7a3352, L:/127.0.0.1:57339 - R:localhost/127.0.0.1:61422]' for 'POST' to 'http://localhost:61422/session/94ac58f0650c8970b0489846a2b3f276/execute/sync'
10:43:25.391 [Forwarding isElementDisplayed on session 94ac58f0650c8970b0489846a2b3f276 to remote] DEBUG org.asynchttpclient.netty.request.NettyRequestSender - Using open Channel [id: 0x0f7a3352, L:/127.0.0.1:57339 - R:localhost/127.0.0.1:61422] for POST '/session/94ac58f0650c8970b0489846a2b3f276/execute/sync'
10:43:25.422 [AsyncHttpClient-1-4] DEBUG org.asynchttpclient.netty.handler.HttpHandler - 

Request DefaultHttpRequest(decodeResult: success, version: HTTP/1.1)
POST /session/94ac58f0650c8970b0489846a2b3f276/execute/sync HTTP/1.1
User-Agent: selenium/4.1.2 (java windows)
Content-Length: 48780
Content-Type: application/json; charset=utf-8
host: localhost:61422
accept: */*

Response DefaultHttpResponse(decodeResult: success, version: HTTP/1.1)
HTTP/1.1 404 Not Found
Content-Type: application/json; charset=utf-8
cache-control: no-cache
content-length: 1018

10:43:25.422 [AsyncHttpClient-1-4] DEBUG org.asynchttpclient.netty.channel.ChannelManager - Adding key: http://localhost:61422 for channel [id: 0x0f7a3352, L:/127.0.0.1:57339 - R:localhost/127.0.0.1:61422]
10:43:25.564 [AsyncHttpClient-1-1] DEBUG org.asynchttpclient.netty.channel.DefaultChannelPool - Entry count for : http://localhost:57340 : 1
10:43:25.564 [AsyncHttpClient-1-1] DEBUG org.asynchttpclient.netty.channel.DefaultChannelPool - Entry count for : http://localhost:61422 : 1
10:43:26.341 [Forwarding findElement on session 94ac58f0650c8970b0489846a2b3f276 to remote] DEBUG org.asynchttpclient.netty.request.NettyRequestSender - Using pooled Channel '[id: 0x0f7a3352, L:/127.0.0.1:57339 - R:localhost/127.0.0.1:61422]' for 'POST' to 'http://localhost:61422/session/94ac58f0650c8970b0489846a2b3f276/element'
10:43:26.341 [Forwarding findElement on session 94ac58f0650c8970b0489846a2b3f276 to remote] DEBUG org.asynchttpclient.netty.request.NettyRequestSender - Using open Channel [id: 0x0f7a3352, L:/127.0.0.1:57339 - R:localhost/127.0.0.1:61422] for POST '/session/94ac58f0650c8970b0489846a2b3f276/element'
10:43:26.357 [AsyncHttpClient-1-4] DEBUG org.asynchttpclient.netty.handler.HttpHandler - 

Request DefaultHttpRequest(decodeResult: success, version: HTTP/1.1)
POST /session/94ac58f0650c8970b0489846a2b3f276/element HTTP/1.1
User-Agent: selenium/4.1.2 (java windows)
Content-Length: 89
Content-Type: application/json; charset=utf-8
host: localhost:61422
accept: */*

Response DefaultHttpResponse(decodeResult: success, version: HTTP/1.1)
HTTP/1.1 200 OK
Content-Type: application/json; charset=utf-8
cache-control: no-cache
content-length: 88

10:43:26.357 [AsyncHttpClient-1-4] DEBUG org.asynchttpclient.netty.channel.ChannelManager - Adding key: http://localhost:61422 for channel [id: 0x0f7a3352, L:/127.0.0.1:57339 - R:localhost/127.0.0.1:61422]
10:43:26.361 [Forwarding isElementDisplayed on session 94ac58f0650c8970b0489846a2b3f276 to remote] DEBUG org.asynchttpclient.netty.request.NettyRequestSender - Using pooled Channel '[id: 0x0f7a3352, L:/127.0.0.1:57339 - R:localhost/127.0.0.1:61422]' for 'POST' to 'http://localhost:61422/session/94ac58f0650c8970b0489846a2b3f276/execute/sync'
10:43:26.361 [Forwarding isElementDisplayed on session 94ac58f0650c8970b0489846a2b3f276 to remote] DEBUG org.asynchttpclient.netty.request.NettyRequestSender - Using open Channel [id: 0x0f7a3352, L:/127.0.0.1:57339 - R:localhost/127.0.0.1:61422] for POST '/session/94ac58f0650c8970b0489846a2b3f276/execute/sync'
10:43:26.664 [AsyncHttpClient-1-1] DEBUG org.asynchttpclient.netty.channel.DefaultChannelPool - Entry count for : http://localhost:57340 : 1
10:43:27.764 [AsyncHttpClient-1-1] DEBUG org.asynchttpclient.netty.channel.DefaultChannelPool - Entry count for : http://localhost:57340 : 1
10:43:28.864 [AsyncHttpClient-1-1] DEBUG org.asynchttpclient.netty.channel.DefaultChannelPool - Entry count for : http://localhost:57340 : 1
10:43:29.964 [AsyncHttpClient-1-1] DEBUG org.asynchttpclient.netty.channel.DefaultChannelPool - Entry count for : http://localhost:57340 : 1
10:43:31.064 [AsyncHttpClient-1-1] DEBUG org.asynchttpclient.netty.channel.DefaultChannelPool - Entry count for : http://localhost:57340 : 1
10:43:32.166 [AsyncHttpClient-1-1] DEBUG org.asynchttpclient.netty.channel.DefaultChannelPool - Entry count for : http://localhost:57340 : 1
10:43:33.264 [AsyncHttpClient-1-1] DEBUG org.asynchttpclient.netty.channel.DefaultChannelPool - Entry count for : http://localhost:57340 : 1
10:43:33.607 [AsyncHttpClient-1-4] DEBUG org.asynchttpclient.netty.handler.HttpHandler - 

Request DefaultHttpRequest(decodeResult: success, version: HTTP/1.1)
POST /session/94ac58f0650c8970b0489846a2b3f276/execute/sync HTTP/1.1
User-Agent: selenium/4.1.2 (java windows)
Content-Length: 48780
Content-Type: application/json; charset=utf-8
host: localhost:61422
accept: */*

Response DefaultHttpResponse(decodeResult: success, version: HTTP/1.1)
HTTP/1.1 404 Not Found
Content-Type: application/json; charset=utf-8
cache-control: no-cache
content-length: 1018

10:43:33.607 [AsyncHttpClient-1-4] DEBUG org.asynchttpclient.netty.channel.ChannelManager - Adding key: http://localhost:61422 for channel [id: 0x0f7a3352, L:/127.0.0.1:57339 - R:localhost/127.0.0.1:61422]
10:43:34.035 [Forwarding screenshot on session 94ac58f0650c8970b0489846a2b3f276 to remote] DEBUG org.asynchttpclient.netty.request.NettyRequestSender - Using pooled Channel '[id: 0x0f7a3352, L:/127.0.0.1:57339 - R:localhost/127.0.0.1:61422]' for 'GET' to 'http://localhost:61422/session/94ac58f0650c8970b0489846a2b3f276/screenshot'
10:43:34.035 [Forwarding screenshot on session 94ac58f0650c8970b0489846a2b3f276 to remote] DEBUG org.asynchttpclient.netty.request.NettyRequestSender - Using open Channel [id: 0x0f7a3352, L:/127.0.0.1:57339 - R:localhost/127.0.0.1:61422] for GET '/session/94ac58f0650c8970b0489846a2b3f276/screenshot'
10:43:34.184 [AsyncHttpClient-1-4] DEBUG org.asynchttpclient.netty.handler.HttpHandler - 

Request DefaultFullHttpRequest(decodeResult: success, version: HTTP/1.1, content: EmptyByteBufBE)
GET /session/94ac58f0650c8970b0489846a2b3f276/screenshot HTTP/1.1
User-Agent: selenium/4.1.2 (java windows)
Cache-Control: no-cache
Content-Type: application/json; charset=utf-8
host: localhost:61422
accept: */*

Response DefaultHttpResponse(decodeResult: success, version: HTTP/1.1)
HTTP/1.1 200 OK
Content-Type: application/json; charset=utf-8
cache-control: no-cache
content-length: 77744

10:43:34.184 [AsyncHttpClient-1-4] DEBUG org.asynchttpclient.netty.channel.ChannelManager - Adding key: http://localhost:61422 for channel [id: 0x0f7a3352, L:/127.0.0.1:57339 - R:localhost/127.0.0.1:61422]
10:43:34.189 [main] DEBUG net.serenitybdd.core.photography.Darkroom - Send negative for processing for target\site\serenity\7a773f0c4431a7de594b561c72baa4e0ea455a9942ae86d558460355fcdb4664.png
10:43:34.190 [Darkroom Processing Line] DEBUG net.serenitybdd.core.photography.DarkroomProcessingLine - Processing screenshot image in /var/screenshots/screenshot-16801700081735339739
10:43:34.190 [Darkroom Processing Line] DEBUG net.serenitybdd.core.photography.DarkroomProcessingLine - Saving screenshot to target\site\serenity\7a773f0c4431a7de594b561c72baa4e0ea455a9942ae86d558460355fcdb4664.png
10:43:34.365 [AsyncHttpClient-1-1] DEBUG org.asynchttpclient.netty.channel.DefaultChannelPool - Entry count for : http://localhost:57340 : 1
10:43:34.365 [AsyncHttpClient-1-1] DEBUG org.asynchttpclient.netty.channel.DefaultChannelPool - Entry count for : http://localhost:61422 : 1
10:43:34.421 [Forwarding getPageSource on session 94ac58f0650c8970b0489846a2b3f276 to remote] DEBUG org.asynchttpclient.netty.request.NettyRequestSender - Using pooled Channel '[id: 0x0f7a3352, L:/127.0.0.1:57339 - R:localhost/127.0.0.1:61422]' for 'POST' to 'http://localhost:61422/session/94ac58f0650c8970b0489846a2b3f276/execute/sync'
10:43:34.421 [Forwarding getPageSource on session 94ac58f0650c8970b0489846a2b3f276 to remote] DEBUG org.asynchttpclient.netty.request.NettyRequestSender - Using open Channel [id: 0x0f7a3352, L:/127.0.0.1:57339 - R:localhost/127.0.0.1:61422] for POST '/session/94ac58f0650c8970b0489846a2b3f276/execute/sync'
10:43:34.499 [AsyncHttpClient-1-4] DEBUG org.asynchttpclient.netty.handler.HttpHandler - 

Request DefaultHttpRequest(decodeResult: success, version: HTTP/1.1)
POST /session/94ac58f0650c8970b0489846a2b3f276/execute/sync HTTP/1.1
User-Agent: selenium/4.1.2 (java windows)
Content-Length: 176
Content-Type: application/json; charset=utf-8
host: localhost:61422
accept: */*

Response DefaultHttpResponse(decodeResult: success, version: HTTP/1.1)
HTTP/1.1 200 OK
Content-Type: application/json; charset=utf-8
cache-control: no-cache
content-length: 20186

10:43:34.499 [AsyncHttpClient-1-4] DEBUG org.asynchttpclient.netty.channel.ChannelManager - Adding key: http://localhost:61422 for channel [id: 0x0f7a3352, L:/127.0.0.1:57339 - R:localhost/127.0.0.1:61422]
10:43:35.463 [AsyncHttpClient-1-1] DEBUG org.asynchttpclient.netty.channel.DefaultChannelPool - Entry count for : http://localhost:57340 : 1
10:43:35.463 [AsyncHttpClient-1-1] DEBUG org.asynchttpclient.netty.channel.DefaultChannelPool - Entry count for : http://localhost:61422 : 1
10:43:36.302 [Forwarding getCurrentUrl on session 94ac58f0650c8970b0489846a2b3f276 to remote] DEBUG org.asynchttpclient.netty.request.NettyRequestSender - Using pooled Channel '[id: 0x0f7a3352, L:/127.0.0.1:57339 - R:localhost/127.0.0.1:61422]' for 'GET' to 'http://localhost:61422/session/94ac58f0650c8970b0489846a2b3f276/url'
10:43:36.303 [Forwarding getCurrentUrl on session 94ac58f0650c8970b0489846a2b3f276 to remote] DEBUG org.asynchttpclient.netty.request.NettyRequestSender - Using open Channel [id: 0x0f7a3352, L:/127.0.0.1:57339 - R:localhost/127.0.0.1:61422] for GET '/session/94ac58f0650c8970b0489846a2b3f276/url'
10:43:36.308 [AsyncHttpClient-1-4] DEBUG org.asynchttpclient.netty.handler.HttpHandler - 

Request DefaultFullHttpRequest(decodeResult: success, version: HTTP/1.1, content: EmptyByteBufBE)
GET /session/94ac58f0650c8970b0489846a2b3f276/url HTTP/1.1
User-Agent: selenium/4.1.2 (java windows)
Cache-Control: no-cache
Content-Type: application/json; charset=utf-8
host: localhost:61422
accept: */*

Response DefaultHttpResponse(decodeResult: success, version: HTTP/1.1)
HTTP/1.1 200 OK
Content-Type: application/json; charset=utf-8
cache-control: no-cache
content-length: 64

10:43:36.308 [AsyncHttpClient-1-4] DEBUG org.asynchttpclient.netty.channel.ChannelManager - Adding key: http://localhost:61422 for channel [id: 0x0f7a3352, L:/127.0.0.1:57339 - R:localhost/127.0.0.1:61422]
10:43:36.564 [AsyncHttpClient-1-1] DEBUG org.asynchttpclient.netty.channel.DefaultChannelPool - Entry count for : http://localhost:57340 : 1
10:43:36.564 [AsyncHttpClient-1-1] DEBUG org.asynchttpclient.netty.channel.DefaultChannelPool - Entry count for : http://localhost:61422 : 1
  &amp#27;[31mThen &amp#27;[0m&amp#27;[31mI validate Appointment success deleted&amp#27;[0m &amp#27;[90m# starter.stepdefinitions.AppointmentSteps.iValidateAppointmentSuccessDeleted()&amp#27;[0m
      &amp#27;[31morg.openqa.selenium.StaleElementReferenceException: stale element reference: element is not attached to the page document
  (Session info: chrome=102.0.5005.115)
For documentation on this error, please visit: https://selenium.dev/exceptions/#stale_element_reference
Build info: version: '4.1.2', revision: '9a5a329c5a'
System info: host: 'DELL', ip: '192.168.1.6', os.name: 'Windows 8.1', os.arch: 'amd64', os.version: '6.3', java.version: '15.0.2'
Driver info: org.openqa.selenium.chrome.ChromeDriver
Command: [94ac58f0650c8970b0489846a2b3f276, isElementDisplayed {id=289271e4-99b9-484e-9293-c05708bad7aa}]
Capabilities {acceptInsecureCerts: false, browserName: chrome, browserVersion: 102.0.5005.115, chrome: {chromedriverVersion: 102.0.5005.61 (0e59bcc00cc4..., userDataDir: C:\Users\USER\AppData\Local...}, goog:chromeOptions: {debuggerAddress: localhost:57340}, javascriptEnabled: true, networkConnectionEnabled: false, pageLoadStrategy: normal, platform: WINDOWS, platformName: WINDOWS, proxy: Proxy(), se:cdp: ws://localhost:57340/devtoo..., se:cdpVersion: 102.0.5005.115, setWindowRect: true, strictFileInteractability: false, timeouts: {implicit: 0, pageLoad: 300000, script: 30000}, unhandledPromptBehavior: dismiss and notify, webauthn:extension:credBlob: true, webauthn:extension:largeBlob: true, webauthn:virtualAuthenticators: true}
Element: [[ChromeDriver: chrome on WINDOWS (94ac58f0650c8970b0489846a2b3f276)] -> xpath: //h2[contains(text(),'Today Appointment')]]
Session ID: 94ac58f0650c8970b0489846a2b3f276
	at java.base/jdk.internal.reflect.NativeConstructorAccessorImpl.newInstance0(Native Method)
	at java.base/jdk.internal.reflect.NativeConstructorAccessorImpl.newInstance(NativeConstructorAccessorImpl.java:64)
	at java.base/jdk.internal.reflect.DelegatingConstructorAccessorImpl.newInstance(DelegatingConstructorAccessorImpl.java:45)
	at java.base/java.lang.reflect.Constructor.newInstanceWithCaller(Constructor.java:500)
	at java.base/java.lang.reflect.Constructor.newInstance(Constructor.java:481)
	at org.openqa.selenium.remote.codec.w3c.W3CHttpResponseCodec.createException(W3CHttpResponseCodec.java:200)
	at org.openqa.selenium.remote.codec.w3c.W3CHttpResponseCodec.decode(W3CHttpResponseCodec.java:133)
	at org.openqa.selenium.remote.codec.w3c.W3CHttpResponseCodec.decode(W3CHttpResponseCodec.java:53)
	at org.openqa.selenium.remote.HttpCommandExecutor.execute(HttpCommandExecutor.java:184)
	at org.openqa.selenium.remote.service.DriverCommandExecutor.invokeExecute(DriverCommandExecutor.java:167)
	at org.openqa.selenium.remote.service.DriverCommandExecutor.execute(DriverCommandExecutor.java:142)
	at org.openqa.selenium.remote.RemoteWebDriver.execute(RemoteWebDriver.java:558)
	at org.openqa.selenium.remote.RemoteWebElement.execute(RemoteWebElement.java:251)
	at org.openqa.selenium.remote.RemoteWebElement.isDisplayed(RemoteWebElement.java:307)
	at net.serenitybdd.core.pages.WebElementFacadeImpl.isDisplayed(WebElementFacadeImpl.java:1289)
	at Capstone.Project.Website@1.0-SNAPSHOT/starter.pages.AppointmentPage.appointmentDeleted(AppointmentPage.java:305)
	at Capstone.Project.Website@1.0-SNAPSHOT/starter.pages.AppointmentPage$ByteBuddy$5Q5V0Zb5.appointmentDeleted$accessor$J2UowYJ2(Unknown Source)
	at java.base/jdk.internal.reflect.NativeMethodAccessorImpl.invoke0(Native Method)
	at java.base/jdk.internal.reflect.NativeMethodAccessorImpl.invoke(NativeMethodAccessorImpl.java:64)
	at java.base/jdk.internal.reflect.DelegatingMethodAccessorImpl.invoke(DelegatingMethodAccessorImpl.java:43)
	at java.base/java.lang.reflect.Method.invoke(Method.java:564)
	at net.thucydides.core.steps.StepInterceptor.invokeMethod(StepInterceptor.java:503)
	at net.thucydides.core.steps.StepInterceptor.executeTestStepMethod(StepInterceptor.java:483)
	at net.thucydides.core.steps.StepInterceptor.runTestStep(StepInterceptor.java:457)
	at net.thucydides.core.steps.StepInterceptor.runOrSkipMethod(StepInterceptor.java:209)
	at net.thucydides.core.steps.StepInterceptor.testStepResult(StepInterceptor.java:196)
	at net.thucydides.core.steps.StepInterceptor.intercept(StepInterceptor.java:84)
	at net.thucydides.core.steps.ProxyConfiguration$InterceptorDispatcher.intercept(ProxyConfiguration.java:51)
	at Capstone.Project.Website@1.0-SNAPSHOT/starter.pages.AppointmentPage$ByteBuddy$5Q5V0Zb5.appointmentDeleted(Unknown Source)
	at Capstone.Project.Website@1.0-SNAPSHOT/starter.stepdefinitions.AppointmentSteps.iValidateAppointmentSuccessDeleted(AppointmentSteps.java:95)
	at âœ½.I validate Appointment success deleted(file:///E:/My%20Documents/File%20Difa/TI%20Semester%206%20Kampus%20Merdeka%20Alterra/Tugas/CAPSTONE%20Project/Capstone-Project-Website/src/test/resources/features/1.Appointment.feature:66)
&amp#27;[0m
10:43:36.741 [main] ERROR  - 
  _____   ___   ___   _____     ___   ___   ___    ___    ___ 
 |_   _| | __| / __| |_   _|   | __| | _ \ | _ \  / _ \  | _ \
   | |   | _|  \__ \   | |     | _|  |   / |   / | (_) | |   /
   |_|   |___| |___/   |_|     |___| |_|_\ |_|_\  \___/  |_|_\

Delete Appointment Data Scenario
---------------------------------------------------------------
10:43:36.766 [main] DEBUG  - RELATED ISSUES: 
10:43:36.768 [main] ERROR  -     Test failed at step: Appointment deleted
10:43:36.768 [main] ERROR  -     stale element reference: element is not attached to the page document
10:43:36.772 [AsyncHttpClient-1-6] DEBUG org.asynchttpclient.netty.handler.WebSocketHandler - Channel Closed: [id: 0x3322ba32, L:/127.0.0.1:57347 ! R:localhost/127.0.0.1:57340] with attribute NettyResponseFuture{currentRetry=5,
	isDone=1,
	isCancelled=0,
	asyncHandler=org.asynchttpclient.ws.WebSocketUpgradeHandler@4a3ea3a8,
	nettyRequest=org.asynchttpclient.netty.request.NettyRequest@31bed1da,
	future=java.util.concurrent.CompletableFuture@50b80a76[Completed normally],
	uri=ws://localhost:57340/devtools/browser/08c8993d-1713-492c-8920-37cd8968987d,
	keepAlive=true,
	redirectCount=0,
	timeoutsHolder=null,
	inAuth=0,
	touch=1655782997376}
10:43:36.772 [AsyncHttpClient-1-6] DEBUG org.asynchttpclient.netty.channel.ChannelManager - Closing Channel [id: 0x3322ba32, L:/127.0.0.1:57347 ! R:localhost/127.0.0.1:57340] 
10:43:36.773 [Driver Command Executor] DEBUG org.asynchttpclient.netty.request.NettyRequestSender - Using pooled Channel '[id: 0x0f7a3352, L:/127.0.0.1:57339 - R:localhost/127.0.0.1:61422]' for 'DELETE' to 'http://localhost:61422/session/94ac58f0650c8970b0489846a2b3f276'
10:43:36.773 [Driver Command Executor] DEBUG org.asynchttpclient.netty.request.NettyRequestSender - Using open Channel [id: 0x0f7a3352, L:/127.0.0.1:57339 - R:localhost/127.0.0.1:61422] for DELETE '/session/94ac58f0650c8970b0489846a2b3f276'
10:43:36.956 [AsyncHttpClient-1-5] DEBUG org.asynchttpclient.netty.handler.HttpHandler - Unexpected I/O exception on channel [id: 0x6d428b9d, L:/127.0.0.1:57346 - R:localhost/127.0.0.1:57340]
java.net.SocketException: Connection reset
	at java.base/sun.nio.ch.SocketChannelImpl.throwConnectionReset(SocketChannelImpl.java:367)
	at java.base/sun.nio.ch.SocketChannelImpl.read(SocketChannelImpl.java:398)
	at io.netty.buffer.PooledByteBuf.setBytes(PooledByteBuf.java:258)
	at io.netty.buffer.AbstractByteBuf.writeBytes(AbstractByteBuf.java:1132)
	at io.netty.channel.socket.nio.NioSocketChannel.doReadBytes(NioSocketChannel.java:350)
	at io.netty.channel.nio.AbstractNioByteChannel$NioByteUnsafe.read(AbstractNioByteChannel.java:151)
	at io.netty.channel.nio.NioEventLoop.processSelectedKey(NioEventLoop.java:722)
	at io.netty.channel.nio.NioEventLoop.processSelectedKeysOptimized(NioEventLoop.java:658)
	at io.netty.channel.nio.NioEventLoop.processSelectedKeys(NioEventLoop.java:584)
	at io.netty.channel.nio.NioEventLoop.run(NioEventLoop.java:496)
	at io.netty.util.concurrent.SingleThreadEventExecutor$4.run(SingleThreadEventExecutor.java:986)
	at io.netty.util.internal.ThreadExecutorMap$2.run(ThreadExecutorMap.java:74)
	at io.netty.util.concurrent.FastThreadLocalRunnable.run(FastThreadLocalRunnable.java:30)
	at java.base/java.lang.Thread.run(Thread.java:832)
10:43:36.956 [AsyncHttpClient-1-5] DEBUG org.asynchttpclient.netty.channel.ChannelManager - Closing Channel [id: 0x6d428b9d, L:/127.0.0.1:57346 - R:localhost/127.0.0.1:57340] 
10:43:36.957 [AsyncHttpClient-1-5] DEBUG org.asynchttpclient.netty.handler.HttpHandler - Channel Closed: [id: 0x6d428b9d, L:/127.0.0.1:57346 ! R:localhost/127.0.0.1:57340] with attribute DISCARD
10:43:36.983 [AsyncHttpClient-1-4] DEBUG org.asynchttpclient.netty.handler.HttpHandler - 

Request DefaultFullHttpRequest(decodeResult: success, version: HTTP/1.1, content: EmptyByteBufBE)
DELETE /session/94ac58f0650c8970b0489846a2b3f276 HTTP/1.1
User-Agent: selenium/4.1.2 (java windows)
Content-Type: application/json; charset=utf-8
host: localhost:61422
accept: */*

Response DefaultHttpResponse(decodeResult: success, version: HTTP/1.1)
HTTP/1.1 200 OK
Content-Type: application/json; charset=utf-8
cache-control: no-cache
content-length: 14

10:43:36.983 [AsyncHttpClient-1-4] DEBUG org.asynchttpclient.netty.channel.ChannelManager - Adding key: http://localhost:61422 for channel [id: 0x0f7a3352, L:/127.0.0.1:57339 - R:localhost/127.0.0.1:61422]
10:43:37.091 [AsyncHttpClient-1-4] DEBUG org.asynchttpclient.netty.handler.HttpHandler - Channel Closed: [id: 0x0f7a3352, L:/127.0.0.1:57339 ! R:localhost/127.0.0.1:61422] with attribute DISCARD
10:43:37.665 [AsyncHttpClient-1-1] DEBUG org.asynchttpclient.netty.channel.DefaultChannelPool - Entry count for : http://localhost:57340 : 1
10:43:37.665 [AsyncHttpClient-1-1] DEBUG org.asynchttpclient.netty.channel.DefaultChannelPool - Entry count for : http://localhost:61422 : 1
10:43:37.665 [AsyncHttpClient-1-1] DEBUG org.asynchttpclient.netty.channel.DefaultChannelPool - Adding Candidate expired Channel [id: 0x6d428b9d, L:/127.0.0.1:57346 ! R:localhost/127.0.0.1:57340] isIdleTimeoutExpired=false isRemotelyClosed=true isTtlExpired=false
10:43:37.665 [AsyncHttpClient-1-1] DEBUG org.asynchttpclient.netty.channel.DefaultChannelPool - Closing Idle Channel [id: 0x6d428b9d, L:/127.0.0.1:57346 ! R:localhost/127.0.0.1:57340]
10:43:37.665 [AsyncHttpClient-1-1] DEBUG org.asynchttpclient.netty.channel.DefaultChannelPool - Adding Candidate expired Channel [id: 0x0f7a3352, L:/127.0.0.1:57339 ! R:localhost/127.0.0.1:61422] isIdleTimeoutExpired=false isRemotelyClosed=true isTtlExpired=false
10:43:37.665 [AsyncHttpClient-1-1] DEBUG org.asynchttpclient.netty.channel.DefaultChannelPool - Closing Idle Channel [id: 0x0f7a3352, L:/127.0.0.1:57339 ! R:localhost/127.0.0.1:61422]
10:43:37.665 [AsyncHttpClient-1-1] DEBUG org.asynchttpclient.netty.channel.DefaultChannelPool - Closed 2 connections out of 2 in 0 ms
]]></system-out>
    <system-err><![CDATA[Starting ChromeDriver 102.0.5005.61 (0e59bcc00cc4985ce39ad31c150065f159d95ad3-refs/branch-heads/5005@{#819}) on port 61422
Only local connections are allowed.
Please see https://chromedriver.chromium.org/security-considerations for suggestions on keeping ChromeDriver safe.
ChromeDriver was started successfully.
Jun 21, 2022 10:43:17 AM org.openqa.selenium.remote.ProtocolHandshake createSession
INFO: Detected dialect: W3C
Jun 21, 2022 10:43:17 AM org.openqa.selenium.devtools.CdpVersionFinder findNearestMatch
WARNING: Unable to find an exact match for CDP version 102, so returning the closest version found: a no-op implementation
Jun 21, 2022 10:43:17 AM org.openqa.selenium.devtools.CdpVersionFinder findNearestMatch
INFO: Unable to find CDP implementation matching 102.
Jun 21, 2022 10:43:17 AM org.openqa.selenium.chromium.ChromiumDriver lambda$new$3
WARNING: Unable to find version of CDP to use for . You may need to include a dependency on a specific version of the CDP using something similar to `org.seleniumhq.selenium:selenium-devtools-v86:4.1.2` where the version ("v86") matches the version of the chromium-based browser you're using and the version number of the artifact is the same as Selenium's.
]]></system-err>
  </testcase>
  <testcase name="Filter Appointment General Scenario" classname="Appointment" time="19.535">
    <error type="org.openqa.selenium.NoSuchElementException"><![CDATA[org.openqa.selenium.NoSuchElementException: 
Expected condition failed: waiting for By.xpath: //body/div[@id='root']/div[1]/div[2]/div[2]/div[3]/div[1]/h3[1] to be displayed (tried for 5 second(s) with 100 milliseconds interval)
Build info: version: '4.1.2', revision: '9a5a329c5a'
System info: host: 'DELL', ip: '192.168.1.6', os.name: 'Windows 8.1', os.arch: 'amd64', os.version: '6.3', java.version: '15.0.2'
Driver info: driver.version: unknown
Caused by: org.openqa.selenium.TimeoutException: 
Expected condition failed: waiting for By.xpath: //body/div[@id='root']/div[1]/div[2]/div[2]/div[3]/div[1]/h3[1] to be displayed (tried for 5 second(s) with 100 milliseconds interval)
Build info: version: '4.1.2', revision: '9a5a329c5a'
System info: host: 'DELL', ip: '192.168.1.6', os.name: 'Windows 8.1', os.arch: 'amd64', os.version: '6.3', java.version: '15.0.2'
Driver info: driver.version: unknown
]]></error>
    <system-out><![CDATA[
@Appointment @FilterAppointmentGeneral
Scenario: Filter Appointment General Scenario                                &amp#27;[90m# src/test/resources/features/1.Appointment.feature:70&amp#27;[0m
10:43:37.712 [main] INFO io.cucumber.core.plugin.SerenityReporter - Running feature from file:///E:/My%20Documents/File%20Difa/TI%20Semester%206%20Kampus%20Merdeka%20Alterra/Tugas/CAPSTONE%20Project/Capstone-Project-Website/src/test/resources/features/1.Appointment.feature
10:43:37.714 [main] INFO  - 
  _____   ___   ___   _____     ___   _____     _     ___   _____   ___   ___  
 |_   _| | __| / __| |_   _|   / __| |_   _|   /_\   | _ \ |_   _| | __| |   \ 
   | |   | _|  \__ \   | |     \__ \   | |    / _ \  |   /   | |   | _|  | |) |
   |_|   |___| |___/   |_|     |___/   |_|   /_/ \_\ |_|_\   |_|   |___| |___/ 

Filter Appointment General Scenario(appointment;filter-appointment-general-scenario)
--------------------------------------------------------------------------------
10:43:37.734 [main] DEBUG net.thucydides.core.steps.StepInterceptor - STARTING STEP: DashboardSteps.iAmOnTheDashboardPage - openUrl
10:43:37.736 [main] INFO net.serenitybdd.core.webdriver.driverproviders.ChromeDriverProvider - Using automatically driver download
10:43:37.924 [main] DEBUG io.github.bonigarcia.wdm.cache.ResolutionCache - Resolution chrome=102 in cache (valid until 11:37:46 21/06/2022 ICT)
10:43:37.936 [main] DEBUG io.github.bonigarcia.wdm.cache.ResolutionCache - Resolution chrome102=102.0.5005.61 in cache (valid until 09:22:16 22/06/2022 ICT)
10:43:37.941 [main] INFO io.github.bonigarcia.wdm.WebDriverManager - Using chromedriver 102.0.5005.61 (resolved driver for Chrome 102)
10:43:37.963 [main] DEBUG io.github.bonigarcia.wdm.WebDriverManager - Driver chromedriver 102.0.5005.61 found in cache
10:43:37.965 [main] INFO io.github.bonigarcia.wdm.WebDriverManager - Exporting webdriver.chrome.driver as C:\Users\USER\.cache\selenium\chromedriver\win32\102.0.5005.61\chromedriver.exe
10:43:38.139 [main] DEBUG net.serenitybdd.core.webdriver.driverproviders.ProvideNewDriver - Instantiating driver
10:43:38.139 [main] DEBUG net.serenitybdd.core.webdriver.driverproviders.ProvideNewDriver - Driver capabilities: Capabilities {acceptInsecureCerts: false, base.url: https://hospital-management..., browserName: chrome, chrome.driver: src/test/resources/webdrive..., driver: chrome, goog:chromeOptions: {args: [], extensions: []}}
10:43:38.672 [AsyncHttpClient-1-7] DEBUG org.asynchttpclient.netty.channel.NettyConnectListener - Using new Channel '[id: 0x2d1ba5f5, L:/127.0.0.1:57383 - R:localhost/127.0.0.1:64410]' for 'POST' to '/session'
10:43:39.631 [AsyncHttpClient-1-7] DEBUG org.asynchttpclient.netty.handler.HttpHandler - 

Request DefaultHttpRequest(decodeResult: success, version: HTTP/1.1)
POST /session HTTP/1.1
User-Agent: selenium/4.1.2 (java windows)
Content-Length: 621
Content-Type: application/json; charset=utf-8
host: localhost:64410
accept: */*

Response DefaultHttpResponse(decodeResult: success, version: HTTP/1.1)
HTTP/1.1 200 OK
Content-Type: application/json; charset=utf-8
cache-control: no-cache
content-length: 788

10:43:39.631 [AsyncHttpClient-1-7] DEBUG org.asynchttpclient.netty.channel.ChannelManager - Adding key: http://localhost:64410 for channel [id: 0x2d1ba5f5, L:/127.0.0.1:57383 - R:localhost/127.0.0.1:64410]
10:43:39.641 [AsyncHttpClient-1-8] DEBUG org.asynchttpclient.netty.channel.NettyConnectListener - Using new Channel '[id: 0x4bd3e6ea, L:/127.0.0.1:57389 - R:localhost/127.0.0.1:57384]' for 'GET' to '/json/version'
10:43:39.642 [AsyncHttpClient-1-8] DEBUG org.asynchttpclient.netty.handler.HttpHandler - 

Request DefaultFullHttpRequest(decodeResult: success, version: HTTP/1.1, content: EmptyByteBufBE)
GET /json/version HTTP/1.1
User-Agent: selenium/4.1.2 (java windows)
host: localhost:57384
accept: */*

Response DefaultHttpResponse(decodeResult: success, version: HTTP/1.1)
HTTP/1.1 200 OK
Content-Type: application/json; charset=UTF-8
content-length: 427

10:43:39.642 [AsyncHttpClient-1-8] DEBUG org.asynchttpclient.netty.channel.ChannelManager - Adding key: http://localhost:57384 for channel [id: 0x4bd3e6ea, L:/127.0.0.1:57389 - R:localhost/127.0.0.1:57384]
10:43:39.645 [AsyncHttpClient-1-9] DEBUG org.asynchttpclient.netty.channel.NettyConnectListener - Using new Channel '[id: 0xf931313d, L:/127.0.0.1:57390 - R:localhost/127.0.0.1:57384]' for 'GET' to '/devtools/browser/e20521c1-e8a6-4f09-874c-bd9b443db2f2'
10:43:39.646 [AsyncHttpClient-1-9] DEBUG org.asynchttpclient.netty.handler.WebSocketHandler - 

Request DefaultFullHttpRequest(decodeResult: success, version: HTTP/1.1, content: EmptyByteBufBE)
GET /devtools/browser/e20521c1-e8a6-4f09-874c-bd9b443db2f2 HTTP/1.1
upgrade: websocket
connection: upgrade
sec-websocket-key: 4+q9pV05SX9Jxjd8Gp6gYA==
sec-websocket-version: 13
origin: http://localhost:57384
host: localhost:57384
accept: */*
user-agent: AHC/2.1

Response DefaultHttpResponse(decodeResult: success, version: HTTP/1.1)
HTTP/1.1 101 WebSocket Protocol Handshake
Upgrade: WebSocket
Connection: Upgrade
Sec-WebSocket-Accept: 8Nx6ziz6Cu9UnVDk54FdNUYpB8s=

10:43:39.712 [Forwarding maximizeCurrentWindow on session fda082f6517a08e78f785a222d91ad33 to remote] DEBUG org.asynchttpclient.netty.request.NettyRequestSender - Using pooled Channel '[id: 0x2d1ba5f5, L:/127.0.0.1:57383 - R:localhost/127.0.0.1:64410]' for 'POST' to 'http://localhost:64410/session/fda082f6517a08e78f785a222d91ad33/window/maximize'
10:43:39.712 [Forwarding maximizeCurrentWindow on session fda082f6517a08e78f785a222d91ad33 to remote] DEBUG org.asynchttpclient.netty.request.NettyRequestSender - Using open Channel [id: 0x2d1ba5f5, L:/127.0.0.1:57383 - R:localhost/127.0.0.1:64410] for POST '/session/fda082f6517a08e78f785a222d91ad33/window/maximize'
10:43:39.835 [AsyncHttpClient-1-7] DEBUG org.asynchttpclient.netty.handler.HttpHandler - 

Request DefaultHttpRequest(decodeResult: success, version: HTTP/1.1)
POST /session/fda082f6517a08e78f785a222d91ad33/window/maximize HTTP/1.1
User-Agent: selenium/4.1.2 (java windows)
Content-Length: 3
Content-Type: application/json; charset=utf-8
host: localhost:64410
accept: */*

Response DefaultHttpResponse(decodeResult: success, version: HTTP/1.1)
HTTP/1.1 200 OK
Content-Type: application/json; charset=utf-8
cache-control: no-cache
content-length: 51

10:43:39.836 [AsyncHttpClient-1-7] DEBUG org.asynchttpclient.netty.channel.ChannelManager - Adding key: http://localhost:64410 for channel [id: 0x2d1ba5f5, L:/127.0.0.1:57383 - R:localhost/127.0.0.1:64410]
10:43:39.840 [Forwarding get on session fda082f6517a08e78f785a222d91ad33 to remote] DEBUG org.asynchttpclient.netty.request.NettyRequestSender - Using pooled Channel '[id: 0x2d1ba5f5, L:/127.0.0.1:57383 - R:localhost/127.0.0.1:64410]' for 'POST' to 'http://localhost:64410/session/fda082f6517a08e78f785a222d91ad33/url'
10:43:39.840 [Forwarding get on session fda082f6517a08e78f785a222d91ad33 to remote] DEBUG org.asynchttpclient.netty.request.NettyRequestSender - Using open Channel [id: 0x2d1ba5f5, L:/127.0.0.1:57383 - R:localhost/127.0.0.1:64410] for POST '/session/fda082f6517a08e78f785a222d91ad33/url'
10:43:39.865 [AsyncHttpClient-1-1] DEBUG org.asynchttpclient.netty.channel.DefaultChannelPool - Entry count for : http://localhost:57384 : 1
10:43:40.965 [AsyncHttpClient-1-1] DEBUG org.asynchttpclient.netty.channel.DefaultChannelPool - Entry count for : http://localhost:57384 : 1
10:43:42.063 [AsyncHttpClient-1-1] DEBUG org.asynchttpclient.netty.channel.DefaultChannelPool - Entry count for : http://localhost:57384 : 1
10:43:43.164 [AsyncHttpClient-1-1] DEBUG org.asynchttpclient.netty.channel.DefaultChannelPool - Entry count for : http://localhost:57384 : 1
10:43:44.266 [AsyncHttpClient-1-1] DEBUG org.asynchttpclient.netty.channel.DefaultChannelPool - Entry count for : http://localhost:57384 : 1
10:43:45.364 [AsyncHttpClient-1-1] DEBUG org.asynchttpclient.netty.channel.DefaultChannelPool - Entry count for : http://localhost:57384 : 1
10:43:46.465 [AsyncHttpClient-1-1] DEBUG org.asynchttpclient.netty.channel.DefaultChannelPool - Entry count for : http://localhost:57384 : 1
10:43:46.990 [AsyncHttpClient-1-7] DEBUG org.asynchttpclient.netty.handler.HttpHandler - 

Request DefaultHttpRequest(decodeResult: success, version: HTTP/1.1)
POST /session/fda082f6517a08e78f785a222d91ad33/url HTTP/1.1
User-Agent: selenium/4.1.2 (java windows)
Content-Length: 65
Content-Type: application/json; charset=utf-8
host: localhost:64410
accept: */*

Response DefaultHttpResponse(decodeResult: success, version: HTTP/1.1)
HTTP/1.1 200 OK
Content-Type: application/json; charset=utf-8
cache-control: no-cache
content-length: 14

10:43:46.990 [AsyncHttpClient-1-7] DEBUG org.asynchttpclient.netty.channel.ChannelManager - Adding key: http://localhost:64410 for channel [id: 0x2d1ba5f5, L:/127.0.0.1:57383 - R:localhost/127.0.0.1:64410]
10:43:46.997 [Forwarding setTimeout on session fda082f6517a08e78f785a222d91ad33 to remote] DEBUG org.asynchttpclient.netty.request.NettyRequestSender - Using pooled Channel '[id: 0x2d1ba5f5, L:/127.0.0.1:57383 - R:localhost/127.0.0.1:64410]' for 'POST' to 'http://localhost:64410/session/fda082f6517a08e78f785a222d91ad33/timeouts'
10:43:46.997 [Forwarding setTimeout on session fda082f6517a08e78f785a222d91ad33 to remote] DEBUG org.asynchttpclient.netty.request.NettyRequestSender - Using open Channel [id: 0x2d1ba5f5, L:/127.0.0.1:57383 - R:localhost/127.0.0.1:64410] for POST '/session/fda082f6517a08e78f785a222d91ad33/timeouts'
10:43:47.000 [AsyncHttpClient-1-7] DEBUG org.asynchttpclient.netty.handler.HttpHandler - 

Request DefaultHttpRequest(decodeResult: success, version: HTTP/1.1)
POST /session/fda082f6517a08e78f785a222d91ad33/timeouts HTTP/1.1
User-Agent: selenium/4.1.2 (java windows)
Content-Length: 22
Content-Type: application/json; charset=utf-8
host: localhost:64410
accept: */*

Response DefaultHttpResponse(decodeResult: success, version: HTTP/1.1)
HTTP/1.1 200 OK
Content-Type: application/json; charset=utf-8
cache-control: no-cache
content-length: 14

10:43:47.000 [AsyncHttpClient-1-7] DEBUG org.asynchttpclient.netty.channel.ChannelManager - Adding key: http://localhost:64410 for channel [id: 0x2d1ba5f5, L:/127.0.0.1:57383 - R:localhost/127.0.0.1:64410]
10:43:47.006 [Forwarding getCurrentUrl on session fda082f6517a08e78f785a222d91ad33 to remote] DEBUG org.asynchttpclient.netty.request.NettyRequestSender - Using pooled Channel '[id: 0x2d1ba5f5, L:/127.0.0.1:57383 - R:localhost/127.0.0.1:64410]' for 'GET' to 'http://localhost:64410/session/fda082f6517a08e78f785a222d91ad33/url'
10:43:47.007 [Forwarding getCurrentUrl on session fda082f6517a08e78f785a222d91ad33 to remote] DEBUG org.asynchttpclient.netty.request.NettyRequestSender - Using open Channel [id: 0x2d1ba5f5, L:/127.0.0.1:57383 - R:localhost/127.0.0.1:64410] for GET '/session/fda082f6517a08e78f785a222d91ad33/url'
10:43:47.033 [AsyncHttpClient-1-7] DEBUG org.asynchttpclient.netty.handler.HttpHandler - 

Request DefaultFullHttpRequest(decodeResult: success, version: HTTP/1.1, content: EmptyByteBufBE)
GET /session/fda082f6517a08e78f785a222d91ad33/url HTTP/1.1
User-Agent: selenium/4.1.2 (java windows)
Cache-Control: no-cache
Content-Type: application/json; charset=utf-8
host: localhost:64410
accept: */*

Response DefaultHttpResponse(decodeResult: success, version: HTTP/1.1)
HTTP/1.1 200 OK
Content-Type: application/json; charset=utf-8
cache-control: no-cache
content-length: 53

10:43:47.034 [AsyncHttpClient-1-7] DEBUG org.asynchttpclient.netty.channel.ChannelManager - Adding key: http://localhost:64410 for channel [id: 0x2d1ba5f5, L:/127.0.0.1:57383 - R:localhost/127.0.0.1:64410]
10:43:47.040 [Forwarding getCurrentUrl on session fda082f6517a08e78f785a222d91ad33 to remote] DEBUG org.asynchttpclient.netty.request.NettyRequestSender - Using pooled Channel '[id: 0x2d1ba5f5, L:/127.0.0.1:57383 - R:localhost/127.0.0.1:64410]' for 'GET' to 'http://localhost:64410/session/fda082f6517a08e78f785a222d91ad33/url'
10:43:47.040 [Forwarding getCurrentUrl on session fda082f6517a08e78f785a222d91ad33 to remote] DEBUG org.asynchttpclient.netty.request.NettyRequestSender - Using open Channel [id: 0x2d1ba5f5, L:/127.0.0.1:57383 - R:localhost/127.0.0.1:64410] for GET '/session/fda082f6517a08e78f785a222d91ad33/url'
10:43:47.045 [AsyncHttpClient-1-7] DEBUG org.asynchttpclient.netty.handler.HttpHandler - 

Request DefaultFullHttpRequest(decodeResult: success, version: HTTP/1.1, content: EmptyByteBufBE)
GET /session/fda082f6517a08e78f785a222d91ad33/url HTTP/1.1
User-Agent: selenium/4.1.2 (java windows)
Cache-Control: no-cache
Content-Type: application/json; charset=utf-8
host: localhost:64410
accept: */*

Response DefaultHttpResponse(decodeResult: success, version: HTTP/1.1)
HTTP/1.1 200 OK
Content-Type: application/json; charset=utf-8
cache-control: no-cache
content-length: 53

10:43:47.046 [AsyncHttpClient-1-7] DEBUG org.asynchttpclient.netty.channel.ChannelManager - Adding key: http://localhost:64410 for channel [id: 0x2d1ba5f5, L:/127.0.0.1:57383 - R:localhost/127.0.0.1:64410]
10:43:47.056 [Forwarding screenshot on session fda082f6517a08e78f785a222d91ad33 to remote] DEBUG org.asynchttpclient.netty.request.NettyRequestSender - Using pooled Channel '[id: 0x2d1ba5f5, L:/127.0.0.1:57383 - R:localhost/127.0.0.1:64410]' for 'GET' to 'http://localhost:64410/session/fda082f6517a08e78f785a222d91ad33/screenshot'
10:43:47.056 [Forwarding screenshot on session fda082f6517a08e78f785a222d91ad33 to remote] DEBUG org.asynchttpclient.netty.request.NettyRequestSender - Using open Channel [id: 0x2d1ba5f5, L:/127.0.0.1:57383 - R:localhost/127.0.0.1:64410] for GET '/session/fda082f6517a08e78f785a222d91ad33/screenshot'
10:43:47.234 [AsyncHttpClient-1-7] DEBUG org.asynchttpclient.netty.handler.HttpHandler - 

Request DefaultFullHttpRequest(decodeResult: success, version: HTTP/1.1, content: EmptyByteBufBE)
GET /session/fda082f6517a08e78f785a222d91ad33/screenshot HTTP/1.1
User-Agent: selenium/4.1.2 (java windows)
Cache-Control: no-cache
Content-Type: application/json; charset=utf-8
host: localhost:64410
accept: */*

Response DefaultHttpResponse(decodeResult: success, version: HTTP/1.1)
HTTP/1.1 200 OK
Content-Type: application/json; charset=utf-8
cache-control: no-cache
content-length: 113236

10:43:47.236 [AsyncHttpClient-1-7] DEBUG org.asynchttpclient.netty.channel.ChannelManager - Adding key: http://localhost:64410 for channel [id: 0x2d1ba5f5, L:/127.0.0.1:57383 - R:localhost/127.0.0.1:64410]
10:43:47.242 [main] DEBUG net.serenitybdd.core.photography.Darkroom - Send negative for processing for target\site\serenity\85992fd1dce5bd33a060017ef6e67a16a578ce48563d49babd27ce16c537516f.png
10:43:47.242 [main] DEBUG net.thucydides.core.steps.StepInterceptor - STEP DONE: openUrl
10:43:47.242 [Darkroom Processing Line] DEBUG net.serenitybdd.core.photography.DarkroomProcessingLine - Processing screenshot image in /var/screenshots/screenshot-17941875588009114090
10:43:47.242 [Darkroom Processing Line] DEBUG net.serenitybdd.core.photography.DarkroomProcessingLine - Saving screenshot to target\site\serenity\85992fd1dce5bd33a060017ef6e67a16a578ce48563d49babd27ce16c537516f.png
10:43:47.248 [main] DEBUG net.thucydides.core.steps.StepInterceptor - STARTING STEP: DashboardSteps.iAmOnTheDashboardPage - validateOnDashboardPage
10:43:47.250 [Forwarding findElement on session fda082f6517a08e78f785a222d91ad33 to remote] DEBUG org.asynchttpclient.netty.request.NettyRequestSender - Using pooled Channel '[id: 0x2d1ba5f5, L:/127.0.0.1:57383 - R:localhost/127.0.0.1:64410]' for 'POST' to 'http://localhost:64410/session/fda082f6517a08e78f785a222d91ad33/element'
10:43:47.250 [Forwarding findElement on session fda082f6517a08e78f785a222d91ad33 to remote] DEBUG org.asynchttpclient.netty.request.NettyRequestSender - Using open Channel [id: 0x2d1ba5f5, L:/127.0.0.1:57383 - R:localhost/127.0.0.1:64410] for POST '/session/fda082f6517a08e78f785a222d91ad33/element'
10:43:47.270 [AsyncHttpClient-1-7] DEBUG org.asynchttpclient.netty.handler.HttpHandler - 

Request DefaultHttpRequest(decodeResult: success, version: HTTP/1.1)
POST /session/fda082f6517a08e78f785a222d91ad33/element HTTP/1.1
User-Agent: selenium/4.1.2 (java windows)
Content-Length: 81
Content-Type: application/json; charset=utf-8
host: localhost:64410
accept: */*

Response DefaultHttpResponse(decodeResult: success, version: HTTP/1.1)
HTTP/1.1 200 OK
Content-Type: application/json; charset=utf-8
cache-control: no-cache
content-length: 88

10:43:47.270 [AsyncHttpClient-1-7] DEBUG org.asynchttpclient.netty.channel.ChannelManager - Adding key: http://localhost:64410 for channel [id: 0x2d1ba5f5, L:/127.0.0.1:57383 - R:localhost/127.0.0.1:64410]
10:43:47.274 [Forwarding isElementDisplayed on session fda082f6517a08e78f785a222d91ad33 to remote] DEBUG org.asynchttpclient.netty.request.NettyRequestSender - Using pooled Channel '[id: 0x2d1ba5f5, L:/127.0.0.1:57383 - R:localhost/127.0.0.1:64410]' for 'POST' to 'http://localhost:64410/session/fda082f6517a08e78f785a222d91ad33/execute/sync'
10:43:47.274 [Forwarding isElementDisplayed on session fda082f6517a08e78f785a222d91ad33 to remote] DEBUG org.asynchttpclient.netty.request.NettyRequestSender - Using open Channel [id: 0x2d1ba5f5, L:/127.0.0.1:57383 - R:localhost/127.0.0.1:64410] for POST '/session/fda082f6517a08e78f785a222d91ad33/execute/sync'
10:43:47.293 [AsyncHttpClient-1-7] DEBUG org.asynchttpclient.netty.handler.HttpHandler - 

Request DefaultHttpRequest(decodeResult: success, version: HTTP/1.1)
POST /session/fda082f6517a08e78f785a222d91ad33/execute/sync HTTP/1.1
User-Agent: selenium/4.1.2 (java windows)
Content-Length: 48780
Content-Type: application/json; charset=utf-8
host: localhost:64410
accept: */*

Response DefaultHttpResponse(decodeResult: success, version: HTTP/1.1)
HTTP/1.1 200 OK
Content-Type: application/json; charset=utf-8
cache-control: no-cache
content-length: 14

10:43:47.293 [AsyncHttpClient-1-7] DEBUG org.asynchttpclient.netty.channel.ChannelManager - Adding key: http://localhost:64410 for channel [id: 0x2d1ba5f5, L:/127.0.0.1:57383 - R:localhost/127.0.0.1:64410]
10:43:47.301 [Forwarding screenshot on session fda082f6517a08e78f785a222d91ad33 to remote] DEBUG org.asynchttpclient.netty.request.NettyRequestSender - Using pooled Channel '[id: 0x2d1ba5f5, L:/127.0.0.1:57383 - R:localhost/127.0.0.1:64410]' for 'GET' to 'http://localhost:64410/session/fda082f6517a08e78f785a222d91ad33/screenshot'
10:43:47.301 [Forwarding screenshot on session fda082f6517a08e78f785a222d91ad33 to remote] DEBUG org.asynchttpclient.netty.request.NettyRequestSender - Using open Channel [id: 0x2d1ba5f5, L:/127.0.0.1:57383 - R:localhost/127.0.0.1:64410] for GET '/session/fda082f6517a08e78f785a222d91ad33/screenshot'
10:43:47.552 [AsyncHttpClient-1-7] DEBUG org.asynchttpclient.netty.handler.HttpHandler - 

Request DefaultFullHttpRequest(decodeResult: success, version: HTTP/1.1, content: EmptyByteBufBE)
GET /session/fda082f6517a08e78f785a222d91ad33/screenshot HTTP/1.1
User-Agent: selenium/4.1.2 (java windows)
Cache-Control: no-cache
Content-Type: application/json; charset=utf-8
host: localhost:64410
accept: */*

Response DefaultHttpResponse(decodeResult: success, version: HTTP/1.1)
HTTP/1.1 200 OK
Content-Type: application/json; charset=utf-8
cache-control: no-cache
content-length: 305892

10:43:47.554 [AsyncHttpClient-1-7] DEBUG org.asynchttpclient.netty.channel.ChannelManager - Adding key: http://localhost:64410 for channel [id: 0x2d1ba5f5, L:/127.0.0.1:57383 - R:localhost/127.0.0.1:64410]
10:43:47.604 [main] DEBUG net.serenitybdd.core.photography.Darkroom - Send negative for processing for target\site\serenity\722717b59ebbd241f60199e302ae36a01e106aa4b3c5c00d8b34a786f0a5fe67.png
10:43:47.604 [main] DEBUG net.thucydides.core.steps.StepInterceptor - STEP DONE: validateOnDashboardPage
  &amp#27;[32mGiven &amp#27;[0m&amp#27;[32mI am on the dashboard page&amp#27;[0m                                           &amp#27;[90m# starter.stepdefinitions.DashboardSteps.iAmOnTheDashboardPage()&amp#27;[0m
10:43:47.607 [AsyncHttpClient-1-1] DEBUG org.asynchttpclient.netty.channel.DefaultChannelPool - Entry count for : http://localhost:57384 : 1
10:43:47.607 [AsyncHttpClient-1-1] DEBUG org.asynchttpclient.netty.channel.DefaultChannelPool - Entry count for : http://localhost:64410 : 1
10:43:47.607 [Darkroom Processing Line] DEBUG net.serenitybdd.core.photography.DarkroomProcessingLine - Processing screenshot image in /var/screenshots/screenshot-10282868245920775622
10:43:47.607 [Darkroom Processing Line] DEBUG net.serenitybdd.core.photography.DarkroomProcessingLine - Saving screenshot to target\site\serenity\722717b59ebbd241f60199e302ae36a01e106aa4b3c5c00d8b34a786f0a5fe67.png
10:43:47.649 [main] DEBUG net.thucydides.core.steps.StepInterceptor - STARTING STEP: AppointmentSteps.iClickMenuAppointment - clickMenuAppointmentButton
10:43:47.665 [Forwarding findElement on session fda082f6517a08e78f785a222d91ad33 to remote] DEBUG org.asynchttpclient.netty.request.NettyRequestSender - Using pooled Channel '[id: 0x2d1ba5f5, L:/127.0.0.1:57383 - R:localhost/127.0.0.1:64410]' for 'POST' to 'http://localhost:64410/session/fda082f6517a08e78f785a222d91ad33/element'
10:43:47.665 [Forwarding findElement on session fda082f6517a08e78f785a222d91ad33 to remote] DEBUG org.asynchttpclient.netty.request.NettyRequestSender - Using open Channel [id: 0x2d1ba5f5, L:/127.0.0.1:57383 - R:localhost/127.0.0.1:64410] for POST '/session/fda082f6517a08e78f785a222d91ad33/element'
10:43:47.810 [AsyncHttpClient-1-7] DEBUG org.asynchttpclient.netty.handler.HttpHandler - 

Request DefaultHttpRequest(decodeResult: success, version: HTTP/1.1)
POST /session/fda082f6517a08e78f785a222d91ad33/element HTTP/1.1
User-Agent: selenium/4.1.2 (java windows)
Content-Length: 84
Content-Type: application/json; charset=utf-8
host: localhost:64410
accept: */*

Response DefaultHttpResponse(decodeResult: success, version: HTTP/1.1)
HTTP/1.1 200 OK
Content-Type: application/json; charset=utf-8
cache-control: no-cache
content-length: 88

10:43:47.811 [AsyncHttpClient-1-7] DEBUG org.asynchttpclient.netty.channel.ChannelManager - Adding key: http://localhost:64410 for channel [id: 0x2d1ba5f5, L:/127.0.0.1:57383 - R:localhost/127.0.0.1:64410]
10:43:47.814 [Forwarding getElementTagName on session fda082f6517a08e78f785a222d91ad33 to remote] DEBUG org.asynchttpclient.netty.request.NettyRequestSender - Using pooled Channel '[id: 0x2d1ba5f5, L:/127.0.0.1:57383 - R:localhost/127.0.0.1:64410]' for 'GET' to 'http://localhost:64410/session/fda082f6517a08e78f785a222d91ad33/element/79f3dfc4-112b-463b-b822-05879dab18d0/name'
10:43:47.814 [Forwarding getElementTagName on session fda082f6517a08e78f785a222d91ad33 to remote] DEBUG org.asynchttpclient.netty.request.NettyRequestSender - Using open Channel [id: 0x2d1ba5f5, L:/127.0.0.1:57383 - R:localhost/127.0.0.1:64410] for GET '/session/fda082f6517a08e78f785a222d91ad33/element/79f3dfc4-112b-463b-b822-05879dab18d0/name'
10:43:47.828 [AsyncHttpClient-1-7] DEBUG org.asynchttpclient.netty.handler.HttpHandler - 

Request DefaultFullHttpRequest(decodeResult: success, version: HTTP/1.1, content: EmptyByteBufBE)
GET /session/fda082f6517a08e78f785a222d91ad33/element/79f3dfc4-112b-463b-b822-05879dab18d0/name HTTP/1.1
User-Agent: selenium/4.1.2 (java windows)
Cache-Control: no-cache
Content-Type: application/json; charset=utf-8
host: localhost:64410
accept: */*

Response DefaultHttpResponse(decodeResult: success, version: HTTP/1.1)
HTTP/1.1 200 OK
Content-Type: application/json; charset=utf-8
cache-control: no-cache
content-length: 15

10:43:47.828 [AsyncHttpClient-1-7] DEBUG org.asynchttpclient.netty.channel.ChannelManager - Adding key: http://localhost:64410 for channel [id: 0x2d1ba5f5, L:/127.0.0.1:57383 - R:localhost/127.0.0.1:64410]
10:43:47.831 [Forwarding getElementTagName on session fda082f6517a08e78f785a222d91ad33 to remote] DEBUG org.asynchttpclient.netty.request.NettyRequestSender - Using pooled Channel '[id: 0x2d1ba5f5, L:/127.0.0.1:57383 - R:localhost/127.0.0.1:64410]' for 'GET' to 'http://localhost:64410/session/fda082f6517a08e78f785a222d91ad33/element/79f3dfc4-112b-463b-b822-05879dab18d0/name'
10:43:47.832 [Forwarding getElementTagName on session fda082f6517a08e78f785a222d91ad33 to remote] DEBUG org.asynchttpclient.netty.request.NettyRequestSender - Using open Channel [id: 0x2d1ba5f5, L:/127.0.0.1:57383 - R:localhost/127.0.0.1:64410] for GET '/session/fda082f6517a08e78f785a222d91ad33/element/79f3dfc4-112b-463b-b822-05879dab18d0/name'
10:43:47.837 [AsyncHttpClient-1-7] DEBUG org.asynchttpclient.netty.handler.HttpHandler - 

Request DefaultFullHttpRequest(decodeResult: success, version: HTTP/1.1, content: EmptyByteBufBE)
GET /session/fda082f6517a08e78f785a222d91ad33/element/79f3dfc4-112b-463b-b822-05879dab18d0/name HTTP/1.1
User-Agent: selenium/4.1.2 (java windows)
Cache-Control: no-cache
Content-Type: application/json; charset=utf-8
host: localhost:64410
accept: */*

Response DefaultHttpResponse(decodeResult: success, version: HTTP/1.1)
HTTP/1.1 200 OK
Content-Type: application/json; charset=utf-8
cache-control: no-cache
content-length: 15

10:43:47.837 [AsyncHttpClient-1-7] DEBUG org.asynchttpclient.netty.channel.ChannelManager - Adding key: http://localhost:64410 for channel [id: 0x2d1ba5f5, L:/127.0.0.1:57383 - R:localhost/127.0.0.1:64410]
10:43:47.841 [Forwarding findElement on session fda082f6517a08e78f785a222d91ad33 to remote] DEBUG org.asynchttpclient.netty.request.NettyRequestSender - Using pooled Channel '[id: 0x2d1ba5f5, L:/127.0.0.1:57383 - R:localhost/127.0.0.1:64410]' for 'POST' to 'http://localhost:64410/session/fda082f6517a08e78f785a222d91ad33/element'
10:43:47.841 [Forwarding findElement on session fda082f6517a08e78f785a222d91ad33 to remote] DEBUG org.asynchttpclient.netty.request.NettyRequestSender - Using open Channel [id: 0x2d1ba5f5, L:/127.0.0.1:57383 - R:localhost/127.0.0.1:64410] for POST '/session/fda082f6517a08e78f785a222d91ad33/element'
10:43:47.851 [AsyncHttpClient-1-7] DEBUG org.asynchttpclient.netty.handler.HttpHandler - 

Request DefaultHttpRequest(decodeResult: success, version: HTTP/1.1)
POST /session/fda082f6517a08e78f785a222d91ad33/element HTTP/1.1
User-Agent: selenium/4.1.2 (java windows)
Content-Length: 84
Content-Type: application/json; charset=utf-8
host: localhost:64410
accept: */*

Response DefaultHttpResponse(decodeResult: success, version: HTTP/1.1)
HTTP/1.1 200 OK
Content-Type: application/json; charset=utf-8
cache-control: no-cache
content-length: 88

10:43:47.851 [AsyncHttpClient-1-7] DEBUG org.asynchttpclient.netty.channel.ChannelManager - Adding key: http://localhost:64410 for channel [id: 0x2d1ba5f5, L:/127.0.0.1:57383 - R:localhost/127.0.0.1:64410]
10:43:47.853 [Forwarding clickElement on session fda082f6517a08e78f785a222d91ad33 to remote] DEBUG org.asynchttpclient.netty.request.NettyRequestSender - Using pooled Channel '[id: 0x2d1ba5f5, L:/127.0.0.1:57383 - R:localhost/127.0.0.1:64410]' for 'POST' to 'http://localhost:64410/session/fda082f6517a08e78f785a222d91ad33/element/79f3dfc4-112b-463b-b822-05879dab18d0/click'
10:43:47.853 [Forwarding clickElement on session fda082f6517a08e78f785a222d91ad33 to remote] DEBUG org.asynchttpclient.netty.request.NettyRequestSender - Using open Channel [id: 0x2d1ba5f5, L:/127.0.0.1:57383 - R:localhost/127.0.0.1:64410] for POST '/session/fda082f6517a08e78f785a222d91ad33/element/79f3dfc4-112b-463b-b822-05879dab18d0/click'
10:43:48.084 [AsyncHttpClient-1-7] DEBUG org.asynchttpclient.netty.handler.HttpHandler - 

Request DefaultHttpRequest(decodeResult: success, version: HTTP/1.1)
POST /session/fda082f6517a08e78f785a222d91ad33/element/79f3dfc4-112b-463b-b822-05879dab18d0/click HTTP/1.1
User-Agent: selenium/4.1.2 (java windows)
Content-Length: 50
Content-Type: application/json; charset=utf-8
host: localhost:64410
accept: */*

Response DefaultHttpResponse(decodeResult: success, version: HTTP/1.1)
HTTP/1.1 200 OK
Content-Type: application/json; charset=utf-8
cache-control: no-cache
content-length: 14

10:43:48.084 [AsyncHttpClient-1-7] DEBUG org.asynchttpclient.netty.channel.ChannelManager - Adding key: http://localhost:64410 for channel [id: 0x2d1ba5f5, L:/127.0.0.1:57383 - R:localhost/127.0.0.1:64410]
10:43:48.093 [Forwarding screenshot on session fda082f6517a08e78f785a222d91ad33 to remote] DEBUG org.asynchttpclient.netty.request.NettyRequestSender - Using pooled Channel '[id: 0x2d1ba5f5, L:/127.0.0.1:57383 - R:localhost/127.0.0.1:64410]' for 'GET' to 'http://localhost:64410/session/fda082f6517a08e78f785a222d91ad33/screenshot'
10:43:48.093 [Forwarding screenshot on session fda082f6517a08e78f785a222d91ad33 to remote] DEBUG org.asynchttpclient.netty.request.NettyRequestSender - Using open Channel [id: 0x2d1ba5f5, L:/127.0.0.1:57383 - R:localhost/127.0.0.1:64410] for GET '/session/fda082f6517a08e78f785a222d91ad33/screenshot'
10:43:48.201 [AsyncHttpClient-1-7] DEBUG org.asynchttpclient.netty.handler.HttpHandler - 

Request DefaultFullHttpRequest(decodeResult: success, version: HTTP/1.1, content: EmptyByteBufBE)
GET /session/fda082f6517a08e78f785a222d91ad33/screenshot HTTP/1.1
User-Agent: selenium/4.1.2 (java windows)
Cache-Control: no-cache
Content-Type: application/json; charset=utf-8
host: localhost:64410
accept: */*

Response DefaultHttpResponse(decodeResult: success, version: HTTP/1.1)
HTTP/1.1 200 OK
Content-Type: application/json; charset=utf-8
cache-control: no-cache
content-length: 77776

10:43:48.201 [AsyncHttpClient-1-7] DEBUG org.asynchttpclient.netty.channel.ChannelManager - Adding key: http://localhost:64410 for channel [id: 0x2d1ba5f5, L:/127.0.0.1:57383 - R:localhost/127.0.0.1:64410]
10:43:48.206 [main] DEBUG net.serenitybdd.core.photography.Darkroom - Send negative for processing for target\site\serenity\dde6ee49eef829c4844cc40a8aaa4d6e912eaee4e88eb74d4e912a38905c5f6b.png
10:43:48.206 [main] DEBUG net.thucydides.core.steps.StepInterceptor - STEP DONE: clickMenuAppointmentButton
10:43:48.206 [Darkroom Processing Line] DEBUG net.serenitybdd.core.photography.DarkroomProcessingLine - Processing screenshot image in /var/screenshots/screenshot-14107271721639856072
10:43:48.206 [Darkroom Processing Line] DEBUG net.serenitybdd.core.photography.DarkroomProcessingLine - Saving screenshot to target\site\serenity\dde6ee49eef829c4844cc40a8aaa4d6e912eaee4e88eb74d4e912a38905c5f6b.png
  &amp#27;[32mAnd &amp#27;[0m&amp#27;[32mI click menu Appointment&amp#27;[0m                                               &amp#27;[90m# starter.stepdefinitions.AppointmentSteps.iClickMenuAppointment()&amp#27;[0m
10:43:48.228 [main] DEBUG net.thucydides.core.steps.StepInterceptor - STARTING STEP: AppointmentSteps.iClickAppointmentDepartmentDropdown - clickFilterDropdown
10:43:48.232 [Forwarding findElement on session fda082f6517a08e78f785a222d91ad33 to remote] DEBUG org.asynchttpclient.netty.request.NettyRequestSender - Using pooled Channel '[id: 0x2d1ba5f5, L:/127.0.0.1:57383 - R:localhost/127.0.0.1:64410]' for 'POST' to 'http://localhost:64410/session/fda082f6517a08e78f785a222d91ad33/element'
10:43:48.232 [Forwarding findElement on session fda082f6517a08e78f785a222d91ad33 to remote] DEBUG org.asynchttpclient.netty.request.NettyRequestSender - Using open Channel [id: 0x2d1ba5f5, L:/127.0.0.1:57383 - R:localhost/127.0.0.1:64410] for POST '/session/fda082f6517a08e78f785a222d91ad33/element'
10:43:48.246 [AsyncHttpClient-1-7] DEBUG org.asynchttpclient.netty.handler.HttpHandler - 

Request DefaultHttpRequest(decodeResult: success, version: HTTP/1.1)
POST /session/fda082f6517a08e78f785a222d91ad33/element HTTP/1.1
User-Agent: selenium/4.1.2 (java windows)
Content-Length: 146
Content-Type: application/json; charset=utf-8
host: localhost:64410
accept: */*

Response DefaultHttpResponse(decodeResult: success, version: HTTP/1.1)
HTTP/1.1 200 OK
Content-Type: application/json; charset=utf-8
cache-control: no-cache
content-length: 88

10:43:48.247 [AsyncHttpClient-1-7] DEBUG org.asynchttpclient.netty.channel.ChannelManager - Adding key: http://localhost:64410 for channel [id: 0x2d1ba5f5, L:/127.0.0.1:57383 - R:localhost/127.0.0.1:64410]
10:43:48.248 [Forwarding getElementTagName on session fda082f6517a08e78f785a222d91ad33 to remote] DEBUG org.asynchttpclient.netty.request.NettyRequestSender - Using pooled Channel '[id: 0x2d1ba5f5, L:/127.0.0.1:57383 - R:localhost/127.0.0.1:64410]' for 'GET' to 'http://localhost:64410/session/fda082f6517a08e78f785a222d91ad33/element/af04ff10-c6f5-4c3b-ba82-a7216eff1ed3/name'
10:43:48.248 [Forwarding getElementTagName on session fda082f6517a08e78f785a222d91ad33 to remote] DEBUG org.asynchttpclient.netty.request.NettyRequestSender - Using open Channel [id: 0x2d1ba5f5, L:/127.0.0.1:57383 - R:localhost/127.0.0.1:64410] for GET '/session/fda082f6517a08e78f785a222d91ad33/element/af04ff10-c6f5-4c3b-ba82-a7216eff1ed3/name'
10:43:48.253 [AsyncHttpClient-1-7] DEBUG org.asynchttpclient.netty.handler.HttpHandler - 

Request DefaultFullHttpRequest(decodeResult: success, version: HTTP/1.1, content: EmptyByteBufBE)
GET /session/fda082f6517a08e78f785a222d91ad33/element/af04ff10-c6f5-4c3b-ba82-a7216eff1ed3/name HTTP/1.1
User-Agent: selenium/4.1.2 (java windows)
Cache-Control: no-cache
Content-Type: application/json; charset=utf-8
host: localhost:64410
accept: */*

Response DefaultHttpResponse(decodeResult: success, version: HTTP/1.1)
HTTP/1.1 200 OK
Content-Type: application/json; charset=utf-8
cache-control: no-cache
content-length: 15

10:43:48.253 [AsyncHttpClient-1-7] DEBUG org.asynchttpclient.netty.channel.ChannelManager - Adding key: http://localhost:64410 for channel [id: 0x2d1ba5f5, L:/127.0.0.1:57383 - R:localhost/127.0.0.1:64410]
10:43:48.255 [Forwarding getElementTagName on session fda082f6517a08e78f785a222d91ad33 to remote] DEBUG org.asynchttpclient.netty.request.NettyRequestSender - Using pooled Channel '[id: 0x2d1ba5f5, L:/127.0.0.1:57383 - R:localhost/127.0.0.1:64410]' for 'GET' to 'http://localhost:64410/session/fda082f6517a08e78f785a222d91ad33/element/af04ff10-c6f5-4c3b-ba82-a7216eff1ed3/name'
10:43:48.255 [Forwarding getElementTagName on session fda082f6517a08e78f785a222d91ad33 to remote] DEBUG org.asynchttpclient.netty.request.NettyRequestSender - Using open Channel [id: 0x2d1ba5f5, L:/127.0.0.1:57383 - R:localhost/127.0.0.1:64410] for GET '/session/fda082f6517a08e78f785a222d91ad33/element/af04ff10-c6f5-4c3b-ba82-a7216eff1ed3/name'
10:43:48.259 [AsyncHttpClient-1-7] DEBUG org.asynchttpclient.netty.handler.HttpHandler - 

Request DefaultFullHttpRequest(decodeResult: success, version: HTTP/1.1, content: EmptyByteBufBE)
GET /session/fda082f6517a08e78f785a222d91ad33/element/af04ff10-c6f5-4c3b-ba82-a7216eff1ed3/name HTTP/1.1
User-Agent: selenium/4.1.2 (java windows)
Cache-Control: no-cache
Content-Type: application/json; charset=utf-8
host: localhost:64410
accept: */*

Response DefaultHttpResponse(decodeResult: success, version: HTTP/1.1)
HTTP/1.1 200 OK
Content-Type: application/json; charset=utf-8
cache-control: no-cache
content-length: 15

10:43:48.260 [AsyncHttpClient-1-7] DEBUG org.asynchttpclient.netty.channel.ChannelManager - Adding key: http://localhost:64410 for channel [id: 0x2d1ba5f5, L:/127.0.0.1:57383 - R:localhost/127.0.0.1:64410]
10:43:48.262 [Forwarding findElement on session fda082f6517a08e78f785a222d91ad33 to remote] DEBUG org.asynchttpclient.netty.request.NettyRequestSender - Using pooled Channel '[id: 0x2d1ba5f5, L:/127.0.0.1:57383 - R:localhost/127.0.0.1:64410]' for 'POST' to 'http://localhost:64410/session/fda082f6517a08e78f785a222d91ad33/element'
10:43:48.262 [Forwarding findElement on session fda082f6517a08e78f785a222d91ad33 to remote] DEBUG org.asynchttpclient.netty.request.NettyRequestSender - Using open Channel [id: 0x2d1ba5f5, L:/127.0.0.1:57383 - R:localhost/127.0.0.1:64410] for POST '/session/fda082f6517a08e78f785a222d91ad33/element'
10:43:48.273 [AsyncHttpClient-1-7] DEBUG org.asynchttpclient.netty.handler.HttpHandler - 

Request DefaultHttpRequest(decodeResult: success, version: HTTP/1.1)
POST /session/fda082f6517a08e78f785a222d91ad33/element HTTP/1.1
User-Agent: selenium/4.1.2 (java windows)
Content-Length: 146
Content-Type: application/json; charset=utf-8
host: localhost:64410
accept: */*

Response DefaultHttpResponse(decodeResult: success, version: HTTP/1.1)
HTTP/1.1 200 OK
Content-Type: application/json; charset=utf-8
cache-control: no-cache
content-length: 88

10:43:48.273 [AsyncHttpClient-1-7] DEBUG org.asynchttpclient.netty.channel.ChannelManager - Adding key: http://localhost:64410 for channel [id: 0x2d1ba5f5, L:/127.0.0.1:57383 - R:localhost/127.0.0.1:64410]
10:43:48.274 [Forwarding clickElement on session fda082f6517a08e78f785a222d91ad33 to remote] DEBUG org.asynchttpclient.netty.request.NettyRequestSender - Using pooled Channel '[id: 0x2d1ba5f5, L:/127.0.0.1:57383 - R:localhost/127.0.0.1:64410]' for 'POST' to 'http://localhost:64410/session/fda082f6517a08e78f785a222d91ad33/element/af04ff10-c6f5-4c3b-ba82-a7216eff1ed3/click'
10:43:48.275 [Forwarding clickElement on session fda082f6517a08e78f785a222d91ad33 to remote] DEBUG org.asynchttpclient.netty.request.NettyRequestSender - Using open Channel [id: 0x2d1ba5f5, L:/127.0.0.1:57383 - R:localhost/127.0.0.1:64410] for POST '/session/fda082f6517a08e78f785a222d91ad33/element/af04ff10-c6f5-4c3b-ba82-a7216eff1ed3/click'
10:43:48.395 [AsyncHttpClient-1-7] DEBUG org.asynchttpclient.netty.handler.HttpHandler - 

Request DefaultHttpRequest(decodeResult: success, version: HTTP/1.1)
POST /session/fda082f6517a08e78f785a222d91ad33/element/af04ff10-c6f5-4c3b-ba82-a7216eff1ed3/click HTTP/1.1
User-Agent: selenium/4.1.2 (java windows)
Content-Length: 50
Content-Type: application/json; charset=utf-8
host: localhost:64410
accept: */*

Response DefaultHttpResponse(decodeResult: success, version: HTTP/1.1)
HTTP/1.1 200 OK
Content-Type: application/json; charset=utf-8
cache-control: no-cache
content-length: 14

10:43:48.396 [AsyncHttpClient-1-7] DEBUG org.asynchttpclient.netty.channel.ChannelManager - Adding key: http://localhost:64410 for channel [id: 0x2d1ba5f5, L:/127.0.0.1:57383 - R:localhost/127.0.0.1:64410]
10:43:48.410 [Forwarding screenshot on session fda082f6517a08e78f785a222d91ad33 to remote] DEBUG org.asynchttpclient.netty.request.NettyRequestSender - Using pooled Channel '[id: 0x2d1ba5f5, L:/127.0.0.1:57383 - R:localhost/127.0.0.1:64410]' for 'GET' to 'http://localhost:64410/session/fda082f6517a08e78f785a222d91ad33/screenshot'
10:43:48.411 [Forwarding screenshot on session fda082f6517a08e78f785a222d91ad33 to remote] DEBUG org.asynchttpclient.netty.request.NettyRequestSender - Using open Channel [id: 0x2d1ba5f5, L:/127.0.0.1:57383 - R:localhost/127.0.0.1:64410] for GET '/session/fda082f6517a08e78f785a222d91ad33/screenshot'
10:43:48.548 [AsyncHttpClient-1-7] DEBUG org.asynchttpclient.netty.handler.HttpHandler - 

Request DefaultFullHttpRequest(decodeResult: success, version: HTTP/1.1, content: EmptyByteBufBE)
GET /session/fda082f6517a08e78f785a222d91ad33/screenshot HTTP/1.1
User-Agent: selenium/4.1.2 (java windows)
Cache-Control: no-cache
Content-Type: application/json; charset=utf-8
host: localhost:64410
accept: */*

Response DefaultHttpResponse(decodeResult: success, version: HTTP/1.1)
HTTP/1.1 200 OK
Content-Type: application/json; charset=utf-8
cache-control: no-cache
content-length: 91068

10:43:48.549 [AsyncHttpClient-1-7] DEBUG org.asynchttpclient.netty.channel.ChannelManager - Adding key: http://localhost:64410 for channel [id: 0x2d1ba5f5, L:/127.0.0.1:57383 - R:localhost/127.0.0.1:64410]
10:43:48.558 [main] DEBUG net.serenitybdd.core.photography.Darkroom - Send negative for processing for target\site\serenity\3468f3b07f7e48ab21d63e46d6827f75fb98fb0dc8d02db9927a99c5897270f3.png
10:43:48.558 [main] DEBUG net.thucydides.core.steps.StepInterceptor - STEP DONE: clickFilterDropdown
  &amp#27;[32mWhen &amp#27;[0m&amp#27;[32mI click Appointment Department Filter Dropdown&amp#27;[0m                        &amp#27;[90m# starter.stepdefinitions.AppointmentSteps.iClickAppointmentDepartmentDropdown()&amp#27;[0m
10:43:48.558 [Darkroom Processing Line] DEBUG net.serenitybdd.core.photography.DarkroomProcessingLine - Processing screenshot image in /var/screenshots/screenshot-9578197421313779005
10:43:48.558 [Darkroom Processing Line] DEBUG net.serenitybdd.core.photography.DarkroomProcessingLine - Saving screenshot to target\site\serenity\3468f3b07f7e48ab21d63e46d6827f75fb98fb0dc8d02db9927a99c5897270f3.png
10:43:48.590 [main] DEBUG net.thucydides.core.steps.StepInterceptor - STARTING STEP: AppointmentSteps.iClickAppointmentGeneral - clickGeneralMenu
10:43:48.596 [Forwarding findElement on session fda082f6517a08e78f785a222d91ad33 to remote] DEBUG org.asynchttpclient.netty.request.NettyRequestSender - Using pooled Channel '[id: 0x2d1ba5f5, L:/127.0.0.1:57383 - R:localhost/127.0.0.1:64410]' for 'POST' to 'http://localhost:64410/session/fda082f6517a08e78f785a222d91ad33/element'
10:43:48.597 [Forwarding findElement on session fda082f6517a08e78f785a222d91ad33 to remote] DEBUG org.asynchttpclient.netty.request.NettyRequestSender - Using open Channel [id: 0x2d1ba5f5, L:/127.0.0.1:57383 - R:localhost/127.0.0.1:64410] for POST '/session/fda082f6517a08e78f785a222d91ad33/element'
10:43:48.618 [AsyncHttpClient-1-7] DEBUG org.asynchttpclient.netty.handler.HttpHandler - 

Request DefaultHttpRequest(decodeResult: success, version: HTTP/1.1)
POST /session/fda082f6517a08e78f785a222d91ad33/element HTTP/1.1
User-Agent: selenium/4.1.2 (java windows)
Content-Length: 109
Content-Type: application/json; charset=utf-8
host: localhost:64410
accept: */*

Response DefaultHttpResponse(decodeResult: success, version: HTTP/1.1)
HTTP/1.1 200 OK
Content-Type: application/json; charset=utf-8
cache-control: no-cache
content-length: 88

10:43:48.619 [AsyncHttpClient-1-7] DEBUG org.asynchttpclient.netty.channel.ChannelManager - Adding key: http://localhost:64410 for channel [id: 0x2d1ba5f5, L:/127.0.0.1:57383 - R:localhost/127.0.0.1:64410]
10:43:48.621 [Forwarding getElementTagName on session fda082f6517a08e78f785a222d91ad33 to remote] DEBUG org.asynchttpclient.netty.request.NettyRequestSender - Using pooled Channel '[id: 0x2d1ba5f5, L:/127.0.0.1:57383 - R:localhost/127.0.0.1:64410]' for 'GET' to 'http://localhost:64410/session/fda082f6517a08e78f785a222d91ad33/element/85ac9ee9-3f30-42a1-b149-a4193afa65dc/name'
10:43:48.621 [Forwarding getElementTagName on session fda082f6517a08e78f785a222d91ad33 to remote] DEBUG org.asynchttpclient.netty.request.NettyRequestSender - Using open Channel [id: 0x2d1ba5f5, L:/127.0.0.1:57383 - R:localhost/127.0.0.1:64410] for GET '/session/fda082f6517a08e78f785a222d91ad33/element/85ac9ee9-3f30-42a1-b149-a4193afa65dc/name'
10:43:48.628 [AsyncHttpClient-1-7] DEBUG org.asynchttpclient.netty.handler.HttpHandler - 

Request DefaultFullHttpRequest(decodeResult: success, version: HTTP/1.1, content: EmptyByteBufBE)
GET /session/fda082f6517a08e78f785a222d91ad33/element/85ac9ee9-3f30-42a1-b149-a4193afa65dc/name HTTP/1.1
User-Agent: selenium/4.1.2 (java windows)
Cache-Control: no-cache
Content-Type: application/json; charset=utf-8
host: localhost:64410
accept: */*

Response DefaultHttpResponse(decodeResult: success, version: HTTP/1.1)
HTTP/1.1 200 OK
Content-Type: application/json; charset=utf-8
cache-control: no-cache
content-length: 14

10:43:48.629 [AsyncHttpClient-1-7] DEBUG org.asynchttpclient.netty.channel.ChannelManager - Adding key: http://localhost:64410 for channel [id: 0x2d1ba5f5, L:/127.0.0.1:57383 - R:localhost/127.0.0.1:64410]
10:43:48.630 [Forwarding getElementTagName on session fda082f6517a08e78f785a222d91ad33 to remote] DEBUG org.asynchttpclient.netty.request.NettyRequestSender - Using pooled Channel '[id: 0x2d1ba5f5, L:/127.0.0.1:57383 - R:localhost/127.0.0.1:64410]' for 'GET' to 'http://localhost:64410/session/fda082f6517a08e78f785a222d91ad33/element/85ac9ee9-3f30-42a1-b149-a4193afa65dc/name'
10:43:48.630 [Forwarding getElementTagName on session fda082f6517a08e78f785a222d91ad33 to remote] DEBUG org.asynchttpclient.netty.request.NettyRequestSender - Using open Channel [id: 0x2d1ba5f5, L:/127.0.0.1:57383 - R:localhost/127.0.0.1:64410] for GET '/session/fda082f6517a08e78f785a222d91ad33/element/85ac9ee9-3f30-42a1-b149-a4193afa65dc/name'
10:43:48.637 [AsyncHttpClient-1-7] DEBUG org.asynchttpclient.netty.handler.HttpHandler - 

Request DefaultFullHttpRequest(decodeResult: success, version: HTTP/1.1, content: EmptyByteBufBE)
GET /session/fda082f6517a08e78f785a222d91ad33/element/85ac9ee9-3f30-42a1-b149-a4193afa65dc/name HTTP/1.1
User-Agent: selenium/4.1.2 (java windows)
Cache-Control: no-cache
Content-Type: application/json; charset=utf-8
host: localhost:64410
accept: */*

Response DefaultHttpResponse(decodeResult: success, version: HTTP/1.1)
HTTP/1.1 200 OK
Content-Type: application/json; charset=utf-8
cache-control: no-cache
content-length: 14

10:43:48.637 [AsyncHttpClient-1-7] DEBUG org.asynchttpclient.netty.channel.ChannelManager - Adding key: http://localhost:64410 for channel [id: 0x2d1ba5f5, L:/127.0.0.1:57383 - R:localhost/127.0.0.1:64410]
10:43:48.639 [Forwarding findElement on session fda082f6517a08e78f785a222d91ad33 to remote] DEBUG org.asynchttpclient.netty.request.NettyRequestSender - Using pooled Channel '[id: 0x2d1ba5f5, L:/127.0.0.1:57383 - R:localhost/127.0.0.1:64410]' for 'POST' to 'http://localhost:64410/session/fda082f6517a08e78f785a222d91ad33/element'
10:43:48.639 [Forwarding findElement on session fda082f6517a08e78f785a222d91ad33 to remote] DEBUG org.asynchttpclient.netty.request.NettyRequestSender - Using open Channel [id: 0x2d1ba5f5, L:/127.0.0.1:57383 - R:localhost/127.0.0.1:64410] for POST '/session/fda082f6517a08e78f785a222d91ad33/element'
10:43:48.650 [AsyncHttpClient-1-7] DEBUG org.asynchttpclient.netty.handler.HttpHandler - 

Request DefaultHttpRequest(decodeResult: success, version: HTTP/1.1)
POST /session/fda082f6517a08e78f785a222d91ad33/element HTTP/1.1
User-Agent: selenium/4.1.2 (java windows)
Content-Length: 109
Content-Type: application/json; charset=utf-8
host: localhost:64410
accept: */*

Response DefaultHttpResponse(decodeResult: success, version: HTTP/1.1)
HTTP/1.1 200 OK
Content-Type: application/json; charset=utf-8
cache-control: no-cache
content-length: 88

10:43:48.650 [AsyncHttpClient-1-7] DEBUG org.asynchttpclient.netty.channel.ChannelManager - Adding key: http://localhost:64410 for channel [id: 0x2d1ba5f5, L:/127.0.0.1:57383 - R:localhost/127.0.0.1:64410]
10:43:48.652 [Forwarding clickElement on session fda082f6517a08e78f785a222d91ad33 to remote] DEBUG org.asynchttpclient.netty.request.NettyRequestSender - Using pooled Channel '[id: 0x2d1ba5f5, L:/127.0.0.1:57383 - R:localhost/127.0.0.1:64410]' for 'POST' to 'http://localhost:64410/session/fda082f6517a08e78f785a222d91ad33/element/85ac9ee9-3f30-42a1-b149-a4193afa65dc/click'
10:43:48.652 [Forwarding clickElement on session fda082f6517a08e78f785a222d91ad33 to remote] DEBUG org.asynchttpclient.netty.request.NettyRequestSender - Using open Channel [id: 0x2d1ba5f5, L:/127.0.0.1:57383 - R:localhost/127.0.0.1:64410] for POST '/session/fda082f6517a08e78f785a222d91ad33/element/85ac9ee9-3f30-42a1-b149-a4193afa65dc/click'
10:43:48.664 [AsyncHttpClient-1-1] DEBUG org.asynchttpclient.netty.channel.DefaultChannelPool - Entry count for : http://localhost:57384 : 1
10:43:48.885 [AsyncHttpClient-1-7] DEBUG org.asynchttpclient.netty.handler.HttpHandler - 

Request DefaultHttpRequest(decodeResult: success, version: HTTP/1.1)
POST /session/fda082f6517a08e78f785a222d91ad33/element/85ac9ee9-3f30-42a1-b149-a4193afa65dc/click HTTP/1.1
User-Agent: selenium/4.1.2 (java windows)
Content-Length: 50
Content-Type: application/json; charset=utf-8
host: localhost:64410
accept: */*

Response DefaultHttpResponse(decodeResult: success, version: HTTP/1.1)
HTTP/1.1 200 OK
Content-Type: application/json; charset=utf-8
cache-control: no-cache
content-length: 14

10:43:48.885 [AsyncHttpClient-1-7] DEBUG org.asynchttpclient.netty.channel.ChannelManager - Adding key: http://localhost:64410 for channel [id: 0x2d1ba5f5, L:/127.0.0.1:57383 - R:localhost/127.0.0.1:64410]
10:43:48.900 [Forwarding screenshot on session fda082f6517a08e78f785a222d91ad33 to remote] DEBUG org.asynchttpclient.netty.request.NettyRequestSender - Using pooled Channel '[id: 0x2d1ba5f5, L:/127.0.0.1:57383 - R:localhost/127.0.0.1:64410]' for 'GET' to 'http://localhost:64410/session/fda082f6517a08e78f785a222d91ad33/screenshot'
10:43:48.900 [Forwarding screenshot on session fda082f6517a08e78f785a222d91ad33 to remote] DEBUG org.asynchttpclient.netty.request.NettyRequestSender - Using open Channel [id: 0x2d1ba5f5, L:/127.0.0.1:57383 - R:localhost/127.0.0.1:64410] for GET '/session/fda082f6517a08e78f785a222d91ad33/screenshot'
10:43:49.046 [AsyncHttpClient-1-7] DEBUG org.asynchttpclient.netty.handler.HttpHandler - 

Request DefaultFullHttpRequest(decodeResult: success, version: HTTP/1.1, content: EmptyByteBufBE)
GET /session/fda082f6517a08e78f785a222d91ad33/screenshot HTTP/1.1
User-Agent: selenium/4.1.2 (java windows)
Cache-Control: no-cache
Content-Type: application/json; charset=utf-8
host: localhost:64410
accept: */*

Response DefaultHttpResponse(decodeResult: success, version: HTTP/1.1)
HTTP/1.1 200 OK
Content-Type: application/json; charset=utf-8
cache-control: no-cache
content-length: 78396

10:43:49.047 [AsyncHttpClient-1-7] DEBUG org.asynchttpclient.netty.channel.ChannelManager - Adding key: http://localhost:64410 for channel [id: 0x2d1ba5f5, L:/127.0.0.1:57383 - R:localhost/127.0.0.1:64410]
10:43:49.052 [main] DEBUG net.serenitybdd.core.photography.Darkroom - Send negative for processing for target\site\serenity\6f67039079c8668968a631bd6303eebaa33636d3049f1cb4c272a2fbfa5dad19.png
10:43:49.052 [main] DEBUG net.thucydides.core.steps.StepInterceptor - STEP DONE: clickGeneralMenu
  &amp#27;[32mAnd &amp#27;[0m&amp#27;[32mI click Appointment General&amp#27;[0m                                            &amp#27;[90m# starter.stepdefinitions.AppointmentSteps.iClickAppointmentGeneral()&amp#27;[0m
10:43:49.055 [Darkroom Processing Line] DEBUG net.serenitybdd.core.photography.DarkroomProcessingLine - Processing screenshot image in /var/screenshots/screenshot-11561679702512444605
10:43:49.055 [Darkroom Processing Line] DEBUG net.serenitybdd.core.photography.DarkroomProcessingLine - Saving screenshot to target\site\serenity\6f67039079c8668968a631bd6303eebaa33636d3049f1cb4c272a2fbfa5dad19.png
10:43:49.092 [main] DEBUG net.thucydides.core.steps.StepInterceptor - STARTING STEP: AppointmentSteps.iValidateTodayAppointmentOnlyShowGeneralDepartmentAppointment - validateGeneralAppointment
10:43:49.097 [Forwarding findElement on session fda082f6517a08e78f785a222d91ad33 to remote] DEBUG org.asynchttpclient.netty.request.NettyRequestSender - Using pooled Channel '[id: 0x2d1ba5f5, L:/127.0.0.1:57383 - R:localhost/127.0.0.1:64410]' for 'POST' to 'http://localhost:64410/session/fda082f6517a08e78f785a222d91ad33/element'
10:43:49.097 [Forwarding findElement on session fda082f6517a08e78f785a222d91ad33 to remote] DEBUG org.asynchttpclient.netty.request.NettyRequestSender - Using open Channel [id: 0x2d1ba5f5, L:/127.0.0.1:57383 - R:localhost/127.0.0.1:64410] for POST '/session/fda082f6517a08e78f785a222d91ad33/element'
10:43:49.764 [AsyncHttpClient-1-1] DEBUG org.asynchttpclient.netty.channel.DefaultChannelPool - Entry count for : http://localhost:57384 : 1
10:43:50.865 [AsyncHttpClient-1-1] DEBUG org.asynchttpclient.netty.channel.DefaultChannelPool - Entry count for : http://localhost:57384 : 1
10:43:51.963 [AsyncHttpClient-1-1] DEBUG org.asynchttpclient.netty.channel.DefaultChannelPool - Entry count for : http://localhost:57384 : 1
10:43:53.065 [AsyncHttpClient-1-1] DEBUG org.asynchttpclient.netty.channel.DefaultChannelPool - Entry count for : http://localhost:57384 : 1
10:43:54.113 [AsyncHttpClient-1-7] DEBUG org.asynchttpclient.netty.handler.HttpHandler - 

Request DefaultHttpRequest(decodeResult: success, version: HTTP/1.1)
POST /session/fda082f6517a08e78f785a222d91ad33/element HTTP/1.1
User-Agent: selenium/4.1.2 (java windows)
Content-Length: 145
Content-Type: application/json; charset=utf-8
host: localhost:64410
accept: */*

Response DefaultHttpResponse(decodeResult: success, version: HTTP/1.1)
HTTP/1.1 404 Not Found
Content-Type: application/json; charset=utf-8
cache-control: no-cache
content-length: 1057

10:43:54.113 [AsyncHttpClient-1-7] DEBUG org.asynchttpclient.netty.channel.ChannelManager - Adding key: http://localhost:64410 for channel [id: 0x2d1ba5f5, L:/127.0.0.1:57383 - R:localhost/127.0.0.1:64410]
10:43:54.129 [Forwarding screenshot on session fda082f6517a08e78f785a222d91ad33 to remote] DEBUG org.asynchttpclient.netty.request.NettyRequestSender - Using pooled Channel '[id: 0x2d1ba5f5, L:/127.0.0.1:57383 - R:localhost/127.0.0.1:64410]' for 'GET' to 'http://localhost:64410/session/fda082f6517a08e78f785a222d91ad33/screenshot'
10:43:54.129 [Forwarding screenshot on session fda082f6517a08e78f785a222d91ad33 to remote] DEBUG org.asynchttpclient.netty.request.NettyRequestSender - Using open Channel [id: 0x2d1ba5f5, L:/127.0.0.1:57383 - R:localhost/127.0.0.1:64410] for GET '/session/fda082f6517a08e78f785a222d91ad33/screenshot'
10:43:54.165 [AsyncHttpClient-1-1] DEBUG org.asynchttpclient.netty.channel.DefaultChannelPool - Entry count for : http://localhost:57384 : 1
10:43:54.237 [AsyncHttpClient-1-7] DEBUG org.asynchttpclient.netty.handler.HttpHandler - 

Request DefaultFullHttpRequest(decodeResult: success, version: HTTP/1.1, content: EmptyByteBufBE)
GET /session/fda082f6517a08e78f785a222d91ad33/screenshot HTTP/1.1
User-Agent: selenium/4.1.2 (java windows)
Cache-Control: no-cache
Content-Type: application/json; charset=utf-8
host: localhost:64410
accept: */*

Response DefaultHttpResponse(decodeResult: success, version: HTTP/1.1)
HTTP/1.1 200 OK
Content-Type: application/json; charset=utf-8
cache-control: no-cache
content-length: 68444

10:43:54.238 [AsyncHttpClient-1-7] DEBUG org.asynchttpclient.netty.channel.ChannelManager - Adding key: http://localhost:64410 for channel [id: 0x2d1ba5f5, L:/127.0.0.1:57383 - R:localhost/127.0.0.1:64410]
10:43:54.296 [main] DEBUG net.serenitybdd.core.photography.Darkroom - Send negative for processing for target\site\serenity\f2de6f8bccd113cab0a6adb342d4894654a50ee82034aa4ac92a9a2546a149cc.png
10:43:54.296 [Darkroom Processing Line] DEBUG net.serenitybdd.core.photography.DarkroomProcessingLine - Processing screenshot image in /var/screenshots/screenshot-8992584106499011260
10:43:54.296 [Darkroom Processing Line] DEBUG net.serenitybdd.core.photography.DarkroomProcessingLine - Saving screenshot to target\site\serenity\f2de6f8bccd113cab0a6adb342d4894654a50ee82034aa4ac92a9a2546a149cc.png
10:43:54.298 [Forwarding getPageSource on session fda082f6517a08e78f785a222d91ad33 to remote] DEBUG org.asynchttpclient.netty.request.NettyRequestSender - Using pooled Channel '[id: 0x2d1ba5f5, L:/127.0.0.1:57383 - R:localhost/127.0.0.1:64410]' for 'POST' to 'http://localhost:64410/session/fda082f6517a08e78f785a222d91ad33/execute/sync'
10:43:54.298 [Forwarding getPageSource on session fda082f6517a08e78f785a222d91ad33 to remote] DEBUG org.asynchttpclient.netty.request.NettyRequestSender - Using open Channel [id: 0x2d1ba5f5, L:/127.0.0.1:57383 - R:localhost/127.0.0.1:64410] for POST '/session/fda082f6517a08e78f785a222d91ad33/execute/sync'
10:43:54.307 [AsyncHttpClient-1-7] DEBUG org.asynchttpclient.netty.handler.HttpHandler - 

Request DefaultHttpRequest(decodeResult: success, version: HTTP/1.1)
POST /session/fda082f6517a08e78f785a222d91ad33/execute/sync HTTP/1.1
User-Agent: selenium/4.1.2 (java windows)
Content-Length: 176
Content-Type: application/json; charset=utf-8
host: localhost:64410
accept: */*

Response DefaultHttpResponse(decodeResult: success, version: HTTP/1.1)
HTTP/1.1 200 OK
Content-Type: application/json; charset=utf-8
cache-control: no-cache
content-length: 13377

10:43:54.307 [AsyncHttpClient-1-7] DEBUG org.asynchttpclient.netty.channel.ChannelManager - Adding key: http://localhost:64410 for channel [id: 0x2d1ba5f5, L:/127.0.0.1:57383 - R:localhost/127.0.0.1:64410]
10:43:54.326 [Forwarding getCurrentUrl on session fda082f6517a08e78f785a222d91ad33 to remote] DEBUG org.asynchttpclient.netty.request.NettyRequestSender - Using pooled Channel '[id: 0x2d1ba5f5, L:/127.0.0.1:57383 - R:localhost/127.0.0.1:64410]' for 'GET' to 'http://localhost:64410/session/fda082f6517a08e78f785a222d91ad33/url'
10:43:54.327 [Forwarding getCurrentUrl on session fda082f6517a08e78f785a222d91ad33 to remote] DEBUG org.asynchttpclient.netty.request.NettyRequestSender - Using open Channel [id: 0x2d1ba5f5, L:/127.0.0.1:57383 - R:localhost/127.0.0.1:64410] for GET '/session/fda082f6517a08e78f785a222d91ad33/url'
10:43:54.331 [AsyncHttpClient-1-7] DEBUG org.asynchttpclient.netty.handler.HttpHandler - 

Request DefaultFullHttpRequest(decodeResult: success, version: HTTP/1.1, content: EmptyByteBufBE)
GET /session/fda082f6517a08e78f785a222d91ad33/url HTTP/1.1
User-Agent: selenium/4.1.2 (java windows)
Cache-Control: no-cache
Content-Type: application/json; charset=utf-8
host: localhost:64410
accept: */*

Response DefaultHttpResponse(decodeResult: success, version: HTTP/1.1)
HTTP/1.1 200 OK
Content-Type: application/json; charset=utf-8
cache-control: no-cache
content-length: 64

10:43:54.331 [AsyncHttpClient-1-7] DEBUG org.asynchttpclient.netty.channel.ChannelManager - Adding key: http://localhost:64410 for channel [id: 0x2d1ba5f5, L:/127.0.0.1:57383 - R:localhost/127.0.0.1:64410]
  &amp#27;[31mThen &amp#27;[0m&amp#27;[31mI validate Today Appointment only show General Department Appointment&amp#27;[0m &amp#27;[90m# starter.stepdefinitions.AppointmentSteps.iValidateTodayAppointmentOnlyShowGeneralDepartmentAppointment()&amp#27;[0m
      &amp#27;[31morg.openqa.selenium.NoSuchElementException: Expected condition failed: waiting for By.xpath: //body/div[@id='root']/div[1]/div[2]/div[2]/div[3]/div[1]/h3[1] to be displayed (tried for 5 second(s) with 100 milliseconds interval)
Build info: version: '4.1.2', revision: '9a5a329c5a'
System info: host: 'DELL', ip: '192.168.1.6', os.name: 'Windows 8.1', os.arch: 'amd64', os.version: '6.3', java.version: '15.0.2'
Driver info: driver.version: unknown
	at net.serenitybdd.core.pages.WebElementFacadeImpl.throwNoSuchElementExceptionWithCauseIfPresent(WebElementFacadeImpl.java:1001)
	at net.serenitybdd.core.pages.WebElementFacadeImpl.checkPresenceOfWebElement(WebElementFacadeImpl.java:974)
	at net.serenitybdd.core.pages.WebElementFacadeImpl.waitUntilVisible(WebElementFacadeImpl.java:981)
	at Capstone.Project.Website@1.0-SNAPSHOT/starter.pages.AppointmentPage.validateGeneralAppointment(AppointmentPage.java:345)
	at Capstone.Project.Website@1.0-SNAPSHOT/starter.pages.AppointmentPage$ByteBuddy$5Q5V0Zb5.validateGeneralAppointment$accessor$J2UowYJ2(Unknown Source)
	at java.base/jdk.internal.reflect.NativeMethodAccessorImpl.invoke0(Native Method)
	at java.base/jdk.internal.reflect.NativeMethodAccessorImpl.invoke(NativeMethodAccessorImpl.java:64)
	at java.base/jdk.internal.reflect.DelegatingMethodAccessorImpl.invoke(DelegatingMethodAccessorImpl.java:43)
	at java.base/java.lang.reflect.Method.invoke(Method.java:564)
	at net.thucydides.core.steps.StepInterceptor.invokeMethod(StepInterceptor.java:503)
	at net.thucydides.core.steps.StepInterceptor.executeTestStepMethod(StepInterceptor.java:483)
	at net.thucydides.core.steps.StepInterceptor.runTestStep(StepInterceptor.java:457)
	at net.thucydides.core.steps.StepInterceptor.runOrSkipMethod(StepInterceptor.java:209)
	at net.thucydides.core.steps.StepInterceptor.testStepResult(StepInterceptor.java:196)
	at net.thucydides.core.steps.StepInterceptor.intercept(StepInterceptor.java:84)
	at net.thucydides.core.steps.ProxyConfiguration$InterceptorDispatcher.intercept(ProxyConfiguration.java:51)
	at Capstone.Project.Website@1.0-SNAPSHOT/starter.pages.AppointmentPage$ByteBuddy$5Q5V0Zb5.validateGeneralAppointment(Unknown Source)
	at Capstone.Project.Website@1.0-SNAPSHOT/starter.stepdefinitions.AppointmentSteps.iValidateTodayAppointmentOnlyShowGeneralDepartmentAppointment(AppointmentSteps.java:130)
	at âœ½.I validate Today Appointment only show General Department Appointment(file:///E:/My%20Documents/File%20Difa/TI%20Semester%206%20Kampus%20Merdeka%20Alterra/Tugas/CAPSTONE%20Project/Capstone-Project-Website/src/test/resources/features/1.Appointment.feature:75)
Caused by: org.openqa.selenium.TimeoutException: Expected condition failed: waiting for By.xpath: //body/div[@id='root']/div[1]/div[2]/div[2]/div[3]/div[1]/h3[1] to be displayed (tried for 5 second(s) with 100 milliseconds interval)
Build info: version: '4.1.2', revision: '9a5a329c5a'
System info: host: 'DELL', ip: '192.168.1.6', os.name: 'Windows 8.1', os.arch: 'amd64', os.version: '6.3', java.version: '15.0.2'
Driver info: driver.version: unknown
	at org.openqa.selenium.support.ui.FluentWait.timeoutException(FluentWait.java:263)
	at org.openqa.selenium.support.ui.FluentWait.until(FluentWait.java:231)
	at net.serenitybdd.core.pages.WebElementFacadeImpl.checkPresenceOfWebElement(WebElementFacadeImpl.java:968)
	at net.serenitybdd.core.pages.WebElementFacadeImpl.waitUntilVisible(WebElementFacadeImpl.java:981)
	at Capstone.Project.Website@1.0-SNAPSHOT/starter.pages.AppointmentPage.validateGeneralAppointment(AppointmentPage.java:345)
	at Capstone.Project.Website@1.0-SNAPSHOT/starter.pages.AppointmentPage$ByteBuddy$5Q5V0Zb5.validateGeneralAppointment$accessor$J2UowYJ2(Unknown Source)
	at java.base/jdk.internal.reflect.NativeMethodAccessorImpl.invoke0(Native Method)
	at java.base/jdk.internal.reflect.NativeMethodAccessorImpl.invoke(NativeMethodAccessorImpl.java:64)
	at java.base/jdk.internal.reflect.DelegatingMethodAccessorImpl.invoke(DelegatingMethodAccessorImpl.java:43)
	at java.base/java.lang.reflect.Method.invoke(Method.java:564)
	at net.thucydides.core.steps.StepInterceptor.invokeMethod(StepInterceptor.java:503)
	at net.thucydides.core.steps.StepInterceptor.executeTestStepMethod(StepInterceptor.java:483)
	at net.thucydides.core.steps.StepInterceptor.runTestStep(StepInterceptor.java:457)
	at net.thucydides.core.steps.StepInterceptor.runOrSkipMethod(StepInterceptor.java:209)
	at net.thucydides.core.steps.StepInterceptor.testStepResult(StepInterceptor.java:196)
	at net.thucydides.core.steps.StepInterceptor.intercept(StepInterceptor.java:84)
	at net.thucydides.core.steps.ProxyConfiguration$InterceptorDispatcher.intercept(ProxyConfiguration.java:51)
	at Capstone.Project.Website@1.0-SNAPSHOT/starter.pages.AppointmentPage$ByteBuddy$5Q5V0Zb5.validateGeneralAppointment(Unknown Source)
	at Capstone.Project.Website@1.0-SNAPSHOT/starter.stepdefinitions.AppointmentSteps.iValidateTodayAppointmentOnlyShowGeneralDepartmentAppointment(AppointmentSteps.java:130)
	at java.base/jdk.internal.reflect.NativeMethodAccessorImpl.invoke0(Native Method)
	at java.base/jdk.internal.reflect.NativeMethodAccessorImpl.invoke(NativeMethodAccessorImpl.java:64)
	at java.base/jdk.internal.reflect.DelegatingMethodAccessorImpl.invoke(DelegatingMethodAccessorImpl.java:43)
	at java.base/java.lang.reflect.Method.invoke(Method.java:564)
	at io.cucumber.java.Invoker.doInvoke(Invoker.java:66)
	at io.cucumber.java.Invoker.invoke(Invoker.java:24)
	at io.cucumber.java.AbstractGlueDefinition.invokeMethod(AbstractGlueDefinition.java:47)
	at io.cucumber.java.JavaStepDefinition.execute(JavaStepDefinition.java:29)
	at io.cucumber.core.runner.CoreStepDefinition.execute(CoreStepDefinition.java:66)
	at io.cucumber.core.runner.PickleStepDefinitionMatch.runStep(PickleStepDefinitionMatch.java:63)
	at io.cucumber.core.runner.ExecutionMode$1.execute(ExecutionMode.java:10)
	at io.cucumber.core.runner.TestStep.executeStep(TestStep.java:86)
	at io.cucumber.core.runner.TestStep.run(TestStep.java:57)
	at io.cucumber.core.runner.PickleStepTestStep.run(PickleStepTestStep.java:51)
	at io.cucumber.core.runner.TestCase.run(TestCase.java:95)
	at io.cucumber.core.runner.Runner.runPickle(Runner.java:75)
	at io.cucumber.junit.PickleRunners$NoStepDescriptions.lambda$run$0(PickleRunners.java:151)
	at io.cucumber.core.runtime.CucumberExecutionContext.lambda$runTestCase$3(CucumberExecutionContext.java:151)
	at io.cucumber.core.runtime.RethrowingThrowableCollector.executeAndThrow(RethrowingThrowableCollector.java:23)
	at io.cucumber.core.runtime.CucumberExecutionContext.runTestCase(CucumberExecutionContext.java:151)
	at io.cucumber.junit.PickleRunners$NoStepDescriptions.run(PickleRunners.java:148)
	at io.cucumber.junit.FeatureRunner.runChild(FeatureRunner.java:144)
	at io.cucumber.junit.FeatureRunner.runChild(FeatureRunner.java:28)
	at org.junit.runners.ParentRunner$4.run(ParentRunner.java:331)
	at org.junit.runners.ParentRunner$1.schedule(ParentRunner.java:79)
	at org.junit.runners.ParentRunner.runChildren(ParentRunner.java:329)
	at org.junit.runners.ParentRunner.access$100(ParentRunner.java:66)
	at org.junit.runners.ParentRunner$2.evaluate(ParentRunner.java:293)
	at org.junit.runners.ParentRunner$3.evaluate(ParentRunner.java:306)
	at org.junit.runners.ParentRunner.run(ParentRunner.java:413)
	at io.cucumber.junit.FeatureRunner.run(FeatureRunner.java:137)
	at io.cucumber.junit.CucumberSerenityRunner.runChild(CucumberSerenityRunner.java:258)
	at io.cucumber.junit.CucumberSerenityRunner.runChild(CucumberSerenityRunner.java:58)
	at org.junit.runners.ParentRunner$4.run(ParentRunner.java:331)
	at org.junit.runners.ParentRunner$1.schedule(ParentRunner.java:79)
	at org.junit.runners.ParentRunner.runChildren(ParentRunner.java:329)
	at org.junit.runners.ParentRunner.access$100(ParentRunner.java:66)
	at org.junit.runners.ParentRunner$2.evaluate(ParentRunner.java:293)
	at io.cucumber.junit.CucumberSerenityRunner$RunCucumber.evaluate(CucumberSerenityRunner.java:287)
	at org.junit.runners.ParentRunner$3.evaluate(ParentRunner.java:306)
	at org.junit.runners.ParentRunner.run(ParentRunner.java:413)
	at org.junit.runner.JUnitCore.run(JUnitCore.java:137)
	at org.junit.runner.JUnitCore.run(JUnitCore.java:115)
	at org.junit.vintage.engine.execution.RunnerExecutor.execute(RunnerExecutor.java:42)
	at org.junit.vintage.engine.VintageTestEngine.executeAllChildren(VintageTestEngine.java:80)
	at org.junit.vintage.engine.VintageTestEngine.execute(VintageTestEngine.java:72)
	at org.junit.platform.launcher.core.EngineExecutionOrchestrator.execute(EngineExecutionOrchestrator.java:107)
	at org.junit.platform.launcher.core.EngineExecutionOrchestrator.execute(EngineExecutionOrchestrator.java:88)
	at org.junit.platform.launcher.core.EngineExecutionOrchestrator.lambda$execute$0(EngineExecutionOrchestrator.java:54)
	at org.junit.platform.launcher.core.EngineExecutionOrchestrator.withInterceptedStreams(EngineExecutionOrchestrator.java:67)
	at org.junit.platform.launcher.core.EngineExecutionOrchestrator.execute(EngineExecutionOrchestrator.java:52)
	at org.junit.platform.launcher.core.DefaultLauncher.execute(DefaultLauncher.java:114)
	at org.junit.platform.launcher.core.DefaultLauncher.execute(DefaultLauncher.java:86)
	at org.junit.platform.launcher.core.DefaultLauncherSession$DelegatingLauncher.execute(DefaultLauncherSession.java:86)
	at org.junit.platform.launcher.core.SessionPerRequestLauncher.execute(SessionPerRequestLauncher.java:53)
	at org.apache.maven.surefire.junitplatform.JUnitPlatformProvider.execute(JUnitPlatformProvider.java:188)
	at org.apache.maven.surefire.junitplatform.JUnitPlatformProvider.invokeAllTests(JUnitPlatformProvider.java:154)
	at org.apache.maven.surefire.junitplatform.JUnitPlatformProvider.invoke(JUnitPlatformProvider.java:128)
	at org.apache.maven.surefire.booter.ForkedBooter.runSuitesInProcess(ForkedBooter.java:428)
	at org.apache.maven.surefire.booter.ForkedBooter.execute(ForkedBooter.java:162)
	at org.apache.maven.surefire.booter.ForkedBooter.run(ForkedBooter.java:562)
	at org.apache.maven.surefire.booter.ForkedBooter.main(ForkedBooter.java:548)
&amp#27;[0m
10:43:54.353 [main] ERROR  - 
  _____   ___   ___   _____     ___   ___   ___    ___    ___ 
 |_   _| | __| / __| |_   _|   | __| | _ \ | _ \  / _ \  | _ \
   | |   | _|  \__ \   | |     | _|  |   / |   / | (_) | |   /
   |_|   |___| |___/   |_|     |___| |_|_\ |_|_\  \___/  |_|_\

Filter Appointment General Scenario
---------------------------------------------------------------
10:43:54.354 [main] DEBUG  - RELATED ISSUES: 
10:43:54.354 [main] ERROR  -     Test failed at step: Validate general appointment
10:43:54.354 [main] ERROR  -     Expected condition failed: waiting for By.xpath: //body/div[@id='root']/div[1]/div[2]/div[2]/div[3]/div[1]/h3[1] to be displayed (tried for 5 second(s) with 100 milliseconds interval)Build info: version: '4.1.2', revision: '9a5a329c5a'System info: host: 'DELL', ip: '192.168.1.6', os.name: 'Windows 8.1', os.arch: 'amd64', os.version: '6.3', java.version: '15.0.2'Driver info: driver.version: unknown
10:43:54.357 [AsyncHttpClient-1-9] DEBUG org.asynchttpclient.netty.handler.WebSocketHandler - Channel Closed: [id: 0xf931313d, L:/127.0.0.1:57390 ! R:localhost/127.0.0.1:57384] with attribute NettyResponseFuture{currentRetry=5,
	isDone=1,
	isCancelled=0,
	asyncHandler=org.asynchttpclient.ws.WebSocketUpgradeHandler@404533cf,
	nettyRequest=org.asynchttpclient.netty.request.NettyRequest@5878b432,
	future=java.util.concurrent.CompletableFuture@2d6c1f5a[Completed normally],
	uri=ws://localhost:57384/devtools/browser/e20521c1-e8a6-4f09-874c-bd9b443db2f2,
	keepAlive=true,
	redirectCount=0,
	timeoutsHolder=null,
	inAuth=0,
	touch=1655783019646}
10:43:54.358 [AsyncHttpClient-1-9] DEBUG org.asynchttpclient.netty.channel.ChannelManager - Closing Channel [id: 0xf931313d, L:/127.0.0.1:57390 ! R:localhost/127.0.0.1:57384] 
10:43:54.358 [Driver Command Executor] DEBUG org.asynchttpclient.netty.request.NettyRequestSender - Using pooled Channel '[id: 0x2d1ba5f5, L:/127.0.0.1:57383 - R:localhost/127.0.0.1:64410]' for 'DELETE' to 'http://localhost:64410/session/fda082f6517a08e78f785a222d91ad33'
10:43:54.358 [Driver Command Executor] DEBUG org.asynchttpclient.netty.request.NettyRequestSender - Using open Channel [id: 0x2d1ba5f5, L:/127.0.0.1:57383 - R:localhost/127.0.0.1:64410] for DELETE '/session/fda082f6517a08e78f785a222d91ad33'
10:43:55.264 [AsyncHttpClient-1-1] DEBUG org.asynchttpclient.netty.channel.DefaultChannelPool - Entry count for : http://localhost:57384 : 1
10:43:56.365 [AsyncHttpClient-1-1] DEBUG org.asynchttpclient.netty.channel.DefaultChannelPool - Entry count for : http://localhost:57384 : 1
10:43:56.524 [AsyncHttpClient-1-8] DEBUG org.asynchttpclient.netty.handler.HttpHandler - Unexpected I/O exception on channel [id: 0x4bd3e6ea, L:/127.0.0.1:57389 - R:localhost/127.0.0.1:57384]
java.net.SocketException: Connection reset
	at java.base/sun.nio.ch.SocketChannelImpl.throwConnectionReset(SocketChannelImpl.java:367)
	at java.base/sun.nio.ch.SocketChannelImpl.read(SocketChannelImpl.java:398)
	at io.netty.buffer.PooledByteBuf.setBytes(PooledByteBuf.java:258)
	at io.netty.buffer.AbstractByteBuf.writeBytes(AbstractByteBuf.java:1132)
	at io.netty.channel.socket.nio.NioSocketChannel.doReadBytes(NioSocketChannel.java:350)
	at io.netty.channel.nio.AbstractNioByteChannel$NioByteUnsafe.read(AbstractNioByteChannel.java:151)
	at io.netty.channel.nio.NioEventLoop.processSelectedKey(NioEventLoop.java:722)
	at io.netty.channel.nio.NioEventLoop.processSelectedKeysOptimized(NioEventLoop.java:658)
	at io.netty.channel.nio.NioEventLoop.processSelectedKeys(NioEventLoop.java:584)
	at io.netty.channel.nio.NioEventLoop.run(NioEventLoop.java:496)
	at io.netty.util.concurrent.SingleThreadEventExecutor$4.run(SingleThreadEventExecutor.java:986)
	at io.netty.util.internal.ThreadExecutorMap$2.run(ThreadExecutorMap.java:74)
	at io.netty.util.concurrent.FastThreadLocalRunnable.run(FastThreadLocalRunnable.java:30)
	at java.base/java.lang.Thread.run(Thread.java:832)
10:43:56.525 [AsyncHttpClient-1-8] DEBUG org.asynchttpclient.netty.channel.ChannelManager - Closing Channel [id: 0x4bd3e6ea, L:/127.0.0.1:57389 - R:localhost/127.0.0.1:57384] 
10:43:56.526 [AsyncHttpClient-1-8] DEBUG org.asynchttpclient.netty.handler.HttpHandler - Channel Closed: [id: 0x4bd3e6ea, L:/127.0.0.1:57389 ! R:localhost/127.0.0.1:57384] with attribute DISCARD
10:43:56.550 [AsyncHttpClient-1-7] DEBUG org.asynchttpclient.netty.handler.HttpHandler - 

Request DefaultFullHttpRequest(decodeResult: success, version: HTTP/1.1, content: EmptyByteBufBE)
DELETE /session/fda082f6517a08e78f785a222d91ad33 HTTP/1.1
User-Agent: selenium/4.1.2 (java windows)
Content-Type: application/json; charset=utf-8
host: localhost:64410
accept: */*

Response DefaultHttpResponse(decodeResult: success, version: HTTP/1.1)
HTTP/1.1 200 OK
Content-Type: application/json; charset=utf-8
cache-control: no-cache
content-length: 14

10:43:56.551 [AsyncHttpClient-1-7] DEBUG org.asynchttpclient.netty.channel.ChannelManager - Adding key: http://localhost:64410 for channel [id: 0x2d1ba5f5, L:/127.0.0.1:57383 - R:localhost/127.0.0.1:64410]
10:43:56.693 [AsyncHttpClient-1-7] DEBUG org.asynchttpclient.netty.handler.HttpHandler - Channel Closed: [id: 0x2d1ba5f5, L:/127.0.0.1:57383 ! R:localhost/127.0.0.1:64410] with attribute DISCARD
]]></system-out>
    <system-err><![CDATA[Starting ChromeDriver 102.0.5005.61 (0e59bcc00cc4985ce39ad31c150065f159d95ad3-refs/branch-heads/5005@{#819}) on port 64410
Only local connections are allowed.
Please see https://chromedriver.chromium.org/security-considerations for suggestions on keeping ChromeDriver safe.
ChromeDriver was started successfully.
Jun 21, 2022 10:43:39 AM org.openqa.selenium.remote.ProtocolHandshake createSession
INFO: Detected dialect: W3C
Jun 21, 2022 10:43:39 AM org.openqa.selenium.devtools.CdpVersionFinder findNearestMatch
WARNING: Unable to find an exact match for CDP version 102, so returning the closest version found: a no-op implementation
Jun 21, 2022 10:43:39 AM org.openqa.selenium.devtools.CdpVersionFinder findNearestMatch
INFO: Unable to find CDP implementation matching 102.
Jun 21, 2022 10:43:39 AM org.openqa.selenium.chromium.ChromiumDriver lambda$new$3
WARNING: Unable to find version of CDP to use for . You may need to include a dependency on a specific version of the CDP using something similar to `org.seleniumhq.selenium:selenium-devtools-v86:4.1.2` where the version ("v86") matches the version of the chromium-based browser you're using and the version number of the artifact is the same as Selenium's.
]]></system-err>
  </testcase>
  <testcase name="Filter Appointment Neurology Scenario" classname="Appointment" time="19.241">
    <error type="org.openqa.selenium.NoSuchElementException"><![CDATA[org.openqa.selenium.NoSuchElementException: 
Expected condition failed: waiting for By.xpath: //body/div[@id='root']/div[1]/div[2]/div[2]/div[3]/div[1]/h3[1] to be displayed (tried for 5 second(s) with 100 milliseconds interval)
Build info: version: '4.1.2', revision: '9a5a329c5a'
System info: host: 'DELL', ip: '192.168.1.6', os.name: 'Windows 8.1', os.arch: 'amd64', os.version: '6.3', java.version: '15.0.2'
Driver info: driver.version: unknown
Caused by: org.openqa.selenium.TimeoutException: 
Expected condition failed: waiting for By.xpath: //body/div[@id='root']/div[1]/div[2]/div[2]/div[3]/div[1]/h3[1] to be displayed (tried for 5 second(s) with 100 milliseconds interval)
Build info: version: '4.1.2', revision: '9a5a329c5a'
System info: host: 'DELL', ip: '192.168.1.6', os.name: 'Windows 8.1', os.arch: 'amd64', os.version: '6.3', java.version: '15.0.2'
Driver info: driver.version: unknown
]]></error>
    <system-out><![CDATA[
@Appointment @FilterAppointmentNeurology
Scenario: Filter Appointment Neurology Scenario                                &amp#27;[90m# src/test/resources/features/1.Appointment.feature:79&amp#27;[0m
10:43:57.249 [main] INFO io.cucumber.core.plugin.SerenityReporter - Running feature from file:///E:/My%20Documents/File%20Difa/TI%20Semester%206%20Kampus%20Merdeka%20Alterra/Tugas/CAPSTONE%20Project/Capstone-Project-Website/src/test/resources/features/1.Appointment.feature
10:43:57.252 [main] INFO  - 
  _____   ___   ___   _____     ___   _____     _     ___   _____   ___   ___  
 |_   _| | __| / __| |_   _|   / __| |_   _|   /_\   | _ \ |_   _| | __| |   \ 
   | |   | _|  \__ \   | |     \__ \   | |    / _ \  |   /   | |   | _|  | |) |
   |_|   |___| |___/   |_|     |___/   |_|   /_/ \_\ |_|_\   |_|   |___| |___/ 

Filter Appointment Neurology Scenario(appointment;filter-appointment-neurology-scenario)
--------------------------------------------------------------------------------
10:43:57.277 [main] DEBUG net.thucydides.core.steps.StepInterceptor - STARTING STEP: DashboardSteps.iAmOnTheDashboardPage - openUrl
10:43:57.278 [main] INFO net.serenitybdd.core.webdriver.driverproviders.ChromeDriverProvider - Using automatically driver download
10:43:57.428 [main] DEBUG io.github.bonigarcia.wdm.cache.ResolutionCache - Resolution chrome=102 in cache (valid until 11:37:46 21/06/2022 ICT)
10:43:57.431 [main] DEBUG io.github.bonigarcia.wdm.cache.ResolutionCache - Resolution chrome102=102.0.5005.61 in cache (valid until 09:22:16 22/06/2022 ICT)
10:43:57.432 [main] INFO io.github.bonigarcia.wdm.WebDriverManager - Using chromedriver 102.0.5005.61 (resolved driver for Chrome 102)
10:43:57.465 [AsyncHttpClient-1-1] DEBUG org.asynchttpclient.netty.channel.DefaultChannelPool - Entry count for : http://localhost:57384 : 1
10:43:57.465 [AsyncHttpClient-1-1] DEBUG org.asynchttpclient.netty.channel.DefaultChannelPool - Entry count for : http://localhost:64410 : 1
10:43:57.465 [AsyncHttpClient-1-1] DEBUG org.asynchttpclient.netty.channel.DefaultChannelPool - Adding Candidate expired Channel [id: 0x4bd3e6ea, L:/127.0.0.1:57389 ! R:localhost/127.0.0.1:57384] isIdleTimeoutExpired=false isRemotelyClosed=true isTtlExpired=false
10:43:57.465 [AsyncHttpClient-1-1] DEBUG org.asynchttpclient.netty.channel.DefaultChannelPool - Closing Idle Channel [id: 0x4bd3e6ea, L:/127.0.0.1:57389 ! R:localhost/127.0.0.1:57384]
10:43:57.465 [AsyncHttpClient-1-1] DEBUG org.asynchttpclient.netty.channel.DefaultChannelPool - Adding Candidate expired Channel [id: 0x2d1ba5f5, L:/127.0.0.1:57383 ! R:localhost/127.0.0.1:64410] isIdleTimeoutExpired=false isRemotelyClosed=true isTtlExpired=false
10:43:57.465 [AsyncHttpClient-1-1] DEBUG org.asynchttpclient.netty.channel.DefaultChannelPool - Closing Idle Channel [id: 0x2d1ba5f5, L:/127.0.0.1:57383 ! R:localhost/127.0.0.1:64410]
10:43:57.465 [AsyncHttpClient-1-1] DEBUG org.asynchttpclient.netty.channel.DefaultChannelPool - Closed 2 connections out of 2 in 0 ms
10:43:57.507 [main] DEBUG io.github.bonigarcia.wdm.WebDriverManager - Driver chromedriver 102.0.5005.61 found in cache
10:43:57.507 [main] INFO io.github.bonigarcia.wdm.WebDriverManager - Exporting webdriver.chrome.driver as C:\Users\USER\.cache\selenium\chromedriver\win32\102.0.5005.61\chromedriver.exe
10:43:57.665 [main] DEBUG net.serenitybdd.core.webdriver.driverproviders.ProvideNewDriver - Instantiating driver
10:43:57.665 [main] DEBUG net.serenitybdd.core.webdriver.driverproviders.ProvideNewDriver - Driver capabilities: Capabilities {acceptInsecureCerts: false, base.url: https://hospital-management..., browserName: chrome, chrome.driver: src/test/resources/webdrive..., driver: chrome, goog:chromeOptions: {args: [], extensions: []}}
10:43:58.198 [AsyncHttpClient-1-2] DEBUG org.asynchttpclient.netty.channel.NettyConnectListener - Using new Channel '[id: 0xf42a1b61, L:/127.0.0.1:57427 - R:localhost/127.0.0.1:50059]' for 'POST' to '/session'
10:44:00.061 [AsyncHttpClient-1-2] DEBUG org.asynchttpclient.netty.handler.HttpHandler - 

Request DefaultHttpRequest(decodeResult: success, version: HTTP/1.1)
POST /session HTTP/1.1
User-Agent: selenium/4.1.2 (java windows)
Content-Length: 621
Content-Type: application/json; charset=utf-8
host: localhost:50059
accept: */*

Response DefaultHttpResponse(decodeResult: success, version: HTTP/1.1)
HTTP/1.1 200 OK
Content-Type: application/json; charset=utf-8
cache-control: no-cache
content-length: 789

10:44:00.062 [AsyncHttpClient-1-2] DEBUG org.asynchttpclient.netty.channel.ChannelManager - Adding key: http://localhost:50059 for channel [id: 0xf42a1b61, L:/127.0.0.1:57427 - R:localhost/127.0.0.1:50059]
10:44:00.079 [AsyncHttpClient-1-3] DEBUG org.asynchttpclient.netty.channel.NettyConnectListener - Using new Channel '[id: 0x206a0a54, L:/127.0.0.1:57434 - R:localhost/127.0.0.1:57428]' for 'GET' to '/json/version'
10:44:00.080 [AsyncHttpClient-1-3] DEBUG org.asynchttpclient.netty.handler.HttpHandler - 

Request DefaultFullHttpRequest(decodeResult: success, version: HTTP/1.1, content: EmptyByteBufBE)
GET /json/version HTTP/1.1
User-Agent: selenium/4.1.2 (java windows)
host: localhost:57428
accept: */*

Response DefaultHttpResponse(decodeResult: success, version: HTTP/1.1)
HTTP/1.1 200 OK
Content-Type: application/json; charset=UTF-8
content-length: 427

10:44:00.082 [AsyncHttpClient-1-3] DEBUG org.asynchttpclient.netty.channel.ChannelManager - Adding key: http://localhost:57428 for channel [id: 0x206a0a54, L:/127.0.0.1:57434 - R:localhost/127.0.0.1:57428]
10:44:00.088 [AsyncHttpClient-1-4] DEBUG org.asynchttpclient.netty.channel.NettyConnectListener - Using new Channel '[id: 0x1e167db3, L:/127.0.0.1:57435 - R:localhost/127.0.0.1:57428]' for 'GET' to '/devtools/browser/8a9bdc9b-02ce-493e-8b71-7d510d2f80d4'
10:44:00.090 [AsyncHttpClient-1-4] DEBUG org.asynchttpclient.netty.handler.WebSocketHandler - 

Request DefaultFullHttpRequest(decodeResult: success, version: HTTP/1.1, content: EmptyByteBufBE)
GET /devtools/browser/8a9bdc9b-02ce-493e-8b71-7d510d2f80d4 HTTP/1.1
upgrade: websocket
connection: upgrade
sec-websocket-key: l79989uMLn6nLC6B5VYrhw==
sec-websocket-version: 13
origin: http://localhost:57428
host: localhost:57428
accept: */*
user-agent: AHC/2.1

Response DefaultHttpResponse(decodeResult: success, version: HTTP/1.1)
HTTP/1.1 101 WebSocket Protocol Handshake
Upgrade: WebSocket
Connection: Upgrade
Sec-WebSocket-Accept: k5AnKjEfDr7BGCGNagVIYYCz8GE=

10:44:00.099 [Forwarding maximizeCurrentWindow on session c91df5e7484a82aa1eda6da674f10f05 to remote] DEBUG org.asynchttpclient.netty.request.NettyRequestSender - Using pooled Channel '[id: 0xf42a1b61, L:/127.0.0.1:57427 - R:localhost/127.0.0.1:50059]' for 'POST' to 'http://localhost:50059/session/c91df5e7484a82aa1eda6da674f10f05/window/maximize'
10:44:00.099 [Forwarding maximizeCurrentWindow on session c91df5e7484a82aa1eda6da674f10f05 to remote] DEBUG org.asynchttpclient.netty.request.NettyRequestSender - Using open Channel [id: 0xf42a1b61, L:/127.0.0.1:57427 - R:localhost/127.0.0.1:50059] for POST '/session/c91df5e7484a82aa1eda6da674f10f05/window/maximize'
10:44:00.267 [AsyncHttpClient-1-2] DEBUG org.asynchttpclient.netty.handler.HttpHandler - 

Request DefaultHttpRequest(decodeResult: success, version: HTTP/1.1)
POST /session/c91df5e7484a82aa1eda6da674f10f05/window/maximize HTTP/1.1
User-Agent: selenium/4.1.2 (java windows)
Content-Length: 3
Content-Type: application/json; charset=utf-8
host: localhost:50059
accept: */*

Response DefaultHttpResponse(decodeResult: success, version: HTTP/1.1)
HTTP/1.1 200 OK
Content-Type: application/json; charset=utf-8
cache-control: no-cache
content-length: 51

10:44:00.268 [AsyncHttpClient-1-2] DEBUG org.asynchttpclient.netty.channel.ChannelManager - Adding key: http://localhost:50059 for channel [id: 0xf42a1b61, L:/127.0.0.1:57427 - R:localhost/127.0.0.1:50059]
10:44:00.276 [Forwarding get on session c91df5e7484a82aa1eda6da674f10f05 to remote] DEBUG org.asynchttpclient.netty.request.NettyRequestSender - Using pooled Channel '[id: 0xf42a1b61, L:/127.0.0.1:57427 - R:localhost/127.0.0.1:50059]' for 'POST' to 'http://localhost:50059/session/c91df5e7484a82aa1eda6da674f10f05/url'
10:44:00.276 [Forwarding get on session c91df5e7484a82aa1eda6da674f10f05 to remote] DEBUG org.asynchttpclient.netty.request.NettyRequestSender - Using open Channel [id: 0xf42a1b61, L:/127.0.0.1:57427 - R:localhost/127.0.0.1:50059] for POST '/session/c91df5e7484a82aa1eda6da674f10f05/url'
10:44:00.764 [AsyncHttpClient-1-1] DEBUG org.asynchttpclient.netty.channel.DefaultChannelPool - Entry count for : http://localhost:57428 : 1
10:44:01.864 [AsyncHttpClient-1-1] DEBUG org.asynchttpclient.netty.channel.DefaultChannelPool - Entry count for : http://localhost:57428 : 1
10:44:02.964 [AsyncHttpClient-1-1] DEBUG org.asynchttpclient.netty.channel.DefaultChannelPool - Entry count for : http://localhost:57428 : 1
10:44:04.066 [AsyncHttpClient-1-1] DEBUG org.asynchttpclient.netty.channel.DefaultChannelPool - Entry count for : http://localhost:57428 : 1
10:44:05.164 [AsyncHttpClient-1-1] DEBUG org.asynchttpclient.netty.channel.DefaultChannelPool - Entry count for : http://localhost:57428 : 1
10:44:06.265 [AsyncHttpClient-1-1] DEBUG org.asynchttpclient.netty.channel.DefaultChannelPool - Entry count for : http://localhost:57428 : 1
10:44:06.503 [AsyncHttpClient-1-2] DEBUG org.asynchttpclient.netty.handler.HttpHandler - 

Request DefaultHttpRequest(decodeResult: success, version: HTTP/1.1)
POST /session/c91df5e7484a82aa1eda6da674f10f05/url HTTP/1.1
User-Agent: selenium/4.1.2 (java windows)
Content-Length: 65
Content-Type: application/json; charset=utf-8
host: localhost:50059
accept: */*

Response DefaultHttpResponse(decodeResult: success, version: HTTP/1.1)
HTTP/1.1 200 OK
Content-Type: application/json; charset=utf-8
cache-control: no-cache
content-length: 14

10:44:06.503 [AsyncHttpClient-1-2] DEBUG org.asynchttpclient.netty.channel.ChannelManager - Adding key: http://localhost:50059 for channel [id: 0xf42a1b61, L:/127.0.0.1:57427 - R:localhost/127.0.0.1:50059]
10:44:06.510 [Forwarding setTimeout on session c91df5e7484a82aa1eda6da674f10f05 to remote] DEBUG org.asynchttpclient.netty.request.NettyRequestSender - Using pooled Channel '[id: 0xf42a1b61, L:/127.0.0.1:57427 - R:localhost/127.0.0.1:50059]' for 'POST' to 'http://localhost:50059/session/c91df5e7484a82aa1eda6da674f10f05/timeouts'
10:44:06.510 [Forwarding setTimeout on session c91df5e7484a82aa1eda6da674f10f05 to remote] DEBUG org.asynchttpclient.netty.request.NettyRequestSender - Using open Channel [id: 0xf42a1b61, L:/127.0.0.1:57427 - R:localhost/127.0.0.1:50059] for POST '/session/c91df5e7484a82aa1eda6da674f10f05/timeouts'
10:44:06.524 [AsyncHttpClient-1-2] DEBUG org.asynchttpclient.netty.handler.HttpHandler - 

Request DefaultHttpRequest(decodeResult: success, version: HTTP/1.1)
POST /session/c91df5e7484a82aa1eda6da674f10f05/timeouts HTTP/1.1
User-Agent: selenium/4.1.2 (java windows)
Content-Length: 22
Content-Type: application/json; charset=utf-8
host: localhost:50059
accept: */*

Response DefaultHttpResponse(decodeResult: success, version: HTTP/1.1)
HTTP/1.1 200 OK
Content-Type: application/json; charset=utf-8
cache-control: no-cache
content-length: 14

10:44:06.524 [AsyncHttpClient-1-2] DEBUG org.asynchttpclient.netty.channel.ChannelManager - Adding key: http://localhost:50059 for channel [id: 0xf42a1b61, L:/127.0.0.1:57427 - R:localhost/127.0.0.1:50059]
10:44:06.532 [Forwarding getCurrentUrl on session c91df5e7484a82aa1eda6da674f10f05 to remote] DEBUG org.asynchttpclient.netty.request.NettyRequestSender - Using pooled Channel '[id: 0xf42a1b61, L:/127.0.0.1:57427 - R:localhost/127.0.0.1:50059]' for 'GET' to 'http://localhost:50059/session/c91df5e7484a82aa1eda6da674f10f05/url'
10:44:06.533 [Forwarding getCurrentUrl on session c91df5e7484a82aa1eda6da674f10f05 to remote] DEBUG org.asynchttpclient.netty.request.NettyRequestSender - Using open Channel [id: 0xf42a1b61, L:/127.0.0.1:57427 - R:localhost/127.0.0.1:50059] for GET '/session/c91df5e7484a82aa1eda6da674f10f05/url'
10:44:06.540 [AsyncHttpClient-1-2] DEBUG org.asynchttpclient.netty.handler.HttpHandler - 

Request DefaultFullHttpRequest(decodeResult: success, version: HTTP/1.1, content: EmptyByteBufBE)
GET /session/c91df5e7484a82aa1eda6da674f10f05/url HTTP/1.1
User-Agent: selenium/4.1.2 (java windows)
Cache-Control: no-cache
Content-Type: application/json; charset=utf-8
host: localhost:50059
accept: */*

Response DefaultHttpResponse(decodeResult: success, version: HTTP/1.1)
HTTP/1.1 200 OK
Content-Type: application/json; charset=utf-8
cache-control: no-cache
content-length: 53

10:44:06.541 [AsyncHttpClient-1-2] DEBUG org.asynchttpclient.netty.channel.ChannelManager - Adding key: http://localhost:50059 for channel [id: 0xf42a1b61, L:/127.0.0.1:57427 - R:localhost/127.0.0.1:50059]
10:44:06.547 [Forwarding getCurrentUrl on session c91df5e7484a82aa1eda6da674f10f05 to remote] DEBUG org.asynchttpclient.netty.request.NettyRequestSender - Using pooled Channel '[id: 0xf42a1b61, L:/127.0.0.1:57427 - R:localhost/127.0.0.1:50059]' for 'GET' to 'http://localhost:50059/session/c91df5e7484a82aa1eda6da674f10f05/url'
10:44:06.547 [Forwarding getCurrentUrl on session c91df5e7484a82aa1eda6da674f10f05 to remote] DEBUG org.asynchttpclient.netty.request.NettyRequestSender - Using open Channel [id: 0xf42a1b61, L:/127.0.0.1:57427 - R:localhost/127.0.0.1:50059] for GET '/session/c91df5e7484a82aa1eda6da674f10f05/url'
10:44:06.552 [AsyncHttpClient-1-2] DEBUG org.asynchttpclient.netty.handler.HttpHandler - 

Request DefaultFullHttpRequest(decodeResult: success, version: HTTP/1.1, content: EmptyByteBufBE)
GET /session/c91df5e7484a82aa1eda6da674f10f05/url HTTP/1.1
User-Agent: selenium/4.1.2 (java windows)
Cache-Control: no-cache
Content-Type: application/json; charset=utf-8
host: localhost:50059
accept: */*

Response DefaultHttpResponse(decodeResult: success, version: HTTP/1.1)
HTTP/1.1 200 OK
Content-Type: application/json; charset=utf-8
cache-control: no-cache
content-length: 53

10:44:06.552 [AsyncHttpClient-1-2] DEBUG org.asynchttpclient.netty.channel.ChannelManager - Adding key: http://localhost:50059 for channel [id: 0xf42a1b61, L:/127.0.0.1:57427 - R:localhost/127.0.0.1:50059]
10:44:06.562 [Forwarding screenshot on session c91df5e7484a82aa1eda6da674f10f05 to remote] DEBUG org.asynchttpclient.netty.request.NettyRequestSender - Using pooled Channel '[id: 0xf42a1b61, L:/127.0.0.1:57427 - R:localhost/127.0.0.1:50059]' for 'GET' to 'http://localhost:50059/session/c91df5e7484a82aa1eda6da674f10f05/screenshot'
10:44:06.562 [Forwarding screenshot on session c91df5e7484a82aa1eda6da674f10f05 to remote] DEBUG org.asynchttpclient.netty.request.NettyRequestSender - Using open Channel [id: 0xf42a1b61, L:/127.0.0.1:57427 - R:localhost/127.0.0.1:50059] for GET '/session/c91df5e7484a82aa1eda6da674f10f05/screenshot'
10:44:06.932 [AsyncHttpClient-1-2] DEBUG org.asynchttpclient.netty.handler.HttpHandler - 

Request DefaultFullHttpRequest(decodeResult: success, version: HTTP/1.1, content: EmptyByteBufBE)
GET /session/c91df5e7484a82aa1eda6da674f10f05/screenshot HTTP/1.1
User-Agent: selenium/4.1.2 (java windows)
Cache-Control: no-cache
Content-Type: application/json; charset=utf-8
host: localhost:50059
accept: */*

Response DefaultHttpResponse(decodeResult: success, version: HTTP/1.1)
HTTP/1.1 200 OK
Content-Type: application/json; charset=utf-8
cache-control: no-cache
content-length: 382596

10:44:06.937 [AsyncHttpClient-1-2] DEBUG org.asynchttpclient.netty.channel.ChannelManager - Adding key: http://localhost:50059 for channel [id: 0xf42a1b61, L:/127.0.0.1:57427 - R:localhost/127.0.0.1:50059]
10:44:06.982 [main] DEBUG net.serenitybdd.core.photography.Darkroom - Send negative for processing for target\site\serenity\ed15a54c91c342d96a850276df7b559f4526b370fc93040e3c407a48a170f368.png
10:44:06.983 [main] DEBUG net.thucydides.core.steps.StepInterceptor - STEP DONE: openUrl
10:44:06.996 [main] DEBUG net.thucydides.core.steps.StepInterceptor - STARTING STEP: DashboardSteps.iAmOnTheDashboardPage - validateOnDashboardPage
10:44:07.000 [Forwarding findElement on session c91df5e7484a82aa1eda6da674f10f05 to remote] DEBUG org.asynchttpclient.netty.request.NettyRequestSender - Using pooled Channel '[id: 0xf42a1b61, L:/127.0.0.1:57427 - R:localhost/127.0.0.1:50059]' for 'POST' to 'http://localhost:50059/session/c91df5e7484a82aa1eda6da674f10f05/element'
10:44:07.000 [Forwarding findElement on session c91df5e7484a82aa1eda6da674f10f05 to remote] DEBUG org.asynchttpclient.netty.request.NettyRequestSender - Using open Channel [id: 0xf42a1b61, L:/127.0.0.1:57427 - R:localhost/127.0.0.1:50059] for POST '/session/c91df5e7484a82aa1eda6da674f10f05/element'
10:44:07.046 [AsyncHttpClient-1-2] DEBUG org.asynchttpclient.netty.handler.HttpHandler - 

Request DefaultHttpRequest(decodeResult: success, version: HTTP/1.1)
POST /session/c91df5e7484a82aa1eda6da674f10f05/element HTTP/1.1
User-Agent: selenium/4.1.2 (java windows)
Content-Length: 81
Content-Type: application/json; charset=utf-8
host: localhost:50059
accept: */*

Response DefaultHttpResponse(decodeResult: success, version: HTTP/1.1)
HTTP/1.1 200 OK
Content-Type: application/json; charset=utf-8
cache-control: no-cache
content-length: 88

10:44:07.047 [AsyncHttpClient-1-2] DEBUG org.asynchttpclient.netty.channel.ChannelManager - Adding key: http://localhost:50059 for channel [id: 0xf42a1b61, L:/127.0.0.1:57427 - R:localhost/127.0.0.1:50059]
10:44:07.054 [Forwarding isElementDisplayed on session c91df5e7484a82aa1eda6da674f10f05 to remote] DEBUG org.asynchttpclient.netty.request.NettyRequestSender - Using pooled Channel '[id: 0xf42a1b61, L:/127.0.0.1:57427 - R:localhost/127.0.0.1:50059]' for 'POST' to 'http://localhost:50059/session/c91df5e7484a82aa1eda6da674f10f05/execute/sync'
10:44:07.054 [Forwarding isElementDisplayed on session c91df5e7484a82aa1eda6da674f10f05 to remote] DEBUG org.asynchttpclient.netty.request.NettyRequestSender - Using open Channel [id: 0xf42a1b61, L:/127.0.0.1:57427 - R:localhost/127.0.0.1:50059] for POST '/session/c91df5e7484a82aa1eda6da674f10f05/execute/sync'
10:44:08.115 [AsyncHttpClient-1-1] DEBUG org.asynchttpclient.netty.channel.DefaultChannelPool - Entry count for : http://localhost:57428 : 1
10:44:08.159 [AsyncHttpClient-1-2] DEBUG org.asynchttpclient.netty.handler.HttpHandler - 

Request DefaultHttpRequest(decodeResult: success, version: HTTP/1.1)
POST /session/c91df5e7484a82aa1eda6da674f10f05/execute/sync HTTP/1.1
User-Agent: selenium/4.1.2 (java windows)
Content-Length: 48780
Content-Type: application/json; charset=utf-8
host: localhost:50059
accept: */*

Response DefaultHttpResponse(decodeResult: success, version: HTTP/1.1)
HTTP/1.1 200 OK
Content-Type: application/json; charset=utf-8
cache-control: no-cache
content-length: 14

10:44:08.159 [AsyncHttpClient-1-2] DEBUG org.asynchttpclient.netty.channel.ChannelManager - Adding key: http://localhost:50059 for channel [id: 0xf42a1b61, L:/127.0.0.1:57427 - R:localhost/127.0.0.1:50059]
10:44:08.169 [Forwarding screenshot on session c91df5e7484a82aa1eda6da674f10f05 to remote] DEBUG org.asynchttpclient.netty.request.NettyRequestSender - Using pooled Channel '[id: 0xf42a1b61, L:/127.0.0.1:57427 - R:localhost/127.0.0.1:50059]' for 'GET' to 'http://localhost:50059/session/c91df5e7484a82aa1eda6da674f10f05/screenshot'
10:44:08.169 [Forwarding screenshot on session c91df5e7484a82aa1eda6da674f10f05 to remote] DEBUG org.asynchttpclient.netty.request.NettyRequestSender - Using open Channel [id: 0xf42a1b61, L:/127.0.0.1:57427 - R:localhost/127.0.0.1:50059] for GET '/session/c91df5e7484a82aa1eda6da674f10f05/screenshot'
10:44:08.580 [AsyncHttpClient-1-2] DEBUG org.asynchttpclient.netty.handler.HttpHandler - 

Request DefaultFullHttpRequest(decodeResult: success, version: HTTP/1.1, content: EmptyByteBufBE)
GET /session/c91df5e7484a82aa1eda6da674f10f05/screenshot HTTP/1.1
User-Agent: selenium/4.1.2 (java windows)
Cache-Control: no-cache
Content-Type: application/json; charset=utf-8
host: localhost:50059
accept: */*

Response DefaultHttpResponse(decodeResult: success, version: HTTP/1.1)
HTTP/1.1 200 OK
Content-Type: application/json; charset=utf-8
cache-control: no-cache
content-length: 351816

10:44:08.583 [AsyncHttpClient-1-2] DEBUG org.asynchttpclient.netty.channel.ChannelManager - Adding key: http://localhost:50059 for channel [id: 0xf42a1b61, L:/127.0.0.1:57427 - R:localhost/127.0.0.1:50059]
10:44:08.610 [main] DEBUG net.serenitybdd.core.photography.Darkroom - Send negative for processing for target\site\serenity\20277f1d76f1b925628464fcd1ece5de77a814679d1be3fdcf836a7ddadfed60.png
10:44:08.611 [main] DEBUG net.thucydides.core.steps.StepInterceptor - STEP DONE: validateOnDashboardPage
  &amp#27;[32mGiven &amp#27;[0m&amp#27;[32mI am on the dashboard page&amp#27;[0m                                             &amp#27;[90m# starter.stepdefinitions.DashboardSteps.iAmOnTheDashboardPage()&amp#27;[0m
10:44:08.647 [main] DEBUG net.thucydides.core.steps.StepInterceptor - STARTING STEP: AppointmentSteps.iClickMenuAppointment - clickMenuAppointmentButton
10:44:08.653 [Forwarding findElement on session c91df5e7484a82aa1eda6da674f10f05 to remote] DEBUG org.asynchttpclient.netty.request.NettyRequestSender - Using pooled Channel '[id: 0xf42a1b61, L:/127.0.0.1:57427 - R:localhost/127.0.0.1:50059]' for 'POST' to 'http://localhost:50059/session/c91df5e7484a82aa1eda6da674f10f05/element'
10:44:08.653 [Forwarding findElement on session c91df5e7484a82aa1eda6da674f10f05 to remote] DEBUG org.asynchttpclient.netty.request.NettyRequestSender - Using open Channel [id: 0xf42a1b61, L:/127.0.0.1:57427 - R:localhost/127.0.0.1:50059] for POST '/session/c91df5e7484a82aa1eda6da674f10f05/element'
10:44:08.679 [AsyncHttpClient-1-2] DEBUG org.asynchttpclient.netty.handler.HttpHandler - 

Request DefaultHttpRequest(decodeResult: success, version: HTTP/1.1)
POST /session/c91df5e7484a82aa1eda6da674f10f05/element HTTP/1.1
User-Agent: selenium/4.1.2 (java windows)
Content-Length: 84
Content-Type: application/json; charset=utf-8
host: localhost:50059
accept: */*

Response DefaultHttpResponse(decodeResult: success, version: HTTP/1.1)
HTTP/1.1 200 OK
Content-Type: application/json; charset=utf-8
cache-control: no-cache
content-length: 88

10:44:08.679 [AsyncHttpClient-1-2] DEBUG org.asynchttpclient.netty.channel.ChannelManager - Adding key: http://localhost:50059 for channel [id: 0xf42a1b61, L:/127.0.0.1:57427 - R:localhost/127.0.0.1:50059]
10:44:08.682 [Forwarding getElementTagName on session c91df5e7484a82aa1eda6da674f10f05 to remote] DEBUG org.asynchttpclient.netty.request.NettyRequestSender - Using pooled Channel '[id: 0xf42a1b61, L:/127.0.0.1:57427 - R:localhost/127.0.0.1:50059]' for 'GET' to 'http://localhost:50059/session/c91df5e7484a82aa1eda6da674f10f05/element/8e9f0186-b9ed-469d-a38d-e492ae6a0b65/name'
10:44:08.682 [Forwarding getElementTagName on session c91df5e7484a82aa1eda6da674f10f05 to remote] DEBUG org.asynchttpclient.netty.request.NettyRequestSender - Using open Channel [id: 0xf42a1b61, L:/127.0.0.1:57427 - R:localhost/127.0.0.1:50059] for GET '/session/c91df5e7484a82aa1eda6da674f10f05/element/8e9f0186-b9ed-469d-a38d-e492ae6a0b65/name'
10:44:08.694 [AsyncHttpClient-1-2] DEBUG org.asynchttpclient.netty.handler.HttpHandler - 

Request DefaultFullHttpRequest(decodeResult: success, version: HTTP/1.1, content: EmptyByteBufBE)
GET /session/c91df5e7484a82aa1eda6da674f10f05/element/8e9f0186-b9ed-469d-a38d-e492ae6a0b65/name HTTP/1.1
User-Agent: selenium/4.1.2 (java windows)
Cache-Control: no-cache
Content-Type: application/json; charset=utf-8
host: localhost:50059
accept: */*

Response DefaultHttpResponse(decodeResult: success, version: HTTP/1.1)
HTTP/1.1 200 OK
Content-Type: application/json; charset=utf-8
cache-control: no-cache
content-length: 15

10:44:08.694 [AsyncHttpClient-1-2] DEBUG org.asynchttpclient.netty.channel.ChannelManager - Adding key: http://localhost:50059 for channel [id: 0xf42a1b61, L:/127.0.0.1:57427 - R:localhost/127.0.0.1:50059]
10:44:08.696 [Forwarding getElementTagName on session c91df5e7484a82aa1eda6da674f10f05 to remote] DEBUG org.asynchttpclient.netty.request.NettyRequestSender - Using pooled Channel '[id: 0xf42a1b61, L:/127.0.0.1:57427 - R:localhost/127.0.0.1:50059]' for 'GET' to 'http://localhost:50059/session/c91df5e7484a82aa1eda6da674f10f05/element/8e9f0186-b9ed-469d-a38d-e492ae6a0b65/name'
10:44:08.696 [Forwarding getElementTagName on session c91df5e7484a82aa1eda6da674f10f05 to remote] DEBUG org.asynchttpclient.netty.request.NettyRequestSender - Using open Channel [id: 0xf42a1b61, L:/127.0.0.1:57427 - R:localhost/127.0.0.1:50059] for GET '/session/c91df5e7484a82aa1eda6da674f10f05/element/8e9f0186-b9ed-469d-a38d-e492ae6a0b65/name'
10:44:08.706 [AsyncHttpClient-1-2] DEBUG org.asynchttpclient.netty.handler.HttpHandler - 

Request DefaultFullHttpRequest(decodeResult: success, version: HTTP/1.1, content: EmptyByteBufBE)
GET /session/c91df5e7484a82aa1eda6da674f10f05/element/8e9f0186-b9ed-469d-a38d-e492ae6a0b65/name HTTP/1.1
User-Agent: selenium/4.1.2 (java windows)
Cache-Control: no-cache
Content-Type: application/json; charset=utf-8
host: localhost:50059
accept: */*

Response DefaultHttpResponse(decodeResult: success, version: HTTP/1.1)
HTTP/1.1 200 OK
Content-Type: application/json; charset=utf-8
cache-control: no-cache
content-length: 15

10:44:08.706 [AsyncHttpClient-1-2] DEBUG org.asynchttpclient.netty.channel.ChannelManager - Adding key: http://localhost:50059 for channel [id: 0xf42a1b61, L:/127.0.0.1:57427 - R:localhost/127.0.0.1:50059]
10:44:08.745 [Forwarding findElement on session c91df5e7484a82aa1eda6da674f10f05 to remote] DEBUG org.asynchttpclient.netty.request.NettyRequestSender - Using pooled Channel '[id: 0xf42a1b61, L:/127.0.0.1:57427 - R:localhost/127.0.0.1:50059]' for 'POST' to 'http://localhost:50059/session/c91df5e7484a82aa1eda6da674f10f05/element'
10:44:08.746 [Forwarding findElement on session c91df5e7484a82aa1eda6da674f10f05 to remote] DEBUG org.asynchttpclient.netty.request.NettyRequestSender - Using open Channel [id: 0xf42a1b61, L:/127.0.0.1:57427 - R:localhost/127.0.0.1:50059] for POST '/session/c91df5e7484a82aa1eda6da674f10f05/element'
10:44:08.767 [AsyncHttpClient-1-2] DEBUG org.asynchttpclient.netty.handler.HttpHandler - 

Request DefaultHttpRequest(decodeResult: success, version: HTTP/1.1)
POST /session/c91df5e7484a82aa1eda6da674f10f05/element HTTP/1.1
User-Agent: selenium/4.1.2 (java windows)
Content-Length: 84
Content-Type: application/json; charset=utf-8
host: localhost:50059
accept: */*

Response DefaultHttpResponse(decodeResult: success, version: HTTP/1.1)
HTTP/1.1 200 OK
Content-Type: application/json; charset=utf-8
cache-control: no-cache
content-length: 88

10:44:08.767 [AsyncHttpClient-1-2] DEBUG org.asynchttpclient.netty.channel.ChannelManager - Adding key: http://localhost:50059 for channel [id: 0xf42a1b61, L:/127.0.0.1:57427 - R:localhost/127.0.0.1:50059]
10:44:08.769 [Forwarding clickElement on session c91df5e7484a82aa1eda6da674f10f05 to remote] DEBUG org.asynchttpclient.netty.request.NettyRequestSender - Using pooled Channel '[id: 0xf42a1b61, L:/127.0.0.1:57427 - R:localhost/127.0.0.1:50059]' for 'POST' to 'http://localhost:50059/session/c91df5e7484a82aa1eda6da674f10f05/element/8e9f0186-b9ed-469d-a38d-e492ae6a0b65/click'
10:44:08.769 [Forwarding clickElement on session c91df5e7484a82aa1eda6da674f10f05 to remote] DEBUG org.asynchttpclient.netty.request.NettyRequestSender - Using open Channel [id: 0xf42a1b61, L:/127.0.0.1:57427 - R:localhost/127.0.0.1:50059] for POST '/session/c91df5e7484a82aa1eda6da674f10f05/element/8e9f0186-b9ed-469d-a38d-e492ae6a0b65/click'
10:44:09.053 [AsyncHttpClient-1-2] DEBUG org.asynchttpclient.netty.handler.HttpHandler - 

Request DefaultHttpRequest(decodeResult: success, version: HTTP/1.1)
POST /session/c91df5e7484a82aa1eda6da674f10f05/element/8e9f0186-b9ed-469d-a38d-e492ae6a0b65/click HTTP/1.1
User-Agent: selenium/4.1.2 (java windows)
Content-Length: 50
Content-Type: application/json; charset=utf-8
host: localhost:50059
accept: */*

Response DefaultHttpResponse(decodeResult: success, version: HTTP/1.1)
HTTP/1.1 200 OK
Content-Type: application/json; charset=utf-8
cache-control: no-cache
content-length: 14

10:44:09.053 [AsyncHttpClient-1-2] DEBUG org.asynchttpclient.netty.channel.ChannelManager - Adding key: http://localhost:50059 for channel [id: 0xf42a1b61, L:/127.0.0.1:57427 - R:localhost/127.0.0.1:50059]
10:44:09.066 [Forwarding screenshot on session c91df5e7484a82aa1eda6da674f10f05 to remote] DEBUG org.asynchttpclient.netty.request.NettyRequestSender - Using pooled Channel '[id: 0xf42a1b61, L:/127.0.0.1:57427 - R:localhost/127.0.0.1:50059]' for 'GET' to 'http://localhost:50059/session/c91df5e7484a82aa1eda6da674f10f05/screenshot'
10:44:09.066 [Forwarding screenshot on session c91df5e7484a82aa1eda6da674f10f05 to remote] DEBUG org.asynchttpclient.netty.request.NettyRequestSender - Using open Channel [id: 0xf42a1b61, L:/127.0.0.1:57427 - R:localhost/127.0.0.1:50059] for GET '/session/c91df5e7484a82aa1eda6da674f10f05/screenshot'
10:44:09.164 [AsyncHttpClient-1-1] DEBUG org.asynchttpclient.netty.channel.DefaultChannelPool - Entry count for : http://localhost:57428 : 1
10:44:09.249 [AsyncHttpClient-1-2] DEBUG org.asynchttpclient.netty.handler.HttpHandler - 

Request DefaultFullHttpRequest(decodeResult: success, version: HTTP/1.1, content: EmptyByteBufBE)
GET /session/c91df5e7484a82aa1eda6da674f10f05/screenshot HTTP/1.1
User-Agent: selenium/4.1.2 (java windows)
Cache-Control: no-cache
Content-Type: application/json; charset=utf-8
host: localhost:50059
accept: */*

Response DefaultHttpResponse(decodeResult: success, version: HTTP/1.1)
HTTP/1.1 200 OK
Content-Type: application/json; charset=utf-8
cache-control: no-cache
content-length: 77828

10:44:09.250 [AsyncHttpClient-1-2] DEBUG org.asynchttpclient.netty.channel.ChannelManager - Adding key: http://localhost:50059 for channel [id: 0xf42a1b61, L:/127.0.0.1:57427 - R:localhost/127.0.0.1:50059]
10:44:09.257 [main] DEBUG net.serenitybdd.core.photography.Darkroom - Send negative for processing for target\site\serenity\df826b641c90eb1ab20acaff6bb6a243fb9749f2ec822fc536a67da27d3ac00b.png
10:44:09.257 [main] DEBUG net.thucydides.core.steps.StepInterceptor - STEP DONE: clickMenuAppointmentButton
  &amp#27;[32mAnd &amp#27;[0m&amp#27;[32mI click menu Appointment&amp#27;[0m                                                 &amp#27;[90m# starter.stepdefinitions.AppointmentSteps.iClickMenuAppointment()&amp#27;[0m
10:44:09.257 [Darkroom Processing Line] DEBUG net.serenitybdd.core.photography.DarkroomProcessingLine - Processing screenshot image in /var/screenshots/screenshot-8209378163855261980
10:44:09.257 [Darkroom Processing Line] DEBUG net.serenitybdd.core.photography.DarkroomProcessingLine - Saving screenshot to target\site\serenity\df826b641c90eb1ab20acaff6bb6a243fb9749f2ec822fc536a67da27d3ac00b.png
10:44:09.286 [main] DEBUG net.thucydides.core.steps.StepInterceptor - STARTING STEP: AppointmentSteps.iClickAppointmentDepartmentDropdown - clickFilterDropdown
10:44:09.294 [Forwarding findElement on session c91df5e7484a82aa1eda6da674f10f05 to remote] DEBUG org.asynchttpclient.netty.request.NettyRequestSender - Using pooled Channel '[id: 0xf42a1b61, L:/127.0.0.1:57427 - R:localhost/127.0.0.1:50059]' for 'POST' to 'http://localhost:50059/session/c91df5e7484a82aa1eda6da674f10f05/element'
10:44:09.294 [Forwarding findElement on session c91df5e7484a82aa1eda6da674f10f05 to remote] DEBUG org.asynchttpclient.netty.request.NettyRequestSender - Using open Channel [id: 0xf42a1b61, L:/127.0.0.1:57427 - R:localhost/127.0.0.1:50059] for POST '/session/c91df5e7484a82aa1eda6da674f10f05/element'
10:44:09.315 [AsyncHttpClient-1-2] DEBUG org.asynchttpclient.netty.handler.HttpHandler - 

Request DefaultHttpRequest(decodeResult: success, version: HTTP/1.1)
POST /session/c91df5e7484a82aa1eda6da674f10f05/element HTTP/1.1
User-Agent: selenium/4.1.2 (java windows)
Content-Length: 146
Content-Type: application/json; charset=utf-8
host: localhost:50059
accept: */*

Response DefaultHttpResponse(decodeResult: success, version: HTTP/1.1)
HTTP/1.1 200 OK
Content-Type: application/json; charset=utf-8
cache-control: no-cache
content-length: 88

10:44:09.316 [AsyncHttpClient-1-2] DEBUG org.asynchttpclient.netty.channel.ChannelManager - Adding key: http://localhost:50059 for channel [id: 0xf42a1b61, L:/127.0.0.1:57427 - R:localhost/127.0.0.1:50059]
10:44:09.318 [Forwarding getElementTagName on session c91df5e7484a82aa1eda6da674f10f05 to remote] DEBUG org.asynchttpclient.netty.request.NettyRequestSender - Using pooled Channel '[id: 0xf42a1b61, L:/127.0.0.1:57427 - R:localhost/127.0.0.1:50059]' for 'GET' to 'http://localhost:50059/session/c91df5e7484a82aa1eda6da674f10f05/element/e714a86d-5852-46d4-bb76-33736cf7ff4b/name'
10:44:09.318 [Forwarding getElementTagName on session c91df5e7484a82aa1eda6da674f10f05 to remote] DEBUG org.asynchttpclient.netty.request.NettyRequestSender - Using open Channel [id: 0xf42a1b61, L:/127.0.0.1:57427 - R:localhost/127.0.0.1:50059] for GET '/session/c91df5e7484a82aa1eda6da674f10f05/element/e714a86d-5852-46d4-bb76-33736cf7ff4b/name'
10:44:09.325 [AsyncHttpClient-1-2] DEBUG org.asynchttpclient.netty.handler.HttpHandler - 

Request DefaultFullHttpRequest(decodeResult: success, version: HTTP/1.1, content: EmptyByteBufBE)
GET /session/c91df5e7484a82aa1eda6da674f10f05/element/e714a86d-5852-46d4-bb76-33736cf7ff4b/name HTTP/1.1
User-Agent: selenium/4.1.2 (java windows)
Cache-Control: no-cache
Content-Type: application/json; charset=utf-8
host: localhost:50059
accept: */*

Response DefaultHttpResponse(decodeResult: success, version: HTTP/1.1)
HTTP/1.1 200 OK
Content-Type: application/json; charset=utf-8
cache-control: no-cache
content-length: 15

10:44:09.326 [AsyncHttpClient-1-2] DEBUG org.asynchttpclient.netty.channel.ChannelManager - Adding key: http://localhost:50059 for channel [id: 0xf42a1b61, L:/127.0.0.1:57427 - R:localhost/127.0.0.1:50059]
10:44:09.328 [Forwarding getElementTagName on session c91df5e7484a82aa1eda6da674f10f05 to remote] DEBUG org.asynchttpclient.netty.request.NettyRequestSender - Using pooled Channel '[id: 0xf42a1b61, L:/127.0.0.1:57427 - R:localhost/127.0.0.1:50059]' for 'GET' to 'http://localhost:50059/session/c91df5e7484a82aa1eda6da674f10f05/element/e714a86d-5852-46d4-bb76-33736cf7ff4b/name'
10:44:09.328 [Forwarding getElementTagName on session c91df5e7484a82aa1eda6da674f10f05 to remote] DEBUG org.asynchttpclient.netty.request.NettyRequestSender - Using open Channel [id: 0xf42a1b61, L:/127.0.0.1:57427 - R:localhost/127.0.0.1:50059] for GET '/session/c91df5e7484a82aa1eda6da674f10f05/element/e714a86d-5852-46d4-bb76-33736cf7ff4b/name'
10:44:09.334 [AsyncHttpClient-1-2] DEBUG org.asynchttpclient.netty.handler.HttpHandler - 

Request DefaultFullHttpRequest(decodeResult: success, version: HTTP/1.1, content: EmptyByteBufBE)
GET /session/c91df5e7484a82aa1eda6da674f10f05/element/e714a86d-5852-46d4-bb76-33736cf7ff4b/name HTTP/1.1
User-Agent: selenium/4.1.2 (java windows)
Cache-Control: no-cache
Content-Type: application/json; charset=utf-8
host: localhost:50059
accept: */*

Response DefaultHttpResponse(decodeResult: success, version: HTTP/1.1)
HTTP/1.1 200 OK
Content-Type: application/json; charset=utf-8
cache-control: no-cache
content-length: 15

10:44:09.334 [AsyncHttpClient-1-2] DEBUG org.asynchttpclient.netty.channel.ChannelManager - Adding key: http://localhost:50059 for channel [id: 0xf42a1b61, L:/127.0.0.1:57427 - R:localhost/127.0.0.1:50059]
10:44:09.338 [Forwarding findElement on session c91df5e7484a82aa1eda6da674f10f05 to remote] DEBUG org.asynchttpclient.netty.request.NettyRequestSender - Using pooled Channel '[id: 0xf42a1b61, L:/127.0.0.1:57427 - R:localhost/127.0.0.1:50059]' for 'POST' to 'http://localhost:50059/session/c91df5e7484a82aa1eda6da674f10f05/element'
10:44:09.338 [Forwarding findElement on session c91df5e7484a82aa1eda6da674f10f05 to remote] DEBUG org.asynchttpclient.netty.request.NettyRequestSender - Using open Channel [id: 0xf42a1b61, L:/127.0.0.1:57427 - R:localhost/127.0.0.1:50059] for POST '/session/c91df5e7484a82aa1eda6da674f10f05/element'
10:44:09.351 [AsyncHttpClient-1-2] DEBUG org.asynchttpclient.netty.handler.HttpHandler - 

Request DefaultHttpRequest(decodeResult: success, version: HTTP/1.1)
POST /session/c91df5e7484a82aa1eda6da674f10f05/element HTTP/1.1
User-Agent: selenium/4.1.2 (java windows)
Content-Length: 146
Content-Type: application/json; charset=utf-8
host: localhost:50059
accept: */*

Response DefaultHttpResponse(decodeResult: success, version: HTTP/1.1)
HTTP/1.1 200 OK
Content-Type: application/json; charset=utf-8
cache-control: no-cache
content-length: 88

10:44:09.351 [AsyncHttpClient-1-2] DEBUG org.asynchttpclient.netty.channel.ChannelManager - Adding key: http://localhost:50059 for channel [id: 0xf42a1b61, L:/127.0.0.1:57427 - R:localhost/127.0.0.1:50059]
10:44:09.353 [Forwarding clickElement on session c91df5e7484a82aa1eda6da674f10f05 to remote] DEBUG org.asynchttpclient.netty.request.NettyRequestSender - Using pooled Channel '[id: 0xf42a1b61, L:/127.0.0.1:57427 - R:localhost/127.0.0.1:50059]' for 'POST' to 'http://localhost:50059/session/c91df5e7484a82aa1eda6da674f10f05/element/e714a86d-5852-46d4-bb76-33736cf7ff4b/click'
10:44:09.353 [Forwarding clickElement on session c91df5e7484a82aa1eda6da674f10f05 to remote] DEBUG org.asynchttpclient.netty.request.NettyRequestSender - Using open Channel [id: 0xf42a1b61, L:/127.0.0.1:57427 - R:localhost/127.0.0.1:50059] for POST '/session/c91df5e7484a82aa1eda6da674f10f05/element/e714a86d-5852-46d4-bb76-33736cf7ff4b/click'
10:44:09.484 [AsyncHttpClient-1-2] DEBUG org.asynchttpclient.netty.handler.HttpHandler - 

Request DefaultHttpRequest(decodeResult: success, version: HTTP/1.1)
POST /session/c91df5e7484a82aa1eda6da674f10f05/element/e714a86d-5852-46d4-bb76-33736cf7ff4b/click HTTP/1.1
User-Agent: selenium/4.1.2 (java windows)
Content-Length: 50
Content-Type: application/json; charset=utf-8
host: localhost:50059
accept: */*

Response DefaultHttpResponse(decodeResult: success, version: HTTP/1.1)
HTTP/1.1 200 OK
Content-Type: application/json; charset=utf-8
cache-control: no-cache
content-length: 14

10:44:09.485 [AsyncHttpClient-1-2] DEBUG org.asynchttpclient.netty.channel.ChannelManager - Adding key: http://localhost:50059 for channel [id: 0xf42a1b61, L:/127.0.0.1:57427 - R:localhost/127.0.0.1:50059]
10:44:09.496 [Forwarding screenshot on session c91df5e7484a82aa1eda6da674f10f05 to remote] DEBUG org.asynchttpclient.netty.request.NettyRequestSender - Using pooled Channel '[id: 0xf42a1b61, L:/127.0.0.1:57427 - R:localhost/127.0.0.1:50059]' for 'GET' to 'http://localhost:50059/session/c91df5e7484a82aa1eda6da674f10f05/screenshot'
10:44:09.496 [Forwarding screenshot on session c91df5e7484a82aa1eda6da674f10f05 to remote] DEBUG org.asynchttpclient.netty.request.NettyRequestSender - Using open Channel [id: 0xf42a1b61, L:/127.0.0.1:57427 - R:localhost/127.0.0.1:50059] for GET '/session/c91df5e7484a82aa1eda6da674f10f05/screenshot'
10:44:09.663 [AsyncHttpClient-1-2] DEBUG org.asynchttpclient.netty.handler.HttpHandler - 

Request DefaultFullHttpRequest(decodeResult: success, version: HTTP/1.1, content: EmptyByteBufBE)
GET /session/c91df5e7484a82aa1eda6da674f10f05/screenshot HTTP/1.1
User-Agent: selenium/4.1.2 (java windows)
Cache-Control: no-cache
Content-Type: application/json; charset=utf-8
host: localhost:50059
accept: */*

Response DefaultHttpResponse(decodeResult: success, version: HTTP/1.1)
HTTP/1.1 200 OK
Content-Type: application/json; charset=utf-8
cache-control: no-cache
content-length: 87300

10:44:09.664 [AsyncHttpClient-1-2] DEBUG org.asynchttpclient.netty.channel.ChannelManager - Adding key: http://localhost:50059 for channel [id: 0xf42a1b61, L:/127.0.0.1:57427 - R:localhost/127.0.0.1:50059]
10:44:09.671 [main] DEBUG net.serenitybdd.core.photography.Darkroom - Send negative for processing for target\site\serenity\8cead7ff3e306a63eb23b9a6604188625a6147adc812f2cc7efde370e5a475f1.png
10:44:09.671 [main] DEBUG net.thucydides.core.steps.StepInterceptor - STEP DONE: clickFilterDropdown
10:44:09.671 [Darkroom Processing Line] DEBUG net.serenitybdd.core.photography.DarkroomProcessingLine - Processing screenshot image in /var/screenshots/screenshot-17217613901007171512
10:44:09.671 [Darkroom Processing Line] DEBUG net.serenitybdd.core.photography.DarkroomProcessingLine - Saving screenshot to target\site\serenity\8cead7ff3e306a63eb23b9a6604188625a6147adc812f2cc7efde370e5a475f1.png
  &amp#27;[32mWhen &amp#27;[0m&amp#27;[32mI click Appointment Department Filter Dropdown&amp#27;[0m                          &amp#27;[90m# starter.stepdefinitions.AppointmentSteps.iClickAppointmentDepartmentDropdown()&amp#27;[0m
10:44:09.715 [main] DEBUG net.thucydides.core.steps.StepInterceptor - STARTING STEP: AppointmentSteps.iClickAppointmentNeurology - clickNeurologyMenu
10:44:09.721 [Forwarding findElement on session c91df5e7484a82aa1eda6da674f10f05 to remote] DEBUG org.asynchttpclient.netty.request.NettyRequestSender - Using pooled Channel '[id: 0xf42a1b61, L:/127.0.0.1:57427 - R:localhost/127.0.0.1:50059]' for 'POST' to 'http://localhost:50059/session/c91df5e7484a82aa1eda6da674f10f05/element'
10:44:09.722 [Forwarding findElement on session c91df5e7484a82aa1eda6da674f10f05 to remote] DEBUG org.asynchttpclient.netty.request.NettyRequestSender - Using open Channel [id: 0xf42a1b61, L:/127.0.0.1:57427 - R:localhost/127.0.0.1:50059] for POST '/session/c91df5e7484a82aa1eda6da674f10f05/element'
10:44:09.746 [AsyncHttpClient-1-2] DEBUG org.asynchttpclient.netty.handler.HttpHandler - 

Request DefaultHttpRequest(decodeResult: success, version: HTTP/1.1)
POST /session/c91df5e7484a82aa1eda6da674f10f05/element HTTP/1.1
User-Agent: selenium/4.1.2 (java windows)
Content-Length: 109
Content-Type: application/json; charset=utf-8
host: localhost:50059
accept: */*

Response DefaultHttpResponse(decodeResult: success, version: HTTP/1.1)
HTTP/1.1 200 OK
Content-Type: application/json; charset=utf-8
cache-control: no-cache
content-length: 88

10:44:09.746 [AsyncHttpClient-1-2] DEBUG org.asynchttpclient.netty.channel.ChannelManager - Adding key: http://localhost:50059 for channel [id: 0xf42a1b61, L:/127.0.0.1:57427 - R:localhost/127.0.0.1:50059]
10:44:09.749 [Forwarding getElementTagName on session c91df5e7484a82aa1eda6da674f10f05 to remote] DEBUG org.asynchttpclient.netty.request.NettyRequestSender - Using pooled Channel '[id: 0xf42a1b61, L:/127.0.0.1:57427 - R:localhost/127.0.0.1:50059]' for 'GET' to 'http://localhost:50059/session/c91df5e7484a82aa1eda6da674f10f05/element/cbac1a0d-d623-4e60-b457-77b94464cc5f/name'
10:44:09.749 [Forwarding getElementTagName on session c91df5e7484a82aa1eda6da674f10f05 to remote] DEBUG org.asynchttpclient.netty.request.NettyRequestSender - Using open Channel [id: 0xf42a1b61, L:/127.0.0.1:57427 - R:localhost/127.0.0.1:50059] for GET '/session/c91df5e7484a82aa1eda6da674f10f05/element/cbac1a0d-d623-4e60-b457-77b94464cc5f/name'
10:44:09.756 [AsyncHttpClient-1-2] DEBUG org.asynchttpclient.netty.handler.HttpHandler - 

Request DefaultFullHttpRequest(decodeResult: success, version: HTTP/1.1, content: EmptyByteBufBE)
GET /session/c91df5e7484a82aa1eda6da674f10f05/element/cbac1a0d-d623-4e60-b457-77b94464cc5f/name HTTP/1.1
User-Agent: selenium/4.1.2 (java windows)
Cache-Control: no-cache
Content-Type: application/json; charset=utf-8
host: localhost:50059
accept: */*

Response DefaultHttpResponse(decodeResult: success, version: HTTP/1.1)
HTTP/1.1 200 OK
Content-Type: application/json; charset=utf-8
cache-control: no-cache
content-length: 14

10:44:09.756 [AsyncHttpClient-1-2] DEBUG org.asynchttpclient.netty.channel.ChannelManager - Adding key: http://localhost:50059 for channel [id: 0xf42a1b61, L:/127.0.0.1:57427 - R:localhost/127.0.0.1:50059]
10:44:09.760 [Forwarding getElementTagName on session c91df5e7484a82aa1eda6da674f10f05 to remote] DEBUG org.asynchttpclient.netty.request.NettyRequestSender - Using pooled Channel '[id: 0xf42a1b61, L:/127.0.0.1:57427 - R:localhost/127.0.0.1:50059]' for 'GET' to 'http://localhost:50059/session/c91df5e7484a82aa1eda6da674f10f05/element/cbac1a0d-d623-4e60-b457-77b94464cc5f/name'
10:44:09.760 [Forwarding getElementTagName on session c91df5e7484a82aa1eda6da674f10f05 to remote] DEBUG org.asynchttpclient.netty.request.NettyRequestSender - Using open Channel [id: 0xf42a1b61, L:/127.0.0.1:57427 - R:localhost/127.0.0.1:50059] for GET '/session/c91df5e7484a82aa1eda6da674f10f05/element/cbac1a0d-d623-4e60-b457-77b94464cc5f/name'
10:44:09.766 [AsyncHttpClient-1-2] DEBUG org.asynchttpclient.netty.handler.HttpHandler - 

Request DefaultFullHttpRequest(decodeResult: success, version: HTTP/1.1, content: EmptyByteBufBE)
GET /session/c91df5e7484a82aa1eda6da674f10f05/element/cbac1a0d-d623-4e60-b457-77b94464cc5f/name HTTP/1.1
User-Agent: selenium/4.1.2 (java windows)
Cache-Control: no-cache
Content-Type: application/json; charset=utf-8
host: localhost:50059
accept: */*

Response DefaultHttpResponse(decodeResult: success, version: HTTP/1.1)
HTTP/1.1 200 OK
Content-Type: application/json; charset=utf-8
cache-control: no-cache
content-length: 14

10:44:09.766 [AsyncHttpClient-1-2] DEBUG org.asynchttpclient.netty.channel.ChannelManager - Adding key: http://localhost:50059 for channel [id: 0xf42a1b61, L:/127.0.0.1:57427 - R:localhost/127.0.0.1:50059]
10:44:09.769 [Forwarding findElement on session c91df5e7484a82aa1eda6da674f10f05 to remote] DEBUG org.asynchttpclient.netty.request.NettyRequestSender - Using pooled Channel '[id: 0xf42a1b61, L:/127.0.0.1:57427 - R:localhost/127.0.0.1:50059]' for 'POST' to 'http://localhost:50059/session/c91df5e7484a82aa1eda6da674f10f05/element'
10:44:09.770 [Forwarding findElement on session c91df5e7484a82aa1eda6da674f10f05 to remote] DEBUG org.asynchttpclient.netty.request.NettyRequestSender - Using open Channel [id: 0xf42a1b61, L:/127.0.0.1:57427 - R:localhost/127.0.0.1:50059] for POST '/session/c91df5e7484a82aa1eda6da674f10f05/element'
10:44:09.787 [AsyncHttpClient-1-2] DEBUG org.asynchttpclient.netty.handler.HttpHandler - 

Request DefaultHttpRequest(decodeResult: success, version: HTTP/1.1)
POST /session/c91df5e7484a82aa1eda6da674f10f05/element HTTP/1.1
User-Agent: selenium/4.1.2 (java windows)
Content-Length: 109
Content-Type: application/json; charset=utf-8
host: localhost:50059
accept: */*

Response DefaultHttpResponse(decodeResult: success, version: HTTP/1.1)
HTTP/1.1 200 OK
Content-Type: application/json; charset=utf-8
cache-control: no-cache
content-length: 88

10:44:09.787 [AsyncHttpClient-1-2] DEBUG org.asynchttpclient.netty.channel.ChannelManager - Adding key: http://localhost:50059 for channel [id: 0xf42a1b61, L:/127.0.0.1:57427 - R:localhost/127.0.0.1:50059]
10:44:09.790 [Forwarding clickElement on session c91df5e7484a82aa1eda6da674f10f05 to remote] DEBUG org.asynchttpclient.netty.request.NettyRequestSender - Using pooled Channel '[id: 0xf42a1b61, L:/127.0.0.1:57427 - R:localhost/127.0.0.1:50059]' for 'POST' to 'http://localhost:50059/session/c91df5e7484a82aa1eda6da674f10f05/element/cbac1a0d-d623-4e60-b457-77b94464cc5f/click'
10:44:09.790 [Forwarding clickElement on session c91df5e7484a82aa1eda6da674f10f05 to remote] DEBUG org.asynchttpclient.netty.request.NettyRequestSender - Using open Channel [id: 0xf42a1b61, L:/127.0.0.1:57427 - R:localhost/127.0.0.1:50059] for POST '/session/c91df5e7484a82aa1eda6da674f10f05/element/cbac1a0d-d623-4e60-b457-77b94464cc5f/click'
10:44:10.004 [AsyncHttpClient-1-2] DEBUG org.asynchttpclient.netty.handler.HttpHandler - 

Request DefaultHttpRequest(decodeResult: success, version: HTTP/1.1)
POST /session/c91df5e7484a82aa1eda6da674f10f05/element/cbac1a0d-d623-4e60-b457-77b94464cc5f/click HTTP/1.1
User-Agent: selenium/4.1.2 (java windows)
Content-Length: 50
Content-Type: application/json; charset=utf-8
host: localhost:50059
accept: */*

Response DefaultHttpResponse(decodeResult: success, version: HTTP/1.1)
HTTP/1.1 200 OK
Content-Type: application/json; charset=utf-8
cache-control: no-cache
content-length: 14

10:44:10.004 [AsyncHttpClient-1-2] DEBUG org.asynchttpclient.netty.channel.ChannelManager - Adding key: http://localhost:50059 for channel [id: 0xf42a1b61, L:/127.0.0.1:57427 - R:localhost/127.0.0.1:50059]
10:44:10.019 [Forwarding screenshot on session c91df5e7484a82aa1eda6da674f10f05 to remote] DEBUG org.asynchttpclient.netty.request.NettyRequestSender - Using pooled Channel '[id: 0xf42a1b61, L:/127.0.0.1:57427 - R:localhost/127.0.0.1:50059]' for 'GET' to 'http://localhost:50059/session/c91df5e7484a82aa1eda6da674f10f05/screenshot'
10:44:10.019 [Forwarding screenshot on session c91df5e7484a82aa1eda6da674f10f05 to remote] DEBUG org.asynchttpclient.netty.request.NettyRequestSender - Using open Channel [id: 0xf42a1b61, L:/127.0.0.1:57427 - R:localhost/127.0.0.1:50059] for GET '/session/c91df5e7484a82aa1eda6da674f10f05/screenshot'
10:44:10.195 [AsyncHttpClient-1-2] DEBUG org.asynchttpclient.netty.handler.HttpHandler - 

Request DefaultFullHttpRequest(decodeResult: success, version: HTTP/1.1, content: EmptyByteBufBE)
GET /session/c91df5e7484a82aa1eda6da674f10f05/screenshot HTTP/1.1
User-Agent: selenium/4.1.2 (java windows)
Cache-Control: no-cache
Content-Type: application/json; charset=utf-8
host: localhost:50059
accept: */*

Response DefaultHttpResponse(decodeResult: success, version: HTTP/1.1)
HTTP/1.1 200 OK
Content-Type: application/json; charset=utf-8
cache-control: no-cache
content-length: 76412

10:44:10.196 [AsyncHttpClient-1-2] DEBUG org.asynchttpclient.netty.channel.ChannelManager - Adding key: http://localhost:50059 for channel [id: 0xf42a1b61, L:/127.0.0.1:57427 - R:localhost/127.0.0.1:50059]
10:44:10.202 [main] DEBUG net.serenitybdd.core.photography.Darkroom - Send negative for processing for target\site\serenity\1caf4c9745edf535a80a0ea181c241e128f7f4473fff8dac515a53124cab32cb.png
10:44:10.203 [main] DEBUG net.thucydides.core.steps.StepInterceptor - STEP DONE: clickNeurologyMenu
10:44:10.203 [Darkroom Processing Line] DEBUG net.serenitybdd.core.photography.DarkroomProcessingLine - Processing screenshot image in /var/screenshots/screenshot-4117528935862072481
  &amp#27;[32mAnd &amp#27;[0m&amp#27;[32mI click Appointment Neurology&amp#27;[0m                                            &amp#27;[90m# starter.stepdefinitions.AppointmentSteps.iClickAppointmentNeurology()&amp#27;[0m
10:44:10.203 [Darkroom Processing Line] DEBUG net.serenitybdd.core.photography.DarkroomProcessingLine - Saving screenshot to target\site\serenity\1caf4c9745edf535a80a0ea181c241e128f7f4473fff8dac515a53124cab32cb.png
10:44:10.234 [main] DEBUG net.thucydides.core.steps.StepInterceptor - STARTING STEP: AppointmentSteps.iValidateTodayAppointmentOnlyShowNeurologyDepartmentAppointment - validateNeurologyAppointment
10:44:10.240 [Forwarding findElement on session c91df5e7484a82aa1eda6da674f10f05 to remote] DEBUG org.asynchttpclient.netty.request.NettyRequestSender - Using pooled Channel '[id: 0xf42a1b61, L:/127.0.0.1:57427 - R:localhost/127.0.0.1:50059]' for 'POST' to 'http://localhost:50059/session/c91df5e7484a82aa1eda6da674f10f05/element'
10:44:10.240 [Forwarding findElement on session c91df5e7484a82aa1eda6da674f10f05 to remote] DEBUG org.asynchttpclient.netty.request.NettyRequestSender - Using open Channel [id: 0xf42a1b61, L:/127.0.0.1:57427 - R:localhost/127.0.0.1:50059] for POST '/session/c91df5e7484a82aa1eda6da674f10f05/element'
10:44:10.265 [AsyncHttpClient-1-1] DEBUG org.asynchttpclient.netty.channel.DefaultChannelPool - Entry count for : http://localhost:57428 : 1
10:44:11.364 [AsyncHttpClient-1-1] DEBUG org.asynchttpclient.netty.channel.DefaultChannelPool - Entry count for : http://localhost:57428 : 1
10:44:12.464 [AsyncHttpClient-1-1] DEBUG org.asynchttpclient.netty.channel.DefaultChannelPool - Entry count for : http://localhost:57428 : 1
10:44:13.564 [AsyncHttpClient-1-1] DEBUG org.asynchttpclient.netty.channel.DefaultChannelPool - Entry count for : http://localhost:57428 : 1
10:44:14.664 [AsyncHttpClient-1-1] DEBUG org.asynchttpclient.netty.channel.DefaultChannelPool - Entry count for : http://localhost:57428 : 1
10:44:15.296 [AsyncHttpClient-1-2] DEBUG org.asynchttpclient.netty.handler.HttpHandler - 

Request DefaultHttpRequest(decodeResult: success, version: HTTP/1.1)
POST /session/c91df5e7484a82aa1eda6da674f10f05/element HTTP/1.1
User-Agent: selenium/4.1.2 (java windows)
Content-Length: 145
Content-Type: application/json; charset=utf-8
host: localhost:50059
accept: */*

Response DefaultHttpResponse(decodeResult: success, version: HTTP/1.1)
HTTP/1.1 404 Not Found
Content-Type: application/json; charset=utf-8
cache-control: no-cache
content-length: 1057

10:44:15.297 [AsyncHttpClient-1-2] DEBUG org.asynchttpclient.netty.channel.ChannelManager - Adding key: http://localhost:50059 for channel [id: 0xf42a1b61, L:/127.0.0.1:57427 - R:localhost/127.0.0.1:50059]
10:44:15.319 [Forwarding screenshot on session c91df5e7484a82aa1eda6da674f10f05 to remote] DEBUG org.asynchttpclient.netty.request.NettyRequestSender - Using pooled Channel '[id: 0xf42a1b61, L:/127.0.0.1:57427 - R:localhost/127.0.0.1:50059]' for 'GET' to 'http://localhost:50059/session/c91df5e7484a82aa1eda6da674f10f05/screenshot'
10:44:15.319 [Forwarding screenshot on session c91df5e7484a82aa1eda6da674f10f05 to remote] DEBUG org.asynchttpclient.netty.request.NettyRequestSender - Using open Channel [id: 0xf42a1b61, L:/127.0.0.1:57427 - R:localhost/127.0.0.1:50059] for GET '/session/c91df5e7484a82aa1eda6da674f10f05/screenshot'
10:44:15.425 [AsyncHttpClient-1-2] DEBUG org.asynchttpclient.netty.handler.HttpHandler - 

Request DefaultFullHttpRequest(decodeResult: success, version: HTTP/1.1, content: EmptyByteBufBE)
GET /session/c91df5e7484a82aa1eda6da674f10f05/screenshot HTTP/1.1
User-Agent: selenium/4.1.2 (java windows)
Cache-Control: no-cache
Content-Type: application/json; charset=utf-8
host: localhost:50059
accept: */*

Response DefaultHttpResponse(decodeResult: success, version: HTTP/1.1)
HTTP/1.1 200 OK
Content-Type: application/json; charset=utf-8
cache-control: no-cache
content-length: 68772

10:44:15.426 [AsyncHttpClient-1-2] DEBUG org.asynchttpclient.netty.channel.ChannelManager - Adding key: http://localhost:50059 for channel [id: 0xf42a1b61, L:/127.0.0.1:57427 - R:localhost/127.0.0.1:50059]
10:44:15.429 [main] DEBUG net.serenitybdd.core.photography.Darkroom - Send negative for processing for target\site\serenity\2166720f2278fa8749db5d95a55631890abba9a96d9dfcd7a8b428c33c350e7a.png
10:44:15.430 [Darkroom Processing Line] DEBUG net.serenitybdd.core.photography.DarkroomProcessingLine - Processing screenshot image in /var/screenshots/screenshot-3610547489512930929
10:44:15.430 [Darkroom Processing Line] DEBUG net.serenitybdd.core.photography.DarkroomProcessingLine - Saving screenshot to target\site\serenity\2166720f2278fa8749db5d95a55631890abba9a96d9dfcd7a8b428c33c350e7a.png
10:44:15.432 [Forwarding getPageSource on session c91df5e7484a82aa1eda6da674f10f05 to remote] DEBUG org.asynchttpclient.netty.request.NettyRequestSender - Using pooled Channel '[id: 0xf42a1b61, L:/127.0.0.1:57427 - R:localhost/127.0.0.1:50059]' for 'POST' to 'http://localhost:50059/session/c91df5e7484a82aa1eda6da674f10f05/execute/sync'
10:44:15.432 [Forwarding getPageSource on session c91df5e7484a82aa1eda6da674f10f05 to remote] DEBUG org.asynchttpclient.netty.request.NettyRequestSender - Using open Channel [id: 0xf42a1b61, L:/127.0.0.1:57427 - R:localhost/127.0.0.1:50059] for POST '/session/c91df5e7484a82aa1eda6da674f10f05/execute/sync'
10:44:15.527 [AsyncHttpClient-1-2] DEBUG org.asynchttpclient.netty.handler.HttpHandler - 

Request DefaultHttpRequest(decodeResult: success, version: HTTP/1.1)
POST /session/c91df5e7484a82aa1eda6da674f10f05/execute/sync HTTP/1.1
User-Agent: selenium/4.1.2 (java windows)
Content-Length: 176
Content-Type: application/json; charset=utf-8
host: localhost:50059
accept: */*

Response DefaultHttpResponse(decodeResult: success, version: HTTP/1.1)
HTTP/1.1 200 OK
Content-Type: application/json; charset=utf-8
cache-control: no-cache
content-length: 13381

10:44:15.528 [AsyncHttpClient-1-2] DEBUG org.asynchttpclient.netty.channel.ChannelManager - Adding key: http://localhost:50059 for channel [id: 0xf42a1b61, L:/127.0.0.1:57427 - R:localhost/127.0.0.1:50059]
10:44:15.569 [Forwarding getCurrentUrl on session c91df5e7484a82aa1eda6da674f10f05 to remote] DEBUG org.asynchttpclient.netty.request.NettyRequestSender - Using pooled Channel '[id: 0xf42a1b61, L:/127.0.0.1:57427 - R:localhost/127.0.0.1:50059]' for 'GET' to 'http://localhost:50059/session/c91df5e7484a82aa1eda6da674f10f05/url'
10:44:15.569 [Forwarding getCurrentUrl on session c91df5e7484a82aa1eda6da674f10f05 to remote] DEBUG org.asynchttpclient.netty.request.NettyRequestSender - Using open Channel [id: 0xf42a1b61, L:/127.0.0.1:57427 - R:localhost/127.0.0.1:50059] for GET '/session/c91df5e7484a82aa1eda6da674f10f05/url'
10:44:15.574 [AsyncHttpClient-1-2] DEBUG org.asynchttpclient.netty.handler.HttpHandler - 

Request DefaultFullHttpRequest(decodeResult: success, version: HTTP/1.1, content: EmptyByteBufBE)
GET /session/c91df5e7484a82aa1eda6da674f10f05/url HTTP/1.1
User-Agent: selenium/4.1.2 (java windows)
Cache-Control: no-cache
Content-Type: application/json; charset=utf-8
host: localhost:50059
accept: */*

Response DefaultHttpResponse(decodeResult: success, version: HTTP/1.1)
HTTP/1.1 200 OK
Content-Type: application/json; charset=utf-8
cache-control: no-cache
content-length: 64

10:44:15.574 [AsyncHttpClient-1-2] DEBUG org.asynchttpclient.netty.channel.ChannelManager - Adding key: http://localhost:50059 for channel [id: 0xf42a1b61, L:/127.0.0.1:57427 - R:localhost/127.0.0.1:50059]
  &amp#27;[31mThen &amp#27;[0m&amp#27;[31mI validate Today Appointment only show Neurology Department Appointment&amp#27;[0m &amp#27;[90m# starter.stepdefinitions.AppointmentSteps.iValidateTodayAppointmentOnlyShowNeurologyDepartmentAppointment()&amp#27;[0m
      &amp#27;[31morg.openqa.selenium.NoSuchElementException: Expected condition failed: waiting for By.xpath: //body/div[@id='root']/div[1]/div[2]/div[2]/div[3]/div[1]/h3[1] to be displayed (tried for 5 second(s) with 100 milliseconds interval)
Build info: version: '4.1.2', revision: '9a5a329c5a'
System info: host: 'DELL', ip: '192.168.1.6', os.name: 'Windows 8.1', os.arch: 'amd64', os.version: '6.3', java.version: '15.0.2'
Driver info: driver.version: unknown
	at net.serenitybdd.core.pages.WebElementFacadeImpl.throwNoSuchElementExceptionWithCauseIfPresent(WebElementFacadeImpl.java:1001)
	at net.serenitybdd.core.pages.WebElementFacadeImpl.checkPresenceOfWebElement(WebElementFacadeImpl.java:974)
	at net.serenitybdd.core.pages.WebElementFacadeImpl.waitUntilVisible(WebElementFacadeImpl.java:981)
	at Capstone.Project.Website@1.0-SNAPSHOT/starter.pages.AppointmentPage.validateNeurologyAppointment(AppointmentPage.java:357)
	at Capstone.Project.Website@1.0-SNAPSHOT/starter.pages.AppointmentPage$ByteBuddy$5Q5V0Zb5.validateNeurologyAppointment$accessor$J2UowYJ2(Unknown Source)
	at java.base/jdk.internal.reflect.NativeMethodAccessorImpl.invoke0(Native Method)
	at java.base/jdk.internal.reflect.NativeMethodAccessorImpl.invoke(NativeMethodAccessorImpl.java:64)
	at java.base/jdk.internal.reflect.DelegatingMethodAccessorImpl.invoke(DelegatingMethodAccessorImpl.java:43)
	at java.base/java.lang.reflect.Method.invoke(Method.java:564)
	at net.thucydides.core.steps.StepInterceptor.invokeMethod(StepInterceptor.java:503)
	at net.thucydides.core.steps.StepInterceptor.executeTestStepMethod(StepInterceptor.java:483)
	at net.thucydides.core.steps.StepInterceptor.runTestStep(StepInterceptor.java:457)
	at net.thucydides.core.steps.StepInterceptor.runOrSkipMethod(StepInterceptor.java:209)
	at net.thucydides.core.steps.StepInterceptor.testStepResult(StepInterceptor.java:196)
	at net.thucydides.core.steps.StepInterceptor.intercept(StepInterceptor.java:84)
	at net.thucydides.core.steps.ProxyConfiguration$InterceptorDispatcher.intercept(ProxyConfiguration.java:51)
	at Capstone.Project.Website@1.0-SNAPSHOT/starter.pages.AppointmentPage$ByteBuddy$5Q5V0Zb5.validateNeurologyAppointment(Unknown Source)
	at Capstone.Project.Website@1.0-SNAPSHOT/starter.stepdefinitions.AppointmentSteps.iValidateTodayAppointmentOnlyShowNeurologyDepartmentAppointment(AppointmentSteps.java:140)
	at âœ½.I validate Today Appointment only show Neurology Department Appointment(file:///E:/My%20Documents/File%20Difa/TI%20Semester%206%20Kampus%20Merdeka%20Alterra/Tugas/CAPSTONE%20Project/Capstone-Project-Website/src/test/resources/features/1.Appointment.feature:84)
Caused by: org.openqa.selenium.TimeoutException: Expected condition failed: waiting for By.xpath: //body/div[@id='root']/div[1]/div[2]/div[2]/div[3]/div[1]/h3[1] to be displayed (tried for 5 second(s) with 100 milliseconds interval)
Build info: version: '4.1.2', revision: '9a5a329c5a'
System info: host: 'DELL', ip: '192.168.1.6', os.name: 'Windows 8.1', os.arch: 'amd64', os.version: '6.3', java.version: '15.0.2'
Driver info: driver.version: unknown
	at org.openqa.selenium.support.ui.FluentWait.timeoutException(FluentWait.java:263)
	at org.openqa.selenium.support.ui.FluentWait.until(FluentWait.java:231)
	at net.serenitybdd.core.pages.WebElementFacadeImpl.checkPresenceOfWebElement(WebElementFacadeImpl.java:968)
	at net.serenitybdd.core.pages.WebElementFacadeImpl.waitUntilVisible(WebElementFacadeImpl.java:981)
	at Capstone.Project.Website@1.0-SNAPSHOT/starter.pages.AppointmentPage.validateNeurologyAppointment(AppointmentPage.java:357)
	at Capstone.Project.Website@1.0-SNAPSHOT/starter.pages.AppointmentPage$ByteBuddy$5Q5V0Zb5.validateNeurologyAppointment$accessor$J2UowYJ2(Unknown Source)
	at java.base/jdk.internal.reflect.NativeMethodAccessorImpl.invoke0(Native Method)
	at java.base/jdk.internal.reflect.NativeMethodAccessorImpl.invoke(NativeMethodAccessorImpl.java:64)
	at java.base/jdk.internal.reflect.DelegatingMethodAccessorImpl.invoke(DelegatingMethodAccessorImpl.java:43)
	at java.base/java.lang.reflect.Method.invoke(Method.java:564)
	at net.thucydides.core.steps.StepInterceptor.invokeMethod(StepInterceptor.java:503)
	at net.thucydides.core.steps.StepInterceptor.executeTestStepMethod(StepInterceptor.java:483)
	at net.thucydides.core.steps.StepInterceptor.runTestStep(StepInterceptor.java:457)
	at net.thucydides.core.steps.StepInterceptor.runOrSkipMethod(StepInterceptor.java:209)
	at net.thucydides.core.steps.StepInterceptor.testStepResult(StepInterceptor.java:196)
	at net.thucydides.core.steps.StepInterceptor.intercept(StepInterceptor.java:84)
	at net.thucydides.core.steps.ProxyConfiguration$InterceptorDispatcher.intercept(ProxyConfiguration.java:51)
	at Capstone.Project.Website@1.0-SNAPSHOT/starter.pages.AppointmentPage$ByteBuddy$5Q5V0Zb5.validateNeurologyAppointment(Unknown Source)
	at Capstone.Project.Website@1.0-SNAPSHOT/starter.stepdefinitions.AppointmentSteps.iValidateTodayAppointmentOnlyShowNeurologyDepartmentAppointment(AppointmentSteps.java:140)
	at java.base/jdk.internal.reflect.NativeMethodAccessorImpl.invoke0(Native Method)
	at java.base/jdk.internal.reflect.NativeMethodAccessorImpl.invoke(NativeMethodAccessorImpl.java:64)
	at java.base/jdk.internal.reflect.DelegatingMethodAccessorImpl.invoke(DelegatingMethodAccessorImpl.java:43)
	at java.base/java.lang.reflect.Method.invoke(Method.java:564)
	at io.cucumber.java.Invoker.doInvoke(Invoker.java:66)
	at io.cucumber.java.Invoker.invoke(Invoker.java:24)
	at io.cucumber.java.AbstractGlueDefinition.invokeMethod(AbstractGlueDefinition.java:47)
	at io.cucumber.java.JavaStepDefinition.execute(JavaStepDefinition.java:29)
	at io.cucumber.core.runner.CoreStepDefinition.execute(CoreStepDefinition.java:66)
	at io.cucumber.core.runner.PickleStepDefinitionMatch.runStep(PickleStepDefinitionMatch.java:63)
	at io.cucumber.core.runner.ExecutionMode$1.execute(ExecutionMode.java:10)
	at io.cucumber.core.runner.TestStep.executeStep(TestStep.java:86)
	at io.cucumber.core.runner.TestStep.run(TestStep.java:57)
	at io.cucumber.core.runner.PickleStepTestStep.run(PickleStepTestStep.java:51)
	at io.cucumber.core.runner.TestCase.run(TestCase.java:95)
	at io.cucumber.core.runner.Runner.runPickle(Runner.java:75)
	at io.cucumber.junit.PickleRunners$NoStepDescriptions.lambda$run$0(PickleRunners.java:151)
	at io.cucumber.core.runtime.CucumberExecutionContext.lambda$runTestCase$3(CucumberExecutionContext.java:151)
	at io.cucumber.core.runtime.RethrowingThrowableCollector.executeAndThrow(RethrowingThrowableCollector.java:23)
	at io.cucumber.core.runtime.CucumberExecutionContext.runTestCase(CucumberExecutionContext.java:151)
	at io.cucumber.junit.PickleRunners$NoStepDescriptions.run(PickleRunners.java:148)
	at io.cucumber.junit.FeatureRunner.runChild(FeatureRunner.java:144)
	at io.cucumber.junit.FeatureRunner.runChild(FeatureRunner.java:28)
	at org.junit.runners.ParentRunner$4.run(ParentRunner.java:331)
	at org.junit.runners.ParentRunner$1.schedule(ParentRunner.java:79)
	at org.junit.runners.ParentRunner.runChildren(ParentRunner.java:329)
	at org.junit.runners.ParentRunner.access$100(ParentRunner.java:66)
	at org.junit.runners.ParentRunner$2.evaluate(ParentRunner.java:293)
	at org.junit.runners.ParentRunner$3.evaluate(ParentRunner.java:306)
	at org.junit.runners.ParentRunner.run(ParentRunner.java:413)
	at io.cucumber.junit.FeatureRunner.run(FeatureRunner.java:137)
	at io.cucumber.junit.CucumberSerenityRunner.runChild(CucumberSerenityRunner.java:258)
	at io.cucumber.junit.CucumberSerenityRunner.runChild(CucumberSerenityRunner.java:58)
	at org.junit.runners.ParentRunner$4.run(ParentRunner.java:331)
	at org.junit.runners.ParentRunner$1.schedule(ParentRunner.java:79)
	at org.junit.runners.ParentRunner.runChildren(ParentRunner.java:329)
	at org.junit.runners.ParentRunner.access$100(ParentRunner.java:66)
	at org.junit.runners.ParentRunner$2.evaluate(ParentRunner.java:293)
	at io.cucumber.junit.CucumberSerenityRunner$RunCucumber.evaluate(CucumberSerenityRunner.java:287)
	at org.junit.runners.ParentRunner$3.evaluate(ParentRunner.java:306)
	at org.junit.runners.ParentRunner.run(ParentRunner.java:413)
	at org.junit.runner.JUnitCore.run(JUnitCore.java:137)
	at org.junit.runner.JUnitCore.run(JUnitCore.java:115)
	at org.junit.vintage.engine.execution.RunnerExecutor.execute(RunnerExecutor.java:42)
	at org.junit.vintage.engine.VintageTestEngine.executeAllChildren(VintageTestEngine.java:80)
	at org.junit.vintage.engine.VintageTestEngine.execute(VintageTestEngine.java:72)
	at org.junit.platform.launcher.core.EngineExecutionOrchestrator.execute(EngineExecutionOrchestrator.java:107)
	at org.junit.platform.launcher.core.EngineExecutionOrchestrator.execute(EngineExecutionOrchestrator.java:88)
	at org.junit.platform.launcher.core.EngineExecutionOrchestrator.lambda$execute$0(EngineExecutionOrchestrator.java:54)
	at org.junit.platform.launcher.core.EngineExecutionOrchestrator.withInterceptedStreams(EngineExecutionOrchestrator.java:67)
	at org.junit.platform.launcher.core.EngineExecutionOrchestrator.execute(EngineExecutionOrchestrator.java:52)
	at org.junit.platform.launcher.core.DefaultLauncher.execute(DefaultLauncher.java:114)
	at org.junit.platform.launcher.core.DefaultLauncher.execute(DefaultLauncher.java:86)
	at org.junit.platform.launcher.core.DefaultLauncherSession$DelegatingLauncher.execute(DefaultLauncherSession.java:86)
	at org.junit.platform.launcher.core.SessionPerRequestLauncher.execute(SessionPerRequestLauncher.java:53)
	at org.apache.maven.surefire.junitplatform.JUnitPlatformProvider.execute(JUnitPlatformProvider.java:188)
	at org.apache.maven.surefire.junitplatform.JUnitPlatformProvider.invokeAllTests(JUnitPlatformProvider.java:154)
	at org.apache.maven.surefire.junitplatform.JUnitPlatformProvider.invoke(JUnitPlatformProvider.java:128)
	at org.apache.maven.surefire.booter.ForkedBooter.runSuitesInProcess(ForkedBooter.java:428)
	at org.apache.maven.surefire.booter.ForkedBooter.execute(ForkedBooter.java:162)
	at org.apache.maven.surefire.booter.ForkedBooter.run(ForkedBooter.java:562)
	at org.apache.maven.surefire.booter.ForkedBooter.main(ForkedBooter.java:548)
&amp#27;[0m
10:44:15.595 [main] ERROR  - 
  _____   ___   ___   _____     ___   ___   ___    ___    ___ 
 |_   _| | __| / __| |_   _|   | __| | _ \ | _ \  / _ \  | _ \
   | |   | _|  \__ \   | |     | _|  |   / |   / | (_) | |   /
   |_|   |___| |___/   |_|     |___| |_|_\ |_|_\  \___/  |_|_\

Filter Appointment Neurology Scenario
---------------------------------------------------------------
10:44:15.595 [main] DEBUG  - RELATED ISSUES: 
10:44:15.596 [main] ERROR  -     Test failed at step: Validate neurology appointment
10:44:15.596 [main] ERROR  -     Expected condition failed: waiting for By.xpath: //body/div[@id='root']/div[1]/div[2]/div[2]/div[3]/div[1]/h3[1] to be displayed (tried for 5 second(s) with 100 milliseconds interval)Build info: version: '4.1.2', revision: '9a5a329c5a'System info: host: 'DELL', ip: '192.168.1.6', os.name: 'Windows 8.1', os.arch: 'amd64', os.version: '6.3', java.version: '15.0.2'Driver info: driver.version: unknown
10:44:15.600 [AsyncHttpClient-1-4] DEBUG org.asynchttpclient.netty.handler.WebSocketHandler - Channel Closed: [id: 0x1e167db3, L:/127.0.0.1:57435 ! R:localhost/127.0.0.1:57428] with attribute NettyResponseFuture{currentRetry=5,
	isDone=1,
	isCancelled=0,
	asyncHandler=org.asynchttpclient.ws.WebSocketUpgradeHandler@1a41345d,
	nettyRequest=org.asynchttpclient.netty.request.NettyRequest@2dffb91a,
	future=java.util.concurrent.CompletableFuture@b632d88[Completed normally],
	uri=ws://localhost:57428/devtools/browser/8a9bdc9b-02ce-493e-8b71-7d510d2f80d4,
	keepAlive=true,
	redirectCount=0,
	timeoutsHolder=null,
	inAuth=0,
	touch=1655783040091}
10:44:15.600 [AsyncHttpClient-1-4] DEBUG org.asynchttpclient.netty.channel.ChannelManager - Closing Channel [id: 0x1e167db3, L:/127.0.0.1:57435 ! R:localhost/127.0.0.1:57428] 
10:44:15.601 [Driver Command Executor] DEBUG org.asynchttpclient.netty.request.NettyRequestSender - Using pooled Channel '[id: 0xf42a1b61, L:/127.0.0.1:57427 - R:localhost/127.0.0.1:50059]' for 'DELETE' to 'http://localhost:50059/session/c91df5e7484a82aa1eda6da674f10f05'
10:44:15.601 [Driver Command Executor] DEBUG org.asynchttpclient.netty.request.NettyRequestSender - Using open Channel [id: 0xf42a1b61, L:/127.0.0.1:57427 - R:localhost/127.0.0.1:50059] for DELETE '/session/c91df5e7484a82aa1eda6da674f10f05'
10:44:15.764 [AsyncHttpClient-1-1] DEBUG org.asynchttpclient.netty.channel.DefaultChannelPool - Entry count for : http://localhost:57428 : 1
10:44:15.835 [AsyncHttpClient-1-3] DEBUG org.asynchttpclient.netty.handler.HttpHandler - Unexpected I/O exception on channel [id: 0x206a0a54, L:/127.0.0.1:57434 - R:localhost/127.0.0.1:57428]
java.net.SocketException: Connection reset
	at java.base/sun.nio.ch.SocketChannelImpl.throwConnectionReset(SocketChannelImpl.java:367)
	at java.base/sun.nio.ch.SocketChannelImpl.read(SocketChannelImpl.java:398)
	at io.netty.buffer.PooledByteBuf.setBytes(PooledByteBuf.java:258)
	at io.netty.buffer.AbstractByteBuf.writeBytes(AbstractByteBuf.java:1132)
	at io.netty.channel.socket.nio.NioSocketChannel.doReadBytes(NioSocketChannel.java:350)
	at io.netty.channel.nio.AbstractNioByteChannel$NioByteUnsafe.read(AbstractNioByteChannel.java:151)
	at io.netty.channel.nio.NioEventLoop.processSelectedKey(NioEventLoop.java:722)
	at io.netty.channel.nio.NioEventLoop.processSelectedKeysOptimized(NioEventLoop.java:658)
	at io.netty.channel.nio.NioEventLoop.processSelectedKeys(NioEventLoop.java:584)
	at io.netty.channel.nio.NioEventLoop.run(NioEventLoop.java:496)
	at io.netty.util.concurrent.SingleThreadEventExecutor$4.run(SingleThreadEventExecutor.java:986)
	at io.netty.util.internal.ThreadExecutorMap$2.run(ThreadExecutorMap.java:74)
	at io.netty.util.concurrent.FastThreadLocalRunnable.run(FastThreadLocalRunnable.java:30)
	at java.base/java.lang.Thread.run(Thread.java:832)
10:44:15.836 [AsyncHttpClient-1-3] DEBUG org.asynchttpclient.netty.channel.ChannelManager - Closing Channel [id: 0x206a0a54, L:/127.0.0.1:57434 - R:localhost/127.0.0.1:57428] 
10:44:15.836 [AsyncHttpClient-1-3] DEBUG org.asynchttpclient.netty.handler.HttpHandler - Channel Closed: [id: 0x206a0a54, L:/127.0.0.1:57434 ! R:localhost/127.0.0.1:57428] with attribute DISCARD
10:44:15.855 [AsyncHttpClient-1-2] DEBUG org.asynchttpclient.netty.handler.HttpHandler - 

Request DefaultFullHttpRequest(decodeResult: success, version: HTTP/1.1, content: EmptyByteBufBE)
DELETE /session/c91df5e7484a82aa1eda6da674f10f05 HTTP/1.1
User-Agent: selenium/4.1.2 (java windows)
Content-Type: application/json; charset=utf-8
host: localhost:50059
accept: */*

Response DefaultHttpResponse(decodeResult: success, version: HTTP/1.1)
HTTP/1.1 200 OK
Content-Type: application/json; charset=utf-8
cache-control: no-cache
content-length: 14

10:44:15.855 [AsyncHttpClient-1-2] DEBUG org.asynchttpclient.netty.channel.ChannelManager - Adding key: http://localhost:50059 for channel [id: 0xf42a1b61, L:/127.0.0.1:57427 - R:localhost/127.0.0.1:50059]
10:44:15.947 [AsyncHttpClient-1-2] DEBUG org.asynchttpclient.netty.handler.HttpHandler - Channel Closed: [id: 0xf42a1b61, L:/127.0.0.1:57427 ! R:localhost/127.0.0.1:50059] with attribute DISCARD
]]></system-out>
    <system-err><![CDATA[Starting ChromeDriver 102.0.5005.61 (0e59bcc00cc4985ce39ad31c150065f159d95ad3-refs/branch-heads/5005@{#819}) on port 50059
Only local connections are allowed.
Please see https://chromedriver.chromium.org/security-considerations for suggestions on keeping ChromeDriver safe.
ChromeDriver was started successfully.
Jun 21, 2022 10:44:00 AM org.openqa.selenium.remote.ProtocolHandshake createSession
INFO: Detected dialect: W3C
Jun 21, 2022 10:44:00 AM org.openqa.selenium.devtools.CdpVersionFinder findNearestMatch
WARNING: Unable to find an exact match for CDP version 102, so returning the closest version found: a no-op implementation
Jun 21, 2022 10:44:00 AM org.openqa.selenium.devtools.CdpVersionFinder findNearestMatch
INFO: Unable to find CDP implementation matching 102.
Jun 21, 2022 10:44:00 AM org.openqa.selenium.chromium.ChromiumDriver lambda$new$3
WARNING: Unable to find version of CDP to use for . You may need to include a dependency on a specific version of the CDP using something similar to `org.seleniumhq.selenium:selenium-devtools-v86:4.1.2` where the version ("v86") matches the version of the chromium-based browser you're using and the version number of the artifact is the same as Selenium's.
]]></system-err>
  </testcase>
  <testcase name="Filter Appointment Cardiology Scenario" classname="Appointment" time="18.893">
    <error type="org.openqa.selenium.NoSuchElementException"><![CDATA[org.openqa.selenium.NoSuchElementException: 
Expected condition failed: waiting for By.xpath: //body/div[@id='root']/div[1]/div[2]/div[2]/div[3]/div[1]/h3[1] to be displayed (tried for 5 second(s) with 100 milliseconds interval)
Build info: version: '4.1.2', revision: '9a5a329c5a'
System info: host: 'DELL', ip: '192.168.1.6', os.name: 'Windows 8.1', os.arch: 'amd64', os.version: '6.3', java.version: '15.0.2'
Driver info: driver.version: unknown
Caused by: org.openqa.selenium.TimeoutException: 
Expected condition failed: waiting for By.xpath: //body/div[@id='root']/div[1]/div[2]/div[2]/div[3]/div[1]/h3[1] to be displayed (tried for 5 second(s) with 100 milliseconds interval)
Build info: version: '4.1.2', revision: '9a5a329c5a'
System info: host: 'DELL', ip: '192.168.1.6', os.name: 'Windows 8.1', os.arch: 'amd64', os.version: '6.3', java.version: '15.0.2'
Driver info: driver.version: unknown
]]></error>
    <system-out><![CDATA[
@Appointment @FilterAppointmentCardiology
Scenario: Filter Appointment Cardiology Scenario                                &amp#27;[90m# src/test/resources/features/1.Appointment.feature:88&amp#27;[0m
10:44:16.473 [main] INFO io.cucumber.core.plugin.SerenityReporter - Running feature from file:///E:/My%20Documents/File%20Difa/TI%20Semester%206%20Kampus%20Merdeka%20Alterra/Tugas/CAPSTONE%20Project/Capstone-Project-Website/src/test/resources/features/1.Appointment.feature
10:44:16.475 [main] INFO  - 
  _____   ___   ___   _____     ___   _____     _     ___   _____   ___   ___  
 |_   _| | __| / __| |_   _|   / __| |_   _|   /_\   | _ \ |_   _| | __| |   \ 
   | |   | _|  \__ \   | |     \__ \   | |    / _ \  |   /   | |   | _|  | |) |
   |_|   |___| |___/   |_|     |___/   |_|   /_/ \_\ |_|_\   |_|   |___| |___/ 

Filter Appointment Cardiology Scenario(appointment;filter-appointment-cardiology-scenario)
--------------------------------------------------------------------------------
10:44:16.487 [main] DEBUG net.thucydides.core.steps.StepInterceptor - STARTING STEP: DashboardSteps.iAmOnTheDashboardPage - openUrl
10:44:16.488 [main] INFO net.serenitybdd.core.webdriver.driverproviders.ChromeDriverProvider - Using automatically driver download
10:44:16.640 [main] DEBUG io.github.bonigarcia.wdm.cache.ResolutionCache - Resolution chrome=102 in cache (valid until 11:37:46 21/06/2022 ICT)
10:44:16.643 [main] DEBUG io.github.bonigarcia.wdm.cache.ResolutionCache - Resolution chrome102=102.0.5005.61 in cache (valid until 09:22:16 22/06/2022 ICT)
10:44:16.645 [main] INFO io.github.bonigarcia.wdm.WebDriverManager - Using chromedriver 102.0.5005.61 (resolved driver for Chrome 102)
10:44:16.654 [main] DEBUG io.github.bonigarcia.wdm.WebDriverManager - Driver chromedriver 102.0.5005.61 found in cache
10:44:16.655 [main] INFO io.github.bonigarcia.wdm.WebDriverManager - Exporting webdriver.chrome.driver as C:\Users\USER\.cache\selenium\chromedriver\win32\102.0.5005.61\chromedriver.exe
10:44:16.863 [AsyncHttpClient-1-1] DEBUG org.asynchttpclient.netty.channel.DefaultChannelPool - Entry count for : http://localhost:57428 : 1
10:44:16.863 [AsyncHttpClient-1-1] DEBUG org.asynchttpclient.netty.channel.DefaultChannelPool - Entry count for : http://localhost:50059 : 1
10:44:16.863 [AsyncHttpClient-1-1] DEBUG org.asynchttpclient.netty.channel.DefaultChannelPool - Adding Candidate expired Channel [id: 0x206a0a54, L:/127.0.0.1:57434 ! R:localhost/127.0.0.1:57428] isIdleTimeoutExpired=false isRemotelyClosed=true isTtlExpired=false
10:44:16.863 [AsyncHttpClient-1-1] DEBUG org.asynchttpclient.netty.channel.DefaultChannelPool - Closing Idle Channel [id: 0x206a0a54, L:/127.0.0.1:57434 ! R:localhost/127.0.0.1:57428]
10:44:16.863 [AsyncHttpClient-1-1] DEBUG org.asynchttpclient.netty.channel.DefaultChannelPool - Adding Candidate expired Channel [id: 0xf42a1b61, L:/127.0.0.1:57427 ! R:localhost/127.0.0.1:50059] isIdleTimeoutExpired=false isRemotelyClosed=true isTtlExpired=false
10:44:16.863 [AsyncHttpClient-1-1] DEBUG org.asynchttpclient.netty.channel.DefaultChannelPool - Closing Idle Channel [id: 0xf42a1b61, L:/127.0.0.1:57427 ! R:localhost/127.0.0.1:50059]
10:44:16.863 [AsyncHttpClient-1-1] DEBUG org.asynchttpclient.netty.channel.DefaultChannelPool - Closed 2 connections out of 2 in 0 ms
10:44:17.285 [main] DEBUG net.serenitybdd.core.webdriver.driverproviders.ProvideNewDriver - Instantiating driver
10:44:17.285 [main] DEBUG net.serenitybdd.core.webdriver.driverproviders.ProvideNewDriver - Driver capabilities: Capabilities {acceptInsecureCerts: false, base.url: https://hospital-management..., browserName: chrome, chrome.driver: src/test/resources/webdrive..., driver: chrome, goog:chromeOptions: {args: [], extensions: []}}
10:44:17.824 [AsyncHttpClient-1-5] DEBUG org.asynchttpclient.netty.channel.NettyConnectListener - Using new Channel '[id: 0x7678fe05, L:/127.0.0.1:57469 - R:localhost/127.0.0.1:63194]' for 'POST' to '/session'
10:44:19.705 [AsyncHttpClient-1-5] DEBUG org.asynchttpclient.netty.handler.HttpHandler - 

Request DefaultHttpRequest(decodeResult: success, version: HTTP/1.1)
POST /session HTTP/1.1
User-Agent: selenium/4.1.2 (java windows)
Content-Length: 621
Content-Type: application/json; charset=utf-8
host: localhost:63194
accept: */*

Response DefaultHttpResponse(decodeResult: success, version: HTTP/1.1)
HTTP/1.1 200 OK
Content-Type: application/json; charset=utf-8
cache-control: no-cache
content-length: 788

10:44:19.705 [AsyncHttpClient-1-5] DEBUG org.asynchttpclient.netty.channel.ChannelManager - Adding key: http://localhost:63194 for channel [id: 0x7678fe05, L:/127.0.0.1:57469 - R:localhost/127.0.0.1:63194]
10:44:19.746 [AsyncHttpClient-1-6] DEBUG org.asynchttpclient.netty.channel.NettyConnectListener - Using new Channel '[id: 0x3d6667f5, L:/127.0.0.1:57478 - R:localhost/127.0.0.1:57472]' for 'GET' to '/json/version'
10:44:19.747 [AsyncHttpClient-1-6] DEBUG org.asynchttpclient.netty.handler.HttpHandler - 

Request DefaultFullHttpRequest(decodeResult: success, version: HTTP/1.1, content: EmptyByteBufBE)
GET /json/version HTTP/1.1
User-Agent: selenium/4.1.2 (java windows)
host: localhost:57472
accept: */*

Response DefaultHttpResponse(decodeResult: success, version: HTTP/1.1)
HTTP/1.1 200 OK
Content-Type: application/json; charset=UTF-8
content-length: 427

10:44:19.748 [AsyncHttpClient-1-6] DEBUG org.asynchttpclient.netty.channel.ChannelManager - Adding key: http://localhost:57472 for channel [id: 0x3d6667f5, L:/127.0.0.1:57478 - R:localhost/127.0.0.1:57472]
10:44:19.750 [AsyncHttpClient-1-7] DEBUG org.asynchttpclient.netty.channel.NettyConnectListener - Using new Channel '[id: 0x892150c1, L:/127.0.0.1:57479 - R:localhost/127.0.0.1:57472]' for 'GET' to '/devtools/browser/daef3e78-2258-4eee-b993-3fbae915e4e4'
10:44:19.751 [AsyncHttpClient-1-7] DEBUG org.asynchttpclient.netty.handler.WebSocketHandler - 

Request DefaultFullHttpRequest(decodeResult: success, version: HTTP/1.1, content: EmptyByteBufBE)
GET /devtools/browser/daef3e78-2258-4eee-b993-3fbae915e4e4 HTTP/1.1
upgrade: websocket
connection: upgrade
sec-websocket-key: 1RVu9ZJyJyJKbR/Re5Tb2w==
sec-websocket-version: 13
origin: http://localhost:57472
host: localhost:57472
accept: */*
user-agent: AHC/2.1

Response DefaultHttpResponse(decodeResult: success, version: HTTP/1.1)
HTTP/1.1 101 WebSocket Protocol Handshake
Upgrade: WebSocket
Connection: Upgrade
Sec-WebSocket-Accept: ewFZ9dVoyWj7HU57dMXay9WvRuA=

10:44:19.755 [Forwarding maximizeCurrentWindow on session c9d68bbea13653ec540c4dfd16de4bf7 to remote] DEBUG org.asynchttpclient.netty.request.NettyRequestSender - Using pooled Channel '[id: 0x7678fe05, L:/127.0.0.1:57469 - R:localhost/127.0.0.1:63194]' for 'POST' to 'http://localhost:63194/session/c9d68bbea13653ec540c4dfd16de4bf7/window/maximize'
10:44:19.755 [Forwarding maximizeCurrentWindow on session c9d68bbea13653ec540c4dfd16de4bf7 to remote] DEBUG org.asynchttpclient.netty.request.NettyRequestSender - Using open Channel [id: 0x7678fe05, L:/127.0.0.1:57469 - R:localhost/127.0.0.1:63194] for POST '/session/c9d68bbea13653ec540c4dfd16de4bf7/window/maximize'
10:44:19.930 [AsyncHttpClient-1-5] DEBUG org.asynchttpclient.netty.handler.HttpHandler - 

Request DefaultHttpRequest(decodeResult: success, version: HTTP/1.1)
POST /session/c9d68bbea13653ec540c4dfd16de4bf7/window/maximize HTTP/1.1
User-Agent: selenium/4.1.2 (java windows)
Content-Length: 3
Content-Type: application/json; charset=utf-8
host: localhost:63194
accept: */*

Response DefaultHttpResponse(decodeResult: success, version: HTTP/1.1)
HTTP/1.1 200 OK
Content-Type: application/json; charset=utf-8
cache-control: no-cache
content-length: 51

10:44:19.930 [AsyncHttpClient-1-5] DEBUG org.asynchttpclient.netty.channel.ChannelManager - Adding key: http://localhost:63194 for channel [id: 0x7678fe05, L:/127.0.0.1:57469 - R:localhost/127.0.0.1:63194]
10:44:19.932 [Forwarding get on session c9d68bbea13653ec540c4dfd16de4bf7 to remote] DEBUG org.asynchttpclient.netty.request.NettyRequestSender - Using pooled Channel '[id: 0x7678fe05, L:/127.0.0.1:57469 - R:localhost/127.0.0.1:63194]' for 'POST' to 'http://localhost:63194/session/c9d68bbea13653ec540c4dfd16de4bf7/url'
10:44:19.932 [Forwarding get on session c9d68bbea13653ec540c4dfd16de4bf7 to remote] DEBUG org.asynchttpclient.netty.request.NettyRequestSender - Using open Channel [id: 0x7678fe05, L:/127.0.0.1:57469 - R:localhost/127.0.0.1:63194] for POST '/session/c9d68bbea13653ec540c4dfd16de4bf7/url'
10:44:20.164 [AsyncHttpClient-1-1] DEBUG org.asynchttpclient.netty.channel.DefaultChannelPool - Entry count for : http://localhost:57472 : 1
10:44:21.263 [AsyncHttpClient-1-1] DEBUG org.asynchttpclient.netty.channel.DefaultChannelPool - Entry count for : http://localhost:57472 : 1
10:44:22.404 [AsyncHttpClient-1-1] DEBUG org.asynchttpclient.netty.channel.DefaultChannelPool - Entry count for : http://localhost:57472 : 1
10:44:22.819 [AsyncHttpClient-1-5] DEBUG org.asynchttpclient.netty.handler.HttpHandler - 

Request DefaultHttpRequest(decodeResult: success, version: HTTP/1.1)
POST /session/c9d68bbea13653ec540c4dfd16de4bf7/url HTTP/1.1
User-Agent: selenium/4.1.2 (java windows)
Content-Length: 65
Content-Type: application/json; charset=utf-8
host: localhost:63194
accept: */*

Response DefaultHttpResponse(decodeResult: success, version: HTTP/1.1)
HTTP/1.1 200 OK
Content-Type: application/json; charset=utf-8
cache-control: no-cache
content-length: 14

10:44:22.819 [AsyncHttpClient-1-5] DEBUG org.asynchttpclient.netty.channel.ChannelManager - Adding key: http://localhost:63194 for channel [id: 0x7678fe05, L:/127.0.0.1:57469 - R:localhost/127.0.0.1:63194]
10:44:22.822 [Forwarding setTimeout on session c9d68bbea13653ec540c4dfd16de4bf7 to remote] DEBUG org.asynchttpclient.netty.request.NettyRequestSender - Using pooled Channel '[id: 0x7678fe05, L:/127.0.0.1:57469 - R:localhost/127.0.0.1:63194]' for 'POST' to 'http://localhost:63194/session/c9d68bbea13653ec540c4dfd16de4bf7/timeouts'
10:44:22.822 [Forwarding setTimeout on session c9d68bbea13653ec540c4dfd16de4bf7 to remote] DEBUG org.asynchttpclient.netty.request.NettyRequestSender - Using open Channel [id: 0x7678fe05, L:/127.0.0.1:57469 - R:localhost/127.0.0.1:63194] for POST '/session/c9d68bbea13653ec540c4dfd16de4bf7/timeouts'
10:44:22.826 [AsyncHttpClient-1-5] DEBUG org.asynchttpclient.netty.handler.HttpHandler - 

Request DefaultHttpRequest(decodeResult: success, version: HTTP/1.1)
POST /session/c9d68bbea13653ec540c4dfd16de4bf7/timeouts HTTP/1.1
User-Agent: selenium/4.1.2 (java windows)
Content-Length: 22
Content-Type: application/json; charset=utf-8
host: localhost:63194
accept: */*

Response DefaultHttpResponse(decodeResult: success, version: HTTP/1.1)
HTTP/1.1 200 OK
Content-Type: application/json; charset=utf-8
cache-control: no-cache
content-length: 14

10:44:22.826 [AsyncHttpClient-1-5] DEBUG org.asynchttpclient.netty.channel.ChannelManager - Adding key: http://localhost:63194 for channel [id: 0x7678fe05, L:/127.0.0.1:57469 - R:localhost/127.0.0.1:63194]
10:44:22.834 [Forwarding getCurrentUrl on session c9d68bbea13653ec540c4dfd16de4bf7 to remote] DEBUG org.asynchttpclient.netty.request.NettyRequestSender - Using pooled Channel '[id: 0x7678fe05, L:/127.0.0.1:57469 - R:localhost/127.0.0.1:63194]' for 'GET' to 'http://localhost:63194/session/c9d68bbea13653ec540c4dfd16de4bf7/url'
10:44:22.834 [Forwarding getCurrentUrl on session c9d68bbea13653ec540c4dfd16de4bf7 to remote] DEBUG org.asynchttpclient.netty.request.NettyRequestSender - Using open Channel [id: 0x7678fe05, L:/127.0.0.1:57469 - R:localhost/127.0.0.1:63194] for GET '/session/c9d68bbea13653ec540c4dfd16de4bf7/url'
10:44:22.841 [AsyncHttpClient-1-5] DEBUG org.asynchttpclient.netty.handler.HttpHandler - 

Request DefaultFullHttpRequest(decodeResult: success, version: HTTP/1.1, content: EmptyByteBufBE)
GET /session/c9d68bbea13653ec540c4dfd16de4bf7/url HTTP/1.1
User-Agent: selenium/4.1.2 (java windows)
Cache-Control: no-cache
Content-Type: application/json; charset=utf-8
host: localhost:63194
accept: */*

Response DefaultHttpResponse(decodeResult: success, version: HTTP/1.1)
HTTP/1.1 200 OK
Content-Type: application/json; charset=utf-8
cache-control: no-cache
content-length: 53

10:44:22.841 [AsyncHttpClient-1-5] DEBUG org.asynchttpclient.netty.channel.ChannelManager - Adding key: http://localhost:63194 for channel [id: 0x7678fe05, L:/127.0.0.1:57469 - R:localhost/127.0.0.1:63194]
10:44:22.847 [Forwarding getCurrentUrl on session c9d68bbea13653ec540c4dfd16de4bf7 to remote] DEBUG org.asynchttpclient.netty.request.NettyRequestSender - Using pooled Channel '[id: 0x7678fe05, L:/127.0.0.1:57469 - R:localhost/127.0.0.1:63194]' for 'GET' to 'http://localhost:63194/session/c9d68bbea13653ec540c4dfd16de4bf7/url'
10:44:22.848 [Forwarding getCurrentUrl on session c9d68bbea13653ec540c4dfd16de4bf7 to remote] DEBUG org.asynchttpclient.netty.request.NettyRequestSender - Using open Channel [id: 0x7678fe05, L:/127.0.0.1:57469 - R:localhost/127.0.0.1:63194] for GET '/session/c9d68bbea13653ec540c4dfd16de4bf7/url'
10:44:22.852 [AsyncHttpClient-1-5] DEBUG org.asynchttpclient.netty.handler.HttpHandler - 

Request DefaultFullHttpRequest(decodeResult: success, version: HTTP/1.1, content: EmptyByteBufBE)
GET /session/c9d68bbea13653ec540c4dfd16de4bf7/url HTTP/1.1
User-Agent: selenium/4.1.2 (java windows)
Cache-Control: no-cache
Content-Type: application/json; charset=utf-8
host: localhost:63194
accept: */*

Response DefaultHttpResponse(decodeResult: success, version: HTTP/1.1)
HTTP/1.1 200 OK
Content-Type: application/json; charset=utf-8
cache-control: no-cache
content-length: 53

10:44:22.853 [AsyncHttpClient-1-5] DEBUG org.asynchttpclient.netty.channel.ChannelManager - Adding key: http://localhost:63194 for channel [id: 0x7678fe05, L:/127.0.0.1:57469 - R:localhost/127.0.0.1:63194]
10:44:22.863 [Forwarding screenshot on session c9d68bbea13653ec540c4dfd16de4bf7 to remote] DEBUG org.asynchttpclient.netty.request.NettyRequestSender - Using pooled Channel '[id: 0x7678fe05, L:/127.0.0.1:57469 - R:localhost/127.0.0.1:63194]' for 'GET' to 'http://localhost:63194/session/c9d68bbea13653ec540c4dfd16de4bf7/screenshot'
10:44:22.863 [Forwarding screenshot on session c9d68bbea13653ec540c4dfd16de4bf7 to remote] DEBUG org.asynchttpclient.netty.request.NettyRequestSender - Using open Channel [id: 0x7678fe05, L:/127.0.0.1:57469 - R:localhost/127.0.0.1:63194] for GET '/session/c9d68bbea13653ec540c4dfd16de4bf7/screenshot'
10:44:23.182 [AsyncHttpClient-1-5] DEBUG org.asynchttpclient.netty.handler.HttpHandler - 

Request DefaultFullHttpRequest(decodeResult: success, version: HTTP/1.1, content: EmptyByteBufBE)
GET /session/c9d68bbea13653ec540c4dfd16de4bf7/screenshot HTTP/1.1
User-Agent: selenium/4.1.2 (java windows)
Cache-Control: no-cache
Content-Type: application/json; charset=utf-8
host: localhost:63194
accept: */*

Response DefaultHttpResponse(decodeResult: success, version: HTTP/1.1)
HTTP/1.1 200 OK
Content-Type: application/json; charset=utf-8
cache-control: no-cache
content-length: 382596

10:44:23.227 [AsyncHttpClient-1-5] DEBUG org.asynchttpclient.netty.channel.ChannelManager - Adding key: http://localhost:63194 for channel [id: 0x7678fe05, L:/127.0.0.1:57469 - R:localhost/127.0.0.1:63194]
10:44:23.275 [main] DEBUG net.serenitybdd.core.photography.Darkroom - Send negative for processing for target\site\serenity\ed15a54c91c342d96a850276df7b559f4526b370fc93040e3c407a48a170f368.png
10:44:23.276 [main] DEBUG net.thucydides.core.steps.StepInterceptor - STEP DONE: openUrl
10:44:23.287 [main] DEBUG net.thucydides.core.steps.StepInterceptor - STARTING STEP: DashboardSteps.iAmOnTheDashboardPage - validateOnDashboardPage
10:44:23.290 [Forwarding findElement on session c9d68bbea13653ec540c4dfd16de4bf7 to remote] DEBUG org.asynchttpclient.netty.request.NettyRequestSender - Using pooled Channel '[id: 0x7678fe05, L:/127.0.0.1:57469 - R:localhost/127.0.0.1:63194]' for 'POST' to 'http://localhost:63194/session/c9d68bbea13653ec540c4dfd16de4bf7/element'
10:44:23.290 [Forwarding findElement on session c9d68bbea13653ec540c4dfd16de4bf7 to remote] DEBUG org.asynchttpclient.netty.request.NettyRequestSender - Using open Channel [id: 0x7678fe05, L:/127.0.0.1:57469 - R:localhost/127.0.0.1:63194] for POST '/session/c9d68bbea13653ec540c4dfd16de4bf7/element'
10:44:23.312 [AsyncHttpClient-1-5] DEBUG org.asynchttpclient.netty.handler.HttpHandler - 

Request DefaultHttpRequest(decodeResult: success, version: HTTP/1.1)
POST /session/c9d68bbea13653ec540c4dfd16de4bf7/element HTTP/1.1
User-Agent: selenium/4.1.2 (java windows)
Content-Length: 81
Content-Type: application/json; charset=utf-8
host: localhost:63194
accept: */*

Response DefaultHttpResponse(decodeResult: success, version: HTTP/1.1)
HTTP/1.1 200 OK
Content-Type: application/json; charset=utf-8
cache-control: no-cache
content-length: 88

10:44:23.313 [AsyncHttpClient-1-5] DEBUG org.asynchttpclient.netty.channel.ChannelManager - Adding key: http://localhost:63194 for channel [id: 0x7678fe05, L:/127.0.0.1:57469 - R:localhost/127.0.0.1:63194]
10:44:23.319 [Forwarding isElementDisplayed on session c9d68bbea13653ec540c4dfd16de4bf7 to remote] DEBUG org.asynchttpclient.netty.request.NettyRequestSender - Using pooled Channel '[id: 0x7678fe05, L:/127.0.0.1:57469 - R:localhost/127.0.0.1:63194]' for 'POST' to 'http://localhost:63194/session/c9d68bbea13653ec540c4dfd16de4bf7/execute/sync'
10:44:23.319 [Forwarding isElementDisplayed on session c9d68bbea13653ec540c4dfd16de4bf7 to remote] DEBUG org.asynchttpclient.netty.request.NettyRequestSender - Using open Channel [id: 0x7678fe05, L:/127.0.0.1:57469 - R:localhost/127.0.0.1:63194] for POST '/session/c9d68bbea13653ec540c4dfd16de4bf7/execute/sync'
10:44:23.436 [AsyncHttpClient-1-5] DEBUG org.asynchttpclient.netty.handler.HttpHandler - 

Request DefaultHttpRequest(decodeResult: success, version: HTTP/1.1)
POST /session/c9d68bbea13653ec540c4dfd16de4bf7/execute/sync HTTP/1.1
User-Agent: selenium/4.1.2 (java windows)
Content-Length: 48780
Content-Type: application/json; charset=utf-8
host: localhost:63194
accept: */*

Response DefaultHttpResponse(decodeResult: success, version: HTTP/1.1)
HTTP/1.1 200 OK
Content-Type: application/json; charset=utf-8
cache-control: no-cache
content-length: 14

10:44:23.436 [AsyncHttpClient-1-5] DEBUG org.asynchttpclient.netty.channel.ChannelManager - Adding key: http://localhost:63194 for channel [id: 0x7678fe05, L:/127.0.0.1:57469 - R:localhost/127.0.0.1:63194]
10:44:23.446 [Forwarding screenshot on session c9d68bbea13653ec540c4dfd16de4bf7 to remote] DEBUG org.asynchttpclient.netty.request.NettyRequestSender - Using pooled Channel '[id: 0x7678fe05, L:/127.0.0.1:57469 - R:localhost/127.0.0.1:63194]' for 'GET' to 'http://localhost:63194/session/c9d68bbea13653ec540c4dfd16de4bf7/screenshot'
10:44:23.446 [Forwarding screenshot on session c9d68bbea13653ec540c4dfd16de4bf7 to remote] DEBUG org.asynchttpclient.netty.request.NettyRequestSender - Using open Channel [id: 0x7678fe05, L:/127.0.0.1:57469 - R:localhost/127.0.0.1:63194] for GET '/session/c9d68bbea13653ec540c4dfd16de4bf7/screenshot'
10:44:23.464 [AsyncHttpClient-1-1] DEBUG org.asynchttpclient.netty.channel.DefaultChannelPool - Entry count for : http://localhost:57472 : 1
10:44:23.776 [AsyncHttpClient-1-5] DEBUG org.asynchttpclient.netty.handler.HttpHandler - 

Request DefaultFullHttpRequest(decodeResult: success, version: HTTP/1.1, content: EmptyByteBufBE)
GET /session/c9d68bbea13653ec540c4dfd16de4bf7/screenshot HTTP/1.1
User-Agent: selenium/4.1.2 (java windows)
Cache-Control: no-cache
Content-Type: application/json; charset=utf-8
host: localhost:63194
accept: */*

Response DefaultHttpResponse(decodeResult: success, version: HTTP/1.1)
HTTP/1.1 200 OK
Content-Type: application/json; charset=utf-8
cache-control: no-cache
content-length: 382596

10:44:23.779 [AsyncHttpClient-1-5] DEBUG org.asynchttpclient.netty.channel.ChannelManager - Adding key: http://localhost:63194 for channel [id: 0x7678fe05, L:/127.0.0.1:57469 - R:localhost/127.0.0.1:63194]
10:44:23.822 [main] DEBUG net.serenitybdd.core.photography.Darkroom - Send negative for processing for target\site\serenity\ed15a54c91c342d96a850276df7b559f4526b370fc93040e3c407a48a170f368.png
10:44:23.822 [main] DEBUG net.thucydides.core.steps.StepInterceptor - STEP DONE: validateOnDashboardPage
  &amp#27;[32mGiven &amp#27;[0m&amp#27;[32mI am on the dashboard page&amp#27;[0m                                              &amp#27;[90m# starter.stepdefinitions.DashboardSteps.iAmOnTheDashboardPage()&amp#27;[0m
10:44:23.994 [Forwarding screenshot on session c9d68bbea13653ec540c4dfd16de4bf7 to remote] DEBUG org.asynchttpclient.netty.request.NettyRequestSender - Using pooled Channel '[id: 0x7678fe05, L:/127.0.0.1:57469 - R:localhost/127.0.0.1:63194]' for 'GET' to 'http://localhost:63194/session/c9d68bbea13653ec540c4dfd16de4bf7/screenshot'
10:44:23.994 [Forwarding screenshot on session c9d68bbea13653ec540c4dfd16de4bf7 to remote] DEBUG org.asynchttpclient.netty.request.NettyRequestSender - Using open Channel [id: 0x7678fe05, L:/127.0.0.1:57469 - R:localhost/127.0.0.1:63194] for GET '/session/c9d68bbea13653ec540c4dfd16de4bf7/screenshot'
10:44:24.317 [AsyncHttpClient-1-5] DEBUG org.asynchttpclient.netty.handler.HttpHandler - 

Request DefaultFullHttpRequest(decodeResult: success, version: HTTP/1.1, content: EmptyByteBufBE)
GET /session/c9d68bbea13653ec540c4dfd16de4bf7/screenshot HTTP/1.1
User-Agent: selenium/4.1.2 (java windows)
Cache-Control: no-cache
Content-Type: application/json; charset=utf-8
host: localhost:63194
accept: */*

Response DefaultHttpResponse(decodeResult: success, version: HTTP/1.1)
HTTP/1.1 200 OK
Content-Type: application/json; charset=utf-8
cache-control: no-cache
content-length: 382596

10:44:24.320 [AsyncHttpClient-1-5] DEBUG org.asynchttpclient.netty.channel.ChannelManager - Adding key: http://localhost:63194 for channel [id: 0x7678fe05, L:/127.0.0.1:57469 - R:localhost/127.0.0.1:63194]
10:44:24.347 [main] DEBUG net.serenitybdd.core.photography.Darkroom - Send negative for processing for target\site\serenity\ed15a54c91c342d96a850276df7b559f4526b370fc93040e3c407a48a170f368.png
10:44:24.398 [Forwarding screenshot on session c9d68bbea13653ec540c4dfd16de4bf7 to remote] DEBUG org.asynchttpclient.netty.request.NettyRequestSender - Using pooled Channel '[id: 0x7678fe05, L:/127.0.0.1:57469 - R:localhost/127.0.0.1:63194]' for 'GET' to 'http://localhost:63194/session/c9d68bbea13653ec540c4dfd16de4bf7/screenshot'
10:44:24.398 [Forwarding screenshot on session c9d68bbea13653ec540c4dfd16de4bf7 to remote] DEBUG org.asynchttpclient.netty.request.NettyRequestSender - Using open Channel [id: 0x7678fe05, L:/127.0.0.1:57469 - R:localhost/127.0.0.1:63194] for GET '/session/c9d68bbea13653ec540c4dfd16de4bf7/screenshot'
10:44:24.564 [AsyncHttpClient-1-1] DEBUG org.asynchttpclient.netty.channel.DefaultChannelPool - Entry count for : http://localhost:57472 : 1
10:44:24.941 [AsyncHttpClient-1-5] DEBUG org.asynchttpclient.netty.handler.HttpHandler - 

Request DefaultFullHttpRequest(decodeResult: success, version: HTTP/1.1, content: EmptyByteBufBE)
GET /session/c9d68bbea13653ec540c4dfd16de4bf7/screenshot HTTP/1.1
User-Agent: selenium/4.1.2 (java windows)
Cache-Control: no-cache
Content-Type: application/json; charset=utf-8
host: localhost:63194
accept: */*

Response DefaultHttpResponse(decodeResult: success, version: HTTP/1.1)
HTTP/1.1 200 OK
Content-Type: application/json; charset=utf-8
cache-control: no-cache
content-length: 351816

10:44:24.944 [AsyncHttpClient-1-5] DEBUG org.asynchttpclient.netty.channel.ChannelManager - Adding key: http://localhost:63194 for channel [id: 0x7678fe05, L:/127.0.0.1:57469 - R:localhost/127.0.0.1:63194]
10:44:24.970 [main] DEBUG net.serenitybdd.core.photography.Darkroom - Send negative for processing for target\site\serenity\20277f1d76f1b925628464fcd1ece5de77a814679d1be3fdcf836a7ddadfed60.png
10:44:24.971 [main] DEBUG net.thucydides.core.steps.StepInterceptor - STARTING STEP: AppointmentSteps.iClickMenuAppointment - clickMenuAppointmentButton
10:44:24.976 [Forwarding findElement on session c9d68bbea13653ec540c4dfd16de4bf7 to remote] DEBUG org.asynchttpclient.netty.request.NettyRequestSender - Using pooled Channel '[id: 0x7678fe05, L:/127.0.0.1:57469 - R:localhost/127.0.0.1:63194]' for 'POST' to 'http://localhost:63194/session/c9d68bbea13653ec540c4dfd16de4bf7/element'
10:44:24.976 [Forwarding findElement on session c9d68bbea13653ec540c4dfd16de4bf7 to remote] DEBUG org.asynchttpclient.netty.request.NettyRequestSender - Using open Channel [id: 0x7678fe05, L:/127.0.0.1:57469 - R:localhost/127.0.0.1:63194] for POST '/session/c9d68bbea13653ec540c4dfd16de4bf7/element'
10:44:24.993 [AsyncHttpClient-1-5] DEBUG org.asynchttpclient.netty.handler.HttpHandler - 

Request DefaultHttpRequest(decodeResult: success, version: HTTP/1.1)
POST /session/c9d68bbea13653ec540c4dfd16de4bf7/element HTTP/1.1
User-Agent: selenium/4.1.2 (java windows)
Content-Length: 84
Content-Type: application/json; charset=utf-8
host: localhost:63194
accept: */*

Response DefaultHttpResponse(decodeResult: success, version: HTTP/1.1)
HTTP/1.1 200 OK
Content-Type: application/json; charset=utf-8
cache-control: no-cache
content-length: 88

10:44:24.994 [AsyncHttpClient-1-5] DEBUG org.asynchttpclient.netty.channel.ChannelManager - Adding key: http://localhost:63194 for channel [id: 0x7678fe05, L:/127.0.0.1:57469 - R:localhost/127.0.0.1:63194]
10:44:24.996 [Forwarding getElementTagName on session c9d68bbea13653ec540c4dfd16de4bf7 to remote] DEBUG org.asynchttpclient.netty.request.NettyRequestSender - Using pooled Channel '[id: 0x7678fe05, L:/127.0.0.1:57469 - R:localhost/127.0.0.1:63194]' for 'GET' to 'http://localhost:63194/session/c9d68bbea13653ec540c4dfd16de4bf7/element/32e7c54c-3108-4448-9200-7d7a22e114d0/name'
10:44:24.996 [Forwarding getElementTagName on session c9d68bbea13653ec540c4dfd16de4bf7 to remote] DEBUG org.asynchttpclient.netty.request.NettyRequestSender - Using open Channel [id: 0x7678fe05, L:/127.0.0.1:57469 - R:localhost/127.0.0.1:63194] for GET '/session/c9d68bbea13653ec540c4dfd16de4bf7/element/32e7c54c-3108-4448-9200-7d7a22e114d0/name'
10:44:25.005 [AsyncHttpClient-1-5] DEBUG org.asynchttpclient.netty.handler.HttpHandler - 

Request DefaultFullHttpRequest(decodeResult: success, version: HTTP/1.1, content: EmptyByteBufBE)
GET /session/c9d68bbea13653ec540c4dfd16de4bf7/element/32e7c54c-3108-4448-9200-7d7a22e114d0/name HTTP/1.1
User-Agent: selenium/4.1.2 (java windows)
Cache-Control: no-cache
Content-Type: application/json; charset=utf-8
host: localhost:63194
accept: */*

Response DefaultHttpResponse(decodeResult: success, version: HTTP/1.1)
HTTP/1.1 200 OK
Content-Type: application/json; charset=utf-8
cache-control: no-cache
content-length: 15

10:44:25.005 [AsyncHttpClient-1-5] DEBUG org.asynchttpclient.netty.channel.ChannelManager - Adding key: http://localhost:63194 for channel [id: 0x7678fe05, L:/127.0.0.1:57469 - R:localhost/127.0.0.1:63194]
10:44:25.007 [Forwarding getElementTagName on session c9d68bbea13653ec540c4dfd16de4bf7 to remote] DEBUG org.asynchttpclient.netty.request.NettyRequestSender - Using pooled Channel '[id: 0x7678fe05, L:/127.0.0.1:57469 - R:localhost/127.0.0.1:63194]' for 'GET' to 'http://localhost:63194/session/c9d68bbea13653ec540c4dfd16de4bf7/element/32e7c54c-3108-4448-9200-7d7a22e114d0/name'
10:44:25.007 [Forwarding getElementTagName on session c9d68bbea13653ec540c4dfd16de4bf7 to remote] DEBUG org.asynchttpclient.netty.request.NettyRequestSender - Using open Channel [id: 0x7678fe05, L:/127.0.0.1:57469 - R:localhost/127.0.0.1:63194] for GET '/session/c9d68bbea13653ec540c4dfd16de4bf7/element/32e7c54c-3108-4448-9200-7d7a22e114d0/name'
10:44:25.013 [AsyncHttpClient-1-5] DEBUG org.asynchttpclient.netty.handler.HttpHandler - 

Request DefaultFullHttpRequest(decodeResult: success, version: HTTP/1.1, content: EmptyByteBufBE)
GET /session/c9d68bbea13653ec540c4dfd16de4bf7/element/32e7c54c-3108-4448-9200-7d7a22e114d0/name HTTP/1.1
User-Agent: selenium/4.1.2 (java windows)
Cache-Control: no-cache
Content-Type: application/json; charset=utf-8
host: localhost:63194
accept: */*

Response DefaultHttpResponse(decodeResult: success, version: HTTP/1.1)
HTTP/1.1 200 OK
Content-Type: application/json; charset=utf-8
cache-control: no-cache
content-length: 15

10:44:25.013 [AsyncHttpClient-1-5] DEBUG org.asynchttpclient.netty.channel.ChannelManager - Adding key: http://localhost:63194 for channel [id: 0x7678fe05, L:/127.0.0.1:57469 - R:localhost/127.0.0.1:63194]
10:44:25.017 [Forwarding findElement on session c9d68bbea13653ec540c4dfd16de4bf7 to remote] DEBUG org.asynchttpclient.netty.request.NettyRequestSender - Using pooled Channel '[id: 0x7678fe05, L:/127.0.0.1:57469 - R:localhost/127.0.0.1:63194]' for 'POST' to 'http://localhost:63194/session/c9d68bbea13653ec540c4dfd16de4bf7/element'
10:44:25.017 [Forwarding findElement on session c9d68bbea13653ec540c4dfd16de4bf7 to remote] DEBUG org.asynchttpclient.netty.request.NettyRequestSender - Using open Channel [id: 0x7678fe05, L:/127.0.0.1:57469 - R:localhost/127.0.0.1:63194] for POST '/session/c9d68bbea13653ec540c4dfd16de4bf7/element'
10:44:25.031 [AsyncHttpClient-1-5] DEBUG org.asynchttpclient.netty.handler.HttpHandler - 

Request DefaultHttpRequest(decodeResult: success, version: HTTP/1.1)
POST /session/c9d68bbea13653ec540c4dfd16de4bf7/element HTTP/1.1
User-Agent: selenium/4.1.2 (java windows)
Content-Length: 84
Content-Type: application/json; charset=utf-8
host: localhost:63194
accept: */*

Response DefaultHttpResponse(decodeResult: success, version: HTTP/1.1)
HTTP/1.1 200 OK
Content-Type: application/json; charset=utf-8
cache-control: no-cache
content-length: 88

10:44:25.031 [AsyncHttpClient-1-5] DEBUG org.asynchttpclient.netty.channel.ChannelManager - Adding key: http://localhost:63194 for channel [id: 0x7678fe05, L:/127.0.0.1:57469 - R:localhost/127.0.0.1:63194]
10:44:25.035 [Forwarding clickElement on session c9d68bbea13653ec540c4dfd16de4bf7 to remote] DEBUG org.asynchttpclient.netty.request.NettyRequestSender - Using pooled Channel '[id: 0x7678fe05, L:/127.0.0.1:57469 - R:localhost/127.0.0.1:63194]' for 'POST' to 'http://localhost:63194/session/c9d68bbea13653ec540c4dfd16de4bf7/element/32e7c54c-3108-4448-9200-7d7a22e114d0/click'
10:44:25.035 [Forwarding clickElement on session c9d68bbea13653ec540c4dfd16de4bf7 to remote] DEBUG org.asynchttpclient.netty.request.NettyRequestSender - Using open Channel [id: 0x7678fe05, L:/127.0.0.1:57469 - R:localhost/127.0.0.1:63194] for POST '/session/c9d68bbea13653ec540c4dfd16de4bf7/element/32e7c54c-3108-4448-9200-7d7a22e114d0/click'
10:44:25.342 [AsyncHttpClient-1-5] DEBUG org.asynchttpclient.netty.handler.HttpHandler - 

Request DefaultHttpRequest(decodeResult: success, version: HTTP/1.1)
POST /session/c9d68bbea13653ec540c4dfd16de4bf7/element/32e7c54c-3108-4448-9200-7d7a22e114d0/click HTTP/1.1
User-Agent: selenium/4.1.2 (java windows)
Content-Length: 50
Content-Type: application/json; charset=utf-8
host: localhost:63194
accept: */*

Response DefaultHttpResponse(decodeResult: success, version: HTTP/1.1)
HTTP/1.1 200 OK
Content-Type: application/json; charset=utf-8
cache-control: no-cache
content-length: 14

10:44:25.342 [AsyncHttpClient-1-5] DEBUG org.asynchttpclient.netty.channel.ChannelManager - Adding key: http://localhost:63194 for channel [id: 0x7678fe05, L:/127.0.0.1:57469 - R:localhost/127.0.0.1:63194]
10:44:25.357 [Forwarding screenshot on session c9d68bbea13653ec540c4dfd16de4bf7 to remote] DEBUG org.asynchttpclient.netty.request.NettyRequestSender - Using pooled Channel '[id: 0x7678fe05, L:/127.0.0.1:57469 - R:localhost/127.0.0.1:63194]' for 'GET' to 'http://localhost:63194/session/c9d68bbea13653ec540c4dfd16de4bf7/screenshot'
10:44:25.357 [Forwarding screenshot on session c9d68bbea13653ec540c4dfd16de4bf7 to remote] DEBUG org.asynchttpclient.netty.request.NettyRequestSender - Using open Channel [id: 0x7678fe05, L:/127.0.0.1:57469 - R:localhost/127.0.0.1:63194] for GET '/session/c9d68bbea13653ec540c4dfd16de4bf7/screenshot'
10:44:25.595 [AsyncHttpClient-1-5] DEBUG org.asynchttpclient.netty.handler.HttpHandler - 

Request DefaultFullHttpRequest(decodeResult: success, version: HTTP/1.1, content: EmptyByteBufBE)
GET /session/c9d68bbea13653ec540c4dfd16de4bf7/screenshot HTTP/1.1
User-Agent: selenium/4.1.2 (java windows)
Cache-Control: no-cache
Content-Type: application/json; charset=utf-8
host: localhost:63194
accept: */*

Response DefaultHttpResponse(decodeResult: success, version: HTTP/1.1)
HTTP/1.1 200 OK
Content-Type: application/json; charset=utf-8
cache-control: no-cache
content-length: 77864

10:44:25.596 [AsyncHttpClient-1-5] DEBUG org.asynchttpclient.netty.channel.ChannelManager - Adding key: http://localhost:63194 for channel [id: 0x7678fe05, L:/127.0.0.1:57469 - R:localhost/127.0.0.1:63194]
10:44:25.603 [main] DEBUG net.serenitybdd.core.photography.Darkroom - Send negative for processing for target\site\serenity\1f121c84ac5ed486a34b6564ef548c7a63c0810ba65b369a172b58667ec6d336.png
10:44:25.603 [main] DEBUG net.thucydides.core.steps.StepInterceptor - STEP DONE: clickMenuAppointmentButton
  &amp#27;[32mAnd &amp#27;[0m&amp#27;[32mI click menu Appointment&amp#27;[0m                                                  &amp#27;[90m# starter.stepdefinitions.AppointmentSteps.iClickMenuAppointment()&amp#27;[0m
10:44:25.630 [main] DEBUG net.thucydides.core.steps.StepInterceptor - STARTING STEP: AppointmentSteps.iClickAppointmentDepartmentDropdown - clickFilterDropdown
10:44:25.636 [Forwarding findElement on session c9d68bbea13653ec540c4dfd16de4bf7 to remote] DEBUG org.asynchttpclient.netty.request.NettyRequestSender - Using pooled Channel '[id: 0x7678fe05, L:/127.0.0.1:57469 - R:localhost/127.0.0.1:63194]' for 'POST' to 'http://localhost:63194/session/c9d68bbea13653ec540c4dfd16de4bf7/element'
10:44:25.636 [Forwarding findElement on session c9d68bbea13653ec540c4dfd16de4bf7 to remote] DEBUG org.asynchttpclient.netty.request.NettyRequestSender - Using open Channel [id: 0x7678fe05, L:/127.0.0.1:57469 - R:localhost/127.0.0.1:63194] for POST '/session/c9d68bbea13653ec540c4dfd16de4bf7/element'
10:44:25.651 [AsyncHttpClient-1-5] DEBUG org.asynchttpclient.netty.handler.HttpHandler - 

Request DefaultHttpRequest(decodeResult: success, version: HTTP/1.1)
POST /session/c9d68bbea13653ec540c4dfd16de4bf7/element HTTP/1.1
User-Agent: selenium/4.1.2 (java windows)
Content-Length: 146
Content-Type: application/json; charset=utf-8
host: localhost:63194
accept: */*

Response DefaultHttpResponse(decodeResult: success, version: HTTP/1.1)
HTTP/1.1 200 OK
Content-Type: application/json; charset=utf-8
cache-control: no-cache
content-length: 88

10:44:25.651 [AsyncHttpClient-1-5] DEBUG org.asynchttpclient.netty.channel.ChannelManager - Adding key: http://localhost:63194 for channel [id: 0x7678fe05, L:/127.0.0.1:57469 - R:localhost/127.0.0.1:63194]
10:44:25.653 [Forwarding getElementTagName on session c9d68bbea13653ec540c4dfd16de4bf7 to remote] DEBUG org.asynchttpclient.netty.request.NettyRequestSender - Using pooled Channel '[id: 0x7678fe05, L:/127.0.0.1:57469 - R:localhost/127.0.0.1:63194]' for 'GET' to 'http://localhost:63194/session/c9d68bbea13653ec540c4dfd16de4bf7/element/0ee12e3e-1818-400f-8d75-fe4b21fdec5e/name'
10:44:25.653 [Forwarding getElementTagName on session c9d68bbea13653ec540c4dfd16de4bf7 to remote] DEBUG org.asynchttpclient.netty.request.NettyRequestSender - Using open Channel [id: 0x7678fe05, L:/127.0.0.1:57469 - R:localhost/127.0.0.1:63194] for GET '/session/c9d68bbea13653ec540c4dfd16de4bf7/element/0ee12e3e-1818-400f-8d75-fe4b21fdec5e/name'
10:44:25.658 [AsyncHttpClient-1-5] DEBUG org.asynchttpclient.netty.handler.HttpHandler - 

Request DefaultFullHttpRequest(decodeResult: success, version: HTTP/1.1, content: EmptyByteBufBE)
GET /session/c9d68bbea13653ec540c4dfd16de4bf7/element/0ee12e3e-1818-400f-8d75-fe4b21fdec5e/name HTTP/1.1
User-Agent: selenium/4.1.2 (java windows)
Cache-Control: no-cache
Content-Type: application/json; charset=utf-8
host: localhost:63194
accept: */*

Response DefaultHttpResponse(decodeResult: success, version: HTTP/1.1)
HTTP/1.1 200 OK
Content-Type: application/json; charset=utf-8
cache-control: no-cache
content-length: 15

10:44:25.659 [AsyncHttpClient-1-5] DEBUG org.asynchttpclient.netty.channel.ChannelManager - Adding key: http://localhost:63194 for channel [id: 0x7678fe05, L:/127.0.0.1:57469 - R:localhost/127.0.0.1:63194]
10:44:25.660 [Forwarding getElementTagName on session c9d68bbea13653ec540c4dfd16de4bf7 to remote] DEBUG org.asynchttpclient.netty.request.NettyRequestSender - Using pooled Channel '[id: 0x7678fe05, L:/127.0.0.1:57469 - R:localhost/127.0.0.1:63194]' for 'GET' to 'http://localhost:63194/session/c9d68bbea13653ec540c4dfd16de4bf7/element/0ee12e3e-1818-400f-8d75-fe4b21fdec5e/name'
10:44:25.661 [Forwarding getElementTagName on session c9d68bbea13653ec540c4dfd16de4bf7 to remote] DEBUG org.asynchttpclient.netty.request.NettyRequestSender - Using open Channel [id: 0x7678fe05, L:/127.0.0.1:57469 - R:localhost/127.0.0.1:63194] for GET '/session/c9d68bbea13653ec540c4dfd16de4bf7/element/0ee12e3e-1818-400f-8d75-fe4b21fdec5e/name'
10:44:25.664 [AsyncHttpClient-1-1] DEBUG org.asynchttpclient.netty.channel.DefaultChannelPool - Entry count for : http://localhost:57472 : 1
10:44:25.664 [AsyncHttpClient-1-5] DEBUG org.asynchttpclient.netty.handler.HttpHandler - 

Request DefaultFullHttpRequest(decodeResult: success, version: HTTP/1.1, content: EmptyByteBufBE)
GET /session/c9d68bbea13653ec540c4dfd16de4bf7/element/0ee12e3e-1818-400f-8d75-fe4b21fdec5e/name HTTP/1.1
User-Agent: selenium/4.1.2 (java windows)
Cache-Control: no-cache
Content-Type: application/json; charset=utf-8
host: localhost:63194
accept: */*

Response DefaultHttpResponse(decodeResult: success, version: HTTP/1.1)
HTTP/1.1 200 OK
Content-Type: application/json; charset=utf-8
cache-control: no-cache
content-length: 15

10:44:25.665 [AsyncHttpClient-1-5] DEBUG org.asynchttpclient.netty.channel.ChannelManager - Adding key: http://localhost:63194 for channel [id: 0x7678fe05, L:/127.0.0.1:57469 - R:localhost/127.0.0.1:63194]
10:44:25.667 [Forwarding findElement on session c9d68bbea13653ec540c4dfd16de4bf7 to remote] DEBUG org.asynchttpclient.netty.request.NettyRequestSender - Using pooled Channel '[id: 0x7678fe05, L:/127.0.0.1:57469 - R:localhost/127.0.0.1:63194]' for 'POST' to 'http://localhost:63194/session/c9d68bbea13653ec540c4dfd16de4bf7/element'
10:44:25.668 [Forwarding findElement on session c9d68bbea13653ec540c4dfd16de4bf7 to remote] DEBUG org.asynchttpclient.netty.request.NettyRequestSender - Using open Channel [id: 0x7678fe05, L:/127.0.0.1:57469 - R:localhost/127.0.0.1:63194] for POST '/session/c9d68bbea13653ec540c4dfd16de4bf7/element'
10:44:25.677 [AsyncHttpClient-1-5] DEBUG org.asynchttpclient.netty.handler.HttpHandler - 

Request DefaultHttpRequest(decodeResult: success, version: HTTP/1.1)
POST /session/c9d68bbea13653ec540c4dfd16de4bf7/element HTTP/1.1
User-Agent: selenium/4.1.2 (java windows)
Content-Length: 146
Content-Type: application/json; charset=utf-8
host: localhost:63194
accept: */*

Response DefaultHttpResponse(decodeResult: success, version: HTTP/1.1)
HTTP/1.1 200 OK
Content-Type: application/json; charset=utf-8
cache-control: no-cache
content-length: 88

10:44:25.677 [AsyncHttpClient-1-5] DEBUG org.asynchttpclient.netty.channel.ChannelManager - Adding key: http://localhost:63194 for channel [id: 0x7678fe05, L:/127.0.0.1:57469 - R:localhost/127.0.0.1:63194]
10:44:25.678 [Forwarding clickElement on session c9d68bbea13653ec540c4dfd16de4bf7 to remote] DEBUG org.asynchttpclient.netty.request.NettyRequestSender - Using pooled Channel '[id: 0x7678fe05, L:/127.0.0.1:57469 - R:localhost/127.0.0.1:63194]' for 'POST' to 'http://localhost:63194/session/c9d68bbea13653ec540c4dfd16de4bf7/element/0ee12e3e-1818-400f-8d75-fe4b21fdec5e/click'
10:44:25.679 [Forwarding clickElement on session c9d68bbea13653ec540c4dfd16de4bf7 to remote] DEBUG org.asynchttpclient.netty.request.NettyRequestSender - Using open Channel [id: 0x7678fe05, L:/127.0.0.1:57469 - R:localhost/127.0.0.1:63194] for POST '/session/c9d68bbea13653ec540c4dfd16de4bf7/element/0ee12e3e-1818-400f-8d75-fe4b21fdec5e/click'
10:44:25.834 [AsyncHttpClient-1-5] DEBUG org.asynchttpclient.netty.handler.HttpHandler - 

Request DefaultHttpRequest(decodeResult: success, version: HTTP/1.1)
POST /session/c9d68bbea13653ec540c4dfd16de4bf7/element/0ee12e3e-1818-400f-8d75-fe4b21fdec5e/click HTTP/1.1
User-Agent: selenium/4.1.2 (java windows)
Content-Length: 50
Content-Type: application/json; charset=utf-8
host: localhost:63194
accept: */*

Response DefaultHttpResponse(decodeResult: success, version: HTTP/1.1)
HTTP/1.1 200 OK
Content-Type: application/json; charset=utf-8
cache-control: no-cache
content-length: 14

10:44:25.835 [AsyncHttpClient-1-5] DEBUG org.asynchttpclient.netty.channel.ChannelManager - Adding key: http://localhost:63194 for channel [id: 0x7678fe05, L:/127.0.0.1:57469 - R:localhost/127.0.0.1:63194]
10:44:25.848 [Forwarding screenshot on session c9d68bbea13653ec540c4dfd16de4bf7 to remote] DEBUG org.asynchttpclient.netty.request.NettyRequestSender - Using pooled Channel '[id: 0x7678fe05, L:/127.0.0.1:57469 - R:localhost/127.0.0.1:63194]' for 'GET' to 'http://localhost:63194/session/c9d68bbea13653ec540c4dfd16de4bf7/screenshot'
10:44:25.848 [Forwarding screenshot on session c9d68bbea13653ec540c4dfd16de4bf7 to remote] DEBUG org.asynchttpclient.netty.request.NettyRequestSender - Using open Channel [id: 0x7678fe05, L:/127.0.0.1:57469 - R:localhost/127.0.0.1:63194] for GET '/session/c9d68bbea13653ec540c4dfd16de4bf7/screenshot'
10:44:26.019 [AsyncHttpClient-1-5] DEBUG org.asynchttpclient.netty.handler.HttpHandler - 

Request DefaultFullHttpRequest(decodeResult: success, version: HTTP/1.1, content: EmptyByteBufBE)
GET /session/c9d68bbea13653ec540c4dfd16de4bf7/screenshot HTTP/1.1
User-Agent: selenium/4.1.2 (java windows)
Cache-Control: no-cache
Content-Type: application/json; charset=utf-8
host: localhost:63194
accept: */*

Response DefaultHttpResponse(decodeResult: success, version: HTTP/1.1)
HTTP/1.1 200 OK
Content-Type: application/json; charset=utf-8
cache-control: no-cache
content-length: 107036

10:44:26.020 [AsyncHttpClient-1-5] DEBUG org.asynchttpclient.netty.channel.ChannelManager - Adding key: http://localhost:63194 for channel [id: 0x7678fe05, L:/127.0.0.1:57469 - R:localhost/127.0.0.1:63194]
10:44:26.027 [main] DEBUG net.serenitybdd.core.photography.Darkroom - Send negative for processing for target\site\serenity\e579b1501c12dae7c06ccee8eff0cb8bc5cd7f02479f63df50a70bed4933a934.png
10:44:26.028 [main] DEBUG net.thucydides.core.steps.StepInterceptor - STEP DONE: clickFilterDropdown
  &amp#27;[32mWhen &amp#27;[0m&amp#27;[32mI click Appointment Department Filter Dropdown&amp#27;[0m                           &amp#27;[90m# starter.stepdefinitions.AppointmentSteps.iClickAppointmentDepartmentDropdown()&amp#27;[0m
10:44:26.028 [Darkroom Processing Line] DEBUG net.serenitybdd.core.photography.DarkroomProcessingLine - Processing screenshot image in /var/screenshots/screenshot-2253051375584245276
10:44:26.028 [Darkroom Processing Line] DEBUG net.serenitybdd.core.photography.DarkroomProcessingLine - Saving screenshot to target\site\serenity\e579b1501c12dae7c06ccee8eff0cb8bc5cd7f02479f63df50a70bed4933a934.png
10:44:26.054 [main] DEBUG net.thucydides.core.steps.StepInterceptor - STARTING STEP: AppointmentSteps.iClickAppointmentCardiology - clickCardiologyMenu
10:44:26.066 [Forwarding findElement on session c9d68bbea13653ec540c4dfd16de4bf7 to remote] DEBUG org.asynchttpclient.netty.request.NettyRequestSender - Using pooled Channel '[id: 0x7678fe05, L:/127.0.0.1:57469 - R:localhost/127.0.0.1:63194]' for 'POST' to 'http://localhost:63194/session/c9d68bbea13653ec540c4dfd16de4bf7/element'
10:44:26.066 [Forwarding findElement on session c9d68bbea13653ec540c4dfd16de4bf7 to remote] DEBUG org.asynchttpclient.netty.request.NettyRequestSender - Using open Channel [id: 0x7678fe05, L:/127.0.0.1:57469 - R:localhost/127.0.0.1:63194] for POST '/session/c9d68bbea13653ec540c4dfd16de4bf7/element'
10:44:26.138 [AsyncHttpClient-1-5] DEBUG org.asynchttpclient.netty.handler.HttpHandler - 

Request DefaultHttpRequest(decodeResult: success, version: HTTP/1.1)
POST /session/c9d68bbea13653ec540c4dfd16de4bf7/element HTTP/1.1
User-Agent: selenium/4.1.2 (java windows)
Content-Length: 109
Content-Type: application/json; charset=utf-8
host: localhost:63194
accept: */*

Response DefaultHttpResponse(decodeResult: success, version: HTTP/1.1)
HTTP/1.1 200 OK
Content-Type: application/json; charset=utf-8
cache-control: no-cache
content-length: 88

10:44:26.138 [AsyncHttpClient-1-5] DEBUG org.asynchttpclient.netty.channel.ChannelManager - Adding key: http://localhost:63194 for channel [id: 0x7678fe05, L:/127.0.0.1:57469 - R:localhost/127.0.0.1:63194]
10:44:26.140 [Forwarding getElementTagName on session c9d68bbea13653ec540c4dfd16de4bf7 to remote] DEBUG org.asynchttpclient.netty.request.NettyRequestSender - Using pooled Channel '[id: 0x7678fe05, L:/127.0.0.1:57469 - R:localhost/127.0.0.1:63194]' for 'GET' to 'http://localhost:63194/session/c9d68bbea13653ec540c4dfd16de4bf7/element/c5d8ba67-d070-4d32-8a93-b1398e40bc90/name'
10:44:26.140 [Forwarding getElementTagName on session c9d68bbea13653ec540c4dfd16de4bf7 to remote] DEBUG org.asynchttpclient.netty.request.NettyRequestSender - Using open Channel [id: 0x7678fe05, L:/127.0.0.1:57469 - R:localhost/127.0.0.1:63194] for GET '/session/c9d68bbea13653ec540c4dfd16de4bf7/element/c5d8ba67-d070-4d32-8a93-b1398e40bc90/name'
10:44:26.146 [AsyncHttpClient-1-5] DEBUG org.asynchttpclient.netty.handler.HttpHandler - 

Request DefaultFullHttpRequest(decodeResult: success, version: HTTP/1.1, content: EmptyByteBufBE)
GET /session/c9d68bbea13653ec540c4dfd16de4bf7/element/c5d8ba67-d070-4d32-8a93-b1398e40bc90/name HTTP/1.1
User-Agent: selenium/4.1.2 (java windows)
Cache-Control: no-cache
Content-Type: application/json; charset=utf-8
host: localhost:63194
accept: */*

Response DefaultHttpResponse(decodeResult: success, version: HTTP/1.1)
HTTP/1.1 200 OK
Content-Type: application/json; charset=utf-8
cache-control: no-cache
content-length: 14

10:44:26.146 [AsyncHttpClient-1-5] DEBUG org.asynchttpclient.netty.channel.ChannelManager - Adding key: http://localhost:63194 for channel [id: 0x7678fe05, L:/127.0.0.1:57469 - R:localhost/127.0.0.1:63194]
10:44:26.148 [Forwarding getElementTagName on session c9d68bbea13653ec540c4dfd16de4bf7 to remote] DEBUG org.asynchttpclient.netty.request.NettyRequestSender - Using pooled Channel '[id: 0x7678fe05, L:/127.0.0.1:57469 - R:localhost/127.0.0.1:63194]' for 'GET' to 'http://localhost:63194/session/c9d68bbea13653ec540c4dfd16de4bf7/element/c5d8ba67-d070-4d32-8a93-b1398e40bc90/name'
10:44:26.148 [Forwarding getElementTagName on session c9d68bbea13653ec540c4dfd16de4bf7 to remote] DEBUG org.asynchttpclient.netty.request.NettyRequestSender - Using open Channel [id: 0x7678fe05, L:/127.0.0.1:57469 - R:localhost/127.0.0.1:63194] for GET '/session/c9d68bbea13653ec540c4dfd16de4bf7/element/c5d8ba67-d070-4d32-8a93-b1398e40bc90/name'
10:44:26.155 [AsyncHttpClient-1-5] DEBUG org.asynchttpclient.netty.handler.HttpHandler - 

Request DefaultFullHttpRequest(decodeResult: success, version: HTTP/1.1, content: EmptyByteBufBE)
GET /session/c9d68bbea13653ec540c4dfd16de4bf7/element/c5d8ba67-d070-4d32-8a93-b1398e40bc90/name HTTP/1.1
User-Agent: selenium/4.1.2 (java windows)
Cache-Control: no-cache
Content-Type: application/json; charset=utf-8
host: localhost:63194
accept: */*

Response DefaultHttpResponse(decodeResult: success, version: HTTP/1.1)
HTTP/1.1 200 OK
Content-Type: application/json; charset=utf-8
cache-control: no-cache
content-length: 14

10:44:26.155 [AsyncHttpClient-1-5] DEBUG org.asynchttpclient.netty.channel.ChannelManager - Adding key: http://localhost:63194 for channel [id: 0x7678fe05, L:/127.0.0.1:57469 - R:localhost/127.0.0.1:63194]
10:44:26.159 [Forwarding findElement on session c9d68bbea13653ec540c4dfd16de4bf7 to remote] DEBUG org.asynchttpclient.netty.request.NettyRequestSender - Using pooled Channel '[id: 0x7678fe05, L:/127.0.0.1:57469 - R:localhost/127.0.0.1:63194]' for 'POST' to 'http://localhost:63194/session/c9d68bbea13653ec540c4dfd16de4bf7/element'
10:44:26.159 [Forwarding findElement on session c9d68bbea13653ec540c4dfd16de4bf7 to remote] DEBUG org.asynchttpclient.netty.request.NettyRequestSender - Using open Channel [id: 0x7678fe05, L:/127.0.0.1:57469 - R:localhost/127.0.0.1:63194] for POST '/session/c9d68bbea13653ec540c4dfd16de4bf7/element'
10:44:26.168 [AsyncHttpClient-1-5] DEBUG org.asynchttpclient.netty.handler.HttpHandler - 

Request DefaultHttpRequest(decodeResult: success, version: HTTP/1.1)
POST /session/c9d68bbea13653ec540c4dfd16de4bf7/element HTTP/1.1
User-Agent: selenium/4.1.2 (java windows)
Content-Length: 109
Content-Type: application/json; charset=utf-8
host: localhost:63194
accept: */*

Response DefaultHttpResponse(decodeResult: success, version: HTTP/1.1)
HTTP/1.1 200 OK
Content-Type: application/json; charset=utf-8
cache-control: no-cache
content-length: 88

10:44:26.168 [AsyncHttpClient-1-5] DEBUG org.asynchttpclient.netty.channel.ChannelManager - Adding key: http://localhost:63194 for channel [id: 0x7678fe05, L:/127.0.0.1:57469 - R:localhost/127.0.0.1:63194]
10:44:26.170 [Forwarding clickElement on session c9d68bbea13653ec540c4dfd16de4bf7 to remote] DEBUG org.asynchttpclient.netty.request.NettyRequestSender - Using pooled Channel '[id: 0x7678fe05, L:/127.0.0.1:57469 - R:localhost/127.0.0.1:63194]' for 'POST' to 'http://localhost:63194/session/c9d68bbea13653ec540c4dfd16de4bf7/element/c5d8ba67-d070-4d32-8a93-b1398e40bc90/click'
10:44:26.170 [Forwarding clickElement on session c9d68bbea13653ec540c4dfd16de4bf7 to remote] DEBUG org.asynchttpclient.netty.request.NettyRequestSender - Using open Channel [id: 0x7678fe05, L:/127.0.0.1:57469 - R:localhost/127.0.0.1:63194] for POST '/session/c9d68bbea13653ec540c4dfd16de4bf7/element/c5d8ba67-d070-4d32-8a93-b1398e40bc90/click'
10:44:26.291 [AsyncHttpClient-1-5] DEBUG org.asynchttpclient.netty.handler.HttpHandler - 

Request DefaultHttpRequest(decodeResult: success, version: HTTP/1.1)
POST /session/c9d68bbea13653ec540c4dfd16de4bf7/element/c5d8ba67-d070-4d32-8a93-b1398e40bc90/click HTTP/1.1
User-Agent: selenium/4.1.2 (java windows)
Content-Length: 50
Content-Type: application/json; charset=utf-8
host: localhost:63194
accept: */*

Response DefaultHttpResponse(decodeResult: success, version: HTTP/1.1)
HTTP/1.1 200 OK
Content-Type: application/json; charset=utf-8
cache-control: no-cache
content-length: 14

10:44:26.291 [AsyncHttpClient-1-5] DEBUG org.asynchttpclient.netty.channel.ChannelManager - Adding key: http://localhost:63194 for channel [id: 0x7678fe05, L:/127.0.0.1:57469 - R:localhost/127.0.0.1:63194]
10:44:26.303 [Forwarding screenshot on session c9d68bbea13653ec540c4dfd16de4bf7 to remote] DEBUG org.asynchttpclient.netty.request.NettyRequestSender - Using pooled Channel '[id: 0x7678fe05, L:/127.0.0.1:57469 - R:localhost/127.0.0.1:63194]' for 'GET' to 'http://localhost:63194/session/c9d68bbea13653ec540c4dfd16de4bf7/screenshot'
10:44:26.303 [Forwarding screenshot on session c9d68bbea13653ec540c4dfd16de4bf7 to remote] DEBUG org.asynchttpclient.netty.request.NettyRequestSender - Using open Channel [id: 0x7678fe05, L:/127.0.0.1:57469 - R:localhost/127.0.0.1:63194] for GET '/session/c9d68bbea13653ec540c4dfd16de4bf7/screenshot'
10:44:26.428 [AsyncHttpClient-1-5] DEBUG org.asynchttpclient.netty.handler.HttpHandler - 

Request DefaultFullHttpRequest(decodeResult: success, version: HTTP/1.1, content: EmptyByteBufBE)
GET /session/c9d68bbea13653ec540c4dfd16de4bf7/screenshot HTTP/1.1
User-Agent: selenium/4.1.2 (java windows)
Cache-Control: no-cache
Content-Type: application/json; charset=utf-8
host: localhost:63194
accept: */*

Response DefaultHttpResponse(decodeResult: success, version: HTTP/1.1)
HTTP/1.1 200 OK
Content-Type: application/json; charset=utf-8
cache-control: no-cache
content-length: 95704

10:44:26.428 [AsyncHttpClient-1-5] DEBUG org.asynchttpclient.netty.channel.ChannelManager - Adding key: http://localhost:63194 for channel [id: 0x7678fe05, L:/127.0.0.1:57469 - R:localhost/127.0.0.1:63194]
10:44:26.434 [main] DEBUG net.serenitybdd.core.photography.Darkroom - Send negative for processing for target\site\serenity\ae8479fdf5dddb74bdfbb19bfa6fb36874d6fe3e6ef2b8c7fa37e5646672d90a.png
10:44:26.613 [main] DEBUG net.thucydides.core.steps.StepInterceptor - STEP DONE: clickCardiologyMenu
  &amp#27;[32mAnd &amp#27;[0m&amp#27;[32mI click Appointment Cardiology&amp#27;[0m                                            &amp#27;[90m# starter.stepdefinitions.AppointmentSteps.iClickAppointmentCardiology()&amp#27;[0m
10:44:26.613 [Darkroom Processing Line] DEBUG net.serenitybdd.core.photography.DarkroomProcessingLine - Processing screenshot image in /var/screenshots/screenshot-2651094584937171535
10:44:26.613 [Darkroom Processing Line] DEBUG net.serenitybdd.core.photography.DarkroomProcessingLine - Saving screenshot to target\site\serenity\ae8479fdf5dddb74bdfbb19bfa6fb36874d6fe3e6ef2b8c7fa37e5646672d90a.png
10:44:26.637 [main] DEBUG net.thucydides.core.steps.StepInterceptor - STARTING STEP: AppointmentSteps.iValidateTodayAppointmentOnlyShowCardiologyDepartmentAppointment - validateCardiologyAppointment
10:44:26.641 [Forwarding findElement on session c9d68bbea13653ec540c4dfd16de4bf7 to remote] DEBUG org.asynchttpclient.netty.request.NettyRequestSender - Using pooled Channel '[id: 0x7678fe05, L:/127.0.0.1:57469 - R:localhost/127.0.0.1:63194]' for 'POST' to 'http://localhost:63194/session/c9d68bbea13653ec540c4dfd16de4bf7/element'
10:44:26.641 [Forwarding findElement on session c9d68bbea13653ec540c4dfd16de4bf7 to remote] DEBUG org.asynchttpclient.netty.request.NettyRequestSender - Using open Channel [id: 0x7678fe05, L:/127.0.0.1:57469 - R:localhost/127.0.0.1:63194] for POST '/session/c9d68bbea13653ec540c4dfd16de4bf7/element'
10:44:26.764 [AsyncHttpClient-1-1] DEBUG org.asynchttpclient.netty.channel.DefaultChannelPool - Entry count for : http://localhost:57472 : 1
10:44:27.865 [AsyncHttpClient-1-1] DEBUG org.asynchttpclient.netty.channel.DefaultChannelPool - Entry count for : http://localhost:57472 : 1
10:44:28.964 [AsyncHttpClient-1-1] DEBUG org.asynchttpclient.netty.channel.DefaultChannelPool - Entry count for : http://localhost:57472 : 1
10:44:30.065 [AsyncHttpClient-1-1] DEBUG org.asynchttpclient.netty.channel.DefaultChannelPool - Entry count for : http://localhost:57472 : 1
10:44:31.165 [AsyncHttpClient-1-1] DEBUG org.asynchttpclient.netty.channel.DefaultChannelPool - Entry count for : http://localhost:57472 : 1
10:44:31.713 [AsyncHttpClient-1-5] DEBUG org.asynchttpclient.netty.handler.HttpHandler - 

Request DefaultHttpRequest(decodeResult: success, version: HTTP/1.1)
POST /session/c9d68bbea13653ec540c4dfd16de4bf7/element HTTP/1.1
User-Agent: selenium/4.1.2 (java windows)
Content-Length: 145
Content-Type: application/json; charset=utf-8
host: localhost:63194
accept: */*

Response DefaultHttpResponse(decodeResult: success, version: HTTP/1.1)
HTTP/1.1 404 Not Found
Content-Type: application/json; charset=utf-8
cache-control: no-cache
content-length: 1057

10:44:31.714 [AsyncHttpClient-1-5] DEBUG org.asynchttpclient.netty.channel.ChannelManager - Adding key: http://localhost:63194 for channel [id: 0x7678fe05, L:/127.0.0.1:57469 - R:localhost/127.0.0.1:63194]
10:44:31.735 [Forwarding screenshot on session c9d68bbea13653ec540c4dfd16de4bf7 to remote] DEBUG org.asynchttpclient.netty.request.NettyRequestSender - Using pooled Channel '[id: 0x7678fe05, L:/127.0.0.1:57469 - R:localhost/127.0.0.1:63194]' for 'GET' to 'http://localhost:63194/session/c9d68bbea13653ec540c4dfd16de4bf7/screenshot'
10:44:31.735 [Forwarding screenshot on session c9d68bbea13653ec540c4dfd16de4bf7 to remote] DEBUG org.asynchttpclient.netty.request.NettyRequestSender - Using open Channel [id: 0x7678fe05, L:/127.0.0.1:57469 - R:localhost/127.0.0.1:63194] for GET '/session/c9d68bbea13653ec540c4dfd16de4bf7/screenshot'
10:44:31.833 [AsyncHttpClient-1-5] DEBUG org.asynchttpclient.netty.handler.HttpHandler - 

Request DefaultFullHttpRequest(decodeResult: success, version: HTTP/1.1, content: EmptyByteBufBE)
GET /session/c9d68bbea13653ec540c4dfd16de4bf7/screenshot HTTP/1.1
User-Agent: selenium/4.1.2 (java windows)
Cache-Control: no-cache
Content-Type: application/json; charset=utf-8
host: localhost:63194
accept: */*

Response DefaultHttpResponse(decodeResult: success, version: HTTP/1.1)
HTTP/1.1 200 OK
Content-Type: application/json; charset=utf-8
cache-control: no-cache
content-length: 68864

10:44:31.834 [AsyncHttpClient-1-5] DEBUG org.asynchttpclient.netty.channel.ChannelManager - Adding key: http://localhost:63194 for channel [id: 0x7678fe05, L:/127.0.0.1:57469 - R:localhost/127.0.0.1:63194]
10:44:31.838 [main] DEBUG net.serenitybdd.core.photography.Darkroom - Send negative for processing for target\site\serenity\900e4889535fbee567be8ca1e47c159fbf5d5243d081a07daafce01398c5abe3.png
10:44:31.838 [Darkroom Processing Line] DEBUG net.serenitybdd.core.photography.DarkroomProcessingLine - Processing screenshot image in /var/screenshots/screenshot-2864921011896497088
10:44:31.838 [Darkroom Processing Line] DEBUG net.serenitybdd.core.photography.DarkroomProcessingLine - Saving screenshot to target\site\serenity\900e4889535fbee567be8ca1e47c159fbf5d5243d081a07daafce01398c5abe3.png
10:44:31.840 [Forwarding getPageSource on session c9d68bbea13653ec540c4dfd16de4bf7 to remote] DEBUG org.asynchttpclient.netty.request.NettyRequestSender - Using pooled Channel '[id: 0x7678fe05, L:/127.0.0.1:57469 - R:localhost/127.0.0.1:63194]' for 'POST' to 'http://localhost:63194/session/c9d68bbea13653ec540c4dfd16de4bf7/execute/sync'
10:44:31.840 [Forwarding getPageSource on session c9d68bbea13653ec540c4dfd16de4bf7 to remote] DEBUG org.asynchttpclient.netty.request.NettyRequestSender - Using open Channel [id: 0x7678fe05, L:/127.0.0.1:57469 - R:localhost/127.0.0.1:63194] for POST '/session/c9d68bbea13653ec540c4dfd16de4bf7/execute/sync'
10:44:31.848 [AsyncHttpClient-1-5] DEBUG org.asynchttpclient.netty.handler.HttpHandler - 

Request DefaultHttpRequest(decodeResult: success, version: HTTP/1.1)
POST /session/c9d68bbea13653ec540c4dfd16de4bf7/execute/sync HTTP/1.1
User-Agent: selenium/4.1.2 (java windows)
Content-Length: 176
Content-Type: application/json; charset=utf-8
host: localhost:63194
accept: */*

Response DefaultHttpResponse(decodeResult: success, version: HTTP/1.1)
HTTP/1.1 200 OK
Content-Type: application/json; charset=utf-8
cache-control: no-cache
content-length: 13383

10:44:31.848 [AsyncHttpClient-1-5] DEBUG org.asynchttpclient.netty.channel.ChannelManager - Adding key: http://localhost:63194 for channel [id: 0x7678fe05, L:/127.0.0.1:57469 - R:localhost/127.0.0.1:63194]
10:44:31.943 [Forwarding getCurrentUrl on session c9d68bbea13653ec540c4dfd16de4bf7 to remote] DEBUG org.asynchttpclient.netty.request.NettyRequestSender - Using pooled Channel '[id: 0x7678fe05, L:/127.0.0.1:57469 - R:localhost/127.0.0.1:63194]' for 'GET' to 'http://localhost:63194/session/c9d68bbea13653ec540c4dfd16de4bf7/url'
10:44:31.943 [Forwarding getCurrentUrl on session c9d68bbea13653ec540c4dfd16de4bf7 to remote] DEBUG org.asynchttpclient.netty.request.NettyRequestSender - Using open Channel [id: 0x7678fe05, L:/127.0.0.1:57469 - R:localhost/127.0.0.1:63194] for GET '/session/c9d68bbea13653ec540c4dfd16de4bf7/url'
10:44:31.949 [AsyncHttpClient-1-5] DEBUG org.asynchttpclient.netty.handler.HttpHandler - 

Request DefaultFullHttpRequest(decodeResult: success, version: HTTP/1.1, content: EmptyByteBufBE)
GET /session/c9d68bbea13653ec540c4dfd16de4bf7/url HTTP/1.1
User-Agent: selenium/4.1.2 (java windows)
Cache-Control: no-cache
Content-Type: application/json; charset=utf-8
host: localhost:63194
accept: */*

Response DefaultHttpResponse(decodeResult: success, version: HTTP/1.1)
HTTP/1.1 200 OK
Content-Type: application/json; charset=utf-8
cache-control: no-cache
content-length: 64

10:44:31.949 [AsyncHttpClient-1-5] DEBUG org.asynchttpclient.netty.channel.ChannelManager - Adding key: http://localhost:63194 for channel [id: 0x7678fe05, L:/127.0.0.1:57469 - R:localhost/127.0.0.1:63194]
  &amp#27;[31mThen &amp#27;[0m&amp#27;[31mI validate Today Appointment only show Cardiology Department Appointment&amp#27;[0m &amp#27;[90m# starter.stepdefinitions.AppointmentSteps.iValidateTodayAppointmentOnlyShowCardiologyDepartmentAppointment()&amp#27;[0m
      &amp#27;[31morg.openqa.selenium.NoSuchElementException: Expected condition failed: waiting for By.xpath: //body/div[@id='root']/div[1]/div[2]/div[2]/div[3]/div[1]/h3[1] to be displayed (tried for 5 second(s) with 100 milliseconds interval)
Build info: version: '4.1.2', revision: '9a5a329c5a'
System info: host: 'DELL', ip: '192.168.1.6', os.name: 'Windows 8.1', os.arch: 'amd64', os.version: '6.3', java.version: '15.0.2'
Driver info: driver.version: unknown
	at net.serenitybdd.core.pages.WebElementFacadeImpl.throwNoSuchElementExceptionWithCauseIfPresent(WebElementFacadeImpl.java:1001)
	at net.serenitybdd.core.pages.WebElementFacadeImpl.checkPresenceOfWebElement(WebElementFacadeImpl.java:974)
	at net.serenitybdd.core.pages.WebElementFacadeImpl.waitUntilVisible(WebElementFacadeImpl.java:981)
	at Capstone.Project.Website@1.0-SNAPSHOT/starter.pages.AppointmentPage.validateCardiologyAppointment(AppointmentPage.java:369)
	at Capstone.Project.Website@1.0-SNAPSHOT/starter.pages.AppointmentPage$ByteBuddy$5Q5V0Zb5.validateCardiologyAppointment$accessor$J2UowYJ2(Unknown Source)
	at java.base/jdk.internal.reflect.NativeMethodAccessorImpl.invoke0(Native Method)
	at java.base/jdk.internal.reflect.NativeMethodAccessorImpl.invoke(NativeMethodAccessorImpl.java:64)
	at java.base/jdk.internal.reflect.DelegatingMethodAccessorImpl.invoke(DelegatingMethodAccessorImpl.java:43)
	at java.base/java.lang.reflect.Method.invoke(Method.java:564)
	at net.thucydides.core.steps.StepInterceptor.invokeMethod(StepInterceptor.java:503)
	at net.thucydides.core.steps.StepInterceptor.executeTestStepMethod(StepInterceptor.java:483)
	at net.thucydides.core.steps.StepInterceptor.runTestStep(StepInterceptor.java:457)
	at net.thucydides.core.steps.StepInterceptor.runOrSkipMethod(StepInterceptor.java:209)
	at net.thucydides.core.steps.StepInterceptor.testStepResult(StepInterceptor.java:196)
	at net.thucydides.core.steps.StepInterceptor.intercept(StepInterceptor.java:84)
	at net.thucydides.core.steps.ProxyConfiguration$InterceptorDispatcher.intercept(ProxyConfiguration.java:51)
	at Capstone.Project.Website@1.0-SNAPSHOT/starter.pages.AppointmentPage$ByteBuddy$5Q5V0Zb5.validateCardiologyAppointment(Unknown Source)
	at Capstone.Project.Website@1.0-SNAPSHOT/starter.stepdefinitions.AppointmentSteps.iValidateTodayAppointmentOnlyShowCardiologyDepartmentAppointment(AppointmentSteps.java:150)
	at âœ½.I validate Today Appointment only show Cardiology Department Appointment(file:///E:/My%20Documents/File%20Difa/TI%20Semester%206%20Kampus%20Merdeka%20Alterra/Tugas/CAPSTONE%20Project/Capstone-Project-Website/src/test/resources/features/1.Appointment.feature:93)
Caused by: org.openqa.selenium.TimeoutException: Expected condition failed: waiting for By.xpath: //body/div[@id='root']/div[1]/div[2]/div[2]/div[3]/div[1]/h3[1] to be displayed (tried for 5 second(s) with 100 milliseconds interval)
Build info: version: '4.1.2', revision: '9a5a329c5a'
System info: host: 'DELL', ip: '192.168.1.6', os.name: 'Windows 8.1', os.arch: 'amd64', os.version: '6.3', java.version: '15.0.2'
Driver info: driver.version: unknown
	at org.openqa.selenium.support.ui.FluentWait.timeoutException(FluentWait.java:263)
	at org.openqa.selenium.support.ui.FluentWait.until(FluentWait.java:231)
	at net.serenitybdd.core.pages.WebElementFacadeImpl.checkPresenceOfWebElement(WebElementFacadeImpl.java:968)
	at net.serenitybdd.core.pages.WebElementFacadeImpl.waitUntilVisible(WebElementFacadeImpl.java:981)
	at Capstone.Project.Website@1.0-SNAPSHOT/starter.pages.AppointmentPage.validateCardiologyAppointment(AppointmentPage.java:369)
	at Capstone.Project.Website@1.0-SNAPSHOT/starter.pages.AppointmentPage$ByteBuddy$5Q5V0Zb5.validateCardiologyAppointment$accessor$J2UowYJ2(Unknown Source)
	at java.base/jdk.internal.reflect.NativeMethodAccessorImpl.invoke0(Native Method)
	at java.base/jdk.internal.reflect.NativeMethodAccessorImpl.invoke(NativeMethodAccessorImpl.java:64)
	at java.base/jdk.internal.reflect.DelegatingMethodAccessorImpl.invoke(DelegatingMethodAccessorImpl.java:43)
	at java.base/java.lang.reflect.Method.invoke(Method.java:564)
	at net.thucydides.core.steps.StepInterceptor.invokeMethod(StepInterceptor.java:503)
	at net.thucydides.core.steps.StepInterceptor.executeTestStepMethod(StepInterceptor.java:483)
	at net.thucydides.core.steps.StepInterceptor.runTestStep(StepInterceptor.java:457)
	at net.thucydides.core.steps.StepInterceptor.runOrSkipMethod(StepInterceptor.java:209)
	at net.thucydides.core.steps.StepInterceptor.testStepResult(StepInterceptor.java:196)
	at net.thucydides.core.steps.StepInterceptor.intercept(StepInterceptor.java:84)
	at net.thucydides.core.steps.ProxyConfiguration$InterceptorDispatcher.intercept(ProxyConfiguration.java:51)
	at Capstone.Project.Website@1.0-SNAPSHOT/starter.pages.AppointmentPage$ByteBuddy$5Q5V0Zb5.validateCardiologyAppointment(Unknown Source)
	at Capstone.Project.Website@1.0-SNAPSHOT/starter.stepdefinitions.AppointmentSteps.iValidateTodayAppointmentOnlyShowCardiologyDepartmentAppointment(AppointmentSteps.java:150)
	at java.base/jdk.internal.reflect.NativeMethodAccessorImpl.invoke0(Native Method)
	at java.base/jdk.internal.reflect.NativeMethodAccessorImpl.invoke(NativeMethodAccessorImpl.java:64)
	at java.base/jdk.internal.reflect.DelegatingMethodAccessorImpl.invoke(DelegatingMethodAccessorImpl.java:43)
	at java.base/java.lang.reflect.Method.invoke(Method.java:564)
	at io.cucumber.java.Invoker.doInvoke(Invoker.java:66)
	at io.cucumber.java.Invoker.invoke(Invoker.java:24)
	at io.cucumber.java.AbstractGlueDefinition.invokeMethod(AbstractGlueDefinition.java:47)
	at io.cucumber.java.JavaStepDefinition.execute(JavaStepDefinition.java:29)
	at io.cucumber.core.runner.CoreStepDefinition.execute(CoreStepDefinition.java:66)
	at io.cucumber.core.runner.PickleStepDefinitionMatch.runStep(PickleStepDefinitionMatch.java:63)
	at io.cucumber.core.runner.ExecutionMode$1.execute(ExecutionMode.java:10)
	at io.cucumber.core.runner.TestStep.executeStep(TestStep.java:86)
	at io.cucumber.core.runner.TestStep.run(TestStep.java:57)
	at io.cucumber.core.runner.PickleStepTestStep.run(PickleStepTestStep.java:51)
	at io.cucumber.core.runner.TestCase.run(TestCase.java:95)
	at io.cucumber.core.runner.Runner.runPickle(Runner.java:75)
	at io.cucumber.junit.PickleRunners$NoStepDescriptions.lambda$run$0(PickleRunners.java:151)
	at io.cucumber.core.runtime.CucumberExecutionContext.lambda$runTestCase$3(CucumberExecutionContext.java:151)
	at io.cucumber.core.runtime.RethrowingThrowableCollector.executeAndThrow(RethrowingThrowableCollector.java:23)
	at io.cucumber.core.runtime.CucumberExecutionContext.runTestCase(CucumberExecutionContext.java:151)
	at io.cucumber.junit.PickleRunners$NoStepDescriptions.run(PickleRunners.java:148)
	at io.cucumber.junit.FeatureRunner.runChild(FeatureRunner.java:144)
	at io.cucumber.junit.FeatureRunner.runChild(FeatureRunner.java:28)
	at org.junit.runners.ParentRunner$4.run(ParentRunner.java:331)
	at org.junit.runners.ParentRunner$1.schedule(ParentRunner.java:79)
	at org.junit.runners.ParentRunner.runChildren(ParentRunner.java:329)
	at org.junit.runners.ParentRunner.access$100(ParentRunner.java:66)
	at org.junit.runners.ParentRunner$2.evaluate(ParentRunner.java:293)
	at org.junit.runners.ParentRunner$3.evaluate(ParentRunner.java:306)
	at org.junit.runners.ParentRunner.run(ParentRunner.java:413)
	at io.cucumber.junit.FeatureRunner.run(FeatureRunner.java:137)
	at io.cucumber.junit.CucumberSerenityRunner.runChild(CucumberSerenityRunner.java:258)
	at io.cucumber.junit.CucumberSerenityRunner.runChild(CucumberSerenityRunner.java:58)
	at org.junit.runners.ParentRunner$4.run(ParentRunner.java:331)
	at org.junit.runners.ParentRunner$1.schedule(ParentRunner.java:79)
	at org.junit.runners.ParentRunner.runChildren(ParentRunner.java:329)
	at org.junit.runners.ParentRunner.access$100(ParentRunner.java:66)
	at org.junit.runners.ParentRunner$2.evaluate(ParentRunner.java:293)
	at io.cucumber.junit.CucumberSerenityRunner$RunCucumber.evaluate(CucumberSerenityRunner.java:287)
	at org.junit.runners.ParentRunner$3.evaluate(ParentRunner.java:306)
	at org.junit.runners.ParentRunner.run(ParentRunner.java:413)
	at org.junit.runner.JUnitCore.run(JUnitCore.java:137)
	at org.junit.runner.JUnitCore.run(JUnitCore.java:115)
	at org.junit.vintage.engine.execution.RunnerExecutor.execute(RunnerExecutor.java:42)
	at org.junit.vintage.engine.VintageTestEngine.executeAllChildren(VintageTestEngine.java:80)
	at org.junit.vintage.engine.VintageTestEngine.execute(VintageTestEngine.java:72)
	at org.junit.platform.launcher.core.EngineExecutionOrchestrator.execute(EngineExecutionOrchestrator.java:107)
	at org.junit.platform.launcher.core.EngineExecutionOrchestrator.execute(EngineExecutionOrchestrator.java:88)
	at org.junit.platform.launcher.core.EngineExecutionOrchestrator.lambda$execute$0(EngineExecutionOrchestrator.java:54)
	at org.junit.platform.launcher.core.EngineExecutionOrchestrator.withInterceptedStreams(EngineExecutionOrchestrator.java:67)
	at org.junit.platform.launcher.core.EngineExecutionOrchestrator.execute(EngineExecutionOrchestrator.java:52)
	at org.junit.platform.launcher.core.DefaultLauncher.execute(DefaultLauncher.java:114)
	at org.junit.platform.launcher.core.DefaultLauncher.execute(DefaultLauncher.java:86)
	at org.junit.platform.launcher.core.DefaultLauncherSession$DelegatingLauncher.execute(DefaultLauncherSession.java:86)
	at org.junit.platform.launcher.core.SessionPerRequestLauncher.execute(SessionPerRequestLauncher.java:53)
	at org.apache.maven.surefire.junitplatform.JUnitPlatformProvider.execute(JUnitPlatformProvider.java:188)
	at org.apache.maven.surefire.junitplatform.JUnitPlatformProvider.invokeAllTests(JUnitPlatformProvider.java:154)
	at org.apache.maven.surefire.junitplatform.JUnitPlatformProvider.invoke(JUnitPlatformProvider.java:128)
	at org.apache.maven.surefire.booter.ForkedBooter.runSuitesInProcess(ForkedBooter.java:428)
	at org.apache.maven.surefire.booter.ForkedBooter.execute(ForkedBooter.java:162)
	at org.apache.maven.surefire.booter.ForkedBooter.run(ForkedBooter.java:562)
	at org.apache.maven.surefire.booter.ForkedBooter.main(ForkedBooter.java:548)
&amp#27;[0m
10:44:31.970 [main] ERROR  - 
  _____   ___   ___   _____     ___   ___   ___    ___    ___ 
 |_   _| | __| / __| |_   _|   | __| | _ \ | _ \  / _ \  | _ \
   | |   | _|  \__ \   | |     | _|  |   / |   / | (_) | |   /
   |_|   |___| |___/   |_|     |___| |_|_\ |_|_\  \___/  |_|_\

Filter Appointment Cardiology Scenario
---------------------------------------------------------------
10:44:31.970 [main] DEBUG  - RELATED ISSUES: 
10:44:31.970 [main] ERROR  -     Test failed at step: Validate cardiology appointment
10:44:31.970 [main] ERROR  -     Expected condition failed: waiting for By.xpath: //body/div[@id='root']/div[1]/div[2]/div[2]/div[3]/div[1]/h3[1] to be displayed (tried for 5 second(s) with 100 milliseconds interval)Build info: version: '4.1.2', revision: '9a5a329c5a'System info: host: 'DELL', ip: '192.168.1.6', os.name: 'Windows 8.1', os.arch: 'amd64', os.version: '6.3', java.version: '15.0.2'Driver info: driver.version: unknown
10:44:31.974 [AsyncHttpClient-1-7] DEBUG org.asynchttpclient.netty.handler.WebSocketHandler - Channel Closed: [id: 0x892150c1, L:/127.0.0.1:57479 ! R:localhost/127.0.0.1:57472] with attribute NettyResponseFuture{currentRetry=5,
	isDone=1,
	isCancelled=0,
	asyncHandler=org.asynchttpclient.ws.WebSocketUpgradeHandler@dac6b92,
	nettyRequest=org.asynchttpclient.netty.request.NettyRequest@498b767,
	future=java.util.concurrent.CompletableFuture@190ba2d9[Completed normally],
	uri=ws://localhost:57472/devtools/browser/daef3e78-2258-4eee-b993-3fbae915e4e4,
	keepAlive=true,
	redirectCount=0,
	timeoutsHolder=null,
	inAuth=0,
	touch=1655783059751}
10:44:31.974 [AsyncHttpClient-1-7] DEBUG org.asynchttpclient.netty.channel.ChannelManager - Closing Channel [id: 0x892150c1, L:/127.0.0.1:57479 ! R:localhost/127.0.0.1:57472] 
10:44:31.974 [Driver Command Executor] DEBUG org.asynchttpclient.netty.request.NettyRequestSender - Using pooled Channel '[id: 0x7678fe05, L:/127.0.0.1:57469 - R:localhost/127.0.0.1:63194]' for 'DELETE' to 'http://localhost:63194/session/c9d68bbea13653ec540c4dfd16de4bf7'
10:44:31.974 [Driver Command Executor] DEBUG org.asynchttpclient.netty.request.NettyRequestSender - Using open Channel [id: 0x7678fe05, L:/127.0.0.1:57469 - R:localhost/127.0.0.1:63194] for DELETE '/session/c9d68bbea13653ec540c4dfd16de4bf7'
10:44:32.664 [AsyncHttpClient-1-1] DEBUG org.asynchttpclient.netty.channel.DefaultChannelPool - Entry count for : http://localhost:57472 : 1
10:44:33.763 [AsyncHttpClient-1-1] DEBUG org.asynchttpclient.netty.channel.DefaultChannelPool - Entry count for : http://localhost:57472 : 1
10:44:34.740 [AsyncHttpClient-1-6] DEBUG org.asynchttpclient.netty.handler.HttpHandler - Unexpected I/O exception on channel [id: 0x3d6667f5, L:/127.0.0.1:57478 - R:localhost/127.0.0.1:57472]
java.net.SocketException: Connection reset
	at java.base/sun.nio.ch.SocketChannelImpl.throwConnectionReset(SocketChannelImpl.java:367)
	at java.base/sun.nio.ch.SocketChannelImpl.read(SocketChannelImpl.java:398)
	at io.netty.buffer.PooledByteBuf.setBytes(PooledByteBuf.java:258)
	at io.netty.buffer.AbstractByteBuf.writeBytes(AbstractByteBuf.java:1132)
	at io.netty.channel.socket.nio.NioSocketChannel.doReadBytes(NioSocketChannel.java:350)
	at io.netty.channel.nio.AbstractNioByteChannel$NioByteUnsafe.read(AbstractNioByteChannel.java:151)
	at io.netty.channel.nio.NioEventLoop.processSelectedKey(NioEventLoop.java:722)
	at io.netty.channel.nio.NioEventLoop.processSelectedKeysOptimized(NioEventLoop.java:658)
	at io.netty.channel.nio.NioEventLoop.processSelectedKeys(NioEventLoop.java:584)
	at io.netty.channel.nio.NioEventLoop.run(NioEventLoop.java:496)
	at io.netty.util.concurrent.SingleThreadEventExecutor$4.run(SingleThreadEventExecutor.java:986)
	at io.netty.util.internal.ThreadExecutorMap$2.run(ThreadExecutorMap.java:74)
	at io.netty.util.concurrent.FastThreadLocalRunnable.run(FastThreadLocalRunnable.java:30)
	at java.base/java.lang.Thread.run(Thread.java:832)
10:44:34.741 [AsyncHttpClient-1-6] DEBUG org.asynchttpclient.netty.channel.ChannelManager - Closing Channel [id: 0x3d6667f5, L:/127.0.0.1:57478 - R:localhost/127.0.0.1:57472] 
10:44:34.741 [AsyncHttpClient-1-6] DEBUG org.asynchttpclient.netty.handler.HttpHandler - Channel Closed: [id: 0x3d6667f5, L:/127.0.0.1:57478 ! R:localhost/127.0.0.1:57472] with attribute DISCARD
10:44:34.761 [AsyncHttpClient-1-5] DEBUG org.asynchttpclient.netty.handler.HttpHandler - 

Request DefaultFullHttpRequest(decodeResult: success, version: HTTP/1.1, content: EmptyByteBufBE)
DELETE /session/c9d68bbea13653ec540c4dfd16de4bf7 HTTP/1.1
User-Agent: selenium/4.1.2 (java windows)
Content-Type: application/json; charset=utf-8
host: localhost:63194
accept: */*

Response DefaultHttpResponse(decodeResult: success, version: HTTP/1.1)
HTTP/1.1 200 OK
Content-Type: application/json; charset=utf-8
cache-control: no-cache
content-length: 14

10:44:34.761 [AsyncHttpClient-1-5] DEBUG org.asynchttpclient.netty.channel.ChannelManager - Adding key: http://localhost:63194 for channel [id: 0x7678fe05, L:/127.0.0.1:57469 - R:localhost/127.0.0.1:63194]
10:44:34.839 [AsyncHttpClient-1-5] DEBUG org.asynchttpclient.netty.handler.HttpHandler - Channel Closed: [id: 0x7678fe05, L:/127.0.0.1:57469 ! R:localhost/127.0.0.1:63194] with attribute DISCARD
10:44:34.863 [AsyncHttpClient-1-1] DEBUG org.asynchttpclient.netty.channel.DefaultChannelPool - Entry count for : http://localhost:57472 : 1
10:44:34.863 [AsyncHttpClient-1-1] DEBUG org.asynchttpclient.netty.channel.DefaultChannelPool - Entry count for : http://localhost:63194 : 1
10:44:34.863 [AsyncHttpClient-1-1] DEBUG org.asynchttpclient.netty.channel.DefaultChannelPool - Adding Candidate expired Channel [id: 0x3d6667f5, L:/127.0.0.1:57478 ! R:localhost/127.0.0.1:57472] isIdleTimeoutExpired=false isRemotelyClosed=true isTtlExpired=false
10:44:34.863 [AsyncHttpClient-1-1] DEBUG org.asynchttpclient.netty.channel.DefaultChannelPool - Closing Idle Channel [id: 0x3d6667f5, L:/127.0.0.1:57478 ! R:localhost/127.0.0.1:57472]
10:44:34.863 [AsyncHttpClient-1-1] DEBUG org.asynchttpclient.netty.channel.DefaultChannelPool - Adding Candidate expired Channel [id: 0x7678fe05, L:/127.0.0.1:57469 ! R:localhost/127.0.0.1:63194] isIdleTimeoutExpired=false isRemotelyClosed=true isTtlExpired=false
10:44:34.863 [AsyncHttpClient-1-1] DEBUG org.asynchttpclient.netty.channel.DefaultChannelPool - Closing Idle Channel [id: 0x7678fe05, L:/127.0.0.1:57469 ! R:localhost/127.0.0.1:63194]
10:44:34.863 [AsyncHttpClient-1-1] DEBUG org.asynchttpclient.netty.channel.DefaultChannelPool - Closed 2 connections out of 2 in 0 ms
]]></system-out>
    <system-err><![CDATA[Starting ChromeDriver 102.0.5005.61 (0e59bcc00cc4985ce39ad31c150065f159d95ad3-refs/branch-heads/5005@{#819}) on port 63194
Only local connections are allowed.
Please see https://chromedriver.chromium.org/security-considerations for suggestions on keeping ChromeDriver safe.
ChromeDriver was started successfully.
Jun 21, 2022 10:44:19 AM org.openqa.selenium.remote.ProtocolHandshake createSession
INFO: Detected dialect: W3C
Jun 21, 2022 10:44:19 AM org.openqa.selenium.devtools.CdpVersionFinder findNearestMatch
WARNING: Unable to find an exact match for CDP version 102, so returning the closest version found: a no-op implementation
Jun 21, 2022 10:44:19 AM org.openqa.selenium.devtools.CdpVersionFinder findNearestMatch
INFO: Unable to find CDP implementation matching 102.
Jun 21, 2022 10:44:19 AM org.openqa.selenium.chromium.ChromiumDriver lambda$new$3
WARNING: Unable to find version of CDP to use for . You may need to include a dependency on a specific version of the CDP using something similar to `org.seleniumhq.selenium:selenium-devtools-v86:4.1.2` where the version ("v86") matches the version of the chromium-based browser you're using and the version number of the artifact is the same as Selenium's.
]]></system-err>
  </testcase>
  <testcase name="Filter Appointment Pediatric Scenario" classname="Appointment" time="11.508">
    <system-out><![CDATA[
@Appointment @FilterAppointmentPediatric
Scenario: Filter Appointment Pediatric Scenario                                &amp#27;[90m# src/test/resources/features/1.Appointment.feature:97&amp#27;[0m
10:44:35.374 [main] INFO io.cucumber.core.plugin.SerenityReporter - Running feature from file:///E:/My%20Documents/File%20Difa/TI%20Semester%206%20Kampus%20Merdeka%20Alterra/Tugas/CAPSTONE%20Project/Capstone-Project-Website/src/test/resources/features/1.Appointment.feature
10:44:35.376 [main] INFO  - 
  _____   ___   ___   _____     ___   _____     _     ___   _____   ___   ___  
 |_   _| | __| / __| |_   _|   / __| |_   _|   /_\   | _ \ |_   _| | __| |   \ 
   | |   | _|  \__ \   | |     \__ \   | |    / _ \  |   /   | |   | _|  | |) |
   |_|   |___| |___/   |_|     |___/   |_|   /_/ \_\ |_|_\   |_|   |___| |___/ 

Filter Appointment Pediatric Scenario(appointment;filter-appointment-pediatric-scenario)
--------------------------------------------------------------------------------
10:44:35.396 [main] DEBUG net.thucydides.core.steps.StepInterceptor - STARTING STEP: DashboardSteps.iAmOnTheDashboardPage - openUrl
10:44:35.398 [main] INFO net.serenitybdd.core.webdriver.driverproviders.ChromeDriverProvider - Using automatically driver download
10:44:35.618 [main] DEBUG io.github.bonigarcia.wdm.cache.ResolutionCache - Resolution chrome=102 in cache (valid until 11:37:46 21/06/2022 ICT)
10:44:35.621 [main] DEBUG io.github.bonigarcia.wdm.cache.ResolutionCache - Resolution chrome102=102.0.5005.61 in cache (valid until 09:22:16 22/06/2022 ICT)
10:44:35.623 [main] INFO io.github.bonigarcia.wdm.WebDriverManager - Using chromedriver 102.0.5005.61 (resolved driver for Chrome 102)
10:44:35.659 [main] DEBUG io.github.bonigarcia.wdm.WebDriverManager - Driver chromedriver 102.0.5005.61 found in cache
10:44:35.659 [main] INFO io.github.bonigarcia.wdm.WebDriverManager - Exporting webdriver.chrome.driver as C:\Users\USER\.cache\selenium\chromedriver\win32\102.0.5005.61\chromedriver.exe
10:44:35.810 [main] DEBUG net.serenitybdd.core.webdriver.driverproviders.ProvideNewDriver - Instantiating driver
10:44:35.810 [main] DEBUG net.serenitybdd.core.webdriver.driverproviders.ProvideNewDriver - Driver capabilities: Capabilities {acceptInsecureCerts: false, base.url: https://hospital-management..., browserName: chrome, chrome.driver: src/test/resources/webdrive..., driver: chrome, goog:chromeOptions: {args: [], extensions: []}}
10:44:36.374 [AsyncHttpClient-1-8] DEBUG org.asynchttpclient.netty.channel.NettyConnectListener - Using new Channel '[id: 0x5d5ab7f1, L:/127.0.0.1:57497 - R:localhost/127.0.0.1:64847]' for 'POST' to '/session'
10:44:38.456 [AsyncHttpClient-1-8] DEBUG org.asynchttpclient.netty.handler.HttpHandler - 

Request DefaultHttpRequest(decodeResult: success, version: HTTP/1.1)
POST /session HTTP/1.1
User-Agent: selenium/4.1.2 (java windows)
Content-Length: 621
Content-Type: application/json; charset=utf-8
host: localhost:64847
accept: */*

Response DefaultHttpResponse(decodeResult: success, version: HTTP/1.1)
HTTP/1.1 200 OK
Content-Type: application/json; charset=utf-8
cache-control: no-cache
content-length: 788

10:44:38.457 [AsyncHttpClient-1-8] DEBUG org.asynchttpclient.netty.channel.ChannelManager - Adding key: http://localhost:64847 for channel [id: 0x5d5ab7f1, L:/127.0.0.1:57497 - R:localhost/127.0.0.1:64847]
10:44:38.492 [AsyncHttpClient-1-9] DEBUG org.asynchttpclient.netty.channel.NettyConnectListener - Using new Channel '[id: 0x0203eac4, L:/127.0.0.1:57505 - R:localhost/127.0.0.1:57498]' for 'GET' to '/json/version'
10:44:38.493 [AsyncHttpClient-1-9] DEBUG org.asynchttpclient.netty.handler.HttpHandler - 

Request DefaultFullHttpRequest(decodeResult: success, version: HTTP/1.1, content: EmptyByteBufBE)
GET /json/version HTTP/1.1
User-Agent: selenium/4.1.2 (java windows)
host: localhost:57498
accept: */*

Response DefaultHttpResponse(decodeResult: success, version: HTTP/1.1)
HTTP/1.1 200 OK
Content-Type: application/json; charset=UTF-8
content-length: 427

10:44:38.494 [AsyncHttpClient-1-9] DEBUG org.asynchttpclient.netty.channel.ChannelManager - Adding key: http://localhost:57498 for channel [id: 0x0203eac4, L:/127.0.0.1:57505 - R:localhost/127.0.0.1:57498]
10:44:38.499 [AsyncHttpClient-1-2] DEBUG org.asynchttpclient.netty.channel.NettyConnectListener - Using new Channel '[id: 0xe3d2990e, L:/127.0.0.1:57506 - R:localhost/127.0.0.1:57498]' for 'GET' to '/devtools/browser/78442ce0-186a-4bf8-b0a8-53a90cd0d2e4'
10:44:38.501 [AsyncHttpClient-1-2] DEBUG org.asynchttpclient.netty.handler.WebSocketHandler - 

Request DefaultFullHttpRequest(decodeResult: success, version: HTTP/1.1, content: EmptyByteBufBE)
GET /devtools/browser/78442ce0-186a-4bf8-b0a8-53a90cd0d2e4 HTTP/1.1
upgrade: websocket
connection: upgrade
sec-websocket-key: 9vPz5PBI7swKDdINImt/pw==
sec-websocket-version: 13
origin: http://localhost:57498
host: localhost:57498
accept: */*
user-agent: AHC/2.1

Response DefaultHttpResponse(decodeResult: success, version: HTTP/1.1)
HTTP/1.1 101 WebSocket Protocol Handshake
Upgrade: WebSocket
Connection: Upgrade
Sec-WebSocket-Accept: 1oNyAZG5deG0wtAPeHW68MqEHv8=

10:44:38.541 [Forwarding maximizeCurrentWindow on session f31ff1d69d75c50c8eaf6608b954ca01 to remote] DEBUG org.asynchttpclient.netty.request.NettyRequestSender - Using pooled Channel '[id: 0x5d5ab7f1, L:/127.0.0.1:57497 - R:localhost/127.0.0.1:64847]' for 'POST' to 'http://localhost:64847/session/f31ff1d69d75c50c8eaf6608b954ca01/window/maximize'
10:44:38.542 [Forwarding maximizeCurrentWindow on session f31ff1d69d75c50c8eaf6608b954ca01 to remote] DEBUG org.asynchttpclient.netty.request.NettyRequestSender - Using open Channel [id: 0x5d5ab7f1, L:/127.0.0.1:57497 - R:localhost/127.0.0.1:64847] for POST '/session/f31ff1d69d75c50c8eaf6608b954ca01/window/maximize'
10:44:38.705 [AsyncHttpClient-1-8] DEBUG org.asynchttpclient.netty.handler.HttpHandler - 

Request DefaultHttpRequest(decodeResult: success, version: HTTP/1.1)
POST /session/f31ff1d69d75c50c8eaf6608b954ca01/window/maximize HTTP/1.1
User-Agent: selenium/4.1.2 (java windows)
Content-Length: 3
Content-Type: application/json; charset=utf-8
host: localhost:64847
accept: */*

Response DefaultHttpResponse(decodeResult: success, version: HTTP/1.1)
HTTP/1.1 200 OK
Content-Type: application/json; charset=utf-8
cache-control: no-cache
content-length: 51

10:44:38.705 [AsyncHttpClient-1-8] DEBUG org.asynchttpclient.netty.channel.ChannelManager - Adding key: http://localhost:64847 for channel [id: 0x5d5ab7f1, L:/127.0.0.1:57497 - R:localhost/127.0.0.1:64847]
10:44:38.707 [Forwarding get on session f31ff1d69d75c50c8eaf6608b954ca01 to remote] DEBUG org.asynchttpclient.netty.request.NettyRequestSender - Using pooled Channel '[id: 0x5d5ab7f1, L:/127.0.0.1:57497 - R:localhost/127.0.0.1:64847]' for 'POST' to 'http://localhost:64847/session/f31ff1d69d75c50c8eaf6608b954ca01/url'
10:44:38.707 [Forwarding get on session f31ff1d69d75c50c8eaf6608b954ca01 to remote] DEBUG org.asynchttpclient.netty.request.NettyRequestSender - Using open Channel [id: 0x5d5ab7f1, L:/127.0.0.1:57497 - R:localhost/127.0.0.1:64847] for POST '/session/f31ff1d69d75c50c8eaf6608b954ca01/url'
10:44:39.266 [AsyncHttpClient-1-1] DEBUG org.asynchttpclient.netty.channel.DefaultChannelPool - Entry count for : http://localhost:57498 : 1
10:44:40.363 [AsyncHttpClient-1-1] DEBUG org.asynchttpclient.netty.channel.DefaultChannelPool - Entry count for : http://localhost:57498 : 1
10:44:41.468 [AsyncHttpClient-1-1] DEBUG org.asynchttpclient.netty.channel.DefaultChannelPool - Entry count for : http://localhost:57498 : 1
10:44:42.563 [AsyncHttpClient-1-1] DEBUG org.asynchttpclient.netty.channel.DefaultChannelPool - Entry count for : http://localhost:57498 : 1
10:44:43.027 [AsyncHttpClient-1-8] DEBUG org.asynchttpclient.netty.handler.HttpHandler - 

Request DefaultHttpRequest(decodeResult: success, version: HTTP/1.1)
POST /session/f31ff1d69d75c50c8eaf6608b954ca01/url HTTP/1.1
User-Agent: selenium/4.1.2 (java windows)
Content-Length: 65
Content-Type: application/json; charset=utf-8
host: localhost:64847
accept: */*

Response DefaultHttpResponse(decodeResult: success, version: HTTP/1.1)
HTTP/1.1 200 OK
Content-Type: application/json; charset=utf-8
cache-control: no-cache
content-length: 14

10:44:43.027 [AsyncHttpClient-1-8] DEBUG org.asynchttpclient.netty.channel.ChannelManager - Adding key: http://localhost:64847 for channel [id: 0x5d5ab7f1, L:/127.0.0.1:57497 - R:localhost/127.0.0.1:64847]
10:44:43.029 [Forwarding setTimeout on session f31ff1d69d75c50c8eaf6608b954ca01 to remote] DEBUG org.asynchttpclient.netty.request.NettyRequestSender - Using pooled Channel '[id: 0x5d5ab7f1, L:/127.0.0.1:57497 - R:localhost/127.0.0.1:64847]' for 'POST' to 'http://localhost:64847/session/f31ff1d69d75c50c8eaf6608b954ca01/timeouts'
10:44:43.029 [Forwarding setTimeout on session f31ff1d69d75c50c8eaf6608b954ca01 to remote] DEBUG org.asynchttpclient.netty.request.NettyRequestSender - Using open Channel [id: 0x5d5ab7f1, L:/127.0.0.1:57497 - R:localhost/127.0.0.1:64847] for POST '/session/f31ff1d69d75c50c8eaf6608b954ca01/timeouts'
10:44:43.031 [AsyncHttpClient-1-8] DEBUG org.asynchttpclient.netty.handler.HttpHandler - 

Request DefaultHttpRequest(decodeResult: success, version: HTTP/1.1)
POST /session/f31ff1d69d75c50c8eaf6608b954ca01/timeouts HTTP/1.1
User-Agent: selenium/4.1.2 (java windows)
Content-Length: 22
Content-Type: application/json; charset=utf-8
host: localhost:64847
accept: */*

Response DefaultHttpResponse(decodeResult: success, version: HTTP/1.1)
HTTP/1.1 200 OK
Content-Type: application/json; charset=utf-8
cache-control: no-cache
content-length: 14

10:44:43.031 [AsyncHttpClient-1-8] DEBUG org.asynchttpclient.netty.channel.ChannelManager - Adding key: http://localhost:64847 for channel [id: 0x5d5ab7f1, L:/127.0.0.1:57497 - R:localhost/127.0.0.1:64847]
10:44:43.038 [Forwarding getCurrentUrl on session f31ff1d69d75c50c8eaf6608b954ca01 to remote] DEBUG org.asynchttpclient.netty.request.NettyRequestSender - Using pooled Channel '[id: 0x5d5ab7f1, L:/127.0.0.1:57497 - R:localhost/127.0.0.1:64847]' for 'GET' to 'http://localhost:64847/session/f31ff1d69d75c50c8eaf6608b954ca01/url'
10:44:43.038 [Forwarding getCurrentUrl on session f31ff1d69d75c50c8eaf6608b954ca01 to remote] DEBUG org.asynchttpclient.netty.request.NettyRequestSender - Using open Channel [id: 0x5d5ab7f1, L:/127.0.0.1:57497 - R:localhost/127.0.0.1:64847] for GET '/session/f31ff1d69d75c50c8eaf6608b954ca01/url'
10:44:43.045 [AsyncHttpClient-1-8] DEBUG org.asynchttpclient.netty.handler.HttpHandler - 

Request DefaultFullHttpRequest(decodeResult: success, version: HTTP/1.1, content: EmptyByteBufBE)
GET /session/f31ff1d69d75c50c8eaf6608b954ca01/url HTTP/1.1
User-Agent: selenium/4.1.2 (java windows)
Cache-Control: no-cache
Content-Type: application/json; charset=utf-8
host: localhost:64847
accept: */*

Response DefaultHttpResponse(decodeResult: success, version: HTTP/1.1)
HTTP/1.1 200 OK
Content-Type: application/json; charset=utf-8
cache-control: no-cache
content-length: 53

10:44:43.045 [AsyncHttpClient-1-8] DEBUG org.asynchttpclient.netty.channel.ChannelManager - Adding key: http://localhost:64847 for channel [id: 0x5d5ab7f1, L:/127.0.0.1:57497 - R:localhost/127.0.0.1:64847]
10:44:43.052 [Forwarding getCurrentUrl on session f31ff1d69d75c50c8eaf6608b954ca01 to remote] DEBUG org.asynchttpclient.netty.request.NettyRequestSender - Using pooled Channel '[id: 0x5d5ab7f1, L:/127.0.0.1:57497 - R:localhost/127.0.0.1:64847]' for 'GET' to 'http://localhost:64847/session/f31ff1d69d75c50c8eaf6608b954ca01/url'
10:44:43.052 [Forwarding getCurrentUrl on session f31ff1d69d75c50c8eaf6608b954ca01 to remote] DEBUG org.asynchttpclient.netty.request.NettyRequestSender - Using open Channel [id: 0x5d5ab7f1, L:/127.0.0.1:57497 - R:localhost/127.0.0.1:64847] for GET '/session/f31ff1d69d75c50c8eaf6608b954ca01/url'
10:44:43.059 [AsyncHttpClient-1-8] DEBUG org.asynchttpclient.netty.handler.HttpHandler - 

Request DefaultFullHttpRequest(decodeResult: success, version: HTTP/1.1, content: EmptyByteBufBE)
GET /session/f31ff1d69d75c50c8eaf6608b954ca01/url HTTP/1.1
User-Agent: selenium/4.1.2 (java windows)
Cache-Control: no-cache
Content-Type: application/json; charset=utf-8
host: localhost:64847
accept: */*

Response DefaultHttpResponse(decodeResult: success, version: HTTP/1.1)
HTTP/1.1 200 OK
Content-Type: application/json; charset=utf-8
cache-control: no-cache
content-length: 53

10:44:43.059 [AsyncHttpClient-1-8] DEBUG org.asynchttpclient.netty.channel.ChannelManager - Adding key: http://localhost:64847 for channel [id: 0x5d5ab7f1, L:/127.0.0.1:57497 - R:localhost/127.0.0.1:64847]
10:44:43.069 [Forwarding screenshot on session f31ff1d69d75c50c8eaf6608b954ca01 to remote] DEBUG org.asynchttpclient.netty.request.NettyRequestSender - Using pooled Channel '[id: 0x5d5ab7f1, L:/127.0.0.1:57497 - R:localhost/127.0.0.1:64847]' for 'GET' to 'http://localhost:64847/session/f31ff1d69d75c50c8eaf6608b954ca01/screenshot'
10:44:43.069 [Forwarding screenshot on session f31ff1d69d75c50c8eaf6608b954ca01 to remote] DEBUG org.asynchttpclient.netty.request.NettyRequestSender - Using open Channel [id: 0x5d5ab7f1, L:/127.0.0.1:57497 - R:localhost/127.0.0.1:64847] for GET '/session/f31ff1d69d75c50c8eaf6608b954ca01/screenshot'
10:44:43.412 [AsyncHttpClient-1-8] DEBUG org.asynchttpclient.netty.handler.HttpHandler - 

Request DefaultFullHttpRequest(decodeResult: success, version: HTTP/1.1, content: EmptyByteBufBE)
GET /session/f31ff1d69d75c50c8eaf6608b954ca01/screenshot HTTP/1.1
User-Agent: selenium/4.1.2 (java windows)
Cache-Control: no-cache
Content-Type: application/json; charset=utf-8
host: localhost:64847
accept: */*

Response DefaultHttpResponse(decodeResult: success, version: HTTP/1.1)
HTTP/1.1 200 OK
Content-Type: application/json; charset=utf-8
cache-control: no-cache
content-length: 382596

10:44:43.600 [AsyncHttpClient-1-8] DEBUG org.asynchttpclient.netty.channel.ChannelManager - Adding key: http://localhost:64847 for channel [id: 0x5d5ab7f1, L:/127.0.0.1:57497 - R:localhost/127.0.0.1:64847]
10:44:43.659 [main] DEBUG net.serenitybdd.core.photography.Darkroom - Send negative for processing for target\site\serenity\ed15a54c91c342d96a850276df7b559f4526b370fc93040e3c407a48a170f368.png
10:44:43.659 [main] DEBUG net.thucydides.core.steps.StepInterceptor - STEP DONE: openUrl
10:44:43.664 [AsyncHttpClient-1-1] DEBUG org.asynchttpclient.netty.channel.DefaultChannelPool - Entry count for : http://localhost:64847 : 1
10:44:43.664 [AsyncHttpClient-1-1] DEBUG org.asynchttpclient.netty.channel.DefaultChannelPool - Entry count for : http://localhost:57498 : 1
10:44:43.670 [main] DEBUG net.thucydides.core.steps.StepInterceptor - STARTING STEP: DashboardSteps.iAmOnTheDashboardPage - validateOnDashboardPage
10:44:43.673 [Forwarding findElement on session f31ff1d69d75c50c8eaf6608b954ca01 to remote] DEBUG org.asynchttpclient.netty.request.NettyRequestSender - Using pooled Channel '[id: 0x5d5ab7f1, L:/127.0.0.1:57497 - R:localhost/127.0.0.1:64847]' for 'POST' to 'http://localhost:64847/session/f31ff1d69d75c50c8eaf6608b954ca01/element'
10:44:43.673 [Forwarding findElement on session f31ff1d69d75c50c8eaf6608b954ca01 to remote] DEBUG org.asynchttpclient.netty.request.NettyRequestSender - Using open Channel [id: 0x5d5ab7f1, L:/127.0.0.1:57497 - R:localhost/127.0.0.1:64847] for POST '/session/f31ff1d69d75c50c8eaf6608b954ca01/element'
10:44:43.696 [AsyncHttpClient-1-8] DEBUG org.asynchttpclient.netty.handler.HttpHandler - 

Request DefaultHttpRequest(decodeResult: success, version: HTTP/1.1)
POST /session/f31ff1d69d75c50c8eaf6608b954ca01/element HTTP/1.1
User-Agent: selenium/4.1.2 (java windows)
Content-Length: 81
Content-Type: application/json; charset=utf-8
host: localhost:64847
accept: */*

Response DefaultHttpResponse(decodeResult: success, version: HTTP/1.1)
HTTP/1.1 200 OK
Content-Type: application/json; charset=utf-8
cache-control: no-cache
content-length: 88

10:44:43.697 [AsyncHttpClient-1-8] DEBUG org.asynchttpclient.netty.channel.ChannelManager - Adding key: http://localhost:64847 for channel [id: 0x5d5ab7f1, L:/127.0.0.1:57497 - R:localhost/127.0.0.1:64847]
10:44:43.702 [Forwarding isElementDisplayed on session f31ff1d69d75c50c8eaf6608b954ca01 to remote] DEBUG org.asynchttpclient.netty.request.NettyRequestSender - Using pooled Channel '[id: 0x5d5ab7f1, L:/127.0.0.1:57497 - R:localhost/127.0.0.1:64847]' for 'POST' to 'http://localhost:64847/session/f31ff1d69d75c50c8eaf6608b954ca01/execute/sync'
10:44:43.703 [Forwarding isElementDisplayed on session f31ff1d69d75c50c8eaf6608b954ca01 to remote] DEBUG org.asynchttpclient.netty.request.NettyRequestSender - Using open Channel [id: 0x5d5ab7f1, L:/127.0.0.1:57497 - R:localhost/127.0.0.1:64847] for POST '/session/f31ff1d69d75c50c8eaf6608b954ca01/execute/sync'
10:44:43.731 [AsyncHttpClient-1-8] DEBUG org.asynchttpclient.netty.handler.HttpHandler - 

Request DefaultHttpRequest(decodeResult: success, version: HTTP/1.1)
POST /session/f31ff1d69d75c50c8eaf6608b954ca01/execute/sync HTTP/1.1
User-Agent: selenium/4.1.2 (java windows)
Content-Length: 48780
Content-Type: application/json; charset=utf-8
host: localhost:64847
accept: */*

Response DefaultHttpResponse(decodeResult: success, version: HTTP/1.1)
HTTP/1.1 200 OK
Content-Type: application/json; charset=utf-8
cache-control: no-cache
content-length: 14

10:44:43.731 [AsyncHttpClient-1-8] DEBUG org.asynchttpclient.netty.channel.ChannelManager - Adding key: http://localhost:64847 for channel [id: 0x5d5ab7f1, L:/127.0.0.1:57497 - R:localhost/127.0.0.1:64847]
10:44:43.740 [Forwarding screenshot on session f31ff1d69d75c50c8eaf6608b954ca01 to remote] DEBUG org.asynchttpclient.netty.request.NettyRequestSender - Using pooled Channel '[id: 0x5d5ab7f1, L:/127.0.0.1:57497 - R:localhost/127.0.0.1:64847]' for 'GET' to 'http://localhost:64847/session/f31ff1d69d75c50c8eaf6608b954ca01/screenshot'
10:44:43.740 [Forwarding screenshot on session f31ff1d69d75c50c8eaf6608b954ca01 to remote] DEBUG org.asynchttpclient.netty.request.NettyRequestSender - Using open Channel [id: 0x5d5ab7f1, L:/127.0.0.1:57497 - R:localhost/127.0.0.1:64847] for GET '/session/f31ff1d69d75c50c8eaf6608b954ca01/screenshot'
10:44:44.024 [AsyncHttpClient-1-8] DEBUG org.asynchttpclient.netty.handler.HttpHandler - 

Request DefaultFullHttpRequest(decodeResult: success, version: HTTP/1.1, content: EmptyByteBufBE)
GET /session/f31ff1d69d75c50c8eaf6608b954ca01/screenshot HTTP/1.1
User-Agent: selenium/4.1.2 (java windows)
Cache-Control: no-cache
Content-Type: application/json; charset=utf-8
host: localhost:64847
accept: */*

Response DefaultHttpResponse(decodeResult: success, version: HTTP/1.1)
HTTP/1.1 200 OK
Content-Type: application/json; charset=utf-8
cache-control: no-cache
content-length: 382596

10:44:44.026 [AsyncHttpClient-1-8] DEBUG org.asynchttpclient.netty.channel.ChannelManager - Adding key: http://localhost:64847 for channel [id: 0x5d5ab7f1, L:/127.0.0.1:57497 - R:localhost/127.0.0.1:64847]
10:44:44.047 [main] DEBUG net.serenitybdd.core.photography.Darkroom - Send negative for processing for target\site\serenity\ed15a54c91c342d96a850276df7b559f4526b370fc93040e3c407a48a170f368.png
10:44:44.048 [main] DEBUG net.thucydides.core.steps.StepInterceptor - STEP DONE: validateOnDashboardPage
  &amp#27;[32mGiven &amp#27;[0m&amp#27;[32mI am on the dashboard page&amp#27;[0m                                             &amp#27;[90m# starter.stepdefinitions.DashboardSteps.iAmOnTheDashboardPage()&amp#27;[0m
10:44:44.074 [main] DEBUG net.thucydides.core.steps.StepInterceptor - STARTING STEP: AppointmentSteps.iClickMenuAppointment - clickMenuAppointmentButton
10:44:44.079 [Forwarding findElement on session f31ff1d69d75c50c8eaf6608b954ca01 to remote] DEBUG org.asynchttpclient.netty.request.NettyRequestSender - Using pooled Channel '[id: 0x5d5ab7f1, L:/127.0.0.1:57497 - R:localhost/127.0.0.1:64847]' for 'POST' to 'http://localhost:64847/session/f31ff1d69d75c50c8eaf6608b954ca01/element'
10:44:44.079 [Forwarding findElement on session f31ff1d69d75c50c8eaf6608b954ca01 to remote] DEBUG org.asynchttpclient.netty.request.NettyRequestSender - Using open Channel [id: 0x5d5ab7f1, L:/127.0.0.1:57497 - R:localhost/127.0.0.1:64847] for POST '/session/f31ff1d69d75c50c8eaf6608b954ca01/element'
10:44:44.094 [AsyncHttpClient-1-8] DEBUG org.asynchttpclient.netty.handler.HttpHandler - 

Request DefaultHttpRequest(decodeResult: success, version: HTTP/1.1)
POST /session/f31ff1d69d75c50c8eaf6608b954ca01/element HTTP/1.1
User-Agent: selenium/4.1.2 (java windows)
Content-Length: 84
Content-Type: application/json; charset=utf-8
host: localhost:64847
accept: */*

Response DefaultHttpResponse(decodeResult: success, version: HTTP/1.1)
HTTP/1.1 200 OK
Content-Type: application/json; charset=utf-8
cache-control: no-cache
content-length: 88

10:44:44.094 [AsyncHttpClient-1-8] DEBUG org.asynchttpclient.netty.channel.ChannelManager - Adding key: http://localhost:64847 for channel [id: 0x5d5ab7f1, L:/127.0.0.1:57497 - R:localhost/127.0.0.1:64847]
10:44:44.096 [Forwarding getElementTagName on session f31ff1d69d75c50c8eaf6608b954ca01 to remote] DEBUG org.asynchttpclient.netty.request.NettyRequestSender - Using pooled Channel '[id: 0x5d5ab7f1, L:/127.0.0.1:57497 - R:localhost/127.0.0.1:64847]' for 'GET' to 'http://localhost:64847/session/f31ff1d69d75c50c8eaf6608b954ca01/element/1f2f91e7-1653-425b-b25d-1e628d296feb/name'
10:44:44.096 [Forwarding getElementTagName on session f31ff1d69d75c50c8eaf6608b954ca01 to remote] DEBUG org.asynchttpclient.netty.request.NettyRequestSender - Using open Channel [id: 0x5d5ab7f1, L:/127.0.0.1:57497 - R:localhost/127.0.0.1:64847] for GET '/session/f31ff1d69d75c50c8eaf6608b954ca01/element/1f2f91e7-1653-425b-b25d-1e628d296feb/name'
10:44:44.101 [AsyncHttpClient-1-8] DEBUG org.asynchttpclient.netty.handler.HttpHandler - 

Request DefaultFullHttpRequest(decodeResult: success, version: HTTP/1.1, content: EmptyByteBufBE)
GET /session/f31ff1d69d75c50c8eaf6608b954ca01/element/1f2f91e7-1653-425b-b25d-1e628d296feb/name HTTP/1.1
User-Agent: selenium/4.1.2 (java windows)
Cache-Control: no-cache
Content-Type: application/json; charset=utf-8
host: localhost:64847
accept: */*

Response DefaultHttpResponse(decodeResult: success, version: HTTP/1.1)
HTTP/1.1 200 OK
Content-Type: application/json; charset=utf-8
cache-control: no-cache
content-length: 15

10:44:44.101 [AsyncHttpClient-1-8] DEBUG org.asynchttpclient.netty.channel.ChannelManager - Adding key: http://localhost:64847 for channel [id: 0x5d5ab7f1, L:/127.0.0.1:57497 - R:localhost/127.0.0.1:64847]
10:44:44.103 [Forwarding getElementTagName on session f31ff1d69d75c50c8eaf6608b954ca01 to remote] DEBUG org.asynchttpclient.netty.request.NettyRequestSender - Using pooled Channel '[id: 0x5d5ab7f1, L:/127.0.0.1:57497 - R:localhost/127.0.0.1:64847]' for 'GET' to 'http://localhost:64847/session/f31ff1d69d75c50c8eaf6608b954ca01/element/1f2f91e7-1653-425b-b25d-1e628d296feb/name'
10:44:44.103 [Forwarding getElementTagName on session f31ff1d69d75c50c8eaf6608b954ca01 to remote] DEBUG org.asynchttpclient.netty.request.NettyRequestSender - Using open Channel [id: 0x5d5ab7f1, L:/127.0.0.1:57497 - R:localhost/127.0.0.1:64847] for GET '/session/f31ff1d69d75c50c8eaf6608b954ca01/element/1f2f91e7-1653-425b-b25d-1e628d296feb/name'
10:44:44.107 [AsyncHttpClient-1-8] DEBUG org.asynchttpclient.netty.handler.HttpHandler - 

Request DefaultFullHttpRequest(decodeResult: success, version: HTTP/1.1, content: EmptyByteBufBE)
GET /session/f31ff1d69d75c50c8eaf6608b954ca01/element/1f2f91e7-1653-425b-b25d-1e628d296feb/name HTTP/1.1
User-Agent: selenium/4.1.2 (java windows)
Cache-Control: no-cache
Content-Type: application/json; charset=utf-8
host: localhost:64847
accept: */*

Response DefaultHttpResponse(decodeResult: success, version: HTTP/1.1)
HTTP/1.1 200 OK
Content-Type: application/json; charset=utf-8
cache-control: no-cache
content-length: 15

10:44:44.107 [AsyncHttpClient-1-8] DEBUG org.asynchttpclient.netty.channel.ChannelManager - Adding key: http://localhost:64847 for channel [id: 0x5d5ab7f1, L:/127.0.0.1:57497 - R:localhost/127.0.0.1:64847]
10:44:44.109 [Forwarding findElement on session f31ff1d69d75c50c8eaf6608b954ca01 to remote] DEBUG org.asynchttpclient.netty.request.NettyRequestSender - Using pooled Channel '[id: 0x5d5ab7f1, L:/127.0.0.1:57497 - R:localhost/127.0.0.1:64847]' for 'POST' to 'http://localhost:64847/session/f31ff1d69d75c50c8eaf6608b954ca01/element'
10:44:44.109 [Forwarding findElement on session f31ff1d69d75c50c8eaf6608b954ca01 to remote] DEBUG org.asynchttpclient.netty.request.NettyRequestSender - Using open Channel [id: 0x5d5ab7f1, L:/127.0.0.1:57497 - R:localhost/127.0.0.1:64847] for POST '/session/f31ff1d69d75c50c8eaf6608b954ca01/element'
10:44:44.340 [AsyncHttpClient-1-8] DEBUG org.asynchttpclient.netty.handler.HttpHandler - 

Request DefaultHttpRequest(decodeResult: success, version: HTTP/1.1)
POST /session/f31ff1d69d75c50c8eaf6608b954ca01/element HTTP/1.1
User-Agent: selenium/4.1.2 (java windows)
Content-Length: 84
Content-Type: application/json; charset=utf-8
host: localhost:64847
accept: */*

Response DefaultHttpResponse(decodeResult: success, version: HTTP/1.1)
HTTP/1.1 200 OK
Content-Type: application/json; charset=utf-8
cache-control: no-cache
content-length: 88

10:44:44.340 [AsyncHttpClient-1-8] DEBUG org.asynchttpclient.netty.channel.ChannelManager - Adding key: http://localhost:64847 for channel [id: 0x5d5ab7f1, L:/127.0.0.1:57497 - R:localhost/127.0.0.1:64847]
10:44:44.345 [Forwarding clickElement on session f31ff1d69d75c50c8eaf6608b954ca01 to remote] DEBUG org.asynchttpclient.netty.request.NettyRequestSender - Using pooled Channel '[id: 0x5d5ab7f1, L:/127.0.0.1:57497 - R:localhost/127.0.0.1:64847]' for 'POST' to 'http://localhost:64847/session/f31ff1d69d75c50c8eaf6608b954ca01/element/1f2f91e7-1653-425b-b25d-1e628d296feb/click'
10:44:44.345 [Forwarding clickElement on session f31ff1d69d75c50c8eaf6608b954ca01 to remote] DEBUG org.asynchttpclient.netty.request.NettyRequestSender - Using open Channel [id: 0x5d5ab7f1, L:/127.0.0.1:57497 - R:localhost/127.0.0.1:64847] for POST '/session/f31ff1d69d75c50c8eaf6608b954ca01/element/1f2f91e7-1653-425b-b25d-1e628d296feb/click'
10:44:44.661 [AsyncHttpClient-1-8] DEBUG org.asynchttpclient.netty.handler.HttpHandler - 

Request DefaultHttpRequest(decodeResult: success, version: HTTP/1.1)
POST /session/f31ff1d69d75c50c8eaf6608b954ca01/element/1f2f91e7-1653-425b-b25d-1e628d296feb/click HTTP/1.1
User-Agent: selenium/4.1.2 (java windows)
Content-Length: 50
Content-Type: application/json; charset=utf-8
host: localhost:64847
accept: */*

Response DefaultHttpResponse(decodeResult: success, version: HTTP/1.1)
HTTP/1.1 200 OK
Content-Type: application/json; charset=utf-8
cache-control: no-cache
content-length: 14

10:44:44.662 [AsyncHttpClient-1-8] DEBUG org.asynchttpclient.netty.channel.ChannelManager - Adding key: http://localhost:64847 for channel [id: 0x5d5ab7f1, L:/127.0.0.1:57497 - R:localhost/127.0.0.1:64847]
10:44:44.674 [Forwarding screenshot on session f31ff1d69d75c50c8eaf6608b954ca01 to remote] DEBUG org.asynchttpclient.netty.request.NettyRequestSender - Using pooled Channel '[id: 0x5d5ab7f1, L:/127.0.0.1:57497 - R:localhost/127.0.0.1:64847]' for 'GET' to 'http://localhost:64847/session/f31ff1d69d75c50c8eaf6608b954ca01/screenshot'
10:44:44.674 [Forwarding screenshot on session f31ff1d69d75c50c8eaf6608b954ca01 to remote] DEBUG org.asynchttpclient.netty.request.NettyRequestSender - Using open Channel [id: 0x5d5ab7f1, L:/127.0.0.1:57497 - R:localhost/127.0.0.1:64847] for GET '/session/f31ff1d69d75c50c8eaf6608b954ca01/screenshot'
10:44:44.763 [AsyncHttpClient-1-1] DEBUG org.asynchttpclient.netty.channel.DefaultChannelPool - Entry count for : http://localhost:57498 : 1
10:44:44.817 [AsyncHttpClient-1-8] DEBUG org.asynchttpclient.netty.handler.HttpHandler - 

Request DefaultFullHttpRequest(decodeResult: success, version: HTTP/1.1, content: EmptyByteBufBE)
GET /session/f31ff1d69d75c50c8eaf6608b954ca01/screenshot HTTP/1.1
User-Agent: selenium/4.1.2 (java windows)
Cache-Control: no-cache
Content-Type: application/json; charset=utf-8
host: localhost:64847
accept: */*

Response DefaultHttpResponse(decodeResult: success, version: HTTP/1.1)
HTTP/1.1 200 OK
Content-Type: application/json; charset=utf-8
cache-control: no-cache
content-length: 77776

10:44:44.818 [AsyncHttpClient-1-8] DEBUG org.asynchttpclient.netty.channel.ChannelManager - Adding key: http://localhost:64847 for channel [id: 0x5d5ab7f1, L:/127.0.0.1:57497 - R:localhost/127.0.0.1:64847]
10:44:44.824 [main] DEBUG net.serenitybdd.core.photography.Darkroom - Send negative for processing for target\site\serenity\dde6ee49eef829c4844cc40a8aaa4d6e912eaee4e88eb74d4e912a38905c5f6b.png
10:44:44.825 [main] DEBUG net.thucydides.core.steps.StepInterceptor - STEP DONE: clickMenuAppointmentButton
  &amp#27;[32mAnd &amp#27;[0m&amp#27;[32mI click menu Appointment&amp#27;[0m                                                 &amp#27;[90m# starter.stepdefinitions.AppointmentSteps.iClickMenuAppointment()&amp#27;[0m
10:44:44.852 [main] DEBUG net.thucydides.core.steps.StepInterceptor - STARTING STEP: AppointmentSteps.iClickAppointmentDepartmentDropdown - clickFilterDropdown
10:44:44.856 [Forwarding findElement on session f31ff1d69d75c50c8eaf6608b954ca01 to remote] DEBUG org.asynchttpclient.netty.request.NettyRequestSender - Using pooled Channel '[id: 0x5d5ab7f1, L:/127.0.0.1:57497 - R:localhost/127.0.0.1:64847]' for 'POST' to 'http://localhost:64847/session/f31ff1d69d75c50c8eaf6608b954ca01/element'
10:44:44.856 [Forwarding findElement on session f31ff1d69d75c50c8eaf6608b954ca01 to remote] DEBUG org.asynchttpclient.netty.request.NettyRequestSender - Using open Channel [id: 0x5d5ab7f1, L:/127.0.0.1:57497 - R:localhost/127.0.0.1:64847] for POST '/session/f31ff1d69d75c50c8eaf6608b954ca01/element'
10:44:44.880 [AsyncHttpClient-1-8] DEBUG org.asynchttpclient.netty.handler.HttpHandler - 

Request DefaultHttpRequest(decodeResult: success, version: HTTP/1.1)
POST /session/f31ff1d69d75c50c8eaf6608b954ca01/element HTTP/1.1
User-Agent: selenium/4.1.2 (java windows)
Content-Length: 146
Content-Type: application/json; charset=utf-8
host: localhost:64847
accept: */*

Response DefaultHttpResponse(decodeResult: success, version: HTTP/1.1)
HTTP/1.1 200 OK
Content-Type: application/json; charset=utf-8
cache-control: no-cache
content-length: 88

10:44:44.881 [AsyncHttpClient-1-8] DEBUG org.asynchttpclient.netty.channel.ChannelManager - Adding key: http://localhost:64847 for channel [id: 0x5d5ab7f1, L:/127.0.0.1:57497 - R:localhost/127.0.0.1:64847]
10:44:44.882 [Forwarding getElementTagName on session f31ff1d69d75c50c8eaf6608b954ca01 to remote] DEBUG org.asynchttpclient.netty.request.NettyRequestSender - Using pooled Channel '[id: 0x5d5ab7f1, L:/127.0.0.1:57497 - R:localhost/127.0.0.1:64847]' for 'GET' to 'http://localhost:64847/session/f31ff1d69d75c50c8eaf6608b954ca01/element/bb6686e6-25fd-4cae-af5d-8783cba95a2d/name'
10:44:44.883 [Forwarding getElementTagName on session f31ff1d69d75c50c8eaf6608b954ca01 to remote] DEBUG org.asynchttpclient.netty.request.NettyRequestSender - Using open Channel [id: 0x5d5ab7f1, L:/127.0.0.1:57497 - R:localhost/127.0.0.1:64847] for GET '/session/f31ff1d69d75c50c8eaf6608b954ca01/element/bb6686e6-25fd-4cae-af5d-8783cba95a2d/name'
10:44:44.888 [AsyncHttpClient-1-8] DEBUG org.asynchttpclient.netty.handler.HttpHandler - 

Request DefaultFullHttpRequest(decodeResult: success, version: HTTP/1.1, content: EmptyByteBufBE)
GET /session/f31ff1d69d75c50c8eaf6608b954ca01/element/bb6686e6-25fd-4cae-af5d-8783cba95a2d/name HTTP/1.1
User-Agent: selenium/4.1.2 (java windows)
Cache-Control: no-cache
Content-Type: application/json; charset=utf-8
host: localhost:64847
accept: */*

Response DefaultHttpResponse(decodeResult: success, version: HTTP/1.1)
HTTP/1.1 200 OK
Content-Type: application/json; charset=utf-8
cache-control: no-cache
content-length: 15

10:44:44.888 [AsyncHttpClient-1-8] DEBUG org.asynchttpclient.netty.channel.ChannelManager - Adding key: http://localhost:64847 for channel [id: 0x5d5ab7f1, L:/127.0.0.1:57497 - R:localhost/127.0.0.1:64847]
10:44:44.889 [Forwarding getElementTagName on session f31ff1d69d75c50c8eaf6608b954ca01 to remote] DEBUG org.asynchttpclient.netty.request.NettyRequestSender - Using pooled Channel '[id: 0x5d5ab7f1, L:/127.0.0.1:57497 - R:localhost/127.0.0.1:64847]' for 'GET' to 'http://localhost:64847/session/f31ff1d69d75c50c8eaf6608b954ca01/element/bb6686e6-25fd-4cae-af5d-8783cba95a2d/name'
10:44:44.889 [Forwarding getElementTagName on session f31ff1d69d75c50c8eaf6608b954ca01 to remote] DEBUG org.asynchttpclient.netty.request.NettyRequestSender - Using open Channel [id: 0x5d5ab7f1, L:/127.0.0.1:57497 - R:localhost/127.0.0.1:64847] for GET '/session/f31ff1d69d75c50c8eaf6608b954ca01/element/bb6686e6-25fd-4cae-af5d-8783cba95a2d/name'
10:44:44.895 [AsyncHttpClient-1-8] DEBUG org.asynchttpclient.netty.handler.HttpHandler - 

Request DefaultFullHttpRequest(decodeResult: success, version: HTTP/1.1, content: EmptyByteBufBE)
GET /session/f31ff1d69d75c50c8eaf6608b954ca01/element/bb6686e6-25fd-4cae-af5d-8783cba95a2d/name HTTP/1.1
User-Agent: selenium/4.1.2 (java windows)
Cache-Control: no-cache
Content-Type: application/json; charset=utf-8
host: localhost:64847
accept: */*

Response DefaultHttpResponse(decodeResult: success, version: HTTP/1.1)
HTTP/1.1 200 OK
Content-Type: application/json; charset=utf-8
cache-control: no-cache
content-length: 15

10:44:44.895 [AsyncHttpClient-1-8] DEBUG org.asynchttpclient.netty.channel.ChannelManager - Adding key: http://localhost:64847 for channel [id: 0x5d5ab7f1, L:/127.0.0.1:57497 - R:localhost/127.0.0.1:64847]
10:44:44.898 [Forwarding findElement on session f31ff1d69d75c50c8eaf6608b954ca01 to remote] DEBUG org.asynchttpclient.netty.request.NettyRequestSender - Using pooled Channel '[id: 0x5d5ab7f1, L:/127.0.0.1:57497 - R:localhost/127.0.0.1:64847]' for 'POST' to 'http://localhost:64847/session/f31ff1d69d75c50c8eaf6608b954ca01/element'
10:44:44.898 [Forwarding findElement on session f31ff1d69d75c50c8eaf6608b954ca01 to remote] DEBUG org.asynchttpclient.netty.request.NettyRequestSender - Using open Channel [id: 0x5d5ab7f1, L:/127.0.0.1:57497 - R:localhost/127.0.0.1:64847] for POST '/session/f31ff1d69d75c50c8eaf6608b954ca01/element'
10:44:44.908 [AsyncHttpClient-1-8] DEBUG org.asynchttpclient.netty.handler.HttpHandler - 

Request DefaultHttpRequest(decodeResult: success, version: HTTP/1.1)
POST /session/f31ff1d69d75c50c8eaf6608b954ca01/element HTTP/1.1
User-Agent: selenium/4.1.2 (java windows)
Content-Length: 146
Content-Type: application/json; charset=utf-8
host: localhost:64847
accept: */*

Response DefaultHttpResponse(decodeResult: success, version: HTTP/1.1)
HTTP/1.1 200 OK
Content-Type: application/json; charset=utf-8
cache-control: no-cache
content-length: 88

10:44:44.908 [AsyncHttpClient-1-8] DEBUG org.asynchttpclient.netty.channel.ChannelManager - Adding key: http://localhost:64847 for channel [id: 0x5d5ab7f1, L:/127.0.0.1:57497 - R:localhost/127.0.0.1:64847]
10:44:44.909 [Forwarding clickElement on session f31ff1d69d75c50c8eaf6608b954ca01 to remote] DEBUG org.asynchttpclient.netty.request.NettyRequestSender - Using pooled Channel '[id: 0x5d5ab7f1, L:/127.0.0.1:57497 - R:localhost/127.0.0.1:64847]' for 'POST' to 'http://localhost:64847/session/f31ff1d69d75c50c8eaf6608b954ca01/element/bb6686e6-25fd-4cae-af5d-8783cba95a2d/click'
10:44:44.909 [Forwarding clickElement on session f31ff1d69d75c50c8eaf6608b954ca01 to remote] DEBUG org.asynchttpclient.netty.request.NettyRequestSender - Using open Channel [id: 0x5d5ab7f1, L:/127.0.0.1:57497 - R:localhost/127.0.0.1:64847] for POST '/session/f31ff1d69d75c50c8eaf6608b954ca01/element/bb6686e6-25fd-4cae-af5d-8783cba95a2d/click'
10:44:45.032 [AsyncHttpClient-1-8] DEBUG org.asynchttpclient.netty.handler.HttpHandler - 

Request DefaultHttpRequest(decodeResult: success, version: HTTP/1.1)
POST /session/f31ff1d69d75c50c8eaf6608b954ca01/element/bb6686e6-25fd-4cae-af5d-8783cba95a2d/click HTTP/1.1
User-Agent: selenium/4.1.2 (java windows)
Content-Length: 50
Content-Type: application/json; charset=utf-8
host: localhost:64847
accept: */*

Response DefaultHttpResponse(decodeResult: success, version: HTTP/1.1)
HTTP/1.1 200 OK
Content-Type: application/json; charset=utf-8
cache-control: no-cache
content-length: 14

10:44:45.032 [AsyncHttpClient-1-8] DEBUG org.asynchttpclient.netty.channel.ChannelManager - Adding key: http://localhost:64847 for channel [id: 0x5d5ab7f1, L:/127.0.0.1:57497 - R:localhost/127.0.0.1:64847]
10:44:45.045 [Forwarding screenshot on session f31ff1d69d75c50c8eaf6608b954ca01 to remote] DEBUG org.asynchttpclient.netty.request.NettyRequestSender - Using pooled Channel '[id: 0x5d5ab7f1, L:/127.0.0.1:57497 - R:localhost/127.0.0.1:64847]' for 'GET' to 'http://localhost:64847/session/f31ff1d69d75c50c8eaf6608b954ca01/screenshot'
10:44:45.045 [Forwarding screenshot on session f31ff1d69d75c50c8eaf6608b954ca01 to remote] DEBUG org.asynchttpclient.netty.request.NettyRequestSender - Using open Channel [id: 0x5d5ab7f1, L:/127.0.0.1:57497 - R:localhost/127.0.0.1:64847] for GET '/session/f31ff1d69d75c50c8eaf6608b954ca01/screenshot'
10:44:45.239 [AsyncHttpClient-1-8] DEBUG org.asynchttpclient.netty.handler.HttpHandler - 

Request DefaultFullHttpRequest(decodeResult: success, version: HTTP/1.1, content: EmptyByteBufBE)
GET /session/f31ff1d69d75c50c8eaf6608b954ca01/screenshot HTTP/1.1
User-Agent: selenium/4.1.2 (java windows)
Cache-Control: no-cache
Content-Type: application/json; charset=utf-8
host: localhost:64847
accept: */*

Response DefaultHttpResponse(decodeResult: success, version: HTTP/1.1)
HTTP/1.1 200 OK
Content-Type: application/json; charset=utf-8
cache-control: no-cache
content-length: 106408

10:44:45.240 [AsyncHttpClient-1-8] DEBUG org.asynchttpclient.netty.channel.ChannelManager - Adding key: http://localhost:64847 for channel [id: 0x5d5ab7f1, L:/127.0.0.1:57497 - R:localhost/127.0.0.1:64847]
10:44:45.249 [main] DEBUG net.serenitybdd.core.photography.Darkroom - Send negative for processing for target\site\serenity\3ddcb24c26a5a0d1c62e83a6192c39b3be3c3789760e19172db6eaf328d8837b.png
10:44:45.249 [main] DEBUG net.thucydides.core.steps.StepInterceptor - STEP DONE: clickFilterDropdown
  &amp#27;[32mWhen &amp#27;[0m&amp#27;[32mI click Appointment Department Filter Dropdown&amp#27;[0m                          &amp#27;[90m# starter.stepdefinitions.AppointmentSteps.iClickAppointmentDepartmentDropdown()&amp#27;[0m
10:44:45.250 [Darkroom Processing Line] DEBUG net.serenitybdd.core.photography.DarkroomProcessingLine - Processing screenshot image in /var/screenshots/screenshot-4706745864861583566
10:44:45.250 [Darkroom Processing Line] DEBUG net.serenitybdd.core.photography.DarkroomProcessingLine - Saving screenshot to target\site\serenity\3ddcb24c26a5a0d1c62e83a6192c39b3be3c3789760e19172db6eaf328d8837b.png
10:44:45.281 [main] DEBUG net.thucydides.core.steps.StepInterceptor - STARTING STEP: AppointmentSteps.iClickAppointmentPediatric - clickPediatricMenu
10:44:45.290 [Forwarding findElement on session f31ff1d69d75c50c8eaf6608b954ca01 to remote] DEBUG org.asynchttpclient.netty.request.NettyRequestSender - Using pooled Channel '[id: 0x5d5ab7f1, L:/127.0.0.1:57497 - R:localhost/127.0.0.1:64847]' for 'POST' to 'http://localhost:64847/session/f31ff1d69d75c50c8eaf6608b954ca01/element'
10:44:45.290 [Forwarding findElement on session f31ff1d69d75c50c8eaf6608b954ca01 to remote] DEBUG org.asynchttpclient.netty.request.NettyRequestSender - Using open Channel [id: 0x5d5ab7f1, L:/127.0.0.1:57497 - R:localhost/127.0.0.1:64847] for POST '/session/f31ff1d69d75c50c8eaf6608b954ca01/element'
10:44:45.366 [AsyncHttpClient-1-8] DEBUG org.asynchttpclient.netty.handler.HttpHandler - 

Request DefaultHttpRequest(decodeResult: success, version: HTTP/1.1)
POST /session/f31ff1d69d75c50c8eaf6608b954ca01/element HTTP/1.1
User-Agent: selenium/4.1.2 (java windows)
Content-Length: 109
Content-Type: application/json; charset=utf-8
host: localhost:64847
accept: */*

Response DefaultHttpResponse(decodeResult: success, version: HTTP/1.1)
HTTP/1.1 200 OK
Content-Type: application/json; charset=utf-8
cache-control: no-cache
content-length: 88

10:44:45.366 [AsyncHttpClient-1-8] DEBUG org.asynchttpclient.netty.channel.ChannelManager - Adding key: http://localhost:64847 for channel [id: 0x5d5ab7f1, L:/127.0.0.1:57497 - R:localhost/127.0.0.1:64847]
10:44:45.370 [Forwarding getElementTagName on session f31ff1d69d75c50c8eaf6608b954ca01 to remote] DEBUG org.asynchttpclient.netty.request.NettyRequestSender - Using pooled Channel '[id: 0x5d5ab7f1, L:/127.0.0.1:57497 - R:localhost/127.0.0.1:64847]' for 'GET' to 'http://localhost:64847/session/f31ff1d69d75c50c8eaf6608b954ca01/element/58cce030-dbcb-4434-a803-24ae49ed01a5/name'
10:44:45.370 [Forwarding getElementTagName on session f31ff1d69d75c50c8eaf6608b954ca01 to remote] DEBUG org.asynchttpclient.netty.request.NettyRequestSender - Using open Channel [id: 0x5d5ab7f1, L:/127.0.0.1:57497 - R:localhost/127.0.0.1:64847] for GET '/session/f31ff1d69d75c50c8eaf6608b954ca01/element/58cce030-dbcb-4434-a803-24ae49ed01a5/name'
10:44:45.538 [AsyncHttpClient-1-8] DEBUG org.asynchttpclient.netty.handler.HttpHandler - 

Request DefaultFullHttpRequest(decodeResult: success, version: HTTP/1.1, content: EmptyByteBufBE)
GET /session/f31ff1d69d75c50c8eaf6608b954ca01/element/58cce030-dbcb-4434-a803-24ae49ed01a5/name HTTP/1.1
User-Agent: selenium/4.1.2 (java windows)
Cache-Control: no-cache
Content-Type: application/json; charset=utf-8
host: localhost:64847
accept: */*

Response DefaultHttpResponse(decodeResult: success, version: HTTP/1.1)
HTTP/1.1 200 OK
Content-Type: application/json; charset=utf-8
cache-control: no-cache
content-length: 14

10:44:45.538 [AsyncHttpClient-1-8] DEBUG org.asynchttpclient.netty.channel.ChannelManager - Adding key: http://localhost:64847 for channel [id: 0x5d5ab7f1, L:/127.0.0.1:57497 - R:localhost/127.0.0.1:64847]
10:44:45.548 [Forwarding getElementTagName on session f31ff1d69d75c50c8eaf6608b954ca01 to remote] DEBUG org.asynchttpclient.netty.request.NettyRequestSender - Using pooled Channel '[id: 0x5d5ab7f1, L:/127.0.0.1:57497 - R:localhost/127.0.0.1:64847]' for 'GET' to 'http://localhost:64847/session/f31ff1d69d75c50c8eaf6608b954ca01/element/58cce030-dbcb-4434-a803-24ae49ed01a5/name'
10:44:45.548 [Forwarding getElementTagName on session f31ff1d69d75c50c8eaf6608b954ca01 to remote] DEBUG org.asynchttpclient.netty.request.NettyRequestSender - Using open Channel [id: 0x5d5ab7f1, L:/127.0.0.1:57497 - R:localhost/127.0.0.1:64847] for GET '/session/f31ff1d69d75c50c8eaf6608b954ca01/element/58cce030-dbcb-4434-a803-24ae49ed01a5/name'
10:44:45.556 [AsyncHttpClient-1-8] DEBUG org.asynchttpclient.netty.handler.HttpHandler - 

Request DefaultFullHttpRequest(decodeResult: success, version: HTTP/1.1, content: EmptyByteBufBE)
GET /session/f31ff1d69d75c50c8eaf6608b954ca01/element/58cce030-dbcb-4434-a803-24ae49ed01a5/name HTTP/1.1
User-Agent: selenium/4.1.2 (java windows)
Cache-Control: no-cache
Content-Type: application/json; charset=utf-8
host: localhost:64847
accept: */*

Response DefaultHttpResponse(decodeResult: success, version: HTTP/1.1)
HTTP/1.1 200 OK
Content-Type: application/json; charset=utf-8
cache-control: no-cache
content-length: 14

10:44:45.556 [AsyncHttpClient-1-8] DEBUG org.asynchttpclient.netty.channel.ChannelManager - Adding key: http://localhost:64847 for channel [id: 0x5d5ab7f1, L:/127.0.0.1:57497 - R:localhost/127.0.0.1:64847]
10:44:45.559 [Forwarding findElement on session f31ff1d69d75c50c8eaf6608b954ca01 to remote] DEBUG org.asynchttpclient.netty.request.NettyRequestSender - Using pooled Channel '[id: 0x5d5ab7f1, L:/127.0.0.1:57497 - R:localhost/127.0.0.1:64847]' for 'POST' to 'http://localhost:64847/session/f31ff1d69d75c50c8eaf6608b954ca01/element'
10:44:45.559 [Forwarding findElement on session f31ff1d69d75c50c8eaf6608b954ca01 to remote] DEBUG org.asynchttpclient.netty.request.NettyRequestSender - Using open Channel [id: 0x5d5ab7f1, L:/127.0.0.1:57497 - R:localhost/127.0.0.1:64847] for POST '/session/f31ff1d69d75c50c8eaf6608b954ca01/element'
10:44:45.574 [AsyncHttpClient-1-8] DEBUG org.asynchttpclient.netty.handler.HttpHandler - 

Request DefaultHttpRequest(decodeResult: success, version: HTTP/1.1)
POST /session/f31ff1d69d75c50c8eaf6608b954ca01/element HTTP/1.1
User-Agent: selenium/4.1.2 (java windows)
Content-Length: 109
Content-Type: application/json; charset=utf-8
host: localhost:64847
accept: */*

Response DefaultHttpResponse(decodeResult: success, version: HTTP/1.1)
HTTP/1.1 200 OK
Content-Type: application/json; charset=utf-8
cache-control: no-cache
content-length: 88

10:44:45.574 [AsyncHttpClient-1-8] DEBUG org.asynchttpclient.netty.channel.ChannelManager - Adding key: http://localhost:64847 for channel [id: 0x5d5ab7f1, L:/127.0.0.1:57497 - R:localhost/127.0.0.1:64847]
10:44:45.576 [Forwarding clickElement on session f31ff1d69d75c50c8eaf6608b954ca01 to remote] DEBUG org.asynchttpclient.netty.request.NettyRequestSender - Using pooled Channel '[id: 0x5d5ab7f1, L:/127.0.0.1:57497 - R:localhost/127.0.0.1:64847]' for 'POST' to 'http://localhost:64847/session/f31ff1d69d75c50c8eaf6608b954ca01/element/58cce030-dbcb-4434-a803-24ae49ed01a5/click'
10:44:45.577 [Forwarding clickElement on session f31ff1d69d75c50c8eaf6608b954ca01 to remote] DEBUG org.asynchttpclient.netty.request.NettyRequestSender - Using open Channel [id: 0x5d5ab7f1, L:/127.0.0.1:57497 - R:localhost/127.0.0.1:64847] for POST '/session/f31ff1d69d75c50c8eaf6608b954ca01/element/58cce030-dbcb-4434-a803-24ae49ed01a5/click'
10:44:45.697 [AsyncHttpClient-1-8] DEBUG org.asynchttpclient.netty.handler.HttpHandler - 

Request DefaultHttpRequest(decodeResult: success, version: HTTP/1.1)
POST /session/f31ff1d69d75c50c8eaf6608b954ca01/element/58cce030-dbcb-4434-a803-24ae49ed01a5/click HTTP/1.1
User-Agent: selenium/4.1.2 (java windows)
Content-Length: 50
Content-Type: application/json; charset=utf-8
host: localhost:64847
accept: */*

Response DefaultHttpResponse(decodeResult: success, version: HTTP/1.1)
HTTP/1.1 200 OK
Content-Type: application/json; charset=utf-8
cache-control: no-cache
content-length: 14

10:44:45.698 [AsyncHttpClient-1-8] DEBUG org.asynchttpclient.netty.channel.ChannelManager - Adding key: http://localhost:64847 for channel [id: 0x5d5ab7f1, L:/127.0.0.1:57497 - R:localhost/127.0.0.1:64847]
10:44:45.708 [Forwarding screenshot on session f31ff1d69d75c50c8eaf6608b954ca01 to remote] DEBUG org.asynchttpclient.netty.request.NettyRequestSender - Using pooled Channel '[id: 0x5d5ab7f1, L:/127.0.0.1:57497 - R:localhost/127.0.0.1:64847]' for 'GET' to 'http://localhost:64847/session/f31ff1d69d75c50c8eaf6608b954ca01/screenshot'
10:44:45.708 [Forwarding screenshot on session f31ff1d69d75c50c8eaf6608b954ca01 to remote] DEBUG org.asynchttpclient.netty.request.NettyRequestSender - Using open Channel [id: 0x5d5ab7f1, L:/127.0.0.1:57497 - R:localhost/127.0.0.1:64847] for GET '/session/f31ff1d69d75c50c8eaf6608b954ca01/screenshot'
10:44:45.863 [AsyncHttpClient-1-8] DEBUG org.asynchttpclient.netty.handler.HttpHandler - 

Request DefaultFullHttpRequest(decodeResult: success, version: HTTP/1.1, content: EmptyByteBufBE)
GET /session/f31ff1d69d75c50c8eaf6608b954ca01/screenshot HTTP/1.1
User-Agent: selenium/4.1.2 (java windows)
Cache-Control: no-cache
Content-Type: application/json; charset=utf-8
host: localhost:64847
accept: */*

Response DefaultHttpResponse(decodeResult: success, version: HTTP/1.1)
HTTP/1.1 200 OK
Content-Type: application/json; charset=utf-8
cache-control: no-cache
content-length: 115272

10:44:45.864 [AsyncHttpClient-1-1] DEBUG org.asynchttpclient.netty.channel.DefaultChannelPool - Entry count for : http://localhost:57498 : 1
10:44:45.864 [AsyncHttpClient-1-8] DEBUG org.asynchttpclient.netty.channel.ChannelManager - Adding key: http://localhost:64847 for channel [id: 0x5d5ab7f1, L:/127.0.0.1:57497 - R:localhost/127.0.0.1:64847]
10:44:45.871 [main] DEBUG net.serenitybdd.core.photography.Darkroom - Send negative for processing for target\site\serenity\e4f6b79bc683302a12ed3358cc3ed209e6b786e5135f5d3d0a36331dc18c6701.png
10:44:45.872 [main] DEBUG net.thucydides.core.steps.StepInterceptor - STEP DONE: clickPediatricMenu
  &amp#27;[32mAnd &amp#27;[0m&amp#27;[32mI click Appointment Pediatric&amp#27;[0m                                            &amp#27;[90m# starter.stepdefinitions.AppointmentSteps.iClickAppointmentPediatric()&amp#27;[0m
10:44:45.872 [Darkroom Processing Line] DEBUG net.serenitybdd.core.photography.DarkroomProcessingLine - Processing screenshot image in /var/screenshots/screenshot-12318621387037946886
10:44:45.872 [Darkroom Processing Line] DEBUG net.serenitybdd.core.photography.DarkroomProcessingLine - Saving screenshot to target\site\serenity\e4f6b79bc683302a12ed3358cc3ed209e6b786e5135f5d3d0a36331dc18c6701.png
10:44:45.893 [main] DEBUG net.thucydides.core.steps.StepInterceptor - STARTING STEP: AppointmentSteps.iValidateTodayAppointmentOnlyShowPediatricDepartmentAppointment - validatePediatricAppointment
10:44:45.897 [Forwarding findElement on session f31ff1d69d75c50c8eaf6608b954ca01 to remote] DEBUG org.asynchttpclient.netty.request.NettyRequestSender - Using pooled Channel '[id: 0x5d5ab7f1, L:/127.0.0.1:57497 - R:localhost/127.0.0.1:64847]' for 'POST' to 'http://localhost:64847/session/f31ff1d69d75c50c8eaf6608b954ca01/element'
10:44:45.898 [Forwarding findElement on session f31ff1d69d75c50c8eaf6608b954ca01 to remote] DEBUG org.asynchttpclient.netty.request.NettyRequestSender - Using open Channel [id: 0x5d5ab7f1, L:/127.0.0.1:57497 - R:localhost/127.0.0.1:64847] for POST '/session/f31ff1d69d75c50c8eaf6608b954ca01/element'
10:44:45.914 [AsyncHttpClient-1-8] DEBUG org.asynchttpclient.netty.handler.HttpHandler - 

Request DefaultHttpRequest(decodeResult: success, version: HTTP/1.1)
POST /session/f31ff1d69d75c50c8eaf6608b954ca01/element HTTP/1.1
User-Agent: selenium/4.1.2 (java windows)
Content-Length: 145
Content-Type: application/json; charset=utf-8
host: localhost:64847
accept: */*

Response DefaultHttpResponse(decodeResult: success, version: HTTP/1.1)
HTTP/1.1 200 OK
Content-Type: application/json; charset=utf-8
cache-control: no-cache
content-length: 88

10:44:45.914 [AsyncHttpClient-1-8] DEBUG org.asynchttpclient.netty.channel.ChannelManager - Adding key: http://localhost:64847 for channel [id: 0x5d5ab7f1, L:/127.0.0.1:57497 - R:localhost/127.0.0.1:64847]
10:44:45.919 [Forwarding isElementDisplayed on session f31ff1d69d75c50c8eaf6608b954ca01 to remote] DEBUG org.asynchttpclient.netty.request.NettyRequestSender - Using pooled Channel '[id: 0x5d5ab7f1, L:/127.0.0.1:57497 - R:localhost/127.0.0.1:64847]' for 'POST' to 'http://localhost:64847/session/f31ff1d69d75c50c8eaf6608b954ca01/execute/sync'
10:44:45.919 [Forwarding isElementDisplayed on session f31ff1d69d75c50c8eaf6608b954ca01 to remote] DEBUG org.asynchttpclient.netty.request.NettyRequestSender - Using open Channel [id: 0x5d5ab7f1, L:/127.0.0.1:57497 - R:localhost/127.0.0.1:64847] for POST '/session/f31ff1d69d75c50c8eaf6608b954ca01/execute/sync'
10:44:45.937 [AsyncHttpClient-1-8] DEBUG org.asynchttpclient.netty.handler.HttpHandler - 

Request DefaultHttpRequest(decodeResult: success, version: HTTP/1.1)
POST /session/f31ff1d69d75c50c8eaf6608b954ca01/execute/sync HTTP/1.1
User-Agent: selenium/4.1.2 (java windows)
Content-Length: 48780
Content-Type: application/json; charset=utf-8
host: localhost:64847
accept: */*

Response DefaultHttpResponse(decodeResult: success, version: HTTP/1.1)
HTTP/1.1 200 OK
Content-Type: application/json; charset=utf-8
cache-control: no-cache
content-length: 14

10:44:45.937 [AsyncHttpClient-1-8] DEBUG org.asynchttpclient.netty.channel.ChannelManager - Adding key: http://localhost:64847 for channel [id: 0x5d5ab7f1, L:/127.0.0.1:57497 - R:localhost/127.0.0.1:64847]
10:44:45.940 [Forwarding findElement on session f31ff1d69d75c50c8eaf6608b954ca01 to remote] DEBUG org.asynchttpclient.netty.request.NettyRequestSender - Using pooled Channel '[id: 0x5d5ab7f1, L:/127.0.0.1:57497 - R:localhost/127.0.0.1:64847]' for 'POST' to 'http://localhost:64847/session/f31ff1d69d75c50c8eaf6608b954ca01/element'
10:44:45.940 [Forwarding findElement on session f31ff1d69d75c50c8eaf6608b954ca01 to remote] DEBUG org.asynchttpclient.netty.request.NettyRequestSender - Using open Channel [id: 0x5d5ab7f1, L:/127.0.0.1:57497 - R:localhost/127.0.0.1:64847] for POST '/session/f31ff1d69d75c50c8eaf6608b954ca01/element'
10:44:45.950 [AsyncHttpClient-1-8] DEBUG org.asynchttpclient.netty.handler.HttpHandler - 

Request DefaultHttpRequest(decodeResult: success, version: HTTP/1.1)
POST /session/f31ff1d69d75c50c8eaf6608b954ca01/element HTTP/1.1
User-Agent: selenium/4.1.2 (java windows)
Content-Length: 145
Content-Type: application/json; charset=utf-8
host: localhost:64847
accept: */*

Response DefaultHttpResponse(decodeResult: success, version: HTTP/1.1)
HTTP/1.1 200 OK
Content-Type: application/json; charset=utf-8
cache-control: no-cache
content-length: 88

10:44:45.950 [AsyncHttpClient-1-8] DEBUG org.asynchttpclient.netty.channel.ChannelManager - Adding key: http://localhost:64847 for channel [id: 0x5d5ab7f1, L:/127.0.0.1:57497 - R:localhost/127.0.0.1:64847]
10:44:45.955 [Forwarding isElementDisplayed on session f31ff1d69d75c50c8eaf6608b954ca01 to remote] DEBUG org.asynchttpclient.netty.request.NettyRequestSender - Using pooled Channel '[id: 0x5d5ab7f1, L:/127.0.0.1:57497 - R:localhost/127.0.0.1:64847]' for 'POST' to 'http://localhost:64847/session/f31ff1d69d75c50c8eaf6608b954ca01/execute/sync'
10:44:45.955 [Forwarding isElementDisplayed on session f31ff1d69d75c50c8eaf6608b954ca01 to remote] DEBUG org.asynchttpclient.netty.request.NettyRequestSender - Using open Channel [id: 0x5d5ab7f1, L:/127.0.0.1:57497 - R:localhost/127.0.0.1:64847] for POST '/session/f31ff1d69d75c50c8eaf6608b954ca01/execute/sync'
10:44:45.967 [AsyncHttpClient-1-8] DEBUG org.asynchttpclient.netty.handler.HttpHandler - 

Request DefaultHttpRequest(decodeResult: success, version: HTTP/1.1)
POST /session/f31ff1d69d75c50c8eaf6608b954ca01/execute/sync HTTP/1.1
User-Agent: selenium/4.1.2 (java windows)
Content-Length: 48780
Content-Type: application/json; charset=utf-8
host: localhost:64847
accept: */*

Response DefaultHttpResponse(decodeResult: success, version: HTTP/1.1)
HTTP/1.1 200 OK
Content-Type: application/json; charset=utf-8
cache-control: no-cache
content-length: 14

10:44:45.968 [AsyncHttpClient-1-8] DEBUG org.asynchttpclient.netty.channel.ChannelManager - Adding key: http://localhost:64847 for channel [id: 0x5d5ab7f1, L:/127.0.0.1:57497 - R:localhost/127.0.0.1:64847]
10:44:45.974 [Forwarding screenshot on session f31ff1d69d75c50c8eaf6608b954ca01 to remote] DEBUG org.asynchttpclient.netty.request.NettyRequestSender - Using pooled Channel '[id: 0x5d5ab7f1, L:/127.0.0.1:57497 - R:localhost/127.0.0.1:64847]' for 'GET' to 'http://localhost:64847/session/f31ff1d69d75c50c8eaf6608b954ca01/screenshot'
10:44:45.974 [Forwarding screenshot on session f31ff1d69d75c50c8eaf6608b954ca01 to remote] DEBUG org.asynchttpclient.netty.request.NettyRequestSender - Using open Channel [id: 0x5d5ab7f1, L:/127.0.0.1:57497 - R:localhost/127.0.0.1:64847] for GET '/session/f31ff1d69d75c50c8eaf6608b954ca01/screenshot'
10:44:46.087 [AsyncHttpClient-1-8] DEBUG org.asynchttpclient.netty.handler.HttpHandler - 

Request DefaultFullHttpRequest(decodeResult: success, version: HTTP/1.1, content: EmptyByteBufBE)
GET /session/f31ff1d69d75c50c8eaf6608b954ca01/screenshot HTTP/1.1
User-Agent: selenium/4.1.2 (java windows)
Cache-Control: no-cache
Content-Type: application/json; charset=utf-8
host: localhost:64847
accept: */*

Response DefaultHttpResponse(decodeResult: success, version: HTTP/1.1)
HTTP/1.1 200 OK
Content-Type: application/json; charset=utf-8
cache-control: no-cache
content-length: 89468

10:44:46.088 [AsyncHttpClient-1-8] DEBUG org.asynchttpclient.netty.channel.ChannelManager - Adding key: http://localhost:64847 for channel [id: 0x5d5ab7f1, L:/127.0.0.1:57497 - R:localhost/127.0.0.1:64847]
10:44:46.092 [main] DEBUG net.serenitybdd.core.photography.Darkroom - Send negative for processing for target\site\serenity\56866f327adde6cd35c09bd554aededd648a4664b0c18875402dcc0b4d5848d7.png
10:44:46.092 [main] DEBUG net.thucydides.core.steps.StepInterceptor - STEP DONE: validatePediatricAppointment
  &amp#27;[32mThen &amp#27;[0m&amp#27;[32mI validate Today Appointment only show Pediatric Department Appointment&amp#27;[0m &amp#27;[90m# starter.stepdefinitions.AppointmentSteps.iValidateTodayAppointmentOnlyShowPediatricDepartmentAppointment()&amp#27;[0m
10:44:46.093 [Darkroom Processing Line] DEBUG net.serenitybdd.core.photography.DarkroomProcessingLine - Processing screenshot image in /var/screenshots/screenshot-11640253229053113010
10:44:46.093 [Darkroom Processing Line] DEBUG net.serenitybdd.core.photography.DarkroomProcessingLine - Saving screenshot to target\site\serenity\56866f327adde6cd35c09bd554aededd648a4664b0c18875402dcc0b4d5848d7.png
10:44:46.098 [main] INFO  - 
  _____   ___   ___   _____     ___     _     ___   ___   ___   ___  
 |_   _| | __| / __| |_   _|   | _ \   /_\   / __| / __| | __| |   \ 
   | |   | _|  \__ \   | |     |  _/  / _ \  \__ \ \__ \ | _|  | |) |
   |_|   |___| |___/   |_|     |_|   /_/ \_\ |___/ |___/ |___| |___/ 

Filter Appointment Pediatric Scenario
----------------------------------------------------------------------
10:44:46.099 [AsyncHttpClient-1-2] DEBUG org.asynchttpclient.netty.handler.WebSocketHandler - Channel Closed: [id: 0xe3d2990e, L:/127.0.0.1:57506 ! R:localhost/127.0.0.1:57498] with attribute NettyResponseFuture{currentRetry=5,
	isDone=1,
	isCancelled=0,
	asyncHandler=org.asynchttpclient.ws.WebSocketUpgradeHandler@18607a54,
	nettyRequest=org.asynchttpclient.netty.request.NettyRequest@5e6a6fc9,
	future=java.util.concurrent.CompletableFuture@33a4fe0d[Completed normally],
	uri=ws://localhost:57498/devtools/browser/78442ce0-186a-4bf8-b0a8-53a90cd0d2e4,
	keepAlive=true,
	redirectCount=0,
	timeoutsHolder=null,
	inAuth=0,
	touch=1655783078502}
10:44:46.100 [AsyncHttpClient-1-2] DEBUG org.asynchttpclient.netty.channel.ChannelManager - Closing Channel [id: 0xe3d2990e, L:/127.0.0.1:57506 ! R:localhost/127.0.0.1:57498] 
10:44:46.100 [Driver Command Executor] DEBUG org.asynchttpclient.netty.request.NettyRequestSender - Using pooled Channel '[id: 0x5d5ab7f1, L:/127.0.0.1:57497 - R:localhost/127.0.0.1:64847]' for 'DELETE' to 'http://localhost:64847/session/f31ff1d69d75c50c8eaf6608b954ca01'
10:44:46.100 [Driver Command Executor] DEBUG org.asynchttpclient.netty.request.NettyRequestSender - Using open Channel [id: 0x5d5ab7f1, L:/127.0.0.1:57497 - R:localhost/127.0.0.1:64847] for DELETE '/session/f31ff1d69d75c50c8eaf6608b954ca01'
10:44:46.143 [AsyncHttpClient-1-9] DEBUG org.asynchttpclient.netty.handler.HttpHandler - Unexpected I/O exception on channel [id: 0x0203eac4, L:/127.0.0.1:57505 - R:localhost/127.0.0.1:57498]
java.net.SocketException: Connection reset
	at java.base/sun.nio.ch.SocketChannelImpl.throwConnectionReset(SocketChannelImpl.java:367)
	at java.base/sun.nio.ch.SocketChannelImpl.read(SocketChannelImpl.java:398)
	at io.netty.buffer.PooledByteBuf.setBytes(PooledByteBuf.java:258)
	at io.netty.buffer.AbstractByteBuf.writeBytes(AbstractByteBuf.java:1132)
	at io.netty.channel.socket.nio.NioSocketChannel.doReadBytes(NioSocketChannel.java:350)
	at io.netty.channel.nio.AbstractNioByteChannel$NioByteUnsafe.read(AbstractNioByteChannel.java:151)
	at io.netty.channel.nio.NioEventLoop.processSelectedKey(NioEventLoop.java:722)
	at io.netty.channel.nio.NioEventLoop.processSelectedKeysOptimized(NioEventLoop.java:658)
	at io.netty.channel.nio.NioEventLoop.processSelectedKeys(NioEventLoop.java:584)
	at io.netty.channel.nio.NioEventLoop.run(NioEventLoop.java:496)
	at io.netty.util.concurrent.SingleThreadEventExecutor$4.run(SingleThreadEventExecutor.java:986)
	at io.netty.util.internal.ThreadExecutorMap$2.run(ThreadExecutorMap.java:74)
	at io.netty.util.concurrent.FastThreadLocalRunnable.run(FastThreadLocalRunnable.java:30)
	at java.base/java.lang.Thread.run(Thread.java:832)
10:44:46.144 [AsyncHttpClient-1-9] DEBUG org.asynchttpclient.netty.channel.ChannelManager - Closing Channel [id: 0x0203eac4, L:/127.0.0.1:57505 - R:localhost/127.0.0.1:57498] 
10:44:46.144 [AsyncHttpClient-1-9] DEBUG org.asynchttpclient.netty.handler.HttpHandler - Channel Closed: [id: 0x0203eac4, L:/127.0.0.1:57505 ! R:localhost/127.0.0.1:57498] with attribute DISCARD
10:44:46.174 [AsyncHttpClient-1-8] DEBUG org.asynchttpclient.netty.handler.HttpHandler - 

Request DefaultFullHttpRequest(decodeResult: success, version: HTTP/1.1, content: EmptyByteBufBE)
DELETE /session/f31ff1d69d75c50c8eaf6608b954ca01 HTTP/1.1
User-Agent: selenium/4.1.2 (java windows)
Content-Type: application/json; charset=utf-8
host: localhost:64847
accept: */*

Response DefaultHttpResponse(decodeResult: success, version: HTTP/1.1)
HTTP/1.1 200 OK
Content-Type: application/json; charset=utf-8
cache-control: no-cache
content-length: 14

10:44:46.175 [AsyncHttpClient-1-8] DEBUG org.asynchttpclient.netty.channel.ChannelManager - Adding key: http://localhost:64847 for channel [id: 0x5d5ab7f1, L:/127.0.0.1:57497 - R:localhost/127.0.0.1:64847]
10:44:46.352 [AsyncHttpClient-1-8] DEBUG org.asynchttpclient.netty.handler.HttpHandler - Channel Closed: [id: 0x5d5ab7f1, L:/127.0.0.1:57497 ! R:localhost/127.0.0.1:64847] with attribute DISCARD
]]></system-out>
    <system-err><![CDATA[Starting ChromeDriver 102.0.5005.61 (0e59bcc00cc4985ce39ad31c150065f159d95ad3-refs/branch-heads/5005@{#819}) on port 64847
Only local connections are allowed.
Please see https://chromedriver.chromium.org/security-considerations for suggestions on keeping ChromeDriver safe.
ChromeDriver was started successfully.
Jun 21, 2022 10:44:38 AM org.openqa.selenium.remote.ProtocolHandshake createSession
INFO: Detected dialect: W3C
Jun 21, 2022 10:44:38 AM org.openqa.selenium.devtools.CdpVersionFinder findNearestMatch
WARNING: Unable to find an exact match for CDP version 102, so returning the closest version found: a no-op implementation
Jun 21, 2022 10:44:38 AM org.openqa.selenium.devtools.CdpVersionFinder findNearestMatch
INFO: Unable to find CDP implementation matching 102.
Jun 21, 2022 10:44:38 AM org.openqa.selenium.chromium.ChromiumDriver lambda$new$3
WARNING: Unable to find version of CDP to use for . You may need to include a dependency on a specific version of the CDP using something similar to `org.seleniumhq.selenium:selenium-devtools-v86:4.1.2` where the version ("v86") matches the version of the chromium-based browser you're using and the version number of the artifact is the same as Selenium's.
]]></system-err>
  </testcase>
  <testcase name="Filter Appointment Gynecology Scenario" classname="Appointment" time="14.681">
    <error type="org.openqa.selenium.NoSuchElementException"><![CDATA[org.openqa.selenium.NoSuchElementException: 
Expected condition failed: waiting for By.xpath: //body/div[@id='root']/div[1]/div[2]/div[2]/div[3]/div[1]/h3[1] to be displayed (tried for 5 second(s) with 100 milliseconds interval)
Build info: version: '4.1.2', revision: '9a5a329c5a'
System info: host: 'DELL', ip: '192.168.1.6', os.name: 'Windows 8.1', os.arch: 'amd64', os.version: '6.3', java.version: '15.0.2'
Driver info: driver.version: unknown
Caused by: org.openqa.selenium.TimeoutException: 
Expected condition failed: waiting for By.xpath: //body/div[@id='root']/div[1]/div[2]/div[2]/div[3]/div[1]/h3[1] to be displayed (tried for 5 second(s) with 100 milliseconds interval)
Build info: version: '4.1.2', revision: '9a5a329c5a'
System info: host: 'DELL', ip: '192.168.1.6', os.name: 'Windows 8.1', os.arch: 'amd64', os.version: '6.3', java.version: '15.0.2'
Driver info: driver.version: unknown
]]></error>
    <system-out><![CDATA[
@Appointment @FilterAppointmentGynecology
Scenario: Filter Appointment Gynecology Scenario                                &amp#27;[90m# src/test/resources/features/1.Appointment.feature:106&amp#27;[0m
10:44:46.897 [main] INFO io.cucumber.core.plugin.SerenityReporter - Running feature from file:///E:/My%20Documents/File%20Difa/TI%20Semester%206%20Kampus%20Merdeka%20Alterra/Tugas/CAPSTONE%20Project/Capstone-Project-Website/src/test/resources/features/1.Appointment.feature
10:44:46.903 [main] INFO  - 
  _____   ___   ___   _____     ___   _____     _     ___   _____   ___   ___  
 |_   _| | __| / __| |_   _|   / __| |_   _|   /_\   | _ \ |_   _| | __| |   \ 
   | |   | _|  \__ \   | |     \__ \   | |    / _ \  |   /   | |   | _|  | |) |
   |_|   |___| |___/   |_|     |___/   |_|   /_/ \_\ |_|_\   |_|   |___| |___/ 

Filter Appointment Gynecology Scenario(appointment;filter-appointment-gynecology-scenario)
--------------------------------------------------------------------------------
10:44:46.925 [main] DEBUG net.thucydides.core.steps.StepInterceptor - STARTING STEP: DashboardSteps.iAmOnTheDashboardPage - openUrl
10:44:46.927 [main] INFO net.serenitybdd.core.webdriver.driverproviders.ChromeDriverProvider - Using automatically driver download
10:44:46.964 [AsyncHttpClient-1-1] DEBUG org.asynchttpclient.netty.channel.DefaultChannelPool - Entry count for : http://localhost:64847 : 1
10:44:46.964 [AsyncHttpClient-1-1] DEBUG org.asynchttpclient.netty.channel.DefaultChannelPool - Entry count for : http://localhost:57498 : 1
10:44:46.964 [AsyncHttpClient-1-1] DEBUG org.asynchttpclient.netty.channel.DefaultChannelPool - Adding Candidate expired Channel [id: 0x5d5ab7f1, L:/127.0.0.1:57497 ! R:localhost/127.0.0.1:64847] isIdleTimeoutExpired=false isRemotelyClosed=true isTtlExpired=false
10:44:46.964 [AsyncHttpClient-1-1] DEBUG org.asynchttpclient.netty.channel.DefaultChannelPool - Closing Idle Channel [id: 0x5d5ab7f1, L:/127.0.0.1:57497 ! R:localhost/127.0.0.1:64847]
10:44:46.964 [AsyncHttpClient-1-1] DEBUG org.asynchttpclient.netty.channel.DefaultChannelPool - Adding Candidate expired Channel [id: 0x0203eac4, L:/127.0.0.1:57505 ! R:localhost/127.0.0.1:57498] isIdleTimeoutExpired=false isRemotelyClosed=true isTtlExpired=false
10:44:46.964 [AsyncHttpClient-1-1] DEBUG org.asynchttpclient.netty.channel.DefaultChannelPool - Closing Idle Channel [id: 0x0203eac4, L:/127.0.0.1:57505 ! R:localhost/127.0.0.1:57498]
10:44:46.964 [AsyncHttpClient-1-1] DEBUG org.asynchttpclient.netty.channel.DefaultChannelPool - Closed 2 connections out of 2 in 0 ms
10:44:47.143 [main] DEBUG io.github.bonigarcia.wdm.cache.ResolutionCache - Resolution chrome=102 in cache (valid until 11:37:46 21/06/2022 ICT)
10:44:47.150 [main] DEBUG io.github.bonigarcia.wdm.cache.ResolutionCache - Resolution chrome102=102.0.5005.61 in cache (valid until 09:22:16 22/06/2022 ICT)
10:44:47.153 [main] INFO io.github.bonigarcia.wdm.WebDriverManager - Using chromedriver 102.0.5005.61 (resolved driver for Chrome 102)
10:44:47.168 [main] DEBUG io.github.bonigarcia.wdm.WebDriverManager - Driver chromedriver 102.0.5005.61 found in cache
10:44:47.171 [main] INFO io.github.bonigarcia.wdm.WebDriverManager - Exporting webdriver.chrome.driver as C:\Users\USER\.cache\selenium\chromedriver\win32\102.0.5005.61\chromedriver.exe
10:44:47.388 [main] DEBUG net.serenitybdd.core.webdriver.driverproviders.ProvideNewDriver - Instantiating driver
10:44:47.388 [main] DEBUG net.serenitybdd.core.webdriver.driverproviders.ProvideNewDriver - Driver capabilities: Capabilities {acceptInsecureCerts: false, base.url: https://hospital-management..., browserName: chrome, chrome.driver: src/test/resources/webdrive..., driver: chrome, goog:chromeOptions: {args: [], extensions: []}}
10:44:47.935 [AsyncHttpClient-1-3] DEBUG org.asynchttpclient.netty.channel.NettyConnectListener - Using new Channel '[id: 0xa7db9c04, L:/127.0.0.1:57523 - R:localhost/127.0.0.1:58569]' for 'POST' to '/session'
10:44:48.741 [AsyncHttpClient-1-3] DEBUG org.asynchttpclient.netty.handler.HttpHandler - 

Request DefaultHttpRequest(decodeResult: success, version: HTTP/1.1)
POST /session HTTP/1.1
User-Agent: selenium/4.1.2 (java windows)
Content-Length: 621
Content-Type: application/json; charset=utf-8
host: localhost:58569
accept: */*

Response DefaultHttpResponse(decodeResult: success, version: HTTP/1.1)
HTTP/1.1 200 OK
Content-Type: application/json; charset=utf-8
cache-control: no-cache
content-length: 788

10:44:48.743 [AsyncHttpClient-1-3] DEBUG org.asynchttpclient.netty.channel.ChannelManager - Adding key: http://localhost:58569 for channel [id: 0xa7db9c04, L:/127.0.0.1:57523 - R:localhost/127.0.0.1:58569]
10:44:48.793 [AsyncHttpClient-1-4] DEBUG org.asynchttpclient.netty.channel.NettyConnectListener - Using new Channel '[id: 0x41c603f1, L:/127.0.0.1:57529 - R:localhost/127.0.0.1:57524]' for 'GET' to '/json/version'
10:44:48.795 [AsyncHttpClient-1-4] DEBUG org.asynchttpclient.netty.handler.HttpHandler - 

Request DefaultFullHttpRequest(decodeResult: success, version: HTTP/1.1, content: EmptyByteBufBE)
GET /json/version HTTP/1.1
User-Agent: selenium/4.1.2 (java windows)
host: localhost:57524
accept: */*

Response DefaultHttpResponse(decodeResult: success, version: HTTP/1.1)
HTTP/1.1 200 OK
Content-Type: application/json; charset=UTF-8
content-length: 427

10:44:48.796 [AsyncHttpClient-1-4] DEBUG org.asynchttpclient.netty.channel.ChannelManager - Adding key: http://localhost:57524 for channel [id: 0x41c603f1, L:/127.0.0.1:57529 - R:localhost/127.0.0.1:57524]
10:44:48.802 [AsyncHttpClient-1-5] DEBUG org.asynchttpclient.netty.channel.NettyConnectListener - Using new Channel '[id: 0x9abd76fb, L:/127.0.0.1:57530 - R:localhost/127.0.0.1:57524]' for 'GET' to '/devtools/browser/a2ef3d7e-a8eb-4a09-9f27-5b01ceee916e'
10:44:48.807 [AsyncHttpClient-1-5] DEBUG org.asynchttpclient.netty.handler.WebSocketHandler - 

Request DefaultFullHttpRequest(decodeResult: success, version: HTTP/1.1, content: EmptyByteBufBE)
GET /devtools/browser/a2ef3d7e-a8eb-4a09-9f27-5b01ceee916e HTTP/1.1
upgrade: websocket
connection: upgrade
sec-websocket-key: iUSrz0EIttXII0PULNyNQQ==
sec-websocket-version: 13
origin: http://localhost:57524
host: localhost:57524
accept: */*
user-agent: AHC/2.1

Response DefaultHttpResponse(decodeResult: success, version: HTTP/1.1)
HTTP/1.1 101 WebSocket Protocol Handshake
Upgrade: WebSocket
Connection: Upgrade
Sec-WebSocket-Accept: u3TqaP0mfOzt5JCa+wYHmTye24E=

10:44:48.814 [Forwarding maximizeCurrentWindow on session 410ccb24748117d4a847c789695155b9 to remote] DEBUG org.asynchttpclient.netty.request.NettyRequestSender - Using pooled Channel '[id: 0xa7db9c04, L:/127.0.0.1:57523 - R:localhost/127.0.0.1:58569]' for 'POST' to 'http://localhost:58569/session/410ccb24748117d4a847c789695155b9/window/maximize'
10:44:48.814 [Forwarding maximizeCurrentWindow on session 410ccb24748117d4a847c789695155b9 to remote] DEBUG org.asynchttpclient.netty.request.NettyRequestSender - Using open Channel [id: 0xa7db9c04, L:/127.0.0.1:57523 - R:localhost/127.0.0.1:58569] for POST '/session/410ccb24748117d4a847c789695155b9/window/maximize'
10:44:48.935 [AsyncHttpClient-1-3] DEBUG org.asynchttpclient.netty.handler.HttpHandler - 

Request DefaultHttpRequest(decodeResult: success, version: HTTP/1.1)
POST /session/410ccb24748117d4a847c789695155b9/window/maximize HTTP/1.1
User-Agent: selenium/4.1.2 (java windows)
Content-Length: 3
Content-Type: application/json; charset=utf-8
host: localhost:58569
accept: */*

Response DefaultHttpResponse(decodeResult: success, version: HTTP/1.1)
HTTP/1.1 200 OK
Content-Type: application/json; charset=utf-8
cache-control: no-cache
content-length: 51

10:44:48.935 [AsyncHttpClient-1-3] DEBUG org.asynchttpclient.netty.channel.ChannelManager - Adding key: http://localhost:58569 for channel [id: 0xa7db9c04, L:/127.0.0.1:57523 - R:localhost/127.0.0.1:58569]
10:44:48.937 [Forwarding get on session 410ccb24748117d4a847c789695155b9 to remote] DEBUG org.asynchttpclient.netty.request.NettyRequestSender - Using pooled Channel '[id: 0xa7db9c04, L:/127.0.0.1:57523 - R:localhost/127.0.0.1:58569]' for 'POST' to 'http://localhost:58569/session/410ccb24748117d4a847c789695155b9/url'
10:44:48.937 [Forwarding get on session 410ccb24748117d4a847c789695155b9 to remote] DEBUG org.asynchttpclient.netty.request.NettyRequestSender - Using open Channel [id: 0xa7db9c04, L:/127.0.0.1:57523 - R:localhost/127.0.0.1:58569] for POST '/session/410ccb24748117d4a847c789695155b9/url'
10:44:49.163 [AsyncHttpClient-1-1] DEBUG org.asynchttpclient.netty.channel.DefaultChannelPool - Entry count for : http://localhost:57524 : 1
10:44:50.264 [AsyncHttpClient-1-1] DEBUG org.asynchttpclient.netty.channel.DefaultChannelPool - Entry count for : http://localhost:57524 : 1
10:44:51.364 [AsyncHttpClient-1-1] DEBUG org.asynchttpclient.netty.channel.DefaultChannelPool - Entry count for : http://localhost:57524 : 1
10:44:52.464 [AsyncHttpClient-1-1] DEBUG org.asynchttpclient.netty.channel.DefaultChannelPool - Entry count for : http://localhost:57524 : 1
10:44:53.311 [AsyncHttpClient-1-3] DEBUG org.asynchttpclient.netty.handler.HttpHandler - 

Request DefaultHttpRequest(decodeResult: success, version: HTTP/1.1)
POST /session/410ccb24748117d4a847c789695155b9/url HTTP/1.1
User-Agent: selenium/4.1.2 (java windows)
Content-Length: 65
Content-Type: application/json; charset=utf-8
host: localhost:58569
accept: */*

Response DefaultHttpResponse(decodeResult: success, version: HTTP/1.1)
HTTP/1.1 200 OK
Content-Type: application/json; charset=utf-8
cache-control: no-cache
content-length: 14

10:44:53.311 [AsyncHttpClient-1-3] DEBUG org.asynchttpclient.netty.channel.ChannelManager - Adding key: http://localhost:58569 for channel [id: 0xa7db9c04, L:/127.0.0.1:57523 - R:localhost/127.0.0.1:58569]
10:44:53.313 [Forwarding setTimeout on session 410ccb24748117d4a847c789695155b9 to remote] DEBUG org.asynchttpclient.netty.request.NettyRequestSender - Using pooled Channel '[id: 0xa7db9c04, L:/127.0.0.1:57523 - R:localhost/127.0.0.1:58569]' for 'POST' to 'http://localhost:58569/session/410ccb24748117d4a847c789695155b9/timeouts'
10:44:53.314 [Forwarding setTimeout on session 410ccb24748117d4a847c789695155b9 to remote] DEBUG org.asynchttpclient.netty.request.NettyRequestSender - Using open Channel [id: 0xa7db9c04, L:/127.0.0.1:57523 - R:localhost/127.0.0.1:58569] for POST '/session/410ccb24748117d4a847c789695155b9/timeouts'
10:44:53.315 [AsyncHttpClient-1-3] DEBUG org.asynchttpclient.netty.handler.HttpHandler - 

Request DefaultHttpRequest(decodeResult: success, version: HTTP/1.1)
POST /session/410ccb24748117d4a847c789695155b9/timeouts HTTP/1.1
User-Agent: selenium/4.1.2 (java windows)
Content-Length: 22
Content-Type: application/json; charset=utf-8
host: localhost:58569
accept: */*

Response DefaultHttpResponse(decodeResult: success, version: HTTP/1.1)
HTTP/1.1 200 OK
Content-Type: application/json; charset=utf-8
cache-control: no-cache
content-length: 14

10:44:53.315 [AsyncHttpClient-1-3] DEBUG org.asynchttpclient.netty.channel.ChannelManager - Adding key: http://localhost:58569 for channel [id: 0xa7db9c04, L:/127.0.0.1:57523 - R:localhost/127.0.0.1:58569]
10:44:53.320 [Forwarding getCurrentUrl on session 410ccb24748117d4a847c789695155b9 to remote] DEBUG org.asynchttpclient.netty.request.NettyRequestSender - Using pooled Channel '[id: 0xa7db9c04, L:/127.0.0.1:57523 - R:localhost/127.0.0.1:58569]' for 'GET' to 'http://localhost:58569/session/410ccb24748117d4a847c789695155b9/url'
10:44:53.320 [Forwarding getCurrentUrl on session 410ccb24748117d4a847c789695155b9 to remote] DEBUG org.asynchttpclient.netty.request.NettyRequestSender - Using open Channel [id: 0xa7db9c04, L:/127.0.0.1:57523 - R:localhost/127.0.0.1:58569] for GET '/session/410ccb24748117d4a847c789695155b9/url'
10:44:53.325 [AsyncHttpClient-1-3] DEBUG org.asynchttpclient.netty.handler.HttpHandler - 

Request DefaultFullHttpRequest(decodeResult: success, version: HTTP/1.1, content: EmptyByteBufBE)
GET /session/410ccb24748117d4a847c789695155b9/url HTTP/1.1
User-Agent: selenium/4.1.2 (java windows)
Cache-Control: no-cache
Content-Type: application/json; charset=utf-8
host: localhost:58569
accept: */*

Response DefaultHttpResponse(decodeResult: success, version: HTTP/1.1)
HTTP/1.1 200 OK
Content-Type: application/json; charset=utf-8
cache-control: no-cache
content-length: 53

10:44:53.325 [AsyncHttpClient-1-3] DEBUG org.asynchttpclient.netty.channel.ChannelManager - Adding key: http://localhost:58569 for channel [id: 0xa7db9c04, L:/127.0.0.1:57523 - R:localhost/127.0.0.1:58569]
10:44:53.329 [Forwarding getCurrentUrl on session 410ccb24748117d4a847c789695155b9 to remote] DEBUG org.asynchttpclient.netty.request.NettyRequestSender - Using pooled Channel '[id: 0xa7db9c04, L:/127.0.0.1:57523 - R:localhost/127.0.0.1:58569]' for 'GET' to 'http://localhost:58569/session/410ccb24748117d4a847c789695155b9/url'
10:44:53.329 [Forwarding getCurrentUrl on session 410ccb24748117d4a847c789695155b9 to remote] DEBUG org.asynchttpclient.netty.request.NettyRequestSender - Using open Channel [id: 0xa7db9c04, L:/127.0.0.1:57523 - R:localhost/127.0.0.1:58569] for GET '/session/410ccb24748117d4a847c789695155b9/url'
10:44:53.337 [AsyncHttpClient-1-3] DEBUG org.asynchttpclient.netty.handler.HttpHandler - 

Request DefaultFullHttpRequest(decodeResult: success, version: HTTP/1.1, content: EmptyByteBufBE)
GET /session/410ccb24748117d4a847c789695155b9/url HTTP/1.1
User-Agent: selenium/4.1.2 (java windows)
Cache-Control: no-cache
Content-Type: application/json; charset=utf-8
host: localhost:58569
accept: */*

Response DefaultHttpResponse(decodeResult: success, version: HTTP/1.1)
HTTP/1.1 200 OK
Content-Type: application/json; charset=utf-8
cache-control: no-cache
content-length: 53

10:44:53.337 [AsyncHttpClient-1-3] DEBUG org.asynchttpclient.netty.channel.ChannelManager - Adding key: http://localhost:58569 for channel [id: 0xa7db9c04, L:/127.0.0.1:57523 - R:localhost/127.0.0.1:58569]
10:44:53.347 [Forwarding screenshot on session 410ccb24748117d4a847c789695155b9 to remote] DEBUG org.asynchttpclient.netty.request.NettyRequestSender - Using pooled Channel '[id: 0xa7db9c04, L:/127.0.0.1:57523 - R:localhost/127.0.0.1:58569]' for 'GET' to 'http://localhost:58569/session/410ccb24748117d4a847c789695155b9/screenshot'
10:44:53.347 [Forwarding screenshot on session 410ccb24748117d4a847c789695155b9 to remote] DEBUG org.asynchttpclient.netty.request.NettyRequestSender - Using open Channel [id: 0xa7db9c04, L:/127.0.0.1:57523 - R:localhost/127.0.0.1:58569] for GET '/session/410ccb24748117d4a847c789695155b9/screenshot'
10:44:53.564 [AsyncHttpClient-1-1] DEBUG org.asynchttpclient.netty.channel.DefaultChannelPool - Entry count for : http://localhost:57524 : 1
10:44:53.640 [AsyncHttpClient-1-3] DEBUG org.asynchttpclient.netty.handler.HttpHandler - 

Request DefaultFullHttpRequest(decodeResult: success, version: HTTP/1.1, content: EmptyByteBufBE)
GET /session/410ccb24748117d4a847c789695155b9/screenshot HTTP/1.1
User-Agent: selenium/4.1.2 (java windows)
Cache-Control: no-cache
Content-Type: application/json; charset=utf-8
host: localhost:58569
accept: */*

Response DefaultHttpResponse(decodeResult: success, version: HTTP/1.1)
HTTP/1.1 200 OK
Content-Type: application/json; charset=utf-8
cache-control: no-cache
content-length: 382596

10:44:53.643 [AsyncHttpClient-1-3] DEBUG org.asynchttpclient.netty.channel.ChannelManager - Adding key: http://localhost:58569 for channel [id: 0xa7db9c04, L:/127.0.0.1:57523 - R:localhost/127.0.0.1:58569]
10:44:53.674 [main] DEBUG net.serenitybdd.core.photography.Darkroom - Send negative for processing for target\site\serenity\ed15a54c91c342d96a850276df7b559f4526b370fc93040e3c407a48a170f368.png
10:44:53.685 [main] DEBUG net.thucydides.core.steps.StepInterceptor - STEP DONE: openUrl
10:44:53.697 [main] DEBUG net.thucydides.core.steps.StepInterceptor - STARTING STEP: DashboardSteps.iAmOnTheDashboardPage - validateOnDashboardPage
10:44:53.700 [Forwarding findElement on session 410ccb24748117d4a847c789695155b9 to remote] DEBUG org.asynchttpclient.netty.request.NettyRequestSender - Using pooled Channel '[id: 0xa7db9c04, L:/127.0.0.1:57523 - R:localhost/127.0.0.1:58569]' for 'POST' to 'http://localhost:58569/session/410ccb24748117d4a847c789695155b9/element'
10:44:53.700 [Forwarding findElement on session 410ccb24748117d4a847c789695155b9 to remote] DEBUG org.asynchttpclient.netty.request.NettyRequestSender - Using open Channel [id: 0xa7db9c04, L:/127.0.0.1:57523 - R:localhost/127.0.0.1:58569] for POST '/session/410ccb24748117d4a847c789695155b9/element'
10:44:53.726 [AsyncHttpClient-1-3] DEBUG org.asynchttpclient.netty.handler.HttpHandler - 

Request DefaultHttpRequest(decodeResult: success, version: HTTP/1.1)
POST /session/410ccb24748117d4a847c789695155b9/element HTTP/1.1
User-Agent: selenium/4.1.2 (java windows)
Content-Length: 81
Content-Type: application/json; charset=utf-8
host: localhost:58569
accept: */*

Response DefaultHttpResponse(decodeResult: success, version: HTTP/1.1)
HTTP/1.1 200 OK
Content-Type: application/json; charset=utf-8
cache-control: no-cache
content-length: 88

10:44:53.726 [AsyncHttpClient-1-3] DEBUG org.asynchttpclient.netty.channel.ChannelManager - Adding key: http://localhost:58569 for channel [id: 0xa7db9c04, L:/127.0.0.1:57523 - R:localhost/127.0.0.1:58569]
10:44:53.730 [Forwarding isElementDisplayed on session 410ccb24748117d4a847c789695155b9 to remote] DEBUG org.asynchttpclient.netty.request.NettyRequestSender - Using pooled Channel '[id: 0xa7db9c04, L:/127.0.0.1:57523 - R:localhost/127.0.0.1:58569]' for 'POST' to 'http://localhost:58569/session/410ccb24748117d4a847c789695155b9/execute/sync'
10:44:53.730 [Forwarding isElementDisplayed on session 410ccb24748117d4a847c789695155b9 to remote] DEBUG org.asynchttpclient.netty.request.NettyRequestSender - Using open Channel [id: 0xa7db9c04, L:/127.0.0.1:57523 - R:localhost/127.0.0.1:58569] for POST '/session/410ccb24748117d4a847c789695155b9/execute/sync'
10:44:53.754 [AsyncHttpClient-1-3] DEBUG org.asynchttpclient.netty.handler.HttpHandler - 

Request DefaultHttpRequest(decodeResult: success, version: HTTP/1.1)
POST /session/410ccb24748117d4a847c789695155b9/execute/sync HTTP/1.1
User-Agent: selenium/4.1.2 (java windows)
Content-Length: 48780
Content-Type: application/json; charset=utf-8
host: localhost:58569
accept: */*

Response DefaultHttpResponse(decodeResult: success, version: HTTP/1.1)
HTTP/1.1 200 OK
Content-Type: application/json; charset=utf-8
cache-control: no-cache
content-length: 14

10:44:53.755 [AsyncHttpClient-1-3] DEBUG org.asynchttpclient.netty.channel.ChannelManager - Adding key: http://localhost:58569 for channel [id: 0xa7db9c04, L:/127.0.0.1:57523 - R:localhost/127.0.0.1:58569]
10:44:53.760 [Forwarding screenshot on session 410ccb24748117d4a847c789695155b9 to remote] DEBUG org.asynchttpclient.netty.request.NettyRequestSender - Using pooled Channel '[id: 0xa7db9c04, L:/127.0.0.1:57523 - R:localhost/127.0.0.1:58569]' for 'GET' to 'http://localhost:58569/session/410ccb24748117d4a847c789695155b9/screenshot'
10:44:53.760 [Forwarding screenshot on session 410ccb24748117d4a847c789695155b9 to remote] DEBUG org.asynchttpclient.netty.request.NettyRequestSender - Using open Channel [id: 0xa7db9c04, L:/127.0.0.1:57523 - R:localhost/127.0.0.1:58569] for GET '/session/410ccb24748117d4a847c789695155b9/screenshot'
10:44:54.012 [AsyncHttpClient-1-3] DEBUG org.asynchttpclient.netty.handler.HttpHandler - 

Request DefaultFullHttpRequest(decodeResult: success, version: HTTP/1.1, content: EmptyByteBufBE)
GET /session/410ccb24748117d4a847c789695155b9/screenshot HTTP/1.1
User-Agent: selenium/4.1.2 (java windows)
Cache-Control: no-cache
Content-Type: application/json; charset=utf-8
host: localhost:58569
accept: */*

Response DefaultHttpResponse(decodeResult: success, version: HTTP/1.1)
HTTP/1.1 200 OK
Content-Type: application/json; charset=utf-8
cache-control: no-cache
content-length: 382596

10:44:54.014 [AsyncHttpClient-1-3] DEBUG org.asynchttpclient.netty.channel.ChannelManager - Adding key: http://localhost:58569 for channel [id: 0xa7db9c04, L:/127.0.0.1:57523 - R:localhost/127.0.0.1:58569]
10:44:54.042 [main] DEBUG net.serenitybdd.core.photography.Darkroom - Send negative for processing for target\site\serenity\ed15a54c91c342d96a850276df7b559f4526b370fc93040e3c407a48a170f368.png
10:44:54.042 [main] DEBUG net.thucydides.core.steps.StepInterceptor - STEP DONE: validateOnDashboardPage
  &amp#27;[32mGiven &amp#27;[0m&amp#27;[32mI am on the dashboard page&amp#27;[0m                                              &amp#27;[90m# starter.stepdefinitions.DashboardSteps.iAmOnTheDashboardPage()&amp#27;[0m
10:44:54.076 [main] DEBUG net.thucydides.core.steps.StepInterceptor - STARTING STEP: AppointmentSteps.iClickMenuAppointment - clickMenuAppointmentButton
10:44:54.079 [Forwarding findElement on session 410ccb24748117d4a847c789695155b9 to remote] DEBUG org.asynchttpclient.netty.request.NettyRequestSender - Using pooled Channel '[id: 0xa7db9c04, L:/127.0.0.1:57523 - R:localhost/127.0.0.1:58569]' for 'POST' to 'http://localhost:58569/session/410ccb24748117d4a847c789695155b9/element'
10:44:54.079 [Forwarding findElement on session 410ccb24748117d4a847c789695155b9 to remote] DEBUG org.asynchttpclient.netty.request.NettyRequestSender - Using open Channel [id: 0xa7db9c04, L:/127.0.0.1:57523 - R:localhost/127.0.0.1:58569] for POST '/session/410ccb24748117d4a847c789695155b9/element'
10:44:54.094 [AsyncHttpClient-1-3] DEBUG org.asynchttpclient.netty.handler.HttpHandler - 

Request DefaultHttpRequest(decodeResult: success, version: HTTP/1.1)
POST /session/410ccb24748117d4a847c789695155b9/element HTTP/1.1
User-Agent: selenium/4.1.2 (java windows)
Content-Length: 84
Content-Type: application/json; charset=utf-8
host: localhost:58569
accept: */*

Response DefaultHttpResponse(decodeResult: success, version: HTTP/1.1)
HTTP/1.1 200 OK
Content-Type: application/json; charset=utf-8
cache-control: no-cache
content-length: 88

10:44:54.094 [AsyncHttpClient-1-3] DEBUG org.asynchttpclient.netty.channel.ChannelManager - Adding key: http://localhost:58569 for channel [id: 0xa7db9c04, L:/127.0.0.1:57523 - R:localhost/127.0.0.1:58569]
10:44:54.096 [Forwarding getElementTagName on session 410ccb24748117d4a847c789695155b9 to remote] DEBUG org.asynchttpclient.netty.request.NettyRequestSender - Using pooled Channel '[id: 0xa7db9c04, L:/127.0.0.1:57523 - R:localhost/127.0.0.1:58569]' for 'GET' to 'http://localhost:58569/session/410ccb24748117d4a847c789695155b9/element/b19d8d41-e2f4-4010-9881-e100bd009211/name'
10:44:54.096 [Forwarding getElementTagName on session 410ccb24748117d4a847c789695155b9 to remote] DEBUG org.asynchttpclient.netty.request.NettyRequestSender - Using open Channel [id: 0xa7db9c04, L:/127.0.0.1:57523 - R:localhost/127.0.0.1:58569] for GET '/session/410ccb24748117d4a847c789695155b9/element/b19d8d41-e2f4-4010-9881-e100bd009211/name'
10:44:54.101 [AsyncHttpClient-1-3] DEBUG org.asynchttpclient.netty.handler.HttpHandler - 

Request DefaultFullHttpRequest(decodeResult: success, version: HTTP/1.1, content: EmptyByteBufBE)
GET /session/410ccb24748117d4a847c789695155b9/element/b19d8d41-e2f4-4010-9881-e100bd009211/name HTTP/1.1
User-Agent: selenium/4.1.2 (java windows)
Cache-Control: no-cache
Content-Type: application/json; charset=utf-8
host: localhost:58569
accept: */*

Response DefaultHttpResponse(decodeResult: success, version: HTTP/1.1)
HTTP/1.1 200 OK
Content-Type: application/json; charset=utf-8
cache-control: no-cache
content-length: 15

10:44:54.101 [AsyncHttpClient-1-3] DEBUG org.asynchttpclient.netty.channel.ChannelManager - Adding key: http://localhost:58569 for channel [id: 0xa7db9c04, L:/127.0.0.1:57523 - R:localhost/127.0.0.1:58569]
10:44:54.102 [Forwarding getElementTagName on session 410ccb24748117d4a847c789695155b9 to remote] DEBUG org.asynchttpclient.netty.request.NettyRequestSender - Using pooled Channel '[id: 0xa7db9c04, L:/127.0.0.1:57523 - R:localhost/127.0.0.1:58569]' for 'GET' to 'http://localhost:58569/session/410ccb24748117d4a847c789695155b9/element/b19d8d41-e2f4-4010-9881-e100bd009211/name'
10:44:54.102 [Forwarding getElementTagName on session 410ccb24748117d4a847c789695155b9 to remote] DEBUG org.asynchttpclient.netty.request.NettyRequestSender - Using open Channel [id: 0xa7db9c04, L:/127.0.0.1:57523 - R:localhost/127.0.0.1:58569] for GET '/session/410ccb24748117d4a847c789695155b9/element/b19d8d41-e2f4-4010-9881-e100bd009211/name'
10:44:54.106 [AsyncHttpClient-1-3] DEBUG org.asynchttpclient.netty.handler.HttpHandler - 

Request DefaultFullHttpRequest(decodeResult: success, version: HTTP/1.1, content: EmptyByteBufBE)
GET /session/410ccb24748117d4a847c789695155b9/element/b19d8d41-e2f4-4010-9881-e100bd009211/name HTTP/1.1
User-Agent: selenium/4.1.2 (java windows)
Cache-Control: no-cache
Content-Type: application/json; charset=utf-8
host: localhost:58569
accept: */*

Response DefaultHttpResponse(decodeResult: success, version: HTTP/1.1)
HTTP/1.1 200 OK
Content-Type: application/json; charset=utf-8
cache-control: no-cache
content-length: 15

10:44:54.106 [AsyncHttpClient-1-3] DEBUG org.asynchttpclient.netty.channel.ChannelManager - Adding key: http://localhost:58569 for channel [id: 0xa7db9c04, L:/127.0.0.1:57523 - R:localhost/127.0.0.1:58569]
10:44:54.194 [Forwarding findElement on session 410ccb24748117d4a847c789695155b9 to remote] DEBUG org.asynchttpclient.netty.request.NettyRequestSender - Using pooled Channel '[id: 0xa7db9c04, L:/127.0.0.1:57523 - R:localhost/127.0.0.1:58569]' for 'POST' to 'http://localhost:58569/session/410ccb24748117d4a847c789695155b9/element'
10:44:54.195 [Forwarding findElement on session 410ccb24748117d4a847c789695155b9 to remote] DEBUG org.asynchttpclient.netty.request.NettyRequestSender - Using open Channel [id: 0xa7db9c04, L:/127.0.0.1:57523 - R:localhost/127.0.0.1:58569] for POST '/session/410ccb24748117d4a847c789695155b9/element'
10:44:54.210 [AsyncHttpClient-1-3] DEBUG org.asynchttpclient.netty.handler.HttpHandler - 

Request DefaultHttpRequest(decodeResult: success, version: HTTP/1.1)
POST /session/410ccb24748117d4a847c789695155b9/element HTTP/1.1
User-Agent: selenium/4.1.2 (java windows)
Content-Length: 84
Content-Type: application/json; charset=utf-8
host: localhost:58569
accept: */*

Response DefaultHttpResponse(decodeResult: success, version: HTTP/1.1)
HTTP/1.1 200 OK
Content-Type: application/json; charset=utf-8
cache-control: no-cache
content-length: 88

10:44:54.210 [AsyncHttpClient-1-3] DEBUG org.asynchttpclient.netty.channel.ChannelManager - Adding key: http://localhost:58569 for channel [id: 0xa7db9c04, L:/127.0.0.1:57523 - R:localhost/127.0.0.1:58569]
10:44:54.276 [Forwarding clickElement on session 410ccb24748117d4a847c789695155b9 to remote] DEBUG org.asynchttpclient.netty.request.NettyRequestSender - Using pooled Channel '[id: 0xa7db9c04, L:/127.0.0.1:57523 - R:localhost/127.0.0.1:58569]' for 'POST' to 'http://localhost:58569/session/410ccb24748117d4a847c789695155b9/element/b19d8d41-e2f4-4010-9881-e100bd009211/click'
10:44:54.276 [Forwarding clickElement on session 410ccb24748117d4a847c789695155b9 to remote] DEBUG org.asynchttpclient.netty.request.NettyRequestSender - Using open Channel [id: 0xa7db9c04, L:/127.0.0.1:57523 - R:localhost/127.0.0.1:58569] for POST '/session/410ccb24748117d4a847c789695155b9/element/b19d8d41-e2f4-4010-9881-e100bd009211/click'
10:44:54.516 [AsyncHttpClient-1-3] DEBUG org.asynchttpclient.netty.handler.HttpHandler - 

Request DefaultHttpRequest(decodeResult: success, version: HTTP/1.1)
POST /session/410ccb24748117d4a847c789695155b9/element/b19d8d41-e2f4-4010-9881-e100bd009211/click HTTP/1.1
User-Agent: selenium/4.1.2 (java windows)
Content-Length: 50
Content-Type: application/json; charset=utf-8
host: localhost:58569
accept: */*

Response DefaultHttpResponse(decodeResult: success, version: HTTP/1.1)
HTTP/1.1 200 OK
Content-Type: application/json; charset=utf-8
cache-control: no-cache
content-length: 14

10:44:54.516 [AsyncHttpClient-1-3] DEBUG org.asynchttpclient.netty.channel.ChannelManager - Adding key: http://localhost:58569 for channel [id: 0xa7db9c04, L:/127.0.0.1:57523 - R:localhost/127.0.0.1:58569]
10:44:54.522 [Forwarding screenshot on session 410ccb24748117d4a847c789695155b9 to remote] DEBUG org.asynchttpclient.netty.request.NettyRequestSender - Using pooled Channel '[id: 0xa7db9c04, L:/127.0.0.1:57523 - R:localhost/127.0.0.1:58569]' for 'GET' to 'http://localhost:58569/session/410ccb24748117d4a847c789695155b9/screenshot'
10:44:54.522 [Forwarding screenshot on session 410ccb24748117d4a847c789695155b9 to remote] DEBUG org.asynchttpclient.netty.request.NettyRequestSender - Using open Channel [id: 0xa7db9c04, L:/127.0.0.1:57523 - R:localhost/127.0.0.1:58569] for GET '/session/410ccb24748117d4a847c789695155b9/screenshot'
10:44:54.636 [AsyncHttpClient-1-3] DEBUG org.asynchttpclient.netty.handler.HttpHandler - 

Request DefaultFullHttpRequest(decodeResult: success, version: HTTP/1.1, content: EmptyByteBufBE)
GET /session/410ccb24748117d4a847c789695155b9/screenshot HTTP/1.1
User-Agent: selenium/4.1.2 (java windows)
Cache-Control: no-cache
Content-Type: application/json; charset=utf-8
host: localhost:58569
accept: */*

Response DefaultHttpResponse(decodeResult: success, version: HTTP/1.1)
HTTP/1.1 200 OK
Content-Type: application/json; charset=utf-8
cache-control: no-cache
content-length: 77776

10:44:54.637 [AsyncHttpClient-1-3] DEBUG org.asynchttpclient.netty.channel.ChannelManager - Adding key: http://localhost:58569 for channel [id: 0xa7db9c04, L:/127.0.0.1:57523 - R:localhost/127.0.0.1:58569]
10:44:54.642 [main] DEBUG net.serenitybdd.core.photography.Darkroom - Send negative for processing for target\site\serenity\dde6ee49eef829c4844cc40a8aaa4d6e912eaee4e88eb74d4e912a38905c5f6b.png
10:44:54.642 [main] DEBUG net.thucydides.core.steps.StepInterceptor - STEP DONE: clickMenuAppointmentButton
  &amp#27;[32mAnd &amp#27;[0m&amp#27;[32mI click menu Appointment&amp#27;[0m                                                  &amp#27;[90m# starter.stepdefinitions.AppointmentSteps.iClickMenuAppointment()&amp#27;[0m
10:44:54.660 [main] DEBUG net.thucydides.core.steps.StepInterceptor - STARTING STEP: AppointmentSteps.iClickAppointmentDepartmentDropdown - clickFilterDropdown
10:44:54.664 [AsyncHttpClient-1-1] DEBUG org.asynchttpclient.netty.channel.DefaultChannelPool - Entry count for : http://localhost:58569 : 1
10:44:54.664 [AsyncHttpClient-1-1] DEBUG org.asynchttpclient.netty.channel.DefaultChannelPool - Entry count for : http://localhost:57524 : 1
10:44:54.665 [Forwarding findElement on session 410ccb24748117d4a847c789695155b9 to remote] DEBUG org.asynchttpclient.netty.request.NettyRequestSender - Using pooled Channel '[id: 0xa7db9c04, L:/127.0.0.1:57523 - R:localhost/127.0.0.1:58569]' for 'POST' to 'http://localhost:58569/session/410ccb24748117d4a847c789695155b9/element'
10:44:54.665 [Forwarding findElement on session 410ccb24748117d4a847c789695155b9 to remote] DEBUG org.asynchttpclient.netty.request.NettyRequestSender - Using open Channel [id: 0xa7db9c04, L:/127.0.0.1:57523 - R:localhost/127.0.0.1:58569] for POST '/session/410ccb24748117d4a847c789695155b9/element'
10:44:54.684 [AsyncHttpClient-1-3] DEBUG org.asynchttpclient.netty.handler.HttpHandler - 

Request DefaultHttpRequest(decodeResult: success, version: HTTP/1.1)
POST /session/410ccb24748117d4a847c789695155b9/element HTTP/1.1
User-Agent: selenium/4.1.2 (java windows)
Content-Length: 146
Content-Type: application/json; charset=utf-8
host: localhost:58569
accept: */*

Response DefaultHttpResponse(decodeResult: success, version: HTTP/1.1)
HTTP/1.1 200 OK
Content-Type: application/json; charset=utf-8
cache-control: no-cache
content-length: 88

10:44:54.684 [AsyncHttpClient-1-3] DEBUG org.asynchttpclient.netty.channel.ChannelManager - Adding key: http://localhost:58569 for channel [id: 0xa7db9c04, L:/127.0.0.1:57523 - R:localhost/127.0.0.1:58569]
10:44:54.686 [Forwarding getElementTagName on session 410ccb24748117d4a847c789695155b9 to remote] DEBUG org.asynchttpclient.netty.request.NettyRequestSender - Using pooled Channel '[id: 0xa7db9c04, L:/127.0.0.1:57523 - R:localhost/127.0.0.1:58569]' for 'GET' to 'http://localhost:58569/session/410ccb24748117d4a847c789695155b9/element/5a6214d1-03d9-4365-b881-4a75efec2ebb/name'
10:44:54.686 [Forwarding getElementTagName on session 410ccb24748117d4a847c789695155b9 to remote] DEBUG org.asynchttpclient.netty.request.NettyRequestSender - Using open Channel [id: 0xa7db9c04, L:/127.0.0.1:57523 - R:localhost/127.0.0.1:58569] for GET '/session/410ccb24748117d4a847c789695155b9/element/5a6214d1-03d9-4365-b881-4a75efec2ebb/name'
10:44:54.695 [AsyncHttpClient-1-3] DEBUG org.asynchttpclient.netty.handler.HttpHandler - 

Request DefaultFullHttpRequest(decodeResult: success, version: HTTP/1.1, content: EmptyByteBufBE)
GET /session/410ccb24748117d4a847c789695155b9/element/5a6214d1-03d9-4365-b881-4a75efec2ebb/name HTTP/1.1
User-Agent: selenium/4.1.2 (java windows)
Cache-Control: no-cache
Content-Type: application/json; charset=utf-8
host: localhost:58569
accept: */*

Response DefaultHttpResponse(decodeResult: success, version: HTTP/1.1)
HTTP/1.1 200 OK
Content-Type: application/json; charset=utf-8
cache-control: no-cache
content-length: 15

10:44:54.695 [AsyncHttpClient-1-3] DEBUG org.asynchttpclient.netty.channel.ChannelManager - Adding key: http://localhost:58569 for channel [id: 0xa7db9c04, L:/127.0.0.1:57523 - R:localhost/127.0.0.1:58569]
10:44:54.697 [Forwarding getElementTagName on session 410ccb24748117d4a847c789695155b9 to remote] DEBUG org.asynchttpclient.netty.request.NettyRequestSender - Using pooled Channel '[id: 0xa7db9c04, L:/127.0.0.1:57523 - R:localhost/127.0.0.1:58569]' for 'GET' to 'http://localhost:58569/session/410ccb24748117d4a847c789695155b9/element/5a6214d1-03d9-4365-b881-4a75efec2ebb/name'
10:44:54.697 [Forwarding getElementTagName on session 410ccb24748117d4a847c789695155b9 to remote] DEBUG org.asynchttpclient.netty.request.NettyRequestSender - Using open Channel [id: 0xa7db9c04, L:/127.0.0.1:57523 - R:localhost/127.0.0.1:58569] for GET '/session/410ccb24748117d4a847c789695155b9/element/5a6214d1-03d9-4365-b881-4a75efec2ebb/name'
10:44:54.703 [AsyncHttpClient-1-3] DEBUG org.asynchttpclient.netty.handler.HttpHandler - 

Request DefaultFullHttpRequest(decodeResult: success, version: HTTP/1.1, content: EmptyByteBufBE)
GET /session/410ccb24748117d4a847c789695155b9/element/5a6214d1-03d9-4365-b881-4a75efec2ebb/name HTTP/1.1
User-Agent: selenium/4.1.2 (java windows)
Cache-Control: no-cache
Content-Type: application/json; charset=utf-8
host: localhost:58569
accept: */*

Response DefaultHttpResponse(decodeResult: success, version: HTTP/1.1)
HTTP/1.1 200 OK
Content-Type: application/json; charset=utf-8
cache-control: no-cache
content-length: 15

10:44:54.703 [AsyncHttpClient-1-3] DEBUG org.asynchttpclient.netty.channel.ChannelManager - Adding key: http://localhost:58569 for channel [id: 0xa7db9c04, L:/127.0.0.1:57523 - R:localhost/127.0.0.1:58569]
10:44:54.708 [Forwarding findElement on session 410ccb24748117d4a847c789695155b9 to remote] DEBUG org.asynchttpclient.netty.request.NettyRequestSender - Using pooled Channel '[id: 0xa7db9c04, L:/127.0.0.1:57523 - R:localhost/127.0.0.1:58569]' for 'POST' to 'http://localhost:58569/session/410ccb24748117d4a847c789695155b9/element'
10:44:54.711 [Forwarding findElement on session 410ccb24748117d4a847c789695155b9 to remote] DEBUG org.asynchttpclient.netty.request.NettyRequestSender - Using open Channel [id: 0xa7db9c04, L:/127.0.0.1:57523 - R:localhost/127.0.0.1:58569] for POST '/session/410ccb24748117d4a847c789695155b9/element'
10:44:54.723 [AsyncHttpClient-1-3] DEBUG org.asynchttpclient.netty.handler.HttpHandler - 

Request DefaultHttpRequest(decodeResult: success, version: HTTP/1.1)
POST /session/410ccb24748117d4a847c789695155b9/element HTTP/1.1
User-Agent: selenium/4.1.2 (java windows)
Content-Length: 146
Content-Type: application/json; charset=utf-8
host: localhost:58569
accept: */*

Response DefaultHttpResponse(decodeResult: success, version: HTTP/1.1)
HTTP/1.1 200 OK
Content-Type: application/json; charset=utf-8
cache-control: no-cache
content-length: 88

10:44:54.723 [AsyncHttpClient-1-3] DEBUG org.asynchttpclient.netty.channel.ChannelManager - Adding key: http://localhost:58569 for channel [id: 0xa7db9c04, L:/127.0.0.1:57523 - R:localhost/127.0.0.1:58569]
10:44:54.726 [Forwarding clickElement on session 410ccb24748117d4a847c789695155b9 to remote] DEBUG org.asynchttpclient.netty.request.NettyRequestSender - Using pooled Channel '[id: 0xa7db9c04, L:/127.0.0.1:57523 - R:localhost/127.0.0.1:58569]' for 'POST' to 'http://localhost:58569/session/410ccb24748117d4a847c789695155b9/element/5a6214d1-03d9-4365-b881-4a75efec2ebb/click'
10:44:54.726 [Forwarding clickElement on session 410ccb24748117d4a847c789695155b9 to remote] DEBUG org.asynchttpclient.netty.request.NettyRequestSender - Using open Channel [id: 0xa7db9c04, L:/127.0.0.1:57523 - R:localhost/127.0.0.1:58569] for POST '/session/410ccb24748117d4a847c789695155b9/element/5a6214d1-03d9-4365-b881-4a75efec2ebb/click'
10:44:54.838 [AsyncHttpClient-1-3] DEBUG org.asynchttpclient.netty.handler.HttpHandler - 

Request DefaultHttpRequest(decodeResult: success, version: HTTP/1.1)
POST /session/410ccb24748117d4a847c789695155b9/element/5a6214d1-03d9-4365-b881-4a75efec2ebb/click HTTP/1.1
User-Agent: selenium/4.1.2 (java windows)
Content-Length: 50
Content-Type: application/json; charset=utf-8
host: localhost:58569
accept: */*

Response DefaultHttpResponse(decodeResult: success, version: HTTP/1.1)
HTTP/1.1 200 OK
Content-Type: application/json; charset=utf-8
cache-control: no-cache
content-length: 14

10:44:54.838 [AsyncHttpClient-1-3] DEBUG org.asynchttpclient.netty.channel.ChannelManager - Adding key: http://localhost:58569 for channel [id: 0xa7db9c04, L:/127.0.0.1:57523 - R:localhost/127.0.0.1:58569]
10:44:54.849 [Forwarding screenshot on session 410ccb24748117d4a847c789695155b9 to remote] DEBUG org.asynchttpclient.netty.request.NettyRequestSender - Using pooled Channel '[id: 0xa7db9c04, L:/127.0.0.1:57523 - R:localhost/127.0.0.1:58569]' for 'GET' to 'http://localhost:58569/session/410ccb24748117d4a847c789695155b9/screenshot'
10:44:54.849 [Forwarding screenshot on session 410ccb24748117d4a847c789695155b9 to remote] DEBUG org.asynchttpclient.netty.request.NettyRequestSender - Using open Channel [id: 0xa7db9c04, L:/127.0.0.1:57523 - R:localhost/127.0.0.1:58569] for GET '/session/410ccb24748117d4a847c789695155b9/screenshot'
10:44:54.994 [AsyncHttpClient-1-3] DEBUG org.asynchttpclient.netty.handler.HttpHandler - 

Request DefaultFullHttpRequest(decodeResult: success, version: HTTP/1.1, content: EmptyByteBufBE)
GET /session/410ccb24748117d4a847c789695155b9/screenshot HTTP/1.1
User-Agent: selenium/4.1.2 (java windows)
Cache-Control: no-cache
Content-Type: application/json; charset=utf-8
host: localhost:58569
accept: */*

Response DefaultHttpResponse(decodeResult: success, version: HTTP/1.1)
HTTP/1.1 200 OK
Content-Type: application/json; charset=utf-8
cache-control: no-cache
content-length: 91056

10:44:54.995 [AsyncHttpClient-1-3] DEBUG org.asynchttpclient.netty.channel.ChannelManager - Adding key: http://localhost:58569 for channel [id: 0xa7db9c04, L:/127.0.0.1:57523 - R:localhost/127.0.0.1:58569]
10:44:55.001 [main] DEBUG net.serenitybdd.core.photography.Darkroom - Send negative for processing for target\site\serenity\221e4edee0c1c503ba290575276024ecdc7f14e6c13b44164ef1496bdfd51be6.png
10:44:55.001 [main] DEBUG net.thucydides.core.steps.StepInterceptor - STEP DONE: clickFilterDropdown
  &amp#27;[32mWhen &amp#27;[0m&amp#27;[32mI click Appointment Department Filter Dropdown&amp#27;[0m                           &amp#27;[90m# starter.stepdefinitions.AppointmentSteps.iClickAppointmentDepartmentDropdown()&amp#27;[0m
10:44:55.002 [Darkroom Processing Line] DEBUG net.serenitybdd.core.photography.DarkroomProcessingLine - Processing screenshot image in /var/screenshots/screenshot-15923889423738272195
10:44:55.003 [Darkroom Processing Line] DEBUG net.serenitybdd.core.photography.DarkroomProcessingLine - Saving screenshot to target\site\serenity\221e4edee0c1c503ba290575276024ecdc7f14e6c13b44164ef1496bdfd51be6.png
10:44:55.028 [main] DEBUG net.thucydides.core.steps.StepInterceptor - STARTING STEP: AppointmentSteps.iClickAppointmentGynecology - clickGynecologyMenu
10:44:55.032 [Forwarding findElement on session 410ccb24748117d4a847c789695155b9 to remote] DEBUG org.asynchttpclient.netty.request.NettyRequestSender - Using pooled Channel '[id: 0xa7db9c04, L:/127.0.0.1:57523 - R:localhost/127.0.0.1:58569]' for 'POST' to 'http://localhost:58569/session/410ccb24748117d4a847c789695155b9/element'
10:44:55.032 [Forwarding findElement on session 410ccb24748117d4a847c789695155b9 to remote] DEBUG org.asynchttpclient.netty.request.NettyRequestSender - Using open Channel [id: 0xa7db9c04, L:/127.0.0.1:57523 - R:localhost/127.0.0.1:58569] for POST '/session/410ccb24748117d4a847c789695155b9/element'
10:44:55.048 [AsyncHttpClient-1-3] DEBUG org.asynchttpclient.netty.handler.HttpHandler - 

Request DefaultHttpRequest(decodeResult: success, version: HTTP/1.1)
POST /session/410ccb24748117d4a847c789695155b9/element HTTP/1.1
User-Agent: selenium/4.1.2 (java windows)
Content-Length: 109
Content-Type: application/json; charset=utf-8
host: localhost:58569
accept: */*

Response DefaultHttpResponse(decodeResult: success, version: HTTP/1.1)
HTTP/1.1 200 OK
Content-Type: application/json; charset=utf-8
cache-control: no-cache
content-length: 88

10:44:55.048 [AsyncHttpClient-1-3] DEBUG org.asynchttpclient.netty.channel.ChannelManager - Adding key: http://localhost:58569 for channel [id: 0xa7db9c04, L:/127.0.0.1:57523 - R:localhost/127.0.0.1:58569]
10:44:55.050 [Forwarding getElementTagName on session 410ccb24748117d4a847c789695155b9 to remote] DEBUG org.asynchttpclient.netty.request.NettyRequestSender - Using pooled Channel '[id: 0xa7db9c04, L:/127.0.0.1:57523 - R:localhost/127.0.0.1:58569]' for 'GET' to 'http://localhost:58569/session/410ccb24748117d4a847c789695155b9/element/8a898677-6d43-4af2-92ad-d84bff9c9492/name'
10:44:55.050 [Forwarding getElementTagName on session 410ccb24748117d4a847c789695155b9 to remote] DEBUG org.asynchttpclient.netty.request.NettyRequestSender - Using open Channel [id: 0xa7db9c04, L:/127.0.0.1:57523 - R:localhost/127.0.0.1:58569] for GET '/session/410ccb24748117d4a847c789695155b9/element/8a898677-6d43-4af2-92ad-d84bff9c9492/name'
10:44:55.054 [AsyncHttpClient-1-3] DEBUG org.asynchttpclient.netty.handler.HttpHandler - 

Request DefaultFullHttpRequest(decodeResult: success, version: HTTP/1.1, content: EmptyByteBufBE)
GET /session/410ccb24748117d4a847c789695155b9/element/8a898677-6d43-4af2-92ad-d84bff9c9492/name HTTP/1.1
User-Agent: selenium/4.1.2 (java windows)
Cache-Control: no-cache
Content-Type: application/json; charset=utf-8
host: localhost:58569
accept: */*

Response DefaultHttpResponse(decodeResult: success, version: HTTP/1.1)
HTTP/1.1 200 OK
Content-Type: application/json; charset=utf-8
cache-control: no-cache
content-length: 14

10:44:55.055 [AsyncHttpClient-1-3] DEBUG org.asynchttpclient.netty.channel.ChannelManager - Adding key: http://localhost:58569 for channel [id: 0xa7db9c04, L:/127.0.0.1:57523 - R:localhost/127.0.0.1:58569]
10:44:55.056 [Forwarding getElementTagName on session 410ccb24748117d4a847c789695155b9 to remote] DEBUG org.asynchttpclient.netty.request.NettyRequestSender - Using pooled Channel '[id: 0xa7db9c04, L:/127.0.0.1:57523 - R:localhost/127.0.0.1:58569]' for 'GET' to 'http://localhost:58569/session/410ccb24748117d4a847c789695155b9/element/8a898677-6d43-4af2-92ad-d84bff9c9492/name'
10:44:55.056 [Forwarding getElementTagName on session 410ccb24748117d4a847c789695155b9 to remote] DEBUG org.asynchttpclient.netty.request.NettyRequestSender - Using open Channel [id: 0xa7db9c04, L:/127.0.0.1:57523 - R:localhost/127.0.0.1:58569] for GET '/session/410ccb24748117d4a847c789695155b9/element/8a898677-6d43-4af2-92ad-d84bff9c9492/name'
10:44:55.060 [AsyncHttpClient-1-3] DEBUG org.asynchttpclient.netty.handler.HttpHandler - 

Request DefaultFullHttpRequest(decodeResult: success, version: HTTP/1.1, content: EmptyByteBufBE)
GET /session/410ccb24748117d4a847c789695155b9/element/8a898677-6d43-4af2-92ad-d84bff9c9492/name HTTP/1.1
User-Agent: selenium/4.1.2 (java windows)
Cache-Control: no-cache
Content-Type: application/json; charset=utf-8
host: localhost:58569
accept: */*

Response DefaultHttpResponse(decodeResult: success, version: HTTP/1.1)
HTTP/1.1 200 OK
Content-Type: application/json; charset=utf-8
cache-control: no-cache
content-length: 14

10:44:55.060 [AsyncHttpClient-1-3] DEBUG org.asynchttpclient.netty.channel.ChannelManager - Adding key: http://localhost:58569 for channel [id: 0xa7db9c04, L:/127.0.0.1:57523 - R:localhost/127.0.0.1:58569]
10:44:55.062 [Forwarding findElement on session 410ccb24748117d4a847c789695155b9 to remote] DEBUG org.asynchttpclient.netty.request.NettyRequestSender - Using pooled Channel '[id: 0xa7db9c04, L:/127.0.0.1:57523 - R:localhost/127.0.0.1:58569]' for 'POST' to 'http://localhost:58569/session/410ccb24748117d4a847c789695155b9/element'
10:44:55.062 [Forwarding findElement on session 410ccb24748117d4a847c789695155b9 to remote] DEBUG org.asynchttpclient.netty.request.NettyRequestSender - Using open Channel [id: 0xa7db9c04, L:/127.0.0.1:57523 - R:localhost/127.0.0.1:58569] for POST '/session/410ccb24748117d4a847c789695155b9/element'
10:44:55.072 [AsyncHttpClient-1-3] DEBUG org.asynchttpclient.netty.handler.HttpHandler - 

Request DefaultHttpRequest(decodeResult: success, version: HTTP/1.1)
POST /session/410ccb24748117d4a847c789695155b9/element HTTP/1.1
User-Agent: selenium/4.1.2 (java windows)
Content-Length: 109
Content-Type: application/json; charset=utf-8
host: localhost:58569
accept: */*

Response DefaultHttpResponse(decodeResult: success, version: HTTP/1.1)
HTTP/1.1 200 OK
Content-Type: application/json; charset=utf-8
cache-control: no-cache
content-length: 88

10:44:55.072 [AsyncHttpClient-1-3] DEBUG org.asynchttpclient.netty.channel.ChannelManager - Adding key: http://localhost:58569 for channel [id: 0xa7db9c04, L:/127.0.0.1:57523 - R:localhost/127.0.0.1:58569]
10:44:55.075 [Forwarding clickElement on session 410ccb24748117d4a847c789695155b9 to remote] DEBUG org.asynchttpclient.netty.request.NettyRequestSender - Using pooled Channel '[id: 0xa7db9c04, L:/127.0.0.1:57523 - R:localhost/127.0.0.1:58569]' for 'POST' to 'http://localhost:58569/session/410ccb24748117d4a847c789695155b9/element/8a898677-6d43-4af2-92ad-d84bff9c9492/click'
10:44:55.075 [Forwarding clickElement on session 410ccb24748117d4a847c789695155b9 to remote] DEBUG org.asynchttpclient.netty.request.NettyRequestSender - Using open Channel [id: 0xa7db9c04, L:/127.0.0.1:57523 - R:localhost/127.0.0.1:58569] for POST '/session/410ccb24748117d4a847c789695155b9/element/8a898677-6d43-4af2-92ad-d84bff9c9492/click'
10:44:55.213 [AsyncHttpClient-1-3] DEBUG org.asynchttpclient.netty.handler.HttpHandler - 

Request DefaultHttpRequest(decodeResult: success, version: HTTP/1.1)
POST /session/410ccb24748117d4a847c789695155b9/element/8a898677-6d43-4af2-92ad-d84bff9c9492/click HTTP/1.1
User-Agent: selenium/4.1.2 (java windows)
Content-Length: 50
Content-Type: application/json; charset=utf-8
host: localhost:58569
accept: */*

Response DefaultHttpResponse(decodeResult: success, version: HTTP/1.1)
HTTP/1.1 200 OK
Content-Type: application/json; charset=utf-8
cache-control: no-cache
content-length: 14

10:44:55.213 [AsyncHttpClient-1-3] DEBUG org.asynchttpclient.netty.channel.ChannelManager - Adding key: http://localhost:58569 for channel [id: 0xa7db9c04, L:/127.0.0.1:57523 - R:localhost/127.0.0.1:58569]
10:44:55.220 [Forwarding screenshot on session 410ccb24748117d4a847c789695155b9 to remote] DEBUG org.asynchttpclient.netty.request.NettyRequestSender - Using pooled Channel '[id: 0xa7db9c04, L:/127.0.0.1:57523 - R:localhost/127.0.0.1:58569]' for 'GET' to 'http://localhost:58569/session/410ccb24748117d4a847c789695155b9/screenshot'
10:44:55.220 [Forwarding screenshot on session 410ccb24748117d4a847c789695155b9 to remote] DEBUG org.asynchttpclient.netty.request.NettyRequestSender - Using open Channel [id: 0xa7db9c04, L:/127.0.0.1:57523 - R:localhost/127.0.0.1:58569] for GET '/session/410ccb24748117d4a847c789695155b9/screenshot'
10:44:55.343 [AsyncHttpClient-1-3] DEBUG org.asynchttpclient.netty.handler.HttpHandler - 

Request DefaultFullHttpRequest(decodeResult: success, version: HTTP/1.1, content: EmptyByteBufBE)
GET /session/410ccb24748117d4a847c789695155b9/screenshot HTTP/1.1
User-Agent: selenium/4.1.2 (java windows)
Cache-Control: no-cache
Content-Type: application/json; charset=utf-8
host: localhost:58569
accept: */*

Response DefaultHttpResponse(decodeResult: success, version: HTTP/1.1)
HTTP/1.1 200 OK
Content-Type: application/json; charset=utf-8
cache-control: no-cache
content-length: 78064

10:44:55.343 [AsyncHttpClient-1-3] DEBUG org.asynchttpclient.netty.channel.ChannelManager - Adding key: http://localhost:58569 for channel [id: 0xa7db9c04, L:/127.0.0.1:57523 - R:localhost/127.0.0.1:58569]
10:44:55.348 [main] DEBUG net.serenitybdd.core.photography.Darkroom - Send negative for processing for target\site\serenity\39df03b600e5ea79f3b45e14d15a1376f809940f4356fb2e44f009cfcc90152d.png
10:44:55.348 [main] DEBUG net.thucydides.core.steps.StepInterceptor - STEP DONE: clickGynecologyMenu
  &amp#27;[32mAnd &amp#27;[0m&amp#27;[32mI click Appointment Gynecology&amp#27;[0m                                            &amp#27;[90m# starter.stepdefinitions.AppointmentSteps.iClickAppointmentGynecology()&amp#27;[0m
10:44:55.348 [Darkroom Processing Line] DEBUG net.serenitybdd.core.photography.DarkroomProcessingLine - Processing screenshot image in /var/screenshots/screenshot-10705993890910962947
10:44:55.348 [Darkroom Processing Line] DEBUG net.serenitybdd.core.photography.DarkroomProcessingLine - Saving screenshot to target\site\serenity\39df03b600e5ea79f3b45e14d15a1376f809940f4356fb2e44f009cfcc90152d.png
10:44:55.380 [main] DEBUG net.thucydides.core.steps.StepInterceptor - STARTING STEP: AppointmentSteps.iValidateTodayAppointmentOnlyShowGynecologyDepartmentAppointment - validateGynecologyAppointment
10:44:55.389 [Forwarding findElement on session 410ccb24748117d4a847c789695155b9 to remote] DEBUG org.asynchttpclient.netty.request.NettyRequestSender - Using pooled Channel '[id: 0xa7db9c04, L:/127.0.0.1:57523 - R:localhost/127.0.0.1:58569]' for 'POST' to 'http://localhost:58569/session/410ccb24748117d4a847c789695155b9/element'
10:44:55.389 [Forwarding findElement on session 410ccb24748117d4a847c789695155b9 to remote] DEBUG org.asynchttpclient.netty.request.NettyRequestSender - Using open Channel [id: 0xa7db9c04, L:/127.0.0.1:57523 - R:localhost/127.0.0.1:58569] for POST '/session/410ccb24748117d4a847c789695155b9/element'
10:44:55.765 [AsyncHttpClient-1-1] DEBUG org.asynchttpclient.netty.channel.DefaultChannelPool - Entry count for : http://localhost:57524 : 1
10:44:56.864 [AsyncHttpClient-1-1] DEBUG org.asynchttpclient.netty.channel.DefaultChannelPool - Entry count for : http://localhost:57524 : 1
10:44:57.964 [AsyncHttpClient-1-1] DEBUG org.asynchttpclient.netty.channel.DefaultChannelPool - Entry count for : http://localhost:57524 : 1
10:44:59.066 [AsyncHttpClient-1-1] DEBUG org.asynchttpclient.netty.channel.DefaultChannelPool - Entry count for : http://localhost:57524 : 1
10:45:00.164 [AsyncHttpClient-1-1] DEBUG org.asynchttpclient.netty.channel.DefaultChannelPool - Entry count for : http://localhost:57524 : 1
10:45:00.464 [AsyncHttpClient-1-3] DEBUG org.asynchttpclient.netty.handler.HttpHandler - 

Request DefaultHttpRequest(decodeResult: success, version: HTTP/1.1)
POST /session/410ccb24748117d4a847c789695155b9/element HTTP/1.1
User-Agent: selenium/4.1.2 (java windows)
Content-Length: 145
Content-Type: application/json; charset=utf-8
host: localhost:58569
accept: */*

Response DefaultHttpResponse(decodeResult: success, version: HTTP/1.1)
HTTP/1.1 404 Not Found
Content-Type: application/json; charset=utf-8
cache-control: no-cache
content-length: 1057

10:45:00.465 [AsyncHttpClient-1-3] DEBUG org.asynchttpclient.netty.channel.ChannelManager - Adding key: http://localhost:58569 for channel [id: 0xa7db9c04, L:/127.0.0.1:57523 - R:localhost/127.0.0.1:58569]
10:45:00.500 [Forwarding screenshot on session 410ccb24748117d4a847c789695155b9 to remote] DEBUG org.asynchttpclient.netty.request.NettyRequestSender - Using pooled Channel '[id: 0xa7db9c04, L:/127.0.0.1:57523 - R:localhost/127.0.0.1:58569]' for 'GET' to 'http://localhost:58569/session/410ccb24748117d4a847c789695155b9/screenshot'
10:45:00.500 [Forwarding screenshot on session 410ccb24748117d4a847c789695155b9 to remote] DEBUG org.asynchttpclient.netty.request.NettyRequestSender - Using open Channel [id: 0xa7db9c04, L:/127.0.0.1:57523 - R:localhost/127.0.0.1:58569] for GET '/session/410ccb24748117d4a847c789695155b9/screenshot'
10:45:00.612 [AsyncHttpClient-1-3] DEBUG org.asynchttpclient.netty.handler.HttpHandler - 

Request DefaultFullHttpRequest(decodeResult: success, version: HTTP/1.1, content: EmptyByteBufBE)
GET /session/410ccb24748117d4a847c789695155b9/screenshot HTTP/1.1
User-Agent: selenium/4.1.2 (java windows)
Cache-Control: no-cache
Content-Type: application/json; charset=utf-8
host: localhost:58569
accept: */*

Response DefaultHttpResponse(decodeResult: success, version: HTTP/1.1)
HTTP/1.1 200 OK
Content-Type: application/json; charset=utf-8
cache-control: no-cache
content-length: 68916

10:45:00.613 [AsyncHttpClient-1-3] DEBUG org.asynchttpclient.netty.channel.ChannelManager - Adding key: http://localhost:58569 for channel [id: 0xa7db9c04, L:/127.0.0.1:57523 - R:localhost/127.0.0.1:58569]
10:45:00.617 [main] DEBUG net.serenitybdd.core.photography.Darkroom - Send negative for processing for target\site\serenity\e56b9cfcad0832e5d68877f557dcd31ed4fd83bb09364f507b10b863ace3b103.png
10:45:00.617 [Darkroom Processing Line] DEBUG net.serenitybdd.core.photography.DarkroomProcessingLine - Processing screenshot image in /var/screenshots/screenshot-9903515091108185028
10:45:00.617 [Darkroom Processing Line] DEBUG net.serenitybdd.core.photography.DarkroomProcessingLine - Saving screenshot to target\site\serenity\e56b9cfcad0832e5d68877f557dcd31ed4fd83bb09364f507b10b863ace3b103.png
10:45:00.619 [Forwarding getPageSource on session 410ccb24748117d4a847c789695155b9 to remote] DEBUG org.asynchttpclient.netty.request.NettyRequestSender - Using pooled Channel '[id: 0xa7db9c04, L:/127.0.0.1:57523 - R:localhost/127.0.0.1:58569]' for 'POST' to 'http://localhost:58569/session/410ccb24748117d4a847c789695155b9/execute/sync'
10:45:00.619 [Forwarding getPageSource on session 410ccb24748117d4a847c789695155b9 to remote] DEBUG org.asynchttpclient.netty.request.NettyRequestSender - Using open Channel [id: 0xa7db9c04, L:/127.0.0.1:57523 - R:localhost/127.0.0.1:58569] for POST '/session/410ccb24748117d4a847c789695155b9/execute/sync'
10:45:00.627 [AsyncHttpClient-1-3] DEBUG org.asynchttpclient.netty.handler.HttpHandler - 

Request DefaultHttpRequest(decodeResult: success, version: HTTP/1.1)
POST /session/410ccb24748117d4a847c789695155b9/execute/sync HTTP/1.1
User-Agent: selenium/4.1.2 (java windows)
Content-Length: 176
Content-Type: application/json; charset=utf-8
host: localhost:58569
accept: */*

Response DefaultHttpResponse(decodeResult: success, version: HTTP/1.1)
HTTP/1.1 200 OK
Content-Type: application/json; charset=utf-8
cache-control: no-cache
content-length: 13383

10:45:00.628 [AsyncHttpClient-1-3] DEBUG org.asynchttpclient.netty.channel.ChannelManager - Adding key: http://localhost:58569 for channel [id: 0xa7db9c04, L:/127.0.0.1:57523 - R:localhost/127.0.0.1:58569]
10:45:00.643 [Forwarding getCurrentUrl on session 410ccb24748117d4a847c789695155b9 to remote] DEBUG org.asynchttpclient.netty.request.NettyRequestSender - Using pooled Channel '[id: 0xa7db9c04, L:/127.0.0.1:57523 - R:localhost/127.0.0.1:58569]' for 'GET' to 'http://localhost:58569/session/410ccb24748117d4a847c789695155b9/url'
10:45:00.643 [Forwarding getCurrentUrl on session 410ccb24748117d4a847c789695155b9 to remote] DEBUG org.asynchttpclient.netty.request.NettyRequestSender - Using open Channel [id: 0xa7db9c04, L:/127.0.0.1:57523 - R:localhost/127.0.0.1:58569] for GET '/session/410ccb24748117d4a847c789695155b9/url'
10:45:00.650 [AsyncHttpClient-1-3] DEBUG org.asynchttpclient.netty.handler.HttpHandler - 

Request DefaultFullHttpRequest(decodeResult: success, version: HTTP/1.1, content: EmptyByteBufBE)
GET /session/410ccb24748117d4a847c789695155b9/url HTTP/1.1
User-Agent: selenium/4.1.2 (java windows)
Cache-Control: no-cache
Content-Type: application/json; charset=utf-8
host: localhost:58569
accept: */*

Response DefaultHttpResponse(decodeResult: success, version: HTTP/1.1)
HTTP/1.1 200 OK
Content-Type: application/json; charset=utf-8
cache-control: no-cache
content-length: 64

10:45:00.650 [AsyncHttpClient-1-3] DEBUG org.asynchttpclient.netty.channel.ChannelManager - Adding key: http://localhost:58569 for channel [id: 0xa7db9c04, L:/127.0.0.1:57523 - R:localhost/127.0.0.1:58569]
  &amp#27;[31mThen &amp#27;[0m&amp#27;[31mI validate Today Appointment only show Gynecology Department Appointment&amp#27;[0m &amp#27;[90m# starter.stepdefinitions.AppointmentSteps.iValidateTodayAppointmentOnlyShowGynecologyDepartmentAppointment()&amp#27;[0m
      &amp#27;[31morg.openqa.selenium.NoSuchElementException: Expected condition failed: waiting for By.xpath: //body/div[@id='root']/div[1]/div[2]/div[2]/div[3]/div[1]/h3[1] to be displayed (tried for 5 second(s) with 100 milliseconds interval)
Build info: version: '4.1.2', revision: '9a5a329c5a'
System info: host: 'DELL', ip: '192.168.1.6', os.name: 'Windows 8.1', os.arch: 'amd64', os.version: '6.3', java.version: '15.0.2'
Driver info: driver.version: unknown
	at net.serenitybdd.core.pages.WebElementFacadeImpl.throwNoSuchElementExceptionWithCauseIfPresent(WebElementFacadeImpl.java:1001)
	at net.serenitybdd.core.pages.WebElementFacadeImpl.checkPresenceOfWebElement(WebElementFacadeImpl.java:974)
	at net.serenitybdd.core.pages.WebElementFacadeImpl.waitUntilVisible(WebElementFacadeImpl.java:981)
	at Capstone.Project.Website@1.0-SNAPSHOT/starter.pages.AppointmentPage.validateGynecologyAppointment(AppointmentPage.java:393)
	at Capstone.Project.Website@1.0-SNAPSHOT/starter.pages.AppointmentPage$ByteBuddy$5Q5V0Zb5.validateGynecologyAppointment$accessor$J2UowYJ2(Unknown Source)
	at java.base/jdk.internal.reflect.NativeMethodAccessorImpl.invoke0(Native Method)
	at java.base/jdk.internal.reflect.NativeMethodAccessorImpl.invoke(NativeMethodAccessorImpl.java:64)
	at java.base/jdk.internal.reflect.DelegatingMethodAccessorImpl.invoke(DelegatingMethodAccessorImpl.java:43)
	at java.base/java.lang.reflect.Method.invoke(Method.java:564)
	at net.thucydides.core.steps.StepInterceptor.invokeMethod(StepInterceptor.java:503)
	at net.thucydides.core.steps.StepInterceptor.executeTestStepMethod(StepInterceptor.java:483)
	at net.thucydides.core.steps.StepInterceptor.runTestStep(StepInterceptor.java:457)
	at net.thucydides.core.steps.StepInterceptor.runOrSkipMethod(StepInterceptor.java:209)
	at net.thucydides.core.steps.StepInterceptor.testStepResult(StepInterceptor.java:196)
	at net.thucydides.core.steps.StepInterceptor.intercept(StepInterceptor.java:84)
	at net.thucydides.core.steps.ProxyConfiguration$InterceptorDispatcher.intercept(ProxyConfiguration.java:51)
	at Capstone.Project.Website@1.0-SNAPSHOT/starter.pages.AppointmentPage$ByteBuddy$5Q5V0Zb5.validateGynecologyAppointment(Unknown Source)
	at Capstone.Project.Website@1.0-SNAPSHOT/starter.stepdefinitions.AppointmentSteps.iValidateTodayAppointmentOnlyShowGynecologyDepartmentAppointment(AppointmentSteps.java:170)
	at âœ½.I validate Today Appointment only show Gynecology Department Appointment(file:///E:/My%20Documents/File%20Difa/TI%20Semester%206%20Kampus%20Merdeka%20Alterra/Tugas/CAPSTONE%20Project/Capstone-Project-Website/src/test/resources/features/1.Appointment.feature:111)
Caused by: org.openqa.selenium.TimeoutException: Expected condition failed: waiting for By.xpath: //body/div[@id='root']/div[1]/div[2]/div[2]/div[3]/div[1]/h3[1] to be displayed (tried for 5 second(s) with 100 milliseconds interval)
Build info: version: '4.1.2', revision: '9a5a329c5a'
System info: host: 'DELL', ip: '192.168.1.6', os.name: 'Windows 8.1', os.arch: 'amd64', os.version: '6.3', java.version: '15.0.2'
Driver info: driver.version: unknown
	at org.openqa.selenium.support.ui.FluentWait.timeoutException(FluentWait.java:263)
	at org.openqa.selenium.support.ui.FluentWait.until(FluentWait.java:231)
	at net.serenitybdd.core.pages.WebElementFacadeImpl.checkPresenceOfWebElement(WebElementFacadeImpl.java:968)
	at net.serenitybdd.core.pages.WebElementFacadeImpl.waitUntilVisible(WebElementFacadeImpl.java:981)
	at Capstone.Project.Website@1.0-SNAPSHOT/starter.pages.AppointmentPage.validateGynecologyAppointment(AppointmentPage.java:393)
	at Capstone.Project.Website@1.0-SNAPSHOT/starter.pages.AppointmentPage$ByteBuddy$5Q5V0Zb5.validateGynecologyAppointment$accessor$J2UowYJ2(Unknown Source)
	at java.base/jdk.internal.reflect.NativeMethodAccessorImpl.invoke0(Native Method)
	at java.base/jdk.internal.reflect.NativeMethodAccessorImpl.invoke(NativeMethodAccessorImpl.java:64)
	at java.base/jdk.internal.reflect.DelegatingMethodAccessorImpl.invoke(DelegatingMethodAccessorImpl.java:43)
	at java.base/java.lang.reflect.Method.invoke(Method.java:564)
	at net.thucydides.core.steps.StepInterceptor.invokeMethod(StepInterceptor.java:503)
	at net.thucydides.core.steps.StepInterceptor.executeTestStepMethod(StepInterceptor.java:483)
	at net.thucydides.core.steps.StepInterceptor.runTestStep(StepInterceptor.java:457)
	at net.thucydides.core.steps.StepInterceptor.runOrSkipMethod(StepInterceptor.java:209)
	at net.thucydides.core.steps.StepInterceptor.testStepResult(StepInterceptor.java:196)
	at net.thucydides.core.steps.StepInterceptor.intercept(StepInterceptor.java:84)
	at net.thucydides.core.steps.ProxyConfiguration$InterceptorDispatcher.intercept(ProxyConfiguration.java:51)
	at Capstone.Project.Website@1.0-SNAPSHOT/starter.pages.AppointmentPage$ByteBuddy$5Q5V0Zb5.validateGynecologyAppointment(Unknown Source)
	at Capstone.Project.Website@1.0-SNAPSHOT/starter.stepdefinitions.AppointmentSteps.iValidateTodayAppointmentOnlyShowGynecologyDepartmentAppointment(AppointmentSteps.java:170)
	at java.base/jdk.internal.reflect.NativeMethodAccessorImpl.invoke0(Native Method)
	at java.base/jdk.internal.reflect.NativeMethodAccessorImpl.invoke(NativeMethodAccessorImpl.java:64)
	at java.base/jdk.internal.reflect.DelegatingMethodAccessorImpl.invoke(DelegatingMethodAccessorImpl.java:43)
	at java.base/java.lang.reflect.Method.invoke(Method.java:564)
	at io.cucumber.java.Invoker.doInvoke(Invoker.java:66)
	at io.cucumber.java.Invoker.invoke(Invoker.java:24)
	at io.cucumber.java.AbstractGlueDefinition.invokeMethod(AbstractGlueDefinition.java:47)
	at io.cucumber.java.JavaStepDefinition.execute(JavaStepDefinition.java:29)
	at io.cucumber.core.runner.CoreStepDefinition.execute(CoreStepDefinition.java:66)
	at io.cucumber.core.runner.PickleStepDefinitionMatch.runStep(PickleStepDefinitionMatch.java:63)
	at io.cucumber.core.runner.ExecutionMode$1.execute(ExecutionMode.java:10)
	at io.cucumber.core.runner.TestStep.executeStep(TestStep.java:86)
	at io.cucumber.core.runner.TestStep.run(TestStep.java:57)
	at io.cucumber.core.runner.PickleStepTestStep.run(PickleStepTestStep.java:51)
	at io.cucumber.core.runner.TestCase.run(TestCase.java:95)
	at io.cucumber.core.runner.Runner.runPickle(Runner.java:75)
	at io.cucumber.junit.PickleRunners$NoStepDescriptions.lambda$run$0(PickleRunners.java:151)
	at io.cucumber.core.runtime.CucumberExecutionContext.lambda$runTestCase$3(CucumberExecutionContext.java:151)
	at io.cucumber.core.runtime.RethrowingThrowableCollector.executeAndThrow(RethrowingThrowableCollector.java:23)
	at io.cucumber.core.runtime.CucumberExecutionContext.runTestCase(CucumberExecutionContext.java:151)
	at io.cucumber.junit.PickleRunners$NoStepDescriptions.run(PickleRunners.java:148)
	at io.cucumber.junit.FeatureRunner.runChild(FeatureRunner.java:144)
	at io.cucumber.junit.FeatureRunner.runChild(FeatureRunner.java:28)
	at org.junit.runners.ParentRunner$4.run(ParentRunner.java:331)
	at org.junit.runners.ParentRunner$1.schedule(ParentRunner.java:79)
	at org.junit.runners.ParentRunner.runChildren(ParentRunner.java:329)
	at org.junit.runners.ParentRunner.access$100(ParentRunner.java:66)
	at org.junit.runners.ParentRunner$2.evaluate(ParentRunner.java:293)
	at org.junit.runners.ParentRunner$3.evaluate(ParentRunner.java:306)
	at org.junit.runners.ParentRunner.run(ParentRunner.java:413)
	at io.cucumber.junit.FeatureRunner.run(FeatureRunner.java:137)
	at io.cucumber.junit.CucumberSerenityRunner.runChild(CucumberSerenityRunner.java:258)
	at io.cucumber.junit.CucumberSerenityRunner.runChild(CucumberSerenityRunner.java:58)
	at org.junit.runners.ParentRunner$4.run(ParentRunner.java:331)
	at org.junit.runners.ParentRunner$1.schedule(ParentRunner.java:79)
	at org.junit.runners.ParentRunner.runChildren(ParentRunner.java:329)
	at org.junit.runners.ParentRunner.access$100(ParentRunner.java:66)
	at org.junit.runners.ParentRunner$2.evaluate(ParentRunner.java:293)
	at io.cucumber.junit.CucumberSerenityRunner$RunCucumber.evaluate(CucumberSerenityRunner.java:287)
	at org.junit.runners.ParentRunner$3.evaluate(ParentRunner.java:306)
	at org.junit.runners.ParentRunner.run(ParentRunner.java:413)
	at org.junit.runner.JUnitCore.run(JUnitCore.java:137)
	at org.junit.runner.JUnitCore.run(JUnitCore.java:115)
	at org.junit.vintage.engine.execution.RunnerExecutor.execute(RunnerExecutor.java:42)
	at org.junit.vintage.engine.VintageTestEngine.executeAllChildren(VintageTestEngine.java:80)
	at org.junit.vintage.engine.VintageTestEngine.execute(VintageTestEngine.java:72)
	at org.junit.platform.launcher.core.EngineExecutionOrchestrator.execute(EngineExecutionOrchestrator.java:107)
	at org.junit.platform.launcher.core.EngineExecutionOrchestrator.execute(EngineExecutionOrchestrator.java:88)
	at org.junit.platform.launcher.core.EngineExecutionOrchestrator.lambda$execute$0(EngineExecutionOrchestrator.java:54)
	at org.junit.platform.launcher.core.EngineExecutionOrchestrator.withInterceptedStreams(EngineExecutionOrchestrator.java:67)
	at org.junit.platform.launcher.core.EngineExecutionOrchestrator.execute(EngineExecutionOrchestrator.java:52)
	at org.junit.platform.launcher.core.DefaultLauncher.execute(DefaultLauncher.java:114)
	at org.junit.platform.launcher.core.DefaultLauncher.execute(DefaultLauncher.java:86)
	at org.junit.platform.launcher.core.DefaultLauncherSession$DelegatingLauncher.execute(DefaultLauncherSession.java:86)
	at org.junit.platform.launcher.core.SessionPerRequestLauncher.execute(SessionPerRequestLauncher.java:53)
	at org.apache.maven.surefire.junitplatform.JUnitPlatformProvider.execute(JUnitPlatformProvider.java:188)
	at org.apache.maven.surefire.junitplatform.JUnitPlatformProvider.invokeAllTests(JUnitPlatformProvider.java:154)
	at org.apache.maven.surefire.junitplatform.JUnitPlatformProvider.invoke(JUnitPlatformProvider.java:128)
	at org.apache.maven.surefire.booter.ForkedBooter.runSuitesInProcess(ForkedBooter.java:428)
	at org.apache.maven.surefire.booter.ForkedBooter.execute(ForkedBooter.java:162)
	at org.apache.maven.surefire.booter.ForkedBooter.run(ForkedBooter.java:562)
	at org.apache.maven.surefire.booter.ForkedBooter.main(ForkedBooter.java:548)
&amp#27;[0m
10:45:00.734 [main] ERROR  - 
  _____   ___   ___   _____     ___   ___   ___    ___    ___ 
 |_   _| | __| / __| |_   _|   | __| | _ \ | _ \  / _ \  | _ \
   | |   | _|  \__ \   | |     | _|  |   / |   / | (_) | |   /
   |_|   |___| |___/   |_|     |___| |_|_\ |_|_\  \___/  |_|_\

Filter Appointment Gynecology Scenario
---------------------------------------------------------------
10:45:00.734 [main] DEBUG  - RELATED ISSUES: 
10:45:00.734 [main] ERROR  -     Test failed at step: Validate gynecology appointment
10:45:00.735 [main] ERROR  -     Expected condition failed: waiting for By.xpath: //body/div[@id='root']/div[1]/div[2]/div[2]/div[3]/div[1]/h3[1] to be displayed (tried for 5 second(s) with 100 milliseconds interval)Build info: version: '4.1.2', revision: '9a5a329c5a'System info: host: 'DELL', ip: '192.168.1.6', os.name: 'Windows 8.1', os.arch: 'amd64', os.version: '6.3', java.version: '15.0.2'Driver info: driver.version: unknown
10:45:00.739 [AsyncHttpClient-1-5] DEBUG org.asynchttpclient.netty.handler.WebSocketHandler - Channel Closed: [id: 0x9abd76fb, L:/127.0.0.1:57530 ! R:localhost/127.0.0.1:57524] with attribute NettyResponseFuture{currentRetry=5,
	isDone=1,
	isCancelled=0,
	asyncHandler=org.asynchttpclient.ws.WebSocketUpgradeHandler@1a38b9ec,
	nettyRequest=org.asynchttpclient.netty.request.NettyRequest@30f76938,
	future=java.util.concurrent.CompletableFuture@3c970366[Completed normally],
	uri=ws://localhost:57524/devtools/browser/a2ef3d7e-a8eb-4a09-9f27-5b01ceee916e,
	keepAlive=true,
	redirectCount=0,
	timeoutsHolder=null,
	inAuth=0,
	touch=1655783088807}
10:45:00.739 [AsyncHttpClient-1-5] DEBUG org.asynchttpclient.netty.channel.ChannelManager - Closing Channel [id: 0x9abd76fb, L:/127.0.0.1:57530 ! R:localhost/127.0.0.1:57524] 
10:45:00.739 [Driver Command Executor] DEBUG org.asynchttpclient.netty.request.NettyRequestSender - Using pooled Channel '[id: 0xa7db9c04, L:/127.0.0.1:57523 - R:localhost/127.0.0.1:58569]' for 'DELETE' to 'http://localhost:58569/session/410ccb24748117d4a847c789695155b9'
10:45:00.739 [Driver Command Executor] DEBUG org.asynchttpclient.netty.request.NettyRequestSender - Using open Channel [id: 0xa7db9c04, L:/127.0.0.1:57523 - R:localhost/127.0.0.1:58569] for DELETE '/session/410ccb24748117d4a847c789695155b9'
10:45:00.887 [AsyncHttpClient-1-4] DEBUG org.asynchttpclient.netty.handler.HttpHandler - Unexpected I/O exception on channel [id: 0x41c603f1, L:/127.0.0.1:57529 - R:localhost/127.0.0.1:57524]
java.net.SocketException: Connection reset
	at java.base/sun.nio.ch.SocketChannelImpl.throwConnectionReset(SocketChannelImpl.java:367)
	at java.base/sun.nio.ch.SocketChannelImpl.read(SocketChannelImpl.java:398)
	at io.netty.buffer.PooledByteBuf.setBytes(PooledByteBuf.java:258)
	at io.netty.buffer.AbstractByteBuf.writeBytes(AbstractByteBuf.java:1132)
	at io.netty.channel.socket.nio.NioSocketChannel.doReadBytes(NioSocketChannel.java:350)
	at io.netty.channel.nio.AbstractNioByteChannel$NioByteUnsafe.read(AbstractNioByteChannel.java:151)
	at io.netty.channel.nio.NioEventLoop.processSelectedKey(NioEventLoop.java:722)
	at io.netty.channel.nio.NioEventLoop.processSelectedKeysOptimized(NioEventLoop.java:658)
	at io.netty.channel.nio.NioEventLoop.processSelectedKeys(NioEventLoop.java:584)
	at io.netty.channel.nio.NioEventLoop.run(NioEventLoop.java:496)
	at io.netty.util.concurrent.SingleThreadEventExecutor$4.run(SingleThreadEventExecutor.java:986)
	at io.netty.util.internal.ThreadExecutorMap$2.run(ThreadExecutorMap.java:74)
	at io.netty.util.concurrent.FastThreadLocalRunnable.run(FastThreadLocalRunnable.java:30)
	at java.base/java.lang.Thread.run(Thread.java:832)
10:45:00.887 [AsyncHttpClient-1-4] DEBUG org.asynchttpclient.netty.channel.ChannelManager - Closing Channel [id: 0x41c603f1, L:/127.0.0.1:57529 - R:localhost/127.0.0.1:57524] 
10:45:00.888 [AsyncHttpClient-1-4] DEBUG org.asynchttpclient.netty.handler.HttpHandler - Channel Closed: [id: 0x41c603f1, L:/127.0.0.1:57529 ! R:localhost/127.0.0.1:57524] with attribute DISCARD
10:45:00.914 [AsyncHttpClient-1-3] DEBUG org.asynchttpclient.netty.handler.HttpHandler - 

Request DefaultFullHttpRequest(decodeResult: success, version: HTTP/1.1, content: EmptyByteBufBE)
DELETE /session/410ccb24748117d4a847c789695155b9 HTTP/1.1
User-Agent: selenium/4.1.2 (java windows)
Content-Type: application/json; charset=utf-8
host: localhost:58569
accept: */*

Response DefaultHttpResponse(decodeResult: success, version: HTTP/1.1)
HTTP/1.1 200 OK
Content-Type: application/json; charset=utf-8
cache-control: no-cache
content-length: 14

10:45:00.914 [AsyncHttpClient-1-3] DEBUG org.asynchttpclient.netty.channel.ChannelManager - Adding key: http://localhost:58569 for channel [id: 0xa7db9c04, L:/127.0.0.1:57523 - R:localhost/127.0.0.1:58569]
10:45:01.035 [AsyncHttpClient-1-3] DEBUG org.asynchttpclient.netty.handler.HttpHandler - Channel Closed: [id: 0xa7db9c04, L:/127.0.0.1:57523 ! R:localhost/127.0.0.1:58569] with attribute DISCARD
10:45:01.265 [AsyncHttpClient-1-1] DEBUG org.asynchttpclient.netty.channel.DefaultChannelPool - Entry count for : http://localhost:58569 : 1
10:45:01.265 [AsyncHttpClient-1-1] DEBUG org.asynchttpclient.netty.channel.DefaultChannelPool - Entry count for : http://localhost:57524 : 1
10:45:01.265 [AsyncHttpClient-1-1] DEBUG org.asynchttpclient.netty.channel.DefaultChannelPool - Adding Candidate expired Channel [id: 0xa7db9c04, L:/127.0.0.1:57523 ! R:localhost/127.0.0.1:58569] isIdleTimeoutExpired=false isRemotelyClosed=true isTtlExpired=false
10:45:01.265 [AsyncHttpClient-1-1] DEBUG org.asynchttpclient.netty.channel.DefaultChannelPool - Closing Idle Channel [id: 0xa7db9c04, L:/127.0.0.1:57523 ! R:localhost/127.0.0.1:58569]
10:45:01.265 [AsyncHttpClient-1-1] DEBUG org.asynchttpclient.netty.channel.DefaultChannelPool - Adding Candidate expired Channel [id: 0x41c603f1, L:/127.0.0.1:57529 ! R:localhost/127.0.0.1:57524] isIdleTimeoutExpired=false isRemotelyClosed=true isTtlExpired=false
10:45:01.265 [AsyncHttpClient-1-1] DEBUG org.asynchttpclient.netty.channel.DefaultChannelPool - Closing Idle Channel [id: 0x41c603f1, L:/127.0.0.1:57529 ! R:localhost/127.0.0.1:57524]
10:45:01.265 [AsyncHttpClient-1-1] DEBUG org.asynchttpclient.netty.channel.DefaultChannelPool - Closed 2 connections out of 2 in 0 ms
]]></system-out>
    <system-err><![CDATA[Starting ChromeDriver 102.0.5005.61 (0e59bcc00cc4985ce39ad31c150065f159d95ad3-refs/branch-heads/5005@{#819}) on port 58569
Only local connections are allowed.
Please see https://chromedriver.chromium.org/security-considerations for suggestions on keeping ChromeDriver safe.
ChromeDriver was started successfully.
Jun 21, 2022 10:44:48 AM org.openqa.selenium.remote.ProtocolHandshake createSession
INFO: Detected dialect: W3C
Jun 21, 2022 10:44:48 AM org.openqa.selenium.devtools.CdpVersionFinder findNearestMatch
WARNING: Unable to find an exact match for CDP version 102, so returning the closest version found: a no-op implementation
Jun 21, 2022 10:44:48 AM org.openqa.selenium.devtools.CdpVersionFinder findNearestMatch
INFO: Unable to find CDP implementation matching 102.
Jun 21, 2022 10:44:48 AM org.openqa.selenium.chromium.ChromiumDriver lambda$new$3
WARNING: Unable to find version of CDP to use for . You may need to include a dependency on a specific version of the CDP using something similar to `org.seleniumhq.selenium:selenium-devtools-v86:4.1.2` where the version ("v86") matches the version of the chromium-based browser you're using and the version number of the artifact is the same as Selenium's.
]]></system-err>
  </testcase>
  <testcase name="Create New Patient Scenario" classname="Patient" time="11.826">
    <system-out><![CDATA[10:45:01.590 [main] INFO io.cucumber.core.plugin.SerenityReporter - Running feature from file:///E:/My%20Documents/File%20Difa/TI%20Semester%206%20Kampus%20Merdeka%20Alterra/Tugas/CAPSTONE%20Project/Capstone-Project-Website/src/test/resources/features/2.Patient.feature
10:45:01.613 [main] DEBUG net.thucydides.core.steps.StepEventBus - Test suite started for story net.thucydides.core.model.Story@ccc708cc
10:45:01.621 [main] INFO  - Test Suite Started: Patient

@Patient @CreatePatient
Scenario: Create New Patient Scenario             &amp#27;[90m# src/test/resources/features/2.Patient.feature:9&amp#27;[0m
10:45:01.717 [main] INFO io.cucumber.core.plugin.SerenityReporter - Running feature from file:///E:/My%20Documents/File%20Difa/TI%20Semester%206%20Kampus%20Merdeka%20Alterra/Tugas/CAPSTONE%20Project/Capstone-Project-Website/src/test/resources/features/2.Patient.feature
10:45:01.719 [main] INFO  - 
  _____   ___   ___   _____     ___   _____     _     ___   _____   ___   ___  
 |_   _| | __| / __| |_   _|   / __| |_   _|   /_\   | _ \ |_   _| | __| |   \ 
   | |   | _|  \__ \   | |     \__ \   | |    / _ \  |   /   | |   | _|  | |) |
   |_|   |___| |___/   |_|     |___/   |_|   /_/ \_\ |_|_\   |_|   |___| |___/ 

Create New Patient Scenario(patient;create-new-patient-scenario)
--------------------------------------------------------------------------------
10:45:01.776 [main] DEBUG net.thucydides.core.steps.StepInterceptor - STARTING STEP: PatientSteps.iAmAtTheDashboardPage - openUrl
10:45:01.777 [main] INFO net.serenitybdd.core.webdriver.driverproviders.ChromeDriverProvider - Using automatically driver download
10:45:01.924 [main] DEBUG io.github.bonigarcia.wdm.cache.ResolutionCache - Resolution chrome=102 in cache (valid until 11:37:46 21/06/2022 ICT)
10:45:01.927 [main] DEBUG io.github.bonigarcia.wdm.cache.ResolutionCache - Resolution chrome102=102.0.5005.61 in cache (valid until 09:22:16 22/06/2022 ICT)
10:45:01.929 [main] INFO io.github.bonigarcia.wdm.WebDriverManager - Using chromedriver 102.0.5005.61 (resolved driver for Chrome 102)
10:45:01.938 [main] DEBUG io.github.bonigarcia.wdm.WebDriverManager - Driver chromedriver 102.0.5005.61 found in cache
10:45:01.939 [main] INFO io.github.bonigarcia.wdm.WebDriverManager - Exporting webdriver.chrome.driver as C:\Users\USER\.cache\selenium\chromedriver\win32\102.0.5005.61\chromedriver.exe
10:45:02.087 [main] DEBUG net.serenitybdd.core.webdriver.driverproviders.ProvideNewDriver - Instantiating driver
10:45:02.087 [main] DEBUG net.serenitybdd.core.webdriver.driverproviders.ProvideNewDriver - Driver capabilities: Capabilities {acceptInsecureCerts: false, base.url: https://hospital-management..., browserName: chrome, chrome.driver: src/test/resources/webdrive..., driver: chrome, goog:chromeOptions: {args: [], extensions: []}}
10:45:02.633 [AsyncHttpClient-1-6] DEBUG org.asynchttpclient.netty.channel.NettyConnectListener - Using new Channel '[id: 0x674faf91, L:/127.0.0.1:57547 - R:localhost/127.0.0.1:56332]' for 'POST' to '/session'
10:45:03.394 [AsyncHttpClient-1-6] DEBUG org.asynchttpclient.netty.handler.HttpHandler - 

Request DefaultHttpRequest(decodeResult: success, version: HTTP/1.1)
POST /session HTTP/1.1
User-Agent: selenium/4.1.2 (java windows)
Content-Length: 621
Content-Type: application/json; charset=utf-8
host: localhost:56332
accept: */*

Response DefaultHttpResponse(decodeResult: success, version: HTTP/1.1)
HTTP/1.1 200 OK
Content-Type: application/json; charset=utf-8
cache-control: no-cache
content-length: 788

10:45:03.394 [AsyncHttpClient-1-6] DEBUG org.asynchttpclient.netty.channel.ChannelManager - Adding key: http://localhost:56332 for channel [id: 0x674faf91, L:/127.0.0.1:57547 - R:localhost/127.0.0.1:56332]
10:45:03.405 [AsyncHttpClient-1-7] DEBUG org.asynchttpclient.netty.channel.NettyConnectListener - Using new Channel '[id: 0xe2a71513, L:/127.0.0.1:57553 - R:localhost/127.0.0.1:57548]' for 'GET' to '/json/version'
10:45:03.406 [AsyncHttpClient-1-7] DEBUG org.asynchttpclient.netty.handler.HttpHandler - 

Request DefaultFullHttpRequest(decodeResult: success, version: HTTP/1.1, content: EmptyByteBufBE)
GET /json/version HTTP/1.1
User-Agent: selenium/4.1.2 (java windows)
host: localhost:57548
accept: */*

Response DefaultHttpResponse(decodeResult: success, version: HTTP/1.1)
HTTP/1.1 200 OK
Content-Type: application/json; charset=UTF-8
content-length: 427

10:45:03.406 [AsyncHttpClient-1-7] DEBUG org.asynchttpclient.netty.channel.ChannelManager - Adding key: http://localhost:57548 for channel [id: 0xe2a71513, L:/127.0.0.1:57553 - R:localhost/127.0.0.1:57548]
10:45:03.409 [AsyncHttpClient-1-8] DEBUG org.asynchttpclient.netty.channel.NettyConnectListener - Using new Channel '[id: 0xed2aca94, L:/127.0.0.1:57554 - R:localhost/127.0.0.1:57548]' for 'GET' to '/devtools/browser/b762bb06-6894-4958-8410-093ac2f93353'
10:45:03.410 [AsyncHttpClient-1-8] DEBUG org.asynchttpclient.netty.handler.WebSocketHandler - 

Request DefaultFullHttpRequest(decodeResult: success, version: HTTP/1.1, content: EmptyByteBufBE)
GET /devtools/browser/b762bb06-6894-4958-8410-093ac2f93353 HTTP/1.1
upgrade: websocket
connection: upgrade
sec-websocket-key: JtgyUZoSeVYDbsxCngqTaQ==
sec-websocket-version: 13
origin: http://localhost:57548
host: localhost:57548
accept: */*
user-agent: AHC/2.1

Response DefaultHttpResponse(decodeResult: success, version: HTTP/1.1)
HTTP/1.1 101 WebSocket Protocol Handshake
Upgrade: WebSocket
Connection: Upgrade
Sec-WebSocket-Accept: E1k+uHjYWcRFRpEAlm1jSuvpB9A=

10:45:03.421 [Forwarding maximizeCurrentWindow on session 8cbf216b352cb470865ac80833d66359 to remote] DEBUG org.asynchttpclient.netty.request.NettyRequestSender - Using pooled Channel '[id: 0x674faf91, L:/127.0.0.1:57547 - R:localhost/127.0.0.1:56332]' for 'POST' to 'http://localhost:56332/session/8cbf216b352cb470865ac80833d66359/window/maximize'
10:45:03.421 [Forwarding maximizeCurrentWindow on session 8cbf216b352cb470865ac80833d66359 to remote] DEBUG org.asynchttpclient.netty.request.NettyRequestSender - Using open Channel [id: 0x674faf91, L:/127.0.0.1:57547 - R:localhost/127.0.0.1:56332] for POST '/session/8cbf216b352cb470865ac80833d66359/window/maximize'
10:45:03.465 [AsyncHttpClient-1-1] DEBUG org.asynchttpclient.netty.channel.DefaultChannelPool - Entry count for : http://localhost:57548 : 1
10:45:03.551 [AsyncHttpClient-1-6] DEBUG org.asynchttpclient.netty.handler.HttpHandler - 

Request DefaultHttpRequest(decodeResult: success, version: HTTP/1.1)
POST /session/8cbf216b352cb470865ac80833d66359/window/maximize HTTP/1.1
User-Agent: selenium/4.1.2 (java windows)
Content-Length: 3
Content-Type: application/json; charset=utf-8
host: localhost:56332
accept: */*

Response DefaultHttpResponse(decodeResult: success, version: HTTP/1.1)
HTTP/1.1 200 OK
Content-Type: application/json; charset=utf-8
cache-control: no-cache
content-length: 51

10:45:03.552 [AsyncHttpClient-1-6] DEBUG org.asynchttpclient.netty.channel.ChannelManager - Adding key: http://localhost:56332 for channel [id: 0x674faf91, L:/127.0.0.1:57547 - R:localhost/127.0.0.1:56332]
10:45:03.554 [Forwarding get on session 8cbf216b352cb470865ac80833d66359 to remote] DEBUG org.asynchttpclient.netty.request.NettyRequestSender - Using pooled Channel '[id: 0x674faf91, L:/127.0.0.1:57547 - R:localhost/127.0.0.1:56332]' for 'POST' to 'http://localhost:56332/session/8cbf216b352cb470865ac80833d66359/url'
10:45:03.554 [Forwarding get on session 8cbf216b352cb470865ac80833d66359 to remote] DEBUG org.asynchttpclient.netty.request.NettyRequestSender - Using open Channel [id: 0x674faf91, L:/127.0.0.1:57547 - R:localhost/127.0.0.1:56332] for POST '/session/8cbf216b352cb470865ac80833d66359/url'
10:45:04.564 [AsyncHttpClient-1-1] DEBUG org.asynchttpclient.netty.channel.DefaultChannelPool - Entry count for : http://localhost:57548 : 1
10:45:05.663 [AsyncHttpClient-1-1] DEBUG org.asynchttpclient.netty.channel.DefaultChannelPool - Entry count for : http://localhost:57548 : 1
10:45:06.468 [AsyncHttpClient-1-6] DEBUG org.asynchttpclient.netty.handler.HttpHandler - 

Request DefaultHttpRequest(decodeResult: success, version: HTTP/1.1)
POST /session/8cbf216b352cb470865ac80833d66359/url HTTP/1.1
User-Agent: selenium/4.1.2 (java windows)
Content-Length: 65
Content-Type: application/json; charset=utf-8
host: localhost:56332
accept: */*

Response DefaultHttpResponse(decodeResult: success, version: HTTP/1.1)
HTTP/1.1 200 OK
Content-Type: application/json; charset=utf-8
cache-control: no-cache
content-length: 14

10:45:06.468 [AsyncHttpClient-1-6] DEBUG org.asynchttpclient.netty.channel.ChannelManager - Adding key: http://localhost:56332 for channel [id: 0x674faf91, L:/127.0.0.1:57547 - R:localhost/127.0.0.1:56332]
10:45:06.471 [Forwarding setTimeout on session 8cbf216b352cb470865ac80833d66359 to remote] DEBUG org.asynchttpclient.netty.request.NettyRequestSender - Using pooled Channel '[id: 0x674faf91, L:/127.0.0.1:57547 - R:localhost/127.0.0.1:56332]' for 'POST' to 'http://localhost:56332/session/8cbf216b352cb470865ac80833d66359/timeouts'
10:45:06.471 [Forwarding setTimeout on session 8cbf216b352cb470865ac80833d66359 to remote] DEBUG org.asynchttpclient.netty.request.NettyRequestSender - Using open Channel [id: 0x674faf91, L:/127.0.0.1:57547 - R:localhost/127.0.0.1:56332] for POST '/session/8cbf216b352cb470865ac80833d66359/timeouts'
10:45:06.473 [AsyncHttpClient-1-6] DEBUG org.asynchttpclient.netty.handler.HttpHandler - 

Request DefaultHttpRequest(decodeResult: success, version: HTTP/1.1)
POST /session/8cbf216b352cb470865ac80833d66359/timeouts HTTP/1.1
User-Agent: selenium/4.1.2 (java windows)
Content-Length: 22
Content-Type: application/json; charset=utf-8
host: localhost:56332
accept: */*

Response DefaultHttpResponse(decodeResult: success, version: HTTP/1.1)
HTTP/1.1 200 OK
Content-Type: application/json; charset=utf-8
cache-control: no-cache
content-length: 14

10:45:06.473 [AsyncHttpClient-1-6] DEBUG org.asynchttpclient.netty.channel.ChannelManager - Adding key: http://localhost:56332 for channel [id: 0x674faf91, L:/127.0.0.1:57547 - R:localhost/127.0.0.1:56332]
10:45:06.481 [Forwarding getCurrentUrl on session 8cbf216b352cb470865ac80833d66359 to remote] DEBUG org.asynchttpclient.netty.request.NettyRequestSender - Using pooled Channel '[id: 0x674faf91, L:/127.0.0.1:57547 - R:localhost/127.0.0.1:56332]' for 'GET' to 'http://localhost:56332/session/8cbf216b352cb470865ac80833d66359/url'
10:45:06.481 [Forwarding getCurrentUrl on session 8cbf216b352cb470865ac80833d66359 to remote] DEBUG org.asynchttpclient.netty.request.NettyRequestSender - Using open Channel [id: 0x674faf91, L:/127.0.0.1:57547 - R:localhost/127.0.0.1:56332] for GET '/session/8cbf216b352cb470865ac80833d66359/url'
10:45:06.515 [AsyncHttpClient-1-6] DEBUG org.asynchttpclient.netty.handler.HttpHandler - 

Request DefaultFullHttpRequest(decodeResult: success, version: HTTP/1.1, content: EmptyByteBufBE)
GET /session/8cbf216b352cb470865ac80833d66359/url HTTP/1.1
User-Agent: selenium/4.1.2 (java windows)
Cache-Control: no-cache
Content-Type: application/json; charset=utf-8
host: localhost:56332
accept: */*

Response DefaultHttpResponse(decodeResult: success, version: HTTP/1.1)
HTTP/1.1 200 OK
Content-Type: application/json; charset=utf-8
cache-control: no-cache
content-length: 53

10:45:06.515 [AsyncHttpClient-1-6] DEBUG org.asynchttpclient.netty.channel.ChannelManager - Adding key: http://localhost:56332 for channel [id: 0x674faf91, L:/127.0.0.1:57547 - R:localhost/127.0.0.1:56332]
10:45:06.522 [Forwarding getCurrentUrl on session 8cbf216b352cb470865ac80833d66359 to remote] DEBUG org.asynchttpclient.netty.request.NettyRequestSender - Using pooled Channel '[id: 0x674faf91, L:/127.0.0.1:57547 - R:localhost/127.0.0.1:56332]' for 'GET' to 'http://localhost:56332/session/8cbf216b352cb470865ac80833d66359/url'
10:45:06.522 [Forwarding getCurrentUrl on session 8cbf216b352cb470865ac80833d66359 to remote] DEBUG org.asynchttpclient.netty.request.NettyRequestSender - Using open Channel [id: 0x674faf91, L:/127.0.0.1:57547 - R:localhost/127.0.0.1:56332] for GET '/session/8cbf216b352cb470865ac80833d66359/url'
10:45:06.527 [AsyncHttpClient-1-6] DEBUG org.asynchttpclient.netty.handler.HttpHandler - 

Request DefaultFullHttpRequest(decodeResult: success, version: HTTP/1.1, content: EmptyByteBufBE)
GET /session/8cbf216b352cb470865ac80833d66359/url HTTP/1.1
User-Agent: selenium/4.1.2 (java windows)
Cache-Control: no-cache
Content-Type: application/json; charset=utf-8
host: localhost:56332
accept: */*

Response DefaultHttpResponse(decodeResult: success, version: HTTP/1.1)
HTTP/1.1 200 OK
Content-Type: application/json; charset=utf-8
cache-control: no-cache
content-length: 53

10:45:06.528 [AsyncHttpClient-1-6] DEBUG org.asynchttpclient.netty.channel.ChannelManager - Adding key: http://localhost:56332 for channel [id: 0x674faf91, L:/127.0.0.1:57547 - R:localhost/127.0.0.1:56332]
10:45:06.540 [main] DEBUG net.serenitybdd.core.photography.Darkroom - Opening darkroom
10:45:06.540 [Darkroom Processing Line] DEBUG net.serenitybdd.core.photography.DarkroomProcessingLine - Darkroom processing line starting up
10:45:06.541 [Forwarding screenshot on session 8cbf216b352cb470865ac80833d66359 to remote] DEBUG org.asynchttpclient.netty.request.NettyRequestSender - Using pooled Channel '[id: 0x674faf91, L:/127.0.0.1:57547 - R:localhost/127.0.0.1:56332]' for 'GET' to 'http://localhost:56332/session/8cbf216b352cb470865ac80833d66359/screenshot'
10:45:06.541 [Forwarding screenshot on session 8cbf216b352cb470865ac80833d66359 to remote] DEBUG org.asynchttpclient.netty.request.NettyRequestSender - Using open Channel [id: 0x674faf91, L:/127.0.0.1:57547 - R:localhost/127.0.0.1:56332] for GET '/session/8cbf216b352cb470865ac80833d66359/screenshot'
10:45:06.764 [AsyncHttpClient-1-1] DEBUG org.asynchttpclient.netty.channel.DefaultChannelPool - Entry count for : http://localhost:57548 : 1
10:45:06.852 [AsyncHttpClient-1-6] DEBUG org.asynchttpclient.netty.handler.HttpHandler - 

Request DefaultFullHttpRequest(decodeResult: success, version: HTTP/1.1, content: EmptyByteBufBE)
GET /session/8cbf216b352cb470865ac80833d66359/screenshot HTTP/1.1
User-Agent: selenium/4.1.2 (java windows)
Cache-Control: no-cache
Content-Type: application/json; charset=utf-8
host: localhost:56332
accept: */*

Response DefaultHttpResponse(decodeResult: success, version: HTTP/1.1)
HTTP/1.1 200 OK
Content-Type: application/json; charset=utf-8
cache-control: no-cache
content-length: 220768

10:45:06.853 [AsyncHttpClient-1-6] DEBUG org.asynchttpclient.netty.channel.ChannelManager - Adding key: http://localhost:56332 for channel [id: 0x674faf91, L:/127.0.0.1:57547 - R:localhost/127.0.0.1:56332]
10:45:06.867 [main] DEBUG net.serenitybdd.core.photography.Darkroom - Send negative for processing for target\site\serenity\9ea73ae8d554c5265420b77800d2df1225dda94ba238a6dad2e0a95c2aef10c4.png
10:45:06.867 [main] DEBUG net.thucydides.core.steps.StepInterceptor - STEP DONE: openUrl
10:45:06.867 [Darkroom Processing Line] DEBUG net.serenitybdd.core.photography.DarkroomProcessingLine - Processing screenshot image in /var/screenshots/screenshot-5102919686500812319
10:45:06.867 [Darkroom Processing Line] DEBUG net.serenitybdd.core.photography.DarkroomProcessingLine - Saving screenshot to target\site\serenity\9ea73ae8d554c5265420b77800d2df1225dda94ba238a6dad2e0a95c2aef10c4.png
10:45:06.879 [main] DEBUG net.thucydides.core.steps.StepInterceptor - STARTING STEP: PatientSteps.iAmAtTheDashboardPage - validateOnDashboardPage
10:45:06.883 [Forwarding findElement on session 8cbf216b352cb470865ac80833d66359 to remote] DEBUG org.asynchttpclient.netty.request.NettyRequestSender - Using pooled Channel '[id: 0x674faf91, L:/127.0.0.1:57547 - R:localhost/127.0.0.1:56332]' for 'POST' to 'http://localhost:56332/session/8cbf216b352cb470865ac80833d66359/element'
10:45:06.883 [Forwarding findElement on session 8cbf216b352cb470865ac80833d66359 to remote] DEBUG org.asynchttpclient.netty.request.NettyRequestSender - Using open Channel [id: 0x674faf91, L:/127.0.0.1:57547 - R:localhost/127.0.0.1:56332] for POST '/session/8cbf216b352cb470865ac80833d66359/element'
10:45:06.902 [AsyncHttpClient-1-6] DEBUG org.asynchttpclient.netty.handler.HttpHandler - 

Request DefaultHttpRequest(decodeResult: success, version: HTTP/1.1)
POST /session/8cbf216b352cb470865ac80833d66359/element HTTP/1.1
User-Agent: selenium/4.1.2 (java windows)
Content-Length: 81
Content-Type: application/json; charset=utf-8
host: localhost:56332
accept: */*

Response DefaultHttpResponse(decodeResult: success, version: HTTP/1.1)
HTTP/1.1 200 OK
Content-Type: application/json; charset=utf-8
cache-control: no-cache
content-length: 88

10:45:06.902 [AsyncHttpClient-1-6] DEBUG org.asynchttpclient.netty.channel.ChannelManager - Adding key: http://localhost:56332 for channel [id: 0x674faf91, L:/127.0.0.1:57547 - R:localhost/127.0.0.1:56332]
10:45:06.907 [Forwarding isElementDisplayed on session 8cbf216b352cb470865ac80833d66359 to remote] DEBUG org.asynchttpclient.netty.request.NettyRequestSender - Using pooled Channel '[id: 0x674faf91, L:/127.0.0.1:57547 - R:localhost/127.0.0.1:56332]' for 'POST' to 'http://localhost:56332/session/8cbf216b352cb470865ac80833d66359/execute/sync'
10:45:06.907 [Forwarding isElementDisplayed on session 8cbf216b352cb470865ac80833d66359 to remote] DEBUG org.asynchttpclient.netty.request.NettyRequestSender - Using open Channel [id: 0x674faf91, L:/127.0.0.1:57547 - R:localhost/127.0.0.1:56332] for POST '/session/8cbf216b352cb470865ac80833d66359/execute/sync'
10:45:06.933 [AsyncHttpClient-1-6] DEBUG org.asynchttpclient.netty.handler.HttpHandler - 

Request DefaultHttpRequest(decodeResult: success, version: HTTP/1.1)
POST /session/8cbf216b352cb470865ac80833d66359/execute/sync HTTP/1.1
User-Agent: selenium/4.1.2 (java windows)
Content-Length: 48780
Content-Type: application/json; charset=utf-8
host: localhost:56332
accept: */*

Response DefaultHttpResponse(decodeResult: success, version: HTTP/1.1)
HTTP/1.1 200 OK
Content-Type: application/json; charset=utf-8
cache-control: no-cache
content-length: 14

10:45:06.933 [AsyncHttpClient-1-6] DEBUG org.asynchttpclient.netty.channel.ChannelManager - Adding key: http://localhost:56332 for channel [id: 0x674faf91, L:/127.0.0.1:57547 - R:localhost/127.0.0.1:56332]
10:45:06.940 [Forwarding screenshot on session 8cbf216b352cb470865ac80833d66359 to remote] DEBUG org.asynchttpclient.netty.request.NettyRequestSender - Using pooled Channel '[id: 0x674faf91, L:/127.0.0.1:57547 - R:localhost/127.0.0.1:56332]' for 'GET' to 'http://localhost:56332/session/8cbf216b352cb470865ac80833d66359/screenshot'
10:45:06.941 [Forwarding screenshot on session 8cbf216b352cb470865ac80833d66359 to remote] DEBUG org.asynchttpclient.netty.request.NettyRequestSender - Using open Channel [id: 0x674faf91, L:/127.0.0.1:57547 - R:localhost/127.0.0.1:56332] for GET '/session/8cbf216b352cb470865ac80833d66359/screenshot'
10:45:07.214 [AsyncHttpClient-1-6] DEBUG org.asynchttpclient.netty.handler.HttpHandler - 

Request DefaultFullHttpRequest(decodeResult: success, version: HTTP/1.1, content: EmptyByteBufBE)
GET /session/8cbf216b352cb470865ac80833d66359/screenshot HTTP/1.1
User-Agent: selenium/4.1.2 (java windows)
Cache-Control: no-cache
Content-Type: application/json; charset=utf-8
host: localhost:56332
accept: */*

Response DefaultHttpResponse(decodeResult: success, version: HTTP/1.1)
HTTP/1.1 200 OK
Content-Type: application/json; charset=utf-8
cache-control: no-cache
content-length: 220768

10:45:07.216 [AsyncHttpClient-1-6] DEBUG org.asynchttpclient.netty.channel.ChannelManager - Adding key: http://localhost:56332 for channel [id: 0x674faf91, L:/127.0.0.1:57547 - R:localhost/127.0.0.1:56332]
10:45:07.227 [main] DEBUG net.serenitybdd.core.photography.Darkroom - Send negative for processing for target\site\serenity\9ea73ae8d554c5265420b77800d2df1225dda94ba238a6dad2e0a95c2aef10c4.png
10:45:07.227 [main] DEBUG net.thucydides.core.steps.StepInterceptor - STEP DONE: validateOnDashboardPage
  &amp#27;[32mGiven &amp#27;[0m&amp#27;[32mI am at the dashboard page&amp#27;[0m                &amp#27;[90m# starter.stepdefinitions.PatientSteps.iAmAtTheDashboardPage()&amp#27;[0m
10:45:07.253 [main] DEBUG net.thucydides.core.steps.StepInterceptor - STARTING STEP: PatientSteps.iClickMenuPatient - clickMenuPatientButton
10:45:07.256 [Forwarding findElement on session 8cbf216b352cb470865ac80833d66359 to remote] DEBUG org.asynchttpclient.netty.request.NettyRequestSender - Using pooled Channel '[id: 0x674faf91, L:/127.0.0.1:57547 - R:localhost/127.0.0.1:56332]' for 'POST' to 'http://localhost:56332/session/8cbf216b352cb470865ac80833d66359/element'
10:45:07.256 [Forwarding findElement on session 8cbf216b352cb470865ac80833d66359 to remote] DEBUG org.asynchttpclient.netty.request.NettyRequestSender - Using open Channel [id: 0x674faf91, L:/127.0.0.1:57547 - R:localhost/127.0.0.1:56332] for POST '/session/8cbf216b352cb470865ac80833d66359/element'
10:45:07.272 [AsyncHttpClient-1-6] DEBUG org.asynchttpclient.netty.handler.HttpHandler - 

Request DefaultHttpRequest(decodeResult: success, version: HTTP/1.1)
POST /session/8cbf216b352cb470865ac80833d66359/element HTTP/1.1
User-Agent: selenium/4.1.2 (java windows)
Content-Length: 80
Content-Type: application/json; charset=utf-8
host: localhost:56332
accept: */*

Response DefaultHttpResponse(decodeResult: success, version: HTTP/1.1)
HTTP/1.1 200 OK
Content-Type: application/json; charset=utf-8
cache-control: no-cache
content-length: 88

10:45:07.273 [AsyncHttpClient-1-6] DEBUG org.asynchttpclient.netty.channel.ChannelManager - Adding key: http://localhost:56332 for channel [id: 0x674faf91, L:/127.0.0.1:57547 - R:localhost/127.0.0.1:56332]
10:45:07.274 [Forwarding getElementTagName on session 8cbf216b352cb470865ac80833d66359 to remote] DEBUG org.asynchttpclient.netty.request.NettyRequestSender - Using pooled Channel '[id: 0x674faf91, L:/127.0.0.1:57547 - R:localhost/127.0.0.1:56332]' for 'GET' to 'http://localhost:56332/session/8cbf216b352cb470865ac80833d66359/element/76c6df59-958f-44fc-b689-15183a12034c/name'
10:45:07.274 [Forwarding getElementTagName on session 8cbf216b352cb470865ac80833d66359 to remote] DEBUG org.asynchttpclient.netty.request.NettyRequestSender - Using open Channel [id: 0x674faf91, L:/127.0.0.1:57547 - R:localhost/127.0.0.1:56332] for GET '/session/8cbf216b352cb470865ac80833d66359/element/76c6df59-958f-44fc-b689-15183a12034c/name'
10:45:07.280 [AsyncHttpClient-1-6] DEBUG org.asynchttpclient.netty.handler.HttpHandler - 

Request DefaultFullHttpRequest(decodeResult: success, version: HTTP/1.1, content: EmptyByteBufBE)
GET /session/8cbf216b352cb470865ac80833d66359/element/76c6df59-958f-44fc-b689-15183a12034c/name HTTP/1.1
User-Agent: selenium/4.1.2 (java windows)
Cache-Control: no-cache
Content-Type: application/json; charset=utf-8
host: localhost:56332
accept: */*

Response DefaultHttpResponse(decodeResult: success, version: HTTP/1.1)
HTTP/1.1 200 OK
Content-Type: application/json; charset=utf-8
cache-control: no-cache
content-length: 15

10:45:07.280 [AsyncHttpClient-1-6] DEBUG org.asynchttpclient.netty.channel.ChannelManager - Adding key: http://localhost:56332 for channel [id: 0x674faf91, L:/127.0.0.1:57547 - R:localhost/127.0.0.1:56332]
10:45:07.282 [Forwarding getElementTagName on session 8cbf216b352cb470865ac80833d66359 to remote] DEBUG org.asynchttpclient.netty.request.NettyRequestSender - Using pooled Channel '[id: 0x674faf91, L:/127.0.0.1:57547 - R:localhost/127.0.0.1:56332]' for 'GET' to 'http://localhost:56332/session/8cbf216b352cb470865ac80833d66359/element/76c6df59-958f-44fc-b689-15183a12034c/name'
10:45:07.282 [Forwarding getElementTagName on session 8cbf216b352cb470865ac80833d66359 to remote] DEBUG org.asynchttpclient.netty.request.NettyRequestSender - Using open Channel [id: 0x674faf91, L:/127.0.0.1:57547 - R:localhost/127.0.0.1:56332] for GET '/session/8cbf216b352cb470865ac80833d66359/element/76c6df59-958f-44fc-b689-15183a12034c/name'
10:45:07.286 [AsyncHttpClient-1-6] DEBUG org.asynchttpclient.netty.handler.HttpHandler - 

Request DefaultFullHttpRequest(decodeResult: success, version: HTTP/1.1, content: EmptyByteBufBE)
GET /session/8cbf216b352cb470865ac80833d66359/element/76c6df59-958f-44fc-b689-15183a12034c/name HTTP/1.1
User-Agent: selenium/4.1.2 (java windows)
Cache-Control: no-cache
Content-Type: application/json; charset=utf-8
host: localhost:56332
accept: */*

Response DefaultHttpResponse(decodeResult: success, version: HTTP/1.1)
HTTP/1.1 200 OK
Content-Type: application/json; charset=utf-8
cache-control: no-cache
content-length: 15

10:45:07.286 [AsyncHttpClient-1-6] DEBUG org.asynchttpclient.netty.channel.ChannelManager - Adding key: http://localhost:56332 for channel [id: 0x674faf91, L:/127.0.0.1:57547 - R:localhost/127.0.0.1:56332]
10:45:07.289 [Forwarding findElement on session 8cbf216b352cb470865ac80833d66359 to remote] DEBUG org.asynchttpclient.netty.request.NettyRequestSender - Using pooled Channel '[id: 0x674faf91, L:/127.0.0.1:57547 - R:localhost/127.0.0.1:56332]' for 'POST' to 'http://localhost:56332/session/8cbf216b352cb470865ac80833d66359/element'
10:45:07.289 [Forwarding findElement on session 8cbf216b352cb470865ac80833d66359 to remote] DEBUG org.asynchttpclient.netty.request.NettyRequestSender - Using open Channel [id: 0x674faf91, L:/127.0.0.1:57547 - R:localhost/127.0.0.1:56332] for POST '/session/8cbf216b352cb470865ac80833d66359/element'
10:45:07.300 [AsyncHttpClient-1-6] DEBUG org.asynchttpclient.netty.handler.HttpHandler - 

Request DefaultHttpRequest(decodeResult: success, version: HTTP/1.1)
POST /session/8cbf216b352cb470865ac80833d66359/element HTTP/1.1
User-Agent: selenium/4.1.2 (java windows)
Content-Length: 80
Content-Type: application/json; charset=utf-8
host: localhost:56332
accept: */*

Response DefaultHttpResponse(decodeResult: success, version: HTTP/1.1)
HTTP/1.1 200 OK
Content-Type: application/json; charset=utf-8
cache-control: no-cache
content-length: 88

10:45:07.300 [AsyncHttpClient-1-6] DEBUG org.asynchttpclient.netty.channel.ChannelManager - Adding key: http://localhost:56332 for channel [id: 0x674faf91, L:/127.0.0.1:57547 - R:localhost/127.0.0.1:56332]
10:45:07.302 [Forwarding clickElement on session 8cbf216b352cb470865ac80833d66359 to remote] DEBUG org.asynchttpclient.netty.request.NettyRequestSender - Using pooled Channel '[id: 0x674faf91, L:/127.0.0.1:57547 - R:localhost/127.0.0.1:56332]' for 'POST' to 'http://localhost:56332/session/8cbf216b352cb470865ac80833d66359/element/76c6df59-958f-44fc-b689-15183a12034c/click'
10:45:07.302 [Forwarding clickElement on session 8cbf216b352cb470865ac80833d66359 to remote] DEBUG org.asynchttpclient.netty.request.NettyRequestSender - Using open Channel [id: 0x674faf91, L:/127.0.0.1:57547 - R:localhost/127.0.0.1:56332] for POST '/session/8cbf216b352cb470865ac80833d66359/element/76c6df59-958f-44fc-b689-15183a12034c/click'
10:45:07.485 [AsyncHttpClient-1-6] DEBUG org.asynchttpclient.netty.handler.HttpHandler - 

Request DefaultHttpRequest(decodeResult: success, version: HTTP/1.1)
POST /session/8cbf216b352cb470865ac80833d66359/element/76c6df59-958f-44fc-b689-15183a12034c/click HTTP/1.1
User-Agent: selenium/4.1.2 (java windows)
Content-Length: 50
Content-Type: application/json; charset=utf-8
host: localhost:56332
accept: */*

Response DefaultHttpResponse(decodeResult: success, version: HTTP/1.1)
HTTP/1.1 200 OK
Content-Type: application/json; charset=utf-8
cache-control: no-cache
content-length: 14

10:45:07.485 [AsyncHttpClient-1-6] DEBUG org.asynchttpclient.netty.channel.ChannelManager - Adding key: http://localhost:56332 for channel [id: 0x674faf91, L:/127.0.0.1:57547 - R:localhost/127.0.0.1:56332]
10:45:07.499 [Forwarding screenshot on session 8cbf216b352cb470865ac80833d66359 to remote] DEBUG org.asynchttpclient.netty.request.NettyRequestSender - Using pooled Channel '[id: 0x674faf91, L:/127.0.0.1:57547 - R:localhost/127.0.0.1:56332]' for 'GET' to 'http://localhost:56332/session/8cbf216b352cb470865ac80833d66359/screenshot'
10:45:07.499 [Forwarding screenshot on session 8cbf216b352cb470865ac80833d66359 to remote] DEBUG org.asynchttpclient.netty.request.NettyRequestSender - Using open Channel [id: 0x674faf91, L:/127.0.0.1:57547 - R:localhost/127.0.0.1:56332] for GET '/session/8cbf216b352cb470865ac80833d66359/screenshot'
10:45:07.622 [AsyncHttpClient-1-6] DEBUG org.asynchttpclient.netty.handler.HttpHandler - 

Request DefaultFullHttpRequest(decodeResult: success, version: HTTP/1.1, content: EmptyByteBufBE)
GET /session/8cbf216b352cb470865ac80833d66359/screenshot HTTP/1.1
User-Agent: selenium/4.1.2 (java windows)
Cache-Control: no-cache
Content-Type: application/json; charset=utf-8
host: localhost:56332
accept: */*

Response DefaultHttpResponse(decodeResult: success, version: HTTP/1.1)
HTTP/1.1 200 OK
Content-Type: application/json; charset=utf-8
cache-control: no-cache
content-length: 55356

10:45:07.623 [AsyncHttpClient-1-6] DEBUG org.asynchttpclient.netty.channel.ChannelManager - Adding key: http://localhost:56332 for channel [id: 0x674faf91, L:/127.0.0.1:57547 - R:localhost/127.0.0.1:56332]
10:45:07.627 [main] DEBUG net.serenitybdd.core.photography.Darkroom - Send negative for processing for target\site\serenity\ba5e98368b8b80bc67dec291e300f29f857b0a624580ce977aa7580a9f0871db.png
10:45:07.637 [main] DEBUG net.thucydides.core.steps.StepInterceptor - STEP DONE: clickMenuPatientButton
  &amp#27;[32mAnd &amp#27;[0m&amp#27;[32mI click menu patient&amp#27;[0m                        &amp#27;[90m# starter.stepdefinitions.PatientSteps.iClickMenuPatient()&amp#27;[0m
10:45:07.637 [Darkroom Processing Line] DEBUG net.serenitybdd.core.photography.DarkroomProcessingLine - Processing screenshot image in /var/screenshots/screenshot-7222369291386243333
10:45:07.638 [Darkroom Processing Line] DEBUG net.serenitybdd.core.photography.DarkroomProcessingLine - Saving screenshot to target\site\serenity\ba5e98368b8b80bc67dec291e300f29f857b0a624580ce977aa7580a9f0871db.png
10:45:07.668 [main] DEBUG net.thucydides.core.steps.StepInterceptor - STARTING STEP: PatientSteps.iClickAddNewPatient - clickAddNewPatientButton
10:45:07.674 [Forwarding findElement on session 8cbf216b352cb470865ac80833d66359 to remote] DEBUG org.asynchttpclient.netty.request.NettyRequestSender - Using pooled Channel '[id: 0x674faf91, L:/127.0.0.1:57547 - R:localhost/127.0.0.1:56332]' for 'POST' to 'http://localhost:56332/session/8cbf216b352cb470865ac80833d66359/element'
10:45:07.674 [Forwarding findElement on session 8cbf216b352cb470865ac80833d66359 to remote] DEBUG org.asynchttpclient.netty.request.NettyRequestSender - Using open Channel [id: 0x674faf91, L:/127.0.0.1:57547 - R:localhost/127.0.0.1:56332] for POST '/session/8cbf216b352cb470865ac80833d66359/element'
10:45:07.694 [AsyncHttpClient-1-6] DEBUG org.asynchttpclient.netty.handler.HttpHandler - 

Request DefaultHttpRequest(decodeResult: success, version: HTTP/1.1)
POST /session/8cbf216b352cb470865ac80833d66359/element HTTP/1.1
User-Agent: selenium/4.1.2 (java windows)
Content-Length: 149
Content-Type: application/json; charset=utf-8
host: localhost:56332
accept: */*

Response DefaultHttpResponse(decodeResult: success, version: HTTP/1.1)
HTTP/1.1 200 OK
Content-Type: application/json; charset=utf-8
cache-control: no-cache
content-length: 88

10:45:07.694 [AsyncHttpClient-1-6] DEBUG org.asynchttpclient.netty.channel.ChannelManager - Adding key: http://localhost:56332 for channel [id: 0x674faf91, L:/127.0.0.1:57547 - R:localhost/127.0.0.1:56332]
10:45:07.696 [Forwarding getElementTagName on session 8cbf216b352cb470865ac80833d66359 to remote] DEBUG org.asynchttpclient.netty.request.NettyRequestSender - Using pooled Channel '[id: 0x674faf91, L:/127.0.0.1:57547 - R:localhost/127.0.0.1:56332]' for 'GET' to 'http://localhost:56332/session/8cbf216b352cb470865ac80833d66359/element/3d249adf-bfbf-4365-82c4-9fec15385879/name'
10:45:07.696 [Forwarding getElementTagName on session 8cbf216b352cb470865ac80833d66359 to remote] DEBUG org.asynchttpclient.netty.request.NettyRequestSender - Using open Channel [id: 0x674faf91, L:/127.0.0.1:57547 - R:localhost/127.0.0.1:56332] for GET '/session/8cbf216b352cb470865ac80833d66359/element/3d249adf-bfbf-4365-82c4-9fec15385879/name'
10:45:07.717 [AsyncHttpClient-1-6] DEBUG org.asynchttpclient.netty.handler.HttpHandler - 

Request DefaultFullHttpRequest(decodeResult: success, version: HTTP/1.1, content: EmptyByteBufBE)
GET /session/8cbf216b352cb470865ac80833d66359/element/3d249adf-bfbf-4365-82c4-9fec15385879/name HTTP/1.1
User-Agent: selenium/4.1.2 (java windows)
Cache-Control: no-cache
Content-Type: application/json; charset=utf-8
host: localhost:56332
accept: */*

Response DefaultHttpResponse(decodeResult: success, version: HTTP/1.1)
HTTP/1.1 200 OK
Content-Type: application/json; charset=utf-8
cache-control: no-cache
content-length: 18

10:45:07.717 [AsyncHttpClient-1-6] DEBUG org.asynchttpclient.netty.channel.ChannelManager - Adding key: http://localhost:56332 for channel [id: 0x674faf91, L:/127.0.0.1:57547 - R:localhost/127.0.0.1:56332]
10:45:07.719 [Forwarding getElementTagName on session 8cbf216b352cb470865ac80833d66359 to remote] DEBUG org.asynchttpclient.netty.request.NettyRequestSender - Using pooled Channel '[id: 0x674faf91, L:/127.0.0.1:57547 - R:localhost/127.0.0.1:56332]' for 'GET' to 'http://localhost:56332/session/8cbf216b352cb470865ac80833d66359/element/3d249adf-bfbf-4365-82c4-9fec15385879/name'
10:45:07.720 [Forwarding getElementTagName on session 8cbf216b352cb470865ac80833d66359 to remote] DEBUG org.asynchttpclient.netty.request.NettyRequestSender - Using open Channel [id: 0x674faf91, L:/127.0.0.1:57547 - R:localhost/127.0.0.1:56332] for GET '/session/8cbf216b352cb470865ac80833d66359/element/3d249adf-bfbf-4365-82c4-9fec15385879/name'
10:45:07.725 [AsyncHttpClient-1-6] DEBUG org.asynchttpclient.netty.handler.HttpHandler - 

Request DefaultFullHttpRequest(decodeResult: success, version: HTTP/1.1, content: EmptyByteBufBE)
GET /session/8cbf216b352cb470865ac80833d66359/element/3d249adf-bfbf-4365-82c4-9fec15385879/name HTTP/1.1
User-Agent: selenium/4.1.2 (java windows)
Cache-Control: no-cache
Content-Type: application/json; charset=utf-8
host: localhost:56332
accept: */*

Response DefaultHttpResponse(decodeResult: success, version: HTTP/1.1)
HTTP/1.1 200 OK
Content-Type: application/json; charset=utf-8
cache-control: no-cache
content-length: 18

10:45:07.725 [AsyncHttpClient-1-6] DEBUG org.asynchttpclient.netty.channel.ChannelManager - Adding key: http://localhost:56332 for channel [id: 0x674faf91, L:/127.0.0.1:57547 - R:localhost/127.0.0.1:56332]
10:45:07.729 [Forwarding isElementEnabled on session 8cbf216b352cb470865ac80833d66359 to remote] DEBUG org.asynchttpclient.netty.request.NettyRequestSender - Using pooled Channel '[id: 0x674faf91, L:/127.0.0.1:57547 - R:localhost/127.0.0.1:56332]' for 'GET' to 'http://localhost:56332/session/8cbf216b352cb470865ac80833d66359/element/3d249adf-bfbf-4365-82c4-9fec15385879/enabled'
10:45:07.729 [Forwarding isElementEnabled on session 8cbf216b352cb470865ac80833d66359 to remote] DEBUG org.asynchttpclient.netty.request.NettyRequestSender - Using open Channel [id: 0x674faf91, L:/127.0.0.1:57547 - R:localhost/127.0.0.1:56332] for GET '/session/8cbf216b352cb470865ac80833d66359/element/3d249adf-bfbf-4365-82c4-9fec15385879/enabled'
10:45:07.744 [AsyncHttpClient-1-6] DEBUG org.asynchttpclient.netty.handler.HttpHandler - 

Request DefaultFullHttpRequest(decodeResult: success, version: HTTP/1.1, content: EmptyByteBufBE)
GET /session/8cbf216b352cb470865ac80833d66359/element/3d249adf-bfbf-4365-82c4-9fec15385879/enabled HTTP/1.1
User-Agent: selenium/4.1.2 (java windows)
Cache-Control: no-cache
Content-Type: application/json; charset=utf-8
host: localhost:56332
accept: */*

Response DefaultHttpResponse(decodeResult: success, version: HTTP/1.1)
HTTP/1.1 200 OK
Content-Type: application/json; charset=utf-8
cache-control: no-cache
content-length: 14

10:45:07.744 [AsyncHttpClient-1-6] DEBUG org.asynchttpclient.netty.channel.ChannelManager - Adding key: http://localhost:56332 for channel [id: 0x674faf91, L:/127.0.0.1:57547 - R:localhost/127.0.0.1:56332]
10:45:07.746 [Forwarding isElementEnabled on session 8cbf216b352cb470865ac80833d66359 to remote] DEBUG org.asynchttpclient.netty.request.NettyRequestSender - Using pooled Channel '[id: 0x674faf91, L:/127.0.0.1:57547 - R:localhost/127.0.0.1:56332]' for 'GET' to 'http://localhost:56332/session/8cbf216b352cb470865ac80833d66359/element/3d249adf-bfbf-4365-82c4-9fec15385879/enabled'
10:45:07.746 [Forwarding isElementEnabled on session 8cbf216b352cb470865ac80833d66359 to remote] DEBUG org.asynchttpclient.netty.request.NettyRequestSender - Using open Channel [id: 0x674faf91, L:/127.0.0.1:57547 - R:localhost/127.0.0.1:56332] for GET '/session/8cbf216b352cb470865ac80833d66359/element/3d249adf-bfbf-4365-82c4-9fec15385879/enabled'
10:45:07.755 [AsyncHttpClient-1-6] DEBUG org.asynchttpclient.netty.handler.HttpHandler - 

Request DefaultFullHttpRequest(decodeResult: success, version: HTTP/1.1, content: EmptyByteBufBE)
GET /session/8cbf216b352cb470865ac80833d66359/element/3d249adf-bfbf-4365-82c4-9fec15385879/enabled HTTP/1.1
User-Agent: selenium/4.1.2 (java windows)
Cache-Control: no-cache
Content-Type: application/json; charset=utf-8
host: localhost:56332
accept: */*

Response DefaultHttpResponse(decodeResult: success, version: HTTP/1.1)
HTTP/1.1 200 OK
Content-Type: application/json; charset=utf-8
cache-control: no-cache
content-length: 14

10:45:07.755 [AsyncHttpClient-1-6] DEBUG org.asynchttpclient.netty.channel.ChannelManager - Adding key: http://localhost:56332 for channel [id: 0x674faf91, L:/127.0.0.1:57547 - R:localhost/127.0.0.1:56332]
10:45:07.759 [Forwarding findElement on session 8cbf216b352cb470865ac80833d66359 to remote] DEBUG org.asynchttpclient.netty.request.NettyRequestSender - Using pooled Channel '[id: 0x674faf91, L:/127.0.0.1:57547 - R:localhost/127.0.0.1:56332]' for 'POST' to 'http://localhost:56332/session/8cbf216b352cb470865ac80833d66359/element'
10:45:07.759 [Forwarding findElement on session 8cbf216b352cb470865ac80833d66359 to remote] DEBUG org.asynchttpclient.netty.request.NettyRequestSender - Using open Channel [id: 0x674faf91, L:/127.0.0.1:57547 - R:localhost/127.0.0.1:56332] for POST '/session/8cbf216b352cb470865ac80833d66359/element'
10:45:07.770 [AsyncHttpClient-1-6] DEBUG org.asynchttpclient.netty.handler.HttpHandler - 

Request DefaultHttpRequest(decodeResult: success, version: HTTP/1.1)
POST /session/8cbf216b352cb470865ac80833d66359/element HTTP/1.1
User-Agent: selenium/4.1.2 (java windows)
Content-Length: 149
Content-Type: application/json; charset=utf-8
host: localhost:56332
accept: */*

Response DefaultHttpResponse(decodeResult: success, version: HTTP/1.1)
HTTP/1.1 200 OK
Content-Type: application/json; charset=utf-8
cache-control: no-cache
content-length: 88

10:45:07.770 [AsyncHttpClient-1-6] DEBUG org.asynchttpclient.netty.channel.ChannelManager - Adding key: http://localhost:56332 for channel [id: 0x674faf91, L:/127.0.0.1:57547 - R:localhost/127.0.0.1:56332]
10:45:07.772 [Forwarding clickElement on session 8cbf216b352cb470865ac80833d66359 to remote] DEBUG org.asynchttpclient.netty.request.NettyRequestSender - Using pooled Channel '[id: 0x674faf91, L:/127.0.0.1:57547 - R:localhost/127.0.0.1:56332]' for 'POST' to 'http://localhost:56332/session/8cbf216b352cb470865ac80833d66359/element/3d249adf-bfbf-4365-82c4-9fec15385879/click'
10:45:07.772 [Forwarding clickElement on session 8cbf216b352cb470865ac80833d66359 to remote] DEBUG org.asynchttpclient.netty.request.NettyRequestSender - Using open Channel [id: 0x674faf91, L:/127.0.0.1:57547 - R:localhost/127.0.0.1:56332] for POST '/session/8cbf216b352cb470865ac80833d66359/element/3d249adf-bfbf-4365-82c4-9fec15385879/click'
10:45:07.867 [AsyncHttpClient-1-1] DEBUG org.asynchttpclient.netty.channel.DefaultChannelPool - Entry count for : http://localhost:57548 : 1
10:45:08.022 [AsyncHttpClient-1-6] DEBUG org.asynchttpclient.netty.handler.HttpHandler - 

Request DefaultHttpRequest(decodeResult: success, version: HTTP/1.1)
POST /session/8cbf216b352cb470865ac80833d66359/element/3d249adf-bfbf-4365-82c4-9fec15385879/click HTTP/1.1
User-Agent: selenium/4.1.2 (java windows)
Content-Length: 50
Content-Type: application/json; charset=utf-8
host: localhost:56332
accept: */*

Response DefaultHttpResponse(decodeResult: success, version: HTTP/1.1)
HTTP/1.1 200 OK
Content-Type: application/json; charset=utf-8
cache-control: no-cache
content-length: 14

10:45:08.023 [AsyncHttpClient-1-6] DEBUG org.asynchttpclient.netty.channel.ChannelManager - Adding key: http://localhost:56332 for channel [id: 0x674faf91, L:/127.0.0.1:57547 - R:localhost/127.0.0.1:56332]
10:45:08.035 [Forwarding screenshot on session 8cbf216b352cb470865ac80833d66359 to remote] DEBUG org.asynchttpclient.netty.request.NettyRequestSender - Using pooled Channel '[id: 0x674faf91, L:/127.0.0.1:57547 - R:localhost/127.0.0.1:56332]' for 'GET' to 'http://localhost:56332/session/8cbf216b352cb470865ac80833d66359/screenshot'
10:45:08.035 [Forwarding screenshot on session 8cbf216b352cb470865ac80833d66359 to remote] DEBUG org.asynchttpclient.netty.request.NettyRequestSender - Using open Channel [id: 0x674faf91, L:/127.0.0.1:57547 - R:localhost/127.0.0.1:56332] for GET '/session/8cbf216b352cb470865ac80833d66359/screenshot'
10:45:08.240 [AsyncHttpClient-1-6] DEBUG org.asynchttpclient.netty.handler.HttpHandler - 

Request DefaultFullHttpRequest(decodeResult: success, version: HTTP/1.1, content: EmptyByteBufBE)
GET /session/8cbf216b352cb470865ac80833d66359/screenshot HTTP/1.1
User-Agent: selenium/4.1.2 (java windows)
Cache-Control: no-cache
Content-Type: application/json; charset=utf-8
host: localhost:56332
accept: */*

Response DefaultHttpResponse(decodeResult: success, version: HTTP/1.1)
HTTP/1.1 200 OK
Content-Type: application/json; charset=utf-8
cache-control: no-cache
content-length: 79860

10:45:08.241 [AsyncHttpClient-1-6] DEBUG org.asynchttpclient.netty.channel.ChannelManager - Adding key: http://localhost:56332 for channel [id: 0x674faf91, L:/127.0.0.1:57547 - R:localhost/127.0.0.1:56332]
10:45:08.248 [main] DEBUG net.serenitybdd.core.photography.Darkroom - Send negative for processing for target\site\serenity\e2c861132dae6a19e4e78842a1b317bad9eadf272cdd5b071336f704eece79bf.png
10:45:08.249 [main] DEBUG net.thucydides.core.steps.StepInterceptor - STEP DONE: clickAddNewPatientButton
10:45:08.249 [Darkroom Processing Line] DEBUG net.serenitybdd.core.photography.DarkroomProcessingLine - Processing screenshot image in /var/screenshots/screenshot-18072081579576997903
  &amp#27;[32mWhen &amp#27;[0m&amp#27;[32mI click Add New Patient&amp#27;[0m                    &amp#27;[90m# starter.stepdefinitions.PatientSteps.iClickAddNewPatient()&amp#27;[0m
10:45:08.249 [Darkroom Processing Line] DEBUG net.serenitybdd.core.photography.DarkroomProcessingLine - Saving screenshot to target\site\serenity\e2c861132dae6a19e4e78842a1b317bad9eadf272cdd5b071336f704eece79bf.png
10:45:08.294 [main] DEBUG net.thucydides.core.steps.StepInterceptor - STARTING STEP: PatientSteps.iInputValidDataPatientAndClickSubmit - inputName
10:45:08.300 [Forwarding findElement on session 8cbf216b352cb470865ac80833d66359 to remote] DEBUG org.asynchttpclient.netty.request.NettyRequestSender - Using pooled Channel '[id: 0x674faf91, L:/127.0.0.1:57547 - R:localhost/127.0.0.1:56332]' for 'POST' to 'http://localhost:56332/session/8cbf216b352cb470865ac80833d66359/element'
10:45:08.300 [Forwarding findElement on session 8cbf216b352cb470865ac80833d66359 to remote] DEBUG org.asynchttpclient.netty.request.NettyRequestSender - Using open Channel [id: 0x674faf91, L:/127.0.0.1:57547 - R:localhost/127.0.0.1:56332] for POST '/session/8cbf216b352cb470865ac80833d66359/element'
10:45:08.324 [AsyncHttpClient-1-6] DEBUG org.asynchttpclient.netty.handler.HttpHandler - 

Request DefaultHttpRequest(decodeResult: success, version: HTTP/1.1)
POST /session/8cbf216b352cb470865ac80833d66359/element HTTP/1.1
User-Agent: selenium/4.1.2 (java windows)
Content-Length: 139
Content-Type: application/json; charset=utf-8
host: localhost:56332
accept: */*

Response DefaultHttpResponse(decodeResult: success, version: HTTP/1.1)
HTTP/1.1 200 OK
Content-Type: application/json; charset=utf-8
cache-control: no-cache
content-length: 88

10:45:08.324 [AsyncHttpClient-1-6] DEBUG org.asynchttpclient.netty.channel.ChannelManager - Adding key: http://localhost:56332 for channel [id: 0x674faf91, L:/127.0.0.1:57547 - R:localhost/127.0.0.1:56332]
10:45:08.327 [Forwarding clearElement on session 8cbf216b352cb470865ac80833d66359 to remote] DEBUG org.asynchttpclient.netty.request.NettyRequestSender - Using pooled Channel '[id: 0x674faf91, L:/127.0.0.1:57547 - R:localhost/127.0.0.1:56332]' for 'POST' to 'http://localhost:56332/session/8cbf216b352cb470865ac80833d66359/element/4de15a6c-c933-44e4-ae18-55cd8eaebf2f/clear'
10:45:08.327 [Forwarding clearElement on session 8cbf216b352cb470865ac80833d66359 to remote] DEBUG org.asynchttpclient.netty.request.NettyRequestSender - Using open Channel [id: 0x674faf91, L:/127.0.0.1:57547 - R:localhost/127.0.0.1:56332] for POST '/session/8cbf216b352cb470865ac80833d66359/element/4de15a6c-c933-44e4-ae18-55cd8eaebf2f/clear'
10:45:08.434 [AsyncHttpClient-1-6] DEBUG org.asynchttpclient.netty.handler.HttpHandler - 

Request DefaultHttpRequest(decodeResult: success, version: HTTP/1.1)
POST /session/8cbf216b352cb470865ac80833d66359/element/4de15a6c-c933-44e4-ae18-55cd8eaebf2f/clear HTTP/1.1
User-Agent: selenium/4.1.2 (java windows)
Content-Length: 50
Content-Type: application/json; charset=utf-8
host: localhost:56332
accept: */*

Response DefaultHttpResponse(decodeResult: success, version: HTTP/1.1)
HTTP/1.1 200 OK
Content-Type: application/json; charset=utf-8
cache-control: no-cache
content-length: 14

10:45:08.435 [AsyncHttpClient-1-6] DEBUG org.asynchttpclient.netty.channel.ChannelManager - Adding key: http://localhost:56332 for channel [id: 0x674faf91, L:/127.0.0.1:57547 - R:localhost/127.0.0.1:56332]
10:45:08.440 [Forwarding sendKeysToElement on session 8cbf216b352cb470865ac80833d66359 to remote] DEBUG org.asynchttpclient.netty.request.NettyRequestSender - Using pooled Channel '[id: 0x674faf91, L:/127.0.0.1:57547 - R:localhost/127.0.0.1:56332]' for 'POST' to 'http://localhost:56332/session/8cbf216b352cb470865ac80833d66359/element/4de15a6c-c933-44e4-ae18-55cd8eaebf2f/value'
10:45:08.440 [Forwarding sendKeysToElement on session 8cbf216b352cb470865ac80833d66359 to remote] DEBUG org.asynchttpclient.netty.request.NettyRequestSender - Using open Channel [id: 0x674faf91, L:/127.0.0.1:57547 - R:localhost/127.0.0.1:56332] for POST '/session/8cbf216b352cb470865ac80833d66359/element/4de15a6c-c933-44e4-ae18-55cd8eaebf2f/value'
10:45:08.864 [AsyncHttpClient-1-6] DEBUG org.asynchttpclient.netty.handler.HttpHandler - 

Request DefaultHttpRequest(decodeResult: success, version: HTTP/1.1)
POST /session/8cbf216b352cb470865ac80833d66359/element/4de15a6c-c933-44e4-ae18-55cd8eaebf2f/value HTTP/1.1
User-Agent: selenium/4.1.2 (java windows)
Content-Length: 101
Content-Type: application/json; charset=utf-8
host: localhost:56332
accept: */*

Response DefaultHttpResponse(decodeResult: success, version: HTTP/1.1)
HTTP/1.1 200 OK
Content-Type: application/json; charset=utf-8
cache-control: no-cache
content-length: 14

10:45:08.864 [AsyncHttpClient-1-6] DEBUG org.asynchttpclient.netty.channel.ChannelManager - Adding key: http://localhost:56332 for channel [id: 0x674faf91, L:/127.0.0.1:57547 - R:localhost/127.0.0.1:56332]
10:45:08.876 [Forwarding screenshot on session 8cbf216b352cb470865ac80833d66359 to remote] DEBUG org.asynchttpclient.netty.request.NettyRequestSender - Using pooled Channel '[id: 0x674faf91, L:/127.0.0.1:57547 - R:localhost/127.0.0.1:56332]' for 'GET' to 'http://localhost:56332/session/8cbf216b352cb470865ac80833d66359/screenshot'
10:45:08.876 [Forwarding screenshot on session 8cbf216b352cb470865ac80833d66359 to remote] DEBUG org.asynchttpclient.netty.request.NettyRequestSender - Using open Channel [id: 0x674faf91, L:/127.0.0.1:57547 - R:localhost/127.0.0.1:56332] for GET '/session/8cbf216b352cb470865ac80833d66359/screenshot'
10:45:08.967 [AsyncHttpClient-1-1] DEBUG org.asynchttpclient.netty.channel.DefaultChannelPool - Entry count for : http://localhost:57548 : 1
10:45:08.999 [AsyncHttpClient-1-6] DEBUG org.asynchttpclient.netty.handler.HttpHandler - 

Request DefaultFullHttpRequest(decodeResult: success, version: HTTP/1.1, content: EmptyByteBufBE)
GET /session/8cbf216b352cb470865ac80833d66359/screenshot HTTP/1.1
User-Agent: selenium/4.1.2 (java windows)
Cache-Control: no-cache
Content-Type: application/json; charset=utf-8
host: localhost:56332
accept: */*

Response DefaultHttpResponse(decodeResult: success, version: HTTP/1.1)
HTTP/1.1 200 OK
Content-Type: application/json; charset=utf-8
cache-control: no-cache
content-length: 75556

10:45:08.999 [AsyncHttpClient-1-6] DEBUG org.asynchttpclient.netty.channel.ChannelManager - Adding key: http://localhost:56332 for channel [id: 0x674faf91, L:/127.0.0.1:57547 - R:localhost/127.0.0.1:56332]
10:45:09.003 [main] DEBUG net.serenitybdd.core.photography.Darkroom - Send negative for processing for target\site\serenity\8a5e8159277c061768deb4e79a63b2972f822f632ebfb0227767367c1c9efe42.png
10:45:09.004 [main] DEBUG net.thucydides.core.steps.StepInterceptor - STEP DONE: inputName
10:45:09.004 [Darkroom Processing Line] DEBUG net.serenitybdd.core.photography.DarkroomProcessingLine - Processing screenshot image in /var/screenshots/screenshot-13055994068081352661
10:45:09.004 [Darkroom Processing Line] DEBUG net.serenitybdd.core.photography.DarkroomProcessingLine - Saving screenshot to target\site\serenity\8a5e8159277c061768deb4e79a63b2972f822f632ebfb0227767367c1c9efe42.png
10:45:09.010 [main] DEBUG net.thucydides.core.steps.StepInterceptor - STARTING STEP: PatientSteps.iInputValidDataPatientAndClickSubmit - inputDateOfBirth
10:45:09.013 [Forwarding findElement on session 8cbf216b352cb470865ac80833d66359 to remote] DEBUG org.asynchttpclient.netty.request.NettyRequestSender - Using pooled Channel '[id: 0x674faf91, L:/127.0.0.1:57547 - R:localhost/127.0.0.1:56332]' for 'POST' to 'http://localhost:56332/session/8cbf216b352cb470865ac80833d66359/element'
10:45:09.013 [Forwarding findElement on session 8cbf216b352cb470865ac80833d66359 to remote] DEBUG org.asynchttpclient.netty.request.NettyRequestSender - Using open Channel [id: 0x674faf91, L:/127.0.0.1:57547 - R:localhost/127.0.0.1:56332] for POST '/session/8cbf216b352cb470865ac80833d66359/element'
10:45:09.027 [AsyncHttpClient-1-6] DEBUG org.asynchttpclient.netty.handler.HttpHandler - 

Request DefaultHttpRequest(decodeResult: success, version: HTTP/1.1)
POST /session/8cbf216b352cb470865ac80833d66359/element HTTP/1.1
User-Agent: selenium/4.1.2 (java windows)
Content-Length: 139
Content-Type: application/json; charset=utf-8
host: localhost:56332
accept: */*

Response DefaultHttpResponse(decodeResult: success, version: HTTP/1.1)
HTTP/1.1 200 OK
Content-Type: application/json; charset=utf-8
cache-control: no-cache
content-length: 88

10:45:09.081 [AsyncHttpClient-1-6] DEBUG org.asynchttpclient.netty.channel.ChannelManager - Adding key: http://localhost:56332 for channel [id: 0x674faf91, L:/127.0.0.1:57547 - R:localhost/127.0.0.1:56332]
10:45:09.082 [Forwarding clearElement on session 8cbf216b352cb470865ac80833d66359 to remote] DEBUG org.asynchttpclient.netty.request.NettyRequestSender - Using pooled Channel '[id: 0x674faf91, L:/127.0.0.1:57547 - R:localhost/127.0.0.1:56332]' for 'POST' to 'http://localhost:56332/session/8cbf216b352cb470865ac80833d66359/element/46c25857-7d7c-44ec-977e-95537757ce4a/clear'
10:45:09.083 [Forwarding clearElement on session 8cbf216b352cb470865ac80833d66359 to remote] DEBUG org.asynchttpclient.netty.request.NettyRequestSender - Using open Channel [id: 0x674faf91, L:/127.0.0.1:57547 - R:localhost/127.0.0.1:56332] for POST '/session/8cbf216b352cb470865ac80833d66359/element/46c25857-7d7c-44ec-977e-95537757ce4a/clear'
10:45:09.123 [AsyncHttpClient-1-6] DEBUG org.asynchttpclient.netty.handler.HttpHandler - 

Request DefaultHttpRequest(decodeResult: success, version: HTTP/1.1)
POST /session/8cbf216b352cb470865ac80833d66359/element/46c25857-7d7c-44ec-977e-95537757ce4a/clear HTTP/1.1
User-Agent: selenium/4.1.2 (java windows)
Content-Length: 50
Content-Type: application/json; charset=utf-8
host: localhost:56332
accept: */*

Response DefaultHttpResponse(decodeResult: success, version: HTTP/1.1)
HTTP/1.1 200 OK
Content-Type: application/json; charset=utf-8
cache-control: no-cache
content-length: 14

10:45:09.123 [AsyncHttpClient-1-6] DEBUG org.asynchttpclient.netty.channel.ChannelManager - Adding key: http://localhost:56332 for channel [id: 0x674faf91, L:/127.0.0.1:57547 - R:localhost/127.0.0.1:56332]
10:45:09.125 [Forwarding sendKeysToElement on session 8cbf216b352cb470865ac80833d66359 to remote] DEBUG org.asynchttpclient.netty.request.NettyRequestSender - Using pooled Channel '[id: 0x674faf91, L:/127.0.0.1:57547 - R:localhost/127.0.0.1:56332]' for 'POST' to 'http://localhost:56332/session/8cbf216b352cb470865ac80833d66359/element/46c25857-7d7c-44ec-977e-95537757ce4a/value'
10:45:09.125 [Forwarding sendKeysToElement on session 8cbf216b352cb470865ac80833d66359 to remote] DEBUG org.asynchttpclient.netty.request.NettyRequestSender - Using open Channel [id: 0x674faf91, L:/127.0.0.1:57547 - R:localhost/127.0.0.1:56332] for POST '/session/8cbf216b352cb470865ac80833d66359/element/46c25857-7d7c-44ec-977e-95537757ce4a/value'
10:45:09.266 [AsyncHttpClient-1-6] DEBUG org.asynchttpclient.netty.handler.HttpHandler - 

Request DefaultHttpRequest(decodeResult: success, version: HTTP/1.1)
POST /session/8cbf216b352cb470865ac80833d66359/element/46c25857-7d7c-44ec-977e-95537757ce4a/value HTTP/1.1
User-Agent: selenium/4.1.2 (java windows)
Content-Length: 161
Content-Type: application/json; charset=utf-8
host: localhost:56332
accept: */*

Response DefaultHttpResponse(decodeResult: success, version: HTTP/1.1)
HTTP/1.1 200 OK
Content-Type: application/json; charset=utf-8
cache-control: no-cache
content-length: 14

10:45:09.266 [AsyncHttpClient-1-6] DEBUG org.asynchttpclient.netty.channel.ChannelManager - Adding key: http://localhost:56332 for channel [id: 0x674faf91, L:/127.0.0.1:57547 - R:localhost/127.0.0.1:56332]
10:45:09.274 [Forwarding screenshot on session 8cbf216b352cb470865ac80833d66359 to remote] DEBUG org.asynchttpclient.netty.request.NettyRequestSender - Using pooled Channel '[id: 0x674faf91, L:/127.0.0.1:57547 - R:localhost/127.0.0.1:56332]' for 'GET' to 'http://localhost:56332/session/8cbf216b352cb470865ac80833d66359/screenshot'
10:45:09.274 [Forwarding screenshot on session 8cbf216b352cb470865ac80833d66359 to remote] DEBUG org.asynchttpclient.netty.request.NettyRequestSender - Using open Channel [id: 0x674faf91, L:/127.0.0.1:57547 - R:localhost/127.0.0.1:56332] for GET '/session/8cbf216b352cb470865ac80833d66359/screenshot'
10:45:09.394 [AsyncHttpClient-1-6] DEBUG org.asynchttpclient.netty.handler.HttpHandler - 

Request DefaultFullHttpRequest(decodeResult: success, version: HTTP/1.1, content: EmptyByteBufBE)
GET /session/8cbf216b352cb470865ac80833d66359/screenshot HTTP/1.1
User-Agent: selenium/4.1.2 (java windows)
Cache-Control: no-cache
Content-Type: application/json; charset=utf-8
host: localhost:56332
accept: */*

Response DefaultHttpResponse(decodeResult: success, version: HTTP/1.1)
HTTP/1.1 200 OK
Content-Type: application/json; charset=utf-8
cache-control: no-cache
content-length: 80428

10:45:09.394 [AsyncHttpClient-1-6] DEBUG org.asynchttpclient.netty.channel.ChannelManager - Adding key: http://localhost:56332 for channel [id: 0x674faf91, L:/127.0.0.1:57547 - R:localhost/127.0.0.1:56332]
10:45:09.398 [main] DEBUG net.serenitybdd.core.photography.Darkroom - Send negative for processing for target\site\serenity\5c9ac3c800561d88b82514112de853d1bf84d6833f72f6cf144d022bee2ca076.png
10:45:09.399 [main] DEBUG net.thucydides.core.steps.StepInterceptor - STEP DONE: inputDateOfBirth
10:45:09.399 [Darkroom Processing Line] DEBUG net.serenitybdd.core.photography.DarkroomProcessingLine - Processing screenshot image in /var/screenshots/screenshot-14243440573271376326
10:45:09.399 [Darkroom Processing Line] DEBUG net.serenitybdd.core.photography.DarkroomProcessingLine - Saving screenshot to target\site\serenity\5c9ac3c800561d88b82514112de853d1bf84d6833f72f6cf144d022bee2ca076.png
10:45:09.407 [main] DEBUG net.thucydides.core.steps.StepInterceptor - STARTING STEP: PatientSteps.iInputValidDataPatientAndClickSubmit - clickGenderType
10:45:09.412 [Forwarding findElement on session 8cbf216b352cb470865ac80833d66359 to remote] DEBUG org.asynchttpclient.netty.request.NettyRequestSender - Using pooled Channel '[id: 0x674faf91, L:/127.0.0.1:57547 - R:localhost/127.0.0.1:56332]' for 'POST' to 'http://localhost:56332/session/8cbf216b352cb470865ac80833d66359/element'
10:45:09.412 [Forwarding findElement on session 8cbf216b352cb470865ac80833d66359 to remote] DEBUG org.asynchttpclient.netty.request.NettyRequestSender - Using open Channel [id: 0x674faf91, L:/127.0.0.1:57547 - R:localhost/127.0.0.1:56332] for POST '/session/8cbf216b352cb470865ac80833d66359/element'
10:45:09.428 [AsyncHttpClient-1-6] DEBUG org.asynchttpclient.netty.handler.HttpHandler - 

Request DefaultHttpRequest(decodeResult: success, version: HTTP/1.1)
POST /session/8cbf216b352cb470865ac80833d66359/element HTTP/1.1
User-Agent: selenium/4.1.2 (java windows)
Content-Length: 154
Content-Type: application/json; charset=utf-8
host: localhost:56332
accept: */*

Response DefaultHttpResponse(decodeResult: success, version: HTTP/1.1)
HTTP/1.1 200 OK
Content-Type: application/json; charset=utf-8
cache-control: no-cache
content-length: 88

10:45:09.428 [AsyncHttpClient-1-6] DEBUG org.asynchttpclient.netty.channel.ChannelManager - Adding key: http://localhost:56332 for channel [id: 0x674faf91, L:/127.0.0.1:57547 - R:localhost/127.0.0.1:56332]
10:45:09.430 [Forwarding getElementTagName on session 8cbf216b352cb470865ac80833d66359 to remote] DEBUG org.asynchttpclient.netty.request.NettyRequestSender - Using pooled Channel '[id: 0x674faf91, L:/127.0.0.1:57547 - R:localhost/127.0.0.1:56332]' for 'GET' to 'http://localhost:56332/session/8cbf216b352cb470865ac80833d66359/element/75911a85-3ad8-43ba-afe3-f188ce76d838/name'
10:45:09.430 [Forwarding getElementTagName on session 8cbf216b352cb470865ac80833d66359 to remote] DEBUG org.asynchttpclient.netty.request.NettyRequestSender - Using open Channel [id: 0x674faf91, L:/127.0.0.1:57547 - R:localhost/127.0.0.1:56332] for GET '/session/8cbf216b352cb470865ac80833d66359/element/75911a85-3ad8-43ba-afe3-f188ce76d838/name'
10:45:09.436 [AsyncHttpClient-1-6] DEBUG org.asynchttpclient.netty.handler.HttpHandler - 

Request DefaultFullHttpRequest(decodeResult: success, version: HTTP/1.1, content: EmptyByteBufBE)
GET /session/8cbf216b352cb470865ac80833d66359/element/75911a85-3ad8-43ba-afe3-f188ce76d838/name HTTP/1.1
User-Agent: selenium/4.1.2 (java windows)
Cache-Control: no-cache
Content-Type: application/json; charset=utf-8
host: localhost:56332
accept: */*

Response DefaultHttpResponse(decodeResult: success, version: HTTP/1.1)
HTTP/1.1 200 OK
Content-Type: application/json; charset=utf-8
cache-control: no-cache
content-length: 17

10:45:09.436 [AsyncHttpClient-1-6] DEBUG org.asynchttpclient.netty.channel.ChannelManager - Adding key: http://localhost:56332 for channel [id: 0x674faf91, L:/127.0.0.1:57547 - R:localhost/127.0.0.1:56332]
10:45:09.437 [Forwarding getElementTagName on session 8cbf216b352cb470865ac80833d66359 to remote] DEBUG org.asynchttpclient.netty.request.NettyRequestSender - Using pooled Channel '[id: 0x674faf91, L:/127.0.0.1:57547 - R:localhost/127.0.0.1:56332]' for 'GET' to 'http://localhost:56332/session/8cbf216b352cb470865ac80833d66359/element/75911a85-3ad8-43ba-afe3-f188ce76d838/name'
10:45:09.437 [Forwarding getElementTagName on session 8cbf216b352cb470865ac80833d66359 to remote] DEBUG org.asynchttpclient.netty.request.NettyRequestSender - Using open Channel [id: 0x674faf91, L:/127.0.0.1:57547 - R:localhost/127.0.0.1:56332] for GET '/session/8cbf216b352cb470865ac80833d66359/element/75911a85-3ad8-43ba-afe3-f188ce76d838/name'
10:45:09.442 [AsyncHttpClient-1-6] DEBUG org.asynchttpclient.netty.handler.HttpHandler - 

Request DefaultFullHttpRequest(decodeResult: success, version: HTTP/1.1, content: EmptyByteBufBE)
GET /session/8cbf216b352cb470865ac80833d66359/element/75911a85-3ad8-43ba-afe3-f188ce76d838/name HTTP/1.1
User-Agent: selenium/4.1.2 (java windows)
Cache-Control: no-cache
Content-Type: application/json; charset=utf-8
host: localhost:56332
accept: */*

Response DefaultHttpResponse(decodeResult: success, version: HTTP/1.1)
HTTP/1.1 200 OK
Content-Type: application/json; charset=utf-8
cache-control: no-cache
content-length: 17

10:45:09.442 [AsyncHttpClient-1-6] DEBUG org.asynchttpclient.netty.channel.ChannelManager - Adding key: http://localhost:56332 for channel [id: 0x674faf91, L:/127.0.0.1:57547 - R:localhost/127.0.0.1:56332]
10:45:09.444 [Forwarding isElementEnabled on session 8cbf216b352cb470865ac80833d66359 to remote] DEBUG org.asynchttpclient.netty.request.NettyRequestSender - Using pooled Channel '[id: 0x674faf91, L:/127.0.0.1:57547 - R:localhost/127.0.0.1:56332]' for 'GET' to 'http://localhost:56332/session/8cbf216b352cb470865ac80833d66359/element/75911a85-3ad8-43ba-afe3-f188ce76d838/enabled'
10:45:09.444 [Forwarding isElementEnabled on session 8cbf216b352cb470865ac80833d66359 to remote] DEBUG org.asynchttpclient.netty.request.NettyRequestSender - Using open Channel [id: 0x674faf91, L:/127.0.0.1:57547 - R:localhost/127.0.0.1:56332] for GET '/session/8cbf216b352cb470865ac80833d66359/element/75911a85-3ad8-43ba-afe3-f188ce76d838/enabled'
10:45:09.455 [AsyncHttpClient-1-6] DEBUG org.asynchttpclient.netty.handler.HttpHandler - 

Request DefaultFullHttpRequest(decodeResult: success, version: HTTP/1.1, content: EmptyByteBufBE)
GET /session/8cbf216b352cb470865ac80833d66359/element/75911a85-3ad8-43ba-afe3-f188ce76d838/enabled HTTP/1.1
User-Agent: selenium/4.1.2 (java windows)
Cache-Control: no-cache
Content-Type: application/json; charset=utf-8
host: localhost:56332
accept: */*

Response DefaultHttpResponse(decodeResult: success, version: HTTP/1.1)
HTTP/1.1 200 OK
Content-Type: application/json; charset=utf-8
cache-control: no-cache
content-length: 14

10:45:09.455 [AsyncHttpClient-1-6] DEBUG org.asynchttpclient.netty.channel.ChannelManager - Adding key: http://localhost:56332 for channel [id: 0x674faf91, L:/127.0.0.1:57547 - R:localhost/127.0.0.1:56332]
10:45:09.456 [Forwarding isElementEnabled on session 8cbf216b352cb470865ac80833d66359 to remote] DEBUG org.asynchttpclient.netty.request.NettyRequestSender - Using pooled Channel '[id: 0x674faf91, L:/127.0.0.1:57547 - R:localhost/127.0.0.1:56332]' for 'GET' to 'http://localhost:56332/session/8cbf216b352cb470865ac80833d66359/element/75911a85-3ad8-43ba-afe3-f188ce76d838/enabled'
10:45:09.456 [Forwarding isElementEnabled on session 8cbf216b352cb470865ac80833d66359 to remote] DEBUG org.asynchttpclient.netty.request.NettyRequestSender - Using open Channel [id: 0x674faf91, L:/127.0.0.1:57547 - R:localhost/127.0.0.1:56332] for GET '/session/8cbf216b352cb470865ac80833d66359/element/75911a85-3ad8-43ba-afe3-f188ce76d838/enabled'
10:45:09.464 [AsyncHttpClient-1-6] DEBUG org.asynchttpclient.netty.handler.HttpHandler - 

Request DefaultFullHttpRequest(decodeResult: success, version: HTTP/1.1, content: EmptyByteBufBE)
GET /session/8cbf216b352cb470865ac80833d66359/element/75911a85-3ad8-43ba-afe3-f188ce76d838/enabled HTTP/1.1
User-Agent: selenium/4.1.2 (java windows)
Cache-Control: no-cache
Content-Type: application/json; charset=utf-8
host: localhost:56332
accept: */*

Response DefaultHttpResponse(decodeResult: success, version: HTTP/1.1)
HTTP/1.1 200 OK
Content-Type: application/json; charset=utf-8
cache-control: no-cache
content-length: 14

10:45:09.465 [AsyncHttpClient-1-6] DEBUG org.asynchttpclient.netty.channel.ChannelManager - Adding key: http://localhost:56332 for channel [id: 0x674faf91, L:/127.0.0.1:57547 - R:localhost/127.0.0.1:56332]
10:45:09.467 [Forwarding findElement on session 8cbf216b352cb470865ac80833d66359 to remote] DEBUG org.asynchttpclient.netty.request.NettyRequestSender - Using pooled Channel '[id: 0x674faf91, L:/127.0.0.1:57547 - R:localhost/127.0.0.1:56332]' for 'POST' to 'http://localhost:56332/session/8cbf216b352cb470865ac80833d66359/element'
10:45:09.467 [Forwarding findElement on session 8cbf216b352cb470865ac80833d66359 to remote] DEBUG org.asynchttpclient.netty.request.NettyRequestSender - Using open Channel [id: 0x674faf91, L:/127.0.0.1:57547 - R:localhost/127.0.0.1:56332] for POST '/session/8cbf216b352cb470865ac80833d66359/element'
10:45:09.476 [AsyncHttpClient-1-6] DEBUG org.asynchttpclient.netty.handler.HttpHandler - 

Request DefaultHttpRequest(decodeResult: success, version: HTTP/1.1)
POST /session/8cbf216b352cb470865ac80833d66359/element HTTP/1.1
User-Agent: selenium/4.1.2 (java windows)
Content-Length: 154
Content-Type: application/json; charset=utf-8
host: localhost:56332
accept: */*

Response DefaultHttpResponse(decodeResult: success, version: HTTP/1.1)
HTTP/1.1 200 OK
Content-Type: application/json; charset=utf-8
cache-control: no-cache
content-length: 88

10:45:09.476 [AsyncHttpClient-1-6] DEBUG org.asynchttpclient.netty.channel.ChannelManager - Adding key: http://localhost:56332 for channel [id: 0x674faf91, L:/127.0.0.1:57547 - R:localhost/127.0.0.1:56332]
10:45:09.477 [Forwarding clickElement on session 8cbf216b352cb470865ac80833d66359 to remote] DEBUG org.asynchttpclient.netty.request.NettyRequestSender - Using pooled Channel '[id: 0x674faf91, L:/127.0.0.1:57547 - R:localhost/127.0.0.1:56332]' for 'POST' to 'http://localhost:56332/session/8cbf216b352cb470865ac80833d66359/element/75911a85-3ad8-43ba-afe3-f188ce76d838/click'
10:45:09.478 [Forwarding clickElement on session 8cbf216b352cb470865ac80833d66359 to remote] DEBUG org.asynchttpclient.netty.request.NettyRequestSender - Using open Channel [id: 0x674faf91, L:/127.0.0.1:57547 - R:localhost/127.0.0.1:56332] for POST '/session/8cbf216b352cb470865ac80833d66359/element/75911a85-3ad8-43ba-afe3-f188ce76d838/click'
10:45:09.571 [AsyncHttpClient-1-6] DEBUG org.asynchttpclient.netty.handler.HttpHandler - 

Request DefaultHttpRequest(decodeResult: success, version: HTTP/1.1)
POST /session/8cbf216b352cb470865ac80833d66359/element/75911a85-3ad8-43ba-afe3-f188ce76d838/click HTTP/1.1
User-Agent: selenium/4.1.2 (java windows)
Content-Length: 50
Content-Type: application/json; charset=utf-8
host: localhost:56332
accept: */*

Response DefaultHttpResponse(decodeResult: success, version: HTTP/1.1)
HTTP/1.1 200 OK
Content-Type: application/json; charset=utf-8
cache-control: no-cache
content-length: 14

10:45:09.572 [AsyncHttpClient-1-6] DEBUG org.asynchttpclient.netty.channel.ChannelManager - Adding key: http://localhost:56332 for channel [id: 0x674faf91, L:/127.0.0.1:57547 - R:localhost/127.0.0.1:56332]
10:45:09.581 [Forwarding screenshot on session 8cbf216b352cb470865ac80833d66359 to remote] DEBUG org.asynchttpclient.netty.request.NettyRequestSender - Using pooled Channel '[id: 0x674faf91, L:/127.0.0.1:57547 - R:localhost/127.0.0.1:56332]' for 'GET' to 'http://localhost:56332/session/8cbf216b352cb470865ac80833d66359/screenshot'
10:45:09.581 [Forwarding screenshot on session 8cbf216b352cb470865ac80833d66359 to remote] DEBUG org.asynchttpclient.netty.request.NettyRequestSender - Using open Channel [id: 0x674faf91, L:/127.0.0.1:57547 - R:localhost/127.0.0.1:56332] for GET '/session/8cbf216b352cb470865ac80833d66359/screenshot'
10:45:09.733 [AsyncHttpClient-1-6] DEBUG org.asynchttpclient.netty.handler.HttpHandler - 

Request DefaultFullHttpRequest(decodeResult: success, version: HTTP/1.1, content: EmptyByteBufBE)
GET /session/8cbf216b352cb470865ac80833d66359/screenshot HTTP/1.1
User-Agent: selenium/4.1.2 (java windows)
Cache-Control: no-cache
Content-Type: application/json; charset=utf-8
host: localhost:56332
accept: */*

Response DefaultHttpResponse(decodeResult: success, version: HTTP/1.1)
HTTP/1.1 200 OK
Content-Type: application/json; charset=utf-8
cache-control: no-cache
content-length: 81544

10:45:09.734 [AsyncHttpClient-1-6] DEBUG org.asynchttpclient.netty.channel.ChannelManager - Adding key: http://localhost:56332 for channel [id: 0x674faf91, L:/127.0.0.1:57547 - R:localhost/127.0.0.1:56332]
10:45:09.739 [main] DEBUG net.serenitybdd.core.photography.Darkroom - Send negative for processing for target\site\serenity\dfdffe316f4979d759222176aed85242d05d3e15df9c804a6de58d1181caf29b.png
10:45:09.740 [main] DEBUG net.thucydides.core.steps.StepInterceptor - STEP DONE: clickGenderType
10:45:09.740 [Darkroom Processing Line] DEBUG net.serenitybdd.core.photography.DarkroomProcessingLine - Processing screenshot image in /var/screenshots/screenshot-2903655515116949753
10:45:09.740 [Darkroom Processing Line] DEBUG net.serenitybdd.core.photography.DarkroomProcessingLine - Saving screenshot to target\site\serenity\dfdffe316f4979d759222176aed85242d05d3e15df9c804a6de58d1181caf29b.png
10:45:09.754 [main] DEBUG net.thucydides.core.steps.StepInterceptor - STARTING STEP: PatientSteps.iInputValidDataPatientAndClickSubmit - inputPhoneNumber
10:45:09.759 [Forwarding findElement on session 8cbf216b352cb470865ac80833d66359 to remote] DEBUG org.asynchttpclient.netty.request.NettyRequestSender - Using pooled Channel '[id: 0x674faf91, L:/127.0.0.1:57547 - R:localhost/127.0.0.1:56332]' for 'POST' to 'http://localhost:56332/session/8cbf216b352cb470865ac80833d66359/element'
10:45:09.759 [Forwarding findElement on session 8cbf216b352cb470865ac80833d66359 to remote] DEBUG org.asynchttpclient.netty.request.NettyRequestSender - Using open Channel [id: 0x674faf91, L:/127.0.0.1:57547 - R:localhost/127.0.0.1:56332] for POST '/session/8cbf216b352cb470865ac80833d66359/element'
10:45:09.777 [AsyncHttpClient-1-6] DEBUG org.asynchttpclient.netty.handler.HttpHandler - 

Request DefaultHttpRequest(decodeResult: success, version: HTTP/1.1)
POST /session/8cbf216b352cb470865ac80833d66359/element HTTP/1.1
User-Agent: selenium/4.1.2 (java windows)
Content-Length: 139
Content-Type: application/json; charset=utf-8
host: localhost:56332
accept: */*

Response DefaultHttpResponse(decodeResult: success, version: HTTP/1.1)
HTTP/1.1 200 OK
Content-Type: application/json; charset=utf-8
cache-control: no-cache
content-length: 88

10:45:09.777 [AsyncHttpClient-1-6] DEBUG org.asynchttpclient.netty.channel.ChannelManager - Adding key: http://localhost:56332 for channel [id: 0x674faf91, L:/127.0.0.1:57547 - R:localhost/127.0.0.1:56332]
10:45:09.779 [Forwarding clearElement on session 8cbf216b352cb470865ac80833d66359 to remote] DEBUG org.asynchttpclient.netty.request.NettyRequestSender - Using pooled Channel '[id: 0x674faf91, L:/127.0.0.1:57547 - R:localhost/127.0.0.1:56332]' for 'POST' to 'http://localhost:56332/session/8cbf216b352cb470865ac80833d66359/element/b2ab36f4-17d5-4b31-9df8-7a243c2687aa/clear'
10:45:09.779 [Forwarding clearElement on session 8cbf216b352cb470865ac80833d66359 to remote] DEBUG org.asynchttpclient.netty.request.NettyRequestSender - Using open Channel [id: 0x674faf91, L:/127.0.0.1:57547 - R:localhost/127.0.0.1:56332] for POST '/session/8cbf216b352cb470865ac80833d66359/element/b2ab36f4-17d5-4b31-9df8-7a243c2687aa/clear'
10:45:09.835 [AsyncHttpClient-1-6] DEBUG org.asynchttpclient.netty.handler.HttpHandler - 

Request DefaultHttpRequest(decodeResult: success, version: HTTP/1.1)
POST /session/8cbf216b352cb470865ac80833d66359/element/b2ab36f4-17d5-4b31-9df8-7a243c2687aa/clear HTTP/1.1
User-Agent: selenium/4.1.2 (java windows)
Content-Length: 50
Content-Type: application/json; charset=utf-8
host: localhost:56332
accept: */*

Response DefaultHttpResponse(decodeResult: success, version: HTTP/1.1)
HTTP/1.1 200 OK
Content-Type: application/json; charset=utf-8
cache-control: no-cache
content-length: 14

10:45:09.835 [AsyncHttpClient-1-6] DEBUG org.asynchttpclient.netty.channel.ChannelManager - Adding key: http://localhost:56332 for channel [id: 0x674faf91, L:/127.0.0.1:57547 - R:localhost/127.0.0.1:56332]
10:45:09.838 [Forwarding sendKeysToElement on session 8cbf216b352cb470865ac80833d66359 to remote] DEBUG org.asynchttpclient.netty.request.NettyRequestSender - Using pooled Channel '[id: 0x674faf91, L:/127.0.0.1:57547 - R:localhost/127.0.0.1:56332]' for 'POST' to 'http://localhost:56332/session/8cbf216b352cb470865ac80833d66359/element/b2ab36f4-17d5-4b31-9df8-7a243c2687aa/value'
10:45:09.838 [Forwarding sendKeysToElement on session 8cbf216b352cb470865ac80833d66359 to remote] DEBUG org.asynchttpclient.netty.request.NettyRequestSender - Using open Channel [id: 0x674faf91, L:/127.0.0.1:57547 - R:localhost/127.0.0.1:56332] for POST '/session/8cbf216b352cb470865ac80833d66359/element/b2ab36f4-17d5-4b31-9df8-7a243c2687aa/value'
10:45:10.066 [AsyncHttpClient-1-1] DEBUG org.asynchttpclient.netty.channel.DefaultChannelPool - Entry count for : http://localhost:57548 : 1
10:45:10.208 [AsyncHttpClient-1-6] DEBUG org.asynchttpclient.netty.handler.HttpHandler - 

Request DefaultHttpRequest(decodeResult: success, version: HTTP/1.1)
POST /session/8cbf216b352cb470865ac80833d66359/element/b2ab36f4-17d5-4b31-9df8-7a243c2687aa/value HTTP/1.1
User-Agent: selenium/4.1.2 (java windows)
Content-Length: 211
Content-Type: application/json; charset=utf-8
host: localhost:56332
accept: */*

Response DefaultHttpResponse(decodeResult: success, version: HTTP/1.1)
HTTP/1.1 200 OK
Content-Type: application/json; charset=utf-8
cache-control: no-cache
content-length: 14

10:45:10.208 [AsyncHttpClient-1-6] DEBUG org.asynchttpclient.netty.channel.ChannelManager - Adding key: http://localhost:56332 for channel [id: 0x674faf91, L:/127.0.0.1:57547 - R:localhost/127.0.0.1:56332]
10:45:10.222 [Forwarding screenshot on session 8cbf216b352cb470865ac80833d66359 to remote] DEBUG org.asynchttpclient.netty.request.NettyRequestSender - Using pooled Channel '[id: 0x674faf91, L:/127.0.0.1:57547 - R:localhost/127.0.0.1:56332]' for 'GET' to 'http://localhost:56332/session/8cbf216b352cb470865ac80833d66359/screenshot'
10:45:10.222 [Forwarding screenshot on session 8cbf216b352cb470865ac80833d66359 to remote] DEBUG org.asynchttpclient.netty.request.NettyRequestSender - Using open Channel [id: 0x674faf91, L:/127.0.0.1:57547 - R:localhost/127.0.0.1:56332] for GET '/session/8cbf216b352cb470865ac80833d66359/screenshot'
10:45:10.364 [AsyncHttpClient-1-6] DEBUG org.asynchttpclient.netty.handler.HttpHandler - 

Request DefaultFullHttpRequest(decodeResult: success, version: HTTP/1.1, content: EmptyByteBufBE)
GET /session/8cbf216b352cb470865ac80833d66359/screenshot HTTP/1.1
User-Agent: selenium/4.1.2 (java windows)
Cache-Control: no-cache
Content-Type: application/json; charset=utf-8
host: localhost:56332
accept: */*

Response DefaultHttpResponse(decodeResult: success, version: HTTP/1.1)
HTTP/1.1 200 OK
Content-Type: application/json; charset=utf-8
cache-control: no-cache
content-length: 84452

10:45:10.364 [AsyncHttpClient-1-6] DEBUG org.asynchttpclient.netty.channel.ChannelManager - Adding key: http://localhost:56332 for channel [id: 0x674faf91, L:/127.0.0.1:57547 - R:localhost/127.0.0.1:56332]
10:45:10.369 [main] DEBUG net.serenitybdd.core.photography.Darkroom - Send negative for processing for target\site\serenity\02d3f8764246eceb0071b129954cd0cfc8e54aa3047c55fce2446d58dbb76dc9.png
10:45:10.369 [main] DEBUG net.thucydides.core.steps.StepInterceptor - STEP DONE: inputPhoneNumber
10:45:10.369 [Darkroom Processing Line] DEBUG net.serenitybdd.core.photography.DarkroomProcessingLine - Processing screenshot image in /var/screenshots/screenshot-13924735467051489143
10:45:10.369 [Darkroom Processing Line] DEBUG net.serenitybdd.core.photography.DarkroomProcessingLine - Saving screenshot to target\site\serenity\02d3f8764246eceb0071b129954cd0cfc8e54aa3047c55fce2446d58dbb76dc9.png
10:45:10.377 [main] DEBUG net.thucydides.core.steps.StepInterceptor - STARTING STEP: PatientSteps.iInputValidDataPatientAndClickSubmit - clickBlodeTypeDropdown
10:45:10.381 [Forwarding findElement on session 8cbf216b352cb470865ac80833d66359 to remote] DEBUG org.asynchttpclient.netty.request.NettyRequestSender - Using pooled Channel '[id: 0x674faf91, L:/127.0.0.1:57547 - R:localhost/127.0.0.1:56332]' for 'POST' to 'http://localhost:56332/session/8cbf216b352cb470865ac80833d66359/element'
10:45:10.381 [Forwarding findElement on session 8cbf216b352cb470865ac80833d66359 to remote] DEBUG org.asynchttpclient.netty.request.NettyRequestSender - Using open Channel [id: 0x674faf91, L:/127.0.0.1:57547 - R:localhost/127.0.0.1:56332] for POST '/session/8cbf216b352cb470865ac80833d66359/element'
10:45:10.397 [AsyncHttpClient-1-6] DEBUG org.asynchttpclient.netty.handler.HttpHandler - 

Request DefaultHttpRequest(decodeResult: success, version: HTTP/1.1)
POST /session/8cbf216b352cb470865ac80833d66359/element HTTP/1.1
User-Agent: selenium/4.1.2 (java windows)
Content-Length: 82
Content-Type: application/json; charset=utf-8
host: localhost:56332
accept: */*

Response DefaultHttpResponse(decodeResult: success, version: HTTP/1.1)
HTTP/1.1 200 OK
Content-Type: application/json; charset=utf-8
cache-control: no-cache
content-length: 88

10:45:10.397 [AsyncHttpClient-1-6] DEBUG org.asynchttpclient.netty.channel.ChannelManager - Adding key: http://localhost:56332 for channel [id: 0x674faf91, L:/127.0.0.1:57547 - R:localhost/127.0.0.1:56332]
10:45:10.399 [Forwarding getElementTagName on session 8cbf216b352cb470865ac80833d66359 to remote] DEBUG org.asynchttpclient.netty.request.NettyRequestSender - Using pooled Channel '[id: 0x674faf91, L:/127.0.0.1:57547 - R:localhost/127.0.0.1:56332]' for 'GET' to 'http://localhost:56332/session/8cbf216b352cb470865ac80833d66359/element/955931f5-1182-409d-9d8c-c22c0d2e5139/name'
10:45:10.399 [Forwarding getElementTagName on session 8cbf216b352cb470865ac80833d66359 to remote] DEBUG org.asynchttpclient.netty.request.NettyRequestSender - Using open Channel [id: 0x674faf91, L:/127.0.0.1:57547 - R:localhost/127.0.0.1:56332] for GET '/session/8cbf216b352cb470865ac80833d66359/element/955931f5-1182-409d-9d8c-c22c0d2e5139/name'
10:45:10.404 [AsyncHttpClient-1-6] DEBUG org.asynchttpclient.netty.handler.HttpHandler - 

Request DefaultFullHttpRequest(decodeResult: success, version: HTTP/1.1, content: EmptyByteBufBE)
GET /session/8cbf216b352cb470865ac80833d66359/element/955931f5-1182-409d-9d8c-c22c0d2e5139/name HTTP/1.1
User-Agent: selenium/4.1.2 (java windows)
Cache-Control: no-cache
Content-Type: application/json; charset=utf-8
host: localhost:56332
accept: */*

Response DefaultHttpResponse(decodeResult: success, version: HTTP/1.1)
HTTP/1.1 200 OK
Content-Type: application/json; charset=utf-8
cache-control: no-cache
content-length: 15

10:45:10.405 [AsyncHttpClient-1-6] DEBUG org.asynchttpclient.netty.channel.ChannelManager - Adding key: http://localhost:56332 for channel [id: 0x674faf91, L:/127.0.0.1:57547 - R:localhost/127.0.0.1:56332]
10:45:10.406 [Forwarding getElementTagName on session 8cbf216b352cb470865ac80833d66359 to remote] DEBUG org.asynchttpclient.netty.request.NettyRequestSender - Using pooled Channel '[id: 0x674faf91, L:/127.0.0.1:57547 - R:localhost/127.0.0.1:56332]' for 'GET' to 'http://localhost:56332/session/8cbf216b352cb470865ac80833d66359/element/955931f5-1182-409d-9d8c-c22c0d2e5139/name'
10:45:10.406 [Forwarding getElementTagName on session 8cbf216b352cb470865ac80833d66359 to remote] DEBUG org.asynchttpclient.netty.request.NettyRequestSender - Using open Channel [id: 0x674faf91, L:/127.0.0.1:57547 - R:localhost/127.0.0.1:56332] for GET '/session/8cbf216b352cb470865ac80833d66359/element/955931f5-1182-409d-9d8c-c22c0d2e5139/name'
10:45:10.410 [AsyncHttpClient-1-6] DEBUG org.asynchttpclient.netty.handler.HttpHandler - 

Request DefaultFullHttpRequest(decodeResult: success, version: HTTP/1.1, content: EmptyByteBufBE)
GET /session/8cbf216b352cb470865ac80833d66359/element/955931f5-1182-409d-9d8c-c22c0d2e5139/name HTTP/1.1
User-Agent: selenium/4.1.2 (java windows)
Cache-Control: no-cache
Content-Type: application/json; charset=utf-8
host: localhost:56332
accept: */*

Response DefaultHttpResponse(decodeResult: success, version: HTTP/1.1)
HTTP/1.1 200 OK
Content-Type: application/json; charset=utf-8
cache-control: no-cache
content-length: 15

10:45:10.410 [AsyncHttpClient-1-6] DEBUG org.asynchttpclient.netty.channel.ChannelManager - Adding key: http://localhost:56332 for channel [id: 0x674faf91, L:/127.0.0.1:57547 - R:localhost/127.0.0.1:56332]
10:45:10.412 [Forwarding findElement on session 8cbf216b352cb470865ac80833d66359 to remote] DEBUG org.asynchttpclient.netty.request.NettyRequestSender - Using pooled Channel '[id: 0x674faf91, L:/127.0.0.1:57547 - R:localhost/127.0.0.1:56332]' for 'POST' to 'http://localhost:56332/session/8cbf216b352cb470865ac80833d66359/element'
10:45:10.413 [Forwarding findElement on session 8cbf216b352cb470865ac80833d66359 to remote] DEBUG org.asynchttpclient.netty.request.NettyRequestSender - Using open Channel [id: 0x674faf91, L:/127.0.0.1:57547 - R:localhost/127.0.0.1:56332] for POST '/session/8cbf216b352cb470865ac80833d66359/element'
10:45:10.422 [AsyncHttpClient-1-6] DEBUG org.asynchttpclient.netty.handler.HttpHandler - 

Request DefaultHttpRequest(decodeResult: success, version: HTTP/1.1)
POST /session/8cbf216b352cb470865ac80833d66359/element HTTP/1.1
User-Agent: selenium/4.1.2 (java windows)
Content-Length: 82
Content-Type: application/json; charset=utf-8
host: localhost:56332
accept: */*

Response DefaultHttpResponse(decodeResult: success, version: HTTP/1.1)
HTTP/1.1 200 OK
Content-Type: application/json; charset=utf-8
cache-control: no-cache
content-length: 88

10:45:10.423 [AsyncHttpClient-1-6] DEBUG org.asynchttpclient.netty.channel.ChannelManager - Adding key: http://localhost:56332 for channel [id: 0x674faf91, L:/127.0.0.1:57547 - R:localhost/127.0.0.1:56332]
10:45:10.424 [Forwarding clickElement on session 8cbf216b352cb470865ac80833d66359 to remote] DEBUG org.asynchttpclient.netty.request.NettyRequestSender - Using pooled Channel '[id: 0x674faf91, L:/127.0.0.1:57547 - R:localhost/127.0.0.1:56332]' for 'POST' to 'http://localhost:56332/session/8cbf216b352cb470865ac80833d66359/element/955931f5-1182-409d-9d8c-c22c0d2e5139/click'
10:45:10.424 [Forwarding clickElement on session 8cbf216b352cb470865ac80833d66359 to remote] DEBUG org.asynchttpclient.netty.request.NettyRequestSender - Using open Channel [id: 0x674faf91, L:/127.0.0.1:57547 - R:localhost/127.0.0.1:56332] for POST '/session/8cbf216b352cb470865ac80833d66359/element/955931f5-1182-409d-9d8c-c22c0d2e5139/click'
10:45:10.503 [AsyncHttpClient-1-6] DEBUG org.asynchttpclient.netty.handler.HttpHandler - 

Request DefaultHttpRequest(decodeResult: success, version: HTTP/1.1)
POST /session/8cbf216b352cb470865ac80833d66359/element/955931f5-1182-409d-9d8c-c22c0d2e5139/click HTTP/1.1
User-Agent: selenium/4.1.2 (java windows)
Content-Length: 50
Content-Type: application/json; charset=utf-8
host: localhost:56332
accept: */*

Response DefaultHttpResponse(decodeResult: success, version: HTTP/1.1)
HTTP/1.1 200 OK
Content-Type: application/json; charset=utf-8
cache-control: no-cache
content-length: 14

10:45:10.503 [AsyncHttpClient-1-6] DEBUG org.asynchttpclient.netty.channel.ChannelManager - Adding key: http://localhost:56332 for channel [id: 0x674faf91, L:/127.0.0.1:57547 - R:localhost/127.0.0.1:56332]
10:45:10.511 [Forwarding screenshot on session 8cbf216b352cb470865ac80833d66359 to remote] DEBUG org.asynchttpclient.netty.request.NettyRequestSender - Using pooled Channel '[id: 0x674faf91, L:/127.0.0.1:57547 - R:localhost/127.0.0.1:56332]' for 'GET' to 'http://localhost:56332/session/8cbf216b352cb470865ac80833d66359/screenshot'
10:45:10.511 [Forwarding screenshot on session 8cbf216b352cb470865ac80833d66359 to remote] DEBUG org.asynchttpclient.netty.request.NettyRequestSender - Using open Channel [id: 0x674faf91, L:/127.0.0.1:57547 - R:localhost/127.0.0.1:56332] for GET '/session/8cbf216b352cb470865ac80833d66359/screenshot'
10:45:10.644 [AsyncHttpClient-1-6] DEBUG org.asynchttpclient.netty.handler.HttpHandler - 

Request DefaultFullHttpRequest(decodeResult: success, version: HTTP/1.1, content: EmptyByteBufBE)
GET /session/8cbf216b352cb470865ac80833d66359/screenshot HTTP/1.1
User-Agent: selenium/4.1.2 (java windows)
Cache-Control: no-cache
Content-Type: application/json; charset=utf-8
host: localhost:56332
accept: */*

Response DefaultHttpResponse(decodeResult: success, version: HTTP/1.1)
HTTP/1.1 200 OK
Content-Type: application/json; charset=utf-8
cache-control: no-cache
content-length: 88464

10:45:10.644 [AsyncHttpClient-1-6] DEBUG org.asynchttpclient.netty.channel.ChannelManager - Adding key: http://localhost:56332 for channel [id: 0x674faf91, L:/127.0.0.1:57547 - R:localhost/127.0.0.1:56332]
10:45:10.649 [main] DEBUG net.serenitybdd.core.photography.Darkroom - Send negative for processing for target\site\serenity\459920b82644cb792d2cc53363d568749517d0d5d8e4b0b7fa582e162b067606.png
10:45:10.650 [main] DEBUG net.thucydides.core.steps.StepInterceptor - STEP DONE: clickBlodeTypeDropdown
10:45:10.650 [Darkroom Processing Line] DEBUG net.serenitybdd.core.photography.DarkroomProcessingLine - Processing screenshot image in /var/screenshots/screenshot-15209917044986697179
10:45:10.650 [Darkroom Processing Line] DEBUG net.serenitybdd.core.photography.DarkroomProcessingLine - Saving screenshot to target\site\serenity\459920b82644cb792d2cc53363d568749517d0d5d8e4b0b7fa582e162b067606.png
10:45:10.656 [main] DEBUG net.thucydides.core.steps.StepInterceptor - STARTING STEP: PatientSteps.iInputValidDataPatientAndClickSubmit - clickBlodeTypeOption
10:45:10.659 [Forwarding findElement on session 8cbf216b352cb470865ac80833d66359 to remote] DEBUG org.asynchttpclient.netty.request.NettyRequestSender - Using pooled Channel '[id: 0x674faf91, L:/127.0.0.1:57547 - R:localhost/127.0.0.1:56332]' for 'POST' to 'http://localhost:56332/session/8cbf216b352cb470865ac80833d66359/element'
10:45:10.659 [Forwarding findElement on session 8cbf216b352cb470865ac80833d66359 to remote] DEBUG org.asynchttpclient.netty.request.NettyRequestSender - Using open Channel [id: 0x674faf91, L:/127.0.0.1:57547 - R:localhost/127.0.0.1:56332] for POST '/session/8cbf216b352cb470865ac80833d66359/element'
10:45:10.675 [AsyncHttpClient-1-6] DEBUG org.asynchttpclient.netty.handler.HttpHandler - 

Request DefaultHttpRequest(decodeResult: success, version: HTTP/1.1)
POST /session/8cbf216b352cb470865ac80833d66359/element HTTP/1.1
User-Agent: selenium/4.1.2 (java windows)
Content-Length: 119
Content-Type: application/json; charset=utf-8
host: localhost:56332
accept: */*

Response DefaultHttpResponse(decodeResult: success, version: HTTP/1.1)
HTTP/1.1 200 OK
Content-Type: application/json; charset=utf-8
cache-control: no-cache
content-length: 88

10:45:10.675 [AsyncHttpClient-1-6] DEBUG org.asynchttpclient.netty.channel.ChannelManager - Adding key: http://localhost:56332 for channel [id: 0x674faf91, L:/127.0.0.1:57547 - R:localhost/127.0.0.1:56332]
10:45:10.677 [Forwarding getElementTagName on session 8cbf216b352cb470865ac80833d66359 to remote] DEBUG org.asynchttpclient.netty.request.NettyRequestSender - Using pooled Channel '[id: 0x674faf91, L:/127.0.0.1:57547 - R:localhost/127.0.0.1:56332]' for 'GET' to 'http://localhost:56332/session/8cbf216b352cb470865ac80833d66359/element/d723458d-3f58-462c-b438-cb9f0e2dc594/name'
10:45:10.677 [Forwarding getElementTagName on session 8cbf216b352cb470865ac80833d66359 to remote] DEBUG org.asynchttpclient.netty.request.NettyRequestSender - Using open Channel [id: 0x674faf91, L:/127.0.0.1:57547 - R:localhost/127.0.0.1:56332] for GET '/session/8cbf216b352cb470865ac80833d66359/element/d723458d-3f58-462c-b438-cb9f0e2dc594/name'
10:45:10.684 [AsyncHttpClient-1-6] DEBUG org.asynchttpclient.netty.handler.HttpHandler - 

Request DefaultFullHttpRequest(decodeResult: success, version: HTTP/1.1, content: EmptyByteBufBE)
GET /session/8cbf216b352cb470865ac80833d66359/element/d723458d-3f58-462c-b438-cb9f0e2dc594/name HTTP/1.1
User-Agent: selenium/4.1.2 (java windows)
Cache-Control: no-cache
Content-Type: application/json; charset=utf-8
host: localhost:56332
accept: */*

Response DefaultHttpResponse(decodeResult: success, version: HTTP/1.1)
HTTP/1.1 200 OK
Content-Type: application/json; charset=utf-8
cache-control: no-cache
content-length: 14

10:45:10.684 [AsyncHttpClient-1-6] DEBUG org.asynchttpclient.netty.channel.ChannelManager - Adding key: http://localhost:56332 for channel [id: 0x674faf91, L:/127.0.0.1:57547 - R:localhost/127.0.0.1:56332]
10:45:10.686 [Forwarding getElementTagName on session 8cbf216b352cb470865ac80833d66359 to remote] DEBUG org.asynchttpclient.netty.request.NettyRequestSender - Using pooled Channel '[id: 0x674faf91, L:/127.0.0.1:57547 - R:localhost/127.0.0.1:56332]' for 'GET' to 'http://localhost:56332/session/8cbf216b352cb470865ac80833d66359/element/d723458d-3f58-462c-b438-cb9f0e2dc594/name'
10:45:10.686 [Forwarding getElementTagName on session 8cbf216b352cb470865ac80833d66359 to remote] DEBUG org.asynchttpclient.netty.request.NettyRequestSender - Using open Channel [id: 0x674faf91, L:/127.0.0.1:57547 - R:localhost/127.0.0.1:56332] for GET '/session/8cbf216b352cb470865ac80833d66359/element/d723458d-3f58-462c-b438-cb9f0e2dc594/name'
10:45:10.691 [AsyncHttpClient-1-6] DEBUG org.asynchttpclient.netty.handler.HttpHandler - 

Request DefaultFullHttpRequest(decodeResult: success, version: HTTP/1.1, content: EmptyByteBufBE)
GET /session/8cbf216b352cb470865ac80833d66359/element/d723458d-3f58-462c-b438-cb9f0e2dc594/name HTTP/1.1
User-Agent: selenium/4.1.2 (java windows)
Cache-Control: no-cache
Content-Type: application/json; charset=utf-8
host: localhost:56332
accept: */*

Response DefaultHttpResponse(decodeResult: success, version: HTTP/1.1)
HTTP/1.1 200 OK
Content-Type: application/json; charset=utf-8
cache-control: no-cache
content-length: 14

10:45:10.691 [AsyncHttpClient-1-6] DEBUG org.asynchttpclient.netty.channel.ChannelManager - Adding key: http://localhost:56332 for channel [id: 0x674faf91, L:/127.0.0.1:57547 - R:localhost/127.0.0.1:56332]
10:45:10.695 [Forwarding findElement on session 8cbf216b352cb470865ac80833d66359 to remote] DEBUG org.asynchttpclient.netty.request.NettyRequestSender - Using pooled Channel '[id: 0x674faf91, L:/127.0.0.1:57547 - R:localhost/127.0.0.1:56332]' for 'POST' to 'http://localhost:56332/session/8cbf216b352cb470865ac80833d66359/element'
10:45:10.695 [Forwarding findElement on session 8cbf216b352cb470865ac80833d66359 to remote] DEBUG org.asynchttpclient.netty.request.NettyRequestSender - Using open Channel [id: 0x674faf91, L:/127.0.0.1:57547 - R:localhost/127.0.0.1:56332] for POST '/session/8cbf216b352cb470865ac80833d66359/element'
10:45:10.708 [AsyncHttpClient-1-6] DEBUG org.asynchttpclient.netty.handler.HttpHandler - 

Request DefaultHttpRequest(decodeResult: success, version: HTTP/1.1)
POST /session/8cbf216b352cb470865ac80833d66359/element HTTP/1.1
User-Agent: selenium/4.1.2 (java windows)
Content-Length: 119
Content-Type: application/json; charset=utf-8
host: localhost:56332
accept: */*

Response DefaultHttpResponse(decodeResult: success, version: HTTP/1.1)
HTTP/1.1 200 OK
Content-Type: application/json; charset=utf-8
cache-control: no-cache
content-length: 88

10:45:10.708 [AsyncHttpClient-1-6] DEBUG org.asynchttpclient.netty.channel.ChannelManager - Adding key: http://localhost:56332 for channel [id: 0x674faf91, L:/127.0.0.1:57547 - R:localhost/127.0.0.1:56332]
10:45:10.709 [Forwarding clickElement on session 8cbf216b352cb470865ac80833d66359 to remote] DEBUG org.asynchttpclient.netty.request.NettyRequestSender - Using pooled Channel '[id: 0x674faf91, L:/127.0.0.1:57547 - R:localhost/127.0.0.1:56332]' for 'POST' to 'http://localhost:56332/session/8cbf216b352cb470865ac80833d66359/element/d723458d-3f58-462c-b438-cb9f0e2dc594/click'
10:45:10.709 [Forwarding clickElement on session 8cbf216b352cb470865ac80833d66359 to remote] DEBUG org.asynchttpclient.netty.request.NettyRequestSender - Using open Channel [id: 0x674faf91, L:/127.0.0.1:57547 - R:localhost/127.0.0.1:56332] for POST '/session/8cbf216b352cb470865ac80833d66359/element/d723458d-3f58-462c-b438-cb9f0e2dc594/click'
10:45:10.827 [AsyncHttpClient-1-6] DEBUG org.asynchttpclient.netty.handler.HttpHandler - 

Request DefaultHttpRequest(decodeResult: success, version: HTTP/1.1)
POST /session/8cbf216b352cb470865ac80833d66359/element/d723458d-3f58-462c-b438-cb9f0e2dc594/click HTTP/1.1
User-Agent: selenium/4.1.2 (java windows)
Content-Length: 50
Content-Type: application/json; charset=utf-8
host: localhost:56332
accept: */*

Response DefaultHttpResponse(decodeResult: success, version: HTTP/1.1)
HTTP/1.1 200 OK
Content-Type: application/json; charset=utf-8
cache-control: no-cache
content-length: 14

10:45:10.827 [AsyncHttpClient-1-6] DEBUG org.asynchttpclient.netty.channel.ChannelManager - Adding key: http://localhost:56332 for channel [id: 0x674faf91, L:/127.0.0.1:57547 - R:localhost/127.0.0.1:56332]
10:45:10.834 [Forwarding screenshot on session 8cbf216b352cb470865ac80833d66359 to remote] DEBUG org.asynchttpclient.netty.request.NettyRequestSender - Using pooled Channel '[id: 0x674faf91, L:/127.0.0.1:57547 - R:localhost/127.0.0.1:56332]' for 'GET' to 'http://localhost:56332/session/8cbf216b352cb470865ac80833d66359/screenshot'
10:45:10.835 [Forwarding screenshot on session 8cbf216b352cb470865ac80833d66359 to remote] DEBUG org.asynchttpclient.netty.request.NettyRequestSender - Using open Channel [id: 0x674faf91, L:/127.0.0.1:57547 - R:localhost/127.0.0.1:56332] for GET '/session/8cbf216b352cb470865ac80833d66359/screenshot'
10:45:10.959 [AsyncHttpClient-1-6] DEBUG org.asynchttpclient.netty.handler.HttpHandler - 

Request DefaultFullHttpRequest(decodeResult: success, version: HTTP/1.1, content: EmptyByteBufBE)
GET /session/8cbf216b352cb470865ac80833d66359/screenshot HTTP/1.1
User-Agent: selenium/4.1.2 (java windows)
Cache-Control: no-cache
Content-Type: application/json; charset=utf-8
host: localhost:56332
accept: */*

Response DefaultHttpResponse(decodeResult: success, version: HTTP/1.1)
HTTP/1.1 200 OK
Content-Type: application/json; charset=utf-8
cache-control: no-cache
content-length: 90432

10:45:10.961 [AsyncHttpClient-1-6] DEBUG org.asynchttpclient.netty.channel.ChannelManager - Adding key: http://localhost:56332 for channel [id: 0x674faf91, L:/127.0.0.1:57547 - R:localhost/127.0.0.1:56332]
10:45:10.966 [main] DEBUG net.serenitybdd.core.photography.Darkroom - Send negative for processing for target\site\serenity\8c47324309b43cdd9977bbd23f0c68ffb5e8dffc0a5bc4d1166731a45c5abab4.png
10:45:10.966 [main] DEBUG net.thucydides.core.steps.StepInterceptor - STEP DONE: clickBlodeTypeOption
10:45:10.966 [Darkroom Processing Line] DEBUG net.serenitybdd.core.photography.DarkroomProcessingLine - Processing screenshot image in /var/screenshots/screenshot-16718427880478806664
10:45:10.966 [Darkroom Processing Line] DEBUG net.serenitybdd.core.photography.DarkroomProcessingLine - Saving screenshot to target\site\serenity\8c47324309b43cdd9977bbd23f0c68ffb5e8dffc0a5bc4d1166731a45c5abab4.png
10:45:10.973 [main] DEBUG net.thucydides.core.steps.StepInterceptor - STARTING STEP: PatientSteps.iInputValidDataPatientAndClickSubmit - inputCity
10:45:10.977 [Forwarding findElement on session 8cbf216b352cb470865ac80833d66359 to remote] DEBUG org.asynchttpclient.netty.request.NettyRequestSender - Using pooled Channel '[id: 0x674faf91, L:/127.0.0.1:57547 - R:localhost/127.0.0.1:56332]' for 'POST' to 'http://localhost:56332/session/8cbf216b352cb470865ac80833d66359/element'
10:45:10.978 [Forwarding findElement on session 8cbf216b352cb470865ac80833d66359 to remote] DEBUG org.asynchttpclient.netty.request.NettyRequestSender - Using open Channel [id: 0x674faf91, L:/127.0.0.1:57547 - R:localhost/127.0.0.1:56332] for POST '/session/8cbf216b352cb470865ac80833d66359/element'
10:45:10.994 [AsyncHttpClient-1-6] DEBUG org.asynchttpclient.netty.handler.HttpHandler - 

Request DefaultHttpRequest(decodeResult: success, version: HTTP/1.1)
POST /session/8cbf216b352cb470865ac80833d66359/element HTTP/1.1
User-Agent: selenium/4.1.2 (java windows)
Content-Length: 139
Content-Type: application/json; charset=utf-8
host: localhost:56332
accept: */*

Response DefaultHttpResponse(decodeResult: success, version: HTTP/1.1)
HTTP/1.1 200 OK
Content-Type: application/json; charset=utf-8
cache-control: no-cache
content-length: 88

10:45:10.994 [AsyncHttpClient-1-6] DEBUG org.asynchttpclient.netty.channel.ChannelManager - Adding key: http://localhost:56332 for channel [id: 0x674faf91, L:/127.0.0.1:57547 - R:localhost/127.0.0.1:56332]
10:45:10.995 [Forwarding clearElement on session 8cbf216b352cb470865ac80833d66359 to remote] DEBUG org.asynchttpclient.netty.request.NettyRequestSender - Using pooled Channel '[id: 0x674faf91, L:/127.0.0.1:57547 - R:localhost/127.0.0.1:56332]' for 'POST' to 'http://localhost:56332/session/8cbf216b352cb470865ac80833d66359/element/5c53ee36-7a2f-4403-b734-3004ab9d0e32/clear'
10:45:10.995 [Forwarding clearElement on session 8cbf216b352cb470865ac80833d66359 to remote] DEBUG org.asynchttpclient.netty.request.NettyRequestSender - Using open Channel [id: 0x674faf91, L:/127.0.0.1:57547 - R:localhost/127.0.0.1:56332] for POST '/session/8cbf216b352cb470865ac80833d66359/element/5c53ee36-7a2f-4403-b734-3004ab9d0e32/clear'
10:45:11.038 [AsyncHttpClient-1-6] DEBUG org.asynchttpclient.netty.handler.HttpHandler - 

Request DefaultHttpRequest(decodeResult: success, version: HTTP/1.1)
POST /session/8cbf216b352cb470865ac80833d66359/element/5c53ee36-7a2f-4403-b734-3004ab9d0e32/clear HTTP/1.1
User-Agent: selenium/4.1.2 (java windows)
Content-Length: 50
Content-Type: application/json; charset=utf-8
host: localhost:56332
accept: */*

Response DefaultHttpResponse(decodeResult: success, version: HTTP/1.1)
HTTP/1.1 200 OK
Content-Type: application/json; charset=utf-8
cache-control: no-cache
content-length: 14

10:45:11.038 [AsyncHttpClient-1-6] DEBUG org.asynchttpclient.netty.channel.ChannelManager - Adding key: http://localhost:56332 for channel [id: 0x674faf91, L:/127.0.0.1:57547 - R:localhost/127.0.0.1:56332]
10:45:11.041 [Forwarding sendKeysToElement on session 8cbf216b352cb470865ac80833d66359 to remote] DEBUG org.asynchttpclient.netty.request.NettyRequestSender - Using pooled Channel '[id: 0x674faf91, L:/127.0.0.1:57547 - R:localhost/127.0.0.1:56332]' for 'POST' to 'http://localhost:56332/session/8cbf216b352cb470865ac80833d66359/element/5c53ee36-7a2f-4403-b734-3004ab9d0e32/value'
10:45:11.041 [Forwarding sendKeysToElement on session 8cbf216b352cb470865ac80833d66359 to remote] DEBUG org.asynchttpclient.netty.request.NettyRequestSender - Using open Channel [id: 0x674faf91, L:/127.0.0.1:57547 - R:localhost/127.0.0.1:56332] for POST '/session/8cbf216b352cb470865ac80833d66359/element/5c53ee36-7a2f-4403-b734-3004ab9d0e32/value'
10:45:11.164 [AsyncHttpClient-1-1] DEBUG org.asynchttpclient.netty.channel.DefaultChannelPool - Entry count for : http://localhost:57548 : 1
10:45:11.327 [AsyncHttpClient-1-6] DEBUG org.asynchttpclient.netty.handler.HttpHandler - 

Request DefaultHttpRequest(decodeResult: success, version: HTTP/1.1)
POST /session/8cbf216b352cb470865ac80833d66359/element/5c53ee36-7a2f-4403-b734-3004ab9d0e32/value HTTP/1.1
User-Agent: selenium/4.1.2 (java windows)
Content-Length: 191
Content-Type: application/json; charset=utf-8
host: localhost:56332
accept: */*

Response DefaultHttpResponse(decodeResult: success, version: HTTP/1.1)
HTTP/1.1 200 OK
Content-Type: application/json; charset=utf-8
cache-control: no-cache
content-length: 14

10:45:11.327 [AsyncHttpClient-1-6] DEBUG org.asynchttpclient.netty.channel.ChannelManager - Adding key: http://localhost:56332 for channel [id: 0x674faf91, L:/127.0.0.1:57547 - R:localhost/127.0.0.1:56332]
10:45:11.333 [Forwarding screenshot on session 8cbf216b352cb470865ac80833d66359 to remote] DEBUG org.asynchttpclient.netty.request.NettyRequestSender - Using pooled Channel '[id: 0x674faf91, L:/127.0.0.1:57547 - R:localhost/127.0.0.1:56332]' for 'GET' to 'http://localhost:56332/session/8cbf216b352cb470865ac80833d66359/screenshot'
10:45:11.333 [Forwarding screenshot on session 8cbf216b352cb470865ac80833d66359 to remote] DEBUG org.asynchttpclient.netty.request.NettyRequestSender - Using open Channel [id: 0x674faf91, L:/127.0.0.1:57547 - R:localhost/127.0.0.1:56332] for GET '/session/8cbf216b352cb470865ac80833d66359/screenshot'
10:45:11.451 [AsyncHttpClient-1-6] DEBUG org.asynchttpclient.netty.handler.HttpHandler - 

Request DefaultFullHttpRequest(decodeResult: success, version: HTTP/1.1, content: EmptyByteBufBE)
GET /session/8cbf216b352cb470865ac80833d66359/screenshot HTTP/1.1
User-Agent: selenium/4.1.2 (java windows)
Cache-Control: no-cache
Content-Type: application/json; charset=utf-8
host: localhost:56332
accept: */*

Response DefaultHttpResponse(decodeResult: success, version: HTTP/1.1)
HTTP/1.1 200 OK
Content-Type: application/json; charset=utf-8
cache-control: no-cache
content-length: 76900

10:45:11.451 [AsyncHttpClient-1-6] DEBUG org.asynchttpclient.netty.channel.ChannelManager - Adding key: http://localhost:56332 for channel [id: 0x674faf91, L:/127.0.0.1:57547 - R:localhost/127.0.0.1:56332]
10:45:11.455 [main] DEBUG net.serenitybdd.core.photography.Darkroom - Send negative for processing for target\site\serenity\43f18bf08b1dfafdc85582576afad7f129693f0625f79ad16f5512bf822be2f6.png
10:45:11.455 [main] DEBUG net.thucydides.core.steps.StepInterceptor - STEP DONE: inputCity
10:45:11.456 [Darkroom Processing Line] DEBUG net.serenitybdd.core.photography.DarkroomProcessingLine - Processing screenshot image in /var/screenshots/screenshot-13436794250039904509
10:45:11.456 [Darkroom Processing Line] DEBUG net.serenitybdd.core.photography.DarkroomProcessingLine - Saving screenshot to target\site\serenity\43f18bf08b1dfafdc85582576afad7f129693f0625f79ad16f5512bf822be2f6.png
10:45:11.464 [main] DEBUG net.thucydides.core.steps.StepInterceptor - STARTING STEP: PatientSteps.iInputValidDataPatientAndClickSubmit - inputAddress
10:45:11.468 [Forwarding findElement on session 8cbf216b352cb470865ac80833d66359 to remote] DEBUG org.asynchttpclient.netty.request.NettyRequestSender - Using pooled Channel '[id: 0x674faf91, L:/127.0.0.1:57547 - R:localhost/127.0.0.1:56332]' for 'POST' to 'http://localhost:56332/session/8cbf216b352cb470865ac80833d66359/element'
10:45:11.468 [Forwarding findElement on session 8cbf216b352cb470865ac80833d66359 to remote] DEBUG org.asynchttpclient.netty.request.NettyRequestSender - Using open Channel [id: 0x674faf91, L:/127.0.0.1:57547 - R:localhost/127.0.0.1:56332] for POST '/session/8cbf216b352cb470865ac80833d66359/element'
10:45:11.483 [AsyncHttpClient-1-6] DEBUG org.asynchttpclient.netty.handler.HttpHandler - 

Request DefaultHttpRequest(decodeResult: success, version: HTTP/1.1)
POST /session/8cbf216b352cb470865ac80833d66359/element HTTP/1.1
User-Agent: selenium/4.1.2 (java windows)
Content-Length: 139
Content-Type: application/json; charset=utf-8
host: localhost:56332
accept: */*

Response DefaultHttpResponse(decodeResult: success, version: HTTP/1.1)
HTTP/1.1 200 OK
Content-Type: application/json; charset=utf-8
cache-control: no-cache
content-length: 88

10:45:11.483 [AsyncHttpClient-1-6] DEBUG org.asynchttpclient.netty.channel.ChannelManager - Adding key: http://localhost:56332 for channel [id: 0x674faf91, L:/127.0.0.1:57547 - R:localhost/127.0.0.1:56332]
10:45:11.484 [Forwarding clearElement on session 8cbf216b352cb470865ac80833d66359 to remote] DEBUG org.asynchttpclient.netty.request.NettyRequestSender - Using pooled Channel '[id: 0x674faf91, L:/127.0.0.1:57547 - R:localhost/127.0.0.1:56332]' for 'POST' to 'http://localhost:56332/session/8cbf216b352cb470865ac80833d66359/element/ca9eb9bd-b368-4ec2-81be-d7cf899d4eb5/clear'
10:45:11.484 [Forwarding clearElement on session 8cbf216b352cb470865ac80833d66359 to remote] DEBUG org.asynchttpclient.netty.request.NettyRequestSender - Using open Channel [id: 0x674faf91, L:/127.0.0.1:57547 - R:localhost/127.0.0.1:56332] for POST '/session/8cbf216b352cb470865ac80833d66359/element/ca9eb9bd-b368-4ec2-81be-d7cf899d4eb5/clear'
10:45:11.523 [AsyncHttpClient-1-6] DEBUG org.asynchttpclient.netty.handler.HttpHandler - 

Request DefaultHttpRequest(decodeResult: success, version: HTTP/1.1)
POST /session/8cbf216b352cb470865ac80833d66359/element/ca9eb9bd-b368-4ec2-81be-d7cf899d4eb5/clear HTTP/1.1
User-Agent: selenium/4.1.2 (java windows)
Content-Length: 50
Content-Type: application/json; charset=utf-8
host: localhost:56332
accept: */*

Response DefaultHttpResponse(decodeResult: success, version: HTTP/1.1)
HTTP/1.1 200 OK
Content-Type: application/json; charset=utf-8
cache-control: no-cache
content-length: 14

10:45:11.524 [AsyncHttpClient-1-6] DEBUG org.asynchttpclient.netty.channel.ChannelManager - Adding key: http://localhost:56332 for channel [id: 0x674faf91, L:/127.0.0.1:57547 - R:localhost/127.0.0.1:56332]
10:45:11.525 [Forwarding sendKeysToElement on session 8cbf216b352cb470865ac80833d66359 to remote] DEBUG org.asynchttpclient.netty.request.NettyRequestSender - Using pooled Channel '[id: 0x674faf91, L:/127.0.0.1:57547 - R:localhost/127.0.0.1:56332]' for 'POST' to 'http://localhost:56332/session/8cbf216b352cb470865ac80833d66359/element/ca9eb9bd-b368-4ec2-81be-d7cf899d4eb5/value'
10:45:11.545 [Forwarding sendKeysToElement on session 8cbf216b352cb470865ac80833d66359 to remote] DEBUG org.asynchttpclient.netty.request.NettyRequestSender - Using open Channel [id: 0x674faf91, L:/127.0.0.1:57547 - R:localhost/127.0.0.1:56332] for POST '/session/8cbf216b352cb470865ac80833d66359/element/ca9eb9bd-b368-4ec2-81be-d7cf899d4eb5/value'
10:45:11.709 [AsyncHttpClient-1-6] DEBUG org.asynchttpclient.netty.handler.HttpHandler - 

Request DefaultHttpRequest(decodeResult: success, version: HTTP/1.1)
POST /session/8cbf216b352cb470865ac80833d66359/element/ca9eb9bd-b368-4ec2-81be-d7cf899d4eb5/value HTTP/1.1
User-Agent: selenium/4.1.2 (java windows)
Content-Length: 151
Content-Type: application/json; charset=utf-8
host: localhost:56332
accept: */*

Response DefaultHttpResponse(decodeResult: success, version: HTTP/1.1)
HTTP/1.1 200 OK
Content-Type: application/json; charset=utf-8
cache-control: no-cache
content-length: 14

10:45:11.709 [AsyncHttpClient-1-6] DEBUG org.asynchttpclient.netty.channel.ChannelManager - Adding key: http://localhost:56332 for channel [id: 0x674faf91, L:/127.0.0.1:57547 - R:localhost/127.0.0.1:56332]
10:45:11.718 [Forwarding screenshot on session 8cbf216b352cb470865ac80833d66359 to remote] DEBUG org.asynchttpclient.netty.request.NettyRequestSender - Using pooled Channel '[id: 0x674faf91, L:/127.0.0.1:57547 - R:localhost/127.0.0.1:56332]' for 'GET' to 'http://localhost:56332/session/8cbf216b352cb470865ac80833d66359/screenshot'
10:45:11.718 [Forwarding screenshot on session 8cbf216b352cb470865ac80833d66359 to remote] DEBUG org.asynchttpclient.netty.request.NettyRequestSender - Using open Channel [id: 0x674faf91, L:/127.0.0.1:57547 - R:localhost/127.0.0.1:56332] for GET '/session/8cbf216b352cb470865ac80833d66359/screenshot'
10:45:11.829 [AsyncHttpClient-1-6] DEBUG org.asynchttpclient.netty.handler.HttpHandler - 

Request DefaultFullHttpRequest(decodeResult: success, version: HTTP/1.1, content: EmptyByteBufBE)
GET /session/8cbf216b352cb470865ac80833d66359/screenshot HTTP/1.1
User-Agent: selenium/4.1.2 (java windows)
Cache-Control: no-cache
Content-Type: application/json; charset=utf-8
host: localhost:56332
accept: */*

Response DefaultHttpResponse(decodeResult: success, version: HTTP/1.1)
HTTP/1.1 200 OK
Content-Type: application/json; charset=utf-8
cache-control: no-cache
content-length: 78356

10:45:11.830 [AsyncHttpClient-1-6] DEBUG org.asynchttpclient.netty.channel.ChannelManager - Adding key: http://localhost:56332 for channel [id: 0x674faf91, L:/127.0.0.1:57547 - R:localhost/127.0.0.1:56332]
10:45:11.835 [main] DEBUG net.serenitybdd.core.photography.Darkroom - Send negative for processing for target\site\serenity\a36932447145452c94d4387483a913f34ae17b46c6084e57527ea59ec508a336.png
10:45:11.835 [main] DEBUG net.thucydides.core.steps.StepInterceptor - STEP DONE: inputAddress
10:45:11.835 [Darkroom Processing Line] DEBUG net.serenitybdd.core.photography.DarkroomProcessingLine - Processing screenshot image in /var/screenshots/screenshot-12993481798094141093
10:45:11.835 [Darkroom Processing Line] DEBUG net.serenitybdd.core.photography.DarkroomProcessingLine - Saving screenshot to target\site\serenity\a36932447145452c94d4387483a913f34ae17b46c6084e57527ea59ec508a336.png
10:45:11.848 [main] DEBUG net.thucydides.core.steps.StepInterceptor - STARTING STEP: PatientSteps.iInputValidDataPatientAndClickSubmit - clickSubmitButton
10:45:11.854 [Forwarding findElement on session 8cbf216b352cb470865ac80833d66359 to remote] DEBUG org.asynchttpclient.netty.request.NettyRequestSender - Using pooled Channel '[id: 0x674faf91, L:/127.0.0.1:57547 - R:localhost/127.0.0.1:56332]' for 'POST' to 'http://localhost:56332/session/8cbf216b352cb470865ac80833d66359/element'
10:45:11.854 [Forwarding findElement on session 8cbf216b352cb470865ac80833d66359 to remote] DEBUG org.asynchttpclient.netty.request.NettyRequestSender - Using open Channel [id: 0x674faf91, L:/127.0.0.1:57547 - R:localhost/127.0.0.1:56332] for POST '/session/8cbf216b352cb470865ac80833d66359/element'
10:45:11.872 [AsyncHttpClient-1-6] DEBUG org.asynchttpclient.netty.handler.HttpHandler - 

Request DefaultHttpRequest(decodeResult: success, version: HTTP/1.1)
POST /session/8cbf216b352cb470865ac80833d66359/element HTTP/1.1
User-Agent: selenium/4.1.2 (java windows)
Content-Length: 116
Content-Type: application/json; charset=utf-8
host: localhost:56332
accept: */*

Response DefaultHttpResponse(decodeResult: success, version: HTTP/1.1)
HTTP/1.1 200 OK
Content-Type: application/json; charset=utf-8
cache-control: no-cache
content-length: 88

10:45:11.872 [AsyncHttpClient-1-6] DEBUG org.asynchttpclient.netty.channel.ChannelManager - Adding key: http://localhost:56332 for channel [id: 0x674faf91, L:/127.0.0.1:57547 - R:localhost/127.0.0.1:56332]
10:45:11.875 [Forwarding getElementTagName on session 8cbf216b352cb470865ac80833d66359 to remote] DEBUG org.asynchttpclient.netty.request.NettyRequestSender - Using pooled Channel '[id: 0x674faf91, L:/127.0.0.1:57547 - R:localhost/127.0.0.1:56332]' for 'GET' to 'http://localhost:56332/session/8cbf216b352cb470865ac80833d66359/element/347a4b7d-ad6f-43e4-b62d-4a59743bb9f2/name'
10:45:11.875 [Forwarding getElementTagName on session 8cbf216b352cb470865ac80833d66359 to remote] DEBUG org.asynchttpclient.netty.request.NettyRequestSender - Using open Channel [id: 0x674faf91, L:/127.0.0.1:57547 - R:localhost/127.0.0.1:56332] for GET '/session/8cbf216b352cb470865ac80833d66359/element/347a4b7d-ad6f-43e4-b62d-4a59743bb9f2/name'
10:45:11.881 [AsyncHttpClient-1-6] DEBUG org.asynchttpclient.netty.handler.HttpHandler - 

Request DefaultFullHttpRequest(decodeResult: success, version: HTTP/1.1, content: EmptyByteBufBE)
GET /session/8cbf216b352cb470865ac80833d66359/element/347a4b7d-ad6f-43e4-b62d-4a59743bb9f2/name HTTP/1.1
User-Agent: selenium/4.1.2 (java windows)
Cache-Control: no-cache
Content-Type: application/json; charset=utf-8
host: localhost:56332
accept: */*

Response DefaultHttpResponse(decodeResult: success, version: HTTP/1.1)
HTTP/1.1 200 OK
Content-Type: application/json; charset=utf-8
cache-control: no-cache
content-length: 18

10:45:11.881 [AsyncHttpClient-1-6] DEBUG org.asynchttpclient.netty.channel.ChannelManager - Adding key: http://localhost:56332 for channel [id: 0x674faf91, L:/127.0.0.1:57547 - R:localhost/127.0.0.1:56332]
10:45:11.883 [Forwarding getElementTagName on session 8cbf216b352cb470865ac80833d66359 to remote] DEBUG org.asynchttpclient.netty.request.NettyRequestSender - Using pooled Channel '[id: 0x674faf91, L:/127.0.0.1:57547 - R:localhost/127.0.0.1:56332]' for 'GET' to 'http://localhost:56332/session/8cbf216b352cb470865ac80833d66359/element/347a4b7d-ad6f-43e4-b62d-4a59743bb9f2/name'
10:45:11.883 [Forwarding getElementTagName on session 8cbf216b352cb470865ac80833d66359 to remote] DEBUG org.asynchttpclient.netty.request.NettyRequestSender - Using open Channel [id: 0x674faf91, L:/127.0.0.1:57547 - R:localhost/127.0.0.1:56332] for GET '/session/8cbf216b352cb470865ac80833d66359/element/347a4b7d-ad6f-43e4-b62d-4a59743bb9f2/name'
10:45:11.888 [AsyncHttpClient-1-6] DEBUG org.asynchttpclient.netty.handler.HttpHandler - 

Request DefaultFullHttpRequest(decodeResult: success, version: HTTP/1.1, content: EmptyByteBufBE)
GET /session/8cbf216b352cb470865ac80833d66359/element/347a4b7d-ad6f-43e4-b62d-4a59743bb9f2/name HTTP/1.1
User-Agent: selenium/4.1.2 (java windows)
Cache-Control: no-cache
Content-Type: application/json; charset=utf-8
host: localhost:56332
accept: */*

Response DefaultHttpResponse(decodeResult: success, version: HTTP/1.1)
HTTP/1.1 200 OK
Content-Type: application/json; charset=utf-8
cache-control: no-cache
content-length: 18

10:45:11.888 [AsyncHttpClient-1-6] DEBUG org.asynchttpclient.netty.channel.ChannelManager - Adding key: http://localhost:56332 for channel [id: 0x674faf91, L:/127.0.0.1:57547 - R:localhost/127.0.0.1:56332]
10:45:11.890 [Forwarding isElementEnabled on session 8cbf216b352cb470865ac80833d66359 to remote] DEBUG org.asynchttpclient.netty.request.NettyRequestSender - Using pooled Channel '[id: 0x674faf91, L:/127.0.0.1:57547 - R:localhost/127.0.0.1:56332]' for 'GET' to 'http://localhost:56332/session/8cbf216b352cb470865ac80833d66359/element/347a4b7d-ad6f-43e4-b62d-4a59743bb9f2/enabled'
10:45:11.890 [Forwarding isElementEnabled on session 8cbf216b352cb470865ac80833d66359 to remote] DEBUG org.asynchttpclient.netty.request.NettyRequestSender - Using open Channel [id: 0x674faf91, L:/127.0.0.1:57547 - R:localhost/127.0.0.1:56332] for GET '/session/8cbf216b352cb470865ac80833d66359/element/347a4b7d-ad6f-43e4-b62d-4a59743bb9f2/enabled'
10:45:11.902 [AsyncHttpClient-1-6] DEBUG org.asynchttpclient.netty.handler.HttpHandler - 

Request DefaultFullHttpRequest(decodeResult: success, version: HTTP/1.1, content: EmptyByteBufBE)
GET /session/8cbf216b352cb470865ac80833d66359/element/347a4b7d-ad6f-43e4-b62d-4a59743bb9f2/enabled HTTP/1.1
User-Agent: selenium/4.1.2 (java windows)
Cache-Control: no-cache
Content-Type: application/json; charset=utf-8
host: localhost:56332
accept: */*

Response DefaultHttpResponse(decodeResult: success, version: HTTP/1.1)
HTTP/1.1 200 OK
Content-Type: application/json; charset=utf-8
cache-control: no-cache
content-length: 14

10:45:11.903 [AsyncHttpClient-1-6] DEBUG org.asynchttpclient.netty.channel.ChannelManager - Adding key: http://localhost:56332 for channel [id: 0x674faf91, L:/127.0.0.1:57547 - R:localhost/127.0.0.1:56332]
10:45:11.904 [Forwarding isElementEnabled on session 8cbf216b352cb470865ac80833d66359 to remote] DEBUG org.asynchttpclient.netty.request.NettyRequestSender - Using pooled Channel '[id: 0x674faf91, L:/127.0.0.1:57547 - R:localhost/127.0.0.1:56332]' for 'GET' to 'http://localhost:56332/session/8cbf216b352cb470865ac80833d66359/element/347a4b7d-ad6f-43e4-b62d-4a59743bb9f2/enabled'
10:45:11.904 [Forwarding isElementEnabled on session 8cbf216b352cb470865ac80833d66359 to remote] DEBUG org.asynchttpclient.netty.request.NettyRequestSender - Using open Channel [id: 0x674faf91, L:/127.0.0.1:57547 - R:localhost/127.0.0.1:56332] for GET '/session/8cbf216b352cb470865ac80833d66359/element/347a4b7d-ad6f-43e4-b62d-4a59743bb9f2/enabled'
10:45:11.911 [AsyncHttpClient-1-6] DEBUG org.asynchttpclient.netty.handler.HttpHandler - 

Request DefaultFullHttpRequest(decodeResult: success, version: HTTP/1.1, content: EmptyByteBufBE)
GET /session/8cbf216b352cb470865ac80833d66359/element/347a4b7d-ad6f-43e4-b62d-4a59743bb9f2/enabled HTTP/1.1
User-Agent: selenium/4.1.2 (java windows)
Cache-Control: no-cache
Content-Type: application/json; charset=utf-8
host: localhost:56332
accept: */*

Response DefaultHttpResponse(decodeResult: success, version: HTTP/1.1)
HTTP/1.1 200 OK
Content-Type: application/json; charset=utf-8
cache-control: no-cache
content-length: 14

10:45:11.912 [AsyncHttpClient-1-6] DEBUG org.asynchttpclient.netty.channel.ChannelManager - Adding key: http://localhost:56332 for channel [id: 0x674faf91, L:/127.0.0.1:57547 - R:localhost/127.0.0.1:56332]
10:45:11.914 [Forwarding findElement on session 8cbf216b352cb470865ac80833d66359 to remote] DEBUG org.asynchttpclient.netty.request.NettyRequestSender - Using pooled Channel '[id: 0x674faf91, L:/127.0.0.1:57547 - R:localhost/127.0.0.1:56332]' for 'POST' to 'http://localhost:56332/session/8cbf216b352cb470865ac80833d66359/element'
10:45:11.914 [Forwarding findElement on session 8cbf216b352cb470865ac80833d66359 to remote] DEBUG org.asynchttpclient.netty.request.NettyRequestSender - Using open Channel [id: 0x674faf91, L:/127.0.0.1:57547 - R:localhost/127.0.0.1:56332] for POST '/session/8cbf216b352cb470865ac80833d66359/element'
10:45:11.923 [AsyncHttpClient-1-6] DEBUG org.asynchttpclient.netty.handler.HttpHandler - 

Request DefaultHttpRequest(decodeResult: success, version: HTTP/1.1)
POST /session/8cbf216b352cb470865ac80833d66359/element HTTP/1.1
User-Agent: selenium/4.1.2 (java windows)
Content-Length: 116
Content-Type: application/json; charset=utf-8
host: localhost:56332
accept: */*

Response DefaultHttpResponse(decodeResult: success, version: HTTP/1.1)
HTTP/1.1 200 OK
Content-Type: application/json; charset=utf-8
cache-control: no-cache
content-length: 88

10:45:11.923 [AsyncHttpClient-1-6] DEBUG org.asynchttpclient.netty.channel.ChannelManager - Adding key: http://localhost:56332 for channel [id: 0x674faf91, L:/127.0.0.1:57547 - R:localhost/127.0.0.1:56332]
10:45:11.924 [Forwarding clickElement on session 8cbf216b352cb470865ac80833d66359 to remote] DEBUG org.asynchttpclient.netty.request.NettyRequestSender - Using pooled Channel '[id: 0x674faf91, L:/127.0.0.1:57547 - R:localhost/127.0.0.1:56332]' for 'POST' to 'http://localhost:56332/session/8cbf216b352cb470865ac80833d66359/element/347a4b7d-ad6f-43e4-b62d-4a59743bb9f2/click'
10:45:11.925 [Forwarding clickElement on session 8cbf216b352cb470865ac80833d66359 to remote] DEBUG org.asynchttpclient.netty.request.NettyRequestSender - Using open Channel [id: 0x674faf91, L:/127.0.0.1:57547 - R:localhost/127.0.0.1:56332] for POST '/session/8cbf216b352cb470865ac80833d66359/element/347a4b7d-ad6f-43e4-b62d-4a59743bb9f2/click'
10:45:12.000 [AsyncHttpClient-1-6] DEBUG org.asynchttpclient.netty.handler.HttpHandler - 

Request DefaultHttpRequest(decodeResult: success, version: HTTP/1.1)
POST /session/8cbf216b352cb470865ac80833d66359/element/347a4b7d-ad6f-43e4-b62d-4a59743bb9f2/click HTTP/1.1
User-Agent: selenium/4.1.2 (java windows)
Content-Length: 50
Content-Type: application/json; charset=utf-8
host: localhost:56332
accept: */*

Response DefaultHttpResponse(decodeResult: success, version: HTTP/1.1)
HTTP/1.1 200 OK
Content-Type: application/json; charset=utf-8
cache-control: no-cache
content-length: 14

10:45:12.000 [AsyncHttpClient-1-6] DEBUG org.asynchttpclient.netty.channel.ChannelManager - Adding key: http://localhost:56332 for channel [id: 0x674faf91, L:/127.0.0.1:57547 - R:localhost/127.0.0.1:56332]
10:45:12.008 [Forwarding screenshot on session 8cbf216b352cb470865ac80833d66359 to remote] DEBUG org.asynchttpclient.netty.request.NettyRequestSender - Using pooled Channel '[id: 0x674faf91, L:/127.0.0.1:57547 - R:localhost/127.0.0.1:56332]' for 'GET' to 'http://localhost:56332/session/8cbf216b352cb470865ac80833d66359/screenshot'
10:45:12.008 [Forwarding screenshot on session 8cbf216b352cb470865ac80833d66359 to remote] DEBUG org.asynchttpclient.netty.request.NettyRequestSender - Using open Channel [id: 0x674faf91, L:/127.0.0.1:57547 - R:localhost/127.0.0.1:56332] for GET '/session/8cbf216b352cb470865ac80833d66359/screenshot'
10:45:12.155 [AsyncHttpClient-1-6] DEBUG org.asynchttpclient.netty.handler.HttpHandler - 

Request DefaultFullHttpRequest(decodeResult: success, version: HTTP/1.1, content: EmptyByteBufBE)
GET /session/8cbf216b352cb470865ac80833d66359/screenshot HTTP/1.1
User-Agent: selenium/4.1.2 (java windows)
Cache-Control: no-cache
Content-Type: application/json; charset=utf-8
host: localhost:56332
accept: */*

Response DefaultHttpResponse(decodeResult: success, version: HTTP/1.1)
HTTP/1.1 200 OK
Content-Type: application/json; charset=utf-8
cache-control: no-cache
content-length: 78148

10:45:12.156 [AsyncHttpClient-1-6] DEBUG org.asynchttpclient.netty.channel.ChannelManager - Adding key: http://localhost:56332 for channel [id: 0x674faf91, L:/127.0.0.1:57547 - R:localhost/127.0.0.1:56332]
10:45:12.162 [main] DEBUG net.serenitybdd.core.photography.Darkroom - Send negative for processing for target\site\serenity\2f463990e466cc4c3355d0c87b6838a69bf3a44d7c933851dd91f1e315f41fa0.png
10:45:12.162 [main] DEBUG net.thucydides.core.steps.StepInterceptor - STEP DONE: clickSubmitButton
  &amp#27;[32mAnd &amp#27;[0m&amp#27;[32mI input valid data patient and click submit&amp#27;[0m &amp#27;[90m# starter.stepdefinitions.PatientSteps.iInputValidDataPatientAndClickSubmit()&amp#27;[0m
10:45:12.162 [Darkroom Processing Line] DEBUG net.serenitybdd.core.photography.DarkroomProcessingLine - Processing screenshot image in /var/screenshots/screenshot-11352435932556768828
10:45:12.162 [Darkroom Processing Line] DEBUG net.serenitybdd.core.photography.DarkroomProcessingLine - Saving screenshot to target\site\serenity\2f463990e466cc4c3355d0c87b6838a69bf3a44d7c933851dd91f1e315f41fa0.png
10:45:12.186 [main] DEBUG net.thucydides.core.steps.StepInterceptor - STARTING STEP: PatientSteps.iGetNewPatientHasBeenAddedResult - newPatientAdded
10:45:12.188 [Forwarding findElement on session 8cbf216b352cb470865ac80833d66359 to remote] DEBUG org.asynchttpclient.netty.request.NettyRequestSender - Using pooled Channel '[id: 0x674faf91, L:/127.0.0.1:57547 - R:localhost/127.0.0.1:56332]' for 'POST' to 'http://localhost:56332/session/8cbf216b352cb470865ac80833d66359/element'
10:45:12.188 [Forwarding findElement on session 8cbf216b352cb470865ac80833d66359 to remote] DEBUG org.asynchttpclient.netty.request.NettyRequestSender - Using open Channel [id: 0x674faf91, L:/127.0.0.1:57547 - R:localhost/127.0.0.1:56332] for POST '/session/8cbf216b352cb470865ac80833d66359/element'
10:45:12.264 [AsyncHttpClient-1-1] DEBUG org.asynchttpclient.netty.channel.DefaultChannelPool - Entry count for : http://localhost:57548 : 1
10:45:12.497 [AsyncHttpClient-1-6] DEBUG org.asynchttpclient.netty.handler.HttpHandler - 

Request DefaultHttpRequest(decodeResult: success, version: HTTP/1.1)
POST /session/8cbf216b352cb470865ac80833d66359/element HTTP/1.1
User-Agent: selenium/4.1.2 (java windows)
Content-Length: 74
Content-Type: application/json; charset=utf-8
host: localhost:56332
accept: */*

Response DefaultHttpResponse(decodeResult: success, version: HTTP/1.1)
HTTP/1.1 200 OK
Content-Type: application/json; charset=utf-8
cache-control: no-cache
content-length: 88

10:45:12.497 [AsyncHttpClient-1-6] DEBUG org.asynchttpclient.netty.channel.ChannelManager - Adding key: http://localhost:56332 for channel [id: 0x674faf91, L:/127.0.0.1:57547 - R:localhost/127.0.0.1:56332]
10:45:12.501 [Forwarding isElementDisplayed on session 8cbf216b352cb470865ac80833d66359 to remote] DEBUG org.asynchttpclient.netty.request.NettyRequestSender - Using pooled Channel '[id: 0x674faf91, L:/127.0.0.1:57547 - R:localhost/127.0.0.1:56332]' for 'POST' to 'http://localhost:56332/session/8cbf216b352cb470865ac80833d66359/execute/sync'
10:45:12.501 [Forwarding isElementDisplayed on session 8cbf216b352cb470865ac80833d66359 to remote] DEBUG org.asynchttpclient.netty.request.NettyRequestSender - Using open Channel [id: 0x674faf91, L:/127.0.0.1:57547 - R:localhost/127.0.0.1:56332] for POST '/session/8cbf216b352cb470865ac80833d66359/execute/sync'
10:45:12.520 [AsyncHttpClient-1-6] DEBUG org.asynchttpclient.netty.handler.HttpHandler - 

Request DefaultHttpRequest(decodeResult: success, version: HTTP/1.1)
POST /session/8cbf216b352cb470865ac80833d66359/execute/sync HTTP/1.1
User-Agent: selenium/4.1.2 (java windows)
Content-Length: 48780
Content-Type: application/json; charset=utf-8
host: localhost:56332
accept: */*

Response DefaultHttpResponse(decodeResult: success, version: HTTP/1.1)
HTTP/1.1 200 OK
Content-Type: application/json; charset=utf-8
cache-control: no-cache
content-length: 14

10:45:12.520 [AsyncHttpClient-1-6] DEBUG org.asynchttpclient.netty.channel.ChannelManager - Adding key: http://localhost:56332 for channel [id: 0x674faf91, L:/127.0.0.1:57547 - R:localhost/127.0.0.1:56332]
10:45:12.529 [Forwarding screenshot on session 8cbf216b352cb470865ac80833d66359 to remote] DEBUG org.asynchttpclient.netty.request.NettyRequestSender - Using pooled Channel '[id: 0x674faf91, L:/127.0.0.1:57547 - R:localhost/127.0.0.1:56332]' for 'GET' to 'http://localhost:56332/session/8cbf216b352cb470865ac80833d66359/screenshot'
10:45:12.529 [Forwarding screenshot on session 8cbf216b352cb470865ac80833d66359 to remote] DEBUG org.asynchttpclient.netty.request.NettyRequestSender - Using open Channel [id: 0x674faf91, L:/127.0.0.1:57547 - R:localhost/127.0.0.1:56332] for GET '/session/8cbf216b352cb470865ac80833d66359/screenshot'
10:45:12.675 [AsyncHttpClient-1-6] DEBUG org.asynchttpclient.netty.handler.HttpHandler - 

Request DefaultFullHttpRequest(decodeResult: success, version: HTTP/1.1, content: EmptyByteBufBE)
GET /session/8cbf216b352cb470865ac80833d66359/screenshot HTTP/1.1
User-Agent: selenium/4.1.2 (java windows)
Cache-Control: no-cache
Content-Type: application/json; charset=utf-8
host: localhost:56332
accept: */*

Response DefaultHttpResponse(decodeResult: success, version: HTTP/1.1)
HTTP/1.1 200 OK
Content-Type: application/json; charset=utf-8
cache-control: no-cache
content-length: 95212

10:45:12.676 [AsyncHttpClient-1-6] DEBUG org.asynchttpclient.netty.channel.ChannelManager - Adding key: http://localhost:56332 for channel [id: 0x674faf91, L:/127.0.0.1:57547 - R:localhost/127.0.0.1:56332]
10:45:12.682 [main] DEBUG net.serenitybdd.core.photography.Darkroom - Send negative for processing for target\site\serenity\fa74f2ad34f38c6a0737ba779c988e2b2adbef6444bb2b4b292c128bae918a11.png
10:45:12.682 [main] DEBUG net.thucydides.core.steps.StepInterceptor - STEP DONE: newPatientAdded
  &amp#27;[32mThen &amp#27;[0m&amp#27;[32mI get New Patient has been added result&amp#27;[0m    &amp#27;[90m# starter.stepdefinitions.PatientSteps.iGetNewPatientHasBeenAddedResult()&amp#27;[0m
10:45:12.682 [Darkroom Processing Line] DEBUG net.serenitybdd.core.photography.DarkroomProcessingLine - Processing screenshot image in /var/screenshots/screenshot-160746841472850014
10:45:12.683 [Darkroom Processing Line] DEBUG net.serenitybdd.core.photography.DarkroomProcessingLine - Saving screenshot to target\site\serenity\fa74f2ad34f38c6a0737ba779c988e2b2adbef6444bb2b4b292c128bae918a11.png
10:45:12.694 [main] INFO  - 
  _____   ___   ___   _____     ___     _     ___   ___   ___   ___  
 |_   _| | __| / __| |_   _|   | _ \   /_\   / __| / __| | __| |   \ 
   | |   | _|  \__ \   | |     |  _/  / _ \  \__ \ \__ \ | _|  | |) |
   |_|   |___| |___/   |_|     |_|   /_/ \_\ |___/ |___/ |___| |___/ 

Create New Patient Scenario
----------------------------------------------------------------------
10:45:12.698 [AsyncHttpClient-1-8] DEBUG org.asynchttpclient.netty.handler.WebSocketHandler - Channel Closed: [id: 0xed2aca94, L:/127.0.0.1:57554 ! R:localhost/127.0.0.1:57548] with attribute NettyResponseFuture{currentRetry=5,
	isDone=1,
	isCancelled=0,
	asyncHandler=org.asynchttpclient.ws.WebSocketUpgradeHandler@27b56953,
	nettyRequest=org.asynchttpclient.netty.request.NettyRequest@7728485b,
	future=java.util.concurrent.CompletableFuture@3533b8e8[Completed normally],
	uri=ws://localhost:57548/devtools/browser/b762bb06-6894-4958-8410-093ac2f93353,
	keepAlive=true,
	redirectCount=0,
	timeoutsHolder=null,
	inAuth=0,
	touch=1655783103410}
10:45:12.698 [AsyncHttpClient-1-8] DEBUG org.asynchttpclient.netty.channel.ChannelManager - Closing Channel [id: 0xed2aca94, L:/127.0.0.1:57554 ! R:localhost/127.0.0.1:57548] 
10:45:12.706 [Driver Command Executor] DEBUG org.asynchttpclient.netty.request.NettyRequestSender - Using pooled Channel '[id: 0x674faf91, L:/127.0.0.1:57547 - R:localhost/127.0.0.1:56332]' for 'DELETE' to 'http://localhost:56332/session/8cbf216b352cb470865ac80833d66359'
10:45:12.706 [Driver Command Executor] DEBUG org.asynchttpclient.netty.request.NettyRequestSender - Using open Channel [id: 0x674faf91, L:/127.0.0.1:57547 - R:localhost/127.0.0.1:56332] for DELETE '/session/8cbf216b352cb470865ac80833d66359'
10:45:12.787 [AsyncHttpClient-1-7] DEBUG org.asynchttpclient.netty.handler.HttpHandler - Unexpected I/O exception on channel [id: 0xe2a71513, L:/127.0.0.1:57553 - R:localhost/127.0.0.1:57548]
java.net.SocketException: Connection reset
	at java.base/sun.nio.ch.SocketChannelImpl.throwConnectionReset(SocketChannelImpl.java:367)
	at java.base/sun.nio.ch.SocketChannelImpl.read(SocketChannelImpl.java:398)
	at io.netty.buffer.PooledByteBuf.setBytes(PooledByteBuf.java:258)
	at io.netty.buffer.AbstractByteBuf.writeBytes(AbstractByteBuf.java:1132)
	at io.netty.channel.socket.nio.NioSocketChannel.doReadBytes(NioSocketChannel.java:350)
	at io.netty.channel.nio.AbstractNioByteChannel$NioByteUnsafe.read(AbstractNioByteChannel.java:151)
	at io.netty.channel.nio.NioEventLoop.processSelectedKey(NioEventLoop.java:722)
	at io.netty.channel.nio.NioEventLoop.processSelectedKeysOptimized(NioEventLoop.java:658)
	at io.netty.channel.nio.NioEventLoop.processSelectedKeys(NioEventLoop.java:584)
	at io.netty.channel.nio.NioEventLoop.run(NioEventLoop.java:496)
	at io.netty.util.concurrent.SingleThreadEventExecutor$4.run(SingleThreadEventExecutor.java:986)
	at io.netty.util.internal.ThreadExecutorMap$2.run(ThreadExecutorMap.java:74)
	at io.netty.util.concurrent.FastThreadLocalRunnable.run(FastThreadLocalRunnable.java:30)
	at java.base/java.lang.Thread.run(Thread.java:832)
10:45:12.787 [AsyncHttpClient-1-7] DEBUG org.asynchttpclient.netty.channel.ChannelManager - Closing Channel [id: 0xe2a71513, L:/127.0.0.1:57553 - R:localhost/127.0.0.1:57548] 
10:45:12.788 [AsyncHttpClient-1-7] DEBUG org.asynchttpclient.netty.handler.HttpHandler - Channel Closed: [id: 0xe2a71513, L:/127.0.0.1:57553 ! R:localhost/127.0.0.1:57548] with attribute DISCARD
10:45:12.822 [AsyncHttpClient-1-6] DEBUG org.asynchttpclient.netty.handler.HttpHandler - 

Request DefaultFullHttpRequest(decodeResult: success, version: HTTP/1.1, content: EmptyByteBufBE)
DELETE /session/8cbf216b352cb470865ac80833d66359 HTTP/1.1
User-Agent: selenium/4.1.2 (java windows)
Content-Type: application/json; charset=utf-8
host: localhost:56332
accept: */*

Response DefaultHttpResponse(decodeResult: success, version: HTTP/1.1)
HTTP/1.1 200 OK
Content-Type: application/json; charset=utf-8
cache-control: no-cache
content-length: 14

10:45:12.822 [AsyncHttpClient-1-6] DEBUG org.asynchttpclient.netty.channel.ChannelManager - Adding key: http://localhost:56332 for channel [id: 0x674faf91, L:/127.0.0.1:57547 - R:localhost/127.0.0.1:56332]
10:45:13.010 [AsyncHttpClient-1-6] DEBUG org.asynchttpclient.netty.handler.HttpHandler - Channel Closed: [id: 0x674faf91, L:/127.0.0.1:57547 ! R:localhost/127.0.0.1:56332] with attribute DISCARD
10:45:13.364 [AsyncHttpClient-1-1] DEBUG org.asynchttpclient.netty.channel.DefaultChannelPool - Entry count for : http://localhost:56332 : 1
10:45:13.364 [AsyncHttpClient-1-1] DEBUG org.asynchttpclient.netty.channel.DefaultChannelPool - Entry count for : http://localhost:57548 : 1
10:45:13.364 [AsyncHttpClient-1-1] DEBUG org.asynchttpclient.netty.channel.DefaultChannelPool - Adding Candidate expired Channel [id: 0x674faf91, L:/127.0.0.1:57547 ! R:localhost/127.0.0.1:56332] isIdleTimeoutExpired=false isRemotelyClosed=true isTtlExpired=false
10:45:13.364 [AsyncHttpClient-1-1] DEBUG org.asynchttpclient.netty.channel.DefaultChannelPool - Closing Idle Channel [id: 0x674faf91, L:/127.0.0.1:57547 ! R:localhost/127.0.0.1:56332]
10:45:13.364 [AsyncHttpClient-1-1] DEBUG org.asynchttpclient.netty.channel.DefaultChannelPool - Adding Candidate expired Channel [id: 0xe2a71513, L:/127.0.0.1:57553 ! R:localhost/127.0.0.1:57548] isIdleTimeoutExpired=false isRemotelyClosed=true isTtlExpired=false
10:45:13.364 [AsyncHttpClient-1-1] DEBUG org.asynchttpclient.netty.channel.DefaultChannelPool - Closing Idle Channel [id: 0xe2a71513, L:/127.0.0.1:57553 ! R:localhost/127.0.0.1:57548]
10:45:13.364 [AsyncHttpClient-1-1] DEBUG org.asynchttpclient.netty.channel.DefaultChannelPool - Closed 2 connections out of 2 in 0 ms
]]></system-out>
    <system-err><![CDATA[Starting ChromeDriver 102.0.5005.61 (0e59bcc00cc4985ce39ad31c150065f159d95ad3-refs/branch-heads/5005@{#819}) on port 56332
Only local connections are allowed.
Please see https://chromedriver.chromium.org/security-considerations for suggestions on keeping ChromeDriver safe.
ChromeDriver was started successfully.
Jun 21, 2022 10:45:03 AM org.openqa.selenium.remote.ProtocolHandshake createSession
INFO: Detected dialect: W3C
Jun 21, 2022 10:45:03 AM org.openqa.selenium.devtools.CdpVersionFinder findNearestMatch
WARNING: Unable to find an exact match for CDP version 102, so returning the closest version found: a no-op implementation
Jun 21, 2022 10:45:03 AM org.openqa.selenium.devtools.CdpVersionFinder findNearestMatch
INFO: Unable to find CDP implementation matching 102.
Jun 21, 2022 10:45:03 AM org.openqa.selenium.chromium.ChromiumDriver lambda$new$3
WARNING: Unable to find version of CDP to use for . You may need to include a dependency on a specific version of the CDP using something similar to `org.seleniumhq.selenium:selenium-devtools-v86:4.1.2` where the version ("v86") matches the version of the chromium-based browser you're using and the version number of the artifact is the same as Selenium's.
]]></system-err>
  </testcase>
  <testcase name="Cancel Create New Patient Scenario" classname="Patient" time="9.816">
    <system-out><![CDATA[
@Patient
Scenario: Cancel Create New Patient Scenario &amp#27;[90m# src/test/resources/features/2.Patient.feature:16&amp#27;[0m
10:45:13.554 [main] INFO io.cucumber.core.plugin.SerenityReporter - Running feature from file:///E:/My%20Documents/File%20Difa/TI%20Semester%206%20Kampus%20Merdeka%20Alterra/Tugas/CAPSTONE%20Project/Capstone-Project-Website/src/test/resources/features/2.Patient.feature
10:45:13.557 [main] INFO  - 
  _____   ___   ___   _____     ___   _____     _     ___   _____   ___   ___  
 |_   _| | __| / __| |_   _|   / __| |_   _|   /_\   | _ \ |_   _| | __| |   \ 
   | |   | _|  \__ \   | |     \__ \   | |    / _ \  |   /   | |   | _|  | |) |
   |_|   |___| |___/   |_|     |___/   |_|   /_/ \_\ |_|_\   |_|   |___| |___/ 

Cancel Create New Patient Scenario(patient;cancel-create-new-patient-scenario)
--------------------------------------------------------------------------------
10:45:13.594 [main] DEBUG net.thucydides.core.steps.StepInterceptor - STARTING STEP: PatientSteps.iAmAtTheDashboardPage - openUrl
10:45:13.600 [main] INFO net.serenitybdd.core.webdriver.driverproviders.ChromeDriverProvider - Using automatically driver download
10:45:13.995 [main] DEBUG io.github.bonigarcia.wdm.cache.ResolutionCache - Resolution chrome=102 in cache (valid until 11:37:46 21/06/2022 ICT)
10:45:14.006 [main] DEBUG io.github.bonigarcia.wdm.cache.ResolutionCache - Resolution chrome102=102.0.5005.61 in cache (valid until 09:22:16 22/06/2022 ICT)
10:45:14.010 [main] INFO io.github.bonigarcia.wdm.WebDriverManager - Using chromedriver 102.0.5005.61 (resolved driver for Chrome 102)
10:45:14.043 [main] DEBUG io.github.bonigarcia.wdm.WebDriverManager - Driver chromedriver 102.0.5005.61 found in cache
10:45:14.044 [main] INFO io.github.bonigarcia.wdm.WebDriverManager - Exporting webdriver.chrome.driver as C:\Users\USER\.cache\selenium\chromedriver\win32\102.0.5005.61\chromedriver.exe
10:45:14.291 [main] DEBUG net.serenitybdd.core.webdriver.driverproviders.ProvideNewDriver - Instantiating driver
10:45:14.291 [main] DEBUG net.serenitybdd.core.webdriver.driverproviders.ProvideNewDriver - Driver capabilities: Capabilities {acceptInsecureCerts: false, base.url: https://hospital-management..., browserName: chrome, chrome.driver: src/test/resources/webdrive..., driver: chrome, goog:chromeOptions: {args: [], extensions: []}}
10:45:14.824 [AsyncHttpClient-1-9] DEBUG org.asynchttpclient.netty.channel.NettyConnectListener - Using new Channel '[id: 0x8ade5946, L:/127.0.0.1:57574 - R:localhost/127.0.0.1:52701]' for 'POST' to '/session'
10:45:16.123 [AsyncHttpClient-1-9] DEBUG org.asynchttpclient.netty.handler.HttpHandler - 

Request DefaultHttpRequest(decodeResult: success, version: HTTP/1.1)
POST /session HTTP/1.1
User-Agent: selenium/4.1.2 (java windows)
Content-Length: 621
Content-Type: application/json; charset=utf-8
host: localhost:52701
accept: */*

Response DefaultHttpResponse(decodeResult: success, version: HTTP/1.1)
HTTP/1.1 200 OK
Content-Type: application/json; charset=utf-8
cache-control: no-cache
content-length: 788

10:45:16.123 [AsyncHttpClient-1-9] DEBUG org.asynchttpclient.netty.channel.ChannelManager - Adding key: http://localhost:52701 for channel [id: 0x8ade5946, L:/127.0.0.1:57574 - R:localhost/127.0.0.1:52701]
10:45:16.152 [AsyncHttpClient-1-2] DEBUG org.asynchttpclient.netty.channel.NettyConnectListener - Using new Channel '[id: 0xd429460a, L:/127.0.0.1:57581 - R:localhost/127.0.0.1:57575]' for 'GET' to '/json/version'
10:45:16.153 [AsyncHttpClient-1-2] DEBUG org.asynchttpclient.netty.handler.HttpHandler - 

Request DefaultFullHttpRequest(decodeResult: success, version: HTTP/1.1, content: EmptyByteBufBE)
GET /json/version HTTP/1.1
User-Agent: selenium/4.1.2 (java windows)
host: localhost:57575
accept: */*

Response DefaultHttpResponse(decodeResult: success, version: HTTP/1.1)
HTTP/1.1 200 OK
Content-Type: application/json; charset=UTF-8
content-length: 427

10:45:16.153 [AsyncHttpClient-1-2] DEBUG org.asynchttpclient.netty.channel.ChannelManager - Adding key: http://localhost:57575 for channel [id: 0xd429460a, L:/127.0.0.1:57581 - R:localhost/127.0.0.1:57575]
10:45:16.156 [AsyncHttpClient-1-3] DEBUG org.asynchttpclient.netty.channel.NettyConnectListener - Using new Channel '[id: 0xc50c33bc, L:/127.0.0.1:57582 - R:localhost/127.0.0.1:57575]' for 'GET' to '/devtools/browser/a868af81-d5af-4028-95b1-cbd2cb7737b6'
10:45:16.158 [AsyncHttpClient-1-3] DEBUG org.asynchttpclient.netty.handler.WebSocketHandler - 

Request DefaultFullHttpRequest(decodeResult: success, version: HTTP/1.1, content: EmptyByteBufBE)
GET /devtools/browser/a868af81-d5af-4028-95b1-cbd2cb7737b6 HTTP/1.1
upgrade: websocket
connection: upgrade
sec-websocket-key: DlhXMjx0b25U3bQwSaLZdQ==
sec-websocket-version: 13
origin: http://localhost:57575
host: localhost:57575
accept: */*
user-agent: AHC/2.1

Response DefaultHttpResponse(decodeResult: success, version: HTTP/1.1)
HTTP/1.1 101 WebSocket Protocol Handshake
Upgrade: WebSocket
Connection: Upgrade
Sec-WebSocket-Accept: nwxPSKB36xgxG0FG5PgScEOhmXM=

10:45:16.167 [Forwarding maximizeCurrentWindow on session 2d84d5ab866d5cac0d936af2ac972dfe to remote] DEBUG org.asynchttpclient.netty.request.NettyRequestSender - Using pooled Channel '[id: 0x8ade5946, L:/127.0.0.1:57574 - R:localhost/127.0.0.1:52701]' for 'POST' to 'http://localhost:52701/session/2d84d5ab866d5cac0d936af2ac972dfe/window/maximize'
10:45:16.167 [Forwarding maximizeCurrentWindow on session 2d84d5ab866d5cac0d936af2ac972dfe to remote] DEBUG org.asynchttpclient.netty.request.NettyRequestSender - Using open Channel [id: 0x8ade5946, L:/127.0.0.1:57574 - R:localhost/127.0.0.1:52701] for POST '/session/2d84d5ab866d5cac0d936af2ac972dfe/window/maximize'
10:45:16.284 [AsyncHttpClient-1-9] DEBUG org.asynchttpclient.netty.handler.HttpHandler - 

Request DefaultHttpRequest(decodeResult: success, version: HTTP/1.1)
POST /session/2d84d5ab866d5cac0d936af2ac972dfe/window/maximize HTTP/1.1
User-Agent: selenium/4.1.2 (java windows)
Content-Length: 3
Content-Type: application/json; charset=utf-8
host: localhost:52701
accept: */*

Response DefaultHttpResponse(decodeResult: success, version: HTTP/1.1)
HTTP/1.1 200 OK
Content-Type: application/json; charset=utf-8
cache-control: no-cache
content-length: 51

10:45:16.284 [AsyncHttpClient-1-9] DEBUG org.asynchttpclient.netty.channel.ChannelManager - Adding key: http://localhost:52701 for channel [id: 0x8ade5946, L:/127.0.0.1:57574 - R:localhost/127.0.0.1:52701]
10:45:16.286 [Forwarding get on session 2d84d5ab866d5cac0d936af2ac972dfe to remote] DEBUG org.asynchttpclient.netty.request.NettyRequestSender - Using pooled Channel '[id: 0x8ade5946, L:/127.0.0.1:57574 - R:localhost/127.0.0.1:52701]' for 'POST' to 'http://localhost:52701/session/2d84d5ab866d5cac0d936af2ac972dfe/url'
10:45:16.286 [Forwarding get on session 2d84d5ab866d5cac0d936af2ac972dfe to remote] DEBUG org.asynchttpclient.netty.request.NettyRequestSender - Using open Channel [id: 0x8ade5946, L:/127.0.0.1:57574 - R:localhost/127.0.0.1:52701] for POST '/session/2d84d5ab866d5cac0d936af2ac972dfe/url'
10:45:16.665 [AsyncHttpClient-1-1] DEBUG org.asynchttpclient.netty.channel.DefaultChannelPool - Entry count for : http://localhost:57575 : 1
10:45:17.764 [AsyncHttpClient-1-1] DEBUG org.asynchttpclient.netty.channel.DefaultChannelPool - Entry count for : http://localhost:57575 : 1
10:45:18.586 [AsyncHttpClient-1-9] DEBUG org.asynchttpclient.netty.handler.HttpHandler - 

Request DefaultHttpRequest(decodeResult: success, version: HTTP/1.1)
POST /session/2d84d5ab866d5cac0d936af2ac972dfe/url HTTP/1.1
User-Agent: selenium/4.1.2 (java windows)
Content-Length: 65
Content-Type: application/json; charset=utf-8
host: localhost:52701
accept: */*

Response DefaultHttpResponse(decodeResult: success, version: HTTP/1.1)
HTTP/1.1 200 OK
Content-Type: application/json; charset=utf-8
cache-control: no-cache
content-length: 14

10:45:18.586 [AsyncHttpClient-1-9] DEBUG org.asynchttpclient.netty.channel.ChannelManager - Adding key: http://localhost:52701 for channel [id: 0x8ade5946, L:/127.0.0.1:57574 - R:localhost/127.0.0.1:52701]
10:45:18.588 [Forwarding setTimeout on session 2d84d5ab866d5cac0d936af2ac972dfe to remote] DEBUG org.asynchttpclient.netty.request.NettyRequestSender - Using pooled Channel '[id: 0x8ade5946, L:/127.0.0.1:57574 - R:localhost/127.0.0.1:52701]' for 'POST' to 'http://localhost:52701/session/2d84d5ab866d5cac0d936af2ac972dfe/timeouts'
10:45:18.588 [Forwarding setTimeout on session 2d84d5ab866d5cac0d936af2ac972dfe to remote] DEBUG org.asynchttpclient.netty.request.NettyRequestSender - Using open Channel [id: 0x8ade5946, L:/127.0.0.1:57574 - R:localhost/127.0.0.1:52701] for POST '/session/2d84d5ab866d5cac0d936af2ac972dfe/timeouts'
10:45:18.598 [AsyncHttpClient-1-9] DEBUG org.asynchttpclient.netty.handler.HttpHandler - 

Request DefaultHttpRequest(decodeResult: success, version: HTTP/1.1)
POST /session/2d84d5ab866d5cac0d936af2ac972dfe/timeouts HTTP/1.1
User-Agent: selenium/4.1.2 (java windows)
Content-Length: 22
Content-Type: application/json; charset=utf-8
host: localhost:52701
accept: */*

Response DefaultHttpResponse(decodeResult: success, version: HTTP/1.1)
HTTP/1.1 200 OK
Content-Type: application/json; charset=utf-8
cache-control: no-cache
content-length: 14

10:45:18.599 [AsyncHttpClient-1-9] DEBUG org.asynchttpclient.netty.channel.ChannelManager - Adding key: http://localhost:52701 for channel [id: 0x8ade5946, L:/127.0.0.1:57574 - R:localhost/127.0.0.1:52701]
10:45:18.608 [Forwarding getCurrentUrl on session 2d84d5ab866d5cac0d936af2ac972dfe to remote] DEBUG org.asynchttpclient.netty.request.NettyRequestSender - Using pooled Channel '[id: 0x8ade5946, L:/127.0.0.1:57574 - R:localhost/127.0.0.1:52701]' for 'GET' to 'http://localhost:52701/session/2d84d5ab866d5cac0d936af2ac972dfe/url'
10:45:18.608 [Forwarding getCurrentUrl on session 2d84d5ab866d5cac0d936af2ac972dfe to remote] DEBUG org.asynchttpclient.netty.request.NettyRequestSender - Using open Channel [id: 0x8ade5946, L:/127.0.0.1:57574 - R:localhost/127.0.0.1:52701] for GET '/session/2d84d5ab866d5cac0d936af2ac972dfe/url'
10:45:18.639 [AsyncHttpClient-1-9] DEBUG org.asynchttpclient.netty.handler.HttpHandler - 

Request DefaultFullHttpRequest(decodeResult: success, version: HTTP/1.1, content: EmptyByteBufBE)
GET /session/2d84d5ab866d5cac0d936af2ac972dfe/url HTTP/1.1
User-Agent: selenium/4.1.2 (java windows)
Cache-Control: no-cache
Content-Type: application/json; charset=utf-8
host: localhost:52701
accept: */*

Response DefaultHttpResponse(decodeResult: success, version: HTTP/1.1)
HTTP/1.1 200 OK
Content-Type: application/json; charset=utf-8
cache-control: no-cache
content-length: 53

10:45:18.639 [AsyncHttpClient-1-9] DEBUG org.asynchttpclient.netty.channel.ChannelManager - Adding key: http://localhost:52701 for channel [id: 0x8ade5946, L:/127.0.0.1:57574 - R:localhost/127.0.0.1:52701]
10:45:18.647 [Forwarding getCurrentUrl on session 2d84d5ab866d5cac0d936af2ac972dfe to remote] DEBUG org.asynchttpclient.netty.request.NettyRequestSender - Using pooled Channel '[id: 0x8ade5946, L:/127.0.0.1:57574 - R:localhost/127.0.0.1:52701]' for 'GET' to 'http://localhost:52701/session/2d84d5ab866d5cac0d936af2ac972dfe/url'
10:45:18.647 [Forwarding getCurrentUrl on session 2d84d5ab866d5cac0d936af2ac972dfe to remote] DEBUG org.asynchttpclient.netty.request.NettyRequestSender - Using open Channel [id: 0x8ade5946, L:/127.0.0.1:57574 - R:localhost/127.0.0.1:52701] for GET '/session/2d84d5ab866d5cac0d936af2ac972dfe/url'
10:45:18.653 [AsyncHttpClient-1-9] DEBUG org.asynchttpclient.netty.handler.HttpHandler - 

Request DefaultFullHttpRequest(decodeResult: success, version: HTTP/1.1, content: EmptyByteBufBE)
GET /session/2d84d5ab866d5cac0d936af2ac972dfe/url HTTP/1.1
User-Agent: selenium/4.1.2 (java windows)
Cache-Control: no-cache
Content-Type: application/json; charset=utf-8
host: localhost:52701
accept: */*

Response DefaultHttpResponse(decodeResult: success, version: HTTP/1.1)
HTTP/1.1 200 OK
Content-Type: application/json; charset=utf-8
cache-control: no-cache
content-length: 53

10:45:18.653 [AsyncHttpClient-1-9] DEBUG org.asynchttpclient.netty.channel.ChannelManager - Adding key: http://localhost:52701 for channel [id: 0x8ade5946, L:/127.0.0.1:57574 - R:localhost/127.0.0.1:52701]
10:45:18.663 [Forwarding screenshot on session 2d84d5ab866d5cac0d936af2ac972dfe to remote] DEBUG org.asynchttpclient.netty.request.NettyRequestSender - Using pooled Channel '[id: 0x8ade5946, L:/127.0.0.1:57574 - R:localhost/127.0.0.1:52701]' for 'GET' to 'http://localhost:52701/session/2d84d5ab866d5cac0d936af2ac972dfe/screenshot'
10:45:18.663 [Forwarding screenshot on session 2d84d5ab866d5cac0d936af2ac972dfe to remote] DEBUG org.asynchttpclient.netty.request.NettyRequestSender - Using open Channel [id: 0x8ade5946, L:/127.0.0.1:57574 - R:localhost/127.0.0.1:52701] for GET '/session/2d84d5ab866d5cac0d936af2ac972dfe/screenshot'
10:45:18.866 [AsyncHttpClient-1-1] DEBUG org.asynchttpclient.netty.channel.DefaultChannelPool - Entry count for : http://localhost:57575 : 1
10:45:18.898 [AsyncHttpClient-1-9] DEBUG org.asynchttpclient.netty.handler.HttpHandler - 

Request DefaultFullHttpRequest(decodeResult: success, version: HTTP/1.1, content: EmptyByteBufBE)
GET /session/2d84d5ab866d5cac0d936af2ac972dfe/screenshot HTTP/1.1
User-Agent: selenium/4.1.2 (java windows)
Cache-Control: no-cache
Content-Type: application/json; charset=utf-8
host: localhost:52701
accept: */*

Response DefaultHttpResponse(decodeResult: success, version: HTTP/1.1)
HTTP/1.1 200 OK
Content-Type: application/json; charset=utf-8
cache-control: no-cache
content-length: 148664

10:45:18.900 [AsyncHttpClient-1-9] DEBUG org.asynchttpclient.netty.channel.ChannelManager - Adding key: http://localhost:52701 for channel [id: 0x8ade5946, L:/127.0.0.1:57574 - R:localhost/127.0.0.1:52701]
10:45:18.910 [main] DEBUG net.serenitybdd.core.photography.Darkroom - Send negative for processing for target\site\serenity\bb0175c256d3ff5795421fd24d1fa6f783a23b0a4ed34420f8c8fa907f9648e7.png
10:45:18.910 [main] DEBUG net.thucydides.core.steps.StepInterceptor - STEP DONE: openUrl
10:45:18.910 [Darkroom Processing Line] DEBUG net.serenitybdd.core.photography.DarkroomProcessingLine - Processing screenshot image in /var/screenshots/screenshot-12625332692188674792
10:45:18.910 [Darkroom Processing Line] DEBUG net.serenitybdd.core.photography.DarkroomProcessingLine - Saving screenshot to target\site\serenity\bb0175c256d3ff5795421fd24d1fa6f783a23b0a4ed34420f8c8fa907f9648e7.png
10:45:18.923 [main] DEBUG net.thucydides.core.steps.StepInterceptor - STARTING STEP: PatientSteps.iAmAtTheDashboardPage - validateOnDashboardPage
10:45:18.927 [Forwarding findElement on session 2d84d5ab866d5cac0d936af2ac972dfe to remote] DEBUG org.asynchttpclient.netty.request.NettyRequestSender - Using pooled Channel '[id: 0x8ade5946, L:/127.0.0.1:57574 - R:localhost/127.0.0.1:52701]' for 'POST' to 'http://localhost:52701/session/2d84d5ab866d5cac0d936af2ac972dfe/element'
10:45:18.927 [Forwarding findElement on session 2d84d5ab866d5cac0d936af2ac972dfe to remote] DEBUG org.asynchttpclient.netty.request.NettyRequestSender - Using open Channel [id: 0x8ade5946, L:/127.0.0.1:57574 - R:localhost/127.0.0.1:52701] for POST '/session/2d84d5ab866d5cac0d936af2ac972dfe/element'
10:45:18.949 [AsyncHttpClient-1-9] DEBUG org.asynchttpclient.netty.handler.HttpHandler - 

Request DefaultHttpRequest(decodeResult: success, version: HTTP/1.1)
POST /session/2d84d5ab866d5cac0d936af2ac972dfe/element HTTP/1.1
User-Agent: selenium/4.1.2 (java windows)
Content-Length: 81
Content-Type: application/json; charset=utf-8
host: localhost:52701
accept: */*

Response DefaultHttpResponse(decodeResult: success, version: HTTP/1.1)
HTTP/1.1 200 OK
Content-Type: application/json; charset=utf-8
cache-control: no-cache
content-length: 88

10:45:18.949 [AsyncHttpClient-1-9] DEBUG org.asynchttpclient.netty.channel.ChannelManager - Adding key: http://localhost:52701 for channel [id: 0x8ade5946, L:/127.0.0.1:57574 - R:localhost/127.0.0.1:52701]
10:45:18.955 [Forwarding isElementDisplayed on session 2d84d5ab866d5cac0d936af2ac972dfe to remote] DEBUG org.asynchttpclient.netty.request.NettyRequestSender - Using pooled Channel '[id: 0x8ade5946, L:/127.0.0.1:57574 - R:localhost/127.0.0.1:52701]' for 'POST' to 'http://localhost:52701/session/2d84d5ab866d5cac0d936af2ac972dfe/execute/sync'
10:45:18.955 [Forwarding isElementDisplayed on session 2d84d5ab866d5cac0d936af2ac972dfe to remote] DEBUG org.asynchttpclient.netty.request.NettyRequestSender - Using open Channel [id: 0x8ade5946, L:/127.0.0.1:57574 - R:localhost/127.0.0.1:52701] for POST '/session/2d84d5ab866d5cac0d936af2ac972dfe/execute/sync'
10:45:18.983 [AsyncHttpClient-1-9] DEBUG org.asynchttpclient.netty.handler.HttpHandler - 

Request DefaultHttpRequest(decodeResult: success, version: HTTP/1.1)
POST /session/2d84d5ab866d5cac0d936af2ac972dfe/execute/sync HTTP/1.1
User-Agent: selenium/4.1.2 (java windows)
Content-Length: 48780
Content-Type: application/json; charset=utf-8
host: localhost:52701
accept: */*

Response DefaultHttpResponse(decodeResult: success, version: HTTP/1.1)
HTTP/1.1 200 OK
Content-Type: application/json; charset=utf-8
cache-control: no-cache
content-length: 14

10:45:18.984 [AsyncHttpClient-1-9] DEBUG org.asynchttpclient.netty.channel.ChannelManager - Adding key: http://localhost:52701 for channel [id: 0x8ade5946, L:/127.0.0.1:57574 - R:localhost/127.0.0.1:52701]
10:45:18.992 [Forwarding screenshot on session 2d84d5ab866d5cac0d936af2ac972dfe to remote] DEBUG org.asynchttpclient.netty.request.NettyRequestSender - Using pooled Channel '[id: 0x8ade5946, L:/127.0.0.1:57574 - R:localhost/127.0.0.1:52701]' for 'GET' to 'http://localhost:52701/session/2d84d5ab866d5cac0d936af2ac972dfe/screenshot'
10:45:18.993 [Forwarding screenshot on session 2d84d5ab866d5cac0d936af2ac972dfe to remote] DEBUG org.asynchttpclient.netty.request.NettyRequestSender - Using open Channel [id: 0x8ade5946, L:/127.0.0.1:57574 - R:localhost/127.0.0.1:52701] for GET '/session/2d84d5ab866d5cac0d936af2ac972dfe/screenshot'
10:45:19.340 [AsyncHttpClient-1-9] DEBUG org.asynchttpclient.netty.handler.HttpHandler - 

Request DefaultFullHttpRequest(decodeResult: success, version: HTTP/1.1, content: EmptyByteBufBE)
GET /session/2d84d5ab866d5cac0d936af2ac972dfe/screenshot HTTP/1.1
User-Agent: selenium/4.1.2 (java windows)
Cache-Control: no-cache
Content-Type: application/json; charset=utf-8
host: localhost:52701
accept: */*

Response DefaultHttpResponse(decodeResult: success, version: HTTP/1.1)
HTTP/1.1 200 OK
Content-Type: application/json; charset=utf-8
cache-control: no-cache
content-length: 148664

10:45:19.341 [AsyncHttpClient-1-9] DEBUG org.asynchttpclient.netty.channel.ChannelManager - Adding key: http://localhost:52701 for channel [id: 0x8ade5946, L:/127.0.0.1:57574 - R:localhost/127.0.0.1:52701]
10:45:19.352 [main] DEBUG net.serenitybdd.core.photography.Darkroom - Send negative for processing for target\site\serenity\bb0175c256d3ff5795421fd24d1fa6f783a23b0a4ed34420f8c8fa907f9648e7.png
10:45:19.352 [main] DEBUG net.thucydides.core.steps.StepInterceptor - STEP DONE: validateOnDashboardPage
  &amp#27;[32mGiven &amp#27;[0m&amp#27;[32mI am at the dashboard page&amp#27;[0m           &amp#27;[90m# starter.stepdefinitions.PatientSteps.iAmAtTheDashboardPage()&amp#27;[0m
10:45:19.378 [main] DEBUG net.thucydides.core.steps.StepInterceptor - STARTING STEP: PatientSteps.iClickMenuPatient - clickMenuPatientButton
10:45:19.402 [Forwarding findElement on session 2d84d5ab866d5cac0d936af2ac972dfe to remote] DEBUG org.asynchttpclient.netty.request.NettyRequestSender - Using pooled Channel '[id: 0x8ade5946, L:/127.0.0.1:57574 - R:localhost/127.0.0.1:52701]' for 'POST' to 'http://localhost:52701/session/2d84d5ab866d5cac0d936af2ac972dfe/element'
10:45:19.402 [Forwarding findElement on session 2d84d5ab866d5cac0d936af2ac972dfe to remote] DEBUG org.asynchttpclient.netty.request.NettyRequestSender - Using open Channel [id: 0x8ade5946, L:/127.0.0.1:57574 - R:localhost/127.0.0.1:52701] for POST '/session/2d84d5ab866d5cac0d936af2ac972dfe/element'
10:45:19.421 [AsyncHttpClient-1-9] DEBUG org.asynchttpclient.netty.handler.HttpHandler - 

Request DefaultHttpRequest(decodeResult: success, version: HTTP/1.1)
POST /session/2d84d5ab866d5cac0d936af2ac972dfe/element HTTP/1.1
User-Agent: selenium/4.1.2 (java windows)
Content-Length: 80
Content-Type: application/json; charset=utf-8
host: localhost:52701
accept: */*

Response DefaultHttpResponse(decodeResult: success, version: HTTP/1.1)
HTTP/1.1 200 OK
Content-Type: application/json; charset=utf-8
cache-control: no-cache
content-length: 88

10:45:19.421 [AsyncHttpClient-1-9] DEBUG org.asynchttpclient.netty.channel.ChannelManager - Adding key: http://localhost:52701 for channel [id: 0x8ade5946, L:/127.0.0.1:57574 - R:localhost/127.0.0.1:52701]
10:45:19.423 [Forwarding getElementTagName on session 2d84d5ab866d5cac0d936af2ac972dfe to remote] DEBUG org.asynchttpclient.netty.request.NettyRequestSender - Using pooled Channel '[id: 0x8ade5946, L:/127.0.0.1:57574 - R:localhost/127.0.0.1:52701]' for 'GET' to 'http://localhost:52701/session/2d84d5ab866d5cac0d936af2ac972dfe/element/7ee651c7-41fa-4539-8afe-f97a3d6fc15b/name'
10:45:19.423 [Forwarding getElementTagName on session 2d84d5ab866d5cac0d936af2ac972dfe to remote] DEBUG org.asynchttpclient.netty.request.NettyRequestSender - Using open Channel [id: 0x8ade5946, L:/127.0.0.1:57574 - R:localhost/127.0.0.1:52701] for GET '/session/2d84d5ab866d5cac0d936af2ac972dfe/element/7ee651c7-41fa-4539-8afe-f97a3d6fc15b/name'
10:45:19.430 [AsyncHttpClient-1-9] DEBUG org.asynchttpclient.netty.handler.HttpHandler - 

Request DefaultFullHttpRequest(decodeResult: success, version: HTTP/1.1, content: EmptyByteBufBE)
GET /session/2d84d5ab866d5cac0d936af2ac972dfe/element/7ee651c7-41fa-4539-8afe-f97a3d6fc15b/name HTTP/1.1
User-Agent: selenium/4.1.2 (java windows)
Cache-Control: no-cache
Content-Type: application/json; charset=utf-8
host: localhost:52701
accept: */*

Response DefaultHttpResponse(decodeResult: success, version: HTTP/1.1)
HTTP/1.1 200 OK
Content-Type: application/json; charset=utf-8
cache-control: no-cache
content-length: 15

10:45:19.430 [AsyncHttpClient-1-9] DEBUG org.asynchttpclient.netty.channel.ChannelManager - Adding key: http://localhost:52701 for channel [id: 0x8ade5946, L:/127.0.0.1:57574 - R:localhost/127.0.0.1:52701]
10:45:19.431 [Forwarding getElementTagName on session 2d84d5ab866d5cac0d936af2ac972dfe to remote] DEBUG org.asynchttpclient.netty.request.NettyRequestSender - Using pooled Channel '[id: 0x8ade5946, L:/127.0.0.1:57574 - R:localhost/127.0.0.1:52701]' for 'GET' to 'http://localhost:52701/session/2d84d5ab866d5cac0d936af2ac972dfe/element/7ee651c7-41fa-4539-8afe-f97a3d6fc15b/name'
10:45:19.432 [Forwarding getElementTagName on session 2d84d5ab866d5cac0d936af2ac972dfe to remote] DEBUG org.asynchttpclient.netty.request.NettyRequestSender - Using open Channel [id: 0x8ade5946, L:/127.0.0.1:57574 - R:localhost/127.0.0.1:52701] for GET '/session/2d84d5ab866d5cac0d936af2ac972dfe/element/7ee651c7-41fa-4539-8afe-f97a3d6fc15b/name'
10:45:19.436 [AsyncHttpClient-1-9] DEBUG org.asynchttpclient.netty.handler.HttpHandler - 

Request DefaultFullHttpRequest(decodeResult: success, version: HTTP/1.1, content: EmptyByteBufBE)
GET /session/2d84d5ab866d5cac0d936af2ac972dfe/element/7ee651c7-41fa-4539-8afe-f97a3d6fc15b/name HTTP/1.1
User-Agent: selenium/4.1.2 (java windows)
Cache-Control: no-cache
Content-Type: application/json; charset=utf-8
host: localhost:52701
accept: */*

Response DefaultHttpResponse(decodeResult: success, version: HTTP/1.1)
HTTP/1.1 200 OK
Content-Type: application/json; charset=utf-8
cache-control: no-cache
content-length: 15

10:45:19.437 [AsyncHttpClient-1-9] DEBUG org.asynchttpclient.netty.channel.ChannelManager - Adding key: http://localhost:52701 for channel [id: 0x8ade5946, L:/127.0.0.1:57574 - R:localhost/127.0.0.1:52701]
10:45:19.439 [Forwarding findElement on session 2d84d5ab866d5cac0d936af2ac972dfe to remote] DEBUG org.asynchttpclient.netty.request.NettyRequestSender - Using pooled Channel '[id: 0x8ade5946, L:/127.0.0.1:57574 - R:localhost/127.0.0.1:52701]' for 'POST' to 'http://localhost:52701/session/2d84d5ab866d5cac0d936af2ac972dfe/element'
10:45:19.440 [Forwarding findElement on session 2d84d5ab866d5cac0d936af2ac972dfe to remote] DEBUG org.asynchttpclient.netty.request.NettyRequestSender - Using open Channel [id: 0x8ade5946, L:/127.0.0.1:57574 - R:localhost/127.0.0.1:52701] for POST '/session/2d84d5ab866d5cac0d936af2ac972dfe/element'
10:45:19.455 [AsyncHttpClient-1-9] DEBUG org.asynchttpclient.netty.handler.HttpHandler - 

Request DefaultHttpRequest(decodeResult: success, version: HTTP/1.1)
POST /session/2d84d5ab866d5cac0d936af2ac972dfe/element HTTP/1.1
User-Agent: selenium/4.1.2 (java windows)
Content-Length: 80
Content-Type: application/json; charset=utf-8
host: localhost:52701
accept: */*

Response DefaultHttpResponse(decodeResult: success, version: HTTP/1.1)
HTTP/1.1 200 OK
Content-Type: application/json; charset=utf-8
cache-control: no-cache
content-length: 88

10:45:19.455 [AsyncHttpClient-1-9] DEBUG org.asynchttpclient.netty.channel.ChannelManager - Adding key: http://localhost:52701 for channel [id: 0x8ade5946, L:/127.0.0.1:57574 - R:localhost/127.0.0.1:52701]
10:45:19.457 [Forwarding clickElement on session 2d84d5ab866d5cac0d936af2ac972dfe to remote] DEBUG org.asynchttpclient.netty.request.NettyRequestSender - Using pooled Channel '[id: 0x8ade5946, L:/127.0.0.1:57574 - R:localhost/127.0.0.1:52701]' for 'POST' to 'http://localhost:52701/session/2d84d5ab866d5cac0d936af2ac972dfe/element/7ee651c7-41fa-4539-8afe-f97a3d6fc15b/click'
10:45:19.457 [Forwarding clickElement on session 2d84d5ab866d5cac0d936af2ac972dfe to remote] DEBUG org.asynchttpclient.netty.request.NettyRequestSender - Using open Channel [id: 0x8ade5946, L:/127.0.0.1:57574 - R:localhost/127.0.0.1:52701] for POST '/session/2d84d5ab866d5cac0d936af2ac972dfe/element/7ee651c7-41fa-4539-8afe-f97a3d6fc15b/click'
10:45:19.669 [AsyncHttpClient-1-9] DEBUG org.asynchttpclient.netty.handler.HttpHandler - 

Request DefaultHttpRequest(decodeResult: success, version: HTTP/1.1)
POST /session/2d84d5ab866d5cac0d936af2ac972dfe/element/7ee651c7-41fa-4539-8afe-f97a3d6fc15b/click HTTP/1.1
User-Agent: selenium/4.1.2 (java windows)
Content-Length: 50
Content-Type: application/json; charset=utf-8
host: localhost:52701
accept: */*

Response DefaultHttpResponse(decodeResult: success, version: HTTP/1.1)
HTTP/1.1 200 OK
Content-Type: application/json; charset=utf-8
cache-control: no-cache
content-length: 14

10:45:19.669 [AsyncHttpClient-1-9] DEBUG org.asynchttpclient.netty.channel.ChannelManager - Adding key: http://localhost:52701 for channel [id: 0x8ade5946, L:/127.0.0.1:57574 - R:localhost/127.0.0.1:52701]
10:45:19.681 [Forwarding screenshot on session 2d84d5ab866d5cac0d936af2ac972dfe to remote] DEBUG org.asynchttpclient.netty.request.NettyRequestSender - Using pooled Channel '[id: 0x8ade5946, L:/127.0.0.1:57574 - R:localhost/127.0.0.1:52701]' for 'GET' to 'http://localhost:52701/session/2d84d5ab866d5cac0d936af2ac972dfe/screenshot'
10:45:19.681 [Forwarding screenshot on session 2d84d5ab866d5cac0d936af2ac972dfe to remote] DEBUG org.asynchttpclient.netty.request.NettyRequestSender - Using open Channel [id: 0x8ade5946, L:/127.0.0.1:57574 - R:localhost/127.0.0.1:52701] for GET '/session/2d84d5ab866d5cac0d936af2ac972dfe/screenshot'
10:45:19.831 [AsyncHttpClient-1-9] DEBUG org.asynchttpclient.netty.handler.HttpHandler - 

Request DefaultFullHttpRequest(decodeResult: success, version: HTTP/1.1, content: EmptyByteBufBE)
GET /session/2d84d5ab866d5cac0d936af2ac972dfe/screenshot HTTP/1.1
User-Agent: selenium/4.1.2 (java windows)
Cache-Control: no-cache
Content-Type: application/json; charset=utf-8
host: localhost:52701
accept: */*

Response DefaultHttpResponse(decodeResult: success, version: HTTP/1.1)
HTTP/1.1 200 OK
Content-Type: application/json; charset=utf-8
cache-control: no-cache
content-length: 55372

10:45:19.831 [AsyncHttpClient-1-9] DEBUG org.asynchttpclient.netty.channel.ChannelManager - Adding key: http://localhost:52701 for channel [id: 0x8ade5946, L:/127.0.0.1:57574 - R:localhost/127.0.0.1:52701]
10:45:19.836 [main] DEBUG net.serenitybdd.core.photography.Darkroom - Send negative for processing for target\site\serenity\c886102f421ef8e705409955539f8574c7e22dd5f158313ecdebe95b5d6560bd.png
10:45:19.836 [main] DEBUG net.thucydides.core.steps.StepInterceptor - STEP DONE: clickMenuPatientButton
10:45:19.836 [Darkroom Processing Line] DEBUG net.serenitybdd.core.photography.DarkroomProcessingLine - Processing screenshot image in /var/screenshots/screenshot-479888610945192800
  &amp#27;[32mAnd &amp#27;[0m&amp#27;[32mI click menu patient&amp#27;[0m                   &amp#27;[90m# starter.stepdefinitions.PatientSteps.iClickMenuPatient()&amp#27;[0m
10:45:19.836 [Darkroom Processing Line] DEBUG net.serenitybdd.core.photography.DarkroomProcessingLine - Saving screenshot to target\site\serenity\c886102f421ef8e705409955539f8574c7e22dd5f158313ecdebe95b5d6560bd.png
10:45:19.889 [Forwarding screenshot on session 2d84d5ab866d5cac0d936af2ac972dfe to remote] DEBUG org.asynchttpclient.netty.request.NettyRequestSender - Using pooled Channel '[id: 0x8ade5946, L:/127.0.0.1:57574 - R:localhost/127.0.0.1:52701]' for 'GET' to 'http://localhost:52701/session/2d84d5ab866d5cac0d936af2ac972dfe/screenshot'
10:45:19.890 [Forwarding screenshot on session 2d84d5ab866d5cac0d936af2ac972dfe to remote] DEBUG org.asynchttpclient.netty.request.NettyRequestSender - Using open Channel [id: 0x8ade5946, L:/127.0.0.1:57574 - R:localhost/127.0.0.1:52701] for GET '/session/2d84d5ab866d5cac0d936af2ac972dfe/screenshot'
10:45:19.965 [AsyncHttpClient-1-1] DEBUG org.asynchttpclient.netty.channel.DefaultChannelPool - Entry count for : http://localhost:57575 : 1
10:45:20.127 [AsyncHttpClient-1-9] DEBUG org.asynchttpclient.netty.handler.HttpHandler - 

Request DefaultFullHttpRequest(decodeResult: success, version: HTTP/1.1, content: EmptyByteBufBE)
GET /session/2d84d5ab866d5cac0d936af2ac972dfe/screenshot HTTP/1.1
User-Agent: selenium/4.1.2 (java windows)
Cache-Control: no-cache
Content-Type: application/json; charset=utf-8
host: localhost:52701
accept: */*

Response DefaultHttpResponse(decodeResult: success, version: HTTP/1.1)
HTTP/1.1 200 OK
Content-Type: application/json; charset=utf-8
cache-control: no-cache
content-length: 55400

10:45:20.128 [AsyncHttpClient-1-9] DEBUG org.asynchttpclient.netty.channel.ChannelManager - Adding key: http://localhost:52701 for channel [id: 0x8ade5946, L:/127.0.0.1:57574 - R:localhost/127.0.0.1:52701]
10:45:20.132 [main] DEBUG net.serenitybdd.core.photography.Darkroom - Send negative for processing for target\site\serenity\91b300aefe939afd6bb731040f1bbeadeb7a0bf2b833bc96661c14353da54e82.png
10:45:20.133 [Darkroom Processing Line] DEBUG net.serenitybdd.core.photography.DarkroomProcessingLine - Processing screenshot image in /var/screenshots/screenshot-16175337300451304114
10:45:20.133 [Darkroom Processing Line] DEBUG net.serenitybdd.core.photography.DarkroomProcessingLine - Saving screenshot to target\site\serenity\91b300aefe939afd6bb731040f1bbeadeb7a0bf2b833bc96661c14353da54e82.png
10:45:20.158 [main] DEBUG net.thucydides.core.steps.StepInterceptor - STARTING STEP: PatientSteps.iClickAddNewPatient - clickAddNewPatientButton
10:45:20.164 [Forwarding findElement on session 2d84d5ab866d5cac0d936af2ac972dfe to remote] DEBUG org.asynchttpclient.netty.request.NettyRequestSender - Using pooled Channel '[id: 0x8ade5946, L:/127.0.0.1:57574 - R:localhost/127.0.0.1:52701]' for 'POST' to 'http://localhost:52701/session/2d84d5ab866d5cac0d936af2ac972dfe/element'
10:45:20.164 [Forwarding findElement on session 2d84d5ab866d5cac0d936af2ac972dfe to remote] DEBUG org.asynchttpclient.netty.request.NettyRequestSender - Using open Channel [id: 0x8ade5946, L:/127.0.0.1:57574 - R:localhost/127.0.0.1:52701] for POST '/session/2d84d5ab866d5cac0d936af2ac972dfe/element'
10:45:20.247 [AsyncHttpClient-1-9] DEBUG org.asynchttpclient.netty.handler.HttpHandler - 

Request DefaultHttpRequest(decodeResult: success, version: HTTP/1.1)
POST /session/2d84d5ab866d5cac0d936af2ac972dfe/element HTTP/1.1
User-Agent: selenium/4.1.2 (java windows)
Content-Length: 149
Content-Type: application/json; charset=utf-8
host: localhost:52701
accept: */*

Response DefaultHttpResponse(decodeResult: success, version: HTTP/1.1)
HTTP/1.1 200 OK
Content-Type: application/json; charset=utf-8
cache-control: no-cache
content-length: 88

10:45:20.247 [AsyncHttpClient-1-9] DEBUG org.asynchttpclient.netty.channel.ChannelManager - Adding key: http://localhost:52701 for channel [id: 0x8ade5946, L:/127.0.0.1:57574 - R:localhost/127.0.0.1:52701]
10:45:20.249 [Forwarding getElementTagName on session 2d84d5ab866d5cac0d936af2ac972dfe to remote] DEBUG org.asynchttpclient.netty.request.NettyRequestSender - Using pooled Channel '[id: 0x8ade5946, L:/127.0.0.1:57574 - R:localhost/127.0.0.1:52701]' for 'GET' to 'http://localhost:52701/session/2d84d5ab866d5cac0d936af2ac972dfe/element/14ead9ea-2bcf-4a02-813b-ba14cb03cc78/name'
10:45:20.249 [Forwarding getElementTagName on session 2d84d5ab866d5cac0d936af2ac972dfe to remote] DEBUG org.asynchttpclient.netty.request.NettyRequestSender - Using open Channel [id: 0x8ade5946, L:/127.0.0.1:57574 - R:localhost/127.0.0.1:52701] for GET '/session/2d84d5ab866d5cac0d936af2ac972dfe/element/14ead9ea-2bcf-4a02-813b-ba14cb03cc78/name'
10:45:20.256 [AsyncHttpClient-1-9] DEBUG org.asynchttpclient.netty.handler.HttpHandler - 

Request DefaultFullHttpRequest(decodeResult: success, version: HTTP/1.1, content: EmptyByteBufBE)
GET /session/2d84d5ab866d5cac0d936af2ac972dfe/element/14ead9ea-2bcf-4a02-813b-ba14cb03cc78/name HTTP/1.1
User-Agent: selenium/4.1.2 (java windows)
Cache-Control: no-cache
Content-Type: application/json; charset=utf-8
host: localhost:52701
accept: */*

Response DefaultHttpResponse(decodeResult: success, version: HTTP/1.1)
HTTP/1.1 200 OK
Content-Type: application/json; charset=utf-8
cache-control: no-cache
content-length: 18

10:45:20.256 [AsyncHttpClient-1-9] DEBUG org.asynchttpclient.netty.channel.ChannelManager - Adding key: http://localhost:52701 for channel [id: 0x8ade5946, L:/127.0.0.1:57574 - R:localhost/127.0.0.1:52701]
10:45:20.260 [Forwarding getElementTagName on session 2d84d5ab866d5cac0d936af2ac972dfe to remote] DEBUG org.asynchttpclient.netty.request.NettyRequestSender - Using pooled Channel '[id: 0x8ade5946, L:/127.0.0.1:57574 - R:localhost/127.0.0.1:52701]' for 'GET' to 'http://localhost:52701/session/2d84d5ab866d5cac0d936af2ac972dfe/element/14ead9ea-2bcf-4a02-813b-ba14cb03cc78/name'
10:45:20.260 [Forwarding getElementTagName on session 2d84d5ab866d5cac0d936af2ac972dfe to remote] DEBUG org.asynchttpclient.netty.request.NettyRequestSender - Using open Channel [id: 0x8ade5946, L:/127.0.0.1:57574 - R:localhost/127.0.0.1:52701] for GET '/session/2d84d5ab866d5cac0d936af2ac972dfe/element/14ead9ea-2bcf-4a02-813b-ba14cb03cc78/name'
10:45:20.267 [AsyncHttpClient-1-9] DEBUG org.asynchttpclient.netty.handler.HttpHandler - 

Request DefaultFullHttpRequest(decodeResult: success, version: HTTP/1.1, content: EmptyByteBufBE)
GET /session/2d84d5ab866d5cac0d936af2ac972dfe/element/14ead9ea-2bcf-4a02-813b-ba14cb03cc78/name HTTP/1.1
User-Agent: selenium/4.1.2 (java windows)
Cache-Control: no-cache
Content-Type: application/json; charset=utf-8
host: localhost:52701
accept: */*

Response DefaultHttpResponse(decodeResult: success, version: HTTP/1.1)
HTTP/1.1 200 OK
Content-Type: application/json; charset=utf-8
cache-control: no-cache
content-length: 18

10:45:20.267 [AsyncHttpClient-1-9] DEBUG org.asynchttpclient.netty.channel.ChannelManager - Adding key: http://localhost:52701 for channel [id: 0x8ade5946, L:/127.0.0.1:57574 - R:localhost/127.0.0.1:52701]
10:45:20.330 [Forwarding isElementEnabled on session 2d84d5ab866d5cac0d936af2ac972dfe to remote] DEBUG org.asynchttpclient.netty.request.NettyRequestSender - Using pooled Channel '[id: 0x8ade5946, L:/127.0.0.1:57574 - R:localhost/127.0.0.1:52701]' for 'GET' to 'http://localhost:52701/session/2d84d5ab866d5cac0d936af2ac972dfe/element/14ead9ea-2bcf-4a02-813b-ba14cb03cc78/enabled'
10:45:20.333 [Forwarding isElementEnabled on session 2d84d5ab866d5cac0d936af2ac972dfe to remote] DEBUG org.asynchttpclient.netty.request.NettyRequestSender - Using open Channel [id: 0x8ade5946, L:/127.0.0.1:57574 - R:localhost/127.0.0.1:52701] for GET '/session/2d84d5ab866d5cac0d936af2ac972dfe/element/14ead9ea-2bcf-4a02-813b-ba14cb03cc78/enabled'
10:45:20.460 [AsyncHttpClient-1-9] DEBUG org.asynchttpclient.netty.handler.HttpHandler - 

Request DefaultFullHttpRequest(decodeResult: success, version: HTTP/1.1, content: EmptyByteBufBE)
GET /session/2d84d5ab866d5cac0d936af2ac972dfe/element/14ead9ea-2bcf-4a02-813b-ba14cb03cc78/enabled HTTP/1.1
User-Agent: selenium/4.1.2 (java windows)
Cache-Control: no-cache
Content-Type: application/json; charset=utf-8
host: localhost:52701
accept: */*

Response DefaultHttpResponse(decodeResult: success, version: HTTP/1.1)
HTTP/1.1 200 OK
Content-Type: application/json; charset=utf-8
cache-control: no-cache
content-length: 14

10:45:20.460 [AsyncHttpClient-1-9] DEBUG org.asynchttpclient.netty.channel.ChannelManager - Adding key: http://localhost:52701 for channel [id: 0x8ade5946, L:/127.0.0.1:57574 - R:localhost/127.0.0.1:52701]
10:45:20.468 [Forwarding isElementEnabled on session 2d84d5ab866d5cac0d936af2ac972dfe to remote] DEBUG org.asynchttpclient.netty.request.NettyRequestSender - Using pooled Channel '[id: 0x8ade5946, L:/127.0.0.1:57574 - R:localhost/127.0.0.1:52701]' for 'GET' to 'http://localhost:52701/session/2d84d5ab866d5cac0d936af2ac972dfe/element/14ead9ea-2bcf-4a02-813b-ba14cb03cc78/enabled'
10:45:20.469 [Forwarding isElementEnabled on session 2d84d5ab866d5cac0d936af2ac972dfe to remote] DEBUG org.asynchttpclient.netty.request.NettyRequestSender - Using open Channel [id: 0x8ade5946, L:/127.0.0.1:57574 - R:localhost/127.0.0.1:52701] for GET '/session/2d84d5ab866d5cac0d936af2ac972dfe/element/14ead9ea-2bcf-4a02-813b-ba14cb03cc78/enabled'
10:45:20.479 [AsyncHttpClient-1-9] DEBUG org.asynchttpclient.netty.handler.HttpHandler - 

Request DefaultFullHttpRequest(decodeResult: success, version: HTTP/1.1, content: EmptyByteBufBE)
GET /session/2d84d5ab866d5cac0d936af2ac972dfe/element/14ead9ea-2bcf-4a02-813b-ba14cb03cc78/enabled HTTP/1.1
User-Agent: selenium/4.1.2 (java windows)
Cache-Control: no-cache
Content-Type: application/json; charset=utf-8
host: localhost:52701
accept: */*

Response DefaultHttpResponse(decodeResult: success, version: HTTP/1.1)
HTTP/1.1 200 OK
Content-Type: application/json; charset=utf-8
cache-control: no-cache
content-length: 14

10:45:20.480 [AsyncHttpClient-1-9] DEBUG org.asynchttpclient.netty.channel.ChannelManager - Adding key: http://localhost:52701 for channel [id: 0x8ade5946, L:/127.0.0.1:57574 - R:localhost/127.0.0.1:52701]
10:45:20.483 [Forwarding findElement on session 2d84d5ab866d5cac0d936af2ac972dfe to remote] DEBUG org.asynchttpclient.netty.request.NettyRequestSender - Using pooled Channel '[id: 0x8ade5946, L:/127.0.0.1:57574 - R:localhost/127.0.0.1:52701]' for 'POST' to 'http://localhost:52701/session/2d84d5ab866d5cac0d936af2ac972dfe/element'
10:45:20.483 [Forwarding findElement on session 2d84d5ab866d5cac0d936af2ac972dfe to remote] DEBUG org.asynchttpclient.netty.request.NettyRequestSender - Using open Channel [id: 0x8ade5946, L:/127.0.0.1:57574 - R:localhost/127.0.0.1:52701] for POST '/session/2d84d5ab866d5cac0d936af2ac972dfe/element'
10:45:20.501 [AsyncHttpClient-1-9] DEBUG org.asynchttpclient.netty.handler.HttpHandler - 

Request DefaultHttpRequest(decodeResult: success, version: HTTP/1.1)
POST /session/2d84d5ab866d5cac0d936af2ac972dfe/element HTTP/1.1
User-Agent: selenium/4.1.2 (java windows)
Content-Length: 149
Content-Type: application/json; charset=utf-8
host: localhost:52701
accept: */*

Response DefaultHttpResponse(decodeResult: success, version: HTTP/1.1)
HTTP/1.1 200 OK
Content-Type: application/json; charset=utf-8
cache-control: no-cache
content-length: 88

10:45:20.501 [AsyncHttpClient-1-9] DEBUG org.asynchttpclient.netty.channel.ChannelManager - Adding key: http://localhost:52701 for channel [id: 0x8ade5946, L:/127.0.0.1:57574 - R:localhost/127.0.0.1:52701]
10:45:20.503 [Forwarding clickElement on session 2d84d5ab866d5cac0d936af2ac972dfe to remote] DEBUG org.asynchttpclient.netty.request.NettyRequestSender - Using pooled Channel '[id: 0x8ade5946, L:/127.0.0.1:57574 - R:localhost/127.0.0.1:52701]' for 'POST' to 'http://localhost:52701/session/2d84d5ab866d5cac0d936af2ac972dfe/element/14ead9ea-2bcf-4a02-813b-ba14cb03cc78/click'
10:45:20.503 [Forwarding clickElement on session 2d84d5ab866d5cac0d936af2ac972dfe to remote] DEBUG org.asynchttpclient.netty.request.NettyRequestSender - Using open Channel [id: 0x8ade5946, L:/127.0.0.1:57574 - R:localhost/127.0.0.1:52701] for POST '/session/2d84d5ab866d5cac0d936af2ac972dfe/element/14ead9ea-2bcf-4a02-813b-ba14cb03cc78/click'
10:45:20.906 [AsyncHttpClient-1-9] DEBUG org.asynchttpclient.netty.handler.HttpHandler - 

Request DefaultHttpRequest(decodeResult: success, version: HTTP/1.1)
POST /session/2d84d5ab866d5cac0d936af2ac972dfe/element/14ead9ea-2bcf-4a02-813b-ba14cb03cc78/click HTTP/1.1
User-Agent: selenium/4.1.2 (java windows)
Content-Length: 50
Content-Type: application/json; charset=utf-8
host: localhost:52701
accept: */*

Response DefaultHttpResponse(decodeResult: success, version: HTTP/1.1)
HTTP/1.1 200 OK
Content-Type: application/json; charset=utf-8
cache-control: no-cache
content-length: 14

10:45:20.906 [AsyncHttpClient-1-9] DEBUG org.asynchttpclient.netty.channel.ChannelManager - Adding key: http://localhost:52701 for channel [id: 0x8ade5946, L:/127.0.0.1:57574 - R:localhost/127.0.0.1:52701]
10:45:20.918 [Forwarding screenshot on session 2d84d5ab866d5cac0d936af2ac972dfe to remote] DEBUG org.asynchttpclient.netty.request.NettyRequestSender - Using pooled Channel '[id: 0x8ade5946, L:/127.0.0.1:57574 - R:localhost/127.0.0.1:52701]' for 'GET' to 'http://localhost:52701/session/2d84d5ab866d5cac0d936af2ac972dfe/screenshot'
10:45:20.918 [Forwarding screenshot on session 2d84d5ab866d5cac0d936af2ac972dfe to remote] DEBUG org.asynchttpclient.netty.request.NettyRequestSender - Using open Channel [id: 0x8ade5946, L:/127.0.0.1:57574 - R:localhost/127.0.0.1:52701] for GET '/session/2d84d5ab866d5cac0d936af2ac972dfe/screenshot'
10:45:21.063 [AsyncHttpClient-1-1] DEBUG org.asynchttpclient.netty.channel.DefaultChannelPool - Entry count for : http://localhost:57575 : 1
10:45:21.244 [AsyncHttpClient-1-9] DEBUG org.asynchttpclient.netty.handler.HttpHandler - 

Request DefaultFullHttpRequest(decodeResult: success, version: HTTP/1.1, content: EmptyByteBufBE)
GET /session/2d84d5ab866d5cac0d936af2ac972dfe/screenshot HTTP/1.1
User-Agent: selenium/4.1.2 (java windows)
Cache-Control: no-cache
Content-Type: application/json; charset=utf-8
host: localhost:52701
accept: */*

Response DefaultHttpResponse(decodeResult: success, version: HTTP/1.1)
HTTP/1.1 200 OK
Content-Type: application/json; charset=utf-8
cache-control: no-cache
content-length: 94596

10:45:21.245 [AsyncHttpClient-1-9] DEBUG org.asynchttpclient.netty.channel.ChannelManager - Adding key: http://localhost:52701 for channel [id: 0x8ade5946, L:/127.0.0.1:57574 - R:localhost/127.0.0.1:52701]
10:45:21.252 [main] DEBUG net.serenitybdd.core.photography.Darkroom - Send negative for processing for target\site\serenity\250262f1a3ac2ce2f62ca749b673a2229cf9645d782724d7d84e9260108793ce.png
10:45:21.252 [main] DEBUG net.thucydides.core.steps.StepInterceptor - STEP DONE: clickAddNewPatientButton
  &amp#27;[32mWhen &amp#27;[0m&amp#27;[32mI click Add New Patient&amp#27;[0m               &amp#27;[90m# starter.stepdefinitions.PatientSteps.iClickAddNewPatient()&amp#27;[0m
10:45:21.253 [Darkroom Processing Line] DEBUG net.serenitybdd.core.photography.DarkroomProcessingLine - Processing screenshot image in /var/screenshots/screenshot-6714098215230886890
10:45:21.253 [Darkroom Processing Line] DEBUG net.serenitybdd.core.photography.DarkroomProcessingLine - Saving screenshot to target\site\serenity\250262f1a3ac2ce2f62ca749b673a2229cf9645d782724d7d84e9260108793ce.png
10:45:21.284 [main] DEBUG net.thucydides.core.steps.StepInterceptor - STARTING STEP: PatientSteps.iClickNewPatientFormXButton - clickNewPatientXButton
10:45:21.291 [Forwarding findElement on session 2d84d5ab866d5cac0d936af2ac972dfe to remote] DEBUG org.asynchttpclient.netty.request.NettyRequestSender - Using pooled Channel '[id: 0x8ade5946, L:/127.0.0.1:57574 - R:localhost/127.0.0.1:52701]' for 'POST' to 'http://localhost:52701/session/2d84d5ab866d5cac0d936af2ac972dfe/element'
10:45:21.291 [Forwarding findElement on session 2d84d5ab866d5cac0d936af2ac972dfe to remote] DEBUG org.asynchttpclient.netty.request.NettyRequestSender - Using open Channel [id: 0x8ade5946, L:/127.0.0.1:57574 - R:localhost/127.0.0.1:52701] for POST '/session/2d84d5ab866d5cac0d936af2ac972dfe/element'
10:45:21.315 [AsyncHttpClient-1-9] DEBUG org.asynchttpclient.netty.handler.HttpHandler - 

Request DefaultHttpRequest(decodeResult: success, version: HTTP/1.1)
POST /session/2d84d5ab866d5cac0d936af2ac972dfe/element HTTP/1.1
User-Agent: selenium/4.1.2 (java windows)
Content-Length: 104
Content-Type: application/json; charset=utf-8
host: localhost:52701
accept: */*

Response DefaultHttpResponse(decodeResult: success, version: HTTP/1.1)
HTTP/1.1 200 OK
Content-Type: application/json; charset=utf-8
cache-control: no-cache
content-length: 88

10:45:21.315 [AsyncHttpClient-1-9] DEBUG org.asynchttpclient.netty.channel.ChannelManager - Adding key: http://localhost:52701 for channel [id: 0x8ade5946, L:/127.0.0.1:57574 - R:localhost/127.0.0.1:52701]
10:45:21.317 [Forwarding getElementTagName on session 2d84d5ab866d5cac0d936af2ac972dfe to remote] DEBUG org.asynchttpclient.netty.request.NettyRequestSender - Using pooled Channel '[id: 0x8ade5946, L:/127.0.0.1:57574 - R:localhost/127.0.0.1:52701]' for 'GET' to 'http://localhost:52701/session/2d84d5ab866d5cac0d936af2ac972dfe/element/4fc8de01-bcd8-40c1-95b7-7c8956eb772f/name'
10:45:21.317 [Forwarding getElementTagName on session 2d84d5ab866d5cac0d936af2ac972dfe to remote] DEBUG org.asynchttpclient.netty.request.NettyRequestSender - Using open Channel [id: 0x8ade5946, L:/127.0.0.1:57574 - R:localhost/127.0.0.1:52701] for GET '/session/2d84d5ab866d5cac0d936af2ac972dfe/element/4fc8de01-bcd8-40c1-95b7-7c8956eb772f/name'
10:45:21.326 [AsyncHttpClient-1-9] DEBUG org.asynchttpclient.netty.handler.HttpHandler - 

Request DefaultFullHttpRequest(decodeResult: success, version: HTTP/1.1, content: EmptyByteBufBE)
GET /session/2d84d5ab866d5cac0d936af2ac972dfe/element/4fc8de01-bcd8-40c1-95b7-7c8956eb772f/name HTTP/1.1
User-Agent: selenium/4.1.2 (java windows)
Cache-Control: no-cache
Content-Type: application/json; charset=utf-8
host: localhost:52701
accept: */*

Response DefaultHttpResponse(decodeResult: success, version: HTTP/1.1)
HTTP/1.1 200 OK
Content-Type: application/json; charset=utf-8
cache-control: no-cache
content-length: 18

10:45:21.326 [AsyncHttpClient-1-9] DEBUG org.asynchttpclient.netty.channel.ChannelManager - Adding key: http://localhost:52701 for channel [id: 0x8ade5946, L:/127.0.0.1:57574 - R:localhost/127.0.0.1:52701]
10:45:21.328 [Forwarding getElementTagName on session 2d84d5ab866d5cac0d936af2ac972dfe to remote] DEBUG org.asynchttpclient.netty.request.NettyRequestSender - Using pooled Channel '[id: 0x8ade5946, L:/127.0.0.1:57574 - R:localhost/127.0.0.1:52701]' for 'GET' to 'http://localhost:52701/session/2d84d5ab866d5cac0d936af2ac972dfe/element/4fc8de01-bcd8-40c1-95b7-7c8956eb772f/name'
10:45:21.328 [Forwarding getElementTagName on session 2d84d5ab866d5cac0d936af2ac972dfe to remote] DEBUG org.asynchttpclient.netty.request.NettyRequestSender - Using open Channel [id: 0x8ade5946, L:/127.0.0.1:57574 - R:localhost/127.0.0.1:52701] for GET '/session/2d84d5ab866d5cac0d936af2ac972dfe/element/4fc8de01-bcd8-40c1-95b7-7c8956eb772f/name'
10:45:21.332 [AsyncHttpClient-1-9] DEBUG org.asynchttpclient.netty.handler.HttpHandler - 

Request DefaultFullHttpRequest(decodeResult: success, version: HTTP/1.1, content: EmptyByteBufBE)
GET /session/2d84d5ab866d5cac0d936af2ac972dfe/element/4fc8de01-bcd8-40c1-95b7-7c8956eb772f/name HTTP/1.1
User-Agent: selenium/4.1.2 (java windows)
Cache-Control: no-cache
Content-Type: application/json; charset=utf-8
host: localhost:52701
accept: */*

Response DefaultHttpResponse(decodeResult: success, version: HTTP/1.1)
HTTP/1.1 200 OK
Content-Type: application/json; charset=utf-8
cache-control: no-cache
content-length: 18

10:45:21.333 [AsyncHttpClient-1-9] DEBUG org.asynchttpclient.netty.channel.ChannelManager - Adding key: http://localhost:52701 for channel [id: 0x8ade5946, L:/127.0.0.1:57574 - R:localhost/127.0.0.1:52701]
10:45:21.335 [Forwarding isElementEnabled on session 2d84d5ab866d5cac0d936af2ac972dfe to remote] DEBUG org.asynchttpclient.netty.request.NettyRequestSender - Using pooled Channel '[id: 0x8ade5946, L:/127.0.0.1:57574 - R:localhost/127.0.0.1:52701]' for 'GET' to 'http://localhost:52701/session/2d84d5ab866d5cac0d936af2ac972dfe/element/4fc8de01-bcd8-40c1-95b7-7c8956eb772f/enabled'
10:45:21.336 [Forwarding isElementEnabled on session 2d84d5ab866d5cac0d936af2ac972dfe to remote] DEBUG org.asynchttpclient.netty.request.NettyRequestSender - Using open Channel [id: 0x8ade5946, L:/127.0.0.1:57574 - R:localhost/127.0.0.1:52701] for GET '/session/2d84d5ab866d5cac0d936af2ac972dfe/element/4fc8de01-bcd8-40c1-95b7-7c8956eb772f/enabled'
10:45:21.353 [AsyncHttpClient-1-9] DEBUG org.asynchttpclient.netty.handler.HttpHandler - 

Request DefaultFullHttpRequest(decodeResult: success, version: HTTP/1.1, content: EmptyByteBufBE)
GET /session/2d84d5ab866d5cac0d936af2ac972dfe/element/4fc8de01-bcd8-40c1-95b7-7c8956eb772f/enabled HTTP/1.1
User-Agent: selenium/4.1.2 (java windows)
Cache-Control: no-cache
Content-Type: application/json; charset=utf-8
host: localhost:52701
accept: */*

Response DefaultHttpResponse(decodeResult: success, version: HTTP/1.1)
HTTP/1.1 200 OK
Content-Type: application/json; charset=utf-8
cache-control: no-cache
content-length: 14

10:45:21.353 [AsyncHttpClient-1-9] DEBUG org.asynchttpclient.netty.channel.ChannelManager - Adding key: http://localhost:52701 for channel [id: 0x8ade5946, L:/127.0.0.1:57574 - R:localhost/127.0.0.1:52701]
10:45:21.357 [Forwarding isElementEnabled on session 2d84d5ab866d5cac0d936af2ac972dfe to remote] DEBUG org.asynchttpclient.netty.request.NettyRequestSender - Using pooled Channel '[id: 0x8ade5946, L:/127.0.0.1:57574 - R:localhost/127.0.0.1:52701]' for 'GET' to 'http://localhost:52701/session/2d84d5ab866d5cac0d936af2ac972dfe/element/4fc8de01-bcd8-40c1-95b7-7c8956eb772f/enabled'
10:45:21.357 [Forwarding isElementEnabled on session 2d84d5ab866d5cac0d936af2ac972dfe to remote] DEBUG org.asynchttpclient.netty.request.NettyRequestSender - Using open Channel [id: 0x8ade5946, L:/127.0.0.1:57574 - R:localhost/127.0.0.1:52701] for GET '/session/2d84d5ab866d5cac0d936af2ac972dfe/element/4fc8de01-bcd8-40c1-95b7-7c8956eb772f/enabled'
10:45:21.365 [AsyncHttpClient-1-9] DEBUG org.asynchttpclient.netty.handler.HttpHandler - 

Request DefaultFullHttpRequest(decodeResult: success, version: HTTP/1.1, content: EmptyByteBufBE)
GET /session/2d84d5ab866d5cac0d936af2ac972dfe/element/4fc8de01-bcd8-40c1-95b7-7c8956eb772f/enabled HTTP/1.1
User-Agent: selenium/4.1.2 (java windows)
Cache-Control: no-cache
Content-Type: application/json; charset=utf-8
host: localhost:52701
accept: */*

Response DefaultHttpResponse(decodeResult: success, version: HTTP/1.1)
HTTP/1.1 200 OK
Content-Type: application/json; charset=utf-8
cache-control: no-cache
content-length: 14

10:45:21.365 [AsyncHttpClient-1-9] DEBUG org.asynchttpclient.netty.channel.ChannelManager - Adding key: http://localhost:52701 for channel [id: 0x8ade5946, L:/127.0.0.1:57574 - R:localhost/127.0.0.1:52701]
10:45:21.372 [Forwarding findElement on session 2d84d5ab866d5cac0d936af2ac972dfe to remote] DEBUG org.asynchttpclient.netty.request.NettyRequestSender - Using pooled Channel '[id: 0x8ade5946, L:/127.0.0.1:57574 - R:localhost/127.0.0.1:52701]' for 'POST' to 'http://localhost:52701/session/2d84d5ab866d5cac0d936af2ac972dfe/element'
10:45:21.372 [Forwarding findElement on session 2d84d5ab866d5cac0d936af2ac972dfe to remote] DEBUG org.asynchttpclient.netty.request.NettyRequestSender - Using open Channel [id: 0x8ade5946, L:/127.0.0.1:57574 - R:localhost/127.0.0.1:52701] for POST '/session/2d84d5ab866d5cac0d936af2ac972dfe/element'
10:45:21.389 [AsyncHttpClient-1-9] DEBUG org.asynchttpclient.netty.handler.HttpHandler - 

Request DefaultHttpRequest(decodeResult: success, version: HTTP/1.1)
POST /session/2d84d5ab866d5cac0d936af2ac972dfe/element HTTP/1.1
User-Agent: selenium/4.1.2 (java windows)
Content-Length: 104
Content-Type: application/json; charset=utf-8
host: localhost:52701
accept: */*

Response DefaultHttpResponse(decodeResult: success, version: HTTP/1.1)
HTTP/1.1 200 OK
Content-Type: application/json; charset=utf-8
cache-control: no-cache
content-length: 88

10:45:21.390 [AsyncHttpClient-1-9] DEBUG org.asynchttpclient.netty.channel.ChannelManager - Adding key: http://localhost:52701 for channel [id: 0x8ade5946, L:/127.0.0.1:57574 - R:localhost/127.0.0.1:52701]
10:45:21.391 [Forwarding clickElement on session 2d84d5ab866d5cac0d936af2ac972dfe to remote] DEBUG org.asynchttpclient.netty.request.NettyRequestSender - Using pooled Channel '[id: 0x8ade5946, L:/127.0.0.1:57574 - R:localhost/127.0.0.1:52701]' for 'POST' to 'http://localhost:52701/session/2d84d5ab866d5cac0d936af2ac972dfe/element/4fc8de01-bcd8-40c1-95b7-7c8956eb772f/click'
10:45:21.391 [Forwarding clickElement on session 2d84d5ab866d5cac0d936af2ac972dfe to remote] DEBUG org.asynchttpclient.netty.request.NettyRequestSender - Using open Channel [id: 0x8ade5946, L:/127.0.0.1:57574 - R:localhost/127.0.0.1:52701] for POST '/session/2d84d5ab866d5cac0d936af2ac972dfe/element/4fc8de01-bcd8-40c1-95b7-7c8956eb772f/click'
10:45:21.552 [AsyncHttpClient-1-9] DEBUG org.asynchttpclient.netty.handler.HttpHandler - 

Request DefaultHttpRequest(decodeResult: success, version: HTTP/1.1)
POST /session/2d84d5ab866d5cac0d936af2ac972dfe/element/4fc8de01-bcd8-40c1-95b7-7c8956eb772f/click HTTP/1.1
User-Agent: selenium/4.1.2 (java windows)
Content-Length: 50
Content-Type: application/json; charset=utf-8
host: localhost:52701
accept: */*

Response DefaultHttpResponse(decodeResult: success, version: HTTP/1.1)
HTTP/1.1 200 OK
Content-Type: application/json; charset=utf-8
cache-control: no-cache
content-length: 14

10:45:21.553 [AsyncHttpClient-1-9] DEBUG org.asynchttpclient.netty.channel.ChannelManager - Adding key: http://localhost:52701 for channel [id: 0x8ade5946, L:/127.0.0.1:57574 - R:localhost/127.0.0.1:52701]
10:45:21.582 [Forwarding screenshot on session 2d84d5ab866d5cac0d936af2ac972dfe to remote] DEBUG org.asynchttpclient.netty.request.NettyRequestSender - Using pooled Channel '[id: 0x8ade5946, L:/127.0.0.1:57574 - R:localhost/127.0.0.1:52701]' for 'GET' to 'http://localhost:52701/session/2d84d5ab866d5cac0d936af2ac972dfe/screenshot'
10:45:21.582 [Forwarding screenshot on session 2d84d5ab866d5cac0d936af2ac972dfe to remote] DEBUG org.asynchttpclient.netty.request.NettyRequestSender - Using open Channel [id: 0x8ade5946, L:/127.0.0.1:57574 - R:localhost/127.0.0.1:52701] for GET '/session/2d84d5ab866d5cac0d936af2ac972dfe/screenshot'
10:45:21.776 [AsyncHttpClient-1-9] DEBUG org.asynchttpclient.netty.handler.HttpHandler - 

Request DefaultFullHttpRequest(decodeResult: success, version: HTTP/1.1, content: EmptyByteBufBE)
GET /session/2d84d5ab866d5cac0d936af2ac972dfe/screenshot HTTP/1.1
User-Agent: selenium/4.1.2 (java windows)
Cache-Control: no-cache
Content-Type: application/json; charset=utf-8
host: localhost:52701
accept: */*

Response DefaultHttpResponse(decodeResult: success, version: HTTP/1.1)
HTTP/1.1 200 OK
Content-Type: application/json; charset=utf-8
cache-control: no-cache
content-length: 109016

10:45:21.777 [AsyncHttpClient-1-9] DEBUG org.asynchttpclient.netty.channel.ChannelManager - Adding key: http://localhost:52701 for channel [id: 0x8ade5946, L:/127.0.0.1:57574 - R:localhost/127.0.0.1:52701]
10:45:21.784 [main] DEBUG net.serenitybdd.core.photography.Darkroom - Send negative for processing for target\site\serenity\b9f923e60f6434e8242ed43ac7943bf72f04a1363b19a8489c32dfb462630274.png
10:45:21.784 [main] DEBUG net.thucydides.core.steps.StepInterceptor - STEP DONE: clickNewPatientXButton
  &amp#27;[32mThen &amp#27;[0m&amp#27;[32mI click new patient form x button&amp#27;[0m     &amp#27;[90m# starter.stepdefinitions.PatientSteps.iClickNewPatientFormXButton()&amp#27;[0m
10:45:21.784 [Darkroom Processing Line] DEBUG net.serenitybdd.core.photography.DarkroomProcessingLine - Processing screenshot image in /var/screenshots/screenshot-218075364751965125
10:45:21.784 [Darkroom Processing Line] DEBUG net.serenitybdd.core.photography.DarkroomProcessingLine - Saving screenshot to target\site\serenity\b9f923e60f6434e8242ed43ac7943bf72f04a1363b19a8489c32dfb462630274.png
10:45:21.794 [main] INFO  - 
  _____   ___   ___   _____     ___     _     ___   ___   ___   ___  
 |_   _| | __| / __| |_   _|   | _ \   /_\   / __| / __| | __| |   \ 
   | |   | _|  \__ \   | |     |  _/  / _ \  \__ \ \__ \ | _|  | |) |
   |_|   |___| |___/   |_|     |_|   /_/ \_\ |___/ |___/ |___| |___/ 

Cancel Create New Patient Scenario
----------------------------------------------------------------------
10:45:21.796 [AsyncHttpClient-1-3] DEBUG org.asynchttpclient.netty.handler.WebSocketHandler - Channel Closed: [id: 0xc50c33bc, L:/127.0.0.1:57582 ! R:localhost/127.0.0.1:57575] with attribute NettyResponseFuture{currentRetry=5,
	isDone=1,
	isCancelled=0,
	asyncHandler=org.asynchttpclient.ws.WebSocketUpgradeHandler@61cc3ec7,
	nettyRequest=org.asynchttpclient.netty.request.NettyRequest@7023716d,
	future=java.util.concurrent.CompletableFuture@82d1e94[Completed normally],
	uri=ws://localhost:57575/devtools/browser/a868af81-d5af-4028-95b1-cbd2cb7737b6,
	keepAlive=true,
	redirectCount=0,
	timeoutsHolder=null,
	inAuth=0,
	touch=1655783116159}
10:45:21.796 [AsyncHttpClient-1-3] DEBUG org.asynchttpclient.netty.channel.ChannelManager - Closing Channel [id: 0xc50c33bc, L:/127.0.0.1:57582 ! R:localhost/127.0.0.1:57575] 
10:45:21.797 [Driver Command Executor] DEBUG org.asynchttpclient.netty.request.NettyRequestSender - Using pooled Channel '[id: 0x8ade5946, L:/127.0.0.1:57574 - R:localhost/127.0.0.1:52701]' for 'DELETE' to 'http://localhost:52701/session/2d84d5ab866d5cac0d936af2ac972dfe'
10:45:21.797 [Driver Command Executor] DEBUG org.asynchttpclient.netty.request.NettyRequestSender - Using open Channel [id: 0x8ade5946, L:/127.0.0.1:57574 - R:localhost/127.0.0.1:52701] for DELETE '/session/2d84d5ab866d5cac0d936af2ac972dfe'
10:45:21.878 [AsyncHttpClient-1-2] DEBUG org.asynchttpclient.netty.handler.HttpHandler - Unexpected I/O exception on channel [id: 0xd429460a, L:/127.0.0.1:57581 - R:localhost/127.0.0.1:57575]
java.net.SocketException: Connection reset
	at java.base/sun.nio.ch.SocketChannelImpl.throwConnectionReset(SocketChannelImpl.java:367)
	at java.base/sun.nio.ch.SocketChannelImpl.read(SocketChannelImpl.java:398)
	at io.netty.buffer.PooledByteBuf.setBytes(PooledByteBuf.java:258)
	at io.netty.buffer.AbstractByteBuf.writeBytes(AbstractByteBuf.java:1132)
	at io.netty.channel.socket.nio.NioSocketChannel.doReadBytes(NioSocketChannel.java:350)
	at io.netty.channel.nio.AbstractNioByteChannel$NioByteUnsafe.read(AbstractNioByteChannel.java:151)
	at io.netty.channel.nio.NioEventLoop.processSelectedKey(NioEventLoop.java:722)
	at io.netty.channel.nio.NioEventLoop.processSelectedKeysOptimized(NioEventLoop.java:658)
	at io.netty.channel.nio.NioEventLoop.processSelectedKeys(NioEventLoop.java:584)
	at io.netty.channel.nio.NioEventLoop.run(NioEventLoop.java:496)
	at io.netty.util.concurrent.SingleThreadEventExecutor$4.run(SingleThreadEventExecutor.java:986)
	at io.netty.util.internal.ThreadExecutorMap$2.run(ThreadExecutorMap.java:74)
	at io.netty.util.concurrent.FastThreadLocalRunnable.run(FastThreadLocalRunnable.java:30)
	at java.base/java.lang.Thread.run(Thread.java:832)
10:45:21.878 [AsyncHttpClient-1-2] DEBUG org.asynchttpclient.netty.channel.ChannelManager - Closing Channel [id: 0xd429460a, L:/127.0.0.1:57581 - R:localhost/127.0.0.1:57575] 
10:45:21.878 [AsyncHttpClient-1-2] DEBUG org.asynchttpclient.netty.handler.HttpHandler - Channel Closed: [id: 0xd429460a, L:/127.0.0.1:57581 ! R:localhost/127.0.0.1:57575] with attribute DISCARD
10:45:22.164 [AsyncHttpClient-1-1] DEBUG org.asynchttpclient.netty.channel.DefaultChannelPool - Entry count for : http://localhost:57575 : 1
10:45:22.164 [AsyncHttpClient-1-1] DEBUG org.asynchttpclient.netty.channel.DefaultChannelPool - Adding Candidate expired Channel [id: 0xd429460a, L:/127.0.0.1:57581 ! R:localhost/127.0.0.1:57575] isIdleTimeoutExpired=false isRemotelyClosed=true isTtlExpired=false
10:45:22.164 [AsyncHttpClient-1-1] DEBUG org.asynchttpclient.netty.channel.DefaultChannelPool - Closing Idle Channel [id: 0xd429460a, L:/127.0.0.1:57581 ! R:localhost/127.0.0.1:57575]
10:45:22.164 [AsyncHttpClient-1-1] DEBUG org.asynchttpclient.netty.channel.DefaultChannelPool - Closed 1 connections out of 1 in 0 ms
10:45:22.743 [AsyncHttpClient-1-9] DEBUG org.asynchttpclient.netty.handler.HttpHandler - 

Request DefaultFullHttpRequest(decodeResult: success, version: HTTP/1.1, content: EmptyByteBufBE)
DELETE /session/2d84d5ab866d5cac0d936af2ac972dfe HTTP/1.1
User-Agent: selenium/4.1.2 (java windows)
Content-Type: application/json; charset=utf-8
host: localhost:52701
accept: */*

Response DefaultHttpResponse(decodeResult: success, version: HTTP/1.1)
HTTP/1.1 200 OK
Content-Type: application/json; charset=utf-8
cache-control: no-cache
content-length: 14

10:45:22.743 [AsyncHttpClient-1-9] DEBUG org.asynchttpclient.netty.channel.ChannelManager - Adding key: http://localhost:52701 for channel [id: 0x8ade5946, L:/127.0.0.1:57574 - R:localhost/127.0.0.1:52701]
10:45:22.841 [AsyncHttpClient-1-9] DEBUG org.asynchttpclient.netty.handler.HttpHandler - Channel Closed: [id: 0x8ade5946, L:/127.0.0.1:57574 ! R:localhost/127.0.0.1:52701] with attribute DISCARD
10:45:23.263 [AsyncHttpClient-1-1] DEBUG org.asynchttpclient.netty.channel.DefaultChannelPool - Entry count for : http://localhost:52701 : 1
10:45:23.263 [AsyncHttpClient-1-1] DEBUG org.asynchttpclient.netty.channel.DefaultChannelPool - Adding Candidate expired Channel [id: 0x8ade5946, L:/127.0.0.1:57574 ! R:localhost/127.0.0.1:52701] isIdleTimeoutExpired=false isRemotelyClosed=true isTtlExpired=false
10:45:23.263 [AsyncHttpClient-1-1] DEBUG org.asynchttpclient.netty.channel.DefaultChannelPool - Closing Idle Channel [id: 0x8ade5946, L:/127.0.0.1:57574 ! R:localhost/127.0.0.1:52701]
10:45:23.263 [AsyncHttpClient-1-1] DEBUG org.asynchttpclient.netty.channel.DefaultChannelPool - Closed 1 connections out of 1 in 0 ms
]]></system-out>
    <system-err><![CDATA[Starting ChromeDriver 102.0.5005.61 (0e59bcc00cc4985ce39ad31c150065f159d95ad3-refs/branch-heads/5005@{#819}) on port 52701
Only local connections are allowed.
Please see https://chromedriver.chromium.org/security-considerations for suggestions on keeping ChromeDriver safe.
ChromeDriver was started successfully.
Jun 21, 2022 10:45:16 AM org.openqa.selenium.remote.ProtocolHandshake createSession
INFO: Detected dialect: W3C
Jun 21, 2022 10:45:16 AM org.openqa.selenium.devtools.CdpVersionFinder findNearestMatch
WARNING: Unable to find an exact match for CDP version 102, so returning the closest version found: a no-op implementation
Jun 21, 2022 10:45:16 AM org.openqa.selenium.devtools.CdpVersionFinder findNearestMatch
INFO: Unable to find CDP implementation matching 102.
Jun 21, 2022 10:45:16 AM org.openqa.selenium.chromium.ChromiumDriver lambda$new$3
WARNING: Unable to find version of CDP to use for . You may need to include a dependency on a specific version of the CDP using something similar to `org.seleniumhq.selenium:selenium-devtools-v86:4.1.2` where the version ("v86") matches the version of the chromium-based browser you're using and the version number of the artifact is the same as Selenium's.
]]></system-err>
  </testcase>
  <testcase name="Edit Patient Data Scenario" classname="Patient" time="15.663">
    <system-out><![CDATA[
@Patient @EditPatient
Scenario: Edit Patient Data Scenario            &amp#27;[90m# src/test/resources/features/2.Patient.feature:24&amp#27;[0m
10:45:23.504 [main] INFO io.cucumber.core.plugin.SerenityReporter - Running feature from file:///E:/My%20Documents/File%20Difa/TI%20Semester%206%20Kampus%20Merdeka%20Alterra/Tugas/CAPSTONE%20Project/Capstone-Project-Website/src/test/resources/features/2.Patient.feature
10:45:23.507 [main] INFO  - 
  _____   ___   ___   _____     ___   _____     _     ___   _____   ___   ___  
 |_   _| | __| / __| |_   _|   / __| |_   _|   /_\   | _ \ |_   _| | __| |   \ 
   | |   | _|  \__ \   | |     \__ \   | |    / _ \  |   /   | |   | _|  | |) |
   |_|   |___| |___/   |_|     |___/   |_|   /_/ \_\ |_|_\   |_|   |___| |___/ 

Edit Patient Data Scenario(patient;edit-patient-data-scenario)
--------------------------------------------------------------------------------
10:45:23.579 [main] DEBUG net.thucydides.core.steps.StepInterceptor - STARTING STEP: PatientSteps.iAmAtTheDashboardPage - openUrl
10:45:23.581 [main] INFO net.serenitybdd.core.webdriver.driverproviders.ChromeDriverProvider - Using automatically driver download
10:45:24.152 [main] DEBUG io.github.bonigarcia.wdm.cache.ResolutionCache - Resolution chrome=102 in cache (valid until 11:37:46 21/06/2022 ICT)
10:45:24.166 [main] DEBUG io.github.bonigarcia.wdm.cache.ResolutionCache - Resolution chrome102=102.0.5005.61 in cache (valid until 09:22:16 22/06/2022 ICT)
10:45:24.169 [main] INFO io.github.bonigarcia.wdm.WebDriverManager - Using chromedriver 102.0.5005.61 (resolved driver for Chrome 102)
10:45:24.331 [main] DEBUG io.github.bonigarcia.wdm.WebDriverManager - Driver chromedriver 102.0.5005.61 found in cache
10:45:24.332 [main] INFO io.github.bonigarcia.wdm.WebDriverManager - Exporting webdriver.chrome.driver as C:\Users\USER\.cache\selenium\chromedriver\win32\102.0.5005.61\chromedriver.exe
10:45:24.611 [main] DEBUG net.serenitybdd.core.webdriver.driverproviders.ProvideNewDriver - Instantiating driver
10:45:24.611 [main] DEBUG net.serenitybdd.core.webdriver.driverproviders.ProvideNewDriver - Driver capabilities: Capabilities {acceptInsecureCerts: false, base.url: https://hospital-management..., browserName: chrome, chrome.driver: src/test/resources/webdrive..., driver: chrome, goog:chromeOptions: {args: [], extensions: []}}
10:45:25.150 [AsyncHttpClient-1-4] DEBUG org.asynchttpclient.netty.channel.NettyConnectListener - Using new Channel '[id: 0xaec23a26, L:/127.0.0.1:57598 - R:localhost/127.0.0.1:64282]' for 'POST' to '/session'
10:45:27.624 [AsyncHttpClient-1-4] DEBUG org.asynchttpclient.netty.handler.HttpHandler - 

Request DefaultHttpRequest(decodeResult: success, version: HTTP/1.1)
POST /session HTTP/1.1
User-Agent: selenium/4.1.2 (java windows)
Content-Length: 621
Content-Type: application/json; charset=utf-8
host: localhost:64282
accept: */*

Response DefaultHttpResponse(decodeResult: success, version: HTTP/1.1)
HTTP/1.1 200 OK
Content-Type: application/json; charset=utf-8
cache-control: no-cache
content-length: 789

10:45:27.624 [AsyncHttpClient-1-4] DEBUG org.asynchttpclient.netty.channel.ChannelManager - Adding key: http://localhost:64282 for channel [id: 0xaec23a26, L:/127.0.0.1:57598 - R:localhost/127.0.0.1:64282]
10:45:27.664 [AsyncHttpClient-1-1] DEBUG org.asynchttpclient.netty.channel.DefaultChannelPool - Entry count for : http://localhost:64282 : 1
10:45:27.718 [AsyncHttpClient-1-5] DEBUG org.asynchttpclient.netty.channel.NettyConnectListener - Using new Channel '[id: 0x1e18abde, L:/127.0.0.1:57605 - R:localhost/127.0.0.1:57599]' for 'GET' to '/json/version'
10:45:27.719 [AsyncHttpClient-1-5] DEBUG org.asynchttpclient.netty.handler.HttpHandler - 

Request DefaultFullHttpRequest(decodeResult: success, version: HTTP/1.1, content: EmptyByteBufBE)
GET /json/version HTTP/1.1
User-Agent: selenium/4.1.2 (java windows)
host: localhost:57599
accept: */*

Response DefaultHttpResponse(decodeResult: success, version: HTTP/1.1)
HTTP/1.1 200 OK
Content-Type: application/json; charset=UTF-8
content-length: 427

10:45:27.719 [AsyncHttpClient-1-5] DEBUG org.asynchttpclient.netty.channel.ChannelManager - Adding key: http://localhost:57599 for channel [id: 0x1e18abde, L:/127.0.0.1:57605 - R:localhost/127.0.0.1:57599]
10:45:27.722 [AsyncHttpClient-1-6] DEBUG org.asynchttpclient.netty.channel.NettyConnectListener - Using new Channel '[id: 0x70b23c6c, L:/127.0.0.1:57606 - R:localhost/127.0.0.1:57599]' for 'GET' to '/devtools/browser/9f8fb4cd-0f50-40a1-8e58-36cee4f7c6ee'
10:45:27.723 [AsyncHttpClient-1-6] DEBUG org.asynchttpclient.netty.handler.WebSocketHandler - 

Request DefaultFullHttpRequest(decodeResult: success, version: HTTP/1.1, content: EmptyByteBufBE)
GET /devtools/browser/9f8fb4cd-0f50-40a1-8e58-36cee4f7c6ee HTTP/1.1
upgrade: websocket
connection: upgrade
sec-websocket-key: 7Qsj6FbfROBXHbPHQD3gnA==
sec-websocket-version: 13
origin: http://localhost:57599
host: localhost:57599
accept: */*
user-agent: AHC/2.1

Response DefaultHttpResponse(decodeResult: success, version: HTTP/1.1)
HTTP/1.1 101 WebSocket Protocol Handshake
Upgrade: WebSocket
Connection: Upgrade
Sec-WebSocket-Accept: iUtCkQYAxtQa7Uk0d/Iw9IZwihU=

10:45:27.741 [Forwarding maximizeCurrentWindow on session 32b2894c10af918c5cf817e026232ef7 to remote] DEBUG org.asynchttpclient.netty.request.NettyRequestSender - Using pooled Channel '[id: 0xaec23a26, L:/127.0.0.1:57598 - R:localhost/127.0.0.1:64282]' for 'POST' to 'http://localhost:64282/session/32b2894c10af918c5cf817e026232ef7/window/maximize'
10:45:27.741 [Forwarding maximizeCurrentWindow on session 32b2894c10af918c5cf817e026232ef7 to remote] DEBUG org.asynchttpclient.netty.request.NettyRequestSender - Using open Channel [id: 0xaec23a26, L:/127.0.0.1:57598 - R:localhost/127.0.0.1:64282] for POST '/session/32b2894c10af918c5cf817e026232ef7/window/maximize'
10:45:27.865 [AsyncHttpClient-1-4] DEBUG org.asynchttpclient.netty.handler.HttpHandler - 

Request DefaultHttpRequest(decodeResult: success, version: HTTP/1.1)
POST /session/32b2894c10af918c5cf817e026232ef7/window/maximize HTTP/1.1
User-Agent: selenium/4.1.2 (java windows)
Content-Length: 3
Content-Type: application/json; charset=utf-8
host: localhost:64282
accept: */*

Response DefaultHttpResponse(decodeResult: success, version: HTTP/1.1)
HTTP/1.1 200 OK
Content-Type: application/json; charset=utf-8
cache-control: no-cache
content-length: 51

10:45:27.865 [AsyncHttpClient-1-4] DEBUG org.asynchttpclient.netty.channel.ChannelManager - Adding key: http://localhost:64282 for channel [id: 0xaec23a26, L:/127.0.0.1:57598 - R:localhost/127.0.0.1:64282]
10:45:27.867 [Forwarding get on session 32b2894c10af918c5cf817e026232ef7 to remote] DEBUG org.asynchttpclient.netty.request.NettyRequestSender - Using pooled Channel '[id: 0xaec23a26, L:/127.0.0.1:57598 - R:localhost/127.0.0.1:64282]' for 'POST' to 'http://localhost:64282/session/32b2894c10af918c5cf817e026232ef7/url'
10:45:27.867 [Forwarding get on session 32b2894c10af918c5cf817e026232ef7 to remote] DEBUG org.asynchttpclient.netty.request.NettyRequestSender - Using open Channel [id: 0xaec23a26, L:/127.0.0.1:57598 - R:localhost/127.0.0.1:64282] for POST '/session/32b2894c10af918c5cf817e026232ef7/url'
10:45:28.766 [AsyncHttpClient-1-1] DEBUG org.asynchttpclient.netty.channel.DefaultChannelPool - Entry count for : http://localhost:57599 : 1
10:45:29.865 [AsyncHttpClient-1-1] DEBUG org.asynchttpclient.netty.channel.DefaultChannelPool - Entry count for : http://localhost:57599 : 1
10:45:30.964 [AsyncHttpClient-1-1] DEBUG org.asynchttpclient.netty.channel.DefaultChannelPool - Entry count for : http://localhost:57599 : 1
10:45:32.064 [AsyncHttpClient-1-1] DEBUG org.asynchttpclient.netty.channel.DefaultChannelPool - Entry count for : http://localhost:57599 : 1
10:45:32.411 [AsyncHttpClient-1-4] DEBUG org.asynchttpclient.netty.handler.HttpHandler - 

Request DefaultHttpRequest(decodeResult: success, version: HTTP/1.1)
POST /session/32b2894c10af918c5cf817e026232ef7/url HTTP/1.1
User-Agent: selenium/4.1.2 (java windows)
Content-Length: 65
Content-Type: application/json; charset=utf-8
host: localhost:64282
accept: */*

Response DefaultHttpResponse(decodeResult: success, version: HTTP/1.1)
HTTP/1.1 200 OK
Content-Type: application/json; charset=utf-8
cache-control: no-cache
content-length: 14

10:45:32.411 [AsyncHttpClient-1-4] DEBUG org.asynchttpclient.netty.channel.ChannelManager - Adding key: http://localhost:64282 for channel [id: 0xaec23a26, L:/127.0.0.1:57598 - R:localhost/127.0.0.1:64282]
10:45:32.413 [Forwarding setTimeout on session 32b2894c10af918c5cf817e026232ef7 to remote] DEBUG org.asynchttpclient.netty.request.NettyRequestSender - Using pooled Channel '[id: 0xaec23a26, L:/127.0.0.1:57598 - R:localhost/127.0.0.1:64282]' for 'POST' to 'http://localhost:64282/session/32b2894c10af918c5cf817e026232ef7/timeouts'
10:45:32.413 [Forwarding setTimeout on session 32b2894c10af918c5cf817e026232ef7 to remote] DEBUG org.asynchttpclient.netty.request.NettyRequestSender - Using open Channel [id: 0xaec23a26, L:/127.0.0.1:57598 - R:localhost/127.0.0.1:64282] for POST '/session/32b2894c10af918c5cf817e026232ef7/timeouts'
10:45:32.415 [AsyncHttpClient-1-4] DEBUG org.asynchttpclient.netty.handler.HttpHandler - 

Request DefaultHttpRequest(decodeResult: success, version: HTTP/1.1)
POST /session/32b2894c10af918c5cf817e026232ef7/timeouts HTTP/1.1
User-Agent: selenium/4.1.2 (java windows)
Content-Length: 22
Content-Type: application/json; charset=utf-8
host: localhost:64282
accept: */*

Response DefaultHttpResponse(decodeResult: success, version: HTTP/1.1)
HTTP/1.1 200 OK
Content-Type: application/json; charset=utf-8
cache-control: no-cache
content-length: 14

10:45:32.415 [AsyncHttpClient-1-4] DEBUG org.asynchttpclient.netty.channel.ChannelManager - Adding key: http://localhost:64282 for channel [id: 0xaec23a26, L:/127.0.0.1:57598 - R:localhost/127.0.0.1:64282]
10:45:32.423 [Forwarding getCurrentUrl on session 32b2894c10af918c5cf817e026232ef7 to remote] DEBUG org.asynchttpclient.netty.request.NettyRequestSender - Using pooled Channel '[id: 0xaec23a26, L:/127.0.0.1:57598 - R:localhost/127.0.0.1:64282]' for 'GET' to 'http://localhost:64282/session/32b2894c10af918c5cf817e026232ef7/url'
10:45:32.423 [Forwarding getCurrentUrl on session 32b2894c10af918c5cf817e026232ef7 to remote] DEBUG org.asynchttpclient.netty.request.NettyRequestSender - Using open Channel [id: 0xaec23a26, L:/127.0.0.1:57598 - R:localhost/127.0.0.1:64282] for GET '/session/32b2894c10af918c5cf817e026232ef7/url'
10:45:32.447 [AsyncHttpClient-1-4] DEBUG org.asynchttpclient.netty.handler.HttpHandler - 

Request DefaultFullHttpRequest(decodeResult: success, version: HTTP/1.1, content: EmptyByteBufBE)
GET /session/32b2894c10af918c5cf817e026232ef7/url HTTP/1.1
User-Agent: selenium/4.1.2 (java windows)
Cache-Control: no-cache
Content-Type: application/json; charset=utf-8
host: localhost:64282
accept: */*

Response DefaultHttpResponse(decodeResult: success, version: HTTP/1.1)
HTTP/1.1 200 OK
Content-Type: application/json; charset=utf-8
cache-control: no-cache
content-length: 53

10:45:32.447 [AsyncHttpClient-1-4] DEBUG org.asynchttpclient.netty.channel.ChannelManager - Adding key: http://localhost:64282 for channel [id: 0xaec23a26, L:/127.0.0.1:57598 - R:localhost/127.0.0.1:64282]
10:45:32.450 [Forwarding getCurrentUrl on session 32b2894c10af918c5cf817e026232ef7 to remote] DEBUG org.asynchttpclient.netty.request.NettyRequestSender - Using pooled Channel '[id: 0xaec23a26, L:/127.0.0.1:57598 - R:localhost/127.0.0.1:64282]' for 'GET' to 'http://localhost:64282/session/32b2894c10af918c5cf817e026232ef7/url'
10:45:32.450 [Forwarding getCurrentUrl on session 32b2894c10af918c5cf817e026232ef7 to remote] DEBUG org.asynchttpclient.netty.request.NettyRequestSender - Using open Channel [id: 0xaec23a26, L:/127.0.0.1:57598 - R:localhost/127.0.0.1:64282] for GET '/session/32b2894c10af918c5cf817e026232ef7/url'
10:45:32.454 [AsyncHttpClient-1-4] DEBUG org.asynchttpclient.netty.handler.HttpHandler - 

Request DefaultFullHttpRequest(decodeResult: success, version: HTTP/1.1, content: EmptyByteBufBE)
GET /session/32b2894c10af918c5cf817e026232ef7/url HTTP/1.1
User-Agent: selenium/4.1.2 (java windows)
Cache-Control: no-cache
Content-Type: application/json; charset=utf-8
host: localhost:64282
accept: */*

Response DefaultHttpResponse(decodeResult: success, version: HTTP/1.1)
HTTP/1.1 200 OK
Content-Type: application/json; charset=utf-8
cache-control: no-cache
content-length: 53

10:45:32.455 [AsyncHttpClient-1-4] DEBUG org.asynchttpclient.netty.channel.ChannelManager - Adding key: http://localhost:64282 for channel [id: 0xaec23a26, L:/127.0.0.1:57598 - R:localhost/127.0.0.1:64282]
10:45:32.460 [Forwarding screenshot on session 32b2894c10af918c5cf817e026232ef7 to remote] DEBUG org.asynchttpclient.netty.request.NettyRequestSender - Using pooled Channel '[id: 0xaec23a26, L:/127.0.0.1:57598 - R:localhost/127.0.0.1:64282]' for 'GET' to 'http://localhost:64282/session/32b2894c10af918c5cf817e026232ef7/screenshot'
10:45:32.460 [Forwarding screenshot on session 32b2894c10af918c5cf817e026232ef7 to remote] DEBUG org.asynchttpclient.netty.request.NettyRequestSender - Using open Channel [id: 0xaec23a26, L:/127.0.0.1:57598 - R:localhost/127.0.0.1:64282] for GET '/session/32b2894c10af918c5cf817e026232ef7/screenshot'
10:45:32.609 [AsyncHttpClient-1-4] DEBUG org.asynchttpclient.netty.handler.HttpHandler - 

Request DefaultFullHttpRequest(decodeResult: success, version: HTTP/1.1, content: EmptyByteBufBE)
GET /session/32b2894c10af918c5cf817e026232ef7/screenshot HTTP/1.1
User-Agent: selenium/4.1.2 (java windows)
Cache-Control: no-cache
Content-Type: application/json; charset=utf-8
host: localhost:64282
accept: */*

Response DefaultHttpResponse(decodeResult: success, version: HTTP/1.1)
HTTP/1.1 200 OK
Content-Type: application/json; charset=utf-8
cache-control: no-cache
content-length: 113236

10:45:32.610 [AsyncHttpClient-1-4] DEBUG org.asynchttpclient.netty.channel.ChannelManager - Adding key: http://localhost:64282 for channel [id: 0xaec23a26, L:/127.0.0.1:57598 - R:localhost/127.0.0.1:64282]
10:45:32.616 [main] DEBUG net.serenitybdd.core.photography.Darkroom - Send negative for processing for target\site\serenity\85992fd1dce5bd33a060017ef6e67a16a578ce48563d49babd27ce16c537516f.png
10:45:32.617 [main] DEBUG net.thucydides.core.steps.StepInterceptor - STEP DONE: openUrl
10:45:32.625 [main] DEBUG net.thucydides.core.steps.StepInterceptor - STARTING STEP: PatientSteps.iAmAtTheDashboardPage - validateOnDashboardPage
10:45:32.628 [Forwarding findElement on session 32b2894c10af918c5cf817e026232ef7 to remote] DEBUG org.asynchttpclient.netty.request.NettyRequestSender - Using pooled Channel '[id: 0xaec23a26, L:/127.0.0.1:57598 - R:localhost/127.0.0.1:64282]' for 'POST' to 'http://localhost:64282/session/32b2894c10af918c5cf817e026232ef7/element'
10:45:32.628 [Forwarding findElement on session 32b2894c10af918c5cf817e026232ef7 to remote] DEBUG org.asynchttpclient.netty.request.NettyRequestSender - Using open Channel [id: 0xaec23a26, L:/127.0.0.1:57598 - R:localhost/127.0.0.1:64282] for POST '/session/32b2894c10af918c5cf817e026232ef7/element'
10:45:32.644 [AsyncHttpClient-1-4] DEBUG org.asynchttpclient.netty.handler.HttpHandler - 

Request DefaultHttpRequest(decodeResult: success, version: HTTP/1.1)
POST /session/32b2894c10af918c5cf817e026232ef7/element HTTP/1.1
User-Agent: selenium/4.1.2 (java windows)
Content-Length: 81
Content-Type: application/json; charset=utf-8
host: localhost:64282
accept: */*

Response DefaultHttpResponse(decodeResult: success, version: HTTP/1.1)
HTTP/1.1 200 OK
Content-Type: application/json; charset=utf-8
cache-control: no-cache
content-length: 88

10:45:32.644 [AsyncHttpClient-1-4] DEBUG org.asynchttpclient.netty.channel.ChannelManager - Adding key: http://localhost:64282 for channel [id: 0xaec23a26, L:/127.0.0.1:57598 - R:localhost/127.0.0.1:64282]
10:45:32.648 [Forwarding isElementDisplayed on session 32b2894c10af918c5cf817e026232ef7 to remote] DEBUG org.asynchttpclient.netty.request.NettyRequestSender - Using pooled Channel '[id: 0xaec23a26, L:/127.0.0.1:57598 - R:localhost/127.0.0.1:64282]' for 'POST' to 'http://localhost:64282/session/32b2894c10af918c5cf817e026232ef7/execute/sync'
10:45:32.648 [Forwarding isElementDisplayed on session 32b2894c10af918c5cf817e026232ef7 to remote] DEBUG org.asynchttpclient.netty.request.NettyRequestSender - Using open Channel [id: 0xaec23a26, L:/127.0.0.1:57598 - R:localhost/127.0.0.1:64282] for POST '/session/32b2894c10af918c5cf817e026232ef7/execute/sync'
10:45:32.666 [AsyncHttpClient-1-4] DEBUG org.asynchttpclient.netty.handler.HttpHandler - 

Request DefaultHttpRequest(decodeResult: success, version: HTTP/1.1)
POST /session/32b2894c10af918c5cf817e026232ef7/execute/sync HTTP/1.1
User-Agent: selenium/4.1.2 (java windows)
Content-Length: 48780
Content-Type: application/json; charset=utf-8
host: localhost:64282
accept: */*

Response DefaultHttpResponse(decodeResult: success, version: HTTP/1.1)
HTTP/1.1 200 OK
Content-Type: application/json; charset=utf-8
cache-control: no-cache
content-length: 14

10:45:32.667 [AsyncHttpClient-1-4] DEBUG org.asynchttpclient.netty.channel.ChannelManager - Adding key: http://localhost:64282 for channel [id: 0xaec23a26, L:/127.0.0.1:57598 - R:localhost/127.0.0.1:64282]
10:45:32.672 [Forwarding screenshot on session 32b2894c10af918c5cf817e026232ef7 to remote] DEBUG org.asynchttpclient.netty.request.NettyRequestSender - Using pooled Channel '[id: 0xaec23a26, L:/127.0.0.1:57598 - R:localhost/127.0.0.1:64282]' for 'GET' to 'http://localhost:64282/session/32b2894c10af918c5cf817e026232ef7/screenshot'
10:45:32.672 [Forwarding screenshot on session 32b2894c10af918c5cf817e026232ef7 to remote] DEBUG org.asynchttpclient.netty.request.NettyRequestSender - Using open Channel [id: 0xaec23a26, L:/127.0.0.1:57598 - R:localhost/127.0.0.1:64282] for GET '/session/32b2894c10af918c5cf817e026232ef7/screenshot'
10:45:32.816 [AsyncHttpClient-1-4] DEBUG org.asynchttpclient.netty.handler.HttpHandler - 

Request DefaultFullHttpRequest(decodeResult: success, version: HTTP/1.1, content: EmptyByteBufBE)
GET /session/32b2894c10af918c5cf817e026232ef7/screenshot HTTP/1.1
User-Agent: selenium/4.1.2 (java windows)
Cache-Control: no-cache
Content-Type: application/json; charset=utf-8
host: localhost:64282
accept: */*

Response DefaultHttpResponse(decodeResult: success, version: HTTP/1.1)
HTTP/1.1 200 OK
Content-Type: application/json; charset=utf-8
cache-control: no-cache
content-length: 113236

10:45:32.817 [AsyncHttpClient-1-4] DEBUG org.asynchttpclient.netty.channel.ChannelManager - Adding key: http://localhost:64282 for channel [id: 0xaec23a26, L:/127.0.0.1:57598 - R:localhost/127.0.0.1:64282]
10:45:32.822 [main] DEBUG net.serenitybdd.core.photography.Darkroom - Send negative for processing for target\site\serenity\85992fd1dce5bd33a060017ef6e67a16a578ce48563d49babd27ce16c537516f.png
10:45:32.823 [main] DEBUG net.thucydides.core.steps.StepInterceptor - STEP DONE: validateOnDashboardPage
  &amp#27;[32mGiven &amp#27;[0m&amp#27;[32mI am at the dashboard page&amp#27;[0m              &amp#27;[90m# starter.stepdefinitions.PatientSteps.iAmAtTheDashboardPage()&amp#27;[0m
10:45:32.838 [main] DEBUG net.thucydides.core.steps.StepInterceptor - STARTING STEP: PatientSteps.iClickMenuPatient - clickMenuPatientButton
10:45:32.840 [Forwarding findElement on session 32b2894c10af918c5cf817e026232ef7 to remote] DEBUG org.asynchttpclient.netty.request.NettyRequestSender - Using pooled Channel '[id: 0xaec23a26, L:/127.0.0.1:57598 - R:localhost/127.0.0.1:64282]' for 'POST' to 'http://localhost:64282/session/32b2894c10af918c5cf817e026232ef7/element'
10:45:32.840 [Forwarding findElement on session 32b2894c10af918c5cf817e026232ef7 to remote] DEBUG org.asynchttpclient.netty.request.NettyRequestSender - Using open Channel [id: 0xaec23a26, L:/127.0.0.1:57598 - R:localhost/127.0.0.1:64282] for POST '/session/32b2894c10af918c5cf817e026232ef7/element'
10:45:32.856 [AsyncHttpClient-1-4] DEBUG org.asynchttpclient.netty.handler.HttpHandler - 

Request DefaultHttpRequest(decodeResult: success, version: HTTP/1.1)
POST /session/32b2894c10af918c5cf817e026232ef7/element HTTP/1.1
User-Agent: selenium/4.1.2 (java windows)
Content-Length: 80
Content-Type: application/json; charset=utf-8
host: localhost:64282
accept: */*

Response DefaultHttpResponse(decodeResult: success, version: HTTP/1.1)
HTTP/1.1 200 OK
Content-Type: application/json; charset=utf-8
cache-control: no-cache
content-length: 88

10:45:32.856 [AsyncHttpClient-1-4] DEBUG org.asynchttpclient.netty.channel.ChannelManager - Adding key: http://localhost:64282 for channel [id: 0xaec23a26, L:/127.0.0.1:57598 - R:localhost/127.0.0.1:64282]
10:45:32.858 [Forwarding getElementTagName on session 32b2894c10af918c5cf817e026232ef7 to remote] DEBUG org.asynchttpclient.netty.request.NettyRequestSender - Using pooled Channel '[id: 0xaec23a26, L:/127.0.0.1:57598 - R:localhost/127.0.0.1:64282]' for 'GET' to 'http://localhost:64282/session/32b2894c10af918c5cf817e026232ef7/element/6488c879-9844-46b1-9a13-d4887a9bbb97/name'
10:45:32.858 [Forwarding getElementTagName on session 32b2894c10af918c5cf817e026232ef7 to remote] DEBUG org.asynchttpclient.netty.request.NettyRequestSender - Using open Channel [id: 0xaec23a26, L:/127.0.0.1:57598 - R:localhost/127.0.0.1:64282] for GET '/session/32b2894c10af918c5cf817e026232ef7/element/6488c879-9844-46b1-9a13-d4887a9bbb97/name'
10:45:32.864 [AsyncHttpClient-1-4] DEBUG org.asynchttpclient.netty.handler.HttpHandler - 

Request DefaultFullHttpRequest(decodeResult: success, version: HTTP/1.1, content: EmptyByteBufBE)
GET /session/32b2894c10af918c5cf817e026232ef7/element/6488c879-9844-46b1-9a13-d4887a9bbb97/name HTTP/1.1
User-Agent: selenium/4.1.2 (java windows)
Cache-Control: no-cache
Content-Type: application/json; charset=utf-8
host: localhost:64282
accept: */*

Response DefaultHttpResponse(decodeResult: success, version: HTTP/1.1)
HTTP/1.1 200 OK
Content-Type: application/json; charset=utf-8
cache-control: no-cache
content-length: 15

10:45:32.864 [AsyncHttpClient-1-4] DEBUG org.asynchttpclient.netty.channel.ChannelManager - Adding key: http://localhost:64282 for channel [id: 0xaec23a26, L:/127.0.0.1:57598 - R:localhost/127.0.0.1:64282]
10:45:32.865 [Forwarding getElementTagName on session 32b2894c10af918c5cf817e026232ef7 to remote] DEBUG org.asynchttpclient.netty.request.NettyRequestSender - Using pooled Channel '[id: 0xaec23a26, L:/127.0.0.1:57598 - R:localhost/127.0.0.1:64282]' for 'GET' to 'http://localhost:64282/session/32b2894c10af918c5cf817e026232ef7/element/6488c879-9844-46b1-9a13-d4887a9bbb97/name'
10:45:32.865 [Forwarding getElementTagName on session 32b2894c10af918c5cf817e026232ef7 to remote] DEBUG org.asynchttpclient.netty.request.NettyRequestSender - Using open Channel [id: 0xaec23a26, L:/127.0.0.1:57598 - R:localhost/127.0.0.1:64282] for GET '/session/32b2894c10af918c5cf817e026232ef7/element/6488c879-9844-46b1-9a13-d4887a9bbb97/name'
10:45:32.870 [AsyncHttpClient-1-4] DEBUG org.asynchttpclient.netty.handler.HttpHandler - 

Request DefaultFullHttpRequest(decodeResult: success, version: HTTP/1.1, content: EmptyByteBufBE)
GET /session/32b2894c10af918c5cf817e026232ef7/element/6488c879-9844-46b1-9a13-d4887a9bbb97/name HTTP/1.1
User-Agent: selenium/4.1.2 (java windows)
Cache-Control: no-cache
Content-Type: application/json; charset=utf-8
host: localhost:64282
accept: */*

Response DefaultHttpResponse(decodeResult: success, version: HTTP/1.1)
HTTP/1.1 200 OK
Content-Type: application/json; charset=utf-8
cache-control: no-cache
content-length: 15

10:45:32.870 [AsyncHttpClient-1-4] DEBUG org.asynchttpclient.netty.channel.ChannelManager - Adding key: http://localhost:64282 for channel [id: 0xaec23a26, L:/127.0.0.1:57598 - R:localhost/127.0.0.1:64282]
10:45:32.872 [Forwarding findElement on session 32b2894c10af918c5cf817e026232ef7 to remote] DEBUG org.asynchttpclient.netty.request.NettyRequestSender - Using pooled Channel '[id: 0xaec23a26, L:/127.0.0.1:57598 - R:localhost/127.0.0.1:64282]' for 'POST' to 'http://localhost:64282/session/32b2894c10af918c5cf817e026232ef7/element'
10:45:32.872 [Forwarding findElement on session 32b2894c10af918c5cf817e026232ef7 to remote] DEBUG org.asynchttpclient.netty.request.NettyRequestSender - Using open Channel [id: 0xaec23a26, L:/127.0.0.1:57598 - R:localhost/127.0.0.1:64282] for POST '/session/32b2894c10af918c5cf817e026232ef7/element'
10:45:32.881 [AsyncHttpClient-1-4] DEBUG org.asynchttpclient.netty.handler.HttpHandler - 

Request DefaultHttpRequest(decodeResult: success, version: HTTP/1.1)
POST /session/32b2894c10af918c5cf817e026232ef7/element HTTP/1.1
User-Agent: selenium/4.1.2 (java windows)
Content-Length: 80
Content-Type: application/json; charset=utf-8
host: localhost:64282
accept: */*

Response DefaultHttpResponse(decodeResult: success, version: HTTP/1.1)
HTTP/1.1 200 OK
Content-Type: application/json; charset=utf-8
cache-control: no-cache
content-length: 88

10:45:32.881 [AsyncHttpClient-1-4] DEBUG org.asynchttpclient.netty.channel.ChannelManager - Adding key: http://localhost:64282 for channel [id: 0xaec23a26, L:/127.0.0.1:57598 - R:localhost/127.0.0.1:64282]
10:45:32.882 [Forwarding clickElement on session 32b2894c10af918c5cf817e026232ef7 to remote] DEBUG org.asynchttpclient.netty.request.NettyRequestSender - Using pooled Channel '[id: 0xaec23a26, L:/127.0.0.1:57598 - R:localhost/127.0.0.1:64282]' for 'POST' to 'http://localhost:64282/session/32b2894c10af918c5cf817e026232ef7/element/6488c879-9844-46b1-9a13-d4887a9bbb97/click'
10:45:32.882 [Forwarding clickElement on session 32b2894c10af918c5cf817e026232ef7 to remote] DEBUG org.asynchttpclient.netty.request.NettyRequestSender - Using open Channel [id: 0xaec23a26, L:/127.0.0.1:57598 - R:localhost/127.0.0.1:64282] for POST '/session/32b2894c10af918c5cf817e026232ef7/element/6488c879-9844-46b1-9a13-d4887a9bbb97/click'
10:45:33.163 [AsyncHttpClient-1-1] DEBUG org.asynchttpclient.netty.channel.DefaultChannelPool - Entry count for : http://localhost:57599 : 1
10:45:33.186 [AsyncHttpClient-1-4] DEBUG org.asynchttpclient.netty.handler.HttpHandler - 

Request DefaultHttpRequest(decodeResult: success, version: HTTP/1.1)
POST /session/32b2894c10af918c5cf817e026232ef7/element/6488c879-9844-46b1-9a13-d4887a9bbb97/click HTTP/1.1
User-Agent: selenium/4.1.2 (java windows)
Content-Length: 50
Content-Type: application/json; charset=utf-8
host: localhost:64282
accept: */*

Response DefaultHttpResponse(decodeResult: success, version: HTTP/1.1)
HTTP/1.1 200 OK
Content-Type: application/json; charset=utf-8
cache-control: no-cache
content-length: 14

10:45:33.187 [AsyncHttpClient-1-4] DEBUG org.asynchttpclient.netty.channel.ChannelManager - Adding key: http://localhost:64282 for channel [id: 0xaec23a26, L:/127.0.0.1:57598 - R:localhost/127.0.0.1:64282]
10:45:33.195 [Forwarding screenshot on session 32b2894c10af918c5cf817e026232ef7 to remote] DEBUG org.asynchttpclient.netty.request.NettyRequestSender - Using pooled Channel '[id: 0xaec23a26, L:/127.0.0.1:57598 - R:localhost/127.0.0.1:64282]' for 'GET' to 'http://localhost:64282/session/32b2894c10af918c5cf817e026232ef7/screenshot'
10:45:33.195 [Forwarding screenshot on session 32b2894c10af918c5cf817e026232ef7 to remote] DEBUG org.asynchttpclient.netty.request.NettyRequestSender - Using open Channel [id: 0xaec23a26, L:/127.0.0.1:57598 - R:localhost/127.0.0.1:64282] for GET '/session/32b2894c10af918c5cf817e026232ef7/screenshot'
10:45:33.338 [AsyncHttpClient-1-4] DEBUG org.asynchttpclient.netty.handler.HttpHandler - 

Request DefaultFullHttpRequest(decodeResult: success, version: HTTP/1.1, content: EmptyByteBufBE)
GET /session/32b2894c10af918c5cf817e026232ef7/screenshot HTTP/1.1
User-Agent: selenium/4.1.2 (java windows)
Cache-Control: no-cache
Content-Type: application/json; charset=utf-8
host: localhost:64282
accept: */*

Response DefaultHttpResponse(decodeResult: success, version: HTTP/1.1)
HTTP/1.1 200 OK
Content-Type: application/json; charset=utf-8
cache-control: no-cache
content-length: 55372

10:45:33.339 [AsyncHttpClient-1-4] DEBUG org.asynchttpclient.netty.channel.ChannelManager - Adding key: http://localhost:64282 for channel [id: 0xaec23a26, L:/127.0.0.1:57598 - R:localhost/127.0.0.1:64282]
10:45:33.342 [main] DEBUG net.serenitybdd.core.photography.Darkroom - Send negative for processing for target\site\serenity\c886102f421ef8e705409955539f8574c7e22dd5f158313ecdebe95b5d6560bd.png
10:45:33.342 [main] DEBUG net.thucydides.core.steps.StepInterceptor - STEP DONE: clickMenuPatientButton
  &amp#27;[32mAnd &amp#27;[0m&amp#27;[32mI click menu patient&amp#27;[0m                      &amp#27;[90m# starter.stepdefinitions.PatientSteps.iClickMenuPatient()&amp#27;[0m
10:45:33.358 [main] DEBUG net.thucydides.core.steps.StepInterceptor - STARTING STEP: PatientSteps.iClickEditPatientButton - clickEditPatientButton
10:45:33.361 [Forwarding findElement on session 32b2894c10af918c5cf817e026232ef7 to remote] DEBUG org.asynchttpclient.netty.request.NettyRequestSender - Using pooled Channel '[id: 0xaec23a26, L:/127.0.0.1:57598 - R:localhost/127.0.0.1:64282]' for 'POST' to 'http://localhost:64282/session/32b2894c10af918c5cf817e026232ef7/element'
10:45:33.361 [Forwarding findElement on session 32b2894c10af918c5cf817e026232ef7 to remote] DEBUG org.asynchttpclient.netty.request.NettyRequestSender - Using open Channel [id: 0xaec23a26, L:/127.0.0.1:57598 - R:localhost/127.0.0.1:64282] for POST '/session/32b2894c10af918c5cf817e026232ef7/element'
10:45:34.264 [AsyncHttpClient-1-1] DEBUG org.asynchttpclient.netty.channel.DefaultChannelPool - Entry count for : http://localhost:57599 : 1
10:45:35.364 [AsyncHttpClient-1-1] DEBUG org.asynchttpclient.netty.channel.DefaultChannelPool - Entry count for : http://localhost:57599 : 1
10:45:35.503 [AsyncHttpClient-1-4] DEBUG org.asynchttpclient.netty.handler.HttpHandler - 

Request DefaultHttpRequest(decodeResult: success, version: HTTP/1.1)
POST /session/32b2894c10af918c5cf817e026232ef7/element HTTP/1.1
User-Agent: selenium/4.1.2 (java windows)
Content-Length: 91
Content-Type: application/json; charset=utf-8
host: localhost:64282
accept: */*

Response DefaultHttpResponse(decodeResult: success, version: HTTP/1.1)
HTTP/1.1 200 OK
Content-Type: application/json; charset=utf-8
cache-control: no-cache
content-length: 88

10:45:35.503 [AsyncHttpClient-1-4] DEBUG org.asynchttpclient.netty.channel.ChannelManager - Adding key: http://localhost:64282 for channel [id: 0xaec23a26, L:/127.0.0.1:57598 - R:localhost/127.0.0.1:64282]
10:45:35.505 [Forwarding getElementTagName on session 32b2894c10af918c5cf817e026232ef7 to remote] DEBUG org.asynchttpclient.netty.request.NettyRequestSender - Using pooled Channel '[id: 0xaec23a26, L:/127.0.0.1:57598 - R:localhost/127.0.0.1:64282]' for 'GET' to 'http://localhost:64282/session/32b2894c10af918c5cf817e026232ef7/element/225698b3-42d7-4512-a5a2-6324c3bb439c/name'
10:45:35.506 [Forwarding getElementTagName on session 32b2894c10af918c5cf817e026232ef7 to remote] DEBUG org.asynchttpclient.netty.request.NettyRequestSender - Using open Channel [id: 0xaec23a26, L:/127.0.0.1:57598 - R:localhost/127.0.0.1:64282] for GET '/session/32b2894c10af918c5cf817e026232ef7/element/225698b3-42d7-4512-a5a2-6324c3bb439c/name'
10:45:35.512 [AsyncHttpClient-1-4] DEBUG org.asynchttpclient.netty.handler.HttpHandler - 

Request DefaultFullHttpRequest(decodeResult: success, version: HTTP/1.1, content: EmptyByteBufBE)
GET /session/32b2894c10af918c5cf817e026232ef7/element/225698b3-42d7-4512-a5a2-6324c3bb439c/name HTTP/1.1
User-Agent: selenium/4.1.2 (java windows)
Cache-Control: no-cache
Content-Type: application/json; charset=utf-8
host: localhost:64282
accept: */*

Response DefaultHttpResponse(decodeResult: success, version: HTTP/1.1)
HTTP/1.1 200 OK
Content-Type: application/json; charset=utf-8
cache-control: no-cache
content-length: 18

10:45:35.512 [AsyncHttpClient-1-4] DEBUG org.asynchttpclient.netty.channel.ChannelManager - Adding key: http://localhost:64282 for channel [id: 0xaec23a26, L:/127.0.0.1:57598 - R:localhost/127.0.0.1:64282]
10:45:35.513 [Forwarding getElementTagName on session 32b2894c10af918c5cf817e026232ef7 to remote] DEBUG org.asynchttpclient.netty.request.NettyRequestSender - Using pooled Channel '[id: 0xaec23a26, L:/127.0.0.1:57598 - R:localhost/127.0.0.1:64282]' for 'GET' to 'http://localhost:64282/session/32b2894c10af918c5cf817e026232ef7/element/225698b3-42d7-4512-a5a2-6324c3bb439c/name'
10:45:35.513 [Forwarding getElementTagName on session 32b2894c10af918c5cf817e026232ef7 to remote] DEBUG org.asynchttpclient.netty.request.NettyRequestSender - Using open Channel [id: 0xaec23a26, L:/127.0.0.1:57598 - R:localhost/127.0.0.1:64282] for GET '/session/32b2894c10af918c5cf817e026232ef7/element/225698b3-42d7-4512-a5a2-6324c3bb439c/name'
10:45:35.517 [AsyncHttpClient-1-4] DEBUG org.asynchttpclient.netty.handler.HttpHandler - 

Request DefaultFullHttpRequest(decodeResult: success, version: HTTP/1.1, content: EmptyByteBufBE)
GET /session/32b2894c10af918c5cf817e026232ef7/element/225698b3-42d7-4512-a5a2-6324c3bb439c/name HTTP/1.1
User-Agent: selenium/4.1.2 (java windows)
Cache-Control: no-cache
Content-Type: application/json; charset=utf-8
host: localhost:64282
accept: */*

Response DefaultHttpResponse(decodeResult: success, version: HTTP/1.1)
HTTP/1.1 200 OK
Content-Type: application/json; charset=utf-8
cache-control: no-cache
content-length: 18

10:45:35.517 [AsyncHttpClient-1-4] DEBUG org.asynchttpclient.netty.channel.ChannelManager - Adding key: http://localhost:64282 for channel [id: 0xaec23a26, L:/127.0.0.1:57598 - R:localhost/127.0.0.1:64282]
10:45:35.520 [Forwarding isElementEnabled on session 32b2894c10af918c5cf817e026232ef7 to remote] DEBUG org.asynchttpclient.netty.request.NettyRequestSender - Using pooled Channel '[id: 0xaec23a26, L:/127.0.0.1:57598 - R:localhost/127.0.0.1:64282]' for 'GET' to 'http://localhost:64282/session/32b2894c10af918c5cf817e026232ef7/element/225698b3-42d7-4512-a5a2-6324c3bb439c/enabled'
10:45:35.520 [Forwarding isElementEnabled on session 32b2894c10af918c5cf817e026232ef7 to remote] DEBUG org.asynchttpclient.netty.request.NettyRequestSender - Using open Channel [id: 0xaec23a26, L:/127.0.0.1:57598 - R:localhost/127.0.0.1:64282] for GET '/session/32b2894c10af918c5cf817e026232ef7/element/225698b3-42d7-4512-a5a2-6324c3bb439c/enabled'
10:45:35.530 [AsyncHttpClient-1-4] DEBUG org.asynchttpclient.netty.handler.HttpHandler - 

Request DefaultFullHttpRequest(decodeResult: success, version: HTTP/1.1, content: EmptyByteBufBE)
GET /session/32b2894c10af918c5cf817e026232ef7/element/225698b3-42d7-4512-a5a2-6324c3bb439c/enabled HTTP/1.1
User-Agent: selenium/4.1.2 (java windows)
Cache-Control: no-cache
Content-Type: application/json; charset=utf-8
host: localhost:64282
accept: */*

Response DefaultHttpResponse(decodeResult: success, version: HTTP/1.1)
HTTP/1.1 200 OK
Content-Type: application/json; charset=utf-8
cache-control: no-cache
content-length: 14

10:45:35.530 [AsyncHttpClient-1-4] DEBUG org.asynchttpclient.netty.channel.ChannelManager - Adding key: http://localhost:64282 for channel [id: 0xaec23a26, L:/127.0.0.1:57598 - R:localhost/127.0.0.1:64282]
10:45:35.531 [Forwarding isElementEnabled on session 32b2894c10af918c5cf817e026232ef7 to remote] DEBUG org.asynchttpclient.netty.request.NettyRequestSender - Using pooled Channel '[id: 0xaec23a26, L:/127.0.0.1:57598 - R:localhost/127.0.0.1:64282]' for 'GET' to 'http://localhost:64282/session/32b2894c10af918c5cf817e026232ef7/element/225698b3-42d7-4512-a5a2-6324c3bb439c/enabled'
10:45:35.531 [Forwarding isElementEnabled on session 32b2894c10af918c5cf817e026232ef7 to remote] DEBUG org.asynchttpclient.netty.request.NettyRequestSender - Using open Channel [id: 0xaec23a26, L:/127.0.0.1:57598 - R:localhost/127.0.0.1:64282] for GET '/session/32b2894c10af918c5cf817e026232ef7/element/225698b3-42d7-4512-a5a2-6324c3bb439c/enabled'
10:45:35.539 [AsyncHttpClient-1-4] DEBUG org.asynchttpclient.netty.handler.HttpHandler - 

Request DefaultFullHttpRequest(decodeResult: success, version: HTTP/1.1, content: EmptyByteBufBE)
GET /session/32b2894c10af918c5cf817e026232ef7/element/225698b3-42d7-4512-a5a2-6324c3bb439c/enabled HTTP/1.1
User-Agent: selenium/4.1.2 (java windows)
Cache-Control: no-cache
Content-Type: application/json; charset=utf-8
host: localhost:64282
accept: */*

Response DefaultHttpResponse(decodeResult: success, version: HTTP/1.1)
HTTP/1.1 200 OK
Content-Type: application/json; charset=utf-8
cache-control: no-cache
content-length: 14

10:45:35.539 [AsyncHttpClient-1-4] DEBUG org.asynchttpclient.netty.channel.ChannelManager - Adding key: http://localhost:64282 for channel [id: 0xaec23a26, L:/127.0.0.1:57598 - R:localhost/127.0.0.1:64282]
10:45:35.543 [Forwarding findElement on session 32b2894c10af918c5cf817e026232ef7 to remote] DEBUG org.asynchttpclient.netty.request.NettyRequestSender - Using pooled Channel '[id: 0xaec23a26, L:/127.0.0.1:57598 - R:localhost/127.0.0.1:64282]' for 'POST' to 'http://localhost:64282/session/32b2894c10af918c5cf817e026232ef7/element'
10:45:35.543 [Forwarding findElement on session 32b2894c10af918c5cf817e026232ef7 to remote] DEBUG org.asynchttpclient.netty.request.NettyRequestSender - Using open Channel [id: 0xaec23a26, L:/127.0.0.1:57598 - R:localhost/127.0.0.1:64282] for POST '/session/32b2894c10af918c5cf817e026232ef7/element'
10:45:35.552 [AsyncHttpClient-1-4] DEBUG org.asynchttpclient.netty.handler.HttpHandler - 

Request DefaultHttpRequest(decodeResult: success, version: HTTP/1.1)
POST /session/32b2894c10af918c5cf817e026232ef7/element HTTP/1.1
User-Agent: selenium/4.1.2 (java windows)
Content-Length: 91
Content-Type: application/json; charset=utf-8
host: localhost:64282
accept: */*

Response DefaultHttpResponse(decodeResult: success, version: HTTP/1.1)
HTTP/1.1 200 OK
Content-Type: application/json; charset=utf-8
cache-control: no-cache
content-length: 88

10:45:35.552 [AsyncHttpClient-1-4] DEBUG org.asynchttpclient.netty.channel.ChannelManager - Adding key: http://localhost:64282 for channel [id: 0xaec23a26, L:/127.0.0.1:57598 - R:localhost/127.0.0.1:64282]
10:45:35.553 [Forwarding getElementTagName on session 32b2894c10af918c5cf817e026232ef7 to remote] DEBUG org.asynchttpclient.netty.request.NettyRequestSender - Using pooled Channel '[id: 0xaec23a26, L:/127.0.0.1:57598 - R:localhost/127.0.0.1:64282]' for 'GET' to 'http://localhost:64282/session/32b2894c10af918c5cf817e026232ef7/element/225698b3-42d7-4512-a5a2-6324c3bb439c/name'
10:45:35.553 [Forwarding getElementTagName on session 32b2894c10af918c5cf817e026232ef7 to remote] DEBUG org.asynchttpclient.netty.request.NettyRequestSender - Using open Channel [id: 0xaec23a26, L:/127.0.0.1:57598 - R:localhost/127.0.0.1:64282] for GET '/session/32b2894c10af918c5cf817e026232ef7/element/225698b3-42d7-4512-a5a2-6324c3bb439c/name'
10:45:35.558 [AsyncHttpClient-1-4] DEBUG org.asynchttpclient.netty.handler.HttpHandler - 

Request DefaultFullHttpRequest(decodeResult: success, version: HTTP/1.1, content: EmptyByteBufBE)
GET /session/32b2894c10af918c5cf817e026232ef7/element/225698b3-42d7-4512-a5a2-6324c3bb439c/name HTTP/1.1
User-Agent: selenium/4.1.2 (java windows)
Cache-Control: no-cache
Content-Type: application/json; charset=utf-8
host: localhost:64282
accept: */*

Response DefaultHttpResponse(decodeResult: success, version: HTTP/1.1)
HTTP/1.1 200 OK
Content-Type: application/json; charset=utf-8
cache-control: no-cache
content-length: 18

10:45:35.558 [AsyncHttpClient-1-4] DEBUG org.asynchttpclient.netty.channel.ChannelManager - Adding key: http://localhost:64282 for channel [id: 0xaec23a26, L:/127.0.0.1:57598 - R:localhost/127.0.0.1:64282]
10:45:35.560 [Forwarding getElementTagName on session 32b2894c10af918c5cf817e026232ef7 to remote] DEBUG org.asynchttpclient.netty.request.NettyRequestSender - Using pooled Channel '[id: 0xaec23a26, L:/127.0.0.1:57598 - R:localhost/127.0.0.1:64282]' for 'GET' to 'http://localhost:64282/session/32b2894c10af918c5cf817e026232ef7/element/225698b3-42d7-4512-a5a2-6324c3bb439c/name'
10:45:35.560 [Forwarding getElementTagName on session 32b2894c10af918c5cf817e026232ef7 to remote] DEBUG org.asynchttpclient.netty.request.NettyRequestSender - Using open Channel [id: 0xaec23a26, L:/127.0.0.1:57598 - R:localhost/127.0.0.1:64282] for GET '/session/32b2894c10af918c5cf817e026232ef7/element/225698b3-42d7-4512-a5a2-6324c3bb439c/name'
10:45:35.564 [AsyncHttpClient-1-4] DEBUG org.asynchttpclient.netty.handler.HttpHandler - 

Request DefaultFullHttpRequest(decodeResult: success, version: HTTP/1.1, content: EmptyByteBufBE)
GET /session/32b2894c10af918c5cf817e026232ef7/element/225698b3-42d7-4512-a5a2-6324c3bb439c/name HTTP/1.1
User-Agent: selenium/4.1.2 (java windows)
Cache-Control: no-cache
Content-Type: application/json; charset=utf-8
host: localhost:64282
accept: */*

Response DefaultHttpResponse(decodeResult: success, version: HTTP/1.1)
HTTP/1.1 200 OK
Content-Type: application/json; charset=utf-8
cache-control: no-cache
content-length: 18

10:45:35.564 [AsyncHttpClient-1-4] DEBUG org.asynchttpclient.netty.channel.ChannelManager - Adding key: http://localhost:64282 for channel [id: 0xaec23a26, L:/127.0.0.1:57598 - R:localhost/127.0.0.1:64282]
10:45:35.567 [Forwarding isElementEnabled on session 32b2894c10af918c5cf817e026232ef7 to remote] DEBUG org.asynchttpclient.netty.request.NettyRequestSender - Using pooled Channel '[id: 0xaec23a26, L:/127.0.0.1:57598 - R:localhost/127.0.0.1:64282]' for 'GET' to 'http://localhost:64282/session/32b2894c10af918c5cf817e026232ef7/element/225698b3-42d7-4512-a5a2-6324c3bb439c/enabled'
10:45:35.567 [Forwarding isElementEnabled on session 32b2894c10af918c5cf817e026232ef7 to remote] DEBUG org.asynchttpclient.netty.request.NettyRequestSender - Using open Channel [id: 0xaec23a26, L:/127.0.0.1:57598 - R:localhost/127.0.0.1:64282] for GET '/session/32b2894c10af918c5cf817e026232ef7/element/225698b3-42d7-4512-a5a2-6324c3bb439c/enabled'
10:45:35.574 [AsyncHttpClient-1-4] DEBUG org.asynchttpclient.netty.handler.HttpHandler - 

Request DefaultFullHttpRequest(decodeResult: success, version: HTTP/1.1, content: EmptyByteBufBE)
GET /session/32b2894c10af918c5cf817e026232ef7/element/225698b3-42d7-4512-a5a2-6324c3bb439c/enabled HTTP/1.1
User-Agent: selenium/4.1.2 (java windows)
Cache-Control: no-cache
Content-Type: application/json; charset=utf-8
host: localhost:64282
accept: */*

Response DefaultHttpResponse(decodeResult: success, version: HTTP/1.1)
HTTP/1.1 200 OK
Content-Type: application/json; charset=utf-8
cache-control: no-cache
content-length: 14

10:45:35.574 [AsyncHttpClient-1-4] DEBUG org.asynchttpclient.netty.channel.ChannelManager - Adding key: http://localhost:64282 for channel [id: 0xaec23a26, L:/127.0.0.1:57598 - R:localhost/127.0.0.1:64282]
10:45:35.575 [Forwarding isElementEnabled on session 32b2894c10af918c5cf817e026232ef7 to remote] DEBUG org.asynchttpclient.netty.request.NettyRequestSender - Using pooled Channel '[id: 0xaec23a26, L:/127.0.0.1:57598 - R:localhost/127.0.0.1:64282]' for 'GET' to 'http://localhost:64282/session/32b2894c10af918c5cf817e026232ef7/element/225698b3-42d7-4512-a5a2-6324c3bb439c/enabled'
10:45:35.575 [Forwarding isElementEnabled on session 32b2894c10af918c5cf817e026232ef7 to remote] DEBUG org.asynchttpclient.netty.request.NettyRequestSender - Using open Channel [id: 0xaec23a26, L:/127.0.0.1:57598 - R:localhost/127.0.0.1:64282] for GET '/session/32b2894c10af918c5cf817e026232ef7/element/225698b3-42d7-4512-a5a2-6324c3bb439c/enabled'
10:45:35.581 [AsyncHttpClient-1-4] DEBUG org.asynchttpclient.netty.handler.HttpHandler - 

Request DefaultFullHttpRequest(decodeResult: success, version: HTTP/1.1, content: EmptyByteBufBE)
GET /session/32b2894c10af918c5cf817e026232ef7/element/225698b3-42d7-4512-a5a2-6324c3bb439c/enabled HTTP/1.1
User-Agent: selenium/4.1.2 (java windows)
Cache-Control: no-cache
Content-Type: application/json; charset=utf-8
host: localhost:64282
accept: */*

Response DefaultHttpResponse(decodeResult: success, version: HTTP/1.1)
HTTP/1.1 200 OK
Content-Type: application/json; charset=utf-8
cache-control: no-cache
content-length: 14

10:45:35.582 [AsyncHttpClient-1-4] DEBUG org.asynchttpclient.netty.channel.ChannelManager - Adding key: http://localhost:64282 for channel [id: 0xaec23a26, L:/127.0.0.1:57598 - R:localhost/127.0.0.1:64282]
10:45:35.584 [Forwarding findElement on session 32b2894c10af918c5cf817e026232ef7 to remote] DEBUG org.asynchttpclient.netty.request.NettyRequestSender - Using pooled Channel '[id: 0xaec23a26, L:/127.0.0.1:57598 - R:localhost/127.0.0.1:64282]' for 'POST' to 'http://localhost:64282/session/32b2894c10af918c5cf817e026232ef7/element'
10:45:35.584 [Forwarding findElement on session 32b2894c10af918c5cf817e026232ef7 to remote] DEBUG org.asynchttpclient.netty.request.NettyRequestSender - Using open Channel [id: 0xaec23a26, L:/127.0.0.1:57598 - R:localhost/127.0.0.1:64282] for POST '/session/32b2894c10af918c5cf817e026232ef7/element'
10:45:35.591 [AsyncHttpClient-1-4] DEBUG org.asynchttpclient.netty.handler.HttpHandler - 

Request DefaultHttpRequest(decodeResult: success, version: HTTP/1.1)
POST /session/32b2894c10af918c5cf817e026232ef7/element HTTP/1.1
User-Agent: selenium/4.1.2 (java windows)
Content-Length: 91
Content-Type: application/json; charset=utf-8
host: localhost:64282
accept: */*

Response DefaultHttpResponse(decodeResult: success, version: HTTP/1.1)
HTTP/1.1 200 OK
Content-Type: application/json; charset=utf-8
cache-control: no-cache
content-length: 88

10:45:35.591 [AsyncHttpClient-1-4] DEBUG org.asynchttpclient.netty.channel.ChannelManager - Adding key: http://localhost:64282 for channel [id: 0xaec23a26, L:/127.0.0.1:57598 - R:localhost/127.0.0.1:64282]
10:45:35.593 [Forwarding clickElement on session 32b2894c10af918c5cf817e026232ef7 to remote] DEBUG org.asynchttpclient.netty.request.NettyRequestSender - Using pooled Channel '[id: 0xaec23a26, L:/127.0.0.1:57598 - R:localhost/127.0.0.1:64282]' for 'POST' to 'http://localhost:64282/session/32b2894c10af918c5cf817e026232ef7/element/225698b3-42d7-4512-a5a2-6324c3bb439c/click'
10:45:35.593 [Forwarding clickElement on session 32b2894c10af918c5cf817e026232ef7 to remote] DEBUG org.asynchttpclient.netty.request.NettyRequestSender - Using open Channel [id: 0xaec23a26, L:/127.0.0.1:57598 - R:localhost/127.0.0.1:64282] for POST '/session/32b2894c10af918c5cf817e026232ef7/element/225698b3-42d7-4512-a5a2-6324c3bb439c/click'
10:45:35.794 [AsyncHttpClient-1-4] DEBUG org.asynchttpclient.netty.handler.HttpHandler - 

Request DefaultHttpRequest(decodeResult: success, version: HTTP/1.1)
POST /session/32b2894c10af918c5cf817e026232ef7/element/225698b3-42d7-4512-a5a2-6324c3bb439c/click HTTP/1.1
User-Agent: selenium/4.1.2 (java windows)
Content-Length: 50
Content-Type: application/json; charset=utf-8
host: localhost:64282
accept: */*

Response DefaultHttpResponse(decodeResult: success, version: HTTP/1.1)
HTTP/1.1 200 OK
Content-Type: application/json; charset=utf-8
cache-control: no-cache
content-length: 14

10:45:35.794 [AsyncHttpClient-1-4] DEBUG org.asynchttpclient.netty.channel.ChannelManager - Adding key: http://localhost:64282 for channel [id: 0xaec23a26, L:/127.0.0.1:57598 - R:localhost/127.0.0.1:64282]
10:45:35.813 [Forwarding screenshot on session 32b2894c10af918c5cf817e026232ef7 to remote] DEBUG org.asynchttpclient.netty.request.NettyRequestSender - Using pooled Channel '[id: 0xaec23a26, L:/127.0.0.1:57598 - R:localhost/127.0.0.1:64282]' for 'GET' to 'http://localhost:64282/session/32b2894c10af918c5cf817e026232ef7/screenshot'
10:45:35.813 [Forwarding screenshot on session 32b2894c10af918c5cf817e026232ef7 to remote] DEBUG org.asynchttpclient.netty.request.NettyRequestSender - Using open Channel [id: 0xaec23a26, L:/127.0.0.1:57598 - R:localhost/127.0.0.1:64282] for GET '/session/32b2894c10af918c5cf817e026232ef7/screenshot'
10:45:36.007 [AsyncHttpClient-1-4] DEBUG org.asynchttpclient.netty.handler.HttpHandler - 

Request DefaultFullHttpRequest(decodeResult: success, version: HTTP/1.1, content: EmptyByteBufBE)
GET /session/32b2894c10af918c5cf817e026232ef7/screenshot HTTP/1.1
User-Agent: selenium/4.1.2 (java windows)
Cache-Control: no-cache
Content-Type: application/json; charset=utf-8
host: localhost:64282
accept: */*

Response DefaultHttpResponse(decodeResult: success, version: HTTP/1.1)
HTTP/1.1 200 OK
Content-Type: application/json; charset=utf-8
cache-control: no-cache
content-length: 110332

10:45:36.010 [AsyncHttpClient-1-4] DEBUG org.asynchttpclient.netty.channel.ChannelManager - Adding key: http://localhost:64282 for channel [id: 0xaec23a26, L:/127.0.0.1:57598 - R:localhost/127.0.0.1:64282]
10:45:36.018 [main] DEBUG net.serenitybdd.core.photography.Darkroom - Send negative for processing for target\site\serenity\1f603a5439186732acbca4fe0a937c976504cf8a8af14553ff8cd87726a318ed.png
10:45:36.018 [main] DEBUG net.thucydides.core.steps.StepInterceptor - STEP DONE: clickEditPatientButton
  &amp#27;[32mWhen &amp#27;[0m&amp#27;[32mI click Edit Patient button&amp#27;[0m              &amp#27;[90m# starter.stepdefinitions.PatientSteps.iClickEditPatientButton()&amp#27;[0m
10:45:36.019 [Darkroom Processing Line] DEBUG net.serenitybdd.core.photography.DarkroomProcessingLine - Processing screenshot image in /var/screenshots/screenshot-3718415272107547973
10:45:36.019 [Darkroom Processing Line] DEBUG net.serenitybdd.core.photography.DarkroomProcessingLine - Saving screenshot to target\site\serenity\1f603a5439186732acbca4fe0a937c976504cf8a8af14553ff8cd87726a318ed.png
10:45:36.055 [main] DEBUG net.thucydides.core.steps.StepInterceptor - STARTING STEP: PatientSteps.iChangePatientData - clickBlodeTypeDropdown
10:45:36.062 [Forwarding findElement on session 32b2894c10af918c5cf817e026232ef7 to remote] DEBUG org.asynchttpclient.netty.request.NettyRequestSender - Using pooled Channel '[id: 0xaec23a26, L:/127.0.0.1:57598 - R:localhost/127.0.0.1:64282]' for 'POST' to 'http://localhost:64282/session/32b2894c10af918c5cf817e026232ef7/element'
10:45:36.062 [Forwarding findElement on session 32b2894c10af918c5cf817e026232ef7 to remote] DEBUG org.asynchttpclient.netty.request.NettyRequestSender - Using open Channel [id: 0xaec23a26, L:/127.0.0.1:57598 - R:localhost/127.0.0.1:64282] for POST '/session/32b2894c10af918c5cf817e026232ef7/element'
10:45:36.079 [AsyncHttpClient-1-4] DEBUG org.asynchttpclient.netty.handler.HttpHandler - 

Request DefaultHttpRequest(decodeResult: success, version: HTTP/1.1)
POST /session/32b2894c10af918c5cf817e026232ef7/element HTTP/1.1
User-Agent: selenium/4.1.2 (java windows)
Content-Length: 82
Content-Type: application/json; charset=utf-8
host: localhost:64282
accept: */*

Response DefaultHttpResponse(decodeResult: success, version: HTTP/1.1)
HTTP/1.1 200 OK
Content-Type: application/json; charset=utf-8
cache-control: no-cache
content-length: 88

10:45:36.079 [AsyncHttpClient-1-4] DEBUG org.asynchttpclient.netty.channel.ChannelManager - Adding key: http://localhost:64282 for channel [id: 0xaec23a26, L:/127.0.0.1:57598 - R:localhost/127.0.0.1:64282]
10:45:36.080 [Forwarding getElementTagName on session 32b2894c10af918c5cf817e026232ef7 to remote] DEBUG org.asynchttpclient.netty.request.NettyRequestSender - Using pooled Channel '[id: 0xaec23a26, L:/127.0.0.1:57598 - R:localhost/127.0.0.1:64282]' for 'GET' to 'http://localhost:64282/session/32b2894c10af918c5cf817e026232ef7/element/ecd193ca-da8c-4122-916f-82a520f300e5/name'
10:45:36.080 [Forwarding getElementTagName on session 32b2894c10af918c5cf817e026232ef7 to remote] DEBUG org.asynchttpclient.netty.request.NettyRequestSender - Using open Channel [id: 0xaec23a26, L:/127.0.0.1:57598 - R:localhost/127.0.0.1:64282] for GET '/session/32b2894c10af918c5cf817e026232ef7/element/ecd193ca-da8c-4122-916f-82a520f300e5/name'
10:45:36.085 [AsyncHttpClient-1-4] DEBUG org.asynchttpclient.netty.handler.HttpHandler - 

Request DefaultFullHttpRequest(decodeResult: success, version: HTTP/1.1, content: EmptyByteBufBE)
GET /session/32b2894c10af918c5cf817e026232ef7/element/ecd193ca-da8c-4122-916f-82a520f300e5/name HTTP/1.1
User-Agent: selenium/4.1.2 (java windows)
Cache-Control: no-cache
Content-Type: application/json; charset=utf-8
host: localhost:64282
accept: */*

Response DefaultHttpResponse(decodeResult: success, version: HTTP/1.1)
HTTP/1.1 200 OK
Content-Type: application/json; charset=utf-8
cache-control: no-cache
content-length: 15

10:45:36.086 [AsyncHttpClient-1-4] DEBUG org.asynchttpclient.netty.channel.ChannelManager - Adding key: http://localhost:64282 for channel [id: 0xaec23a26, L:/127.0.0.1:57598 - R:localhost/127.0.0.1:64282]
10:45:36.088 [Forwarding getElementTagName on session 32b2894c10af918c5cf817e026232ef7 to remote] DEBUG org.asynchttpclient.netty.request.NettyRequestSender - Using pooled Channel '[id: 0xaec23a26, L:/127.0.0.1:57598 - R:localhost/127.0.0.1:64282]' for 'GET' to 'http://localhost:64282/session/32b2894c10af918c5cf817e026232ef7/element/ecd193ca-da8c-4122-916f-82a520f300e5/name'
10:45:36.088 [Forwarding getElementTagName on session 32b2894c10af918c5cf817e026232ef7 to remote] DEBUG org.asynchttpclient.netty.request.NettyRequestSender - Using open Channel [id: 0xaec23a26, L:/127.0.0.1:57598 - R:localhost/127.0.0.1:64282] for GET '/session/32b2894c10af918c5cf817e026232ef7/element/ecd193ca-da8c-4122-916f-82a520f300e5/name'
10:45:36.092 [AsyncHttpClient-1-4] DEBUG org.asynchttpclient.netty.handler.HttpHandler - 

Request DefaultFullHttpRequest(decodeResult: success, version: HTTP/1.1, content: EmptyByteBufBE)
GET /session/32b2894c10af918c5cf817e026232ef7/element/ecd193ca-da8c-4122-916f-82a520f300e5/name HTTP/1.1
User-Agent: selenium/4.1.2 (java windows)
Cache-Control: no-cache
Content-Type: application/json; charset=utf-8
host: localhost:64282
accept: */*

Response DefaultHttpResponse(decodeResult: success, version: HTTP/1.1)
HTTP/1.1 200 OK
Content-Type: application/json; charset=utf-8
cache-control: no-cache
content-length: 15

10:45:36.092 [AsyncHttpClient-1-4] DEBUG org.asynchttpclient.netty.channel.ChannelManager - Adding key: http://localhost:64282 for channel [id: 0xaec23a26, L:/127.0.0.1:57598 - R:localhost/127.0.0.1:64282]
10:45:36.094 [Forwarding findElement on session 32b2894c10af918c5cf817e026232ef7 to remote] DEBUG org.asynchttpclient.netty.request.NettyRequestSender - Using pooled Channel '[id: 0xaec23a26, L:/127.0.0.1:57598 - R:localhost/127.0.0.1:64282]' for 'POST' to 'http://localhost:64282/session/32b2894c10af918c5cf817e026232ef7/element'
10:45:36.094 [Forwarding findElement on session 32b2894c10af918c5cf817e026232ef7 to remote] DEBUG org.asynchttpclient.netty.request.NettyRequestSender - Using open Channel [id: 0xaec23a26, L:/127.0.0.1:57598 - R:localhost/127.0.0.1:64282] for POST '/session/32b2894c10af918c5cf817e026232ef7/element'
10:45:36.104 [AsyncHttpClient-1-4] DEBUG org.asynchttpclient.netty.handler.HttpHandler - 

Request DefaultHttpRequest(decodeResult: success, version: HTTP/1.1)
POST /session/32b2894c10af918c5cf817e026232ef7/element HTTP/1.1
User-Agent: selenium/4.1.2 (java windows)
Content-Length: 82
Content-Type: application/json; charset=utf-8
host: localhost:64282
accept: */*

Response DefaultHttpResponse(decodeResult: success, version: HTTP/1.1)
HTTP/1.1 200 OK
Content-Type: application/json; charset=utf-8
cache-control: no-cache
content-length: 88

10:45:36.104 [AsyncHttpClient-1-4] DEBUG org.asynchttpclient.netty.channel.ChannelManager - Adding key: http://localhost:64282 for channel [id: 0xaec23a26, L:/127.0.0.1:57598 - R:localhost/127.0.0.1:64282]
10:45:36.106 [Forwarding clickElement on session 32b2894c10af918c5cf817e026232ef7 to remote] DEBUG org.asynchttpclient.netty.request.NettyRequestSender - Using pooled Channel '[id: 0xaec23a26, L:/127.0.0.1:57598 - R:localhost/127.0.0.1:64282]' for 'POST' to 'http://localhost:64282/session/32b2894c10af918c5cf817e026232ef7/element/ecd193ca-da8c-4122-916f-82a520f300e5/click'
10:45:36.106 [Forwarding clickElement on session 32b2894c10af918c5cf817e026232ef7 to remote] DEBUG org.asynchttpclient.netty.request.NettyRequestSender - Using open Channel [id: 0xaec23a26, L:/127.0.0.1:57598 - R:localhost/127.0.0.1:64282] for POST '/session/32b2894c10af918c5cf817e026232ef7/element/ecd193ca-da8c-4122-916f-82a520f300e5/click'
10:45:36.228 [AsyncHttpClient-1-4] DEBUG org.asynchttpclient.netty.handler.HttpHandler - 

Request DefaultHttpRequest(decodeResult: success, version: HTTP/1.1)
POST /session/32b2894c10af918c5cf817e026232ef7/element/ecd193ca-da8c-4122-916f-82a520f300e5/click HTTP/1.1
User-Agent: selenium/4.1.2 (java windows)
Content-Length: 50
Content-Type: application/json; charset=utf-8
host: localhost:64282
accept: */*

Response DefaultHttpResponse(decodeResult: success, version: HTTP/1.1)
HTTP/1.1 200 OK
Content-Type: application/json; charset=utf-8
cache-control: no-cache
content-length: 14

10:45:36.229 [AsyncHttpClient-1-4] DEBUG org.asynchttpclient.netty.channel.ChannelManager - Adding key: http://localhost:64282 for channel [id: 0xaec23a26, L:/127.0.0.1:57598 - R:localhost/127.0.0.1:64282]
10:45:36.245 [Forwarding screenshot on session 32b2894c10af918c5cf817e026232ef7 to remote] DEBUG org.asynchttpclient.netty.request.NettyRequestSender - Using pooled Channel '[id: 0xaec23a26, L:/127.0.0.1:57598 - R:localhost/127.0.0.1:64282]' for 'GET' to 'http://localhost:64282/session/32b2894c10af918c5cf817e026232ef7/screenshot'
10:45:36.245 [Forwarding screenshot on session 32b2894c10af918c5cf817e026232ef7 to remote] DEBUG org.asynchttpclient.netty.request.NettyRequestSender - Using open Channel [id: 0xaec23a26, L:/127.0.0.1:57598 - R:localhost/127.0.0.1:64282] for GET '/session/32b2894c10af918c5cf817e026232ef7/screenshot'
10:45:36.393 [AsyncHttpClient-1-4] DEBUG org.asynchttpclient.netty.handler.HttpHandler - 

Request DefaultFullHttpRequest(decodeResult: success, version: HTTP/1.1, content: EmptyByteBufBE)
GET /session/32b2894c10af918c5cf817e026232ef7/screenshot HTTP/1.1
User-Agent: selenium/4.1.2 (java windows)
Cache-Control: no-cache
Content-Type: application/json; charset=utf-8
host: localhost:64282
accept: */*

Response DefaultHttpResponse(decodeResult: success, version: HTTP/1.1)
HTTP/1.1 200 OK
Content-Type: application/json; charset=utf-8
cache-control: no-cache
content-length: 88228

10:45:36.394 [AsyncHttpClient-1-4] DEBUG org.asynchttpclient.netty.channel.ChannelManager - Adding key: http://localhost:64282 for channel [id: 0xaec23a26, L:/127.0.0.1:57598 - R:localhost/127.0.0.1:64282]
10:45:36.399 [main] DEBUG net.serenitybdd.core.photography.Darkroom - Send negative for processing for target\site\serenity\fb9519a587da8632561629846586e538ea7459b0d0b6b6b5b8098f0018b04af6.png
10:45:36.399 [main] DEBUG net.thucydides.core.steps.StepInterceptor - STEP DONE: clickBlodeTypeDropdown
10:45:36.400 [Darkroom Processing Line] DEBUG net.serenitybdd.core.photography.DarkroomProcessingLine - Processing screenshot image in /var/screenshots/screenshot-7518756469709270967
10:45:36.400 [Darkroom Processing Line] DEBUG net.serenitybdd.core.photography.DarkroomProcessingLine - Saving screenshot to target\site\serenity\fb9519a587da8632561629846586e538ea7459b0d0b6b6b5b8098f0018b04af6.png
10:45:36.407 [main] DEBUG net.thucydides.core.steps.StepInterceptor - STARTING STEP: PatientSteps.iChangePatientData - clickBlodeTypeOption
10:45:36.411 [Forwarding findElement on session 32b2894c10af918c5cf817e026232ef7 to remote] DEBUG org.asynchttpclient.netty.request.NettyRequestSender - Using pooled Channel '[id: 0xaec23a26, L:/127.0.0.1:57598 - R:localhost/127.0.0.1:64282]' for 'POST' to 'http://localhost:64282/session/32b2894c10af918c5cf817e026232ef7/element'
10:45:36.411 [Forwarding findElement on session 32b2894c10af918c5cf817e026232ef7 to remote] DEBUG org.asynchttpclient.netty.request.NettyRequestSender - Using open Channel [id: 0xaec23a26, L:/127.0.0.1:57598 - R:localhost/127.0.0.1:64282] for POST '/session/32b2894c10af918c5cf817e026232ef7/element'
10:45:36.426 [AsyncHttpClient-1-4] DEBUG org.asynchttpclient.netty.handler.HttpHandler - 

Request DefaultHttpRequest(decodeResult: success, version: HTTP/1.1)
POST /session/32b2894c10af918c5cf817e026232ef7/element HTTP/1.1
User-Agent: selenium/4.1.2 (java windows)
Content-Length: 119
Content-Type: application/json; charset=utf-8
host: localhost:64282
accept: */*

Response DefaultHttpResponse(decodeResult: success, version: HTTP/1.1)
HTTP/1.1 200 OK
Content-Type: application/json; charset=utf-8
cache-control: no-cache
content-length: 88

10:45:36.426 [AsyncHttpClient-1-4] DEBUG org.asynchttpclient.netty.channel.ChannelManager - Adding key: http://localhost:64282 for channel [id: 0xaec23a26, L:/127.0.0.1:57598 - R:localhost/127.0.0.1:64282]
10:45:36.427 [Forwarding getElementTagName on session 32b2894c10af918c5cf817e026232ef7 to remote] DEBUG org.asynchttpclient.netty.request.NettyRequestSender - Using pooled Channel '[id: 0xaec23a26, L:/127.0.0.1:57598 - R:localhost/127.0.0.1:64282]' for 'GET' to 'http://localhost:64282/session/32b2894c10af918c5cf817e026232ef7/element/3899ec71-668e-4b20-b3db-86d64daa080a/name'
10:45:36.427 [Forwarding getElementTagName on session 32b2894c10af918c5cf817e026232ef7 to remote] DEBUG org.asynchttpclient.netty.request.NettyRequestSender - Using open Channel [id: 0xaec23a26, L:/127.0.0.1:57598 - R:localhost/127.0.0.1:64282] for GET '/session/32b2894c10af918c5cf817e026232ef7/element/3899ec71-668e-4b20-b3db-86d64daa080a/name'
10:45:36.434 [AsyncHttpClient-1-4] DEBUG org.asynchttpclient.netty.handler.HttpHandler - 

Request DefaultFullHttpRequest(decodeResult: success, version: HTTP/1.1, content: EmptyByteBufBE)
GET /session/32b2894c10af918c5cf817e026232ef7/element/3899ec71-668e-4b20-b3db-86d64daa080a/name HTTP/1.1
User-Agent: selenium/4.1.2 (java windows)
Cache-Control: no-cache
Content-Type: application/json; charset=utf-8
host: localhost:64282
accept: */*

Response DefaultHttpResponse(decodeResult: success, version: HTTP/1.1)
HTTP/1.1 200 OK
Content-Type: application/json; charset=utf-8
cache-control: no-cache
content-length: 14

10:45:36.434 [AsyncHttpClient-1-4] DEBUG org.asynchttpclient.netty.channel.ChannelManager - Adding key: http://localhost:64282 for channel [id: 0xaec23a26, L:/127.0.0.1:57598 - R:localhost/127.0.0.1:64282]
10:45:36.435 [Forwarding getElementTagName on session 32b2894c10af918c5cf817e026232ef7 to remote] DEBUG org.asynchttpclient.netty.request.NettyRequestSender - Using pooled Channel '[id: 0xaec23a26, L:/127.0.0.1:57598 - R:localhost/127.0.0.1:64282]' for 'GET' to 'http://localhost:64282/session/32b2894c10af918c5cf817e026232ef7/element/3899ec71-668e-4b20-b3db-86d64daa080a/name'
10:45:36.435 [Forwarding getElementTagName on session 32b2894c10af918c5cf817e026232ef7 to remote] DEBUG org.asynchttpclient.netty.request.NettyRequestSender - Using open Channel [id: 0xaec23a26, L:/127.0.0.1:57598 - R:localhost/127.0.0.1:64282] for GET '/session/32b2894c10af918c5cf817e026232ef7/element/3899ec71-668e-4b20-b3db-86d64daa080a/name'
10:45:36.439 [AsyncHttpClient-1-4] DEBUG org.asynchttpclient.netty.handler.HttpHandler - 

Request DefaultFullHttpRequest(decodeResult: success, version: HTTP/1.1, content: EmptyByteBufBE)
GET /session/32b2894c10af918c5cf817e026232ef7/element/3899ec71-668e-4b20-b3db-86d64daa080a/name HTTP/1.1
User-Agent: selenium/4.1.2 (java windows)
Cache-Control: no-cache
Content-Type: application/json; charset=utf-8
host: localhost:64282
accept: */*

Response DefaultHttpResponse(decodeResult: success, version: HTTP/1.1)
HTTP/1.1 200 OK
Content-Type: application/json; charset=utf-8
cache-control: no-cache
content-length: 14

10:45:36.439 [AsyncHttpClient-1-4] DEBUG org.asynchttpclient.netty.channel.ChannelManager - Adding key: http://localhost:64282 for channel [id: 0xaec23a26, L:/127.0.0.1:57598 - R:localhost/127.0.0.1:64282]
10:45:36.441 [Forwarding findElement on session 32b2894c10af918c5cf817e026232ef7 to remote] DEBUG org.asynchttpclient.netty.request.NettyRequestSender - Using pooled Channel '[id: 0xaec23a26, L:/127.0.0.1:57598 - R:localhost/127.0.0.1:64282]' for 'POST' to 'http://localhost:64282/session/32b2894c10af918c5cf817e026232ef7/element'
10:45:36.441 [Forwarding findElement on session 32b2894c10af918c5cf817e026232ef7 to remote] DEBUG org.asynchttpclient.netty.request.NettyRequestSender - Using open Channel [id: 0xaec23a26, L:/127.0.0.1:57598 - R:localhost/127.0.0.1:64282] for POST '/session/32b2894c10af918c5cf817e026232ef7/element'
10:45:36.449 [AsyncHttpClient-1-4] DEBUG org.asynchttpclient.netty.handler.HttpHandler - 

Request DefaultHttpRequest(decodeResult: success, version: HTTP/1.1)
POST /session/32b2894c10af918c5cf817e026232ef7/element HTTP/1.1
User-Agent: selenium/4.1.2 (java windows)
Content-Length: 119
Content-Type: application/json; charset=utf-8
host: localhost:64282
accept: */*

Response DefaultHttpResponse(decodeResult: success, version: HTTP/1.1)
HTTP/1.1 200 OK
Content-Type: application/json; charset=utf-8
cache-control: no-cache
content-length: 88

10:45:36.449 [AsyncHttpClient-1-4] DEBUG org.asynchttpclient.netty.channel.ChannelManager - Adding key: http://localhost:64282 for channel [id: 0xaec23a26, L:/127.0.0.1:57598 - R:localhost/127.0.0.1:64282]
10:45:36.450 [Forwarding clickElement on session 32b2894c10af918c5cf817e026232ef7 to remote] DEBUG org.asynchttpclient.netty.request.NettyRequestSender - Using pooled Channel '[id: 0xaec23a26, L:/127.0.0.1:57598 - R:localhost/127.0.0.1:64282]' for 'POST' to 'http://localhost:64282/session/32b2894c10af918c5cf817e026232ef7/element/3899ec71-668e-4b20-b3db-86d64daa080a/click'
10:45:36.450 [Forwarding clickElement on session 32b2894c10af918c5cf817e026232ef7 to remote] DEBUG org.asynchttpclient.netty.request.NettyRequestSender - Using open Channel [id: 0xaec23a26, L:/127.0.0.1:57598 - R:localhost/127.0.0.1:64282] for POST '/session/32b2894c10af918c5cf817e026232ef7/element/3899ec71-668e-4b20-b3db-86d64daa080a/click'
10:45:36.464 [AsyncHttpClient-1-1] DEBUG org.asynchttpclient.netty.channel.DefaultChannelPool - Entry count for : http://localhost:57599 : 1
10:45:36.519 [AsyncHttpClient-1-4] DEBUG org.asynchttpclient.netty.handler.HttpHandler - 

Request DefaultHttpRequest(decodeResult: success, version: HTTP/1.1)
POST /session/32b2894c10af918c5cf817e026232ef7/element/3899ec71-668e-4b20-b3db-86d64daa080a/click HTTP/1.1
User-Agent: selenium/4.1.2 (java windows)
Content-Length: 50
Content-Type: application/json; charset=utf-8
host: localhost:64282
accept: */*

Response DefaultHttpResponse(decodeResult: success, version: HTTP/1.1)
HTTP/1.1 200 OK
Content-Type: application/json; charset=utf-8
cache-control: no-cache
content-length: 14

10:45:36.519 [AsyncHttpClient-1-4] DEBUG org.asynchttpclient.netty.channel.ChannelManager - Adding key: http://localhost:64282 for channel [id: 0xaec23a26, L:/127.0.0.1:57598 - R:localhost/127.0.0.1:64282]
10:45:36.530 [Forwarding screenshot on session 32b2894c10af918c5cf817e026232ef7 to remote] DEBUG org.asynchttpclient.netty.request.NettyRequestSender - Using pooled Channel '[id: 0xaec23a26, L:/127.0.0.1:57598 - R:localhost/127.0.0.1:64282]' for 'GET' to 'http://localhost:64282/session/32b2894c10af918c5cf817e026232ef7/screenshot'
10:45:36.530 [Forwarding screenshot on session 32b2894c10af918c5cf817e026232ef7 to remote] DEBUG org.asynchttpclient.netty.request.NettyRequestSender - Using open Channel [id: 0xaec23a26, L:/127.0.0.1:57598 - R:localhost/127.0.0.1:64282] for GET '/session/32b2894c10af918c5cf817e026232ef7/screenshot'
10:45:36.676 [AsyncHttpClient-1-4] DEBUG org.asynchttpclient.netty.handler.HttpHandler - 

Request DefaultFullHttpRequest(decodeResult: success, version: HTTP/1.1, content: EmptyByteBufBE)
GET /session/32b2894c10af918c5cf817e026232ef7/screenshot HTTP/1.1
User-Agent: selenium/4.1.2 (java windows)
Cache-Control: no-cache
Content-Type: application/json; charset=utf-8
host: localhost:64282
accept: */*

Response DefaultHttpResponse(decodeResult: success, version: HTTP/1.1)
HTTP/1.1 200 OK
Content-Type: application/json; charset=utf-8
cache-control: no-cache
content-length: 91420

10:45:36.676 [AsyncHttpClient-1-4] DEBUG org.asynchttpclient.netty.channel.ChannelManager - Adding key: http://localhost:64282 for channel [id: 0xaec23a26, L:/127.0.0.1:57598 - R:localhost/127.0.0.1:64282]
10:45:36.681 [main] DEBUG net.serenitybdd.core.photography.Darkroom - Send negative for processing for target\site\serenity\53d517e5bf57610f57f72fdbc89f596cee865f17a74f7ea2820883027d44e423.png
10:45:36.681 [main] DEBUG net.thucydides.core.steps.StepInterceptor - STEP DONE: clickBlodeTypeOption
10:45:36.682 [Darkroom Processing Line] DEBUG net.serenitybdd.core.photography.DarkroomProcessingLine - Processing screenshot image in /var/screenshots/screenshot-1381091648864668929
10:45:36.682 [Darkroom Processing Line] DEBUG net.serenitybdd.core.photography.DarkroomProcessingLine - Saving screenshot to target\site\serenity\53d517e5bf57610f57f72fdbc89f596cee865f17a74f7ea2820883027d44e423.png
10:45:36.692 [main] DEBUG net.thucydides.core.steps.StepInterceptor - STARTING STEP: PatientSteps.iChangePatientData - clickSubmitButton
10:45:36.698 [Forwarding findElement on session 32b2894c10af918c5cf817e026232ef7 to remote] DEBUG org.asynchttpclient.netty.request.NettyRequestSender - Using pooled Channel '[id: 0xaec23a26, L:/127.0.0.1:57598 - R:localhost/127.0.0.1:64282]' for 'POST' to 'http://localhost:64282/session/32b2894c10af918c5cf817e026232ef7/element'
10:45:36.698 [Forwarding findElement on session 32b2894c10af918c5cf817e026232ef7 to remote] DEBUG org.asynchttpclient.netty.request.NettyRequestSender - Using open Channel [id: 0xaec23a26, L:/127.0.0.1:57598 - R:localhost/127.0.0.1:64282] for POST '/session/32b2894c10af918c5cf817e026232ef7/element'
10:45:36.720 [AsyncHttpClient-1-4] DEBUG org.asynchttpclient.netty.handler.HttpHandler - 

Request DefaultHttpRequest(decodeResult: success, version: HTTP/1.1)
POST /session/32b2894c10af918c5cf817e026232ef7/element HTTP/1.1
User-Agent: selenium/4.1.2 (java windows)
Content-Length: 116
Content-Type: application/json; charset=utf-8
host: localhost:64282
accept: */*

Response DefaultHttpResponse(decodeResult: success, version: HTTP/1.1)
HTTP/1.1 200 OK
Content-Type: application/json; charset=utf-8
cache-control: no-cache
content-length: 88

10:45:36.720 [AsyncHttpClient-1-4] DEBUG org.asynchttpclient.netty.channel.ChannelManager - Adding key: http://localhost:64282 for channel [id: 0xaec23a26, L:/127.0.0.1:57598 - R:localhost/127.0.0.1:64282]
10:45:36.722 [Forwarding getElementTagName on session 32b2894c10af918c5cf817e026232ef7 to remote] DEBUG org.asynchttpclient.netty.request.NettyRequestSender - Using pooled Channel '[id: 0xaec23a26, L:/127.0.0.1:57598 - R:localhost/127.0.0.1:64282]' for 'GET' to 'http://localhost:64282/session/32b2894c10af918c5cf817e026232ef7/element/1fd6c468-7191-41f1-90a7-6bb3a0c31450/name'
10:45:36.722 [Forwarding getElementTagName on session 32b2894c10af918c5cf817e026232ef7 to remote] DEBUG org.asynchttpclient.netty.request.NettyRequestSender - Using open Channel [id: 0xaec23a26, L:/127.0.0.1:57598 - R:localhost/127.0.0.1:64282] for GET '/session/32b2894c10af918c5cf817e026232ef7/element/1fd6c468-7191-41f1-90a7-6bb3a0c31450/name'
10:45:36.730 [AsyncHttpClient-1-4] DEBUG org.asynchttpclient.netty.handler.HttpHandler - 

Request DefaultFullHttpRequest(decodeResult: success, version: HTTP/1.1, content: EmptyByteBufBE)
GET /session/32b2894c10af918c5cf817e026232ef7/element/1fd6c468-7191-41f1-90a7-6bb3a0c31450/name HTTP/1.1
User-Agent: selenium/4.1.2 (java windows)
Cache-Control: no-cache
Content-Type: application/json; charset=utf-8
host: localhost:64282
accept: */*

Response DefaultHttpResponse(decodeResult: success, version: HTTP/1.1)
HTTP/1.1 200 OK
Content-Type: application/json; charset=utf-8
cache-control: no-cache
content-length: 18

10:45:36.730 [AsyncHttpClient-1-4] DEBUG org.asynchttpclient.netty.channel.ChannelManager - Adding key: http://localhost:64282 for channel [id: 0xaec23a26, L:/127.0.0.1:57598 - R:localhost/127.0.0.1:64282]
10:45:36.731 [Forwarding getElementTagName on session 32b2894c10af918c5cf817e026232ef7 to remote] DEBUG org.asynchttpclient.netty.request.NettyRequestSender - Using pooled Channel '[id: 0xaec23a26, L:/127.0.0.1:57598 - R:localhost/127.0.0.1:64282]' for 'GET' to 'http://localhost:64282/session/32b2894c10af918c5cf817e026232ef7/element/1fd6c468-7191-41f1-90a7-6bb3a0c31450/name'
10:45:36.731 [Forwarding getElementTagName on session 32b2894c10af918c5cf817e026232ef7 to remote] DEBUG org.asynchttpclient.netty.request.NettyRequestSender - Using open Channel [id: 0xaec23a26, L:/127.0.0.1:57598 - R:localhost/127.0.0.1:64282] for GET '/session/32b2894c10af918c5cf817e026232ef7/element/1fd6c468-7191-41f1-90a7-6bb3a0c31450/name'
10:45:36.746 [AsyncHttpClient-1-4] DEBUG org.asynchttpclient.netty.handler.HttpHandler - 

Request DefaultFullHttpRequest(decodeResult: success, version: HTTP/1.1, content: EmptyByteBufBE)
GET /session/32b2894c10af918c5cf817e026232ef7/element/1fd6c468-7191-41f1-90a7-6bb3a0c31450/name HTTP/1.1
User-Agent: selenium/4.1.2 (java windows)
Cache-Control: no-cache
Content-Type: application/json; charset=utf-8
host: localhost:64282
accept: */*

Response DefaultHttpResponse(decodeResult: success, version: HTTP/1.1)
HTTP/1.1 200 OK
Content-Type: application/json; charset=utf-8
cache-control: no-cache
content-length: 18

10:45:36.746 [AsyncHttpClient-1-4] DEBUG org.asynchttpclient.netty.channel.ChannelManager - Adding key: http://localhost:64282 for channel [id: 0xaec23a26, L:/127.0.0.1:57598 - R:localhost/127.0.0.1:64282]
10:45:36.750 [Forwarding isElementEnabled on session 32b2894c10af918c5cf817e026232ef7 to remote] DEBUG org.asynchttpclient.netty.request.NettyRequestSender - Using pooled Channel '[id: 0xaec23a26, L:/127.0.0.1:57598 - R:localhost/127.0.0.1:64282]' for 'GET' to 'http://localhost:64282/session/32b2894c10af918c5cf817e026232ef7/element/1fd6c468-7191-41f1-90a7-6bb3a0c31450/enabled'
10:45:36.750 [Forwarding isElementEnabled on session 32b2894c10af918c5cf817e026232ef7 to remote] DEBUG org.asynchttpclient.netty.request.NettyRequestSender - Using open Channel [id: 0xaec23a26, L:/127.0.0.1:57598 - R:localhost/127.0.0.1:64282] for GET '/session/32b2894c10af918c5cf817e026232ef7/element/1fd6c468-7191-41f1-90a7-6bb3a0c31450/enabled'
10:45:36.765 [AsyncHttpClient-1-4] DEBUG org.asynchttpclient.netty.handler.HttpHandler - 

Request DefaultFullHttpRequest(decodeResult: success, version: HTTP/1.1, content: EmptyByteBufBE)
GET /session/32b2894c10af918c5cf817e026232ef7/element/1fd6c468-7191-41f1-90a7-6bb3a0c31450/enabled HTTP/1.1
User-Agent: selenium/4.1.2 (java windows)
Cache-Control: no-cache
Content-Type: application/json; charset=utf-8
host: localhost:64282
accept: */*

Response DefaultHttpResponse(decodeResult: success, version: HTTP/1.1)
HTTP/1.1 200 OK
Content-Type: application/json; charset=utf-8
cache-control: no-cache
content-length: 14

10:45:36.765 [AsyncHttpClient-1-4] DEBUG org.asynchttpclient.netty.channel.ChannelManager - Adding key: http://localhost:64282 for channel [id: 0xaec23a26, L:/127.0.0.1:57598 - R:localhost/127.0.0.1:64282]
10:45:36.767 [Forwarding isElementEnabled on session 32b2894c10af918c5cf817e026232ef7 to remote] DEBUG org.asynchttpclient.netty.request.NettyRequestSender - Using pooled Channel '[id: 0xaec23a26, L:/127.0.0.1:57598 - R:localhost/127.0.0.1:64282]' for 'GET' to 'http://localhost:64282/session/32b2894c10af918c5cf817e026232ef7/element/1fd6c468-7191-41f1-90a7-6bb3a0c31450/enabled'
10:45:36.767 [Forwarding isElementEnabled on session 32b2894c10af918c5cf817e026232ef7 to remote] DEBUG org.asynchttpclient.netty.request.NettyRequestSender - Using open Channel [id: 0xaec23a26, L:/127.0.0.1:57598 - R:localhost/127.0.0.1:64282] for GET '/session/32b2894c10af918c5cf817e026232ef7/element/1fd6c468-7191-41f1-90a7-6bb3a0c31450/enabled'
10:45:36.779 [AsyncHttpClient-1-4] DEBUG org.asynchttpclient.netty.handler.HttpHandler - 

Request DefaultFullHttpRequest(decodeResult: success, version: HTTP/1.1, content: EmptyByteBufBE)
GET /session/32b2894c10af918c5cf817e026232ef7/element/1fd6c468-7191-41f1-90a7-6bb3a0c31450/enabled HTTP/1.1
User-Agent: selenium/4.1.2 (java windows)
Cache-Control: no-cache
Content-Type: application/json; charset=utf-8
host: localhost:64282
accept: */*

Response DefaultHttpResponse(decodeResult: success, version: HTTP/1.1)
HTTP/1.1 200 OK
Content-Type: application/json; charset=utf-8
cache-control: no-cache
content-length: 14

10:45:36.779 [AsyncHttpClient-1-4] DEBUG org.asynchttpclient.netty.channel.ChannelManager - Adding key: http://localhost:64282 for channel [id: 0xaec23a26, L:/127.0.0.1:57598 - R:localhost/127.0.0.1:64282]
10:45:36.782 [Forwarding findElement on session 32b2894c10af918c5cf817e026232ef7 to remote] DEBUG org.asynchttpclient.netty.request.NettyRequestSender - Using pooled Channel '[id: 0xaec23a26, L:/127.0.0.1:57598 - R:localhost/127.0.0.1:64282]' for 'POST' to 'http://localhost:64282/session/32b2894c10af918c5cf817e026232ef7/element'
10:45:36.782 [Forwarding findElement on session 32b2894c10af918c5cf817e026232ef7 to remote] DEBUG org.asynchttpclient.netty.request.NettyRequestSender - Using open Channel [id: 0xaec23a26, L:/127.0.0.1:57598 - R:localhost/127.0.0.1:64282] for POST '/session/32b2894c10af918c5cf817e026232ef7/element'
10:45:36.794 [AsyncHttpClient-1-4] DEBUG org.asynchttpclient.netty.handler.HttpHandler - 

Request DefaultHttpRequest(decodeResult: success, version: HTTP/1.1)
POST /session/32b2894c10af918c5cf817e026232ef7/element HTTP/1.1
User-Agent: selenium/4.1.2 (java windows)
Content-Length: 116
Content-Type: application/json; charset=utf-8
host: localhost:64282
accept: */*

Response DefaultHttpResponse(decodeResult: success, version: HTTP/1.1)
HTTP/1.1 200 OK
Content-Type: application/json; charset=utf-8
cache-control: no-cache
content-length: 88

10:45:36.794 [AsyncHttpClient-1-4] DEBUG org.asynchttpclient.netty.channel.ChannelManager - Adding key: http://localhost:64282 for channel [id: 0xaec23a26, L:/127.0.0.1:57598 - R:localhost/127.0.0.1:64282]
10:45:36.796 [Forwarding clickElement on session 32b2894c10af918c5cf817e026232ef7 to remote] DEBUG org.asynchttpclient.netty.request.NettyRequestSender - Using pooled Channel '[id: 0xaec23a26, L:/127.0.0.1:57598 - R:localhost/127.0.0.1:64282]' for 'POST' to 'http://localhost:64282/session/32b2894c10af918c5cf817e026232ef7/element/1fd6c468-7191-41f1-90a7-6bb3a0c31450/click'
10:45:36.796 [Forwarding clickElement on session 32b2894c10af918c5cf817e026232ef7 to remote] DEBUG org.asynchttpclient.netty.request.NettyRequestSender - Using open Channel [id: 0xaec23a26, L:/127.0.0.1:57598 - R:localhost/127.0.0.1:64282] for POST '/session/32b2894c10af918c5cf817e026232ef7/element/1fd6c468-7191-41f1-90a7-6bb3a0c31450/click'
10:45:36.913 [AsyncHttpClient-1-4] DEBUG org.asynchttpclient.netty.handler.HttpHandler - 

Request DefaultHttpRequest(decodeResult: success, version: HTTP/1.1)
POST /session/32b2894c10af918c5cf817e026232ef7/element/1fd6c468-7191-41f1-90a7-6bb3a0c31450/click HTTP/1.1
User-Agent: selenium/4.1.2 (java windows)
Content-Length: 50
Content-Type: application/json; charset=utf-8
host: localhost:64282
accept: */*

Response DefaultHttpResponse(decodeResult: success, version: HTTP/1.1)
HTTP/1.1 200 OK
Content-Type: application/json; charset=utf-8
cache-control: no-cache
content-length: 14

10:45:36.914 [AsyncHttpClient-1-4] DEBUG org.asynchttpclient.netty.channel.ChannelManager - Adding key: http://localhost:64282 for channel [id: 0xaec23a26, L:/127.0.0.1:57598 - R:localhost/127.0.0.1:64282]
10:45:36.922 [Forwarding screenshot on session 32b2894c10af918c5cf817e026232ef7 to remote] DEBUG org.asynchttpclient.netty.request.NettyRequestSender - Using pooled Channel '[id: 0xaec23a26, L:/127.0.0.1:57598 - R:localhost/127.0.0.1:64282]' for 'GET' to 'http://localhost:64282/session/32b2894c10af918c5cf817e026232ef7/screenshot'
10:45:36.922 [Forwarding screenshot on session 32b2894c10af918c5cf817e026232ef7 to remote] DEBUG org.asynchttpclient.netty.request.NettyRequestSender - Using open Channel [id: 0xaec23a26, L:/127.0.0.1:57598 - R:localhost/127.0.0.1:64282] for GET '/session/32b2894c10af918c5cf817e026232ef7/screenshot'
10:45:37.063 [AsyncHttpClient-1-4] DEBUG org.asynchttpclient.netty.handler.HttpHandler - 

Request DefaultFullHttpRequest(decodeResult: success, version: HTTP/1.1, content: EmptyByteBufBE)
GET /session/32b2894c10af918c5cf817e026232ef7/screenshot HTTP/1.1
User-Agent: selenium/4.1.2 (java windows)
Cache-Control: no-cache
Content-Type: application/json; charset=utf-8
host: localhost:64282
accept: */*

Response DefaultHttpResponse(decodeResult: success, version: HTTP/1.1)
HTTP/1.1 200 OK
Content-Type: application/json; charset=utf-8
cache-control: no-cache
content-length: 84964

10:45:37.064 [AsyncHttpClient-1-4] DEBUG org.asynchttpclient.netty.channel.ChannelManager - Adding key: http://localhost:64282 for channel [id: 0xaec23a26, L:/127.0.0.1:57598 - R:localhost/127.0.0.1:64282]
10:45:37.070 [main] DEBUG net.serenitybdd.core.photography.Darkroom - Send negative for processing for target\site\serenity\00d5731b6403c330e25207e83a1067b3f4a4f5f77a8fe9513a7c0ec4727fdc56.png
10:45:37.070 [main] DEBUG net.thucydides.core.steps.StepInterceptor - STEP DONE: clickSubmitButton
  &amp#27;[32mAnd &amp#27;[0m&amp#27;[32mI change patient data&amp#27;[0m                     &amp#27;[90m# starter.stepdefinitions.PatientSteps.iChangePatientData()&amp#27;[0m
10:45:37.071 [Darkroom Processing Line] DEBUG net.serenitybdd.core.photography.DarkroomProcessingLine - Processing screenshot image in /var/screenshots/screenshot-14130353361693757624
10:45:37.071 [Darkroom Processing Line] DEBUG net.serenitybdd.core.photography.DarkroomProcessingLine - Saving screenshot to target\site\serenity\00d5731b6403c330e25207e83a1067b3f4a4f5f77a8fe9513a7c0ec4727fdc56.png
10:45:37.090 [Forwarding findElement on session 32b2894c10af918c5cf817e026232ef7 to remote] DEBUG org.asynchttpclient.netty.request.NettyRequestSender - Using pooled Channel '[id: 0xaec23a26, L:/127.0.0.1:57598 - R:localhost/127.0.0.1:64282]' for 'POST' to 'http://localhost:64282/session/32b2894c10af918c5cf817e026232ef7/element'
10:45:37.090 [Forwarding findElement on session 32b2894c10af918c5cf817e026232ef7 to remote] DEBUG org.asynchttpclient.netty.request.NettyRequestSender - Using open Channel [id: 0xaec23a26, L:/127.0.0.1:57598 - R:localhost/127.0.0.1:64282] for POST '/session/32b2894c10af918c5cf817e026232ef7/element'
10:45:37.563 [AsyncHttpClient-1-1] DEBUG org.asynchttpclient.netty.channel.DefaultChannelPool - Entry count for : http://localhost:57599 : 1
10:45:37.634 [AsyncHttpClient-1-4] DEBUG org.asynchttpclient.netty.handler.HttpHandler - 

Request DefaultHttpRequest(decodeResult: success, version: HTTP/1.1)
POST /session/32b2894c10af918c5cf817e026232ef7/element HTTP/1.1
User-Agent: selenium/4.1.2 (java windows)
Content-Length: 74
Content-Type: application/json; charset=utf-8
host: localhost:64282
accept: */*

Response DefaultHttpResponse(decodeResult: success, version: HTTP/1.1)
HTTP/1.1 200 OK
Content-Type: application/json; charset=utf-8
cache-control: no-cache
content-length: 88

10:45:37.634 [AsyncHttpClient-1-4] DEBUG org.asynchttpclient.netty.channel.ChannelManager - Adding key: http://localhost:64282 for channel [id: 0xaec23a26, L:/127.0.0.1:57598 - R:localhost/127.0.0.1:64282]
10:45:37.639 [Forwarding isElementDisplayed on session 32b2894c10af918c5cf817e026232ef7 to remote] DEBUG org.asynchttpclient.netty.request.NettyRequestSender - Using pooled Channel '[id: 0xaec23a26, L:/127.0.0.1:57598 - R:localhost/127.0.0.1:64282]' for 'POST' to 'http://localhost:64282/session/32b2894c10af918c5cf817e026232ef7/execute/sync'
10:45:37.640 [Forwarding isElementDisplayed on session 32b2894c10af918c5cf817e026232ef7 to remote] DEBUG org.asynchttpclient.netty.request.NettyRequestSender - Using open Channel [id: 0xaec23a26, L:/127.0.0.1:57598 - R:localhost/127.0.0.1:64282] for POST '/session/32b2894c10af918c5cf817e026232ef7/execute/sync'
10:45:37.662 [AsyncHttpClient-1-4] DEBUG org.asynchttpclient.netty.handler.HttpHandler - 

Request DefaultHttpRequest(decodeResult: success, version: HTTP/1.1)
POST /session/32b2894c10af918c5cf817e026232ef7/execute/sync HTTP/1.1
User-Agent: selenium/4.1.2 (java windows)
Content-Length: 48780
Content-Type: application/json; charset=utf-8
host: localhost:64282
accept: */*

Response DefaultHttpResponse(decodeResult: success, version: HTTP/1.1)
HTTP/1.1 200 OK
Content-Type: application/json; charset=utf-8
cache-control: no-cache
content-length: 14

10:45:37.662 [AsyncHttpClient-1-4] DEBUG org.asynchttpclient.netty.channel.ChannelManager - Adding key: http://localhost:64282 for channel [id: 0xaec23a26, L:/127.0.0.1:57598 - R:localhost/127.0.0.1:64282]
  &amp#27;[32mThen &amp#27;[0m&amp#27;[32mI get Edit Patient has been added result&amp#27;[0m &amp#27;[90m# starter.stepdefinitions.PatientSteps.iGetEditPatientHasBeenAddedResult()&amp#27;[0m
10:45:37.670 [Forwarding screenshot on session 32b2894c10af918c5cf817e026232ef7 to remote] DEBUG org.asynchttpclient.netty.request.NettyRequestSender - Using pooled Channel '[id: 0xaec23a26, L:/127.0.0.1:57598 - R:localhost/127.0.0.1:64282]' for 'GET' to 'http://localhost:64282/session/32b2894c10af918c5cf817e026232ef7/screenshot'
10:45:37.670 [Forwarding screenshot on session 32b2894c10af918c5cf817e026232ef7 to remote] DEBUG org.asynchttpclient.netty.request.NettyRequestSender - Using open Channel [id: 0xaec23a26, L:/127.0.0.1:57598 - R:localhost/127.0.0.1:64282] for GET '/session/32b2894c10af918c5cf817e026232ef7/screenshot'
10:45:37.847 [AsyncHttpClient-1-4] DEBUG org.asynchttpclient.netty.handler.HttpHandler - 

Request DefaultFullHttpRequest(decodeResult: success, version: HTTP/1.1, content: EmptyByteBufBE)
GET /session/32b2894c10af918c5cf817e026232ef7/screenshot HTTP/1.1
User-Agent: selenium/4.1.2 (java windows)
Cache-Control: no-cache
Content-Type: application/json; charset=utf-8
host: localhost:64282
accept: */*

Response DefaultHttpResponse(decodeResult: success, version: HTTP/1.1)
HTTP/1.1 200 OK
Content-Type: application/json; charset=utf-8
cache-control: no-cache
content-length: 105284

10:45:37.847 [AsyncHttpClient-1-4] DEBUG org.asynchttpclient.netty.channel.ChannelManager - Adding key: http://localhost:64282 for channel [id: 0xaec23a26, L:/127.0.0.1:57598 - R:localhost/127.0.0.1:64282]
10:45:37.855 [main] DEBUG net.serenitybdd.core.photography.Darkroom - Send negative for processing for target\site\serenity\0e91f7ce7a283e4fcf971901078e9f80f7746c41ad65f86f23c88498144564d5.png
10:45:37.857 [main] INFO  - 
  _____   ___   ___   _____     ___     _     ___   ___   ___   ___  
 |_   _| | __| / __| |_   _|   | _ \   /_\   / __| / __| | __| |   \ 
   | |   | _|  \__ \   | |     |  _/  / _ \  \__ \ \__ \ | _|  | |) |
   |_|   |___| |___/   |_|     |_|   /_/ \_\ |___/ |___/ |___| |___/ 

Edit Patient Data Scenario
----------------------------------------------------------------------
10:45:37.863 [AsyncHttpClient-1-6] DEBUG org.asynchttpclient.netty.handler.WebSocketHandler - Channel Closed: [id: 0x70b23c6c, L:/127.0.0.1:57606 ! R:localhost/127.0.0.1:57599] with attribute NettyResponseFuture{currentRetry=5,
	isDone=1,
	isCancelled=0,
	asyncHandler=org.asynchttpclient.ws.WebSocketUpgradeHandler@7de8b647,
	nettyRequest=org.asynchttpclient.netty.request.NettyRequest@5cbfb9a4,
	future=java.util.concurrent.CompletableFuture@14b23d39[Completed normally],
	uri=ws://localhost:57599/devtools/browser/9f8fb4cd-0f50-40a1-8e58-36cee4f7c6ee,
	keepAlive=true,
	redirectCount=0,
	timeoutsHolder=null,
	inAuth=0,
	touch=1655783127724}
10:45:37.864 [AsyncHttpClient-1-6] DEBUG org.asynchttpclient.netty.channel.ChannelManager - Closing Channel [id: 0x70b23c6c, L:/127.0.0.1:57606 ! R:localhost/127.0.0.1:57599] 
10:45:37.864 [Darkroom Processing Line] DEBUG net.serenitybdd.core.photography.DarkroomProcessingLine - Processing screenshot image in /var/screenshots/screenshot-639949538757128188
10:45:37.864 [Darkroom Processing Line] DEBUG net.serenitybdd.core.photography.DarkroomProcessingLine - Saving screenshot to target\site\serenity\0e91f7ce7a283e4fcf971901078e9f80f7746c41ad65f86f23c88498144564d5.png
10:45:37.867 [Driver Command Executor] DEBUG org.asynchttpclient.netty.request.NettyRequestSender - Using pooled Channel '[id: 0xaec23a26, L:/127.0.0.1:57598 - R:localhost/127.0.0.1:64282]' for 'DELETE' to 'http://localhost:64282/session/32b2894c10af918c5cf817e026232ef7'
10:45:37.867 [Driver Command Executor] DEBUG org.asynchttpclient.netty.request.NettyRequestSender - Using open Channel [id: 0xaec23a26, L:/127.0.0.1:57598 - R:localhost/127.0.0.1:64282] for DELETE '/session/32b2894c10af918c5cf817e026232ef7'
10:45:38.347 [AsyncHttpClient-1-5] DEBUG org.asynchttpclient.netty.handler.HttpHandler - Unexpected I/O exception on channel [id: 0x1e18abde, L:/127.0.0.1:57605 - R:localhost/127.0.0.1:57599]
java.net.SocketException: Connection reset
	at java.base/sun.nio.ch.SocketChannelImpl.throwConnectionReset(SocketChannelImpl.java:367)
	at java.base/sun.nio.ch.SocketChannelImpl.read(SocketChannelImpl.java:398)
	at io.netty.buffer.PooledByteBuf.setBytes(PooledByteBuf.java:258)
	at io.netty.buffer.AbstractByteBuf.writeBytes(AbstractByteBuf.java:1132)
	at io.netty.channel.socket.nio.NioSocketChannel.doReadBytes(NioSocketChannel.java:350)
	at io.netty.channel.nio.AbstractNioByteChannel$NioByteUnsafe.read(AbstractNioByteChannel.java:151)
	at io.netty.channel.nio.NioEventLoop.processSelectedKey(NioEventLoop.java:722)
	at io.netty.channel.nio.NioEventLoop.processSelectedKeysOptimized(NioEventLoop.java:658)
	at io.netty.channel.nio.NioEventLoop.processSelectedKeys(NioEventLoop.java:584)
	at io.netty.channel.nio.NioEventLoop.run(NioEventLoop.java:496)
	at io.netty.util.concurrent.SingleThreadEventExecutor$4.run(SingleThreadEventExecutor.java:986)
	at io.netty.util.internal.ThreadExecutorMap$2.run(ThreadExecutorMap.java:74)
	at io.netty.util.concurrent.FastThreadLocalRunnable.run(FastThreadLocalRunnable.java:30)
	at java.base/java.lang.Thread.run(Thread.java:832)
10:45:38.347 [AsyncHttpClient-1-5] DEBUG org.asynchttpclient.netty.channel.ChannelManager - Closing Channel [id: 0x1e18abde, L:/127.0.0.1:57605 - R:localhost/127.0.0.1:57599] 
10:45:38.348 [AsyncHttpClient-1-5] DEBUG org.asynchttpclient.netty.handler.HttpHandler - Channel Closed: [id: 0x1e18abde, L:/127.0.0.1:57605 ! R:localhost/127.0.0.1:57599] with attribute DISCARD
10:45:38.370 [AsyncHttpClient-1-4] DEBUG org.asynchttpclient.netty.handler.HttpHandler - 

Request DefaultFullHttpRequest(decodeResult: success, version: HTTP/1.1, content: EmptyByteBufBE)
DELETE /session/32b2894c10af918c5cf817e026232ef7 HTTP/1.1
User-Agent: selenium/4.1.2 (java windows)
Content-Type: application/json; charset=utf-8
host: localhost:64282
accept: */*

Response DefaultHttpResponse(decodeResult: success, version: HTTP/1.1)
HTTP/1.1 200 OK
Content-Type: application/json; charset=utf-8
cache-control: no-cache
content-length: 14

10:45:38.371 [AsyncHttpClient-1-4] DEBUG org.asynchttpclient.netty.channel.ChannelManager - Adding key: http://localhost:64282 for channel [id: 0xaec23a26, L:/127.0.0.1:57598 - R:localhost/127.0.0.1:64282]
10:45:38.505 [AsyncHttpClient-1-4] DEBUG org.asynchttpclient.netty.handler.HttpHandler - Channel Closed: [id: 0xaec23a26, L:/127.0.0.1:57598 ! R:localhost/127.0.0.1:64282] with attribute DISCARD
10:45:38.663 [AsyncHttpClient-1-1] DEBUG org.asynchttpclient.netty.channel.DefaultChannelPool - Entry count for : http://localhost:57599 : 1
10:45:38.663 [AsyncHttpClient-1-1] DEBUG org.asynchttpclient.netty.channel.DefaultChannelPool - Entry count for : http://localhost:64282 : 1
10:45:38.663 [AsyncHttpClient-1-1] DEBUG org.asynchttpclient.netty.channel.DefaultChannelPool - Adding Candidate expired Channel [id: 0x1e18abde, L:/127.0.0.1:57605 ! R:localhost/127.0.0.1:57599] isIdleTimeoutExpired=false isRemotelyClosed=true isTtlExpired=false
10:45:38.663 [AsyncHttpClient-1-1] DEBUG org.asynchttpclient.netty.channel.DefaultChannelPool - Closing Idle Channel [id: 0x1e18abde, L:/127.0.0.1:57605 ! R:localhost/127.0.0.1:57599]
10:45:38.663 [AsyncHttpClient-1-1] DEBUG org.asynchttpclient.netty.channel.DefaultChannelPool - Adding Candidate expired Channel [id: 0xaec23a26, L:/127.0.0.1:57598 ! R:localhost/127.0.0.1:64282] isIdleTimeoutExpired=false isRemotelyClosed=true isTtlExpired=false
10:45:38.663 [AsyncHttpClient-1-1] DEBUG org.asynchttpclient.netty.channel.DefaultChannelPool - Closing Idle Channel [id: 0xaec23a26, L:/127.0.0.1:57598 ! R:localhost/127.0.0.1:64282]
10:45:38.663 [AsyncHttpClient-1-1] DEBUG org.asynchttpclient.netty.channel.DefaultChannelPool - Closed 2 connections out of 2 in 0 ms
]]></system-out>
    <system-err><![CDATA[Starting ChromeDriver 102.0.5005.61 (0e59bcc00cc4985ce39ad31c150065f159d95ad3-refs/branch-heads/5005@{#819}) on port 64282
Only local connections are allowed.
Please see https://chromedriver.chromium.org/security-considerations for suggestions on keeping ChromeDriver safe.
ChromeDriver was started successfully.
Jun 21, 2022 10:45:27 AM org.openqa.selenium.remote.ProtocolHandshake createSession
INFO: Detected dialect: W3C
Jun 21, 2022 10:45:27 AM org.openqa.selenium.devtools.CdpVersionFinder findNearestMatch
WARNING: Unable to find an exact match for CDP version 102, so returning the closest version found: a no-op implementation
Jun 21, 2022 10:45:27 AM org.openqa.selenium.devtools.CdpVersionFinder findNearestMatch
INFO: Unable to find CDP implementation matching 102.
Jun 21, 2022 10:45:27 AM org.openqa.selenium.chromium.ChromiumDriver lambda$new$3
WARNING: Unable to find version of CDP to use for . You may need to include a dependency on a specific version of the CDP using something similar to `org.seleniumhq.selenium:selenium-devtools-v86:4.1.2` where the version ("v86") matches the version of the chromium-based browser you're using and the version number of the artifact is the same as Selenium's.
]]></system-err>
  </testcase>
  <testcase name="Cancel Edit Patient Data Scenario" classname="Patient" time="9.009">
    <system-out><![CDATA[
@Patient
Scenario: Cancel Edit Patient Data Scenario &amp#27;[90m# src/test/resources/features/2.Patient.feature:31&amp#27;[0m
10:45:39.035 [main] INFO io.cucumber.core.plugin.SerenityReporter - Running feature from file:///E:/My%20Documents/File%20Difa/TI%20Semester%206%20Kampus%20Merdeka%20Alterra/Tugas/CAPSTONE%20Project/Capstone-Project-Website/src/test/resources/features/2.Patient.feature
10:45:39.037 [main] INFO  - 
  _____   ___   ___   _____     ___   _____     _     ___   _____   ___   ___  
 |_   _| | __| / __| |_   _|   / __| |_   _|   /_\   | _ \ |_   _| | __| |   \ 
   | |   | _|  \__ \   | |     \__ \   | |    / _ \  |   /   | |   | _|  | |) |
   |_|   |___| |___/   |_|     |___/   |_|   /_/ \_\ |_|_\   |_|   |___| |___/ 

Cancel Edit Patient Data Scenario(patient;cancel-edit-patient-data-scenario)
--------------------------------------------------------------------------------
10:45:39.103 [main] DEBUG net.thucydides.core.steps.StepInterceptor - STARTING STEP: PatientSteps.iAmAtTheDashboardPage - openUrl
10:45:39.107 [main] INFO net.serenitybdd.core.webdriver.driverproviders.ChromeDriverProvider - Using automatically driver download
10:45:39.515 [main] DEBUG io.github.bonigarcia.wdm.cache.ResolutionCache - Resolution chrome=102 in cache (valid until 11:37:46 21/06/2022 ICT)
10:45:39.521 [main] DEBUG io.github.bonigarcia.wdm.cache.ResolutionCache - Resolution chrome102=102.0.5005.61 in cache (valid until 09:22:16 22/06/2022 ICT)
10:45:39.523 [main] INFO io.github.bonigarcia.wdm.WebDriverManager - Using chromedriver 102.0.5005.61 (resolved driver for Chrome 102)
10:45:39.562 [main] DEBUG io.github.bonigarcia.wdm.WebDriverManager - Driver chromedriver 102.0.5005.61 found in cache
10:45:39.563 [main] INFO io.github.bonigarcia.wdm.WebDriverManager - Exporting webdriver.chrome.driver as C:\Users\USER\.cache\selenium\chromedriver\win32\102.0.5005.61\chromedriver.exe
10:45:39.902 [main] DEBUG net.serenitybdd.core.webdriver.driverproviders.ProvideNewDriver - Instantiating driver
10:45:39.902 [main] DEBUG net.serenitybdd.core.webdriver.driverproviders.ProvideNewDriver - Driver capabilities: Capabilities {acceptInsecureCerts: false, base.url: https://hospital-management..., browserName: chrome, chrome.driver: src/test/resources/webdrive..., driver: chrome, goog:chromeOptions: {args: [], extensions: []}}
10:45:40.448 [AsyncHttpClient-1-7] DEBUG org.asynchttpclient.netty.channel.NettyConnectListener - Using new Channel '[id: 0xd9dc330b, L:/127.0.0.1:57622 - R:localhost/127.0.0.1:50910]' for 'POST' to '/session'
10:45:41.644 [AsyncHttpClient-1-7] DEBUG org.asynchttpclient.netty.handler.HttpHandler - 

Request DefaultHttpRequest(decodeResult: success, version: HTTP/1.1)
POST /session HTTP/1.1
User-Agent: selenium/4.1.2 (java windows)
Content-Length: 621
Content-Type: application/json; charset=utf-8
host: localhost:50910
accept: */*

Response DefaultHttpResponse(decodeResult: success, version: HTTP/1.1)
HTTP/1.1 200 OK
Content-Type: application/json; charset=utf-8
cache-control: no-cache
content-length: 788

10:45:41.645 [AsyncHttpClient-1-7] DEBUG org.asynchttpclient.netty.channel.ChannelManager - Adding key: http://localhost:50910 for channel [id: 0xd9dc330b, L:/127.0.0.1:57622 - R:localhost/127.0.0.1:50910]
10:45:41.756 [AsyncHttpClient-1-8] DEBUG org.asynchttpclient.netty.channel.NettyConnectListener - Using new Channel '[id: 0x04ecd5ce, L:/127.0.0.1:57628 - R:localhost/127.0.0.1:57623]' for 'GET' to '/json/version'
10:45:41.756 [AsyncHttpClient-1-8] DEBUG org.asynchttpclient.netty.handler.HttpHandler - 

Request DefaultFullHttpRequest(decodeResult: success, version: HTTP/1.1, content: EmptyByteBufBE)
GET /json/version HTTP/1.1
User-Agent: selenium/4.1.2 (java windows)
host: localhost:57623
accept: */*

Response DefaultHttpResponse(decodeResult: success, version: HTTP/1.1)
HTTP/1.1 200 OK
Content-Type: application/json; charset=UTF-8
content-length: 427

10:45:41.756 [AsyncHttpClient-1-8] DEBUG org.asynchttpclient.netty.channel.ChannelManager - Adding key: http://localhost:57623 for channel [id: 0x04ecd5ce, L:/127.0.0.1:57628 - R:localhost/127.0.0.1:57623]
10:45:41.760 [AsyncHttpClient-1-9] DEBUG org.asynchttpclient.netty.channel.NettyConnectListener - Using new Channel '[id: 0xa8bd9203, L:/127.0.0.1:57629 - R:localhost/127.0.0.1:57623]' for 'GET' to '/devtools/browser/f9aa5067-6ab1-4820-adbe-f11094a2393e'
10:45:41.761 [AsyncHttpClient-1-9] DEBUG org.asynchttpclient.netty.handler.WebSocketHandler - 

Request DefaultFullHttpRequest(decodeResult: success, version: HTTP/1.1, content: EmptyByteBufBE)
GET /devtools/browser/f9aa5067-6ab1-4820-adbe-f11094a2393e HTTP/1.1
upgrade: websocket
connection: upgrade
sec-websocket-key: SpeTKE/J3/yq6FQsEeW1BA==
sec-websocket-version: 13
origin: http://localhost:57623
host: localhost:57623
accept: */*
user-agent: AHC/2.1

Response DefaultHttpResponse(decodeResult: success, version: HTTP/1.1)
HTTP/1.1 101 WebSocket Protocol Handshake
Upgrade: WebSocket
Connection: Upgrade
Sec-WebSocket-Accept: oJOAgp/X/TPT9NOPbSU/Bw1OCcI=

10:45:41.813 [Forwarding maximizeCurrentWindow on session 5d1d90e1038e44952914207334a563a4 to remote] DEBUG org.asynchttpclient.netty.request.NettyRequestSender - Using pooled Channel '[id: 0xd9dc330b, L:/127.0.0.1:57622 - R:localhost/127.0.0.1:50910]' for 'POST' to 'http://localhost:50910/session/5d1d90e1038e44952914207334a563a4/window/maximize'
10:45:41.813 [Forwarding maximizeCurrentWindow on session 5d1d90e1038e44952914207334a563a4 to remote] DEBUG org.asynchttpclient.netty.request.NettyRequestSender - Using open Channel [id: 0xd9dc330b, L:/127.0.0.1:57622 - R:localhost/127.0.0.1:50910] for POST '/session/5d1d90e1038e44952914207334a563a4/window/maximize'
10:45:41.929 [AsyncHttpClient-1-7] DEBUG org.asynchttpclient.netty.handler.HttpHandler - 

Request DefaultHttpRequest(decodeResult: success, version: HTTP/1.1)
POST /session/5d1d90e1038e44952914207334a563a4/window/maximize HTTP/1.1
User-Agent: selenium/4.1.2 (java windows)
Content-Length: 3
Content-Type: application/json; charset=utf-8
host: localhost:50910
accept: */*

Response DefaultHttpResponse(decodeResult: success, version: HTTP/1.1)
HTTP/1.1 200 OK
Content-Type: application/json; charset=utf-8
cache-control: no-cache
content-length: 51

10:45:41.929 [AsyncHttpClient-1-7] DEBUG org.asynchttpclient.netty.channel.ChannelManager - Adding key: http://localhost:50910 for channel [id: 0xd9dc330b, L:/127.0.0.1:57622 - R:localhost/127.0.0.1:50910]
10:45:41.932 [Forwarding get on session 5d1d90e1038e44952914207334a563a4 to remote] DEBUG org.asynchttpclient.netty.request.NettyRequestSender - Using pooled Channel '[id: 0xd9dc330b, L:/127.0.0.1:57622 - R:localhost/127.0.0.1:50910]' for 'POST' to 'http://localhost:50910/session/5d1d90e1038e44952914207334a563a4/url'
10:45:41.933 [Forwarding get on session 5d1d90e1038e44952914207334a563a4 to remote] DEBUG org.asynchttpclient.netty.request.NettyRequestSender - Using open Channel [id: 0xd9dc330b, L:/127.0.0.1:57622 - R:localhost/127.0.0.1:50910] for POST '/session/5d1d90e1038e44952914207334a563a4/url'
10:45:41.964 [AsyncHttpClient-1-1] DEBUG org.asynchttpclient.netty.channel.DefaultChannelPool - Entry count for : http://localhost:57623 : 1
10:45:43.064 [AsyncHttpClient-1-1] DEBUG org.asynchttpclient.netty.channel.DefaultChannelPool - Entry count for : http://localhost:57623 : 1
10:45:44.166 [AsyncHttpClient-1-1] DEBUG org.asynchttpclient.netty.channel.DefaultChannelPool - Entry count for : http://localhost:57623 : 1
10:45:44.567 [AsyncHttpClient-1-7] DEBUG org.asynchttpclient.netty.handler.HttpHandler - 

Request DefaultHttpRequest(decodeResult: success, version: HTTP/1.1)
POST /session/5d1d90e1038e44952914207334a563a4/url HTTP/1.1
User-Agent: selenium/4.1.2 (java windows)
Content-Length: 65
Content-Type: application/json; charset=utf-8
host: localhost:50910
accept: */*

Response DefaultHttpResponse(decodeResult: success, version: HTTP/1.1)
HTTP/1.1 200 OK
Content-Type: application/json; charset=utf-8
cache-control: no-cache
content-length: 14

10:45:44.567 [AsyncHttpClient-1-7] DEBUG org.asynchttpclient.netty.channel.ChannelManager - Adding key: http://localhost:50910 for channel [id: 0xd9dc330b, L:/127.0.0.1:57622 - R:localhost/127.0.0.1:50910]
10:45:44.569 [Forwarding setTimeout on session 5d1d90e1038e44952914207334a563a4 to remote] DEBUG org.asynchttpclient.netty.request.NettyRequestSender - Using pooled Channel '[id: 0xd9dc330b, L:/127.0.0.1:57622 - R:localhost/127.0.0.1:50910]' for 'POST' to 'http://localhost:50910/session/5d1d90e1038e44952914207334a563a4/timeouts'
10:45:44.569 [Forwarding setTimeout on session 5d1d90e1038e44952914207334a563a4 to remote] DEBUG org.asynchttpclient.netty.request.NettyRequestSender - Using open Channel [id: 0xd9dc330b, L:/127.0.0.1:57622 - R:localhost/127.0.0.1:50910] for POST '/session/5d1d90e1038e44952914207334a563a4/timeouts'
10:45:44.572 [AsyncHttpClient-1-7] DEBUG org.asynchttpclient.netty.handler.HttpHandler - 

Request DefaultHttpRequest(decodeResult: success, version: HTTP/1.1)
POST /session/5d1d90e1038e44952914207334a563a4/timeouts HTTP/1.1
User-Agent: selenium/4.1.2 (java windows)
Content-Length: 22
Content-Type: application/json; charset=utf-8
host: localhost:50910
accept: */*

Response DefaultHttpResponse(decodeResult: success, version: HTTP/1.1)
HTTP/1.1 200 OK
Content-Type: application/json; charset=utf-8
cache-control: no-cache
content-length: 14

10:45:44.572 [AsyncHttpClient-1-7] DEBUG org.asynchttpclient.netty.channel.ChannelManager - Adding key: http://localhost:50910 for channel [id: 0xd9dc330b, L:/127.0.0.1:57622 - R:localhost/127.0.0.1:50910]
10:45:44.577 [Forwarding getCurrentUrl on session 5d1d90e1038e44952914207334a563a4 to remote] DEBUG org.asynchttpclient.netty.request.NettyRequestSender - Using pooled Channel '[id: 0xd9dc330b, L:/127.0.0.1:57622 - R:localhost/127.0.0.1:50910]' for 'GET' to 'http://localhost:50910/session/5d1d90e1038e44952914207334a563a4/url'
10:45:44.577 [Forwarding getCurrentUrl on session 5d1d90e1038e44952914207334a563a4 to remote] DEBUG org.asynchttpclient.netty.request.NettyRequestSender - Using open Channel [id: 0xd9dc330b, L:/127.0.0.1:57622 - R:localhost/127.0.0.1:50910] for GET '/session/5d1d90e1038e44952914207334a563a4/url'
10:45:44.586 [AsyncHttpClient-1-7] DEBUG org.asynchttpclient.netty.handler.HttpHandler - 

Request DefaultFullHttpRequest(decodeResult: success, version: HTTP/1.1, content: EmptyByteBufBE)
GET /session/5d1d90e1038e44952914207334a563a4/url HTTP/1.1
User-Agent: selenium/4.1.2 (java windows)
Cache-Control: no-cache
Content-Type: application/json; charset=utf-8
host: localhost:50910
accept: */*

Response DefaultHttpResponse(decodeResult: success, version: HTTP/1.1)
HTTP/1.1 200 OK
Content-Type: application/json; charset=utf-8
cache-control: no-cache
content-length: 53

10:45:44.586 [AsyncHttpClient-1-7] DEBUG org.asynchttpclient.netty.channel.ChannelManager - Adding key: http://localhost:50910 for channel [id: 0xd9dc330b, L:/127.0.0.1:57622 - R:localhost/127.0.0.1:50910]
10:45:44.593 [Forwarding getCurrentUrl on session 5d1d90e1038e44952914207334a563a4 to remote] DEBUG org.asynchttpclient.netty.request.NettyRequestSender - Using pooled Channel '[id: 0xd9dc330b, L:/127.0.0.1:57622 - R:localhost/127.0.0.1:50910]' for 'GET' to 'http://localhost:50910/session/5d1d90e1038e44952914207334a563a4/url'
10:45:44.593 [Forwarding getCurrentUrl on session 5d1d90e1038e44952914207334a563a4 to remote] DEBUG org.asynchttpclient.netty.request.NettyRequestSender - Using open Channel [id: 0xd9dc330b, L:/127.0.0.1:57622 - R:localhost/127.0.0.1:50910] for GET '/session/5d1d90e1038e44952914207334a563a4/url'
10:45:44.600 [AsyncHttpClient-1-7] DEBUG org.asynchttpclient.netty.handler.HttpHandler - 

Request DefaultFullHttpRequest(decodeResult: success, version: HTTP/1.1, content: EmptyByteBufBE)
GET /session/5d1d90e1038e44952914207334a563a4/url HTTP/1.1
User-Agent: selenium/4.1.2 (java windows)
Cache-Control: no-cache
Content-Type: application/json; charset=utf-8
host: localhost:50910
accept: */*

Response DefaultHttpResponse(decodeResult: success, version: HTTP/1.1)
HTTP/1.1 200 OK
Content-Type: application/json; charset=utf-8
cache-control: no-cache
content-length: 53

10:45:44.600 [AsyncHttpClient-1-7] DEBUG org.asynchttpclient.netty.channel.ChannelManager - Adding key: http://localhost:50910 for channel [id: 0xd9dc330b, L:/127.0.0.1:57622 - R:localhost/127.0.0.1:50910]
10:45:44.612 [Forwarding screenshot on session 5d1d90e1038e44952914207334a563a4 to remote] DEBUG org.asynchttpclient.netty.request.NettyRequestSender - Using pooled Channel '[id: 0xd9dc330b, L:/127.0.0.1:57622 - R:localhost/127.0.0.1:50910]' for 'GET' to 'http://localhost:50910/session/5d1d90e1038e44952914207334a563a4/screenshot'
10:45:44.612 [Forwarding screenshot on session 5d1d90e1038e44952914207334a563a4 to remote] DEBUG org.asynchttpclient.netty.request.NettyRequestSender - Using open Channel [id: 0xd9dc330b, L:/127.0.0.1:57622 - R:localhost/127.0.0.1:50910] for GET '/session/5d1d90e1038e44952914207334a563a4/screenshot'
10:45:44.958 [AsyncHttpClient-1-7] DEBUG org.asynchttpclient.netty.handler.HttpHandler - 

Request DefaultFullHttpRequest(decodeResult: success, version: HTTP/1.1, content: EmptyByteBufBE)
GET /session/5d1d90e1038e44952914207334a563a4/screenshot HTTP/1.1
User-Agent: selenium/4.1.2 (java windows)
Cache-Control: no-cache
Content-Type: application/json; charset=utf-8
host: localhost:50910
accept: */*

Response DefaultHttpResponse(decodeResult: success, version: HTTP/1.1)
HTTP/1.1 200 OK
Content-Type: application/json; charset=utf-8
cache-control: no-cache
content-length: 382596

10:45:44.961 [AsyncHttpClient-1-7] DEBUG org.asynchttpclient.netty.channel.ChannelManager - Adding key: http://localhost:50910 for channel [id: 0xd9dc330b, L:/127.0.0.1:57622 - R:localhost/127.0.0.1:50910]
10:45:44.998 [main] DEBUG net.serenitybdd.core.photography.Darkroom - Send negative for processing for target\site\serenity\ed15a54c91c342d96a850276df7b559f4526b370fc93040e3c407a48a170f368.png
10:45:44.998 [main] DEBUG net.thucydides.core.steps.StepInterceptor - STEP DONE: openUrl
10:45:45.010 [main] DEBUG net.thucydides.core.steps.StepInterceptor - STARTING STEP: PatientSteps.iAmAtTheDashboardPage - validateOnDashboardPage
10:45:45.014 [Forwarding findElement on session 5d1d90e1038e44952914207334a563a4 to remote] DEBUG org.asynchttpclient.netty.request.NettyRequestSender - Using pooled Channel '[id: 0xd9dc330b, L:/127.0.0.1:57622 - R:localhost/127.0.0.1:50910]' for 'POST' to 'http://localhost:50910/session/5d1d90e1038e44952914207334a563a4/element'
10:45:45.014 [Forwarding findElement on session 5d1d90e1038e44952914207334a563a4 to remote] DEBUG org.asynchttpclient.netty.request.NettyRequestSender - Using open Channel [id: 0xd9dc330b, L:/127.0.0.1:57622 - R:localhost/127.0.0.1:50910] for POST '/session/5d1d90e1038e44952914207334a563a4/element'
10:45:45.035 [AsyncHttpClient-1-7] DEBUG org.asynchttpclient.netty.handler.HttpHandler - 

Request DefaultHttpRequest(decodeResult: success, version: HTTP/1.1)
POST /session/5d1d90e1038e44952914207334a563a4/element HTTP/1.1
User-Agent: selenium/4.1.2 (java windows)
Content-Length: 81
Content-Type: application/json; charset=utf-8
host: localhost:50910
accept: */*

Response DefaultHttpResponse(decodeResult: success, version: HTTP/1.1)
HTTP/1.1 200 OK
Content-Type: application/json; charset=utf-8
cache-control: no-cache
content-length: 88

10:45:45.036 [AsyncHttpClient-1-7] DEBUG org.asynchttpclient.netty.channel.ChannelManager - Adding key: http://localhost:50910 for channel [id: 0xd9dc330b, L:/127.0.0.1:57622 - R:localhost/127.0.0.1:50910]
10:45:45.041 [Forwarding isElementDisplayed on session 5d1d90e1038e44952914207334a563a4 to remote] DEBUG org.asynchttpclient.netty.request.NettyRequestSender - Using pooled Channel '[id: 0xd9dc330b, L:/127.0.0.1:57622 - R:localhost/127.0.0.1:50910]' for 'POST' to 'http://localhost:50910/session/5d1d90e1038e44952914207334a563a4/execute/sync'
10:45:45.041 [Forwarding isElementDisplayed on session 5d1d90e1038e44952914207334a563a4 to remote] DEBUG org.asynchttpclient.netty.request.NettyRequestSender - Using open Channel [id: 0xd9dc330b, L:/127.0.0.1:57622 - R:localhost/127.0.0.1:50910] for POST '/session/5d1d90e1038e44952914207334a563a4/execute/sync'
10:45:45.067 [AsyncHttpClient-1-7] DEBUG org.asynchttpclient.netty.handler.HttpHandler - 

Request DefaultHttpRequest(decodeResult: success, version: HTTP/1.1)
POST /session/5d1d90e1038e44952914207334a563a4/execute/sync HTTP/1.1
User-Agent: selenium/4.1.2 (java windows)
Content-Length: 48780
Content-Type: application/json; charset=utf-8
host: localhost:50910
accept: */*

Response DefaultHttpResponse(decodeResult: success, version: HTTP/1.1)
HTTP/1.1 200 OK
Content-Type: application/json; charset=utf-8
cache-control: no-cache
content-length: 14

10:45:45.067 [AsyncHttpClient-1-7] DEBUG org.asynchttpclient.netty.channel.ChannelManager - Adding key: http://localhost:50910 for channel [id: 0xd9dc330b, L:/127.0.0.1:57622 - R:localhost/127.0.0.1:50910]
10:45:45.076 [Forwarding screenshot on session 5d1d90e1038e44952914207334a563a4 to remote] DEBUG org.asynchttpclient.netty.request.NettyRequestSender - Using pooled Channel '[id: 0xd9dc330b, L:/127.0.0.1:57622 - R:localhost/127.0.0.1:50910]' for 'GET' to 'http://localhost:50910/session/5d1d90e1038e44952914207334a563a4/screenshot'
10:45:45.076 [Forwarding screenshot on session 5d1d90e1038e44952914207334a563a4 to remote] DEBUG org.asynchttpclient.netty.request.NettyRequestSender - Using open Channel [id: 0xd9dc330b, L:/127.0.0.1:57622 - R:localhost/127.0.0.1:50910] for GET '/session/5d1d90e1038e44952914207334a563a4/screenshot'
10:45:45.264 [AsyncHttpClient-1-1] DEBUG org.asynchttpclient.netty.channel.DefaultChannelPool - Entry count for : http://localhost:57623 : 1
10:45:45.414 [AsyncHttpClient-1-7] DEBUG org.asynchttpclient.netty.handler.HttpHandler - 

Request DefaultFullHttpRequest(decodeResult: success, version: HTTP/1.1, content: EmptyByteBufBE)
GET /session/5d1d90e1038e44952914207334a563a4/screenshot HTTP/1.1
User-Agent: selenium/4.1.2 (java windows)
Cache-Control: no-cache
Content-Type: application/json; charset=utf-8
host: localhost:50910
accept: */*

Response DefaultHttpResponse(decodeResult: success, version: HTTP/1.1)
HTTP/1.1 200 OK
Content-Type: application/json; charset=utf-8
cache-control: no-cache
content-length: 382596

10:45:45.417 [AsyncHttpClient-1-7] DEBUG org.asynchttpclient.netty.channel.ChannelManager - Adding key: http://localhost:50910 for channel [id: 0xd9dc330b, L:/127.0.0.1:57622 - R:localhost/127.0.0.1:50910]
10:45:45.445 [main] DEBUG net.serenitybdd.core.photography.Darkroom - Send negative for processing for target\site\serenity\ed15a54c91c342d96a850276df7b559f4526b370fc93040e3c407a48a170f368.png
10:45:45.445 [main] DEBUG net.thucydides.core.steps.StepInterceptor - STEP DONE: validateOnDashboardPage
  &amp#27;[32mGiven &amp#27;[0m&amp#27;[32mI am at the dashboard page&amp#27;[0m          &amp#27;[90m# starter.stepdefinitions.PatientSteps.iAmAtTheDashboardPage()&amp#27;[0m
10:45:45.473 [main] DEBUG net.thucydides.core.steps.StepInterceptor - STARTING STEP: PatientSteps.iClickMenuPatient - clickMenuPatientButton
10:45:45.478 [Forwarding findElement on session 5d1d90e1038e44952914207334a563a4 to remote] DEBUG org.asynchttpclient.netty.request.NettyRequestSender - Using pooled Channel '[id: 0xd9dc330b, L:/127.0.0.1:57622 - R:localhost/127.0.0.1:50910]' for 'POST' to 'http://localhost:50910/session/5d1d90e1038e44952914207334a563a4/element'
10:45:45.478 [Forwarding findElement on session 5d1d90e1038e44952914207334a563a4 to remote] DEBUG org.asynchttpclient.netty.request.NettyRequestSender - Using open Channel [id: 0xd9dc330b, L:/127.0.0.1:57622 - R:localhost/127.0.0.1:50910] for POST '/session/5d1d90e1038e44952914207334a563a4/element'
10:45:45.503 [AsyncHttpClient-1-7] DEBUG org.asynchttpclient.netty.handler.HttpHandler - 

Request DefaultHttpRequest(decodeResult: success, version: HTTP/1.1)
POST /session/5d1d90e1038e44952914207334a563a4/element HTTP/1.1
User-Agent: selenium/4.1.2 (java windows)
Content-Length: 80
Content-Type: application/json; charset=utf-8
host: localhost:50910
accept: */*

Response DefaultHttpResponse(decodeResult: success, version: HTTP/1.1)
HTTP/1.1 200 OK
Content-Type: application/json; charset=utf-8
cache-control: no-cache
content-length: 88

10:45:45.503 [AsyncHttpClient-1-7] DEBUG org.asynchttpclient.netty.channel.ChannelManager - Adding key: http://localhost:50910 for channel [id: 0xd9dc330b, L:/127.0.0.1:57622 - R:localhost/127.0.0.1:50910]
10:45:45.505 [Forwarding getElementTagName on session 5d1d90e1038e44952914207334a563a4 to remote] DEBUG org.asynchttpclient.netty.request.NettyRequestSender - Using pooled Channel '[id: 0xd9dc330b, L:/127.0.0.1:57622 - R:localhost/127.0.0.1:50910]' for 'GET' to 'http://localhost:50910/session/5d1d90e1038e44952914207334a563a4/element/20f3f4d0-15e9-4975-89b4-7263c90cb428/name'
10:45:45.505 [Forwarding getElementTagName on session 5d1d90e1038e44952914207334a563a4 to remote] DEBUG org.asynchttpclient.netty.request.NettyRequestSender - Using open Channel [id: 0xd9dc330b, L:/127.0.0.1:57622 - R:localhost/127.0.0.1:50910] for GET '/session/5d1d90e1038e44952914207334a563a4/element/20f3f4d0-15e9-4975-89b4-7263c90cb428/name'
10:45:45.511 [AsyncHttpClient-1-7] DEBUG org.asynchttpclient.netty.handler.HttpHandler - 

Request DefaultFullHttpRequest(decodeResult: success, version: HTTP/1.1, content: EmptyByteBufBE)
GET /session/5d1d90e1038e44952914207334a563a4/element/20f3f4d0-15e9-4975-89b4-7263c90cb428/name HTTP/1.1
User-Agent: selenium/4.1.2 (java windows)
Cache-Control: no-cache
Content-Type: application/json; charset=utf-8
host: localhost:50910
accept: */*

Response DefaultHttpResponse(decodeResult: success, version: HTTP/1.1)
HTTP/1.1 200 OK
Content-Type: application/json; charset=utf-8
cache-control: no-cache
content-length: 15

10:45:45.511 [AsyncHttpClient-1-7] DEBUG org.asynchttpclient.netty.channel.ChannelManager - Adding key: http://localhost:50910 for channel [id: 0xd9dc330b, L:/127.0.0.1:57622 - R:localhost/127.0.0.1:50910]
10:45:45.513 [Forwarding getElementTagName on session 5d1d90e1038e44952914207334a563a4 to remote] DEBUG org.asynchttpclient.netty.request.NettyRequestSender - Using pooled Channel '[id: 0xd9dc330b, L:/127.0.0.1:57622 - R:localhost/127.0.0.1:50910]' for 'GET' to 'http://localhost:50910/session/5d1d90e1038e44952914207334a563a4/element/20f3f4d0-15e9-4975-89b4-7263c90cb428/name'
10:45:45.513 [Forwarding getElementTagName on session 5d1d90e1038e44952914207334a563a4 to remote] DEBUG org.asynchttpclient.netty.request.NettyRequestSender - Using open Channel [id: 0xd9dc330b, L:/127.0.0.1:57622 - R:localhost/127.0.0.1:50910] for GET '/session/5d1d90e1038e44952914207334a563a4/element/20f3f4d0-15e9-4975-89b4-7263c90cb428/name'
10:45:45.518 [AsyncHttpClient-1-7] DEBUG org.asynchttpclient.netty.handler.HttpHandler - 

Request DefaultFullHttpRequest(decodeResult: success, version: HTTP/1.1, content: EmptyByteBufBE)
GET /session/5d1d90e1038e44952914207334a563a4/element/20f3f4d0-15e9-4975-89b4-7263c90cb428/name HTTP/1.1
User-Agent: selenium/4.1.2 (java windows)
Cache-Control: no-cache
Content-Type: application/json; charset=utf-8
host: localhost:50910
accept: */*

Response DefaultHttpResponse(decodeResult: success, version: HTTP/1.1)
HTTP/1.1 200 OK
Content-Type: application/json; charset=utf-8
cache-control: no-cache
content-length: 15

10:45:45.518 [AsyncHttpClient-1-7] DEBUG org.asynchttpclient.netty.channel.ChannelManager - Adding key: http://localhost:50910 for channel [id: 0xd9dc330b, L:/127.0.0.1:57622 - R:localhost/127.0.0.1:50910]
10:45:45.521 [Forwarding findElement on session 5d1d90e1038e44952914207334a563a4 to remote] DEBUG org.asynchttpclient.netty.request.NettyRequestSender - Using pooled Channel '[id: 0xd9dc330b, L:/127.0.0.1:57622 - R:localhost/127.0.0.1:50910]' for 'POST' to 'http://localhost:50910/session/5d1d90e1038e44952914207334a563a4/element'
10:45:45.521 [Forwarding findElement on session 5d1d90e1038e44952914207334a563a4 to remote] DEBUG org.asynchttpclient.netty.request.NettyRequestSender - Using open Channel [id: 0xd9dc330b, L:/127.0.0.1:57622 - R:localhost/127.0.0.1:50910] for POST '/session/5d1d90e1038e44952914207334a563a4/element'
10:45:45.532 [AsyncHttpClient-1-7] DEBUG org.asynchttpclient.netty.handler.HttpHandler - 

Request DefaultHttpRequest(decodeResult: success, version: HTTP/1.1)
POST /session/5d1d90e1038e44952914207334a563a4/element HTTP/1.1
User-Agent: selenium/4.1.2 (java windows)
Content-Length: 80
Content-Type: application/json; charset=utf-8
host: localhost:50910
accept: */*

Response DefaultHttpResponse(decodeResult: success, version: HTTP/1.1)
HTTP/1.1 200 OK
Content-Type: application/json; charset=utf-8
cache-control: no-cache
content-length: 88

10:45:45.532 [AsyncHttpClient-1-7] DEBUG org.asynchttpclient.netty.channel.ChannelManager - Adding key: http://localhost:50910 for channel [id: 0xd9dc330b, L:/127.0.0.1:57622 - R:localhost/127.0.0.1:50910]
10:45:45.533 [Forwarding clickElement on session 5d1d90e1038e44952914207334a563a4 to remote] DEBUG org.asynchttpclient.netty.request.NettyRequestSender - Using pooled Channel '[id: 0xd9dc330b, L:/127.0.0.1:57622 - R:localhost/127.0.0.1:50910]' for 'POST' to 'http://localhost:50910/session/5d1d90e1038e44952914207334a563a4/element/20f3f4d0-15e9-4975-89b4-7263c90cb428/click'
10:45:45.533 [Forwarding clickElement on session 5d1d90e1038e44952914207334a563a4 to remote] DEBUG org.asynchttpclient.netty.request.NettyRequestSender - Using open Channel [id: 0xd9dc330b, L:/127.0.0.1:57622 - R:localhost/127.0.0.1:50910] for POST '/session/5d1d90e1038e44952914207334a563a4/element/20f3f4d0-15e9-4975-89b4-7263c90cb428/click'
10:45:45.743 [AsyncHttpClient-1-7] DEBUG org.asynchttpclient.netty.handler.HttpHandler - 

Request DefaultHttpRequest(decodeResult: success, version: HTTP/1.1)
POST /session/5d1d90e1038e44952914207334a563a4/element/20f3f4d0-15e9-4975-89b4-7263c90cb428/click HTTP/1.1
User-Agent: selenium/4.1.2 (java windows)
Content-Length: 50
Content-Type: application/json; charset=utf-8
host: localhost:50910
accept: */*

Response DefaultHttpResponse(decodeResult: success, version: HTTP/1.1)
HTTP/1.1 200 OK
Content-Type: application/json; charset=utf-8
cache-control: no-cache
content-length: 14

10:45:45.743 [AsyncHttpClient-1-7] DEBUG org.asynchttpclient.netty.channel.ChannelManager - Adding key: http://localhost:50910 for channel [id: 0xd9dc330b, L:/127.0.0.1:57622 - R:localhost/127.0.0.1:50910]
10:45:45.754 [Forwarding screenshot on session 5d1d90e1038e44952914207334a563a4 to remote] DEBUG org.asynchttpclient.netty.request.NettyRequestSender - Using pooled Channel '[id: 0xd9dc330b, L:/127.0.0.1:57622 - R:localhost/127.0.0.1:50910]' for 'GET' to 'http://localhost:50910/session/5d1d90e1038e44952914207334a563a4/screenshot'
10:45:45.754 [Forwarding screenshot on session 5d1d90e1038e44952914207334a563a4 to remote] DEBUG org.asynchttpclient.netty.request.NettyRequestSender - Using open Channel [id: 0xd9dc330b, L:/127.0.0.1:57622 - R:localhost/127.0.0.1:50910] for GET '/session/5d1d90e1038e44952914207334a563a4/screenshot'
10:45:45.900 [AsyncHttpClient-1-7] DEBUG org.asynchttpclient.netty.handler.HttpHandler - 

Request DefaultFullHttpRequest(decodeResult: success, version: HTTP/1.1, content: EmptyByteBufBE)
GET /session/5d1d90e1038e44952914207334a563a4/screenshot HTTP/1.1
User-Agent: selenium/4.1.2 (java windows)
Cache-Control: no-cache
Content-Type: application/json; charset=utf-8
host: localhost:50910
accept: */*

Response DefaultHttpResponse(decodeResult: success, version: HTTP/1.1)
HTTP/1.1 200 OK
Content-Type: application/json; charset=utf-8
cache-control: no-cache
content-length: 55372

10:45:45.901 [AsyncHttpClient-1-7] DEBUG org.asynchttpclient.netty.channel.ChannelManager - Adding key: http://localhost:50910 for channel [id: 0xd9dc330b, L:/127.0.0.1:57622 - R:localhost/127.0.0.1:50910]
10:45:45.904 [main] DEBUG net.serenitybdd.core.photography.Darkroom - Send negative for processing for target\site\serenity\c886102f421ef8e705409955539f8574c7e22dd5f158313ecdebe95b5d6560bd.png
10:45:45.904 [main] DEBUG net.thucydides.core.steps.StepInterceptor - STEP DONE: clickMenuPatientButton
  &amp#27;[32mAnd &amp#27;[0m&amp#27;[32mI click menu patient&amp#27;[0m                  &amp#27;[90m# starter.stepdefinitions.PatientSteps.iClickMenuPatient()&amp#27;[0m
10:45:45.926 [main] DEBUG net.thucydides.core.steps.StepInterceptor - STARTING STEP: PatientSteps.iClickEditPatientButton - clickEditPatientButton
10:45:45.931 [Forwarding findElement on session 5d1d90e1038e44952914207334a563a4 to remote] DEBUG org.asynchttpclient.netty.request.NettyRequestSender - Using pooled Channel '[id: 0xd9dc330b, L:/127.0.0.1:57622 - R:localhost/127.0.0.1:50910]' for 'POST' to 'http://localhost:50910/session/5d1d90e1038e44952914207334a563a4/element'
10:45:45.931 [Forwarding findElement on session 5d1d90e1038e44952914207334a563a4 to remote] DEBUG org.asynchttpclient.netty.request.NettyRequestSender - Using open Channel [id: 0xd9dc330b, L:/127.0.0.1:57622 - R:localhost/127.0.0.1:50910] for POST '/session/5d1d90e1038e44952914207334a563a4/element'
10:45:46.364 [AsyncHttpClient-1-1] DEBUG org.asynchttpclient.netty.channel.DefaultChannelPool - Entry count for : http://localhost:57623 : 1
10:45:46.519 [AsyncHttpClient-1-7] DEBUG org.asynchttpclient.netty.handler.HttpHandler - 

Request DefaultHttpRequest(decodeResult: success, version: HTTP/1.1)
POST /session/5d1d90e1038e44952914207334a563a4/element HTTP/1.1
User-Agent: selenium/4.1.2 (java windows)
Content-Length: 91
Content-Type: application/json; charset=utf-8
host: localhost:50910
accept: */*

Response DefaultHttpResponse(decodeResult: success, version: HTTP/1.1)
HTTP/1.1 200 OK
Content-Type: application/json; charset=utf-8
cache-control: no-cache
content-length: 88

10:45:46.519 [AsyncHttpClient-1-7] DEBUG org.asynchttpclient.netty.channel.ChannelManager - Adding key: http://localhost:50910 for channel [id: 0xd9dc330b, L:/127.0.0.1:57622 - R:localhost/127.0.0.1:50910]
10:45:46.521 [Forwarding getElementTagName on session 5d1d90e1038e44952914207334a563a4 to remote] DEBUG org.asynchttpclient.netty.request.NettyRequestSender - Using pooled Channel '[id: 0xd9dc330b, L:/127.0.0.1:57622 - R:localhost/127.0.0.1:50910]' for 'GET' to 'http://localhost:50910/session/5d1d90e1038e44952914207334a563a4/element/4aed3cd4-b79a-4cbc-b8b8-62de61c50b6f/name'
10:45:46.521 [Forwarding getElementTagName on session 5d1d90e1038e44952914207334a563a4 to remote] DEBUG org.asynchttpclient.netty.request.NettyRequestSender - Using open Channel [id: 0xd9dc330b, L:/127.0.0.1:57622 - R:localhost/127.0.0.1:50910] for GET '/session/5d1d90e1038e44952914207334a563a4/element/4aed3cd4-b79a-4cbc-b8b8-62de61c50b6f/name'
10:45:46.529 [AsyncHttpClient-1-7] DEBUG org.asynchttpclient.netty.handler.HttpHandler - 

Request DefaultFullHttpRequest(decodeResult: success, version: HTTP/1.1, content: EmptyByteBufBE)
GET /session/5d1d90e1038e44952914207334a563a4/element/4aed3cd4-b79a-4cbc-b8b8-62de61c50b6f/name HTTP/1.1
User-Agent: selenium/4.1.2 (java windows)
Cache-Control: no-cache
Content-Type: application/json; charset=utf-8
host: localhost:50910
accept: */*

Response DefaultHttpResponse(decodeResult: success, version: HTTP/1.1)
HTTP/1.1 200 OK
Content-Type: application/json; charset=utf-8
cache-control: no-cache
content-length: 18

10:45:46.529 [AsyncHttpClient-1-7] DEBUG org.asynchttpclient.netty.channel.ChannelManager - Adding key: http://localhost:50910 for channel [id: 0xd9dc330b, L:/127.0.0.1:57622 - R:localhost/127.0.0.1:50910]
10:45:46.531 [Forwarding getElementTagName on session 5d1d90e1038e44952914207334a563a4 to remote] DEBUG org.asynchttpclient.netty.request.NettyRequestSender - Using pooled Channel '[id: 0xd9dc330b, L:/127.0.0.1:57622 - R:localhost/127.0.0.1:50910]' for 'GET' to 'http://localhost:50910/session/5d1d90e1038e44952914207334a563a4/element/4aed3cd4-b79a-4cbc-b8b8-62de61c50b6f/name'
10:45:46.531 [Forwarding getElementTagName on session 5d1d90e1038e44952914207334a563a4 to remote] DEBUG org.asynchttpclient.netty.request.NettyRequestSender - Using open Channel [id: 0xd9dc330b, L:/127.0.0.1:57622 - R:localhost/127.0.0.1:50910] for GET '/session/5d1d90e1038e44952914207334a563a4/element/4aed3cd4-b79a-4cbc-b8b8-62de61c50b6f/name'
10:45:46.535 [AsyncHttpClient-1-7] DEBUG org.asynchttpclient.netty.handler.HttpHandler - 

Request DefaultFullHttpRequest(decodeResult: success, version: HTTP/1.1, content: EmptyByteBufBE)
GET /session/5d1d90e1038e44952914207334a563a4/element/4aed3cd4-b79a-4cbc-b8b8-62de61c50b6f/name HTTP/1.1
User-Agent: selenium/4.1.2 (java windows)
Cache-Control: no-cache
Content-Type: application/json; charset=utf-8
host: localhost:50910
accept: */*

Response DefaultHttpResponse(decodeResult: success, version: HTTP/1.1)
HTTP/1.1 200 OK
Content-Type: application/json; charset=utf-8
cache-control: no-cache
content-length: 18

10:45:46.535 [AsyncHttpClient-1-7] DEBUG org.asynchttpclient.netty.channel.ChannelManager - Adding key: http://localhost:50910 for channel [id: 0xd9dc330b, L:/127.0.0.1:57622 - R:localhost/127.0.0.1:50910]
10:45:46.538 [Forwarding isElementEnabled on session 5d1d90e1038e44952914207334a563a4 to remote] DEBUG org.asynchttpclient.netty.request.NettyRequestSender - Using pooled Channel '[id: 0xd9dc330b, L:/127.0.0.1:57622 - R:localhost/127.0.0.1:50910]' for 'GET' to 'http://localhost:50910/session/5d1d90e1038e44952914207334a563a4/element/4aed3cd4-b79a-4cbc-b8b8-62de61c50b6f/enabled'
10:45:46.538 [Forwarding isElementEnabled on session 5d1d90e1038e44952914207334a563a4 to remote] DEBUG org.asynchttpclient.netty.request.NettyRequestSender - Using open Channel [id: 0xd9dc330b, L:/127.0.0.1:57622 - R:localhost/127.0.0.1:50910] for GET '/session/5d1d90e1038e44952914207334a563a4/element/4aed3cd4-b79a-4cbc-b8b8-62de61c50b6f/enabled'
10:45:46.550 [AsyncHttpClient-1-7] DEBUG org.asynchttpclient.netty.handler.HttpHandler - 

Request DefaultFullHttpRequest(decodeResult: success, version: HTTP/1.1, content: EmptyByteBufBE)
GET /session/5d1d90e1038e44952914207334a563a4/element/4aed3cd4-b79a-4cbc-b8b8-62de61c50b6f/enabled HTTP/1.1
User-Agent: selenium/4.1.2 (java windows)
Cache-Control: no-cache
Content-Type: application/json; charset=utf-8
host: localhost:50910
accept: */*

Response DefaultHttpResponse(decodeResult: success, version: HTTP/1.1)
HTTP/1.1 200 OK
Content-Type: application/json; charset=utf-8
cache-control: no-cache
content-length: 14

10:45:46.550 [AsyncHttpClient-1-7] DEBUG org.asynchttpclient.netty.channel.ChannelManager - Adding key: http://localhost:50910 for channel [id: 0xd9dc330b, L:/127.0.0.1:57622 - R:localhost/127.0.0.1:50910]
10:45:46.551 [Forwarding isElementEnabled on session 5d1d90e1038e44952914207334a563a4 to remote] DEBUG org.asynchttpclient.netty.request.NettyRequestSender - Using pooled Channel '[id: 0xd9dc330b, L:/127.0.0.1:57622 - R:localhost/127.0.0.1:50910]' for 'GET' to 'http://localhost:50910/session/5d1d90e1038e44952914207334a563a4/element/4aed3cd4-b79a-4cbc-b8b8-62de61c50b6f/enabled'
10:45:46.551 [Forwarding isElementEnabled on session 5d1d90e1038e44952914207334a563a4 to remote] DEBUG org.asynchttpclient.netty.request.NettyRequestSender - Using open Channel [id: 0xd9dc330b, L:/127.0.0.1:57622 - R:localhost/127.0.0.1:50910] for GET '/session/5d1d90e1038e44952914207334a563a4/element/4aed3cd4-b79a-4cbc-b8b8-62de61c50b6f/enabled'
10:45:46.558 [AsyncHttpClient-1-7] DEBUG org.asynchttpclient.netty.handler.HttpHandler - 

Request DefaultFullHttpRequest(decodeResult: success, version: HTTP/1.1, content: EmptyByteBufBE)
GET /session/5d1d90e1038e44952914207334a563a4/element/4aed3cd4-b79a-4cbc-b8b8-62de61c50b6f/enabled HTTP/1.1
User-Agent: selenium/4.1.2 (java windows)
Cache-Control: no-cache
Content-Type: application/json; charset=utf-8
host: localhost:50910
accept: */*

Response DefaultHttpResponse(decodeResult: success, version: HTTP/1.1)
HTTP/1.1 200 OK
Content-Type: application/json; charset=utf-8
cache-control: no-cache
content-length: 14

10:45:46.558 [AsyncHttpClient-1-7] DEBUG org.asynchttpclient.netty.channel.ChannelManager - Adding key: http://localhost:50910 for channel [id: 0xd9dc330b, L:/127.0.0.1:57622 - R:localhost/127.0.0.1:50910]
10:45:46.563 [Forwarding findElement on session 5d1d90e1038e44952914207334a563a4 to remote] DEBUG org.asynchttpclient.netty.request.NettyRequestSender - Using pooled Channel '[id: 0xd9dc330b, L:/127.0.0.1:57622 - R:localhost/127.0.0.1:50910]' for 'POST' to 'http://localhost:50910/session/5d1d90e1038e44952914207334a563a4/element'
10:45:46.563 [Forwarding findElement on session 5d1d90e1038e44952914207334a563a4 to remote] DEBUG org.asynchttpclient.netty.request.NettyRequestSender - Using open Channel [id: 0xd9dc330b, L:/127.0.0.1:57622 - R:localhost/127.0.0.1:50910] for POST '/session/5d1d90e1038e44952914207334a563a4/element'
10:45:46.572 [AsyncHttpClient-1-7] DEBUG org.asynchttpclient.netty.handler.HttpHandler - 

Request DefaultHttpRequest(decodeResult: success, version: HTTP/1.1)
POST /session/5d1d90e1038e44952914207334a563a4/element HTTP/1.1
User-Agent: selenium/4.1.2 (java windows)
Content-Length: 91
Content-Type: application/json; charset=utf-8
host: localhost:50910
accept: */*

Response DefaultHttpResponse(decodeResult: success, version: HTTP/1.1)
HTTP/1.1 200 OK
Content-Type: application/json; charset=utf-8
cache-control: no-cache
content-length: 88

10:45:46.572 [AsyncHttpClient-1-7] DEBUG org.asynchttpclient.netty.channel.ChannelManager - Adding key: http://localhost:50910 for channel [id: 0xd9dc330b, L:/127.0.0.1:57622 - R:localhost/127.0.0.1:50910]
10:45:46.574 [Forwarding getElementTagName on session 5d1d90e1038e44952914207334a563a4 to remote] DEBUG org.asynchttpclient.netty.request.NettyRequestSender - Using pooled Channel '[id: 0xd9dc330b, L:/127.0.0.1:57622 - R:localhost/127.0.0.1:50910]' for 'GET' to 'http://localhost:50910/session/5d1d90e1038e44952914207334a563a4/element/4aed3cd4-b79a-4cbc-b8b8-62de61c50b6f/name'
10:45:46.574 [Forwarding getElementTagName on session 5d1d90e1038e44952914207334a563a4 to remote] DEBUG org.asynchttpclient.netty.request.NettyRequestSender - Using open Channel [id: 0xd9dc330b, L:/127.0.0.1:57622 - R:localhost/127.0.0.1:50910] for GET '/session/5d1d90e1038e44952914207334a563a4/element/4aed3cd4-b79a-4cbc-b8b8-62de61c50b6f/name'
10:45:46.578 [AsyncHttpClient-1-7] DEBUG org.asynchttpclient.netty.handler.HttpHandler - 

Request DefaultFullHttpRequest(decodeResult: success, version: HTTP/1.1, content: EmptyByteBufBE)
GET /session/5d1d90e1038e44952914207334a563a4/element/4aed3cd4-b79a-4cbc-b8b8-62de61c50b6f/name HTTP/1.1
User-Agent: selenium/4.1.2 (java windows)
Cache-Control: no-cache
Content-Type: application/json; charset=utf-8
host: localhost:50910
accept: */*

Response DefaultHttpResponse(decodeResult: success, version: HTTP/1.1)
HTTP/1.1 200 OK
Content-Type: application/json; charset=utf-8
cache-control: no-cache
content-length: 18

10:45:46.578 [AsyncHttpClient-1-7] DEBUG org.asynchttpclient.netty.channel.ChannelManager - Adding key: http://localhost:50910 for channel [id: 0xd9dc330b, L:/127.0.0.1:57622 - R:localhost/127.0.0.1:50910]
10:45:46.580 [Forwarding getElementTagName on session 5d1d90e1038e44952914207334a563a4 to remote] DEBUG org.asynchttpclient.netty.request.NettyRequestSender - Using pooled Channel '[id: 0xd9dc330b, L:/127.0.0.1:57622 - R:localhost/127.0.0.1:50910]' for 'GET' to 'http://localhost:50910/session/5d1d90e1038e44952914207334a563a4/element/4aed3cd4-b79a-4cbc-b8b8-62de61c50b6f/name'
10:45:46.580 [Forwarding getElementTagName on session 5d1d90e1038e44952914207334a563a4 to remote] DEBUG org.asynchttpclient.netty.request.NettyRequestSender - Using open Channel [id: 0xd9dc330b, L:/127.0.0.1:57622 - R:localhost/127.0.0.1:50910] for GET '/session/5d1d90e1038e44952914207334a563a4/element/4aed3cd4-b79a-4cbc-b8b8-62de61c50b6f/name'
10:45:46.584 [AsyncHttpClient-1-7] DEBUG org.asynchttpclient.netty.handler.HttpHandler - 

Request DefaultFullHttpRequest(decodeResult: success, version: HTTP/1.1, content: EmptyByteBufBE)
GET /session/5d1d90e1038e44952914207334a563a4/element/4aed3cd4-b79a-4cbc-b8b8-62de61c50b6f/name HTTP/1.1
User-Agent: selenium/4.1.2 (java windows)
Cache-Control: no-cache
Content-Type: application/json; charset=utf-8
host: localhost:50910
accept: */*

Response DefaultHttpResponse(decodeResult: success, version: HTTP/1.1)
HTTP/1.1 200 OK
Content-Type: application/json; charset=utf-8
cache-control: no-cache
content-length: 18

10:45:46.584 [AsyncHttpClient-1-7] DEBUG org.asynchttpclient.netty.channel.ChannelManager - Adding key: http://localhost:50910 for channel [id: 0xd9dc330b, L:/127.0.0.1:57622 - R:localhost/127.0.0.1:50910]
10:45:46.586 [Forwarding isElementEnabled on session 5d1d90e1038e44952914207334a563a4 to remote] DEBUG org.asynchttpclient.netty.request.NettyRequestSender - Using pooled Channel '[id: 0xd9dc330b, L:/127.0.0.1:57622 - R:localhost/127.0.0.1:50910]' for 'GET' to 'http://localhost:50910/session/5d1d90e1038e44952914207334a563a4/element/4aed3cd4-b79a-4cbc-b8b8-62de61c50b6f/enabled'
10:45:46.586 [Forwarding isElementEnabled on session 5d1d90e1038e44952914207334a563a4 to remote] DEBUG org.asynchttpclient.netty.request.NettyRequestSender - Using open Channel [id: 0xd9dc330b, L:/127.0.0.1:57622 - R:localhost/127.0.0.1:50910] for GET '/session/5d1d90e1038e44952914207334a563a4/element/4aed3cd4-b79a-4cbc-b8b8-62de61c50b6f/enabled'
10:45:46.596 [AsyncHttpClient-1-7] DEBUG org.asynchttpclient.netty.handler.HttpHandler - 

Request DefaultFullHttpRequest(decodeResult: success, version: HTTP/1.1, content: EmptyByteBufBE)
GET /session/5d1d90e1038e44952914207334a563a4/element/4aed3cd4-b79a-4cbc-b8b8-62de61c50b6f/enabled HTTP/1.1
User-Agent: selenium/4.1.2 (java windows)
Cache-Control: no-cache
Content-Type: application/json; charset=utf-8
host: localhost:50910
accept: */*

Response DefaultHttpResponse(decodeResult: success, version: HTTP/1.1)
HTTP/1.1 200 OK
Content-Type: application/json; charset=utf-8
cache-control: no-cache
content-length: 14

10:45:46.596 [AsyncHttpClient-1-7] DEBUG org.asynchttpclient.netty.channel.ChannelManager - Adding key: http://localhost:50910 for channel [id: 0xd9dc330b, L:/127.0.0.1:57622 - R:localhost/127.0.0.1:50910]
10:45:46.597 [Forwarding isElementEnabled on session 5d1d90e1038e44952914207334a563a4 to remote] DEBUG org.asynchttpclient.netty.request.NettyRequestSender - Using pooled Channel '[id: 0xd9dc330b, L:/127.0.0.1:57622 - R:localhost/127.0.0.1:50910]' for 'GET' to 'http://localhost:50910/session/5d1d90e1038e44952914207334a563a4/element/4aed3cd4-b79a-4cbc-b8b8-62de61c50b6f/enabled'
10:45:46.597 [Forwarding isElementEnabled on session 5d1d90e1038e44952914207334a563a4 to remote] DEBUG org.asynchttpclient.netty.request.NettyRequestSender - Using open Channel [id: 0xd9dc330b, L:/127.0.0.1:57622 - R:localhost/127.0.0.1:50910] for GET '/session/5d1d90e1038e44952914207334a563a4/element/4aed3cd4-b79a-4cbc-b8b8-62de61c50b6f/enabled'
10:45:46.604 [AsyncHttpClient-1-7] DEBUG org.asynchttpclient.netty.handler.HttpHandler - 

Request DefaultFullHttpRequest(decodeResult: success, version: HTTP/1.1, content: EmptyByteBufBE)
GET /session/5d1d90e1038e44952914207334a563a4/element/4aed3cd4-b79a-4cbc-b8b8-62de61c50b6f/enabled HTTP/1.1
User-Agent: selenium/4.1.2 (java windows)
Cache-Control: no-cache
Content-Type: application/json; charset=utf-8
host: localhost:50910
accept: */*

Response DefaultHttpResponse(decodeResult: success, version: HTTP/1.1)
HTTP/1.1 200 OK
Content-Type: application/json; charset=utf-8
cache-control: no-cache
content-length: 14

10:45:46.604 [AsyncHttpClient-1-7] DEBUG org.asynchttpclient.netty.channel.ChannelManager - Adding key: http://localhost:50910 for channel [id: 0xd9dc330b, L:/127.0.0.1:57622 - R:localhost/127.0.0.1:50910]
10:45:46.607 [Forwarding findElement on session 5d1d90e1038e44952914207334a563a4 to remote] DEBUG org.asynchttpclient.netty.request.NettyRequestSender - Using pooled Channel '[id: 0xd9dc330b, L:/127.0.0.1:57622 - R:localhost/127.0.0.1:50910]' for 'POST' to 'http://localhost:50910/session/5d1d90e1038e44952914207334a563a4/element'
10:45:46.607 [Forwarding findElement on session 5d1d90e1038e44952914207334a563a4 to remote] DEBUG org.asynchttpclient.netty.request.NettyRequestSender - Using open Channel [id: 0xd9dc330b, L:/127.0.0.1:57622 - R:localhost/127.0.0.1:50910] for POST '/session/5d1d90e1038e44952914207334a563a4/element'
10:45:46.619 [AsyncHttpClient-1-7] DEBUG org.asynchttpclient.netty.handler.HttpHandler - 

Request DefaultHttpRequest(decodeResult: success, version: HTTP/1.1)
POST /session/5d1d90e1038e44952914207334a563a4/element HTTP/1.1
User-Agent: selenium/4.1.2 (java windows)
Content-Length: 91
Content-Type: application/json; charset=utf-8
host: localhost:50910
accept: */*

Response DefaultHttpResponse(decodeResult: success, version: HTTP/1.1)
HTTP/1.1 200 OK
Content-Type: application/json; charset=utf-8
cache-control: no-cache
content-length: 88

10:45:46.619 [AsyncHttpClient-1-7] DEBUG org.asynchttpclient.netty.channel.ChannelManager - Adding key: http://localhost:50910 for channel [id: 0xd9dc330b, L:/127.0.0.1:57622 - R:localhost/127.0.0.1:50910]
10:45:46.620 [Forwarding clickElement on session 5d1d90e1038e44952914207334a563a4 to remote] DEBUG org.asynchttpclient.netty.request.NettyRequestSender - Using pooled Channel '[id: 0xd9dc330b, L:/127.0.0.1:57622 - R:localhost/127.0.0.1:50910]' for 'POST' to 'http://localhost:50910/session/5d1d90e1038e44952914207334a563a4/element/4aed3cd4-b79a-4cbc-b8b8-62de61c50b6f/click'
10:45:46.620 [Forwarding clickElement on session 5d1d90e1038e44952914207334a563a4 to remote] DEBUG org.asynchttpclient.netty.request.NettyRequestSender - Using open Channel [id: 0xd9dc330b, L:/127.0.0.1:57622 - R:localhost/127.0.0.1:50910] for POST '/session/5d1d90e1038e44952914207334a563a4/element/4aed3cd4-b79a-4cbc-b8b8-62de61c50b6f/click'
10:45:46.828 [AsyncHttpClient-1-7] DEBUG org.asynchttpclient.netty.handler.HttpHandler - 

Request DefaultHttpRequest(decodeResult: success, version: HTTP/1.1)
POST /session/5d1d90e1038e44952914207334a563a4/element/4aed3cd4-b79a-4cbc-b8b8-62de61c50b6f/click HTTP/1.1
User-Agent: selenium/4.1.2 (java windows)
Content-Length: 50
Content-Type: application/json; charset=utf-8
host: localhost:50910
accept: */*

Response DefaultHttpResponse(decodeResult: success, version: HTTP/1.1)
HTTP/1.1 200 OK
Content-Type: application/json; charset=utf-8
cache-control: no-cache
content-length: 14

10:45:46.828 [AsyncHttpClient-1-7] DEBUG org.asynchttpclient.netty.channel.ChannelManager - Adding key: http://localhost:50910 for channel [id: 0xd9dc330b, L:/127.0.0.1:57622 - R:localhost/127.0.0.1:50910]
10:45:46.844 [Forwarding screenshot on session 5d1d90e1038e44952914207334a563a4 to remote] DEBUG org.asynchttpclient.netty.request.NettyRequestSender - Using pooled Channel '[id: 0xd9dc330b, L:/127.0.0.1:57622 - R:localhost/127.0.0.1:50910]' for 'GET' to 'http://localhost:50910/session/5d1d90e1038e44952914207334a563a4/screenshot'
10:45:46.844 [Forwarding screenshot on session 5d1d90e1038e44952914207334a563a4 to remote] DEBUG org.asynchttpclient.netty.request.NettyRequestSender - Using open Channel [id: 0xd9dc330b, L:/127.0.0.1:57622 - R:localhost/127.0.0.1:50910] for GET '/session/5d1d90e1038e44952914207334a563a4/screenshot'
10:45:46.990 [AsyncHttpClient-1-7] DEBUG org.asynchttpclient.netty.handler.HttpHandler - 

Request DefaultFullHttpRequest(decodeResult: success, version: HTTP/1.1, content: EmptyByteBufBE)
GET /session/5d1d90e1038e44952914207334a563a4/screenshot HTTP/1.1
User-Agent: selenium/4.1.2 (java windows)
Cache-Control: no-cache
Content-Type: application/json; charset=utf-8
host: localhost:50910
accept: */*

Response DefaultHttpResponse(decodeResult: success, version: HTTP/1.1)
HTTP/1.1 200 OK
Content-Type: application/json; charset=utf-8
cache-control: no-cache
content-length: 109172

10:45:46.991 [AsyncHttpClient-1-7] DEBUG org.asynchttpclient.netty.channel.ChannelManager - Adding key: http://localhost:50910 for channel [id: 0xd9dc330b, L:/127.0.0.1:57622 - R:localhost/127.0.0.1:50910]
10:45:46.998 [main] DEBUG net.serenitybdd.core.photography.Darkroom - Send negative for processing for target\site\serenity\0c8501a8e5cc2a0adb4fcd6a430a8892ed398d8976529b59eb1967268c99aa83.png
10:45:46.998 [main] DEBUG net.thucydides.core.steps.StepInterceptor - STEP DONE: clickEditPatientButton
10:45:46.998 [Darkroom Processing Line] DEBUG net.serenitybdd.core.photography.DarkroomProcessingLine - Processing screenshot image in /var/screenshots/screenshot-17957898171333527641
10:45:46.999 [Darkroom Processing Line] DEBUG net.serenitybdd.core.photography.DarkroomProcessingLine - Saving screenshot to target\site\serenity\0c8501a8e5cc2a0adb4fcd6a430a8892ed398d8976529b59eb1967268c99aa83.png
  &amp#27;[32mWhen &amp#27;[0m&amp#27;[32mI click Edit Patient button&amp#27;[0m          &amp#27;[90m# starter.stepdefinitions.PatientSteps.iClickEditPatientButton()&amp#27;[0m
10:45:47.020 [main] DEBUG net.thucydides.core.steps.StepInterceptor - STARTING STEP: PatientSteps.iClickXButton - clickXButton
10:45:47.025 [Forwarding findElement on session 5d1d90e1038e44952914207334a563a4 to remote] DEBUG org.asynchttpclient.netty.request.NettyRequestSender - Using pooled Channel '[id: 0xd9dc330b, L:/127.0.0.1:57622 - R:localhost/127.0.0.1:50910]' for 'POST' to 'http://localhost:50910/session/5d1d90e1038e44952914207334a563a4/element'
10:45:47.026 [Forwarding findElement on session 5d1d90e1038e44952914207334a563a4 to remote] DEBUG org.asynchttpclient.netty.request.NettyRequestSender - Using open Channel [id: 0xd9dc330b, L:/127.0.0.1:57622 - R:localhost/127.0.0.1:50910] for POST '/session/5d1d90e1038e44952914207334a563a4/element'
10:45:47.045 [AsyncHttpClient-1-7] DEBUG org.asynchttpclient.netty.handler.HttpHandler - 

Request DefaultHttpRequest(decodeResult: success, version: HTTP/1.1)
POST /session/5d1d90e1038e44952914207334a563a4/element HTTP/1.1
User-Agent: selenium/4.1.2 (java windows)
Content-Length: 104
Content-Type: application/json; charset=utf-8
host: localhost:50910
accept: */*

Response DefaultHttpResponse(decodeResult: success, version: HTTP/1.1)
HTTP/1.1 200 OK
Content-Type: application/json; charset=utf-8
cache-control: no-cache
content-length: 88

10:45:47.045 [AsyncHttpClient-1-7] DEBUG org.asynchttpclient.netty.channel.ChannelManager - Adding key: http://localhost:50910 for channel [id: 0xd9dc330b, L:/127.0.0.1:57622 - R:localhost/127.0.0.1:50910]
10:45:47.047 [Forwarding getElementTagName on session 5d1d90e1038e44952914207334a563a4 to remote] DEBUG org.asynchttpclient.netty.request.NettyRequestSender - Using pooled Channel '[id: 0xd9dc330b, L:/127.0.0.1:57622 - R:localhost/127.0.0.1:50910]' for 'GET' to 'http://localhost:50910/session/5d1d90e1038e44952914207334a563a4/element/41748c03-c9b3-4d3a-8b1b-ece21276fee4/name'
10:45:47.047 [Forwarding getElementTagName on session 5d1d90e1038e44952914207334a563a4 to remote] DEBUG org.asynchttpclient.netty.request.NettyRequestSender - Using open Channel [id: 0xd9dc330b, L:/127.0.0.1:57622 - R:localhost/127.0.0.1:50910] for GET '/session/5d1d90e1038e44952914207334a563a4/element/41748c03-c9b3-4d3a-8b1b-ece21276fee4/name'
10:45:47.052 [AsyncHttpClient-1-7] DEBUG org.asynchttpclient.netty.handler.HttpHandler - 

Request DefaultFullHttpRequest(decodeResult: success, version: HTTP/1.1, content: EmptyByteBufBE)
GET /session/5d1d90e1038e44952914207334a563a4/element/41748c03-c9b3-4d3a-8b1b-ece21276fee4/name HTTP/1.1
User-Agent: selenium/4.1.2 (java windows)
Cache-Control: no-cache
Content-Type: application/json; charset=utf-8
host: localhost:50910
accept: */*

Response DefaultHttpResponse(decodeResult: success, version: HTTP/1.1)
HTTP/1.1 200 OK
Content-Type: application/json; charset=utf-8
cache-control: no-cache
content-length: 18

10:45:47.053 [AsyncHttpClient-1-7] DEBUG org.asynchttpclient.netty.channel.ChannelManager - Adding key: http://localhost:50910 for channel [id: 0xd9dc330b, L:/127.0.0.1:57622 - R:localhost/127.0.0.1:50910]
10:45:47.054 [Forwarding getElementTagName on session 5d1d90e1038e44952914207334a563a4 to remote] DEBUG org.asynchttpclient.netty.request.NettyRequestSender - Using pooled Channel '[id: 0xd9dc330b, L:/127.0.0.1:57622 - R:localhost/127.0.0.1:50910]' for 'GET' to 'http://localhost:50910/session/5d1d90e1038e44952914207334a563a4/element/41748c03-c9b3-4d3a-8b1b-ece21276fee4/name'
10:45:47.054 [Forwarding getElementTagName on session 5d1d90e1038e44952914207334a563a4 to remote] DEBUG org.asynchttpclient.netty.request.NettyRequestSender - Using open Channel [id: 0xd9dc330b, L:/127.0.0.1:57622 - R:localhost/127.0.0.1:50910] for GET '/session/5d1d90e1038e44952914207334a563a4/element/41748c03-c9b3-4d3a-8b1b-ece21276fee4/name'
10:45:47.060 [AsyncHttpClient-1-7] DEBUG org.asynchttpclient.netty.handler.HttpHandler - 

Request DefaultFullHttpRequest(decodeResult: success, version: HTTP/1.1, content: EmptyByteBufBE)
GET /session/5d1d90e1038e44952914207334a563a4/element/41748c03-c9b3-4d3a-8b1b-ece21276fee4/name HTTP/1.1
User-Agent: selenium/4.1.2 (java windows)
Cache-Control: no-cache
Content-Type: application/json; charset=utf-8
host: localhost:50910
accept: */*

Response DefaultHttpResponse(decodeResult: success, version: HTTP/1.1)
HTTP/1.1 200 OK
Content-Type: application/json; charset=utf-8
cache-control: no-cache
content-length: 18

10:45:47.061 [AsyncHttpClient-1-7] DEBUG org.asynchttpclient.netty.channel.ChannelManager - Adding key: http://localhost:50910 for channel [id: 0xd9dc330b, L:/127.0.0.1:57622 - R:localhost/127.0.0.1:50910]
10:45:47.063 [Forwarding isElementEnabled on session 5d1d90e1038e44952914207334a563a4 to remote] DEBUG org.asynchttpclient.netty.request.NettyRequestSender - Using pooled Channel '[id: 0xd9dc330b, L:/127.0.0.1:57622 - R:localhost/127.0.0.1:50910]' for 'GET' to 'http://localhost:50910/session/5d1d90e1038e44952914207334a563a4/element/41748c03-c9b3-4d3a-8b1b-ece21276fee4/enabled'
10:45:47.064 [Forwarding isElementEnabled on session 5d1d90e1038e44952914207334a563a4 to remote] DEBUG org.asynchttpclient.netty.request.NettyRequestSender - Using open Channel [id: 0xd9dc330b, L:/127.0.0.1:57622 - R:localhost/127.0.0.1:50910] for GET '/session/5d1d90e1038e44952914207334a563a4/element/41748c03-c9b3-4d3a-8b1b-ece21276fee4/enabled'
10:45:47.075 [AsyncHttpClient-1-7] DEBUG org.asynchttpclient.netty.handler.HttpHandler - 

Request DefaultFullHttpRequest(decodeResult: success, version: HTTP/1.1, content: EmptyByteBufBE)
GET /session/5d1d90e1038e44952914207334a563a4/element/41748c03-c9b3-4d3a-8b1b-ece21276fee4/enabled HTTP/1.1
User-Agent: selenium/4.1.2 (java windows)
Cache-Control: no-cache
Content-Type: application/json; charset=utf-8
host: localhost:50910
accept: */*

Response DefaultHttpResponse(decodeResult: success, version: HTTP/1.1)
HTTP/1.1 200 OK
Content-Type: application/json; charset=utf-8
cache-control: no-cache
content-length: 14

10:45:47.076 [AsyncHttpClient-1-7] DEBUG org.asynchttpclient.netty.channel.ChannelManager - Adding key: http://localhost:50910 for channel [id: 0xd9dc330b, L:/127.0.0.1:57622 - R:localhost/127.0.0.1:50910]
10:45:47.077 [Forwarding isElementEnabled on session 5d1d90e1038e44952914207334a563a4 to remote] DEBUG org.asynchttpclient.netty.request.NettyRequestSender - Using pooled Channel '[id: 0xd9dc330b, L:/127.0.0.1:57622 - R:localhost/127.0.0.1:50910]' for 'GET' to 'http://localhost:50910/session/5d1d90e1038e44952914207334a563a4/element/41748c03-c9b3-4d3a-8b1b-ece21276fee4/enabled'
10:45:47.077 [Forwarding isElementEnabled on session 5d1d90e1038e44952914207334a563a4 to remote] DEBUG org.asynchttpclient.netty.request.NettyRequestSender - Using open Channel [id: 0xd9dc330b, L:/127.0.0.1:57622 - R:localhost/127.0.0.1:50910] for GET '/session/5d1d90e1038e44952914207334a563a4/element/41748c03-c9b3-4d3a-8b1b-ece21276fee4/enabled'
10:45:47.089 [AsyncHttpClient-1-7] DEBUG org.asynchttpclient.netty.handler.HttpHandler - 

Request DefaultFullHttpRequest(decodeResult: success, version: HTTP/1.1, content: EmptyByteBufBE)
GET /session/5d1d90e1038e44952914207334a563a4/element/41748c03-c9b3-4d3a-8b1b-ece21276fee4/enabled HTTP/1.1
User-Agent: selenium/4.1.2 (java windows)
Cache-Control: no-cache
Content-Type: application/json; charset=utf-8
host: localhost:50910
accept: */*

Response DefaultHttpResponse(decodeResult: success, version: HTTP/1.1)
HTTP/1.1 200 OK
Content-Type: application/json; charset=utf-8
cache-control: no-cache
content-length: 14

10:45:47.090 [AsyncHttpClient-1-7] DEBUG org.asynchttpclient.netty.channel.ChannelManager - Adding key: http://localhost:50910 for channel [id: 0xd9dc330b, L:/127.0.0.1:57622 - R:localhost/127.0.0.1:50910]
10:45:47.092 [Forwarding findElement on session 5d1d90e1038e44952914207334a563a4 to remote] DEBUG org.asynchttpclient.netty.request.NettyRequestSender - Using pooled Channel '[id: 0xd9dc330b, L:/127.0.0.1:57622 - R:localhost/127.0.0.1:50910]' for 'POST' to 'http://localhost:50910/session/5d1d90e1038e44952914207334a563a4/element'
10:45:47.092 [Forwarding findElement on session 5d1d90e1038e44952914207334a563a4 to remote] DEBUG org.asynchttpclient.netty.request.NettyRequestSender - Using open Channel [id: 0xd9dc330b, L:/127.0.0.1:57622 - R:localhost/127.0.0.1:50910] for POST '/session/5d1d90e1038e44952914207334a563a4/element'
10:45:47.105 [AsyncHttpClient-1-7] DEBUG org.asynchttpclient.netty.handler.HttpHandler - 

Request DefaultHttpRequest(decodeResult: success, version: HTTP/1.1)
POST /session/5d1d90e1038e44952914207334a563a4/element HTTP/1.1
User-Agent: selenium/4.1.2 (java windows)
Content-Length: 104
Content-Type: application/json; charset=utf-8
host: localhost:50910
accept: */*

Response DefaultHttpResponse(decodeResult: success, version: HTTP/1.1)
HTTP/1.1 200 OK
Content-Type: application/json; charset=utf-8
cache-control: no-cache
content-length: 88

10:45:47.105 [AsyncHttpClient-1-7] DEBUG org.asynchttpclient.netty.channel.ChannelManager - Adding key: http://localhost:50910 for channel [id: 0xd9dc330b, L:/127.0.0.1:57622 - R:localhost/127.0.0.1:50910]
10:45:47.107 [Forwarding clickElement on session 5d1d90e1038e44952914207334a563a4 to remote] DEBUG org.asynchttpclient.netty.request.NettyRequestSender - Using pooled Channel '[id: 0xd9dc330b, L:/127.0.0.1:57622 - R:localhost/127.0.0.1:50910]' for 'POST' to 'http://localhost:50910/session/5d1d90e1038e44952914207334a563a4/element/41748c03-c9b3-4d3a-8b1b-ece21276fee4/click'
10:45:47.107 [Forwarding clickElement on session 5d1d90e1038e44952914207334a563a4 to remote] DEBUG org.asynchttpclient.netty.request.NettyRequestSender - Using open Channel [id: 0xd9dc330b, L:/127.0.0.1:57622 - R:localhost/127.0.0.1:50910] for POST '/session/5d1d90e1038e44952914207334a563a4/element/41748c03-c9b3-4d3a-8b1b-ece21276fee4/click'
10:45:47.181 [AsyncHttpClient-1-7] DEBUG org.asynchttpclient.netty.handler.HttpHandler - 

Request DefaultHttpRequest(decodeResult: success, version: HTTP/1.1)
POST /session/5d1d90e1038e44952914207334a563a4/element/41748c03-c9b3-4d3a-8b1b-ece21276fee4/click HTTP/1.1
User-Agent: selenium/4.1.2 (java windows)
Content-Length: 50
Content-Type: application/json; charset=utf-8
host: localhost:50910
accept: */*

Response DefaultHttpResponse(decodeResult: success, version: HTTP/1.1)
HTTP/1.1 200 OK
Content-Type: application/json; charset=utf-8
cache-control: no-cache
content-length: 14

10:45:47.182 [AsyncHttpClient-1-7] DEBUG org.asynchttpclient.netty.channel.ChannelManager - Adding key: http://localhost:50910 for channel [id: 0xd9dc330b, L:/127.0.0.1:57622 - R:localhost/127.0.0.1:50910]
10:45:47.192 [Forwarding screenshot on session 5d1d90e1038e44952914207334a563a4 to remote] DEBUG org.asynchttpclient.netty.request.NettyRequestSender - Using pooled Channel '[id: 0xd9dc330b, L:/127.0.0.1:57622 - R:localhost/127.0.0.1:50910]' for 'GET' to 'http://localhost:50910/session/5d1d90e1038e44952914207334a563a4/screenshot'
10:45:47.192 [Forwarding screenshot on session 5d1d90e1038e44952914207334a563a4 to remote] DEBUG org.asynchttpclient.netty.request.NettyRequestSender - Using open Channel [id: 0xd9dc330b, L:/127.0.0.1:57622 - R:localhost/127.0.0.1:50910] for GET '/session/5d1d90e1038e44952914207334a563a4/screenshot'
10:45:47.306 [AsyncHttpClient-1-7] DEBUG org.asynchttpclient.netty.handler.HttpHandler - 

Request DefaultFullHttpRequest(decodeResult: success, version: HTTP/1.1, content: EmptyByteBufBE)
GET /session/5d1d90e1038e44952914207334a563a4/screenshot HTTP/1.1
User-Agent: selenium/4.1.2 (java windows)
Cache-Control: no-cache
Content-Type: application/json; charset=utf-8
host: localhost:50910
accept: */*

Response DefaultHttpResponse(decodeResult: success, version: HTTP/1.1)
HTTP/1.1 200 OK
Content-Type: application/json; charset=utf-8
cache-control: no-cache
content-length: 83816

10:45:47.306 [AsyncHttpClient-1-7] DEBUG org.asynchttpclient.netty.channel.ChannelManager - Adding key: http://localhost:50910 for channel [id: 0xd9dc330b, L:/127.0.0.1:57622 - R:localhost/127.0.0.1:50910]
10:45:47.310 [main] DEBUG net.serenitybdd.core.photography.Darkroom - Send negative for processing for target\site\serenity\76ccb3e737aa19b0f1603267f6918ebc175b27605f44e412d3c99bafb65d9023.png
10:45:47.310 [main] DEBUG net.thucydides.core.steps.StepInterceptor - STEP DONE: clickXButton
  &amp#27;[32mThen &amp#27;[0m&amp#27;[32mI click x button&amp#27;[0m                     &amp#27;[90m# starter.stepdefinitions.PatientSteps.iClickXButton()&amp#27;[0m
10:45:47.310 [Darkroom Processing Line] DEBUG net.serenitybdd.core.photography.DarkroomProcessingLine - Processing screenshot image in /var/screenshots/screenshot-1488912226792621557
10:45:47.311 [Darkroom Processing Line] DEBUG net.serenitybdd.core.photography.DarkroomProcessingLine - Saving screenshot to target\site\serenity\76ccb3e737aa19b0f1603267f6918ebc175b27605f44e412d3c99bafb65d9023.png
10:45:47.317 [main] INFO  - 
  _____   ___   ___   _____     ___     _     ___   ___   ___   ___  
 |_   _| | __| / __| |_   _|   | _ \   /_\   / __| / __| | __| |   \ 
   | |   | _|  \__ \   | |     |  _/  / _ \  \__ \ \__ \ | _|  | |) |
   |_|   |___| |___/   |_|     |_|   /_/ \_\ |___/ |___/ |___| |___/ 

Cancel Edit Patient Data Scenario
----------------------------------------------------------------------
10:45:47.319 [AsyncHttpClient-1-9] DEBUG org.asynchttpclient.netty.handler.WebSocketHandler - Channel Closed: [id: 0xa8bd9203, L:/127.0.0.1:57629 ! R:localhost/127.0.0.1:57623] with attribute NettyResponseFuture{currentRetry=5,
	isDone=1,
	isCancelled=0,
	asyncHandler=org.asynchttpclient.ws.WebSocketUpgradeHandler@5b2ccbf2,
	nettyRequest=org.asynchttpclient.netty.request.NettyRequest@4395bd9,
	future=java.util.concurrent.CompletableFuture@455553cd[Completed normally],
	uri=ws://localhost:57623/devtools/browser/f9aa5067-6ab1-4820-adbe-f11094a2393e,
	keepAlive=true,
	redirectCount=0,
	timeoutsHolder=null,
	inAuth=0,
	touch=1655783141761}
10:45:47.319 [AsyncHttpClient-1-9] DEBUG org.asynchttpclient.netty.channel.ChannelManager - Closing Channel [id: 0xa8bd9203, L:/127.0.0.1:57629 ! R:localhost/127.0.0.1:57623] 
10:45:47.320 [Driver Command Executor] DEBUG org.asynchttpclient.netty.request.NettyRequestSender - Using pooled Channel '[id: 0xd9dc330b, L:/127.0.0.1:57622 - R:localhost/127.0.0.1:50910]' for 'DELETE' to 'http://localhost:50910/session/5d1d90e1038e44952914207334a563a4'
10:45:47.320 [Driver Command Executor] DEBUG org.asynchttpclient.netty.request.NettyRequestSender - Using open Channel [id: 0xd9dc330b, L:/127.0.0.1:57622 - R:localhost/127.0.0.1:50910] for DELETE '/session/5d1d90e1038e44952914207334a563a4'
10:45:47.348 [AsyncHttpClient-1-8] DEBUG org.asynchttpclient.netty.handler.HttpHandler - Unexpected I/O exception on channel [id: 0x04ecd5ce, L:/127.0.0.1:57628 - R:localhost/127.0.0.1:57623]
java.net.SocketException: Connection reset
	at java.base/sun.nio.ch.SocketChannelImpl.throwConnectionReset(SocketChannelImpl.java:367)
	at java.base/sun.nio.ch.SocketChannelImpl.read(SocketChannelImpl.java:398)
	at io.netty.buffer.PooledByteBuf.setBytes(PooledByteBuf.java:258)
	at io.netty.buffer.AbstractByteBuf.writeBytes(AbstractByteBuf.java:1132)
	at io.netty.channel.socket.nio.NioSocketChannel.doReadBytes(NioSocketChannel.java:350)
	at io.netty.channel.nio.AbstractNioByteChannel$NioByteUnsafe.read(AbstractNioByteChannel.java:151)
	at io.netty.channel.nio.NioEventLoop.processSelectedKey(NioEventLoop.java:722)
	at io.netty.channel.nio.NioEventLoop.processSelectedKeysOptimized(NioEventLoop.java:658)
	at io.netty.channel.nio.NioEventLoop.processSelectedKeys(NioEventLoop.java:584)
	at io.netty.channel.nio.NioEventLoop.run(NioEventLoop.java:496)
	at io.netty.util.concurrent.SingleThreadEventExecutor$4.run(SingleThreadEventExecutor.java:986)
	at io.netty.util.internal.ThreadExecutorMap$2.run(ThreadExecutorMap.java:74)
	at io.netty.util.concurrent.FastThreadLocalRunnable.run(FastThreadLocalRunnable.java:30)
	at java.base/java.lang.Thread.run(Thread.java:832)
10:45:47.348 [AsyncHttpClient-1-8] DEBUG org.asynchttpclient.netty.channel.ChannelManager - Closing Channel [id: 0x04ecd5ce, L:/127.0.0.1:57628 - R:localhost/127.0.0.1:57623] 
10:45:47.348 [AsyncHttpClient-1-8] DEBUG org.asynchttpclient.netty.handler.HttpHandler - Channel Closed: [id: 0x04ecd5ce, L:/127.0.0.1:57628 ! R:localhost/127.0.0.1:57623] with attribute DISCARD
10:45:47.370 [AsyncHttpClient-1-7] DEBUG org.asynchttpclient.netty.handler.HttpHandler - 

Request DefaultFullHttpRequest(decodeResult: success, version: HTTP/1.1, content: EmptyByteBufBE)
DELETE /session/5d1d90e1038e44952914207334a563a4 HTTP/1.1
User-Agent: selenium/4.1.2 (java windows)
Content-Type: application/json; charset=utf-8
host: localhost:50910
accept: */*

Response DefaultHttpResponse(decodeResult: success, version: HTTP/1.1)
HTTP/1.1 200 OK
Content-Type: application/json; charset=utf-8
cache-control: no-cache
content-length: 14

10:45:47.370 [AsyncHttpClient-1-7] DEBUG org.asynchttpclient.netty.channel.ChannelManager - Adding key: http://localhost:50910 for channel [id: 0xd9dc330b, L:/127.0.0.1:57622 - R:localhost/127.0.0.1:50910]
10:45:47.465 [AsyncHttpClient-1-1] DEBUG org.asynchttpclient.netty.channel.DefaultChannelPool - Entry count for : http://localhost:50910 : 1
10:45:47.465 [AsyncHttpClient-1-1] DEBUG org.asynchttpclient.netty.channel.DefaultChannelPool - Entry count for : http://localhost:57623 : 1
10:45:47.465 [AsyncHttpClient-1-1] DEBUG org.asynchttpclient.netty.channel.DefaultChannelPool - Adding Candidate expired Channel [id: 0x04ecd5ce, L:/127.0.0.1:57628 ! R:localhost/127.0.0.1:57623] isIdleTimeoutExpired=false isRemotelyClosed=true isTtlExpired=false
10:45:47.465 [AsyncHttpClient-1-1] DEBUG org.asynchttpclient.netty.channel.DefaultChannelPool - Closing Idle Channel [id: 0x04ecd5ce, L:/127.0.0.1:57628 ! R:localhost/127.0.0.1:57623]
10:45:47.465 [AsyncHttpClient-1-1] DEBUG org.asynchttpclient.netty.channel.DefaultChannelPool - Closed 1 connections out of 2 in 0 ms
10:45:47.515 [AsyncHttpClient-1-7] DEBUG org.asynchttpclient.netty.handler.HttpHandler - Channel Closed: [id: 0xd9dc330b, L:/127.0.0.1:57622 ! R:localhost/127.0.0.1:50910] with attribute DISCARD
]]></system-out>
    <system-err><![CDATA[Starting ChromeDriver 102.0.5005.61 (0e59bcc00cc4985ce39ad31c150065f159d95ad3-refs/branch-heads/5005@{#819}) on port 50910
Only local connections are allowed.
Please see https://chromedriver.chromium.org/security-considerations for suggestions on keeping ChromeDriver safe.
ChromeDriver was started successfully.
Jun 21, 2022 10:45:41 AM org.openqa.selenium.remote.ProtocolHandshake createSession
INFO: Detected dialect: W3C
Jun 21, 2022 10:45:41 AM org.openqa.selenium.devtools.CdpVersionFinder findNearestMatch
WARNING: Unable to find an exact match for CDP version 102, so returning the closest version found: a no-op implementation
Jun 21, 2022 10:45:41 AM org.openqa.selenium.devtools.CdpVersionFinder findNearestMatch
INFO: Unable to find CDP implementation matching 102.
Jun 21, 2022 10:45:41 AM org.openqa.selenium.chromium.ChromiumDriver lambda$new$3
WARNING: Unable to find version of CDP to use for . You may need to include a dependency on a specific version of the CDP using something similar to `org.seleniumhq.selenium:selenium-devtools-v86:4.1.2` where the version ("v86") matches the version of the chromium-based browser you're using and the version number of the artifact is the same as Selenium's.
]]></system-err>
  </testcase>
  <testcase name="Cancel Delete Patient Data Scenario" classname="Patient" time="9.505">
    <system-out><![CDATA[
@Patient @CancelDeletePatient
Scenario: Cancel Delete Patient Data Scenario &amp#27;[90m# src/test/resources/features/2.Patient.feature:39&amp#27;[0m
10:45:48.040 [main] INFO io.cucumber.core.plugin.SerenityReporter - Running feature from file:///E:/My%20Documents/File%20Difa/TI%20Semester%206%20Kampus%20Merdeka%20Alterra/Tugas/CAPSTONE%20Project/Capstone-Project-Website/src/test/resources/features/2.Patient.feature
10:45:48.042 [main] INFO  - 
  _____   ___   ___   _____     ___   _____     _     ___   _____   ___   ___  
 |_   _| | __| / __| |_   _|   / __| |_   _|   /_\   | _ \ |_   _| | __| |   \ 
   | |   | _|  \__ \   | |     \__ \   | |    / _ \  |   /   | |   | _|  | |) |
   |_|   |___| |___/   |_|     |___/   |_|   /_/ \_\ |_|_\   |_|   |___| |___/ 

Cancel Delete Patient Data Scenario(patient;cancel-delete-patient-data-scenario)
--------------------------------------------------------------------------------
10:45:48.059 [main] DEBUG net.thucydides.core.steps.StepInterceptor - STARTING STEP: PatientSteps.iAmAtTheDashboardPage - openUrl
10:45:48.060 [main] INFO net.serenitybdd.core.webdriver.driverproviders.ChromeDriverProvider - Using automatically driver download
10:45:48.326 [main] DEBUG io.github.bonigarcia.wdm.cache.ResolutionCache - Resolution chrome=102 in cache (valid until 11:37:46 21/06/2022 ICT)
10:45:48.394 [main] DEBUG io.github.bonigarcia.wdm.cache.ResolutionCache - Resolution chrome102=102.0.5005.61 in cache (valid until 09:22:16 22/06/2022 ICT)
10:45:48.411 [main] INFO io.github.bonigarcia.wdm.WebDriverManager - Using chromedriver 102.0.5005.61 (resolved driver for Chrome 102)
10:45:48.484 [main] DEBUG io.github.bonigarcia.wdm.WebDriverManager - Driver chromedriver 102.0.5005.61 found in cache
10:45:48.485 [main] INFO io.github.bonigarcia.wdm.WebDriverManager - Exporting webdriver.chrome.driver as C:\Users\USER\.cache\selenium\chromedriver\win32\102.0.5005.61\chromedriver.exe
10:45:48.564 [AsyncHttpClient-1-1] DEBUG org.asynchttpclient.netty.channel.DefaultChannelPool - Entry count for : http://localhost:50910 : 1
10:45:48.564 [AsyncHttpClient-1-1] DEBUG org.asynchttpclient.netty.channel.DefaultChannelPool - Adding Candidate expired Channel [id: 0xd9dc330b, L:/127.0.0.1:57622 ! R:localhost/127.0.0.1:50910] isIdleTimeoutExpired=false isRemotelyClosed=true isTtlExpired=false
10:45:48.564 [AsyncHttpClient-1-1] DEBUG org.asynchttpclient.netty.channel.DefaultChannelPool - Closing Idle Channel [id: 0xd9dc330b, L:/127.0.0.1:57622 ! R:localhost/127.0.0.1:50910]
10:45:48.564 [AsyncHttpClient-1-1] DEBUG org.asynchttpclient.netty.channel.DefaultChannelPool - Closed 1 connections out of 1 in 0 ms
10:45:48.820 [main] DEBUG net.serenitybdd.core.webdriver.driverproviders.ProvideNewDriver - Instantiating driver
10:45:48.820 [main] DEBUG net.serenitybdd.core.webdriver.driverproviders.ProvideNewDriver - Driver capabilities: Capabilities {acceptInsecureCerts: false, base.url: https://hospital-management..., browserName: chrome, chrome.driver: src/test/resources/webdrive..., driver: chrome, goog:chromeOptions: {args: [], extensions: []}}
10:45:49.345 [AsyncHttpClient-1-2] DEBUG org.asynchttpclient.netty.channel.NettyConnectListener - Using new Channel '[id: 0x75275e1f, L:/127.0.0.1:57643 - R:localhost/127.0.0.1:60710]' for 'POST' to '/session'
10:45:50.847 [AsyncHttpClient-1-2] DEBUG org.asynchttpclient.netty.handler.HttpHandler - 

Request DefaultHttpRequest(decodeResult: success, version: HTTP/1.1)
POST /session HTTP/1.1
User-Agent: selenium/4.1.2 (java windows)
Content-Length: 621
Content-Type: application/json; charset=utf-8
host: localhost:60710
accept: */*

Response DefaultHttpResponse(decodeResult: success, version: HTTP/1.1)
HTTP/1.1 200 OK
Content-Type: application/json; charset=utf-8
cache-control: no-cache
content-length: 788

10:45:50.847 [AsyncHttpClient-1-2] DEBUG org.asynchttpclient.netty.channel.ChannelManager - Adding key: http://localhost:60710 for channel [id: 0x75275e1f, L:/127.0.0.1:57643 - R:localhost/127.0.0.1:60710]
10:45:50.860 [AsyncHttpClient-1-3] DEBUG org.asynchttpclient.netty.channel.NettyConnectListener - Using new Channel '[id: 0xbc99741f, L:/127.0.0.1:57650 - R:localhost/127.0.0.1:57644]' for 'GET' to '/json/version'
10:45:50.860 [AsyncHttpClient-1-3] DEBUG org.asynchttpclient.netty.handler.HttpHandler - 

Request DefaultFullHttpRequest(decodeResult: success, version: HTTP/1.1, content: EmptyByteBufBE)
GET /json/version HTTP/1.1
User-Agent: selenium/4.1.2 (java windows)
host: localhost:57644
accept: */*

Response DefaultHttpResponse(decodeResult: success, version: HTTP/1.1)
HTTP/1.1 200 OK
Content-Type: application/json; charset=UTF-8
content-length: 427

10:45:50.861 [AsyncHttpClient-1-3] DEBUG org.asynchttpclient.netty.channel.ChannelManager - Adding key: http://localhost:57644 for channel [id: 0xbc99741f, L:/127.0.0.1:57650 - R:localhost/127.0.0.1:57644]
10:45:50.863 [AsyncHttpClient-1-4] DEBUG org.asynchttpclient.netty.channel.NettyConnectListener - Using new Channel '[id: 0x0f51531c, L:/127.0.0.1:57651 - R:localhost/127.0.0.1:57644]' for 'GET' to '/devtools/browser/9f3488e5-564a-4ef1-9ace-de0eaf85a8d6'
10:45:50.864 [AsyncHttpClient-1-4] DEBUG org.asynchttpclient.netty.handler.WebSocketHandler - 

Request DefaultFullHttpRequest(decodeResult: success, version: HTTP/1.1, content: EmptyByteBufBE)
GET /devtools/browser/9f3488e5-564a-4ef1-9ace-de0eaf85a8d6 HTTP/1.1
upgrade: websocket
connection: upgrade
sec-websocket-key: myPw9AlfxgYJHldONv08cQ==
sec-websocket-version: 13
origin: http://localhost:57644
host: localhost:57644
accept: */*
user-agent: AHC/2.1

Response DefaultHttpResponse(decodeResult: success, version: HTTP/1.1)
HTTP/1.1 101 WebSocket Protocol Handshake
Upgrade: WebSocket
Connection: Upgrade
Sec-WebSocket-Accept: 35FFYv3iCMFkbikenKRC+yWEjFk=

10:45:50.868 [Forwarding maximizeCurrentWindow on session 33d715fa91ea4e6190c5c2b10884ae89 to remote] DEBUG org.asynchttpclient.netty.request.NettyRequestSender - Using pooled Channel '[id: 0x75275e1f, L:/127.0.0.1:57643 - R:localhost/127.0.0.1:60710]' for 'POST' to 'http://localhost:60710/session/33d715fa91ea4e6190c5c2b10884ae89/window/maximize'
10:45:50.868 [Forwarding maximizeCurrentWindow on session 33d715fa91ea4e6190c5c2b10884ae89 to remote] DEBUG org.asynchttpclient.netty.request.NettyRequestSender - Using open Channel [id: 0x75275e1f, L:/127.0.0.1:57643 - R:localhost/127.0.0.1:60710] for POST '/session/33d715fa91ea4e6190c5c2b10884ae89/window/maximize'
10:45:50.989 [AsyncHttpClient-1-2] DEBUG org.asynchttpclient.netty.handler.HttpHandler - 

Request DefaultHttpRequest(decodeResult: success, version: HTTP/1.1)
POST /session/33d715fa91ea4e6190c5c2b10884ae89/window/maximize HTTP/1.1
User-Agent: selenium/4.1.2 (java windows)
Content-Length: 3
Content-Type: application/json; charset=utf-8
host: localhost:60710
accept: */*

Response DefaultHttpResponse(decodeResult: success, version: HTTP/1.1)
HTTP/1.1 200 OK
Content-Type: application/json; charset=utf-8
cache-control: no-cache
content-length: 51

10:45:50.989 [AsyncHttpClient-1-2] DEBUG org.asynchttpclient.netty.channel.ChannelManager - Adding key: http://localhost:60710 for channel [id: 0x75275e1f, L:/127.0.0.1:57643 - R:localhost/127.0.0.1:60710]
10:45:50.992 [Forwarding get on session 33d715fa91ea4e6190c5c2b10884ae89 to remote] DEBUG org.asynchttpclient.netty.request.NettyRequestSender - Using pooled Channel '[id: 0x75275e1f, L:/127.0.0.1:57643 - R:localhost/127.0.0.1:60710]' for 'POST' to 'http://localhost:60710/session/33d715fa91ea4e6190c5c2b10884ae89/url'
10:45:51.011 [Forwarding get on session 33d715fa91ea4e6190c5c2b10884ae89 to remote] DEBUG org.asynchttpclient.netty.request.NettyRequestSender - Using open Channel [id: 0x75275e1f, L:/127.0.0.1:57643 - R:localhost/127.0.0.1:60710] for POST '/session/33d715fa91ea4e6190c5c2b10884ae89/url'
10:45:51.864 [AsyncHttpClient-1-1] DEBUG org.asynchttpclient.netty.channel.DefaultChannelPool - Entry count for : http://localhost:57644 : 1
10:45:52.964 [AsyncHttpClient-1-1] DEBUG org.asynchttpclient.netty.channel.DefaultChannelPool - Entry count for : http://localhost:57644 : 1
10:45:53.750 [AsyncHttpClient-1-2] DEBUG org.asynchttpclient.netty.handler.HttpHandler - 

Request DefaultHttpRequest(decodeResult: success, version: HTTP/1.1)
POST /session/33d715fa91ea4e6190c5c2b10884ae89/url HTTP/1.1
User-Agent: selenium/4.1.2 (java windows)
Content-Length: 65
Content-Type: application/json; charset=utf-8
host: localhost:60710
accept: */*

Response DefaultHttpResponse(decodeResult: success, version: HTTP/1.1)
HTTP/1.1 200 OK
Content-Type: application/json; charset=utf-8
cache-control: no-cache
content-length: 14

10:45:53.751 [AsyncHttpClient-1-2] DEBUG org.asynchttpclient.netty.channel.ChannelManager - Adding key: http://localhost:60710 for channel [id: 0x75275e1f, L:/127.0.0.1:57643 - R:localhost/127.0.0.1:60710]
10:45:53.753 [Forwarding setTimeout on session 33d715fa91ea4e6190c5c2b10884ae89 to remote] DEBUG org.asynchttpclient.netty.request.NettyRequestSender - Using pooled Channel '[id: 0x75275e1f, L:/127.0.0.1:57643 - R:localhost/127.0.0.1:60710]' for 'POST' to 'http://localhost:60710/session/33d715fa91ea4e6190c5c2b10884ae89/timeouts'
10:45:53.753 [Forwarding setTimeout on session 33d715fa91ea4e6190c5c2b10884ae89 to remote] DEBUG org.asynchttpclient.netty.request.NettyRequestSender - Using open Channel [id: 0x75275e1f, L:/127.0.0.1:57643 - R:localhost/127.0.0.1:60710] for POST '/session/33d715fa91ea4e6190c5c2b10884ae89/timeouts'
10:45:53.754 [AsyncHttpClient-1-2] DEBUG org.asynchttpclient.netty.handler.HttpHandler - 

Request DefaultHttpRequest(decodeResult: success, version: HTTP/1.1)
POST /session/33d715fa91ea4e6190c5c2b10884ae89/timeouts HTTP/1.1
User-Agent: selenium/4.1.2 (java windows)
Content-Length: 22
Content-Type: application/json; charset=utf-8
host: localhost:60710
accept: */*

Response DefaultHttpResponse(decodeResult: success, version: HTTP/1.1)
HTTP/1.1 200 OK
Content-Type: application/json; charset=utf-8
cache-control: no-cache
content-length: 14

10:45:53.754 [AsyncHttpClient-1-2] DEBUG org.asynchttpclient.netty.channel.ChannelManager - Adding key: http://localhost:60710 for channel [id: 0x75275e1f, L:/127.0.0.1:57643 - R:localhost/127.0.0.1:60710]
10:45:53.759 [Forwarding getCurrentUrl on session 33d715fa91ea4e6190c5c2b10884ae89 to remote] DEBUG org.asynchttpclient.netty.request.NettyRequestSender - Using pooled Channel '[id: 0x75275e1f, L:/127.0.0.1:57643 - R:localhost/127.0.0.1:60710]' for 'GET' to 'http://localhost:60710/session/33d715fa91ea4e6190c5c2b10884ae89/url'
10:45:53.759 [Forwarding getCurrentUrl on session 33d715fa91ea4e6190c5c2b10884ae89 to remote] DEBUG org.asynchttpclient.netty.request.NettyRequestSender - Using open Channel [id: 0x75275e1f, L:/127.0.0.1:57643 - R:localhost/127.0.0.1:60710] for GET '/session/33d715fa91ea4e6190c5c2b10884ae89/url'
10:45:53.768 [AsyncHttpClient-1-2] DEBUG org.asynchttpclient.netty.handler.HttpHandler - 

Request DefaultFullHttpRequest(decodeResult: success, version: HTTP/1.1, content: EmptyByteBufBE)
GET /session/33d715fa91ea4e6190c5c2b10884ae89/url HTTP/1.1
User-Agent: selenium/4.1.2 (java windows)
Cache-Control: no-cache
Content-Type: application/json; charset=utf-8
host: localhost:60710
accept: */*

Response DefaultHttpResponse(decodeResult: success, version: HTTP/1.1)
HTTP/1.1 200 OK
Content-Type: application/json; charset=utf-8
cache-control: no-cache
content-length: 53

10:45:53.768 [AsyncHttpClient-1-2] DEBUG org.asynchttpclient.netty.channel.ChannelManager - Adding key: http://localhost:60710 for channel [id: 0x75275e1f, L:/127.0.0.1:57643 - R:localhost/127.0.0.1:60710]
10:45:53.774 [Forwarding getCurrentUrl on session 33d715fa91ea4e6190c5c2b10884ae89 to remote] DEBUG org.asynchttpclient.netty.request.NettyRequestSender - Using pooled Channel '[id: 0x75275e1f, L:/127.0.0.1:57643 - R:localhost/127.0.0.1:60710]' for 'GET' to 'http://localhost:60710/session/33d715fa91ea4e6190c5c2b10884ae89/url'
10:45:53.774 [Forwarding getCurrentUrl on session 33d715fa91ea4e6190c5c2b10884ae89 to remote] DEBUG org.asynchttpclient.netty.request.NettyRequestSender - Using open Channel [id: 0x75275e1f, L:/127.0.0.1:57643 - R:localhost/127.0.0.1:60710] for GET '/session/33d715fa91ea4e6190c5c2b10884ae89/url'
10:45:53.779 [AsyncHttpClient-1-2] DEBUG org.asynchttpclient.netty.handler.HttpHandler - 

Request DefaultFullHttpRequest(decodeResult: success, version: HTTP/1.1, content: EmptyByteBufBE)
GET /session/33d715fa91ea4e6190c5c2b10884ae89/url HTTP/1.1
User-Agent: selenium/4.1.2 (java windows)
Cache-Control: no-cache
Content-Type: application/json; charset=utf-8
host: localhost:60710
accept: */*

Response DefaultHttpResponse(decodeResult: success, version: HTTP/1.1)
HTTP/1.1 200 OK
Content-Type: application/json; charset=utf-8
cache-control: no-cache
content-length: 53

10:45:53.779 [AsyncHttpClient-1-2] DEBUG org.asynchttpclient.netty.channel.ChannelManager - Adding key: http://localhost:60710 for channel [id: 0x75275e1f, L:/127.0.0.1:57643 - R:localhost/127.0.0.1:60710]
10:45:53.788 [Forwarding screenshot on session 33d715fa91ea4e6190c5c2b10884ae89 to remote] DEBUG org.asynchttpclient.netty.request.NettyRequestSender - Using pooled Channel '[id: 0x75275e1f, L:/127.0.0.1:57643 - R:localhost/127.0.0.1:60710]' for 'GET' to 'http://localhost:60710/session/33d715fa91ea4e6190c5c2b10884ae89/screenshot'
10:45:53.788 [Forwarding screenshot on session 33d715fa91ea4e6190c5c2b10884ae89 to remote] DEBUG org.asynchttpclient.netty.request.NettyRequestSender - Using open Channel [id: 0x75275e1f, L:/127.0.0.1:57643 - R:localhost/127.0.0.1:60710] for GET '/session/33d715fa91ea4e6190c5c2b10884ae89/screenshot'
10:45:54.064 [AsyncHttpClient-1-1] DEBUG org.asynchttpclient.netty.channel.DefaultChannelPool - Entry count for : http://localhost:57644 : 1
10:45:54.108 [AsyncHttpClient-1-2] DEBUG org.asynchttpclient.netty.handler.HttpHandler - 

Request DefaultFullHttpRequest(decodeResult: success, version: HTTP/1.1, content: EmptyByteBufBE)
GET /session/33d715fa91ea4e6190c5c2b10884ae89/screenshot HTTP/1.1
User-Agent: selenium/4.1.2 (java windows)
Cache-Control: no-cache
Content-Type: application/json; charset=utf-8
host: localhost:60710
accept: */*

Response DefaultHttpResponse(decodeResult: success, version: HTTP/1.1)
HTTP/1.1 200 OK
Content-Type: application/json; charset=utf-8
cache-control: no-cache
content-length: 382596

10:45:54.112 [AsyncHttpClient-1-2] DEBUG org.asynchttpclient.netty.channel.ChannelManager - Adding key: http://localhost:60710 for channel [id: 0x75275e1f, L:/127.0.0.1:57643 - R:localhost/127.0.0.1:60710]
10:45:54.146 [main] DEBUG net.serenitybdd.core.photography.Darkroom - Send negative for processing for target\site\serenity\ed15a54c91c342d96a850276df7b559f4526b370fc93040e3c407a48a170f368.png
10:45:54.146 [main] DEBUG net.thucydides.core.steps.StepInterceptor - STEP DONE: openUrl
10:45:54.156 [main] DEBUG net.thucydides.core.steps.StepInterceptor - STARTING STEP: PatientSteps.iAmAtTheDashboardPage - validateOnDashboardPage
10:45:54.159 [Forwarding findElement on session 33d715fa91ea4e6190c5c2b10884ae89 to remote] DEBUG org.asynchttpclient.netty.request.NettyRequestSender - Using pooled Channel '[id: 0x75275e1f, L:/127.0.0.1:57643 - R:localhost/127.0.0.1:60710]' for 'POST' to 'http://localhost:60710/session/33d715fa91ea4e6190c5c2b10884ae89/element'
10:45:54.159 [Forwarding findElement on session 33d715fa91ea4e6190c5c2b10884ae89 to remote] DEBUG org.asynchttpclient.netty.request.NettyRequestSender - Using open Channel [id: 0x75275e1f, L:/127.0.0.1:57643 - R:localhost/127.0.0.1:60710] for POST '/session/33d715fa91ea4e6190c5c2b10884ae89/element'
10:45:54.181 [AsyncHttpClient-1-2] DEBUG org.asynchttpclient.netty.handler.HttpHandler - 

Request DefaultHttpRequest(decodeResult: success, version: HTTP/1.1)
POST /session/33d715fa91ea4e6190c5c2b10884ae89/element HTTP/1.1
User-Agent: selenium/4.1.2 (java windows)
Content-Length: 81
Content-Type: application/json; charset=utf-8
host: localhost:60710
accept: */*

Response DefaultHttpResponse(decodeResult: success, version: HTTP/1.1)
HTTP/1.1 200 OK
Content-Type: application/json; charset=utf-8
cache-control: no-cache
content-length: 88

10:45:54.181 [AsyncHttpClient-1-2] DEBUG org.asynchttpclient.netty.channel.ChannelManager - Adding key: http://localhost:60710 for channel [id: 0x75275e1f, L:/127.0.0.1:57643 - R:localhost/127.0.0.1:60710]
10:45:54.186 [Forwarding isElementDisplayed on session 33d715fa91ea4e6190c5c2b10884ae89 to remote] DEBUG org.asynchttpclient.netty.request.NettyRequestSender - Using pooled Channel '[id: 0x75275e1f, L:/127.0.0.1:57643 - R:localhost/127.0.0.1:60710]' for 'POST' to 'http://localhost:60710/session/33d715fa91ea4e6190c5c2b10884ae89/execute/sync'
10:45:54.186 [Forwarding isElementDisplayed on session 33d715fa91ea4e6190c5c2b10884ae89 to remote] DEBUG org.asynchttpclient.netty.request.NettyRequestSender - Using open Channel [id: 0x75275e1f, L:/127.0.0.1:57643 - R:localhost/127.0.0.1:60710] for POST '/session/33d715fa91ea4e6190c5c2b10884ae89/execute/sync'
10:45:54.212 [AsyncHttpClient-1-2] DEBUG org.asynchttpclient.netty.handler.HttpHandler - 

Request DefaultHttpRequest(decodeResult: success, version: HTTP/1.1)
POST /session/33d715fa91ea4e6190c5c2b10884ae89/execute/sync HTTP/1.1
User-Agent: selenium/4.1.2 (java windows)
Content-Length: 48780
Content-Type: application/json; charset=utf-8
host: localhost:60710
accept: */*

Response DefaultHttpResponse(decodeResult: success, version: HTTP/1.1)
HTTP/1.1 200 OK
Content-Type: application/json; charset=utf-8
cache-control: no-cache
content-length: 14

10:45:54.212 [AsyncHttpClient-1-2] DEBUG org.asynchttpclient.netty.channel.ChannelManager - Adding key: http://localhost:60710 for channel [id: 0x75275e1f, L:/127.0.0.1:57643 - R:localhost/127.0.0.1:60710]
10:45:54.221 [Forwarding screenshot on session 33d715fa91ea4e6190c5c2b10884ae89 to remote] DEBUG org.asynchttpclient.netty.request.NettyRequestSender - Using pooled Channel '[id: 0x75275e1f, L:/127.0.0.1:57643 - R:localhost/127.0.0.1:60710]' for 'GET' to 'http://localhost:60710/session/33d715fa91ea4e6190c5c2b10884ae89/screenshot'
10:45:54.221 [Forwarding screenshot on session 33d715fa91ea4e6190c5c2b10884ae89 to remote] DEBUG org.asynchttpclient.netty.request.NettyRequestSender - Using open Channel [id: 0x75275e1f, L:/127.0.0.1:57643 - R:localhost/127.0.0.1:60710] for GET '/session/33d715fa91ea4e6190c5c2b10884ae89/screenshot'
10:45:54.573 [AsyncHttpClient-1-2] DEBUG org.asynchttpclient.netty.handler.HttpHandler - 

Request DefaultFullHttpRequest(decodeResult: success, version: HTTP/1.1, content: EmptyByteBufBE)
GET /session/33d715fa91ea4e6190c5c2b10884ae89/screenshot HTTP/1.1
User-Agent: selenium/4.1.2 (java windows)
Cache-Control: no-cache
Content-Type: application/json; charset=utf-8
host: localhost:60710
accept: */*

Response DefaultHttpResponse(decodeResult: success, version: HTTP/1.1)
HTTP/1.1 200 OK
Content-Type: application/json; charset=utf-8
cache-control: no-cache
content-length: 382596

10:45:54.576 [AsyncHttpClient-1-2] DEBUG org.asynchttpclient.netty.channel.ChannelManager - Adding key: http://localhost:60710 for channel [id: 0x75275e1f, L:/127.0.0.1:57643 - R:localhost/127.0.0.1:60710]
10:45:54.602 [main] DEBUG net.serenitybdd.core.photography.Darkroom - Send negative for processing for target\site\serenity\ed15a54c91c342d96a850276df7b559f4526b370fc93040e3c407a48a170f368.png
10:45:54.603 [main] DEBUG net.thucydides.core.steps.StepInterceptor - STEP DONE: validateOnDashboardPage
  &amp#27;[32mGiven &amp#27;[0m&amp#27;[32mI am at the dashboard page&amp#27;[0m            &amp#27;[90m# starter.stepdefinitions.PatientSteps.iAmAtTheDashboardPage()&amp#27;[0m
10:45:54.632 [main] DEBUG net.thucydides.core.steps.StepInterceptor - STARTING STEP: PatientSteps.iClickMenuPatient - clickMenuPatientButton
10:45:54.639 [Forwarding findElement on session 33d715fa91ea4e6190c5c2b10884ae89 to remote] DEBUG org.asynchttpclient.netty.request.NettyRequestSender - Using pooled Channel '[id: 0x75275e1f, L:/127.0.0.1:57643 - R:localhost/127.0.0.1:60710]' for 'POST' to 'http://localhost:60710/session/33d715fa91ea4e6190c5c2b10884ae89/element'
10:45:54.639 [Forwarding findElement on session 33d715fa91ea4e6190c5c2b10884ae89 to remote] DEBUG org.asynchttpclient.netty.request.NettyRequestSender - Using open Channel [id: 0x75275e1f, L:/127.0.0.1:57643 - R:localhost/127.0.0.1:60710] for POST '/session/33d715fa91ea4e6190c5c2b10884ae89/element'
10:45:54.660 [AsyncHttpClient-1-2] DEBUG org.asynchttpclient.netty.handler.HttpHandler - 

Request DefaultHttpRequest(decodeResult: success, version: HTTP/1.1)
POST /session/33d715fa91ea4e6190c5c2b10884ae89/element HTTP/1.1
User-Agent: selenium/4.1.2 (java windows)
Content-Length: 80
Content-Type: application/json; charset=utf-8
host: localhost:60710
accept: */*

Response DefaultHttpResponse(decodeResult: success, version: HTTP/1.1)
HTTP/1.1 200 OK
Content-Type: application/json; charset=utf-8
cache-control: no-cache
content-length: 88

10:45:54.660 [AsyncHttpClient-1-2] DEBUG org.asynchttpclient.netty.channel.ChannelManager - Adding key: http://localhost:60710 for channel [id: 0x75275e1f, L:/127.0.0.1:57643 - R:localhost/127.0.0.1:60710]
10:45:54.663 [Forwarding getElementTagName on session 33d715fa91ea4e6190c5c2b10884ae89 to remote] DEBUG org.asynchttpclient.netty.request.NettyRequestSender - Using pooled Channel '[id: 0x75275e1f, L:/127.0.0.1:57643 - R:localhost/127.0.0.1:60710]' for 'GET' to 'http://localhost:60710/session/33d715fa91ea4e6190c5c2b10884ae89/element/a5e7046b-5382-4575-8679-6eeb070abdd1/name'
10:45:54.663 [Forwarding getElementTagName on session 33d715fa91ea4e6190c5c2b10884ae89 to remote] DEBUG org.asynchttpclient.netty.request.NettyRequestSender - Using open Channel [id: 0x75275e1f, L:/127.0.0.1:57643 - R:localhost/127.0.0.1:60710] for GET '/session/33d715fa91ea4e6190c5c2b10884ae89/element/a5e7046b-5382-4575-8679-6eeb070abdd1/name'
10:45:54.704 [AsyncHttpClient-1-2] DEBUG org.asynchttpclient.netty.handler.HttpHandler - 

Request DefaultFullHttpRequest(decodeResult: success, version: HTTP/1.1, content: EmptyByteBufBE)
GET /session/33d715fa91ea4e6190c5c2b10884ae89/element/a5e7046b-5382-4575-8679-6eeb070abdd1/name HTTP/1.1
User-Agent: selenium/4.1.2 (java windows)
Cache-Control: no-cache
Content-Type: application/json; charset=utf-8
host: localhost:60710
accept: */*

Response DefaultHttpResponse(decodeResult: success, version: HTTP/1.1)
HTTP/1.1 200 OK
Content-Type: application/json; charset=utf-8
cache-control: no-cache
content-length: 15

10:45:54.704 [AsyncHttpClient-1-2] DEBUG org.asynchttpclient.netty.channel.ChannelManager - Adding key: http://localhost:60710 for channel [id: 0x75275e1f, L:/127.0.0.1:57643 - R:localhost/127.0.0.1:60710]
10:45:54.705 [Forwarding getElementTagName on session 33d715fa91ea4e6190c5c2b10884ae89 to remote] DEBUG org.asynchttpclient.netty.request.NettyRequestSender - Using pooled Channel '[id: 0x75275e1f, L:/127.0.0.1:57643 - R:localhost/127.0.0.1:60710]' for 'GET' to 'http://localhost:60710/session/33d715fa91ea4e6190c5c2b10884ae89/element/a5e7046b-5382-4575-8679-6eeb070abdd1/name'
10:45:54.705 [Forwarding getElementTagName on session 33d715fa91ea4e6190c5c2b10884ae89 to remote] DEBUG org.asynchttpclient.netty.request.NettyRequestSender - Using open Channel [id: 0x75275e1f, L:/127.0.0.1:57643 - R:localhost/127.0.0.1:60710] for GET '/session/33d715fa91ea4e6190c5c2b10884ae89/element/a5e7046b-5382-4575-8679-6eeb070abdd1/name'
10:45:54.722 [AsyncHttpClient-1-2] DEBUG org.asynchttpclient.netty.handler.HttpHandler - 

Request DefaultFullHttpRequest(decodeResult: success, version: HTTP/1.1, content: EmptyByteBufBE)
GET /session/33d715fa91ea4e6190c5c2b10884ae89/element/a5e7046b-5382-4575-8679-6eeb070abdd1/name HTTP/1.1
User-Agent: selenium/4.1.2 (java windows)
Cache-Control: no-cache
Content-Type: application/json; charset=utf-8
host: localhost:60710
accept: */*

Response DefaultHttpResponse(decodeResult: success, version: HTTP/1.1)
HTTP/1.1 200 OK
Content-Type: application/json; charset=utf-8
cache-control: no-cache
content-length: 15

10:45:54.722 [AsyncHttpClient-1-2] DEBUG org.asynchttpclient.netty.channel.ChannelManager - Adding key: http://localhost:60710 for channel [id: 0x75275e1f, L:/127.0.0.1:57643 - R:localhost/127.0.0.1:60710]
10:45:54.725 [Forwarding findElement on session 33d715fa91ea4e6190c5c2b10884ae89 to remote] DEBUG org.asynchttpclient.netty.request.NettyRequestSender - Using pooled Channel '[id: 0x75275e1f, L:/127.0.0.1:57643 - R:localhost/127.0.0.1:60710]' for 'POST' to 'http://localhost:60710/session/33d715fa91ea4e6190c5c2b10884ae89/element'
10:45:54.725 [Forwarding findElement on session 33d715fa91ea4e6190c5c2b10884ae89 to remote] DEBUG org.asynchttpclient.netty.request.NettyRequestSender - Using open Channel [id: 0x75275e1f, L:/127.0.0.1:57643 - R:localhost/127.0.0.1:60710] for POST '/session/33d715fa91ea4e6190c5c2b10884ae89/element'
10:45:54.739 [AsyncHttpClient-1-2] DEBUG org.asynchttpclient.netty.handler.HttpHandler - 

Request DefaultHttpRequest(decodeResult: success, version: HTTP/1.1)
POST /session/33d715fa91ea4e6190c5c2b10884ae89/element HTTP/1.1
User-Agent: selenium/4.1.2 (java windows)
Content-Length: 80
Content-Type: application/json; charset=utf-8
host: localhost:60710
accept: */*

Response DefaultHttpResponse(decodeResult: success, version: HTTP/1.1)
HTTP/1.1 200 OK
Content-Type: application/json; charset=utf-8
cache-control: no-cache
content-length: 88

10:45:54.739 [AsyncHttpClient-1-2] DEBUG org.asynchttpclient.netty.channel.ChannelManager - Adding key: http://localhost:60710 for channel [id: 0x75275e1f, L:/127.0.0.1:57643 - R:localhost/127.0.0.1:60710]
10:45:54.741 [Forwarding clickElement on session 33d715fa91ea4e6190c5c2b10884ae89 to remote] DEBUG org.asynchttpclient.netty.request.NettyRequestSender - Using pooled Channel '[id: 0x75275e1f, L:/127.0.0.1:57643 - R:localhost/127.0.0.1:60710]' for 'POST' to 'http://localhost:60710/session/33d715fa91ea4e6190c5c2b10884ae89/element/a5e7046b-5382-4575-8679-6eeb070abdd1/click'
10:45:54.741 [Forwarding clickElement on session 33d715fa91ea4e6190c5c2b10884ae89 to remote] DEBUG org.asynchttpclient.netty.request.NettyRequestSender - Using open Channel [id: 0x75275e1f, L:/127.0.0.1:57643 - R:localhost/127.0.0.1:60710] for POST '/session/33d715fa91ea4e6190c5c2b10884ae89/element/a5e7046b-5382-4575-8679-6eeb070abdd1/click'
10:45:54.951 [AsyncHttpClient-1-2] DEBUG org.asynchttpclient.netty.handler.HttpHandler - 

Request DefaultHttpRequest(decodeResult: success, version: HTTP/1.1)
POST /session/33d715fa91ea4e6190c5c2b10884ae89/element/a5e7046b-5382-4575-8679-6eeb070abdd1/click HTTP/1.1
User-Agent: selenium/4.1.2 (java windows)
Content-Length: 50
Content-Type: application/json; charset=utf-8
host: localhost:60710
accept: */*

Response DefaultHttpResponse(decodeResult: success, version: HTTP/1.1)
HTTP/1.1 200 OK
Content-Type: application/json; charset=utf-8
cache-control: no-cache
content-length: 14

10:45:54.951 [AsyncHttpClient-1-2] DEBUG org.asynchttpclient.netty.channel.ChannelManager - Adding key: http://localhost:60710 for channel [id: 0x75275e1f, L:/127.0.0.1:57643 - R:localhost/127.0.0.1:60710]
10:45:54.963 [Forwarding screenshot on session 33d715fa91ea4e6190c5c2b10884ae89 to remote] DEBUG org.asynchttpclient.netty.request.NettyRequestSender - Using pooled Channel '[id: 0x75275e1f, L:/127.0.0.1:57643 - R:localhost/127.0.0.1:60710]' for 'GET' to 'http://localhost:60710/session/33d715fa91ea4e6190c5c2b10884ae89/screenshot'
10:45:54.963 [Forwarding screenshot on session 33d715fa91ea4e6190c5c2b10884ae89 to remote] DEBUG org.asynchttpclient.netty.request.NettyRequestSender - Using open Channel [id: 0x75275e1f, L:/127.0.0.1:57643 - R:localhost/127.0.0.1:60710] for GET '/session/33d715fa91ea4e6190c5c2b10884ae89/screenshot'
10:45:55.102 [AsyncHttpClient-1-2] DEBUG org.asynchttpclient.netty.handler.HttpHandler - 

Request DefaultFullHttpRequest(decodeResult: success, version: HTTP/1.1, content: EmptyByteBufBE)
GET /session/33d715fa91ea4e6190c5c2b10884ae89/screenshot HTTP/1.1
User-Agent: selenium/4.1.2 (java windows)
Cache-Control: no-cache
Content-Type: application/json; charset=utf-8
host: localhost:60710
accept: */*

Response DefaultHttpResponse(decodeResult: success, version: HTTP/1.1)
HTTP/1.1 200 OK
Content-Type: application/json; charset=utf-8
cache-control: no-cache
content-length: 55372

10:45:55.102 [AsyncHttpClient-1-2] DEBUG org.asynchttpclient.netty.channel.ChannelManager - Adding key: http://localhost:60710 for channel [id: 0x75275e1f, L:/127.0.0.1:57643 - R:localhost/127.0.0.1:60710]
10:45:55.106 [main] DEBUG net.serenitybdd.core.photography.Darkroom - Send negative for processing for target\site\serenity\c886102f421ef8e705409955539f8574c7e22dd5f158313ecdebe95b5d6560bd.png
10:45:55.107 [main] DEBUG net.thucydides.core.steps.StepInterceptor - STEP DONE: clickMenuPatientButton
  &amp#27;[32mAnd &amp#27;[0m&amp#27;[32mI click menu patient&amp#27;[0m                    &amp#27;[90m# starter.stepdefinitions.PatientSteps.iClickMenuPatient()&amp#27;[0m
10:45:55.134 [main] DEBUG net.thucydides.core.steps.StepInterceptor - STARTING STEP: PatientSteps.iClickTheDeletePatientButton - clickTheDeleteButton
10:45:55.140 [Forwarding findElement on session 33d715fa91ea4e6190c5c2b10884ae89 to remote] DEBUG org.asynchttpclient.netty.request.NettyRequestSender - Using pooled Channel '[id: 0x75275e1f, L:/127.0.0.1:57643 - R:localhost/127.0.0.1:60710]' for 'POST' to 'http://localhost:60710/session/33d715fa91ea4e6190c5c2b10884ae89/element'
10:45:55.140 [Forwarding findElement on session 33d715fa91ea4e6190c5c2b10884ae89 to remote] DEBUG org.asynchttpclient.netty.request.NettyRequestSender - Using open Channel [id: 0x75275e1f, L:/127.0.0.1:57643 - R:localhost/127.0.0.1:60710] for POST '/session/33d715fa91ea4e6190c5c2b10884ae89/element'
10:45:55.166 [AsyncHttpClient-1-1] DEBUG org.asynchttpclient.netty.channel.DefaultChannelPool - Entry count for : http://localhost:57644 : 1
10:45:56.184 [AsyncHttpClient-1-2] DEBUG org.asynchttpclient.netty.handler.HttpHandler - 

Request DefaultHttpRequest(decodeResult: success, version: HTTP/1.1)
POST /session/33d715fa91ea4e6190c5c2b10884ae89/element HTTP/1.1
User-Agent: selenium/4.1.2 (java windows)
Content-Length: 91
Content-Type: application/json; charset=utf-8
host: localhost:60710
accept: */*

Response DefaultHttpResponse(decodeResult: success, version: HTTP/1.1)
HTTP/1.1 200 OK
Content-Type: application/json; charset=utf-8
cache-control: no-cache
content-length: 88

10:45:56.184 [AsyncHttpClient-1-2] DEBUG org.asynchttpclient.netty.channel.ChannelManager - Adding key: http://localhost:60710 for channel [id: 0x75275e1f, L:/127.0.0.1:57643 - R:localhost/127.0.0.1:60710]
10:45:56.186 [Forwarding getElementTagName on session 33d715fa91ea4e6190c5c2b10884ae89 to remote] DEBUG org.asynchttpclient.netty.request.NettyRequestSender - Using pooled Channel '[id: 0x75275e1f, L:/127.0.0.1:57643 - R:localhost/127.0.0.1:60710]' for 'GET' to 'http://localhost:60710/session/33d715fa91ea4e6190c5c2b10884ae89/element/a7217c19-257d-4c83-94e7-5f560170d55b/name'
10:45:56.186 [Forwarding getElementTagName on session 33d715fa91ea4e6190c5c2b10884ae89 to remote] DEBUG org.asynchttpclient.netty.request.NettyRequestSender - Using open Channel [id: 0x75275e1f, L:/127.0.0.1:57643 - R:localhost/127.0.0.1:60710] for GET '/session/33d715fa91ea4e6190c5c2b10884ae89/element/a7217c19-257d-4c83-94e7-5f560170d55b/name'
10:45:56.192 [AsyncHttpClient-1-2] DEBUG org.asynchttpclient.netty.handler.HttpHandler - 

Request DefaultFullHttpRequest(decodeResult: success, version: HTTP/1.1, content: EmptyByteBufBE)
GET /session/33d715fa91ea4e6190c5c2b10884ae89/element/a7217c19-257d-4c83-94e7-5f560170d55b/name HTTP/1.1
User-Agent: selenium/4.1.2 (java windows)
Cache-Control: no-cache
Content-Type: application/json; charset=utf-8
host: localhost:60710
accept: */*

Response DefaultHttpResponse(decodeResult: success, version: HTTP/1.1)
HTTP/1.1 200 OK
Content-Type: application/json; charset=utf-8
cache-control: no-cache
content-length: 18

10:45:56.192 [AsyncHttpClient-1-2] DEBUG org.asynchttpclient.netty.channel.ChannelManager - Adding key: http://localhost:60710 for channel [id: 0x75275e1f, L:/127.0.0.1:57643 - R:localhost/127.0.0.1:60710]
10:45:56.193 [Forwarding getElementTagName on session 33d715fa91ea4e6190c5c2b10884ae89 to remote] DEBUG org.asynchttpclient.netty.request.NettyRequestSender - Using pooled Channel '[id: 0x75275e1f, L:/127.0.0.1:57643 - R:localhost/127.0.0.1:60710]' for 'GET' to 'http://localhost:60710/session/33d715fa91ea4e6190c5c2b10884ae89/element/a7217c19-257d-4c83-94e7-5f560170d55b/name'
10:45:56.193 [Forwarding getElementTagName on session 33d715fa91ea4e6190c5c2b10884ae89 to remote] DEBUG org.asynchttpclient.netty.request.NettyRequestSender - Using open Channel [id: 0x75275e1f, L:/127.0.0.1:57643 - R:localhost/127.0.0.1:60710] for GET '/session/33d715fa91ea4e6190c5c2b10884ae89/element/a7217c19-257d-4c83-94e7-5f560170d55b/name'
10:45:56.197 [AsyncHttpClient-1-2] DEBUG org.asynchttpclient.netty.handler.HttpHandler - 

Request DefaultFullHttpRequest(decodeResult: success, version: HTTP/1.1, content: EmptyByteBufBE)
GET /session/33d715fa91ea4e6190c5c2b10884ae89/element/a7217c19-257d-4c83-94e7-5f560170d55b/name HTTP/1.1
User-Agent: selenium/4.1.2 (java windows)
Cache-Control: no-cache
Content-Type: application/json; charset=utf-8
host: localhost:60710
accept: */*

Response DefaultHttpResponse(decodeResult: success, version: HTTP/1.1)
HTTP/1.1 200 OK
Content-Type: application/json; charset=utf-8
cache-control: no-cache
content-length: 18

10:45:56.197 [AsyncHttpClient-1-2] DEBUG org.asynchttpclient.netty.channel.ChannelManager - Adding key: http://localhost:60710 for channel [id: 0x75275e1f, L:/127.0.0.1:57643 - R:localhost/127.0.0.1:60710]
10:45:56.200 [Forwarding isElementEnabled on session 33d715fa91ea4e6190c5c2b10884ae89 to remote] DEBUG org.asynchttpclient.netty.request.NettyRequestSender - Using pooled Channel '[id: 0x75275e1f, L:/127.0.0.1:57643 - R:localhost/127.0.0.1:60710]' for 'GET' to 'http://localhost:60710/session/33d715fa91ea4e6190c5c2b10884ae89/element/a7217c19-257d-4c83-94e7-5f560170d55b/enabled'
10:45:56.200 [Forwarding isElementEnabled on session 33d715fa91ea4e6190c5c2b10884ae89 to remote] DEBUG org.asynchttpclient.netty.request.NettyRequestSender - Using open Channel [id: 0x75275e1f, L:/127.0.0.1:57643 - R:localhost/127.0.0.1:60710] for GET '/session/33d715fa91ea4e6190c5c2b10884ae89/element/a7217c19-257d-4c83-94e7-5f560170d55b/enabled'
10:45:56.211 [AsyncHttpClient-1-2] DEBUG org.asynchttpclient.netty.handler.HttpHandler - 

Request DefaultFullHttpRequest(decodeResult: success, version: HTTP/1.1, content: EmptyByteBufBE)
GET /session/33d715fa91ea4e6190c5c2b10884ae89/element/a7217c19-257d-4c83-94e7-5f560170d55b/enabled HTTP/1.1
User-Agent: selenium/4.1.2 (java windows)
Cache-Control: no-cache
Content-Type: application/json; charset=utf-8
host: localhost:60710
accept: */*

Response DefaultHttpResponse(decodeResult: success, version: HTTP/1.1)
HTTP/1.1 200 OK
Content-Type: application/json; charset=utf-8
cache-control: no-cache
content-length: 14

10:45:56.211 [AsyncHttpClient-1-2] DEBUG org.asynchttpclient.netty.channel.ChannelManager - Adding key: http://localhost:60710 for channel [id: 0x75275e1f, L:/127.0.0.1:57643 - R:localhost/127.0.0.1:60710]
10:45:56.212 [Forwarding isElementEnabled on session 33d715fa91ea4e6190c5c2b10884ae89 to remote] DEBUG org.asynchttpclient.netty.request.NettyRequestSender - Using pooled Channel '[id: 0x75275e1f, L:/127.0.0.1:57643 - R:localhost/127.0.0.1:60710]' for 'GET' to 'http://localhost:60710/session/33d715fa91ea4e6190c5c2b10884ae89/element/a7217c19-257d-4c83-94e7-5f560170d55b/enabled'
10:45:56.212 [Forwarding isElementEnabled on session 33d715fa91ea4e6190c5c2b10884ae89 to remote] DEBUG org.asynchttpclient.netty.request.NettyRequestSender - Using open Channel [id: 0x75275e1f, L:/127.0.0.1:57643 - R:localhost/127.0.0.1:60710] for GET '/session/33d715fa91ea4e6190c5c2b10884ae89/element/a7217c19-257d-4c83-94e7-5f560170d55b/enabled'
10:45:56.219 [AsyncHttpClient-1-2] DEBUG org.asynchttpclient.netty.handler.HttpHandler - 

Request DefaultFullHttpRequest(decodeResult: success, version: HTTP/1.1, content: EmptyByteBufBE)
GET /session/33d715fa91ea4e6190c5c2b10884ae89/element/a7217c19-257d-4c83-94e7-5f560170d55b/enabled HTTP/1.1
User-Agent: selenium/4.1.2 (java windows)
Cache-Control: no-cache
Content-Type: application/json; charset=utf-8
host: localhost:60710
accept: */*

Response DefaultHttpResponse(decodeResult: success, version: HTTP/1.1)
HTTP/1.1 200 OK
Content-Type: application/json; charset=utf-8
cache-control: no-cache
content-length: 14

10:45:56.219 [AsyncHttpClient-1-2] DEBUG org.asynchttpclient.netty.channel.ChannelManager - Adding key: http://localhost:60710 for channel [id: 0x75275e1f, L:/127.0.0.1:57643 - R:localhost/127.0.0.1:60710]
10:45:56.221 [Forwarding findElement on session 33d715fa91ea4e6190c5c2b10884ae89 to remote] DEBUG org.asynchttpclient.netty.request.NettyRequestSender - Using pooled Channel '[id: 0x75275e1f, L:/127.0.0.1:57643 - R:localhost/127.0.0.1:60710]' for 'POST' to 'http://localhost:60710/session/33d715fa91ea4e6190c5c2b10884ae89/element'
10:45:56.221 [Forwarding findElement on session 33d715fa91ea4e6190c5c2b10884ae89 to remote] DEBUG org.asynchttpclient.netty.request.NettyRequestSender - Using open Channel [id: 0x75275e1f, L:/127.0.0.1:57643 - R:localhost/127.0.0.1:60710] for POST '/session/33d715fa91ea4e6190c5c2b10884ae89/element'
10:45:56.229 [AsyncHttpClient-1-2] DEBUG org.asynchttpclient.netty.handler.HttpHandler - 

Request DefaultHttpRequest(decodeResult: success, version: HTTP/1.1)
POST /session/33d715fa91ea4e6190c5c2b10884ae89/element HTTP/1.1
User-Agent: selenium/4.1.2 (java windows)
Content-Length: 91
Content-Type: application/json; charset=utf-8
host: localhost:60710
accept: */*

Response DefaultHttpResponse(decodeResult: success, version: HTTP/1.1)
HTTP/1.1 200 OK
Content-Type: application/json; charset=utf-8
cache-control: no-cache
content-length: 88

10:45:56.229 [AsyncHttpClient-1-2] DEBUG org.asynchttpclient.netty.channel.ChannelManager - Adding key: http://localhost:60710 for channel [id: 0x75275e1f, L:/127.0.0.1:57643 - R:localhost/127.0.0.1:60710]
10:45:56.230 [Forwarding clickElement on session 33d715fa91ea4e6190c5c2b10884ae89 to remote] DEBUG org.asynchttpclient.netty.request.NettyRequestSender - Using pooled Channel '[id: 0x75275e1f, L:/127.0.0.1:57643 - R:localhost/127.0.0.1:60710]' for 'POST' to 'http://localhost:60710/session/33d715fa91ea4e6190c5c2b10884ae89/element/a7217c19-257d-4c83-94e7-5f560170d55b/click'
10:45:56.230 [Forwarding clickElement on session 33d715fa91ea4e6190c5c2b10884ae89 to remote] DEBUG org.asynchttpclient.netty.request.NettyRequestSender - Using open Channel [id: 0x75275e1f, L:/127.0.0.1:57643 - R:localhost/127.0.0.1:60710] for POST '/session/33d715fa91ea4e6190c5c2b10884ae89/element/a7217c19-257d-4c83-94e7-5f560170d55b/click'
10:45:56.266 [AsyncHttpClient-1-1] DEBUG org.asynchttpclient.netty.channel.DefaultChannelPool - Entry count for : http://localhost:57644 : 1
10:45:56.322 [AsyncHttpClient-1-2] DEBUG org.asynchttpclient.netty.handler.HttpHandler - 

Request DefaultHttpRequest(decodeResult: success, version: HTTP/1.1)
POST /session/33d715fa91ea4e6190c5c2b10884ae89/element/a7217c19-257d-4c83-94e7-5f560170d55b/click HTTP/1.1
User-Agent: selenium/4.1.2 (java windows)
Content-Length: 50
Content-Type: application/json; charset=utf-8
host: localhost:60710
accept: */*

Response DefaultHttpResponse(decodeResult: success, version: HTTP/1.1)
HTTP/1.1 200 OK
Content-Type: application/json; charset=utf-8
cache-control: no-cache
content-length: 14

10:45:56.322 [AsyncHttpClient-1-2] DEBUG org.asynchttpclient.netty.channel.ChannelManager - Adding key: http://localhost:60710 for channel [id: 0x75275e1f, L:/127.0.0.1:57643 - R:localhost/127.0.0.1:60710]
10:45:56.329 [Forwarding screenshot on session 33d715fa91ea4e6190c5c2b10884ae89 to remote] DEBUG org.asynchttpclient.netty.request.NettyRequestSender - Using pooled Channel '[id: 0x75275e1f, L:/127.0.0.1:57643 - R:localhost/127.0.0.1:60710]' for 'GET' to 'http://localhost:60710/session/33d715fa91ea4e6190c5c2b10884ae89/screenshot'
10:45:56.329 [Forwarding screenshot on session 33d715fa91ea4e6190c5c2b10884ae89 to remote] DEBUG org.asynchttpclient.netty.request.NettyRequestSender - Using open Channel [id: 0x75275e1f, L:/127.0.0.1:57643 - R:localhost/127.0.0.1:60710] for GET '/session/33d715fa91ea4e6190c5c2b10884ae89/screenshot'
10:45:56.471 [AsyncHttpClient-1-2] DEBUG org.asynchttpclient.netty.handler.HttpHandler - 

Request DefaultFullHttpRequest(decodeResult: success, version: HTTP/1.1, content: EmptyByteBufBE)
GET /session/33d715fa91ea4e6190c5c2b10884ae89/screenshot HTTP/1.1
User-Agent: selenium/4.1.2 (java windows)
Cache-Control: no-cache
Content-Type: application/json; charset=utf-8
host: localhost:60710
accept: */*

Response DefaultHttpResponse(decodeResult: success, version: HTTP/1.1)
HTTP/1.1 200 OK
Content-Type: application/json; charset=utf-8
cache-control: no-cache
content-length: 99032

10:45:56.471 [AsyncHttpClient-1-2] DEBUG org.asynchttpclient.netty.channel.ChannelManager - Adding key: http://localhost:60710 for channel [id: 0x75275e1f, L:/127.0.0.1:57643 - R:localhost/127.0.0.1:60710]
10:45:56.479 [main] DEBUG net.serenitybdd.core.photography.Darkroom - Send negative for processing for target\site\serenity\b50c4914c624f18fc844f50bec7b1c38a0c6eb3625891b660ae003fe4092194e.png
10:45:56.480 [main] DEBUG net.thucydides.core.steps.StepInterceptor - STEP DONE: clickTheDeleteButton
  &amp#27;[32mWhen &amp#27;[0m&amp#27;[32mI click the Delete Patient button&amp#27;[0m      &amp#27;[90m# starter.stepdefinitions.PatientSteps.iClickTheDeletePatientButton()&amp#27;[0m
10:45:56.480 [Darkroom Processing Line] DEBUG net.serenitybdd.core.photography.DarkroomProcessingLine - Processing screenshot image in /var/screenshots/screenshot-15491070286526709305
10:45:56.480 [Darkroom Processing Line] DEBUG net.serenitybdd.core.photography.DarkroomProcessingLine - Saving screenshot to target\site\serenity\b50c4914c624f18fc844f50bec7b1c38a0c6eb3625891b660ae003fe4092194e.png
10:45:56.503 [main] DEBUG net.thucydides.core.steps.StepInterceptor - STARTING STEP: PatientSteps.iClickCancelButton - clickCancelButton
10:45:56.508 [Forwarding findElement on session 33d715fa91ea4e6190c5c2b10884ae89 to remote] DEBUG org.asynchttpclient.netty.request.NettyRequestSender - Using pooled Channel '[id: 0x75275e1f, L:/127.0.0.1:57643 - R:localhost/127.0.0.1:60710]' for 'POST' to 'http://localhost:60710/session/33d715fa91ea4e6190c5c2b10884ae89/element'
10:45:56.508 [Forwarding findElement on session 33d715fa91ea4e6190c5c2b10884ae89 to remote] DEBUG org.asynchttpclient.netty.request.NettyRequestSender - Using open Channel [id: 0x75275e1f, L:/127.0.0.1:57643 - R:localhost/127.0.0.1:60710] for POST '/session/33d715fa91ea4e6190c5c2b10884ae89/element'
10:45:56.524 [AsyncHttpClient-1-2] DEBUG org.asynchttpclient.netty.handler.HttpHandler - 

Request DefaultHttpRequest(decodeResult: success, version: HTTP/1.1)
POST /session/33d715fa91ea4e6190c5c2b10884ae89/element HTTP/1.1
User-Agent: selenium/4.1.2 (java windows)
Content-Length: 104
Content-Type: application/json; charset=utf-8
host: localhost:60710
accept: */*

Response DefaultHttpResponse(decodeResult: success, version: HTTP/1.1)
HTTP/1.1 200 OK
Content-Type: application/json; charset=utf-8
cache-control: no-cache
content-length: 88

10:45:56.524 [AsyncHttpClient-1-2] DEBUG org.asynchttpclient.netty.channel.ChannelManager - Adding key: http://localhost:60710 for channel [id: 0x75275e1f, L:/127.0.0.1:57643 - R:localhost/127.0.0.1:60710]
10:45:56.526 [Forwarding getElementTagName on session 33d715fa91ea4e6190c5c2b10884ae89 to remote] DEBUG org.asynchttpclient.netty.request.NettyRequestSender - Using pooled Channel '[id: 0x75275e1f, L:/127.0.0.1:57643 - R:localhost/127.0.0.1:60710]' for 'GET' to 'http://localhost:60710/session/33d715fa91ea4e6190c5c2b10884ae89/element/a7f4fdb7-cce6-49f4-9b5f-03246ff2efec/name'
10:45:56.526 [Forwarding getElementTagName on session 33d715fa91ea4e6190c5c2b10884ae89 to remote] DEBUG org.asynchttpclient.netty.request.NettyRequestSender - Using open Channel [id: 0x75275e1f, L:/127.0.0.1:57643 - R:localhost/127.0.0.1:60710] for GET '/session/33d715fa91ea4e6190c5c2b10884ae89/element/a7f4fdb7-cce6-49f4-9b5f-03246ff2efec/name'
10:45:56.533 [AsyncHttpClient-1-2] DEBUG org.asynchttpclient.netty.handler.HttpHandler - 

Request DefaultFullHttpRequest(decodeResult: success, version: HTTP/1.1, content: EmptyByteBufBE)
GET /session/33d715fa91ea4e6190c5c2b10884ae89/element/a7f4fdb7-cce6-49f4-9b5f-03246ff2efec/name HTTP/1.1
User-Agent: selenium/4.1.2 (java windows)
Cache-Control: no-cache
Content-Type: application/json; charset=utf-8
host: localhost:60710
accept: */*

Response DefaultHttpResponse(decodeResult: success, version: HTTP/1.1)
HTTP/1.1 200 OK
Content-Type: application/json; charset=utf-8
cache-control: no-cache
content-length: 18

10:45:56.533 [AsyncHttpClient-1-2] DEBUG org.asynchttpclient.netty.channel.ChannelManager - Adding key: http://localhost:60710 for channel [id: 0x75275e1f, L:/127.0.0.1:57643 - R:localhost/127.0.0.1:60710]
10:45:56.535 [Forwarding getElementTagName on session 33d715fa91ea4e6190c5c2b10884ae89 to remote] DEBUG org.asynchttpclient.netty.request.NettyRequestSender - Using pooled Channel '[id: 0x75275e1f, L:/127.0.0.1:57643 - R:localhost/127.0.0.1:60710]' for 'GET' to 'http://localhost:60710/session/33d715fa91ea4e6190c5c2b10884ae89/element/a7f4fdb7-cce6-49f4-9b5f-03246ff2efec/name'
10:45:56.535 [Forwarding getElementTagName on session 33d715fa91ea4e6190c5c2b10884ae89 to remote] DEBUG org.asynchttpclient.netty.request.NettyRequestSender - Using open Channel [id: 0x75275e1f, L:/127.0.0.1:57643 - R:localhost/127.0.0.1:60710] for GET '/session/33d715fa91ea4e6190c5c2b10884ae89/element/a7f4fdb7-cce6-49f4-9b5f-03246ff2efec/name'
10:45:56.539 [AsyncHttpClient-1-2] DEBUG org.asynchttpclient.netty.handler.HttpHandler - 

Request DefaultFullHttpRequest(decodeResult: success, version: HTTP/1.1, content: EmptyByteBufBE)
GET /session/33d715fa91ea4e6190c5c2b10884ae89/element/a7f4fdb7-cce6-49f4-9b5f-03246ff2efec/name HTTP/1.1
User-Agent: selenium/4.1.2 (java windows)
Cache-Control: no-cache
Content-Type: application/json; charset=utf-8
host: localhost:60710
accept: */*

Response DefaultHttpResponse(decodeResult: success, version: HTTP/1.1)
HTTP/1.1 200 OK
Content-Type: application/json; charset=utf-8
cache-control: no-cache
content-length: 18

10:45:56.540 [AsyncHttpClient-1-2] DEBUG org.asynchttpclient.netty.channel.ChannelManager - Adding key: http://localhost:60710 for channel [id: 0x75275e1f, L:/127.0.0.1:57643 - R:localhost/127.0.0.1:60710]
10:45:56.543 [Forwarding isElementEnabled on session 33d715fa91ea4e6190c5c2b10884ae89 to remote] DEBUG org.asynchttpclient.netty.request.NettyRequestSender - Using pooled Channel '[id: 0x75275e1f, L:/127.0.0.1:57643 - R:localhost/127.0.0.1:60710]' for 'GET' to 'http://localhost:60710/session/33d715fa91ea4e6190c5c2b10884ae89/element/a7f4fdb7-cce6-49f4-9b5f-03246ff2efec/enabled'
10:45:56.543 [Forwarding isElementEnabled on session 33d715fa91ea4e6190c5c2b10884ae89 to remote] DEBUG org.asynchttpclient.netty.request.NettyRequestSender - Using open Channel [id: 0x75275e1f, L:/127.0.0.1:57643 - R:localhost/127.0.0.1:60710] for GET '/session/33d715fa91ea4e6190c5c2b10884ae89/element/a7f4fdb7-cce6-49f4-9b5f-03246ff2efec/enabled'
10:45:56.553 [AsyncHttpClient-1-2] DEBUG org.asynchttpclient.netty.handler.HttpHandler - 

Request DefaultFullHttpRequest(decodeResult: success, version: HTTP/1.1, content: EmptyByteBufBE)
GET /session/33d715fa91ea4e6190c5c2b10884ae89/element/a7f4fdb7-cce6-49f4-9b5f-03246ff2efec/enabled HTTP/1.1
User-Agent: selenium/4.1.2 (java windows)
Cache-Control: no-cache
Content-Type: application/json; charset=utf-8
host: localhost:60710
accept: */*

Response DefaultHttpResponse(decodeResult: success, version: HTTP/1.1)
HTTP/1.1 200 OK
Content-Type: application/json; charset=utf-8
cache-control: no-cache
content-length: 14

10:45:56.553 [AsyncHttpClient-1-2] DEBUG org.asynchttpclient.netty.channel.ChannelManager - Adding key: http://localhost:60710 for channel [id: 0x75275e1f, L:/127.0.0.1:57643 - R:localhost/127.0.0.1:60710]
10:45:56.555 [Forwarding isElementEnabled on session 33d715fa91ea4e6190c5c2b10884ae89 to remote] DEBUG org.asynchttpclient.netty.request.NettyRequestSender - Using pooled Channel '[id: 0x75275e1f, L:/127.0.0.1:57643 - R:localhost/127.0.0.1:60710]' for 'GET' to 'http://localhost:60710/session/33d715fa91ea4e6190c5c2b10884ae89/element/a7f4fdb7-cce6-49f4-9b5f-03246ff2efec/enabled'
10:45:56.555 [Forwarding isElementEnabled on session 33d715fa91ea4e6190c5c2b10884ae89 to remote] DEBUG org.asynchttpclient.netty.request.NettyRequestSender - Using open Channel [id: 0x75275e1f, L:/127.0.0.1:57643 - R:localhost/127.0.0.1:60710] for GET '/session/33d715fa91ea4e6190c5c2b10884ae89/element/a7f4fdb7-cce6-49f4-9b5f-03246ff2efec/enabled'
10:45:56.565 [AsyncHttpClient-1-2] DEBUG org.asynchttpclient.netty.handler.HttpHandler - 

Request DefaultFullHttpRequest(decodeResult: success, version: HTTP/1.1, content: EmptyByteBufBE)
GET /session/33d715fa91ea4e6190c5c2b10884ae89/element/a7f4fdb7-cce6-49f4-9b5f-03246ff2efec/enabled HTTP/1.1
User-Agent: selenium/4.1.2 (java windows)
Cache-Control: no-cache
Content-Type: application/json; charset=utf-8
host: localhost:60710
accept: */*

Response DefaultHttpResponse(decodeResult: success, version: HTTP/1.1)
HTTP/1.1 200 OK
Content-Type: application/json; charset=utf-8
cache-control: no-cache
content-length: 14

10:45:56.566 [AsyncHttpClient-1-2] DEBUG org.asynchttpclient.netty.channel.ChannelManager - Adding key: http://localhost:60710 for channel [id: 0x75275e1f, L:/127.0.0.1:57643 - R:localhost/127.0.0.1:60710]
10:45:56.568 [Forwarding findElement on session 33d715fa91ea4e6190c5c2b10884ae89 to remote] DEBUG org.asynchttpclient.netty.request.NettyRequestSender - Using pooled Channel '[id: 0x75275e1f, L:/127.0.0.1:57643 - R:localhost/127.0.0.1:60710]' for 'POST' to 'http://localhost:60710/session/33d715fa91ea4e6190c5c2b10884ae89/element'
10:45:56.568 [Forwarding findElement on session 33d715fa91ea4e6190c5c2b10884ae89 to remote] DEBUG org.asynchttpclient.netty.request.NettyRequestSender - Using open Channel [id: 0x75275e1f, L:/127.0.0.1:57643 - R:localhost/127.0.0.1:60710] for POST '/session/33d715fa91ea4e6190c5c2b10884ae89/element'
10:45:56.578 [AsyncHttpClient-1-2] DEBUG org.asynchttpclient.netty.handler.HttpHandler - 

Request DefaultHttpRequest(decodeResult: success, version: HTTP/1.1)
POST /session/33d715fa91ea4e6190c5c2b10884ae89/element HTTP/1.1
User-Agent: selenium/4.1.2 (java windows)
Content-Length: 104
Content-Type: application/json; charset=utf-8
host: localhost:60710
accept: */*

Response DefaultHttpResponse(decodeResult: success, version: HTTP/1.1)
HTTP/1.1 200 OK
Content-Type: application/json; charset=utf-8
cache-control: no-cache
content-length: 88

10:45:56.578 [AsyncHttpClient-1-2] DEBUG org.asynchttpclient.netty.channel.ChannelManager - Adding key: http://localhost:60710 for channel [id: 0x75275e1f, L:/127.0.0.1:57643 - R:localhost/127.0.0.1:60710]
10:45:56.579 [Forwarding clickElement on session 33d715fa91ea4e6190c5c2b10884ae89 to remote] DEBUG org.asynchttpclient.netty.request.NettyRequestSender - Using pooled Channel '[id: 0x75275e1f, L:/127.0.0.1:57643 - R:localhost/127.0.0.1:60710]' for 'POST' to 'http://localhost:60710/session/33d715fa91ea4e6190c5c2b10884ae89/element/a7f4fdb7-cce6-49f4-9b5f-03246ff2efec/click'
10:45:56.580 [Forwarding clickElement on session 33d715fa91ea4e6190c5c2b10884ae89 to remote] DEBUG org.asynchttpclient.netty.request.NettyRequestSender - Using open Channel [id: 0x75275e1f, L:/127.0.0.1:57643 - R:localhost/127.0.0.1:60710] for POST '/session/33d715fa91ea4e6190c5c2b10884ae89/element/a7f4fdb7-cce6-49f4-9b5f-03246ff2efec/click'
10:45:56.648 [AsyncHttpClient-1-2] DEBUG org.asynchttpclient.netty.handler.HttpHandler - 

Request DefaultHttpRequest(decodeResult: success, version: HTTP/1.1)
POST /session/33d715fa91ea4e6190c5c2b10884ae89/element/a7f4fdb7-cce6-49f4-9b5f-03246ff2efec/click HTTP/1.1
User-Agent: selenium/4.1.2 (java windows)
Content-Length: 50
Content-Type: application/json; charset=utf-8
host: localhost:60710
accept: */*

Response DefaultHttpResponse(decodeResult: success, version: HTTP/1.1)
HTTP/1.1 200 OK
Content-Type: application/json; charset=utf-8
cache-control: no-cache
content-length: 14

10:45:56.648 [AsyncHttpClient-1-2] DEBUG org.asynchttpclient.netty.channel.ChannelManager - Adding key: http://localhost:60710 for channel [id: 0x75275e1f, L:/127.0.0.1:57643 - R:localhost/127.0.0.1:60710]
10:45:56.658 [Forwarding screenshot on session 33d715fa91ea4e6190c5c2b10884ae89 to remote] DEBUG org.asynchttpclient.netty.request.NettyRequestSender - Using pooled Channel '[id: 0x75275e1f, L:/127.0.0.1:57643 - R:localhost/127.0.0.1:60710]' for 'GET' to 'http://localhost:60710/session/33d715fa91ea4e6190c5c2b10884ae89/screenshot'
10:45:56.658 [Forwarding screenshot on session 33d715fa91ea4e6190c5c2b10884ae89 to remote] DEBUG org.asynchttpclient.netty.request.NettyRequestSender - Using open Channel [id: 0x75275e1f, L:/127.0.0.1:57643 - R:localhost/127.0.0.1:60710] for GET '/session/33d715fa91ea4e6190c5c2b10884ae89/screenshot'
10:45:56.784 [AsyncHttpClient-1-2] DEBUG org.asynchttpclient.netty.handler.HttpHandler - 

Request DefaultFullHttpRequest(decodeResult: success, version: HTTP/1.1, content: EmptyByteBufBE)
GET /session/33d715fa91ea4e6190c5c2b10884ae89/screenshot HTTP/1.1
User-Agent: selenium/4.1.2 (java windows)
Cache-Control: no-cache
Content-Type: application/json; charset=utf-8
host: localhost:60710
accept: */*

Response DefaultHttpResponse(decodeResult: success, version: HTTP/1.1)
HTTP/1.1 200 OK
Content-Type: application/json; charset=utf-8
cache-control: no-cache
content-length: 84332

10:45:56.785 [AsyncHttpClient-1-2] DEBUG org.asynchttpclient.netty.channel.ChannelManager - Adding key: http://localhost:60710 for channel [id: 0x75275e1f, L:/127.0.0.1:57643 - R:localhost/127.0.0.1:60710]
10:45:56.789 [main] DEBUG net.serenitybdd.core.photography.Darkroom - Send negative for processing for target\site\serenity\11e8a312709ee53d9180e1ea2920cbe66c570bd19cbf6f52516fb90bcebb6210.png
10:45:56.790 [main] DEBUG net.thucydides.core.steps.StepInterceptor - STEP DONE: clickCancelButton
  &amp#27;[32mThen &amp#27;[0m&amp#27;[32mI click Cancel button&amp#27;[0m                  &amp#27;[90m# starter.stepdefinitions.PatientSteps.iClickCancelButton()&amp#27;[0m
10:45:56.790 [Darkroom Processing Line] DEBUG net.serenitybdd.core.photography.DarkroomProcessingLine - Processing screenshot image in /var/screenshots/screenshot-13190691334475202670
10:45:56.790 [Darkroom Processing Line] DEBUG net.serenitybdd.core.photography.DarkroomProcessingLine - Saving screenshot to target\site\serenity\11e8a312709ee53d9180e1ea2920cbe66c570bd19cbf6f52516fb90bcebb6210.png
10:45:56.794 [main] INFO  - 
  _____   ___   ___   _____     ___     _     ___   ___   ___   ___  
 |_   _| | __| / __| |_   _|   | _ \   /_\   / __| / __| | __| |   \ 
   | |   | _|  \__ \   | |     |  _/  / _ \  \__ \ \__ \ | _|  | |) |
   |_|   |___| |___/   |_|     |_|   /_/ \_\ |___/ |___/ |___| |___/ 

Cancel Delete Patient Data Scenario
----------------------------------------------------------------------
10:45:56.796 [AsyncHttpClient-1-4] DEBUG org.asynchttpclient.netty.handler.WebSocketHandler - Channel Closed: [id: 0x0f51531c, L:/127.0.0.1:57651 ! R:localhost/127.0.0.1:57644] with attribute NettyResponseFuture{currentRetry=5,
	isDone=1,
	isCancelled=0,
	asyncHandler=org.asynchttpclient.ws.WebSocketUpgradeHandler@9ae72c8,
	nettyRequest=org.asynchttpclient.netty.request.NettyRequest@43dc979c,
	future=java.util.concurrent.CompletableFuture@344d8db9[Completed normally],
	uri=ws://localhost:57644/devtools/browser/9f3488e5-564a-4ef1-9ace-de0eaf85a8d6,
	keepAlive=true,
	redirectCount=0,
	timeoutsHolder=null,
	inAuth=0,
	touch=1655783150864}
10:45:56.796 [Driver Command Executor] DEBUG org.asynchttpclient.netty.request.NettyRequestSender - Using pooled Channel '[id: 0x75275e1f, L:/127.0.0.1:57643 - R:localhost/127.0.0.1:60710]' for 'DELETE' to 'http://localhost:60710/session/33d715fa91ea4e6190c5c2b10884ae89'
10:45:56.796 [Driver Command Executor] DEBUG org.asynchttpclient.netty.request.NettyRequestSender - Using open Channel [id: 0x75275e1f, L:/127.0.0.1:57643 - R:localhost/127.0.0.1:60710] for DELETE '/session/33d715fa91ea4e6190c5c2b10884ae89'
10:45:56.796 [AsyncHttpClient-1-4] DEBUG org.asynchttpclient.netty.channel.ChannelManager - Closing Channel [id: 0x0f51531c, L:/127.0.0.1:57651 ! R:localhost/127.0.0.1:57644] 
10:45:56.827 [AsyncHttpClient-1-3] DEBUG org.asynchttpclient.netty.handler.HttpHandler - Unexpected I/O exception on channel [id: 0xbc99741f, L:/127.0.0.1:57650 - R:localhost/127.0.0.1:57644]
java.net.SocketException: Connection reset
	at java.base/sun.nio.ch.SocketChannelImpl.throwConnectionReset(SocketChannelImpl.java:367)
	at java.base/sun.nio.ch.SocketChannelImpl.read(SocketChannelImpl.java:398)
	at io.netty.buffer.PooledByteBuf.setBytes(PooledByteBuf.java:258)
	at io.netty.buffer.AbstractByteBuf.writeBytes(AbstractByteBuf.java:1132)
	at io.netty.channel.socket.nio.NioSocketChannel.doReadBytes(NioSocketChannel.java:350)
	at io.netty.channel.nio.AbstractNioByteChannel$NioByteUnsafe.read(AbstractNioByteChannel.java:151)
	at io.netty.channel.nio.NioEventLoop.processSelectedKey(NioEventLoop.java:722)
	at io.netty.channel.nio.NioEventLoop.processSelectedKeysOptimized(NioEventLoop.java:658)
	at io.netty.channel.nio.NioEventLoop.processSelectedKeys(NioEventLoop.java:584)
	at io.netty.channel.nio.NioEventLoop.run(NioEventLoop.java:496)
	at io.netty.util.concurrent.SingleThreadEventExecutor$4.run(SingleThreadEventExecutor.java:986)
	at io.netty.util.internal.ThreadExecutorMap$2.run(ThreadExecutorMap.java:74)
	at io.netty.util.concurrent.FastThreadLocalRunnable.run(FastThreadLocalRunnable.java:30)
	at java.base/java.lang.Thread.run(Thread.java:832)
10:45:56.827 [AsyncHttpClient-1-3] DEBUG org.asynchttpclient.netty.channel.ChannelManager - Closing Channel [id: 0xbc99741f, L:/127.0.0.1:57650 - R:localhost/127.0.0.1:57644] 
10:45:56.827 [AsyncHttpClient-1-3] DEBUG org.asynchttpclient.netty.handler.HttpHandler - Channel Closed: [id: 0xbc99741f, L:/127.0.0.1:57650 ! R:localhost/127.0.0.1:57644] with attribute DISCARD
10:45:56.863 [AsyncHttpClient-1-2] DEBUG org.asynchttpclient.netty.handler.HttpHandler - 

Request DefaultFullHttpRequest(decodeResult: success, version: HTTP/1.1, content: EmptyByteBufBE)
DELETE /session/33d715fa91ea4e6190c5c2b10884ae89 HTTP/1.1
User-Agent: selenium/4.1.2 (java windows)
Content-Type: application/json; charset=utf-8
host: localhost:60710
accept: */*

Response DefaultHttpResponse(decodeResult: success, version: HTTP/1.1)
HTTP/1.1 200 OK
Content-Type: application/json; charset=utf-8
cache-control: no-cache
content-length: 14

10:45:56.863 [AsyncHttpClient-1-2] DEBUG org.asynchttpclient.netty.channel.ChannelManager - Adding key: http://localhost:60710 for channel [id: 0x75275e1f, L:/127.0.0.1:57643 - R:localhost/127.0.0.1:60710]
10:45:57.020 [AsyncHttpClient-1-2] DEBUG org.asynchttpclient.netty.handler.HttpHandler - Channel Closed: [id: 0x75275e1f, L:/127.0.0.1:57643 ! R:localhost/127.0.0.1:60710] with attribute DISCARD
10:45:57.365 [AsyncHttpClient-1-1] DEBUG org.asynchttpclient.netty.channel.DefaultChannelPool - Entry count for : http://localhost:60710 : 1
10:45:57.365 [AsyncHttpClient-1-1] DEBUG org.asynchttpclient.netty.channel.DefaultChannelPool - Entry count for : http://localhost:57644 : 1
10:45:57.365 [AsyncHttpClient-1-1] DEBUG org.asynchttpclient.netty.channel.DefaultChannelPool - Adding Candidate expired Channel [id: 0x75275e1f, L:/127.0.0.1:57643 ! R:localhost/127.0.0.1:60710] isIdleTimeoutExpired=false isRemotelyClosed=true isTtlExpired=false
10:45:57.365 [AsyncHttpClient-1-1] DEBUG org.asynchttpclient.netty.channel.DefaultChannelPool - Closing Idle Channel [id: 0x75275e1f, L:/127.0.0.1:57643 ! R:localhost/127.0.0.1:60710]
10:45:57.365 [AsyncHttpClient-1-1] DEBUG org.asynchttpclient.netty.channel.DefaultChannelPool - Adding Candidate expired Channel [id: 0xbc99741f, L:/127.0.0.1:57650 ! R:localhost/127.0.0.1:57644] isIdleTimeoutExpired=false isRemotelyClosed=true isTtlExpired=false
10:45:57.365 [AsyncHttpClient-1-1] DEBUG org.asynchttpclient.netty.channel.DefaultChannelPool - Closing Idle Channel [id: 0xbc99741f, L:/127.0.0.1:57650 ! R:localhost/127.0.0.1:57644]
10:45:57.365 [AsyncHttpClient-1-1] DEBUG org.asynchttpclient.netty.channel.DefaultChannelPool - Closed 2 connections out of 2 in 0 ms
]]></system-out>
    <system-err><![CDATA[Starting ChromeDriver 102.0.5005.61 (0e59bcc00cc4985ce39ad31c150065f159d95ad3-refs/branch-heads/5005@{#819}) on port 60710
Only local connections are allowed.
Please see https://chromedriver.chromium.org/security-considerations for suggestions on keeping ChromeDriver safe.
ChromeDriver was started successfully.
Jun 21, 2022 10:45:50 AM org.openqa.selenium.remote.ProtocolHandshake createSession
INFO: Detected dialect: W3C
Jun 21, 2022 10:45:50 AM org.openqa.selenium.devtools.CdpVersionFinder findNearestMatch
WARNING: Unable to find an exact match for CDP version 102, so returning the closest version found: a no-op implementation
Jun 21, 2022 10:45:50 AM org.openqa.selenium.devtools.CdpVersionFinder findNearestMatch
INFO: Unable to find CDP implementation matching 102.
Jun 21, 2022 10:45:50 AM org.openqa.selenium.chromium.ChromiumDriver lambda$new$3
WARNING: Unable to find version of CDP to use for . You may need to include a dependency on a specific version of the CDP using something similar to `org.seleniumhq.selenium:selenium-devtools-v86:4.1.2` where the version ("v86") matches the version of the chromium-based browser you're using and the version number of the artifact is the same as Selenium's.
]]></system-err>
  </testcase>
  <testcase name="Delete Patient Data Scenario" classname="Patient" time="7.742">
    <system-out><![CDATA[
@Patient @DeletePatient
Scenario: Delete Patient Data Scenario &amp#27;[90m# src/test/resources/features/2.Patient.feature:47&amp#27;[0m
10:45:57.563 [main] INFO io.cucumber.core.plugin.SerenityReporter - Running feature from file:///E:/My%20Documents/File%20Difa/TI%20Semester%206%20Kampus%20Merdeka%20Alterra/Tugas/CAPSTONE%20Project/Capstone-Project-Website/src/test/resources/features/2.Patient.feature
10:45:57.566 [main] INFO  - 
  _____   ___   ___   _____     ___   _____     _     ___   _____   ___   ___  
 |_   _| | __| / __| |_   _|   / __| |_   _|   /_\   | _ \ |_   _| | __| |   \ 
   | |   | _|  \__ \   | |     \__ \   | |    / _ \  |   /   | |   | _|  | |) |
   |_|   |___| |___/   |_|     |___/   |_|   /_/ \_\ |_|_\   |_|   |___| |___/ 

Delete Patient Data Scenario(patient;delete-patient-data-scenario)
--------------------------------------------------------------------------------
10:45:57.597 [main] DEBUG net.thucydides.core.steps.StepInterceptor - STARTING STEP: PatientSteps.iAmAtTheDashboardPage - openUrl
10:45:57.599 [main] INFO net.serenitybdd.core.webdriver.driverproviders.ChromeDriverProvider - Using automatically driver download
10:45:57.771 [main] DEBUG io.github.bonigarcia.wdm.cache.ResolutionCache - Resolution chrome=102 in cache (valid until 11:37:46 21/06/2022 ICT)
10:45:57.775 [main] DEBUG io.github.bonigarcia.wdm.cache.ResolutionCache - Resolution chrome102=102.0.5005.61 in cache (valid until 09:22:16 22/06/2022 ICT)
10:45:57.777 [main] INFO io.github.bonigarcia.wdm.WebDriverManager - Using chromedriver 102.0.5005.61 (resolved driver for Chrome 102)
10:45:57.789 [main] DEBUG io.github.bonigarcia.wdm.WebDriverManager - Driver chromedriver 102.0.5005.61 found in cache
10:45:57.790 [main] INFO io.github.bonigarcia.wdm.WebDriverManager - Exporting webdriver.chrome.driver as C:\Users\USER\.cache\selenium\chromedriver\win32\102.0.5005.61\chromedriver.exe
10:45:57.947 [main] DEBUG net.serenitybdd.core.webdriver.driverproviders.ProvideNewDriver - Instantiating driver
10:45:57.947 [main] DEBUG net.serenitybdd.core.webdriver.driverproviders.ProvideNewDriver - Driver capabilities: Capabilities {acceptInsecureCerts: false, base.url: https://hospital-management..., browserName: chrome, chrome.driver: src/test/resources/webdrive..., driver: chrome, goog:chromeOptions: {args: [], extensions: []}}
10:45:58.488 [AsyncHttpClient-1-5] DEBUG org.asynchttpclient.netty.channel.NettyConnectListener - Using new Channel '[id: 0x3dc2892d, L:/127.0.0.1:57668 - R:localhost/127.0.0.1:58480]' for 'POST' to '/session'
10:45:59.201 [AsyncHttpClient-1-5] DEBUG org.asynchttpclient.netty.handler.HttpHandler - 

Request DefaultHttpRequest(decodeResult: success, version: HTTP/1.1)
POST /session HTTP/1.1
User-Agent: selenium/4.1.2 (java windows)
Content-Length: 621
Content-Type: application/json; charset=utf-8
host: localhost:58480
accept: */*

Response DefaultHttpResponse(decodeResult: success, version: HTTP/1.1)
HTTP/1.1 200 OK
Content-Type: application/json; charset=utf-8
cache-control: no-cache
content-length: 788

10:45:59.202 [AsyncHttpClient-1-5] DEBUG org.asynchttpclient.netty.channel.ChannelManager - Adding key: http://localhost:58480 for channel [id: 0x3dc2892d, L:/127.0.0.1:57668 - R:localhost/127.0.0.1:58480]
10:45:59.221 [AsyncHttpClient-1-6] DEBUG org.asynchttpclient.netty.channel.NettyConnectListener - Using new Channel '[id: 0x3326e0d7, L:/127.0.0.1:57674 - R:localhost/127.0.0.1:57669]' for 'GET' to '/json/version'
10:45:59.221 [AsyncHttpClient-1-6] DEBUG org.asynchttpclient.netty.handler.HttpHandler - 

Request DefaultFullHttpRequest(decodeResult: success, version: HTTP/1.1, content: EmptyByteBufBE)
GET /json/version HTTP/1.1
User-Agent: selenium/4.1.2 (java windows)
host: localhost:57669
accept: */*

Response DefaultHttpResponse(decodeResult: success, version: HTTP/1.1)
HTTP/1.1 200 OK
Content-Type: application/json; charset=UTF-8
content-length: 427

10:45:59.222 [AsyncHttpClient-1-6] DEBUG org.asynchttpclient.netty.channel.ChannelManager - Adding key: http://localhost:57669 for channel [id: 0x3326e0d7, L:/127.0.0.1:57674 - R:localhost/127.0.0.1:57669]
10:45:59.242 [AsyncHttpClient-1-7] DEBUG org.asynchttpclient.netty.channel.NettyConnectListener - Using new Channel '[id: 0xf3a5d56b, L:/127.0.0.1:57675 - R:localhost/127.0.0.1:57669]' for 'GET' to '/devtools/browser/40bdf111-68be-49da-b6e5-d21bf0643dc8'
10:45:59.245 [AsyncHttpClient-1-7] DEBUG org.asynchttpclient.netty.handler.WebSocketHandler - 

Request DefaultFullHttpRequest(decodeResult: success, version: HTTP/1.1, content: EmptyByteBufBE)
GET /devtools/browser/40bdf111-68be-49da-b6e5-d21bf0643dc8 HTTP/1.1
upgrade: websocket
connection: upgrade
sec-websocket-key: 9XcQxbdPdq+x7XY4kC/0pw==
sec-websocket-version: 13
origin: http://localhost:57669
host: localhost:57669
accept: */*
user-agent: AHC/2.1

Response DefaultHttpResponse(decodeResult: success, version: HTTP/1.1)
HTTP/1.1 101 WebSocket Protocol Handshake
Upgrade: WebSocket
Connection: Upgrade
Sec-WebSocket-Accept: z1tky9m+9Cd3luA9LxPPkxHki04=

10:45:59.253 [Forwarding maximizeCurrentWindow on session 2fad70a4598115e85e2cdc39f78e77ea to remote] DEBUG org.asynchttpclient.netty.request.NettyRequestSender - Using pooled Channel '[id: 0x3dc2892d, L:/127.0.0.1:57668 - R:localhost/127.0.0.1:58480]' for 'POST' to 'http://localhost:58480/session/2fad70a4598115e85e2cdc39f78e77ea/window/maximize'
10:45:59.253 [Forwarding maximizeCurrentWindow on session 2fad70a4598115e85e2cdc39f78e77ea to remote] DEBUG org.asynchttpclient.netty.request.NettyRequestSender - Using open Channel [id: 0x3dc2892d, L:/127.0.0.1:57668 - R:localhost/127.0.0.1:58480] for POST '/session/2fad70a4598115e85e2cdc39f78e77ea/window/maximize'
10:45:59.388 [AsyncHttpClient-1-5] DEBUG org.asynchttpclient.netty.handler.HttpHandler - 

Request DefaultHttpRequest(decodeResult: success, version: HTTP/1.1)
POST /session/2fad70a4598115e85e2cdc39f78e77ea/window/maximize HTTP/1.1
User-Agent: selenium/4.1.2 (java windows)
Content-Length: 3
Content-Type: application/json; charset=utf-8
host: localhost:58480
accept: */*

Response DefaultHttpResponse(decodeResult: success, version: HTTP/1.1)
HTTP/1.1 200 OK
Content-Type: application/json; charset=utf-8
cache-control: no-cache
content-length: 51

10:45:59.388 [AsyncHttpClient-1-5] DEBUG org.asynchttpclient.netty.channel.ChannelManager - Adding key: http://localhost:58480 for channel [id: 0x3dc2892d, L:/127.0.0.1:57668 - R:localhost/127.0.0.1:58480]
10:45:59.390 [Forwarding get on session 2fad70a4598115e85e2cdc39f78e77ea to remote] DEBUG org.asynchttpclient.netty.request.NettyRequestSender - Using pooled Channel '[id: 0x3dc2892d, L:/127.0.0.1:57668 - R:localhost/127.0.0.1:58480]' for 'POST' to 'http://localhost:58480/session/2fad70a4598115e85e2cdc39f78e77ea/url'
10:45:59.390 [Forwarding get on session 2fad70a4598115e85e2cdc39f78e77ea to remote] DEBUG org.asynchttpclient.netty.request.NettyRequestSender - Using open Channel [id: 0x3dc2892d, L:/127.0.0.1:57668 - R:localhost/127.0.0.1:58480] for POST '/session/2fad70a4598115e85e2cdc39f78e77ea/url'
10:45:59.564 [AsyncHttpClient-1-1] DEBUG org.asynchttpclient.netty.channel.DefaultChannelPool - Entry count for : http://localhost:57669 : 1
10:46:00.665 [AsyncHttpClient-1-1] DEBUG org.asynchttpclient.netty.channel.DefaultChannelPool - Entry count for : http://localhost:57669 : 1
10:46:01.610 [AsyncHttpClient-1-5] DEBUG org.asynchttpclient.netty.handler.HttpHandler - 

Request DefaultHttpRequest(decodeResult: success, version: HTTP/1.1)
POST /session/2fad70a4598115e85e2cdc39f78e77ea/url HTTP/1.1
User-Agent: selenium/4.1.2 (java windows)
Content-Length: 65
Content-Type: application/json; charset=utf-8
host: localhost:58480
accept: */*

Response DefaultHttpResponse(decodeResult: success, version: HTTP/1.1)
HTTP/1.1 200 OK
Content-Type: application/json; charset=utf-8
cache-control: no-cache
content-length: 14

10:46:01.610 [AsyncHttpClient-1-5] DEBUG org.asynchttpclient.netty.channel.ChannelManager - Adding key: http://localhost:58480 for channel [id: 0x3dc2892d, L:/127.0.0.1:57668 - R:localhost/127.0.0.1:58480]
10:46:01.612 [Forwarding setTimeout on session 2fad70a4598115e85e2cdc39f78e77ea to remote] DEBUG org.asynchttpclient.netty.request.NettyRequestSender - Using pooled Channel '[id: 0x3dc2892d, L:/127.0.0.1:57668 - R:localhost/127.0.0.1:58480]' for 'POST' to 'http://localhost:58480/session/2fad70a4598115e85e2cdc39f78e77ea/timeouts'
10:46:01.612 [Forwarding setTimeout on session 2fad70a4598115e85e2cdc39f78e77ea to remote] DEBUG org.asynchttpclient.netty.request.NettyRequestSender - Using open Channel [id: 0x3dc2892d, L:/127.0.0.1:57668 - R:localhost/127.0.0.1:58480] for POST '/session/2fad70a4598115e85e2cdc39f78e77ea/timeouts'
10:46:01.613 [AsyncHttpClient-1-5] DEBUG org.asynchttpclient.netty.handler.HttpHandler - 

Request DefaultHttpRequest(decodeResult: success, version: HTTP/1.1)
POST /session/2fad70a4598115e85e2cdc39f78e77ea/timeouts HTTP/1.1
User-Agent: selenium/4.1.2 (java windows)
Content-Length: 22
Content-Type: application/json; charset=utf-8
host: localhost:58480
accept: */*

Response DefaultHttpResponse(decodeResult: success, version: HTTP/1.1)
HTTP/1.1 200 OK
Content-Type: application/json; charset=utf-8
cache-control: no-cache
content-length: 14

10:46:01.614 [AsyncHttpClient-1-5] DEBUG org.asynchttpclient.netty.channel.ChannelManager - Adding key: http://localhost:58480 for channel [id: 0x3dc2892d, L:/127.0.0.1:57668 - R:localhost/127.0.0.1:58480]
10:46:01.619 [Forwarding getCurrentUrl on session 2fad70a4598115e85e2cdc39f78e77ea to remote] DEBUG org.asynchttpclient.netty.request.NettyRequestSender - Using pooled Channel '[id: 0x3dc2892d, L:/127.0.0.1:57668 - R:localhost/127.0.0.1:58480]' for 'GET' to 'http://localhost:58480/session/2fad70a4598115e85e2cdc39f78e77ea/url'
10:46:01.619 [Forwarding getCurrentUrl on session 2fad70a4598115e85e2cdc39f78e77ea to remote] DEBUG org.asynchttpclient.netty.request.NettyRequestSender - Using open Channel [id: 0x3dc2892d, L:/127.0.0.1:57668 - R:localhost/127.0.0.1:58480] for GET '/session/2fad70a4598115e85e2cdc39f78e77ea/url'
10:46:01.660 [AsyncHttpClient-1-5] DEBUG org.asynchttpclient.netty.handler.HttpHandler - 

Request DefaultFullHttpRequest(decodeResult: success, version: HTTP/1.1, content: EmptyByteBufBE)
GET /session/2fad70a4598115e85e2cdc39f78e77ea/url HTTP/1.1
User-Agent: selenium/4.1.2 (java windows)
Cache-Control: no-cache
Content-Type: application/json; charset=utf-8
host: localhost:58480
accept: */*

Response DefaultHttpResponse(decodeResult: success, version: HTTP/1.1)
HTTP/1.1 200 OK
Content-Type: application/json; charset=utf-8
cache-control: no-cache
content-length: 53

10:46:01.660 [AsyncHttpClient-1-5] DEBUG org.asynchttpclient.netty.channel.ChannelManager - Adding key: http://localhost:58480 for channel [id: 0x3dc2892d, L:/127.0.0.1:57668 - R:localhost/127.0.0.1:58480]
10:46:01.667 [Forwarding getCurrentUrl on session 2fad70a4598115e85e2cdc39f78e77ea to remote] DEBUG org.asynchttpclient.netty.request.NettyRequestSender - Using pooled Channel '[id: 0x3dc2892d, L:/127.0.0.1:57668 - R:localhost/127.0.0.1:58480]' for 'GET' to 'http://localhost:58480/session/2fad70a4598115e85e2cdc39f78e77ea/url'
10:46:01.667 [Forwarding getCurrentUrl on session 2fad70a4598115e85e2cdc39f78e77ea to remote] DEBUG org.asynchttpclient.netty.request.NettyRequestSender - Using open Channel [id: 0x3dc2892d, L:/127.0.0.1:57668 - R:localhost/127.0.0.1:58480] for GET '/session/2fad70a4598115e85e2cdc39f78e77ea/url'
10:46:01.671 [AsyncHttpClient-1-5] DEBUG org.asynchttpclient.netty.handler.HttpHandler - 

Request DefaultFullHttpRequest(decodeResult: success, version: HTTP/1.1, content: EmptyByteBufBE)
GET /session/2fad70a4598115e85e2cdc39f78e77ea/url HTTP/1.1
User-Agent: selenium/4.1.2 (java windows)
Cache-Control: no-cache
Content-Type: application/json; charset=utf-8
host: localhost:58480
accept: */*

Response DefaultHttpResponse(decodeResult: success, version: HTTP/1.1)
HTTP/1.1 200 OK
Content-Type: application/json; charset=utf-8
cache-control: no-cache
content-length: 53

10:46:01.671 [AsyncHttpClient-1-5] DEBUG org.asynchttpclient.netty.channel.ChannelManager - Adding key: http://localhost:58480 for channel [id: 0x3dc2892d, L:/127.0.0.1:57668 - R:localhost/127.0.0.1:58480]
10:46:01.681 [Forwarding screenshot on session 2fad70a4598115e85e2cdc39f78e77ea to remote] DEBUG org.asynchttpclient.netty.request.NettyRequestSender - Using pooled Channel '[id: 0x3dc2892d, L:/127.0.0.1:57668 - R:localhost/127.0.0.1:58480]' for 'GET' to 'http://localhost:58480/session/2fad70a4598115e85e2cdc39f78e77ea/screenshot'
10:46:01.681 [Forwarding screenshot on session 2fad70a4598115e85e2cdc39f78e77ea to remote] DEBUG org.asynchttpclient.netty.request.NettyRequestSender - Using open Channel [id: 0x3dc2892d, L:/127.0.0.1:57668 - R:localhost/127.0.0.1:58480] for GET '/session/2fad70a4598115e85e2cdc39f78e77ea/screenshot'
10:46:01.765 [AsyncHttpClient-1-1] DEBUG org.asynchttpclient.netty.channel.DefaultChannelPool - Entry count for : http://localhost:57669 : 1
10:46:02.241 [AsyncHttpClient-1-5] DEBUG org.asynchttpclient.netty.handler.HttpHandler - 

Request DefaultFullHttpRequest(decodeResult: success, version: HTTP/1.1, content: EmptyByteBufBE)
GET /session/2fad70a4598115e85e2cdc39f78e77ea/screenshot HTTP/1.1
User-Agent: selenium/4.1.2 (java windows)
Cache-Control: no-cache
Content-Type: application/json; charset=utf-8
host: localhost:58480
accept: */*

Response DefaultHttpResponse(decodeResult: success, version: HTTP/1.1)
HTTP/1.1 200 OK
Content-Type: application/json; charset=utf-8
cache-control: no-cache
content-length: 305892

10:46:02.243 [AsyncHttpClient-1-5] DEBUG org.asynchttpclient.netty.channel.ChannelManager - Adding key: http://localhost:58480 for channel [id: 0x3dc2892d, L:/127.0.0.1:57668 - R:localhost/127.0.0.1:58480]
10:46:02.279 [main] DEBUG net.serenitybdd.core.photography.Darkroom - Send negative for processing for target\site\serenity\722717b59ebbd241f60199e302ae36a01e106aa4b3c5c00d8b34a786f0a5fe67.png
10:46:02.279 [main] DEBUG net.thucydides.core.steps.StepInterceptor - STEP DONE: openUrl
10:46:02.292 [main] DEBUG net.thucydides.core.steps.StepInterceptor - STARTING STEP: PatientSteps.iAmAtTheDashboardPage - validateOnDashboardPage
10:46:02.295 [Forwarding findElement on session 2fad70a4598115e85e2cdc39f78e77ea to remote] DEBUG org.asynchttpclient.netty.request.NettyRequestSender - Using pooled Channel '[id: 0x3dc2892d, L:/127.0.0.1:57668 - R:localhost/127.0.0.1:58480]' for 'POST' to 'http://localhost:58480/session/2fad70a4598115e85e2cdc39f78e77ea/element'
10:46:02.295 [Forwarding findElement on session 2fad70a4598115e85e2cdc39f78e77ea to remote] DEBUG org.asynchttpclient.netty.request.NettyRequestSender - Using open Channel [id: 0x3dc2892d, L:/127.0.0.1:57668 - R:localhost/127.0.0.1:58480] for POST '/session/2fad70a4598115e85e2cdc39f78e77ea/element'
10:46:02.318 [AsyncHttpClient-1-5] DEBUG org.asynchttpclient.netty.handler.HttpHandler - 

Request DefaultHttpRequest(decodeResult: success, version: HTTP/1.1)
POST /session/2fad70a4598115e85e2cdc39f78e77ea/element HTTP/1.1
User-Agent: selenium/4.1.2 (java windows)
Content-Length: 81
Content-Type: application/json; charset=utf-8
host: localhost:58480
accept: */*

Response DefaultHttpResponse(decodeResult: success, version: HTTP/1.1)
HTTP/1.1 200 OK
Content-Type: application/json; charset=utf-8
cache-control: no-cache
content-length: 88

10:46:02.318 [AsyncHttpClient-1-5] DEBUG org.asynchttpclient.netty.channel.ChannelManager - Adding key: http://localhost:58480 for channel [id: 0x3dc2892d, L:/127.0.0.1:57668 - R:localhost/127.0.0.1:58480]
10:46:02.323 [Forwarding isElementDisplayed on session 2fad70a4598115e85e2cdc39f78e77ea to remote] DEBUG org.asynchttpclient.netty.request.NettyRequestSender - Using pooled Channel '[id: 0x3dc2892d, L:/127.0.0.1:57668 - R:localhost/127.0.0.1:58480]' for 'POST' to 'http://localhost:58480/session/2fad70a4598115e85e2cdc39f78e77ea/execute/sync'
10:46:02.323 [Forwarding isElementDisplayed on session 2fad70a4598115e85e2cdc39f78e77ea to remote] DEBUG org.asynchttpclient.netty.request.NettyRequestSender - Using open Channel [id: 0x3dc2892d, L:/127.0.0.1:57668 - R:localhost/127.0.0.1:58480] for POST '/session/2fad70a4598115e85e2cdc39f78e77ea/execute/sync'
10:46:02.351 [AsyncHttpClient-1-5] DEBUG org.asynchttpclient.netty.handler.HttpHandler - 

Request DefaultHttpRequest(decodeResult: success, version: HTTP/1.1)
POST /session/2fad70a4598115e85e2cdc39f78e77ea/execute/sync HTTP/1.1
User-Agent: selenium/4.1.2 (java windows)
Content-Length: 48780
Content-Type: application/json; charset=utf-8
host: localhost:58480
accept: */*

Response DefaultHttpResponse(decodeResult: success, version: HTTP/1.1)
HTTP/1.1 200 OK
Content-Type: application/json; charset=utf-8
cache-control: no-cache
content-length: 14

10:46:02.351 [AsyncHttpClient-1-5] DEBUG org.asynchttpclient.netty.channel.ChannelManager - Adding key: http://localhost:58480 for channel [id: 0x3dc2892d, L:/127.0.0.1:57668 - R:localhost/127.0.0.1:58480]
10:46:02.360 [Forwarding screenshot on session 2fad70a4598115e85e2cdc39f78e77ea to remote] DEBUG org.asynchttpclient.netty.request.NettyRequestSender - Using pooled Channel '[id: 0x3dc2892d, L:/127.0.0.1:57668 - R:localhost/127.0.0.1:58480]' for 'GET' to 'http://localhost:58480/session/2fad70a4598115e85e2cdc39f78e77ea/screenshot'
10:46:02.360 [Forwarding screenshot on session 2fad70a4598115e85e2cdc39f78e77ea to remote] DEBUG org.asynchttpclient.netty.request.NettyRequestSender - Using open Channel [id: 0x3dc2892d, L:/127.0.0.1:57668 - R:localhost/127.0.0.1:58480] for GET '/session/2fad70a4598115e85e2cdc39f78e77ea/screenshot'
10:46:02.694 [AsyncHttpClient-1-5] DEBUG org.asynchttpclient.netty.handler.HttpHandler - 

Request DefaultFullHttpRequest(decodeResult: success, version: HTTP/1.1, content: EmptyByteBufBE)
GET /session/2fad70a4598115e85e2cdc39f78e77ea/screenshot HTTP/1.1
User-Agent: selenium/4.1.2 (java windows)
Cache-Control: no-cache
Content-Type: application/json; charset=utf-8
host: localhost:58480
accept: */*

Response DefaultHttpResponse(decodeResult: success, version: HTTP/1.1)
HTTP/1.1 200 OK
Content-Type: application/json; charset=utf-8
cache-control: no-cache
content-length: 382596

10:46:02.696 [AsyncHttpClient-1-5] DEBUG org.asynchttpclient.netty.channel.ChannelManager - Adding key: http://localhost:58480 for channel [id: 0x3dc2892d, L:/127.0.0.1:57668 - R:localhost/127.0.0.1:58480]
10:46:02.723 [main] DEBUG net.serenitybdd.core.photography.Darkroom - Send negative for processing for target\site\serenity\ed15a54c91c342d96a850276df7b559f4526b370fc93040e3c407a48a170f368.png
10:46:02.723 [main] DEBUG net.thucydides.core.steps.StepInterceptor - STEP DONE: validateOnDashboardPage
  &amp#27;[32mGiven &amp#27;[0m&amp#27;[32mI am at the dashboard page&amp#27;[0m     &amp#27;[90m# starter.stepdefinitions.PatientSteps.iAmAtTheDashboardPage()&amp#27;[0m
10:46:02.752 [main] DEBUG net.thucydides.core.steps.StepInterceptor - STARTING STEP: PatientSteps.iClickMenuPatient - clickMenuPatientButton
10:46:02.757 [Forwarding findElement on session 2fad70a4598115e85e2cdc39f78e77ea to remote] DEBUG org.asynchttpclient.netty.request.NettyRequestSender - Using pooled Channel '[id: 0x3dc2892d, L:/127.0.0.1:57668 - R:localhost/127.0.0.1:58480]' for 'POST' to 'http://localhost:58480/session/2fad70a4598115e85e2cdc39f78e77ea/element'
10:46:02.757 [Forwarding findElement on session 2fad70a4598115e85e2cdc39f78e77ea to remote] DEBUG org.asynchttpclient.netty.request.NettyRequestSender - Using open Channel [id: 0x3dc2892d, L:/127.0.0.1:57668 - R:localhost/127.0.0.1:58480] for POST '/session/2fad70a4598115e85e2cdc39f78e77ea/element'
10:46:02.778 [AsyncHttpClient-1-5] DEBUG org.asynchttpclient.netty.handler.HttpHandler - 

Request DefaultHttpRequest(decodeResult: success, version: HTTP/1.1)
POST /session/2fad70a4598115e85e2cdc39f78e77ea/element HTTP/1.1
User-Agent: selenium/4.1.2 (java windows)
Content-Length: 80
Content-Type: application/json; charset=utf-8
host: localhost:58480
accept: */*

Response DefaultHttpResponse(decodeResult: success, version: HTTP/1.1)
HTTP/1.1 200 OK
Content-Type: application/json; charset=utf-8
cache-control: no-cache
content-length: 88

10:46:02.778 [AsyncHttpClient-1-5] DEBUG org.asynchttpclient.netty.channel.ChannelManager - Adding key: http://localhost:58480 for channel [id: 0x3dc2892d, L:/127.0.0.1:57668 - R:localhost/127.0.0.1:58480]
10:46:02.779 [Forwarding getElementTagName on session 2fad70a4598115e85e2cdc39f78e77ea to remote] DEBUG org.asynchttpclient.netty.request.NettyRequestSender - Using pooled Channel '[id: 0x3dc2892d, L:/127.0.0.1:57668 - R:localhost/127.0.0.1:58480]' for 'GET' to 'http://localhost:58480/session/2fad70a4598115e85e2cdc39f78e77ea/element/ca53d1fb-3b85-490f-859b-db6387b707c0/name'
10:46:02.780 [Forwarding getElementTagName on session 2fad70a4598115e85e2cdc39f78e77ea to remote] DEBUG org.asynchttpclient.netty.request.NettyRequestSender - Using open Channel [id: 0x3dc2892d, L:/127.0.0.1:57668 - R:localhost/127.0.0.1:58480] for GET '/session/2fad70a4598115e85e2cdc39f78e77ea/element/ca53d1fb-3b85-490f-859b-db6387b707c0/name'
10:46:02.786 [AsyncHttpClient-1-5] DEBUG org.asynchttpclient.netty.handler.HttpHandler - 

Request DefaultFullHttpRequest(decodeResult: success, version: HTTP/1.1, content: EmptyByteBufBE)
GET /session/2fad70a4598115e85e2cdc39f78e77ea/element/ca53d1fb-3b85-490f-859b-db6387b707c0/name HTTP/1.1
User-Agent: selenium/4.1.2 (java windows)
Cache-Control: no-cache
Content-Type: application/json; charset=utf-8
host: localhost:58480
accept: */*

Response DefaultHttpResponse(decodeResult: success, version: HTTP/1.1)
HTTP/1.1 200 OK
Content-Type: application/json; charset=utf-8
cache-control: no-cache
content-length: 15

10:46:02.786 [AsyncHttpClient-1-5] DEBUG org.asynchttpclient.netty.channel.ChannelManager - Adding key: http://localhost:58480 for channel [id: 0x3dc2892d, L:/127.0.0.1:57668 - R:localhost/127.0.0.1:58480]
10:46:02.787 [Forwarding getElementTagName on session 2fad70a4598115e85e2cdc39f78e77ea to remote] DEBUG org.asynchttpclient.netty.request.NettyRequestSender - Using pooled Channel '[id: 0x3dc2892d, L:/127.0.0.1:57668 - R:localhost/127.0.0.1:58480]' for 'GET' to 'http://localhost:58480/session/2fad70a4598115e85e2cdc39f78e77ea/element/ca53d1fb-3b85-490f-859b-db6387b707c0/name'
10:46:02.787 [Forwarding getElementTagName on session 2fad70a4598115e85e2cdc39f78e77ea to remote] DEBUG org.asynchttpclient.netty.request.NettyRequestSender - Using open Channel [id: 0x3dc2892d, L:/127.0.0.1:57668 - R:localhost/127.0.0.1:58480] for GET '/session/2fad70a4598115e85e2cdc39f78e77ea/element/ca53d1fb-3b85-490f-859b-db6387b707c0/name'
10:46:02.792 [AsyncHttpClient-1-5] DEBUG org.asynchttpclient.netty.handler.HttpHandler - 

Request DefaultFullHttpRequest(decodeResult: success, version: HTTP/1.1, content: EmptyByteBufBE)
GET /session/2fad70a4598115e85e2cdc39f78e77ea/element/ca53d1fb-3b85-490f-859b-db6387b707c0/name HTTP/1.1
User-Agent: selenium/4.1.2 (java windows)
Cache-Control: no-cache
Content-Type: application/json; charset=utf-8
host: localhost:58480
accept: */*

Response DefaultHttpResponse(decodeResult: success, version: HTTP/1.1)
HTTP/1.1 200 OK
Content-Type: application/json; charset=utf-8
cache-control: no-cache
content-length: 15

10:46:02.792 [AsyncHttpClient-1-5] DEBUG org.asynchttpclient.netty.channel.ChannelManager - Adding key: http://localhost:58480 for channel [id: 0x3dc2892d, L:/127.0.0.1:57668 - R:localhost/127.0.0.1:58480]
10:46:02.795 [Forwarding findElement on session 2fad70a4598115e85e2cdc39f78e77ea to remote] DEBUG org.asynchttpclient.netty.request.NettyRequestSender - Using pooled Channel '[id: 0x3dc2892d, L:/127.0.0.1:57668 - R:localhost/127.0.0.1:58480]' for 'POST' to 'http://localhost:58480/session/2fad70a4598115e85e2cdc39f78e77ea/element'
10:46:02.795 [Forwarding findElement on session 2fad70a4598115e85e2cdc39f78e77ea to remote] DEBUG org.asynchttpclient.netty.request.NettyRequestSender - Using open Channel [id: 0x3dc2892d, L:/127.0.0.1:57668 - R:localhost/127.0.0.1:58480] for POST '/session/2fad70a4598115e85e2cdc39f78e77ea/element'
10:46:02.805 [AsyncHttpClient-1-5] DEBUG org.asynchttpclient.netty.handler.HttpHandler - 

Request DefaultHttpRequest(decodeResult: success, version: HTTP/1.1)
POST /session/2fad70a4598115e85e2cdc39f78e77ea/element HTTP/1.1
User-Agent: selenium/4.1.2 (java windows)
Content-Length: 80
Content-Type: application/json; charset=utf-8
host: localhost:58480
accept: */*

Response DefaultHttpResponse(decodeResult: success, version: HTTP/1.1)
HTTP/1.1 200 OK
Content-Type: application/json; charset=utf-8
cache-control: no-cache
content-length: 88

10:46:02.805 [AsyncHttpClient-1-5] DEBUG org.asynchttpclient.netty.channel.ChannelManager - Adding key: http://localhost:58480 for channel [id: 0x3dc2892d, L:/127.0.0.1:57668 - R:localhost/127.0.0.1:58480]
10:46:02.807 [Forwarding clickElement on session 2fad70a4598115e85e2cdc39f78e77ea to remote] DEBUG org.asynchttpclient.netty.request.NettyRequestSender - Using pooled Channel '[id: 0x3dc2892d, L:/127.0.0.1:57668 - R:localhost/127.0.0.1:58480]' for 'POST' to 'http://localhost:58480/session/2fad70a4598115e85e2cdc39f78e77ea/element/ca53d1fb-3b85-490f-859b-db6387b707c0/click'
10:46:02.807 [Forwarding clickElement on session 2fad70a4598115e85e2cdc39f78e77ea to remote] DEBUG org.asynchttpclient.netty.request.NettyRequestSender - Using open Channel [id: 0x3dc2892d, L:/127.0.0.1:57668 - R:localhost/127.0.0.1:58480] for POST '/session/2fad70a4598115e85e2cdc39f78e77ea/element/ca53d1fb-3b85-490f-859b-db6387b707c0/click'
10:46:02.863 [AsyncHttpClient-1-1] DEBUG org.asynchttpclient.netty.channel.DefaultChannelPool - Entry count for : http://localhost:57669 : 1
10:46:03.015 [AsyncHttpClient-1-5] DEBUG org.asynchttpclient.netty.handler.HttpHandler - 

Request DefaultHttpRequest(decodeResult: success, version: HTTP/1.1)
POST /session/2fad70a4598115e85e2cdc39f78e77ea/element/ca53d1fb-3b85-490f-859b-db6387b707c0/click HTTP/1.1
User-Agent: selenium/4.1.2 (java windows)
Content-Length: 50
Content-Type: application/json; charset=utf-8
host: localhost:58480
accept: */*

Response DefaultHttpResponse(decodeResult: success, version: HTTP/1.1)
HTTP/1.1 200 OK
Content-Type: application/json; charset=utf-8
cache-control: no-cache
content-length: 14

10:46:03.015 [AsyncHttpClient-1-5] DEBUG org.asynchttpclient.netty.channel.ChannelManager - Adding key: http://localhost:58480 for channel [id: 0x3dc2892d, L:/127.0.0.1:57668 - R:localhost/127.0.0.1:58480]
10:46:03.025 [Forwarding screenshot on session 2fad70a4598115e85e2cdc39f78e77ea to remote] DEBUG org.asynchttpclient.netty.request.NettyRequestSender - Using pooled Channel '[id: 0x3dc2892d, L:/127.0.0.1:57668 - R:localhost/127.0.0.1:58480]' for 'GET' to 'http://localhost:58480/session/2fad70a4598115e85e2cdc39f78e77ea/screenshot'
10:46:03.025 [Forwarding screenshot on session 2fad70a4598115e85e2cdc39f78e77ea to remote] DEBUG org.asynchttpclient.netty.request.NettyRequestSender - Using open Channel [id: 0x3dc2892d, L:/127.0.0.1:57668 - R:localhost/127.0.0.1:58480] for GET '/session/2fad70a4598115e85e2cdc39f78e77ea/screenshot'
10:46:03.152 [AsyncHttpClient-1-5] DEBUG org.asynchttpclient.netty.handler.HttpHandler - 

Request DefaultFullHttpRequest(decodeResult: success, version: HTTP/1.1, content: EmptyByteBufBE)
GET /session/2fad70a4598115e85e2cdc39f78e77ea/screenshot HTTP/1.1
User-Agent: selenium/4.1.2 (java windows)
Cache-Control: no-cache
Content-Type: application/json; charset=utf-8
host: localhost:58480
accept: */*

Response DefaultHttpResponse(decodeResult: success, version: HTTP/1.1)
HTTP/1.1 200 OK
Content-Type: application/json; charset=utf-8
cache-control: no-cache
content-length: 55372

10:46:03.153 [AsyncHttpClient-1-5] DEBUG org.asynchttpclient.netty.channel.ChannelManager - Adding key: http://localhost:58480 for channel [id: 0x3dc2892d, L:/127.0.0.1:57668 - R:localhost/127.0.0.1:58480]
10:46:03.157 [main] DEBUG net.serenitybdd.core.photography.Darkroom - Send negative for processing for target\site\serenity\c886102f421ef8e705409955539f8574c7e22dd5f158313ecdebe95b5d6560bd.png
10:46:03.157 [main] DEBUG net.thucydides.core.steps.StepInterceptor - STEP DONE: clickMenuPatientButton
  &amp#27;[32mAnd &amp#27;[0m&amp#27;[32mI click menu patient&amp#27;[0m             &amp#27;[90m# starter.stepdefinitions.PatientSteps.iClickMenuPatient()&amp#27;[0m
10:46:03.180 [main] DEBUG net.thucydides.core.steps.StepInterceptor - STARTING STEP: PatientSteps.iClickDeletePatientButton - clickDeletePatientButton
10:46:03.184 [Forwarding findElement on session 2fad70a4598115e85e2cdc39f78e77ea to remote] DEBUG org.asynchttpclient.netty.request.NettyRequestSender - Using pooled Channel '[id: 0x3dc2892d, L:/127.0.0.1:57668 - R:localhost/127.0.0.1:58480]' for 'POST' to 'http://localhost:58480/session/2fad70a4598115e85e2cdc39f78e77ea/element'
10:46:03.185 [Forwarding findElement on session 2fad70a4598115e85e2cdc39f78e77ea to remote] DEBUG org.asynchttpclient.netty.request.NettyRequestSender - Using open Channel [id: 0x3dc2892d, L:/127.0.0.1:57668 - R:localhost/127.0.0.1:58480] for POST '/session/2fad70a4598115e85e2cdc39f78e77ea/element'
10:46:03.752 [AsyncHttpClient-1-5] DEBUG org.asynchttpclient.netty.handler.HttpHandler - 

Request DefaultHttpRequest(decodeResult: success, version: HTTP/1.1)
POST /session/2fad70a4598115e85e2cdc39f78e77ea/element HTTP/1.1
User-Agent: selenium/4.1.2 (java windows)
Content-Length: 91
Content-Type: application/json; charset=utf-8
host: localhost:58480
accept: */*

Response DefaultHttpResponse(decodeResult: success, version: HTTP/1.1)
HTTP/1.1 200 OK
Content-Type: application/json; charset=utf-8
cache-control: no-cache
content-length: 88

10:46:03.752 [AsyncHttpClient-1-5] DEBUG org.asynchttpclient.netty.channel.ChannelManager - Adding key: http://localhost:58480 for channel [id: 0x3dc2892d, L:/127.0.0.1:57668 - R:localhost/127.0.0.1:58480]
10:46:03.755 [Forwarding getElementTagName on session 2fad70a4598115e85e2cdc39f78e77ea to remote] DEBUG org.asynchttpclient.netty.request.NettyRequestSender - Using pooled Channel '[id: 0x3dc2892d, L:/127.0.0.1:57668 - R:localhost/127.0.0.1:58480]' for 'GET' to 'http://localhost:58480/session/2fad70a4598115e85e2cdc39f78e77ea/element/c2b1a88b-29f6-4159-b7fe-a47d137832b6/name'
10:46:03.755 [Forwarding getElementTagName on session 2fad70a4598115e85e2cdc39f78e77ea to remote] DEBUG org.asynchttpclient.netty.request.NettyRequestSender - Using open Channel [id: 0x3dc2892d, L:/127.0.0.1:57668 - R:localhost/127.0.0.1:58480] for GET '/session/2fad70a4598115e85e2cdc39f78e77ea/element/c2b1a88b-29f6-4159-b7fe-a47d137832b6/name'
10:46:03.762 [AsyncHttpClient-1-5] DEBUG org.asynchttpclient.netty.handler.HttpHandler - 

Request DefaultFullHttpRequest(decodeResult: success, version: HTTP/1.1, content: EmptyByteBufBE)
GET /session/2fad70a4598115e85e2cdc39f78e77ea/element/c2b1a88b-29f6-4159-b7fe-a47d137832b6/name HTTP/1.1
User-Agent: selenium/4.1.2 (java windows)
Cache-Control: no-cache
Content-Type: application/json; charset=utf-8
host: localhost:58480
accept: */*

Response DefaultHttpResponse(decodeResult: success, version: HTTP/1.1)
HTTP/1.1 200 OK
Content-Type: application/json; charset=utf-8
cache-control: no-cache
content-length: 18

10:46:03.762 [AsyncHttpClient-1-5] DEBUG org.asynchttpclient.netty.channel.ChannelManager - Adding key: http://localhost:58480 for channel [id: 0x3dc2892d, L:/127.0.0.1:57668 - R:localhost/127.0.0.1:58480]
10:46:03.764 [Forwarding getElementTagName on session 2fad70a4598115e85e2cdc39f78e77ea to remote] DEBUG org.asynchttpclient.netty.request.NettyRequestSender - Using pooled Channel '[id: 0x3dc2892d, L:/127.0.0.1:57668 - R:localhost/127.0.0.1:58480]' for 'GET' to 'http://localhost:58480/session/2fad70a4598115e85e2cdc39f78e77ea/element/c2b1a88b-29f6-4159-b7fe-a47d137832b6/name'
10:46:03.764 [Forwarding getElementTagName on session 2fad70a4598115e85e2cdc39f78e77ea to remote] DEBUG org.asynchttpclient.netty.request.NettyRequestSender - Using open Channel [id: 0x3dc2892d, L:/127.0.0.1:57668 - R:localhost/127.0.0.1:58480] for GET '/session/2fad70a4598115e85e2cdc39f78e77ea/element/c2b1a88b-29f6-4159-b7fe-a47d137832b6/name'
10:46:03.769 [AsyncHttpClient-1-5] DEBUG org.asynchttpclient.netty.handler.HttpHandler - 

Request DefaultFullHttpRequest(decodeResult: success, version: HTTP/1.1, content: EmptyByteBufBE)
GET /session/2fad70a4598115e85e2cdc39f78e77ea/element/c2b1a88b-29f6-4159-b7fe-a47d137832b6/name HTTP/1.1
User-Agent: selenium/4.1.2 (java windows)
Cache-Control: no-cache
Content-Type: application/json; charset=utf-8
host: localhost:58480
accept: */*

Response DefaultHttpResponse(decodeResult: success, version: HTTP/1.1)
HTTP/1.1 200 OK
Content-Type: application/json; charset=utf-8
cache-control: no-cache
content-length: 18

10:46:03.769 [AsyncHttpClient-1-5] DEBUG org.asynchttpclient.netty.channel.ChannelManager - Adding key: http://localhost:58480 for channel [id: 0x3dc2892d, L:/127.0.0.1:57668 - R:localhost/127.0.0.1:58480]
10:46:03.773 [Forwarding isElementEnabled on session 2fad70a4598115e85e2cdc39f78e77ea to remote] DEBUG org.asynchttpclient.netty.request.NettyRequestSender - Using pooled Channel '[id: 0x3dc2892d, L:/127.0.0.1:57668 - R:localhost/127.0.0.1:58480]' for 'GET' to 'http://localhost:58480/session/2fad70a4598115e85e2cdc39f78e77ea/element/c2b1a88b-29f6-4159-b7fe-a47d137832b6/enabled'
10:46:03.773 [Forwarding isElementEnabled on session 2fad70a4598115e85e2cdc39f78e77ea to remote] DEBUG org.asynchttpclient.netty.request.NettyRequestSender - Using open Channel [id: 0x3dc2892d, L:/127.0.0.1:57668 - R:localhost/127.0.0.1:58480] for GET '/session/2fad70a4598115e85e2cdc39f78e77ea/element/c2b1a88b-29f6-4159-b7fe-a47d137832b6/enabled'
10:46:03.787 [AsyncHttpClient-1-5] DEBUG org.asynchttpclient.netty.handler.HttpHandler - 

Request DefaultFullHttpRequest(decodeResult: success, version: HTTP/1.1, content: EmptyByteBufBE)
GET /session/2fad70a4598115e85e2cdc39f78e77ea/element/c2b1a88b-29f6-4159-b7fe-a47d137832b6/enabled HTTP/1.1
User-Agent: selenium/4.1.2 (java windows)
Cache-Control: no-cache
Content-Type: application/json; charset=utf-8
host: localhost:58480
accept: */*

Response DefaultHttpResponse(decodeResult: success, version: HTTP/1.1)
HTTP/1.1 200 OK
Content-Type: application/json; charset=utf-8
cache-control: no-cache
content-length: 14

10:46:03.787 [AsyncHttpClient-1-5] DEBUG org.asynchttpclient.netty.channel.ChannelManager - Adding key: http://localhost:58480 for channel [id: 0x3dc2892d, L:/127.0.0.1:57668 - R:localhost/127.0.0.1:58480]
10:46:03.789 [Forwarding isElementEnabled on session 2fad70a4598115e85e2cdc39f78e77ea to remote] DEBUG org.asynchttpclient.netty.request.NettyRequestSender - Using pooled Channel '[id: 0x3dc2892d, L:/127.0.0.1:57668 - R:localhost/127.0.0.1:58480]' for 'GET' to 'http://localhost:58480/session/2fad70a4598115e85e2cdc39f78e77ea/element/c2b1a88b-29f6-4159-b7fe-a47d137832b6/enabled'
10:46:03.789 [Forwarding isElementEnabled on session 2fad70a4598115e85e2cdc39f78e77ea to remote] DEBUG org.asynchttpclient.netty.request.NettyRequestSender - Using open Channel [id: 0x3dc2892d, L:/127.0.0.1:57668 - R:localhost/127.0.0.1:58480] for GET '/session/2fad70a4598115e85e2cdc39f78e77ea/element/c2b1a88b-29f6-4159-b7fe-a47d137832b6/enabled'
10:46:03.820 [AsyncHttpClient-1-5] DEBUG org.asynchttpclient.netty.handler.HttpHandler - 

Request DefaultFullHttpRequest(decodeResult: success, version: HTTP/1.1, content: EmptyByteBufBE)
GET /session/2fad70a4598115e85e2cdc39f78e77ea/element/c2b1a88b-29f6-4159-b7fe-a47d137832b6/enabled HTTP/1.1
User-Agent: selenium/4.1.2 (java windows)
Cache-Control: no-cache
Content-Type: application/json; charset=utf-8
host: localhost:58480
accept: */*

Response DefaultHttpResponse(decodeResult: success, version: HTTP/1.1)
HTTP/1.1 200 OK
Content-Type: application/json; charset=utf-8
cache-control: no-cache
content-length: 14

10:46:03.820 [AsyncHttpClient-1-5] DEBUG org.asynchttpclient.netty.channel.ChannelManager - Adding key: http://localhost:58480 for channel [id: 0x3dc2892d, L:/127.0.0.1:57668 - R:localhost/127.0.0.1:58480]
10:46:03.823 [Forwarding findElement on session 2fad70a4598115e85e2cdc39f78e77ea to remote] DEBUG org.asynchttpclient.netty.request.NettyRequestSender - Using pooled Channel '[id: 0x3dc2892d, L:/127.0.0.1:57668 - R:localhost/127.0.0.1:58480]' for 'POST' to 'http://localhost:58480/session/2fad70a4598115e85e2cdc39f78e77ea/element'
10:46:03.823 [Forwarding findElement on session 2fad70a4598115e85e2cdc39f78e77ea to remote] DEBUG org.asynchttpclient.netty.request.NettyRequestSender - Using open Channel [id: 0x3dc2892d, L:/127.0.0.1:57668 - R:localhost/127.0.0.1:58480] for POST '/session/2fad70a4598115e85e2cdc39f78e77ea/element'
10:46:03.834 [AsyncHttpClient-1-5] DEBUG org.asynchttpclient.netty.handler.HttpHandler - 

Request DefaultHttpRequest(decodeResult: success, version: HTTP/1.1)
POST /session/2fad70a4598115e85e2cdc39f78e77ea/element HTTP/1.1
User-Agent: selenium/4.1.2 (java windows)
Content-Length: 91
Content-Type: application/json; charset=utf-8
host: localhost:58480
accept: */*

Response DefaultHttpResponse(decodeResult: success, version: HTTP/1.1)
HTTP/1.1 200 OK
Content-Type: application/json; charset=utf-8
cache-control: no-cache
content-length: 88

10:46:03.834 [AsyncHttpClient-1-5] DEBUG org.asynchttpclient.netty.channel.ChannelManager - Adding key: http://localhost:58480 for channel [id: 0x3dc2892d, L:/127.0.0.1:57668 - R:localhost/127.0.0.1:58480]
10:46:03.836 [Forwarding clickElement on session 2fad70a4598115e85e2cdc39f78e77ea to remote] DEBUG org.asynchttpclient.netty.request.NettyRequestSender - Using pooled Channel '[id: 0x3dc2892d, L:/127.0.0.1:57668 - R:localhost/127.0.0.1:58480]' for 'POST' to 'http://localhost:58480/session/2fad70a4598115e85e2cdc39f78e77ea/element/c2b1a88b-29f6-4159-b7fe-a47d137832b6/click'
10:46:03.836 [Forwarding clickElement on session 2fad70a4598115e85e2cdc39f78e77ea to remote] DEBUG org.asynchttpclient.netty.request.NettyRequestSender - Using open Channel [id: 0x3dc2892d, L:/127.0.0.1:57668 - R:localhost/127.0.0.1:58480] for POST '/session/2fad70a4598115e85e2cdc39f78e77ea/element/c2b1a88b-29f6-4159-b7fe-a47d137832b6/click'
10:46:03.967 [AsyncHttpClient-1-1] DEBUG org.asynchttpclient.netty.channel.DefaultChannelPool - Entry count for : http://localhost:57669 : 1
10:46:03.973 [AsyncHttpClient-1-5] DEBUG org.asynchttpclient.netty.handler.HttpHandler - 

Request DefaultHttpRequest(decodeResult: success, version: HTTP/1.1)
POST /session/2fad70a4598115e85e2cdc39f78e77ea/element/c2b1a88b-29f6-4159-b7fe-a47d137832b6/click HTTP/1.1
User-Agent: selenium/4.1.2 (java windows)
Content-Length: 50
Content-Type: application/json; charset=utf-8
host: localhost:58480
accept: */*

Response DefaultHttpResponse(decodeResult: success, version: HTTP/1.1)
HTTP/1.1 200 OK
Content-Type: application/json; charset=utf-8
cache-control: no-cache
content-length: 14

10:46:03.973 [AsyncHttpClient-1-5] DEBUG org.asynchttpclient.netty.channel.ChannelManager - Adding key: http://localhost:58480 for channel [id: 0x3dc2892d, L:/127.0.0.1:57668 - R:localhost/127.0.0.1:58480]
10:46:03.986 [Forwarding screenshot on session 2fad70a4598115e85e2cdc39f78e77ea to remote] DEBUG org.asynchttpclient.netty.request.NettyRequestSender - Using pooled Channel '[id: 0x3dc2892d, L:/127.0.0.1:57668 - R:localhost/127.0.0.1:58480]' for 'GET' to 'http://localhost:58480/session/2fad70a4598115e85e2cdc39f78e77ea/screenshot'
10:46:03.986 [Forwarding screenshot on session 2fad70a4598115e85e2cdc39f78e77ea to remote] DEBUG org.asynchttpclient.netty.request.NettyRequestSender - Using open Channel [id: 0x3dc2892d, L:/127.0.0.1:57668 - R:localhost/127.0.0.1:58480] for GET '/session/2fad70a4598115e85e2cdc39f78e77ea/screenshot'
10:46:04.140 [AsyncHttpClient-1-5] DEBUG org.asynchttpclient.netty.handler.HttpHandler - 

Request DefaultFullHttpRequest(decodeResult: success, version: HTTP/1.1, content: EmptyByteBufBE)
GET /session/2fad70a4598115e85e2cdc39f78e77ea/screenshot HTTP/1.1
User-Agent: selenium/4.1.2 (java windows)
Cache-Control: no-cache
Content-Type: application/json; charset=utf-8
host: localhost:58480
accept: */*

Response DefaultHttpResponse(decodeResult: success, version: HTTP/1.1)
HTTP/1.1 200 OK
Content-Type: application/json; charset=utf-8
cache-control: no-cache
content-length: 99012

10:46:04.140 [AsyncHttpClient-1-5] DEBUG org.asynchttpclient.netty.channel.ChannelManager - Adding key: http://localhost:58480 for channel [id: 0x3dc2892d, L:/127.0.0.1:57668 - R:localhost/127.0.0.1:58480]
10:46:04.146 [main] DEBUG net.serenitybdd.core.photography.Darkroom - Send negative for processing for target\site\serenity\bc44cbf9ab12d0977dbc52d04ff1788f12c72e11f05f3e26763aaf9a1f15a89f.png
10:46:04.146 [main] DEBUG net.thucydides.core.steps.StepInterceptor - STEP DONE: clickDeletePatientButton
  &amp#27;[32mWhen &amp#27;[0m&amp#27;[32mI click Delete Patient button&amp#27;[0m   &amp#27;[90m# starter.stepdefinitions.PatientSteps.iClickDeletePatientButton()&amp#27;[0m
10:46:04.146 [Darkroom Processing Line] DEBUG net.serenitybdd.core.photography.DarkroomProcessingLine - Processing screenshot image in /var/screenshots/screenshot-3339950563275584680
10:46:04.147 [Darkroom Processing Line] DEBUG net.serenitybdd.core.photography.DarkroomProcessingLine - Saving screenshot to target\site\serenity\bc44cbf9ab12d0977dbc52d04ff1788f12c72e11f05f3e26763aaf9a1f15a89f.png
10:46:04.177 [main] DEBUG net.thucydides.core.steps.StepInterceptor - STARTING STEP: PatientSteps.iClickDeleteButton - clickDeleteButton
10:46:04.184 [Forwarding findElement on session 2fad70a4598115e85e2cdc39f78e77ea to remote] DEBUG org.asynchttpclient.netty.request.NettyRequestSender - Using pooled Channel '[id: 0x3dc2892d, L:/127.0.0.1:57668 - R:localhost/127.0.0.1:58480]' for 'POST' to 'http://localhost:58480/session/2fad70a4598115e85e2cdc39f78e77ea/element'
10:46:04.184 [Forwarding findElement on session 2fad70a4598115e85e2cdc39f78e77ea to remote] DEBUG org.asynchttpclient.netty.request.NettyRequestSender - Using open Channel [id: 0x3dc2892d, L:/127.0.0.1:57668 - R:localhost/127.0.0.1:58480] for POST '/session/2fad70a4598115e85e2cdc39f78e77ea/element'
10:46:04.204 [AsyncHttpClient-1-5] DEBUG org.asynchttpclient.netty.handler.HttpHandler - 

Request DefaultHttpRequest(decodeResult: success, version: HTTP/1.1)
POST /session/2fad70a4598115e85e2cdc39f78e77ea/element HTTP/1.1
User-Agent: selenium/4.1.2 (java windows)
Content-Length: 104
Content-Type: application/json; charset=utf-8
host: localhost:58480
accept: */*

Response DefaultHttpResponse(decodeResult: success, version: HTTP/1.1)
HTTP/1.1 200 OK
Content-Type: application/json; charset=utf-8
cache-control: no-cache
content-length: 88

10:46:04.204 [AsyncHttpClient-1-5] DEBUG org.asynchttpclient.netty.channel.ChannelManager - Adding key: http://localhost:58480 for channel [id: 0x3dc2892d, L:/127.0.0.1:57668 - R:localhost/127.0.0.1:58480]
10:46:04.206 [Forwarding getElementTagName on session 2fad70a4598115e85e2cdc39f78e77ea to remote] DEBUG org.asynchttpclient.netty.request.NettyRequestSender - Using pooled Channel '[id: 0x3dc2892d, L:/127.0.0.1:57668 - R:localhost/127.0.0.1:58480]' for 'GET' to 'http://localhost:58480/session/2fad70a4598115e85e2cdc39f78e77ea/element/a3f5191f-b827-4f0a-8013-afe2b01101e5/name'
10:46:04.206 [Forwarding getElementTagName on session 2fad70a4598115e85e2cdc39f78e77ea to remote] DEBUG org.asynchttpclient.netty.request.NettyRequestSender - Using open Channel [id: 0x3dc2892d, L:/127.0.0.1:57668 - R:localhost/127.0.0.1:58480] for GET '/session/2fad70a4598115e85e2cdc39f78e77ea/element/a3f5191f-b827-4f0a-8013-afe2b01101e5/name'
10:46:04.226 [AsyncHttpClient-1-5] DEBUG org.asynchttpclient.netty.handler.HttpHandler - 

Request DefaultFullHttpRequest(decodeResult: success, version: HTTP/1.1, content: EmptyByteBufBE)
GET /session/2fad70a4598115e85e2cdc39f78e77ea/element/a3f5191f-b827-4f0a-8013-afe2b01101e5/name HTTP/1.1
User-Agent: selenium/4.1.2 (java windows)
Cache-Control: no-cache
Content-Type: application/json; charset=utf-8
host: localhost:58480
accept: */*

Response DefaultHttpResponse(decodeResult: success, version: HTTP/1.1)
HTTP/1.1 200 OK
Content-Type: application/json; charset=utf-8
cache-control: no-cache
content-length: 18

10:46:04.226 [AsyncHttpClient-1-5] DEBUG org.asynchttpclient.netty.channel.ChannelManager - Adding key: http://localhost:58480 for channel [id: 0x3dc2892d, L:/127.0.0.1:57668 - R:localhost/127.0.0.1:58480]
10:46:04.228 [Forwarding getElementTagName on session 2fad70a4598115e85e2cdc39f78e77ea to remote] DEBUG org.asynchttpclient.netty.request.NettyRequestSender - Using pooled Channel '[id: 0x3dc2892d, L:/127.0.0.1:57668 - R:localhost/127.0.0.1:58480]' for 'GET' to 'http://localhost:58480/session/2fad70a4598115e85e2cdc39f78e77ea/element/a3f5191f-b827-4f0a-8013-afe2b01101e5/name'
10:46:04.228 [Forwarding getElementTagName on session 2fad70a4598115e85e2cdc39f78e77ea to remote] DEBUG org.asynchttpclient.netty.request.NettyRequestSender - Using open Channel [id: 0x3dc2892d, L:/127.0.0.1:57668 - R:localhost/127.0.0.1:58480] for GET '/session/2fad70a4598115e85e2cdc39f78e77ea/element/a3f5191f-b827-4f0a-8013-afe2b01101e5/name'
10:46:04.234 [AsyncHttpClient-1-5] DEBUG org.asynchttpclient.netty.handler.HttpHandler - 

Request DefaultFullHttpRequest(decodeResult: success, version: HTTP/1.1, content: EmptyByteBufBE)
GET /session/2fad70a4598115e85e2cdc39f78e77ea/element/a3f5191f-b827-4f0a-8013-afe2b01101e5/name HTTP/1.1
User-Agent: selenium/4.1.2 (java windows)
Cache-Control: no-cache
Content-Type: application/json; charset=utf-8
host: localhost:58480
accept: */*

Response DefaultHttpResponse(decodeResult: success, version: HTTP/1.1)
HTTP/1.1 200 OK
Content-Type: application/json; charset=utf-8
cache-control: no-cache
content-length: 18

10:46:04.235 [AsyncHttpClient-1-5] DEBUG org.asynchttpclient.netty.channel.ChannelManager - Adding key: http://localhost:58480 for channel [id: 0x3dc2892d, L:/127.0.0.1:57668 - R:localhost/127.0.0.1:58480]
10:46:04.238 [Forwarding isElementEnabled on session 2fad70a4598115e85e2cdc39f78e77ea to remote] DEBUG org.asynchttpclient.netty.request.NettyRequestSender - Using pooled Channel '[id: 0x3dc2892d, L:/127.0.0.1:57668 - R:localhost/127.0.0.1:58480]' for 'GET' to 'http://localhost:58480/session/2fad70a4598115e85e2cdc39f78e77ea/element/a3f5191f-b827-4f0a-8013-afe2b01101e5/enabled'
10:46:04.238 [Forwarding isElementEnabled on session 2fad70a4598115e85e2cdc39f78e77ea to remote] DEBUG org.asynchttpclient.netty.request.NettyRequestSender - Using open Channel [id: 0x3dc2892d, L:/127.0.0.1:57668 - R:localhost/127.0.0.1:58480] for GET '/session/2fad70a4598115e85e2cdc39f78e77ea/element/a3f5191f-b827-4f0a-8013-afe2b01101e5/enabled'
10:46:04.252 [AsyncHttpClient-1-5] DEBUG org.asynchttpclient.netty.handler.HttpHandler - 

Request DefaultFullHttpRequest(decodeResult: success, version: HTTP/1.1, content: EmptyByteBufBE)
GET /session/2fad70a4598115e85e2cdc39f78e77ea/element/a3f5191f-b827-4f0a-8013-afe2b01101e5/enabled HTTP/1.1
User-Agent: selenium/4.1.2 (java windows)
Cache-Control: no-cache
Content-Type: application/json; charset=utf-8
host: localhost:58480
accept: */*

Response DefaultHttpResponse(decodeResult: success, version: HTTP/1.1)
HTTP/1.1 200 OK
Content-Type: application/json; charset=utf-8
cache-control: no-cache
content-length: 14

10:46:04.253 [AsyncHttpClient-1-5] DEBUG org.asynchttpclient.netty.channel.ChannelManager - Adding key: http://localhost:58480 for channel [id: 0x3dc2892d, L:/127.0.0.1:57668 - R:localhost/127.0.0.1:58480]
10:46:04.254 [Forwarding isElementEnabled on session 2fad70a4598115e85e2cdc39f78e77ea to remote] DEBUG org.asynchttpclient.netty.request.NettyRequestSender - Using pooled Channel '[id: 0x3dc2892d, L:/127.0.0.1:57668 - R:localhost/127.0.0.1:58480]' for 'GET' to 'http://localhost:58480/session/2fad70a4598115e85e2cdc39f78e77ea/element/a3f5191f-b827-4f0a-8013-afe2b01101e5/enabled'
10:46:04.254 [Forwarding isElementEnabled on session 2fad70a4598115e85e2cdc39f78e77ea to remote] DEBUG org.asynchttpclient.netty.request.NettyRequestSender - Using open Channel [id: 0x3dc2892d, L:/127.0.0.1:57668 - R:localhost/127.0.0.1:58480] for GET '/session/2fad70a4598115e85e2cdc39f78e77ea/element/a3f5191f-b827-4f0a-8013-afe2b01101e5/enabled'
10:46:04.265 [AsyncHttpClient-1-5] DEBUG org.asynchttpclient.netty.handler.HttpHandler - 

Request DefaultFullHttpRequest(decodeResult: success, version: HTTP/1.1, content: EmptyByteBufBE)
GET /session/2fad70a4598115e85e2cdc39f78e77ea/element/a3f5191f-b827-4f0a-8013-afe2b01101e5/enabled HTTP/1.1
User-Agent: selenium/4.1.2 (java windows)
Cache-Control: no-cache
Content-Type: application/json; charset=utf-8
host: localhost:58480
accept: */*

Response DefaultHttpResponse(decodeResult: success, version: HTTP/1.1)
HTTP/1.1 200 OK
Content-Type: application/json; charset=utf-8
cache-control: no-cache
content-length: 14

10:46:04.265 [AsyncHttpClient-1-5] DEBUG org.asynchttpclient.netty.channel.ChannelManager - Adding key: http://localhost:58480 for channel [id: 0x3dc2892d, L:/127.0.0.1:57668 - R:localhost/127.0.0.1:58480]
10:46:04.267 [Forwarding findElement on session 2fad70a4598115e85e2cdc39f78e77ea to remote] DEBUG org.asynchttpclient.netty.request.NettyRequestSender - Using pooled Channel '[id: 0x3dc2892d, L:/127.0.0.1:57668 - R:localhost/127.0.0.1:58480]' for 'POST' to 'http://localhost:58480/session/2fad70a4598115e85e2cdc39f78e77ea/element'
10:46:04.267 [Forwarding findElement on session 2fad70a4598115e85e2cdc39f78e77ea to remote] DEBUG org.asynchttpclient.netty.request.NettyRequestSender - Using open Channel [id: 0x3dc2892d, L:/127.0.0.1:57668 - R:localhost/127.0.0.1:58480] for POST '/session/2fad70a4598115e85e2cdc39f78e77ea/element'
10:46:04.279 [AsyncHttpClient-1-5] DEBUG org.asynchttpclient.netty.handler.HttpHandler - 

Request DefaultHttpRequest(decodeResult: success, version: HTTP/1.1)
POST /session/2fad70a4598115e85e2cdc39f78e77ea/element HTTP/1.1
User-Agent: selenium/4.1.2 (java windows)
Content-Length: 104
Content-Type: application/json; charset=utf-8
host: localhost:58480
accept: */*

Response DefaultHttpResponse(decodeResult: success, version: HTTP/1.1)
HTTP/1.1 200 OK
Content-Type: application/json; charset=utf-8
cache-control: no-cache
content-length: 88

10:46:04.279 [AsyncHttpClient-1-5] DEBUG org.asynchttpclient.netty.channel.ChannelManager - Adding key: http://localhost:58480 for channel [id: 0x3dc2892d, L:/127.0.0.1:57668 - R:localhost/127.0.0.1:58480]
10:46:04.281 [Forwarding clickElement on session 2fad70a4598115e85e2cdc39f78e77ea to remote] DEBUG org.asynchttpclient.netty.request.NettyRequestSender - Using pooled Channel '[id: 0x3dc2892d, L:/127.0.0.1:57668 - R:localhost/127.0.0.1:58480]' for 'POST' to 'http://localhost:58480/session/2fad70a4598115e85e2cdc39f78e77ea/element/a3f5191f-b827-4f0a-8013-afe2b01101e5/click'
10:46:04.281 [Forwarding clickElement on session 2fad70a4598115e85e2cdc39f78e77ea to remote] DEBUG org.asynchttpclient.netty.request.NettyRequestSender - Using open Channel [id: 0x3dc2892d, L:/127.0.0.1:57668 - R:localhost/127.0.0.1:58480] for POST '/session/2fad70a4598115e85e2cdc39f78e77ea/element/a3f5191f-b827-4f0a-8013-afe2b01101e5/click'
10:46:04.372 [AsyncHttpClient-1-5] DEBUG org.asynchttpclient.netty.handler.HttpHandler - 

Request DefaultHttpRequest(decodeResult: success, version: HTTP/1.1)
POST /session/2fad70a4598115e85e2cdc39f78e77ea/element/a3f5191f-b827-4f0a-8013-afe2b01101e5/click HTTP/1.1
User-Agent: selenium/4.1.2 (java windows)
Content-Length: 50
Content-Type: application/json; charset=utf-8
host: localhost:58480
accept: */*

Response DefaultHttpResponse(decodeResult: success, version: HTTP/1.1)
HTTP/1.1 200 OK
Content-Type: application/json; charset=utf-8
cache-control: no-cache
content-length: 14

10:46:04.372 [AsyncHttpClient-1-5] DEBUG org.asynchttpclient.netty.channel.ChannelManager - Adding key: http://localhost:58480 for channel [id: 0x3dc2892d, L:/127.0.0.1:57668 - R:localhost/127.0.0.1:58480]
10:46:04.382 [Forwarding screenshot on session 2fad70a4598115e85e2cdc39f78e77ea to remote] DEBUG org.asynchttpclient.netty.request.NettyRequestSender - Using pooled Channel '[id: 0x3dc2892d, L:/127.0.0.1:57668 - R:localhost/127.0.0.1:58480]' for 'GET' to 'http://localhost:58480/session/2fad70a4598115e85e2cdc39f78e77ea/screenshot'
10:46:04.382 [Forwarding screenshot on session 2fad70a4598115e85e2cdc39f78e77ea to remote] DEBUG org.asynchttpclient.netty.request.NettyRequestSender - Using open Channel [id: 0x3dc2892d, L:/127.0.0.1:57668 - R:localhost/127.0.0.1:58480] for GET '/session/2fad70a4598115e85e2cdc39f78e77ea/screenshot'
10:46:04.534 [AsyncHttpClient-1-5] DEBUG org.asynchttpclient.netty.handler.HttpHandler - 

Request DefaultFullHttpRequest(decodeResult: success, version: HTTP/1.1, content: EmptyByteBufBE)
GET /session/2fad70a4598115e85e2cdc39f78e77ea/screenshot HTTP/1.1
User-Agent: selenium/4.1.2 (java windows)
Cache-Control: no-cache
Content-Type: application/json; charset=utf-8
host: localhost:58480
accept: */*

Response DefaultHttpResponse(decodeResult: success, version: HTTP/1.1)
HTTP/1.1 200 OK
Content-Type: application/json; charset=utf-8
cache-control: no-cache
content-length: 86148

10:46:04.535 [AsyncHttpClient-1-5] DEBUG org.asynchttpclient.netty.channel.ChannelManager - Adding key: http://localhost:58480 for channel [id: 0x3dc2892d, L:/127.0.0.1:57668 - R:localhost/127.0.0.1:58480]
10:46:04.539 [main] DEBUG net.serenitybdd.core.photography.Darkroom - Send negative for processing for target\site\serenity\032759850429e85d20000062305c4dc4cfb6b365cb443172c436933e592966e8.png
10:46:04.540 [main] DEBUG net.thucydides.core.steps.StepInterceptor - STEP DONE: clickDeleteButton
  &amp#27;[32mThen &amp#27;[0m&amp#27;[32mI click Delete button&amp#27;[0m           &amp#27;[90m# starter.stepdefinitions.PatientSteps.iClickDeleteButton()&amp#27;[0m
10:46:04.540 [Darkroom Processing Line] DEBUG net.serenitybdd.core.photography.DarkroomProcessingLine - Processing screenshot image in /var/screenshots/screenshot-7260164073819544296
10:46:04.540 [Darkroom Processing Line] DEBUG net.serenitybdd.core.photography.DarkroomProcessingLine - Saving screenshot to target\site\serenity\032759850429e85d20000062305c4dc4cfb6b365cb443172c436933e592966e8.png
10:46:04.546 [main] INFO  - 
  _____   ___   ___   _____     ___     _     ___   ___   ___   ___  
 |_   _| | __| / __| |_   _|   | _ \   /_\   / __| / __| | __| |   \ 
   | |   | _|  \__ \   | |     |  _/  / _ \  \__ \ \__ \ | _|  | |) |
   |_|   |___| |___/   |_|     |_|   /_/ \_\ |___/ |___/ |___| |___/ 

Delete Patient Data Scenario
----------------------------------------------------------------------
10:46:04.548 [Driver Command Executor] DEBUG org.asynchttpclient.netty.request.NettyRequestSender - Using pooled Channel '[id: 0x3dc2892d, L:/127.0.0.1:57668 - R:localhost/127.0.0.1:58480]' for 'DELETE' to 'http://localhost:58480/session/2fad70a4598115e85e2cdc39f78e77ea'
10:46:04.548 [Driver Command Executor] DEBUG org.asynchttpclient.netty.request.NettyRequestSender - Using open Channel [id: 0x3dc2892d, L:/127.0.0.1:57668 - R:localhost/127.0.0.1:58480] for DELETE '/session/2fad70a4598115e85e2cdc39f78e77ea'
10:46:04.560 [AsyncHttpClient-1-7] DEBUG org.asynchttpclient.netty.handler.WebSocketHandler - Channel Closed: [id: 0xf3a5d56b, L:/127.0.0.1:57675 ! R:localhost/127.0.0.1:57669] with attribute NettyResponseFuture{currentRetry=5,
	isDone=1,
	isCancelled=0,
	asyncHandler=org.asynchttpclient.ws.WebSocketUpgradeHandler@74613082,
	nettyRequest=org.asynchttpclient.netty.request.NettyRequest@267a4770,
	future=java.util.concurrent.CompletableFuture@47ca1741[Completed normally],
	uri=ws://localhost:57669/devtools/browser/40bdf111-68be-49da-b6e5-d21bf0643dc8,
	keepAlive=true,
	redirectCount=0,
	timeoutsHolder=null,
	inAuth=0,
	touch=1655783159245}
10:46:04.560 [AsyncHttpClient-1-7] DEBUG org.asynchttpclient.netty.channel.ChannelManager - Closing Channel [id: 0xf3a5d56b, L:/127.0.0.1:57675 ! R:localhost/127.0.0.1:57669] 
10:46:04.577 [AsyncHttpClient-1-6] DEBUG org.asynchttpclient.netty.handler.HttpHandler - Unexpected I/O exception on channel [id: 0x3326e0d7, L:/127.0.0.1:57674 - R:localhost/127.0.0.1:57669]
java.net.SocketException: Connection reset
	at java.base/sun.nio.ch.SocketChannelImpl.throwConnectionReset(SocketChannelImpl.java:367)
	at java.base/sun.nio.ch.SocketChannelImpl.read(SocketChannelImpl.java:398)
	at io.netty.buffer.PooledByteBuf.setBytes(PooledByteBuf.java:258)
	at io.netty.buffer.AbstractByteBuf.writeBytes(AbstractByteBuf.java:1132)
	at io.netty.channel.socket.nio.NioSocketChannel.doReadBytes(NioSocketChannel.java:350)
	at io.netty.channel.nio.AbstractNioByteChannel$NioByteUnsafe.read(AbstractNioByteChannel.java:151)
	at io.netty.channel.nio.NioEventLoop.processSelectedKey(NioEventLoop.java:722)
	at io.netty.channel.nio.NioEventLoop.processSelectedKeysOptimized(NioEventLoop.java:658)
	at io.netty.channel.nio.NioEventLoop.processSelectedKeys(NioEventLoop.java:584)
	at io.netty.channel.nio.NioEventLoop.run(NioEventLoop.java:496)
	at io.netty.util.concurrent.SingleThreadEventExecutor$4.run(SingleThreadEventExecutor.java:986)
	at io.netty.util.internal.ThreadExecutorMap$2.run(ThreadExecutorMap.java:74)
	at io.netty.util.concurrent.FastThreadLocalRunnable.run(FastThreadLocalRunnable.java:30)
	at java.base/java.lang.Thread.run(Thread.java:832)
10:46:04.577 [AsyncHttpClient-1-6] DEBUG org.asynchttpclient.netty.channel.ChannelManager - Closing Channel [id: 0x3326e0d7, L:/127.0.0.1:57674 - R:localhost/127.0.0.1:57669] 
10:46:04.578 [AsyncHttpClient-1-6] DEBUG org.asynchttpclient.netty.handler.HttpHandler - Channel Closed: [id: 0x3326e0d7, L:/127.0.0.1:57674 ! R:localhost/127.0.0.1:57669] with attribute DISCARD
10:46:04.599 [AsyncHttpClient-1-5] DEBUG org.asynchttpclient.netty.handler.HttpHandler - 

Request DefaultFullHttpRequest(decodeResult: success, version: HTTP/1.1, content: EmptyByteBufBE)
DELETE /session/2fad70a4598115e85e2cdc39f78e77ea HTTP/1.1
User-Agent: selenium/4.1.2 (java windows)
Content-Type: application/json; charset=utf-8
host: localhost:58480
accept: */*

Response DefaultHttpResponse(decodeResult: success, version: HTTP/1.1)
HTTP/1.1 200 OK
Content-Type: application/json; charset=utf-8
cache-control: no-cache
content-length: 14

10:46:04.599 [AsyncHttpClient-1-5] DEBUG org.asynchttpclient.netty.channel.ChannelManager - Adding key: http://localhost:58480 for channel [id: 0x3dc2892d, L:/127.0.0.1:57668 - R:localhost/127.0.0.1:58480]
10:46:04.768 [AsyncHttpClient-1-5] DEBUG org.asynchttpclient.netty.handler.HttpHandler - Channel Closed: [id: 0x3dc2892d, L:/127.0.0.1:57668 ! R:localhost/127.0.0.1:58480] with attribute DISCARD
10:46:05.064 [AsyncHttpClient-1-1] DEBUG org.asynchttpclient.netty.channel.DefaultChannelPool - Entry count for : http://localhost:58480 : 1
10:46:05.064 [AsyncHttpClient-1-1] DEBUG org.asynchttpclient.netty.channel.DefaultChannelPool - Entry count for : http://localhost:57669 : 1
10:46:05.064 [AsyncHttpClient-1-1] DEBUG org.asynchttpclient.netty.channel.DefaultChannelPool - Adding Candidate expired Channel [id: 0x3dc2892d, L:/127.0.0.1:57668 ! R:localhost/127.0.0.1:58480] isIdleTimeoutExpired=false isRemotelyClosed=true isTtlExpired=false
10:46:05.064 [AsyncHttpClient-1-1] DEBUG org.asynchttpclient.netty.channel.DefaultChannelPool - Closing Idle Channel [id: 0x3dc2892d, L:/127.0.0.1:57668 ! R:localhost/127.0.0.1:58480]
10:46:05.064 [AsyncHttpClient-1-1] DEBUG org.asynchttpclient.netty.channel.DefaultChannelPool - Adding Candidate expired Channel [id: 0x3326e0d7, L:/127.0.0.1:57674 ! R:localhost/127.0.0.1:57669] isIdleTimeoutExpired=false isRemotelyClosed=true isTtlExpired=false
10:46:05.064 [AsyncHttpClient-1-1] DEBUG org.asynchttpclient.netty.channel.DefaultChannelPool - Closing Idle Channel [id: 0x3326e0d7, L:/127.0.0.1:57674 ! R:localhost/127.0.0.1:57669]
10:46:05.064 [AsyncHttpClient-1-1] DEBUG org.asynchttpclient.netty.channel.DefaultChannelPool - Closed 2 connections out of 2 in 0 ms
]]></system-out>
    <system-err><![CDATA[Starting ChromeDriver 102.0.5005.61 (0e59bcc00cc4985ce39ad31c150065f159d95ad3-refs/branch-heads/5005@{#819}) on port 58480
Only local connections are allowed.
Please see https://chromedriver.chromium.org/security-considerations for suggestions on keeping ChromeDriver safe.
ChromeDriver was started successfully.
Jun 21, 2022 10:45:59 AM org.openqa.selenium.remote.ProtocolHandshake createSession
INFO: Detected dialect: W3C
Jun 21, 2022 10:45:59 AM org.openqa.selenium.devtools.CdpVersionFinder findNearestMatch
WARNING: Unable to find an exact match for CDP version 102, so returning the closest version found: a no-op implementation
Jun 21, 2022 10:45:59 AM org.openqa.selenium.devtools.CdpVersionFinder findNearestMatch
INFO: Unable to find CDP implementation matching 102.
Jun 21, 2022 10:45:59 AM org.openqa.selenium.chromium.ChromiumDriver lambda$new$3
WARNING: Unable to find version of CDP to use for . You may need to include a dependency on a specific version of the CDP using something similar to `org.seleniumhq.selenium:selenium-devtools-v86:4.1.2` where the version ("v86") matches the version of the chromium-based browser you're using and the version number of the artifact is the same as Selenium's.
]]></system-err>
  </testcase>
  <testcase name="Search Patient Based on Patient Name Scenario" classname="Patient" time="9.227">
    <system-out><![CDATA[
@Patient @Search
Scenario: Search Patient Based on Patient Name Scenario &amp#27;[90m# src/test/resources/features/2.Patient.feature:54&amp#27;[0m
10:46:05.298 [main] INFO io.cucumber.core.plugin.SerenityReporter - Running feature from file:///E:/My%20Documents/File%20Difa/TI%20Semester%206%20Kampus%20Merdeka%20Alterra/Tugas/CAPSTONE%20Project/Capstone-Project-Website/src/test/resources/features/2.Patient.feature
10:46:05.300 [main] INFO  - 
  _____   ___   ___   _____     ___   _____     _     ___   _____   ___   ___  
 |_   _| | __| / __| |_   _|   / __| |_   _|   /_\   | _ \ |_   _| | __| |   \ 
   | |   | _|  \__ \   | |     \__ \   | |    / _ \  |   /   | |   | _|  | |) |
   |_|   |___| |___/   |_|     |___/   |_|   /_/ \_\ |_|_\   |_|   |___| |___/ 

Search Patient Based on Patient Name Scenario(patient;search-patient-based-on-patient-name-scenario)
--------------------------------------------------------------------------------
10:46:05.373 [main] DEBUG net.thucydides.core.steps.StepInterceptor - STARTING STEP: PatientSteps.iAmAtTheDashboardPage - openUrl
10:46:05.376 [main] INFO net.serenitybdd.core.webdriver.driverproviders.ChromeDriverProvider - Using automatically driver download
10:46:05.872 [main] DEBUG io.github.bonigarcia.wdm.cache.ResolutionCache - Resolution chrome=102 in cache (valid until 11:37:46 21/06/2022 ICT)
10:46:05.880 [main] DEBUG io.github.bonigarcia.wdm.cache.ResolutionCache - Resolution chrome102=102.0.5005.61 in cache (valid until 09:22:16 22/06/2022 ICT)
10:46:05.883 [main] INFO io.github.bonigarcia.wdm.WebDriverManager - Using chromedriver 102.0.5005.61 (resolved driver for Chrome 102)
10:46:05.906 [main] DEBUG io.github.bonigarcia.wdm.WebDriverManager - Driver chromedriver 102.0.5005.61 found in cache
10:46:05.906 [main] INFO io.github.bonigarcia.wdm.WebDriverManager - Exporting webdriver.chrome.driver as C:\Users\USER\.cache\selenium\chromedriver\win32\102.0.5005.61\chromedriver.exe
10:46:06.170 [main] DEBUG net.serenitybdd.core.webdriver.driverproviders.ProvideNewDriver - Instantiating driver
10:46:06.170 [main] DEBUG net.serenitybdd.core.webdriver.driverproviders.ProvideNewDriver - Driver capabilities: Capabilities {acceptInsecureCerts: false, base.url: https://hospital-management..., browserName: chrome, chrome.driver: src/test/resources/webdrive..., driver: chrome, goog:chromeOptions: {args: [], extensions: []}}
10:46:06.699 [AsyncHttpClient-1-8] DEBUG org.asynchttpclient.netty.channel.NettyConnectListener - Using new Channel '[id: 0x01a52b62, L:/127.0.0.1:57689 - R:localhost/127.0.0.1:54895]' for 'POST' to '/session'
10:46:08.577 [AsyncHttpClient-1-8] DEBUG org.asynchttpclient.netty.handler.HttpHandler - 

Request DefaultHttpRequest(decodeResult: success, version: HTTP/1.1)
POST /session HTTP/1.1
User-Agent: selenium/4.1.2 (java windows)
Content-Length: 621
Content-Type: application/json; charset=utf-8
host: localhost:54895
accept: */*

Response DefaultHttpResponse(decodeResult: success, version: HTTP/1.1)
HTTP/1.1 200 OK
Content-Type: application/json; charset=utf-8
cache-control: no-cache
content-length: 788

10:46:08.577 [AsyncHttpClient-1-8] DEBUG org.asynchttpclient.netty.channel.ChannelManager - Adding key: http://localhost:54895 for channel [id: 0x01a52b62, L:/127.0.0.1:57689 - R:localhost/127.0.0.1:54895]
10:46:08.584 [AsyncHttpClient-1-9] DEBUG org.asynchttpclient.netty.channel.NettyConnectListener - Using new Channel '[id: 0x14e85f98, L:/127.0.0.1:57696 - R:localhost/127.0.0.1:57690]' for 'GET' to '/json/version'
10:46:08.585 [AsyncHttpClient-1-9] DEBUG org.asynchttpclient.netty.handler.HttpHandler - 

Request DefaultFullHttpRequest(decodeResult: success, version: HTTP/1.1, content: EmptyByteBufBE)
GET /json/version HTTP/1.1
User-Agent: selenium/4.1.2 (java windows)
host: localhost:57690
accept: */*

Response DefaultHttpResponse(decodeResult: success, version: HTTP/1.1)
HTTP/1.1 200 OK
Content-Type: application/json; charset=UTF-8
content-length: 427

10:46:08.585 [AsyncHttpClient-1-9] DEBUG org.asynchttpclient.netty.channel.ChannelManager - Adding key: http://localhost:57690 for channel [id: 0x14e85f98, L:/127.0.0.1:57696 - R:localhost/127.0.0.1:57690]
10:46:08.588 [AsyncHttpClient-1-2] DEBUG org.asynchttpclient.netty.channel.NettyConnectListener - Using new Channel '[id: 0xf2f86c8a, L:/127.0.0.1:57697 - R:localhost/127.0.0.1:57690]' for 'GET' to '/devtools/browser/8ba3f8e5-759d-4a01-a639-1c89e90db023'
10:46:08.589 [AsyncHttpClient-1-2] DEBUG org.asynchttpclient.netty.handler.WebSocketHandler - 

Request DefaultFullHttpRequest(decodeResult: success, version: HTTP/1.1, content: EmptyByteBufBE)
GET /devtools/browser/8ba3f8e5-759d-4a01-a639-1c89e90db023 HTTP/1.1
upgrade: websocket
connection: upgrade
sec-websocket-key: xQ8E1zqOPEGZjCJV9jTd6g==
sec-websocket-version: 13
origin: http://localhost:57690
host: localhost:57690
accept: */*
user-agent: AHC/2.1

Response DefaultHttpResponse(decodeResult: success, version: HTTP/1.1)
HTTP/1.1 101 WebSocket Protocol Handshake
Upgrade: WebSocket
Connection: Upgrade
Sec-WebSocket-Accept: Qt3G+tUQp9J8badyP50rALGFmKQ=

10:46:08.592 [Forwarding maximizeCurrentWindow on session 1beb4428def03e5c4e0a3fec3a4038e0 to remote] DEBUG org.asynchttpclient.netty.request.NettyRequestSender - Using pooled Channel '[id: 0x01a52b62, L:/127.0.0.1:57689 - R:localhost/127.0.0.1:54895]' for 'POST' to 'http://localhost:54895/session/1beb4428def03e5c4e0a3fec3a4038e0/window/maximize'
10:46:08.593 [Forwarding maximizeCurrentWindow on session 1beb4428def03e5c4e0a3fec3a4038e0 to remote] DEBUG org.asynchttpclient.netty.request.NettyRequestSender - Using open Channel [id: 0x01a52b62, L:/127.0.0.1:57689 - R:localhost/127.0.0.1:54895] for POST '/session/1beb4428def03e5c4e0a3fec3a4038e0/window/maximize'
10:46:08.707 [AsyncHttpClient-1-8] DEBUG org.asynchttpclient.netty.handler.HttpHandler - 

Request DefaultHttpRequest(decodeResult: success, version: HTTP/1.1)
POST /session/1beb4428def03e5c4e0a3fec3a4038e0/window/maximize HTTP/1.1
User-Agent: selenium/4.1.2 (java windows)
Content-Length: 3
Content-Type: application/json; charset=utf-8
host: localhost:54895
accept: */*

Response DefaultHttpResponse(decodeResult: success, version: HTTP/1.1)
HTTP/1.1 200 OK
Content-Type: application/json; charset=utf-8
cache-control: no-cache
content-length: 51

10:46:08.707 [AsyncHttpClient-1-8] DEBUG org.asynchttpclient.netty.channel.ChannelManager - Adding key: http://localhost:54895 for channel [id: 0x01a52b62, L:/127.0.0.1:57689 - R:localhost/127.0.0.1:54895]
10:46:08.709 [Forwarding get on session 1beb4428def03e5c4e0a3fec3a4038e0 to remote] DEBUG org.asynchttpclient.netty.request.NettyRequestSender - Using pooled Channel '[id: 0x01a52b62, L:/127.0.0.1:57689 - R:localhost/127.0.0.1:54895]' for 'POST' to 'http://localhost:54895/session/1beb4428def03e5c4e0a3fec3a4038e0/url'
10:46:08.709 [Forwarding get on session 1beb4428def03e5c4e0a3fec3a4038e0 to remote] DEBUG org.asynchttpclient.netty.request.NettyRequestSender - Using open Channel [id: 0x01a52b62, L:/127.0.0.1:57689 - R:localhost/127.0.0.1:54895] for POST '/session/1beb4428def03e5c4e0a3fec3a4038e0/url'
10:46:09.477 [AsyncHttpClient-1-1] DEBUG org.asynchttpclient.netty.channel.DefaultChannelPool - Entry count for : http://localhost:57690 : 1
10:46:10.563 [AsyncHttpClient-1-1] DEBUG org.asynchttpclient.netty.channel.DefaultChannelPool - Entry count for : http://localhost:57690 : 1
10:46:10.826 [AsyncHttpClient-1-8] DEBUG org.asynchttpclient.netty.handler.HttpHandler - 

Request DefaultHttpRequest(decodeResult: success, version: HTTP/1.1)
POST /session/1beb4428def03e5c4e0a3fec3a4038e0/url HTTP/1.1
User-Agent: selenium/4.1.2 (java windows)
Content-Length: 65
Content-Type: application/json; charset=utf-8
host: localhost:54895
accept: */*

Response DefaultHttpResponse(decodeResult: success, version: HTTP/1.1)
HTTP/1.1 200 OK
Content-Type: application/json; charset=utf-8
cache-control: no-cache
content-length: 14

10:46:10.826 [AsyncHttpClient-1-8] DEBUG org.asynchttpclient.netty.channel.ChannelManager - Adding key: http://localhost:54895 for channel [id: 0x01a52b62, L:/127.0.0.1:57689 - R:localhost/127.0.0.1:54895]
10:46:10.829 [Forwarding setTimeout on session 1beb4428def03e5c4e0a3fec3a4038e0 to remote] DEBUG org.asynchttpclient.netty.request.NettyRequestSender - Using pooled Channel '[id: 0x01a52b62, L:/127.0.0.1:57689 - R:localhost/127.0.0.1:54895]' for 'POST' to 'http://localhost:54895/session/1beb4428def03e5c4e0a3fec3a4038e0/timeouts'
10:46:10.829 [Forwarding setTimeout on session 1beb4428def03e5c4e0a3fec3a4038e0 to remote] DEBUG org.asynchttpclient.netty.request.NettyRequestSender - Using open Channel [id: 0x01a52b62, L:/127.0.0.1:57689 - R:localhost/127.0.0.1:54895] for POST '/session/1beb4428def03e5c4e0a3fec3a4038e0/timeouts'
10:46:10.831 [AsyncHttpClient-1-8] DEBUG org.asynchttpclient.netty.handler.HttpHandler - 

Request DefaultHttpRequest(decodeResult: success, version: HTTP/1.1)
POST /session/1beb4428def03e5c4e0a3fec3a4038e0/timeouts HTTP/1.1
User-Agent: selenium/4.1.2 (java windows)
Content-Length: 22
Content-Type: application/json; charset=utf-8
host: localhost:54895
accept: */*

Response DefaultHttpResponse(decodeResult: success, version: HTTP/1.1)
HTTP/1.1 200 OK
Content-Type: application/json; charset=utf-8
cache-control: no-cache
content-length: 14

10:46:10.831 [AsyncHttpClient-1-8] DEBUG org.asynchttpclient.netty.channel.ChannelManager - Adding key: http://localhost:54895 for channel [id: 0x01a52b62, L:/127.0.0.1:57689 - R:localhost/127.0.0.1:54895]
10:46:10.839 [Forwarding getCurrentUrl on session 1beb4428def03e5c4e0a3fec3a4038e0 to remote] DEBUG org.asynchttpclient.netty.request.NettyRequestSender - Using pooled Channel '[id: 0x01a52b62, L:/127.0.0.1:57689 - R:localhost/127.0.0.1:54895]' for 'GET' to 'http://localhost:54895/session/1beb4428def03e5c4e0a3fec3a4038e0/url'
10:46:10.839 [Forwarding getCurrentUrl on session 1beb4428def03e5c4e0a3fec3a4038e0 to remote] DEBUG org.asynchttpclient.netty.request.NettyRequestSender - Using open Channel [id: 0x01a52b62, L:/127.0.0.1:57689 - R:localhost/127.0.0.1:54895] for GET '/session/1beb4428def03e5c4e0a3fec3a4038e0/url'
10:46:10.850 [AsyncHttpClient-1-8] DEBUG org.asynchttpclient.netty.handler.HttpHandler - 

Request DefaultFullHttpRequest(decodeResult: success, version: HTTP/1.1, content: EmptyByteBufBE)
GET /session/1beb4428def03e5c4e0a3fec3a4038e0/url HTTP/1.1
User-Agent: selenium/4.1.2 (java windows)
Cache-Control: no-cache
Content-Type: application/json; charset=utf-8
host: localhost:54895
accept: */*

Response DefaultHttpResponse(decodeResult: success, version: HTTP/1.1)
HTTP/1.1 200 OK
Content-Type: application/json; charset=utf-8
cache-control: no-cache
content-length: 53

10:46:10.850 [AsyncHttpClient-1-8] DEBUG org.asynchttpclient.netty.channel.ChannelManager - Adding key: http://localhost:54895 for channel [id: 0x01a52b62, L:/127.0.0.1:57689 - R:localhost/127.0.0.1:54895]
10:46:10.856 [Forwarding getCurrentUrl on session 1beb4428def03e5c4e0a3fec3a4038e0 to remote] DEBUG org.asynchttpclient.netty.request.NettyRequestSender - Using pooled Channel '[id: 0x01a52b62, L:/127.0.0.1:57689 - R:localhost/127.0.0.1:54895]' for 'GET' to 'http://localhost:54895/session/1beb4428def03e5c4e0a3fec3a4038e0/url'
10:46:10.856 [Forwarding getCurrentUrl on session 1beb4428def03e5c4e0a3fec3a4038e0 to remote] DEBUG org.asynchttpclient.netty.request.NettyRequestSender - Using open Channel [id: 0x01a52b62, L:/127.0.0.1:57689 - R:localhost/127.0.0.1:54895] for GET '/session/1beb4428def03e5c4e0a3fec3a4038e0/url'
10:46:10.865 [AsyncHttpClient-1-8] DEBUG org.asynchttpclient.netty.handler.HttpHandler - 

Request DefaultFullHttpRequest(decodeResult: success, version: HTTP/1.1, content: EmptyByteBufBE)
GET /session/1beb4428def03e5c4e0a3fec3a4038e0/url HTTP/1.1
User-Agent: selenium/4.1.2 (java windows)
Cache-Control: no-cache
Content-Type: application/json; charset=utf-8
host: localhost:54895
accept: */*

Response DefaultHttpResponse(decodeResult: success, version: HTTP/1.1)
HTTP/1.1 200 OK
Content-Type: application/json; charset=utf-8
cache-control: no-cache
content-length: 53

10:46:10.865 [AsyncHttpClient-1-8] DEBUG org.asynchttpclient.netty.channel.ChannelManager - Adding key: http://localhost:54895 for channel [id: 0x01a52b62, L:/127.0.0.1:57689 - R:localhost/127.0.0.1:54895]
10:46:10.875 [Forwarding screenshot on session 1beb4428def03e5c4e0a3fec3a4038e0 to remote] DEBUG org.asynchttpclient.netty.request.NettyRequestSender - Using pooled Channel '[id: 0x01a52b62, L:/127.0.0.1:57689 - R:localhost/127.0.0.1:54895]' for 'GET' to 'http://localhost:54895/session/1beb4428def03e5c4e0a3fec3a4038e0/screenshot'
10:46:10.875 [Forwarding screenshot on session 1beb4428def03e5c4e0a3fec3a4038e0 to remote] DEBUG org.asynchttpclient.netty.request.NettyRequestSender - Using open Channel [id: 0x01a52b62, L:/127.0.0.1:57689 - R:localhost/127.0.0.1:54895] for GET '/session/1beb4428def03e5c4e0a3fec3a4038e0/screenshot'
10:46:11.214 [AsyncHttpClient-1-8] DEBUG org.asynchttpclient.netty.handler.HttpHandler - 

Request DefaultFullHttpRequest(decodeResult: success, version: HTTP/1.1, content: EmptyByteBufBE)
GET /session/1beb4428def03e5c4e0a3fec3a4038e0/screenshot HTTP/1.1
User-Agent: selenium/4.1.2 (java windows)
Cache-Control: no-cache
Content-Type: application/json; charset=utf-8
host: localhost:54895
accept: */*

Response DefaultHttpResponse(decodeResult: success, version: HTTP/1.1)
HTTP/1.1 200 OK
Content-Type: application/json; charset=utf-8
cache-control: no-cache
content-length: 244864

10:46:11.216 [AsyncHttpClient-1-8] DEBUG org.asynchttpclient.netty.channel.ChannelManager - Adding key: http://localhost:54895 for channel [id: 0x01a52b62, L:/127.0.0.1:57689 - R:localhost/127.0.0.1:54895]
10:46:11.230 [main] DEBUG net.serenitybdd.core.photography.Darkroom - Send negative for processing for target\site\serenity\7c9ea6336fd4d9a1f28301c64f5b2501521eef96142428604ed1c91d86a12031.png
10:46:11.230 [main] DEBUG net.thucydides.core.steps.StepInterceptor - STEP DONE: openUrl
10:46:11.230 [Darkroom Processing Line] DEBUG net.serenitybdd.core.photography.DarkroomProcessingLine - Processing screenshot image in /var/screenshots/screenshot-13254557200425645072
10:46:11.230 [Darkroom Processing Line] DEBUG net.serenitybdd.core.photography.DarkroomProcessingLine - Saving screenshot to target\site\serenity\7c9ea6336fd4d9a1f28301c64f5b2501521eef96142428604ed1c91d86a12031.png
10:46:11.241 [main] DEBUG net.thucydides.core.steps.StepInterceptor - STARTING STEP: PatientSteps.iAmAtTheDashboardPage - validateOnDashboardPage
10:46:11.245 [Forwarding findElement on session 1beb4428def03e5c4e0a3fec3a4038e0 to remote] DEBUG org.asynchttpclient.netty.request.NettyRequestSender - Using pooled Channel '[id: 0x01a52b62, L:/127.0.0.1:57689 - R:localhost/127.0.0.1:54895]' for 'POST' to 'http://localhost:54895/session/1beb4428def03e5c4e0a3fec3a4038e0/element'
10:46:11.245 [Forwarding findElement on session 1beb4428def03e5c4e0a3fec3a4038e0 to remote] DEBUG org.asynchttpclient.netty.request.NettyRequestSender - Using open Channel [id: 0x01a52b62, L:/127.0.0.1:57689 - R:localhost/127.0.0.1:54895] for POST '/session/1beb4428def03e5c4e0a3fec3a4038e0/element'
10:46:11.268 [AsyncHttpClient-1-8] DEBUG org.asynchttpclient.netty.handler.HttpHandler - 

Request DefaultHttpRequest(decodeResult: success, version: HTTP/1.1)
POST /session/1beb4428def03e5c4e0a3fec3a4038e0/element HTTP/1.1
User-Agent: selenium/4.1.2 (java windows)
Content-Length: 81
Content-Type: application/json; charset=utf-8
host: localhost:54895
accept: */*

Response DefaultHttpResponse(decodeResult: success, version: HTTP/1.1)
HTTP/1.1 200 OK
Content-Type: application/json; charset=utf-8
cache-control: no-cache
content-length: 88

10:46:11.269 [AsyncHttpClient-1-8] DEBUG org.asynchttpclient.netty.channel.ChannelManager - Adding key: http://localhost:54895 for channel [id: 0x01a52b62, L:/127.0.0.1:57689 - R:localhost/127.0.0.1:54895]
10:46:11.274 [Forwarding isElementDisplayed on session 1beb4428def03e5c4e0a3fec3a4038e0 to remote] DEBUG org.asynchttpclient.netty.request.NettyRequestSender - Using pooled Channel '[id: 0x01a52b62, L:/127.0.0.1:57689 - R:localhost/127.0.0.1:54895]' for 'POST' to 'http://localhost:54895/session/1beb4428def03e5c4e0a3fec3a4038e0/execute/sync'
10:46:11.274 [Forwarding isElementDisplayed on session 1beb4428def03e5c4e0a3fec3a4038e0 to remote] DEBUG org.asynchttpclient.netty.request.NettyRequestSender - Using open Channel [id: 0x01a52b62, L:/127.0.0.1:57689 - R:localhost/127.0.0.1:54895] for POST '/session/1beb4428def03e5c4e0a3fec3a4038e0/execute/sync'
10:46:11.304 [AsyncHttpClient-1-8] DEBUG org.asynchttpclient.netty.handler.HttpHandler - 

Request DefaultHttpRequest(decodeResult: success, version: HTTP/1.1)
POST /session/1beb4428def03e5c4e0a3fec3a4038e0/execute/sync HTTP/1.1
User-Agent: selenium/4.1.2 (java windows)
Content-Length: 48780
Content-Type: application/json; charset=utf-8
host: localhost:54895
accept: */*

Response DefaultHttpResponse(decodeResult: success, version: HTTP/1.1)
HTTP/1.1 200 OK
Content-Type: application/json; charset=utf-8
cache-control: no-cache
content-length: 14

10:46:11.304 [AsyncHttpClient-1-8] DEBUG org.asynchttpclient.netty.channel.ChannelManager - Adding key: http://localhost:54895 for channel [id: 0x01a52b62, L:/127.0.0.1:57689 - R:localhost/127.0.0.1:54895]
10:46:11.315 [Forwarding screenshot on session 1beb4428def03e5c4e0a3fec3a4038e0 to remote] DEBUG org.asynchttpclient.netty.request.NettyRequestSender - Using pooled Channel '[id: 0x01a52b62, L:/127.0.0.1:57689 - R:localhost/127.0.0.1:54895]' for 'GET' to 'http://localhost:54895/session/1beb4428def03e5c4e0a3fec3a4038e0/screenshot'
10:46:11.315 [Forwarding screenshot on session 1beb4428def03e5c4e0a3fec3a4038e0 to remote] DEBUG org.asynchttpclient.netty.request.NettyRequestSender - Using open Channel [id: 0x01a52b62, L:/127.0.0.1:57689 - R:localhost/127.0.0.1:54895] for GET '/session/1beb4428def03e5c4e0a3fec3a4038e0/screenshot'
10:46:11.664 [AsyncHttpClient-1-1] DEBUG org.asynchttpclient.netty.channel.DefaultChannelPool - Entry count for : http://localhost:57690 : 1
10:46:11.786 [AsyncHttpClient-1-8] DEBUG org.asynchttpclient.netty.handler.HttpHandler - 

Request DefaultFullHttpRequest(decodeResult: success, version: HTTP/1.1, content: EmptyByteBufBE)
GET /session/1beb4428def03e5c4e0a3fec3a4038e0/screenshot HTTP/1.1
User-Agent: selenium/4.1.2 (java windows)
Cache-Control: no-cache
Content-Type: application/json; charset=utf-8
host: localhost:54895
accept: */*

Response DefaultHttpResponse(decodeResult: success, version: HTTP/1.1)
HTTP/1.1 200 OK
Content-Type: application/json; charset=utf-8
cache-control: no-cache
content-length: 382596

10:46:11.789 [AsyncHttpClient-1-8] DEBUG org.asynchttpclient.netty.channel.ChannelManager - Adding key: http://localhost:54895 for channel [id: 0x01a52b62, L:/127.0.0.1:57689 - R:localhost/127.0.0.1:54895]
10:46:11.817 [main] DEBUG net.serenitybdd.core.photography.Darkroom - Send negative for processing for target\site\serenity\ed15a54c91c342d96a850276df7b559f4526b370fc93040e3c407a48a170f368.png
10:46:11.817 [main] DEBUG net.thucydides.core.steps.StepInterceptor - STEP DONE: validateOnDashboardPage
  &amp#27;[32mGiven &amp#27;[0m&amp#27;[32mI am at the dashboard page&amp#27;[0m                      &amp#27;[90m# starter.stepdefinitions.PatientSteps.iAmAtTheDashboardPage()&amp#27;[0m
10:46:11.843 [main] DEBUG net.thucydides.core.steps.StepInterceptor - STARTING STEP: PatientSteps.iClickMenuPatient - clickMenuPatientButton
10:46:11.849 [Forwarding findElement on session 1beb4428def03e5c4e0a3fec3a4038e0 to remote] DEBUG org.asynchttpclient.netty.request.NettyRequestSender - Using pooled Channel '[id: 0x01a52b62, L:/127.0.0.1:57689 - R:localhost/127.0.0.1:54895]' for 'POST' to 'http://localhost:54895/session/1beb4428def03e5c4e0a3fec3a4038e0/element'
10:46:11.849 [Forwarding findElement on session 1beb4428def03e5c4e0a3fec3a4038e0 to remote] DEBUG org.asynchttpclient.netty.request.NettyRequestSender - Using open Channel [id: 0x01a52b62, L:/127.0.0.1:57689 - R:localhost/127.0.0.1:54895] for POST '/session/1beb4428def03e5c4e0a3fec3a4038e0/element'
10:46:11.873 [AsyncHttpClient-1-8] DEBUG org.asynchttpclient.netty.handler.HttpHandler - 

Request DefaultHttpRequest(decodeResult: success, version: HTTP/1.1)
POST /session/1beb4428def03e5c4e0a3fec3a4038e0/element HTTP/1.1
User-Agent: selenium/4.1.2 (java windows)
Content-Length: 80
Content-Type: application/json; charset=utf-8
host: localhost:54895
accept: */*

Response DefaultHttpResponse(decodeResult: success, version: HTTP/1.1)
HTTP/1.1 200 OK
Content-Type: application/json; charset=utf-8
cache-control: no-cache
content-length: 88

10:46:11.874 [AsyncHttpClient-1-8] DEBUG org.asynchttpclient.netty.channel.ChannelManager - Adding key: http://localhost:54895 for channel [id: 0x01a52b62, L:/127.0.0.1:57689 - R:localhost/127.0.0.1:54895]
10:46:11.875 [Forwarding getElementTagName on session 1beb4428def03e5c4e0a3fec3a4038e0 to remote] DEBUG org.asynchttpclient.netty.request.NettyRequestSender - Using pooled Channel '[id: 0x01a52b62, L:/127.0.0.1:57689 - R:localhost/127.0.0.1:54895]' for 'GET' to 'http://localhost:54895/session/1beb4428def03e5c4e0a3fec3a4038e0/element/ffc9458e-8aed-492e-9185-35c8b9d3d89b/name'
10:46:11.876 [Forwarding getElementTagName on session 1beb4428def03e5c4e0a3fec3a4038e0 to remote] DEBUG org.asynchttpclient.netty.request.NettyRequestSender - Using open Channel [id: 0x01a52b62, L:/127.0.0.1:57689 - R:localhost/127.0.0.1:54895] for GET '/session/1beb4428def03e5c4e0a3fec3a4038e0/element/ffc9458e-8aed-492e-9185-35c8b9d3d89b/name'
10:46:11.882 [AsyncHttpClient-1-8] DEBUG org.asynchttpclient.netty.handler.HttpHandler - 

Request DefaultFullHttpRequest(decodeResult: success, version: HTTP/1.1, content: EmptyByteBufBE)
GET /session/1beb4428def03e5c4e0a3fec3a4038e0/element/ffc9458e-8aed-492e-9185-35c8b9d3d89b/name HTTP/1.1
User-Agent: selenium/4.1.2 (java windows)
Cache-Control: no-cache
Content-Type: application/json; charset=utf-8
host: localhost:54895
accept: */*

Response DefaultHttpResponse(decodeResult: success, version: HTTP/1.1)
HTTP/1.1 200 OK
Content-Type: application/json; charset=utf-8
cache-control: no-cache
content-length: 15

10:46:11.882 [AsyncHttpClient-1-8] DEBUG org.asynchttpclient.netty.channel.ChannelManager - Adding key: http://localhost:54895 for channel [id: 0x01a52b62, L:/127.0.0.1:57689 - R:localhost/127.0.0.1:54895]
10:46:11.883 [Forwarding getElementTagName on session 1beb4428def03e5c4e0a3fec3a4038e0 to remote] DEBUG org.asynchttpclient.netty.request.NettyRequestSender - Using pooled Channel '[id: 0x01a52b62, L:/127.0.0.1:57689 - R:localhost/127.0.0.1:54895]' for 'GET' to 'http://localhost:54895/session/1beb4428def03e5c4e0a3fec3a4038e0/element/ffc9458e-8aed-492e-9185-35c8b9d3d89b/name'
10:46:11.883 [Forwarding getElementTagName on session 1beb4428def03e5c4e0a3fec3a4038e0 to remote] DEBUG org.asynchttpclient.netty.request.NettyRequestSender - Using open Channel [id: 0x01a52b62, L:/127.0.0.1:57689 - R:localhost/127.0.0.1:54895] for GET '/session/1beb4428def03e5c4e0a3fec3a4038e0/element/ffc9458e-8aed-492e-9185-35c8b9d3d89b/name'
10:46:11.888 [AsyncHttpClient-1-8] DEBUG org.asynchttpclient.netty.handler.HttpHandler - 

Request DefaultFullHttpRequest(decodeResult: success, version: HTTP/1.1, content: EmptyByteBufBE)
GET /session/1beb4428def03e5c4e0a3fec3a4038e0/element/ffc9458e-8aed-492e-9185-35c8b9d3d89b/name HTTP/1.1
User-Agent: selenium/4.1.2 (java windows)
Cache-Control: no-cache
Content-Type: application/json; charset=utf-8
host: localhost:54895
accept: */*

Response DefaultHttpResponse(decodeResult: success, version: HTTP/1.1)
HTTP/1.1 200 OK
Content-Type: application/json; charset=utf-8
cache-control: no-cache
content-length: 15

10:46:11.888 [AsyncHttpClient-1-8] DEBUG org.asynchttpclient.netty.channel.ChannelManager - Adding key: http://localhost:54895 for channel [id: 0x01a52b62, L:/127.0.0.1:57689 - R:localhost/127.0.0.1:54895]
10:46:11.891 [Forwarding findElement on session 1beb4428def03e5c4e0a3fec3a4038e0 to remote] DEBUG org.asynchttpclient.netty.request.NettyRequestSender - Using pooled Channel '[id: 0x01a52b62, L:/127.0.0.1:57689 - R:localhost/127.0.0.1:54895]' for 'POST' to 'http://localhost:54895/session/1beb4428def03e5c4e0a3fec3a4038e0/element'
10:46:11.891 [Forwarding findElement on session 1beb4428def03e5c4e0a3fec3a4038e0 to remote] DEBUG org.asynchttpclient.netty.request.NettyRequestSender - Using open Channel [id: 0x01a52b62, L:/127.0.0.1:57689 - R:localhost/127.0.0.1:54895] for POST '/session/1beb4428def03e5c4e0a3fec3a4038e0/element'
10:46:11.901 [AsyncHttpClient-1-8] DEBUG org.asynchttpclient.netty.handler.HttpHandler - 

Request DefaultHttpRequest(decodeResult: success, version: HTTP/1.1)
POST /session/1beb4428def03e5c4e0a3fec3a4038e0/element HTTP/1.1
User-Agent: selenium/4.1.2 (java windows)
Content-Length: 80
Content-Type: application/json; charset=utf-8
host: localhost:54895
accept: */*

Response DefaultHttpResponse(decodeResult: success, version: HTTP/1.1)
HTTP/1.1 200 OK
Content-Type: application/json; charset=utf-8
cache-control: no-cache
content-length: 88

10:46:11.902 [AsyncHttpClient-1-8] DEBUG org.asynchttpclient.netty.channel.ChannelManager - Adding key: http://localhost:54895 for channel [id: 0x01a52b62, L:/127.0.0.1:57689 - R:localhost/127.0.0.1:54895]
10:46:11.903 [Forwarding clickElement on session 1beb4428def03e5c4e0a3fec3a4038e0 to remote] DEBUG org.asynchttpclient.netty.request.NettyRequestSender - Using pooled Channel '[id: 0x01a52b62, L:/127.0.0.1:57689 - R:localhost/127.0.0.1:54895]' for 'POST' to 'http://localhost:54895/session/1beb4428def03e5c4e0a3fec3a4038e0/element/ffc9458e-8aed-492e-9185-35c8b9d3d89b/click'
10:46:11.903 [Forwarding clickElement on session 1beb4428def03e5c4e0a3fec3a4038e0 to remote] DEBUG org.asynchttpclient.netty.request.NettyRequestSender - Using open Channel [id: 0x01a52b62, L:/127.0.0.1:57689 - R:localhost/127.0.0.1:54895] for POST '/session/1beb4428def03e5c4e0a3fec3a4038e0/element/ffc9458e-8aed-492e-9185-35c8b9d3d89b/click'
10:46:12.107 [AsyncHttpClient-1-8] DEBUG org.asynchttpclient.netty.handler.HttpHandler - 

Request DefaultHttpRequest(decodeResult: success, version: HTTP/1.1)
POST /session/1beb4428def03e5c4e0a3fec3a4038e0/element/ffc9458e-8aed-492e-9185-35c8b9d3d89b/click HTTP/1.1
User-Agent: selenium/4.1.2 (java windows)
Content-Length: 50
Content-Type: application/json; charset=utf-8
host: localhost:54895
accept: */*

Response DefaultHttpResponse(decodeResult: success, version: HTTP/1.1)
HTTP/1.1 200 OK
Content-Type: application/json; charset=utf-8
cache-control: no-cache
content-length: 14

10:46:12.107 [AsyncHttpClient-1-8] DEBUG org.asynchttpclient.netty.channel.ChannelManager - Adding key: http://localhost:54895 for channel [id: 0x01a52b62, L:/127.0.0.1:57689 - R:localhost/127.0.0.1:54895]
10:46:12.118 [Forwarding screenshot on session 1beb4428def03e5c4e0a3fec3a4038e0 to remote] DEBUG org.asynchttpclient.netty.request.NettyRequestSender - Using pooled Channel '[id: 0x01a52b62, L:/127.0.0.1:57689 - R:localhost/127.0.0.1:54895]' for 'GET' to 'http://localhost:54895/session/1beb4428def03e5c4e0a3fec3a4038e0/screenshot'
10:46:12.118 [Forwarding screenshot on session 1beb4428def03e5c4e0a3fec3a4038e0 to remote] DEBUG org.asynchttpclient.netty.request.NettyRequestSender - Using open Channel [id: 0x01a52b62, L:/127.0.0.1:57689 - R:localhost/127.0.0.1:54895] for GET '/session/1beb4428def03e5c4e0a3fec3a4038e0/screenshot'
10:46:12.254 [AsyncHttpClient-1-8] DEBUG org.asynchttpclient.netty.handler.HttpHandler - 

Request DefaultFullHttpRequest(decodeResult: success, version: HTTP/1.1, content: EmptyByteBufBE)
GET /session/1beb4428def03e5c4e0a3fec3a4038e0/screenshot HTTP/1.1
User-Agent: selenium/4.1.2 (java windows)
Cache-Control: no-cache
Content-Type: application/json; charset=utf-8
host: localhost:54895
accept: */*

Response DefaultHttpResponse(decodeResult: success, version: HTTP/1.1)
HTTP/1.1 200 OK
Content-Type: application/json; charset=utf-8
cache-control: no-cache
content-length: 55372

10:46:12.254 [AsyncHttpClient-1-8] DEBUG org.asynchttpclient.netty.channel.ChannelManager - Adding key: http://localhost:54895 for channel [id: 0x01a52b62, L:/127.0.0.1:57689 - R:localhost/127.0.0.1:54895]
10:46:12.258 [main] DEBUG net.serenitybdd.core.photography.Darkroom - Send negative for processing for target\site\serenity\c886102f421ef8e705409955539f8574c7e22dd5f158313ecdebe95b5d6560bd.png
10:46:12.259 [main] DEBUG net.thucydides.core.steps.StepInterceptor - STEP DONE: clickMenuPatientButton
  &amp#27;[32mAnd &amp#27;[0m&amp#27;[32mI click menu patient&amp#27;[0m                              &amp#27;[90m# starter.stepdefinitions.PatientSteps.iClickMenuPatient()&amp#27;[0m
10:46:12.275 [Forwarding findElement on session 1beb4428def03e5c4e0a3fec3a4038e0 to remote] DEBUG org.asynchttpclient.netty.request.NettyRequestSender - Using pooled Channel '[id: 0x01a52b62, L:/127.0.0.1:57689 - R:localhost/127.0.0.1:54895]' for 'POST' to 'http://localhost:54895/session/1beb4428def03e5c4e0a3fec3a4038e0/element'
10:46:12.275 [Forwarding findElement on session 1beb4428def03e5c4e0a3fec3a4038e0 to remote] DEBUG org.asynchttpclient.netty.request.NettyRequestSender - Using open Channel [id: 0x01a52b62, L:/127.0.0.1:57689 - R:localhost/127.0.0.1:54895] for POST '/session/1beb4428def03e5c4e0a3fec3a4038e0/element'
10:46:12.295 [AsyncHttpClient-1-8] DEBUG org.asynchttpclient.netty.handler.HttpHandler - 

Request DefaultHttpRequest(decodeResult: success, version: HTTP/1.1)
POST /session/1beb4428def03e5c4e0a3fec3a4038e0/element HTTP/1.1
User-Agent: selenium/4.1.2 (java windows)
Content-Length: 160
Content-Type: application/json; charset=utf-8
host: localhost:54895
accept: */*

Response DefaultHttpResponse(decodeResult: success, version: HTTP/1.1)
HTTP/1.1 200 OK
Content-Type: application/json; charset=utf-8
cache-control: no-cache
content-length: 88

10:46:12.295 [AsyncHttpClient-1-8] DEBUG org.asynchttpclient.netty.channel.ChannelManager - Adding key: http://localhost:54895 for channel [id: 0x01a52b62, L:/127.0.0.1:57689 - R:localhost/127.0.0.1:54895]
10:46:12.297 [Forwarding clearElement on session 1beb4428def03e5c4e0a3fec3a4038e0 to remote] DEBUG org.asynchttpclient.netty.request.NettyRequestSender - Using pooled Channel '[id: 0x01a52b62, L:/127.0.0.1:57689 - R:localhost/127.0.0.1:54895]' for 'POST' to 'http://localhost:54895/session/1beb4428def03e5c4e0a3fec3a4038e0/element/14107425-74f1-431f-9cc9-ff5aea435618/clear'
10:46:12.297 [Forwarding clearElement on session 1beb4428def03e5c4e0a3fec3a4038e0 to remote] DEBUG org.asynchttpclient.netty.request.NettyRequestSender - Using open Channel [id: 0x01a52b62, L:/127.0.0.1:57689 - R:localhost/127.0.0.1:54895] for POST '/session/1beb4428def03e5c4e0a3fec3a4038e0/element/14107425-74f1-431f-9cc9-ff5aea435618/clear'
10:46:12.363 [AsyncHttpClient-1-8] DEBUG org.asynchttpclient.netty.handler.HttpHandler - 

Request DefaultHttpRequest(decodeResult: success, version: HTTP/1.1)
POST /session/1beb4428def03e5c4e0a3fec3a4038e0/element/14107425-74f1-431f-9cc9-ff5aea435618/clear HTTP/1.1
User-Agent: selenium/4.1.2 (java windows)
Content-Length: 50
Content-Type: application/json; charset=utf-8
host: localhost:54895
accept: */*

Response DefaultHttpResponse(decodeResult: success, version: HTTP/1.1)
HTTP/1.1 200 OK
Content-Type: application/json; charset=utf-8
cache-control: no-cache
content-length: 14

10:46:12.363 [AsyncHttpClient-1-8] DEBUG org.asynchttpclient.netty.channel.ChannelManager - Adding key: http://localhost:54895 for channel [id: 0x01a52b62, L:/127.0.0.1:57689 - R:localhost/127.0.0.1:54895]
10:46:12.367 [Forwarding sendKeysToElement on session 1beb4428def03e5c4e0a3fec3a4038e0 to remote] DEBUG org.asynchttpclient.netty.request.NettyRequestSender - Using pooled Channel '[id: 0x01a52b62, L:/127.0.0.1:57689 - R:localhost/127.0.0.1:54895]' for 'POST' to 'http://localhost:54895/session/1beb4428def03e5c4e0a3fec3a4038e0/element/14107425-74f1-431f-9cc9-ff5aea435618/value'
10:46:12.367 [Forwarding sendKeysToElement on session 1beb4428def03e5c4e0a3fec3a4038e0 to remote] DEBUG org.asynchttpclient.netty.request.NettyRequestSender - Using open Channel [id: 0x01a52b62, L:/127.0.0.1:57689 - R:localhost/127.0.0.1:54895] for POST '/session/1beb4428def03e5c4e0a3fec3a4038e0/element/14107425-74f1-431f-9cc9-ff5aea435618/value'
10:46:12.768 [AsyncHttpClient-1-1] DEBUG org.asynchttpclient.netty.channel.DefaultChannelPool - Entry count for : http://localhost:57690 : 1
10:46:12.989 [AsyncHttpClient-1-8] DEBUG org.asynchttpclient.netty.handler.HttpHandler - 

Request DefaultHttpRequest(decodeResult: success, version: HTTP/1.1)
POST /session/1beb4428def03e5c4e0a3fec3a4038e0/element/14107425-74f1-431f-9cc9-ff5aea435618/value HTTP/1.1
User-Agent: selenium/4.1.2 (java windows)
Content-Length: 211
Content-Type: application/json; charset=utf-8
host: localhost:54895
accept: */*

Response DefaultHttpResponse(decodeResult: success, version: HTTP/1.1)
HTTP/1.1 200 OK
Content-Type: application/json; charset=utf-8
cache-control: no-cache
content-length: 14

10:46:12.989 [AsyncHttpClient-1-8] DEBUG org.asynchttpclient.netty.channel.ChannelManager - Adding key: http://localhost:54895 for channel [id: 0x01a52b62, L:/127.0.0.1:57689 - R:localhost/127.0.0.1:54895]
10:46:13.014 [Forwarding screenshot on session 1beb4428def03e5c4e0a3fec3a4038e0 to remote] DEBUG org.asynchttpclient.netty.request.NettyRequestSender - Using pooled Channel '[id: 0x01a52b62, L:/127.0.0.1:57689 - R:localhost/127.0.0.1:54895]' for 'GET' to 'http://localhost:54895/session/1beb4428def03e5c4e0a3fec3a4038e0/screenshot'
10:46:13.015 [Forwarding screenshot on session 1beb4428def03e5c4e0a3fec3a4038e0 to remote] DEBUG org.asynchttpclient.netty.request.NettyRequestSender - Using open Channel [id: 0x01a52b62, L:/127.0.0.1:57689 - R:localhost/127.0.0.1:54895] for GET '/session/1beb4428def03e5c4e0a3fec3a4038e0/screenshot'
10:46:13.177 [AsyncHttpClient-1-8] DEBUG org.asynchttpclient.netty.handler.HttpHandler - 

Request DefaultFullHttpRequest(decodeResult: success, version: HTTP/1.1, content: EmptyByteBufBE)
GET /session/1beb4428def03e5c4e0a3fec3a4038e0/screenshot HTTP/1.1
User-Agent: selenium/4.1.2 (java windows)
Cache-Control: no-cache
Content-Type: application/json; charset=utf-8
host: localhost:54895
accept: */*

Response DefaultHttpResponse(decodeResult: success, version: HTTP/1.1)
HTTP/1.1 200 OK
Content-Type: application/json; charset=utf-8
cache-control: no-cache
content-length: 60008

10:46:13.177 [AsyncHttpClient-1-8] DEBUG org.asynchttpclient.netty.channel.ChannelManager - Adding key: http://localhost:54895 for channel [id: 0x01a52b62, L:/127.0.0.1:57689 - R:localhost/127.0.0.1:54895]
10:46:13.182 [main] DEBUG net.serenitybdd.core.photography.Darkroom - Send negative for processing for target\site\serenity\418e878e5262d2a37a36134a879a8d2cd164132f9a1de45d3dc945eaca68c085.png
10:46:13.182 [main] DEBUG net.thucydides.core.steps.StepInterceptor - STARTING STEP: PatientSteps.iInputPatientNameAndClickSearch - clickSearchButton
10:46:13.182 [Darkroom Processing Line] DEBUG net.serenitybdd.core.photography.DarkroomProcessingLine - Processing screenshot image in /var/screenshots/screenshot-4182357775162438739
10:46:13.182 [Darkroom Processing Line] DEBUG net.serenitybdd.core.photography.DarkroomProcessingLine - Saving screenshot to target\site\serenity\418e878e5262d2a37a36134a879a8d2cd164132f9a1de45d3dc945eaca68c085.png
10:46:13.187 [Forwarding findElement on session 1beb4428def03e5c4e0a3fec3a4038e0 to remote] DEBUG org.asynchttpclient.netty.request.NettyRequestSender - Using pooled Channel '[id: 0x01a52b62, L:/127.0.0.1:57689 - R:localhost/127.0.0.1:54895]' for 'POST' to 'http://localhost:54895/session/1beb4428def03e5c4e0a3fec3a4038e0/element'
10:46:13.187 [Forwarding findElement on session 1beb4428def03e5c4e0a3fec3a4038e0 to remote] DEBUG org.asynchttpclient.netty.request.NettyRequestSender - Using open Channel [id: 0x01a52b62, L:/127.0.0.1:57689 - R:localhost/127.0.0.1:54895] for POST '/session/1beb4428def03e5c4e0a3fec3a4038e0/element'
10:46:13.207 [AsyncHttpClient-1-8] DEBUG org.asynchttpclient.netty.handler.HttpHandler - 

Request DefaultHttpRequest(decodeResult: success, version: HTTP/1.1)
POST /session/1beb4428def03e5c4e0a3fec3a4038e0/element HTTP/1.1
User-Agent: selenium/4.1.2 (java windows)
Content-Length: 161
Content-Type: application/json; charset=utf-8
host: localhost:54895
accept: */*

Response DefaultHttpResponse(decodeResult: success, version: HTTP/1.1)
HTTP/1.1 200 OK
Content-Type: application/json; charset=utf-8
cache-control: no-cache
content-length: 88

10:46:13.207 [AsyncHttpClient-1-8] DEBUG org.asynchttpclient.netty.channel.ChannelManager - Adding key: http://localhost:54895 for channel [id: 0x01a52b62, L:/127.0.0.1:57689 - R:localhost/127.0.0.1:54895]
10:46:13.209 [Forwarding getElementTagName on session 1beb4428def03e5c4e0a3fec3a4038e0 to remote] DEBUG org.asynchttpclient.netty.request.NettyRequestSender - Using pooled Channel '[id: 0x01a52b62, L:/127.0.0.1:57689 - R:localhost/127.0.0.1:54895]' for 'GET' to 'http://localhost:54895/session/1beb4428def03e5c4e0a3fec3a4038e0/element/7e1a940c-501e-450f-9020-ac37921c16d6/name'
10:46:13.209 [Forwarding getElementTagName on session 1beb4428def03e5c4e0a3fec3a4038e0 to remote] DEBUG org.asynchttpclient.netty.request.NettyRequestSender - Using open Channel [id: 0x01a52b62, L:/127.0.0.1:57689 - R:localhost/127.0.0.1:54895] for GET '/session/1beb4428def03e5c4e0a3fec3a4038e0/element/7e1a940c-501e-450f-9020-ac37921c16d6/name'
10:46:13.215 [AsyncHttpClient-1-8] DEBUG org.asynchttpclient.netty.handler.HttpHandler - 

Request DefaultFullHttpRequest(decodeResult: success, version: HTTP/1.1, content: EmptyByteBufBE)
GET /session/1beb4428def03e5c4e0a3fec3a4038e0/element/7e1a940c-501e-450f-9020-ac37921c16d6/name HTTP/1.1
User-Agent: selenium/4.1.2 (java windows)
Cache-Control: no-cache
Content-Type: application/json; charset=utf-8
host: localhost:54895
accept: */*

Response DefaultHttpResponse(decodeResult: success, version: HTTP/1.1)
HTTP/1.1 200 OK
Content-Type: application/json; charset=utf-8
cache-control: no-cache
content-length: 18

10:46:13.215 [AsyncHttpClient-1-8] DEBUG org.asynchttpclient.netty.channel.ChannelManager - Adding key: http://localhost:54895 for channel [id: 0x01a52b62, L:/127.0.0.1:57689 - R:localhost/127.0.0.1:54895]
10:46:13.217 [Forwarding getElementTagName on session 1beb4428def03e5c4e0a3fec3a4038e0 to remote] DEBUG org.asynchttpclient.netty.request.NettyRequestSender - Using pooled Channel '[id: 0x01a52b62, L:/127.0.0.1:57689 - R:localhost/127.0.0.1:54895]' for 'GET' to 'http://localhost:54895/session/1beb4428def03e5c4e0a3fec3a4038e0/element/7e1a940c-501e-450f-9020-ac37921c16d6/name'
10:46:13.217 [Forwarding getElementTagName on session 1beb4428def03e5c4e0a3fec3a4038e0 to remote] DEBUG org.asynchttpclient.netty.request.NettyRequestSender - Using open Channel [id: 0x01a52b62, L:/127.0.0.1:57689 - R:localhost/127.0.0.1:54895] for GET '/session/1beb4428def03e5c4e0a3fec3a4038e0/element/7e1a940c-501e-450f-9020-ac37921c16d6/name'
10:46:13.221 [AsyncHttpClient-1-8] DEBUG org.asynchttpclient.netty.handler.HttpHandler - 

Request DefaultFullHttpRequest(decodeResult: success, version: HTTP/1.1, content: EmptyByteBufBE)
GET /session/1beb4428def03e5c4e0a3fec3a4038e0/element/7e1a940c-501e-450f-9020-ac37921c16d6/name HTTP/1.1
User-Agent: selenium/4.1.2 (java windows)
Cache-Control: no-cache
Content-Type: application/json; charset=utf-8
host: localhost:54895
accept: */*

Response DefaultHttpResponse(decodeResult: success, version: HTTP/1.1)
HTTP/1.1 200 OK
Content-Type: application/json; charset=utf-8
cache-control: no-cache
content-length: 18

10:46:13.221 [AsyncHttpClient-1-8] DEBUG org.asynchttpclient.netty.channel.ChannelManager - Adding key: http://localhost:54895 for channel [id: 0x01a52b62, L:/127.0.0.1:57689 - R:localhost/127.0.0.1:54895]
10:46:13.224 [Forwarding isElementEnabled on session 1beb4428def03e5c4e0a3fec3a4038e0 to remote] DEBUG org.asynchttpclient.netty.request.NettyRequestSender - Using pooled Channel '[id: 0x01a52b62, L:/127.0.0.1:57689 - R:localhost/127.0.0.1:54895]' for 'GET' to 'http://localhost:54895/session/1beb4428def03e5c4e0a3fec3a4038e0/element/7e1a940c-501e-450f-9020-ac37921c16d6/enabled'
10:46:13.224 [Forwarding isElementEnabled on session 1beb4428def03e5c4e0a3fec3a4038e0 to remote] DEBUG org.asynchttpclient.netty.request.NettyRequestSender - Using open Channel [id: 0x01a52b62, L:/127.0.0.1:57689 - R:localhost/127.0.0.1:54895] for GET '/session/1beb4428def03e5c4e0a3fec3a4038e0/element/7e1a940c-501e-450f-9020-ac37921c16d6/enabled'
10:46:13.236 [AsyncHttpClient-1-8] DEBUG org.asynchttpclient.netty.handler.HttpHandler - 

Request DefaultFullHttpRequest(decodeResult: success, version: HTTP/1.1, content: EmptyByteBufBE)
GET /session/1beb4428def03e5c4e0a3fec3a4038e0/element/7e1a940c-501e-450f-9020-ac37921c16d6/enabled HTTP/1.1
User-Agent: selenium/4.1.2 (java windows)
Cache-Control: no-cache
Content-Type: application/json; charset=utf-8
host: localhost:54895
accept: */*

Response DefaultHttpResponse(decodeResult: success, version: HTTP/1.1)
HTTP/1.1 200 OK
Content-Type: application/json; charset=utf-8
cache-control: no-cache
content-length: 14

10:46:13.237 [AsyncHttpClient-1-8] DEBUG org.asynchttpclient.netty.channel.ChannelManager - Adding key: http://localhost:54895 for channel [id: 0x01a52b62, L:/127.0.0.1:57689 - R:localhost/127.0.0.1:54895]
10:46:13.238 [Forwarding isElementEnabled on session 1beb4428def03e5c4e0a3fec3a4038e0 to remote] DEBUG org.asynchttpclient.netty.request.NettyRequestSender - Using pooled Channel '[id: 0x01a52b62, L:/127.0.0.1:57689 - R:localhost/127.0.0.1:54895]' for 'GET' to 'http://localhost:54895/session/1beb4428def03e5c4e0a3fec3a4038e0/element/7e1a940c-501e-450f-9020-ac37921c16d6/enabled'
10:46:13.238 [Forwarding isElementEnabled on session 1beb4428def03e5c4e0a3fec3a4038e0 to remote] DEBUG org.asynchttpclient.netty.request.NettyRequestSender - Using open Channel [id: 0x01a52b62, L:/127.0.0.1:57689 - R:localhost/127.0.0.1:54895] for GET '/session/1beb4428def03e5c4e0a3fec3a4038e0/element/7e1a940c-501e-450f-9020-ac37921c16d6/enabled'
10:46:13.297 [AsyncHttpClient-1-8] DEBUG org.asynchttpclient.netty.handler.HttpHandler - 

Request DefaultFullHttpRequest(decodeResult: success, version: HTTP/1.1, content: EmptyByteBufBE)
GET /session/1beb4428def03e5c4e0a3fec3a4038e0/element/7e1a940c-501e-450f-9020-ac37921c16d6/enabled HTTP/1.1
User-Agent: selenium/4.1.2 (java windows)
Cache-Control: no-cache
Content-Type: application/json; charset=utf-8
host: localhost:54895
accept: */*

Response DefaultHttpResponse(decodeResult: success, version: HTTP/1.1)
HTTP/1.1 200 OK
Content-Type: application/json; charset=utf-8
cache-control: no-cache
content-length: 14

10:46:13.298 [AsyncHttpClient-1-8] DEBUG org.asynchttpclient.netty.channel.ChannelManager - Adding key: http://localhost:54895 for channel [id: 0x01a52b62, L:/127.0.0.1:57689 - R:localhost/127.0.0.1:54895]
10:46:13.300 [Forwarding findElement on session 1beb4428def03e5c4e0a3fec3a4038e0 to remote] DEBUG org.asynchttpclient.netty.request.NettyRequestSender - Using pooled Channel '[id: 0x01a52b62, L:/127.0.0.1:57689 - R:localhost/127.0.0.1:54895]' for 'POST' to 'http://localhost:54895/session/1beb4428def03e5c4e0a3fec3a4038e0/element'
10:46:13.300 [Forwarding findElement on session 1beb4428def03e5c4e0a3fec3a4038e0 to remote] DEBUG org.asynchttpclient.netty.request.NettyRequestSender - Using open Channel [id: 0x01a52b62, L:/127.0.0.1:57689 - R:localhost/127.0.0.1:54895] for POST '/session/1beb4428def03e5c4e0a3fec3a4038e0/element'
10:46:13.310 [AsyncHttpClient-1-8] DEBUG org.asynchttpclient.netty.handler.HttpHandler - 

Request DefaultHttpRequest(decodeResult: success, version: HTTP/1.1)
POST /session/1beb4428def03e5c4e0a3fec3a4038e0/element HTTP/1.1
User-Agent: selenium/4.1.2 (java windows)
Content-Length: 161
Content-Type: application/json; charset=utf-8
host: localhost:54895
accept: */*

Response DefaultHttpResponse(decodeResult: success, version: HTTP/1.1)
HTTP/1.1 200 OK
Content-Type: application/json; charset=utf-8
cache-control: no-cache
content-length: 88

10:46:13.311 [AsyncHttpClient-1-8] DEBUG org.asynchttpclient.netty.channel.ChannelManager - Adding key: http://localhost:54895 for channel [id: 0x01a52b62, L:/127.0.0.1:57689 - R:localhost/127.0.0.1:54895]
10:46:13.312 [Forwarding clickElement on session 1beb4428def03e5c4e0a3fec3a4038e0 to remote] DEBUG org.asynchttpclient.netty.request.NettyRequestSender - Using pooled Channel '[id: 0x01a52b62, L:/127.0.0.1:57689 - R:localhost/127.0.0.1:54895]' for 'POST' to 'http://localhost:54895/session/1beb4428def03e5c4e0a3fec3a4038e0/element/7e1a940c-501e-450f-9020-ac37921c16d6/click'
10:46:13.312 [Forwarding clickElement on session 1beb4428def03e5c4e0a3fec3a4038e0 to remote] DEBUG org.asynchttpclient.netty.request.NettyRequestSender - Using open Channel [id: 0x01a52b62, L:/127.0.0.1:57689 - R:localhost/127.0.0.1:54895] for POST '/session/1beb4428def03e5c4e0a3fec3a4038e0/element/7e1a940c-501e-450f-9020-ac37921c16d6/click'
10:46:13.423 [AsyncHttpClient-1-8] DEBUG org.asynchttpclient.netty.handler.HttpHandler - 

Request DefaultHttpRequest(decodeResult: success, version: HTTP/1.1)
POST /session/1beb4428def03e5c4e0a3fec3a4038e0/element/7e1a940c-501e-450f-9020-ac37921c16d6/click HTTP/1.1
User-Agent: selenium/4.1.2 (java windows)
Content-Length: 50
Content-Type: application/json; charset=utf-8
host: localhost:54895
accept: */*

Response DefaultHttpResponse(decodeResult: success, version: HTTP/1.1)
HTTP/1.1 200 OK
Content-Type: application/json; charset=utf-8
cache-control: no-cache
content-length: 14

10:46:13.423 [AsyncHttpClient-1-8] DEBUG org.asynchttpclient.netty.channel.ChannelManager - Adding key: http://localhost:54895 for channel [id: 0x01a52b62, L:/127.0.0.1:57689 - R:localhost/127.0.0.1:54895]
10:46:13.434 [Forwarding screenshot on session 1beb4428def03e5c4e0a3fec3a4038e0 to remote] DEBUG org.asynchttpclient.netty.request.NettyRequestSender - Using pooled Channel '[id: 0x01a52b62, L:/127.0.0.1:57689 - R:localhost/127.0.0.1:54895]' for 'GET' to 'http://localhost:54895/session/1beb4428def03e5c4e0a3fec3a4038e0/screenshot'
10:46:13.434 [Forwarding screenshot on session 1beb4428def03e5c4e0a3fec3a4038e0 to remote] DEBUG org.asynchttpclient.netty.request.NettyRequestSender - Using open Channel [id: 0x01a52b62, L:/127.0.0.1:57689 - R:localhost/127.0.0.1:54895] for GET '/session/1beb4428def03e5c4e0a3fec3a4038e0/screenshot'
10:46:13.575 [AsyncHttpClient-1-8] DEBUG org.asynchttpclient.netty.handler.HttpHandler - 

Request DefaultFullHttpRequest(decodeResult: success, version: HTTP/1.1, content: EmptyByteBufBE)
GET /session/1beb4428def03e5c4e0a3fec3a4038e0/screenshot HTTP/1.1
User-Agent: selenium/4.1.2 (java windows)
Cache-Control: no-cache
Content-Type: application/json; charset=utf-8
host: localhost:54895
accept: */*

Response DefaultHttpResponse(decodeResult: success, version: HTTP/1.1)
HTTP/1.1 200 OK
Content-Type: application/json; charset=utf-8
cache-control: no-cache
content-length: 84424

10:46:13.575 [AsyncHttpClient-1-8] DEBUG org.asynchttpclient.netty.channel.ChannelManager - Adding key: http://localhost:54895 for channel [id: 0x01a52b62, L:/127.0.0.1:57689 - R:localhost/127.0.0.1:54895]
10:46:13.579 [main] DEBUG net.serenitybdd.core.photography.Darkroom - Send negative for processing for target\site\serenity\fbe1dbea28f258fd6f06367022cf44926c2b71187649aba4bcaa149472fe2141.png
10:46:13.580 [main] DEBUG net.thucydides.core.steps.StepInterceptor - STEP DONE: clickSearchButton
  &amp#27;[32mWhen &amp#27;[0m&amp#27;[32mI input patient name and click search&amp#27;[0m            &amp#27;[90m# starter.stepdefinitions.PatientSteps.iInputPatientNameAndClickSearch()&amp#27;[0m
10:46:13.580 [Darkroom Processing Line] DEBUG net.serenitybdd.core.photography.DarkroomProcessingLine - Processing screenshot image in /var/screenshots/screenshot-17799871921468850471
10:46:13.580 [Darkroom Processing Line] DEBUG net.serenitybdd.core.photography.DarkroomProcessingLine - Saving screenshot to target\site\serenity\fbe1dbea28f258fd6f06367022cf44926c2b71187649aba4bcaa149472fe2141.png
10:46:13.592 [Forwarding findElement on session 1beb4428def03e5c4e0a3fec3a4038e0 to remote] DEBUG org.asynchttpclient.netty.request.NettyRequestSender - Using pooled Channel '[id: 0x01a52b62, L:/127.0.0.1:57689 - R:localhost/127.0.0.1:54895]' for 'POST' to 'http://localhost:54895/session/1beb4428def03e5c4e0a3fec3a4038e0/element'
10:46:13.592 [Forwarding findElement on session 1beb4428def03e5c4e0a3fec3a4038e0 to remote] DEBUG org.asynchttpclient.netty.request.NettyRequestSender - Using open Channel [id: 0x01a52b62, L:/127.0.0.1:57689 - R:localhost/127.0.0.1:54895] for POST '/session/1beb4428def03e5c4e0a3fec3a4038e0/element'
10:46:13.608 [AsyncHttpClient-1-8] DEBUG org.asynchttpclient.netty.handler.HttpHandler - 

Request DefaultHttpRequest(decodeResult: success, version: HTTP/1.1)
POST /session/1beb4428def03e5c4e0a3fec3a4038e0/element HTTP/1.1
User-Agent: selenium/4.1.2 (java windows)
Content-Length: 85
Content-Type: application/json; charset=utf-8
host: localhost:54895
accept: */*

Response DefaultHttpResponse(decodeResult: success, version: HTTP/1.1)
HTTP/1.1 200 OK
Content-Type: application/json; charset=utf-8
cache-control: no-cache
content-length: 88

10:46:13.608 [AsyncHttpClient-1-8] DEBUG org.asynchttpclient.netty.channel.ChannelManager - Adding key: http://localhost:54895 for channel [id: 0x01a52b62, L:/127.0.0.1:57689 - R:localhost/127.0.0.1:54895]
10:46:13.612 [Forwarding isElementDisplayed on session 1beb4428def03e5c4e0a3fec3a4038e0 to remote] DEBUG org.asynchttpclient.netty.request.NettyRequestSender - Using pooled Channel '[id: 0x01a52b62, L:/127.0.0.1:57689 - R:localhost/127.0.0.1:54895]' for 'POST' to 'http://localhost:54895/session/1beb4428def03e5c4e0a3fec3a4038e0/execute/sync'
10:46:13.612 [Forwarding isElementDisplayed on session 1beb4428def03e5c4e0a3fec3a4038e0 to remote] DEBUG org.asynchttpclient.netty.request.NettyRequestSender - Using open Channel [id: 0x01a52b62, L:/127.0.0.1:57689 - R:localhost/127.0.0.1:54895] for POST '/session/1beb4428def03e5c4e0a3fec3a4038e0/execute/sync'
10:46:13.631 [AsyncHttpClient-1-8] DEBUG org.asynchttpclient.netty.handler.HttpHandler - 

Request DefaultHttpRequest(decodeResult: success, version: HTTP/1.1)
POST /session/1beb4428def03e5c4e0a3fec3a4038e0/execute/sync HTTP/1.1
User-Agent: selenium/4.1.2 (java windows)
Content-Length: 48780
Content-Type: application/json; charset=utf-8
host: localhost:54895
accept: */*

Response DefaultHttpResponse(decodeResult: success, version: HTTP/1.1)
HTTP/1.1 200 OK
Content-Type: application/json; charset=utf-8
cache-control: no-cache
content-length: 14

10:46:13.631 [AsyncHttpClient-1-8] DEBUG org.asynchttpclient.netty.channel.ChannelManager - Adding key: http://localhost:54895 for channel [id: 0x01a52b62, L:/127.0.0.1:57689 - R:localhost/127.0.0.1:54895]
  &amp#27;[32mThen &amp#27;[0m&amp#27;[32mI validate search by patient name&amp#27;[0m                &amp#27;[90m# starter.stepdefinitions.PatientSteps.iValidateSearchByPatientName()&amp#27;[0m
10:46:13.636 [Forwarding screenshot on session 1beb4428def03e5c4e0a3fec3a4038e0 to remote] DEBUG org.asynchttpclient.netty.request.NettyRequestSender - Using pooled Channel '[id: 0x01a52b62, L:/127.0.0.1:57689 - R:localhost/127.0.0.1:54895]' for 'GET' to 'http://localhost:54895/session/1beb4428def03e5c4e0a3fec3a4038e0/screenshot'
10:46:13.636 [Forwarding screenshot on session 1beb4428def03e5c4e0a3fec3a4038e0 to remote] DEBUG org.asynchttpclient.netty.request.NettyRequestSender - Using open Channel [id: 0x01a52b62, L:/127.0.0.1:57689 - R:localhost/127.0.0.1:54895] for GET '/session/1beb4428def03e5c4e0a3fec3a4038e0/screenshot'
10:46:13.795 [AsyncHttpClient-1-8] DEBUG org.asynchttpclient.netty.handler.HttpHandler - 

Request DefaultFullHttpRequest(decodeResult: success, version: HTTP/1.1, content: EmptyByteBufBE)
GET /session/1beb4428def03e5c4e0a3fec3a4038e0/screenshot HTTP/1.1
User-Agent: selenium/4.1.2 (java windows)
Cache-Control: no-cache
Content-Type: application/json; charset=utf-8
host: localhost:54895
accept: */*

Response DefaultHttpResponse(decodeResult: success, version: HTTP/1.1)
HTTP/1.1 200 OK
Content-Type: application/json; charset=utf-8
cache-control: no-cache
content-length: 84944

10:46:13.795 [AsyncHttpClient-1-8] DEBUG org.asynchttpclient.netty.channel.ChannelManager - Adding key: http://localhost:54895 for channel [id: 0x01a52b62, L:/127.0.0.1:57689 - R:localhost/127.0.0.1:54895]
10:46:13.799 [main] DEBUG net.serenitybdd.core.photography.Darkroom - Send negative for processing for target\site\serenity\4d43d00c7d840090f9d0a34282c5d146ad348c51734bf2c080a59819eb3934de.png
10:46:13.800 [Darkroom Processing Line] DEBUG net.serenitybdd.core.photography.DarkroomProcessingLine - Processing screenshot image in /var/screenshots/screenshot-836562806984996399
10:46:13.800 [Darkroom Processing Line] DEBUG net.serenitybdd.core.photography.DarkroomProcessingLine - Saving screenshot to target\site\serenity\4d43d00c7d840090f9d0a34282c5d146ad348c51734bf2c080a59819eb3934de.png
10:46:13.801 [main] INFO  - 
  _____   ___   ___   _____     ___     _     ___   ___   ___   ___  
 |_   _| | __| / __| |_   _|   | _ \   /_\   / __| / __| | __| |   \ 
   | |   | _|  \__ \   | |     |  _/  / _ \  \__ \ \__ \ | _|  | |) |
   |_|   |___| |___/   |_|     |_|   /_/ \_\ |___/ |___/ |___| |___/ 

Search Patient Based on Patient Name Scenario
----------------------------------------------------------------------
10:46:13.803 [AsyncHttpClient-1-2] DEBUG org.asynchttpclient.netty.handler.WebSocketHandler - Channel Closed: [id: 0xf2f86c8a, L:/127.0.0.1:57697 ! R:localhost/127.0.0.1:57690] with attribute NettyResponseFuture{currentRetry=5,
	isDone=1,
	isCancelled=0,
	asyncHandler=org.asynchttpclient.ws.WebSocketUpgradeHandler@171fc03,
	nettyRequest=org.asynchttpclient.netty.request.NettyRequest@3d8131e9,
	future=java.util.concurrent.CompletableFuture@689f92c6[Completed normally],
	uri=ws://localhost:57690/devtools/browser/8ba3f8e5-759d-4a01-a639-1c89e90db023,
	keepAlive=true,
	redirectCount=0,
	timeoutsHolder=null,
	inAuth=0,
	touch=1655783168589}
10:46:13.803 [AsyncHttpClient-1-2] DEBUG org.asynchttpclient.netty.channel.ChannelManager - Closing Channel [id: 0xf2f86c8a, L:/127.0.0.1:57697 ! R:localhost/127.0.0.1:57690] 
10:46:13.803 [Driver Command Executor] DEBUG org.asynchttpclient.netty.request.NettyRequestSender - Using pooled Channel '[id: 0x01a52b62, L:/127.0.0.1:57689 - R:localhost/127.0.0.1:54895]' for 'DELETE' to 'http://localhost:54895/session/1beb4428def03e5c4e0a3fec3a4038e0'
10:46:13.803 [Driver Command Executor] DEBUG org.asynchttpclient.netty.request.NettyRequestSender - Using open Channel [id: 0x01a52b62, L:/127.0.0.1:57689 - R:localhost/127.0.0.1:54895] for DELETE '/session/1beb4428def03e5c4e0a3fec3a4038e0'
10:46:13.842 [AsyncHttpClient-1-9] DEBUG org.asynchttpclient.netty.handler.HttpHandler - Unexpected I/O exception on channel [id: 0x14e85f98, L:/127.0.0.1:57696 - R:localhost/127.0.0.1:57690]
java.net.SocketException: Connection reset
	at java.base/sun.nio.ch.SocketChannelImpl.throwConnectionReset(SocketChannelImpl.java:367)
	at java.base/sun.nio.ch.SocketChannelImpl.read(SocketChannelImpl.java:398)
	at io.netty.buffer.PooledByteBuf.setBytes(PooledByteBuf.java:258)
	at io.netty.buffer.AbstractByteBuf.writeBytes(AbstractByteBuf.java:1132)
	at io.netty.channel.socket.nio.NioSocketChannel.doReadBytes(NioSocketChannel.java:350)
	at io.netty.channel.nio.AbstractNioByteChannel$NioByteUnsafe.read(AbstractNioByteChannel.java:151)
	at io.netty.channel.nio.NioEventLoop.processSelectedKey(NioEventLoop.java:722)
	at io.netty.channel.nio.NioEventLoop.processSelectedKeysOptimized(NioEventLoop.java:658)
	at io.netty.channel.nio.NioEventLoop.processSelectedKeys(NioEventLoop.java:584)
	at io.netty.channel.nio.NioEventLoop.run(NioEventLoop.java:496)
	at io.netty.util.concurrent.SingleThreadEventExecutor$4.run(SingleThreadEventExecutor.java:986)
	at io.netty.util.internal.ThreadExecutorMap$2.run(ThreadExecutorMap.java:74)
	at io.netty.util.concurrent.FastThreadLocalRunnable.run(FastThreadLocalRunnable.java:30)
	at java.base/java.lang.Thread.run(Thread.java:832)
10:46:13.843 [AsyncHttpClient-1-9] DEBUG org.asynchttpclient.netty.channel.ChannelManager - Closing Channel [id: 0x14e85f98, L:/127.0.0.1:57696 - R:localhost/127.0.0.1:57690] 
10:46:13.843 [AsyncHttpClient-1-9] DEBUG org.asynchttpclient.netty.handler.HttpHandler - Channel Closed: [id: 0x14e85f98, L:/127.0.0.1:57696 ! R:localhost/127.0.0.1:57690] with attribute DISCARD
10:46:13.860 [AsyncHttpClient-1-8] DEBUG org.asynchttpclient.netty.handler.HttpHandler - 

Request DefaultFullHttpRequest(decodeResult: success, version: HTTP/1.1, content: EmptyByteBufBE)
DELETE /session/1beb4428def03e5c4e0a3fec3a4038e0 HTTP/1.1
User-Agent: selenium/4.1.2 (java windows)
Content-Type: application/json; charset=utf-8
host: localhost:54895
accept: */*

Response DefaultHttpResponse(decodeResult: success, version: HTTP/1.1)
HTTP/1.1 200 OK
Content-Type: application/json; charset=utf-8
cache-control: no-cache
content-length: 14

10:46:13.860 [AsyncHttpClient-1-8] DEBUG org.asynchttpclient.netty.channel.ChannelManager - Adding key: http://localhost:54895 for channel [id: 0x01a52b62, L:/127.0.0.1:57689 - R:localhost/127.0.0.1:54895]
10:46:13.864 [AsyncHttpClient-1-1] DEBUG org.asynchttpclient.netty.channel.DefaultChannelPool - Entry count for : http://localhost:57690 : 1
10:46:13.864 [AsyncHttpClient-1-1] DEBUG org.asynchttpclient.netty.channel.DefaultChannelPool - Entry count for : http://localhost:54895 : 1
10:46:13.864 [AsyncHttpClient-1-1] DEBUG org.asynchttpclient.netty.channel.DefaultChannelPool - Adding Candidate expired Channel [id: 0x14e85f98, L:/127.0.0.1:57696 ! R:localhost/127.0.0.1:57690] isIdleTimeoutExpired=false isRemotelyClosed=true isTtlExpired=false
10:46:13.864 [AsyncHttpClient-1-1] DEBUG org.asynchttpclient.netty.channel.DefaultChannelPool - Closing Idle Channel [id: 0x14e85f98, L:/127.0.0.1:57696 ! R:localhost/127.0.0.1:57690]
10:46:13.864 [AsyncHttpClient-1-1] DEBUG org.asynchttpclient.netty.channel.DefaultChannelPool - Closed 1 connections out of 2 in 0 ms
10:46:13.995 [AsyncHttpClient-1-8] DEBUG org.asynchttpclient.netty.handler.HttpHandler - Channel Closed: [id: 0x01a52b62, L:/127.0.0.1:57689 ! R:localhost/127.0.0.1:54895] with attribute DISCARD
]]></system-out>
    <system-err><![CDATA[Starting ChromeDriver 102.0.5005.61 (0e59bcc00cc4985ce39ad31c150065f159d95ad3-refs/branch-heads/5005@{#819}) on port 54895
Only local connections are allowed.
Please see https://chromedriver.chromium.org/security-considerations for suggestions on keeping ChromeDriver safe.
ChromeDriver was started successfully.
Jun 21, 2022 10:46:08 AM org.openqa.selenium.remote.ProtocolHandshake createSession
INFO: Detected dialect: W3C
Jun 21, 2022 10:46:08 AM org.openqa.selenium.devtools.CdpVersionFinder findNearestMatch
WARNING: Unable to find an exact match for CDP version 102, so returning the closest version found: a no-op implementation
Jun 21, 2022 10:46:08 AM org.openqa.selenium.devtools.CdpVersionFinder findNearestMatch
INFO: Unable to find CDP implementation matching 102.
Jun 21, 2022 10:46:08 AM org.openqa.selenium.chromium.ChromiumDriver lambda$new$3
WARNING: Unable to find version of CDP to use for . You may need to include a dependency on a specific version of the CDP using something similar to `org.seleniumhq.selenium:selenium-devtools-v86:4.1.2` where the version ("v86") matches the version of the chromium-based browser you're using and the version number of the artifact is the same as Selenium's.
]]></system-err>
  </testcase>
  <testcase name="Search Patient Based on Patient Date of Birth Scenario" classname="Patient" time="8.574">
    <system-out><![CDATA[
@Patient
Scenario: Search Patient Based on Patient Date of Birth Scenario &amp#27;[90m# src/test/resources/features/2.Patient.feature:60&amp#27;[0m
10:46:14.544 [main] INFO io.cucumber.core.plugin.SerenityReporter - Running feature from file:///E:/My%20Documents/File%20Difa/TI%20Semester%206%20Kampus%20Merdeka%20Alterra/Tugas/CAPSTONE%20Project/Capstone-Project-Website/src/test/resources/features/2.Patient.feature
10:46:14.547 [main] INFO  - 
  _____   ___   ___   _____     ___   _____     _     ___   _____   ___   ___  
 |_   _| | __| / __| |_   _|   / __| |_   _|   /_\   | _ \ |_   _| | __| |   \ 
   | |   | _|  \__ \   | |     \__ \   | |    / _ \  |   /   | |   | _|  | |) |
   |_|   |___| |___/   |_|     |___/   |_|   /_/ \_\ |_|_\   |_|   |___| |___/ 

Search Patient Based on Patient Date of Birth Scenario(patient;search-patient-based-on-patient-date-of-birth-scenario)
--------------------------------------------------------------------------------
10:46:14.571 [main] DEBUG net.thucydides.core.steps.StepInterceptor - STARTING STEP: PatientSteps.iAmAtTheDashboardPage - openUrl
10:46:14.574 [main] INFO net.serenitybdd.core.webdriver.driverproviders.ChromeDriverProvider - Using automatically driver download
10:46:14.785 [main] DEBUG io.github.bonigarcia.wdm.cache.ResolutionCache - Resolution chrome=102 in cache (valid until 11:37:46 21/06/2022 ICT)
10:46:14.790 [main] DEBUG io.github.bonigarcia.wdm.cache.ResolutionCache - Resolution chrome102=102.0.5005.61 in cache (valid until 09:22:16 22/06/2022 ICT)
10:46:14.792 [main] INFO io.github.bonigarcia.wdm.WebDriverManager - Using chromedriver 102.0.5005.61 (resolved driver for Chrome 102)
10:46:14.808 [main] DEBUG io.github.bonigarcia.wdm.WebDriverManager - Driver chromedriver 102.0.5005.61 found in cache
10:46:14.809 [main] INFO io.github.bonigarcia.wdm.WebDriverManager - Exporting webdriver.chrome.driver as C:\Users\USER\.cache\selenium\chromedriver\win32\102.0.5005.61\chromedriver.exe
10:46:14.964 [AsyncHttpClient-1-1] DEBUG org.asynchttpclient.netty.channel.DefaultChannelPool - Entry count for : http://localhost:54895 : 1
10:46:14.964 [AsyncHttpClient-1-1] DEBUG org.asynchttpclient.netty.channel.DefaultChannelPool - Adding Candidate expired Channel [id: 0x01a52b62, L:/127.0.0.1:57689 ! R:localhost/127.0.0.1:54895] isIdleTimeoutExpired=false isRemotelyClosed=true isTtlExpired=false
10:46:14.964 [AsyncHttpClient-1-1] DEBUG org.asynchttpclient.netty.channel.DefaultChannelPool - Closing Idle Channel [id: 0x01a52b62, L:/127.0.0.1:57689 ! R:localhost/127.0.0.1:54895]
10:46:14.964 [AsyncHttpClient-1-1] DEBUG org.asynchttpclient.netty.channel.DefaultChannelPool - Closed 1 connections out of 1 in 0 ms
10:46:14.974 [main] DEBUG net.serenitybdd.core.webdriver.driverproviders.ProvideNewDriver - Instantiating driver
10:46:14.974 [main] DEBUG net.serenitybdd.core.webdriver.driverproviders.ProvideNewDriver - Driver capabilities: Capabilities {acceptInsecureCerts: false, base.url: https://hospital-management..., browserName: chrome, chrome.driver: src/test/resources/webdrive..., driver: chrome, goog:chromeOptions: {args: [], extensions: []}}
10:46:15.501 [AsyncHttpClient-1-3] DEBUG org.asynchttpclient.netty.channel.NettyConnectListener - Using new Channel '[id: 0xbe0a88e2, L:/127.0.0.1:57711 - R:localhost/127.0.0.1:53461]' for 'POST' to '/session'
10:46:16.192 [AsyncHttpClient-1-3] DEBUG org.asynchttpclient.netty.handler.HttpHandler - 

Request DefaultHttpRequest(decodeResult: success, version: HTTP/1.1)
POST /session HTTP/1.1
User-Agent: selenium/4.1.2 (java windows)
Content-Length: 621
Content-Type: application/json; charset=utf-8
host: localhost:53461
accept: */*

Response DefaultHttpResponse(decodeResult: success, version: HTTP/1.1)
HTTP/1.1 200 OK
Content-Type: application/json; charset=utf-8
cache-control: no-cache
content-length: 789

10:46:16.193 [AsyncHttpClient-1-3] DEBUG org.asynchttpclient.netty.channel.ChannelManager - Adding key: http://localhost:53461 for channel [id: 0xbe0a88e2, L:/127.0.0.1:57711 - R:localhost/127.0.0.1:53461]
10:46:16.204 [AsyncHttpClient-1-4] DEBUG org.asynchttpclient.netty.channel.NettyConnectListener - Using new Channel '[id: 0xb85f6887, L:/127.0.0.1:57717 - R:localhost/127.0.0.1:57712]' for 'GET' to '/json/version'
10:46:16.205 [AsyncHttpClient-1-4] DEBUG org.asynchttpclient.netty.handler.HttpHandler - 

Request DefaultFullHttpRequest(decodeResult: success, version: HTTP/1.1, content: EmptyByteBufBE)
GET /json/version HTTP/1.1
User-Agent: selenium/4.1.2 (java windows)
host: localhost:57712
accept: */*

Response DefaultHttpResponse(decodeResult: success, version: HTTP/1.1)
HTTP/1.1 200 OK
Content-Type: application/json; charset=UTF-8
content-length: 427

10:46:16.205 [AsyncHttpClient-1-4] DEBUG org.asynchttpclient.netty.channel.ChannelManager - Adding key: http://localhost:57712 for channel [id: 0xb85f6887, L:/127.0.0.1:57717 - R:localhost/127.0.0.1:57712]
10:46:16.208 [AsyncHttpClient-1-5] DEBUG org.asynchttpclient.netty.channel.NettyConnectListener - Using new Channel '[id: 0xaa1a4061, L:/127.0.0.1:57718 - R:localhost/127.0.0.1:57712]' for 'GET' to '/devtools/browser/706a32f9-220e-449c-9a89-fd445c8adaea'
10:46:16.208 [AsyncHttpClient-1-5] DEBUG org.asynchttpclient.netty.handler.WebSocketHandler - 

Request DefaultFullHttpRequest(decodeResult: success, version: HTTP/1.1, content: EmptyByteBufBE)
GET /devtools/browser/706a32f9-220e-449c-9a89-fd445c8adaea HTTP/1.1
upgrade: websocket
connection: upgrade
sec-websocket-key: Li/iqzOgXpUfTiiUFX5vNQ==
sec-websocket-version: 13
origin: http://localhost:57712
host: localhost:57712
accept: */*
user-agent: AHC/2.1

Response DefaultHttpResponse(decodeResult: success, version: HTTP/1.1)
HTTP/1.1 101 WebSocket Protocol Handshake
Upgrade: WebSocket
Connection: Upgrade
Sec-WebSocket-Accept: dKWylYqIBXKfHpxi1cdNi8lFFq8=

10:46:16.214 [Forwarding maximizeCurrentWindow on session 74eac878a4fc247d3800837c10d57ade to remote] DEBUG org.asynchttpclient.netty.request.NettyRequestSender - Using pooled Channel '[id: 0xbe0a88e2, L:/127.0.0.1:57711 - R:localhost/127.0.0.1:53461]' for 'POST' to 'http://localhost:53461/session/74eac878a4fc247d3800837c10d57ade/window/maximize'
10:46:16.214 [Forwarding maximizeCurrentWindow on session 74eac878a4fc247d3800837c10d57ade to remote] DEBUG org.asynchttpclient.netty.request.NettyRequestSender - Using open Channel [id: 0xbe0a88e2, L:/127.0.0.1:57711 - R:localhost/127.0.0.1:53461] for POST '/session/74eac878a4fc247d3800837c10d57ade/window/maximize'
10:46:16.364 [AsyncHttpClient-1-3] DEBUG org.asynchttpclient.netty.handler.HttpHandler - 

Request DefaultHttpRequest(decodeResult: success, version: HTTP/1.1)
POST /session/74eac878a4fc247d3800837c10d57ade/window/maximize HTTP/1.1
User-Agent: selenium/4.1.2 (java windows)
Content-Length: 3
Content-Type: application/json; charset=utf-8
host: localhost:53461
accept: */*

Response DefaultHttpResponse(decodeResult: success, version: HTTP/1.1)
HTTP/1.1 200 OK
Content-Type: application/json; charset=utf-8
cache-control: no-cache
content-length: 51

10:46:16.365 [AsyncHttpClient-1-3] DEBUG org.asynchttpclient.netty.channel.ChannelManager - Adding key: http://localhost:53461 for channel [id: 0xbe0a88e2, L:/127.0.0.1:57711 - R:localhost/127.0.0.1:53461]
10:46:16.366 [Forwarding get on session 74eac878a4fc247d3800837c10d57ade to remote] DEBUG org.asynchttpclient.netty.request.NettyRequestSender - Using pooled Channel '[id: 0xbe0a88e2, L:/127.0.0.1:57711 - R:localhost/127.0.0.1:53461]' for 'POST' to 'http://localhost:53461/session/74eac878a4fc247d3800837c10d57ade/url'
10:46:16.366 [Forwarding get on session 74eac878a4fc247d3800837c10d57ade to remote] DEBUG org.asynchttpclient.netty.request.NettyRequestSender - Using open Channel [id: 0xbe0a88e2, L:/127.0.0.1:57711 - R:localhost/127.0.0.1:53461] for POST '/session/74eac878a4fc247d3800837c10d57ade/url'
10:46:17.168 [AsyncHttpClient-1-1] DEBUG org.asynchttpclient.netty.channel.DefaultChannelPool - Entry count for : http://localhost:57712 : 1
10:46:18.267 [AsyncHttpClient-1-1] DEBUG org.asynchttpclient.netty.channel.DefaultChannelPool - Entry count for : http://localhost:57712 : 1
10:46:18.944 [AsyncHttpClient-1-3] DEBUG org.asynchttpclient.netty.handler.HttpHandler - 

Request DefaultHttpRequest(decodeResult: success, version: HTTP/1.1)
POST /session/74eac878a4fc247d3800837c10d57ade/url HTTP/1.1
User-Agent: selenium/4.1.2 (java windows)
Content-Length: 65
Content-Type: application/json; charset=utf-8
host: localhost:53461
accept: */*

Response DefaultHttpResponse(decodeResult: success, version: HTTP/1.1)
HTTP/1.1 200 OK
Content-Type: application/json; charset=utf-8
cache-control: no-cache
content-length: 14

10:46:18.944 [AsyncHttpClient-1-3] DEBUG org.asynchttpclient.netty.channel.ChannelManager - Adding key: http://localhost:53461 for channel [id: 0xbe0a88e2, L:/127.0.0.1:57711 - R:localhost/127.0.0.1:53461]
10:46:18.946 [Forwarding setTimeout on session 74eac878a4fc247d3800837c10d57ade to remote] DEBUG org.asynchttpclient.netty.request.NettyRequestSender - Using pooled Channel '[id: 0xbe0a88e2, L:/127.0.0.1:57711 - R:localhost/127.0.0.1:53461]' for 'POST' to 'http://localhost:53461/session/74eac878a4fc247d3800837c10d57ade/timeouts'
10:46:18.946 [Forwarding setTimeout on session 74eac878a4fc247d3800837c10d57ade to remote] DEBUG org.asynchttpclient.netty.request.NettyRequestSender - Using open Channel [id: 0xbe0a88e2, L:/127.0.0.1:57711 - R:localhost/127.0.0.1:53461] for POST '/session/74eac878a4fc247d3800837c10d57ade/timeouts'
10:46:18.948 [AsyncHttpClient-1-3] DEBUG org.asynchttpclient.netty.handler.HttpHandler - 

Request DefaultHttpRequest(decodeResult: success, version: HTTP/1.1)
POST /session/74eac878a4fc247d3800837c10d57ade/timeouts HTTP/1.1
User-Agent: selenium/4.1.2 (java windows)
Content-Length: 22
Content-Type: application/json; charset=utf-8
host: localhost:53461
accept: */*

Response DefaultHttpResponse(decodeResult: success, version: HTTP/1.1)
HTTP/1.1 200 OK
Content-Type: application/json; charset=utf-8
cache-control: no-cache
content-length: 14

10:46:18.948 [AsyncHttpClient-1-3] DEBUG org.asynchttpclient.netty.channel.ChannelManager - Adding key: http://localhost:53461 for channel [id: 0xbe0a88e2, L:/127.0.0.1:57711 - R:localhost/127.0.0.1:53461]
10:46:18.955 [Forwarding getCurrentUrl on session 74eac878a4fc247d3800837c10d57ade to remote] DEBUG org.asynchttpclient.netty.request.NettyRequestSender - Using pooled Channel '[id: 0xbe0a88e2, L:/127.0.0.1:57711 - R:localhost/127.0.0.1:53461]' for 'GET' to 'http://localhost:53461/session/74eac878a4fc247d3800837c10d57ade/url'
10:46:18.955 [Forwarding getCurrentUrl on session 74eac878a4fc247d3800837c10d57ade to remote] DEBUG org.asynchttpclient.netty.request.NettyRequestSender - Using open Channel [id: 0xbe0a88e2, L:/127.0.0.1:57711 - R:localhost/127.0.0.1:53461] for GET '/session/74eac878a4fc247d3800837c10d57ade/url'
10:46:19.032 [AsyncHttpClient-1-3] DEBUG org.asynchttpclient.netty.handler.HttpHandler - 

Request DefaultFullHttpRequest(decodeResult: success, version: HTTP/1.1, content: EmptyByteBufBE)
GET /session/74eac878a4fc247d3800837c10d57ade/url HTTP/1.1
User-Agent: selenium/4.1.2 (java windows)
Cache-Control: no-cache
Content-Type: application/json; charset=utf-8
host: localhost:53461
accept: */*

Response DefaultHttpResponse(decodeResult: success, version: HTTP/1.1)
HTTP/1.1 200 OK
Content-Type: application/json; charset=utf-8
cache-control: no-cache
content-length: 53

10:46:19.032 [AsyncHttpClient-1-3] DEBUG org.asynchttpclient.netty.channel.ChannelManager - Adding key: http://localhost:53461 for channel [id: 0xbe0a88e2, L:/127.0.0.1:57711 - R:localhost/127.0.0.1:53461]
10:46:19.036 [Forwarding getCurrentUrl on session 74eac878a4fc247d3800837c10d57ade to remote] DEBUG org.asynchttpclient.netty.request.NettyRequestSender - Using pooled Channel '[id: 0xbe0a88e2, L:/127.0.0.1:57711 - R:localhost/127.0.0.1:53461]' for 'GET' to 'http://localhost:53461/session/74eac878a4fc247d3800837c10d57ade/url'
10:46:19.036 [Forwarding getCurrentUrl on session 74eac878a4fc247d3800837c10d57ade to remote] DEBUG org.asynchttpclient.netty.request.NettyRequestSender - Using open Channel [id: 0xbe0a88e2, L:/127.0.0.1:57711 - R:localhost/127.0.0.1:53461] for GET '/session/74eac878a4fc247d3800837c10d57ade/url'
10:46:19.044 [AsyncHttpClient-1-3] DEBUG org.asynchttpclient.netty.handler.HttpHandler - 

Request DefaultFullHttpRequest(decodeResult: success, version: HTTP/1.1, content: EmptyByteBufBE)
GET /session/74eac878a4fc247d3800837c10d57ade/url HTTP/1.1
User-Agent: selenium/4.1.2 (java windows)
Cache-Control: no-cache
Content-Type: application/json; charset=utf-8
host: localhost:53461
accept: */*

Response DefaultHttpResponse(decodeResult: success, version: HTTP/1.1)
HTTP/1.1 200 OK
Content-Type: application/json; charset=utf-8
cache-control: no-cache
content-length: 53

10:46:19.044 [AsyncHttpClient-1-3] DEBUG org.asynchttpclient.netty.channel.ChannelManager - Adding key: http://localhost:53461 for channel [id: 0xbe0a88e2, L:/127.0.0.1:57711 - R:localhost/127.0.0.1:53461]
10:46:19.053 [Forwarding screenshot on session 74eac878a4fc247d3800837c10d57ade to remote] DEBUG org.asynchttpclient.netty.request.NettyRequestSender - Using pooled Channel '[id: 0xbe0a88e2, L:/127.0.0.1:57711 - R:localhost/127.0.0.1:53461]' for 'GET' to 'http://localhost:53461/session/74eac878a4fc247d3800837c10d57ade/screenshot'
10:46:19.053 [Forwarding screenshot on session 74eac878a4fc247d3800837c10d57ade to remote] DEBUG org.asynchttpclient.netty.request.NettyRequestSender - Using open Channel [id: 0xbe0a88e2, L:/127.0.0.1:57711 - R:localhost/127.0.0.1:53461] for GET '/session/74eac878a4fc247d3800837c10d57ade/screenshot'
10:46:19.279 [AsyncHttpClient-1-3] DEBUG org.asynchttpclient.netty.handler.HttpHandler - 

Request DefaultFullHttpRequest(decodeResult: success, version: HTTP/1.1, content: EmptyByteBufBE)
GET /session/74eac878a4fc247d3800837c10d57ade/screenshot HTTP/1.1
User-Agent: selenium/4.1.2 (java windows)
Cache-Control: no-cache
Content-Type: application/json; charset=utf-8
host: localhost:53461
accept: */*

Response DefaultHttpResponse(decodeResult: success, version: HTTP/1.1)
HTTP/1.1 200 OK
Content-Type: application/json; charset=utf-8
cache-control: no-cache
content-length: 198888

10:46:19.281 [AsyncHttpClient-1-3] DEBUG org.asynchttpclient.netty.channel.ChannelManager - Adding key: http://localhost:53461 for channel [id: 0xbe0a88e2, L:/127.0.0.1:57711 - R:localhost/127.0.0.1:53461]
10:46:19.293 [main] DEBUG net.serenitybdd.core.photography.Darkroom - Send negative for processing for target\site\serenity\4753d361d3a4d5c5dc2f18ddba81ccf4dafa9a1d39df3e27f1a3ea8a18a21424.png
10:46:19.293 [main] DEBUG net.thucydides.core.steps.StepInterceptor - STEP DONE: openUrl
10:46:19.293 [Darkroom Processing Line] DEBUG net.serenitybdd.core.photography.DarkroomProcessingLine - Processing screenshot image in /var/screenshots/screenshot-381966192702304879
10:46:19.293 [Darkroom Processing Line] DEBUG net.serenitybdd.core.photography.DarkroomProcessingLine - Saving screenshot to target\site\serenity\4753d361d3a4d5c5dc2f18ddba81ccf4dafa9a1d39df3e27f1a3ea8a18a21424.png
10:46:19.305 [main] DEBUG net.thucydides.core.steps.StepInterceptor - STARTING STEP: PatientSteps.iAmAtTheDashboardPage - validateOnDashboardPage
10:46:19.309 [Forwarding findElement on session 74eac878a4fc247d3800837c10d57ade to remote] DEBUG org.asynchttpclient.netty.request.NettyRequestSender - Using pooled Channel '[id: 0xbe0a88e2, L:/127.0.0.1:57711 - R:localhost/127.0.0.1:53461]' for 'POST' to 'http://localhost:53461/session/74eac878a4fc247d3800837c10d57ade/element'
10:46:19.309 [Forwarding findElement on session 74eac878a4fc247d3800837c10d57ade to remote] DEBUG org.asynchttpclient.netty.request.NettyRequestSender - Using open Channel [id: 0xbe0a88e2, L:/127.0.0.1:57711 - R:localhost/127.0.0.1:53461] for POST '/session/74eac878a4fc247d3800837c10d57ade/element'
10:46:19.333 [AsyncHttpClient-1-3] DEBUG org.asynchttpclient.netty.handler.HttpHandler - 

Request DefaultHttpRequest(decodeResult: success, version: HTTP/1.1)
POST /session/74eac878a4fc247d3800837c10d57ade/element HTTP/1.1
User-Agent: selenium/4.1.2 (java windows)
Content-Length: 81
Content-Type: application/json; charset=utf-8
host: localhost:53461
accept: */*

Response DefaultHttpResponse(decodeResult: success, version: HTTP/1.1)
HTTP/1.1 200 OK
Content-Type: application/json; charset=utf-8
cache-control: no-cache
content-length: 88

10:46:19.333 [AsyncHttpClient-1-3] DEBUG org.asynchttpclient.netty.channel.ChannelManager - Adding key: http://localhost:53461 for channel [id: 0xbe0a88e2, L:/127.0.0.1:57711 - R:localhost/127.0.0.1:53461]
10:46:19.353 [Forwarding isElementDisplayed on session 74eac878a4fc247d3800837c10d57ade to remote] DEBUG org.asynchttpclient.netty.request.NettyRequestSender - Using pooled Channel '[id: 0xbe0a88e2, L:/127.0.0.1:57711 - R:localhost/127.0.0.1:53461]' for 'POST' to 'http://localhost:53461/session/74eac878a4fc247d3800837c10d57ade/execute/sync'
10:46:19.353 [Forwarding isElementDisplayed on session 74eac878a4fc247d3800837c10d57ade to remote] DEBUG org.asynchttpclient.netty.request.NettyRequestSender - Using open Channel [id: 0xbe0a88e2, L:/127.0.0.1:57711 - R:localhost/127.0.0.1:53461] for POST '/session/74eac878a4fc247d3800837c10d57ade/execute/sync'
10:46:19.364 [AsyncHttpClient-1-1] DEBUG org.asynchttpclient.netty.channel.DefaultChannelPool - Entry count for : http://localhost:57712 : 1
10:46:19.517 [AsyncHttpClient-1-3] DEBUG org.asynchttpclient.netty.handler.HttpHandler - 

Request DefaultHttpRequest(decodeResult: success, version: HTTP/1.1)
POST /session/74eac878a4fc247d3800837c10d57ade/execute/sync HTTP/1.1
User-Agent: selenium/4.1.2 (java windows)
Content-Length: 48780
Content-Type: application/json; charset=utf-8
host: localhost:53461
accept: */*

Response DefaultHttpResponse(decodeResult: success, version: HTTP/1.1)
HTTP/1.1 200 OK
Content-Type: application/json; charset=utf-8
cache-control: no-cache
content-length: 14

10:46:19.517 [AsyncHttpClient-1-3] DEBUG org.asynchttpclient.netty.channel.ChannelManager - Adding key: http://localhost:53461 for channel [id: 0xbe0a88e2, L:/127.0.0.1:57711 - R:localhost/127.0.0.1:53461]
10:46:19.528 [Forwarding screenshot on session 74eac878a4fc247d3800837c10d57ade to remote] DEBUG org.asynchttpclient.netty.request.NettyRequestSender - Using pooled Channel '[id: 0xbe0a88e2, L:/127.0.0.1:57711 - R:localhost/127.0.0.1:53461]' for 'GET' to 'http://localhost:53461/session/74eac878a4fc247d3800837c10d57ade/screenshot'
10:46:19.528 [Forwarding screenshot on session 74eac878a4fc247d3800837c10d57ade to remote] DEBUG org.asynchttpclient.netty.request.NettyRequestSender - Using open Channel [id: 0xbe0a88e2, L:/127.0.0.1:57711 - R:localhost/127.0.0.1:53461] for GET '/session/74eac878a4fc247d3800837c10d57ade/screenshot'
10:46:19.847 [AsyncHttpClient-1-3] DEBUG org.asynchttpclient.netty.handler.HttpHandler - 

Request DefaultFullHttpRequest(decodeResult: success, version: HTTP/1.1, content: EmptyByteBufBE)
GET /session/74eac878a4fc247d3800837c10d57ade/screenshot HTTP/1.1
User-Agent: selenium/4.1.2 (java windows)
Cache-Control: no-cache
Content-Type: application/json; charset=utf-8
host: localhost:53461
accept: */*

Response DefaultHttpResponse(decodeResult: success, version: HTTP/1.1)
HTTP/1.1 200 OK
Content-Type: application/json; charset=utf-8
cache-control: no-cache
content-length: 382596

10:46:19.850 [AsyncHttpClient-1-3] DEBUG org.asynchttpclient.netty.channel.ChannelManager - Adding key: http://localhost:53461 for channel [id: 0xbe0a88e2, L:/127.0.0.1:57711 - R:localhost/127.0.0.1:53461]
10:46:19.954 [main] DEBUG net.serenitybdd.core.photography.Darkroom - Send negative for processing for target\site\serenity\ed15a54c91c342d96a850276df7b559f4526b370fc93040e3c407a48a170f368.png
10:46:19.955 [main] DEBUG net.thucydides.core.steps.StepInterceptor - STEP DONE: validateOnDashboardPage
  &amp#27;[32mGiven &amp#27;[0m&amp#27;[32mI am at the dashboard page&amp#27;[0m                               &amp#27;[90m# starter.stepdefinitions.PatientSteps.iAmAtTheDashboardPage()&amp#27;[0m
10:46:19.980 [main] DEBUG net.thucydides.core.steps.StepInterceptor - STARTING STEP: PatientSteps.iClickMenuPatient - clickMenuPatientButton
10:46:19.985 [Forwarding findElement on session 74eac878a4fc247d3800837c10d57ade to remote] DEBUG org.asynchttpclient.netty.request.NettyRequestSender - Using pooled Channel '[id: 0xbe0a88e2, L:/127.0.0.1:57711 - R:localhost/127.0.0.1:53461]' for 'POST' to 'http://localhost:53461/session/74eac878a4fc247d3800837c10d57ade/element'
10:46:19.985 [Forwarding findElement on session 74eac878a4fc247d3800837c10d57ade to remote] DEBUG org.asynchttpclient.netty.request.NettyRequestSender - Using open Channel [id: 0xbe0a88e2, L:/127.0.0.1:57711 - R:localhost/127.0.0.1:53461] for POST '/session/74eac878a4fc247d3800837c10d57ade/element'
10:46:20.006 [AsyncHttpClient-1-3] DEBUG org.asynchttpclient.netty.handler.HttpHandler - 

Request DefaultHttpRequest(decodeResult: success, version: HTTP/1.1)
POST /session/74eac878a4fc247d3800837c10d57ade/element HTTP/1.1
User-Agent: selenium/4.1.2 (java windows)
Content-Length: 80
Content-Type: application/json; charset=utf-8
host: localhost:53461
accept: */*

Response DefaultHttpResponse(decodeResult: success, version: HTTP/1.1)
HTTP/1.1 200 OK
Content-Type: application/json; charset=utf-8
cache-control: no-cache
content-length: 88

10:46:20.006 [AsyncHttpClient-1-3] DEBUG org.asynchttpclient.netty.channel.ChannelManager - Adding key: http://localhost:53461 for channel [id: 0xbe0a88e2, L:/127.0.0.1:57711 - R:localhost/127.0.0.1:53461]
10:46:20.008 [Forwarding getElementTagName on session 74eac878a4fc247d3800837c10d57ade to remote] DEBUG org.asynchttpclient.netty.request.NettyRequestSender - Using pooled Channel '[id: 0xbe0a88e2, L:/127.0.0.1:57711 - R:localhost/127.0.0.1:53461]' for 'GET' to 'http://localhost:53461/session/74eac878a4fc247d3800837c10d57ade/element/87f7008d-2c43-4b75-9302-96f9fe852ea2/name'
10:46:20.008 [Forwarding getElementTagName on session 74eac878a4fc247d3800837c10d57ade to remote] DEBUG org.asynchttpclient.netty.request.NettyRequestSender - Using open Channel [id: 0xbe0a88e2, L:/127.0.0.1:57711 - R:localhost/127.0.0.1:53461] for GET '/session/74eac878a4fc247d3800837c10d57ade/element/87f7008d-2c43-4b75-9302-96f9fe852ea2/name'
10:46:20.014 [AsyncHttpClient-1-3] DEBUG org.asynchttpclient.netty.handler.HttpHandler - 

Request DefaultFullHttpRequest(decodeResult: success, version: HTTP/1.1, content: EmptyByteBufBE)
GET /session/74eac878a4fc247d3800837c10d57ade/element/87f7008d-2c43-4b75-9302-96f9fe852ea2/name HTTP/1.1
User-Agent: selenium/4.1.2 (java windows)
Cache-Control: no-cache
Content-Type: application/json; charset=utf-8
host: localhost:53461
accept: */*

Response DefaultHttpResponse(decodeResult: success, version: HTTP/1.1)
HTTP/1.1 200 OK
Content-Type: application/json; charset=utf-8
cache-control: no-cache
content-length: 15

10:46:20.014 [AsyncHttpClient-1-3] DEBUG org.asynchttpclient.netty.channel.ChannelManager - Adding key: http://localhost:53461 for channel [id: 0xbe0a88e2, L:/127.0.0.1:57711 - R:localhost/127.0.0.1:53461]
10:46:20.016 [Forwarding getElementTagName on session 74eac878a4fc247d3800837c10d57ade to remote] DEBUG org.asynchttpclient.netty.request.NettyRequestSender - Using pooled Channel '[id: 0xbe0a88e2, L:/127.0.0.1:57711 - R:localhost/127.0.0.1:53461]' for 'GET' to 'http://localhost:53461/session/74eac878a4fc247d3800837c10d57ade/element/87f7008d-2c43-4b75-9302-96f9fe852ea2/name'
10:46:20.016 [Forwarding getElementTagName on session 74eac878a4fc247d3800837c10d57ade to remote] DEBUG org.asynchttpclient.netty.request.NettyRequestSender - Using open Channel [id: 0xbe0a88e2, L:/127.0.0.1:57711 - R:localhost/127.0.0.1:53461] for GET '/session/74eac878a4fc247d3800837c10d57ade/element/87f7008d-2c43-4b75-9302-96f9fe852ea2/name'
10:46:20.022 [AsyncHttpClient-1-3] DEBUG org.asynchttpclient.netty.handler.HttpHandler - 

Request DefaultFullHttpRequest(decodeResult: success, version: HTTP/1.1, content: EmptyByteBufBE)
GET /session/74eac878a4fc247d3800837c10d57ade/element/87f7008d-2c43-4b75-9302-96f9fe852ea2/name HTTP/1.1
User-Agent: selenium/4.1.2 (java windows)
Cache-Control: no-cache
Content-Type: application/json; charset=utf-8
host: localhost:53461
accept: */*

Response DefaultHttpResponse(decodeResult: success, version: HTTP/1.1)
HTTP/1.1 200 OK
Content-Type: application/json; charset=utf-8
cache-control: no-cache
content-length: 15

10:46:20.022 [AsyncHttpClient-1-3] DEBUG org.asynchttpclient.netty.channel.ChannelManager - Adding key: http://localhost:53461 for channel [id: 0xbe0a88e2, L:/127.0.0.1:57711 - R:localhost/127.0.0.1:53461]
10:46:20.025 [Forwarding findElement on session 74eac878a4fc247d3800837c10d57ade to remote] DEBUG org.asynchttpclient.netty.request.NettyRequestSender - Using pooled Channel '[id: 0xbe0a88e2, L:/127.0.0.1:57711 - R:localhost/127.0.0.1:53461]' for 'POST' to 'http://localhost:53461/session/74eac878a4fc247d3800837c10d57ade/element'
10:46:20.025 [Forwarding findElement on session 74eac878a4fc247d3800837c10d57ade to remote] DEBUG org.asynchttpclient.netty.request.NettyRequestSender - Using open Channel [id: 0xbe0a88e2, L:/127.0.0.1:57711 - R:localhost/127.0.0.1:53461] for POST '/session/74eac878a4fc247d3800837c10d57ade/element'
10:46:20.036 [AsyncHttpClient-1-3] DEBUG org.asynchttpclient.netty.handler.HttpHandler - 

Request DefaultHttpRequest(decodeResult: success, version: HTTP/1.1)
POST /session/74eac878a4fc247d3800837c10d57ade/element HTTP/1.1
User-Agent: selenium/4.1.2 (java windows)
Content-Length: 80
Content-Type: application/json; charset=utf-8
host: localhost:53461
accept: */*

Response DefaultHttpResponse(decodeResult: success, version: HTTP/1.1)
HTTP/1.1 200 OK
Content-Type: application/json; charset=utf-8
cache-control: no-cache
content-length: 88

10:46:20.036 [AsyncHttpClient-1-3] DEBUG org.asynchttpclient.netty.channel.ChannelManager - Adding key: http://localhost:53461 for channel [id: 0xbe0a88e2, L:/127.0.0.1:57711 - R:localhost/127.0.0.1:53461]
10:46:20.037 [Forwarding clickElement on session 74eac878a4fc247d3800837c10d57ade to remote] DEBUG org.asynchttpclient.netty.request.NettyRequestSender - Using pooled Channel '[id: 0xbe0a88e2, L:/127.0.0.1:57711 - R:localhost/127.0.0.1:53461]' for 'POST' to 'http://localhost:53461/session/74eac878a4fc247d3800837c10d57ade/element/87f7008d-2c43-4b75-9302-96f9fe852ea2/click'
10:46:20.037 [Forwarding clickElement on session 74eac878a4fc247d3800837c10d57ade to remote] DEBUG org.asynchttpclient.netty.request.NettyRequestSender - Using open Channel [id: 0xbe0a88e2, L:/127.0.0.1:57711 - R:localhost/127.0.0.1:53461] for POST '/session/74eac878a4fc247d3800837c10d57ade/element/87f7008d-2c43-4b75-9302-96f9fe852ea2/click'
10:46:20.276 [AsyncHttpClient-1-3] DEBUG org.asynchttpclient.netty.handler.HttpHandler - 

Request DefaultHttpRequest(decodeResult: success, version: HTTP/1.1)
POST /session/74eac878a4fc247d3800837c10d57ade/element/87f7008d-2c43-4b75-9302-96f9fe852ea2/click HTTP/1.1
User-Agent: selenium/4.1.2 (java windows)
Content-Length: 50
Content-Type: application/json; charset=utf-8
host: localhost:53461
accept: */*

Response DefaultHttpResponse(decodeResult: success, version: HTTP/1.1)
HTTP/1.1 200 OK
Content-Type: application/json; charset=utf-8
cache-control: no-cache
content-length: 14

10:46:20.276 [AsyncHttpClient-1-3] DEBUG org.asynchttpclient.netty.channel.ChannelManager - Adding key: http://localhost:53461 for channel [id: 0xbe0a88e2, L:/127.0.0.1:57711 - R:localhost/127.0.0.1:53461]
10:46:20.288 [Forwarding screenshot on session 74eac878a4fc247d3800837c10d57ade to remote] DEBUG org.asynchttpclient.netty.request.NettyRequestSender - Using pooled Channel '[id: 0xbe0a88e2, L:/127.0.0.1:57711 - R:localhost/127.0.0.1:53461]' for 'GET' to 'http://localhost:53461/session/74eac878a4fc247d3800837c10d57ade/screenshot'
10:46:20.288 [Forwarding screenshot on session 74eac878a4fc247d3800837c10d57ade to remote] DEBUG org.asynchttpclient.netty.request.NettyRequestSender - Using open Channel [id: 0xbe0a88e2, L:/127.0.0.1:57711 - R:localhost/127.0.0.1:53461] for GET '/session/74eac878a4fc247d3800837c10d57ade/screenshot'
10:46:20.423 [AsyncHttpClient-1-3] DEBUG org.asynchttpclient.netty.handler.HttpHandler - 

Request DefaultFullHttpRequest(decodeResult: success, version: HTTP/1.1, content: EmptyByteBufBE)
GET /session/74eac878a4fc247d3800837c10d57ade/screenshot HTTP/1.1
User-Agent: selenium/4.1.2 (java windows)
Cache-Control: no-cache
Content-Type: application/json; charset=utf-8
host: localhost:53461
accept: */*

Response DefaultHttpResponse(decodeResult: success, version: HTTP/1.1)
HTTP/1.1 200 OK
Content-Type: application/json; charset=utf-8
cache-control: no-cache
content-length: 55372

10:46:20.424 [AsyncHttpClient-1-3] DEBUG org.asynchttpclient.netty.channel.ChannelManager - Adding key: http://localhost:53461 for channel [id: 0xbe0a88e2, L:/127.0.0.1:57711 - R:localhost/127.0.0.1:53461]
10:46:20.427 [main] DEBUG net.serenitybdd.core.photography.Darkroom - Send negative for processing for target\site\serenity\c886102f421ef8e705409955539f8574c7e22dd5f158313ecdebe95b5d6560bd.png
10:46:20.427 [main] DEBUG net.thucydides.core.steps.StepInterceptor - STEP DONE: clickMenuPatientButton
  &amp#27;[32mAnd &amp#27;[0m&amp#27;[32mI click menu patient&amp#27;[0m                                       &amp#27;[90m# starter.stepdefinitions.PatientSteps.iClickMenuPatient()&amp#27;[0m
10:46:20.449 [Forwarding findElement on session 74eac878a4fc247d3800837c10d57ade to remote] DEBUG org.asynchttpclient.netty.request.NettyRequestSender - Using pooled Channel '[id: 0xbe0a88e2, L:/127.0.0.1:57711 - R:localhost/127.0.0.1:53461]' for 'POST' to 'http://localhost:53461/session/74eac878a4fc247d3800837c10d57ade/element'
10:46:20.449 [Forwarding findElement on session 74eac878a4fc247d3800837c10d57ade to remote] DEBUG org.asynchttpclient.netty.request.NettyRequestSender - Using open Channel [id: 0xbe0a88e2, L:/127.0.0.1:57711 - R:localhost/127.0.0.1:53461] for POST '/session/74eac878a4fc247d3800837c10d57ade/element'
10:46:20.469 [AsyncHttpClient-1-3] DEBUG org.asynchttpclient.netty.handler.HttpHandler - 

Request DefaultHttpRequest(decodeResult: success, version: HTTP/1.1)
POST /session/74eac878a4fc247d3800837c10d57ade/element HTTP/1.1
User-Agent: selenium/4.1.2 (java windows)
Content-Length: 160
Content-Type: application/json; charset=utf-8
host: localhost:53461
accept: */*

Response DefaultHttpResponse(decodeResult: success, version: HTTP/1.1)
HTTP/1.1 200 OK
Content-Type: application/json; charset=utf-8
cache-control: no-cache
content-length: 88

10:46:20.470 [AsyncHttpClient-1-3] DEBUG org.asynchttpclient.netty.channel.ChannelManager - Adding key: http://localhost:53461 for channel [id: 0xbe0a88e2, L:/127.0.0.1:57711 - R:localhost/127.0.0.1:53461]
10:46:20.472 [AsyncHttpClient-1-1] DEBUG org.asynchttpclient.netty.channel.DefaultChannelPool - Entry count for : http://localhost:57712 : 1
10:46:20.472 [Forwarding clearElement on session 74eac878a4fc247d3800837c10d57ade to remote] DEBUG org.asynchttpclient.netty.request.NettyRequestSender - Using pooled Channel '[id: 0xbe0a88e2, L:/127.0.0.1:57711 - R:localhost/127.0.0.1:53461]' for 'POST' to 'http://localhost:53461/session/74eac878a4fc247d3800837c10d57ade/element/fedafe32-75dc-4629-889c-d05995246a85/clear'
10:46:20.472 [Forwarding clearElement on session 74eac878a4fc247d3800837c10d57ade to remote] DEBUG org.asynchttpclient.netty.request.NettyRequestSender - Using open Channel [id: 0xbe0a88e2, L:/127.0.0.1:57711 - R:localhost/127.0.0.1:53461] for POST '/session/74eac878a4fc247d3800837c10d57ade/element/fedafe32-75dc-4629-889c-d05995246a85/clear'
10:46:20.532 [AsyncHttpClient-1-3] DEBUG org.asynchttpclient.netty.handler.HttpHandler - 

Request DefaultHttpRequest(decodeResult: success, version: HTTP/1.1)
POST /session/74eac878a4fc247d3800837c10d57ade/element/fedafe32-75dc-4629-889c-d05995246a85/clear HTTP/1.1
User-Agent: selenium/4.1.2 (java windows)
Content-Length: 50
Content-Type: application/json; charset=utf-8
host: localhost:53461
accept: */*

Response DefaultHttpResponse(decodeResult: success, version: HTTP/1.1)
HTTP/1.1 200 OK
Content-Type: application/json; charset=utf-8
cache-control: no-cache
content-length: 14

10:46:20.532 [AsyncHttpClient-1-3] DEBUG org.asynchttpclient.netty.channel.ChannelManager - Adding key: http://localhost:53461 for channel [id: 0xbe0a88e2, L:/127.0.0.1:57711 - R:localhost/127.0.0.1:53461]
10:46:20.534 [Forwarding sendKeysToElement on session 74eac878a4fc247d3800837c10d57ade to remote] DEBUG org.asynchttpclient.netty.request.NettyRequestSender - Using pooled Channel '[id: 0xbe0a88e2, L:/127.0.0.1:57711 - R:localhost/127.0.0.1:53461]' for 'POST' to 'http://localhost:53461/session/74eac878a4fc247d3800837c10d57ade/element/fedafe32-75dc-4629-889c-d05995246a85/value'
10:46:20.535 [Forwarding sendKeysToElement on session 74eac878a4fc247d3800837c10d57ade to remote] DEBUG org.asynchttpclient.netty.request.NettyRequestSender - Using open Channel [id: 0xbe0a88e2, L:/127.0.0.1:57711 - R:localhost/127.0.0.1:53461] for POST '/session/74eac878a4fc247d3800837c10d57ade/element/fedafe32-75dc-4629-889c-d05995246a85/value'
10:46:20.989 [AsyncHttpClient-1-3] DEBUG org.asynchttpclient.netty.handler.HttpHandler - 

Request DefaultHttpRequest(decodeResult: success, version: HTTP/1.1)
POST /session/74eac878a4fc247d3800837c10d57ade/element/fedafe32-75dc-4629-889c-d05995246a85/value HTTP/1.1
User-Agent: selenium/4.1.2 (java windows)
Content-Length: 181
Content-Type: application/json; charset=utf-8
host: localhost:53461
accept: */*

Response DefaultHttpResponse(decodeResult: success, version: HTTP/1.1)
HTTP/1.1 200 OK
Content-Type: application/json; charset=utf-8
cache-control: no-cache
content-length: 14

10:46:20.989 [AsyncHttpClient-1-3] DEBUG org.asynchttpclient.netty.channel.ChannelManager - Adding key: http://localhost:53461 for channel [id: 0xbe0a88e2, L:/127.0.0.1:57711 - R:localhost/127.0.0.1:53461]
10:46:21.005 [Forwarding screenshot on session 74eac878a4fc247d3800837c10d57ade to remote] DEBUG org.asynchttpclient.netty.request.NettyRequestSender - Using pooled Channel '[id: 0xbe0a88e2, L:/127.0.0.1:57711 - R:localhost/127.0.0.1:53461]' for 'GET' to 'http://localhost:53461/session/74eac878a4fc247d3800837c10d57ade/screenshot'
10:46:21.005 [Forwarding screenshot on session 74eac878a4fc247d3800837c10d57ade to remote] DEBUG org.asynchttpclient.netty.request.NettyRequestSender - Using open Channel [id: 0xbe0a88e2, L:/127.0.0.1:57711 - R:localhost/127.0.0.1:53461] for GET '/session/74eac878a4fc247d3800837c10d57ade/screenshot'
10:46:21.144 [AsyncHttpClient-1-3] DEBUG org.asynchttpclient.netty.handler.HttpHandler - 

Request DefaultFullHttpRequest(decodeResult: success, version: HTTP/1.1, content: EmptyByteBufBE)
GET /session/74eac878a4fc247d3800837c10d57ade/screenshot HTTP/1.1
User-Agent: selenium/4.1.2 (java windows)
Cache-Control: no-cache
Content-Type: application/json; charset=utf-8
host: localhost:53461
accept: */*

Response DefaultHttpResponse(decodeResult: success, version: HTTP/1.1)
HTTP/1.1 200 OK
Content-Type: application/json; charset=utf-8
cache-control: no-cache
content-length: 59528

10:46:21.145 [AsyncHttpClient-1-3] DEBUG org.asynchttpclient.netty.channel.ChannelManager - Adding key: http://localhost:53461 for channel [id: 0xbe0a88e2, L:/127.0.0.1:57711 - R:localhost/127.0.0.1:53461]
10:46:21.149 [main] DEBUG net.serenitybdd.core.photography.Darkroom - Send negative for processing for target\site\serenity\f3a9896656af761cc2d626d291208c4da151610cf1065b38239efe4a1bf388fe.png
10:46:21.149 [main] DEBUG net.thucydides.core.steps.StepInterceptor - STARTING STEP: PatientSteps.iInputPatientDateOfBirthAndClickSearch - clickSearchButton
10:46:21.149 [Darkroom Processing Line] DEBUG net.serenitybdd.core.photography.DarkroomProcessingLine - Processing screenshot image in /var/screenshots/screenshot-10717759551773527056
10:46:21.149 [Darkroom Processing Line] DEBUG net.serenitybdd.core.photography.DarkroomProcessingLine - Saving screenshot to target\site\serenity\f3a9896656af761cc2d626d291208c4da151610cf1065b38239efe4a1bf388fe.png
10:46:21.154 [Forwarding findElement on session 74eac878a4fc247d3800837c10d57ade to remote] DEBUG org.asynchttpclient.netty.request.NettyRequestSender - Using pooled Channel '[id: 0xbe0a88e2, L:/127.0.0.1:57711 - R:localhost/127.0.0.1:53461]' for 'POST' to 'http://localhost:53461/session/74eac878a4fc247d3800837c10d57ade/element'
10:46:21.154 [Forwarding findElement on session 74eac878a4fc247d3800837c10d57ade to remote] DEBUG org.asynchttpclient.netty.request.NettyRequestSender - Using open Channel [id: 0xbe0a88e2, L:/127.0.0.1:57711 - R:localhost/127.0.0.1:53461] for POST '/session/74eac878a4fc247d3800837c10d57ade/element'
10:46:21.173 [AsyncHttpClient-1-3] DEBUG org.asynchttpclient.netty.handler.HttpHandler - 

Request DefaultHttpRequest(decodeResult: success, version: HTTP/1.1)
POST /session/74eac878a4fc247d3800837c10d57ade/element HTTP/1.1
User-Agent: selenium/4.1.2 (java windows)
Content-Length: 161
Content-Type: application/json; charset=utf-8
host: localhost:53461
accept: */*

Response DefaultHttpResponse(decodeResult: success, version: HTTP/1.1)
HTTP/1.1 200 OK
Content-Type: application/json; charset=utf-8
cache-control: no-cache
content-length: 88

10:46:21.174 [AsyncHttpClient-1-3] DEBUG org.asynchttpclient.netty.channel.ChannelManager - Adding key: http://localhost:53461 for channel [id: 0xbe0a88e2, L:/127.0.0.1:57711 - R:localhost/127.0.0.1:53461]
10:46:21.175 [Forwarding getElementTagName on session 74eac878a4fc247d3800837c10d57ade to remote] DEBUG org.asynchttpclient.netty.request.NettyRequestSender - Using pooled Channel '[id: 0xbe0a88e2, L:/127.0.0.1:57711 - R:localhost/127.0.0.1:53461]' for 'GET' to 'http://localhost:53461/session/74eac878a4fc247d3800837c10d57ade/element/dbd17d1a-33f1-40be-b36a-c35dd05604ae/name'
10:46:21.175 [Forwarding getElementTagName on session 74eac878a4fc247d3800837c10d57ade to remote] DEBUG org.asynchttpclient.netty.request.NettyRequestSender - Using open Channel [id: 0xbe0a88e2, L:/127.0.0.1:57711 - R:localhost/127.0.0.1:53461] for GET '/session/74eac878a4fc247d3800837c10d57ade/element/dbd17d1a-33f1-40be-b36a-c35dd05604ae/name'
10:46:21.181 [AsyncHttpClient-1-3] DEBUG org.asynchttpclient.netty.handler.HttpHandler - 

Request DefaultFullHttpRequest(decodeResult: success, version: HTTP/1.1, content: EmptyByteBufBE)
GET /session/74eac878a4fc247d3800837c10d57ade/element/dbd17d1a-33f1-40be-b36a-c35dd05604ae/name HTTP/1.1
User-Agent: selenium/4.1.2 (java windows)
Cache-Control: no-cache
Content-Type: application/json; charset=utf-8
host: localhost:53461
accept: */*

Response DefaultHttpResponse(decodeResult: success, version: HTTP/1.1)
HTTP/1.1 200 OK
Content-Type: application/json; charset=utf-8
cache-control: no-cache
content-length: 18

10:46:21.181 [AsyncHttpClient-1-3] DEBUG org.asynchttpclient.netty.channel.ChannelManager - Adding key: http://localhost:53461 for channel [id: 0xbe0a88e2, L:/127.0.0.1:57711 - R:localhost/127.0.0.1:53461]
10:46:21.182 [Forwarding getElementTagName on session 74eac878a4fc247d3800837c10d57ade to remote] DEBUG org.asynchttpclient.netty.request.NettyRequestSender - Using pooled Channel '[id: 0xbe0a88e2, L:/127.0.0.1:57711 - R:localhost/127.0.0.1:53461]' for 'GET' to 'http://localhost:53461/session/74eac878a4fc247d3800837c10d57ade/element/dbd17d1a-33f1-40be-b36a-c35dd05604ae/name'
10:46:21.183 [Forwarding getElementTagName on session 74eac878a4fc247d3800837c10d57ade to remote] DEBUG org.asynchttpclient.netty.request.NettyRequestSender - Using open Channel [id: 0xbe0a88e2, L:/127.0.0.1:57711 - R:localhost/127.0.0.1:53461] for GET '/session/74eac878a4fc247d3800837c10d57ade/element/dbd17d1a-33f1-40be-b36a-c35dd05604ae/name'
10:46:21.187 [AsyncHttpClient-1-3] DEBUG org.asynchttpclient.netty.handler.HttpHandler - 

Request DefaultFullHttpRequest(decodeResult: success, version: HTTP/1.1, content: EmptyByteBufBE)
GET /session/74eac878a4fc247d3800837c10d57ade/element/dbd17d1a-33f1-40be-b36a-c35dd05604ae/name HTTP/1.1
User-Agent: selenium/4.1.2 (java windows)
Cache-Control: no-cache
Content-Type: application/json; charset=utf-8
host: localhost:53461
accept: */*

Response DefaultHttpResponse(decodeResult: success, version: HTTP/1.1)
HTTP/1.1 200 OK
Content-Type: application/json; charset=utf-8
cache-control: no-cache
content-length: 18

10:46:21.187 [AsyncHttpClient-1-3] DEBUG org.asynchttpclient.netty.channel.ChannelManager - Adding key: http://localhost:53461 for channel [id: 0xbe0a88e2, L:/127.0.0.1:57711 - R:localhost/127.0.0.1:53461]
10:46:21.191 [Forwarding isElementEnabled on session 74eac878a4fc247d3800837c10d57ade to remote] DEBUG org.asynchttpclient.netty.request.NettyRequestSender - Using pooled Channel '[id: 0xbe0a88e2, L:/127.0.0.1:57711 - R:localhost/127.0.0.1:53461]' for 'GET' to 'http://localhost:53461/session/74eac878a4fc247d3800837c10d57ade/element/dbd17d1a-33f1-40be-b36a-c35dd05604ae/enabled'
10:46:21.191 [Forwarding isElementEnabled on session 74eac878a4fc247d3800837c10d57ade to remote] DEBUG org.asynchttpclient.netty.request.NettyRequestSender - Using open Channel [id: 0xbe0a88e2, L:/127.0.0.1:57711 - R:localhost/127.0.0.1:53461] for GET '/session/74eac878a4fc247d3800837c10d57ade/element/dbd17d1a-33f1-40be-b36a-c35dd05604ae/enabled'
10:46:21.205 [AsyncHttpClient-1-3] DEBUG org.asynchttpclient.netty.handler.HttpHandler - 

Request DefaultFullHttpRequest(decodeResult: success, version: HTTP/1.1, content: EmptyByteBufBE)
GET /session/74eac878a4fc247d3800837c10d57ade/element/dbd17d1a-33f1-40be-b36a-c35dd05604ae/enabled HTTP/1.1
User-Agent: selenium/4.1.2 (java windows)
Cache-Control: no-cache
Content-Type: application/json; charset=utf-8
host: localhost:53461
accept: */*

Response DefaultHttpResponse(decodeResult: success, version: HTTP/1.1)
HTTP/1.1 200 OK
Content-Type: application/json; charset=utf-8
cache-control: no-cache
content-length: 14

10:46:21.205 [AsyncHttpClient-1-3] DEBUG org.asynchttpclient.netty.channel.ChannelManager - Adding key: http://localhost:53461 for channel [id: 0xbe0a88e2, L:/127.0.0.1:57711 - R:localhost/127.0.0.1:53461]
10:46:21.207 [Forwarding isElementEnabled on session 74eac878a4fc247d3800837c10d57ade to remote] DEBUG org.asynchttpclient.netty.request.NettyRequestSender - Using pooled Channel '[id: 0xbe0a88e2, L:/127.0.0.1:57711 - R:localhost/127.0.0.1:53461]' for 'GET' to 'http://localhost:53461/session/74eac878a4fc247d3800837c10d57ade/element/dbd17d1a-33f1-40be-b36a-c35dd05604ae/enabled'
10:46:21.207 [Forwarding isElementEnabled on session 74eac878a4fc247d3800837c10d57ade to remote] DEBUG org.asynchttpclient.netty.request.NettyRequestSender - Using open Channel [id: 0xbe0a88e2, L:/127.0.0.1:57711 - R:localhost/127.0.0.1:53461] for GET '/session/74eac878a4fc247d3800837c10d57ade/element/dbd17d1a-33f1-40be-b36a-c35dd05604ae/enabled'
10:46:21.216 [AsyncHttpClient-1-3] DEBUG org.asynchttpclient.netty.handler.HttpHandler - 

Request DefaultFullHttpRequest(decodeResult: success, version: HTTP/1.1, content: EmptyByteBufBE)
GET /session/74eac878a4fc247d3800837c10d57ade/element/dbd17d1a-33f1-40be-b36a-c35dd05604ae/enabled HTTP/1.1
User-Agent: selenium/4.1.2 (java windows)
Cache-Control: no-cache
Content-Type: application/json; charset=utf-8
host: localhost:53461
accept: */*

Response DefaultHttpResponse(decodeResult: success, version: HTTP/1.1)
HTTP/1.1 200 OK
Content-Type: application/json; charset=utf-8
cache-control: no-cache
content-length: 14

10:46:21.216 [AsyncHttpClient-1-3] DEBUG org.asynchttpclient.netty.channel.ChannelManager - Adding key: http://localhost:53461 for channel [id: 0xbe0a88e2, L:/127.0.0.1:57711 - R:localhost/127.0.0.1:53461]
10:46:21.219 [Forwarding findElement on session 74eac878a4fc247d3800837c10d57ade to remote] DEBUG org.asynchttpclient.netty.request.NettyRequestSender - Using pooled Channel '[id: 0xbe0a88e2, L:/127.0.0.1:57711 - R:localhost/127.0.0.1:53461]' for 'POST' to 'http://localhost:53461/session/74eac878a4fc247d3800837c10d57ade/element'
10:46:21.219 [Forwarding findElement on session 74eac878a4fc247d3800837c10d57ade to remote] DEBUG org.asynchttpclient.netty.request.NettyRequestSender - Using open Channel [id: 0xbe0a88e2, L:/127.0.0.1:57711 - R:localhost/127.0.0.1:53461] for POST '/session/74eac878a4fc247d3800837c10d57ade/element'
10:46:21.230 [AsyncHttpClient-1-3] DEBUG org.asynchttpclient.netty.handler.HttpHandler - 

Request DefaultHttpRequest(decodeResult: success, version: HTTP/1.1)
POST /session/74eac878a4fc247d3800837c10d57ade/element HTTP/1.1
User-Agent: selenium/4.1.2 (java windows)
Content-Length: 161
Content-Type: application/json; charset=utf-8
host: localhost:53461
accept: */*

Response DefaultHttpResponse(decodeResult: success, version: HTTP/1.1)
HTTP/1.1 200 OK
Content-Type: application/json; charset=utf-8
cache-control: no-cache
content-length: 88

10:46:21.231 [AsyncHttpClient-1-3] DEBUG org.asynchttpclient.netty.channel.ChannelManager - Adding key: http://localhost:53461 for channel [id: 0xbe0a88e2, L:/127.0.0.1:57711 - R:localhost/127.0.0.1:53461]
10:46:21.232 [Forwarding clickElement on session 74eac878a4fc247d3800837c10d57ade to remote] DEBUG org.asynchttpclient.netty.request.NettyRequestSender - Using pooled Channel '[id: 0xbe0a88e2, L:/127.0.0.1:57711 - R:localhost/127.0.0.1:53461]' for 'POST' to 'http://localhost:53461/session/74eac878a4fc247d3800837c10d57ade/element/dbd17d1a-33f1-40be-b36a-c35dd05604ae/click'
10:46:21.232 [Forwarding clickElement on session 74eac878a4fc247d3800837c10d57ade to remote] DEBUG org.asynchttpclient.netty.request.NettyRequestSender - Using open Channel [id: 0xbe0a88e2, L:/127.0.0.1:57711 - R:localhost/127.0.0.1:53461] for POST '/session/74eac878a4fc247d3800837c10d57ade/element/dbd17d1a-33f1-40be-b36a-c35dd05604ae/click'
10:46:21.307 [AsyncHttpClient-1-3] DEBUG org.asynchttpclient.netty.handler.HttpHandler - 

Request DefaultHttpRequest(decodeResult: success, version: HTTP/1.1)
POST /session/74eac878a4fc247d3800837c10d57ade/element/dbd17d1a-33f1-40be-b36a-c35dd05604ae/click HTTP/1.1
User-Agent: selenium/4.1.2 (java windows)
Content-Length: 50
Content-Type: application/json; charset=utf-8
host: localhost:53461
accept: */*

Response DefaultHttpResponse(decodeResult: success, version: HTTP/1.1)
HTTP/1.1 200 OK
Content-Type: application/json; charset=utf-8
cache-control: no-cache
content-length: 14

10:46:21.307 [AsyncHttpClient-1-3] DEBUG org.asynchttpclient.netty.channel.ChannelManager - Adding key: http://localhost:53461 for channel [id: 0xbe0a88e2, L:/127.0.0.1:57711 - R:localhost/127.0.0.1:53461]
10:46:21.318 [Forwarding screenshot on session 74eac878a4fc247d3800837c10d57ade to remote] DEBUG org.asynchttpclient.netty.request.NettyRequestSender - Using pooled Channel '[id: 0xbe0a88e2, L:/127.0.0.1:57711 - R:localhost/127.0.0.1:53461]' for 'GET' to 'http://localhost:53461/session/74eac878a4fc247d3800837c10d57ade/screenshot'
10:46:21.318 [Forwarding screenshot on session 74eac878a4fc247d3800837c10d57ade to remote] DEBUG org.asynchttpclient.netty.request.NettyRequestSender - Using open Channel [id: 0xbe0a88e2, L:/127.0.0.1:57711 - R:localhost/127.0.0.1:53461] for GET '/session/74eac878a4fc247d3800837c10d57ade/screenshot'
10:46:21.467 [AsyncHttpClient-1-3] DEBUG org.asynchttpclient.netty.handler.HttpHandler - 

Request DefaultFullHttpRequest(decodeResult: success, version: HTTP/1.1, content: EmptyByteBufBE)
GET /session/74eac878a4fc247d3800837c10d57ade/screenshot HTTP/1.1
User-Agent: selenium/4.1.2 (java windows)
Cache-Control: no-cache
Content-Type: application/json; charset=utf-8
host: localhost:53461
accept: */*

Response DefaultHttpResponse(decodeResult: success, version: HTTP/1.1)
HTTP/1.1 200 OK
Content-Type: application/json; charset=utf-8
cache-control: no-cache
content-length: 59536

10:46:21.468 [AsyncHttpClient-1-3] DEBUG org.asynchttpclient.netty.channel.ChannelManager - Adding key: http://localhost:53461 for channel [id: 0xbe0a88e2, L:/127.0.0.1:57711 - R:localhost/127.0.0.1:53461]
10:46:21.472 [main] DEBUG net.serenitybdd.core.photography.Darkroom - Send negative for processing for target\site\serenity\098ada6604e2118cbf135be53d248e4df748522cf615980338afeaf3a8e26b17.png
10:46:21.472 [main] DEBUG net.thucydides.core.steps.StepInterceptor - STEP DONE: clickSearchButton
  &amp#27;[32mWhen &amp#27;[0m&amp#27;[32mI input patient date of birth and click search&amp#27;[0m            &amp#27;[90m# starter.stepdefinitions.PatientSteps.iInputPatientDateOfBirthAndClickSearch()&amp#27;[0m
10:46:21.472 [Darkroom Processing Line] DEBUG net.serenitybdd.core.photography.DarkroomProcessingLine - Processing screenshot image in /var/screenshots/screenshot-4694475420328718659
10:46:21.472 [Darkroom Processing Line] DEBUG net.serenitybdd.core.photography.DarkroomProcessingLine - Saving screenshot to target\site\serenity\098ada6604e2118cbf135be53d248e4df748522cf615980338afeaf3a8e26b17.png
10:46:21.493 [Forwarding findElement on session 74eac878a4fc247d3800837c10d57ade to remote] DEBUG org.asynchttpclient.netty.request.NettyRequestSender - Using pooled Channel '[id: 0xbe0a88e2, L:/127.0.0.1:57711 - R:localhost/127.0.0.1:53461]' for 'POST' to 'http://localhost:53461/session/74eac878a4fc247d3800837c10d57ade/element'
10:46:21.493 [Forwarding findElement on session 74eac878a4fc247d3800837c10d57ade to remote] DEBUG org.asynchttpclient.netty.request.NettyRequestSender - Using open Channel [id: 0xbe0a88e2, L:/127.0.0.1:57711 - R:localhost/127.0.0.1:53461] for POST '/session/74eac878a4fc247d3800837c10d57ade/element'
10:46:21.564 [AsyncHttpClient-1-1] DEBUG org.asynchttpclient.netty.channel.DefaultChannelPool - Entry count for : http://localhost:57712 : 1
10:46:22.227 [AsyncHttpClient-1-3] DEBUG org.asynchttpclient.netty.handler.HttpHandler - 

Request DefaultHttpRequest(decodeResult: success, version: HTTP/1.1)
POST /session/74eac878a4fc247d3800837c10d57ade/element HTTP/1.1
User-Agent: selenium/4.1.2 (java windows)
Content-Length: 76
Content-Type: application/json; charset=utf-8
host: localhost:53461
accept: */*

Response DefaultHttpResponse(decodeResult: success, version: HTTP/1.1)
HTTP/1.1 200 OK
Content-Type: application/json; charset=utf-8
cache-control: no-cache
content-length: 88

10:46:22.227 [AsyncHttpClient-1-3] DEBUG org.asynchttpclient.netty.channel.ChannelManager - Adding key: http://localhost:53461 for channel [id: 0xbe0a88e2, L:/127.0.0.1:57711 - R:localhost/127.0.0.1:53461]
10:46:22.231 [Forwarding isElementDisplayed on session 74eac878a4fc247d3800837c10d57ade to remote] DEBUG org.asynchttpclient.netty.request.NettyRequestSender - Using pooled Channel '[id: 0xbe0a88e2, L:/127.0.0.1:57711 - R:localhost/127.0.0.1:53461]' for 'POST' to 'http://localhost:53461/session/74eac878a4fc247d3800837c10d57ade/execute/sync'
10:46:22.231 [Forwarding isElementDisplayed on session 74eac878a4fc247d3800837c10d57ade to remote] DEBUG org.asynchttpclient.netty.request.NettyRequestSender - Using open Channel [id: 0xbe0a88e2, L:/127.0.0.1:57711 - R:localhost/127.0.0.1:53461] for POST '/session/74eac878a4fc247d3800837c10d57ade/execute/sync'
10:46:22.258 [AsyncHttpClient-1-3] DEBUG org.asynchttpclient.netty.handler.HttpHandler - 

Request DefaultHttpRequest(decodeResult: success, version: HTTP/1.1)
POST /session/74eac878a4fc247d3800837c10d57ade/execute/sync HTTP/1.1
User-Agent: selenium/4.1.2 (java windows)
Content-Length: 48780
Content-Type: application/json; charset=utf-8
host: localhost:53461
accept: */*

Response DefaultHttpResponse(decodeResult: success, version: HTTP/1.1)
HTTP/1.1 200 OK
Content-Type: application/json; charset=utf-8
cache-control: no-cache
content-length: 14

10:46:22.258 [AsyncHttpClient-1-3] DEBUG org.asynchttpclient.netty.channel.ChannelManager - Adding key: http://localhost:53461 for channel [id: 0xbe0a88e2, L:/127.0.0.1:57711 - R:localhost/127.0.0.1:53461]
  &amp#27;[32mThen &amp#27;[0m&amp#27;[32mI validate search by patient date of birth&amp#27;[0m                &amp#27;[90m# starter.stepdefinitions.PatientSteps.iValidateSearchByPatientDateOfBirth()&amp#27;[0m
10:46:22.267 [Forwarding screenshot on session 74eac878a4fc247d3800837c10d57ade to remote] DEBUG org.asynchttpclient.netty.request.NettyRequestSender - Using pooled Channel '[id: 0xbe0a88e2, L:/127.0.0.1:57711 - R:localhost/127.0.0.1:53461]' for 'GET' to 'http://localhost:53461/session/74eac878a4fc247d3800837c10d57ade/screenshot'
10:46:22.267 [Forwarding screenshot on session 74eac878a4fc247d3800837c10d57ade to remote] DEBUG org.asynchttpclient.netty.request.NettyRequestSender - Using open Channel [id: 0xbe0a88e2, L:/127.0.0.1:57711 - R:localhost/127.0.0.1:53461] for GET '/session/74eac878a4fc247d3800837c10d57ade/screenshot'
10:46:22.353 [AsyncHttpClient-1-3] DEBUG org.asynchttpclient.netty.handler.HttpHandler - 

Request DefaultFullHttpRequest(decodeResult: success, version: HTTP/1.1, content: EmptyByteBufBE)
GET /session/74eac878a4fc247d3800837c10d57ade/screenshot HTTP/1.1
User-Agent: selenium/4.1.2 (java windows)
Cache-Control: no-cache
Content-Type: application/json; charset=utf-8
host: localhost:53461
accept: */*

Response DefaultHttpResponse(decodeResult: success, version: HTTP/1.1)
HTTP/1.1 200 OK
Content-Type: application/json; charset=utf-8
cache-control: no-cache
content-length: 84204

10:46:22.354 [AsyncHttpClient-1-3] DEBUG org.asynchttpclient.netty.channel.ChannelManager - Adding key: http://localhost:53461 for channel [id: 0xbe0a88e2, L:/127.0.0.1:57711 - R:localhost/127.0.0.1:53461]
10:46:22.358 [main] DEBUG net.serenitybdd.core.photography.Darkroom - Send negative for processing for target\site\serenity\4ae8ed866a3808c334386237413ac49ee0ad784e83ddecd10688fc5f8a44654b.png
10:46:22.358 [Darkroom Processing Line] DEBUG net.serenitybdd.core.photography.DarkroomProcessingLine - Processing screenshot image in /var/screenshots/screenshot-14670268100506212981
10:46:22.358 [Darkroom Processing Line] DEBUG net.serenitybdd.core.photography.DarkroomProcessingLine - Saving screenshot to target\site\serenity\4ae8ed866a3808c334386237413ac49ee0ad784e83ddecd10688fc5f8a44654b.png
10:46:22.359 [main] INFO  - 
  _____   ___   ___   _____     ___     _     ___   ___   ___   ___  
 |_   _| | __| / __| |_   _|   | _ \   /_\   / __| / __| | __| |   \ 
   | |   | _|  \__ \   | |     |  _/  / _ \  \__ \ \__ \ | _|  | |) |
   |_|   |___| |___/   |_|     |_|   /_/ \_\ |___/ |___/ |___| |___/ 

Search Patient Based on Patient Date of Birth Scenario
----------------------------------------------------------------------
10:46:22.361 [AsyncHttpClient-1-5] DEBUG org.asynchttpclient.netty.handler.WebSocketHandler - Channel Closed: [id: 0xaa1a4061, L:/127.0.0.1:57718 ! R:localhost/127.0.0.1:57712] with attribute NettyResponseFuture{currentRetry=5,
	isDone=1,
	isCancelled=0,
	asyncHandler=org.asynchttpclient.ws.WebSocketUpgradeHandler@10cc3e2b,
	nettyRequest=org.asynchttpclient.netty.request.NettyRequest@1a991797,
	future=java.util.concurrent.CompletableFuture@4a52c966[Completed normally],
	uri=ws://localhost:57712/devtools/browser/706a32f9-220e-449c-9a89-fd445c8adaea,
	keepAlive=true,
	redirectCount=0,
	timeoutsHolder=null,
	inAuth=0,
	touch=1655783176209}
10:46:22.361 [AsyncHttpClient-1-5] DEBUG org.asynchttpclient.netty.channel.ChannelManager - Closing Channel [id: 0xaa1a4061, L:/127.0.0.1:57718 ! R:localhost/127.0.0.1:57712] 
10:46:22.361 [Driver Command Executor] DEBUG org.asynchttpclient.netty.request.NettyRequestSender - Using pooled Channel '[id: 0xbe0a88e2, L:/127.0.0.1:57711 - R:localhost/127.0.0.1:53461]' for 'DELETE' to 'http://localhost:53461/session/74eac878a4fc247d3800837c10d57ade'
10:46:22.361 [Driver Command Executor] DEBUG org.asynchttpclient.netty.request.NettyRequestSender - Using open Channel [id: 0xbe0a88e2, L:/127.0.0.1:57711 - R:localhost/127.0.0.1:53461] for DELETE '/session/74eac878a4fc247d3800837c10d57ade'
10:46:22.390 [AsyncHttpClient-1-4] DEBUG org.asynchttpclient.netty.handler.HttpHandler - Unexpected I/O exception on channel [id: 0xb85f6887, L:/127.0.0.1:57717 - R:localhost/127.0.0.1:57712]
java.net.SocketException: Connection reset
	at java.base/sun.nio.ch.SocketChannelImpl.throwConnectionReset(SocketChannelImpl.java:367)
	at java.base/sun.nio.ch.SocketChannelImpl.read(SocketChannelImpl.java:398)
	at io.netty.buffer.PooledByteBuf.setBytes(PooledByteBuf.java:258)
	at io.netty.buffer.AbstractByteBuf.writeBytes(AbstractByteBuf.java:1132)
	at io.netty.channel.socket.nio.NioSocketChannel.doReadBytes(NioSocketChannel.java:350)
	at io.netty.channel.nio.AbstractNioByteChannel$NioByteUnsafe.read(AbstractNioByteChannel.java:151)
	at io.netty.channel.nio.NioEventLoop.processSelectedKey(NioEventLoop.java:722)
	at io.netty.channel.nio.NioEventLoop.processSelectedKeysOptimized(NioEventLoop.java:658)
	at io.netty.channel.nio.NioEventLoop.processSelectedKeys(NioEventLoop.java:584)
	at io.netty.channel.nio.NioEventLoop.run(NioEventLoop.java:496)
	at io.netty.util.concurrent.SingleThreadEventExecutor$4.run(SingleThreadEventExecutor.java:986)
	at io.netty.util.internal.ThreadExecutorMap$2.run(ThreadExecutorMap.java:74)
	at io.netty.util.concurrent.FastThreadLocalRunnable.run(FastThreadLocalRunnable.java:30)
	at java.base/java.lang.Thread.run(Thread.java:832)
10:46:22.390 [AsyncHttpClient-1-4] DEBUG org.asynchttpclient.netty.channel.ChannelManager - Closing Channel [id: 0xb85f6887, L:/127.0.0.1:57717 - R:localhost/127.0.0.1:57712] 
10:46:22.390 [AsyncHttpClient-1-4] DEBUG org.asynchttpclient.netty.handler.HttpHandler - Channel Closed: [id: 0xb85f6887, L:/127.0.0.1:57717 ! R:localhost/127.0.0.1:57712] with attribute DISCARD
10:46:22.434 [AsyncHttpClient-1-3] DEBUG org.asynchttpclient.netty.handler.HttpHandler - 

Request DefaultFullHttpRequest(decodeResult: success, version: HTTP/1.1, content: EmptyByteBufBE)
DELETE /session/74eac878a4fc247d3800837c10d57ade HTTP/1.1
User-Agent: selenium/4.1.2 (java windows)
Content-Type: application/json; charset=utf-8
host: localhost:53461
accept: */*

Response DefaultHttpResponse(decodeResult: success, version: HTTP/1.1)
HTTP/1.1 200 OK
Content-Type: application/json; charset=utf-8
cache-control: no-cache
content-length: 14

10:46:22.434 [AsyncHttpClient-1-3] DEBUG org.asynchttpclient.netty.channel.ChannelManager - Adding key: http://localhost:53461 for channel [id: 0xbe0a88e2, L:/127.0.0.1:57711 - R:localhost/127.0.0.1:53461]
10:46:22.570 [AsyncHttpClient-1-3] DEBUG org.asynchttpclient.netty.handler.HttpHandler - Channel Closed: [id: 0xbe0a88e2, L:/127.0.0.1:57711 ! R:localhost/127.0.0.1:53461] with attribute DISCARD
10:46:22.665 [AsyncHttpClient-1-1] DEBUG org.asynchttpclient.netty.channel.DefaultChannelPool - Entry count for : http://localhost:57712 : 1
10:46:22.665 [AsyncHttpClient-1-1] DEBUG org.asynchttpclient.netty.channel.DefaultChannelPool - Entry count for : http://localhost:53461 : 1
10:46:22.665 [AsyncHttpClient-1-1] DEBUG org.asynchttpclient.netty.channel.DefaultChannelPool - Adding Candidate expired Channel [id: 0xb85f6887, L:/127.0.0.1:57717 ! R:localhost/127.0.0.1:57712] isIdleTimeoutExpired=false isRemotelyClosed=true isTtlExpired=false
10:46:22.665 [AsyncHttpClient-1-1] DEBUG org.asynchttpclient.netty.channel.DefaultChannelPool - Closing Idle Channel [id: 0xb85f6887, L:/127.0.0.1:57717 ! R:localhost/127.0.0.1:57712]
10:46:22.665 [AsyncHttpClient-1-1] DEBUG org.asynchttpclient.netty.channel.DefaultChannelPool - Adding Candidate expired Channel [id: 0xbe0a88e2, L:/127.0.0.1:57711 ! R:localhost/127.0.0.1:53461] isIdleTimeoutExpired=false isRemotelyClosed=true isTtlExpired=false
10:46:22.665 [AsyncHttpClient-1-1] DEBUG org.asynchttpclient.netty.channel.DefaultChannelPool - Closing Idle Channel [id: 0xbe0a88e2, L:/127.0.0.1:57711 ! R:localhost/127.0.0.1:53461]
10:46:22.665 [AsyncHttpClient-1-1] DEBUG org.asynchttpclient.netty.channel.DefaultChannelPool - Closed 2 connections out of 2 in 0 ms
]]></system-out>
    <system-err><![CDATA[Starting ChromeDriver 102.0.5005.61 (0e59bcc00cc4985ce39ad31c150065f159d95ad3-refs/branch-heads/5005@{#819}) on port 53461
Only local connections are allowed.
Please see https://chromedriver.chromium.org/security-considerations for suggestions on keeping ChromeDriver safe.
ChromeDriver was started successfully.
Jun 21, 2022 10:46:16 AM org.openqa.selenium.remote.ProtocolHandshake createSession
INFO: Detected dialect: W3C
Jun 21, 2022 10:46:16 AM org.openqa.selenium.devtools.CdpVersionFinder findNearestMatch
WARNING: Unable to find an exact match for CDP version 102, so returning the closest version found: a no-op implementation
Jun 21, 2022 10:46:16 AM org.openqa.selenium.devtools.CdpVersionFinder findNearestMatch
INFO: Unable to find CDP implementation matching 102.
Jun 21, 2022 10:46:16 AM org.openqa.selenium.chromium.ChromiumDriver lambda$new$3
WARNING: Unable to find version of CDP to use for . You may need to include a dependency on a specific version of the CDP using something similar to `org.seleniumhq.selenium:selenium-devtools-v86:4.1.2` where the version ("v86") matches the version of the chromium-based browser you're using and the version number of the artifact is the same as Selenium's.
]]></system-err>
  </testcase>
  <testcase name="Search Patient Based on Patient Gender Scenario" classname="Patient" time="8.405">
    <system-out><![CDATA[
@Patient
Scenario: Search Patient Based on Patient Gender Scenario &amp#27;[90m# src/test/resources/features/2.Patient.feature:66&amp#27;[0m
10:46:23.125 [main] INFO io.cucumber.core.plugin.SerenityReporter - Running feature from file:///E:/My%20Documents/File%20Difa/TI%20Semester%206%20Kampus%20Merdeka%20Alterra/Tugas/CAPSTONE%20Project/Capstone-Project-Website/src/test/resources/features/2.Patient.feature
10:46:23.129 [main] INFO  - 
  _____   ___   ___   _____     ___   _____     _     ___   _____   ___   ___  
 |_   _| | __| / __| |_   _|   / __| |_   _|   /_\   | _ \ |_   _| | __| |   \ 
   | |   | _|  \__ \   | |     \__ \   | |    / _ \  |   /   | |   | _|  | |) |
   |_|   |___| |___/   |_|     |___/   |_|   /_/ \_\ |_|_\   |_|   |___| |___/ 

Search Patient Based on Patient Gender Scenario(patient;search-patient-based-on-patient-gender-scenario)
--------------------------------------------------------------------------------
10:46:23.149 [main] DEBUG net.thucydides.core.steps.StepInterceptor - STARTING STEP: PatientSteps.iAmAtTheDashboardPage - openUrl
10:46:23.151 [main] INFO net.serenitybdd.core.webdriver.driverproviders.ChromeDriverProvider - Using automatically driver download
10:46:23.327 [main] DEBUG io.github.bonigarcia.wdm.cache.ResolutionCache - Resolution chrome=102 in cache (valid until 11:37:46 21/06/2022 ICT)
10:46:23.332 [main] DEBUG io.github.bonigarcia.wdm.cache.ResolutionCache - Resolution chrome102=102.0.5005.61 in cache (valid until 09:22:16 22/06/2022 ICT)
10:46:23.333 [main] INFO io.github.bonigarcia.wdm.WebDriverManager - Using chromedriver 102.0.5005.61 (resolved driver for Chrome 102)
10:46:23.347 [main] DEBUG io.github.bonigarcia.wdm.WebDriverManager - Driver chromedriver 102.0.5005.61 found in cache
10:46:23.347 [main] INFO io.github.bonigarcia.wdm.WebDriverManager - Exporting webdriver.chrome.driver as C:\Users\USER\.cache\selenium\chromedriver\win32\102.0.5005.61\chromedriver.exe
10:46:23.515 [main] DEBUG net.serenitybdd.core.webdriver.driverproviders.ProvideNewDriver - Instantiating driver
10:46:23.515 [main] DEBUG net.serenitybdd.core.webdriver.driverproviders.ProvideNewDriver - Driver capabilities: Capabilities {acceptInsecureCerts: false, base.url: https://hospital-management..., browserName: chrome, chrome.driver: src/test/resources/webdrive..., driver: chrome, goog:chromeOptions: {args: [], extensions: []}}
10:46:24.042 [AsyncHttpClient-1-6] DEBUG org.asynchttpclient.netty.channel.NettyConnectListener - Using new Channel '[id: 0xb669a8d1, L:/127.0.0.1:57731 - R:localhost/127.0.0.1:49743]' for 'POST' to '/session'
10:46:25.760 [AsyncHttpClient-1-6] DEBUG org.asynchttpclient.netty.handler.HttpHandler - 

Request DefaultHttpRequest(decodeResult: success, version: HTTP/1.1)
POST /session HTTP/1.1
User-Agent: selenium/4.1.2 (java windows)
Content-Length: 621
Content-Type: application/json; charset=utf-8
host: localhost:49743
accept: */*

Response DefaultHttpResponse(decodeResult: success, version: HTTP/1.1)
HTTP/1.1 200 OK
Content-Type: application/json; charset=utf-8
cache-control: no-cache
content-length: 788

10:46:25.760 [AsyncHttpClient-1-6] DEBUG org.asynchttpclient.netty.channel.ChannelManager - Adding key: http://localhost:49743 for channel [id: 0xb669a8d1, L:/127.0.0.1:57731 - R:localhost/127.0.0.1:49743]
10:46:25.770 [AsyncHttpClient-1-7] DEBUG org.asynchttpclient.netty.channel.NettyConnectListener - Using new Channel '[id: 0x46091f68, L:/127.0.0.1:57738 - R:localhost/127.0.0.1:57732]' for 'GET' to '/json/version'
10:46:25.770 [AsyncHttpClient-1-7] DEBUG org.asynchttpclient.netty.handler.HttpHandler - 

Request DefaultFullHttpRequest(decodeResult: success, version: HTTP/1.1, content: EmptyByteBufBE)
GET /json/version HTTP/1.1
User-Agent: selenium/4.1.2 (java windows)
host: localhost:57732
accept: */*

Response DefaultHttpResponse(decodeResult: success, version: HTTP/1.1)
HTTP/1.1 200 OK
Content-Type: application/json; charset=UTF-8
content-length: 427

10:46:25.771 [AsyncHttpClient-1-7] DEBUG org.asynchttpclient.netty.channel.ChannelManager - Adding key: http://localhost:57732 for channel [id: 0x46091f68, L:/127.0.0.1:57738 - R:localhost/127.0.0.1:57732]
10:46:25.773 [AsyncHttpClient-1-8] DEBUG org.asynchttpclient.netty.channel.NettyConnectListener - Using new Channel '[id: 0x42dc27fe, L:/127.0.0.1:57739 - R:localhost/127.0.0.1:57732]' for 'GET' to '/devtools/browser/7989009b-9227-41c2-aa5f-35e1090c8790'
10:46:25.774 [AsyncHttpClient-1-8] DEBUG org.asynchttpclient.netty.handler.WebSocketHandler - 

Request DefaultFullHttpRequest(decodeResult: success, version: HTTP/1.1, content: EmptyByteBufBE)
GET /devtools/browser/7989009b-9227-41c2-aa5f-35e1090c8790 HTTP/1.1
upgrade: websocket
connection: upgrade
sec-websocket-key: zXPKQB4Gsf04FFZZQS/T+A==
sec-websocket-version: 13
origin: http://localhost:57732
host: localhost:57732
accept: */*
user-agent: AHC/2.1

Response DefaultHttpResponse(decodeResult: success, version: HTTP/1.1)
HTTP/1.1 101 WebSocket Protocol Handshake
Upgrade: WebSocket
Connection: Upgrade
Sec-WebSocket-Accept: R8nVKUQwVe1WRzmOlTXK/HLXxt4=

10:46:25.779 [Forwarding maximizeCurrentWindow on session 8b9553929aca02049e9de1c414e10d21 to remote] DEBUG org.asynchttpclient.netty.request.NettyRequestSender - Using pooled Channel '[id: 0xb669a8d1, L:/127.0.0.1:57731 - R:localhost/127.0.0.1:49743]' for 'POST' to 'http://localhost:49743/session/8b9553929aca02049e9de1c414e10d21/window/maximize'
10:46:25.779 [Forwarding maximizeCurrentWindow on session 8b9553929aca02049e9de1c414e10d21 to remote] DEBUG org.asynchttpclient.netty.request.NettyRequestSender - Using open Channel [id: 0xb669a8d1, L:/127.0.0.1:57731 - R:localhost/127.0.0.1:49743] for POST '/session/8b9553929aca02049e9de1c414e10d21/window/maximize'
10:46:25.899 [AsyncHttpClient-1-6] DEBUG org.asynchttpclient.netty.handler.HttpHandler - 

Request DefaultHttpRequest(decodeResult: success, version: HTTP/1.1)
POST /session/8b9553929aca02049e9de1c414e10d21/window/maximize HTTP/1.1
User-Agent: selenium/4.1.2 (java windows)
Content-Length: 3
Content-Type: application/json; charset=utf-8
host: localhost:49743
accept: */*

Response DefaultHttpResponse(decodeResult: success, version: HTTP/1.1)
HTTP/1.1 200 OK
Content-Type: application/json; charset=utf-8
cache-control: no-cache
content-length: 51

10:46:25.899 [AsyncHttpClient-1-6] DEBUG org.asynchttpclient.netty.channel.ChannelManager - Adding key: http://localhost:49743 for channel [id: 0xb669a8d1, L:/127.0.0.1:57731 - R:localhost/127.0.0.1:49743]
10:46:25.900 [Forwarding get on session 8b9553929aca02049e9de1c414e10d21 to remote] DEBUG org.asynchttpclient.netty.request.NettyRequestSender - Using pooled Channel '[id: 0xb669a8d1, L:/127.0.0.1:57731 - R:localhost/127.0.0.1:49743]' for 'POST' to 'http://localhost:49743/session/8b9553929aca02049e9de1c414e10d21/url'
10:46:25.900 [Forwarding get on session 8b9553929aca02049e9de1c414e10d21 to remote] DEBUG org.asynchttpclient.netty.request.NettyRequestSender - Using open Channel [id: 0xb669a8d1, L:/127.0.0.1:57731 - R:localhost/127.0.0.1:49743] for POST '/session/8b9553929aca02049e9de1c414e10d21/url'
10:46:25.968 [AsyncHttpClient-1-1] DEBUG org.asynchttpclient.netty.channel.DefaultChannelPool - Entry count for : http://localhost:57732 : 1
10:46:27.064 [AsyncHttpClient-1-1] DEBUG org.asynchttpclient.netty.channel.DefaultChannelPool - Entry count for : http://localhost:57732 : 1
10:46:28.164 [AsyncHttpClient-1-1] DEBUG org.asynchttpclient.netty.channel.DefaultChannelPool - Entry count for : http://localhost:57732 : 1
10:46:28.195 [AsyncHttpClient-1-6] DEBUG org.asynchttpclient.netty.handler.HttpHandler - 

Request DefaultHttpRequest(decodeResult: success, version: HTTP/1.1)
POST /session/8b9553929aca02049e9de1c414e10d21/url HTTP/1.1
User-Agent: selenium/4.1.2 (java windows)
Content-Length: 65
Content-Type: application/json; charset=utf-8
host: localhost:49743
accept: */*

Response DefaultHttpResponse(decodeResult: success, version: HTTP/1.1)
HTTP/1.1 200 OK
Content-Type: application/json; charset=utf-8
cache-control: no-cache
content-length: 14

10:46:28.195 [AsyncHttpClient-1-6] DEBUG org.asynchttpclient.netty.channel.ChannelManager - Adding key: http://localhost:49743 for channel [id: 0xb669a8d1, L:/127.0.0.1:57731 - R:localhost/127.0.0.1:49743]
10:46:28.197 [Forwarding setTimeout on session 8b9553929aca02049e9de1c414e10d21 to remote] DEBUG org.asynchttpclient.netty.request.NettyRequestSender - Using pooled Channel '[id: 0xb669a8d1, L:/127.0.0.1:57731 - R:localhost/127.0.0.1:49743]' for 'POST' to 'http://localhost:49743/session/8b9553929aca02049e9de1c414e10d21/timeouts'
10:46:28.197 [Forwarding setTimeout on session 8b9553929aca02049e9de1c414e10d21 to remote] DEBUG org.asynchttpclient.netty.request.NettyRequestSender - Using open Channel [id: 0xb669a8d1, L:/127.0.0.1:57731 - R:localhost/127.0.0.1:49743] for POST '/session/8b9553929aca02049e9de1c414e10d21/timeouts'
10:46:28.198 [AsyncHttpClient-1-6] DEBUG org.asynchttpclient.netty.handler.HttpHandler - 

Request DefaultHttpRequest(decodeResult: success, version: HTTP/1.1)
POST /session/8b9553929aca02049e9de1c414e10d21/timeouts HTTP/1.1
User-Agent: selenium/4.1.2 (java windows)
Content-Length: 22
Content-Type: application/json; charset=utf-8
host: localhost:49743
accept: */*

Response DefaultHttpResponse(decodeResult: success, version: HTTP/1.1)
HTTP/1.1 200 OK
Content-Type: application/json; charset=utf-8
cache-control: no-cache
content-length: 14

10:46:28.198 [AsyncHttpClient-1-6] DEBUG org.asynchttpclient.netty.channel.ChannelManager - Adding key: http://localhost:49743 for channel [id: 0xb669a8d1, L:/127.0.0.1:57731 - R:localhost/127.0.0.1:49743]
10:46:28.205 [Forwarding getCurrentUrl on session 8b9553929aca02049e9de1c414e10d21 to remote] DEBUG org.asynchttpclient.netty.request.NettyRequestSender - Using pooled Channel '[id: 0xb669a8d1, L:/127.0.0.1:57731 - R:localhost/127.0.0.1:49743]' for 'GET' to 'http://localhost:49743/session/8b9553929aca02049e9de1c414e10d21/url'
10:46:28.205 [Forwarding getCurrentUrl on session 8b9553929aca02049e9de1c414e10d21 to remote] DEBUG org.asynchttpclient.netty.request.NettyRequestSender - Using open Channel [id: 0xb669a8d1, L:/127.0.0.1:57731 - R:localhost/127.0.0.1:49743] for GET '/session/8b9553929aca02049e9de1c414e10d21/url'
10:46:28.276 [AsyncHttpClient-1-6] DEBUG org.asynchttpclient.netty.handler.HttpHandler - 

Request DefaultFullHttpRequest(decodeResult: success, version: HTTP/1.1, content: EmptyByteBufBE)
GET /session/8b9553929aca02049e9de1c414e10d21/url HTTP/1.1
User-Agent: selenium/4.1.2 (java windows)
Cache-Control: no-cache
Content-Type: application/json; charset=utf-8
host: localhost:49743
accept: */*

Response DefaultHttpResponse(decodeResult: success, version: HTTP/1.1)
HTTP/1.1 200 OK
Content-Type: application/json; charset=utf-8
cache-control: no-cache
content-length: 53

10:46:28.277 [AsyncHttpClient-1-6] DEBUG org.asynchttpclient.netty.channel.ChannelManager - Adding key: http://localhost:49743 for channel [id: 0xb669a8d1, L:/127.0.0.1:57731 - R:localhost/127.0.0.1:49743]
10:46:28.284 [Forwarding getCurrentUrl on session 8b9553929aca02049e9de1c414e10d21 to remote] DEBUG org.asynchttpclient.netty.request.NettyRequestSender - Using pooled Channel '[id: 0xb669a8d1, L:/127.0.0.1:57731 - R:localhost/127.0.0.1:49743]' for 'GET' to 'http://localhost:49743/session/8b9553929aca02049e9de1c414e10d21/url'
10:46:28.284 [Forwarding getCurrentUrl on session 8b9553929aca02049e9de1c414e10d21 to remote] DEBUG org.asynchttpclient.netty.request.NettyRequestSender - Using open Channel [id: 0xb669a8d1, L:/127.0.0.1:57731 - R:localhost/127.0.0.1:49743] for GET '/session/8b9553929aca02049e9de1c414e10d21/url'
10:46:28.289 [AsyncHttpClient-1-6] DEBUG org.asynchttpclient.netty.handler.HttpHandler - 

Request DefaultFullHttpRequest(decodeResult: success, version: HTTP/1.1, content: EmptyByteBufBE)
GET /session/8b9553929aca02049e9de1c414e10d21/url HTTP/1.1
User-Agent: selenium/4.1.2 (java windows)
Cache-Control: no-cache
Content-Type: application/json; charset=utf-8
host: localhost:49743
accept: */*

Response DefaultHttpResponse(decodeResult: success, version: HTTP/1.1)
HTTP/1.1 200 OK
Content-Type: application/json; charset=utf-8
cache-control: no-cache
content-length: 53

10:46:28.289 [AsyncHttpClient-1-6] DEBUG org.asynchttpclient.netty.channel.ChannelManager - Adding key: http://localhost:49743 for channel [id: 0xb669a8d1, L:/127.0.0.1:57731 - R:localhost/127.0.0.1:49743]
10:46:28.299 [Forwarding screenshot on session 8b9553929aca02049e9de1c414e10d21 to remote] DEBUG org.asynchttpclient.netty.request.NettyRequestSender - Using pooled Channel '[id: 0xb669a8d1, L:/127.0.0.1:57731 - R:localhost/127.0.0.1:49743]' for 'GET' to 'http://localhost:49743/session/8b9553929aca02049e9de1c414e10d21/screenshot'
10:46:28.299 [Forwarding screenshot on session 8b9553929aca02049e9de1c414e10d21 to remote] DEBUG org.asynchttpclient.netty.request.NettyRequestSender - Using open Channel [id: 0xb669a8d1, L:/127.0.0.1:57731 - R:localhost/127.0.0.1:49743] for GET '/session/8b9553929aca02049e9de1c414e10d21/screenshot'
10:46:28.523 [AsyncHttpClient-1-6] DEBUG org.asynchttpclient.netty.handler.HttpHandler - 

Request DefaultFullHttpRequest(decodeResult: success, version: HTTP/1.1, content: EmptyByteBufBE)
GET /session/8b9553929aca02049e9de1c414e10d21/screenshot HTTP/1.1
User-Agent: selenium/4.1.2 (java windows)
Cache-Control: no-cache
Content-Type: application/json; charset=utf-8
host: localhost:49743
accept: */*

Response DefaultHttpResponse(decodeResult: success, version: HTTP/1.1)
HTTP/1.1 200 OK
Content-Type: application/json; charset=utf-8
cache-control: no-cache
content-length: 198888

10:46:28.525 [AsyncHttpClient-1-6] DEBUG org.asynchttpclient.netty.channel.ChannelManager - Adding key: http://localhost:49743 for channel [id: 0xb669a8d1, L:/127.0.0.1:57731 - R:localhost/127.0.0.1:49743]
10:46:28.536 [main] DEBUG net.serenitybdd.core.photography.Darkroom - Send negative for processing for target\site\serenity\4753d361d3a4d5c5dc2f18ddba81ccf4dafa9a1d39df3e27f1a3ea8a18a21424.png
10:46:28.536 [main] DEBUG net.thucydides.core.steps.StepInterceptor - STEP DONE: openUrl
10:46:28.546 [main] DEBUG net.thucydides.core.steps.StepInterceptor - STARTING STEP: PatientSteps.iAmAtTheDashboardPage - validateOnDashboardPage
10:46:28.549 [Forwarding findElement on session 8b9553929aca02049e9de1c414e10d21 to remote] DEBUG org.asynchttpclient.netty.request.NettyRequestSender - Using pooled Channel '[id: 0xb669a8d1, L:/127.0.0.1:57731 - R:localhost/127.0.0.1:49743]' for 'POST' to 'http://localhost:49743/session/8b9553929aca02049e9de1c414e10d21/element'
10:46:28.549 [Forwarding findElement on session 8b9553929aca02049e9de1c414e10d21 to remote] DEBUG org.asynchttpclient.netty.request.NettyRequestSender - Using open Channel [id: 0xb669a8d1, L:/127.0.0.1:57731 - R:localhost/127.0.0.1:49743] for POST '/session/8b9553929aca02049e9de1c414e10d21/element'
10:46:28.569 [AsyncHttpClient-1-6] DEBUG org.asynchttpclient.netty.handler.HttpHandler - 

Request DefaultHttpRequest(decodeResult: success, version: HTTP/1.1)
POST /session/8b9553929aca02049e9de1c414e10d21/element HTTP/1.1
User-Agent: selenium/4.1.2 (java windows)
Content-Length: 81
Content-Type: application/json; charset=utf-8
host: localhost:49743
accept: */*

Response DefaultHttpResponse(decodeResult: success, version: HTTP/1.1)
HTTP/1.1 200 OK
Content-Type: application/json; charset=utf-8
cache-control: no-cache
content-length: 88

10:46:28.569 [AsyncHttpClient-1-6] DEBUG org.asynchttpclient.netty.channel.ChannelManager - Adding key: http://localhost:49743 for channel [id: 0xb669a8d1, L:/127.0.0.1:57731 - R:localhost/127.0.0.1:49743]
10:46:28.573 [Forwarding isElementDisplayed on session 8b9553929aca02049e9de1c414e10d21 to remote] DEBUG org.asynchttpclient.netty.request.NettyRequestSender - Using pooled Channel '[id: 0xb669a8d1, L:/127.0.0.1:57731 - R:localhost/127.0.0.1:49743]' for 'POST' to 'http://localhost:49743/session/8b9553929aca02049e9de1c414e10d21/execute/sync'
10:46:28.573 [Forwarding isElementDisplayed on session 8b9553929aca02049e9de1c414e10d21 to remote] DEBUG org.asynchttpclient.netty.request.NettyRequestSender - Using open Channel [id: 0xb669a8d1, L:/127.0.0.1:57731 - R:localhost/127.0.0.1:49743] for POST '/session/8b9553929aca02049e9de1c414e10d21/execute/sync'
10:46:28.600 [AsyncHttpClient-1-6] DEBUG org.asynchttpclient.netty.handler.HttpHandler - 

Request DefaultHttpRequest(decodeResult: success, version: HTTP/1.1)
POST /session/8b9553929aca02049e9de1c414e10d21/execute/sync HTTP/1.1
User-Agent: selenium/4.1.2 (java windows)
Content-Length: 48780
Content-Type: application/json; charset=utf-8
host: localhost:49743
accept: */*

Response DefaultHttpResponse(decodeResult: success, version: HTTP/1.1)
HTTP/1.1 200 OK
Content-Type: application/json; charset=utf-8
cache-control: no-cache
content-length: 14

10:46:28.600 [AsyncHttpClient-1-6] DEBUG org.asynchttpclient.netty.channel.ChannelManager - Adding key: http://localhost:49743 for channel [id: 0xb669a8d1, L:/127.0.0.1:57731 - R:localhost/127.0.0.1:49743]
10:46:28.609 [Forwarding screenshot on session 8b9553929aca02049e9de1c414e10d21 to remote] DEBUG org.asynchttpclient.netty.request.NettyRequestSender - Using pooled Channel '[id: 0xb669a8d1, L:/127.0.0.1:57731 - R:localhost/127.0.0.1:49743]' for 'GET' to 'http://localhost:49743/session/8b9553929aca02049e9de1c414e10d21/screenshot'
10:46:28.609 [Forwarding screenshot on session 8b9553929aca02049e9de1c414e10d21 to remote] DEBUG org.asynchttpclient.netty.request.NettyRequestSender - Using open Channel [id: 0xb669a8d1, L:/127.0.0.1:57731 - R:localhost/127.0.0.1:49743] for GET '/session/8b9553929aca02049e9de1c414e10d21/screenshot'
10:46:28.842 [AsyncHttpClient-1-6] DEBUG org.asynchttpclient.netty.handler.HttpHandler - 

Request DefaultFullHttpRequest(decodeResult: success, version: HTTP/1.1, content: EmptyByteBufBE)
GET /session/8b9553929aca02049e9de1c414e10d21/screenshot HTTP/1.1
User-Agent: selenium/4.1.2 (java windows)
Cache-Control: no-cache
Content-Type: application/json; charset=utf-8
host: localhost:49743
accept: */*

Response DefaultHttpResponse(decodeResult: success, version: HTTP/1.1)
HTTP/1.1 200 OK
Content-Type: application/json; charset=utf-8
cache-control: no-cache
content-length: 198888

10:46:28.853 [AsyncHttpClient-1-6] DEBUG org.asynchttpclient.netty.channel.ChannelManager - Adding key: http://localhost:49743 for channel [id: 0xb669a8d1, L:/127.0.0.1:57731 - R:localhost/127.0.0.1:49743]
10:46:28.866 [main] DEBUG net.serenitybdd.core.photography.Darkroom - Send negative for processing for target\site\serenity\4753d361d3a4d5c5dc2f18ddba81ccf4dafa9a1d39df3e27f1a3ea8a18a21424.png
10:46:28.867 [main] DEBUG net.thucydides.core.steps.StepInterceptor - STEP DONE: validateOnDashboardPage
  &amp#27;[32mGiven &amp#27;[0m&amp#27;[32mI am at the dashboard page&amp#27;[0m                        &amp#27;[90m# starter.stepdefinitions.PatientSteps.iAmAtTheDashboardPage()&amp#27;[0m
10:46:28.893 [main] DEBUG net.thucydides.core.steps.StepInterceptor - STARTING STEP: PatientSteps.iClickMenuPatient - clickMenuPatientButton
10:46:28.899 [Forwarding findElement on session 8b9553929aca02049e9de1c414e10d21 to remote] DEBUG org.asynchttpclient.netty.request.NettyRequestSender - Using pooled Channel '[id: 0xb669a8d1, L:/127.0.0.1:57731 - R:localhost/127.0.0.1:49743]' for 'POST' to 'http://localhost:49743/session/8b9553929aca02049e9de1c414e10d21/element'
10:46:28.899 [Forwarding findElement on session 8b9553929aca02049e9de1c414e10d21 to remote] DEBUG org.asynchttpclient.netty.request.NettyRequestSender - Using open Channel [id: 0xb669a8d1, L:/127.0.0.1:57731 - R:localhost/127.0.0.1:49743] for POST '/session/8b9553929aca02049e9de1c414e10d21/element'
10:46:28.920 [AsyncHttpClient-1-6] DEBUG org.asynchttpclient.netty.handler.HttpHandler - 

Request DefaultHttpRequest(decodeResult: success, version: HTTP/1.1)
POST /session/8b9553929aca02049e9de1c414e10d21/element HTTP/1.1
User-Agent: selenium/4.1.2 (java windows)
Content-Length: 80
Content-Type: application/json; charset=utf-8
host: localhost:49743
accept: */*

Response DefaultHttpResponse(decodeResult: success, version: HTTP/1.1)
HTTP/1.1 200 OK
Content-Type: application/json; charset=utf-8
cache-control: no-cache
content-length: 88

10:46:28.920 [AsyncHttpClient-1-6] DEBUG org.asynchttpclient.netty.channel.ChannelManager - Adding key: http://localhost:49743 for channel [id: 0xb669a8d1, L:/127.0.0.1:57731 - R:localhost/127.0.0.1:49743]
10:46:28.922 [Forwarding getElementTagName on session 8b9553929aca02049e9de1c414e10d21 to remote] DEBUG org.asynchttpclient.netty.request.NettyRequestSender - Using pooled Channel '[id: 0xb669a8d1, L:/127.0.0.1:57731 - R:localhost/127.0.0.1:49743]' for 'GET' to 'http://localhost:49743/session/8b9553929aca02049e9de1c414e10d21/element/46230150-ea70-46f5-b2c7-0daafbfd067c/name'
10:46:28.922 [Forwarding getElementTagName on session 8b9553929aca02049e9de1c414e10d21 to remote] DEBUG org.asynchttpclient.netty.request.NettyRequestSender - Using open Channel [id: 0xb669a8d1, L:/127.0.0.1:57731 - R:localhost/127.0.0.1:49743] for GET '/session/8b9553929aca02049e9de1c414e10d21/element/46230150-ea70-46f5-b2c7-0daafbfd067c/name'
10:46:28.929 [AsyncHttpClient-1-6] DEBUG org.asynchttpclient.netty.handler.HttpHandler - 

Request DefaultFullHttpRequest(decodeResult: success, version: HTTP/1.1, content: EmptyByteBufBE)
GET /session/8b9553929aca02049e9de1c414e10d21/element/46230150-ea70-46f5-b2c7-0daafbfd067c/name HTTP/1.1
User-Agent: selenium/4.1.2 (java windows)
Cache-Control: no-cache
Content-Type: application/json; charset=utf-8
host: localhost:49743
accept: */*

Response DefaultHttpResponse(decodeResult: success, version: HTTP/1.1)
HTTP/1.1 200 OK
Content-Type: application/json; charset=utf-8
cache-control: no-cache
content-length: 15

10:46:28.929 [AsyncHttpClient-1-6] DEBUG org.asynchttpclient.netty.channel.ChannelManager - Adding key: http://localhost:49743 for channel [id: 0xb669a8d1, L:/127.0.0.1:57731 - R:localhost/127.0.0.1:49743]
10:46:28.931 [Forwarding getElementTagName on session 8b9553929aca02049e9de1c414e10d21 to remote] DEBUG org.asynchttpclient.netty.request.NettyRequestSender - Using pooled Channel '[id: 0xb669a8d1, L:/127.0.0.1:57731 - R:localhost/127.0.0.1:49743]' for 'GET' to 'http://localhost:49743/session/8b9553929aca02049e9de1c414e10d21/element/46230150-ea70-46f5-b2c7-0daafbfd067c/name'
10:46:28.931 [Forwarding getElementTagName on session 8b9553929aca02049e9de1c414e10d21 to remote] DEBUG org.asynchttpclient.netty.request.NettyRequestSender - Using open Channel [id: 0xb669a8d1, L:/127.0.0.1:57731 - R:localhost/127.0.0.1:49743] for GET '/session/8b9553929aca02049e9de1c414e10d21/element/46230150-ea70-46f5-b2c7-0daafbfd067c/name'
10:46:28.936 [AsyncHttpClient-1-6] DEBUG org.asynchttpclient.netty.handler.HttpHandler - 

Request DefaultFullHttpRequest(decodeResult: success, version: HTTP/1.1, content: EmptyByteBufBE)
GET /session/8b9553929aca02049e9de1c414e10d21/element/46230150-ea70-46f5-b2c7-0daafbfd067c/name HTTP/1.1
User-Agent: selenium/4.1.2 (java windows)
Cache-Control: no-cache
Content-Type: application/json; charset=utf-8
host: localhost:49743
accept: */*

Response DefaultHttpResponse(decodeResult: success, version: HTTP/1.1)
HTTP/1.1 200 OK
Content-Type: application/json; charset=utf-8
cache-control: no-cache
content-length: 15

10:46:28.936 [AsyncHttpClient-1-6] DEBUG org.asynchttpclient.netty.channel.ChannelManager - Adding key: http://localhost:49743 for channel [id: 0xb669a8d1, L:/127.0.0.1:57731 - R:localhost/127.0.0.1:49743]
10:46:28.939 [Forwarding findElement on session 8b9553929aca02049e9de1c414e10d21 to remote] DEBUG org.asynchttpclient.netty.request.NettyRequestSender - Using pooled Channel '[id: 0xb669a8d1, L:/127.0.0.1:57731 - R:localhost/127.0.0.1:49743]' for 'POST' to 'http://localhost:49743/session/8b9553929aca02049e9de1c414e10d21/element'
10:46:28.939 [Forwarding findElement on session 8b9553929aca02049e9de1c414e10d21 to remote] DEBUG org.asynchttpclient.netty.request.NettyRequestSender - Using open Channel [id: 0xb669a8d1, L:/127.0.0.1:57731 - R:localhost/127.0.0.1:49743] for POST '/session/8b9553929aca02049e9de1c414e10d21/element'
10:46:28.949 [AsyncHttpClient-1-6] DEBUG org.asynchttpclient.netty.handler.HttpHandler - 

Request DefaultHttpRequest(decodeResult: success, version: HTTP/1.1)
POST /session/8b9553929aca02049e9de1c414e10d21/element HTTP/1.1
User-Agent: selenium/4.1.2 (java windows)
Content-Length: 80
Content-Type: application/json; charset=utf-8
host: localhost:49743
accept: */*

Response DefaultHttpResponse(decodeResult: success, version: HTTP/1.1)
HTTP/1.1 200 OK
Content-Type: application/json; charset=utf-8
cache-control: no-cache
content-length: 88

10:46:28.950 [AsyncHttpClient-1-6] DEBUG org.asynchttpclient.netty.channel.ChannelManager - Adding key: http://localhost:49743 for channel [id: 0xb669a8d1, L:/127.0.0.1:57731 - R:localhost/127.0.0.1:49743]
10:46:28.951 [Forwarding clickElement on session 8b9553929aca02049e9de1c414e10d21 to remote] DEBUG org.asynchttpclient.netty.request.NettyRequestSender - Using pooled Channel '[id: 0xb669a8d1, L:/127.0.0.1:57731 - R:localhost/127.0.0.1:49743]' for 'POST' to 'http://localhost:49743/session/8b9553929aca02049e9de1c414e10d21/element/46230150-ea70-46f5-b2c7-0daafbfd067c/click'
10:46:28.951 [Forwarding clickElement on session 8b9553929aca02049e9de1c414e10d21 to remote] DEBUG org.asynchttpclient.netty.request.NettyRequestSender - Using open Channel [id: 0xb669a8d1, L:/127.0.0.1:57731 - R:localhost/127.0.0.1:49743] for POST '/session/8b9553929aca02049e9de1c414e10d21/element/46230150-ea70-46f5-b2c7-0daafbfd067c/click'
10:46:29.168 [AsyncHttpClient-1-6] DEBUG org.asynchttpclient.netty.handler.HttpHandler - 

Request DefaultHttpRequest(decodeResult: success, version: HTTP/1.1)
POST /session/8b9553929aca02049e9de1c414e10d21/element/46230150-ea70-46f5-b2c7-0daafbfd067c/click HTTP/1.1
User-Agent: selenium/4.1.2 (java windows)
Content-Length: 50
Content-Type: application/json; charset=utf-8
host: localhost:49743
accept: */*

Response DefaultHttpResponse(decodeResult: success, version: HTTP/1.1)
HTTP/1.1 200 OK
Content-Type: application/json; charset=utf-8
cache-control: no-cache
content-length: 14

10:46:29.168 [AsyncHttpClient-1-6] DEBUG org.asynchttpclient.netty.channel.ChannelManager - Adding key: http://localhost:49743 for channel [id: 0xb669a8d1, L:/127.0.0.1:57731 - R:localhost/127.0.0.1:49743]
10:46:29.178 [Forwarding screenshot on session 8b9553929aca02049e9de1c414e10d21 to remote] DEBUG org.asynchttpclient.netty.request.NettyRequestSender - Using pooled Channel '[id: 0xb669a8d1, L:/127.0.0.1:57731 - R:localhost/127.0.0.1:49743]' for 'GET' to 'http://localhost:49743/session/8b9553929aca02049e9de1c414e10d21/screenshot'
10:46:29.178 [Forwarding screenshot on session 8b9553929aca02049e9de1c414e10d21 to remote] DEBUG org.asynchttpclient.netty.request.NettyRequestSender - Using open Channel [id: 0xb669a8d1, L:/127.0.0.1:57731 - R:localhost/127.0.0.1:49743] for GET '/session/8b9553929aca02049e9de1c414e10d21/screenshot'
10:46:29.264 [AsyncHttpClient-1-1] DEBUG org.asynchttpclient.netty.channel.DefaultChannelPool - Entry count for : http://localhost:57732 : 1
10:46:29.318 [AsyncHttpClient-1-6] DEBUG org.asynchttpclient.netty.handler.HttpHandler - 

Request DefaultFullHttpRequest(decodeResult: success, version: HTTP/1.1, content: EmptyByteBufBE)
GET /session/8b9553929aca02049e9de1c414e10d21/screenshot HTTP/1.1
User-Agent: selenium/4.1.2 (java windows)
Cache-Control: no-cache
Content-Type: application/json; charset=utf-8
host: localhost:49743
accept: */*

Response DefaultHttpResponse(decodeResult: success, version: HTTP/1.1)
HTTP/1.1 200 OK
Content-Type: application/json; charset=utf-8
cache-control: no-cache
content-length: 37108

10:46:29.319 [AsyncHttpClient-1-6] DEBUG org.asynchttpclient.netty.channel.ChannelManager - Adding key: http://localhost:49743 for channel [id: 0xb669a8d1, L:/127.0.0.1:57731 - R:localhost/127.0.0.1:49743]
10:46:29.322 [main] DEBUG net.serenitybdd.core.photography.Darkroom - Send negative for processing for target\site\serenity\191892a91731ac9195bdb99cdcc5e2b48dec5b3983076e7a0bc1cdda6d18b5fb.png
10:46:29.322 [main] DEBUG net.thucydides.core.steps.StepInterceptor - STEP DONE: clickMenuPatientButton
  &amp#27;[32mAnd &amp#27;[0m&amp#27;[32mI click menu patient&amp#27;[0m                                &amp#27;[90m# starter.stepdefinitions.PatientSteps.iClickMenuPatient()&amp#27;[0m
10:46:29.323 [Darkroom Processing Line] DEBUG net.serenitybdd.core.photography.DarkroomProcessingLine - Processing screenshot image in /var/screenshots/screenshot-17101164158361443338
10:46:29.323 [Darkroom Processing Line] DEBUG net.serenitybdd.core.photography.DarkroomProcessingLine - Saving screenshot to target\site\serenity\191892a91731ac9195bdb99cdcc5e2b48dec5b3983076e7a0bc1cdda6d18b5fb.png
10:46:29.343 [Forwarding findElement on session 8b9553929aca02049e9de1c414e10d21 to remote] DEBUG org.asynchttpclient.netty.request.NettyRequestSender - Using pooled Channel '[id: 0xb669a8d1, L:/127.0.0.1:57731 - R:localhost/127.0.0.1:49743]' for 'POST' to 'http://localhost:49743/session/8b9553929aca02049e9de1c414e10d21/element'
10:46:29.343 [Forwarding findElement on session 8b9553929aca02049e9de1c414e10d21 to remote] DEBUG org.asynchttpclient.netty.request.NettyRequestSender - Using open Channel [id: 0xb669a8d1, L:/127.0.0.1:57731 - R:localhost/127.0.0.1:49743] for POST '/session/8b9553929aca02049e9de1c414e10d21/element'
10:46:29.365 [AsyncHttpClient-1-6] DEBUG org.asynchttpclient.netty.handler.HttpHandler - 

Request DefaultHttpRequest(decodeResult: success, version: HTTP/1.1)
POST /session/8b9553929aca02049e9de1c414e10d21/element HTTP/1.1
User-Agent: selenium/4.1.2 (java windows)
Content-Length: 160
Content-Type: application/json; charset=utf-8
host: localhost:49743
accept: */*

Response DefaultHttpResponse(decodeResult: success, version: HTTP/1.1)
HTTP/1.1 200 OK
Content-Type: application/json; charset=utf-8
cache-control: no-cache
content-length: 88

10:46:29.365 [AsyncHttpClient-1-6] DEBUG org.asynchttpclient.netty.channel.ChannelManager - Adding key: http://localhost:49743 for channel [id: 0xb669a8d1, L:/127.0.0.1:57731 - R:localhost/127.0.0.1:49743]
10:46:29.367 [Forwarding clearElement on session 8b9553929aca02049e9de1c414e10d21 to remote] DEBUG org.asynchttpclient.netty.request.NettyRequestSender - Using pooled Channel '[id: 0xb669a8d1, L:/127.0.0.1:57731 - R:localhost/127.0.0.1:49743]' for 'POST' to 'http://localhost:49743/session/8b9553929aca02049e9de1c414e10d21/element/001cbedb-2b23-44b2-bc29-5611240cf0c2/clear'
10:46:29.367 [Forwarding clearElement on session 8b9553929aca02049e9de1c414e10d21 to remote] DEBUG org.asynchttpclient.netty.request.NettyRequestSender - Using open Channel [id: 0xb669a8d1, L:/127.0.0.1:57731 - R:localhost/127.0.0.1:49743] for POST '/session/8b9553929aca02049e9de1c414e10d21/element/001cbedb-2b23-44b2-bc29-5611240cf0c2/clear'
10:46:29.435 [AsyncHttpClient-1-6] DEBUG org.asynchttpclient.netty.handler.HttpHandler - 

Request DefaultHttpRequest(decodeResult: success, version: HTTP/1.1)
POST /session/8b9553929aca02049e9de1c414e10d21/element/001cbedb-2b23-44b2-bc29-5611240cf0c2/clear HTTP/1.1
User-Agent: selenium/4.1.2 (java windows)
Content-Length: 50
Content-Type: application/json; charset=utf-8
host: localhost:49743
accept: */*

Response DefaultHttpResponse(decodeResult: success, version: HTTP/1.1)
HTTP/1.1 200 OK
Content-Type: application/json; charset=utf-8
cache-control: no-cache
content-length: 14

10:46:29.436 [AsyncHttpClient-1-6] DEBUG org.asynchttpclient.netty.channel.ChannelManager - Adding key: http://localhost:49743 for channel [id: 0xb669a8d1, L:/127.0.0.1:57731 - R:localhost/127.0.0.1:49743]
10:46:29.438 [Forwarding sendKeysToElement on session 8b9553929aca02049e9de1c414e10d21 to remote] DEBUG org.asynchttpclient.netty.request.NettyRequestSender - Using pooled Channel '[id: 0xb669a8d1, L:/127.0.0.1:57731 - R:localhost/127.0.0.1:49743]' for 'POST' to 'http://localhost:49743/session/8b9553929aca02049e9de1c414e10d21/element/001cbedb-2b23-44b2-bc29-5611240cf0c2/value'
10:46:29.438 [Forwarding sendKeysToElement on session 8b9553929aca02049e9de1c414e10d21 to remote] DEBUG org.asynchttpclient.netty.request.NettyRequestSender - Using open Channel [id: 0xb669a8d1, L:/127.0.0.1:57731 - R:localhost/127.0.0.1:49743] for POST '/session/8b9553929aca02049e9de1c414e10d21/element/001cbedb-2b23-44b2-bc29-5611240cf0c2/value'
10:46:29.795 [AsyncHttpClient-1-6] DEBUG org.asynchttpclient.netty.handler.HttpHandler - 

Request DefaultHttpRequest(decodeResult: success, version: HTTP/1.1)
POST /session/8b9553929aca02049e9de1c414e10d21/element/001cbedb-2b23-44b2-bc29-5611240cf0c2/value HTTP/1.1
User-Agent: selenium/4.1.2 (java windows)
Content-Length: 141
Content-Type: application/json; charset=utf-8
host: localhost:49743
accept: */*

Response DefaultHttpResponse(decodeResult: success, version: HTTP/1.1)
HTTP/1.1 200 OK
Content-Type: application/json; charset=utf-8
cache-control: no-cache
content-length: 14

10:46:29.795 [AsyncHttpClient-1-6] DEBUG org.asynchttpclient.netty.channel.ChannelManager - Adding key: http://localhost:49743 for channel [id: 0xb669a8d1, L:/127.0.0.1:57731 - R:localhost/127.0.0.1:49743]
10:46:29.813 [Forwarding screenshot on session 8b9553929aca02049e9de1c414e10d21 to remote] DEBUG org.asynchttpclient.netty.request.NettyRequestSender - Using pooled Channel '[id: 0xb669a8d1, L:/127.0.0.1:57731 - R:localhost/127.0.0.1:49743]' for 'GET' to 'http://localhost:49743/session/8b9553929aca02049e9de1c414e10d21/screenshot'
10:46:29.813 [Forwarding screenshot on session 8b9553929aca02049e9de1c414e10d21 to remote] DEBUG org.asynchttpclient.netty.request.NettyRequestSender - Using open Channel [id: 0xb669a8d1, L:/127.0.0.1:57731 - R:localhost/127.0.0.1:49743] for GET '/session/8b9553929aca02049e9de1c414e10d21/screenshot'
10:46:30.002 [AsyncHttpClient-1-6] DEBUG org.asynchttpclient.netty.handler.HttpHandler - 

Request DefaultFullHttpRequest(decodeResult: success, version: HTTP/1.1, content: EmptyByteBufBE)
GET /session/8b9553929aca02049e9de1c414e10d21/screenshot HTTP/1.1
User-Agent: selenium/4.1.2 (java windows)
Cache-Control: no-cache
Content-Type: application/json; charset=utf-8
host: localhost:49743
accept: */*

Response DefaultHttpResponse(decodeResult: success, version: HTTP/1.1)
HTTP/1.1 200 OK
Content-Type: application/json; charset=utf-8
cache-control: no-cache
content-length: 55180

10:46:30.002 [AsyncHttpClient-1-6] DEBUG org.asynchttpclient.netty.channel.ChannelManager - Adding key: http://localhost:49743 for channel [id: 0xb669a8d1, L:/127.0.0.1:57731 - R:localhost/127.0.0.1:49743]
10:46:30.006 [main] DEBUG net.serenitybdd.core.photography.Darkroom - Send negative for processing for target\site\serenity\730dcb7eff1cae9c000daea574ecc187b0df689ac296d36ee8c61600c4094a47.png
10:46:30.007 [main] DEBUG net.thucydides.core.steps.StepInterceptor - STARTING STEP: PatientSteps.iInputPatientGenderAndClickSearch - clickSearchButton
10:46:30.007 [Darkroom Processing Line] DEBUG net.serenitybdd.core.photography.DarkroomProcessingLine - Processing screenshot image in /var/screenshots/screenshot-3657475567257619938
10:46:30.008 [Darkroom Processing Line] DEBUG net.serenitybdd.core.photography.DarkroomProcessingLine - Saving screenshot to target\site\serenity\730dcb7eff1cae9c000daea574ecc187b0df689ac296d36ee8c61600c4094a47.png
10:46:30.013 [Forwarding findElement on session 8b9553929aca02049e9de1c414e10d21 to remote] DEBUG org.asynchttpclient.netty.request.NettyRequestSender - Using pooled Channel '[id: 0xb669a8d1, L:/127.0.0.1:57731 - R:localhost/127.0.0.1:49743]' for 'POST' to 'http://localhost:49743/session/8b9553929aca02049e9de1c414e10d21/element'
10:46:30.013 [Forwarding findElement on session 8b9553929aca02049e9de1c414e10d21 to remote] DEBUG org.asynchttpclient.netty.request.NettyRequestSender - Using open Channel [id: 0xb669a8d1, L:/127.0.0.1:57731 - R:localhost/127.0.0.1:49743] for POST '/session/8b9553929aca02049e9de1c414e10d21/element'
10:46:30.034 [AsyncHttpClient-1-6] DEBUG org.asynchttpclient.netty.handler.HttpHandler - 

Request DefaultHttpRequest(decodeResult: success, version: HTTP/1.1)
POST /session/8b9553929aca02049e9de1c414e10d21/element HTTP/1.1
User-Agent: selenium/4.1.2 (java windows)
Content-Length: 161
Content-Type: application/json; charset=utf-8
host: localhost:49743
accept: */*

Response DefaultHttpResponse(decodeResult: success, version: HTTP/1.1)
HTTP/1.1 200 OK
Content-Type: application/json; charset=utf-8
cache-control: no-cache
content-length: 88

10:46:30.034 [AsyncHttpClient-1-6] DEBUG org.asynchttpclient.netty.channel.ChannelManager - Adding key: http://localhost:49743 for channel [id: 0xb669a8d1, L:/127.0.0.1:57731 - R:localhost/127.0.0.1:49743]
10:46:30.036 [Forwarding getElementTagName on session 8b9553929aca02049e9de1c414e10d21 to remote] DEBUG org.asynchttpclient.netty.request.NettyRequestSender - Using pooled Channel '[id: 0xb669a8d1, L:/127.0.0.1:57731 - R:localhost/127.0.0.1:49743]' for 'GET' to 'http://localhost:49743/session/8b9553929aca02049e9de1c414e10d21/element/9e0b9bb9-6667-420b-b832-9b04878e9a39/name'
10:46:30.036 [Forwarding getElementTagName on session 8b9553929aca02049e9de1c414e10d21 to remote] DEBUG org.asynchttpclient.netty.request.NettyRequestSender - Using open Channel [id: 0xb669a8d1, L:/127.0.0.1:57731 - R:localhost/127.0.0.1:49743] for GET '/session/8b9553929aca02049e9de1c414e10d21/element/9e0b9bb9-6667-420b-b832-9b04878e9a39/name'
10:46:30.043 [AsyncHttpClient-1-6] DEBUG org.asynchttpclient.netty.handler.HttpHandler - 

Request DefaultFullHttpRequest(decodeResult: success, version: HTTP/1.1, content: EmptyByteBufBE)
GET /session/8b9553929aca02049e9de1c414e10d21/element/9e0b9bb9-6667-420b-b832-9b04878e9a39/name HTTP/1.1
User-Agent: selenium/4.1.2 (java windows)
Cache-Control: no-cache
Content-Type: application/json; charset=utf-8
host: localhost:49743
accept: */*

Response DefaultHttpResponse(decodeResult: success, version: HTTP/1.1)
HTTP/1.1 200 OK
Content-Type: application/json; charset=utf-8
cache-control: no-cache
content-length: 18

10:46:30.043 [AsyncHttpClient-1-6] DEBUG org.asynchttpclient.netty.channel.ChannelManager - Adding key: http://localhost:49743 for channel [id: 0xb669a8d1, L:/127.0.0.1:57731 - R:localhost/127.0.0.1:49743]
10:46:30.044 [Forwarding getElementTagName on session 8b9553929aca02049e9de1c414e10d21 to remote] DEBUG org.asynchttpclient.netty.request.NettyRequestSender - Using pooled Channel '[id: 0xb669a8d1, L:/127.0.0.1:57731 - R:localhost/127.0.0.1:49743]' for 'GET' to 'http://localhost:49743/session/8b9553929aca02049e9de1c414e10d21/element/9e0b9bb9-6667-420b-b832-9b04878e9a39/name'
10:46:30.045 [Forwarding getElementTagName on session 8b9553929aca02049e9de1c414e10d21 to remote] DEBUG org.asynchttpclient.netty.request.NettyRequestSender - Using open Channel [id: 0xb669a8d1, L:/127.0.0.1:57731 - R:localhost/127.0.0.1:49743] for GET '/session/8b9553929aca02049e9de1c414e10d21/element/9e0b9bb9-6667-420b-b832-9b04878e9a39/name'
10:46:30.050 [AsyncHttpClient-1-6] DEBUG org.asynchttpclient.netty.handler.HttpHandler - 

Request DefaultFullHttpRequest(decodeResult: success, version: HTTP/1.1, content: EmptyByteBufBE)
GET /session/8b9553929aca02049e9de1c414e10d21/element/9e0b9bb9-6667-420b-b832-9b04878e9a39/name HTTP/1.1
User-Agent: selenium/4.1.2 (java windows)
Cache-Control: no-cache
Content-Type: application/json; charset=utf-8
host: localhost:49743
accept: */*

Response DefaultHttpResponse(decodeResult: success, version: HTTP/1.1)
HTTP/1.1 200 OK
Content-Type: application/json; charset=utf-8
cache-control: no-cache
content-length: 18

10:46:30.050 [AsyncHttpClient-1-6] DEBUG org.asynchttpclient.netty.channel.ChannelManager - Adding key: http://localhost:49743 for channel [id: 0xb669a8d1, L:/127.0.0.1:57731 - R:localhost/127.0.0.1:49743]
10:46:30.054 [Forwarding isElementEnabled on session 8b9553929aca02049e9de1c414e10d21 to remote] DEBUG org.asynchttpclient.netty.request.NettyRequestSender - Using pooled Channel '[id: 0xb669a8d1, L:/127.0.0.1:57731 - R:localhost/127.0.0.1:49743]' for 'GET' to 'http://localhost:49743/session/8b9553929aca02049e9de1c414e10d21/element/9e0b9bb9-6667-420b-b832-9b04878e9a39/enabled'
10:46:30.055 [Forwarding isElementEnabled on session 8b9553929aca02049e9de1c414e10d21 to remote] DEBUG org.asynchttpclient.netty.request.NettyRequestSender - Using open Channel [id: 0xb669a8d1, L:/127.0.0.1:57731 - R:localhost/127.0.0.1:49743] for GET '/session/8b9553929aca02049e9de1c414e10d21/element/9e0b9bb9-6667-420b-b832-9b04878e9a39/enabled'
10:46:30.068 [AsyncHttpClient-1-6] DEBUG org.asynchttpclient.netty.handler.HttpHandler - 

Request DefaultFullHttpRequest(decodeResult: success, version: HTTP/1.1, content: EmptyByteBufBE)
GET /session/8b9553929aca02049e9de1c414e10d21/element/9e0b9bb9-6667-420b-b832-9b04878e9a39/enabled HTTP/1.1
User-Agent: selenium/4.1.2 (java windows)
Cache-Control: no-cache
Content-Type: application/json; charset=utf-8
host: localhost:49743
accept: */*

Response DefaultHttpResponse(decodeResult: success, version: HTTP/1.1)
HTTP/1.1 200 OK
Content-Type: application/json; charset=utf-8
cache-control: no-cache
content-length: 14

10:46:30.069 [AsyncHttpClient-1-6] DEBUG org.asynchttpclient.netty.channel.ChannelManager - Adding key: http://localhost:49743 for channel [id: 0xb669a8d1, L:/127.0.0.1:57731 - R:localhost/127.0.0.1:49743]
10:46:30.071 [Forwarding isElementEnabled on session 8b9553929aca02049e9de1c414e10d21 to remote] DEBUG org.asynchttpclient.netty.request.NettyRequestSender - Using pooled Channel '[id: 0xb669a8d1, L:/127.0.0.1:57731 - R:localhost/127.0.0.1:49743]' for 'GET' to 'http://localhost:49743/session/8b9553929aca02049e9de1c414e10d21/element/9e0b9bb9-6667-420b-b832-9b04878e9a39/enabled'
10:46:30.071 [Forwarding isElementEnabled on session 8b9553929aca02049e9de1c414e10d21 to remote] DEBUG org.asynchttpclient.netty.request.NettyRequestSender - Using open Channel [id: 0xb669a8d1, L:/127.0.0.1:57731 - R:localhost/127.0.0.1:49743] for GET '/session/8b9553929aca02049e9de1c414e10d21/element/9e0b9bb9-6667-420b-b832-9b04878e9a39/enabled'
10:46:30.079 [AsyncHttpClient-1-6] DEBUG org.asynchttpclient.netty.handler.HttpHandler - 

Request DefaultFullHttpRequest(decodeResult: success, version: HTTP/1.1, content: EmptyByteBufBE)
GET /session/8b9553929aca02049e9de1c414e10d21/element/9e0b9bb9-6667-420b-b832-9b04878e9a39/enabled HTTP/1.1
User-Agent: selenium/4.1.2 (java windows)
Cache-Control: no-cache
Content-Type: application/json; charset=utf-8
host: localhost:49743
accept: */*

Response DefaultHttpResponse(decodeResult: success, version: HTTP/1.1)
HTTP/1.1 200 OK
Content-Type: application/json; charset=utf-8
cache-control: no-cache
content-length: 14

10:46:30.079 [AsyncHttpClient-1-6] DEBUG org.asynchttpclient.netty.channel.ChannelManager - Adding key: http://localhost:49743 for channel [id: 0xb669a8d1, L:/127.0.0.1:57731 - R:localhost/127.0.0.1:49743]
10:46:30.082 [Forwarding findElement on session 8b9553929aca02049e9de1c414e10d21 to remote] DEBUG org.asynchttpclient.netty.request.NettyRequestSender - Using pooled Channel '[id: 0xb669a8d1, L:/127.0.0.1:57731 - R:localhost/127.0.0.1:49743]' for 'POST' to 'http://localhost:49743/session/8b9553929aca02049e9de1c414e10d21/element'
10:46:30.082 [Forwarding findElement on session 8b9553929aca02049e9de1c414e10d21 to remote] DEBUG org.asynchttpclient.netty.request.NettyRequestSender - Using open Channel [id: 0xb669a8d1, L:/127.0.0.1:57731 - R:localhost/127.0.0.1:49743] for POST '/session/8b9553929aca02049e9de1c414e10d21/element'
10:46:30.093 [AsyncHttpClient-1-6] DEBUG org.asynchttpclient.netty.handler.HttpHandler - 

Request DefaultHttpRequest(decodeResult: success, version: HTTP/1.1)
POST /session/8b9553929aca02049e9de1c414e10d21/element HTTP/1.1
User-Agent: selenium/4.1.2 (java windows)
Content-Length: 161
Content-Type: application/json; charset=utf-8
host: localhost:49743
accept: */*

Response DefaultHttpResponse(decodeResult: success, version: HTTP/1.1)
HTTP/1.1 200 OK
Content-Type: application/json; charset=utf-8
cache-control: no-cache
content-length: 88

10:46:30.093 [AsyncHttpClient-1-6] DEBUG org.asynchttpclient.netty.channel.ChannelManager - Adding key: http://localhost:49743 for channel [id: 0xb669a8d1, L:/127.0.0.1:57731 - R:localhost/127.0.0.1:49743]
10:46:30.094 [Forwarding clickElement on session 8b9553929aca02049e9de1c414e10d21 to remote] DEBUG org.asynchttpclient.netty.request.NettyRequestSender - Using pooled Channel '[id: 0xb669a8d1, L:/127.0.0.1:57731 - R:localhost/127.0.0.1:49743]' for 'POST' to 'http://localhost:49743/session/8b9553929aca02049e9de1c414e10d21/element/9e0b9bb9-6667-420b-b832-9b04878e9a39/click'
10:46:30.094 [Forwarding clickElement on session 8b9553929aca02049e9de1c414e10d21 to remote] DEBUG org.asynchttpclient.netty.request.NettyRequestSender - Using open Channel [id: 0xb669a8d1, L:/127.0.0.1:57731 - R:localhost/127.0.0.1:49743] for POST '/session/8b9553929aca02049e9de1c414e10d21/element/9e0b9bb9-6667-420b-b832-9b04878e9a39/click'
10:46:30.251 [AsyncHttpClient-1-6] DEBUG org.asynchttpclient.netty.handler.HttpHandler - 

Request DefaultHttpRequest(decodeResult: success, version: HTTP/1.1)
POST /session/8b9553929aca02049e9de1c414e10d21/element/9e0b9bb9-6667-420b-b832-9b04878e9a39/click HTTP/1.1
User-Agent: selenium/4.1.2 (java windows)
Content-Length: 50
Content-Type: application/json; charset=utf-8
host: localhost:49743
accept: */*

Response DefaultHttpResponse(decodeResult: success, version: HTTP/1.1)
HTTP/1.1 200 OK
Content-Type: application/json; charset=utf-8
cache-control: no-cache
content-length: 14

10:46:30.251 [AsyncHttpClient-1-6] DEBUG org.asynchttpclient.netty.channel.ChannelManager - Adding key: http://localhost:49743 for channel [id: 0xb669a8d1, L:/127.0.0.1:57731 - R:localhost/127.0.0.1:49743]
10:46:30.263 [Forwarding screenshot on session 8b9553929aca02049e9de1c414e10d21 to remote] DEBUG org.asynchttpclient.netty.request.NettyRequestSender - Using pooled Channel '[id: 0xb669a8d1, L:/127.0.0.1:57731 - R:localhost/127.0.0.1:49743]' for 'GET' to 'http://localhost:49743/session/8b9553929aca02049e9de1c414e10d21/screenshot'
10:46:30.263 [Forwarding screenshot on session 8b9553929aca02049e9de1c414e10d21 to remote] DEBUG org.asynchttpclient.netty.request.NettyRequestSender - Using open Channel [id: 0xb669a8d1, L:/127.0.0.1:57731 - R:localhost/127.0.0.1:49743] for GET '/session/8b9553929aca02049e9de1c414e10d21/screenshot'
10:46:30.364 [AsyncHttpClient-1-1] DEBUG org.asynchttpclient.netty.channel.DefaultChannelPool - Entry count for : http://localhost:57732 : 1
10:46:30.474 [AsyncHttpClient-1-6] DEBUG org.asynchttpclient.netty.handler.HttpHandler - 

Request DefaultFullHttpRequest(decodeResult: success, version: HTTP/1.1, content: EmptyByteBufBE)
GET /session/8b9553929aca02049e9de1c414e10d21/screenshot HTTP/1.1
User-Agent: selenium/4.1.2 (java windows)
Cache-Control: no-cache
Content-Type: application/json; charset=utf-8
host: localhost:49743
accept: */*

Response DefaultHttpResponse(decodeResult: success, version: HTTP/1.1)
HTTP/1.1 200 OK
Content-Type: application/json; charset=utf-8
cache-control: no-cache
content-length: 72744

10:46:30.474 [AsyncHttpClient-1-6] DEBUG org.asynchttpclient.netty.channel.ChannelManager - Adding key: http://localhost:49743 for channel [id: 0xb669a8d1, L:/127.0.0.1:57731 - R:localhost/127.0.0.1:49743]
10:46:30.480 [main] DEBUG net.serenitybdd.core.photography.Darkroom - Send negative for processing for target\site\serenity\9b2028112196e62a28dbefda12c21b2640b85e229a2b02996999c18b3c1b33fc.png
10:46:30.480 [main] DEBUG net.thucydides.core.steps.StepInterceptor - STEP DONE: clickSearchButton
  &amp#27;[32mWhen &amp#27;[0m&amp#27;[32mI input patient gender and click search&amp#27;[0m            &amp#27;[90m# starter.stepdefinitions.PatientSteps.iInputPatientGenderAndClickSearch()&amp#27;[0m
10:46:30.480 [Darkroom Processing Line] DEBUG net.serenitybdd.core.photography.DarkroomProcessingLine - Processing screenshot image in /var/screenshots/screenshot-15599424056600146818
10:46:30.481 [Darkroom Processing Line] DEBUG net.serenitybdd.core.photography.DarkroomProcessingLine - Saving screenshot to target\site\serenity\9b2028112196e62a28dbefda12c21b2640b85e229a2b02996999c18b3c1b33fc.png
10:46:30.502 [Forwarding findElement on session 8b9553929aca02049e9de1c414e10d21 to remote] DEBUG org.asynchttpclient.netty.request.NettyRequestSender - Using pooled Channel '[id: 0xb669a8d1, L:/127.0.0.1:57731 - R:localhost/127.0.0.1:49743]' for 'POST' to 'http://localhost:49743/session/8b9553929aca02049e9de1c414e10d21/element'
10:46:30.502 [Forwarding findElement on session 8b9553929aca02049e9de1c414e10d21 to remote] DEBUG org.asynchttpclient.netty.request.NettyRequestSender - Using open Channel [id: 0xb669a8d1, L:/127.0.0.1:57731 - R:localhost/127.0.0.1:49743] for POST '/session/8b9553929aca02049e9de1c414e10d21/element'
10:46:30.525 [AsyncHttpClient-1-6] DEBUG org.asynchttpclient.netty.handler.HttpHandler - 

Request DefaultHttpRequest(decodeResult: success, version: HTTP/1.1)
POST /session/8b9553929aca02049e9de1c414e10d21/element HTTP/1.1
User-Agent: selenium/4.1.2 (java windows)
Content-Length: 76
Content-Type: application/json; charset=utf-8
host: localhost:49743
accept: */*

Response DefaultHttpResponse(decodeResult: success, version: HTTP/1.1)
HTTP/1.1 200 OK
Content-Type: application/json; charset=utf-8
cache-control: no-cache
content-length: 88

10:46:30.525 [AsyncHttpClient-1-6] DEBUG org.asynchttpclient.netty.channel.ChannelManager - Adding key: http://localhost:49743 for channel [id: 0xb669a8d1, L:/127.0.0.1:57731 - R:localhost/127.0.0.1:49743]
10:46:30.532 [Forwarding isElementDisplayed on session 8b9553929aca02049e9de1c414e10d21 to remote] DEBUG org.asynchttpclient.netty.request.NettyRequestSender - Using pooled Channel '[id: 0xb669a8d1, L:/127.0.0.1:57731 - R:localhost/127.0.0.1:49743]' for 'POST' to 'http://localhost:49743/session/8b9553929aca02049e9de1c414e10d21/execute/sync'
10:46:30.532 [Forwarding isElementDisplayed on session 8b9553929aca02049e9de1c414e10d21 to remote] DEBUG org.asynchttpclient.netty.request.NettyRequestSender - Using open Channel [id: 0xb669a8d1, L:/127.0.0.1:57731 - R:localhost/127.0.0.1:49743] for POST '/session/8b9553929aca02049e9de1c414e10d21/execute/sync'
10:46:30.566 [AsyncHttpClient-1-6] DEBUG org.asynchttpclient.netty.handler.HttpHandler - 

Request DefaultHttpRequest(decodeResult: success, version: HTTP/1.1)
POST /session/8b9553929aca02049e9de1c414e10d21/execute/sync HTTP/1.1
User-Agent: selenium/4.1.2 (java windows)
Content-Length: 48780
Content-Type: application/json; charset=utf-8
host: localhost:49743
accept: */*

Response DefaultHttpResponse(decodeResult: success, version: HTTP/1.1)
HTTP/1.1 200 OK
Content-Type: application/json; charset=utf-8
cache-control: no-cache
content-length: 14

10:46:30.567 [AsyncHttpClient-1-6] DEBUG org.asynchttpclient.netty.channel.ChannelManager - Adding key: http://localhost:49743 for channel [id: 0xb669a8d1, L:/127.0.0.1:57731 - R:localhost/127.0.0.1:49743]
  &amp#27;[32mThen &amp#27;[0m&amp#27;[32mI validate search by patient gender&amp#27;[0m                &amp#27;[90m# starter.stepdefinitions.PatientSteps.iValidateSearchByPatientGender()&amp#27;[0m
10:46:30.576 [Forwarding screenshot on session 8b9553929aca02049e9de1c414e10d21 to remote] DEBUG org.asynchttpclient.netty.request.NettyRequestSender - Using pooled Channel '[id: 0xb669a8d1, L:/127.0.0.1:57731 - R:localhost/127.0.0.1:49743]' for 'GET' to 'http://localhost:49743/session/8b9553929aca02049e9de1c414e10d21/screenshot'
10:46:30.576 [Forwarding screenshot on session 8b9553929aca02049e9de1c414e10d21 to remote] DEBUG org.asynchttpclient.netty.request.NettyRequestSender - Using open Channel [id: 0xb669a8d1, L:/127.0.0.1:57731 - R:localhost/127.0.0.1:49743] for GET '/session/8b9553929aca02049e9de1c414e10d21/screenshot'
10:46:30.739 [AsyncHttpClient-1-6] DEBUG org.asynchttpclient.netty.handler.HttpHandler - 

Request DefaultFullHttpRequest(decodeResult: success, version: HTTP/1.1, content: EmptyByteBufBE)
GET /session/8b9553929aca02049e9de1c414e10d21/screenshot HTTP/1.1
User-Agent: selenium/4.1.2 (java windows)
Cache-Control: no-cache
Content-Type: application/json; charset=utf-8
host: localhost:49743
accept: */*

Response DefaultHttpResponse(decodeResult: success, version: HTTP/1.1)
HTTP/1.1 200 OK
Content-Type: application/json; charset=utf-8
cache-control: no-cache
content-length: 76060

10:46:30.740 [AsyncHttpClient-1-6] DEBUG org.asynchttpclient.netty.channel.ChannelManager - Adding key: http://localhost:49743 for channel [id: 0xb669a8d1, L:/127.0.0.1:57731 - R:localhost/127.0.0.1:49743]
10:46:30.746 [main] DEBUG net.serenitybdd.core.photography.Darkroom - Send negative for processing for target\site\serenity\f49df541920aa1c638701cfd3ec5c7ee5093f9333ab6a54f81b564f16bd87128.png
10:46:30.746 [Darkroom Processing Line] DEBUG net.serenitybdd.core.photography.DarkroomProcessingLine - Processing screenshot image in /var/screenshots/screenshot-3450666789037032623
10:46:30.747 [Darkroom Processing Line] DEBUG net.serenitybdd.core.photography.DarkroomProcessingLine - Saving screenshot to target\site\serenity\f49df541920aa1c638701cfd3ec5c7ee5093f9333ab6a54f81b564f16bd87128.png
10:46:30.748 [main] INFO  - 
  _____   ___   ___   _____     ___     _     ___   ___   ___   ___  
 |_   _| | __| / __| |_   _|   | _ \   /_\   / __| / __| | __| |   \ 
   | |   | _|  \__ \   | |     |  _/  / _ \  \__ \ \__ \ | _|  | |) |
   |_|   |___| |___/   |_|     |_|   /_/ \_\ |___/ |___/ |___| |___/ 

Search Patient Based on Patient Gender Scenario
----------------------------------------------------------------------
10:46:30.750 [AsyncHttpClient-1-8] DEBUG org.asynchttpclient.netty.handler.WebSocketHandler - Channel Closed: [id: 0x42dc27fe, L:/127.0.0.1:57739 ! R:localhost/127.0.0.1:57732] with attribute NettyResponseFuture{currentRetry=5,
	isDone=1,
	isCancelled=0,
	asyncHandler=org.asynchttpclient.ws.WebSocketUpgradeHandler@3038fb95,
	nettyRequest=org.asynchttpclient.netty.request.NettyRequest@ab22e5c,
	future=java.util.concurrent.CompletableFuture@7390118e[Completed normally],
	uri=ws://localhost:57732/devtools/browser/7989009b-9227-41c2-aa5f-35e1090c8790,
	keepAlive=true,
	redirectCount=0,
	timeoutsHolder=null,
	inAuth=0,
	touch=1655783185774}
10:46:30.750 [AsyncHttpClient-1-8] DEBUG org.asynchttpclient.netty.channel.ChannelManager - Closing Channel [id: 0x42dc27fe, L:/127.0.0.1:57739 ! R:localhost/127.0.0.1:57732] 
10:46:30.751 [Driver Command Executor] DEBUG org.asynchttpclient.netty.request.NettyRequestSender - Using pooled Channel '[id: 0xb669a8d1, L:/127.0.0.1:57731 - R:localhost/127.0.0.1:49743]' for 'DELETE' to 'http://localhost:49743/session/8b9553929aca02049e9de1c414e10d21'
10:46:30.752 [Driver Command Executor] DEBUG org.asynchttpclient.netty.request.NettyRequestSender - Using open Channel [id: 0xb669a8d1, L:/127.0.0.1:57731 - R:localhost/127.0.0.1:49743] for DELETE '/session/8b9553929aca02049e9de1c414e10d21'
10:46:30.842 [AsyncHttpClient-1-7] DEBUG org.asynchttpclient.netty.handler.HttpHandler - Unexpected I/O exception on channel [id: 0x46091f68, L:/127.0.0.1:57738 - R:localhost/127.0.0.1:57732]
java.net.SocketException: Connection reset
	at java.base/sun.nio.ch.SocketChannelImpl.throwConnectionReset(SocketChannelImpl.java:367)
	at java.base/sun.nio.ch.SocketChannelImpl.read(SocketChannelImpl.java:398)
	at io.netty.buffer.PooledByteBuf.setBytes(PooledByteBuf.java:258)
	at io.netty.buffer.AbstractByteBuf.writeBytes(AbstractByteBuf.java:1132)
	at io.netty.channel.socket.nio.NioSocketChannel.doReadBytes(NioSocketChannel.java:350)
	at io.netty.channel.nio.AbstractNioByteChannel$NioByteUnsafe.read(AbstractNioByteChannel.java:151)
	at io.netty.channel.nio.NioEventLoop.processSelectedKey(NioEventLoop.java:722)
	at io.netty.channel.nio.NioEventLoop.processSelectedKeysOptimized(NioEventLoop.java:658)
	at io.netty.channel.nio.NioEventLoop.processSelectedKeys(NioEventLoop.java:584)
	at io.netty.channel.nio.NioEventLoop.run(NioEventLoop.java:496)
	at io.netty.util.concurrent.SingleThreadEventExecutor$4.run(SingleThreadEventExecutor.java:986)
	at io.netty.util.internal.ThreadExecutorMap$2.run(ThreadExecutorMap.java:74)
	at io.netty.util.concurrent.FastThreadLocalRunnable.run(FastThreadLocalRunnable.java:30)
	at java.base/java.lang.Thread.run(Thread.java:832)
10:46:30.843 [AsyncHttpClient-1-7] DEBUG org.asynchttpclient.netty.channel.ChannelManager - Closing Channel [id: 0x46091f68, L:/127.0.0.1:57738 - R:localhost/127.0.0.1:57732] 
10:46:30.843 [AsyncHttpClient-1-7] DEBUG org.asynchttpclient.netty.handler.HttpHandler - Channel Closed: [id: 0x46091f68, L:/127.0.0.1:57738 ! R:localhost/127.0.0.1:57732] with attribute DISCARD
10:46:30.862 [AsyncHttpClient-1-6] DEBUG org.asynchttpclient.netty.handler.HttpHandler - 

Request DefaultFullHttpRequest(decodeResult: success, version: HTTP/1.1, content: EmptyByteBufBE)
DELETE /session/8b9553929aca02049e9de1c414e10d21 HTTP/1.1
User-Agent: selenium/4.1.2 (java windows)
Content-Type: application/json; charset=utf-8
host: localhost:49743
accept: */*

Response DefaultHttpResponse(decodeResult: success, version: HTTP/1.1)
HTTP/1.1 200 OK
Content-Type: application/json; charset=utf-8
cache-control: no-cache
content-length: 14

10:46:30.862 [AsyncHttpClient-1-6] DEBUG org.asynchttpclient.netty.channel.ChannelManager - Adding key: http://localhost:49743 for channel [id: 0xb669a8d1, L:/127.0.0.1:57731 - R:localhost/127.0.0.1:49743]
10:46:30.979 [AsyncHttpClient-1-6] DEBUG org.asynchttpclient.netty.handler.HttpHandler - Channel Closed: [id: 0xb669a8d1, L:/127.0.0.1:57731 ! R:localhost/127.0.0.1:49743] with attribute DISCARD
10:46:31.464 [AsyncHttpClient-1-1] DEBUG org.asynchttpclient.netty.channel.DefaultChannelPool - Entry count for : http://localhost:57732 : 1
10:46:31.464 [AsyncHttpClient-1-1] DEBUG org.asynchttpclient.netty.channel.DefaultChannelPool - Entry count for : http://localhost:49743 : 1
10:46:31.464 [AsyncHttpClient-1-1] DEBUG org.asynchttpclient.netty.channel.DefaultChannelPool - Adding Candidate expired Channel [id: 0x46091f68, L:/127.0.0.1:57738 ! R:localhost/127.0.0.1:57732] isIdleTimeoutExpired=false isRemotelyClosed=true isTtlExpired=false
10:46:31.464 [AsyncHttpClient-1-1] DEBUG org.asynchttpclient.netty.channel.DefaultChannelPool - Closing Idle Channel [id: 0x46091f68, L:/127.0.0.1:57738 ! R:localhost/127.0.0.1:57732]
10:46:31.464 [AsyncHttpClient-1-1] DEBUG org.asynchttpclient.netty.channel.DefaultChannelPool - Adding Candidate expired Channel [id: 0xb669a8d1, L:/127.0.0.1:57731 ! R:localhost/127.0.0.1:49743] isIdleTimeoutExpired=false isRemotelyClosed=true isTtlExpired=false
10:46:31.464 [AsyncHttpClient-1-1] DEBUG org.asynchttpclient.netty.channel.DefaultChannelPool - Closing Idle Channel [id: 0xb669a8d1, L:/127.0.0.1:57731 ! R:localhost/127.0.0.1:49743]
10:46:31.464 [AsyncHttpClient-1-1] DEBUG org.asynchttpclient.netty.channel.DefaultChannelPool - Closed 2 connections out of 2 in 0 ms
]]></system-out>
    <system-err><![CDATA[Starting ChromeDriver 102.0.5005.61 (0e59bcc00cc4985ce39ad31c150065f159d95ad3-refs/branch-heads/5005@{#819}) on port 49743
Only local connections are allowed.
Please see https://chromedriver.chromium.org/security-considerations for suggestions on keeping ChromeDriver safe.
ChromeDriver was started successfully.
Jun 21, 2022 10:46:25 AM org.openqa.selenium.remote.ProtocolHandshake createSession
INFO: Detected dialect: W3C
Jun 21, 2022 10:46:25 AM org.openqa.selenium.devtools.CdpVersionFinder findNearestMatch
WARNING: Unable to find an exact match for CDP version 102, so returning the closest version found: a no-op implementation
Jun 21, 2022 10:46:25 AM org.openqa.selenium.devtools.CdpVersionFinder findNearestMatch
INFO: Unable to find CDP implementation matching 102.
Jun 21, 2022 10:46:25 AM org.openqa.selenium.chromium.ChromiumDriver lambda$new$3
WARNING: Unable to find version of CDP to use for . You may need to include a dependency on a specific version of the CDP using something similar to `org.seleniumhq.selenium:selenium-devtools-v86:4.1.2` where the version ("v86") matches the version of the chromium-based browser you're using and the version number of the artifact is the same as Selenium's.
]]></system-err>
  </testcase>
  <testcase name="Search Patient Based on Patient Blood Type Scenario" classname="Patient" time="9.04">
    <system-out><![CDATA[
@Patient
Scenario: Search Patient Based on Patient Blood Type Scenario &amp#27;[90m# src/test/resources/features/2.Patient.feature:72&amp#27;[0m
10:46:31.505 [main] INFO io.cucumber.core.plugin.SerenityReporter - Running feature from file:///E:/My%20Documents/File%20Difa/TI%20Semester%206%20Kampus%20Merdeka%20Alterra/Tugas/CAPSTONE%20Project/Capstone-Project-Website/src/test/resources/features/2.Patient.feature
10:46:31.507 [main] INFO  - 
  _____   ___   ___   _____     ___   _____     _     ___   _____   ___   ___  
 |_   _| | __| / __| |_   _|   / __| |_   _|   /_\   | _ \ |_   _| | __| |   \ 
   | |   | _|  \__ \   | |     \__ \   | |    / _ \  |   /   | |   | _|  | |) |
   |_|   |___| |___/   |_|     |___/   |_|   /_/ \_\ |_|_\   |_|   |___| |___/ 

Search Patient Based on Patient Blood Type Scenario(patient;search-patient-based-on-patient-blood-type-scenario)
--------------------------------------------------------------------------------
10:46:31.524 [main] DEBUG net.thucydides.core.steps.StepInterceptor - STARTING STEP: PatientSteps.iAmAtTheDashboardPage - openUrl
10:46:31.526 [main] INFO net.serenitybdd.core.webdriver.driverproviders.ChromeDriverProvider - Using automatically driver download
10:46:32.012 [main] DEBUG io.github.bonigarcia.wdm.cache.ResolutionCache - Resolution chrome=102 in cache (valid until 11:37:46 21/06/2022 ICT)
10:46:32.020 [main] DEBUG io.github.bonigarcia.wdm.cache.ResolutionCache - Resolution chrome102=102.0.5005.61 in cache (valid until 09:22:16 22/06/2022 ICT)
10:46:32.022 [main] INFO io.github.bonigarcia.wdm.WebDriverManager - Using chromedriver 102.0.5005.61 (resolved driver for Chrome 102)
10:46:32.096 [main] DEBUG io.github.bonigarcia.wdm.WebDriverManager - Driver chromedriver 102.0.5005.61 found in cache
10:46:32.096 [main] INFO io.github.bonigarcia.wdm.WebDriverManager - Exporting webdriver.chrome.driver as C:\Users\USER\.cache\selenium\chromedriver\win32\102.0.5005.61\chromedriver.exe
10:46:32.379 [main] DEBUG net.serenitybdd.core.webdriver.driverproviders.ProvideNewDriver - Instantiating driver
10:46:32.379 [main] DEBUG net.serenitybdd.core.webdriver.driverproviders.ProvideNewDriver - Driver capabilities: Capabilities {acceptInsecureCerts: false, base.url: https://hospital-management..., browserName: chrome, chrome.driver: src/test/resources/webdrive..., driver: chrome, goog:chromeOptions: {args: [], extensions: []}}
10:46:32.987 [AsyncHttpClient-1-9] DEBUG org.asynchttpclient.netty.channel.NettyConnectListener - Using new Channel '[id: 0x5937cb8f, L:/127.0.0.1:57756 - R:localhost/127.0.0.1:64001]' for 'POST' to '/session'
10:46:34.584 [AsyncHttpClient-1-9] DEBUG org.asynchttpclient.netty.handler.HttpHandler - 

Request DefaultHttpRequest(decodeResult: success, version: HTTP/1.1)
POST /session HTTP/1.1
User-Agent: selenium/4.1.2 (java windows)
Content-Length: 621
Content-Type: application/json; charset=utf-8
host: localhost:64001
accept: */*

Response DefaultHttpResponse(decodeResult: success, version: HTTP/1.1)
HTTP/1.1 200 OK
Content-Type: application/json; charset=utf-8
cache-control: no-cache
content-length: 789

10:46:34.585 [AsyncHttpClient-1-9] DEBUG org.asynchttpclient.netty.channel.ChannelManager - Adding key: http://localhost:64001 for channel [id: 0x5937cb8f, L:/127.0.0.1:57756 - R:localhost/127.0.0.1:64001]
10:46:34.600 [AsyncHttpClient-1-2] DEBUG org.asynchttpclient.netty.channel.NettyConnectListener - Using new Channel '[id: 0x3908c827, L:/127.0.0.1:57762 - R:localhost/127.0.0.1:57757]' for 'GET' to '/json/version'
10:46:34.601 [AsyncHttpClient-1-2] DEBUG org.asynchttpclient.netty.handler.HttpHandler - 

Request DefaultFullHttpRequest(decodeResult: success, version: HTTP/1.1, content: EmptyByteBufBE)
GET /json/version HTTP/1.1
User-Agent: selenium/4.1.2 (java windows)
host: localhost:57757
accept: */*

Response DefaultHttpResponse(decodeResult: success, version: HTTP/1.1)
HTTP/1.1 200 OK
Content-Type: application/json; charset=UTF-8
content-length: 427

10:46:34.601 [AsyncHttpClient-1-2] DEBUG org.asynchttpclient.netty.channel.ChannelManager - Adding key: http://localhost:57757 for channel [id: 0x3908c827, L:/127.0.0.1:57762 - R:localhost/127.0.0.1:57757]
10:46:34.604 [AsyncHttpClient-1-3] DEBUG org.asynchttpclient.netty.channel.NettyConnectListener - Using new Channel '[id: 0x5a0f9c27, L:/127.0.0.1:57763 - R:localhost/127.0.0.1:57757]' for 'GET' to '/devtools/browser/ce434568-f286-4ce3-9274-d53b7b8eed40'
10:46:34.605 [AsyncHttpClient-1-3] DEBUG org.asynchttpclient.netty.handler.WebSocketHandler - 

Request DefaultFullHttpRequest(decodeResult: success, version: HTTP/1.1, content: EmptyByteBufBE)
GET /devtools/browser/ce434568-f286-4ce3-9274-d53b7b8eed40 HTTP/1.1
upgrade: websocket
connection: upgrade
sec-websocket-key: H3lFnDzW2KtTYoWl4tjckw==
sec-websocket-version: 13
origin: http://localhost:57757
host: localhost:57757
accept: */*
user-agent: AHC/2.1

Response DefaultHttpResponse(decodeResult: success, version: HTTP/1.1)
HTTP/1.1 101 WebSocket Protocol Handshake
Upgrade: WebSocket
Connection: Upgrade
Sec-WebSocket-Accept: 5D2lHGB50HaN91atShFDcr/lQeQ=

10:46:34.615 [Forwarding maximizeCurrentWindow on session d829b3352db33c44b4e8bd5986be5358 to remote] DEBUG org.asynchttpclient.netty.request.NettyRequestSender - Using pooled Channel '[id: 0x5937cb8f, L:/127.0.0.1:57756 - R:localhost/127.0.0.1:64001]' for 'POST' to 'http://localhost:64001/session/d829b3352db33c44b4e8bd5986be5358/window/maximize'
10:46:34.615 [Forwarding maximizeCurrentWindow on session d829b3352db33c44b4e8bd5986be5358 to remote] DEBUG org.asynchttpclient.netty.request.NettyRequestSender - Using open Channel [id: 0x5937cb8f, L:/127.0.0.1:57756 - R:localhost/127.0.0.1:64001] for POST '/session/d829b3352db33c44b4e8bd5986be5358/window/maximize'
10:46:34.763 [AsyncHttpClient-1-9] DEBUG org.asynchttpclient.netty.handler.HttpHandler - 

Request DefaultHttpRequest(decodeResult: success, version: HTTP/1.1)
POST /session/d829b3352db33c44b4e8bd5986be5358/window/maximize HTTP/1.1
User-Agent: selenium/4.1.2 (java windows)
Content-Length: 3
Content-Type: application/json; charset=utf-8
host: localhost:64001
accept: */*

Response DefaultHttpResponse(decodeResult: success, version: HTTP/1.1)
HTTP/1.1 200 OK
Content-Type: application/json; charset=utf-8
cache-control: no-cache
content-length: 51

10:46:34.763 [AsyncHttpClient-1-9] DEBUG org.asynchttpclient.netty.channel.ChannelManager - Adding key: http://localhost:64001 for channel [id: 0x5937cb8f, L:/127.0.0.1:57756 - R:localhost/127.0.0.1:64001]
10:46:34.765 [AsyncHttpClient-1-1] DEBUG org.asynchttpclient.netty.channel.DefaultChannelPool - Entry count for : http://localhost:57757 : 1
10:46:34.765 [AsyncHttpClient-1-1] DEBUG org.asynchttpclient.netty.channel.DefaultChannelPool - Entry count for : http://localhost:64001 : 1
10:46:34.766 [Forwarding get on session d829b3352db33c44b4e8bd5986be5358 to remote] DEBUG org.asynchttpclient.netty.request.NettyRequestSender - Using pooled Channel '[id: 0x5937cb8f, L:/127.0.0.1:57756 - R:localhost/127.0.0.1:64001]' for 'POST' to 'http://localhost:64001/session/d829b3352db33c44b4e8bd5986be5358/url'
10:46:34.766 [Forwarding get on session d829b3352db33c44b4e8bd5986be5358 to remote] DEBUG org.asynchttpclient.netty.request.NettyRequestSender - Using open Channel [id: 0x5937cb8f, L:/127.0.0.1:57756 - R:localhost/127.0.0.1:64001] for POST '/session/d829b3352db33c44b4e8bd5986be5358/url'
10:46:35.864 [AsyncHttpClient-1-1] DEBUG org.asynchttpclient.netty.channel.DefaultChannelPool - Entry count for : http://localhost:57757 : 1
10:46:36.971 [AsyncHttpClient-1-1] DEBUG org.asynchttpclient.netty.channel.DefaultChannelPool - Entry count for : http://localhost:57757 : 1
10:46:37.373 [AsyncHttpClient-1-9] DEBUG org.asynchttpclient.netty.handler.HttpHandler - 

Request DefaultHttpRequest(decodeResult: success, version: HTTP/1.1)
POST /session/d829b3352db33c44b4e8bd5986be5358/url HTTP/1.1
User-Agent: selenium/4.1.2 (java windows)
Content-Length: 65
Content-Type: application/json; charset=utf-8
host: localhost:64001
accept: */*

Response DefaultHttpResponse(decodeResult: success, version: HTTP/1.1)
HTTP/1.1 200 OK
Content-Type: application/json; charset=utf-8
cache-control: no-cache
content-length: 14

10:46:37.373 [AsyncHttpClient-1-9] DEBUG org.asynchttpclient.netty.channel.ChannelManager - Adding key: http://localhost:64001 for channel [id: 0x5937cb8f, L:/127.0.0.1:57756 - R:localhost/127.0.0.1:64001]
10:46:37.375 [Forwarding setTimeout on session d829b3352db33c44b4e8bd5986be5358 to remote] DEBUG org.asynchttpclient.netty.request.NettyRequestSender - Using pooled Channel '[id: 0x5937cb8f, L:/127.0.0.1:57756 - R:localhost/127.0.0.1:64001]' for 'POST' to 'http://localhost:64001/session/d829b3352db33c44b4e8bd5986be5358/timeouts'
10:46:37.375 [Forwarding setTimeout on session d829b3352db33c44b4e8bd5986be5358 to remote] DEBUG org.asynchttpclient.netty.request.NettyRequestSender - Using open Channel [id: 0x5937cb8f, L:/127.0.0.1:57756 - R:localhost/127.0.0.1:64001] for POST '/session/d829b3352db33c44b4e8bd5986be5358/timeouts'
10:46:37.376 [AsyncHttpClient-1-9] DEBUG org.asynchttpclient.netty.handler.HttpHandler - 

Request DefaultHttpRequest(decodeResult: success, version: HTTP/1.1)
POST /session/d829b3352db33c44b4e8bd5986be5358/timeouts HTTP/1.1
User-Agent: selenium/4.1.2 (java windows)
Content-Length: 22
Content-Type: application/json; charset=utf-8
host: localhost:64001
accept: */*

Response DefaultHttpResponse(decodeResult: success, version: HTTP/1.1)
HTTP/1.1 200 OK
Content-Type: application/json; charset=utf-8
cache-control: no-cache
content-length: 14

10:46:37.376 [AsyncHttpClient-1-9] DEBUG org.asynchttpclient.netty.channel.ChannelManager - Adding key: http://localhost:64001 for channel [id: 0x5937cb8f, L:/127.0.0.1:57756 - R:localhost/127.0.0.1:64001]
10:46:37.382 [Forwarding getCurrentUrl on session d829b3352db33c44b4e8bd5986be5358 to remote] DEBUG org.asynchttpclient.netty.request.NettyRequestSender - Using pooled Channel '[id: 0x5937cb8f, L:/127.0.0.1:57756 - R:localhost/127.0.0.1:64001]' for 'GET' to 'http://localhost:64001/session/d829b3352db33c44b4e8bd5986be5358/url'
10:46:37.382 [Forwarding getCurrentUrl on session d829b3352db33c44b4e8bd5986be5358 to remote] DEBUG org.asynchttpclient.netty.request.NettyRequestSender - Using open Channel [id: 0x5937cb8f, L:/127.0.0.1:57756 - R:localhost/127.0.0.1:64001] for GET '/session/d829b3352db33c44b4e8bd5986be5358/url'
10:46:37.461 [AsyncHttpClient-1-9] DEBUG org.asynchttpclient.netty.handler.HttpHandler - 

Request DefaultFullHttpRequest(decodeResult: success, version: HTTP/1.1, content: EmptyByteBufBE)
GET /session/d829b3352db33c44b4e8bd5986be5358/url HTTP/1.1
User-Agent: selenium/4.1.2 (java windows)
Cache-Control: no-cache
Content-Type: application/json; charset=utf-8
host: localhost:64001
accept: */*

Response DefaultHttpResponse(decodeResult: success, version: HTTP/1.1)
HTTP/1.1 200 OK
Content-Type: application/json; charset=utf-8
cache-control: no-cache
content-length: 53

10:46:37.461 [AsyncHttpClient-1-9] DEBUG org.asynchttpclient.netty.channel.ChannelManager - Adding key: http://localhost:64001 for channel [id: 0x5937cb8f, L:/127.0.0.1:57756 - R:localhost/127.0.0.1:64001]
10:46:37.467 [Forwarding getCurrentUrl on session d829b3352db33c44b4e8bd5986be5358 to remote] DEBUG org.asynchttpclient.netty.request.NettyRequestSender - Using pooled Channel '[id: 0x5937cb8f, L:/127.0.0.1:57756 - R:localhost/127.0.0.1:64001]' for 'GET' to 'http://localhost:64001/session/d829b3352db33c44b4e8bd5986be5358/url'
10:46:37.467 [Forwarding getCurrentUrl on session d829b3352db33c44b4e8bd5986be5358 to remote] DEBUG org.asynchttpclient.netty.request.NettyRequestSender - Using open Channel [id: 0x5937cb8f, L:/127.0.0.1:57756 - R:localhost/127.0.0.1:64001] for GET '/session/d829b3352db33c44b4e8bd5986be5358/url'
10:46:37.474 [AsyncHttpClient-1-9] DEBUG org.asynchttpclient.netty.handler.HttpHandler - 

Request DefaultFullHttpRequest(decodeResult: success, version: HTTP/1.1, content: EmptyByteBufBE)
GET /session/d829b3352db33c44b4e8bd5986be5358/url HTTP/1.1
User-Agent: selenium/4.1.2 (java windows)
Cache-Control: no-cache
Content-Type: application/json; charset=utf-8
host: localhost:64001
accept: */*

Response DefaultHttpResponse(decodeResult: success, version: HTTP/1.1)
HTTP/1.1 200 OK
Content-Type: application/json; charset=utf-8
cache-control: no-cache
content-length: 53

10:46:37.474 [AsyncHttpClient-1-9] DEBUG org.asynchttpclient.netty.channel.ChannelManager - Adding key: http://localhost:64001 for channel [id: 0x5937cb8f, L:/127.0.0.1:57756 - R:localhost/127.0.0.1:64001]
10:46:37.486 [Forwarding screenshot on session d829b3352db33c44b4e8bd5986be5358 to remote] DEBUG org.asynchttpclient.netty.request.NettyRequestSender - Using pooled Channel '[id: 0x5937cb8f, L:/127.0.0.1:57756 - R:localhost/127.0.0.1:64001]' for 'GET' to 'http://localhost:64001/session/d829b3352db33c44b4e8bd5986be5358/screenshot'
10:46:37.486 [Forwarding screenshot on session d829b3352db33c44b4e8bd5986be5358 to remote] DEBUG org.asynchttpclient.netty.request.NettyRequestSender - Using open Channel [id: 0x5937cb8f, L:/127.0.0.1:57756 - R:localhost/127.0.0.1:64001] for GET '/session/d829b3352db33c44b4e8bd5986be5358/screenshot'
10:46:37.737 [AsyncHttpClient-1-9] DEBUG org.asynchttpclient.netty.handler.HttpHandler - 

Request DefaultFullHttpRequest(decodeResult: success, version: HTTP/1.1, content: EmptyByteBufBE)
GET /session/d829b3352db33c44b4e8bd5986be5358/screenshot HTTP/1.1
User-Agent: selenium/4.1.2 (java windows)
Cache-Control: no-cache
Content-Type: application/json; charset=utf-8
host: localhost:64001
accept: */*

Response DefaultHttpResponse(decodeResult: success, version: HTTP/1.1)
HTTP/1.1 200 OK
Content-Type: application/json; charset=utf-8
cache-control: no-cache
content-length: 208580

10:46:37.740 [AsyncHttpClient-1-9] DEBUG org.asynchttpclient.netty.channel.ChannelManager - Adding key: http://localhost:64001 for channel [id: 0x5937cb8f, L:/127.0.0.1:57756 - R:localhost/127.0.0.1:64001]
10:46:37.754 [main] DEBUG net.serenitybdd.core.photography.Darkroom - Send negative for processing for target\site\serenity\b672dfcb8d4e044509d128385bd98ff9aaee5a79ccf55ca25a325219a02353cf.png
10:46:37.754 [main] DEBUG net.thucydides.core.steps.StepInterceptor - STEP DONE: openUrl
10:46:37.754 [Darkroom Processing Line] DEBUG net.serenitybdd.core.photography.DarkroomProcessingLine - Processing screenshot image in /var/screenshots/screenshot-2097736457196041325
10:46:37.754 [Darkroom Processing Line] DEBUG net.serenitybdd.core.photography.DarkroomProcessingLine - Saving screenshot to target\site\serenity\b672dfcb8d4e044509d128385bd98ff9aaee5a79ccf55ca25a325219a02353cf.png
10:46:37.765 [main] DEBUG net.thucydides.core.steps.StepInterceptor - STARTING STEP: PatientSteps.iAmAtTheDashboardPage - validateOnDashboardPage
10:46:37.769 [Forwarding findElement on session d829b3352db33c44b4e8bd5986be5358 to remote] DEBUG org.asynchttpclient.netty.request.NettyRequestSender - Using pooled Channel '[id: 0x5937cb8f, L:/127.0.0.1:57756 - R:localhost/127.0.0.1:64001]' for 'POST' to 'http://localhost:64001/session/d829b3352db33c44b4e8bd5986be5358/element'
10:46:37.769 [Forwarding findElement on session d829b3352db33c44b4e8bd5986be5358 to remote] DEBUG org.asynchttpclient.netty.request.NettyRequestSender - Using open Channel [id: 0x5937cb8f, L:/127.0.0.1:57756 - R:localhost/127.0.0.1:64001] for POST '/session/d829b3352db33c44b4e8bd5986be5358/element'
10:46:37.792 [AsyncHttpClient-1-9] DEBUG org.asynchttpclient.netty.handler.HttpHandler - 

Request DefaultHttpRequest(decodeResult: success, version: HTTP/1.1)
POST /session/d829b3352db33c44b4e8bd5986be5358/element HTTP/1.1
User-Agent: selenium/4.1.2 (java windows)
Content-Length: 81
Content-Type: application/json; charset=utf-8
host: localhost:64001
accept: */*

Response DefaultHttpResponse(decodeResult: success, version: HTTP/1.1)
HTTP/1.1 200 OK
Content-Type: application/json; charset=utf-8
cache-control: no-cache
content-length: 88

10:46:37.792 [AsyncHttpClient-1-9] DEBUG org.asynchttpclient.netty.channel.ChannelManager - Adding key: http://localhost:64001 for channel [id: 0x5937cb8f, L:/127.0.0.1:57756 - R:localhost/127.0.0.1:64001]
10:46:37.797 [Forwarding isElementDisplayed on session d829b3352db33c44b4e8bd5986be5358 to remote] DEBUG org.asynchttpclient.netty.request.NettyRequestSender - Using pooled Channel '[id: 0x5937cb8f, L:/127.0.0.1:57756 - R:localhost/127.0.0.1:64001]' for 'POST' to 'http://localhost:64001/session/d829b3352db33c44b4e8bd5986be5358/execute/sync'
10:46:37.797 [Forwarding isElementDisplayed on session d829b3352db33c44b4e8bd5986be5358 to remote] DEBUG org.asynchttpclient.netty.request.NettyRequestSender - Using open Channel [id: 0x5937cb8f, L:/127.0.0.1:57756 - R:localhost/127.0.0.1:64001] for POST '/session/d829b3352db33c44b4e8bd5986be5358/execute/sync'
10:46:37.825 [AsyncHttpClient-1-9] DEBUG org.asynchttpclient.netty.handler.HttpHandler - 

Request DefaultHttpRequest(decodeResult: success, version: HTTP/1.1)
POST /session/d829b3352db33c44b4e8bd5986be5358/execute/sync HTTP/1.1
User-Agent: selenium/4.1.2 (java windows)
Content-Length: 48780
Content-Type: application/json; charset=utf-8
host: localhost:64001
accept: */*

Response DefaultHttpResponse(decodeResult: success, version: HTTP/1.1)
HTTP/1.1 200 OK
Content-Type: application/json; charset=utf-8
cache-control: no-cache
content-length: 14

10:46:37.825 [AsyncHttpClient-1-9] DEBUG org.asynchttpclient.netty.channel.ChannelManager - Adding key: http://localhost:64001 for channel [id: 0x5937cb8f, L:/127.0.0.1:57756 - R:localhost/127.0.0.1:64001]
10:46:37.834 [Forwarding screenshot on session d829b3352db33c44b4e8bd5986be5358 to remote] DEBUG org.asynchttpclient.netty.request.NettyRequestSender - Using pooled Channel '[id: 0x5937cb8f, L:/127.0.0.1:57756 - R:localhost/127.0.0.1:64001]' for 'GET' to 'http://localhost:64001/session/d829b3352db33c44b4e8bd5986be5358/screenshot'
10:46:37.834 [Forwarding screenshot on session d829b3352db33c44b4e8bd5986be5358 to remote] DEBUG org.asynchttpclient.netty.request.NettyRequestSender - Using open Channel [id: 0x5937cb8f, L:/127.0.0.1:57756 - R:localhost/127.0.0.1:64001] for GET '/session/d829b3352db33c44b4e8bd5986be5358/screenshot'
10:46:38.064 [AsyncHttpClient-1-1] DEBUG org.asynchttpclient.netty.channel.DefaultChannelPool - Entry count for : http://localhost:57757 : 1
10:46:38.299 [AsyncHttpClient-1-9] DEBUG org.asynchttpclient.netty.handler.HttpHandler - 

Request DefaultFullHttpRequest(decodeResult: success, version: HTTP/1.1, content: EmptyByteBufBE)
GET /session/d829b3352db33c44b4e8bd5986be5358/screenshot HTTP/1.1
User-Agent: selenium/4.1.2 (java windows)
Cache-Control: no-cache
Content-Type: application/json; charset=utf-8
host: localhost:64001
accept: */*

Response DefaultHttpResponse(decodeResult: success, version: HTTP/1.1)
HTTP/1.1 200 OK
Content-Type: application/json; charset=utf-8
cache-control: no-cache
content-length: 382596

10:46:38.303 [AsyncHttpClient-1-9] DEBUG org.asynchttpclient.netty.channel.ChannelManager - Adding key: http://localhost:64001 for channel [id: 0x5937cb8f, L:/127.0.0.1:57756 - R:localhost/127.0.0.1:64001]
10:46:38.331 [main] DEBUG net.serenitybdd.core.photography.Darkroom - Send negative for processing for target\site\serenity\ed15a54c91c342d96a850276df7b559f4526b370fc93040e3c407a48a170f368.png
10:46:38.331 [main] DEBUG net.thucydides.core.steps.StepInterceptor - STEP DONE: validateOnDashboardPage
  &amp#27;[32mGiven &amp#27;[0m&amp#27;[32mI am at the dashboard page&amp#27;[0m                            &amp#27;[90m# starter.stepdefinitions.PatientSteps.iAmAtTheDashboardPage()&amp#27;[0m
10:46:38.354 [main] DEBUG net.thucydides.core.steps.StepInterceptor - STARTING STEP: PatientSteps.iClickMenuPatient - clickMenuPatientButton
10:46:38.358 [Forwarding findElement on session d829b3352db33c44b4e8bd5986be5358 to remote] DEBUG org.asynchttpclient.netty.request.NettyRequestSender - Using pooled Channel '[id: 0x5937cb8f, L:/127.0.0.1:57756 - R:localhost/127.0.0.1:64001]' for 'POST' to 'http://localhost:64001/session/d829b3352db33c44b4e8bd5986be5358/element'
10:46:38.358 [Forwarding findElement on session d829b3352db33c44b4e8bd5986be5358 to remote] DEBUG org.asynchttpclient.netty.request.NettyRequestSender - Using open Channel [id: 0x5937cb8f, L:/127.0.0.1:57756 - R:localhost/127.0.0.1:64001] for POST '/session/d829b3352db33c44b4e8bd5986be5358/element'
10:46:38.378 [AsyncHttpClient-1-9] DEBUG org.asynchttpclient.netty.handler.HttpHandler - 

Request DefaultHttpRequest(decodeResult: success, version: HTTP/1.1)
POST /session/d829b3352db33c44b4e8bd5986be5358/element HTTP/1.1
User-Agent: selenium/4.1.2 (java windows)
Content-Length: 80
Content-Type: application/json; charset=utf-8
host: localhost:64001
accept: */*

Response DefaultHttpResponse(decodeResult: success, version: HTTP/1.1)
HTTP/1.1 200 OK
Content-Type: application/json; charset=utf-8
cache-control: no-cache
content-length: 88

10:46:38.378 [AsyncHttpClient-1-9] DEBUG org.asynchttpclient.netty.channel.ChannelManager - Adding key: http://localhost:64001 for channel [id: 0x5937cb8f, L:/127.0.0.1:57756 - R:localhost/127.0.0.1:64001]
10:46:38.380 [Forwarding getElementTagName on session d829b3352db33c44b4e8bd5986be5358 to remote] DEBUG org.asynchttpclient.netty.request.NettyRequestSender - Using pooled Channel '[id: 0x5937cb8f, L:/127.0.0.1:57756 - R:localhost/127.0.0.1:64001]' for 'GET' to 'http://localhost:64001/session/d829b3352db33c44b4e8bd5986be5358/element/040dd909-aaba-4842-b935-956e79b79760/name'
10:46:38.380 [Forwarding getElementTagName on session d829b3352db33c44b4e8bd5986be5358 to remote] DEBUG org.asynchttpclient.netty.request.NettyRequestSender - Using open Channel [id: 0x5937cb8f, L:/127.0.0.1:57756 - R:localhost/127.0.0.1:64001] for GET '/session/d829b3352db33c44b4e8bd5986be5358/element/040dd909-aaba-4842-b935-956e79b79760/name'
10:46:38.387 [AsyncHttpClient-1-9] DEBUG org.asynchttpclient.netty.handler.HttpHandler - 

Request DefaultFullHttpRequest(decodeResult: success, version: HTTP/1.1, content: EmptyByteBufBE)
GET /session/d829b3352db33c44b4e8bd5986be5358/element/040dd909-aaba-4842-b935-956e79b79760/name HTTP/1.1
User-Agent: selenium/4.1.2 (java windows)
Cache-Control: no-cache
Content-Type: application/json; charset=utf-8
host: localhost:64001
accept: */*

Response DefaultHttpResponse(decodeResult: success, version: HTTP/1.1)
HTTP/1.1 200 OK
Content-Type: application/json; charset=utf-8
cache-control: no-cache
content-length: 15

10:46:38.387 [AsyncHttpClient-1-9] DEBUG org.asynchttpclient.netty.channel.ChannelManager - Adding key: http://localhost:64001 for channel [id: 0x5937cb8f, L:/127.0.0.1:57756 - R:localhost/127.0.0.1:64001]
10:46:38.388 [Forwarding getElementTagName on session d829b3352db33c44b4e8bd5986be5358 to remote] DEBUG org.asynchttpclient.netty.request.NettyRequestSender - Using pooled Channel '[id: 0x5937cb8f, L:/127.0.0.1:57756 - R:localhost/127.0.0.1:64001]' for 'GET' to 'http://localhost:64001/session/d829b3352db33c44b4e8bd5986be5358/element/040dd909-aaba-4842-b935-956e79b79760/name'
10:46:38.388 [Forwarding getElementTagName on session d829b3352db33c44b4e8bd5986be5358 to remote] DEBUG org.asynchttpclient.netty.request.NettyRequestSender - Using open Channel [id: 0x5937cb8f, L:/127.0.0.1:57756 - R:localhost/127.0.0.1:64001] for GET '/session/d829b3352db33c44b4e8bd5986be5358/element/040dd909-aaba-4842-b935-956e79b79760/name'
10:46:38.393 [AsyncHttpClient-1-9] DEBUG org.asynchttpclient.netty.handler.HttpHandler - 

Request DefaultFullHttpRequest(decodeResult: success, version: HTTP/1.1, content: EmptyByteBufBE)
GET /session/d829b3352db33c44b4e8bd5986be5358/element/040dd909-aaba-4842-b935-956e79b79760/name HTTP/1.1
User-Agent: selenium/4.1.2 (java windows)
Cache-Control: no-cache
Content-Type: application/json; charset=utf-8
host: localhost:64001
accept: */*

Response DefaultHttpResponse(decodeResult: success, version: HTTP/1.1)
HTTP/1.1 200 OK
Content-Type: application/json; charset=utf-8
cache-control: no-cache
content-length: 15

10:46:38.393 [AsyncHttpClient-1-9] DEBUG org.asynchttpclient.netty.channel.ChannelManager - Adding key: http://localhost:64001 for channel [id: 0x5937cb8f, L:/127.0.0.1:57756 - R:localhost/127.0.0.1:64001]
10:46:38.396 [Forwarding findElement on session d829b3352db33c44b4e8bd5986be5358 to remote] DEBUG org.asynchttpclient.netty.request.NettyRequestSender - Using pooled Channel '[id: 0x5937cb8f, L:/127.0.0.1:57756 - R:localhost/127.0.0.1:64001]' for 'POST' to 'http://localhost:64001/session/d829b3352db33c44b4e8bd5986be5358/element'
10:46:38.396 [Forwarding findElement on session d829b3352db33c44b4e8bd5986be5358 to remote] DEBUG org.asynchttpclient.netty.request.NettyRequestSender - Using open Channel [id: 0x5937cb8f, L:/127.0.0.1:57756 - R:localhost/127.0.0.1:64001] for POST '/session/d829b3352db33c44b4e8bd5986be5358/element'
10:46:38.406 [AsyncHttpClient-1-9] DEBUG org.asynchttpclient.netty.handler.HttpHandler - 

Request DefaultHttpRequest(decodeResult: success, version: HTTP/1.1)
POST /session/d829b3352db33c44b4e8bd5986be5358/element HTTP/1.1
User-Agent: selenium/4.1.2 (java windows)
Content-Length: 80
Content-Type: application/json; charset=utf-8
host: localhost:64001
accept: */*

Response DefaultHttpResponse(decodeResult: success, version: HTTP/1.1)
HTTP/1.1 200 OK
Content-Type: application/json; charset=utf-8
cache-control: no-cache
content-length: 88

10:46:38.406 [AsyncHttpClient-1-9] DEBUG org.asynchttpclient.netty.channel.ChannelManager - Adding key: http://localhost:64001 for channel [id: 0x5937cb8f, L:/127.0.0.1:57756 - R:localhost/127.0.0.1:64001]
10:46:38.408 [Forwarding clickElement on session d829b3352db33c44b4e8bd5986be5358 to remote] DEBUG org.asynchttpclient.netty.request.NettyRequestSender - Using pooled Channel '[id: 0x5937cb8f, L:/127.0.0.1:57756 - R:localhost/127.0.0.1:64001]' for 'POST' to 'http://localhost:64001/session/d829b3352db33c44b4e8bd5986be5358/element/040dd909-aaba-4842-b935-956e79b79760/click'
10:46:38.408 [Forwarding clickElement on session d829b3352db33c44b4e8bd5986be5358 to remote] DEBUG org.asynchttpclient.netty.request.NettyRequestSender - Using open Channel [id: 0x5937cb8f, L:/127.0.0.1:57756 - R:localhost/127.0.0.1:64001] for POST '/session/d829b3352db33c44b4e8bd5986be5358/element/040dd909-aaba-4842-b935-956e79b79760/click'
10:46:38.614 [AsyncHttpClient-1-9] DEBUG org.asynchttpclient.netty.handler.HttpHandler - 

Request DefaultHttpRequest(decodeResult: success, version: HTTP/1.1)
POST /session/d829b3352db33c44b4e8bd5986be5358/element/040dd909-aaba-4842-b935-956e79b79760/click HTTP/1.1
User-Agent: selenium/4.1.2 (java windows)
Content-Length: 50
Content-Type: application/json; charset=utf-8
host: localhost:64001
accept: */*

Response DefaultHttpResponse(decodeResult: success, version: HTTP/1.1)
HTTP/1.1 200 OK
Content-Type: application/json; charset=utf-8
cache-control: no-cache
content-length: 14

10:46:38.614 [AsyncHttpClient-1-9] DEBUG org.asynchttpclient.netty.channel.ChannelManager - Adding key: http://localhost:64001 for channel [id: 0x5937cb8f, L:/127.0.0.1:57756 - R:localhost/127.0.0.1:64001]
10:46:38.625 [Forwarding screenshot on session d829b3352db33c44b4e8bd5986be5358 to remote] DEBUG org.asynchttpclient.netty.request.NettyRequestSender - Using pooled Channel '[id: 0x5937cb8f, L:/127.0.0.1:57756 - R:localhost/127.0.0.1:64001]' for 'GET' to 'http://localhost:64001/session/d829b3352db33c44b4e8bd5986be5358/screenshot'
10:46:38.625 [Forwarding screenshot on session d829b3352db33c44b4e8bd5986be5358 to remote] DEBUG org.asynchttpclient.netty.request.NettyRequestSender - Using open Channel [id: 0x5937cb8f, L:/127.0.0.1:57756 - R:localhost/127.0.0.1:64001] for GET '/session/d829b3352db33c44b4e8bd5986be5358/screenshot'
10:46:38.764 [AsyncHttpClient-1-9] DEBUG org.asynchttpclient.netty.handler.HttpHandler - 

Request DefaultFullHttpRequest(decodeResult: success, version: HTTP/1.1, content: EmptyByteBufBE)
GET /session/d829b3352db33c44b4e8bd5986be5358/screenshot HTTP/1.1
User-Agent: selenium/4.1.2 (java windows)
Cache-Control: no-cache
Content-Type: application/json; charset=utf-8
host: localhost:64001
accept: */*

Response DefaultHttpResponse(decodeResult: success, version: HTTP/1.1)
HTTP/1.1 200 OK
Content-Type: application/json; charset=utf-8
cache-control: no-cache
content-length: 55356

10:46:38.765 [AsyncHttpClient-1-9] DEBUG org.asynchttpclient.netty.channel.ChannelManager - Adding key: http://localhost:64001 for channel [id: 0x5937cb8f, L:/127.0.0.1:57756 - R:localhost/127.0.0.1:64001]
10:46:38.769 [main] DEBUG net.serenitybdd.core.photography.Darkroom - Send negative for processing for target\site\serenity\ba5e98368b8b80bc67dec291e300f29f857b0a624580ce977aa7580a9f0871db.png
10:46:38.770 [main] DEBUG net.thucydides.core.steps.StepInterceptor - STEP DONE: clickMenuPatientButton
  &amp#27;[32mAnd &amp#27;[0m&amp#27;[32mI click menu patient&amp#27;[0m                                    &amp#27;[90m# starter.stepdefinitions.PatientSteps.iClickMenuPatient()&amp#27;[0m
10:46:38.791 [Forwarding findElement on session d829b3352db33c44b4e8bd5986be5358 to remote] DEBUG org.asynchttpclient.netty.request.NettyRequestSender - Using pooled Channel '[id: 0x5937cb8f, L:/127.0.0.1:57756 - R:localhost/127.0.0.1:64001]' for 'POST' to 'http://localhost:64001/session/d829b3352db33c44b4e8bd5986be5358/element'
10:46:38.791 [Forwarding findElement on session d829b3352db33c44b4e8bd5986be5358 to remote] DEBUG org.asynchttpclient.netty.request.NettyRequestSender - Using open Channel [id: 0x5937cb8f, L:/127.0.0.1:57756 - R:localhost/127.0.0.1:64001] for POST '/session/d829b3352db33c44b4e8bd5986be5358/element'
10:46:38.812 [AsyncHttpClient-1-9] DEBUG org.asynchttpclient.netty.handler.HttpHandler - 

Request DefaultHttpRequest(decodeResult: success, version: HTTP/1.1)
POST /session/d829b3352db33c44b4e8bd5986be5358/element HTTP/1.1
User-Agent: selenium/4.1.2 (java windows)
Content-Length: 160
Content-Type: application/json; charset=utf-8
host: localhost:64001
accept: */*

Response DefaultHttpResponse(decodeResult: success, version: HTTP/1.1)
HTTP/1.1 200 OK
Content-Type: application/json; charset=utf-8
cache-control: no-cache
content-length: 88

10:46:38.812 [AsyncHttpClient-1-9] DEBUG org.asynchttpclient.netty.channel.ChannelManager - Adding key: http://localhost:64001 for channel [id: 0x5937cb8f, L:/127.0.0.1:57756 - R:localhost/127.0.0.1:64001]
10:46:38.814 [Forwarding clearElement on session d829b3352db33c44b4e8bd5986be5358 to remote] DEBUG org.asynchttpclient.netty.request.NettyRequestSender - Using pooled Channel '[id: 0x5937cb8f, L:/127.0.0.1:57756 - R:localhost/127.0.0.1:64001]' for 'POST' to 'http://localhost:64001/session/d829b3352db33c44b4e8bd5986be5358/element/b1f2b253-f4d2-4956-a276-f0c2a97f41c4/clear'
10:46:38.814 [Forwarding clearElement on session d829b3352db33c44b4e8bd5986be5358 to remote] DEBUG org.asynchttpclient.netty.request.NettyRequestSender - Using open Channel [id: 0x5937cb8f, L:/127.0.0.1:57756 - R:localhost/127.0.0.1:64001] for POST '/session/d829b3352db33c44b4e8bd5986be5358/element/b1f2b253-f4d2-4956-a276-f0c2a97f41c4/clear'
10:46:38.879 [AsyncHttpClient-1-9] DEBUG org.asynchttpclient.netty.handler.HttpHandler - 

Request DefaultHttpRequest(decodeResult: success, version: HTTP/1.1)
POST /session/d829b3352db33c44b4e8bd5986be5358/element/b1f2b253-f4d2-4956-a276-f0c2a97f41c4/clear HTTP/1.1
User-Agent: selenium/4.1.2 (java windows)
Content-Length: 50
Content-Type: application/json; charset=utf-8
host: localhost:64001
accept: */*

Response DefaultHttpResponse(decodeResult: success, version: HTTP/1.1)
HTTP/1.1 200 OK
Content-Type: application/json; charset=utf-8
cache-control: no-cache
content-length: 14

10:46:38.879 [AsyncHttpClient-1-9] DEBUG org.asynchttpclient.netty.channel.ChannelManager - Adding key: http://localhost:64001 for channel [id: 0x5937cb8f, L:/127.0.0.1:57756 - R:localhost/127.0.0.1:64001]
10:46:38.883 [Forwarding sendKeysToElement on session d829b3352db33c44b4e8bd5986be5358 to remote] DEBUG org.asynchttpclient.netty.request.NettyRequestSender - Using pooled Channel '[id: 0x5937cb8f, L:/127.0.0.1:57756 - R:localhost/127.0.0.1:64001]' for 'POST' to 'http://localhost:64001/session/d829b3352db33c44b4e8bd5986be5358/element/b1f2b253-f4d2-4956-a276-f0c2a97f41c4/value'
10:46:38.883 [Forwarding sendKeysToElement on session d829b3352db33c44b4e8bd5986be5358 to remote] DEBUG org.asynchttpclient.netty.request.NettyRequestSender - Using open Channel [id: 0x5937cb8f, L:/127.0.0.1:57756 - R:localhost/127.0.0.1:64001] for POST '/session/d829b3352db33c44b4e8bd5986be5358/element/b1f2b253-f4d2-4956-a276-f0c2a97f41c4/value'
10:46:39.094 [AsyncHttpClient-1-9] DEBUG org.asynchttpclient.netty.handler.HttpHandler - 

Request DefaultHttpRequest(decodeResult: success, version: HTTP/1.1)
POST /session/d829b3352db33c44b4e8bd5986be5358/element/b1f2b253-f4d2-4956-a276-f0c2a97f41c4/value HTTP/1.1
User-Agent: selenium/4.1.2 (java windows)
Content-Length: 101
Content-Type: application/json; charset=utf-8
host: localhost:64001
accept: */*

Response DefaultHttpResponse(decodeResult: success, version: HTTP/1.1)
HTTP/1.1 200 OK
Content-Type: application/json; charset=utf-8
cache-control: no-cache
content-length: 14

10:46:39.094 [AsyncHttpClient-1-9] DEBUG org.asynchttpclient.netty.channel.ChannelManager - Adding key: http://localhost:64001 for channel [id: 0x5937cb8f, L:/127.0.0.1:57756 - R:localhost/127.0.0.1:64001]
10:46:39.110 [Forwarding screenshot on session d829b3352db33c44b4e8bd5986be5358 to remote] DEBUG org.asynchttpclient.netty.request.NettyRequestSender - Using pooled Channel '[id: 0x5937cb8f, L:/127.0.0.1:57756 - R:localhost/127.0.0.1:64001]' for 'GET' to 'http://localhost:64001/session/d829b3352db33c44b4e8bd5986be5358/screenshot'
10:46:39.110 [Forwarding screenshot on session d829b3352db33c44b4e8bd5986be5358 to remote] DEBUG org.asynchttpclient.netty.request.NettyRequestSender - Using open Channel [id: 0x5937cb8f, L:/127.0.0.1:57756 - R:localhost/127.0.0.1:64001] for GET '/session/d829b3352db33c44b4e8bd5986be5358/screenshot'
10:46:39.163 [AsyncHttpClient-1-1] DEBUG org.asynchttpclient.netty.channel.DefaultChannelPool - Entry count for : http://localhost:57757 : 1
10:46:39.237 [AsyncHttpClient-1-9] DEBUG org.asynchttpclient.netty.handler.HttpHandler - 

Request DefaultFullHttpRequest(decodeResult: success, version: HTTP/1.1, content: EmptyByteBufBE)
GET /session/d829b3352db33c44b4e8bd5986be5358/screenshot HTTP/1.1
User-Agent: selenium/4.1.2 (java windows)
Cache-Control: no-cache
Content-Type: application/json; charset=utf-8
host: localhost:64001
accept: */*

Response DefaultHttpResponse(decodeResult: success, version: HTTP/1.1)
HTTP/1.1 200 OK
Content-Type: application/json; charset=utf-8
cache-control: no-cache
content-length: 57736

10:46:39.237 [AsyncHttpClient-1-9] DEBUG org.asynchttpclient.netty.channel.ChannelManager - Adding key: http://localhost:64001 for channel [id: 0x5937cb8f, L:/127.0.0.1:57756 - R:localhost/127.0.0.1:64001]
10:46:39.240 [main] DEBUG net.serenitybdd.core.photography.Darkroom - Send negative for processing for target\site\serenity\72338a611079186f9daa21355e5a5037a1a4a819bb398fa007e00439f60e5cf0.png
10:46:39.240 [main] DEBUG net.thucydides.core.steps.StepInterceptor - STARTING STEP: PatientSteps.iInputPatientBloodTypeAndClickSearch - clickSearchButton
10:46:39.240 [Darkroom Processing Line] DEBUG net.serenitybdd.core.photography.DarkroomProcessingLine - Processing screenshot image in /var/screenshots/screenshot-15874762484799774707
10:46:39.240 [Darkroom Processing Line] DEBUG net.serenitybdd.core.photography.DarkroomProcessingLine - Saving screenshot to target\site\serenity\72338a611079186f9daa21355e5a5037a1a4a819bb398fa007e00439f60e5cf0.png
10:46:39.244 [Forwarding findElement on session d829b3352db33c44b4e8bd5986be5358 to remote] DEBUG org.asynchttpclient.netty.request.NettyRequestSender - Using pooled Channel '[id: 0x5937cb8f, L:/127.0.0.1:57756 - R:localhost/127.0.0.1:64001]' for 'POST' to 'http://localhost:64001/session/d829b3352db33c44b4e8bd5986be5358/element'
10:46:39.245 [Forwarding findElement on session d829b3352db33c44b4e8bd5986be5358 to remote] DEBUG org.asynchttpclient.netty.request.NettyRequestSender - Using open Channel [id: 0x5937cb8f, L:/127.0.0.1:57756 - R:localhost/127.0.0.1:64001] for POST '/session/d829b3352db33c44b4e8bd5986be5358/element'
10:46:39.259 [AsyncHttpClient-1-9] DEBUG org.asynchttpclient.netty.handler.HttpHandler - 

Request DefaultHttpRequest(decodeResult: success, version: HTTP/1.1)
POST /session/d829b3352db33c44b4e8bd5986be5358/element HTTP/1.1
User-Agent: selenium/4.1.2 (java windows)
Content-Length: 161
Content-Type: application/json; charset=utf-8
host: localhost:64001
accept: */*

Response DefaultHttpResponse(decodeResult: success, version: HTTP/1.1)
HTTP/1.1 200 OK
Content-Type: application/json; charset=utf-8
cache-control: no-cache
content-length: 88

10:46:39.259 [AsyncHttpClient-1-9] DEBUG org.asynchttpclient.netty.channel.ChannelManager - Adding key: http://localhost:64001 for channel [id: 0x5937cb8f, L:/127.0.0.1:57756 - R:localhost/127.0.0.1:64001]
10:46:39.261 [Forwarding getElementTagName on session d829b3352db33c44b4e8bd5986be5358 to remote] DEBUG org.asynchttpclient.netty.request.NettyRequestSender - Using pooled Channel '[id: 0x5937cb8f, L:/127.0.0.1:57756 - R:localhost/127.0.0.1:64001]' for 'GET' to 'http://localhost:64001/session/d829b3352db33c44b4e8bd5986be5358/element/64205498-bdc2-4b7b-9ac8-e9a30c21fcf1/name'
10:46:39.261 [Forwarding getElementTagName on session d829b3352db33c44b4e8bd5986be5358 to remote] DEBUG org.asynchttpclient.netty.request.NettyRequestSender - Using open Channel [id: 0x5937cb8f, L:/127.0.0.1:57756 - R:localhost/127.0.0.1:64001] for GET '/session/d829b3352db33c44b4e8bd5986be5358/element/64205498-bdc2-4b7b-9ac8-e9a30c21fcf1/name'
10:46:39.266 [AsyncHttpClient-1-9] DEBUG org.asynchttpclient.netty.handler.HttpHandler - 

Request DefaultFullHttpRequest(decodeResult: success, version: HTTP/1.1, content: EmptyByteBufBE)
GET /session/d829b3352db33c44b4e8bd5986be5358/element/64205498-bdc2-4b7b-9ac8-e9a30c21fcf1/name HTTP/1.1
User-Agent: selenium/4.1.2 (java windows)
Cache-Control: no-cache
Content-Type: application/json; charset=utf-8
host: localhost:64001
accept: */*

Response DefaultHttpResponse(decodeResult: success, version: HTTP/1.1)
HTTP/1.1 200 OK
Content-Type: application/json; charset=utf-8
cache-control: no-cache
content-length: 18

10:46:39.266 [AsyncHttpClient-1-9] DEBUG org.asynchttpclient.netty.channel.ChannelManager - Adding key: http://localhost:64001 for channel [id: 0x5937cb8f, L:/127.0.0.1:57756 - R:localhost/127.0.0.1:64001]
10:46:39.268 [Forwarding getElementTagName on session d829b3352db33c44b4e8bd5986be5358 to remote] DEBUG org.asynchttpclient.netty.request.NettyRequestSender - Using pooled Channel '[id: 0x5937cb8f, L:/127.0.0.1:57756 - R:localhost/127.0.0.1:64001]' for 'GET' to 'http://localhost:64001/session/d829b3352db33c44b4e8bd5986be5358/element/64205498-bdc2-4b7b-9ac8-e9a30c21fcf1/name'
10:46:39.268 [Forwarding getElementTagName on session d829b3352db33c44b4e8bd5986be5358 to remote] DEBUG org.asynchttpclient.netty.request.NettyRequestSender - Using open Channel [id: 0x5937cb8f, L:/127.0.0.1:57756 - R:localhost/127.0.0.1:64001] for GET '/session/d829b3352db33c44b4e8bd5986be5358/element/64205498-bdc2-4b7b-9ac8-e9a30c21fcf1/name'
10:46:39.271 [AsyncHttpClient-1-9] DEBUG org.asynchttpclient.netty.handler.HttpHandler - 

Request DefaultFullHttpRequest(decodeResult: success, version: HTTP/1.1, content: EmptyByteBufBE)
GET /session/d829b3352db33c44b4e8bd5986be5358/element/64205498-bdc2-4b7b-9ac8-e9a30c21fcf1/name HTTP/1.1
User-Agent: selenium/4.1.2 (java windows)
Cache-Control: no-cache
Content-Type: application/json; charset=utf-8
host: localhost:64001
accept: */*

Response DefaultHttpResponse(decodeResult: success, version: HTTP/1.1)
HTTP/1.1 200 OK
Content-Type: application/json; charset=utf-8
cache-control: no-cache
content-length: 18

10:46:39.271 [AsyncHttpClient-1-9] DEBUG org.asynchttpclient.netty.channel.ChannelManager - Adding key: http://localhost:64001 for channel [id: 0x5937cb8f, L:/127.0.0.1:57756 - R:localhost/127.0.0.1:64001]
10:46:39.274 [Forwarding isElementEnabled on session d829b3352db33c44b4e8bd5986be5358 to remote] DEBUG org.asynchttpclient.netty.request.NettyRequestSender - Using pooled Channel '[id: 0x5937cb8f, L:/127.0.0.1:57756 - R:localhost/127.0.0.1:64001]' for 'GET' to 'http://localhost:64001/session/d829b3352db33c44b4e8bd5986be5358/element/64205498-bdc2-4b7b-9ac8-e9a30c21fcf1/enabled'
10:46:39.274 [Forwarding isElementEnabled on session d829b3352db33c44b4e8bd5986be5358 to remote] DEBUG org.asynchttpclient.netty.request.NettyRequestSender - Using open Channel [id: 0x5937cb8f, L:/127.0.0.1:57756 - R:localhost/127.0.0.1:64001] for GET '/session/d829b3352db33c44b4e8bd5986be5358/element/64205498-bdc2-4b7b-9ac8-e9a30c21fcf1/enabled'
10:46:39.283 [AsyncHttpClient-1-9] DEBUG org.asynchttpclient.netty.handler.HttpHandler - 

Request DefaultFullHttpRequest(decodeResult: success, version: HTTP/1.1, content: EmptyByteBufBE)
GET /session/d829b3352db33c44b4e8bd5986be5358/element/64205498-bdc2-4b7b-9ac8-e9a30c21fcf1/enabled HTTP/1.1
User-Agent: selenium/4.1.2 (java windows)
Cache-Control: no-cache
Content-Type: application/json; charset=utf-8
host: localhost:64001
accept: */*

Response DefaultHttpResponse(decodeResult: success, version: HTTP/1.1)
HTTP/1.1 200 OK
Content-Type: application/json; charset=utf-8
cache-control: no-cache
content-length: 14

10:46:39.283 [AsyncHttpClient-1-9] DEBUG org.asynchttpclient.netty.channel.ChannelManager - Adding key: http://localhost:64001 for channel [id: 0x5937cb8f, L:/127.0.0.1:57756 - R:localhost/127.0.0.1:64001]
10:46:39.285 [Forwarding isElementEnabled on session d829b3352db33c44b4e8bd5986be5358 to remote] DEBUG org.asynchttpclient.netty.request.NettyRequestSender - Using pooled Channel '[id: 0x5937cb8f, L:/127.0.0.1:57756 - R:localhost/127.0.0.1:64001]' for 'GET' to 'http://localhost:64001/session/d829b3352db33c44b4e8bd5986be5358/element/64205498-bdc2-4b7b-9ac8-e9a30c21fcf1/enabled'
10:46:39.285 [Forwarding isElementEnabled on session d829b3352db33c44b4e8bd5986be5358 to remote] DEBUG org.asynchttpclient.netty.request.NettyRequestSender - Using open Channel [id: 0x5937cb8f, L:/127.0.0.1:57756 - R:localhost/127.0.0.1:64001] for GET '/session/d829b3352db33c44b4e8bd5986be5358/element/64205498-bdc2-4b7b-9ac8-e9a30c21fcf1/enabled'
10:46:39.291 [AsyncHttpClient-1-9] DEBUG org.asynchttpclient.netty.handler.HttpHandler - 

Request DefaultFullHttpRequest(decodeResult: success, version: HTTP/1.1, content: EmptyByteBufBE)
GET /session/d829b3352db33c44b4e8bd5986be5358/element/64205498-bdc2-4b7b-9ac8-e9a30c21fcf1/enabled HTTP/1.1
User-Agent: selenium/4.1.2 (java windows)
Cache-Control: no-cache
Content-Type: application/json; charset=utf-8
host: localhost:64001
accept: */*

Response DefaultHttpResponse(decodeResult: success, version: HTTP/1.1)
HTTP/1.1 200 OK
Content-Type: application/json; charset=utf-8
cache-control: no-cache
content-length: 14

10:46:39.291 [AsyncHttpClient-1-9] DEBUG org.asynchttpclient.netty.channel.ChannelManager - Adding key: http://localhost:64001 for channel [id: 0x5937cb8f, L:/127.0.0.1:57756 - R:localhost/127.0.0.1:64001]
10:46:39.293 [Forwarding findElement on session d829b3352db33c44b4e8bd5986be5358 to remote] DEBUG org.asynchttpclient.netty.request.NettyRequestSender - Using pooled Channel '[id: 0x5937cb8f, L:/127.0.0.1:57756 - R:localhost/127.0.0.1:64001]' for 'POST' to 'http://localhost:64001/session/d829b3352db33c44b4e8bd5986be5358/element'
10:46:39.293 [Forwarding findElement on session d829b3352db33c44b4e8bd5986be5358 to remote] DEBUG org.asynchttpclient.netty.request.NettyRequestSender - Using open Channel [id: 0x5937cb8f, L:/127.0.0.1:57756 - R:localhost/127.0.0.1:64001] for POST '/session/d829b3352db33c44b4e8bd5986be5358/element'
10:46:39.300 [AsyncHttpClient-1-9] DEBUG org.asynchttpclient.netty.handler.HttpHandler - 

Request DefaultHttpRequest(decodeResult: success, version: HTTP/1.1)
POST /session/d829b3352db33c44b4e8bd5986be5358/element HTTP/1.1
User-Agent: selenium/4.1.2 (java windows)
Content-Length: 161
Content-Type: application/json; charset=utf-8
host: localhost:64001
accept: */*

Response DefaultHttpResponse(decodeResult: success, version: HTTP/1.1)
HTTP/1.1 200 OK
Content-Type: application/json; charset=utf-8
cache-control: no-cache
content-length: 88

10:46:39.300 [AsyncHttpClient-1-9] DEBUG org.asynchttpclient.netty.channel.ChannelManager - Adding key: http://localhost:64001 for channel [id: 0x5937cb8f, L:/127.0.0.1:57756 - R:localhost/127.0.0.1:64001]
10:46:39.302 [Forwarding clickElement on session d829b3352db33c44b4e8bd5986be5358 to remote] DEBUG org.asynchttpclient.netty.request.NettyRequestSender - Using pooled Channel '[id: 0x5937cb8f, L:/127.0.0.1:57756 - R:localhost/127.0.0.1:64001]' for 'POST' to 'http://localhost:64001/session/d829b3352db33c44b4e8bd5986be5358/element/64205498-bdc2-4b7b-9ac8-e9a30c21fcf1/click'
10:46:39.302 [Forwarding clickElement on session d829b3352db33c44b4e8bd5986be5358 to remote] DEBUG org.asynchttpclient.netty.request.NettyRequestSender - Using open Channel [id: 0x5937cb8f, L:/127.0.0.1:57756 - R:localhost/127.0.0.1:64001] for POST '/session/d829b3352db33c44b4e8bd5986be5358/element/64205498-bdc2-4b7b-9ac8-e9a30c21fcf1/click'
10:46:39.364 [AsyncHttpClient-1-9] DEBUG org.asynchttpclient.netty.handler.HttpHandler - 

Request DefaultHttpRequest(decodeResult: success, version: HTTP/1.1)
POST /session/d829b3352db33c44b4e8bd5986be5358/element/64205498-bdc2-4b7b-9ac8-e9a30c21fcf1/click HTTP/1.1
User-Agent: selenium/4.1.2 (java windows)
Content-Length: 50
Content-Type: application/json; charset=utf-8
host: localhost:64001
accept: */*

Response DefaultHttpResponse(decodeResult: success, version: HTTP/1.1)
HTTP/1.1 200 OK
Content-Type: application/json; charset=utf-8
cache-control: no-cache
content-length: 14

10:46:39.364 [AsyncHttpClient-1-9] DEBUG org.asynchttpclient.netty.channel.ChannelManager - Adding key: http://localhost:64001 for channel [id: 0x5937cb8f, L:/127.0.0.1:57756 - R:localhost/127.0.0.1:64001]
10:46:39.371 [Forwarding screenshot on session d829b3352db33c44b4e8bd5986be5358 to remote] DEBUG org.asynchttpclient.netty.request.NettyRequestSender - Using pooled Channel '[id: 0x5937cb8f, L:/127.0.0.1:57756 - R:localhost/127.0.0.1:64001]' for 'GET' to 'http://localhost:64001/session/d829b3352db33c44b4e8bd5986be5358/screenshot'
10:46:39.372 [Forwarding screenshot on session d829b3352db33c44b4e8bd5986be5358 to remote] DEBUG org.asynchttpclient.netty.request.NettyRequestSender - Using open Channel [id: 0x5937cb8f, L:/127.0.0.1:57756 - R:localhost/127.0.0.1:64001] for GET '/session/d829b3352db33c44b4e8bd5986be5358/screenshot'
10:46:39.512 [AsyncHttpClient-1-9] DEBUG org.asynchttpclient.netty.handler.HttpHandler - 

Request DefaultFullHttpRequest(decodeResult: success, version: HTTP/1.1, content: EmptyByteBufBE)
GET /session/d829b3352db33c44b4e8bd5986be5358/screenshot HTTP/1.1
User-Agent: selenium/4.1.2 (java windows)
Cache-Control: no-cache
Content-Type: application/json; charset=utf-8
host: localhost:64001
accept: */*

Response DefaultHttpResponse(decodeResult: success, version: HTTP/1.1)
HTTP/1.1 200 OK
Content-Type: application/json; charset=utf-8
cache-control: no-cache
content-length: 66448

10:46:39.512 [AsyncHttpClient-1-9] DEBUG org.asynchttpclient.netty.channel.ChannelManager - Adding key: http://localhost:64001 for channel [id: 0x5937cb8f, L:/127.0.0.1:57756 - R:localhost/127.0.0.1:64001]
10:46:39.515 [main] DEBUG net.serenitybdd.core.photography.Darkroom - Send negative for processing for target\site\serenity\492d5708217cdb063d667fd47b929d85abaf3877b6ca94ce51dae730575e1d2d.png
10:46:39.516 [main] DEBUG net.thucydides.core.steps.StepInterceptor - STEP DONE: clickSearchButton
  &amp#27;[32mWhen &amp#27;[0m&amp#27;[32mI input patient blood type and click search&amp#27;[0m            &amp#27;[90m# starter.stepdefinitions.PatientSteps.iInputPatientBloodTypeAndClickSearch()&amp#27;[0m
10:46:39.516 [Darkroom Processing Line] DEBUG net.serenitybdd.core.photography.DarkroomProcessingLine - Processing screenshot image in /var/screenshots/screenshot-14050754850990672992
10:46:39.516 [Darkroom Processing Line] DEBUG net.serenitybdd.core.photography.DarkroomProcessingLine - Saving screenshot to target\site\serenity\492d5708217cdb063d667fd47b929d85abaf3877b6ca94ce51dae730575e1d2d.png
10:46:39.530 [Forwarding findElement on session d829b3352db33c44b4e8bd5986be5358 to remote] DEBUG org.asynchttpclient.netty.request.NettyRequestSender - Using pooled Channel '[id: 0x5937cb8f, L:/127.0.0.1:57756 - R:localhost/127.0.0.1:64001]' for 'POST' to 'http://localhost:64001/session/d829b3352db33c44b4e8bd5986be5358/element'
10:46:39.530 [Forwarding findElement on session d829b3352db33c44b4e8bd5986be5358 to remote] DEBUG org.asynchttpclient.netty.request.NettyRequestSender - Using open Channel [id: 0x5937cb8f, L:/127.0.0.1:57756 - R:localhost/127.0.0.1:64001] for POST '/session/d829b3352db33c44b4e8bd5986be5358/element'
10:46:39.544 [AsyncHttpClient-1-9] DEBUG org.asynchttpclient.netty.handler.HttpHandler - 

Request DefaultHttpRequest(decodeResult: success, version: HTTP/1.1)
POST /session/d829b3352db33c44b4e8bd5986be5358/element HTTP/1.1
User-Agent: selenium/4.1.2 (java windows)
Content-Length: 74
Content-Type: application/json; charset=utf-8
host: localhost:64001
accept: */*

Response DefaultHttpResponse(decodeResult: success, version: HTTP/1.1)
HTTP/1.1 200 OK
Content-Type: application/json; charset=utf-8
cache-control: no-cache
content-length: 88

10:46:39.544 [AsyncHttpClient-1-9] DEBUG org.asynchttpclient.netty.channel.ChannelManager - Adding key: http://localhost:64001 for channel [id: 0x5937cb8f, L:/127.0.0.1:57756 - R:localhost/127.0.0.1:64001]
10:46:39.547 [Forwarding isElementDisplayed on session d829b3352db33c44b4e8bd5986be5358 to remote] DEBUG org.asynchttpclient.netty.request.NettyRequestSender - Using pooled Channel '[id: 0x5937cb8f, L:/127.0.0.1:57756 - R:localhost/127.0.0.1:64001]' for 'POST' to 'http://localhost:64001/session/d829b3352db33c44b4e8bd5986be5358/execute/sync'
10:46:39.547 [Forwarding isElementDisplayed on session d829b3352db33c44b4e8bd5986be5358 to remote] DEBUG org.asynchttpclient.netty.request.NettyRequestSender - Using open Channel [id: 0x5937cb8f, L:/127.0.0.1:57756 - R:localhost/127.0.0.1:64001] for POST '/session/d829b3352db33c44b4e8bd5986be5358/execute/sync'
10:46:39.566 [AsyncHttpClient-1-9] DEBUG org.asynchttpclient.netty.handler.HttpHandler - 

Request DefaultHttpRequest(decodeResult: success, version: HTTP/1.1)
POST /session/d829b3352db33c44b4e8bd5986be5358/execute/sync HTTP/1.1
User-Agent: selenium/4.1.2 (java windows)
Content-Length: 48780
Content-Type: application/json; charset=utf-8
host: localhost:64001
accept: */*

Response DefaultHttpResponse(decodeResult: success, version: HTTP/1.1)
HTTP/1.1 200 OK
Content-Type: application/json; charset=utf-8
cache-control: no-cache
content-length: 14

10:46:39.566 [AsyncHttpClient-1-9] DEBUG org.asynchttpclient.netty.channel.ChannelManager - Adding key: http://localhost:64001 for channel [id: 0x5937cb8f, L:/127.0.0.1:57756 - R:localhost/127.0.0.1:64001]
  &amp#27;[32mThen &amp#27;[0m&amp#27;[32mI validate search by patient blood type&amp#27;[0m                &amp#27;[90m# starter.stepdefinitions.PatientSteps.iValidateSearchByPatientBloodType()&amp#27;[0m
10:46:39.572 [Forwarding screenshot on session d829b3352db33c44b4e8bd5986be5358 to remote] DEBUG org.asynchttpclient.netty.request.NettyRequestSender - Using pooled Channel '[id: 0x5937cb8f, L:/127.0.0.1:57756 - R:localhost/127.0.0.1:64001]' for 'GET' to 'http://localhost:64001/session/d829b3352db33c44b4e8bd5986be5358/screenshot'
10:46:39.572 [Forwarding screenshot on session d829b3352db33c44b4e8bd5986be5358 to remote] DEBUG org.asynchttpclient.netty.request.NettyRequestSender - Using open Channel [id: 0x5937cb8f, L:/127.0.0.1:57756 - R:localhost/127.0.0.1:64001] for GET '/session/d829b3352db33c44b4e8bd5986be5358/screenshot'
10:46:39.737 [AsyncHttpClient-1-9] DEBUG org.asynchttpclient.netty.handler.HttpHandler - 

Request DefaultFullHttpRequest(decodeResult: success, version: HTTP/1.1, content: EmptyByteBufBE)
GET /session/d829b3352db33c44b4e8bd5986be5358/screenshot HTTP/1.1
User-Agent: selenium/4.1.2 (java windows)
Cache-Control: no-cache
Content-Type: application/json; charset=utf-8
host: localhost:64001
accept: */*

Response DefaultHttpResponse(decodeResult: success, version: HTTP/1.1)
HTTP/1.1 200 OK
Content-Type: application/json; charset=utf-8
cache-control: no-cache
content-length: 83920

10:46:39.742 [AsyncHttpClient-1-9] DEBUG org.asynchttpclient.netty.channel.ChannelManager - Adding key: http://localhost:64001 for channel [id: 0x5937cb8f, L:/127.0.0.1:57756 - R:localhost/127.0.0.1:64001]
10:46:39.749 [main] DEBUG net.serenitybdd.core.photography.Darkroom - Send negative for processing for target\site\serenity\96d688cfb4a11f54aa9d811f3977f1ed8e24abe7da9a3c92b53eebb64036b625.png
10:46:39.749 [Darkroom Processing Line] DEBUG net.serenitybdd.core.photography.DarkroomProcessingLine - Processing screenshot image in /var/screenshots/screenshot-3521443955628841352
10:46:39.749 [Darkroom Processing Line] DEBUG net.serenitybdd.core.photography.DarkroomProcessingLine - Saving screenshot to target\site\serenity\96d688cfb4a11f54aa9d811f3977f1ed8e24abe7da9a3c92b53eebb64036b625.png
10:46:39.767 [main] INFO  - 
  _____   ___   ___   _____     ___     _     ___   ___   ___   ___  
 |_   _| | __| / __| |_   _|   | _ \   /_\   / __| / __| | __| |   \ 
   | |   | _|  \__ \   | |     |  _/  / _ \  \__ \ \__ \ | _|  | |) |
   |_|   |___| |___/   |_|     |_|   /_/ \_\ |___/ |___/ |___| |___/ 

Search Patient Based on Patient Blood Type Scenario
----------------------------------------------------------------------
10:46:39.772 [AsyncHttpClient-1-3] DEBUG org.asynchttpclient.netty.handler.WebSocketHandler - Channel Closed: [id: 0x5a0f9c27, L:/127.0.0.1:57763 ! R:localhost/127.0.0.1:57757] with attribute NettyResponseFuture{currentRetry=5,
	isDone=1,
	isCancelled=0,
	asyncHandler=org.asynchttpclient.ws.WebSocketUpgradeHandler@65adbca5,
	nettyRequest=org.asynchttpclient.netty.request.NettyRequest@acf97f4,
	future=java.util.concurrent.CompletableFuture@44e1e22c[Completed normally],
	uri=ws://localhost:57757/devtools/browser/ce434568-f286-4ce3-9274-d53b7b8eed40,
	keepAlive=true,
	redirectCount=0,
	timeoutsHolder=null,
	inAuth=0,
	touch=1655783194605}
10:46:39.773 [AsyncHttpClient-1-3] DEBUG org.asynchttpclient.netty.channel.ChannelManager - Closing Channel [id: 0x5a0f9c27, L:/127.0.0.1:57763 ! R:localhost/127.0.0.1:57757] 
10:46:39.773 [Driver Command Executor] DEBUG org.asynchttpclient.netty.request.NettyRequestSender - Using pooled Channel '[id: 0x5937cb8f, L:/127.0.0.1:57756 - R:localhost/127.0.0.1:64001]' for 'DELETE' to 'http://localhost:64001/session/d829b3352db33c44b4e8bd5986be5358'
10:46:39.773 [Driver Command Executor] DEBUG org.asynchttpclient.netty.request.NettyRequestSender - Using open Channel [id: 0x5937cb8f, L:/127.0.0.1:57756 - R:localhost/127.0.0.1:64001] for DELETE '/session/d829b3352db33c44b4e8bd5986be5358'
10:46:39.818 [AsyncHttpClient-1-2] DEBUG org.asynchttpclient.netty.handler.HttpHandler - Unexpected I/O exception on channel [id: 0x3908c827, L:/127.0.0.1:57762 - R:localhost/127.0.0.1:57757]
java.net.SocketException: Connection reset
	at java.base/sun.nio.ch.SocketChannelImpl.throwConnectionReset(SocketChannelImpl.java:367)
	at java.base/sun.nio.ch.SocketChannelImpl.read(SocketChannelImpl.java:398)
	at io.netty.buffer.PooledByteBuf.setBytes(PooledByteBuf.java:258)
	at io.netty.buffer.AbstractByteBuf.writeBytes(AbstractByteBuf.java:1132)
	at io.netty.channel.socket.nio.NioSocketChannel.doReadBytes(NioSocketChannel.java:350)
	at io.netty.channel.nio.AbstractNioByteChannel$NioByteUnsafe.read(AbstractNioByteChannel.java:151)
	at io.netty.channel.nio.NioEventLoop.processSelectedKey(NioEventLoop.java:722)
	at io.netty.channel.nio.NioEventLoop.processSelectedKeysOptimized(NioEventLoop.java:658)
	at io.netty.channel.nio.NioEventLoop.processSelectedKeys(NioEventLoop.java:584)
	at io.netty.channel.nio.NioEventLoop.run(NioEventLoop.java:496)
	at io.netty.util.concurrent.SingleThreadEventExecutor$4.run(SingleThreadEventExecutor.java:986)
	at io.netty.util.internal.ThreadExecutorMap$2.run(ThreadExecutorMap.java:74)
	at io.netty.util.concurrent.FastThreadLocalRunnable.run(FastThreadLocalRunnable.java:30)
	at java.base/java.lang.Thread.run(Thread.java:832)
10:46:39.818 [AsyncHttpClient-1-2] DEBUG org.asynchttpclient.netty.channel.ChannelManager - Closing Channel [id: 0x3908c827, L:/127.0.0.1:57762 - R:localhost/127.0.0.1:57757] 
10:46:39.819 [AsyncHttpClient-1-2] DEBUG org.asynchttpclient.netty.handler.HttpHandler - Channel Closed: [id: 0x3908c827, L:/127.0.0.1:57762 ! R:localhost/127.0.0.1:57757] with attribute DISCARD
10:46:39.839 [AsyncHttpClient-1-9] DEBUG org.asynchttpclient.netty.handler.HttpHandler - 

Request DefaultFullHttpRequest(decodeResult: success, version: HTTP/1.1, content: EmptyByteBufBE)
DELETE /session/d829b3352db33c44b4e8bd5986be5358 HTTP/1.1
User-Agent: selenium/4.1.2 (java windows)
Content-Type: application/json; charset=utf-8
host: localhost:64001
accept: */*

Response DefaultHttpResponse(decodeResult: success, version: HTTP/1.1)
HTTP/1.1 200 OK
Content-Type: application/json; charset=utf-8
cache-control: no-cache
content-length: 14

10:46:39.839 [AsyncHttpClient-1-9] DEBUG org.asynchttpclient.netty.channel.ChannelManager - Adding key: http://localhost:64001 for channel [id: 0x5937cb8f, L:/127.0.0.1:57756 - R:localhost/127.0.0.1:64001]
10:46:40.016 [AsyncHttpClient-1-9] DEBUG org.asynchttpclient.netty.handler.HttpHandler - Channel Closed: [id: 0x5937cb8f, L:/127.0.0.1:57756 ! R:localhost/127.0.0.1:64001] with attribute DISCARD
10:46:40.264 [AsyncHttpClient-1-1] DEBUG org.asynchttpclient.netty.channel.DefaultChannelPool - Entry count for : http://localhost:57757 : 1
10:46:40.264 [AsyncHttpClient-1-1] DEBUG org.asynchttpclient.netty.channel.DefaultChannelPool - Entry count for : http://localhost:64001 : 1
10:46:40.264 [AsyncHttpClient-1-1] DEBUG org.asynchttpclient.netty.channel.DefaultChannelPool - Adding Candidate expired Channel [id: 0x3908c827, L:/127.0.0.1:57762 ! R:localhost/127.0.0.1:57757] isIdleTimeoutExpired=false isRemotelyClosed=true isTtlExpired=false
10:46:40.264 [AsyncHttpClient-1-1] DEBUG org.asynchttpclient.netty.channel.DefaultChannelPool - Closing Idle Channel [id: 0x3908c827, L:/127.0.0.1:57762 ! R:localhost/127.0.0.1:57757]
10:46:40.264 [AsyncHttpClient-1-1] DEBUG org.asynchttpclient.netty.channel.DefaultChannelPool - Adding Candidate expired Channel [id: 0x5937cb8f, L:/127.0.0.1:57756 ! R:localhost/127.0.0.1:64001] isIdleTimeoutExpired=false isRemotelyClosed=true isTtlExpired=false
10:46:40.264 [AsyncHttpClient-1-1] DEBUG org.asynchttpclient.netty.channel.DefaultChannelPool - Closing Idle Channel [id: 0x5937cb8f, L:/127.0.0.1:57756 ! R:localhost/127.0.0.1:64001]
10:46:40.264 [AsyncHttpClient-1-1] DEBUG org.asynchttpclient.netty.channel.DefaultChannelPool - Closed 2 connections out of 2 in 0 ms
]]></system-out>
    <system-err><![CDATA[Starting ChromeDriver 102.0.5005.61 (0e59bcc00cc4985ce39ad31c150065f159d95ad3-refs/branch-heads/5005@{#819}) on port 64001
Only local connections are allowed.
Please see https://chromedriver.chromium.org/security-considerations for suggestions on keeping ChromeDriver safe.
ChromeDriver was started successfully.
Jun 21, 2022 10:46:34 AM org.openqa.selenium.remote.ProtocolHandshake createSession
INFO: Detected dialect: W3C
Jun 21, 2022 10:46:34 AM org.openqa.selenium.devtools.CdpVersionFinder findNearestMatch
WARNING: Unable to find an exact match for CDP version 102, so returning the closest version found: a no-op implementation
Jun 21, 2022 10:46:34 AM org.openqa.selenium.devtools.CdpVersionFinder findNearestMatch
INFO: Unable to find CDP implementation matching 102.
Jun 21, 2022 10:46:34 AM org.openqa.selenium.chromium.ChromiumDriver lambda$new$3
WARNING: Unable to find version of CDP to use for . You may need to include a dependency on a specific version of the CDP using something similar to `org.seleniumhq.selenium:selenium-devtools-v86:4.1.2` where the version ("v86") matches the version of the chromium-based browser you're using and the version number of the artifact is the same as Selenium's.
]]></system-err>
  </testcase>
  <testcase name="Create New Doctor Scenario" classname="Doctor" time="12.009">
    <system-out><![CDATA[10:46:40.534 [main] INFO io.cucumber.core.plugin.SerenityReporter - Running feature from file:///E:/My%20Documents/File%20Difa/TI%20Semester%206%20Kampus%20Merdeka%20Alterra/Tugas/CAPSTONE%20Project/Capstone-Project-Website/src/test/resources/features/3.Doctor.feature
10:46:40.539 [main] DEBUG net.thucydides.core.steps.StepEventBus - Test suite started for story net.thucydides.core.model.Story@bff63723
10:46:40.540 [main] INFO  - Test Suite Started: Doctor

@Doctor @CreateDoctor
Scenario: Create New Doctor Scenario             &amp#27;[90m# src/test/resources/features/3.Doctor.feature:9&amp#27;[0m
10:46:40.557 [main] INFO io.cucumber.core.plugin.SerenityReporter - Running feature from file:///E:/My%20Documents/File%20Difa/TI%20Semester%206%20Kampus%20Merdeka%20Alterra/Tugas/CAPSTONE%20Project/Capstone-Project-Website/src/test/resources/features/3.Doctor.feature
10:46:40.559 [main] INFO  - 
  _____   ___   ___   _____     ___   _____     _     ___   _____   ___   ___  
 |_   _| | __| / __| |_   _|   / __| |_   _|   /_\   | _ \ |_   _| | __| |   \ 
   | |   | _|  \__ \   | |     \__ \   | |    / _ \  |   /   | |   | _|  | |) |
   |_|   |___| |___/   |_|     |___/   |_|   /_/ \_\ |_|_\   |_|   |___| |___/ 

Create New Doctor Scenario(doctor;create-new-doctor-scenario)
--------------------------------------------------------------------------------
10:46:41.056 [main] DEBUG net.thucydides.core.steps.StepInterceptor - STARTING STEP: DoctorSteps.iAmAtTheDashboardPage - openUrl
10:46:41.058 [main] INFO net.serenitybdd.core.webdriver.driverproviders.ChromeDriverProvider - Using automatically driver download
10:46:41.204 [main] DEBUG io.github.bonigarcia.wdm.cache.ResolutionCache - Resolution chrome=102 in cache (valid until 11:37:46 21/06/2022 ICT)
10:46:41.207 [main] DEBUG io.github.bonigarcia.wdm.cache.ResolutionCache - Resolution chrome102=102.0.5005.61 in cache (valid until 09:22:16 22/06/2022 ICT)
10:46:41.209 [main] INFO io.github.bonigarcia.wdm.WebDriverManager - Using chromedriver 102.0.5005.61 (resolved driver for Chrome 102)
10:46:41.217 [main] DEBUG io.github.bonigarcia.wdm.WebDriverManager - Driver chromedriver 102.0.5005.61 found in cache
10:46:41.218 [main] INFO io.github.bonigarcia.wdm.WebDriverManager - Exporting webdriver.chrome.driver as C:\Users\USER\.cache\selenium\chromedriver\win32\102.0.5005.61\chromedriver.exe
10:46:41.362 [main] DEBUG net.serenitybdd.core.webdriver.driverproviders.ProvideNewDriver - Instantiating driver
10:46:41.362 [main] DEBUG net.serenitybdd.core.webdriver.driverproviders.ProvideNewDriver - Driver capabilities: Capabilities {acceptInsecureCerts: false, base.url: https://hospital-management..., browserName: chrome, chrome.driver: src/test/resources/webdrive..., driver: chrome, goog:chromeOptions: {args: [], extensions: []}}
10:46:41.894 [AsyncHttpClient-1-4] DEBUG org.asynchttpclient.netty.channel.NettyConnectListener - Using new Channel '[id: 0xad7067ae, L:/127.0.0.1:57778 - R:localhost/127.0.0.1:62583]' for 'POST' to '/session'
10:46:43.013 [AsyncHttpClient-1-4] DEBUG org.asynchttpclient.netty.handler.HttpHandler - 

Request DefaultHttpRequest(decodeResult: success, version: HTTP/1.1)
POST /session HTTP/1.1
User-Agent: selenium/4.1.2 (java windows)
Content-Length: 621
Content-Type: application/json; charset=utf-8
host: localhost:62583
accept: */*

Response DefaultHttpResponse(decodeResult: success, version: HTTP/1.1)
HTTP/1.1 200 OK
Content-Type: application/json; charset=utf-8
cache-control: no-cache
content-length: 789

10:46:43.013 [AsyncHttpClient-1-4] DEBUG org.asynchttpclient.netty.channel.ChannelManager - Adding key: http://localhost:62583 for channel [id: 0xad7067ae, L:/127.0.0.1:57778 - R:localhost/127.0.0.1:62583]
10:46:43.032 [AsyncHttpClient-1-5] DEBUG org.asynchttpclient.netty.channel.NettyConnectListener - Using new Channel '[id: 0xfe1c55dc, L:/127.0.0.1:57785 - R:localhost/127.0.0.1:57779]' for 'GET' to '/json/version'
10:46:43.033 [AsyncHttpClient-1-5] DEBUG org.asynchttpclient.netty.handler.HttpHandler - 

Request DefaultFullHttpRequest(decodeResult: success, version: HTTP/1.1, content: EmptyByteBufBE)
GET /json/version HTTP/1.1
User-Agent: selenium/4.1.2 (java windows)
host: localhost:57779
accept: */*

Response DefaultHttpResponse(decodeResult: success, version: HTTP/1.1)
HTTP/1.1 200 OK
Content-Type: application/json; charset=UTF-8
content-length: 427

10:46:43.033 [AsyncHttpClient-1-5] DEBUG org.asynchttpclient.netty.channel.ChannelManager - Adding key: http://localhost:57779 for channel [id: 0xfe1c55dc, L:/127.0.0.1:57785 - R:localhost/127.0.0.1:57779]
10:46:43.035 [AsyncHttpClient-1-6] DEBUG org.asynchttpclient.netty.channel.NettyConnectListener - Using new Channel '[id: 0xa64cd4f6, L:/127.0.0.1:57786 - R:localhost/127.0.0.1:57779]' for 'GET' to '/devtools/browser/2689ee09-4561-4407-88a8-ea9950920b50'
10:46:43.036 [AsyncHttpClient-1-6] DEBUG org.asynchttpclient.netty.handler.WebSocketHandler - 

Request DefaultFullHttpRequest(decodeResult: success, version: HTTP/1.1, content: EmptyByteBufBE)
GET /devtools/browser/2689ee09-4561-4407-88a8-ea9950920b50 HTTP/1.1
upgrade: websocket
connection: upgrade
sec-websocket-key: vX6dqhWk1UdnlqXqpPRa0Q==
sec-websocket-version: 13
origin: http://localhost:57779
host: localhost:57779
accept: */*
user-agent: AHC/2.1

Response DefaultHttpResponse(decodeResult: success, version: HTTP/1.1)
HTTP/1.1 101 WebSocket Protocol Handshake
Upgrade: WebSocket
Connection: Upgrade
Sec-WebSocket-Accept: MeoiTSDAQ+Zr+WEHfXnWjILJK0I=

10:46:43.041 [Forwarding maximizeCurrentWindow on session 551e5e4a92d22468b5bd2fcaf54e25a3 to remote] DEBUG org.asynchttpclient.netty.request.NettyRequestSender - Using pooled Channel '[id: 0xad7067ae, L:/127.0.0.1:57778 - R:localhost/127.0.0.1:62583]' for 'POST' to 'http://localhost:62583/session/551e5e4a92d22468b5bd2fcaf54e25a3/window/maximize'
10:46:43.041 [Forwarding maximizeCurrentWindow on session 551e5e4a92d22468b5bd2fcaf54e25a3 to remote] DEBUG org.asynchttpclient.netty.request.NettyRequestSender - Using open Channel [id: 0xad7067ae, L:/127.0.0.1:57778 - R:localhost/127.0.0.1:62583] for POST '/session/551e5e4a92d22468b5bd2fcaf54e25a3/window/maximize'
10:46:43.154 [AsyncHttpClient-1-4] DEBUG org.asynchttpclient.netty.handler.HttpHandler - 

Request DefaultHttpRequest(decodeResult: success, version: HTTP/1.1)
POST /session/551e5e4a92d22468b5bd2fcaf54e25a3/window/maximize HTTP/1.1
User-Agent: selenium/4.1.2 (java windows)
Content-Length: 3
Content-Type: application/json; charset=utf-8
host: localhost:62583
accept: */*

Response DefaultHttpResponse(decodeResult: success, version: HTTP/1.1)
HTTP/1.1 200 OK
Content-Type: application/json; charset=utf-8
cache-control: no-cache
content-length: 51

10:46:43.154 [AsyncHttpClient-1-4] DEBUG org.asynchttpclient.netty.channel.ChannelManager - Adding key: http://localhost:62583 for channel [id: 0xad7067ae, L:/127.0.0.1:57778 - R:localhost/127.0.0.1:62583]
10:46:43.156 [Forwarding get on session 551e5e4a92d22468b5bd2fcaf54e25a3 to remote] DEBUG org.asynchttpclient.netty.request.NettyRequestSender - Using pooled Channel '[id: 0xad7067ae, L:/127.0.0.1:57778 - R:localhost/127.0.0.1:62583]' for 'POST' to 'http://localhost:62583/session/551e5e4a92d22468b5bd2fcaf54e25a3/url'
10:46:43.156 [Forwarding get on session 551e5e4a92d22468b5bd2fcaf54e25a3 to remote] DEBUG org.asynchttpclient.netty.request.NettyRequestSender - Using open Channel [id: 0xad7067ae, L:/127.0.0.1:57778 - R:localhost/127.0.0.1:62583] for POST '/session/551e5e4a92d22468b5bd2fcaf54e25a3/url'
10:46:43.564 [AsyncHttpClient-1-1] DEBUG org.asynchttpclient.netty.channel.DefaultChannelPool - Entry count for : http://localhost:57779 : 1
10:46:44.665 [AsyncHttpClient-1-1] DEBUG org.asynchttpclient.netty.channel.DefaultChannelPool - Entry count for : http://localhost:57779 : 1
10:46:45.494 [AsyncHttpClient-1-4] DEBUG org.asynchttpclient.netty.handler.HttpHandler - 

Request DefaultHttpRequest(decodeResult: success, version: HTTP/1.1)
POST /session/551e5e4a92d22468b5bd2fcaf54e25a3/url HTTP/1.1
User-Agent: selenium/4.1.2 (java windows)
Content-Length: 65
Content-Type: application/json; charset=utf-8
host: localhost:62583
accept: */*

Response DefaultHttpResponse(decodeResult: success, version: HTTP/1.1)
HTTP/1.1 200 OK
Content-Type: application/json; charset=utf-8
cache-control: no-cache
content-length: 14

10:46:45.494 [AsyncHttpClient-1-4] DEBUG org.asynchttpclient.netty.channel.ChannelManager - Adding key: http://localhost:62583 for channel [id: 0xad7067ae, L:/127.0.0.1:57778 - R:localhost/127.0.0.1:62583]
10:46:45.496 [Forwarding setTimeout on session 551e5e4a92d22468b5bd2fcaf54e25a3 to remote] DEBUG org.asynchttpclient.netty.request.NettyRequestSender - Using pooled Channel '[id: 0xad7067ae, L:/127.0.0.1:57778 - R:localhost/127.0.0.1:62583]' for 'POST' to 'http://localhost:62583/session/551e5e4a92d22468b5bd2fcaf54e25a3/timeouts'
10:46:45.496 [Forwarding setTimeout on session 551e5e4a92d22468b5bd2fcaf54e25a3 to remote] DEBUG org.asynchttpclient.netty.request.NettyRequestSender - Using open Channel [id: 0xad7067ae, L:/127.0.0.1:57778 - R:localhost/127.0.0.1:62583] for POST '/session/551e5e4a92d22468b5bd2fcaf54e25a3/timeouts'
10:46:45.498 [AsyncHttpClient-1-4] DEBUG org.asynchttpclient.netty.handler.HttpHandler - 

Request DefaultHttpRequest(decodeResult: success, version: HTTP/1.1)
POST /session/551e5e4a92d22468b5bd2fcaf54e25a3/timeouts HTTP/1.1
User-Agent: selenium/4.1.2 (java windows)
Content-Length: 22
Content-Type: application/json; charset=utf-8
host: localhost:62583
accept: */*

Response DefaultHttpResponse(decodeResult: success, version: HTTP/1.1)
HTTP/1.1 200 OK
Content-Type: application/json; charset=utf-8
cache-control: no-cache
content-length: 14

10:46:45.498 [AsyncHttpClient-1-4] DEBUG org.asynchttpclient.netty.channel.ChannelManager - Adding key: http://localhost:62583 for channel [id: 0xad7067ae, L:/127.0.0.1:57778 - R:localhost/127.0.0.1:62583]
10:46:45.505 [Forwarding getCurrentUrl on session 551e5e4a92d22468b5bd2fcaf54e25a3 to remote] DEBUG org.asynchttpclient.netty.request.NettyRequestSender - Using pooled Channel '[id: 0xad7067ae, L:/127.0.0.1:57778 - R:localhost/127.0.0.1:62583]' for 'GET' to 'http://localhost:62583/session/551e5e4a92d22468b5bd2fcaf54e25a3/url'
10:46:45.505 [Forwarding getCurrentUrl on session 551e5e4a92d22468b5bd2fcaf54e25a3 to remote] DEBUG org.asynchttpclient.netty.request.NettyRequestSender - Using open Channel [id: 0xad7067ae, L:/127.0.0.1:57778 - R:localhost/127.0.0.1:62583] for GET '/session/551e5e4a92d22468b5bd2fcaf54e25a3/url'
10:46:45.542 [AsyncHttpClient-1-4] DEBUG org.asynchttpclient.netty.handler.HttpHandler - 

Request DefaultFullHttpRequest(decodeResult: success, version: HTTP/1.1, content: EmptyByteBufBE)
GET /session/551e5e4a92d22468b5bd2fcaf54e25a3/url HTTP/1.1
User-Agent: selenium/4.1.2 (java windows)
Cache-Control: no-cache
Content-Type: application/json; charset=utf-8
host: localhost:62583
accept: */*

Response DefaultHttpResponse(decodeResult: success, version: HTTP/1.1)
HTTP/1.1 200 OK
Content-Type: application/json; charset=utf-8
cache-control: no-cache
content-length: 53

10:46:45.542 [AsyncHttpClient-1-4] DEBUG org.asynchttpclient.netty.channel.ChannelManager - Adding key: http://localhost:62583 for channel [id: 0xad7067ae, L:/127.0.0.1:57778 - R:localhost/127.0.0.1:62583]
10:46:45.548 [Forwarding getCurrentUrl on session 551e5e4a92d22468b5bd2fcaf54e25a3 to remote] DEBUG org.asynchttpclient.netty.request.NettyRequestSender - Using pooled Channel '[id: 0xad7067ae, L:/127.0.0.1:57778 - R:localhost/127.0.0.1:62583]' for 'GET' to 'http://localhost:62583/session/551e5e4a92d22468b5bd2fcaf54e25a3/url'
10:46:45.548 [Forwarding getCurrentUrl on session 551e5e4a92d22468b5bd2fcaf54e25a3 to remote] DEBUG org.asynchttpclient.netty.request.NettyRequestSender - Using open Channel [id: 0xad7067ae, L:/127.0.0.1:57778 - R:localhost/127.0.0.1:62583] for GET '/session/551e5e4a92d22468b5bd2fcaf54e25a3/url'
10:46:45.558 [AsyncHttpClient-1-4] DEBUG org.asynchttpclient.netty.handler.HttpHandler - 

Request DefaultFullHttpRequest(decodeResult: success, version: HTTP/1.1, content: EmptyByteBufBE)
GET /session/551e5e4a92d22468b5bd2fcaf54e25a3/url HTTP/1.1
User-Agent: selenium/4.1.2 (java windows)
Cache-Control: no-cache
Content-Type: application/json; charset=utf-8
host: localhost:62583
accept: */*

Response DefaultHttpResponse(decodeResult: success, version: HTTP/1.1)
HTTP/1.1 200 OK
Content-Type: application/json; charset=utf-8
cache-control: no-cache
content-length: 53

10:46:45.559 [AsyncHttpClient-1-4] DEBUG org.asynchttpclient.netty.channel.ChannelManager - Adding key: http://localhost:62583 for channel [id: 0xad7067ae, L:/127.0.0.1:57778 - R:localhost/127.0.0.1:62583]
10:46:45.570 [main] DEBUG net.serenitybdd.core.photography.Darkroom - Opening darkroom
10:46:45.571 [Forwarding screenshot on session 551e5e4a92d22468b5bd2fcaf54e25a3 to remote] DEBUG org.asynchttpclient.netty.request.NettyRequestSender - Using pooled Channel '[id: 0xad7067ae, L:/127.0.0.1:57778 - R:localhost/127.0.0.1:62583]' for 'GET' to 'http://localhost:62583/session/551e5e4a92d22468b5bd2fcaf54e25a3/screenshot'
10:46:45.571 [Forwarding screenshot on session 551e5e4a92d22468b5bd2fcaf54e25a3 to remote] DEBUG org.asynchttpclient.netty.request.NettyRequestSender - Using open Channel [id: 0xad7067ae, L:/127.0.0.1:57778 - R:localhost/127.0.0.1:62583] for GET '/session/551e5e4a92d22468b5bd2fcaf54e25a3/screenshot'
10:46:45.572 [Darkroom Processing Line] DEBUG net.serenitybdd.core.photography.DarkroomProcessingLine - Darkroom processing line starting up
10:46:45.766 [AsyncHttpClient-1-1] DEBUG org.asynchttpclient.netty.channel.DefaultChannelPool - Entry count for : http://localhost:57779 : 1
10:46:46.111 [AsyncHttpClient-1-4] DEBUG org.asynchttpclient.netty.handler.HttpHandler - 

Request DefaultFullHttpRequest(decodeResult: success, version: HTTP/1.1, content: EmptyByteBufBE)
GET /session/551e5e4a92d22468b5bd2fcaf54e25a3/screenshot HTTP/1.1
User-Agent: selenium/4.1.2 (java windows)
Cache-Control: no-cache
Content-Type: application/json; charset=utf-8
host: localhost:62583
accept: */*

Response DefaultHttpResponse(decodeResult: success, version: HTTP/1.1)
HTTP/1.1 200 OK
Content-Type: application/json; charset=utf-8
cache-control: no-cache
content-length: 313604

10:46:46.114 [AsyncHttpClient-1-4] DEBUG org.asynchttpclient.netty.channel.ChannelManager - Adding key: http://localhost:62583 for channel [id: 0xad7067ae, L:/127.0.0.1:57778 - R:localhost/127.0.0.1:62583]
10:46:46.157 [main] DEBUG net.serenitybdd.core.photography.Darkroom - Send negative for processing for target\site\serenity\13e6ce8a3c5241b906d0fd009192e5a3cf50c5e1b77f08c1632ee049f8b977ee.png
10:46:46.157 [main] DEBUG net.thucydides.core.steps.StepInterceptor - STEP DONE: openUrl
10:46:46.157 [Darkroom Processing Line] DEBUG net.serenitybdd.core.photography.DarkroomProcessingLine - Processing screenshot image in /var/screenshots/screenshot-6544799306040649781
10:46:46.157 [Darkroom Processing Line] DEBUG net.serenitybdd.core.photography.DarkroomProcessingLine - Saving screenshot to target\site\serenity\13e6ce8a3c5241b906d0fd009192e5a3cf50c5e1b77f08c1632ee049f8b977ee.png
10:46:46.168 [main] DEBUG net.thucydides.core.steps.StepInterceptor - STARTING STEP: DoctorSteps.iAmAtTheDashboardPage - validateOnDashboardPage
10:46:46.172 [Forwarding findElement on session 551e5e4a92d22468b5bd2fcaf54e25a3 to remote] DEBUG org.asynchttpclient.netty.request.NettyRequestSender - Using pooled Channel '[id: 0xad7067ae, L:/127.0.0.1:57778 - R:localhost/127.0.0.1:62583]' for 'POST' to 'http://localhost:62583/session/551e5e4a92d22468b5bd2fcaf54e25a3/element'
10:46:46.172 [Forwarding findElement on session 551e5e4a92d22468b5bd2fcaf54e25a3 to remote] DEBUG org.asynchttpclient.netty.request.NettyRequestSender - Using open Channel [id: 0xad7067ae, L:/127.0.0.1:57778 - R:localhost/127.0.0.1:62583] for POST '/session/551e5e4a92d22468b5bd2fcaf54e25a3/element'
10:46:46.195 [AsyncHttpClient-1-4] DEBUG org.asynchttpclient.netty.handler.HttpHandler - 

Request DefaultHttpRequest(decodeResult: success, version: HTTP/1.1)
POST /session/551e5e4a92d22468b5bd2fcaf54e25a3/element HTTP/1.1
User-Agent: selenium/4.1.2 (java windows)
Content-Length: 81
Content-Type: application/json; charset=utf-8
host: localhost:62583
accept: */*

Response DefaultHttpResponse(decodeResult: success, version: HTTP/1.1)
HTTP/1.1 200 OK
Content-Type: application/json; charset=utf-8
cache-control: no-cache
content-length: 88

10:46:46.195 [AsyncHttpClient-1-4] DEBUG org.asynchttpclient.netty.channel.ChannelManager - Adding key: http://localhost:62583 for channel [id: 0xad7067ae, L:/127.0.0.1:57778 - R:localhost/127.0.0.1:62583]
10:46:46.200 [Forwarding isElementDisplayed on session 551e5e4a92d22468b5bd2fcaf54e25a3 to remote] DEBUG org.asynchttpclient.netty.request.NettyRequestSender - Using pooled Channel '[id: 0xad7067ae, L:/127.0.0.1:57778 - R:localhost/127.0.0.1:62583]' for 'POST' to 'http://localhost:62583/session/551e5e4a92d22468b5bd2fcaf54e25a3/execute/sync'
10:46:46.200 [Forwarding isElementDisplayed on session 551e5e4a92d22468b5bd2fcaf54e25a3 to remote] DEBUG org.asynchttpclient.netty.request.NettyRequestSender - Using open Channel [id: 0xad7067ae, L:/127.0.0.1:57778 - R:localhost/127.0.0.1:62583] for POST '/session/551e5e4a92d22468b5bd2fcaf54e25a3/execute/sync'
10:46:46.224 [AsyncHttpClient-1-4] DEBUG org.asynchttpclient.netty.handler.HttpHandler - 

Request DefaultHttpRequest(decodeResult: success, version: HTTP/1.1)
POST /session/551e5e4a92d22468b5bd2fcaf54e25a3/execute/sync HTTP/1.1
User-Agent: selenium/4.1.2 (java windows)
Content-Length: 48780
Content-Type: application/json; charset=utf-8
host: localhost:62583
accept: */*

Response DefaultHttpResponse(decodeResult: success, version: HTTP/1.1)
HTTP/1.1 200 OK
Content-Type: application/json; charset=utf-8
cache-control: no-cache
content-length: 14

10:46:46.225 [AsyncHttpClient-1-4] DEBUG org.asynchttpclient.netty.channel.ChannelManager - Adding key: http://localhost:62583 for channel [id: 0xad7067ae, L:/127.0.0.1:57778 - R:localhost/127.0.0.1:62583]
10:46:46.234 [Forwarding screenshot on session 551e5e4a92d22468b5bd2fcaf54e25a3 to remote] DEBUG org.asynchttpclient.netty.request.NettyRequestSender - Using pooled Channel '[id: 0xad7067ae, L:/127.0.0.1:57778 - R:localhost/127.0.0.1:62583]' for 'GET' to 'http://localhost:62583/session/551e5e4a92d22468b5bd2fcaf54e25a3/screenshot'
10:46:46.234 [Forwarding screenshot on session 551e5e4a92d22468b5bd2fcaf54e25a3 to remote] DEBUG org.asynchttpclient.netty.request.NettyRequestSender - Using open Channel [id: 0xad7067ae, L:/127.0.0.1:57778 - R:localhost/127.0.0.1:62583] for GET '/session/551e5e4a92d22468b5bd2fcaf54e25a3/screenshot'
10:46:46.558 [AsyncHttpClient-1-4] DEBUG org.asynchttpclient.netty.handler.HttpHandler - 

Request DefaultFullHttpRequest(decodeResult: success, version: HTTP/1.1, content: EmptyByteBufBE)
GET /session/551e5e4a92d22468b5bd2fcaf54e25a3/screenshot HTTP/1.1
User-Agent: selenium/4.1.2 (java windows)
Cache-Control: no-cache
Content-Type: application/json; charset=utf-8
host: localhost:62583
accept: */*

Response DefaultHttpResponse(decodeResult: success, version: HTTP/1.1)
HTTP/1.1 200 OK
Content-Type: application/json; charset=utf-8
cache-control: no-cache
content-length: 382596

10:46:46.561 [AsyncHttpClient-1-4] DEBUG org.asynchttpclient.netty.channel.ChannelManager - Adding key: http://localhost:62583 for channel [id: 0xad7067ae, L:/127.0.0.1:57778 - R:localhost/127.0.0.1:62583]
10:46:46.587 [main] DEBUG net.serenitybdd.core.photography.Darkroom - Send negative for processing for target\site\serenity\ed15a54c91c342d96a850276df7b559f4526b370fc93040e3c407a48a170f368.png
10:46:46.588 [main] DEBUG net.thucydides.core.steps.StepInterceptor - STEP DONE: validateOnDashboardPage
  &amp#27;[32mGiven &amp#27;[0m&amp#27;[32mI'am at the dashboard page&amp#27;[0m               &amp#27;[90m# starter.stepdefinitions.DoctorSteps.iAmAtTheDashboardPage()&amp#27;[0m
10:46:46.614 [main] DEBUG net.thucydides.core.steps.StepInterceptor - STARTING STEP: DoctorSteps.iClickMenuDoctor - clickMenuDoctorButton
10:46:46.619 [Forwarding findElement on session 551e5e4a92d22468b5bd2fcaf54e25a3 to remote] DEBUG org.asynchttpclient.netty.request.NettyRequestSender - Using pooled Channel '[id: 0xad7067ae, L:/127.0.0.1:57778 - R:localhost/127.0.0.1:62583]' for 'POST' to 'http://localhost:62583/session/551e5e4a92d22468b5bd2fcaf54e25a3/element'
10:46:46.619 [Forwarding findElement on session 551e5e4a92d22468b5bd2fcaf54e25a3 to remote] DEBUG org.asynchttpclient.netty.request.NettyRequestSender - Using open Channel [id: 0xad7067ae, L:/127.0.0.1:57778 - R:localhost/127.0.0.1:62583] for POST '/session/551e5e4a92d22468b5bd2fcaf54e25a3/element'
10:46:46.639 [AsyncHttpClient-1-4] DEBUG org.asynchttpclient.netty.handler.HttpHandler - 

Request DefaultHttpRequest(decodeResult: success, version: HTTP/1.1)
POST /session/551e5e4a92d22468b5bd2fcaf54e25a3/element HTTP/1.1
User-Agent: selenium/4.1.2 (java windows)
Content-Length: 79
Content-Type: application/json; charset=utf-8
host: localhost:62583
accept: */*

Response DefaultHttpResponse(decodeResult: success, version: HTTP/1.1)
HTTP/1.1 200 OK
Content-Type: application/json; charset=utf-8
cache-control: no-cache
content-length: 88

10:46:46.639 [AsyncHttpClient-1-4] DEBUG org.asynchttpclient.netty.channel.ChannelManager - Adding key: http://localhost:62583 for channel [id: 0xad7067ae, L:/127.0.0.1:57778 - R:localhost/127.0.0.1:62583]
10:46:46.641 [Forwarding getElementTagName on session 551e5e4a92d22468b5bd2fcaf54e25a3 to remote] DEBUG org.asynchttpclient.netty.request.NettyRequestSender - Using pooled Channel '[id: 0xad7067ae, L:/127.0.0.1:57778 - R:localhost/127.0.0.1:62583]' for 'GET' to 'http://localhost:62583/session/551e5e4a92d22468b5bd2fcaf54e25a3/element/114b4708-9171-4ed3-ae45-a7896d5fd296/name'
10:46:46.641 [Forwarding getElementTagName on session 551e5e4a92d22468b5bd2fcaf54e25a3 to remote] DEBUG org.asynchttpclient.netty.request.NettyRequestSender - Using open Channel [id: 0xad7067ae, L:/127.0.0.1:57778 - R:localhost/127.0.0.1:62583] for GET '/session/551e5e4a92d22468b5bd2fcaf54e25a3/element/114b4708-9171-4ed3-ae45-a7896d5fd296/name'
10:46:46.647 [AsyncHttpClient-1-4] DEBUG org.asynchttpclient.netty.handler.HttpHandler - 

Request DefaultFullHttpRequest(decodeResult: success, version: HTTP/1.1, content: EmptyByteBufBE)
GET /session/551e5e4a92d22468b5bd2fcaf54e25a3/element/114b4708-9171-4ed3-ae45-a7896d5fd296/name HTTP/1.1
User-Agent: selenium/4.1.2 (java windows)
Cache-Control: no-cache
Content-Type: application/json; charset=utf-8
host: localhost:62583
accept: */*

Response DefaultHttpResponse(decodeResult: success, version: HTTP/1.1)
HTTP/1.1 200 OK
Content-Type: application/json; charset=utf-8
cache-control: no-cache
content-length: 15

10:46:46.647 [AsyncHttpClient-1-4] DEBUG org.asynchttpclient.netty.channel.ChannelManager - Adding key: http://localhost:62583 for channel [id: 0xad7067ae, L:/127.0.0.1:57778 - R:localhost/127.0.0.1:62583]
10:46:46.649 [Forwarding getElementTagName on session 551e5e4a92d22468b5bd2fcaf54e25a3 to remote] DEBUG org.asynchttpclient.netty.request.NettyRequestSender - Using pooled Channel '[id: 0xad7067ae, L:/127.0.0.1:57778 - R:localhost/127.0.0.1:62583]' for 'GET' to 'http://localhost:62583/session/551e5e4a92d22468b5bd2fcaf54e25a3/element/114b4708-9171-4ed3-ae45-a7896d5fd296/name'
10:46:46.649 [Forwarding getElementTagName on session 551e5e4a92d22468b5bd2fcaf54e25a3 to remote] DEBUG org.asynchttpclient.netty.request.NettyRequestSender - Using open Channel [id: 0xad7067ae, L:/127.0.0.1:57778 - R:localhost/127.0.0.1:62583] for GET '/session/551e5e4a92d22468b5bd2fcaf54e25a3/element/114b4708-9171-4ed3-ae45-a7896d5fd296/name'
10:46:46.653 [AsyncHttpClient-1-4] DEBUG org.asynchttpclient.netty.handler.HttpHandler - 

Request DefaultFullHttpRequest(decodeResult: success, version: HTTP/1.1, content: EmptyByteBufBE)
GET /session/551e5e4a92d22468b5bd2fcaf54e25a3/element/114b4708-9171-4ed3-ae45-a7896d5fd296/name HTTP/1.1
User-Agent: selenium/4.1.2 (java windows)
Cache-Control: no-cache
Content-Type: application/json; charset=utf-8
host: localhost:62583
accept: */*

Response DefaultHttpResponse(decodeResult: success, version: HTTP/1.1)
HTTP/1.1 200 OK
Content-Type: application/json; charset=utf-8
cache-control: no-cache
content-length: 15

10:46:46.654 [AsyncHttpClient-1-4] DEBUG org.asynchttpclient.netty.channel.ChannelManager - Adding key: http://localhost:62583 for channel [id: 0xad7067ae, L:/127.0.0.1:57778 - R:localhost/127.0.0.1:62583]
10:46:46.656 [Forwarding findElement on session 551e5e4a92d22468b5bd2fcaf54e25a3 to remote] DEBUG org.asynchttpclient.netty.request.NettyRequestSender - Using pooled Channel '[id: 0xad7067ae, L:/127.0.0.1:57778 - R:localhost/127.0.0.1:62583]' for 'POST' to 'http://localhost:62583/session/551e5e4a92d22468b5bd2fcaf54e25a3/element'
10:46:46.656 [Forwarding findElement on session 551e5e4a92d22468b5bd2fcaf54e25a3 to remote] DEBUG org.asynchttpclient.netty.request.NettyRequestSender - Using open Channel [id: 0xad7067ae, L:/127.0.0.1:57778 - R:localhost/127.0.0.1:62583] for POST '/session/551e5e4a92d22468b5bd2fcaf54e25a3/element'
10:46:46.667 [AsyncHttpClient-1-4] DEBUG org.asynchttpclient.netty.handler.HttpHandler - 

Request DefaultHttpRequest(decodeResult: success, version: HTTP/1.1)
POST /session/551e5e4a92d22468b5bd2fcaf54e25a3/element HTTP/1.1
User-Agent: selenium/4.1.2 (java windows)
Content-Length: 79
Content-Type: application/json; charset=utf-8
host: localhost:62583
accept: */*

Response DefaultHttpResponse(decodeResult: success, version: HTTP/1.1)
HTTP/1.1 200 OK
Content-Type: application/json; charset=utf-8
cache-control: no-cache
content-length: 88

10:46:46.667 [AsyncHttpClient-1-4] DEBUG org.asynchttpclient.netty.channel.ChannelManager - Adding key: http://localhost:62583 for channel [id: 0xad7067ae, L:/127.0.0.1:57778 - R:localhost/127.0.0.1:62583]
10:46:46.668 [Forwarding clickElement on session 551e5e4a92d22468b5bd2fcaf54e25a3 to remote] DEBUG org.asynchttpclient.netty.request.NettyRequestSender - Using pooled Channel '[id: 0xad7067ae, L:/127.0.0.1:57778 - R:localhost/127.0.0.1:62583]' for 'POST' to 'http://localhost:62583/session/551e5e4a92d22468b5bd2fcaf54e25a3/element/114b4708-9171-4ed3-ae45-a7896d5fd296/click'
10:46:46.668 [Forwarding clickElement on session 551e5e4a92d22468b5bd2fcaf54e25a3 to remote] DEBUG org.asynchttpclient.netty.request.NettyRequestSender - Using open Channel [id: 0xad7067ae, L:/127.0.0.1:57778 - R:localhost/127.0.0.1:62583] for POST '/session/551e5e4a92d22468b5bd2fcaf54e25a3/element/114b4708-9171-4ed3-ae45-a7896d5fd296/click'
10:46:46.863 [AsyncHttpClient-1-1] DEBUG org.asynchttpclient.netty.channel.DefaultChannelPool - Entry count for : http://localhost:57779 : 1
10:46:46.928 [AsyncHttpClient-1-4] DEBUG org.asynchttpclient.netty.handler.HttpHandler - 

Request DefaultHttpRequest(decodeResult: success, version: HTTP/1.1)
POST /session/551e5e4a92d22468b5bd2fcaf54e25a3/element/114b4708-9171-4ed3-ae45-a7896d5fd296/click HTTP/1.1
User-Agent: selenium/4.1.2 (java windows)
Content-Length: 50
Content-Type: application/json; charset=utf-8
host: localhost:62583
accept: */*

Response DefaultHttpResponse(decodeResult: success, version: HTTP/1.1)
HTTP/1.1 200 OK
Content-Type: application/json; charset=utf-8
cache-control: no-cache
content-length: 14

10:46:46.928 [AsyncHttpClient-1-4] DEBUG org.asynchttpclient.netty.channel.ChannelManager - Adding key: http://localhost:62583 for channel [id: 0xad7067ae, L:/127.0.0.1:57778 - R:localhost/127.0.0.1:62583]
10:46:46.939 [Forwarding screenshot on session 551e5e4a92d22468b5bd2fcaf54e25a3 to remote] DEBUG org.asynchttpclient.netty.request.NettyRequestSender - Using pooled Channel '[id: 0xad7067ae, L:/127.0.0.1:57778 - R:localhost/127.0.0.1:62583]' for 'GET' to 'http://localhost:62583/session/551e5e4a92d22468b5bd2fcaf54e25a3/screenshot'
10:46:46.939 [Forwarding screenshot on session 551e5e4a92d22468b5bd2fcaf54e25a3 to remote] DEBUG org.asynchttpclient.netty.request.NettyRequestSender - Using open Channel [id: 0xad7067ae, L:/127.0.0.1:57778 - R:localhost/127.0.0.1:62583] for GET '/session/551e5e4a92d22468b5bd2fcaf54e25a3/screenshot'
10:46:47.066 [AsyncHttpClient-1-4] DEBUG org.asynchttpclient.netty.handler.HttpHandler - 

Request DefaultFullHttpRequest(decodeResult: success, version: HTTP/1.1, content: EmptyByteBufBE)
GET /session/551e5e4a92d22468b5bd2fcaf54e25a3/screenshot HTTP/1.1
User-Agent: selenium/4.1.2 (java windows)
Cache-Control: no-cache
Content-Type: application/json; charset=utf-8
host: localhost:62583
accept: */*

Response DefaultHttpResponse(decodeResult: success, version: HTTP/1.1)
HTTP/1.1 200 OK
Content-Type: application/json; charset=utf-8
cache-control: no-cache
content-length: 56192

10:46:47.066 [AsyncHttpClient-1-4] DEBUG org.asynchttpclient.netty.channel.ChannelManager - Adding key: http://localhost:62583 for channel [id: 0xad7067ae, L:/127.0.0.1:57778 - R:localhost/127.0.0.1:62583]
10:46:47.070 [main] DEBUG net.serenitybdd.core.photography.Darkroom - Send negative for processing for target\site\serenity\d631e005c1ab8c2ae9496eb0000819a309562887f5f0fc5c3b73065dfab87bed.png
10:46:47.070 [main] DEBUG net.thucydides.core.steps.StepInterceptor - STEP DONE: clickMenuDoctorButton
  &amp#27;[32mAnd &amp#27;[0m&amp#27;[32mI click menu doctor&amp#27;[0m                        &amp#27;[90m# starter.stepdefinitions.DoctorSteps.iClickMenuDoctor()&amp#27;[0m
10:46:47.071 [Darkroom Processing Line] DEBUG net.serenitybdd.core.photography.DarkroomProcessingLine - Processing screenshot image in /var/screenshots/screenshot-3795321580963442526
10:46:47.071 [Darkroom Processing Line] DEBUG net.serenitybdd.core.photography.DarkroomProcessingLine - Saving screenshot to target\site\serenity\d631e005c1ab8c2ae9496eb0000819a309562887f5f0fc5c3b73065dfab87bed.png
10:46:47.097 [main] DEBUG net.thucydides.core.steps.StepInterceptor - STARTING STEP: DoctorSteps.iClickAddNewDoctor - clickAddNewDoctorButton
10:46:47.103 [Forwarding findElement on session 551e5e4a92d22468b5bd2fcaf54e25a3 to remote] DEBUG org.asynchttpclient.netty.request.NettyRequestSender - Using pooled Channel '[id: 0xad7067ae, L:/127.0.0.1:57778 - R:localhost/127.0.0.1:62583]' for 'POST' to 'http://localhost:62583/session/551e5e4a92d22468b5bd2fcaf54e25a3/element'
10:46:47.103 [Forwarding findElement on session 551e5e4a92d22468b5bd2fcaf54e25a3 to remote] DEBUG org.asynchttpclient.netty.request.NettyRequestSender - Using open Channel [id: 0xad7067ae, L:/127.0.0.1:57778 - R:localhost/127.0.0.1:62583] for POST '/session/551e5e4a92d22468b5bd2fcaf54e25a3/element'
10:46:47.126 [AsyncHttpClient-1-4] DEBUG org.asynchttpclient.netty.handler.HttpHandler - 

Request DefaultHttpRequest(decodeResult: success, version: HTTP/1.1)
POST /session/551e5e4a92d22468b5bd2fcaf54e25a3/element HTTP/1.1
User-Agent: selenium/4.1.2 (java windows)
Content-Length: 149
Content-Type: application/json; charset=utf-8
host: localhost:62583
accept: */*

Response DefaultHttpResponse(decodeResult: success, version: HTTP/1.1)
HTTP/1.1 200 OK
Content-Type: application/json; charset=utf-8
cache-control: no-cache
content-length: 88

10:46:47.126 [AsyncHttpClient-1-4] DEBUG org.asynchttpclient.netty.channel.ChannelManager - Adding key: http://localhost:62583 for channel [id: 0xad7067ae, L:/127.0.0.1:57778 - R:localhost/127.0.0.1:62583]
10:46:47.127 [Forwarding getElementTagName on session 551e5e4a92d22468b5bd2fcaf54e25a3 to remote] DEBUG org.asynchttpclient.netty.request.NettyRequestSender - Using pooled Channel '[id: 0xad7067ae, L:/127.0.0.1:57778 - R:localhost/127.0.0.1:62583]' for 'GET' to 'http://localhost:62583/session/551e5e4a92d22468b5bd2fcaf54e25a3/element/e8f30eb5-1bb3-42e4-97bc-1cc976aaa742/name'
10:46:47.128 [Forwarding getElementTagName on session 551e5e4a92d22468b5bd2fcaf54e25a3 to remote] DEBUG org.asynchttpclient.netty.request.NettyRequestSender - Using open Channel [id: 0xad7067ae, L:/127.0.0.1:57778 - R:localhost/127.0.0.1:62583] for GET '/session/551e5e4a92d22468b5bd2fcaf54e25a3/element/e8f30eb5-1bb3-42e4-97bc-1cc976aaa742/name'
10:46:47.134 [AsyncHttpClient-1-4] DEBUG org.asynchttpclient.netty.handler.HttpHandler - 

Request DefaultFullHttpRequest(decodeResult: success, version: HTTP/1.1, content: EmptyByteBufBE)
GET /session/551e5e4a92d22468b5bd2fcaf54e25a3/element/e8f30eb5-1bb3-42e4-97bc-1cc976aaa742/name HTTP/1.1
User-Agent: selenium/4.1.2 (java windows)
Cache-Control: no-cache
Content-Type: application/json; charset=utf-8
host: localhost:62583
accept: */*

Response DefaultHttpResponse(decodeResult: success, version: HTTP/1.1)
HTTP/1.1 200 OK
Content-Type: application/json; charset=utf-8
cache-control: no-cache
content-length: 18

10:46:47.134 [AsyncHttpClient-1-4] DEBUG org.asynchttpclient.netty.channel.ChannelManager - Adding key: http://localhost:62583 for channel [id: 0xad7067ae, L:/127.0.0.1:57778 - R:localhost/127.0.0.1:62583]
10:46:47.136 [Forwarding getElementTagName on session 551e5e4a92d22468b5bd2fcaf54e25a3 to remote] DEBUG org.asynchttpclient.netty.request.NettyRequestSender - Using pooled Channel '[id: 0xad7067ae, L:/127.0.0.1:57778 - R:localhost/127.0.0.1:62583]' for 'GET' to 'http://localhost:62583/session/551e5e4a92d22468b5bd2fcaf54e25a3/element/e8f30eb5-1bb3-42e4-97bc-1cc976aaa742/name'
10:46:47.136 [Forwarding getElementTagName on session 551e5e4a92d22468b5bd2fcaf54e25a3 to remote] DEBUG org.asynchttpclient.netty.request.NettyRequestSender - Using open Channel [id: 0xad7067ae, L:/127.0.0.1:57778 - R:localhost/127.0.0.1:62583] for GET '/session/551e5e4a92d22468b5bd2fcaf54e25a3/element/e8f30eb5-1bb3-42e4-97bc-1cc976aaa742/name'
10:46:47.141 [AsyncHttpClient-1-4] DEBUG org.asynchttpclient.netty.handler.HttpHandler - 

Request DefaultFullHttpRequest(decodeResult: success, version: HTTP/1.1, content: EmptyByteBufBE)
GET /session/551e5e4a92d22468b5bd2fcaf54e25a3/element/e8f30eb5-1bb3-42e4-97bc-1cc976aaa742/name HTTP/1.1
User-Agent: selenium/4.1.2 (java windows)
Cache-Control: no-cache
Content-Type: application/json; charset=utf-8
host: localhost:62583
accept: */*

Response DefaultHttpResponse(decodeResult: success, version: HTTP/1.1)
HTTP/1.1 200 OK
Content-Type: application/json; charset=utf-8
cache-control: no-cache
content-length: 18

10:46:47.141 [AsyncHttpClient-1-4] DEBUG org.asynchttpclient.netty.channel.ChannelManager - Adding key: http://localhost:62583 for channel [id: 0xad7067ae, L:/127.0.0.1:57778 - R:localhost/127.0.0.1:62583]
10:46:47.145 [Forwarding isElementEnabled on session 551e5e4a92d22468b5bd2fcaf54e25a3 to remote] DEBUG org.asynchttpclient.netty.request.NettyRequestSender - Using pooled Channel '[id: 0xad7067ae, L:/127.0.0.1:57778 - R:localhost/127.0.0.1:62583]' for 'GET' to 'http://localhost:62583/session/551e5e4a92d22468b5bd2fcaf54e25a3/element/e8f30eb5-1bb3-42e4-97bc-1cc976aaa742/enabled'
10:46:47.145 [Forwarding isElementEnabled on session 551e5e4a92d22468b5bd2fcaf54e25a3 to remote] DEBUG org.asynchttpclient.netty.request.NettyRequestSender - Using open Channel [id: 0xad7067ae, L:/127.0.0.1:57778 - R:localhost/127.0.0.1:62583] for GET '/session/551e5e4a92d22468b5bd2fcaf54e25a3/element/e8f30eb5-1bb3-42e4-97bc-1cc976aaa742/enabled'
10:46:47.159 [AsyncHttpClient-1-4] DEBUG org.asynchttpclient.netty.handler.HttpHandler - 

Request DefaultFullHttpRequest(decodeResult: success, version: HTTP/1.1, content: EmptyByteBufBE)
GET /session/551e5e4a92d22468b5bd2fcaf54e25a3/element/e8f30eb5-1bb3-42e4-97bc-1cc976aaa742/enabled HTTP/1.1
User-Agent: selenium/4.1.2 (java windows)
Cache-Control: no-cache
Content-Type: application/json; charset=utf-8
host: localhost:62583
accept: */*

Response DefaultHttpResponse(decodeResult: success, version: HTTP/1.1)
HTTP/1.1 200 OK
Content-Type: application/json; charset=utf-8
cache-control: no-cache
content-length: 14

10:46:47.159 [AsyncHttpClient-1-4] DEBUG org.asynchttpclient.netty.channel.ChannelManager - Adding key: http://localhost:62583 for channel [id: 0xad7067ae, L:/127.0.0.1:57778 - R:localhost/127.0.0.1:62583]
10:46:47.160 [Forwarding isElementEnabled on session 551e5e4a92d22468b5bd2fcaf54e25a3 to remote] DEBUG org.asynchttpclient.netty.request.NettyRequestSender - Using pooled Channel '[id: 0xad7067ae, L:/127.0.0.1:57778 - R:localhost/127.0.0.1:62583]' for 'GET' to 'http://localhost:62583/session/551e5e4a92d22468b5bd2fcaf54e25a3/element/e8f30eb5-1bb3-42e4-97bc-1cc976aaa742/enabled'
10:46:47.161 [Forwarding isElementEnabled on session 551e5e4a92d22468b5bd2fcaf54e25a3 to remote] DEBUG org.asynchttpclient.netty.request.NettyRequestSender - Using open Channel [id: 0xad7067ae, L:/127.0.0.1:57778 - R:localhost/127.0.0.1:62583] for GET '/session/551e5e4a92d22468b5bd2fcaf54e25a3/element/e8f30eb5-1bb3-42e4-97bc-1cc976aaa742/enabled'
10:46:47.169 [AsyncHttpClient-1-4] DEBUG org.asynchttpclient.netty.handler.HttpHandler - 

Request DefaultFullHttpRequest(decodeResult: success, version: HTTP/1.1, content: EmptyByteBufBE)
GET /session/551e5e4a92d22468b5bd2fcaf54e25a3/element/e8f30eb5-1bb3-42e4-97bc-1cc976aaa742/enabled HTTP/1.1
User-Agent: selenium/4.1.2 (java windows)
Cache-Control: no-cache
Content-Type: application/json; charset=utf-8
host: localhost:62583
accept: */*

Response DefaultHttpResponse(decodeResult: success, version: HTTP/1.1)
HTTP/1.1 200 OK
Content-Type: application/json; charset=utf-8
cache-control: no-cache
content-length: 14

10:46:47.169 [AsyncHttpClient-1-4] DEBUG org.asynchttpclient.netty.channel.ChannelManager - Adding key: http://localhost:62583 for channel [id: 0xad7067ae, L:/127.0.0.1:57778 - R:localhost/127.0.0.1:62583]
10:46:47.172 [Forwarding findElement on session 551e5e4a92d22468b5bd2fcaf54e25a3 to remote] DEBUG org.asynchttpclient.netty.request.NettyRequestSender - Using pooled Channel '[id: 0xad7067ae, L:/127.0.0.1:57778 - R:localhost/127.0.0.1:62583]' for 'POST' to 'http://localhost:62583/session/551e5e4a92d22468b5bd2fcaf54e25a3/element'
10:46:47.172 [Forwarding findElement on session 551e5e4a92d22468b5bd2fcaf54e25a3 to remote] DEBUG org.asynchttpclient.netty.request.NettyRequestSender - Using open Channel [id: 0xad7067ae, L:/127.0.0.1:57778 - R:localhost/127.0.0.1:62583] for POST '/session/551e5e4a92d22468b5bd2fcaf54e25a3/element'
10:46:47.183 [AsyncHttpClient-1-4] DEBUG org.asynchttpclient.netty.handler.HttpHandler - 

Request DefaultHttpRequest(decodeResult: success, version: HTTP/1.1)
POST /session/551e5e4a92d22468b5bd2fcaf54e25a3/element HTTP/1.1
User-Agent: selenium/4.1.2 (java windows)
Content-Length: 149
Content-Type: application/json; charset=utf-8
host: localhost:62583
accept: */*

Response DefaultHttpResponse(decodeResult: success, version: HTTP/1.1)
HTTP/1.1 200 OK
Content-Type: application/json; charset=utf-8
cache-control: no-cache
content-length: 88

10:46:47.183 [AsyncHttpClient-1-4] DEBUG org.asynchttpclient.netty.channel.ChannelManager - Adding key: http://localhost:62583 for channel [id: 0xad7067ae, L:/127.0.0.1:57778 - R:localhost/127.0.0.1:62583]
10:46:47.184 [Forwarding clickElement on session 551e5e4a92d22468b5bd2fcaf54e25a3 to remote] DEBUG org.asynchttpclient.netty.request.NettyRequestSender - Using pooled Channel '[id: 0xad7067ae, L:/127.0.0.1:57778 - R:localhost/127.0.0.1:62583]' for 'POST' to 'http://localhost:62583/session/551e5e4a92d22468b5bd2fcaf54e25a3/element/e8f30eb5-1bb3-42e4-97bc-1cc976aaa742/click'
10:46:47.184 [Forwarding clickElement on session 551e5e4a92d22468b5bd2fcaf54e25a3 to remote] DEBUG org.asynchttpclient.netty.request.NettyRequestSender - Using open Channel [id: 0xad7067ae, L:/127.0.0.1:57778 - R:localhost/127.0.0.1:62583] for POST '/session/551e5e4a92d22468b5bd2fcaf54e25a3/element/e8f30eb5-1bb3-42e4-97bc-1cc976aaa742/click'
10:46:47.412 [AsyncHttpClient-1-4] DEBUG org.asynchttpclient.netty.handler.HttpHandler - 

Request DefaultHttpRequest(decodeResult: success, version: HTTP/1.1)
POST /session/551e5e4a92d22468b5bd2fcaf54e25a3/element/e8f30eb5-1bb3-42e4-97bc-1cc976aaa742/click HTTP/1.1
User-Agent: selenium/4.1.2 (java windows)
Content-Length: 50
Content-Type: application/json; charset=utf-8
host: localhost:62583
accept: */*

Response DefaultHttpResponse(decodeResult: success, version: HTTP/1.1)
HTTP/1.1 200 OK
Content-Type: application/json; charset=utf-8
cache-control: no-cache
content-length: 14

10:46:47.412 [AsyncHttpClient-1-4] DEBUG org.asynchttpclient.netty.channel.ChannelManager - Adding key: http://localhost:62583 for channel [id: 0xad7067ae, L:/127.0.0.1:57778 - R:localhost/127.0.0.1:62583]
10:46:47.424 [Forwarding screenshot on session 551e5e4a92d22468b5bd2fcaf54e25a3 to remote] DEBUG org.asynchttpclient.netty.request.NettyRequestSender - Using pooled Channel '[id: 0xad7067ae, L:/127.0.0.1:57778 - R:localhost/127.0.0.1:62583]' for 'GET' to 'http://localhost:62583/session/551e5e4a92d22468b5bd2fcaf54e25a3/screenshot'
10:46:47.424 [Forwarding screenshot on session 551e5e4a92d22468b5bd2fcaf54e25a3 to remote] DEBUG org.asynchttpclient.netty.request.NettyRequestSender - Using open Channel [id: 0xad7067ae, L:/127.0.0.1:57778 - R:localhost/127.0.0.1:62583] for GET '/session/551e5e4a92d22468b5bd2fcaf54e25a3/screenshot'
10:46:47.671 [AsyncHttpClient-1-4] DEBUG org.asynchttpclient.netty.handler.HttpHandler - 

Request DefaultFullHttpRequest(decodeResult: success, version: HTTP/1.1, content: EmptyByteBufBE)
GET /session/551e5e4a92d22468b5bd2fcaf54e25a3/screenshot HTTP/1.1
User-Agent: selenium/4.1.2 (java windows)
Cache-Control: no-cache
Content-Type: application/json; charset=utf-8
host: localhost:62583
accept: */*

Response DefaultHttpResponse(decodeResult: success, version: HTTP/1.1)
HTTP/1.1 200 OK
Content-Type: application/json; charset=utf-8
cache-control: no-cache
content-length: 81768

10:46:47.672 [AsyncHttpClient-1-4] DEBUG org.asynchttpclient.netty.channel.ChannelManager - Adding key: http://localhost:62583 for channel [id: 0xad7067ae, L:/127.0.0.1:57778 - R:localhost/127.0.0.1:62583]
10:46:47.677 [main] DEBUG net.serenitybdd.core.photography.Darkroom - Send negative for processing for target\site\serenity\fc4837d919eecacffbf71100414a1f8b0275cc7e4308cdcabb34ae165c2c9420.png
10:46:47.678 [main] DEBUG net.thucydides.core.steps.StepInterceptor - STEP DONE: clickAddNewDoctorButton
  &amp#27;[32mWhen &amp#27;[0m&amp#27;[32mI click Add New Doctor&amp#27;[0m                    &amp#27;[90m# starter.stepdefinitions.DoctorSteps.iClickAddNewDoctor()&amp#27;[0m
10:46:47.678 [Darkroom Processing Line] DEBUG net.serenitybdd.core.photography.DarkroomProcessingLine - Processing screenshot image in /var/screenshots/screenshot-9084500546879768199
10:46:47.678 [Darkroom Processing Line] DEBUG net.serenitybdd.core.photography.DarkroomProcessingLine - Saving screenshot to target\site\serenity\fc4837d919eecacffbf71100414a1f8b0275cc7e4308cdcabb34ae165c2c9420.png
10:46:47.711 [main] DEBUG net.thucydides.core.steps.StepInterceptor - STARTING STEP: DoctorSteps.iInputValidDataDoctorAndClickSubmit - inputDoctorName
10:46:47.722 [Forwarding findElement on session 551e5e4a92d22468b5bd2fcaf54e25a3 to remote] DEBUG org.asynchttpclient.netty.request.NettyRequestSender - Using pooled Channel '[id: 0xad7067ae, L:/127.0.0.1:57778 - R:localhost/127.0.0.1:62583]' for 'POST' to 'http://localhost:62583/session/551e5e4a92d22468b5bd2fcaf54e25a3/element'
10:46:47.722 [Forwarding findElement on session 551e5e4a92d22468b5bd2fcaf54e25a3 to remote] DEBUG org.asynchttpclient.netty.request.NettyRequestSender - Using open Channel [id: 0xad7067ae, L:/127.0.0.1:57778 - R:localhost/127.0.0.1:62583] for POST '/session/551e5e4a92d22468b5bd2fcaf54e25a3/element'
10:46:47.767 [AsyncHttpClient-1-4] DEBUG org.asynchttpclient.netty.handler.HttpHandler - 

Request DefaultHttpRequest(decodeResult: success, version: HTTP/1.1)
POST /session/551e5e4a92d22468b5bd2fcaf54e25a3/element HTTP/1.1
User-Agent: selenium/4.1.2 (java windows)
Content-Length: 139
Content-Type: application/json; charset=utf-8
host: localhost:62583
accept: */*

Response DefaultHttpResponse(decodeResult: success, version: HTTP/1.1)
HTTP/1.1 200 OK
Content-Type: application/json; charset=utf-8
cache-control: no-cache
content-length: 88

10:46:47.767 [AsyncHttpClient-1-4] DEBUG org.asynchttpclient.netty.channel.ChannelManager - Adding key: http://localhost:62583 for channel [id: 0xad7067ae, L:/127.0.0.1:57778 - R:localhost/127.0.0.1:62583]
10:46:47.769 [Forwarding clearElement on session 551e5e4a92d22468b5bd2fcaf54e25a3 to remote] DEBUG org.asynchttpclient.netty.request.NettyRequestSender - Using pooled Channel '[id: 0xad7067ae, L:/127.0.0.1:57778 - R:localhost/127.0.0.1:62583]' for 'POST' to 'http://localhost:62583/session/551e5e4a92d22468b5bd2fcaf54e25a3/element/808db444-d38b-45d0-8932-e573a8f9e818/clear'
10:46:47.769 [Forwarding clearElement on session 551e5e4a92d22468b5bd2fcaf54e25a3 to remote] DEBUG org.asynchttpclient.netty.request.NettyRequestSender - Using open Channel [id: 0xad7067ae, L:/127.0.0.1:57778 - R:localhost/127.0.0.1:62583] for POST '/session/551e5e4a92d22468b5bd2fcaf54e25a3/element/808db444-d38b-45d0-8932-e573a8f9e818/clear'
10:46:47.853 [AsyncHttpClient-1-4] DEBUG org.asynchttpclient.netty.handler.HttpHandler - 

Request DefaultHttpRequest(decodeResult: success, version: HTTP/1.1)
POST /session/551e5e4a92d22468b5bd2fcaf54e25a3/element/808db444-d38b-45d0-8932-e573a8f9e818/clear HTTP/1.1
User-Agent: selenium/4.1.2 (java windows)
Content-Length: 50
Content-Type: application/json; charset=utf-8
host: localhost:62583
accept: */*

Response DefaultHttpResponse(decodeResult: success, version: HTTP/1.1)
HTTP/1.1 200 OK
Content-Type: application/json; charset=utf-8
cache-control: no-cache
content-length: 14

10:46:47.853 [AsyncHttpClient-1-4] DEBUG org.asynchttpclient.netty.channel.ChannelManager - Adding key: http://localhost:62583 for channel [id: 0xad7067ae, L:/127.0.0.1:57778 - R:localhost/127.0.0.1:62583]
10:46:47.857 [Forwarding sendKeysToElement on session 551e5e4a92d22468b5bd2fcaf54e25a3 to remote] DEBUG org.asynchttpclient.netty.request.NettyRequestSender - Using pooled Channel '[id: 0xad7067ae, L:/127.0.0.1:57778 - R:localhost/127.0.0.1:62583]' for 'POST' to 'http://localhost:62583/session/551e5e4a92d22468b5bd2fcaf54e25a3/element/808db444-d38b-45d0-8932-e573a8f9e818/value'
10:46:47.857 [Forwarding sendKeysToElement on session 551e5e4a92d22468b5bd2fcaf54e25a3 to remote] DEBUG org.asynchttpclient.netty.request.NettyRequestSender - Using open Channel [id: 0xad7067ae, L:/127.0.0.1:57778 - R:localhost/127.0.0.1:62583] for POST '/session/551e5e4a92d22468b5bd2fcaf54e25a3/element/808db444-d38b-45d0-8932-e573a8f9e818/value'
10:46:47.964 [AsyncHttpClient-1-1] DEBUG org.asynchttpclient.netty.channel.DefaultChannelPool - Entry count for : http://localhost:57779 : 1
10:46:48.285 [AsyncHttpClient-1-4] DEBUG org.asynchttpclient.netty.handler.HttpHandler - 

Request DefaultHttpRequest(decodeResult: success, version: HTTP/1.1)
POST /session/551e5e4a92d22468b5bd2fcaf54e25a3/element/808db444-d38b-45d0-8932-e573a8f9e818/value HTTP/1.1
User-Agent: selenium/4.1.2 (java windows)
Content-Length: 221
Content-Type: application/json; charset=utf-8
host: localhost:62583
accept: */*

Response DefaultHttpResponse(decodeResult: success, version: HTTP/1.1)
HTTP/1.1 200 OK
Content-Type: application/json; charset=utf-8
cache-control: no-cache
content-length: 14

10:46:48.285 [AsyncHttpClient-1-4] DEBUG org.asynchttpclient.netty.channel.ChannelManager - Adding key: http://localhost:62583 for channel [id: 0xad7067ae, L:/127.0.0.1:57778 - R:localhost/127.0.0.1:62583]
10:46:48.295 [Forwarding screenshot on session 551e5e4a92d22468b5bd2fcaf54e25a3 to remote] DEBUG org.asynchttpclient.netty.request.NettyRequestSender - Using pooled Channel '[id: 0xad7067ae, L:/127.0.0.1:57778 - R:localhost/127.0.0.1:62583]' for 'GET' to 'http://localhost:62583/session/551e5e4a92d22468b5bd2fcaf54e25a3/screenshot'
10:46:48.295 [Forwarding screenshot on session 551e5e4a92d22468b5bd2fcaf54e25a3 to remote] DEBUG org.asynchttpclient.netty.request.NettyRequestSender - Using open Channel [id: 0xad7067ae, L:/127.0.0.1:57778 - R:localhost/127.0.0.1:62583] for GET '/session/551e5e4a92d22468b5bd2fcaf54e25a3/screenshot'
10:46:48.399 [AsyncHttpClient-1-4] DEBUG org.asynchttpclient.netty.handler.HttpHandler - 

Request DefaultFullHttpRequest(decodeResult: success, version: HTTP/1.1, content: EmptyByteBufBE)
GET /session/551e5e4a92d22468b5bd2fcaf54e25a3/screenshot HTTP/1.1
User-Agent: selenium/4.1.2 (java windows)
Cache-Control: no-cache
Content-Type: application/json; charset=utf-8
host: localhost:62583
accept: */*

Response DefaultHttpResponse(decodeResult: success, version: HTTP/1.1)
HTTP/1.1 200 OK
Content-Type: application/json; charset=utf-8
cache-control: no-cache
content-length: 72540

10:46:48.399 [AsyncHttpClient-1-4] DEBUG org.asynchttpclient.netty.channel.ChannelManager - Adding key: http://localhost:62583 for channel [id: 0xad7067ae, L:/127.0.0.1:57778 - R:localhost/127.0.0.1:62583]
10:46:48.403 [main] DEBUG net.serenitybdd.core.photography.Darkroom - Send negative for processing for target\site\serenity\e50f34be4fb3b3c9378c9f6822b8dadbe6de20e848c350a84a6c6f6c6aa7ee9d.png
10:46:48.403 [main] DEBUG net.thucydides.core.steps.StepInterceptor - STEP DONE: inputDoctorName
10:46:48.403 [Darkroom Processing Line] DEBUG net.serenitybdd.core.photography.DarkroomProcessingLine - Processing screenshot image in /var/screenshots/screenshot-5068677028175041812
10:46:48.403 [Darkroom Processing Line] DEBUG net.serenitybdd.core.photography.DarkroomProcessingLine - Saving screenshot to target\site\serenity\e50f34be4fb3b3c9378c9f6822b8dadbe6de20e848c350a84a6c6f6c6aa7ee9d.png
10:46:48.410 [main] DEBUG net.thucydides.core.steps.StepInterceptor - STARTING STEP: DoctorSteps.iInputValidDataDoctorAndClickSubmit - inputDoctorNID
10:46:48.412 [Forwarding findElement on session 551e5e4a92d22468b5bd2fcaf54e25a3 to remote] DEBUG org.asynchttpclient.netty.request.NettyRequestSender - Using pooled Channel '[id: 0xad7067ae, L:/127.0.0.1:57778 - R:localhost/127.0.0.1:62583]' for 'POST' to 'http://localhost:62583/session/551e5e4a92d22468b5bd2fcaf54e25a3/element'
10:46:48.412 [Forwarding findElement on session 551e5e4a92d22468b5bd2fcaf54e25a3 to remote] DEBUG org.asynchttpclient.netty.request.NettyRequestSender - Using open Channel [id: 0xad7067ae, L:/127.0.0.1:57778 - R:localhost/127.0.0.1:62583] for POST '/session/551e5e4a92d22468b5bd2fcaf54e25a3/element'
10:46:48.427 [AsyncHttpClient-1-4] DEBUG org.asynchttpclient.netty.handler.HttpHandler - 

Request DefaultHttpRequest(decodeResult: success, version: HTTP/1.1)
POST /session/551e5e4a92d22468b5bd2fcaf54e25a3/element HTTP/1.1
User-Agent: selenium/4.1.2 (java windows)
Content-Length: 139
Content-Type: application/json; charset=utf-8
host: localhost:62583
accept: */*

Response DefaultHttpResponse(decodeResult: success, version: HTTP/1.1)
HTTP/1.1 200 OK
Content-Type: application/json; charset=utf-8
cache-control: no-cache
content-length: 88

10:46:48.427 [AsyncHttpClient-1-4] DEBUG org.asynchttpclient.netty.channel.ChannelManager - Adding key: http://localhost:62583 for channel [id: 0xad7067ae, L:/127.0.0.1:57778 - R:localhost/127.0.0.1:62583]
10:46:48.428 [Forwarding clearElement on session 551e5e4a92d22468b5bd2fcaf54e25a3 to remote] DEBUG org.asynchttpclient.netty.request.NettyRequestSender - Using pooled Channel '[id: 0xad7067ae, L:/127.0.0.1:57778 - R:localhost/127.0.0.1:62583]' for 'POST' to 'http://localhost:62583/session/551e5e4a92d22468b5bd2fcaf54e25a3/element/32d5c4ae-95eb-4eea-90db-6a0124a63a36/clear'
10:46:48.428 [Forwarding clearElement on session 551e5e4a92d22468b5bd2fcaf54e25a3 to remote] DEBUG org.asynchttpclient.netty.request.NettyRequestSender - Using open Channel [id: 0xad7067ae, L:/127.0.0.1:57778 - R:localhost/127.0.0.1:62583] for POST '/session/551e5e4a92d22468b5bd2fcaf54e25a3/element/32d5c4ae-95eb-4eea-90db-6a0124a63a36/clear'
10:46:48.468 [AsyncHttpClient-1-4] DEBUG org.asynchttpclient.netty.handler.HttpHandler - 

Request DefaultHttpRequest(decodeResult: success, version: HTTP/1.1)
POST /session/551e5e4a92d22468b5bd2fcaf54e25a3/element/32d5c4ae-95eb-4eea-90db-6a0124a63a36/clear HTTP/1.1
User-Agent: selenium/4.1.2 (java windows)
Content-Length: 50
Content-Type: application/json; charset=utf-8
host: localhost:62583
accept: */*

Response DefaultHttpResponse(decodeResult: success, version: HTTP/1.1)
HTTP/1.1 200 OK
Content-Type: application/json; charset=utf-8
cache-control: no-cache
content-length: 14

10:46:48.468 [AsyncHttpClient-1-4] DEBUG org.asynchttpclient.netty.channel.ChannelManager - Adding key: http://localhost:62583 for channel [id: 0xad7067ae, L:/127.0.0.1:57778 - R:localhost/127.0.0.1:62583]
10:46:48.470 [Forwarding sendKeysToElement on session 551e5e4a92d22468b5bd2fcaf54e25a3 to remote] DEBUG org.asynchttpclient.netty.request.NettyRequestSender - Using pooled Channel '[id: 0xad7067ae, L:/127.0.0.1:57778 - R:localhost/127.0.0.1:62583]' for 'POST' to 'http://localhost:62583/session/551e5e4a92d22468b5bd2fcaf54e25a3/element/32d5c4ae-95eb-4eea-90db-6a0124a63a36/value'
10:46:48.470 [Forwarding sendKeysToElement on session 551e5e4a92d22468b5bd2fcaf54e25a3 to remote] DEBUG org.asynchttpclient.netty.request.NettyRequestSender - Using open Channel [id: 0xad7067ae, L:/127.0.0.1:57778 - R:localhost/127.0.0.1:62583] for POST '/session/551e5e4a92d22468b5bd2fcaf54e25a3/element/32d5c4ae-95eb-4eea-90db-6a0124a63a36/value'
10:46:48.553 [AsyncHttpClient-1-4] DEBUG org.asynchttpclient.netty.handler.HttpHandler - 

Request DefaultHttpRequest(decodeResult: success, version: HTTP/1.1)
POST /session/551e5e4a92d22468b5bd2fcaf54e25a3/element/32d5c4ae-95eb-4eea-90db-6a0124a63a36/value HTTP/1.1
User-Agent: selenium/4.1.2 (java windows)
Content-Length: 101
Content-Type: application/json; charset=utf-8
host: localhost:62583
accept: */*

Response DefaultHttpResponse(decodeResult: success, version: HTTP/1.1)
HTTP/1.1 200 OK
Content-Type: application/json; charset=utf-8
cache-control: no-cache
content-length: 14

10:46:48.553 [AsyncHttpClient-1-4] DEBUG org.asynchttpclient.netty.channel.ChannelManager - Adding key: http://localhost:62583 for channel [id: 0xad7067ae, L:/127.0.0.1:57778 - R:localhost/127.0.0.1:62583]
10:46:48.559 [Forwarding screenshot on session 551e5e4a92d22468b5bd2fcaf54e25a3 to remote] DEBUG org.asynchttpclient.netty.request.NettyRequestSender - Using pooled Channel '[id: 0xad7067ae, L:/127.0.0.1:57778 - R:localhost/127.0.0.1:62583]' for 'GET' to 'http://localhost:62583/session/551e5e4a92d22468b5bd2fcaf54e25a3/screenshot'
10:46:48.559 [Forwarding screenshot on session 551e5e4a92d22468b5bd2fcaf54e25a3 to remote] DEBUG org.asynchttpclient.netty.request.NettyRequestSender - Using open Channel [id: 0xad7067ae, L:/127.0.0.1:57778 - R:localhost/127.0.0.1:62583] for GET '/session/551e5e4a92d22468b5bd2fcaf54e25a3/screenshot'
10:46:48.672 [AsyncHttpClient-1-4] DEBUG org.asynchttpclient.netty.handler.HttpHandler - 

Request DefaultFullHttpRequest(decodeResult: success, version: HTTP/1.1, content: EmptyByteBufBE)
GET /session/551e5e4a92d22468b5bd2fcaf54e25a3/screenshot HTTP/1.1
User-Agent: selenium/4.1.2 (java windows)
Cache-Control: no-cache
Content-Type: application/json; charset=utf-8
host: localhost:62583
accept: */*

Response DefaultHttpResponse(decodeResult: success, version: HTTP/1.1)
HTTP/1.1 200 OK
Content-Type: application/json; charset=utf-8
cache-control: no-cache
content-length: 73292

10:46:48.673 [AsyncHttpClient-1-4] DEBUG org.asynchttpclient.netty.channel.ChannelManager - Adding key: http://localhost:62583 for channel [id: 0xad7067ae, L:/127.0.0.1:57778 - R:localhost/127.0.0.1:62583]
10:46:48.676 [main] DEBUG net.serenitybdd.core.photography.Darkroom - Send negative for processing for target\site\serenity\eeb33df31a420d81cae310e00d48b4f5a284fcdf00e010ffe6e81de293eea68b.png
10:46:48.677 [main] DEBUG net.thucydides.core.steps.StepInterceptor - STEP DONE: inputDoctorNID
10:46:48.677 [Darkroom Processing Line] DEBUG net.serenitybdd.core.photography.DarkroomProcessingLine - Processing screenshot image in /var/screenshots/screenshot-7222116507145881578
10:46:48.677 [Darkroom Processing Line] DEBUG net.serenitybdd.core.photography.DarkroomProcessingLine - Saving screenshot to target\site\serenity\eeb33df31a420d81cae310e00d48b4f5a284fcdf00e010ffe6e81de293eea68b.png
10:46:48.693 [main] DEBUG net.thucydides.core.steps.StepInterceptor - STARTING STEP: DoctorSteps.iInputValidDataDoctorAndClickSubmit - clickDoctorDepartmentDropdown
10:46:48.699 [Forwarding findElement on session 551e5e4a92d22468b5bd2fcaf54e25a3 to remote] DEBUG org.asynchttpclient.netty.request.NettyRequestSender - Using pooled Channel '[id: 0xad7067ae, L:/127.0.0.1:57778 - R:localhost/127.0.0.1:62583]' for 'POST' to 'http://localhost:62583/session/551e5e4a92d22468b5bd2fcaf54e25a3/element'
10:46:48.699 [Forwarding findElement on session 551e5e4a92d22468b5bd2fcaf54e25a3 to remote] DEBUG org.asynchttpclient.netty.request.NettyRequestSender - Using open Channel [id: 0xad7067ae, L:/127.0.0.1:57778 - R:localhost/127.0.0.1:62583] for POST '/session/551e5e4a92d22468b5bd2fcaf54e25a3/element'
10:46:48.718 [AsyncHttpClient-1-4] DEBUG org.asynchttpclient.netty.handler.HttpHandler - 

Request DefaultHttpRequest(decodeResult: success, version: HTTP/1.1)
POST /session/551e5e4a92d22468b5bd2fcaf54e25a3/element HTTP/1.1
User-Agent: selenium/4.1.2 (java windows)
Content-Length: 82
Content-Type: application/json; charset=utf-8
host: localhost:62583
accept: */*

Response DefaultHttpResponse(decodeResult: success, version: HTTP/1.1)
HTTP/1.1 200 OK
Content-Type: application/json; charset=utf-8
cache-control: no-cache
content-length: 88

10:46:48.718 [AsyncHttpClient-1-4] DEBUG org.asynchttpclient.netty.channel.ChannelManager - Adding key: http://localhost:62583 for channel [id: 0xad7067ae, L:/127.0.0.1:57778 - R:localhost/127.0.0.1:62583]
10:46:48.720 [Forwarding getElementTagName on session 551e5e4a92d22468b5bd2fcaf54e25a3 to remote] DEBUG org.asynchttpclient.netty.request.NettyRequestSender - Using pooled Channel '[id: 0xad7067ae, L:/127.0.0.1:57778 - R:localhost/127.0.0.1:62583]' for 'GET' to 'http://localhost:62583/session/551e5e4a92d22468b5bd2fcaf54e25a3/element/45bfc0b7-c3d7-40f6-8107-9e5d1066524a/name'
10:46:48.720 [Forwarding getElementTagName on session 551e5e4a92d22468b5bd2fcaf54e25a3 to remote] DEBUG org.asynchttpclient.netty.request.NettyRequestSender - Using open Channel [id: 0xad7067ae, L:/127.0.0.1:57778 - R:localhost/127.0.0.1:62583] for GET '/session/551e5e4a92d22468b5bd2fcaf54e25a3/element/45bfc0b7-c3d7-40f6-8107-9e5d1066524a/name'
10:46:48.728 [AsyncHttpClient-1-4] DEBUG org.asynchttpclient.netty.handler.HttpHandler - 

Request DefaultFullHttpRequest(decodeResult: success, version: HTTP/1.1, content: EmptyByteBufBE)
GET /session/551e5e4a92d22468b5bd2fcaf54e25a3/element/45bfc0b7-c3d7-40f6-8107-9e5d1066524a/name HTTP/1.1
User-Agent: selenium/4.1.2 (java windows)
Cache-Control: no-cache
Content-Type: application/json; charset=utf-8
host: localhost:62583
accept: */*

Response DefaultHttpResponse(decodeResult: success, version: HTTP/1.1)
HTTP/1.1 200 OK
Content-Type: application/json; charset=utf-8
cache-control: no-cache
content-length: 15

10:46:48.728 [AsyncHttpClient-1-4] DEBUG org.asynchttpclient.netty.channel.ChannelManager - Adding key: http://localhost:62583 for channel [id: 0xad7067ae, L:/127.0.0.1:57778 - R:localhost/127.0.0.1:62583]
10:46:48.730 [Forwarding getElementTagName on session 551e5e4a92d22468b5bd2fcaf54e25a3 to remote] DEBUG org.asynchttpclient.netty.request.NettyRequestSender - Using pooled Channel '[id: 0xad7067ae, L:/127.0.0.1:57778 - R:localhost/127.0.0.1:62583]' for 'GET' to 'http://localhost:62583/session/551e5e4a92d22468b5bd2fcaf54e25a3/element/45bfc0b7-c3d7-40f6-8107-9e5d1066524a/name'
10:46:48.730 [Forwarding getElementTagName on session 551e5e4a92d22468b5bd2fcaf54e25a3 to remote] DEBUG org.asynchttpclient.netty.request.NettyRequestSender - Using open Channel [id: 0xad7067ae, L:/127.0.0.1:57778 - R:localhost/127.0.0.1:62583] for GET '/session/551e5e4a92d22468b5bd2fcaf54e25a3/element/45bfc0b7-c3d7-40f6-8107-9e5d1066524a/name'
10:46:48.737 [AsyncHttpClient-1-4] DEBUG org.asynchttpclient.netty.handler.HttpHandler - 

Request DefaultFullHttpRequest(decodeResult: success, version: HTTP/1.1, content: EmptyByteBufBE)
GET /session/551e5e4a92d22468b5bd2fcaf54e25a3/element/45bfc0b7-c3d7-40f6-8107-9e5d1066524a/name HTTP/1.1
User-Agent: selenium/4.1.2 (java windows)
Cache-Control: no-cache
Content-Type: application/json; charset=utf-8
host: localhost:62583
accept: */*

Response DefaultHttpResponse(decodeResult: success, version: HTTP/1.1)
HTTP/1.1 200 OK
Content-Type: application/json; charset=utf-8
cache-control: no-cache
content-length: 15

10:46:48.737 [AsyncHttpClient-1-4] DEBUG org.asynchttpclient.netty.channel.ChannelManager - Adding key: http://localhost:62583 for channel [id: 0xad7067ae, L:/127.0.0.1:57778 - R:localhost/127.0.0.1:62583]
10:46:48.740 [Forwarding findElement on session 551e5e4a92d22468b5bd2fcaf54e25a3 to remote] DEBUG org.asynchttpclient.netty.request.NettyRequestSender - Using pooled Channel '[id: 0xad7067ae, L:/127.0.0.1:57778 - R:localhost/127.0.0.1:62583]' for 'POST' to 'http://localhost:62583/session/551e5e4a92d22468b5bd2fcaf54e25a3/element'
10:46:48.740 [Forwarding findElement on session 551e5e4a92d22468b5bd2fcaf54e25a3 to remote] DEBUG org.asynchttpclient.netty.request.NettyRequestSender - Using open Channel [id: 0xad7067ae, L:/127.0.0.1:57778 - R:localhost/127.0.0.1:62583] for POST '/session/551e5e4a92d22468b5bd2fcaf54e25a3/element'
10:46:48.749 [AsyncHttpClient-1-4] DEBUG org.asynchttpclient.netty.handler.HttpHandler - 

Request DefaultHttpRequest(decodeResult: success, version: HTTP/1.1)
POST /session/551e5e4a92d22468b5bd2fcaf54e25a3/element HTTP/1.1
User-Agent: selenium/4.1.2 (java windows)
Content-Length: 82
Content-Type: application/json; charset=utf-8
host: localhost:62583
accept: */*

Response DefaultHttpResponse(decodeResult: success, version: HTTP/1.1)
HTTP/1.1 200 OK
Content-Type: application/json; charset=utf-8
cache-control: no-cache
content-length: 88

10:46:48.749 [AsyncHttpClient-1-4] DEBUG org.asynchttpclient.netty.channel.ChannelManager - Adding key: http://localhost:62583 for channel [id: 0xad7067ae, L:/127.0.0.1:57778 - R:localhost/127.0.0.1:62583]
10:46:48.750 [Forwarding clickElement on session 551e5e4a92d22468b5bd2fcaf54e25a3 to remote] DEBUG org.asynchttpclient.netty.request.NettyRequestSender - Using pooled Channel '[id: 0xad7067ae, L:/127.0.0.1:57778 - R:localhost/127.0.0.1:62583]' for 'POST' to 'http://localhost:62583/session/551e5e4a92d22468b5bd2fcaf54e25a3/element/45bfc0b7-c3d7-40f6-8107-9e5d1066524a/click'
10:46:48.750 [Forwarding clickElement on session 551e5e4a92d22468b5bd2fcaf54e25a3 to remote] DEBUG org.asynchttpclient.netty.request.NettyRequestSender - Using open Channel [id: 0xad7067ae, L:/127.0.0.1:57778 - R:localhost/127.0.0.1:62583] for POST '/session/551e5e4a92d22468b5bd2fcaf54e25a3/element/45bfc0b7-c3d7-40f6-8107-9e5d1066524a/click'
10:46:48.831 [AsyncHttpClient-1-4] DEBUG org.asynchttpclient.netty.handler.HttpHandler - 

Request DefaultHttpRequest(decodeResult: success, version: HTTP/1.1)
POST /session/551e5e4a92d22468b5bd2fcaf54e25a3/element/45bfc0b7-c3d7-40f6-8107-9e5d1066524a/click HTTP/1.1
User-Agent: selenium/4.1.2 (java windows)
Content-Length: 50
Content-Type: application/json; charset=utf-8
host: localhost:62583
accept: */*

Response DefaultHttpResponse(decodeResult: success, version: HTTP/1.1)
HTTP/1.1 200 OK
Content-Type: application/json; charset=utf-8
cache-control: no-cache
content-length: 14

10:46:48.832 [AsyncHttpClient-1-4] DEBUG org.asynchttpclient.netty.channel.ChannelManager - Adding key: http://localhost:62583 for channel [id: 0xad7067ae, L:/127.0.0.1:57778 - R:localhost/127.0.0.1:62583]
10:46:48.841 [Forwarding screenshot on session 551e5e4a92d22468b5bd2fcaf54e25a3 to remote] DEBUG org.asynchttpclient.netty.request.NettyRequestSender - Using pooled Channel '[id: 0xad7067ae, L:/127.0.0.1:57778 - R:localhost/127.0.0.1:62583]' for 'GET' to 'http://localhost:62583/session/551e5e4a92d22468b5bd2fcaf54e25a3/screenshot'
10:46:48.841 [Forwarding screenshot on session 551e5e4a92d22468b5bd2fcaf54e25a3 to remote] DEBUG org.asynchttpclient.netty.request.NettyRequestSender - Using open Channel [id: 0xad7067ae, L:/127.0.0.1:57778 - R:localhost/127.0.0.1:62583] for GET '/session/551e5e4a92d22468b5bd2fcaf54e25a3/screenshot'
10:46:48.973 [AsyncHttpClient-1-4] DEBUG org.asynchttpclient.netty.handler.HttpHandler - 

Request DefaultFullHttpRequest(decodeResult: success, version: HTTP/1.1, content: EmptyByteBufBE)
GET /session/551e5e4a92d22468b5bd2fcaf54e25a3/screenshot HTTP/1.1
User-Agent: selenium/4.1.2 (java windows)
Cache-Control: no-cache
Content-Type: application/json; charset=utf-8
host: localhost:62583
accept: */*

Response DefaultHttpResponse(decodeResult: success, version: HTTP/1.1)
HTTP/1.1 200 OK
Content-Type: application/json; charset=utf-8
cache-control: no-cache
content-length: 83680

10:46:48.974 [AsyncHttpClient-1-4] DEBUG org.asynchttpclient.netty.channel.ChannelManager - Adding key: http://localhost:62583 for channel [id: 0xad7067ae, L:/127.0.0.1:57778 - R:localhost/127.0.0.1:62583]
10:46:48.978 [main] DEBUG net.serenitybdd.core.photography.Darkroom - Send negative for processing for target\site\serenity\682b33bbcd1cf6a8f6b5e4344f8fa447948cc99b068ca04fa72586c0fbe137f1.png
10:46:48.978 [main] DEBUG net.thucydides.core.steps.StepInterceptor - STEP DONE: clickDoctorDepartmentDropdown
10:46:48.978 [Darkroom Processing Line] DEBUG net.serenitybdd.core.photography.DarkroomProcessingLine - Processing screenshot image in /var/screenshots/screenshot-10262061323227901590
10:46:48.979 [Darkroom Processing Line] DEBUG net.serenitybdd.core.photography.DarkroomProcessingLine - Saving screenshot to target\site\serenity\682b33bbcd1cf6a8f6b5e4344f8fa447948cc99b068ca04fa72586c0fbe137f1.png
10:46:48.987 [main] DEBUG net.thucydides.core.steps.StepInterceptor - STARTING STEP: DoctorSteps.iInputValidDataDoctorAndClickSubmit - clickDoctorDepartmentOption
10:46:48.993 [Forwarding findElement on session 551e5e4a92d22468b5bd2fcaf54e25a3 to remote] DEBUG org.asynchttpclient.netty.request.NettyRequestSender - Using pooled Channel '[id: 0xad7067ae, L:/127.0.0.1:57778 - R:localhost/127.0.0.1:62583]' for 'POST' to 'http://localhost:62583/session/551e5e4a92d22468b5bd2fcaf54e25a3/element'
10:46:48.993 [Forwarding findElement on session 551e5e4a92d22468b5bd2fcaf54e25a3 to remote] DEBUG org.asynchttpclient.netty.request.NettyRequestSender - Using open Channel [id: 0xad7067ae, L:/127.0.0.1:57778 - R:localhost/127.0.0.1:62583] for POST '/session/551e5e4a92d22468b5bd2fcaf54e25a3/element'
10:46:49.011 [AsyncHttpClient-1-4] DEBUG org.asynchttpclient.netty.handler.HttpHandler - 

Request DefaultHttpRequest(decodeResult: success, version: HTTP/1.1)
POST /session/551e5e4a92d22468b5bd2fcaf54e25a3/element HTTP/1.1
User-Agent: selenium/4.1.2 (java windows)
Content-Length: 119
Content-Type: application/json; charset=utf-8
host: localhost:62583
accept: */*

Response DefaultHttpResponse(decodeResult: success, version: HTTP/1.1)
HTTP/1.1 200 OK
Content-Type: application/json; charset=utf-8
cache-control: no-cache
content-length: 88

10:46:49.011 [AsyncHttpClient-1-4] DEBUG org.asynchttpclient.netty.channel.ChannelManager - Adding key: http://localhost:62583 for channel [id: 0xad7067ae, L:/127.0.0.1:57778 - R:localhost/127.0.0.1:62583]
10:46:49.012 [Forwarding getElementTagName on session 551e5e4a92d22468b5bd2fcaf54e25a3 to remote] DEBUG org.asynchttpclient.netty.request.NettyRequestSender - Using pooled Channel '[id: 0xad7067ae, L:/127.0.0.1:57778 - R:localhost/127.0.0.1:62583]' for 'GET' to 'http://localhost:62583/session/551e5e4a92d22468b5bd2fcaf54e25a3/element/097b2663-8700-4017-9ba2-b98344f03bb4/name'
10:46:49.012 [Forwarding getElementTagName on session 551e5e4a92d22468b5bd2fcaf54e25a3 to remote] DEBUG org.asynchttpclient.netty.request.NettyRequestSender - Using open Channel [id: 0xad7067ae, L:/127.0.0.1:57778 - R:localhost/127.0.0.1:62583] for GET '/session/551e5e4a92d22468b5bd2fcaf54e25a3/element/097b2663-8700-4017-9ba2-b98344f03bb4/name'
10:46:49.017 [AsyncHttpClient-1-4] DEBUG org.asynchttpclient.netty.handler.HttpHandler - 

Request DefaultFullHttpRequest(decodeResult: success, version: HTTP/1.1, content: EmptyByteBufBE)
GET /session/551e5e4a92d22468b5bd2fcaf54e25a3/element/097b2663-8700-4017-9ba2-b98344f03bb4/name HTTP/1.1
User-Agent: selenium/4.1.2 (java windows)
Cache-Control: no-cache
Content-Type: application/json; charset=utf-8
host: localhost:62583
accept: */*

Response DefaultHttpResponse(decodeResult: success, version: HTTP/1.1)
HTTP/1.1 200 OK
Content-Type: application/json; charset=utf-8
cache-control: no-cache
content-length: 14

10:46:49.017 [AsyncHttpClient-1-4] DEBUG org.asynchttpclient.netty.channel.ChannelManager - Adding key: http://localhost:62583 for channel [id: 0xad7067ae, L:/127.0.0.1:57778 - R:localhost/127.0.0.1:62583]
10:46:49.018 [Forwarding getElementTagName on session 551e5e4a92d22468b5bd2fcaf54e25a3 to remote] DEBUG org.asynchttpclient.netty.request.NettyRequestSender - Using pooled Channel '[id: 0xad7067ae, L:/127.0.0.1:57778 - R:localhost/127.0.0.1:62583]' for 'GET' to 'http://localhost:62583/session/551e5e4a92d22468b5bd2fcaf54e25a3/element/097b2663-8700-4017-9ba2-b98344f03bb4/name'
10:46:49.018 [Forwarding getElementTagName on session 551e5e4a92d22468b5bd2fcaf54e25a3 to remote] DEBUG org.asynchttpclient.netty.request.NettyRequestSender - Using open Channel [id: 0xad7067ae, L:/127.0.0.1:57778 - R:localhost/127.0.0.1:62583] for GET '/session/551e5e4a92d22468b5bd2fcaf54e25a3/element/097b2663-8700-4017-9ba2-b98344f03bb4/name'
10:46:49.022 [AsyncHttpClient-1-4] DEBUG org.asynchttpclient.netty.handler.HttpHandler - 

Request DefaultFullHttpRequest(decodeResult: success, version: HTTP/1.1, content: EmptyByteBufBE)
GET /session/551e5e4a92d22468b5bd2fcaf54e25a3/element/097b2663-8700-4017-9ba2-b98344f03bb4/name HTTP/1.1
User-Agent: selenium/4.1.2 (java windows)
Cache-Control: no-cache
Content-Type: application/json; charset=utf-8
host: localhost:62583
accept: */*

Response DefaultHttpResponse(decodeResult: success, version: HTTP/1.1)
HTTP/1.1 200 OK
Content-Type: application/json; charset=utf-8
cache-control: no-cache
content-length: 14

10:46:49.022 [AsyncHttpClient-1-4] DEBUG org.asynchttpclient.netty.channel.ChannelManager - Adding key: http://localhost:62583 for channel [id: 0xad7067ae, L:/127.0.0.1:57778 - R:localhost/127.0.0.1:62583]
10:46:49.025 [Forwarding findElement on session 551e5e4a92d22468b5bd2fcaf54e25a3 to remote] DEBUG org.asynchttpclient.netty.request.NettyRequestSender - Using pooled Channel '[id: 0xad7067ae, L:/127.0.0.1:57778 - R:localhost/127.0.0.1:62583]' for 'POST' to 'http://localhost:62583/session/551e5e4a92d22468b5bd2fcaf54e25a3/element'
10:46:49.025 [Forwarding findElement on session 551e5e4a92d22468b5bd2fcaf54e25a3 to remote] DEBUG org.asynchttpclient.netty.request.NettyRequestSender - Using open Channel [id: 0xad7067ae, L:/127.0.0.1:57778 - R:localhost/127.0.0.1:62583] for POST '/session/551e5e4a92d22468b5bd2fcaf54e25a3/element'
10:46:49.034 [AsyncHttpClient-1-4] DEBUG org.asynchttpclient.netty.handler.HttpHandler - 

Request DefaultHttpRequest(decodeResult: success, version: HTTP/1.1)
POST /session/551e5e4a92d22468b5bd2fcaf54e25a3/element HTTP/1.1
User-Agent: selenium/4.1.2 (java windows)
Content-Length: 119
Content-Type: application/json; charset=utf-8
host: localhost:62583
accept: */*

Response DefaultHttpResponse(decodeResult: success, version: HTTP/1.1)
HTTP/1.1 200 OK
Content-Type: application/json; charset=utf-8
cache-control: no-cache
content-length: 88

10:46:49.034 [AsyncHttpClient-1-4] DEBUG org.asynchttpclient.netty.channel.ChannelManager - Adding key: http://localhost:62583 for channel [id: 0xad7067ae, L:/127.0.0.1:57778 - R:localhost/127.0.0.1:62583]
10:46:49.036 [Forwarding clickElement on session 551e5e4a92d22468b5bd2fcaf54e25a3 to remote] DEBUG org.asynchttpclient.netty.request.NettyRequestSender - Using pooled Channel '[id: 0xad7067ae, L:/127.0.0.1:57778 - R:localhost/127.0.0.1:62583]' for 'POST' to 'http://localhost:62583/session/551e5e4a92d22468b5bd2fcaf54e25a3/element/097b2663-8700-4017-9ba2-b98344f03bb4/click'
10:46:49.036 [Forwarding clickElement on session 551e5e4a92d22468b5bd2fcaf54e25a3 to remote] DEBUG org.asynchttpclient.netty.request.NettyRequestSender - Using open Channel [id: 0xad7067ae, L:/127.0.0.1:57778 - R:localhost/127.0.0.1:62583] for POST '/session/551e5e4a92d22468b5bd2fcaf54e25a3/element/097b2663-8700-4017-9ba2-b98344f03bb4/click'
10:46:49.065 [AsyncHttpClient-1-1] DEBUG org.asynchttpclient.netty.channel.DefaultChannelPool - Entry count for : http://localhost:57779 : 1
10:46:49.122 [AsyncHttpClient-1-4] DEBUG org.asynchttpclient.netty.handler.HttpHandler - 

Request DefaultHttpRequest(decodeResult: success, version: HTTP/1.1)
POST /session/551e5e4a92d22468b5bd2fcaf54e25a3/element/097b2663-8700-4017-9ba2-b98344f03bb4/click HTTP/1.1
User-Agent: selenium/4.1.2 (java windows)
Content-Length: 50
Content-Type: application/json; charset=utf-8
host: localhost:62583
accept: */*

Response DefaultHttpResponse(decodeResult: success, version: HTTP/1.1)
HTTP/1.1 200 OK
Content-Type: application/json; charset=utf-8
cache-control: no-cache
content-length: 14

10:46:49.122 [AsyncHttpClient-1-4] DEBUG org.asynchttpclient.netty.channel.ChannelManager - Adding key: http://localhost:62583 for channel [id: 0xad7067ae, L:/127.0.0.1:57778 - R:localhost/127.0.0.1:62583]
10:46:49.133 [Forwarding screenshot on session 551e5e4a92d22468b5bd2fcaf54e25a3 to remote] DEBUG org.asynchttpclient.netty.request.NettyRequestSender - Using pooled Channel '[id: 0xad7067ae, L:/127.0.0.1:57778 - R:localhost/127.0.0.1:62583]' for 'GET' to 'http://localhost:62583/session/551e5e4a92d22468b5bd2fcaf54e25a3/screenshot'
10:46:49.133 [Forwarding screenshot on session 551e5e4a92d22468b5bd2fcaf54e25a3 to remote] DEBUG org.asynchttpclient.netty.request.NettyRequestSender - Using open Channel [id: 0xad7067ae, L:/127.0.0.1:57778 - R:localhost/127.0.0.1:62583] for GET '/session/551e5e4a92d22468b5bd2fcaf54e25a3/screenshot'
10:46:49.403 [AsyncHttpClient-1-4] DEBUG org.asynchttpclient.netty.handler.HttpHandler - 

Request DefaultFullHttpRequest(decodeResult: success, version: HTTP/1.1, content: EmptyByteBufBE)
GET /session/551e5e4a92d22468b5bd2fcaf54e25a3/screenshot HTTP/1.1
User-Agent: selenium/4.1.2 (java windows)
Cache-Control: no-cache
Content-Type: application/json; charset=utf-8
host: localhost:62583
accept: */*

Response DefaultHttpResponse(decodeResult: success, version: HTTP/1.1)
HTTP/1.1 200 OK
Content-Type: application/json; charset=utf-8
cache-control: no-cache
content-length: 92684

10:46:49.404 [AsyncHttpClient-1-4] DEBUG org.asynchttpclient.netty.channel.ChannelManager - Adding key: http://localhost:62583 for channel [id: 0xad7067ae, L:/127.0.0.1:57778 - R:localhost/127.0.0.1:62583]
10:46:49.410 [main] DEBUG net.serenitybdd.core.photography.Darkroom - Send negative for processing for target\site\serenity\7c0d770091555bd5fab69f7311bcaaaf768f9456947b9706edb7317a157a4006.png
10:46:49.410 [main] DEBUG net.thucydides.core.steps.StepInterceptor - STEP DONE: clickDoctorDepartmentOption
10:46:49.410 [Darkroom Processing Line] DEBUG net.serenitybdd.core.photography.DarkroomProcessingLine - Processing screenshot image in /var/screenshots/screenshot-13201156055776072160
10:46:49.410 [Darkroom Processing Line] DEBUG net.serenitybdd.core.photography.DarkroomProcessingLine - Saving screenshot to target\site\serenity\7c0d770091555bd5fab69f7311bcaaaf768f9456947b9706edb7317a157a4006.png
10:46:49.421 [main] DEBUG net.thucydides.core.steps.StepInterceptor - STARTING STEP: DoctorSteps.iInputValidDataDoctorAndClickSubmit - inputDoctorEmail
10:46:49.425 [Forwarding findElement on session 551e5e4a92d22468b5bd2fcaf54e25a3 to remote] DEBUG org.asynchttpclient.netty.request.NettyRequestSender - Using pooled Channel '[id: 0xad7067ae, L:/127.0.0.1:57778 - R:localhost/127.0.0.1:62583]' for 'POST' to 'http://localhost:62583/session/551e5e4a92d22468b5bd2fcaf54e25a3/element'
10:46:49.425 [Forwarding findElement on session 551e5e4a92d22468b5bd2fcaf54e25a3 to remote] DEBUG org.asynchttpclient.netty.request.NettyRequestSender - Using open Channel [id: 0xad7067ae, L:/127.0.0.1:57778 - R:localhost/127.0.0.1:62583] for POST '/session/551e5e4a92d22468b5bd2fcaf54e25a3/element'
10:46:49.444 [AsyncHttpClient-1-4] DEBUG org.asynchttpclient.netty.handler.HttpHandler - 

Request DefaultHttpRequest(decodeResult: success, version: HTTP/1.1)
POST /session/551e5e4a92d22468b5bd2fcaf54e25a3/element HTTP/1.1
User-Agent: selenium/4.1.2 (java windows)
Content-Length: 139
Content-Type: application/json; charset=utf-8
host: localhost:62583
accept: */*

Response DefaultHttpResponse(decodeResult: success, version: HTTP/1.1)
HTTP/1.1 200 OK
Content-Type: application/json; charset=utf-8
cache-control: no-cache
content-length: 88

10:46:49.444 [AsyncHttpClient-1-4] DEBUG org.asynchttpclient.netty.channel.ChannelManager - Adding key: http://localhost:62583 for channel [id: 0xad7067ae, L:/127.0.0.1:57778 - R:localhost/127.0.0.1:62583]
10:46:49.445 [Forwarding clearElement on session 551e5e4a92d22468b5bd2fcaf54e25a3 to remote] DEBUG org.asynchttpclient.netty.request.NettyRequestSender - Using pooled Channel '[id: 0xad7067ae, L:/127.0.0.1:57778 - R:localhost/127.0.0.1:62583]' for 'POST' to 'http://localhost:62583/session/551e5e4a92d22468b5bd2fcaf54e25a3/element/2befe4fc-ff38-4243-b2b7-48d267877305/clear'
10:46:49.446 [Forwarding clearElement on session 551e5e4a92d22468b5bd2fcaf54e25a3 to remote] DEBUG org.asynchttpclient.netty.request.NettyRequestSender - Using open Channel [id: 0xad7067ae, L:/127.0.0.1:57778 - R:localhost/127.0.0.1:62583] for POST '/session/551e5e4a92d22468b5bd2fcaf54e25a3/element/2befe4fc-ff38-4243-b2b7-48d267877305/clear'
10:46:49.493 [AsyncHttpClient-1-4] DEBUG org.asynchttpclient.netty.handler.HttpHandler - 

Request DefaultHttpRequest(decodeResult: success, version: HTTP/1.1)
POST /session/551e5e4a92d22468b5bd2fcaf54e25a3/element/2befe4fc-ff38-4243-b2b7-48d267877305/clear HTTP/1.1
User-Agent: selenium/4.1.2 (java windows)
Content-Length: 50
Content-Type: application/json; charset=utf-8
host: localhost:62583
accept: */*

Response DefaultHttpResponse(decodeResult: success, version: HTTP/1.1)
HTTP/1.1 200 OK
Content-Type: application/json; charset=utf-8
cache-control: no-cache
content-length: 14

10:46:49.493 [AsyncHttpClient-1-4] DEBUG org.asynchttpclient.netty.channel.ChannelManager - Adding key: http://localhost:62583 for channel [id: 0xad7067ae, L:/127.0.0.1:57778 - R:localhost/127.0.0.1:62583]
10:46:49.494 [Forwarding sendKeysToElement on session 551e5e4a92d22468b5bd2fcaf54e25a3 to remote] DEBUG org.asynchttpclient.netty.request.NettyRequestSender - Using pooled Channel '[id: 0xad7067ae, L:/127.0.0.1:57778 - R:localhost/127.0.0.1:62583]' for 'POST' to 'http://localhost:62583/session/551e5e4a92d22468b5bd2fcaf54e25a3/element/2befe4fc-ff38-4243-b2b7-48d267877305/value'
10:46:49.494 [Forwarding sendKeysToElement on session 551e5e4a92d22468b5bd2fcaf54e25a3 to remote] DEBUG org.asynchttpclient.netty.request.NettyRequestSender - Using open Channel [id: 0xad7067ae, L:/127.0.0.1:57778 - R:localhost/127.0.0.1:62583] for POST '/session/551e5e4a92d22468b5bd2fcaf54e25a3/element/2befe4fc-ff38-4243-b2b7-48d267877305/value'
10:46:49.838 [AsyncHttpClient-1-4] DEBUG org.asynchttpclient.netty.handler.HttpHandler - 

Request DefaultHttpRequest(decodeResult: success, version: HTTP/1.1)
POST /session/551e5e4a92d22468b5bd2fcaf54e25a3/element/2befe4fc-ff38-4243-b2b7-48d267877305/value HTTP/1.1
User-Agent: selenium/4.1.2 (java windows)
Content-Length: 271
Content-Type: application/json; charset=utf-8
host: localhost:62583
accept: */*

Response DefaultHttpResponse(decodeResult: success, version: HTTP/1.1)
HTTP/1.1 200 OK
Content-Type: application/json; charset=utf-8
cache-control: no-cache
content-length: 14

10:46:49.838 [AsyncHttpClient-1-4] DEBUG org.asynchttpclient.netty.channel.ChannelManager - Adding key: http://localhost:62583 for channel [id: 0xad7067ae, L:/127.0.0.1:57778 - R:localhost/127.0.0.1:62583]
10:46:49.845 [Forwarding screenshot on session 551e5e4a92d22468b5bd2fcaf54e25a3 to remote] DEBUG org.asynchttpclient.netty.request.NettyRequestSender - Using pooled Channel '[id: 0xad7067ae, L:/127.0.0.1:57778 - R:localhost/127.0.0.1:62583]' for 'GET' to 'http://localhost:62583/session/551e5e4a92d22468b5bd2fcaf54e25a3/screenshot'
10:46:49.845 [Forwarding screenshot on session 551e5e4a92d22468b5bd2fcaf54e25a3 to remote] DEBUG org.asynchttpclient.netty.request.NettyRequestSender - Using open Channel [id: 0xad7067ae, L:/127.0.0.1:57778 - R:localhost/127.0.0.1:62583] for GET '/session/551e5e4a92d22468b5bd2fcaf54e25a3/screenshot'
10:46:49.954 [AsyncHttpClient-1-4] DEBUG org.asynchttpclient.netty.handler.HttpHandler - 

Request DefaultFullHttpRequest(decodeResult: success, version: HTTP/1.1, content: EmptyByteBufBE)
GET /session/551e5e4a92d22468b5bd2fcaf54e25a3/screenshot HTTP/1.1
User-Agent: selenium/4.1.2 (java windows)
Cache-Control: no-cache
Content-Type: application/json; charset=utf-8
host: localhost:62583
accept: */*

Response DefaultHttpResponse(decodeResult: success, version: HTTP/1.1)
HTTP/1.1 200 OK
Content-Type: application/json; charset=utf-8
cache-control: no-cache
content-length: 87380

10:46:49.955 [AsyncHttpClient-1-4] DEBUG org.asynchttpclient.netty.channel.ChannelManager - Adding key: http://localhost:62583 for channel [id: 0xad7067ae, L:/127.0.0.1:57778 - R:localhost/127.0.0.1:62583]
10:46:49.959 [main] DEBUG net.serenitybdd.core.photography.Darkroom - Send negative for processing for target\site\serenity\1f3afbba6ef0707c8d0fea7671f86bd901aec990c09a743872752e9b6560a834.png
10:46:49.959 [main] DEBUG net.thucydides.core.steps.StepInterceptor - STEP DONE: inputDoctorEmail
10:46:49.959 [Darkroom Processing Line] DEBUG net.serenitybdd.core.photography.DarkroomProcessingLine - Processing screenshot image in /var/screenshots/screenshot-12952563662464133343
10:46:49.959 [Darkroom Processing Line] DEBUG net.serenitybdd.core.photography.DarkroomProcessingLine - Saving screenshot to target\site\serenity\1f3afbba6ef0707c8d0fea7671f86bd901aec990c09a743872752e9b6560a834.png
10:46:49.967 [main] DEBUG net.thucydides.core.steps.StepInterceptor - STARTING STEP: DoctorSteps.iInputValidDataDoctorAndClickSubmit - inputDoctorPassword
10:46:49.969 [Forwarding findElement on session 551e5e4a92d22468b5bd2fcaf54e25a3 to remote] DEBUG org.asynchttpclient.netty.request.NettyRequestSender - Using pooled Channel '[id: 0xad7067ae, L:/127.0.0.1:57778 - R:localhost/127.0.0.1:62583]' for 'POST' to 'http://localhost:62583/session/551e5e4a92d22468b5bd2fcaf54e25a3/element'
10:46:49.969 [Forwarding findElement on session 551e5e4a92d22468b5bd2fcaf54e25a3 to remote] DEBUG org.asynchttpclient.netty.request.NettyRequestSender - Using open Channel [id: 0xad7067ae, L:/127.0.0.1:57778 - R:localhost/127.0.0.1:62583] for POST '/session/551e5e4a92d22468b5bd2fcaf54e25a3/element'
10:46:49.983 [AsyncHttpClient-1-4] DEBUG org.asynchttpclient.netty.handler.HttpHandler - 

Request DefaultHttpRequest(decodeResult: success, version: HTTP/1.1)
POST /session/551e5e4a92d22468b5bd2fcaf54e25a3/element HTTP/1.1
User-Agent: selenium/4.1.2 (java windows)
Content-Length: 139
Content-Type: application/json; charset=utf-8
host: localhost:62583
accept: */*

Response DefaultHttpResponse(decodeResult: success, version: HTTP/1.1)
HTTP/1.1 200 OK
Content-Type: application/json; charset=utf-8
cache-control: no-cache
content-length: 88

10:46:49.983 [AsyncHttpClient-1-4] DEBUG org.asynchttpclient.netty.channel.ChannelManager - Adding key: http://localhost:62583 for channel [id: 0xad7067ae, L:/127.0.0.1:57778 - R:localhost/127.0.0.1:62583]
10:46:49.984 [Forwarding clearElement on session 551e5e4a92d22468b5bd2fcaf54e25a3 to remote] DEBUG org.asynchttpclient.netty.request.NettyRequestSender - Using pooled Channel '[id: 0xad7067ae, L:/127.0.0.1:57778 - R:localhost/127.0.0.1:62583]' for 'POST' to 'http://localhost:62583/session/551e5e4a92d22468b5bd2fcaf54e25a3/element/7a558b9f-cf4d-4483-903b-80c47dad3de1/clear'
10:46:49.984 [Forwarding clearElement on session 551e5e4a92d22468b5bd2fcaf54e25a3 to remote] DEBUG org.asynchttpclient.netty.request.NettyRequestSender - Using open Channel [id: 0xad7067ae, L:/127.0.0.1:57778 - R:localhost/127.0.0.1:62583] for POST '/session/551e5e4a92d22468b5bd2fcaf54e25a3/element/7a558b9f-cf4d-4483-903b-80c47dad3de1/clear'
10:46:50.023 [AsyncHttpClient-1-4] DEBUG org.asynchttpclient.netty.handler.HttpHandler - 

Request DefaultHttpRequest(decodeResult: success, version: HTTP/1.1)
POST /session/551e5e4a92d22468b5bd2fcaf54e25a3/element/7a558b9f-cf4d-4483-903b-80c47dad3de1/clear HTTP/1.1
User-Agent: selenium/4.1.2 (java windows)
Content-Length: 50
Content-Type: application/json; charset=utf-8
host: localhost:62583
accept: */*

Response DefaultHttpResponse(decodeResult: success, version: HTTP/1.1)
HTTP/1.1 200 OK
Content-Type: application/json; charset=utf-8
cache-control: no-cache
content-length: 14

10:46:50.024 [AsyncHttpClient-1-4] DEBUG org.asynchttpclient.netty.channel.ChannelManager - Adding key: http://localhost:62583 for channel [id: 0xad7067ae, L:/127.0.0.1:57778 - R:localhost/127.0.0.1:62583]
10:46:50.025 [Forwarding sendKeysToElement on session 551e5e4a92d22468b5bd2fcaf54e25a3 to remote] DEBUG org.asynchttpclient.netty.request.NettyRequestSender - Using pooled Channel '[id: 0xad7067ae, L:/127.0.0.1:57778 - R:localhost/127.0.0.1:62583]' for 'POST' to 'http://localhost:62583/session/551e5e4a92d22468b5bd2fcaf54e25a3/element/7a558b9f-cf4d-4483-903b-80c47dad3de1/value'
10:46:50.025 [Forwarding sendKeysToElement on session 551e5e4a92d22468b5bd2fcaf54e25a3 to remote] DEBUG org.asynchttpclient.netty.request.NettyRequestSender - Using open Channel [id: 0xad7067ae, L:/127.0.0.1:57778 - R:localhost/127.0.0.1:62583] for POST '/session/551e5e4a92d22468b5bd2fcaf54e25a3/element/7a558b9f-cf4d-4483-903b-80c47dad3de1/value'
10:46:50.167 [AsyncHttpClient-1-1] DEBUG org.asynchttpclient.netty.channel.DefaultChannelPool - Entry count for : http://localhost:57779 : 1
10:46:50.270 [AsyncHttpClient-1-4] DEBUG org.asynchttpclient.netty.handler.HttpHandler - 

Request DefaultHttpRequest(decodeResult: success, version: HTTP/1.1)
POST /session/551e5e4a92d22468b5bd2fcaf54e25a3/element/7a558b9f-cf4d-4483-903b-80c47dad3de1/value HTTP/1.1
User-Agent: selenium/4.1.2 (java windows)
Content-Length: 221
Content-Type: application/json; charset=utf-8
host: localhost:62583
accept: */*

Response DefaultHttpResponse(decodeResult: success, version: HTTP/1.1)
HTTP/1.1 200 OK
Content-Type: application/json; charset=utf-8
cache-control: no-cache
content-length: 14

10:46:50.270 [AsyncHttpClient-1-4] DEBUG org.asynchttpclient.netty.channel.ChannelManager - Adding key: http://localhost:62583 for channel [id: 0xad7067ae, L:/127.0.0.1:57778 - R:localhost/127.0.0.1:62583]
10:46:50.276 [Forwarding screenshot on session 551e5e4a92d22468b5bd2fcaf54e25a3 to remote] DEBUG org.asynchttpclient.netty.request.NettyRequestSender - Using pooled Channel '[id: 0xad7067ae, L:/127.0.0.1:57778 - R:localhost/127.0.0.1:62583]' for 'GET' to 'http://localhost:62583/session/551e5e4a92d22468b5bd2fcaf54e25a3/screenshot'
10:46:50.276 [Forwarding screenshot on session 551e5e4a92d22468b5bd2fcaf54e25a3 to remote] DEBUG org.asynchttpclient.netty.request.NettyRequestSender - Using open Channel [id: 0xad7067ae, L:/127.0.0.1:57778 - R:localhost/127.0.0.1:62583] for GET '/session/551e5e4a92d22468b5bd2fcaf54e25a3/screenshot'
10:46:50.407 [AsyncHttpClient-1-4] DEBUG org.asynchttpclient.netty.handler.HttpHandler - 

Request DefaultFullHttpRequest(decodeResult: success, version: HTTP/1.1, content: EmptyByteBufBE)
GET /session/551e5e4a92d22468b5bd2fcaf54e25a3/screenshot HTTP/1.1
User-Agent: selenium/4.1.2 (java windows)
Cache-Control: no-cache
Content-Type: application/json; charset=utf-8
host: localhost:62583
accept: */*

Response DefaultHttpResponse(decodeResult: success, version: HTTP/1.1)
HTTP/1.1 200 OK
Content-Type: application/json; charset=utf-8
cache-control: no-cache
content-length: 87060

10:46:50.407 [AsyncHttpClient-1-4] DEBUG org.asynchttpclient.netty.channel.ChannelManager - Adding key: http://localhost:62583 for channel [id: 0xad7067ae, L:/127.0.0.1:57778 - R:localhost/127.0.0.1:62583]
10:46:50.411 [main] DEBUG net.serenitybdd.core.photography.Darkroom - Send negative for processing for target\site\serenity\106d2949800437e22738a83da3f1183a5ddd7efda45700ef8e8fe28e8d88d5b0.png
10:46:50.412 [main] DEBUG net.thucydides.core.steps.StepInterceptor - STEP DONE: inputDoctorPassword
10:46:50.412 [Darkroom Processing Line] DEBUG net.serenitybdd.core.photography.DarkroomProcessingLine - Processing screenshot image in /var/screenshots/screenshot-18065612854329890208
10:46:50.412 [Darkroom Processing Line] DEBUG net.serenitybdd.core.photography.DarkroomProcessingLine - Saving screenshot to target\site\serenity\106d2949800437e22738a83da3f1183a5ddd7efda45700ef8e8fe28e8d88d5b0.png
10:46:50.421 [main] DEBUG net.thucydides.core.steps.StepInterceptor - STARTING STEP: DoctorSteps.iInputValidDataDoctorAndClickSubmit - inputDoctorPhoneNumber
10:46:50.426 [Forwarding findElement on session 551e5e4a92d22468b5bd2fcaf54e25a3 to remote] DEBUG org.asynchttpclient.netty.request.NettyRequestSender - Using pooled Channel '[id: 0xad7067ae, L:/127.0.0.1:57778 - R:localhost/127.0.0.1:62583]' for 'POST' to 'http://localhost:62583/session/551e5e4a92d22468b5bd2fcaf54e25a3/element'
10:46:50.426 [Forwarding findElement on session 551e5e4a92d22468b5bd2fcaf54e25a3 to remote] DEBUG org.asynchttpclient.netty.request.NettyRequestSender - Using open Channel [id: 0xad7067ae, L:/127.0.0.1:57778 - R:localhost/127.0.0.1:62583] for POST '/session/551e5e4a92d22468b5bd2fcaf54e25a3/element'
10:46:50.441 [AsyncHttpClient-1-4] DEBUG org.asynchttpclient.netty.handler.HttpHandler - 

Request DefaultHttpRequest(decodeResult: success, version: HTTP/1.1)
POST /session/551e5e4a92d22468b5bd2fcaf54e25a3/element HTTP/1.1
User-Agent: selenium/4.1.2 (java windows)
Content-Length: 139
Content-Type: application/json; charset=utf-8
host: localhost:62583
accept: */*

Response DefaultHttpResponse(decodeResult: success, version: HTTP/1.1)
HTTP/1.1 200 OK
Content-Type: application/json; charset=utf-8
cache-control: no-cache
content-length: 88

10:46:50.441 [AsyncHttpClient-1-4] DEBUG org.asynchttpclient.netty.channel.ChannelManager - Adding key: http://localhost:62583 for channel [id: 0xad7067ae, L:/127.0.0.1:57778 - R:localhost/127.0.0.1:62583]
10:46:50.442 [Forwarding clearElement on session 551e5e4a92d22468b5bd2fcaf54e25a3 to remote] DEBUG org.asynchttpclient.netty.request.NettyRequestSender - Using pooled Channel '[id: 0xad7067ae, L:/127.0.0.1:57778 - R:localhost/127.0.0.1:62583]' for 'POST' to 'http://localhost:62583/session/551e5e4a92d22468b5bd2fcaf54e25a3/element/c9aae352-1af6-4104-a760-8ec2dcd3adeb/clear'
10:46:50.442 [Forwarding clearElement on session 551e5e4a92d22468b5bd2fcaf54e25a3 to remote] DEBUG org.asynchttpclient.netty.request.NettyRequestSender - Using open Channel [id: 0xad7067ae, L:/127.0.0.1:57778 - R:localhost/127.0.0.1:62583] for POST '/session/551e5e4a92d22468b5bd2fcaf54e25a3/element/c9aae352-1af6-4104-a760-8ec2dcd3adeb/clear'
10:46:50.481 [AsyncHttpClient-1-4] DEBUG org.asynchttpclient.netty.handler.HttpHandler - 

Request DefaultHttpRequest(decodeResult: success, version: HTTP/1.1)
POST /session/551e5e4a92d22468b5bd2fcaf54e25a3/element/c9aae352-1af6-4104-a760-8ec2dcd3adeb/clear HTTP/1.1
User-Agent: selenium/4.1.2 (java windows)
Content-Length: 50
Content-Type: application/json; charset=utf-8
host: localhost:62583
accept: */*

Response DefaultHttpResponse(decodeResult: success, version: HTTP/1.1)
HTTP/1.1 200 OK
Content-Type: application/json; charset=utf-8
cache-control: no-cache
content-length: 14

10:46:50.481 [AsyncHttpClient-1-4] DEBUG org.asynchttpclient.netty.channel.ChannelManager - Adding key: http://localhost:62583 for channel [id: 0xad7067ae, L:/127.0.0.1:57778 - R:localhost/127.0.0.1:62583]
10:46:50.482 [Forwarding sendKeysToElement on session 551e5e4a92d22468b5bd2fcaf54e25a3 to remote] DEBUG org.asynchttpclient.netty.request.NettyRequestSender - Using pooled Channel '[id: 0xad7067ae, L:/127.0.0.1:57778 - R:localhost/127.0.0.1:62583]' for 'POST' to 'http://localhost:62583/session/551e5e4a92d22468b5bd2fcaf54e25a3/element/c9aae352-1af6-4104-a760-8ec2dcd3adeb/value'
10:46:50.483 [Forwarding sendKeysToElement on session 551e5e4a92d22468b5bd2fcaf54e25a3 to remote] DEBUG org.asynchttpclient.netty.request.NettyRequestSender - Using open Channel [id: 0xad7067ae, L:/127.0.0.1:57778 - R:localhost/127.0.0.1:62583] for POST '/session/551e5e4a92d22468b5bd2fcaf54e25a3/element/c9aae352-1af6-4104-a760-8ec2dcd3adeb/value'
10:46:50.665 [AsyncHttpClient-1-4] DEBUG org.asynchttpclient.netty.handler.HttpHandler - 

Request DefaultHttpRequest(decodeResult: success, version: HTTP/1.1)
POST /session/551e5e4a92d22468b5bd2fcaf54e25a3/element/c9aae352-1af6-4104-a760-8ec2dcd3adeb/value HTTP/1.1
User-Agent: selenium/4.1.2 (java windows)
Content-Length: 181
Content-Type: application/json; charset=utf-8
host: localhost:62583
accept: */*

Response DefaultHttpResponse(decodeResult: success, version: HTTP/1.1)
HTTP/1.1 200 OK
Content-Type: application/json; charset=utf-8
cache-control: no-cache
content-length: 14

10:46:50.665 [AsyncHttpClient-1-4] DEBUG org.asynchttpclient.netty.channel.ChannelManager - Adding key: http://localhost:62583 for channel [id: 0xad7067ae, L:/127.0.0.1:57778 - R:localhost/127.0.0.1:62583]
10:46:50.684 [Forwarding screenshot on session 551e5e4a92d22468b5bd2fcaf54e25a3 to remote] DEBUG org.asynchttpclient.netty.request.NettyRequestSender - Using pooled Channel '[id: 0xad7067ae, L:/127.0.0.1:57778 - R:localhost/127.0.0.1:62583]' for 'GET' to 'http://localhost:62583/session/551e5e4a92d22468b5bd2fcaf54e25a3/screenshot'
10:46:50.684 [Forwarding screenshot on session 551e5e4a92d22468b5bd2fcaf54e25a3 to remote] DEBUG org.asynchttpclient.netty.request.NettyRequestSender - Using open Channel [id: 0xad7067ae, L:/127.0.0.1:57778 - R:localhost/127.0.0.1:62583] for GET '/session/551e5e4a92d22468b5bd2fcaf54e25a3/screenshot'
10:46:50.816 [AsyncHttpClient-1-4] DEBUG org.asynchttpclient.netty.handler.HttpHandler - 

Request DefaultFullHttpRequest(decodeResult: success, version: HTTP/1.1, content: EmptyByteBufBE)
GET /session/551e5e4a92d22468b5bd2fcaf54e25a3/screenshot HTTP/1.1
User-Agent: selenium/4.1.2 (java windows)
Cache-Control: no-cache
Content-Type: application/json; charset=utf-8
host: localhost:62583
accept: */*

Response DefaultHttpResponse(decodeResult: success, version: HTTP/1.1)
HTTP/1.1 200 OK
Content-Type: application/json; charset=utf-8
cache-control: no-cache
content-length: 89068

10:46:50.816 [AsyncHttpClient-1-4] DEBUG org.asynchttpclient.netty.channel.ChannelManager - Adding key: http://localhost:62583 for channel [id: 0xad7067ae, L:/127.0.0.1:57778 - R:localhost/127.0.0.1:62583]
10:46:50.821 [main] DEBUG net.serenitybdd.core.photography.Darkroom - Send negative for processing for target\site\serenity\2fb68de78d3ae1d5d24f0addb4f82925cdc381eaf76da986fc49db5d0bf4869b.png
10:46:50.821 [main] DEBUG net.thucydides.core.steps.StepInterceptor - STEP DONE: inputDoctorPhoneNumber
10:46:50.821 [Darkroom Processing Line] DEBUG net.serenitybdd.core.photography.DarkroomProcessingLine - Processing screenshot image in /var/screenshots/screenshot-5943312626205359173
10:46:50.821 [Darkroom Processing Line] DEBUG net.serenitybdd.core.photography.DarkroomProcessingLine - Saving screenshot to target\site\serenity\2fb68de78d3ae1d5d24f0addb4f82925cdc381eaf76da986fc49db5d0bf4869b.png
10:46:50.828 [main] DEBUG net.thucydides.core.steps.StepInterceptor - STARTING STEP: DoctorSteps.iInputValidDataDoctorAndClickSubmit - clickSubmitButton
10:46:50.831 [Forwarding findElement on session 551e5e4a92d22468b5bd2fcaf54e25a3 to remote] DEBUG org.asynchttpclient.netty.request.NettyRequestSender - Using pooled Channel '[id: 0xad7067ae, L:/127.0.0.1:57778 - R:localhost/127.0.0.1:62583]' for 'POST' to 'http://localhost:62583/session/551e5e4a92d22468b5bd2fcaf54e25a3/element'
10:46:50.831 [Forwarding findElement on session 551e5e4a92d22468b5bd2fcaf54e25a3 to remote] DEBUG org.asynchttpclient.netty.request.NettyRequestSender - Using open Channel [id: 0xad7067ae, L:/127.0.0.1:57778 - R:localhost/127.0.0.1:62583] for POST '/session/551e5e4a92d22468b5bd2fcaf54e25a3/element'
10:46:50.847 [AsyncHttpClient-1-4] DEBUG org.asynchttpclient.netty.handler.HttpHandler - 

Request DefaultHttpRequest(decodeResult: success, version: HTTP/1.1)
POST /session/551e5e4a92d22468b5bd2fcaf54e25a3/element HTTP/1.1
User-Agent: selenium/4.1.2 (java windows)
Content-Length: 116
Content-Type: application/json; charset=utf-8
host: localhost:62583
accept: */*

Response DefaultHttpResponse(decodeResult: success, version: HTTP/1.1)
HTTP/1.1 200 OK
Content-Type: application/json; charset=utf-8
cache-control: no-cache
content-length: 88

10:46:50.847 [AsyncHttpClient-1-4] DEBUG org.asynchttpclient.netty.channel.ChannelManager - Adding key: http://localhost:62583 for channel [id: 0xad7067ae, L:/127.0.0.1:57778 - R:localhost/127.0.0.1:62583]
10:46:50.849 [Forwarding getElementTagName on session 551e5e4a92d22468b5bd2fcaf54e25a3 to remote] DEBUG org.asynchttpclient.netty.request.NettyRequestSender - Using pooled Channel '[id: 0xad7067ae, L:/127.0.0.1:57778 - R:localhost/127.0.0.1:62583]' for 'GET' to 'http://localhost:62583/session/551e5e4a92d22468b5bd2fcaf54e25a3/element/1733d44a-8026-4f18-b8ce-46e74dc8e10d/name'
10:46:50.849 [Forwarding getElementTagName on session 551e5e4a92d22468b5bd2fcaf54e25a3 to remote] DEBUG org.asynchttpclient.netty.request.NettyRequestSender - Using open Channel [id: 0xad7067ae, L:/127.0.0.1:57778 - R:localhost/127.0.0.1:62583] for GET '/session/551e5e4a92d22468b5bd2fcaf54e25a3/element/1733d44a-8026-4f18-b8ce-46e74dc8e10d/name'
10:46:50.853 [AsyncHttpClient-1-4] DEBUG org.asynchttpclient.netty.handler.HttpHandler - 

Request DefaultFullHttpRequest(decodeResult: success, version: HTTP/1.1, content: EmptyByteBufBE)
GET /session/551e5e4a92d22468b5bd2fcaf54e25a3/element/1733d44a-8026-4f18-b8ce-46e74dc8e10d/name HTTP/1.1
User-Agent: selenium/4.1.2 (java windows)
Cache-Control: no-cache
Content-Type: application/json; charset=utf-8
host: localhost:62583
accept: */*

Response DefaultHttpResponse(decodeResult: success, version: HTTP/1.1)
HTTP/1.1 200 OK
Content-Type: application/json; charset=utf-8
cache-control: no-cache
content-length: 18

10:46:50.853 [AsyncHttpClient-1-4] DEBUG org.asynchttpclient.netty.channel.ChannelManager - Adding key: http://localhost:62583 for channel [id: 0xad7067ae, L:/127.0.0.1:57778 - R:localhost/127.0.0.1:62583]
10:46:50.854 [Forwarding getElementTagName on session 551e5e4a92d22468b5bd2fcaf54e25a3 to remote] DEBUG org.asynchttpclient.netty.request.NettyRequestSender - Using pooled Channel '[id: 0xad7067ae, L:/127.0.0.1:57778 - R:localhost/127.0.0.1:62583]' for 'GET' to 'http://localhost:62583/session/551e5e4a92d22468b5bd2fcaf54e25a3/element/1733d44a-8026-4f18-b8ce-46e74dc8e10d/name'
10:46:50.854 [Forwarding getElementTagName on session 551e5e4a92d22468b5bd2fcaf54e25a3 to remote] DEBUG org.asynchttpclient.netty.request.NettyRequestSender - Using open Channel [id: 0xad7067ae, L:/127.0.0.1:57778 - R:localhost/127.0.0.1:62583] for GET '/session/551e5e4a92d22468b5bd2fcaf54e25a3/element/1733d44a-8026-4f18-b8ce-46e74dc8e10d/name'
10:46:50.858 [AsyncHttpClient-1-4] DEBUG org.asynchttpclient.netty.handler.HttpHandler - 

Request DefaultFullHttpRequest(decodeResult: success, version: HTTP/1.1, content: EmptyByteBufBE)
GET /session/551e5e4a92d22468b5bd2fcaf54e25a3/element/1733d44a-8026-4f18-b8ce-46e74dc8e10d/name HTTP/1.1
User-Agent: selenium/4.1.2 (java windows)
Cache-Control: no-cache
Content-Type: application/json; charset=utf-8
host: localhost:62583
accept: */*

Response DefaultHttpResponse(decodeResult: success, version: HTTP/1.1)
HTTP/1.1 200 OK
Content-Type: application/json; charset=utf-8
cache-control: no-cache
content-length: 18

10:46:50.858 [AsyncHttpClient-1-4] DEBUG org.asynchttpclient.netty.channel.ChannelManager - Adding key: http://localhost:62583 for channel [id: 0xad7067ae, L:/127.0.0.1:57778 - R:localhost/127.0.0.1:62583]
10:46:50.860 [Forwarding isElementEnabled on session 551e5e4a92d22468b5bd2fcaf54e25a3 to remote] DEBUG org.asynchttpclient.netty.request.NettyRequestSender - Using pooled Channel '[id: 0xad7067ae, L:/127.0.0.1:57778 - R:localhost/127.0.0.1:62583]' for 'GET' to 'http://localhost:62583/session/551e5e4a92d22468b5bd2fcaf54e25a3/element/1733d44a-8026-4f18-b8ce-46e74dc8e10d/enabled'
10:46:50.860 [Forwarding isElementEnabled on session 551e5e4a92d22468b5bd2fcaf54e25a3 to remote] DEBUG org.asynchttpclient.netty.request.NettyRequestSender - Using open Channel [id: 0xad7067ae, L:/127.0.0.1:57778 - R:localhost/127.0.0.1:62583] for GET '/session/551e5e4a92d22468b5bd2fcaf54e25a3/element/1733d44a-8026-4f18-b8ce-46e74dc8e10d/enabled'
10:46:50.870 [AsyncHttpClient-1-4] DEBUG org.asynchttpclient.netty.handler.HttpHandler - 

Request DefaultFullHttpRequest(decodeResult: success, version: HTTP/1.1, content: EmptyByteBufBE)
GET /session/551e5e4a92d22468b5bd2fcaf54e25a3/element/1733d44a-8026-4f18-b8ce-46e74dc8e10d/enabled HTTP/1.1
User-Agent: selenium/4.1.2 (java windows)
Cache-Control: no-cache
Content-Type: application/json; charset=utf-8
host: localhost:62583
accept: */*

Response DefaultHttpResponse(decodeResult: success, version: HTTP/1.1)
HTTP/1.1 200 OK
Content-Type: application/json; charset=utf-8
cache-control: no-cache
content-length: 14

10:46:50.870 [AsyncHttpClient-1-4] DEBUG org.asynchttpclient.netty.channel.ChannelManager - Adding key: http://localhost:62583 for channel [id: 0xad7067ae, L:/127.0.0.1:57778 - R:localhost/127.0.0.1:62583]
10:46:50.871 [Forwarding isElementEnabled on session 551e5e4a92d22468b5bd2fcaf54e25a3 to remote] DEBUG org.asynchttpclient.netty.request.NettyRequestSender - Using pooled Channel '[id: 0xad7067ae, L:/127.0.0.1:57778 - R:localhost/127.0.0.1:62583]' for 'GET' to 'http://localhost:62583/session/551e5e4a92d22468b5bd2fcaf54e25a3/element/1733d44a-8026-4f18-b8ce-46e74dc8e10d/enabled'
10:46:50.871 [Forwarding isElementEnabled on session 551e5e4a92d22468b5bd2fcaf54e25a3 to remote] DEBUG org.asynchttpclient.netty.request.NettyRequestSender - Using open Channel [id: 0xad7067ae, L:/127.0.0.1:57778 - R:localhost/127.0.0.1:62583] for GET '/session/551e5e4a92d22468b5bd2fcaf54e25a3/element/1733d44a-8026-4f18-b8ce-46e74dc8e10d/enabled'
10:46:50.878 [AsyncHttpClient-1-4] DEBUG org.asynchttpclient.netty.handler.HttpHandler - 

Request DefaultFullHttpRequest(decodeResult: success, version: HTTP/1.1, content: EmptyByteBufBE)
GET /session/551e5e4a92d22468b5bd2fcaf54e25a3/element/1733d44a-8026-4f18-b8ce-46e74dc8e10d/enabled HTTP/1.1
User-Agent: selenium/4.1.2 (java windows)
Cache-Control: no-cache
Content-Type: application/json; charset=utf-8
host: localhost:62583
accept: */*

Response DefaultHttpResponse(decodeResult: success, version: HTTP/1.1)
HTTP/1.1 200 OK
Content-Type: application/json; charset=utf-8
cache-control: no-cache
content-length: 14

10:46:50.878 [AsyncHttpClient-1-4] DEBUG org.asynchttpclient.netty.channel.ChannelManager - Adding key: http://localhost:62583 for channel [id: 0xad7067ae, L:/127.0.0.1:57778 - R:localhost/127.0.0.1:62583]
10:46:50.880 [Forwarding findElement on session 551e5e4a92d22468b5bd2fcaf54e25a3 to remote] DEBUG org.asynchttpclient.netty.request.NettyRequestSender - Using pooled Channel '[id: 0xad7067ae, L:/127.0.0.1:57778 - R:localhost/127.0.0.1:62583]' for 'POST' to 'http://localhost:62583/session/551e5e4a92d22468b5bd2fcaf54e25a3/element'
10:46:50.880 [Forwarding findElement on session 551e5e4a92d22468b5bd2fcaf54e25a3 to remote] DEBUG org.asynchttpclient.netty.request.NettyRequestSender - Using open Channel [id: 0xad7067ae, L:/127.0.0.1:57778 - R:localhost/127.0.0.1:62583] for POST '/session/551e5e4a92d22468b5bd2fcaf54e25a3/element'
10:46:50.888 [AsyncHttpClient-1-4] DEBUG org.asynchttpclient.netty.handler.HttpHandler - 

Request DefaultHttpRequest(decodeResult: success, version: HTTP/1.1)
POST /session/551e5e4a92d22468b5bd2fcaf54e25a3/element HTTP/1.1
User-Agent: selenium/4.1.2 (java windows)
Content-Length: 116
Content-Type: application/json; charset=utf-8
host: localhost:62583
accept: */*

Response DefaultHttpResponse(decodeResult: success, version: HTTP/1.1)
HTTP/1.1 200 OK
Content-Type: application/json; charset=utf-8
cache-control: no-cache
content-length: 88

10:46:50.888 [AsyncHttpClient-1-4] DEBUG org.asynchttpclient.netty.channel.ChannelManager - Adding key: http://localhost:62583 for channel [id: 0xad7067ae, L:/127.0.0.1:57778 - R:localhost/127.0.0.1:62583]
10:46:50.889 [Forwarding clickElement on session 551e5e4a92d22468b5bd2fcaf54e25a3 to remote] DEBUG org.asynchttpclient.netty.request.NettyRequestSender - Using pooled Channel '[id: 0xad7067ae, L:/127.0.0.1:57778 - R:localhost/127.0.0.1:62583]' for 'POST' to 'http://localhost:62583/session/551e5e4a92d22468b5bd2fcaf54e25a3/element/1733d44a-8026-4f18-b8ce-46e74dc8e10d/click'
10:46:50.889 [Forwarding clickElement on session 551e5e4a92d22468b5bd2fcaf54e25a3 to remote] DEBUG org.asynchttpclient.netty.request.NettyRequestSender - Using open Channel [id: 0xad7067ae, L:/127.0.0.1:57778 - R:localhost/127.0.0.1:62583] for POST '/session/551e5e4a92d22468b5bd2fcaf54e25a3/element/1733d44a-8026-4f18-b8ce-46e74dc8e10d/click'
10:46:50.957 [AsyncHttpClient-1-4] DEBUG org.asynchttpclient.netty.handler.HttpHandler - 

Request DefaultHttpRequest(decodeResult: success, version: HTTP/1.1)
POST /session/551e5e4a92d22468b5bd2fcaf54e25a3/element/1733d44a-8026-4f18-b8ce-46e74dc8e10d/click HTTP/1.1
User-Agent: selenium/4.1.2 (java windows)
Content-Length: 50
Content-Type: application/json; charset=utf-8
host: localhost:62583
accept: */*

Response DefaultHttpResponse(decodeResult: success, version: HTTP/1.1)
HTTP/1.1 200 OK
Content-Type: application/json; charset=utf-8
cache-control: no-cache
content-length: 14

10:46:50.957 [AsyncHttpClient-1-4] DEBUG org.asynchttpclient.netty.channel.ChannelManager - Adding key: http://localhost:62583 for channel [id: 0xad7067ae, L:/127.0.0.1:57778 - R:localhost/127.0.0.1:62583]
10:46:50.964 [Forwarding screenshot on session 551e5e4a92d22468b5bd2fcaf54e25a3 to remote] DEBUG org.asynchttpclient.netty.request.NettyRequestSender - Using pooled Channel '[id: 0xad7067ae, L:/127.0.0.1:57778 - R:localhost/127.0.0.1:62583]' for 'GET' to 'http://localhost:62583/session/551e5e4a92d22468b5bd2fcaf54e25a3/screenshot'
10:46:50.964 [Forwarding screenshot on session 551e5e4a92d22468b5bd2fcaf54e25a3 to remote] DEBUG org.asynchttpclient.netty.request.NettyRequestSender - Using open Channel [id: 0xad7067ae, L:/127.0.0.1:57778 - R:localhost/127.0.0.1:62583] for GET '/session/551e5e4a92d22468b5bd2fcaf54e25a3/screenshot'
10:46:51.100 [AsyncHttpClient-1-4] DEBUG org.asynchttpclient.netty.handler.HttpHandler - 

Request DefaultFullHttpRequest(decodeResult: success, version: HTTP/1.1, content: EmptyByteBufBE)
GET /session/551e5e4a92d22468b5bd2fcaf54e25a3/screenshot HTTP/1.1
User-Agent: selenium/4.1.2 (java windows)
Cache-Control: no-cache
Content-Type: application/json; charset=utf-8
host: localhost:62583
accept: */*

Response DefaultHttpResponse(decodeResult: success, version: HTTP/1.1)
HTTP/1.1 200 OK
Content-Type: application/json; charset=utf-8
cache-control: no-cache
content-length: 88956

10:46:51.101 [AsyncHttpClient-1-4] DEBUG org.asynchttpclient.netty.channel.ChannelManager - Adding key: http://localhost:62583 for channel [id: 0xad7067ae, L:/127.0.0.1:57778 - R:localhost/127.0.0.1:62583]
10:46:51.106 [main] DEBUG net.serenitybdd.core.photography.Darkroom - Send negative for processing for target\site\serenity\6fd96d291a2d10454a87542a91569cf4f728ff3f0f9e8369a6db74cba7ca5e28.png
10:46:51.106 [main] DEBUG net.thucydides.core.steps.StepInterceptor - STEP DONE: clickSubmitButton
  &amp#27;[32mAnd &amp#27;[0m&amp#27;[32mI input valid data doctor and click submit&amp#27;[0m &amp#27;[90m# starter.stepdefinitions.DoctorSteps.iInputValidDataDoctorAndClickSubmit()&amp#27;[0m
10:46:51.106 [Darkroom Processing Line] DEBUG net.serenitybdd.core.photography.DarkroomProcessingLine - Processing screenshot image in /var/screenshots/screenshot-15004483930598703717
10:46:51.106 [Darkroom Processing Line] DEBUG net.serenitybdd.core.photography.DarkroomProcessingLine - Saving screenshot to target\site\serenity\6fd96d291a2d10454a87542a91569cf4f728ff3f0f9e8369a6db74cba7ca5e28.png
10:46:51.128 [main] DEBUG net.thucydides.core.steps.StepInterceptor - STARTING STEP: DoctorSteps.iGetNewDoctorHasBeenAddedResult - newDoctorAdded
10:46:51.130 [Forwarding findElement on session 551e5e4a92d22468b5bd2fcaf54e25a3 to remote] DEBUG org.asynchttpclient.netty.request.NettyRequestSender - Using pooled Channel '[id: 0xad7067ae, L:/127.0.0.1:57778 - R:localhost/127.0.0.1:62583]' for 'POST' to 'http://localhost:62583/session/551e5e4a92d22468b5bd2fcaf54e25a3/element'
10:46:51.130 [Forwarding findElement on session 551e5e4a92d22468b5bd2fcaf54e25a3 to remote] DEBUG org.asynchttpclient.netty.request.NettyRequestSender - Using open Channel [id: 0xad7067ae, L:/127.0.0.1:57778 - R:localhost/127.0.0.1:62583] for POST '/session/551e5e4a92d22468b5bd2fcaf54e25a3/element'
10:46:51.264 [AsyncHttpClient-1-1] DEBUG org.asynchttpclient.netty.channel.DefaultChannelPool - Entry count for : http://localhost:57779 : 1
10:46:51.489 [AsyncHttpClient-1-4] DEBUG org.asynchttpclient.netty.handler.HttpHandler - 

Request DefaultHttpRequest(decodeResult: success, version: HTTP/1.1)
POST /session/551e5e4a92d22468b5bd2fcaf54e25a3/element HTTP/1.1
User-Agent: selenium/4.1.2 (java windows)
Content-Length: 74
Content-Type: application/json; charset=utf-8
host: localhost:62583
accept: */*

Response DefaultHttpResponse(decodeResult: success, version: HTTP/1.1)
HTTP/1.1 200 OK
Content-Type: application/json; charset=utf-8
cache-control: no-cache
content-length: 88

10:46:51.489 [AsyncHttpClient-1-4] DEBUG org.asynchttpclient.netty.channel.ChannelManager - Adding key: http://localhost:62583 for channel [id: 0xad7067ae, L:/127.0.0.1:57778 - R:localhost/127.0.0.1:62583]
10:46:51.496 [Forwarding isElementDisplayed on session 551e5e4a92d22468b5bd2fcaf54e25a3 to remote] DEBUG org.asynchttpclient.netty.request.NettyRequestSender - Using pooled Channel '[id: 0xad7067ae, L:/127.0.0.1:57778 - R:localhost/127.0.0.1:62583]' for 'POST' to 'http://localhost:62583/session/551e5e4a92d22468b5bd2fcaf54e25a3/execute/sync'
10:46:51.496 [Forwarding isElementDisplayed on session 551e5e4a92d22468b5bd2fcaf54e25a3 to remote] DEBUG org.asynchttpclient.netty.request.NettyRequestSender - Using open Channel [id: 0xad7067ae, L:/127.0.0.1:57778 - R:localhost/127.0.0.1:62583] for POST '/session/551e5e4a92d22468b5bd2fcaf54e25a3/execute/sync'
10:46:51.521 [AsyncHttpClient-1-4] DEBUG org.asynchttpclient.netty.handler.HttpHandler - 

Request DefaultHttpRequest(decodeResult: success, version: HTTP/1.1)
POST /session/551e5e4a92d22468b5bd2fcaf54e25a3/execute/sync HTTP/1.1
User-Agent: selenium/4.1.2 (java windows)
Content-Length: 48780
Content-Type: application/json; charset=utf-8
host: localhost:62583
accept: */*

Response DefaultHttpResponse(decodeResult: success, version: HTTP/1.1)
HTTP/1.1 200 OK
Content-Type: application/json; charset=utf-8
cache-control: no-cache
content-length: 14

10:46:51.521 [AsyncHttpClient-1-4] DEBUG org.asynchttpclient.netty.channel.ChannelManager - Adding key: http://localhost:62583 for channel [id: 0xad7067ae, L:/127.0.0.1:57778 - R:localhost/127.0.0.1:62583]
10:46:51.532 [Forwarding screenshot on session 551e5e4a92d22468b5bd2fcaf54e25a3 to remote] DEBUG org.asynchttpclient.netty.request.NettyRequestSender - Using pooled Channel '[id: 0xad7067ae, L:/127.0.0.1:57778 - R:localhost/127.0.0.1:62583]' for 'GET' to 'http://localhost:62583/session/551e5e4a92d22468b5bd2fcaf54e25a3/screenshot'
10:46:51.532 [Forwarding screenshot on session 551e5e4a92d22468b5bd2fcaf54e25a3 to remote] DEBUG org.asynchttpclient.netty.request.NettyRequestSender - Using open Channel [id: 0xad7067ae, L:/127.0.0.1:57778 - R:localhost/127.0.0.1:62583] for GET '/session/551e5e4a92d22468b5bd2fcaf54e25a3/screenshot'
10:46:51.690 [AsyncHttpClient-1-4] DEBUG org.asynchttpclient.netty.handler.HttpHandler - 

Request DefaultFullHttpRequest(decodeResult: success, version: HTTP/1.1, content: EmptyByteBufBE)
GET /session/551e5e4a92d22468b5bd2fcaf54e25a3/screenshot HTTP/1.1
User-Agent: selenium/4.1.2 (java windows)
Cache-Control: no-cache
Content-Type: application/json; charset=utf-8
host: localhost:62583
accept: */*

Response DefaultHttpResponse(decodeResult: success, version: HTTP/1.1)
HTTP/1.1 200 OK
Content-Type: application/json; charset=utf-8
cache-control: no-cache
content-length: 106208

10:46:51.691 [AsyncHttpClient-1-4] DEBUG org.asynchttpclient.netty.channel.ChannelManager - Adding key: http://localhost:62583 for channel [id: 0xad7067ae, L:/127.0.0.1:57778 - R:localhost/127.0.0.1:62583]
10:46:51.701 [main] DEBUG net.serenitybdd.core.photography.Darkroom - Send negative for processing for target\site\serenity\ef47961352543d9d1662b808254cef9c25f80bfff9796a7ef00f273a25b374d0.png
10:46:51.701 [main] DEBUG net.thucydides.core.steps.StepInterceptor - STEP DONE: newDoctorAdded
  &amp#27;[32mThen &amp#27;[0m&amp#27;[32mI get New Doctor has been added result&amp#27;[0m    &amp#27;[90m# starter.stepdefinitions.DoctorSteps.iGetNewDoctorHasBeenAddedResult()&amp#27;[0m
10:46:51.701 [Darkroom Processing Line] DEBUG net.serenitybdd.core.photography.DarkroomProcessingLine - Processing screenshot image in /var/screenshots/screenshot-8158152657336413510
10:46:51.701 [Darkroom Processing Line] DEBUG net.serenitybdd.core.photography.DarkroomProcessingLine - Saving screenshot to target\site\serenity\ef47961352543d9d1662b808254cef9c25f80bfff9796a7ef00f273a25b374d0.png
10:46:51.716 [main] INFO  - 
  _____   ___   ___   _____     ___     _     ___   ___   ___   ___  
 |_   _| | __| / __| |_   _|   | _ \   /_\   / __| / __| | __| |   \ 
   | |   | _|  \__ \   | |     |  _/  / _ \  \__ \ \__ \ | _|  | |) |
   |_|   |___| |___/   |_|     |_|   /_/ \_\ |___/ |___/ |___| |___/ 

Create New Doctor Scenario
----------------------------------------------------------------------
10:46:51.724 [AsyncHttpClient-1-6] DEBUG org.asynchttpclient.netty.handler.WebSocketHandler - Channel Closed: [id: 0xa64cd4f6, L:/127.0.0.1:57786 ! R:localhost/127.0.0.1:57779] with attribute NettyResponseFuture{currentRetry=5,
	isDone=1,
	isCancelled=0,
	asyncHandler=org.asynchttpclient.ws.WebSocketUpgradeHandler@59aa2684,
	nettyRequest=org.asynchttpclient.netty.request.NettyRequest@4a528e56,
	future=java.util.concurrent.CompletableFuture@7e255b59[Completed normally],
	uri=ws://localhost:57779/devtools/browser/2689ee09-4561-4407-88a8-ea9950920b50,
	keepAlive=true,
	redirectCount=0,
	timeoutsHolder=null,
	inAuth=0,
	touch=1655783203036}
10:46:51.724 [AsyncHttpClient-1-6] DEBUG org.asynchttpclient.netty.channel.ChannelManager - Closing Channel [id: 0xa64cd4f6, L:/127.0.0.1:57786 ! R:localhost/127.0.0.1:57779] 
10:46:51.724 [Driver Command Executor] DEBUG org.asynchttpclient.netty.request.NettyRequestSender - Using pooled Channel '[id: 0xad7067ae, L:/127.0.0.1:57778 - R:localhost/127.0.0.1:62583]' for 'DELETE' to 'http://localhost:62583/session/551e5e4a92d22468b5bd2fcaf54e25a3'
10:46:51.724 [Driver Command Executor] DEBUG org.asynchttpclient.netty.request.NettyRequestSender - Using open Channel [id: 0xad7067ae, L:/127.0.0.1:57778 - R:localhost/127.0.0.1:62583] for DELETE '/session/551e5e4a92d22468b5bd2fcaf54e25a3'
10:46:51.828 [AsyncHttpClient-1-5] DEBUG org.asynchttpclient.netty.handler.HttpHandler - Unexpected I/O exception on channel [id: 0xfe1c55dc, L:/127.0.0.1:57785 - R:localhost/127.0.0.1:57779]
java.net.SocketException: Connection reset
	at java.base/sun.nio.ch.SocketChannelImpl.throwConnectionReset(SocketChannelImpl.java:367)
	at java.base/sun.nio.ch.SocketChannelImpl.read(SocketChannelImpl.java:398)
	at io.netty.buffer.PooledByteBuf.setBytes(PooledByteBuf.java:258)
	at io.netty.buffer.AbstractByteBuf.writeBytes(AbstractByteBuf.java:1132)
	at io.netty.channel.socket.nio.NioSocketChannel.doReadBytes(NioSocketChannel.java:350)
	at io.netty.channel.nio.AbstractNioByteChannel$NioByteUnsafe.read(AbstractNioByteChannel.java:151)
	at io.netty.channel.nio.NioEventLoop.processSelectedKey(NioEventLoop.java:722)
	at io.netty.channel.nio.NioEventLoop.processSelectedKeysOptimized(NioEventLoop.java:658)
	at io.netty.channel.nio.NioEventLoop.processSelectedKeys(NioEventLoop.java:584)
	at io.netty.channel.nio.NioEventLoop.run(NioEventLoop.java:496)
	at io.netty.util.concurrent.SingleThreadEventExecutor$4.run(SingleThreadEventExecutor.java:986)
	at io.netty.util.internal.ThreadExecutorMap$2.run(ThreadExecutorMap.java:74)
	at io.netty.util.concurrent.FastThreadLocalRunnable.run(FastThreadLocalRunnable.java:30)
	at java.base/java.lang.Thread.run(Thread.java:832)
10:46:51.828 [AsyncHttpClient-1-5] DEBUG org.asynchttpclient.netty.channel.ChannelManager - Closing Channel [id: 0xfe1c55dc, L:/127.0.0.1:57785 - R:localhost/127.0.0.1:57779] 
10:46:51.828 [AsyncHttpClient-1-5] DEBUG org.asynchttpclient.netty.handler.HttpHandler - Channel Closed: [id: 0xfe1c55dc, L:/127.0.0.1:57785 ! R:localhost/127.0.0.1:57779] with attribute DISCARD
10:46:51.871 [AsyncHttpClient-1-4] DEBUG org.asynchttpclient.netty.handler.HttpHandler - 

Request DefaultFullHttpRequest(decodeResult: success, version: HTTP/1.1, content: EmptyByteBufBE)
DELETE /session/551e5e4a92d22468b5bd2fcaf54e25a3 HTTP/1.1
User-Agent: selenium/4.1.2 (java windows)
Content-Type: application/json; charset=utf-8
host: localhost:62583
accept: */*

Response DefaultHttpResponse(decodeResult: success, version: HTTP/1.1)
HTTP/1.1 200 OK
Content-Type: application/json; charset=utf-8
cache-control: no-cache
content-length: 14

10:46:51.871 [AsyncHttpClient-1-4] DEBUG org.asynchttpclient.netty.channel.ChannelManager - Adding key: http://localhost:62583 for channel [id: 0xad7067ae, L:/127.0.0.1:57778 - R:localhost/127.0.0.1:62583]
10:46:52.025 [AsyncHttpClient-1-4] DEBUG org.asynchttpclient.netty.handler.HttpHandler - Channel Closed: [id: 0xad7067ae, L:/127.0.0.1:57778 ! R:localhost/127.0.0.1:62583] with attribute DISCARD
10:46:52.365 [AsyncHttpClient-1-1] DEBUG org.asynchttpclient.netty.channel.DefaultChannelPool - Entry count for : http://localhost:62583 : 1
10:46:52.365 [AsyncHttpClient-1-1] DEBUG org.asynchttpclient.netty.channel.DefaultChannelPool - Entry count for : http://localhost:57779 : 1
10:46:52.365 [AsyncHttpClient-1-1] DEBUG org.asynchttpclient.netty.channel.DefaultChannelPool - Adding Candidate expired Channel [id: 0xad7067ae, L:/127.0.0.1:57778 ! R:localhost/127.0.0.1:62583] isIdleTimeoutExpired=false isRemotelyClosed=true isTtlExpired=false
10:46:52.365 [AsyncHttpClient-1-1] DEBUG org.asynchttpclient.netty.channel.DefaultChannelPool - Closing Idle Channel [id: 0xad7067ae, L:/127.0.0.1:57778 ! R:localhost/127.0.0.1:62583]
10:46:52.365 [AsyncHttpClient-1-1] DEBUG org.asynchttpclient.netty.channel.DefaultChannelPool - Adding Candidate expired Channel [id: 0xfe1c55dc, L:/127.0.0.1:57785 ! R:localhost/127.0.0.1:57779] isIdleTimeoutExpired=false isRemotelyClosed=true isTtlExpired=false
10:46:52.365 [AsyncHttpClient-1-1] DEBUG org.asynchttpclient.netty.channel.DefaultChannelPool - Closing Idle Channel [id: 0xfe1c55dc, L:/127.0.0.1:57785 ! R:localhost/127.0.0.1:57779]
10:46:52.365 [AsyncHttpClient-1-1] DEBUG org.asynchttpclient.netty.channel.DefaultChannelPool - Closed 2 connections out of 2 in 0 ms
]]></system-out>
    <system-err><![CDATA[Starting ChromeDriver 102.0.5005.61 (0e59bcc00cc4985ce39ad31c150065f159d95ad3-refs/branch-heads/5005@{#819}) on port 62583
Only local connections are allowed.
Please see https://chromedriver.chromium.org/security-considerations for suggestions on keeping ChromeDriver safe.
ChromeDriver was started successfully.
Jun 21, 2022 10:46:43 AM org.openqa.selenium.remote.ProtocolHandshake createSession
INFO: Detected dialect: W3C
Jun 21, 2022 10:46:43 AM org.openqa.selenium.devtools.CdpVersionFinder findNearestMatch
WARNING: Unable to find an exact match for CDP version 102, so returning the closest version found: a no-op implementation
Jun 21, 2022 10:46:43 AM org.openqa.selenium.devtools.CdpVersionFinder findNearestMatch
INFO: Unable to find CDP implementation matching 102.
Jun 21, 2022 10:46:43 AM org.openqa.selenium.chromium.ChromiumDriver lambda$new$3
WARNING: Unable to find version of CDP to use for . You may need to include a dependency on a specific version of the CDP using something similar to `org.seleniumhq.selenium:selenium-devtools-v86:4.1.2` where the version ("v86") matches the version of the chromium-based browser you're using and the version number of the artifact is the same as Selenium's.
]]></system-err>
  </testcase>
  <testcase name="Cancel Create New Doctor Scenario" classname="Doctor" time="9.059">
    <system-out><![CDATA[
@Doctor @CancelCreateDoctor
Scenario: Cancel Create New Doctor Scenario &amp#27;[90m# src/test/resources/features/3.Doctor.feature:17&amp#27;[0m
10:46:52.560 [main] INFO io.cucumber.core.plugin.SerenityReporter - Running feature from file:///E:/My%20Documents/File%20Difa/TI%20Semester%206%20Kampus%20Merdeka%20Alterra/Tugas/CAPSTONE%20Project/Capstone-Project-Website/src/test/resources/features/3.Doctor.feature
10:46:52.561 [main] INFO  - 
  _____   ___   ___   _____     ___   _____     _     ___   _____   ___   ___  
 |_   _| | __| / __| |_   _|   / __| |_   _|   /_\   | _ \ |_   _| | __| |   \ 
   | |   | _|  \__ \   | |     \__ \   | |    / _ \  |   /   | |   | _|  | |) |
   |_|   |___| |___/   |_|     |___/   |_|   /_/ \_\ |_|_\   |_|   |___| |___/ 

Cancel Create New Doctor Scenario(doctor;cancel-create-new-doctor-scenario)
--------------------------------------------------------------------------------
10:46:52.577 [main] DEBUG net.thucydides.core.steps.StepInterceptor - STARTING STEP: DoctorSteps.iAmAtTheDashboardPage - openUrl
10:46:52.578 [main] INFO net.serenitybdd.core.webdriver.driverproviders.ChromeDriverProvider - Using automatically driver download
10:46:52.785 [main] DEBUG io.github.bonigarcia.wdm.cache.ResolutionCache - Resolution chrome=102 in cache (valid until 11:37:46 21/06/2022 ICT)
10:46:52.791 [main] DEBUG io.github.bonigarcia.wdm.cache.ResolutionCache - Resolution chrome102=102.0.5005.61 in cache (valid until 09:22:16 22/06/2022 ICT)
10:46:52.816 [main] INFO io.github.bonigarcia.wdm.WebDriverManager - Using chromedriver 102.0.5005.61 (resolved driver for Chrome 102)
10:46:52.833 [main] DEBUG io.github.bonigarcia.wdm.WebDriverManager - Driver chromedriver 102.0.5005.61 found in cache
10:46:52.834 [main] INFO io.github.bonigarcia.wdm.WebDriverManager - Exporting webdriver.chrome.driver as C:\Users\USER\.cache\selenium\chromedriver\win32\102.0.5005.61\chromedriver.exe
10:46:53.189 [main] DEBUG net.serenitybdd.core.webdriver.driverproviders.ProvideNewDriver - Instantiating driver
10:46:53.189 [main] DEBUG net.serenitybdd.core.webdriver.driverproviders.ProvideNewDriver - Driver capabilities: Capabilities {acceptInsecureCerts: false, base.url: https://hospital-management..., browserName: chrome, chrome.driver: src/test/resources/webdrive..., driver: chrome, goog:chromeOptions: {args: [], extensions: []}}
10:46:53.744 [AsyncHttpClient-1-7] DEBUG org.asynchttpclient.netty.channel.NettyConnectListener - Using new Channel '[id: 0x36875679, L:/127.0.0.1:57801 - R:localhost/127.0.0.1:58085]' for 'POST' to '/session'
10:46:55.277 [AsyncHttpClient-1-7] DEBUG org.asynchttpclient.netty.handler.HttpHandler - 

Request DefaultHttpRequest(decodeResult: success, version: HTTP/1.1)
POST /session HTTP/1.1
User-Agent: selenium/4.1.2 (java windows)
Content-Length: 621
Content-Type: application/json; charset=utf-8
host: localhost:58085
accept: */*

Response DefaultHttpResponse(decodeResult: success, version: HTTP/1.1)
HTTP/1.1 200 OK
Content-Type: application/json; charset=utf-8
cache-control: no-cache
content-length: 787

10:46:55.277 [AsyncHttpClient-1-7] DEBUG org.asynchttpclient.netty.channel.ChannelManager - Adding key: http://localhost:58085 for channel [id: 0x36875679, L:/127.0.0.1:57801 - R:localhost/127.0.0.1:58085]
10:46:55.296 [AsyncHttpClient-1-8] DEBUG org.asynchttpclient.netty.channel.NettyConnectListener - Using new Channel '[id: 0xe4889a35, L:/127.0.0.1:57807 - R:localhost/127.0.0.1:57802]' for 'GET' to '/json/version'
10:46:55.305 [AsyncHttpClient-1-8] DEBUG org.asynchttpclient.netty.handler.HttpHandler - 

Request DefaultFullHttpRequest(decodeResult: success, version: HTTP/1.1, content: EmptyByteBufBE)
GET /json/version HTTP/1.1
User-Agent: selenium/4.1.2 (java windows)
host: localhost:57802
accept: */*

Response DefaultHttpResponse(decodeResult: success, version: HTTP/1.1)
HTTP/1.1 200 OK
Content-Type: application/json; charset=UTF-8
content-length: 427

10:46:55.305 [AsyncHttpClient-1-8] DEBUG org.asynchttpclient.netty.channel.ChannelManager - Adding key: http://localhost:57802 for channel [id: 0xe4889a35, L:/127.0.0.1:57807 - R:localhost/127.0.0.1:57802]
10:46:55.308 [AsyncHttpClient-1-9] DEBUG org.asynchttpclient.netty.channel.NettyConnectListener - Using new Channel '[id: 0xdaae0d08, L:/127.0.0.1:57808 - R:localhost/127.0.0.1:57802]' for 'GET' to '/devtools/browser/f112d046-87ee-4b3b-bea1-fb3d94e0f7c4'
10:46:55.308 [AsyncHttpClient-1-9] DEBUG org.asynchttpclient.netty.handler.WebSocketHandler - 

Request DefaultFullHttpRequest(decodeResult: success, version: HTTP/1.1, content: EmptyByteBufBE)
GET /devtools/browser/f112d046-87ee-4b3b-bea1-fb3d94e0f7c4 HTTP/1.1
upgrade: websocket
connection: upgrade
sec-websocket-key: LCLchdtEqMLmEa5qnA7OEg==
sec-websocket-version: 13
origin: http://localhost:57802
host: localhost:57802
accept: */*
user-agent: AHC/2.1

Response DefaultHttpResponse(decodeResult: success, version: HTTP/1.1)
HTTP/1.1 101 WebSocket Protocol Handshake
Upgrade: WebSocket
Connection: Upgrade
Sec-WebSocket-Accept: TycpIWphURKp+3Sqk1q+3Hziusk=

10:46:55.315 [Forwarding maximizeCurrentWindow on session c713336943e7e90c2b874dc642c3d31f to remote] DEBUG org.asynchttpclient.netty.request.NettyRequestSender - Using pooled Channel '[id: 0x36875679, L:/127.0.0.1:57801 - R:localhost/127.0.0.1:58085]' for 'POST' to 'http://localhost:58085/session/c713336943e7e90c2b874dc642c3d31f/window/maximize'
10:46:55.315 [Forwarding maximizeCurrentWindow on session c713336943e7e90c2b874dc642c3d31f to remote] DEBUG org.asynchttpclient.netty.request.NettyRequestSender - Using open Channel [id: 0x36875679, L:/127.0.0.1:57801 - R:localhost/127.0.0.1:58085] for POST '/session/c713336943e7e90c2b874dc642c3d31f/window/maximize'
10:46:55.441 [AsyncHttpClient-1-7] DEBUG org.asynchttpclient.netty.handler.HttpHandler - 

Request DefaultHttpRequest(decodeResult: success, version: HTTP/1.1)
POST /session/c713336943e7e90c2b874dc642c3d31f/window/maximize HTTP/1.1
User-Agent: selenium/4.1.2 (java windows)
Content-Length: 3
Content-Type: application/json; charset=utf-8
host: localhost:58085
accept: */*

Response DefaultHttpResponse(decodeResult: success, version: HTTP/1.1)
HTTP/1.1 200 OK
Content-Type: application/json; charset=utf-8
cache-control: no-cache
content-length: 51

10:46:55.441 [AsyncHttpClient-1-7] DEBUG org.asynchttpclient.netty.channel.ChannelManager - Adding key: http://localhost:58085 for channel [id: 0x36875679, L:/127.0.0.1:57801 - R:localhost/127.0.0.1:58085]
10:46:55.443 [Forwarding get on session c713336943e7e90c2b874dc642c3d31f to remote] DEBUG org.asynchttpclient.netty.request.NettyRequestSender - Using pooled Channel '[id: 0x36875679, L:/127.0.0.1:57801 - R:localhost/127.0.0.1:58085]' for 'POST' to 'http://localhost:58085/session/c713336943e7e90c2b874dc642c3d31f/url'
10:46:55.443 [Forwarding get on session c713336943e7e90c2b874dc642c3d31f to remote] DEBUG org.asynchttpclient.netty.request.NettyRequestSender - Using open Channel [id: 0x36875679, L:/127.0.0.1:57801 - R:localhost/127.0.0.1:58085] for POST '/session/c713336943e7e90c2b874dc642c3d31f/url'
10:46:55.664 [AsyncHttpClient-1-1] DEBUG org.asynchttpclient.netty.channel.DefaultChannelPool - Entry count for : http://localhost:57802 : 1
10:46:56.765 [AsyncHttpClient-1-1] DEBUG org.asynchttpclient.netty.channel.DefaultChannelPool - Entry count for : http://localhost:57802 : 1
10:46:57.864 [AsyncHttpClient-1-1] DEBUG org.asynchttpclient.netty.channel.DefaultChannelPool - Entry count for : http://localhost:57802 : 1
10:46:58.175 [AsyncHttpClient-1-7] DEBUG org.asynchttpclient.netty.handler.HttpHandler - 

Request DefaultHttpRequest(decodeResult: success, version: HTTP/1.1)
POST /session/c713336943e7e90c2b874dc642c3d31f/url HTTP/1.1
User-Agent: selenium/4.1.2 (java windows)
Content-Length: 65
Content-Type: application/json; charset=utf-8
host: localhost:58085
accept: */*

Response DefaultHttpResponse(decodeResult: success, version: HTTP/1.1)
HTTP/1.1 200 OK
Content-Type: application/json; charset=utf-8
cache-control: no-cache
content-length: 14

10:46:58.175 [AsyncHttpClient-1-7] DEBUG org.asynchttpclient.netty.channel.ChannelManager - Adding key: http://localhost:58085 for channel [id: 0x36875679, L:/127.0.0.1:57801 - R:localhost/127.0.0.1:58085]
10:46:58.176 [Forwarding setTimeout on session c713336943e7e90c2b874dc642c3d31f to remote] DEBUG org.asynchttpclient.netty.request.NettyRequestSender - Using pooled Channel '[id: 0x36875679, L:/127.0.0.1:57801 - R:localhost/127.0.0.1:58085]' for 'POST' to 'http://localhost:58085/session/c713336943e7e90c2b874dc642c3d31f/timeouts'
10:46:58.177 [Forwarding setTimeout on session c713336943e7e90c2b874dc642c3d31f to remote] DEBUG org.asynchttpclient.netty.request.NettyRequestSender - Using open Channel [id: 0x36875679, L:/127.0.0.1:57801 - R:localhost/127.0.0.1:58085] for POST '/session/c713336943e7e90c2b874dc642c3d31f/timeouts'
10:46:58.178 [AsyncHttpClient-1-7] DEBUG org.asynchttpclient.netty.handler.HttpHandler - 

Request DefaultHttpRequest(decodeResult: success, version: HTTP/1.1)
POST /session/c713336943e7e90c2b874dc642c3d31f/timeouts HTTP/1.1
User-Agent: selenium/4.1.2 (java windows)
Content-Length: 22
Content-Type: application/json; charset=utf-8
host: localhost:58085
accept: */*

Response DefaultHttpResponse(decodeResult: success, version: HTTP/1.1)
HTTP/1.1 200 OK
Content-Type: application/json; charset=utf-8
cache-control: no-cache
content-length: 14

10:46:58.178 [AsyncHttpClient-1-7] DEBUG org.asynchttpclient.netty.channel.ChannelManager - Adding key: http://localhost:58085 for channel [id: 0x36875679, L:/127.0.0.1:57801 - R:localhost/127.0.0.1:58085]
10:46:58.192 [Forwarding getCurrentUrl on session c713336943e7e90c2b874dc642c3d31f to remote] DEBUG org.asynchttpclient.netty.request.NettyRequestSender - Using pooled Channel '[id: 0x36875679, L:/127.0.0.1:57801 - R:localhost/127.0.0.1:58085]' for 'GET' to 'http://localhost:58085/session/c713336943e7e90c2b874dc642c3d31f/url'
10:46:58.192 [Forwarding getCurrentUrl on session c713336943e7e90c2b874dc642c3d31f to remote] DEBUG org.asynchttpclient.netty.request.NettyRequestSender - Using open Channel [id: 0x36875679, L:/127.0.0.1:57801 - R:localhost/127.0.0.1:58085] for GET '/session/c713336943e7e90c2b874dc642c3d31f/url'
10:46:58.202 [AsyncHttpClient-1-7] DEBUG org.asynchttpclient.netty.handler.HttpHandler - 

Request DefaultFullHttpRequest(decodeResult: success, version: HTTP/1.1, content: EmptyByteBufBE)
GET /session/c713336943e7e90c2b874dc642c3d31f/url HTTP/1.1
User-Agent: selenium/4.1.2 (java windows)
Cache-Control: no-cache
Content-Type: application/json; charset=utf-8
host: localhost:58085
accept: */*

Response DefaultHttpResponse(decodeResult: success, version: HTTP/1.1)
HTTP/1.1 200 OK
Content-Type: application/json; charset=utf-8
cache-control: no-cache
content-length: 53

10:46:58.203 [AsyncHttpClient-1-7] DEBUG org.asynchttpclient.netty.channel.ChannelManager - Adding key: http://localhost:58085 for channel [id: 0x36875679, L:/127.0.0.1:57801 - R:localhost/127.0.0.1:58085]
10:46:58.210 [Forwarding getCurrentUrl on session c713336943e7e90c2b874dc642c3d31f to remote] DEBUG org.asynchttpclient.netty.request.NettyRequestSender - Using pooled Channel '[id: 0x36875679, L:/127.0.0.1:57801 - R:localhost/127.0.0.1:58085]' for 'GET' to 'http://localhost:58085/session/c713336943e7e90c2b874dc642c3d31f/url'
10:46:58.210 [Forwarding getCurrentUrl on session c713336943e7e90c2b874dc642c3d31f to remote] DEBUG org.asynchttpclient.netty.request.NettyRequestSender - Using open Channel [id: 0x36875679, L:/127.0.0.1:57801 - R:localhost/127.0.0.1:58085] for GET '/session/c713336943e7e90c2b874dc642c3d31f/url'
10:46:58.215 [AsyncHttpClient-1-7] DEBUG org.asynchttpclient.netty.handler.HttpHandler - 

Request DefaultFullHttpRequest(decodeResult: success, version: HTTP/1.1, content: EmptyByteBufBE)
GET /session/c713336943e7e90c2b874dc642c3d31f/url HTTP/1.1
User-Agent: selenium/4.1.2 (java windows)
Cache-Control: no-cache
Content-Type: application/json; charset=utf-8
host: localhost:58085
accept: */*

Response DefaultHttpResponse(decodeResult: success, version: HTTP/1.1)
HTTP/1.1 200 OK
Content-Type: application/json; charset=utf-8
cache-control: no-cache
content-length: 53

10:46:58.215 [AsyncHttpClient-1-7] DEBUG org.asynchttpclient.netty.channel.ChannelManager - Adding key: http://localhost:58085 for channel [id: 0x36875679, L:/127.0.0.1:57801 - R:localhost/127.0.0.1:58085]
10:46:58.227 [Forwarding screenshot on session c713336943e7e90c2b874dc642c3d31f to remote] DEBUG org.asynchttpclient.netty.request.NettyRequestSender - Using pooled Channel '[id: 0x36875679, L:/127.0.0.1:57801 - R:localhost/127.0.0.1:58085]' for 'GET' to 'http://localhost:58085/session/c713336943e7e90c2b874dc642c3d31f/screenshot'
10:46:58.227 [Forwarding screenshot on session c713336943e7e90c2b874dc642c3d31f to remote] DEBUG org.asynchttpclient.netty.request.NettyRequestSender - Using open Channel [id: 0x36875679, L:/127.0.0.1:57801 - R:localhost/127.0.0.1:58085] for GET '/session/c713336943e7e90c2b874dc642c3d31f/screenshot'
10:46:58.538 [AsyncHttpClient-1-7] DEBUG org.asynchttpclient.netty.handler.HttpHandler - 

Request DefaultFullHttpRequest(decodeResult: success, version: HTTP/1.1, content: EmptyByteBufBE)
GET /session/c713336943e7e90c2b874dc642c3d31f/screenshot HTTP/1.1
User-Agent: selenium/4.1.2 (java windows)
Cache-Control: no-cache
Content-Type: application/json; charset=utf-8
host: localhost:58085
accept: */*

Response DefaultHttpResponse(decodeResult: success, version: HTTP/1.1)
HTTP/1.1 200 OK
Content-Type: application/json; charset=utf-8
cache-control: no-cache
content-length: 221560

10:46:58.574 [AsyncHttpClient-1-7] DEBUG org.asynchttpclient.netty.channel.ChannelManager - Adding key: http://localhost:58085 for channel [id: 0x36875679, L:/127.0.0.1:57801 - R:localhost/127.0.0.1:58085]
10:46:58.586 [main] DEBUG net.serenitybdd.core.photography.Darkroom - Send negative for processing for target\site\serenity\e63354d529fc0ae6942e7316fdcc1d711a190fbcfa0520dfbab8fb735df47015.png
10:46:58.586 [main] DEBUG net.thucydides.core.steps.StepInterceptor - STEP DONE: openUrl
10:46:58.587 [Darkroom Processing Line] DEBUG net.serenitybdd.core.photography.DarkroomProcessingLine - Processing screenshot image in /var/screenshots/screenshot-16120342968054259653
10:46:58.587 [Darkroom Processing Line] DEBUG net.serenitybdd.core.photography.DarkroomProcessingLine - Saving screenshot to target\site\serenity\e63354d529fc0ae6942e7316fdcc1d711a190fbcfa0520dfbab8fb735df47015.png
10:46:58.598 [main] DEBUG net.thucydides.core.steps.StepInterceptor - STARTING STEP: DoctorSteps.iAmAtTheDashboardPage - validateOnDashboardPage
10:46:58.602 [Forwarding findElement on session c713336943e7e90c2b874dc642c3d31f to remote] DEBUG org.asynchttpclient.netty.request.NettyRequestSender - Using pooled Channel '[id: 0x36875679, L:/127.0.0.1:57801 - R:localhost/127.0.0.1:58085]' for 'POST' to 'http://localhost:58085/session/c713336943e7e90c2b874dc642c3d31f/element'
10:46:58.602 [Forwarding findElement on session c713336943e7e90c2b874dc642c3d31f to remote] DEBUG org.asynchttpclient.netty.request.NettyRequestSender - Using open Channel [id: 0x36875679, L:/127.0.0.1:57801 - R:localhost/127.0.0.1:58085] for POST '/session/c713336943e7e90c2b874dc642c3d31f/element'
10:46:58.622 [AsyncHttpClient-1-7] DEBUG org.asynchttpclient.netty.handler.HttpHandler - 

Request DefaultHttpRequest(decodeResult: success, version: HTTP/1.1)
POST /session/c713336943e7e90c2b874dc642c3d31f/element HTTP/1.1
User-Agent: selenium/4.1.2 (java windows)
Content-Length: 81
Content-Type: application/json; charset=utf-8
host: localhost:58085
accept: */*

Response DefaultHttpResponse(decodeResult: success, version: HTTP/1.1)
HTTP/1.1 200 OK
Content-Type: application/json; charset=utf-8
cache-control: no-cache
content-length: 88

10:46:58.623 [AsyncHttpClient-1-7] DEBUG org.asynchttpclient.netty.channel.ChannelManager - Adding key: http://localhost:58085 for channel [id: 0x36875679, L:/127.0.0.1:57801 - R:localhost/127.0.0.1:58085]
10:46:58.628 [Forwarding isElementDisplayed on session c713336943e7e90c2b874dc642c3d31f to remote] DEBUG org.asynchttpclient.netty.request.NettyRequestSender - Using pooled Channel '[id: 0x36875679, L:/127.0.0.1:57801 - R:localhost/127.0.0.1:58085]' for 'POST' to 'http://localhost:58085/session/c713336943e7e90c2b874dc642c3d31f/execute/sync'
10:46:58.628 [Forwarding isElementDisplayed on session c713336943e7e90c2b874dc642c3d31f to remote] DEBUG org.asynchttpclient.netty.request.NettyRequestSender - Using open Channel [id: 0x36875679, L:/127.0.0.1:57801 - R:localhost/127.0.0.1:58085] for POST '/session/c713336943e7e90c2b874dc642c3d31f/execute/sync'
10:46:58.656 [AsyncHttpClient-1-7] DEBUG org.asynchttpclient.netty.handler.HttpHandler - 

Request DefaultHttpRequest(decodeResult: success, version: HTTP/1.1)
POST /session/c713336943e7e90c2b874dc642c3d31f/execute/sync HTTP/1.1
User-Agent: selenium/4.1.2 (java windows)
Content-Length: 48780
Content-Type: application/json; charset=utf-8
host: localhost:58085
accept: */*

Response DefaultHttpResponse(decodeResult: success, version: HTTP/1.1)
HTTP/1.1 200 OK
Content-Type: application/json; charset=utf-8
cache-control: no-cache
content-length: 14

10:46:58.656 [AsyncHttpClient-1-7] DEBUG org.asynchttpclient.netty.channel.ChannelManager - Adding key: http://localhost:58085 for channel [id: 0x36875679, L:/127.0.0.1:57801 - R:localhost/127.0.0.1:58085]
10:46:58.666 [Forwarding screenshot on session c713336943e7e90c2b874dc642c3d31f to remote] DEBUG org.asynchttpclient.netty.request.NettyRequestSender - Using pooled Channel '[id: 0x36875679, L:/127.0.0.1:57801 - R:localhost/127.0.0.1:58085]' for 'GET' to 'http://localhost:58085/session/c713336943e7e90c2b874dc642c3d31f/screenshot'
10:46:58.666 [Forwarding screenshot on session c713336943e7e90c2b874dc642c3d31f to remote] DEBUG org.asynchttpclient.netty.request.NettyRequestSender - Using open Channel [id: 0x36875679, L:/127.0.0.1:57801 - R:localhost/127.0.0.1:58085] for GET '/session/c713336943e7e90c2b874dc642c3d31f/screenshot'
10:46:58.963 [AsyncHttpClient-1-1] DEBUG org.asynchttpclient.netty.channel.DefaultChannelPool - Entry count for : http://localhost:57802 : 1
10:46:59.134 [AsyncHttpClient-1-7] DEBUG org.asynchttpclient.netty.handler.HttpHandler - 

Request DefaultFullHttpRequest(decodeResult: success, version: HTTP/1.1, content: EmptyByteBufBE)
GET /session/c713336943e7e90c2b874dc642c3d31f/screenshot HTTP/1.1
User-Agent: selenium/4.1.2 (java windows)
Cache-Control: no-cache
Content-Type: application/json; charset=utf-8
host: localhost:58085
accept: */*

Response DefaultHttpResponse(decodeResult: success, version: HTTP/1.1)
HTTP/1.1 200 OK
Content-Type: application/json; charset=utf-8
cache-control: no-cache
content-length: 382596

10:46:59.137 [AsyncHttpClient-1-7] DEBUG org.asynchttpclient.netty.channel.ChannelManager - Adding key: http://localhost:58085 for channel [id: 0x36875679, L:/127.0.0.1:57801 - R:localhost/127.0.0.1:58085]
10:46:59.163 [main] DEBUG net.serenitybdd.core.photography.Darkroom - Send negative for processing for target\site\serenity\ed15a54c91c342d96a850276df7b559f4526b370fc93040e3c407a48a170f368.png
10:46:59.164 [main] DEBUG net.thucydides.core.steps.StepInterceptor - STEP DONE: validateOnDashboardPage
  &amp#27;[32mGiven &amp#27;[0m&amp#27;[32mI'am at the dashboard page&amp#27;[0m          &amp#27;[90m# starter.stepdefinitions.DoctorSteps.iAmAtTheDashboardPage()&amp#27;[0m
10:46:59.187 [main] DEBUG net.thucydides.core.steps.StepInterceptor - STARTING STEP: DoctorSteps.iClickMenuDoctor - clickMenuDoctorButton
10:46:59.192 [Forwarding findElement on session c713336943e7e90c2b874dc642c3d31f to remote] DEBUG org.asynchttpclient.netty.request.NettyRequestSender - Using pooled Channel '[id: 0x36875679, L:/127.0.0.1:57801 - R:localhost/127.0.0.1:58085]' for 'POST' to 'http://localhost:58085/session/c713336943e7e90c2b874dc642c3d31f/element'
10:46:59.192 [Forwarding findElement on session c713336943e7e90c2b874dc642c3d31f to remote] DEBUG org.asynchttpclient.netty.request.NettyRequestSender - Using open Channel [id: 0x36875679, L:/127.0.0.1:57801 - R:localhost/127.0.0.1:58085] for POST '/session/c713336943e7e90c2b874dc642c3d31f/element'
10:46:59.215 [AsyncHttpClient-1-7] DEBUG org.asynchttpclient.netty.handler.HttpHandler - 

Request DefaultHttpRequest(decodeResult: success, version: HTTP/1.1)
POST /session/c713336943e7e90c2b874dc642c3d31f/element HTTP/1.1
User-Agent: selenium/4.1.2 (java windows)
Content-Length: 79
Content-Type: application/json; charset=utf-8
host: localhost:58085
accept: */*

Response DefaultHttpResponse(decodeResult: success, version: HTTP/1.1)
HTTP/1.1 200 OK
Content-Type: application/json; charset=utf-8
cache-control: no-cache
content-length: 88

10:46:59.216 [AsyncHttpClient-1-7] DEBUG org.asynchttpclient.netty.channel.ChannelManager - Adding key: http://localhost:58085 for channel [id: 0x36875679, L:/127.0.0.1:57801 - R:localhost/127.0.0.1:58085]
10:46:59.217 [Forwarding getElementTagName on session c713336943e7e90c2b874dc642c3d31f to remote] DEBUG org.asynchttpclient.netty.request.NettyRequestSender - Using pooled Channel '[id: 0x36875679, L:/127.0.0.1:57801 - R:localhost/127.0.0.1:58085]' for 'GET' to 'http://localhost:58085/session/c713336943e7e90c2b874dc642c3d31f/element/9f7ac85d-bd2d-4b29-88ba-1209b033783a/name'
10:46:59.217 [Forwarding getElementTagName on session c713336943e7e90c2b874dc642c3d31f to remote] DEBUG org.asynchttpclient.netty.request.NettyRequestSender - Using open Channel [id: 0x36875679, L:/127.0.0.1:57801 - R:localhost/127.0.0.1:58085] for GET '/session/c713336943e7e90c2b874dc642c3d31f/element/9f7ac85d-bd2d-4b29-88ba-1209b033783a/name'
10:46:59.223 [AsyncHttpClient-1-7] DEBUG org.asynchttpclient.netty.handler.HttpHandler - 

Request DefaultFullHttpRequest(decodeResult: success, version: HTTP/1.1, content: EmptyByteBufBE)
GET /session/c713336943e7e90c2b874dc642c3d31f/element/9f7ac85d-bd2d-4b29-88ba-1209b033783a/name HTTP/1.1
User-Agent: selenium/4.1.2 (java windows)
Cache-Control: no-cache
Content-Type: application/json; charset=utf-8
host: localhost:58085
accept: */*

Response DefaultHttpResponse(decodeResult: success, version: HTTP/1.1)
HTTP/1.1 200 OK
Content-Type: application/json; charset=utf-8
cache-control: no-cache
content-length: 15

10:46:59.224 [AsyncHttpClient-1-7] DEBUG org.asynchttpclient.netty.channel.ChannelManager - Adding key: http://localhost:58085 for channel [id: 0x36875679, L:/127.0.0.1:57801 - R:localhost/127.0.0.1:58085]
10:46:59.225 [Forwarding getElementTagName on session c713336943e7e90c2b874dc642c3d31f to remote] DEBUG org.asynchttpclient.netty.request.NettyRequestSender - Using pooled Channel '[id: 0x36875679, L:/127.0.0.1:57801 - R:localhost/127.0.0.1:58085]' for 'GET' to 'http://localhost:58085/session/c713336943e7e90c2b874dc642c3d31f/element/9f7ac85d-bd2d-4b29-88ba-1209b033783a/name'
10:46:59.225 [Forwarding getElementTagName on session c713336943e7e90c2b874dc642c3d31f to remote] DEBUG org.asynchttpclient.netty.request.NettyRequestSender - Using open Channel [id: 0x36875679, L:/127.0.0.1:57801 - R:localhost/127.0.0.1:58085] for GET '/session/c713336943e7e90c2b874dc642c3d31f/element/9f7ac85d-bd2d-4b29-88ba-1209b033783a/name'
10:46:59.230 [AsyncHttpClient-1-7] DEBUG org.asynchttpclient.netty.handler.HttpHandler - 

Request DefaultFullHttpRequest(decodeResult: success, version: HTTP/1.1, content: EmptyByteBufBE)
GET /session/c713336943e7e90c2b874dc642c3d31f/element/9f7ac85d-bd2d-4b29-88ba-1209b033783a/name HTTP/1.1
User-Agent: selenium/4.1.2 (java windows)
Cache-Control: no-cache
Content-Type: application/json; charset=utf-8
host: localhost:58085
accept: */*

Response DefaultHttpResponse(decodeResult: success, version: HTTP/1.1)
HTTP/1.1 200 OK
Content-Type: application/json; charset=utf-8
cache-control: no-cache
content-length: 15

10:46:59.230 [AsyncHttpClient-1-7] DEBUG org.asynchttpclient.netty.channel.ChannelManager - Adding key: http://localhost:58085 for channel [id: 0x36875679, L:/127.0.0.1:57801 - R:localhost/127.0.0.1:58085]
10:46:59.233 [Forwarding findElement on session c713336943e7e90c2b874dc642c3d31f to remote] DEBUG org.asynchttpclient.netty.request.NettyRequestSender - Using pooled Channel '[id: 0x36875679, L:/127.0.0.1:57801 - R:localhost/127.0.0.1:58085]' for 'POST' to 'http://localhost:58085/session/c713336943e7e90c2b874dc642c3d31f/element'
10:46:59.233 [Forwarding findElement on session c713336943e7e90c2b874dc642c3d31f to remote] DEBUG org.asynchttpclient.netty.request.NettyRequestSender - Using open Channel [id: 0x36875679, L:/127.0.0.1:57801 - R:localhost/127.0.0.1:58085] for POST '/session/c713336943e7e90c2b874dc642c3d31f/element'
10:46:59.243 [AsyncHttpClient-1-7] DEBUG org.asynchttpclient.netty.handler.HttpHandler - 

Request DefaultHttpRequest(decodeResult: success, version: HTTP/1.1)
POST /session/c713336943e7e90c2b874dc642c3d31f/element HTTP/1.1
User-Agent: selenium/4.1.2 (java windows)
Content-Length: 79
Content-Type: application/json; charset=utf-8
host: localhost:58085
accept: */*

Response DefaultHttpResponse(decodeResult: success, version: HTTP/1.1)
HTTP/1.1 200 OK
Content-Type: application/json; charset=utf-8
cache-control: no-cache
content-length: 88

10:46:59.243 [AsyncHttpClient-1-7] DEBUG org.asynchttpclient.netty.channel.ChannelManager - Adding key: http://localhost:58085 for channel [id: 0x36875679, L:/127.0.0.1:57801 - R:localhost/127.0.0.1:58085]
10:46:59.245 [Forwarding clickElement on session c713336943e7e90c2b874dc642c3d31f to remote] DEBUG org.asynchttpclient.netty.request.NettyRequestSender - Using pooled Channel '[id: 0x36875679, L:/127.0.0.1:57801 - R:localhost/127.0.0.1:58085]' for 'POST' to 'http://localhost:58085/session/c713336943e7e90c2b874dc642c3d31f/element/9f7ac85d-bd2d-4b29-88ba-1209b033783a/click'
10:46:59.245 [Forwarding clickElement on session c713336943e7e90c2b874dc642c3d31f to remote] DEBUG org.asynchttpclient.netty.request.NettyRequestSender - Using open Channel [id: 0x36875679, L:/127.0.0.1:57801 - R:localhost/127.0.0.1:58085] for POST '/session/c713336943e7e90c2b874dc642c3d31f/element/9f7ac85d-bd2d-4b29-88ba-1209b033783a/click'
10:46:59.479 [AsyncHttpClient-1-7] DEBUG org.asynchttpclient.netty.handler.HttpHandler - 

Request DefaultHttpRequest(decodeResult: success, version: HTTP/1.1)
POST /session/c713336943e7e90c2b874dc642c3d31f/element/9f7ac85d-bd2d-4b29-88ba-1209b033783a/click HTTP/1.1
User-Agent: selenium/4.1.2 (java windows)
Content-Length: 50
Content-Type: application/json; charset=utf-8
host: localhost:58085
accept: */*

Response DefaultHttpResponse(decodeResult: success, version: HTTP/1.1)
HTTP/1.1 200 OK
Content-Type: application/json; charset=utf-8
cache-control: no-cache
content-length: 14

10:46:59.479 [AsyncHttpClient-1-7] DEBUG org.asynchttpclient.netty.channel.ChannelManager - Adding key: http://localhost:58085 for channel [id: 0x36875679, L:/127.0.0.1:57801 - R:localhost/127.0.0.1:58085]
10:46:59.489 [Forwarding screenshot on session c713336943e7e90c2b874dc642c3d31f to remote] DEBUG org.asynchttpclient.netty.request.NettyRequestSender - Using pooled Channel '[id: 0x36875679, L:/127.0.0.1:57801 - R:localhost/127.0.0.1:58085]' for 'GET' to 'http://localhost:58085/session/c713336943e7e90c2b874dc642c3d31f/screenshot'
10:46:59.489 [Forwarding screenshot on session c713336943e7e90c2b874dc642c3d31f to remote] DEBUG org.asynchttpclient.netty.request.NettyRequestSender - Using open Channel [id: 0x36875679, L:/127.0.0.1:57801 - R:localhost/127.0.0.1:58085] for GET '/session/c713336943e7e90c2b874dc642c3d31f/screenshot'
10:46:59.622 [AsyncHttpClient-1-7] DEBUG org.asynchttpclient.netty.handler.HttpHandler - 

Request DefaultFullHttpRequest(decodeResult: success, version: HTTP/1.1, content: EmptyByteBufBE)
GET /session/c713336943e7e90c2b874dc642c3d31f/screenshot HTTP/1.1
User-Agent: selenium/4.1.2 (java windows)
Cache-Control: no-cache
Content-Type: application/json; charset=utf-8
host: localhost:58085
accept: */*

Response DefaultHttpResponse(decodeResult: success, version: HTTP/1.1)
HTTP/1.1 200 OK
Content-Type: application/json; charset=utf-8
cache-control: no-cache
content-length: 56216

10:46:59.622 [AsyncHttpClient-1-7] DEBUG org.asynchttpclient.netty.channel.ChannelManager - Adding key: http://localhost:58085 for channel [id: 0x36875679, L:/127.0.0.1:57801 - R:localhost/127.0.0.1:58085]
10:46:59.626 [main] DEBUG net.serenitybdd.core.photography.Darkroom - Send negative for processing for target\site\serenity\93bcc9a7e51fe36df2bb0ee95da8b9e15460ad67a465a8def437a77fe40a1b48.png
10:46:59.626 [main] DEBUG net.thucydides.core.steps.StepInterceptor - STEP DONE: clickMenuDoctorButton
  &amp#27;[32mAnd &amp#27;[0m&amp#27;[32mI click menu doctor&amp#27;[0m                   &amp#27;[90m# starter.stepdefinitions.DoctorSteps.iClickMenuDoctor()&amp#27;[0m
10:46:59.626 [Darkroom Processing Line] DEBUG net.serenitybdd.core.photography.DarkroomProcessingLine - Processing screenshot image in /var/screenshots/screenshot-6800831483573689616
10:46:59.626 [Darkroom Processing Line] DEBUG net.serenitybdd.core.photography.DarkroomProcessingLine - Saving screenshot to target\site\serenity\93bcc9a7e51fe36df2bb0ee95da8b9e15460ad67a465a8def437a77fe40a1b48.png
10:46:59.648 [main] DEBUG net.thucydides.core.steps.StepInterceptor - STARTING STEP: DoctorSteps.iClickAddNewDoctor - clickAddNewDoctorButton
10:46:59.653 [Forwarding findElement on session c713336943e7e90c2b874dc642c3d31f to remote] DEBUG org.asynchttpclient.netty.request.NettyRequestSender - Using pooled Channel '[id: 0x36875679, L:/127.0.0.1:57801 - R:localhost/127.0.0.1:58085]' for 'POST' to 'http://localhost:58085/session/c713336943e7e90c2b874dc642c3d31f/element'
10:46:59.654 [Forwarding findElement on session c713336943e7e90c2b874dc642c3d31f to remote] DEBUG org.asynchttpclient.netty.request.NettyRequestSender - Using open Channel [id: 0x36875679, L:/127.0.0.1:57801 - R:localhost/127.0.0.1:58085] for POST '/session/c713336943e7e90c2b874dc642c3d31f/element'
10:46:59.675 [AsyncHttpClient-1-7] DEBUG org.asynchttpclient.netty.handler.HttpHandler - 

Request DefaultHttpRequest(decodeResult: success, version: HTTP/1.1)
POST /session/c713336943e7e90c2b874dc642c3d31f/element HTTP/1.1
User-Agent: selenium/4.1.2 (java windows)
Content-Length: 149
Content-Type: application/json; charset=utf-8
host: localhost:58085
accept: */*

Response DefaultHttpResponse(decodeResult: success, version: HTTP/1.1)
HTTP/1.1 200 OK
Content-Type: application/json; charset=utf-8
cache-control: no-cache
content-length: 88

10:46:59.675 [AsyncHttpClient-1-7] DEBUG org.asynchttpclient.netty.channel.ChannelManager - Adding key: http://localhost:58085 for channel [id: 0x36875679, L:/127.0.0.1:57801 - R:localhost/127.0.0.1:58085]
10:46:59.677 [Forwarding getElementTagName on session c713336943e7e90c2b874dc642c3d31f to remote] DEBUG org.asynchttpclient.netty.request.NettyRequestSender - Using pooled Channel '[id: 0x36875679, L:/127.0.0.1:57801 - R:localhost/127.0.0.1:58085]' for 'GET' to 'http://localhost:58085/session/c713336943e7e90c2b874dc642c3d31f/element/4618f053-eaf3-43fc-bcd7-fae1c5ee44dc/name'
10:46:59.677 [Forwarding getElementTagName on session c713336943e7e90c2b874dc642c3d31f to remote] DEBUG org.asynchttpclient.netty.request.NettyRequestSender - Using open Channel [id: 0x36875679, L:/127.0.0.1:57801 - R:localhost/127.0.0.1:58085] for GET '/session/c713336943e7e90c2b874dc642c3d31f/element/4618f053-eaf3-43fc-bcd7-fae1c5ee44dc/name'
10:46:59.684 [AsyncHttpClient-1-7] DEBUG org.asynchttpclient.netty.handler.HttpHandler - 

Request DefaultFullHttpRequest(decodeResult: success, version: HTTP/1.1, content: EmptyByteBufBE)
GET /session/c713336943e7e90c2b874dc642c3d31f/element/4618f053-eaf3-43fc-bcd7-fae1c5ee44dc/name HTTP/1.1
User-Agent: selenium/4.1.2 (java windows)
Cache-Control: no-cache
Content-Type: application/json; charset=utf-8
host: localhost:58085
accept: */*

Response DefaultHttpResponse(decodeResult: success, version: HTTP/1.1)
HTTP/1.1 200 OK
Content-Type: application/json; charset=utf-8
cache-control: no-cache
content-length: 18

10:46:59.684 [AsyncHttpClient-1-7] DEBUG org.asynchttpclient.netty.channel.ChannelManager - Adding key: http://localhost:58085 for channel [id: 0x36875679, L:/127.0.0.1:57801 - R:localhost/127.0.0.1:58085]
10:46:59.685 [Forwarding getElementTagName on session c713336943e7e90c2b874dc642c3d31f to remote] DEBUG org.asynchttpclient.netty.request.NettyRequestSender - Using pooled Channel '[id: 0x36875679, L:/127.0.0.1:57801 - R:localhost/127.0.0.1:58085]' for 'GET' to 'http://localhost:58085/session/c713336943e7e90c2b874dc642c3d31f/element/4618f053-eaf3-43fc-bcd7-fae1c5ee44dc/name'
10:46:59.685 [Forwarding getElementTagName on session c713336943e7e90c2b874dc642c3d31f to remote] DEBUG org.asynchttpclient.netty.request.NettyRequestSender - Using open Channel [id: 0x36875679, L:/127.0.0.1:57801 - R:localhost/127.0.0.1:58085] for GET '/session/c713336943e7e90c2b874dc642c3d31f/element/4618f053-eaf3-43fc-bcd7-fae1c5ee44dc/name'
10:46:59.691 [AsyncHttpClient-1-7] DEBUG org.asynchttpclient.netty.handler.HttpHandler - 

Request DefaultFullHttpRequest(decodeResult: success, version: HTTP/1.1, content: EmptyByteBufBE)
GET /session/c713336943e7e90c2b874dc642c3d31f/element/4618f053-eaf3-43fc-bcd7-fae1c5ee44dc/name HTTP/1.1
User-Agent: selenium/4.1.2 (java windows)
Cache-Control: no-cache
Content-Type: application/json; charset=utf-8
host: localhost:58085
accept: */*

Response DefaultHttpResponse(decodeResult: success, version: HTTP/1.1)
HTTP/1.1 200 OK
Content-Type: application/json; charset=utf-8
cache-control: no-cache
content-length: 18

10:46:59.691 [AsyncHttpClient-1-7] DEBUG org.asynchttpclient.netty.channel.ChannelManager - Adding key: http://localhost:58085 for channel [id: 0x36875679, L:/127.0.0.1:57801 - R:localhost/127.0.0.1:58085]
10:46:59.694 [Forwarding isElementEnabled on session c713336943e7e90c2b874dc642c3d31f to remote] DEBUG org.asynchttpclient.netty.request.NettyRequestSender - Using pooled Channel '[id: 0x36875679, L:/127.0.0.1:57801 - R:localhost/127.0.0.1:58085]' for 'GET' to 'http://localhost:58085/session/c713336943e7e90c2b874dc642c3d31f/element/4618f053-eaf3-43fc-bcd7-fae1c5ee44dc/enabled'
10:46:59.694 [Forwarding isElementEnabled on session c713336943e7e90c2b874dc642c3d31f to remote] DEBUG org.asynchttpclient.netty.request.NettyRequestSender - Using open Channel [id: 0x36875679, L:/127.0.0.1:57801 - R:localhost/127.0.0.1:58085] for GET '/session/c713336943e7e90c2b874dc642c3d31f/element/4618f053-eaf3-43fc-bcd7-fae1c5ee44dc/enabled'
10:46:59.708 [AsyncHttpClient-1-7] DEBUG org.asynchttpclient.netty.handler.HttpHandler - 

Request DefaultFullHttpRequest(decodeResult: success, version: HTTP/1.1, content: EmptyByteBufBE)
GET /session/c713336943e7e90c2b874dc642c3d31f/element/4618f053-eaf3-43fc-bcd7-fae1c5ee44dc/enabled HTTP/1.1
User-Agent: selenium/4.1.2 (java windows)
Cache-Control: no-cache
Content-Type: application/json; charset=utf-8
host: localhost:58085
accept: */*

Response DefaultHttpResponse(decodeResult: success, version: HTTP/1.1)
HTTP/1.1 200 OK
Content-Type: application/json; charset=utf-8
cache-control: no-cache
content-length: 14

10:46:59.708 [AsyncHttpClient-1-7] DEBUG org.asynchttpclient.netty.channel.ChannelManager - Adding key: http://localhost:58085 for channel [id: 0x36875679, L:/127.0.0.1:57801 - R:localhost/127.0.0.1:58085]
10:46:59.711 [Forwarding isElementEnabled on session c713336943e7e90c2b874dc642c3d31f to remote] DEBUG org.asynchttpclient.netty.request.NettyRequestSender - Using pooled Channel '[id: 0x36875679, L:/127.0.0.1:57801 - R:localhost/127.0.0.1:58085]' for 'GET' to 'http://localhost:58085/session/c713336943e7e90c2b874dc642c3d31f/element/4618f053-eaf3-43fc-bcd7-fae1c5ee44dc/enabled'
10:46:59.711 [Forwarding isElementEnabled on session c713336943e7e90c2b874dc642c3d31f to remote] DEBUG org.asynchttpclient.netty.request.NettyRequestSender - Using open Channel [id: 0x36875679, L:/127.0.0.1:57801 - R:localhost/127.0.0.1:58085] for GET '/session/c713336943e7e90c2b874dc642c3d31f/element/4618f053-eaf3-43fc-bcd7-fae1c5ee44dc/enabled'
10:46:59.721 [AsyncHttpClient-1-7] DEBUG org.asynchttpclient.netty.handler.HttpHandler - 

Request DefaultFullHttpRequest(decodeResult: success, version: HTTP/1.1, content: EmptyByteBufBE)
GET /session/c713336943e7e90c2b874dc642c3d31f/element/4618f053-eaf3-43fc-bcd7-fae1c5ee44dc/enabled HTTP/1.1
User-Agent: selenium/4.1.2 (java windows)
Cache-Control: no-cache
Content-Type: application/json; charset=utf-8
host: localhost:58085
accept: */*

Response DefaultHttpResponse(decodeResult: success, version: HTTP/1.1)
HTTP/1.1 200 OK
Content-Type: application/json; charset=utf-8
cache-control: no-cache
content-length: 14

10:46:59.721 [AsyncHttpClient-1-7] DEBUG org.asynchttpclient.netty.channel.ChannelManager - Adding key: http://localhost:58085 for channel [id: 0x36875679, L:/127.0.0.1:57801 - R:localhost/127.0.0.1:58085]
10:46:59.723 [Forwarding findElement on session c713336943e7e90c2b874dc642c3d31f to remote] DEBUG org.asynchttpclient.netty.request.NettyRequestSender - Using pooled Channel '[id: 0x36875679, L:/127.0.0.1:57801 - R:localhost/127.0.0.1:58085]' for 'POST' to 'http://localhost:58085/session/c713336943e7e90c2b874dc642c3d31f/element'
10:46:59.723 [Forwarding findElement on session c713336943e7e90c2b874dc642c3d31f to remote] DEBUG org.asynchttpclient.netty.request.NettyRequestSender - Using open Channel [id: 0x36875679, L:/127.0.0.1:57801 - R:localhost/127.0.0.1:58085] for POST '/session/c713336943e7e90c2b874dc642c3d31f/element'
10:46:59.739 [AsyncHttpClient-1-7] DEBUG org.asynchttpclient.netty.handler.HttpHandler - 

Request DefaultHttpRequest(decodeResult: success, version: HTTP/1.1)
POST /session/c713336943e7e90c2b874dc642c3d31f/element HTTP/1.1
User-Agent: selenium/4.1.2 (java windows)
Content-Length: 149
Content-Type: application/json; charset=utf-8
host: localhost:58085
accept: */*

Response DefaultHttpResponse(decodeResult: success, version: HTTP/1.1)
HTTP/1.1 200 OK
Content-Type: application/json; charset=utf-8
cache-control: no-cache
content-length: 88

10:46:59.739 [AsyncHttpClient-1-7] DEBUG org.asynchttpclient.netty.channel.ChannelManager - Adding key: http://localhost:58085 for channel [id: 0x36875679, L:/127.0.0.1:57801 - R:localhost/127.0.0.1:58085]
10:46:59.740 [Forwarding clickElement on session c713336943e7e90c2b874dc642c3d31f to remote] DEBUG org.asynchttpclient.netty.request.NettyRequestSender - Using pooled Channel '[id: 0x36875679, L:/127.0.0.1:57801 - R:localhost/127.0.0.1:58085]' for 'POST' to 'http://localhost:58085/session/c713336943e7e90c2b874dc642c3d31f/element/4618f053-eaf3-43fc-bcd7-fae1c5ee44dc/click'
10:46:59.740 [Forwarding clickElement on session c713336943e7e90c2b874dc642c3d31f to remote] DEBUG org.asynchttpclient.netty.request.NettyRequestSender - Using open Channel [id: 0x36875679, L:/127.0.0.1:57801 - R:localhost/127.0.0.1:58085] for POST '/session/c713336943e7e90c2b874dc642c3d31f/element/4618f053-eaf3-43fc-bcd7-fae1c5ee44dc/click'
10:46:59.959 [AsyncHttpClient-1-7] DEBUG org.asynchttpclient.netty.handler.HttpHandler - 

Request DefaultHttpRequest(decodeResult: success, version: HTTP/1.1)
POST /session/c713336943e7e90c2b874dc642c3d31f/element/4618f053-eaf3-43fc-bcd7-fae1c5ee44dc/click HTTP/1.1
User-Agent: selenium/4.1.2 (java windows)
Content-Length: 50
Content-Type: application/json; charset=utf-8
host: localhost:58085
accept: */*

Response DefaultHttpResponse(decodeResult: success, version: HTTP/1.1)
HTTP/1.1 200 OK
Content-Type: application/json; charset=utf-8
cache-control: no-cache
content-length: 14

10:46:59.960 [AsyncHttpClient-1-7] DEBUG org.asynchttpclient.netty.channel.ChannelManager - Adding key: http://localhost:58085 for channel [id: 0x36875679, L:/127.0.0.1:57801 - R:localhost/127.0.0.1:58085]
10:46:59.978 [Forwarding screenshot on session c713336943e7e90c2b874dc642c3d31f to remote] DEBUG org.asynchttpclient.netty.request.NettyRequestSender - Using pooled Channel '[id: 0x36875679, L:/127.0.0.1:57801 - R:localhost/127.0.0.1:58085]' for 'GET' to 'http://localhost:58085/session/c713336943e7e90c2b874dc642c3d31f/screenshot'
10:46:59.978 [Forwarding screenshot on session c713336943e7e90c2b874dc642c3d31f to remote] DEBUG org.asynchttpclient.netty.request.NettyRequestSender - Using open Channel [id: 0x36875679, L:/127.0.0.1:57801 - R:localhost/127.0.0.1:58085] for GET '/session/c713336943e7e90c2b874dc642c3d31f/screenshot'
10:47:00.064 [AsyncHttpClient-1-1] DEBUG org.asynchttpclient.netty.channel.DefaultChannelPool - Entry count for : http://localhost:57802 : 1
10:47:00.365 [AsyncHttpClient-1-7] DEBUG org.asynchttpclient.netty.handler.HttpHandler - 

Request DefaultFullHttpRequest(decodeResult: success, version: HTTP/1.1, content: EmptyByteBufBE)
GET /session/c713336943e7e90c2b874dc642c3d31f/screenshot HTTP/1.1
User-Agent: selenium/4.1.2 (java windows)
Cache-Control: no-cache
Content-Type: application/json; charset=utf-8
host: localhost:58085
accept: */*

Response DefaultHttpResponse(decodeResult: success, version: HTTP/1.1)
HTTP/1.1 200 OK
Content-Type: application/json; charset=utf-8
cache-control: no-cache
content-length: 71536

10:47:00.367 [AsyncHttpClient-1-7] DEBUG org.asynchttpclient.netty.channel.ChannelManager - Adding key: http://localhost:58085 for channel [id: 0x36875679, L:/127.0.0.1:57801 - R:localhost/127.0.0.1:58085]
10:47:00.373 [main] DEBUG net.serenitybdd.core.photography.Darkroom - Send negative for processing for target\site\serenity\ab16940872055cd8bce4392b97271989be745e16673d6760f381c02314ebfe76.png
10:47:00.374 [main] DEBUG net.thucydides.core.steps.StepInterceptor - STEP DONE: clickAddNewDoctorButton
  &amp#27;[32mWhen &amp#27;[0m&amp#27;[32mI click Add New Doctor&amp#27;[0m               &amp#27;[90m# starter.stepdefinitions.DoctorSteps.iClickAddNewDoctor()&amp#27;[0m
10:47:00.374 [Darkroom Processing Line] DEBUG net.serenitybdd.core.photography.DarkroomProcessingLine - Processing screenshot image in /var/screenshots/screenshot-7989293755075237750
10:47:00.374 [Darkroom Processing Line] DEBUG net.serenitybdd.core.photography.DarkroomProcessingLine - Saving screenshot to target\site\serenity\ab16940872055cd8bce4392b97271989be745e16673d6760f381c02314ebfe76.png
10:47:00.405 [main] DEBUG net.thucydides.core.steps.StepInterceptor - STARTING STEP: DoctorSteps.iClickNewDoctorFormXButton - clickNewDoctorXButton
10:47:00.413 [Forwarding findElement on session c713336943e7e90c2b874dc642c3d31f to remote] DEBUG org.asynchttpclient.netty.request.NettyRequestSender - Using pooled Channel '[id: 0x36875679, L:/127.0.0.1:57801 - R:localhost/127.0.0.1:58085]' for 'POST' to 'http://localhost:58085/session/c713336943e7e90c2b874dc642c3d31f/element'
10:47:00.413 [Forwarding findElement on session c713336943e7e90c2b874dc642c3d31f to remote] DEBUG org.asynchttpclient.netty.request.NettyRequestSender - Using open Channel [id: 0x36875679, L:/127.0.0.1:57801 - R:localhost/127.0.0.1:58085] for POST '/session/c713336943e7e90c2b874dc642c3d31f/element'
10:47:00.436 [AsyncHttpClient-1-7] DEBUG org.asynchttpclient.netty.handler.HttpHandler - 

Request DefaultHttpRequest(decodeResult: success, version: HTTP/1.1)
POST /session/c713336943e7e90c2b874dc642c3d31f/element HTTP/1.1
User-Agent: selenium/4.1.2 (java windows)
Content-Length: 104
Content-Type: application/json; charset=utf-8
host: localhost:58085
accept: */*

Response DefaultHttpResponse(decodeResult: success, version: HTTP/1.1)
HTTP/1.1 200 OK
Content-Type: application/json; charset=utf-8
cache-control: no-cache
content-length: 88

10:47:00.437 [AsyncHttpClient-1-7] DEBUG org.asynchttpclient.netty.channel.ChannelManager - Adding key: http://localhost:58085 for channel [id: 0x36875679, L:/127.0.0.1:57801 - R:localhost/127.0.0.1:58085]
10:47:00.439 [Forwarding getElementTagName on session c713336943e7e90c2b874dc642c3d31f to remote] DEBUG org.asynchttpclient.netty.request.NettyRequestSender - Using pooled Channel '[id: 0x36875679, L:/127.0.0.1:57801 - R:localhost/127.0.0.1:58085]' for 'GET' to 'http://localhost:58085/session/c713336943e7e90c2b874dc642c3d31f/element/80d6d6cf-fdd6-4e1c-8b65-f8b86606eb1e/name'
10:47:00.439 [Forwarding getElementTagName on session c713336943e7e90c2b874dc642c3d31f to remote] DEBUG org.asynchttpclient.netty.request.NettyRequestSender - Using open Channel [id: 0x36875679, L:/127.0.0.1:57801 - R:localhost/127.0.0.1:58085] for GET '/session/c713336943e7e90c2b874dc642c3d31f/element/80d6d6cf-fdd6-4e1c-8b65-f8b86606eb1e/name'
10:47:00.447 [AsyncHttpClient-1-7] DEBUG org.asynchttpclient.netty.handler.HttpHandler - 

Request DefaultFullHttpRequest(decodeResult: success, version: HTTP/1.1, content: EmptyByteBufBE)
GET /session/c713336943e7e90c2b874dc642c3d31f/element/80d6d6cf-fdd6-4e1c-8b65-f8b86606eb1e/name HTTP/1.1
User-Agent: selenium/4.1.2 (java windows)
Cache-Control: no-cache
Content-Type: application/json; charset=utf-8
host: localhost:58085
accept: */*

Response DefaultHttpResponse(decodeResult: success, version: HTTP/1.1)
HTTP/1.1 200 OK
Content-Type: application/json; charset=utf-8
cache-control: no-cache
content-length: 18

10:47:00.447 [AsyncHttpClient-1-7] DEBUG org.asynchttpclient.netty.channel.ChannelManager - Adding key: http://localhost:58085 for channel [id: 0x36875679, L:/127.0.0.1:57801 - R:localhost/127.0.0.1:58085]
10:47:00.449 [Forwarding getElementTagName on session c713336943e7e90c2b874dc642c3d31f to remote] DEBUG org.asynchttpclient.netty.request.NettyRequestSender - Using pooled Channel '[id: 0x36875679, L:/127.0.0.1:57801 - R:localhost/127.0.0.1:58085]' for 'GET' to 'http://localhost:58085/session/c713336943e7e90c2b874dc642c3d31f/element/80d6d6cf-fdd6-4e1c-8b65-f8b86606eb1e/name'
10:47:00.449 [Forwarding getElementTagName on session c713336943e7e90c2b874dc642c3d31f to remote] DEBUG org.asynchttpclient.netty.request.NettyRequestSender - Using open Channel [id: 0x36875679, L:/127.0.0.1:57801 - R:localhost/127.0.0.1:58085] for GET '/session/c713336943e7e90c2b874dc642c3d31f/element/80d6d6cf-fdd6-4e1c-8b65-f8b86606eb1e/name'
10:47:00.455 [AsyncHttpClient-1-7] DEBUG org.asynchttpclient.netty.handler.HttpHandler - 

Request DefaultFullHttpRequest(decodeResult: success, version: HTTP/1.1, content: EmptyByteBufBE)
GET /session/c713336943e7e90c2b874dc642c3d31f/element/80d6d6cf-fdd6-4e1c-8b65-f8b86606eb1e/name HTTP/1.1
User-Agent: selenium/4.1.2 (java windows)
Cache-Control: no-cache
Content-Type: application/json; charset=utf-8
host: localhost:58085
accept: */*

Response DefaultHttpResponse(decodeResult: success, version: HTTP/1.1)
HTTP/1.1 200 OK
Content-Type: application/json; charset=utf-8
cache-control: no-cache
content-length: 18

10:47:00.455 [AsyncHttpClient-1-7] DEBUG org.asynchttpclient.netty.channel.ChannelManager - Adding key: http://localhost:58085 for channel [id: 0x36875679, L:/127.0.0.1:57801 - R:localhost/127.0.0.1:58085]
10:47:00.458 [Forwarding isElementEnabled on session c713336943e7e90c2b874dc642c3d31f to remote] DEBUG org.asynchttpclient.netty.request.NettyRequestSender - Using pooled Channel '[id: 0x36875679, L:/127.0.0.1:57801 - R:localhost/127.0.0.1:58085]' for 'GET' to 'http://localhost:58085/session/c713336943e7e90c2b874dc642c3d31f/element/80d6d6cf-fdd6-4e1c-8b65-f8b86606eb1e/enabled'
10:47:00.458 [Forwarding isElementEnabled on session c713336943e7e90c2b874dc642c3d31f to remote] DEBUG org.asynchttpclient.netty.request.NettyRequestSender - Using open Channel [id: 0x36875679, L:/127.0.0.1:57801 - R:localhost/127.0.0.1:58085] for GET '/session/c713336943e7e90c2b874dc642c3d31f/element/80d6d6cf-fdd6-4e1c-8b65-f8b86606eb1e/enabled'
10:47:00.473 [AsyncHttpClient-1-7] DEBUG org.asynchttpclient.netty.handler.HttpHandler - 

Request DefaultFullHttpRequest(decodeResult: success, version: HTTP/1.1, content: EmptyByteBufBE)
GET /session/c713336943e7e90c2b874dc642c3d31f/element/80d6d6cf-fdd6-4e1c-8b65-f8b86606eb1e/enabled HTTP/1.1
User-Agent: selenium/4.1.2 (java windows)
Cache-Control: no-cache
Content-Type: application/json; charset=utf-8
host: localhost:58085
accept: */*

Response DefaultHttpResponse(decodeResult: success, version: HTTP/1.1)
HTTP/1.1 200 OK
Content-Type: application/json; charset=utf-8
cache-control: no-cache
content-length: 14

10:47:00.473 [AsyncHttpClient-1-7] DEBUG org.asynchttpclient.netty.channel.ChannelManager - Adding key: http://localhost:58085 for channel [id: 0x36875679, L:/127.0.0.1:57801 - R:localhost/127.0.0.1:58085]
10:47:00.475 [Forwarding isElementEnabled on session c713336943e7e90c2b874dc642c3d31f to remote] DEBUG org.asynchttpclient.netty.request.NettyRequestSender - Using pooled Channel '[id: 0x36875679, L:/127.0.0.1:57801 - R:localhost/127.0.0.1:58085]' for 'GET' to 'http://localhost:58085/session/c713336943e7e90c2b874dc642c3d31f/element/80d6d6cf-fdd6-4e1c-8b65-f8b86606eb1e/enabled'
10:47:00.475 [Forwarding isElementEnabled on session c713336943e7e90c2b874dc642c3d31f to remote] DEBUG org.asynchttpclient.netty.request.NettyRequestSender - Using open Channel [id: 0x36875679, L:/127.0.0.1:57801 - R:localhost/127.0.0.1:58085] for GET '/session/c713336943e7e90c2b874dc642c3d31f/element/80d6d6cf-fdd6-4e1c-8b65-f8b86606eb1e/enabled'
10:47:00.486 [AsyncHttpClient-1-7] DEBUG org.asynchttpclient.netty.handler.HttpHandler - 

Request DefaultFullHttpRequest(decodeResult: success, version: HTTP/1.1, content: EmptyByteBufBE)
GET /session/c713336943e7e90c2b874dc642c3d31f/element/80d6d6cf-fdd6-4e1c-8b65-f8b86606eb1e/enabled HTTP/1.1
User-Agent: selenium/4.1.2 (java windows)
Cache-Control: no-cache
Content-Type: application/json; charset=utf-8
host: localhost:58085
accept: */*

Response DefaultHttpResponse(decodeResult: success, version: HTTP/1.1)
HTTP/1.1 200 OK
Content-Type: application/json; charset=utf-8
cache-control: no-cache
content-length: 14

10:47:00.486 [AsyncHttpClient-1-7] DEBUG org.asynchttpclient.netty.channel.ChannelManager - Adding key: http://localhost:58085 for channel [id: 0x36875679, L:/127.0.0.1:57801 - R:localhost/127.0.0.1:58085]
10:47:00.488 [Forwarding findElement on session c713336943e7e90c2b874dc642c3d31f to remote] DEBUG org.asynchttpclient.netty.request.NettyRequestSender - Using pooled Channel '[id: 0x36875679, L:/127.0.0.1:57801 - R:localhost/127.0.0.1:58085]' for 'POST' to 'http://localhost:58085/session/c713336943e7e90c2b874dc642c3d31f/element'
10:47:00.488 [Forwarding findElement on session c713336943e7e90c2b874dc642c3d31f to remote] DEBUG org.asynchttpclient.netty.request.NettyRequestSender - Using open Channel [id: 0x36875679, L:/127.0.0.1:57801 - R:localhost/127.0.0.1:58085] for POST '/session/c713336943e7e90c2b874dc642c3d31f/element'
10:47:00.501 [AsyncHttpClient-1-7] DEBUG org.asynchttpclient.netty.handler.HttpHandler - 

Request DefaultHttpRequest(decodeResult: success, version: HTTP/1.1)
POST /session/c713336943e7e90c2b874dc642c3d31f/element HTTP/1.1
User-Agent: selenium/4.1.2 (java windows)
Content-Length: 104
Content-Type: application/json; charset=utf-8
host: localhost:58085
accept: */*

Response DefaultHttpResponse(decodeResult: success, version: HTTP/1.1)
HTTP/1.1 200 OK
Content-Type: application/json; charset=utf-8
cache-control: no-cache
content-length: 88

10:47:00.501 [AsyncHttpClient-1-7] DEBUG org.asynchttpclient.netty.channel.ChannelManager - Adding key: http://localhost:58085 for channel [id: 0x36875679, L:/127.0.0.1:57801 - R:localhost/127.0.0.1:58085]
10:47:00.502 [Forwarding clickElement on session c713336943e7e90c2b874dc642c3d31f to remote] DEBUG org.asynchttpclient.netty.request.NettyRequestSender - Using pooled Channel '[id: 0x36875679, L:/127.0.0.1:57801 - R:localhost/127.0.0.1:58085]' for 'POST' to 'http://localhost:58085/session/c713336943e7e90c2b874dc642c3d31f/element/80d6d6cf-fdd6-4e1c-8b65-f8b86606eb1e/click'
10:47:00.502 [Forwarding clickElement on session c713336943e7e90c2b874dc642c3d31f to remote] DEBUG org.asynchttpclient.netty.request.NettyRequestSender - Using open Channel [id: 0x36875679, L:/127.0.0.1:57801 - R:localhost/127.0.0.1:58085] for POST '/session/c713336943e7e90c2b874dc642c3d31f/element/80d6d6cf-fdd6-4e1c-8b65-f8b86606eb1e/click'
10:47:00.665 [AsyncHttpClient-1-7] DEBUG org.asynchttpclient.netty.handler.HttpHandler - 

Request DefaultHttpRequest(decodeResult: success, version: HTTP/1.1)
POST /session/c713336943e7e90c2b874dc642c3d31f/element/80d6d6cf-fdd6-4e1c-8b65-f8b86606eb1e/click HTTP/1.1
User-Agent: selenium/4.1.2 (java windows)
Content-Length: 50
Content-Type: application/json; charset=utf-8
host: localhost:58085
accept: */*

Response DefaultHttpResponse(decodeResult: success, version: HTTP/1.1)
HTTP/1.1 200 OK
Content-Type: application/json; charset=utf-8
cache-control: no-cache
content-length: 14

10:47:00.665 [AsyncHttpClient-1-7] DEBUG org.asynchttpclient.netty.channel.ChannelManager - Adding key: http://localhost:58085 for channel [id: 0x36875679, L:/127.0.0.1:57801 - R:localhost/127.0.0.1:58085]
10:47:00.677 [Forwarding screenshot on session c713336943e7e90c2b874dc642c3d31f to remote] DEBUG org.asynchttpclient.netty.request.NettyRequestSender - Using pooled Channel '[id: 0x36875679, L:/127.0.0.1:57801 - R:localhost/127.0.0.1:58085]' for 'GET' to 'http://localhost:58085/session/c713336943e7e90c2b874dc642c3d31f/screenshot'
10:47:00.677 [Forwarding screenshot on session c713336943e7e90c2b874dc642c3d31f to remote] DEBUG org.asynchttpclient.netty.request.NettyRequestSender - Using open Channel [id: 0x36875679, L:/127.0.0.1:57801 - R:localhost/127.0.0.1:58085] for GET '/session/c713336943e7e90c2b874dc642c3d31f/screenshot'
10:47:00.882 [AsyncHttpClient-1-7] DEBUG org.asynchttpclient.netty.handler.HttpHandler - 

Request DefaultFullHttpRequest(decodeResult: success, version: HTTP/1.1, content: EmptyByteBufBE)
GET /session/c713336943e7e90c2b874dc642c3d31f/screenshot HTTP/1.1
User-Agent: selenium/4.1.2 (java windows)
Cache-Control: no-cache
Content-Type: application/json; charset=utf-8
host: localhost:58085
accept: */*

Response DefaultHttpResponse(decodeResult: success, version: HTTP/1.1)
HTTP/1.1 200 OK
Content-Type: application/json; charset=utf-8
cache-control: no-cache
content-length: 112288

10:47:00.883 [AsyncHttpClient-1-7] DEBUG org.asynchttpclient.netty.channel.ChannelManager - Adding key: http://localhost:58085 for channel [id: 0x36875679, L:/127.0.0.1:57801 - R:localhost/127.0.0.1:58085]
10:47:00.889 [main] DEBUG net.serenitybdd.core.photography.Darkroom - Send negative for processing for target\site\serenity\66308c26cb3dcda10bc0fe99ed2b756cb7c1520dc120048f5513af4114b05f6a.png
10:47:00.889 [main] DEBUG net.thucydides.core.steps.StepInterceptor - STEP DONE: clickNewDoctorXButton
  &amp#27;[32mThen &amp#27;[0m&amp#27;[32mI click new doctor form x button&amp#27;[0m     &amp#27;[90m# starter.stepdefinitions.DoctorSteps.iClickNewDoctorFormXButton()&amp#27;[0m
10:47:00.889 [Darkroom Processing Line] DEBUG net.serenitybdd.core.photography.DarkroomProcessingLine - Processing screenshot image in /var/screenshots/screenshot-7013825003761231122
10:47:00.889 [Darkroom Processing Line] DEBUG net.serenitybdd.core.photography.DarkroomProcessingLine - Saving screenshot to target\site\serenity\66308c26cb3dcda10bc0fe99ed2b756cb7c1520dc120048f5513af4114b05f6a.png
10:47:00.898 [main] INFO  - 
  _____   ___   ___   _____     ___     _     ___   ___   ___   ___  
 |_   _| | __| / __| |_   _|   | _ \   /_\   / __| / __| | __| |   \ 
   | |   | _|  \__ \   | |     |  _/  / _ \  \__ \ \__ \ | _|  | |) |
   |_|   |___| |___/   |_|     |_|   /_/ \_\ |___/ |___/ |___| |___/ 

Cancel Create New Doctor Scenario
----------------------------------------------------------------------
10:47:00.900 [AsyncHttpClient-1-9] DEBUG org.asynchttpclient.netty.handler.WebSocketHandler - Channel Closed: [id: 0xdaae0d08, L:/127.0.0.1:57808 ! R:localhost/127.0.0.1:57802] with attribute NettyResponseFuture{currentRetry=5,
	isDone=1,
	isCancelled=0,
	asyncHandler=org.asynchttpclient.ws.WebSocketUpgradeHandler@2cf3d40e,
	nettyRequest=org.asynchttpclient.netty.request.NettyRequest@184a9f59,
	future=java.util.concurrent.CompletableFuture@3396cd18[Completed normally],
	uri=ws://localhost:57802/devtools/browser/f112d046-87ee-4b3b-bea1-fb3d94e0f7c4,
	keepAlive=true,
	redirectCount=0,
	timeoutsHolder=null,
	inAuth=0,
	touch=1655783215309}
10:47:00.900 [AsyncHttpClient-1-9] DEBUG org.asynchttpclient.netty.channel.ChannelManager - Closing Channel [id: 0xdaae0d08, L:/127.0.0.1:57808 ! R:localhost/127.0.0.1:57802] 
10:47:00.900 [Driver Command Executor] DEBUG org.asynchttpclient.netty.request.NettyRequestSender - Using pooled Channel '[id: 0x36875679, L:/127.0.0.1:57801 - R:localhost/127.0.0.1:58085]' for 'DELETE' to 'http://localhost:58085/session/c713336943e7e90c2b874dc642c3d31f'
10:47:00.900 [Driver Command Executor] DEBUG org.asynchttpclient.netty.request.NettyRequestSender - Using open Channel [id: 0x36875679, L:/127.0.0.1:57801 - R:localhost/127.0.0.1:58085] for DELETE '/session/c713336943e7e90c2b874dc642c3d31f'
10:47:00.933 [AsyncHttpClient-1-8] DEBUG org.asynchttpclient.netty.handler.HttpHandler - Unexpected I/O exception on channel [id: 0xe4889a35, L:/127.0.0.1:57807 - R:localhost/127.0.0.1:57802]
java.net.SocketException: Connection reset
	at java.base/sun.nio.ch.SocketChannelImpl.throwConnectionReset(SocketChannelImpl.java:367)
	at java.base/sun.nio.ch.SocketChannelImpl.read(SocketChannelImpl.java:398)
	at io.netty.buffer.PooledByteBuf.setBytes(PooledByteBuf.java:258)
	at io.netty.buffer.AbstractByteBuf.writeBytes(AbstractByteBuf.java:1132)
	at io.netty.channel.socket.nio.NioSocketChannel.doReadBytes(NioSocketChannel.java:350)
	at io.netty.channel.nio.AbstractNioByteChannel$NioByteUnsafe.read(AbstractNioByteChannel.java:151)
	at io.netty.channel.nio.NioEventLoop.processSelectedKey(NioEventLoop.java:722)
	at io.netty.channel.nio.NioEventLoop.processSelectedKeysOptimized(NioEventLoop.java:658)
	at io.netty.channel.nio.NioEventLoop.processSelectedKeys(NioEventLoop.java:584)
	at io.netty.channel.nio.NioEventLoop.run(NioEventLoop.java:496)
	at io.netty.util.concurrent.SingleThreadEventExecutor$4.run(SingleThreadEventExecutor.java:986)
	at io.netty.util.internal.ThreadExecutorMap$2.run(ThreadExecutorMap.java:74)
	at io.netty.util.concurrent.FastThreadLocalRunnable.run(FastThreadLocalRunnable.java:30)
	at java.base/java.lang.Thread.run(Thread.java:832)
10:47:00.934 [AsyncHttpClient-1-8] DEBUG org.asynchttpclient.netty.channel.ChannelManager - Closing Channel [id: 0xe4889a35, L:/127.0.0.1:57807 - R:localhost/127.0.0.1:57802] 
10:47:00.934 [AsyncHttpClient-1-8] DEBUG org.asynchttpclient.netty.handler.HttpHandler - Channel Closed: [id: 0xe4889a35, L:/127.0.0.1:57807 ! R:localhost/127.0.0.1:57802] with attribute DISCARD
10:47:00.955 [AsyncHttpClient-1-7] DEBUG org.asynchttpclient.netty.handler.HttpHandler - 

Request DefaultFullHttpRequest(decodeResult: success, version: HTTP/1.1, content: EmptyByteBufBE)
DELETE /session/c713336943e7e90c2b874dc642c3d31f HTTP/1.1
User-Agent: selenium/4.1.2 (java windows)
Content-Type: application/json; charset=utf-8
host: localhost:58085
accept: */*

Response DefaultHttpResponse(decodeResult: success, version: HTTP/1.1)
HTTP/1.1 200 OK
Content-Type: application/json; charset=utf-8
cache-control: no-cache
content-length: 14

10:47:00.955 [AsyncHttpClient-1-7] DEBUG org.asynchttpclient.netty.channel.ChannelManager - Adding key: http://localhost:58085 for channel [id: 0x36875679, L:/127.0.0.1:57801 - R:localhost/127.0.0.1:58085]
10:47:01.097 [AsyncHttpClient-1-7] DEBUG org.asynchttpclient.netty.handler.HttpHandler - Channel Closed: [id: 0x36875679, L:/127.0.0.1:57801 ! R:localhost/127.0.0.1:58085] with attribute DISCARD
10:47:01.164 [AsyncHttpClient-1-1] DEBUG org.asynchttpclient.netty.channel.DefaultChannelPool - Entry count for : http://localhost:58085 : 1
10:47:01.164 [AsyncHttpClient-1-1] DEBUG org.asynchttpclient.netty.channel.DefaultChannelPool - Entry count for : http://localhost:57802 : 1
10:47:01.164 [AsyncHttpClient-1-1] DEBUG org.asynchttpclient.netty.channel.DefaultChannelPool - Adding Candidate expired Channel [id: 0x36875679, L:/127.0.0.1:57801 ! R:localhost/127.0.0.1:58085] isIdleTimeoutExpired=false isRemotelyClosed=true isTtlExpired=false
10:47:01.164 [AsyncHttpClient-1-1] DEBUG org.asynchttpclient.netty.channel.DefaultChannelPool - Closing Idle Channel [id: 0x36875679, L:/127.0.0.1:57801 ! R:localhost/127.0.0.1:58085]
10:47:01.164 [AsyncHttpClient-1-1] DEBUG org.asynchttpclient.netty.channel.DefaultChannelPool - Adding Candidate expired Channel [id: 0xe4889a35, L:/127.0.0.1:57807 ! R:localhost/127.0.0.1:57802] isIdleTimeoutExpired=false isRemotelyClosed=true isTtlExpired=false
10:47:01.164 [AsyncHttpClient-1-1] DEBUG org.asynchttpclient.netty.channel.DefaultChannelPool - Closing Idle Channel [id: 0xe4889a35, L:/127.0.0.1:57807 ! R:localhost/127.0.0.1:57802]
10:47:01.164 [AsyncHttpClient-1-1] DEBUG org.asynchttpclient.netty.channel.DefaultChannelPool - Closed 2 connections out of 2 in 0 ms
]]></system-out>
    <system-err><![CDATA[Starting ChromeDriver 102.0.5005.61 (0e59bcc00cc4985ce39ad31c150065f159d95ad3-refs/branch-heads/5005@{#819}) on port 58085
Only local connections are allowed.
Please see https://chromedriver.chromium.org/security-considerations for suggestions on keeping ChromeDriver safe.
ChromeDriver was started successfully.
Jun 21, 2022 10:46:55 AM org.openqa.selenium.remote.ProtocolHandshake createSession
INFO: Detected dialect: W3C
Jun 21, 2022 10:46:55 AM org.openqa.selenium.devtools.CdpVersionFinder findNearestMatch
WARNING: Unable to find an exact match for CDP version 102, so returning the closest version found: a no-op implementation
Jun 21, 2022 10:46:55 AM org.openqa.selenium.devtools.CdpVersionFinder findNearestMatch
INFO: Unable to find CDP implementation matching 102.
Jun 21, 2022 10:46:55 AM org.openqa.selenium.chromium.ChromiumDriver lambda$new$3
WARNING: Unable to find version of CDP to use for . You may need to include a dependency on a specific version of the CDP using something similar to `org.seleniumhq.selenium:selenium-devtools-v86:4.1.2` where the version ("v86") matches the version of the chromium-based browser you're using and the version number of the artifact is the same as Selenium's.
]]></system-err>
  </testcase>
  <testcase name="Edit Doctor Data Scenario" classname="Doctor" time="11.723">
    <system-out><![CDATA[
@Doctor @EditDoctor
Scenario: Edit Doctor Data Scenario            &amp#27;[90m# src/test/resources/features/3.Doctor.feature:25&amp#27;[0m
10:47:01.712 [main] INFO io.cucumber.core.plugin.SerenityReporter - Running feature from file:///E:/My%20Documents/File%20Difa/TI%20Semester%206%20Kampus%20Merdeka%20Alterra/Tugas/CAPSTONE%20Project/Capstone-Project-Website/src/test/resources/features/3.Doctor.feature
10:47:01.716 [main] INFO  - 
  _____   ___   ___   _____     ___   _____     _     ___   _____   ___   ___  
 |_   _| | __| / __| |_   _|   / __| |_   _|   /_\   | _ \ |_   _| | __| |   \ 
   | |   | _|  \__ \   | |     \__ \   | |    / _ \  |   /   | |   | _|  | |) |
   |_|   |___| |___/   |_|     |___/   |_|   /_/ \_\ |_|_\   |_|   |___| |___/ 

Edit Doctor Data Scenario(doctor;edit-doctor-data-scenario)
--------------------------------------------------------------------------------
10:47:01.738 [main] DEBUG net.thucydides.core.steps.StepInterceptor - STARTING STEP: DoctorSteps.iAmAtTheDashboardPage - openUrl
10:47:01.739 [main] INFO net.serenitybdd.core.webdriver.driverproviders.ChromeDriverProvider - Using automatically driver download
10:47:01.975 [main] DEBUG io.github.bonigarcia.wdm.cache.ResolutionCache - Resolution chrome=102 in cache (valid until 11:37:46 21/06/2022 ICT)
10:47:01.979 [main] DEBUG io.github.bonigarcia.wdm.cache.ResolutionCache - Resolution chrome102=102.0.5005.61 in cache (valid until 09:22:16 22/06/2022 ICT)
10:47:01.980 [main] INFO io.github.bonigarcia.wdm.WebDriverManager - Using chromedriver 102.0.5005.61 (resolved driver for Chrome 102)
10:47:01.990 [main] DEBUG io.github.bonigarcia.wdm.WebDriverManager - Driver chromedriver 102.0.5005.61 found in cache
10:47:01.991 [main] INFO io.github.bonigarcia.wdm.WebDriverManager - Exporting webdriver.chrome.driver as C:\Users\USER\.cache\selenium\chromedriver\win32\102.0.5005.61\chromedriver.exe
10:47:02.359 [main] DEBUG net.serenitybdd.core.webdriver.driverproviders.ProvideNewDriver - Instantiating driver
10:47:02.359 [main] DEBUG net.serenitybdd.core.webdriver.driverproviders.ProvideNewDriver - Driver capabilities: Capabilities {acceptInsecureCerts: false, base.url: https://hospital-management..., browserName: chrome, chrome.driver: src/test/resources/webdrive..., driver: chrome, goog:chromeOptions: {args: [], extensions: []}}
10:47:02.903 [AsyncHttpClient-1-2] DEBUG org.asynchttpclient.netty.channel.NettyConnectListener - Using new Channel '[id: 0x5622f2de, L:/127.0.0.1:57822 - R:localhost/127.0.0.1:58179]' for 'POST' to '/session'
10:47:03.816 [AsyncHttpClient-1-2] DEBUG org.asynchttpclient.netty.handler.HttpHandler - 

Request DefaultHttpRequest(decodeResult: success, version: HTTP/1.1)
POST /session HTTP/1.1
User-Agent: selenium/4.1.2 (java windows)
Content-Length: 621
Content-Type: application/json; charset=utf-8
host: localhost:58179
accept: */*

Response DefaultHttpResponse(decodeResult: success, version: HTTP/1.1)
HTTP/1.1 200 OK
Content-Type: application/json; charset=utf-8
cache-control: no-cache
content-length: 789

10:47:03.816 [AsyncHttpClient-1-2] DEBUG org.asynchttpclient.netty.channel.ChannelManager - Adding key: http://localhost:58179 for channel [id: 0x5622f2de, L:/127.0.0.1:57822 - R:localhost/127.0.0.1:58179]
10:47:03.829 [AsyncHttpClient-1-3] DEBUG org.asynchttpclient.netty.channel.NettyConnectListener - Using new Channel '[id: 0x3b2a5682, L:/127.0.0.1:57828 - R:localhost/127.0.0.1:57823]' for 'GET' to '/json/version'
10:47:03.831 [AsyncHttpClient-1-3] DEBUG org.asynchttpclient.netty.handler.HttpHandler - 

Request DefaultFullHttpRequest(decodeResult: success, version: HTTP/1.1, content: EmptyByteBufBE)
GET /json/version HTTP/1.1
User-Agent: selenium/4.1.2 (java windows)
host: localhost:57823
accept: */*

Response DefaultHttpResponse(decodeResult: success, version: HTTP/1.1)
HTTP/1.1 200 OK
Content-Type: application/json; charset=UTF-8
content-length: 427

10:47:03.831 [AsyncHttpClient-1-3] DEBUG org.asynchttpclient.netty.channel.ChannelManager - Adding key: http://localhost:57823 for channel [id: 0x3b2a5682, L:/127.0.0.1:57828 - R:localhost/127.0.0.1:57823]
10:47:03.868 [AsyncHttpClient-1-4] DEBUG org.asynchttpclient.netty.channel.NettyConnectListener - Using new Channel '[id: 0xa86d515f, L:/127.0.0.1:57829 - R:localhost/127.0.0.1:57823]' for 'GET' to '/devtools/browser/b29146d1-fca3-4c9f-b45e-842f8e9ede7c'
10:47:03.871 [AsyncHttpClient-1-4] DEBUG org.asynchttpclient.netty.handler.WebSocketHandler - 

Request DefaultFullHttpRequest(decodeResult: success, version: HTTP/1.1, content: EmptyByteBufBE)
GET /devtools/browser/b29146d1-fca3-4c9f-b45e-842f8e9ede7c HTTP/1.1
upgrade: websocket
connection: upgrade
sec-websocket-key: 87t4o/38G4uRVJ0h+g+j+g==
sec-websocket-version: 13
origin: http://localhost:57823
host: localhost:57823
accept: */*
user-agent: AHC/2.1

Response DefaultHttpResponse(decodeResult: success, version: HTTP/1.1)
HTTP/1.1 101 WebSocket Protocol Handshake
Upgrade: WebSocket
Connection: Upgrade
Sec-WebSocket-Accept: NM3inIUeZeoyfE6gRBhCF/pVdUM=

10:47:03.884 [Forwarding maximizeCurrentWindow on session 9beaf59117705a1b45cf79f6f4337011 to remote] DEBUG org.asynchttpclient.netty.request.NettyRequestSender - Using pooled Channel '[id: 0x5622f2de, L:/127.0.0.1:57822 - R:localhost/127.0.0.1:58179]' for 'POST' to 'http://localhost:58179/session/9beaf59117705a1b45cf79f6f4337011/window/maximize'
10:47:03.884 [Forwarding maximizeCurrentWindow on session 9beaf59117705a1b45cf79f6f4337011 to remote] DEBUG org.asynchttpclient.netty.request.NettyRequestSender - Using open Channel [id: 0x5622f2de, L:/127.0.0.1:57822 - R:localhost/127.0.0.1:58179] for POST '/session/9beaf59117705a1b45cf79f6f4337011/window/maximize'
10:47:04.025 [AsyncHttpClient-1-2] DEBUG org.asynchttpclient.netty.handler.HttpHandler - 

Request DefaultHttpRequest(decodeResult: success, version: HTTP/1.1)
POST /session/9beaf59117705a1b45cf79f6f4337011/window/maximize HTTP/1.1
User-Agent: selenium/4.1.2 (java windows)
Content-Length: 3
Content-Type: application/json; charset=utf-8
host: localhost:58179
accept: */*

Response DefaultHttpResponse(decodeResult: success, version: HTTP/1.1)
HTTP/1.1 200 OK
Content-Type: application/json; charset=utf-8
cache-control: no-cache
content-length: 51

10:47:04.025 [AsyncHttpClient-1-2] DEBUG org.asynchttpclient.netty.channel.ChannelManager - Adding key: http://localhost:58179 for channel [id: 0x5622f2de, L:/127.0.0.1:57822 - R:localhost/127.0.0.1:58179]
10:47:04.028 [Forwarding get on session 9beaf59117705a1b45cf79f6f4337011 to remote] DEBUG org.asynchttpclient.netty.request.NettyRequestSender - Using pooled Channel '[id: 0x5622f2de, L:/127.0.0.1:57822 - R:localhost/127.0.0.1:58179]' for 'POST' to 'http://localhost:58179/session/9beaf59117705a1b45cf79f6f4337011/url'
10:47:04.029 [Forwarding get on session 9beaf59117705a1b45cf79f6f4337011 to remote] DEBUG org.asynchttpclient.netty.request.NettyRequestSender - Using open Channel [id: 0x5622f2de, L:/127.0.0.1:57822 - R:localhost/127.0.0.1:58179] for POST '/session/9beaf59117705a1b45cf79f6f4337011/url'
10:47:04.466 [AsyncHttpClient-1-1] DEBUG org.asynchttpclient.netty.channel.DefaultChannelPool - Entry count for : http://localhost:57823 : 1
10:47:05.567 [AsyncHttpClient-1-1] DEBUG org.asynchttpclient.netty.channel.DefaultChannelPool - Entry count for : http://localhost:57823 : 1
10:47:06.632 [AsyncHttpClient-1-2] DEBUG org.asynchttpclient.netty.handler.HttpHandler - 

Request DefaultHttpRequest(decodeResult: success, version: HTTP/1.1)
POST /session/9beaf59117705a1b45cf79f6f4337011/url HTTP/1.1
User-Agent: selenium/4.1.2 (java windows)
Content-Length: 65
Content-Type: application/json; charset=utf-8
host: localhost:58179
accept: */*

Response DefaultHttpResponse(decodeResult: success, version: HTTP/1.1)
HTTP/1.1 200 OK
Content-Type: application/json; charset=utf-8
cache-control: no-cache
content-length: 14

10:47:06.632 [AsyncHttpClient-1-2] DEBUG org.asynchttpclient.netty.channel.ChannelManager - Adding key: http://localhost:58179 for channel [id: 0x5622f2de, L:/127.0.0.1:57822 - R:localhost/127.0.0.1:58179]
10:47:06.634 [Forwarding setTimeout on session 9beaf59117705a1b45cf79f6f4337011 to remote] DEBUG org.asynchttpclient.netty.request.NettyRequestSender - Using pooled Channel '[id: 0x5622f2de, L:/127.0.0.1:57822 - R:localhost/127.0.0.1:58179]' for 'POST' to 'http://localhost:58179/session/9beaf59117705a1b45cf79f6f4337011/timeouts'
10:47:06.634 [Forwarding setTimeout on session 9beaf59117705a1b45cf79f6f4337011 to remote] DEBUG org.asynchttpclient.netty.request.NettyRequestSender - Using open Channel [id: 0x5622f2de, L:/127.0.0.1:57822 - R:localhost/127.0.0.1:58179] for POST '/session/9beaf59117705a1b45cf79f6f4337011/timeouts'
10:47:06.638 [AsyncHttpClient-1-2] DEBUG org.asynchttpclient.netty.handler.HttpHandler - 

Request DefaultHttpRequest(decodeResult: success, version: HTTP/1.1)
POST /session/9beaf59117705a1b45cf79f6f4337011/timeouts HTTP/1.1
User-Agent: selenium/4.1.2 (java windows)
Content-Length: 22
Content-Type: application/json; charset=utf-8
host: localhost:58179
accept: */*

Response DefaultHttpResponse(decodeResult: success, version: HTTP/1.1)
HTTP/1.1 200 OK
Content-Type: application/json; charset=utf-8
cache-control: no-cache
content-length: 14

10:47:06.638 [AsyncHttpClient-1-2] DEBUG org.asynchttpclient.netty.channel.ChannelManager - Adding key: http://localhost:58179 for channel [id: 0x5622f2de, L:/127.0.0.1:57822 - R:localhost/127.0.0.1:58179]
10:47:06.644 [Forwarding getCurrentUrl on session 9beaf59117705a1b45cf79f6f4337011 to remote] DEBUG org.asynchttpclient.netty.request.NettyRequestSender - Using pooled Channel '[id: 0x5622f2de, L:/127.0.0.1:57822 - R:localhost/127.0.0.1:58179]' for 'GET' to 'http://localhost:58179/session/9beaf59117705a1b45cf79f6f4337011/url'
10:47:06.644 [Forwarding getCurrentUrl on session 9beaf59117705a1b45cf79f6f4337011 to remote] DEBUG org.asynchttpclient.netty.request.NettyRequestSender - Using open Channel [id: 0x5622f2de, L:/127.0.0.1:57822 - R:localhost/127.0.0.1:58179] for GET '/session/9beaf59117705a1b45cf79f6f4337011/url'
10:47:06.651 [AsyncHttpClient-1-2] DEBUG org.asynchttpclient.netty.handler.HttpHandler - 

Request DefaultFullHttpRequest(decodeResult: success, version: HTTP/1.1, content: EmptyByteBufBE)
GET /session/9beaf59117705a1b45cf79f6f4337011/url HTTP/1.1
User-Agent: selenium/4.1.2 (java windows)
Cache-Control: no-cache
Content-Type: application/json; charset=utf-8
host: localhost:58179
accept: */*

Response DefaultHttpResponse(decodeResult: success, version: HTTP/1.1)
HTTP/1.1 200 OK
Content-Type: application/json; charset=utf-8
cache-control: no-cache
content-length: 53

10:47:06.651 [AsyncHttpClient-1-2] DEBUG org.asynchttpclient.netty.channel.ChannelManager - Adding key: http://localhost:58179 for channel [id: 0x5622f2de, L:/127.0.0.1:57822 - R:localhost/127.0.0.1:58179]
10:47:06.657 [Forwarding getCurrentUrl on session 9beaf59117705a1b45cf79f6f4337011 to remote] DEBUG org.asynchttpclient.netty.request.NettyRequestSender - Using pooled Channel '[id: 0x5622f2de, L:/127.0.0.1:57822 - R:localhost/127.0.0.1:58179]' for 'GET' to 'http://localhost:58179/session/9beaf59117705a1b45cf79f6f4337011/url'
10:47:06.657 [Forwarding getCurrentUrl on session 9beaf59117705a1b45cf79f6f4337011 to remote] DEBUG org.asynchttpclient.netty.request.NettyRequestSender - Using open Channel [id: 0x5622f2de, L:/127.0.0.1:57822 - R:localhost/127.0.0.1:58179] for GET '/session/9beaf59117705a1b45cf79f6f4337011/url'
10:47:06.661 [AsyncHttpClient-1-2] DEBUG org.asynchttpclient.netty.handler.HttpHandler - 

Request DefaultFullHttpRequest(decodeResult: success, version: HTTP/1.1, content: EmptyByteBufBE)
GET /session/9beaf59117705a1b45cf79f6f4337011/url HTTP/1.1
User-Agent: selenium/4.1.2 (java windows)
Cache-Control: no-cache
Content-Type: application/json; charset=utf-8
host: localhost:58179
accept: */*

Response DefaultHttpResponse(decodeResult: success, version: HTTP/1.1)
HTTP/1.1 200 OK
Content-Type: application/json; charset=utf-8
cache-control: no-cache
content-length: 53

10:47:06.661 [AsyncHttpClient-1-2] DEBUG org.asynchttpclient.netty.channel.ChannelManager - Adding key: http://localhost:58179 for channel [id: 0x5622f2de, L:/127.0.0.1:57822 - R:localhost/127.0.0.1:58179]
10:47:06.666 [AsyncHttpClient-1-1] DEBUG org.asynchttpclient.netty.channel.DefaultChannelPool - Entry count for : http://localhost:57823 : 1
10:47:06.666 [AsyncHttpClient-1-1] DEBUG org.asynchttpclient.netty.channel.DefaultChannelPool - Entry count for : http://localhost:58179 : 1
10:47:06.669 [Forwarding screenshot on session 9beaf59117705a1b45cf79f6f4337011 to remote] DEBUG org.asynchttpclient.netty.request.NettyRequestSender - Using pooled Channel '[id: 0x5622f2de, L:/127.0.0.1:57822 - R:localhost/127.0.0.1:58179]' for 'GET' to 'http://localhost:58179/session/9beaf59117705a1b45cf79f6f4337011/screenshot'
10:47:06.669 [Forwarding screenshot on session 9beaf59117705a1b45cf79f6f4337011 to remote] DEBUG org.asynchttpclient.netty.request.NettyRequestSender - Using open Channel [id: 0x5622f2de, L:/127.0.0.1:57822 - R:localhost/127.0.0.1:58179] for GET '/session/9beaf59117705a1b45cf79f6f4337011/screenshot'
10:47:07.032 [AsyncHttpClient-1-2] DEBUG org.asynchttpclient.netty.handler.HttpHandler - 

Request DefaultFullHttpRequest(decodeResult: success, version: HTTP/1.1, content: EmptyByteBufBE)
GET /session/9beaf59117705a1b45cf79f6f4337011/screenshot HTTP/1.1
User-Agent: selenium/4.1.2 (java windows)
Cache-Control: no-cache
Content-Type: application/json; charset=utf-8
host: localhost:58179
accept: */*

Response DefaultHttpResponse(decodeResult: success, version: HTTP/1.1)
HTTP/1.1 200 OK
Content-Type: application/json; charset=utf-8
cache-control: no-cache
content-length: 382596

10:47:07.035 [AsyncHttpClient-1-2] DEBUG org.asynchttpclient.netty.channel.ChannelManager - Adding key: http://localhost:58179 for channel [id: 0x5622f2de, L:/127.0.0.1:57822 - R:localhost/127.0.0.1:58179]
10:47:07.063 [main] DEBUG net.serenitybdd.core.photography.Darkroom - Send negative for processing for target\site\serenity\ed15a54c91c342d96a850276df7b559f4526b370fc93040e3c407a48a170f368.png
10:47:07.063 [main] DEBUG net.thucydides.core.steps.StepInterceptor - STEP DONE: openUrl
10:47:07.074 [main] DEBUG net.thucydides.core.steps.StepInterceptor - STARTING STEP: DoctorSteps.iAmAtTheDashboardPage - validateOnDashboardPage
10:47:07.078 [Forwarding findElement on session 9beaf59117705a1b45cf79f6f4337011 to remote] DEBUG org.asynchttpclient.netty.request.NettyRequestSender - Using pooled Channel '[id: 0x5622f2de, L:/127.0.0.1:57822 - R:localhost/127.0.0.1:58179]' for 'POST' to 'http://localhost:58179/session/9beaf59117705a1b45cf79f6f4337011/element'
10:47:07.078 [Forwarding findElement on session 9beaf59117705a1b45cf79f6f4337011 to remote] DEBUG org.asynchttpclient.netty.request.NettyRequestSender - Using open Channel [id: 0x5622f2de, L:/127.0.0.1:57822 - R:localhost/127.0.0.1:58179] for POST '/session/9beaf59117705a1b45cf79f6f4337011/element'
10:47:07.102 [AsyncHttpClient-1-2] DEBUG org.asynchttpclient.netty.handler.HttpHandler - 

Request DefaultHttpRequest(decodeResult: success, version: HTTP/1.1)
POST /session/9beaf59117705a1b45cf79f6f4337011/element HTTP/1.1
User-Agent: selenium/4.1.2 (java windows)
Content-Length: 81
Content-Type: application/json; charset=utf-8
host: localhost:58179
accept: */*

Response DefaultHttpResponse(decodeResult: success, version: HTTP/1.1)
HTTP/1.1 200 OK
Content-Type: application/json; charset=utf-8
cache-control: no-cache
content-length: 88

10:47:07.102 [AsyncHttpClient-1-2] DEBUG org.asynchttpclient.netty.channel.ChannelManager - Adding key: http://localhost:58179 for channel [id: 0x5622f2de, L:/127.0.0.1:57822 - R:localhost/127.0.0.1:58179]
10:47:07.107 [Forwarding isElementDisplayed on session 9beaf59117705a1b45cf79f6f4337011 to remote] DEBUG org.asynchttpclient.netty.request.NettyRequestSender - Using pooled Channel '[id: 0x5622f2de, L:/127.0.0.1:57822 - R:localhost/127.0.0.1:58179]' for 'POST' to 'http://localhost:58179/session/9beaf59117705a1b45cf79f6f4337011/execute/sync'
10:47:07.107 [Forwarding isElementDisplayed on session 9beaf59117705a1b45cf79f6f4337011 to remote] DEBUG org.asynchttpclient.netty.request.NettyRequestSender - Using open Channel [id: 0x5622f2de, L:/127.0.0.1:57822 - R:localhost/127.0.0.1:58179] for POST '/session/9beaf59117705a1b45cf79f6f4337011/execute/sync'
10:47:07.133 [AsyncHttpClient-1-2] DEBUG org.asynchttpclient.netty.handler.HttpHandler - 

Request DefaultHttpRequest(decodeResult: success, version: HTTP/1.1)
POST /session/9beaf59117705a1b45cf79f6f4337011/execute/sync HTTP/1.1
User-Agent: selenium/4.1.2 (java windows)
Content-Length: 48780
Content-Type: application/json; charset=utf-8
host: localhost:58179
accept: */*

Response DefaultHttpResponse(decodeResult: success, version: HTTP/1.1)
HTTP/1.1 200 OK
Content-Type: application/json; charset=utf-8
cache-control: no-cache
content-length: 14

10:47:07.133 [AsyncHttpClient-1-2] DEBUG org.asynchttpclient.netty.channel.ChannelManager - Adding key: http://localhost:58179 for channel [id: 0x5622f2de, L:/127.0.0.1:57822 - R:localhost/127.0.0.1:58179]
10:47:07.142 [Forwarding screenshot on session 9beaf59117705a1b45cf79f6f4337011 to remote] DEBUG org.asynchttpclient.netty.request.NettyRequestSender - Using pooled Channel '[id: 0x5622f2de, L:/127.0.0.1:57822 - R:localhost/127.0.0.1:58179]' for 'GET' to 'http://localhost:58179/session/9beaf59117705a1b45cf79f6f4337011/screenshot'
10:47:07.142 [Forwarding screenshot on session 9beaf59117705a1b45cf79f6f4337011 to remote] DEBUG org.asynchttpclient.netty.request.NettyRequestSender - Using open Channel [id: 0x5622f2de, L:/127.0.0.1:57822 - R:localhost/127.0.0.1:58179] for GET '/session/9beaf59117705a1b45cf79f6f4337011/screenshot'
10:47:07.473 [AsyncHttpClient-1-2] DEBUG org.asynchttpclient.netty.handler.HttpHandler - 

Request DefaultFullHttpRequest(decodeResult: success, version: HTTP/1.1, content: EmptyByteBufBE)
GET /session/9beaf59117705a1b45cf79f6f4337011/screenshot HTTP/1.1
User-Agent: selenium/4.1.2 (java windows)
Cache-Control: no-cache
Content-Type: application/json; charset=utf-8
host: localhost:58179
accept: */*

Response DefaultHttpResponse(decodeResult: success, version: HTTP/1.1)
HTTP/1.1 200 OK
Content-Type: application/json; charset=utf-8
cache-control: no-cache
content-length: 382596

10:47:07.476 [AsyncHttpClient-1-2] DEBUG org.asynchttpclient.netty.channel.ChannelManager - Adding key: http://localhost:58179 for channel [id: 0x5622f2de, L:/127.0.0.1:57822 - R:localhost/127.0.0.1:58179]
10:47:07.509 [main] DEBUG net.serenitybdd.core.photography.Darkroom - Send negative for processing for target\site\serenity\ed15a54c91c342d96a850276df7b559f4526b370fc93040e3c407a48a170f368.png
10:47:07.509 [main] DEBUG net.thucydides.core.steps.StepInterceptor - STEP DONE: validateOnDashboardPage
  &amp#27;[32mGiven &amp#27;[0m&amp#27;[32mI'am at the dashboard page&amp#27;[0m             &amp#27;[90m# starter.stepdefinitions.DoctorSteps.iAmAtTheDashboardPage()&amp#27;[0m
10:47:07.535 [main] DEBUG net.thucydides.core.steps.StepInterceptor - STARTING STEP: DoctorSteps.iClickMenuDoctor - clickMenuDoctorButton
10:47:07.540 [Forwarding findElement on session 9beaf59117705a1b45cf79f6f4337011 to remote] DEBUG org.asynchttpclient.netty.request.NettyRequestSender - Using pooled Channel '[id: 0x5622f2de, L:/127.0.0.1:57822 - R:localhost/127.0.0.1:58179]' for 'POST' to 'http://localhost:58179/session/9beaf59117705a1b45cf79f6f4337011/element'
10:47:07.540 [Forwarding findElement on session 9beaf59117705a1b45cf79f6f4337011 to remote] DEBUG org.asynchttpclient.netty.request.NettyRequestSender - Using open Channel [id: 0x5622f2de, L:/127.0.0.1:57822 - R:localhost/127.0.0.1:58179] for POST '/session/9beaf59117705a1b45cf79f6f4337011/element'
10:47:07.559 [AsyncHttpClient-1-2] DEBUG org.asynchttpclient.netty.handler.HttpHandler - 

Request DefaultHttpRequest(decodeResult: success, version: HTTP/1.1)
POST /session/9beaf59117705a1b45cf79f6f4337011/element HTTP/1.1
User-Agent: selenium/4.1.2 (java windows)
Content-Length: 79
Content-Type: application/json; charset=utf-8
host: localhost:58179
accept: */*

Response DefaultHttpResponse(decodeResult: success, version: HTTP/1.1)
HTTP/1.1 200 OK
Content-Type: application/json; charset=utf-8
cache-control: no-cache
content-length: 88

10:47:07.560 [AsyncHttpClient-1-2] DEBUG org.asynchttpclient.netty.channel.ChannelManager - Adding key: http://localhost:58179 for channel [id: 0x5622f2de, L:/127.0.0.1:57822 - R:localhost/127.0.0.1:58179]
10:47:07.561 [Forwarding getElementTagName on session 9beaf59117705a1b45cf79f6f4337011 to remote] DEBUG org.asynchttpclient.netty.request.NettyRequestSender - Using pooled Channel '[id: 0x5622f2de, L:/127.0.0.1:57822 - R:localhost/127.0.0.1:58179]' for 'GET' to 'http://localhost:58179/session/9beaf59117705a1b45cf79f6f4337011/element/d9a03485-2f51-4236-a335-1982ca9568af/name'
10:47:07.561 [Forwarding getElementTagName on session 9beaf59117705a1b45cf79f6f4337011 to remote] DEBUG org.asynchttpclient.netty.request.NettyRequestSender - Using open Channel [id: 0x5622f2de, L:/127.0.0.1:57822 - R:localhost/127.0.0.1:58179] for GET '/session/9beaf59117705a1b45cf79f6f4337011/element/d9a03485-2f51-4236-a335-1982ca9568af/name'
10:47:07.568 [AsyncHttpClient-1-2] DEBUG org.asynchttpclient.netty.handler.HttpHandler - 

Request DefaultFullHttpRequest(decodeResult: success, version: HTTP/1.1, content: EmptyByteBufBE)
GET /session/9beaf59117705a1b45cf79f6f4337011/element/d9a03485-2f51-4236-a335-1982ca9568af/name HTTP/1.1
User-Agent: selenium/4.1.2 (java windows)
Cache-Control: no-cache
Content-Type: application/json; charset=utf-8
host: localhost:58179
accept: */*

Response DefaultHttpResponse(decodeResult: success, version: HTTP/1.1)
HTTP/1.1 200 OK
Content-Type: application/json; charset=utf-8
cache-control: no-cache
content-length: 15

10:47:07.568 [AsyncHttpClient-1-2] DEBUG org.asynchttpclient.netty.channel.ChannelManager - Adding key: http://localhost:58179 for channel [id: 0x5622f2de, L:/127.0.0.1:57822 - R:localhost/127.0.0.1:58179]
10:47:07.570 [Forwarding getElementTagName on session 9beaf59117705a1b45cf79f6f4337011 to remote] DEBUG org.asynchttpclient.netty.request.NettyRequestSender - Using pooled Channel '[id: 0x5622f2de, L:/127.0.0.1:57822 - R:localhost/127.0.0.1:58179]' for 'GET' to 'http://localhost:58179/session/9beaf59117705a1b45cf79f6f4337011/element/d9a03485-2f51-4236-a335-1982ca9568af/name'
10:47:07.570 [Forwarding getElementTagName on session 9beaf59117705a1b45cf79f6f4337011 to remote] DEBUG org.asynchttpclient.netty.request.NettyRequestSender - Using open Channel [id: 0x5622f2de, L:/127.0.0.1:57822 - R:localhost/127.0.0.1:58179] for GET '/session/9beaf59117705a1b45cf79f6f4337011/element/d9a03485-2f51-4236-a335-1982ca9568af/name'
10:47:07.575 [AsyncHttpClient-1-2] DEBUG org.asynchttpclient.netty.handler.HttpHandler - 

Request DefaultFullHttpRequest(decodeResult: success, version: HTTP/1.1, content: EmptyByteBufBE)
GET /session/9beaf59117705a1b45cf79f6f4337011/element/d9a03485-2f51-4236-a335-1982ca9568af/name HTTP/1.1
User-Agent: selenium/4.1.2 (java windows)
Cache-Control: no-cache
Content-Type: application/json; charset=utf-8
host: localhost:58179
accept: */*

Response DefaultHttpResponse(decodeResult: success, version: HTTP/1.1)
HTTP/1.1 200 OK
Content-Type: application/json; charset=utf-8
cache-control: no-cache
content-length: 15

10:47:07.575 [AsyncHttpClient-1-2] DEBUG org.asynchttpclient.netty.channel.ChannelManager - Adding key: http://localhost:58179 for channel [id: 0x5622f2de, L:/127.0.0.1:57822 - R:localhost/127.0.0.1:58179]
10:47:07.578 [Forwarding findElement on session 9beaf59117705a1b45cf79f6f4337011 to remote] DEBUG org.asynchttpclient.netty.request.NettyRequestSender - Using pooled Channel '[id: 0x5622f2de, L:/127.0.0.1:57822 - R:localhost/127.0.0.1:58179]' for 'POST' to 'http://localhost:58179/session/9beaf59117705a1b45cf79f6f4337011/element'
10:47:07.578 [Forwarding findElement on session 9beaf59117705a1b45cf79f6f4337011 to remote] DEBUG org.asynchttpclient.netty.request.NettyRequestSender - Using open Channel [id: 0x5622f2de, L:/127.0.0.1:57822 - R:localhost/127.0.0.1:58179] for POST '/session/9beaf59117705a1b45cf79f6f4337011/element'
10:47:07.590 [AsyncHttpClient-1-2] DEBUG org.asynchttpclient.netty.handler.HttpHandler - 

Request DefaultHttpRequest(decodeResult: success, version: HTTP/1.1)
POST /session/9beaf59117705a1b45cf79f6f4337011/element HTTP/1.1
User-Agent: selenium/4.1.2 (java windows)
Content-Length: 79
Content-Type: application/json; charset=utf-8
host: localhost:58179
accept: */*

Response DefaultHttpResponse(decodeResult: success, version: HTTP/1.1)
HTTP/1.1 200 OK
Content-Type: application/json; charset=utf-8
cache-control: no-cache
content-length: 88

10:47:07.590 [AsyncHttpClient-1-2] DEBUG org.asynchttpclient.netty.channel.ChannelManager - Adding key: http://localhost:58179 for channel [id: 0x5622f2de, L:/127.0.0.1:57822 - R:localhost/127.0.0.1:58179]
10:47:07.591 [Forwarding clickElement on session 9beaf59117705a1b45cf79f6f4337011 to remote] DEBUG org.asynchttpclient.netty.request.NettyRequestSender - Using pooled Channel '[id: 0x5622f2de, L:/127.0.0.1:57822 - R:localhost/127.0.0.1:58179]' for 'POST' to 'http://localhost:58179/session/9beaf59117705a1b45cf79f6f4337011/element/d9a03485-2f51-4236-a335-1982ca9568af/click'
10:47:07.592 [Forwarding clickElement on session 9beaf59117705a1b45cf79f6f4337011 to remote] DEBUG org.asynchttpclient.netty.request.NettyRequestSender - Using open Channel [id: 0x5622f2de, L:/127.0.0.1:57822 - R:localhost/127.0.0.1:58179] for POST '/session/9beaf59117705a1b45cf79f6f4337011/element/d9a03485-2f51-4236-a335-1982ca9568af/click'
10:47:07.764 [AsyncHttpClient-1-1] DEBUG org.asynchttpclient.netty.channel.DefaultChannelPool - Entry count for : http://localhost:57823 : 1
10:47:07.843 [AsyncHttpClient-1-2] DEBUG org.asynchttpclient.netty.handler.HttpHandler - 

Request DefaultHttpRequest(decodeResult: success, version: HTTP/1.1)
POST /session/9beaf59117705a1b45cf79f6f4337011/element/d9a03485-2f51-4236-a335-1982ca9568af/click HTTP/1.1
User-Agent: selenium/4.1.2 (java windows)
Content-Length: 50
Content-Type: application/json; charset=utf-8
host: localhost:58179
accept: */*

Response DefaultHttpResponse(decodeResult: success, version: HTTP/1.1)
HTTP/1.1 200 OK
Content-Type: application/json; charset=utf-8
cache-control: no-cache
content-length: 14

10:47:07.843 [AsyncHttpClient-1-2] DEBUG org.asynchttpclient.netty.channel.ChannelManager - Adding key: http://localhost:58179 for channel [id: 0x5622f2de, L:/127.0.0.1:57822 - R:localhost/127.0.0.1:58179]
10:47:07.855 [Forwarding screenshot on session 9beaf59117705a1b45cf79f6f4337011 to remote] DEBUG org.asynchttpclient.netty.request.NettyRequestSender - Using pooled Channel '[id: 0x5622f2de, L:/127.0.0.1:57822 - R:localhost/127.0.0.1:58179]' for 'GET' to 'http://localhost:58179/session/9beaf59117705a1b45cf79f6f4337011/screenshot'
10:47:07.855 [Forwarding screenshot on session 9beaf59117705a1b45cf79f6f4337011 to remote] DEBUG org.asynchttpclient.netty.request.NettyRequestSender - Using open Channel [id: 0x5622f2de, L:/127.0.0.1:57822 - R:localhost/127.0.0.1:58179] for GET '/session/9beaf59117705a1b45cf79f6f4337011/screenshot'
10:47:07.988 [AsyncHttpClient-1-2] DEBUG org.asynchttpclient.netty.handler.HttpHandler - 

Request DefaultFullHttpRequest(decodeResult: success, version: HTTP/1.1, content: EmptyByteBufBE)
GET /session/9beaf59117705a1b45cf79f6f4337011/screenshot HTTP/1.1
User-Agent: selenium/4.1.2 (java windows)
Cache-Control: no-cache
Content-Type: application/json; charset=utf-8
host: localhost:58179
accept: */*

Response DefaultHttpResponse(decodeResult: success, version: HTTP/1.1)
HTTP/1.1 200 OK
Content-Type: application/json; charset=utf-8
cache-control: no-cache
content-length: 56216

10:47:07.988 [AsyncHttpClient-1-2] DEBUG org.asynchttpclient.netty.channel.ChannelManager - Adding key: http://localhost:58179 for channel [id: 0x5622f2de, L:/127.0.0.1:57822 - R:localhost/127.0.0.1:58179]
10:47:07.992 [main] DEBUG net.serenitybdd.core.photography.Darkroom - Send negative for processing for target\site\serenity\93bcc9a7e51fe36df2bb0ee95da8b9e15460ad67a465a8def437a77fe40a1b48.png
10:47:07.992 [main] DEBUG net.thucydides.core.steps.StepInterceptor - STEP DONE: clickMenuDoctorButton
  &amp#27;[32mAnd &amp#27;[0m&amp#27;[32mI click menu doctor&amp#27;[0m                      &amp#27;[90m# starter.stepdefinitions.DoctorSteps.iClickMenuDoctor()&amp#27;[0m
10:47:08.010 [main] DEBUG net.thucydides.core.steps.StepInterceptor - STARTING STEP: DoctorSteps.iClickEditDoctorButton - clickEditDoctorButton
10:47:08.014 [Forwarding findElement on session 9beaf59117705a1b45cf79f6f4337011 to remote] DEBUG org.asynchttpclient.netty.request.NettyRequestSender - Using pooled Channel '[id: 0x5622f2de, L:/127.0.0.1:57822 - R:localhost/127.0.0.1:58179]' for 'POST' to 'http://localhost:58179/session/9beaf59117705a1b45cf79f6f4337011/element'
10:47:08.014 [Forwarding findElement on session 9beaf59117705a1b45cf79f6f4337011 to remote] DEBUG org.asynchttpclient.netty.request.NettyRequestSender - Using open Channel [id: 0x5622f2de, L:/127.0.0.1:57822 - R:localhost/127.0.0.1:58179] for POST '/session/9beaf59117705a1b45cf79f6f4337011/element'
10:47:08.323 [AsyncHttpClient-1-2] DEBUG org.asynchttpclient.netty.handler.HttpHandler - 

Request DefaultHttpRequest(decodeResult: success, version: HTTP/1.1)
POST /session/9beaf59117705a1b45cf79f6f4337011/element HTTP/1.1
User-Agent: selenium/4.1.2 (java windows)
Content-Length: 91
Content-Type: application/json; charset=utf-8
host: localhost:58179
accept: */*

Response DefaultHttpResponse(decodeResult: success, version: HTTP/1.1)
HTTP/1.1 200 OK
Content-Type: application/json; charset=utf-8
cache-control: no-cache
content-length: 88

10:47:08.323 [AsyncHttpClient-1-2] DEBUG org.asynchttpclient.netty.channel.ChannelManager - Adding key: http://localhost:58179 for channel [id: 0x5622f2de, L:/127.0.0.1:57822 - R:localhost/127.0.0.1:58179]
10:47:08.325 [Forwarding getElementTagName on session 9beaf59117705a1b45cf79f6f4337011 to remote] DEBUG org.asynchttpclient.netty.request.NettyRequestSender - Using pooled Channel '[id: 0x5622f2de, L:/127.0.0.1:57822 - R:localhost/127.0.0.1:58179]' for 'GET' to 'http://localhost:58179/session/9beaf59117705a1b45cf79f6f4337011/element/2f6d4971-36b3-435c-a2a6-c41e9d414d60/name'
10:47:08.325 [Forwarding getElementTagName on session 9beaf59117705a1b45cf79f6f4337011 to remote] DEBUG org.asynchttpclient.netty.request.NettyRequestSender - Using open Channel [id: 0x5622f2de, L:/127.0.0.1:57822 - R:localhost/127.0.0.1:58179] for GET '/session/9beaf59117705a1b45cf79f6f4337011/element/2f6d4971-36b3-435c-a2a6-c41e9d414d60/name'
10:47:08.332 [AsyncHttpClient-1-2] DEBUG org.asynchttpclient.netty.handler.HttpHandler - 

Request DefaultFullHttpRequest(decodeResult: success, version: HTTP/1.1, content: EmptyByteBufBE)
GET /session/9beaf59117705a1b45cf79f6f4337011/element/2f6d4971-36b3-435c-a2a6-c41e9d414d60/name HTTP/1.1
User-Agent: selenium/4.1.2 (java windows)
Cache-Control: no-cache
Content-Type: application/json; charset=utf-8
host: localhost:58179
accept: */*

Response DefaultHttpResponse(decodeResult: success, version: HTTP/1.1)
HTTP/1.1 200 OK
Content-Type: application/json; charset=utf-8
cache-control: no-cache
content-length: 18

10:47:08.332 [AsyncHttpClient-1-2] DEBUG org.asynchttpclient.netty.channel.ChannelManager - Adding key: http://localhost:58179 for channel [id: 0x5622f2de, L:/127.0.0.1:57822 - R:localhost/127.0.0.1:58179]
10:47:08.334 [Forwarding getElementTagName on session 9beaf59117705a1b45cf79f6f4337011 to remote] DEBUG org.asynchttpclient.netty.request.NettyRequestSender - Using pooled Channel '[id: 0x5622f2de, L:/127.0.0.1:57822 - R:localhost/127.0.0.1:58179]' for 'GET' to 'http://localhost:58179/session/9beaf59117705a1b45cf79f6f4337011/element/2f6d4971-36b3-435c-a2a6-c41e9d414d60/name'
10:47:08.334 [Forwarding getElementTagName on session 9beaf59117705a1b45cf79f6f4337011 to remote] DEBUG org.asynchttpclient.netty.request.NettyRequestSender - Using open Channel [id: 0x5622f2de, L:/127.0.0.1:57822 - R:localhost/127.0.0.1:58179] for GET '/session/9beaf59117705a1b45cf79f6f4337011/element/2f6d4971-36b3-435c-a2a6-c41e9d414d60/name'
10:47:08.340 [AsyncHttpClient-1-2] DEBUG org.asynchttpclient.netty.handler.HttpHandler - 

Request DefaultFullHttpRequest(decodeResult: success, version: HTTP/1.1, content: EmptyByteBufBE)
GET /session/9beaf59117705a1b45cf79f6f4337011/element/2f6d4971-36b3-435c-a2a6-c41e9d414d60/name HTTP/1.1
User-Agent: selenium/4.1.2 (java windows)
Cache-Control: no-cache
Content-Type: application/json; charset=utf-8
host: localhost:58179
accept: */*

Response DefaultHttpResponse(decodeResult: success, version: HTTP/1.1)
HTTP/1.1 200 OK
Content-Type: application/json; charset=utf-8
cache-control: no-cache
content-length: 18

10:47:08.340 [AsyncHttpClient-1-2] DEBUG org.asynchttpclient.netty.channel.ChannelManager - Adding key: http://localhost:58179 for channel [id: 0x5622f2de, L:/127.0.0.1:57822 - R:localhost/127.0.0.1:58179]
10:47:08.344 [Forwarding isElementEnabled on session 9beaf59117705a1b45cf79f6f4337011 to remote] DEBUG org.asynchttpclient.netty.request.NettyRequestSender - Using pooled Channel '[id: 0x5622f2de, L:/127.0.0.1:57822 - R:localhost/127.0.0.1:58179]' for 'GET' to 'http://localhost:58179/session/9beaf59117705a1b45cf79f6f4337011/element/2f6d4971-36b3-435c-a2a6-c41e9d414d60/enabled'
10:47:08.344 [Forwarding isElementEnabled on session 9beaf59117705a1b45cf79f6f4337011 to remote] DEBUG org.asynchttpclient.netty.request.NettyRequestSender - Using open Channel [id: 0x5622f2de, L:/127.0.0.1:57822 - R:localhost/127.0.0.1:58179] for GET '/session/9beaf59117705a1b45cf79f6f4337011/element/2f6d4971-36b3-435c-a2a6-c41e9d414d60/enabled'
10:47:08.358 [AsyncHttpClient-1-2] DEBUG org.asynchttpclient.netty.handler.HttpHandler - 

Request DefaultFullHttpRequest(decodeResult: success, version: HTTP/1.1, content: EmptyByteBufBE)
GET /session/9beaf59117705a1b45cf79f6f4337011/element/2f6d4971-36b3-435c-a2a6-c41e9d414d60/enabled HTTP/1.1
User-Agent: selenium/4.1.2 (java windows)
Cache-Control: no-cache
Content-Type: application/json; charset=utf-8
host: localhost:58179
accept: */*

Response DefaultHttpResponse(decodeResult: success, version: HTTP/1.1)
HTTP/1.1 200 OK
Content-Type: application/json; charset=utf-8
cache-control: no-cache
content-length: 14

10:47:08.358 [AsyncHttpClient-1-2] DEBUG org.asynchttpclient.netty.channel.ChannelManager - Adding key: http://localhost:58179 for channel [id: 0x5622f2de, L:/127.0.0.1:57822 - R:localhost/127.0.0.1:58179]
10:47:08.359 [Forwarding isElementEnabled on session 9beaf59117705a1b45cf79f6f4337011 to remote] DEBUG org.asynchttpclient.netty.request.NettyRequestSender - Using pooled Channel '[id: 0x5622f2de, L:/127.0.0.1:57822 - R:localhost/127.0.0.1:58179]' for 'GET' to 'http://localhost:58179/session/9beaf59117705a1b45cf79f6f4337011/element/2f6d4971-36b3-435c-a2a6-c41e9d414d60/enabled'
10:47:08.359 [Forwarding isElementEnabled on session 9beaf59117705a1b45cf79f6f4337011 to remote] DEBUG org.asynchttpclient.netty.request.NettyRequestSender - Using open Channel [id: 0x5622f2de, L:/127.0.0.1:57822 - R:localhost/127.0.0.1:58179] for GET '/session/9beaf59117705a1b45cf79f6f4337011/element/2f6d4971-36b3-435c-a2a6-c41e9d414d60/enabled'
10:47:08.368 [AsyncHttpClient-1-2] DEBUG org.asynchttpclient.netty.handler.HttpHandler - 

Request DefaultFullHttpRequest(decodeResult: success, version: HTTP/1.1, content: EmptyByteBufBE)
GET /session/9beaf59117705a1b45cf79f6f4337011/element/2f6d4971-36b3-435c-a2a6-c41e9d414d60/enabled HTTP/1.1
User-Agent: selenium/4.1.2 (java windows)
Cache-Control: no-cache
Content-Type: application/json; charset=utf-8
host: localhost:58179
accept: */*

Response DefaultHttpResponse(decodeResult: success, version: HTTP/1.1)
HTTP/1.1 200 OK
Content-Type: application/json; charset=utf-8
cache-control: no-cache
content-length: 14

10:47:08.368 [AsyncHttpClient-1-2] DEBUG org.asynchttpclient.netty.channel.ChannelManager - Adding key: http://localhost:58179 for channel [id: 0x5622f2de, L:/127.0.0.1:57822 - R:localhost/127.0.0.1:58179]
10:47:08.371 [Forwarding findElement on session 9beaf59117705a1b45cf79f6f4337011 to remote] DEBUG org.asynchttpclient.netty.request.NettyRequestSender - Using pooled Channel '[id: 0x5622f2de, L:/127.0.0.1:57822 - R:localhost/127.0.0.1:58179]' for 'POST' to 'http://localhost:58179/session/9beaf59117705a1b45cf79f6f4337011/element'
10:47:08.371 [Forwarding findElement on session 9beaf59117705a1b45cf79f6f4337011 to remote] DEBUG org.asynchttpclient.netty.request.NettyRequestSender - Using open Channel [id: 0x5622f2de, L:/127.0.0.1:57822 - R:localhost/127.0.0.1:58179] for POST '/session/9beaf59117705a1b45cf79f6f4337011/element'
10:47:08.382 [AsyncHttpClient-1-2] DEBUG org.asynchttpclient.netty.handler.HttpHandler - 

Request DefaultHttpRequest(decodeResult: success, version: HTTP/1.1)
POST /session/9beaf59117705a1b45cf79f6f4337011/element HTTP/1.1
User-Agent: selenium/4.1.2 (java windows)
Content-Length: 91
Content-Type: application/json; charset=utf-8
host: localhost:58179
accept: */*

Response DefaultHttpResponse(decodeResult: success, version: HTTP/1.1)
HTTP/1.1 200 OK
Content-Type: application/json; charset=utf-8
cache-control: no-cache
content-length: 88

10:47:08.382 [AsyncHttpClient-1-2] DEBUG org.asynchttpclient.netty.channel.ChannelManager - Adding key: http://localhost:58179 for channel [id: 0x5622f2de, L:/127.0.0.1:57822 - R:localhost/127.0.0.1:58179]
10:47:08.383 [Forwarding clickElement on session 9beaf59117705a1b45cf79f6f4337011 to remote] DEBUG org.asynchttpclient.netty.request.NettyRequestSender - Using pooled Channel '[id: 0x5622f2de, L:/127.0.0.1:57822 - R:localhost/127.0.0.1:58179]' for 'POST' to 'http://localhost:58179/session/9beaf59117705a1b45cf79f6f4337011/element/2f6d4971-36b3-435c-a2a6-c41e9d414d60/click'
10:47:08.383 [Forwarding clickElement on session 9beaf59117705a1b45cf79f6f4337011 to remote] DEBUG org.asynchttpclient.netty.request.NettyRequestSender - Using open Channel [id: 0x5622f2de, L:/127.0.0.1:57822 - R:localhost/127.0.0.1:58179] for POST '/session/9beaf59117705a1b45cf79f6f4337011/element/2f6d4971-36b3-435c-a2a6-c41e9d414d60/click'
10:47:08.599 [AsyncHttpClient-1-2] DEBUG org.asynchttpclient.netty.handler.HttpHandler - 

Request DefaultHttpRequest(decodeResult: success, version: HTTP/1.1)
POST /session/9beaf59117705a1b45cf79f6f4337011/element/2f6d4971-36b3-435c-a2a6-c41e9d414d60/click HTTP/1.1
User-Agent: selenium/4.1.2 (java windows)
Content-Length: 50
Content-Type: application/json; charset=utf-8
host: localhost:58179
accept: */*

Response DefaultHttpResponse(decodeResult: success, version: HTTP/1.1)
HTTP/1.1 200 OK
Content-Type: application/json; charset=utf-8
cache-control: no-cache
content-length: 14

10:47:08.599 [AsyncHttpClient-1-2] DEBUG org.asynchttpclient.netty.channel.ChannelManager - Adding key: http://localhost:58179 for channel [id: 0x5622f2de, L:/127.0.0.1:57822 - R:localhost/127.0.0.1:58179]
10:47:08.610 [Forwarding screenshot on session 9beaf59117705a1b45cf79f6f4337011 to remote] DEBUG org.asynchttpclient.netty.request.NettyRequestSender - Using pooled Channel '[id: 0x5622f2de, L:/127.0.0.1:57822 - R:localhost/127.0.0.1:58179]' for 'GET' to 'http://localhost:58179/session/9beaf59117705a1b45cf79f6f4337011/screenshot'
10:47:08.610 [Forwarding screenshot on session 9beaf59117705a1b45cf79f6f4337011 to remote] DEBUG org.asynchttpclient.netty.request.NettyRequestSender - Using open Channel [id: 0x5622f2de, L:/127.0.0.1:57822 - R:localhost/127.0.0.1:58179] for GET '/session/9beaf59117705a1b45cf79f6f4337011/screenshot'
10:47:08.809 [AsyncHttpClient-1-2] DEBUG org.asynchttpclient.netty.handler.HttpHandler - 

Request DefaultFullHttpRequest(decodeResult: success, version: HTTP/1.1, content: EmptyByteBufBE)
GET /session/9beaf59117705a1b45cf79f6f4337011/screenshot HTTP/1.1
User-Agent: selenium/4.1.2 (java windows)
Cache-Control: no-cache
Content-Type: application/json; charset=utf-8
host: localhost:58179
accept: */*

Response DefaultHttpResponse(decodeResult: success, version: HTTP/1.1)
HTTP/1.1 200 OK
Content-Type: application/json; charset=utf-8
cache-control: no-cache
content-length: 119476

10:47:08.810 [AsyncHttpClient-1-2] DEBUG org.asynchttpclient.netty.channel.ChannelManager - Adding key: http://localhost:58179 for channel [id: 0x5622f2de, L:/127.0.0.1:57822 - R:localhost/127.0.0.1:58179]
10:47:08.820 [main] DEBUG net.serenitybdd.core.photography.Darkroom - Send negative for processing for target\site\serenity\5feab4403150f09ae2c3b48fec99a01abc105a068b3c5b139e1046f74803971b.png
10:47:08.820 [main] DEBUG net.thucydides.core.steps.StepInterceptor - STEP DONE: clickEditDoctorButton
  &amp#27;[32mWhen &amp#27;[0m&amp#27;[32mI click Edit Doctor button&amp#27;[0m              &amp#27;[90m# starter.stepdefinitions.DoctorSteps.iClickEditDoctorButton()&amp#27;[0m
10:47:08.842 [Darkroom Processing Line] DEBUG net.serenitybdd.core.photography.DarkroomProcessingLine - Processing screenshot image in /var/screenshots/screenshot-17281444777697938364
10:47:08.842 [Darkroom Processing Line] DEBUG net.serenitybdd.core.photography.DarkroomProcessingLine - Saving screenshot to target\site\serenity\5feab4403150f09ae2c3b48fec99a01abc105a068b3c5b139e1046f74803971b.png
10:47:08.865 [AsyncHttpClient-1-1] DEBUG org.asynchttpclient.netty.channel.DefaultChannelPool - Entry count for : http://localhost:57823 : 1
10:47:08.865 [AsyncHttpClient-1-1] DEBUG org.asynchttpclient.netty.channel.DefaultChannelPool - Entry count for : http://localhost:58179 : 1
10:47:08.865 [main] DEBUG net.thucydides.core.steps.StepInterceptor - STARTING STEP: DoctorSteps.iChangeDoctorData - editDoctorPhoneNumber
10:47:08.872 [Forwarding findElement on session 9beaf59117705a1b45cf79f6f4337011 to remote] DEBUG org.asynchttpclient.netty.request.NettyRequestSender - Using pooled Channel '[id: 0x5622f2de, L:/127.0.0.1:57822 - R:localhost/127.0.0.1:58179]' for 'POST' to 'http://localhost:58179/session/9beaf59117705a1b45cf79f6f4337011/element'
10:47:08.872 [Forwarding findElement on session 9beaf59117705a1b45cf79f6f4337011 to remote] DEBUG org.asynchttpclient.netty.request.NettyRequestSender - Using open Channel [id: 0x5622f2de, L:/127.0.0.1:57822 - R:localhost/127.0.0.1:58179] for POST '/session/9beaf59117705a1b45cf79f6f4337011/element'
10:47:08.896 [AsyncHttpClient-1-2] DEBUG org.asynchttpclient.netty.handler.HttpHandler - 

Request DefaultHttpRequest(decodeResult: success, version: HTTP/1.1)
POST /session/9beaf59117705a1b45cf79f6f4337011/element HTTP/1.1
User-Agent: selenium/4.1.2 (java windows)
Content-Length: 139
Content-Type: application/json; charset=utf-8
host: localhost:58179
accept: */*

Response DefaultHttpResponse(decodeResult: success, version: HTTP/1.1)
HTTP/1.1 200 OK
Content-Type: application/json; charset=utf-8
cache-control: no-cache
content-length: 88

10:47:08.896 [AsyncHttpClient-1-2] DEBUG org.asynchttpclient.netty.channel.ChannelManager - Adding key: http://localhost:58179 for channel [id: 0x5622f2de, L:/127.0.0.1:57822 - R:localhost/127.0.0.1:58179]
10:47:08.898 [Forwarding getElementTagName on session 9beaf59117705a1b45cf79f6f4337011 to remote] DEBUG org.asynchttpclient.netty.request.NettyRequestSender - Using pooled Channel '[id: 0x5622f2de, L:/127.0.0.1:57822 - R:localhost/127.0.0.1:58179]' for 'GET' to 'http://localhost:58179/session/9beaf59117705a1b45cf79f6f4337011/element/f1fa81bc-feb5-4696-85b3-315bf1b7fc43/name'
10:47:08.898 [Forwarding getElementTagName on session 9beaf59117705a1b45cf79f6f4337011 to remote] DEBUG org.asynchttpclient.netty.request.NettyRequestSender - Using open Channel [id: 0x5622f2de, L:/127.0.0.1:57822 - R:localhost/127.0.0.1:58179] for GET '/session/9beaf59117705a1b45cf79f6f4337011/element/f1fa81bc-feb5-4696-85b3-315bf1b7fc43/name'
10:47:08.907 [AsyncHttpClient-1-2] DEBUG org.asynchttpclient.netty.handler.HttpHandler - 

Request DefaultFullHttpRequest(decodeResult: success, version: HTTP/1.1, content: EmptyByteBufBE)
GET /session/9beaf59117705a1b45cf79f6f4337011/element/f1fa81bc-feb5-4696-85b3-315bf1b7fc43/name HTTP/1.1
User-Agent: selenium/4.1.2 (java windows)
Cache-Control: no-cache
Content-Type: application/json; charset=utf-8
host: localhost:58179
accept: */*

Response DefaultHttpResponse(decodeResult: success, version: HTTP/1.1)
HTTP/1.1 200 OK
Content-Type: application/json; charset=utf-8
cache-control: no-cache
content-length: 17

10:47:08.908 [AsyncHttpClient-1-2] DEBUG org.asynchttpclient.netty.channel.ChannelManager - Adding key: http://localhost:58179 for channel [id: 0x5622f2de, L:/127.0.0.1:57822 - R:localhost/127.0.0.1:58179]
10:47:08.909 [Forwarding getElementTagName on session 9beaf59117705a1b45cf79f6f4337011 to remote] DEBUG org.asynchttpclient.netty.request.NettyRequestSender - Using pooled Channel '[id: 0x5622f2de, L:/127.0.0.1:57822 - R:localhost/127.0.0.1:58179]' for 'GET' to 'http://localhost:58179/session/9beaf59117705a1b45cf79f6f4337011/element/f1fa81bc-feb5-4696-85b3-315bf1b7fc43/name'
10:47:08.909 [Forwarding getElementTagName on session 9beaf59117705a1b45cf79f6f4337011 to remote] DEBUG org.asynchttpclient.netty.request.NettyRequestSender - Using open Channel [id: 0x5622f2de, L:/127.0.0.1:57822 - R:localhost/127.0.0.1:58179] for GET '/session/9beaf59117705a1b45cf79f6f4337011/element/f1fa81bc-feb5-4696-85b3-315bf1b7fc43/name'
10:47:08.915 [AsyncHttpClient-1-2] DEBUG org.asynchttpclient.netty.handler.HttpHandler - 

Request DefaultFullHttpRequest(decodeResult: success, version: HTTP/1.1, content: EmptyByteBufBE)
GET /session/9beaf59117705a1b45cf79f6f4337011/element/f1fa81bc-feb5-4696-85b3-315bf1b7fc43/name HTTP/1.1
User-Agent: selenium/4.1.2 (java windows)
Cache-Control: no-cache
Content-Type: application/json; charset=utf-8
host: localhost:58179
accept: */*

Response DefaultHttpResponse(decodeResult: success, version: HTTP/1.1)
HTTP/1.1 200 OK
Content-Type: application/json; charset=utf-8
cache-control: no-cache
content-length: 17

10:47:08.915 [AsyncHttpClient-1-2] DEBUG org.asynchttpclient.netty.channel.ChannelManager - Adding key: http://localhost:58179 for channel [id: 0x5622f2de, L:/127.0.0.1:57822 - R:localhost/127.0.0.1:58179]
10:47:08.919 [Forwarding isElementEnabled on session 9beaf59117705a1b45cf79f6f4337011 to remote] DEBUG org.asynchttpclient.netty.request.NettyRequestSender - Using pooled Channel '[id: 0x5622f2de, L:/127.0.0.1:57822 - R:localhost/127.0.0.1:58179]' for 'GET' to 'http://localhost:58179/session/9beaf59117705a1b45cf79f6f4337011/element/f1fa81bc-feb5-4696-85b3-315bf1b7fc43/enabled'
10:47:08.919 [Forwarding isElementEnabled on session 9beaf59117705a1b45cf79f6f4337011 to remote] DEBUG org.asynchttpclient.netty.request.NettyRequestSender - Using open Channel [id: 0x5622f2de, L:/127.0.0.1:57822 - R:localhost/127.0.0.1:58179] for GET '/session/9beaf59117705a1b45cf79f6f4337011/element/f1fa81bc-feb5-4696-85b3-315bf1b7fc43/enabled'
10:47:08.938 [AsyncHttpClient-1-2] DEBUG org.asynchttpclient.netty.handler.HttpHandler - 

Request DefaultFullHttpRequest(decodeResult: success, version: HTTP/1.1, content: EmptyByteBufBE)
GET /session/9beaf59117705a1b45cf79f6f4337011/element/f1fa81bc-feb5-4696-85b3-315bf1b7fc43/enabled HTTP/1.1
User-Agent: selenium/4.1.2 (java windows)
Cache-Control: no-cache
Content-Type: application/json; charset=utf-8
host: localhost:58179
accept: */*

Response DefaultHttpResponse(decodeResult: success, version: HTTP/1.1)
HTTP/1.1 200 OK
Content-Type: application/json; charset=utf-8
cache-control: no-cache
content-length: 14

10:47:08.938 [AsyncHttpClient-1-2] DEBUG org.asynchttpclient.netty.channel.ChannelManager - Adding key: http://localhost:58179 for channel [id: 0x5622f2de, L:/127.0.0.1:57822 - R:localhost/127.0.0.1:58179]
10:47:08.940 [Forwarding isElementEnabled on session 9beaf59117705a1b45cf79f6f4337011 to remote] DEBUG org.asynchttpclient.netty.request.NettyRequestSender - Using pooled Channel '[id: 0x5622f2de, L:/127.0.0.1:57822 - R:localhost/127.0.0.1:58179]' for 'GET' to 'http://localhost:58179/session/9beaf59117705a1b45cf79f6f4337011/element/f1fa81bc-feb5-4696-85b3-315bf1b7fc43/enabled'
10:47:08.940 [Forwarding isElementEnabled on session 9beaf59117705a1b45cf79f6f4337011 to remote] DEBUG org.asynchttpclient.netty.request.NettyRequestSender - Using open Channel [id: 0x5622f2de, L:/127.0.0.1:57822 - R:localhost/127.0.0.1:58179] for GET '/session/9beaf59117705a1b45cf79f6f4337011/element/f1fa81bc-feb5-4696-85b3-315bf1b7fc43/enabled'
10:47:08.949 [AsyncHttpClient-1-2] DEBUG org.asynchttpclient.netty.handler.HttpHandler - 

Request DefaultFullHttpRequest(decodeResult: success, version: HTTP/1.1, content: EmptyByteBufBE)
GET /session/9beaf59117705a1b45cf79f6f4337011/element/f1fa81bc-feb5-4696-85b3-315bf1b7fc43/enabled HTTP/1.1
User-Agent: selenium/4.1.2 (java windows)
Cache-Control: no-cache
Content-Type: application/json; charset=utf-8
host: localhost:58179
accept: */*

Response DefaultHttpResponse(decodeResult: success, version: HTTP/1.1)
HTTP/1.1 200 OK
Content-Type: application/json; charset=utf-8
cache-control: no-cache
content-length: 14

10:47:08.950 [AsyncHttpClient-1-2] DEBUG org.asynchttpclient.netty.channel.ChannelManager - Adding key: http://localhost:58179 for channel [id: 0x5622f2de, L:/127.0.0.1:57822 - R:localhost/127.0.0.1:58179]
10:47:08.954 [Forwarding findElement on session 9beaf59117705a1b45cf79f6f4337011 to remote] DEBUG org.asynchttpclient.netty.request.NettyRequestSender - Using pooled Channel '[id: 0x5622f2de, L:/127.0.0.1:57822 - R:localhost/127.0.0.1:58179]' for 'POST' to 'http://localhost:58179/session/9beaf59117705a1b45cf79f6f4337011/element'
10:47:08.954 [Forwarding findElement on session 9beaf59117705a1b45cf79f6f4337011 to remote] DEBUG org.asynchttpclient.netty.request.NettyRequestSender - Using open Channel [id: 0x5622f2de, L:/127.0.0.1:57822 - R:localhost/127.0.0.1:58179] for POST '/session/9beaf59117705a1b45cf79f6f4337011/element'
10:47:08.967 [AsyncHttpClient-1-2] DEBUG org.asynchttpclient.netty.handler.HttpHandler - 

Request DefaultHttpRequest(decodeResult: success, version: HTTP/1.1)
POST /session/9beaf59117705a1b45cf79f6f4337011/element HTTP/1.1
User-Agent: selenium/4.1.2 (java windows)
Content-Length: 139
Content-Type: application/json; charset=utf-8
host: localhost:58179
accept: */*

Response DefaultHttpResponse(decodeResult: success, version: HTTP/1.1)
HTTP/1.1 200 OK
Content-Type: application/json; charset=utf-8
cache-control: no-cache
content-length: 88

10:47:08.967 [AsyncHttpClient-1-2] DEBUG org.asynchttpclient.netty.channel.ChannelManager - Adding key: http://localhost:58179 for channel [id: 0x5622f2de, L:/127.0.0.1:57822 - R:localhost/127.0.0.1:58179]
10:47:08.968 [Forwarding clickElement on session 9beaf59117705a1b45cf79f6f4337011 to remote] DEBUG org.asynchttpclient.netty.request.NettyRequestSender - Using pooled Channel '[id: 0x5622f2de, L:/127.0.0.1:57822 - R:localhost/127.0.0.1:58179]' for 'POST' to 'http://localhost:58179/session/9beaf59117705a1b45cf79f6f4337011/element/f1fa81bc-feb5-4696-85b3-315bf1b7fc43/click'
10:47:08.968 [Forwarding clickElement on session 9beaf59117705a1b45cf79f6f4337011 to remote] DEBUG org.asynchttpclient.netty.request.NettyRequestSender - Using open Channel [id: 0x5622f2de, L:/127.0.0.1:57822 - R:localhost/127.0.0.1:58179] for POST '/session/9beaf59117705a1b45cf79f6f4337011/element/f1fa81bc-feb5-4696-85b3-315bf1b7fc43/click'
10:47:09.121 [AsyncHttpClient-1-2] DEBUG org.asynchttpclient.netty.handler.HttpHandler - 

Request DefaultHttpRequest(decodeResult: success, version: HTTP/1.1)
POST /session/9beaf59117705a1b45cf79f6f4337011/element/f1fa81bc-feb5-4696-85b3-315bf1b7fc43/click HTTP/1.1
User-Agent: selenium/4.1.2 (java windows)
Content-Length: 50
Content-Type: application/json; charset=utf-8
host: localhost:58179
accept: */*

Response DefaultHttpResponse(decodeResult: success, version: HTTP/1.1)
HTTP/1.1 200 OK
Content-Type: application/json; charset=utf-8
cache-control: no-cache
content-length: 14

10:47:09.121 [AsyncHttpClient-1-2] DEBUG org.asynchttpclient.netty.channel.ChannelManager - Adding key: http://localhost:58179 for channel [id: 0x5622f2de, L:/127.0.0.1:57822 - R:localhost/127.0.0.1:58179]
10:47:09.128 [Forwarding findElement on session 9beaf59117705a1b45cf79f6f4337011 to remote] DEBUG org.asynchttpclient.netty.request.NettyRequestSender - Using pooled Channel '[id: 0x5622f2de, L:/127.0.0.1:57822 - R:localhost/127.0.0.1:58179]' for 'POST' to 'http://localhost:58179/session/9beaf59117705a1b45cf79f6f4337011/element'
10:47:09.128 [Forwarding findElement on session 9beaf59117705a1b45cf79f6f4337011 to remote] DEBUG org.asynchttpclient.netty.request.NettyRequestSender - Using open Channel [id: 0x5622f2de, L:/127.0.0.1:57822 - R:localhost/127.0.0.1:58179] for POST '/session/9beaf59117705a1b45cf79f6f4337011/element'
10:47:09.140 [AsyncHttpClient-1-2] DEBUG org.asynchttpclient.netty.handler.HttpHandler - 

Request DefaultHttpRequest(decodeResult: success, version: HTTP/1.1)
POST /session/9beaf59117705a1b45cf79f6f4337011/element HTTP/1.1
User-Agent: selenium/4.1.2 (java windows)
Content-Length: 139
Content-Type: application/json; charset=utf-8
host: localhost:58179
accept: */*

Response DefaultHttpResponse(decodeResult: success, version: HTTP/1.1)
HTTP/1.1 200 OK
Content-Type: application/json; charset=utf-8
cache-control: no-cache
content-length: 88

10:47:09.140 [AsyncHttpClient-1-2] DEBUG org.asynchttpclient.netty.channel.ChannelManager - Adding key: http://localhost:58179 for channel [id: 0x5622f2de, L:/127.0.0.1:57822 - R:localhost/127.0.0.1:58179]
10:47:09.141 [Forwarding clearElement on session 9beaf59117705a1b45cf79f6f4337011 to remote] DEBUG org.asynchttpclient.netty.request.NettyRequestSender - Using pooled Channel '[id: 0x5622f2de, L:/127.0.0.1:57822 - R:localhost/127.0.0.1:58179]' for 'POST' to 'http://localhost:58179/session/9beaf59117705a1b45cf79f6f4337011/element/f1fa81bc-feb5-4696-85b3-315bf1b7fc43/clear'
10:47:09.141 [Forwarding clearElement on session 9beaf59117705a1b45cf79f6f4337011 to remote] DEBUG org.asynchttpclient.netty.request.NettyRequestSender - Using open Channel [id: 0x5622f2de, L:/127.0.0.1:57822 - R:localhost/127.0.0.1:58179] for POST '/session/9beaf59117705a1b45cf79f6f4337011/element/f1fa81bc-feb5-4696-85b3-315bf1b7fc43/clear'
10:47:09.193 [AsyncHttpClient-1-2] DEBUG org.asynchttpclient.netty.handler.HttpHandler - 

Request DefaultHttpRequest(decodeResult: success, version: HTTP/1.1)
POST /session/9beaf59117705a1b45cf79f6f4337011/element/f1fa81bc-feb5-4696-85b3-315bf1b7fc43/clear HTTP/1.1
User-Agent: selenium/4.1.2 (java windows)
Content-Length: 50
Content-Type: application/json; charset=utf-8
host: localhost:58179
accept: */*

Response DefaultHttpResponse(decodeResult: success, version: HTTP/1.1)
HTTP/1.1 200 OK
Content-Type: application/json; charset=utf-8
cache-control: no-cache
content-length: 14

10:47:09.193 [AsyncHttpClient-1-2] DEBUG org.asynchttpclient.netty.channel.ChannelManager - Adding key: http://localhost:58179 for channel [id: 0x5622f2de, L:/127.0.0.1:57822 - R:localhost/127.0.0.1:58179]
10:47:09.200 [Forwarding findElement on session 9beaf59117705a1b45cf79f6f4337011 to remote] DEBUG org.asynchttpclient.netty.request.NettyRequestSender - Using pooled Channel '[id: 0x5622f2de, L:/127.0.0.1:57822 - R:localhost/127.0.0.1:58179]' for 'POST' to 'http://localhost:58179/session/9beaf59117705a1b45cf79f6f4337011/element'
10:47:09.200 [Forwarding findElement on session 9beaf59117705a1b45cf79f6f4337011 to remote] DEBUG org.asynchttpclient.netty.request.NettyRequestSender - Using open Channel [id: 0x5622f2de, L:/127.0.0.1:57822 - R:localhost/127.0.0.1:58179] for POST '/session/9beaf59117705a1b45cf79f6f4337011/element'
10:47:09.212 [AsyncHttpClient-1-2] DEBUG org.asynchttpclient.netty.handler.HttpHandler - 

Request DefaultHttpRequest(decodeResult: success, version: HTTP/1.1)
POST /session/9beaf59117705a1b45cf79f6f4337011/element HTTP/1.1
User-Agent: selenium/4.1.2 (java windows)
Content-Length: 139
Content-Type: application/json; charset=utf-8
host: localhost:58179
accept: */*

Response DefaultHttpResponse(decodeResult: success, version: HTTP/1.1)
HTTP/1.1 200 OK
Content-Type: application/json; charset=utf-8
cache-control: no-cache
content-length: 88

10:47:09.212 [AsyncHttpClient-1-2] DEBUG org.asynchttpclient.netty.channel.ChannelManager - Adding key: http://localhost:58179 for channel [id: 0x5622f2de, L:/127.0.0.1:57822 - R:localhost/127.0.0.1:58179]
10:47:09.214 [Forwarding clearElement on session 9beaf59117705a1b45cf79f6f4337011 to remote] DEBUG org.asynchttpclient.netty.request.NettyRequestSender - Using pooled Channel '[id: 0x5622f2de, L:/127.0.0.1:57822 - R:localhost/127.0.0.1:58179]' for 'POST' to 'http://localhost:58179/session/9beaf59117705a1b45cf79f6f4337011/element/f1fa81bc-feb5-4696-85b3-315bf1b7fc43/clear'
10:47:09.214 [Forwarding clearElement on session 9beaf59117705a1b45cf79f6f4337011 to remote] DEBUG org.asynchttpclient.netty.request.NettyRequestSender - Using open Channel [id: 0x5622f2de, L:/127.0.0.1:57822 - R:localhost/127.0.0.1:58179] for POST '/session/9beaf59117705a1b45cf79f6f4337011/element/f1fa81bc-feb5-4696-85b3-315bf1b7fc43/clear'
10:47:09.254 [AsyncHttpClient-1-2] DEBUG org.asynchttpclient.netty.handler.HttpHandler - 

Request DefaultHttpRequest(decodeResult: success, version: HTTP/1.1)
POST /session/9beaf59117705a1b45cf79f6f4337011/element/f1fa81bc-feb5-4696-85b3-315bf1b7fc43/clear HTTP/1.1
User-Agent: selenium/4.1.2 (java windows)
Content-Length: 50
Content-Type: application/json; charset=utf-8
host: localhost:58179
accept: */*

Response DefaultHttpResponse(decodeResult: success, version: HTTP/1.1)
HTTP/1.1 200 OK
Content-Type: application/json; charset=utf-8
cache-control: no-cache
content-length: 14

10:47:09.254 [AsyncHttpClient-1-2] DEBUG org.asynchttpclient.netty.channel.ChannelManager - Adding key: http://localhost:58179 for channel [id: 0x5622f2de, L:/127.0.0.1:57822 - R:localhost/127.0.0.1:58179]
10:47:09.256 [Forwarding sendKeysToElement on session 9beaf59117705a1b45cf79f6f4337011 to remote] DEBUG org.asynchttpclient.netty.request.NettyRequestSender - Using pooled Channel '[id: 0x5622f2de, L:/127.0.0.1:57822 - R:localhost/127.0.0.1:58179]' for 'POST' to 'http://localhost:58179/session/9beaf59117705a1b45cf79f6f4337011/element/f1fa81bc-feb5-4696-85b3-315bf1b7fc43/value'
10:47:09.256 [Forwarding sendKeysToElement on session 9beaf59117705a1b45cf79f6f4337011 to remote] DEBUG org.asynchttpclient.netty.request.NettyRequestSender - Using open Channel [id: 0x5622f2de, L:/127.0.0.1:57822 - R:localhost/127.0.0.1:58179] for POST '/session/9beaf59117705a1b45cf79f6f4337011/element/f1fa81bc-feb5-4696-85b3-315bf1b7fc43/value'
10:47:09.621 [AsyncHttpClient-1-2] DEBUG org.asynchttpclient.netty.handler.HttpHandler - 

Request DefaultHttpRequest(decodeResult: success, version: HTTP/1.1)
POST /session/9beaf59117705a1b45cf79f6f4337011/element/f1fa81bc-feb5-4696-85b3-315bf1b7fc43/value HTTP/1.1
User-Agent: selenium/4.1.2 (java windows)
Content-Length: 181
Content-Type: application/json; charset=utf-8
host: localhost:58179
accept: */*

Response DefaultHttpResponse(decodeResult: success, version: HTTP/1.1)
HTTP/1.1 200 OK
Content-Type: application/json; charset=utf-8
cache-control: no-cache
content-length: 14

10:47:09.621 [AsyncHttpClient-1-2] DEBUG org.asynchttpclient.netty.channel.ChannelManager - Adding key: http://localhost:58179 for channel [id: 0x5622f2de, L:/127.0.0.1:57822 - R:localhost/127.0.0.1:58179]
10:47:09.632 [Forwarding screenshot on session 9beaf59117705a1b45cf79f6f4337011 to remote] DEBUG org.asynchttpclient.netty.request.NettyRequestSender - Using pooled Channel '[id: 0x5622f2de, L:/127.0.0.1:57822 - R:localhost/127.0.0.1:58179]' for 'GET' to 'http://localhost:58179/session/9beaf59117705a1b45cf79f6f4337011/screenshot'
10:47:09.632 [Forwarding screenshot on session 9beaf59117705a1b45cf79f6f4337011 to remote] DEBUG org.asynchttpclient.netty.request.NettyRequestSender - Using open Channel [id: 0x5622f2de, L:/127.0.0.1:57822 - R:localhost/127.0.0.1:58179] for GET '/session/9beaf59117705a1b45cf79f6f4337011/screenshot'
10:47:09.900 [AsyncHttpClient-1-2] DEBUG org.asynchttpclient.netty.handler.HttpHandler - 

Request DefaultFullHttpRequest(decodeResult: success, version: HTTP/1.1, content: EmptyByteBufBE)
GET /session/9beaf59117705a1b45cf79f6f4337011/screenshot HTTP/1.1
User-Agent: selenium/4.1.2 (java windows)
Cache-Control: no-cache
Content-Type: application/json; charset=utf-8
host: localhost:58179
accept: */*

Response DefaultHttpResponse(decodeResult: success, version: HTTP/1.1)
HTTP/1.1 200 OK
Content-Type: application/json; charset=utf-8
cache-control: no-cache
content-length: 87348

10:47:09.901 [AsyncHttpClient-1-2] DEBUG org.asynchttpclient.netty.channel.ChannelManager - Adding key: http://localhost:58179 for channel [id: 0x5622f2de, L:/127.0.0.1:57822 - R:localhost/127.0.0.1:58179]
10:47:09.907 [main] DEBUG net.serenitybdd.core.photography.Darkroom - Send negative for processing for target\site\serenity\67919d64cc3b2b3d9e46b438e215d43f6cea973f50c1b609dbd7577c46a099c4.png
10:47:09.907 [main] DEBUG net.thucydides.core.steps.StepInterceptor - STEP DONE: editDoctorPhoneNumber
10:47:09.907 [Darkroom Processing Line] DEBUG net.serenitybdd.core.photography.DarkroomProcessingLine - Processing screenshot image in /var/screenshots/screenshot-11064653143611529953
10:47:09.908 [Darkroom Processing Line] DEBUG net.serenitybdd.core.photography.DarkroomProcessingLine - Saving screenshot to target\site\serenity\67919d64cc3b2b3d9e46b438e215d43f6cea973f50c1b609dbd7577c46a099c4.png
10:47:09.918 [main] DEBUG net.thucydides.core.steps.StepInterceptor - STARTING STEP: DoctorSteps.iChangeDoctorData - clickSubmitButton
10:47:09.924 [Forwarding findElement on session 9beaf59117705a1b45cf79f6f4337011 to remote] DEBUG org.asynchttpclient.netty.request.NettyRequestSender - Using pooled Channel '[id: 0x5622f2de, L:/127.0.0.1:57822 - R:localhost/127.0.0.1:58179]' for 'POST' to 'http://localhost:58179/session/9beaf59117705a1b45cf79f6f4337011/element'
10:47:09.924 [Forwarding findElement on session 9beaf59117705a1b45cf79f6f4337011 to remote] DEBUG org.asynchttpclient.netty.request.NettyRequestSender - Using open Channel [id: 0x5622f2de, L:/127.0.0.1:57822 - R:localhost/127.0.0.1:58179] for POST '/session/9beaf59117705a1b45cf79f6f4337011/element'
10:47:09.964 [AsyncHttpClient-1-1] DEBUG org.asynchttpclient.netty.channel.DefaultChannelPool - Entry count for : http://localhost:57823 : 1
10:47:10.125 [AsyncHttpClient-1-2] DEBUG org.asynchttpclient.netty.handler.HttpHandler - 

Request DefaultHttpRequest(decodeResult: success, version: HTTP/1.1)
POST /session/9beaf59117705a1b45cf79f6f4337011/element HTTP/1.1
User-Agent: selenium/4.1.2 (java windows)
Content-Length: 116
Content-Type: application/json; charset=utf-8
host: localhost:58179
accept: */*

Response DefaultHttpResponse(decodeResult: success, version: HTTP/1.1)
HTTP/1.1 200 OK
Content-Type: application/json; charset=utf-8
cache-control: no-cache
content-length: 88

10:47:10.125 [AsyncHttpClient-1-2] DEBUG org.asynchttpclient.netty.channel.ChannelManager - Adding key: http://localhost:58179 for channel [id: 0x5622f2de, L:/127.0.0.1:57822 - R:localhost/127.0.0.1:58179]
10:47:10.127 [Forwarding getElementTagName on session 9beaf59117705a1b45cf79f6f4337011 to remote] DEBUG org.asynchttpclient.netty.request.NettyRequestSender - Using pooled Channel '[id: 0x5622f2de, L:/127.0.0.1:57822 - R:localhost/127.0.0.1:58179]' for 'GET' to 'http://localhost:58179/session/9beaf59117705a1b45cf79f6f4337011/element/87f202fc-6eb3-4a74-b39f-eb24f6e8062c/name'
10:47:10.127 [Forwarding getElementTagName on session 9beaf59117705a1b45cf79f6f4337011 to remote] DEBUG org.asynchttpclient.netty.request.NettyRequestSender - Using open Channel [id: 0x5622f2de, L:/127.0.0.1:57822 - R:localhost/127.0.0.1:58179] for GET '/session/9beaf59117705a1b45cf79f6f4337011/element/87f202fc-6eb3-4a74-b39f-eb24f6e8062c/name'
10:47:10.133 [AsyncHttpClient-1-2] DEBUG org.asynchttpclient.netty.handler.HttpHandler - 

Request DefaultFullHttpRequest(decodeResult: success, version: HTTP/1.1, content: EmptyByteBufBE)
GET /session/9beaf59117705a1b45cf79f6f4337011/element/87f202fc-6eb3-4a74-b39f-eb24f6e8062c/name HTTP/1.1
User-Agent: selenium/4.1.2 (java windows)
Cache-Control: no-cache
Content-Type: application/json; charset=utf-8
host: localhost:58179
accept: */*

Response DefaultHttpResponse(decodeResult: success, version: HTTP/1.1)
HTTP/1.1 200 OK
Content-Type: application/json; charset=utf-8
cache-control: no-cache
content-length: 18

10:47:10.133 [AsyncHttpClient-1-2] DEBUG org.asynchttpclient.netty.channel.ChannelManager - Adding key: http://localhost:58179 for channel [id: 0x5622f2de, L:/127.0.0.1:57822 - R:localhost/127.0.0.1:58179]
10:47:10.135 [Forwarding getElementTagName on session 9beaf59117705a1b45cf79f6f4337011 to remote] DEBUG org.asynchttpclient.netty.request.NettyRequestSender - Using pooled Channel '[id: 0x5622f2de, L:/127.0.0.1:57822 - R:localhost/127.0.0.1:58179]' for 'GET' to 'http://localhost:58179/session/9beaf59117705a1b45cf79f6f4337011/element/87f202fc-6eb3-4a74-b39f-eb24f6e8062c/name'
10:47:10.135 [Forwarding getElementTagName on session 9beaf59117705a1b45cf79f6f4337011 to remote] DEBUG org.asynchttpclient.netty.request.NettyRequestSender - Using open Channel [id: 0x5622f2de, L:/127.0.0.1:57822 - R:localhost/127.0.0.1:58179] for GET '/session/9beaf59117705a1b45cf79f6f4337011/element/87f202fc-6eb3-4a74-b39f-eb24f6e8062c/name'
10:47:10.140 [AsyncHttpClient-1-2] DEBUG org.asynchttpclient.netty.handler.HttpHandler - 

Request DefaultFullHttpRequest(decodeResult: success, version: HTTP/1.1, content: EmptyByteBufBE)
GET /session/9beaf59117705a1b45cf79f6f4337011/element/87f202fc-6eb3-4a74-b39f-eb24f6e8062c/name HTTP/1.1
User-Agent: selenium/4.1.2 (java windows)
Cache-Control: no-cache
Content-Type: application/json; charset=utf-8
host: localhost:58179
accept: */*

Response DefaultHttpResponse(decodeResult: success, version: HTTP/1.1)
HTTP/1.1 200 OK
Content-Type: application/json; charset=utf-8
cache-control: no-cache
content-length: 18

10:47:10.140 [AsyncHttpClient-1-2] DEBUG org.asynchttpclient.netty.channel.ChannelManager - Adding key: http://localhost:58179 for channel [id: 0x5622f2de, L:/127.0.0.1:57822 - R:localhost/127.0.0.1:58179]
10:47:10.144 [Forwarding isElementEnabled on session 9beaf59117705a1b45cf79f6f4337011 to remote] DEBUG org.asynchttpclient.netty.request.NettyRequestSender - Using pooled Channel '[id: 0x5622f2de, L:/127.0.0.1:57822 - R:localhost/127.0.0.1:58179]' for 'GET' to 'http://localhost:58179/session/9beaf59117705a1b45cf79f6f4337011/element/87f202fc-6eb3-4a74-b39f-eb24f6e8062c/enabled'
10:47:10.144 [Forwarding isElementEnabled on session 9beaf59117705a1b45cf79f6f4337011 to remote] DEBUG org.asynchttpclient.netty.request.NettyRequestSender - Using open Channel [id: 0x5622f2de, L:/127.0.0.1:57822 - R:localhost/127.0.0.1:58179] for GET '/session/9beaf59117705a1b45cf79f6f4337011/element/87f202fc-6eb3-4a74-b39f-eb24f6e8062c/enabled'
10:47:10.157 [AsyncHttpClient-1-2] DEBUG org.asynchttpclient.netty.handler.HttpHandler - 

Request DefaultFullHttpRequest(decodeResult: success, version: HTTP/1.1, content: EmptyByteBufBE)
GET /session/9beaf59117705a1b45cf79f6f4337011/element/87f202fc-6eb3-4a74-b39f-eb24f6e8062c/enabled HTTP/1.1
User-Agent: selenium/4.1.2 (java windows)
Cache-Control: no-cache
Content-Type: application/json; charset=utf-8
host: localhost:58179
accept: */*

Response DefaultHttpResponse(decodeResult: success, version: HTTP/1.1)
HTTP/1.1 200 OK
Content-Type: application/json; charset=utf-8
cache-control: no-cache
content-length: 14

10:47:10.158 [AsyncHttpClient-1-2] DEBUG org.asynchttpclient.netty.channel.ChannelManager - Adding key: http://localhost:58179 for channel [id: 0x5622f2de, L:/127.0.0.1:57822 - R:localhost/127.0.0.1:58179]
10:47:10.159 [Forwarding isElementEnabled on session 9beaf59117705a1b45cf79f6f4337011 to remote] DEBUG org.asynchttpclient.netty.request.NettyRequestSender - Using pooled Channel '[id: 0x5622f2de, L:/127.0.0.1:57822 - R:localhost/127.0.0.1:58179]' for 'GET' to 'http://localhost:58179/session/9beaf59117705a1b45cf79f6f4337011/element/87f202fc-6eb3-4a74-b39f-eb24f6e8062c/enabled'
10:47:10.159 [Forwarding isElementEnabled on session 9beaf59117705a1b45cf79f6f4337011 to remote] DEBUG org.asynchttpclient.netty.request.NettyRequestSender - Using open Channel [id: 0x5622f2de, L:/127.0.0.1:57822 - R:localhost/127.0.0.1:58179] for GET '/session/9beaf59117705a1b45cf79f6f4337011/element/87f202fc-6eb3-4a74-b39f-eb24f6e8062c/enabled'
10:47:10.168 [AsyncHttpClient-1-2] DEBUG org.asynchttpclient.netty.handler.HttpHandler - 

Request DefaultFullHttpRequest(decodeResult: success, version: HTTP/1.1, content: EmptyByteBufBE)
GET /session/9beaf59117705a1b45cf79f6f4337011/element/87f202fc-6eb3-4a74-b39f-eb24f6e8062c/enabled HTTP/1.1
User-Agent: selenium/4.1.2 (java windows)
Cache-Control: no-cache
Content-Type: application/json; charset=utf-8
host: localhost:58179
accept: */*

Response DefaultHttpResponse(decodeResult: success, version: HTTP/1.1)
HTTP/1.1 200 OK
Content-Type: application/json; charset=utf-8
cache-control: no-cache
content-length: 14

10:47:10.168 [AsyncHttpClient-1-2] DEBUG org.asynchttpclient.netty.channel.ChannelManager - Adding key: http://localhost:58179 for channel [id: 0x5622f2de, L:/127.0.0.1:57822 - R:localhost/127.0.0.1:58179]
10:47:10.171 [Forwarding findElement on session 9beaf59117705a1b45cf79f6f4337011 to remote] DEBUG org.asynchttpclient.netty.request.NettyRequestSender - Using pooled Channel '[id: 0x5622f2de, L:/127.0.0.1:57822 - R:localhost/127.0.0.1:58179]' for 'POST' to 'http://localhost:58179/session/9beaf59117705a1b45cf79f6f4337011/element'
10:47:10.171 [Forwarding findElement on session 9beaf59117705a1b45cf79f6f4337011 to remote] DEBUG org.asynchttpclient.netty.request.NettyRequestSender - Using open Channel [id: 0x5622f2de, L:/127.0.0.1:57822 - R:localhost/127.0.0.1:58179] for POST '/session/9beaf59117705a1b45cf79f6f4337011/element'
10:47:10.182 [AsyncHttpClient-1-2] DEBUG org.asynchttpclient.netty.handler.HttpHandler - 

Request DefaultHttpRequest(decodeResult: success, version: HTTP/1.1)
POST /session/9beaf59117705a1b45cf79f6f4337011/element HTTP/1.1
User-Agent: selenium/4.1.2 (java windows)
Content-Length: 116
Content-Type: application/json; charset=utf-8
host: localhost:58179
accept: */*

Response DefaultHttpResponse(decodeResult: success, version: HTTP/1.1)
HTTP/1.1 200 OK
Content-Type: application/json; charset=utf-8
cache-control: no-cache
content-length: 88

10:47:10.183 [AsyncHttpClient-1-2] DEBUG org.asynchttpclient.netty.channel.ChannelManager - Adding key: http://localhost:58179 for channel [id: 0x5622f2de, L:/127.0.0.1:57822 - R:localhost/127.0.0.1:58179]
10:47:10.184 [Forwarding clickElement on session 9beaf59117705a1b45cf79f6f4337011 to remote] DEBUG org.asynchttpclient.netty.request.NettyRequestSender - Using pooled Channel '[id: 0x5622f2de, L:/127.0.0.1:57822 - R:localhost/127.0.0.1:58179]' for 'POST' to 'http://localhost:58179/session/9beaf59117705a1b45cf79f6f4337011/element/87f202fc-6eb3-4a74-b39f-eb24f6e8062c/click'
10:47:10.184 [Forwarding clickElement on session 9beaf59117705a1b45cf79f6f4337011 to remote] DEBUG org.asynchttpclient.netty.request.NettyRequestSender - Using open Channel [id: 0x5622f2de, L:/127.0.0.1:57822 - R:localhost/127.0.0.1:58179] for POST '/session/9beaf59117705a1b45cf79f6f4337011/element/87f202fc-6eb3-4a74-b39f-eb24f6e8062c/click'
10:47:10.300 [AsyncHttpClient-1-2] DEBUG org.asynchttpclient.netty.handler.HttpHandler - 

Request DefaultHttpRequest(decodeResult: success, version: HTTP/1.1)
POST /session/9beaf59117705a1b45cf79f6f4337011/element/87f202fc-6eb3-4a74-b39f-eb24f6e8062c/click HTTP/1.1
User-Agent: selenium/4.1.2 (java windows)
Content-Length: 50
Content-Type: application/json; charset=utf-8
host: localhost:58179
accept: */*

Response DefaultHttpResponse(decodeResult: success, version: HTTP/1.1)
HTTP/1.1 200 OK
Content-Type: application/json; charset=utf-8
cache-control: no-cache
content-length: 14

10:47:10.300 [AsyncHttpClient-1-2] DEBUG org.asynchttpclient.netty.channel.ChannelManager - Adding key: http://localhost:58179 for channel [id: 0x5622f2de, L:/127.0.0.1:57822 - R:localhost/127.0.0.1:58179]
10:47:10.311 [Forwarding screenshot on session 9beaf59117705a1b45cf79f6f4337011 to remote] DEBUG org.asynchttpclient.netty.request.NettyRequestSender - Using pooled Channel '[id: 0x5622f2de, L:/127.0.0.1:57822 - R:localhost/127.0.0.1:58179]' for 'GET' to 'http://localhost:58179/session/9beaf59117705a1b45cf79f6f4337011/screenshot'
10:47:10.311 [Forwarding screenshot on session 9beaf59117705a1b45cf79f6f4337011 to remote] DEBUG org.asynchttpclient.netty.request.NettyRequestSender - Using open Channel [id: 0x5622f2de, L:/127.0.0.1:57822 - R:localhost/127.0.0.1:58179] for GET '/session/9beaf59117705a1b45cf79f6f4337011/screenshot'
10:47:10.509 [AsyncHttpClient-1-2] DEBUG org.asynchttpclient.netty.handler.HttpHandler - 

Request DefaultFullHttpRequest(decodeResult: success, version: HTTP/1.1, content: EmptyByteBufBE)
GET /session/9beaf59117705a1b45cf79f6f4337011/screenshot HTTP/1.1
User-Agent: selenium/4.1.2 (java windows)
Cache-Control: no-cache
Content-Type: application/json; charset=utf-8
host: localhost:58179
accept: */*

Response DefaultHttpResponse(decodeResult: success, version: HTTP/1.1)
HTTP/1.1 200 OK
Content-Type: application/json; charset=utf-8
cache-control: no-cache
content-length: 87000

10:47:10.510 [AsyncHttpClient-1-2] DEBUG org.asynchttpclient.netty.channel.ChannelManager - Adding key: http://localhost:58179 for channel [id: 0x5622f2de, L:/127.0.0.1:57822 - R:localhost/127.0.0.1:58179]
10:47:10.517 [main] DEBUG net.serenitybdd.core.photography.Darkroom - Send negative for processing for target\site\serenity\7d0babad35bbe73c6d86b2d49b845ce496b6c0786610c5c5b62e1144ae635b4e.png
10:47:10.517 [main] DEBUG net.thucydides.core.steps.StepInterceptor - STEP DONE: clickSubmitButton
  &amp#27;[32mAnd &amp#27;[0m&amp#27;[32mI change doctor data&amp#27;[0m                     &amp#27;[90m# starter.stepdefinitions.DoctorSteps.iChangeDoctorData()&amp#27;[0m
10:47:10.517 [Darkroom Processing Line] DEBUG net.serenitybdd.core.photography.DarkroomProcessingLine - Processing screenshot image in /var/screenshots/screenshot-13398794115476301205
10:47:10.518 [Darkroom Processing Line] DEBUG net.serenitybdd.core.photography.DarkroomProcessingLine - Saving screenshot to target\site\serenity\7d0babad35bbe73c6d86b2d49b845ce496b6c0786610c5c5b62e1144ae635b4e.png
10:47:10.538 [Forwarding findElement on session 9beaf59117705a1b45cf79f6f4337011 to remote] DEBUG org.asynchttpclient.netty.request.NettyRequestSender - Using pooled Channel '[id: 0x5622f2de, L:/127.0.0.1:57822 - R:localhost/127.0.0.1:58179]' for 'POST' to 'http://localhost:58179/session/9beaf59117705a1b45cf79f6f4337011/element'
10:47:10.538 [Forwarding findElement on session 9beaf59117705a1b45cf79f6f4337011 to remote] DEBUG org.asynchttpclient.netty.request.NettyRequestSender - Using open Channel [id: 0x5622f2de, L:/127.0.0.1:57822 - R:localhost/127.0.0.1:58179] for POST '/session/9beaf59117705a1b45cf79f6f4337011/element'
10:47:11.065 [AsyncHttpClient-1-1] DEBUG org.asynchttpclient.netty.channel.DefaultChannelPool - Entry count for : http://localhost:57823 : 1
10:47:12.144 [AsyncHttpClient-1-2] DEBUG org.asynchttpclient.netty.handler.HttpHandler - 

Request DefaultHttpRequest(decodeResult: success, version: HTTP/1.1)
POST /session/9beaf59117705a1b45cf79f6f4337011/element HTTP/1.1
User-Agent: selenium/4.1.2 (java windows)
Content-Length: 74
Content-Type: application/json; charset=utf-8
host: localhost:58179
accept: */*

Response DefaultHttpResponse(decodeResult: success, version: HTTP/1.1)
HTTP/1.1 200 OK
Content-Type: application/json; charset=utf-8
cache-control: no-cache
content-length: 88

10:47:12.144 [AsyncHttpClient-1-2] DEBUG org.asynchttpclient.netty.channel.ChannelManager - Adding key: http://localhost:58179 for channel [id: 0x5622f2de, L:/127.0.0.1:57822 - R:localhost/127.0.0.1:58179]
10:47:12.150 [Forwarding isElementDisplayed on session 9beaf59117705a1b45cf79f6f4337011 to remote] DEBUG org.asynchttpclient.netty.request.NettyRequestSender - Using pooled Channel '[id: 0x5622f2de, L:/127.0.0.1:57822 - R:localhost/127.0.0.1:58179]' for 'POST' to 'http://localhost:58179/session/9beaf59117705a1b45cf79f6f4337011/execute/sync'
10:47:12.150 [Forwarding isElementDisplayed on session 9beaf59117705a1b45cf79f6f4337011 to remote] DEBUG org.asynchttpclient.netty.request.NettyRequestSender - Using open Channel [id: 0x5622f2de, L:/127.0.0.1:57822 - R:localhost/127.0.0.1:58179] for POST '/session/9beaf59117705a1b45cf79f6f4337011/execute/sync'
10:47:12.163 [AsyncHttpClient-1-1] DEBUG org.asynchttpclient.netty.channel.DefaultChannelPool - Entry count for : http://localhost:57823 : 1
10:47:12.173 [AsyncHttpClient-1-2] DEBUG org.asynchttpclient.netty.handler.HttpHandler - 

Request DefaultHttpRequest(decodeResult: success, version: HTTP/1.1)
POST /session/9beaf59117705a1b45cf79f6f4337011/execute/sync HTTP/1.1
User-Agent: selenium/4.1.2 (java windows)
Content-Length: 48780
Content-Type: application/json; charset=utf-8
host: localhost:58179
accept: */*

Response DefaultHttpResponse(decodeResult: success, version: HTTP/1.1)
HTTP/1.1 200 OK
Content-Type: application/json; charset=utf-8
cache-control: no-cache
content-length: 15

10:47:12.173 [AsyncHttpClient-1-2] DEBUG org.asynchttpclient.netty.channel.ChannelManager - Adding key: http://localhost:58179 for channel [id: 0x5622f2de, L:/127.0.0.1:57822 - R:localhost/127.0.0.1:58179]
  &amp#27;[32mThen &amp#27;[0m&amp#27;[32mI get Edit Doctor has been added result&amp#27;[0m &amp#27;[90m# starter.stepdefinitions.DoctorSteps.iGetEditDoctorHasBeenAddedResult()&amp#27;[0m
10:47:12.180 [Forwarding screenshot on session 9beaf59117705a1b45cf79f6f4337011 to remote] DEBUG org.asynchttpclient.netty.request.NettyRequestSender - Using pooled Channel '[id: 0x5622f2de, L:/127.0.0.1:57822 - R:localhost/127.0.0.1:58179]' for 'GET' to 'http://localhost:58179/session/9beaf59117705a1b45cf79f6f4337011/screenshot'
10:47:12.180 [Forwarding screenshot on session 9beaf59117705a1b45cf79f6f4337011 to remote] DEBUG org.asynchttpclient.netty.request.NettyRequestSender - Using open Channel [id: 0x5622f2de, L:/127.0.0.1:57822 - R:localhost/127.0.0.1:58179] for GET '/session/9beaf59117705a1b45cf79f6f4337011/screenshot'
10:47:12.347 [AsyncHttpClient-1-2] DEBUG org.asynchttpclient.netty.handler.HttpHandler - 

Request DefaultFullHttpRequest(decodeResult: success, version: HTTP/1.1, content: EmptyByteBufBE)
GET /session/9beaf59117705a1b45cf79f6f4337011/screenshot HTTP/1.1
User-Agent: selenium/4.1.2 (java windows)
Cache-Control: no-cache
Content-Type: application/json; charset=utf-8
host: localhost:58179
accept: */*

Response DefaultHttpResponse(decodeResult: success, version: HTTP/1.1)
HTTP/1.1 200 OK
Content-Type: application/json; charset=utf-8
cache-control: no-cache
content-length: 103996

10:47:12.348 [AsyncHttpClient-1-2] DEBUG org.asynchttpclient.netty.channel.ChannelManager - Adding key: http://localhost:58179 for channel [id: 0x5622f2de, L:/127.0.0.1:57822 - R:localhost/127.0.0.1:58179]
10:47:12.354 [main] DEBUG net.serenitybdd.core.photography.Darkroom - Send negative for processing for target\site\serenity\b0869e59368c7174e238a9b52accc94fb117135644cef0f87dde15c9f31d062f.png
10:47:12.355 [Darkroom Processing Line] DEBUG net.serenitybdd.core.photography.DarkroomProcessingLine - Processing screenshot image in /var/screenshots/screenshot-3888058902627673377
10:47:12.355 [Darkroom Processing Line] DEBUG net.serenitybdd.core.photography.DarkroomProcessingLine - Saving screenshot to target\site\serenity\b0869e59368c7174e238a9b52accc94fb117135644cef0f87dde15c9f31d062f.png
10:47:12.356 [main] INFO  - 
  _____   ___   ___   _____     ___     _     ___   ___   ___   ___  
 |_   _| | __| / __| |_   _|   | _ \   /_\   / __| / __| | __| |   \ 
   | |   | _|  \__ \   | |     |  _/  / _ \  \__ \ \__ \ | _|  | |) |
   |_|   |___| |___/   |_|     |_|   /_/ \_\ |___/ |___/ |___| |___/ 

Edit Doctor Data Scenario
----------------------------------------------------------------------
10:47:12.358 [AsyncHttpClient-1-4] DEBUG org.asynchttpclient.netty.handler.WebSocketHandler - Channel Closed: [id: 0xa86d515f, L:/127.0.0.1:57829 ! R:localhost/127.0.0.1:57823] with attribute NettyResponseFuture{currentRetry=5,
	isDone=1,
	isCancelled=0,
	asyncHandler=org.asynchttpclient.ws.WebSocketUpgradeHandler@3e684d78,
	nettyRequest=org.asynchttpclient.netty.request.NettyRequest@5c48a8a2,
	future=java.util.concurrent.CompletableFuture@66b5ca0d[Completed normally],
	uri=ws://localhost:57823/devtools/browser/b29146d1-fca3-4c9f-b45e-842f8e9ede7c,
	keepAlive=true,
	redirectCount=0,
	timeoutsHolder=null,
	inAuth=0,
	touch=1655783223872}
10:47:12.358 [AsyncHttpClient-1-4] DEBUG org.asynchttpclient.netty.channel.ChannelManager - Closing Channel [id: 0xa86d515f, L:/127.0.0.1:57829 ! R:localhost/127.0.0.1:57823] 
10:47:12.358 [Driver Command Executor] DEBUG org.asynchttpclient.netty.request.NettyRequestSender - Using pooled Channel '[id: 0x5622f2de, L:/127.0.0.1:57822 - R:localhost/127.0.0.1:58179]' for 'DELETE' to 'http://localhost:58179/session/9beaf59117705a1b45cf79f6f4337011'
10:47:12.358 [Driver Command Executor] DEBUG org.asynchttpclient.netty.request.NettyRequestSender - Using open Channel [id: 0x5622f2de, L:/127.0.0.1:57822 - R:localhost/127.0.0.1:58179] for DELETE '/session/9beaf59117705a1b45cf79f6f4337011'
10:47:12.554 [AsyncHttpClient-1-3] DEBUG org.asynchttpclient.netty.handler.HttpHandler - Unexpected I/O exception on channel [id: 0x3b2a5682, L:/127.0.0.1:57828 - R:localhost/127.0.0.1:57823]
java.net.SocketException: Connection reset
	at java.base/sun.nio.ch.SocketChannelImpl.throwConnectionReset(SocketChannelImpl.java:367)
	at java.base/sun.nio.ch.SocketChannelImpl.read(SocketChannelImpl.java:398)
	at io.netty.buffer.PooledByteBuf.setBytes(PooledByteBuf.java:258)
	at io.netty.buffer.AbstractByteBuf.writeBytes(AbstractByteBuf.java:1132)
	at io.netty.channel.socket.nio.NioSocketChannel.doReadBytes(NioSocketChannel.java:350)
	at io.netty.channel.nio.AbstractNioByteChannel$NioByteUnsafe.read(AbstractNioByteChannel.java:151)
	at io.netty.channel.nio.NioEventLoop.processSelectedKey(NioEventLoop.java:722)
	at io.netty.channel.nio.NioEventLoop.processSelectedKeysOptimized(NioEventLoop.java:658)
	at io.netty.channel.nio.NioEventLoop.processSelectedKeys(NioEventLoop.java:584)
	at io.netty.channel.nio.NioEventLoop.run(NioEventLoop.java:496)
	at io.netty.util.concurrent.SingleThreadEventExecutor$4.run(SingleThreadEventExecutor.java:986)
	at io.netty.util.internal.ThreadExecutorMap$2.run(ThreadExecutorMap.java:74)
	at io.netty.util.concurrent.FastThreadLocalRunnable.run(FastThreadLocalRunnable.java:30)
	at java.base/java.lang.Thread.run(Thread.java:832)
10:47:12.555 [AsyncHttpClient-1-3] DEBUG org.asynchttpclient.netty.channel.ChannelManager - Closing Channel [id: 0x3b2a5682, L:/127.0.0.1:57828 - R:localhost/127.0.0.1:57823] 
10:47:12.555 [AsyncHttpClient-1-3] DEBUG org.asynchttpclient.netty.handler.HttpHandler - Channel Closed: [id: 0x3b2a5682, L:/127.0.0.1:57828 ! R:localhost/127.0.0.1:57823] with attribute DISCARD
10:47:12.580 [AsyncHttpClient-1-2] DEBUG org.asynchttpclient.netty.handler.HttpHandler - 

Request DefaultFullHttpRequest(decodeResult: success, version: HTTP/1.1, content: EmptyByteBufBE)
DELETE /session/9beaf59117705a1b45cf79f6f4337011 HTTP/1.1
User-Agent: selenium/4.1.2 (java windows)
Content-Type: application/json; charset=utf-8
host: localhost:58179
accept: */*

Response DefaultHttpResponse(decodeResult: success, version: HTTP/1.1)
HTTP/1.1 200 OK
Content-Type: application/json; charset=utf-8
cache-control: no-cache
content-length: 14

10:47:12.580 [AsyncHttpClient-1-2] DEBUG org.asynchttpclient.netty.channel.ChannelManager - Adding key: http://localhost:58179 for channel [id: 0x5622f2de, L:/127.0.0.1:57822 - R:localhost/127.0.0.1:58179]
10:47:12.818 [AsyncHttpClient-1-2] DEBUG org.asynchttpclient.netty.handler.HttpHandler - Channel Closed: [id: 0x5622f2de, L:/127.0.0.1:57822 ! R:localhost/127.0.0.1:58179] with attribute DISCARD
10:47:13.264 [AsyncHttpClient-1-1] DEBUG org.asynchttpclient.netty.channel.DefaultChannelPool - Entry count for : http://localhost:57823 : 1
10:47:13.264 [AsyncHttpClient-1-1] DEBUG org.asynchttpclient.netty.channel.DefaultChannelPool - Entry count for : http://localhost:58179 : 1
10:47:13.264 [AsyncHttpClient-1-1] DEBUG org.asynchttpclient.netty.channel.DefaultChannelPool - Adding Candidate expired Channel [id: 0x3b2a5682, L:/127.0.0.1:57828 ! R:localhost/127.0.0.1:57823] isIdleTimeoutExpired=false isRemotelyClosed=true isTtlExpired=false
10:47:13.264 [AsyncHttpClient-1-1] DEBUG org.asynchttpclient.netty.channel.DefaultChannelPool - Closing Idle Channel [id: 0x3b2a5682, L:/127.0.0.1:57828 ! R:localhost/127.0.0.1:57823]
10:47:13.264 [AsyncHttpClient-1-1] DEBUG org.asynchttpclient.netty.channel.DefaultChannelPool - Adding Candidate expired Channel [id: 0x5622f2de, L:/127.0.0.1:57822 ! R:localhost/127.0.0.1:58179] isIdleTimeoutExpired=false isRemotelyClosed=true isTtlExpired=false
10:47:13.264 [AsyncHttpClient-1-1] DEBUG org.asynchttpclient.netty.channel.DefaultChannelPool - Closing Idle Channel [id: 0x5622f2de, L:/127.0.0.1:57822 ! R:localhost/127.0.0.1:58179]
10:47:13.264 [AsyncHttpClient-1-1] DEBUG org.asynchttpclient.netty.channel.DefaultChannelPool - Closed 2 connections out of 2 in 0 ms
]]></system-out>
    <system-err><![CDATA[Starting ChromeDriver 102.0.5005.61 (0e59bcc00cc4985ce39ad31c150065f159d95ad3-refs/branch-heads/5005@{#819}) on port 58179
Only local connections are allowed.
Please see https://chromedriver.chromium.org/security-considerations for suggestions on keeping ChromeDriver safe.
ChromeDriver was started successfully.
Jun 21, 2022 10:47:03 AM org.openqa.selenium.remote.ProtocolHandshake createSession
INFO: Detected dialect: W3C
Jun 21, 2022 10:47:03 AM org.openqa.selenium.devtools.CdpVersionFinder findNearestMatch
WARNING: Unable to find an exact match for CDP version 102, so returning the closest version found: a no-op implementation
Jun 21, 2022 10:47:03 AM org.openqa.selenium.devtools.CdpVersionFinder findNearestMatch
INFO: Unable to find CDP implementation matching 102.
Jun 21, 2022 10:47:03 AM org.openqa.selenium.chromium.ChromiumDriver lambda$new$3
WARNING: Unable to find version of CDP to use for . You may need to include a dependency on a specific version of the CDP using something similar to `org.seleniumhq.selenium:selenium-devtools-v86:4.1.2` where the version ("v86") matches the version of the chromium-based browser you're using and the version number of the artifact is the same as Selenium's.
]]></system-err>
  </testcase>
  <testcase name="Cancel Edit Doctor Data Scenario" classname="Doctor" time="10.983">
    <system-out><![CDATA[
@Doctor
Scenario: Cancel Edit Doctor Data Scenario &amp#27;[90m# src/test/resources/features/3.Doctor.feature:32&amp#27;[0m
10:47:13.368 [main] INFO io.cucumber.core.plugin.SerenityReporter - Running feature from file:///E:/My%20Documents/File%20Difa/TI%20Semester%206%20Kampus%20Merdeka%20Alterra/Tugas/CAPSTONE%20Project/Capstone-Project-Website/src/test/resources/features/3.Doctor.feature
10:47:13.378 [main] INFO  - 
  _____   ___   ___   _____     ___   _____     _     ___   _____   ___   ___  
 |_   _| | __| / __| |_   _|   / __| |_   _|   /_\   | _ \ |_   _| | __| |   \ 
   | |   | _|  \__ \   | |     \__ \   | |    / _ \  |   /   | |   | _|  | |) |
   |_|   |___| |___/   |_|     |___/   |_|   /_/ \_\ |_|_\   |_|   |___| |___/ 

Cancel Edit Doctor Data Scenario(doctor;cancel-edit-doctor-data-scenario)
--------------------------------------------------------------------------------
10:47:13.418 [main] DEBUG net.thucydides.core.steps.StepInterceptor - STARTING STEP: DoctorSteps.iAmAtTheDashboardPage - openUrl
10:47:13.421 [main] INFO net.serenitybdd.core.webdriver.driverproviders.ChromeDriverProvider - Using automatically driver download
10:47:13.626 [main] DEBUG io.github.bonigarcia.wdm.cache.ResolutionCache - Resolution chrome=102 in cache (valid until 11:37:46 21/06/2022 ICT)
10:47:13.629 [main] DEBUG io.github.bonigarcia.wdm.cache.ResolutionCache - Resolution chrome102=102.0.5005.61 in cache (valid until 09:22:16 22/06/2022 ICT)
10:47:13.631 [main] INFO io.github.bonigarcia.wdm.WebDriverManager - Using chromedriver 102.0.5005.61 (resolved driver for Chrome 102)
10:47:13.641 [main] DEBUG io.github.bonigarcia.wdm.WebDriverManager - Driver chromedriver 102.0.5005.61 found in cache
10:47:13.641 [main] INFO io.github.bonigarcia.wdm.WebDriverManager - Exporting webdriver.chrome.driver as C:\Users\USER\.cache\selenium\chromedriver\win32\102.0.5005.61\chromedriver.exe
10:47:13.885 [main] DEBUG net.serenitybdd.core.webdriver.driverproviders.ProvideNewDriver - Instantiating driver
10:47:13.885 [main] DEBUG net.serenitybdd.core.webdriver.driverproviders.ProvideNewDriver - Driver capabilities: Capabilities {acceptInsecureCerts: false, base.url: https://hospital-management..., browserName: chrome, chrome.driver: src/test/resources/webdrive..., driver: chrome, goog:chromeOptions: {args: [], extensions: []}}
10:47:14.397 [AsyncHttpClient-1-5] DEBUG org.asynchttpclient.netty.channel.NettyConnectListener - Using new Channel '[id: 0xbe1f11b9, L:/127.0.0.1:57843 - R:localhost/127.0.0.1:54255]' for 'POST' to '/session'
10:47:16.358 [AsyncHttpClient-1-5] DEBUG org.asynchttpclient.netty.handler.HttpHandler - 

Request DefaultHttpRequest(decodeResult: success, version: HTTP/1.1)
POST /session HTTP/1.1
User-Agent: selenium/4.1.2 (java windows)
Content-Length: 621
Content-Type: application/json; charset=utf-8
host: localhost:54255
accept: */*

Response DefaultHttpResponse(decodeResult: success, version: HTTP/1.1)
HTTP/1.1 200 OK
Content-Type: application/json; charset=utf-8
cache-control: no-cache
content-length: 789

10:47:16.358 [AsyncHttpClient-1-5] DEBUG org.asynchttpclient.netty.channel.ChannelManager - Adding key: http://localhost:54255 for channel [id: 0xbe1f11b9, L:/127.0.0.1:57843 - R:localhost/127.0.0.1:54255]
10:47:16.365 [AsyncHttpClient-1-6] DEBUG org.asynchttpclient.netty.channel.NettyConnectListener - Using new Channel '[id: 0x70a691e9, L:/127.0.0.1:57850 - R:localhost/127.0.0.1:57844]' for 'GET' to '/json/version'
10:47:16.365 [AsyncHttpClient-1-6] DEBUG org.asynchttpclient.netty.handler.HttpHandler - 

Request DefaultFullHttpRequest(decodeResult: success, version: HTTP/1.1, content: EmptyByteBufBE)
GET /json/version HTTP/1.1
User-Agent: selenium/4.1.2 (java windows)
host: localhost:57844
accept: */*

Response DefaultHttpResponse(decodeResult: success, version: HTTP/1.1)
HTTP/1.1 200 OK
Content-Type: application/json; charset=UTF-8
content-length: 427

10:47:16.365 [AsyncHttpClient-1-6] DEBUG org.asynchttpclient.netty.channel.ChannelManager - Adding key: http://localhost:57844 for channel [id: 0x70a691e9, L:/127.0.0.1:57850 - R:localhost/127.0.0.1:57844]
10:47:16.369 [AsyncHttpClient-1-7] DEBUG org.asynchttpclient.netty.channel.NettyConnectListener - Using new Channel '[id: 0x51aaae2d, L:/127.0.0.1:57851 - R:localhost/127.0.0.1:57844]' for 'GET' to '/devtools/browser/24276285-8e12-4757-b65d-51d97ea7f679'
10:47:16.372 [AsyncHttpClient-1-7] DEBUG org.asynchttpclient.netty.handler.WebSocketHandler - 

Request DefaultFullHttpRequest(decodeResult: success, version: HTTP/1.1, content: EmptyByteBufBE)
GET /devtools/browser/24276285-8e12-4757-b65d-51d97ea7f679 HTTP/1.1
upgrade: websocket
connection: upgrade
sec-websocket-key: OsPxmKBBBr5jSNKVBCpdwQ==
sec-websocket-version: 13
origin: http://localhost:57844
host: localhost:57844
accept: */*
user-agent: AHC/2.1

Response DefaultHttpResponse(decodeResult: success, version: HTTP/1.1)
HTTP/1.1 101 WebSocket Protocol Handshake
Upgrade: WebSocket
Connection: Upgrade
Sec-WebSocket-Accept: B4+oSeswebiHMNlZalNcWsMwMZw=

10:47:16.376 [Forwarding maximizeCurrentWindow on session d4b0389e12776dfbea58f9b5d2906541 to remote] DEBUG org.asynchttpclient.netty.request.NettyRequestSender - Using pooled Channel '[id: 0xbe1f11b9, L:/127.0.0.1:57843 - R:localhost/127.0.0.1:54255]' for 'POST' to 'http://localhost:54255/session/d4b0389e12776dfbea58f9b5d2906541/window/maximize'
10:47:16.376 [Forwarding maximizeCurrentWindow on session d4b0389e12776dfbea58f9b5d2906541 to remote] DEBUG org.asynchttpclient.netty.request.NettyRequestSender - Using open Channel [id: 0xbe1f11b9, L:/127.0.0.1:57843 - R:localhost/127.0.0.1:54255] for POST '/session/d4b0389e12776dfbea58f9b5d2906541/window/maximize'
10:47:16.492 [AsyncHttpClient-1-5] DEBUG org.asynchttpclient.netty.handler.HttpHandler - 

Request DefaultHttpRequest(decodeResult: success, version: HTTP/1.1)
POST /session/d4b0389e12776dfbea58f9b5d2906541/window/maximize HTTP/1.1
User-Agent: selenium/4.1.2 (java windows)
Content-Length: 3
Content-Type: application/json; charset=utf-8
host: localhost:54255
accept: */*

Response DefaultHttpResponse(decodeResult: success, version: HTTP/1.1)
HTTP/1.1 200 OK
Content-Type: application/json; charset=utf-8
cache-control: no-cache
content-length: 51

10:47:16.492 [AsyncHttpClient-1-5] DEBUG org.asynchttpclient.netty.channel.ChannelManager - Adding key: http://localhost:54255 for channel [id: 0xbe1f11b9, L:/127.0.0.1:57843 - R:localhost/127.0.0.1:54255]
10:47:16.493 [Forwarding get on session d4b0389e12776dfbea58f9b5d2906541 to remote] DEBUG org.asynchttpclient.netty.request.NettyRequestSender - Using pooled Channel '[id: 0xbe1f11b9, L:/127.0.0.1:57843 - R:localhost/127.0.0.1:54255]' for 'POST' to 'http://localhost:54255/session/d4b0389e12776dfbea58f9b5d2906541/url'
10:47:16.493 [Forwarding get on session d4b0389e12776dfbea58f9b5d2906541 to remote] DEBUG org.asynchttpclient.netty.request.NettyRequestSender - Using open Channel [id: 0xbe1f11b9, L:/127.0.0.1:57843 - R:localhost/127.0.0.1:54255] for POST '/session/d4b0389e12776dfbea58f9b5d2906541/url'
10:47:16.564 [AsyncHttpClient-1-1] DEBUG org.asynchttpclient.netty.channel.DefaultChannelPool - Entry count for : http://localhost:57844 : 1
10:47:17.664 [AsyncHttpClient-1-1] DEBUG org.asynchttpclient.netty.channel.DefaultChannelPool - Entry count for : http://localhost:57844 : 1
10:47:18.764 [AsyncHttpClient-1-1] DEBUG org.asynchttpclient.netty.channel.DefaultChannelPool - Entry count for : http://localhost:57844 : 1
10:47:19.864 [AsyncHttpClient-1-1] DEBUG org.asynchttpclient.netty.channel.DefaultChannelPool - Entry count for : http://localhost:57844 : 1
10:47:20.840 [AsyncHttpClient-1-5] DEBUG org.asynchttpclient.netty.handler.HttpHandler - 

Request DefaultHttpRequest(decodeResult: success, version: HTTP/1.1)
POST /session/d4b0389e12776dfbea58f9b5d2906541/url HTTP/1.1
User-Agent: selenium/4.1.2 (java windows)
Content-Length: 65
Content-Type: application/json; charset=utf-8
host: localhost:54255
accept: */*

Response DefaultHttpResponse(decodeResult: success, version: HTTP/1.1)
HTTP/1.1 200 OK
Content-Type: application/json; charset=utf-8
cache-control: no-cache
content-length: 14

10:47:20.841 [AsyncHttpClient-1-5] DEBUG org.asynchttpclient.netty.channel.ChannelManager - Adding key: http://localhost:54255 for channel [id: 0xbe1f11b9, L:/127.0.0.1:57843 - R:localhost/127.0.0.1:54255]
10:47:20.842 [Forwarding setTimeout on session d4b0389e12776dfbea58f9b5d2906541 to remote] DEBUG org.asynchttpclient.netty.request.NettyRequestSender - Using pooled Channel '[id: 0xbe1f11b9, L:/127.0.0.1:57843 - R:localhost/127.0.0.1:54255]' for 'POST' to 'http://localhost:54255/session/d4b0389e12776dfbea58f9b5d2906541/timeouts'
10:47:20.842 [Forwarding setTimeout on session d4b0389e12776dfbea58f9b5d2906541 to remote] DEBUG org.asynchttpclient.netty.request.NettyRequestSender - Using open Channel [id: 0xbe1f11b9, L:/127.0.0.1:57843 - R:localhost/127.0.0.1:54255] for POST '/session/d4b0389e12776dfbea58f9b5d2906541/timeouts'
10:47:20.843 [AsyncHttpClient-1-5] DEBUG org.asynchttpclient.netty.handler.HttpHandler - 

Request DefaultHttpRequest(decodeResult: success, version: HTTP/1.1)
POST /session/d4b0389e12776dfbea58f9b5d2906541/timeouts HTTP/1.1
User-Agent: selenium/4.1.2 (java windows)
Content-Length: 22
Content-Type: application/json; charset=utf-8
host: localhost:54255
accept: */*

Response DefaultHttpResponse(decodeResult: success, version: HTTP/1.1)
HTTP/1.1 200 OK
Content-Type: application/json; charset=utf-8
cache-control: no-cache
content-length: 14

10:47:20.844 [AsyncHttpClient-1-5] DEBUG org.asynchttpclient.netty.channel.ChannelManager - Adding key: http://localhost:54255 for channel [id: 0xbe1f11b9, L:/127.0.0.1:57843 - R:localhost/127.0.0.1:54255]
10:47:20.849 [Forwarding getCurrentUrl on session d4b0389e12776dfbea58f9b5d2906541 to remote] DEBUG org.asynchttpclient.netty.request.NettyRequestSender - Using pooled Channel '[id: 0xbe1f11b9, L:/127.0.0.1:57843 - R:localhost/127.0.0.1:54255]' for 'GET' to 'http://localhost:54255/session/d4b0389e12776dfbea58f9b5d2906541/url'
10:47:20.849 [Forwarding getCurrentUrl on session d4b0389e12776dfbea58f9b5d2906541 to remote] DEBUG org.asynchttpclient.netty.request.NettyRequestSender - Using open Channel [id: 0xbe1f11b9, L:/127.0.0.1:57843 - R:localhost/127.0.0.1:54255] for GET '/session/d4b0389e12776dfbea58f9b5d2906541/url'
10:47:20.893 [AsyncHttpClient-1-5] DEBUG org.asynchttpclient.netty.handler.HttpHandler - 

Request DefaultFullHttpRequest(decodeResult: success, version: HTTP/1.1, content: EmptyByteBufBE)
GET /session/d4b0389e12776dfbea58f9b5d2906541/url HTTP/1.1
User-Agent: selenium/4.1.2 (java windows)
Cache-Control: no-cache
Content-Type: application/json; charset=utf-8
host: localhost:54255
accept: */*

Response DefaultHttpResponse(decodeResult: success, version: HTTP/1.1)
HTTP/1.1 200 OK
Content-Type: application/json; charset=utf-8
cache-control: no-cache
content-length: 53

10:47:20.893 [AsyncHttpClient-1-5] DEBUG org.asynchttpclient.netty.channel.ChannelManager - Adding key: http://localhost:54255 for channel [id: 0xbe1f11b9, L:/127.0.0.1:57843 - R:localhost/127.0.0.1:54255]
10:47:20.964 [AsyncHttpClient-1-1] DEBUG org.asynchttpclient.netty.channel.DefaultChannelPool - Entry count for : http://localhost:54255 : 1
10:47:20.964 [AsyncHttpClient-1-1] DEBUG org.asynchttpclient.netty.channel.DefaultChannelPool - Entry count for : http://localhost:57844 : 1
10:47:20.983 [Forwarding getCurrentUrl on session d4b0389e12776dfbea58f9b5d2906541 to remote] DEBUG org.asynchttpclient.netty.request.NettyRequestSender - Using pooled Channel '[id: 0xbe1f11b9, L:/127.0.0.1:57843 - R:localhost/127.0.0.1:54255]' for 'GET' to 'http://localhost:54255/session/d4b0389e12776dfbea58f9b5d2906541/url'
10:47:20.983 [Forwarding getCurrentUrl on session d4b0389e12776dfbea58f9b5d2906541 to remote] DEBUG org.asynchttpclient.netty.request.NettyRequestSender - Using open Channel [id: 0xbe1f11b9, L:/127.0.0.1:57843 - R:localhost/127.0.0.1:54255] for GET '/session/d4b0389e12776dfbea58f9b5d2906541/url'
10:47:20.987 [AsyncHttpClient-1-5] DEBUG org.asynchttpclient.netty.handler.HttpHandler - 

Request DefaultFullHttpRequest(decodeResult: success, version: HTTP/1.1, content: EmptyByteBufBE)
GET /session/d4b0389e12776dfbea58f9b5d2906541/url HTTP/1.1
User-Agent: selenium/4.1.2 (java windows)
Cache-Control: no-cache
Content-Type: application/json; charset=utf-8
host: localhost:54255
accept: */*

Response DefaultHttpResponse(decodeResult: success, version: HTTP/1.1)
HTTP/1.1 200 OK
Content-Type: application/json; charset=utf-8
cache-control: no-cache
content-length: 53

10:47:20.987 [AsyncHttpClient-1-5] DEBUG org.asynchttpclient.netty.channel.ChannelManager - Adding key: http://localhost:54255 for channel [id: 0xbe1f11b9, L:/127.0.0.1:57843 - R:localhost/127.0.0.1:54255]
10:47:20.996 [Forwarding screenshot on session d4b0389e12776dfbea58f9b5d2906541 to remote] DEBUG org.asynchttpclient.netty.request.NettyRequestSender - Using pooled Channel '[id: 0xbe1f11b9, L:/127.0.0.1:57843 - R:localhost/127.0.0.1:54255]' for 'GET' to 'http://localhost:54255/session/d4b0389e12776dfbea58f9b5d2906541/screenshot'
10:47:20.996 [Forwarding screenshot on session d4b0389e12776dfbea58f9b5d2906541 to remote] DEBUG org.asynchttpclient.netty.request.NettyRequestSender - Using open Channel [id: 0xbe1f11b9, L:/127.0.0.1:57843 - R:localhost/127.0.0.1:54255] for GET '/session/d4b0389e12776dfbea58f9b5d2906541/screenshot'
10:47:21.153 [AsyncHttpClient-1-5] DEBUG org.asynchttpclient.netty.handler.HttpHandler - 

Request DefaultFullHttpRequest(decodeResult: success, version: HTTP/1.1, content: EmptyByteBufBE)
GET /session/d4b0389e12776dfbea58f9b5d2906541/screenshot HTTP/1.1
User-Agent: selenium/4.1.2 (java windows)
Cache-Control: no-cache
Content-Type: application/json; charset=utf-8
host: localhost:54255
accept: */*

Response DefaultHttpResponse(decodeResult: success, version: HTTP/1.1)
HTTP/1.1 200 OK
Content-Type: application/json; charset=utf-8
cache-control: no-cache
content-length: 113236

10:47:21.154 [AsyncHttpClient-1-5] DEBUG org.asynchttpclient.netty.channel.ChannelManager - Adding key: http://localhost:54255 for channel [id: 0xbe1f11b9, L:/127.0.0.1:57843 - R:localhost/127.0.0.1:54255]
10:47:21.160 [main] DEBUG net.serenitybdd.core.photography.Darkroom - Send negative for processing for target\site\serenity\85992fd1dce5bd33a060017ef6e67a16a578ce48563d49babd27ce16c537516f.png
10:47:21.160 [main] DEBUG net.thucydides.core.steps.StepInterceptor - STEP DONE: openUrl
10:47:21.169 [main] DEBUG net.thucydides.core.steps.StepInterceptor - STARTING STEP: DoctorSteps.iAmAtTheDashboardPage - validateOnDashboardPage
10:47:21.172 [Forwarding findElement on session d4b0389e12776dfbea58f9b5d2906541 to remote] DEBUG org.asynchttpclient.netty.request.NettyRequestSender - Using pooled Channel '[id: 0xbe1f11b9, L:/127.0.0.1:57843 - R:localhost/127.0.0.1:54255]' for 'POST' to 'http://localhost:54255/session/d4b0389e12776dfbea58f9b5d2906541/element'
10:47:21.172 [Forwarding findElement on session d4b0389e12776dfbea58f9b5d2906541 to remote] DEBUG org.asynchttpclient.netty.request.NettyRequestSender - Using open Channel [id: 0xbe1f11b9, L:/127.0.0.1:57843 - R:localhost/127.0.0.1:54255] for POST '/session/d4b0389e12776dfbea58f9b5d2906541/element'
10:47:21.193 [AsyncHttpClient-1-5] DEBUG org.asynchttpclient.netty.handler.HttpHandler - 

Request DefaultHttpRequest(decodeResult: success, version: HTTP/1.1)
POST /session/d4b0389e12776dfbea58f9b5d2906541/element HTTP/1.1
User-Agent: selenium/4.1.2 (java windows)
Content-Length: 81
Content-Type: application/json; charset=utf-8
host: localhost:54255
accept: */*

Response DefaultHttpResponse(decodeResult: success, version: HTTP/1.1)
HTTP/1.1 200 OK
Content-Type: application/json; charset=utf-8
cache-control: no-cache
content-length: 88

10:47:21.193 [AsyncHttpClient-1-5] DEBUG org.asynchttpclient.netty.channel.ChannelManager - Adding key: http://localhost:54255 for channel [id: 0xbe1f11b9, L:/127.0.0.1:57843 - R:localhost/127.0.0.1:54255]
10:47:21.198 [Forwarding isElementDisplayed on session d4b0389e12776dfbea58f9b5d2906541 to remote] DEBUG org.asynchttpclient.netty.request.NettyRequestSender - Using pooled Channel '[id: 0xbe1f11b9, L:/127.0.0.1:57843 - R:localhost/127.0.0.1:54255]' for 'POST' to 'http://localhost:54255/session/d4b0389e12776dfbea58f9b5d2906541/execute/sync'
10:47:21.198 [Forwarding isElementDisplayed on session d4b0389e12776dfbea58f9b5d2906541 to remote] DEBUG org.asynchttpclient.netty.request.NettyRequestSender - Using open Channel [id: 0xbe1f11b9, L:/127.0.0.1:57843 - R:localhost/127.0.0.1:54255] for POST '/session/d4b0389e12776dfbea58f9b5d2906541/execute/sync'
10:47:21.218 [AsyncHttpClient-1-5] DEBUG org.asynchttpclient.netty.handler.HttpHandler - 

Request DefaultHttpRequest(decodeResult: success, version: HTTP/1.1)
POST /session/d4b0389e12776dfbea58f9b5d2906541/execute/sync HTTP/1.1
User-Agent: selenium/4.1.2 (java windows)
Content-Length: 48780
Content-Type: application/json; charset=utf-8
host: localhost:54255
accept: */*

Response DefaultHttpResponse(decodeResult: success, version: HTTP/1.1)
HTTP/1.1 200 OK
Content-Type: application/json; charset=utf-8
cache-control: no-cache
content-length: 14

10:47:21.218 [AsyncHttpClient-1-5] DEBUG org.asynchttpclient.netty.channel.ChannelManager - Adding key: http://localhost:54255 for channel [id: 0xbe1f11b9, L:/127.0.0.1:57843 - R:localhost/127.0.0.1:54255]
10:47:21.223 [Forwarding screenshot on session d4b0389e12776dfbea58f9b5d2906541 to remote] DEBUG org.asynchttpclient.netty.request.NettyRequestSender - Using pooled Channel '[id: 0xbe1f11b9, L:/127.0.0.1:57843 - R:localhost/127.0.0.1:54255]' for 'GET' to 'http://localhost:54255/session/d4b0389e12776dfbea58f9b5d2906541/screenshot'
10:47:21.223 [Forwarding screenshot on session d4b0389e12776dfbea58f9b5d2906541 to remote] DEBUG org.asynchttpclient.netty.request.NettyRequestSender - Using open Channel [id: 0xbe1f11b9, L:/127.0.0.1:57843 - R:localhost/127.0.0.1:54255] for GET '/session/d4b0389e12776dfbea58f9b5d2906541/screenshot'
10:47:21.354 [AsyncHttpClient-1-5] DEBUG org.asynchttpclient.netty.handler.HttpHandler - 

Request DefaultFullHttpRequest(decodeResult: success, version: HTTP/1.1, content: EmptyByteBufBE)
GET /session/d4b0389e12776dfbea58f9b5d2906541/screenshot HTTP/1.1
User-Agent: selenium/4.1.2 (java windows)
Cache-Control: no-cache
Content-Type: application/json; charset=utf-8
host: localhost:54255
accept: */*

Response DefaultHttpResponse(decodeResult: success, version: HTTP/1.1)
HTTP/1.1 200 OK
Content-Type: application/json; charset=utf-8
cache-control: no-cache
content-length: 113236

10:47:21.355 [AsyncHttpClient-1-5] DEBUG org.asynchttpclient.netty.channel.ChannelManager - Adding key: http://localhost:54255 for channel [id: 0xbe1f11b9, L:/127.0.0.1:57843 - R:localhost/127.0.0.1:54255]
10:47:21.360 [main] DEBUG net.serenitybdd.core.photography.Darkroom - Send negative for processing for target\site\serenity\85992fd1dce5bd33a060017ef6e67a16a578ce48563d49babd27ce16c537516f.png
10:47:21.360 [main] DEBUG net.thucydides.core.steps.StepInterceptor - STEP DONE: validateOnDashboardPage
  &amp#27;[32mGiven &amp#27;[0m&amp#27;[32mI'am at the dashboard page&amp#27;[0m         &amp#27;[90m# starter.stepdefinitions.DoctorSteps.iAmAtTheDashboardPage()&amp#27;[0m
10:47:21.380 [main] DEBUG net.thucydides.core.steps.StepInterceptor - STARTING STEP: DoctorSteps.iClickMenuDoctor - clickMenuDoctorButton
10:47:21.386 [Forwarding findElement on session d4b0389e12776dfbea58f9b5d2906541 to remote] DEBUG org.asynchttpclient.netty.request.NettyRequestSender - Using pooled Channel '[id: 0xbe1f11b9, L:/127.0.0.1:57843 - R:localhost/127.0.0.1:54255]' for 'POST' to 'http://localhost:54255/session/d4b0389e12776dfbea58f9b5d2906541/element'
10:47:21.386 [Forwarding findElement on session d4b0389e12776dfbea58f9b5d2906541 to remote] DEBUG org.asynchttpclient.netty.request.NettyRequestSender - Using open Channel [id: 0xbe1f11b9, L:/127.0.0.1:57843 - R:localhost/127.0.0.1:54255] for POST '/session/d4b0389e12776dfbea58f9b5d2906541/element'
10:47:21.408 [AsyncHttpClient-1-5] DEBUG org.asynchttpclient.netty.handler.HttpHandler - 

Request DefaultHttpRequest(decodeResult: success, version: HTTP/1.1)
POST /session/d4b0389e12776dfbea58f9b5d2906541/element HTTP/1.1
User-Agent: selenium/4.1.2 (java windows)
Content-Length: 79
Content-Type: application/json; charset=utf-8
host: localhost:54255
accept: */*

Response DefaultHttpResponse(decodeResult: success, version: HTTP/1.1)
HTTP/1.1 200 OK
Content-Type: application/json; charset=utf-8
cache-control: no-cache
content-length: 88

10:47:21.409 [AsyncHttpClient-1-5] DEBUG org.asynchttpclient.netty.channel.ChannelManager - Adding key: http://localhost:54255 for channel [id: 0xbe1f11b9, L:/127.0.0.1:57843 - R:localhost/127.0.0.1:54255]
10:47:21.411 [Forwarding getElementTagName on session d4b0389e12776dfbea58f9b5d2906541 to remote] DEBUG org.asynchttpclient.netty.request.NettyRequestSender - Using pooled Channel '[id: 0xbe1f11b9, L:/127.0.0.1:57843 - R:localhost/127.0.0.1:54255]' for 'GET' to 'http://localhost:54255/session/d4b0389e12776dfbea58f9b5d2906541/element/abc5efc6-2e86-4c27-9c55-ac67aaf4d5da/name'
10:47:21.411 [Forwarding getElementTagName on session d4b0389e12776dfbea58f9b5d2906541 to remote] DEBUG org.asynchttpclient.netty.request.NettyRequestSender - Using open Channel [id: 0xbe1f11b9, L:/127.0.0.1:57843 - R:localhost/127.0.0.1:54255] for GET '/session/d4b0389e12776dfbea58f9b5d2906541/element/abc5efc6-2e86-4c27-9c55-ac67aaf4d5da/name'
10:47:21.418 [AsyncHttpClient-1-5] DEBUG org.asynchttpclient.netty.handler.HttpHandler - 

Request DefaultFullHttpRequest(decodeResult: success, version: HTTP/1.1, content: EmptyByteBufBE)
GET /session/d4b0389e12776dfbea58f9b5d2906541/element/abc5efc6-2e86-4c27-9c55-ac67aaf4d5da/name HTTP/1.1
User-Agent: selenium/4.1.2 (java windows)
Cache-Control: no-cache
Content-Type: application/json; charset=utf-8
host: localhost:54255
accept: */*

Response DefaultHttpResponse(decodeResult: success, version: HTTP/1.1)
HTTP/1.1 200 OK
Content-Type: application/json; charset=utf-8
cache-control: no-cache
content-length: 15

10:47:21.418 [AsyncHttpClient-1-5] DEBUG org.asynchttpclient.netty.channel.ChannelManager - Adding key: http://localhost:54255 for channel [id: 0xbe1f11b9, L:/127.0.0.1:57843 - R:localhost/127.0.0.1:54255]
10:47:21.419 [Forwarding getElementTagName on session d4b0389e12776dfbea58f9b5d2906541 to remote] DEBUG org.asynchttpclient.netty.request.NettyRequestSender - Using pooled Channel '[id: 0xbe1f11b9, L:/127.0.0.1:57843 - R:localhost/127.0.0.1:54255]' for 'GET' to 'http://localhost:54255/session/d4b0389e12776dfbea58f9b5d2906541/element/abc5efc6-2e86-4c27-9c55-ac67aaf4d5da/name'
10:47:21.419 [Forwarding getElementTagName on session d4b0389e12776dfbea58f9b5d2906541 to remote] DEBUG org.asynchttpclient.netty.request.NettyRequestSender - Using open Channel [id: 0xbe1f11b9, L:/127.0.0.1:57843 - R:localhost/127.0.0.1:54255] for GET '/session/d4b0389e12776dfbea58f9b5d2906541/element/abc5efc6-2e86-4c27-9c55-ac67aaf4d5da/name'
10:47:21.424 [AsyncHttpClient-1-5] DEBUG org.asynchttpclient.netty.handler.HttpHandler - 

Request DefaultFullHttpRequest(decodeResult: success, version: HTTP/1.1, content: EmptyByteBufBE)
GET /session/d4b0389e12776dfbea58f9b5d2906541/element/abc5efc6-2e86-4c27-9c55-ac67aaf4d5da/name HTTP/1.1
User-Agent: selenium/4.1.2 (java windows)
Cache-Control: no-cache
Content-Type: application/json; charset=utf-8
host: localhost:54255
accept: */*

Response DefaultHttpResponse(decodeResult: success, version: HTTP/1.1)
HTTP/1.1 200 OK
Content-Type: application/json; charset=utf-8
cache-control: no-cache
content-length: 15

10:47:21.424 [AsyncHttpClient-1-5] DEBUG org.asynchttpclient.netty.channel.ChannelManager - Adding key: http://localhost:54255 for channel [id: 0xbe1f11b9, L:/127.0.0.1:57843 - R:localhost/127.0.0.1:54255]
10:47:21.426 [Forwarding findElement on session d4b0389e12776dfbea58f9b5d2906541 to remote] DEBUG org.asynchttpclient.netty.request.NettyRequestSender - Using pooled Channel '[id: 0xbe1f11b9, L:/127.0.0.1:57843 - R:localhost/127.0.0.1:54255]' for 'POST' to 'http://localhost:54255/session/d4b0389e12776dfbea58f9b5d2906541/element'
10:47:21.426 [Forwarding findElement on session d4b0389e12776dfbea58f9b5d2906541 to remote] DEBUG org.asynchttpclient.netty.request.NettyRequestSender - Using open Channel [id: 0xbe1f11b9, L:/127.0.0.1:57843 - R:localhost/127.0.0.1:54255] for POST '/session/d4b0389e12776dfbea58f9b5d2906541/element'
10:47:21.434 [AsyncHttpClient-1-5] DEBUG org.asynchttpclient.netty.handler.HttpHandler - 

Request DefaultHttpRequest(decodeResult: success, version: HTTP/1.1)
POST /session/d4b0389e12776dfbea58f9b5d2906541/element HTTP/1.1
User-Agent: selenium/4.1.2 (java windows)
Content-Length: 79
Content-Type: application/json; charset=utf-8
host: localhost:54255
accept: */*

Response DefaultHttpResponse(decodeResult: success, version: HTTP/1.1)
HTTP/1.1 200 OK
Content-Type: application/json; charset=utf-8
cache-control: no-cache
content-length: 88

10:47:21.434 [AsyncHttpClient-1-5] DEBUG org.asynchttpclient.netty.channel.ChannelManager - Adding key: http://localhost:54255 for channel [id: 0xbe1f11b9, L:/127.0.0.1:57843 - R:localhost/127.0.0.1:54255]
10:47:21.435 [Forwarding clickElement on session d4b0389e12776dfbea58f9b5d2906541 to remote] DEBUG org.asynchttpclient.netty.request.NettyRequestSender - Using pooled Channel '[id: 0xbe1f11b9, L:/127.0.0.1:57843 - R:localhost/127.0.0.1:54255]' for 'POST' to 'http://localhost:54255/session/d4b0389e12776dfbea58f9b5d2906541/element/abc5efc6-2e86-4c27-9c55-ac67aaf4d5da/click'
10:47:21.435 [Forwarding clickElement on session d4b0389e12776dfbea58f9b5d2906541 to remote] DEBUG org.asynchttpclient.netty.request.NettyRequestSender - Using open Channel [id: 0xbe1f11b9, L:/127.0.0.1:57843 - R:localhost/127.0.0.1:54255] for POST '/session/d4b0389e12776dfbea58f9b5d2906541/element/abc5efc6-2e86-4c27-9c55-ac67aaf4d5da/click'
10:47:21.614 [AsyncHttpClient-1-5] DEBUG org.asynchttpclient.netty.handler.HttpHandler - 

Request DefaultHttpRequest(decodeResult: success, version: HTTP/1.1)
POST /session/d4b0389e12776dfbea58f9b5d2906541/element/abc5efc6-2e86-4c27-9c55-ac67aaf4d5da/click HTTP/1.1
User-Agent: selenium/4.1.2 (java windows)
Content-Length: 50
Content-Type: application/json; charset=utf-8
host: localhost:54255
accept: */*

Response DefaultHttpResponse(decodeResult: success, version: HTTP/1.1)
HTTP/1.1 200 OK
Content-Type: application/json; charset=utf-8
cache-control: no-cache
content-length: 14

10:47:21.614 [AsyncHttpClient-1-5] DEBUG org.asynchttpclient.netty.channel.ChannelManager - Adding key: http://localhost:54255 for channel [id: 0xbe1f11b9, L:/127.0.0.1:57843 - R:localhost/127.0.0.1:54255]
10:47:21.620 [Forwarding screenshot on session d4b0389e12776dfbea58f9b5d2906541 to remote] DEBUG org.asynchttpclient.netty.request.NettyRequestSender - Using pooled Channel '[id: 0xbe1f11b9, L:/127.0.0.1:57843 - R:localhost/127.0.0.1:54255]' for 'GET' to 'http://localhost:54255/session/d4b0389e12776dfbea58f9b5d2906541/screenshot'
10:47:21.620 [Forwarding screenshot on session d4b0389e12776dfbea58f9b5d2906541 to remote] DEBUG org.asynchttpclient.netty.request.NettyRequestSender - Using open Channel [id: 0xbe1f11b9, L:/127.0.0.1:57843 - R:localhost/127.0.0.1:54255] for GET '/session/d4b0389e12776dfbea58f9b5d2906541/screenshot'
10:47:21.754 [AsyncHttpClient-1-5] DEBUG org.asynchttpclient.netty.handler.HttpHandler - 

Request DefaultFullHttpRequest(decodeResult: success, version: HTTP/1.1, content: EmptyByteBufBE)
GET /session/d4b0389e12776dfbea58f9b5d2906541/screenshot HTTP/1.1
User-Agent: selenium/4.1.2 (java windows)
Cache-Control: no-cache
Content-Type: application/json; charset=utf-8
host: localhost:54255
accept: */*

Response DefaultHttpResponse(decodeResult: success, version: HTTP/1.1)
HTTP/1.1 200 OK
Content-Type: application/json; charset=utf-8
cache-control: no-cache
content-length: 39292

10:47:21.754 [AsyncHttpClient-1-5] DEBUG org.asynchttpclient.netty.channel.ChannelManager - Adding key: http://localhost:54255 for channel [id: 0xbe1f11b9, L:/127.0.0.1:57843 - R:localhost/127.0.0.1:54255]
10:47:21.759 [main] DEBUG net.serenitybdd.core.photography.Darkroom - Send negative for processing for target\site\serenity\d887742fcef963162c57ffdd3d4a8b8fc4d30bee86dd61d19eed7e28909e672d.png
10:47:21.759 [main] DEBUG net.thucydides.core.steps.StepInterceptor - STEP DONE: clickMenuDoctorButton
  &amp#27;[32mAnd &amp#27;[0m&amp#27;[32mI click menu doctor&amp#27;[0m                  &amp#27;[90m# starter.stepdefinitions.DoctorSteps.iClickMenuDoctor()&amp#27;[0m
10:47:21.759 [Darkroom Processing Line] DEBUG net.serenitybdd.core.photography.DarkroomProcessingLine - Processing screenshot image in /var/screenshots/screenshot-6390133685732798015
10:47:21.759 [Darkroom Processing Line] DEBUG net.serenitybdd.core.photography.DarkroomProcessingLine - Saving screenshot to target\site\serenity\d887742fcef963162c57ffdd3d4a8b8fc4d30bee86dd61d19eed7e28909e672d.png
10:47:21.779 [main] DEBUG net.thucydides.core.steps.StepInterceptor - STARTING STEP: DoctorSteps.iClickEditDoctorButton - clickEditDoctorButton
10:47:21.785 [Forwarding findElement on session d4b0389e12776dfbea58f9b5d2906541 to remote] DEBUG org.asynchttpclient.netty.request.NettyRequestSender - Using pooled Channel '[id: 0xbe1f11b9, L:/127.0.0.1:57843 - R:localhost/127.0.0.1:54255]' for 'POST' to 'http://localhost:54255/session/d4b0389e12776dfbea58f9b5d2906541/element'
10:47:21.785 [Forwarding findElement on session d4b0389e12776dfbea58f9b5d2906541 to remote] DEBUG org.asynchttpclient.netty.request.NettyRequestSender - Using open Channel [id: 0xbe1f11b9, L:/127.0.0.1:57843 - R:localhost/127.0.0.1:54255] for POST '/session/d4b0389e12776dfbea58f9b5d2906541/element'
10:47:22.065 [AsyncHttpClient-1-1] DEBUG org.asynchttpclient.netty.channel.DefaultChannelPool - Entry count for : http://localhost:57844 : 1
10:47:22.812 [AsyncHttpClient-1-5] DEBUG org.asynchttpclient.netty.handler.HttpHandler - 

Request DefaultHttpRequest(decodeResult: success, version: HTTP/1.1)
POST /session/d4b0389e12776dfbea58f9b5d2906541/element HTTP/1.1
User-Agent: selenium/4.1.2 (java windows)
Content-Length: 91
Content-Type: application/json; charset=utf-8
host: localhost:54255
accept: */*

Response DefaultHttpResponse(decodeResult: success, version: HTTP/1.1)
HTTP/1.1 200 OK
Content-Type: application/json; charset=utf-8
cache-control: no-cache
content-length: 88

10:47:22.812 [AsyncHttpClient-1-5] DEBUG org.asynchttpclient.netty.channel.ChannelManager - Adding key: http://localhost:54255 for channel [id: 0xbe1f11b9, L:/127.0.0.1:57843 - R:localhost/127.0.0.1:54255]
10:47:22.814 [Forwarding getElementTagName on session d4b0389e12776dfbea58f9b5d2906541 to remote] DEBUG org.asynchttpclient.netty.request.NettyRequestSender - Using pooled Channel '[id: 0xbe1f11b9, L:/127.0.0.1:57843 - R:localhost/127.0.0.1:54255]' for 'GET' to 'http://localhost:54255/session/d4b0389e12776dfbea58f9b5d2906541/element/c69ac74e-3d22-44fd-8ed3-d8c0f90994fc/name'
10:47:22.814 [Forwarding getElementTagName on session d4b0389e12776dfbea58f9b5d2906541 to remote] DEBUG org.asynchttpclient.netty.request.NettyRequestSender - Using open Channel [id: 0xbe1f11b9, L:/127.0.0.1:57843 - R:localhost/127.0.0.1:54255] for GET '/session/d4b0389e12776dfbea58f9b5d2906541/element/c69ac74e-3d22-44fd-8ed3-d8c0f90994fc/name'
10:47:22.841 [AsyncHttpClient-1-5] DEBUG org.asynchttpclient.netty.handler.HttpHandler - 

Request DefaultFullHttpRequest(decodeResult: success, version: HTTP/1.1, content: EmptyByteBufBE)
GET /session/d4b0389e12776dfbea58f9b5d2906541/element/c69ac74e-3d22-44fd-8ed3-d8c0f90994fc/name HTTP/1.1
User-Agent: selenium/4.1.2 (java windows)
Cache-Control: no-cache
Content-Type: application/json; charset=utf-8
host: localhost:54255
accept: */*

Response DefaultHttpResponse(decodeResult: success, version: HTTP/1.1)
HTTP/1.1 200 OK
Content-Type: application/json; charset=utf-8
cache-control: no-cache
content-length: 18

10:47:22.841 [AsyncHttpClient-1-5] DEBUG org.asynchttpclient.netty.channel.ChannelManager - Adding key: http://localhost:54255 for channel [id: 0xbe1f11b9, L:/127.0.0.1:57843 - R:localhost/127.0.0.1:54255]
10:47:22.843 [Forwarding getElementTagName on session d4b0389e12776dfbea58f9b5d2906541 to remote] DEBUG org.asynchttpclient.netty.request.NettyRequestSender - Using pooled Channel '[id: 0xbe1f11b9, L:/127.0.0.1:57843 - R:localhost/127.0.0.1:54255]' for 'GET' to 'http://localhost:54255/session/d4b0389e12776dfbea58f9b5d2906541/element/c69ac74e-3d22-44fd-8ed3-d8c0f90994fc/name'
10:47:22.843 [Forwarding getElementTagName on session d4b0389e12776dfbea58f9b5d2906541 to remote] DEBUG org.asynchttpclient.netty.request.NettyRequestSender - Using open Channel [id: 0xbe1f11b9, L:/127.0.0.1:57843 - R:localhost/127.0.0.1:54255] for GET '/session/d4b0389e12776dfbea58f9b5d2906541/element/c69ac74e-3d22-44fd-8ed3-d8c0f90994fc/name'
10:47:22.847 [AsyncHttpClient-1-5] DEBUG org.asynchttpclient.netty.handler.HttpHandler - 

Request DefaultFullHttpRequest(decodeResult: success, version: HTTP/1.1, content: EmptyByteBufBE)
GET /session/d4b0389e12776dfbea58f9b5d2906541/element/c69ac74e-3d22-44fd-8ed3-d8c0f90994fc/name HTTP/1.1
User-Agent: selenium/4.1.2 (java windows)
Cache-Control: no-cache
Content-Type: application/json; charset=utf-8
host: localhost:54255
accept: */*

Response DefaultHttpResponse(decodeResult: success, version: HTTP/1.1)
HTTP/1.1 200 OK
Content-Type: application/json; charset=utf-8
cache-control: no-cache
content-length: 18

10:47:22.847 [AsyncHttpClient-1-5] DEBUG org.asynchttpclient.netty.channel.ChannelManager - Adding key: http://localhost:54255 for channel [id: 0xbe1f11b9, L:/127.0.0.1:57843 - R:localhost/127.0.0.1:54255]
10:47:22.849 [Forwarding isElementEnabled on session d4b0389e12776dfbea58f9b5d2906541 to remote] DEBUG org.asynchttpclient.netty.request.NettyRequestSender - Using pooled Channel '[id: 0xbe1f11b9, L:/127.0.0.1:57843 - R:localhost/127.0.0.1:54255]' for 'GET' to 'http://localhost:54255/session/d4b0389e12776dfbea58f9b5d2906541/element/c69ac74e-3d22-44fd-8ed3-d8c0f90994fc/enabled'
10:47:22.849 [Forwarding isElementEnabled on session d4b0389e12776dfbea58f9b5d2906541 to remote] DEBUG org.asynchttpclient.netty.request.NettyRequestSender - Using open Channel [id: 0xbe1f11b9, L:/127.0.0.1:57843 - R:localhost/127.0.0.1:54255] for GET '/session/d4b0389e12776dfbea58f9b5d2906541/element/c69ac74e-3d22-44fd-8ed3-d8c0f90994fc/enabled'
10:47:22.858 [AsyncHttpClient-1-5] DEBUG org.asynchttpclient.netty.handler.HttpHandler - 

Request DefaultFullHttpRequest(decodeResult: success, version: HTTP/1.1, content: EmptyByteBufBE)
GET /session/d4b0389e12776dfbea58f9b5d2906541/element/c69ac74e-3d22-44fd-8ed3-d8c0f90994fc/enabled HTTP/1.1
User-Agent: selenium/4.1.2 (java windows)
Cache-Control: no-cache
Content-Type: application/json; charset=utf-8
host: localhost:54255
accept: */*

Response DefaultHttpResponse(decodeResult: success, version: HTTP/1.1)
HTTP/1.1 200 OK
Content-Type: application/json; charset=utf-8
cache-control: no-cache
content-length: 14

10:47:22.858 [AsyncHttpClient-1-5] DEBUG org.asynchttpclient.netty.channel.ChannelManager - Adding key: http://localhost:54255 for channel [id: 0xbe1f11b9, L:/127.0.0.1:57843 - R:localhost/127.0.0.1:54255]
10:47:22.859 [Forwarding isElementEnabled on session d4b0389e12776dfbea58f9b5d2906541 to remote] DEBUG org.asynchttpclient.netty.request.NettyRequestSender - Using pooled Channel '[id: 0xbe1f11b9, L:/127.0.0.1:57843 - R:localhost/127.0.0.1:54255]' for 'GET' to 'http://localhost:54255/session/d4b0389e12776dfbea58f9b5d2906541/element/c69ac74e-3d22-44fd-8ed3-d8c0f90994fc/enabled'
10:47:22.859 [Forwarding isElementEnabled on session d4b0389e12776dfbea58f9b5d2906541 to remote] DEBUG org.asynchttpclient.netty.request.NettyRequestSender - Using open Channel [id: 0xbe1f11b9, L:/127.0.0.1:57843 - R:localhost/127.0.0.1:54255] for GET '/session/d4b0389e12776dfbea58f9b5d2906541/element/c69ac74e-3d22-44fd-8ed3-d8c0f90994fc/enabled'
10:47:22.865 [AsyncHttpClient-1-5] DEBUG org.asynchttpclient.netty.handler.HttpHandler - 

Request DefaultFullHttpRequest(decodeResult: success, version: HTTP/1.1, content: EmptyByteBufBE)
GET /session/d4b0389e12776dfbea58f9b5d2906541/element/c69ac74e-3d22-44fd-8ed3-d8c0f90994fc/enabled HTTP/1.1
User-Agent: selenium/4.1.2 (java windows)
Cache-Control: no-cache
Content-Type: application/json; charset=utf-8
host: localhost:54255
accept: */*

Response DefaultHttpResponse(decodeResult: success, version: HTTP/1.1)
HTTP/1.1 200 OK
Content-Type: application/json; charset=utf-8
cache-control: no-cache
content-length: 14

10:47:22.865 [AsyncHttpClient-1-5] DEBUG org.asynchttpclient.netty.channel.ChannelManager - Adding key: http://localhost:54255 for channel [id: 0xbe1f11b9, L:/127.0.0.1:57843 - R:localhost/127.0.0.1:54255]
10:47:22.868 [Forwarding findElement on session d4b0389e12776dfbea58f9b5d2906541 to remote] DEBUG org.asynchttpclient.netty.request.NettyRequestSender - Using pooled Channel '[id: 0xbe1f11b9, L:/127.0.0.1:57843 - R:localhost/127.0.0.1:54255]' for 'POST' to 'http://localhost:54255/session/d4b0389e12776dfbea58f9b5d2906541/element'
10:47:22.868 [Forwarding findElement on session d4b0389e12776dfbea58f9b5d2906541 to remote] DEBUG org.asynchttpclient.netty.request.NettyRequestSender - Using open Channel [id: 0xbe1f11b9, L:/127.0.0.1:57843 - R:localhost/127.0.0.1:54255] for POST '/session/d4b0389e12776dfbea58f9b5d2906541/element'
10:47:22.875 [AsyncHttpClient-1-5] DEBUG org.asynchttpclient.netty.handler.HttpHandler - 

Request DefaultHttpRequest(decodeResult: success, version: HTTP/1.1)
POST /session/d4b0389e12776dfbea58f9b5d2906541/element HTTP/1.1
User-Agent: selenium/4.1.2 (java windows)
Content-Length: 91
Content-Type: application/json; charset=utf-8
host: localhost:54255
accept: */*

Response DefaultHttpResponse(decodeResult: success, version: HTTP/1.1)
HTTP/1.1 200 OK
Content-Type: application/json; charset=utf-8
cache-control: no-cache
content-length: 88

10:47:22.876 [AsyncHttpClient-1-5] DEBUG org.asynchttpclient.netty.channel.ChannelManager - Adding key: http://localhost:54255 for channel [id: 0xbe1f11b9, L:/127.0.0.1:57843 - R:localhost/127.0.0.1:54255]
10:47:22.877 [Forwarding clickElement on session d4b0389e12776dfbea58f9b5d2906541 to remote] DEBUG org.asynchttpclient.netty.request.NettyRequestSender - Using pooled Channel '[id: 0xbe1f11b9, L:/127.0.0.1:57843 - R:localhost/127.0.0.1:54255]' for 'POST' to 'http://localhost:54255/session/d4b0389e12776dfbea58f9b5d2906541/element/c69ac74e-3d22-44fd-8ed3-d8c0f90994fc/click'
10:47:22.877 [Forwarding clickElement on session d4b0389e12776dfbea58f9b5d2906541 to remote] DEBUG org.asynchttpclient.netty.request.NettyRequestSender - Using open Channel [id: 0xbe1f11b9, L:/127.0.0.1:57843 - R:localhost/127.0.0.1:54255] for POST '/session/d4b0389e12776dfbea58f9b5d2906541/element/c69ac74e-3d22-44fd-8ed3-d8c0f90994fc/click'
10:47:23.048 [AsyncHttpClient-1-5] DEBUG org.asynchttpclient.netty.handler.HttpHandler - 

Request DefaultHttpRequest(decodeResult: success, version: HTTP/1.1)
POST /session/d4b0389e12776dfbea58f9b5d2906541/element/c69ac74e-3d22-44fd-8ed3-d8c0f90994fc/click HTTP/1.1
User-Agent: selenium/4.1.2 (java windows)
Content-Length: 50
Content-Type: application/json; charset=utf-8
host: localhost:54255
accept: */*

Response DefaultHttpResponse(decodeResult: success, version: HTTP/1.1)
HTTP/1.1 200 OK
Content-Type: application/json; charset=utf-8
cache-control: no-cache
content-length: 14

10:47:23.048 [AsyncHttpClient-1-5] DEBUG org.asynchttpclient.netty.channel.ChannelManager - Adding key: http://localhost:54255 for channel [id: 0xbe1f11b9, L:/127.0.0.1:57843 - R:localhost/127.0.0.1:54255]
10:47:23.065 [Forwarding screenshot on session d4b0389e12776dfbea58f9b5d2906541 to remote] DEBUG org.asynchttpclient.netty.request.NettyRequestSender - Using pooled Channel '[id: 0xbe1f11b9, L:/127.0.0.1:57843 - R:localhost/127.0.0.1:54255]' for 'GET' to 'http://localhost:54255/session/d4b0389e12776dfbea58f9b5d2906541/screenshot'
10:47:23.065 [Forwarding screenshot on session d4b0389e12776dfbea58f9b5d2906541 to remote] DEBUG org.asynchttpclient.netty.request.NettyRequestSender - Using open Channel [id: 0xbe1f11b9, L:/127.0.0.1:57843 - R:localhost/127.0.0.1:54255] for GET '/session/d4b0389e12776dfbea58f9b5d2906541/screenshot'
10:47:23.164 [AsyncHttpClient-1-1] DEBUG org.asynchttpclient.netty.channel.DefaultChannelPool - Entry count for : http://localhost:57844 : 1
10:47:23.234 [AsyncHttpClient-1-5] DEBUG org.asynchttpclient.netty.handler.HttpHandler - 

Request DefaultFullHttpRequest(decodeResult: success, version: HTTP/1.1, content: EmptyByteBufBE)
GET /session/d4b0389e12776dfbea58f9b5d2906541/screenshot HTTP/1.1
User-Agent: selenium/4.1.2 (java windows)
Cache-Control: no-cache
Content-Type: application/json; charset=utf-8
host: localhost:54255
accept: */*

Response DefaultHttpResponse(decodeResult: success, version: HTTP/1.1)
HTTP/1.1 200 OK
Content-Type: application/json; charset=utf-8
cache-control: no-cache
content-length: 130772

10:47:23.235 [AsyncHttpClient-1-5] DEBUG org.asynchttpclient.netty.channel.ChannelManager - Adding key: http://localhost:54255 for channel [id: 0xbe1f11b9, L:/127.0.0.1:57843 - R:localhost/127.0.0.1:54255]
10:47:23.242 [main] DEBUG net.serenitybdd.core.photography.Darkroom - Send negative for processing for target\site\serenity\24b8f7c17a265e6a891dd920c9b8e4bb0ca410d14b68ac529767f87a3362d19e.png
10:47:23.243 [main] DEBUG net.thucydides.core.steps.StepInterceptor - STEP DONE: clickEditDoctorButton
  &amp#27;[32mWhen &amp#27;[0m&amp#27;[32mI click Edit Doctor button&amp#27;[0m          &amp#27;[90m# starter.stepdefinitions.DoctorSteps.iClickEditDoctorButton()&amp#27;[0m
10:47:23.243 [Darkroom Processing Line] DEBUG net.serenitybdd.core.photography.DarkroomProcessingLine - Processing screenshot image in /var/screenshots/screenshot-16845092792215723261
10:47:23.243 [Darkroom Processing Line] DEBUG net.serenitybdd.core.photography.DarkroomProcessingLine - Saving screenshot to target\site\serenity\24b8f7c17a265e6a891dd920c9b8e4bb0ca410d14b68ac529767f87a3362d19e.png
10:47:23.264 [main] DEBUG net.thucydides.core.steps.StepInterceptor - STARTING STEP: DoctorSteps.iClickEditDoctorFormXButton - clickEditDoctorXButton
10:47:23.269 [Forwarding findElement on session d4b0389e12776dfbea58f9b5d2906541 to remote] DEBUG org.asynchttpclient.netty.request.NettyRequestSender - Using pooled Channel '[id: 0xbe1f11b9, L:/127.0.0.1:57843 - R:localhost/127.0.0.1:54255]' for 'POST' to 'http://localhost:54255/session/d4b0389e12776dfbea58f9b5d2906541/element'
10:47:23.269 [Forwarding findElement on session d4b0389e12776dfbea58f9b5d2906541 to remote] DEBUG org.asynchttpclient.netty.request.NettyRequestSender - Using open Channel [id: 0xbe1f11b9, L:/127.0.0.1:57843 - R:localhost/127.0.0.1:54255] for POST '/session/d4b0389e12776dfbea58f9b5d2906541/element'
10:47:23.289 [AsyncHttpClient-1-5] DEBUG org.asynchttpclient.netty.handler.HttpHandler - 

Request DefaultHttpRequest(decodeResult: success, version: HTTP/1.1)
POST /session/d4b0389e12776dfbea58f9b5d2906541/element HTTP/1.1
User-Agent: selenium/4.1.2 (java windows)
Content-Length: 104
Content-Type: application/json; charset=utf-8
host: localhost:54255
accept: */*

Response DefaultHttpResponse(decodeResult: success, version: HTTP/1.1)
HTTP/1.1 200 OK
Content-Type: application/json; charset=utf-8
cache-control: no-cache
content-length: 88

10:47:23.289 [AsyncHttpClient-1-5] DEBUG org.asynchttpclient.netty.channel.ChannelManager - Adding key: http://localhost:54255 for channel [id: 0xbe1f11b9, L:/127.0.0.1:57843 - R:localhost/127.0.0.1:54255]
10:47:23.291 [Forwarding getElementTagName on session d4b0389e12776dfbea58f9b5d2906541 to remote] DEBUG org.asynchttpclient.netty.request.NettyRequestSender - Using pooled Channel '[id: 0xbe1f11b9, L:/127.0.0.1:57843 - R:localhost/127.0.0.1:54255]' for 'GET' to 'http://localhost:54255/session/d4b0389e12776dfbea58f9b5d2906541/element/c45ea93f-6f95-497e-bb3d-862c4ca05ab9/name'
10:47:23.291 [Forwarding getElementTagName on session d4b0389e12776dfbea58f9b5d2906541 to remote] DEBUG org.asynchttpclient.netty.request.NettyRequestSender - Using open Channel [id: 0xbe1f11b9, L:/127.0.0.1:57843 - R:localhost/127.0.0.1:54255] for GET '/session/d4b0389e12776dfbea58f9b5d2906541/element/c45ea93f-6f95-497e-bb3d-862c4ca05ab9/name'
10:47:23.298 [AsyncHttpClient-1-5] DEBUG org.asynchttpclient.netty.handler.HttpHandler - 

Request DefaultFullHttpRequest(decodeResult: success, version: HTTP/1.1, content: EmptyByteBufBE)
GET /session/d4b0389e12776dfbea58f9b5d2906541/element/c45ea93f-6f95-497e-bb3d-862c4ca05ab9/name HTTP/1.1
User-Agent: selenium/4.1.2 (java windows)
Cache-Control: no-cache
Content-Type: application/json; charset=utf-8
host: localhost:54255
accept: */*

Response DefaultHttpResponse(decodeResult: success, version: HTTP/1.1)
HTTP/1.1 200 OK
Content-Type: application/json; charset=utf-8
cache-control: no-cache
content-length: 18

10:47:23.299 [AsyncHttpClient-1-5] DEBUG org.asynchttpclient.netty.channel.ChannelManager - Adding key: http://localhost:54255 for channel [id: 0xbe1f11b9, L:/127.0.0.1:57843 - R:localhost/127.0.0.1:54255]
10:47:23.302 [Forwarding getElementTagName on session d4b0389e12776dfbea58f9b5d2906541 to remote] DEBUG org.asynchttpclient.netty.request.NettyRequestSender - Using pooled Channel '[id: 0xbe1f11b9, L:/127.0.0.1:57843 - R:localhost/127.0.0.1:54255]' for 'GET' to 'http://localhost:54255/session/d4b0389e12776dfbea58f9b5d2906541/element/c45ea93f-6f95-497e-bb3d-862c4ca05ab9/name'
10:47:23.302 [Forwarding getElementTagName on session d4b0389e12776dfbea58f9b5d2906541 to remote] DEBUG org.asynchttpclient.netty.request.NettyRequestSender - Using open Channel [id: 0xbe1f11b9, L:/127.0.0.1:57843 - R:localhost/127.0.0.1:54255] for GET '/session/d4b0389e12776dfbea58f9b5d2906541/element/c45ea93f-6f95-497e-bb3d-862c4ca05ab9/name'
10:47:23.310 [AsyncHttpClient-1-5] DEBUG org.asynchttpclient.netty.handler.HttpHandler - 

Request DefaultFullHttpRequest(decodeResult: success, version: HTTP/1.1, content: EmptyByteBufBE)
GET /session/d4b0389e12776dfbea58f9b5d2906541/element/c45ea93f-6f95-497e-bb3d-862c4ca05ab9/name HTTP/1.1
User-Agent: selenium/4.1.2 (java windows)
Cache-Control: no-cache
Content-Type: application/json; charset=utf-8
host: localhost:54255
accept: */*

Response DefaultHttpResponse(decodeResult: success, version: HTTP/1.1)
HTTP/1.1 200 OK
Content-Type: application/json; charset=utf-8
cache-control: no-cache
content-length: 18

10:47:23.310 [AsyncHttpClient-1-5] DEBUG org.asynchttpclient.netty.channel.ChannelManager - Adding key: http://localhost:54255 for channel [id: 0xbe1f11b9, L:/127.0.0.1:57843 - R:localhost/127.0.0.1:54255]
10:47:23.313 [Forwarding isElementEnabled on session d4b0389e12776dfbea58f9b5d2906541 to remote] DEBUG org.asynchttpclient.netty.request.NettyRequestSender - Using pooled Channel '[id: 0xbe1f11b9, L:/127.0.0.1:57843 - R:localhost/127.0.0.1:54255]' for 'GET' to 'http://localhost:54255/session/d4b0389e12776dfbea58f9b5d2906541/element/c45ea93f-6f95-497e-bb3d-862c4ca05ab9/enabled'
10:47:23.313 [Forwarding isElementEnabled on session d4b0389e12776dfbea58f9b5d2906541 to remote] DEBUG org.asynchttpclient.netty.request.NettyRequestSender - Using open Channel [id: 0xbe1f11b9, L:/127.0.0.1:57843 - R:localhost/127.0.0.1:54255] for GET '/session/d4b0389e12776dfbea58f9b5d2906541/element/c45ea93f-6f95-497e-bb3d-862c4ca05ab9/enabled'
10:47:23.325 [AsyncHttpClient-1-5] DEBUG org.asynchttpclient.netty.handler.HttpHandler - 

Request DefaultFullHttpRequest(decodeResult: success, version: HTTP/1.1, content: EmptyByteBufBE)
GET /session/d4b0389e12776dfbea58f9b5d2906541/element/c45ea93f-6f95-497e-bb3d-862c4ca05ab9/enabled HTTP/1.1
User-Agent: selenium/4.1.2 (java windows)
Cache-Control: no-cache
Content-Type: application/json; charset=utf-8
host: localhost:54255
accept: */*

Response DefaultHttpResponse(decodeResult: success, version: HTTP/1.1)
HTTP/1.1 200 OK
Content-Type: application/json; charset=utf-8
cache-control: no-cache
content-length: 14

10:47:23.325 [AsyncHttpClient-1-5] DEBUG org.asynchttpclient.netty.channel.ChannelManager - Adding key: http://localhost:54255 for channel [id: 0xbe1f11b9, L:/127.0.0.1:57843 - R:localhost/127.0.0.1:54255]
10:47:23.326 [Forwarding isElementEnabled on session d4b0389e12776dfbea58f9b5d2906541 to remote] DEBUG org.asynchttpclient.netty.request.NettyRequestSender - Using pooled Channel '[id: 0xbe1f11b9, L:/127.0.0.1:57843 - R:localhost/127.0.0.1:54255]' for 'GET' to 'http://localhost:54255/session/d4b0389e12776dfbea58f9b5d2906541/element/c45ea93f-6f95-497e-bb3d-862c4ca05ab9/enabled'
10:47:23.326 [Forwarding isElementEnabled on session d4b0389e12776dfbea58f9b5d2906541 to remote] DEBUG org.asynchttpclient.netty.request.NettyRequestSender - Using open Channel [id: 0xbe1f11b9, L:/127.0.0.1:57843 - R:localhost/127.0.0.1:54255] for GET '/session/d4b0389e12776dfbea58f9b5d2906541/element/c45ea93f-6f95-497e-bb3d-862c4ca05ab9/enabled'
10:47:23.333 [AsyncHttpClient-1-5] DEBUG org.asynchttpclient.netty.handler.HttpHandler - 

Request DefaultFullHttpRequest(decodeResult: success, version: HTTP/1.1, content: EmptyByteBufBE)
GET /session/d4b0389e12776dfbea58f9b5d2906541/element/c45ea93f-6f95-497e-bb3d-862c4ca05ab9/enabled HTTP/1.1
User-Agent: selenium/4.1.2 (java windows)
Cache-Control: no-cache
Content-Type: application/json; charset=utf-8
host: localhost:54255
accept: */*

Response DefaultHttpResponse(decodeResult: success, version: HTTP/1.1)
HTTP/1.1 200 OK
Content-Type: application/json; charset=utf-8
cache-control: no-cache
content-length: 14

10:47:23.333 [AsyncHttpClient-1-5] DEBUG org.asynchttpclient.netty.channel.ChannelManager - Adding key: http://localhost:54255 for channel [id: 0xbe1f11b9, L:/127.0.0.1:57843 - R:localhost/127.0.0.1:54255]
10:47:23.335 [Forwarding findElement on session d4b0389e12776dfbea58f9b5d2906541 to remote] DEBUG org.asynchttpclient.netty.request.NettyRequestSender - Using pooled Channel '[id: 0xbe1f11b9, L:/127.0.0.1:57843 - R:localhost/127.0.0.1:54255]' for 'POST' to 'http://localhost:54255/session/d4b0389e12776dfbea58f9b5d2906541/element'
10:47:23.335 [Forwarding findElement on session d4b0389e12776dfbea58f9b5d2906541 to remote] DEBUG org.asynchttpclient.netty.request.NettyRequestSender - Using open Channel [id: 0xbe1f11b9, L:/127.0.0.1:57843 - R:localhost/127.0.0.1:54255] for POST '/session/d4b0389e12776dfbea58f9b5d2906541/element'
10:47:23.344 [AsyncHttpClient-1-5] DEBUG org.asynchttpclient.netty.handler.HttpHandler - 

Request DefaultHttpRequest(decodeResult: success, version: HTTP/1.1)
POST /session/d4b0389e12776dfbea58f9b5d2906541/element HTTP/1.1
User-Agent: selenium/4.1.2 (java windows)
Content-Length: 104
Content-Type: application/json; charset=utf-8
host: localhost:54255
accept: */*

Response DefaultHttpResponse(decodeResult: success, version: HTTP/1.1)
HTTP/1.1 200 OK
Content-Type: application/json; charset=utf-8
cache-control: no-cache
content-length: 88

10:47:23.345 [AsyncHttpClient-1-5] DEBUG org.asynchttpclient.netty.channel.ChannelManager - Adding key: http://localhost:54255 for channel [id: 0xbe1f11b9, L:/127.0.0.1:57843 - R:localhost/127.0.0.1:54255]
10:47:23.345 [Forwarding clickElement on session d4b0389e12776dfbea58f9b5d2906541 to remote] DEBUG org.asynchttpclient.netty.request.NettyRequestSender - Using pooled Channel '[id: 0xbe1f11b9, L:/127.0.0.1:57843 - R:localhost/127.0.0.1:54255]' for 'POST' to 'http://localhost:54255/session/d4b0389e12776dfbea58f9b5d2906541/element/c45ea93f-6f95-497e-bb3d-862c4ca05ab9/click'
10:47:23.345 [Forwarding clickElement on session d4b0389e12776dfbea58f9b5d2906541 to remote] DEBUG org.asynchttpclient.netty.request.NettyRequestSender - Using open Channel [id: 0xbe1f11b9, L:/127.0.0.1:57843 - R:localhost/127.0.0.1:54255] for POST '/session/d4b0389e12776dfbea58f9b5d2906541/element/c45ea93f-6f95-497e-bb3d-862c4ca05ab9/click'
10:47:23.436 [AsyncHttpClient-1-5] DEBUG org.asynchttpclient.netty.handler.HttpHandler - 

Request DefaultHttpRequest(decodeResult: success, version: HTTP/1.1)
POST /session/d4b0389e12776dfbea58f9b5d2906541/element/c45ea93f-6f95-497e-bb3d-862c4ca05ab9/click HTTP/1.1
User-Agent: selenium/4.1.2 (java windows)
Content-Length: 50
Content-Type: application/json; charset=utf-8
host: localhost:54255
accept: */*

Response DefaultHttpResponse(decodeResult: success, version: HTTP/1.1)
HTTP/1.1 200 OK
Content-Type: application/json; charset=utf-8
cache-control: no-cache
content-length: 14

10:47:23.436 [AsyncHttpClient-1-5] DEBUG org.asynchttpclient.netty.channel.ChannelManager - Adding key: http://localhost:54255 for channel [id: 0xbe1f11b9, L:/127.0.0.1:57843 - R:localhost/127.0.0.1:54255]
10:47:23.444 [Forwarding screenshot on session d4b0389e12776dfbea58f9b5d2906541 to remote] DEBUG org.asynchttpclient.netty.request.NettyRequestSender - Using pooled Channel '[id: 0xbe1f11b9, L:/127.0.0.1:57843 - R:localhost/127.0.0.1:54255]' for 'GET' to 'http://localhost:54255/session/d4b0389e12776dfbea58f9b5d2906541/screenshot'
10:47:23.444 [Forwarding screenshot on session d4b0389e12776dfbea58f9b5d2906541 to remote] DEBUG org.asynchttpclient.netty.request.NettyRequestSender - Using open Channel [id: 0xbe1f11b9, L:/127.0.0.1:57843 - R:localhost/127.0.0.1:54255] for GET '/session/d4b0389e12776dfbea58f9b5d2906541/screenshot'
10:47:23.575 [AsyncHttpClient-1-5] DEBUG org.asynchttpclient.netty.handler.HttpHandler - 

Request DefaultFullHttpRequest(decodeResult: success, version: HTTP/1.1, content: EmptyByteBufBE)
GET /session/d4b0389e12776dfbea58f9b5d2906541/screenshot HTTP/1.1
User-Agent: selenium/4.1.2 (java windows)
Cache-Control: no-cache
Content-Type: application/json; charset=utf-8
host: localhost:54255
accept: */*

Response DefaultHttpResponse(decodeResult: success, version: HTTP/1.1)
HTTP/1.1 200 OK
Content-Type: application/json; charset=utf-8
cache-control: no-cache
content-length: 90384

10:47:23.576 [AsyncHttpClient-1-5] DEBUG org.asynchttpclient.netty.channel.ChannelManager - Adding key: http://localhost:54255 for channel [id: 0xbe1f11b9, L:/127.0.0.1:57843 - R:localhost/127.0.0.1:54255]
10:47:23.585 [main] DEBUG net.serenitybdd.core.photography.Darkroom - Send negative for processing for target\site\serenity\54c28dec621ec8552584b3090b3947c7654828397697158405920578bf4f4b08.png
10:47:23.585 [main] DEBUG net.thucydides.core.steps.StepInterceptor - STEP DONE: clickEditDoctorXButton
  &amp#27;[32mThen &amp#27;[0m&amp#27;[32mI click Edit Doctor form x button&amp#27;[0m   &amp#27;[90m# starter.stepdefinitions.DoctorSteps.iClickEditDoctorFormXButton()&amp#27;[0m
10:47:23.586 [Darkroom Processing Line] DEBUG net.serenitybdd.core.photography.DarkroomProcessingLine - Processing screenshot image in /var/screenshots/screenshot-9033054873682617468
10:47:23.586 [Darkroom Processing Line] DEBUG net.serenitybdd.core.photography.DarkroomProcessingLine - Saving screenshot to target\site\serenity\54c28dec621ec8552584b3090b3947c7654828397697158405920578bf4f4b08.png
10:47:23.592 [main] INFO  - 
  _____   ___   ___   _____     ___     _     ___   ___   ___   ___  
 |_   _| | __| / __| |_   _|   | _ \   /_\   / __| / __| | __| |   \ 
   | |   | _|  \__ \   | |     |  _/  / _ \  \__ \ \__ \ | _|  | |) |
   |_|   |___| |___/   |_|     |_|   /_/ \_\ |___/ |___/ |___| |___/ 

Cancel Edit Doctor Data Scenario
----------------------------------------------------------------------
10:47:23.594 [AsyncHttpClient-1-7] DEBUG org.asynchttpclient.netty.handler.WebSocketHandler - Channel Closed: [id: 0x51aaae2d, L:/127.0.0.1:57851 ! R:localhost/127.0.0.1:57844] with attribute NettyResponseFuture{currentRetry=5,
	isDone=1,
	isCancelled=0,
	asyncHandler=org.asynchttpclient.ws.WebSocketUpgradeHandler@563d92c4,
	nettyRequest=org.asynchttpclient.netty.request.NettyRequest@7585c11b,
	future=java.util.concurrent.CompletableFuture@910f4e9[Completed normally],
	uri=ws://localhost:57844/devtools/browser/24276285-8e12-4757-b65d-51d97ea7f679,
	keepAlive=true,
	redirectCount=0,
	timeoutsHolder=null,
	inAuth=0,
	touch=1655783236373}
10:47:23.594 [AsyncHttpClient-1-7] DEBUG org.asynchttpclient.netty.channel.ChannelManager - Closing Channel [id: 0x51aaae2d, L:/127.0.0.1:57851 ! R:localhost/127.0.0.1:57844] 
10:47:23.594 [Driver Command Executor] DEBUG org.asynchttpclient.netty.request.NettyRequestSender - Using pooled Channel '[id: 0xbe1f11b9, L:/127.0.0.1:57843 - R:localhost/127.0.0.1:54255]' for 'DELETE' to 'http://localhost:54255/session/d4b0389e12776dfbea58f9b5d2906541'
10:47:23.594 [Driver Command Executor] DEBUG org.asynchttpclient.netty.request.NettyRequestSender - Using open Channel [id: 0xbe1f11b9, L:/127.0.0.1:57843 - R:localhost/127.0.0.1:54255] for DELETE '/session/d4b0389e12776dfbea58f9b5d2906541'
10:47:23.623 [AsyncHttpClient-1-6] DEBUG org.asynchttpclient.netty.handler.HttpHandler - Unexpected I/O exception on channel [id: 0x70a691e9, L:/127.0.0.1:57850 - R:localhost/127.0.0.1:57844]
java.net.SocketException: Connection reset
	at java.base/sun.nio.ch.SocketChannelImpl.throwConnectionReset(SocketChannelImpl.java:367)
	at java.base/sun.nio.ch.SocketChannelImpl.read(SocketChannelImpl.java:398)
	at io.netty.buffer.PooledByteBuf.setBytes(PooledByteBuf.java:258)
	at io.netty.buffer.AbstractByteBuf.writeBytes(AbstractByteBuf.java:1132)
	at io.netty.channel.socket.nio.NioSocketChannel.doReadBytes(NioSocketChannel.java:350)
	at io.netty.channel.nio.AbstractNioByteChannel$NioByteUnsafe.read(AbstractNioByteChannel.java:151)
	at io.netty.channel.nio.NioEventLoop.processSelectedKey(NioEventLoop.java:722)
	at io.netty.channel.nio.NioEventLoop.processSelectedKeysOptimized(NioEventLoop.java:658)
	at io.netty.channel.nio.NioEventLoop.processSelectedKeys(NioEventLoop.java:584)
	at io.netty.channel.nio.NioEventLoop.run(NioEventLoop.java:496)
	at io.netty.util.concurrent.SingleThreadEventExecutor$4.run(SingleThreadEventExecutor.java:986)
	at io.netty.util.internal.ThreadExecutorMap$2.run(ThreadExecutorMap.java:74)
	at io.netty.util.concurrent.FastThreadLocalRunnable.run(FastThreadLocalRunnable.java:30)
	at java.base/java.lang.Thread.run(Thread.java:832)
10:47:23.623 [AsyncHttpClient-1-6] DEBUG org.asynchttpclient.netty.channel.ChannelManager - Closing Channel [id: 0x70a691e9, L:/127.0.0.1:57850 - R:localhost/127.0.0.1:57844] 
10:47:23.623 [AsyncHttpClient-1-6] DEBUG org.asynchttpclient.netty.handler.HttpHandler - Channel Closed: [id: 0x70a691e9, L:/127.0.0.1:57850 ! R:localhost/127.0.0.1:57844] with attribute DISCARD
10:47:23.671 [AsyncHttpClient-1-5] DEBUG org.asynchttpclient.netty.handler.HttpHandler - 

Request DefaultFullHttpRequest(decodeResult: success, version: HTTP/1.1, content: EmptyByteBufBE)
DELETE /session/d4b0389e12776dfbea58f9b5d2906541 HTTP/1.1
User-Agent: selenium/4.1.2 (java windows)
Content-Type: application/json; charset=utf-8
host: localhost:54255
accept: */*

Response DefaultHttpResponse(decodeResult: success, version: HTTP/1.1)
HTTP/1.1 200 OK
Content-Type: application/json; charset=utf-8
cache-control: no-cache
content-length: 14

10:47:23.672 [AsyncHttpClient-1-5] DEBUG org.asynchttpclient.netty.channel.ChannelManager - Adding key: http://localhost:54255 for channel [id: 0xbe1f11b9, L:/127.0.0.1:57843 - R:localhost/127.0.0.1:54255]
10:47:23.807 [AsyncHttpClient-1-5] DEBUG org.asynchttpclient.netty.handler.HttpHandler - Channel Closed: [id: 0xbe1f11b9, L:/127.0.0.1:57843 ! R:localhost/127.0.0.1:54255] with attribute DISCARD
10:47:24.266 [AsyncHttpClient-1-1] DEBUG org.asynchttpclient.netty.channel.DefaultChannelPool - Entry count for : http://localhost:54255 : 1
10:47:24.266 [AsyncHttpClient-1-1] DEBUG org.asynchttpclient.netty.channel.DefaultChannelPool - Entry count for : http://localhost:57844 : 1
10:47:24.266 [AsyncHttpClient-1-1] DEBUG org.asynchttpclient.netty.channel.DefaultChannelPool - Adding Candidate expired Channel [id: 0xbe1f11b9, L:/127.0.0.1:57843 ! R:localhost/127.0.0.1:54255] isIdleTimeoutExpired=false isRemotelyClosed=true isTtlExpired=false
10:47:24.266 [AsyncHttpClient-1-1] DEBUG org.asynchttpclient.netty.channel.DefaultChannelPool - Closing Idle Channel [id: 0xbe1f11b9, L:/127.0.0.1:57843 ! R:localhost/127.0.0.1:54255]
10:47:24.266 [AsyncHttpClient-1-1] DEBUG org.asynchttpclient.netty.channel.DefaultChannelPool - Adding Candidate expired Channel [id: 0x70a691e9, L:/127.0.0.1:57850 ! R:localhost/127.0.0.1:57844] isIdleTimeoutExpired=false isRemotelyClosed=true isTtlExpired=false
10:47:24.266 [AsyncHttpClient-1-1] DEBUG org.asynchttpclient.netty.channel.DefaultChannelPool - Closing Idle Channel [id: 0x70a691e9, L:/127.0.0.1:57850 ! R:localhost/127.0.0.1:57844]
10:47:24.266 [AsyncHttpClient-1-1] DEBUG org.asynchttpclient.netty.channel.DefaultChannelPool - Closed 2 connections out of 2 in 0 ms
]]></system-out>
    <system-err><![CDATA[Starting ChromeDriver 102.0.5005.61 (0e59bcc00cc4985ce39ad31c150065f159d95ad3-refs/branch-heads/5005@{#819}) on port 54255
Only local connections are allowed.
Please see https://chromedriver.chromium.org/security-considerations for suggestions on keeping ChromeDriver safe.
ChromeDriver was started successfully.
Jun 21, 2022 10:47:16 AM org.openqa.selenium.remote.ProtocolHandshake createSession
INFO: Detected dialect: W3C
Jun 21, 2022 10:47:16 AM org.openqa.selenium.devtools.CdpVersionFinder findNearestMatch
WARNING: Unable to find an exact match for CDP version 102, so returning the closest version found: a no-op implementation
Jun 21, 2022 10:47:16 AM org.openqa.selenium.devtools.CdpVersionFinder findNearestMatch
INFO: Unable to find CDP implementation matching 102.
Jun 21, 2022 10:47:16 AM org.openqa.selenium.chromium.ChromiumDriver lambda$new$3
WARNING: Unable to find version of CDP to use for . You may need to include a dependency on a specific version of the CDP using something similar to `org.seleniumhq.selenium:selenium-devtools-v86:4.1.2` where the version ("v86") matches the version of the chromium-based browser you're using and the version number of the artifact is the same as Selenium's.
]]></system-err>
  </testcase>
  <testcase name="Cancel Delete Doctor Data Scenario" classname="Doctor" time="9.414">
    <system-out><![CDATA[
@Doctor @CancelDeleteDoctor
Scenario: Cancel Delete Doctor Data Scenario           &amp#27;[90m# src/test/resources/features/3.Doctor.feature:40&amp#27;[0m
10:47:24.337 [main] INFO io.cucumber.core.plugin.SerenityReporter - Running feature from file:///E:/My%20Documents/File%20Difa/TI%20Semester%206%20Kampus%20Merdeka%20Alterra/Tugas/CAPSTONE%20Project/Capstone-Project-Website/src/test/resources/features/3.Doctor.feature
10:47:24.340 [main] INFO  - 
  _____   ___   ___   _____     ___   _____     _     ___   _____   ___   ___  
 |_   _| | __| / __| |_   _|   / __| |_   _|   /_\   | _ \ |_   _| | __| |   \ 
   | |   | _|  \__ \   | |     \__ \   | |    / _ \  |   /   | |   | _|  | |) |
   |_|   |___| |___/   |_|     |___/   |_|   /_/ \_\ |_|_\   |_|   |___| |___/ 

Cancel Delete Doctor Data Scenario(doctor;cancel-delete-doctor-data-scenario)
--------------------------------------------------------------------------------
10:47:24.370 [main] DEBUG net.thucydides.core.steps.StepInterceptor - STARTING STEP: PatientSteps.iAmAtTheDashboardPage - openUrl
10:47:24.373 [main] INFO net.serenitybdd.core.webdriver.driverproviders.ChromeDriverProvider - Using automatically driver download
10:47:25.007 [main] DEBUG io.github.bonigarcia.wdm.cache.ResolutionCache - Resolution chrome=102 in cache (valid until 11:37:46 21/06/2022 ICT)
10:47:25.016 [main] DEBUG io.github.bonigarcia.wdm.cache.ResolutionCache - Resolution chrome102=102.0.5005.61 in cache (valid until 09:22:16 22/06/2022 ICT)
10:47:25.021 [main] INFO io.github.bonigarcia.wdm.WebDriverManager - Using chromedriver 102.0.5005.61 (resolved driver for Chrome 102)
10:47:25.050 [main] DEBUG io.github.bonigarcia.wdm.WebDriverManager - Driver chromedriver 102.0.5005.61 found in cache
10:47:25.051 [main] INFO io.github.bonigarcia.wdm.WebDriverManager - Exporting webdriver.chrome.driver as C:\Users\USER\.cache\selenium\chromedriver\win32\102.0.5005.61\chromedriver.exe
10:47:25.353 [main] DEBUG net.serenitybdd.core.webdriver.driverproviders.ProvideNewDriver - Instantiating driver
10:47:25.353 [main] DEBUG net.serenitybdd.core.webdriver.driverproviders.ProvideNewDriver - Driver capabilities: Capabilities {acceptInsecureCerts: false, base.url: https://hospital-management..., browserName: chrome, chrome.driver: src/test/resources/webdrive..., driver: chrome, goog:chromeOptions: {args: [], extensions: []}}
10:47:25.909 [AsyncHttpClient-1-8] DEBUG org.asynchttpclient.netty.channel.NettyConnectListener - Using new Channel '[id: 0xf6f16080, L:/127.0.0.1:57866 - R:localhost/127.0.0.1:58736]' for 'POST' to '/session'
10:47:27.719 [AsyncHttpClient-1-8] DEBUG org.asynchttpclient.netty.handler.HttpHandler - 

Request DefaultHttpRequest(decodeResult: success, version: HTTP/1.1)
POST /session HTTP/1.1
User-Agent: selenium/4.1.2 (java windows)
Content-Length: 621
Content-Type: application/json; charset=utf-8
host: localhost:58736
accept: */*

Response DefaultHttpResponse(decodeResult: success, version: HTTP/1.1)
HTTP/1.1 200 OK
Content-Type: application/json; charset=utf-8
cache-control: no-cache
content-length: 789

10:47:27.719 [AsyncHttpClient-1-8] DEBUG org.asynchttpclient.netty.channel.ChannelManager - Adding key: http://localhost:58736 for channel [id: 0xf6f16080, L:/127.0.0.1:57866 - R:localhost/127.0.0.1:58736]
10:47:27.735 [AsyncHttpClient-1-9] DEBUG org.asynchttpclient.netty.channel.NettyConnectListener - Using new Channel '[id: 0x6d03c26a, L:/127.0.0.1:57872 - R:localhost/127.0.0.1:57867]' for 'GET' to '/json/version'
10:47:27.736 [AsyncHttpClient-1-9] DEBUG org.asynchttpclient.netty.handler.HttpHandler - 

Request DefaultFullHttpRequest(decodeResult: success, version: HTTP/1.1, content: EmptyByteBufBE)
GET /json/version HTTP/1.1
User-Agent: selenium/4.1.2 (java windows)
host: localhost:57867
accept: */*

Response DefaultHttpResponse(decodeResult: success, version: HTTP/1.1)
HTTP/1.1 200 OK
Content-Type: application/json; charset=UTF-8
content-length: 427

10:47:27.736 [AsyncHttpClient-1-9] DEBUG org.asynchttpclient.netty.channel.ChannelManager - Adding key: http://localhost:57867 for channel [id: 0x6d03c26a, L:/127.0.0.1:57872 - R:localhost/127.0.0.1:57867]
10:47:27.739 [AsyncHttpClient-1-2] DEBUG org.asynchttpclient.netty.channel.NettyConnectListener - Using new Channel '[id: 0xe7f8d405, L:/127.0.0.1:57873 - R:localhost/127.0.0.1:57867]' for 'GET' to '/devtools/browser/7476cd4e-cdb5-4ace-8470-74c1d03f61fa'
10:47:27.750 [AsyncHttpClient-1-2] DEBUG org.asynchttpclient.netty.handler.WebSocketHandler - 

Request DefaultFullHttpRequest(decodeResult: success, version: HTTP/1.1, content: EmptyByteBufBE)
GET /devtools/browser/7476cd4e-cdb5-4ace-8470-74c1d03f61fa HTTP/1.1
upgrade: websocket
connection: upgrade
sec-websocket-key: H2jbTeoTnO4KUHYCckZ9hg==
sec-websocket-version: 13
origin: http://localhost:57867
host: localhost:57867
accept: */*
user-agent: AHC/2.1

Response DefaultHttpResponse(decodeResult: success, version: HTTP/1.1)
HTTP/1.1 101 WebSocket Protocol Handshake
Upgrade: WebSocket
Connection: Upgrade
Sec-WebSocket-Accept: R6CXiDiaK5ZDonPacIJoiI4hhzg=

10:47:27.760 [Forwarding maximizeCurrentWindow on session 737ab542e8804fd062e1fbe2ab0bc144 to remote] DEBUG org.asynchttpclient.netty.request.NettyRequestSender - Using pooled Channel '[id: 0xf6f16080, L:/127.0.0.1:57866 - R:localhost/127.0.0.1:58736]' for 'POST' to 'http://localhost:58736/session/737ab542e8804fd062e1fbe2ab0bc144/window/maximize'
10:47:27.760 [Forwarding maximizeCurrentWindow on session 737ab542e8804fd062e1fbe2ab0bc144 to remote] DEBUG org.asynchttpclient.netty.request.NettyRequestSender - Using open Channel [id: 0xf6f16080, L:/127.0.0.1:57866 - R:localhost/127.0.0.1:58736] for POST '/session/737ab542e8804fd062e1fbe2ab0bc144/window/maximize'
10:47:27.901 [AsyncHttpClient-1-8] DEBUG org.asynchttpclient.netty.handler.HttpHandler - 

Request DefaultHttpRequest(decodeResult: success, version: HTTP/1.1)
POST /session/737ab542e8804fd062e1fbe2ab0bc144/window/maximize HTTP/1.1
User-Agent: selenium/4.1.2 (java windows)
Content-Length: 3
Content-Type: application/json; charset=utf-8
host: localhost:58736
accept: */*

Response DefaultHttpResponse(decodeResult: success, version: HTTP/1.1)
HTTP/1.1 200 OK
Content-Type: application/json; charset=utf-8
cache-control: no-cache
content-length: 51

10:47:27.902 [AsyncHttpClient-1-8] DEBUG org.asynchttpclient.netty.channel.ChannelManager - Adding key: http://localhost:58736 for channel [id: 0xf6f16080, L:/127.0.0.1:57866 - R:localhost/127.0.0.1:58736]
10:47:27.903 [Forwarding get on session 737ab542e8804fd062e1fbe2ab0bc144 to remote] DEBUG org.asynchttpclient.netty.request.NettyRequestSender - Using pooled Channel '[id: 0xf6f16080, L:/127.0.0.1:57866 - R:localhost/127.0.0.1:58736]' for 'POST' to 'http://localhost:58736/session/737ab542e8804fd062e1fbe2ab0bc144/url'
10:47:27.903 [Forwarding get on session 737ab542e8804fd062e1fbe2ab0bc144 to remote] DEBUG org.asynchttpclient.netty.request.NettyRequestSender - Using open Channel [id: 0xf6f16080, L:/127.0.0.1:57866 - R:localhost/127.0.0.1:58736] for POST '/session/737ab542e8804fd062e1fbe2ab0bc144/url'
10:47:28.765 [AsyncHttpClient-1-1] DEBUG org.asynchttpclient.netty.channel.DefaultChannelPool - Entry count for : http://localhost:57867 : 1
10:47:29.866 [AsyncHttpClient-1-1] DEBUG org.asynchttpclient.netty.channel.DefaultChannelPool - Entry count for : http://localhost:57867 : 1
10:47:30.416 [AsyncHttpClient-1-8] DEBUG org.asynchttpclient.netty.handler.HttpHandler - 

Request DefaultHttpRequest(decodeResult: success, version: HTTP/1.1)
POST /session/737ab542e8804fd062e1fbe2ab0bc144/url HTTP/1.1
User-Agent: selenium/4.1.2 (java windows)
Content-Length: 65
Content-Type: application/json; charset=utf-8
host: localhost:58736
accept: */*

Response DefaultHttpResponse(decodeResult: success, version: HTTP/1.1)
HTTP/1.1 200 OK
Content-Type: application/json; charset=utf-8
cache-control: no-cache
content-length: 14

10:47:30.416 [AsyncHttpClient-1-8] DEBUG org.asynchttpclient.netty.channel.ChannelManager - Adding key: http://localhost:58736 for channel [id: 0xf6f16080, L:/127.0.0.1:57866 - R:localhost/127.0.0.1:58736]
10:47:30.418 [Forwarding setTimeout on session 737ab542e8804fd062e1fbe2ab0bc144 to remote] DEBUG org.asynchttpclient.netty.request.NettyRequestSender - Using pooled Channel '[id: 0xf6f16080, L:/127.0.0.1:57866 - R:localhost/127.0.0.1:58736]' for 'POST' to 'http://localhost:58736/session/737ab542e8804fd062e1fbe2ab0bc144/timeouts'
10:47:30.418 [Forwarding setTimeout on session 737ab542e8804fd062e1fbe2ab0bc144 to remote] DEBUG org.asynchttpclient.netty.request.NettyRequestSender - Using open Channel [id: 0xf6f16080, L:/127.0.0.1:57866 - R:localhost/127.0.0.1:58736] for POST '/session/737ab542e8804fd062e1fbe2ab0bc144/timeouts'
10:47:30.419 [AsyncHttpClient-1-8] DEBUG org.asynchttpclient.netty.handler.HttpHandler - 

Request DefaultHttpRequest(decodeResult: success, version: HTTP/1.1)
POST /session/737ab542e8804fd062e1fbe2ab0bc144/timeouts HTTP/1.1
User-Agent: selenium/4.1.2 (java windows)
Content-Length: 22
Content-Type: application/json; charset=utf-8
host: localhost:58736
accept: */*

Response DefaultHttpResponse(decodeResult: success, version: HTTP/1.1)
HTTP/1.1 200 OK
Content-Type: application/json; charset=utf-8
cache-control: no-cache
content-length: 14

10:47:30.419 [AsyncHttpClient-1-8] DEBUG org.asynchttpclient.netty.channel.ChannelManager - Adding key: http://localhost:58736 for channel [id: 0xf6f16080, L:/127.0.0.1:57866 - R:localhost/127.0.0.1:58736]
10:47:30.426 [Forwarding getCurrentUrl on session 737ab542e8804fd062e1fbe2ab0bc144 to remote] DEBUG org.asynchttpclient.netty.request.NettyRequestSender - Using pooled Channel '[id: 0xf6f16080, L:/127.0.0.1:57866 - R:localhost/127.0.0.1:58736]' for 'GET' to 'http://localhost:58736/session/737ab542e8804fd062e1fbe2ab0bc144/url'
10:47:30.426 [Forwarding getCurrentUrl on session 737ab542e8804fd062e1fbe2ab0bc144 to remote] DEBUG org.asynchttpclient.netty.request.NettyRequestSender - Using open Channel [id: 0xf6f16080, L:/127.0.0.1:57866 - R:localhost/127.0.0.1:58736] for GET '/session/737ab542e8804fd062e1fbe2ab0bc144/url'
10:47:30.435 [AsyncHttpClient-1-8] DEBUG org.asynchttpclient.netty.handler.HttpHandler - 

Request DefaultFullHttpRequest(decodeResult: success, version: HTTP/1.1, content: EmptyByteBufBE)
GET /session/737ab542e8804fd062e1fbe2ab0bc144/url HTTP/1.1
User-Agent: selenium/4.1.2 (java windows)
Cache-Control: no-cache
Content-Type: application/json; charset=utf-8
host: localhost:58736
accept: */*

Response DefaultHttpResponse(decodeResult: success, version: HTTP/1.1)
HTTP/1.1 200 OK
Content-Type: application/json; charset=utf-8
cache-control: no-cache
content-length: 53

10:47:30.435 [AsyncHttpClient-1-8] DEBUG org.asynchttpclient.netty.channel.ChannelManager - Adding key: http://localhost:58736 for channel [id: 0xf6f16080, L:/127.0.0.1:57866 - R:localhost/127.0.0.1:58736]
10:47:30.441 [Forwarding getCurrentUrl on session 737ab542e8804fd062e1fbe2ab0bc144 to remote] DEBUG org.asynchttpclient.netty.request.NettyRequestSender - Using pooled Channel '[id: 0xf6f16080, L:/127.0.0.1:57866 - R:localhost/127.0.0.1:58736]' for 'GET' to 'http://localhost:58736/session/737ab542e8804fd062e1fbe2ab0bc144/url'
10:47:30.441 [Forwarding getCurrentUrl on session 737ab542e8804fd062e1fbe2ab0bc144 to remote] DEBUG org.asynchttpclient.netty.request.NettyRequestSender - Using open Channel [id: 0xf6f16080, L:/127.0.0.1:57866 - R:localhost/127.0.0.1:58736] for GET '/session/737ab542e8804fd062e1fbe2ab0bc144/url'
10:47:30.446 [AsyncHttpClient-1-8] DEBUG org.asynchttpclient.netty.handler.HttpHandler - 

Request DefaultFullHttpRequest(decodeResult: success, version: HTTP/1.1, content: EmptyByteBufBE)
GET /session/737ab542e8804fd062e1fbe2ab0bc144/url HTTP/1.1
User-Agent: selenium/4.1.2 (java windows)
Cache-Control: no-cache
Content-Type: application/json; charset=utf-8
host: localhost:58736
accept: */*

Response DefaultHttpResponse(decodeResult: success, version: HTTP/1.1)
HTTP/1.1 200 OK
Content-Type: application/json; charset=utf-8
cache-control: no-cache
content-length: 53

10:47:30.446 [AsyncHttpClient-1-8] DEBUG org.asynchttpclient.netty.channel.ChannelManager - Adding key: http://localhost:58736 for channel [id: 0xf6f16080, L:/127.0.0.1:57866 - R:localhost/127.0.0.1:58736]
10:47:30.456 [Forwarding screenshot on session 737ab542e8804fd062e1fbe2ab0bc144 to remote] DEBUG org.asynchttpclient.netty.request.NettyRequestSender - Using pooled Channel '[id: 0xf6f16080, L:/127.0.0.1:57866 - R:localhost/127.0.0.1:58736]' for 'GET' to 'http://localhost:58736/session/737ab542e8804fd062e1fbe2ab0bc144/screenshot'
10:47:30.457 [Forwarding screenshot on session 737ab542e8804fd062e1fbe2ab0bc144 to remote] DEBUG org.asynchttpclient.netty.request.NettyRequestSender - Using open Channel [id: 0xf6f16080, L:/127.0.0.1:57866 - R:localhost/127.0.0.1:58736] for GET '/session/737ab542e8804fd062e1fbe2ab0bc144/screenshot'
10:47:30.792 [AsyncHttpClient-1-8] DEBUG org.asynchttpclient.netty.handler.HttpHandler - 

Request DefaultFullHttpRequest(decodeResult: success, version: HTTP/1.1, content: EmptyByteBufBE)
GET /session/737ab542e8804fd062e1fbe2ab0bc144/screenshot HTTP/1.1
User-Agent: selenium/4.1.2 (java windows)
Cache-Control: no-cache
Content-Type: application/json; charset=utf-8
host: localhost:58736
accept: */*

Response DefaultHttpResponse(decodeResult: success, version: HTTP/1.1)
HTTP/1.1 200 OK
Content-Type: application/json; charset=utf-8
cache-control: no-cache
content-length: 382596

10:47:30.795 [AsyncHttpClient-1-8] DEBUG org.asynchttpclient.netty.channel.ChannelManager - Adding key: http://localhost:58736 for channel [id: 0xf6f16080, L:/127.0.0.1:57866 - R:localhost/127.0.0.1:58736]
10:47:30.956 [main] DEBUG net.serenitybdd.core.photography.Darkroom - Send negative for processing for target\site\serenity\ed15a54c91c342d96a850276df7b559f4526b370fc93040e3c407a48a170f368.png
10:47:30.957 [main] DEBUG net.thucydides.core.steps.StepInterceptor - STEP DONE: openUrl
10:47:30.965 [AsyncHttpClient-1-1] DEBUG org.asynchttpclient.netty.channel.DefaultChannelPool - Entry count for : http://localhost:57867 : 1
10:47:30.965 [AsyncHttpClient-1-1] DEBUG org.asynchttpclient.netty.channel.DefaultChannelPool - Entry count for : http://localhost:58736 : 1
10:47:30.967 [main] DEBUG net.thucydides.core.steps.StepInterceptor - STARTING STEP: PatientSteps.iAmAtTheDashboardPage - validateOnDashboardPage
10:47:30.970 [Forwarding findElement on session 737ab542e8804fd062e1fbe2ab0bc144 to remote] DEBUG org.asynchttpclient.netty.request.NettyRequestSender - Using pooled Channel '[id: 0xf6f16080, L:/127.0.0.1:57866 - R:localhost/127.0.0.1:58736]' for 'POST' to 'http://localhost:58736/session/737ab542e8804fd062e1fbe2ab0bc144/element'
10:47:30.970 [Forwarding findElement on session 737ab542e8804fd062e1fbe2ab0bc144 to remote] DEBUG org.asynchttpclient.netty.request.NettyRequestSender - Using open Channel [id: 0xf6f16080, L:/127.0.0.1:57866 - R:localhost/127.0.0.1:58736] for POST '/session/737ab542e8804fd062e1fbe2ab0bc144/element'
10:47:30.992 [AsyncHttpClient-1-8] DEBUG org.asynchttpclient.netty.handler.HttpHandler - 

Request DefaultHttpRequest(decodeResult: success, version: HTTP/1.1)
POST /session/737ab542e8804fd062e1fbe2ab0bc144/element HTTP/1.1
User-Agent: selenium/4.1.2 (java windows)
Content-Length: 81
Content-Type: application/json; charset=utf-8
host: localhost:58736
accept: */*

Response DefaultHttpResponse(decodeResult: success, version: HTTP/1.1)
HTTP/1.1 200 OK
Content-Type: application/json; charset=utf-8
cache-control: no-cache
content-length: 88

10:47:30.992 [AsyncHttpClient-1-8] DEBUG org.asynchttpclient.netty.channel.ChannelManager - Adding key: http://localhost:58736 for channel [id: 0xf6f16080, L:/127.0.0.1:57866 - R:localhost/127.0.0.1:58736]
10:47:30.997 [Forwarding isElementDisplayed on session 737ab542e8804fd062e1fbe2ab0bc144 to remote] DEBUG org.asynchttpclient.netty.request.NettyRequestSender - Using pooled Channel '[id: 0xf6f16080, L:/127.0.0.1:57866 - R:localhost/127.0.0.1:58736]' for 'POST' to 'http://localhost:58736/session/737ab542e8804fd062e1fbe2ab0bc144/execute/sync'
10:47:30.997 [Forwarding isElementDisplayed on session 737ab542e8804fd062e1fbe2ab0bc144 to remote] DEBUG org.asynchttpclient.netty.request.NettyRequestSender - Using open Channel [id: 0xf6f16080, L:/127.0.0.1:57866 - R:localhost/127.0.0.1:58736] for POST '/session/737ab542e8804fd062e1fbe2ab0bc144/execute/sync'
10:47:31.024 [AsyncHttpClient-1-8] DEBUG org.asynchttpclient.netty.handler.HttpHandler - 

Request DefaultHttpRequest(decodeResult: success, version: HTTP/1.1)
POST /session/737ab542e8804fd062e1fbe2ab0bc144/execute/sync HTTP/1.1
User-Agent: selenium/4.1.2 (java windows)
Content-Length: 48780
Content-Type: application/json; charset=utf-8
host: localhost:58736
accept: */*

Response DefaultHttpResponse(decodeResult: success, version: HTTP/1.1)
HTTP/1.1 200 OK
Content-Type: application/json; charset=utf-8
cache-control: no-cache
content-length: 14

10:47:31.024 [AsyncHttpClient-1-8] DEBUG org.asynchttpclient.netty.channel.ChannelManager - Adding key: http://localhost:58736 for channel [id: 0xf6f16080, L:/127.0.0.1:57866 - R:localhost/127.0.0.1:58736]
10:47:31.033 [Forwarding screenshot on session 737ab542e8804fd062e1fbe2ab0bc144 to remote] DEBUG org.asynchttpclient.netty.request.NettyRequestSender - Using pooled Channel '[id: 0xf6f16080, L:/127.0.0.1:57866 - R:localhost/127.0.0.1:58736]' for 'GET' to 'http://localhost:58736/session/737ab542e8804fd062e1fbe2ab0bc144/screenshot'
10:47:31.033 [Forwarding screenshot on session 737ab542e8804fd062e1fbe2ab0bc144 to remote] DEBUG org.asynchttpclient.netty.request.NettyRequestSender - Using open Channel [id: 0xf6f16080, L:/127.0.0.1:57866 - R:localhost/127.0.0.1:58736] for GET '/session/737ab542e8804fd062e1fbe2ab0bc144/screenshot'
10:47:31.346 [AsyncHttpClient-1-8] DEBUG org.asynchttpclient.netty.handler.HttpHandler - 

Request DefaultFullHttpRequest(decodeResult: success, version: HTTP/1.1, content: EmptyByteBufBE)
GET /session/737ab542e8804fd062e1fbe2ab0bc144/screenshot HTTP/1.1
User-Agent: selenium/4.1.2 (java windows)
Cache-Control: no-cache
Content-Type: application/json; charset=utf-8
host: localhost:58736
accept: */*

Response DefaultHttpResponse(decodeResult: success, version: HTTP/1.1)
HTTP/1.1 200 OK
Content-Type: application/json; charset=utf-8
cache-control: no-cache
content-length: 382596

10:47:31.349 [AsyncHttpClient-1-8] DEBUG org.asynchttpclient.netty.channel.ChannelManager - Adding key: http://localhost:58736 for channel [id: 0xf6f16080, L:/127.0.0.1:57866 - R:localhost/127.0.0.1:58736]
10:47:31.375 [main] DEBUG net.serenitybdd.core.photography.Darkroom - Send negative for processing for target\site\serenity\ed15a54c91c342d96a850276df7b559f4526b370fc93040e3c407a48a170f368.png
10:47:31.375 [main] DEBUG net.thucydides.core.steps.StepInterceptor - STEP DONE: validateOnDashboardPage
  &amp#27;[32mGiven &amp#27;[0m&amp#27;[32mI am at the dashboard page&amp#27;[0m                     &amp#27;[90m# starter.stepdefinitions.PatientSteps.iAmAtTheDashboardPage()&amp#27;[0m
10:47:31.417 [main] DEBUG net.thucydides.core.steps.StepInterceptor - STARTING STEP: DoctorSteps.iClickMenuDoctor - clickMenuDoctorButton
10:47:31.421 [Forwarding findElement on session 737ab542e8804fd062e1fbe2ab0bc144 to remote] DEBUG org.asynchttpclient.netty.request.NettyRequestSender - Using pooled Channel '[id: 0xf6f16080, L:/127.0.0.1:57866 - R:localhost/127.0.0.1:58736]' for 'POST' to 'http://localhost:58736/session/737ab542e8804fd062e1fbe2ab0bc144/element'
10:47:31.421 [Forwarding findElement on session 737ab542e8804fd062e1fbe2ab0bc144 to remote] DEBUG org.asynchttpclient.netty.request.NettyRequestSender - Using open Channel [id: 0xf6f16080, L:/127.0.0.1:57866 - R:localhost/127.0.0.1:58736] for POST '/session/737ab542e8804fd062e1fbe2ab0bc144/element'
10:47:31.442 [AsyncHttpClient-1-8] DEBUG org.asynchttpclient.netty.handler.HttpHandler - 

Request DefaultHttpRequest(decodeResult: success, version: HTTP/1.1)
POST /session/737ab542e8804fd062e1fbe2ab0bc144/element HTTP/1.1
User-Agent: selenium/4.1.2 (java windows)
Content-Length: 79
Content-Type: application/json; charset=utf-8
host: localhost:58736
accept: */*

Response DefaultHttpResponse(decodeResult: success, version: HTTP/1.1)
HTTP/1.1 200 OK
Content-Type: application/json; charset=utf-8
cache-control: no-cache
content-length: 88

10:47:31.442 [AsyncHttpClient-1-8] DEBUG org.asynchttpclient.netty.channel.ChannelManager - Adding key: http://localhost:58736 for channel [id: 0xf6f16080, L:/127.0.0.1:57866 - R:localhost/127.0.0.1:58736]
10:47:31.444 [Forwarding getElementTagName on session 737ab542e8804fd062e1fbe2ab0bc144 to remote] DEBUG org.asynchttpclient.netty.request.NettyRequestSender - Using pooled Channel '[id: 0xf6f16080, L:/127.0.0.1:57866 - R:localhost/127.0.0.1:58736]' for 'GET' to 'http://localhost:58736/session/737ab542e8804fd062e1fbe2ab0bc144/element/a71d198a-4437-48f1-881c-7c5807b06839/name'
10:47:31.444 [Forwarding getElementTagName on session 737ab542e8804fd062e1fbe2ab0bc144 to remote] DEBUG org.asynchttpclient.netty.request.NettyRequestSender - Using open Channel [id: 0xf6f16080, L:/127.0.0.1:57866 - R:localhost/127.0.0.1:58736] for GET '/session/737ab542e8804fd062e1fbe2ab0bc144/element/a71d198a-4437-48f1-881c-7c5807b06839/name'
10:47:31.450 [AsyncHttpClient-1-8] DEBUG org.asynchttpclient.netty.handler.HttpHandler - 

Request DefaultFullHttpRequest(decodeResult: success, version: HTTP/1.1, content: EmptyByteBufBE)
GET /session/737ab542e8804fd062e1fbe2ab0bc144/element/a71d198a-4437-48f1-881c-7c5807b06839/name HTTP/1.1
User-Agent: selenium/4.1.2 (java windows)
Cache-Control: no-cache
Content-Type: application/json; charset=utf-8
host: localhost:58736
accept: */*

Response DefaultHttpResponse(decodeResult: success, version: HTTP/1.1)
HTTP/1.1 200 OK
Content-Type: application/json; charset=utf-8
cache-control: no-cache
content-length: 15

10:47:31.450 [AsyncHttpClient-1-8] DEBUG org.asynchttpclient.netty.channel.ChannelManager - Adding key: http://localhost:58736 for channel [id: 0xf6f16080, L:/127.0.0.1:57866 - R:localhost/127.0.0.1:58736]
10:47:31.452 [Forwarding getElementTagName on session 737ab542e8804fd062e1fbe2ab0bc144 to remote] DEBUG org.asynchttpclient.netty.request.NettyRequestSender - Using pooled Channel '[id: 0xf6f16080, L:/127.0.0.1:57866 - R:localhost/127.0.0.1:58736]' for 'GET' to 'http://localhost:58736/session/737ab542e8804fd062e1fbe2ab0bc144/element/a71d198a-4437-48f1-881c-7c5807b06839/name'
10:47:31.452 [Forwarding getElementTagName on session 737ab542e8804fd062e1fbe2ab0bc144 to remote] DEBUG org.asynchttpclient.netty.request.NettyRequestSender - Using open Channel [id: 0xf6f16080, L:/127.0.0.1:57866 - R:localhost/127.0.0.1:58736] for GET '/session/737ab542e8804fd062e1fbe2ab0bc144/element/a71d198a-4437-48f1-881c-7c5807b06839/name'
10:47:31.457 [AsyncHttpClient-1-8] DEBUG org.asynchttpclient.netty.handler.HttpHandler - 

Request DefaultFullHttpRequest(decodeResult: success, version: HTTP/1.1, content: EmptyByteBufBE)
GET /session/737ab542e8804fd062e1fbe2ab0bc144/element/a71d198a-4437-48f1-881c-7c5807b06839/name HTTP/1.1
User-Agent: selenium/4.1.2 (java windows)
Cache-Control: no-cache
Content-Type: application/json; charset=utf-8
host: localhost:58736
accept: */*

Response DefaultHttpResponse(decodeResult: success, version: HTTP/1.1)
HTTP/1.1 200 OK
Content-Type: application/json; charset=utf-8
cache-control: no-cache
content-length: 15

10:47:31.457 [AsyncHttpClient-1-8] DEBUG org.asynchttpclient.netty.channel.ChannelManager - Adding key: http://localhost:58736 for channel [id: 0xf6f16080, L:/127.0.0.1:57866 - R:localhost/127.0.0.1:58736]
10:47:31.460 [Forwarding findElement on session 737ab542e8804fd062e1fbe2ab0bc144 to remote] DEBUG org.asynchttpclient.netty.request.NettyRequestSender - Using pooled Channel '[id: 0xf6f16080, L:/127.0.0.1:57866 - R:localhost/127.0.0.1:58736]' for 'POST' to 'http://localhost:58736/session/737ab542e8804fd062e1fbe2ab0bc144/element'
10:47:31.460 [Forwarding findElement on session 737ab542e8804fd062e1fbe2ab0bc144 to remote] DEBUG org.asynchttpclient.netty.request.NettyRequestSender - Using open Channel [id: 0xf6f16080, L:/127.0.0.1:57866 - R:localhost/127.0.0.1:58736] for POST '/session/737ab542e8804fd062e1fbe2ab0bc144/element'
10:47:31.471 [AsyncHttpClient-1-8] DEBUG org.asynchttpclient.netty.handler.HttpHandler - 

Request DefaultHttpRequest(decodeResult: success, version: HTTP/1.1)
POST /session/737ab542e8804fd062e1fbe2ab0bc144/element HTTP/1.1
User-Agent: selenium/4.1.2 (java windows)
Content-Length: 79
Content-Type: application/json; charset=utf-8
host: localhost:58736
accept: */*

Response DefaultHttpResponse(decodeResult: success, version: HTTP/1.1)
HTTP/1.1 200 OK
Content-Type: application/json; charset=utf-8
cache-control: no-cache
content-length: 88

10:47:31.471 [AsyncHttpClient-1-8] DEBUG org.asynchttpclient.netty.channel.ChannelManager - Adding key: http://localhost:58736 for channel [id: 0xf6f16080, L:/127.0.0.1:57866 - R:localhost/127.0.0.1:58736]
10:47:31.472 [Forwarding clickElement on session 737ab542e8804fd062e1fbe2ab0bc144 to remote] DEBUG org.asynchttpclient.netty.request.NettyRequestSender - Using pooled Channel '[id: 0xf6f16080, L:/127.0.0.1:57866 - R:localhost/127.0.0.1:58736]' for 'POST' to 'http://localhost:58736/session/737ab542e8804fd062e1fbe2ab0bc144/element/a71d198a-4437-48f1-881c-7c5807b06839/click'
10:47:31.472 [Forwarding clickElement on session 737ab542e8804fd062e1fbe2ab0bc144 to remote] DEBUG org.asynchttpclient.netty.request.NettyRequestSender - Using open Channel [id: 0xf6f16080, L:/127.0.0.1:57866 - R:localhost/127.0.0.1:58736] for POST '/session/737ab542e8804fd062e1fbe2ab0bc144/element/a71d198a-4437-48f1-881c-7c5807b06839/click'
10:47:31.768 [AsyncHttpClient-1-8] DEBUG org.asynchttpclient.netty.handler.HttpHandler - 

Request DefaultHttpRequest(decodeResult: success, version: HTTP/1.1)
POST /session/737ab542e8804fd062e1fbe2ab0bc144/element/a71d198a-4437-48f1-881c-7c5807b06839/click HTTP/1.1
User-Agent: selenium/4.1.2 (java windows)
Content-Length: 50
Content-Type: application/json; charset=utf-8
host: localhost:58736
accept: */*

Response DefaultHttpResponse(decodeResult: success, version: HTTP/1.1)
HTTP/1.1 200 OK
Content-Type: application/json; charset=utf-8
cache-control: no-cache
content-length: 14

10:47:31.768 [AsyncHttpClient-1-8] DEBUG org.asynchttpclient.netty.channel.ChannelManager - Adding key: http://localhost:58736 for channel [id: 0xf6f16080, L:/127.0.0.1:57866 - R:localhost/127.0.0.1:58736]
10:47:31.780 [Forwarding screenshot on session 737ab542e8804fd062e1fbe2ab0bc144 to remote] DEBUG org.asynchttpclient.netty.request.NettyRequestSender - Using pooled Channel '[id: 0xf6f16080, L:/127.0.0.1:57866 - R:localhost/127.0.0.1:58736]' for 'GET' to 'http://localhost:58736/session/737ab542e8804fd062e1fbe2ab0bc144/screenshot'
10:47:31.780 [Forwarding screenshot on session 737ab542e8804fd062e1fbe2ab0bc144 to remote] DEBUG org.asynchttpclient.netty.request.NettyRequestSender - Using open Channel [id: 0xf6f16080, L:/127.0.0.1:57866 - R:localhost/127.0.0.1:58736] for GET '/session/737ab542e8804fd062e1fbe2ab0bc144/screenshot'
10:47:31.929 [AsyncHttpClient-1-8] DEBUG org.asynchttpclient.netty.handler.HttpHandler - 

Request DefaultFullHttpRequest(decodeResult: success, version: HTTP/1.1, content: EmptyByteBufBE)
GET /session/737ab542e8804fd062e1fbe2ab0bc144/screenshot HTTP/1.1
User-Agent: selenium/4.1.2 (java windows)
Cache-Control: no-cache
Content-Type: application/json; charset=utf-8
host: localhost:58736
accept: */*

Response DefaultHttpResponse(decodeResult: success, version: HTTP/1.1)
HTTP/1.1 200 OK
Content-Type: application/json; charset=utf-8
cache-control: no-cache
content-length: 56216

10:47:31.929 [AsyncHttpClient-1-8] DEBUG org.asynchttpclient.netty.channel.ChannelManager - Adding key: http://localhost:58736 for channel [id: 0xf6f16080, L:/127.0.0.1:57866 - R:localhost/127.0.0.1:58736]
10:47:31.935 [main] DEBUG net.serenitybdd.core.photography.Darkroom - Send negative for processing for target\site\serenity\93bcc9a7e51fe36df2bb0ee95da8b9e15460ad67a465a8def437a77fe40a1b48.png
10:47:31.935 [main] DEBUG net.thucydides.core.steps.StepInterceptor - STEP DONE: clickMenuDoctorButton
  &amp#27;[32mAnd &amp#27;[0m&amp#27;[32mI click menu doctor&amp#27;[0m                              &amp#27;[90m# starter.stepdefinitions.DoctorSteps.iClickMenuDoctor()&amp#27;[0m
10:47:31.964 [main] DEBUG net.thucydides.core.steps.StepInterceptor - STARTING STEP: DoctorSteps.iClickTheDeleteDoctorIcon - clickTheDeleteDoctorIcon
10:47:31.971 [Forwarding findElement on session 737ab542e8804fd062e1fbe2ab0bc144 to remote] DEBUG org.asynchttpclient.netty.request.NettyRequestSender - Using pooled Channel '[id: 0xf6f16080, L:/127.0.0.1:57866 - R:localhost/127.0.0.1:58736]' for 'POST' to 'http://localhost:58736/session/737ab542e8804fd062e1fbe2ab0bc144/element'
10:47:31.971 [Forwarding findElement on session 737ab542e8804fd062e1fbe2ab0bc144 to remote] DEBUG org.asynchttpclient.netty.request.NettyRequestSender - Using open Channel [id: 0xf6f16080, L:/127.0.0.1:57866 - R:localhost/127.0.0.1:58736] for POST '/session/737ab542e8804fd062e1fbe2ab0bc144/element'
10:47:32.064 [AsyncHttpClient-1-1] DEBUG org.asynchttpclient.netty.channel.DefaultChannelPool - Entry count for : http://localhost:57867 : 1
10:47:32.248 [AsyncHttpClient-1-8] DEBUG org.asynchttpclient.netty.handler.HttpHandler - 

Request DefaultHttpRequest(decodeResult: success, version: HTTP/1.1)
POST /session/737ab542e8804fd062e1fbe2ab0bc144/element HTTP/1.1
User-Agent: selenium/4.1.2 (java windows)
Content-Length: 91
Content-Type: application/json; charset=utf-8
host: localhost:58736
accept: */*

Response DefaultHttpResponse(decodeResult: success, version: HTTP/1.1)
HTTP/1.1 200 OK
Content-Type: application/json; charset=utf-8
cache-control: no-cache
content-length: 88

10:47:32.248 [AsyncHttpClient-1-8] DEBUG org.asynchttpclient.netty.channel.ChannelManager - Adding key: http://localhost:58736 for channel [id: 0xf6f16080, L:/127.0.0.1:57866 - R:localhost/127.0.0.1:58736]
10:47:32.250 [Forwarding getElementTagName on session 737ab542e8804fd062e1fbe2ab0bc144 to remote] DEBUG org.asynchttpclient.netty.request.NettyRequestSender - Using pooled Channel '[id: 0xf6f16080, L:/127.0.0.1:57866 - R:localhost/127.0.0.1:58736]' for 'GET' to 'http://localhost:58736/session/737ab542e8804fd062e1fbe2ab0bc144/element/9fee9436-3390-4321-b9e4-882742052280/name'
10:47:32.250 [Forwarding getElementTagName on session 737ab542e8804fd062e1fbe2ab0bc144 to remote] DEBUG org.asynchttpclient.netty.request.NettyRequestSender - Using open Channel [id: 0xf6f16080, L:/127.0.0.1:57866 - R:localhost/127.0.0.1:58736] for GET '/session/737ab542e8804fd062e1fbe2ab0bc144/element/9fee9436-3390-4321-b9e4-882742052280/name'
10:47:32.257 [AsyncHttpClient-1-8] DEBUG org.asynchttpclient.netty.handler.HttpHandler - 

Request DefaultFullHttpRequest(decodeResult: success, version: HTTP/1.1, content: EmptyByteBufBE)
GET /session/737ab542e8804fd062e1fbe2ab0bc144/element/9fee9436-3390-4321-b9e4-882742052280/name HTTP/1.1
User-Agent: selenium/4.1.2 (java windows)
Cache-Control: no-cache
Content-Type: application/json; charset=utf-8
host: localhost:58736
accept: */*

Response DefaultHttpResponse(decodeResult: success, version: HTTP/1.1)
HTTP/1.1 200 OK
Content-Type: application/json; charset=utf-8
cache-control: no-cache
content-length: 18

10:47:32.257 [AsyncHttpClient-1-8] DEBUG org.asynchttpclient.netty.channel.ChannelManager - Adding key: http://localhost:58736 for channel [id: 0xf6f16080, L:/127.0.0.1:57866 - R:localhost/127.0.0.1:58736]
10:47:32.258 [Forwarding getElementTagName on session 737ab542e8804fd062e1fbe2ab0bc144 to remote] DEBUG org.asynchttpclient.netty.request.NettyRequestSender - Using pooled Channel '[id: 0xf6f16080, L:/127.0.0.1:57866 - R:localhost/127.0.0.1:58736]' for 'GET' to 'http://localhost:58736/session/737ab542e8804fd062e1fbe2ab0bc144/element/9fee9436-3390-4321-b9e4-882742052280/name'
10:47:32.259 [Forwarding getElementTagName on session 737ab542e8804fd062e1fbe2ab0bc144 to remote] DEBUG org.asynchttpclient.netty.request.NettyRequestSender - Using open Channel [id: 0xf6f16080, L:/127.0.0.1:57866 - R:localhost/127.0.0.1:58736] for GET '/session/737ab542e8804fd062e1fbe2ab0bc144/element/9fee9436-3390-4321-b9e4-882742052280/name'
10:47:32.265 [AsyncHttpClient-1-8] DEBUG org.asynchttpclient.netty.handler.HttpHandler - 

Request DefaultFullHttpRequest(decodeResult: success, version: HTTP/1.1, content: EmptyByteBufBE)
GET /session/737ab542e8804fd062e1fbe2ab0bc144/element/9fee9436-3390-4321-b9e4-882742052280/name HTTP/1.1
User-Agent: selenium/4.1.2 (java windows)
Cache-Control: no-cache
Content-Type: application/json; charset=utf-8
host: localhost:58736
accept: */*

Response DefaultHttpResponse(decodeResult: success, version: HTTP/1.1)
HTTP/1.1 200 OK
Content-Type: application/json; charset=utf-8
cache-control: no-cache
content-length: 18

10:47:32.265 [AsyncHttpClient-1-8] DEBUG org.asynchttpclient.netty.channel.ChannelManager - Adding key: http://localhost:58736 for channel [id: 0xf6f16080, L:/127.0.0.1:57866 - R:localhost/127.0.0.1:58736]
10:47:32.269 [Forwarding isElementEnabled on session 737ab542e8804fd062e1fbe2ab0bc144 to remote] DEBUG org.asynchttpclient.netty.request.NettyRequestSender - Using pooled Channel '[id: 0xf6f16080, L:/127.0.0.1:57866 - R:localhost/127.0.0.1:58736]' for 'GET' to 'http://localhost:58736/session/737ab542e8804fd062e1fbe2ab0bc144/element/9fee9436-3390-4321-b9e4-882742052280/enabled'
10:47:32.269 [Forwarding isElementEnabled on session 737ab542e8804fd062e1fbe2ab0bc144 to remote] DEBUG org.asynchttpclient.netty.request.NettyRequestSender - Using open Channel [id: 0xf6f16080, L:/127.0.0.1:57866 - R:localhost/127.0.0.1:58736] for GET '/session/737ab542e8804fd062e1fbe2ab0bc144/element/9fee9436-3390-4321-b9e4-882742052280/enabled'
10:47:32.289 [AsyncHttpClient-1-8] DEBUG org.asynchttpclient.netty.handler.HttpHandler - 

Request DefaultFullHttpRequest(decodeResult: success, version: HTTP/1.1, content: EmptyByteBufBE)
GET /session/737ab542e8804fd062e1fbe2ab0bc144/element/9fee9436-3390-4321-b9e4-882742052280/enabled HTTP/1.1
User-Agent: selenium/4.1.2 (java windows)
Cache-Control: no-cache
Content-Type: application/json; charset=utf-8
host: localhost:58736
accept: */*

Response DefaultHttpResponse(decodeResult: success, version: HTTP/1.1)
HTTP/1.1 200 OK
Content-Type: application/json; charset=utf-8
cache-control: no-cache
content-length: 14

10:47:32.289 [AsyncHttpClient-1-8] DEBUG org.asynchttpclient.netty.channel.ChannelManager - Adding key: http://localhost:58736 for channel [id: 0xf6f16080, L:/127.0.0.1:57866 - R:localhost/127.0.0.1:58736]
10:47:32.291 [Forwarding isElementEnabled on session 737ab542e8804fd062e1fbe2ab0bc144 to remote] DEBUG org.asynchttpclient.netty.request.NettyRequestSender - Using pooled Channel '[id: 0xf6f16080, L:/127.0.0.1:57866 - R:localhost/127.0.0.1:58736]' for 'GET' to 'http://localhost:58736/session/737ab542e8804fd062e1fbe2ab0bc144/element/9fee9436-3390-4321-b9e4-882742052280/enabled'
10:47:32.291 [Forwarding isElementEnabled on session 737ab542e8804fd062e1fbe2ab0bc144 to remote] DEBUG org.asynchttpclient.netty.request.NettyRequestSender - Using open Channel [id: 0xf6f16080, L:/127.0.0.1:57866 - R:localhost/127.0.0.1:58736] for GET '/session/737ab542e8804fd062e1fbe2ab0bc144/element/9fee9436-3390-4321-b9e4-882742052280/enabled'
10:47:32.300 [AsyncHttpClient-1-8] DEBUG org.asynchttpclient.netty.handler.HttpHandler - 

Request DefaultFullHttpRequest(decodeResult: success, version: HTTP/1.1, content: EmptyByteBufBE)
GET /session/737ab542e8804fd062e1fbe2ab0bc144/element/9fee9436-3390-4321-b9e4-882742052280/enabled HTTP/1.1
User-Agent: selenium/4.1.2 (java windows)
Cache-Control: no-cache
Content-Type: application/json; charset=utf-8
host: localhost:58736
accept: */*

Response DefaultHttpResponse(decodeResult: success, version: HTTP/1.1)
HTTP/1.1 200 OK
Content-Type: application/json; charset=utf-8
cache-control: no-cache
content-length: 14

10:47:32.300 [AsyncHttpClient-1-8] DEBUG org.asynchttpclient.netty.channel.ChannelManager - Adding key: http://localhost:58736 for channel [id: 0xf6f16080, L:/127.0.0.1:57866 - R:localhost/127.0.0.1:58736]
10:47:32.303 [Forwarding findElement on session 737ab542e8804fd062e1fbe2ab0bc144 to remote] DEBUG org.asynchttpclient.netty.request.NettyRequestSender - Using pooled Channel '[id: 0xf6f16080, L:/127.0.0.1:57866 - R:localhost/127.0.0.1:58736]' for 'POST' to 'http://localhost:58736/session/737ab542e8804fd062e1fbe2ab0bc144/element'
10:47:32.303 [Forwarding findElement on session 737ab542e8804fd062e1fbe2ab0bc144 to remote] DEBUG org.asynchttpclient.netty.request.NettyRequestSender - Using open Channel [id: 0xf6f16080, L:/127.0.0.1:57866 - R:localhost/127.0.0.1:58736] for POST '/session/737ab542e8804fd062e1fbe2ab0bc144/element'
10:47:32.315 [AsyncHttpClient-1-8] DEBUG org.asynchttpclient.netty.handler.HttpHandler - 

Request DefaultHttpRequest(decodeResult: success, version: HTTP/1.1)
POST /session/737ab542e8804fd062e1fbe2ab0bc144/element HTTP/1.1
User-Agent: selenium/4.1.2 (java windows)
Content-Length: 91
Content-Type: application/json; charset=utf-8
host: localhost:58736
accept: */*

Response DefaultHttpResponse(decodeResult: success, version: HTTP/1.1)
HTTP/1.1 200 OK
Content-Type: application/json; charset=utf-8
cache-control: no-cache
content-length: 88

10:47:32.315 [AsyncHttpClient-1-8] DEBUG org.asynchttpclient.netty.channel.ChannelManager - Adding key: http://localhost:58736 for channel [id: 0xf6f16080, L:/127.0.0.1:57866 - R:localhost/127.0.0.1:58736]
10:47:32.316 [Forwarding clickElement on session 737ab542e8804fd062e1fbe2ab0bc144 to remote] DEBUG org.asynchttpclient.netty.request.NettyRequestSender - Using pooled Channel '[id: 0xf6f16080, L:/127.0.0.1:57866 - R:localhost/127.0.0.1:58736]' for 'POST' to 'http://localhost:58736/session/737ab542e8804fd062e1fbe2ab0bc144/element/9fee9436-3390-4321-b9e4-882742052280/click'
10:47:32.316 [Forwarding clickElement on session 737ab542e8804fd062e1fbe2ab0bc144 to remote] DEBUG org.asynchttpclient.netty.request.NettyRequestSender - Using open Channel [id: 0xf6f16080, L:/127.0.0.1:57866 - R:localhost/127.0.0.1:58736] for POST '/session/737ab542e8804fd062e1fbe2ab0bc144/element/9fee9436-3390-4321-b9e4-882742052280/click'
10:47:32.488 [AsyncHttpClient-1-8] DEBUG org.asynchttpclient.netty.handler.HttpHandler - 

Request DefaultHttpRequest(decodeResult: success, version: HTTP/1.1)
POST /session/737ab542e8804fd062e1fbe2ab0bc144/element/9fee9436-3390-4321-b9e4-882742052280/click HTTP/1.1
User-Agent: selenium/4.1.2 (java windows)
Content-Length: 50
Content-Type: application/json; charset=utf-8
host: localhost:58736
accept: */*

Response DefaultHttpResponse(decodeResult: success, version: HTTP/1.1)
HTTP/1.1 200 OK
Content-Type: application/json; charset=utf-8
cache-control: no-cache
content-length: 14

10:47:32.488 [AsyncHttpClient-1-8] DEBUG org.asynchttpclient.netty.channel.ChannelManager - Adding key: http://localhost:58736 for channel [id: 0xf6f16080, L:/127.0.0.1:57866 - R:localhost/127.0.0.1:58736]
10:47:32.501 [Forwarding screenshot on session 737ab542e8804fd062e1fbe2ab0bc144 to remote] DEBUG org.asynchttpclient.netty.request.NettyRequestSender - Using pooled Channel '[id: 0xf6f16080, L:/127.0.0.1:57866 - R:localhost/127.0.0.1:58736]' for 'GET' to 'http://localhost:58736/session/737ab542e8804fd062e1fbe2ab0bc144/screenshot'
10:47:32.501 [Forwarding screenshot on session 737ab542e8804fd062e1fbe2ab0bc144 to remote] DEBUG org.asynchttpclient.netty.request.NettyRequestSender - Using open Channel [id: 0xf6f16080, L:/127.0.0.1:57866 - R:localhost/127.0.0.1:58736] for GET '/session/737ab542e8804fd062e1fbe2ab0bc144/screenshot'
10:47:32.667 [AsyncHttpClient-1-8] DEBUG org.asynchttpclient.netty.handler.HttpHandler - 

Request DefaultFullHttpRequest(decodeResult: success, version: HTTP/1.1, content: EmptyByteBufBE)
GET /session/737ab542e8804fd062e1fbe2ab0bc144/screenshot HTTP/1.1
User-Agent: selenium/4.1.2 (java windows)
Cache-Control: no-cache
Content-Type: application/json; charset=utf-8
host: localhost:58736
accept: */*

Response DefaultHttpResponse(decodeResult: success, version: HTTP/1.1)
HTTP/1.1 200 OK
Content-Type: application/json; charset=utf-8
cache-control: no-cache
content-length: 106732

10:47:32.667 [AsyncHttpClient-1-8] DEBUG org.asynchttpclient.netty.channel.ChannelManager - Adding key: http://localhost:58736 for channel [id: 0xf6f16080, L:/127.0.0.1:57866 - R:localhost/127.0.0.1:58736]
10:47:32.675 [main] DEBUG net.serenitybdd.core.photography.Darkroom - Send negative for processing for target\site\serenity\2e8d431572b565ce4f8b4ab24097ba9179dcad3ee9208aec74dc24e297c8512f.png
10:47:32.675 [main] DEBUG net.thucydides.core.steps.StepInterceptor - STEP DONE: clickTheDeleteDoctorIcon
  &amp#27;[32mWhen &amp#27;[0m&amp#27;[32mI click the Delete Doctor icon&amp#27;[0m                  &amp#27;[90m# starter.stepdefinitions.DoctorSteps.iClickTheDeleteDoctorIcon()&amp#27;[0m
10:47:32.675 [Darkroom Processing Line] DEBUG net.serenitybdd.core.photography.DarkroomProcessingLine - Processing screenshot image in /var/screenshots/screenshot-17932429221292908055
10:47:32.675 [Darkroom Processing Line] DEBUG net.serenitybdd.core.photography.DarkroomProcessingLine - Saving screenshot to target\site\serenity\2e8d431572b565ce4f8b4ab24097ba9179dcad3ee9208aec74dc24e297c8512f.png
10:47:32.701 [main] DEBUG net.thucydides.core.steps.StepInterceptor - STARTING STEP: DoctorSteps.iClickCancelButtonForDeleteDoctorMessage - clickTheCancelDeleteDoctorButton
10:47:32.707 [Forwarding findElement on session 737ab542e8804fd062e1fbe2ab0bc144 to remote] DEBUG org.asynchttpclient.netty.request.NettyRequestSender - Using pooled Channel '[id: 0xf6f16080, L:/127.0.0.1:57866 - R:localhost/127.0.0.1:58736]' for 'POST' to 'http://localhost:58736/session/737ab542e8804fd062e1fbe2ab0bc144/element'
10:47:32.707 [Forwarding findElement on session 737ab542e8804fd062e1fbe2ab0bc144 to remote] DEBUG org.asynchttpclient.netty.request.NettyRequestSender - Using open Channel [id: 0xf6f16080, L:/127.0.0.1:57866 - R:localhost/127.0.0.1:58736] for POST '/session/737ab542e8804fd062e1fbe2ab0bc144/element'
10:47:32.732 [AsyncHttpClient-1-8] DEBUG org.asynchttpclient.netty.handler.HttpHandler - 

Request DefaultHttpRequest(decodeResult: success, version: HTTP/1.1)
POST /session/737ab542e8804fd062e1fbe2ab0bc144/element HTTP/1.1
User-Agent: selenium/4.1.2 (java windows)
Content-Length: 104
Content-Type: application/json; charset=utf-8
host: localhost:58736
accept: */*

Response DefaultHttpResponse(decodeResult: success, version: HTTP/1.1)
HTTP/1.1 200 OK
Content-Type: application/json; charset=utf-8
cache-control: no-cache
content-length: 88

10:47:32.732 [AsyncHttpClient-1-8] DEBUG org.asynchttpclient.netty.channel.ChannelManager - Adding key: http://localhost:58736 for channel [id: 0xf6f16080, L:/127.0.0.1:57866 - R:localhost/127.0.0.1:58736]
10:47:32.735 [Forwarding getElementTagName on session 737ab542e8804fd062e1fbe2ab0bc144 to remote] DEBUG org.asynchttpclient.netty.request.NettyRequestSender - Using pooled Channel '[id: 0xf6f16080, L:/127.0.0.1:57866 - R:localhost/127.0.0.1:58736]' for 'GET' to 'http://localhost:58736/session/737ab542e8804fd062e1fbe2ab0bc144/element/69e1b9c6-1f8c-4dc6-be85-452127961fe0/name'
10:47:32.735 [Forwarding getElementTagName on session 737ab542e8804fd062e1fbe2ab0bc144 to remote] DEBUG org.asynchttpclient.netty.request.NettyRequestSender - Using open Channel [id: 0xf6f16080, L:/127.0.0.1:57866 - R:localhost/127.0.0.1:58736] for GET '/session/737ab542e8804fd062e1fbe2ab0bc144/element/69e1b9c6-1f8c-4dc6-be85-452127961fe0/name'
10:47:32.745 [AsyncHttpClient-1-8] DEBUG org.asynchttpclient.netty.handler.HttpHandler - 

Request DefaultFullHttpRequest(decodeResult: success, version: HTTP/1.1, content: EmptyByteBufBE)
GET /session/737ab542e8804fd062e1fbe2ab0bc144/element/69e1b9c6-1f8c-4dc6-be85-452127961fe0/name HTTP/1.1
User-Agent: selenium/4.1.2 (java windows)
Cache-Control: no-cache
Content-Type: application/json; charset=utf-8
host: localhost:58736
accept: */*

Response DefaultHttpResponse(decodeResult: success, version: HTTP/1.1)
HTTP/1.1 200 OK
Content-Type: application/json; charset=utf-8
cache-control: no-cache
content-length: 18

10:47:32.745 [AsyncHttpClient-1-8] DEBUG org.asynchttpclient.netty.channel.ChannelManager - Adding key: http://localhost:58736 for channel [id: 0xf6f16080, L:/127.0.0.1:57866 - R:localhost/127.0.0.1:58736]
10:47:32.749 [Forwarding getElementTagName on session 737ab542e8804fd062e1fbe2ab0bc144 to remote] DEBUG org.asynchttpclient.netty.request.NettyRequestSender - Using pooled Channel '[id: 0xf6f16080, L:/127.0.0.1:57866 - R:localhost/127.0.0.1:58736]' for 'GET' to 'http://localhost:58736/session/737ab542e8804fd062e1fbe2ab0bc144/element/69e1b9c6-1f8c-4dc6-be85-452127961fe0/name'
10:47:32.749 [Forwarding getElementTagName on session 737ab542e8804fd062e1fbe2ab0bc144 to remote] DEBUG org.asynchttpclient.netty.request.NettyRequestSender - Using open Channel [id: 0xf6f16080, L:/127.0.0.1:57866 - R:localhost/127.0.0.1:58736] for GET '/session/737ab542e8804fd062e1fbe2ab0bc144/element/69e1b9c6-1f8c-4dc6-be85-452127961fe0/name'
10:47:32.753 [AsyncHttpClient-1-8] DEBUG org.asynchttpclient.netty.handler.HttpHandler - 

Request DefaultFullHttpRequest(decodeResult: success, version: HTTP/1.1, content: EmptyByteBufBE)
GET /session/737ab542e8804fd062e1fbe2ab0bc144/element/69e1b9c6-1f8c-4dc6-be85-452127961fe0/name HTTP/1.1
User-Agent: selenium/4.1.2 (java windows)
Cache-Control: no-cache
Content-Type: application/json; charset=utf-8
host: localhost:58736
accept: */*

Response DefaultHttpResponse(decodeResult: success, version: HTTP/1.1)
HTTP/1.1 200 OK
Content-Type: application/json; charset=utf-8
cache-control: no-cache
content-length: 18

10:47:32.754 [AsyncHttpClient-1-8] DEBUG org.asynchttpclient.netty.channel.ChannelManager - Adding key: http://localhost:58736 for channel [id: 0xf6f16080, L:/127.0.0.1:57866 - R:localhost/127.0.0.1:58736]
10:47:32.757 [Forwarding isElementEnabled on session 737ab542e8804fd062e1fbe2ab0bc144 to remote] DEBUG org.asynchttpclient.netty.request.NettyRequestSender - Using pooled Channel '[id: 0xf6f16080, L:/127.0.0.1:57866 - R:localhost/127.0.0.1:58736]' for 'GET' to 'http://localhost:58736/session/737ab542e8804fd062e1fbe2ab0bc144/element/69e1b9c6-1f8c-4dc6-be85-452127961fe0/enabled'
10:47:32.757 [Forwarding isElementEnabled on session 737ab542e8804fd062e1fbe2ab0bc144 to remote] DEBUG org.asynchttpclient.netty.request.NettyRequestSender - Using open Channel [id: 0xf6f16080, L:/127.0.0.1:57866 - R:localhost/127.0.0.1:58736] for GET '/session/737ab542e8804fd062e1fbe2ab0bc144/element/69e1b9c6-1f8c-4dc6-be85-452127961fe0/enabled'
10:47:32.779 [AsyncHttpClient-1-8] DEBUG org.asynchttpclient.netty.handler.HttpHandler - 

Request DefaultFullHttpRequest(decodeResult: success, version: HTTP/1.1, content: EmptyByteBufBE)
GET /session/737ab542e8804fd062e1fbe2ab0bc144/element/69e1b9c6-1f8c-4dc6-be85-452127961fe0/enabled HTTP/1.1
User-Agent: selenium/4.1.2 (java windows)
Cache-Control: no-cache
Content-Type: application/json; charset=utf-8
host: localhost:58736
accept: */*

Response DefaultHttpResponse(decodeResult: success, version: HTTP/1.1)
HTTP/1.1 200 OK
Content-Type: application/json; charset=utf-8
cache-control: no-cache
content-length: 14

10:47:32.780 [AsyncHttpClient-1-8] DEBUG org.asynchttpclient.netty.channel.ChannelManager - Adding key: http://localhost:58736 for channel [id: 0xf6f16080, L:/127.0.0.1:57866 - R:localhost/127.0.0.1:58736]
10:47:32.782 [Forwarding isElementEnabled on session 737ab542e8804fd062e1fbe2ab0bc144 to remote] DEBUG org.asynchttpclient.netty.request.NettyRequestSender - Using pooled Channel '[id: 0xf6f16080, L:/127.0.0.1:57866 - R:localhost/127.0.0.1:58736]' for 'GET' to 'http://localhost:58736/session/737ab542e8804fd062e1fbe2ab0bc144/element/69e1b9c6-1f8c-4dc6-be85-452127961fe0/enabled'
10:47:32.782 [Forwarding isElementEnabled on session 737ab542e8804fd062e1fbe2ab0bc144 to remote] DEBUG org.asynchttpclient.netty.request.NettyRequestSender - Using open Channel [id: 0xf6f16080, L:/127.0.0.1:57866 - R:localhost/127.0.0.1:58736] for GET '/session/737ab542e8804fd062e1fbe2ab0bc144/element/69e1b9c6-1f8c-4dc6-be85-452127961fe0/enabled'
10:47:32.792 [AsyncHttpClient-1-8] DEBUG org.asynchttpclient.netty.handler.HttpHandler - 

Request DefaultFullHttpRequest(decodeResult: success, version: HTTP/1.1, content: EmptyByteBufBE)
GET /session/737ab542e8804fd062e1fbe2ab0bc144/element/69e1b9c6-1f8c-4dc6-be85-452127961fe0/enabled HTTP/1.1
User-Agent: selenium/4.1.2 (java windows)
Cache-Control: no-cache
Content-Type: application/json; charset=utf-8
host: localhost:58736
accept: */*

Response DefaultHttpResponse(decodeResult: success, version: HTTP/1.1)
HTTP/1.1 200 OK
Content-Type: application/json; charset=utf-8
cache-control: no-cache
content-length: 14

10:47:32.792 [AsyncHttpClient-1-8] DEBUG org.asynchttpclient.netty.channel.ChannelManager - Adding key: http://localhost:58736 for channel [id: 0xf6f16080, L:/127.0.0.1:57866 - R:localhost/127.0.0.1:58736]
10:47:32.794 [Forwarding findElement on session 737ab542e8804fd062e1fbe2ab0bc144 to remote] DEBUG org.asynchttpclient.netty.request.NettyRequestSender - Using pooled Channel '[id: 0xf6f16080, L:/127.0.0.1:57866 - R:localhost/127.0.0.1:58736]' for 'POST' to 'http://localhost:58736/session/737ab542e8804fd062e1fbe2ab0bc144/element'
10:47:32.794 [Forwarding findElement on session 737ab542e8804fd062e1fbe2ab0bc144 to remote] DEBUG org.asynchttpclient.netty.request.NettyRequestSender - Using open Channel [id: 0xf6f16080, L:/127.0.0.1:57866 - R:localhost/127.0.0.1:58736] for POST '/session/737ab542e8804fd062e1fbe2ab0bc144/element'
10:47:32.805 [AsyncHttpClient-1-8] DEBUG org.asynchttpclient.netty.handler.HttpHandler - 

Request DefaultHttpRequest(decodeResult: success, version: HTTP/1.1)
POST /session/737ab542e8804fd062e1fbe2ab0bc144/element HTTP/1.1
User-Agent: selenium/4.1.2 (java windows)
Content-Length: 104
Content-Type: application/json; charset=utf-8
host: localhost:58736
accept: */*

Response DefaultHttpResponse(decodeResult: success, version: HTTP/1.1)
HTTP/1.1 200 OK
Content-Type: application/json; charset=utf-8
cache-control: no-cache
content-length: 88

10:47:32.805 [AsyncHttpClient-1-8] DEBUG org.asynchttpclient.netty.channel.ChannelManager - Adding key: http://localhost:58736 for channel [id: 0xf6f16080, L:/127.0.0.1:57866 - R:localhost/127.0.0.1:58736]
10:47:32.808 [Forwarding clickElement on session 737ab542e8804fd062e1fbe2ab0bc144 to remote] DEBUG org.asynchttpclient.netty.request.NettyRequestSender - Using pooled Channel '[id: 0xf6f16080, L:/127.0.0.1:57866 - R:localhost/127.0.0.1:58736]' for 'POST' to 'http://localhost:58736/session/737ab542e8804fd062e1fbe2ab0bc144/element/69e1b9c6-1f8c-4dc6-be85-452127961fe0/click'
10:47:32.808 [Forwarding clickElement on session 737ab542e8804fd062e1fbe2ab0bc144 to remote] DEBUG org.asynchttpclient.netty.request.NettyRequestSender - Using open Channel [id: 0xf6f16080, L:/127.0.0.1:57866 - R:localhost/127.0.0.1:58736] for POST '/session/737ab542e8804fd062e1fbe2ab0bc144/element/69e1b9c6-1f8c-4dc6-be85-452127961fe0/click'
10:47:32.889 [AsyncHttpClient-1-8] DEBUG org.asynchttpclient.netty.handler.HttpHandler - 

Request DefaultHttpRequest(decodeResult: success, version: HTTP/1.1)
POST /session/737ab542e8804fd062e1fbe2ab0bc144/element/69e1b9c6-1f8c-4dc6-be85-452127961fe0/click HTTP/1.1
User-Agent: selenium/4.1.2 (java windows)
Content-Length: 50
Content-Type: application/json; charset=utf-8
host: localhost:58736
accept: */*

Response DefaultHttpResponse(decodeResult: success, version: HTTP/1.1)
HTTP/1.1 200 OK
Content-Type: application/json; charset=utf-8
cache-control: no-cache
content-length: 14

10:47:32.890 [AsyncHttpClient-1-8] DEBUG org.asynchttpclient.netty.channel.ChannelManager - Adding key: http://localhost:58736 for channel [id: 0xf6f16080, L:/127.0.0.1:57866 - R:localhost/127.0.0.1:58736]
10:47:32.899 [Forwarding screenshot on session 737ab542e8804fd062e1fbe2ab0bc144 to remote] DEBUG org.asynchttpclient.netty.request.NettyRequestSender - Using pooled Channel '[id: 0xf6f16080, L:/127.0.0.1:57866 - R:localhost/127.0.0.1:58736]' for 'GET' to 'http://localhost:58736/session/737ab542e8804fd062e1fbe2ab0bc144/screenshot'
10:47:32.899 [Forwarding screenshot on session 737ab542e8804fd062e1fbe2ab0bc144 to remote] DEBUG org.asynchttpclient.netty.request.NettyRequestSender - Using open Channel [id: 0xf6f16080, L:/127.0.0.1:57866 - R:localhost/127.0.0.1:58736] for GET '/session/737ab542e8804fd062e1fbe2ab0bc144/screenshot'
10:47:33.013 [AsyncHttpClient-1-8] DEBUG org.asynchttpclient.netty.handler.HttpHandler - 

Request DefaultFullHttpRequest(decodeResult: success, version: HTTP/1.1, content: EmptyByteBufBE)
GET /session/737ab542e8804fd062e1fbe2ab0bc144/screenshot HTTP/1.1
User-Agent: selenium/4.1.2 (java windows)
Cache-Control: no-cache
Content-Type: application/json; charset=utf-8
host: localhost:58736
accept: */*

Response DefaultHttpResponse(decodeResult: success, version: HTTP/1.1)
HTTP/1.1 200 OK
Content-Type: application/json; charset=utf-8
cache-control: no-cache
content-length: 90644

10:47:33.013 [AsyncHttpClient-1-8] DEBUG org.asynchttpclient.netty.channel.ChannelManager - Adding key: http://localhost:58736 for channel [id: 0xf6f16080, L:/127.0.0.1:57866 - R:localhost/127.0.0.1:58736]
10:47:33.018 [main] DEBUG net.serenitybdd.core.photography.Darkroom - Send negative for processing for target\site\serenity\a8040bccf2f947ce98e1206cf2fea8bf86bc0f3c7715406cf0ce059dbb0616dd.png
10:47:33.018 [main] DEBUG net.thucydides.core.steps.StepInterceptor - STEP DONE: clickTheCancelDeleteDoctorButton
  &amp#27;[32mThen &amp#27;[0m&amp#27;[32mI click Cancel button for Delete Doctor Message&amp#27;[0m &amp#27;[90m# starter.stepdefinitions.DoctorSteps.iClickCancelButtonForDeleteDoctorMessage()&amp#27;[0m
10:47:33.018 [Darkroom Processing Line] DEBUG net.serenitybdd.core.photography.DarkroomProcessingLine - Processing screenshot image in /var/screenshots/screenshot-7427984525086128570
10:47:33.018 [Darkroom Processing Line] DEBUG net.serenitybdd.core.photography.DarkroomProcessingLine - Saving screenshot to target\site\serenity\a8040bccf2f947ce98e1206cf2fea8bf86bc0f3c7715406cf0ce059dbb0616dd.png
10:47:33.023 [main] INFO  - 
  _____   ___   ___   _____     ___     _     ___   ___   ___   ___  
 |_   _| | __| / __| |_   _|   | _ \   /_\   / __| / __| | __| |   \ 
   | |   | _|  \__ \   | |     |  _/  / _ \  \__ \ \__ \ | _|  | |) |
   |_|   |___| |___/   |_|     |_|   /_/ \_\ |___/ |___/ |___| |___/ 

Cancel Delete Doctor Data Scenario
----------------------------------------------------------------------
10:47:33.025 [AsyncHttpClient-1-2] DEBUG org.asynchttpclient.netty.handler.WebSocketHandler - Channel Closed: [id: 0xe7f8d405, L:/127.0.0.1:57873 ! R:localhost/127.0.0.1:57867] with attribute NettyResponseFuture{currentRetry=5,
	isDone=1,
	isCancelled=0,
	asyncHandler=org.asynchttpclient.ws.WebSocketUpgradeHandler@241f672f,
	nettyRequest=org.asynchttpclient.netty.request.NettyRequest@e513ed,
	future=java.util.concurrent.CompletableFuture@729b478[Completed normally],
	uri=ws://localhost:57867/devtools/browser/7476cd4e-cdb5-4ace-8470-74c1d03f61fa,
	keepAlive=true,
	redirectCount=0,
	timeoutsHolder=null,
	inAuth=0,
	touch=1655783247750}
10:47:33.025 [AsyncHttpClient-1-2] DEBUG org.asynchttpclient.netty.channel.ChannelManager - Closing Channel [id: 0xe7f8d405, L:/127.0.0.1:57873 ! R:localhost/127.0.0.1:57867] 
10:47:33.025 [Driver Command Executor] DEBUG org.asynchttpclient.netty.request.NettyRequestSender - Using pooled Channel '[id: 0xf6f16080, L:/127.0.0.1:57866 - R:localhost/127.0.0.1:58736]' for 'DELETE' to 'http://localhost:58736/session/737ab542e8804fd062e1fbe2ab0bc144'
10:47:33.026 [Driver Command Executor] DEBUG org.asynchttpclient.netty.request.NettyRequestSender - Using open Channel [id: 0xf6f16080, L:/127.0.0.1:57866 - R:localhost/127.0.0.1:58736] for DELETE '/session/737ab542e8804fd062e1fbe2ab0bc144'
10:47:33.056 [AsyncHttpClient-1-9] DEBUG org.asynchttpclient.netty.handler.HttpHandler - Unexpected I/O exception on channel [id: 0x6d03c26a, L:/127.0.0.1:57872 - R:localhost/127.0.0.1:57867]
java.net.SocketException: Connection reset
	at java.base/sun.nio.ch.SocketChannelImpl.throwConnectionReset(SocketChannelImpl.java:367)
	at java.base/sun.nio.ch.SocketChannelImpl.read(SocketChannelImpl.java:398)
	at io.netty.buffer.PooledByteBuf.setBytes(PooledByteBuf.java:258)
	at io.netty.buffer.AbstractByteBuf.writeBytes(AbstractByteBuf.java:1132)
	at io.netty.channel.socket.nio.NioSocketChannel.doReadBytes(NioSocketChannel.java:350)
	at io.netty.channel.nio.AbstractNioByteChannel$NioByteUnsafe.read(AbstractNioByteChannel.java:151)
	at io.netty.channel.nio.NioEventLoop.processSelectedKey(NioEventLoop.java:722)
	at io.netty.channel.nio.NioEventLoop.processSelectedKeysOptimized(NioEventLoop.java:658)
	at io.netty.channel.nio.NioEventLoop.processSelectedKeys(NioEventLoop.java:584)
	at io.netty.channel.nio.NioEventLoop.run(NioEventLoop.java:496)
	at io.netty.util.concurrent.SingleThreadEventExecutor$4.run(SingleThreadEventExecutor.java:986)
	at io.netty.util.internal.ThreadExecutorMap$2.run(ThreadExecutorMap.java:74)
	at io.netty.util.concurrent.FastThreadLocalRunnable.run(FastThreadLocalRunnable.java:30)
	at java.base/java.lang.Thread.run(Thread.java:832)
10:47:33.056 [AsyncHttpClient-1-9] DEBUG org.asynchttpclient.netty.channel.ChannelManager - Closing Channel [id: 0x6d03c26a, L:/127.0.0.1:57872 - R:localhost/127.0.0.1:57867] 
10:47:33.057 [AsyncHttpClient-1-9] DEBUG org.asynchttpclient.netty.handler.HttpHandler - Channel Closed: [id: 0x6d03c26a, L:/127.0.0.1:57872 ! R:localhost/127.0.0.1:57867] with attribute DISCARD
10:47:33.084 [AsyncHttpClient-1-8] DEBUG org.asynchttpclient.netty.handler.HttpHandler - 

Request DefaultFullHttpRequest(decodeResult: success, version: HTTP/1.1, content: EmptyByteBufBE)
DELETE /session/737ab542e8804fd062e1fbe2ab0bc144 HTTP/1.1
User-Agent: selenium/4.1.2 (java windows)
Content-Type: application/json; charset=utf-8
host: localhost:58736
accept: */*

Response DefaultHttpResponse(decodeResult: success, version: HTTP/1.1)
HTTP/1.1 200 OK
Content-Type: application/json; charset=utf-8
cache-control: no-cache
content-length: 14

10:47:33.084 [AsyncHttpClient-1-8] DEBUG org.asynchttpclient.netty.channel.ChannelManager - Adding key: http://localhost:58736 for channel [id: 0xf6f16080, L:/127.0.0.1:57866 - R:localhost/127.0.0.1:58736]
10:47:33.163 [AsyncHttpClient-1-1] DEBUG org.asynchttpclient.netty.channel.DefaultChannelPool - Entry count for : http://localhost:57867 : 1
10:47:33.163 [AsyncHttpClient-1-1] DEBUG org.asynchttpclient.netty.channel.DefaultChannelPool - Entry count for : http://localhost:58736 : 1
10:47:33.163 [AsyncHttpClient-1-1] DEBUG org.asynchttpclient.netty.channel.DefaultChannelPool - Adding Candidate expired Channel [id: 0x6d03c26a, L:/127.0.0.1:57872 ! R:localhost/127.0.0.1:57867] isIdleTimeoutExpired=false isRemotelyClosed=true isTtlExpired=false
10:47:33.163 [AsyncHttpClient-1-1] DEBUG org.asynchttpclient.netty.channel.DefaultChannelPool - Closing Idle Channel [id: 0x6d03c26a, L:/127.0.0.1:57872 ! R:localhost/127.0.0.1:57867]
10:47:33.163 [AsyncHttpClient-1-1] DEBUG org.asynchttpclient.netty.channel.DefaultChannelPool - Closed 1 connections out of 2 in 0 ms
10:47:33.221 [AsyncHttpClient-1-8] DEBUG org.asynchttpclient.netty.handler.HttpHandler - Channel Closed: [id: 0xf6f16080, L:/127.0.0.1:57866 ! R:localhost/127.0.0.1:58736] with attribute DISCARD
]]></system-out>
    <system-err><![CDATA[Starting ChromeDriver 102.0.5005.61 (0e59bcc00cc4985ce39ad31c150065f159d95ad3-refs/branch-heads/5005@{#819}) on port 58736
Only local connections are allowed.
Please see https://chromedriver.chromium.org/security-considerations for suggestions on keeping ChromeDriver safe.
ChromeDriver was started successfully.
Jun 21, 2022 10:47:27 AM org.openqa.selenium.remote.ProtocolHandshake createSession
INFO: Detected dialect: W3C
Jun 21, 2022 10:47:27 AM org.openqa.selenium.devtools.CdpVersionFinder findNearestMatch
WARNING: Unable to find an exact match for CDP version 102, so returning the closest version found: a no-op implementation
Jun 21, 2022 10:47:27 AM org.openqa.selenium.devtools.CdpVersionFinder findNearestMatch
INFO: Unable to find CDP implementation matching 102.
Jun 21, 2022 10:47:27 AM org.openqa.selenium.chromium.ChromiumDriver lambda$new$3
WARNING: Unable to find version of CDP to use for . You may need to include a dependency on a specific version of the CDP using something similar to `org.seleniumhq.selenium:selenium-devtools-v86:4.1.2` where the version ("v86") matches the version of the chromium-based browser you're using and the version number of the artifact is the same as Selenium's.
]]></system-err>
  </testcase>
  <testcase name="Delete Doctor Data Scenario" classname="Doctor" time="9.239">
    <system-out><![CDATA[
@Doctor @DeleteDoctor
Scenario: Delete Doctor Data Scenario                 &amp#27;[90m# src/test/resources/features/3.Doctor.feature:48&amp#27;[0m
10:47:33.753 [main] INFO io.cucumber.core.plugin.SerenityReporter - Running feature from file:///E:/My%20Documents/File%20Difa/TI%20Semester%206%20Kampus%20Merdeka%20Alterra/Tugas/CAPSTONE%20Project/Capstone-Project-Website/src/test/resources/features/3.Doctor.feature
10:47:33.755 [main] INFO  - 
  _____   ___   ___   _____     ___   _____     _     ___   _____   ___   ___  
 |_   _| | __| / __| |_   _|   / __| |_   _|   /_\   | _ \ |_   _| | __| |   \ 
   | |   | _|  \__ \   | |     \__ \   | |    / _ \  |   /   | |   | _|  | |) |
   |_|   |___| |___/   |_|     |___/   |_|   /_/ \_\ |_|_\   |_|   |___| |___/ 

Delete Doctor Data Scenario(doctor;delete-doctor-data-scenario)
--------------------------------------------------------------------------------
10:47:33.778 [main] DEBUG net.thucydides.core.steps.StepInterceptor - STARTING STEP: PatientSteps.iAmAtTheDashboardPage - openUrl
10:47:33.782 [main] INFO net.serenitybdd.core.webdriver.driverproviders.ChromeDriverProvider - Using automatically driver download
10:47:34.345 [AsyncHttpClient-1-1] DEBUG org.asynchttpclient.netty.channel.DefaultChannelPool - Entry count for : http://localhost:58736 : 1
10:47:34.345 [AsyncHttpClient-1-1] DEBUG org.asynchttpclient.netty.channel.DefaultChannelPool - Adding Candidate expired Channel [id: 0xf6f16080, L:/127.0.0.1:57866 ! R:localhost/127.0.0.1:58736] isIdleTimeoutExpired=false isRemotelyClosed=true isTtlExpired=false
10:47:34.345 [AsyncHttpClient-1-1] DEBUG org.asynchttpclient.netty.channel.DefaultChannelPool - Closing Idle Channel [id: 0xf6f16080, L:/127.0.0.1:57866 ! R:localhost/127.0.0.1:58736]
10:47:34.345 [AsyncHttpClient-1-1] DEBUG org.asynchttpclient.netty.channel.DefaultChannelPool - Closed 1 connections out of 1 in 0 ms
10:47:34.405 [main] DEBUG io.github.bonigarcia.wdm.cache.ResolutionCache - Resolution chrome=102 in cache (valid until 11:37:46 21/06/2022 ICT)
10:47:34.413 [main] DEBUG io.github.bonigarcia.wdm.cache.ResolutionCache - Resolution chrome102=102.0.5005.61 in cache (valid until 09:22:16 22/06/2022 ICT)
10:47:34.416 [main] INFO io.github.bonigarcia.wdm.WebDriverManager - Using chromedriver 102.0.5005.61 (resolved driver for Chrome 102)
10:47:34.445 [main] DEBUG io.github.bonigarcia.wdm.WebDriverManager - Driver chromedriver 102.0.5005.61 found in cache
10:47:34.446 [main] INFO io.github.bonigarcia.wdm.WebDriverManager - Exporting webdriver.chrome.driver as C:\Users\USER\.cache\selenium\chromedriver\win32\102.0.5005.61\chromedriver.exe
10:47:34.787 [main] DEBUG net.serenitybdd.core.webdriver.driverproviders.ProvideNewDriver - Instantiating driver
10:47:34.787 [main] DEBUG net.serenitybdd.core.webdriver.driverproviders.ProvideNewDriver - Driver capabilities: Capabilities {acceptInsecureCerts: false, base.url: https://hospital-management..., browserName: chrome, chrome.driver: src/test/resources/webdrive..., driver: chrome, goog:chromeOptions: {args: [], extensions: []}}
10:47:35.326 [AsyncHttpClient-1-3] DEBUG org.asynchttpclient.netty.channel.NettyConnectListener - Using new Channel '[id: 0xfbab5c72, L:/127.0.0.1:57887 - R:localhost/127.0.0.1:59151]' for 'POST' to '/session'
10:47:37.128 [AsyncHttpClient-1-3] DEBUG org.asynchttpclient.netty.handler.HttpHandler - 

Request DefaultHttpRequest(decodeResult: success, version: HTTP/1.1)
POST /session HTTP/1.1
User-Agent: selenium/4.1.2 (java windows)
Content-Length: 621
Content-Type: application/json; charset=utf-8
host: localhost:59151
accept: */*

Response DefaultHttpResponse(decodeResult: success, version: HTTP/1.1)
HTTP/1.1 200 OK
Content-Type: application/json; charset=utf-8
cache-control: no-cache
content-length: 788

10:47:37.129 [AsyncHttpClient-1-3] DEBUG org.asynchttpclient.netty.channel.ChannelManager - Adding key: http://localhost:59151 for channel [id: 0xfbab5c72, L:/127.0.0.1:57887 - R:localhost/127.0.0.1:59151]
10:47:37.136 [AsyncHttpClient-1-4] DEBUG org.asynchttpclient.netty.channel.NettyConnectListener - Using new Channel '[id: 0x3725e2b6, L:/127.0.0.1:57893 - R:localhost/127.0.0.1:57888]' for 'GET' to '/json/version'
10:47:37.137 [AsyncHttpClient-1-4] DEBUG org.asynchttpclient.netty.handler.HttpHandler - 

Request DefaultFullHttpRequest(decodeResult: success, version: HTTP/1.1, content: EmptyByteBufBE)
GET /json/version HTTP/1.1
User-Agent: selenium/4.1.2 (java windows)
host: localhost:57888
accept: */*

Response DefaultHttpResponse(decodeResult: success, version: HTTP/1.1)
HTTP/1.1 200 OK
Content-Type: application/json; charset=UTF-8
content-length: 427

10:47:37.137 [AsyncHttpClient-1-4] DEBUG org.asynchttpclient.netty.channel.ChannelManager - Adding key: http://localhost:57888 for channel [id: 0x3725e2b6, L:/127.0.0.1:57893 - R:localhost/127.0.0.1:57888]
10:47:37.141 [AsyncHttpClient-1-5] DEBUG org.asynchttpclient.netty.channel.NettyConnectListener - Using new Channel '[id: 0x89aa0775, L:/127.0.0.1:57894 - R:localhost/127.0.0.1:57888]' for 'GET' to '/devtools/browser/98cb4fd3-f775-466f-b8de-0a587cca570f'
10:47:37.142 [AsyncHttpClient-1-5] DEBUG org.asynchttpclient.netty.handler.WebSocketHandler - 

Request DefaultFullHttpRequest(decodeResult: success, version: HTTP/1.1, content: EmptyByteBufBE)
GET /devtools/browser/98cb4fd3-f775-466f-b8de-0a587cca570f HTTP/1.1
upgrade: websocket
connection: upgrade
sec-websocket-key: hEYg5Tl7lqSzzdPOZwn1Ow==
sec-websocket-version: 13
origin: http://localhost:57888
host: localhost:57888
accept: */*
user-agent: AHC/2.1

Response DefaultHttpResponse(decodeResult: success, version: HTTP/1.1)
HTTP/1.1 101 WebSocket Protocol Handshake
Upgrade: WebSocket
Connection: Upgrade
Sec-WebSocket-Accept: dciP+7zsI6HxHrvBjmseEoLqiZ0=

10:47:37.153 [Forwarding maximizeCurrentWindow on session 070311ee878c14a64899f19d11cb00a9 to remote] DEBUG org.asynchttpclient.netty.request.NettyRequestSender - Using pooled Channel '[id: 0xfbab5c72, L:/127.0.0.1:57887 - R:localhost/127.0.0.1:59151]' for 'POST' to 'http://localhost:59151/session/070311ee878c14a64899f19d11cb00a9/window/maximize'
10:47:37.154 [Forwarding maximizeCurrentWindow on session 070311ee878c14a64899f19d11cb00a9 to remote] DEBUG org.asynchttpclient.netty.request.NettyRequestSender - Using open Channel [id: 0xfbab5c72, L:/127.0.0.1:57887 - R:localhost/127.0.0.1:59151] for POST '/session/070311ee878c14a64899f19d11cb00a9/window/maximize'
10:47:37.282 [AsyncHttpClient-1-3] DEBUG org.asynchttpclient.netty.handler.HttpHandler - 

Request DefaultHttpRequest(decodeResult: success, version: HTTP/1.1)
POST /session/070311ee878c14a64899f19d11cb00a9/window/maximize HTTP/1.1
User-Agent: selenium/4.1.2 (java windows)
Content-Length: 3
Content-Type: application/json; charset=utf-8
host: localhost:59151
accept: */*

Response DefaultHttpResponse(decodeResult: success, version: HTTP/1.1)
HTTP/1.1 200 OK
Content-Type: application/json; charset=utf-8
cache-control: no-cache
content-length: 51

10:47:37.282 [AsyncHttpClient-1-3] DEBUG org.asynchttpclient.netty.channel.ChannelManager - Adding key: http://localhost:59151 for channel [id: 0xfbab5c72, L:/127.0.0.1:57887 - R:localhost/127.0.0.1:59151]
10:47:37.283 [Forwarding get on session 070311ee878c14a64899f19d11cb00a9 to remote] DEBUG org.asynchttpclient.netty.request.NettyRequestSender - Using pooled Channel '[id: 0xfbab5c72, L:/127.0.0.1:57887 - R:localhost/127.0.0.1:59151]' for 'POST' to 'http://localhost:59151/session/070311ee878c14a64899f19d11cb00a9/url'
10:47:37.283 [Forwarding get on session 070311ee878c14a64899f19d11cb00a9 to remote] DEBUG org.asynchttpclient.netty.request.NettyRequestSender - Using open Channel [id: 0xfbab5c72, L:/127.0.0.1:57887 - R:localhost/127.0.0.1:59151] for POST '/session/070311ee878c14a64899f19d11cb00a9/url'
10:47:37.566 [AsyncHttpClient-1-1] DEBUG org.asynchttpclient.netty.channel.DefaultChannelPool - Entry count for : http://localhost:57888 : 1
10:47:38.666 [AsyncHttpClient-1-1] DEBUG org.asynchttpclient.netty.channel.DefaultChannelPool - Entry count for : http://localhost:57888 : 1
10:47:39.415 [AsyncHttpClient-1-3] DEBUG org.asynchttpclient.netty.handler.HttpHandler - 

Request DefaultHttpRequest(decodeResult: success, version: HTTP/1.1)
POST /session/070311ee878c14a64899f19d11cb00a9/url HTTP/1.1
User-Agent: selenium/4.1.2 (java windows)
Content-Length: 65
Content-Type: application/json; charset=utf-8
host: localhost:59151
accept: */*

Response DefaultHttpResponse(decodeResult: success, version: HTTP/1.1)
HTTP/1.1 200 OK
Content-Type: application/json; charset=utf-8
cache-control: no-cache
content-length: 14

10:47:39.415 [AsyncHttpClient-1-3] DEBUG org.asynchttpclient.netty.channel.ChannelManager - Adding key: http://localhost:59151 for channel [id: 0xfbab5c72, L:/127.0.0.1:57887 - R:localhost/127.0.0.1:59151]
10:47:39.417 [Forwarding setTimeout on session 070311ee878c14a64899f19d11cb00a9 to remote] DEBUG org.asynchttpclient.netty.request.NettyRequestSender - Using pooled Channel '[id: 0xfbab5c72, L:/127.0.0.1:57887 - R:localhost/127.0.0.1:59151]' for 'POST' to 'http://localhost:59151/session/070311ee878c14a64899f19d11cb00a9/timeouts'
10:47:39.417 [Forwarding setTimeout on session 070311ee878c14a64899f19d11cb00a9 to remote] DEBUG org.asynchttpclient.netty.request.NettyRequestSender - Using open Channel [id: 0xfbab5c72, L:/127.0.0.1:57887 - R:localhost/127.0.0.1:59151] for POST '/session/070311ee878c14a64899f19d11cb00a9/timeouts'
10:47:39.418 [AsyncHttpClient-1-3] DEBUG org.asynchttpclient.netty.handler.HttpHandler - 

Request DefaultHttpRequest(decodeResult: success, version: HTTP/1.1)
POST /session/070311ee878c14a64899f19d11cb00a9/timeouts HTTP/1.1
User-Agent: selenium/4.1.2 (java windows)
Content-Length: 22
Content-Type: application/json; charset=utf-8
host: localhost:59151
accept: */*

Response DefaultHttpResponse(decodeResult: success, version: HTTP/1.1)
HTTP/1.1 200 OK
Content-Type: application/json; charset=utf-8
cache-control: no-cache
content-length: 14

10:47:39.418 [AsyncHttpClient-1-3] DEBUG org.asynchttpclient.netty.channel.ChannelManager - Adding key: http://localhost:59151 for channel [id: 0xfbab5c72, L:/127.0.0.1:57887 - R:localhost/127.0.0.1:59151]
10:47:39.424 [Forwarding getCurrentUrl on session 070311ee878c14a64899f19d11cb00a9 to remote] DEBUG org.asynchttpclient.netty.request.NettyRequestSender - Using pooled Channel '[id: 0xfbab5c72, L:/127.0.0.1:57887 - R:localhost/127.0.0.1:59151]' for 'GET' to 'http://localhost:59151/session/070311ee878c14a64899f19d11cb00a9/url'
10:47:39.424 [Forwarding getCurrentUrl on session 070311ee878c14a64899f19d11cb00a9 to remote] DEBUG org.asynchttpclient.netty.request.NettyRequestSender - Using open Channel [id: 0xfbab5c72, L:/127.0.0.1:57887 - R:localhost/127.0.0.1:59151] for GET '/session/070311ee878c14a64899f19d11cb00a9/url'
10:47:39.568 [AsyncHttpClient-1-3] DEBUG org.asynchttpclient.netty.handler.HttpHandler - 

Request DefaultFullHttpRequest(decodeResult: success, version: HTTP/1.1, content: EmptyByteBufBE)
GET /session/070311ee878c14a64899f19d11cb00a9/url HTTP/1.1
User-Agent: selenium/4.1.2 (java windows)
Cache-Control: no-cache
Content-Type: application/json; charset=utf-8
host: localhost:59151
accept: */*

Response DefaultHttpResponse(decodeResult: success, version: HTTP/1.1)
HTTP/1.1 200 OK
Content-Type: application/json; charset=utf-8
cache-control: no-cache
content-length: 53

10:47:39.568 [AsyncHttpClient-1-3] DEBUG org.asynchttpclient.netty.channel.ChannelManager - Adding key: http://localhost:59151 for channel [id: 0xfbab5c72, L:/127.0.0.1:57887 - R:localhost/127.0.0.1:59151]
10:47:39.573 [Forwarding getCurrentUrl on session 070311ee878c14a64899f19d11cb00a9 to remote] DEBUG org.asynchttpclient.netty.request.NettyRequestSender - Using pooled Channel '[id: 0xfbab5c72, L:/127.0.0.1:57887 - R:localhost/127.0.0.1:59151]' for 'GET' to 'http://localhost:59151/session/070311ee878c14a64899f19d11cb00a9/url'
10:47:39.574 [Forwarding getCurrentUrl on session 070311ee878c14a64899f19d11cb00a9 to remote] DEBUG org.asynchttpclient.netty.request.NettyRequestSender - Using open Channel [id: 0xfbab5c72, L:/127.0.0.1:57887 - R:localhost/127.0.0.1:59151] for GET '/session/070311ee878c14a64899f19d11cb00a9/url'
10:47:39.581 [AsyncHttpClient-1-3] DEBUG org.asynchttpclient.netty.handler.HttpHandler - 

Request DefaultFullHttpRequest(decodeResult: success, version: HTTP/1.1, content: EmptyByteBufBE)
GET /session/070311ee878c14a64899f19d11cb00a9/url HTTP/1.1
User-Agent: selenium/4.1.2 (java windows)
Cache-Control: no-cache
Content-Type: application/json; charset=utf-8
host: localhost:59151
accept: */*

Response DefaultHttpResponse(decodeResult: success, version: HTTP/1.1)
HTTP/1.1 200 OK
Content-Type: application/json; charset=utf-8
cache-control: no-cache
content-length: 53

10:47:39.581 [AsyncHttpClient-1-3] DEBUG org.asynchttpclient.netty.channel.ChannelManager - Adding key: http://localhost:59151 for channel [id: 0xfbab5c72, L:/127.0.0.1:57887 - R:localhost/127.0.0.1:59151]
10:47:39.589 [Forwarding screenshot on session 070311ee878c14a64899f19d11cb00a9 to remote] DEBUG org.asynchttpclient.netty.request.NettyRequestSender - Using pooled Channel '[id: 0xfbab5c72, L:/127.0.0.1:57887 - R:localhost/127.0.0.1:59151]' for 'GET' to 'http://localhost:59151/session/070311ee878c14a64899f19d11cb00a9/screenshot'
10:47:39.589 [Forwarding screenshot on session 070311ee878c14a64899f19d11cb00a9 to remote] DEBUG org.asynchttpclient.netty.request.NettyRequestSender - Using open Channel [id: 0xfbab5c72, L:/127.0.0.1:57887 - R:localhost/127.0.0.1:59151] for GET '/session/070311ee878c14a64899f19d11cb00a9/screenshot'
10:47:39.764 [AsyncHttpClient-1-1] DEBUG org.asynchttpclient.netty.channel.DefaultChannelPool - Entry count for : http://localhost:57888 : 1
10:47:39.916 [AsyncHttpClient-1-3] DEBUG org.asynchttpclient.netty.handler.HttpHandler - 

Request DefaultFullHttpRequest(decodeResult: success, version: HTTP/1.1, content: EmptyByteBufBE)
GET /session/070311ee878c14a64899f19d11cb00a9/screenshot HTTP/1.1
User-Agent: selenium/4.1.2 (java windows)
Cache-Control: no-cache
Content-Type: application/json; charset=utf-8
host: localhost:59151
accept: */*

Response DefaultHttpResponse(decodeResult: success, version: HTTP/1.1)
HTTP/1.1 200 OK
Content-Type: application/json; charset=utf-8
cache-control: no-cache
content-length: 338616

10:47:39.918 [AsyncHttpClient-1-3] DEBUG org.asynchttpclient.netty.channel.ChannelManager - Adding key: http://localhost:59151 for channel [id: 0xfbab5c72, L:/127.0.0.1:57887 - R:localhost/127.0.0.1:59151]
10:47:39.951 [main] DEBUG net.serenitybdd.core.photography.Darkroom - Send negative for processing for target\site\serenity\75909325c2b5f90923705ddfb4d820a2d5e21789053128f6640ae123e4ed1bd7.png
10:47:39.951 [main] DEBUG net.thucydides.core.steps.StepInterceptor - STEP DONE: openUrl
10:47:39.952 [Darkroom Processing Line] DEBUG net.serenitybdd.core.photography.DarkroomProcessingLine - Processing screenshot image in /var/screenshots/screenshot-17336184324880397902
10:47:39.952 [Darkroom Processing Line] DEBUG net.serenitybdd.core.photography.DarkroomProcessingLine - Saving screenshot to target\site\serenity\75909325c2b5f90923705ddfb4d820a2d5e21789053128f6640ae123e4ed1bd7.png
10:47:39.962 [main] DEBUG net.thucydides.core.steps.StepInterceptor - STARTING STEP: PatientSteps.iAmAtTheDashboardPage - validateOnDashboardPage
10:47:39.966 [Forwarding findElement on session 070311ee878c14a64899f19d11cb00a9 to remote] DEBUG org.asynchttpclient.netty.request.NettyRequestSender - Using pooled Channel '[id: 0xfbab5c72, L:/127.0.0.1:57887 - R:localhost/127.0.0.1:59151]' for 'POST' to 'http://localhost:59151/session/070311ee878c14a64899f19d11cb00a9/element'
10:47:39.966 [Forwarding findElement on session 070311ee878c14a64899f19d11cb00a9 to remote] DEBUG org.asynchttpclient.netty.request.NettyRequestSender - Using open Channel [id: 0xfbab5c72, L:/127.0.0.1:57887 - R:localhost/127.0.0.1:59151] for POST '/session/070311ee878c14a64899f19d11cb00a9/element'
10:47:39.989 [AsyncHttpClient-1-3] DEBUG org.asynchttpclient.netty.handler.HttpHandler - 

Request DefaultHttpRequest(decodeResult: success, version: HTTP/1.1)
POST /session/070311ee878c14a64899f19d11cb00a9/element HTTP/1.1
User-Agent: selenium/4.1.2 (java windows)
Content-Length: 81
Content-Type: application/json; charset=utf-8
host: localhost:59151
accept: */*

Response DefaultHttpResponse(decodeResult: success, version: HTTP/1.1)
HTTP/1.1 200 OK
Content-Type: application/json; charset=utf-8
cache-control: no-cache
content-length: 88

10:47:39.990 [AsyncHttpClient-1-3] DEBUG org.asynchttpclient.netty.channel.ChannelManager - Adding key: http://localhost:59151 for channel [id: 0xfbab5c72, L:/127.0.0.1:57887 - R:localhost/127.0.0.1:59151]
10:47:39.994 [Forwarding isElementDisplayed on session 070311ee878c14a64899f19d11cb00a9 to remote] DEBUG org.asynchttpclient.netty.request.NettyRequestSender - Using pooled Channel '[id: 0xfbab5c72, L:/127.0.0.1:57887 - R:localhost/127.0.0.1:59151]' for 'POST' to 'http://localhost:59151/session/070311ee878c14a64899f19d11cb00a9/execute/sync'
10:47:39.995 [Forwarding isElementDisplayed on session 070311ee878c14a64899f19d11cb00a9 to remote] DEBUG org.asynchttpclient.netty.request.NettyRequestSender - Using open Channel [id: 0xfbab5c72, L:/127.0.0.1:57887 - R:localhost/127.0.0.1:59151] for POST '/session/070311ee878c14a64899f19d11cb00a9/execute/sync'
10:47:40.019 [AsyncHttpClient-1-3] DEBUG org.asynchttpclient.netty.handler.HttpHandler - 

Request DefaultHttpRequest(decodeResult: success, version: HTTP/1.1)
POST /session/070311ee878c14a64899f19d11cb00a9/execute/sync HTTP/1.1
User-Agent: selenium/4.1.2 (java windows)
Content-Length: 48780
Content-Type: application/json; charset=utf-8
host: localhost:59151
accept: */*

Response DefaultHttpResponse(decodeResult: success, version: HTTP/1.1)
HTTP/1.1 200 OK
Content-Type: application/json; charset=utf-8
cache-control: no-cache
content-length: 14

10:47:40.020 [AsyncHttpClient-1-3] DEBUG org.asynchttpclient.netty.channel.ChannelManager - Adding key: http://localhost:59151 for channel [id: 0xfbab5c72, L:/127.0.0.1:57887 - R:localhost/127.0.0.1:59151]
10:47:40.028 [Forwarding screenshot on session 070311ee878c14a64899f19d11cb00a9 to remote] DEBUG org.asynchttpclient.netty.request.NettyRequestSender - Using pooled Channel '[id: 0xfbab5c72, L:/127.0.0.1:57887 - R:localhost/127.0.0.1:59151]' for 'GET' to 'http://localhost:59151/session/070311ee878c14a64899f19d11cb00a9/screenshot'
10:47:40.028 [Forwarding screenshot on session 070311ee878c14a64899f19d11cb00a9 to remote] DEBUG org.asynchttpclient.netty.request.NettyRequestSender - Using open Channel [id: 0xfbab5c72, L:/127.0.0.1:57887 - R:localhost/127.0.0.1:59151] for GET '/session/070311ee878c14a64899f19d11cb00a9/screenshot'
10:47:40.355 [AsyncHttpClient-1-3] DEBUG org.asynchttpclient.netty.handler.HttpHandler - 

Request DefaultFullHttpRequest(decodeResult: success, version: HTTP/1.1, content: EmptyByteBufBE)
GET /session/070311ee878c14a64899f19d11cb00a9/screenshot HTTP/1.1
User-Agent: selenium/4.1.2 (java windows)
Cache-Control: no-cache
Content-Type: application/json; charset=utf-8
host: localhost:59151
accept: */*

Response DefaultHttpResponse(decodeResult: success, version: HTTP/1.1)
HTTP/1.1 200 OK
Content-Type: application/json; charset=utf-8
cache-control: no-cache
content-length: 382596

10:47:40.357 [AsyncHttpClient-1-3] DEBUG org.asynchttpclient.netty.channel.ChannelManager - Adding key: http://localhost:59151 for channel [id: 0xfbab5c72, L:/127.0.0.1:57887 - R:localhost/127.0.0.1:59151]
10:47:40.394 [main] DEBUG net.serenitybdd.core.photography.Darkroom - Send negative for processing for target\site\serenity\ed15a54c91c342d96a850276df7b559f4526b370fc93040e3c407a48a170f368.png
10:47:40.394 [main] DEBUG net.thucydides.core.steps.StepInterceptor - STEP DONE: validateOnDashboardPage
  &amp#27;[32mGiven &amp#27;[0m&amp#27;[32mI am at the dashboard page&amp#27;[0m                    &amp#27;[90m# starter.stepdefinitions.PatientSteps.iAmAtTheDashboardPage()&amp#27;[0m
10:47:40.435 [main] DEBUG net.thucydides.core.steps.StepInterceptor - STARTING STEP: DoctorSteps.iClickMenuDoctor - clickMenuDoctorButton
10:47:40.441 [Forwarding findElement on session 070311ee878c14a64899f19d11cb00a9 to remote] DEBUG org.asynchttpclient.netty.request.NettyRequestSender - Using pooled Channel '[id: 0xfbab5c72, L:/127.0.0.1:57887 - R:localhost/127.0.0.1:59151]' for 'POST' to 'http://localhost:59151/session/070311ee878c14a64899f19d11cb00a9/element'
10:47:40.441 [Forwarding findElement on session 070311ee878c14a64899f19d11cb00a9 to remote] DEBUG org.asynchttpclient.netty.request.NettyRequestSender - Using open Channel [id: 0xfbab5c72, L:/127.0.0.1:57887 - R:localhost/127.0.0.1:59151] for POST '/session/070311ee878c14a64899f19d11cb00a9/element'
10:47:40.460 [AsyncHttpClient-1-3] DEBUG org.asynchttpclient.netty.handler.HttpHandler - 

Request DefaultHttpRequest(decodeResult: success, version: HTTP/1.1)
POST /session/070311ee878c14a64899f19d11cb00a9/element HTTP/1.1
User-Agent: selenium/4.1.2 (java windows)
Content-Length: 79
Content-Type: application/json; charset=utf-8
host: localhost:59151
accept: */*

Response DefaultHttpResponse(decodeResult: success, version: HTTP/1.1)
HTTP/1.1 200 OK
Content-Type: application/json; charset=utf-8
cache-control: no-cache
content-length: 88

10:47:40.461 [AsyncHttpClient-1-3] DEBUG org.asynchttpclient.netty.channel.ChannelManager - Adding key: http://localhost:59151 for channel [id: 0xfbab5c72, L:/127.0.0.1:57887 - R:localhost/127.0.0.1:59151]
10:47:40.462 [Forwarding getElementTagName on session 070311ee878c14a64899f19d11cb00a9 to remote] DEBUG org.asynchttpclient.netty.request.NettyRequestSender - Using pooled Channel '[id: 0xfbab5c72, L:/127.0.0.1:57887 - R:localhost/127.0.0.1:59151]' for 'GET' to 'http://localhost:59151/session/070311ee878c14a64899f19d11cb00a9/element/bfdf444c-7c21-4136-a7ff-1b8ffef1abca/name'
10:47:40.462 [Forwarding getElementTagName on session 070311ee878c14a64899f19d11cb00a9 to remote] DEBUG org.asynchttpclient.netty.request.NettyRequestSender - Using open Channel [id: 0xfbab5c72, L:/127.0.0.1:57887 - R:localhost/127.0.0.1:59151] for GET '/session/070311ee878c14a64899f19d11cb00a9/element/bfdf444c-7c21-4136-a7ff-1b8ffef1abca/name'
10:47:40.468 [AsyncHttpClient-1-3] DEBUG org.asynchttpclient.netty.handler.HttpHandler - 

Request DefaultFullHttpRequest(decodeResult: success, version: HTTP/1.1, content: EmptyByteBufBE)
GET /session/070311ee878c14a64899f19d11cb00a9/element/bfdf444c-7c21-4136-a7ff-1b8ffef1abca/name HTTP/1.1
User-Agent: selenium/4.1.2 (java windows)
Cache-Control: no-cache
Content-Type: application/json; charset=utf-8
host: localhost:59151
accept: */*

Response DefaultHttpResponse(decodeResult: success, version: HTTP/1.1)
HTTP/1.1 200 OK
Content-Type: application/json; charset=utf-8
cache-control: no-cache
content-length: 15

10:47:40.468 [AsyncHttpClient-1-3] DEBUG org.asynchttpclient.netty.channel.ChannelManager - Adding key: http://localhost:59151 for channel [id: 0xfbab5c72, L:/127.0.0.1:57887 - R:localhost/127.0.0.1:59151]
10:47:40.470 [Forwarding getElementTagName on session 070311ee878c14a64899f19d11cb00a9 to remote] DEBUG org.asynchttpclient.netty.request.NettyRequestSender - Using pooled Channel '[id: 0xfbab5c72, L:/127.0.0.1:57887 - R:localhost/127.0.0.1:59151]' for 'GET' to 'http://localhost:59151/session/070311ee878c14a64899f19d11cb00a9/element/bfdf444c-7c21-4136-a7ff-1b8ffef1abca/name'
10:47:40.470 [Forwarding getElementTagName on session 070311ee878c14a64899f19d11cb00a9 to remote] DEBUG org.asynchttpclient.netty.request.NettyRequestSender - Using open Channel [id: 0xfbab5c72, L:/127.0.0.1:57887 - R:localhost/127.0.0.1:59151] for GET '/session/070311ee878c14a64899f19d11cb00a9/element/bfdf444c-7c21-4136-a7ff-1b8ffef1abca/name'
10:47:40.475 [AsyncHttpClient-1-3] DEBUG org.asynchttpclient.netty.handler.HttpHandler - 

Request DefaultFullHttpRequest(decodeResult: success, version: HTTP/1.1, content: EmptyByteBufBE)
GET /session/070311ee878c14a64899f19d11cb00a9/element/bfdf444c-7c21-4136-a7ff-1b8ffef1abca/name HTTP/1.1
User-Agent: selenium/4.1.2 (java windows)
Cache-Control: no-cache
Content-Type: application/json; charset=utf-8
host: localhost:59151
accept: */*

Response DefaultHttpResponse(decodeResult: success, version: HTTP/1.1)
HTTP/1.1 200 OK
Content-Type: application/json; charset=utf-8
cache-control: no-cache
content-length: 15

10:47:40.475 [AsyncHttpClient-1-3] DEBUG org.asynchttpclient.netty.channel.ChannelManager - Adding key: http://localhost:59151 for channel [id: 0xfbab5c72, L:/127.0.0.1:57887 - R:localhost/127.0.0.1:59151]
10:47:40.477 [Forwarding findElement on session 070311ee878c14a64899f19d11cb00a9 to remote] DEBUG org.asynchttpclient.netty.request.NettyRequestSender - Using pooled Channel '[id: 0xfbab5c72, L:/127.0.0.1:57887 - R:localhost/127.0.0.1:59151]' for 'POST' to 'http://localhost:59151/session/070311ee878c14a64899f19d11cb00a9/element'
10:47:40.477 [Forwarding findElement on session 070311ee878c14a64899f19d11cb00a9 to remote] DEBUG org.asynchttpclient.netty.request.NettyRequestSender - Using open Channel [id: 0xfbab5c72, L:/127.0.0.1:57887 - R:localhost/127.0.0.1:59151] for POST '/session/070311ee878c14a64899f19d11cb00a9/element'
10:47:40.488 [AsyncHttpClient-1-3] DEBUG org.asynchttpclient.netty.handler.HttpHandler - 

Request DefaultHttpRequest(decodeResult: success, version: HTTP/1.1)
POST /session/070311ee878c14a64899f19d11cb00a9/element HTTP/1.1
User-Agent: selenium/4.1.2 (java windows)
Content-Length: 79
Content-Type: application/json; charset=utf-8
host: localhost:59151
accept: */*

Response DefaultHttpResponse(decodeResult: success, version: HTTP/1.1)
HTTP/1.1 200 OK
Content-Type: application/json; charset=utf-8
cache-control: no-cache
content-length: 88

10:47:40.488 [AsyncHttpClient-1-3] DEBUG org.asynchttpclient.netty.channel.ChannelManager - Adding key: http://localhost:59151 for channel [id: 0xfbab5c72, L:/127.0.0.1:57887 - R:localhost/127.0.0.1:59151]
10:47:40.489 [Forwarding clickElement on session 070311ee878c14a64899f19d11cb00a9 to remote] DEBUG org.asynchttpclient.netty.request.NettyRequestSender - Using pooled Channel '[id: 0xfbab5c72, L:/127.0.0.1:57887 - R:localhost/127.0.0.1:59151]' for 'POST' to 'http://localhost:59151/session/070311ee878c14a64899f19d11cb00a9/element/bfdf444c-7c21-4136-a7ff-1b8ffef1abca/click'
10:47:40.489 [Forwarding clickElement on session 070311ee878c14a64899f19d11cb00a9 to remote] DEBUG org.asynchttpclient.netty.request.NettyRequestSender - Using open Channel [id: 0xfbab5c72, L:/127.0.0.1:57887 - R:localhost/127.0.0.1:59151] for POST '/session/070311ee878c14a64899f19d11cb00a9/element/bfdf444c-7c21-4136-a7ff-1b8ffef1abca/click'
10:47:40.737 [AsyncHttpClient-1-3] DEBUG org.asynchttpclient.netty.handler.HttpHandler - 

Request DefaultHttpRequest(decodeResult: success, version: HTTP/1.1)
POST /session/070311ee878c14a64899f19d11cb00a9/element/bfdf444c-7c21-4136-a7ff-1b8ffef1abca/click HTTP/1.1
User-Agent: selenium/4.1.2 (java windows)
Content-Length: 50
Content-Type: application/json; charset=utf-8
host: localhost:59151
accept: */*

Response DefaultHttpResponse(decodeResult: success, version: HTTP/1.1)
HTTP/1.1 200 OK
Content-Type: application/json; charset=utf-8
cache-control: no-cache
content-length: 14

10:47:40.737 [AsyncHttpClient-1-3] DEBUG org.asynchttpclient.netty.channel.ChannelManager - Adding key: http://localhost:59151 for channel [id: 0xfbab5c72, L:/127.0.0.1:57887 - R:localhost/127.0.0.1:59151]
10:47:40.748 [Forwarding screenshot on session 070311ee878c14a64899f19d11cb00a9 to remote] DEBUG org.asynchttpclient.netty.request.NettyRequestSender - Using pooled Channel '[id: 0xfbab5c72, L:/127.0.0.1:57887 - R:localhost/127.0.0.1:59151]' for 'GET' to 'http://localhost:59151/session/070311ee878c14a64899f19d11cb00a9/screenshot'
10:47:40.748 [Forwarding screenshot on session 070311ee878c14a64899f19d11cb00a9 to remote] DEBUG org.asynchttpclient.netty.request.NettyRequestSender - Using open Channel [id: 0xfbab5c72, L:/127.0.0.1:57887 - R:localhost/127.0.0.1:59151] for GET '/session/070311ee878c14a64899f19d11cb00a9/screenshot'
10:47:40.864 [AsyncHttpClient-1-1] DEBUG org.asynchttpclient.netty.channel.DefaultChannelPool - Entry count for : http://localhost:57888 : 1
10:47:40.887 [AsyncHttpClient-1-3] DEBUG org.asynchttpclient.netty.handler.HttpHandler - 

Request DefaultFullHttpRequest(decodeResult: success, version: HTTP/1.1, content: EmptyByteBufBE)
GET /session/070311ee878c14a64899f19d11cb00a9/screenshot HTTP/1.1
User-Agent: selenium/4.1.2 (java windows)
Cache-Control: no-cache
Content-Type: application/json; charset=utf-8
host: localhost:59151
accept: */*

Response DefaultHttpResponse(decodeResult: success, version: HTTP/1.1)
HTTP/1.1 200 OK
Content-Type: application/json; charset=utf-8
cache-control: no-cache
content-length: 56192

10:47:40.888 [AsyncHttpClient-1-3] DEBUG org.asynchttpclient.netty.channel.ChannelManager - Adding key: http://localhost:59151 for channel [id: 0xfbab5c72, L:/127.0.0.1:57887 - R:localhost/127.0.0.1:59151]
10:47:40.891 [main] DEBUG net.serenitybdd.core.photography.Darkroom - Send negative for processing for target\site\serenity\d631e005c1ab8c2ae9496eb0000819a309562887f5f0fc5c3b73065dfab87bed.png
10:47:40.891 [main] DEBUG net.thucydides.core.steps.StepInterceptor - STEP DONE: clickMenuDoctorButton
  &amp#27;[32mAnd &amp#27;[0m&amp#27;[32mI click menu doctor&amp#27;[0m                             &amp#27;[90m# starter.stepdefinitions.DoctorSteps.iClickMenuDoctor()&amp#27;[0m
10:47:40.916 [main] DEBUG net.thucydides.core.steps.StepInterceptor - STARTING STEP: DoctorSteps.iClickDeleteDoctorButton - clickDeleteDoctorIcon
10:47:40.922 [Forwarding findElement on session 070311ee878c14a64899f19d11cb00a9 to remote] DEBUG org.asynchttpclient.netty.request.NettyRequestSender - Using pooled Channel '[id: 0xfbab5c72, L:/127.0.0.1:57887 - R:localhost/127.0.0.1:59151]' for 'POST' to 'http://localhost:59151/session/070311ee878c14a64899f19d11cb00a9/element'
10:47:40.922 [Forwarding findElement on session 070311ee878c14a64899f19d11cb00a9 to remote] DEBUG org.asynchttpclient.netty.request.NettyRequestSender - Using open Channel [id: 0xfbab5c72, L:/127.0.0.1:57887 - R:localhost/127.0.0.1:59151] for POST '/session/070311ee878c14a64899f19d11cb00a9/element'
10:47:41.404 [AsyncHttpClient-1-3] DEBUG org.asynchttpclient.netty.handler.HttpHandler - 

Request DefaultHttpRequest(decodeResult: success, version: HTTP/1.1)
POST /session/070311ee878c14a64899f19d11cb00a9/element HTTP/1.1
User-Agent: selenium/4.1.2 (java windows)
Content-Length: 91
Content-Type: application/json; charset=utf-8
host: localhost:59151
accept: */*

Response DefaultHttpResponse(decodeResult: success, version: HTTP/1.1)
HTTP/1.1 200 OK
Content-Type: application/json; charset=utf-8
cache-control: no-cache
content-length: 88

10:47:41.404 [AsyncHttpClient-1-3] DEBUG org.asynchttpclient.netty.channel.ChannelManager - Adding key: http://localhost:59151 for channel [id: 0xfbab5c72, L:/127.0.0.1:57887 - R:localhost/127.0.0.1:59151]
10:47:41.406 [Forwarding getElementTagName on session 070311ee878c14a64899f19d11cb00a9 to remote] DEBUG org.asynchttpclient.netty.request.NettyRequestSender - Using pooled Channel '[id: 0xfbab5c72, L:/127.0.0.1:57887 - R:localhost/127.0.0.1:59151]' for 'GET' to 'http://localhost:59151/session/070311ee878c14a64899f19d11cb00a9/element/58d1fd59-cc28-451f-ad27-753c59a14ebf/name'
10:47:41.406 [Forwarding getElementTagName on session 070311ee878c14a64899f19d11cb00a9 to remote] DEBUG org.asynchttpclient.netty.request.NettyRequestSender - Using open Channel [id: 0xfbab5c72, L:/127.0.0.1:57887 - R:localhost/127.0.0.1:59151] for GET '/session/070311ee878c14a64899f19d11cb00a9/element/58d1fd59-cc28-451f-ad27-753c59a14ebf/name'
10:47:41.423 [AsyncHttpClient-1-3] DEBUG org.asynchttpclient.netty.handler.HttpHandler - 

Request DefaultFullHttpRequest(decodeResult: success, version: HTTP/1.1, content: EmptyByteBufBE)
GET /session/070311ee878c14a64899f19d11cb00a9/element/58d1fd59-cc28-451f-ad27-753c59a14ebf/name HTTP/1.1
User-Agent: selenium/4.1.2 (java windows)
Cache-Control: no-cache
Content-Type: application/json; charset=utf-8
host: localhost:59151
accept: */*

Response DefaultHttpResponse(decodeResult: success, version: HTTP/1.1)
HTTP/1.1 200 OK
Content-Type: application/json; charset=utf-8
cache-control: no-cache
content-length: 18

10:47:41.424 [AsyncHttpClient-1-3] DEBUG org.asynchttpclient.netty.channel.ChannelManager - Adding key: http://localhost:59151 for channel [id: 0xfbab5c72, L:/127.0.0.1:57887 - R:localhost/127.0.0.1:59151]
10:47:41.425 [Forwarding getElementTagName on session 070311ee878c14a64899f19d11cb00a9 to remote] DEBUG org.asynchttpclient.netty.request.NettyRequestSender - Using pooled Channel '[id: 0xfbab5c72, L:/127.0.0.1:57887 - R:localhost/127.0.0.1:59151]' for 'GET' to 'http://localhost:59151/session/070311ee878c14a64899f19d11cb00a9/element/58d1fd59-cc28-451f-ad27-753c59a14ebf/name'
10:47:41.425 [Forwarding getElementTagName on session 070311ee878c14a64899f19d11cb00a9 to remote] DEBUG org.asynchttpclient.netty.request.NettyRequestSender - Using open Channel [id: 0xfbab5c72, L:/127.0.0.1:57887 - R:localhost/127.0.0.1:59151] for GET '/session/070311ee878c14a64899f19d11cb00a9/element/58d1fd59-cc28-451f-ad27-753c59a14ebf/name'
10:47:41.431 [AsyncHttpClient-1-3] DEBUG org.asynchttpclient.netty.handler.HttpHandler - 

Request DefaultFullHttpRequest(decodeResult: success, version: HTTP/1.1, content: EmptyByteBufBE)
GET /session/070311ee878c14a64899f19d11cb00a9/element/58d1fd59-cc28-451f-ad27-753c59a14ebf/name HTTP/1.1
User-Agent: selenium/4.1.2 (java windows)
Cache-Control: no-cache
Content-Type: application/json; charset=utf-8
host: localhost:59151
accept: */*

Response DefaultHttpResponse(decodeResult: success, version: HTTP/1.1)
HTTP/1.1 200 OK
Content-Type: application/json; charset=utf-8
cache-control: no-cache
content-length: 18

10:47:41.431 [AsyncHttpClient-1-3] DEBUG org.asynchttpclient.netty.channel.ChannelManager - Adding key: http://localhost:59151 for channel [id: 0xfbab5c72, L:/127.0.0.1:57887 - R:localhost/127.0.0.1:59151]
10:47:41.436 [Forwarding isElementEnabled on session 070311ee878c14a64899f19d11cb00a9 to remote] DEBUG org.asynchttpclient.netty.request.NettyRequestSender - Using pooled Channel '[id: 0xfbab5c72, L:/127.0.0.1:57887 - R:localhost/127.0.0.1:59151]' for 'GET' to 'http://localhost:59151/session/070311ee878c14a64899f19d11cb00a9/element/58d1fd59-cc28-451f-ad27-753c59a14ebf/enabled'
10:47:41.436 [Forwarding isElementEnabled on session 070311ee878c14a64899f19d11cb00a9 to remote] DEBUG org.asynchttpclient.netty.request.NettyRequestSender - Using open Channel [id: 0xfbab5c72, L:/127.0.0.1:57887 - R:localhost/127.0.0.1:59151] for GET '/session/070311ee878c14a64899f19d11cb00a9/element/58d1fd59-cc28-451f-ad27-753c59a14ebf/enabled'
10:47:41.449 [AsyncHttpClient-1-3] DEBUG org.asynchttpclient.netty.handler.HttpHandler - 

Request DefaultFullHttpRequest(decodeResult: success, version: HTTP/1.1, content: EmptyByteBufBE)
GET /session/070311ee878c14a64899f19d11cb00a9/element/58d1fd59-cc28-451f-ad27-753c59a14ebf/enabled HTTP/1.1
User-Agent: selenium/4.1.2 (java windows)
Cache-Control: no-cache
Content-Type: application/json; charset=utf-8
host: localhost:59151
accept: */*

Response DefaultHttpResponse(decodeResult: success, version: HTTP/1.1)
HTTP/1.1 200 OK
Content-Type: application/json; charset=utf-8
cache-control: no-cache
content-length: 14

10:47:41.449 [AsyncHttpClient-1-3] DEBUG org.asynchttpclient.netty.channel.ChannelManager - Adding key: http://localhost:59151 for channel [id: 0xfbab5c72, L:/127.0.0.1:57887 - R:localhost/127.0.0.1:59151]
10:47:41.450 [Forwarding isElementEnabled on session 070311ee878c14a64899f19d11cb00a9 to remote] DEBUG org.asynchttpclient.netty.request.NettyRequestSender - Using pooled Channel '[id: 0xfbab5c72, L:/127.0.0.1:57887 - R:localhost/127.0.0.1:59151]' for 'GET' to 'http://localhost:59151/session/070311ee878c14a64899f19d11cb00a9/element/58d1fd59-cc28-451f-ad27-753c59a14ebf/enabled'
10:47:41.450 [Forwarding isElementEnabled on session 070311ee878c14a64899f19d11cb00a9 to remote] DEBUG org.asynchttpclient.netty.request.NettyRequestSender - Using open Channel [id: 0xfbab5c72, L:/127.0.0.1:57887 - R:localhost/127.0.0.1:59151] for GET '/session/070311ee878c14a64899f19d11cb00a9/element/58d1fd59-cc28-451f-ad27-753c59a14ebf/enabled'
10:47:41.458 [AsyncHttpClient-1-3] DEBUG org.asynchttpclient.netty.handler.HttpHandler - 

Request DefaultFullHttpRequest(decodeResult: success, version: HTTP/1.1, content: EmptyByteBufBE)
GET /session/070311ee878c14a64899f19d11cb00a9/element/58d1fd59-cc28-451f-ad27-753c59a14ebf/enabled HTTP/1.1
User-Agent: selenium/4.1.2 (java windows)
Cache-Control: no-cache
Content-Type: application/json; charset=utf-8
host: localhost:59151
accept: */*

Response DefaultHttpResponse(decodeResult: success, version: HTTP/1.1)
HTTP/1.1 200 OK
Content-Type: application/json; charset=utf-8
cache-control: no-cache
content-length: 14

10:47:41.458 [AsyncHttpClient-1-3] DEBUG org.asynchttpclient.netty.channel.ChannelManager - Adding key: http://localhost:59151 for channel [id: 0xfbab5c72, L:/127.0.0.1:57887 - R:localhost/127.0.0.1:59151]
10:47:41.461 [Forwarding findElement on session 070311ee878c14a64899f19d11cb00a9 to remote] DEBUG org.asynchttpclient.netty.request.NettyRequestSender - Using pooled Channel '[id: 0xfbab5c72, L:/127.0.0.1:57887 - R:localhost/127.0.0.1:59151]' for 'POST' to 'http://localhost:59151/session/070311ee878c14a64899f19d11cb00a9/element'
10:47:41.461 [Forwarding findElement on session 070311ee878c14a64899f19d11cb00a9 to remote] DEBUG org.asynchttpclient.netty.request.NettyRequestSender - Using open Channel [id: 0xfbab5c72, L:/127.0.0.1:57887 - R:localhost/127.0.0.1:59151] for POST '/session/070311ee878c14a64899f19d11cb00a9/element'
10:47:41.469 [AsyncHttpClient-1-3] DEBUG org.asynchttpclient.netty.handler.HttpHandler - 

Request DefaultHttpRequest(decodeResult: success, version: HTTP/1.1)
POST /session/070311ee878c14a64899f19d11cb00a9/element HTTP/1.1
User-Agent: selenium/4.1.2 (java windows)
Content-Length: 91
Content-Type: application/json; charset=utf-8
host: localhost:59151
accept: */*

Response DefaultHttpResponse(decodeResult: success, version: HTTP/1.1)
HTTP/1.1 200 OK
Content-Type: application/json; charset=utf-8
cache-control: no-cache
content-length: 88

10:47:41.469 [AsyncHttpClient-1-3] DEBUG org.asynchttpclient.netty.channel.ChannelManager - Adding key: http://localhost:59151 for channel [id: 0xfbab5c72, L:/127.0.0.1:57887 - R:localhost/127.0.0.1:59151]
10:47:41.471 [Forwarding clickElement on session 070311ee878c14a64899f19d11cb00a9 to remote] DEBUG org.asynchttpclient.netty.request.NettyRequestSender - Using pooled Channel '[id: 0xfbab5c72, L:/127.0.0.1:57887 - R:localhost/127.0.0.1:59151]' for 'POST' to 'http://localhost:59151/session/070311ee878c14a64899f19d11cb00a9/element/58d1fd59-cc28-451f-ad27-753c59a14ebf/click'
10:47:41.471 [Forwarding clickElement on session 070311ee878c14a64899f19d11cb00a9 to remote] DEBUG org.asynchttpclient.netty.request.NettyRequestSender - Using open Channel [id: 0xfbab5c72, L:/127.0.0.1:57887 - R:localhost/127.0.0.1:59151] for POST '/session/070311ee878c14a64899f19d11cb00a9/element/58d1fd59-cc28-451f-ad27-753c59a14ebf/click'
10:47:41.584 [AsyncHttpClient-1-3] DEBUG org.asynchttpclient.netty.handler.HttpHandler - 

Request DefaultHttpRequest(decodeResult: success, version: HTTP/1.1)
POST /session/070311ee878c14a64899f19d11cb00a9/element/58d1fd59-cc28-451f-ad27-753c59a14ebf/click HTTP/1.1
User-Agent: selenium/4.1.2 (java windows)
Content-Length: 50
Content-Type: application/json; charset=utf-8
host: localhost:59151
accept: */*

Response DefaultHttpResponse(decodeResult: success, version: HTTP/1.1)
HTTP/1.1 200 OK
Content-Type: application/json; charset=utf-8
cache-control: no-cache
content-length: 14

10:47:41.584 [AsyncHttpClient-1-3] DEBUG org.asynchttpclient.netty.channel.ChannelManager - Adding key: http://localhost:59151 for channel [id: 0xfbab5c72, L:/127.0.0.1:57887 - R:localhost/127.0.0.1:59151]
10:47:41.594 [Forwarding screenshot on session 070311ee878c14a64899f19d11cb00a9 to remote] DEBUG org.asynchttpclient.netty.request.NettyRequestSender - Using pooled Channel '[id: 0xfbab5c72, L:/127.0.0.1:57887 - R:localhost/127.0.0.1:59151]' for 'GET' to 'http://localhost:59151/session/070311ee878c14a64899f19d11cb00a9/screenshot'
10:47:41.594 [Forwarding screenshot on session 070311ee878c14a64899f19d11cb00a9 to remote] DEBUG org.asynchttpclient.netty.request.NettyRequestSender - Using open Channel [id: 0xfbab5c72, L:/127.0.0.1:57887 - R:localhost/127.0.0.1:59151] for GET '/session/070311ee878c14a64899f19d11cb00a9/screenshot'
10:47:41.732 [AsyncHttpClient-1-3] DEBUG org.asynchttpclient.netty.handler.HttpHandler - 

Request DefaultFullHttpRequest(decodeResult: success, version: HTTP/1.1, content: EmptyByteBufBE)
GET /session/070311ee878c14a64899f19d11cb00a9/screenshot HTTP/1.1
User-Agent: selenium/4.1.2 (java windows)
Cache-Control: no-cache
Content-Type: application/json; charset=utf-8
host: localhost:59151
accept: */*

Response DefaultHttpResponse(decodeResult: success, version: HTTP/1.1)
HTTP/1.1 200 OK
Content-Type: application/json; charset=utf-8
cache-control: no-cache
content-length: 106732

10:47:41.733 [AsyncHttpClient-1-3] DEBUG org.asynchttpclient.netty.channel.ChannelManager - Adding key: http://localhost:59151 for channel [id: 0xfbab5c72, L:/127.0.0.1:57887 - R:localhost/127.0.0.1:59151]
10:47:41.740 [main] DEBUG net.serenitybdd.core.photography.Darkroom - Send negative for processing for target\site\serenity\2e8d431572b565ce4f8b4ab24097ba9179dcad3ee9208aec74dc24e297c8512f.png
10:47:41.740 [main] DEBUG net.thucydides.core.steps.StepInterceptor - STEP DONE: clickDeleteDoctorIcon
  &amp#27;[32mWhen &amp#27;[0m&amp#27;[32mI click Delete Doctor icon&amp#27;[0m                     &amp#27;[90m# starter.stepdefinitions.DoctorSteps.iClickDeleteDoctorButton()&amp#27;[0m
10:47:41.768 [main] DEBUG net.thucydides.core.steps.StepInterceptor - STARTING STEP: DoctorSteps.iClickDeleteDoctorFormDeleteButton - clickDeleteDoctorButton
10:47:41.771 [Forwarding findElement on session 070311ee878c14a64899f19d11cb00a9 to remote] DEBUG org.asynchttpclient.netty.request.NettyRequestSender - Using pooled Channel '[id: 0xfbab5c72, L:/127.0.0.1:57887 - R:localhost/127.0.0.1:59151]' for 'POST' to 'http://localhost:59151/session/070311ee878c14a64899f19d11cb00a9/element'
10:47:41.771 [Forwarding findElement on session 070311ee878c14a64899f19d11cb00a9 to remote] DEBUG org.asynchttpclient.netty.request.NettyRequestSender - Using open Channel [id: 0xfbab5c72, L:/127.0.0.1:57887 - R:localhost/127.0.0.1:59151] for POST '/session/070311ee878c14a64899f19d11cb00a9/element'
10:47:41.791 [AsyncHttpClient-1-3] DEBUG org.asynchttpclient.netty.handler.HttpHandler - 

Request DefaultHttpRequest(decodeResult: success, version: HTTP/1.1)
POST /session/070311ee878c14a64899f19d11cb00a9/element HTTP/1.1
User-Agent: selenium/4.1.2 (java windows)
Content-Length: 104
Content-Type: application/json; charset=utf-8
host: localhost:59151
accept: */*

Response DefaultHttpResponse(decodeResult: success, version: HTTP/1.1)
HTTP/1.1 200 OK
Content-Type: application/json; charset=utf-8
cache-control: no-cache
content-length: 88

10:47:41.792 [AsyncHttpClient-1-3] DEBUG org.asynchttpclient.netty.channel.ChannelManager - Adding key: http://localhost:59151 for channel [id: 0xfbab5c72, L:/127.0.0.1:57887 - R:localhost/127.0.0.1:59151]
10:47:41.794 [Forwarding getElementTagName on session 070311ee878c14a64899f19d11cb00a9 to remote] DEBUG org.asynchttpclient.netty.request.NettyRequestSender - Using pooled Channel '[id: 0xfbab5c72, L:/127.0.0.1:57887 - R:localhost/127.0.0.1:59151]' for 'GET' to 'http://localhost:59151/session/070311ee878c14a64899f19d11cb00a9/element/3b58b7ce-4755-4c50-b2ef-e2a83e463462/name'
10:47:41.794 [Forwarding getElementTagName on session 070311ee878c14a64899f19d11cb00a9 to remote] DEBUG org.asynchttpclient.netty.request.NettyRequestSender - Using open Channel [id: 0xfbab5c72, L:/127.0.0.1:57887 - R:localhost/127.0.0.1:59151] for GET '/session/070311ee878c14a64899f19d11cb00a9/element/3b58b7ce-4755-4c50-b2ef-e2a83e463462/name'
10:47:41.800 [AsyncHttpClient-1-3] DEBUG org.asynchttpclient.netty.handler.HttpHandler - 

Request DefaultFullHttpRequest(decodeResult: success, version: HTTP/1.1, content: EmptyByteBufBE)
GET /session/070311ee878c14a64899f19d11cb00a9/element/3b58b7ce-4755-4c50-b2ef-e2a83e463462/name HTTP/1.1
User-Agent: selenium/4.1.2 (java windows)
Cache-Control: no-cache
Content-Type: application/json; charset=utf-8
host: localhost:59151
accept: */*

Response DefaultHttpResponse(decodeResult: success, version: HTTP/1.1)
HTTP/1.1 200 OK
Content-Type: application/json; charset=utf-8
cache-control: no-cache
content-length: 18

10:47:41.800 [AsyncHttpClient-1-3] DEBUG org.asynchttpclient.netty.channel.ChannelManager - Adding key: http://localhost:59151 for channel [id: 0xfbab5c72, L:/127.0.0.1:57887 - R:localhost/127.0.0.1:59151]
10:47:41.801 [Forwarding getElementTagName on session 070311ee878c14a64899f19d11cb00a9 to remote] DEBUG org.asynchttpclient.netty.request.NettyRequestSender - Using pooled Channel '[id: 0xfbab5c72, L:/127.0.0.1:57887 - R:localhost/127.0.0.1:59151]' for 'GET' to 'http://localhost:59151/session/070311ee878c14a64899f19d11cb00a9/element/3b58b7ce-4755-4c50-b2ef-e2a83e463462/name'
10:47:41.801 [Forwarding getElementTagName on session 070311ee878c14a64899f19d11cb00a9 to remote] DEBUG org.asynchttpclient.netty.request.NettyRequestSender - Using open Channel [id: 0xfbab5c72, L:/127.0.0.1:57887 - R:localhost/127.0.0.1:59151] for GET '/session/070311ee878c14a64899f19d11cb00a9/element/3b58b7ce-4755-4c50-b2ef-e2a83e463462/name'
10:47:41.808 [AsyncHttpClient-1-3] DEBUG org.asynchttpclient.netty.handler.HttpHandler - 

Request DefaultFullHttpRequest(decodeResult: success, version: HTTP/1.1, content: EmptyByteBufBE)
GET /session/070311ee878c14a64899f19d11cb00a9/element/3b58b7ce-4755-4c50-b2ef-e2a83e463462/name HTTP/1.1
User-Agent: selenium/4.1.2 (java windows)
Cache-Control: no-cache
Content-Type: application/json; charset=utf-8
host: localhost:59151
accept: */*

Response DefaultHttpResponse(decodeResult: success, version: HTTP/1.1)
HTTP/1.1 200 OK
Content-Type: application/json; charset=utf-8
cache-control: no-cache
content-length: 18

10:47:41.808 [AsyncHttpClient-1-3] DEBUG org.asynchttpclient.netty.channel.ChannelManager - Adding key: http://localhost:59151 for channel [id: 0xfbab5c72, L:/127.0.0.1:57887 - R:localhost/127.0.0.1:59151]
10:47:41.811 [Forwarding isElementEnabled on session 070311ee878c14a64899f19d11cb00a9 to remote] DEBUG org.asynchttpclient.netty.request.NettyRequestSender - Using pooled Channel '[id: 0xfbab5c72, L:/127.0.0.1:57887 - R:localhost/127.0.0.1:59151]' for 'GET' to 'http://localhost:59151/session/070311ee878c14a64899f19d11cb00a9/element/3b58b7ce-4755-4c50-b2ef-e2a83e463462/enabled'
10:47:41.811 [Forwarding isElementEnabled on session 070311ee878c14a64899f19d11cb00a9 to remote] DEBUG org.asynchttpclient.netty.request.NettyRequestSender - Using open Channel [id: 0xfbab5c72, L:/127.0.0.1:57887 - R:localhost/127.0.0.1:59151] for GET '/session/070311ee878c14a64899f19d11cb00a9/element/3b58b7ce-4755-4c50-b2ef-e2a83e463462/enabled'
10:47:41.825 [AsyncHttpClient-1-3] DEBUG org.asynchttpclient.netty.handler.HttpHandler - 

Request DefaultFullHttpRequest(decodeResult: success, version: HTTP/1.1, content: EmptyByteBufBE)
GET /session/070311ee878c14a64899f19d11cb00a9/element/3b58b7ce-4755-4c50-b2ef-e2a83e463462/enabled HTTP/1.1
User-Agent: selenium/4.1.2 (java windows)
Cache-Control: no-cache
Content-Type: application/json; charset=utf-8
host: localhost:59151
accept: */*

Response DefaultHttpResponse(decodeResult: success, version: HTTP/1.1)
HTTP/1.1 200 OK
Content-Type: application/json; charset=utf-8
cache-control: no-cache
content-length: 14

10:47:41.825 [AsyncHttpClient-1-3] DEBUG org.asynchttpclient.netty.channel.ChannelManager - Adding key: http://localhost:59151 for channel [id: 0xfbab5c72, L:/127.0.0.1:57887 - R:localhost/127.0.0.1:59151]
10:47:41.827 [Forwarding isElementEnabled on session 070311ee878c14a64899f19d11cb00a9 to remote] DEBUG org.asynchttpclient.netty.request.NettyRequestSender - Using pooled Channel '[id: 0xfbab5c72, L:/127.0.0.1:57887 - R:localhost/127.0.0.1:59151]' for 'GET' to 'http://localhost:59151/session/070311ee878c14a64899f19d11cb00a9/element/3b58b7ce-4755-4c50-b2ef-e2a83e463462/enabled'
10:47:41.827 [Forwarding isElementEnabled on session 070311ee878c14a64899f19d11cb00a9 to remote] DEBUG org.asynchttpclient.netty.request.NettyRequestSender - Using open Channel [id: 0xfbab5c72, L:/127.0.0.1:57887 - R:localhost/127.0.0.1:59151] for GET '/session/070311ee878c14a64899f19d11cb00a9/element/3b58b7ce-4755-4c50-b2ef-e2a83e463462/enabled'
10:47:41.833 [AsyncHttpClient-1-3] DEBUG org.asynchttpclient.netty.handler.HttpHandler - 

Request DefaultFullHttpRequest(decodeResult: success, version: HTTP/1.1, content: EmptyByteBufBE)
GET /session/070311ee878c14a64899f19d11cb00a9/element/3b58b7ce-4755-4c50-b2ef-e2a83e463462/enabled HTTP/1.1
User-Agent: selenium/4.1.2 (java windows)
Cache-Control: no-cache
Content-Type: application/json; charset=utf-8
host: localhost:59151
accept: */*

Response DefaultHttpResponse(decodeResult: success, version: HTTP/1.1)
HTTP/1.1 200 OK
Content-Type: application/json; charset=utf-8
cache-control: no-cache
content-length: 14

10:47:41.834 [AsyncHttpClient-1-3] DEBUG org.asynchttpclient.netty.channel.ChannelManager - Adding key: http://localhost:59151 for channel [id: 0xfbab5c72, L:/127.0.0.1:57887 - R:localhost/127.0.0.1:59151]
10:47:41.838 [Forwarding findElement on session 070311ee878c14a64899f19d11cb00a9 to remote] DEBUG org.asynchttpclient.netty.request.NettyRequestSender - Using pooled Channel '[id: 0xfbab5c72, L:/127.0.0.1:57887 - R:localhost/127.0.0.1:59151]' for 'POST' to 'http://localhost:59151/session/070311ee878c14a64899f19d11cb00a9/element'
10:47:41.838 [Forwarding findElement on session 070311ee878c14a64899f19d11cb00a9 to remote] DEBUG org.asynchttpclient.netty.request.NettyRequestSender - Using open Channel [id: 0xfbab5c72, L:/127.0.0.1:57887 - R:localhost/127.0.0.1:59151] for POST '/session/070311ee878c14a64899f19d11cb00a9/element'
10:47:41.846 [AsyncHttpClient-1-3] DEBUG org.asynchttpclient.netty.handler.HttpHandler - 

Request DefaultHttpRequest(decodeResult: success, version: HTTP/1.1)
POST /session/070311ee878c14a64899f19d11cb00a9/element HTTP/1.1
User-Agent: selenium/4.1.2 (java windows)
Content-Length: 104
Content-Type: application/json; charset=utf-8
host: localhost:59151
accept: */*

Response DefaultHttpResponse(decodeResult: success, version: HTTP/1.1)
HTTP/1.1 200 OK
Content-Type: application/json; charset=utf-8
cache-control: no-cache
content-length: 88

10:47:41.847 [AsyncHttpClient-1-3] DEBUG org.asynchttpclient.netty.channel.ChannelManager - Adding key: http://localhost:59151 for channel [id: 0xfbab5c72, L:/127.0.0.1:57887 - R:localhost/127.0.0.1:59151]
10:47:41.847 [Forwarding clickElement on session 070311ee878c14a64899f19d11cb00a9 to remote] DEBUG org.asynchttpclient.netty.request.NettyRequestSender - Using pooled Channel '[id: 0xfbab5c72, L:/127.0.0.1:57887 - R:localhost/127.0.0.1:59151]' for 'POST' to 'http://localhost:59151/session/070311ee878c14a64899f19d11cb00a9/element/3b58b7ce-4755-4c50-b2ef-e2a83e463462/click'
10:47:41.847 [Forwarding clickElement on session 070311ee878c14a64899f19d11cb00a9 to remote] DEBUG org.asynchttpclient.netty.request.NettyRequestSender - Using open Channel [id: 0xfbab5c72, L:/127.0.0.1:57887 - R:localhost/127.0.0.1:59151] for POST '/session/070311ee878c14a64899f19d11cb00a9/element/3b58b7ce-4755-4c50-b2ef-e2a83e463462/click'
10:47:41.904 [AsyncHttpClient-1-3] DEBUG org.asynchttpclient.netty.handler.HttpHandler - 

Request DefaultHttpRequest(decodeResult: success, version: HTTP/1.1)
POST /session/070311ee878c14a64899f19d11cb00a9/element/3b58b7ce-4755-4c50-b2ef-e2a83e463462/click HTTP/1.1
User-Agent: selenium/4.1.2 (java windows)
Content-Length: 50
Content-Type: application/json; charset=utf-8
host: localhost:59151
accept: */*

Response DefaultHttpResponse(decodeResult: success, version: HTTP/1.1)
HTTP/1.1 200 OK
Content-Type: application/json; charset=utf-8
cache-control: no-cache
content-length: 14

10:47:41.904 [AsyncHttpClient-1-3] DEBUG org.asynchttpclient.netty.channel.ChannelManager - Adding key: http://localhost:59151 for channel [id: 0xfbab5c72, L:/127.0.0.1:57887 - R:localhost/127.0.0.1:59151]
10:47:41.914 [Forwarding screenshot on session 070311ee878c14a64899f19d11cb00a9 to remote] DEBUG org.asynchttpclient.netty.request.NettyRequestSender - Using pooled Channel '[id: 0xfbab5c72, L:/127.0.0.1:57887 - R:localhost/127.0.0.1:59151]' for 'GET' to 'http://localhost:59151/session/070311ee878c14a64899f19d11cb00a9/screenshot'
10:47:41.915 [Forwarding screenshot on session 070311ee878c14a64899f19d11cb00a9 to remote] DEBUG org.asynchttpclient.netty.request.NettyRequestSender - Using open Channel [id: 0xfbab5c72, L:/127.0.0.1:57887 - R:localhost/127.0.0.1:59151] for GET '/session/070311ee878c14a64899f19d11cb00a9/screenshot'
10:47:41.964 [AsyncHttpClient-1-1] DEBUG org.asynchttpclient.netty.channel.DefaultChannelPool - Entry count for : http://localhost:57888 : 1
10:47:42.063 [AsyncHttpClient-1-3] DEBUG org.asynchttpclient.netty.handler.HttpHandler - 

Request DefaultFullHttpRequest(decodeResult: success, version: HTTP/1.1, content: EmptyByteBufBE)
GET /session/070311ee878c14a64899f19d11cb00a9/screenshot HTTP/1.1
User-Agent: selenium/4.1.2 (java windows)
Cache-Control: no-cache
Content-Type: application/json; charset=utf-8
host: localhost:59151
accept: */*

Response DefaultHttpResponse(decodeResult: success, version: HTTP/1.1)
HTTP/1.1 200 OK
Content-Type: application/json; charset=utf-8
cache-control: no-cache
content-length: 96032

10:47:42.064 [AsyncHttpClient-1-3] DEBUG org.asynchttpclient.netty.channel.ChannelManager - Adding key: http://localhost:59151 for channel [id: 0xfbab5c72, L:/127.0.0.1:57887 - R:localhost/127.0.0.1:59151]
10:47:42.070 [main] DEBUG net.serenitybdd.core.photography.Darkroom - Send negative for processing for target\site\serenity\86d6e2f2469437f6da1530763df49408640ea9e1f4da0c5525e494450d7403a8.png
10:47:42.070 [main] DEBUG net.thucydides.core.steps.StepInterceptor - STEP DONE: clickDeleteDoctorButton
  &amp#27;[32mAnd &amp#27;[0m&amp#27;[32mI click Delete button for Delete Doctor Message&amp#27;[0m &amp#27;[90m# starter.stepdefinitions.DoctorSteps.iClickDeleteDoctorFormDeleteButton()&amp#27;[0m
10:47:42.070 [Darkroom Processing Line] DEBUG net.serenitybdd.core.photography.DarkroomProcessingLine - Processing screenshot image in /var/screenshots/screenshot-881913562044240276
10:47:42.070 [Darkroom Processing Line] DEBUG net.serenitybdd.core.photography.DarkroomProcessingLine - Saving screenshot to target\site\serenity\86d6e2f2469437f6da1530763df49408640ea9e1f4da0c5525e494450d7403a8.png
10:47:42.087 [Forwarding findElement on session 070311ee878c14a64899f19d11cb00a9 to remote] DEBUG org.asynchttpclient.netty.request.NettyRequestSender - Using pooled Channel '[id: 0xfbab5c72, L:/127.0.0.1:57887 - R:localhost/127.0.0.1:59151]' for 'POST' to 'http://localhost:59151/session/070311ee878c14a64899f19d11cb00a9/element'
10:47:42.087 [Forwarding findElement on session 070311ee878c14a64899f19d11cb00a9 to remote] DEBUG org.asynchttpclient.netty.request.NettyRequestSender - Using open Channel [id: 0xfbab5c72, L:/127.0.0.1:57887 - R:localhost/127.0.0.1:59151] for POST '/session/070311ee878c14a64899f19d11cb00a9/element'
10:47:42.106 [AsyncHttpClient-1-3] DEBUG org.asynchttpclient.netty.handler.HttpHandler - 

Request DefaultHttpRequest(decodeResult: success, version: HTTP/1.1)
POST /session/070311ee878c14a64899f19d11cb00a9/element HTTP/1.1
User-Agent: selenium/4.1.2 (java windows)
Content-Length: 78
Content-Type: application/json; charset=utf-8
host: localhost:59151
accept: */*

Response DefaultHttpResponse(decodeResult: success, version: HTTP/1.1)
HTTP/1.1 200 OK
Content-Type: application/json; charset=utf-8
cache-control: no-cache
content-length: 88

10:47:42.106 [AsyncHttpClient-1-3] DEBUG org.asynchttpclient.netty.channel.ChannelManager - Adding key: http://localhost:59151 for channel [id: 0xfbab5c72, L:/127.0.0.1:57887 - R:localhost/127.0.0.1:59151]
10:47:42.109 [Forwarding isElementDisplayed on session 070311ee878c14a64899f19d11cb00a9 to remote] DEBUG org.asynchttpclient.netty.request.NettyRequestSender - Using pooled Channel '[id: 0xfbab5c72, L:/127.0.0.1:57887 - R:localhost/127.0.0.1:59151]' for 'POST' to 'http://localhost:59151/session/070311ee878c14a64899f19d11cb00a9/execute/sync'
10:47:42.109 [Forwarding isElementDisplayed on session 070311ee878c14a64899f19d11cb00a9 to remote] DEBUG org.asynchttpclient.netty.request.NettyRequestSender - Using open Channel [id: 0xfbab5c72, L:/127.0.0.1:57887 - R:localhost/127.0.0.1:59151] for POST '/session/070311ee878c14a64899f19d11cb00a9/execute/sync'
10:47:42.131 [AsyncHttpClient-1-3] DEBUG org.asynchttpclient.netty.handler.HttpHandler - 

Request DefaultHttpRequest(decodeResult: success, version: HTTP/1.1)
POST /session/070311ee878c14a64899f19d11cb00a9/execute/sync HTTP/1.1
User-Agent: selenium/4.1.2 (java windows)
Content-Length: 48780
Content-Type: application/json; charset=utf-8
host: localhost:59151
accept: */*

Response DefaultHttpResponse(decodeResult: success, version: HTTP/1.1)
HTTP/1.1 200 OK
Content-Type: application/json; charset=utf-8
cache-control: no-cache
content-length: 15

10:47:42.131 [AsyncHttpClient-1-3] DEBUG org.asynchttpclient.netty.channel.ChannelManager - Adding key: http://localhost:59151 for channel [id: 0xfbab5c72, L:/127.0.0.1:57887 - R:localhost/127.0.0.1:59151]
  &amp#27;[32mThen &amp#27;[0m&amp#27;[32mI validate Doctor data is gone&amp#27;[0m                 &amp#27;[90m# starter.stepdefinitions.DoctorSteps.iValidateDoctorDataIsGone()&amp#27;[0m
10:47:42.141 [Forwarding screenshot on session 070311ee878c14a64899f19d11cb00a9 to remote] DEBUG org.asynchttpclient.netty.request.NettyRequestSender - Using pooled Channel '[id: 0xfbab5c72, L:/127.0.0.1:57887 - R:localhost/127.0.0.1:59151]' for 'GET' to 'http://localhost:59151/session/070311ee878c14a64899f19d11cb00a9/screenshot'
10:47:42.141 [Forwarding screenshot on session 070311ee878c14a64899f19d11cb00a9 to remote] DEBUG org.asynchttpclient.netty.request.NettyRequestSender - Using open Channel [id: 0xfbab5c72, L:/127.0.0.1:57887 - R:localhost/127.0.0.1:59151] for GET '/session/070311ee878c14a64899f19d11cb00a9/screenshot'
10:47:42.264 [AsyncHttpClient-1-3] DEBUG org.asynchttpclient.netty.handler.HttpHandler - 

Request DefaultFullHttpRequest(decodeResult: success, version: HTTP/1.1, content: EmptyByteBufBE)
GET /session/070311ee878c14a64899f19d11cb00a9/screenshot HTTP/1.1
User-Agent: selenium/4.1.2 (java windows)
Cache-Control: no-cache
Content-Type: application/json; charset=utf-8
host: localhost:59151
accept: */*

Response DefaultHttpResponse(decodeResult: success, version: HTTP/1.1)
HTTP/1.1 200 OK
Content-Type: application/json; charset=utf-8
cache-control: no-cache
content-length: 95256

10:47:42.265 [AsyncHttpClient-1-3] DEBUG org.asynchttpclient.netty.channel.ChannelManager - Adding key: http://localhost:59151 for channel [id: 0xfbab5c72, L:/127.0.0.1:57887 - R:localhost/127.0.0.1:59151]
10:47:42.269 [main] DEBUG net.serenitybdd.core.photography.Darkroom - Send negative for processing for target\site\serenity\f241d877f8bd2abb1d623ba452ce9b9fad446282f43b4fb12ccd69df242ec711.png
10:47:42.270 [Darkroom Processing Line] DEBUG net.serenitybdd.core.photography.DarkroomProcessingLine - Processing screenshot image in /var/screenshots/screenshot-7682060313363836653
10:47:42.270 [Darkroom Processing Line] DEBUG net.serenitybdd.core.photography.DarkroomProcessingLine - Saving screenshot to target\site\serenity\f241d877f8bd2abb1d623ba452ce9b9fad446282f43b4fb12ccd69df242ec711.png
10:47:42.270 [main] INFO  - 
  _____   ___   ___   _____     ___     _     ___   ___   ___   ___  
 |_   _| | __| / __| |_   _|   | _ \   /_\   / __| / __| | __| |   \ 
   | |   | _|  \__ \   | |     |  _/  / _ \  \__ \ \__ \ | _|  | |) |
   |_|   |___| |___/   |_|     |_|   /_/ \_\ |___/ |___/ |___| |___/ 

Delete Doctor Data Scenario
----------------------------------------------------------------------
10:47:42.272 [AsyncHttpClient-1-5] DEBUG org.asynchttpclient.netty.handler.WebSocketHandler - Channel Closed: [id: 0x89aa0775, L:/127.0.0.1:57894 ! R:localhost/127.0.0.1:57888] with attribute NettyResponseFuture{currentRetry=5,
	isDone=1,
	isCancelled=0,
	asyncHandler=org.asynchttpclient.ws.WebSocketUpgradeHandler@4d405775,
	nettyRequest=org.asynchttpclient.netty.request.NettyRequest@55588dca,
	future=java.util.concurrent.CompletableFuture@b30576a[Completed normally],
	uri=ws://localhost:57888/devtools/browser/98cb4fd3-f775-466f-b8de-0a587cca570f,
	keepAlive=true,
	redirectCount=0,
	timeoutsHolder=null,
	inAuth=0,
	touch=1655783257143}
10:47:42.272 [AsyncHttpClient-1-5] DEBUG org.asynchttpclient.netty.channel.ChannelManager - Closing Channel [id: 0x89aa0775, L:/127.0.0.1:57894 ! R:localhost/127.0.0.1:57888] 
10:47:42.272 [Driver Command Executor] DEBUG org.asynchttpclient.netty.request.NettyRequestSender - Using pooled Channel '[id: 0xfbab5c72, L:/127.0.0.1:57887 - R:localhost/127.0.0.1:59151]' for 'DELETE' to 'http://localhost:59151/session/070311ee878c14a64899f19d11cb00a9'
10:47:42.273 [Driver Command Executor] DEBUG org.asynchttpclient.netty.request.NettyRequestSender - Using open Channel [id: 0xfbab5c72, L:/127.0.0.1:57887 - R:localhost/127.0.0.1:59151] for DELETE '/session/070311ee878c14a64899f19d11cb00a9'
10:47:42.301 [AsyncHttpClient-1-4] DEBUG org.asynchttpclient.netty.handler.HttpHandler - Unexpected I/O exception on channel [id: 0x3725e2b6, L:/127.0.0.1:57893 - R:localhost/127.0.0.1:57888]
java.net.SocketException: Connection reset
	at java.base/sun.nio.ch.SocketChannelImpl.throwConnectionReset(SocketChannelImpl.java:367)
	at java.base/sun.nio.ch.SocketChannelImpl.read(SocketChannelImpl.java:398)
	at io.netty.buffer.PooledByteBuf.setBytes(PooledByteBuf.java:258)
	at io.netty.buffer.AbstractByteBuf.writeBytes(AbstractByteBuf.java:1132)
	at io.netty.channel.socket.nio.NioSocketChannel.doReadBytes(NioSocketChannel.java:350)
	at io.netty.channel.nio.AbstractNioByteChannel$NioByteUnsafe.read(AbstractNioByteChannel.java:151)
	at io.netty.channel.nio.NioEventLoop.processSelectedKey(NioEventLoop.java:722)
	at io.netty.channel.nio.NioEventLoop.processSelectedKeysOptimized(NioEventLoop.java:658)
	at io.netty.channel.nio.NioEventLoop.processSelectedKeys(NioEventLoop.java:584)
	at io.netty.channel.nio.NioEventLoop.run(NioEventLoop.java:496)
	at io.netty.util.concurrent.SingleThreadEventExecutor$4.run(SingleThreadEventExecutor.java:986)
	at io.netty.util.internal.ThreadExecutorMap$2.run(ThreadExecutorMap.java:74)
	at io.netty.util.concurrent.FastThreadLocalRunnable.run(FastThreadLocalRunnable.java:30)
	at java.base/java.lang.Thread.run(Thread.java:832)
10:47:42.301 [AsyncHttpClient-1-4] DEBUG org.asynchttpclient.netty.channel.ChannelManager - Closing Channel [id: 0x3725e2b6, L:/127.0.0.1:57893 - R:localhost/127.0.0.1:57888] 
10:47:42.301 [AsyncHttpClient-1-4] DEBUG org.asynchttpclient.netty.handler.HttpHandler - Channel Closed: [id: 0x3725e2b6, L:/127.0.0.1:57893 ! R:localhost/127.0.0.1:57888] with attribute DISCARD
10:47:42.320 [AsyncHttpClient-1-3] DEBUG org.asynchttpclient.netty.handler.HttpHandler - 

Request DefaultFullHttpRequest(decodeResult: success, version: HTTP/1.1, content: EmptyByteBufBE)
DELETE /session/070311ee878c14a64899f19d11cb00a9 HTTP/1.1
User-Agent: selenium/4.1.2 (java windows)
Content-Type: application/json; charset=utf-8
host: localhost:59151
accept: */*

Response DefaultHttpResponse(decodeResult: success, version: HTTP/1.1)
HTTP/1.1 200 OK
Content-Type: application/json; charset=utf-8
cache-control: no-cache
content-length: 14

10:47:42.320 [AsyncHttpClient-1-3] DEBUG org.asynchttpclient.netty.channel.ChannelManager - Adding key: http://localhost:59151 for channel [id: 0xfbab5c72, L:/127.0.0.1:57887 - R:localhost/127.0.0.1:59151]
10:47:42.460 [AsyncHttpClient-1-3] DEBUG org.asynchttpclient.netty.handler.HttpHandler - Channel Closed: [id: 0xfbab5c72, L:/127.0.0.1:57887 ! R:localhost/127.0.0.1:59151] with attribute DISCARD
]]></system-out>
    <system-err><![CDATA[Starting ChromeDriver 102.0.5005.61 (0e59bcc00cc4985ce39ad31c150065f159d95ad3-refs/branch-heads/5005@{#819}) on port 59151
Only local connections are allowed.
Please see https://chromedriver.chromium.org/security-considerations for suggestions on keeping ChromeDriver safe.
ChromeDriver was started successfully.
Jun 21, 2022 10:47:37 AM org.openqa.selenium.remote.ProtocolHandshake createSession
INFO: Detected dialect: W3C
Jun 21, 2022 10:47:37 AM org.openqa.selenium.devtools.CdpVersionFinder findNearestMatch
WARNING: Unable to find an exact match for CDP version 102, so returning the closest version found: a no-op implementation
Jun 21, 2022 10:47:37 AM org.openqa.selenium.devtools.CdpVersionFinder findNearestMatch
INFO: Unable to find CDP implementation matching 102.
Jun 21, 2022 10:47:37 AM org.openqa.selenium.chromium.ChromiumDriver lambda$new$3
WARNING: Unable to find version of CDP to use for . You may need to include a dependency on a specific version of the CDP using something similar to `org.seleniumhq.selenium:selenium-devtools-v86:4.1.2` where the version ("v86") matches the version of the chromium-based browser you're using and the version number of the artifact is the same as Selenium's.
]]></system-err>
  </testcase>
  <testcase name="Search Doctor Based on Doctor NID Scenario" classname="Doctor" time="8.544">
    <system-out><![CDATA[
@Doctor @Search
Scenario: Search Doctor Based on Doctor NID Scenario &amp#27;[90m# src/test/resources/features/3.Doctor.feature:56&amp#27;[0m
10:47:43.002 [main] INFO io.cucumber.core.plugin.SerenityReporter - Running feature from file:///E:/My%20Documents/File%20Difa/TI%20Semester%206%20Kampus%20Merdeka%20Alterra/Tugas/CAPSTONE%20Project/Capstone-Project-Website/src/test/resources/features/3.Doctor.feature
10:47:43.006 [main] INFO  - 
  _____   ___   ___   _____     ___   _____     _     ___   _____   ___   ___  
 |_   _| | __| / __| |_   _|   / __| |_   _|   /_\   | _ \ |_   _| | __| |   \ 
   | |   | _|  \__ \   | |     \__ \   | |    / _ \  |   /   | |   | _|  | |) |
   |_|   |___| |___/   |_|     |___/   |_|   /_/ \_\ |_|_\   |_|   |___| |___/ 

Search Doctor Based on Doctor NID Scenario(doctor;search-doctor-based-on-doctor-nid-scenario)
--------------------------------------------------------------------------------
10:47:43.027 [main] DEBUG net.thucydides.core.steps.StepInterceptor - STARTING STEP: PatientSteps.iAmAtTheDashboardPage - openUrl
10:47:43.028 [main] INFO net.serenitybdd.core.webdriver.driverproviders.ChromeDriverProvider - Using automatically driver download
10:47:43.065 [AsyncHttpClient-1-1] DEBUG org.asynchttpclient.netty.channel.DefaultChannelPool - Entry count for : http://localhost:59151 : 1
10:47:43.065 [AsyncHttpClient-1-1] DEBUG org.asynchttpclient.netty.channel.DefaultChannelPool - Entry count for : http://localhost:57888 : 1
10:47:43.065 [AsyncHttpClient-1-1] DEBUG org.asynchttpclient.netty.channel.DefaultChannelPool - Adding Candidate expired Channel [id: 0xfbab5c72, L:/127.0.0.1:57887 ! R:localhost/127.0.0.1:59151] isIdleTimeoutExpired=false isRemotelyClosed=true isTtlExpired=false
10:47:43.065 [AsyncHttpClient-1-1] DEBUG org.asynchttpclient.netty.channel.DefaultChannelPool - Closing Idle Channel [id: 0xfbab5c72, L:/127.0.0.1:57887 ! R:localhost/127.0.0.1:59151]
10:47:43.065 [AsyncHttpClient-1-1] DEBUG org.asynchttpclient.netty.channel.DefaultChannelPool - Adding Candidate expired Channel [id: 0x3725e2b6, L:/127.0.0.1:57893 ! R:localhost/127.0.0.1:57888] isIdleTimeoutExpired=false isRemotelyClosed=true isTtlExpired=false
10:47:43.065 [AsyncHttpClient-1-1] DEBUG org.asynchttpclient.netty.channel.DefaultChannelPool - Closing Idle Channel [id: 0x3725e2b6, L:/127.0.0.1:57893 ! R:localhost/127.0.0.1:57888]
10:47:43.065 [AsyncHttpClient-1-1] DEBUG org.asynchttpclient.netty.channel.DefaultChannelPool - Closed 2 connections out of 2 in 0 ms
10:47:43.196 [main] DEBUG io.github.bonigarcia.wdm.cache.ResolutionCache - Resolution chrome=102 in cache (valid until 11:37:46 21/06/2022 ICT)
10:47:43.201 [main] DEBUG io.github.bonigarcia.wdm.cache.ResolutionCache - Resolution chrome102=102.0.5005.61 in cache (valid until 09:22:16 22/06/2022 ICT)
10:47:43.203 [main] INFO io.github.bonigarcia.wdm.WebDriverManager - Using chromedriver 102.0.5005.61 (resolved driver for Chrome 102)
10:47:43.241 [main] DEBUG io.github.bonigarcia.wdm.WebDriverManager - Driver chromedriver 102.0.5005.61 found in cache
10:47:43.241 [main] INFO io.github.bonigarcia.wdm.WebDriverManager - Exporting webdriver.chrome.driver as C:\Users\USER\.cache\selenium\chromedriver\win32\102.0.5005.61\chromedriver.exe
10:47:43.393 [main] DEBUG net.serenitybdd.core.webdriver.driverproviders.ProvideNewDriver - Instantiating driver
10:47:43.393 [main] DEBUG net.serenitybdd.core.webdriver.driverproviders.ProvideNewDriver - Driver capabilities: Capabilities {acceptInsecureCerts: false, base.url: https://hospital-management..., browserName: chrome, chrome.driver: src/test/resources/webdrive..., driver: chrome, goog:chromeOptions: {args: [], extensions: []}}
10:47:43.919 [AsyncHttpClient-1-6] DEBUG org.asynchttpclient.netty.channel.NettyConnectListener - Using new Channel '[id: 0x7b838621, L:/127.0.0.1:57907 - R:localhost/127.0.0.1:59265]' for 'POST' to '/session'
10:47:44.942 [AsyncHttpClient-1-6] DEBUG org.asynchttpclient.netty.handler.HttpHandler - 

Request DefaultHttpRequest(decodeResult: success, version: HTTP/1.1)
POST /session HTTP/1.1
User-Agent: selenium/4.1.2 (java windows)
Content-Length: 621
Content-Type: application/json; charset=utf-8
host: localhost:59265
accept: */*

Response DefaultHttpResponse(decodeResult: success, version: HTTP/1.1)
HTTP/1.1 200 OK
Content-Type: application/json; charset=utf-8
cache-control: no-cache
content-length: 789

10:47:44.942 [AsyncHttpClient-1-6] DEBUG org.asynchttpclient.netty.channel.ChannelManager - Adding key: http://localhost:59265 for channel [id: 0x7b838621, L:/127.0.0.1:57907 - R:localhost/127.0.0.1:59265]
10:47:44.956 [AsyncHttpClient-1-7] DEBUG org.asynchttpclient.netty.channel.NettyConnectListener - Using new Channel '[id: 0xc8df956c, L:/127.0.0.1:57914 - R:localhost/127.0.0.1:57908]' for 'GET' to '/json/version'
10:47:44.957 [AsyncHttpClient-1-7] DEBUG org.asynchttpclient.netty.handler.HttpHandler - 

Request DefaultFullHttpRequest(decodeResult: success, version: HTTP/1.1, content: EmptyByteBufBE)
GET /json/version HTTP/1.1
User-Agent: selenium/4.1.2 (java windows)
host: localhost:57908
accept: */*

Response DefaultHttpResponse(decodeResult: success, version: HTTP/1.1)
HTTP/1.1 200 OK
Content-Type: application/json; charset=UTF-8
content-length: 427

10:47:44.957 [AsyncHttpClient-1-7] DEBUG org.asynchttpclient.netty.channel.ChannelManager - Adding key: http://localhost:57908 for channel [id: 0xc8df956c, L:/127.0.0.1:57914 - R:localhost/127.0.0.1:57908]
10:47:44.960 [AsyncHttpClient-1-8] DEBUG org.asynchttpclient.netty.channel.NettyConnectListener - Using new Channel '[id: 0xddf83eeb, L:/127.0.0.1:57915 - R:localhost/127.0.0.1:57908]' for 'GET' to '/devtools/browser/2021c626-73ce-4b6c-be1f-661ab88b565a'
10:47:44.961 [AsyncHttpClient-1-8] DEBUG org.asynchttpclient.netty.handler.WebSocketHandler - 

Request DefaultFullHttpRequest(decodeResult: success, version: HTTP/1.1, content: EmptyByteBufBE)
GET /devtools/browser/2021c626-73ce-4b6c-be1f-661ab88b565a HTTP/1.1
upgrade: websocket
connection: upgrade
sec-websocket-key: DsFrtMLrSLQKNaw4lLlvDA==
sec-websocket-version: 13
origin: http://localhost:57908
host: localhost:57908
accept: */*
user-agent: AHC/2.1

Response DefaultHttpResponse(decodeResult: success, version: HTTP/1.1)
HTTP/1.1 101 WebSocket Protocol Handshake
Upgrade: WebSocket
Connection: Upgrade
Sec-WebSocket-Accept: sQO709A8yPr7XLdkbaC6S0c4bvU=

10:47:44.965 [Forwarding maximizeCurrentWindow on session c20b594767bf496197e6bdc7b58a6541 to remote] DEBUG org.asynchttpclient.netty.request.NettyRequestSender - Using pooled Channel '[id: 0x7b838621, L:/127.0.0.1:57907 - R:localhost/127.0.0.1:59265]' for 'POST' to 'http://localhost:59265/session/c20b594767bf496197e6bdc7b58a6541/window/maximize'
10:47:44.966 [Forwarding maximizeCurrentWindow on session c20b594767bf496197e6bdc7b58a6541 to remote] DEBUG org.asynchttpclient.netty.request.NettyRequestSender - Using open Channel [id: 0x7b838621, L:/127.0.0.1:57907 - R:localhost/127.0.0.1:59265] for POST '/session/c20b594767bf496197e6bdc7b58a6541/window/maximize'
10:47:45.085 [AsyncHttpClient-1-6] DEBUG org.asynchttpclient.netty.handler.HttpHandler - 

Request DefaultHttpRequest(decodeResult: success, version: HTTP/1.1)
POST /session/c20b594767bf496197e6bdc7b58a6541/window/maximize HTTP/1.1
User-Agent: selenium/4.1.2 (java windows)
Content-Length: 3
Content-Type: application/json; charset=utf-8
host: localhost:59265
accept: */*

Response DefaultHttpResponse(decodeResult: success, version: HTTP/1.1)
HTTP/1.1 200 OK
Content-Type: application/json; charset=utf-8
cache-control: no-cache
content-length: 51

10:47:45.085 [AsyncHttpClient-1-6] DEBUG org.asynchttpclient.netty.channel.ChannelManager - Adding key: http://localhost:59265 for channel [id: 0x7b838621, L:/127.0.0.1:57907 - R:localhost/127.0.0.1:59265]
10:47:45.087 [Forwarding get on session c20b594767bf496197e6bdc7b58a6541 to remote] DEBUG org.asynchttpclient.netty.request.NettyRequestSender - Using pooled Channel '[id: 0x7b838621, L:/127.0.0.1:57907 - R:localhost/127.0.0.1:59265]' for 'POST' to 'http://localhost:59265/session/c20b594767bf496197e6bdc7b58a6541/url'
10:47:45.087 [Forwarding get on session c20b594767bf496197e6bdc7b58a6541 to remote] DEBUG org.asynchttpclient.netty.request.NettyRequestSender - Using open Channel [id: 0x7b838621, L:/127.0.0.1:57907 - R:localhost/127.0.0.1:59265] for POST '/session/c20b594767bf496197e6bdc7b58a6541/url'
10:47:45.265 [AsyncHttpClient-1-1] DEBUG org.asynchttpclient.netty.channel.DefaultChannelPool - Entry count for : http://localhost:57908 : 1
10:47:46.364 [AsyncHttpClient-1-1] DEBUG org.asynchttpclient.netty.channel.DefaultChannelPool - Entry count for : http://localhost:57908 : 1
10:47:47.464 [AsyncHttpClient-1-1] DEBUG org.asynchttpclient.netty.channel.DefaultChannelPool - Entry count for : http://localhost:57908 : 1
10:47:47.668 [AsyncHttpClient-1-6] DEBUG org.asynchttpclient.netty.handler.HttpHandler - 

Request DefaultHttpRequest(decodeResult: success, version: HTTP/1.1)
POST /session/c20b594767bf496197e6bdc7b58a6541/url HTTP/1.1
User-Agent: selenium/4.1.2 (java windows)
Content-Length: 65
Content-Type: application/json; charset=utf-8
host: localhost:59265
accept: */*

Response DefaultHttpResponse(decodeResult: success, version: HTTP/1.1)
HTTP/1.1 200 OK
Content-Type: application/json; charset=utf-8
cache-control: no-cache
content-length: 14

10:47:47.668 [AsyncHttpClient-1-6] DEBUG org.asynchttpclient.netty.channel.ChannelManager - Adding key: http://localhost:59265 for channel [id: 0x7b838621, L:/127.0.0.1:57907 - R:localhost/127.0.0.1:59265]
10:47:47.670 [Forwarding setTimeout on session c20b594767bf496197e6bdc7b58a6541 to remote] DEBUG org.asynchttpclient.netty.request.NettyRequestSender - Using pooled Channel '[id: 0x7b838621, L:/127.0.0.1:57907 - R:localhost/127.0.0.1:59265]' for 'POST' to 'http://localhost:59265/session/c20b594767bf496197e6bdc7b58a6541/timeouts'
10:47:47.670 [Forwarding setTimeout on session c20b594767bf496197e6bdc7b58a6541 to remote] DEBUG org.asynchttpclient.netty.request.NettyRequestSender - Using open Channel [id: 0x7b838621, L:/127.0.0.1:57907 - R:localhost/127.0.0.1:59265] for POST '/session/c20b594767bf496197e6bdc7b58a6541/timeouts'
10:47:47.671 [AsyncHttpClient-1-6] DEBUG org.asynchttpclient.netty.handler.HttpHandler - 

Request DefaultHttpRequest(decodeResult: success, version: HTTP/1.1)
POST /session/c20b594767bf496197e6bdc7b58a6541/timeouts HTTP/1.1
User-Agent: selenium/4.1.2 (java windows)
Content-Length: 22
Content-Type: application/json; charset=utf-8
host: localhost:59265
accept: */*

Response DefaultHttpResponse(decodeResult: success, version: HTTP/1.1)
HTTP/1.1 200 OK
Content-Type: application/json; charset=utf-8
cache-control: no-cache
content-length: 14

10:47:47.671 [AsyncHttpClient-1-6] DEBUG org.asynchttpclient.netty.channel.ChannelManager - Adding key: http://localhost:59265 for channel [id: 0x7b838621, L:/127.0.0.1:57907 - R:localhost/127.0.0.1:59265]
10:47:47.676 [Forwarding getCurrentUrl on session c20b594767bf496197e6bdc7b58a6541 to remote] DEBUG org.asynchttpclient.netty.request.NettyRequestSender - Using pooled Channel '[id: 0x7b838621, L:/127.0.0.1:57907 - R:localhost/127.0.0.1:59265]' for 'GET' to 'http://localhost:59265/session/c20b594767bf496197e6bdc7b58a6541/url'
10:47:47.676 [Forwarding getCurrentUrl on session c20b594767bf496197e6bdc7b58a6541 to remote] DEBUG org.asynchttpclient.netty.request.NettyRequestSender - Using open Channel [id: 0x7b838621, L:/127.0.0.1:57907 - R:localhost/127.0.0.1:59265] for GET '/session/c20b594767bf496197e6bdc7b58a6541/url'
10:47:47.688 [AsyncHttpClient-1-6] DEBUG org.asynchttpclient.netty.handler.HttpHandler - 

Request DefaultFullHttpRequest(decodeResult: success, version: HTTP/1.1, content: EmptyByteBufBE)
GET /session/c20b594767bf496197e6bdc7b58a6541/url HTTP/1.1
User-Agent: selenium/4.1.2 (java windows)
Cache-Control: no-cache
Content-Type: application/json; charset=utf-8
host: localhost:59265
accept: */*

Response DefaultHttpResponse(decodeResult: success, version: HTTP/1.1)
HTTP/1.1 200 OK
Content-Type: application/json; charset=utf-8
cache-control: no-cache
content-length: 53

10:47:47.688 [AsyncHttpClient-1-6] DEBUG org.asynchttpclient.netty.channel.ChannelManager - Adding key: http://localhost:59265 for channel [id: 0x7b838621, L:/127.0.0.1:57907 - R:localhost/127.0.0.1:59265]
10:47:47.694 [Forwarding getCurrentUrl on session c20b594767bf496197e6bdc7b58a6541 to remote] DEBUG org.asynchttpclient.netty.request.NettyRequestSender - Using pooled Channel '[id: 0x7b838621, L:/127.0.0.1:57907 - R:localhost/127.0.0.1:59265]' for 'GET' to 'http://localhost:59265/session/c20b594767bf496197e6bdc7b58a6541/url'
10:47:47.694 [Forwarding getCurrentUrl on session c20b594767bf496197e6bdc7b58a6541 to remote] DEBUG org.asynchttpclient.netty.request.NettyRequestSender - Using open Channel [id: 0x7b838621, L:/127.0.0.1:57907 - R:localhost/127.0.0.1:59265] for GET '/session/c20b594767bf496197e6bdc7b58a6541/url'
10:47:47.699 [AsyncHttpClient-1-6] DEBUG org.asynchttpclient.netty.handler.HttpHandler - 

Request DefaultFullHttpRequest(decodeResult: success, version: HTTP/1.1, content: EmptyByteBufBE)
GET /session/c20b594767bf496197e6bdc7b58a6541/url HTTP/1.1
User-Agent: selenium/4.1.2 (java windows)
Cache-Control: no-cache
Content-Type: application/json; charset=utf-8
host: localhost:59265
accept: */*

Response DefaultHttpResponse(decodeResult: success, version: HTTP/1.1)
HTTP/1.1 200 OK
Content-Type: application/json; charset=utf-8
cache-control: no-cache
content-length: 53

10:47:47.700 [AsyncHttpClient-1-6] DEBUG org.asynchttpclient.netty.channel.ChannelManager - Adding key: http://localhost:59265 for channel [id: 0x7b838621, L:/127.0.0.1:57907 - R:localhost/127.0.0.1:59265]
10:47:47.709 [Forwarding screenshot on session c20b594767bf496197e6bdc7b58a6541 to remote] DEBUG org.asynchttpclient.netty.request.NettyRequestSender - Using pooled Channel '[id: 0x7b838621, L:/127.0.0.1:57907 - R:localhost/127.0.0.1:59265]' for 'GET' to 'http://localhost:59265/session/c20b594767bf496197e6bdc7b58a6541/screenshot'
10:47:47.709 [Forwarding screenshot on session c20b594767bf496197e6bdc7b58a6541 to remote] DEBUG org.asynchttpclient.netty.request.NettyRequestSender - Using open Channel [id: 0x7b838621, L:/127.0.0.1:57907 - R:localhost/127.0.0.1:59265] for GET '/session/c20b594767bf496197e6bdc7b58a6541/screenshot'
10:47:48.046 [AsyncHttpClient-1-6] DEBUG org.asynchttpclient.netty.handler.HttpHandler - 

Request DefaultFullHttpRequest(decodeResult: success, version: HTTP/1.1, content: EmptyByteBufBE)
GET /session/c20b594767bf496197e6bdc7b58a6541/screenshot HTTP/1.1
User-Agent: selenium/4.1.2 (java windows)
Cache-Control: no-cache
Content-Type: application/json; charset=utf-8
host: localhost:59265
accept: */*

Response DefaultHttpResponse(decodeResult: success, version: HTTP/1.1)
HTTP/1.1 200 OK
Content-Type: application/json; charset=utf-8
cache-control: no-cache
content-length: 382596

10:47:48.049 [AsyncHttpClient-1-6] DEBUG org.asynchttpclient.netty.channel.ChannelManager - Adding key: http://localhost:59265 for channel [id: 0x7b838621, L:/127.0.0.1:57907 - R:localhost/127.0.0.1:59265]
10:47:48.089 [main] DEBUG net.serenitybdd.core.photography.Darkroom - Send negative for processing for target\site\serenity\ed15a54c91c342d96a850276df7b559f4526b370fc93040e3c407a48a170f368.png
10:47:48.089 [main] DEBUG net.thucydides.core.steps.StepInterceptor - STEP DONE: openUrl
10:47:48.101 [main] DEBUG net.thucydides.core.steps.StepInterceptor - STARTING STEP: PatientSteps.iAmAtTheDashboardPage - validateOnDashboardPage
10:47:48.104 [Forwarding findElement on session c20b594767bf496197e6bdc7b58a6541 to remote] DEBUG org.asynchttpclient.netty.request.NettyRequestSender - Using pooled Channel '[id: 0x7b838621, L:/127.0.0.1:57907 - R:localhost/127.0.0.1:59265]' for 'POST' to 'http://localhost:59265/session/c20b594767bf496197e6bdc7b58a6541/element'
10:47:48.104 [Forwarding findElement on session c20b594767bf496197e6bdc7b58a6541 to remote] DEBUG org.asynchttpclient.netty.request.NettyRequestSender - Using open Channel [id: 0x7b838621, L:/127.0.0.1:57907 - R:localhost/127.0.0.1:59265] for POST '/session/c20b594767bf496197e6bdc7b58a6541/element'
10:47:48.126 [AsyncHttpClient-1-6] DEBUG org.asynchttpclient.netty.handler.HttpHandler - 

Request DefaultHttpRequest(decodeResult: success, version: HTTP/1.1)
POST /session/c20b594767bf496197e6bdc7b58a6541/element HTTP/1.1
User-Agent: selenium/4.1.2 (java windows)
Content-Length: 81
Content-Type: application/json; charset=utf-8
host: localhost:59265
accept: */*

Response DefaultHttpResponse(decodeResult: success, version: HTTP/1.1)
HTTP/1.1 200 OK
Content-Type: application/json; charset=utf-8
cache-control: no-cache
content-length: 88

10:47:48.126 [AsyncHttpClient-1-6] DEBUG org.asynchttpclient.netty.channel.ChannelManager - Adding key: http://localhost:59265 for channel [id: 0x7b838621, L:/127.0.0.1:57907 - R:localhost/127.0.0.1:59265]
10:47:48.132 [Forwarding isElementDisplayed on session c20b594767bf496197e6bdc7b58a6541 to remote] DEBUG org.asynchttpclient.netty.request.NettyRequestSender - Using pooled Channel '[id: 0x7b838621, L:/127.0.0.1:57907 - R:localhost/127.0.0.1:59265]' for 'POST' to 'http://localhost:59265/session/c20b594767bf496197e6bdc7b58a6541/execute/sync'
10:47:48.132 [Forwarding isElementDisplayed on session c20b594767bf496197e6bdc7b58a6541 to remote] DEBUG org.asynchttpclient.netty.request.NettyRequestSender - Using open Channel [id: 0x7b838621, L:/127.0.0.1:57907 - R:localhost/127.0.0.1:59265] for POST '/session/c20b594767bf496197e6bdc7b58a6541/execute/sync'
10:47:48.158 [AsyncHttpClient-1-6] DEBUG org.asynchttpclient.netty.handler.HttpHandler - 

Request DefaultHttpRequest(decodeResult: success, version: HTTP/1.1)
POST /session/c20b594767bf496197e6bdc7b58a6541/execute/sync HTTP/1.1
User-Agent: selenium/4.1.2 (java windows)
Content-Length: 48780
Content-Type: application/json; charset=utf-8
host: localhost:59265
accept: */*

Response DefaultHttpResponse(decodeResult: success, version: HTTP/1.1)
HTTP/1.1 200 OK
Content-Type: application/json; charset=utf-8
cache-control: no-cache
content-length: 14

10:47:48.158 [AsyncHttpClient-1-6] DEBUG org.asynchttpclient.netty.channel.ChannelManager - Adding key: http://localhost:59265 for channel [id: 0x7b838621, L:/127.0.0.1:57907 - R:localhost/127.0.0.1:59265]
10:47:48.167 [Forwarding screenshot on session c20b594767bf496197e6bdc7b58a6541 to remote] DEBUG org.asynchttpclient.netty.request.NettyRequestSender - Using pooled Channel '[id: 0x7b838621, L:/127.0.0.1:57907 - R:localhost/127.0.0.1:59265]' for 'GET' to 'http://localhost:59265/session/c20b594767bf496197e6bdc7b58a6541/screenshot'
10:47:48.167 [Forwarding screenshot on session c20b594767bf496197e6bdc7b58a6541 to remote] DEBUG org.asynchttpclient.netty.request.NettyRequestSender - Using open Channel [id: 0x7b838621, L:/127.0.0.1:57907 - R:localhost/127.0.0.1:59265] for GET '/session/c20b594767bf496197e6bdc7b58a6541/screenshot'
10:47:48.483 [AsyncHttpClient-1-6] DEBUG org.asynchttpclient.netty.handler.HttpHandler - 

Request DefaultFullHttpRequest(decodeResult: success, version: HTTP/1.1, content: EmptyByteBufBE)
GET /session/c20b594767bf496197e6bdc7b58a6541/screenshot HTTP/1.1
User-Agent: selenium/4.1.2 (java windows)
Cache-Control: no-cache
Content-Type: application/json; charset=utf-8
host: localhost:59265
accept: */*

Response DefaultHttpResponse(decodeResult: success, version: HTTP/1.1)
HTTP/1.1 200 OK
Content-Type: application/json; charset=utf-8
cache-control: no-cache
content-length: 382596

10:47:48.485 [AsyncHttpClient-1-6] DEBUG org.asynchttpclient.netty.channel.ChannelManager - Adding key: http://localhost:59265 for channel [id: 0x7b838621, L:/127.0.0.1:57907 - R:localhost/127.0.0.1:59265]
10:47:48.521 [main] DEBUG net.serenitybdd.core.photography.Darkroom - Send negative for processing for target\site\serenity\ed15a54c91c342d96a850276df7b559f4526b370fc93040e3c407a48a170f368.png
10:47:48.522 [main] DEBUG net.thucydides.core.steps.StepInterceptor - STEP DONE: validateOnDashboardPage
  &amp#27;[32mGiven &amp#27;[0m&amp#27;[32mI am at the dashboard page&amp#27;[0m                   &amp#27;[90m# starter.stepdefinitions.PatientSteps.iAmAtTheDashboardPage()&amp#27;[0m
10:47:48.563 [AsyncHttpClient-1-1] DEBUG org.asynchttpclient.netty.channel.DefaultChannelPool - Entry count for : http://localhost:57908 : 1
10:47:48.563 [AsyncHttpClient-1-1] DEBUG org.asynchttpclient.netty.channel.DefaultChannelPool - Entry count for : http://localhost:59265 : 1
10:47:48.563 [main] DEBUG net.thucydides.core.steps.StepInterceptor - STARTING STEP: DoctorSteps.iClickMenuDoctor - clickMenuDoctorButton
10:47:48.568 [Forwarding findElement on session c20b594767bf496197e6bdc7b58a6541 to remote] DEBUG org.asynchttpclient.netty.request.NettyRequestSender - Using pooled Channel '[id: 0x7b838621, L:/127.0.0.1:57907 - R:localhost/127.0.0.1:59265]' for 'POST' to 'http://localhost:59265/session/c20b594767bf496197e6bdc7b58a6541/element'
10:47:48.568 [Forwarding findElement on session c20b594767bf496197e6bdc7b58a6541 to remote] DEBUG org.asynchttpclient.netty.request.NettyRequestSender - Using open Channel [id: 0x7b838621, L:/127.0.0.1:57907 - R:localhost/127.0.0.1:59265] for POST '/session/c20b594767bf496197e6bdc7b58a6541/element'
10:47:48.588 [AsyncHttpClient-1-6] DEBUG org.asynchttpclient.netty.handler.HttpHandler - 

Request DefaultHttpRequest(decodeResult: success, version: HTTP/1.1)
POST /session/c20b594767bf496197e6bdc7b58a6541/element HTTP/1.1
User-Agent: selenium/4.1.2 (java windows)
Content-Length: 79
Content-Type: application/json; charset=utf-8
host: localhost:59265
accept: */*

Response DefaultHttpResponse(decodeResult: success, version: HTTP/1.1)
HTTP/1.1 200 OK
Content-Type: application/json; charset=utf-8
cache-control: no-cache
content-length: 88

10:47:48.588 [AsyncHttpClient-1-6] DEBUG org.asynchttpclient.netty.channel.ChannelManager - Adding key: http://localhost:59265 for channel [id: 0x7b838621, L:/127.0.0.1:57907 - R:localhost/127.0.0.1:59265]
10:47:48.590 [Forwarding getElementTagName on session c20b594767bf496197e6bdc7b58a6541 to remote] DEBUG org.asynchttpclient.netty.request.NettyRequestSender - Using pooled Channel '[id: 0x7b838621, L:/127.0.0.1:57907 - R:localhost/127.0.0.1:59265]' for 'GET' to 'http://localhost:59265/session/c20b594767bf496197e6bdc7b58a6541/element/f16c99f7-1fc3-4211-8d80-bdc00a856351/name'
10:47:48.590 [Forwarding getElementTagName on session c20b594767bf496197e6bdc7b58a6541 to remote] DEBUG org.asynchttpclient.netty.request.NettyRequestSender - Using open Channel [id: 0x7b838621, L:/127.0.0.1:57907 - R:localhost/127.0.0.1:59265] for GET '/session/c20b594767bf496197e6bdc7b58a6541/element/f16c99f7-1fc3-4211-8d80-bdc00a856351/name'
10:47:48.596 [AsyncHttpClient-1-6] DEBUG org.asynchttpclient.netty.handler.HttpHandler - 

Request DefaultFullHttpRequest(decodeResult: success, version: HTTP/1.1, content: EmptyByteBufBE)
GET /session/c20b594767bf496197e6bdc7b58a6541/element/f16c99f7-1fc3-4211-8d80-bdc00a856351/name HTTP/1.1
User-Agent: selenium/4.1.2 (java windows)
Cache-Control: no-cache
Content-Type: application/json; charset=utf-8
host: localhost:59265
accept: */*

Response DefaultHttpResponse(decodeResult: success, version: HTTP/1.1)
HTTP/1.1 200 OK
Content-Type: application/json; charset=utf-8
cache-control: no-cache
content-length: 15

10:47:48.596 [AsyncHttpClient-1-6] DEBUG org.asynchttpclient.netty.channel.ChannelManager - Adding key: http://localhost:59265 for channel [id: 0x7b838621, L:/127.0.0.1:57907 - R:localhost/127.0.0.1:59265]
10:47:48.598 [Forwarding getElementTagName on session c20b594767bf496197e6bdc7b58a6541 to remote] DEBUG org.asynchttpclient.netty.request.NettyRequestSender - Using pooled Channel '[id: 0x7b838621, L:/127.0.0.1:57907 - R:localhost/127.0.0.1:59265]' for 'GET' to 'http://localhost:59265/session/c20b594767bf496197e6bdc7b58a6541/element/f16c99f7-1fc3-4211-8d80-bdc00a856351/name'
10:47:48.598 [Forwarding getElementTagName on session c20b594767bf496197e6bdc7b58a6541 to remote] DEBUG org.asynchttpclient.netty.request.NettyRequestSender - Using open Channel [id: 0x7b838621, L:/127.0.0.1:57907 - R:localhost/127.0.0.1:59265] for GET '/session/c20b594767bf496197e6bdc7b58a6541/element/f16c99f7-1fc3-4211-8d80-bdc00a856351/name'
10:47:48.602 [AsyncHttpClient-1-6] DEBUG org.asynchttpclient.netty.handler.HttpHandler - 

Request DefaultFullHttpRequest(decodeResult: success, version: HTTP/1.1, content: EmptyByteBufBE)
GET /session/c20b594767bf496197e6bdc7b58a6541/element/f16c99f7-1fc3-4211-8d80-bdc00a856351/name HTTP/1.1
User-Agent: selenium/4.1.2 (java windows)
Cache-Control: no-cache
Content-Type: application/json; charset=utf-8
host: localhost:59265
accept: */*

Response DefaultHttpResponse(decodeResult: success, version: HTTP/1.1)
HTTP/1.1 200 OK
Content-Type: application/json; charset=utf-8
cache-control: no-cache
content-length: 15

10:47:48.602 [AsyncHttpClient-1-6] DEBUG org.asynchttpclient.netty.channel.ChannelManager - Adding key: http://localhost:59265 for channel [id: 0x7b838621, L:/127.0.0.1:57907 - R:localhost/127.0.0.1:59265]
10:47:48.605 [Forwarding findElement on session c20b594767bf496197e6bdc7b58a6541 to remote] DEBUG org.asynchttpclient.netty.request.NettyRequestSender - Using pooled Channel '[id: 0x7b838621, L:/127.0.0.1:57907 - R:localhost/127.0.0.1:59265]' for 'POST' to 'http://localhost:59265/session/c20b594767bf496197e6bdc7b58a6541/element'
10:47:48.605 [Forwarding findElement on session c20b594767bf496197e6bdc7b58a6541 to remote] DEBUG org.asynchttpclient.netty.request.NettyRequestSender - Using open Channel [id: 0x7b838621, L:/127.0.0.1:57907 - R:localhost/127.0.0.1:59265] for POST '/session/c20b594767bf496197e6bdc7b58a6541/element'
10:47:48.703 [AsyncHttpClient-1-6] DEBUG org.asynchttpclient.netty.handler.HttpHandler - 

Request DefaultHttpRequest(decodeResult: success, version: HTTP/1.1)
POST /session/c20b594767bf496197e6bdc7b58a6541/element HTTP/1.1
User-Agent: selenium/4.1.2 (java windows)
Content-Length: 79
Content-Type: application/json; charset=utf-8
host: localhost:59265
accept: */*

Response DefaultHttpResponse(decodeResult: success, version: HTTP/1.1)
HTTP/1.1 200 OK
Content-Type: application/json; charset=utf-8
cache-control: no-cache
content-length: 88

10:47:48.703 [AsyncHttpClient-1-6] DEBUG org.asynchttpclient.netty.channel.ChannelManager - Adding key: http://localhost:59265 for channel [id: 0x7b838621, L:/127.0.0.1:57907 - R:localhost/127.0.0.1:59265]
10:47:48.704 [Forwarding clickElement on session c20b594767bf496197e6bdc7b58a6541 to remote] DEBUG org.asynchttpclient.netty.request.NettyRequestSender - Using pooled Channel '[id: 0x7b838621, L:/127.0.0.1:57907 - R:localhost/127.0.0.1:59265]' for 'POST' to 'http://localhost:59265/session/c20b594767bf496197e6bdc7b58a6541/element/f16c99f7-1fc3-4211-8d80-bdc00a856351/click'
10:47:48.704 [Forwarding clickElement on session c20b594767bf496197e6bdc7b58a6541 to remote] DEBUG org.asynchttpclient.netty.request.NettyRequestSender - Using open Channel [id: 0x7b838621, L:/127.0.0.1:57907 - R:localhost/127.0.0.1:59265] for POST '/session/c20b594767bf496197e6bdc7b58a6541/element/f16c99f7-1fc3-4211-8d80-bdc00a856351/click'
10:47:48.945 [AsyncHttpClient-1-6] DEBUG org.asynchttpclient.netty.handler.HttpHandler - 

Request DefaultHttpRequest(decodeResult: success, version: HTTP/1.1)
POST /session/c20b594767bf496197e6bdc7b58a6541/element/f16c99f7-1fc3-4211-8d80-bdc00a856351/click HTTP/1.1
User-Agent: selenium/4.1.2 (java windows)
Content-Length: 50
Content-Type: application/json; charset=utf-8
host: localhost:59265
accept: */*

Response DefaultHttpResponse(decodeResult: success, version: HTTP/1.1)
HTTP/1.1 200 OK
Content-Type: application/json; charset=utf-8
cache-control: no-cache
content-length: 14

10:47:48.946 [AsyncHttpClient-1-6] DEBUG org.asynchttpclient.netty.channel.ChannelManager - Adding key: http://localhost:59265 for channel [id: 0x7b838621, L:/127.0.0.1:57907 - R:localhost/127.0.0.1:59265]
10:47:48.958 [Forwarding screenshot on session c20b594767bf496197e6bdc7b58a6541 to remote] DEBUG org.asynchttpclient.netty.request.NettyRequestSender - Using pooled Channel '[id: 0x7b838621, L:/127.0.0.1:57907 - R:localhost/127.0.0.1:59265]' for 'GET' to 'http://localhost:59265/session/c20b594767bf496197e6bdc7b58a6541/screenshot'
10:47:48.958 [Forwarding screenshot on session c20b594767bf496197e6bdc7b58a6541 to remote] DEBUG org.asynchttpclient.netty.request.NettyRequestSender - Using open Channel [id: 0x7b838621, L:/127.0.0.1:57907 - R:localhost/127.0.0.1:59265] for GET '/session/c20b594767bf496197e6bdc7b58a6541/screenshot'
10:47:49.096 [AsyncHttpClient-1-6] DEBUG org.asynchttpclient.netty.handler.HttpHandler - 

Request DefaultFullHttpRequest(decodeResult: success, version: HTTP/1.1, content: EmptyByteBufBE)
GET /session/c20b594767bf496197e6bdc7b58a6541/screenshot HTTP/1.1
User-Agent: selenium/4.1.2 (java windows)
Cache-Control: no-cache
Content-Type: application/json; charset=utf-8
host: localhost:59265
accept: */*

Response DefaultHttpResponse(decodeResult: success, version: HTTP/1.1)
HTTP/1.1 200 OK
Content-Type: application/json; charset=utf-8
cache-control: no-cache
content-length: 56216

10:47:49.097 [AsyncHttpClient-1-6] DEBUG org.asynchttpclient.netty.channel.ChannelManager - Adding key: http://localhost:59265 for channel [id: 0x7b838621, L:/127.0.0.1:57907 - R:localhost/127.0.0.1:59265]
10:47:49.101 [main] DEBUG net.serenitybdd.core.photography.Darkroom - Send negative for processing for target\site\serenity\93bcc9a7e51fe36df2bb0ee95da8b9e15460ad67a465a8def437a77fe40a1b48.png
10:47:49.102 [main] DEBUG net.thucydides.core.steps.StepInterceptor - STEP DONE: clickMenuDoctorButton
  &amp#27;[32mAnd &amp#27;[0m&amp#27;[32mI click menu doctor&amp#27;[0m                            &amp#27;[90m# starter.stepdefinitions.DoctorSteps.iClickMenuDoctor()&amp#27;[0m
10:47:49.121 [Forwarding findElement on session c20b594767bf496197e6bdc7b58a6541 to remote] DEBUG org.asynchttpclient.netty.request.NettyRequestSender - Using pooled Channel '[id: 0x7b838621, L:/127.0.0.1:57907 - R:localhost/127.0.0.1:59265]' for 'POST' to 'http://localhost:59265/session/c20b594767bf496197e6bdc7b58a6541/element'
10:47:49.121 [Forwarding findElement on session c20b594767bf496197e6bdc7b58a6541 to remote] DEBUG org.asynchttpclient.netty.request.NettyRequestSender - Using open Channel [id: 0x7b838621, L:/127.0.0.1:57907 - R:localhost/127.0.0.1:59265] for POST '/session/c20b594767bf496197e6bdc7b58a6541/element'
10:47:49.143 [AsyncHttpClient-1-6] DEBUG org.asynchttpclient.netty.handler.HttpHandler - 

Request DefaultHttpRequest(decodeResult: success, version: HTTP/1.1)
POST /session/c20b594767bf496197e6bdc7b58a6541/element HTTP/1.1
User-Agent: selenium/4.1.2 (java windows)
Content-Length: 160
Content-Type: application/json; charset=utf-8
host: localhost:59265
accept: */*

Response DefaultHttpResponse(decodeResult: success, version: HTTP/1.1)
HTTP/1.1 200 OK
Content-Type: application/json; charset=utf-8
cache-control: no-cache
content-length: 88

10:47:49.143 [AsyncHttpClient-1-6] DEBUG org.asynchttpclient.netty.channel.ChannelManager - Adding key: http://localhost:59265 for channel [id: 0x7b838621, L:/127.0.0.1:57907 - R:localhost/127.0.0.1:59265]
10:47:49.144 [Forwarding clearElement on session c20b594767bf496197e6bdc7b58a6541 to remote] DEBUG org.asynchttpclient.netty.request.NettyRequestSender - Using pooled Channel '[id: 0x7b838621, L:/127.0.0.1:57907 - R:localhost/127.0.0.1:59265]' for 'POST' to 'http://localhost:59265/session/c20b594767bf496197e6bdc7b58a6541/element/3f49640d-359d-4212-b4f1-94d4e08c385c/clear'
10:47:49.144 [Forwarding clearElement on session c20b594767bf496197e6bdc7b58a6541 to remote] DEBUG org.asynchttpclient.netty.request.NettyRequestSender - Using open Channel [id: 0x7b838621, L:/127.0.0.1:57907 - R:localhost/127.0.0.1:59265] for POST '/session/c20b594767bf496197e6bdc7b58a6541/element/3f49640d-359d-4212-b4f1-94d4e08c385c/clear'
10:47:49.209 [AsyncHttpClient-1-6] DEBUG org.asynchttpclient.netty.handler.HttpHandler - 

Request DefaultHttpRequest(decodeResult: success, version: HTTP/1.1)
POST /session/c20b594767bf496197e6bdc7b58a6541/element/3f49640d-359d-4212-b4f1-94d4e08c385c/clear HTTP/1.1
User-Agent: selenium/4.1.2 (java windows)
Content-Length: 50
Content-Type: application/json; charset=utf-8
host: localhost:59265
accept: */*

Response DefaultHttpResponse(decodeResult: success, version: HTTP/1.1)
HTTP/1.1 200 OK
Content-Type: application/json; charset=utf-8
cache-control: no-cache
content-length: 14

10:47:49.209 [AsyncHttpClient-1-6] DEBUG org.asynchttpclient.netty.channel.ChannelManager - Adding key: http://localhost:59265 for channel [id: 0x7b838621, L:/127.0.0.1:57907 - R:localhost/127.0.0.1:59265]
10:47:49.212 [Forwarding sendKeysToElement on session c20b594767bf496197e6bdc7b58a6541 to remote] DEBUG org.asynchttpclient.netty.request.NettyRequestSender - Using pooled Channel '[id: 0x7b838621, L:/127.0.0.1:57907 - R:localhost/127.0.0.1:59265]' for 'POST' to 'http://localhost:59265/session/c20b594767bf496197e6bdc7b58a6541/element/3f49640d-359d-4212-b4f1-94d4e08c385c/value'
10:47:49.212 [Forwarding sendKeysToElement on session c20b594767bf496197e6bdc7b58a6541 to remote] DEBUG org.asynchttpclient.netty.request.NettyRequestSender - Using open Channel [id: 0x7b838621, L:/127.0.0.1:57907 - R:localhost/127.0.0.1:59265] for POST '/session/c20b594767bf496197e6bdc7b58a6541/element/3f49640d-359d-4212-b4f1-94d4e08c385c/value'
10:47:49.527 [AsyncHttpClient-1-6] DEBUG org.asynchttpclient.netty.handler.HttpHandler - 

Request DefaultHttpRequest(decodeResult: success, version: HTTP/1.1)
POST /session/c20b594767bf496197e6bdc7b58a6541/element/3f49640d-359d-4212-b4f1-94d4e08c385c/value HTTP/1.1
User-Agent: selenium/4.1.2 (java windows)
Content-Length: 91
Content-Type: application/json; charset=utf-8
host: localhost:59265
accept: */*

Response DefaultHttpResponse(decodeResult: success, version: HTTP/1.1)
HTTP/1.1 200 OK
Content-Type: application/json; charset=utf-8
cache-control: no-cache
content-length: 14

10:47:49.527 [AsyncHttpClient-1-6] DEBUG org.asynchttpclient.netty.channel.ChannelManager - Adding key: http://localhost:59265 for channel [id: 0x7b838621, L:/127.0.0.1:57907 - R:localhost/127.0.0.1:59265]
10:47:49.542 [Forwarding screenshot on session c20b594767bf496197e6bdc7b58a6541 to remote] DEBUG org.asynchttpclient.netty.request.NettyRequestSender - Using pooled Channel '[id: 0x7b838621, L:/127.0.0.1:57907 - R:localhost/127.0.0.1:59265]' for 'GET' to 'http://localhost:59265/session/c20b594767bf496197e6bdc7b58a6541/screenshot'
10:47:49.542 [Forwarding screenshot on session c20b594767bf496197e6bdc7b58a6541 to remote] DEBUG org.asynchttpclient.netty.request.NettyRequestSender - Using open Channel [id: 0x7b838621, L:/127.0.0.1:57907 - R:localhost/127.0.0.1:59265] for GET '/session/c20b594767bf496197e6bdc7b58a6541/screenshot'
10:47:49.663 [AsyncHttpClient-1-6] DEBUG org.asynchttpclient.netty.handler.HttpHandler - 

Request DefaultFullHttpRequest(decodeResult: success, version: HTTP/1.1, content: EmptyByteBufBE)
GET /session/c20b594767bf496197e6bdc7b58a6541/screenshot HTTP/1.1
User-Agent: selenium/4.1.2 (java windows)
Cache-Control: no-cache
Content-Type: application/json; charset=utf-8
host: localhost:59265
accept: */*

Response DefaultHttpResponse(decodeResult: success, version: HTTP/1.1)
HTTP/1.1 200 OK
Content-Type: application/json; charset=utf-8
cache-control: no-cache
content-length: 90148

10:47:49.664 [AsyncHttpClient-1-1] DEBUG org.asynchttpclient.netty.channel.DefaultChannelPool - Entry count for : http://localhost:57908 : 1
10:47:49.664 [AsyncHttpClient-1-6] DEBUG org.asynchttpclient.netty.channel.ChannelManager - Adding key: http://localhost:59265 for channel [id: 0x7b838621, L:/127.0.0.1:57907 - R:localhost/127.0.0.1:59265]
10:47:49.668 [main] DEBUG net.serenitybdd.core.photography.Darkroom - Send negative for processing for target\site\serenity\21d69e77f24e2107a5ed79d38e483bf3149142c58e2f22365eda5f041e4fff19.png
10:47:49.669 [main] DEBUG net.thucydides.core.steps.StepInterceptor - STARTING STEP: DoctorSteps.iInputDoctorNIDAndClickSearch - clickSearchButton
10:47:49.669 [Darkroom Processing Line] DEBUG net.serenitybdd.core.photography.DarkroomProcessingLine - Processing screenshot image in /var/screenshots/screenshot-3019101909589904558
10:47:49.669 [Darkroom Processing Line] DEBUG net.serenitybdd.core.photography.DarkroomProcessingLine - Saving screenshot to target\site\serenity\21d69e77f24e2107a5ed79d38e483bf3149142c58e2f22365eda5f041e4fff19.png
10:47:49.672 [Forwarding findElement on session c20b594767bf496197e6bdc7b58a6541 to remote] DEBUG org.asynchttpclient.netty.request.NettyRequestSender - Using pooled Channel '[id: 0x7b838621, L:/127.0.0.1:57907 - R:localhost/127.0.0.1:59265]' for 'POST' to 'http://localhost:59265/session/c20b594767bf496197e6bdc7b58a6541/element'
10:47:49.672 [Forwarding findElement on session c20b594767bf496197e6bdc7b58a6541 to remote] DEBUG org.asynchttpclient.netty.request.NettyRequestSender - Using open Channel [id: 0x7b838621, L:/127.0.0.1:57907 - R:localhost/127.0.0.1:59265] for POST '/session/c20b594767bf496197e6bdc7b58a6541/element'
10:47:49.689 [AsyncHttpClient-1-6] DEBUG org.asynchttpclient.netty.handler.HttpHandler - 

Request DefaultHttpRequest(decodeResult: success, version: HTTP/1.1)
POST /session/c20b594767bf496197e6bdc7b58a6541/element HTTP/1.1
User-Agent: selenium/4.1.2 (java windows)
Content-Length: 161
Content-Type: application/json; charset=utf-8
host: localhost:59265
accept: */*

Response DefaultHttpResponse(decodeResult: success, version: HTTP/1.1)
HTTP/1.1 200 OK
Content-Type: application/json; charset=utf-8
cache-control: no-cache
content-length: 88

10:47:49.689 [AsyncHttpClient-1-6] DEBUG org.asynchttpclient.netty.channel.ChannelManager - Adding key: http://localhost:59265 for channel [id: 0x7b838621, L:/127.0.0.1:57907 - R:localhost/127.0.0.1:59265]
10:47:49.691 [Forwarding getElementTagName on session c20b594767bf496197e6bdc7b58a6541 to remote] DEBUG org.asynchttpclient.netty.request.NettyRequestSender - Using pooled Channel '[id: 0x7b838621, L:/127.0.0.1:57907 - R:localhost/127.0.0.1:59265]' for 'GET' to 'http://localhost:59265/session/c20b594767bf496197e6bdc7b58a6541/element/a03db4b8-8503-4ebd-9a80-0b9321946357/name'
10:47:49.691 [Forwarding getElementTagName on session c20b594767bf496197e6bdc7b58a6541 to remote] DEBUG org.asynchttpclient.netty.request.NettyRequestSender - Using open Channel [id: 0x7b838621, L:/127.0.0.1:57907 - R:localhost/127.0.0.1:59265] for GET '/session/c20b594767bf496197e6bdc7b58a6541/element/a03db4b8-8503-4ebd-9a80-0b9321946357/name'
10:47:49.697 [AsyncHttpClient-1-6] DEBUG org.asynchttpclient.netty.handler.HttpHandler - 

Request DefaultFullHttpRequest(decodeResult: success, version: HTTP/1.1, content: EmptyByteBufBE)
GET /session/c20b594767bf496197e6bdc7b58a6541/element/a03db4b8-8503-4ebd-9a80-0b9321946357/name HTTP/1.1
User-Agent: selenium/4.1.2 (java windows)
Cache-Control: no-cache
Content-Type: application/json; charset=utf-8
host: localhost:59265
accept: */*

Response DefaultHttpResponse(decodeResult: success, version: HTTP/1.1)
HTTP/1.1 200 OK
Content-Type: application/json; charset=utf-8
cache-control: no-cache
content-length: 18

10:47:49.697 [AsyncHttpClient-1-6] DEBUG org.asynchttpclient.netty.channel.ChannelManager - Adding key: http://localhost:59265 for channel [id: 0x7b838621, L:/127.0.0.1:57907 - R:localhost/127.0.0.1:59265]
10:47:49.699 [Forwarding getElementTagName on session c20b594767bf496197e6bdc7b58a6541 to remote] DEBUG org.asynchttpclient.netty.request.NettyRequestSender - Using pooled Channel '[id: 0x7b838621, L:/127.0.0.1:57907 - R:localhost/127.0.0.1:59265]' for 'GET' to 'http://localhost:59265/session/c20b594767bf496197e6bdc7b58a6541/element/a03db4b8-8503-4ebd-9a80-0b9321946357/name'
10:47:49.699 [Forwarding getElementTagName on session c20b594767bf496197e6bdc7b58a6541 to remote] DEBUG org.asynchttpclient.netty.request.NettyRequestSender - Using open Channel [id: 0x7b838621, L:/127.0.0.1:57907 - R:localhost/127.0.0.1:59265] for GET '/session/c20b594767bf496197e6bdc7b58a6541/element/a03db4b8-8503-4ebd-9a80-0b9321946357/name'
10:47:49.703 [AsyncHttpClient-1-6] DEBUG org.asynchttpclient.netty.handler.HttpHandler - 

Request DefaultFullHttpRequest(decodeResult: success, version: HTTP/1.1, content: EmptyByteBufBE)
GET /session/c20b594767bf496197e6bdc7b58a6541/element/a03db4b8-8503-4ebd-9a80-0b9321946357/name HTTP/1.1
User-Agent: selenium/4.1.2 (java windows)
Cache-Control: no-cache
Content-Type: application/json; charset=utf-8
host: localhost:59265
accept: */*

Response DefaultHttpResponse(decodeResult: success, version: HTTP/1.1)
HTTP/1.1 200 OK
Content-Type: application/json; charset=utf-8
cache-control: no-cache
content-length: 18

10:47:49.703 [AsyncHttpClient-1-6] DEBUG org.asynchttpclient.netty.channel.ChannelManager - Adding key: http://localhost:59265 for channel [id: 0x7b838621, L:/127.0.0.1:57907 - R:localhost/127.0.0.1:59265]
10:47:49.706 [Forwarding isElementEnabled on session c20b594767bf496197e6bdc7b58a6541 to remote] DEBUG org.asynchttpclient.netty.request.NettyRequestSender - Using pooled Channel '[id: 0x7b838621, L:/127.0.0.1:57907 - R:localhost/127.0.0.1:59265]' for 'GET' to 'http://localhost:59265/session/c20b594767bf496197e6bdc7b58a6541/element/a03db4b8-8503-4ebd-9a80-0b9321946357/enabled'
10:47:49.707 [Forwarding isElementEnabled on session c20b594767bf496197e6bdc7b58a6541 to remote] DEBUG org.asynchttpclient.netty.request.NettyRequestSender - Using open Channel [id: 0x7b838621, L:/127.0.0.1:57907 - R:localhost/127.0.0.1:59265] for GET '/session/c20b594767bf496197e6bdc7b58a6541/element/a03db4b8-8503-4ebd-9a80-0b9321946357/enabled'
10:47:49.730 [AsyncHttpClient-1-6] DEBUG org.asynchttpclient.netty.handler.HttpHandler - 

Request DefaultFullHttpRequest(decodeResult: success, version: HTTP/1.1, content: EmptyByteBufBE)
GET /session/c20b594767bf496197e6bdc7b58a6541/element/a03db4b8-8503-4ebd-9a80-0b9321946357/enabled HTTP/1.1
User-Agent: selenium/4.1.2 (java windows)
Cache-Control: no-cache
Content-Type: application/json; charset=utf-8
host: localhost:59265
accept: */*

Response DefaultHttpResponse(decodeResult: success, version: HTTP/1.1)
HTTP/1.1 200 OK
Content-Type: application/json; charset=utf-8
cache-control: no-cache
content-length: 14

10:47:49.730 [AsyncHttpClient-1-6] DEBUG org.asynchttpclient.netty.channel.ChannelManager - Adding key: http://localhost:59265 for channel [id: 0x7b838621, L:/127.0.0.1:57907 - R:localhost/127.0.0.1:59265]
10:47:49.731 [Forwarding isElementEnabled on session c20b594767bf496197e6bdc7b58a6541 to remote] DEBUG org.asynchttpclient.netty.request.NettyRequestSender - Using pooled Channel '[id: 0x7b838621, L:/127.0.0.1:57907 - R:localhost/127.0.0.1:59265]' for 'GET' to 'http://localhost:59265/session/c20b594767bf496197e6bdc7b58a6541/element/a03db4b8-8503-4ebd-9a80-0b9321946357/enabled'
10:47:49.731 [Forwarding isElementEnabled on session c20b594767bf496197e6bdc7b58a6541 to remote] DEBUG org.asynchttpclient.netty.request.NettyRequestSender - Using open Channel [id: 0x7b838621, L:/127.0.0.1:57907 - R:localhost/127.0.0.1:59265] for GET '/session/c20b594767bf496197e6bdc7b58a6541/element/a03db4b8-8503-4ebd-9a80-0b9321946357/enabled'
10:47:49.741 [AsyncHttpClient-1-6] DEBUG org.asynchttpclient.netty.handler.HttpHandler - 

Request DefaultFullHttpRequest(decodeResult: success, version: HTTP/1.1, content: EmptyByteBufBE)
GET /session/c20b594767bf496197e6bdc7b58a6541/element/a03db4b8-8503-4ebd-9a80-0b9321946357/enabled HTTP/1.1
User-Agent: selenium/4.1.2 (java windows)
Cache-Control: no-cache
Content-Type: application/json; charset=utf-8
host: localhost:59265
accept: */*

Response DefaultHttpResponse(decodeResult: success, version: HTTP/1.1)
HTTP/1.1 200 OK
Content-Type: application/json; charset=utf-8
cache-control: no-cache
content-length: 14

10:47:49.742 [AsyncHttpClient-1-6] DEBUG org.asynchttpclient.netty.channel.ChannelManager - Adding key: http://localhost:59265 for channel [id: 0x7b838621, L:/127.0.0.1:57907 - R:localhost/127.0.0.1:59265]
10:47:49.745 [Forwarding findElement on session c20b594767bf496197e6bdc7b58a6541 to remote] DEBUG org.asynchttpclient.netty.request.NettyRequestSender - Using pooled Channel '[id: 0x7b838621, L:/127.0.0.1:57907 - R:localhost/127.0.0.1:59265]' for 'POST' to 'http://localhost:59265/session/c20b594767bf496197e6bdc7b58a6541/element'
10:47:49.745 [Forwarding findElement on session c20b594767bf496197e6bdc7b58a6541 to remote] DEBUG org.asynchttpclient.netty.request.NettyRequestSender - Using open Channel [id: 0x7b838621, L:/127.0.0.1:57907 - R:localhost/127.0.0.1:59265] for POST '/session/c20b594767bf496197e6bdc7b58a6541/element'
10:47:49.759 [AsyncHttpClient-1-6] DEBUG org.asynchttpclient.netty.handler.HttpHandler - 

Request DefaultHttpRequest(decodeResult: success, version: HTTP/1.1)
POST /session/c20b594767bf496197e6bdc7b58a6541/element HTTP/1.1
User-Agent: selenium/4.1.2 (java windows)
Content-Length: 161
Content-Type: application/json; charset=utf-8
host: localhost:59265
accept: */*

Response DefaultHttpResponse(decodeResult: success, version: HTTP/1.1)
HTTP/1.1 200 OK
Content-Type: application/json; charset=utf-8
cache-control: no-cache
content-length: 88

10:47:49.759 [AsyncHttpClient-1-6] DEBUG org.asynchttpclient.netty.channel.ChannelManager - Adding key: http://localhost:59265 for channel [id: 0x7b838621, L:/127.0.0.1:57907 - R:localhost/127.0.0.1:59265]
10:47:49.760 [Forwarding clickElement on session c20b594767bf496197e6bdc7b58a6541 to remote] DEBUG org.asynchttpclient.netty.request.NettyRequestSender - Using pooled Channel '[id: 0x7b838621, L:/127.0.0.1:57907 - R:localhost/127.0.0.1:59265]' for 'POST' to 'http://localhost:59265/session/c20b594767bf496197e6bdc7b58a6541/element/a03db4b8-8503-4ebd-9a80-0b9321946357/click'
10:47:49.760 [Forwarding clickElement on session c20b594767bf496197e6bdc7b58a6541 to remote] DEBUG org.asynchttpclient.netty.request.NettyRequestSender - Using open Channel [id: 0x7b838621, L:/127.0.0.1:57907 - R:localhost/127.0.0.1:59265] for POST '/session/c20b594767bf496197e6bdc7b58a6541/element/a03db4b8-8503-4ebd-9a80-0b9321946357/click'
10:47:49.889 [AsyncHttpClient-1-6] DEBUG org.asynchttpclient.netty.handler.HttpHandler - 

Request DefaultHttpRequest(decodeResult: success, version: HTTP/1.1)
POST /session/c20b594767bf496197e6bdc7b58a6541/element/a03db4b8-8503-4ebd-9a80-0b9321946357/click HTTP/1.1
User-Agent: selenium/4.1.2 (java windows)
Content-Length: 50
Content-Type: application/json; charset=utf-8
host: localhost:59265
accept: */*

Response DefaultHttpResponse(decodeResult: success, version: HTTP/1.1)
HTTP/1.1 200 OK
Content-Type: application/json; charset=utf-8
cache-control: no-cache
content-length: 14

10:47:49.889 [AsyncHttpClient-1-6] DEBUG org.asynchttpclient.netty.channel.ChannelManager - Adding key: http://localhost:59265 for channel [id: 0x7b838621, L:/127.0.0.1:57907 - R:localhost/127.0.0.1:59265]
10:47:49.900 [Forwarding screenshot on session c20b594767bf496197e6bdc7b58a6541 to remote] DEBUG org.asynchttpclient.netty.request.NettyRequestSender - Using pooled Channel '[id: 0x7b838621, L:/127.0.0.1:57907 - R:localhost/127.0.0.1:59265]' for 'GET' to 'http://localhost:59265/session/c20b594767bf496197e6bdc7b58a6541/screenshot'
10:47:49.900 [Forwarding screenshot on session c20b594767bf496197e6bdc7b58a6541 to remote] DEBUG org.asynchttpclient.netty.request.NettyRequestSender - Using open Channel [id: 0x7b838621, L:/127.0.0.1:57907 - R:localhost/127.0.0.1:59265] for GET '/session/c20b594767bf496197e6bdc7b58a6541/screenshot'
10:47:50.044 [AsyncHttpClient-1-6] DEBUG org.asynchttpclient.netty.handler.HttpHandler - 

Request DefaultFullHttpRequest(decodeResult: success, version: HTTP/1.1, content: EmptyByteBufBE)
GET /session/c20b594767bf496197e6bdc7b58a6541/screenshot HTTP/1.1
User-Agent: selenium/4.1.2 (java windows)
Cache-Control: no-cache
Content-Type: application/json; charset=utf-8
host: localhost:59265
accept: */*

Response DefaultHttpResponse(decodeResult: success, version: HTTP/1.1)
HTTP/1.1 200 OK
Content-Type: application/json; charset=utf-8
cache-control: no-cache
content-length: 66784

10:47:50.044 [AsyncHttpClient-1-6] DEBUG org.asynchttpclient.netty.channel.ChannelManager - Adding key: http://localhost:59265 for channel [id: 0x7b838621, L:/127.0.0.1:57907 - R:localhost/127.0.0.1:59265]
10:47:50.049 [main] DEBUG net.serenitybdd.core.photography.Darkroom - Send negative for processing for target\site\serenity\aa43f27d017d9c2109f65d6dde6d41d25efc620cdaabf6ee718d128334cabbb2.png
10:47:50.049 [main] DEBUG net.thucydides.core.steps.StepInterceptor - STEP DONE: clickSearchButton
  &amp#27;[32mWhen &amp#27;[0m&amp#27;[32mI input doctor NID and click search&amp#27;[0m           &amp#27;[90m# starter.stepdefinitions.DoctorSteps.iInputDoctorNIDAndClickSearch()&amp#27;[0m
10:47:50.049 [Darkroom Processing Line] DEBUG net.serenitybdd.core.photography.DarkroomProcessingLine - Processing screenshot image in /var/screenshots/screenshot-8471624451255000177
10:47:50.049 [Darkroom Processing Line] DEBUG net.serenitybdd.core.photography.DarkroomProcessingLine - Saving screenshot to target\site\serenity\aa43f27d017d9c2109f65d6dde6d41d25efc620cdaabf6ee718d128334cabbb2.png
10:47:50.068 [Forwarding findElement on session c20b594767bf496197e6bdc7b58a6541 to remote] DEBUG org.asynchttpclient.netty.request.NettyRequestSender - Using pooled Channel '[id: 0x7b838621, L:/127.0.0.1:57907 - R:localhost/127.0.0.1:59265]' for 'POST' to 'http://localhost:59265/session/c20b594767bf496197e6bdc7b58a6541/element'
10:47:50.068 [Forwarding findElement on session c20b594767bf496197e6bdc7b58a6541 to remote] DEBUG org.asynchttpclient.netty.request.NettyRequestSender - Using open Channel [id: 0x7b838621, L:/127.0.0.1:57907 - R:localhost/127.0.0.1:59265] for POST '/session/c20b594767bf496197e6bdc7b58a6541/element'
10:47:50.674 [AsyncHttpClient-1-6] DEBUG org.asynchttpclient.netty.handler.HttpHandler - 

Request DefaultHttpRequest(decodeResult: success, version: HTTP/1.1)
POST /session/c20b594767bf496197e6bdc7b58a6541/element HTTP/1.1
User-Agent: selenium/4.1.2 (java windows)
Content-Length: 73
Content-Type: application/json; charset=utf-8
host: localhost:59265
accept: */*

Response DefaultHttpResponse(decodeResult: success, version: HTTP/1.1)
HTTP/1.1 200 OK
Content-Type: application/json; charset=utf-8
cache-control: no-cache
content-length: 88

10:47:50.674 [AsyncHttpClient-1-6] DEBUG org.asynchttpclient.netty.channel.ChannelManager - Adding key: http://localhost:59265 for channel [id: 0x7b838621, L:/127.0.0.1:57907 - R:localhost/127.0.0.1:59265]
10:47:50.678 [Forwarding isElementDisplayed on session c20b594767bf496197e6bdc7b58a6541 to remote] DEBUG org.asynchttpclient.netty.request.NettyRequestSender - Using pooled Channel '[id: 0x7b838621, L:/127.0.0.1:57907 - R:localhost/127.0.0.1:59265]' for 'POST' to 'http://localhost:59265/session/c20b594767bf496197e6bdc7b58a6541/execute/sync'
10:47:50.678 [Forwarding isElementDisplayed on session c20b594767bf496197e6bdc7b58a6541 to remote] DEBUG org.asynchttpclient.netty.request.NettyRequestSender - Using open Channel [id: 0x7b838621, L:/127.0.0.1:57907 - R:localhost/127.0.0.1:59265] for POST '/session/c20b594767bf496197e6bdc7b58a6541/execute/sync'
10:47:50.704 [AsyncHttpClient-1-6] DEBUG org.asynchttpclient.netty.handler.HttpHandler - 

Request DefaultHttpRequest(decodeResult: success, version: HTTP/1.1)
POST /session/c20b594767bf496197e6bdc7b58a6541/execute/sync HTTP/1.1
User-Agent: selenium/4.1.2 (java windows)
Content-Length: 48780
Content-Type: application/json; charset=utf-8
host: localhost:59265
accept: */*

Response DefaultHttpResponse(decodeResult: success, version: HTTP/1.1)
HTTP/1.1 200 OK
Content-Type: application/json; charset=utf-8
cache-control: no-cache
content-length: 14

10:47:50.704 [AsyncHttpClient-1-6] DEBUG org.asynchttpclient.netty.channel.ChannelManager - Adding key: http://localhost:59265 for channel [id: 0x7b838621, L:/127.0.0.1:57907 - R:localhost/127.0.0.1:59265]
  &amp#27;[32mThen &amp#27;[0m&amp#27;[32mI validate search by doctor NID&amp#27;[0m               &amp#27;[90m# starter.stepdefinitions.DoctorSteps.iValidateSearchByDoctorNID()&amp#27;[0m
10:47:50.709 [Forwarding screenshot on session c20b594767bf496197e6bdc7b58a6541 to remote] DEBUG org.asynchttpclient.netty.request.NettyRequestSender - Using pooled Channel '[id: 0x7b838621, L:/127.0.0.1:57907 - R:localhost/127.0.0.1:59265]' for 'GET' to 'http://localhost:59265/session/c20b594767bf496197e6bdc7b58a6541/screenshot'
10:47:50.709 [Forwarding screenshot on session c20b594767bf496197e6bdc7b58a6541 to remote] DEBUG org.asynchttpclient.netty.request.NettyRequestSender - Using open Channel [id: 0x7b838621, L:/127.0.0.1:57907 - R:localhost/127.0.0.1:59265] for GET '/session/c20b594767bf496197e6bdc7b58a6541/screenshot'
10:47:50.764 [AsyncHttpClient-1-1] DEBUG org.asynchttpclient.netty.channel.DefaultChannelPool - Entry count for : http://localhost:57908 : 1
10:47:50.819 [AsyncHttpClient-1-6] DEBUG org.asynchttpclient.netty.handler.HttpHandler - 

Request DefaultFullHttpRequest(decodeResult: success, version: HTTP/1.1, content: EmptyByteBufBE)
GET /session/c20b594767bf496197e6bdc7b58a6541/screenshot HTTP/1.1
User-Agent: selenium/4.1.2 (java windows)
Cache-Control: no-cache
Content-Type: application/json; charset=utf-8
host: localhost:59265
accept: */*

Response DefaultHttpResponse(decodeResult: success, version: HTTP/1.1)
HTTP/1.1 200 OK
Content-Type: application/json; charset=utf-8
cache-control: no-cache
content-length: 71976

10:47:50.819 [AsyncHttpClient-1-6] DEBUG org.asynchttpclient.netty.channel.ChannelManager - Adding key: http://localhost:59265 for channel [id: 0x7b838621, L:/127.0.0.1:57907 - R:localhost/127.0.0.1:59265]
10:47:50.823 [main] DEBUG net.serenitybdd.core.photography.Darkroom - Send negative for processing for target\site\serenity\4dd02016a9385a1730d0032f61fcfe2a2a90eb31a55d5eedf06fed66f5bd1533.png
10:47:50.823 [Darkroom Processing Line] DEBUG net.serenitybdd.core.photography.DarkroomProcessingLine - Processing screenshot image in /var/screenshots/screenshot-16206863074154070563
10:47:50.823 [Darkroom Processing Line] DEBUG net.serenitybdd.core.photography.DarkroomProcessingLine - Saving screenshot to target\site\serenity\4dd02016a9385a1730d0032f61fcfe2a2a90eb31a55d5eedf06fed66f5bd1533.png
10:47:50.824 [main] INFO  - 
  _____   ___   ___   _____     ___     _     ___   ___   ___   ___  
 |_   _| | __| / __| |_   _|   | _ \   /_\   / __| / __| | __| |   \ 
   | |   | _|  \__ \   | |     |  _/  / _ \  \__ \ \__ \ | _|  | |) |
   |_|   |___| |___/   |_|     |_|   /_/ \_\ |___/ |___/ |___| |___/ 

Search Doctor Based on Doctor NID Scenario
----------------------------------------------------------------------
10:47:50.826 [AsyncHttpClient-1-8] DEBUG org.asynchttpclient.netty.handler.WebSocketHandler - Channel Closed: [id: 0xddf83eeb, L:/127.0.0.1:57915 ! R:localhost/127.0.0.1:57908] with attribute NettyResponseFuture{currentRetry=5,
	isDone=1,
	isCancelled=0,
	asyncHandler=org.asynchttpclient.ws.WebSocketUpgradeHandler@2037f762,
	nettyRequest=org.asynchttpclient.netty.request.NettyRequest@616ba41,
	future=java.util.concurrent.CompletableFuture@bc47354[Completed normally],
	uri=ws://localhost:57908/devtools/browser/2021c626-73ce-4b6c-be1f-661ab88b565a,
	keepAlive=true,
	redirectCount=0,
	timeoutsHolder=null,
	inAuth=0,
	touch=1655783264961}
10:47:50.826 [AsyncHttpClient-1-8] DEBUG org.asynchttpclient.netty.channel.ChannelManager - Closing Channel [id: 0xddf83eeb, L:/127.0.0.1:57915 ! R:localhost/127.0.0.1:57908] 
10:47:50.826 [Driver Command Executor] DEBUG org.asynchttpclient.netty.request.NettyRequestSender - Using pooled Channel '[id: 0x7b838621, L:/127.0.0.1:57907 - R:localhost/127.0.0.1:59265]' for 'DELETE' to 'http://localhost:59265/session/c20b594767bf496197e6bdc7b58a6541'
10:47:50.827 [Driver Command Executor] DEBUG org.asynchttpclient.netty.request.NettyRequestSender - Using open Channel [id: 0x7b838621, L:/127.0.0.1:57907 - R:localhost/127.0.0.1:59265] for DELETE '/session/c20b594767bf496197e6bdc7b58a6541'
10:47:50.854 [AsyncHttpClient-1-7] DEBUG org.asynchttpclient.netty.handler.HttpHandler - Unexpected I/O exception on channel [id: 0xc8df956c, L:/127.0.0.1:57914 - R:localhost/127.0.0.1:57908]
java.net.SocketException: Connection reset
	at java.base/sun.nio.ch.SocketChannelImpl.throwConnectionReset(SocketChannelImpl.java:367)
	at java.base/sun.nio.ch.SocketChannelImpl.read(SocketChannelImpl.java:398)
	at io.netty.buffer.PooledByteBuf.setBytes(PooledByteBuf.java:258)
	at io.netty.buffer.AbstractByteBuf.writeBytes(AbstractByteBuf.java:1132)
	at io.netty.channel.socket.nio.NioSocketChannel.doReadBytes(NioSocketChannel.java:350)
	at io.netty.channel.nio.AbstractNioByteChannel$NioByteUnsafe.read(AbstractNioByteChannel.java:151)
	at io.netty.channel.nio.NioEventLoop.processSelectedKey(NioEventLoop.java:722)
	at io.netty.channel.nio.NioEventLoop.processSelectedKeysOptimized(NioEventLoop.java:658)
	at io.netty.channel.nio.NioEventLoop.processSelectedKeys(NioEventLoop.java:584)
	at io.netty.channel.nio.NioEventLoop.run(NioEventLoop.java:496)
	at io.netty.util.concurrent.SingleThreadEventExecutor$4.run(SingleThreadEventExecutor.java:986)
	at io.netty.util.internal.ThreadExecutorMap$2.run(ThreadExecutorMap.java:74)
	at io.netty.util.concurrent.FastThreadLocalRunnable.run(FastThreadLocalRunnable.java:30)
	at java.base/java.lang.Thread.run(Thread.java:832)
10:47:50.854 [AsyncHttpClient-1-7] DEBUG org.asynchttpclient.netty.channel.ChannelManager - Closing Channel [id: 0xc8df956c, L:/127.0.0.1:57914 - R:localhost/127.0.0.1:57908] 
10:47:50.855 [AsyncHttpClient-1-7] DEBUG org.asynchttpclient.netty.handler.HttpHandler - Channel Closed: [id: 0xc8df956c, L:/127.0.0.1:57914 ! R:localhost/127.0.0.1:57908] with attribute DISCARD
10:47:50.873 [AsyncHttpClient-1-6] DEBUG org.asynchttpclient.netty.handler.HttpHandler - 

Request DefaultFullHttpRequest(decodeResult: success, version: HTTP/1.1, content: EmptyByteBufBE)
DELETE /session/c20b594767bf496197e6bdc7b58a6541 HTTP/1.1
User-Agent: selenium/4.1.2 (java windows)
Content-Type: application/json; charset=utf-8
host: localhost:59265
accept: */*

Response DefaultHttpResponse(decodeResult: success, version: HTTP/1.1)
HTTP/1.1 200 OK
Content-Type: application/json; charset=utf-8
cache-control: no-cache
content-length: 14

10:47:50.873 [AsyncHttpClient-1-6] DEBUG org.asynchttpclient.netty.channel.ChannelManager - Adding key: http://localhost:59265 for channel [id: 0x7b838621, L:/127.0.0.1:57907 - R:localhost/127.0.0.1:59265]
10:47:51.009 [AsyncHttpClient-1-6] DEBUG org.asynchttpclient.netty.handler.HttpHandler - Channel Closed: [id: 0x7b838621, L:/127.0.0.1:57907 ! R:localhost/127.0.0.1:59265] with attribute DISCARD
]]></system-out>
    <system-err><![CDATA[Starting ChromeDriver 102.0.5005.61 (0e59bcc00cc4985ce39ad31c150065f159d95ad3-refs/branch-heads/5005@{#819}) on port 59265
Only local connections are allowed.
Please see https://chromedriver.chromium.org/security-considerations for suggestions on keeping ChromeDriver safe.
ChromeDriver was started successfully.
Jun 21, 2022 10:47:44 AM org.openqa.selenium.remote.ProtocolHandshake createSession
INFO: Detected dialect: W3C
Jun 21, 2022 10:47:44 AM org.openqa.selenium.devtools.CdpVersionFinder findNearestMatch
WARNING: Unable to find an exact match for CDP version 102, so returning the closest version found: a no-op implementation
Jun 21, 2022 10:47:44 AM org.openqa.selenium.devtools.CdpVersionFinder findNearestMatch
INFO: Unable to find CDP implementation matching 102.
Jun 21, 2022 10:47:44 AM org.openqa.selenium.chromium.ChromiumDriver lambda$new$3
WARNING: Unable to find version of CDP to use for . You may need to include a dependency on a specific version of the CDP using something similar to `org.seleniumhq.selenium:selenium-devtools-v86:4.1.2` where the version ("v86") matches the version of the chromium-based browser you're using and the version number of the artifact is the same as Selenium's.
]]></system-err>
  </testcase>
  <testcase name="Search Doctor Based on Doctor Department" classname="Doctor" time="9.579">
    <system-out><![CDATA[
@Doctor
Scenario: Search Doctor Based on Doctor Department &amp#27;[90m# src/test/resources/features/3.Doctor.feature:62&amp#27;[0m
10:47:51.535 [main] INFO io.cucumber.core.plugin.SerenityReporter - Running feature from file:///E:/My%20Documents/File%20Difa/TI%20Semester%206%20Kampus%20Merdeka%20Alterra/Tugas/CAPSTONE%20Project/Capstone-Project-Website/src/test/resources/features/3.Doctor.feature
10:47:51.537 [main] INFO  - 
  _____   ___   ___   _____     ___   _____     _     ___   _____   ___   ___  
 |_   _| | __| / __| |_   _|   / __| |_   _|   /_\   | _ \ |_   _| | __| |   \ 
   | |   | _|  \__ \   | |     \__ \   | |    / _ \  |   /   | |   | _|  | |) |
   |_|   |___| |___/   |_|     |___/   |_|   /_/ \_\ |_|_\   |_|   |___| |___/ 

Search Doctor Based on Doctor Department(doctor;search-doctor-based-on-doctor-department)
--------------------------------------------------------------------------------
10:47:51.562 [main] DEBUG net.thucydides.core.steps.StepInterceptor - STARTING STEP: PatientSteps.iAmAtTheDashboardPage - openUrl
10:47:51.564 [main] INFO net.serenitybdd.core.webdriver.driverproviders.ChromeDriverProvider - Using automatically driver download
10:47:51.826 [main] DEBUG io.github.bonigarcia.wdm.cache.ResolutionCache - Resolution chrome=102 in cache (valid until 11:37:46 21/06/2022 ICT)
10:47:51.873 [main] DEBUG io.github.bonigarcia.wdm.cache.ResolutionCache - Resolution chrome102=102.0.5005.61 in cache (valid until 09:22:16 22/06/2022 ICT)
10:47:51.876 [main] INFO io.github.bonigarcia.wdm.WebDriverManager - Using chromedriver 102.0.5005.61 (resolved driver for Chrome 102)
10:47:51.880 [AsyncHttpClient-1-1] DEBUG org.asynchttpclient.netty.channel.DefaultChannelPool - Entry count for : http://localhost:57908 : 1
10:47:51.880 [AsyncHttpClient-1-1] DEBUG org.asynchttpclient.netty.channel.DefaultChannelPool - Entry count for : http://localhost:59265 : 1
10:47:51.880 [AsyncHttpClient-1-1] DEBUG org.asynchttpclient.netty.channel.DefaultChannelPool - Adding Candidate expired Channel [id: 0xc8df956c, L:/127.0.0.1:57914 ! R:localhost/127.0.0.1:57908] isIdleTimeoutExpired=false isRemotelyClosed=true isTtlExpired=false
10:47:51.880 [AsyncHttpClient-1-1] DEBUG org.asynchttpclient.netty.channel.DefaultChannelPool - Closing Idle Channel [id: 0xc8df956c, L:/127.0.0.1:57914 ! R:localhost/127.0.0.1:57908]
10:47:51.880 [AsyncHttpClient-1-1] DEBUG org.asynchttpclient.netty.channel.DefaultChannelPool - Adding Candidate expired Channel [id: 0x7b838621, L:/127.0.0.1:57907 ! R:localhost/127.0.0.1:59265] isIdleTimeoutExpired=false isRemotelyClosed=true isTtlExpired=false
10:47:51.880 [AsyncHttpClient-1-1] DEBUG org.asynchttpclient.netty.channel.DefaultChannelPool - Closing Idle Channel [id: 0x7b838621, L:/127.0.0.1:57907 ! R:localhost/127.0.0.1:59265]
10:47:51.880 [AsyncHttpClient-1-1] DEBUG org.asynchttpclient.netty.channel.DefaultChannelPool - Closed 2 connections out of 2 in 0 ms
10:47:51.917 [main] DEBUG io.github.bonigarcia.wdm.WebDriverManager - Driver chromedriver 102.0.5005.61 found in cache
10:47:51.920 [main] INFO io.github.bonigarcia.wdm.WebDriverManager - Exporting webdriver.chrome.driver as C:\Users\USER\.cache\selenium\chromedriver\win32\102.0.5005.61\chromedriver.exe
10:47:52.244 [main] DEBUG net.serenitybdd.core.webdriver.driverproviders.ProvideNewDriver - Instantiating driver
10:47:52.244 [main] DEBUG net.serenitybdd.core.webdriver.driverproviders.ProvideNewDriver - Driver capabilities: Capabilities {acceptInsecureCerts: false, base.url: https://hospital-management..., browserName: chrome, chrome.driver: src/test/resources/webdrive..., driver: chrome, goog:chromeOptions: {args: [], extensions: []}}
10:47:52.792 [AsyncHttpClient-1-9] DEBUG org.asynchttpclient.netty.channel.NettyConnectListener - Using new Channel '[id: 0xebd64f64, L:/127.0.0.1:57935 - R:localhost/127.0.0.1:55805]' for 'POST' to '/session'
10:47:54.173 [AsyncHttpClient-1-9] DEBUG org.asynchttpclient.netty.handler.HttpHandler - 

Request DefaultHttpRequest(decodeResult: success, version: HTTP/1.1)
POST /session HTTP/1.1
User-Agent: selenium/4.1.2 (java windows)
Content-Length: 621
Content-Type: application/json; charset=utf-8
host: localhost:55805
accept: */*

Response DefaultHttpResponse(decodeResult: success, version: HTTP/1.1)
HTTP/1.1 200 OK
Content-Type: application/json; charset=utf-8
cache-control: no-cache
content-length: 789

10:47:54.174 [AsyncHttpClient-1-9] DEBUG org.asynchttpclient.netty.channel.ChannelManager - Adding key: http://localhost:55805 for channel [id: 0xebd64f64, L:/127.0.0.1:57935 - R:localhost/127.0.0.1:55805]
10:47:54.181 [AsyncHttpClient-1-2] DEBUG org.asynchttpclient.netty.channel.NettyConnectListener - Using new Channel '[id: 0xb7f66f9b, L:/127.0.0.1:57942 - R:localhost/127.0.0.1:57936]' for 'GET' to '/json/version'
10:47:54.189 [AsyncHttpClient-1-2] DEBUG org.asynchttpclient.netty.handler.HttpHandler - 

Request DefaultFullHttpRequest(decodeResult: success, version: HTTP/1.1, content: EmptyByteBufBE)
GET /json/version HTTP/1.1
User-Agent: selenium/4.1.2 (java windows)
host: localhost:57936
accept: */*

Response DefaultHttpResponse(decodeResult: success, version: HTTP/1.1)
HTTP/1.1 200 OK
Content-Type: application/json; charset=UTF-8
content-length: 427

10:47:54.190 [AsyncHttpClient-1-2] DEBUG org.asynchttpclient.netty.channel.ChannelManager - Adding key: http://localhost:57936 for channel [id: 0xb7f66f9b, L:/127.0.0.1:57942 - R:localhost/127.0.0.1:57936]
10:47:54.197 [AsyncHttpClient-1-3] DEBUG org.asynchttpclient.netty.channel.NettyConnectListener - Using new Channel '[id: 0xff945086, L:/127.0.0.1:57943 - R:localhost/127.0.0.1:57936]' for 'GET' to '/devtools/browser/90e8f46b-62c0-4189-bb58-ec50e2e297b3'
10:47:54.199 [AsyncHttpClient-1-3] DEBUG org.asynchttpclient.netty.handler.WebSocketHandler - 

Request DefaultFullHttpRequest(decodeResult: success, version: HTTP/1.1, content: EmptyByteBufBE)
GET /devtools/browser/90e8f46b-62c0-4189-bb58-ec50e2e297b3 HTTP/1.1
upgrade: websocket
connection: upgrade
sec-websocket-key: gaIK/DBY8f/D7AeZVqnSYw==
sec-websocket-version: 13
origin: http://localhost:57936
host: localhost:57936
accept: */*
user-agent: AHC/2.1

Response DefaultHttpResponse(decodeResult: success, version: HTTP/1.1)
HTTP/1.1 101 WebSocket Protocol Handshake
Upgrade: WebSocket
Connection: Upgrade
Sec-WebSocket-Accept: 4+7vNomxWNsjH4Fzdh6mWFGxrOA=

10:47:54.204 [Forwarding maximizeCurrentWindow on session 30725116d72ea4b78aac8fc567d87cac to remote] DEBUG org.asynchttpclient.netty.request.NettyRequestSender - Using pooled Channel '[id: 0xebd64f64, L:/127.0.0.1:57935 - R:localhost/127.0.0.1:55805]' for 'POST' to 'http://localhost:55805/session/30725116d72ea4b78aac8fc567d87cac/window/maximize'
10:47:54.204 [Forwarding maximizeCurrentWindow on session 30725116d72ea4b78aac8fc567d87cac to remote] DEBUG org.asynchttpclient.netty.request.NettyRequestSender - Using open Channel [id: 0xebd64f64, L:/127.0.0.1:57935 - R:localhost/127.0.0.1:55805] for POST '/session/30725116d72ea4b78aac8fc567d87cac/window/maximize'
10:47:54.327 [AsyncHttpClient-1-9] DEBUG org.asynchttpclient.netty.handler.HttpHandler - 

Request DefaultHttpRequest(decodeResult: success, version: HTTP/1.1)
POST /session/30725116d72ea4b78aac8fc567d87cac/window/maximize HTTP/1.1
User-Agent: selenium/4.1.2 (java windows)
Content-Length: 3
Content-Type: application/json; charset=utf-8
host: localhost:55805
accept: */*

Response DefaultHttpResponse(decodeResult: success, version: HTTP/1.1)
HTTP/1.1 200 OK
Content-Type: application/json; charset=utf-8
cache-control: no-cache
content-length: 51

10:47:54.327 [AsyncHttpClient-1-9] DEBUG org.asynchttpclient.netty.channel.ChannelManager - Adding key: http://localhost:55805 for channel [id: 0xebd64f64, L:/127.0.0.1:57935 - R:localhost/127.0.0.1:55805]
10:47:54.330 [Forwarding get on session 30725116d72ea4b78aac8fc567d87cac to remote] DEBUG org.asynchttpclient.netty.request.NettyRequestSender - Using pooled Channel '[id: 0xebd64f64, L:/127.0.0.1:57935 - R:localhost/127.0.0.1:55805]' for 'POST' to 'http://localhost:55805/session/30725116d72ea4b78aac8fc567d87cac/url'
10:47:54.330 [Forwarding get on session 30725116d72ea4b78aac8fc567d87cac to remote] DEBUG org.asynchttpclient.netty.request.NettyRequestSender - Using open Channel [id: 0xebd64f64, L:/127.0.0.1:57935 - R:localhost/127.0.0.1:55805] for POST '/session/30725116d72ea4b78aac8fc567d87cac/url'
10:47:55.164 [AsyncHttpClient-1-1] DEBUG org.asynchttpclient.netty.channel.DefaultChannelPool - Entry count for : http://localhost:57936 : 1
10:47:56.265 [AsyncHttpClient-1-1] DEBUG org.asynchttpclient.netty.channel.DefaultChannelPool - Entry count for : http://localhost:57936 : 1
10:47:56.898 [AsyncHttpClient-1-9] DEBUG org.asynchttpclient.netty.handler.HttpHandler - 

Request DefaultHttpRequest(decodeResult: success, version: HTTP/1.1)
POST /session/30725116d72ea4b78aac8fc567d87cac/url HTTP/1.1
User-Agent: selenium/4.1.2 (java windows)
Content-Length: 65
Content-Type: application/json; charset=utf-8
host: localhost:55805
accept: */*

Response DefaultHttpResponse(decodeResult: success, version: HTTP/1.1)
HTTP/1.1 200 OK
Content-Type: application/json; charset=utf-8
cache-control: no-cache
content-length: 14

10:47:56.899 [AsyncHttpClient-1-9] DEBUG org.asynchttpclient.netty.channel.ChannelManager - Adding key: http://localhost:55805 for channel [id: 0xebd64f64, L:/127.0.0.1:57935 - R:localhost/127.0.0.1:55805]
10:47:56.901 [Forwarding setTimeout on session 30725116d72ea4b78aac8fc567d87cac to remote] DEBUG org.asynchttpclient.netty.request.NettyRequestSender - Using pooled Channel '[id: 0xebd64f64, L:/127.0.0.1:57935 - R:localhost/127.0.0.1:55805]' for 'POST' to 'http://localhost:55805/session/30725116d72ea4b78aac8fc567d87cac/timeouts'
10:47:56.901 [Forwarding setTimeout on session 30725116d72ea4b78aac8fc567d87cac to remote] DEBUG org.asynchttpclient.netty.request.NettyRequestSender - Using open Channel [id: 0xebd64f64, L:/127.0.0.1:57935 - R:localhost/127.0.0.1:55805] for POST '/session/30725116d72ea4b78aac8fc567d87cac/timeouts'
10:47:56.904 [AsyncHttpClient-1-9] DEBUG org.asynchttpclient.netty.handler.HttpHandler - 

Request DefaultHttpRequest(decodeResult: success, version: HTTP/1.1)
POST /session/30725116d72ea4b78aac8fc567d87cac/timeouts HTTP/1.1
User-Agent: selenium/4.1.2 (java windows)
Content-Length: 22
Content-Type: application/json; charset=utf-8
host: localhost:55805
accept: */*

Response DefaultHttpResponse(decodeResult: success, version: HTTP/1.1)
HTTP/1.1 200 OK
Content-Type: application/json; charset=utf-8
cache-control: no-cache
content-length: 14

10:47:56.904 [AsyncHttpClient-1-9] DEBUG org.asynchttpclient.netty.channel.ChannelManager - Adding key: http://localhost:55805 for channel [id: 0xebd64f64, L:/127.0.0.1:57935 - R:localhost/127.0.0.1:55805]
10:47:56.910 [Forwarding getCurrentUrl on session 30725116d72ea4b78aac8fc567d87cac to remote] DEBUG org.asynchttpclient.netty.request.NettyRequestSender - Using pooled Channel '[id: 0xebd64f64, L:/127.0.0.1:57935 - R:localhost/127.0.0.1:55805]' for 'GET' to 'http://localhost:55805/session/30725116d72ea4b78aac8fc567d87cac/url'
10:47:56.910 [Forwarding getCurrentUrl on session 30725116d72ea4b78aac8fc567d87cac to remote] DEBUG org.asynchttpclient.netty.request.NettyRequestSender - Using open Channel [id: 0xebd64f64, L:/127.0.0.1:57935 - R:localhost/127.0.0.1:55805] for GET '/session/30725116d72ea4b78aac8fc567d87cac/url'
10:47:56.917 [AsyncHttpClient-1-9] DEBUG org.asynchttpclient.netty.handler.HttpHandler - 

Request DefaultFullHttpRequest(decodeResult: success, version: HTTP/1.1, content: EmptyByteBufBE)
GET /session/30725116d72ea4b78aac8fc567d87cac/url HTTP/1.1
User-Agent: selenium/4.1.2 (java windows)
Cache-Control: no-cache
Content-Type: application/json; charset=utf-8
host: localhost:55805
accept: */*

Response DefaultHttpResponse(decodeResult: success, version: HTTP/1.1)
HTTP/1.1 200 OK
Content-Type: application/json; charset=utf-8
cache-control: no-cache
content-length: 53

10:47:56.917 [AsyncHttpClient-1-9] DEBUG org.asynchttpclient.netty.channel.ChannelManager - Adding key: http://localhost:55805 for channel [id: 0xebd64f64, L:/127.0.0.1:57935 - R:localhost/127.0.0.1:55805]
10:47:56.923 [Forwarding getCurrentUrl on session 30725116d72ea4b78aac8fc567d87cac to remote] DEBUG org.asynchttpclient.netty.request.NettyRequestSender - Using pooled Channel '[id: 0xebd64f64, L:/127.0.0.1:57935 - R:localhost/127.0.0.1:55805]' for 'GET' to 'http://localhost:55805/session/30725116d72ea4b78aac8fc567d87cac/url'
10:47:56.924 [Forwarding getCurrentUrl on session 30725116d72ea4b78aac8fc567d87cac to remote] DEBUG org.asynchttpclient.netty.request.NettyRequestSender - Using open Channel [id: 0xebd64f64, L:/127.0.0.1:57935 - R:localhost/127.0.0.1:55805] for GET '/session/30725116d72ea4b78aac8fc567d87cac/url'
10:47:56.929 [AsyncHttpClient-1-9] DEBUG org.asynchttpclient.netty.handler.HttpHandler - 

Request DefaultFullHttpRequest(decodeResult: success, version: HTTP/1.1, content: EmptyByteBufBE)
GET /session/30725116d72ea4b78aac8fc567d87cac/url HTTP/1.1
User-Agent: selenium/4.1.2 (java windows)
Cache-Control: no-cache
Content-Type: application/json; charset=utf-8
host: localhost:55805
accept: */*

Response DefaultHttpResponse(decodeResult: success, version: HTTP/1.1)
HTTP/1.1 200 OK
Content-Type: application/json; charset=utf-8
cache-control: no-cache
content-length: 53

10:47:56.929 [AsyncHttpClient-1-9] DEBUG org.asynchttpclient.netty.channel.ChannelManager - Adding key: http://localhost:55805 for channel [id: 0xebd64f64, L:/127.0.0.1:57935 - R:localhost/127.0.0.1:55805]
10:47:56.938 [Forwarding screenshot on session 30725116d72ea4b78aac8fc567d87cac to remote] DEBUG org.asynchttpclient.netty.request.NettyRequestSender - Using pooled Channel '[id: 0xebd64f64, L:/127.0.0.1:57935 - R:localhost/127.0.0.1:55805]' for 'GET' to 'http://localhost:55805/session/30725116d72ea4b78aac8fc567d87cac/screenshot'
10:47:56.938 [Forwarding screenshot on session 30725116d72ea4b78aac8fc567d87cac to remote] DEBUG org.asynchttpclient.netty.request.NettyRequestSender - Using open Channel [id: 0xebd64f64, L:/127.0.0.1:57935 - R:localhost/127.0.0.1:55805] for GET '/session/30725116d72ea4b78aac8fc567d87cac/screenshot'
10:47:57.261 [AsyncHttpClient-1-9] DEBUG org.asynchttpclient.netty.handler.HttpHandler - 

Request DefaultFullHttpRequest(decodeResult: success, version: HTTP/1.1, content: EmptyByteBufBE)
GET /session/30725116d72ea4b78aac8fc567d87cac/screenshot HTTP/1.1
User-Agent: selenium/4.1.2 (java windows)
Cache-Control: no-cache
Content-Type: application/json; charset=utf-8
host: localhost:55805
accept: */*

Response DefaultHttpResponse(decodeResult: success, version: HTTP/1.1)
HTTP/1.1 200 OK
Content-Type: application/json; charset=utf-8
cache-control: no-cache
content-length: 382596

10:47:57.264 [AsyncHttpClient-1-9] DEBUG org.asynchttpclient.netty.channel.ChannelManager - Adding key: http://localhost:55805 for channel [id: 0xebd64f64, L:/127.0.0.1:57935 - R:localhost/127.0.0.1:55805]
10:47:57.294 [main] DEBUG net.serenitybdd.core.photography.Darkroom - Send negative for processing for target\site\serenity\ed15a54c91c342d96a850276df7b559f4526b370fc93040e3c407a48a170f368.png
10:47:57.294 [main] DEBUG net.thucydides.core.steps.StepInterceptor - STEP DONE: openUrl
10:47:57.304 [main] DEBUG net.thucydides.core.steps.StepInterceptor - STARTING STEP: PatientSteps.iAmAtTheDashboardPage - validateOnDashboardPage
10:47:57.307 [Forwarding findElement on session 30725116d72ea4b78aac8fc567d87cac to remote] DEBUG org.asynchttpclient.netty.request.NettyRequestSender - Using pooled Channel '[id: 0xebd64f64, L:/127.0.0.1:57935 - R:localhost/127.0.0.1:55805]' for 'POST' to 'http://localhost:55805/session/30725116d72ea4b78aac8fc567d87cac/element'
10:47:57.307 [Forwarding findElement on session 30725116d72ea4b78aac8fc567d87cac to remote] DEBUG org.asynchttpclient.netty.request.NettyRequestSender - Using open Channel [id: 0xebd64f64, L:/127.0.0.1:57935 - R:localhost/127.0.0.1:55805] for POST '/session/30725116d72ea4b78aac8fc567d87cac/element'
10:47:57.330 [AsyncHttpClient-1-9] DEBUG org.asynchttpclient.netty.handler.HttpHandler - 

Request DefaultHttpRequest(decodeResult: success, version: HTTP/1.1)
POST /session/30725116d72ea4b78aac8fc567d87cac/element HTTP/1.1
User-Agent: selenium/4.1.2 (java windows)
Content-Length: 81
Content-Type: application/json; charset=utf-8
host: localhost:55805
accept: */*

Response DefaultHttpResponse(decodeResult: success, version: HTTP/1.1)
HTTP/1.1 200 OK
Content-Type: application/json; charset=utf-8
cache-control: no-cache
content-length: 88

10:47:57.330 [AsyncHttpClient-1-9] DEBUG org.asynchttpclient.netty.channel.ChannelManager - Adding key: http://localhost:55805 for channel [id: 0xebd64f64, L:/127.0.0.1:57935 - R:localhost/127.0.0.1:55805]
10:47:57.335 [Forwarding isElementDisplayed on session 30725116d72ea4b78aac8fc567d87cac to remote] DEBUG org.asynchttpclient.netty.request.NettyRequestSender - Using pooled Channel '[id: 0xebd64f64, L:/127.0.0.1:57935 - R:localhost/127.0.0.1:55805]' for 'POST' to 'http://localhost:55805/session/30725116d72ea4b78aac8fc567d87cac/execute/sync'
10:47:57.335 [Forwarding isElementDisplayed on session 30725116d72ea4b78aac8fc567d87cac to remote] DEBUG org.asynchttpclient.netty.request.NettyRequestSender - Using open Channel [id: 0xebd64f64, L:/127.0.0.1:57935 - R:localhost/127.0.0.1:55805] for POST '/session/30725116d72ea4b78aac8fc567d87cac/execute/sync'
10:47:57.360 [AsyncHttpClient-1-9] DEBUG org.asynchttpclient.netty.handler.HttpHandler - 

Request DefaultHttpRequest(decodeResult: success, version: HTTP/1.1)
POST /session/30725116d72ea4b78aac8fc567d87cac/execute/sync HTTP/1.1
User-Agent: selenium/4.1.2 (java windows)
Content-Length: 48780
Content-Type: application/json; charset=utf-8
host: localhost:55805
accept: */*

Response DefaultHttpResponse(decodeResult: success, version: HTTP/1.1)
HTTP/1.1 200 OK
Content-Type: application/json; charset=utf-8
cache-control: no-cache
content-length: 14

10:47:57.360 [AsyncHttpClient-1-9] DEBUG org.asynchttpclient.netty.channel.ChannelManager - Adding key: http://localhost:55805 for channel [id: 0xebd64f64, L:/127.0.0.1:57935 - R:localhost/127.0.0.1:55805]
10:47:57.365 [AsyncHttpClient-1-1] DEBUG org.asynchttpclient.netty.channel.DefaultChannelPool - Entry count for : http://localhost:55805 : 1
10:47:57.365 [AsyncHttpClient-1-1] DEBUG org.asynchttpclient.netty.channel.DefaultChannelPool - Entry count for : http://localhost:57936 : 1
10:47:57.368 [Forwarding screenshot on session 30725116d72ea4b78aac8fc567d87cac to remote] DEBUG org.asynchttpclient.netty.request.NettyRequestSender - Using pooled Channel '[id: 0xebd64f64, L:/127.0.0.1:57935 - R:localhost/127.0.0.1:55805]' for 'GET' to 'http://localhost:55805/session/30725116d72ea4b78aac8fc567d87cac/screenshot'
10:47:57.368 [Forwarding screenshot on session 30725116d72ea4b78aac8fc567d87cac to remote] DEBUG org.asynchttpclient.netty.request.NettyRequestSender - Using open Channel [id: 0xebd64f64, L:/127.0.0.1:57935 - R:localhost/127.0.0.1:55805] for GET '/session/30725116d72ea4b78aac8fc567d87cac/screenshot'
10:47:57.709 [AsyncHttpClient-1-9] DEBUG org.asynchttpclient.netty.handler.HttpHandler - 

Request DefaultFullHttpRequest(decodeResult: success, version: HTTP/1.1, content: EmptyByteBufBE)
GET /session/30725116d72ea4b78aac8fc567d87cac/screenshot HTTP/1.1
User-Agent: selenium/4.1.2 (java windows)
Cache-Control: no-cache
Content-Type: application/json; charset=utf-8
host: localhost:55805
accept: */*

Response DefaultHttpResponse(decodeResult: success, version: HTTP/1.1)
HTTP/1.1 200 OK
Content-Type: application/json; charset=utf-8
cache-control: no-cache
content-length: 382596

10:47:57.711 [AsyncHttpClient-1-9] DEBUG org.asynchttpclient.netty.channel.ChannelManager - Adding key: http://localhost:55805 for channel [id: 0xebd64f64, L:/127.0.0.1:57935 - R:localhost/127.0.0.1:55805]
10:47:57.755 [main] DEBUG net.serenitybdd.core.photography.Darkroom - Send negative for processing for target\site\serenity\ed15a54c91c342d96a850276df7b559f4526b370fc93040e3c407a48a170f368.png
10:47:57.755 [main] DEBUG net.thucydides.core.steps.StepInterceptor - STEP DONE: validateOnDashboardPage
  &amp#27;[32mGiven &amp#27;[0m&amp#27;[32mI am at the dashboard page&amp#27;[0m                 &amp#27;[90m# starter.stepdefinitions.PatientSteps.iAmAtTheDashboardPage()&amp#27;[0m
10:47:57.805 [Forwarding screenshot on session 30725116d72ea4b78aac8fc567d87cac to remote] DEBUG org.asynchttpclient.netty.request.NettyRequestSender - Using pooled Channel '[id: 0xebd64f64, L:/127.0.0.1:57935 - R:localhost/127.0.0.1:55805]' for 'GET' to 'http://localhost:55805/session/30725116d72ea4b78aac8fc567d87cac/screenshot'
10:47:57.805 [Forwarding screenshot on session 30725116d72ea4b78aac8fc567d87cac to remote] DEBUG org.asynchttpclient.netty.request.NettyRequestSender - Using open Channel [id: 0xebd64f64, L:/127.0.0.1:57935 - R:localhost/127.0.0.1:55805] for GET '/session/30725116d72ea4b78aac8fc567d87cac/screenshot'
10:47:58.131 [AsyncHttpClient-1-9] DEBUG org.asynchttpclient.netty.handler.HttpHandler - 

Request DefaultFullHttpRequest(decodeResult: success, version: HTTP/1.1, content: EmptyByteBufBE)
GET /session/30725116d72ea4b78aac8fc567d87cac/screenshot HTTP/1.1
User-Agent: selenium/4.1.2 (java windows)
Cache-Control: no-cache
Content-Type: application/json; charset=utf-8
host: localhost:55805
accept: */*

Response DefaultHttpResponse(decodeResult: success, version: HTTP/1.1)
HTTP/1.1 200 OK
Content-Type: application/json; charset=utf-8
cache-control: no-cache
content-length: 351816

10:47:58.134 [AsyncHttpClient-1-9] DEBUG org.asynchttpclient.netty.channel.ChannelManager - Adding key: http://localhost:55805 for channel [id: 0xebd64f64, L:/127.0.0.1:57935 - R:localhost/127.0.0.1:55805]
10:47:58.171 [main] DEBUG net.serenitybdd.core.photography.Darkroom - Send negative for processing for target\site\serenity\20277f1d76f1b925628464fcd1ece5de77a814679d1be3fdcf836a7ddadfed60.png
10:47:58.171 [main] DEBUG net.thucydides.core.steps.StepInterceptor - STARTING STEP: DoctorSteps.iClickMenuDoctor - clickMenuDoctorButton
10:47:58.176 [Forwarding findElement on session 30725116d72ea4b78aac8fc567d87cac to remote] DEBUG org.asynchttpclient.netty.request.NettyRequestSender - Using pooled Channel '[id: 0xebd64f64, L:/127.0.0.1:57935 - R:localhost/127.0.0.1:55805]' for 'POST' to 'http://localhost:55805/session/30725116d72ea4b78aac8fc567d87cac/element'
10:47:58.176 [Forwarding findElement on session 30725116d72ea4b78aac8fc567d87cac to remote] DEBUG org.asynchttpclient.netty.request.NettyRequestSender - Using open Channel [id: 0xebd64f64, L:/127.0.0.1:57935 - R:localhost/127.0.0.1:55805] for POST '/session/30725116d72ea4b78aac8fc567d87cac/element'
10:47:58.197 [AsyncHttpClient-1-9] DEBUG org.asynchttpclient.netty.handler.HttpHandler - 

Request DefaultHttpRequest(decodeResult: success, version: HTTP/1.1)
POST /session/30725116d72ea4b78aac8fc567d87cac/element HTTP/1.1
User-Agent: selenium/4.1.2 (java windows)
Content-Length: 79
Content-Type: application/json; charset=utf-8
host: localhost:55805
accept: */*

Response DefaultHttpResponse(decodeResult: success, version: HTTP/1.1)
HTTP/1.1 200 OK
Content-Type: application/json; charset=utf-8
cache-control: no-cache
content-length: 88

10:47:58.197 [AsyncHttpClient-1-9] DEBUG org.asynchttpclient.netty.channel.ChannelManager - Adding key: http://localhost:55805 for channel [id: 0xebd64f64, L:/127.0.0.1:57935 - R:localhost/127.0.0.1:55805]
10:47:58.199 [Forwarding getElementTagName on session 30725116d72ea4b78aac8fc567d87cac to remote] DEBUG org.asynchttpclient.netty.request.NettyRequestSender - Using pooled Channel '[id: 0xebd64f64, L:/127.0.0.1:57935 - R:localhost/127.0.0.1:55805]' for 'GET' to 'http://localhost:55805/session/30725116d72ea4b78aac8fc567d87cac/element/9eae94e3-b818-48c4-a1f0-276b900fc771/name'
10:47:58.199 [Forwarding getElementTagName on session 30725116d72ea4b78aac8fc567d87cac to remote] DEBUG org.asynchttpclient.netty.request.NettyRequestSender - Using open Channel [id: 0xebd64f64, L:/127.0.0.1:57935 - R:localhost/127.0.0.1:55805] for GET '/session/30725116d72ea4b78aac8fc567d87cac/element/9eae94e3-b818-48c4-a1f0-276b900fc771/name'
10:47:58.205 [AsyncHttpClient-1-9] DEBUG org.asynchttpclient.netty.handler.HttpHandler - 

Request DefaultFullHttpRequest(decodeResult: success, version: HTTP/1.1, content: EmptyByteBufBE)
GET /session/30725116d72ea4b78aac8fc567d87cac/element/9eae94e3-b818-48c4-a1f0-276b900fc771/name HTTP/1.1
User-Agent: selenium/4.1.2 (java windows)
Cache-Control: no-cache
Content-Type: application/json; charset=utf-8
host: localhost:55805
accept: */*

Response DefaultHttpResponse(decodeResult: success, version: HTTP/1.1)
HTTP/1.1 200 OK
Content-Type: application/json; charset=utf-8
cache-control: no-cache
content-length: 15

10:47:58.205 [AsyncHttpClient-1-9] DEBUG org.asynchttpclient.netty.channel.ChannelManager - Adding key: http://localhost:55805 for channel [id: 0xebd64f64, L:/127.0.0.1:57935 - R:localhost/127.0.0.1:55805]
10:47:58.207 [Forwarding getElementTagName on session 30725116d72ea4b78aac8fc567d87cac to remote] DEBUG org.asynchttpclient.netty.request.NettyRequestSender - Using pooled Channel '[id: 0xebd64f64, L:/127.0.0.1:57935 - R:localhost/127.0.0.1:55805]' for 'GET' to 'http://localhost:55805/session/30725116d72ea4b78aac8fc567d87cac/element/9eae94e3-b818-48c4-a1f0-276b900fc771/name'
10:47:58.207 [Forwarding getElementTagName on session 30725116d72ea4b78aac8fc567d87cac to remote] DEBUG org.asynchttpclient.netty.request.NettyRequestSender - Using open Channel [id: 0xebd64f64, L:/127.0.0.1:57935 - R:localhost/127.0.0.1:55805] for GET '/session/30725116d72ea4b78aac8fc567d87cac/element/9eae94e3-b818-48c4-a1f0-276b900fc771/name'
10:47:58.211 [AsyncHttpClient-1-9] DEBUG org.asynchttpclient.netty.handler.HttpHandler - 

Request DefaultFullHttpRequest(decodeResult: success, version: HTTP/1.1, content: EmptyByteBufBE)
GET /session/30725116d72ea4b78aac8fc567d87cac/element/9eae94e3-b818-48c4-a1f0-276b900fc771/name HTTP/1.1
User-Agent: selenium/4.1.2 (java windows)
Cache-Control: no-cache
Content-Type: application/json; charset=utf-8
host: localhost:55805
accept: */*

Response DefaultHttpResponse(decodeResult: success, version: HTTP/1.1)
HTTP/1.1 200 OK
Content-Type: application/json; charset=utf-8
cache-control: no-cache
content-length: 15

10:47:58.212 [AsyncHttpClient-1-9] DEBUG org.asynchttpclient.netty.channel.ChannelManager - Adding key: http://localhost:55805 for channel [id: 0xebd64f64, L:/127.0.0.1:57935 - R:localhost/127.0.0.1:55805]
10:47:58.214 [Forwarding findElement on session 30725116d72ea4b78aac8fc567d87cac to remote] DEBUG org.asynchttpclient.netty.request.NettyRequestSender - Using pooled Channel '[id: 0xebd64f64, L:/127.0.0.1:57935 - R:localhost/127.0.0.1:55805]' for 'POST' to 'http://localhost:55805/session/30725116d72ea4b78aac8fc567d87cac/element'
10:47:58.214 [Forwarding findElement on session 30725116d72ea4b78aac8fc567d87cac to remote] DEBUG org.asynchttpclient.netty.request.NettyRequestSender - Using open Channel [id: 0xebd64f64, L:/127.0.0.1:57935 - R:localhost/127.0.0.1:55805] for POST '/session/30725116d72ea4b78aac8fc567d87cac/element'
10:47:58.225 [AsyncHttpClient-1-9] DEBUG org.asynchttpclient.netty.handler.HttpHandler - 

Request DefaultHttpRequest(decodeResult: success, version: HTTP/1.1)
POST /session/30725116d72ea4b78aac8fc567d87cac/element HTTP/1.1
User-Agent: selenium/4.1.2 (java windows)
Content-Length: 79
Content-Type: application/json; charset=utf-8
host: localhost:55805
accept: */*

Response DefaultHttpResponse(decodeResult: success, version: HTTP/1.1)
HTTP/1.1 200 OK
Content-Type: application/json; charset=utf-8
cache-control: no-cache
content-length: 88

10:47:58.225 [AsyncHttpClient-1-9] DEBUG org.asynchttpclient.netty.channel.ChannelManager - Adding key: http://localhost:55805 for channel [id: 0xebd64f64, L:/127.0.0.1:57935 - R:localhost/127.0.0.1:55805]
10:47:58.226 [Forwarding clickElement on session 30725116d72ea4b78aac8fc567d87cac to remote] DEBUG org.asynchttpclient.netty.request.NettyRequestSender - Using pooled Channel '[id: 0xebd64f64, L:/127.0.0.1:57935 - R:localhost/127.0.0.1:55805]' for 'POST' to 'http://localhost:55805/session/30725116d72ea4b78aac8fc567d87cac/element/9eae94e3-b818-48c4-a1f0-276b900fc771/click'
10:47:58.226 [Forwarding clickElement on session 30725116d72ea4b78aac8fc567d87cac to remote] DEBUG org.asynchttpclient.netty.request.NettyRequestSender - Using open Channel [id: 0xebd64f64, L:/127.0.0.1:57935 - R:localhost/127.0.0.1:55805] for POST '/session/30725116d72ea4b78aac8fc567d87cac/element/9eae94e3-b818-48c4-a1f0-276b900fc771/click'
10:47:58.454 [AsyncHttpClient-1-9] DEBUG org.asynchttpclient.netty.handler.HttpHandler - 

Request DefaultHttpRequest(decodeResult: success, version: HTTP/1.1)
POST /session/30725116d72ea4b78aac8fc567d87cac/element/9eae94e3-b818-48c4-a1f0-276b900fc771/click HTTP/1.1
User-Agent: selenium/4.1.2 (java windows)
Content-Length: 50
Content-Type: application/json; charset=utf-8
host: localhost:55805
accept: */*

Response DefaultHttpResponse(decodeResult: success, version: HTTP/1.1)
HTTP/1.1 200 OK
Content-Type: application/json; charset=utf-8
cache-control: no-cache
content-length: 14

10:47:58.454 [AsyncHttpClient-1-9] DEBUG org.asynchttpclient.netty.channel.ChannelManager - Adding key: http://localhost:55805 for channel [id: 0xebd64f64, L:/127.0.0.1:57935 - R:localhost/127.0.0.1:55805]
10:47:58.464 [AsyncHttpClient-1-1] DEBUG org.asynchttpclient.netty.channel.DefaultChannelPool - Entry count for : http://localhost:55805 : 1
10:47:58.464 [AsyncHttpClient-1-1] DEBUG org.asynchttpclient.netty.channel.DefaultChannelPool - Entry count for : http://localhost:57936 : 1
10:47:58.466 [Forwarding screenshot on session 30725116d72ea4b78aac8fc567d87cac to remote] DEBUG org.asynchttpclient.netty.request.NettyRequestSender - Using pooled Channel '[id: 0xebd64f64, L:/127.0.0.1:57935 - R:localhost/127.0.0.1:55805]' for 'GET' to 'http://localhost:55805/session/30725116d72ea4b78aac8fc567d87cac/screenshot'
10:47:58.466 [Forwarding screenshot on session 30725116d72ea4b78aac8fc567d87cac to remote] DEBUG org.asynchttpclient.netty.request.NettyRequestSender - Using open Channel [id: 0xebd64f64, L:/127.0.0.1:57935 - R:localhost/127.0.0.1:55805] for GET '/session/30725116d72ea4b78aac8fc567d87cac/screenshot'
10:47:58.609 [AsyncHttpClient-1-9] DEBUG org.asynchttpclient.netty.handler.HttpHandler - 

Request DefaultFullHttpRequest(decodeResult: success, version: HTTP/1.1, content: EmptyByteBufBE)
GET /session/30725116d72ea4b78aac8fc567d87cac/screenshot HTTP/1.1
User-Agent: selenium/4.1.2 (java windows)
Cache-Control: no-cache
Content-Type: application/json; charset=utf-8
host: localhost:55805
accept: */*

Response DefaultHttpResponse(decodeResult: success, version: HTTP/1.1)
HTTP/1.1 200 OK
Content-Type: application/json; charset=utf-8
cache-control: no-cache
content-length: 56192

10:47:58.609 [AsyncHttpClient-1-9] DEBUG org.asynchttpclient.netty.channel.ChannelManager - Adding key: http://localhost:55805 for channel [id: 0xebd64f64, L:/127.0.0.1:57935 - R:localhost/127.0.0.1:55805]
10:47:58.613 [main] DEBUG net.serenitybdd.core.photography.Darkroom - Send negative for processing for target\site\serenity\d631e005c1ab8c2ae9496eb0000819a309562887f5f0fc5c3b73065dfab87bed.png
10:47:58.613 [main] DEBUG net.thucydides.core.steps.StepInterceptor - STEP DONE: clickMenuDoctorButton
  &amp#27;[32mAnd &amp#27;[0m&amp#27;[32mI click menu doctor&amp#27;[0m                          &amp#27;[90m# starter.stepdefinitions.DoctorSteps.iClickMenuDoctor()&amp#27;[0m
10:47:58.635 [Forwarding findElement on session 30725116d72ea4b78aac8fc567d87cac to remote] DEBUG org.asynchttpclient.netty.request.NettyRequestSender - Using pooled Channel '[id: 0xebd64f64, L:/127.0.0.1:57935 - R:localhost/127.0.0.1:55805]' for 'POST' to 'http://localhost:55805/session/30725116d72ea4b78aac8fc567d87cac/element'
10:47:58.635 [Forwarding findElement on session 30725116d72ea4b78aac8fc567d87cac to remote] DEBUG org.asynchttpclient.netty.request.NettyRequestSender - Using open Channel [id: 0xebd64f64, L:/127.0.0.1:57935 - R:localhost/127.0.0.1:55805] for POST '/session/30725116d72ea4b78aac8fc567d87cac/element'
10:47:58.656 [AsyncHttpClient-1-9] DEBUG org.asynchttpclient.netty.handler.HttpHandler - 

Request DefaultHttpRequest(decodeResult: success, version: HTTP/1.1)
POST /session/30725116d72ea4b78aac8fc567d87cac/element HTTP/1.1
User-Agent: selenium/4.1.2 (java windows)
Content-Length: 160
Content-Type: application/json; charset=utf-8
host: localhost:55805
accept: */*

Response DefaultHttpResponse(decodeResult: success, version: HTTP/1.1)
HTTP/1.1 200 OK
Content-Type: application/json; charset=utf-8
cache-control: no-cache
content-length: 88

10:47:58.656 [AsyncHttpClient-1-9] DEBUG org.asynchttpclient.netty.channel.ChannelManager - Adding key: http://localhost:55805 for channel [id: 0xebd64f64, L:/127.0.0.1:57935 - R:localhost/127.0.0.1:55805]
10:47:58.657 [Forwarding clearElement on session 30725116d72ea4b78aac8fc567d87cac to remote] DEBUG org.asynchttpclient.netty.request.NettyRequestSender - Using pooled Channel '[id: 0xebd64f64, L:/127.0.0.1:57935 - R:localhost/127.0.0.1:55805]' for 'POST' to 'http://localhost:55805/session/30725116d72ea4b78aac8fc567d87cac/element/11fd0f31-9d86-4363-ad91-cd4dc3e2804e/clear'
10:47:58.657 [Forwarding clearElement on session 30725116d72ea4b78aac8fc567d87cac to remote] DEBUG org.asynchttpclient.netty.request.NettyRequestSender - Using open Channel [id: 0xebd64f64, L:/127.0.0.1:57935 - R:localhost/127.0.0.1:55805] for POST '/session/30725116d72ea4b78aac8fc567d87cac/element/11fd0f31-9d86-4363-ad91-cd4dc3e2804e/clear'
10:47:58.714 [AsyncHttpClient-1-9] DEBUG org.asynchttpclient.netty.handler.HttpHandler - 

Request DefaultHttpRequest(decodeResult: success, version: HTTP/1.1)
POST /session/30725116d72ea4b78aac8fc567d87cac/element/11fd0f31-9d86-4363-ad91-cd4dc3e2804e/clear HTTP/1.1
User-Agent: selenium/4.1.2 (java windows)
Content-Length: 50
Content-Type: application/json; charset=utf-8
host: localhost:55805
accept: */*

Response DefaultHttpResponse(decodeResult: success, version: HTTP/1.1)
HTTP/1.1 200 OK
Content-Type: application/json; charset=utf-8
cache-control: no-cache
content-length: 14

10:47:58.714 [AsyncHttpClient-1-9] DEBUG org.asynchttpclient.netty.channel.ChannelManager - Adding key: http://localhost:55805 for channel [id: 0xebd64f64, L:/127.0.0.1:57935 - R:localhost/127.0.0.1:55805]
10:47:58.716 [Forwarding sendKeysToElement on session 30725116d72ea4b78aac8fc567d87cac to remote] DEBUG org.asynchttpclient.netty.request.NettyRequestSender - Using pooled Channel '[id: 0xebd64f64, L:/127.0.0.1:57935 - R:localhost/127.0.0.1:55805]' for 'POST' to 'http://localhost:55805/session/30725116d72ea4b78aac8fc567d87cac/element/11fd0f31-9d86-4363-ad91-cd4dc3e2804e/value'
10:47:58.717 [Forwarding sendKeysToElement on session 30725116d72ea4b78aac8fc567d87cac to remote] DEBUG org.asynchttpclient.netty.request.NettyRequestSender - Using open Channel [id: 0xebd64f64, L:/127.0.0.1:57935 - R:localhost/127.0.0.1:55805] for POST '/session/30725116d72ea4b78aac8fc567d87cac/element/11fd0f31-9d86-4363-ad91-cd4dc3e2804e/value'
10:47:59.142 [AsyncHttpClient-1-9] DEBUG org.asynchttpclient.netty.handler.HttpHandler - 

Request DefaultHttpRequest(decodeResult: success, version: HTTP/1.1)
POST /session/30725116d72ea4b78aac8fc567d87cac/element/11fd0f31-9d86-4363-ad91-cd4dc3e2804e/value HTTP/1.1
User-Agent: selenium/4.1.2 (java windows)
Content-Length: 171
Content-Type: application/json; charset=utf-8
host: localhost:55805
accept: */*

Response DefaultHttpResponse(decodeResult: success, version: HTTP/1.1)
HTTP/1.1 200 OK
Content-Type: application/json; charset=utf-8
cache-control: no-cache
content-length: 14

10:47:59.142 [AsyncHttpClient-1-9] DEBUG org.asynchttpclient.netty.channel.ChannelManager - Adding key: http://localhost:55805 for channel [id: 0xebd64f64, L:/127.0.0.1:57935 - R:localhost/127.0.0.1:55805]
10:47:59.159 [Forwarding screenshot on session 30725116d72ea4b78aac8fc567d87cac to remote] DEBUG org.asynchttpclient.netty.request.NettyRequestSender - Using pooled Channel '[id: 0xebd64f64, L:/127.0.0.1:57935 - R:localhost/127.0.0.1:55805]' for 'GET' to 'http://localhost:55805/session/30725116d72ea4b78aac8fc567d87cac/screenshot'
10:47:59.159 [Forwarding screenshot on session 30725116d72ea4b78aac8fc567d87cac to remote] DEBUG org.asynchttpclient.netty.request.NettyRequestSender - Using open Channel [id: 0xebd64f64, L:/127.0.0.1:57935 - R:localhost/127.0.0.1:55805] for GET '/session/30725116d72ea4b78aac8fc567d87cac/screenshot'
10:47:59.321 [AsyncHttpClient-1-9] DEBUG org.asynchttpclient.netty.handler.HttpHandler - 

Request DefaultFullHttpRequest(decodeResult: success, version: HTTP/1.1, content: EmptyByteBufBE)
GET /session/30725116d72ea4b78aac8fc567d87cac/screenshot HTTP/1.1
User-Agent: selenium/4.1.2 (java windows)
Cache-Control: no-cache
Content-Type: application/json; charset=utf-8
host: localhost:55805
accept: */*

Response DefaultHttpResponse(decodeResult: success, version: HTTP/1.1)
HTTP/1.1 200 OK
Content-Type: application/json; charset=utf-8
cache-control: no-cache
content-length: 56692

10:47:59.321 [AsyncHttpClient-1-9] DEBUG org.asynchttpclient.netty.channel.ChannelManager - Adding key: http://localhost:55805 for channel [id: 0xebd64f64, L:/127.0.0.1:57935 - R:localhost/127.0.0.1:55805]
10:47:59.325 [main] DEBUG net.serenitybdd.core.photography.Darkroom - Send negative for processing for target\site\serenity\160e996e409798991f170d2857bbaf9ac67564970e1bd871270ab786af503e0f.png
10:47:59.326 [main] DEBUG net.thucydides.core.steps.StepInterceptor - STARTING STEP: DoctorSteps.iInputDoctorDepartmentAndClickSearch - clickSearchButton
10:47:59.326 [Darkroom Processing Line] DEBUG net.serenitybdd.core.photography.DarkroomProcessingLine - Processing screenshot image in /var/screenshots/screenshot-13181311407870460642
10:47:59.326 [Darkroom Processing Line] DEBUG net.serenitybdd.core.photography.DarkroomProcessingLine - Saving screenshot to target\site\serenity\160e996e409798991f170d2857bbaf9ac67564970e1bd871270ab786af503e0f.png
10:47:59.332 [Forwarding findElement on session 30725116d72ea4b78aac8fc567d87cac to remote] DEBUG org.asynchttpclient.netty.request.NettyRequestSender - Using pooled Channel '[id: 0xebd64f64, L:/127.0.0.1:57935 - R:localhost/127.0.0.1:55805]' for 'POST' to 'http://localhost:55805/session/30725116d72ea4b78aac8fc567d87cac/element'
10:47:59.332 [Forwarding findElement on session 30725116d72ea4b78aac8fc567d87cac to remote] DEBUG org.asynchttpclient.netty.request.NettyRequestSender - Using open Channel [id: 0xebd64f64, L:/127.0.0.1:57935 - R:localhost/127.0.0.1:55805] for POST '/session/30725116d72ea4b78aac8fc567d87cac/element'
10:47:59.405 [AsyncHttpClient-1-9] DEBUG org.asynchttpclient.netty.handler.HttpHandler - 

Request DefaultHttpRequest(decodeResult: success, version: HTTP/1.1)
POST /session/30725116d72ea4b78aac8fc567d87cac/element HTTP/1.1
User-Agent: selenium/4.1.2 (java windows)
Content-Length: 161
Content-Type: application/json; charset=utf-8
host: localhost:55805
accept: */*

Response DefaultHttpResponse(decodeResult: success, version: HTTP/1.1)
HTTP/1.1 200 OK
Content-Type: application/json; charset=utf-8
cache-control: no-cache
content-length: 88

10:47:59.405 [AsyncHttpClient-1-9] DEBUG org.asynchttpclient.netty.channel.ChannelManager - Adding key: http://localhost:55805 for channel [id: 0xebd64f64, L:/127.0.0.1:57935 - R:localhost/127.0.0.1:55805]
10:47:59.406 [Forwarding getElementTagName on session 30725116d72ea4b78aac8fc567d87cac to remote] DEBUG org.asynchttpclient.netty.request.NettyRequestSender - Using pooled Channel '[id: 0xebd64f64, L:/127.0.0.1:57935 - R:localhost/127.0.0.1:55805]' for 'GET' to 'http://localhost:55805/session/30725116d72ea4b78aac8fc567d87cac/element/a80e5ca4-cca0-48f9-abde-f65ec2c72545/name'
10:47:59.406 [Forwarding getElementTagName on session 30725116d72ea4b78aac8fc567d87cac to remote] DEBUG org.asynchttpclient.netty.request.NettyRequestSender - Using open Channel [id: 0xebd64f64, L:/127.0.0.1:57935 - R:localhost/127.0.0.1:55805] for GET '/session/30725116d72ea4b78aac8fc567d87cac/element/a80e5ca4-cca0-48f9-abde-f65ec2c72545/name'
10:47:59.411 [AsyncHttpClient-1-9] DEBUG org.asynchttpclient.netty.handler.HttpHandler - 

Request DefaultFullHttpRequest(decodeResult: success, version: HTTP/1.1, content: EmptyByteBufBE)
GET /session/30725116d72ea4b78aac8fc567d87cac/element/a80e5ca4-cca0-48f9-abde-f65ec2c72545/name HTTP/1.1
User-Agent: selenium/4.1.2 (java windows)
Cache-Control: no-cache
Content-Type: application/json; charset=utf-8
host: localhost:55805
accept: */*

Response DefaultHttpResponse(decodeResult: success, version: HTTP/1.1)
HTTP/1.1 200 OK
Content-Type: application/json; charset=utf-8
cache-control: no-cache
content-length: 18

10:47:59.411 [AsyncHttpClient-1-9] DEBUG org.asynchttpclient.netty.channel.ChannelManager - Adding key: http://localhost:55805 for channel [id: 0xebd64f64, L:/127.0.0.1:57935 - R:localhost/127.0.0.1:55805]
10:47:59.412 [Forwarding getElementTagName on session 30725116d72ea4b78aac8fc567d87cac to remote] DEBUG org.asynchttpclient.netty.request.NettyRequestSender - Using pooled Channel '[id: 0xebd64f64, L:/127.0.0.1:57935 - R:localhost/127.0.0.1:55805]' for 'GET' to 'http://localhost:55805/session/30725116d72ea4b78aac8fc567d87cac/element/a80e5ca4-cca0-48f9-abde-f65ec2c72545/name'
10:47:59.412 [Forwarding getElementTagName on session 30725116d72ea4b78aac8fc567d87cac to remote] DEBUG org.asynchttpclient.netty.request.NettyRequestSender - Using open Channel [id: 0xebd64f64, L:/127.0.0.1:57935 - R:localhost/127.0.0.1:55805] for GET '/session/30725116d72ea4b78aac8fc567d87cac/element/a80e5ca4-cca0-48f9-abde-f65ec2c72545/name'
10:47:59.415 [AsyncHttpClient-1-9] DEBUG org.asynchttpclient.netty.handler.HttpHandler - 

Request DefaultFullHttpRequest(decodeResult: success, version: HTTP/1.1, content: EmptyByteBufBE)
GET /session/30725116d72ea4b78aac8fc567d87cac/element/a80e5ca4-cca0-48f9-abde-f65ec2c72545/name HTTP/1.1
User-Agent: selenium/4.1.2 (java windows)
Cache-Control: no-cache
Content-Type: application/json; charset=utf-8
host: localhost:55805
accept: */*

Response DefaultHttpResponse(decodeResult: success, version: HTTP/1.1)
HTTP/1.1 200 OK
Content-Type: application/json; charset=utf-8
cache-control: no-cache
content-length: 18

10:47:59.415 [AsyncHttpClient-1-9] DEBUG org.asynchttpclient.netty.channel.ChannelManager - Adding key: http://localhost:55805 for channel [id: 0xebd64f64, L:/127.0.0.1:57935 - R:localhost/127.0.0.1:55805]
10:47:59.417 [Forwarding isElementEnabled on session 30725116d72ea4b78aac8fc567d87cac to remote] DEBUG org.asynchttpclient.netty.request.NettyRequestSender - Using pooled Channel '[id: 0xebd64f64, L:/127.0.0.1:57935 - R:localhost/127.0.0.1:55805]' for 'GET' to 'http://localhost:55805/session/30725116d72ea4b78aac8fc567d87cac/element/a80e5ca4-cca0-48f9-abde-f65ec2c72545/enabled'
10:47:59.417 [Forwarding isElementEnabled on session 30725116d72ea4b78aac8fc567d87cac to remote] DEBUG org.asynchttpclient.netty.request.NettyRequestSender - Using open Channel [id: 0xebd64f64, L:/127.0.0.1:57935 - R:localhost/127.0.0.1:55805] for GET '/session/30725116d72ea4b78aac8fc567d87cac/element/a80e5ca4-cca0-48f9-abde-f65ec2c72545/enabled'
10:47:59.428 [AsyncHttpClient-1-9] DEBUG org.asynchttpclient.netty.handler.HttpHandler - 

Request DefaultFullHttpRequest(decodeResult: success, version: HTTP/1.1, content: EmptyByteBufBE)
GET /session/30725116d72ea4b78aac8fc567d87cac/element/a80e5ca4-cca0-48f9-abde-f65ec2c72545/enabled HTTP/1.1
User-Agent: selenium/4.1.2 (java windows)
Cache-Control: no-cache
Content-Type: application/json; charset=utf-8
host: localhost:55805
accept: */*

Response DefaultHttpResponse(decodeResult: success, version: HTTP/1.1)
HTTP/1.1 200 OK
Content-Type: application/json; charset=utf-8
cache-control: no-cache
content-length: 14

10:47:59.428 [AsyncHttpClient-1-9] DEBUG org.asynchttpclient.netty.channel.ChannelManager - Adding key: http://localhost:55805 for channel [id: 0xebd64f64, L:/127.0.0.1:57935 - R:localhost/127.0.0.1:55805]
10:47:59.429 [Forwarding isElementEnabled on session 30725116d72ea4b78aac8fc567d87cac to remote] DEBUG org.asynchttpclient.netty.request.NettyRequestSender - Using pooled Channel '[id: 0xebd64f64, L:/127.0.0.1:57935 - R:localhost/127.0.0.1:55805]' for 'GET' to 'http://localhost:55805/session/30725116d72ea4b78aac8fc567d87cac/element/a80e5ca4-cca0-48f9-abde-f65ec2c72545/enabled'
10:47:59.429 [Forwarding isElementEnabled on session 30725116d72ea4b78aac8fc567d87cac to remote] DEBUG org.asynchttpclient.netty.request.NettyRequestSender - Using open Channel [id: 0xebd64f64, L:/127.0.0.1:57935 - R:localhost/127.0.0.1:55805] for GET '/session/30725116d72ea4b78aac8fc567d87cac/element/a80e5ca4-cca0-48f9-abde-f65ec2c72545/enabled'
10:47:59.435 [AsyncHttpClient-1-9] DEBUG org.asynchttpclient.netty.handler.HttpHandler - 

Request DefaultFullHttpRequest(decodeResult: success, version: HTTP/1.1, content: EmptyByteBufBE)
GET /session/30725116d72ea4b78aac8fc567d87cac/element/a80e5ca4-cca0-48f9-abde-f65ec2c72545/enabled HTTP/1.1
User-Agent: selenium/4.1.2 (java windows)
Cache-Control: no-cache
Content-Type: application/json; charset=utf-8
host: localhost:55805
accept: */*

Response DefaultHttpResponse(decodeResult: success, version: HTTP/1.1)
HTTP/1.1 200 OK
Content-Type: application/json; charset=utf-8
cache-control: no-cache
content-length: 14

10:47:59.435 [AsyncHttpClient-1-9] DEBUG org.asynchttpclient.netty.channel.ChannelManager - Adding key: http://localhost:55805 for channel [id: 0xebd64f64, L:/127.0.0.1:57935 - R:localhost/127.0.0.1:55805]
10:47:59.437 [Forwarding findElement on session 30725116d72ea4b78aac8fc567d87cac to remote] DEBUG org.asynchttpclient.netty.request.NettyRequestSender - Using pooled Channel '[id: 0xebd64f64, L:/127.0.0.1:57935 - R:localhost/127.0.0.1:55805]' for 'POST' to 'http://localhost:55805/session/30725116d72ea4b78aac8fc567d87cac/element'
10:47:59.437 [Forwarding findElement on session 30725116d72ea4b78aac8fc567d87cac to remote] DEBUG org.asynchttpclient.netty.request.NettyRequestSender - Using open Channel [id: 0xebd64f64, L:/127.0.0.1:57935 - R:localhost/127.0.0.1:55805] for POST '/session/30725116d72ea4b78aac8fc567d87cac/element'
10:47:59.444 [AsyncHttpClient-1-9] DEBUG org.asynchttpclient.netty.handler.HttpHandler - 

Request DefaultHttpRequest(decodeResult: success, version: HTTP/1.1)
POST /session/30725116d72ea4b78aac8fc567d87cac/element HTTP/1.1
User-Agent: selenium/4.1.2 (java windows)
Content-Length: 161
Content-Type: application/json; charset=utf-8
host: localhost:55805
accept: */*

Response DefaultHttpResponse(decodeResult: success, version: HTTP/1.1)
HTTP/1.1 200 OK
Content-Type: application/json; charset=utf-8
cache-control: no-cache
content-length: 88

10:47:59.445 [AsyncHttpClient-1-9] DEBUG org.asynchttpclient.netty.channel.ChannelManager - Adding key: http://localhost:55805 for channel [id: 0xebd64f64, L:/127.0.0.1:57935 - R:localhost/127.0.0.1:55805]
10:47:59.445 [Forwarding clickElement on session 30725116d72ea4b78aac8fc567d87cac to remote] DEBUG org.asynchttpclient.netty.request.NettyRequestSender - Using pooled Channel '[id: 0xebd64f64, L:/127.0.0.1:57935 - R:localhost/127.0.0.1:55805]' for 'POST' to 'http://localhost:55805/session/30725116d72ea4b78aac8fc567d87cac/element/a80e5ca4-cca0-48f9-abde-f65ec2c72545/click'
10:47:59.445 [Forwarding clickElement on session 30725116d72ea4b78aac8fc567d87cac to remote] DEBUG org.asynchttpclient.netty.request.NettyRequestSender - Using open Channel [id: 0xebd64f64, L:/127.0.0.1:57935 - R:localhost/127.0.0.1:55805] for POST '/session/30725116d72ea4b78aac8fc567d87cac/element/a80e5ca4-cca0-48f9-abde-f65ec2c72545/click'
10:47:59.526 [AsyncHttpClient-1-9] DEBUG org.asynchttpclient.netty.handler.HttpHandler - 

Request DefaultHttpRequest(decodeResult: success, version: HTTP/1.1)
POST /session/30725116d72ea4b78aac8fc567d87cac/element/a80e5ca4-cca0-48f9-abde-f65ec2c72545/click HTTP/1.1
User-Agent: selenium/4.1.2 (java windows)
Content-Length: 50
Content-Type: application/json; charset=utf-8
host: localhost:55805
accept: */*

Response DefaultHttpResponse(decodeResult: success, version: HTTP/1.1)
HTTP/1.1 200 OK
Content-Type: application/json; charset=utf-8
cache-control: no-cache
content-length: 14

10:47:59.526 [AsyncHttpClient-1-9] DEBUG org.asynchttpclient.netty.channel.ChannelManager - Adding key: http://localhost:55805 for channel [id: 0xebd64f64, L:/127.0.0.1:57935 - R:localhost/127.0.0.1:55805]
10:47:59.536 [Forwarding screenshot on session 30725116d72ea4b78aac8fc567d87cac to remote] DEBUG org.asynchttpclient.netty.request.NettyRequestSender - Using pooled Channel '[id: 0xebd64f64, L:/127.0.0.1:57935 - R:localhost/127.0.0.1:55805]' for 'GET' to 'http://localhost:55805/session/30725116d72ea4b78aac8fc567d87cac/screenshot'
10:47:59.536 [Forwarding screenshot on session 30725116d72ea4b78aac8fc567d87cac to remote] DEBUG org.asynchttpclient.netty.request.NettyRequestSender - Using open Channel [id: 0xebd64f64, L:/127.0.0.1:57935 - R:localhost/127.0.0.1:55805] for GET '/session/30725116d72ea4b78aac8fc567d87cac/screenshot'
10:47:59.563 [AsyncHttpClient-1-1] DEBUG org.asynchttpclient.netty.channel.DefaultChannelPool - Entry count for : http://localhost:57936 : 1
10:47:59.657 [AsyncHttpClient-1-9] DEBUG org.asynchttpclient.netty.handler.HttpHandler - 

Request DefaultFullHttpRequest(decodeResult: success, version: HTTP/1.1, content: EmptyByteBufBE)
GET /session/30725116d72ea4b78aac8fc567d87cac/screenshot HTTP/1.1
User-Agent: selenium/4.1.2 (java windows)
Cache-Control: no-cache
Content-Type: application/json; charset=utf-8
host: localhost:55805
accept: */*

Response DefaultHttpResponse(decodeResult: success, version: HTTP/1.1)
HTTP/1.1 200 OK
Content-Type: application/json; charset=utf-8
cache-control: no-cache
content-length: 67596

10:47:59.657 [AsyncHttpClient-1-9] DEBUG org.asynchttpclient.netty.channel.ChannelManager - Adding key: http://localhost:55805 for channel [id: 0xebd64f64, L:/127.0.0.1:57935 - R:localhost/127.0.0.1:55805]
10:47:59.661 [main] DEBUG net.serenitybdd.core.photography.Darkroom - Send negative for processing for target\site\serenity\0eb827c4a772dac4d8bc02001f9949eb575e6ecd92d964abbae5e45a06d0c576.png
10:47:59.661 [main] DEBUG net.thucydides.core.steps.StepInterceptor - STEP DONE: clickSearchButton
  &amp#27;[32mWhen &amp#27;[0m&amp#27;[32mI input doctor department and click search&amp#27;[0m  &amp#27;[90m# starter.stepdefinitions.DoctorSteps.iInputDoctorDepartmentAndClickSearch()&amp#27;[0m
10:47:59.662 [Darkroom Processing Line] DEBUG net.serenitybdd.core.photography.DarkroomProcessingLine - Processing screenshot image in /var/screenshots/screenshot-681081448489926847
10:47:59.662 [Darkroom Processing Line] DEBUG net.serenitybdd.core.photography.DarkroomProcessingLine - Saving screenshot to target\site\serenity\0eb827c4a772dac4d8bc02001f9949eb575e6ecd92d964abbae5e45a06d0c576.png
10:47:59.672 [Forwarding findElement on session 30725116d72ea4b78aac8fc567d87cac to remote] DEBUG org.asynchttpclient.netty.request.NettyRequestSender - Using pooled Channel '[id: 0xebd64f64, L:/127.0.0.1:57935 - R:localhost/127.0.0.1:55805]' for 'POST' to 'http://localhost:55805/session/30725116d72ea4b78aac8fc567d87cac/element'
10:47:59.672 [Forwarding findElement on session 30725116d72ea4b78aac8fc567d87cac to remote] DEBUG org.asynchttpclient.netty.request.NettyRequestSender - Using open Channel [id: 0xebd64f64, L:/127.0.0.1:57935 - R:localhost/127.0.0.1:55805] for POST '/session/30725116d72ea4b78aac8fc567d87cac/element'
10:48:00.241 [AsyncHttpClient-1-9] DEBUG org.asynchttpclient.netty.handler.HttpHandler - 

Request DefaultHttpRequest(decodeResult: success, version: HTTP/1.1)
POST /session/30725116d72ea4b78aac8fc567d87cac/element HTTP/1.1
User-Agent: selenium/4.1.2 (java windows)
Content-Length: 81
Content-Type: application/json; charset=utf-8
host: localhost:55805
accept: */*

Response DefaultHttpResponse(decodeResult: success, version: HTTP/1.1)
HTTP/1.1 200 OK
Content-Type: application/json; charset=utf-8
cache-control: no-cache
content-length: 88

10:48:00.241 [AsyncHttpClient-1-9] DEBUG org.asynchttpclient.netty.channel.ChannelManager - Adding key: http://localhost:55805 for channel [id: 0xebd64f64, L:/127.0.0.1:57935 - R:localhost/127.0.0.1:55805]
10:48:00.245 [Forwarding isElementDisplayed on session 30725116d72ea4b78aac8fc567d87cac to remote] DEBUG org.asynchttpclient.netty.request.NettyRequestSender - Using pooled Channel '[id: 0xebd64f64, L:/127.0.0.1:57935 - R:localhost/127.0.0.1:55805]' for 'POST' to 'http://localhost:55805/session/30725116d72ea4b78aac8fc567d87cac/execute/sync'
10:48:00.246 [Forwarding isElementDisplayed on session 30725116d72ea4b78aac8fc567d87cac to remote] DEBUG org.asynchttpclient.netty.request.NettyRequestSender - Using open Channel [id: 0xebd64f64, L:/127.0.0.1:57935 - R:localhost/127.0.0.1:55805] for POST '/session/30725116d72ea4b78aac8fc567d87cac/execute/sync'
10:48:00.265 [AsyncHttpClient-1-9] DEBUG org.asynchttpclient.netty.handler.HttpHandler - 

Request DefaultHttpRequest(decodeResult: success, version: HTTP/1.1)
POST /session/30725116d72ea4b78aac8fc567d87cac/execute/sync HTTP/1.1
User-Agent: selenium/4.1.2 (java windows)
Content-Length: 48780
Content-Type: application/json; charset=utf-8
host: localhost:55805
accept: */*

Response DefaultHttpResponse(decodeResult: success, version: HTTP/1.1)
HTTP/1.1 200 OK
Content-Type: application/json; charset=utf-8
cache-control: no-cache
content-length: 14

10:48:00.265 [AsyncHttpClient-1-9] DEBUG org.asynchttpclient.netty.channel.ChannelManager - Adding key: http://localhost:55805 for channel [id: 0xebd64f64, L:/127.0.0.1:57935 - R:localhost/127.0.0.1:55805]
  &amp#27;[32mThen &amp#27;[0m&amp#27;[32mI validate search by doctor Department&amp#27;[0m      &amp#27;[90m# starter.stepdefinitions.DoctorSteps.iValidateSearchByDoctorDepartment()&amp#27;[0m
10:48:00.269 [Forwarding screenshot on session 30725116d72ea4b78aac8fc567d87cac to remote] DEBUG org.asynchttpclient.netty.request.NettyRequestSender - Using pooled Channel '[id: 0xebd64f64, L:/127.0.0.1:57935 - R:localhost/127.0.0.1:55805]' for 'GET' to 'http://localhost:55805/session/30725116d72ea4b78aac8fc567d87cac/screenshot'
10:48:00.270 [Forwarding screenshot on session 30725116d72ea4b78aac8fc567d87cac to remote] DEBUG org.asynchttpclient.netty.request.NettyRequestSender - Using open Channel [id: 0xebd64f64, L:/127.0.0.1:57935 - R:localhost/127.0.0.1:55805] for GET '/session/30725116d72ea4b78aac8fc567d87cac/screenshot'
10:48:00.380 [AsyncHttpClient-1-9] DEBUG org.asynchttpclient.netty.handler.HttpHandler - 

Request DefaultFullHttpRequest(decodeResult: success, version: HTTP/1.1, content: EmptyByteBufBE)
GET /session/30725116d72ea4b78aac8fc567d87cac/screenshot HTTP/1.1
User-Agent: selenium/4.1.2 (java windows)
Cache-Control: no-cache
Content-Type: application/json; charset=utf-8
host: localhost:55805
accept: */*

Response DefaultHttpResponse(decodeResult: success, version: HTTP/1.1)
HTTP/1.1 200 OK
Content-Type: application/json; charset=utf-8
cache-control: no-cache
content-length: 72924

10:48:00.381 [AsyncHttpClient-1-9] DEBUG org.asynchttpclient.netty.channel.ChannelManager - Adding key: http://localhost:55805 for channel [id: 0xebd64f64, L:/127.0.0.1:57935 - R:localhost/127.0.0.1:55805]
10:48:00.384 [main] DEBUG net.serenitybdd.core.photography.Darkroom - Send negative for processing for target\site\serenity\0bc1a69d2f0cf87b5a6a8a4ad1130607aff1da21fd593bfcb6527201c22d2ff5.png
10:48:00.385 [Darkroom Processing Line] DEBUG net.serenitybdd.core.photography.DarkroomProcessingLine - Processing screenshot image in /var/screenshots/screenshot-4036746392338096119
10:48:00.385 [Darkroom Processing Line] DEBUG net.serenitybdd.core.photography.DarkroomProcessingLine - Saving screenshot to target\site\serenity\0bc1a69d2f0cf87b5a6a8a4ad1130607aff1da21fd593bfcb6527201c22d2ff5.png
10:48:00.385 [main] INFO  - 
  _____   ___   ___   _____     ___     _     ___   ___   ___   ___  
 |_   _| | __| / __| |_   _|   | _ \   /_\   / __| / __| | __| |   \ 
   | |   | _|  \__ \   | |     |  _/  / _ \  \__ \ \__ \ | _|  | |) |
   |_|   |___| |___/   |_|     |_|   /_/ \_\ |___/ |___/ |___| |___/ 

Search Doctor Based on Doctor Department
----------------------------------------------------------------------
10:48:00.387 [AsyncHttpClient-1-3] DEBUG org.asynchttpclient.netty.handler.WebSocketHandler - Channel Closed: [id: 0xff945086, L:/127.0.0.1:57943 ! R:localhost/127.0.0.1:57936] with attribute NettyResponseFuture{currentRetry=5,
	isDone=1,
	isCancelled=0,
	asyncHandler=org.asynchttpclient.ws.WebSocketUpgradeHandler@38b9aab4,
	nettyRequest=org.asynchttpclient.netty.request.NettyRequest@5f59ba6e,
	future=java.util.concurrent.CompletableFuture@23397b8a[Completed normally],
	uri=ws://localhost:57936/devtools/browser/90e8f46b-62c0-4189-bb58-ec50e2e297b3,
	keepAlive=true,
	redirectCount=0,
	timeoutsHolder=null,
	inAuth=0,
	touch=1655783274200}
10:48:00.388 [AsyncHttpClient-1-3] DEBUG org.asynchttpclient.netty.channel.ChannelManager - Closing Channel [id: 0xff945086, L:/127.0.0.1:57943 ! R:localhost/127.0.0.1:57936] 
10:48:00.388 [Driver Command Executor] DEBUG org.asynchttpclient.netty.request.NettyRequestSender - Using pooled Channel '[id: 0xebd64f64, L:/127.0.0.1:57935 - R:localhost/127.0.0.1:55805]' for 'DELETE' to 'http://localhost:55805/session/30725116d72ea4b78aac8fc567d87cac'
10:48:00.388 [Driver Command Executor] DEBUG org.asynchttpclient.netty.request.NettyRequestSender - Using open Channel [id: 0xebd64f64, L:/127.0.0.1:57935 - R:localhost/127.0.0.1:55805] for DELETE '/session/30725116d72ea4b78aac8fc567d87cac'
10:48:00.422 [AsyncHttpClient-1-2] DEBUG org.asynchttpclient.netty.handler.HttpHandler - Unexpected I/O exception on channel [id: 0xb7f66f9b, L:/127.0.0.1:57942 - R:localhost/127.0.0.1:57936]
java.net.SocketException: Connection reset
	at java.base/sun.nio.ch.SocketChannelImpl.throwConnectionReset(SocketChannelImpl.java:367)
	at java.base/sun.nio.ch.SocketChannelImpl.read(SocketChannelImpl.java:398)
	at io.netty.buffer.PooledByteBuf.setBytes(PooledByteBuf.java:258)
	at io.netty.buffer.AbstractByteBuf.writeBytes(AbstractByteBuf.java:1132)
	at io.netty.channel.socket.nio.NioSocketChannel.doReadBytes(NioSocketChannel.java:350)
	at io.netty.channel.nio.AbstractNioByteChannel$NioByteUnsafe.read(AbstractNioByteChannel.java:151)
	at io.netty.channel.nio.NioEventLoop.processSelectedKey(NioEventLoop.java:722)
	at io.netty.channel.nio.NioEventLoop.processSelectedKeysOptimized(NioEventLoop.java:658)
	at io.netty.channel.nio.NioEventLoop.processSelectedKeys(NioEventLoop.java:584)
	at io.netty.channel.nio.NioEventLoop.run(NioEventLoop.java:496)
	at io.netty.util.concurrent.SingleThreadEventExecutor$4.run(SingleThreadEventExecutor.java:986)
	at io.netty.util.internal.ThreadExecutorMap$2.run(ThreadExecutorMap.java:74)
	at io.netty.util.concurrent.FastThreadLocalRunnable.run(FastThreadLocalRunnable.java:30)
	at java.base/java.lang.Thread.run(Thread.java:832)
10:48:00.422 [AsyncHttpClient-1-2] DEBUG org.asynchttpclient.netty.channel.ChannelManager - Closing Channel [id: 0xb7f66f9b, L:/127.0.0.1:57942 - R:localhost/127.0.0.1:57936] 
10:48:00.422 [AsyncHttpClient-1-2] DEBUG org.asynchttpclient.netty.handler.HttpHandler - Channel Closed: [id: 0xb7f66f9b, L:/127.0.0.1:57942 ! R:localhost/127.0.0.1:57936] with attribute DISCARD
10:48:00.446 [AsyncHttpClient-1-9] DEBUG org.asynchttpclient.netty.handler.HttpHandler - 

Request DefaultFullHttpRequest(decodeResult: success, version: HTTP/1.1, content: EmptyByteBufBE)
DELETE /session/30725116d72ea4b78aac8fc567d87cac HTTP/1.1
User-Agent: selenium/4.1.2 (java windows)
Content-Type: application/json; charset=utf-8
host: localhost:55805
accept: */*

Response DefaultHttpResponse(decodeResult: success, version: HTTP/1.1)
HTTP/1.1 200 OK
Content-Type: application/json; charset=utf-8
cache-control: no-cache
content-length: 14

10:48:00.446 [AsyncHttpClient-1-9] DEBUG org.asynchttpclient.netty.channel.ChannelManager - Adding key: http://localhost:55805 for channel [id: 0xebd64f64, L:/127.0.0.1:57935 - R:localhost/127.0.0.1:55805]
10:48:00.585 [AsyncHttpClient-1-9] DEBUG org.asynchttpclient.netty.handler.HttpHandler - Channel Closed: [id: 0xebd64f64, L:/127.0.0.1:57935 ! R:localhost/127.0.0.1:55805] with attribute DISCARD
10:48:00.665 [AsyncHttpClient-1-1] DEBUG org.asynchttpclient.netty.channel.DefaultChannelPool - Entry count for : http://localhost:55805 : 1
10:48:00.665 [AsyncHttpClient-1-1] DEBUG org.asynchttpclient.netty.channel.DefaultChannelPool - Entry count for : http://localhost:57936 : 1
10:48:00.665 [AsyncHttpClient-1-1] DEBUG org.asynchttpclient.netty.channel.DefaultChannelPool - Adding Candidate expired Channel [id: 0xebd64f64, L:/127.0.0.1:57935 ! R:localhost/127.0.0.1:55805] isIdleTimeoutExpired=false isRemotelyClosed=true isTtlExpired=false
10:48:00.665 [AsyncHttpClient-1-1] DEBUG org.asynchttpclient.netty.channel.DefaultChannelPool - Closing Idle Channel [id: 0xebd64f64, L:/127.0.0.1:57935 ! R:localhost/127.0.0.1:55805]
10:48:00.665 [AsyncHttpClient-1-1] DEBUG org.asynchttpclient.netty.channel.DefaultChannelPool - Adding Candidate expired Channel [id: 0xb7f66f9b, L:/127.0.0.1:57942 ! R:localhost/127.0.0.1:57936] isIdleTimeoutExpired=false isRemotelyClosed=true isTtlExpired=false
10:48:00.665 [AsyncHttpClient-1-1] DEBUG org.asynchttpclient.netty.channel.DefaultChannelPool - Closing Idle Channel [id: 0xb7f66f9b, L:/127.0.0.1:57942 ! R:localhost/127.0.0.1:57936]
10:48:00.665 [AsyncHttpClient-1-1] DEBUG org.asynchttpclient.netty.channel.DefaultChannelPool - Closed 2 connections out of 2 in 0 ms
]]></system-out>
    <system-err><![CDATA[Starting ChromeDriver 102.0.5005.61 (0e59bcc00cc4985ce39ad31c150065f159d95ad3-refs/branch-heads/5005@{#819}) on port 55805
Only local connections are allowed.
Please see https://chromedriver.chromium.org/security-considerations for suggestions on keeping ChromeDriver safe.
ChromeDriver was started successfully.
Jun 21, 2022 10:47:54 AM org.openqa.selenium.remote.ProtocolHandshake createSession
INFO: Detected dialect: W3C
Jun 21, 2022 10:47:54 AM org.openqa.selenium.devtools.CdpVersionFinder findNearestMatch
WARNING: Unable to find an exact match for CDP version 102, so returning the closest version found: a no-op implementation
Jun 21, 2022 10:47:54 AM org.openqa.selenium.devtools.CdpVersionFinder findNearestMatch
INFO: Unable to find CDP implementation matching 102.
Jun 21, 2022 10:47:54 AM org.openqa.selenium.chromium.ChromiumDriver lambda$new$3
WARNING: Unable to find version of CDP to use for . You may need to include a dependency on a specific version of the CDP using something similar to `org.seleniumhq.selenium:selenium-devtools-v86:4.1.2` where the version ("v86") matches the version of the chromium-based browser you're using and the version number of the artifact is the same as Selenium's.
]]></system-err>
  </testcase>
  <testcase name="Search Doctor Based on Doctor Name Scenario" classname="Doctor" time="9.507">
    <system-out><![CDATA[
@Doctor
Scenario: Search Doctor Based on Doctor Name Scenario &amp#27;[90m# src/test/resources/features/3.Doctor.feature:68&amp#27;[0m
10:48:01.116 [main] INFO io.cucumber.core.plugin.SerenityReporter - Running feature from file:///E:/My%20Documents/File%20Difa/TI%20Semester%206%20Kampus%20Merdeka%20Alterra/Tugas/CAPSTONE%20Project/Capstone-Project-Website/src/test/resources/features/3.Doctor.feature
10:48:01.118 [main] INFO  - 
  _____   ___   ___   _____     ___   _____     _     ___   _____   ___   ___  
 |_   _| | __| / __| |_   _|   / __| |_   _|   /_\   | _ \ |_   _| | __| |   \ 
   | |   | _|  \__ \   | |     \__ \   | |    / _ \  |   /   | |   | _|  | |) |
   |_|   |___| |___/   |_|     |___/   |_|   /_/ \_\ |_|_\   |_|   |___| |___/ 

Search Doctor Based on Doctor Name Scenario(doctor;search-doctor-based-on-doctor-name-scenario)
--------------------------------------------------------------------------------
10:48:01.161 [main] DEBUG net.thucydides.core.steps.StepInterceptor - STARTING STEP: PatientSteps.iAmAtTheDashboardPage - openUrl
10:48:01.164 [main] INFO net.serenitybdd.core.webdriver.driverproviders.ChromeDriverProvider - Using automatically driver download
10:48:01.398 [main] DEBUG io.github.bonigarcia.wdm.cache.ResolutionCache - Resolution chrome=102 in cache (valid until 11:37:46 21/06/2022 ICT)
10:48:01.407 [main] DEBUG io.github.bonigarcia.wdm.cache.ResolutionCache - Resolution chrome102=102.0.5005.61 in cache (valid until 09:22:16 22/06/2022 ICT)
10:48:01.411 [main] INFO io.github.bonigarcia.wdm.WebDriverManager - Using chromedriver 102.0.5005.61 (resolved driver for Chrome 102)
10:48:01.503 [main] DEBUG io.github.bonigarcia.wdm.WebDriverManager - Driver chromedriver 102.0.5005.61 found in cache
10:48:01.503 [main] INFO io.github.bonigarcia.wdm.WebDriverManager - Exporting webdriver.chrome.driver as C:\Users\USER\.cache\selenium\chromedriver\win32\102.0.5005.61\chromedriver.exe
10:48:01.939 [main] DEBUG net.serenitybdd.core.webdriver.driverproviders.ProvideNewDriver - Instantiating driver
10:48:01.939 [main] DEBUG net.serenitybdd.core.webdriver.driverproviders.ProvideNewDriver - Driver capabilities: Capabilities {acceptInsecureCerts: false, base.url: https://hospital-management..., browserName: chrome, chrome.driver: src/test/resources/webdrive..., driver: chrome, goog:chromeOptions: {args: [], extensions: []}}
10:48:02.460 [AsyncHttpClient-1-4] DEBUG org.asynchttpclient.netty.channel.NettyConnectListener - Using new Channel '[id: 0xe6ba2f96, L:/127.0.0.1:57959 - R:localhost/127.0.0.1:51959]' for 'POST' to '/session'
10:48:03.868 [AsyncHttpClient-1-4] DEBUG org.asynchttpclient.netty.handler.HttpHandler - 

Request DefaultHttpRequest(decodeResult: success, version: HTTP/1.1)
POST /session HTTP/1.1
User-Agent: selenium/4.1.2 (java windows)
Content-Length: 621
Content-Type: application/json; charset=utf-8
host: localhost:51959
accept: */*

Response DefaultHttpResponse(decodeResult: success, version: HTTP/1.1)
HTTP/1.1 200 OK
Content-Type: application/json; charset=utf-8
cache-control: no-cache
content-length: 788

10:48:03.868 [AsyncHttpClient-1-4] DEBUG org.asynchttpclient.netty.channel.ChannelManager - Adding key: http://localhost:51959 for channel [id: 0xe6ba2f96, L:/127.0.0.1:57959 - R:localhost/127.0.0.1:51959]
10:48:03.881 [AsyncHttpClient-1-5] DEBUG org.asynchttpclient.netty.channel.NettyConnectListener - Using new Channel '[id: 0x58f8a31f, L:/127.0.0.1:57965 - R:localhost/127.0.0.1:57960]' for 'GET' to '/json/version'
10:48:03.882 [AsyncHttpClient-1-5] DEBUG org.asynchttpclient.netty.handler.HttpHandler - 

Request DefaultFullHttpRequest(decodeResult: success, version: HTTP/1.1, content: EmptyByteBufBE)
GET /json/version HTTP/1.1
User-Agent: selenium/4.1.2 (java windows)
host: localhost:57960
accept: */*

Response DefaultHttpResponse(decodeResult: success, version: HTTP/1.1)
HTTP/1.1 200 OK
Content-Type: application/json; charset=UTF-8
content-length: 427

10:48:03.882 [AsyncHttpClient-1-5] DEBUG org.asynchttpclient.netty.channel.ChannelManager - Adding key: http://localhost:57960 for channel [id: 0x58f8a31f, L:/127.0.0.1:57965 - R:localhost/127.0.0.1:57960]
10:48:03.916 [AsyncHttpClient-1-6] DEBUG org.asynchttpclient.netty.channel.NettyConnectListener - Using new Channel '[id: 0xb78cb4d1, L:/127.0.0.1:57966 - R:localhost/127.0.0.1:57960]' for 'GET' to '/devtools/browser/974c60bf-c6f4-492a-ae07-e7aec968b385'
10:48:03.918 [AsyncHttpClient-1-6] DEBUG org.asynchttpclient.netty.handler.WebSocketHandler - 

Request DefaultFullHttpRequest(decodeResult: success, version: HTTP/1.1, content: EmptyByteBufBE)
GET /devtools/browser/974c60bf-c6f4-492a-ae07-e7aec968b385 HTTP/1.1
upgrade: websocket
connection: upgrade
sec-websocket-key: zM7HWzZf4EYRbgDGxvKy0A==
sec-websocket-version: 13
origin: http://localhost:57960
host: localhost:57960
accept: */*
user-agent: AHC/2.1

Response DefaultHttpResponse(decodeResult: success, version: HTTP/1.1)
HTTP/1.1 101 WebSocket Protocol Handshake
Upgrade: WebSocket
Connection: Upgrade
Sec-WebSocket-Accept: JghDT8hb15nVFxkL5UfbwF17d+A=

10:48:03.944 [Forwarding maximizeCurrentWindow on session 63a452d37c1af7d0ea544b056dfc09bc to remote] DEBUG org.asynchttpclient.netty.request.NettyRequestSender - Using pooled Channel '[id: 0xe6ba2f96, L:/127.0.0.1:57959 - R:localhost/127.0.0.1:51959]' for 'POST' to 'http://localhost:51959/session/63a452d37c1af7d0ea544b056dfc09bc/window/maximize'
10:48:03.944 [Forwarding maximizeCurrentWindow on session 63a452d37c1af7d0ea544b056dfc09bc to remote] DEBUG org.asynchttpclient.netty.request.NettyRequestSender - Using open Channel [id: 0xe6ba2f96, L:/127.0.0.1:57959 - R:localhost/127.0.0.1:51959] for POST '/session/63a452d37c1af7d0ea544b056dfc09bc/window/maximize'
10:48:03.968 [AsyncHttpClient-1-1] DEBUG org.asynchttpclient.netty.channel.DefaultChannelPool - Entry count for : http://localhost:57960 : 1
10:48:04.070 [AsyncHttpClient-1-4] DEBUG org.asynchttpclient.netty.handler.HttpHandler - 

Request DefaultHttpRequest(decodeResult: success, version: HTTP/1.1)
POST /session/63a452d37c1af7d0ea544b056dfc09bc/window/maximize HTTP/1.1
User-Agent: selenium/4.1.2 (java windows)
Content-Length: 3
Content-Type: application/json; charset=utf-8
host: localhost:51959
accept: */*

Response DefaultHttpResponse(decodeResult: success, version: HTTP/1.1)
HTTP/1.1 200 OK
Content-Type: application/json; charset=utf-8
cache-control: no-cache
content-length: 51

10:48:04.070 [AsyncHttpClient-1-4] DEBUG org.asynchttpclient.netty.channel.ChannelManager - Adding key: http://localhost:51959 for channel [id: 0xe6ba2f96, L:/127.0.0.1:57959 - R:localhost/127.0.0.1:51959]
10:48:04.073 [Forwarding get on session 63a452d37c1af7d0ea544b056dfc09bc to remote] DEBUG org.asynchttpclient.netty.request.NettyRequestSender - Using pooled Channel '[id: 0xe6ba2f96, L:/127.0.0.1:57959 - R:localhost/127.0.0.1:51959]' for 'POST' to 'http://localhost:51959/session/63a452d37c1af7d0ea544b056dfc09bc/url'
10:48:04.073 [Forwarding get on session 63a452d37c1af7d0ea544b056dfc09bc to remote] DEBUG org.asynchttpclient.netty.request.NettyRequestSender - Using open Channel [id: 0xe6ba2f96, L:/127.0.0.1:57959 - R:localhost/127.0.0.1:51959] for POST '/session/63a452d37c1af7d0ea544b056dfc09bc/url'
10:48:05.064 [AsyncHttpClient-1-1] DEBUG org.asynchttpclient.netty.channel.DefaultChannelPool - Entry count for : http://localhost:57960 : 1
10:48:06.163 [AsyncHttpClient-1-1] DEBUG org.asynchttpclient.netty.channel.DefaultChannelPool - Entry count for : http://localhost:57960 : 1
10:48:06.943 [AsyncHttpClient-1-4] DEBUG org.asynchttpclient.netty.handler.HttpHandler - 

Request DefaultHttpRequest(decodeResult: success, version: HTTP/1.1)
POST /session/63a452d37c1af7d0ea544b056dfc09bc/url HTTP/1.1
User-Agent: selenium/4.1.2 (java windows)
Content-Length: 65
Content-Type: application/json; charset=utf-8
host: localhost:51959
accept: */*

Response DefaultHttpResponse(decodeResult: success, version: HTTP/1.1)
HTTP/1.1 200 OK
Content-Type: application/json; charset=utf-8
cache-control: no-cache
content-length: 14

10:48:06.943 [AsyncHttpClient-1-4] DEBUG org.asynchttpclient.netty.channel.ChannelManager - Adding key: http://localhost:51959 for channel [id: 0xe6ba2f96, L:/127.0.0.1:57959 - R:localhost/127.0.0.1:51959]
10:48:06.945 [Forwarding setTimeout on session 63a452d37c1af7d0ea544b056dfc09bc to remote] DEBUG org.asynchttpclient.netty.request.NettyRequestSender - Using pooled Channel '[id: 0xe6ba2f96, L:/127.0.0.1:57959 - R:localhost/127.0.0.1:51959]' for 'POST' to 'http://localhost:51959/session/63a452d37c1af7d0ea544b056dfc09bc/timeouts'
10:48:06.945 [Forwarding setTimeout on session 63a452d37c1af7d0ea544b056dfc09bc to remote] DEBUG org.asynchttpclient.netty.request.NettyRequestSender - Using open Channel [id: 0xe6ba2f96, L:/127.0.0.1:57959 - R:localhost/127.0.0.1:51959] for POST '/session/63a452d37c1af7d0ea544b056dfc09bc/timeouts'
10:48:06.946 [AsyncHttpClient-1-4] DEBUG org.asynchttpclient.netty.handler.HttpHandler - 

Request DefaultHttpRequest(decodeResult: success, version: HTTP/1.1)
POST /session/63a452d37c1af7d0ea544b056dfc09bc/timeouts HTTP/1.1
User-Agent: selenium/4.1.2 (java windows)
Content-Length: 22
Content-Type: application/json; charset=utf-8
host: localhost:51959
accept: */*

Response DefaultHttpResponse(decodeResult: success, version: HTTP/1.1)
HTTP/1.1 200 OK
Content-Type: application/json; charset=utf-8
cache-control: no-cache
content-length: 14

10:48:06.946 [AsyncHttpClient-1-4] DEBUG org.asynchttpclient.netty.channel.ChannelManager - Adding key: http://localhost:51959 for channel [id: 0xe6ba2f96, L:/127.0.0.1:57959 - R:localhost/127.0.0.1:51959]
10:48:06.952 [Forwarding getCurrentUrl on session 63a452d37c1af7d0ea544b056dfc09bc to remote] DEBUG org.asynchttpclient.netty.request.NettyRequestSender - Using pooled Channel '[id: 0xe6ba2f96, L:/127.0.0.1:57959 - R:localhost/127.0.0.1:51959]' for 'GET' to 'http://localhost:51959/session/63a452d37c1af7d0ea544b056dfc09bc/url'
10:48:06.952 [Forwarding getCurrentUrl on session 63a452d37c1af7d0ea544b056dfc09bc to remote] DEBUG org.asynchttpclient.netty.request.NettyRequestSender - Using open Channel [id: 0xe6ba2f96, L:/127.0.0.1:57959 - R:localhost/127.0.0.1:51959] for GET '/session/63a452d37c1af7d0ea544b056dfc09bc/url'
10:48:06.960 [AsyncHttpClient-1-4] DEBUG org.asynchttpclient.netty.handler.HttpHandler - 

Request DefaultFullHttpRequest(decodeResult: success, version: HTTP/1.1, content: EmptyByteBufBE)
GET /session/63a452d37c1af7d0ea544b056dfc09bc/url HTTP/1.1
User-Agent: selenium/4.1.2 (java windows)
Cache-Control: no-cache
Content-Type: application/json; charset=utf-8
host: localhost:51959
accept: */*

Response DefaultHttpResponse(decodeResult: success, version: HTTP/1.1)
HTTP/1.1 200 OK
Content-Type: application/json; charset=utf-8
cache-control: no-cache
content-length: 53

10:48:06.960 [AsyncHttpClient-1-4] DEBUG org.asynchttpclient.netty.channel.ChannelManager - Adding key: http://localhost:51959 for channel [id: 0xe6ba2f96, L:/127.0.0.1:57959 - R:localhost/127.0.0.1:51959]
10:48:06.967 [Forwarding getCurrentUrl on session 63a452d37c1af7d0ea544b056dfc09bc to remote] DEBUG org.asynchttpclient.netty.request.NettyRequestSender - Using pooled Channel '[id: 0xe6ba2f96, L:/127.0.0.1:57959 - R:localhost/127.0.0.1:51959]' for 'GET' to 'http://localhost:51959/session/63a452d37c1af7d0ea544b056dfc09bc/url'
10:48:06.967 [Forwarding getCurrentUrl on session 63a452d37c1af7d0ea544b056dfc09bc to remote] DEBUG org.asynchttpclient.netty.request.NettyRequestSender - Using open Channel [id: 0xe6ba2f96, L:/127.0.0.1:57959 - R:localhost/127.0.0.1:51959] for GET '/session/63a452d37c1af7d0ea544b056dfc09bc/url'
10:48:06.973 [AsyncHttpClient-1-4] DEBUG org.asynchttpclient.netty.handler.HttpHandler - 

Request DefaultFullHttpRequest(decodeResult: success, version: HTTP/1.1, content: EmptyByteBufBE)
GET /session/63a452d37c1af7d0ea544b056dfc09bc/url HTTP/1.1
User-Agent: selenium/4.1.2 (java windows)
Cache-Control: no-cache
Content-Type: application/json; charset=utf-8
host: localhost:51959
accept: */*

Response DefaultHttpResponse(decodeResult: success, version: HTTP/1.1)
HTTP/1.1 200 OK
Content-Type: application/json; charset=utf-8
cache-control: no-cache
content-length: 53

10:48:06.973 [AsyncHttpClient-1-4] DEBUG org.asynchttpclient.netty.channel.ChannelManager - Adding key: http://localhost:51959 for channel [id: 0xe6ba2f96, L:/127.0.0.1:57959 - R:localhost/127.0.0.1:51959]
10:48:06.984 [Forwarding screenshot on session 63a452d37c1af7d0ea544b056dfc09bc to remote] DEBUG org.asynchttpclient.netty.request.NettyRequestSender - Using pooled Channel '[id: 0xe6ba2f96, L:/127.0.0.1:57959 - R:localhost/127.0.0.1:51959]' for 'GET' to 'http://localhost:51959/session/63a452d37c1af7d0ea544b056dfc09bc/screenshot'
10:48:06.984 [Forwarding screenshot on session 63a452d37c1af7d0ea544b056dfc09bc to remote] DEBUG org.asynchttpclient.netty.request.NettyRequestSender - Using open Channel [id: 0xe6ba2f96, L:/127.0.0.1:57959 - R:localhost/127.0.0.1:51959] for GET '/session/63a452d37c1af7d0ea544b056dfc09bc/screenshot'
10:48:07.264 [AsyncHttpClient-1-1] DEBUG org.asynchttpclient.netty.channel.DefaultChannelPool - Entry count for : http://localhost:57960 : 1
10:48:07.292 [AsyncHttpClient-1-4] DEBUG org.asynchttpclient.netty.handler.HttpHandler - 

Request DefaultFullHttpRequest(decodeResult: success, version: HTTP/1.1, content: EmptyByteBufBE)
GET /session/63a452d37c1af7d0ea544b056dfc09bc/screenshot HTTP/1.1
User-Agent: selenium/4.1.2 (java windows)
Cache-Control: no-cache
Content-Type: application/json; charset=utf-8
host: localhost:51959
accept: */*

Response DefaultHttpResponse(decodeResult: success, version: HTTP/1.1)
HTTP/1.1 200 OK
Content-Type: application/json; charset=utf-8
cache-control: no-cache
content-length: 382596

10:48:07.295 [AsyncHttpClient-1-4] DEBUG org.asynchttpclient.netty.channel.ChannelManager - Adding key: http://localhost:51959 for channel [id: 0xe6ba2f96, L:/127.0.0.1:57959 - R:localhost/127.0.0.1:51959]
10:48:07.347 [main] DEBUG net.serenitybdd.core.photography.Darkroom - Send negative for processing for target\site\serenity\ed15a54c91c342d96a850276df7b559f4526b370fc93040e3c407a48a170f368.png
10:48:07.347 [main] DEBUG net.thucydides.core.steps.StepInterceptor - STEP DONE: openUrl
10:48:07.358 [main] DEBUG net.thucydides.core.steps.StepInterceptor - STARTING STEP: PatientSteps.iAmAtTheDashboardPage - validateOnDashboardPage
10:48:07.362 [Forwarding findElement on session 63a452d37c1af7d0ea544b056dfc09bc to remote] DEBUG org.asynchttpclient.netty.request.NettyRequestSender - Using pooled Channel '[id: 0xe6ba2f96, L:/127.0.0.1:57959 - R:localhost/127.0.0.1:51959]' for 'POST' to 'http://localhost:51959/session/63a452d37c1af7d0ea544b056dfc09bc/element'
10:48:07.362 [Forwarding findElement on session 63a452d37c1af7d0ea544b056dfc09bc to remote] DEBUG org.asynchttpclient.netty.request.NettyRequestSender - Using open Channel [id: 0xe6ba2f96, L:/127.0.0.1:57959 - R:localhost/127.0.0.1:51959] for POST '/session/63a452d37c1af7d0ea544b056dfc09bc/element'
10:48:07.391 [AsyncHttpClient-1-4] DEBUG org.asynchttpclient.netty.handler.HttpHandler - 

Request DefaultHttpRequest(decodeResult: success, version: HTTP/1.1)
POST /session/63a452d37c1af7d0ea544b056dfc09bc/element HTTP/1.1
User-Agent: selenium/4.1.2 (java windows)
Content-Length: 81
Content-Type: application/json; charset=utf-8
host: localhost:51959
accept: */*

Response DefaultHttpResponse(decodeResult: success, version: HTTP/1.1)
HTTP/1.1 200 OK
Content-Type: application/json; charset=utf-8
cache-control: no-cache
content-length: 88

10:48:07.391 [AsyncHttpClient-1-4] DEBUG org.asynchttpclient.netty.channel.ChannelManager - Adding key: http://localhost:51959 for channel [id: 0xe6ba2f96, L:/127.0.0.1:57959 - R:localhost/127.0.0.1:51959]
10:48:07.396 [Forwarding isElementDisplayed on session 63a452d37c1af7d0ea544b056dfc09bc to remote] DEBUG org.asynchttpclient.netty.request.NettyRequestSender - Using pooled Channel '[id: 0xe6ba2f96, L:/127.0.0.1:57959 - R:localhost/127.0.0.1:51959]' for 'POST' to 'http://localhost:51959/session/63a452d37c1af7d0ea544b056dfc09bc/execute/sync'
10:48:07.396 [Forwarding isElementDisplayed on session 63a452d37c1af7d0ea544b056dfc09bc to remote] DEBUG org.asynchttpclient.netty.request.NettyRequestSender - Using open Channel [id: 0xe6ba2f96, L:/127.0.0.1:57959 - R:localhost/127.0.0.1:51959] for POST '/session/63a452d37c1af7d0ea544b056dfc09bc/execute/sync'
10:48:07.424 [AsyncHttpClient-1-4] DEBUG org.asynchttpclient.netty.handler.HttpHandler - 

Request DefaultHttpRequest(decodeResult: success, version: HTTP/1.1)
POST /session/63a452d37c1af7d0ea544b056dfc09bc/execute/sync HTTP/1.1
User-Agent: selenium/4.1.2 (java windows)
Content-Length: 48780
Content-Type: application/json; charset=utf-8
host: localhost:51959
accept: */*

Response DefaultHttpResponse(decodeResult: success, version: HTTP/1.1)
HTTP/1.1 200 OK
Content-Type: application/json; charset=utf-8
cache-control: no-cache
content-length: 14

10:48:07.424 [AsyncHttpClient-1-4] DEBUG org.asynchttpclient.netty.channel.ChannelManager - Adding key: http://localhost:51959 for channel [id: 0xe6ba2f96, L:/127.0.0.1:57959 - R:localhost/127.0.0.1:51959]
10:48:07.433 [Forwarding screenshot on session 63a452d37c1af7d0ea544b056dfc09bc to remote] DEBUG org.asynchttpclient.netty.request.NettyRequestSender - Using pooled Channel '[id: 0xe6ba2f96, L:/127.0.0.1:57959 - R:localhost/127.0.0.1:51959]' for 'GET' to 'http://localhost:51959/session/63a452d37c1af7d0ea544b056dfc09bc/screenshot'
10:48:07.433 [Forwarding screenshot on session 63a452d37c1af7d0ea544b056dfc09bc to remote] DEBUG org.asynchttpclient.netty.request.NettyRequestSender - Using open Channel [id: 0xe6ba2f96, L:/127.0.0.1:57959 - R:localhost/127.0.0.1:51959] for GET '/session/63a452d37c1af7d0ea544b056dfc09bc/screenshot'
10:48:07.769 [AsyncHttpClient-1-4] DEBUG org.asynchttpclient.netty.handler.HttpHandler - 

Request DefaultFullHttpRequest(decodeResult: success, version: HTTP/1.1, content: EmptyByteBufBE)
GET /session/63a452d37c1af7d0ea544b056dfc09bc/screenshot HTTP/1.1
User-Agent: selenium/4.1.2 (java windows)
Cache-Control: no-cache
Content-Type: application/json; charset=utf-8
host: localhost:51959
accept: */*

Response DefaultHttpResponse(decodeResult: success, version: HTTP/1.1)
HTTP/1.1 200 OK
Content-Type: application/json; charset=utf-8
cache-control: no-cache
content-length: 382596

10:48:07.772 [AsyncHttpClient-1-4] DEBUG org.asynchttpclient.netty.channel.ChannelManager - Adding key: http://localhost:51959 for channel [id: 0xe6ba2f96, L:/127.0.0.1:57959 - R:localhost/127.0.0.1:51959]
10:48:07.800 [main] DEBUG net.serenitybdd.core.photography.Darkroom - Send negative for processing for target\site\serenity\ed15a54c91c342d96a850276df7b559f4526b370fc93040e3c407a48a170f368.png
10:48:07.801 [main] DEBUG net.thucydides.core.steps.StepInterceptor - STEP DONE: validateOnDashboardPage
  &amp#27;[32mGiven &amp#27;[0m&amp#27;[32mI am at the dashboard page&amp#27;[0m                    &amp#27;[90m# starter.stepdefinitions.PatientSteps.iAmAtTheDashboardPage()&amp#27;[0m
10:48:07.843 [main] DEBUG net.thucydides.core.steps.StepInterceptor - STARTING STEP: DoctorSteps.iClickMenuDoctor - clickMenuDoctorButton
10:48:07.848 [Forwarding findElement on session 63a452d37c1af7d0ea544b056dfc09bc to remote] DEBUG org.asynchttpclient.netty.request.NettyRequestSender - Using pooled Channel '[id: 0xe6ba2f96, L:/127.0.0.1:57959 - R:localhost/127.0.0.1:51959]' for 'POST' to 'http://localhost:51959/session/63a452d37c1af7d0ea544b056dfc09bc/element'
10:48:07.848 [Forwarding findElement on session 63a452d37c1af7d0ea544b056dfc09bc to remote] DEBUG org.asynchttpclient.netty.request.NettyRequestSender - Using open Channel [id: 0xe6ba2f96, L:/127.0.0.1:57959 - R:localhost/127.0.0.1:51959] for POST '/session/63a452d37c1af7d0ea544b056dfc09bc/element'
10:48:07.869 [AsyncHttpClient-1-4] DEBUG org.asynchttpclient.netty.handler.HttpHandler - 

Request DefaultHttpRequest(decodeResult: success, version: HTTP/1.1)
POST /session/63a452d37c1af7d0ea544b056dfc09bc/element HTTP/1.1
User-Agent: selenium/4.1.2 (java windows)
Content-Length: 79
Content-Type: application/json; charset=utf-8
host: localhost:51959
accept: */*

Response DefaultHttpResponse(decodeResult: success, version: HTTP/1.1)
HTTP/1.1 200 OK
Content-Type: application/json; charset=utf-8
cache-control: no-cache
content-length: 88

10:48:07.869 [AsyncHttpClient-1-4] DEBUG org.asynchttpclient.netty.channel.ChannelManager - Adding key: http://localhost:51959 for channel [id: 0xe6ba2f96, L:/127.0.0.1:57959 - R:localhost/127.0.0.1:51959]
10:48:07.870 [Forwarding getElementTagName on session 63a452d37c1af7d0ea544b056dfc09bc to remote] DEBUG org.asynchttpclient.netty.request.NettyRequestSender - Using pooled Channel '[id: 0xe6ba2f96, L:/127.0.0.1:57959 - R:localhost/127.0.0.1:51959]' for 'GET' to 'http://localhost:51959/session/63a452d37c1af7d0ea544b056dfc09bc/element/e7341c89-228f-44d9-aaa7-f601c6ab5534/name'
10:48:07.870 [Forwarding getElementTagName on session 63a452d37c1af7d0ea544b056dfc09bc to remote] DEBUG org.asynchttpclient.netty.request.NettyRequestSender - Using open Channel [id: 0xe6ba2f96, L:/127.0.0.1:57959 - R:localhost/127.0.0.1:51959] for GET '/session/63a452d37c1af7d0ea544b056dfc09bc/element/e7341c89-228f-44d9-aaa7-f601c6ab5534/name'
10:48:07.876 [AsyncHttpClient-1-4] DEBUG org.asynchttpclient.netty.handler.HttpHandler - 

Request DefaultFullHttpRequest(decodeResult: success, version: HTTP/1.1, content: EmptyByteBufBE)
GET /session/63a452d37c1af7d0ea544b056dfc09bc/element/e7341c89-228f-44d9-aaa7-f601c6ab5534/name HTTP/1.1
User-Agent: selenium/4.1.2 (java windows)
Cache-Control: no-cache
Content-Type: application/json; charset=utf-8
host: localhost:51959
accept: */*

Response DefaultHttpResponse(decodeResult: success, version: HTTP/1.1)
HTTP/1.1 200 OK
Content-Type: application/json; charset=utf-8
cache-control: no-cache
content-length: 15

10:48:07.876 [AsyncHttpClient-1-4] DEBUG org.asynchttpclient.netty.channel.ChannelManager - Adding key: http://localhost:51959 for channel [id: 0xe6ba2f96, L:/127.0.0.1:57959 - R:localhost/127.0.0.1:51959]
10:48:07.878 [Forwarding getElementTagName on session 63a452d37c1af7d0ea544b056dfc09bc to remote] DEBUG org.asynchttpclient.netty.request.NettyRequestSender - Using pooled Channel '[id: 0xe6ba2f96, L:/127.0.0.1:57959 - R:localhost/127.0.0.1:51959]' for 'GET' to 'http://localhost:51959/session/63a452d37c1af7d0ea544b056dfc09bc/element/e7341c89-228f-44d9-aaa7-f601c6ab5534/name'
10:48:07.878 [Forwarding getElementTagName on session 63a452d37c1af7d0ea544b056dfc09bc to remote] DEBUG org.asynchttpclient.netty.request.NettyRequestSender - Using open Channel [id: 0xe6ba2f96, L:/127.0.0.1:57959 - R:localhost/127.0.0.1:51959] for GET '/session/63a452d37c1af7d0ea544b056dfc09bc/element/e7341c89-228f-44d9-aaa7-f601c6ab5534/name'
10:48:07.883 [AsyncHttpClient-1-4] DEBUG org.asynchttpclient.netty.handler.HttpHandler - 

Request DefaultFullHttpRequest(decodeResult: success, version: HTTP/1.1, content: EmptyByteBufBE)
GET /session/63a452d37c1af7d0ea544b056dfc09bc/element/e7341c89-228f-44d9-aaa7-f601c6ab5534/name HTTP/1.1
User-Agent: selenium/4.1.2 (java windows)
Cache-Control: no-cache
Content-Type: application/json; charset=utf-8
host: localhost:51959
accept: */*

Response DefaultHttpResponse(decodeResult: success, version: HTTP/1.1)
HTTP/1.1 200 OK
Content-Type: application/json; charset=utf-8
cache-control: no-cache
content-length: 15

10:48:07.883 [AsyncHttpClient-1-4] DEBUG org.asynchttpclient.netty.channel.ChannelManager - Adding key: http://localhost:51959 for channel [id: 0xe6ba2f96, L:/127.0.0.1:57959 - R:localhost/127.0.0.1:51959]
10:48:07.886 [Forwarding findElement on session 63a452d37c1af7d0ea544b056dfc09bc to remote] DEBUG org.asynchttpclient.netty.request.NettyRequestSender - Using pooled Channel '[id: 0xe6ba2f96, L:/127.0.0.1:57959 - R:localhost/127.0.0.1:51959]' for 'POST' to 'http://localhost:51959/session/63a452d37c1af7d0ea544b056dfc09bc/element'
10:48:07.886 [Forwarding findElement on session 63a452d37c1af7d0ea544b056dfc09bc to remote] DEBUG org.asynchttpclient.netty.request.NettyRequestSender - Using open Channel [id: 0xe6ba2f96, L:/127.0.0.1:57959 - R:localhost/127.0.0.1:51959] for POST '/session/63a452d37c1af7d0ea544b056dfc09bc/element'
10:48:07.897 [AsyncHttpClient-1-4] DEBUG org.asynchttpclient.netty.handler.HttpHandler - 

Request DefaultHttpRequest(decodeResult: success, version: HTTP/1.1)
POST /session/63a452d37c1af7d0ea544b056dfc09bc/element HTTP/1.1
User-Agent: selenium/4.1.2 (java windows)
Content-Length: 79
Content-Type: application/json; charset=utf-8
host: localhost:51959
accept: */*

Response DefaultHttpResponse(decodeResult: success, version: HTTP/1.1)
HTTP/1.1 200 OK
Content-Type: application/json; charset=utf-8
cache-control: no-cache
content-length: 88

10:48:07.897 [AsyncHttpClient-1-4] DEBUG org.asynchttpclient.netty.channel.ChannelManager - Adding key: http://localhost:51959 for channel [id: 0xe6ba2f96, L:/127.0.0.1:57959 - R:localhost/127.0.0.1:51959]
10:48:07.899 [Forwarding clickElement on session 63a452d37c1af7d0ea544b056dfc09bc to remote] DEBUG org.asynchttpclient.netty.request.NettyRequestSender - Using pooled Channel '[id: 0xe6ba2f96, L:/127.0.0.1:57959 - R:localhost/127.0.0.1:51959]' for 'POST' to 'http://localhost:51959/session/63a452d37c1af7d0ea544b056dfc09bc/element/e7341c89-228f-44d9-aaa7-f601c6ab5534/click'
10:48:07.899 [Forwarding clickElement on session 63a452d37c1af7d0ea544b056dfc09bc to remote] DEBUG org.asynchttpclient.netty.request.NettyRequestSender - Using open Channel [id: 0xe6ba2f96, L:/127.0.0.1:57959 - R:localhost/127.0.0.1:51959] for POST '/session/63a452d37c1af7d0ea544b056dfc09bc/element/e7341c89-228f-44d9-aaa7-f601c6ab5534/click'
10:48:08.148 [AsyncHttpClient-1-4] DEBUG org.asynchttpclient.netty.handler.HttpHandler - 

Request DefaultHttpRequest(decodeResult: success, version: HTTP/1.1)
POST /session/63a452d37c1af7d0ea544b056dfc09bc/element/e7341c89-228f-44d9-aaa7-f601c6ab5534/click HTTP/1.1
User-Agent: selenium/4.1.2 (java windows)
Content-Length: 50
Content-Type: application/json; charset=utf-8
host: localhost:51959
accept: */*

Response DefaultHttpResponse(decodeResult: success, version: HTTP/1.1)
HTTP/1.1 200 OK
Content-Type: application/json; charset=utf-8
cache-control: no-cache
content-length: 14

10:48:08.148 [AsyncHttpClient-1-4] DEBUG org.asynchttpclient.netty.channel.ChannelManager - Adding key: http://localhost:51959 for channel [id: 0xe6ba2f96, L:/127.0.0.1:57959 - R:localhost/127.0.0.1:51959]
10:48:08.159 [Forwarding screenshot on session 63a452d37c1af7d0ea544b056dfc09bc to remote] DEBUG org.asynchttpclient.netty.request.NettyRequestSender - Using pooled Channel '[id: 0xe6ba2f96, L:/127.0.0.1:57959 - R:localhost/127.0.0.1:51959]' for 'GET' to 'http://localhost:51959/session/63a452d37c1af7d0ea544b056dfc09bc/screenshot'
10:48:08.159 [Forwarding screenshot on session 63a452d37c1af7d0ea544b056dfc09bc to remote] DEBUG org.asynchttpclient.netty.request.NettyRequestSender - Using open Channel [id: 0xe6ba2f96, L:/127.0.0.1:57959 - R:localhost/127.0.0.1:51959] for GET '/session/63a452d37c1af7d0ea544b056dfc09bc/screenshot'
10:48:08.274 [AsyncHttpClient-1-4] DEBUG org.asynchttpclient.netty.handler.HttpHandler - 

Request DefaultFullHttpRequest(decodeResult: success, version: HTTP/1.1, content: EmptyByteBufBE)
GET /session/63a452d37c1af7d0ea544b056dfc09bc/screenshot HTTP/1.1
User-Agent: selenium/4.1.2 (java windows)
Cache-Control: no-cache
Content-Type: application/json; charset=utf-8
host: localhost:51959
accept: */*

Response DefaultHttpResponse(decodeResult: success, version: HTTP/1.1)
HTTP/1.1 200 OK
Content-Type: application/json; charset=utf-8
cache-control: no-cache
content-length: 56216

10:48:08.274 [AsyncHttpClient-1-4] DEBUG org.asynchttpclient.netty.channel.ChannelManager - Adding key: http://localhost:51959 for channel [id: 0xe6ba2f96, L:/127.0.0.1:57959 - R:localhost/127.0.0.1:51959]
10:48:08.278 [main] DEBUG net.serenitybdd.core.photography.Darkroom - Send negative for processing for target\site\serenity\93bcc9a7e51fe36df2bb0ee95da8b9e15460ad67a465a8def437a77fe40a1b48.png
10:48:08.279 [main] DEBUG net.thucydides.core.steps.StepInterceptor - STEP DONE: clickMenuDoctorButton
  &amp#27;[32mAnd &amp#27;[0m&amp#27;[32mI click menu doctor&amp#27;[0m                             &amp#27;[90m# starter.stepdefinitions.DoctorSteps.iClickMenuDoctor()&amp#27;[0m
10:48:08.290 [Forwarding findElement on session 63a452d37c1af7d0ea544b056dfc09bc to remote] DEBUG org.asynchttpclient.netty.request.NettyRequestSender - Using pooled Channel '[id: 0xe6ba2f96, L:/127.0.0.1:57959 - R:localhost/127.0.0.1:51959]' for 'POST' to 'http://localhost:51959/session/63a452d37c1af7d0ea544b056dfc09bc/element'
10:48:08.290 [Forwarding findElement on session 63a452d37c1af7d0ea544b056dfc09bc to remote] DEBUG org.asynchttpclient.netty.request.NettyRequestSender - Using open Channel [id: 0xe6ba2f96, L:/127.0.0.1:57959 - R:localhost/127.0.0.1:51959] for POST '/session/63a452d37c1af7d0ea544b056dfc09bc/element'
10:48:08.303 [AsyncHttpClient-1-4] DEBUG org.asynchttpclient.netty.handler.HttpHandler - 

Request DefaultHttpRequest(decodeResult: success, version: HTTP/1.1)
POST /session/63a452d37c1af7d0ea544b056dfc09bc/element HTTP/1.1
User-Agent: selenium/4.1.2 (java windows)
Content-Length: 160
Content-Type: application/json; charset=utf-8
host: localhost:51959
accept: */*

Response DefaultHttpResponse(decodeResult: success, version: HTTP/1.1)
HTTP/1.1 200 OK
Content-Type: application/json; charset=utf-8
cache-control: no-cache
content-length: 88

10:48:08.304 [AsyncHttpClient-1-4] DEBUG org.asynchttpclient.netty.channel.ChannelManager - Adding key: http://localhost:51959 for channel [id: 0xe6ba2f96, L:/127.0.0.1:57959 - R:localhost/127.0.0.1:51959]
10:48:08.305 [Forwarding clearElement on session 63a452d37c1af7d0ea544b056dfc09bc to remote] DEBUG org.asynchttpclient.netty.request.NettyRequestSender - Using pooled Channel '[id: 0xe6ba2f96, L:/127.0.0.1:57959 - R:localhost/127.0.0.1:51959]' for 'POST' to 'http://localhost:51959/session/63a452d37c1af7d0ea544b056dfc09bc/element/c8b2e722-babc-436b-8423-415a4d0ed414/clear'
10:48:08.305 [Forwarding clearElement on session 63a452d37c1af7d0ea544b056dfc09bc to remote] DEBUG org.asynchttpclient.netty.request.NettyRequestSender - Using open Channel [id: 0xe6ba2f96, L:/127.0.0.1:57959 - R:localhost/127.0.0.1:51959] for POST '/session/63a452d37c1af7d0ea544b056dfc09bc/element/c8b2e722-babc-436b-8423-415a4d0ed414/clear'
10:48:08.348 [AsyncHttpClient-1-4] DEBUG org.asynchttpclient.netty.handler.HttpHandler - 

Request DefaultHttpRequest(decodeResult: success, version: HTTP/1.1)
POST /session/63a452d37c1af7d0ea544b056dfc09bc/element/c8b2e722-babc-436b-8423-415a4d0ed414/clear HTTP/1.1
User-Agent: selenium/4.1.2 (java windows)
Content-Length: 50
Content-Type: application/json; charset=utf-8
host: localhost:51959
accept: */*

Response DefaultHttpResponse(decodeResult: success, version: HTTP/1.1)
HTTP/1.1 200 OK
Content-Type: application/json; charset=utf-8
cache-control: no-cache
content-length: 14

10:48:08.348 [AsyncHttpClient-1-4] DEBUG org.asynchttpclient.netty.channel.ChannelManager - Adding key: http://localhost:51959 for channel [id: 0xe6ba2f96, L:/127.0.0.1:57959 - R:localhost/127.0.0.1:51959]
10:48:08.350 [Forwarding sendKeysToElement on session 63a452d37c1af7d0ea544b056dfc09bc to remote] DEBUG org.asynchttpclient.netty.request.NettyRequestSender - Using pooled Channel '[id: 0xe6ba2f96, L:/127.0.0.1:57959 - R:localhost/127.0.0.1:51959]' for 'POST' to 'http://localhost:51959/session/63a452d37c1af7d0ea544b056dfc09bc/element/c8b2e722-babc-436b-8423-415a4d0ed414/value'
10:48:08.350 [Forwarding sendKeysToElement on session 63a452d37c1af7d0ea544b056dfc09bc to remote] DEBUG org.asynchttpclient.netty.request.NettyRequestSender - Using open Channel [id: 0xe6ba2f96, L:/127.0.0.1:57959 - R:localhost/127.0.0.1:51959] for POST '/session/63a452d37c1af7d0ea544b056dfc09bc/element/c8b2e722-babc-436b-8423-415a4d0ed414/value'
10:48:08.364 [AsyncHttpClient-1-1] DEBUG org.asynchttpclient.netty.channel.DefaultChannelPool - Entry count for : http://localhost:57960 : 1
10:48:08.727 [AsyncHttpClient-1-4] DEBUG org.asynchttpclient.netty.handler.HttpHandler - 

Request DefaultHttpRequest(decodeResult: success, version: HTTP/1.1)
POST /session/63a452d37c1af7d0ea544b056dfc09bc/element/c8b2e722-babc-436b-8423-415a4d0ed414/value HTTP/1.1
User-Agent: selenium/4.1.2 (java windows)
Content-Length: 171
Content-Type: application/json; charset=utf-8
host: localhost:51959
accept: */*

Response DefaultHttpResponse(decodeResult: success, version: HTTP/1.1)
HTTP/1.1 200 OK
Content-Type: application/json; charset=utf-8
cache-control: no-cache
content-length: 14

10:48:08.727 [AsyncHttpClient-1-4] DEBUG org.asynchttpclient.netty.channel.ChannelManager - Adding key: http://localhost:51959 for channel [id: 0xe6ba2f96, L:/127.0.0.1:57959 - R:localhost/127.0.0.1:51959]
10:48:08.745 [Forwarding screenshot on session 63a452d37c1af7d0ea544b056dfc09bc to remote] DEBUG org.asynchttpclient.netty.request.NettyRequestSender - Using pooled Channel '[id: 0xe6ba2f96, L:/127.0.0.1:57959 - R:localhost/127.0.0.1:51959]' for 'GET' to 'http://localhost:51959/session/63a452d37c1af7d0ea544b056dfc09bc/screenshot'
10:48:08.745 [Forwarding screenshot on session 63a452d37c1af7d0ea544b056dfc09bc to remote] DEBUG org.asynchttpclient.netty.request.NettyRequestSender - Using open Channel [id: 0xe6ba2f96, L:/127.0.0.1:57959 - R:localhost/127.0.0.1:51959] for GET '/session/63a452d37c1af7d0ea544b056dfc09bc/screenshot'
10:48:08.939 [AsyncHttpClient-1-4] DEBUG org.asynchttpclient.netty.handler.HttpHandler - 

Request DefaultFullHttpRequest(decodeResult: success, version: HTTP/1.1, content: EmptyByteBufBE)
GET /session/63a452d37c1af7d0ea544b056dfc09bc/screenshot HTTP/1.1
User-Agent: selenium/4.1.2 (java windows)
Cache-Control: no-cache
Content-Type: application/json; charset=utf-8
host: localhost:51959
accept: */*

Response DefaultHttpResponse(decodeResult: success, version: HTTP/1.1)
HTTP/1.1 200 OK
Content-Type: application/json; charset=utf-8
cache-control: no-cache
content-length: 83076

10:48:08.940 [AsyncHttpClient-1-4] DEBUG org.asynchttpclient.netty.channel.ChannelManager - Adding key: http://localhost:51959 for channel [id: 0xe6ba2f96, L:/127.0.0.1:57959 - R:localhost/127.0.0.1:51959]
10:48:08.944 [main] DEBUG net.serenitybdd.core.photography.Darkroom - Send negative for processing for target\site\serenity\9a7728774800d5cc0c51a339362835511647f3e786f2858eec23fec670cb58cf.png
10:48:08.944 [main] DEBUG net.thucydides.core.steps.StepInterceptor - STARTING STEP: DoctorSteps.iInputDoctorNameAndClickSearch - clickSearchButton
10:48:08.944 [Darkroom Processing Line] DEBUG net.serenitybdd.core.photography.DarkroomProcessingLine - Processing screenshot image in /var/screenshots/screenshot-18039666827537224634
10:48:08.944 [Darkroom Processing Line] DEBUG net.serenitybdd.core.photography.DarkroomProcessingLine - Saving screenshot to target\site\serenity\9a7728774800d5cc0c51a339362835511647f3e786f2858eec23fec670cb58cf.png
10:48:08.947 [Forwarding findElement on session 63a452d37c1af7d0ea544b056dfc09bc to remote] DEBUG org.asynchttpclient.netty.request.NettyRequestSender - Using pooled Channel '[id: 0xe6ba2f96, L:/127.0.0.1:57959 - R:localhost/127.0.0.1:51959]' for 'POST' to 'http://localhost:51959/session/63a452d37c1af7d0ea544b056dfc09bc/element'
10:48:08.947 [Forwarding findElement on session 63a452d37c1af7d0ea544b056dfc09bc to remote] DEBUG org.asynchttpclient.netty.request.NettyRequestSender - Using open Channel [id: 0xe6ba2f96, L:/127.0.0.1:57959 - R:localhost/127.0.0.1:51959] for POST '/session/63a452d37c1af7d0ea544b056dfc09bc/element'
10:48:08.963 [AsyncHttpClient-1-4] DEBUG org.asynchttpclient.netty.handler.HttpHandler - 

Request DefaultHttpRequest(decodeResult: success, version: HTTP/1.1)
POST /session/63a452d37c1af7d0ea544b056dfc09bc/element HTTP/1.1
User-Agent: selenium/4.1.2 (java windows)
Content-Length: 161
Content-Type: application/json; charset=utf-8
host: localhost:51959
accept: */*

Response DefaultHttpResponse(decodeResult: success, version: HTTP/1.1)
HTTP/1.1 200 OK
Content-Type: application/json; charset=utf-8
cache-control: no-cache
content-length: 88

10:48:08.963 [AsyncHttpClient-1-4] DEBUG org.asynchttpclient.netty.channel.ChannelManager - Adding key: http://localhost:51959 for channel [id: 0xe6ba2f96, L:/127.0.0.1:57959 - R:localhost/127.0.0.1:51959]
10:48:08.964 [Forwarding getElementTagName on session 63a452d37c1af7d0ea544b056dfc09bc to remote] DEBUG org.asynchttpclient.netty.request.NettyRequestSender - Using pooled Channel '[id: 0xe6ba2f96, L:/127.0.0.1:57959 - R:localhost/127.0.0.1:51959]' for 'GET' to 'http://localhost:51959/session/63a452d37c1af7d0ea544b056dfc09bc/element/7266dcda-5178-48b2-be1f-b20dc298ba32/name'
10:48:08.965 [Forwarding getElementTagName on session 63a452d37c1af7d0ea544b056dfc09bc to remote] DEBUG org.asynchttpclient.netty.request.NettyRequestSender - Using open Channel [id: 0xe6ba2f96, L:/127.0.0.1:57959 - R:localhost/127.0.0.1:51959] for GET '/session/63a452d37c1af7d0ea544b056dfc09bc/element/7266dcda-5178-48b2-be1f-b20dc298ba32/name'
10:48:08.969 [AsyncHttpClient-1-4] DEBUG org.asynchttpclient.netty.handler.HttpHandler - 

Request DefaultFullHttpRequest(decodeResult: success, version: HTTP/1.1, content: EmptyByteBufBE)
GET /session/63a452d37c1af7d0ea544b056dfc09bc/element/7266dcda-5178-48b2-be1f-b20dc298ba32/name HTTP/1.1
User-Agent: selenium/4.1.2 (java windows)
Cache-Control: no-cache
Content-Type: application/json; charset=utf-8
host: localhost:51959
accept: */*

Response DefaultHttpResponse(decodeResult: success, version: HTTP/1.1)
HTTP/1.1 200 OK
Content-Type: application/json; charset=utf-8
cache-control: no-cache
content-length: 18

10:48:08.969 [AsyncHttpClient-1-4] DEBUG org.asynchttpclient.netty.channel.ChannelManager - Adding key: http://localhost:51959 for channel [id: 0xe6ba2f96, L:/127.0.0.1:57959 - R:localhost/127.0.0.1:51959]
10:48:08.970 [Forwarding getElementTagName on session 63a452d37c1af7d0ea544b056dfc09bc to remote] DEBUG org.asynchttpclient.netty.request.NettyRequestSender - Using pooled Channel '[id: 0xe6ba2f96, L:/127.0.0.1:57959 - R:localhost/127.0.0.1:51959]' for 'GET' to 'http://localhost:51959/session/63a452d37c1af7d0ea544b056dfc09bc/element/7266dcda-5178-48b2-be1f-b20dc298ba32/name'
10:48:08.970 [Forwarding getElementTagName on session 63a452d37c1af7d0ea544b056dfc09bc to remote] DEBUG org.asynchttpclient.netty.request.NettyRequestSender - Using open Channel [id: 0xe6ba2f96, L:/127.0.0.1:57959 - R:localhost/127.0.0.1:51959] for GET '/session/63a452d37c1af7d0ea544b056dfc09bc/element/7266dcda-5178-48b2-be1f-b20dc298ba32/name'
10:48:08.974 [AsyncHttpClient-1-4] DEBUG org.asynchttpclient.netty.handler.HttpHandler - 

Request DefaultFullHttpRequest(decodeResult: success, version: HTTP/1.1, content: EmptyByteBufBE)
GET /session/63a452d37c1af7d0ea544b056dfc09bc/element/7266dcda-5178-48b2-be1f-b20dc298ba32/name HTTP/1.1
User-Agent: selenium/4.1.2 (java windows)
Cache-Control: no-cache
Content-Type: application/json; charset=utf-8
host: localhost:51959
accept: */*

Response DefaultHttpResponse(decodeResult: success, version: HTTP/1.1)
HTTP/1.1 200 OK
Content-Type: application/json; charset=utf-8
cache-control: no-cache
content-length: 18

10:48:08.974 [AsyncHttpClient-1-4] DEBUG org.asynchttpclient.netty.channel.ChannelManager - Adding key: http://localhost:51959 for channel [id: 0xe6ba2f96, L:/127.0.0.1:57959 - R:localhost/127.0.0.1:51959]
10:48:08.976 [Forwarding isElementEnabled on session 63a452d37c1af7d0ea544b056dfc09bc to remote] DEBUG org.asynchttpclient.netty.request.NettyRequestSender - Using pooled Channel '[id: 0xe6ba2f96, L:/127.0.0.1:57959 - R:localhost/127.0.0.1:51959]' for 'GET' to 'http://localhost:51959/session/63a452d37c1af7d0ea544b056dfc09bc/element/7266dcda-5178-48b2-be1f-b20dc298ba32/enabled'
10:48:08.976 [Forwarding isElementEnabled on session 63a452d37c1af7d0ea544b056dfc09bc to remote] DEBUG org.asynchttpclient.netty.request.NettyRequestSender - Using open Channel [id: 0xe6ba2f96, L:/127.0.0.1:57959 - R:localhost/127.0.0.1:51959] for GET '/session/63a452d37c1af7d0ea544b056dfc09bc/element/7266dcda-5178-48b2-be1f-b20dc298ba32/enabled'
10:48:08.986 [AsyncHttpClient-1-4] DEBUG org.asynchttpclient.netty.handler.HttpHandler - 

Request DefaultFullHttpRequest(decodeResult: success, version: HTTP/1.1, content: EmptyByteBufBE)
GET /session/63a452d37c1af7d0ea544b056dfc09bc/element/7266dcda-5178-48b2-be1f-b20dc298ba32/enabled HTTP/1.1
User-Agent: selenium/4.1.2 (java windows)
Cache-Control: no-cache
Content-Type: application/json; charset=utf-8
host: localhost:51959
accept: */*

Response DefaultHttpResponse(decodeResult: success, version: HTTP/1.1)
HTTP/1.1 200 OK
Content-Type: application/json; charset=utf-8
cache-control: no-cache
content-length: 14

10:48:08.986 [AsyncHttpClient-1-4] DEBUG org.asynchttpclient.netty.channel.ChannelManager - Adding key: http://localhost:51959 for channel [id: 0xe6ba2f96, L:/127.0.0.1:57959 - R:localhost/127.0.0.1:51959]
10:48:08.987 [Forwarding isElementEnabled on session 63a452d37c1af7d0ea544b056dfc09bc to remote] DEBUG org.asynchttpclient.netty.request.NettyRequestSender - Using pooled Channel '[id: 0xe6ba2f96, L:/127.0.0.1:57959 - R:localhost/127.0.0.1:51959]' for 'GET' to 'http://localhost:51959/session/63a452d37c1af7d0ea544b056dfc09bc/element/7266dcda-5178-48b2-be1f-b20dc298ba32/enabled'
10:48:08.987 [Forwarding isElementEnabled on session 63a452d37c1af7d0ea544b056dfc09bc to remote] DEBUG org.asynchttpclient.netty.request.NettyRequestSender - Using open Channel [id: 0xe6ba2f96, L:/127.0.0.1:57959 - R:localhost/127.0.0.1:51959] for GET '/session/63a452d37c1af7d0ea544b056dfc09bc/element/7266dcda-5178-48b2-be1f-b20dc298ba32/enabled'
10:48:08.993 [AsyncHttpClient-1-4] DEBUG org.asynchttpclient.netty.handler.HttpHandler - 

Request DefaultFullHttpRequest(decodeResult: success, version: HTTP/1.1, content: EmptyByteBufBE)
GET /session/63a452d37c1af7d0ea544b056dfc09bc/element/7266dcda-5178-48b2-be1f-b20dc298ba32/enabled HTTP/1.1
User-Agent: selenium/4.1.2 (java windows)
Cache-Control: no-cache
Content-Type: application/json; charset=utf-8
host: localhost:51959
accept: */*

Response DefaultHttpResponse(decodeResult: success, version: HTTP/1.1)
HTTP/1.1 200 OK
Content-Type: application/json; charset=utf-8
cache-control: no-cache
content-length: 14

10:48:08.993 [AsyncHttpClient-1-4] DEBUG org.asynchttpclient.netty.channel.ChannelManager - Adding key: http://localhost:51959 for channel [id: 0xe6ba2f96, L:/127.0.0.1:57959 - R:localhost/127.0.0.1:51959]
10:48:08.995 [Forwarding findElement on session 63a452d37c1af7d0ea544b056dfc09bc to remote] DEBUG org.asynchttpclient.netty.request.NettyRequestSender - Using pooled Channel '[id: 0xe6ba2f96, L:/127.0.0.1:57959 - R:localhost/127.0.0.1:51959]' for 'POST' to 'http://localhost:51959/session/63a452d37c1af7d0ea544b056dfc09bc/element'
10:48:08.995 [Forwarding findElement on session 63a452d37c1af7d0ea544b056dfc09bc to remote] DEBUG org.asynchttpclient.netty.request.NettyRequestSender - Using open Channel [id: 0xe6ba2f96, L:/127.0.0.1:57959 - R:localhost/127.0.0.1:51959] for POST '/session/63a452d37c1af7d0ea544b056dfc09bc/element'
10:48:09.003 [AsyncHttpClient-1-4] DEBUG org.asynchttpclient.netty.handler.HttpHandler - 

Request DefaultHttpRequest(decodeResult: success, version: HTTP/1.1)
POST /session/63a452d37c1af7d0ea544b056dfc09bc/element HTTP/1.1
User-Agent: selenium/4.1.2 (java windows)
Content-Length: 161
Content-Type: application/json; charset=utf-8
host: localhost:51959
accept: */*

Response DefaultHttpResponse(decodeResult: success, version: HTTP/1.1)
HTTP/1.1 200 OK
Content-Type: application/json; charset=utf-8
cache-control: no-cache
content-length: 88

10:48:09.003 [AsyncHttpClient-1-4] DEBUG org.asynchttpclient.netty.channel.ChannelManager - Adding key: http://localhost:51959 for channel [id: 0xe6ba2f96, L:/127.0.0.1:57959 - R:localhost/127.0.0.1:51959]
10:48:09.004 [Forwarding clickElement on session 63a452d37c1af7d0ea544b056dfc09bc to remote] DEBUG org.asynchttpclient.netty.request.NettyRequestSender - Using pooled Channel '[id: 0xe6ba2f96, L:/127.0.0.1:57959 - R:localhost/127.0.0.1:51959]' for 'POST' to 'http://localhost:51959/session/63a452d37c1af7d0ea544b056dfc09bc/element/7266dcda-5178-48b2-be1f-b20dc298ba32/click'
10:48:09.004 [Forwarding clickElement on session 63a452d37c1af7d0ea544b056dfc09bc to remote] DEBUG org.asynchttpclient.netty.request.NettyRequestSender - Using open Channel [id: 0xe6ba2f96, L:/127.0.0.1:57959 - R:localhost/127.0.0.1:51959] for POST '/session/63a452d37c1af7d0ea544b056dfc09bc/element/7266dcda-5178-48b2-be1f-b20dc298ba32/click'
10:48:09.090 [AsyncHttpClient-1-4] DEBUG org.asynchttpclient.netty.handler.HttpHandler - 

Request DefaultHttpRequest(decodeResult: success, version: HTTP/1.1)
POST /session/63a452d37c1af7d0ea544b056dfc09bc/element/7266dcda-5178-48b2-be1f-b20dc298ba32/click HTTP/1.1
User-Agent: selenium/4.1.2 (java windows)
Content-Length: 50
Content-Type: application/json; charset=utf-8
host: localhost:51959
accept: */*

Response DefaultHttpResponse(decodeResult: success, version: HTTP/1.1)
HTTP/1.1 200 OK
Content-Type: application/json; charset=utf-8
cache-control: no-cache
content-length: 14

10:48:09.090 [AsyncHttpClient-1-4] DEBUG org.asynchttpclient.netty.channel.ChannelManager - Adding key: http://localhost:51959 for channel [id: 0xe6ba2f96, L:/127.0.0.1:57959 - R:localhost/127.0.0.1:51959]
10:48:09.100 [Forwarding screenshot on session 63a452d37c1af7d0ea544b056dfc09bc to remote] DEBUG org.asynchttpclient.netty.request.NettyRequestSender - Using pooled Channel '[id: 0xe6ba2f96, L:/127.0.0.1:57959 - R:localhost/127.0.0.1:51959]' for 'GET' to 'http://localhost:51959/session/63a452d37c1af7d0ea544b056dfc09bc/screenshot'
10:48:09.100 [Forwarding screenshot on session 63a452d37c1af7d0ea544b056dfc09bc to remote] DEBUG org.asynchttpclient.netty.request.NettyRequestSender - Using open Channel [id: 0xe6ba2f96, L:/127.0.0.1:57959 - R:localhost/127.0.0.1:51959] for GET '/session/63a452d37c1af7d0ea544b056dfc09bc/screenshot'
10:48:09.222 [AsyncHttpClient-1-4] DEBUG org.asynchttpclient.netty.handler.HttpHandler - 

Request DefaultFullHttpRequest(decodeResult: success, version: HTTP/1.1, content: EmptyByteBufBE)
GET /session/63a452d37c1af7d0ea544b056dfc09bc/screenshot HTTP/1.1
User-Agent: selenium/4.1.2 (java windows)
Cache-Control: no-cache
Content-Type: application/json; charset=utf-8
host: localhost:51959
accept: */*

Response DefaultHttpResponse(decodeResult: success, version: HTTP/1.1)
HTTP/1.1 200 OK
Content-Type: application/json; charset=utf-8
cache-control: no-cache
content-length: 67500

10:48:09.222 [AsyncHttpClient-1-4] DEBUG org.asynchttpclient.netty.channel.ChannelManager - Adding key: http://localhost:51959 for channel [id: 0xe6ba2f96, L:/127.0.0.1:57959 - R:localhost/127.0.0.1:51959]
10:48:09.225 [main] DEBUG net.serenitybdd.core.photography.Darkroom - Send negative for processing for target\site\serenity\032782434616ad65190bb9549fa4f92b95994fe7fd2ff2c3c5558fff4bd16b78.png
10:48:09.226 [main] DEBUG net.thucydides.core.steps.StepInterceptor - STEP DONE: clickSearchButton
  &amp#27;[32mWhen &amp#27;[0m&amp#27;[32mI input doctor name and click search&amp#27;[0m           &amp#27;[90m# starter.stepdefinitions.DoctorSteps.iInputDoctorNameAndClickSearch()&amp#27;[0m
10:48:09.227 [Darkroom Processing Line] DEBUG net.serenitybdd.core.photography.DarkroomProcessingLine - Processing screenshot image in /var/screenshots/screenshot-17317658406756495614
10:48:09.227 [Darkroom Processing Line] DEBUG net.serenitybdd.core.photography.DarkroomProcessingLine - Saving screenshot to target\site\serenity\032782434616ad65190bb9549fa4f92b95994fe7fd2ff2c3c5558fff4bd16b78.png
10:48:09.238 [Forwarding findElement on session 63a452d37c1af7d0ea544b056dfc09bc to remote] DEBUG org.asynchttpclient.netty.request.NettyRequestSender - Using pooled Channel '[id: 0xe6ba2f96, L:/127.0.0.1:57959 - R:localhost/127.0.0.1:51959]' for 'POST' to 'http://localhost:51959/session/63a452d37c1af7d0ea544b056dfc09bc/element'
10:48:09.238 [Forwarding findElement on session 63a452d37c1af7d0ea544b056dfc09bc to remote] DEBUG org.asynchttpclient.netty.request.NettyRequestSender - Using open Channel [id: 0xe6ba2f96, L:/127.0.0.1:57959 - R:localhost/127.0.0.1:51959] for POST '/session/63a452d37c1af7d0ea544b056dfc09bc/element'
10:48:09.466 [AsyncHttpClient-1-1] DEBUG org.asynchttpclient.netty.channel.DefaultChannelPool - Entry count for : http://localhost:57960 : 1
10:48:09.785 [AsyncHttpClient-1-4] DEBUG org.asynchttpclient.netty.handler.HttpHandler - 

Request DefaultHttpRequest(decodeResult: success, version: HTTP/1.1)
POST /session/63a452d37c1af7d0ea544b056dfc09bc/element HTTP/1.1
User-Agent: selenium/4.1.2 (java windows)
Content-Length: 81
Content-Type: application/json; charset=utf-8
host: localhost:51959
accept: */*

Response DefaultHttpResponse(decodeResult: success, version: HTTP/1.1)
HTTP/1.1 200 OK
Content-Type: application/json; charset=utf-8
cache-control: no-cache
content-length: 88

10:48:09.786 [AsyncHttpClient-1-4] DEBUG org.asynchttpclient.netty.channel.ChannelManager - Adding key: http://localhost:51959 for channel [id: 0xe6ba2f96, L:/127.0.0.1:57959 - R:localhost/127.0.0.1:51959]
10:48:09.789 [Forwarding isElementDisplayed on session 63a452d37c1af7d0ea544b056dfc09bc to remote] DEBUG org.asynchttpclient.netty.request.NettyRequestSender - Using pooled Channel '[id: 0xe6ba2f96, L:/127.0.0.1:57959 - R:localhost/127.0.0.1:51959]' for 'POST' to 'http://localhost:51959/session/63a452d37c1af7d0ea544b056dfc09bc/execute/sync'
10:48:09.789 [Forwarding isElementDisplayed on session 63a452d37c1af7d0ea544b056dfc09bc to remote] DEBUG org.asynchttpclient.netty.request.NettyRequestSender - Using open Channel [id: 0xe6ba2f96, L:/127.0.0.1:57959 - R:localhost/127.0.0.1:51959] for POST '/session/63a452d37c1af7d0ea544b056dfc09bc/execute/sync'
10:48:09.808 [AsyncHttpClient-1-4] DEBUG org.asynchttpclient.netty.handler.HttpHandler - 

Request DefaultHttpRequest(decodeResult: success, version: HTTP/1.1)
POST /session/63a452d37c1af7d0ea544b056dfc09bc/execute/sync HTTP/1.1
User-Agent: selenium/4.1.2 (java windows)
Content-Length: 48780
Content-Type: application/json; charset=utf-8
host: localhost:51959
accept: */*

Response DefaultHttpResponse(decodeResult: success, version: HTTP/1.1)
HTTP/1.1 200 OK
Content-Type: application/json; charset=utf-8
cache-control: no-cache
content-length: 14

10:48:09.808 [AsyncHttpClient-1-4] DEBUG org.asynchttpclient.netty.channel.ChannelManager - Adding key: http://localhost:51959 for channel [id: 0xe6ba2f96, L:/127.0.0.1:57959 - R:localhost/127.0.0.1:51959]
  &amp#27;[32mThen &amp#27;[0m&amp#27;[32mI validate search by doctor name&amp#27;[0m               &amp#27;[90m# starter.stepdefinitions.DoctorSteps.iValidateSearchByDoctorName()&amp#27;[0m
10:48:09.812 [Forwarding screenshot on session 63a452d37c1af7d0ea544b056dfc09bc to remote] DEBUG org.asynchttpclient.netty.request.NettyRequestSender - Using pooled Channel '[id: 0xe6ba2f96, L:/127.0.0.1:57959 - R:localhost/127.0.0.1:51959]' for 'GET' to 'http://localhost:51959/session/63a452d37c1af7d0ea544b056dfc09bc/screenshot'
10:48:09.812 [Forwarding screenshot on session 63a452d37c1af7d0ea544b056dfc09bc to remote] DEBUG org.asynchttpclient.netty.request.NettyRequestSender - Using open Channel [id: 0xe6ba2f96, L:/127.0.0.1:57959 - R:localhost/127.0.0.1:51959] for GET '/session/63a452d37c1af7d0ea544b056dfc09bc/screenshot'
10:48:09.896 [AsyncHttpClient-1-4] DEBUG org.asynchttpclient.netty.handler.HttpHandler - 

Request DefaultFullHttpRequest(decodeResult: success, version: HTTP/1.1, content: EmptyByteBufBE)
GET /session/63a452d37c1af7d0ea544b056dfc09bc/screenshot HTTP/1.1
User-Agent: selenium/4.1.2 (java windows)
Cache-Control: no-cache
Content-Type: application/json; charset=utf-8
host: localhost:51959
accept: */*

Response DefaultHttpResponse(decodeResult: success, version: HTTP/1.1)
HTTP/1.1 200 OK
Content-Type: application/json; charset=utf-8
cache-control: no-cache
content-length: 73736

10:48:09.897 [AsyncHttpClient-1-4] DEBUG org.asynchttpclient.netty.channel.ChannelManager - Adding key: http://localhost:51959 for channel [id: 0xe6ba2f96, L:/127.0.0.1:57959 - R:localhost/127.0.0.1:51959]
10:48:09.900 [main] DEBUG net.serenitybdd.core.photography.Darkroom - Send negative for processing for target\site\serenity\0dea4fced45cdac1c615ac9e7d35b46676df0e095b5566cbede3eeecbb0f62ee.png
10:48:09.901 [Darkroom Processing Line] DEBUG net.serenitybdd.core.photography.DarkroomProcessingLine - Processing screenshot image in /var/screenshots/screenshot-13252419648807298424
10:48:09.901 [Darkroom Processing Line] DEBUG net.serenitybdd.core.photography.DarkroomProcessingLine - Saving screenshot to target\site\serenity\0dea4fced45cdac1c615ac9e7d35b46676df0e095b5566cbede3eeecbb0f62ee.png
10:48:09.901 [main] INFO  - 
  _____   ___   ___   _____     ___     _     ___   ___   ___   ___  
 |_   _| | __| / __| |_   _|   | _ \   /_\   / __| / __| | __| |   \ 
   | |   | _|  \__ \   | |     |  _/  / _ \  \__ \ \__ \ | _|  | |) |
   |_|   |___| |___/   |_|     |_|   /_/ \_\ |___/ |___/ |___| |___/ 

Search Doctor Based on Doctor Name Scenario
----------------------------------------------------------------------
10:48:09.903 [AsyncHttpClient-1-6] DEBUG org.asynchttpclient.netty.handler.WebSocketHandler - Channel Closed: [id: 0xb78cb4d1, L:/127.0.0.1:57966 ! R:localhost/127.0.0.1:57960] with attribute NettyResponseFuture{currentRetry=5,
	isDone=1,
	isCancelled=0,
	asyncHandler=org.asynchttpclient.ws.WebSocketUpgradeHandler@48b331c8,
	nettyRequest=org.asynchttpclient.netty.request.NettyRequest@55dc9f0a,
	future=java.util.concurrent.CompletableFuture@58f60ec9[Completed normally],
	uri=ws://localhost:57960/devtools/browser/974c60bf-c6f4-492a-ae07-e7aec968b385,
	keepAlive=true,
	redirectCount=0,
	timeoutsHolder=null,
	inAuth=0,
	touch=1655783283918}
10:48:09.903 [AsyncHttpClient-1-6] DEBUG org.asynchttpclient.netty.channel.ChannelManager - Closing Channel [id: 0xb78cb4d1, L:/127.0.0.1:57966 ! R:localhost/127.0.0.1:57960] 
10:48:09.903 [Driver Command Executor] DEBUG org.asynchttpclient.netty.request.NettyRequestSender - Using pooled Channel '[id: 0xe6ba2f96, L:/127.0.0.1:57959 - R:localhost/127.0.0.1:51959]' for 'DELETE' to 'http://localhost:51959/session/63a452d37c1af7d0ea544b056dfc09bc'
10:48:09.904 [Driver Command Executor] DEBUG org.asynchttpclient.netty.request.NettyRequestSender - Using open Channel [id: 0xe6ba2f96, L:/127.0.0.1:57959 - R:localhost/127.0.0.1:51959] for DELETE '/session/63a452d37c1af7d0ea544b056dfc09bc'
10:48:09.930 [AsyncHttpClient-1-5] DEBUG org.asynchttpclient.netty.handler.HttpHandler - Unexpected I/O exception on channel [id: 0x58f8a31f, L:/127.0.0.1:57965 - R:localhost/127.0.0.1:57960]
java.net.SocketException: Connection reset
	at java.base/sun.nio.ch.SocketChannelImpl.throwConnectionReset(SocketChannelImpl.java:367)
	at java.base/sun.nio.ch.SocketChannelImpl.read(SocketChannelImpl.java:398)
	at io.netty.buffer.PooledByteBuf.setBytes(PooledByteBuf.java:258)
	at io.netty.buffer.AbstractByteBuf.writeBytes(AbstractByteBuf.java:1132)
	at io.netty.channel.socket.nio.NioSocketChannel.doReadBytes(NioSocketChannel.java:350)
	at io.netty.channel.nio.AbstractNioByteChannel$NioByteUnsafe.read(AbstractNioByteChannel.java:151)
	at io.netty.channel.nio.NioEventLoop.processSelectedKey(NioEventLoop.java:722)
	at io.netty.channel.nio.NioEventLoop.processSelectedKeysOptimized(NioEventLoop.java:658)
	at io.netty.channel.nio.NioEventLoop.processSelectedKeys(NioEventLoop.java:584)
	at io.netty.channel.nio.NioEventLoop.run(NioEventLoop.java:496)
	at io.netty.util.concurrent.SingleThreadEventExecutor$4.run(SingleThreadEventExecutor.java:986)
	at io.netty.util.internal.ThreadExecutorMap$2.run(ThreadExecutorMap.java:74)
	at io.netty.util.concurrent.FastThreadLocalRunnable.run(FastThreadLocalRunnable.java:30)
	at java.base/java.lang.Thread.run(Thread.java:832)
10:48:09.930 [AsyncHttpClient-1-5] DEBUG org.asynchttpclient.netty.channel.ChannelManager - Closing Channel [id: 0x58f8a31f, L:/127.0.0.1:57965 - R:localhost/127.0.0.1:57960] 
10:48:09.930 [AsyncHttpClient-1-5] DEBUG org.asynchttpclient.netty.handler.HttpHandler - Channel Closed: [id: 0x58f8a31f, L:/127.0.0.1:57965 ! R:localhost/127.0.0.1:57960] with attribute DISCARD
10:48:09.955 [AsyncHttpClient-1-4] DEBUG org.asynchttpclient.netty.handler.HttpHandler - 

Request DefaultFullHttpRequest(decodeResult: success, version: HTTP/1.1, content: EmptyByteBufBE)
DELETE /session/63a452d37c1af7d0ea544b056dfc09bc HTTP/1.1
User-Agent: selenium/4.1.2 (java windows)
Content-Type: application/json; charset=utf-8
host: localhost:51959
accept: */*

Response DefaultHttpResponse(decodeResult: success, version: HTTP/1.1)
HTTP/1.1 200 OK
Content-Type: application/json; charset=utf-8
cache-control: no-cache
content-length: 14

10:48:09.955 [AsyncHttpClient-1-4] DEBUG org.asynchttpclient.netty.channel.ChannelManager - Adding key: http://localhost:51959 for channel [id: 0xe6ba2f96, L:/127.0.0.1:57959 - R:localhost/127.0.0.1:51959]
10:48:10.097 [AsyncHttpClient-1-4] DEBUG org.asynchttpclient.netty.handler.HttpHandler - Channel Closed: [id: 0xe6ba2f96, L:/127.0.0.1:57959 ! R:localhost/127.0.0.1:51959] with attribute DISCARD
10:48:10.566 [AsyncHttpClient-1-1] DEBUG org.asynchttpclient.netty.channel.DefaultChannelPool - Entry count for : http://localhost:51959 : 1
10:48:10.566 [AsyncHttpClient-1-1] DEBUG org.asynchttpclient.netty.channel.DefaultChannelPool - Entry count for : http://localhost:57960 : 1
10:48:10.566 [AsyncHttpClient-1-1] DEBUG org.asynchttpclient.netty.channel.DefaultChannelPool - Adding Candidate expired Channel [id: 0xe6ba2f96, L:/127.0.0.1:57959 ! R:localhost/127.0.0.1:51959] isIdleTimeoutExpired=false isRemotelyClosed=true isTtlExpired=false
10:48:10.566 [AsyncHttpClient-1-1] DEBUG org.asynchttpclient.netty.channel.DefaultChannelPool - Closing Idle Channel [id: 0xe6ba2f96, L:/127.0.0.1:57959 ! R:localhost/127.0.0.1:51959]
10:48:10.566 [AsyncHttpClient-1-1] DEBUG org.asynchttpclient.netty.channel.DefaultChannelPool - Adding Candidate expired Channel [id: 0x58f8a31f, L:/127.0.0.1:57965 ! R:localhost/127.0.0.1:57960] isIdleTimeoutExpired=false isRemotelyClosed=true isTtlExpired=false
10:48:10.566 [AsyncHttpClient-1-1] DEBUG org.asynchttpclient.netty.channel.DefaultChannelPool - Closing Idle Channel [id: 0x58f8a31f, L:/127.0.0.1:57965 ! R:localhost/127.0.0.1:57960]
10:48:10.566 [AsyncHttpClient-1-1] DEBUG org.asynchttpclient.netty.channel.DefaultChannelPool - Closed 2 connections out of 2 in 0 ms
]]></system-out>
    <system-err><![CDATA[Starting ChromeDriver 102.0.5005.61 (0e59bcc00cc4985ce39ad31c150065f159d95ad3-refs/branch-heads/5005@{#819}) on port 51959
Only local connections are allowed.
Please see https://chromedriver.chromium.org/security-considerations for suggestions on keeping ChromeDriver safe.
ChromeDriver was started successfully.
Jun 21, 2022 10:48:03 AM org.openqa.selenium.remote.ProtocolHandshake createSession
INFO: Detected dialect: W3C
Jun 21, 2022 10:48:03 AM org.openqa.selenium.devtools.CdpVersionFinder findNearestMatch
WARNING: Unable to find an exact match for CDP version 102, so returning the closest version found: a no-op implementation
Jun 21, 2022 10:48:03 AM org.openqa.selenium.devtools.CdpVersionFinder findNearestMatch
INFO: Unable to find CDP implementation matching 102.
Jun 21, 2022 10:48:03 AM org.openqa.selenium.chromium.ChromiumDriver lambda$new$3
WARNING: Unable to find version of CDP to use for . You may need to include a dependency on a specific version of the CDP using something similar to `org.seleniumhq.selenium:selenium-devtools-v86:4.1.2` where the version ("v86") matches the version of the chromium-based browser you're using and the version number of the artifact is the same as Selenium's.
]]></system-err>
  </testcase>
  <testcase name="Search Doctor Based on Doctor Phone Number Scenario" classname="Doctor" time="9.264">
    <system-out><![CDATA[
@Doctor
Scenario: Search Doctor Based on Doctor Phone Number Scenario &amp#27;[90m# src/test/resources/features/3.Doctor.feature:74&amp#27;[0m
10:48:10.623 [main] INFO io.cucumber.core.plugin.SerenityReporter - Running feature from file:///E:/My%20Documents/File%20Difa/TI%20Semester%206%20Kampus%20Merdeka%20Alterra/Tugas/CAPSTONE%20Project/Capstone-Project-Website/src/test/resources/features/3.Doctor.feature
10:48:10.626 [main] INFO  - 
  _____   ___   ___   _____     ___   _____     _     ___   _____   ___   ___  
 |_   _| | __| / __| |_   _|   / __| |_   _|   /_\   | _ \ |_   _| | __| |   \ 
   | |   | _|  \__ \   | |     \__ \   | |    / _ \  |   /   | |   | _|  | |) |
   |_|   |___| |___/   |_|     |___/   |_|   /_/ \_\ |_|_\   |_|   |___| |___/ 

Search Doctor Based on Doctor Phone Number Scenario(doctor;search-doctor-based-on-doctor-phone-number-scenario)
--------------------------------------------------------------------------------
10:48:10.653 [main] DEBUG net.thucydides.core.steps.StepInterceptor - STARTING STEP: PatientSteps.iAmAtTheDashboardPage - openUrl
10:48:10.655 [main] INFO net.serenitybdd.core.webdriver.driverproviders.ChromeDriverProvider - Using automatically driver download
10:48:11.178 [main] DEBUG io.github.bonigarcia.wdm.cache.ResolutionCache - Resolution chrome=102 in cache (valid until 11:37:46 21/06/2022 ICT)
10:48:11.182 [main] DEBUG io.github.bonigarcia.wdm.cache.ResolutionCache - Resolution chrome102=102.0.5005.61 in cache (valid until 09:22:16 22/06/2022 ICT)
10:48:11.184 [main] INFO io.github.bonigarcia.wdm.WebDriverManager - Using chromedriver 102.0.5005.61 (resolved driver for Chrome 102)
10:48:11.199 [main] DEBUG io.github.bonigarcia.wdm.WebDriverManager - Driver chromedriver 102.0.5005.61 found in cache
10:48:11.200 [main] INFO io.github.bonigarcia.wdm.WebDriverManager - Exporting webdriver.chrome.driver as C:\Users\USER\.cache\selenium\chromedriver\win32\102.0.5005.61\chromedriver.exe
10:48:11.450 [main] DEBUG net.serenitybdd.core.webdriver.driverproviders.ProvideNewDriver - Instantiating driver
10:48:11.450 [main] DEBUG net.serenitybdd.core.webdriver.driverproviders.ProvideNewDriver - Driver capabilities: Capabilities {acceptInsecureCerts: false, base.url: https://hospital-management..., browserName: chrome, chrome.driver: src/test/resources/webdrive..., driver: chrome, goog:chromeOptions: {args: [], extensions: []}}
10:48:11.990 [AsyncHttpClient-1-7] DEBUG org.asynchttpclient.netty.channel.NettyConnectListener - Using new Channel '[id: 0x351ba6f4, L:/127.0.0.1:57980 - R:localhost/127.0.0.1:59035]' for 'POST' to '/session'
10:48:13.239 [AsyncHttpClient-1-7] DEBUG org.asynchttpclient.netty.handler.HttpHandler - 

Request DefaultHttpRequest(decodeResult: success, version: HTTP/1.1)
POST /session HTTP/1.1
User-Agent: selenium/4.1.2 (java windows)
Content-Length: 621
Content-Type: application/json; charset=utf-8
host: localhost:59035
accept: */*

Response DefaultHttpResponse(decodeResult: success, version: HTTP/1.1)
HTTP/1.1 200 OK
Content-Type: application/json; charset=utf-8
cache-control: no-cache
content-length: 788

10:48:13.240 [AsyncHttpClient-1-7] DEBUG org.asynchttpclient.netty.channel.ChannelManager - Adding key: http://localhost:59035 for channel [id: 0x351ba6f4, L:/127.0.0.1:57980 - R:localhost/127.0.0.1:59035]
10:48:13.254 [AsyncHttpClient-1-8] DEBUG org.asynchttpclient.netty.channel.NettyConnectListener - Using new Channel '[id: 0xa9d7d601, L:/127.0.0.1:57988 - R:localhost/127.0.0.1:57981]' for 'GET' to '/json/version'
10:48:13.254 [AsyncHttpClient-1-8] DEBUG org.asynchttpclient.netty.handler.HttpHandler - 

Request DefaultFullHttpRequest(decodeResult: success, version: HTTP/1.1, content: EmptyByteBufBE)
GET /json/version HTTP/1.1
User-Agent: selenium/4.1.2 (java windows)
host: localhost:57981
accept: */*

Response DefaultHttpResponse(decodeResult: success, version: HTTP/1.1)
HTTP/1.1 200 OK
Content-Type: application/json; charset=UTF-8
content-length: 427

10:48:13.254 [AsyncHttpClient-1-8] DEBUG org.asynchttpclient.netty.channel.ChannelManager - Adding key: http://localhost:57981 for channel [id: 0xa9d7d601, L:/127.0.0.1:57988 - R:localhost/127.0.0.1:57981]
10:48:13.262 [AsyncHttpClient-1-9] DEBUG org.asynchttpclient.netty.channel.NettyConnectListener - Using new Channel '[id: 0x55c81aae, L:/127.0.0.1:57989 - R:localhost/127.0.0.1:57981]' for 'GET' to '/devtools/browser/32a8c01e-2572-477a-9992-ec5bc8b7c1b5'
10:48:13.264 [AsyncHttpClient-1-9] DEBUG org.asynchttpclient.netty.handler.WebSocketHandler - 

Request DefaultFullHttpRequest(decodeResult: success, version: HTTP/1.1, content: EmptyByteBufBE)
GET /devtools/browser/32a8c01e-2572-477a-9992-ec5bc8b7c1b5 HTTP/1.1
upgrade: websocket
connection: upgrade
sec-websocket-key: XFZxED/iLh/Mi4xdG5iimQ==
sec-websocket-version: 13
origin: http://localhost:57981
host: localhost:57981
accept: */*
user-agent: AHC/2.1

Response DefaultHttpResponse(decodeResult: success, version: HTTP/1.1)
HTTP/1.1 101 WebSocket Protocol Handshake
Upgrade: WebSocket
Connection: Upgrade
Sec-WebSocket-Accept: OJ1Pa6pz/G3dBfTPJCRFFlWIEcU=

10:48:13.271 [Forwarding maximizeCurrentWindow on session 754a86844db74081cd4bfa73febfb521 to remote] DEBUG org.asynchttpclient.netty.request.NettyRequestSender - Using pooled Channel '[id: 0x351ba6f4, L:/127.0.0.1:57980 - R:localhost/127.0.0.1:59035]' for 'POST' to 'http://localhost:59035/session/754a86844db74081cd4bfa73febfb521/window/maximize'
10:48:13.271 [Forwarding maximizeCurrentWindow on session 754a86844db74081cd4bfa73febfb521 to remote] DEBUG org.asynchttpclient.netty.request.NettyRequestSender - Using open Channel [id: 0x351ba6f4, L:/127.0.0.1:57980 - R:localhost/127.0.0.1:59035] for POST '/session/754a86844db74081cd4bfa73febfb521/window/maximize'
10:48:13.400 [AsyncHttpClient-1-7] DEBUG org.asynchttpclient.netty.handler.HttpHandler - 

Request DefaultHttpRequest(decodeResult: success, version: HTTP/1.1)
POST /session/754a86844db74081cd4bfa73febfb521/window/maximize HTTP/1.1
User-Agent: selenium/4.1.2 (java windows)
Content-Length: 3
Content-Type: application/json; charset=utf-8
host: localhost:59035
accept: */*

Response DefaultHttpResponse(decodeResult: success, version: HTTP/1.1)
HTTP/1.1 200 OK
Content-Type: application/json; charset=utf-8
cache-control: no-cache
content-length: 51

10:48:13.400 [AsyncHttpClient-1-7] DEBUG org.asynchttpclient.netty.channel.ChannelManager - Adding key: http://localhost:59035 for channel [id: 0x351ba6f4, L:/127.0.0.1:57980 - R:localhost/127.0.0.1:59035]
10:48:13.401 [Forwarding get on session 754a86844db74081cd4bfa73febfb521 to remote] DEBUG org.asynchttpclient.netty.request.NettyRequestSender - Using pooled Channel '[id: 0x351ba6f4, L:/127.0.0.1:57980 - R:localhost/127.0.0.1:59035]' for 'POST' to 'http://localhost:59035/session/754a86844db74081cd4bfa73febfb521/url'
10:48:13.401 [Forwarding get on session 754a86844db74081cd4bfa73febfb521 to remote] DEBUG org.asynchttpclient.netty.request.NettyRequestSender - Using open Channel [id: 0x351ba6f4, L:/127.0.0.1:57980 - R:localhost/127.0.0.1:59035] for POST '/session/754a86844db74081cd4bfa73febfb521/url'
10:48:13.863 [AsyncHttpClient-1-1] DEBUG org.asynchttpclient.netty.channel.DefaultChannelPool - Entry count for : http://localhost:57981 : 1
10:48:14.964 [AsyncHttpClient-1-1] DEBUG org.asynchttpclient.netty.channel.DefaultChannelPool - Entry count for : http://localhost:57981 : 1
10:48:16.064 [AsyncHttpClient-1-1] DEBUG org.asynchttpclient.netty.channel.DefaultChannelPool - Entry count for : http://localhost:57981 : 1
10:48:16.089 [AsyncHttpClient-1-7] DEBUG org.asynchttpclient.netty.handler.HttpHandler - 

Request DefaultHttpRequest(decodeResult: success, version: HTTP/1.1)
POST /session/754a86844db74081cd4bfa73febfb521/url HTTP/1.1
User-Agent: selenium/4.1.2 (java windows)
Content-Length: 65
Content-Type: application/json; charset=utf-8
host: localhost:59035
accept: */*

Response DefaultHttpResponse(decodeResult: success, version: HTTP/1.1)
HTTP/1.1 200 OK
Content-Type: application/json; charset=utf-8
cache-control: no-cache
content-length: 14

10:48:16.089 [AsyncHttpClient-1-7] DEBUG org.asynchttpclient.netty.channel.ChannelManager - Adding key: http://localhost:59035 for channel [id: 0x351ba6f4, L:/127.0.0.1:57980 - R:localhost/127.0.0.1:59035]
10:48:16.091 [Forwarding setTimeout on session 754a86844db74081cd4bfa73febfb521 to remote] DEBUG org.asynchttpclient.netty.request.NettyRequestSender - Using pooled Channel '[id: 0x351ba6f4, L:/127.0.0.1:57980 - R:localhost/127.0.0.1:59035]' for 'POST' to 'http://localhost:59035/session/754a86844db74081cd4bfa73febfb521/timeouts'
10:48:16.091 [Forwarding setTimeout on session 754a86844db74081cd4bfa73febfb521 to remote] DEBUG org.asynchttpclient.netty.request.NettyRequestSender - Using open Channel [id: 0x351ba6f4, L:/127.0.0.1:57980 - R:localhost/127.0.0.1:59035] for POST '/session/754a86844db74081cd4bfa73febfb521/timeouts'
10:48:16.093 [AsyncHttpClient-1-7] DEBUG org.asynchttpclient.netty.handler.HttpHandler - 

Request DefaultHttpRequest(decodeResult: success, version: HTTP/1.1)
POST /session/754a86844db74081cd4bfa73febfb521/timeouts HTTP/1.1
User-Agent: selenium/4.1.2 (java windows)
Content-Length: 22
Content-Type: application/json; charset=utf-8
host: localhost:59035
accept: */*

Response DefaultHttpResponse(decodeResult: success, version: HTTP/1.1)
HTTP/1.1 200 OK
Content-Type: application/json; charset=utf-8
cache-control: no-cache
content-length: 14

10:48:16.093 [AsyncHttpClient-1-7] DEBUG org.asynchttpclient.netty.channel.ChannelManager - Adding key: http://localhost:59035 for channel [id: 0x351ba6f4, L:/127.0.0.1:57980 - R:localhost/127.0.0.1:59035]
10:48:16.098 [Forwarding getCurrentUrl on session 754a86844db74081cd4bfa73febfb521 to remote] DEBUG org.asynchttpclient.netty.request.NettyRequestSender - Using pooled Channel '[id: 0x351ba6f4, L:/127.0.0.1:57980 - R:localhost/127.0.0.1:59035]' for 'GET' to 'http://localhost:59035/session/754a86844db74081cd4bfa73febfb521/url'
10:48:16.098 [Forwarding getCurrentUrl on session 754a86844db74081cd4bfa73febfb521 to remote] DEBUG org.asynchttpclient.netty.request.NettyRequestSender - Using open Channel [id: 0x351ba6f4, L:/127.0.0.1:57980 - R:localhost/127.0.0.1:59035] for GET '/session/754a86844db74081cd4bfa73febfb521/url'
10:48:16.108 [AsyncHttpClient-1-7] DEBUG org.asynchttpclient.netty.handler.HttpHandler - 

Request DefaultFullHttpRequest(decodeResult: success, version: HTTP/1.1, content: EmptyByteBufBE)
GET /session/754a86844db74081cd4bfa73febfb521/url HTTP/1.1
User-Agent: selenium/4.1.2 (java windows)
Cache-Control: no-cache
Content-Type: application/json; charset=utf-8
host: localhost:59035
accept: */*

Response DefaultHttpResponse(decodeResult: success, version: HTTP/1.1)
HTTP/1.1 200 OK
Content-Type: application/json; charset=utf-8
cache-control: no-cache
content-length: 53

10:48:16.108 [AsyncHttpClient-1-7] DEBUG org.asynchttpclient.netty.channel.ChannelManager - Adding key: http://localhost:59035 for channel [id: 0x351ba6f4, L:/127.0.0.1:57980 - R:localhost/127.0.0.1:59035]
10:48:16.112 [Forwarding getCurrentUrl on session 754a86844db74081cd4bfa73febfb521 to remote] DEBUG org.asynchttpclient.netty.request.NettyRequestSender - Using pooled Channel '[id: 0x351ba6f4, L:/127.0.0.1:57980 - R:localhost/127.0.0.1:59035]' for 'GET' to 'http://localhost:59035/session/754a86844db74081cd4bfa73febfb521/url'
10:48:16.112 [Forwarding getCurrentUrl on session 754a86844db74081cd4bfa73febfb521 to remote] DEBUG org.asynchttpclient.netty.request.NettyRequestSender - Using open Channel [id: 0x351ba6f4, L:/127.0.0.1:57980 - R:localhost/127.0.0.1:59035] for GET '/session/754a86844db74081cd4bfa73febfb521/url'
10:48:16.116 [AsyncHttpClient-1-7] DEBUG org.asynchttpclient.netty.handler.HttpHandler - 

Request DefaultFullHttpRequest(decodeResult: success, version: HTTP/1.1, content: EmptyByteBufBE)
GET /session/754a86844db74081cd4bfa73febfb521/url HTTP/1.1
User-Agent: selenium/4.1.2 (java windows)
Cache-Control: no-cache
Content-Type: application/json; charset=utf-8
host: localhost:59035
accept: */*

Response DefaultHttpResponse(decodeResult: success, version: HTTP/1.1)
HTTP/1.1 200 OK
Content-Type: application/json; charset=utf-8
cache-control: no-cache
content-length: 53

10:48:16.116 [AsyncHttpClient-1-7] DEBUG org.asynchttpclient.netty.channel.ChannelManager - Adding key: http://localhost:59035 for channel [id: 0x351ba6f4, L:/127.0.0.1:57980 - R:localhost/127.0.0.1:59035]
10:48:16.127 [Forwarding screenshot on session 754a86844db74081cd4bfa73febfb521 to remote] DEBUG org.asynchttpclient.netty.request.NettyRequestSender - Using pooled Channel '[id: 0x351ba6f4, L:/127.0.0.1:57980 - R:localhost/127.0.0.1:59035]' for 'GET' to 'http://localhost:59035/session/754a86844db74081cd4bfa73febfb521/screenshot'
10:48:16.127 [Forwarding screenshot on session 754a86844db74081cd4bfa73febfb521 to remote] DEBUG org.asynchttpclient.netty.request.NettyRequestSender - Using open Channel [id: 0x351ba6f4, L:/127.0.0.1:57980 - R:localhost/127.0.0.1:59035] for GET '/session/754a86844db74081cd4bfa73febfb521/screenshot'
10:48:16.471 [AsyncHttpClient-1-7] DEBUG org.asynchttpclient.netty.handler.HttpHandler - 

Request DefaultFullHttpRequest(decodeResult: success, version: HTTP/1.1, content: EmptyByteBufBE)
GET /session/754a86844db74081cd4bfa73febfb521/screenshot HTTP/1.1
User-Agent: selenium/4.1.2 (java windows)
Cache-Control: no-cache
Content-Type: application/json; charset=utf-8
host: localhost:59035
accept: */*

Response DefaultHttpResponse(decodeResult: success, version: HTTP/1.1)
HTTP/1.1 200 OK
Content-Type: application/json; charset=utf-8
cache-control: no-cache
content-length: 382596

10:48:16.474 [AsyncHttpClient-1-7] DEBUG org.asynchttpclient.netty.channel.ChannelManager - Adding key: http://localhost:59035 for channel [id: 0x351ba6f4, L:/127.0.0.1:57980 - R:localhost/127.0.0.1:59035]
10:48:16.502 [main] DEBUG net.serenitybdd.core.photography.Darkroom - Send negative for processing for target\site\serenity\ed15a54c91c342d96a850276df7b559f4526b370fc93040e3c407a48a170f368.png
10:48:16.502 [main] DEBUG net.thucydides.core.steps.StepInterceptor - STEP DONE: openUrl
10:48:16.514 [main] DEBUG net.thucydides.core.steps.StepInterceptor - STARTING STEP: PatientSteps.iAmAtTheDashboardPage - validateOnDashboardPage
10:48:16.517 [Forwarding findElement on session 754a86844db74081cd4bfa73febfb521 to remote] DEBUG org.asynchttpclient.netty.request.NettyRequestSender - Using pooled Channel '[id: 0x351ba6f4, L:/127.0.0.1:57980 - R:localhost/127.0.0.1:59035]' for 'POST' to 'http://localhost:59035/session/754a86844db74081cd4bfa73febfb521/element'
10:48:16.517 [Forwarding findElement on session 754a86844db74081cd4bfa73febfb521 to remote] DEBUG org.asynchttpclient.netty.request.NettyRequestSender - Using open Channel [id: 0x351ba6f4, L:/127.0.0.1:57980 - R:localhost/127.0.0.1:59035] for POST '/session/754a86844db74081cd4bfa73febfb521/element'
10:48:16.539 [AsyncHttpClient-1-7] DEBUG org.asynchttpclient.netty.handler.HttpHandler - 

Request DefaultHttpRequest(decodeResult: success, version: HTTP/1.1)
POST /session/754a86844db74081cd4bfa73febfb521/element HTTP/1.1
User-Agent: selenium/4.1.2 (java windows)
Content-Length: 81
Content-Type: application/json; charset=utf-8
host: localhost:59035
accept: */*

Response DefaultHttpResponse(decodeResult: success, version: HTTP/1.1)
HTTP/1.1 200 OK
Content-Type: application/json; charset=utf-8
cache-control: no-cache
content-length: 88

10:48:16.539 [AsyncHttpClient-1-7] DEBUG org.asynchttpclient.netty.channel.ChannelManager - Adding key: http://localhost:59035 for channel [id: 0x351ba6f4, L:/127.0.0.1:57980 - R:localhost/127.0.0.1:59035]
10:48:16.544 [Forwarding isElementDisplayed on session 754a86844db74081cd4bfa73febfb521 to remote] DEBUG org.asynchttpclient.netty.request.NettyRequestSender - Using pooled Channel '[id: 0x351ba6f4, L:/127.0.0.1:57980 - R:localhost/127.0.0.1:59035]' for 'POST' to 'http://localhost:59035/session/754a86844db74081cd4bfa73febfb521/execute/sync'
10:48:16.544 [Forwarding isElementDisplayed on session 754a86844db74081cd4bfa73febfb521 to remote] DEBUG org.asynchttpclient.netty.request.NettyRequestSender - Using open Channel [id: 0x351ba6f4, L:/127.0.0.1:57980 - R:localhost/127.0.0.1:59035] for POST '/session/754a86844db74081cd4bfa73febfb521/execute/sync'
10:48:16.570 [AsyncHttpClient-1-7] DEBUG org.asynchttpclient.netty.handler.HttpHandler - 

Request DefaultHttpRequest(decodeResult: success, version: HTTP/1.1)
POST /session/754a86844db74081cd4bfa73febfb521/execute/sync HTTP/1.1
User-Agent: selenium/4.1.2 (java windows)
Content-Length: 48780
Content-Type: application/json; charset=utf-8
host: localhost:59035
accept: */*

Response DefaultHttpResponse(decodeResult: success, version: HTTP/1.1)
HTTP/1.1 200 OK
Content-Type: application/json; charset=utf-8
cache-control: no-cache
content-length: 14

10:48:16.570 [AsyncHttpClient-1-7] DEBUG org.asynchttpclient.netty.channel.ChannelManager - Adding key: http://localhost:59035 for channel [id: 0x351ba6f4, L:/127.0.0.1:57980 - R:localhost/127.0.0.1:59035]
10:48:16.579 [Forwarding screenshot on session 754a86844db74081cd4bfa73febfb521 to remote] DEBUG org.asynchttpclient.netty.request.NettyRequestSender - Using pooled Channel '[id: 0x351ba6f4, L:/127.0.0.1:57980 - R:localhost/127.0.0.1:59035]' for 'GET' to 'http://localhost:59035/session/754a86844db74081cd4bfa73febfb521/screenshot'
10:48:16.579 [Forwarding screenshot on session 754a86844db74081cd4bfa73febfb521 to remote] DEBUG org.asynchttpclient.netty.request.NettyRequestSender - Using open Channel [id: 0x351ba6f4, L:/127.0.0.1:57980 - R:localhost/127.0.0.1:59035] for GET '/session/754a86844db74081cd4bfa73febfb521/screenshot'
10:48:16.913 [AsyncHttpClient-1-7] DEBUG org.asynchttpclient.netty.handler.HttpHandler - 

Request DefaultFullHttpRequest(decodeResult: success, version: HTTP/1.1, content: EmptyByteBufBE)
GET /session/754a86844db74081cd4bfa73febfb521/screenshot HTTP/1.1
User-Agent: selenium/4.1.2 (java windows)
Cache-Control: no-cache
Content-Type: application/json; charset=utf-8
host: localhost:59035
accept: */*

Response DefaultHttpResponse(decodeResult: success, version: HTTP/1.1)
HTTP/1.1 200 OK
Content-Type: application/json; charset=utf-8
cache-control: no-cache
content-length: 382596

10:48:16.916 [AsyncHttpClient-1-7] DEBUG org.asynchttpclient.netty.channel.ChannelManager - Adding key: http://localhost:59035 for channel [id: 0x351ba6f4, L:/127.0.0.1:57980 - R:localhost/127.0.0.1:59035]
10:48:16.947 [main] DEBUG net.serenitybdd.core.photography.Darkroom - Send negative for processing for target\site\serenity\ed15a54c91c342d96a850276df7b559f4526b370fc93040e3c407a48a170f368.png
10:48:16.948 [main] DEBUG net.thucydides.core.steps.StepInterceptor - STEP DONE: validateOnDashboardPage
  &amp#27;[32mGiven &amp#27;[0m&amp#27;[32mI am at the dashboard page&amp#27;[0m                            &amp#27;[90m# starter.stepdefinitions.PatientSteps.iAmAtTheDashboardPage()&amp#27;[0m
10:48:16.991 [main] DEBUG net.thucydides.core.steps.StepInterceptor - STARTING STEP: DoctorSteps.iClickMenuDoctor - clickMenuDoctorButton
10:48:16.996 [Forwarding findElement on session 754a86844db74081cd4bfa73febfb521 to remote] DEBUG org.asynchttpclient.netty.request.NettyRequestSender - Using pooled Channel '[id: 0x351ba6f4, L:/127.0.0.1:57980 - R:localhost/127.0.0.1:59035]' for 'POST' to 'http://localhost:59035/session/754a86844db74081cd4bfa73febfb521/element'
10:48:16.997 [Forwarding findElement on session 754a86844db74081cd4bfa73febfb521 to remote] DEBUG org.asynchttpclient.netty.request.NettyRequestSender - Using open Channel [id: 0x351ba6f4, L:/127.0.0.1:57980 - R:localhost/127.0.0.1:59035] for POST '/session/754a86844db74081cd4bfa73febfb521/element'
10:48:17.016 [AsyncHttpClient-1-7] DEBUG org.asynchttpclient.netty.handler.HttpHandler - 

Request DefaultHttpRequest(decodeResult: success, version: HTTP/1.1)
POST /session/754a86844db74081cd4bfa73febfb521/element HTTP/1.1
User-Agent: selenium/4.1.2 (java windows)
Content-Length: 79
Content-Type: application/json; charset=utf-8
host: localhost:59035
accept: */*

Response DefaultHttpResponse(decodeResult: success, version: HTTP/1.1)
HTTP/1.1 200 OK
Content-Type: application/json; charset=utf-8
cache-control: no-cache
content-length: 88

10:48:17.017 [AsyncHttpClient-1-7] DEBUG org.asynchttpclient.netty.channel.ChannelManager - Adding key: http://localhost:59035 for channel [id: 0x351ba6f4, L:/127.0.0.1:57980 - R:localhost/127.0.0.1:59035]
10:48:17.018 [Forwarding getElementTagName on session 754a86844db74081cd4bfa73febfb521 to remote] DEBUG org.asynchttpclient.netty.request.NettyRequestSender - Using pooled Channel '[id: 0x351ba6f4, L:/127.0.0.1:57980 - R:localhost/127.0.0.1:59035]' for 'GET' to 'http://localhost:59035/session/754a86844db74081cd4bfa73febfb521/element/6e82343a-ca78-4c71-8ff4-0c4c2dbf87f6/name'
10:48:17.018 [Forwarding getElementTagName on session 754a86844db74081cd4bfa73febfb521 to remote] DEBUG org.asynchttpclient.netty.request.NettyRequestSender - Using open Channel [id: 0x351ba6f4, L:/127.0.0.1:57980 - R:localhost/127.0.0.1:59035] for GET '/session/754a86844db74081cd4bfa73febfb521/element/6e82343a-ca78-4c71-8ff4-0c4c2dbf87f6/name'
10:48:17.024 [AsyncHttpClient-1-7] DEBUG org.asynchttpclient.netty.handler.HttpHandler - 

Request DefaultFullHttpRequest(decodeResult: success, version: HTTP/1.1, content: EmptyByteBufBE)
GET /session/754a86844db74081cd4bfa73febfb521/element/6e82343a-ca78-4c71-8ff4-0c4c2dbf87f6/name HTTP/1.1
User-Agent: selenium/4.1.2 (java windows)
Cache-Control: no-cache
Content-Type: application/json; charset=utf-8
host: localhost:59035
accept: */*

Response DefaultHttpResponse(decodeResult: success, version: HTTP/1.1)
HTTP/1.1 200 OK
Content-Type: application/json; charset=utf-8
cache-control: no-cache
content-length: 15

10:48:17.026 [AsyncHttpClient-1-7] DEBUG org.asynchttpclient.netty.channel.ChannelManager - Adding key: http://localhost:59035 for channel [id: 0x351ba6f4, L:/127.0.0.1:57980 - R:localhost/127.0.0.1:59035]
10:48:17.027 [Forwarding getElementTagName on session 754a86844db74081cd4bfa73febfb521 to remote] DEBUG org.asynchttpclient.netty.request.NettyRequestSender - Using pooled Channel '[id: 0x351ba6f4, L:/127.0.0.1:57980 - R:localhost/127.0.0.1:59035]' for 'GET' to 'http://localhost:59035/session/754a86844db74081cd4bfa73febfb521/element/6e82343a-ca78-4c71-8ff4-0c4c2dbf87f6/name'
10:48:17.027 [Forwarding getElementTagName on session 754a86844db74081cd4bfa73febfb521 to remote] DEBUG org.asynchttpclient.netty.request.NettyRequestSender - Using open Channel [id: 0x351ba6f4, L:/127.0.0.1:57980 - R:localhost/127.0.0.1:59035] for GET '/session/754a86844db74081cd4bfa73febfb521/element/6e82343a-ca78-4c71-8ff4-0c4c2dbf87f6/name'
10:48:17.032 [AsyncHttpClient-1-7] DEBUG org.asynchttpclient.netty.handler.HttpHandler - 

Request DefaultFullHttpRequest(decodeResult: success, version: HTTP/1.1, content: EmptyByteBufBE)
GET /session/754a86844db74081cd4bfa73febfb521/element/6e82343a-ca78-4c71-8ff4-0c4c2dbf87f6/name HTTP/1.1
User-Agent: selenium/4.1.2 (java windows)
Cache-Control: no-cache
Content-Type: application/json; charset=utf-8
host: localhost:59035
accept: */*

Response DefaultHttpResponse(decodeResult: success, version: HTTP/1.1)
HTTP/1.1 200 OK
Content-Type: application/json; charset=utf-8
cache-control: no-cache
content-length: 15

10:48:17.032 [AsyncHttpClient-1-7] DEBUG org.asynchttpclient.netty.channel.ChannelManager - Adding key: http://localhost:59035 for channel [id: 0x351ba6f4, L:/127.0.0.1:57980 - R:localhost/127.0.0.1:59035]
10:48:17.035 [Forwarding findElement on session 754a86844db74081cd4bfa73febfb521 to remote] DEBUG org.asynchttpclient.netty.request.NettyRequestSender - Using pooled Channel '[id: 0x351ba6f4, L:/127.0.0.1:57980 - R:localhost/127.0.0.1:59035]' for 'POST' to 'http://localhost:59035/session/754a86844db74081cd4bfa73febfb521/element'
10:48:17.035 [Forwarding findElement on session 754a86844db74081cd4bfa73febfb521 to remote] DEBUG org.asynchttpclient.netty.request.NettyRequestSender - Using open Channel [id: 0x351ba6f4, L:/127.0.0.1:57980 - R:localhost/127.0.0.1:59035] for POST '/session/754a86844db74081cd4bfa73febfb521/element'
10:48:17.046 [AsyncHttpClient-1-7] DEBUG org.asynchttpclient.netty.handler.HttpHandler - 

Request DefaultHttpRequest(decodeResult: success, version: HTTP/1.1)
POST /session/754a86844db74081cd4bfa73febfb521/element HTTP/1.1
User-Agent: selenium/4.1.2 (java windows)
Content-Length: 79
Content-Type: application/json; charset=utf-8
host: localhost:59035
accept: */*

Response DefaultHttpResponse(decodeResult: success, version: HTTP/1.1)
HTTP/1.1 200 OK
Content-Type: application/json; charset=utf-8
cache-control: no-cache
content-length: 88

10:48:17.046 [AsyncHttpClient-1-7] DEBUG org.asynchttpclient.netty.channel.ChannelManager - Adding key: http://localhost:59035 for channel [id: 0x351ba6f4, L:/127.0.0.1:57980 - R:localhost/127.0.0.1:59035]
10:48:17.047 [Forwarding clickElement on session 754a86844db74081cd4bfa73febfb521 to remote] DEBUG org.asynchttpclient.netty.request.NettyRequestSender - Using pooled Channel '[id: 0x351ba6f4, L:/127.0.0.1:57980 - R:localhost/127.0.0.1:59035]' for 'POST' to 'http://localhost:59035/session/754a86844db74081cd4bfa73febfb521/element/6e82343a-ca78-4c71-8ff4-0c4c2dbf87f6/click'
10:48:17.047 [Forwarding clickElement on session 754a86844db74081cd4bfa73febfb521 to remote] DEBUG org.asynchttpclient.netty.request.NettyRequestSender - Using open Channel [id: 0x351ba6f4, L:/127.0.0.1:57980 - R:localhost/127.0.0.1:59035] for POST '/session/754a86844db74081cd4bfa73febfb521/element/6e82343a-ca78-4c71-8ff4-0c4c2dbf87f6/click'
10:48:17.164 [AsyncHttpClient-1-1] DEBUG org.asynchttpclient.netty.channel.DefaultChannelPool - Entry count for : http://localhost:57981 : 1
10:48:17.281 [AsyncHttpClient-1-7] DEBUG org.asynchttpclient.netty.handler.HttpHandler - 

Request DefaultHttpRequest(decodeResult: success, version: HTTP/1.1)
POST /session/754a86844db74081cd4bfa73febfb521/element/6e82343a-ca78-4c71-8ff4-0c4c2dbf87f6/click HTTP/1.1
User-Agent: selenium/4.1.2 (java windows)
Content-Length: 50
Content-Type: application/json; charset=utf-8
host: localhost:59035
accept: */*

Response DefaultHttpResponse(decodeResult: success, version: HTTP/1.1)
HTTP/1.1 200 OK
Content-Type: application/json; charset=utf-8
cache-control: no-cache
content-length: 14

10:48:17.281 [AsyncHttpClient-1-7] DEBUG org.asynchttpclient.netty.channel.ChannelManager - Adding key: http://localhost:59035 for channel [id: 0x351ba6f4, L:/127.0.0.1:57980 - R:localhost/127.0.0.1:59035]
10:48:17.291 [Forwarding screenshot on session 754a86844db74081cd4bfa73febfb521 to remote] DEBUG org.asynchttpclient.netty.request.NettyRequestSender - Using pooled Channel '[id: 0x351ba6f4, L:/127.0.0.1:57980 - R:localhost/127.0.0.1:59035]' for 'GET' to 'http://localhost:59035/session/754a86844db74081cd4bfa73febfb521/screenshot'
10:48:17.291 [Forwarding screenshot on session 754a86844db74081cd4bfa73febfb521 to remote] DEBUG org.asynchttpclient.netty.request.NettyRequestSender - Using open Channel [id: 0x351ba6f4, L:/127.0.0.1:57980 - R:localhost/127.0.0.1:59035] for GET '/session/754a86844db74081cd4bfa73febfb521/screenshot'
10:48:17.429 [AsyncHttpClient-1-7] DEBUG org.asynchttpclient.netty.handler.HttpHandler - 

Request DefaultFullHttpRequest(decodeResult: success, version: HTTP/1.1, content: EmptyByteBufBE)
GET /session/754a86844db74081cd4bfa73febfb521/screenshot HTTP/1.1
User-Agent: selenium/4.1.2 (java windows)
Cache-Control: no-cache
Content-Type: application/json; charset=utf-8
host: localhost:59035
accept: */*

Response DefaultHttpResponse(decodeResult: success, version: HTTP/1.1)
HTTP/1.1 200 OK
Content-Type: application/json; charset=utf-8
cache-control: no-cache
content-length: 56192

10:48:17.429 [AsyncHttpClient-1-7] DEBUG org.asynchttpclient.netty.channel.ChannelManager - Adding key: http://localhost:59035 for channel [id: 0x351ba6f4, L:/127.0.0.1:57980 - R:localhost/127.0.0.1:59035]
10:48:17.433 [main] DEBUG net.serenitybdd.core.photography.Darkroom - Send negative for processing for target\site\serenity\d631e005c1ab8c2ae9496eb0000819a309562887f5f0fc5c3b73065dfab87bed.png
10:48:17.433 [main] DEBUG net.thucydides.core.steps.StepInterceptor - STEP DONE: clickMenuDoctorButton
  &amp#27;[32mAnd &amp#27;[0m&amp#27;[32mI click menu doctor&amp#27;[0m                                     &amp#27;[90m# starter.stepdefinitions.DoctorSteps.iClickMenuDoctor()&amp#27;[0m
10:48:17.452 [Forwarding findElement on session 754a86844db74081cd4bfa73febfb521 to remote] DEBUG org.asynchttpclient.netty.request.NettyRequestSender - Using pooled Channel '[id: 0x351ba6f4, L:/127.0.0.1:57980 - R:localhost/127.0.0.1:59035]' for 'POST' to 'http://localhost:59035/session/754a86844db74081cd4bfa73febfb521/element'
10:48:17.452 [Forwarding findElement on session 754a86844db74081cd4bfa73febfb521 to remote] DEBUG org.asynchttpclient.netty.request.NettyRequestSender - Using open Channel [id: 0x351ba6f4, L:/127.0.0.1:57980 - R:localhost/127.0.0.1:59035] for POST '/session/754a86844db74081cd4bfa73febfb521/element'
10:48:17.470 [AsyncHttpClient-1-7] DEBUG org.asynchttpclient.netty.handler.HttpHandler - 

Request DefaultHttpRequest(decodeResult: success, version: HTTP/1.1)
POST /session/754a86844db74081cd4bfa73febfb521/element HTTP/1.1
User-Agent: selenium/4.1.2 (java windows)
Content-Length: 160
Content-Type: application/json; charset=utf-8
host: localhost:59035
accept: */*

Response DefaultHttpResponse(decodeResult: success, version: HTTP/1.1)
HTTP/1.1 200 OK
Content-Type: application/json; charset=utf-8
cache-control: no-cache
content-length: 88

10:48:17.471 [AsyncHttpClient-1-7] DEBUG org.asynchttpclient.netty.channel.ChannelManager - Adding key: http://localhost:59035 for channel [id: 0x351ba6f4, L:/127.0.0.1:57980 - R:localhost/127.0.0.1:59035]
10:48:17.472 [Forwarding clearElement on session 754a86844db74081cd4bfa73febfb521 to remote] DEBUG org.asynchttpclient.netty.request.NettyRequestSender - Using pooled Channel '[id: 0x351ba6f4, L:/127.0.0.1:57980 - R:localhost/127.0.0.1:59035]' for 'POST' to 'http://localhost:59035/session/754a86844db74081cd4bfa73febfb521/element/055b02ef-421c-4563-97c8-5cc9577dd7ce/clear'
10:48:17.472 [Forwarding clearElement on session 754a86844db74081cd4bfa73febfb521 to remote] DEBUG org.asynchttpclient.netty.request.NettyRequestSender - Using open Channel [id: 0x351ba6f4, L:/127.0.0.1:57980 - R:localhost/127.0.0.1:59035] for POST '/session/754a86844db74081cd4bfa73febfb521/element/055b02ef-421c-4563-97c8-5cc9577dd7ce/clear'
10:48:17.531 [AsyncHttpClient-1-7] DEBUG org.asynchttpclient.netty.handler.HttpHandler - 

Request DefaultHttpRequest(decodeResult: success, version: HTTP/1.1)
POST /session/754a86844db74081cd4bfa73febfb521/element/055b02ef-421c-4563-97c8-5cc9577dd7ce/clear HTTP/1.1
User-Agent: selenium/4.1.2 (java windows)
Content-Length: 50
Content-Type: application/json; charset=utf-8
host: localhost:59035
accept: */*

Response DefaultHttpResponse(decodeResult: success, version: HTTP/1.1)
HTTP/1.1 200 OK
Content-Type: application/json; charset=utf-8
cache-control: no-cache
content-length: 14

10:48:17.531 [AsyncHttpClient-1-7] DEBUG org.asynchttpclient.netty.channel.ChannelManager - Adding key: http://localhost:59035 for channel [id: 0x351ba6f4, L:/127.0.0.1:57980 - R:localhost/127.0.0.1:59035]
10:48:17.533 [Forwarding sendKeysToElement on session 754a86844db74081cd4bfa73febfb521 to remote] DEBUG org.asynchttpclient.netty.request.NettyRequestSender - Using pooled Channel '[id: 0x351ba6f4, L:/127.0.0.1:57980 - R:localhost/127.0.0.1:59035]' for 'POST' to 'http://localhost:59035/session/754a86844db74081cd4bfa73febfb521/element/055b02ef-421c-4563-97c8-5cc9577dd7ce/value'
10:48:17.533 [Forwarding sendKeysToElement on session 754a86844db74081cd4bfa73febfb521 to remote] DEBUG org.asynchttpclient.netty.request.NettyRequestSender - Using open Channel [id: 0x351ba6f4, L:/127.0.0.1:57980 - R:localhost/127.0.0.1:59035] for POST '/session/754a86844db74081cd4bfa73febfb521/element/055b02ef-421c-4563-97c8-5cc9577dd7ce/value'
10:48:17.931 [AsyncHttpClient-1-7] DEBUG org.asynchttpclient.netty.handler.HttpHandler - 

Request DefaultHttpRequest(decodeResult: success, version: HTTP/1.1)
POST /session/754a86844db74081cd4bfa73febfb521/element/055b02ef-421c-4563-97c8-5cc9577dd7ce/value HTTP/1.1
User-Agent: selenium/4.1.2 (java windows)
Content-Length: 151
Content-Type: application/json; charset=utf-8
host: localhost:59035
accept: */*

Response DefaultHttpResponse(decodeResult: success, version: HTTP/1.1)
HTTP/1.1 200 OK
Content-Type: application/json; charset=utf-8
cache-control: no-cache
content-length: 14

10:48:17.931 [AsyncHttpClient-1-7] DEBUG org.asynchttpclient.netty.channel.ChannelManager - Adding key: http://localhost:59035 for channel [id: 0x351ba6f4, L:/127.0.0.1:57980 - R:localhost/127.0.0.1:59035]
10:48:17.947 [Forwarding screenshot on session 754a86844db74081cd4bfa73febfb521 to remote] DEBUG org.asynchttpclient.netty.request.NettyRequestSender - Using pooled Channel '[id: 0x351ba6f4, L:/127.0.0.1:57980 - R:localhost/127.0.0.1:59035]' for 'GET' to 'http://localhost:59035/session/754a86844db74081cd4bfa73febfb521/screenshot'
10:48:17.947 [Forwarding screenshot on session 754a86844db74081cd4bfa73febfb521 to remote] DEBUG org.asynchttpclient.netty.request.NettyRequestSender - Using open Channel [id: 0x351ba6f4, L:/127.0.0.1:57980 - R:localhost/127.0.0.1:59035] for GET '/session/754a86844db74081cd4bfa73febfb521/screenshot'
10:48:18.154 [AsyncHttpClient-1-7] DEBUG org.asynchttpclient.netty.handler.HttpHandler - 

Request DefaultFullHttpRequest(decodeResult: success, version: HTTP/1.1, content: EmptyByteBufBE)
GET /session/754a86844db74081cd4bfa73febfb521/screenshot HTTP/1.1
User-Agent: selenium/4.1.2 (java windows)
Cache-Control: no-cache
Content-Type: application/json; charset=utf-8
host: localhost:59035
accept: */*

Response DefaultHttpResponse(decodeResult: success, version: HTTP/1.1)
HTTP/1.1 200 OK
Content-Type: application/json; charset=utf-8
cache-control: no-cache
content-length: 79604

10:48:18.155 [AsyncHttpClient-1-7] DEBUG org.asynchttpclient.netty.channel.ChannelManager - Adding key: http://localhost:59035 for channel [id: 0x351ba6f4, L:/127.0.0.1:57980 - R:localhost/127.0.0.1:59035]
10:48:18.160 [main] DEBUG net.serenitybdd.core.photography.Darkroom - Send negative for processing for target\site\serenity\18836f2f46600a910737b4ef56c8e1e05fcd19416193a4446f26c375f91951ba.png
10:48:18.161 [main] DEBUG net.thucydides.core.steps.StepInterceptor - STARTING STEP: DoctorSteps.iInputDoctorPhoneNumberAndClickSearch - clickSearchButton
10:48:18.161 [Darkroom Processing Line] DEBUG net.serenitybdd.core.photography.DarkroomProcessingLine - Processing screenshot image in /var/screenshots/screenshot-1604737244675344677
10:48:18.161 [Darkroom Processing Line] DEBUG net.serenitybdd.core.photography.DarkroomProcessingLine - Saving screenshot to target\site\serenity\18836f2f46600a910737b4ef56c8e1e05fcd19416193a4446f26c375f91951ba.png
10:48:18.166 [Forwarding findElement on session 754a86844db74081cd4bfa73febfb521 to remote] DEBUG org.asynchttpclient.netty.request.NettyRequestSender - Using pooled Channel '[id: 0x351ba6f4, L:/127.0.0.1:57980 - R:localhost/127.0.0.1:59035]' for 'POST' to 'http://localhost:59035/session/754a86844db74081cd4bfa73febfb521/element'
10:48:18.166 [Forwarding findElement on session 754a86844db74081cd4bfa73febfb521 to remote] DEBUG org.asynchttpclient.netty.request.NettyRequestSender - Using open Channel [id: 0x351ba6f4, L:/127.0.0.1:57980 - R:localhost/127.0.0.1:59035] for POST '/session/754a86844db74081cd4bfa73febfb521/element'
10:48:18.187 [AsyncHttpClient-1-7] DEBUG org.asynchttpclient.netty.handler.HttpHandler - 

Request DefaultHttpRequest(decodeResult: success, version: HTTP/1.1)
POST /session/754a86844db74081cd4bfa73febfb521/element HTTP/1.1
User-Agent: selenium/4.1.2 (java windows)
Content-Length: 161
Content-Type: application/json; charset=utf-8
host: localhost:59035
accept: */*

Response DefaultHttpResponse(decodeResult: success, version: HTTP/1.1)
HTTP/1.1 200 OK
Content-Type: application/json; charset=utf-8
cache-control: no-cache
content-length: 88

10:48:18.187 [AsyncHttpClient-1-7] DEBUG org.asynchttpclient.netty.channel.ChannelManager - Adding key: http://localhost:59035 for channel [id: 0x351ba6f4, L:/127.0.0.1:57980 - R:localhost/127.0.0.1:59035]
10:48:18.189 [Forwarding getElementTagName on session 754a86844db74081cd4bfa73febfb521 to remote] DEBUG org.asynchttpclient.netty.request.NettyRequestSender - Using pooled Channel '[id: 0x351ba6f4, L:/127.0.0.1:57980 - R:localhost/127.0.0.1:59035]' for 'GET' to 'http://localhost:59035/session/754a86844db74081cd4bfa73febfb521/element/a35f0672-f5fd-4590-8f4b-434d88978d17/name'
10:48:18.189 [Forwarding getElementTagName on session 754a86844db74081cd4bfa73febfb521 to remote] DEBUG org.asynchttpclient.netty.request.NettyRequestSender - Using open Channel [id: 0x351ba6f4, L:/127.0.0.1:57980 - R:localhost/127.0.0.1:59035] for GET '/session/754a86844db74081cd4bfa73febfb521/element/a35f0672-f5fd-4590-8f4b-434d88978d17/name'
10:48:18.195 [AsyncHttpClient-1-7] DEBUG org.asynchttpclient.netty.handler.HttpHandler - 

Request DefaultFullHttpRequest(decodeResult: success, version: HTTP/1.1, content: EmptyByteBufBE)
GET /session/754a86844db74081cd4bfa73febfb521/element/a35f0672-f5fd-4590-8f4b-434d88978d17/name HTTP/1.1
User-Agent: selenium/4.1.2 (java windows)
Cache-Control: no-cache
Content-Type: application/json; charset=utf-8
host: localhost:59035
accept: */*

Response DefaultHttpResponse(decodeResult: success, version: HTTP/1.1)
HTTP/1.1 200 OK
Content-Type: application/json; charset=utf-8
cache-control: no-cache
content-length: 18

10:48:18.195 [AsyncHttpClient-1-7] DEBUG org.asynchttpclient.netty.channel.ChannelManager - Adding key: http://localhost:59035 for channel [id: 0x351ba6f4, L:/127.0.0.1:57980 - R:localhost/127.0.0.1:59035]
10:48:18.196 [Forwarding getElementTagName on session 754a86844db74081cd4bfa73febfb521 to remote] DEBUG org.asynchttpclient.netty.request.NettyRequestSender - Using pooled Channel '[id: 0x351ba6f4, L:/127.0.0.1:57980 - R:localhost/127.0.0.1:59035]' for 'GET' to 'http://localhost:59035/session/754a86844db74081cd4bfa73febfb521/element/a35f0672-f5fd-4590-8f4b-434d88978d17/name'
10:48:18.196 [Forwarding getElementTagName on session 754a86844db74081cd4bfa73febfb521 to remote] DEBUG org.asynchttpclient.netty.request.NettyRequestSender - Using open Channel [id: 0x351ba6f4, L:/127.0.0.1:57980 - R:localhost/127.0.0.1:59035] for GET '/session/754a86844db74081cd4bfa73febfb521/element/a35f0672-f5fd-4590-8f4b-434d88978d17/name'
10:48:18.202 [AsyncHttpClient-1-7] DEBUG org.asynchttpclient.netty.handler.HttpHandler - 

Request DefaultFullHttpRequest(decodeResult: success, version: HTTP/1.1, content: EmptyByteBufBE)
GET /session/754a86844db74081cd4bfa73febfb521/element/a35f0672-f5fd-4590-8f4b-434d88978d17/name HTTP/1.1
User-Agent: selenium/4.1.2 (java windows)
Cache-Control: no-cache
Content-Type: application/json; charset=utf-8
host: localhost:59035
accept: */*

Response DefaultHttpResponse(decodeResult: success, version: HTTP/1.1)
HTTP/1.1 200 OK
Content-Type: application/json; charset=utf-8
cache-control: no-cache
content-length: 18

10:48:18.202 [AsyncHttpClient-1-7] DEBUG org.asynchttpclient.netty.channel.ChannelManager - Adding key: http://localhost:59035 for channel [id: 0x351ba6f4, L:/127.0.0.1:57980 - R:localhost/127.0.0.1:59035]
10:48:18.206 [Forwarding isElementEnabled on session 754a86844db74081cd4bfa73febfb521 to remote] DEBUG org.asynchttpclient.netty.request.NettyRequestSender - Using pooled Channel '[id: 0x351ba6f4, L:/127.0.0.1:57980 - R:localhost/127.0.0.1:59035]' for 'GET' to 'http://localhost:59035/session/754a86844db74081cd4bfa73febfb521/element/a35f0672-f5fd-4590-8f4b-434d88978d17/enabled'
10:48:18.206 [Forwarding isElementEnabled on session 754a86844db74081cd4bfa73febfb521 to remote] DEBUG org.asynchttpclient.netty.request.NettyRequestSender - Using open Channel [id: 0x351ba6f4, L:/127.0.0.1:57980 - R:localhost/127.0.0.1:59035] for GET '/session/754a86844db74081cd4bfa73febfb521/element/a35f0672-f5fd-4590-8f4b-434d88978d17/enabled'
10:48:18.223 [AsyncHttpClient-1-7] DEBUG org.asynchttpclient.netty.handler.HttpHandler - 

Request DefaultFullHttpRequest(decodeResult: success, version: HTTP/1.1, content: EmptyByteBufBE)
GET /session/754a86844db74081cd4bfa73febfb521/element/a35f0672-f5fd-4590-8f4b-434d88978d17/enabled HTTP/1.1
User-Agent: selenium/4.1.2 (java windows)
Cache-Control: no-cache
Content-Type: application/json; charset=utf-8
host: localhost:59035
accept: */*

Response DefaultHttpResponse(decodeResult: success, version: HTTP/1.1)
HTTP/1.1 200 OK
Content-Type: application/json; charset=utf-8
cache-control: no-cache
content-length: 14

10:48:18.223 [AsyncHttpClient-1-7] DEBUG org.asynchttpclient.netty.channel.ChannelManager - Adding key: http://localhost:59035 for channel [id: 0x351ba6f4, L:/127.0.0.1:57980 - R:localhost/127.0.0.1:59035]
10:48:18.224 [Forwarding isElementEnabled on session 754a86844db74081cd4bfa73febfb521 to remote] DEBUG org.asynchttpclient.netty.request.NettyRequestSender - Using pooled Channel '[id: 0x351ba6f4, L:/127.0.0.1:57980 - R:localhost/127.0.0.1:59035]' for 'GET' to 'http://localhost:59035/session/754a86844db74081cd4bfa73febfb521/element/a35f0672-f5fd-4590-8f4b-434d88978d17/enabled'
10:48:18.224 [Forwarding isElementEnabled on session 754a86844db74081cd4bfa73febfb521 to remote] DEBUG org.asynchttpclient.netty.request.NettyRequestSender - Using open Channel [id: 0x351ba6f4, L:/127.0.0.1:57980 - R:localhost/127.0.0.1:59035] for GET '/session/754a86844db74081cd4bfa73febfb521/element/a35f0672-f5fd-4590-8f4b-434d88978d17/enabled'
10:48:18.233 [AsyncHttpClient-1-7] DEBUG org.asynchttpclient.netty.handler.HttpHandler - 

Request DefaultFullHttpRequest(decodeResult: success, version: HTTP/1.1, content: EmptyByteBufBE)
GET /session/754a86844db74081cd4bfa73febfb521/element/a35f0672-f5fd-4590-8f4b-434d88978d17/enabled HTTP/1.1
User-Agent: selenium/4.1.2 (java windows)
Cache-Control: no-cache
Content-Type: application/json; charset=utf-8
host: localhost:59035
accept: */*

Response DefaultHttpResponse(decodeResult: success, version: HTTP/1.1)
HTTP/1.1 200 OK
Content-Type: application/json; charset=utf-8
cache-control: no-cache
content-length: 14

10:48:18.234 [AsyncHttpClient-1-7] DEBUG org.asynchttpclient.netty.channel.ChannelManager - Adding key: http://localhost:59035 for channel [id: 0x351ba6f4, L:/127.0.0.1:57980 - R:localhost/127.0.0.1:59035]
10:48:18.237 [Forwarding findElement on session 754a86844db74081cd4bfa73febfb521 to remote] DEBUG org.asynchttpclient.netty.request.NettyRequestSender - Using pooled Channel '[id: 0x351ba6f4, L:/127.0.0.1:57980 - R:localhost/127.0.0.1:59035]' for 'POST' to 'http://localhost:59035/session/754a86844db74081cd4bfa73febfb521/element'
10:48:18.237 [Forwarding findElement on session 754a86844db74081cd4bfa73febfb521 to remote] DEBUG org.asynchttpclient.netty.request.NettyRequestSender - Using open Channel [id: 0x351ba6f4, L:/127.0.0.1:57980 - R:localhost/127.0.0.1:59035] for POST '/session/754a86844db74081cd4bfa73febfb521/element'
10:48:18.247 [AsyncHttpClient-1-7] DEBUG org.asynchttpclient.netty.handler.HttpHandler - 

Request DefaultHttpRequest(decodeResult: success, version: HTTP/1.1)
POST /session/754a86844db74081cd4bfa73febfb521/element HTTP/1.1
User-Agent: selenium/4.1.2 (java windows)
Content-Length: 161
Content-Type: application/json; charset=utf-8
host: localhost:59035
accept: */*

Response DefaultHttpResponse(decodeResult: success, version: HTTP/1.1)
HTTP/1.1 200 OK
Content-Type: application/json; charset=utf-8
cache-control: no-cache
content-length: 88

10:48:18.247 [AsyncHttpClient-1-7] DEBUG org.asynchttpclient.netty.channel.ChannelManager - Adding key: http://localhost:59035 for channel [id: 0x351ba6f4, L:/127.0.0.1:57980 - R:localhost/127.0.0.1:59035]
10:48:18.249 [Forwarding clickElement on session 754a86844db74081cd4bfa73febfb521 to remote] DEBUG org.asynchttpclient.netty.request.NettyRequestSender - Using pooled Channel '[id: 0x351ba6f4, L:/127.0.0.1:57980 - R:localhost/127.0.0.1:59035]' for 'POST' to 'http://localhost:59035/session/754a86844db74081cd4bfa73febfb521/element/a35f0672-f5fd-4590-8f4b-434d88978d17/click'
10:48:18.249 [Forwarding clickElement on session 754a86844db74081cd4bfa73febfb521 to remote] DEBUG org.asynchttpclient.netty.request.NettyRequestSender - Using open Channel [id: 0x351ba6f4, L:/127.0.0.1:57980 - R:localhost/127.0.0.1:59035] for POST '/session/754a86844db74081cd4bfa73febfb521/element/a35f0672-f5fd-4590-8f4b-434d88978d17/click'
10:48:18.264 [AsyncHttpClient-1-1] DEBUG org.asynchttpclient.netty.channel.DefaultChannelPool - Entry count for : http://localhost:57981 : 1
10:48:18.328 [AsyncHttpClient-1-7] DEBUG org.asynchttpclient.netty.handler.HttpHandler - 

Request DefaultHttpRequest(decodeResult: success, version: HTTP/1.1)
POST /session/754a86844db74081cd4bfa73febfb521/element/a35f0672-f5fd-4590-8f4b-434d88978d17/click HTTP/1.1
User-Agent: selenium/4.1.2 (java windows)
Content-Length: 50
Content-Type: application/json; charset=utf-8
host: localhost:59035
accept: */*

Response DefaultHttpResponse(decodeResult: success, version: HTTP/1.1)
HTTP/1.1 200 OK
Content-Type: application/json; charset=utf-8
cache-control: no-cache
content-length: 14

10:48:18.329 [AsyncHttpClient-1-7] DEBUG org.asynchttpclient.netty.channel.ChannelManager - Adding key: http://localhost:59035 for channel [id: 0x351ba6f4, L:/127.0.0.1:57980 - R:localhost/127.0.0.1:59035]
10:48:18.341 [Forwarding screenshot on session 754a86844db74081cd4bfa73febfb521 to remote] DEBUG org.asynchttpclient.netty.request.NettyRequestSender - Using pooled Channel '[id: 0x351ba6f4, L:/127.0.0.1:57980 - R:localhost/127.0.0.1:59035]' for 'GET' to 'http://localhost:59035/session/754a86844db74081cd4bfa73febfb521/screenshot'
10:48:18.341 [Forwarding screenshot on session 754a86844db74081cd4bfa73febfb521 to remote] DEBUG org.asynchttpclient.netty.request.NettyRequestSender - Using open Channel [id: 0x351ba6f4, L:/127.0.0.1:57980 - R:localhost/127.0.0.1:59035] for GET '/session/754a86844db74081cd4bfa73febfb521/screenshot'
10:48:18.450 [AsyncHttpClient-1-7] DEBUG org.asynchttpclient.netty.handler.HttpHandler - 

Request DefaultFullHttpRequest(decodeResult: success, version: HTTP/1.1, content: EmptyByteBufBE)
GET /session/754a86844db74081cd4bfa73febfb521/screenshot HTTP/1.1
User-Agent: selenium/4.1.2 (java windows)
Cache-Control: no-cache
Content-Type: application/json; charset=utf-8
host: localhost:59035
accept: */*

Response DefaultHttpResponse(decodeResult: success, version: HTTP/1.1)
HTTP/1.1 200 OK
Content-Type: application/json; charset=utf-8
cache-control: no-cache
content-length: 67480

10:48:18.450 [AsyncHttpClient-1-7] DEBUG org.asynchttpclient.netty.channel.ChannelManager - Adding key: http://localhost:59035 for channel [id: 0x351ba6f4, L:/127.0.0.1:57980 - R:localhost/127.0.0.1:59035]
10:48:18.454 [main] DEBUG net.serenitybdd.core.photography.Darkroom - Send negative for processing for target\site\serenity\3a050d9eefdf44dd5d1019df2055712cca4fa6905bddd306aa0d3298c15ac3d8.png
10:48:18.454 [main] DEBUG net.thucydides.core.steps.StepInterceptor - STEP DONE: clickSearchButton
  &amp#27;[32mWhen &amp#27;[0m&amp#27;[32mI input doctor phone number and click search&amp#27;[0m           &amp#27;[90m# starter.stepdefinitions.DoctorSteps.iInputDoctorPhoneNumberAndClickSearch()&amp#27;[0m
10:48:18.454 [Darkroom Processing Line] DEBUG net.serenitybdd.core.photography.DarkroomProcessingLine - Processing screenshot image in /var/screenshots/screenshot-12565793511934274298
10:48:18.454 [Darkroom Processing Line] DEBUG net.serenitybdd.core.photography.DarkroomProcessingLine - Saving screenshot to target\site\serenity\3a050d9eefdf44dd5d1019df2055712cca4fa6905bddd306aa0d3298c15ac3d8.png
10:48:18.467 [Forwarding findElement on session 754a86844db74081cd4bfa73febfb521 to remote] DEBUG org.asynchttpclient.netty.request.NettyRequestSender - Using pooled Channel '[id: 0x351ba6f4, L:/127.0.0.1:57980 - R:localhost/127.0.0.1:59035]' for 'POST' to 'http://localhost:59035/session/754a86844db74081cd4bfa73febfb521/element'
10:48:18.467 [Forwarding findElement on session 754a86844db74081cd4bfa73febfb521 to remote] DEBUG org.asynchttpclient.netty.request.NettyRequestSender - Using open Channel [id: 0x351ba6f4, L:/127.0.0.1:57980 - R:localhost/127.0.0.1:59035] for POST '/session/754a86844db74081cd4bfa73febfb521/element'
10:48:19.046 [AsyncHttpClient-1-7] DEBUG org.asynchttpclient.netty.handler.HttpHandler - 

Request DefaultHttpRequest(decodeResult: success, version: HTTP/1.1)
POST /session/754a86844db74081cd4bfa73febfb521/element HTTP/1.1
User-Agent: selenium/4.1.2 (java windows)
Content-Length: 79
Content-Type: application/json; charset=utf-8
host: localhost:59035
accept: */*

Response DefaultHttpResponse(decodeResult: success, version: HTTP/1.1)
HTTP/1.1 200 OK
Content-Type: application/json; charset=utf-8
cache-control: no-cache
content-length: 88

10:48:19.046 [AsyncHttpClient-1-7] DEBUG org.asynchttpclient.netty.channel.ChannelManager - Adding key: http://localhost:59035 for channel [id: 0x351ba6f4, L:/127.0.0.1:57980 - R:localhost/127.0.0.1:59035]
10:48:19.050 [Forwarding isElementDisplayed on session 754a86844db74081cd4bfa73febfb521 to remote] DEBUG org.asynchttpclient.netty.request.NettyRequestSender - Using pooled Channel '[id: 0x351ba6f4, L:/127.0.0.1:57980 - R:localhost/127.0.0.1:59035]' for 'POST' to 'http://localhost:59035/session/754a86844db74081cd4bfa73febfb521/execute/sync'
10:48:19.050 [Forwarding isElementDisplayed on session 754a86844db74081cd4bfa73febfb521 to remote] DEBUG org.asynchttpclient.netty.request.NettyRequestSender - Using open Channel [id: 0x351ba6f4, L:/127.0.0.1:57980 - R:localhost/127.0.0.1:59035] for POST '/session/754a86844db74081cd4bfa73febfb521/execute/sync'
10:48:19.070 [AsyncHttpClient-1-7] DEBUG org.asynchttpclient.netty.handler.HttpHandler - 

Request DefaultHttpRequest(decodeResult: success, version: HTTP/1.1)
POST /session/754a86844db74081cd4bfa73febfb521/execute/sync HTTP/1.1
User-Agent: selenium/4.1.2 (java windows)
Content-Length: 48780
Content-Type: application/json; charset=utf-8
host: localhost:59035
accept: */*

Response DefaultHttpResponse(decodeResult: success, version: HTTP/1.1)
HTTP/1.1 200 OK
Content-Type: application/json; charset=utf-8
cache-control: no-cache
content-length: 14

10:48:19.070 [AsyncHttpClient-1-7] DEBUG org.asynchttpclient.netty.channel.ChannelManager - Adding key: http://localhost:59035 for channel [id: 0x351ba6f4, L:/127.0.0.1:57980 - R:localhost/127.0.0.1:59035]
  &amp#27;[32mThen &amp#27;[0m&amp#27;[32mI validate search by doctor phone number&amp#27;[0m               &amp#27;[90m# starter.stepdefinitions.DoctorSteps.iValidateSearchByDoctorPhoneNumber()&amp#27;[0m
10:48:19.074 [Forwarding screenshot on session 754a86844db74081cd4bfa73febfb521 to remote] DEBUG org.asynchttpclient.netty.request.NettyRequestSender - Using pooled Channel '[id: 0x351ba6f4, L:/127.0.0.1:57980 - R:localhost/127.0.0.1:59035]' for 'GET' to 'http://localhost:59035/session/754a86844db74081cd4bfa73febfb521/screenshot'
10:48:19.074 [Forwarding screenshot on session 754a86844db74081cd4bfa73febfb521 to remote] DEBUG org.asynchttpclient.netty.request.NettyRequestSender - Using open Channel [id: 0x351ba6f4, L:/127.0.0.1:57980 - R:localhost/127.0.0.1:59035] for GET '/session/754a86844db74081cd4bfa73febfb521/screenshot'
10:48:19.162 [AsyncHttpClient-1-7] DEBUG org.asynchttpclient.netty.handler.HttpHandler - 

Request DefaultFullHttpRequest(decodeResult: success, version: HTTP/1.1, content: EmptyByteBufBE)
GET /session/754a86844db74081cd4bfa73febfb521/screenshot HTTP/1.1
User-Agent: selenium/4.1.2 (java windows)
Cache-Control: no-cache
Content-Type: application/json; charset=utf-8
host: localhost:59035
accept: */*

Response DefaultHttpResponse(decodeResult: success, version: HTTP/1.1)
HTTP/1.1 200 OK
Content-Type: application/json; charset=utf-8
cache-control: no-cache
content-length: 73008

10:48:19.162 [AsyncHttpClient-1-7] DEBUG org.asynchttpclient.netty.channel.ChannelManager - Adding key: http://localhost:59035 for channel [id: 0x351ba6f4, L:/127.0.0.1:57980 - R:localhost/127.0.0.1:59035]
10:48:19.165 [main] DEBUG net.serenitybdd.core.photography.Darkroom - Send negative for processing for target\site\serenity\70b342b65c352b8920eda0837b655fc5e6b250b16288b4910f6f99a0b40a23a6.png
10:48:19.166 [Darkroom Processing Line] DEBUG net.serenitybdd.core.photography.DarkroomProcessingLine - Processing screenshot image in /var/screenshots/screenshot-15788450782459662340
10:48:19.166 [Darkroom Processing Line] DEBUG net.serenitybdd.core.photography.DarkroomProcessingLine - Saving screenshot to target\site\serenity\70b342b65c352b8920eda0837b655fc5e6b250b16288b4910f6f99a0b40a23a6.png
10:48:19.166 [main] INFO  - 
  _____   ___   ___   _____     ___     _     ___   ___   ___   ___  
 |_   _| | __| / __| |_   _|   | _ \   /_\   / __| / __| | __| |   \ 
   | |   | _|  \__ \   | |     |  _/  / _ \  \__ \ \__ \ | _|  | |) |
   |_|   |___| |___/   |_|     |_|   /_/ \_\ |___/ |___/ |___| |___/ 

Search Doctor Based on Doctor Phone Number Scenario
----------------------------------------------------------------------
10:48:19.168 [AsyncHttpClient-1-9] DEBUG org.asynchttpclient.netty.handler.WebSocketHandler - Channel Closed: [id: 0x55c81aae, L:/127.0.0.1:57989 ! R:localhost/127.0.0.1:57981] with attribute NettyResponseFuture{currentRetry=5,
	isDone=1,
	isCancelled=0,
	asyncHandler=org.asynchttpclient.ws.WebSocketUpgradeHandler@6e34125f,
	nettyRequest=org.asynchttpclient.netty.request.NettyRequest@1f57a7d7,
	future=java.util.concurrent.CompletableFuture@21d10b12[Completed normally],
	uri=ws://localhost:57981/devtools/browser/32a8c01e-2572-477a-9992-ec5bc8b7c1b5,
	keepAlive=true,
	redirectCount=0,
	timeoutsHolder=null,
	inAuth=0,
	touch=1655783293264}
10:48:19.168 [AsyncHttpClient-1-9] DEBUG org.asynchttpclient.netty.channel.ChannelManager - Closing Channel [id: 0x55c81aae, L:/127.0.0.1:57989 ! R:localhost/127.0.0.1:57981] 
10:48:19.169 [Driver Command Executor] DEBUG org.asynchttpclient.netty.request.NettyRequestSender - Using pooled Channel '[id: 0x351ba6f4, L:/127.0.0.1:57980 - R:localhost/127.0.0.1:59035]' for 'DELETE' to 'http://localhost:59035/session/754a86844db74081cd4bfa73febfb521'
10:48:19.169 [Driver Command Executor] DEBUG org.asynchttpclient.netty.request.NettyRequestSender - Using open Channel [id: 0x351ba6f4, L:/127.0.0.1:57980 - R:localhost/127.0.0.1:59035] for DELETE '/session/754a86844db74081cd4bfa73febfb521'
10:48:19.197 [AsyncHttpClient-1-8] DEBUG org.asynchttpclient.netty.handler.HttpHandler - Unexpected I/O exception on channel [id: 0xa9d7d601, L:/127.0.0.1:57988 - R:localhost/127.0.0.1:57981]
java.net.SocketException: Connection reset
	at java.base/sun.nio.ch.SocketChannelImpl.throwConnectionReset(SocketChannelImpl.java:367)
	at java.base/sun.nio.ch.SocketChannelImpl.read(SocketChannelImpl.java:398)
	at io.netty.buffer.PooledByteBuf.setBytes(PooledByteBuf.java:258)
	at io.netty.buffer.AbstractByteBuf.writeBytes(AbstractByteBuf.java:1132)
	at io.netty.channel.socket.nio.NioSocketChannel.doReadBytes(NioSocketChannel.java:350)
	at io.netty.channel.nio.AbstractNioByteChannel$NioByteUnsafe.read(AbstractNioByteChannel.java:151)
	at io.netty.channel.nio.NioEventLoop.processSelectedKey(NioEventLoop.java:722)
	at io.netty.channel.nio.NioEventLoop.processSelectedKeysOptimized(NioEventLoop.java:658)
	at io.netty.channel.nio.NioEventLoop.processSelectedKeys(NioEventLoop.java:584)
	at io.netty.channel.nio.NioEventLoop.run(NioEventLoop.java:496)
	at io.netty.util.concurrent.SingleThreadEventExecutor$4.run(SingleThreadEventExecutor.java:986)
	at io.netty.util.internal.ThreadExecutorMap$2.run(ThreadExecutorMap.java:74)
	at io.netty.util.concurrent.FastThreadLocalRunnable.run(FastThreadLocalRunnable.java:30)
	at java.base/java.lang.Thread.run(Thread.java:832)
10:48:19.197 [AsyncHttpClient-1-8] DEBUG org.asynchttpclient.netty.channel.ChannelManager - Closing Channel [id: 0xa9d7d601, L:/127.0.0.1:57988 - R:localhost/127.0.0.1:57981] 
10:48:19.197 [AsyncHttpClient-1-8] DEBUG org.asynchttpclient.netty.handler.HttpHandler - Channel Closed: [id: 0xa9d7d601, L:/127.0.0.1:57988 ! R:localhost/127.0.0.1:57981] with attribute DISCARD
10:48:19.214 [AsyncHttpClient-1-7] DEBUG org.asynchttpclient.netty.handler.HttpHandler - 

Request DefaultFullHttpRequest(decodeResult: success, version: HTTP/1.1, content: EmptyByteBufBE)
DELETE /session/754a86844db74081cd4bfa73febfb521 HTTP/1.1
User-Agent: selenium/4.1.2 (java windows)
Content-Type: application/json; charset=utf-8
host: localhost:59035
accept: */*

Response DefaultHttpResponse(decodeResult: success, version: HTTP/1.1)
HTTP/1.1 200 OK
Content-Type: application/json; charset=utf-8
cache-control: no-cache
content-length: 14

10:48:19.215 [AsyncHttpClient-1-7] DEBUG org.asynchttpclient.netty.channel.ChannelManager - Adding key: http://localhost:59035 for channel [id: 0x351ba6f4, L:/127.0.0.1:57980 - R:localhost/127.0.0.1:59035]
10:48:19.363 [AsyncHttpClient-1-7] DEBUG org.asynchttpclient.netty.handler.HttpHandler - Channel Closed: [id: 0x351ba6f4, L:/127.0.0.1:57980 ! R:localhost/127.0.0.1:59035] with attribute DISCARD
10:48:19.366 [AsyncHttpClient-1-1] DEBUG org.asynchttpclient.netty.channel.DefaultChannelPool - Entry count for : http://localhost:57981 : 1
10:48:19.366 [AsyncHttpClient-1-1] DEBUG org.asynchttpclient.netty.channel.DefaultChannelPool - Entry count for : http://localhost:59035 : 1
10:48:19.366 [AsyncHttpClient-1-1] DEBUG org.asynchttpclient.netty.channel.DefaultChannelPool - Adding Candidate expired Channel [id: 0xa9d7d601, L:/127.0.0.1:57988 ! R:localhost/127.0.0.1:57981] isIdleTimeoutExpired=false isRemotelyClosed=true isTtlExpired=false
10:48:19.366 [AsyncHttpClient-1-1] DEBUG org.asynchttpclient.netty.channel.DefaultChannelPool - Closing Idle Channel [id: 0xa9d7d601, L:/127.0.0.1:57988 ! R:localhost/127.0.0.1:57981]
10:48:19.366 [AsyncHttpClient-1-1] DEBUG org.asynchttpclient.netty.channel.DefaultChannelPool - Adding Candidate expired Channel [id: 0x351ba6f4, L:/127.0.0.1:57980 ! R:localhost/127.0.0.1:59035] isIdleTimeoutExpired=false isRemotelyClosed=true isTtlExpired=false
10:48:19.366 [AsyncHttpClient-1-1] DEBUG org.asynchttpclient.netty.channel.DefaultChannelPool - Closing Idle Channel [id: 0x351ba6f4, L:/127.0.0.1:57980 ! R:localhost/127.0.0.1:59035]
10:48:19.366 [AsyncHttpClient-1-1] DEBUG org.asynchttpclient.netty.channel.DefaultChannelPool - Closed 2 connections out of 2 in 0 ms
]]></system-out>
    <system-err><![CDATA[Starting ChromeDriver 102.0.5005.61 (0e59bcc00cc4985ce39ad31c150065f159d95ad3-refs/branch-heads/5005@{#819}) on port 59035
Only local connections are allowed.
Please see https://chromedriver.chromium.org/security-considerations for suggestions on keeping ChromeDriver safe.
ChromeDriver was started successfully.
Jun 21, 2022 10:48:13 AM org.openqa.selenium.remote.ProtocolHandshake createSession
INFO: Detected dialect: W3C
Jun 21, 2022 10:48:13 AM org.openqa.selenium.devtools.CdpVersionFinder findNearestMatch
WARNING: Unable to find an exact match for CDP version 102, so returning the closest version found: a no-op implementation
Jun 21, 2022 10:48:13 AM org.openqa.selenium.devtools.CdpVersionFinder findNearestMatch
INFO: Unable to find CDP implementation matching 102.
Jun 21, 2022 10:48:13 AM org.openqa.selenium.chromium.ChromiumDriver lambda$new$3
WARNING: Unable to find version of CDP to use for . You may need to include a dependency on a specific version of the CDP using something similar to `org.seleniumhq.selenium:selenium-devtools-v86:4.1.2` where the version ("v86") matches the version of the chromium-based browser you're using and the version number of the artifact is the same as Selenium's.
]]></system-err>
  </testcase>
  <testcase name="Filter Doctor General Scenario" classname="Doctor" time="9.62">
    <system-out><![CDATA[
@Doctor @FilterDoctorGeneral
Scenario: Filter Doctor General Scenario                          &amp#27;[90m# src/test/resources/features/3.Doctor.feature:82&amp#27;[0m
10:48:19.888 [main] INFO io.cucumber.core.plugin.SerenityReporter - Running feature from file:///E:/My%20Documents/File%20Difa/TI%20Semester%206%20Kampus%20Merdeka%20Alterra/Tugas/CAPSTONE%20Project/Capstone-Project-Website/src/test/resources/features/3.Doctor.feature
10:48:19.889 [main] INFO  - 
  _____   ___   ___   _____     ___   _____     _     ___   _____   ___   ___  
 |_   _| | __| / __| |_   _|   / __| |_   _|   /_\   | _ \ |_   _| | __| |   \ 
   | |   | _|  \__ \   | |     \__ \   | |    / _ \  |   /   | |   | _|  | |) |
   |_|   |___| |___/   |_|     |___/   |_|   /_/ \_\ |_|_\   |_|   |___| |___/ 

Filter Doctor General Scenario(doctor;filter-doctor-general-scenario)
--------------------------------------------------------------------------------
10:48:19.913 [main] DEBUG net.thucydides.core.steps.StepInterceptor - STARTING STEP: DashboardSteps.iAmOnTheDashboardPage - openUrl
10:48:19.921 [main] INFO net.serenitybdd.core.webdriver.driverproviders.ChromeDriverProvider - Using automatically driver download
10:48:20.480 [main] DEBUG io.github.bonigarcia.wdm.cache.ResolutionCache - Resolution chrome=102 in cache (valid until 11:37:46 21/06/2022 ICT)
10:48:20.497 [main] DEBUG io.github.bonigarcia.wdm.cache.ResolutionCache - Resolution chrome102=102.0.5005.61 in cache (valid until 09:22:16 22/06/2022 ICT)
10:48:20.499 [main] INFO io.github.bonigarcia.wdm.WebDriverManager - Using chromedriver 102.0.5005.61 (resolved driver for Chrome 102)
10:48:20.514 [main] DEBUG io.github.bonigarcia.wdm.WebDriverManager - Driver chromedriver 102.0.5005.61 found in cache
10:48:20.515 [main] INFO io.github.bonigarcia.wdm.WebDriverManager - Exporting webdriver.chrome.driver as C:\Users\USER\.cache\selenium\chromedriver\win32\102.0.5005.61\chromedriver.exe
10:48:20.758 [main] DEBUG net.serenitybdd.core.webdriver.driverproviders.ProvideNewDriver - Instantiating driver
10:48:20.758 [main] DEBUG net.serenitybdd.core.webdriver.driverproviders.ProvideNewDriver - Driver capabilities: Capabilities {acceptInsecureCerts: false, base.url: https://hospital-management..., browserName: chrome, chrome.driver: src/test/resources/webdrive..., driver: chrome, goog:chromeOptions: {args: [], extensions: []}}
10:48:21.299 [AsyncHttpClient-1-2] DEBUG org.asynchttpclient.netty.channel.NettyConnectListener - Using new Channel '[id: 0x04b98c67, L:/127.0.0.1:58003 - R:localhost/127.0.0.1:52743]' for 'POST' to '/session'
10:48:22.670 [AsyncHttpClient-1-2] DEBUG org.asynchttpclient.netty.handler.HttpHandler - 

Request DefaultHttpRequest(decodeResult: success, version: HTTP/1.1)
POST /session HTTP/1.1
User-Agent: selenium/4.1.2 (java windows)
Content-Length: 621
Content-Type: application/json; charset=utf-8
host: localhost:52743
accept: */*

Response DefaultHttpResponse(decodeResult: success, version: HTTP/1.1)
HTTP/1.1 200 OK
Content-Type: application/json; charset=utf-8
cache-control: no-cache
content-length: 789

10:48:22.670 [AsyncHttpClient-1-2] DEBUG org.asynchttpclient.netty.channel.ChannelManager - Adding key: http://localhost:52743 for channel [id: 0x04b98c67, L:/127.0.0.1:58003 - R:localhost/127.0.0.1:52743]
10:48:22.678 [AsyncHttpClient-1-3] DEBUG org.asynchttpclient.netty.channel.NettyConnectListener - Using new Channel '[id: 0x3e5be8c3, L:/127.0.0.1:58009 - R:localhost/127.0.0.1:58004]' for 'GET' to '/json/version'
10:48:22.679 [AsyncHttpClient-1-3] DEBUG org.asynchttpclient.netty.handler.HttpHandler - 

Request DefaultFullHttpRequest(decodeResult: success, version: HTTP/1.1, content: EmptyByteBufBE)
GET /json/version HTTP/1.1
User-Agent: selenium/4.1.2 (java windows)
host: localhost:58004
accept: */*

Response DefaultHttpResponse(decodeResult: success, version: HTTP/1.1)
HTTP/1.1 200 OK
Content-Type: application/json; charset=UTF-8
content-length: 427

10:48:22.679 [AsyncHttpClient-1-3] DEBUG org.asynchttpclient.netty.channel.ChannelManager - Adding key: http://localhost:58004 for channel [id: 0x3e5be8c3, L:/127.0.0.1:58009 - R:localhost/127.0.0.1:58004]
10:48:22.691 [AsyncHttpClient-1-4] DEBUG org.asynchttpclient.netty.channel.NettyConnectListener - Using new Channel '[id: 0xaea55d6e, L:/127.0.0.1:58010 - R:localhost/127.0.0.1:58004]' for 'GET' to '/devtools/browser/3ccb2026-9e0a-40d5-9971-82728bbf0f45'
10:48:22.692 [AsyncHttpClient-1-4] DEBUG org.asynchttpclient.netty.handler.WebSocketHandler - 

Request DefaultFullHttpRequest(decodeResult: success, version: HTTP/1.1, content: EmptyByteBufBE)
GET /devtools/browser/3ccb2026-9e0a-40d5-9971-82728bbf0f45 HTTP/1.1
upgrade: websocket
connection: upgrade
sec-websocket-key: kycdk5jDM0JAyEgK02aZoA==
sec-websocket-version: 13
origin: http://localhost:58004
host: localhost:58004
accept: */*
user-agent: AHC/2.1

Response DefaultHttpResponse(decodeResult: success, version: HTTP/1.1)
HTTP/1.1 101 WebSocket Protocol Handshake
Upgrade: WebSocket
Connection: Upgrade
Sec-WebSocket-Accept: vHpZs50yiSpp5JiGLw+0qAvMWL8=

10:48:22.697 [Forwarding maximizeCurrentWindow on session ba918b54bddc19ac96e3a41f54a2b305 to remote] DEBUG org.asynchttpclient.netty.request.NettyRequestSender - Using pooled Channel '[id: 0x04b98c67, L:/127.0.0.1:58003 - R:localhost/127.0.0.1:52743]' for 'POST' to 'http://localhost:52743/session/ba918b54bddc19ac96e3a41f54a2b305/window/maximize'
10:48:22.697 [Forwarding maximizeCurrentWindow on session ba918b54bddc19ac96e3a41f54a2b305 to remote] DEBUG org.asynchttpclient.netty.request.NettyRequestSender - Using open Channel [id: 0x04b98c67, L:/127.0.0.1:58003 - R:localhost/127.0.0.1:52743] for POST '/session/ba918b54bddc19ac96e3a41f54a2b305/window/maximize'
10:48:22.816 [AsyncHttpClient-1-2] DEBUG org.asynchttpclient.netty.handler.HttpHandler - 

Request DefaultHttpRequest(decodeResult: success, version: HTTP/1.1)
POST /session/ba918b54bddc19ac96e3a41f54a2b305/window/maximize HTTP/1.1
User-Agent: selenium/4.1.2 (java windows)
Content-Length: 3
Content-Type: application/json; charset=utf-8
host: localhost:52743
accept: */*

Response DefaultHttpResponse(decodeResult: success, version: HTTP/1.1)
HTTP/1.1 200 OK
Content-Type: application/json; charset=utf-8
cache-control: no-cache
content-length: 51

10:48:22.816 [AsyncHttpClient-1-2] DEBUG org.asynchttpclient.netty.channel.ChannelManager - Adding key: http://localhost:52743 for channel [id: 0x04b98c67, L:/127.0.0.1:58003 - R:localhost/127.0.0.1:52743]
10:48:22.817 [Forwarding get on session ba918b54bddc19ac96e3a41f54a2b305 to remote] DEBUG org.asynchttpclient.netty.request.NettyRequestSender - Using pooled Channel '[id: 0x04b98c67, L:/127.0.0.1:58003 - R:localhost/127.0.0.1:52743]' for 'POST' to 'http://localhost:52743/session/ba918b54bddc19ac96e3a41f54a2b305/url'
10:48:22.817 [Forwarding get on session ba918b54bddc19ac96e3a41f54a2b305 to remote] DEBUG org.asynchttpclient.netty.request.NettyRequestSender - Using open Channel [id: 0x04b98c67, L:/127.0.0.1:58003 - R:localhost/127.0.0.1:52743] for POST '/session/ba918b54bddc19ac96e3a41f54a2b305/url'
10:48:23.764 [AsyncHttpClient-1-1] DEBUG org.asynchttpclient.netty.channel.DefaultChannelPool - Entry count for : http://localhost:58004 : 1
10:48:24.864 [AsyncHttpClient-1-1] DEBUG org.asynchttpclient.netty.channel.DefaultChannelPool - Entry count for : http://localhost:58004 : 1
10:48:25.965 [AsyncHttpClient-1-1] DEBUG org.asynchttpclient.netty.channel.DefaultChannelPool - Entry count for : http://localhost:58004 : 1
10:48:25.980 [AsyncHttpClient-1-2] DEBUG org.asynchttpclient.netty.handler.HttpHandler - 

Request DefaultHttpRequest(decodeResult: success, version: HTTP/1.1)
POST /session/ba918b54bddc19ac96e3a41f54a2b305/url HTTP/1.1
User-Agent: selenium/4.1.2 (java windows)
Content-Length: 65
Content-Type: application/json; charset=utf-8
host: localhost:52743
accept: */*

Response DefaultHttpResponse(decodeResult: success, version: HTTP/1.1)
HTTP/1.1 200 OK
Content-Type: application/json; charset=utf-8
cache-control: no-cache
content-length: 14

10:48:25.981 [AsyncHttpClient-1-2] DEBUG org.asynchttpclient.netty.channel.ChannelManager - Adding key: http://localhost:52743 for channel [id: 0x04b98c67, L:/127.0.0.1:58003 - R:localhost/127.0.0.1:52743]
10:48:25.982 [Forwarding setTimeout on session ba918b54bddc19ac96e3a41f54a2b305 to remote] DEBUG org.asynchttpclient.netty.request.NettyRequestSender - Using pooled Channel '[id: 0x04b98c67, L:/127.0.0.1:58003 - R:localhost/127.0.0.1:52743]' for 'POST' to 'http://localhost:52743/session/ba918b54bddc19ac96e3a41f54a2b305/timeouts'
10:48:25.982 [Forwarding setTimeout on session ba918b54bddc19ac96e3a41f54a2b305 to remote] DEBUG org.asynchttpclient.netty.request.NettyRequestSender - Using open Channel [id: 0x04b98c67, L:/127.0.0.1:58003 - R:localhost/127.0.0.1:52743] for POST '/session/ba918b54bddc19ac96e3a41f54a2b305/timeouts'
10:48:25.983 [AsyncHttpClient-1-2] DEBUG org.asynchttpclient.netty.handler.HttpHandler - 

Request DefaultHttpRequest(decodeResult: success, version: HTTP/1.1)
POST /session/ba918b54bddc19ac96e3a41f54a2b305/timeouts HTTP/1.1
User-Agent: selenium/4.1.2 (java windows)
Content-Length: 22
Content-Type: application/json; charset=utf-8
host: localhost:52743
accept: */*

Response DefaultHttpResponse(decodeResult: success, version: HTTP/1.1)
HTTP/1.1 200 OK
Content-Type: application/json; charset=utf-8
cache-control: no-cache
content-length: 14

10:48:25.983 [AsyncHttpClient-1-2] DEBUG org.asynchttpclient.netty.channel.ChannelManager - Adding key: http://localhost:52743 for channel [id: 0x04b98c67, L:/127.0.0.1:58003 - R:localhost/127.0.0.1:52743]
10:48:25.988 [Forwarding getCurrentUrl on session ba918b54bddc19ac96e3a41f54a2b305 to remote] DEBUG org.asynchttpclient.netty.request.NettyRequestSender - Using pooled Channel '[id: 0x04b98c67, L:/127.0.0.1:58003 - R:localhost/127.0.0.1:52743]' for 'GET' to 'http://localhost:52743/session/ba918b54bddc19ac96e3a41f54a2b305/url'
10:48:25.988 [Forwarding getCurrentUrl on session ba918b54bddc19ac96e3a41f54a2b305 to remote] DEBUG org.asynchttpclient.netty.request.NettyRequestSender - Using open Channel [id: 0x04b98c67, L:/127.0.0.1:58003 - R:localhost/127.0.0.1:52743] for GET '/session/ba918b54bddc19ac96e3a41f54a2b305/url'
10:48:25.997 [AsyncHttpClient-1-2] DEBUG org.asynchttpclient.netty.handler.HttpHandler - 

Request DefaultFullHttpRequest(decodeResult: success, version: HTTP/1.1, content: EmptyByteBufBE)
GET /session/ba918b54bddc19ac96e3a41f54a2b305/url HTTP/1.1
User-Agent: selenium/4.1.2 (java windows)
Cache-Control: no-cache
Content-Type: application/json; charset=utf-8
host: localhost:52743
accept: */*

Response DefaultHttpResponse(decodeResult: success, version: HTTP/1.1)
HTTP/1.1 200 OK
Content-Type: application/json; charset=utf-8
cache-control: no-cache
content-length: 53

10:48:25.997 [AsyncHttpClient-1-2] DEBUG org.asynchttpclient.netty.channel.ChannelManager - Adding key: http://localhost:52743 for channel [id: 0x04b98c67, L:/127.0.0.1:58003 - R:localhost/127.0.0.1:52743]
10:48:26.001 [Forwarding getCurrentUrl on session ba918b54bddc19ac96e3a41f54a2b305 to remote] DEBUG org.asynchttpclient.netty.request.NettyRequestSender - Using pooled Channel '[id: 0x04b98c67, L:/127.0.0.1:58003 - R:localhost/127.0.0.1:52743]' for 'GET' to 'http://localhost:52743/session/ba918b54bddc19ac96e3a41f54a2b305/url'
10:48:26.001 [Forwarding getCurrentUrl on session ba918b54bddc19ac96e3a41f54a2b305 to remote] DEBUG org.asynchttpclient.netty.request.NettyRequestSender - Using open Channel [id: 0x04b98c67, L:/127.0.0.1:58003 - R:localhost/127.0.0.1:52743] for GET '/session/ba918b54bddc19ac96e3a41f54a2b305/url'
10:48:26.005 [AsyncHttpClient-1-2] DEBUG org.asynchttpclient.netty.handler.HttpHandler - 

Request DefaultFullHttpRequest(decodeResult: success, version: HTTP/1.1, content: EmptyByteBufBE)
GET /session/ba918b54bddc19ac96e3a41f54a2b305/url HTTP/1.1
User-Agent: selenium/4.1.2 (java windows)
Cache-Control: no-cache
Content-Type: application/json; charset=utf-8
host: localhost:52743
accept: */*

Response DefaultHttpResponse(decodeResult: success, version: HTTP/1.1)
HTTP/1.1 200 OK
Content-Type: application/json; charset=utf-8
cache-control: no-cache
content-length: 53

10:48:26.006 [AsyncHttpClient-1-2] DEBUG org.asynchttpclient.netty.channel.ChannelManager - Adding key: http://localhost:52743 for channel [id: 0x04b98c67, L:/127.0.0.1:58003 - R:localhost/127.0.0.1:52743]
10:48:26.015 [Forwarding screenshot on session ba918b54bddc19ac96e3a41f54a2b305 to remote] DEBUG org.asynchttpclient.netty.request.NettyRequestSender - Using pooled Channel '[id: 0x04b98c67, L:/127.0.0.1:58003 - R:localhost/127.0.0.1:52743]' for 'GET' to 'http://localhost:52743/session/ba918b54bddc19ac96e3a41f54a2b305/screenshot'
10:48:26.015 [Forwarding screenshot on session ba918b54bddc19ac96e3a41f54a2b305 to remote] DEBUG org.asynchttpclient.netty.request.NettyRequestSender - Using open Channel [id: 0x04b98c67, L:/127.0.0.1:58003 - R:localhost/127.0.0.1:52743] for GET '/session/ba918b54bddc19ac96e3a41f54a2b305/screenshot'
10:48:26.343 [AsyncHttpClient-1-2] DEBUG org.asynchttpclient.netty.handler.HttpHandler - 

Request DefaultFullHttpRequest(decodeResult: success, version: HTTP/1.1, content: EmptyByteBufBE)
GET /session/ba918b54bddc19ac96e3a41f54a2b305/screenshot HTTP/1.1
User-Agent: selenium/4.1.2 (java windows)
Cache-Control: no-cache
Content-Type: application/json; charset=utf-8
host: localhost:52743
accept: */*

Response DefaultHttpResponse(decodeResult: success, version: HTTP/1.1)
HTTP/1.1 200 OK
Content-Type: application/json; charset=utf-8
cache-control: no-cache
content-length: 382596

10:48:26.346 [AsyncHttpClient-1-2] DEBUG org.asynchttpclient.netty.channel.ChannelManager - Adding key: http://localhost:52743 for channel [id: 0x04b98c67, L:/127.0.0.1:58003 - R:localhost/127.0.0.1:52743]
10:48:26.374 [main] DEBUG net.serenitybdd.core.photography.Darkroom - Send negative for processing for target\site\serenity\ed15a54c91c342d96a850276df7b559f4526b370fc93040e3c407a48a170f368.png
10:48:26.374 [main] DEBUG net.thucydides.core.steps.StepInterceptor - STEP DONE: openUrl
10:48:26.385 [main] DEBUG net.thucydides.core.steps.StepInterceptor - STARTING STEP: DashboardSteps.iAmOnTheDashboardPage - validateOnDashboardPage
10:48:26.388 [Forwarding findElement on session ba918b54bddc19ac96e3a41f54a2b305 to remote] DEBUG org.asynchttpclient.netty.request.NettyRequestSender - Using pooled Channel '[id: 0x04b98c67, L:/127.0.0.1:58003 - R:localhost/127.0.0.1:52743]' for 'POST' to 'http://localhost:52743/session/ba918b54bddc19ac96e3a41f54a2b305/element'
10:48:26.388 [Forwarding findElement on session ba918b54bddc19ac96e3a41f54a2b305 to remote] DEBUG org.asynchttpclient.netty.request.NettyRequestSender - Using open Channel [id: 0x04b98c67, L:/127.0.0.1:58003 - R:localhost/127.0.0.1:52743] for POST '/session/ba918b54bddc19ac96e3a41f54a2b305/element'
10:48:26.409 [AsyncHttpClient-1-2] DEBUG org.asynchttpclient.netty.handler.HttpHandler - 

Request DefaultHttpRequest(decodeResult: success, version: HTTP/1.1)
POST /session/ba918b54bddc19ac96e3a41f54a2b305/element HTTP/1.1
User-Agent: selenium/4.1.2 (java windows)
Content-Length: 81
Content-Type: application/json; charset=utf-8
host: localhost:52743
accept: */*

Response DefaultHttpResponse(decodeResult: success, version: HTTP/1.1)
HTTP/1.1 200 OK
Content-Type: application/json; charset=utf-8
cache-control: no-cache
content-length: 88

10:48:26.409 [AsyncHttpClient-1-2] DEBUG org.asynchttpclient.netty.channel.ChannelManager - Adding key: http://localhost:52743 for channel [id: 0x04b98c67, L:/127.0.0.1:58003 - R:localhost/127.0.0.1:52743]
10:48:26.414 [Forwarding isElementDisplayed on session ba918b54bddc19ac96e3a41f54a2b305 to remote] DEBUG org.asynchttpclient.netty.request.NettyRequestSender - Using pooled Channel '[id: 0x04b98c67, L:/127.0.0.1:58003 - R:localhost/127.0.0.1:52743]' for 'POST' to 'http://localhost:52743/session/ba918b54bddc19ac96e3a41f54a2b305/execute/sync'
10:48:26.414 [Forwarding isElementDisplayed on session ba918b54bddc19ac96e3a41f54a2b305 to remote] DEBUG org.asynchttpclient.netty.request.NettyRequestSender - Using open Channel [id: 0x04b98c67, L:/127.0.0.1:58003 - R:localhost/127.0.0.1:52743] for POST '/session/ba918b54bddc19ac96e3a41f54a2b305/execute/sync'
10:48:26.439 [AsyncHttpClient-1-2] DEBUG org.asynchttpclient.netty.handler.HttpHandler - 

Request DefaultHttpRequest(decodeResult: success, version: HTTP/1.1)
POST /session/ba918b54bddc19ac96e3a41f54a2b305/execute/sync HTTP/1.1
User-Agent: selenium/4.1.2 (java windows)
Content-Length: 48780
Content-Type: application/json; charset=utf-8
host: localhost:52743
accept: */*

Response DefaultHttpResponse(decodeResult: success, version: HTTP/1.1)
HTTP/1.1 200 OK
Content-Type: application/json; charset=utf-8
cache-control: no-cache
content-length: 14

10:48:26.439 [AsyncHttpClient-1-2] DEBUG org.asynchttpclient.netty.channel.ChannelManager - Adding key: http://localhost:52743 for channel [id: 0x04b98c67, L:/127.0.0.1:58003 - R:localhost/127.0.0.1:52743]
10:48:26.448 [Forwarding screenshot on session ba918b54bddc19ac96e3a41f54a2b305 to remote] DEBUG org.asynchttpclient.netty.request.NettyRequestSender - Using pooled Channel '[id: 0x04b98c67, L:/127.0.0.1:58003 - R:localhost/127.0.0.1:52743]' for 'GET' to 'http://localhost:52743/session/ba918b54bddc19ac96e3a41f54a2b305/screenshot'
10:48:26.448 [Forwarding screenshot on session ba918b54bddc19ac96e3a41f54a2b305 to remote] DEBUG org.asynchttpclient.netty.request.NettyRequestSender - Using open Channel [id: 0x04b98c67, L:/127.0.0.1:58003 - R:localhost/127.0.0.1:52743] for GET '/session/ba918b54bddc19ac96e3a41f54a2b305/screenshot'
10:48:26.783 [AsyncHttpClient-1-2] DEBUG org.asynchttpclient.netty.handler.HttpHandler - 

Request DefaultFullHttpRequest(decodeResult: success, version: HTTP/1.1, content: EmptyByteBufBE)
GET /session/ba918b54bddc19ac96e3a41f54a2b305/screenshot HTTP/1.1
User-Agent: selenium/4.1.2 (java windows)
Cache-Control: no-cache
Content-Type: application/json; charset=utf-8
host: localhost:52743
accept: */*

Response DefaultHttpResponse(decodeResult: success, version: HTTP/1.1)
HTTP/1.1 200 OK
Content-Type: application/json; charset=utf-8
cache-control: no-cache
content-length: 382596

10:48:26.785 [AsyncHttpClient-1-2] DEBUG org.asynchttpclient.netty.channel.ChannelManager - Adding key: http://localhost:52743 for channel [id: 0x04b98c67, L:/127.0.0.1:58003 - R:localhost/127.0.0.1:52743]
10:48:26.811 [main] DEBUG net.serenitybdd.core.photography.Darkroom - Send negative for processing for target\site\serenity\ed15a54c91c342d96a850276df7b559f4526b370fc93040e3c407a48a170f368.png
10:48:26.812 [main] DEBUG net.thucydides.core.steps.StepInterceptor - STEP DONE: validateOnDashboardPage
  &amp#27;[32mGiven &amp#27;[0m&amp#27;[32mI am on the dashboard page&amp#27;[0m                                &amp#27;[90m# starter.stepdefinitions.DashboardSteps.iAmOnTheDashboardPage()&amp#27;[0m
10:48:26.850 [main] DEBUG net.thucydides.core.steps.StepInterceptor - STARTING STEP: DoctorSteps.iClickMenuDoctor - clickMenuDoctorButton
10:48:26.855 [Forwarding findElement on session ba918b54bddc19ac96e3a41f54a2b305 to remote] DEBUG org.asynchttpclient.netty.request.NettyRequestSender - Using pooled Channel '[id: 0x04b98c67, L:/127.0.0.1:58003 - R:localhost/127.0.0.1:52743]' for 'POST' to 'http://localhost:52743/session/ba918b54bddc19ac96e3a41f54a2b305/element'
10:48:26.856 [Forwarding findElement on session ba918b54bddc19ac96e3a41f54a2b305 to remote] DEBUG org.asynchttpclient.netty.request.NettyRequestSender - Using open Channel [id: 0x04b98c67, L:/127.0.0.1:58003 - R:localhost/127.0.0.1:52743] for POST '/session/ba918b54bddc19ac96e3a41f54a2b305/element'
10:48:26.877 [AsyncHttpClient-1-2] DEBUG org.asynchttpclient.netty.handler.HttpHandler - 

Request DefaultHttpRequest(decodeResult: success, version: HTTP/1.1)
POST /session/ba918b54bddc19ac96e3a41f54a2b305/element HTTP/1.1
User-Agent: selenium/4.1.2 (java windows)
Content-Length: 79
Content-Type: application/json; charset=utf-8
host: localhost:52743
accept: */*

Response DefaultHttpResponse(decodeResult: success, version: HTTP/1.1)
HTTP/1.1 200 OK
Content-Type: application/json; charset=utf-8
cache-control: no-cache
content-length: 88

10:48:26.877 [AsyncHttpClient-1-2] DEBUG org.asynchttpclient.netty.channel.ChannelManager - Adding key: http://localhost:52743 for channel [id: 0x04b98c67, L:/127.0.0.1:58003 - R:localhost/127.0.0.1:52743]
10:48:26.879 [Forwarding getElementTagName on session ba918b54bddc19ac96e3a41f54a2b305 to remote] DEBUG org.asynchttpclient.netty.request.NettyRequestSender - Using pooled Channel '[id: 0x04b98c67, L:/127.0.0.1:58003 - R:localhost/127.0.0.1:52743]' for 'GET' to 'http://localhost:52743/session/ba918b54bddc19ac96e3a41f54a2b305/element/aa7d4391-260d-462b-860f-bf62934a3151/name'
10:48:26.879 [Forwarding getElementTagName on session ba918b54bddc19ac96e3a41f54a2b305 to remote] DEBUG org.asynchttpclient.netty.request.NettyRequestSender - Using open Channel [id: 0x04b98c67, L:/127.0.0.1:58003 - R:localhost/127.0.0.1:52743] for GET '/session/ba918b54bddc19ac96e3a41f54a2b305/element/aa7d4391-260d-462b-860f-bf62934a3151/name'
10:48:26.887 [AsyncHttpClient-1-2] DEBUG org.asynchttpclient.netty.handler.HttpHandler - 

Request DefaultFullHttpRequest(decodeResult: success, version: HTTP/1.1, content: EmptyByteBufBE)
GET /session/ba918b54bddc19ac96e3a41f54a2b305/element/aa7d4391-260d-462b-860f-bf62934a3151/name HTTP/1.1
User-Agent: selenium/4.1.2 (java windows)
Cache-Control: no-cache
Content-Type: application/json; charset=utf-8
host: localhost:52743
accept: */*

Response DefaultHttpResponse(decodeResult: success, version: HTTP/1.1)
HTTP/1.1 200 OK
Content-Type: application/json; charset=utf-8
cache-control: no-cache
content-length: 15

10:48:26.887 [AsyncHttpClient-1-2] DEBUG org.asynchttpclient.netty.channel.ChannelManager - Adding key: http://localhost:52743 for channel [id: 0x04b98c67, L:/127.0.0.1:58003 - R:localhost/127.0.0.1:52743]
10:48:26.889 [Forwarding getElementTagName on session ba918b54bddc19ac96e3a41f54a2b305 to remote] DEBUG org.asynchttpclient.netty.request.NettyRequestSender - Using pooled Channel '[id: 0x04b98c67, L:/127.0.0.1:58003 - R:localhost/127.0.0.1:52743]' for 'GET' to 'http://localhost:52743/session/ba918b54bddc19ac96e3a41f54a2b305/element/aa7d4391-260d-462b-860f-bf62934a3151/name'
10:48:26.889 [Forwarding getElementTagName on session ba918b54bddc19ac96e3a41f54a2b305 to remote] DEBUG org.asynchttpclient.netty.request.NettyRequestSender - Using open Channel [id: 0x04b98c67, L:/127.0.0.1:58003 - R:localhost/127.0.0.1:52743] for GET '/session/ba918b54bddc19ac96e3a41f54a2b305/element/aa7d4391-260d-462b-860f-bf62934a3151/name'
10:48:26.894 [AsyncHttpClient-1-2] DEBUG org.asynchttpclient.netty.handler.HttpHandler - 

Request DefaultFullHttpRequest(decodeResult: success, version: HTTP/1.1, content: EmptyByteBufBE)
GET /session/ba918b54bddc19ac96e3a41f54a2b305/element/aa7d4391-260d-462b-860f-bf62934a3151/name HTTP/1.1
User-Agent: selenium/4.1.2 (java windows)
Cache-Control: no-cache
Content-Type: application/json; charset=utf-8
host: localhost:52743
accept: */*

Response DefaultHttpResponse(decodeResult: success, version: HTTP/1.1)
HTTP/1.1 200 OK
Content-Type: application/json; charset=utf-8
cache-control: no-cache
content-length: 15

10:48:26.894 [AsyncHttpClient-1-2] DEBUG org.asynchttpclient.netty.channel.ChannelManager - Adding key: http://localhost:52743 for channel [id: 0x04b98c67, L:/127.0.0.1:58003 - R:localhost/127.0.0.1:52743]
10:48:26.897 [Forwarding findElement on session ba918b54bddc19ac96e3a41f54a2b305 to remote] DEBUG org.asynchttpclient.netty.request.NettyRequestSender - Using pooled Channel '[id: 0x04b98c67, L:/127.0.0.1:58003 - R:localhost/127.0.0.1:52743]' for 'POST' to 'http://localhost:52743/session/ba918b54bddc19ac96e3a41f54a2b305/element'
10:48:26.897 [Forwarding findElement on session ba918b54bddc19ac96e3a41f54a2b305 to remote] DEBUG org.asynchttpclient.netty.request.NettyRequestSender - Using open Channel [id: 0x04b98c67, L:/127.0.0.1:58003 - R:localhost/127.0.0.1:52743] for POST '/session/ba918b54bddc19ac96e3a41f54a2b305/element'
10:48:26.907 [AsyncHttpClient-1-2] DEBUG org.asynchttpclient.netty.handler.HttpHandler - 

Request DefaultHttpRequest(decodeResult: success, version: HTTP/1.1)
POST /session/ba918b54bddc19ac96e3a41f54a2b305/element HTTP/1.1
User-Agent: selenium/4.1.2 (java windows)
Content-Length: 79
Content-Type: application/json; charset=utf-8
host: localhost:52743
accept: */*

Response DefaultHttpResponse(decodeResult: success, version: HTTP/1.1)
HTTP/1.1 200 OK
Content-Type: application/json; charset=utf-8
cache-control: no-cache
content-length: 88

10:48:26.907 [AsyncHttpClient-1-2] DEBUG org.asynchttpclient.netty.channel.ChannelManager - Adding key: http://localhost:52743 for channel [id: 0x04b98c67, L:/127.0.0.1:58003 - R:localhost/127.0.0.1:52743]
10:48:26.909 [Forwarding clickElement on session ba918b54bddc19ac96e3a41f54a2b305 to remote] DEBUG org.asynchttpclient.netty.request.NettyRequestSender - Using pooled Channel '[id: 0x04b98c67, L:/127.0.0.1:58003 - R:localhost/127.0.0.1:52743]' for 'POST' to 'http://localhost:52743/session/ba918b54bddc19ac96e3a41f54a2b305/element/aa7d4391-260d-462b-860f-bf62934a3151/click'
10:48:26.909 [Forwarding clickElement on session ba918b54bddc19ac96e3a41f54a2b305 to remote] DEBUG org.asynchttpclient.netty.request.NettyRequestSender - Using open Channel [id: 0x04b98c67, L:/127.0.0.1:58003 - R:localhost/127.0.0.1:52743] for POST '/session/ba918b54bddc19ac96e3a41f54a2b305/element/aa7d4391-260d-462b-860f-bf62934a3151/click'
10:48:27.064 [AsyncHttpClient-1-1] DEBUG org.asynchttpclient.netty.channel.DefaultChannelPool - Entry count for : http://localhost:58004 : 1
10:48:27.129 [AsyncHttpClient-1-2] DEBUG org.asynchttpclient.netty.handler.HttpHandler - 

Request DefaultHttpRequest(decodeResult: success, version: HTTP/1.1)
POST /session/ba918b54bddc19ac96e3a41f54a2b305/element/aa7d4391-260d-462b-860f-bf62934a3151/click HTTP/1.1
User-Agent: selenium/4.1.2 (java windows)
Content-Length: 50
Content-Type: application/json; charset=utf-8
host: localhost:52743
accept: */*

Response DefaultHttpResponse(decodeResult: success, version: HTTP/1.1)
HTTP/1.1 200 OK
Content-Type: application/json; charset=utf-8
cache-control: no-cache
content-length: 14

10:48:27.129 [AsyncHttpClient-1-2] DEBUG org.asynchttpclient.netty.channel.ChannelManager - Adding key: http://localhost:52743 for channel [id: 0x04b98c67, L:/127.0.0.1:58003 - R:localhost/127.0.0.1:52743]
10:48:27.136 [Forwarding screenshot on session ba918b54bddc19ac96e3a41f54a2b305 to remote] DEBUG org.asynchttpclient.netty.request.NettyRequestSender - Using pooled Channel '[id: 0x04b98c67, L:/127.0.0.1:58003 - R:localhost/127.0.0.1:52743]' for 'GET' to 'http://localhost:52743/session/ba918b54bddc19ac96e3a41f54a2b305/screenshot'
10:48:27.136 [Forwarding screenshot on session ba918b54bddc19ac96e3a41f54a2b305 to remote] DEBUG org.asynchttpclient.netty.request.NettyRequestSender - Using open Channel [id: 0x04b98c67, L:/127.0.0.1:58003 - R:localhost/127.0.0.1:52743] for GET '/session/ba918b54bddc19ac96e3a41f54a2b305/screenshot'
10:48:27.245 [AsyncHttpClient-1-2] DEBUG org.asynchttpclient.netty.handler.HttpHandler - 

Request DefaultFullHttpRequest(decodeResult: success, version: HTTP/1.1, content: EmptyByteBufBE)
GET /session/ba918b54bddc19ac96e3a41f54a2b305/screenshot HTTP/1.1
User-Agent: selenium/4.1.2 (java windows)
Cache-Control: no-cache
Content-Type: application/json; charset=utf-8
host: localhost:52743
accept: */*

Response DefaultHttpResponse(decodeResult: success, version: HTTP/1.1)
HTTP/1.1 200 OK
Content-Type: application/json; charset=utf-8
cache-control: no-cache
content-length: 56192

10:48:27.246 [AsyncHttpClient-1-2] DEBUG org.asynchttpclient.netty.channel.ChannelManager - Adding key: http://localhost:52743 for channel [id: 0x04b98c67, L:/127.0.0.1:58003 - R:localhost/127.0.0.1:52743]
10:48:27.248 [main] DEBUG net.serenitybdd.core.photography.Darkroom - Send negative for processing for target\site\serenity\d631e005c1ab8c2ae9496eb0000819a309562887f5f0fc5c3b73065dfab87bed.png
10:48:27.249 [main] DEBUG net.thucydides.core.steps.StepInterceptor - STEP DONE: clickMenuDoctorButton
  &amp#27;[32mAnd &amp#27;[0m&amp#27;[32mI click menu doctor&amp#27;[0m                                         &amp#27;[90m# starter.stepdefinitions.DoctorSteps.iClickMenuDoctor()&amp#27;[0m
10:48:27.263 [main] DEBUG net.thucydides.core.steps.StepInterceptor - STARTING STEP: DoctorSteps.iClickDoctorDepartmentFilterDropdown - clickFilterDropdown
10:48:27.266 [Forwarding findElement on session ba918b54bddc19ac96e3a41f54a2b305 to remote] DEBUG org.asynchttpclient.netty.request.NettyRequestSender - Using pooled Channel '[id: 0x04b98c67, L:/127.0.0.1:58003 - R:localhost/127.0.0.1:52743]' for 'POST' to 'http://localhost:52743/session/ba918b54bddc19ac96e3a41f54a2b305/element'
10:48:27.266 [Forwarding findElement on session ba918b54bddc19ac96e3a41f54a2b305 to remote] DEBUG org.asynchttpclient.netty.request.NettyRequestSender - Using open Channel [id: 0x04b98c67, L:/127.0.0.1:58003 - R:localhost/127.0.0.1:52743] for POST '/session/ba918b54bddc19ac96e3a41f54a2b305/element'
10:48:27.281 [AsyncHttpClient-1-2] DEBUG org.asynchttpclient.netty.handler.HttpHandler - 

Request DefaultHttpRequest(decodeResult: success, version: HTTP/1.1)
POST /session/ba918b54bddc19ac96e3a41f54a2b305/element HTTP/1.1
User-Agent: selenium/4.1.2 (java windows)
Content-Length: 146
Content-Type: application/json; charset=utf-8
host: localhost:52743
accept: */*

Response DefaultHttpResponse(decodeResult: success, version: HTTP/1.1)
HTTP/1.1 200 OK
Content-Type: application/json; charset=utf-8
cache-control: no-cache
content-length: 88

10:48:27.281 [AsyncHttpClient-1-2] DEBUG org.asynchttpclient.netty.channel.ChannelManager - Adding key: http://localhost:52743 for channel [id: 0x04b98c67, L:/127.0.0.1:58003 - R:localhost/127.0.0.1:52743]
10:48:27.282 [Forwarding getElementTagName on session ba918b54bddc19ac96e3a41f54a2b305 to remote] DEBUG org.asynchttpclient.netty.request.NettyRequestSender - Using pooled Channel '[id: 0x04b98c67, L:/127.0.0.1:58003 - R:localhost/127.0.0.1:52743]' for 'GET' to 'http://localhost:52743/session/ba918b54bddc19ac96e3a41f54a2b305/element/a064ccf6-025c-4414-a1f2-07493c884634/name'
10:48:27.282 [Forwarding getElementTagName on session ba918b54bddc19ac96e3a41f54a2b305 to remote] DEBUG org.asynchttpclient.netty.request.NettyRequestSender - Using open Channel [id: 0x04b98c67, L:/127.0.0.1:58003 - R:localhost/127.0.0.1:52743] for GET '/session/ba918b54bddc19ac96e3a41f54a2b305/element/a064ccf6-025c-4414-a1f2-07493c884634/name'
10:48:27.288 [AsyncHttpClient-1-2] DEBUG org.asynchttpclient.netty.handler.HttpHandler - 

Request DefaultFullHttpRequest(decodeResult: success, version: HTTP/1.1, content: EmptyByteBufBE)
GET /session/ba918b54bddc19ac96e3a41f54a2b305/element/a064ccf6-025c-4414-a1f2-07493c884634/name HTTP/1.1
User-Agent: selenium/4.1.2 (java windows)
Cache-Control: no-cache
Content-Type: application/json; charset=utf-8
host: localhost:52743
accept: */*

Response DefaultHttpResponse(decodeResult: success, version: HTTP/1.1)
HTTP/1.1 200 OK
Content-Type: application/json; charset=utf-8
cache-control: no-cache
content-length: 15

10:48:27.288 [AsyncHttpClient-1-2] DEBUG org.asynchttpclient.netty.channel.ChannelManager - Adding key: http://localhost:52743 for channel [id: 0x04b98c67, L:/127.0.0.1:58003 - R:localhost/127.0.0.1:52743]
10:48:27.289 [Forwarding getElementTagName on session ba918b54bddc19ac96e3a41f54a2b305 to remote] DEBUG org.asynchttpclient.netty.request.NettyRequestSender - Using pooled Channel '[id: 0x04b98c67, L:/127.0.0.1:58003 - R:localhost/127.0.0.1:52743]' for 'GET' to 'http://localhost:52743/session/ba918b54bddc19ac96e3a41f54a2b305/element/a064ccf6-025c-4414-a1f2-07493c884634/name'
10:48:27.289 [Forwarding getElementTagName on session ba918b54bddc19ac96e3a41f54a2b305 to remote] DEBUG org.asynchttpclient.netty.request.NettyRequestSender - Using open Channel [id: 0x04b98c67, L:/127.0.0.1:58003 - R:localhost/127.0.0.1:52743] for GET '/session/ba918b54bddc19ac96e3a41f54a2b305/element/a064ccf6-025c-4414-a1f2-07493c884634/name'
10:48:27.293 [AsyncHttpClient-1-2] DEBUG org.asynchttpclient.netty.handler.HttpHandler - 

Request DefaultFullHttpRequest(decodeResult: success, version: HTTP/1.1, content: EmptyByteBufBE)
GET /session/ba918b54bddc19ac96e3a41f54a2b305/element/a064ccf6-025c-4414-a1f2-07493c884634/name HTTP/1.1
User-Agent: selenium/4.1.2 (java windows)
Cache-Control: no-cache
Content-Type: application/json; charset=utf-8
host: localhost:52743
accept: */*

Response DefaultHttpResponse(decodeResult: success, version: HTTP/1.1)
HTTP/1.1 200 OK
Content-Type: application/json; charset=utf-8
cache-control: no-cache
content-length: 15

10:48:27.294 [AsyncHttpClient-1-2] DEBUG org.asynchttpclient.netty.channel.ChannelManager - Adding key: http://localhost:52743 for channel [id: 0x04b98c67, L:/127.0.0.1:58003 - R:localhost/127.0.0.1:52743]
10:48:27.297 [Forwarding findElement on session ba918b54bddc19ac96e3a41f54a2b305 to remote] DEBUG org.asynchttpclient.netty.request.NettyRequestSender - Using pooled Channel '[id: 0x04b98c67, L:/127.0.0.1:58003 - R:localhost/127.0.0.1:52743]' for 'POST' to 'http://localhost:52743/session/ba918b54bddc19ac96e3a41f54a2b305/element'
10:48:27.297 [Forwarding findElement on session ba918b54bddc19ac96e3a41f54a2b305 to remote] DEBUG org.asynchttpclient.netty.request.NettyRequestSender - Using open Channel [id: 0x04b98c67, L:/127.0.0.1:58003 - R:localhost/127.0.0.1:52743] for POST '/session/ba918b54bddc19ac96e3a41f54a2b305/element'
10:48:27.306 [AsyncHttpClient-1-2] DEBUG org.asynchttpclient.netty.handler.HttpHandler - 

Request DefaultHttpRequest(decodeResult: success, version: HTTP/1.1)
POST /session/ba918b54bddc19ac96e3a41f54a2b305/element HTTP/1.1
User-Agent: selenium/4.1.2 (java windows)
Content-Length: 146
Content-Type: application/json; charset=utf-8
host: localhost:52743
accept: */*

Response DefaultHttpResponse(decodeResult: success, version: HTTP/1.1)
HTTP/1.1 200 OK
Content-Type: application/json; charset=utf-8
cache-control: no-cache
content-length: 88

10:48:27.307 [AsyncHttpClient-1-2] DEBUG org.asynchttpclient.netty.channel.ChannelManager - Adding key: http://localhost:52743 for channel [id: 0x04b98c67, L:/127.0.0.1:58003 - R:localhost/127.0.0.1:52743]
10:48:27.307 [Forwarding clickElement on session ba918b54bddc19ac96e3a41f54a2b305 to remote] DEBUG org.asynchttpclient.netty.request.NettyRequestSender - Using pooled Channel '[id: 0x04b98c67, L:/127.0.0.1:58003 - R:localhost/127.0.0.1:52743]' for 'POST' to 'http://localhost:52743/session/ba918b54bddc19ac96e3a41f54a2b305/element/a064ccf6-025c-4414-a1f2-07493c884634/click'
10:48:27.308 [Forwarding clickElement on session ba918b54bddc19ac96e3a41f54a2b305 to remote] DEBUG org.asynchttpclient.netty.request.NettyRequestSender - Using open Channel [id: 0x04b98c67, L:/127.0.0.1:58003 - R:localhost/127.0.0.1:52743] for POST '/session/ba918b54bddc19ac96e3a41f54a2b305/element/a064ccf6-025c-4414-a1f2-07493c884634/click'
10:48:27.397 [AsyncHttpClient-1-2] DEBUG org.asynchttpclient.netty.handler.HttpHandler - 

Request DefaultHttpRequest(decodeResult: success, version: HTTP/1.1)
POST /session/ba918b54bddc19ac96e3a41f54a2b305/element/a064ccf6-025c-4414-a1f2-07493c884634/click HTTP/1.1
User-Agent: selenium/4.1.2 (java windows)
Content-Length: 50
Content-Type: application/json; charset=utf-8
host: localhost:52743
accept: */*

Response DefaultHttpResponse(decodeResult: success, version: HTTP/1.1)
HTTP/1.1 200 OK
Content-Type: application/json; charset=utf-8
cache-control: no-cache
content-length: 14

10:48:27.398 [AsyncHttpClient-1-2] DEBUG org.asynchttpclient.netty.channel.ChannelManager - Adding key: http://localhost:52743 for channel [id: 0x04b98c67, L:/127.0.0.1:58003 - R:localhost/127.0.0.1:52743]
10:48:27.406 [Forwarding screenshot on session ba918b54bddc19ac96e3a41f54a2b305 to remote] DEBUG org.asynchttpclient.netty.request.NettyRequestSender - Using pooled Channel '[id: 0x04b98c67, L:/127.0.0.1:58003 - R:localhost/127.0.0.1:52743]' for 'GET' to 'http://localhost:52743/session/ba918b54bddc19ac96e3a41f54a2b305/screenshot'
10:48:27.406 [Forwarding screenshot on session ba918b54bddc19ac96e3a41f54a2b305 to remote] DEBUG org.asynchttpclient.netty.request.NettyRequestSender - Using open Channel [id: 0x04b98c67, L:/127.0.0.1:58003 - R:localhost/127.0.0.1:52743] for GET '/session/ba918b54bddc19ac96e3a41f54a2b305/screenshot'
10:48:27.536 [AsyncHttpClient-1-2] DEBUG org.asynchttpclient.netty.handler.HttpHandler - 

Request DefaultFullHttpRequest(decodeResult: success, version: HTTP/1.1, content: EmptyByteBufBE)
GET /session/ba918b54bddc19ac96e3a41f54a2b305/screenshot HTTP/1.1
User-Agent: selenium/4.1.2 (java windows)
Cache-Control: no-cache
Content-Type: application/json; charset=utf-8
host: localhost:52743
accept: */*

Response DefaultHttpResponse(decodeResult: success, version: HTTP/1.1)
HTTP/1.1 200 OK
Content-Type: application/json; charset=utf-8
cache-control: no-cache
content-length: 64932

10:48:27.536 [AsyncHttpClient-1-2] DEBUG org.asynchttpclient.netty.channel.ChannelManager - Adding key: http://localhost:52743 for channel [id: 0x04b98c67, L:/127.0.0.1:58003 - R:localhost/127.0.0.1:52743]
10:48:27.541 [main] DEBUG net.serenitybdd.core.photography.Darkroom - Send negative for processing for target\site\serenity\754a20218ce355f89949cc74ce6af303d52e6335c497a9fea3e90d3c81945af3.png
10:48:27.541 [main] DEBUG net.thucydides.core.steps.StepInterceptor - STEP DONE: clickFilterDropdown
  &amp#27;[32mWhen &amp#27;[0m&amp#27;[32mI click doctor department filter dropdown&amp#27;[0m                  &amp#27;[90m# starter.stepdefinitions.DoctorSteps.iClickDoctorDepartmentFilterDropdown()&amp#27;[0m
10:48:27.544 [Darkroom Processing Line] DEBUG net.serenitybdd.core.photography.DarkroomProcessingLine - Processing screenshot image in /var/screenshots/screenshot-334859230556500267
10:48:27.544 [Darkroom Processing Line] DEBUG net.serenitybdd.core.photography.DarkroomProcessingLine - Saving screenshot to target\site\serenity\754a20218ce355f89949cc74ce6af303d52e6335c497a9fea3e90d3c81945af3.png
10:48:27.569 [main] DEBUG net.thucydides.core.steps.StepInterceptor - STARTING STEP: DoctorSteps.iClickDoctorGeneral - clickGeneralMenu
10:48:27.577 [Forwarding findElement on session ba918b54bddc19ac96e3a41f54a2b305 to remote] DEBUG org.asynchttpclient.netty.request.NettyRequestSender - Using pooled Channel '[id: 0x04b98c67, L:/127.0.0.1:58003 - R:localhost/127.0.0.1:52743]' for 'POST' to 'http://localhost:52743/session/ba918b54bddc19ac96e3a41f54a2b305/element'
10:48:27.577 [Forwarding findElement on session ba918b54bddc19ac96e3a41f54a2b305 to remote] DEBUG org.asynchttpclient.netty.request.NettyRequestSender - Using open Channel [id: 0x04b98c67, L:/127.0.0.1:58003 - R:localhost/127.0.0.1:52743] for POST '/session/ba918b54bddc19ac96e3a41f54a2b305/element'
10:48:27.597 [AsyncHttpClient-1-2] DEBUG org.asynchttpclient.netty.handler.HttpHandler - 

Request DefaultHttpRequest(decodeResult: success, version: HTTP/1.1)
POST /session/ba918b54bddc19ac96e3a41f54a2b305/element HTTP/1.1
User-Agent: selenium/4.1.2 (java windows)
Content-Length: 109
Content-Type: application/json; charset=utf-8
host: localhost:52743
accept: */*

Response DefaultHttpResponse(decodeResult: success, version: HTTP/1.1)
HTTP/1.1 200 OK
Content-Type: application/json; charset=utf-8
cache-control: no-cache
content-length: 88

10:48:27.597 [AsyncHttpClient-1-2] DEBUG org.asynchttpclient.netty.channel.ChannelManager - Adding key: http://localhost:52743 for channel [id: 0x04b98c67, L:/127.0.0.1:58003 - R:localhost/127.0.0.1:52743]
10:48:27.599 [Forwarding getElementTagName on session ba918b54bddc19ac96e3a41f54a2b305 to remote] DEBUG org.asynchttpclient.netty.request.NettyRequestSender - Using pooled Channel '[id: 0x04b98c67, L:/127.0.0.1:58003 - R:localhost/127.0.0.1:52743]' for 'GET' to 'http://localhost:52743/session/ba918b54bddc19ac96e3a41f54a2b305/element/d681cbd6-b123-4480-ae03-c73f515dcf3e/name'
10:48:27.599 [Forwarding getElementTagName on session ba918b54bddc19ac96e3a41f54a2b305 to remote] DEBUG org.asynchttpclient.netty.request.NettyRequestSender - Using open Channel [id: 0x04b98c67, L:/127.0.0.1:58003 - R:localhost/127.0.0.1:52743] for GET '/session/ba918b54bddc19ac96e3a41f54a2b305/element/d681cbd6-b123-4480-ae03-c73f515dcf3e/name'
10:48:27.606 [AsyncHttpClient-1-2] DEBUG org.asynchttpclient.netty.handler.HttpHandler - 

Request DefaultFullHttpRequest(decodeResult: success, version: HTTP/1.1, content: EmptyByteBufBE)
GET /session/ba918b54bddc19ac96e3a41f54a2b305/element/d681cbd6-b123-4480-ae03-c73f515dcf3e/name HTTP/1.1
User-Agent: selenium/4.1.2 (java windows)
Cache-Control: no-cache
Content-Type: application/json; charset=utf-8
host: localhost:52743
accept: */*

Response DefaultHttpResponse(decodeResult: success, version: HTTP/1.1)
HTTP/1.1 200 OK
Content-Type: application/json; charset=utf-8
cache-control: no-cache
content-length: 14

10:48:27.606 [AsyncHttpClient-1-2] DEBUG org.asynchttpclient.netty.channel.ChannelManager - Adding key: http://localhost:52743 for channel [id: 0x04b98c67, L:/127.0.0.1:58003 - R:localhost/127.0.0.1:52743]
10:48:27.608 [Forwarding getElementTagName on session ba918b54bddc19ac96e3a41f54a2b305 to remote] DEBUG org.asynchttpclient.netty.request.NettyRequestSender - Using pooled Channel '[id: 0x04b98c67, L:/127.0.0.1:58003 - R:localhost/127.0.0.1:52743]' for 'GET' to 'http://localhost:52743/session/ba918b54bddc19ac96e3a41f54a2b305/element/d681cbd6-b123-4480-ae03-c73f515dcf3e/name'
10:48:27.608 [Forwarding getElementTagName on session ba918b54bddc19ac96e3a41f54a2b305 to remote] DEBUG org.asynchttpclient.netty.request.NettyRequestSender - Using open Channel [id: 0x04b98c67, L:/127.0.0.1:58003 - R:localhost/127.0.0.1:52743] for GET '/session/ba918b54bddc19ac96e3a41f54a2b305/element/d681cbd6-b123-4480-ae03-c73f515dcf3e/name'
10:48:27.613 [AsyncHttpClient-1-2] DEBUG org.asynchttpclient.netty.handler.HttpHandler - 

Request DefaultFullHttpRequest(decodeResult: success, version: HTTP/1.1, content: EmptyByteBufBE)
GET /session/ba918b54bddc19ac96e3a41f54a2b305/element/d681cbd6-b123-4480-ae03-c73f515dcf3e/name HTTP/1.1
User-Agent: selenium/4.1.2 (java windows)
Cache-Control: no-cache
Content-Type: application/json; charset=utf-8
host: localhost:52743
accept: */*

Response DefaultHttpResponse(decodeResult: success, version: HTTP/1.1)
HTTP/1.1 200 OK
Content-Type: application/json; charset=utf-8
cache-control: no-cache
content-length: 14

10:48:27.614 [AsyncHttpClient-1-2] DEBUG org.asynchttpclient.netty.channel.ChannelManager - Adding key: http://localhost:52743 for channel [id: 0x04b98c67, L:/127.0.0.1:58003 - R:localhost/127.0.0.1:52743]
10:48:27.617 [Forwarding findElement on session ba918b54bddc19ac96e3a41f54a2b305 to remote] DEBUG org.asynchttpclient.netty.request.NettyRequestSender - Using pooled Channel '[id: 0x04b98c67, L:/127.0.0.1:58003 - R:localhost/127.0.0.1:52743]' for 'POST' to 'http://localhost:52743/session/ba918b54bddc19ac96e3a41f54a2b305/element'
10:48:27.617 [Forwarding findElement on session ba918b54bddc19ac96e3a41f54a2b305 to remote] DEBUG org.asynchttpclient.netty.request.NettyRequestSender - Using open Channel [id: 0x04b98c67, L:/127.0.0.1:58003 - R:localhost/127.0.0.1:52743] for POST '/session/ba918b54bddc19ac96e3a41f54a2b305/element'
10:48:27.628 [AsyncHttpClient-1-2] DEBUG org.asynchttpclient.netty.handler.HttpHandler - 

Request DefaultHttpRequest(decodeResult: success, version: HTTP/1.1)
POST /session/ba918b54bddc19ac96e3a41f54a2b305/element HTTP/1.1
User-Agent: selenium/4.1.2 (java windows)
Content-Length: 109
Content-Type: application/json; charset=utf-8
host: localhost:52743
accept: */*

Response DefaultHttpResponse(decodeResult: success, version: HTTP/1.1)
HTTP/1.1 200 OK
Content-Type: application/json; charset=utf-8
cache-control: no-cache
content-length: 88

10:48:27.629 [AsyncHttpClient-1-2] DEBUG org.asynchttpclient.netty.channel.ChannelManager - Adding key: http://localhost:52743 for channel [id: 0x04b98c67, L:/127.0.0.1:58003 - R:localhost/127.0.0.1:52743]
10:48:27.630 [Forwarding clickElement on session ba918b54bddc19ac96e3a41f54a2b305 to remote] DEBUG org.asynchttpclient.netty.request.NettyRequestSender - Using pooled Channel '[id: 0x04b98c67, L:/127.0.0.1:58003 - R:localhost/127.0.0.1:52743]' for 'POST' to 'http://localhost:52743/session/ba918b54bddc19ac96e3a41f54a2b305/element/d681cbd6-b123-4480-ae03-c73f515dcf3e/click'
10:48:27.630 [Forwarding clickElement on session ba918b54bddc19ac96e3a41f54a2b305 to remote] DEBUG org.asynchttpclient.netty.request.NettyRequestSender - Using open Channel [id: 0x04b98c67, L:/127.0.0.1:58003 - R:localhost/127.0.0.1:52743] for POST '/session/ba918b54bddc19ac96e3a41f54a2b305/element/d681cbd6-b123-4480-ae03-c73f515dcf3e/click'
10:48:27.907 [AsyncHttpClient-1-2] DEBUG org.asynchttpclient.netty.handler.HttpHandler - 

Request DefaultHttpRequest(decodeResult: success, version: HTTP/1.1)
POST /session/ba918b54bddc19ac96e3a41f54a2b305/element/d681cbd6-b123-4480-ae03-c73f515dcf3e/click HTTP/1.1
User-Agent: selenium/4.1.2 (java windows)
Content-Length: 50
Content-Type: application/json; charset=utf-8
host: localhost:52743
accept: */*

Response DefaultHttpResponse(decodeResult: success, version: HTTP/1.1)
HTTP/1.1 200 OK
Content-Type: application/json; charset=utf-8
cache-control: no-cache
content-length: 14

10:48:27.907 [AsyncHttpClient-1-2] DEBUG org.asynchttpclient.netty.channel.ChannelManager - Adding key: http://localhost:52743 for channel [id: 0x04b98c67, L:/127.0.0.1:58003 - R:localhost/127.0.0.1:52743]
10:48:27.920 [Forwarding screenshot on session ba918b54bddc19ac96e3a41f54a2b305 to remote] DEBUG org.asynchttpclient.netty.request.NettyRequestSender - Using pooled Channel '[id: 0x04b98c67, L:/127.0.0.1:58003 - R:localhost/127.0.0.1:52743]' for 'GET' to 'http://localhost:52743/session/ba918b54bddc19ac96e3a41f54a2b305/screenshot'
10:48:27.920 [Forwarding screenshot on session ba918b54bddc19ac96e3a41f54a2b305 to remote] DEBUG org.asynchttpclient.netty.request.NettyRequestSender - Using open Channel [id: 0x04b98c67, L:/127.0.0.1:58003 - R:localhost/127.0.0.1:52743] for GET '/session/ba918b54bddc19ac96e3a41f54a2b305/screenshot'
10:48:28.052 [AsyncHttpClient-1-2] DEBUG org.asynchttpclient.netty.handler.HttpHandler - 

Request DefaultFullHttpRequest(decodeResult: success, version: HTTP/1.1, content: EmptyByteBufBE)
GET /session/ba918b54bddc19ac96e3a41f54a2b305/screenshot HTTP/1.1
User-Agent: selenium/4.1.2 (java windows)
Cache-Control: no-cache
Content-Type: application/json; charset=utf-8
host: localhost:52743
accept: */*

Response DefaultHttpResponse(decodeResult: success, version: HTTP/1.1)
HTTP/1.1 200 OK
Content-Type: application/json; charset=utf-8
cache-control: no-cache
content-length: 86160

10:48:28.053 [AsyncHttpClient-1-2] DEBUG org.asynchttpclient.netty.channel.ChannelManager - Adding key: http://localhost:52743 for channel [id: 0x04b98c67, L:/127.0.0.1:58003 - R:localhost/127.0.0.1:52743]
10:48:28.059 [main] DEBUG net.serenitybdd.core.photography.Darkroom - Send negative for processing for target\site\serenity\e7935e50dd4cf8a1fe271162d68704dbcfbcca1ccccb90c70d5357181dfcb742.png
10:48:28.059 [main] DEBUG net.thucydides.core.steps.StepInterceptor - STEP DONE: clickGeneralMenu
  &amp#27;[32mAnd &amp#27;[0m&amp#27;[32mI click general menu&amp#27;[0m                                        &amp#27;[90m# starter.stepdefinitions.DoctorSteps.iClickDoctorGeneral()&amp#27;[0m
10:48:28.059 [Darkroom Processing Line] DEBUG net.serenitybdd.core.photography.DarkroomProcessingLine - Processing screenshot image in /var/screenshots/screenshot-11931005205719383413
10:48:28.060 [Darkroom Processing Line] DEBUG net.serenitybdd.core.photography.DarkroomProcessingLine - Saving screenshot to target\site\serenity\e7935e50dd4cf8a1fe271162d68704dbcfbcca1ccccb90c70d5357181dfcb742.png
10:48:28.083 [main] DEBUG net.thucydides.core.steps.StepInterceptor - STARTING STEP: DoctorSteps.iValidateDoctorListOnlyShowGeneralDepartmentDoctor - validateGeneralDoctor
10:48:28.086 [Forwarding findElement on session ba918b54bddc19ac96e3a41f54a2b305 to remote] DEBUG org.asynchttpclient.netty.request.NettyRequestSender - Using pooled Channel '[id: 0x04b98c67, L:/127.0.0.1:58003 - R:localhost/127.0.0.1:52743]' for 'POST' to 'http://localhost:52743/session/ba918b54bddc19ac96e3a41f54a2b305/element'
10:48:28.086 [Forwarding findElement on session ba918b54bddc19ac96e3a41f54a2b305 to remote] DEBUG org.asynchttpclient.netty.request.NettyRequestSender - Using open Channel [id: 0x04b98c67, L:/127.0.0.1:58003 - R:localhost/127.0.0.1:52743] for POST '/session/ba918b54bddc19ac96e3a41f54a2b305/element'
10:48:28.166 [AsyncHttpClient-1-1] DEBUG org.asynchttpclient.netty.channel.DefaultChannelPool - Entry count for : http://localhost:58004 : 1
10:48:28.580 [AsyncHttpClient-1-2] DEBUG org.asynchttpclient.netty.handler.HttpHandler - 

Request DefaultHttpRequest(decodeResult: success, version: HTTP/1.1)
POST /session/ba918b54bddc19ac96e3a41f54a2b305/element HTTP/1.1
User-Agent: selenium/4.1.2 (java windows)
Content-Length: 79
Content-Type: application/json; charset=utf-8
host: localhost:52743
accept: */*

Response DefaultHttpResponse(decodeResult: success, version: HTTP/1.1)
HTTP/1.1 200 OK
Content-Type: application/json; charset=utf-8
cache-control: no-cache
content-length: 88

10:48:28.580 [AsyncHttpClient-1-2] DEBUG org.asynchttpclient.netty.channel.ChannelManager - Adding key: http://localhost:52743 for channel [id: 0x04b98c67, L:/127.0.0.1:58003 - R:localhost/127.0.0.1:52743]
10:48:28.585 [Forwarding isElementDisplayed on session ba918b54bddc19ac96e3a41f54a2b305 to remote] DEBUG org.asynchttpclient.netty.request.NettyRequestSender - Using pooled Channel '[id: 0x04b98c67, L:/127.0.0.1:58003 - R:localhost/127.0.0.1:52743]' for 'POST' to 'http://localhost:52743/session/ba918b54bddc19ac96e3a41f54a2b305/execute/sync'
10:48:28.585 [Forwarding isElementDisplayed on session ba918b54bddc19ac96e3a41f54a2b305 to remote] DEBUG org.asynchttpclient.netty.request.NettyRequestSender - Using open Channel [id: 0x04b98c67, L:/127.0.0.1:58003 - R:localhost/127.0.0.1:52743] for POST '/session/ba918b54bddc19ac96e3a41f54a2b305/execute/sync'
10:48:28.609 [AsyncHttpClient-1-2] DEBUG org.asynchttpclient.netty.handler.HttpHandler - 

Request DefaultHttpRequest(decodeResult: success, version: HTTP/1.1)
POST /session/ba918b54bddc19ac96e3a41f54a2b305/execute/sync HTTP/1.1
User-Agent: selenium/4.1.2 (java windows)
Content-Length: 48780
Content-Type: application/json; charset=utf-8
host: localhost:52743
accept: */*

Response DefaultHttpResponse(decodeResult: success, version: HTTP/1.1)
HTTP/1.1 200 OK
Content-Type: application/json; charset=utf-8
cache-control: no-cache
content-length: 14

10:48:28.609 [AsyncHttpClient-1-2] DEBUG org.asynchttpclient.netty.channel.ChannelManager - Adding key: http://localhost:52743 for channel [id: 0x04b98c67, L:/127.0.0.1:58003 - R:localhost/127.0.0.1:52743]
10:48:28.614 [Forwarding screenshot on session ba918b54bddc19ac96e3a41f54a2b305 to remote] DEBUG org.asynchttpclient.netty.request.NettyRequestSender - Using pooled Channel '[id: 0x04b98c67, L:/127.0.0.1:58003 - R:localhost/127.0.0.1:52743]' for 'GET' to 'http://localhost:52743/session/ba918b54bddc19ac96e3a41f54a2b305/screenshot'
10:48:28.614 [Forwarding screenshot on session ba918b54bddc19ac96e3a41f54a2b305 to remote] DEBUG org.asynchttpclient.netty.request.NettyRequestSender - Using open Channel [id: 0x04b98c67, L:/127.0.0.1:58003 - R:localhost/127.0.0.1:52743] for GET '/session/ba918b54bddc19ac96e3a41f54a2b305/screenshot'
10:48:28.770 [AsyncHttpClient-1-2] DEBUG org.asynchttpclient.netty.handler.HttpHandler - 

Request DefaultFullHttpRequest(decodeResult: success, version: HTTP/1.1, content: EmptyByteBufBE)
GET /session/ba918b54bddc19ac96e3a41f54a2b305/screenshot HTTP/1.1
User-Agent: selenium/4.1.2 (java windows)
Cache-Control: no-cache
Content-Type: application/json; charset=utf-8
host: localhost:52743
accept: */*

Response DefaultHttpResponse(decodeResult: success, version: HTTP/1.1)
HTTP/1.1 200 OK
Content-Type: application/json; charset=utf-8
cache-control: no-cache
content-length: 72364

10:48:28.771 [AsyncHttpClient-1-2] DEBUG org.asynchttpclient.netty.channel.ChannelManager - Adding key: http://localhost:52743 for channel [id: 0x04b98c67, L:/127.0.0.1:58003 - R:localhost/127.0.0.1:52743]
10:48:28.774 [main] DEBUG net.serenitybdd.core.photography.Darkroom - Send negative for processing for target\site\serenity\66098f6e3a7e92ffc3a3bef2c192294fdca3b67b4d4b3d009e64ddada5b964e6.png
10:48:28.775 [main] DEBUG net.thucydides.core.steps.StepInterceptor - STEP DONE: validateGeneralDoctor
  &amp#27;[32mThen &amp#27;[0m&amp#27;[32mI validate doctor list only show general department doctor&amp#27;[0m &amp#27;[90m# starter.stepdefinitions.DoctorSteps.iValidateDoctorListOnlyShowGeneralDepartmentDoctor()&amp#27;[0m
10:48:28.775 [Darkroom Processing Line] DEBUG net.serenitybdd.core.photography.DarkroomProcessingLine - Processing screenshot image in /var/screenshots/screenshot-17982106240137384236
10:48:28.775 [Darkroom Processing Line] DEBUG net.serenitybdd.core.photography.DarkroomProcessingLine - Saving screenshot to target\site\serenity\66098f6e3a7e92ffc3a3bef2c192294fdca3b67b4d4b3d009e64ddada5b964e6.png
10:48:28.781 [main] INFO  - 
  _____   ___   ___   _____     ___     _     ___   ___   ___   ___  
 |_   _| | __| / __| |_   _|   | _ \   /_\   / __| / __| | __| |   \ 
   | |   | _|  \__ \   | |     |  _/  / _ \  \__ \ \__ \ | _|  | |) |
   |_|   |___| |___/   |_|     |_|   /_/ \_\ |___/ |___/ |___| |___/ 

Filter Doctor General Scenario
----------------------------------------------------------------------
10:48:28.783 [AsyncHttpClient-1-4] DEBUG org.asynchttpclient.netty.handler.WebSocketHandler - Channel Closed: [id: 0xaea55d6e, L:/127.0.0.1:58010 ! R:localhost/127.0.0.1:58004] with attribute NettyResponseFuture{currentRetry=5,
	isDone=1,
	isCancelled=0,
	asyncHandler=org.asynchttpclient.ws.WebSocketUpgradeHandler@29cad265,
	nettyRequest=org.asynchttpclient.netty.request.NettyRequest@41108287,
	future=java.util.concurrent.CompletableFuture@160aa11c[Completed normally],
	uri=ws://localhost:58004/devtools/browser/3ccb2026-9e0a-40d5-9971-82728bbf0f45,
	keepAlive=true,
	redirectCount=0,
	timeoutsHolder=null,
	inAuth=0,
	touch=1655783302692}
10:48:28.783 [AsyncHttpClient-1-4] DEBUG org.asynchttpclient.netty.channel.ChannelManager - Closing Channel [id: 0xaea55d6e, L:/127.0.0.1:58010 ! R:localhost/127.0.0.1:58004] 
10:48:28.783 [Driver Command Executor] DEBUG org.asynchttpclient.netty.request.NettyRequestSender - Using pooled Channel '[id: 0x04b98c67, L:/127.0.0.1:58003 - R:localhost/127.0.0.1:52743]' for 'DELETE' to 'http://localhost:52743/session/ba918b54bddc19ac96e3a41f54a2b305'
10:48:28.783 [Driver Command Executor] DEBUG org.asynchttpclient.netty.request.NettyRequestSender - Using open Channel [id: 0x04b98c67, L:/127.0.0.1:58003 - R:localhost/127.0.0.1:52743] for DELETE '/session/ba918b54bddc19ac96e3a41f54a2b305'
10:48:28.822 [AsyncHttpClient-1-3] DEBUG org.asynchttpclient.netty.handler.HttpHandler - Unexpected I/O exception on channel [id: 0x3e5be8c3, L:/127.0.0.1:58009 - R:localhost/127.0.0.1:58004]
java.net.SocketException: Connection reset
	at java.base/sun.nio.ch.SocketChannelImpl.throwConnectionReset(SocketChannelImpl.java:367)
	at java.base/sun.nio.ch.SocketChannelImpl.read(SocketChannelImpl.java:398)
	at io.netty.buffer.PooledByteBuf.setBytes(PooledByteBuf.java:258)
	at io.netty.buffer.AbstractByteBuf.writeBytes(AbstractByteBuf.java:1132)
	at io.netty.channel.socket.nio.NioSocketChannel.doReadBytes(NioSocketChannel.java:350)
	at io.netty.channel.nio.AbstractNioByteChannel$NioByteUnsafe.read(AbstractNioByteChannel.java:151)
	at io.netty.channel.nio.NioEventLoop.processSelectedKey(NioEventLoop.java:722)
	at io.netty.channel.nio.NioEventLoop.processSelectedKeysOptimized(NioEventLoop.java:658)
	at io.netty.channel.nio.NioEventLoop.processSelectedKeys(NioEventLoop.java:584)
	at io.netty.channel.nio.NioEventLoop.run(NioEventLoop.java:496)
	at io.netty.util.concurrent.SingleThreadEventExecutor$4.run(SingleThreadEventExecutor.java:986)
	at io.netty.util.internal.ThreadExecutorMap$2.run(ThreadExecutorMap.java:74)
	at io.netty.util.concurrent.FastThreadLocalRunnable.run(FastThreadLocalRunnable.java:30)
	at java.base/java.lang.Thread.run(Thread.java:832)
10:48:28.823 [AsyncHttpClient-1-3] DEBUG org.asynchttpclient.netty.channel.ChannelManager - Closing Channel [id: 0x3e5be8c3, L:/127.0.0.1:58009 - R:localhost/127.0.0.1:58004] 
10:48:28.823 [AsyncHttpClient-1-3] DEBUG org.asynchttpclient.netty.handler.HttpHandler - Channel Closed: [id: 0x3e5be8c3, L:/127.0.0.1:58009 ! R:localhost/127.0.0.1:58004] with attribute DISCARD
10:48:28.852 [AsyncHttpClient-1-2] DEBUG org.asynchttpclient.netty.handler.HttpHandler - 

Request DefaultFullHttpRequest(decodeResult: success, version: HTTP/1.1, content: EmptyByteBufBE)
DELETE /session/ba918b54bddc19ac96e3a41f54a2b305 HTTP/1.1
User-Agent: selenium/4.1.2 (java windows)
Content-Type: application/json; charset=utf-8
host: localhost:52743
accept: */*

Response DefaultHttpResponse(decodeResult: success, version: HTTP/1.1)
HTTP/1.1 200 OK
Content-Type: application/json; charset=utf-8
cache-control: no-cache
content-length: 14

10:48:28.852 [AsyncHttpClient-1-2] DEBUG org.asynchttpclient.netty.channel.ChannelManager - Adding key: http://localhost:52743 for channel [id: 0x04b98c67, L:/127.0.0.1:58003 - R:localhost/127.0.0.1:52743]
10:48:28.983 [AsyncHttpClient-1-2] DEBUG org.asynchttpclient.netty.handler.HttpHandler - Channel Closed: [id: 0x04b98c67, L:/127.0.0.1:58003 ! R:localhost/127.0.0.1:52743] with attribute DISCARD
10:48:29.264 [AsyncHttpClient-1-1] DEBUG org.asynchttpclient.netty.channel.DefaultChannelPool - Entry count for : http://localhost:58004 : 1
10:48:29.264 [AsyncHttpClient-1-1] DEBUG org.asynchttpclient.netty.channel.DefaultChannelPool - Entry count for : http://localhost:52743 : 1
10:48:29.264 [AsyncHttpClient-1-1] DEBUG org.asynchttpclient.netty.channel.DefaultChannelPool - Adding Candidate expired Channel [id: 0x3e5be8c3, L:/127.0.0.1:58009 ! R:localhost/127.0.0.1:58004] isIdleTimeoutExpired=false isRemotelyClosed=true isTtlExpired=false
10:48:29.264 [AsyncHttpClient-1-1] DEBUG org.asynchttpclient.netty.channel.DefaultChannelPool - Closing Idle Channel [id: 0x3e5be8c3, L:/127.0.0.1:58009 ! R:localhost/127.0.0.1:58004]
10:48:29.264 [AsyncHttpClient-1-1] DEBUG org.asynchttpclient.netty.channel.DefaultChannelPool - Adding Candidate expired Channel [id: 0x04b98c67, L:/127.0.0.1:58003 ! R:localhost/127.0.0.1:52743] isIdleTimeoutExpired=false isRemotelyClosed=true isTtlExpired=false
10:48:29.264 [AsyncHttpClient-1-1] DEBUG org.asynchttpclient.netty.channel.DefaultChannelPool - Closing Idle Channel [id: 0x04b98c67, L:/127.0.0.1:58003 ! R:localhost/127.0.0.1:52743]
10:48:29.264 [AsyncHttpClient-1-1] DEBUG org.asynchttpclient.netty.channel.DefaultChannelPool - Closed 2 connections out of 2 in 0 ms
]]></system-out>
    <system-err><![CDATA[Starting ChromeDriver 102.0.5005.61 (0e59bcc00cc4985ce39ad31c150065f159d95ad3-refs/branch-heads/5005@{#819}) on port 52743
Only local connections are allowed.
Please see https://chromedriver.chromium.org/security-considerations for suggestions on keeping ChromeDriver safe.
ChromeDriver was started successfully.
Jun 21, 2022 10:48:22 AM org.openqa.selenium.remote.ProtocolHandshake createSession
INFO: Detected dialect: W3C
Jun 21, 2022 10:48:22 AM org.openqa.selenium.devtools.CdpVersionFinder findNearestMatch
WARNING: Unable to find an exact match for CDP version 102, so returning the closest version found: a no-op implementation
Jun 21, 2022 10:48:22 AM org.openqa.selenium.devtools.CdpVersionFinder findNearestMatch
INFO: Unable to find CDP implementation matching 102.
Jun 21, 2022 10:48:22 AM org.openqa.selenium.chromium.ChromiumDriver lambda$new$3
WARNING: Unable to find version of CDP to use for . You may need to include a dependency on a specific version of the CDP using something similar to `org.seleniumhq.selenium:selenium-devtools-v86:4.1.2` where the version ("v86") matches the version of the chromium-based browser you're using and the version number of the artifact is the same as Selenium's.
]]></system-err>
  </testcase>
  <testcase name="Filter Doctor Neurology Scenario" classname="Doctor" time="9.283">
    <system-out><![CDATA[
@Doctor @FilterDoctorNeurology
Scenario: Filter Doctor Neurology Scenario                          &amp#27;[90m# src/test/resources/features/3.Doctor.feature:90&amp#27;[0m
10:48:29.511 [main] INFO io.cucumber.core.plugin.SerenityReporter - Running feature from file:///E:/My%20Documents/File%20Difa/TI%20Semester%206%20Kampus%20Merdeka%20Alterra/Tugas/CAPSTONE%20Project/Capstone-Project-Website/src/test/resources/features/3.Doctor.feature
10:48:29.514 [main] INFO  - 
  _____   ___   ___   _____     ___   _____     _     ___   _____   ___   ___  
 |_   _| | __| / __| |_   _|   / __| |_   _|   /_\   | _ \ |_   _| | __| |   \ 
   | |   | _|  \__ \   | |     \__ \   | |    / _ \  |   /   | |   | _|  | |) |
   |_|   |___| |___/   |_|     |___/   |_|   /_/ \_\ |_|_\   |_|   |___| |___/ 

Filter Doctor Neurology Scenario(doctor;filter-doctor-neurology-scenario)
--------------------------------------------------------------------------------
10:48:29.529 [main] DEBUG net.thucydides.core.steps.StepInterceptor - STARTING STEP: DashboardSteps.iAmOnTheDashboardPage - openUrl
10:48:29.530 [main] INFO net.serenitybdd.core.webdriver.driverproviders.ChromeDriverProvider - Using automatically driver download
10:48:29.911 [main] DEBUG io.github.bonigarcia.wdm.cache.ResolutionCache - Resolution chrome=102 in cache (valid until 11:37:46 21/06/2022 ICT)
10:48:29.935 [main] DEBUG io.github.bonigarcia.wdm.cache.ResolutionCache - Resolution chrome102=102.0.5005.61 in cache (valid until 09:22:16 22/06/2022 ICT)
10:48:29.940 [main] INFO io.github.bonigarcia.wdm.WebDriverManager - Using chromedriver 102.0.5005.61 (resolved driver for Chrome 102)
10:48:29.965 [main] DEBUG io.github.bonigarcia.wdm.WebDriverManager - Driver chromedriver 102.0.5005.61 found in cache
10:48:29.966 [main] INFO io.github.bonigarcia.wdm.WebDriverManager - Exporting webdriver.chrome.driver as C:\Users\USER\.cache\selenium\chromedriver\win32\102.0.5005.61\chromedriver.exe
10:48:30.236 [main] DEBUG net.serenitybdd.core.webdriver.driverproviders.ProvideNewDriver - Instantiating driver
10:48:30.236 [main] DEBUG net.serenitybdd.core.webdriver.driverproviders.ProvideNewDriver - Driver capabilities: Capabilities {acceptInsecureCerts: false, base.url: https://hospital-management..., browserName: chrome, chrome.driver: src/test/resources/webdrive..., driver: chrome, goog:chromeOptions: {args: [], extensions: []}}
10:48:30.789 [AsyncHttpClient-1-5] DEBUG org.asynchttpclient.netty.channel.NettyConnectListener - Using new Channel '[id: 0x10e168f4, L:/127.0.0.1:58026 - R:localhost/127.0.0.1:59896]' for 'POST' to '/session'
10:48:32.347 [AsyncHttpClient-1-5] DEBUG org.asynchttpclient.netty.handler.HttpHandler - 

Request DefaultHttpRequest(decodeResult: success, version: HTTP/1.1)
POST /session HTTP/1.1
User-Agent: selenium/4.1.2 (java windows)
Content-Length: 621
Content-Type: application/json; charset=utf-8
host: localhost:59896
accept: */*

Response DefaultHttpResponse(decodeResult: success, version: HTTP/1.1)
HTTP/1.1 200 OK
Content-Type: application/json; charset=utf-8
cache-control: no-cache
content-length: 788

10:48:32.347 [AsyncHttpClient-1-5] DEBUG org.asynchttpclient.netty.channel.ChannelManager - Adding key: http://localhost:59896 for channel [id: 0x10e168f4, L:/127.0.0.1:58026 - R:localhost/127.0.0.1:59896]
10:48:32.365 [AsyncHttpClient-1-6] DEBUG org.asynchttpclient.netty.channel.NettyConnectListener - Using new Channel '[id: 0x93432610, L:/127.0.0.1:58033 - R:localhost/127.0.0.1:58027]' for 'GET' to '/json/version'
10:48:32.366 [AsyncHttpClient-1-6] DEBUG org.asynchttpclient.netty.handler.HttpHandler - 

Request DefaultFullHttpRequest(decodeResult: success, version: HTTP/1.1, content: EmptyByteBufBE)
GET /json/version HTTP/1.1
User-Agent: selenium/4.1.2 (java windows)
host: localhost:58027
accept: */*

Response DefaultHttpResponse(decodeResult: success, version: HTTP/1.1)
HTTP/1.1 200 OK
Content-Type: application/json; charset=UTF-8
content-length: 427

10:48:32.366 [AsyncHttpClient-1-6] DEBUG org.asynchttpclient.netty.channel.ChannelManager - Adding key: http://localhost:58027 for channel [id: 0x93432610, L:/127.0.0.1:58033 - R:localhost/127.0.0.1:58027]
10:48:32.370 [AsyncHttpClient-1-7] DEBUG org.asynchttpclient.netty.channel.NettyConnectListener - Using new Channel '[id: 0x3edfc314, L:/127.0.0.1:58034 - R:localhost/127.0.0.1:58027]' for 'GET' to '/devtools/browser/fd598ae3-cc30-4f8e-b288-a7337d6ca36b'
10:48:32.371 [AsyncHttpClient-1-7] DEBUG org.asynchttpclient.netty.handler.WebSocketHandler - 

Request DefaultFullHttpRequest(decodeResult: success, version: HTTP/1.1, content: EmptyByteBufBE)
GET /devtools/browser/fd598ae3-cc30-4f8e-b288-a7337d6ca36b HTTP/1.1
upgrade: websocket
connection: upgrade
sec-websocket-key: ex1eH9DK9qPXDbkUdB7S5A==
sec-websocket-version: 13
origin: http://localhost:58027
host: localhost:58027
accept: */*
user-agent: AHC/2.1

Response DefaultHttpResponse(decodeResult: success, version: HTTP/1.1)
HTTP/1.1 101 WebSocket Protocol Handshake
Upgrade: WebSocket
Connection: Upgrade
Sec-WebSocket-Accept: lRkZhDLMS4LNJfzvncOGQKfwe+o=

10:48:32.395 [Forwarding maximizeCurrentWindow on session 24b8ac4872710bcaadfe76f65296ca92 to remote] DEBUG org.asynchttpclient.netty.request.NettyRequestSender - Using pooled Channel '[id: 0x10e168f4, L:/127.0.0.1:58026 - R:localhost/127.0.0.1:59896]' for 'POST' to 'http://localhost:59896/session/24b8ac4872710bcaadfe76f65296ca92/window/maximize'
10:48:32.395 [Forwarding maximizeCurrentWindow on session 24b8ac4872710bcaadfe76f65296ca92 to remote] DEBUG org.asynchttpclient.netty.request.NettyRequestSender - Using open Channel [id: 0x10e168f4, L:/127.0.0.1:58026 - R:localhost/127.0.0.1:59896] for POST '/session/24b8ac4872710bcaadfe76f65296ca92/window/maximize'
10:48:32.507 [AsyncHttpClient-1-5] DEBUG org.asynchttpclient.netty.handler.HttpHandler - 

Request DefaultHttpRequest(decodeResult: success, version: HTTP/1.1)
POST /session/24b8ac4872710bcaadfe76f65296ca92/window/maximize HTTP/1.1
User-Agent: selenium/4.1.2 (java windows)
Content-Length: 3
Content-Type: application/json; charset=utf-8
host: localhost:59896
accept: */*

Response DefaultHttpResponse(decodeResult: success, version: HTTP/1.1)
HTTP/1.1 200 OK
Content-Type: application/json; charset=utf-8
cache-control: no-cache
content-length: 51

10:48:32.508 [AsyncHttpClient-1-5] DEBUG org.asynchttpclient.netty.channel.ChannelManager - Adding key: http://localhost:59896 for channel [id: 0x10e168f4, L:/127.0.0.1:58026 - R:localhost/127.0.0.1:59896]
10:48:32.509 [Forwarding get on session 24b8ac4872710bcaadfe76f65296ca92 to remote] DEBUG org.asynchttpclient.netty.request.NettyRequestSender - Using pooled Channel '[id: 0x10e168f4, L:/127.0.0.1:58026 - R:localhost/127.0.0.1:59896]' for 'POST' to 'http://localhost:59896/session/24b8ac4872710bcaadfe76f65296ca92/url'
10:48:32.509 [Forwarding get on session 24b8ac4872710bcaadfe76f65296ca92 to remote] DEBUG org.asynchttpclient.netty.request.NettyRequestSender - Using open Channel [id: 0x10e168f4, L:/127.0.0.1:58026 - R:localhost/127.0.0.1:59896] for POST '/session/24b8ac4872710bcaadfe76f65296ca92/url'
10:48:32.664 [AsyncHttpClient-1-1] DEBUG org.asynchttpclient.netty.channel.DefaultChannelPool - Entry count for : http://localhost:58027 : 1
10:48:33.764 [AsyncHttpClient-1-1] DEBUG org.asynchttpclient.netty.channel.DefaultChannelPool - Entry count for : http://localhost:58027 : 1
10:48:34.865 [AsyncHttpClient-1-1] DEBUG org.asynchttpclient.netty.channel.DefaultChannelPool - Entry count for : http://localhost:58027 : 1
10:48:35.306 [AsyncHttpClient-1-5] DEBUG org.asynchttpclient.netty.handler.HttpHandler - 

Request DefaultHttpRequest(decodeResult: success, version: HTTP/1.1)
POST /session/24b8ac4872710bcaadfe76f65296ca92/url HTTP/1.1
User-Agent: selenium/4.1.2 (java windows)
Content-Length: 65
Content-Type: application/json; charset=utf-8
host: localhost:59896
accept: */*

Response DefaultHttpResponse(decodeResult: success, version: HTTP/1.1)
HTTP/1.1 200 OK
Content-Type: application/json; charset=utf-8
cache-control: no-cache
content-length: 14

10:48:35.306 [AsyncHttpClient-1-5] DEBUG org.asynchttpclient.netty.channel.ChannelManager - Adding key: http://localhost:59896 for channel [id: 0x10e168f4, L:/127.0.0.1:58026 - R:localhost/127.0.0.1:59896]
10:48:35.308 [Forwarding setTimeout on session 24b8ac4872710bcaadfe76f65296ca92 to remote] DEBUG org.asynchttpclient.netty.request.NettyRequestSender - Using pooled Channel '[id: 0x10e168f4, L:/127.0.0.1:58026 - R:localhost/127.0.0.1:59896]' for 'POST' to 'http://localhost:59896/session/24b8ac4872710bcaadfe76f65296ca92/timeouts'
10:48:35.308 [Forwarding setTimeout on session 24b8ac4872710bcaadfe76f65296ca92 to remote] DEBUG org.asynchttpclient.netty.request.NettyRequestSender - Using open Channel [id: 0x10e168f4, L:/127.0.0.1:58026 - R:localhost/127.0.0.1:59896] for POST '/session/24b8ac4872710bcaadfe76f65296ca92/timeouts'
10:48:35.309 [AsyncHttpClient-1-5] DEBUG org.asynchttpclient.netty.handler.HttpHandler - 

Request DefaultHttpRequest(decodeResult: success, version: HTTP/1.1)
POST /session/24b8ac4872710bcaadfe76f65296ca92/timeouts HTTP/1.1
User-Agent: selenium/4.1.2 (java windows)
Content-Length: 22
Content-Type: application/json; charset=utf-8
host: localhost:59896
accept: */*

Response DefaultHttpResponse(decodeResult: success, version: HTTP/1.1)
HTTP/1.1 200 OK
Content-Type: application/json; charset=utf-8
cache-control: no-cache
content-length: 14

10:48:35.310 [AsyncHttpClient-1-5] DEBUG org.asynchttpclient.netty.channel.ChannelManager - Adding key: http://localhost:59896 for channel [id: 0x10e168f4, L:/127.0.0.1:58026 - R:localhost/127.0.0.1:59896]
10:48:35.315 [Forwarding getCurrentUrl on session 24b8ac4872710bcaadfe76f65296ca92 to remote] DEBUG org.asynchttpclient.netty.request.NettyRequestSender - Using pooled Channel '[id: 0x10e168f4, L:/127.0.0.1:58026 - R:localhost/127.0.0.1:59896]' for 'GET' to 'http://localhost:59896/session/24b8ac4872710bcaadfe76f65296ca92/url'
10:48:35.315 [Forwarding getCurrentUrl on session 24b8ac4872710bcaadfe76f65296ca92 to remote] DEBUG org.asynchttpclient.netty.request.NettyRequestSender - Using open Channel [id: 0x10e168f4, L:/127.0.0.1:58026 - R:localhost/127.0.0.1:59896] for GET '/session/24b8ac4872710bcaadfe76f65296ca92/url'
10:48:35.323 [AsyncHttpClient-1-5] DEBUG org.asynchttpclient.netty.handler.HttpHandler - 

Request DefaultFullHttpRequest(decodeResult: success, version: HTTP/1.1, content: EmptyByteBufBE)
GET /session/24b8ac4872710bcaadfe76f65296ca92/url HTTP/1.1
User-Agent: selenium/4.1.2 (java windows)
Cache-Control: no-cache
Content-Type: application/json; charset=utf-8
host: localhost:59896
accept: */*

Response DefaultHttpResponse(decodeResult: success, version: HTTP/1.1)
HTTP/1.1 200 OK
Content-Type: application/json; charset=utf-8
cache-control: no-cache
content-length: 53

10:48:35.323 [AsyncHttpClient-1-5] DEBUG org.asynchttpclient.netty.channel.ChannelManager - Adding key: http://localhost:59896 for channel [id: 0x10e168f4, L:/127.0.0.1:58026 - R:localhost/127.0.0.1:59896]
10:48:35.328 [Forwarding getCurrentUrl on session 24b8ac4872710bcaadfe76f65296ca92 to remote] DEBUG org.asynchttpclient.netty.request.NettyRequestSender - Using pooled Channel '[id: 0x10e168f4, L:/127.0.0.1:58026 - R:localhost/127.0.0.1:59896]' for 'GET' to 'http://localhost:59896/session/24b8ac4872710bcaadfe76f65296ca92/url'
10:48:35.328 [Forwarding getCurrentUrl on session 24b8ac4872710bcaadfe76f65296ca92 to remote] DEBUG org.asynchttpclient.netty.request.NettyRequestSender - Using open Channel [id: 0x10e168f4, L:/127.0.0.1:58026 - R:localhost/127.0.0.1:59896] for GET '/session/24b8ac4872710bcaadfe76f65296ca92/url'
10:48:35.332 [AsyncHttpClient-1-5] DEBUG org.asynchttpclient.netty.handler.HttpHandler - 

Request DefaultFullHttpRequest(decodeResult: success, version: HTTP/1.1, content: EmptyByteBufBE)
GET /session/24b8ac4872710bcaadfe76f65296ca92/url HTTP/1.1
User-Agent: selenium/4.1.2 (java windows)
Cache-Control: no-cache
Content-Type: application/json; charset=utf-8
host: localhost:59896
accept: */*

Response DefaultHttpResponse(decodeResult: success, version: HTTP/1.1)
HTTP/1.1 200 OK
Content-Type: application/json; charset=utf-8
cache-control: no-cache
content-length: 53

10:48:35.333 [AsyncHttpClient-1-5] DEBUG org.asynchttpclient.netty.channel.ChannelManager - Adding key: http://localhost:59896 for channel [id: 0x10e168f4, L:/127.0.0.1:58026 - R:localhost/127.0.0.1:59896]
10:48:35.340 [Forwarding screenshot on session 24b8ac4872710bcaadfe76f65296ca92 to remote] DEBUG org.asynchttpclient.netty.request.NettyRequestSender - Using pooled Channel '[id: 0x10e168f4, L:/127.0.0.1:58026 - R:localhost/127.0.0.1:59896]' for 'GET' to 'http://localhost:59896/session/24b8ac4872710bcaadfe76f65296ca92/screenshot'
10:48:35.340 [Forwarding screenshot on session 24b8ac4872710bcaadfe76f65296ca92 to remote] DEBUG org.asynchttpclient.netty.request.NettyRequestSender - Using open Channel [id: 0x10e168f4, L:/127.0.0.1:58026 - R:localhost/127.0.0.1:59896] for GET '/session/24b8ac4872710bcaadfe76f65296ca92/screenshot'
10:48:35.673 [AsyncHttpClient-1-5] DEBUG org.asynchttpclient.netty.handler.HttpHandler - 

Request DefaultFullHttpRequest(decodeResult: success, version: HTTP/1.1, content: EmptyByteBufBE)
GET /session/24b8ac4872710bcaadfe76f65296ca92/screenshot HTTP/1.1
User-Agent: selenium/4.1.2 (java windows)
Cache-Control: no-cache
Content-Type: application/json; charset=utf-8
host: localhost:59896
accept: */*

Response DefaultHttpResponse(decodeResult: success, version: HTTP/1.1)
HTTP/1.1 200 OK
Content-Type: application/json; charset=utf-8
cache-control: no-cache
content-length: 382596

10:48:35.677 [AsyncHttpClient-1-5] DEBUG org.asynchttpclient.netty.channel.ChannelManager - Adding key: http://localhost:59896 for channel [id: 0x10e168f4, L:/127.0.0.1:58026 - R:localhost/127.0.0.1:59896]
10:48:35.705 [main] DEBUG net.serenitybdd.core.photography.Darkroom - Send negative for processing for target\site\serenity\ed15a54c91c342d96a850276df7b559f4526b370fc93040e3c407a48a170f368.png
10:48:35.705 [main] DEBUG net.thucydides.core.steps.StepInterceptor - STEP DONE: openUrl
10:48:35.724 [main] DEBUG net.thucydides.core.steps.StepInterceptor - STARTING STEP: DashboardSteps.iAmOnTheDashboardPage - validateOnDashboardPage
10:48:35.728 [Forwarding findElement on session 24b8ac4872710bcaadfe76f65296ca92 to remote] DEBUG org.asynchttpclient.netty.request.NettyRequestSender - Using pooled Channel '[id: 0x10e168f4, L:/127.0.0.1:58026 - R:localhost/127.0.0.1:59896]' for 'POST' to 'http://localhost:59896/session/24b8ac4872710bcaadfe76f65296ca92/element'
10:48:35.728 [Forwarding findElement on session 24b8ac4872710bcaadfe76f65296ca92 to remote] DEBUG org.asynchttpclient.netty.request.NettyRequestSender - Using open Channel [id: 0x10e168f4, L:/127.0.0.1:58026 - R:localhost/127.0.0.1:59896] for POST '/session/24b8ac4872710bcaadfe76f65296ca92/element'
10:48:35.753 [AsyncHttpClient-1-5] DEBUG org.asynchttpclient.netty.handler.HttpHandler - 

Request DefaultHttpRequest(decodeResult: success, version: HTTP/1.1)
POST /session/24b8ac4872710bcaadfe76f65296ca92/element HTTP/1.1
User-Agent: selenium/4.1.2 (java windows)
Content-Length: 81
Content-Type: application/json; charset=utf-8
host: localhost:59896
accept: */*

Response DefaultHttpResponse(decodeResult: success, version: HTTP/1.1)
HTTP/1.1 200 OK
Content-Type: application/json; charset=utf-8
cache-control: no-cache
content-length: 88

10:48:35.753 [AsyncHttpClient-1-5] DEBUG org.asynchttpclient.netty.channel.ChannelManager - Adding key: http://localhost:59896 for channel [id: 0x10e168f4, L:/127.0.0.1:58026 - R:localhost/127.0.0.1:59896]
10:48:35.758 [Forwarding isElementDisplayed on session 24b8ac4872710bcaadfe76f65296ca92 to remote] DEBUG org.asynchttpclient.netty.request.NettyRequestSender - Using pooled Channel '[id: 0x10e168f4, L:/127.0.0.1:58026 - R:localhost/127.0.0.1:59896]' for 'POST' to 'http://localhost:59896/session/24b8ac4872710bcaadfe76f65296ca92/execute/sync'
10:48:35.758 [Forwarding isElementDisplayed on session 24b8ac4872710bcaadfe76f65296ca92 to remote] DEBUG org.asynchttpclient.netty.request.NettyRequestSender - Using open Channel [id: 0x10e168f4, L:/127.0.0.1:58026 - R:localhost/127.0.0.1:59896] for POST '/session/24b8ac4872710bcaadfe76f65296ca92/execute/sync'
10:48:35.784 [AsyncHttpClient-1-5] DEBUG org.asynchttpclient.netty.handler.HttpHandler - 

Request DefaultHttpRequest(decodeResult: success, version: HTTP/1.1)
POST /session/24b8ac4872710bcaadfe76f65296ca92/execute/sync HTTP/1.1
User-Agent: selenium/4.1.2 (java windows)
Content-Length: 48780
Content-Type: application/json; charset=utf-8
host: localhost:59896
accept: */*

Response DefaultHttpResponse(decodeResult: success, version: HTTP/1.1)
HTTP/1.1 200 OK
Content-Type: application/json; charset=utf-8
cache-control: no-cache
content-length: 14

10:48:35.784 [AsyncHttpClient-1-5] DEBUG org.asynchttpclient.netty.channel.ChannelManager - Adding key: http://localhost:59896 for channel [id: 0x10e168f4, L:/127.0.0.1:58026 - R:localhost/127.0.0.1:59896]
10:48:35.792 [Forwarding screenshot on session 24b8ac4872710bcaadfe76f65296ca92 to remote] DEBUG org.asynchttpclient.netty.request.NettyRequestSender - Using pooled Channel '[id: 0x10e168f4, L:/127.0.0.1:58026 - R:localhost/127.0.0.1:59896]' for 'GET' to 'http://localhost:59896/session/24b8ac4872710bcaadfe76f65296ca92/screenshot'
10:48:35.792 [Forwarding screenshot on session 24b8ac4872710bcaadfe76f65296ca92 to remote] DEBUG org.asynchttpclient.netty.request.NettyRequestSender - Using open Channel [id: 0x10e168f4, L:/127.0.0.1:58026 - R:localhost/127.0.0.1:59896] for GET '/session/24b8ac4872710bcaadfe76f65296ca92/screenshot'
10:48:35.963 [AsyncHttpClient-1-1] DEBUG org.asynchttpclient.netty.channel.DefaultChannelPool - Entry count for : http://localhost:58027 : 1
10:48:36.121 [AsyncHttpClient-1-5] DEBUG org.asynchttpclient.netty.handler.HttpHandler - 

Request DefaultFullHttpRequest(decodeResult: success, version: HTTP/1.1, content: EmptyByteBufBE)
GET /session/24b8ac4872710bcaadfe76f65296ca92/screenshot HTTP/1.1
User-Agent: selenium/4.1.2 (java windows)
Cache-Control: no-cache
Content-Type: application/json; charset=utf-8
host: localhost:59896
accept: */*

Response DefaultHttpResponse(decodeResult: success, version: HTTP/1.1)
HTTP/1.1 200 OK
Content-Type: application/json; charset=utf-8
cache-control: no-cache
content-length: 382596

10:48:36.123 [AsyncHttpClient-1-5] DEBUG org.asynchttpclient.netty.channel.ChannelManager - Adding key: http://localhost:59896 for channel [id: 0x10e168f4, L:/127.0.0.1:58026 - R:localhost/127.0.0.1:59896]
10:48:36.148 [main] DEBUG net.serenitybdd.core.photography.Darkroom - Send negative for processing for target\site\serenity\ed15a54c91c342d96a850276df7b559f4526b370fc93040e3c407a48a170f368.png
10:48:36.148 [main] DEBUG net.thucydides.core.steps.StepInterceptor - STEP DONE: validateOnDashboardPage
  &amp#27;[32mGiven &amp#27;[0m&amp#27;[32mI am on the dashboard page&amp#27;[0m                                  &amp#27;[90m# starter.stepdefinitions.DashboardSteps.iAmOnTheDashboardPage()&amp#27;[0m
10:48:36.190 [main] DEBUG net.thucydides.core.steps.StepInterceptor - STARTING STEP: DoctorSteps.iClickMenuDoctor - clickMenuDoctorButton
10:48:36.195 [Forwarding findElement on session 24b8ac4872710bcaadfe76f65296ca92 to remote] DEBUG org.asynchttpclient.netty.request.NettyRequestSender - Using pooled Channel '[id: 0x10e168f4, L:/127.0.0.1:58026 - R:localhost/127.0.0.1:59896]' for 'POST' to 'http://localhost:59896/session/24b8ac4872710bcaadfe76f65296ca92/element'
10:48:36.195 [Forwarding findElement on session 24b8ac4872710bcaadfe76f65296ca92 to remote] DEBUG org.asynchttpclient.netty.request.NettyRequestSender - Using open Channel [id: 0x10e168f4, L:/127.0.0.1:58026 - R:localhost/127.0.0.1:59896] for POST '/session/24b8ac4872710bcaadfe76f65296ca92/element'
10:48:36.214 [AsyncHttpClient-1-5] DEBUG org.asynchttpclient.netty.handler.HttpHandler - 

Request DefaultHttpRequest(decodeResult: success, version: HTTP/1.1)
POST /session/24b8ac4872710bcaadfe76f65296ca92/element HTTP/1.1
User-Agent: selenium/4.1.2 (java windows)
Content-Length: 79
Content-Type: application/json; charset=utf-8
host: localhost:59896
accept: */*

Response DefaultHttpResponse(decodeResult: success, version: HTTP/1.1)
HTTP/1.1 200 OK
Content-Type: application/json; charset=utf-8
cache-control: no-cache
content-length: 88

10:48:36.215 [AsyncHttpClient-1-5] DEBUG org.asynchttpclient.netty.channel.ChannelManager - Adding key: http://localhost:59896 for channel [id: 0x10e168f4, L:/127.0.0.1:58026 - R:localhost/127.0.0.1:59896]
10:48:36.216 [Forwarding getElementTagName on session 24b8ac4872710bcaadfe76f65296ca92 to remote] DEBUG org.asynchttpclient.netty.request.NettyRequestSender - Using pooled Channel '[id: 0x10e168f4, L:/127.0.0.1:58026 - R:localhost/127.0.0.1:59896]' for 'GET' to 'http://localhost:59896/session/24b8ac4872710bcaadfe76f65296ca92/element/2da500d9-53bc-4003-a7e6-2469559c7e44/name'
10:48:36.216 [Forwarding getElementTagName on session 24b8ac4872710bcaadfe76f65296ca92 to remote] DEBUG org.asynchttpclient.netty.request.NettyRequestSender - Using open Channel [id: 0x10e168f4, L:/127.0.0.1:58026 - R:localhost/127.0.0.1:59896] for GET '/session/24b8ac4872710bcaadfe76f65296ca92/element/2da500d9-53bc-4003-a7e6-2469559c7e44/name'
10:48:36.223 [AsyncHttpClient-1-5] DEBUG org.asynchttpclient.netty.handler.HttpHandler - 

Request DefaultFullHttpRequest(decodeResult: success, version: HTTP/1.1, content: EmptyByteBufBE)
GET /session/24b8ac4872710bcaadfe76f65296ca92/element/2da500d9-53bc-4003-a7e6-2469559c7e44/name HTTP/1.1
User-Agent: selenium/4.1.2 (java windows)
Cache-Control: no-cache
Content-Type: application/json; charset=utf-8
host: localhost:59896
accept: */*

Response DefaultHttpResponse(decodeResult: success, version: HTTP/1.1)
HTTP/1.1 200 OK
Content-Type: application/json; charset=utf-8
cache-control: no-cache
content-length: 15

10:48:36.223 [AsyncHttpClient-1-5] DEBUG org.asynchttpclient.netty.channel.ChannelManager - Adding key: http://localhost:59896 for channel [id: 0x10e168f4, L:/127.0.0.1:58026 - R:localhost/127.0.0.1:59896]
10:48:36.225 [Forwarding getElementTagName on session 24b8ac4872710bcaadfe76f65296ca92 to remote] DEBUG org.asynchttpclient.netty.request.NettyRequestSender - Using pooled Channel '[id: 0x10e168f4, L:/127.0.0.1:58026 - R:localhost/127.0.0.1:59896]' for 'GET' to 'http://localhost:59896/session/24b8ac4872710bcaadfe76f65296ca92/element/2da500d9-53bc-4003-a7e6-2469559c7e44/name'
10:48:36.225 [Forwarding getElementTagName on session 24b8ac4872710bcaadfe76f65296ca92 to remote] DEBUG org.asynchttpclient.netty.request.NettyRequestSender - Using open Channel [id: 0x10e168f4, L:/127.0.0.1:58026 - R:localhost/127.0.0.1:59896] for GET '/session/24b8ac4872710bcaadfe76f65296ca92/element/2da500d9-53bc-4003-a7e6-2469559c7e44/name'
10:48:36.229 [AsyncHttpClient-1-5] DEBUG org.asynchttpclient.netty.handler.HttpHandler - 

Request DefaultFullHttpRequest(decodeResult: success, version: HTTP/1.1, content: EmptyByteBufBE)
GET /session/24b8ac4872710bcaadfe76f65296ca92/element/2da500d9-53bc-4003-a7e6-2469559c7e44/name HTTP/1.1
User-Agent: selenium/4.1.2 (java windows)
Cache-Control: no-cache
Content-Type: application/json; charset=utf-8
host: localhost:59896
accept: */*

Response DefaultHttpResponse(decodeResult: success, version: HTTP/1.1)
HTTP/1.1 200 OK
Content-Type: application/json; charset=utf-8
cache-control: no-cache
content-length: 15

10:48:36.229 [AsyncHttpClient-1-5] DEBUG org.asynchttpclient.netty.channel.ChannelManager - Adding key: http://localhost:59896 for channel [id: 0x10e168f4, L:/127.0.0.1:58026 - R:localhost/127.0.0.1:59896]
10:48:36.232 [Forwarding findElement on session 24b8ac4872710bcaadfe76f65296ca92 to remote] DEBUG org.asynchttpclient.netty.request.NettyRequestSender - Using pooled Channel '[id: 0x10e168f4, L:/127.0.0.1:58026 - R:localhost/127.0.0.1:59896]' for 'POST' to 'http://localhost:59896/session/24b8ac4872710bcaadfe76f65296ca92/element'
10:48:36.232 [Forwarding findElement on session 24b8ac4872710bcaadfe76f65296ca92 to remote] DEBUG org.asynchttpclient.netty.request.NettyRequestSender - Using open Channel [id: 0x10e168f4, L:/127.0.0.1:58026 - R:localhost/127.0.0.1:59896] for POST '/session/24b8ac4872710bcaadfe76f65296ca92/element'
10:48:36.242 [AsyncHttpClient-1-5] DEBUG org.asynchttpclient.netty.handler.HttpHandler - 

Request DefaultHttpRequest(decodeResult: success, version: HTTP/1.1)
POST /session/24b8ac4872710bcaadfe76f65296ca92/element HTTP/1.1
User-Agent: selenium/4.1.2 (java windows)
Content-Length: 79
Content-Type: application/json; charset=utf-8
host: localhost:59896
accept: */*

Response DefaultHttpResponse(decodeResult: success, version: HTTP/1.1)
HTTP/1.1 200 OK
Content-Type: application/json; charset=utf-8
cache-control: no-cache
content-length: 88

10:48:36.243 [AsyncHttpClient-1-5] DEBUG org.asynchttpclient.netty.channel.ChannelManager - Adding key: http://localhost:59896 for channel [id: 0x10e168f4, L:/127.0.0.1:58026 - R:localhost/127.0.0.1:59896]
10:48:36.244 [Forwarding clickElement on session 24b8ac4872710bcaadfe76f65296ca92 to remote] DEBUG org.asynchttpclient.netty.request.NettyRequestSender - Using pooled Channel '[id: 0x10e168f4, L:/127.0.0.1:58026 - R:localhost/127.0.0.1:59896]' for 'POST' to 'http://localhost:59896/session/24b8ac4872710bcaadfe76f65296ca92/element/2da500d9-53bc-4003-a7e6-2469559c7e44/click'
10:48:36.244 [Forwarding clickElement on session 24b8ac4872710bcaadfe76f65296ca92 to remote] DEBUG org.asynchttpclient.netty.request.NettyRequestSender - Using open Channel [id: 0x10e168f4, L:/127.0.0.1:58026 - R:localhost/127.0.0.1:59896] for POST '/session/24b8ac4872710bcaadfe76f65296ca92/element/2da500d9-53bc-4003-a7e6-2469559c7e44/click'
10:48:36.501 [AsyncHttpClient-1-5] DEBUG org.asynchttpclient.netty.handler.HttpHandler - 

Request DefaultHttpRequest(decodeResult: success, version: HTTP/1.1)
POST /session/24b8ac4872710bcaadfe76f65296ca92/element/2da500d9-53bc-4003-a7e6-2469559c7e44/click HTTP/1.1
User-Agent: selenium/4.1.2 (java windows)
Content-Length: 50
Content-Type: application/json; charset=utf-8
host: localhost:59896
accept: */*

Response DefaultHttpResponse(decodeResult: success, version: HTTP/1.1)
HTTP/1.1 200 OK
Content-Type: application/json; charset=utf-8
cache-control: no-cache
content-length: 14

10:48:36.501 [AsyncHttpClient-1-5] DEBUG org.asynchttpclient.netty.channel.ChannelManager - Adding key: http://localhost:59896 for channel [id: 0x10e168f4, L:/127.0.0.1:58026 - R:localhost/127.0.0.1:59896]
10:48:36.508 [Forwarding screenshot on session 24b8ac4872710bcaadfe76f65296ca92 to remote] DEBUG org.asynchttpclient.netty.request.NettyRequestSender - Using pooled Channel '[id: 0x10e168f4, L:/127.0.0.1:58026 - R:localhost/127.0.0.1:59896]' for 'GET' to 'http://localhost:59896/session/24b8ac4872710bcaadfe76f65296ca92/screenshot'
10:48:36.508 [Forwarding screenshot on session 24b8ac4872710bcaadfe76f65296ca92 to remote] DEBUG org.asynchttpclient.netty.request.NettyRequestSender - Using open Channel [id: 0x10e168f4, L:/127.0.0.1:58026 - R:localhost/127.0.0.1:59896] for GET '/session/24b8ac4872710bcaadfe76f65296ca92/screenshot'
10:48:36.620 [AsyncHttpClient-1-5] DEBUG org.asynchttpclient.netty.handler.HttpHandler - 

Request DefaultFullHttpRequest(decodeResult: success, version: HTTP/1.1, content: EmptyByteBufBE)
GET /session/24b8ac4872710bcaadfe76f65296ca92/screenshot HTTP/1.1
User-Agent: selenium/4.1.2 (java windows)
Cache-Control: no-cache
Content-Type: application/json; charset=utf-8
host: localhost:59896
accept: */*

Response DefaultHttpResponse(decodeResult: success, version: HTTP/1.1)
HTTP/1.1 200 OK
Content-Type: application/json; charset=utf-8
cache-control: no-cache
content-length: 56192

10:48:36.620 [AsyncHttpClient-1-5] DEBUG org.asynchttpclient.netty.channel.ChannelManager - Adding key: http://localhost:59896 for channel [id: 0x10e168f4, L:/127.0.0.1:58026 - R:localhost/127.0.0.1:59896]
10:48:36.623 [main] DEBUG net.serenitybdd.core.photography.Darkroom - Send negative for processing for target\site\serenity\d631e005c1ab8c2ae9496eb0000819a309562887f5f0fc5c3b73065dfab87bed.png
10:48:36.623 [main] DEBUG net.thucydides.core.steps.StepInterceptor - STEP DONE: clickMenuDoctorButton
  &amp#27;[32mAnd &amp#27;[0m&amp#27;[32mI click menu doctor&amp#27;[0m                                           &amp#27;[90m# starter.stepdefinitions.DoctorSteps.iClickMenuDoctor()&amp#27;[0m
10:48:36.639 [main] DEBUG net.thucydides.core.steps.StepInterceptor - STARTING STEP: DoctorSteps.iClickDoctorDepartmentFilterDropdown - clickFilterDropdown
10:48:36.642 [Forwarding findElement on session 24b8ac4872710bcaadfe76f65296ca92 to remote] DEBUG org.asynchttpclient.netty.request.NettyRequestSender - Using pooled Channel '[id: 0x10e168f4, L:/127.0.0.1:58026 - R:localhost/127.0.0.1:59896]' for 'POST' to 'http://localhost:59896/session/24b8ac4872710bcaadfe76f65296ca92/element'
10:48:36.642 [Forwarding findElement on session 24b8ac4872710bcaadfe76f65296ca92 to remote] DEBUG org.asynchttpclient.netty.request.NettyRequestSender - Using open Channel [id: 0x10e168f4, L:/127.0.0.1:58026 - R:localhost/127.0.0.1:59896] for POST '/session/24b8ac4872710bcaadfe76f65296ca92/element'
10:48:36.661 [AsyncHttpClient-1-5] DEBUG org.asynchttpclient.netty.handler.HttpHandler - 

Request DefaultHttpRequest(decodeResult: success, version: HTTP/1.1)
POST /session/24b8ac4872710bcaadfe76f65296ca92/element HTTP/1.1
User-Agent: selenium/4.1.2 (java windows)
Content-Length: 146
Content-Type: application/json; charset=utf-8
host: localhost:59896
accept: */*

Response DefaultHttpResponse(decodeResult: success, version: HTTP/1.1)
HTTP/1.1 200 OK
Content-Type: application/json; charset=utf-8
cache-control: no-cache
content-length: 88

10:48:36.662 [AsyncHttpClient-1-5] DEBUG org.asynchttpclient.netty.channel.ChannelManager - Adding key: http://localhost:59896 for channel [id: 0x10e168f4, L:/127.0.0.1:58026 - R:localhost/127.0.0.1:59896]
10:48:36.664 [Forwarding getElementTagName on session 24b8ac4872710bcaadfe76f65296ca92 to remote] DEBUG org.asynchttpclient.netty.request.NettyRequestSender - Using pooled Channel '[id: 0x10e168f4, L:/127.0.0.1:58026 - R:localhost/127.0.0.1:59896]' for 'GET' to 'http://localhost:59896/session/24b8ac4872710bcaadfe76f65296ca92/element/d984e8a9-2aaf-45ce-9118-373f4baf67c0/name'
10:48:36.664 [Forwarding getElementTagName on session 24b8ac4872710bcaadfe76f65296ca92 to remote] DEBUG org.asynchttpclient.netty.request.NettyRequestSender - Using open Channel [id: 0x10e168f4, L:/127.0.0.1:58026 - R:localhost/127.0.0.1:59896] for GET '/session/24b8ac4872710bcaadfe76f65296ca92/element/d984e8a9-2aaf-45ce-9118-373f4baf67c0/name'
10:48:36.672 [AsyncHttpClient-1-5] DEBUG org.asynchttpclient.netty.handler.HttpHandler - 

Request DefaultFullHttpRequest(decodeResult: success, version: HTTP/1.1, content: EmptyByteBufBE)
GET /session/24b8ac4872710bcaadfe76f65296ca92/element/d984e8a9-2aaf-45ce-9118-373f4baf67c0/name HTTP/1.1
User-Agent: selenium/4.1.2 (java windows)
Cache-Control: no-cache
Content-Type: application/json; charset=utf-8
host: localhost:59896
accept: */*

Response DefaultHttpResponse(decodeResult: success, version: HTTP/1.1)
HTTP/1.1 200 OK
Content-Type: application/json; charset=utf-8
cache-control: no-cache
content-length: 15

10:48:36.672 [AsyncHttpClient-1-5] DEBUG org.asynchttpclient.netty.channel.ChannelManager - Adding key: http://localhost:59896 for channel [id: 0x10e168f4, L:/127.0.0.1:58026 - R:localhost/127.0.0.1:59896]
10:48:36.674 [Forwarding getElementTagName on session 24b8ac4872710bcaadfe76f65296ca92 to remote] DEBUG org.asynchttpclient.netty.request.NettyRequestSender - Using pooled Channel '[id: 0x10e168f4, L:/127.0.0.1:58026 - R:localhost/127.0.0.1:59896]' for 'GET' to 'http://localhost:59896/session/24b8ac4872710bcaadfe76f65296ca92/element/d984e8a9-2aaf-45ce-9118-373f4baf67c0/name'
10:48:36.674 [Forwarding getElementTagName on session 24b8ac4872710bcaadfe76f65296ca92 to remote] DEBUG org.asynchttpclient.netty.request.NettyRequestSender - Using open Channel [id: 0x10e168f4, L:/127.0.0.1:58026 - R:localhost/127.0.0.1:59896] for GET '/session/24b8ac4872710bcaadfe76f65296ca92/element/d984e8a9-2aaf-45ce-9118-373f4baf67c0/name'
10:48:36.681 [AsyncHttpClient-1-5] DEBUG org.asynchttpclient.netty.handler.HttpHandler - 

Request DefaultFullHttpRequest(decodeResult: success, version: HTTP/1.1, content: EmptyByteBufBE)
GET /session/24b8ac4872710bcaadfe76f65296ca92/element/d984e8a9-2aaf-45ce-9118-373f4baf67c0/name HTTP/1.1
User-Agent: selenium/4.1.2 (java windows)
Cache-Control: no-cache
Content-Type: application/json; charset=utf-8
host: localhost:59896
accept: */*

Response DefaultHttpResponse(decodeResult: success, version: HTTP/1.1)
HTTP/1.1 200 OK
Content-Type: application/json; charset=utf-8
cache-control: no-cache
content-length: 15

10:48:36.681 [AsyncHttpClient-1-5] DEBUG org.asynchttpclient.netty.channel.ChannelManager - Adding key: http://localhost:59896 for channel [id: 0x10e168f4, L:/127.0.0.1:58026 - R:localhost/127.0.0.1:59896]
10:48:36.684 [Forwarding findElement on session 24b8ac4872710bcaadfe76f65296ca92 to remote] DEBUG org.asynchttpclient.netty.request.NettyRequestSender - Using pooled Channel '[id: 0x10e168f4, L:/127.0.0.1:58026 - R:localhost/127.0.0.1:59896]' for 'POST' to 'http://localhost:59896/session/24b8ac4872710bcaadfe76f65296ca92/element'
10:48:36.684 [Forwarding findElement on session 24b8ac4872710bcaadfe76f65296ca92 to remote] DEBUG org.asynchttpclient.netty.request.NettyRequestSender - Using open Channel [id: 0x10e168f4, L:/127.0.0.1:58026 - R:localhost/127.0.0.1:59896] for POST '/session/24b8ac4872710bcaadfe76f65296ca92/element'
10:48:36.698 [AsyncHttpClient-1-5] DEBUG org.asynchttpclient.netty.handler.HttpHandler - 

Request DefaultHttpRequest(decodeResult: success, version: HTTP/1.1)
POST /session/24b8ac4872710bcaadfe76f65296ca92/element HTTP/1.1
User-Agent: selenium/4.1.2 (java windows)
Content-Length: 146
Content-Type: application/json; charset=utf-8
host: localhost:59896
accept: */*

Response DefaultHttpResponse(decodeResult: success, version: HTTP/1.1)
HTTP/1.1 200 OK
Content-Type: application/json; charset=utf-8
cache-control: no-cache
content-length: 88

10:48:36.698 [AsyncHttpClient-1-5] DEBUG org.asynchttpclient.netty.channel.ChannelManager - Adding key: http://localhost:59896 for channel [id: 0x10e168f4, L:/127.0.0.1:58026 - R:localhost/127.0.0.1:59896]
10:48:36.700 [Forwarding clickElement on session 24b8ac4872710bcaadfe76f65296ca92 to remote] DEBUG org.asynchttpclient.netty.request.NettyRequestSender - Using pooled Channel '[id: 0x10e168f4, L:/127.0.0.1:58026 - R:localhost/127.0.0.1:59896]' for 'POST' to 'http://localhost:59896/session/24b8ac4872710bcaadfe76f65296ca92/element/d984e8a9-2aaf-45ce-9118-373f4baf67c0/click'
10:48:36.700 [Forwarding clickElement on session 24b8ac4872710bcaadfe76f65296ca92 to remote] DEBUG org.asynchttpclient.netty.request.NettyRequestSender - Using open Channel [id: 0x10e168f4, L:/127.0.0.1:58026 - R:localhost/127.0.0.1:59896] for POST '/session/24b8ac4872710bcaadfe76f65296ca92/element/d984e8a9-2aaf-45ce-9118-373f4baf67c0/click'
10:48:36.850 [AsyncHttpClient-1-5] DEBUG org.asynchttpclient.netty.handler.HttpHandler - 

Request DefaultHttpRequest(decodeResult: success, version: HTTP/1.1)
POST /session/24b8ac4872710bcaadfe76f65296ca92/element/d984e8a9-2aaf-45ce-9118-373f4baf67c0/click HTTP/1.1
User-Agent: selenium/4.1.2 (java windows)
Content-Length: 50
Content-Type: application/json; charset=utf-8
host: localhost:59896
accept: */*

Response DefaultHttpResponse(decodeResult: success, version: HTTP/1.1)
HTTP/1.1 200 OK
Content-Type: application/json; charset=utf-8
cache-control: no-cache
content-length: 14

10:48:36.850 [AsyncHttpClient-1-5] DEBUG org.asynchttpclient.netty.channel.ChannelManager - Adding key: http://localhost:59896 for channel [id: 0x10e168f4, L:/127.0.0.1:58026 - R:localhost/127.0.0.1:59896]
10:48:36.863 [Forwarding screenshot on session 24b8ac4872710bcaadfe76f65296ca92 to remote] DEBUG org.asynchttpclient.netty.request.NettyRequestSender - Using pooled Channel '[id: 0x10e168f4, L:/127.0.0.1:58026 - R:localhost/127.0.0.1:59896]' for 'GET' to 'http://localhost:59896/session/24b8ac4872710bcaadfe76f65296ca92/screenshot'
10:48:36.863 [Forwarding screenshot on session 24b8ac4872710bcaadfe76f65296ca92 to remote] DEBUG org.asynchttpclient.netty.request.NettyRequestSender - Using open Channel [id: 0x10e168f4, L:/127.0.0.1:58026 - R:localhost/127.0.0.1:59896] for GET '/session/24b8ac4872710bcaadfe76f65296ca92/screenshot'
10:48:37.064 [AsyncHttpClient-1-1] DEBUG org.asynchttpclient.netty.channel.DefaultChannelPool - Entry count for : http://localhost:58027 : 1
10:48:37.125 [AsyncHttpClient-1-5] DEBUG org.asynchttpclient.netty.handler.HttpHandler - 

Request DefaultFullHttpRequest(decodeResult: success, version: HTTP/1.1, content: EmptyByteBufBE)
GET /session/24b8ac4872710bcaadfe76f65296ca92/screenshot HTTP/1.1
User-Agent: selenium/4.1.2 (java windows)
Cache-Control: no-cache
Content-Type: application/json; charset=utf-8
host: localhost:59896
accept: */*

Response DefaultHttpResponse(decodeResult: success, version: HTTP/1.1)
HTTP/1.1 200 OK
Content-Type: application/json; charset=utf-8
cache-control: no-cache
content-length: 113712

10:48:37.126 [AsyncHttpClient-1-5] DEBUG org.asynchttpclient.netty.channel.ChannelManager - Adding key: http://localhost:59896 for channel [id: 0x10e168f4, L:/127.0.0.1:58026 - R:localhost/127.0.0.1:59896]
10:48:37.132 [main] DEBUG net.serenitybdd.core.photography.Darkroom - Send negative for processing for target\site\serenity\d86cec272d35ad61cc3e4c87108d1b0411466cae43c0716e0d9359f17d78d34c.png
10:48:37.133 [main] DEBUG net.thucydides.core.steps.StepInterceptor - STEP DONE: clickFilterDropdown
  &amp#27;[32mWhen &amp#27;[0m&amp#27;[32mI click doctor department filter dropdown&amp#27;[0m                    &amp#27;[90m# starter.stepdefinitions.DoctorSteps.iClickDoctorDepartmentFilterDropdown()&amp#27;[0m
10:48:37.133 [Darkroom Processing Line] DEBUG net.serenitybdd.core.photography.DarkroomProcessingLine - Processing screenshot image in /var/screenshots/screenshot-3281886092589670511
10:48:37.133 [Darkroom Processing Line] DEBUG net.serenitybdd.core.photography.DarkroomProcessingLine - Saving screenshot to target\site\serenity\d86cec272d35ad61cc3e4c87108d1b0411466cae43c0716e0d9359f17d78d34c.png
10:48:37.150 [main] DEBUG net.thucydides.core.steps.StepInterceptor - STARTING STEP: DoctorSteps.iClickNeurologyMenu - clickNeurologyMenu
10:48:37.155 [Forwarding findElement on session 24b8ac4872710bcaadfe76f65296ca92 to remote] DEBUG org.asynchttpclient.netty.request.NettyRequestSender - Using pooled Channel '[id: 0x10e168f4, L:/127.0.0.1:58026 - R:localhost/127.0.0.1:59896]' for 'POST' to 'http://localhost:59896/session/24b8ac4872710bcaadfe76f65296ca92/element'
10:48:37.155 [Forwarding findElement on session 24b8ac4872710bcaadfe76f65296ca92 to remote] DEBUG org.asynchttpclient.netty.request.NettyRequestSender - Using open Channel [id: 0x10e168f4, L:/127.0.0.1:58026 - R:localhost/127.0.0.1:59896] for POST '/session/24b8ac4872710bcaadfe76f65296ca92/element'
10:48:37.172 [AsyncHttpClient-1-5] DEBUG org.asynchttpclient.netty.handler.HttpHandler - 

Request DefaultHttpRequest(decodeResult: success, version: HTTP/1.1)
POST /session/24b8ac4872710bcaadfe76f65296ca92/element HTTP/1.1
User-Agent: selenium/4.1.2 (java windows)
Content-Length: 109
Content-Type: application/json; charset=utf-8
host: localhost:59896
accept: */*

Response DefaultHttpResponse(decodeResult: success, version: HTTP/1.1)
HTTP/1.1 200 OK
Content-Type: application/json; charset=utf-8
cache-control: no-cache
content-length: 88

10:48:37.172 [AsyncHttpClient-1-5] DEBUG org.asynchttpclient.netty.channel.ChannelManager - Adding key: http://localhost:59896 for channel [id: 0x10e168f4, L:/127.0.0.1:58026 - R:localhost/127.0.0.1:59896]
10:48:37.173 [Forwarding getElementTagName on session 24b8ac4872710bcaadfe76f65296ca92 to remote] DEBUG org.asynchttpclient.netty.request.NettyRequestSender - Using pooled Channel '[id: 0x10e168f4, L:/127.0.0.1:58026 - R:localhost/127.0.0.1:59896]' for 'GET' to 'http://localhost:59896/session/24b8ac4872710bcaadfe76f65296ca92/element/8e2b00ba-f308-4aa1-8fda-32cbc7ac05a3/name'
10:48:37.173 [Forwarding getElementTagName on session 24b8ac4872710bcaadfe76f65296ca92 to remote] DEBUG org.asynchttpclient.netty.request.NettyRequestSender - Using open Channel [id: 0x10e168f4, L:/127.0.0.1:58026 - R:localhost/127.0.0.1:59896] for GET '/session/24b8ac4872710bcaadfe76f65296ca92/element/8e2b00ba-f308-4aa1-8fda-32cbc7ac05a3/name'
10:48:37.178 [AsyncHttpClient-1-5] DEBUG org.asynchttpclient.netty.handler.HttpHandler - 

Request DefaultFullHttpRequest(decodeResult: success, version: HTTP/1.1, content: EmptyByteBufBE)
GET /session/24b8ac4872710bcaadfe76f65296ca92/element/8e2b00ba-f308-4aa1-8fda-32cbc7ac05a3/name HTTP/1.1
User-Agent: selenium/4.1.2 (java windows)
Cache-Control: no-cache
Content-Type: application/json; charset=utf-8
host: localhost:59896
accept: */*

Response DefaultHttpResponse(decodeResult: success, version: HTTP/1.1)
HTTP/1.1 200 OK
Content-Type: application/json; charset=utf-8
cache-control: no-cache
content-length: 14

10:48:37.178 [AsyncHttpClient-1-5] DEBUG org.asynchttpclient.netty.channel.ChannelManager - Adding key: http://localhost:59896 for channel [id: 0x10e168f4, L:/127.0.0.1:58026 - R:localhost/127.0.0.1:59896]
10:48:37.180 [Forwarding getElementTagName on session 24b8ac4872710bcaadfe76f65296ca92 to remote] DEBUG org.asynchttpclient.netty.request.NettyRequestSender - Using pooled Channel '[id: 0x10e168f4, L:/127.0.0.1:58026 - R:localhost/127.0.0.1:59896]' for 'GET' to 'http://localhost:59896/session/24b8ac4872710bcaadfe76f65296ca92/element/8e2b00ba-f308-4aa1-8fda-32cbc7ac05a3/name'
10:48:37.180 [Forwarding getElementTagName on session 24b8ac4872710bcaadfe76f65296ca92 to remote] DEBUG org.asynchttpclient.netty.request.NettyRequestSender - Using open Channel [id: 0x10e168f4, L:/127.0.0.1:58026 - R:localhost/127.0.0.1:59896] for GET '/session/24b8ac4872710bcaadfe76f65296ca92/element/8e2b00ba-f308-4aa1-8fda-32cbc7ac05a3/name'
10:48:37.185 [AsyncHttpClient-1-5] DEBUG org.asynchttpclient.netty.handler.HttpHandler - 

Request DefaultFullHttpRequest(decodeResult: success, version: HTTP/1.1, content: EmptyByteBufBE)
GET /session/24b8ac4872710bcaadfe76f65296ca92/element/8e2b00ba-f308-4aa1-8fda-32cbc7ac05a3/name HTTP/1.1
User-Agent: selenium/4.1.2 (java windows)
Cache-Control: no-cache
Content-Type: application/json; charset=utf-8
host: localhost:59896
accept: */*

Response DefaultHttpResponse(decodeResult: success, version: HTTP/1.1)
HTTP/1.1 200 OK
Content-Type: application/json; charset=utf-8
cache-control: no-cache
content-length: 14

10:48:37.185 [AsyncHttpClient-1-5] DEBUG org.asynchttpclient.netty.channel.ChannelManager - Adding key: http://localhost:59896 for channel [id: 0x10e168f4, L:/127.0.0.1:58026 - R:localhost/127.0.0.1:59896]
10:48:37.187 [Forwarding findElement on session 24b8ac4872710bcaadfe76f65296ca92 to remote] DEBUG org.asynchttpclient.netty.request.NettyRequestSender - Using pooled Channel '[id: 0x10e168f4, L:/127.0.0.1:58026 - R:localhost/127.0.0.1:59896]' for 'POST' to 'http://localhost:59896/session/24b8ac4872710bcaadfe76f65296ca92/element'
10:48:37.187 [Forwarding findElement on session 24b8ac4872710bcaadfe76f65296ca92 to remote] DEBUG org.asynchttpclient.netty.request.NettyRequestSender - Using open Channel [id: 0x10e168f4, L:/127.0.0.1:58026 - R:localhost/127.0.0.1:59896] for POST '/session/24b8ac4872710bcaadfe76f65296ca92/element'
10:48:37.195 [AsyncHttpClient-1-5] DEBUG org.asynchttpclient.netty.handler.HttpHandler - 

Request DefaultHttpRequest(decodeResult: success, version: HTTP/1.1)
POST /session/24b8ac4872710bcaadfe76f65296ca92/element HTTP/1.1
User-Agent: selenium/4.1.2 (java windows)
Content-Length: 109
Content-Type: application/json; charset=utf-8
host: localhost:59896
accept: */*

Response DefaultHttpResponse(decodeResult: success, version: HTTP/1.1)
HTTP/1.1 200 OK
Content-Type: application/json; charset=utf-8
cache-control: no-cache
content-length: 88

10:48:37.195 [AsyncHttpClient-1-5] DEBUG org.asynchttpclient.netty.channel.ChannelManager - Adding key: http://localhost:59896 for channel [id: 0x10e168f4, L:/127.0.0.1:58026 - R:localhost/127.0.0.1:59896]
10:48:37.196 [Forwarding clickElement on session 24b8ac4872710bcaadfe76f65296ca92 to remote] DEBUG org.asynchttpclient.netty.request.NettyRequestSender - Using pooled Channel '[id: 0x10e168f4, L:/127.0.0.1:58026 - R:localhost/127.0.0.1:59896]' for 'POST' to 'http://localhost:59896/session/24b8ac4872710bcaadfe76f65296ca92/element/8e2b00ba-f308-4aa1-8fda-32cbc7ac05a3/click'
10:48:37.196 [Forwarding clickElement on session 24b8ac4872710bcaadfe76f65296ca92 to remote] DEBUG org.asynchttpclient.netty.request.NettyRequestSender - Using open Channel [id: 0x10e168f4, L:/127.0.0.1:58026 - R:localhost/127.0.0.1:59896] for POST '/session/24b8ac4872710bcaadfe76f65296ca92/element/8e2b00ba-f308-4aa1-8fda-32cbc7ac05a3/click'
10:48:37.299 [AsyncHttpClient-1-5] DEBUG org.asynchttpclient.netty.handler.HttpHandler - 

Request DefaultHttpRequest(decodeResult: success, version: HTTP/1.1)
POST /session/24b8ac4872710bcaadfe76f65296ca92/element/8e2b00ba-f308-4aa1-8fda-32cbc7ac05a3/click HTTP/1.1
User-Agent: selenium/4.1.2 (java windows)
Content-Length: 50
Content-Type: application/json; charset=utf-8
host: localhost:59896
accept: */*

Response DefaultHttpResponse(decodeResult: success, version: HTTP/1.1)
HTTP/1.1 200 OK
Content-Type: application/json; charset=utf-8
cache-control: no-cache
content-length: 14

10:48:37.299 [AsyncHttpClient-1-5] DEBUG org.asynchttpclient.netty.channel.ChannelManager - Adding key: http://localhost:59896 for channel [id: 0x10e168f4, L:/127.0.0.1:58026 - R:localhost/127.0.0.1:59896]
10:48:37.310 [Forwarding screenshot on session 24b8ac4872710bcaadfe76f65296ca92 to remote] DEBUG org.asynchttpclient.netty.request.NettyRequestSender - Using pooled Channel '[id: 0x10e168f4, L:/127.0.0.1:58026 - R:localhost/127.0.0.1:59896]' for 'GET' to 'http://localhost:59896/session/24b8ac4872710bcaadfe76f65296ca92/screenshot'
10:48:37.310 [Forwarding screenshot on session 24b8ac4872710bcaadfe76f65296ca92 to remote] DEBUG org.asynchttpclient.netty.request.NettyRequestSender - Using open Channel [id: 0x10e168f4, L:/127.0.0.1:58026 - R:localhost/127.0.0.1:59896] for GET '/session/24b8ac4872710bcaadfe76f65296ca92/screenshot'
10:48:37.426 [AsyncHttpClient-1-5] DEBUG org.asynchttpclient.netty.handler.HttpHandler - 

Request DefaultFullHttpRequest(decodeResult: success, version: HTTP/1.1, content: EmptyByteBufBE)
GET /session/24b8ac4872710bcaadfe76f65296ca92/screenshot HTTP/1.1
User-Agent: selenium/4.1.2 (java windows)
Cache-Control: no-cache
Content-Type: application/json; charset=utf-8
host: localhost:59896
accept: */*

Response DefaultHttpResponse(decodeResult: success, version: HTTP/1.1)
HTTP/1.1 200 OK
Content-Type: application/json; charset=utf-8
cache-control: no-cache
content-length: 94456

10:48:37.427 [AsyncHttpClient-1-5] DEBUG org.asynchttpclient.netty.channel.ChannelManager - Adding key: http://localhost:59896 for channel [id: 0x10e168f4, L:/127.0.0.1:58026 - R:localhost/127.0.0.1:59896]
10:48:37.431 [main] DEBUG net.serenitybdd.core.photography.Darkroom - Send negative for processing for target\site\serenity\1897c3d7340003b844abbf98601a35d7d4546374eed68db75af349db13708b5a.png
10:48:37.431 [main] DEBUG net.thucydides.core.steps.StepInterceptor - STEP DONE: clickNeurologyMenu
  &amp#27;[32mAnd &amp#27;[0m&amp#27;[32mI click neurology menu&amp#27;[0m                                        &amp#27;[90m# starter.stepdefinitions.DoctorSteps.iClickNeurologyMenu()&amp#27;[0m
10:48:37.432 [Darkroom Processing Line] DEBUG net.serenitybdd.core.photography.DarkroomProcessingLine - Processing screenshot image in /var/screenshots/screenshot-12047465076368421745
10:48:37.432 [Darkroom Processing Line] DEBUG net.serenitybdd.core.photography.DarkroomProcessingLine - Saving screenshot to target\site\serenity\1897c3d7340003b844abbf98601a35d7d4546374eed68db75af349db13708b5a.png
10:48:37.448 [main] DEBUG net.thucydides.core.steps.StepInterceptor - STARTING STEP: DoctorSteps.iValidateDoctorListOnlyShowNeurologyDepartmentDoctor - validateNeurologyDoctor
10:48:37.450 [Forwarding findElement on session 24b8ac4872710bcaadfe76f65296ca92 to remote] DEBUG org.asynchttpclient.netty.request.NettyRequestSender - Using pooled Channel '[id: 0x10e168f4, L:/127.0.0.1:58026 - R:localhost/127.0.0.1:59896]' for 'POST' to 'http://localhost:59896/session/24b8ac4872710bcaadfe76f65296ca92/element'
10:48:37.450 [Forwarding findElement on session 24b8ac4872710bcaadfe76f65296ca92 to remote] DEBUG org.asynchttpclient.netty.request.NettyRequestSender - Using open Channel [id: 0x10e168f4, L:/127.0.0.1:58026 - R:localhost/127.0.0.1:59896] for POST '/session/24b8ac4872710bcaadfe76f65296ca92/element'
10:48:37.933 [AsyncHttpClient-1-5] DEBUG org.asynchttpclient.netty.handler.HttpHandler - 

Request DefaultHttpRequest(decodeResult: success, version: HTTP/1.1)
POST /session/24b8ac4872710bcaadfe76f65296ca92/element HTTP/1.1
User-Agent: selenium/4.1.2 (java windows)
Content-Length: 81
Content-Type: application/json; charset=utf-8
host: localhost:59896
accept: */*

Response DefaultHttpResponse(decodeResult: success, version: HTTP/1.1)
HTTP/1.1 200 OK
Content-Type: application/json; charset=utf-8
cache-control: no-cache
content-length: 88

10:48:37.933 [AsyncHttpClient-1-5] DEBUG org.asynchttpclient.netty.channel.ChannelManager - Adding key: http://localhost:59896 for channel [id: 0x10e168f4, L:/127.0.0.1:58026 - R:localhost/127.0.0.1:59896]
10:48:37.937 [Forwarding isElementDisplayed on session 24b8ac4872710bcaadfe76f65296ca92 to remote] DEBUG org.asynchttpclient.netty.request.NettyRequestSender - Using pooled Channel '[id: 0x10e168f4, L:/127.0.0.1:58026 - R:localhost/127.0.0.1:59896]' for 'POST' to 'http://localhost:59896/session/24b8ac4872710bcaadfe76f65296ca92/execute/sync'
10:48:37.937 [Forwarding isElementDisplayed on session 24b8ac4872710bcaadfe76f65296ca92 to remote] DEBUG org.asynchttpclient.netty.request.NettyRequestSender - Using open Channel [id: 0x10e168f4, L:/127.0.0.1:58026 - R:localhost/127.0.0.1:59896] for POST '/session/24b8ac4872710bcaadfe76f65296ca92/execute/sync'
10:48:37.955 [AsyncHttpClient-1-5] DEBUG org.asynchttpclient.netty.handler.HttpHandler - 

Request DefaultHttpRequest(decodeResult: success, version: HTTP/1.1)
POST /session/24b8ac4872710bcaadfe76f65296ca92/execute/sync HTTP/1.1
User-Agent: selenium/4.1.2 (java windows)
Content-Length: 48780
Content-Type: application/json; charset=utf-8
host: localhost:59896
accept: */*

Response DefaultHttpResponse(decodeResult: success, version: HTTP/1.1)
HTTP/1.1 200 OK
Content-Type: application/json; charset=utf-8
cache-control: no-cache
content-length: 14

10:48:37.955 [AsyncHttpClient-1-5] DEBUG org.asynchttpclient.netty.channel.ChannelManager - Adding key: http://localhost:59896 for channel [id: 0x10e168f4, L:/127.0.0.1:58026 - R:localhost/127.0.0.1:59896]
10:48:37.960 [Forwarding screenshot on session 24b8ac4872710bcaadfe76f65296ca92 to remote] DEBUG org.asynchttpclient.netty.request.NettyRequestSender - Using pooled Channel '[id: 0x10e168f4, L:/127.0.0.1:58026 - R:localhost/127.0.0.1:59896]' for 'GET' to 'http://localhost:59896/session/24b8ac4872710bcaadfe76f65296ca92/screenshot'
10:48:37.960 [Forwarding screenshot on session 24b8ac4872710bcaadfe76f65296ca92 to remote] DEBUG org.asynchttpclient.netty.request.NettyRequestSender - Using open Channel [id: 0x10e168f4, L:/127.0.0.1:58026 - R:localhost/127.0.0.1:59896] for GET '/session/24b8ac4872710bcaadfe76f65296ca92/screenshot'
10:48:38.068 [AsyncHttpClient-1-5] DEBUG org.asynchttpclient.netty.handler.HttpHandler - 

Request DefaultFullHttpRequest(decodeResult: success, version: HTTP/1.1, content: EmptyByteBufBE)
GET /session/24b8ac4872710bcaadfe76f65296ca92/screenshot HTTP/1.1
User-Agent: selenium/4.1.2 (java windows)
Cache-Control: no-cache
Content-Type: application/json; charset=utf-8
host: localhost:59896
accept: */*

Response DefaultHttpResponse(decodeResult: success, version: HTTP/1.1)
HTTP/1.1 200 OK
Content-Type: application/json; charset=utf-8
cache-control: no-cache
content-length: 72616

10:48:38.069 [AsyncHttpClient-1-5] DEBUG org.asynchttpclient.netty.channel.ChannelManager - Adding key: http://localhost:59896 for channel [id: 0x10e168f4, L:/127.0.0.1:58026 - R:localhost/127.0.0.1:59896]
10:48:38.073 [main] DEBUG net.serenitybdd.core.photography.Darkroom - Send negative for processing for target\site\serenity\be176c4e8be9a2e21af195e53b32cbdaa690d13e4cebd32b667ba25409a1df20.png
10:48:38.073 [main] DEBUG net.thucydides.core.steps.StepInterceptor - STEP DONE: validateNeurologyDoctor
  &amp#27;[32mThen &amp#27;[0m&amp#27;[32mI validate doctor list only show neurology department doctor&amp#27;[0m &amp#27;[90m# starter.stepdefinitions.DoctorSteps.iValidateDoctorListOnlyShowNeurologyDepartmentDoctor()&amp#27;[0m
10:48:38.073 [Darkroom Processing Line] DEBUG net.serenitybdd.core.photography.DarkroomProcessingLine - Processing screenshot image in /var/screenshots/screenshot-9631868345667331356
10:48:38.073 [Darkroom Processing Line] DEBUG net.serenitybdd.core.photography.DarkroomProcessingLine - Saving screenshot to target\site\serenity\be176c4e8be9a2e21af195e53b32cbdaa690d13e4cebd32b667ba25409a1df20.png
10:48:38.078 [main] INFO  - 
  _____   ___   ___   _____     ___     _     ___   ___   ___   ___  
 |_   _| | __| / __| |_   _|   | _ \   /_\   / __| / __| | __| |   \ 
   | |   | _|  \__ \   | |     |  _/  / _ \  \__ \ \__ \ | _|  | |) |
   |_|   |___| |___/   |_|     |_|   /_/ \_\ |___/ |___/ |___| |___/ 

Filter Doctor Neurology Scenario
----------------------------------------------------------------------
10:48:38.080 [AsyncHttpClient-1-7] DEBUG org.asynchttpclient.netty.handler.WebSocketHandler - Channel Closed: [id: 0x3edfc314, L:/127.0.0.1:58034 ! R:localhost/127.0.0.1:58027] with attribute NettyResponseFuture{currentRetry=5,
	isDone=1,
	isCancelled=0,
	asyncHandler=org.asynchttpclient.ws.WebSocketUpgradeHandler@79589541,
	nettyRequest=org.asynchttpclient.netty.request.NettyRequest@4d7396a4,
	future=java.util.concurrent.CompletableFuture@6d92538[Completed normally],
	uri=ws://localhost:58027/devtools/browser/fd598ae3-cc30-4f8e-b288-a7337d6ca36b,
	keepAlive=true,
	redirectCount=0,
	timeoutsHolder=null,
	inAuth=0,
	touch=1655783312372}
10:48:38.080 [AsyncHttpClient-1-7] DEBUG org.asynchttpclient.netty.channel.ChannelManager - Closing Channel [id: 0x3edfc314, L:/127.0.0.1:58034 ! R:localhost/127.0.0.1:58027] 
10:48:38.080 [Driver Command Executor] DEBUG org.asynchttpclient.netty.request.NettyRequestSender - Using pooled Channel '[id: 0x10e168f4, L:/127.0.0.1:58026 - R:localhost/127.0.0.1:59896]' for 'DELETE' to 'http://localhost:59896/session/24b8ac4872710bcaadfe76f65296ca92'
10:48:38.080 [Driver Command Executor] DEBUG org.asynchttpclient.netty.request.NettyRequestSender - Using open Channel [id: 0x10e168f4, L:/127.0.0.1:58026 - R:localhost/127.0.0.1:59896] for DELETE '/session/24b8ac4872710bcaadfe76f65296ca92'
10:48:38.104 [AsyncHttpClient-1-6] DEBUG org.asynchttpclient.netty.handler.HttpHandler - Unexpected I/O exception on channel [id: 0x93432610, L:/127.0.0.1:58033 - R:localhost/127.0.0.1:58027]
java.net.SocketException: Connection reset
	at java.base/sun.nio.ch.SocketChannelImpl.throwConnectionReset(SocketChannelImpl.java:367)
	at java.base/sun.nio.ch.SocketChannelImpl.read(SocketChannelImpl.java:398)
	at io.netty.buffer.PooledByteBuf.setBytes(PooledByteBuf.java:258)
	at io.netty.buffer.AbstractByteBuf.writeBytes(AbstractByteBuf.java:1132)
	at io.netty.channel.socket.nio.NioSocketChannel.doReadBytes(NioSocketChannel.java:350)
	at io.netty.channel.nio.AbstractNioByteChannel$NioByteUnsafe.read(AbstractNioByteChannel.java:151)
	at io.netty.channel.nio.NioEventLoop.processSelectedKey(NioEventLoop.java:722)
	at io.netty.channel.nio.NioEventLoop.processSelectedKeysOptimized(NioEventLoop.java:658)
	at io.netty.channel.nio.NioEventLoop.processSelectedKeys(NioEventLoop.java:584)
	at io.netty.channel.nio.NioEventLoop.run(NioEventLoop.java:496)
	at io.netty.util.concurrent.SingleThreadEventExecutor$4.run(SingleThreadEventExecutor.java:986)
	at io.netty.util.internal.ThreadExecutorMap$2.run(ThreadExecutorMap.java:74)
	at io.netty.util.concurrent.FastThreadLocalRunnable.run(FastThreadLocalRunnable.java:30)
	at java.base/java.lang.Thread.run(Thread.java:832)
10:48:38.104 [AsyncHttpClient-1-6] DEBUG org.asynchttpclient.netty.channel.ChannelManager - Closing Channel [id: 0x93432610, L:/127.0.0.1:58033 - R:localhost/127.0.0.1:58027] 
10:48:38.104 [AsyncHttpClient-1-6] DEBUG org.asynchttpclient.netty.handler.HttpHandler - Channel Closed: [id: 0x93432610, L:/127.0.0.1:58033 ! R:localhost/127.0.0.1:58027] with attribute DISCARD
10:48:38.128 [AsyncHttpClient-1-5] DEBUG org.asynchttpclient.netty.handler.HttpHandler - 

Request DefaultFullHttpRequest(decodeResult: success, version: HTTP/1.1, content: EmptyByteBufBE)
DELETE /session/24b8ac4872710bcaadfe76f65296ca92 HTTP/1.1
User-Agent: selenium/4.1.2 (java windows)
Content-Type: application/json; charset=utf-8
host: localhost:59896
accept: */*

Response DefaultHttpResponse(decodeResult: success, version: HTTP/1.1)
HTTP/1.1 200 OK
Content-Type: application/json; charset=utf-8
cache-control: no-cache
content-length: 14

10:48:38.128 [AsyncHttpClient-1-5] DEBUG org.asynchttpclient.netty.channel.ChannelManager - Adding key: http://localhost:59896 for channel [id: 0x10e168f4, L:/127.0.0.1:58026 - R:localhost/127.0.0.1:59896]
10:48:38.164 [AsyncHttpClient-1-1] DEBUG org.asynchttpclient.netty.channel.DefaultChannelPool - Entry count for : http://localhost:59896 : 1
10:48:38.164 [AsyncHttpClient-1-1] DEBUG org.asynchttpclient.netty.channel.DefaultChannelPool - Entry count for : http://localhost:58027 : 1
10:48:38.164 [AsyncHttpClient-1-1] DEBUG org.asynchttpclient.netty.channel.DefaultChannelPool - Adding Candidate expired Channel [id: 0x93432610, L:/127.0.0.1:58033 ! R:localhost/127.0.0.1:58027] isIdleTimeoutExpired=false isRemotelyClosed=true isTtlExpired=false
10:48:38.164 [AsyncHttpClient-1-1] DEBUG org.asynchttpclient.netty.channel.DefaultChannelPool - Closing Idle Channel [id: 0x93432610, L:/127.0.0.1:58033 ! R:localhost/127.0.0.1:58027]
10:48:38.164 [AsyncHttpClient-1-1] DEBUG org.asynchttpclient.netty.channel.DefaultChannelPool - Closed 1 connections out of 2 in 0 ms
10:48:38.266 [AsyncHttpClient-1-5] DEBUG org.asynchttpclient.netty.handler.HttpHandler - Channel Closed: [id: 0x10e168f4, L:/127.0.0.1:58026 ! R:localhost/127.0.0.1:59896] with attribute DISCARD
]]></system-out>
    <system-err><![CDATA[Starting ChromeDriver 102.0.5005.61 (0e59bcc00cc4985ce39ad31c150065f159d95ad3-refs/branch-heads/5005@{#819}) on port 59896
Only local connections are allowed.
Please see https://chromedriver.chromium.org/security-considerations for suggestions on keeping ChromeDriver safe.
ChromeDriver was started successfully.
Jun 21, 2022 10:48:32 AM org.openqa.selenium.remote.ProtocolHandshake createSession
INFO: Detected dialect: W3C
Jun 21, 2022 10:48:32 AM org.openqa.selenium.devtools.CdpVersionFinder findNearestMatch
WARNING: Unable to find an exact match for CDP version 102, so returning the closest version found: a no-op implementation
Jun 21, 2022 10:48:32 AM org.openqa.selenium.devtools.CdpVersionFinder findNearestMatch
INFO: Unable to find CDP implementation matching 102.
Jun 21, 2022 10:48:32 AM org.openqa.selenium.chromium.ChromiumDriver lambda$new$3
WARNING: Unable to find version of CDP to use for . You may need to include a dependency on a specific version of the CDP using something similar to `org.seleniumhq.selenium:selenium-devtools-v86:4.1.2` where the version ("v86") matches the version of the chromium-based browser you're using and the version number of the artifact is the same as Selenium's.
]]></system-err>
  </testcase>
  <testcase name="Filter Doctor Cardiology Scenario" classname="Doctor" time="9.632">
    <system-out><![CDATA[
@Doctor @FilterDoctorCardiology
Scenario: Filter Doctor Cardiology Scenario                          &amp#27;[90m# src/test/resources/features/3.Doctor.feature:98&amp#27;[0m
10:48:38.800 [main] INFO io.cucumber.core.plugin.SerenityReporter - Running feature from file:///E:/My%20Documents/File%20Difa/TI%20Semester%206%20Kampus%20Merdeka%20Alterra/Tugas/CAPSTONE%20Project/Capstone-Project-Website/src/test/resources/features/3.Doctor.feature
10:48:38.802 [main] INFO  - 
  _____   ___   ___   _____     ___   _____     _     ___   _____   ___   ___  
 |_   _| | __| / __| |_   _|   / __| |_   _|   /_\   | _ \ |_   _| | __| |   \ 
   | |   | _|  \__ \   | |     \__ \   | |    / _ \  |   /   | |   | _|  | |) |
   |_|   |___| |___/   |_|     |___/   |_|   /_/ \_\ |_|_\   |_|   |___| |___/ 

Filter Doctor Cardiology Scenario(doctor;filter-doctor-cardiology-scenario)
--------------------------------------------------------------------------------
10:48:38.818 [main] DEBUG net.thucydides.core.steps.StepInterceptor - STARTING STEP: DashboardSteps.iAmOnTheDashboardPage - openUrl
10:48:38.820 [main] INFO net.serenitybdd.core.webdriver.driverproviders.ChromeDriverProvider - Using automatically driver download
10:48:39.264 [AsyncHttpClient-1-1] DEBUG org.asynchttpclient.netty.channel.DefaultChannelPool - Entry count for : http://localhost:59896 : 1
10:48:39.264 [AsyncHttpClient-1-1] DEBUG org.asynchttpclient.netty.channel.DefaultChannelPool - Adding Candidate expired Channel [id: 0x10e168f4, L:/127.0.0.1:58026 ! R:localhost/127.0.0.1:59896] isIdleTimeoutExpired=false isRemotelyClosed=true isTtlExpired=false
10:48:39.264 [AsyncHttpClient-1-1] DEBUG org.asynchttpclient.netty.channel.DefaultChannelPool - Closing Idle Channel [id: 0x10e168f4, L:/127.0.0.1:58026 ! R:localhost/127.0.0.1:59896]
10:48:39.264 [AsyncHttpClient-1-1] DEBUG org.asynchttpclient.netty.channel.DefaultChannelPool - Closed 1 connections out of 1 in 0 ms
10:48:39.347 [main] DEBUG io.github.bonigarcia.wdm.cache.ResolutionCache - Resolution chrome=102 in cache (valid until 11:37:46 21/06/2022 ICT)
10:48:39.351 [main] DEBUG io.github.bonigarcia.wdm.cache.ResolutionCache - Resolution chrome102=102.0.5005.61 in cache (valid until 09:22:16 22/06/2022 ICT)
10:48:39.352 [main] INFO io.github.bonigarcia.wdm.WebDriverManager - Using chromedriver 102.0.5005.61 (resolved driver for Chrome 102)
10:48:39.364 [main] DEBUG io.github.bonigarcia.wdm.WebDriverManager - Driver chromedriver 102.0.5005.61 found in cache
10:48:39.364 [main] INFO io.github.bonigarcia.wdm.WebDriverManager - Exporting webdriver.chrome.driver as C:\Users\USER\.cache\selenium\chromedriver\win32\102.0.5005.61\chromedriver.exe
10:48:39.582 [main] DEBUG net.serenitybdd.core.webdriver.driverproviders.ProvideNewDriver - Instantiating driver
10:48:39.582 [main] DEBUG net.serenitybdd.core.webdriver.driverproviders.ProvideNewDriver - Driver capabilities: Capabilities {acceptInsecureCerts: false, base.url: https://hospital-management..., browserName: chrome, chrome.driver: src/test/resources/webdrive..., driver: chrome, goog:chromeOptions: {args: [], extensions: []}}
10:48:40.119 [AsyncHttpClient-1-8] DEBUG org.asynchttpclient.netty.channel.NettyConnectListener - Using new Channel '[id: 0x30b4e1fe, L:/127.0.0.1:58048 - R:localhost/127.0.0.1:60399]' for 'POST' to '/session'
10:48:41.972 [AsyncHttpClient-1-8] DEBUG org.asynchttpclient.netty.handler.HttpHandler - 

Request DefaultHttpRequest(decodeResult: success, version: HTTP/1.1)
POST /session HTTP/1.1
User-Agent: selenium/4.1.2 (java windows)
Content-Length: 621
Content-Type: application/json; charset=utf-8
host: localhost:60399
accept: */*

Response DefaultHttpResponse(decodeResult: success, version: HTTP/1.1)
HTTP/1.1 200 OK
Content-Type: application/json; charset=utf-8
cache-control: no-cache
content-length: 788

10:48:41.973 [AsyncHttpClient-1-8] DEBUG org.asynchttpclient.netty.channel.ChannelManager - Adding key: http://localhost:60399 for channel [id: 0x30b4e1fe, L:/127.0.0.1:58048 - R:localhost/127.0.0.1:60399]
10:48:41.988 [AsyncHttpClient-1-9] DEBUG org.asynchttpclient.netty.channel.NettyConnectListener - Using new Channel '[id: 0x68e92224, L:/127.0.0.1:58054 - R:localhost/127.0.0.1:58049]' for 'GET' to '/json/version'
10:48:41.989 [AsyncHttpClient-1-9] DEBUG org.asynchttpclient.netty.handler.HttpHandler - 

Request DefaultFullHttpRequest(decodeResult: success, version: HTTP/1.1, content: EmptyByteBufBE)
GET /json/version HTTP/1.1
User-Agent: selenium/4.1.2 (java windows)
host: localhost:58049
accept: */*

Response DefaultHttpResponse(decodeResult: success, version: HTTP/1.1)
HTTP/1.1 200 OK
Content-Type: application/json; charset=UTF-8
content-length: 427

10:48:41.989 [AsyncHttpClient-1-9] DEBUG org.asynchttpclient.netty.channel.ChannelManager - Adding key: http://localhost:58049 for channel [id: 0x68e92224, L:/127.0.0.1:58054 - R:localhost/127.0.0.1:58049]
10:48:41.996 [AsyncHttpClient-1-2] DEBUG org.asynchttpclient.netty.channel.NettyConnectListener - Using new Channel '[id: 0xe78e1c52, L:/127.0.0.1:58055 - R:localhost/127.0.0.1:58049]' for 'GET' to '/devtools/browser/27d03fb0-a4d9-4acc-b179-072a25812d61'
10:48:41.997 [AsyncHttpClient-1-2] DEBUG org.asynchttpclient.netty.handler.WebSocketHandler - 

Request DefaultFullHttpRequest(decodeResult: success, version: HTTP/1.1, content: EmptyByteBufBE)
GET /devtools/browser/27d03fb0-a4d9-4acc-b179-072a25812d61 HTTP/1.1
upgrade: websocket
connection: upgrade
sec-websocket-key: Cj/zHiDXLigiRZy39dbm5g==
sec-websocket-version: 13
origin: http://localhost:58049
host: localhost:58049
accept: */*
user-agent: AHC/2.1

Response DefaultHttpResponse(decodeResult: success, version: HTTP/1.1)
HTTP/1.1 101 WebSocket Protocol Handshake
Upgrade: WebSocket
Connection: Upgrade
Sec-WebSocket-Accept: 5ndb7xig7WDRz4mG9tyBCCEbLRo=

10:48:42.002 [Forwarding maximizeCurrentWindow on session cf72bc902faa569e69b62e7c4a258f8f to remote] DEBUG org.asynchttpclient.netty.request.NettyRequestSender - Using pooled Channel '[id: 0x30b4e1fe, L:/127.0.0.1:58048 - R:localhost/127.0.0.1:60399]' for 'POST' to 'http://localhost:60399/session/cf72bc902faa569e69b62e7c4a258f8f/window/maximize'
10:48:42.002 [Forwarding maximizeCurrentWindow on session cf72bc902faa569e69b62e7c4a258f8f to remote] DEBUG org.asynchttpclient.netty.request.NettyRequestSender - Using open Channel [id: 0x30b4e1fe, L:/127.0.0.1:58048 - R:localhost/127.0.0.1:60399] for POST '/session/cf72bc902faa569e69b62e7c4a258f8f/window/maximize'
10:48:42.123 [AsyncHttpClient-1-8] DEBUG org.asynchttpclient.netty.handler.HttpHandler - 

Request DefaultHttpRequest(decodeResult: success, version: HTTP/1.1)
POST /session/cf72bc902faa569e69b62e7c4a258f8f/window/maximize HTTP/1.1
User-Agent: selenium/4.1.2 (java windows)
Content-Length: 3
Content-Type: application/json; charset=utf-8
host: localhost:60399
accept: */*

Response DefaultHttpResponse(decodeResult: success, version: HTTP/1.1)
HTTP/1.1 200 OK
Content-Type: application/json; charset=utf-8
cache-control: no-cache
content-length: 51

10:48:42.123 [AsyncHttpClient-1-8] DEBUG org.asynchttpclient.netty.channel.ChannelManager - Adding key: http://localhost:60399 for channel [id: 0x30b4e1fe, L:/127.0.0.1:58048 - R:localhost/127.0.0.1:60399]
10:48:42.125 [Forwarding get on session cf72bc902faa569e69b62e7c4a258f8f to remote] DEBUG org.asynchttpclient.netty.request.NettyRequestSender - Using pooled Channel '[id: 0x30b4e1fe, L:/127.0.0.1:58048 - R:localhost/127.0.0.1:60399]' for 'POST' to 'http://localhost:60399/session/cf72bc902faa569e69b62e7c4a258f8f/url'
10:48:42.125 [Forwarding get on session cf72bc902faa569e69b62e7c4a258f8f to remote] DEBUG org.asynchttpclient.netty.request.NettyRequestSender - Using open Channel [id: 0x30b4e1fe, L:/127.0.0.1:58048 - R:localhost/127.0.0.1:60399] for POST '/session/cf72bc902faa569e69b62e7c4a258f8f/url'
10:48:42.563 [AsyncHttpClient-1-1] DEBUG org.asynchttpclient.netty.channel.DefaultChannelPool - Entry count for : http://localhost:58049 : 1
10:48:43.665 [AsyncHttpClient-1-1] DEBUG org.asynchttpclient.netty.channel.DefaultChannelPool - Entry count for : http://localhost:58049 : 1
10:48:44.400 [AsyncHttpClient-1-8] DEBUG org.asynchttpclient.netty.handler.HttpHandler - 

Request DefaultHttpRequest(decodeResult: success, version: HTTP/1.1)
POST /session/cf72bc902faa569e69b62e7c4a258f8f/url HTTP/1.1
User-Agent: selenium/4.1.2 (java windows)
Content-Length: 65
Content-Type: application/json; charset=utf-8
host: localhost:60399
accept: */*

Response DefaultHttpResponse(decodeResult: success, version: HTTP/1.1)
HTTP/1.1 200 OK
Content-Type: application/json; charset=utf-8
cache-control: no-cache
content-length: 14

10:48:44.400 [AsyncHttpClient-1-8] DEBUG org.asynchttpclient.netty.channel.ChannelManager - Adding key: http://localhost:60399 for channel [id: 0x30b4e1fe, L:/127.0.0.1:58048 - R:localhost/127.0.0.1:60399]
10:48:44.401 [Forwarding setTimeout on session cf72bc902faa569e69b62e7c4a258f8f to remote] DEBUG org.asynchttpclient.netty.request.NettyRequestSender - Using pooled Channel '[id: 0x30b4e1fe, L:/127.0.0.1:58048 - R:localhost/127.0.0.1:60399]' for 'POST' to 'http://localhost:60399/session/cf72bc902faa569e69b62e7c4a258f8f/timeouts'
10:48:44.401 [Forwarding setTimeout on session cf72bc902faa569e69b62e7c4a258f8f to remote] DEBUG org.asynchttpclient.netty.request.NettyRequestSender - Using open Channel [id: 0x30b4e1fe, L:/127.0.0.1:58048 - R:localhost/127.0.0.1:60399] for POST '/session/cf72bc902faa569e69b62e7c4a258f8f/timeouts'
10:48:44.413 [AsyncHttpClient-1-8] DEBUG org.asynchttpclient.netty.handler.HttpHandler - 

Request DefaultHttpRequest(decodeResult: success, version: HTTP/1.1)
POST /session/cf72bc902faa569e69b62e7c4a258f8f/timeouts HTTP/1.1
User-Agent: selenium/4.1.2 (java windows)
Content-Length: 22
Content-Type: application/json; charset=utf-8
host: localhost:60399
accept: */*

Response DefaultHttpResponse(decodeResult: success, version: HTTP/1.1)
HTTP/1.1 200 OK
Content-Type: application/json; charset=utf-8
cache-control: no-cache
content-length: 14

10:48:44.413 [AsyncHttpClient-1-8] DEBUG org.asynchttpclient.netty.channel.ChannelManager - Adding key: http://localhost:60399 for channel [id: 0x30b4e1fe, L:/127.0.0.1:58048 - R:localhost/127.0.0.1:60399]
10:48:44.418 [Forwarding getCurrentUrl on session cf72bc902faa569e69b62e7c4a258f8f to remote] DEBUG org.asynchttpclient.netty.request.NettyRequestSender - Using pooled Channel '[id: 0x30b4e1fe, L:/127.0.0.1:58048 - R:localhost/127.0.0.1:60399]' for 'GET' to 'http://localhost:60399/session/cf72bc902faa569e69b62e7c4a258f8f/url'
10:48:44.418 [Forwarding getCurrentUrl on session cf72bc902faa569e69b62e7c4a258f8f to remote] DEBUG org.asynchttpclient.netty.request.NettyRequestSender - Using open Channel [id: 0x30b4e1fe, L:/127.0.0.1:58048 - R:localhost/127.0.0.1:60399] for GET '/session/cf72bc902faa569e69b62e7c4a258f8f/url'
10:48:44.536 [AsyncHttpClient-1-8] DEBUG org.asynchttpclient.netty.handler.HttpHandler - 

Request DefaultFullHttpRequest(decodeResult: success, version: HTTP/1.1, content: EmptyByteBufBE)
GET /session/cf72bc902faa569e69b62e7c4a258f8f/url HTTP/1.1
User-Agent: selenium/4.1.2 (java windows)
Cache-Control: no-cache
Content-Type: application/json; charset=utf-8
host: localhost:60399
accept: */*

Response DefaultHttpResponse(decodeResult: success, version: HTTP/1.1)
HTTP/1.1 200 OK
Content-Type: application/json; charset=utf-8
cache-control: no-cache
content-length: 53

10:48:44.536 [AsyncHttpClient-1-8] DEBUG org.asynchttpclient.netty.channel.ChannelManager - Adding key: http://localhost:60399 for channel [id: 0x30b4e1fe, L:/127.0.0.1:58048 - R:localhost/127.0.0.1:60399]
10:48:44.541 [Forwarding getCurrentUrl on session cf72bc902faa569e69b62e7c4a258f8f to remote] DEBUG org.asynchttpclient.netty.request.NettyRequestSender - Using pooled Channel '[id: 0x30b4e1fe, L:/127.0.0.1:58048 - R:localhost/127.0.0.1:60399]' for 'GET' to 'http://localhost:60399/session/cf72bc902faa569e69b62e7c4a258f8f/url'
10:48:44.541 [Forwarding getCurrentUrl on session cf72bc902faa569e69b62e7c4a258f8f to remote] DEBUG org.asynchttpclient.netty.request.NettyRequestSender - Using open Channel [id: 0x30b4e1fe, L:/127.0.0.1:58048 - R:localhost/127.0.0.1:60399] for GET '/session/cf72bc902faa569e69b62e7c4a258f8f/url'
10:48:44.545 [AsyncHttpClient-1-8] DEBUG org.asynchttpclient.netty.handler.HttpHandler - 

Request DefaultFullHttpRequest(decodeResult: success, version: HTTP/1.1, content: EmptyByteBufBE)
GET /session/cf72bc902faa569e69b62e7c4a258f8f/url HTTP/1.1
User-Agent: selenium/4.1.2 (java windows)
Cache-Control: no-cache
Content-Type: application/json; charset=utf-8
host: localhost:60399
accept: */*

Response DefaultHttpResponse(decodeResult: success, version: HTTP/1.1)
HTTP/1.1 200 OK
Content-Type: application/json; charset=utf-8
cache-control: no-cache
content-length: 53

10:48:44.546 [AsyncHttpClient-1-8] DEBUG org.asynchttpclient.netty.channel.ChannelManager - Adding key: http://localhost:60399 for channel [id: 0x30b4e1fe, L:/127.0.0.1:58048 - R:localhost/127.0.0.1:60399]
10:48:44.553 [Forwarding screenshot on session cf72bc902faa569e69b62e7c4a258f8f to remote] DEBUG org.asynchttpclient.netty.request.NettyRequestSender - Using pooled Channel '[id: 0x30b4e1fe, L:/127.0.0.1:58048 - R:localhost/127.0.0.1:60399]' for 'GET' to 'http://localhost:60399/session/cf72bc902faa569e69b62e7c4a258f8f/screenshot'
10:48:44.553 [Forwarding screenshot on session cf72bc902faa569e69b62e7c4a258f8f to remote] DEBUG org.asynchttpclient.netty.request.NettyRequestSender - Using open Channel [id: 0x30b4e1fe, L:/127.0.0.1:58048 - R:localhost/127.0.0.1:60399] for GET '/session/cf72bc902faa569e69b62e7c4a258f8f/screenshot'
10:48:44.770 [AsyncHttpClient-1-1] DEBUG org.asynchttpclient.netty.channel.DefaultChannelPool - Entry count for : http://localhost:58049 : 1
10:48:44.928 [AsyncHttpClient-1-8] DEBUG org.asynchttpclient.netty.handler.HttpHandler - 

Request DefaultFullHttpRequest(decodeResult: success, version: HTTP/1.1, content: EmptyByteBufBE)
GET /session/cf72bc902faa569e69b62e7c4a258f8f/screenshot HTTP/1.1
User-Agent: selenium/4.1.2 (java windows)
Cache-Control: no-cache
Content-Type: application/json; charset=utf-8
host: localhost:60399
accept: */*

Response DefaultHttpResponse(decodeResult: success, version: HTTP/1.1)
HTTP/1.1 200 OK
Content-Type: application/json; charset=utf-8
cache-control: no-cache
content-length: 339220

10:48:44.930 [AsyncHttpClient-1-8] DEBUG org.asynchttpclient.netty.channel.ChannelManager - Adding key: http://localhost:60399 for channel [id: 0x30b4e1fe, L:/127.0.0.1:58048 - R:localhost/127.0.0.1:60399]
10:48:44.964 [main] DEBUG net.serenitybdd.core.photography.Darkroom - Send negative for processing for target\site\serenity\88c267691a18b892a94a45ac28f0b7108fca29ac5e6caf15edbba8b98ba8ef8c.png
10:48:44.964 [main] DEBUG net.thucydides.core.steps.StepInterceptor - STEP DONE: openUrl
10:48:44.964 [Darkroom Processing Line] DEBUG net.serenitybdd.core.photography.DarkroomProcessingLine - Processing screenshot image in /var/screenshots/screenshot-2517549633813433199
10:48:44.964 [Darkroom Processing Line] DEBUG net.serenitybdd.core.photography.DarkroomProcessingLine - Saving screenshot to target\site\serenity\88c267691a18b892a94a45ac28f0b7108fca29ac5e6caf15edbba8b98ba8ef8c.png
10:48:44.976 [main] DEBUG net.thucydides.core.steps.StepInterceptor - STARTING STEP: DashboardSteps.iAmOnTheDashboardPage - validateOnDashboardPage
10:48:44.979 [Forwarding findElement on session cf72bc902faa569e69b62e7c4a258f8f to remote] DEBUG org.asynchttpclient.netty.request.NettyRequestSender - Using pooled Channel '[id: 0x30b4e1fe, L:/127.0.0.1:58048 - R:localhost/127.0.0.1:60399]' for 'POST' to 'http://localhost:60399/session/cf72bc902faa569e69b62e7c4a258f8f/element'
10:48:44.979 [Forwarding findElement on session cf72bc902faa569e69b62e7c4a258f8f to remote] DEBUG org.asynchttpclient.netty.request.NettyRequestSender - Using open Channel [id: 0x30b4e1fe, L:/127.0.0.1:58048 - R:localhost/127.0.0.1:60399] for POST '/session/cf72bc902faa569e69b62e7c4a258f8f/element'
10:48:45.004 [AsyncHttpClient-1-8] DEBUG org.asynchttpclient.netty.handler.HttpHandler - 

Request DefaultHttpRequest(decodeResult: success, version: HTTP/1.1)
POST /session/cf72bc902faa569e69b62e7c4a258f8f/element HTTP/1.1
User-Agent: selenium/4.1.2 (java windows)
Content-Length: 81
Content-Type: application/json; charset=utf-8
host: localhost:60399
accept: */*

Response DefaultHttpResponse(decodeResult: success, version: HTTP/1.1)
HTTP/1.1 200 OK
Content-Type: application/json; charset=utf-8
cache-control: no-cache
content-length: 88

10:48:45.005 [AsyncHttpClient-1-8] DEBUG org.asynchttpclient.netty.channel.ChannelManager - Adding key: http://localhost:60399 for channel [id: 0x30b4e1fe, L:/127.0.0.1:58048 - R:localhost/127.0.0.1:60399]
10:48:45.010 [Forwarding isElementDisplayed on session cf72bc902faa569e69b62e7c4a258f8f to remote] DEBUG org.asynchttpclient.netty.request.NettyRequestSender - Using pooled Channel '[id: 0x30b4e1fe, L:/127.0.0.1:58048 - R:localhost/127.0.0.1:60399]' for 'POST' to 'http://localhost:60399/session/cf72bc902faa569e69b62e7c4a258f8f/execute/sync'
10:48:45.010 [Forwarding isElementDisplayed on session cf72bc902faa569e69b62e7c4a258f8f to remote] DEBUG org.asynchttpclient.netty.request.NettyRequestSender - Using open Channel [id: 0x30b4e1fe, L:/127.0.0.1:58048 - R:localhost/127.0.0.1:60399] for POST '/session/cf72bc902faa569e69b62e7c4a258f8f/execute/sync'
10:48:45.035 [AsyncHttpClient-1-8] DEBUG org.asynchttpclient.netty.handler.HttpHandler - 

Request DefaultHttpRequest(decodeResult: success, version: HTTP/1.1)
POST /session/cf72bc902faa569e69b62e7c4a258f8f/execute/sync HTTP/1.1
User-Agent: selenium/4.1.2 (java windows)
Content-Length: 48780
Content-Type: application/json; charset=utf-8
host: localhost:60399
accept: */*

Response DefaultHttpResponse(decodeResult: success, version: HTTP/1.1)
HTTP/1.1 200 OK
Content-Type: application/json; charset=utf-8
cache-control: no-cache
content-length: 14

10:48:45.035 [AsyncHttpClient-1-8] DEBUG org.asynchttpclient.netty.channel.ChannelManager - Adding key: http://localhost:60399 for channel [id: 0x30b4e1fe, L:/127.0.0.1:58048 - R:localhost/127.0.0.1:60399]
10:48:45.043 [Forwarding screenshot on session cf72bc902faa569e69b62e7c4a258f8f to remote] DEBUG org.asynchttpclient.netty.request.NettyRequestSender - Using pooled Channel '[id: 0x30b4e1fe, L:/127.0.0.1:58048 - R:localhost/127.0.0.1:60399]' for 'GET' to 'http://localhost:60399/session/cf72bc902faa569e69b62e7c4a258f8f/screenshot'
10:48:45.043 [Forwarding screenshot on session cf72bc902faa569e69b62e7c4a258f8f to remote] DEBUG org.asynchttpclient.netty.request.NettyRequestSender - Using open Channel [id: 0x30b4e1fe, L:/127.0.0.1:58048 - R:localhost/127.0.0.1:60399] for GET '/session/cf72bc902faa569e69b62e7c4a258f8f/screenshot'
10:48:45.370 [AsyncHttpClient-1-8] DEBUG org.asynchttpclient.netty.handler.HttpHandler - 

Request DefaultFullHttpRequest(decodeResult: success, version: HTTP/1.1, content: EmptyByteBufBE)
GET /session/cf72bc902faa569e69b62e7c4a258f8f/screenshot HTTP/1.1
User-Agent: selenium/4.1.2 (java windows)
Cache-Control: no-cache
Content-Type: application/json; charset=utf-8
host: localhost:60399
accept: */*

Response DefaultHttpResponse(decodeResult: success, version: HTTP/1.1)
HTTP/1.1 200 OK
Content-Type: application/json; charset=utf-8
cache-control: no-cache
content-length: 382596

10:48:45.373 [AsyncHttpClient-1-8] DEBUG org.asynchttpclient.netty.channel.ChannelManager - Adding key: http://localhost:60399 for channel [id: 0x30b4e1fe, L:/127.0.0.1:58048 - R:localhost/127.0.0.1:60399]
10:48:45.399 [main] DEBUG net.serenitybdd.core.photography.Darkroom - Send negative for processing for target\site\serenity\ed15a54c91c342d96a850276df7b559f4526b370fc93040e3c407a48a170f368.png
10:48:45.399 [main] DEBUG net.thucydides.core.steps.StepInterceptor - STEP DONE: validateOnDashboardPage
  &amp#27;[32mGiven &amp#27;[0m&amp#27;[32mI am on the dashboard page&amp#27;[0m                                   &amp#27;[90m# starter.stepdefinitions.DashboardSteps.iAmOnTheDashboardPage()&amp#27;[0m
10:48:45.440 [main] DEBUG net.thucydides.core.steps.StepInterceptor - STARTING STEP: DoctorSteps.iClickMenuDoctor - clickMenuDoctorButton
10:48:45.445 [Forwarding findElement on session cf72bc902faa569e69b62e7c4a258f8f to remote] DEBUG org.asynchttpclient.netty.request.NettyRequestSender - Using pooled Channel '[id: 0x30b4e1fe, L:/127.0.0.1:58048 - R:localhost/127.0.0.1:60399]' for 'POST' to 'http://localhost:60399/session/cf72bc902faa569e69b62e7c4a258f8f/element'
10:48:45.445 [Forwarding findElement on session cf72bc902faa569e69b62e7c4a258f8f to remote] DEBUG org.asynchttpclient.netty.request.NettyRequestSender - Using open Channel [id: 0x30b4e1fe, L:/127.0.0.1:58048 - R:localhost/127.0.0.1:60399] for POST '/session/cf72bc902faa569e69b62e7c4a258f8f/element'
10:48:45.465 [AsyncHttpClient-1-8] DEBUG org.asynchttpclient.netty.handler.HttpHandler - 

Request DefaultHttpRequest(decodeResult: success, version: HTTP/1.1)
POST /session/cf72bc902faa569e69b62e7c4a258f8f/element HTTP/1.1
User-Agent: selenium/4.1.2 (java windows)
Content-Length: 79
Content-Type: application/json; charset=utf-8
host: localhost:60399
accept: */*

Response DefaultHttpResponse(decodeResult: success, version: HTTP/1.1)
HTTP/1.1 200 OK
Content-Type: application/json; charset=utf-8
cache-control: no-cache
content-length: 88

10:48:45.465 [AsyncHttpClient-1-8] DEBUG org.asynchttpclient.netty.channel.ChannelManager - Adding key: http://localhost:60399 for channel [id: 0x30b4e1fe, L:/127.0.0.1:58048 - R:localhost/127.0.0.1:60399]
10:48:45.467 [Forwarding getElementTagName on session cf72bc902faa569e69b62e7c4a258f8f to remote] DEBUG org.asynchttpclient.netty.request.NettyRequestSender - Using pooled Channel '[id: 0x30b4e1fe, L:/127.0.0.1:58048 - R:localhost/127.0.0.1:60399]' for 'GET' to 'http://localhost:60399/session/cf72bc902faa569e69b62e7c4a258f8f/element/4f45ebe8-42a3-4ad2-89a7-423268bc4ef7/name'
10:48:45.467 [Forwarding getElementTagName on session cf72bc902faa569e69b62e7c4a258f8f to remote] DEBUG org.asynchttpclient.netty.request.NettyRequestSender - Using open Channel [id: 0x30b4e1fe, L:/127.0.0.1:58048 - R:localhost/127.0.0.1:60399] for GET '/session/cf72bc902faa569e69b62e7c4a258f8f/element/4f45ebe8-42a3-4ad2-89a7-423268bc4ef7/name'
10:48:45.473 [AsyncHttpClient-1-8] DEBUG org.asynchttpclient.netty.handler.HttpHandler - 

Request DefaultFullHttpRequest(decodeResult: success, version: HTTP/1.1, content: EmptyByteBufBE)
GET /session/cf72bc902faa569e69b62e7c4a258f8f/element/4f45ebe8-42a3-4ad2-89a7-423268bc4ef7/name HTTP/1.1
User-Agent: selenium/4.1.2 (java windows)
Cache-Control: no-cache
Content-Type: application/json; charset=utf-8
host: localhost:60399
accept: */*

Response DefaultHttpResponse(decodeResult: success, version: HTTP/1.1)
HTTP/1.1 200 OK
Content-Type: application/json; charset=utf-8
cache-control: no-cache
content-length: 15

10:48:45.473 [AsyncHttpClient-1-8] DEBUG org.asynchttpclient.netty.channel.ChannelManager - Adding key: http://localhost:60399 for channel [id: 0x30b4e1fe, L:/127.0.0.1:58048 - R:localhost/127.0.0.1:60399]
10:48:45.475 [Forwarding getElementTagName on session cf72bc902faa569e69b62e7c4a258f8f to remote] DEBUG org.asynchttpclient.netty.request.NettyRequestSender - Using pooled Channel '[id: 0x30b4e1fe, L:/127.0.0.1:58048 - R:localhost/127.0.0.1:60399]' for 'GET' to 'http://localhost:60399/session/cf72bc902faa569e69b62e7c4a258f8f/element/4f45ebe8-42a3-4ad2-89a7-423268bc4ef7/name'
10:48:45.475 [Forwarding getElementTagName on session cf72bc902faa569e69b62e7c4a258f8f to remote] DEBUG org.asynchttpclient.netty.request.NettyRequestSender - Using open Channel [id: 0x30b4e1fe, L:/127.0.0.1:58048 - R:localhost/127.0.0.1:60399] for GET '/session/cf72bc902faa569e69b62e7c4a258f8f/element/4f45ebe8-42a3-4ad2-89a7-423268bc4ef7/name'
10:48:45.479 [AsyncHttpClient-1-8] DEBUG org.asynchttpclient.netty.handler.HttpHandler - 

Request DefaultFullHttpRequest(decodeResult: success, version: HTTP/1.1, content: EmptyByteBufBE)
GET /session/cf72bc902faa569e69b62e7c4a258f8f/element/4f45ebe8-42a3-4ad2-89a7-423268bc4ef7/name HTTP/1.1
User-Agent: selenium/4.1.2 (java windows)
Cache-Control: no-cache
Content-Type: application/json; charset=utf-8
host: localhost:60399
accept: */*

Response DefaultHttpResponse(decodeResult: success, version: HTTP/1.1)
HTTP/1.1 200 OK
Content-Type: application/json; charset=utf-8
cache-control: no-cache
content-length: 15

10:48:45.479 [AsyncHttpClient-1-8] DEBUG org.asynchttpclient.netty.channel.ChannelManager - Adding key: http://localhost:60399 for channel [id: 0x30b4e1fe, L:/127.0.0.1:58048 - R:localhost/127.0.0.1:60399]
10:48:45.482 [Forwarding findElement on session cf72bc902faa569e69b62e7c4a258f8f to remote] DEBUG org.asynchttpclient.netty.request.NettyRequestSender - Using pooled Channel '[id: 0x30b4e1fe, L:/127.0.0.1:58048 - R:localhost/127.0.0.1:60399]' for 'POST' to 'http://localhost:60399/session/cf72bc902faa569e69b62e7c4a258f8f/element'
10:48:45.482 [Forwarding findElement on session cf72bc902faa569e69b62e7c4a258f8f to remote] DEBUG org.asynchttpclient.netty.request.NettyRequestSender - Using open Channel [id: 0x30b4e1fe, L:/127.0.0.1:58048 - R:localhost/127.0.0.1:60399] for POST '/session/cf72bc902faa569e69b62e7c4a258f8f/element'
10:48:45.493 [AsyncHttpClient-1-8] DEBUG org.asynchttpclient.netty.handler.HttpHandler - 

Request DefaultHttpRequest(decodeResult: success, version: HTTP/1.1)
POST /session/cf72bc902faa569e69b62e7c4a258f8f/element HTTP/1.1
User-Agent: selenium/4.1.2 (java windows)
Content-Length: 79
Content-Type: application/json; charset=utf-8
host: localhost:60399
accept: */*

Response DefaultHttpResponse(decodeResult: success, version: HTTP/1.1)
HTTP/1.1 200 OK
Content-Type: application/json; charset=utf-8
cache-control: no-cache
content-length: 88

10:48:45.493 [AsyncHttpClient-1-8] DEBUG org.asynchttpclient.netty.channel.ChannelManager - Adding key: http://localhost:60399 for channel [id: 0x30b4e1fe, L:/127.0.0.1:58048 - R:localhost/127.0.0.1:60399]
10:48:45.494 [Forwarding clickElement on session cf72bc902faa569e69b62e7c4a258f8f to remote] DEBUG org.asynchttpclient.netty.request.NettyRequestSender - Using pooled Channel '[id: 0x30b4e1fe, L:/127.0.0.1:58048 - R:localhost/127.0.0.1:60399]' for 'POST' to 'http://localhost:60399/session/cf72bc902faa569e69b62e7c4a258f8f/element/4f45ebe8-42a3-4ad2-89a7-423268bc4ef7/click'
10:48:45.494 [Forwarding clickElement on session cf72bc902faa569e69b62e7c4a258f8f to remote] DEBUG org.asynchttpclient.netty.request.NettyRequestSender - Using open Channel [id: 0x30b4e1fe, L:/127.0.0.1:58048 - R:localhost/127.0.0.1:60399] for POST '/session/cf72bc902faa569e69b62e7c4a258f8f/element/4f45ebe8-42a3-4ad2-89a7-423268bc4ef7/click'
10:48:45.744 [AsyncHttpClient-1-8] DEBUG org.asynchttpclient.netty.handler.HttpHandler - 

Request DefaultHttpRequest(decodeResult: success, version: HTTP/1.1)
POST /session/cf72bc902faa569e69b62e7c4a258f8f/element/4f45ebe8-42a3-4ad2-89a7-423268bc4ef7/click HTTP/1.1
User-Agent: selenium/4.1.2 (java windows)
Content-Length: 50
Content-Type: application/json; charset=utf-8
host: localhost:60399
accept: */*

Response DefaultHttpResponse(decodeResult: success, version: HTTP/1.1)
HTTP/1.1 200 OK
Content-Type: application/json; charset=utf-8
cache-control: no-cache
content-length: 14

10:48:45.744 [AsyncHttpClient-1-8] DEBUG org.asynchttpclient.netty.channel.ChannelManager - Adding key: http://localhost:60399 for channel [id: 0x30b4e1fe, L:/127.0.0.1:58048 - R:localhost/127.0.0.1:60399]
10:48:45.756 [Forwarding screenshot on session cf72bc902faa569e69b62e7c4a258f8f to remote] DEBUG org.asynchttpclient.netty.request.NettyRequestSender - Using pooled Channel '[id: 0x30b4e1fe, L:/127.0.0.1:58048 - R:localhost/127.0.0.1:60399]' for 'GET' to 'http://localhost:60399/session/cf72bc902faa569e69b62e7c4a258f8f/screenshot'
10:48:45.756 [Forwarding screenshot on session cf72bc902faa569e69b62e7c4a258f8f to remote] DEBUG org.asynchttpclient.netty.request.NettyRequestSender - Using open Channel [id: 0x30b4e1fe, L:/127.0.0.1:58048 - R:localhost/127.0.0.1:60399] for GET '/session/cf72bc902faa569e69b62e7c4a258f8f/screenshot'
10:48:45.866 [AsyncHttpClient-1-1] DEBUG org.asynchttpclient.netty.channel.DefaultChannelPool - Entry count for : http://localhost:58049 : 1
10:48:45.907 [AsyncHttpClient-1-8] DEBUG org.asynchttpclient.netty.handler.HttpHandler - 

Request DefaultFullHttpRequest(decodeResult: success, version: HTTP/1.1, content: EmptyByteBufBE)
GET /session/cf72bc902faa569e69b62e7c4a258f8f/screenshot HTTP/1.1
User-Agent: selenium/4.1.2 (java windows)
Cache-Control: no-cache
Content-Type: application/json; charset=utf-8
host: localhost:60399
accept: */*

Response DefaultHttpResponse(decodeResult: success, version: HTTP/1.1)
HTTP/1.1 200 OK
Content-Type: application/json; charset=utf-8
cache-control: no-cache
content-length: 56216

10:48:45.908 [AsyncHttpClient-1-8] DEBUG org.asynchttpclient.netty.channel.ChannelManager - Adding key: http://localhost:60399 for channel [id: 0x30b4e1fe, L:/127.0.0.1:58048 - R:localhost/127.0.0.1:60399]
10:48:45.912 [main] DEBUG net.serenitybdd.core.photography.Darkroom - Send negative for processing for target\site\serenity\93bcc9a7e51fe36df2bb0ee95da8b9e15460ad67a465a8def437a77fe40a1b48.png
10:48:45.912 [main] DEBUG net.thucydides.core.steps.StepInterceptor - STEP DONE: clickMenuDoctorButton
  &amp#27;[32mAnd &amp#27;[0m&amp#27;[32mI click menu doctor&amp#27;[0m                                            &amp#27;[90m# starter.stepdefinitions.DoctorSteps.iClickMenuDoctor()&amp#27;[0m
10:48:45.938 [main] DEBUG net.thucydides.core.steps.StepInterceptor - STARTING STEP: DoctorSteps.iClickDoctorDepartmentFilterDropdown - clickFilterDropdown
10:48:45.943 [Forwarding findElement on session cf72bc902faa569e69b62e7c4a258f8f to remote] DEBUG org.asynchttpclient.netty.request.NettyRequestSender - Using pooled Channel '[id: 0x30b4e1fe, L:/127.0.0.1:58048 - R:localhost/127.0.0.1:60399]' for 'POST' to 'http://localhost:60399/session/cf72bc902faa569e69b62e7c4a258f8f/element'
10:48:45.943 [Forwarding findElement on session cf72bc902faa569e69b62e7c4a258f8f to remote] DEBUG org.asynchttpclient.netty.request.NettyRequestSender - Using open Channel [id: 0x30b4e1fe, L:/127.0.0.1:58048 - R:localhost/127.0.0.1:60399] for POST '/session/cf72bc902faa569e69b62e7c4a258f8f/element'
10:48:45.966 [AsyncHttpClient-1-8] DEBUG org.asynchttpclient.netty.handler.HttpHandler - 

Request DefaultHttpRequest(decodeResult: success, version: HTTP/1.1)
POST /session/cf72bc902faa569e69b62e7c4a258f8f/element HTTP/1.1
User-Agent: selenium/4.1.2 (java windows)
Content-Length: 146
Content-Type: application/json; charset=utf-8
host: localhost:60399
accept: */*

Response DefaultHttpResponse(decodeResult: success, version: HTTP/1.1)
HTTP/1.1 200 OK
Content-Type: application/json; charset=utf-8
cache-control: no-cache
content-length: 88

10:48:45.966 [AsyncHttpClient-1-8] DEBUG org.asynchttpclient.netty.channel.ChannelManager - Adding key: http://localhost:60399 for channel [id: 0x30b4e1fe, L:/127.0.0.1:58048 - R:localhost/127.0.0.1:60399]
10:48:45.968 [Forwarding getElementTagName on session cf72bc902faa569e69b62e7c4a258f8f to remote] DEBUG org.asynchttpclient.netty.request.NettyRequestSender - Using pooled Channel '[id: 0x30b4e1fe, L:/127.0.0.1:58048 - R:localhost/127.0.0.1:60399]' for 'GET' to 'http://localhost:60399/session/cf72bc902faa569e69b62e7c4a258f8f/element/552b5d14-d5f4-4437-bdda-d6ae240103eb/name'
10:48:45.968 [Forwarding getElementTagName on session cf72bc902faa569e69b62e7c4a258f8f to remote] DEBUG org.asynchttpclient.netty.request.NettyRequestSender - Using open Channel [id: 0x30b4e1fe, L:/127.0.0.1:58048 - R:localhost/127.0.0.1:60399] for GET '/session/cf72bc902faa569e69b62e7c4a258f8f/element/552b5d14-d5f4-4437-bdda-d6ae240103eb/name'
10:48:45.975 [AsyncHttpClient-1-8] DEBUG org.asynchttpclient.netty.handler.HttpHandler - 

Request DefaultFullHttpRequest(decodeResult: success, version: HTTP/1.1, content: EmptyByteBufBE)
GET /session/cf72bc902faa569e69b62e7c4a258f8f/element/552b5d14-d5f4-4437-bdda-d6ae240103eb/name HTTP/1.1
User-Agent: selenium/4.1.2 (java windows)
Cache-Control: no-cache
Content-Type: application/json; charset=utf-8
host: localhost:60399
accept: */*

Response DefaultHttpResponse(decodeResult: success, version: HTTP/1.1)
HTTP/1.1 200 OK
Content-Type: application/json; charset=utf-8
cache-control: no-cache
content-length: 15

10:48:45.975 [AsyncHttpClient-1-8] DEBUG org.asynchttpclient.netty.channel.ChannelManager - Adding key: http://localhost:60399 for channel [id: 0x30b4e1fe, L:/127.0.0.1:58048 - R:localhost/127.0.0.1:60399]
10:48:45.976 [Forwarding getElementTagName on session cf72bc902faa569e69b62e7c4a258f8f to remote] DEBUG org.asynchttpclient.netty.request.NettyRequestSender - Using pooled Channel '[id: 0x30b4e1fe, L:/127.0.0.1:58048 - R:localhost/127.0.0.1:60399]' for 'GET' to 'http://localhost:60399/session/cf72bc902faa569e69b62e7c4a258f8f/element/552b5d14-d5f4-4437-bdda-d6ae240103eb/name'
10:48:45.977 [Forwarding getElementTagName on session cf72bc902faa569e69b62e7c4a258f8f to remote] DEBUG org.asynchttpclient.netty.request.NettyRequestSender - Using open Channel [id: 0x30b4e1fe, L:/127.0.0.1:58048 - R:localhost/127.0.0.1:60399] for GET '/session/cf72bc902faa569e69b62e7c4a258f8f/element/552b5d14-d5f4-4437-bdda-d6ae240103eb/name'
10:48:45.981 [AsyncHttpClient-1-8] DEBUG org.asynchttpclient.netty.handler.HttpHandler - 

Request DefaultFullHttpRequest(decodeResult: success, version: HTTP/1.1, content: EmptyByteBufBE)
GET /session/cf72bc902faa569e69b62e7c4a258f8f/element/552b5d14-d5f4-4437-bdda-d6ae240103eb/name HTTP/1.1
User-Agent: selenium/4.1.2 (java windows)
Cache-Control: no-cache
Content-Type: application/json; charset=utf-8
host: localhost:60399
accept: */*

Response DefaultHttpResponse(decodeResult: success, version: HTTP/1.1)
HTTP/1.1 200 OK
Content-Type: application/json; charset=utf-8
cache-control: no-cache
content-length: 15

10:48:45.982 [AsyncHttpClient-1-8] DEBUG org.asynchttpclient.netty.channel.ChannelManager - Adding key: http://localhost:60399 for channel [id: 0x30b4e1fe, L:/127.0.0.1:58048 - R:localhost/127.0.0.1:60399]
10:48:45.986 [Forwarding findElement on session cf72bc902faa569e69b62e7c4a258f8f to remote] DEBUG org.asynchttpclient.netty.request.NettyRequestSender - Using pooled Channel '[id: 0x30b4e1fe, L:/127.0.0.1:58048 - R:localhost/127.0.0.1:60399]' for 'POST' to 'http://localhost:60399/session/cf72bc902faa569e69b62e7c4a258f8f/element'
10:48:45.986 [Forwarding findElement on session cf72bc902faa569e69b62e7c4a258f8f to remote] DEBUG org.asynchttpclient.netty.request.NettyRequestSender - Using open Channel [id: 0x30b4e1fe, L:/127.0.0.1:58048 - R:localhost/127.0.0.1:60399] for POST '/session/cf72bc902faa569e69b62e7c4a258f8f/element'
10:48:45.997 [AsyncHttpClient-1-8] DEBUG org.asynchttpclient.netty.handler.HttpHandler - 

Request DefaultHttpRequest(decodeResult: success, version: HTTP/1.1)
POST /session/cf72bc902faa569e69b62e7c4a258f8f/element HTTP/1.1
User-Agent: selenium/4.1.2 (java windows)
Content-Length: 146
Content-Type: application/json; charset=utf-8
host: localhost:60399
accept: */*

Response DefaultHttpResponse(decodeResult: success, version: HTTP/1.1)
HTTP/1.1 200 OK
Content-Type: application/json; charset=utf-8
cache-control: no-cache
content-length: 88

10:48:45.997 [AsyncHttpClient-1-8] DEBUG org.asynchttpclient.netty.channel.ChannelManager - Adding key: http://localhost:60399 for channel [id: 0x30b4e1fe, L:/127.0.0.1:58048 - R:localhost/127.0.0.1:60399]
10:48:45.998 [Forwarding clickElement on session cf72bc902faa569e69b62e7c4a258f8f to remote] DEBUG org.asynchttpclient.netty.request.NettyRequestSender - Using pooled Channel '[id: 0x30b4e1fe, L:/127.0.0.1:58048 - R:localhost/127.0.0.1:60399]' for 'POST' to 'http://localhost:60399/session/cf72bc902faa569e69b62e7c4a258f8f/element/552b5d14-d5f4-4437-bdda-d6ae240103eb/click'
10:48:45.998 [Forwarding clickElement on session cf72bc902faa569e69b62e7c4a258f8f to remote] DEBUG org.asynchttpclient.netty.request.NettyRequestSender - Using open Channel [id: 0x30b4e1fe, L:/127.0.0.1:58048 - R:localhost/127.0.0.1:60399] for POST '/session/cf72bc902faa569e69b62e7c4a258f8f/element/552b5d14-d5f4-4437-bdda-d6ae240103eb/click'
10:48:46.251 [AsyncHttpClient-1-8] DEBUG org.asynchttpclient.netty.handler.HttpHandler - 

Request DefaultHttpRequest(decodeResult: success, version: HTTP/1.1)
POST /session/cf72bc902faa569e69b62e7c4a258f8f/element/552b5d14-d5f4-4437-bdda-d6ae240103eb/click HTTP/1.1
User-Agent: selenium/4.1.2 (java windows)
Content-Length: 50
Content-Type: application/json; charset=utf-8
host: localhost:60399
accept: */*

Response DefaultHttpResponse(decodeResult: success, version: HTTP/1.1)
HTTP/1.1 200 OK
Content-Type: application/json; charset=utf-8
cache-control: no-cache
content-length: 14

10:48:46.251 [AsyncHttpClient-1-8] DEBUG org.asynchttpclient.netty.channel.ChannelManager - Adding key: http://localhost:60399 for channel [id: 0x30b4e1fe, L:/127.0.0.1:58048 - R:localhost/127.0.0.1:60399]
10:48:46.264 [Forwarding screenshot on session cf72bc902faa569e69b62e7c4a258f8f to remote] DEBUG org.asynchttpclient.netty.request.NettyRequestSender - Using pooled Channel '[id: 0x30b4e1fe, L:/127.0.0.1:58048 - R:localhost/127.0.0.1:60399]' for 'GET' to 'http://localhost:60399/session/cf72bc902faa569e69b62e7c4a258f8f/screenshot'
10:48:46.265 [Forwarding screenshot on session cf72bc902faa569e69b62e7c4a258f8f to remote] DEBUG org.asynchttpclient.netty.request.NettyRequestSender - Using open Channel [id: 0x30b4e1fe, L:/127.0.0.1:58048 - R:localhost/127.0.0.1:60399] for GET '/session/cf72bc902faa569e69b62e7c4a258f8f/screenshot'
10:48:46.437 [AsyncHttpClient-1-8] DEBUG org.asynchttpclient.netty.handler.HttpHandler - 

Request DefaultFullHttpRequest(decodeResult: success, version: HTTP/1.1, content: EmptyByteBufBE)
GET /session/cf72bc902faa569e69b62e7c4a258f8f/screenshot HTTP/1.1
User-Agent: selenium/4.1.2 (java windows)
Cache-Control: no-cache
Content-Type: application/json; charset=utf-8
host: localhost:60399
accept: */*

Response DefaultHttpResponse(decodeResult: success, version: HTTP/1.1)
HTTP/1.1 200 OK
Content-Type: application/json; charset=utf-8
cache-control: no-cache
content-length: 113696

10:48:46.438 [AsyncHttpClient-1-8] DEBUG org.asynchttpclient.netty.channel.ChannelManager - Adding key: http://localhost:60399 for channel [id: 0x30b4e1fe, L:/127.0.0.1:58048 - R:localhost/127.0.0.1:60399]
10:48:46.445 [main] DEBUG net.serenitybdd.core.photography.Darkroom - Send negative for processing for target\site\serenity\bad886f37945de4e650c31603211e1fcc44a79252b1ae95e5437249e361953ca.png
10:48:46.445 [main] DEBUG net.thucydides.core.steps.StepInterceptor - STEP DONE: clickFilterDropdown
  &amp#27;[32mWhen &amp#27;[0m&amp#27;[32mI click doctor department filter dropdown&amp#27;[0m                     &amp#27;[90m# starter.stepdefinitions.DoctorSteps.iClickDoctorDepartmentFilterDropdown()&amp#27;[0m
10:48:46.445 [Darkroom Processing Line] DEBUG net.serenitybdd.core.photography.DarkroomProcessingLine - Processing screenshot image in /var/screenshots/screenshot-14563572957189876185
10:48:46.445 [Darkroom Processing Line] DEBUG net.serenitybdd.core.photography.DarkroomProcessingLine - Saving screenshot to target\site\serenity\bad886f37945de4e650c31603211e1fcc44a79252b1ae95e5437249e361953ca.png
10:48:46.468 [main] DEBUG net.thucydides.core.steps.StepInterceptor - STARTING STEP: DoctorSteps.iClickCardiologyMenu - clickCardiologyMenu
10:48:46.476 [Forwarding findElement on session cf72bc902faa569e69b62e7c4a258f8f to remote] DEBUG org.asynchttpclient.netty.request.NettyRequestSender - Using pooled Channel '[id: 0x30b4e1fe, L:/127.0.0.1:58048 - R:localhost/127.0.0.1:60399]' for 'POST' to 'http://localhost:60399/session/cf72bc902faa569e69b62e7c4a258f8f/element'
10:48:46.476 [Forwarding findElement on session cf72bc902faa569e69b62e7c4a258f8f to remote] DEBUG org.asynchttpclient.netty.request.NettyRequestSender - Using open Channel [id: 0x30b4e1fe, L:/127.0.0.1:58048 - R:localhost/127.0.0.1:60399] for POST '/session/cf72bc902faa569e69b62e7c4a258f8f/element'
10:48:46.503 [AsyncHttpClient-1-8] DEBUG org.asynchttpclient.netty.handler.HttpHandler - 

Request DefaultHttpRequest(decodeResult: success, version: HTTP/1.1)
POST /session/cf72bc902faa569e69b62e7c4a258f8f/element HTTP/1.1
User-Agent: selenium/4.1.2 (java windows)
Content-Length: 109
Content-Type: application/json; charset=utf-8
host: localhost:60399
accept: */*

Response DefaultHttpResponse(decodeResult: success, version: HTTP/1.1)
HTTP/1.1 200 OK
Content-Type: application/json; charset=utf-8
cache-control: no-cache
content-length: 88

10:48:46.503 [AsyncHttpClient-1-8] DEBUG org.asynchttpclient.netty.channel.ChannelManager - Adding key: http://localhost:60399 for channel [id: 0x30b4e1fe, L:/127.0.0.1:58048 - R:localhost/127.0.0.1:60399]
10:48:46.505 [Forwarding getElementTagName on session cf72bc902faa569e69b62e7c4a258f8f to remote] DEBUG org.asynchttpclient.netty.request.NettyRequestSender - Using pooled Channel '[id: 0x30b4e1fe, L:/127.0.0.1:58048 - R:localhost/127.0.0.1:60399]' for 'GET' to 'http://localhost:60399/session/cf72bc902faa569e69b62e7c4a258f8f/element/22803925-95e9-48ef-8cfc-b550c503c813/name'
10:48:46.505 [Forwarding getElementTagName on session cf72bc902faa569e69b62e7c4a258f8f to remote] DEBUG org.asynchttpclient.netty.request.NettyRequestSender - Using open Channel [id: 0x30b4e1fe, L:/127.0.0.1:58048 - R:localhost/127.0.0.1:60399] for GET '/session/cf72bc902faa569e69b62e7c4a258f8f/element/22803925-95e9-48ef-8cfc-b550c503c813/name'
10:48:46.512 [AsyncHttpClient-1-8] DEBUG org.asynchttpclient.netty.handler.HttpHandler - 

Request DefaultFullHttpRequest(decodeResult: success, version: HTTP/1.1, content: EmptyByteBufBE)
GET /session/cf72bc902faa569e69b62e7c4a258f8f/element/22803925-95e9-48ef-8cfc-b550c503c813/name HTTP/1.1
User-Agent: selenium/4.1.2 (java windows)
Cache-Control: no-cache
Content-Type: application/json; charset=utf-8
host: localhost:60399
accept: */*

Response DefaultHttpResponse(decodeResult: success, version: HTTP/1.1)
HTTP/1.1 200 OK
Content-Type: application/json; charset=utf-8
cache-control: no-cache
content-length: 14

10:48:46.512 [AsyncHttpClient-1-8] DEBUG org.asynchttpclient.netty.channel.ChannelManager - Adding key: http://localhost:60399 for channel [id: 0x30b4e1fe, L:/127.0.0.1:58048 - R:localhost/127.0.0.1:60399]
10:48:46.513 [Forwarding getElementTagName on session cf72bc902faa569e69b62e7c4a258f8f to remote] DEBUG org.asynchttpclient.netty.request.NettyRequestSender - Using pooled Channel '[id: 0x30b4e1fe, L:/127.0.0.1:58048 - R:localhost/127.0.0.1:60399]' for 'GET' to 'http://localhost:60399/session/cf72bc902faa569e69b62e7c4a258f8f/element/22803925-95e9-48ef-8cfc-b550c503c813/name'
10:48:46.513 [Forwarding getElementTagName on session cf72bc902faa569e69b62e7c4a258f8f to remote] DEBUG org.asynchttpclient.netty.request.NettyRequestSender - Using open Channel [id: 0x30b4e1fe, L:/127.0.0.1:58048 - R:localhost/127.0.0.1:60399] for GET '/session/cf72bc902faa569e69b62e7c4a258f8f/element/22803925-95e9-48ef-8cfc-b550c503c813/name'
10:48:46.518 [AsyncHttpClient-1-8] DEBUG org.asynchttpclient.netty.handler.HttpHandler - 

Request DefaultFullHttpRequest(decodeResult: success, version: HTTP/1.1, content: EmptyByteBufBE)
GET /session/cf72bc902faa569e69b62e7c4a258f8f/element/22803925-95e9-48ef-8cfc-b550c503c813/name HTTP/1.1
User-Agent: selenium/4.1.2 (java windows)
Cache-Control: no-cache
Content-Type: application/json; charset=utf-8
host: localhost:60399
accept: */*

Response DefaultHttpResponse(decodeResult: success, version: HTTP/1.1)
HTTP/1.1 200 OK
Content-Type: application/json; charset=utf-8
cache-control: no-cache
content-length: 14

10:48:46.519 [AsyncHttpClient-1-8] DEBUG org.asynchttpclient.netty.channel.ChannelManager - Adding key: http://localhost:60399 for channel [id: 0x30b4e1fe, L:/127.0.0.1:58048 - R:localhost/127.0.0.1:60399]
10:48:46.522 [Forwarding findElement on session cf72bc902faa569e69b62e7c4a258f8f to remote] DEBUG org.asynchttpclient.netty.request.NettyRequestSender - Using pooled Channel '[id: 0x30b4e1fe, L:/127.0.0.1:58048 - R:localhost/127.0.0.1:60399]' for 'POST' to 'http://localhost:60399/session/cf72bc902faa569e69b62e7c4a258f8f/element'
10:48:46.522 [Forwarding findElement on session cf72bc902faa569e69b62e7c4a258f8f to remote] DEBUG org.asynchttpclient.netty.request.NettyRequestSender - Using open Channel [id: 0x30b4e1fe, L:/127.0.0.1:58048 - R:localhost/127.0.0.1:60399] for POST '/session/cf72bc902faa569e69b62e7c4a258f8f/element'
10:48:46.532 [AsyncHttpClient-1-8] DEBUG org.asynchttpclient.netty.handler.HttpHandler - 

Request DefaultHttpRequest(decodeResult: success, version: HTTP/1.1)
POST /session/cf72bc902faa569e69b62e7c4a258f8f/element HTTP/1.1
User-Agent: selenium/4.1.2 (java windows)
Content-Length: 109
Content-Type: application/json; charset=utf-8
host: localhost:60399
accept: */*

Response DefaultHttpResponse(decodeResult: success, version: HTTP/1.1)
HTTP/1.1 200 OK
Content-Type: application/json; charset=utf-8
cache-control: no-cache
content-length: 88

10:48:46.532 [AsyncHttpClient-1-8] DEBUG org.asynchttpclient.netty.channel.ChannelManager - Adding key: http://localhost:60399 for channel [id: 0x30b4e1fe, L:/127.0.0.1:58048 - R:localhost/127.0.0.1:60399]
10:48:46.533 [Forwarding clickElement on session cf72bc902faa569e69b62e7c4a258f8f to remote] DEBUG org.asynchttpclient.netty.request.NettyRequestSender - Using pooled Channel '[id: 0x30b4e1fe, L:/127.0.0.1:58048 - R:localhost/127.0.0.1:60399]' for 'POST' to 'http://localhost:60399/session/cf72bc902faa569e69b62e7c4a258f8f/element/22803925-95e9-48ef-8cfc-b550c503c813/click'
10:48:46.533 [Forwarding clickElement on session cf72bc902faa569e69b62e7c4a258f8f to remote] DEBUG org.asynchttpclient.netty.request.NettyRequestSender - Using open Channel [id: 0x30b4e1fe, L:/127.0.0.1:58048 - R:localhost/127.0.0.1:60399] for POST '/session/cf72bc902faa569e69b62e7c4a258f8f/element/22803925-95e9-48ef-8cfc-b550c503c813/click'
10:48:46.673 [AsyncHttpClient-1-8] DEBUG org.asynchttpclient.netty.handler.HttpHandler - 

Request DefaultHttpRequest(decodeResult: success, version: HTTP/1.1)
POST /session/cf72bc902faa569e69b62e7c4a258f8f/element/22803925-95e9-48ef-8cfc-b550c503c813/click HTTP/1.1
User-Agent: selenium/4.1.2 (java windows)
Content-Length: 50
Content-Type: application/json; charset=utf-8
host: localhost:60399
accept: */*

Response DefaultHttpResponse(decodeResult: success, version: HTTP/1.1)
HTTP/1.1 200 OK
Content-Type: application/json; charset=utf-8
cache-control: no-cache
content-length: 14

10:48:46.673 [AsyncHttpClient-1-8] DEBUG org.asynchttpclient.netty.channel.ChannelManager - Adding key: http://localhost:60399 for channel [id: 0x30b4e1fe, L:/127.0.0.1:58048 - R:localhost/127.0.0.1:60399]
10:48:46.682 [Forwarding screenshot on session cf72bc902faa569e69b62e7c4a258f8f to remote] DEBUG org.asynchttpclient.netty.request.NettyRequestSender - Using pooled Channel '[id: 0x30b4e1fe, L:/127.0.0.1:58048 - R:localhost/127.0.0.1:60399]' for 'GET' to 'http://localhost:60399/session/cf72bc902faa569e69b62e7c4a258f8f/screenshot'
10:48:46.682 [Forwarding screenshot on session cf72bc902faa569e69b62e7c4a258f8f to remote] DEBUG org.asynchttpclient.netty.request.NettyRequestSender - Using open Channel [id: 0x30b4e1fe, L:/127.0.0.1:58048 - R:localhost/127.0.0.1:60399] for GET '/session/cf72bc902faa569e69b62e7c4a258f8f/screenshot'
10:48:46.800 [AsyncHttpClient-1-8] DEBUG org.asynchttpclient.netty.handler.HttpHandler - 

Request DefaultFullHttpRequest(decodeResult: success, version: HTTP/1.1, content: EmptyByteBufBE)
GET /session/cf72bc902faa569e69b62e7c4a258f8f/screenshot HTTP/1.1
User-Agent: selenium/4.1.2 (java windows)
Cache-Control: no-cache
Content-Type: application/json; charset=utf-8
host: localhost:60399
accept: */*

Response DefaultHttpResponse(decodeResult: success, version: HTTP/1.1)
HTTP/1.1 200 OK
Content-Type: application/json; charset=utf-8
cache-control: no-cache
content-length: 94292

10:48:46.801 [AsyncHttpClient-1-8] DEBUG org.asynchttpclient.netty.channel.ChannelManager - Adding key: http://localhost:60399 for channel [id: 0x30b4e1fe, L:/127.0.0.1:58048 - R:localhost/127.0.0.1:60399]
10:48:46.806 [main] DEBUG net.serenitybdd.core.photography.Darkroom - Send negative for processing for target\site\serenity\84e058df807053258a4ef0fe4e3b64c372ae900bede965276aefd272f8c4fa20.png
10:48:46.806 [main] DEBUG net.thucydides.core.steps.StepInterceptor - STEP DONE: clickCardiologyMenu
  &amp#27;[32mAnd &amp#27;[0m&amp#27;[32mI click cardiology menu&amp#27;[0m                                        &amp#27;[90m# starter.stepdefinitions.DoctorSteps.iClickCardiologyMenu()&amp#27;[0m
10:48:46.806 [Darkroom Processing Line] DEBUG net.serenitybdd.core.photography.DarkroomProcessingLine - Processing screenshot image in /var/screenshots/screenshot-4954195791851304747
10:48:46.806 [Darkroom Processing Line] DEBUG net.serenitybdd.core.photography.DarkroomProcessingLine - Saving screenshot to target\site\serenity\84e058df807053258a4ef0fe4e3b64c372ae900bede965276aefd272f8c4fa20.png
10:48:46.823 [main] DEBUG net.thucydides.core.steps.StepInterceptor - STARTING STEP: DoctorSteps.iValidateDoctorListOnlyShowCardiologyDepartmentDoctor - validateCardiologyDoctor
10:48:46.825 [Forwarding findElement on session cf72bc902faa569e69b62e7c4a258f8f to remote] DEBUG org.asynchttpclient.netty.request.NettyRequestSender - Using pooled Channel '[id: 0x30b4e1fe, L:/127.0.0.1:58048 - R:localhost/127.0.0.1:60399]' for 'POST' to 'http://localhost:60399/session/cf72bc902faa569e69b62e7c4a258f8f/element'
10:48:46.825 [Forwarding findElement on session cf72bc902faa569e69b62e7c4a258f8f to remote] DEBUG org.asynchttpclient.netty.request.NettyRequestSender - Using open Channel [id: 0x30b4e1fe, L:/127.0.0.1:58048 - R:localhost/127.0.0.1:60399] for POST '/session/cf72bc902faa569e69b62e7c4a258f8f/element'
10:48:46.963 [AsyncHttpClient-1-1] DEBUG org.asynchttpclient.netty.channel.DefaultChannelPool - Entry count for : http://localhost:58049 : 1
10:48:47.549 [AsyncHttpClient-1-8] DEBUG org.asynchttpclient.netty.handler.HttpHandler - 

Request DefaultHttpRequest(decodeResult: success, version: HTTP/1.1)
POST /session/cf72bc902faa569e69b62e7c4a258f8f/element HTTP/1.1
User-Agent: selenium/4.1.2 (java windows)
Content-Length: 82
Content-Type: application/json; charset=utf-8
host: localhost:60399
accept: */*

Response DefaultHttpResponse(decodeResult: success, version: HTTP/1.1)
HTTP/1.1 200 OK
Content-Type: application/json; charset=utf-8
cache-control: no-cache
content-length: 88

10:48:47.549 [AsyncHttpClient-1-8] DEBUG org.asynchttpclient.netty.channel.ChannelManager - Adding key: http://localhost:60399 for channel [id: 0x30b4e1fe, L:/127.0.0.1:58048 - R:localhost/127.0.0.1:60399]
10:48:47.553 [Forwarding isElementDisplayed on session cf72bc902faa569e69b62e7c4a258f8f to remote] DEBUG org.asynchttpclient.netty.request.NettyRequestSender - Using pooled Channel '[id: 0x30b4e1fe, L:/127.0.0.1:58048 - R:localhost/127.0.0.1:60399]' for 'POST' to 'http://localhost:60399/session/cf72bc902faa569e69b62e7c4a258f8f/execute/sync'
10:48:47.553 [Forwarding isElementDisplayed on session cf72bc902faa569e69b62e7c4a258f8f to remote] DEBUG org.asynchttpclient.netty.request.NettyRequestSender - Using open Channel [id: 0x30b4e1fe, L:/127.0.0.1:58048 - R:localhost/127.0.0.1:60399] for POST '/session/cf72bc902faa569e69b62e7c4a258f8f/execute/sync'
10:48:47.571 [AsyncHttpClient-1-8] DEBUG org.asynchttpclient.netty.handler.HttpHandler - 

Request DefaultHttpRequest(decodeResult: success, version: HTTP/1.1)
POST /session/cf72bc902faa569e69b62e7c4a258f8f/execute/sync HTTP/1.1
User-Agent: selenium/4.1.2 (java windows)
Content-Length: 48780
Content-Type: application/json; charset=utf-8
host: localhost:60399
accept: */*

Response DefaultHttpResponse(decodeResult: success, version: HTTP/1.1)
HTTP/1.1 200 OK
Content-Type: application/json; charset=utf-8
cache-control: no-cache
content-length: 14

10:48:47.571 [AsyncHttpClient-1-8] DEBUG org.asynchttpclient.netty.channel.ChannelManager - Adding key: http://localhost:60399 for channel [id: 0x30b4e1fe, L:/127.0.0.1:58048 - R:localhost/127.0.0.1:60399]
10:48:47.575 [Forwarding screenshot on session cf72bc902faa569e69b62e7c4a258f8f to remote] DEBUG org.asynchttpclient.netty.request.NettyRequestSender - Using pooled Channel '[id: 0x30b4e1fe, L:/127.0.0.1:58048 - R:localhost/127.0.0.1:60399]' for 'GET' to 'http://localhost:60399/session/cf72bc902faa569e69b62e7c4a258f8f/screenshot'
10:48:47.575 [Forwarding screenshot on session cf72bc902faa569e69b62e7c4a258f8f to remote] DEBUG org.asynchttpclient.netty.request.NettyRequestSender - Using open Channel [id: 0x30b4e1fe, L:/127.0.0.1:58048 - R:localhost/127.0.0.1:60399] for GET '/session/cf72bc902faa569e69b62e7c4a258f8f/screenshot'
10:48:47.662 [AsyncHttpClient-1-8] DEBUG org.asynchttpclient.netty.handler.HttpHandler - 

Request DefaultFullHttpRequest(decodeResult: success, version: HTTP/1.1, content: EmptyByteBufBE)
GET /session/cf72bc902faa569e69b62e7c4a258f8f/screenshot HTTP/1.1
User-Agent: selenium/4.1.2 (java windows)
Cache-Control: no-cache
Content-Type: application/json; charset=utf-8
host: localhost:60399
accept: */*

Response DefaultHttpResponse(decodeResult: success, version: HTTP/1.1)
HTTP/1.1 200 OK
Content-Type: application/json; charset=utf-8
cache-control: no-cache
content-length: 73988

10:48:47.662 [AsyncHttpClient-1-8] DEBUG org.asynchttpclient.netty.channel.ChannelManager - Adding key: http://localhost:60399 for channel [id: 0x30b4e1fe, L:/127.0.0.1:58048 - R:localhost/127.0.0.1:60399]
10:48:47.666 [main] DEBUG net.serenitybdd.core.photography.Darkroom - Send negative for processing for target\site\serenity\46faf1c3fcc06c1d04a70274f7c54243941842067fcc896763c5945ad6b43e53.png
10:48:47.666 [main] DEBUG net.thucydides.core.steps.StepInterceptor - STEP DONE: validateCardiologyDoctor
  &amp#27;[32mThen &amp#27;[0m&amp#27;[32mI validate doctor list only show cardiology department doctor&amp#27;[0m &amp#27;[90m# starter.stepdefinitions.DoctorSteps.iValidateDoctorListOnlyShowCardiologyDepartmentDoctor()&amp#27;[0m
10:48:47.666 [Darkroom Processing Line] DEBUG net.serenitybdd.core.photography.DarkroomProcessingLine - Processing screenshot image in /var/screenshots/screenshot-15742557802934584355
10:48:47.667 [Darkroom Processing Line] DEBUG net.serenitybdd.core.photography.DarkroomProcessingLine - Saving screenshot to target\site\serenity\46faf1c3fcc06c1d04a70274f7c54243941842067fcc896763c5945ad6b43e53.png
10:48:47.672 [main] INFO  - 
  _____   ___   ___   _____     ___     _     ___   ___   ___   ___  
 |_   _| | __| / __| |_   _|   | _ \   /_\   / __| / __| | __| |   \ 
   | |   | _|  \__ \   | |     |  _/  / _ \  \__ \ \__ \ | _|  | |) |
   |_|   |___| |___/   |_|     |_|   /_/ \_\ |___/ |___/ |___| |___/ 

Filter Doctor Cardiology Scenario
----------------------------------------------------------------------
10:48:47.673 [AsyncHttpClient-1-2] DEBUG org.asynchttpclient.netty.handler.WebSocketHandler - Channel Closed: [id: 0xe78e1c52, L:/127.0.0.1:58055 ! R:localhost/127.0.0.1:58049] with attribute NettyResponseFuture{currentRetry=5,
	isDone=1,
	isCancelled=0,
	asyncHandler=org.asynchttpclient.ws.WebSocketUpgradeHandler@1ecddb9a,
	nettyRequest=org.asynchttpclient.netty.request.NettyRequest@7fb6750d,
	future=java.util.concurrent.CompletableFuture@527b21be[Completed normally],
	uri=ws://localhost:58049/devtools/browser/27d03fb0-a4d9-4acc-b179-072a25812d61,
	keepAlive=true,
	redirectCount=0,
	timeoutsHolder=null,
	inAuth=0,
	touch=1655783321997}
10:48:47.673 [AsyncHttpClient-1-2] DEBUG org.asynchttpclient.netty.channel.ChannelManager - Closing Channel [id: 0xe78e1c52, L:/127.0.0.1:58055 ! R:localhost/127.0.0.1:58049] 
10:48:47.673 [Driver Command Executor] DEBUG org.asynchttpclient.netty.request.NettyRequestSender - Using pooled Channel '[id: 0x30b4e1fe, L:/127.0.0.1:58048 - R:localhost/127.0.0.1:60399]' for 'DELETE' to 'http://localhost:60399/session/cf72bc902faa569e69b62e7c4a258f8f'
10:48:47.674 [Driver Command Executor] DEBUG org.asynchttpclient.netty.request.NettyRequestSender - Using open Channel [id: 0x30b4e1fe, L:/127.0.0.1:58048 - R:localhost/127.0.0.1:60399] for DELETE '/session/cf72bc902faa569e69b62e7c4a258f8f'
10:48:47.718 [AsyncHttpClient-1-9] DEBUG org.asynchttpclient.netty.handler.HttpHandler - Unexpected I/O exception on channel [id: 0x68e92224, L:/127.0.0.1:58054 - R:localhost/127.0.0.1:58049]
java.net.SocketException: Connection reset
	at java.base/sun.nio.ch.SocketChannelImpl.throwConnectionReset(SocketChannelImpl.java:367)
	at java.base/sun.nio.ch.SocketChannelImpl.read(SocketChannelImpl.java:398)
	at io.netty.buffer.PooledByteBuf.setBytes(PooledByteBuf.java:258)
	at io.netty.buffer.AbstractByteBuf.writeBytes(AbstractByteBuf.java:1132)
	at io.netty.channel.socket.nio.NioSocketChannel.doReadBytes(NioSocketChannel.java:350)
	at io.netty.channel.nio.AbstractNioByteChannel$NioByteUnsafe.read(AbstractNioByteChannel.java:151)
	at io.netty.channel.nio.NioEventLoop.processSelectedKey(NioEventLoop.java:722)
	at io.netty.channel.nio.NioEventLoop.processSelectedKeysOptimized(NioEventLoop.java:658)
	at io.netty.channel.nio.NioEventLoop.processSelectedKeys(NioEventLoop.java:584)
	at io.netty.channel.nio.NioEventLoop.run(NioEventLoop.java:496)
	at io.netty.util.concurrent.SingleThreadEventExecutor$4.run(SingleThreadEventExecutor.java:986)
	at io.netty.util.internal.ThreadExecutorMap$2.run(ThreadExecutorMap.java:74)
	at io.netty.util.concurrent.FastThreadLocalRunnable.run(FastThreadLocalRunnable.java:30)
	at java.base/java.lang.Thread.run(Thread.java:832)
10:48:47.719 [AsyncHttpClient-1-9] DEBUG org.asynchttpclient.netty.channel.ChannelManager - Closing Channel [id: 0x68e92224, L:/127.0.0.1:58054 - R:localhost/127.0.0.1:58049] 
10:48:47.719 [AsyncHttpClient-1-9] DEBUG org.asynchttpclient.netty.handler.HttpHandler - Channel Closed: [id: 0x68e92224, L:/127.0.0.1:58054 ! R:localhost/127.0.0.1:58049] with attribute DISCARD
10:48:47.746 [AsyncHttpClient-1-8] DEBUG org.asynchttpclient.netty.handler.HttpHandler - 

Request DefaultFullHttpRequest(decodeResult: success, version: HTTP/1.1, content: EmptyByteBufBE)
DELETE /session/cf72bc902faa569e69b62e7c4a258f8f HTTP/1.1
User-Agent: selenium/4.1.2 (java windows)
Content-Type: application/json; charset=utf-8
host: localhost:60399
accept: */*

Response DefaultHttpResponse(decodeResult: success, version: HTTP/1.1)
HTTP/1.1 200 OK
Content-Type: application/json; charset=utf-8
cache-control: no-cache
content-length: 14

10:48:47.746 [AsyncHttpClient-1-8] DEBUG org.asynchttpclient.netty.channel.ChannelManager - Adding key: http://localhost:60399 for channel [id: 0x30b4e1fe, L:/127.0.0.1:58048 - R:localhost/127.0.0.1:60399]
10:48:47.909 [AsyncHttpClient-1-8] DEBUG org.asynchttpclient.netty.handler.HttpHandler - Channel Closed: [id: 0x30b4e1fe, L:/127.0.0.1:58048 ! R:localhost/127.0.0.1:60399] with attribute DISCARD
10:48:48.064 [AsyncHttpClient-1-1] DEBUG org.asynchttpclient.netty.channel.DefaultChannelPool - Entry count for : http://localhost:58049 : 1
10:48:48.064 [AsyncHttpClient-1-1] DEBUG org.asynchttpclient.netty.channel.DefaultChannelPool - Entry count for : http://localhost:60399 : 1
10:48:48.064 [AsyncHttpClient-1-1] DEBUG org.asynchttpclient.netty.channel.DefaultChannelPool - Adding Candidate expired Channel [id: 0x68e92224, L:/127.0.0.1:58054 ! R:localhost/127.0.0.1:58049] isIdleTimeoutExpired=false isRemotelyClosed=true isTtlExpired=false
10:48:48.064 [AsyncHttpClient-1-1] DEBUG org.asynchttpclient.netty.channel.DefaultChannelPool - Closing Idle Channel [id: 0x68e92224, L:/127.0.0.1:58054 ! R:localhost/127.0.0.1:58049]
10:48:48.064 [AsyncHttpClient-1-1] DEBUG org.asynchttpclient.netty.channel.DefaultChannelPool - Adding Candidate expired Channel [id: 0x30b4e1fe, L:/127.0.0.1:58048 ! R:localhost/127.0.0.1:60399] isIdleTimeoutExpired=false isRemotelyClosed=true isTtlExpired=false
10:48:48.064 [AsyncHttpClient-1-1] DEBUG org.asynchttpclient.netty.channel.DefaultChannelPool - Closing Idle Channel [id: 0x30b4e1fe, L:/127.0.0.1:58048 ! R:localhost/127.0.0.1:60399]
10:48:48.064 [AsyncHttpClient-1-1] DEBUG org.asynchttpclient.netty.channel.DefaultChannelPool - Closed 2 connections out of 2 in 0 ms
]]></system-out>
    <system-err><![CDATA[Starting ChromeDriver 102.0.5005.61 (0e59bcc00cc4985ce39ad31c150065f159d95ad3-refs/branch-heads/5005@{#819}) on port 60399
Only local connections are allowed.
Please see https://chromedriver.chromium.org/security-considerations for suggestions on keeping ChromeDriver safe.
ChromeDriver was started successfully.
Jun 21, 2022 10:48:41 AM org.openqa.selenium.remote.ProtocolHandshake createSession
INFO: Detected dialect: W3C
Jun 21, 2022 10:48:41 AM org.openqa.selenium.devtools.CdpVersionFinder findNearestMatch
WARNING: Unable to find an exact match for CDP version 102, so returning the closest version found: a no-op implementation
Jun 21, 2022 10:48:41 AM org.openqa.selenium.devtools.CdpVersionFinder findNearestMatch
INFO: Unable to find CDP implementation matching 102.
Jun 21, 2022 10:48:42 AM org.openqa.selenium.chromium.ChromiumDriver lambda$new$3
WARNING: Unable to find version of CDP to use for . You may need to include a dependency on a specific version of the CDP using something similar to `org.seleniumhq.selenium:selenium-devtools-v86:4.1.2` where the version ("v86") matches the version of the chromium-based browser you're using and the version number of the artifact is the same as Selenium's.
]]></system-err>
  </testcase>
  <testcase name="Filter Doctor Pediatric Scenario" classname="Doctor" time="9.553">
    <system-out><![CDATA[
@Doctor @FilterDoctorPediatric
Scenario: Filter Doctor Pediatric Scenario                          &amp#27;[90m# src/test/resources/features/3.Doctor.feature:106&amp#27;[0m
10:48:48.436 [main] INFO io.cucumber.core.plugin.SerenityReporter - Running feature from file:///E:/My%20Documents/File%20Difa/TI%20Semester%206%20Kampus%20Merdeka%20Alterra/Tugas/CAPSTONE%20Project/Capstone-Project-Website/src/test/resources/features/3.Doctor.feature
10:48:48.437 [main] INFO  - 
  _____   ___   ___   _____     ___   _____     _     ___   _____   ___   ___  
 |_   _| | __| / __| |_   _|   / __| |_   _|   /_\   | _ \ |_   _| | __| |   \ 
   | |   | _|  \__ \   | |     \__ \   | |    / _ \  |   /   | |   | _|  | |) |
   |_|   |___| |___/   |_|     |___/   |_|   /_/ \_\ |_|_\   |_|   |___| |___/ 

Filter Doctor Pediatric Scenario(doctor;filter-doctor-pediatric-scenario)
--------------------------------------------------------------------------------
10:48:48.465 [main] DEBUG net.thucydides.core.steps.StepInterceptor - STARTING STEP: DashboardSteps.iAmOnTheDashboardPage - openUrl
10:48:48.467 [main] INFO net.serenitybdd.core.webdriver.driverproviders.ChromeDriverProvider - Using automatically driver download
10:48:48.955 [main] DEBUG io.github.bonigarcia.wdm.cache.ResolutionCache - Resolution chrome=102 in cache (valid until 11:37:46 21/06/2022 ICT)
10:48:48.961 [main] DEBUG io.github.bonigarcia.wdm.cache.ResolutionCache - Resolution chrome102=102.0.5005.61 in cache (valid until 09:22:16 22/06/2022 ICT)
10:48:48.963 [main] INFO io.github.bonigarcia.wdm.WebDriverManager - Using chromedriver 102.0.5005.61 (resolved driver for Chrome 102)
10:48:48.978 [main] DEBUG io.github.bonigarcia.wdm.WebDriverManager - Driver chromedriver 102.0.5005.61 found in cache
10:48:48.979 [main] INFO io.github.bonigarcia.wdm.WebDriverManager - Exporting webdriver.chrome.driver as C:\Users\USER\.cache\selenium\chromedriver\win32\102.0.5005.61\chromedriver.exe
10:48:49.259 [main] DEBUG net.serenitybdd.core.webdriver.driverproviders.ProvideNewDriver - Instantiating driver
10:48:49.259 [main] DEBUG net.serenitybdd.core.webdriver.driverproviders.ProvideNewDriver - Driver capabilities: Capabilities {acceptInsecureCerts: false, base.url: https://hospital-management..., browserName: chrome, chrome.driver: src/test/resources/webdrive..., driver: chrome, goog:chromeOptions: {args: [], extensions: []}}
10:48:49.846 [AsyncHttpClient-1-3] DEBUG org.asynchttpclient.netty.channel.NettyConnectListener - Using new Channel '[id: 0x3a84259b, L:/127.0.0.1:58068 - R:localhost/127.0.0.1:49511]' for 'POST' to '/session'
10:48:51.569 [AsyncHttpClient-1-3] DEBUG org.asynchttpclient.netty.handler.HttpHandler - 

Request DefaultHttpRequest(decodeResult: success, version: HTTP/1.1)
POST /session HTTP/1.1
User-Agent: selenium/4.1.2 (java windows)
Content-Length: 621
Content-Type: application/json; charset=utf-8
host: localhost:49511
accept: */*

Response DefaultHttpResponse(decodeResult: success, version: HTTP/1.1)
HTTP/1.1 200 OK
Content-Type: application/json; charset=utf-8
cache-control: no-cache
content-length: 789

10:48:51.570 [AsyncHttpClient-1-3] DEBUG org.asynchttpclient.netty.channel.ChannelManager - Adding key: http://localhost:49511 for channel [id: 0x3a84259b, L:/127.0.0.1:58068 - R:localhost/127.0.0.1:49511]
10:48:51.583 [AsyncHttpClient-1-4] DEBUG org.asynchttpclient.netty.channel.NettyConnectListener - Using new Channel '[id: 0x57057e39, L:/127.0.0.1:58074 - R:localhost/127.0.0.1:58069]' for 'GET' to '/json/version'
10:48:51.584 [AsyncHttpClient-1-4] DEBUG org.asynchttpclient.netty.handler.HttpHandler - 

Request DefaultFullHttpRequest(decodeResult: success, version: HTTP/1.1, content: EmptyByteBufBE)
GET /json/version HTTP/1.1
User-Agent: selenium/4.1.2 (java windows)
host: localhost:58069
accept: */*

Response DefaultHttpResponse(decodeResult: success, version: HTTP/1.1)
HTTP/1.1 200 OK
Content-Type: application/json; charset=UTF-8
content-length: 427

10:48:51.584 [AsyncHttpClient-1-4] DEBUG org.asynchttpclient.netty.channel.ChannelManager - Adding key: http://localhost:58069 for channel [id: 0x57057e39, L:/127.0.0.1:58074 - R:localhost/127.0.0.1:58069]
10:48:51.586 [AsyncHttpClient-1-5] DEBUG org.asynchttpclient.netty.channel.NettyConnectListener - Using new Channel '[id: 0xc1a07caf, L:/127.0.0.1:58075 - R:localhost/127.0.0.1:58069]' for 'GET' to '/devtools/browser/1ae55e01-4ce7-42fd-95ab-9252b642cb89'
10:48:51.587 [AsyncHttpClient-1-5] DEBUG org.asynchttpclient.netty.handler.WebSocketHandler - 

Request DefaultFullHttpRequest(decodeResult: success, version: HTTP/1.1, content: EmptyByteBufBE)
GET /devtools/browser/1ae55e01-4ce7-42fd-95ab-9252b642cb89 HTTP/1.1
upgrade: websocket
connection: upgrade
sec-websocket-key: mGWzqRrnqeLunicjCYYDjQ==
sec-websocket-version: 13
origin: http://localhost:58069
host: localhost:58069
accept: */*
user-agent: AHC/2.1

Response DefaultHttpResponse(decodeResult: success, version: HTTP/1.1)
HTTP/1.1 101 WebSocket Protocol Handshake
Upgrade: WebSocket
Connection: Upgrade
Sec-WebSocket-Accept: ZxbY5SA2M7lJyVit0rM0DAl8mYQ=

10:48:51.590 [Forwarding maximizeCurrentWindow on session cfbf587bd82ff8a78b482a8587e4fe64 to remote] DEBUG org.asynchttpclient.netty.request.NettyRequestSender - Using pooled Channel '[id: 0x3a84259b, L:/127.0.0.1:58068 - R:localhost/127.0.0.1:49511]' for 'POST' to 'http://localhost:49511/session/cfbf587bd82ff8a78b482a8587e4fe64/window/maximize'
10:48:51.590 [Forwarding maximizeCurrentWindow on session cfbf587bd82ff8a78b482a8587e4fe64 to remote] DEBUG org.asynchttpclient.netty.request.NettyRequestSender - Using open Channel [id: 0x3a84259b, L:/127.0.0.1:58068 - R:localhost/127.0.0.1:49511] for POST '/session/cfbf587bd82ff8a78b482a8587e4fe64/window/maximize'
10:48:51.706 [AsyncHttpClient-1-3] DEBUG org.asynchttpclient.netty.handler.HttpHandler - 

Request DefaultHttpRequest(decodeResult: success, version: HTTP/1.1)
POST /session/cfbf587bd82ff8a78b482a8587e4fe64/window/maximize HTTP/1.1
User-Agent: selenium/4.1.2 (java windows)
Content-Length: 3
Content-Type: application/json; charset=utf-8
host: localhost:49511
accept: */*

Response DefaultHttpResponse(decodeResult: success, version: HTTP/1.1)
HTTP/1.1 200 OK
Content-Type: application/json; charset=utf-8
cache-control: no-cache
content-length: 51

10:48:51.718 [AsyncHttpClient-1-3] DEBUG org.asynchttpclient.netty.channel.ChannelManager - Adding key: http://localhost:49511 for channel [id: 0x3a84259b, L:/127.0.0.1:58068 - R:localhost/127.0.0.1:49511]
10:48:51.728 [Forwarding get on session cfbf587bd82ff8a78b482a8587e4fe64 to remote] DEBUG org.asynchttpclient.netty.request.NettyRequestSender - Using pooled Channel '[id: 0x3a84259b, L:/127.0.0.1:58068 - R:localhost/127.0.0.1:49511]' for 'POST' to 'http://localhost:49511/session/cfbf587bd82ff8a78b482a8587e4fe64/url'
10:48:51.729 [Forwarding get on session cfbf587bd82ff8a78b482a8587e4fe64 to remote] DEBUG org.asynchttpclient.netty.request.NettyRequestSender - Using open Channel [id: 0x3a84259b, L:/127.0.0.1:58068 - R:localhost/127.0.0.1:49511] for POST '/session/cfbf587bd82ff8a78b482a8587e4fe64/url'
10:48:52.472 [AsyncHttpClient-1-1] DEBUG org.asynchttpclient.netty.channel.DefaultChannelPool - Entry count for : http://localhost:58069 : 1
10:48:53.563 [AsyncHttpClient-1-1] DEBUG org.asynchttpclient.netty.channel.DefaultChannelPool - Entry count for : http://localhost:58069 : 1
10:48:54.664 [AsyncHttpClient-1-1] DEBUG org.asynchttpclient.netty.channel.DefaultChannelPool - Entry count for : http://localhost:58069 : 1
10:48:54.891 [AsyncHttpClient-1-3] DEBUG org.asynchttpclient.netty.handler.HttpHandler - 

Request DefaultHttpRequest(decodeResult: success, version: HTTP/1.1)
POST /session/cfbf587bd82ff8a78b482a8587e4fe64/url HTTP/1.1
User-Agent: selenium/4.1.2 (java windows)
Content-Length: 65
Content-Type: application/json; charset=utf-8
host: localhost:49511
accept: */*

Response DefaultHttpResponse(decodeResult: success, version: HTTP/1.1)
HTTP/1.1 200 OK
Content-Type: application/json; charset=utf-8
cache-control: no-cache
content-length: 14

10:48:54.892 [AsyncHttpClient-1-3] DEBUG org.asynchttpclient.netty.channel.ChannelManager - Adding key: http://localhost:49511 for channel [id: 0x3a84259b, L:/127.0.0.1:58068 - R:localhost/127.0.0.1:49511]
10:48:54.893 [Forwarding setTimeout on session cfbf587bd82ff8a78b482a8587e4fe64 to remote] DEBUG org.asynchttpclient.netty.request.NettyRequestSender - Using pooled Channel '[id: 0x3a84259b, L:/127.0.0.1:58068 - R:localhost/127.0.0.1:49511]' for 'POST' to 'http://localhost:49511/session/cfbf587bd82ff8a78b482a8587e4fe64/timeouts'
10:48:54.893 [Forwarding setTimeout on session cfbf587bd82ff8a78b482a8587e4fe64 to remote] DEBUG org.asynchttpclient.netty.request.NettyRequestSender - Using open Channel [id: 0x3a84259b, L:/127.0.0.1:58068 - R:localhost/127.0.0.1:49511] for POST '/session/cfbf587bd82ff8a78b482a8587e4fe64/timeouts'
10:48:54.895 [AsyncHttpClient-1-3] DEBUG org.asynchttpclient.netty.handler.HttpHandler - 

Request DefaultHttpRequest(decodeResult: success, version: HTTP/1.1)
POST /session/cfbf587bd82ff8a78b482a8587e4fe64/timeouts HTTP/1.1
User-Agent: selenium/4.1.2 (java windows)
Content-Length: 22
Content-Type: application/json; charset=utf-8
host: localhost:49511
accept: */*

Response DefaultHttpResponse(decodeResult: success, version: HTTP/1.1)
HTTP/1.1 200 OK
Content-Type: application/json; charset=utf-8
cache-control: no-cache
content-length: 14

10:48:54.895 [AsyncHttpClient-1-3] DEBUG org.asynchttpclient.netty.channel.ChannelManager - Adding key: http://localhost:49511 for channel [id: 0x3a84259b, L:/127.0.0.1:58068 - R:localhost/127.0.0.1:49511]
10:48:54.903 [Forwarding getCurrentUrl on session cfbf587bd82ff8a78b482a8587e4fe64 to remote] DEBUG org.asynchttpclient.netty.request.NettyRequestSender - Using pooled Channel '[id: 0x3a84259b, L:/127.0.0.1:58068 - R:localhost/127.0.0.1:49511]' for 'GET' to 'http://localhost:49511/session/cfbf587bd82ff8a78b482a8587e4fe64/url'
10:48:54.903 [Forwarding getCurrentUrl on session cfbf587bd82ff8a78b482a8587e4fe64 to remote] DEBUG org.asynchttpclient.netty.request.NettyRequestSender - Using open Channel [id: 0x3a84259b, L:/127.0.0.1:58068 - R:localhost/127.0.0.1:49511] for GET '/session/cfbf587bd82ff8a78b482a8587e4fe64/url'
10:48:55.072 [AsyncHttpClient-1-3] DEBUG org.asynchttpclient.netty.handler.HttpHandler - 

Request DefaultFullHttpRequest(decodeResult: success, version: HTTP/1.1, content: EmptyByteBufBE)
GET /session/cfbf587bd82ff8a78b482a8587e4fe64/url HTTP/1.1
User-Agent: selenium/4.1.2 (java windows)
Cache-Control: no-cache
Content-Type: application/json; charset=utf-8
host: localhost:49511
accept: */*

Response DefaultHttpResponse(decodeResult: success, version: HTTP/1.1)
HTTP/1.1 200 OK
Content-Type: application/json; charset=utf-8
cache-control: no-cache
content-length: 53

10:48:55.072 [AsyncHttpClient-1-3] DEBUG org.asynchttpclient.netty.channel.ChannelManager - Adding key: http://localhost:49511 for channel [id: 0x3a84259b, L:/127.0.0.1:58068 - R:localhost/127.0.0.1:49511]
10:48:55.078 [Forwarding getCurrentUrl on session cfbf587bd82ff8a78b482a8587e4fe64 to remote] DEBUG org.asynchttpclient.netty.request.NettyRequestSender - Using pooled Channel '[id: 0x3a84259b, L:/127.0.0.1:58068 - R:localhost/127.0.0.1:49511]' for 'GET' to 'http://localhost:49511/session/cfbf587bd82ff8a78b482a8587e4fe64/url'
10:48:55.078 [Forwarding getCurrentUrl on session cfbf587bd82ff8a78b482a8587e4fe64 to remote] DEBUG org.asynchttpclient.netty.request.NettyRequestSender - Using open Channel [id: 0x3a84259b, L:/127.0.0.1:58068 - R:localhost/127.0.0.1:49511] for GET '/session/cfbf587bd82ff8a78b482a8587e4fe64/url'
10:48:55.083 [AsyncHttpClient-1-3] DEBUG org.asynchttpclient.netty.handler.HttpHandler - 

Request DefaultFullHttpRequest(decodeResult: success, version: HTTP/1.1, content: EmptyByteBufBE)
GET /session/cfbf587bd82ff8a78b482a8587e4fe64/url HTTP/1.1
User-Agent: selenium/4.1.2 (java windows)
Cache-Control: no-cache
Content-Type: application/json; charset=utf-8
host: localhost:49511
accept: */*

Response DefaultHttpResponse(decodeResult: success, version: HTTP/1.1)
HTTP/1.1 200 OK
Content-Type: application/json; charset=utf-8
cache-control: no-cache
content-length: 53

10:48:55.084 [AsyncHttpClient-1-3] DEBUG org.asynchttpclient.netty.channel.ChannelManager - Adding key: http://localhost:49511 for channel [id: 0x3a84259b, L:/127.0.0.1:58068 - R:localhost/127.0.0.1:49511]
10:48:55.092 [Forwarding screenshot on session cfbf587bd82ff8a78b482a8587e4fe64 to remote] DEBUG org.asynchttpclient.netty.request.NettyRequestSender - Using pooled Channel '[id: 0x3a84259b, L:/127.0.0.1:58068 - R:localhost/127.0.0.1:49511]' for 'GET' to 'http://localhost:49511/session/cfbf587bd82ff8a78b482a8587e4fe64/screenshot'
10:48:55.092 [Forwarding screenshot on session cfbf587bd82ff8a78b482a8587e4fe64 to remote] DEBUG org.asynchttpclient.netty.request.NettyRequestSender - Using open Channel [id: 0x3a84259b, L:/127.0.0.1:58068 - R:localhost/127.0.0.1:49511] for GET '/session/cfbf587bd82ff8a78b482a8587e4fe64/screenshot'
10:48:55.472 [AsyncHttpClient-1-3] DEBUG org.asynchttpclient.netty.handler.HttpHandler - 

Request DefaultFullHttpRequest(decodeResult: success, version: HTTP/1.1, content: EmptyByteBufBE)
GET /session/cfbf587bd82ff8a78b482a8587e4fe64/screenshot HTTP/1.1
User-Agent: selenium/4.1.2 (java windows)
Cache-Control: no-cache
Content-Type: application/json; charset=utf-8
host: localhost:49511
accept: */*

Response DefaultHttpResponse(decodeResult: success, version: HTTP/1.1)
HTTP/1.1 200 OK
Content-Type: application/json; charset=utf-8
cache-control: no-cache
content-length: 382596

10:48:55.475 [AsyncHttpClient-1-3] DEBUG org.asynchttpclient.netty.channel.ChannelManager - Adding key: http://localhost:49511 for channel [id: 0x3a84259b, L:/127.0.0.1:58068 - R:localhost/127.0.0.1:49511]
10:48:55.538 [main] DEBUG net.serenitybdd.core.photography.Darkroom - Send negative for processing for target\site\serenity\ed15a54c91c342d96a850276df7b559f4526b370fc93040e3c407a48a170f368.png
10:48:55.538 [main] DEBUG net.thucydides.core.steps.StepInterceptor - STEP DONE: openUrl
10:48:55.545 [main] DEBUG net.thucydides.core.steps.StepInterceptor - STARTING STEP: DashboardSteps.iAmOnTheDashboardPage - validateOnDashboardPage
10:48:55.547 [Forwarding findElement on session cfbf587bd82ff8a78b482a8587e4fe64 to remote] DEBUG org.asynchttpclient.netty.request.NettyRequestSender - Using pooled Channel '[id: 0x3a84259b, L:/127.0.0.1:58068 - R:localhost/127.0.0.1:49511]' for 'POST' to 'http://localhost:49511/session/cfbf587bd82ff8a78b482a8587e4fe64/element'
10:48:55.547 [Forwarding findElement on session cfbf587bd82ff8a78b482a8587e4fe64 to remote] DEBUG org.asynchttpclient.netty.request.NettyRequestSender - Using open Channel [id: 0x3a84259b, L:/127.0.0.1:58068 - R:localhost/127.0.0.1:49511] for POST '/session/cfbf587bd82ff8a78b482a8587e4fe64/element'
10:48:55.562 [AsyncHttpClient-1-3] DEBUG org.asynchttpclient.netty.handler.HttpHandler - 

Request DefaultHttpRequest(decodeResult: success, version: HTTP/1.1)
POST /session/cfbf587bd82ff8a78b482a8587e4fe64/element HTTP/1.1
User-Agent: selenium/4.1.2 (java windows)
Content-Length: 81
Content-Type: application/json; charset=utf-8
host: localhost:49511
accept: */*

Response DefaultHttpResponse(decodeResult: success, version: HTTP/1.1)
HTTP/1.1 200 OK
Content-Type: application/json; charset=utf-8
cache-control: no-cache
content-length: 88

10:48:55.562 [AsyncHttpClient-1-3] DEBUG org.asynchttpclient.netty.channel.ChannelManager - Adding key: http://localhost:49511 for channel [id: 0x3a84259b, L:/127.0.0.1:58068 - R:localhost/127.0.0.1:49511]
10:48:55.567 [Forwarding isElementDisplayed on session cfbf587bd82ff8a78b482a8587e4fe64 to remote] DEBUG org.asynchttpclient.netty.request.NettyRequestSender - Using pooled Channel '[id: 0x3a84259b, L:/127.0.0.1:58068 - R:localhost/127.0.0.1:49511]' for 'POST' to 'http://localhost:49511/session/cfbf587bd82ff8a78b482a8587e4fe64/execute/sync'
10:48:55.567 [Forwarding isElementDisplayed on session cfbf587bd82ff8a78b482a8587e4fe64 to remote] DEBUG org.asynchttpclient.netty.request.NettyRequestSender - Using open Channel [id: 0x3a84259b, L:/127.0.0.1:58068 - R:localhost/127.0.0.1:49511] for POST '/session/cfbf587bd82ff8a78b482a8587e4fe64/execute/sync'
10:48:55.585 [AsyncHttpClient-1-3] DEBUG org.asynchttpclient.netty.handler.HttpHandler - 

Request DefaultHttpRequest(decodeResult: success, version: HTTP/1.1)
POST /session/cfbf587bd82ff8a78b482a8587e4fe64/execute/sync HTTP/1.1
User-Agent: selenium/4.1.2 (java windows)
Content-Length: 48780
Content-Type: application/json; charset=utf-8
host: localhost:49511
accept: */*

Response DefaultHttpResponse(decodeResult: success, version: HTTP/1.1)
HTTP/1.1 200 OK
Content-Type: application/json; charset=utf-8
cache-control: no-cache
content-length: 14

10:48:55.585 [AsyncHttpClient-1-3] DEBUG org.asynchttpclient.netty.channel.ChannelManager - Adding key: http://localhost:49511 for channel [id: 0x3a84259b, L:/127.0.0.1:58068 - R:localhost/127.0.0.1:49511]
10:48:55.590 [Forwarding screenshot on session cfbf587bd82ff8a78b482a8587e4fe64 to remote] DEBUG org.asynchttpclient.netty.request.NettyRequestSender - Using pooled Channel '[id: 0x3a84259b, L:/127.0.0.1:58068 - R:localhost/127.0.0.1:49511]' for 'GET' to 'http://localhost:49511/session/cfbf587bd82ff8a78b482a8587e4fe64/screenshot'
10:48:55.590 [Forwarding screenshot on session cfbf587bd82ff8a78b482a8587e4fe64 to remote] DEBUG org.asynchttpclient.netty.request.NettyRequestSender - Using open Channel [id: 0x3a84259b, L:/127.0.0.1:58068 - R:localhost/127.0.0.1:49511] for GET '/session/cfbf587bd82ff8a78b482a8587e4fe64/screenshot'
10:48:55.764 [AsyncHttpClient-1-1] DEBUG org.asynchttpclient.netty.channel.DefaultChannelPool - Entry count for : http://localhost:58069 : 1
10:48:55.870 [AsyncHttpClient-1-3] DEBUG org.asynchttpclient.netty.handler.HttpHandler - 

Request DefaultFullHttpRequest(decodeResult: success, version: HTTP/1.1, content: EmptyByteBufBE)
GET /session/cfbf587bd82ff8a78b482a8587e4fe64/screenshot HTTP/1.1
User-Agent: selenium/4.1.2 (java windows)
Cache-Control: no-cache
Content-Type: application/json; charset=utf-8
host: localhost:49511
accept: */*

Response DefaultHttpResponse(decodeResult: success, version: HTTP/1.1)
HTTP/1.1 200 OK
Content-Type: application/json; charset=utf-8
cache-control: no-cache
content-length: 382596

10:48:55.872 [AsyncHttpClient-1-3] DEBUG org.asynchttpclient.netty.channel.ChannelManager - Adding key: http://localhost:49511 for channel [id: 0x3a84259b, L:/127.0.0.1:58068 - R:localhost/127.0.0.1:49511]
10:48:55.893 [main] DEBUG net.serenitybdd.core.photography.Darkroom - Send negative for processing for target\site\serenity\ed15a54c91c342d96a850276df7b559f4526b370fc93040e3c407a48a170f368.png
10:48:55.894 [main] DEBUG net.thucydides.core.steps.StepInterceptor - STEP DONE: validateOnDashboardPage
  &amp#27;[32mGiven &amp#27;[0m&amp#27;[32mI am on the dashboard page&amp#27;[0m                                  &amp#27;[90m# starter.stepdefinitions.DashboardSteps.iAmOnTheDashboardPage()&amp#27;[0m
10:48:55.930 [main] DEBUG net.thucydides.core.steps.StepInterceptor - STARTING STEP: DoctorSteps.iClickMenuDoctor - clickMenuDoctorButton
10:48:55.935 [Forwarding findElement on session cfbf587bd82ff8a78b482a8587e4fe64 to remote] DEBUG org.asynchttpclient.netty.request.NettyRequestSender - Using pooled Channel '[id: 0x3a84259b, L:/127.0.0.1:58068 - R:localhost/127.0.0.1:49511]' for 'POST' to 'http://localhost:49511/session/cfbf587bd82ff8a78b482a8587e4fe64/element'
10:48:55.935 [Forwarding findElement on session cfbf587bd82ff8a78b482a8587e4fe64 to remote] DEBUG org.asynchttpclient.netty.request.NettyRequestSender - Using open Channel [id: 0x3a84259b, L:/127.0.0.1:58068 - R:localhost/127.0.0.1:49511] for POST '/session/cfbf587bd82ff8a78b482a8587e4fe64/element'
10:48:55.956 [AsyncHttpClient-1-3] DEBUG org.asynchttpclient.netty.handler.HttpHandler - 

Request DefaultHttpRequest(decodeResult: success, version: HTTP/1.1)
POST /session/cfbf587bd82ff8a78b482a8587e4fe64/element HTTP/1.1
User-Agent: selenium/4.1.2 (java windows)
Content-Length: 79
Content-Type: application/json; charset=utf-8
host: localhost:49511
accept: */*

Response DefaultHttpResponse(decodeResult: success, version: HTTP/1.1)
HTTP/1.1 200 OK
Content-Type: application/json; charset=utf-8
cache-control: no-cache
content-length: 88

10:48:55.956 [AsyncHttpClient-1-3] DEBUG org.asynchttpclient.netty.channel.ChannelManager - Adding key: http://localhost:49511 for channel [id: 0x3a84259b, L:/127.0.0.1:58068 - R:localhost/127.0.0.1:49511]
10:48:55.957 [Forwarding getElementTagName on session cfbf587bd82ff8a78b482a8587e4fe64 to remote] DEBUG org.asynchttpclient.netty.request.NettyRequestSender - Using pooled Channel '[id: 0x3a84259b, L:/127.0.0.1:58068 - R:localhost/127.0.0.1:49511]' for 'GET' to 'http://localhost:49511/session/cfbf587bd82ff8a78b482a8587e4fe64/element/9df66e29-e4b6-469d-b2de-cae632503a07/name'
10:48:55.957 [Forwarding getElementTagName on session cfbf587bd82ff8a78b482a8587e4fe64 to remote] DEBUG org.asynchttpclient.netty.request.NettyRequestSender - Using open Channel [id: 0x3a84259b, L:/127.0.0.1:58068 - R:localhost/127.0.0.1:49511] for GET '/session/cfbf587bd82ff8a78b482a8587e4fe64/element/9df66e29-e4b6-469d-b2de-cae632503a07/name'
10:48:55.964 [AsyncHttpClient-1-3] DEBUG org.asynchttpclient.netty.handler.HttpHandler - 

Request DefaultFullHttpRequest(decodeResult: success, version: HTTP/1.1, content: EmptyByteBufBE)
GET /session/cfbf587bd82ff8a78b482a8587e4fe64/element/9df66e29-e4b6-469d-b2de-cae632503a07/name HTTP/1.1
User-Agent: selenium/4.1.2 (java windows)
Cache-Control: no-cache
Content-Type: application/json; charset=utf-8
host: localhost:49511
accept: */*

Response DefaultHttpResponse(decodeResult: success, version: HTTP/1.1)
HTTP/1.1 200 OK
Content-Type: application/json; charset=utf-8
cache-control: no-cache
content-length: 15

10:48:55.964 [AsyncHttpClient-1-3] DEBUG org.asynchttpclient.netty.channel.ChannelManager - Adding key: http://localhost:49511 for channel [id: 0x3a84259b, L:/127.0.0.1:58068 - R:localhost/127.0.0.1:49511]
10:48:55.965 [Forwarding getElementTagName on session cfbf587bd82ff8a78b482a8587e4fe64 to remote] DEBUG org.asynchttpclient.netty.request.NettyRequestSender - Using pooled Channel '[id: 0x3a84259b, L:/127.0.0.1:58068 - R:localhost/127.0.0.1:49511]' for 'GET' to 'http://localhost:49511/session/cfbf587bd82ff8a78b482a8587e4fe64/element/9df66e29-e4b6-469d-b2de-cae632503a07/name'
10:48:55.965 [Forwarding getElementTagName on session cfbf587bd82ff8a78b482a8587e4fe64 to remote] DEBUG org.asynchttpclient.netty.request.NettyRequestSender - Using open Channel [id: 0x3a84259b, L:/127.0.0.1:58068 - R:localhost/127.0.0.1:49511] for GET '/session/cfbf587bd82ff8a78b482a8587e4fe64/element/9df66e29-e4b6-469d-b2de-cae632503a07/name'
10:48:55.970 [AsyncHttpClient-1-3] DEBUG org.asynchttpclient.netty.handler.HttpHandler - 

Request DefaultFullHttpRequest(decodeResult: success, version: HTTP/1.1, content: EmptyByteBufBE)
GET /session/cfbf587bd82ff8a78b482a8587e4fe64/element/9df66e29-e4b6-469d-b2de-cae632503a07/name HTTP/1.1
User-Agent: selenium/4.1.2 (java windows)
Cache-Control: no-cache
Content-Type: application/json; charset=utf-8
host: localhost:49511
accept: */*

Response DefaultHttpResponse(decodeResult: success, version: HTTP/1.1)
HTTP/1.1 200 OK
Content-Type: application/json; charset=utf-8
cache-control: no-cache
content-length: 15

10:48:55.970 [AsyncHttpClient-1-3] DEBUG org.asynchttpclient.netty.channel.ChannelManager - Adding key: http://localhost:49511 for channel [id: 0x3a84259b, L:/127.0.0.1:58068 - R:localhost/127.0.0.1:49511]
10:48:55.973 [Forwarding findElement on session cfbf587bd82ff8a78b482a8587e4fe64 to remote] DEBUG org.asynchttpclient.netty.request.NettyRequestSender - Using pooled Channel '[id: 0x3a84259b, L:/127.0.0.1:58068 - R:localhost/127.0.0.1:49511]' for 'POST' to 'http://localhost:49511/session/cfbf587bd82ff8a78b482a8587e4fe64/element'
10:48:55.973 [Forwarding findElement on session cfbf587bd82ff8a78b482a8587e4fe64 to remote] DEBUG org.asynchttpclient.netty.request.NettyRequestSender - Using open Channel [id: 0x3a84259b, L:/127.0.0.1:58068 - R:localhost/127.0.0.1:49511] for POST '/session/cfbf587bd82ff8a78b482a8587e4fe64/element'
10:48:55.981 [AsyncHttpClient-1-3] DEBUG org.asynchttpclient.netty.handler.HttpHandler - 

Request DefaultHttpRequest(decodeResult: success, version: HTTP/1.1)
POST /session/cfbf587bd82ff8a78b482a8587e4fe64/element HTTP/1.1
User-Agent: selenium/4.1.2 (java windows)
Content-Length: 79
Content-Type: application/json; charset=utf-8
host: localhost:49511
accept: */*

Response DefaultHttpResponse(decodeResult: success, version: HTTP/1.1)
HTTP/1.1 200 OK
Content-Type: application/json; charset=utf-8
cache-control: no-cache
content-length: 88

10:48:55.981 [AsyncHttpClient-1-3] DEBUG org.asynchttpclient.netty.channel.ChannelManager - Adding key: http://localhost:49511 for channel [id: 0x3a84259b, L:/127.0.0.1:58068 - R:localhost/127.0.0.1:49511]
10:48:55.982 [Forwarding clickElement on session cfbf587bd82ff8a78b482a8587e4fe64 to remote] DEBUG org.asynchttpclient.netty.request.NettyRequestSender - Using pooled Channel '[id: 0x3a84259b, L:/127.0.0.1:58068 - R:localhost/127.0.0.1:49511]' for 'POST' to 'http://localhost:49511/session/cfbf587bd82ff8a78b482a8587e4fe64/element/9df66e29-e4b6-469d-b2de-cae632503a07/click'
10:48:55.982 [Forwarding clickElement on session cfbf587bd82ff8a78b482a8587e4fe64 to remote] DEBUG org.asynchttpclient.netty.request.NettyRequestSender - Using open Channel [id: 0x3a84259b, L:/127.0.0.1:58068 - R:localhost/127.0.0.1:49511] for POST '/session/cfbf587bd82ff8a78b482a8587e4fe64/element/9df66e29-e4b6-469d-b2de-cae632503a07/click'
10:48:56.164 [AsyncHttpClient-1-3] DEBUG org.asynchttpclient.netty.handler.HttpHandler - 

Request DefaultHttpRequest(decodeResult: success, version: HTTP/1.1)
POST /session/cfbf587bd82ff8a78b482a8587e4fe64/element/9df66e29-e4b6-469d-b2de-cae632503a07/click HTTP/1.1
User-Agent: selenium/4.1.2 (java windows)
Content-Length: 50
Content-Type: application/json; charset=utf-8
host: localhost:49511
accept: */*

Response DefaultHttpResponse(decodeResult: success, version: HTTP/1.1)
HTTP/1.1 200 OK
Content-Type: application/json; charset=utf-8
cache-control: no-cache
content-length: 14

10:48:56.164 [AsyncHttpClient-1-3] DEBUG org.asynchttpclient.netty.channel.ChannelManager - Adding key: http://localhost:49511 for channel [id: 0x3a84259b, L:/127.0.0.1:58068 - R:localhost/127.0.0.1:49511]
10:48:56.170 [Forwarding screenshot on session cfbf587bd82ff8a78b482a8587e4fe64 to remote] DEBUG org.asynchttpclient.netty.request.NettyRequestSender - Using pooled Channel '[id: 0x3a84259b, L:/127.0.0.1:58068 - R:localhost/127.0.0.1:49511]' for 'GET' to 'http://localhost:49511/session/cfbf587bd82ff8a78b482a8587e4fe64/screenshot'
10:48:56.170 [Forwarding screenshot on session cfbf587bd82ff8a78b482a8587e4fe64 to remote] DEBUG org.asynchttpclient.netty.request.NettyRequestSender - Using open Channel [id: 0x3a84259b, L:/127.0.0.1:58068 - R:localhost/127.0.0.1:49511] for GET '/session/cfbf587bd82ff8a78b482a8587e4fe64/screenshot'
10:48:56.276 [AsyncHttpClient-1-3] DEBUG org.asynchttpclient.netty.handler.HttpHandler - 

Request DefaultFullHttpRequest(decodeResult: success, version: HTTP/1.1, content: EmptyByteBufBE)
GET /session/cfbf587bd82ff8a78b482a8587e4fe64/screenshot HTTP/1.1
User-Agent: selenium/4.1.2 (java windows)
Cache-Control: no-cache
Content-Type: application/json; charset=utf-8
host: localhost:49511
accept: */*

Response DefaultHttpResponse(decodeResult: success, version: HTTP/1.1)
HTTP/1.1 200 OK
Content-Type: application/json; charset=utf-8
cache-control: no-cache
content-length: 56192

10:48:56.276 [AsyncHttpClient-1-3] DEBUG org.asynchttpclient.netty.channel.ChannelManager - Adding key: http://localhost:49511 for channel [id: 0x3a84259b, L:/127.0.0.1:58068 - R:localhost/127.0.0.1:49511]
10:48:56.279 [main] DEBUG net.serenitybdd.core.photography.Darkroom - Send negative for processing for target\site\serenity\d631e005c1ab8c2ae9496eb0000819a309562887f5f0fc5c3b73065dfab87bed.png
10:48:56.279 [main] DEBUG net.thucydides.core.steps.StepInterceptor - STEP DONE: clickMenuDoctorButton
  &amp#27;[32mAnd &amp#27;[0m&amp#27;[32mI click menu doctor&amp#27;[0m                                           &amp#27;[90m# starter.stepdefinitions.DoctorSteps.iClickMenuDoctor()&amp#27;[0m
10:48:56.293 [main] DEBUG net.thucydides.core.steps.StepInterceptor - STARTING STEP: DoctorSteps.iClickDoctorDepartmentFilterDropdown - clickFilterDropdown
10:48:56.296 [Forwarding findElement on session cfbf587bd82ff8a78b482a8587e4fe64 to remote] DEBUG org.asynchttpclient.netty.request.NettyRequestSender - Using pooled Channel '[id: 0x3a84259b, L:/127.0.0.1:58068 - R:localhost/127.0.0.1:49511]' for 'POST' to 'http://localhost:49511/session/cfbf587bd82ff8a78b482a8587e4fe64/element'
10:48:56.296 [Forwarding findElement on session cfbf587bd82ff8a78b482a8587e4fe64 to remote] DEBUG org.asynchttpclient.netty.request.NettyRequestSender - Using open Channel [id: 0x3a84259b, L:/127.0.0.1:58068 - R:localhost/127.0.0.1:49511] for POST '/session/cfbf587bd82ff8a78b482a8587e4fe64/element'
10:48:56.318 [AsyncHttpClient-1-3] DEBUG org.asynchttpclient.netty.handler.HttpHandler - 

Request DefaultHttpRequest(decodeResult: success, version: HTTP/1.1)
POST /session/cfbf587bd82ff8a78b482a8587e4fe64/element HTTP/1.1
User-Agent: selenium/4.1.2 (java windows)
Content-Length: 146
Content-Type: application/json; charset=utf-8
host: localhost:49511
accept: */*

Response DefaultHttpResponse(decodeResult: success, version: HTTP/1.1)
HTTP/1.1 200 OK
Content-Type: application/json; charset=utf-8
cache-control: no-cache
content-length: 88

10:48:56.318 [AsyncHttpClient-1-3] DEBUG org.asynchttpclient.netty.channel.ChannelManager - Adding key: http://localhost:49511 for channel [id: 0x3a84259b, L:/127.0.0.1:58068 - R:localhost/127.0.0.1:49511]
10:48:56.319 [Forwarding getElementTagName on session cfbf587bd82ff8a78b482a8587e4fe64 to remote] DEBUG org.asynchttpclient.netty.request.NettyRequestSender - Using pooled Channel '[id: 0x3a84259b, L:/127.0.0.1:58068 - R:localhost/127.0.0.1:49511]' for 'GET' to 'http://localhost:49511/session/cfbf587bd82ff8a78b482a8587e4fe64/element/0c85c1dd-f924-40be-9369-2a0c9684baf4/name'
10:48:56.319 [Forwarding getElementTagName on session cfbf587bd82ff8a78b482a8587e4fe64 to remote] DEBUG org.asynchttpclient.netty.request.NettyRequestSender - Using open Channel [id: 0x3a84259b, L:/127.0.0.1:58068 - R:localhost/127.0.0.1:49511] for GET '/session/cfbf587bd82ff8a78b482a8587e4fe64/element/0c85c1dd-f924-40be-9369-2a0c9684baf4/name'
10:48:56.326 [AsyncHttpClient-1-3] DEBUG org.asynchttpclient.netty.handler.HttpHandler - 

Request DefaultFullHttpRequest(decodeResult: success, version: HTTP/1.1, content: EmptyByteBufBE)
GET /session/cfbf587bd82ff8a78b482a8587e4fe64/element/0c85c1dd-f924-40be-9369-2a0c9684baf4/name HTTP/1.1
User-Agent: selenium/4.1.2 (java windows)
Cache-Control: no-cache
Content-Type: application/json; charset=utf-8
host: localhost:49511
accept: */*

Response DefaultHttpResponse(decodeResult: success, version: HTTP/1.1)
HTTP/1.1 200 OK
Content-Type: application/json; charset=utf-8
cache-control: no-cache
content-length: 15

10:48:56.326 [AsyncHttpClient-1-3] DEBUG org.asynchttpclient.netty.channel.ChannelManager - Adding key: http://localhost:49511 for channel [id: 0x3a84259b, L:/127.0.0.1:58068 - R:localhost/127.0.0.1:49511]
10:48:56.328 [Forwarding getElementTagName on session cfbf587bd82ff8a78b482a8587e4fe64 to remote] DEBUG org.asynchttpclient.netty.request.NettyRequestSender - Using pooled Channel '[id: 0x3a84259b, L:/127.0.0.1:58068 - R:localhost/127.0.0.1:49511]' for 'GET' to 'http://localhost:49511/session/cfbf587bd82ff8a78b482a8587e4fe64/element/0c85c1dd-f924-40be-9369-2a0c9684baf4/name'
10:48:56.328 [Forwarding getElementTagName on session cfbf587bd82ff8a78b482a8587e4fe64 to remote] DEBUG org.asynchttpclient.netty.request.NettyRequestSender - Using open Channel [id: 0x3a84259b, L:/127.0.0.1:58068 - R:localhost/127.0.0.1:49511] for GET '/session/cfbf587bd82ff8a78b482a8587e4fe64/element/0c85c1dd-f924-40be-9369-2a0c9684baf4/name'
10:48:56.332 [AsyncHttpClient-1-3] DEBUG org.asynchttpclient.netty.handler.HttpHandler - 

Request DefaultFullHttpRequest(decodeResult: success, version: HTTP/1.1, content: EmptyByteBufBE)
GET /session/cfbf587bd82ff8a78b482a8587e4fe64/element/0c85c1dd-f924-40be-9369-2a0c9684baf4/name HTTP/1.1
User-Agent: selenium/4.1.2 (java windows)
Cache-Control: no-cache
Content-Type: application/json; charset=utf-8
host: localhost:49511
accept: */*

Response DefaultHttpResponse(decodeResult: success, version: HTTP/1.1)
HTTP/1.1 200 OK
Content-Type: application/json; charset=utf-8
cache-control: no-cache
content-length: 15

10:48:56.332 [AsyncHttpClient-1-3] DEBUG org.asynchttpclient.netty.channel.ChannelManager - Adding key: http://localhost:49511 for channel [id: 0x3a84259b, L:/127.0.0.1:58068 - R:localhost/127.0.0.1:49511]
10:48:56.334 [Forwarding findElement on session cfbf587bd82ff8a78b482a8587e4fe64 to remote] DEBUG org.asynchttpclient.netty.request.NettyRequestSender - Using pooled Channel '[id: 0x3a84259b, L:/127.0.0.1:58068 - R:localhost/127.0.0.1:49511]' for 'POST' to 'http://localhost:49511/session/cfbf587bd82ff8a78b482a8587e4fe64/element'
10:48:56.334 [Forwarding findElement on session cfbf587bd82ff8a78b482a8587e4fe64 to remote] DEBUG org.asynchttpclient.netty.request.NettyRequestSender - Using open Channel [id: 0x3a84259b, L:/127.0.0.1:58068 - R:localhost/127.0.0.1:49511] for POST '/session/cfbf587bd82ff8a78b482a8587e4fe64/element'
10:48:56.343 [AsyncHttpClient-1-3] DEBUG org.asynchttpclient.netty.handler.HttpHandler - 

Request DefaultHttpRequest(decodeResult: success, version: HTTP/1.1)
POST /session/cfbf587bd82ff8a78b482a8587e4fe64/element HTTP/1.1
User-Agent: selenium/4.1.2 (java windows)
Content-Length: 146
Content-Type: application/json; charset=utf-8
host: localhost:49511
accept: */*

Response DefaultHttpResponse(decodeResult: success, version: HTTP/1.1)
HTTP/1.1 200 OK
Content-Type: application/json; charset=utf-8
cache-control: no-cache
content-length: 88

10:48:56.343 [AsyncHttpClient-1-3] DEBUG org.asynchttpclient.netty.channel.ChannelManager - Adding key: http://localhost:49511 for channel [id: 0x3a84259b, L:/127.0.0.1:58068 - R:localhost/127.0.0.1:49511]
10:48:56.345 [Forwarding clickElement on session cfbf587bd82ff8a78b482a8587e4fe64 to remote] DEBUG org.asynchttpclient.netty.request.NettyRequestSender - Using pooled Channel '[id: 0x3a84259b, L:/127.0.0.1:58068 - R:localhost/127.0.0.1:49511]' for 'POST' to 'http://localhost:49511/session/cfbf587bd82ff8a78b482a8587e4fe64/element/0c85c1dd-f924-40be-9369-2a0c9684baf4/click'
10:48:56.345 [Forwarding clickElement on session cfbf587bd82ff8a78b482a8587e4fe64 to remote] DEBUG org.asynchttpclient.netty.request.NettyRequestSender - Using open Channel [id: 0x3a84259b, L:/127.0.0.1:58068 - R:localhost/127.0.0.1:49511] for POST '/session/cfbf587bd82ff8a78b482a8587e4fe64/element/0c85c1dd-f924-40be-9369-2a0c9684baf4/click'
10:48:56.455 [AsyncHttpClient-1-3] DEBUG org.asynchttpclient.netty.handler.HttpHandler - 

Request DefaultHttpRequest(decodeResult: success, version: HTTP/1.1)
POST /session/cfbf587bd82ff8a78b482a8587e4fe64/element/0c85c1dd-f924-40be-9369-2a0c9684baf4/click HTTP/1.1
User-Agent: selenium/4.1.2 (java windows)
Content-Length: 50
Content-Type: application/json; charset=utf-8
host: localhost:49511
accept: */*

Response DefaultHttpResponse(decodeResult: success, version: HTTP/1.1)
HTTP/1.1 200 OK
Content-Type: application/json; charset=utf-8
cache-control: no-cache
content-length: 14

10:48:56.455 [AsyncHttpClient-1-3] DEBUG org.asynchttpclient.netty.channel.ChannelManager - Adding key: http://localhost:49511 for channel [id: 0x3a84259b, L:/127.0.0.1:58068 - R:localhost/127.0.0.1:49511]
10:48:56.465 [Forwarding screenshot on session cfbf587bd82ff8a78b482a8587e4fe64 to remote] DEBUG org.asynchttpclient.netty.request.NettyRequestSender - Using pooled Channel '[id: 0x3a84259b, L:/127.0.0.1:58068 - R:localhost/127.0.0.1:49511]' for 'GET' to 'http://localhost:49511/session/cfbf587bd82ff8a78b482a8587e4fe64/screenshot'
10:48:56.465 [Forwarding screenshot on session cfbf587bd82ff8a78b482a8587e4fe64 to remote] DEBUG org.asynchttpclient.netty.request.NettyRequestSender - Using open Channel [id: 0x3a84259b, L:/127.0.0.1:58068 - R:localhost/127.0.0.1:49511] for GET '/session/cfbf587bd82ff8a78b482a8587e4fe64/screenshot'
10:48:56.596 [AsyncHttpClient-1-3] DEBUG org.asynchttpclient.netty.handler.HttpHandler - 

Request DefaultFullHttpRequest(decodeResult: success, version: HTTP/1.1, content: EmptyByteBufBE)
GET /session/cfbf587bd82ff8a78b482a8587e4fe64/screenshot HTTP/1.1
User-Agent: selenium/4.1.2 (java windows)
Cache-Control: no-cache
Content-Type: application/json; charset=utf-8
host: localhost:49511
accept: */*

Response DefaultHttpResponse(decodeResult: success, version: HTTP/1.1)
HTTP/1.1 200 OK
Content-Type: application/json; charset=utf-8
cache-control: no-cache
content-length: 64936

10:48:56.596 [AsyncHttpClient-1-3] DEBUG org.asynchttpclient.netty.channel.ChannelManager - Adding key: http://localhost:49511 for channel [id: 0x3a84259b, L:/127.0.0.1:58068 - R:localhost/127.0.0.1:49511]
10:48:56.600 [main] DEBUG net.serenitybdd.core.photography.Darkroom - Send negative for processing for target\site\serenity\620bdc0f8e6bd041c0219fa908a61595b9c8bccfff7b69d5669b664ed52a8159.png
10:48:56.600 [main] DEBUG net.thucydides.core.steps.StepInterceptor - STEP DONE: clickFilterDropdown
  &amp#27;[32mWhen &amp#27;[0m&amp#27;[32mI click doctor department filter dropdown&amp#27;[0m                    &amp#27;[90m# starter.stepdefinitions.DoctorSteps.iClickDoctorDepartmentFilterDropdown()&amp#27;[0m
10:48:56.601 [Darkroom Processing Line] DEBUG net.serenitybdd.core.photography.DarkroomProcessingLine - Processing screenshot image in /var/screenshots/screenshot-3195421472677082813
10:48:56.601 [Darkroom Processing Line] DEBUG net.serenitybdd.core.photography.DarkroomProcessingLine - Saving screenshot to target\site\serenity\620bdc0f8e6bd041c0219fa908a61595b9c8bccfff7b69d5669b664ed52a8159.png
10:48:56.621 [main] DEBUG net.thucydides.core.steps.StepInterceptor - STARTING STEP: DoctorSteps.iClickPediatricMenu - clickPediatricMenu
10:48:56.624 [Forwarding findElement on session cfbf587bd82ff8a78b482a8587e4fe64 to remote] DEBUG org.asynchttpclient.netty.request.NettyRequestSender - Using pooled Channel '[id: 0x3a84259b, L:/127.0.0.1:58068 - R:localhost/127.0.0.1:49511]' for 'POST' to 'http://localhost:49511/session/cfbf587bd82ff8a78b482a8587e4fe64/element'
10:48:56.624 [Forwarding findElement on session cfbf587bd82ff8a78b482a8587e4fe64 to remote] DEBUG org.asynchttpclient.netty.request.NettyRequestSender - Using open Channel [id: 0x3a84259b, L:/127.0.0.1:58068 - R:localhost/127.0.0.1:49511] for POST '/session/cfbf587bd82ff8a78b482a8587e4fe64/element'
10:48:56.639 [AsyncHttpClient-1-3] DEBUG org.asynchttpclient.netty.handler.HttpHandler - 

Request DefaultHttpRequest(decodeResult: success, version: HTTP/1.1)
POST /session/cfbf587bd82ff8a78b482a8587e4fe64/element HTTP/1.1
User-Agent: selenium/4.1.2 (java windows)
Content-Length: 109
Content-Type: application/json; charset=utf-8
host: localhost:49511
accept: */*

Response DefaultHttpResponse(decodeResult: success, version: HTTP/1.1)
HTTP/1.1 200 OK
Content-Type: application/json; charset=utf-8
cache-control: no-cache
content-length: 88

10:48:56.640 [AsyncHttpClient-1-3] DEBUG org.asynchttpclient.netty.channel.ChannelManager - Adding key: http://localhost:49511 for channel [id: 0x3a84259b, L:/127.0.0.1:58068 - R:localhost/127.0.0.1:49511]
10:48:56.641 [Forwarding getElementTagName on session cfbf587bd82ff8a78b482a8587e4fe64 to remote] DEBUG org.asynchttpclient.netty.request.NettyRequestSender - Using pooled Channel '[id: 0x3a84259b, L:/127.0.0.1:58068 - R:localhost/127.0.0.1:49511]' for 'GET' to 'http://localhost:49511/session/cfbf587bd82ff8a78b482a8587e4fe64/element/6980487c-b785-40b3-8935-9a3f352005ee/name'
10:48:56.641 [Forwarding getElementTagName on session cfbf587bd82ff8a78b482a8587e4fe64 to remote] DEBUG org.asynchttpclient.netty.request.NettyRequestSender - Using open Channel [id: 0x3a84259b, L:/127.0.0.1:58068 - R:localhost/127.0.0.1:49511] for GET '/session/cfbf587bd82ff8a78b482a8587e4fe64/element/6980487c-b785-40b3-8935-9a3f352005ee/name'
10:48:56.645 [AsyncHttpClient-1-3] DEBUG org.asynchttpclient.netty.handler.HttpHandler - 

Request DefaultFullHttpRequest(decodeResult: success, version: HTTP/1.1, content: EmptyByteBufBE)
GET /session/cfbf587bd82ff8a78b482a8587e4fe64/element/6980487c-b785-40b3-8935-9a3f352005ee/name HTTP/1.1
User-Agent: selenium/4.1.2 (java windows)
Cache-Control: no-cache
Content-Type: application/json; charset=utf-8
host: localhost:49511
accept: */*

Response DefaultHttpResponse(decodeResult: success, version: HTTP/1.1)
HTTP/1.1 200 OK
Content-Type: application/json; charset=utf-8
cache-control: no-cache
content-length: 14

10:48:56.646 [AsyncHttpClient-1-3] DEBUG org.asynchttpclient.netty.channel.ChannelManager - Adding key: http://localhost:49511 for channel [id: 0x3a84259b, L:/127.0.0.1:58068 - R:localhost/127.0.0.1:49511]
10:48:56.647 [Forwarding getElementTagName on session cfbf587bd82ff8a78b482a8587e4fe64 to remote] DEBUG org.asynchttpclient.netty.request.NettyRequestSender - Using pooled Channel '[id: 0x3a84259b, L:/127.0.0.1:58068 - R:localhost/127.0.0.1:49511]' for 'GET' to 'http://localhost:49511/session/cfbf587bd82ff8a78b482a8587e4fe64/element/6980487c-b785-40b3-8935-9a3f352005ee/name'
10:48:56.647 [Forwarding getElementTagName on session cfbf587bd82ff8a78b482a8587e4fe64 to remote] DEBUG org.asynchttpclient.netty.request.NettyRequestSender - Using open Channel [id: 0x3a84259b, L:/127.0.0.1:58068 - R:localhost/127.0.0.1:49511] for GET '/session/cfbf587bd82ff8a78b482a8587e4fe64/element/6980487c-b785-40b3-8935-9a3f352005ee/name'
10:48:56.651 [AsyncHttpClient-1-3] DEBUG org.asynchttpclient.netty.handler.HttpHandler - 

Request DefaultFullHttpRequest(decodeResult: success, version: HTTP/1.1, content: EmptyByteBufBE)
GET /session/cfbf587bd82ff8a78b482a8587e4fe64/element/6980487c-b785-40b3-8935-9a3f352005ee/name HTTP/1.1
User-Agent: selenium/4.1.2 (java windows)
Cache-Control: no-cache
Content-Type: application/json; charset=utf-8
host: localhost:49511
accept: */*

Response DefaultHttpResponse(decodeResult: success, version: HTTP/1.1)
HTTP/1.1 200 OK
Content-Type: application/json; charset=utf-8
cache-control: no-cache
content-length: 14

10:48:56.651 [AsyncHttpClient-1-3] DEBUG org.asynchttpclient.netty.channel.ChannelManager - Adding key: http://localhost:49511 for channel [id: 0x3a84259b, L:/127.0.0.1:58068 - R:localhost/127.0.0.1:49511]
10:48:56.653 [Forwarding findElement on session cfbf587bd82ff8a78b482a8587e4fe64 to remote] DEBUG org.asynchttpclient.netty.request.NettyRequestSender - Using pooled Channel '[id: 0x3a84259b, L:/127.0.0.1:58068 - R:localhost/127.0.0.1:49511]' for 'POST' to 'http://localhost:49511/session/cfbf587bd82ff8a78b482a8587e4fe64/element'
10:48:56.653 [Forwarding findElement on session cfbf587bd82ff8a78b482a8587e4fe64 to remote] DEBUG org.asynchttpclient.netty.request.NettyRequestSender - Using open Channel [id: 0x3a84259b, L:/127.0.0.1:58068 - R:localhost/127.0.0.1:49511] for POST '/session/cfbf587bd82ff8a78b482a8587e4fe64/element'
10:48:56.660 [AsyncHttpClient-1-3] DEBUG org.asynchttpclient.netty.handler.HttpHandler - 

Request DefaultHttpRequest(decodeResult: success, version: HTTP/1.1)
POST /session/cfbf587bd82ff8a78b482a8587e4fe64/element HTTP/1.1
User-Agent: selenium/4.1.2 (java windows)
Content-Length: 109
Content-Type: application/json; charset=utf-8
host: localhost:49511
accept: */*

Response DefaultHttpResponse(decodeResult: success, version: HTTP/1.1)
HTTP/1.1 200 OK
Content-Type: application/json; charset=utf-8
cache-control: no-cache
content-length: 88

10:48:56.660 [AsyncHttpClient-1-3] DEBUG org.asynchttpclient.netty.channel.ChannelManager - Adding key: http://localhost:49511 for channel [id: 0x3a84259b, L:/127.0.0.1:58068 - R:localhost/127.0.0.1:49511]
10:48:56.661 [Forwarding clickElement on session cfbf587bd82ff8a78b482a8587e4fe64 to remote] DEBUG org.asynchttpclient.netty.request.NettyRequestSender - Using pooled Channel '[id: 0x3a84259b, L:/127.0.0.1:58068 - R:localhost/127.0.0.1:49511]' for 'POST' to 'http://localhost:49511/session/cfbf587bd82ff8a78b482a8587e4fe64/element/6980487c-b785-40b3-8935-9a3f352005ee/click'
10:48:56.662 [Forwarding clickElement on session cfbf587bd82ff8a78b482a8587e4fe64 to remote] DEBUG org.asynchttpclient.netty.request.NettyRequestSender - Using open Channel [id: 0x3a84259b, L:/127.0.0.1:58068 - R:localhost/127.0.0.1:49511] for POST '/session/cfbf587bd82ff8a78b482a8587e4fe64/element/6980487c-b785-40b3-8935-9a3f352005ee/click'
10:48:56.809 [AsyncHttpClient-1-3] DEBUG org.asynchttpclient.netty.handler.HttpHandler - 

Request DefaultHttpRequest(decodeResult: success, version: HTTP/1.1)
POST /session/cfbf587bd82ff8a78b482a8587e4fe64/element/6980487c-b785-40b3-8935-9a3f352005ee/click HTTP/1.1
User-Agent: selenium/4.1.2 (java windows)
Content-Length: 50
Content-Type: application/json; charset=utf-8
host: localhost:49511
accept: */*

Response DefaultHttpResponse(decodeResult: success, version: HTTP/1.1)
HTTP/1.1 200 OK
Content-Type: application/json; charset=utf-8
cache-control: no-cache
content-length: 14

10:48:56.810 [AsyncHttpClient-1-3] DEBUG org.asynchttpclient.netty.channel.ChannelManager - Adding key: http://localhost:49511 for channel [id: 0x3a84259b, L:/127.0.0.1:58068 - R:localhost/127.0.0.1:49511]
10:48:56.816 [Forwarding screenshot on session cfbf587bd82ff8a78b482a8587e4fe64 to remote] DEBUG org.asynchttpclient.netty.request.NettyRequestSender - Using pooled Channel '[id: 0x3a84259b, L:/127.0.0.1:58068 - R:localhost/127.0.0.1:49511]' for 'GET' to 'http://localhost:49511/session/cfbf587bd82ff8a78b482a8587e4fe64/screenshot'
10:48:56.816 [Forwarding screenshot on session cfbf587bd82ff8a78b482a8587e4fe64 to remote] DEBUG org.asynchttpclient.netty.request.NettyRequestSender - Using open Channel [id: 0x3a84259b, L:/127.0.0.1:58068 - R:localhost/127.0.0.1:49511] for GET '/session/cfbf587bd82ff8a78b482a8587e4fe64/screenshot'
10:48:56.864 [AsyncHttpClient-1-1] DEBUG org.asynchttpclient.netty.channel.DefaultChannelPool - Entry count for : http://localhost:58069 : 1
10:48:56.941 [AsyncHttpClient-1-3] DEBUG org.asynchttpclient.netty.handler.HttpHandler - 

Request DefaultFullHttpRequest(decodeResult: success, version: HTTP/1.1, content: EmptyByteBufBE)
GET /session/cfbf587bd82ff8a78b482a8587e4fe64/screenshot HTTP/1.1
User-Agent: selenium/4.1.2 (java windows)
Cache-Control: no-cache
Content-Type: application/json; charset=utf-8
host: localhost:49511
accept: */*

Response DefaultHttpResponse(decodeResult: success, version: HTTP/1.1)
HTTP/1.1 200 OK
Content-Type: application/json; charset=utf-8
cache-control: no-cache
content-length: 73900

10:48:56.942 [AsyncHttpClient-1-3] DEBUG org.asynchttpclient.netty.channel.ChannelManager - Adding key: http://localhost:49511 for channel [id: 0x3a84259b, L:/127.0.0.1:58068 - R:localhost/127.0.0.1:49511]
10:48:56.946 [main] DEBUG net.serenitybdd.core.photography.Darkroom - Send negative for processing for target\site\serenity\51136acc9f76efd1bb5fde7f611148a6b30febdd7eebe236b6e529bda29af361.png
10:48:56.946 [main] DEBUG net.thucydides.core.steps.StepInterceptor - STEP DONE: clickPediatricMenu
  &amp#27;[32mAnd &amp#27;[0m&amp#27;[32mI click pediatric menu&amp#27;[0m                                        &amp#27;[90m# starter.stepdefinitions.DoctorSteps.iClickPediatricMenu()&amp#27;[0m
10:48:56.947 [Darkroom Processing Line] DEBUG net.serenitybdd.core.photography.DarkroomProcessingLine - Processing screenshot image in /var/screenshots/screenshot-334462782416866445
10:48:56.947 [Darkroom Processing Line] DEBUG net.serenitybdd.core.photography.DarkroomProcessingLine - Saving screenshot to target\site\serenity\51136acc9f76efd1bb5fde7f611148a6b30febdd7eebe236b6e529bda29af361.png
10:48:56.964 [main] DEBUG net.thucydides.core.steps.StepInterceptor - STARTING STEP: DoctorSteps.iValidateDoctorListOnlyShowPediatricDepartmentDoctor - validatePediatricDoctor
10:48:56.967 [Forwarding findElement on session cfbf587bd82ff8a78b482a8587e4fe64 to remote] DEBUG org.asynchttpclient.netty.request.NettyRequestSender - Using pooled Channel '[id: 0x3a84259b, L:/127.0.0.1:58068 - R:localhost/127.0.0.1:49511]' for 'POST' to 'http://localhost:49511/session/cfbf587bd82ff8a78b482a8587e4fe64/element'
10:48:56.967 [Forwarding findElement on session cfbf587bd82ff8a78b482a8587e4fe64 to remote] DEBUG org.asynchttpclient.netty.request.NettyRequestSender - Using open Channel [id: 0x3a84259b, L:/127.0.0.1:58068 - R:localhost/127.0.0.1:49511] for POST '/session/cfbf587bd82ff8a78b482a8587e4fe64/element'
10:48:57.100 [AsyncHttpClient-1-3] DEBUG org.asynchttpclient.netty.handler.HttpHandler - 

Request DefaultHttpRequest(decodeResult: success, version: HTTP/1.1)
POST /session/cfbf587bd82ff8a78b482a8587e4fe64/element HTTP/1.1
User-Agent: selenium/4.1.2 (java windows)
Content-Length: 81
Content-Type: application/json; charset=utf-8
host: localhost:49511
accept: */*

Response DefaultHttpResponse(decodeResult: success, version: HTTP/1.1)
HTTP/1.1 200 OK
Content-Type: application/json; charset=utf-8
cache-control: no-cache
content-length: 88

10:48:57.100 [AsyncHttpClient-1-3] DEBUG org.asynchttpclient.netty.channel.ChannelManager - Adding key: http://localhost:49511 for channel [id: 0x3a84259b, L:/127.0.0.1:58068 - R:localhost/127.0.0.1:49511]
10:48:57.107 [Forwarding isElementDisplayed on session cfbf587bd82ff8a78b482a8587e4fe64 to remote] DEBUG org.asynchttpclient.netty.request.NettyRequestSender - Using pooled Channel '[id: 0x3a84259b, L:/127.0.0.1:58068 - R:localhost/127.0.0.1:49511]' for 'POST' to 'http://localhost:49511/session/cfbf587bd82ff8a78b482a8587e4fe64/execute/sync'
10:48:57.107 [Forwarding isElementDisplayed on session cfbf587bd82ff8a78b482a8587e4fe64 to remote] DEBUG org.asynchttpclient.netty.request.NettyRequestSender - Using open Channel [id: 0x3a84259b, L:/127.0.0.1:58068 - R:localhost/127.0.0.1:49511] for POST '/session/cfbf587bd82ff8a78b482a8587e4fe64/execute/sync'
10:48:57.133 [AsyncHttpClient-1-3] DEBUG org.asynchttpclient.netty.handler.HttpHandler - 

Request DefaultHttpRequest(decodeResult: success, version: HTTP/1.1)
POST /session/cfbf587bd82ff8a78b482a8587e4fe64/execute/sync HTTP/1.1
User-Agent: selenium/4.1.2 (java windows)
Content-Length: 48780
Content-Type: application/json; charset=utf-8
host: localhost:49511
accept: */*

Response DefaultHttpResponse(decodeResult: success, version: HTTP/1.1)
HTTP/1.1 200 OK
Content-Type: application/json; charset=utf-8
cache-control: no-cache
content-length: 14

10:48:57.133 [AsyncHttpClient-1-3] DEBUG org.asynchttpclient.netty.channel.ChannelManager - Adding key: http://localhost:49511 for channel [id: 0x3a84259b, L:/127.0.0.1:58068 - R:localhost/127.0.0.1:49511]
10:48:57.138 [Forwarding screenshot on session cfbf587bd82ff8a78b482a8587e4fe64 to remote] DEBUG org.asynchttpclient.netty.request.NettyRequestSender - Using pooled Channel '[id: 0x3a84259b, L:/127.0.0.1:58068 - R:localhost/127.0.0.1:49511]' for 'GET' to 'http://localhost:49511/session/cfbf587bd82ff8a78b482a8587e4fe64/screenshot'
10:48:57.138 [Forwarding screenshot on session cfbf587bd82ff8a78b482a8587e4fe64 to remote] DEBUG org.asynchttpclient.netty.request.NettyRequestSender - Using open Channel [id: 0x3a84259b, L:/127.0.0.1:58068 - R:localhost/127.0.0.1:49511] for GET '/session/cfbf587bd82ff8a78b482a8587e4fe64/screenshot'
10:48:57.245 [AsyncHttpClient-1-3] DEBUG org.asynchttpclient.netty.handler.HttpHandler - 

Request DefaultFullHttpRequest(decodeResult: success, version: HTTP/1.1, content: EmptyByteBufBE)
GET /session/cfbf587bd82ff8a78b482a8587e4fe64/screenshot HTTP/1.1
User-Agent: selenium/4.1.2 (java windows)
Cache-Control: no-cache
Content-Type: application/json; charset=utf-8
host: localhost:49511
accept: */*

Response DefaultHttpResponse(decodeResult: success, version: HTTP/1.1)
HTTP/1.1 200 OK
Content-Type: application/json; charset=utf-8
cache-control: no-cache
content-length: 83376

10:48:57.245 [AsyncHttpClient-1-3] DEBUG org.asynchttpclient.netty.channel.ChannelManager - Adding key: http://localhost:49511 for channel [id: 0x3a84259b, L:/127.0.0.1:58068 - R:localhost/127.0.0.1:49511]
10:48:57.249 [main] DEBUG net.serenitybdd.core.photography.Darkroom - Send negative for processing for target\site\serenity\9ef1b4460ce04e970ce9db5fc2291c10cd955ca4b1e87d876d0d720f2f2c90dd.png
10:48:57.249 [main] DEBUG net.thucydides.core.steps.StepInterceptor - STEP DONE: validatePediatricDoctor
  &amp#27;[32mThen &amp#27;[0m&amp#27;[32mI validate doctor list only show pediatric department doctor&amp#27;[0m &amp#27;[90m# starter.stepdefinitions.DoctorSteps.iValidateDoctorListOnlyShowPediatricDepartmentDoctor()&amp#27;[0m
10:48:57.249 [Darkroom Processing Line] DEBUG net.serenitybdd.core.photography.DarkroomProcessingLine - Processing screenshot image in /var/screenshots/screenshot-4715421910603836137
10:48:57.249 [Darkroom Processing Line] DEBUG net.serenitybdd.core.photography.DarkroomProcessingLine - Saving screenshot to target\site\serenity\9ef1b4460ce04e970ce9db5fc2291c10cd955ca4b1e87d876d0d720f2f2c90dd.png
10:48:57.255 [main] INFO  - 
  _____   ___   ___   _____     ___     _     ___   ___   ___   ___  
 |_   _| | __| / __| |_   _|   | _ \   /_\   / __| / __| | __| |   \ 
   | |   | _|  \__ \   | |     |  _/  / _ \  \__ \ \__ \ | _|  | |) |
   |_|   |___| |___/   |_|     |_|   /_/ \_\ |___/ |___/ |___| |___/ 

Filter Doctor Pediatric Scenario
----------------------------------------------------------------------
10:48:57.256 [AsyncHttpClient-1-5] DEBUG org.asynchttpclient.netty.handler.WebSocketHandler - Channel Closed: [id: 0xc1a07caf, L:/127.0.0.1:58075 ! R:localhost/127.0.0.1:58069] with attribute NettyResponseFuture{currentRetry=5,
	isDone=1,
	isCancelled=0,
	asyncHandler=org.asynchttpclient.ws.WebSocketUpgradeHandler@2f2257a5,
	nettyRequest=org.asynchttpclient.netty.request.NettyRequest@1c4484b3,
	future=java.util.concurrent.CompletableFuture@4e0b5e11[Completed normally],
	uri=ws://localhost:58069/devtools/browser/1ae55e01-4ce7-42fd-95ab-9252b642cb89,
	keepAlive=true,
	redirectCount=0,
	timeoutsHolder=null,
	inAuth=0,
	touch=1655783331587}
10:48:57.257 [AsyncHttpClient-1-5] DEBUG org.asynchttpclient.netty.channel.ChannelManager - Closing Channel [id: 0xc1a07caf, L:/127.0.0.1:58075 ! R:localhost/127.0.0.1:58069] 
10:48:57.257 [Driver Command Executor] DEBUG org.asynchttpclient.netty.request.NettyRequestSender - Using pooled Channel '[id: 0x3a84259b, L:/127.0.0.1:58068 - R:localhost/127.0.0.1:49511]' for 'DELETE' to 'http://localhost:49511/session/cfbf587bd82ff8a78b482a8587e4fe64'
10:48:57.257 [Driver Command Executor] DEBUG org.asynchttpclient.netty.request.NettyRequestSender - Using open Channel [id: 0x3a84259b, L:/127.0.0.1:58068 - R:localhost/127.0.0.1:49511] for DELETE '/session/cfbf587bd82ff8a78b482a8587e4fe64'
10:48:57.290 [AsyncHttpClient-1-4] DEBUG org.asynchttpclient.netty.handler.HttpHandler - Unexpected I/O exception on channel [id: 0x57057e39, L:/127.0.0.1:58074 - R:localhost/127.0.0.1:58069]
java.net.SocketException: Connection reset
	at java.base/sun.nio.ch.SocketChannelImpl.throwConnectionReset(SocketChannelImpl.java:367)
	at java.base/sun.nio.ch.SocketChannelImpl.read(SocketChannelImpl.java:398)
	at io.netty.buffer.PooledByteBuf.setBytes(PooledByteBuf.java:258)
	at io.netty.buffer.AbstractByteBuf.writeBytes(AbstractByteBuf.java:1132)
	at io.netty.channel.socket.nio.NioSocketChannel.doReadBytes(NioSocketChannel.java:350)
	at io.netty.channel.nio.AbstractNioByteChannel$NioByteUnsafe.read(AbstractNioByteChannel.java:151)
	at io.netty.channel.nio.NioEventLoop.processSelectedKey(NioEventLoop.java:722)
	at io.netty.channel.nio.NioEventLoop.processSelectedKeysOptimized(NioEventLoop.java:658)
	at io.netty.channel.nio.NioEventLoop.processSelectedKeys(NioEventLoop.java:584)
	at io.netty.channel.nio.NioEventLoop.run(NioEventLoop.java:496)
	at io.netty.util.concurrent.SingleThreadEventExecutor$4.run(SingleThreadEventExecutor.java:986)
	at io.netty.util.internal.ThreadExecutorMap$2.run(ThreadExecutorMap.java:74)
	at io.netty.util.concurrent.FastThreadLocalRunnable.run(FastThreadLocalRunnable.java:30)
	at java.base/java.lang.Thread.run(Thread.java:832)
10:48:57.290 [AsyncHttpClient-1-4] DEBUG org.asynchttpclient.netty.channel.ChannelManager - Closing Channel [id: 0x57057e39, L:/127.0.0.1:58074 - R:localhost/127.0.0.1:58069] 
10:48:57.290 [AsyncHttpClient-1-4] DEBUG org.asynchttpclient.netty.handler.HttpHandler - Channel Closed: [id: 0x57057e39, L:/127.0.0.1:58074 ! R:localhost/127.0.0.1:58069] with attribute DISCARD
10:48:57.324 [AsyncHttpClient-1-3] DEBUG org.asynchttpclient.netty.handler.HttpHandler - 

Request DefaultFullHttpRequest(decodeResult: success, version: HTTP/1.1, content: EmptyByteBufBE)
DELETE /session/cfbf587bd82ff8a78b482a8587e4fe64 HTTP/1.1
User-Agent: selenium/4.1.2 (java windows)
Content-Type: application/json; charset=utf-8
host: localhost:49511
accept: */*

Response DefaultHttpResponse(decodeResult: success, version: HTTP/1.1)
HTTP/1.1 200 OK
Content-Type: application/json; charset=utf-8
cache-control: no-cache
content-length: 14

10:48:57.324 [AsyncHttpClient-1-3] DEBUG org.asynchttpclient.netty.channel.ChannelManager - Adding key: http://localhost:49511 for channel [id: 0x3a84259b, L:/127.0.0.1:58068 - R:localhost/127.0.0.1:49511]
10:48:57.459 [AsyncHttpClient-1-3] DEBUG org.asynchttpclient.netty.handler.HttpHandler - Channel Closed: [id: 0x3a84259b, L:/127.0.0.1:58068 ! R:localhost/127.0.0.1:49511] with attribute DISCARD
10:48:57.964 [AsyncHttpClient-1-1] DEBUG org.asynchttpclient.netty.channel.DefaultChannelPool - Entry count for : http://localhost:58069 : 1
10:48:57.964 [AsyncHttpClient-1-1] DEBUG org.asynchttpclient.netty.channel.DefaultChannelPool - Entry count for : http://localhost:49511 : 1
10:48:57.964 [AsyncHttpClient-1-1] DEBUG org.asynchttpclient.netty.channel.DefaultChannelPool - Adding Candidate expired Channel [id: 0x57057e39, L:/127.0.0.1:58074 ! R:localhost/127.0.0.1:58069] isIdleTimeoutExpired=false isRemotelyClosed=true isTtlExpired=false
10:48:57.964 [AsyncHttpClient-1-1] DEBUG org.asynchttpclient.netty.channel.DefaultChannelPool - Closing Idle Channel [id: 0x57057e39, L:/127.0.0.1:58074 ! R:localhost/127.0.0.1:58069]
10:48:57.964 [AsyncHttpClient-1-1] DEBUG org.asynchttpclient.netty.channel.DefaultChannelPool - Adding Candidate expired Channel [id: 0x3a84259b, L:/127.0.0.1:58068 ! R:localhost/127.0.0.1:49511] isIdleTimeoutExpired=false isRemotelyClosed=true isTtlExpired=false
10:48:57.964 [AsyncHttpClient-1-1] DEBUG org.asynchttpclient.netty.channel.DefaultChannelPool - Closing Idle Channel [id: 0x3a84259b, L:/127.0.0.1:58068 ! R:localhost/127.0.0.1:49511]
10:48:57.964 [AsyncHttpClient-1-1] DEBUG org.asynchttpclient.netty.channel.DefaultChannelPool - Closed 2 connections out of 2 in 0 ms
]]></system-out>
    <system-err><![CDATA[Starting ChromeDriver 102.0.5005.61 (0e59bcc00cc4985ce39ad31c150065f159d95ad3-refs/branch-heads/5005@{#819}) on port 49511
Only local connections are allowed.
Please see https://chromedriver.chromium.org/security-considerations for suggestions on keeping ChromeDriver safe.
ChromeDriver was started successfully.
Jun 21, 2022 10:48:51 AM org.openqa.selenium.remote.ProtocolHandshake createSession
INFO: Detected dialect: W3C
Jun 21, 2022 10:48:51 AM org.openqa.selenium.devtools.CdpVersionFinder findNearestMatch
WARNING: Unable to find an exact match for CDP version 102, so returning the closest version found: a no-op implementation
Jun 21, 2022 10:48:51 AM org.openqa.selenium.devtools.CdpVersionFinder findNearestMatch
INFO: Unable to find CDP implementation matching 102.
Jun 21, 2022 10:48:51 AM org.openqa.selenium.chromium.ChromiumDriver lambda$new$3
WARNING: Unable to find version of CDP to use for . You may need to include a dependency on a specific version of the CDP using something similar to `org.seleniumhq.selenium:selenium-devtools-v86:4.1.2` where the version ("v86") matches the version of the chromium-based browser you're using and the version number of the artifact is the same as Selenium's.
]]></system-err>
  </testcase>
  <testcase name="Filter Doctor Gynecology Scenario" classname="Doctor" time="11.354">
    <system-out><![CDATA[
@Doctor @FilterDoctorGynecology
Scenario: Filter Doctor Gynecology Scenario                          &amp#27;[90m# src/test/resources/features/3.Doctor.feature:114&amp#27;[0m
10:48:58.010 [main] INFO io.cucumber.core.plugin.SerenityReporter - Running feature from file:///E:/My%20Documents/File%20Difa/TI%20Semester%206%20Kampus%20Merdeka%20Alterra/Tugas/CAPSTONE%20Project/Capstone-Project-Website/src/test/resources/features/3.Doctor.feature
10:48:58.012 [main] INFO  - 
  _____   ___   ___   _____     ___   _____     _     ___   _____   ___   ___  
 |_   _| | __| / __| |_   _|   / __| |_   _|   /_\   | _ \ |_   _| | __| |   \ 
   | |   | _|  \__ \   | |     \__ \   | |    / _ \  |   /   | |   | _|  | |) |
   |_|   |___| |___/   |_|     |___/   |_|   /_/ \_\ |_|_\   |_|   |___| |___/ 

Filter Doctor Gynecology Scenario(doctor;filter-doctor-gynecology-scenario)
--------------------------------------------------------------------------------
10:48:58.025 [main] DEBUG net.thucydides.core.steps.StepInterceptor - STARTING STEP: DashboardSteps.iAmOnTheDashboardPage - openUrl
10:48:58.027 [main] INFO net.serenitybdd.core.webdriver.driverproviders.ChromeDriverProvider - Using automatically driver download
10:48:58.205 [main] DEBUG io.github.bonigarcia.wdm.cache.ResolutionCache - Resolution chrome=102 in cache (valid until 11:37:46 21/06/2022 ICT)
10:48:58.208 [main] DEBUG io.github.bonigarcia.wdm.cache.ResolutionCache - Resolution chrome102=102.0.5005.61 in cache (valid until 09:22:16 22/06/2022 ICT)
10:48:58.211 [main] INFO io.github.bonigarcia.wdm.WebDriverManager - Using chromedriver 102.0.5005.61 (resolved driver for Chrome 102)
10:48:58.221 [main] DEBUG io.github.bonigarcia.wdm.WebDriverManager - Driver chromedriver 102.0.5005.61 found in cache
10:48:58.221 [main] INFO io.github.bonigarcia.wdm.WebDriverManager - Exporting webdriver.chrome.driver as C:\Users\USER\.cache\selenium\chromedriver\win32\102.0.5005.61\chromedriver.exe
10:48:58.381 [main] DEBUG net.serenitybdd.core.webdriver.driverproviders.ProvideNewDriver - Instantiating driver
10:48:58.381 [main] DEBUG net.serenitybdd.core.webdriver.driverproviders.ProvideNewDriver - Driver capabilities: Capabilities {acceptInsecureCerts: false, base.url: https://hospital-management..., browserName: chrome, chrome.driver: src/test/resources/webdrive..., driver: chrome, goog:chromeOptions: {args: [], extensions: []}}
10:48:58.908 [AsyncHttpClient-1-6] DEBUG org.asynchttpclient.netty.channel.NettyConnectListener - Using new Channel '[id: 0xe280d8f6, L:/127.0.0.1:58093 - R:localhost/127.0.0.1:56712]' for 'POST' to '/session'
10:49:00.654 [AsyncHttpClient-1-6] DEBUG org.asynchttpclient.netty.handler.HttpHandler - 

Request DefaultHttpRequest(decodeResult: success, version: HTTP/1.1)
POST /session HTTP/1.1
User-Agent: selenium/4.1.2 (java windows)
Content-Length: 621
Content-Type: application/json; charset=utf-8
host: localhost:56712
accept: */*

Response DefaultHttpResponse(decodeResult: success, version: HTTP/1.1)
HTTP/1.1 200 OK
Content-Type: application/json; charset=utf-8
cache-control: no-cache
content-length: 788

10:49:00.654 [AsyncHttpClient-1-6] DEBUG org.asynchttpclient.netty.channel.ChannelManager - Adding key: http://localhost:56712 for channel [id: 0xe280d8f6, L:/127.0.0.1:58093 - R:localhost/127.0.0.1:56712]
10:49:00.671 [AsyncHttpClient-1-7] DEBUG org.asynchttpclient.netty.channel.NettyConnectListener - Using new Channel '[id: 0x7bcc114c, L:/127.0.0.1:58100 - R:localhost/127.0.0.1:58094]' for 'GET' to '/json/version'
10:49:00.673 [AsyncHttpClient-1-7] DEBUG org.asynchttpclient.netty.handler.HttpHandler - 

Request DefaultFullHttpRequest(decodeResult: success, version: HTTP/1.1, content: EmptyByteBufBE)
GET /json/version HTTP/1.1
User-Agent: selenium/4.1.2 (java windows)
host: localhost:58094
accept: */*

Response DefaultHttpResponse(decodeResult: success, version: HTTP/1.1)
HTTP/1.1 200 OK
Content-Type: application/json; charset=UTF-8
content-length: 427

10:49:00.673 [AsyncHttpClient-1-7] DEBUG org.asynchttpclient.netty.channel.ChannelManager - Adding key: http://localhost:58094 for channel [id: 0x7bcc114c, L:/127.0.0.1:58100 - R:localhost/127.0.0.1:58094]
10:49:00.680 [AsyncHttpClient-1-8] DEBUG org.asynchttpclient.netty.channel.NettyConnectListener - Using new Channel '[id: 0x0782af86, L:/127.0.0.1:58101 - R:localhost/127.0.0.1:58094]' for 'GET' to '/devtools/browser/a802845e-cc01-41f2-b4b4-f552b3e3112e'
10:49:00.682 [AsyncHttpClient-1-8] DEBUG org.asynchttpclient.netty.handler.WebSocketHandler - 

Request DefaultFullHttpRequest(decodeResult: success, version: HTTP/1.1, content: EmptyByteBufBE)
GET /devtools/browser/a802845e-cc01-41f2-b4b4-f552b3e3112e HTTP/1.1
upgrade: websocket
connection: upgrade
sec-websocket-key: V6Cqh/+KKBlmelsm3y19dQ==
sec-websocket-version: 13
origin: http://localhost:58094
host: localhost:58094
accept: */*
user-agent: AHC/2.1

Response DefaultHttpResponse(decodeResult: success, version: HTTP/1.1)
HTTP/1.1 101 WebSocket Protocol Handshake
Upgrade: WebSocket
Connection: Upgrade
Sec-WebSocket-Accept: QChLaFadgJBuuBolVkPbAdQCkAo=

10:49:00.694 [Forwarding maximizeCurrentWindow on session 255fd1959fc58b7a3a2544990206a50a to remote] DEBUG org.asynchttpclient.netty.request.NettyRequestSender - Using pooled Channel '[id: 0xe280d8f6, L:/127.0.0.1:58093 - R:localhost/127.0.0.1:56712]' for 'POST' to 'http://localhost:56712/session/255fd1959fc58b7a3a2544990206a50a/window/maximize'
10:49:00.694 [Forwarding maximizeCurrentWindow on session 255fd1959fc58b7a3a2544990206a50a to remote] DEBUG org.asynchttpclient.netty.request.NettyRequestSender - Using open Channel [id: 0xe280d8f6, L:/127.0.0.1:58093 - R:localhost/127.0.0.1:56712] for POST '/session/255fd1959fc58b7a3a2544990206a50a/window/maximize'
10:49:00.843 [AsyncHttpClient-1-6] DEBUG org.asynchttpclient.netty.handler.HttpHandler - 

Request DefaultHttpRequest(decodeResult: success, version: HTTP/1.1)
POST /session/255fd1959fc58b7a3a2544990206a50a/window/maximize HTTP/1.1
User-Agent: selenium/4.1.2 (java windows)
Content-Length: 3
Content-Type: application/json; charset=utf-8
host: localhost:56712
accept: */*

Response DefaultHttpResponse(decodeResult: success, version: HTTP/1.1)
HTTP/1.1 200 OK
Content-Type: application/json; charset=utf-8
cache-control: no-cache
content-length: 51

10:49:00.843 [AsyncHttpClient-1-6] DEBUG org.asynchttpclient.netty.channel.ChannelManager - Adding key: http://localhost:56712 for channel [id: 0xe280d8f6, L:/127.0.0.1:58093 - R:localhost/127.0.0.1:56712]
10:49:00.844 [Forwarding get on session 255fd1959fc58b7a3a2544990206a50a to remote] DEBUG org.asynchttpclient.netty.request.NettyRequestSender - Using pooled Channel '[id: 0xe280d8f6, L:/127.0.0.1:58093 - R:localhost/127.0.0.1:56712]' for 'POST' to 'http://localhost:56712/session/255fd1959fc58b7a3a2544990206a50a/url'
10:49:00.844 [Forwarding get on session 255fd1959fc58b7a3a2544990206a50a to remote] DEBUG org.asynchttpclient.netty.request.NettyRequestSender - Using open Channel [id: 0xe280d8f6, L:/127.0.0.1:58093 - R:localhost/127.0.0.1:56712] for POST '/session/255fd1959fc58b7a3a2544990206a50a/url'
10:49:01.271 [AsyncHttpClient-1-1] DEBUG org.asynchttpclient.netty.channel.DefaultChannelPool - Entry count for : http://localhost:58094 : 1
10:49:02.364 [AsyncHttpClient-1-1] DEBUG org.asynchttpclient.netty.channel.DefaultChannelPool - Entry count for : http://localhost:58094 : 1
10:49:03.499 [AsyncHttpClient-1-1] DEBUG org.asynchttpclient.netty.channel.DefaultChannelPool - Entry count for : http://localhost:58094 : 1
10:49:03.908 [AsyncHttpClient-1-6] DEBUG org.asynchttpclient.netty.handler.HttpHandler - 

Request DefaultHttpRequest(decodeResult: success, version: HTTP/1.1)
POST /session/255fd1959fc58b7a3a2544990206a50a/url HTTP/1.1
User-Agent: selenium/4.1.2 (java windows)
Content-Length: 65
Content-Type: application/json; charset=utf-8
host: localhost:56712
accept: */*

Response DefaultHttpResponse(decodeResult: success, version: HTTP/1.1)
HTTP/1.1 200 OK
Content-Type: application/json; charset=utf-8
cache-control: no-cache
content-length: 14

10:49:03.908 [AsyncHttpClient-1-6] DEBUG org.asynchttpclient.netty.channel.ChannelManager - Adding key: http://localhost:56712 for channel [id: 0xe280d8f6, L:/127.0.0.1:58093 - R:localhost/127.0.0.1:56712]
10:49:03.911 [Forwarding setTimeout on session 255fd1959fc58b7a3a2544990206a50a to remote] DEBUG org.asynchttpclient.netty.request.NettyRequestSender - Using pooled Channel '[id: 0xe280d8f6, L:/127.0.0.1:58093 - R:localhost/127.0.0.1:56712]' for 'POST' to 'http://localhost:56712/session/255fd1959fc58b7a3a2544990206a50a/timeouts'
10:49:03.911 [Forwarding setTimeout on session 255fd1959fc58b7a3a2544990206a50a to remote] DEBUG org.asynchttpclient.netty.request.NettyRequestSender - Using open Channel [id: 0xe280d8f6, L:/127.0.0.1:58093 - R:localhost/127.0.0.1:56712] for POST '/session/255fd1959fc58b7a3a2544990206a50a/timeouts'
10:49:03.913 [AsyncHttpClient-1-6] DEBUG org.asynchttpclient.netty.handler.HttpHandler - 

Request DefaultHttpRequest(decodeResult: success, version: HTTP/1.1)
POST /session/255fd1959fc58b7a3a2544990206a50a/timeouts HTTP/1.1
User-Agent: selenium/4.1.2 (java windows)
Content-Length: 22
Content-Type: application/json; charset=utf-8
host: localhost:56712
accept: */*

Response DefaultHttpResponse(decodeResult: success, version: HTTP/1.1)
HTTP/1.1 200 OK
Content-Type: application/json; charset=utf-8
cache-control: no-cache
content-length: 14

10:49:03.913 [AsyncHttpClient-1-6] DEBUG org.asynchttpclient.netty.channel.ChannelManager - Adding key: http://localhost:56712 for channel [id: 0xe280d8f6, L:/127.0.0.1:58093 - R:localhost/127.0.0.1:56712]
10:49:03.919 [Forwarding getCurrentUrl on session 255fd1959fc58b7a3a2544990206a50a to remote] DEBUG org.asynchttpclient.netty.request.NettyRequestSender - Using pooled Channel '[id: 0xe280d8f6, L:/127.0.0.1:58093 - R:localhost/127.0.0.1:56712]' for 'GET' to 'http://localhost:56712/session/255fd1959fc58b7a3a2544990206a50a/url'
10:49:03.919 [Forwarding getCurrentUrl on session 255fd1959fc58b7a3a2544990206a50a to remote] DEBUG org.asynchttpclient.netty.request.NettyRequestSender - Using open Channel [id: 0xe280d8f6, L:/127.0.0.1:58093 - R:localhost/127.0.0.1:56712] for GET '/session/255fd1959fc58b7a3a2544990206a50a/url'
10:49:03.930 [AsyncHttpClient-1-6] DEBUG org.asynchttpclient.netty.handler.HttpHandler - 

Request DefaultFullHttpRequest(decodeResult: success, version: HTTP/1.1, content: EmptyByteBufBE)
GET /session/255fd1959fc58b7a3a2544990206a50a/url HTTP/1.1
User-Agent: selenium/4.1.2 (java windows)
Cache-Control: no-cache
Content-Type: application/json; charset=utf-8
host: localhost:56712
accept: */*

Response DefaultHttpResponse(decodeResult: success, version: HTTP/1.1)
HTTP/1.1 200 OK
Content-Type: application/json; charset=utf-8
cache-control: no-cache
content-length: 53

10:49:03.930 [AsyncHttpClient-1-6] DEBUG org.asynchttpclient.netty.channel.ChannelManager - Adding key: http://localhost:56712 for channel [id: 0xe280d8f6, L:/127.0.0.1:58093 - R:localhost/127.0.0.1:56712]
10:49:03.936 [Forwarding getCurrentUrl on session 255fd1959fc58b7a3a2544990206a50a to remote] DEBUG org.asynchttpclient.netty.request.NettyRequestSender - Using pooled Channel '[id: 0xe280d8f6, L:/127.0.0.1:58093 - R:localhost/127.0.0.1:56712]' for 'GET' to 'http://localhost:56712/session/255fd1959fc58b7a3a2544990206a50a/url'
10:49:03.936 [Forwarding getCurrentUrl on session 255fd1959fc58b7a3a2544990206a50a to remote] DEBUG org.asynchttpclient.netty.request.NettyRequestSender - Using open Channel [id: 0xe280d8f6, L:/127.0.0.1:58093 - R:localhost/127.0.0.1:56712] for GET '/session/255fd1959fc58b7a3a2544990206a50a/url'
10:49:03.941 [AsyncHttpClient-1-6] DEBUG org.asynchttpclient.netty.handler.HttpHandler - 

Request DefaultFullHttpRequest(decodeResult: success, version: HTTP/1.1, content: EmptyByteBufBE)
GET /session/255fd1959fc58b7a3a2544990206a50a/url HTTP/1.1
User-Agent: selenium/4.1.2 (java windows)
Cache-Control: no-cache
Content-Type: application/json; charset=utf-8
host: localhost:56712
accept: */*

Response DefaultHttpResponse(decodeResult: success, version: HTTP/1.1)
HTTP/1.1 200 OK
Content-Type: application/json; charset=utf-8
cache-control: no-cache
content-length: 53

10:49:03.941 [AsyncHttpClient-1-6] DEBUG org.asynchttpclient.netty.channel.ChannelManager - Adding key: http://localhost:56712 for channel [id: 0xe280d8f6, L:/127.0.0.1:58093 - R:localhost/127.0.0.1:56712]
10:49:03.952 [Forwarding screenshot on session 255fd1959fc58b7a3a2544990206a50a to remote] DEBUG org.asynchttpclient.netty.request.NettyRequestSender - Using pooled Channel '[id: 0xe280d8f6, L:/127.0.0.1:58093 - R:localhost/127.0.0.1:56712]' for 'GET' to 'http://localhost:56712/session/255fd1959fc58b7a3a2544990206a50a/screenshot'
10:49:03.952 [Forwarding screenshot on session 255fd1959fc58b7a3a2544990206a50a to remote] DEBUG org.asynchttpclient.netty.request.NettyRequestSender - Using open Channel [id: 0xe280d8f6, L:/127.0.0.1:58093 - R:localhost/127.0.0.1:56712] for GET '/session/255fd1959fc58b7a3a2544990206a50a/screenshot'
10:49:04.259 [AsyncHttpClient-1-6] DEBUG org.asynchttpclient.netty.handler.HttpHandler - 

Request DefaultFullHttpRequest(decodeResult: success, version: HTTP/1.1, content: EmptyByteBufBE)
GET /session/255fd1959fc58b7a3a2544990206a50a/screenshot HTTP/1.1
User-Agent: selenium/4.1.2 (java windows)
Cache-Control: no-cache
Content-Type: application/json; charset=utf-8
host: localhost:56712
accept: */*

Response DefaultHttpResponse(decodeResult: success, version: HTTP/1.1)
HTTP/1.1 200 OK
Content-Type: application/json; charset=utf-8
cache-control: no-cache
content-length: 382596

10:49:04.262 [AsyncHttpClient-1-6] DEBUG org.asynchttpclient.netty.channel.ChannelManager - Adding key: http://localhost:56712 for channel [id: 0xe280d8f6, L:/127.0.0.1:58093 - R:localhost/127.0.0.1:56712]
10:49:04.332 [main] DEBUG net.serenitybdd.core.photography.Darkroom - Send negative for processing for target\site\serenity\ed15a54c91c342d96a850276df7b559f4526b370fc93040e3c407a48a170f368.png
10:49:04.332 [main] DEBUG net.thucydides.core.steps.StepInterceptor - STEP DONE: openUrl
10:49:04.343 [main] DEBUG net.thucydides.core.steps.StepInterceptor - STARTING STEP: DashboardSteps.iAmOnTheDashboardPage - validateOnDashboardPage
10:49:04.346 [Forwarding findElement on session 255fd1959fc58b7a3a2544990206a50a to remote] DEBUG org.asynchttpclient.netty.request.NettyRequestSender - Using pooled Channel '[id: 0xe280d8f6, L:/127.0.0.1:58093 - R:localhost/127.0.0.1:56712]' for 'POST' to 'http://localhost:56712/session/255fd1959fc58b7a3a2544990206a50a/element'
10:49:04.346 [Forwarding findElement on session 255fd1959fc58b7a3a2544990206a50a to remote] DEBUG org.asynchttpclient.netty.request.NettyRequestSender - Using open Channel [id: 0xe280d8f6, L:/127.0.0.1:58093 - R:localhost/127.0.0.1:56712] for POST '/session/255fd1959fc58b7a3a2544990206a50a/element'
10:49:04.368 [AsyncHttpClient-1-6] DEBUG org.asynchttpclient.netty.handler.HttpHandler - 

Request DefaultHttpRequest(decodeResult: success, version: HTTP/1.1)
POST /session/255fd1959fc58b7a3a2544990206a50a/element HTTP/1.1
User-Agent: selenium/4.1.2 (java windows)
Content-Length: 81
Content-Type: application/json; charset=utf-8
host: localhost:56712
accept: */*

Response DefaultHttpResponse(decodeResult: success, version: HTTP/1.1)
HTTP/1.1 200 OK
Content-Type: application/json; charset=utf-8
cache-control: no-cache
content-length: 88

10:49:04.368 [AsyncHttpClient-1-6] DEBUG org.asynchttpclient.netty.channel.ChannelManager - Adding key: http://localhost:56712 for channel [id: 0xe280d8f6, L:/127.0.0.1:58093 - R:localhost/127.0.0.1:56712]
10:49:04.373 [Forwarding isElementDisplayed on session 255fd1959fc58b7a3a2544990206a50a to remote] DEBUG org.asynchttpclient.netty.request.NettyRequestSender - Using pooled Channel '[id: 0xe280d8f6, L:/127.0.0.1:58093 - R:localhost/127.0.0.1:56712]' for 'POST' to 'http://localhost:56712/session/255fd1959fc58b7a3a2544990206a50a/execute/sync'
10:49:04.373 [Forwarding isElementDisplayed on session 255fd1959fc58b7a3a2544990206a50a to remote] DEBUG org.asynchttpclient.netty.request.NettyRequestSender - Using open Channel [id: 0xe280d8f6, L:/127.0.0.1:58093 - R:localhost/127.0.0.1:56712] for POST '/session/255fd1959fc58b7a3a2544990206a50a/execute/sync'
10:49:04.398 [AsyncHttpClient-1-6] DEBUG org.asynchttpclient.netty.handler.HttpHandler - 

Request DefaultHttpRequest(decodeResult: success, version: HTTP/1.1)
POST /session/255fd1959fc58b7a3a2544990206a50a/execute/sync HTTP/1.1
User-Agent: selenium/4.1.2 (java windows)
Content-Length: 48780
Content-Type: application/json; charset=utf-8
host: localhost:56712
accept: */*

Response DefaultHttpResponse(decodeResult: success, version: HTTP/1.1)
HTTP/1.1 200 OK
Content-Type: application/json; charset=utf-8
cache-control: no-cache
content-length: 14

10:49:04.399 [AsyncHttpClient-1-6] DEBUG org.asynchttpclient.netty.channel.ChannelManager - Adding key: http://localhost:56712 for channel [id: 0xe280d8f6, L:/127.0.0.1:58093 - R:localhost/127.0.0.1:56712]
10:49:04.406 [Forwarding screenshot on session 255fd1959fc58b7a3a2544990206a50a to remote] DEBUG org.asynchttpclient.netty.request.NettyRequestSender - Using pooled Channel '[id: 0xe280d8f6, L:/127.0.0.1:58093 - R:localhost/127.0.0.1:56712]' for 'GET' to 'http://localhost:56712/session/255fd1959fc58b7a3a2544990206a50a/screenshot'
10:49:04.406 [Forwarding screenshot on session 255fd1959fc58b7a3a2544990206a50a to remote] DEBUG org.asynchttpclient.netty.request.NettyRequestSender - Using open Channel [id: 0xe280d8f6, L:/127.0.0.1:58093 - R:localhost/127.0.0.1:56712] for GET '/session/255fd1959fc58b7a3a2544990206a50a/screenshot'
10:49:04.564 [AsyncHttpClient-1-1] DEBUG org.asynchttpclient.netty.channel.DefaultChannelPool - Entry count for : http://localhost:58094 : 1
10:49:04.740 [AsyncHttpClient-1-6] DEBUG org.asynchttpclient.netty.handler.HttpHandler - 

Request DefaultFullHttpRequest(decodeResult: success, version: HTTP/1.1, content: EmptyByteBufBE)
GET /session/255fd1959fc58b7a3a2544990206a50a/screenshot HTTP/1.1
User-Agent: selenium/4.1.2 (java windows)
Cache-Control: no-cache
Content-Type: application/json; charset=utf-8
host: localhost:56712
accept: */*

Response DefaultHttpResponse(decodeResult: success, version: HTTP/1.1)
HTTP/1.1 200 OK
Content-Type: application/json; charset=utf-8
cache-control: no-cache
content-length: 382596

10:49:04.743 [AsyncHttpClient-1-6] DEBUG org.asynchttpclient.netty.channel.ChannelManager - Adding key: http://localhost:56712 for channel [id: 0xe280d8f6, L:/127.0.0.1:58093 - R:localhost/127.0.0.1:56712]
10:49:04.771 [main] DEBUG net.serenitybdd.core.photography.Darkroom - Send negative for processing for target\site\serenity\ed15a54c91c342d96a850276df7b559f4526b370fc93040e3c407a48a170f368.png
10:49:04.772 [main] DEBUG net.thucydides.core.steps.StepInterceptor - STEP DONE: validateOnDashboardPage
  &amp#27;[32mGiven &amp#27;[0m&amp#27;[32mI am on the dashboard page&amp#27;[0m                                   &amp#27;[90m# starter.stepdefinitions.DashboardSteps.iAmOnTheDashboardPage()&amp#27;[0m
10:49:04.828 [Forwarding screenshot on session 255fd1959fc58b7a3a2544990206a50a to remote] DEBUG org.asynchttpclient.netty.request.NettyRequestSender - Using pooled Channel '[id: 0xe280d8f6, L:/127.0.0.1:58093 - R:localhost/127.0.0.1:56712]' for 'GET' to 'http://localhost:56712/session/255fd1959fc58b7a3a2544990206a50a/screenshot'
10:49:04.828 [Forwarding screenshot on session 255fd1959fc58b7a3a2544990206a50a to remote] DEBUG org.asynchttpclient.netty.request.NettyRequestSender - Using open Channel [id: 0xe280d8f6, L:/127.0.0.1:58093 - R:localhost/127.0.0.1:56712] for GET '/session/255fd1959fc58b7a3a2544990206a50a/screenshot'
10:49:05.140 [AsyncHttpClient-1-6] DEBUG org.asynchttpclient.netty.handler.HttpHandler - 

Request DefaultFullHttpRequest(decodeResult: success, version: HTTP/1.1, content: EmptyByteBufBE)
GET /session/255fd1959fc58b7a3a2544990206a50a/screenshot HTTP/1.1
User-Agent: selenium/4.1.2 (java windows)
Cache-Control: no-cache
Content-Type: application/json; charset=utf-8
host: localhost:56712
accept: */*

Response DefaultHttpResponse(decodeResult: success, version: HTTP/1.1)
HTTP/1.1 200 OK
Content-Type: application/json; charset=utf-8
cache-control: no-cache
content-length: 351816

10:49:05.142 [AsyncHttpClient-1-6] DEBUG org.asynchttpclient.netty.channel.ChannelManager - Adding key: http://localhost:56712 for channel [id: 0xe280d8f6, L:/127.0.0.1:58093 - R:localhost/127.0.0.1:56712]
10:49:05.261 [main] DEBUG net.serenitybdd.core.photography.Darkroom - Send negative for processing for target\site\serenity\20277f1d76f1b925628464fcd1ece5de77a814679d1be3fdcf836a7ddadfed60.png
10:49:05.261 [main] DEBUG net.thucydides.core.steps.StepInterceptor - STARTING STEP: DoctorSteps.iClickMenuDoctor - clickMenuDoctorButton
10:49:05.266 [Forwarding findElement on session 255fd1959fc58b7a3a2544990206a50a to remote] DEBUG org.asynchttpclient.netty.request.NettyRequestSender - Using pooled Channel '[id: 0xe280d8f6, L:/127.0.0.1:58093 - R:localhost/127.0.0.1:56712]' for 'POST' to 'http://localhost:56712/session/255fd1959fc58b7a3a2544990206a50a/element'
10:49:05.266 [Forwarding findElement on session 255fd1959fc58b7a3a2544990206a50a to remote] DEBUG org.asynchttpclient.netty.request.NettyRequestSender - Using open Channel [id: 0xe280d8f6, L:/127.0.0.1:58093 - R:localhost/127.0.0.1:56712] for POST '/session/255fd1959fc58b7a3a2544990206a50a/element'
10:49:05.289 [AsyncHttpClient-1-6] DEBUG org.asynchttpclient.netty.handler.HttpHandler - 

Request DefaultHttpRequest(decodeResult: success, version: HTTP/1.1)
POST /session/255fd1959fc58b7a3a2544990206a50a/element HTTP/1.1
User-Agent: selenium/4.1.2 (java windows)
Content-Length: 79
Content-Type: application/json; charset=utf-8
host: localhost:56712
accept: */*

Response DefaultHttpResponse(decodeResult: success, version: HTTP/1.1)
HTTP/1.1 200 OK
Content-Type: application/json; charset=utf-8
cache-control: no-cache
content-length: 88

10:49:05.289 [AsyncHttpClient-1-6] DEBUG org.asynchttpclient.netty.channel.ChannelManager - Adding key: http://localhost:56712 for channel [id: 0xe280d8f6, L:/127.0.0.1:58093 - R:localhost/127.0.0.1:56712]
10:49:05.290 [Forwarding getElementTagName on session 255fd1959fc58b7a3a2544990206a50a to remote] DEBUG org.asynchttpclient.netty.request.NettyRequestSender - Using pooled Channel '[id: 0xe280d8f6, L:/127.0.0.1:58093 - R:localhost/127.0.0.1:56712]' for 'GET' to 'http://localhost:56712/session/255fd1959fc58b7a3a2544990206a50a/element/8c45c49a-baba-4b97-9c24-38162e452cea/name'
10:49:05.291 [Forwarding getElementTagName on session 255fd1959fc58b7a3a2544990206a50a to remote] DEBUG org.asynchttpclient.netty.request.NettyRequestSender - Using open Channel [id: 0xe280d8f6, L:/127.0.0.1:58093 - R:localhost/127.0.0.1:56712] for GET '/session/255fd1959fc58b7a3a2544990206a50a/element/8c45c49a-baba-4b97-9c24-38162e452cea/name'
10:49:05.297 [AsyncHttpClient-1-6] DEBUG org.asynchttpclient.netty.handler.HttpHandler - 

Request DefaultFullHttpRequest(decodeResult: success, version: HTTP/1.1, content: EmptyByteBufBE)
GET /session/255fd1959fc58b7a3a2544990206a50a/element/8c45c49a-baba-4b97-9c24-38162e452cea/name HTTP/1.1
User-Agent: selenium/4.1.2 (java windows)
Cache-Control: no-cache
Content-Type: application/json; charset=utf-8
host: localhost:56712
accept: */*

Response DefaultHttpResponse(decodeResult: success, version: HTTP/1.1)
HTTP/1.1 200 OK
Content-Type: application/json; charset=utf-8
cache-control: no-cache
content-length: 15

10:49:05.297 [AsyncHttpClient-1-6] DEBUG org.asynchttpclient.netty.channel.ChannelManager - Adding key: http://localhost:56712 for channel [id: 0xe280d8f6, L:/127.0.0.1:58093 - R:localhost/127.0.0.1:56712]
10:49:05.298 [Forwarding getElementTagName on session 255fd1959fc58b7a3a2544990206a50a to remote] DEBUG org.asynchttpclient.netty.request.NettyRequestSender - Using pooled Channel '[id: 0xe280d8f6, L:/127.0.0.1:58093 - R:localhost/127.0.0.1:56712]' for 'GET' to 'http://localhost:56712/session/255fd1959fc58b7a3a2544990206a50a/element/8c45c49a-baba-4b97-9c24-38162e452cea/name'
10:49:05.298 [Forwarding getElementTagName on session 255fd1959fc58b7a3a2544990206a50a to remote] DEBUG org.asynchttpclient.netty.request.NettyRequestSender - Using open Channel [id: 0xe280d8f6, L:/127.0.0.1:58093 - R:localhost/127.0.0.1:56712] for GET '/session/255fd1959fc58b7a3a2544990206a50a/element/8c45c49a-baba-4b97-9c24-38162e452cea/name'
10:49:05.303 [AsyncHttpClient-1-6] DEBUG org.asynchttpclient.netty.handler.HttpHandler - 

Request DefaultFullHttpRequest(decodeResult: success, version: HTTP/1.1, content: EmptyByteBufBE)
GET /session/255fd1959fc58b7a3a2544990206a50a/element/8c45c49a-baba-4b97-9c24-38162e452cea/name HTTP/1.1
User-Agent: selenium/4.1.2 (java windows)
Cache-Control: no-cache
Content-Type: application/json; charset=utf-8
host: localhost:56712
accept: */*

Response DefaultHttpResponse(decodeResult: success, version: HTTP/1.1)
HTTP/1.1 200 OK
Content-Type: application/json; charset=utf-8
cache-control: no-cache
content-length: 15

10:49:05.303 [AsyncHttpClient-1-6] DEBUG org.asynchttpclient.netty.channel.ChannelManager - Adding key: http://localhost:56712 for channel [id: 0xe280d8f6, L:/127.0.0.1:58093 - R:localhost/127.0.0.1:56712]
10:49:05.307 [Forwarding findElement on session 255fd1959fc58b7a3a2544990206a50a to remote] DEBUG org.asynchttpclient.netty.request.NettyRequestSender - Using pooled Channel '[id: 0xe280d8f6, L:/127.0.0.1:58093 - R:localhost/127.0.0.1:56712]' for 'POST' to 'http://localhost:56712/session/255fd1959fc58b7a3a2544990206a50a/element'
10:49:05.307 [Forwarding findElement on session 255fd1959fc58b7a3a2544990206a50a to remote] DEBUG org.asynchttpclient.netty.request.NettyRequestSender - Using open Channel [id: 0xe280d8f6, L:/127.0.0.1:58093 - R:localhost/127.0.0.1:56712] for POST '/session/255fd1959fc58b7a3a2544990206a50a/element'
10:49:05.319 [AsyncHttpClient-1-6] DEBUG org.asynchttpclient.netty.handler.HttpHandler - 

Request DefaultHttpRequest(decodeResult: success, version: HTTP/1.1)
POST /session/255fd1959fc58b7a3a2544990206a50a/element HTTP/1.1
User-Agent: selenium/4.1.2 (java windows)
Content-Length: 79
Content-Type: application/json; charset=utf-8
host: localhost:56712
accept: */*

Response DefaultHttpResponse(decodeResult: success, version: HTTP/1.1)
HTTP/1.1 200 OK
Content-Type: application/json; charset=utf-8
cache-control: no-cache
content-length: 88

10:49:05.319 [AsyncHttpClient-1-6] DEBUG org.asynchttpclient.netty.channel.ChannelManager - Adding key: http://localhost:56712 for channel [id: 0xe280d8f6, L:/127.0.0.1:58093 - R:localhost/127.0.0.1:56712]
10:49:05.321 [Forwarding clickElement on session 255fd1959fc58b7a3a2544990206a50a to remote] DEBUG org.asynchttpclient.netty.request.NettyRequestSender - Using pooled Channel '[id: 0xe280d8f6, L:/127.0.0.1:58093 - R:localhost/127.0.0.1:56712]' for 'POST' to 'http://localhost:56712/session/255fd1959fc58b7a3a2544990206a50a/element/8c45c49a-baba-4b97-9c24-38162e452cea/click'
10:49:05.321 [Forwarding clickElement on session 255fd1959fc58b7a3a2544990206a50a to remote] DEBUG org.asynchttpclient.netty.request.NettyRequestSender - Using open Channel [id: 0xe280d8f6, L:/127.0.0.1:58093 - R:localhost/127.0.0.1:56712] for POST '/session/255fd1959fc58b7a3a2544990206a50a/element/8c45c49a-baba-4b97-9c24-38162e452cea/click'
10:49:05.574 [AsyncHttpClient-1-6] DEBUG org.asynchttpclient.netty.handler.HttpHandler - 

Request DefaultHttpRequest(decodeResult: success, version: HTTP/1.1)
POST /session/255fd1959fc58b7a3a2544990206a50a/element/8c45c49a-baba-4b97-9c24-38162e452cea/click HTTP/1.1
User-Agent: selenium/4.1.2 (java windows)
Content-Length: 50
Content-Type: application/json; charset=utf-8
host: localhost:56712
accept: */*

Response DefaultHttpResponse(decodeResult: success, version: HTTP/1.1)
HTTP/1.1 200 OK
Content-Type: application/json; charset=utf-8
cache-control: no-cache
content-length: 14

10:49:05.574 [AsyncHttpClient-1-6] DEBUG org.asynchttpclient.netty.channel.ChannelManager - Adding key: http://localhost:56712 for channel [id: 0xe280d8f6, L:/127.0.0.1:58093 - R:localhost/127.0.0.1:56712]
10:49:05.586 [Forwarding screenshot on session 255fd1959fc58b7a3a2544990206a50a to remote] DEBUG org.asynchttpclient.netty.request.NettyRequestSender - Using pooled Channel '[id: 0xe280d8f6, L:/127.0.0.1:58093 - R:localhost/127.0.0.1:56712]' for 'GET' to 'http://localhost:56712/session/255fd1959fc58b7a3a2544990206a50a/screenshot'
10:49:05.586 [Forwarding screenshot on session 255fd1959fc58b7a3a2544990206a50a to remote] DEBUG org.asynchttpclient.netty.request.NettyRequestSender - Using open Channel [id: 0xe280d8f6, L:/127.0.0.1:58093 - R:localhost/127.0.0.1:56712] for GET '/session/255fd1959fc58b7a3a2544990206a50a/screenshot'
10:49:05.663 [AsyncHttpClient-1-1] DEBUG org.asynchttpclient.netty.channel.DefaultChannelPool - Entry count for : http://localhost:58094 : 1
10:49:05.727 [AsyncHttpClient-1-6] DEBUG org.asynchttpclient.netty.handler.HttpHandler - 

Request DefaultFullHttpRequest(decodeResult: success, version: HTTP/1.1, content: EmptyByteBufBE)
GET /session/255fd1959fc58b7a3a2544990206a50a/screenshot HTTP/1.1
User-Agent: selenium/4.1.2 (java windows)
Cache-Control: no-cache
Content-Type: application/json; charset=utf-8
host: localhost:56712
accept: */*

Response DefaultHttpResponse(decodeResult: success, version: HTTP/1.1)
HTTP/1.1 200 OK
Content-Type: application/json; charset=utf-8
cache-control: no-cache
content-length: 56216

10:49:05.728 [AsyncHttpClient-1-6] DEBUG org.asynchttpclient.netty.channel.ChannelManager - Adding key: http://localhost:56712 for channel [id: 0xe280d8f6, L:/127.0.0.1:58093 - R:localhost/127.0.0.1:56712]
10:49:05.732 [main] DEBUG net.serenitybdd.core.photography.Darkroom - Send negative for processing for target\site\serenity\93bcc9a7e51fe36df2bb0ee95da8b9e15460ad67a465a8def437a77fe40a1b48.png
10:49:05.732 [main] DEBUG net.thucydides.core.steps.StepInterceptor - STEP DONE: clickMenuDoctorButton
  &amp#27;[32mAnd &amp#27;[0m&amp#27;[32mI click menu doctor&amp#27;[0m                                            &amp#27;[90m# starter.stepdefinitions.DoctorSteps.iClickMenuDoctor()&amp#27;[0m
10:49:05.760 [main] DEBUG net.thucydides.core.steps.StepInterceptor - STARTING STEP: DoctorSteps.iClickDoctorDepartmentFilterDropdown - clickFilterDropdown
10:49:05.764 [Forwarding findElement on session 255fd1959fc58b7a3a2544990206a50a to remote] DEBUG org.asynchttpclient.netty.request.NettyRequestSender - Using pooled Channel '[id: 0xe280d8f6, L:/127.0.0.1:58093 - R:localhost/127.0.0.1:56712]' for 'POST' to 'http://localhost:56712/session/255fd1959fc58b7a3a2544990206a50a/element'
10:49:05.764 [Forwarding findElement on session 255fd1959fc58b7a3a2544990206a50a to remote] DEBUG org.asynchttpclient.netty.request.NettyRequestSender - Using open Channel [id: 0xe280d8f6, L:/127.0.0.1:58093 - R:localhost/127.0.0.1:56712] for POST '/session/255fd1959fc58b7a3a2544990206a50a/element'
10:49:05.795 [AsyncHttpClient-1-6] DEBUG org.asynchttpclient.netty.handler.HttpHandler - 

Request DefaultHttpRequest(decodeResult: success, version: HTTP/1.1)
POST /session/255fd1959fc58b7a3a2544990206a50a/element HTTP/1.1
User-Agent: selenium/4.1.2 (java windows)
Content-Length: 146
Content-Type: application/json; charset=utf-8
host: localhost:56712
accept: */*

Response DefaultHttpResponse(decodeResult: success, version: HTTP/1.1)
HTTP/1.1 200 OK
Content-Type: application/json; charset=utf-8
cache-control: no-cache
content-length: 88

10:49:05.795 [AsyncHttpClient-1-6] DEBUG org.asynchttpclient.netty.channel.ChannelManager - Adding key: http://localhost:56712 for channel [id: 0xe280d8f6, L:/127.0.0.1:58093 - R:localhost/127.0.0.1:56712]
10:49:05.797 [Forwarding getElementTagName on session 255fd1959fc58b7a3a2544990206a50a to remote] DEBUG org.asynchttpclient.netty.request.NettyRequestSender - Using pooled Channel '[id: 0xe280d8f6, L:/127.0.0.1:58093 - R:localhost/127.0.0.1:56712]' for 'GET' to 'http://localhost:56712/session/255fd1959fc58b7a3a2544990206a50a/element/a294181c-4556-45d6-8938-46a1db19e022/name'
10:49:05.797 [Forwarding getElementTagName on session 255fd1959fc58b7a3a2544990206a50a to remote] DEBUG org.asynchttpclient.netty.request.NettyRequestSender - Using open Channel [id: 0xe280d8f6, L:/127.0.0.1:58093 - R:localhost/127.0.0.1:56712] for GET '/session/255fd1959fc58b7a3a2544990206a50a/element/a294181c-4556-45d6-8938-46a1db19e022/name'
10:49:05.805 [AsyncHttpClient-1-6] DEBUG org.asynchttpclient.netty.handler.HttpHandler - 

Request DefaultFullHttpRequest(decodeResult: success, version: HTTP/1.1, content: EmptyByteBufBE)
GET /session/255fd1959fc58b7a3a2544990206a50a/element/a294181c-4556-45d6-8938-46a1db19e022/name HTTP/1.1
User-Agent: selenium/4.1.2 (java windows)
Cache-Control: no-cache
Content-Type: application/json; charset=utf-8
host: localhost:56712
accept: */*

Response DefaultHttpResponse(decodeResult: success, version: HTTP/1.1)
HTTP/1.1 200 OK
Content-Type: application/json; charset=utf-8
cache-control: no-cache
content-length: 15

10:49:05.805 [AsyncHttpClient-1-6] DEBUG org.asynchttpclient.netty.channel.ChannelManager - Adding key: http://localhost:56712 for channel [id: 0xe280d8f6, L:/127.0.0.1:58093 - R:localhost/127.0.0.1:56712]
10:49:05.807 [Forwarding getElementTagName on session 255fd1959fc58b7a3a2544990206a50a to remote] DEBUG org.asynchttpclient.netty.request.NettyRequestSender - Using pooled Channel '[id: 0xe280d8f6, L:/127.0.0.1:58093 - R:localhost/127.0.0.1:56712]' for 'GET' to 'http://localhost:56712/session/255fd1959fc58b7a3a2544990206a50a/element/a294181c-4556-45d6-8938-46a1db19e022/name'
10:49:05.807 [Forwarding getElementTagName on session 255fd1959fc58b7a3a2544990206a50a to remote] DEBUG org.asynchttpclient.netty.request.NettyRequestSender - Using open Channel [id: 0xe280d8f6, L:/127.0.0.1:58093 - R:localhost/127.0.0.1:56712] for GET '/session/255fd1959fc58b7a3a2544990206a50a/element/a294181c-4556-45d6-8938-46a1db19e022/name'
10:49:05.812 [AsyncHttpClient-1-6] DEBUG org.asynchttpclient.netty.handler.HttpHandler - 

Request DefaultFullHttpRequest(decodeResult: success, version: HTTP/1.1, content: EmptyByteBufBE)
GET /session/255fd1959fc58b7a3a2544990206a50a/element/a294181c-4556-45d6-8938-46a1db19e022/name HTTP/1.1
User-Agent: selenium/4.1.2 (java windows)
Cache-Control: no-cache
Content-Type: application/json; charset=utf-8
host: localhost:56712
accept: */*

Response DefaultHttpResponse(decodeResult: success, version: HTTP/1.1)
HTTP/1.1 200 OK
Content-Type: application/json; charset=utf-8
cache-control: no-cache
content-length: 15

10:49:05.812 [AsyncHttpClient-1-6] DEBUG org.asynchttpclient.netty.channel.ChannelManager - Adding key: http://localhost:56712 for channel [id: 0xe280d8f6, L:/127.0.0.1:58093 - R:localhost/127.0.0.1:56712]
10:49:05.815 [Forwarding findElement on session 255fd1959fc58b7a3a2544990206a50a to remote] DEBUG org.asynchttpclient.netty.request.NettyRequestSender - Using pooled Channel '[id: 0xe280d8f6, L:/127.0.0.1:58093 - R:localhost/127.0.0.1:56712]' for 'POST' to 'http://localhost:56712/session/255fd1959fc58b7a3a2544990206a50a/element'
10:49:05.815 [Forwarding findElement on session 255fd1959fc58b7a3a2544990206a50a to remote] DEBUG org.asynchttpclient.netty.request.NettyRequestSender - Using open Channel [id: 0xe280d8f6, L:/127.0.0.1:58093 - R:localhost/127.0.0.1:56712] for POST '/session/255fd1959fc58b7a3a2544990206a50a/element'
10:49:05.826 [AsyncHttpClient-1-6] DEBUG org.asynchttpclient.netty.handler.HttpHandler - 

Request DefaultHttpRequest(decodeResult: success, version: HTTP/1.1)
POST /session/255fd1959fc58b7a3a2544990206a50a/element HTTP/1.1
User-Agent: selenium/4.1.2 (java windows)
Content-Length: 146
Content-Type: application/json; charset=utf-8
host: localhost:56712
accept: */*

Response DefaultHttpResponse(decodeResult: success, version: HTTP/1.1)
HTTP/1.1 200 OK
Content-Type: application/json; charset=utf-8
cache-control: no-cache
content-length: 88

10:49:05.826 [AsyncHttpClient-1-6] DEBUG org.asynchttpclient.netty.channel.ChannelManager - Adding key: http://localhost:56712 for channel [id: 0xe280d8f6, L:/127.0.0.1:58093 - R:localhost/127.0.0.1:56712]
10:49:05.828 [Forwarding clickElement on session 255fd1959fc58b7a3a2544990206a50a to remote] DEBUG org.asynchttpclient.netty.request.NettyRequestSender - Using pooled Channel '[id: 0xe280d8f6, L:/127.0.0.1:58093 - R:localhost/127.0.0.1:56712]' for 'POST' to 'http://localhost:56712/session/255fd1959fc58b7a3a2544990206a50a/element/a294181c-4556-45d6-8938-46a1db19e022/click'
10:49:05.828 [Forwarding clickElement on session 255fd1959fc58b7a3a2544990206a50a to remote] DEBUG org.asynchttpclient.netty.request.NettyRequestSender - Using open Channel [id: 0xe280d8f6, L:/127.0.0.1:58093 - R:localhost/127.0.0.1:56712] for POST '/session/255fd1959fc58b7a3a2544990206a50a/element/a294181c-4556-45d6-8938-46a1db19e022/click'
10:49:05.965 [AsyncHttpClient-1-6] DEBUG org.asynchttpclient.netty.handler.HttpHandler - 

Request DefaultHttpRequest(decodeResult: success, version: HTTP/1.1)
POST /session/255fd1959fc58b7a3a2544990206a50a/element/a294181c-4556-45d6-8938-46a1db19e022/click HTTP/1.1
User-Agent: selenium/4.1.2 (java windows)
Content-Length: 50
Content-Type: application/json; charset=utf-8
host: localhost:56712
accept: */*

Response DefaultHttpResponse(decodeResult: success, version: HTTP/1.1)
HTTP/1.1 200 OK
Content-Type: application/json; charset=utf-8
cache-control: no-cache
content-length: 14

10:49:05.966 [AsyncHttpClient-1-6] DEBUG org.asynchttpclient.netty.channel.ChannelManager - Adding key: http://localhost:56712 for channel [id: 0xe280d8f6, L:/127.0.0.1:58093 - R:localhost/127.0.0.1:56712]
10:49:05.980 [Forwarding screenshot on session 255fd1959fc58b7a3a2544990206a50a to remote] DEBUG org.asynchttpclient.netty.request.NettyRequestSender - Using pooled Channel '[id: 0xe280d8f6, L:/127.0.0.1:58093 - R:localhost/127.0.0.1:56712]' for 'GET' to 'http://localhost:56712/session/255fd1959fc58b7a3a2544990206a50a/screenshot'
10:49:05.980 [Forwarding screenshot on session 255fd1959fc58b7a3a2544990206a50a to remote] DEBUG org.asynchttpclient.netty.request.NettyRequestSender - Using open Channel [id: 0xe280d8f6, L:/127.0.0.1:58093 - R:localhost/127.0.0.1:56712] for GET '/session/255fd1959fc58b7a3a2544990206a50a/screenshot'
10:49:06.132 [AsyncHttpClient-1-6] DEBUG org.asynchttpclient.netty.handler.HttpHandler - 

Request DefaultFullHttpRequest(decodeResult: success, version: HTTP/1.1, content: EmptyByteBufBE)
GET /session/255fd1959fc58b7a3a2544990206a50a/screenshot HTTP/1.1
User-Agent: selenium/4.1.2 (java windows)
Cache-Control: no-cache
Content-Type: application/json; charset=utf-8
host: localhost:56712
accept: */*

Response DefaultHttpResponse(decodeResult: success, version: HTTP/1.1)
HTTP/1.1 200 OK
Content-Type: application/json; charset=utf-8
cache-control: no-cache
content-length: 64924

10:49:06.132 [AsyncHttpClient-1-6] DEBUG org.asynchttpclient.netty.channel.ChannelManager - Adding key: http://localhost:56712 for channel [id: 0xe280d8f6, L:/127.0.0.1:58093 - R:localhost/127.0.0.1:56712]
10:49:06.137 [main] DEBUG net.serenitybdd.core.photography.Darkroom - Send negative for processing for target\site\serenity\e02b0603d14d33b7ee6ee152a1f0538cb1aa5d7567e5e830f3ddb03b8586a2b1.png
10:49:06.137 [main] DEBUG net.thucydides.core.steps.StepInterceptor - STEP DONE: clickFilterDropdown
  &amp#27;[32mWhen &amp#27;[0m&amp#27;[32mI click doctor department filter dropdown&amp#27;[0m                     &amp#27;[90m# starter.stepdefinitions.DoctorSteps.iClickDoctorDepartmentFilterDropdown()&amp#27;[0m
10:49:06.137 [Darkroom Processing Line] DEBUG net.serenitybdd.core.photography.DarkroomProcessingLine - Processing screenshot image in /var/screenshots/screenshot-6405456158063415101
10:49:06.137 [Darkroom Processing Line] DEBUG net.serenitybdd.core.photography.DarkroomProcessingLine - Saving screenshot to target\site\serenity\e02b0603d14d33b7ee6ee152a1f0538cb1aa5d7567e5e830f3ddb03b8586a2b1.png
10:49:06.168 [main] DEBUG net.thucydides.core.steps.StepInterceptor - STARTING STEP: DoctorSteps.iClickGynecologyMenu - clickGynecologyMenu
10:49:06.173 [Forwarding findElement on session 255fd1959fc58b7a3a2544990206a50a to remote] DEBUG org.asynchttpclient.netty.request.NettyRequestSender - Using pooled Channel '[id: 0xe280d8f6, L:/127.0.0.1:58093 - R:localhost/127.0.0.1:56712]' for 'POST' to 'http://localhost:56712/session/255fd1959fc58b7a3a2544990206a50a/element'
10:49:06.173 [Forwarding findElement on session 255fd1959fc58b7a3a2544990206a50a to remote] DEBUG org.asynchttpclient.netty.request.NettyRequestSender - Using open Channel [id: 0xe280d8f6, L:/127.0.0.1:58093 - R:localhost/127.0.0.1:56712] for POST '/session/255fd1959fc58b7a3a2544990206a50a/element'
10:49:06.194 [AsyncHttpClient-1-6] DEBUG org.asynchttpclient.netty.handler.HttpHandler - 

Request DefaultHttpRequest(decodeResult: success, version: HTTP/1.1)
POST /session/255fd1959fc58b7a3a2544990206a50a/element HTTP/1.1
User-Agent: selenium/4.1.2 (java windows)
Content-Length: 109
Content-Type: application/json; charset=utf-8
host: localhost:56712
accept: */*

Response DefaultHttpResponse(decodeResult: success, version: HTTP/1.1)
HTTP/1.1 200 OK
Content-Type: application/json; charset=utf-8
cache-control: no-cache
content-length: 88

10:49:06.194 [AsyncHttpClient-1-6] DEBUG org.asynchttpclient.netty.channel.ChannelManager - Adding key: http://localhost:56712 for channel [id: 0xe280d8f6, L:/127.0.0.1:58093 - R:localhost/127.0.0.1:56712]
10:49:06.196 [Forwarding getElementTagName on session 255fd1959fc58b7a3a2544990206a50a to remote] DEBUG org.asynchttpclient.netty.request.NettyRequestSender - Using pooled Channel '[id: 0xe280d8f6, L:/127.0.0.1:58093 - R:localhost/127.0.0.1:56712]' for 'GET' to 'http://localhost:56712/session/255fd1959fc58b7a3a2544990206a50a/element/d96016e4-f761-4bea-979e-fc4a758c471f/name'
10:49:06.196 [Forwarding getElementTagName on session 255fd1959fc58b7a3a2544990206a50a to remote] DEBUG org.asynchttpclient.netty.request.NettyRequestSender - Using open Channel [id: 0xe280d8f6, L:/127.0.0.1:58093 - R:localhost/127.0.0.1:56712] for GET '/session/255fd1959fc58b7a3a2544990206a50a/element/d96016e4-f761-4bea-979e-fc4a758c471f/name'
10:49:06.204 [AsyncHttpClient-1-6] DEBUG org.asynchttpclient.netty.handler.HttpHandler - 

Request DefaultFullHttpRequest(decodeResult: success, version: HTTP/1.1, content: EmptyByteBufBE)
GET /session/255fd1959fc58b7a3a2544990206a50a/element/d96016e4-f761-4bea-979e-fc4a758c471f/name HTTP/1.1
User-Agent: selenium/4.1.2 (java windows)
Cache-Control: no-cache
Content-Type: application/json; charset=utf-8
host: localhost:56712
accept: */*

Response DefaultHttpResponse(decodeResult: success, version: HTTP/1.1)
HTTP/1.1 200 OK
Content-Type: application/json; charset=utf-8
cache-control: no-cache
content-length: 14

10:49:06.204 [AsyncHttpClient-1-6] DEBUG org.asynchttpclient.netty.channel.ChannelManager - Adding key: http://localhost:56712 for channel [id: 0xe280d8f6, L:/127.0.0.1:58093 - R:localhost/127.0.0.1:56712]
10:49:06.205 [Forwarding getElementTagName on session 255fd1959fc58b7a3a2544990206a50a to remote] DEBUG org.asynchttpclient.netty.request.NettyRequestSender - Using pooled Channel '[id: 0xe280d8f6, L:/127.0.0.1:58093 - R:localhost/127.0.0.1:56712]' for 'GET' to 'http://localhost:56712/session/255fd1959fc58b7a3a2544990206a50a/element/d96016e4-f761-4bea-979e-fc4a758c471f/name'
10:49:06.205 [Forwarding getElementTagName on session 255fd1959fc58b7a3a2544990206a50a to remote] DEBUG org.asynchttpclient.netty.request.NettyRequestSender - Using open Channel [id: 0xe280d8f6, L:/127.0.0.1:58093 - R:localhost/127.0.0.1:56712] for GET '/session/255fd1959fc58b7a3a2544990206a50a/element/d96016e4-f761-4bea-979e-fc4a758c471f/name'
10:49:06.209 [AsyncHttpClient-1-6] DEBUG org.asynchttpclient.netty.handler.HttpHandler - 

Request DefaultFullHttpRequest(decodeResult: success, version: HTTP/1.1, content: EmptyByteBufBE)
GET /session/255fd1959fc58b7a3a2544990206a50a/element/d96016e4-f761-4bea-979e-fc4a758c471f/name HTTP/1.1
User-Agent: selenium/4.1.2 (java windows)
Cache-Control: no-cache
Content-Type: application/json; charset=utf-8
host: localhost:56712
accept: */*

Response DefaultHttpResponse(decodeResult: success, version: HTTP/1.1)
HTTP/1.1 200 OK
Content-Type: application/json; charset=utf-8
cache-control: no-cache
content-length: 14

10:49:06.209 [AsyncHttpClient-1-6] DEBUG org.asynchttpclient.netty.channel.ChannelManager - Adding key: http://localhost:56712 for channel [id: 0xe280d8f6, L:/127.0.0.1:58093 - R:localhost/127.0.0.1:56712]
10:49:06.212 [Forwarding findElement on session 255fd1959fc58b7a3a2544990206a50a to remote] DEBUG org.asynchttpclient.netty.request.NettyRequestSender - Using pooled Channel '[id: 0xe280d8f6, L:/127.0.0.1:58093 - R:localhost/127.0.0.1:56712]' for 'POST' to 'http://localhost:56712/session/255fd1959fc58b7a3a2544990206a50a/element'
10:49:06.212 [Forwarding findElement on session 255fd1959fc58b7a3a2544990206a50a to remote] DEBUG org.asynchttpclient.netty.request.NettyRequestSender - Using open Channel [id: 0xe280d8f6, L:/127.0.0.1:58093 - R:localhost/127.0.0.1:56712] for POST '/session/255fd1959fc58b7a3a2544990206a50a/element'
10:49:06.223 [AsyncHttpClient-1-6] DEBUG org.asynchttpclient.netty.handler.HttpHandler - 

Request DefaultHttpRequest(decodeResult: success, version: HTTP/1.1)
POST /session/255fd1959fc58b7a3a2544990206a50a/element HTTP/1.1
User-Agent: selenium/4.1.2 (java windows)
Content-Length: 109
Content-Type: application/json; charset=utf-8
host: localhost:56712
accept: */*

Response DefaultHttpResponse(decodeResult: success, version: HTTP/1.1)
HTTP/1.1 200 OK
Content-Type: application/json; charset=utf-8
cache-control: no-cache
content-length: 88

10:49:06.223 [AsyncHttpClient-1-6] DEBUG org.asynchttpclient.netty.channel.ChannelManager - Adding key: http://localhost:56712 for channel [id: 0xe280d8f6, L:/127.0.0.1:58093 - R:localhost/127.0.0.1:56712]
10:49:06.224 [Forwarding clickElement on session 255fd1959fc58b7a3a2544990206a50a to remote] DEBUG org.asynchttpclient.netty.request.NettyRequestSender - Using pooled Channel '[id: 0xe280d8f6, L:/127.0.0.1:58093 - R:localhost/127.0.0.1:56712]' for 'POST' to 'http://localhost:56712/session/255fd1959fc58b7a3a2544990206a50a/element/d96016e4-f761-4bea-979e-fc4a758c471f/click'
10:49:06.224 [Forwarding clickElement on session 255fd1959fc58b7a3a2544990206a50a to remote] DEBUG org.asynchttpclient.netty.request.NettyRequestSender - Using open Channel [id: 0xe280d8f6, L:/127.0.0.1:58093 - R:localhost/127.0.0.1:56712] for POST '/session/255fd1959fc58b7a3a2544990206a50a/element/d96016e4-f761-4bea-979e-fc4a758c471f/click'
10:49:06.352 [AsyncHttpClient-1-6] DEBUG org.asynchttpclient.netty.handler.HttpHandler - 

Request DefaultHttpRequest(decodeResult: success, version: HTTP/1.1)
POST /session/255fd1959fc58b7a3a2544990206a50a/element/d96016e4-f761-4bea-979e-fc4a758c471f/click HTTP/1.1
User-Agent: selenium/4.1.2 (java windows)
Content-Length: 50
Content-Type: application/json; charset=utf-8
host: localhost:56712
accept: */*

Response DefaultHttpResponse(decodeResult: success, version: HTTP/1.1)
HTTP/1.1 200 OK
Content-Type: application/json; charset=utf-8
cache-control: no-cache
content-length: 14

10:49:06.352 [AsyncHttpClient-1-6] DEBUG org.asynchttpclient.netty.channel.ChannelManager - Adding key: http://localhost:56712 for channel [id: 0xe280d8f6, L:/127.0.0.1:58093 - R:localhost/127.0.0.1:56712]
10:49:06.359 [Forwarding screenshot on session 255fd1959fc58b7a3a2544990206a50a to remote] DEBUG org.asynchttpclient.netty.request.NettyRequestSender - Using pooled Channel '[id: 0xe280d8f6, L:/127.0.0.1:58093 - R:localhost/127.0.0.1:56712]' for 'GET' to 'http://localhost:56712/session/255fd1959fc58b7a3a2544990206a50a/screenshot'
10:49:06.359 [Forwarding screenshot on session 255fd1959fc58b7a3a2544990206a50a to remote] DEBUG org.asynchttpclient.netty.request.NettyRequestSender - Using open Channel [id: 0xe280d8f6, L:/127.0.0.1:58093 - R:localhost/127.0.0.1:56712] for GET '/session/255fd1959fc58b7a3a2544990206a50a/screenshot'
10:49:06.537 [AsyncHttpClient-1-6] DEBUG org.asynchttpclient.netty.handler.HttpHandler - 

Request DefaultFullHttpRequest(decodeResult: success, version: HTTP/1.1, content: EmptyByteBufBE)
GET /session/255fd1959fc58b7a3a2544990206a50a/screenshot HTTP/1.1
User-Agent: selenium/4.1.2 (java windows)
Cache-Control: no-cache
Content-Type: application/json; charset=utf-8
host: localhost:56712
accept: */*

Response DefaultHttpResponse(decodeResult: success, version: HTTP/1.1)
HTTP/1.1 200 OK
Content-Type: application/json; charset=utf-8
cache-control: no-cache
content-length: 77456

10:49:06.537 [AsyncHttpClient-1-6] DEBUG org.asynchttpclient.netty.channel.ChannelManager - Adding key: http://localhost:56712 for channel [id: 0xe280d8f6, L:/127.0.0.1:58093 - R:localhost/127.0.0.1:56712]
10:49:06.543 [main] DEBUG net.serenitybdd.core.photography.Darkroom - Send negative for processing for target\site\serenity\fcab759fccba55a66e7b635a7653026efdf371da8e7bc40921172f765dc04071.png
10:49:06.544 [main] DEBUG net.thucydides.core.steps.StepInterceptor - STEP DONE: clickGynecologyMenu
  &amp#27;[32mAnd &amp#27;[0m&amp#27;[32mI click gynecology menu&amp#27;[0m                                        &amp#27;[90m# starter.stepdefinitions.DoctorSteps.iClickGynecologyMenu()&amp#27;[0m
10:49:06.544 [Darkroom Processing Line] DEBUG net.serenitybdd.core.photography.DarkroomProcessingLine - Processing screenshot image in /var/screenshots/screenshot-11242178931613308820
10:49:06.544 [Darkroom Processing Line] DEBUG net.serenitybdd.core.photography.DarkroomProcessingLine - Saving screenshot to target\site\serenity\fcab759fccba55a66e7b635a7653026efdf371da8e7bc40921172f765dc04071.png
10:49:06.563 [main] DEBUG net.thucydides.core.steps.StepInterceptor - STARTING STEP: DoctorSteps.iValidateDoctorListOnlyShowGynecologyDepartmentDoctor - validateGynecologyDoctor
10:49:06.564 [Forwarding findElement on session 255fd1959fc58b7a3a2544990206a50a to remote] DEBUG org.asynchttpclient.netty.request.NettyRequestSender - Using pooled Channel '[id: 0xe280d8f6, L:/127.0.0.1:58093 - R:localhost/127.0.0.1:56712]' for 'POST' to 'http://localhost:56712/session/255fd1959fc58b7a3a2544990206a50a/element'
10:49:06.564 [Forwarding findElement on session 255fd1959fc58b7a3a2544990206a50a to remote] DEBUG org.asynchttpclient.netty.request.NettyRequestSender - Using open Channel [id: 0xe280d8f6, L:/127.0.0.1:58093 - R:localhost/127.0.0.1:56712] for POST '/session/255fd1959fc58b7a3a2544990206a50a/element'
10:49:06.764 [AsyncHttpClient-1-1] DEBUG org.asynchttpclient.netty.channel.DefaultChannelPool - Entry count for : http://localhost:58094 : 1
10:49:07.865 [AsyncHttpClient-1-1] DEBUG org.asynchttpclient.netty.channel.DefaultChannelPool - Entry count for : http://localhost:58094 : 1
10:49:08.389 [AsyncHttpClient-1-6] DEBUG org.asynchttpclient.netty.handler.HttpHandler - 

Request DefaultHttpRequest(decodeResult: success, version: HTTP/1.1)
POST /session/255fd1959fc58b7a3a2544990206a50a/element HTTP/1.1
User-Agent: selenium/4.1.2 (java windows)
Content-Length: 82
Content-Type: application/json; charset=utf-8
host: localhost:56712
accept: */*

Response DefaultHttpResponse(decodeResult: success, version: HTTP/1.1)
HTTP/1.1 200 OK
Content-Type: application/json; charset=utf-8
cache-control: no-cache
content-length: 88

10:49:08.389 [AsyncHttpClient-1-6] DEBUG org.asynchttpclient.netty.channel.ChannelManager - Adding key: http://localhost:56712 for channel [id: 0xe280d8f6, L:/127.0.0.1:58093 - R:localhost/127.0.0.1:56712]
10:49:08.394 [Forwarding isElementDisplayed on session 255fd1959fc58b7a3a2544990206a50a to remote] DEBUG org.asynchttpclient.netty.request.NettyRequestSender - Using pooled Channel '[id: 0xe280d8f6, L:/127.0.0.1:58093 - R:localhost/127.0.0.1:56712]' for 'POST' to 'http://localhost:56712/session/255fd1959fc58b7a3a2544990206a50a/execute/sync'
10:49:08.394 [Forwarding isElementDisplayed on session 255fd1959fc58b7a3a2544990206a50a to remote] DEBUG org.asynchttpclient.netty.request.NettyRequestSender - Using open Channel [id: 0xe280d8f6, L:/127.0.0.1:58093 - R:localhost/127.0.0.1:56712] for POST '/session/255fd1959fc58b7a3a2544990206a50a/execute/sync'
10:49:08.419 [AsyncHttpClient-1-6] DEBUG org.asynchttpclient.netty.handler.HttpHandler - 

Request DefaultHttpRequest(decodeResult: success, version: HTTP/1.1)
POST /session/255fd1959fc58b7a3a2544990206a50a/execute/sync HTTP/1.1
User-Agent: selenium/4.1.2 (java windows)
Content-Length: 48780
Content-Type: application/json; charset=utf-8
host: localhost:56712
accept: */*

Response DefaultHttpResponse(decodeResult: success, version: HTTP/1.1)
HTTP/1.1 200 OK
Content-Type: application/json; charset=utf-8
cache-control: no-cache
content-length: 14

10:49:08.419 [AsyncHttpClient-1-6] DEBUG org.asynchttpclient.netty.channel.ChannelManager - Adding key: http://localhost:56712 for channel [id: 0xe280d8f6, L:/127.0.0.1:58093 - R:localhost/127.0.0.1:56712]
10:49:08.425 [Forwarding screenshot on session 255fd1959fc58b7a3a2544990206a50a to remote] DEBUG org.asynchttpclient.netty.request.NettyRequestSender - Using pooled Channel '[id: 0xe280d8f6, L:/127.0.0.1:58093 - R:localhost/127.0.0.1:56712]' for 'GET' to 'http://localhost:56712/session/255fd1959fc58b7a3a2544990206a50a/screenshot'
10:49:08.425 [Forwarding screenshot on session 255fd1959fc58b7a3a2544990206a50a to remote] DEBUG org.asynchttpclient.netty.request.NettyRequestSender - Using open Channel [id: 0xe280d8f6, L:/127.0.0.1:58093 - R:localhost/127.0.0.1:56712] for GET '/session/255fd1959fc58b7a3a2544990206a50a/screenshot'
10:49:08.546 [AsyncHttpClient-1-6] DEBUG org.asynchttpclient.netty.handler.HttpHandler - 

Request DefaultFullHttpRequest(decodeResult: success, version: HTTP/1.1, content: EmptyByteBufBE)
GET /session/255fd1959fc58b7a3a2544990206a50a/screenshot HTTP/1.1
User-Agent: selenium/4.1.2 (java windows)
Cache-Control: no-cache
Content-Type: application/json; charset=utf-8
host: localhost:56712
accept: */*

Response DefaultHttpResponse(decodeResult: success, version: HTTP/1.1)
HTTP/1.1 200 OK
Content-Type: application/json; charset=utf-8
cache-control: no-cache
content-length: 91672

10:49:08.546 [AsyncHttpClient-1-6] DEBUG org.asynchttpclient.netty.channel.ChannelManager - Adding key: http://localhost:56712 for channel [id: 0xe280d8f6, L:/127.0.0.1:58093 - R:localhost/127.0.0.1:56712]
10:49:08.552 [main] DEBUG net.serenitybdd.core.photography.Darkroom - Send negative for processing for target\site\serenity\1eb8a2a3a52142fafd6fe5d48da43a331c998c2b4a7eeb44caa00117b8a3c9d3.png
10:49:08.552 [main] DEBUG net.thucydides.core.steps.StepInterceptor - STEP DONE: validateGynecologyDoctor
  &amp#27;[32mThen &amp#27;[0m&amp#27;[32mI validate doctor list only show gynecology department doctor&amp#27;[0m &amp#27;[90m# starter.stepdefinitions.DoctorSteps.iValidateDoctorListOnlyShowGynecologyDepartmentDoctor()&amp#27;[0m
10:49:08.553 [Darkroom Processing Line] DEBUG net.serenitybdd.core.photography.DarkroomProcessingLine - Processing screenshot image in /var/screenshots/screenshot-61633574076884747
10:49:08.553 [Darkroom Processing Line] DEBUG net.serenitybdd.core.photography.DarkroomProcessingLine - Saving screenshot to target\site\serenity\1eb8a2a3a52142fafd6fe5d48da43a331c998c2b4a7eeb44caa00117b8a3c9d3.png
10:49:08.562 [main] INFO  - 
  _____   ___   ___   _____     ___     _     ___   ___   ___   ___  
 |_   _| | __| / __| |_   _|   | _ \   /_\   / __| / __| | __| |   \ 
   | |   | _|  \__ \   | |     |  _/  / _ \  \__ \ \__ \ | _|  | |) |
   |_|   |___| |___/   |_|     |_|   /_/ \_\ |___/ |___/ |___| |___/ 

Filter Doctor Gynecology Scenario
----------------------------------------------------------------------
10:49:08.564 [AsyncHttpClient-1-8] DEBUG org.asynchttpclient.netty.handler.WebSocketHandler - Channel Closed: [id: 0x0782af86, L:/127.0.0.1:58101 ! R:localhost/127.0.0.1:58094] with attribute NettyResponseFuture{currentRetry=5,
	isDone=1,
	isCancelled=0,
	asyncHandler=org.asynchttpclient.ws.WebSocketUpgradeHandler@6603b662,
	nettyRequest=org.asynchttpclient.netty.request.NettyRequest@227e2f53,
	future=java.util.concurrent.CompletableFuture@1d5590e3[Completed normally],
	uri=ws://localhost:58094/devtools/browser/a802845e-cc01-41f2-b4b4-f552b3e3112e,
	keepAlive=true,
	redirectCount=0,
	timeoutsHolder=null,
	inAuth=0,
	touch=1655783340683}
10:49:08.564 [AsyncHttpClient-1-8] DEBUG org.asynchttpclient.netty.channel.ChannelManager - Closing Channel [id: 0x0782af86, L:/127.0.0.1:58101 ! R:localhost/127.0.0.1:58094] 
10:49:08.565 [Driver Command Executor] DEBUG org.asynchttpclient.netty.request.NettyRequestSender - Using pooled Channel '[id: 0xe280d8f6, L:/127.0.0.1:58093 - R:localhost/127.0.0.1:56712]' for 'DELETE' to 'http://localhost:56712/session/255fd1959fc58b7a3a2544990206a50a'
10:49:08.565 [Driver Command Executor] DEBUG org.asynchttpclient.netty.request.NettyRequestSender - Using open Channel [id: 0xe280d8f6, L:/127.0.0.1:58093 - R:localhost/127.0.0.1:56712] for DELETE '/session/255fd1959fc58b7a3a2544990206a50a'
10:49:08.662 [AsyncHttpClient-1-7] DEBUG org.asynchttpclient.netty.handler.HttpHandler - Unexpected I/O exception on channel [id: 0x7bcc114c, L:/127.0.0.1:58100 - R:localhost/127.0.0.1:58094]
java.net.SocketException: Connection reset
	at java.base/sun.nio.ch.SocketChannelImpl.throwConnectionReset(SocketChannelImpl.java:367)
	at java.base/sun.nio.ch.SocketChannelImpl.read(SocketChannelImpl.java:398)
	at io.netty.buffer.PooledByteBuf.setBytes(PooledByteBuf.java:258)
	at io.netty.buffer.AbstractByteBuf.writeBytes(AbstractByteBuf.java:1132)
	at io.netty.channel.socket.nio.NioSocketChannel.doReadBytes(NioSocketChannel.java:350)
	at io.netty.channel.nio.AbstractNioByteChannel$NioByteUnsafe.read(AbstractNioByteChannel.java:151)
	at io.netty.channel.nio.NioEventLoop.processSelectedKey(NioEventLoop.java:722)
	at io.netty.channel.nio.NioEventLoop.processSelectedKeysOptimized(NioEventLoop.java:658)
	at io.netty.channel.nio.NioEventLoop.processSelectedKeys(NioEventLoop.java:584)
	at io.netty.channel.nio.NioEventLoop.run(NioEventLoop.java:496)
	at io.netty.util.concurrent.SingleThreadEventExecutor$4.run(SingleThreadEventExecutor.java:986)
	at io.netty.util.internal.ThreadExecutorMap$2.run(ThreadExecutorMap.java:74)
	at io.netty.util.concurrent.FastThreadLocalRunnable.run(FastThreadLocalRunnable.java:30)
	at java.base/java.lang.Thread.run(Thread.java:832)
10:49:08.662 [AsyncHttpClient-1-7] DEBUG org.asynchttpclient.netty.channel.ChannelManager - Closing Channel [id: 0x7bcc114c, L:/127.0.0.1:58100 - R:localhost/127.0.0.1:58094] 
10:49:08.663 [AsyncHttpClient-1-7] DEBUG org.asynchttpclient.netty.handler.HttpHandler - Channel Closed: [id: 0x7bcc114c, L:/127.0.0.1:58100 ! R:localhost/127.0.0.1:58094] with attribute DISCARD
10:49:08.679 [AsyncHttpClient-1-6] DEBUG org.asynchttpclient.netty.handler.HttpHandler - 

Request DefaultFullHttpRequest(decodeResult: success, version: HTTP/1.1, content: EmptyByteBufBE)
DELETE /session/255fd1959fc58b7a3a2544990206a50a HTTP/1.1
User-Agent: selenium/4.1.2 (java windows)
Content-Type: application/json; charset=utf-8
host: localhost:56712
accept: */*

Response DefaultHttpResponse(decodeResult: success, version: HTTP/1.1)
HTTP/1.1 200 OK
Content-Type: application/json; charset=utf-8
cache-control: no-cache
content-length: 14

10:49:08.680 [AsyncHttpClient-1-6] DEBUG org.asynchttpclient.netty.channel.ChannelManager - Adding key: http://localhost:56712 for channel [id: 0xe280d8f6, L:/127.0.0.1:58093 - R:localhost/127.0.0.1:56712]
10:49:08.814 [AsyncHttpClient-1-6] DEBUG org.asynchttpclient.netty.handler.HttpHandler - Channel Closed: [id: 0xe280d8f6, L:/127.0.0.1:58093 ! R:localhost/127.0.0.1:56712] with attribute DISCARD
10:49:08.966 [AsyncHttpClient-1-1] DEBUG org.asynchttpclient.netty.channel.DefaultChannelPool - Entry count for : http://localhost:56712 : 1
10:49:08.966 [AsyncHttpClient-1-1] DEBUG org.asynchttpclient.netty.channel.DefaultChannelPool - Entry count for : http://localhost:58094 : 1
10:49:08.966 [AsyncHttpClient-1-1] DEBUG org.asynchttpclient.netty.channel.DefaultChannelPool - Adding Candidate expired Channel [id: 0xe280d8f6, L:/127.0.0.1:58093 ! R:localhost/127.0.0.1:56712] isIdleTimeoutExpired=false isRemotelyClosed=true isTtlExpired=false
10:49:08.966 [AsyncHttpClient-1-1] DEBUG org.asynchttpclient.netty.channel.DefaultChannelPool - Closing Idle Channel [id: 0xe280d8f6, L:/127.0.0.1:58093 ! R:localhost/127.0.0.1:56712]
10:49:08.966 [AsyncHttpClient-1-1] DEBUG org.asynchttpclient.netty.channel.DefaultChannelPool - Adding Candidate expired Channel [id: 0x7bcc114c, L:/127.0.0.1:58100 ! R:localhost/127.0.0.1:58094] isIdleTimeoutExpired=false isRemotelyClosed=true isTtlExpired=false
10:49:08.966 [AsyncHttpClient-1-1] DEBUG org.asynchttpclient.netty.channel.DefaultChannelPool - Closing Idle Channel [id: 0x7bcc114c, L:/127.0.0.1:58100 ! R:localhost/127.0.0.1:58094]
10:49:08.966 [AsyncHttpClient-1-1] DEBUG org.asynchttpclient.netty.channel.DefaultChannelPool - Closed 2 connections out of 2 in 0 ms
]]></system-out>
    <system-err><![CDATA[Starting ChromeDriver 102.0.5005.61 (0e59bcc00cc4985ce39ad31c150065f159d95ad3-refs/branch-heads/5005@{#819}) on port 56712
Only local connections are allowed.
Please see https://chromedriver.chromium.org/security-considerations for suggestions on keeping ChromeDriver safe.
ChromeDriver was started successfully.
Jun 21, 2022 10:49:00 AM org.openqa.selenium.remote.ProtocolHandshake createSession
INFO: Detected dialect: W3C
Jun 21, 2022 10:49:00 AM org.openqa.selenium.devtools.CdpVersionFinder findNearestMatch
WARNING: Unable to find an exact match for CDP version 102, so returning the closest version found: a no-op implementation
Jun 21, 2022 10:49:00 AM org.openqa.selenium.devtools.CdpVersionFinder findNearestMatch
INFO: Unable to find CDP implementation matching 102.
Jun 21, 2022 10:49:00 AM org.openqa.selenium.chromium.ChromiumDriver lambda$new$3
WARNING: Unable to find version of CDP to use for . You may need to include a dependency on a specific version of the CDP using something similar to `org.seleniumhq.selenium:selenium-devtools-v86:4.1.2` where the version ("v86") matches the version of the chromium-based browser you're using and the version number of the artifact is the same as Selenium's.
]]></system-err>
  </testcase>
</testsuite>