<?xml version="1.0" encoding="UTF-8"?>
<testsuite xmlns:xsi="http://www.w3.org/2001/XMLSchema-instance" xsi:noNamespaceSchemaLocation="https://maven.apache.org/surefire/maven-failsafe-plugin/xsd/failsafe-test-report-3.0.xsd" version="3.0" name="CucumberTestSuite" time="471.69" tests="17" errors="0" skipped="0" failures="0">
  <properties>
    <property name="java.specification.version" value="15"/>
    <property name="webdriver.chrome.driver" value="E:\My Documents\File Difa\TI Semester 6 Kampus Merdeka Alterra\Tugas\CAPSTONE Project\Capstone-Project-Website\src\test\resources\webdriver\chromedriver.exe"/>
    <property name="sun.cpu.isalist" value="amd64"/>
    <property name="sun.jnu.encoding" value="Cp1252"/>
    <property name="java.class.path" value="E:\My Documents\File Difa\TI Semester 6 Kampus Merdeka Alterra\Tugas\CAPSTONE Project\Capstone-Project-Website\target\test-classes;C:\Users\USER\.m2\repository\net\serenity-bdd\serenity-core\3.2.1\serenity-core-3.2.1.jar;C:\Users\USER\.m2\repository\net\serenity-bdd\serenity-model\3.2.1\serenity-model-3.2.1.jar;C:\Users\USER\.m2\repository\org\apache\commons\commons-text\1.9\commons-text-1.9.jar;C:\Users\USER\.m2\repository\commons-net\commons-net\3.8.0\commons-net-3.8.0.jar;C:\Users\USER\.m2\repository\com\google\guava\guava\31.1-jre\guava-31.1-jre.jar;C:\Users\USER\.m2\repository\com\google\guava\failureaccess\1.0.1\failureaccess-1.0.1.jar;C:\Users\USER\.m2\repository\com\google\guava\listenablefuture\9999.0-empty-to-avoid-conflict-with-guava\listenablefuture-9999.0-empty-to-avoid-conflict-with-guava.jar;C:\Users\USER\.m2\repository\com\google\code\findbugs\jsr305\3.0.2\jsr305-3.0.2.jar;C:\Users\USER\.m2\repository\org\checkerframework\checker-qual\3.12.0\checker-qual-3.12.0.jar;C:\Users\USER\.m2\repository\com\google\errorprone\error_prone_annotations\2.11.0\error_prone_annotations-2.11.0.jar;C:\Users\USER\.m2\repository\com\google\j2objc\j2objc-annotations\1.3\j2objc-annotations-1.3.jar;C:\Users\USER\.m2\repository\com\google\inject\guice\5.1.0\guice-5.1.0.jar;C:\Users\USER\.m2\repository\javax\inject\javax.inject\1\javax.inject-1.jar;C:\Users\USER\.m2\repository\aopalliance\aopalliance\1.0\aopalliance-1.0.jar;C:\Users\USER\.m2\repository\org\jsoup\jsoup\1.14.3\jsoup-1.14.3.jar;C:\Users\USER\.m2\repository\com\thoughtworks\xstream\xstream\1.4.19\xstream-1.4.19.jar;C:\Users\USER\.m2\repository\io\github\x-stream\mxparser\1.2.2\mxparser-1.2.2.jar;C:\Users\USER\.m2\repository\xmlpull\xmlpull\1.1.3.1\xmlpull-1.1.3.1.jar;C:\Users\USER\.m2\repository\io\cucumber\cucumber-java\7.2.3\cucumber-java-7.2.3.jar;C:\Users\USER\.m2\repository\com\typesafe\config\1.4.2\config-1.4.2.jar;C:\Users\USER\.m2\repository\org\imgscalr\imgscalr-lib\4.2\imgscalr-lib-4.2.jar;C:\Users\USER\.m2\repository\org\awaitility\awaitility\4.2.0\awaitility-4.2.0.jar;C:\Users\USER\.m2\repository\org\freemarker\freemarker\2.3.31\freemarker-2.3.31.jar;C:\Users\USER\.m2\repository\io\github\classgraph\classgraph\4.8.138\classgraph-4.8.138.jar;C:\Users\USER\.m2\repository\net\sourceforge\jexcelapi\jxl\2.6.12\jxl-2.6.12.jar;C:\Users\USER\.m2\repository\net\bytebuddy\byte-buddy\1.12.8\byte-buddy-1.12.8.jar;C:\Users\USER\.m2\repository\net\bytebuddy\byte-buddy-agent\1.12.8\byte-buddy-agent-1.12.8.jar;C:\Users\USER\.m2\repository\org\objenesis\objenesis\3.1\objenesis-3.1.jar;C:\Users\USER\.m2\repository\net\serenity-bdd\serenity-reports\3.2.1\serenity-reports-3.2.1.jar;C:\Users\USER\.m2\repository\net\serenity-bdd\serenity-stats\3.2.1\serenity-stats-3.2.1.jar;C:\Users\USER\.m2\repository\net\serenity-bdd\serenity-reports-configuration\3.2.1\serenity-reports-configuration-3.2.1.jar;C:\Users\USER\.m2\repository\com\vladsch\flexmark\flexmark-all\0.34.30\flexmark-all-0.34.30.jar;C:\Users\USER\.m2\repository\com\vladsch\flexmark\flexmark\0.34.30\flexmark-0.34.30.jar;C:\Users\USER\.m2\repository\com\vladsch\flexmark\flexmark-ext-abbreviation\0.34.30\flexmark-ext-abbreviation-0.34.30.jar;C:\Users\USER\.m2\repository\com\vladsch\flexmark\flexmark-ext-admonition\0.34.30\flexmark-ext-admonition-0.34.30.jar;C:\Users\USER\.m2\repository\com\vladsch\flexmark\flexmark-ext-anchorlink\0.34.30\flexmark-ext-anchorlink-0.34.30.jar;C:\Users\USER\.m2\repository\com\vladsch\flexmark\flexmark-ext-aside\0.34.30\flexmark-ext-aside-0.34.30.jar;C:\Users\USER\.m2\repository\com\vladsch\flexmark\flexmark-ext-attributes\0.34.30\flexmark-ext-attributes-0.34.30.jar;C:\Users\USER\.m2\repository\com\vladsch\flexmark\flexmark-ext-autolink\0.34.30\flexmark-ext-autolink-0.34.30.jar;C:\Users\USER\.m2\repository\org\nibor\autolink\autolink\0.6.0\autolink-0.6.0.jar;C:\Users\USER\.m2\repository\com\vladsch\flexmark\flexmark-ext-definition\0.34.30\flexmark-ext-definition-0.34.30.jar;C:\Users\USER\.m2\repository\com\vladsch\flexmark\flexmark-ext-emoji\0.34.30\flexmark-ext-emoji-0.34.30.jar;C:\Users\USER\.m2\repository\com\vladsch\flexmark\flexmark-ext-enumerated-reference\0.34.30\flexmark-ext-enumerated-reference-0.34.30.jar;C:\Users\USER\.m2\repository\com\vladsch\flexmark\flexmark-ext-escaped-character\0.34.30\flexmark-ext-escaped-character-0.34.30.jar;C:\Users\USER\.m2\repository\com\vladsch\flexmark\flexmark-ext-footnotes\0.34.30\flexmark-ext-footnotes-0.34.30.jar;C:\Users\USER\.m2\repository\com\vladsch\flexmark\flexmark-ext-gfm-issues\0.34.30\flexmark-ext-gfm-issues-0.34.30.jar;C:\Users\USER\.m2\repository\com\vladsch\flexmark\flexmark-ext-gfm-strikethrough\0.34.30\flexmark-ext-gfm-strikethrough-0.34.30.jar;C:\Users\USER\.m2\repository\com\vladsch\flexmark\flexmark-ext-gfm-tables\0.34.30\flexmark-ext-gfm-tables-0.34.30.jar;C:\Users\USER\.m2\repository\com\vladsch\flexmark\flexmark-ext-gfm-tasklist\0.34.30\flexmark-ext-gfm-tasklist-0.34.30.jar;C:\Users\USER\.m2\repository\com\vladsch\flexmark\flexmark-ext-gfm-users\0.34.30\flexmark-ext-gfm-users-0.34.30.jar;C:\Users\USER\.m2\repository\com\vladsch\flexmark\flexmark-ext-gitlab\0.34.30\flexmark-ext-gitlab-0.34.30.jar;C:\Users\USER\.m2\repository\com\vladsch\flexmark\flexmark-ext-jekyll-front-matter\0.34.30\flexmark-ext-jekyll-front-matter-0.34.30.jar;C:\Users\USER\.m2\repository\com\vladsch\flexmark\flexmark-ext-jekyll-tag\0.34.30\flexmark-ext-jekyll-tag-0.34.30.jar;C:\Users\USER\.m2\repository\com\vladsch\flexmark\flexmark-ext-media-tags\0.34.30\flexmark-ext-media-tags-0.34.30.jar;C:\Users\USER\.m2\repository\com\vladsch\flexmark\flexmark-test-util\0.34.30\flexmark-test-util-0.34.30.jar;C:\Users\USER\.m2\repository\com\vladsch\flexmark\flexmark-ext-ins\0.34.30\flexmark-ext-ins-0.34.30.jar;C:\Users\USER\.m2\repository\com\vladsch\flexmark\flexmark-ext-xwiki-macros\0.34.30\flexmark-ext-xwiki-macros-0.34.30.jar;C:\Users\USER\.m2\repository\com\vladsch\flexmark\flexmark-ext-superscript\0.34.30\flexmark-ext-superscript-0.34.30.jar;C:\Users\USER\.m2\repository\com\vladsch\flexmark\flexmark-ext-tables\0.34.30\flexmark-ext-tables-0.34.30.jar;C:\Users\USER\.m2\repository\com\vladsch\flexmark\flexmark-ext-toc\0.34.30\flexmark-ext-toc-0.34.30.jar;C:\Users\USER\.m2\repository\com\vladsch\flexmark\flexmark-ext-typographic\0.34.30\flexmark-ext-typographic-0.34.30.jar;C:\Users\USER\.m2\repository\com\vladsch\flexmark\flexmark-ext-wikilink\0.34.30\flexmark-ext-wikilink-0.34.30.jar;C:\Users\USER\.m2\repository\com\vladsch\flexmark\flexmark-ext-yaml-front-matter\0.34.30\flexmark-ext-yaml-front-matter-0.34.30.jar;C:\Users\USER\.m2\repository\com\vladsch\flexmark\flexmark-ext-youtube-embedded\0.34.30\flexmark-ext-youtube-embedded-0.34.30.jar;C:\Users\USER\.m2\repository\com\vladsch\flexmark\flexmark-formatter\0.34.30\flexmark-formatter-0.34.30.jar;C:\Users\USER\.m2\repository\com\vladsch\flexmark\flexmark-html-parser\0.34.30\flexmark-html-parser-0.34.30.jar;C:\Users\USER\.m2\repository\com\vladsch\flexmark\flexmark-jira-converter\0.34.30\flexmark-jira-converter-0.34.30.jar;C:\Users\USER\.m2\repository\com\vladsch\flexmark\flexmark-pdf-converter\0.34.30\flexmark-pdf-converter-0.34.30.jar;C:\Users\USER\.m2\repository\com\openhtmltopdf\openhtmltopdf-core\0.0.1-RC13\openhtmltopdf-core-0.0.1-RC13.jar;C:\Users\USER\.m2\repository\com\openhtmltopdf\openhtmltopdf-pdfbox\0.0.1-RC13\openhtmltopdf-pdfbox-0.0.1-RC13.jar;C:\Users\USER\.m2\repository\org\apache\pdfbox\pdfbox\2.0.8\pdfbox-2.0.8.jar;C:\Users\USER\.m2\repository\org\apache\pdfbox\fontbox\2.0.8\fontbox-2.0.8.jar;C:\Users\USER\.m2\repository\commons-logging\commons-logging\1.2\commons-logging-1.2.jar;C:\Users\USER\.m2\repository\org\apache\pdfbox\xmpbox\2.0.8\xmpbox-2.0.8.jar;C:\Users\USER\.m2\repository\de\rototor\pdfbox\graphics2d\0.12\graphics2d-0.12.jar;C:\Users\USER\.m2\repository\com\openhtmltopdf\openhtmltopdf-rtl-support\0.0.1-RC13\openhtmltopdf-rtl-support-0.0.1-RC13.jar;C:\Users\USER\.m2\repository\com\ibm\icu\icu4j\59.1\icu4j-59.1.jar;C:\Users\USER\.m2\repository\com\openhtmltopdf\openhtmltopdf-jsoup-dom-converter\0.0.1-RC13\openhtmltopdf-jsoup-dom-converter-0.0.1-RC13.jar;C:\Users\USER\.m2\repository\com\vladsch\flexmark\flexmark-profile-pegdown\0.34.30\flexmark-profile-pegdown-0.34.30.jar;C:\Users\USER\.m2\repository\com\vladsch\flexmark\flexmark-util\0.34.30\flexmark-util-0.34.30.jar;C:\Users\USER\.m2\repository\com\vladsch\flexmark\flexmark-youtrack-converter\0.34.30\flexmark-youtrack-converter-0.34.30.jar;C:\Users\USER\.m2\repository\es\nitaur\markdown\txtmark\0.16\txtmark-0.16.jar;C:\Users\USER\.m2\repository\net\serenity-bdd\serenity-report-resources\3.2.1\serenity-report-resources-3.2.1.jar;C:\Users\USER\.m2\repository\com\google\code\gson\gson\2.9.0\gson-2.9.0.jar;C:\Users\USER\.m2\repository\com\fasterxml\jackson\core\jackson-core\2.13.2\jackson-core-2.13.2.jar;C:\Users\USER\.m2\repository\com\fasterxml\jackson\core\jackson-databind\2.13.2\jackson-databind-2.13.2.jar;C:\Users\USER\.m2\repository\com\fasterxml\jackson\core\jackson-annotations\2.13.2\jackson-annotations-2.13.2.jar;C:\Users\USER\.m2\repository\commons-codec\commons-codec\1.15\commons-codec-1.15.jar;C:\Users\USER\.m2\repository\commons-io\commons-io\2.11.0\commons-io-2.11.0.jar;C:\Users\USER\.m2\repository\org\seleniumhq\selenium\selenium-java\4.1.2\selenium-java-4.1.2.jar;C:\Users\USER\.m2\repository\org\seleniumhq\selenium\selenium-devtools-v85\4.1.2\selenium-devtools-v85-4.1.2.jar;C:\Users\USER\.m2\repository\org\seleniumhq\selenium\selenium-devtools-v95\4.1.2\selenium-devtools-v95-4.1.2.jar;C:\Users\USER\.m2\repository\org\seleniumhq\selenium\selenium-devtools-v96\4.1.2\selenium-devtools-v96-4.1.2.jar;C:\Users\USER\.m2\repository\org\seleniumhq\selenium\selenium-devtools-v97\4.1.2\selenium-devtools-v97-4.1.2.jar;C:\Users\USER\.m2\repository\org\seleniumhq\selenium\selenium-firefox-xpi-driver\4.1.2\selenium-firefox-xpi-driver-4.1.2.jar;C:\Users\USER\.m2\repository\org\seleniumhq\selenium\selenium-opera-driver\4.1.2\selenium-opera-driver-4.1.2.jar;C:\Users\USER\.m2\repository\org\seleniumhq\selenium\selenium-remote-driver\4.1.2\selenium-remote-driver-4.1.2.jar;C:\Users\USER\.m2\repository\com\beust\jcommander\1.82\jcommander-1.82.jar;C:\Users\USER\.m2\repository\io\netty\netty-buffer\4.1.73.Final\netty-buffer-4.1.73.Final.jar;C:\Users\USER\.m2\repository\io\netty\netty-codec-http\4.1.73.Final\netty-codec-http-4.1.73.Final.jar;C:\Users\USER\.m2\repository\io\netty\netty-codec\4.1.73.Final\netty-codec-4.1.73.Final.jar;C:\Users\USER\.m2\repository\io\netty\netty-handler\4.1.73.Final\netty-handler-4.1.73.Final.jar;C:\Users\USER\.m2\repository\io\netty\netty-tcnative-classes\2.0.46.Final\netty-tcnative-classes-2.0.46.Final.jar;C:\Users\USER\.m2\repository\io\netty\netty-common\4.1.73.Final\netty-common-4.1.73.Final.jar;C:\Users\USER\.m2\repository\io\netty\netty-transport-classes-epoll\4.1.73.Final\netty-transport-classes-epoll-4.1.73.Final.jar;C:\Users\USER\.m2\repository\io\netty\netty-transport-classes-kqueue\4.1.73.Final\netty-transport-classes-kqueue-4.1.73.Final.jar;C:\Users\USER\.m2\repository\io\netty\netty-transport-native-epoll\4.1.73.Final\netty-transport-native-epoll-4.1.73.Final.jar;C:\Users\USER\.m2\repository\io\netty\netty-transport-native-kqueue\4.1.73.Final\netty-transport-native-kqueue-4.1.73.Final.jar;C:\Users\USER\.m2\repository\io\netty\netty-transport-native-unix-common\4.1.73.Final\netty-transport-native-unix-common-4.1.73.Final.jar;C:\Users\USER\.m2\repository\io\netty\netty-transport\4.1.73.Final\netty-transport-4.1.73.Final.jar;C:\Users\USER\.m2\repository\io\netty\netty-resolver\4.1.73.Final\netty-resolver-4.1.73.Final.jar;C:\Users\USER\.m2\repository\io\opentelemetry\opentelemetry-api\1.10.1\opentelemetry-api-1.10.1.jar;C:\Users\USER\.m2\repository\io\opentelemetry\opentelemetry-context\1.10.1\opentelemetry-context-1.10.1.jar;C:\Users\USER\.m2\repository\io\opentelemetry\opentelemetry-exporter-logging\1.10.1\opentelemetry-exporter-logging-1.10.1.jar;C:\Users\USER\.m2\repository\io\opentelemetry\opentelemetry-sdk-metrics\1.10.1-alpha\opentelemetry-sdk-metrics-1.10.1-alpha.jar;C:\Users\USER\.m2\repository\io\opentelemetry\opentelemetry-sdk-logs\1.10.1-alpha\opentelemetry-sdk-logs-1.10.1-alpha.jar;C:\Users\USER\.m2\repository\io\opentelemetry\opentelemetry-sdk-common\1.10.1\opentelemetry-sdk-common-1.10.1.jar;C:\Users\USER\.m2\repository\io\opentelemetry\opentelemetry-sdk-extension-autoconfigure-spi\1.10.1\opentelemetry-sdk-extension-autoconfigure-spi-1.10.1.jar;C:\Users\USER\.m2\repository\io\opentelemetry\opentelemetry-sdk-extension-autoconfigure\1.10.1-alpha\opentelemetry-sdk-extension-autoconfigure-1.10.1-alpha.jar;C:\Users\USER\.m2\repository\io\opentelemetry\opentelemetry-sdk-trace\1.10.1\opentelemetry-sdk-trace-1.10.1.jar;C:\Users\USER\.m2\repository\io\opentelemetry\opentelemetry-sdk\1.10.1\opentelemetry-sdk-1.10.1.jar;C:\Users\USER\.m2\repository\io\opentelemetry\opentelemetry-semconv\1.10.1-alpha\opentelemetry-semconv-1.10.1-alpha.jar;C:\Users\USER\.m2\repository\io\ous\jtoml\2.0.0\jtoml-2.0.0.jar;C:\Users\USER\.m2\repository\org\apache\commons\commons-exec\1.3\commons-exec-1.3.jar;C:\Users\USER\.m2\repository\org\asynchttpclient\async-http-client\2.12.3\async-http-client-2.12.3.jar;C:\Users\USER\.m2\repository\org\asynchttpclient\async-http-client-netty-utils\2.12.3\async-http-client-netty-utils-2.12.3.jar;C:\Users\USER\.m2\repository\io\netty\netty-codec-socks\4.1.60.Final\netty-codec-socks-4.1.60.Final.jar;C:\Users\USER\.m2\repository\io\netty\netty-handler-proxy\4.1.60.Final\netty-handler-proxy-4.1.60.Final.jar;C:\Users\USER\.m2\repository\io\netty\netty-transport-native-epoll\4.1.60.Final\netty-transport-native-epoll-4.1.60.Final-linux-x86_64.jar;C:\Users\USER\.m2\repository\io\netty\netty-transport-native-kqueue\4.1.60.Final\netty-transport-native-kqueue-4.1.60.Final-osx-x86_64.jar;C:\Users\USER\.m2\repository\org\reactivestreams\reactive-streams\1.0.3\reactive-streams-1.0.3.jar;C:\Users\USER\.m2\repository\com\typesafe\netty\netty-reactive-streams\2.0.4\netty-reactive-streams-2.0.4.jar;C:\Users\USER\.m2\repository\org\seleniumhq\selenium\selenium-http\4.1.2\selenium-http-4.1.2.jar;C:\Users\USER\.m2\repository\net\jodah\failsafe\2.4.4\failsafe-2.4.4.jar;C:\Users\USER\.m2\repository\org\seleniumhq\selenium\selenium-safari-driver\4.1.2\selenium-safari-driver-4.1.2.jar;C:\Users\USER\.m2\repository\org\seleniumhq\selenium\selenium-api\4.1.2\selenium-api-4.1.2.jar;C:\Users\USER\.m2\repository\org\seleniumhq\selenium\selenium-support\4.1.2\selenium-support-4.1.2.jar;C:\Users\USER\.m2\repository\com\google\auto\service\auto-service-annotations\1.0.1\auto-service-annotations-1.0.1.jar;C:\Users\USER\.m2\repository\com\google\auto\service\auto-service\1.0.1\auto-service-1.0.1.jar;C:\Users\USER\.m2\repository\com\google\auto\auto-common\1.2\auto-common-1.2.jar;C:\Users\USER\.m2\repository\org\seleniumhq\selenium\selenium-json\4.1.2\selenium-json-4.1.2.jar;C:\Users\USER\.m2\repository\org\seleniumhq\selenium\selenium-chrome-driver\4.1.2\selenium-chrome-driver-4.1.2.jar;C:\Users\USER\.m2\repository\org\seleniumhq\selenium\selenium-chromium-driver\4.1.2\selenium-chromium-driver-4.1.2.jar;C:\Users\USER\.m2\repository\org\seleniumhq\selenium\selenium-firefox-driver\4.1.2\selenium-firefox-driver-4.1.2.jar;C:\Users\USER\.m2\repository\org\seleniumhq\selenium\selenium-edge-driver\4.1.2\selenium-edge-driver-4.1.2.jar;C:\Users\USER\.m2\repository\org\seleniumhq\selenium\selenium-ie-driver\4.1.2\selenium-ie-driver-4.1.2.jar;C:\Users\USER\.m2\repository\org\projectlombok\lombok\1.18.20\lombok-1.18.20.jar;C:\Users\USER\.m2\repository\io\appium\java-client\8.0.0\java-client-8.0.0.jar;C:\Users\USER\.m2\repository\commons-validator\commons-validator\1.7\commons-validator-1.7.jar;C:\Users\USER\.m2\repository\commons-digester\commons-digester\2.1\commons-digester-2.1.jar;C:\Users\USER\.m2\repository\org\aspectj\aspectjweaver\1.9.8\aspectjweaver-1.9.8.jar;C:\Users\USER\.m2\repository\org\codehaus\groovy\groovy\3.0.10\groovy-3.0.10.jar;C:\Users\USER\.m2\repository\net\sf\opencsv\opencsv\2.0\opencsv-2.0.jar;C:\Users\USER\.m2\repository\commons-beanutils\commons-beanutils\1.9.4\commons-beanutils-1.9.4.jar;C:\Users\USER\.m2\repository\org\apache\commons\commons-lang3\3.12.0\commons-lang3-3.12.0.jar;C:\Users\USER\.m2\repository\commons-collections\commons-collections\3.2.2\commons-collections-3.2.2.jar;C:\Users\USER\.m2\repository\org\fluentlenium\fluentlenium-core\0.10.2\fluentlenium-core-0.10.2.jar;C:\Users\USER\.m2\repository\io\github\bonigarcia\webdrivermanager\5.1.0\webdrivermanager-5.1.0.jar;C:\Users\USER\.m2\repository\com\github\docker-java\docker-java\3.2.13\docker-java-3.2.13.jar;C:\Users\USER\.m2\repository\com\github\docker-java\docker-java-core\3.2.13\docker-java-core-3.2.13.jar;C:\Users\USER\.m2\repository\com\github\docker-java\docker-java-api\3.2.13\docker-java-api-3.2.13.jar;C:\Users\USER\.m2\repository\org\apache\commons\commons-compress\1.21\commons-compress-1.21.jar;C:\Users\USER\.m2\repository\org\bouncycastle\bcpkix-jdk15on\1.64\bcpkix-jdk15on-1.64.jar;C:\Users\USER\.m2\repository\org\bouncycastle\bcprov-jdk15on\1.64\bcprov-jdk15on-1.64.jar;C:\Users\USER\.m2\repository\org\slf4j\jcl-over-slf4j\1.7.30\jcl-over-slf4j-1.7.30.jar;C:\Users\USER\.m2\repository\com\github\docker-java\docker-java-transport-httpclient5\3.2.13\docker-java-transport-httpclient5-3.2.13.jar;C:\Users\USER\.m2\repository\com\github\docker-java\docker-java-transport\3.2.13\docker-java-transport-3.2.13.jar;C:\Users\USER\.m2\repository\org\apache\httpcomponents\client5\httpclient5\5.0.3\httpclient5-5.0.3.jar;C:\Users\USER\.m2\repository\org\apache\httpcomponents\core5\httpcore5\5.0.2\httpcore5-5.0.2.jar;C:\Users\USER\.m2\repository\net\java\dev\jna\jna\5.8.0\jna-5.8.0.jar;C:\Users\USER\.m2\repository\org\brotli\dec\0.1.2\dec-0.1.2.jar;C:\Users\USER\.m2\repository\com\jhlabs\filters\2.0.235\filters-2.0.235.jar;C:\Users\USER\.m2\repository\com\paulhammant\ngwebdriver\1.1.6\ngwebdriver-1.1.6.jar;C:\Users\USER\.m2\repository\joda-time\joda-time\2.8.2\joda-time-2.8.2.jar;C:\Users\USER\.m2\repository\org\hamcrest\hamcrest\2.2\hamcrest-2.2.jar;C:\Users\USER\.m2\repository\com\google\jimfs\jimfs\1.2\jimfs-1.2.jar;C:\Users\USER\.m2\repository\org\mockito\mockito-core\3.3.3\mockito-core-3.3.3.jar;C:\Users\USER\.m2\repository\javax\xml\bind\jaxb-api\2.3.1\jaxb-api-2.3.1.jar;C:\Users\USER\.m2\repository\javax\activation\javax.activation-api\1.2.0\javax.activation-api-1.2.0.jar;C:\Users\USER\.m2\repository\com\sun\xml\bind\jaxb-core\2.3.0.1\jaxb-core-2.3.0.1.jar;C:\Users\USER\.m2\repository\com\sun\xml\bind\jaxb-impl\2.3.3\jaxb-impl-2.3.3.jar;C:\Users\USER\.m2\repository\jakarta\xml\bind\jakarta.xml.bind-api\2.3.3\jakarta.xml.bind-api-2.3.3.jar;C:\Users\USER\.m2\repository\com\sun\activation\jakarta.activation\1.2.2\jakarta.activation-1.2.2.jar;C:\Users\USER\.m2\repository\javax\activation\activation\1.1.1\activation-1.1.1.jar;C:\Users\USER\.m2\repository\net\serenity-bdd\serenity-cucumber\3.2.1\serenity-cucumber-3.2.1.jar;C:\Users\USER\.m2\repository\io\cucumber\cucumber-core\7.2.3\cucumber-core-7.2.3.jar;C:\Users\USER\.m2\repository\io\cucumber\cucumber-gherkin\7.2.3\cucumber-gherkin-7.2.3.jar;C:\Users\USER\.m2\repository\io\cucumber\cucumber-gherkin-messages\7.2.3\cucumber-gherkin-messages-7.2.3.jar;C:\Users\USER\.m2\repository\io\cucumber\messages\17.1.1\messages-17.1.1.jar;C:\Users\USER\.m2\repository\io\cucumber\tag-expressions\4.1.0\tag-expressions-4.1.0.jar;C:\Users\USER\.m2\repository\io\cucumber\cucumber-expressions\15.0.1\cucumber-expressions-15.0.1.jar;C:\Users\USER\.m2\repository\io\cucumber\datatable\7.2.3\datatable-7.2.3.jar;C:\Users\USER\.m2\repository\io\cucumber\cucumber-plugin\7.2.3\cucumber-plugin-7.2.3.jar;C:\Users\USER\.m2\repository\io\cucumber\docstring\7.2.3\docstring-7.2.3.jar;C:\Users\USER\.m2\repository\io\cucumber\html-formatter\17.0.0\html-formatter-17.0.0.jar;C:\Users\USER\.m2\repository\io\cucumber\ci-environment\8.1.0\ci-environment-8.1.0.jar;C:\Users\USER\.m2\repository\io\cucumber\cucumber-junit\7.2.3\cucumber-junit-7.2.3.jar;C:\Users\USER\.m2\repository\org\apache\commons\commons-csv\1.5\commons-csv-1.5.jar;C:\Users\USER\.m2\repository\net\serenity-bdd\serenity-screenplay\3.2.1\serenity-screenplay-3.2.1.jar;C:\Users\USER\.m2\repository\net\serenity-bdd\serenity-screenplay-webdriver\3.2.1\serenity-screenplay-webdriver-3.2.1.jar;C:\Users\USER\.m2\repository\net\serenity-bdd\serenity-ensure\3.2.1\serenity-ensure-3.2.1.jar;C:\Users\USER\.m2\repository\net\serenity-bdd\serenity-junit\3.2.1\serenity-junit-3.2.1.jar;C:\Users\USER\.m2\repository\org\jetbrains\kotlin\kotlin-stdlib\1.6.0\kotlin-stdlib-1.6.0.jar;C:\Users\USER\.m2\repository\org\jetbrains\annotations\13.0\annotations-13.0.jar;C:\Users\USER\.m2\repository\org\jetbrains\kotlin\kotlin-stdlib-common\1.6.0\kotlin-stdlib-common-1.6.0.jar;C:\Users\USER\.m2\repository\org\junit\platform\junit-platform-launcher\1.8.1\junit-platform-launcher-1.8.1.jar;C:\Users\USER\.m2\repository\org\junit\platform\junit-platform-engine\1.8.1\junit-platform-engine-1.8.1.jar;C:\Users\USER\.m2\repository\org\opentest4j\opentest4j\1.2.0\opentest4j-1.2.0.jar;C:\Users\USER\.m2\repository\org\junit\platform\junit-platform-commons\1.8.1\junit-platform-commons-1.8.1.jar;C:\Users\USER\.m2\repository\org\apiguardian\apiguardian-api\1.1.2\apiguardian-api-1.1.2.jar;C:\Users\USER\.m2\repository\org\junit\jupiter\junit-jupiter-engine\5.8.2\junit-jupiter-engine-5.8.2.jar;C:\Users\USER\.m2\repository\org\junit\jupiter\junit-jupiter-api\5.8.2\junit-jupiter-api-5.8.2.jar;C:\Users\USER\.m2\repository\org\junit\vintage\junit-vintage-engine\5.8.2\junit-vintage-engine-5.8.2.jar;C:\Users\USER\.m2\repository\junit\junit\4.13.2\junit-4.13.2.jar;C:\Users\USER\.m2\repository\org\hamcrest\hamcrest-core\1.3\hamcrest-core-1.3.jar;C:\Users\USER\.m2\repository\ch\qos\logback\logback-classic\1.2.10\logback-classic-1.2.10.jar;C:\Users\USER\.m2\repository\ch\qos\logback\logback-core\1.2.10\logback-core-1.2.10.jar;C:\Users\USER\.m2\repository\org\slf4j\slf4j-api\1.7.32\slf4j-api-1.7.32.jar;C:\Users\USER\.m2\repository\org\assertj\assertj-core\3.6.2\assertj-core-3.6.2.jar;C:\Users\USER\.m2\repository\com\googlecode\json-simple\json-simple\1.1.1\json-simple-1.1.1.jar;"/>
    <property name="java.vm.vendor" value="Oracle Corporation"/>
    <property name="sun.arch.data.model" value="64"/>
    <property name="user.variant" value=""/>
    <property name="java.vendor.url" value="https://java.oracle.com/"/>
    <property name="user.timezone" value="Asia/Bangkok"/>
    <property name="log4j2.formatMsgNoLookups" value="true"/>
    <property name="os.name" value="Windows 8.1"/>
    <property name="java.vm.specification.version" value="15"/>
    <property name="sun.java.launcher" value="SUN_STANDARD"/>
    <property name="user.country" value="US"/>
    <property name="sun.boot.library.path" value="C:\Program Files\Java\jdk-15.0.2\bin"/>
    <property name="sun.java.command" value="org.apache.maven.surefire.booter.ForkedBooter C:\Users\USER\AppData\Local\Temp\surefire11319989107656811040 2022-06-16T17-22-15_966-jvmRun1 surefire11819035846760931387tmp surefire_02921267890290609052tmp"/>
    <property name="jdk.debug" value="release"/>
    <property name="surefire.test.class.path" value="E:\My Documents\File Difa\TI Semester 6 Kampus Merdeka Alterra\Tugas\CAPSTONE Project\Capstone-Project-Website\target\test-classes;C:\Users\USER\.m2\repository\net\serenity-bdd\serenity-core\3.2.1\serenity-core-3.2.1.jar;C:\Users\USER\.m2\repository\net\serenity-bdd\serenity-model\3.2.1\serenity-model-3.2.1.jar;C:\Users\USER\.m2\repository\org\apache\commons\commons-text\1.9\commons-text-1.9.jar;C:\Users\USER\.m2\repository\commons-net\commons-net\3.8.0\commons-net-3.8.0.jar;C:\Users\USER\.m2\repository\com\google\guava\guava\31.1-jre\guava-31.1-jre.jar;C:\Users\USER\.m2\repository\com\google\guava\failureaccess\1.0.1\failureaccess-1.0.1.jar;C:\Users\USER\.m2\repository\com\google\guava\listenablefuture\9999.0-empty-to-avoid-conflict-with-guava\listenablefuture-9999.0-empty-to-avoid-conflict-with-guava.jar;C:\Users\USER\.m2\repository\com\google\code\findbugs\jsr305\3.0.2\jsr305-3.0.2.jar;C:\Users\USER\.m2\repository\org\checkerframework\checker-qual\3.12.0\checker-qual-3.12.0.jar;C:\Users\USER\.m2\repository\com\google\errorprone\error_prone_annotations\2.11.0\error_prone_annotations-2.11.0.jar;C:\Users\USER\.m2\repository\com\google\j2objc\j2objc-annotations\1.3\j2objc-annotations-1.3.jar;C:\Users\USER\.m2\repository\com\google\inject\guice\5.1.0\guice-5.1.0.jar;C:\Users\USER\.m2\repository\javax\inject\javax.inject\1\javax.inject-1.jar;C:\Users\USER\.m2\repository\aopalliance\aopalliance\1.0\aopalliance-1.0.jar;C:\Users\USER\.m2\repository\org\jsoup\jsoup\1.14.3\jsoup-1.14.3.jar;C:\Users\USER\.m2\repository\com\thoughtworks\xstream\xstream\1.4.19\xstream-1.4.19.jar;C:\Users\USER\.m2\repository\io\github\x-stream\mxparser\1.2.2\mxparser-1.2.2.jar;C:\Users\USER\.m2\repository\xmlpull\xmlpull\1.1.3.1\xmlpull-1.1.3.1.jar;C:\Users\USER\.m2\repository\io\cucumber\cucumber-java\7.2.3\cucumber-java-7.2.3.jar;C:\Users\USER\.m2\repository\com\typesafe\config\1.4.2\config-1.4.2.jar;C:\Users\USER\.m2\repository\org\imgscalr\imgscalr-lib\4.2\imgscalr-lib-4.2.jar;C:\Users\USER\.m2\repository\org\awaitility\awaitility\4.2.0\awaitility-4.2.0.jar;C:\Users\USER\.m2\repository\org\freemarker\freemarker\2.3.31\freemarker-2.3.31.jar;C:\Users\USER\.m2\repository\io\github\classgraph\classgraph\4.8.138\classgraph-4.8.138.jar;C:\Users\USER\.m2\repository\net\sourceforge\jexcelapi\jxl\2.6.12\jxl-2.6.12.jar;C:\Users\USER\.m2\repository\net\bytebuddy\byte-buddy\1.12.8\byte-buddy-1.12.8.jar;C:\Users\USER\.m2\repository\net\bytebuddy\byte-buddy-agent\1.12.8\byte-buddy-agent-1.12.8.jar;C:\Users\USER\.m2\repository\org\objenesis\objenesis\3.1\objenesis-3.1.jar;C:\Users\USER\.m2\repository\net\serenity-bdd\serenity-reports\3.2.1\serenity-reports-3.2.1.jar;C:\Users\USER\.m2\repository\net\serenity-bdd\serenity-stats\3.2.1\serenity-stats-3.2.1.jar;C:\Users\USER\.m2\repository\net\serenity-bdd\serenity-reports-configuration\3.2.1\serenity-reports-configuration-3.2.1.jar;C:\Users\USER\.m2\repository\com\vladsch\flexmark\flexmark-all\0.34.30\flexmark-all-0.34.30.jar;C:\Users\USER\.m2\repository\com\vladsch\flexmark\flexmark\0.34.30\flexmark-0.34.30.jar;C:\Users\USER\.m2\repository\com\vladsch\flexmark\flexmark-ext-abbreviation\0.34.30\flexmark-ext-abbreviation-0.34.30.jar;C:\Users\USER\.m2\repository\com\vladsch\flexmark\flexmark-ext-admonition\0.34.30\flexmark-ext-admonition-0.34.30.jar;C:\Users\USER\.m2\repository\com\vladsch\flexmark\flexmark-ext-anchorlink\0.34.30\flexmark-ext-anchorlink-0.34.30.jar;C:\Users\USER\.m2\repository\com\vladsch\flexmark\flexmark-ext-aside\0.34.30\flexmark-ext-aside-0.34.30.jar;C:\Users\USER\.m2\repository\com\vladsch\flexmark\flexmark-ext-attributes\0.34.30\flexmark-ext-attributes-0.34.30.jar;C:\Users\USER\.m2\repository\com\vladsch\flexmark\flexmark-ext-autolink\0.34.30\flexmark-ext-autolink-0.34.30.jar;C:\Users\USER\.m2\repository\org\nibor\autolink\autolink\0.6.0\autolink-0.6.0.jar;C:\Users\USER\.m2\repository\com\vladsch\flexmark\flexmark-ext-definition\0.34.30\flexmark-ext-definition-0.34.30.jar;C:\Users\USER\.m2\repository\com\vladsch\flexmark\flexmark-ext-emoji\0.34.30\flexmark-ext-emoji-0.34.30.jar;C:\Users\USER\.m2\repository\com\vladsch\flexmark\flexmark-ext-enumerated-reference\0.34.30\flexmark-ext-enumerated-reference-0.34.30.jar;C:\Users\USER\.m2\repository\com\vladsch\flexmark\flexmark-ext-escaped-character\0.34.30\flexmark-ext-escaped-character-0.34.30.jar;C:\Users\USER\.m2\repository\com\vladsch\flexmark\flexmark-ext-footnotes\0.34.30\flexmark-ext-footnotes-0.34.30.jar;C:\Users\USER\.m2\repository\com\vladsch\flexmark\flexmark-ext-gfm-issues\0.34.30\flexmark-ext-gfm-issues-0.34.30.jar;C:\Users\USER\.m2\repository\com\vladsch\flexmark\flexmark-ext-gfm-strikethrough\0.34.30\flexmark-ext-gfm-strikethrough-0.34.30.jar;C:\Users\USER\.m2\repository\com\vladsch\flexmark\flexmark-ext-gfm-tables\0.34.30\flexmark-ext-gfm-tables-0.34.30.jar;C:\Users\USER\.m2\repository\com\vladsch\flexmark\flexmark-ext-gfm-tasklist\0.34.30\flexmark-ext-gfm-tasklist-0.34.30.jar;C:\Users\USER\.m2\repository\com\vladsch\flexmark\flexmark-ext-gfm-users\0.34.30\flexmark-ext-gfm-users-0.34.30.jar;C:\Users\USER\.m2\repository\com\vladsch\flexmark\flexmark-ext-gitlab\0.34.30\flexmark-ext-gitlab-0.34.30.jar;C:\Users\USER\.m2\repository\com\vladsch\flexmark\flexmark-ext-jekyll-front-matter\0.34.30\flexmark-ext-jekyll-front-matter-0.34.30.jar;C:\Users\USER\.m2\repository\com\vladsch\flexmark\flexmark-ext-jekyll-tag\0.34.30\flexmark-ext-jekyll-tag-0.34.30.jar;C:\Users\USER\.m2\repository\com\vladsch\flexmark\flexmark-ext-media-tags\0.34.30\flexmark-ext-media-tags-0.34.30.jar;C:\Users\USER\.m2\repository\com\vladsch\flexmark\flexmark-test-util\0.34.30\flexmark-test-util-0.34.30.jar;C:\Users\USER\.m2\repository\com\vladsch\flexmark\flexmark-ext-ins\0.34.30\flexmark-ext-ins-0.34.30.jar;C:\Users\USER\.m2\repository\com\vladsch\flexmark\flexmark-ext-xwiki-macros\0.34.30\flexmark-ext-xwiki-macros-0.34.30.jar;C:\Users\USER\.m2\repository\com\vladsch\flexmark\flexmark-ext-superscript\0.34.30\flexmark-ext-superscript-0.34.30.jar;C:\Users\USER\.m2\repository\com\vladsch\flexmark\flexmark-ext-tables\0.34.30\flexmark-ext-tables-0.34.30.jar;C:\Users\USER\.m2\repository\com\vladsch\flexmark\flexmark-ext-toc\0.34.30\flexmark-ext-toc-0.34.30.jar;C:\Users\USER\.m2\repository\com\vladsch\flexmark\flexmark-ext-typographic\0.34.30\flexmark-ext-typographic-0.34.30.jar;C:\Users\USER\.m2\repository\com\vladsch\flexmark\flexmark-ext-wikilink\0.34.30\flexmark-ext-wikilink-0.34.30.jar;C:\Users\USER\.m2\repository\com\vladsch\flexmark\flexmark-ext-yaml-front-matter\0.34.30\flexmark-ext-yaml-front-matter-0.34.30.jar;C:\Users\USER\.m2\repository\com\vladsch\flexmark\flexmark-ext-youtube-embedded\0.34.30\flexmark-ext-youtube-embedded-0.34.30.jar;C:\Users\USER\.m2\repository\com\vladsch\flexmark\flexmark-formatter\0.34.30\flexmark-formatter-0.34.30.jar;C:\Users\USER\.m2\repository\com\vladsch\flexmark\flexmark-html-parser\0.34.30\flexmark-html-parser-0.34.30.jar;C:\Users\USER\.m2\repository\com\vladsch\flexmark\flexmark-jira-converter\0.34.30\flexmark-jira-converter-0.34.30.jar;C:\Users\USER\.m2\repository\com\vladsch\flexmark\flexmark-pdf-converter\0.34.30\flexmark-pdf-converter-0.34.30.jar;C:\Users\USER\.m2\repository\com\openhtmltopdf\openhtmltopdf-core\0.0.1-RC13\openhtmltopdf-core-0.0.1-RC13.jar;C:\Users\USER\.m2\repository\com\openhtmltopdf\openhtmltopdf-pdfbox\0.0.1-RC13\openhtmltopdf-pdfbox-0.0.1-RC13.jar;C:\Users\USER\.m2\repository\org\apache\pdfbox\pdfbox\2.0.8\pdfbox-2.0.8.jar;C:\Users\USER\.m2\repository\org\apache\pdfbox\fontbox\2.0.8\fontbox-2.0.8.jar;C:\Users\USER\.m2\repository\commons-logging\commons-logging\1.2\commons-logging-1.2.jar;C:\Users\USER\.m2\repository\org\apache\pdfbox\xmpbox\2.0.8\xmpbox-2.0.8.jar;C:\Users\USER\.m2\repository\de\rototor\pdfbox\graphics2d\0.12\graphics2d-0.12.jar;C:\Users\USER\.m2\repository\com\openhtmltopdf\openhtmltopdf-rtl-support\0.0.1-RC13\openhtmltopdf-rtl-support-0.0.1-RC13.jar;C:\Users\USER\.m2\repository\com\ibm\icu\icu4j\59.1\icu4j-59.1.jar;C:\Users\USER\.m2\repository\com\openhtmltopdf\openhtmltopdf-jsoup-dom-converter\0.0.1-RC13\openhtmltopdf-jsoup-dom-converter-0.0.1-RC13.jar;C:\Users\USER\.m2\repository\com\vladsch\flexmark\flexmark-profile-pegdown\0.34.30\flexmark-profile-pegdown-0.34.30.jar;C:\Users\USER\.m2\repository\com\vladsch\flexmark\flexmark-util\0.34.30\flexmark-util-0.34.30.jar;C:\Users\USER\.m2\repository\com\vladsch\flexmark\flexmark-youtrack-converter\0.34.30\flexmark-youtrack-converter-0.34.30.jar;C:\Users\USER\.m2\repository\es\nitaur\markdown\txtmark\0.16\txtmark-0.16.jar;C:\Users\USER\.m2\repository\net\serenity-bdd\serenity-report-resources\3.2.1\serenity-report-resources-3.2.1.jar;C:\Users\USER\.m2\repository\com\google\code\gson\gson\2.9.0\gson-2.9.0.jar;C:\Users\USER\.m2\repository\com\fasterxml\jackson\core\jackson-core\2.13.2\jackson-core-2.13.2.jar;C:\Users\USER\.m2\repository\com\fasterxml\jackson\core\jackson-databind\2.13.2\jackson-databind-2.13.2.jar;C:\Users\USER\.m2\repository\com\fasterxml\jackson\core\jackson-annotations\2.13.2\jackson-annotations-2.13.2.jar;C:\Users\USER\.m2\repository\commons-codec\commons-codec\1.15\commons-codec-1.15.jar;C:\Users\USER\.m2\repository\commons-io\commons-io\2.11.0\commons-io-2.11.0.jar;C:\Users\USER\.m2\repository\org\seleniumhq\selenium\selenium-java\4.1.2\selenium-java-4.1.2.jar;C:\Users\USER\.m2\repository\org\seleniumhq\selenium\selenium-devtools-v85\4.1.2\selenium-devtools-v85-4.1.2.jar;C:\Users\USER\.m2\repository\org\seleniumhq\selenium\selenium-devtools-v95\4.1.2\selenium-devtools-v95-4.1.2.jar;C:\Users\USER\.m2\repository\org\seleniumhq\selenium\selenium-devtools-v96\4.1.2\selenium-devtools-v96-4.1.2.jar;C:\Users\USER\.m2\repository\org\seleniumhq\selenium\selenium-devtools-v97\4.1.2\selenium-devtools-v97-4.1.2.jar;C:\Users\USER\.m2\repository\org\seleniumhq\selenium\selenium-firefox-xpi-driver\4.1.2\selenium-firefox-xpi-driver-4.1.2.jar;C:\Users\USER\.m2\repository\org\seleniumhq\selenium\selenium-opera-driver\4.1.2\selenium-opera-driver-4.1.2.jar;C:\Users\USER\.m2\repository\org\seleniumhq\selenium\selenium-remote-driver\4.1.2\selenium-remote-driver-4.1.2.jar;C:\Users\USER\.m2\repository\com\beust\jcommander\1.82\jcommander-1.82.jar;C:\Users\USER\.m2\repository\io\netty\netty-buffer\4.1.73.Final\netty-buffer-4.1.73.Final.jar;C:\Users\USER\.m2\repository\io\netty\netty-codec-http\4.1.73.Final\netty-codec-http-4.1.73.Final.jar;C:\Users\USER\.m2\repository\io\netty\netty-codec\4.1.73.Final\netty-codec-4.1.73.Final.jar;C:\Users\USER\.m2\repository\io\netty\netty-handler\4.1.73.Final\netty-handler-4.1.73.Final.jar;C:\Users\USER\.m2\repository\io\netty\netty-tcnative-classes\2.0.46.Final\netty-tcnative-classes-2.0.46.Final.jar;C:\Users\USER\.m2\repository\io\netty\netty-common\4.1.73.Final\netty-common-4.1.73.Final.jar;C:\Users\USER\.m2\repository\io\netty\netty-transport-classes-epoll\4.1.73.Final\netty-transport-classes-epoll-4.1.73.Final.jar;C:\Users\USER\.m2\repository\io\netty\netty-transport-classes-kqueue\4.1.73.Final\netty-transport-classes-kqueue-4.1.73.Final.jar;C:\Users\USER\.m2\repository\io\netty\netty-transport-native-epoll\4.1.73.Final\netty-transport-native-epoll-4.1.73.Final.jar;C:\Users\USER\.m2\repository\io\netty\netty-transport-native-kqueue\4.1.73.Final\netty-transport-native-kqueue-4.1.73.Final.jar;C:\Users\USER\.m2\repository\io\netty\netty-transport-native-unix-common\4.1.73.Final\netty-transport-native-unix-common-4.1.73.Final.jar;C:\Users\USER\.m2\repository\io\netty\netty-transport\4.1.73.Final\netty-transport-4.1.73.Final.jar;C:\Users\USER\.m2\repository\io\netty\netty-resolver\4.1.73.Final\netty-resolver-4.1.73.Final.jar;C:\Users\USER\.m2\repository\io\opentelemetry\opentelemetry-api\1.10.1\opentelemetry-api-1.10.1.jar;C:\Users\USER\.m2\repository\io\opentelemetry\opentelemetry-context\1.10.1\opentelemetry-context-1.10.1.jar;C:\Users\USER\.m2\repository\io\opentelemetry\opentelemetry-exporter-logging\1.10.1\opentelemetry-exporter-logging-1.10.1.jar;C:\Users\USER\.m2\repository\io\opentelemetry\opentelemetry-sdk-metrics\1.10.1-alpha\opentelemetry-sdk-metrics-1.10.1-alpha.jar;C:\Users\USER\.m2\repository\io\opentelemetry\opentelemetry-sdk-logs\1.10.1-alpha\opentelemetry-sdk-logs-1.10.1-alpha.jar;C:\Users\USER\.m2\repository\io\opentelemetry\opentelemetry-sdk-common\1.10.1\opentelemetry-sdk-common-1.10.1.jar;C:\Users\USER\.m2\repository\io\opentelemetry\opentelemetry-sdk-extension-autoconfigure-spi\1.10.1\opentelemetry-sdk-extension-autoconfigure-spi-1.10.1.jar;C:\Users\USER\.m2\repository\io\opentelemetry\opentelemetry-sdk-extension-autoconfigure\1.10.1-alpha\opentelemetry-sdk-extension-autoconfigure-1.10.1-alpha.jar;C:\Users\USER\.m2\repository\io\opentelemetry\opentelemetry-sdk-trace\1.10.1\opentelemetry-sdk-trace-1.10.1.jar;C:\Users\USER\.m2\repository\io\opentelemetry\opentelemetry-sdk\1.10.1\opentelemetry-sdk-1.10.1.jar;C:\Users\USER\.m2\repository\io\opentelemetry\opentelemetry-semconv\1.10.1-alpha\opentelemetry-semconv-1.10.1-alpha.jar;C:\Users\USER\.m2\repository\io\ous\jtoml\2.0.0\jtoml-2.0.0.jar;C:\Users\USER\.m2\repository\org\apache\commons\commons-exec\1.3\commons-exec-1.3.jar;C:\Users\USER\.m2\repository\org\asynchttpclient\async-http-client\2.12.3\async-http-client-2.12.3.jar;C:\Users\USER\.m2\repository\org\asynchttpclient\async-http-client-netty-utils\2.12.3\async-http-client-netty-utils-2.12.3.jar;C:\Users\USER\.m2\repository\io\netty\netty-codec-socks\4.1.60.Final\netty-codec-socks-4.1.60.Final.jar;C:\Users\USER\.m2\repository\io\netty\netty-handler-proxy\4.1.60.Final\netty-handler-proxy-4.1.60.Final.jar;C:\Users\USER\.m2\repository\io\netty\netty-transport-native-epoll\4.1.60.Final\netty-transport-native-epoll-4.1.60.Final-linux-x86_64.jar;C:\Users\USER\.m2\repository\io\netty\netty-transport-native-kqueue\4.1.60.Final\netty-transport-native-kqueue-4.1.60.Final-osx-x86_64.jar;C:\Users\USER\.m2\repository\org\reactivestreams\reactive-streams\1.0.3\reactive-streams-1.0.3.jar;C:\Users\USER\.m2\repository\com\typesafe\netty\netty-reactive-streams\2.0.4\netty-reactive-streams-2.0.4.jar;C:\Users\USER\.m2\repository\org\seleniumhq\selenium\selenium-http\4.1.2\selenium-http-4.1.2.jar;C:\Users\USER\.m2\repository\net\jodah\failsafe\2.4.4\failsafe-2.4.4.jar;C:\Users\USER\.m2\repository\org\seleniumhq\selenium\selenium-safari-driver\4.1.2\selenium-safari-driver-4.1.2.jar;C:\Users\USER\.m2\repository\org\seleniumhq\selenium\selenium-api\4.1.2\selenium-api-4.1.2.jar;C:\Users\USER\.m2\repository\org\seleniumhq\selenium\selenium-support\4.1.2\selenium-support-4.1.2.jar;C:\Users\USER\.m2\repository\com\google\auto\service\auto-service-annotations\1.0.1\auto-service-annotations-1.0.1.jar;C:\Users\USER\.m2\repository\com\google\auto\service\auto-service\1.0.1\auto-service-1.0.1.jar;C:\Users\USER\.m2\repository\com\google\auto\auto-common\1.2\auto-common-1.2.jar;C:\Users\USER\.m2\repository\org\seleniumhq\selenium\selenium-json\4.1.2\selenium-json-4.1.2.jar;C:\Users\USER\.m2\repository\org\seleniumhq\selenium\selenium-chrome-driver\4.1.2\selenium-chrome-driver-4.1.2.jar;C:\Users\USER\.m2\repository\org\seleniumhq\selenium\selenium-chromium-driver\4.1.2\selenium-chromium-driver-4.1.2.jar;C:\Users\USER\.m2\repository\org\seleniumhq\selenium\selenium-firefox-driver\4.1.2\selenium-firefox-driver-4.1.2.jar;C:\Users\USER\.m2\repository\org\seleniumhq\selenium\selenium-edge-driver\4.1.2\selenium-edge-driver-4.1.2.jar;C:\Users\USER\.m2\repository\org\seleniumhq\selenium\selenium-ie-driver\4.1.2\selenium-ie-driver-4.1.2.jar;C:\Users\USER\.m2\repository\org\projectlombok\lombok\1.18.20\lombok-1.18.20.jar;C:\Users\USER\.m2\repository\io\appium\java-client\8.0.0\java-client-8.0.0.jar;C:\Users\USER\.m2\repository\commons-validator\commons-validator\1.7\commons-validator-1.7.jar;C:\Users\USER\.m2\repository\commons-digester\commons-digester\2.1\commons-digester-2.1.jar;C:\Users\USER\.m2\repository\org\aspectj\aspectjweaver\1.9.8\aspectjweaver-1.9.8.jar;C:\Users\USER\.m2\repository\org\codehaus\groovy\groovy\3.0.10\groovy-3.0.10.jar;C:\Users\USER\.m2\repository\net\sf\opencsv\opencsv\2.0\opencsv-2.0.jar;C:\Users\USER\.m2\repository\commons-beanutils\commons-beanutils\1.9.4\commons-beanutils-1.9.4.jar;C:\Users\USER\.m2\repository\org\apache\commons\commons-lang3\3.12.0\commons-lang3-3.12.0.jar;C:\Users\USER\.m2\repository\commons-collections\commons-collections\3.2.2\commons-collections-3.2.2.jar;C:\Users\USER\.m2\repository\org\fluentlenium\fluentlenium-core\0.10.2\fluentlenium-core-0.10.2.jar;C:\Users\USER\.m2\repository\io\github\bonigarcia\webdrivermanager\5.1.0\webdrivermanager-5.1.0.jar;C:\Users\USER\.m2\repository\com\github\docker-java\docker-java\3.2.13\docker-java-3.2.13.jar;C:\Users\USER\.m2\repository\com\github\docker-java\docker-java-core\3.2.13\docker-java-core-3.2.13.jar;C:\Users\USER\.m2\repository\com\github\docker-java\docker-java-api\3.2.13\docker-java-api-3.2.13.jar;C:\Users\USER\.m2\repository\org\apache\commons\commons-compress\1.21\commons-compress-1.21.jar;C:\Users\USER\.m2\repository\org\bouncycastle\bcpkix-jdk15on\1.64\bcpkix-jdk15on-1.64.jar;C:\Users\USER\.m2\repository\org\bouncycastle\bcprov-jdk15on\1.64\bcprov-jdk15on-1.64.jar;C:\Users\USER\.m2\repository\org\slf4j\jcl-over-slf4j\1.7.30\jcl-over-slf4j-1.7.30.jar;C:\Users\USER\.m2\repository\com\github\docker-java\docker-java-transport-httpclient5\3.2.13\docker-java-transport-httpclient5-3.2.13.jar;C:\Users\USER\.m2\repository\com\github\docker-java\docker-java-transport\3.2.13\docker-java-transport-3.2.13.jar;C:\Users\USER\.m2\repository\org\apache\httpcomponents\client5\httpclient5\5.0.3\httpclient5-5.0.3.jar;C:\Users\USER\.m2\repository\org\apache\httpcomponents\core5\httpcore5\5.0.2\httpcore5-5.0.2.jar;C:\Users\USER\.m2\repository\net\java\dev\jna\jna\5.8.0\jna-5.8.0.jar;C:\Users\USER\.m2\repository\org\brotli\dec\0.1.2\dec-0.1.2.jar;C:\Users\USER\.m2\repository\com\jhlabs\filters\2.0.235\filters-2.0.235.jar;C:\Users\USER\.m2\repository\com\paulhammant\ngwebdriver\1.1.6\ngwebdriver-1.1.6.jar;C:\Users\USER\.m2\repository\joda-time\joda-time\2.8.2\joda-time-2.8.2.jar;C:\Users\USER\.m2\repository\org\hamcrest\hamcrest\2.2\hamcrest-2.2.jar;C:\Users\USER\.m2\repository\com\google\jimfs\jimfs\1.2\jimfs-1.2.jar;C:\Users\USER\.m2\repository\org\mockito\mockito-core\3.3.3\mockito-core-3.3.3.jar;C:\Users\USER\.m2\repository\javax\xml\bind\jaxb-api\2.3.1\jaxb-api-2.3.1.jar;C:\Users\USER\.m2\repository\javax\activation\javax.activation-api\1.2.0\javax.activation-api-1.2.0.jar;C:\Users\USER\.m2\repository\com\sun\xml\bind\jaxb-core\2.3.0.1\jaxb-core-2.3.0.1.jar;C:\Users\USER\.m2\repository\com\sun\xml\bind\jaxb-impl\2.3.3\jaxb-impl-2.3.3.jar;C:\Users\USER\.m2\repository\jakarta\xml\bind\jakarta.xml.bind-api\2.3.3\jakarta.xml.bind-api-2.3.3.jar;C:\Users\USER\.m2\repository\com\sun\activation\jakarta.activation\1.2.2\jakarta.activation-1.2.2.jar;C:\Users\USER\.m2\repository\javax\activation\activation\1.1.1\activation-1.1.1.jar;C:\Users\USER\.m2\repository\net\serenity-bdd\serenity-cucumber\3.2.1\serenity-cucumber-3.2.1.jar;C:\Users\USER\.m2\repository\io\cucumber\cucumber-core\7.2.3\cucumber-core-7.2.3.jar;C:\Users\USER\.m2\repository\io\cucumber\cucumber-gherkin\7.2.3\cucumber-gherkin-7.2.3.jar;C:\Users\USER\.m2\repository\io\cucumber\cucumber-gherkin-messages\7.2.3\cucumber-gherkin-messages-7.2.3.jar;C:\Users\USER\.m2\repository\io\cucumber\messages\17.1.1\messages-17.1.1.jar;C:\Users\USER\.m2\repository\io\cucumber\tag-expressions\4.1.0\tag-expressions-4.1.0.jar;C:\Users\USER\.m2\repository\io\cucumber\cucumber-expressions\15.0.1\cucumber-expressions-15.0.1.jar;C:\Users\USER\.m2\repository\io\cucumber\datatable\7.2.3\datatable-7.2.3.jar;C:\Users\USER\.m2\repository\io\cucumber\cucumber-plugin\7.2.3\cucumber-plugin-7.2.3.jar;C:\Users\USER\.m2\repository\io\cucumber\docstring\7.2.3\docstring-7.2.3.jar;C:\Users\USER\.m2\repository\io\cucumber\html-formatter\17.0.0\html-formatter-17.0.0.jar;C:\Users\USER\.m2\repository\io\cucumber\ci-environment\8.1.0\ci-environment-8.1.0.jar;C:\Users\USER\.m2\repository\io\cucumber\cucumber-junit\7.2.3\cucumber-junit-7.2.3.jar;C:\Users\USER\.m2\repository\org\apache\commons\commons-csv\1.5\commons-csv-1.5.jar;C:\Users\USER\.m2\repository\net\serenity-bdd\serenity-screenplay\3.2.1\serenity-screenplay-3.2.1.jar;C:\Users\USER\.m2\repository\net\serenity-bdd\serenity-screenplay-webdriver\3.2.1\serenity-screenplay-webdriver-3.2.1.jar;C:\Users\USER\.m2\repository\net\serenity-bdd\serenity-ensure\3.2.1\serenity-ensure-3.2.1.jar;C:\Users\USER\.m2\repository\net\serenity-bdd\serenity-junit\3.2.1\serenity-junit-3.2.1.jar;C:\Users\USER\.m2\repository\org\jetbrains\kotlin\kotlin-stdlib\1.6.0\kotlin-stdlib-1.6.0.jar;C:\Users\USER\.m2\repository\org\jetbrains\annotations\13.0\annotations-13.0.jar;C:\Users\USER\.m2\repository\org\jetbrains\kotlin\kotlin-stdlib-common\1.6.0\kotlin-stdlib-common-1.6.0.jar;C:\Users\USER\.m2\repository\org\junit\platform\junit-platform-launcher\1.8.1\junit-platform-launcher-1.8.1.jar;C:\Users\USER\.m2\repository\org\junit\platform\junit-platform-engine\1.8.1\junit-platform-engine-1.8.1.jar;C:\Users\USER\.m2\repository\org\opentest4j\opentest4j\1.2.0\opentest4j-1.2.0.jar;C:\Users\USER\.m2\repository\org\junit\platform\junit-platform-commons\1.8.1\junit-platform-commons-1.8.1.jar;C:\Users\USER\.m2\repository\org\apiguardian\apiguardian-api\1.1.2\apiguardian-api-1.1.2.jar;C:\Users\USER\.m2\repository\org\junit\jupiter\junit-jupiter-engine\5.8.2\junit-jupiter-engine-5.8.2.jar;C:\Users\USER\.m2\repository\org\junit\jupiter\junit-jupiter-api\5.8.2\junit-jupiter-api-5.8.2.jar;C:\Users\USER\.m2\repository\org\junit\vintage\junit-vintage-engine\5.8.2\junit-vintage-engine-5.8.2.jar;C:\Users\USER\.m2\repository\junit\junit\4.13.2\junit-4.13.2.jar;C:\Users\USER\.m2\repository\org\hamcrest\hamcrest-core\1.3\hamcrest-core-1.3.jar;C:\Users\USER\.m2\repository\ch\qos\logback\logback-classic\1.2.10\logback-classic-1.2.10.jar;C:\Users\USER\.m2\repository\ch\qos\logback\logback-core\1.2.10\logback-core-1.2.10.jar;C:\Users\USER\.m2\repository\org\slf4j\slf4j-api\1.7.32\slf4j-api-1.7.32.jar;C:\Users\USER\.m2\repository\org\assertj\assertj-core\3.6.2\assertj-core-3.6.2.jar;C:\Users\USER\.m2\repository\com\googlecode\json-simple\json-simple\1.1.1\json-simple-1.1.1.jar;"/>
    <property name="sun.cpu.endian" value="little"/>
    <property name="user.home" value="C:\Users\USER"/>
    <property name="user.language" value="en"/>
    <property name="java.specification.vendor" value="Oracle Corporation"/>
    <property name="jdk.module.path" value="E:\My Documents\File Difa\TI Semester 6 Kampus Merdeka Alterra\Tugas\CAPSTONE Project\Capstone-Project-Website\target\Capstone-Project-Website-1.0-SNAPSHOT.jar"/>
    <property name="java.version.date" value="2021-01-19"/>
    <property name="java.home" value="C:\Program Files\Java\jdk-15.0.2"/>
    <property name="file.separator" value="\"/>
    <property name="basedir" value="E:\My Documents\File Difa\TI Semester 6 Kampus Merdeka Alterra\Tugas\CAPSTONE Project\Capstone-Project-Website"/>
    <property name="java.vm.compressedOopsMode" value="32-bit"/>
    <property name="line.separator" value="&#10;"/>
    <property name="java.vm.specification.vendor" value="Oracle Corporation"/>
    <property name="java.specification.name" value="Java Platform API Specification"/>
    <property name="surefire.real.class.path" value="C:\Users\USER\.m2\repository\org\apache\maven\surefire\surefire-booter\3.0.0-M5\surefire-booter-3.0.0-M5.jar;C:\Users\USER\.m2\repository\org\apache\maven\surefire\surefire-api\3.0.0-M5\surefire-api-3.0.0-M5.jar;C:\Users\USER\.m2\repository\org\apache\maven\surefire\surefire-logger-api\3.0.0-M5\surefire-logger-api-3.0.0-M5.jar;C:\Users\USER\.m2\repository\org\apache\maven\surefire\surefire-shared-utils\3.0.0-M4\surefire-shared-utils-3.0.0-M4.jar;C:\Users\USER\.m2\repository\org\apache\maven\surefire\surefire-extensions-spi\3.0.0-M5\surefire-extensions-spi-3.0.0-M5.jar;E:\My Documents\File Difa\TI Semester 6 Kampus Merdeka Alterra\Tugas\CAPSTONE Project\Capstone-Project-Website\target\test-classes;C:\Users\USER\.m2\repository\net\serenity-bdd\serenity-core\3.2.1\serenity-core-3.2.1.jar;C:\Users\USER\.m2\repository\net\serenity-bdd\serenity-model\3.2.1\serenity-model-3.2.1.jar;C:\Users\USER\.m2\repository\org\apache\commons\commons-text\1.9\commons-text-1.9.jar;C:\Users\USER\.m2\repository\commons-net\commons-net\3.8.0\commons-net-3.8.0.jar;C:\Users\USER\.m2\repository\com\google\guava\guava\31.1-jre\guava-31.1-jre.jar;C:\Users\USER\.m2\repository\com\google\guava\failureaccess\1.0.1\failureaccess-1.0.1.jar;C:\Users\USER\.m2\repository\com\google\guava\listenablefuture\9999.0-empty-to-avoid-conflict-with-guava\listenablefuture-9999.0-empty-to-avoid-conflict-with-guava.jar;C:\Users\USER\.m2\repository\com\google\code\findbugs\jsr305\3.0.2\jsr305-3.0.2.jar;C:\Users\USER\.m2\repository\org\checkerframework\checker-qual\3.12.0\checker-qual-3.12.0.jar;C:\Users\USER\.m2\repository\com\google\errorprone\error_prone_annotations\2.11.0\error_prone_annotations-2.11.0.jar;C:\Users\USER\.m2\repository\com\google\j2objc\j2objc-annotations\1.3\j2objc-annotations-1.3.jar;C:\Users\USER\.m2\repository\com\google\inject\guice\5.1.0\guice-5.1.0.jar;C:\Users\USER\.m2\repository\javax\inject\javax.inject\1\javax.inject-1.jar;C:\Users\USER\.m2\repository\aopalliance\aopalliance\1.0\aopalliance-1.0.jar;C:\Users\USER\.m2\repository\org\jsoup\jsoup\1.14.3\jsoup-1.14.3.jar;C:\Users\USER\.m2\repository\com\thoughtworks\xstream\xstream\1.4.19\xstream-1.4.19.jar;C:\Users\USER\.m2\repository\io\github\x-stream\mxparser\1.2.2\mxparser-1.2.2.jar;C:\Users\USER\.m2\repository\xmlpull\xmlpull\1.1.3.1\xmlpull-1.1.3.1.jar;C:\Users\USER\.m2\repository\io\cucumber\cucumber-java\7.2.3\cucumber-java-7.2.3.jar;C:\Users\USER\.m2\repository\com\typesafe\config\1.4.2\config-1.4.2.jar;C:\Users\USER\.m2\repository\org\imgscalr\imgscalr-lib\4.2\imgscalr-lib-4.2.jar;C:\Users\USER\.m2\repository\org\awaitility\awaitility\4.2.0\awaitility-4.2.0.jar;C:\Users\USER\.m2\repository\org\freemarker\freemarker\2.3.31\freemarker-2.3.31.jar;C:\Users\USER\.m2\repository\io\github\classgraph\classgraph\4.8.138\classgraph-4.8.138.jar;C:\Users\USER\.m2\repository\net\sourceforge\jexcelapi\jxl\2.6.12\jxl-2.6.12.jar;C:\Users\USER\.m2\repository\net\bytebuddy\byte-buddy\1.12.8\byte-buddy-1.12.8.jar;C:\Users\USER\.m2\repository\net\bytebuddy\byte-buddy-agent\1.12.8\byte-buddy-agent-1.12.8.jar;C:\Users\USER\.m2\repository\org\objenesis\objenesis\3.1\objenesis-3.1.jar;C:\Users\USER\.m2\repository\net\serenity-bdd\serenity-reports\3.2.1\serenity-reports-3.2.1.jar;C:\Users\USER\.m2\repository\net\serenity-bdd\serenity-stats\3.2.1\serenity-stats-3.2.1.jar;C:\Users\USER\.m2\repository\net\serenity-bdd\serenity-reports-configuration\3.2.1\serenity-reports-configuration-3.2.1.jar;C:\Users\USER\.m2\repository\com\vladsch\flexmark\flexmark-all\0.34.30\flexmark-all-0.34.30.jar;C:\Users\USER\.m2\repository\com\vladsch\flexmark\flexmark\0.34.30\flexmark-0.34.30.jar;C:\Users\USER\.m2\repository\com\vladsch\flexmark\flexmark-ext-abbreviation\0.34.30\flexmark-ext-abbreviation-0.34.30.jar;C:\Users\USER\.m2\repository\com\vladsch\flexmark\flexmark-ext-admonition\0.34.30\flexmark-ext-admonition-0.34.30.jar;C:\Users\USER\.m2\repository\com\vladsch\flexmark\flexmark-ext-anchorlink\0.34.30\flexmark-ext-anchorlink-0.34.30.jar;C:\Users\USER\.m2\repository\com\vladsch\flexmark\flexmark-ext-aside\0.34.30\flexmark-ext-aside-0.34.30.jar;C:\Users\USER\.m2\repository\com\vladsch\flexmark\flexmark-ext-attributes\0.34.30\flexmark-ext-attributes-0.34.30.jar;C:\Users\USER\.m2\repository\com\vladsch\flexmark\flexmark-ext-autolink\0.34.30\flexmark-ext-autolink-0.34.30.jar;C:\Users\USER\.m2\repository\org\nibor\autolink\autolink\0.6.0\autolink-0.6.0.jar;C:\Users\USER\.m2\repository\com\vladsch\flexmark\flexmark-ext-definition\0.34.30\flexmark-ext-definition-0.34.30.jar;C:\Users\USER\.m2\repository\com\vladsch\flexmark\flexmark-ext-emoji\0.34.30\flexmark-ext-emoji-0.34.30.jar;C:\Users\USER\.m2\repository\com\vladsch\flexmark\flexmark-ext-enumerated-reference\0.34.30\flexmark-ext-enumerated-reference-0.34.30.jar;C:\Users\USER\.m2\repository\com\vladsch\flexmark\flexmark-ext-escaped-character\0.34.30\flexmark-ext-escaped-character-0.34.30.jar;C:\Users\USER\.m2\repository\com\vladsch\flexmark\flexmark-ext-footnotes\0.34.30\flexmark-ext-footnotes-0.34.30.jar;C:\Users\USER\.m2\repository\com\vladsch\flexmark\flexmark-ext-gfm-issues\0.34.30\flexmark-ext-gfm-issues-0.34.30.jar;C:\Users\USER\.m2\repository\com\vladsch\flexmark\flexmark-ext-gfm-strikethrough\0.34.30\flexmark-ext-gfm-strikethrough-0.34.30.jar;C:\Users\USER\.m2\repository\com\vladsch\flexmark\flexmark-ext-gfm-tables\0.34.30\flexmark-ext-gfm-tables-0.34.30.jar;C:\Users\USER\.m2\repository\com\vladsch\flexmark\flexmark-ext-gfm-tasklist\0.34.30\flexmark-ext-gfm-tasklist-0.34.30.jar;C:\Users\USER\.m2\repository\com\vladsch\flexmark\flexmark-ext-gfm-users\0.34.30\flexmark-ext-gfm-users-0.34.30.jar;C:\Users\USER\.m2\repository\com\vladsch\flexmark\flexmark-ext-gitlab\0.34.30\flexmark-ext-gitlab-0.34.30.jar;C:\Users\USER\.m2\repository\com\vladsch\flexmark\flexmark-ext-jekyll-front-matter\0.34.30\flexmark-ext-jekyll-front-matter-0.34.30.jar;C:\Users\USER\.m2\repository\com\vladsch\flexmark\flexmark-ext-jekyll-tag\0.34.30\flexmark-ext-jekyll-tag-0.34.30.jar;C:\Users\USER\.m2\repository\com\vladsch\flexmark\flexmark-ext-media-tags\0.34.30\flexmark-ext-media-tags-0.34.30.jar;C:\Users\USER\.m2\repository\com\vladsch\flexmark\flexmark-test-util\0.34.30\flexmark-test-util-0.34.30.jar;C:\Users\USER\.m2\repository\com\vladsch\flexmark\flexmark-ext-ins\0.34.30\flexmark-ext-ins-0.34.30.jar;C:\Users\USER\.m2\repository\com\vladsch\flexmark\flexmark-ext-xwiki-macros\0.34.30\flexmark-ext-xwiki-macros-0.34.30.jar;C:\Users\USER\.m2\repository\com\vladsch\flexmark\flexmark-ext-superscript\0.34.30\flexmark-ext-superscript-0.34.30.jar;C:\Users\USER\.m2\repository\com\vladsch\flexmark\flexmark-ext-tables\0.34.30\flexmark-ext-tables-0.34.30.jar;C:\Users\USER\.m2\repository\com\vladsch\flexmark\flexmark-ext-toc\0.34.30\flexmark-ext-toc-0.34.30.jar;C:\Users\USER\.m2\repository\com\vladsch\flexmark\flexmark-ext-typographic\0.34.30\flexmark-ext-typographic-0.34.30.jar;C:\Users\USER\.m2\repository\com\vladsch\flexmark\flexmark-ext-wikilink\0.34.30\flexmark-ext-wikilink-0.34.30.jar;C:\Users\USER\.m2\repository\com\vladsch\flexmark\flexmark-ext-yaml-front-matter\0.34.30\flexmark-ext-yaml-front-matter-0.34.30.jar;C:\Users\USER\.m2\repository\com\vladsch\flexmark\flexmark-ext-youtube-embedded\0.34.30\flexmark-ext-youtube-embedded-0.34.30.jar;C:\Users\USER\.m2\repository\com\vladsch\flexmark\flexmark-formatter\0.34.30\flexmark-formatter-0.34.30.jar;C:\Users\USER\.m2\repository\com\vladsch\flexmark\flexmark-html-parser\0.34.30\flexmark-html-parser-0.34.30.jar;C:\Users\USER\.m2\repository\com\vladsch\flexmark\flexmark-jira-converter\0.34.30\flexmark-jira-converter-0.34.30.jar;C:\Users\USER\.m2\repository\com\vladsch\flexmark\flexmark-pdf-converter\0.34.30\flexmark-pdf-converter-0.34.30.jar;C:\Users\USER\.m2\repository\com\openhtmltopdf\openhtmltopdf-core\0.0.1-RC13\openhtmltopdf-core-0.0.1-RC13.jar;C:\Users\USER\.m2\repository\com\openhtmltopdf\openhtmltopdf-pdfbox\0.0.1-RC13\openhtmltopdf-pdfbox-0.0.1-RC13.jar;C:\Users\USER\.m2\repository\org\apache\pdfbox\pdfbox\2.0.8\pdfbox-2.0.8.jar;C:\Users\USER\.m2\repository\org\apache\pdfbox\fontbox\2.0.8\fontbox-2.0.8.jar;C:\Users\USER\.m2\repository\commons-logging\commons-logging\1.2\commons-logging-1.2.jar;C:\Users\USER\.m2\repository\org\apache\pdfbox\xmpbox\2.0.8\xmpbox-2.0.8.jar;C:\Users\USER\.m2\repository\de\rototor\pdfbox\graphics2d\0.12\graphics2d-0.12.jar;C:\Users\USER\.m2\repository\com\openhtmltopdf\openhtmltopdf-rtl-support\0.0.1-RC13\openhtmltopdf-rtl-support-0.0.1-RC13.jar;C:\Users\USER\.m2\repository\com\ibm\icu\icu4j\59.1\icu4j-59.1.jar;C:\Users\USER\.m2\repository\com\openhtmltopdf\openhtmltopdf-jsoup-dom-converter\0.0.1-RC13\openhtmltopdf-jsoup-dom-converter-0.0.1-RC13.jar;C:\Users\USER\.m2\repository\com\vladsch\flexmark\flexmark-profile-pegdown\0.34.30\flexmark-profile-pegdown-0.34.30.jar;C:\Users\USER\.m2\repository\com\vladsch\flexmark\flexmark-util\0.34.30\flexmark-util-0.34.30.jar;C:\Users\USER\.m2\repository\com\vladsch\flexmark\flexmark-youtrack-converter\0.34.30\flexmark-youtrack-converter-0.34.30.jar;C:\Users\USER\.m2\repository\es\nitaur\markdown\txtmark\0.16\txtmark-0.16.jar;C:\Users\USER\.m2\repository\net\serenity-bdd\serenity-report-resources\3.2.1\serenity-report-resources-3.2.1.jar;C:\Users\USER\.m2\repository\com\google\code\gson\gson\2.9.0\gson-2.9.0.jar;C:\Users\USER\.m2\repository\com\fasterxml\jackson\core\jackson-core\2.13.2\jackson-core-2.13.2.jar;C:\Users\USER\.m2\repository\com\fasterxml\jackson\core\jackson-databind\2.13.2\jackson-databind-2.13.2.jar;C:\Users\USER\.m2\repository\com\fasterxml\jackson\core\jackson-annotations\2.13.2\jackson-annotations-2.13.2.jar;C:\Users\USER\.m2\repository\commons-codec\commons-codec\1.15\commons-codec-1.15.jar;C:\Users\USER\.m2\repository\commons-io\commons-io\2.11.0\commons-io-2.11.0.jar;C:\Users\USER\.m2\repository\org\seleniumhq\selenium\selenium-java\4.1.2\selenium-java-4.1.2.jar;C:\Users\USER\.m2\repository\org\seleniumhq\selenium\selenium-devtools-v85\4.1.2\selenium-devtools-v85-4.1.2.jar;C:\Users\USER\.m2\repository\org\seleniumhq\selenium\selenium-devtools-v95\4.1.2\selenium-devtools-v95-4.1.2.jar;C:\Users\USER\.m2\repository\org\seleniumhq\selenium\selenium-devtools-v96\4.1.2\selenium-devtools-v96-4.1.2.jar;C:\Users\USER\.m2\repository\org\seleniumhq\selenium\selenium-devtools-v97\4.1.2\selenium-devtools-v97-4.1.2.jar;C:\Users\USER\.m2\repository\org\seleniumhq\selenium\selenium-firefox-xpi-driver\4.1.2\selenium-firefox-xpi-driver-4.1.2.jar;C:\Users\USER\.m2\repository\org\seleniumhq\selenium\selenium-opera-driver\4.1.2\selenium-opera-driver-4.1.2.jar;C:\Users\USER\.m2\repository\org\seleniumhq\selenium\selenium-remote-driver\4.1.2\selenium-remote-driver-4.1.2.jar;C:\Users\USER\.m2\repository\com\beust\jcommander\1.82\jcommander-1.82.jar;C:\Users\USER\.m2\repository\io\netty\netty-buffer\4.1.73.Final\netty-buffer-4.1.73.Final.jar;C:\Users\USER\.m2\repository\io\netty\netty-codec-http\4.1.73.Final\netty-codec-http-4.1.73.Final.jar;C:\Users\USER\.m2\repository\io\netty\netty-codec\4.1.73.Final\netty-codec-4.1.73.Final.jar;C:\Users\USER\.m2\repository\io\netty\netty-handler\4.1.73.Final\netty-handler-4.1.73.Final.jar;C:\Users\USER\.m2\repository\io\netty\netty-tcnative-classes\2.0.46.Final\netty-tcnative-classes-2.0.46.Final.jar;C:\Users\USER\.m2\repository\io\netty\netty-common\4.1.73.Final\netty-common-4.1.73.Final.jar;C:\Users\USER\.m2\repository\io\netty\netty-transport-classes-epoll\4.1.73.Final\netty-transport-classes-epoll-4.1.73.Final.jar;C:\Users\USER\.m2\repository\io\netty\netty-transport-classes-kqueue\4.1.73.Final\netty-transport-classes-kqueue-4.1.73.Final.jar;C:\Users\USER\.m2\repository\io\netty\netty-transport-native-epoll\4.1.73.Final\netty-transport-native-epoll-4.1.73.Final.jar;C:\Users\USER\.m2\repository\io\netty\netty-transport-native-kqueue\4.1.73.Final\netty-transport-native-kqueue-4.1.73.Final.jar;C:\Users\USER\.m2\repository\io\netty\netty-transport-native-unix-common\4.1.73.Final\netty-transport-native-unix-common-4.1.73.Final.jar;C:\Users\USER\.m2\repository\io\netty\netty-transport\4.1.73.Final\netty-transport-4.1.73.Final.jar;C:\Users\USER\.m2\repository\io\netty\netty-resolver\4.1.73.Final\netty-resolver-4.1.73.Final.jar;C:\Users\USER\.m2\repository\io\opentelemetry\opentelemetry-api\1.10.1\opentelemetry-api-1.10.1.jar;C:\Users\USER\.m2\repository\io\opentelemetry\opentelemetry-context\1.10.1\opentelemetry-context-1.10.1.jar;C:\Users\USER\.m2\repository\io\opentelemetry\opentelemetry-exporter-logging\1.10.1\opentelemetry-exporter-logging-1.10.1.jar;C:\Users\USER\.m2\repository\io\opentelemetry\opentelemetry-sdk-metrics\1.10.1-alpha\opentelemetry-sdk-metrics-1.10.1-alpha.jar;C:\Users\USER\.m2\repository\io\opentelemetry\opentelemetry-sdk-logs\1.10.1-alpha\opentelemetry-sdk-logs-1.10.1-alpha.jar;C:\Users\USER\.m2\repository\io\opentelemetry\opentelemetry-sdk-common\1.10.1\opentelemetry-sdk-common-1.10.1.jar;C:\Users\USER\.m2\repository\io\opentelemetry\opentelemetry-sdk-extension-autoconfigure-spi\1.10.1\opentelemetry-sdk-extension-autoconfigure-spi-1.10.1.jar;C:\Users\USER\.m2\repository\io\opentelemetry\opentelemetry-sdk-extension-autoconfigure\1.10.1-alpha\opentelemetry-sdk-extension-autoconfigure-1.10.1-alpha.jar;C:\Users\USER\.m2\repository\io\opentelemetry\opentelemetry-sdk-trace\1.10.1\opentelemetry-sdk-trace-1.10.1.jar;C:\Users\USER\.m2\repository\io\opentelemetry\opentelemetry-sdk\1.10.1\opentelemetry-sdk-1.10.1.jar;C:\Users\USER\.m2\repository\io\opentelemetry\opentelemetry-semconv\1.10.1-alpha\opentelemetry-semconv-1.10.1-alpha.jar;C:\Users\USER\.m2\repository\io\ous\jtoml\2.0.0\jtoml-2.0.0.jar;C:\Users\USER\.m2\repository\org\apache\commons\commons-exec\1.3\commons-exec-1.3.jar;C:\Users\USER\.m2\repository\org\asynchttpclient\async-http-client\2.12.3\async-http-client-2.12.3.jar;C:\Users\USER\.m2\repository\org\asynchttpclient\async-http-client-netty-utils\2.12.3\async-http-client-netty-utils-2.12.3.jar;C:\Users\USER\.m2\repository\io\netty\netty-codec-socks\4.1.60.Final\netty-codec-socks-4.1.60.Final.jar;C:\Users\USER\.m2\repository\io\netty\netty-handler-proxy\4.1.60.Final\netty-handler-proxy-4.1.60.Final.jar;C:\Users\USER\.m2\repository\io\netty\netty-transport-native-epoll\4.1.60.Final\netty-transport-native-epoll-4.1.60.Final-linux-x86_64.jar;C:\Users\USER\.m2\repository\io\netty\netty-transport-native-kqueue\4.1.60.Final\netty-transport-native-kqueue-4.1.60.Final-osx-x86_64.jar;C:\Users\USER\.m2\repository\org\reactivestreams\reactive-streams\1.0.3\reactive-streams-1.0.3.jar;C:\Users\USER\.m2\repository\com\typesafe\netty\netty-reactive-streams\2.0.4\netty-reactive-streams-2.0.4.jar;C:\Users\USER\.m2\repository\org\seleniumhq\selenium\selenium-http\4.1.2\selenium-http-4.1.2.jar;C:\Users\USER\.m2\repository\net\jodah\failsafe\2.4.4\failsafe-2.4.4.jar;C:\Users\USER\.m2\repository\org\seleniumhq\selenium\selenium-safari-driver\4.1.2\selenium-safari-driver-4.1.2.jar;C:\Users\USER\.m2\repository\org\seleniumhq\selenium\selenium-api\4.1.2\selenium-api-4.1.2.jar;C:\Users\USER\.m2\repository\org\seleniumhq\selenium\selenium-support\4.1.2\selenium-support-4.1.2.jar;C:\Users\USER\.m2\repository\com\google\auto\service\auto-service-annotations\1.0.1\auto-service-annotations-1.0.1.jar;C:\Users\USER\.m2\repository\com\google\auto\service\auto-service\1.0.1\auto-service-1.0.1.jar;C:\Users\USER\.m2\repository\com\google\auto\auto-common\1.2\auto-common-1.2.jar;C:\Users\USER\.m2\repository\org\seleniumhq\selenium\selenium-json\4.1.2\selenium-json-4.1.2.jar;C:\Users\USER\.m2\repository\org\seleniumhq\selenium\selenium-chrome-driver\4.1.2\selenium-chrome-driver-4.1.2.jar;C:\Users\USER\.m2\repository\org\seleniumhq\selenium\selenium-chromium-driver\4.1.2\selenium-chromium-driver-4.1.2.jar;C:\Users\USER\.m2\repository\org\seleniumhq\selenium\selenium-firefox-driver\4.1.2\selenium-firefox-driver-4.1.2.jar;C:\Users\USER\.m2\repository\org\seleniumhq\selenium\selenium-edge-driver\4.1.2\selenium-edge-driver-4.1.2.jar;C:\Users\USER\.m2\repository\org\seleniumhq\selenium\selenium-ie-driver\4.1.2\selenium-ie-driver-4.1.2.jar;C:\Users\USER\.m2\repository\org\projectlombok\lombok\1.18.20\lombok-1.18.20.jar;C:\Users\USER\.m2\repository\io\appium\java-client\8.0.0\java-client-8.0.0.jar;C:\Users\USER\.m2\repository\commons-validator\commons-validator\1.7\commons-validator-1.7.jar;C:\Users\USER\.m2\repository\commons-digester\commons-digester\2.1\commons-digester-2.1.jar;C:\Users\USER\.m2\repository\org\aspectj\aspectjweaver\1.9.8\aspectjweaver-1.9.8.jar;C:\Users\USER\.m2\repository\org\codehaus\groovy\groovy\3.0.10\groovy-3.0.10.jar;C:\Users\USER\.m2\repository\net\sf\opencsv\opencsv\2.0\opencsv-2.0.jar;C:\Users\USER\.m2\repository\commons-beanutils\commons-beanutils\1.9.4\commons-beanutils-1.9.4.jar;C:\Users\USER\.m2\repository\org\apache\commons\commons-lang3\3.12.0\commons-lang3-3.12.0.jar;C:\Users\USER\.m2\repository\commons-collections\commons-collections\3.2.2\commons-collections-3.2.2.jar;C:\Users\USER\.m2\repository\org\fluentlenium\fluentlenium-core\0.10.2\fluentlenium-core-0.10.2.jar;C:\Users\USER\.m2\repository\io\github\bonigarcia\webdrivermanager\5.1.0\webdrivermanager-5.1.0.jar;C:\Users\USER\.m2\repository\com\github\docker-java\docker-java\3.2.13\docker-java-3.2.13.jar;C:\Users\USER\.m2\repository\com\github\docker-java\docker-java-core\3.2.13\docker-java-core-3.2.13.jar;C:\Users\USER\.m2\repository\com\github\docker-java\docker-java-api\3.2.13\docker-java-api-3.2.13.jar;C:\Users\USER\.m2\repository\org\apache\commons\commons-compress\1.21\commons-compress-1.21.jar;C:\Users\USER\.m2\repository\org\bouncycastle\bcpkix-jdk15on\1.64\bcpkix-jdk15on-1.64.jar;C:\Users\USER\.m2\repository\org\bouncycastle\bcprov-jdk15on\1.64\bcprov-jdk15on-1.64.jar;C:\Users\USER\.m2\repository\org\slf4j\jcl-over-slf4j\1.7.30\jcl-over-slf4j-1.7.30.jar;C:\Users\USER\.m2\repository\com\github\docker-java\docker-java-transport-httpclient5\3.2.13\docker-java-transport-httpclient5-3.2.13.jar;C:\Users\USER\.m2\repository\com\github\docker-java\docker-java-transport\3.2.13\docker-java-transport-3.2.13.jar;C:\Users\USER\.m2\repository\org\apache\httpcomponents\client5\httpclient5\5.0.3\httpclient5-5.0.3.jar;C:\Users\USER\.m2\repository\org\apache\httpcomponents\core5\httpcore5\5.0.2\httpcore5-5.0.2.jar;C:\Users\USER\.m2\repository\net\java\dev\jna\jna\5.8.0\jna-5.8.0.jar;C:\Users\USER\.m2\repository\org\brotli\dec\0.1.2\dec-0.1.2.jar;C:\Users\USER\.m2\repository\com\jhlabs\filters\2.0.235\filters-2.0.235.jar;C:\Users\USER\.m2\repository\com\paulhammant\ngwebdriver\1.1.6\ngwebdriver-1.1.6.jar;C:\Users\USER\.m2\repository\joda-time\joda-time\2.8.2\joda-time-2.8.2.jar;C:\Users\USER\.m2\repository\org\hamcrest\hamcrest\2.2\hamcrest-2.2.jar;C:\Users\USER\.m2\repository\com\google\jimfs\jimfs\1.2\jimfs-1.2.jar;C:\Users\USER\.m2\repository\org\mockito\mockito-core\3.3.3\mockito-core-3.3.3.jar;C:\Users\USER\.m2\repository\javax\xml\bind\jaxb-api\2.3.1\jaxb-api-2.3.1.jar;C:\Users\USER\.m2\repository\javax\activation\javax.activation-api\1.2.0\javax.activation-api-1.2.0.jar;C:\Users\USER\.m2\repository\com\sun\xml\bind\jaxb-core\2.3.0.1\jaxb-core-2.3.0.1.jar;C:\Users\USER\.m2\repository\com\sun\xml\bind\jaxb-impl\2.3.3\jaxb-impl-2.3.3.jar;C:\Users\USER\.m2\repository\jakarta\xml\bind\jakarta.xml.bind-api\2.3.3\jakarta.xml.bind-api-2.3.3.jar;C:\Users\USER\.m2\repository\com\sun\activation\jakarta.activation\1.2.2\jakarta.activation-1.2.2.jar;C:\Users\USER\.m2\repository\javax\activation\activation\1.1.1\activation-1.1.1.jar;C:\Users\USER\.m2\repository\net\serenity-bdd\serenity-cucumber\3.2.1\serenity-cucumber-3.2.1.jar;C:\Users\USER\.m2\repository\io\cucumber\cucumber-core\7.2.3\cucumber-core-7.2.3.jar;C:\Users\USER\.m2\repository\io\cucumber\cucumber-gherkin\7.2.3\cucumber-gherkin-7.2.3.jar;C:\Users\USER\.m2\repository\io\cucumber\cucumber-gherkin-messages\7.2.3\cucumber-gherkin-messages-7.2.3.jar;C:\Users\USER\.m2\repository\io\cucumber\messages\17.1.1\messages-17.1.1.jar;C:\Users\USER\.m2\repository\io\cucumber\tag-expressions\4.1.0\tag-expressions-4.1.0.jar;C:\Users\USER\.m2\repository\io\cucumber\cucumber-expressions\15.0.1\cucumber-expressions-15.0.1.jar;C:\Users\USER\.m2\repository\io\cucumber\datatable\7.2.3\datatable-7.2.3.jar;C:\Users\USER\.m2\repository\io\cucumber\cucumber-plugin\7.2.3\cucumber-plugin-7.2.3.jar;C:\Users\USER\.m2\repository\io\cucumber\docstring\7.2.3\docstring-7.2.3.jar;C:\Users\USER\.m2\repository\io\cucumber\html-formatter\17.0.0\html-formatter-17.0.0.jar;C:\Users\USER\.m2\repository\io\cucumber\ci-environment\8.1.0\ci-environment-8.1.0.jar;C:\Users\USER\.m2\repository\io\cucumber\cucumber-junit\7.2.3\cucumber-junit-7.2.3.jar;C:\Users\USER\.m2\repository\org\apache\commons\commons-csv\1.5\commons-csv-1.5.jar;C:\Users\USER\.m2\repository\net\serenity-bdd\serenity-screenplay\3.2.1\serenity-screenplay-3.2.1.jar;C:\Users\USER\.m2\repository\net\serenity-bdd\serenity-screenplay-webdriver\3.2.1\serenity-screenplay-webdriver-3.2.1.jar;C:\Users\USER\.m2\repository\net\serenity-bdd\serenity-ensure\3.2.1\serenity-ensure-3.2.1.jar;C:\Users\USER\.m2\repository\net\serenity-bdd\serenity-junit\3.2.1\serenity-junit-3.2.1.jar;C:\Users\USER\.m2\repository\org\jetbrains\kotlin\kotlin-stdlib\1.6.0\kotlin-stdlib-1.6.0.jar;C:\Users\USER\.m2\repository\org\jetbrains\annotations\13.0\annotations-13.0.jar;C:\Users\USER\.m2\repository\org\jetbrains\kotlin\kotlin-stdlib-common\1.6.0\kotlin-stdlib-common-1.6.0.jar;C:\Users\USER\.m2\repository\org\junit\platform\junit-platform-launcher\1.8.1\junit-platform-launcher-1.8.1.jar;C:\Users\USER\.m2\repository\org\junit\platform\junit-platform-engine\1.8.1\junit-platform-engine-1.8.1.jar;C:\Users\USER\.m2\repository\org\opentest4j\opentest4j\1.2.0\opentest4j-1.2.0.jar;C:\Users\USER\.m2\repository\org\junit\platform\junit-platform-commons\1.8.1\junit-platform-commons-1.8.1.jar;C:\Users\USER\.m2\repository\org\apiguardian\apiguardian-api\1.1.2\apiguardian-api-1.1.2.jar;C:\Users\USER\.m2\repository\org\junit\jupiter\junit-jupiter-engine\5.8.2\junit-jupiter-engine-5.8.2.jar;C:\Users\USER\.m2\repository\org\junit\jupiter\junit-jupiter-api\5.8.2\junit-jupiter-api-5.8.2.jar;C:\Users\USER\.m2\repository\org\junit\vintage\junit-vintage-engine\5.8.2\junit-vintage-engine-5.8.2.jar;C:\Users\USER\.m2\repository\junit\junit\4.13.2\junit-4.13.2.jar;C:\Users\USER\.m2\repository\org\hamcrest\hamcrest-core\1.3\hamcrest-core-1.3.jar;C:\Users\USER\.m2\repository\ch\qos\logback\logback-classic\1.2.10\logback-classic-1.2.10.jar;C:\Users\USER\.m2\repository\ch\qos\logback\logback-core\1.2.10\logback-core-1.2.10.jar;C:\Users\USER\.m2\repository\org\slf4j\slf4j-api\1.7.32\slf4j-api-1.7.32.jar;C:\Users\USER\.m2\repository\org\assertj\assertj-core\3.6.2\assertj-core-3.6.2.jar;C:\Users\USER\.m2\repository\com\googlecode\json-simple\json-simple\1.1.1\json-simple-1.1.1.jar;C:\Users\USER\.m2\repository\org\apache\maven\surefire\surefire-junit-platform\3.0.0-M5\surefire-junit-platform-3.0.0-M5.jar;C:\Users\USER\.m2\repository\org\apache\maven\surefire\common-java5\3.0.0-M5\common-java5-3.0.0-M5.jar"/>
    <property name="user.script" value=""/>
    <property name="java.protocol.handler.pkgs" value="com.google.common"/>
    <property name="sun.management.compiler" value="HotSpot 64-Bit Tiered Compilers"/>
    <property name="java.runtime.version" value="15.0.2+7-27"/>
    <property name="user.name" value="USER"/>
    <property name="path.separator" value=";"/>
    <property name="os.version" value="6.3"/>
    <property name="java.runtime.name" value="Java(TM) SE Runtime Environment"/>
    <property name="file.encoding" value="Cp1252"/>
    <property name="webdriver.base.url" value=""/>
    <property name="java.vm.name" value="Java HotSpot(TM) 64-Bit Server VM"/>
    <property name="localRepository" value="C:\Users\USER\.m2\repository"/>
    <property name="java.vendor.url.bug" value="https://bugreport.java.com/bugreport/"/>
    <property name="java.io.tmpdir" value="C:\Users\USER\AppData\Local\Temp\"/>
    <property name="java.version" value="15.0.2"/>
    <property name="user.dir" value="E:\My Documents\File Difa\TI Semester 6 Kampus Merdeka Alterra\Tugas\CAPSTONE Project\Capstone-Project-Website"/>
    <property name="os.arch" value="amd64"/>
    <property name="java.vm.specification.name" value="Java Virtual Machine Specification"/>
    <property name="sun.os.patch.level" value=""/>
    <property name="java.library.path" value="C:\Program Files\Java\jdk-15.0.2\bin;C:\Windows\Sun\Java\bin;C:\Windows\system32;C:\Windows;C:\Program Files\Git\mingw64\bin;C:\Program Files\Git\usr\bin;C:\Users\USER\bin;C:\Program Files\Common Files\Oracle\Java\javapath;C:\Windows\system32;C:\Windows;C:\Windows\System32\Wbem;C:\Windows\System32\WindowsPowerShell\v1.0;C:\Program Files\nodejs;C:\Program Files\Java\jdk-15.0.2\bin;C:\apache-jmeter-5.4.3\bin;C:\Program Files\apache-maven-3.8.5\bin;C:\Users\USER\AppData\Local\Android\Sdk\platform-tools;C:\Users\USER\AppData\Local\Android\Sdk\tools\bin;C:\Program Files\Git\cmd;C:\Users\USER\AppData\Local\Programs\Microsoft VS Code\bin;C:\Program Files\JetBrains\IntelliJ IDEA Community Edition 2022.1\bin;C:\Users\USER\AppData\Roaming\npm;."/>
    <property name="java.vm.info" value="mixed mode"/>
    <property name="java.vendor" value="Oracle Corporation"/>
    <property name="java.vm.version" value="15.0.2+7-27"/>
    <property name="sun.io.unicode.encoding" value="UnicodeLittle"/>
    <property name="java.class.version" value="59.0"/>
  </properties>
  <testcase name="Create New Appointment With Registered Patient Scenario" classname="Appointment" time="83.93">
    <system-out><![CDATA[17:22:24.002 [main] INFO io.cucumber.core.plugin.SerenityReporter - Running feature from file:///E:/My%20Documents/File%20Difa/TI%20Semester%206%20Kampus%20Merdeka%20Alterra/Tugas/CAPSTONE%20Project/Capstone-Project-Website/src/test/resources/features/1.Appointment.feature
17:22:24.418 [main] INFO  - 

-------------------------------------------------------------------------------------
     _______. _______ .______       _______ .__   __.  __  .___________.____    ____ 
    /       ||   ____||   _  \     |   ____||  \ |  | |  | |           |\   \  /   / 
   |   (----`|  |__   |  |_)  |    |  |__   |   \|  | |  | `---|  |----` \   \/   /  
    \   \    |   __|  |      /     |   __|  |  . `  | |  |     |  |       \_    _/   
.----)   |   |  |____ |  |\  \----.|  |____ |  |\   | |  |     |  |         |  |     
|_______/    |_______|| _| `._____||_______||__| \__| |__|     |__|         |__|    
                                                                                     
 News and tutorials at http://www.serenity-bdd.info                                  
 Documentation at https://wakaleo.gitbooks.io/the-serenity-book/content/             
 Join the Serenity Community on Gitter: https://gitter.im/serenity-bdd/serenity-core 
 Serenity BDD Support and Training at http://serenity-bdd.info/#/trainingandsupport  
-------------------------------------------------------------------------------------

17:22:24.423 [main] DEBUG net.thucydides.core.steps.StepEventBus - Test suite started for story net.thucydides.core.model.Story@4ac93a8b
17:22:24.433 [main] INFO  - Test Suite Started: Appointment
17:22:24.512 [main] INFO io.cucumber.core.plugin.SerenityReporter - Running feature from file:///E:/My%20Documents/File%20Difa/TI%20Semester%206%20Kampus%20Merdeka%20Alterra/Tugas/CAPSTONE%20Project/Capstone-Project-Website/src/test/resources/features/2.Patient.feature
17:22:24.528 [main] DEBUG net.thucydides.core.steps.StepEventBus - Test suite started for story net.thucydides.core.model.Story@ccc708cc
17:22:24.530 [main] INFO  - Test Suite Started: Patient
17:22:24.531 [main] INFO io.cucumber.core.plugin.SerenityReporter - Running feature from file:///E:/My%20Documents/File%20Difa/TI%20Semester%206%20Kampus%20Merdeka%20Alterra/Tugas/CAPSTONE%20Project/Capstone-Project-Website/src/test/resources/features/1.Appointment.feature
17:22:24.537 [main] DEBUG net.thucydides.core.steps.StepEventBus - Test suite started for story net.thucydides.core.model.Story@4ac93a8b
17:22:24.539 [main] INFO  - Test Suite Started: Appointment

@Appointment @Create
Scenario: Create New Appointment With Registered Patient Scenario &amp#27;[90m# src/test/resources/features/1.Appointment.feature:8&amp#27;[0m
17:22:25.272 [main] INFO io.cucumber.core.plugin.SerenityReporter - Running feature from file:///E:/My%20Documents/File%20Difa/TI%20Semester%206%20Kampus%20Merdeka%20Alterra/Tugas/CAPSTONE%20Project/Capstone-Project-Website/src/test/resources/features/1.Appointment.feature
17:22:34.368 [main] INFO  - 
  _____   ___   ___   _____     ___   _____     _     ___   _____   ___   ___  
 |_   _| | __| / __| |_   _|   / __| |_   _|   /_\   | _ \ |_   _| | __| |   \ 
   | |   | _|  \__ \   | |     \__ \   | |    / _ \  |   /   | |   | _|  | |) |
   |_|   |___| |___/   |_|     |___/   |_|   /_/ \_\ |_|_\   |_|   |___| |___/ 

Create New Appointment With Registered Patient Scenario(appointment;create-new-appointment-with-registered-patient-scenario)
--------------------------------------------------------------------------------
17:22:36.224 [main] DEBUG net.thucydides.core.steps.StepInterceptor - STARTING STEP: DashboardSteps.iAmOnTheDashboardPage - openUrl
17:22:36.323 [main] INFO net.serenitybdd.core.webdriver.driverproviders.ChromeDriverProvider - Using automatically driver download
17:22:38.482 [main] DEBUG io.github.bonigarcia.wdm.cache.ResolutionCache - Resolution chrome=102 in cache (valid until 18:07:22 16/06/2022 ICT)
17:22:38.493 [main] DEBUG io.github.bonigarcia.wdm.cache.ResolutionCache - Resolution chrome102=102.0.5005.61 in cache (valid until 15:56:01 17/06/2022 ICT)
17:22:38.498 [main] INFO io.github.bonigarcia.wdm.WebDriverManager - Using chromedriver 102.0.5005.61 (resolved driver for Chrome 102)
17:22:38.537 [main] DEBUG io.github.bonigarcia.wdm.WebDriverManager - Driver chromedriver 102.0.5005.61 found in cache
17:22:38.539 [main] INFO io.github.bonigarcia.wdm.WebDriverManager - Exporting webdriver.chrome.driver as C:\Users\USER\.cache\selenium\chromedriver\win32\102.0.5005.61\chromedriver.exe
17:22:40.110 [main] DEBUG net.thucydides.core.reflection.ClassFinder - Could not load class .CucumberTestSuite
17:22:40.110 [main] DEBUG net.thucydides.core.reflection.ClassFinder - Could not load class .Utils.General
17:22:40.110 [main] DEBUG net.thucydides.core.reflection.ClassFinder - Could not load class .starter.pages.AppointmentPage
17:22:40.110 [main] DEBUG net.thucydides.core.reflection.ClassFinder - Could not load class .starter.pages.DashboardPage
17:22:40.110 [main] DEBUG net.thucydides.core.reflection.ClassFinder - Could not load class .starter.pages.PatientPage
17:22:40.111 [main] DEBUG net.thucydides.core.reflection.ClassFinder - Could not load class .starter.stepdefinitions.AppointmentSteps
17:22:40.111 [main] DEBUG net.thucydides.core.reflection.ClassFinder - Could not load class .starter.stepdefinitions.DashboardSteps
17:22:40.111 [main] DEBUG net.thucydides.core.reflection.ClassFinder - Could not load class .starter.stepdefinitions.PatientSteps
17:22:40.112 [main] DEBUG net.thucydides.core.reflection.ClassFinder - Could not load class META-INF.versions.9.com.sun.istack.logging.StackHelper
17:22:40.112 [main] DEBUG net.thucydides.core.reflection.ClassFinder - Could not load class META-INF.versions.9.com.sun.xml.bind.v2.runtime.reflect.opt.AccessorInjector
17:22:40.113 [main] DEBUG net.thucydides.core.reflection.ClassFinder - Could not load class META-INF.versions.9.com.sun.xml.bind.v2.runtime.reflect.opt.Injector
17:22:40.113 [main] DEBUG net.thucydides.core.reflection.ClassFinder - Could not load class META-INF.versions.9.com.sun.xml.bind.v2.runtime.reflect.opt.OptimizedAccessorFactory
17:22:40.113 [main] DEBUG net.thucydides.core.reflection.ClassFinder - Could not load class META-INF.versions.9.com.sun.xml.bind.v2.runtime.reflect.opt.OptimizedTransducedAccessorFactory
17:22:40.114 [main] DEBUG net.thucydides.core.reflection.ClassFinder - Could not load class META-INF.versions.9.io.opentelemetry.sdk.internal.CurrentJavaVersionSpecific
17:22:40.114 [main] DEBUG net.thucydides.core.reflection.ClassFinder - Could not load class META-INF.versions.9.io.opentelemetry.sdk.internal.Java9VersionSpecific
17:22:40.115 [main] DEBUG net.thucydides.core.reflection.ClassFinder - Could not load class META-INF.versions.9.javax.xml.bind.ModuleUtil
17:22:40.115 [main] DEBUG net.thucydides.core.reflection.ClassFinder - Could not load class META-INF.versions.9.module-info
17:22:40.119 [main] DEBUG net.thucydides.core.reflection.ClassFinder - Could not load class META-INF.versions.9.org.junit.platform.commons.util.ModuleUtils
17:22:40.712 [main] DEBUG net.thucydides.core.reflection.ClassFinder - Could not load class com.google.gson.internal.
17:22:41.019 [main] DEBUG net.thucydides.core.reflection.ClassFinder - Could not load class com.sun.xml.bind.v2.runtime.output.FastInfosetStreamWriterOutput
17:22:41.746 [main] DEBUG net.thucydides.core.reflection.ClassFinder - Could not load class module-info
17:22:46.199 [main] DEBUG io.netty.util.internal.logging.InternalLoggerFactory - Using SLF4J as the default logging framework
17:22:46.207 [main] DEBUG io.netty.util.ResourceLeakDetector - -Dio.netty.leakDetection.level: simple
17:22:46.207 [main] DEBUG io.netty.util.ResourceLeakDetector - -Dio.netty.leakDetection.targetRecords: 4
17:22:46.222 [main] DEBUG io.netty.util.ResourceLeakDetectorFactory - Loaded default ResourceLeakDetector: io.netty.util.ResourceLeakDetector@53ed864c
17:22:46.274 [main] DEBUG io.netty.util.internal.PlatformDependent0 - -Dio.netty.noUnsafe: false
17:22:46.275 [main] DEBUG io.netty.util.internal.PlatformDependent0 - Java version: 15
17:22:46.277 [main] DEBUG io.netty.util.internal.PlatformDependent0 - sun.misc.Unsafe.theUnsafe: available
17:22:46.279 [main] DEBUG io.netty.util.internal.PlatformDependent0 - sun.misc.Unsafe.copyMemory: available
17:22:46.280 [main] DEBUG io.netty.util.internal.PlatformDependent0 - java.nio.Buffer.address: available
17:22:46.281 [main] DEBUG io.netty.util.internal.PlatformDependent0 - direct buffer constructor: unavailable: Reflective setAccessible(true) disabled
17:22:46.282 [main] DEBUG io.netty.util.internal.PlatformDependent0 - java.nio.Bits.unaligned: available, true
17:22:46.284 [main] DEBUG io.netty.util.internal.PlatformDependent0 - jdk.internal.misc.Unsafe.allocateUninitializedArray(int): unavailable: class io.netty.util.internal.PlatformDependent0$6 cannot access class jdk.internal.misc.Unsafe (in module java.base) because module java.base does not export jdk.internal.misc to unnamed module @42a9a63e
17:22:46.303 [main] DEBUG io.netty.util.internal.PlatformDependent0 - java.nio.DirectByteBuffer.<init>(long, int): unavailable
17:22:46.304 [main] DEBUG io.netty.util.internal.PlatformDependent - sun.misc.Unsafe: available
17:22:46.317 [main] DEBUG io.netty.util.internal.PlatformDependent - maxDirectMemory: 1050673152 bytes (maybe)
17:22:46.318 [main] DEBUG io.netty.util.internal.PlatformDependent - -Dio.netty.tmpdir: C:\Users\USER\AppData\Local\Temp (java.io.tmpdir)
17:22:46.318 [main] DEBUG io.netty.util.internal.PlatformDependent - -Dio.netty.bitMode: 64 (sun.arch.data.model)
17:22:46.318 [main] DEBUG io.netty.util.internal.PlatformDependent - Platform: Windows
17:22:46.320 [main] DEBUG io.netty.util.internal.PlatformDependent - -Dio.netty.maxDirectMemory: -1 bytes
17:22:46.320 [main] DEBUG io.netty.util.internal.PlatformDependent - -Dio.netty.uninitializedArrayAllocationThreshold: -1
17:22:46.321 [main] DEBUG io.netty.util.internal.CleanerJava9 - java.nio.ByteBuffer.cleaner(): available
17:22:46.322 [main] DEBUG io.netty.util.internal.PlatformDependent - -Dio.netty.noPreferDirect: false
17:22:46.335 [main] DEBUG io.netty.util.internal.PlatformDependent - org.jctools-core.MpscChunkedArrayQueue: available
17:22:46.441 [main] DEBUG io.netty.util.internal.InternalThreadLocalMap - -Dio.netty.threadLocalMap.stringBuilder.initialSize: 1024
17:22:46.442 [main] DEBUG io.netty.util.internal.InternalThreadLocalMap - -Dio.netty.threadLocalMap.stringBuilder.maxSize: 4096
17:22:46.757 [main] DEBUG io.netty.handler.ssl.JdkSslContext - Default protocols (JDK): [TLSv1.3, TLSv1.2, TLSv1.1, TLSv1] 
17:22:46.757 [main] DEBUG io.netty.handler.ssl.JdkSslContext - Default cipher suites (JDK): [TLS_ECDHE_ECDSA_WITH_AES_256_GCM_SHA384, TLS_ECDHE_ECDSA_WITH_AES_128_GCM_SHA256, TLS_ECDHE_RSA_WITH_AES_128_GCM_SHA256, TLS_ECDHE_RSA_WITH_AES_256_GCM_SHA384, TLS_ECDHE_RSA_WITH_AES_128_CBC_SHA, TLS_ECDHE_RSA_WITH_AES_256_CBC_SHA, TLS_RSA_WITH_AES_128_GCM_SHA256, TLS_RSA_WITH_AES_128_CBC_SHA, TLS_RSA_WITH_AES_256_CBC_SHA, TLS_AES_128_GCM_SHA256, TLS_AES_256_GCM_SHA384]
17:22:46.872 [main] DEBUG io.netty.channel.MultithreadEventLoopGroup - -Dio.netty.eventLoopThreads: 8
17:22:46.909 [main] DEBUG io.netty.channel.nio.NioEventLoop - -Dio.netty.noKeySetOptimization: false
17:22:46.910 [main] DEBUG io.netty.channel.nio.NioEventLoop - -Dio.netty.selectorAutoRebuildThreshold: 512
17:22:47.030 [main] DEBUG io.netty.buffer.PooledByteBufAllocator - -Dio.netty.allocator.numHeapArenas: 8
17:22:47.030 [main] DEBUG io.netty.buffer.PooledByteBufAllocator - -Dio.netty.allocator.numDirectArenas: 8
17:22:47.030 [main] DEBUG io.netty.buffer.PooledByteBufAllocator - -Dio.netty.allocator.pageSize: 8192
17:22:47.031 [main] DEBUG io.netty.buffer.PooledByteBufAllocator - -Dio.netty.allocator.maxOrder: 11
17:22:47.031 [main] DEBUG io.netty.buffer.PooledByteBufAllocator - -Dio.netty.allocator.chunkSize: 16777216
17:22:47.031 [main] DEBUG io.netty.buffer.PooledByteBufAllocator - -Dio.netty.allocator.smallCacheSize: 256
17:22:47.031 [main] DEBUG io.netty.buffer.PooledByteBufAllocator - -Dio.netty.allocator.normalCacheSize: 64
17:22:47.031 [main] DEBUG io.netty.buffer.PooledByteBufAllocator - -Dio.netty.allocator.maxCachedBufferCapacity: 32768
17:22:47.031 [main] DEBUG io.netty.buffer.PooledByteBufAllocator - -Dio.netty.allocator.cacheTrimInterval: 8192
17:22:47.031 [main] DEBUG io.netty.buffer.PooledByteBufAllocator - -Dio.netty.allocator.cacheTrimIntervalMillis: 0
17:22:47.031 [main] DEBUG io.netty.buffer.PooledByteBufAllocator - -Dio.netty.allocator.useCacheForAllThreads: true
17:22:47.031 [main] DEBUG io.netty.buffer.PooledByteBufAllocator - -Dio.netty.allocator.maxCachedByteBuffersPerChunk: 1023
17:22:47.076 [main] DEBUG io.netty.buffer.ByteBufUtil - -Dio.netty.allocator.type: pooled
17:22:47.076 [main] DEBUG io.netty.buffer.ByteBufUtil - -Dio.netty.threadLocalDirectBufferSize: 0
17:22:47.076 [main] DEBUG io.netty.buffer.ByteBufUtil - -Dio.netty.maxThreadLocalCharBufferSize: 16384
17:22:47.512 [main] DEBUG net.serenitybdd.core.webdriver.driverproviders.ProvideNewDriver - Instantiating driver
17:22:47.512 [main] DEBUG net.serenitybdd.core.webdriver.driverproviders.ProvideNewDriver - Driver capabilities: Capabilities {acceptInsecureCerts: false, base.url: https://hospital-management..., browserName: chrome, chrome.driver: src/test/resources/webdrive..., driver: chrome, goog:chromeOptions: {args: [], extensions: []}}
17:22:49.273 [Forwarding newSession on session null to remote] DEBUG io.netty.channel.DefaultChannelId - -Dio.netty.processId: 4768 (auto-detected)
17:22:49.275 [Forwarding newSession on session null to remote] DEBUG io.netty.util.NetUtil - -Djava.net.preferIPv4Stack: false
17:22:49.275 [Forwarding newSession on session null to remote] DEBUG io.netty.util.NetUtil - -Djava.net.preferIPv6Addresses: false
17:22:49.281 [Forwarding newSession on session null to remote] DEBUG io.netty.util.NetUtilInitializations - Loopback interface: lo (Software Loopback Interface 1, 127.0.0.1)
17:22:49.282 [Forwarding newSession on session null to remote] DEBUG io.netty.util.NetUtil - Failed to get SOMAXCONN from sysctl and file \proc\sys\net\core\somaxconn. Default: 200
17:22:49.303 [Forwarding newSession on session null to remote] DEBUG io.netty.channel.DefaultChannelId - -Dio.netty.machineId: 00:00:00:00:00:00:00:e0 (auto-detected)
17:22:49.474 [AsyncHttpClient-1-2] DEBUG io.netty.buffer.AbstractByteBuf - -Dio.netty.buffer.checkAccessible: true
17:22:49.475 [AsyncHttpClient-1-2] DEBUG io.netty.buffer.AbstractByteBuf - -Dio.netty.buffer.checkBounds: true
17:22:49.475 [AsyncHttpClient-1-2] DEBUG io.netty.util.ResourceLeakDetectorFactory - Loaded default ResourceLeakDetector: io.netty.util.ResourceLeakDetector@57c59ca9
17:22:49.499 [AsyncHttpClient-1-2] DEBUG org.asynchttpclient.netty.channel.NettyConnectListener - Using new Channel '[id: 0xf6e048f5, L:/127.0.0.1:60016 - R:localhost/127.0.0.1:55125]' for 'POST' to '/session'
17:22:49.544 [AsyncHttpClient-1-2] DEBUG io.netty.util.Recycler - -Dio.netty.recycler.maxCapacityPerThread: 4096
17:22:49.544 [AsyncHttpClient-1-2] DEBUG io.netty.util.Recycler - -Dio.netty.recycler.ratio: 8
17:22:49.544 [AsyncHttpClient-1-2] DEBUG io.netty.util.Recycler - -Dio.netty.recycler.chunkSize: 32
17:22:49.544 [AsyncHttpClient-1-2] DEBUG io.netty.util.Recycler - -Dio.netty.recycler.blocking: false
17:23:03.935 [AsyncHttpClient-1-2] DEBUG io.netty.handler.codec.compression.Brotli - brotli4j not in the classpath; Brotli support will be unavailable.
17:23:03.937 [AsyncHttpClient-1-2] DEBUG org.asynchttpclient.netty.handler.HttpHandler - 

Request DefaultHttpRequest(decodeResult: success, version: HTTP/1.1)
POST /session HTTP/1.1
User-Agent: selenium/4.1.2 (java windows)
Content-Length: 621
Content-Type: application/json; charset=utf-8
host: localhost:55125
accept: */*

Response DefaultHttpResponse(decodeResult: success, version: HTTP/1.1)
HTTP/1.1 200 OK
Content-Type: application/json; charset=utf-8
cache-control: no-cache
content-length: 789

17:23:04.012 [AsyncHttpClient-1-2] DEBUG org.asynchttpclient.netty.channel.ChannelManager - Adding key: http://localhost:55125 for channel [id: 0xf6e048f5, L:/127.0.0.1:60016 - R:localhost/127.0.0.1:55125]
17:23:04.343 [AsyncHttpClient-1-1] DEBUG org.asynchttpclient.netty.channel.DefaultChannelPool - Entry count for : http://localhost:55125 : 1
17:23:04.531 [AsyncHttpClient-1-3] DEBUG org.asynchttpclient.netty.channel.NettyConnectListener - Using new Channel '[id: 0x945a1dbf, L:/127.0.0.1:60024 - R:localhost/127.0.0.1:60017]' for 'GET' to '/json/version'
17:23:04.613 [AsyncHttpClient-1-3] DEBUG org.asynchttpclient.netty.handler.HttpHandler - 

Request DefaultFullHttpRequest(decodeResult: success, version: HTTP/1.1, content: EmptyByteBufBE)
GET /json/version HTTP/1.1
User-Agent: selenium/4.1.2 (java windows)
host: localhost:60017
accept: */*

Response DefaultHttpResponse(decodeResult: success, version: HTTP/1.1)
HTTP/1.1 200 OK
Content-Type: application/json; charset=UTF-8
content-length: 427

17:23:04.615 [AsyncHttpClient-1-3] DEBUG org.asynchttpclient.netty.channel.ChannelManager - Adding key: http://localhost:60017 for channel [id: 0x945a1dbf, L:/127.0.0.1:60024 - R:localhost/127.0.0.1:60017]
17:23:04.688 [main] DEBUG io.netty.util.internal.ThreadLocalRandom - -Dio.netty.initialSeedUniquifier: 0x4ddd0827cec3adf5
17:23:04.694 [AsyncHttpClient-1-4] DEBUG org.asynchttpclient.netty.channel.NettyConnectListener - Using new Channel '[id: 0xfca3a330, L:/127.0.0.1:60025 - R:localhost/127.0.0.1:60017]' for 'GET' to '/devtools/browser/0bd7d280-5354-4f87-885c-b83fcd5847b0'
17:23:04.714 [AsyncHttpClient-1-4] DEBUG org.asynchttpclient.netty.handler.WebSocketHandler - 

Request DefaultFullHttpRequest(decodeResult: success, version: HTTP/1.1, content: EmptyByteBufBE)
GET /devtools/browser/0bd7d280-5354-4f87-885c-b83fcd5847b0 HTTP/1.1
upgrade: websocket
connection: upgrade
sec-websocket-key: RbYaEhkEpGghIOy3VxxXcQ==
sec-websocket-version: 13
origin: http://localhost:60017
host: localhost:60017
accept: */*
user-agent: AHC/2.1

Response DefaultHttpResponse(decodeResult: success, version: HTTP/1.1)
HTTP/1.1 101 WebSocket Protocol Handshake
Upgrade: WebSocket
Connection: Upgrade
Sec-WebSocket-Accept: PLnpjZjS/Dc7FZ0A0Ph+PfT1F4k=

17:23:04.911 [Forwarding maximizeCurrentWindow on session ec41de15074db1b2d66be8903ee694ad to remote] DEBUG org.asynchttpclient.netty.request.NettyRequestSender - Using pooled Channel '[id: 0xf6e048f5, L:/127.0.0.1:60016 - R:localhost/127.0.0.1:55125]' for 'POST' to 'http://localhost:55125/session/ec41de15074db1b2d66be8903ee694ad/window/maximize'
17:23:04.911 [Forwarding maximizeCurrentWindow on session ec41de15074db1b2d66be8903ee694ad to remote] DEBUG org.asynchttpclient.netty.request.NettyRequestSender - Using open Channel [id: 0xf6e048f5, L:/127.0.0.1:60016 - R:localhost/127.0.0.1:55125] for POST '/session/ec41de15074db1b2d66be8903ee694ad/window/maximize'
17:23:05.121 [AsyncHttpClient-1-2] DEBUG org.asynchttpclient.netty.handler.HttpHandler - 

Request DefaultHttpRequest(decodeResult: success, version: HTTP/1.1)
POST /session/ec41de15074db1b2d66be8903ee694ad/window/maximize HTTP/1.1
User-Agent: selenium/4.1.2 (java windows)
Content-Length: 3
Content-Type: application/json; charset=utf-8
host: localhost:55125
accept: */*

Response DefaultHttpResponse(decodeResult: success, version: HTTP/1.1)
HTTP/1.1 200 OK
Content-Type: application/json; charset=utf-8
cache-control: no-cache
content-length: 51

17:23:05.122 [AsyncHttpClient-1-2] DEBUG org.asynchttpclient.netty.channel.ChannelManager - Adding key: http://localhost:55125 for channel [id: 0xf6e048f5, L:/127.0.0.1:60016 - R:localhost/127.0.0.1:55125]
17:23:05.443 [AsyncHttpClient-1-1] DEBUG org.asynchttpclient.netty.channel.DefaultChannelPool - Entry count for : http://localhost:55125 : 1
17:23:05.443 [AsyncHttpClient-1-1] DEBUG org.asynchttpclient.netty.channel.DefaultChannelPool - Entry count for : http://localhost:60017 : 1
17:23:06.542 [AsyncHttpClient-1-1] DEBUG org.asynchttpclient.netty.channel.DefaultChannelPool - Entry count for : http://localhost:55125 : 1
17:23:06.542 [AsyncHttpClient-1-1] DEBUG org.asynchttpclient.netty.channel.DefaultChannelPool - Entry count for : http://localhost:60017 : 1
17:23:06.563 [main] DEBUG net.thucydides.core.reflection.ClassFinder - Could not load class .CucumberTestSuite
17:23:06.563 [main] DEBUG net.thucydides.core.reflection.ClassFinder - Could not load class .Utils.General
17:23:06.564 [main] DEBUG net.thucydides.core.reflection.ClassFinder - Could not load class .starter.pages.AppointmentPage
17:23:06.564 [main] DEBUG net.thucydides.core.reflection.ClassFinder - Could not load class .starter.pages.DashboardPage
17:23:06.564 [main] DEBUG net.thucydides.core.reflection.ClassFinder - Could not load class .starter.pages.PatientPage
17:23:06.564 [main] DEBUG net.thucydides.core.reflection.ClassFinder - Could not load class .starter.stepdefinitions.AppointmentSteps
17:23:06.564 [main] DEBUG net.thucydides.core.reflection.ClassFinder - Could not load class .starter.stepdefinitions.DashboardSteps
17:23:06.564 [main] DEBUG net.thucydides.core.reflection.ClassFinder - Could not load class .starter.stepdefinitions.PatientSteps
17:23:06.565 [main] DEBUG net.thucydides.core.reflection.ClassFinder - Could not load class META-INF.versions.9.com.sun.istack.logging.StackHelper
17:23:06.566 [main] DEBUG net.thucydides.core.reflection.ClassFinder - Could not load class META-INF.versions.9.com.sun.xml.bind.v2.runtime.reflect.opt.AccessorInjector
17:23:06.566 [main] DEBUG net.thucydides.core.reflection.ClassFinder - Could not load class META-INF.versions.9.com.sun.xml.bind.v2.runtime.reflect.opt.Injector
17:23:06.567 [main] DEBUG net.thucydides.core.reflection.ClassFinder - Could not load class META-INF.versions.9.com.sun.xml.bind.v2.runtime.reflect.opt.OptimizedAccessorFactory
17:23:06.567 [main] DEBUG net.thucydides.core.reflection.ClassFinder - Could not load class META-INF.versions.9.com.sun.xml.bind.v2.runtime.reflect.opt.OptimizedTransducedAccessorFactory
17:23:06.567 [main] DEBUG net.thucydides.core.reflection.ClassFinder - Could not load class META-INF.versions.9.io.opentelemetry.sdk.internal.CurrentJavaVersionSpecific
17:23:06.568 [main] DEBUG net.thucydides.core.reflection.ClassFinder - Could not load class META-INF.versions.9.io.opentelemetry.sdk.internal.Java9VersionSpecific
17:23:06.568 [main] DEBUG net.thucydides.core.reflection.ClassFinder - Could not load class META-INF.versions.9.javax.xml.bind.ModuleUtil
17:23:06.569 [main] DEBUG net.thucydides.core.reflection.ClassFinder - Could not load class META-INF.versions.9.module-info
17:23:06.570 [main] DEBUG net.thucydides.core.reflection.ClassFinder - Could not load class META-INF.versions.9.org.junit.platform.commons.util.ModuleUtils
17:23:06.573 [main] DEBUG net.thucydides.core.reflection.ClassFinder - Could not load class com.google.gson.internal.
17:23:06.574 [main] DEBUG net.thucydides.core.reflection.ClassFinder - Could not load class com.sun.xml.bind.v2.runtime.output.FastInfosetStreamWriterOutput
17:23:06.579 [main] DEBUG net.thucydides.core.reflection.ClassFinder - Could not load class module-info
17:23:06.611 [Forwarding get on session ec41de15074db1b2d66be8903ee694ad to remote] DEBUG org.asynchttpclient.netty.request.NettyRequestSender - Using pooled Channel '[id: 0xf6e048f5, L:/127.0.0.1:60016 - R:localhost/127.0.0.1:55125]' for 'POST' to 'http://localhost:55125/session/ec41de15074db1b2d66be8903ee694ad/url'
17:23:06.611 [Forwarding get on session ec41de15074db1b2d66be8903ee694ad to remote] DEBUG org.asynchttpclient.netty.request.NettyRequestSender - Using open Channel [id: 0xf6e048f5, L:/127.0.0.1:60016 - R:localhost/127.0.0.1:55125] for POST '/session/ec41de15074db1b2d66be8903ee694ad/url'
17:23:07.643 [AsyncHttpClient-1-1] DEBUG org.asynchttpclient.netty.channel.DefaultChannelPool - Entry count for : http://localhost:60017 : 1
17:23:08.744 [AsyncHttpClient-1-1] DEBUG org.asynchttpclient.netty.channel.DefaultChannelPool - Entry count for : http://localhost:60017 : 1
17:23:09.845 [AsyncHttpClient-1-1] DEBUG org.asynchttpclient.netty.channel.DefaultChannelPool - Entry count for : http://localhost:60017 : 1
17:23:10.942 [AsyncHttpClient-1-1] DEBUG org.asynchttpclient.netty.channel.DefaultChannelPool - Entry count for : http://localhost:60017 : 1
17:23:12.042 [AsyncHttpClient-1-1] DEBUG org.asynchttpclient.netty.channel.DefaultChannelPool - Entry count for : http://localhost:60017 : 1
17:23:13.142 [AsyncHttpClient-1-1] DEBUG org.asynchttpclient.netty.channel.DefaultChannelPool - Entry count for : http://localhost:60017 : 1
17:23:14.250 [AsyncHttpClient-1-1] DEBUG org.asynchttpclient.netty.channel.DefaultChannelPool - Entry count for : http://localhost:60017 : 1
17:23:15.344 [AsyncHttpClient-1-1] DEBUG org.asynchttpclient.netty.channel.DefaultChannelPool - Entry count for : http://localhost:60017 : 1
17:23:16.442 [AsyncHttpClient-1-1] DEBUG org.asynchttpclient.netty.channel.DefaultChannelPool - Entry count for : http://localhost:60017 : 1
17:23:17.542 [AsyncHttpClient-1-1] DEBUG org.asynchttpclient.netty.channel.DefaultChannelPool - Entry count for : http://localhost:60017 : 1
17:23:18.642 [AsyncHttpClient-1-1] DEBUG org.asynchttpclient.netty.channel.DefaultChannelPool - Entry count for : http://localhost:60017 : 1
17:23:19.743 [AsyncHttpClient-1-1] DEBUG org.asynchttpclient.netty.channel.DefaultChannelPool - Entry count for : http://localhost:60017 : 1
17:23:20.843 [AsyncHttpClient-1-1] DEBUG org.asynchttpclient.netty.channel.DefaultChannelPool - Entry count for : http://localhost:60017 : 1
17:23:21.942 [AsyncHttpClient-1-1] DEBUG org.asynchttpclient.netty.channel.DefaultChannelPool - Entry count for : http://localhost:60017 : 1
17:23:23.042 [AsyncHttpClient-1-1] DEBUG org.asynchttpclient.netty.channel.DefaultChannelPool - Entry count for : http://localhost:60017 : 1
17:23:23.479 [AsyncHttpClient-1-2] DEBUG org.asynchttpclient.netty.handler.HttpHandler - 

Request DefaultHttpRequest(decodeResult: success, version: HTTP/1.1)
POST /session/ec41de15074db1b2d66be8903ee694ad/url HTTP/1.1
User-Agent: selenium/4.1.2 (java windows)
Content-Length: 65
Content-Type: application/json; charset=utf-8
host: localhost:55125
accept: */*

Response DefaultHttpResponse(decodeResult: success, version: HTTP/1.1)
HTTP/1.1 200 OK
Content-Type: application/json; charset=utf-8
cache-control: no-cache
content-length: 14

17:23:23.480 [AsyncHttpClient-1-2] DEBUG org.asynchttpclient.netty.channel.ChannelManager - Adding key: http://localhost:55125 for channel [id: 0xf6e048f5, L:/127.0.0.1:60016 - R:localhost/127.0.0.1:55125]
17:23:23.488 [Forwarding setTimeout on session ec41de15074db1b2d66be8903ee694ad to remote] DEBUG org.asynchttpclient.netty.request.NettyRequestSender - Using pooled Channel '[id: 0xf6e048f5, L:/127.0.0.1:60016 - R:localhost/127.0.0.1:55125]' for 'POST' to 'http://localhost:55125/session/ec41de15074db1b2d66be8903ee694ad/timeouts'
17:23:23.488 [Forwarding setTimeout on session ec41de15074db1b2d66be8903ee694ad to remote] DEBUG org.asynchttpclient.netty.request.NettyRequestSender - Using open Channel [id: 0xf6e048f5, L:/127.0.0.1:60016 - R:localhost/127.0.0.1:55125] for POST '/session/ec41de15074db1b2d66be8903ee694ad/timeouts'
17:23:23.491 [AsyncHttpClient-1-2] DEBUG org.asynchttpclient.netty.handler.HttpHandler - 

Request DefaultHttpRequest(decodeResult: success, version: HTTP/1.1)
POST /session/ec41de15074db1b2d66be8903ee694ad/timeouts HTTP/1.1
User-Agent: selenium/4.1.2 (java windows)
Content-Length: 22
Content-Type: application/json; charset=utf-8
host: localhost:55125
accept: */*

Response DefaultHttpResponse(decodeResult: success, version: HTTP/1.1)
HTTP/1.1 200 OK
Content-Type: application/json; charset=utf-8
cache-control: no-cache
content-length: 14

17:23:23.491 [AsyncHttpClient-1-2] DEBUG org.asynchttpclient.netty.channel.ChannelManager - Adding key: http://localhost:55125 for channel [id: 0xf6e048f5, L:/127.0.0.1:60016 - R:localhost/127.0.0.1:55125]
17:23:23.513 [Forwarding getCurrentUrl on session ec41de15074db1b2d66be8903ee694ad to remote] DEBUG org.asynchttpclient.netty.request.NettyRequestSender - Using pooled Channel '[id: 0xf6e048f5, L:/127.0.0.1:60016 - R:localhost/127.0.0.1:55125]' for 'GET' to 'http://localhost:55125/session/ec41de15074db1b2d66be8903ee694ad/url'
17:23:23.513 [Forwarding getCurrentUrl on session ec41de15074db1b2d66be8903ee694ad to remote] DEBUG org.asynchttpclient.netty.request.NettyRequestSender - Using open Channel [id: 0xf6e048f5, L:/127.0.0.1:60016 - R:localhost/127.0.0.1:55125] for GET '/session/ec41de15074db1b2d66be8903ee694ad/url'
17:23:23.592 [AsyncHttpClient-1-2] DEBUG org.asynchttpclient.netty.handler.HttpHandler - 

Request DefaultFullHttpRequest(decodeResult: success, version: HTTP/1.1, content: EmptyByteBufBE)
GET /session/ec41de15074db1b2d66be8903ee694ad/url HTTP/1.1
User-Agent: selenium/4.1.2 (java windows)
Cache-Control: no-cache
Content-Type: application/json; charset=utf-8
host: localhost:55125
accept: */*

Response DefaultHttpResponse(decodeResult: success, version: HTTP/1.1)
HTTP/1.1 200 OK
Content-Type: application/json; charset=utf-8
cache-control: no-cache
content-length: 53

17:23:23.593 [AsyncHttpClient-1-2] DEBUG org.asynchttpclient.netty.channel.ChannelManager - Adding key: http://localhost:55125 for channel [id: 0xf6e048f5, L:/127.0.0.1:60016 - R:localhost/127.0.0.1:55125]
17:23:23.607 [Forwarding getCurrentUrl on session ec41de15074db1b2d66be8903ee694ad to remote] DEBUG org.asynchttpclient.netty.request.NettyRequestSender - Using pooled Channel '[id: 0xf6e048f5, L:/127.0.0.1:60016 - R:localhost/127.0.0.1:55125]' for 'GET' to 'http://localhost:55125/session/ec41de15074db1b2d66be8903ee694ad/url'
17:23:23.608 [Forwarding getCurrentUrl on session ec41de15074db1b2d66be8903ee694ad to remote] DEBUG org.asynchttpclient.netty.request.NettyRequestSender - Using open Channel [id: 0xf6e048f5, L:/127.0.0.1:60016 - R:localhost/127.0.0.1:55125] for GET '/session/ec41de15074db1b2d66be8903ee694ad/url'
17:23:23.621 [AsyncHttpClient-1-2] DEBUG org.asynchttpclient.netty.handler.HttpHandler - 

Request DefaultFullHttpRequest(decodeResult: success, version: HTTP/1.1, content: EmptyByteBufBE)
GET /session/ec41de15074db1b2d66be8903ee694ad/url HTTP/1.1
User-Agent: selenium/4.1.2 (java windows)
Cache-Control: no-cache
Content-Type: application/json; charset=utf-8
host: localhost:55125
accept: */*

Response DefaultHttpResponse(decodeResult: success, version: HTTP/1.1)
HTTP/1.1 200 OK
Content-Type: application/json; charset=utf-8
cache-control: no-cache
content-length: 53

17:23:23.622 [AsyncHttpClient-1-2] DEBUG org.asynchttpclient.netty.channel.ChannelManager - Adding key: http://localhost:55125 for channel [id: 0xf6e048f5, L:/127.0.0.1:60016 - R:localhost/127.0.0.1:55125]
17:23:23.660 [main] DEBUG net.serenitybdd.core.photography.Darkroom - Opening darkroom
17:23:23.661 [Darkroom Processing Line] DEBUG net.serenitybdd.core.photography.DarkroomProcessingLine - Darkroom processing line starting up
17:23:23.662 [Forwarding screenshot on session ec41de15074db1b2d66be8903ee694ad to remote] DEBUG org.asynchttpclient.netty.request.NettyRequestSender - Using pooled Channel '[id: 0xf6e048f5, L:/127.0.0.1:60016 - R:localhost/127.0.0.1:55125]' for 'GET' to 'http://localhost:55125/session/ec41de15074db1b2d66be8903ee694ad/screenshot'
17:23:23.662 [Forwarding screenshot on session ec41de15074db1b2d66be8903ee694ad to remote] DEBUG org.asynchttpclient.netty.request.NettyRequestSender - Using open Channel [id: 0xf6e048f5, L:/127.0.0.1:60016 - R:localhost/127.0.0.1:55125] for GET '/session/ec41de15074db1b2d66be8903ee694ad/screenshot'
17:23:24.098 [AsyncHttpClient-1-2] DEBUG org.asynchttpclient.netty.handler.HttpHandler - 

Request DefaultFullHttpRequest(decodeResult: success, version: HTTP/1.1, content: EmptyByteBufBE)
GET /session/ec41de15074db1b2d66be8903ee694ad/screenshot HTTP/1.1
User-Agent: selenium/4.1.2 (java windows)
Cache-Control: no-cache
Content-Type: application/json; charset=utf-8
host: localhost:55125
accept: */*

Response DefaultHttpResponse(decodeResult: success, version: HTTP/1.1)
HTTP/1.1 200 OK
Content-Type: application/json; charset=utf-8
cache-control: no-cache
content-length: 111060

17:23:24.102 [AsyncHttpClient-1-2] DEBUG org.asynchttpclient.netty.channel.ChannelManager - Adding key: http://localhost:55125 for channel [id: 0xf6e048f5, L:/127.0.0.1:60016 - R:localhost/127.0.0.1:55125]
17:23:24.141 [AsyncHttpClient-1-1] DEBUG org.asynchttpclient.netty.channel.DefaultChannelPool - Entry count for : http://localhost:55125 : 1
17:23:24.141 [AsyncHttpClient-1-1] DEBUG org.asynchttpclient.netty.channel.DefaultChannelPool - Entry count for : http://localhost:60017 : 1
17:23:25.113 [main] DEBUG net.serenitybdd.core.photography.Darkroom - Send negative for processing for target\site\serenity\228c4755822203dc817ff0c94f98f9d2ce2574e5da9e238e81c6dfd914bbab08.png
17:23:25.115 [Darkroom Processing Line] DEBUG net.serenitybdd.core.photography.DarkroomProcessingLine - Processing screenshot image in /var/screenshots/screenshot-7888513051494187251
17:23:25.116 [Darkroom Processing Line] DEBUG net.serenitybdd.core.photography.DarkroomProcessingLine - Saving screenshot to target\site\serenity\228c4755822203dc817ff0c94f98f9d2ce2574e5da9e238e81c6dfd914bbab08.png
17:23:25.190 [main] DEBUG net.thucydides.core.steps.StepInterceptor - STEP DONE: openUrl
17:23:25.227 [Forwarding screenshot on session ec41de15074db1b2d66be8903ee694ad to remote] DEBUG org.asynchttpclient.netty.request.NettyRequestSender - Using pooled Channel '[id: 0xf6e048f5, L:/127.0.0.1:60016 - R:localhost/127.0.0.1:55125]' for 'GET' to 'http://localhost:55125/session/ec41de15074db1b2d66be8903ee694ad/screenshot'
17:23:25.228 [Forwarding screenshot on session ec41de15074db1b2d66be8903ee694ad to remote] DEBUG org.asynchttpclient.netty.request.NettyRequestSender - Using open Channel [id: 0xf6e048f5, L:/127.0.0.1:60016 - R:localhost/127.0.0.1:55125] for GET '/session/ec41de15074db1b2d66be8903ee694ad/screenshot'
17:23:25.242 [AsyncHttpClient-1-1] DEBUG org.asynchttpclient.netty.channel.DefaultChannelPool - Entry count for : http://localhost:60017 : 1
17:23:25.461 [AsyncHttpClient-1-2] DEBUG org.asynchttpclient.netty.handler.HttpHandler - 

Request DefaultFullHttpRequest(decodeResult: success, version: HTTP/1.1, content: EmptyByteBufBE)
GET /session/ec41de15074db1b2d66be8903ee694ad/screenshot HTTP/1.1
User-Agent: selenium/4.1.2 (java windows)
Cache-Control: no-cache
Content-Type: application/json; charset=utf-8
host: localhost:55125
accept: */*

Response DefaultHttpResponse(decodeResult: success, version: HTTP/1.1)
HTTP/1.1 200 OK
Content-Type: application/json; charset=utf-8
cache-control: no-cache
content-length: 111060

17:23:25.464 [AsyncHttpClient-1-2] DEBUG org.asynchttpclient.netty.channel.ChannelManager - Adding key: http://localhost:55125 for channel [id: 0xf6e048f5, L:/127.0.0.1:60016 - R:localhost/127.0.0.1:55125]
17:23:25.488 [main] DEBUG net.serenitybdd.core.photography.Darkroom - Send negative for processing for target\site\serenity\228c4755822203dc817ff0c94f98f9d2ce2574e5da9e238e81c6dfd914bbab08.png
17:23:25.489 [main] DEBUG net.thucydides.core.steps.StepInterceptor - STARTING STEP: DashboardSteps.iAmOnTheDashboardPage - validateOnDashboardPage
17:23:25.497 [Forwarding findElement on session ec41de15074db1b2d66be8903ee694ad to remote] DEBUG org.asynchttpclient.netty.request.NettyRequestSender - Using pooled Channel '[id: 0xf6e048f5, L:/127.0.0.1:60016 - R:localhost/127.0.0.1:55125]' for 'POST' to 'http://localhost:55125/session/ec41de15074db1b2d66be8903ee694ad/element'
17:23:25.497 [Forwarding findElement on session ec41de15074db1b2d66be8903ee694ad to remote] DEBUG org.asynchttpclient.netty.request.NettyRequestSender - Using open Channel [id: 0xf6e048f5, L:/127.0.0.1:60016 - R:localhost/127.0.0.1:55125] for POST '/session/ec41de15074db1b2d66be8903ee694ad/element'
17:23:26.178 [AsyncHttpClient-1-2] DEBUG org.asynchttpclient.netty.handler.HttpHandler - 

Request DefaultHttpRequest(decodeResult: success, version: HTTP/1.1)
POST /session/ec41de15074db1b2d66be8903ee694ad/element HTTP/1.1
User-Agent: selenium/4.1.2 (java windows)
Content-Length: 81
Content-Type: application/json; charset=utf-8
host: localhost:55125
accept: */*

Response DefaultHttpResponse(decodeResult: success, version: HTTP/1.1)
HTTP/1.1 200 OK
Content-Type: application/json; charset=utf-8
cache-control: no-cache
content-length: 88

17:23:26.179 [AsyncHttpClient-1-2] DEBUG org.asynchttpclient.netty.channel.ChannelManager - Adding key: http://localhost:55125 for channel [id: 0xf6e048f5, L:/127.0.0.1:60016 - R:localhost/127.0.0.1:55125]
17:23:26.208 [Forwarding isElementDisplayed on session ec41de15074db1b2d66be8903ee694ad to remote] DEBUG org.asynchttpclient.netty.request.NettyRequestSender - Using pooled Channel '[id: 0xf6e048f5, L:/127.0.0.1:60016 - R:localhost/127.0.0.1:55125]' for 'POST' to 'http://localhost:55125/session/ec41de15074db1b2d66be8903ee694ad/execute/sync'
17:23:26.209 [Forwarding isElementDisplayed on session ec41de15074db1b2d66be8903ee694ad to remote] DEBUG org.asynchttpclient.netty.request.NettyRequestSender - Using open Channel [id: 0xf6e048f5, L:/127.0.0.1:60016 - R:localhost/127.0.0.1:55125] for POST '/session/ec41de15074db1b2d66be8903ee694ad/execute/sync'
17:23:26.343 [AsyncHttpClient-1-1] DEBUG org.asynchttpclient.netty.channel.DefaultChannelPool - Entry count for : http://localhost:60017 : 1
17:23:26.432 [AsyncHttpClient-1-2] DEBUG org.asynchttpclient.netty.handler.HttpHandler - 

Request DefaultHttpRequest(decodeResult: success, version: HTTP/1.1)
POST /session/ec41de15074db1b2d66be8903ee694ad/execute/sync HTTP/1.1
User-Agent: selenium/4.1.2 (java windows)
Content-Length: 48780
Content-Type: application/json; charset=utf-8
host: localhost:55125
accept: */*

Response DefaultHttpResponse(decodeResult: success, version: HTTP/1.1)
HTTP/1.1 200 OK
Content-Type: application/json; charset=utf-8
cache-control: no-cache
content-length: 14

17:23:26.432 [AsyncHttpClient-1-2] DEBUG org.asynchttpclient.netty.channel.ChannelManager - Adding key: http://localhost:55125 for channel [id: 0xf6e048f5, L:/127.0.0.1:60016 - R:localhost/127.0.0.1:55125]
17:23:26.442 [Forwarding screenshot on session ec41de15074db1b2d66be8903ee694ad to remote] DEBUG org.asynchttpclient.netty.request.NettyRequestSender - Using pooled Channel '[id: 0xf6e048f5, L:/127.0.0.1:60016 - R:localhost/127.0.0.1:55125]' for 'GET' to 'http://localhost:55125/session/ec41de15074db1b2d66be8903ee694ad/screenshot'
17:23:26.452 [Forwarding screenshot on session ec41de15074db1b2d66be8903ee694ad to remote] DEBUG org.asynchttpclient.netty.request.NettyRequestSender - Using open Channel [id: 0xf6e048f5, L:/127.0.0.1:60016 - R:localhost/127.0.0.1:55125] for GET '/session/ec41de15074db1b2d66be8903ee694ad/screenshot'
17:23:26.665 [AsyncHttpClient-1-2] DEBUG org.asynchttpclient.netty.handler.HttpHandler - 

Request DefaultFullHttpRequest(decodeResult: success, version: HTTP/1.1, content: EmptyByteBufBE)
GET /session/ec41de15074db1b2d66be8903ee694ad/screenshot HTTP/1.1
User-Agent: selenium/4.1.2 (java windows)
Cache-Control: no-cache
Content-Type: application/json; charset=utf-8
host: localhost:55125
accept: */*

Response DefaultHttpResponse(decodeResult: success, version: HTTP/1.1)
HTTP/1.1 200 OK
Content-Type: application/json; charset=utf-8
cache-control: no-cache
content-length: 111060

17:23:26.666 [AsyncHttpClient-1-2] DEBUG org.asynchttpclient.netty.channel.ChannelManager - Adding key: http://localhost:55125 for channel [id: 0xf6e048f5, L:/127.0.0.1:60016 - R:localhost/127.0.0.1:55125]
17:23:26.674 [main] DEBUG net.serenitybdd.core.photography.Darkroom - Send negative for processing for target\site\serenity\228c4755822203dc817ff0c94f98f9d2ce2574e5da9e238e81c6dfd914bbab08.png
17:23:26.675 [main] DEBUG net.thucydides.core.steps.StepInterceptor - STEP DONE: validateOnDashboardPage
  &amp#27;[32mGiven &amp#27;[0m&amp#27;[32mI am on the dashboard page&amp#27;[0m                                &amp#27;[90m# starter.stepdefinitions.DashboardSteps.iAmOnTheDashboardPage()&amp#27;[0m
17:23:26.873 [Forwarding screenshot on session ec41de15074db1b2d66be8903ee694ad to remote] DEBUG org.asynchttpclient.netty.request.NettyRequestSender - Using pooled Channel '[id: 0xf6e048f5, L:/127.0.0.1:60016 - R:localhost/127.0.0.1:55125]' for 'GET' to 'http://localhost:55125/session/ec41de15074db1b2d66be8903ee694ad/screenshot'
17:23:26.873 [Forwarding screenshot on session ec41de15074db1b2d66be8903ee694ad to remote] DEBUG org.asynchttpclient.netty.request.NettyRequestSender - Using open Channel [id: 0xf6e048f5, L:/127.0.0.1:60016 - R:localhost/127.0.0.1:55125] for GET '/session/ec41de15074db1b2d66be8903ee694ad/screenshot'
17:23:27.015 [AsyncHttpClient-1-2] DEBUG org.asynchttpclient.netty.handler.HttpHandler - 

Request DefaultFullHttpRequest(decodeResult: success, version: HTTP/1.1, content: EmptyByteBufBE)
GET /session/ec41de15074db1b2d66be8903ee694ad/screenshot HTTP/1.1
User-Agent: selenium/4.1.2 (java windows)
Cache-Control: no-cache
Content-Type: application/json; charset=utf-8
host: localhost:55125
accept: */*

Response DefaultHttpResponse(decodeResult: success, version: HTTP/1.1)
HTTP/1.1 200 OK
Content-Type: application/json; charset=utf-8
cache-control: no-cache
content-length: 111060

17:23:27.016 [AsyncHttpClient-1-2] DEBUG org.asynchttpclient.netty.channel.ChannelManager - Adding key: http://localhost:55125 for channel [id: 0xf6e048f5, L:/127.0.0.1:60016 - R:localhost/127.0.0.1:55125]
17:23:27.024 [main] DEBUG net.serenitybdd.core.photography.Darkroom - Send negative for processing for target\site\serenity\228c4755822203dc817ff0c94f98f9d2ce2574e5da9e238e81c6dfd914bbab08.png
17:23:27.298 [Forwarding screenshot on session ec41de15074db1b2d66be8903ee694ad to remote] DEBUG org.asynchttpclient.netty.request.NettyRequestSender - Using pooled Channel '[id: 0xf6e048f5, L:/127.0.0.1:60016 - R:localhost/127.0.0.1:55125]' for 'GET' to 'http://localhost:55125/session/ec41de15074db1b2d66be8903ee694ad/screenshot'
17:23:27.298 [Forwarding screenshot on session ec41de15074db1b2d66be8903ee694ad to remote] DEBUG org.asynchttpclient.netty.request.NettyRequestSender - Using open Channel [id: 0xf6e048f5, L:/127.0.0.1:60016 - R:localhost/127.0.0.1:55125] for GET '/session/ec41de15074db1b2d66be8903ee694ad/screenshot'
17:23:27.428 [AsyncHttpClient-1-2] DEBUG org.asynchttpclient.netty.handler.HttpHandler - 

Request DefaultFullHttpRequest(decodeResult: success, version: HTTP/1.1, content: EmptyByteBufBE)
GET /session/ec41de15074db1b2d66be8903ee694ad/screenshot HTTP/1.1
User-Agent: selenium/4.1.2 (java windows)
Cache-Control: no-cache
Content-Type: application/json; charset=utf-8
host: localhost:55125
accept: */*

Response DefaultHttpResponse(decodeResult: success, version: HTTP/1.1)
HTTP/1.1 200 OK
Content-Type: application/json; charset=utf-8
cache-control: no-cache
content-length: 111060

17:23:27.430 [AsyncHttpClient-1-2] DEBUG org.asynchttpclient.netty.channel.ChannelManager - Adding key: http://localhost:55125 for channel [id: 0xf6e048f5, L:/127.0.0.1:60016 - R:localhost/127.0.0.1:55125]
17:23:27.438 [main] DEBUG net.serenitybdd.core.photography.Darkroom - Send negative for processing for target\site\serenity\228c4755822203dc817ff0c94f98f9d2ce2574e5da9e238e81c6dfd914bbab08.png
17:23:27.439 [main] DEBUG net.thucydides.core.steps.StepInterceptor - STARTING STEP: AppointmentSteps.iClickMenuAppointment - clickMenuAppointmentButton
17:23:27.441 [AsyncHttpClient-1-1] DEBUG org.asynchttpclient.netty.channel.DefaultChannelPool - Entry count for : http://localhost:55125 : 1
17:23:27.441 [AsyncHttpClient-1-1] DEBUG org.asynchttpclient.netty.channel.DefaultChannelPool - Entry count for : http://localhost:60017 : 1
17:23:27.453 [Forwarding findElement on session ec41de15074db1b2d66be8903ee694ad to remote] DEBUG org.asynchttpclient.netty.request.NettyRequestSender - Using pooled Channel '[id: 0xf6e048f5, L:/127.0.0.1:60016 - R:localhost/127.0.0.1:55125]' for 'POST' to 'http://localhost:55125/session/ec41de15074db1b2d66be8903ee694ad/element'
17:23:27.453 [Forwarding findElement on session ec41de15074db1b2d66be8903ee694ad to remote] DEBUG org.asynchttpclient.netty.request.NettyRequestSender - Using open Channel [id: 0xf6e048f5, L:/127.0.0.1:60016 - R:localhost/127.0.0.1:55125] for POST '/session/ec41de15074db1b2d66be8903ee694ad/element'
17:23:27.471 [AsyncHttpClient-1-2] DEBUG org.asynchttpclient.netty.handler.HttpHandler - 

Request DefaultHttpRequest(decodeResult: success, version: HTTP/1.1)
POST /session/ec41de15074db1b2d66be8903ee694ad/element HTTP/1.1
User-Agent: selenium/4.1.2 (java windows)
Content-Length: 84
Content-Type: application/json; charset=utf-8
host: localhost:55125
accept: */*

Response DefaultHttpResponse(decodeResult: success, version: HTTP/1.1)
HTTP/1.1 200 OK
Content-Type: application/json; charset=utf-8
cache-control: no-cache
content-length: 88

17:23:27.472 [AsyncHttpClient-1-2] DEBUG org.asynchttpclient.netty.channel.ChannelManager - Adding key: http://localhost:55125 for channel [id: 0xf6e048f5, L:/127.0.0.1:60016 - R:localhost/127.0.0.1:55125]
17:23:27.478 [Forwarding getElementTagName on session ec41de15074db1b2d66be8903ee694ad to remote] DEBUG org.asynchttpclient.netty.request.NettyRequestSender - Using pooled Channel '[id: 0xf6e048f5, L:/127.0.0.1:60016 - R:localhost/127.0.0.1:55125]' for 'GET' to 'http://localhost:55125/session/ec41de15074db1b2d66be8903ee694ad/element/38f434aa-1dd6-467e-9605-f6f799b8ed8e/name'
17:23:27.478 [Forwarding getElementTagName on session ec41de15074db1b2d66be8903ee694ad to remote] DEBUG org.asynchttpclient.netty.request.NettyRequestSender - Using open Channel [id: 0xf6e048f5, L:/127.0.0.1:60016 - R:localhost/127.0.0.1:55125] for GET '/session/ec41de15074db1b2d66be8903ee694ad/element/38f434aa-1dd6-467e-9605-f6f799b8ed8e/name'
17:23:27.485 [AsyncHttpClient-1-2] DEBUG org.asynchttpclient.netty.handler.HttpHandler - 

Request DefaultFullHttpRequest(decodeResult: success, version: HTTP/1.1, content: EmptyByteBufBE)
GET /session/ec41de15074db1b2d66be8903ee694ad/element/38f434aa-1dd6-467e-9605-f6f799b8ed8e/name HTTP/1.1
User-Agent: selenium/4.1.2 (java windows)
Cache-Control: no-cache
Content-Type: application/json; charset=utf-8
host: localhost:55125
accept: */*

Response DefaultHttpResponse(decodeResult: success, version: HTTP/1.1)
HTTP/1.1 200 OK
Content-Type: application/json; charset=utf-8
cache-control: no-cache
content-length: 15

17:23:27.486 [AsyncHttpClient-1-2] DEBUG org.asynchttpclient.netty.channel.ChannelManager - Adding key: http://localhost:55125 for channel [id: 0xf6e048f5, L:/127.0.0.1:60016 - R:localhost/127.0.0.1:55125]
17:23:27.490 [Forwarding getElementTagName on session ec41de15074db1b2d66be8903ee694ad to remote] DEBUG org.asynchttpclient.netty.request.NettyRequestSender - Using pooled Channel '[id: 0xf6e048f5, L:/127.0.0.1:60016 - R:localhost/127.0.0.1:55125]' for 'GET' to 'http://localhost:55125/session/ec41de15074db1b2d66be8903ee694ad/element/38f434aa-1dd6-467e-9605-f6f799b8ed8e/name'
17:23:27.490 [Forwarding getElementTagName on session ec41de15074db1b2d66be8903ee694ad to remote] DEBUG org.asynchttpclient.netty.request.NettyRequestSender - Using open Channel [id: 0xf6e048f5, L:/127.0.0.1:60016 - R:localhost/127.0.0.1:55125] for GET '/session/ec41de15074db1b2d66be8903ee694ad/element/38f434aa-1dd6-467e-9605-f6f799b8ed8e/name'
17:23:27.496 [AsyncHttpClient-1-2] DEBUG org.asynchttpclient.netty.handler.HttpHandler - 

Request DefaultFullHttpRequest(decodeResult: success, version: HTTP/1.1, content: EmptyByteBufBE)
GET /session/ec41de15074db1b2d66be8903ee694ad/element/38f434aa-1dd6-467e-9605-f6f799b8ed8e/name HTTP/1.1
User-Agent: selenium/4.1.2 (java windows)
Cache-Control: no-cache
Content-Type: application/json; charset=utf-8
host: localhost:55125
accept: */*

Response DefaultHttpResponse(decodeResult: success, version: HTTP/1.1)
HTTP/1.1 200 OK
Content-Type: application/json; charset=utf-8
cache-control: no-cache
content-length: 15

17:23:27.497 [AsyncHttpClient-1-2] DEBUG org.asynchttpclient.netty.channel.ChannelManager - Adding key: http://localhost:55125 for channel [id: 0xf6e048f5, L:/127.0.0.1:60016 - R:localhost/127.0.0.1:55125]
17:23:27.503 [Forwarding findElement on session ec41de15074db1b2d66be8903ee694ad to remote] DEBUG org.asynchttpclient.netty.request.NettyRequestSender - Using pooled Channel '[id: 0xf6e048f5, L:/127.0.0.1:60016 - R:localhost/127.0.0.1:55125]' for 'POST' to 'http://localhost:55125/session/ec41de15074db1b2d66be8903ee694ad/element'
17:23:27.503 [Forwarding findElement on session ec41de15074db1b2d66be8903ee694ad to remote] DEBUG org.asynchttpclient.netty.request.NettyRequestSender - Using open Channel [id: 0xf6e048f5, L:/127.0.0.1:60016 - R:localhost/127.0.0.1:55125] for POST '/session/ec41de15074db1b2d66be8903ee694ad/element'
17:23:27.515 [AsyncHttpClient-1-2] DEBUG org.asynchttpclient.netty.handler.HttpHandler - 

Request DefaultHttpRequest(decodeResult: success, version: HTTP/1.1)
POST /session/ec41de15074db1b2d66be8903ee694ad/element HTTP/1.1
User-Agent: selenium/4.1.2 (java windows)
Content-Length: 84
Content-Type: application/json; charset=utf-8
host: localhost:55125
accept: */*

Response DefaultHttpResponse(decodeResult: success, version: HTTP/1.1)
HTTP/1.1 200 OK
Content-Type: application/json; charset=utf-8
cache-control: no-cache
content-length: 88

17:23:27.515 [AsyncHttpClient-1-2] DEBUG org.asynchttpclient.netty.channel.ChannelManager - Adding key: http://localhost:55125 for channel [id: 0xf6e048f5, L:/127.0.0.1:60016 - R:localhost/127.0.0.1:55125]
17:23:27.519 [Forwarding clickElement on session ec41de15074db1b2d66be8903ee694ad to remote] DEBUG org.asynchttpclient.netty.request.NettyRequestSender - Using pooled Channel '[id: 0xf6e048f5, L:/127.0.0.1:60016 - R:localhost/127.0.0.1:55125]' for 'POST' to 'http://localhost:55125/session/ec41de15074db1b2d66be8903ee694ad/element/38f434aa-1dd6-467e-9605-f6f799b8ed8e/click'
17:23:27.520 [Forwarding clickElement on session ec41de15074db1b2d66be8903ee694ad to remote] DEBUG org.asynchttpclient.netty.request.NettyRequestSender - Using open Channel [id: 0xf6e048f5, L:/127.0.0.1:60016 - R:localhost/127.0.0.1:55125] for POST '/session/ec41de15074db1b2d66be8903ee694ad/element/38f434aa-1dd6-467e-9605-f6f799b8ed8e/click'
17:23:28.544 [AsyncHttpClient-1-1] DEBUG org.asynchttpclient.netty.channel.DefaultChannelPool - Entry count for : http://localhost:60017 : 1
17:23:29.643 [AsyncHttpClient-1-1] DEBUG org.asynchttpclient.netty.channel.DefaultChannelPool - Entry count for : http://localhost:60017 : 1
17:23:30.742 [AsyncHttpClient-1-1] DEBUG org.asynchttpclient.netty.channel.DefaultChannelPool - Entry count for : http://localhost:60017 : 1
17:23:31.843 [AsyncHttpClient-1-1] DEBUG org.asynchttpclient.netty.channel.DefaultChannelPool - Entry count for : http://localhost:60017 : 1
17:23:32.942 [AsyncHttpClient-1-1] DEBUG org.asynchttpclient.netty.channel.DefaultChannelPool - Entry count for : http://localhost:60017 : 1
17:23:33.575 [AsyncHttpClient-1-2] DEBUG org.asynchttpclient.netty.handler.HttpHandler - 

Request DefaultHttpRequest(decodeResult: success, version: HTTP/1.1)
POST /session/ec41de15074db1b2d66be8903ee694ad/element/38f434aa-1dd6-467e-9605-f6f799b8ed8e/click HTTP/1.1
User-Agent: selenium/4.1.2 (java windows)
Content-Length: 50
Content-Type: application/json; charset=utf-8
host: localhost:55125
accept: */*

Response DefaultHttpResponse(decodeResult: success, version: HTTP/1.1)
HTTP/1.1 200 OK
Content-Type: application/json; charset=utf-8
cache-control: no-cache
content-length: 14

17:23:33.576 [AsyncHttpClient-1-2] DEBUG org.asynchttpclient.netty.channel.ChannelManager - Adding key: http://localhost:55125 for channel [id: 0xf6e048f5, L:/127.0.0.1:60016 - R:localhost/127.0.0.1:55125]
17:23:33.596 [Forwarding screenshot on session ec41de15074db1b2d66be8903ee694ad to remote] DEBUG org.asynchttpclient.netty.request.NettyRequestSender - Using pooled Channel '[id: 0xf6e048f5, L:/127.0.0.1:60016 - R:localhost/127.0.0.1:55125]' for 'GET' to 'http://localhost:55125/session/ec41de15074db1b2d66be8903ee694ad/screenshot'
17:23:33.596 [Forwarding screenshot on session ec41de15074db1b2d66be8903ee694ad to remote] DEBUG org.asynchttpclient.netty.request.NettyRequestSender - Using open Channel [id: 0xf6e048f5, L:/127.0.0.1:60016 - R:localhost/127.0.0.1:55125] for GET '/session/ec41de15074db1b2d66be8903ee694ad/screenshot'
17:23:34.042 [AsyncHttpClient-1-1] DEBUG org.asynchttpclient.netty.channel.DefaultChannelPool - Entry count for : http://localhost:60017 : 1
17:23:35.143 [AsyncHttpClient-1-1] DEBUG org.asynchttpclient.netty.channel.DefaultChannelPool - Entry count for : http://localhost:60017 : 1
17:23:36.242 [AsyncHttpClient-1-1] DEBUG org.asynchttpclient.netty.channel.DefaultChannelPool - Entry count for : http://localhost:60017 : 1
17:23:36.448 [AsyncHttpClient-1-2] DEBUG org.asynchttpclient.netty.handler.HttpHandler - 

Request DefaultFullHttpRequest(decodeResult: success, version: HTTP/1.1, content: EmptyByteBufBE)
GET /session/ec41de15074db1b2d66be8903ee694ad/screenshot HTTP/1.1
User-Agent: selenium/4.1.2 (java windows)
Cache-Control: no-cache
Content-Type: application/json; charset=utf-8
host: localhost:55125
accept: */*

Response DefaultHttpResponse(decodeResult: success, version: HTTP/1.1)
HTTP/1.1 200 OK
Content-Type: application/json; charset=utf-8
cache-control: no-cache
content-length: 55232

17:23:36.449 [AsyncHttpClient-1-2] DEBUG org.asynchttpclient.netty.channel.ChannelManager - Adding key: http://localhost:55125 for channel [id: 0xf6e048f5, L:/127.0.0.1:60016 - R:localhost/127.0.0.1:55125]
17:23:36.454 [main] DEBUG net.serenitybdd.core.photography.Darkroom - Send negative for processing for target\site\serenity\2b8ce8d8fa20d1d1cc854c87b2feef0229ebabc6a4785198dccb2dd225c44484.png
17:23:36.455 [main] DEBUG net.thucydides.core.steps.StepInterceptor - STEP DONE: clickMenuAppointmentButton
17:23:36.455 [Darkroom Processing Line] DEBUG net.serenitybdd.core.photography.DarkroomProcessingLine - Processing screenshot image in /var/screenshots/screenshot-3576663471880744461
17:23:36.455 [Darkroom Processing Line] DEBUG net.serenitybdd.core.photography.DarkroomProcessingLine - Saving screenshot to target\site\serenity\2b8ce8d8fa20d1d1cc854c87b2feef0229ebabc6a4785198dccb2dd225c44484.png
  &amp#27;[32mAnd &amp#27;[0m&amp#27;[32mI click menu Appointment&amp#27;[0m                                    &amp#27;[90m# starter.stepdefinitions.AppointmentSteps.iClickMenuAppointment()&amp#27;[0m
17:23:36.498 [main] DEBUG net.thucydides.core.steps.StepInterceptor - STARTING STEP: AppointmentSteps.iClickAddNewAppointment - clickAddNewAppointmentButton
17:23:36.511 [Forwarding findElement on session ec41de15074db1b2d66be8903ee694ad to remote] DEBUG org.asynchttpclient.netty.request.NettyRequestSender - Using pooled Channel '[id: 0xf6e048f5, L:/127.0.0.1:60016 - R:localhost/127.0.0.1:55125]' for 'POST' to 'http://localhost:55125/session/ec41de15074db1b2d66be8903ee694ad/element'
17:23:36.511 [Forwarding findElement on session ec41de15074db1b2d66be8903ee694ad to remote] DEBUG org.asynchttpclient.netty.request.NettyRequestSender - Using open Channel [id: 0xf6e048f5, L:/127.0.0.1:60016 - R:localhost/127.0.0.1:55125] for POST '/session/ec41de15074db1b2d66be8903ee694ad/element'
17:23:36.541 [AsyncHttpClient-1-2] DEBUG org.asynchttpclient.netty.handler.HttpHandler - 

Request DefaultHttpRequest(decodeResult: success, version: HTTP/1.1)
POST /session/ec41de15074db1b2d66be8903ee694ad/element HTTP/1.1
User-Agent: selenium/4.1.2 (java windows)
Content-Length: 149
Content-Type: application/json; charset=utf-8
host: localhost:55125
accept: */*

Response DefaultHttpResponse(decodeResult: success, version: HTTP/1.1)
HTTP/1.1 200 OK
Content-Type: application/json; charset=utf-8
cache-control: no-cache
content-length: 88

17:23:36.542 [AsyncHttpClient-1-2] DEBUG org.asynchttpclient.netty.channel.ChannelManager - Adding key: http://localhost:55125 for channel [id: 0xf6e048f5, L:/127.0.0.1:60016 - R:localhost/127.0.0.1:55125]
17:23:36.545 [Forwarding getElementTagName on session ec41de15074db1b2d66be8903ee694ad to remote] DEBUG org.asynchttpclient.netty.request.NettyRequestSender - Using pooled Channel '[id: 0xf6e048f5, L:/127.0.0.1:60016 - R:localhost/127.0.0.1:55125]' for 'GET' to 'http://localhost:55125/session/ec41de15074db1b2d66be8903ee694ad/element/c87cb456-4ab9-497e-b1f9-30172bbeb533/name'
17:23:36.545 [Forwarding getElementTagName on session ec41de15074db1b2d66be8903ee694ad to remote] DEBUG org.asynchttpclient.netty.request.NettyRequestSender - Using open Channel [id: 0xf6e048f5, L:/127.0.0.1:60016 - R:localhost/127.0.0.1:55125] for GET '/session/ec41de15074db1b2d66be8903ee694ad/element/c87cb456-4ab9-497e-b1f9-30172bbeb533/name'
17:23:36.551 [AsyncHttpClient-1-2] DEBUG org.asynchttpclient.netty.handler.HttpHandler - 

Request DefaultFullHttpRequest(decodeResult: success, version: HTTP/1.1, content: EmptyByteBufBE)
GET /session/ec41de15074db1b2d66be8903ee694ad/element/c87cb456-4ab9-497e-b1f9-30172bbeb533/name HTTP/1.1
User-Agent: selenium/4.1.2 (java windows)
Cache-Control: no-cache
Content-Type: application/json; charset=utf-8
host: localhost:55125
accept: */*

Response DefaultHttpResponse(decodeResult: success, version: HTTP/1.1)
HTTP/1.1 200 OK
Content-Type: application/json; charset=utf-8
cache-control: no-cache
content-length: 18

17:23:36.552 [AsyncHttpClient-1-2] DEBUG org.asynchttpclient.netty.channel.ChannelManager - Adding key: http://localhost:55125 for channel [id: 0xf6e048f5, L:/127.0.0.1:60016 - R:localhost/127.0.0.1:55125]
17:23:36.554 [Forwarding getElementTagName on session ec41de15074db1b2d66be8903ee694ad to remote] DEBUG org.asynchttpclient.netty.request.NettyRequestSender - Using pooled Channel '[id: 0xf6e048f5, L:/127.0.0.1:60016 - R:localhost/127.0.0.1:55125]' for 'GET' to 'http://localhost:55125/session/ec41de15074db1b2d66be8903ee694ad/element/c87cb456-4ab9-497e-b1f9-30172bbeb533/name'
17:23:36.554 [Forwarding getElementTagName on session ec41de15074db1b2d66be8903ee694ad to remote] DEBUG org.asynchttpclient.netty.request.NettyRequestSender - Using open Channel [id: 0xf6e048f5, L:/127.0.0.1:60016 - R:localhost/127.0.0.1:55125] for GET '/session/ec41de15074db1b2d66be8903ee694ad/element/c87cb456-4ab9-497e-b1f9-30172bbeb533/name'
17:23:36.559 [AsyncHttpClient-1-2] DEBUG org.asynchttpclient.netty.handler.HttpHandler - 

Request DefaultFullHttpRequest(decodeResult: success, version: HTTP/1.1, content: EmptyByteBufBE)
GET /session/ec41de15074db1b2d66be8903ee694ad/element/c87cb456-4ab9-497e-b1f9-30172bbeb533/name HTTP/1.1
User-Agent: selenium/4.1.2 (java windows)
Cache-Control: no-cache
Content-Type: application/json; charset=utf-8
host: localhost:55125
accept: */*

Response DefaultHttpResponse(decodeResult: success, version: HTTP/1.1)
HTTP/1.1 200 OK
Content-Type: application/json; charset=utf-8
cache-control: no-cache
content-length: 18

17:23:36.559 [AsyncHttpClient-1-2] DEBUG org.asynchttpclient.netty.channel.ChannelManager - Adding key: http://localhost:55125 for channel [id: 0xf6e048f5, L:/127.0.0.1:60016 - R:localhost/127.0.0.1:55125]
17:23:36.679 [Forwarding isElementEnabled on session ec41de15074db1b2d66be8903ee694ad to remote] DEBUG org.asynchttpclient.netty.request.NettyRequestSender - Using pooled Channel '[id: 0xf6e048f5, L:/127.0.0.1:60016 - R:localhost/127.0.0.1:55125]' for 'GET' to 'http://localhost:55125/session/ec41de15074db1b2d66be8903ee694ad/element/c87cb456-4ab9-497e-b1f9-30172bbeb533/enabled'
17:23:36.679 [Forwarding isElementEnabled on session ec41de15074db1b2d66be8903ee694ad to remote] DEBUG org.asynchttpclient.netty.request.NettyRequestSender - Using open Channel [id: 0xf6e048f5, L:/127.0.0.1:60016 - R:localhost/127.0.0.1:55125] for GET '/session/ec41de15074db1b2d66be8903ee694ad/element/c87cb456-4ab9-497e-b1f9-30172bbeb533/enabled'
17:23:36.789 [AsyncHttpClient-1-2] DEBUG org.asynchttpclient.netty.handler.HttpHandler - 

Request DefaultFullHttpRequest(decodeResult: success, version: HTTP/1.1, content: EmptyByteBufBE)
GET /session/ec41de15074db1b2d66be8903ee694ad/element/c87cb456-4ab9-497e-b1f9-30172bbeb533/enabled HTTP/1.1
User-Agent: selenium/4.1.2 (java windows)
Cache-Control: no-cache
Content-Type: application/json; charset=utf-8
host: localhost:55125
accept: */*

Response DefaultHttpResponse(decodeResult: success, version: HTTP/1.1)
HTTP/1.1 200 OK
Content-Type: application/json; charset=utf-8
cache-control: no-cache
content-length: 14

17:23:36.790 [AsyncHttpClient-1-2] DEBUG org.asynchttpclient.netty.channel.ChannelManager - Adding key: http://localhost:55125 for channel [id: 0xf6e048f5, L:/127.0.0.1:60016 - R:localhost/127.0.0.1:55125]
17:23:36.793 [Forwarding isElementEnabled on session ec41de15074db1b2d66be8903ee694ad to remote] DEBUG org.asynchttpclient.netty.request.NettyRequestSender - Using pooled Channel '[id: 0xf6e048f5, L:/127.0.0.1:60016 - R:localhost/127.0.0.1:55125]' for 'GET' to 'http://localhost:55125/session/ec41de15074db1b2d66be8903ee694ad/element/c87cb456-4ab9-497e-b1f9-30172bbeb533/enabled'
17:23:36.793 [Forwarding isElementEnabled on session ec41de15074db1b2d66be8903ee694ad to remote] DEBUG org.asynchttpclient.netty.request.NettyRequestSender - Using open Channel [id: 0xf6e048f5, L:/127.0.0.1:60016 - R:localhost/127.0.0.1:55125] for GET '/session/ec41de15074db1b2d66be8903ee694ad/element/c87cb456-4ab9-497e-b1f9-30172bbeb533/enabled'
17:23:36.800 [AsyncHttpClient-1-2] DEBUG org.asynchttpclient.netty.handler.HttpHandler - 

Request DefaultFullHttpRequest(decodeResult: success, version: HTTP/1.1, content: EmptyByteBufBE)
GET /session/ec41de15074db1b2d66be8903ee694ad/element/c87cb456-4ab9-497e-b1f9-30172bbeb533/enabled HTTP/1.1
User-Agent: selenium/4.1.2 (java windows)
Cache-Control: no-cache
Content-Type: application/json; charset=utf-8
host: localhost:55125
accept: */*

Response DefaultHttpResponse(decodeResult: success, version: HTTP/1.1)
HTTP/1.1 200 OK
Content-Type: application/json; charset=utf-8
cache-control: no-cache
content-length: 14

17:23:36.801 [AsyncHttpClient-1-2] DEBUG org.asynchttpclient.netty.channel.ChannelManager - Adding key: http://localhost:55125 for channel [id: 0xf6e048f5, L:/127.0.0.1:60016 - R:localhost/127.0.0.1:55125]
17:23:36.805 [Forwarding findElement on session ec41de15074db1b2d66be8903ee694ad to remote] DEBUG org.asynchttpclient.netty.request.NettyRequestSender - Using pooled Channel '[id: 0xf6e048f5, L:/127.0.0.1:60016 - R:localhost/127.0.0.1:55125]' for 'POST' to 'http://localhost:55125/session/ec41de15074db1b2d66be8903ee694ad/element'
17:23:36.805 [Forwarding findElement on session ec41de15074db1b2d66be8903ee694ad to remote] DEBUG org.asynchttpclient.netty.request.NettyRequestSender - Using open Channel [id: 0xf6e048f5, L:/127.0.0.1:60016 - R:localhost/127.0.0.1:55125] for POST '/session/ec41de15074db1b2d66be8903ee694ad/element'
17:23:36.816 [AsyncHttpClient-1-2] DEBUG org.asynchttpclient.netty.handler.HttpHandler - 

Request DefaultHttpRequest(decodeResult: success, version: HTTP/1.1)
POST /session/ec41de15074db1b2d66be8903ee694ad/element HTTP/1.1
User-Agent: selenium/4.1.2 (java windows)
Content-Length: 149
Content-Type: application/json; charset=utf-8
host: localhost:55125
accept: */*

Response DefaultHttpResponse(decodeResult: success, version: HTTP/1.1)
HTTP/1.1 200 OK
Content-Type: application/json; charset=utf-8
cache-control: no-cache
content-length: 88

17:23:36.817 [AsyncHttpClient-1-2] DEBUG org.asynchttpclient.netty.channel.ChannelManager - Adding key: http://localhost:55125 for channel [id: 0xf6e048f5, L:/127.0.0.1:60016 - R:localhost/127.0.0.1:55125]
17:23:36.820 [Forwarding clickElement on session ec41de15074db1b2d66be8903ee694ad to remote] DEBUG org.asynchttpclient.netty.request.NettyRequestSender - Using pooled Channel '[id: 0xf6e048f5, L:/127.0.0.1:60016 - R:localhost/127.0.0.1:55125]' for 'POST' to 'http://localhost:55125/session/ec41de15074db1b2d66be8903ee694ad/element/c87cb456-4ab9-497e-b1f9-30172bbeb533/click'
17:23:36.820 [Forwarding clickElement on session ec41de15074db1b2d66be8903ee694ad to remote] DEBUG org.asynchttpclient.netty.request.NettyRequestSender - Using open Channel [id: 0xf6e048f5, L:/127.0.0.1:60016 - R:localhost/127.0.0.1:55125] for POST '/session/ec41de15074db1b2d66be8903ee694ad/element/c87cb456-4ab9-497e-b1f9-30172bbeb533/click'
17:23:37.124 [AsyncHttpClient-1-2] DEBUG org.asynchttpclient.netty.handler.HttpHandler - 

Request DefaultHttpRequest(decodeResult: success, version: HTTP/1.1)
POST /session/ec41de15074db1b2d66be8903ee694ad/element/c87cb456-4ab9-497e-b1f9-30172bbeb533/click HTTP/1.1
User-Agent: selenium/4.1.2 (java windows)
Content-Length: 50
Content-Type: application/json; charset=utf-8
host: localhost:55125
accept: */*

Response DefaultHttpResponse(decodeResult: success, version: HTTP/1.1)
HTTP/1.1 200 OK
Content-Type: application/json; charset=utf-8
cache-control: no-cache
content-length: 14

17:23:37.124 [AsyncHttpClient-1-2] DEBUG org.asynchttpclient.netty.channel.ChannelManager - Adding key: http://localhost:55125 for channel [id: 0xf6e048f5, L:/127.0.0.1:60016 - R:localhost/127.0.0.1:55125]
17:23:37.139 [Forwarding screenshot on session ec41de15074db1b2d66be8903ee694ad to remote] DEBUG org.asynchttpclient.netty.request.NettyRequestSender - Using pooled Channel '[id: 0xf6e048f5, L:/127.0.0.1:60016 - R:localhost/127.0.0.1:55125]' for 'GET' to 'http://localhost:55125/session/ec41de15074db1b2d66be8903ee694ad/screenshot'
17:23:37.140 [Forwarding screenshot on session ec41de15074db1b2d66be8903ee694ad to remote] DEBUG org.asynchttpclient.netty.request.NettyRequestSender - Using open Channel [id: 0xf6e048f5, L:/127.0.0.1:60016 - R:localhost/127.0.0.1:55125] for GET '/session/ec41de15074db1b2d66be8903ee694ad/screenshot'
17:23:37.283 [AsyncHttpClient-1-2] DEBUG org.asynchttpclient.netty.handler.HttpHandler - 

Request DefaultFullHttpRequest(decodeResult: success, version: HTTP/1.1, content: EmptyByteBufBE)
GET /session/ec41de15074db1b2d66be8903ee694ad/screenshot HTTP/1.1
User-Agent: selenium/4.1.2 (java windows)
Cache-Control: no-cache
Content-Type: application/json; charset=utf-8
host: localhost:55125
accept: */*

Response DefaultHttpResponse(decodeResult: success, version: HTTP/1.1)
HTTP/1.1 200 OK
Content-Type: application/json; charset=utf-8
cache-control: no-cache
content-length: 115700

17:23:37.286 [AsyncHttpClient-1-2] DEBUG org.asynchttpclient.netty.channel.ChannelManager - Adding key: http://localhost:55125 for channel [id: 0xf6e048f5, L:/127.0.0.1:60016 - R:localhost/127.0.0.1:55125]
17:23:37.296 [main] DEBUG net.serenitybdd.core.photography.Darkroom - Send negative for processing for target\site\serenity\a554dafe11933da4145b4127518b19fba23b088955394c251726591b6bd15b17.png
17:23:37.297 [main] DEBUG net.thucydides.core.steps.StepInterceptor - STEP DONE: clickAddNewAppointmentButton
  &amp#27;[32mWhen &amp#27;[0m&amp#27;[32mI click Add New Appointment&amp#27;[0m                                &amp#27;[90m# starter.stepdefinitions.AppointmentSteps.iClickAddNewAppointment()&amp#27;[0m
17:23:37.297 [Darkroom Processing Line] DEBUG net.serenitybdd.core.photography.DarkroomProcessingLine - Processing screenshot image in /var/screenshots/screenshot-11315044811838357217
17:23:37.301 [Darkroom Processing Line] DEBUG net.serenitybdd.core.photography.DarkroomProcessingLine - Saving screenshot to target\site\serenity\a554dafe11933da4145b4127518b19fba23b088955394c251726591b6bd15b17.png
17:23:37.348 [AsyncHttpClient-1-1] DEBUG org.asynchttpclient.netty.channel.DefaultChannelPool - Entry count for : http://localhost:55125 : 1
17:23:37.349 [AsyncHttpClient-1-1] DEBUG org.asynchttpclient.netty.channel.DefaultChannelPool - Entry count for : http://localhost:60017 : 1
17:23:37.361 [Forwarding screenshot on session ec41de15074db1b2d66be8903ee694ad to remote] DEBUG org.asynchttpclient.netty.request.NettyRequestSender - Using pooled Channel '[id: 0xf6e048f5, L:/127.0.0.1:60016 - R:localhost/127.0.0.1:55125]' for 'GET' to 'http://localhost:55125/session/ec41de15074db1b2d66be8903ee694ad/screenshot'
17:23:37.364 [Forwarding screenshot on session ec41de15074db1b2d66be8903ee694ad to remote] DEBUG org.asynchttpclient.netty.request.NettyRequestSender - Using open Channel [id: 0xf6e048f5, L:/127.0.0.1:60016 - R:localhost/127.0.0.1:55125] for GET '/session/ec41de15074db1b2d66be8903ee694ad/screenshot'
17:23:37.504 [AsyncHttpClient-1-2] DEBUG org.asynchttpclient.netty.handler.HttpHandler - 

Request DefaultFullHttpRequest(decodeResult: success, version: HTTP/1.1, content: EmptyByteBufBE)
GET /session/ec41de15074db1b2d66be8903ee694ad/screenshot HTTP/1.1
User-Agent: selenium/4.1.2 (java windows)
Cache-Control: no-cache
Content-Type: application/json; charset=utf-8
host: localhost:55125
accept: */*

Response DefaultHttpResponse(decodeResult: success, version: HTTP/1.1)
HTTP/1.1 200 OK
Content-Type: application/json; charset=utf-8
cache-control: no-cache
content-length: 96352

17:23:37.508 [AsyncHttpClient-1-2] DEBUG org.asynchttpclient.netty.channel.ChannelManager - Adding key: http://localhost:55125 for channel [id: 0xf6e048f5, L:/127.0.0.1:60016 - R:localhost/127.0.0.1:55125]
17:23:37.525 [main] DEBUG net.serenitybdd.core.photography.Darkroom - Send negative for processing for target\site\serenity\7ede5cc4e4fb1d4ca25c75608489e9eb1a24e2e3936ef4cb468137ac55415a1c.png
17:23:37.527 [main] DEBUG net.thucydides.core.steps.StepInterceptor - STARTING STEP: AppointmentSteps.iClickYesButton - clickYesButton
17:23:37.526 [Darkroom Processing Line] DEBUG net.serenitybdd.core.photography.DarkroomProcessingLine - Processing screenshot image in /var/screenshots/screenshot-16122459745425384524
17:23:37.527 [Darkroom Processing Line] DEBUG net.serenitybdd.core.photography.DarkroomProcessingLine - Saving screenshot to target\site\serenity\7ede5cc4e4fb1d4ca25c75608489e9eb1a24e2e3936ef4cb468137ac55415a1c.png
17:23:37.538 [Forwarding findElement on session ec41de15074db1b2d66be8903ee694ad to remote] DEBUG org.asynchttpclient.netty.request.NettyRequestSender - Using pooled Channel '[id: 0xf6e048f5, L:/127.0.0.1:60016 - R:localhost/127.0.0.1:55125]' for 'POST' to 'http://localhost:55125/session/ec41de15074db1b2d66be8903ee694ad/element'
17:23:37.538 [Forwarding findElement on session ec41de15074db1b2d66be8903ee694ad to remote] DEBUG org.asynchttpclient.netty.request.NettyRequestSender - Using open Channel [id: 0xf6e048f5, L:/127.0.0.1:60016 - R:localhost/127.0.0.1:55125] for POST '/session/ec41de15074db1b2d66be8903ee694ad/element'
17:23:37.560 [AsyncHttpClient-1-2] DEBUG org.asynchttpclient.netty.handler.HttpHandler - 

Request DefaultHttpRequest(decodeResult: success, version: HTTP/1.1)
POST /session/ec41de15074db1b2d66be8903ee694ad/element HTTP/1.1
User-Agent: selenium/4.1.2 (java windows)
Content-Length: 104
Content-Type: application/json; charset=utf-8
host: localhost:55125
accept: */*

Response DefaultHttpResponse(decodeResult: success, version: HTTP/1.1)
HTTP/1.1 200 OK
Content-Type: application/json; charset=utf-8
cache-control: no-cache
content-length: 88

17:23:37.560 [AsyncHttpClient-1-2] DEBUG org.asynchttpclient.netty.channel.ChannelManager - Adding key: http://localhost:55125 for channel [id: 0xf6e048f5, L:/127.0.0.1:60016 - R:localhost/127.0.0.1:55125]
17:23:37.563 [Forwarding getElementTagName on session ec41de15074db1b2d66be8903ee694ad to remote] DEBUG org.asynchttpclient.netty.request.NettyRequestSender - Using pooled Channel '[id: 0xf6e048f5, L:/127.0.0.1:60016 - R:localhost/127.0.0.1:55125]' for 'GET' to 'http://localhost:55125/session/ec41de15074db1b2d66be8903ee694ad/element/d8286a45-dca2-46ce-8933-5f48e7b0790c/name'
17:23:37.563 [Forwarding getElementTagName on session ec41de15074db1b2d66be8903ee694ad to remote] DEBUG org.asynchttpclient.netty.request.NettyRequestSender - Using open Channel [id: 0xf6e048f5, L:/127.0.0.1:60016 - R:localhost/127.0.0.1:55125] for GET '/session/ec41de15074db1b2d66be8903ee694ad/element/d8286a45-dca2-46ce-8933-5f48e7b0790c/name'
17:23:37.571 [AsyncHttpClient-1-2] DEBUG org.asynchttpclient.netty.handler.HttpHandler - 

Request DefaultFullHttpRequest(decodeResult: success, version: HTTP/1.1, content: EmptyByteBufBE)
GET /session/ec41de15074db1b2d66be8903ee694ad/element/d8286a45-dca2-46ce-8933-5f48e7b0790c/name HTTP/1.1
User-Agent: selenium/4.1.2 (java windows)
Cache-Control: no-cache
Content-Type: application/json; charset=utf-8
host: localhost:55125
accept: */*

Response DefaultHttpResponse(decodeResult: success, version: HTTP/1.1)
HTTP/1.1 200 OK
Content-Type: application/json; charset=utf-8
cache-control: no-cache
content-length: 18

17:23:37.573 [AsyncHttpClient-1-2] DEBUG org.asynchttpclient.netty.channel.ChannelManager - Adding key: http://localhost:55125 for channel [id: 0xf6e048f5, L:/127.0.0.1:60016 - R:localhost/127.0.0.1:55125]
17:23:37.576 [Forwarding getElementTagName on session ec41de15074db1b2d66be8903ee694ad to remote] DEBUG org.asynchttpclient.netty.request.NettyRequestSender - Using pooled Channel '[id: 0xf6e048f5, L:/127.0.0.1:60016 - R:localhost/127.0.0.1:55125]' for 'GET' to 'http://localhost:55125/session/ec41de15074db1b2d66be8903ee694ad/element/d8286a45-dca2-46ce-8933-5f48e7b0790c/name'
17:23:37.576 [Forwarding getElementTagName on session ec41de15074db1b2d66be8903ee694ad to remote] DEBUG org.asynchttpclient.netty.request.NettyRequestSender - Using open Channel [id: 0xf6e048f5, L:/127.0.0.1:60016 - R:localhost/127.0.0.1:55125] for GET '/session/ec41de15074db1b2d66be8903ee694ad/element/d8286a45-dca2-46ce-8933-5f48e7b0790c/name'
17:23:37.583 [AsyncHttpClient-1-2] DEBUG org.asynchttpclient.netty.handler.HttpHandler - 

Request DefaultFullHttpRequest(decodeResult: success, version: HTTP/1.1, content: EmptyByteBufBE)
GET /session/ec41de15074db1b2d66be8903ee694ad/element/d8286a45-dca2-46ce-8933-5f48e7b0790c/name HTTP/1.1
User-Agent: selenium/4.1.2 (java windows)
Cache-Control: no-cache
Content-Type: application/json; charset=utf-8
host: localhost:55125
accept: */*

Response DefaultHttpResponse(decodeResult: success, version: HTTP/1.1)
HTTP/1.1 200 OK
Content-Type: application/json; charset=utf-8
cache-control: no-cache
content-length: 18

17:23:37.583 [AsyncHttpClient-1-2] DEBUG org.asynchttpclient.netty.channel.ChannelManager - Adding key: http://localhost:55125 for channel [id: 0xf6e048f5, L:/127.0.0.1:60016 - R:localhost/127.0.0.1:55125]
17:23:37.587 [Forwarding isElementEnabled on session ec41de15074db1b2d66be8903ee694ad to remote] DEBUG org.asynchttpclient.netty.request.NettyRequestSender - Using pooled Channel '[id: 0xf6e048f5, L:/127.0.0.1:60016 - R:localhost/127.0.0.1:55125]' for 'GET' to 'http://localhost:55125/session/ec41de15074db1b2d66be8903ee694ad/element/d8286a45-dca2-46ce-8933-5f48e7b0790c/enabled'
17:23:37.587 [Forwarding isElementEnabled on session ec41de15074db1b2d66be8903ee694ad to remote] DEBUG org.asynchttpclient.netty.request.NettyRequestSender - Using open Channel [id: 0xf6e048f5, L:/127.0.0.1:60016 - R:localhost/127.0.0.1:55125] for GET '/session/ec41de15074db1b2d66be8903ee694ad/element/d8286a45-dca2-46ce-8933-5f48e7b0790c/enabled'
17:23:37.607 [AsyncHttpClient-1-2] DEBUG org.asynchttpclient.netty.handler.HttpHandler - 

Request DefaultFullHttpRequest(decodeResult: success, version: HTTP/1.1, content: EmptyByteBufBE)
GET /session/ec41de15074db1b2d66be8903ee694ad/element/d8286a45-dca2-46ce-8933-5f48e7b0790c/enabled HTTP/1.1
User-Agent: selenium/4.1.2 (java windows)
Cache-Control: no-cache
Content-Type: application/json; charset=utf-8
host: localhost:55125
accept: */*

Response DefaultHttpResponse(decodeResult: success, version: HTTP/1.1)
HTTP/1.1 200 OK
Content-Type: application/json; charset=utf-8
cache-control: no-cache
content-length: 14

17:23:37.608 [AsyncHttpClient-1-2] DEBUG org.asynchttpclient.netty.channel.ChannelManager - Adding key: http://localhost:55125 for channel [id: 0xf6e048f5, L:/127.0.0.1:60016 - R:localhost/127.0.0.1:55125]
17:23:37.615 [Forwarding isElementEnabled on session ec41de15074db1b2d66be8903ee694ad to remote] DEBUG org.asynchttpclient.netty.request.NettyRequestSender - Using pooled Channel '[id: 0xf6e048f5, L:/127.0.0.1:60016 - R:localhost/127.0.0.1:55125]' for 'GET' to 'http://localhost:55125/session/ec41de15074db1b2d66be8903ee694ad/element/d8286a45-dca2-46ce-8933-5f48e7b0790c/enabled'
17:23:37.615 [Forwarding isElementEnabled on session ec41de15074db1b2d66be8903ee694ad to remote] DEBUG org.asynchttpclient.netty.request.NettyRequestSender - Using open Channel [id: 0xf6e048f5, L:/127.0.0.1:60016 - R:localhost/127.0.0.1:55125] for GET '/session/ec41de15074db1b2d66be8903ee694ad/element/d8286a45-dca2-46ce-8933-5f48e7b0790c/enabled'
17:23:37.628 [AsyncHttpClient-1-2] DEBUG org.asynchttpclient.netty.handler.HttpHandler - 

Request DefaultFullHttpRequest(decodeResult: success, version: HTTP/1.1, content: EmptyByteBufBE)
GET /session/ec41de15074db1b2d66be8903ee694ad/element/d8286a45-dca2-46ce-8933-5f48e7b0790c/enabled HTTP/1.1
User-Agent: selenium/4.1.2 (java windows)
Cache-Control: no-cache
Content-Type: application/json; charset=utf-8
host: localhost:55125
accept: */*

Response DefaultHttpResponse(decodeResult: success, version: HTTP/1.1)
HTTP/1.1 200 OK
Content-Type: application/json; charset=utf-8
cache-control: no-cache
content-length: 14

17:23:37.629 [AsyncHttpClient-1-2] DEBUG org.asynchttpclient.netty.channel.ChannelManager - Adding key: http://localhost:55125 for channel [id: 0xf6e048f5, L:/127.0.0.1:60016 - R:localhost/127.0.0.1:55125]
17:23:37.642 [Forwarding findElement on session ec41de15074db1b2d66be8903ee694ad to remote] DEBUG org.asynchttpclient.netty.request.NettyRequestSender - Using pooled Channel '[id: 0xf6e048f5, L:/127.0.0.1:60016 - R:localhost/127.0.0.1:55125]' for 'POST' to 'http://localhost:55125/session/ec41de15074db1b2d66be8903ee694ad/element'
17:23:37.643 [Forwarding findElement on session ec41de15074db1b2d66be8903ee694ad to remote] DEBUG org.asynchttpclient.netty.request.NettyRequestSender - Using open Channel [id: 0xf6e048f5, L:/127.0.0.1:60016 - R:localhost/127.0.0.1:55125] for POST '/session/ec41de15074db1b2d66be8903ee694ad/element'
17:23:37.657 [AsyncHttpClient-1-2] DEBUG org.asynchttpclient.netty.handler.HttpHandler - 

Request DefaultHttpRequest(decodeResult: success, version: HTTP/1.1)
POST /session/ec41de15074db1b2d66be8903ee694ad/element HTTP/1.1
User-Agent: selenium/4.1.2 (java windows)
Content-Length: 104
Content-Type: application/json; charset=utf-8
host: localhost:55125
accept: */*

Response DefaultHttpResponse(decodeResult: success, version: HTTP/1.1)
HTTP/1.1 200 OK
Content-Type: application/json; charset=utf-8
cache-control: no-cache
content-length: 88

17:23:37.658 [AsyncHttpClient-1-2] DEBUG org.asynchttpclient.netty.channel.ChannelManager - Adding key: http://localhost:55125 for channel [id: 0xf6e048f5, L:/127.0.0.1:60016 - R:localhost/127.0.0.1:55125]
17:23:37.662 [Forwarding clickElement on session ec41de15074db1b2d66be8903ee694ad to remote] DEBUG org.asynchttpclient.netty.request.NettyRequestSender - Using pooled Channel '[id: 0xf6e048f5, L:/127.0.0.1:60016 - R:localhost/127.0.0.1:55125]' for 'POST' to 'http://localhost:55125/session/ec41de15074db1b2d66be8903ee694ad/element/d8286a45-dca2-46ce-8933-5f48e7b0790c/click'
17:23:37.662 [Forwarding clickElement on session ec41de15074db1b2d66be8903ee694ad to remote] DEBUG org.asynchttpclient.netty.request.NettyRequestSender - Using open Channel [id: 0xf6e048f5, L:/127.0.0.1:60016 - R:localhost/127.0.0.1:55125] for POST '/session/ec41de15074db1b2d66be8903ee694ad/element/d8286a45-dca2-46ce-8933-5f48e7b0790c/click'
17:23:38.442 [AsyncHttpClient-1-1] DEBUG org.asynchttpclient.netty.channel.DefaultChannelPool - Entry count for : http://localhost:60017 : 1
17:23:38.519 [AsyncHttpClient-1-2] DEBUG org.asynchttpclient.netty.handler.HttpHandler - 

Request DefaultHttpRequest(decodeResult: success, version: HTTP/1.1)
POST /session/ec41de15074db1b2d66be8903ee694ad/element/d8286a45-dca2-46ce-8933-5f48e7b0790c/click HTTP/1.1
User-Agent: selenium/4.1.2 (java windows)
Content-Length: 50
Content-Type: application/json; charset=utf-8
host: localhost:55125
accept: */*

Response DefaultHttpResponse(decodeResult: success, version: HTTP/1.1)
HTTP/1.1 200 OK
Content-Type: application/json; charset=utf-8
cache-control: no-cache
content-length: 14

17:23:38.520 [AsyncHttpClient-1-2] DEBUG org.asynchttpclient.netty.channel.ChannelManager - Adding key: http://localhost:55125 for channel [id: 0xf6e048f5, L:/127.0.0.1:60016 - R:localhost/127.0.0.1:55125]
17:23:38.543 [Forwarding screenshot on session ec41de15074db1b2d66be8903ee694ad to remote] DEBUG org.asynchttpclient.netty.request.NettyRequestSender - Using pooled Channel '[id: 0xf6e048f5, L:/127.0.0.1:60016 - R:localhost/127.0.0.1:55125]' for 'GET' to 'http://localhost:55125/session/ec41de15074db1b2d66be8903ee694ad/screenshot'
17:23:38.544 [Forwarding screenshot on session ec41de15074db1b2d66be8903ee694ad to remote] DEBUG org.asynchttpclient.netty.request.NettyRequestSender - Using open Channel [id: 0xf6e048f5, L:/127.0.0.1:60016 - R:localhost/127.0.0.1:55125] for GET '/session/ec41de15074db1b2d66be8903ee694ad/screenshot'
17:23:38.736 [AsyncHttpClient-1-2] DEBUG org.asynchttpclient.netty.handler.HttpHandler - 

Request DefaultFullHttpRequest(decodeResult: success, version: HTTP/1.1, content: EmptyByteBufBE)
GET /session/ec41de15074db1b2d66be8903ee694ad/screenshot HTTP/1.1
User-Agent: selenium/4.1.2 (java windows)
Cache-Control: no-cache
Content-Type: application/json; charset=utf-8
host: localhost:55125
accept: */*

Response DefaultHttpResponse(decodeResult: success, version: HTTP/1.1)
HTTP/1.1 200 OK
Content-Type: application/json; charset=utf-8
cache-control: no-cache
content-length: 121048

17:23:38.739 [AsyncHttpClient-1-2] DEBUG org.asynchttpclient.netty.channel.ChannelManager - Adding key: http://localhost:55125 for channel [id: 0xf6e048f5, L:/127.0.0.1:60016 - R:localhost/127.0.0.1:55125]
17:23:38.750 [main] DEBUG net.serenitybdd.core.photography.Darkroom - Send negative for processing for target\site\serenity\257c7ee3ae183e1a42bd891473a7964e68ee12676f0809ea8b9130953b93784d.png
17:23:38.751 [main] DEBUG net.thucydides.core.steps.StepInterceptor - STEP DONE: clickYesButton
17:23:38.751 [Darkroom Processing Line] DEBUG net.serenitybdd.core.photography.DarkroomProcessingLine - Processing screenshot image in /var/screenshots/screenshot-12592983875440317919
17:23:38.751 [Darkroom Processing Line] DEBUG net.serenitybdd.core.photography.DarkroomProcessingLine - Saving screenshot to target\site\serenity\257c7ee3ae183e1a42bd891473a7964e68ee12676f0809ea8b9130953b93784d.png
  &amp#27;[32mAnd &amp#27;[0m&amp#27;[32mI click yes button&amp#27;[0m                                          &amp#27;[90m# starter.stepdefinitions.AppointmentSteps.iClickYesButton()&amp#27;[0m
17:23:38.813 [Forwarding screenshot on session ec41de15074db1b2d66be8903ee694ad to remote] DEBUG org.asynchttpclient.netty.request.NettyRequestSender - Using pooled Channel '[id: 0xf6e048f5, L:/127.0.0.1:60016 - R:localhost/127.0.0.1:55125]' for 'GET' to 'http://localhost:55125/session/ec41de15074db1b2d66be8903ee694ad/screenshot'
17:23:38.814 [Forwarding screenshot on session ec41de15074db1b2d66be8903ee694ad to remote] DEBUG org.asynchttpclient.netty.request.NettyRequestSender - Using open Channel [id: 0xf6e048f5, L:/127.0.0.1:60016 - R:localhost/127.0.0.1:55125] for GET '/session/ec41de15074db1b2d66be8903ee694ad/screenshot'
17:23:38.938 [AsyncHttpClient-1-2] DEBUG org.asynchttpclient.netty.handler.HttpHandler - 

Request DefaultFullHttpRequest(decodeResult: success, version: HTTP/1.1, content: EmptyByteBufBE)
GET /session/ec41de15074db1b2d66be8903ee694ad/screenshot HTTP/1.1
User-Agent: selenium/4.1.2 (java windows)
Cache-Control: no-cache
Content-Type: application/json; charset=utf-8
host: localhost:55125
accept: */*

Response DefaultHttpResponse(decodeResult: success, version: HTTP/1.1)
HTTP/1.1 200 OK
Content-Type: application/json; charset=utf-8
cache-control: no-cache
content-length: 81992

17:23:38.939 [AsyncHttpClient-1-2] DEBUG org.asynchttpclient.netty.channel.ChannelManager - Adding key: http://localhost:55125 for channel [id: 0xf6e048f5, L:/127.0.0.1:60016 - R:localhost/127.0.0.1:55125]
17:23:38.944 [main] DEBUG net.serenitybdd.core.photography.Darkroom - Send negative for processing for target\site\serenity\6356a16a7850a088c9366734b2c77250d1fcd7b3fc00f7ec93af11dd4396c1ad.png
17:23:38.945 [Darkroom Processing Line] DEBUG net.serenitybdd.core.photography.DarkroomProcessingLine - Processing screenshot image in /var/screenshots/screenshot-1835839980376553328
17:23:38.945 [Darkroom Processing Line] DEBUG net.serenitybdd.core.photography.DarkroomProcessingLine - Saving screenshot to target\site\serenity\6356a16a7850a088c9366734b2c77250d1fcd7b3fc00f7ec93af11dd4396c1ad.png
17:23:38.945 [main] DEBUG net.thucydides.core.steps.StepInterceptor - STARTING STEP: AppointmentSteps.iInputValidDataAppointmentAndClickSubmit - inputName
17:23:38.956 [Forwarding findElement on session ec41de15074db1b2d66be8903ee694ad to remote] DEBUG org.asynchttpclient.netty.request.NettyRequestSender - Using pooled Channel '[id: 0xf6e048f5, L:/127.0.0.1:60016 - R:localhost/127.0.0.1:55125]' for 'POST' to 'http://localhost:55125/session/ec41de15074db1b2d66be8903ee694ad/element'
17:23:38.956 [Forwarding findElement on session ec41de15074db1b2d66be8903ee694ad to remote] DEBUG org.asynchttpclient.netty.request.NettyRequestSender - Using open Channel [id: 0xf6e048f5, L:/127.0.0.1:60016 - R:localhost/127.0.0.1:55125] for POST '/session/ec41de15074db1b2d66be8903ee694ad/element'
17:23:38.985 [AsyncHttpClient-1-2] DEBUG org.asynchttpclient.netty.handler.HttpHandler - 

Request DefaultHttpRequest(decodeResult: success, version: HTTP/1.1)
POST /session/ec41de15074db1b2d66be8903ee694ad/element HTTP/1.1
User-Agent: selenium/4.1.2 (java windows)
Content-Length: 139
Content-Type: application/json; charset=utf-8
host: localhost:55125
accept: */*

Response DefaultHttpResponse(decodeResult: success, version: HTTP/1.1)
HTTP/1.1 200 OK
Content-Type: application/json; charset=utf-8
cache-control: no-cache
content-length: 88

17:23:38.985 [AsyncHttpClient-1-2] DEBUG org.asynchttpclient.netty.channel.ChannelManager - Adding key: http://localhost:55125 for channel [id: 0xf6e048f5, L:/127.0.0.1:60016 - R:localhost/127.0.0.1:55125]
17:23:38.989 [Forwarding clearElement on session ec41de15074db1b2d66be8903ee694ad to remote] DEBUG org.asynchttpclient.netty.request.NettyRequestSender - Using pooled Channel '[id: 0xf6e048f5, L:/127.0.0.1:60016 - R:localhost/127.0.0.1:55125]' for 'POST' to 'http://localhost:55125/session/ec41de15074db1b2d66be8903ee694ad/element/026dbd44-2d4d-49f7-8466-80db7cdf3ccb/clear'
17:23:38.990 [Forwarding clearElement on session ec41de15074db1b2d66be8903ee694ad to remote] DEBUG org.asynchttpclient.netty.request.NettyRequestSender - Using open Channel [id: 0xf6e048f5, L:/127.0.0.1:60016 - R:localhost/127.0.0.1:55125] for POST '/session/ec41de15074db1b2d66be8903ee694ad/element/026dbd44-2d4d-49f7-8466-80db7cdf3ccb/clear'
17:23:39.180 [AsyncHttpClient-1-2] DEBUG org.asynchttpclient.netty.handler.HttpHandler - 

Request DefaultHttpRequest(decodeResult: success, version: HTTP/1.1)
POST /session/ec41de15074db1b2d66be8903ee694ad/element/026dbd44-2d4d-49f7-8466-80db7cdf3ccb/clear HTTP/1.1
User-Agent: selenium/4.1.2 (java windows)
Content-Length: 50
Content-Type: application/json; charset=utf-8
host: localhost:55125
accept: */*

Response DefaultHttpResponse(decodeResult: success, version: HTTP/1.1)
HTTP/1.1 200 OK
Content-Type: application/json; charset=utf-8
cache-control: no-cache
content-length: 14

17:23:39.181 [AsyncHttpClient-1-2] DEBUG org.asynchttpclient.netty.channel.ChannelManager - Adding key: http://localhost:55125 for channel [id: 0xf6e048f5, L:/127.0.0.1:60016 - R:localhost/127.0.0.1:55125]
17:23:39.186 [Forwarding sendKeysToElement on session ec41de15074db1b2d66be8903ee694ad to remote] DEBUG org.asynchttpclient.netty.request.NettyRequestSender - Using pooled Channel '[id: 0xf6e048f5, L:/127.0.0.1:60016 - R:localhost/127.0.0.1:55125]' for 'POST' to 'http://localhost:55125/session/ec41de15074db1b2d66be8903ee694ad/element/026dbd44-2d4d-49f7-8466-80db7cdf3ccb/value'
17:23:39.187 [Forwarding sendKeysToElement on session ec41de15074db1b2d66be8903ee694ad to remote] DEBUG org.asynchttpclient.netty.request.NettyRequestSender - Using open Channel [id: 0xf6e048f5, L:/127.0.0.1:60016 - R:localhost/127.0.0.1:55125] for POST '/session/ec41de15074db1b2d66be8903ee694ad/element/026dbd44-2d4d-49f7-8466-80db7cdf3ccb/value'
17:23:39.542 [AsyncHttpClient-1-1] DEBUG org.asynchttpclient.netty.channel.DefaultChannelPool - Entry count for : http://localhost:60017 : 1
17:23:40.358 [AsyncHttpClient-1-2] DEBUG org.asynchttpclient.netty.handler.HttpHandler - 

Request DefaultHttpRequest(decodeResult: success, version: HTTP/1.1)
POST /session/ec41de15074db1b2d66be8903ee694ad/element/026dbd44-2d4d-49f7-8466-80db7cdf3ccb/value HTTP/1.1
User-Agent: selenium/4.1.2 (java windows)
Content-Length: 101
Content-Type: application/json; charset=utf-8
host: localhost:55125
accept: */*

Response DefaultHttpResponse(decodeResult: success, version: HTTP/1.1)
HTTP/1.1 200 OK
Content-Type: application/json; charset=utf-8
cache-control: no-cache
content-length: 14

17:23:40.359 [AsyncHttpClient-1-2] DEBUG org.asynchttpclient.netty.channel.ChannelManager - Adding key: http://localhost:55125 for channel [id: 0xf6e048f5, L:/127.0.0.1:60016 - R:localhost/127.0.0.1:55125]
17:23:40.376 [Forwarding screenshot on session ec41de15074db1b2d66be8903ee694ad to remote] DEBUG org.asynchttpclient.netty.request.NettyRequestSender - Using pooled Channel '[id: 0xf6e048f5, L:/127.0.0.1:60016 - R:localhost/127.0.0.1:55125]' for 'GET' to 'http://localhost:55125/session/ec41de15074db1b2d66be8903ee694ad/screenshot'
17:23:40.376 [Forwarding screenshot on session ec41de15074db1b2d66be8903ee694ad to remote] DEBUG org.asynchttpclient.netty.request.NettyRequestSender - Using open Channel [id: 0xf6e048f5, L:/127.0.0.1:60016 - R:localhost/127.0.0.1:55125] for GET '/session/ec41de15074db1b2d66be8903ee694ad/screenshot'
17:23:40.520 [AsyncHttpClient-1-2] DEBUG org.asynchttpclient.netty.handler.HttpHandler - 

Request DefaultFullHttpRequest(decodeResult: success, version: HTTP/1.1, content: EmptyByteBufBE)
GET /session/ec41de15074db1b2d66be8903ee694ad/screenshot HTTP/1.1
User-Agent: selenium/4.1.2 (java windows)
Cache-Control: no-cache
Content-Type: application/json; charset=utf-8
host: localhost:55125
accept: */*

Response DefaultHttpResponse(decodeResult: success, version: HTTP/1.1)
HTTP/1.1 200 OK
Content-Type: application/json; charset=utf-8
cache-control: no-cache
content-length: 81108

17:23:40.521 [AsyncHttpClient-1-2] DEBUG org.asynchttpclient.netty.channel.ChannelManager - Adding key: http://localhost:55125 for channel [id: 0xf6e048f5, L:/127.0.0.1:60016 - R:localhost/127.0.0.1:55125]
17:23:40.531 [main] DEBUG net.serenitybdd.core.photography.Darkroom - Send negative for processing for target\site\serenity\9b61e483c20fb5a3fbda6e4f5d06585bd1831b9a8a8f3e233d3855ac89f6ae17.png
17:23:40.531 [main] DEBUG net.thucydides.core.steps.StepInterceptor - STEP DONE: inputName
17:23:40.531 [Darkroom Processing Line] DEBUG net.serenitybdd.core.photography.DarkroomProcessingLine - Processing screenshot image in /var/screenshots/screenshot-16030953074164800039
17:23:40.532 [Darkroom Processing Line] DEBUG net.serenitybdd.core.photography.DarkroomProcessingLine - Saving screenshot to target\site\serenity\9b61e483c20fb5a3fbda6e4f5d06585bd1831b9a8a8f3e233d3855ac89f6ae17.png
17:23:40.541 [main] DEBUG net.thucydides.core.steps.StepInterceptor - STARTING STEP: AppointmentSteps.iInputValidDataAppointmentAndClickSubmit - clickDepartmentDropdownButton
17:23:40.548 [Forwarding findElement on session ec41de15074db1b2d66be8903ee694ad to remote] DEBUG org.asynchttpclient.netty.request.NettyRequestSender - Using pooled Channel '[id: 0xf6e048f5, L:/127.0.0.1:60016 - R:localhost/127.0.0.1:55125]' for 'POST' to 'http://localhost:55125/session/ec41de15074db1b2d66be8903ee694ad/element'
17:23:40.548 [Forwarding findElement on session ec41de15074db1b2d66be8903ee694ad to remote] DEBUG org.asynchttpclient.netty.request.NettyRequestSender - Using open Channel [id: 0xf6e048f5, L:/127.0.0.1:60016 - R:localhost/127.0.0.1:55125] for POST '/session/ec41de15074db1b2d66be8903ee694ad/element'
17:23:40.565 [AsyncHttpClient-1-2] DEBUG org.asynchttpclient.netty.handler.HttpHandler - 

Request DefaultHttpRequest(decodeResult: success, version: HTTP/1.1)
POST /session/ec41de15074db1b2d66be8903ee694ad/element HTTP/1.1
User-Agent: selenium/4.1.2 (java windows)
Content-Length: 82
Content-Type: application/json; charset=utf-8
host: localhost:55125
accept: */*

Response DefaultHttpResponse(decodeResult: success, version: HTTP/1.1)
HTTP/1.1 200 OK
Content-Type: application/json; charset=utf-8
cache-control: no-cache
content-length: 88

17:23:40.566 [AsyncHttpClient-1-2] DEBUG org.asynchttpclient.netty.channel.ChannelManager - Adding key: http://localhost:55125 for channel [id: 0xf6e048f5, L:/127.0.0.1:60016 - R:localhost/127.0.0.1:55125]
17:23:40.569 [Forwarding getElementTagName on session ec41de15074db1b2d66be8903ee694ad to remote] DEBUG org.asynchttpclient.netty.request.NettyRequestSender - Using pooled Channel '[id: 0xf6e048f5, L:/127.0.0.1:60016 - R:localhost/127.0.0.1:55125]' for 'GET' to 'http://localhost:55125/session/ec41de15074db1b2d66be8903ee694ad/element/1b22272f-f329-43b2-941a-72b86da476ef/name'
17:23:40.569 [Forwarding getElementTagName on session ec41de15074db1b2d66be8903ee694ad to remote] DEBUG org.asynchttpclient.netty.request.NettyRequestSender - Using open Channel [id: 0xf6e048f5, L:/127.0.0.1:60016 - R:localhost/127.0.0.1:55125] for GET '/session/ec41de15074db1b2d66be8903ee694ad/element/1b22272f-f329-43b2-941a-72b86da476ef/name'
17:23:40.574 [AsyncHttpClient-1-2] DEBUG org.asynchttpclient.netty.handler.HttpHandler - 

Request DefaultFullHttpRequest(decodeResult: success, version: HTTP/1.1, content: EmptyByteBufBE)
GET /session/ec41de15074db1b2d66be8903ee694ad/element/1b22272f-f329-43b2-941a-72b86da476ef/name HTTP/1.1
User-Agent: selenium/4.1.2 (java windows)
Cache-Control: no-cache
Content-Type: application/json; charset=utf-8
host: localhost:55125
accept: */*

Response DefaultHttpResponse(decodeResult: success, version: HTTP/1.1)
HTTP/1.1 200 OK
Content-Type: application/json; charset=utf-8
cache-control: no-cache
content-length: 15

17:23:40.575 [AsyncHttpClient-1-2] DEBUG org.asynchttpclient.netty.channel.ChannelManager - Adding key: http://localhost:55125 for channel [id: 0xf6e048f5, L:/127.0.0.1:60016 - R:localhost/127.0.0.1:55125]
17:23:40.577 [Forwarding getElementTagName on session ec41de15074db1b2d66be8903ee694ad to remote] DEBUG org.asynchttpclient.netty.request.NettyRequestSender - Using pooled Channel '[id: 0xf6e048f5, L:/127.0.0.1:60016 - R:localhost/127.0.0.1:55125]' for 'GET' to 'http://localhost:55125/session/ec41de15074db1b2d66be8903ee694ad/element/1b22272f-f329-43b2-941a-72b86da476ef/name'
17:23:40.577 [Forwarding getElementTagName on session ec41de15074db1b2d66be8903ee694ad to remote] DEBUG org.asynchttpclient.netty.request.NettyRequestSender - Using open Channel [id: 0xf6e048f5, L:/127.0.0.1:60016 - R:localhost/127.0.0.1:55125] for GET '/session/ec41de15074db1b2d66be8903ee694ad/element/1b22272f-f329-43b2-941a-72b86da476ef/name'
17:23:40.582 [AsyncHttpClient-1-2] DEBUG org.asynchttpclient.netty.handler.HttpHandler - 

Request DefaultFullHttpRequest(decodeResult: success, version: HTTP/1.1, content: EmptyByteBufBE)
GET /session/ec41de15074db1b2d66be8903ee694ad/element/1b22272f-f329-43b2-941a-72b86da476ef/name HTTP/1.1
User-Agent: selenium/4.1.2 (java windows)
Cache-Control: no-cache
Content-Type: application/json; charset=utf-8
host: localhost:55125
accept: */*

Response DefaultHttpResponse(decodeResult: success, version: HTTP/1.1)
HTTP/1.1 200 OK
Content-Type: application/json; charset=utf-8
cache-control: no-cache
content-length: 15

17:23:40.582 [AsyncHttpClient-1-2] DEBUG org.asynchttpclient.netty.channel.ChannelManager - Adding key: http://localhost:55125 for channel [id: 0xf6e048f5, L:/127.0.0.1:60016 - R:localhost/127.0.0.1:55125]
17:23:40.585 [Forwarding findElement on session ec41de15074db1b2d66be8903ee694ad to remote] DEBUG org.asynchttpclient.netty.request.NettyRequestSender - Using pooled Channel '[id: 0xf6e048f5, L:/127.0.0.1:60016 - R:localhost/127.0.0.1:55125]' for 'POST' to 'http://localhost:55125/session/ec41de15074db1b2d66be8903ee694ad/element'
17:23:40.585 [Forwarding findElement on session ec41de15074db1b2d66be8903ee694ad to remote] DEBUG org.asynchttpclient.netty.request.NettyRequestSender - Using open Channel [id: 0xf6e048f5, L:/127.0.0.1:60016 - R:localhost/127.0.0.1:55125] for POST '/session/ec41de15074db1b2d66be8903ee694ad/element'
17:23:40.594 [AsyncHttpClient-1-2] DEBUG org.asynchttpclient.netty.handler.HttpHandler - 

Request DefaultHttpRequest(decodeResult: success, version: HTTP/1.1)
POST /session/ec41de15074db1b2d66be8903ee694ad/element HTTP/1.1
User-Agent: selenium/4.1.2 (java windows)
Content-Length: 82
Content-Type: application/json; charset=utf-8
host: localhost:55125
accept: */*

Response DefaultHttpResponse(decodeResult: success, version: HTTP/1.1)
HTTP/1.1 200 OK
Content-Type: application/json; charset=utf-8
cache-control: no-cache
content-length: 88

17:23:40.595 [AsyncHttpClient-1-2] DEBUG org.asynchttpclient.netty.channel.ChannelManager - Adding key: http://localhost:55125 for channel [id: 0xf6e048f5, L:/127.0.0.1:60016 - R:localhost/127.0.0.1:55125]
17:23:40.597 [Forwarding clickElement on session ec41de15074db1b2d66be8903ee694ad to remote] DEBUG org.asynchttpclient.netty.request.NettyRequestSender - Using pooled Channel '[id: 0xf6e048f5, L:/127.0.0.1:60016 - R:localhost/127.0.0.1:55125]' for 'POST' to 'http://localhost:55125/session/ec41de15074db1b2d66be8903ee694ad/element/1b22272f-f329-43b2-941a-72b86da476ef/click'
17:23:40.597 [Forwarding clickElement on session ec41de15074db1b2d66be8903ee694ad to remote] DEBUG org.asynchttpclient.netty.request.NettyRequestSender - Using open Channel [id: 0xf6e048f5, L:/127.0.0.1:60016 - R:localhost/127.0.0.1:55125] for POST '/session/ec41de15074db1b2d66be8903ee694ad/element/1b22272f-f329-43b2-941a-72b86da476ef/click'
17:23:40.643 [AsyncHttpClient-1-1] DEBUG org.asynchttpclient.netty.channel.DefaultChannelPool - Entry count for : http://localhost:60017 : 1
17:23:40.894 [AsyncHttpClient-1-2] DEBUG org.asynchttpclient.netty.handler.HttpHandler - 

Request DefaultHttpRequest(decodeResult: success, version: HTTP/1.1)
POST /session/ec41de15074db1b2d66be8903ee694ad/element/1b22272f-f329-43b2-941a-72b86da476ef/click HTTP/1.1
User-Agent: selenium/4.1.2 (java windows)
Content-Length: 50
Content-Type: application/json; charset=utf-8
host: localhost:55125
accept: */*

Response DefaultHttpResponse(decodeResult: success, version: HTTP/1.1)
HTTP/1.1 200 OK
Content-Type: application/json; charset=utf-8
cache-control: no-cache
content-length: 14

17:23:40.894 [AsyncHttpClient-1-2] DEBUG org.asynchttpclient.netty.channel.ChannelManager - Adding key: http://localhost:55125 for channel [id: 0xf6e048f5, L:/127.0.0.1:60016 - R:localhost/127.0.0.1:55125]
17:23:40.909 [Forwarding screenshot on session ec41de15074db1b2d66be8903ee694ad to remote] DEBUG org.asynchttpclient.netty.request.NettyRequestSender - Using pooled Channel '[id: 0xf6e048f5, L:/127.0.0.1:60016 - R:localhost/127.0.0.1:55125]' for 'GET' to 'http://localhost:55125/session/ec41de15074db1b2d66be8903ee694ad/screenshot'
17:23:40.909 [Forwarding screenshot on session ec41de15074db1b2d66be8903ee694ad to remote] DEBUG org.asynchttpclient.netty.request.NettyRequestSender - Using open Channel [id: 0xf6e048f5, L:/127.0.0.1:60016 - R:localhost/127.0.0.1:55125] for GET '/session/ec41de15074db1b2d66be8903ee694ad/screenshot'
17:23:41.067 [AsyncHttpClient-1-2] DEBUG org.asynchttpclient.netty.handler.HttpHandler - 

Request DefaultFullHttpRequest(decodeResult: success, version: HTTP/1.1, content: EmptyByteBufBE)
GET /session/ec41de15074db1b2d66be8903ee694ad/screenshot HTTP/1.1
User-Agent: selenium/4.1.2 (java windows)
Cache-Control: no-cache
Content-Type: application/json; charset=utf-8
host: localhost:55125
accept: */*

Response DefaultHttpResponse(decodeResult: success, version: HTTP/1.1)
HTTP/1.1 200 OK
Content-Type: application/json; charset=utf-8
cache-control: no-cache
content-length: 90696

17:23:41.068 [AsyncHttpClient-1-2] DEBUG org.asynchttpclient.netty.channel.ChannelManager - Adding key: http://localhost:55125 for channel [id: 0xf6e048f5, L:/127.0.0.1:60016 - R:localhost/127.0.0.1:55125]
17:23:41.077 [main] DEBUG net.serenitybdd.core.photography.Darkroom - Send negative for processing for target\site\serenity\32dd26eca2800ae3fca07f9b6399d43d37eb9af6cb34cbdc4920c864eaf593fc.png
17:23:41.077 [main] DEBUG net.thucydides.core.steps.StepInterceptor - STEP DONE: clickDepartmentDropdownButton
17:23:41.077 [Darkroom Processing Line] DEBUG net.serenitybdd.core.photography.DarkroomProcessingLine - Processing screenshot image in /var/screenshots/screenshot-8303380447561477976
17:23:41.077 [Darkroom Processing Line] DEBUG net.serenitybdd.core.photography.DarkroomProcessingLine - Saving screenshot to target\site\serenity\32dd26eca2800ae3fca07f9b6399d43d37eb9af6cb34cbdc4920c864eaf593fc.png
17:23:41.092 [main] DEBUG net.thucydides.core.steps.StepInterceptor - STARTING STEP: AppointmentSteps.iInputValidDataAppointmentAndClickSubmit - clickDepartmentOptionButton
17:23:41.099 [Forwarding findElement on session ec41de15074db1b2d66be8903ee694ad to remote] DEBUG org.asynchttpclient.netty.request.NettyRequestSender - Using pooled Channel '[id: 0xf6e048f5, L:/127.0.0.1:60016 - R:localhost/127.0.0.1:55125]' for 'POST' to 'http://localhost:55125/session/ec41de15074db1b2d66be8903ee694ad/element'
17:23:41.099 [Forwarding findElement on session ec41de15074db1b2d66be8903ee694ad to remote] DEBUG org.asynchttpclient.netty.request.NettyRequestSender - Using open Channel [id: 0xf6e048f5, L:/127.0.0.1:60016 - R:localhost/127.0.0.1:55125] for POST '/session/ec41de15074db1b2d66be8903ee694ad/element'
17:23:41.123 [AsyncHttpClient-1-2] DEBUG org.asynchttpclient.netty.handler.HttpHandler - 

Request DefaultHttpRequest(decodeResult: success, version: HTTP/1.1)
POST /session/ec41de15074db1b2d66be8903ee694ad/element HTTP/1.1
User-Agent: selenium/4.1.2 (java windows)
Content-Length: 119
Content-Type: application/json; charset=utf-8
host: localhost:55125
accept: */*

Response DefaultHttpResponse(decodeResult: success, version: HTTP/1.1)
HTTP/1.1 200 OK
Content-Type: application/json; charset=utf-8
cache-control: no-cache
content-length: 88

17:23:41.124 [AsyncHttpClient-1-2] DEBUG org.asynchttpclient.netty.channel.ChannelManager - Adding key: http://localhost:55125 for channel [id: 0xf6e048f5, L:/127.0.0.1:60016 - R:localhost/127.0.0.1:55125]
17:23:41.126 [Forwarding getElementTagName on session ec41de15074db1b2d66be8903ee694ad to remote] DEBUG org.asynchttpclient.netty.request.NettyRequestSender - Using pooled Channel '[id: 0xf6e048f5, L:/127.0.0.1:60016 - R:localhost/127.0.0.1:55125]' for 'GET' to 'http://localhost:55125/session/ec41de15074db1b2d66be8903ee694ad/element/78deb23a-f77f-43d1-9192-52f81fbc7578/name'
17:23:41.127 [Forwarding getElementTagName on session ec41de15074db1b2d66be8903ee694ad to remote] DEBUG org.asynchttpclient.netty.request.NettyRequestSender - Using open Channel [id: 0xf6e048f5, L:/127.0.0.1:60016 - R:localhost/127.0.0.1:55125] for GET '/session/ec41de15074db1b2d66be8903ee694ad/element/78deb23a-f77f-43d1-9192-52f81fbc7578/name'
17:23:41.133 [AsyncHttpClient-1-2] DEBUG org.asynchttpclient.netty.handler.HttpHandler - 

Request DefaultFullHttpRequest(decodeResult: success, version: HTTP/1.1, content: EmptyByteBufBE)
GET /session/ec41de15074db1b2d66be8903ee694ad/element/78deb23a-f77f-43d1-9192-52f81fbc7578/name HTTP/1.1
User-Agent: selenium/4.1.2 (java windows)
Cache-Control: no-cache
Content-Type: application/json; charset=utf-8
host: localhost:55125
accept: */*

Response DefaultHttpResponse(decodeResult: success, version: HTTP/1.1)
HTTP/1.1 200 OK
Content-Type: application/json; charset=utf-8
cache-control: no-cache
content-length: 14

17:23:41.134 [AsyncHttpClient-1-2] DEBUG org.asynchttpclient.netty.channel.ChannelManager - Adding key: http://localhost:55125 for channel [id: 0xf6e048f5, L:/127.0.0.1:60016 - R:localhost/127.0.0.1:55125]
17:23:41.138 [Forwarding getElementTagName on session ec41de15074db1b2d66be8903ee694ad to remote] DEBUG org.asynchttpclient.netty.request.NettyRequestSender - Using pooled Channel '[id: 0xf6e048f5, L:/127.0.0.1:60016 - R:localhost/127.0.0.1:55125]' for 'GET' to 'http://localhost:55125/session/ec41de15074db1b2d66be8903ee694ad/element/78deb23a-f77f-43d1-9192-52f81fbc7578/name'
17:23:41.139 [Forwarding getElementTagName on session ec41de15074db1b2d66be8903ee694ad to remote] DEBUG org.asynchttpclient.netty.request.NettyRequestSender - Using open Channel [id: 0xf6e048f5, L:/127.0.0.1:60016 - R:localhost/127.0.0.1:55125] for GET '/session/ec41de15074db1b2d66be8903ee694ad/element/78deb23a-f77f-43d1-9192-52f81fbc7578/name'
17:23:41.145 [AsyncHttpClient-1-2] DEBUG org.asynchttpclient.netty.handler.HttpHandler - 

Request DefaultFullHttpRequest(decodeResult: success, version: HTTP/1.1, content: EmptyByteBufBE)
GET /session/ec41de15074db1b2d66be8903ee694ad/element/78deb23a-f77f-43d1-9192-52f81fbc7578/name HTTP/1.1
User-Agent: selenium/4.1.2 (java windows)
Cache-Control: no-cache
Content-Type: application/json; charset=utf-8
host: localhost:55125
accept: */*

Response DefaultHttpResponse(decodeResult: success, version: HTTP/1.1)
HTTP/1.1 200 OK
Content-Type: application/json; charset=utf-8
cache-control: no-cache
content-length: 14

17:23:41.145 [AsyncHttpClient-1-2] DEBUG org.asynchttpclient.netty.channel.ChannelManager - Adding key: http://localhost:55125 for channel [id: 0xf6e048f5, L:/127.0.0.1:60016 - R:localhost/127.0.0.1:55125]
17:23:41.152 [Forwarding findElement on session ec41de15074db1b2d66be8903ee694ad to remote] DEBUG org.asynchttpclient.netty.request.NettyRequestSender - Using pooled Channel '[id: 0xf6e048f5, L:/127.0.0.1:60016 - R:localhost/127.0.0.1:55125]' for 'POST' to 'http://localhost:55125/session/ec41de15074db1b2d66be8903ee694ad/element'
17:23:41.152 [Forwarding findElement on session ec41de15074db1b2d66be8903ee694ad to remote] DEBUG org.asynchttpclient.netty.request.NettyRequestSender - Using open Channel [id: 0xf6e048f5, L:/127.0.0.1:60016 - R:localhost/127.0.0.1:55125] for POST '/session/ec41de15074db1b2d66be8903ee694ad/element'
17:23:41.169 [AsyncHttpClient-1-2] DEBUG org.asynchttpclient.netty.handler.HttpHandler - 

Request DefaultHttpRequest(decodeResult: success, version: HTTP/1.1)
POST /session/ec41de15074db1b2d66be8903ee694ad/element HTTP/1.1
User-Agent: selenium/4.1.2 (java windows)
Content-Length: 119
Content-Type: application/json; charset=utf-8
host: localhost:55125
accept: */*

Response DefaultHttpResponse(decodeResult: success, version: HTTP/1.1)
HTTP/1.1 200 OK
Content-Type: application/json; charset=utf-8
cache-control: no-cache
content-length: 88

17:23:41.170 [AsyncHttpClient-1-2] DEBUG org.asynchttpclient.netty.channel.ChannelManager - Adding key: http://localhost:55125 for channel [id: 0xf6e048f5, L:/127.0.0.1:60016 - R:localhost/127.0.0.1:55125]
17:23:41.174 [Forwarding clickElement on session ec41de15074db1b2d66be8903ee694ad to remote] DEBUG org.asynchttpclient.netty.request.NettyRequestSender - Using pooled Channel '[id: 0xf6e048f5, L:/127.0.0.1:60016 - R:localhost/127.0.0.1:55125]' for 'POST' to 'http://localhost:55125/session/ec41de15074db1b2d66be8903ee694ad/element/78deb23a-f77f-43d1-9192-52f81fbc7578/click'
17:23:41.174 [Forwarding clickElement on session ec41de15074db1b2d66be8903ee694ad to remote] DEBUG org.asynchttpclient.netty.request.NettyRequestSender - Using open Channel [id: 0xf6e048f5, L:/127.0.0.1:60016 - R:localhost/127.0.0.1:55125] for POST '/session/ec41de15074db1b2d66be8903ee694ad/element/78deb23a-f77f-43d1-9192-52f81fbc7578/click'
17:23:41.392 [AsyncHttpClient-1-2] DEBUG org.asynchttpclient.netty.handler.HttpHandler - 

Request DefaultHttpRequest(decodeResult: success, version: HTTP/1.1)
POST /session/ec41de15074db1b2d66be8903ee694ad/element/78deb23a-f77f-43d1-9192-52f81fbc7578/click HTTP/1.1
User-Agent: selenium/4.1.2 (java windows)
Content-Length: 50
Content-Type: application/json; charset=utf-8
host: localhost:55125
accept: */*

Response DefaultHttpResponse(decodeResult: success, version: HTTP/1.1)
HTTP/1.1 200 OK
Content-Type: application/json; charset=utf-8
cache-control: no-cache
content-length: 14

17:23:41.392 [AsyncHttpClient-1-2] DEBUG org.asynchttpclient.netty.channel.ChannelManager - Adding key: http://localhost:55125 for channel [id: 0xf6e048f5, L:/127.0.0.1:60016 - R:localhost/127.0.0.1:55125]
17:23:41.411 [Forwarding setTimeout on session ec41de15074db1b2d66be8903ee694ad to remote] DEBUG org.asynchttpclient.netty.request.NettyRequestSender - Using pooled Channel '[id: 0xf6e048f5, L:/127.0.0.1:60016 - R:localhost/127.0.0.1:55125]' for 'POST' to 'http://localhost:55125/session/ec41de15074db1b2d66be8903ee694ad/timeouts'
17:23:41.412 [Forwarding setTimeout on session ec41de15074db1b2d66be8903ee694ad to remote] DEBUG org.asynchttpclient.netty.request.NettyRequestSender - Using open Channel [id: 0xf6e048f5, L:/127.0.0.1:60016 - R:localhost/127.0.0.1:55125] for POST '/session/ec41de15074db1b2d66be8903ee694ad/timeouts'
17:23:41.413 [AsyncHttpClient-1-2] DEBUG org.asynchttpclient.netty.handler.HttpHandler - 

Request DefaultHttpRequest(decodeResult: success, version: HTTP/1.1)
POST /session/ec41de15074db1b2d66be8903ee694ad/timeouts HTTP/1.1
User-Agent: selenium/4.1.2 (java windows)
Content-Length: 22
Content-Type: application/json; charset=utf-8
host: localhost:55125
accept: */*

Response DefaultHttpResponse(decodeResult: success, version: HTTP/1.1)
HTTP/1.1 200 OK
Content-Type: application/json; charset=utf-8
cache-control: no-cache
content-length: 14

17:23:41.414 [AsyncHttpClient-1-2] DEBUG org.asynchttpclient.netty.channel.ChannelManager - Adding key: http://localhost:55125 for channel [id: 0xf6e048f5, L:/127.0.0.1:60016 - R:localhost/127.0.0.1:55125]
17:23:41.426 [Forwarding screenshot on session ec41de15074db1b2d66be8903ee694ad to remote] DEBUG org.asynchttpclient.netty.request.NettyRequestSender - Using pooled Channel '[id: 0xf6e048f5, L:/127.0.0.1:60016 - R:localhost/127.0.0.1:55125]' for 'GET' to 'http://localhost:55125/session/ec41de15074db1b2d66be8903ee694ad/screenshot'
17:23:41.427 [Forwarding screenshot on session ec41de15074db1b2d66be8903ee694ad to remote] DEBUG org.asynchttpclient.netty.request.NettyRequestSender - Using open Channel [id: 0xf6e048f5, L:/127.0.0.1:60016 - R:localhost/127.0.0.1:55125] for GET '/session/ec41de15074db1b2d66be8903ee694ad/screenshot'
17:23:41.578 [AsyncHttpClient-1-2] DEBUG org.asynchttpclient.netty.handler.HttpHandler - 

Request DefaultFullHttpRequest(decodeResult: success, version: HTTP/1.1, content: EmptyByteBufBE)
GET /session/ec41de15074db1b2d66be8903ee694ad/screenshot HTTP/1.1
User-Agent: selenium/4.1.2 (java windows)
Cache-Control: no-cache
Content-Type: application/json; charset=utf-8
host: localhost:55125
accept: */*

Response DefaultHttpResponse(decodeResult: success, version: HTTP/1.1)
HTTP/1.1 200 OK
Content-Type: application/json; charset=utf-8
cache-control: no-cache
content-length: 91624

17:23:41.580 [AsyncHttpClient-1-2] DEBUG org.asynchttpclient.netty.channel.ChannelManager - Adding key: http://localhost:55125 for channel [id: 0xf6e048f5, L:/127.0.0.1:60016 - R:localhost/127.0.0.1:55125]
17:23:41.588 [main] DEBUG net.serenitybdd.core.photography.Darkroom - Send negative for processing for target\site\serenity\fcb9cabe66f10e9f38f73a5db3a7cfe1196836b17674c2d088ccb12df667ba1b.png
17:23:41.590 [main] DEBUG net.thucydides.core.steps.StepInterceptor - STEP DONE: clickDepartmentOptionButton
17:23:41.590 [Darkroom Processing Line] DEBUG net.serenitybdd.core.photography.DarkroomProcessingLine - Processing screenshot image in /var/screenshots/screenshot-996163433429890981
17:23:41.590 [Darkroom Processing Line] DEBUG net.serenitybdd.core.photography.DarkroomProcessingLine - Saving screenshot to target\site\serenity\fcb9cabe66f10e9f38f73a5db3a7cfe1196836b17674c2d088ccb12df667ba1b.png
17:23:41.606 [main] DEBUG net.thucydides.core.steps.StepInterceptor - STARTING STEP: AppointmentSteps.iInputValidDataAppointmentAndClickSubmit - inputAppointmentDate
17:23:41.612 [Forwarding findElement on session ec41de15074db1b2d66be8903ee694ad to remote] DEBUG org.asynchttpclient.netty.request.NettyRequestSender - Using pooled Channel '[id: 0xf6e048f5, L:/127.0.0.1:60016 - R:localhost/127.0.0.1:55125]' for 'POST' to 'http://localhost:55125/session/ec41de15074db1b2d66be8903ee694ad/element'
17:23:41.613 [Forwarding findElement on session ec41de15074db1b2d66be8903ee694ad to remote] DEBUG org.asynchttpclient.netty.request.NettyRequestSender - Using open Channel [id: 0xf6e048f5, L:/127.0.0.1:60016 - R:localhost/127.0.0.1:55125] for POST '/session/ec41de15074db1b2d66be8903ee694ad/element'
17:23:41.637 [AsyncHttpClient-1-2] DEBUG org.asynchttpclient.netty.handler.HttpHandler - 

Request DefaultHttpRequest(decodeResult: success, version: HTTP/1.1)
POST /session/ec41de15074db1b2d66be8903ee694ad/element HTTP/1.1
User-Agent: selenium/4.1.2 (java windows)
Content-Length: 139
Content-Type: application/json; charset=utf-8
host: localhost:55125
accept: */*

Response DefaultHttpResponse(decodeResult: success, version: HTTP/1.1)
HTTP/1.1 200 OK
Content-Type: application/json; charset=utf-8
cache-control: no-cache
content-length: 88

17:23:41.637 [AsyncHttpClient-1-2] DEBUG org.asynchttpclient.netty.channel.ChannelManager - Adding key: http://localhost:55125 for channel [id: 0xf6e048f5, L:/127.0.0.1:60016 - R:localhost/127.0.0.1:55125]
17:23:41.640 [Forwarding clearElement on session ec41de15074db1b2d66be8903ee694ad to remote] DEBUG org.asynchttpclient.netty.request.NettyRequestSender - Using pooled Channel '[id: 0xf6e048f5, L:/127.0.0.1:60016 - R:localhost/127.0.0.1:55125]' for 'POST' to 'http://localhost:55125/session/ec41de15074db1b2d66be8903ee694ad/element/70f08799-1df2-4ddd-b93c-b89778b36b01/clear'
17:23:41.640 [Forwarding clearElement on session ec41de15074db1b2d66be8903ee694ad to remote] DEBUG org.asynchttpclient.netty.request.NettyRequestSender - Using open Channel [id: 0xf6e048f5, L:/127.0.0.1:60016 - R:localhost/127.0.0.1:55125] for POST '/session/ec41de15074db1b2d66be8903ee694ad/element/70f08799-1df2-4ddd-b93c-b89778b36b01/clear'
17:23:41.692 [AsyncHttpClient-1-2] DEBUG org.asynchttpclient.netty.handler.HttpHandler - 

Request DefaultHttpRequest(decodeResult: success, version: HTTP/1.1)
POST /session/ec41de15074db1b2d66be8903ee694ad/element/70f08799-1df2-4ddd-b93c-b89778b36b01/clear HTTP/1.1
User-Agent: selenium/4.1.2 (java windows)
Content-Length: 50
Content-Type: application/json; charset=utf-8
host: localhost:55125
accept: */*

Response DefaultHttpResponse(decodeResult: success, version: HTTP/1.1)
HTTP/1.1 200 OK
Content-Type: application/json; charset=utf-8
cache-control: no-cache
content-length: 14

17:23:41.693 [AsyncHttpClient-1-2] DEBUG org.asynchttpclient.netty.channel.ChannelManager - Adding key: http://localhost:55125 for channel [id: 0xf6e048f5, L:/127.0.0.1:60016 - R:localhost/127.0.0.1:55125]
17:23:41.696 [Forwarding sendKeysToElement on session ec41de15074db1b2d66be8903ee694ad to remote] DEBUG org.asynchttpclient.netty.request.NettyRequestSender - Using pooled Channel '[id: 0xf6e048f5, L:/127.0.0.1:60016 - R:localhost/127.0.0.1:55125]' for 'POST' to 'http://localhost:55125/session/ec41de15074db1b2d66be8903ee694ad/element/70f08799-1df2-4ddd-b93c-b89778b36b01/value'
17:23:41.696 [Forwarding sendKeysToElement on session ec41de15074db1b2d66be8903ee694ad to remote] DEBUG org.asynchttpclient.netty.request.NettyRequestSender - Using open Channel [id: 0xf6e048f5, L:/127.0.0.1:60016 - R:localhost/127.0.0.1:55125] for POST '/session/ec41de15074db1b2d66be8903ee694ad/element/70f08799-1df2-4ddd-b93c-b89778b36b01/value'
17:23:41.743 [AsyncHttpClient-1-1] DEBUG org.asynchttpclient.netty.channel.DefaultChannelPool - Entry count for : http://localhost:60017 : 1
17:23:41.951 [AsyncHttpClient-1-2] DEBUG org.asynchttpclient.netty.handler.HttpHandler - 

Request DefaultHttpRequest(decodeResult: success, version: HTTP/1.1)
POST /session/ec41de15074db1b2d66be8903ee694ad/element/70f08799-1df2-4ddd-b93c-b89778b36b01/value HTTP/1.1
User-Agent: selenium/4.1.2 (java windows)
Content-Length: 161
Content-Type: application/json; charset=utf-8
host: localhost:55125
accept: */*

Response DefaultHttpResponse(decodeResult: success, version: HTTP/1.1)
HTTP/1.1 200 OK
Content-Type: application/json; charset=utf-8
cache-control: no-cache
content-length: 14

17:23:41.952 [AsyncHttpClient-1-2] DEBUG org.asynchttpclient.netty.channel.ChannelManager - Adding key: http://localhost:55125 for channel [id: 0xf6e048f5, L:/127.0.0.1:60016 - R:localhost/127.0.0.1:55125]
17:23:41.966 [Forwarding screenshot on session ec41de15074db1b2d66be8903ee694ad to remote] DEBUG org.asynchttpclient.netty.request.NettyRequestSender - Using pooled Channel '[id: 0xf6e048f5, L:/127.0.0.1:60016 - R:localhost/127.0.0.1:55125]' for 'GET' to 'http://localhost:55125/session/ec41de15074db1b2d66be8903ee694ad/screenshot'
17:23:41.966 [Forwarding screenshot on session ec41de15074db1b2d66be8903ee694ad to remote] DEBUG org.asynchttpclient.netty.request.NettyRequestSender - Using open Channel [id: 0xf6e048f5, L:/127.0.0.1:60016 - R:localhost/127.0.0.1:55125] for GET '/session/ec41de15074db1b2d66be8903ee694ad/screenshot'
17:23:42.154 [AsyncHttpClient-1-2] DEBUG org.asynchttpclient.netty.handler.HttpHandler - 

Request DefaultFullHttpRequest(decodeResult: success, version: HTTP/1.1, content: EmptyByteBufBE)
GET /session/ec41de15074db1b2d66be8903ee694ad/screenshot HTTP/1.1
User-Agent: selenium/4.1.2 (java windows)
Cache-Control: no-cache
Content-Type: application/json; charset=utf-8
host: localhost:55125
accept: */*

Response DefaultHttpResponse(decodeResult: success, version: HTTP/1.1)
HTTP/1.1 200 OK
Content-Type: application/json; charset=utf-8
cache-control: no-cache
content-length: 81396

17:23:42.155 [AsyncHttpClient-1-2] DEBUG org.asynchttpclient.netty.channel.ChannelManager - Adding key: http://localhost:55125 for channel [id: 0xf6e048f5, L:/127.0.0.1:60016 - R:localhost/127.0.0.1:55125]
17:23:42.163 [main] DEBUG net.serenitybdd.core.photography.Darkroom - Send negative for processing for target\site\serenity\1a7e0e3aa9d0f4362f882dff1a5a1bc8f0c0245c3d6f1455cf7dd51935ed066e.png
17:23:42.163 [main] DEBUG net.thucydides.core.steps.StepInterceptor - STEP DONE: inputAppointmentDate
17:23:42.165 [Darkroom Processing Line] DEBUG net.serenitybdd.core.photography.DarkroomProcessingLine - Processing screenshot image in /var/screenshots/screenshot-7814300490996426824
17:23:42.165 [Darkroom Processing Line] DEBUG net.serenitybdd.core.photography.DarkroomProcessingLine - Saving screenshot to target\site\serenity\1a7e0e3aa9d0f4362f882dff1a5a1bc8f0c0245c3d6f1455cf7dd51935ed066e.png
17:23:42.179 [main] DEBUG net.thucydides.core.steps.StepInterceptor - STARTING STEP: AppointmentSteps.iInputValidDataAppointmentAndClickSubmit - inputAppointmentTime
17:23:42.193 [Forwarding findElement on session ec41de15074db1b2d66be8903ee694ad to remote] DEBUG org.asynchttpclient.netty.request.NettyRequestSender - Using pooled Channel '[id: 0xf6e048f5, L:/127.0.0.1:60016 - R:localhost/127.0.0.1:55125]' for 'POST' to 'http://localhost:55125/session/ec41de15074db1b2d66be8903ee694ad/element'
17:23:42.193 [Forwarding findElement on session ec41de15074db1b2d66be8903ee694ad to remote] DEBUG org.asynchttpclient.netty.request.NettyRequestSender - Using open Channel [id: 0xf6e048f5, L:/127.0.0.1:60016 - R:localhost/127.0.0.1:55125] for POST '/session/ec41de15074db1b2d66be8903ee694ad/element'
17:23:42.279 [AsyncHttpClient-1-2] DEBUG org.asynchttpclient.netty.handler.HttpHandler - 

Request DefaultHttpRequest(decodeResult: success, version: HTTP/1.1)
POST /session/ec41de15074db1b2d66be8903ee694ad/element HTTP/1.1
User-Agent: selenium/4.1.2 (java windows)
Content-Length: 139
Content-Type: application/json; charset=utf-8
host: localhost:55125
accept: */*

Response DefaultHttpResponse(decodeResult: success, version: HTTP/1.1)
HTTP/1.1 200 OK
Content-Type: application/json; charset=utf-8
cache-control: no-cache
content-length: 88

17:23:42.280 [AsyncHttpClient-1-2] DEBUG org.asynchttpclient.netty.channel.ChannelManager - Adding key: http://localhost:55125 for channel [id: 0xf6e048f5, L:/127.0.0.1:60016 - R:localhost/127.0.0.1:55125]
17:23:42.284 [Forwarding clearElement on session ec41de15074db1b2d66be8903ee694ad to remote] DEBUG org.asynchttpclient.netty.request.NettyRequestSender - Using pooled Channel '[id: 0xf6e048f5, L:/127.0.0.1:60016 - R:localhost/127.0.0.1:55125]' for 'POST' to 'http://localhost:55125/session/ec41de15074db1b2d66be8903ee694ad/element/2ab484f5-5ad7-455a-9f59-badb38d75dd8/clear'
17:23:42.284 [Forwarding clearElement on session ec41de15074db1b2d66be8903ee694ad to remote] DEBUG org.asynchttpclient.netty.request.NettyRequestSender - Using open Channel [id: 0xf6e048f5, L:/127.0.0.1:60016 - R:localhost/127.0.0.1:55125] for POST '/session/ec41de15074db1b2d66be8903ee694ad/element/2ab484f5-5ad7-455a-9f59-badb38d75dd8/clear'
17:23:42.354 [AsyncHttpClient-1-2] DEBUG org.asynchttpclient.netty.handler.HttpHandler - 

Request DefaultHttpRequest(decodeResult: success, version: HTTP/1.1)
POST /session/ec41de15074db1b2d66be8903ee694ad/element/2ab484f5-5ad7-455a-9f59-badb38d75dd8/clear HTTP/1.1
User-Agent: selenium/4.1.2 (java windows)
Content-Length: 50
Content-Type: application/json; charset=utf-8
host: localhost:55125
accept: */*

Response DefaultHttpResponse(decodeResult: success, version: HTTP/1.1)
HTTP/1.1 200 OK
Content-Type: application/json; charset=utf-8
cache-control: no-cache
content-length: 14

17:23:42.354 [AsyncHttpClient-1-2] DEBUG org.asynchttpclient.netty.channel.ChannelManager - Adding key: http://localhost:55125 for channel [id: 0xf6e048f5, L:/127.0.0.1:60016 - R:localhost/127.0.0.1:55125]
17:23:42.358 [Forwarding sendKeysToElement on session ec41de15074db1b2d66be8903ee694ad to remote] DEBUG org.asynchttpclient.netty.request.NettyRequestSender - Using pooled Channel '[id: 0xf6e048f5, L:/127.0.0.1:60016 - R:localhost/127.0.0.1:55125]' for 'POST' to 'http://localhost:55125/session/ec41de15074db1b2d66be8903ee694ad/element/2ab484f5-5ad7-455a-9f59-badb38d75dd8/value'
17:23:42.358 [Forwarding sendKeysToElement on session ec41de15074db1b2d66be8903ee694ad to remote] DEBUG org.asynchttpclient.netty.request.NettyRequestSender - Using open Channel [id: 0xf6e048f5, L:/127.0.0.1:60016 - R:localhost/127.0.0.1:55125] for POST '/session/ec41de15074db1b2d66be8903ee694ad/element/2ab484f5-5ad7-455a-9f59-badb38d75dd8/value'
17:23:42.513 [AsyncHttpClient-1-2] DEBUG org.asynchttpclient.netty.handler.HttpHandler - 

Request DefaultHttpRequest(decodeResult: success, version: HTTP/1.1)
POST /session/ec41de15074db1b2d66be8903ee694ad/element/2ab484f5-5ad7-455a-9f59-badb38d75dd8/value HTTP/1.1
User-Agent: selenium/4.1.2 (java windows)
Content-Length: 141
Content-Type: application/json; charset=utf-8
host: localhost:55125
accept: */*

Response DefaultHttpResponse(decodeResult: success, version: HTTP/1.1)
HTTP/1.1 200 OK
Content-Type: application/json; charset=utf-8
cache-control: no-cache
content-length: 14

17:23:42.514 [AsyncHttpClient-1-2] DEBUG org.asynchttpclient.netty.channel.ChannelManager - Adding key: http://localhost:55125 for channel [id: 0xf6e048f5, L:/127.0.0.1:60016 - R:localhost/127.0.0.1:55125]
17:23:42.531 [Forwarding screenshot on session ec41de15074db1b2d66be8903ee694ad to remote] DEBUG org.asynchttpclient.netty.request.NettyRequestSender - Using pooled Channel '[id: 0xf6e048f5, L:/127.0.0.1:60016 - R:localhost/127.0.0.1:55125]' for 'GET' to 'http://localhost:55125/session/ec41de15074db1b2d66be8903ee694ad/screenshot'
17:23:42.531 [Forwarding screenshot on session ec41de15074db1b2d66be8903ee694ad to remote] DEBUG org.asynchttpclient.netty.request.NettyRequestSender - Using open Channel [id: 0xf6e048f5, L:/127.0.0.1:60016 - R:localhost/127.0.0.1:55125] for GET '/session/ec41de15074db1b2d66be8903ee694ad/screenshot'
17:23:42.740 [AsyncHttpClient-1-2] DEBUG org.asynchttpclient.netty.handler.HttpHandler - 

Request DefaultFullHttpRequest(decodeResult: success, version: HTTP/1.1, content: EmptyByteBufBE)
GET /session/ec41de15074db1b2d66be8903ee694ad/screenshot HTTP/1.1
User-Agent: selenium/4.1.2 (java windows)
Cache-Control: no-cache
Content-Type: application/json; charset=utf-8
host: localhost:55125
accept: */*

Response DefaultHttpResponse(decodeResult: success, version: HTTP/1.1)
HTTP/1.1 200 OK
Content-Type: application/json; charset=utf-8
cache-control: no-cache
content-length: 82932

17:23:42.741 [AsyncHttpClient-1-2] DEBUG org.asynchttpclient.netty.channel.ChannelManager - Adding key: http://localhost:55125 for channel [id: 0xf6e048f5, L:/127.0.0.1:60016 - R:localhost/127.0.0.1:55125]
17:23:42.750 [main] DEBUG net.serenitybdd.core.photography.Darkroom - Send negative for processing for target\site\serenity\019d72e34c220dc648bfb42665feeec62500c6aac8d2e120efa8be7ad5e4e027.png
17:23:42.750 [main] DEBUG net.thucydides.core.steps.StepInterceptor - STEP DONE: inputAppointmentTime
17:23:42.750 [Darkroom Processing Line] DEBUG net.serenitybdd.core.photography.DarkroomProcessingLine - Processing screenshot image in /var/screenshots/screenshot-5802923483602059860
17:23:42.750 [Darkroom Processing Line] DEBUG net.serenitybdd.core.photography.DarkroomProcessingLine - Saving screenshot to target\site\serenity\019d72e34c220dc648bfb42665feeec62500c6aac8d2e120efa8be7ad5e4e027.png
17:23:42.766 [main] DEBUG net.thucydides.core.steps.StepInterceptor - STARTING STEP: AppointmentSteps.iInputValidDataAppointmentAndClickSubmit - clickDoctorDropdownButton
17:23:42.775 [Forwarding findElement on session ec41de15074db1b2d66be8903ee694ad to remote] DEBUG org.asynchttpclient.netty.request.NettyRequestSender - Using pooled Channel '[id: 0xf6e048f5, L:/127.0.0.1:60016 - R:localhost/127.0.0.1:55125]' for 'POST' to 'http://localhost:55125/session/ec41de15074db1b2d66be8903ee694ad/element'
17:23:42.775 [Forwarding findElement on session ec41de15074db1b2d66be8903ee694ad to remote] DEBUG org.asynchttpclient.netty.request.NettyRequestSender - Using open Channel [id: 0xf6e048f5, L:/127.0.0.1:60016 - R:localhost/127.0.0.1:55125] for POST '/session/ec41de15074db1b2d66be8903ee694ad/element'
17:23:42.806 [AsyncHttpClient-1-2] DEBUG org.asynchttpclient.netty.handler.HttpHandler - 

Request DefaultHttpRequest(decodeResult: success, version: HTTP/1.1)
POST /session/ec41de15074db1b2d66be8903ee694ad/element HTTP/1.1
User-Agent: selenium/4.1.2 (java windows)
Content-Length: 78
Content-Type: application/json; charset=utf-8
host: localhost:55125
accept: */*

Response DefaultHttpResponse(decodeResult: success, version: HTTP/1.1)
HTTP/1.1 200 OK
Content-Type: application/json; charset=utf-8
cache-control: no-cache
content-length: 88

17:23:42.806 [AsyncHttpClient-1-2] DEBUG org.asynchttpclient.netty.channel.ChannelManager - Adding key: http://localhost:55125 for channel [id: 0xf6e048f5, L:/127.0.0.1:60016 - R:localhost/127.0.0.1:55125]
17:23:42.810 [Forwarding getElementTagName on session ec41de15074db1b2d66be8903ee694ad to remote] DEBUG org.asynchttpclient.netty.request.NettyRequestSender - Using pooled Channel '[id: 0xf6e048f5, L:/127.0.0.1:60016 - R:localhost/127.0.0.1:55125]' for 'GET' to 'http://localhost:55125/session/ec41de15074db1b2d66be8903ee694ad/element/308330f3-9bc3-4c4f-b52a-0543546b54af/name'
17:23:42.810 [Forwarding getElementTagName on session ec41de15074db1b2d66be8903ee694ad to remote] DEBUG org.asynchttpclient.netty.request.NettyRequestSender - Using open Channel [id: 0xf6e048f5, L:/127.0.0.1:60016 - R:localhost/127.0.0.1:55125] for GET '/session/ec41de15074db1b2d66be8903ee694ad/element/308330f3-9bc3-4c4f-b52a-0543546b54af/name'
17:23:42.818 [AsyncHttpClient-1-2] DEBUG org.asynchttpclient.netty.handler.HttpHandler - 

Request DefaultFullHttpRequest(decodeResult: success, version: HTTP/1.1, content: EmptyByteBufBE)
GET /session/ec41de15074db1b2d66be8903ee694ad/element/308330f3-9bc3-4c4f-b52a-0543546b54af/name HTTP/1.1
User-Agent: selenium/4.1.2 (java windows)
Cache-Control: no-cache
Content-Type: application/json; charset=utf-8
host: localhost:55125
accept: */*

Response DefaultHttpResponse(decodeResult: success, version: HTTP/1.1)
HTTP/1.1 200 OK
Content-Type: application/json; charset=utf-8
cache-control: no-cache
content-length: 15

17:23:42.818 [AsyncHttpClient-1-2] DEBUG org.asynchttpclient.netty.channel.ChannelManager - Adding key: http://localhost:55125 for channel [id: 0xf6e048f5, L:/127.0.0.1:60016 - R:localhost/127.0.0.1:55125]
17:23:42.822 [Forwarding getElementTagName on session ec41de15074db1b2d66be8903ee694ad to remote] DEBUG org.asynchttpclient.netty.request.NettyRequestSender - Using pooled Channel '[id: 0xf6e048f5, L:/127.0.0.1:60016 - R:localhost/127.0.0.1:55125]' for 'GET' to 'http://localhost:55125/session/ec41de15074db1b2d66be8903ee694ad/element/308330f3-9bc3-4c4f-b52a-0543546b54af/name'
17:23:42.822 [Forwarding getElementTagName on session ec41de15074db1b2d66be8903ee694ad to remote] DEBUG org.asynchttpclient.netty.request.NettyRequestSender - Using open Channel [id: 0xf6e048f5, L:/127.0.0.1:60016 - R:localhost/127.0.0.1:55125] for GET '/session/ec41de15074db1b2d66be8903ee694ad/element/308330f3-9bc3-4c4f-b52a-0543546b54af/name'
17:23:42.829 [AsyncHttpClient-1-2] DEBUG org.asynchttpclient.netty.handler.HttpHandler - 

Request DefaultFullHttpRequest(decodeResult: success, version: HTTP/1.1, content: EmptyByteBufBE)
GET /session/ec41de15074db1b2d66be8903ee694ad/element/308330f3-9bc3-4c4f-b52a-0543546b54af/name HTTP/1.1
User-Agent: selenium/4.1.2 (java windows)
Cache-Control: no-cache
Content-Type: application/json; charset=utf-8
host: localhost:55125
accept: */*

Response DefaultHttpResponse(decodeResult: success, version: HTTP/1.1)
HTTP/1.1 200 OK
Content-Type: application/json; charset=utf-8
cache-control: no-cache
content-length: 15

17:23:42.830 [AsyncHttpClient-1-2] DEBUG org.asynchttpclient.netty.channel.ChannelManager - Adding key: http://localhost:55125 for channel [id: 0xf6e048f5, L:/127.0.0.1:60016 - R:localhost/127.0.0.1:55125]
17:23:42.837 [Forwarding findElement on session ec41de15074db1b2d66be8903ee694ad to remote] DEBUG org.asynchttpclient.netty.request.NettyRequestSender - Using pooled Channel '[id: 0xf6e048f5, L:/127.0.0.1:60016 - R:localhost/127.0.0.1:55125]' for 'POST' to 'http://localhost:55125/session/ec41de15074db1b2d66be8903ee694ad/element'
17:23:42.837 [Forwarding findElement on session ec41de15074db1b2d66be8903ee694ad to remote] DEBUG org.asynchttpclient.netty.request.NettyRequestSender - Using open Channel [id: 0xf6e048f5, L:/127.0.0.1:60016 - R:localhost/127.0.0.1:55125] for POST '/session/ec41de15074db1b2d66be8903ee694ad/element'
17:23:42.842 [AsyncHttpClient-1-1] DEBUG org.asynchttpclient.netty.channel.DefaultChannelPool - Entry count for : http://localhost:60017 : 1
17:23:42.852 [AsyncHttpClient-1-2] DEBUG org.asynchttpclient.netty.handler.HttpHandler - 

Request DefaultHttpRequest(decodeResult: success, version: HTTP/1.1)
POST /session/ec41de15074db1b2d66be8903ee694ad/element HTTP/1.1
User-Agent: selenium/4.1.2 (java windows)
Content-Length: 78
Content-Type: application/json; charset=utf-8
host: localhost:55125
accept: */*

Response DefaultHttpResponse(decodeResult: success, version: HTTP/1.1)
HTTP/1.1 200 OK
Content-Type: application/json; charset=utf-8
cache-control: no-cache
content-length: 88

17:23:42.853 [AsyncHttpClient-1-2] DEBUG org.asynchttpclient.netty.channel.ChannelManager - Adding key: http://localhost:55125 for channel [id: 0xf6e048f5, L:/127.0.0.1:60016 - R:localhost/127.0.0.1:55125]
17:23:42.856 [Forwarding clickElement on session ec41de15074db1b2d66be8903ee694ad to remote] DEBUG org.asynchttpclient.netty.request.NettyRequestSender - Using pooled Channel '[id: 0xf6e048f5, L:/127.0.0.1:60016 - R:localhost/127.0.0.1:55125]' for 'POST' to 'http://localhost:55125/session/ec41de15074db1b2d66be8903ee694ad/element/308330f3-9bc3-4c4f-b52a-0543546b54af/click'
17:23:42.857 [Forwarding clickElement on session ec41de15074db1b2d66be8903ee694ad to remote] DEBUG org.asynchttpclient.netty.request.NettyRequestSender - Using open Channel [id: 0xf6e048f5, L:/127.0.0.1:60016 - R:localhost/127.0.0.1:55125] for POST '/session/ec41de15074db1b2d66be8903ee694ad/element/308330f3-9bc3-4c4f-b52a-0543546b54af/click'
17:23:42.994 [AsyncHttpClient-1-2] DEBUG org.asynchttpclient.netty.handler.HttpHandler - 

Request DefaultHttpRequest(decodeResult: success, version: HTTP/1.1)
POST /session/ec41de15074db1b2d66be8903ee694ad/element/308330f3-9bc3-4c4f-b52a-0543546b54af/click HTTP/1.1
User-Agent: selenium/4.1.2 (java windows)
Content-Length: 50
Content-Type: application/json; charset=utf-8
host: localhost:55125
accept: */*

Response DefaultHttpResponse(decodeResult: success, version: HTTP/1.1)
HTTP/1.1 200 OK
Content-Type: application/json; charset=utf-8
cache-control: no-cache
content-length: 14

17:23:42.994 [AsyncHttpClient-1-2] DEBUG org.asynchttpclient.netty.channel.ChannelManager - Adding key: http://localhost:55125 for channel [id: 0xf6e048f5, L:/127.0.0.1:60016 - R:localhost/127.0.0.1:55125]
17:23:43.006 [Forwarding screenshot on session ec41de15074db1b2d66be8903ee694ad to remote] DEBUG org.asynchttpclient.netty.request.NettyRequestSender - Using pooled Channel '[id: 0xf6e048f5, L:/127.0.0.1:60016 - R:localhost/127.0.0.1:55125]' for 'GET' to 'http://localhost:55125/session/ec41de15074db1b2d66be8903ee694ad/screenshot'
17:23:43.006 [Forwarding screenshot on session ec41de15074db1b2d66be8903ee694ad to remote] DEBUG org.asynchttpclient.netty.request.NettyRequestSender - Using open Channel [id: 0xf6e048f5, L:/127.0.0.1:60016 - R:localhost/127.0.0.1:55125] for GET '/session/ec41de15074db1b2d66be8903ee694ad/screenshot'
17:23:43.204 [AsyncHttpClient-1-2] DEBUG org.asynchttpclient.netty.handler.HttpHandler - 

Request DefaultFullHttpRequest(decodeResult: success, version: HTTP/1.1, content: EmptyByteBufBE)
GET /session/ec41de15074db1b2d66be8903ee694ad/screenshot HTTP/1.1
User-Agent: selenium/4.1.2 (java windows)
Cache-Control: no-cache
Content-Type: application/json; charset=utf-8
host: localhost:55125
accept: */*

Response DefaultHttpResponse(decodeResult: success, version: HTTP/1.1)
HTTP/1.1 200 OK
Content-Type: application/json; charset=utf-8
cache-control: no-cache
content-length: 84788

17:23:43.206 [AsyncHttpClient-1-2] DEBUG org.asynchttpclient.netty.channel.ChannelManager - Adding key: http://localhost:55125 for channel [id: 0xf6e048f5, L:/127.0.0.1:60016 - R:localhost/127.0.0.1:55125]
17:23:43.215 [main] DEBUG net.serenitybdd.core.photography.Darkroom - Send negative for processing for target\site\serenity\fef0f1d8f14d192cc20a2f87f02f15d8072ce977da66031cac51b781b25955e3.png
17:23:43.216 [main] DEBUG net.thucydides.core.steps.StepInterceptor - STEP DONE: clickDoctorDropdownButton
17:23:43.236 [main] DEBUG net.thucydides.core.steps.StepInterceptor - STARTING STEP: AppointmentSteps.iInputValidDataAppointmentAndClickSubmit - clickDoctorOptionButton
17:23:43.244 [Forwarding findElement on session ec41de15074db1b2d66be8903ee694ad to remote] DEBUG org.asynchttpclient.netty.request.NettyRequestSender - Using pooled Channel '[id: 0xf6e048f5, L:/127.0.0.1:60016 - R:localhost/127.0.0.1:55125]' for 'POST' to 'http://localhost:55125/session/ec41de15074db1b2d66be8903ee694ad/element'
17:23:43.245 [Forwarding findElement on session ec41de15074db1b2d66be8903ee694ad to remote] DEBUG org.asynchttpclient.netty.request.NettyRequestSender - Using open Channel [id: 0xf6e048f5, L:/127.0.0.1:60016 - R:localhost/127.0.0.1:55125] for POST '/session/ec41de15074db1b2d66be8903ee694ad/element'
17:23:43.249 [Darkroom Processing Line] DEBUG net.serenitybdd.core.photography.DarkroomProcessingLine - Processing screenshot image in /var/screenshots/screenshot-4081794163449180938
17:23:43.249 [Darkroom Processing Line] DEBUG net.serenitybdd.core.photography.DarkroomProcessingLine - Saving screenshot to target\site\serenity\fef0f1d8f14d192cc20a2f87f02f15d8072ce977da66031cac51b781b25955e3.png
17:23:43.956 [AsyncHttpClient-1-1] DEBUG org.asynchttpclient.netty.channel.DefaultChannelPool - Entry count for : http://localhost:60017 : 1
17:23:43.959 [AsyncHttpClient-1-2] DEBUG org.asynchttpclient.netty.handler.HttpHandler - 

Request DefaultHttpRequest(decodeResult: success, version: HTTP/1.1)
POST /session/ec41de15074db1b2d66be8903ee694ad/element HTTP/1.1
User-Agent: selenium/4.1.2 (java windows)
Content-Length: 115
Content-Type: application/json; charset=utf-8
host: localhost:55125
accept: */*

Response DefaultHttpResponse(decodeResult: success, version: HTTP/1.1)
HTTP/1.1 200 OK
Content-Type: application/json; charset=utf-8
cache-control: no-cache
content-length: 88

17:23:43.960 [AsyncHttpClient-1-2] DEBUG org.asynchttpclient.netty.channel.ChannelManager - Adding key: http://localhost:55125 for channel [id: 0xf6e048f5, L:/127.0.0.1:60016 - R:localhost/127.0.0.1:55125]
17:23:43.965 [Forwarding getElementTagName on session ec41de15074db1b2d66be8903ee694ad to remote] DEBUG org.asynchttpclient.netty.request.NettyRequestSender - Using pooled Channel '[id: 0xf6e048f5, L:/127.0.0.1:60016 - R:localhost/127.0.0.1:55125]' for 'GET' to 'http://localhost:55125/session/ec41de15074db1b2d66be8903ee694ad/element/de3ba66c-7bd9-4a95-9118-9bf3b278aff9/name'
17:23:43.965 [Forwarding getElementTagName on session ec41de15074db1b2d66be8903ee694ad to remote] DEBUG org.asynchttpclient.netty.request.NettyRequestSender - Using open Channel [id: 0xf6e048f5, L:/127.0.0.1:60016 - R:localhost/127.0.0.1:55125] for GET '/session/ec41de15074db1b2d66be8903ee694ad/element/de3ba66c-7bd9-4a95-9118-9bf3b278aff9/name'
17:23:43.972 [AsyncHttpClient-1-2] DEBUG org.asynchttpclient.netty.handler.HttpHandler - 

Request DefaultFullHttpRequest(decodeResult: success, version: HTTP/1.1, content: EmptyByteBufBE)
GET /session/ec41de15074db1b2d66be8903ee694ad/element/de3ba66c-7bd9-4a95-9118-9bf3b278aff9/name HTTP/1.1
User-Agent: selenium/4.1.2 (java windows)
Cache-Control: no-cache
Content-Type: application/json; charset=utf-8
host: localhost:55125
accept: */*

Response DefaultHttpResponse(decodeResult: success, version: HTTP/1.1)
HTTP/1.1 200 OK
Content-Type: application/json; charset=utf-8
cache-control: no-cache
content-length: 14

17:23:43.972 [AsyncHttpClient-1-2] DEBUG org.asynchttpclient.netty.channel.ChannelManager - Adding key: http://localhost:55125 for channel [id: 0xf6e048f5, L:/127.0.0.1:60016 - R:localhost/127.0.0.1:55125]
17:23:43.975 [Forwarding getElementTagName on session ec41de15074db1b2d66be8903ee694ad to remote] DEBUG org.asynchttpclient.netty.request.NettyRequestSender - Using pooled Channel '[id: 0xf6e048f5, L:/127.0.0.1:60016 - R:localhost/127.0.0.1:55125]' for 'GET' to 'http://localhost:55125/session/ec41de15074db1b2d66be8903ee694ad/element/de3ba66c-7bd9-4a95-9118-9bf3b278aff9/name'
17:23:43.975 [Forwarding getElementTagName on session ec41de15074db1b2d66be8903ee694ad to remote] DEBUG org.asynchttpclient.netty.request.NettyRequestSender - Using open Channel [id: 0xf6e048f5, L:/127.0.0.1:60016 - R:localhost/127.0.0.1:55125] for GET '/session/ec41de15074db1b2d66be8903ee694ad/element/de3ba66c-7bd9-4a95-9118-9bf3b278aff9/name'
17:23:43.982 [AsyncHttpClient-1-2] DEBUG org.asynchttpclient.netty.handler.HttpHandler - 

Request DefaultFullHttpRequest(decodeResult: success, version: HTTP/1.1, content: EmptyByteBufBE)
GET /session/ec41de15074db1b2d66be8903ee694ad/element/de3ba66c-7bd9-4a95-9118-9bf3b278aff9/name HTTP/1.1
User-Agent: selenium/4.1.2 (java windows)
Cache-Control: no-cache
Content-Type: application/json; charset=utf-8
host: localhost:55125
accept: */*

Response DefaultHttpResponse(decodeResult: success, version: HTTP/1.1)
HTTP/1.1 200 OK
Content-Type: application/json; charset=utf-8
cache-control: no-cache
content-length: 14

17:23:43.982 [AsyncHttpClient-1-2] DEBUG org.asynchttpclient.netty.channel.ChannelManager - Adding key: http://localhost:55125 for channel [id: 0xf6e048f5, L:/127.0.0.1:60016 - R:localhost/127.0.0.1:55125]
17:23:43.986 [Forwarding findElement on session ec41de15074db1b2d66be8903ee694ad to remote] DEBUG org.asynchttpclient.netty.request.NettyRequestSender - Using pooled Channel '[id: 0xf6e048f5, L:/127.0.0.1:60016 - R:localhost/127.0.0.1:55125]' for 'POST' to 'http://localhost:55125/session/ec41de15074db1b2d66be8903ee694ad/element'
17:23:43.986 [Forwarding findElement on session ec41de15074db1b2d66be8903ee694ad to remote] DEBUG org.asynchttpclient.netty.request.NettyRequestSender - Using open Channel [id: 0xf6e048f5, L:/127.0.0.1:60016 - R:localhost/127.0.0.1:55125] for POST '/session/ec41de15074db1b2d66be8903ee694ad/element'
17:23:43.995 [AsyncHttpClient-1-2] DEBUG org.asynchttpclient.netty.handler.HttpHandler - 

Request DefaultHttpRequest(decodeResult: success, version: HTTP/1.1)
POST /session/ec41de15074db1b2d66be8903ee694ad/element HTTP/1.1
User-Agent: selenium/4.1.2 (java windows)
Content-Length: 115
Content-Type: application/json; charset=utf-8
host: localhost:55125
accept: */*

Response DefaultHttpResponse(decodeResult: success, version: HTTP/1.1)
HTTP/1.1 200 OK
Content-Type: application/json; charset=utf-8
cache-control: no-cache
content-length: 88

17:23:43.995 [AsyncHttpClient-1-2] DEBUG org.asynchttpclient.netty.channel.ChannelManager - Adding key: http://localhost:55125 for channel [id: 0xf6e048f5, L:/127.0.0.1:60016 - R:localhost/127.0.0.1:55125]
17:23:43.998 [Forwarding clickElement on session ec41de15074db1b2d66be8903ee694ad to remote] DEBUG org.asynchttpclient.netty.request.NettyRequestSender - Using pooled Channel '[id: 0xf6e048f5, L:/127.0.0.1:60016 - R:localhost/127.0.0.1:55125]' for 'POST' to 'http://localhost:55125/session/ec41de15074db1b2d66be8903ee694ad/element/de3ba66c-7bd9-4a95-9118-9bf3b278aff9/click'
17:23:43.998 [Forwarding clickElement on session ec41de15074db1b2d66be8903ee694ad to remote] DEBUG org.asynchttpclient.netty.request.NettyRequestSender - Using open Channel [id: 0xf6e048f5, L:/127.0.0.1:60016 - R:localhost/127.0.0.1:55125] for POST '/session/ec41de15074db1b2d66be8903ee694ad/element/de3ba66c-7bd9-4a95-9118-9bf3b278aff9/click'
17:23:44.056 [AsyncHttpClient-1-2] DEBUG org.asynchttpclient.netty.handler.HttpHandler - 

Request DefaultHttpRequest(decodeResult: success, version: HTTP/1.1)
POST /session/ec41de15074db1b2d66be8903ee694ad/element/de3ba66c-7bd9-4a95-9118-9bf3b278aff9/click HTTP/1.1
User-Agent: selenium/4.1.2 (java windows)
Content-Length: 50
Content-Type: application/json; charset=utf-8
host: localhost:55125
accept: */*

Response DefaultHttpResponse(decodeResult: success, version: HTTP/1.1)
HTTP/1.1 200 OK
Content-Type: application/json; charset=utf-8
cache-control: no-cache
content-length: 14

17:23:44.056 [AsyncHttpClient-1-2] DEBUG org.asynchttpclient.netty.channel.ChannelManager - Adding key: http://localhost:55125 for channel [id: 0xf6e048f5, L:/127.0.0.1:60016 - R:localhost/127.0.0.1:55125]
17:23:44.060 [Forwarding setTimeout on session ec41de15074db1b2d66be8903ee694ad to remote] DEBUG org.asynchttpclient.netty.request.NettyRequestSender - Using pooled Channel '[id: 0xf6e048f5, L:/127.0.0.1:60016 - R:localhost/127.0.0.1:55125]' for 'POST' to 'http://localhost:55125/session/ec41de15074db1b2d66be8903ee694ad/timeouts'
17:23:44.060 [Forwarding setTimeout on session ec41de15074db1b2d66be8903ee694ad to remote] DEBUG org.asynchttpclient.netty.request.NettyRequestSender - Using open Channel [id: 0xf6e048f5, L:/127.0.0.1:60016 - R:localhost/127.0.0.1:55125] for POST '/session/ec41de15074db1b2d66be8903ee694ad/timeouts'
17:23:44.062 [AsyncHttpClient-1-2] DEBUG org.asynchttpclient.netty.handler.HttpHandler - 

Request DefaultHttpRequest(decodeResult: success, version: HTTP/1.1)
POST /session/ec41de15074db1b2d66be8903ee694ad/timeouts HTTP/1.1
User-Agent: selenium/4.1.2 (java windows)
Content-Length: 22
Content-Type: application/json; charset=utf-8
host: localhost:55125
accept: */*

Response DefaultHttpResponse(decodeResult: success, version: HTTP/1.1)
HTTP/1.1 200 OK
Content-Type: application/json; charset=utf-8
cache-control: no-cache
content-length: 14

17:23:44.062 [AsyncHttpClient-1-2] DEBUG org.asynchttpclient.netty.channel.ChannelManager - Adding key: http://localhost:55125 for channel [id: 0xf6e048f5, L:/127.0.0.1:60016 - R:localhost/127.0.0.1:55125]
17:23:44.068 [Forwarding screenshot on session ec41de15074db1b2d66be8903ee694ad to remote] DEBUG org.asynchttpclient.netty.request.NettyRequestSender - Using pooled Channel '[id: 0xf6e048f5, L:/127.0.0.1:60016 - R:localhost/127.0.0.1:55125]' for 'GET' to 'http://localhost:55125/session/ec41de15074db1b2d66be8903ee694ad/screenshot'
17:23:44.069 [Forwarding screenshot on session ec41de15074db1b2d66be8903ee694ad to remote] DEBUG org.asynchttpclient.netty.request.NettyRequestSender - Using open Channel [id: 0xf6e048f5, L:/127.0.0.1:60016 - R:localhost/127.0.0.1:55125] for GET '/session/ec41de15074db1b2d66be8903ee694ad/screenshot'
17:23:44.192 [AsyncHttpClient-1-2] DEBUG org.asynchttpclient.netty.handler.HttpHandler - 

Request DefaultFullHttpRequest(decodeResult: success, version: HTTP/1.1, content: EmptyByteBufBE)
GET /session/ec41de15074db1b2d66be8903ee694ad/screenshot HTTP/1.1
User-Agent: selenium/4.1.2 (java windows)
Cache-Control: no-cache
Content-Type: application/json; charset=utf-8
host: localhost:55125
accept: */*

Response DefaultHttpResponse(decodeResult: success, version: HTTP/1.1)
HTTP/1.1 200 OK
Content-Type: application/json; charset=utf-8
cache-control: no-cache
content-length: 87904

17:23:44.193 [AsyncHttpClient-1-2] DEBUG org.asynchttpclient.netty.channel.ChannelManager - Adding key: http://localhost:55125 for channel [id: 0xf6e048f5, L:/127.0.0.1:60016 - R:localhost/127.0.0.1:55125]
17:23:44.199 [main] DEBUG net.serenitybdd.core.photography.Darkroom - Send negative for processing for target\site\serenity\a047214863320fd007a7c467de8bb73e2bb053cf91df5f1e78971333dbe87426.png
17:23:44.199 [main] DEBUG net.thucydides.core.steps.StepInterceptor - STEP DONE: clickDoctorOptionButton
17:23:44.199 [Darkroom Processing Line] DEBUG net.serenitybdd.core.photography.DarkroomProcessingLine - Processing screenshot image in /var/screenshots/screenshot-526385177679120468
17:23:44.200 [Darkroom Processing Line] DEBUG net.serenitybdd.core.photography.DarkroomProcessingLine - Saving screenshot to target\site\serenity\a047214863320fd007a7c467de8bb73e2bb053cf91df5f1e78971333dbe87426.png
17:23:44.211 [main] DEBUG net.thucydides.core.steps.StepInterceptor - STARTING STEP: AppointmentSteps.iInputValidDataAppointmentAndClickSubmit - inputAppointmentReason
17:23:44.215 [Forwarding findElement on session ec41de15074db1b2d66be8903ee694ad to remote] DEBUG org.asynchttpclient.netty.request.NettyRequestSender - Using pooled Channel '[id: 0xf6e048f5, L:/127.0.0.1:60016 - R:localhost/127.0.0.1:55125]' for 'POST' to 'http://localhost:55125/session/ec41de15074db1b2d66be8903ee694ad/element'
17:23:44.215 [Forwarding findElement on session ec41de15074db1b2d66be8903ee694ad to remote] DEBUG org.asynchttpclient.netty.request.NettyRequestSender - Using open Channel [id: 0xf6e048f5, L:/127.0.0.1:60016 - R:localhost/127.0.0.1:55125] for POST '/session/ec41de15074db1b2d66be8903ee694ad/element'
17:23:44.231 [AsyncHttpClient-1-2] DEBUG org.asynchttpclient.netty.handler.HttpHandler - 

Request DefaultHttpRequest(decodeResult: success, version: HTTP/1.1)
POST /session/ec41de15074db1b2d66be8903ee694ad/element HTTP/1.1
User-Agent: selenium/4.1.2 (java windows)
Content-Length: 77
Content-Type: application/json; charset=utf-8
host: localhost:55125
accept: */*

Response DefaultHttpResponse(decodeResult: success, version: HTTP/1.1)
HTTP/1.1 200 OK
Content-Type: application/json; charset=utf-8
cache-control: no-cache
content-length: 88

17:23:44.231 [AsyncHttpClient-1-2] DEBUG org.asynchttpclient.netty.channel.ChannelManager - Adding key: http://localhost:55125 for channel [id: 0xf6e048f5, L:/127.0.0.1:60016 - R:localhost/127.0.0.1:55125]
17:23:44.233 [Forwarding clearElement on session ec41de15074db1b2d66be8903ee694ad to remote] DEBUG org.asynchttpclient.netty.request.NettyRequestSender - Using pooled Channel '[id: 0xf6e048f5, L:/127.0.0.1:60016 - R:localhost/127.0.0.1:55125]' for 'POST' to 'http://localhost:55125/session/ec41de15074db1b2d66be8903ee694ad/element/2ebe4918-0096-43dd-b515-fb42b86cd0d0/clear'
17:23:44.233 [Forwarding clearElement on session ec41de15074db1b2d66be8903ee694ad to remote] DEBUG org.asynchttpclient.netty.request.NettyRequestSender - Using open Channel [id: 0xf6e048f5, L:/127.0.0.1:60016 - R:localhost/127.0.0.1:55125] for POST '/session/ec41de15074db1b2d66be8903ee694ad/element/2ebe4918-0096-43dd-b515-fb42b86cd0d0/clear'
17:23:44.267 [AsyncHttpClient-1-2] DEBUG org.asynchttpclient.netty.handler.HttpHandler - 

Request DefaultHttpRequest(decodeResult: success, version: HTTP/1.1)
POST /session/ec41de15074db1b2d66be8903ee694ad/element/2ebe4918-0096-43dd-b515-fb42b86cd0d0/clear HTTP/1.1
User-Agent: selenium/4.1.2 (java windows)
Content-Length: 50
Content-Type: application/json; charset=utf-8
host: localhost:55125
accept: */*

Response DefaultHttpResponse(decodeResult: success, version: HTTP/1.1)
HTTP/1.1 200 OK
Content-Type: application/json; charset=utf-8
cache-control: no-cache
content-length: 14

17:23:44.267 [AsyncHttpClient-1-2] DEBUG org.asynchttpclient.netty.channel.ChannelManager - Adding key: http://localhost:55125 for channel [id: 0xf6e048f5, L:/127.0.0.1:60016 - R:localhost/127.0.0.1:55125]
17:23:44.270 [Forwarding sendKeysToElement on session ec41de15074db1b2d66be8903ee694ad to remote] DEBUG org.asynchttpclient.netty.request.NettyRequestSender - Using pooled Channel '[id: 0xf6e048f5, L:/127.0.0.1:60016 - R:localhost/127.0.0.1:55125]' for 'POST' to 'http://localhost:55125/session/ec41de15074db1b2d66be8903ee694ad/element/2ebe4918-0096-43dd-b515-fb42b86cd0d0/value'
17:23:44.270 [Forwarding sendKeysToElement on session ec41de15074db1b2d66be8903ee694ad to remote] DEBUG org.asynchttpclient.netty.request.NettyRequestSender - Using open Channel [id: 0xf6e048f5, L:/127.0.0.1:60016 - R:localhost/127.0.0.1:55125] for POST '/session/ec41de15074db1b2d66be8903ee694ad/element/2ebe4918-0096-43dd-b515-fb42b86cd0d0/value'
17:23:44.678 [AsyncHttpClient-1-2] DEBUG org.asynchttpclient.netty.handler.HttpHandler - 

Request DefaultHttpRequest(decodeResult: success, version: HTTP/1.1)
POST /session/ec41de15074db1b2d66be8903ee694ad/element/2ebe4918-0096-43dd-b515-fb42b86cd0d0/value HTTP/1.1
User-Agent: selenium/4.1.2 (java windows)
Content-Length: 261
Content-Type: application/json; charset=utf-8
host: localhost:55125
accept: */*

Response DefaultHttpResponse(decodeResult: success, version: HTTP/1.1)
HTTP/1.1 200 OK
Content-Type: application/json; charset=utf-8
cache-control: no-cache
content-length: 14

17:23:44.678 [AsyncHttpClient-1-2] DEBUG org.asynchttpclient.netty.channel.ChannelManager - Adding key: http://localhost:55125 for channel [id: 0xf6e048f5, L:/127.0.0.1:60016 - R:localhost/127.0.0.1:55125]
17:23:44.686 [Forwarding screenshot on session ec41de15074db1b2d66be8903ee694ad to remote] DEBUG org.asynchttpclient.netty.request.NettyRequestSender - Using pooled Channel '[id: 0xf6e048f5, L:/127.0.0.1:60016 - R:localhost/127.0.0.1:55125]' for 'GET' to 'http://localhost:55125/session/ec41de15074db1b2d66be8903ee694ad/screenshot'
17:23:44.686 [Forwarding screenshot on session ec41de15074db1b2d66be8903ee694ad to remote] DEBUG org.asynchttpclient.netty.request.NettyRequestSender - Using open Channel [id: 0xf6e048f5, L:/127.0.0.1:60016 - R:localhost/127.0.0.1:55125] for GET '/session/ec41de15074db1b2d66be8903ee694ad/screenshot'
17:23:44.777 [AsyncHttpClient-1-2] DEBUG org.asynchttpclient.netty.handler.HttpHandler - 

Request DefaultFullHttpRequest(decodeResult: success, version: HTTP/1.1, content: EmptyByteBufBE)
GET /session/ec41de15074db1b2d66be8903ee694ad/screenshot HTTP/1.1
User-Agent: selenium/4.1.2 (java windows)
Cache-Control: no-cache
Content-Type: application/json; charset=utf-8
host: localhost:55125
accept: */*

Response DefaultHttpResponse(decodeResult: success, version: HTTP/1.1)
HTTP/1.1 200 OK
Content-Type: application/json; charset=utf-8
cache-control: no-cache
content-length: 82760

17:23:44.778 [AsyncHttpClient-1-2] DEBUG org.asynchttpclient.netty.channel.ChannelManager - Adding key: http://localhost:55125 for channel [id: 0xf6e048f5, L:/127.0.0.1:60016 - R:localhost/127.0.0.1:55125]
17:23:44.783 [main] DEBUG net.serenitybdd.core.photography.Darkroom - Send negative for processing for target\site\serenity\3a5b7fad5955dedee7382cd50b0f2a30113dfaad295e7f70cca9b07a96a02f89.png
17:23:44.783 [main] DEBUG net.thucydides.core.steps.StepInterceptor - STEP DONE: inputAppointmentReason
17:23:44.783 [Darkroom Processing Line] DEBUG net.serenitybdd.core.photography.DarkroomProcessingLine - Processing screenshot image in /var/screenshots/screenshot-9461767399254693837
17:23:44.784 [Darkroom Processing Line] DEBUG net.serenitybdd.core.photography.DarkroomProcessingLine - Saving screenshot to target\site\serenity\3a5b7fad5955dedee7382cd50b0f2a30113dfaad295e7f70cca9b07a96a02f89.png
17:23:44.794 [main] DEBUG net.thucydides.core.steps.StepInterceptor - STARTING STEP: AppointmentSteps.iInputValidDataAppointmentAndClickSubmit - clickSubmitButton
17:23:44.799 [Forwarding findElement on session ec41de15074db1b2d66be8903ee694ad to remote] DEBUG org.asynchttpclient.netty.request.NettyRequestSender - Using pooled Channel '[id: 0xf6e048f5, L:/127.0.0.1:60016 - R:localhost/127.0.0.1:55125]' for 'POST' to 'http://localhost:55125/session/ec41de15074db1b2d66be8903ee694ad/element'
17:23:44.799 [Forwarding findElement on session ec41de15074db1b2d66be8903ee694ad to remote] DEBUG org.asynchttpclient.netty.request.NettyRequestSender - Using open Channel [id: 0xf6e048f5, L:/127.0.0.1:60016 - R:localhost/127.0.0.1:55125] for POST '/session/ec41de15074db1b2d66be8903ee694ad/element'
17:23:44.815 [AsyncHttpClient-1-2] DEBUG org.asynchttpclient.netty.handler.HttpHandler - 

Request DefaultHttpRequest(decodeResult: success, version: HTTP/1.1)
POST /session/ec41de15074db1b2d66be8903ee694ad/element HTTP/1.1
User-Agent: selenium/4.1.2 (java windows)
Content-Length: 116
Content-Type: application/json; charset=utf-8
host: localhost:55125
accept: */*

Response DefaultHttpResponse(decodeResult: success, version: HTTP/1.1)
HTTP/1.1 200 OK
Content-Type: application/json; charset=utf-8
cache-control: no-cache
content-length: 88

17:23:44.815 [AsyncHttpClient-1-2] DEBUG org.asynchttpclient.netty.channel.ChannelManager - Adding key: http://localhost:55125 for channel [id: 0xf6e048f5, L:/127.0.0.1:60016 - R:localhost/127.0.0.1:55125]
17:23:44.818 [Forwarding getElementTagName on session ec41de15074db1b2d66be8903ee694ad to remote] DEBUG org.asynchttpclient.netty.request.NettyRequestSender - Using pooled Channel '[id: 0xf6e048f5, L:/127.0.0.1:60016 - R:localhost/127.0.0.1:55125]' for 'GET' to 'http://localhost:55125/session/ec41de15074db1b2d66be8903ee694ad/element/d9357cb3-9e8c-427c-b4d5-708c6a093f67/name'
17:23:44.818 [Forwarding getElementTagName on session ec41de15074db1b2d66be8903ee694ad to remote] DEBUG org.asynchttpclient.netty.request.NettyRequestSender - Using open Channel [id: 0xf6e048f5, L:/127.0.0.1:60016 - R:localhost/127.0.0.1:55125] for GET '/session/ec41de15074db1b2d66be8903ee694ad/element/d9357cb3-9e8c-427c-b4d5-708c6a093f67/name'
17:23:44.824 [AsyncHttpClient-1-2] DEBUG org.asynchttpclient.netty.handler.HttpHandler - 

Request DefaultFullHttpRequest(decodeResult: success, version: HTTP/1.1, content: EmptyByteBufBE)
GET /session/ec41de15074db1b2d66be8903ee694ad/element/d9357cb3-9e8c-427c-b4d5-708c6a093f67/name HTTP/1.1
User-Agent: selenium/4.1.2 (java windows)
Cache-Control: no-cache
Content-Type: application/json; charset=utf-8
host: localhost:55125
accept: */*

Response DefaultHttpResponse(decodeResult: success, version: HTTP/1.1)
HTTP/1.1 200 OK
Content-Type: application/json; charset=utf-8
cache-control: no-cache
content-length: 18

17:23:44.824 [AsyncHttpClient-1-2] DEBUG org.asynchttpclient.netty.channel.ChannelManager - Adding key: http://localhost:55125 for channel [id: 0xf6e048f5, L:/127.0.0.1:60016 - R:localhost/127.0.0.1:55125]
17:23:44.826 [Forwarding getElementTagName on session ec41de15074db1b2d66be8903ee694ad to remote] DEBUG org.asynchttpclient.netty.request.NettyRequestSender - Using pooled Channel '[id: 0xf6e048f5, L:/127.0.0.1:60016 - R:localhost/127.0.0.1:55125]' for 'GET' to 'http://localhost:55125/session/ec41de15074db1b2d66be8903ee694ad/element/d9357cb3-9e8c-427c-b4d5-708c6a093f67/name'
17:23:44.826 [Forwarding getElementTagName on session ec41de15074db1b2d66be8903ee694ad to remote] DEBUG org.asynchttpclient.netty.request.NettyRequestSender - Using open Channel [id: 0xf6e048f5, L:/127.0.0.1:60016 - R:localhost/127.0.0.1:55125] for GET '/session/ec41de15074db1b2d66be8903ee694ad/element/d9357cb3-9e8c-427c-b4d5-708c6a093f67/name'
17:23:44.834 [AsyncHttpClient-1-2] DEBUG org.asynchttpclient.netty.handler.HttpHandler - 

Request DefaultFullHttpRequest(decodeResult: success, version: HTTP/1.1, content: EmptyByteBufBE)
GET /session/ec41de15074db1b2d66be8903ee694ad/element/d9357cb3-9e8c-427c-b4d5-708c6a093f67/name HTTP/1.1
User-Agent: selenium/4.1.2 (java windows)
Cache-Control: no-cache
Content-Type: application/json; charset=utf-8
host: localhost:55125
accept: */*

Response DefaultHttpResponse(decodeResult: success, version: HTTP/1.1)
HTTP/1.1 200 OK
Content-Type: application/json; charset=utf-8
cache-control: no-cache
content-length: 18

17:23:44.834 [AsyncHttpClient-1-2] DEBUG org.asynchttpclient.netty.channel.ChannelManager - Adding key: http://localhost:55125 for channel [id: 0xf6e048f5, L:/127.0.0.1:60016 - R:localhost/127.0.0.1:55125]
17:23:44.840 [Forwarding isElementEnabled on session ec41de15074db1b2d66be8903ee694ad to remote] DEBUG org.asynchttpclient.netty.request.NettyRequestSender - Using pooled Channel '[id: 0xf6e048f5, L:/127.0.0.1:60016 - R:localhost/127.0.0.1:55125]' for 'GET' to 'http://localhost:55125/session/ec41de15074db1b2d66be8903ee694ad/element/d9357cb3-9e8c-427c-b4d5-708c6a093f67/enabled'
17:23:44.840 [Forwarding isElementEnabled on session ec41de15074db1b2d66be8903ee694ad to remote] DEBUG org.asynchttpclient.netty.request.NettyRequestSender - Using open Channel [id: 0xf6e048f5, L:/127.0.0.1:60016 - R:localhost/127.0.0.1:55125] for GET '/session/ec41de15074db1b2d66be8903ee694ad/element/d9357cb3-9e8c-427c-b4d5-708c6a093f67/enabled'
17:23:44.851 [AsyncHttpClient-1-2] DEBUG org.asynchttpclient.netty.handler.HttpHandler - 

Request DefaultFullHttpRequest(decodeResult: success, version: HTTP/1.1, content: EmptyByteBufBE)
GET /session/ec41de15074db1b2d66be8903ee694ad/element/d9357cb3-9e8c-427c-b4d5-708c6a093f67/enabled HTTP/1.1
User-Agent: selenium/4.1.2 (java windows)
Cache-Control: no-cache
Content-Type: application/json; charset=utf-8
host: localhost:55125
accept: */*

Response DefaultHttpResponse(decodeResult: success, version: HTTP/1.1)
HTTP/1.1 200 OK
Content-Type: application/json; charset=utf-8
cache-control: no-cache
content-length: 14

17:23:44.852 [AsyncHttpClient-1-2] DEBUG org.asynchttpclient.netty.channel.ChannelManager - Adding key: http://localhost:55125 for channel [id: 0xf6e048f5, L:/127.0.0.1:60016 - R:localhost/127.0.0.1:55125]
17:23:44.854 [Forwarding isElementEnabled on session ec41de15074db1b2d66be8903ee694ad to remote] DEBUG org.asynchttpclient.netty.request.NettyRequestSender - Using pooled Channel '[id: 0xf6e048f5, L:/127.0.0.1:60016 - R:localhost/127.0.0.1:55125]' for 'GET' to 'http://localhost:55125/session/ec41de15074db1b2d66be8903ee694ad/element/d9357cb3-9e8c-427c-b4d5-708c6a093f67/enabled'
17:23:44.854 [Forwarding isElementEnabled on session ec41de15074db1b2d66be8903ee694ad to remote] DEBUG org.asynchttpclient.netty.request.NettyRequestSender - Using open Channel [id: 0xf6e048f5, L:/127.0.0.1:60016 - R:localhost/127.0.0.1:55125] for GET '/session/ec41de15074db1b2d66be8903ee694ad/element/d9357cb3-9e8c-427c-b4d5-708c6a093f67/enabled'
17:23:44.862 [AsyncHttpClient-1-2] DEBUG org.asynchttpclient.netty.handler.HttpHandler - 

Request DefaultFullHttpRequest(decodeResult: success, version: HTTP/1.1, content: EmptyByteBufBE)
GET /session/ec41de15074db1b2d66be8903ee694ad/element/d9357cb3-9e8c-427c-b4d5-708c6a093f67/enabled HTTP/1.1
User-Agent: selenium/4.1.2 (java windows)
Cache-Control: no-cache
Content-Type: application/json; charset=utf-8
host: localhost:55125
accept: */*

Response DefaultHttpResponse(decodeResult: success, version: HTTP/1.1)
HTTP/1.1 200 OK
Content-Type: application/json; charset=utf-8
cache-control: no-cache
content-length: 14

17:23:44.862 [AsyncHttpClient-1-2] DEBUG org.asynchttpclient.netty.channel.ChannelManager - Adding key: http://localhost:55125 for channel [id: 0xf6e048f5, L:/127.0.0.1:60016 - R:localhost/127.0.0.1:55125]
17:23:44.869 [Forwarding findElement on session ec41de15074db1b2d66be8903ee694ad to remote] DEBUG org.asynchttpclient.netty.request.NettyRequestSender - Using pooled Channel '[id: 0xf6e048f5, L:/127.0.0.1:60016 - R:localhost/127.0.0.1:55125]' for 'POST' to 'http://localhost:55125/session/ec41de15074db1b2d66be8903ee694ad/element'
17:23:44.869 [Forwarding findElement on session ec41de15074db1b2d66be8903ee694ad to remote] DEBUG org.asynchttpclient.netty.request.NettyRequestSender - Using open Channel [id: 0xf6e048f5, L:/127.0.0.1:60016 - R:localhost/127.0.0.1:55125] for POST '/session/ec41de15074db1b2d66be8903ee694ad/element'
17:23:44.881 [AsyncHttpClient-1-2] DEBUG org.asynchttpclient.netty.handler.HttpHandler - 

Request DefaultHttpRequest(decodeResult: success, version: HTTP/1.1)
POST /session/ec41de15074db1b2d66be8903ee694ad/element HTTP/1.1
User-Agent: selenium/4.1.2 (java windows)
Content-Length: 116
Content-Type: application/json; charset=utf-8
host: localhost:55125
accept: */*

Response DefaultHttpResponse(decodeResult: success, version: HTTP/1.1)
HTTP/1.1 200 OK
Content-Type: application/json; charset=utf-8
cache-control: no-cache
content-length: 88

17:23:44.882 [AsyncHttpClient-1-2] DEBUG org.asynchttpclient.netty.channel.ChannelManager - Adding key: http://localhost:55125 for channel [id: 0xf6e048f5, L:/127.0.0.1:60016 - R:localhost/127.0.0.1:55125]
17:23:44.887 [Forwarding clickElement on session ec41de15074db1b2d66be8903ee694ad to remote] DEBUG org.asynchttpclient.netty.request.NettyRequestSender - Using pooled Channel '[id: 0xf6e048f5, L:/127.0.0.1:60016 - R:localhost/127.0.0.1:55125]' for 'POST' to 'http://localhost:55125/session/ec41de15074db1b2d66be8903ee694ad/element/d9357cb3-9e8c-427c-b4d5-708c6a093f67/click'
17:23:44.888 [Forwarding clickElement on session ec41de15074db1b2d66be8903ee694ad to remote] DEBUG org.asynchttpclient.netty.request.NettyRequestSender - Using open Channel [id: 0xf6e048f5, L:/127.0.0.1:60016 - R:localhost/127.0.0.1:55125] for POST '/session/ec41de15074db1b2d66be8903ee694ad/element/d9357cb3-9e8c-427c-b4d5-708c6a093f67/click'
17:23:45.043 [AsyncHttpClient-1-1] DEBUG org.asynchttpclient.netty.channel.DefaultChannelPool - Entry count for : http://localhost:60017 : 1
17:23:45.243 [AsyncHttpClient-1-2] DEBUG org.asynchttpclient.netty.handler.HttpHandler - 

Request DefaultHttpRequest(decodeResult: success, version: HTTP/1.1)
POST /session/ec41de15074db1b2d66be8903ee694ad/element/d9357cb3-9e8c-427c-b4d5-708c6a093f67/click HTTP/1.1
User-Agent: selenium/4.1.2 (java windows)
Content-Length: 50
Content-Type: application/json; charset=utf-8
host: localhost:55125
accept: */*

Response DefaultHttpResponse(decodeResult: success, version: HTTP/1.1)
HTTP/1.1 200 OK
Content-Type: application/json; charset=utf-8
cache-control: no-cache
content-length: 14

17:23:45.243 [AsyncHttpClient-1-2] DEBUG org.asynchttpclient.netty.channel.ChannelManager - Adding key: http://localhost:55125 for channel [id: 0xf6e048f5, L:/127.0.0.1:60016 - R:localhost/127.0.0.1:55125]
17:23:45.256 [Forwarding screenshot on session ec41de15074db1b2d66be8903ee694ad to remote] DEBUG org.asynchttpclient.netty.request.NettyRequestSender - Using pooled Channel '[id: 0xf6e048f5, L:/127.0.0.1:60016 - R:localhost/127.0.0.1:55125]' for 'GET' to 'http://localhost:55125/session/ec41de15074db1b2d66be8903ee694ad/screenshot'
17:23:45.256 [Forwarding screenshot on session ec41de15074db1b2d66be8903ee694ad to remote] DEBUG org.asynchttpclient.netty.request.NettyRequestSender - Using open Channel [id: 0xf6e048f5, L:/127.0.0.1:60016 - R:localhost/127.0.0.1:55125] for GET '/session/ec41de15074db1b2d66be8903ee694ad/screenshot'
17:23:45.545 [AsyncHttpClient-1-2] DEBUG org.asynchttpclient.netty.handler.HttpHandler - 

Request DefaultFullHttpRequest(decodeResult: success, version: HTTP/1.1, content: EmptyByteBufBE)
GET /session/ec41de15074db1b2d66be8903ee694ad/screenshot HTTP/1.1
User-Agent: selenium/4.1.2 (java windows)
Cache-Control: no-cache
Content-Type: application/json; charset=utf-8
host: localhost:55125
accept: */*

Response DefaultHttpResponse(decodeResult: success, version: HTTP/1.1)
HTTP/1.1 200 OK
Content-Type: application/json; charset=utf-8
cache-control: no-cache
content-length: 82764

17:23:45.546 [AsyncHttpClient-1-2] DEBUG org.asynchttpclient.netty.channel.ChannelManager - Adding key: http://localhost:55125 for channel [id: 0xf6e048f5, L:/127.0.0.1:60016 - R:localhost/127.0.0.1:55125]
17:23:45.551 [main] DEBUG net.serenitybdd.core.photography.Darkroom - Send negative for processing for target\site\serenity\e65170033a7846e6fbefa9b556502ef869f0815d91736729b52876355e2629fd.png
17:23:45.551 [main] DEBUG net.thucydides.core.steps.StepInterceptor - STEP DONE: clickSubmitButton
  &amp#27;[32mAnd &amp#27;[0m&amp#27;[32mI input valid data Appointment and click submit&amp#27;[0m             &amp#27;[90m# starter.stepdefinitions.AppointmentSteps.iInputValidDataAppointmentAndClickSubmit()&amp#27;[0m
17:23:45.552 [Darkroom Processing Line] DEBUG net.serenitybdd.core.photography.DarkroomProcessingLine - Processing screenshot image in /var/screenshots/screenshot-9049282673671366279
17:23:45.552 [Darkroom Processing Line] DEBUG net.serenitybdd.core.photography.DarkroomProcessingLine - Saving screenshot to target\site\serenity\e65170033a7846e6fbefa9b556502ef869f0815d91736729b52876355e2629fd.png
17:23:45.574 [main] DEBUG net.thucydides.core.steps.StepInterceptor - STARTING STEP: AppointmentSteps.iGetNewAppointmentHasBeenAddedResult - newAppointmentAdded
17:23:45.577 [Forwarding findElement on session ec41de15074db1b2d66be8903ee694ad to remote] DEBUG org.asynchttpclient.netty.request.NettyRequestSender - Using pooled Channel '[id: 0xf6e048f5, L:/127.0.0.1:60016 - R:localhost/127.0.0.1:55125]' for 'POST' to 'http://localhost:55125/session/ec41de15074db1b2d66be8903ee694ad/element'
17:23:45.577 [Forwarding findElement on session ec41de15074db1b2d66be8903ee694ad to remote] DEBUG org.asynchttpclient.netty.request.NettyRequestSender - Using open Channel [id: 0xf6e048f5, L:/127.0.0.1:60016 - R:localhost/127.0.0.1:55125] for POST '/session/ec41de15074db1b2d66be8903ee694ad/element'
17:23:46.142 [AsyncHttpClient-1-1] DEBUG org.asynchttpclient.netty.channel.DefaultChannelPool - Entry count for : http://localhost:60017 : 1
17:23:46.235 [AsyncHttpClient-1-2] DEBUG org.asynchttpclient.netty.handler.HttpHandler - 

Request DefaultHttpRequest(decodeResult: success, version: HTTP/1.1)
POST /session/ec41de15074db1b2d66be8903ee694ad/element HTTP/1.1
User-Agent: selenium/4.1.2 (java windows)
Content-Length: 74
Content-Type: application/json; charset=utf-8
host: localhost:55125
accept: */*

Response DefaultHttpResponse(decodeResult: success, version: HTTP/1.1)
HTTP/1.1 200 OK
Content-Type: application/json; charset=utf-8
cache-control: no-cache
content-length: 88

17:23:46.235 [AsyncHttpClient-1-2] DEBUG org.asynchttpclient.netty.channel.ChannelManager - Adding key: http://localhost:55125 for channel [id: 0xf6e048f5, L:/127.0.0.1:60016 - R:localhost/127.0.0.1:55125]
17:23:46.249 [Forwarding isElementDisplayed on session ec41de15074db1b2d66be8903ee694ad to remote] DEBUG org.asynchttpclient.netty.request.NettyRequestSender - Using pooled Channel '[id: 0xf6e048f5, L:/127.0.0.1:60016 - R:localhost/127.0.0.1:55125]' for 'POST' to 'http://localhost:55125/session/ec41de15074db1b2d66be8903ee694ad/execute/sync'
17:23:46.250 [Forwarding isElementDisplayed on session ec41de15074db1b2d66be8903ee694ad to remote] DEBUG org.asynchttpclient.netty.request.NettyRequestSender - Using open Channel [id: 0xf6e048f5, L:/127.0.0.1:60016 - R:localhost/127.0.0.1:55125] for POST '/session/ec41de15074db1b2d66be8903ee694ad/execute/sync'
17:23:46.276 [AsyncHttpClient-1-2] DEBUG org.asynchttpclient.netty.handler.HttpHandler - 

Request DefaultHttpRequest(decodeResult: success, version: HTTP/1.1)
POST /session/ec41de15074db1b2d66be8903ee694ad/execute/sync HTTP/1.1
User-Agent: selenium/4.1.2 (java windows)
Content-Length: 48780
Content-Type: application/json; charset=utf-8
host: localhost:55125
accept: */*

Response DefaultHttpResponse(decodeResult: success, version: HTTP/1.1)
HTTP/1.1 200 OK
Content-Type: application/json; charset=utf-8
cache-control: no-cache
content-length: 14

17:23:46.276 [AsyncHttpClient-1-2] DEBUG org.asynchttpclient.netty.channel.ChannelManager - Adding key: http://localhost:55125 for channel [id: 0xf6e048f5, L:/127.0.0.1:60016 - R:localhost/127.0.0.1:55125]
17:23:46.286 [Forwarding screenshot on session ec41de15074db1b2d66be8903ee694ad to remote] DEBUG org.asynchttpclient.netty.request.NettyRequestSender - Using pooled Channel '[id: 0xf6e048f5, L:/127.0.0.1:60016 - R:localhost/127.0.0.1:55125]' for 'GET' to 'http://localhost:55125/session/ec41de15074db1b2d66be8903ee694ad/screenshot'
17:23:46.286 [Forwarding screenshot on session ec41de15074db1b2d66be8903ee694ad to remote] DEBUG org.asynchttpclient.netty.request.NettyRequestSender - Using open Channel [id: 0xf6e048f5, L:/127.0.0.1:60016 - R:localhost/127.0.0.1:55125] for GET '/session/ec41de15074db1b2d66be8903ee694ad/screenshot'
17:23:46.487 [AsyncHttpClient-1-2] DEBUG org.asynchttpclient.netty.handler.HttpHandler - 

Request DefaultFullHttpRequest(decodeResult: success, version: HTTP/1.1, content: EmptyByteBufBE)
GET /session/ec41de15074db1b2d66be8903ee694ad/screenshot HTTP/1.1
User-Agent: selenium/4.1.2 (java windows)
Cache-Control: no-cache
Content-Type: application/json; charset=utf-8
host: localhost:55125
accept: */*

Response DefaultHttpResponse(decodeResult: success, version: HTTP/1.1)
HTTP/1.1 200 OK
Content-Type: application/json; charset=utf-8
cache-control: no-cache
content-length: 102608

17:23:46.489 [AsyncHttpClient-1-2] DEBUG org.asynchttpclient.netty.channel.ChannelManager - Adding key: http://localhost:55125 for channel [id: 0xf6e048f5, L:/127.0.0.1:60016 - R:localhost/127.0.0.1:55125]
17:23:46.507 [main] DEBUG net.serenitybdd.core.photography.Darkroom - Send negative for processing for target\site\serenity\0335a5a810a205fda1bbd116873ef551327c49ac0bade46c4f235b6949239112.png
17:23:46.509 [main] DEBUG net.thucydides.core.steps.StepInterceptor - STEP DONE: newAppointmentAdded
  &amp#27;[32mThen &amp#27;[0m&amp#27;[32mI get New Appointment has been added result&amp#27;[0m                &amp#27;[90m# starter.stepdefinitions.AppointmentSteps.iGetNewAppointmentHasBeenAddedResult()&amp#27;[0m
17:23:46.511 [Darkroom Processing Line] DEBUG net.serenitybdd.core.photography.DarkroomProcessingLine - Processing screenshot image in /var/screenshots/screenshot-1704038609410061657
17:23:46.511 [Darkroom Processing Line] DEBUG net.serenitybdd.core.photography.DarkroomProcessingLine - Saving screenshot to target\site\serenity\0335a5a810a205fda1bbd116873ef551327c49ac0bade46c4f235b6949239112.png
17:23:46.522 [main] INFO  - 
  _____   ___   ___   _____     ___     _     ___   ___   ___   ___  
 |_   _| | __| / __| |_   _|   | _ \   /_\   / __| / __| | __| |   \ 
   | |   | _|  \__ \   | |     |  _/  / _ \  \__ \ \__ \ | _|  | |) |
   |_|   |___| |___/   |_|     |_|   /_/ \_\ |___/ |___/ |___| |___/ 

Create New Appointment With Registered Patient Scenario
----------------------------------------------------------------------
17:23:46.908 [Driver Command Executor] DEBUG org.asynchttpclient.netty.request.NettyRequestSender - Using pooled Channel '[id: 0xf6e048f5, L:/127.0.0.1:60016 - R:localhost/127.0.0.1:55125]' for 'DELETE' to 'http://localhost:55125/session/ec41de15074db1b2d66be8903ee694ad'
17:23:46.908 [Driver Command Executor] DEBUG org.asynchttpclient.netty.request.NettyRequestSender - Using open Channel [id: 0xf6e048f5, L:/127.0.0.1:60016 - R:localhost/127.0.0.1:55125] for DELETE '/session/ec41de15074db1b2d66be8903ee694ad'
17:23:46.910 [AsyncHttpClient-1-4] DEBUG org.asynchttpclient.netty.handler.WebSocketHandler - Channel Closed: [id: 0xfca3a330, L:/127.0.0.1:60025 ! R:localhost/127.0.0.1:60017] with attribute NettyResponseFuture{currentRetry=5,
	isDone=1,
	isCancelled=0,
	asyncHandler=org.asynchttpclient.ws.WebSocketUpgradeHandler@702498f9,
	nettyRequest=org.asynchttpclient.netty.request.NettyRequest@24b8a1b7,
	future=java.util.concurrent.CompletableFuture@1edc3aea[Completed normally],
	uri=ws://localhost:60017/devtools/browser/0bd7d280-5354-4f87-885c-b83fcd5847b0,
	keepAlive=true,
	redirectCount=0,
	timeoutsHolder=null,
	inAuth=0,
	touch=1655374984835}
17:23:46.911 [AsyncHttpClient-1-4] DEBUG org.asynchttpclient.netty.channel.ChannelManager - Closing Channel [id: 0xfca3a330, L:/127.0.0.1:60025 ! R:localhost/127.0.0.1:60017] 
17:23:47.243 [AsyncHttpClient-1-1] DEBUG org.asynchttpclient.netty.channel.DefaultChannelPool - Entry count for : http://localhost:60017 : 1
17:23:47.704 [AsyncHttpClient-1-3] DEBUG org.asynchttpclient.netty.handler.HttpHandler - Unexpected I/O exception on channel [id: 0x945a1dbf, L:/127.0.0.1:60024 - R:localhost/127.0.0.1:60017]
java.net.SocketException: Connection reset
	at java.base/sun.nio.ch.SocketChannelImpl.throwConnectionReset(SocketChannelImpl.java:367)
	at java.base/sun.nio.ch.SocketChannelImpl.read(SocketChannelImpl.java:398)
	at io.netty.buffer.PooledByteBuf.setBytes(PooledByteBuf.java:258)
	at io.netty.buffer.AbstractByteBuf.writeBytes(AbstractByteBuf.java:1132)
	at io.netty.channel.socket.nio.NioSocketChannel.doReadBytes(NioSocketChannel.java:350)
	at io.netty.channel.nio.AbstractNioByteChannel$NioByteUnsafe.read(AbstractNioByteChannel.java:151)
	at io.netty.channel.nio.NioEventLoop.processSelectedKey(NioEventLoop.java:722)
	at io.netty.channel.nio.NioEventLoop.processSelectedKeysOptimized(NioEventLoop.java:658)
	at io.netty.channel.nio.NioEventLoop.processSelectedKeys(NioEventLoop.java:584)
	at io.netty.channel.nio.NioEventLoop.run(NioEventLoop.java:496)
	at io.netty.util.concurrent.SingleThreadEventExecutor$4.run(SingleThreadEventExecutor.java:986)
	at io.netty.util.internal.ThreadExecutorMap$2.run(ThreadExecutorMap.java:74)
	at io.netty.util.concurrent.FastThreadLocalRunnable.run(FastThreadLocalRunnable.java:30)
	at java.base/java.lang.Thread.run(Thread.java:832)
17:23:47.704 [AsyncHttpClient-1-3] DEBUG org.asynchttpclient.netty.channel.ChannelManager - Closing Channel [id: 0x945a1dbf, L:/127.0.0.1:60024 - R:localhost/127.0.0.1:60017] 
17:23:47.721 [AsyncHttpClient-1-3] DEBUG org.asynchttpclient.netty.handler.HttpHandler - Channel Closed: [id: 0x945a1dbf, L:/127.0.0.1:60024 ! R:localhost/127.0.0.1:60017] with attribute DISCARD
17:23:47.826 [AsyncHttpClient-1-2] DEBUG org.asynchttpclient.netty.handler.HttpHandler - 

Request DefaultFullHttpRequest(decodeResult: success, version: HTTP/1.1, content: EmptyByteBufBE)
DELETE /session/ec41de15074db1b2d66be8903ee694ad HTTP/1.1
User-Agent: selenium/4.1.2 (java windows)
Content-Type: application/json; charset=utf-8
host: localhost:55125
accept: */*

Response DefaultHttpResponse(decodeResult: success, version: HTTP/1.1)
HTTP/1.1 200 OK
Content-Type: application/json; charset=utf-8
cache-control: no-cache
content-length: 14

17:23:47.827 [AsyncHttpClient-1-2] DEBUG org.asynchttpclient.netty.channel.ChannelManager - Adding key: http://localhost:55125 for channel [id: 0xf6e048f5, L:/127.0.0.1:60016 - R:localhost/127.0.0.1:55125]
17:23:47.936 [AsyncHttpClient-1-2] DEBUG org.asynchttpclient.netty.handler.HttpHandler - Channel Closed: [id: 0xf6e048f5, L:/127.0.0.1:60016 ! R:localhost/127.0.0.1:55125] with attribute DISCARD
17:23:48.343 [AsyncHttpClient-1-1] DEBUG org.asynchttpclient.netty.channel.DefaultChannelPool - Entry count for : http://localhost:55125 : 1
17:23:48.343 [AsyncHttpClient-1-1] DEBUG org.asynchttpclient.netty.channel.DefaultChannelPool - Entry count for : http://localhost:60017 : 1
17:23:48.343 [AsyncHttpClient-1-1] DEBUG org.asynchttpclient.netty.channel.DefaultChannelPool - Adding Candidate expired Channel [id: 0xf6e048f5, L:/127.0.0.1:60016 ! R:localhost/127.0.0.1:55125] isIdleTimeoutExpired=false isRemotelyClosed=true isTtlExpired=false
17:23:48.343 [AsyncHttpClient-1-1] DEBUG org.asynchttpclient.netty.channel.DefaultChannelPool - Closing Idle Channel [id: 0xf6e048f5, L:/127.0.0.1:60016 ! R:localhost/127.0.0.1:55125]
17:23:48.344 [AsyncHttpClient-1-1] DEBUG org.asynchttpclient.netty.channel.DefaultChannelPool - Adding Candidate expired Channel [id: 0x945a1dbf, L:/127.0.0.1:60024 ! R:localhost/127.0.0.1:60017] isIdleTimeoutExpired=false isRemotelyClosed=true isTtlExpired=false
17:23:48.344 [AsyncHttpClient-1-1] DEBUG org.asynchttpclient.netty.channel.DefaultChannelPool - Closing Idle Channel [id: 0x945a1dbf, L:/127.0.0.1:60024 ! R:localhost/127.0.0.1:60017]
17:23:48.345 [AsyncHttpClient-1-1] DEBUG org.asynchttpclient.netty.channel.DefaultChannelPool - Closed 2 connections out of 2 in 2 ms
]]></system-out>
    <system-err><![CDATA[Starting ChromeDriver 102.0.5005.61 (0e59bcc00cc4985ce39ad31c150065f159d95ad3-refs/branch-heads/5005@{#819}) on port 55125
Only local connections are allowed.
Please see https://chromedriver.chromium.org/security-considerations for suggestions on keeping ChromeDriver safe.
ChromeDriver was started successfully.
Jun 16, 2022 5:23:04 PM org.openqa.selenium.remote.ProtocolHandshake createSession
INFO: Detected dialect: W3C
Jun 16, 2022 5:23:04 PM org.openqa.selenium.devtools.CdpVersionFinder findNearestMatch
WARNING: Unable to find an exact match for CDP version 102, so returning the closest version found: a no-op implementation
Jun 16, 2022 5:23:04 PM org.openqa.selenium.devtools.CdpVersionFinder findNearestMatch
INFO: Unable to find CDP implementation matching 102.
Jun 16, 2022 5:23:04 PM org.openqa.selenium.chromium.ChromiumDriver lambda$new$3
WARNING: Unable to find version of CDP to use for . You may need to include a dependency on a specific version of the CDP using something similar to `org.seleniumhq.selenium:selenium-devtools-v86:4.1.2` where the version ("v86") matches the version of the chromium-based browser you're using and the version number of the artifact is the same as Selenium's.
]]></system-err>
  </testcase>
  <testcase name="Create New Appointment With Unregistered Patient Scenario" classname="Appointment" time="31.966">
    <system-out><![CDATA[
@Appointment
Scenario: Create New Appointment With Unregistered Patient Scenario &amp#27;[90m# src/test/resources/features/1.Appointment.feature:16&amp#27;[0m
17:23:48.523 [main] INFO io.cucumber.core.plugin.SerenityReporter - Running feature from file:///E:/My%20Documents/File%20Difa/TI%20Semester%206%20Kampus%20Merdeka%20Alterra/Tugas/CAPSTONE%20Project/Capstone-Project-Website/src/test/resources/features/1.Appointment.feature
17:23:48.544 [main] INFO  - 
  _____   ___   ___   _____     ___   _____     _     ___   _____   ___   ___  
 |_   _| | __| / __| |_   _|   / __| |_   _|   /_\   | _ \ |_   _| | __| |   \ 
   | |   | _|  \__ \   | |     \__ \   | |    / _ \  |   /   | |   | _|  | |) |
   |_|   |___| |___/   |_|     |___/   |_|   /_/ \_\ |_|_\   |_|   |___| |___/ 

Create New Appointment With Unregistered Patient Scenario(appointment;create-new-appointment-with-unregistered-patient-scenario)
--------------------------------------------------------------------------------
17:23:48.623 [main] DEBUG net.thucydides.core.steps.StepInterceptor - STARTING STEP: DashboardSteps.iAmOnTheDashboardPage - openUrl
17:23:48.626 [main] INFO net.serenitybdd.core.webdriver.driverproviders.ChromeDriverProvider - Using automatically driver download
17:23:48.946 [main] DEBUG io.github.bonigarcia.wdm.cache.ResolutionCache - Resolution chrome=102 in cache (valid until 18:07:22 16/06/2022 ICT)
17:23:48.960 [main] DEBUG io.github.bonigarcia.wdm.cache.ResolutionCache - Resolution chrome102=102.0.5005.61 in cache (valid until 15:56:01 17/06/2022 ICT)
17:23:48.966 [main] INFO io.github.bonigarcia.wdm.WebDriverManager - Using chromedriver 102.0.5005.61 (resolved driver for Chrome 102)
17:23:49.010 [main] DEBUG io.github.bonigarcia.wdm.WebDriverManager - Driver chromedriver 102.0.5005.61 found in cache
17:23:49.012 [main] INFO io.github.bonigarcia.wdm.WebDriverManager - Exporting webdriver.chrome.driver as C:\Users\USER\.cache\selenium\chromedriver\win32\102.0.5005.61\chromedriver.exe
17:23:49.215 [main] DEBUG net.serenitybdd.core.webdriver.driverproviders.ProvideNewDriver - Instantiating driver
17:23:49.215 [main] DEBUG net.serenitybdd.core.webdriver.driverproviders.ProvideNewDriver - Driver capabilities: Capabilities {acceptInsecureCerts: false, base.url: https://hospital-management..., browserName: chrome, chrome.driver: src/test/resources/webdrive..., driver: chrome, goog:chromeOptions: {args: [], extensions: []}}
17:23:50.838 [AsyncHttpClient-1-5] DEBUG org.asynchttpclient.netty.channel.NettyConnectListener - Using new Channel '[id: 0xfe5e5066, L:/127.0.0.1:60048 - R:localhost/127.0.0.1:50867]' for 'POST' to '/session'
17:23:56.930 [AsyncHttpClient-1-5] DEBUG org.asynchttpclient.netty.handler.HttpHandler - 

Request DefaultHttpRequest(decodeResult: success, version: HTTP/1.1)
POST /session HTTP/1.1
User-Agent: selenium/4.1.2 (java windows)
Content-Length: 621
Content-Type: application/json; charset=utf-8
host: localhost:50867
accept: */*

Response DefaultHttpResponse(decodeResult: success, version: HTTP/1.1)
HTTP/1.1 200 OK
Content-Type: application/json; charset=utf-8
cache-control: no-cache
content-length: 788

17:23:56.931 [AsyncHttpClient-1-5] DEBUG org.asynchttpclient.netty.channel.ChannelManager - Adding key: http://localhost:50867 for channel [id: 0xfe5e5066, L:/127.0.0.1:60048 - R:localhost/127.0.0.1:50867]
17:23:56.945 [AsyncHttpClient-1-6] DEBUG org.asynchttpclient.netty.channel.NettyConnectListener - Using new Channel '[id: 0xc4ab5690, L:/127.0.0.1:60055 - R:localhost/127.0.0.1:60049]' for 'GET' to '/json/version'
17:23:56.958 [AsyncHttpClient-1-6] DEBUG org.asynchttpclient.netty.handler.HttpHandler - 

Request DefaultFullHttpRequest(decodeResult: success, version: HTTP/1.1, content: EmptyByteBufBE)
GET /json/version HTTP/1.1
User-Agent: selenium/4.1.2 (java windows)
host: localhost:60049
accept: */*

Response DefaultHttpResponse(decodeResult: success, version: HTTP/1.1)
HTTP/1.1 200 OK
Content-Type: application/json; charset=UTF-8
content-length: 427

17:23:56.959 [AsyncHttpClient-1-6] DEBUG org.asynchttpclient.netty.channel.ChannelManager - Adding key: http://localhost:60049 for channel [id: 0xc4ab5690, L:/127.0.0.1:60055 - R:localhost/127.0.0.1:60049]
17:23:56.963 [AsyncHttpClient-1-7] DEBUG org.asynchttpclient.netty.channel.NettyConnectListener - Using new Channel '[id: 0x4202923f, L:/127.0.0.1:60056 - R:localhost/127.0.0.1:60049]' for 'GET' to '/devtools/browser/6d28539b-c233-49fb-9d4c-736272118c64'
17:23:56.975 [AsyncHttpClient-1-7] DEBUG org.asynchttpclient.netty.handler.WebSocketHandler - 

Request DefaultFullHttpRequest(decodeResult: success, version: HTTP/1.1, content: EmptyByteBufBE)
GET /devtools/browser/6d28539b-c233-49fb-9d4c-736272118c64 HTTP/1.1
upgrade: websocket
connection: upgrade
sec-websocket-key: smvpAoUBkpSW4WUoRxMJ9A==
sec-websocket-version: 13
origin: http://localhost:60049
host: localhost:60049
accept: */*
user-agent: AHC/2.1

Response DefaultHttpResponse(decodeResult: success, version: HTTP/1.1)
HTTP/1.1 101 WebSocket Protocol Handshake
Upgrade: WebSocket
Connection: Upgrade
Sec-WebSocket-Accept: Z08YJABRJhClhCgOdlgQMwChwic=

17:23:56.984 [Forwarding maximizeCurrentWindow on session 77e18f2ed4b36170a420401ca0af872d to remote] DEBUG org.asynchttpclient.netty.request.NettyRequestSender - Using pooled Channel '[id: 0xfe5e5066, L:/127.0.0.1:60048 - R:localhost/127.0.0.1:50867]' for 'POST' to 'http://localhost:50867/session/77e18f2ed4b36170a420401ca0af872d/window/maximize'
17:23:56.984 [Forwarding maximizeCurrentWindow on session 77e18f2ed4b36170a420401ca0af872d to remote] DEBUG org.asynchttpclient.netty.request.NettyRequestSender - Using open Channel [id: 0xfe5e5066, L:/127.0.0.1:60048 - R:localhost/127.0.0.1:50867] for POST '/session/77e18f2ed4b36170a420401ca0af872d/window/maximize'
17:23:57.104 [AsyncHttpClient-1-5] DEBUG org.asynchttpclient.netty.handler.HttpHandler - 

Request DefaultHttpRequest(decodeResult: success, version: HTTP/1.1)
POST /session/77e18f2ed4b36170a420401ca0af872d/window/maximize HTTP/1.1
User-Agent: selenium/4.1.2 (java windows)
Content-Length: 3
Content-Type: application/json; charset=utf-8
host: localhost:50867
accept: */*

Response DefaultHttpResponse(decodeResult: success, version: HTTP/1.1)
HTTP/1.1 200 OK
Content-Type: application/json; charset=utf-8
cache-control: no-cache
content-length: 51

17:23:57.104 [AsyncHttpClient-1-5] DEBUG org.asynchttpclient.netty.channel.ChannelManager - Adding key: http://localhost:50867 for channel [id: 0xfe5e5066, L:/127.0.0.1:60048 - R:localhost/127.0.0.1:50867]
17:23:57.110 [Forwarding get on session 77e18f2ed4b36170a420401ca0af872d to remote] DEBUG org.asynchttpclient.netty.request.NettyRequestSender - Using pooled Channel '[id: 0xfe5e5066, L:/127.0.0.1:60048 - R:localhost/127.0.0.1:50867]' for 'POST' to 'http://localhost:50867/session/77e18f2ed4b36170a420401ca0af872d/url'
17:23:57.110 [Forwarding get on session 77e18f2ed4b36170a420401ca0af872d to remote] DEBUG org.asynchttpclient.netty.request.NettyRequestSender - Using open Channel [id: 0xfe5e5066, L:/127.0.0.1:60048 - R:localhost/127.0.0.1:50867] for POST '/session/77e18f2ed4b36170a420401ca0af872d/url'
17:23:57.142 [AsyncHttpClient-1-1] DEBUG org.asynchttpclient.netty.channel.DefaultChannelPool - Entry count for : http://localhost:60049 : 1
17:23:58.242 [AsyncHttpClient-1-1] DEBUG org.asynchttpclient.netty.channel.DefaultChannelPool - Entry count for : http://localhost:60049 : 1
17:23:59.343 [AsyncHttpClient-1-1] DEBUG org.asynchttpclient.netty.channel.DefaultChannelPool - Entry count for : http://localhost:60049 : 1
17:24:00.442 [AsyncHttpClient-1-1] DEBUG org.asynchttpclient.netty.channel.DefaultChannelPool - Entry count for : http://localhost:60049 : 1
17:24:01.542 [AsyncHttpClient-1-1] DEBUG org.asynchttpclient.netty.channel.DefaultChannelPool - Entry count for : http://localhost:60049 : 1
17:24:02.643 [AsyncHttpClient-1-1] DEBUG org.asynchttpclient.netty.channel.DefaultChannelPool - Entry count for : http://localhost:60049 : 1
17:24:03.742 [AsyncHttpClient-1-1] DEBUG org.asynchttpclient.netty.channel.DefaultChannelPool - Entry count for : http://localhost:60049 : 1
17:24:04.842 [AsyncHttpClient-1-1] DEBUG org.asynchttpclient.netty.channel.DefaultChannelPool - Entry count for : http://localhost:60049 : 1
17:24:05.942 [AsyncHttpClient-1-1] DEBUG org.asynchttpclient.netty.channel.DefaultChannelPool - Entry count for : http://localhost:60049 : 1
17:24:07.043 [AsyncHttpClient-1-1] DEBUG org.asynchttpclient.netty.channel.DefaultChannelPool - Entry count for : http://localhost:60049 : 1
17:24:08.142 [AsyncHttpClient-1-1] DEBUG org.asynchttpclient.netty.channel.DefaultChannelPool - Entry count for : http://localhost:60049 : 1
17:24:09.244 [AsyncHttpClient-1-1] DEBUG org.asynchttpclient.netty.channel.DefaultChannelPool - Entry count for : http://localhost:60049 : 1
17:24:09.801 [AsyncHttpClient-1-5] DEBUG org.asynchttpclient.netty.handler.HttpHandler - 

Request DefaultHttpRequest(decodeResult: success, version: HTTP/1.1)
POST /session/77e18f2ed4b36170a420401ca0af872d/url HTTP/1.1
User-Agent: selenium/4.1.2 (java windows)
Content-Length: 65
Content-Type: application/json; charset=utf-8
host: localhost:50867
accept: */*

Response DefaultHttpResponse(decodeResult: success, version: HTTP/1.1)
HTTP/1.1 200 OK
Content-Type: application/json; charset=utf-8
cache-control: no-cache
content-length: 14

17:24:09.801 [AsyncHttpClient-1-5] DEBUG org.asynchttpclient.netty.channel.ChannelManager - Adding key: http://localhost:50867 for channel [id: 0xfe5e5066, L:/127.0.0.1:60048 - R:localhost/127.0.0.1:50867]
17:24:09.806 [Forwarding setTimeout on session 77e18f2ed4b36170a420401ca0af872d to remote] DEBUG org.asynchttpclient.netty.request.NettyRequestSender - Using pooled Channel '[id: 0xfe5e5066, L:/127.0.0.1:60048 - R:localhost/127.0.0.1:50867]' for 'POST' to 'http://localhost:50867/session/77e18f2ed4b36170a420401ca0af872d/timeouts'
17:24:09.806 [Forwarding setTimeout on session 77e18f2ed4b36170a420401ca0af872d to remote] DEBUG org.asynchttpclient.netty.request.NettyRequestSender - Using open Channel [id: 0xfe5e5066, L:/127.0.0.1:60048 - R:localhost/127.0.0.1:50867] for POST '/session/77e18f2ed4b36170a420401ca0af872d/timeouts'
17:24:09.811 [AsyncHttpClient-1-5] DEBUG org.asynchttpclient.netty.handler.HttpHandler - 

Request DefaultHttpRequest(decodeResult: success, version: HTTP/1.1)
POST /session/77e18f2ed4b36170a420401ca0af872d/timeouts HTTP/1.1
User-Agent: selenium/4.1.2 (java windows)
Content-Length: 22
Content-Type: application/json; charset=utf-8
host: localhost:50867
accept: */*

Response DefaultHttpResponse(decodeResult: success, version: HTTP/1.1)
HTTP/1.1 200 OK
Content-Type: application/json; charset=utf-8
cache-control: no-cache
content-length: 14

17:24:09.811 [AsyncHttpClient-1-5] DEBUG org.asynchttpclient.netty.channel.ChannelManager - Adding key: http://localhost:50867 for channel [id: 0xfe5e5066, L:/127.0.0.1:60048 - R:localhost/127.0.0.1:50867]
17:24:09.818 [Forwarding getCurrentUrl on session 77e18f2ed4b36170a420401ca0af872d to remote] DEBUG org.asynchttpclient.netty.request.NettyRequestSender - Using pooled Channel '[id: 0xfe5e5066, L:/127.0.0.1:60048 - R:localhost/127.0.0.1:50867]' for 'GET' to 'http://localhost:50867/session/77e18f2ed4b36170a420401ca0af872d/url'
17:24:09.818 [Forwarding getCurrentUrl on session 77e18f2ed4b36170a420401ca0af872d to remote] DEBUG org.asynchttpclient.netty.request.NettyRequestSender - Using open Channel [id: 0xfe5e5066, L:/127.0.0.1:60048 - R:localhost/127.0.0.1:50867] for GET '/session/77e18f2ed4b36170a420401ca0af872d/url'
17:24:10.341 [AsyncHttpClient-1-1] DEBUG org.asynchttpclient.netty.channel.DefaultChannelPool - Entry count for : http://localhost:60049 : 1
17:24:11.442 [AsyncHttpClient-1-1] DEBUG org.asynchttpclient.netty.channel.DefaultChannelPool - Entry count for : http://localhost:60049 : 1
17:24:11.794 [AsyncHttpClient-1-5] DEBUG org.asynchttpclient.netty.handler.HttpHandler - 

Request DefaultFullHttpRequest(decodeResult: success, version: HTTP/1.1, content: EmptyByteBufBE)
GET /session/77e18f2ed4b36170a420401ca0af872d/url HTTP/1.1
User-Agent: selenium/4.1.2 (java windows)
Cache-Control: no-cache
Content-Type: application/json; charset=utf-8
host: localhost:50867
accept: */*

Response DefaultHttpResponse(decodeResult: success, version: HTTP/1.1)
HTTP/1.1 200 OK
Content-Type: application/json; charset=utf-8
cache-control: no-cache
content-length: 53

17:24:11.794 [AsyncHttpClient-1-5] DEBUG org.asynchttpclient.netty.channel.ChannelManager - Adding key: http://localhost:50867 for channel [id: 0xfe5e5066, L:/127.0.0.1:60048 - R:localhost/127.0.0.1:50867]
17:24:11.800 [Forwarding getCurrentUrl on session 77e18f2ed4b36170a420401ca0af872d to remote] DEBUG org.asynchttpclient.netty.request.NettyRequestSender - Using pooled Channel '[id: 0xfe5e5066, L:/127.0.0.1:60048 - R:localhost/127.0.0.1:50867]' for 'GET' to 'http://localhost:50867/session/77e18f2ed4b36170a420401ca0af872d/url'
17:24:11.800 [Forwarding getCurrentUrl on session 77e18f2ed4b36170a420401ca0af872d to remote] DEBUG org.asynchttpclient.netty.request.NettyRequestSender - Using open Channel [id: 0xfe5e5066, L:/127.0.0.1:60048 - R:localhost/127.0.0.1:50867] for GET '/session/77e18f2ed4b36170a420401ca0af872d/url'
17:24:11.804 [AsyncHttpClient-1-5] DEBUG org.asynchttpclient.netty.handler.HttpHandler - 

Request DefaultFullHttpRequest(decodeResult: success, version: HTTP/1.1, content: EmptyByteBufBE)
GET /session/77e18f2ed4b36170a420401ca0af872d/url HTTP/1.1
User-Agent: selenium/4.1.2 (java windows)
Cache-Control: no-cache
Content-Type: application/json; charset=utf-8
host: localhost:50867
accept: */*

Response DefaultHttpResponse(decodeResult: success, version: HTTP/1.1)
HTTP/1.1 200 OK
Content-Type: application/json; charset=utf-8
cache-control: no-cache
content-length: 53

17:24:11.804 [AsyncHttpClient-1-5] DEBUG org.asynchttpclient.netty.channel.ChannelManager - Adding key: http://localhost:50867 for channel [id: 0xfe5e5066, L:/127.0.0.1:60048 - R:localhost/127.0.0.1:50867]
17:24:11.813 [Forwarding screenshot on session 77e18f2ed4b36170a420401ca0af872d to remote] DEBUG org.asynchttpclient.netty.request.NettyRequestSender - Using pooled Channel '[id: 0xfe5e5066, L:/127.0.0.1:60048 - R:localhost/127.0.0.1:50867]' for 'GET' to 'http://localhost:50867/session/77e18f2ed4b36170a420401ca0af872d/screenshot'
17:24:11.813 [Forwarding screenshot on session 77e18f2ed4b36170a420401ca0af872d to remote] DEBUG org.asynchttpclient.netty.request.NettyRequestSender - Using open Channel [id: 0xfe5e5066, L:/127.0.0.1:60048 - R:localhost/127.0.0.1:50867] for GET '/session/77e18f2ed4b36170a420401ca0af872d/screenshot'
17:24:12.543 [AsyncHttpClient-1-1] DEBUG org.asynchttpclient.netty.channel.DefaultChannelPool - Entry count for : http://localhost:60049 : 1
17:24:13.642 [AsyncHttpClient-1-1] DEBUG org.asynchttpclient.netty.channel.DefaultChannelPool - Entry count for : http://localhost:60049 : 1
17:24:14.742 [AsyncHttpClient-1-1] DEBUG org.asynchttpclient.netty.channel.DefaultChannelPool - Entry count for : http://localhost:60049 : 1
17:24:15.049 [AsyncHttpClient-1-5] DEBUG org.asynchttpclient.netty.handler.HttpHandler - 

Request DefaultFullHttpRequest(decodeResult: success, version: HTTP/1.1, content: EmptyByteBufBE)
GET /session/77e18f2ed4b36170a420401ca0af872d/screenshot HTTP/1.1
User-Agent: selenium/4.1.2 (java windows)
Cache-Control: no-cache
Content-Type: application/json; charset=utf-8
host: localhost:50867
accept: */*

Response DefaultHttpResponse(decodeResult: success, version: HTTP/1.1)
HTTP/1.1 200 OK
Content-Type: application/json; charset=utf-8
cache-control: no-cache
content-length: 351816

17:24:15.054 [AsyncHttpClient-1-5] DEBUG org.asynchttpclient.netty.channel.ChannelManager - Adding key: http://localhost:50867 for channel [id: 0xfe5e5066, L:/127.0.0.1:60048 - R:localhost/127.0.0.1:50867]
17:24:15.096 [main] DEBUG net.serenitybdd.core.photography.Darkroom - Send negative for processing for target\site\serenity\20277f1d76f1b925628464fcd1ece5de77a814679d1be3fdcf836a7ddadfed60.png
17:24:15.097 [main] DEBUG net.thucydides.core.steps.StepInterceptor - STEP DONE: openUrl
17:24:15.097 [Darkroom Processing Line] DEBUG net.serenitybdd.core.photography.DarkroomProcessingLine - Processing screenshot image in /var/screenshots/screenshot-11652152946394182223
17:24:15.097 [Darkroom Processing Line] DEBUG net.serenitybdd.core.photography.DarkroomProcessingLine - Saving screenshot to target\site\serenity\20277f1d76f1b925628464fcd1ece5de77a814679d1be3fdcf836a7ddadfed60.png
17:24:15.108 [main] DEBUG net.thucydides.core.steps.StepInterceptor - STARTING STEP: DashboardSteps.iAmOnTheDashboardPage - validateOnDashboardPage
17:24:15.111 [Forwarding findElement on session 77e18f2ed4b36170a420401ca0af872d to remote] DEBUG org.asynchttpclient.netty.request.NettyRequestSender - Using pooled Channel '[id: 0xfe5e5066, L:/127.0.0.1:60048 - R:localhost/127.0.0.1:50867]' for 'POST' to 'http://localhost:50867/session/77e18f2ed4b36170a420401ca0af872d/element'
17:24:15.111 [Forwarding findElement on session 77e18f2ed4b36170a420401ca0af872d to remote] DEBUG org.asynchttpclient.netty.request.NettyRequestSender - Using open Channel [id: 0xfe5e5066, L:/127.0.0.1:60048 - R:localhost/127.0.0.1:50867] for POST '/session/77e18f2ed4b36170a420401ca0af872d/element'
17:24:15.222 [AsyncHttpClient-1-5] DEBUG org.asynchttpclient.netty.handler.HttpHandler - 

Request DefaultHttpRequest(decodeResult: success, version: HTTP/1.1)
POST /session/77e18f2ed4b36170a420401ca0af872d/element HTTP/1.1
User-Agent: selenium/4.1.2 (java windows)
Content-Length: 81
Content-Type: application/json; charset=utf-8
host: localhost:50867
accept: */*

Response DefaultHttpResponse(decodeResult: success, version: HTTP/1.1)
HTTP/1.1 200 OK
Content-Type: application/json; charset=utf-8
cache-control: no-cache
content-length: 88

17:24:15.222 [AsyncHttpClient-1-5] DEBUG org.asynchttpclient.netty.channel.ChannelManager - Adding key: http://localhost:50867 for channel [id: 0xfe5e5066, L:/127.0.0.1:60048 - R:localhost/127.0.0.1:50867]
17:24:15.228 [Forwarding isElementDisplayed on session 77e18f2ed4b36170a420401ca0af872d to remote] DEBUG org.asynchttpclient.netty.request.NettyRequestSender - Using pooled Channel '[id: 0xfe5e5066, L:/127.0.0.1:60048 - R:localhost/127.0.0.1:50867]' for 'POST' to 'http://localhost:50867/session/77e18f2ed4b36170a420401ca0af872d/execute/sync'
17:24:15.228 [Forwarding isElementDisplayed on session 77e18f2ed4b36170a420401ca0af872d to remote] DEBUG org.asynchttpclient.netty.request.NettyRequestSender - Using open Channel [id: 0xfe5e5066, L:/127.0.0.1:60048 - R:localhost/127.0.0.1:50867] for POST '/session/77e18f2ed4b36170a420401ca0af872d/execute/sync'
17:24:15.279 [AsyncHttpClient-1-5] DEBUG org.asynchttpclient.netty.handler.HttpHandler - 

Request DefaultHttpRequest(decodeResult: success, version: HTTP/1.1)
POST /session/77e18f2ed4b36170a420401ca0af872d/execute/sync HTTP/1.1
User-Agent: selenium/4.1.2 (java windows)
Content-Length: 48780
Content-Type: application/json; charset=utf-8
host: localhost:50867
accept: */*

Response DefaultHttpResponse(decodeResult: success, version: HTTP/1.1)
HTTP/1.1 200 OK
Content-Type: application/json; charset=utf-8
cache-control: no-cache
content-length: 14

17:24:15.280 [AsyncHttpClient-1-5] DEBUG org.asynchttpclient.netty.channel.ChannelManager - Adding key: http://localhost:50867 for channel [id: 0xfe5e5066, L:/127.0.0.1:60048 - R:localhost/127.0.0.1:50867]
17:24:15.285 [Forwarding screenshot on session 77e18f2ed4b36170a420401ca0af872d to remote] DEBUG org.asynchttpclient.netty.request.NettyRequestSender - Using pooled Channel '[id: 0xfe5e5066, L:/127.0.0.1:60048 - R:localhost/127.0.0.1:50867]' for 'GET' to 'http://localhost:50867/session/77e18f2ed4b36170a420401ca0af872d/screenshot'
17:24:15.286 [Forwarding screenshot on session 77e18f2ed4b36170a420401ca0af872d to remote] DEBUG org.asynchttpclient.netty.request.NettyRequestSender - Using open Channel [id: 0xfe5e5066, L:/127.0.0.1:60048 - R:localhost/127.0.0.1:50867] for GET '/session/77e18f2ed4b36170a420401ca0af872d/screenshot'
17:24:15.682 [AsyncHttpClient-1-5] DEBUG org.asynchttpclient.netty.handler.HttpHandler - 

Request DefaultFullHttpRequest(decodeResult: success, version: HTTP/1.1, content: EmptyByteBufBE)
GET /session/77e18f2ed4b36170a420401ca0af872d/screenshot HTTP/1.1
User-Agent: selenium/4.1.2 (java windows)
Cache-Control: no-cache
Content-Type: application/json; charset=utf-8
host: localhost:50867
accept: */*

Response DefaultHttpResponse(decodeResult: success, version: HTTP/1.1)
HTTP/1.1 200 OK
Content-Type: application/json; charset=utf-8
cache-control: no-cache
content-length: 351816

17:24:15.689 [AsyncHttpClient-1-5] DEBUG org.asynchttpclient.netty.channel.ChannelManager - Adding key: http://localhost:50867 for channel [id: 0xfe5e5066, L:/127.0.0.1:60048 - R:localhost/127.0.0.1:50867]
17:24:15.723 [main] DEBUG net.serenitybdd.core.photography.Darkroom - Send negative for processing for target\site\serenity\20277f1d76f1b925628464fcd1ece5de77a814679d1be3fdcf836a7ddadfed60.png
17:24:15.724 [main] DEBUG net.thucydides.core.steps.StepInterceptor - STEP DONE: validateOnDashboardPage
  &amp#27;[32mGiven &amp#27;[0m&amp#27;[32mI am on the dashboard page&amp#27;[0m                                  &amp#27;[90m# starter.stepdefinitions.DashboardSteps.iAmOnTheDashboardPage()&amp#27;[0m
17:24:15.774 [Forwarding screenshot on session 77e18f2ed4b36170a420401ca0af872d to remote] DEBUG org.asynchttpclient.netty.request.NettyRequestSender - Using pooled Channel '[id: 0xfe5e5066, L:/127.0.0.1:60048 - R:localhost/127.0.0.1:50867]' for 'GET' to 'http://localhost:50867/session/77e18f2ed4b36170a420401ca0af872d/screenshot'
17:24:15.775 [Forwarding screenshot on session 77e18f2ed4b36170a420401ca0af872d to remote] DEBUG org.asynchttpclient.netty.request.NettyRequestSender - Using open Channel [id: 0xfe5e5066, L:/127.0.0.1:60048 - R:localhost/127.0.0.1:50867] for GET '/session/77e18f2ed4b36170a420401ca0af872d/screenshot'
17:24:15.843 [AsyncHttpClient-1-1] DEBUG org.asynchttpclient.netty.channel.DefaultChannelPool - Entry count for : http://localhost:60049 : 1
17:24:16.049 [AsyncHttpClient-1-5] DEBUG org.asynchttpclient.netty.handler.HttpHandler - 

Request DefaultFullHttpRequest(decodeResult: success, version: HTTP/1.1, content: EmptyByteBufBE)
GET /session/77e18f2ed4b36170a420401ca0af872d/screenshot HTTP/1.1
User-Agent: selenium/4.1.2 (java windows)
Cache-Control: no-cache
Content-Type: application/json; charset=utf-8
host: localhost:50867
accept: */*

Response DefaultHttpResponse(decodeResult: success, version: HTTP/1.1)
HTTP/1.1 200 OK
Content-Type: application/json; charset=utf-8
cache-control: no-cache
content-length: 351816

17:24:16.052 [AsyncHttpClient-1-5] DEBUG org.asynchttpclient.netty.channel.ChannelManager - Adding key: http://localhost:50867 for channel [id: 0xfe5e5066, L:/127.0.0.1:60048 - R:localhost/127.0.0.1:50867]
17:24:16.073 [main] DEBUG net.serenitybdd.core.photography.Darkroom - Send negative for processing for target\site\serenity\20277f1d76f1b925628464fcd1ece5de77a814679d1be3fdcf836a7ddadfed60.png
17:24:16.074 [main] DEBUG net.thucydides.core.steps.StepInterceptor - STARTING STEP: AppointmentSteps.iClickMenuAppointment - clickMenuAppointmentButton
17:24:16.080 [Forwarding findElement on session 77e18f2ed4b36170a420401ca0af872d to remote] DEBUG org.asynchttpclient.netty.request.NettyRequestSender - Using pooled Channel '[id: 0xfe5e5066, L:/127.0.0.1:60048 - R:localhost/127.0.0.1:50867]' for 'POST' to 'http://localhost:50867/session/77e18f2ed4b36170a420401ca0af872d/element'
17:24:16.080 [Forwarding findElement on session 77e18f2ed4b36170a420401ca0af872d to remote] DEBUG org.asynchttpclient.netty.request.NettyRequestSender - Using open Channel [id: 0xfe5e5066, L:/127.0.0.1:60048 - R:localhost/127.0.0.1:50867] for POST '/session/77e18f2ed4b36170a420401ca0af872d/element'
17:24:16.095 [AsyncHttpClient-1-5] DEBUG org.asynchttpclient.netty.handler.HttpHandler - 

Request DefaultHttpRequest(decodeResult: success, version: HTTP/1.1)
POST /session/77e18f2ed4b36170a420401ca0af872d/element HTTP/1.1
User-Agent: selenium/4.1.2 (java windows)
Content-Length: 84
Content-Type: application/json; charset=utf-8
host: localhost:50867
accept: */*

Response DefaultHttpResponse(decodeResult: success, version: HTTP/1.1)
HTTP/1.1 200 OK
Content-Type: application/json; charset=utf-8
cache-control: no-cache
content-length: 88

17:24:16.095 [AsyncHttpClient-1-5] DEBUG org.asynchttpclient.netty.channel.ChannelManager - Adding key: http://localhost:50867 for channel [id: 0xfe5e5066, L:/127.0.0.1:60048 - R:localhost/127.0.0.1:50867]
17:24:16.098 [Forwarding getElementTagName on session 77e18f2ed4b36170a420401ca0af872d to remote] DEBUG org.asynchttpclient.netty.request.NettyRequestSender - Using pooled Channel '[id: 0xfe5e5066, L:/127.0.0.1:60048 - R:localhost/127.0.0.1:50867]' for 'GET' to 'http://localhost:50867/session/77e18f2ed4b36170a420401ca0af872d/element/a87f0a54-1230-498e-9b26-b6dae8f0de3f/name'
17:24:16.098 [Forwarding getElementTagName on session 77e18f2ed4b36170a420401ca0af872d to remote] DEBUG org.asynchttpclient.netty.request.NettyRequestSender - Using open Channel [id: 0xfe5e5066, L:/127.0.0.1:60048 - R:localhost/127.0.0.1:50867] for GET '/session/77e18f2ed4b36170a420401ca0af872d/element/a87f0a54-1230-498e-9b26-b6dae8f0de3f/name'
17:24:16.103 [AsyncHttpClient-1-5] DEBUG org.asynchttpclient.netty.handler.HttpHandler - 

Request DefaultFullHttpRequest(decodeResult: success, version: HTTP/1.1, content: EmptyByteBufBE)
GET /session/77e18f2ed4b36170a420401ca0af872d/element/a87f0a54-1230-498e-9b26-b6dae8f0de3f/name HTTP/1.1
User-Agent: selenium/4.1.2 (java windows)
Cache-Control: no-cache
Content-Type: application/json; charset=utf-8
host: localhost:50867
accept: */*

Response DefaultHttpResponse(decodeResult: success, version: HTTP/1.1)
HTTP/1.1 200 OK
Content-Type: application/json; charset=utf-8
cache-control: no-cache
content-length: 15

17:24:16.104 [AsyncHttpClient-1-5] DEBUG org.asynchttpclient.netty.channel.ChannelManager - Adding key: http://localhost:50867 for channel [id: 0xfe5e5066, L:/127.0.0.1:60048 - R:localhost/127.0.0.1:50867]
17:24:16.107 [Forwarding getElementTagName on session 77e18f2ed4b36170a420401ca0af872d to remote] DEBUG org.asynchttpclient.netty.request.NettyRequestSender - Using pooled Channel '[id: 0xfe5e5066, L:/127.0.0.1:60048 - R:localhost/127.0.0.1:50867]' for 'GET' to 'http://localhost:50867/session/77e18f2ed4b36170a420401ca0af872d/element/a87f0a54-1230-498e-9b26-b6dae8f0de3f/name'
17:24:16.107 [Forwarding getElementTagName on session 77e18f2ed4b36170a420401ca0af872d to remote] DEBUG org.asynchttpclient.netty.request.NettyRequestSender - Using open Channel [id: 0xfe5e5066, L:/127.0.0.1:60048 - R:localhost/127.0.0.1:50867] for GET '/session/77e18f2ed4b36170a420401ca0af872d/element/a87f0a54-1230-498e-9b26-b6dae8f0de3f/name'
17:24:16.112 [AsyncHttpClient-1-5] DEBUG org.asynchttpclient.netty.handler.HttpHandler - 

Request DefaultFullHttpRequest(decodeResult: success, version: HTTP/1.1, content: EmptyByteBufBE)
GET /session/77e18f2ed4b36170a420401ca0af872d/element/a87f0a54-1230-498e-9b26-b6dae8f0de3f/name HTTP/1.1
User-Agent: selenium/4.1.2 (java windows)
Cache-Control: no-cache
Content-Type: application/json; charset=utf-8
host: localhost:50867
accept: */*

Response DefaultHttpResponse(decodeResult: success, version: HTTP/1.1)
HTTP/1.1 200 OK
Content-Type: application/json; charset=utf-8
cache-control: no-cache
content-length: 15

17:24:16.112 [AsyncHttpClient-1-5] DEBUG org.asynchttpclient.netty.channel.ChannelManager - Adding key: http://localhost:50867 for channel [id: 0xfe5e5066, L:/127.0.0.1:60048 - R:localhost/127.0.0.1:50867]
17:24:16.115 [Forwarding findElement on session 77e18f2ed4b36170a420401ca0af872d to remote] DEBUG org.asynchttpclient.netty.request.NettyRequestSender - Using pooled Channel '[id: 0xfe5e5066, L:/127.0.0.1:60048 - R:localhost/127.0.0.1:50867]' for 'POST' to 'http://localhost:50867/session/77e18f2ed4b36170a420401ca0af872d/element'
17:24:16.115 [Forwarding findElement on session 77e18f2ed4b36170a420401ca0af872d to remote] DEBUG org.asynchttpclient.netty.request.NettyRequestSender - Using open Channel [id: 0xfe5e5066, L:/127.0.0.1:60048 - R:localhost/127.0.0.1:50867] for POST '/session/77e18f2ed4b36170a420401ca0af872d/element'
17:24:16.124 [AsyncHttpClient-1-5] DEBUG org.asynchttpclient.netty.handler.HttpHandler - 

Request DefaultHttpRequest(decodeResult: success, version: HTTP/1.1)
POST /session/77e18f2ed4b36170a420401ca0af872d/element HTTP/1.1
User-Agent: selenium/4.1.2 (java windows)
Content-Length: 84
Content-Type: application/json; charset=utf-8
host: localhost:50867
accept: */*

Response DefaultHttpResponse(decodeResult: success, version: HTTP/1.1)
HTTP/1.1 200 OK
Content-Type: application/json; charset=utf-8
cache-control: no-cache
content-length: 88

17:24:16.124 [AsyncHttpClient-1-5] DEBUG org.asynchttpclient.netty.channel.ChannelManager - Adding key: http://localhost:50867 for channel [id: 0xfe5e5066, L:/127.0.0.1:60048 - R:localhost/127.0.0.1:50867]
17:24:16.129 [Forwarding clickElement on session 77e18f2ed4b36170a420401ca0af872d to remote] DEBUG org.asynchttpclient.netty.request.NettyRequestSender - Using pooled Channel '[id: 0xfe5e5066, L:/127.0.0.1:60048 - R:localhost/127.0.0.1:50867]' for 'POST' to 'http://localhost:50867/session/77e18f2ed4b36170a420401ca0af872d/element/a87f0a54-1230-498e-9b26-b6dae8f0de3f/click'
17:24:16.129 [Forwarding clickElement on session 77e18f2ed4b36170a420401ca0af872d to remote] DEBUG org.asynchttpclient.netty.request.NettyRequestSender - Using open Channel [id: 0xfe5e5066, L:/127.0.0.1:60048 - R:localhost/127.0.0.1:50867] for POST '/session/77e18f2ed4b36170a420401ca0af872d/element/a87f0a54-1230-498e-9b26-b6dae8f0de3f/click'
17:24:16.944 [AsyncHttpClient-1-1] DEBUG org.asynchttpclient.netty.channel.DefaultChannelPool - Entry count for : http://localhost:60049 : 1
17:24:16.952 [AsyncHttpClient-1-5] DEBUG org.asynchttpclient.netty.handler.HttpHandler - 

Request DefaultHttpRequest(decodeResult: success, version: HTTP/1.1)
POST /session/77e18f2ed4b36170a420401ca0af872d/element/a87f0a54-1230-498e-9b26-b6dae8f0de3f/click HTTP/1.1
User-Agent: selenium/4.1.2 (java windows)
Content-Length: 50
Content-Type: application/json; charset=utf-8
host: localhost:50867
accept: */*

Response DefaultHttpResponse(decodeResult: success, version: HTTP/1.1)
HTTP/1.1 200 OK
Content-Type: application/json; charset=utf-8
cache-control: no-cache
content-length: 14

17:24:16.952 [AsyncHttpClient-1-5] DEBUG org.asynchttpclient.netty.channel.ChannelManager - Adding key: http://localhost:50867 for channel [id: 0xfe5e5066, L:/127.0.0.1:60048 - R:localhost/127.0.0.1:50867]
17:24:16.966 [Forwarding screenshot on session 77e18f2ed4b36170a420401ca0af872d to remote] DEBUG org.asynchttpclient.netty.request.NettyRequestSender - Using pooled Channel '[id: 0xfe5e5066, L:/127.0.0.1:60048 - R:localhost/127.0.0.1:50867]' for 'GET' to 'http://localhost:50867/session/77e18f2ed4b36170a420401ca0af872d/screenshot'
17:24:16.966 [Forwarding screenshot on session 77e18f2ed4b36170a420401ca0af872d to remote] DEBUG org.asynchttpclient.netty.request.NettyRequestSender - Using open Channel [id: 0xfe5e5066, L:/127.0.0.1:60048 - R:localhost/127.0.0.1:50867] for GET '/session/77e18f2ed4b36170a420401ca0af872d/screenshot'
17:24:17.150 [AsyncHttpClient-1-5] DEBUG org.asynchttpclient.netty.handler.HttpHandler - 

Request DefaultFullHttpRequest(decodeResult: success, version: HTTP/1.1, content: EmptyByteBufBE)
GET /session/77e18f2ed4b36170a420401ca0af872d/screenshot HTTP/1.1
User-Agent: selenium/4.1.2 (java windows)
Cache-Control: no-cache
Content-Type: application/json; charset=utf-8
host: localhost:50867
accept: */*

Response DefaultHttpResponse(decodeResult: success, version: HTTP/1.1)
HTTP/1.1 200 OK
Content-Type: application/json; charset=utf-8
cache-control: no-cache
content-length: 77804

17:24:17.151 [AsyncHttpClient-1-5] DEBUG org.asynchttpclient.netty.channel.ChannelManager - Adding key: http://localhost:50867 for channel [id: 0xfe5e5066, L:/127.0.0.1:60048 - R:localhost/127.0.0.1:50867]
17:24:17.157 [main] DEBUG net.serenitybdd.core.photography.Darkroom - Send negative for processing for target\site\serenity\b544a93b86bfe0d20415244adccd6dc3b8e83513ea5bef4ef6f3c4b9448d8262.png
17:24:17.157 [main] DEBUG net.thucydides.core.steps.StepInterceptor - STEP DONE: clickMenuAppointmentButton
17:24:17.157 [Darkroom Processing Line] DEBUG net.serenitybdd.core.photography.DarkroomProcessingLine - Processing screenshot image in /var/screenshots/screenshot-9601091979176347943
  &amp#27;[32mAnd &amp#27;[0m&amp#27;[32mI click menu Appointment&amp#27;[0m                                      &amp#27;[90m# starter.stepdefinitions.AppointmentSteps.iClickMenuAppointment()&amp#27;[0m
17:24:17.157 [Darkroom Processing Line] DEBUG net.serenitybdd.core.photography.DarkroomProcessingLine - Saving screenshot to target\site\serenity\b544a93b86bfe0d20415244adccd6dc3b8e83513ea5bef4ef6f3c4b9448d8262.png
17:24:17.181 [main] DEBUG net.thucydides.core.steps.StepInterceptor - STARTING STEP: AppointmentSteps.iClickAddNewAppointment - clickAddNewAppointmentButton
17:24:17.186 [Forwarding findElement on session 77e18f2ed4b36170a420401ca0af872d to remote] DEBUG org.asynchttpclient.netty.request.NettyRequestSender - Using pooled Channel '[id: 0xfe5e5066, L:/127.0.0.1:60048 - R:localhost/127.0.0.1:50867]' for 'POST' to 'http://localhost:50867/session/77e18f2ed4b36170a420401ca0af872d/element'
17:24:17.186 [Forwarding findElement on session 77e18f2ed4b36170a420401ca0af872d to remote] DEBUG org.asynchttpclient.netty.request.NettyRequestSender - Using open Channel [id: 0xfe5e5066, L:/127.0.0.1:60048 - R:localhost/127.0.0.1:50867] for POST '/session/77e18f2ed4b36170a420401ca0af872d/element'
17:24:17.203 [AsyncHttpClient-1-5] DEBUG org.asynchttpclient.netty.handler.HttpHandler - 

Request DefaultHttpRequest(decodeResult: success, version: HTTP/1.1)
POST /session/77e18f2ed4b36170a420401ca0af872d/element HTTP/1.1
User-Agent: selenium/4.1.2 (java windows)
Content-Length: 149
Content-Type: application/json; charset=utf-8
host: localhost:50867
accept: */*

Response DefaultHttpResponse(decodeResult: success, version: HTTP/1.1)
HTTP/1.1 200 OK
Content-Type: application/json; charset=utf-8
cache-control: no-cache
content-length: 88

17:24:17.203 [AsyncHttpClient-1-5] DEBUG org.asynchttpclient.netty.channel.ChannelManager - Adding key: http://localhost:50867 for channel [id: 0xfe5e5066, L:/127.0.0.1:60048 - R:localhost/127.0.0.1:50867]
17:24:17.206 [Forwarding getElementTagName on session 77e18f2ed4b36170a420401ca0af872d to remote] DEBUG org.asynchttpclient.netty.request.NettyRequestSender - Using pooled Channel '[id: 0xfe5e5066, L:/127.0.0.1:60048 - R:localhost/127.0.0.1:50867]' for 'GET' to 'http://localhost:50867/session/77e18f2ed4b36170a420401ca0af872d/element/cf9e71f4-8712-4575-8aa2-833369d615d4/name'
17:24:17.206 [Forwarding getElementTagName on session 77e18f2ed4b36170a420401ca0af872d to remote] DEBUG org.asynchttpclient.netty.request.NettyRequestSender - Using open Channel [id: 0xfe5e5066, L:/127.0.0.1:60048 - R:localhost/127.0.0.1:50867] for GET '/session/77e18f2ed4b36170a420401ca0af872d/element/cf9e71f4-8712-4575-8aa2-833369d615d4/name'
17:24:17.211 [AsyncHttpClient-1-5] DEBUG org.asynchttpclient.netty.handler.HttpHandler - 

Request DefaultFullHttpRequest(decodeResult: success, version: HTTP/1.1, content: EmptyByteBufBE)
GET /session/77e18f2ed4b36170a420401ca0af872d/element/cf9e71f4-8712-4575-8aa2-833369d615d4/name HTTP/1.1
User-Agent: selenium/4.1.2 (java windows)
Cache-Control: no-cache
Content-Type: application/json; charset=utf-8
host: localhost:50867
accept: */*

Response DefaultHttpResponse(decodeResult: success, version: HTTP/1.1)
HTTP/1.1 200 OK
Content-Type: application/json; charset=utf-8
cache-control: no-cache
content-length: 18

17:24:17.211 [AsyncHttpClient-1-5] DEBUG org.asynchttpclient.netty.channel.ChannelManager - Adding key: http://localhost:50867 for channel [id: 0xfe5e5066, L:/127.0.0.1:60048 - R:localhost/127.0.0.1:50867]
17:24:17.213 [Forwarding getElementTagName on session 77e18f2ed4b36170a420401ca0af872d to remote] DEBUG org.asynchttpclient.netty.request.NettyRequestSender - Using pooled Channel '[id: 0xfe5e5066, L:/127.0.0.1:60048 - R:localhost/127.0.0.1:50867]' for 'GET' to 'http://localhost:50867/session/77e18f2ed4b36170a420401ca0af872d/element/cf9e71f4-8712-4575-8aa2-833369d615d4/name'
17:24:17.213 [Forwarding getElementTagName on session 77e18f2ed4b36170a420401ca0af872d to remote] DEBUG org.asynchttpclient.netty.request.NettyRequestSender - Using open Channel [id: 0xfe5e5066, L:/127.0.0.1:60048 - R:localhost/127.0.0.1:50867] for GET '/session/77e18f2ed4b36170a420401ca0af872d/element/cf9e71f4-8712-4575-8aa2-833369d615d4/name'
17:24:17.218 [AsyncHttpClient-1-5] DEBUG org.asynchttpclient.netty.handler.HttpHandler - 

Request DefaultFullHttpRequest(decodeResult: success, version: HTTP/1.1, content: EmptyByteBufBE)
GET /session/77e18f2ed4b36170a420401ca0af872d/element/cf9e71f4-8712-4575-8aa2-833369d615d4/name HTTP/1.1
User-Agent: selenium/4.1.2 (java windows)
Cache-Control: no-cache
Content-Type: application/json; charset=utf-8
host: localhost:50867
accept: */*

Response DefaultHttpResponse(decodeResult: success, version: HTTP/1.1)
HTTP/1.1 200 OK
Content-Type: application/json; charset=utf-8
cache-control: no-cache
content-length: 18

17:24:17.219 [AsyncHttpClient-1-5] DEBUG org.asynchttpclient.netty.channel.ChannelManager - Adding key: http://localhost:50867 for channel [id: 0xfe5e5066, L:/127.0.0.1:60048 - R:localhost/127.0.0.1:50867]
17:24:17.222 [Forwarding isElementEnabled on session 77e18f2ed4b36170a420401ca0af872d to remote] DEBUG org.asynchttpclient.netty.request.NettyRequestSender - Using pooled Channel '[id: 0xfe5e5066, L:/127.0.0.1:60048 - R:localhost/127.0.0.1:50867]' for 'GET' to 'http://localhost:50867/session/77e18f2ed4b36170a420401ca0af872d/element/cf9e71f4-8712-4575-8aa2-833369d615d4/enabled'
17:24:17.222 [Forwarding isElementEnabled on session 77e18f2ed4b36170a420401ca0af872d to remote] DEBUG org.asynchttpclient.netty.request.NettyRequestSender - Using open Channel [id: 0xfe5e5066, L:/127.0.0.1:60048 - R:localhost/127.0.0.1:50867] for GET '/session/77e18f2ed4b36170a420401ca0af872d/element/cf9e71f4-8712-4575-8aa2-833369d615d4/enabled'
17:24:17.269 [AsyncHttpClient-1-5] DEBUG org.asynchttpclient.netty.handler.HttpHandler - 

Request DefaultFullHttpRequest(decodeResult: success, version: HTTP/1.1, content: EmptyByteBufBE)
GET /session/77e18f2ed4b36170a420401ca0af872d/element/cf9e71f4-8712-4575-8aa2-833369d615d4/enabled HTTP/1.1
User-Agent: selenium/4.1.2 (java windows)
Cache-Control: no-cache
Content-Type: application/json; charset=utf-8
host: localhost:50867
accept: */*

Response DefaultHttpResponse(decodeResult: success, version: HTTP/1.1)
HTTP/1.1 200 OK
Content-Type: application/json; charset=utf-8
cache-control: no-cache
content-length: 14

17:24:17.269 [AsyncHttpClient-1-5] DEBUG org.asynchttpclient.netty.channel.ChannelManager - Adding key: http://localhost:50867 for channel [id: 0xfe5e5066, L:/127.0.0.1:60048 - R:localhost/127.0.0.1:50867]
17:24:17.271 [Forwarding isElementEnabled on session 77e18f2ed4b36170a420401ca0af872d to remote] DEBUG org.asynchttpclient.netty.request.NettyRequestSender - Using pooled Channel '[id: 0xfe5e5066, L:/127.0.0.1:60048 - R:localhost/127.0.0.1:50867]' for 'GET' to 'http://localhost:50867/session/77e18f2ed4b36170a420401ca0af872d/element/cf9e71f4-8712-4575-8aa2-833369d615d4/enabled'
17:24:17.271 [Forwarding isElementEnabled on session 77e18f2ed4b36170a420401ca0af872d to remote] DEBUG org.asynchttpclient.netty.request.NettyRequestSender - Using open Channel [id: 0xfe5e5066, L:/127.0.0.1:60048 - R:localhost/127.0.0.1:50867] for GET '/session/77e18f2ed4b36170a420401ca0af872d/element/cf9e71f4-8712-4575-8aa2-833369d615d4/enabled'
17:24:17.278 [AsyncHttpClient-1-5] DEBUG org.asynchttpclient.netty.handler.HttpHandler - 

Request DefaultFullHttpRequest(decodeResult: success, version: HTTP/1.1, content: EmptyByteBufBE)
GET /session/77e18f2ed4b36170a420401ca0af872d/element/cf9e71f4-8712-4575-8aa2-833369d615d4/enabled HTTP/1.1
User-Agent: selenium/4.1.2 (java windows)
Cache-Control: no-cache
Content-Type: application/json; charset=utf-8
host: localhost:50867
accept: */*

Response DefaultHttpResponse(decodeResult: success, version: HTTP/1.1)
HTTP/1.1 200 OK
Content-Type: application/json; charset=utf-8
cache-control: no-cache
content-length: 14

17:24:17.278 [AsyncHttpClient-1-5] DEBUG org.asynchttpclient.netty.channel.ChannelManager - Adding key: http://localhost:50867 for channel [id: 0xfe5e5066, L:/127.0.0.1:60048 - R:localhost/127.0.0.1:50867]
17:24:17.281 [Forwarding findElement on session 77e18f2ed4b36170a420401ca0af872d to remote] DEBUG org.asynchttpclient.netty.request.NettyRequestSender - Using pooled Channel '[id: 0xfe5e5066, L:/127.0.0.1:60048 - R:localhost/127.0.0.1:50867]' for 'POST' to 'http://localhost:50867/session/77e18f2ed4b36170a420401ca0af872d/element'
17:24:17.281 [Forwarding findElement on session 77e18f2ed4b36170a420401ca0af872d to remote] DEBUG org.asynchttpclient.netty.request.NettyRequestSender - Using open Channel [id: 0xfe5e5066, L:/127.0.0.1:60048 - R:localhost/127.0.0.1:50867] for POST '/session/77e18f2ed4b36170a420401ca0af872d/element'
17:24:17.289 [AsyncHttpClient-1-5] DEBUG org.asynchttpclient.netty.handler.HttpHandler - 

Request DefaultHttpRequest(decodeResult: success, version: HTTP/1.1)
POST /session/77e18f2ed4b36170a420401ca0af872d/element HTTP/1.1
User-Agent: selenium/4.1.2 (java windows)
Content-Length: 149
Content-Type: application/json; charset=utf-8
host: localhost:50867
accept: */*

Response DefaultHttpResponse(decodeResult: success, version: HTTP/1.1)
HTTP/1.1 200 OK
Content-Type: application/json; charset=utf-8
cache-control: no-cache
content-length: 88

17:24:17.289 [AsyncHttpClient-1-5] DEBUG org.asynchttpclient.netty.channel.ChannelManager - Adding key: http://localhost:50867 for channel [id: 0xfe5e5066, L:/127.0.0.1:60048 - R:localhost/127.0.0.1:50867]
17:24:17.292 [Forwarding clickElement on session 77e18f2ed4b36170a420401ca0af872d to remote] DEBUG org.asynchttpclient.netty.request.NettyRequestSender - Using pooled Channel '[id: 0xfe5e5066, L:/127.0.0.1:60048 - R:localhost/127.0.0.1:50867]' for 'POST' to 'http://localhost:50867/session/77e18f2ed4b36170a420401ca0af872d/element/cf9e71f4-8712-4575-8aa2-833369d615d4/click'
17:24:17.292 [Forwarding clickElement on session 77e18f2ed4b36170a420401ca0af872d to remote] DEBUG org.asynchttpclient.netty.request.NettyRequestSender - Using open Channel [id: 0xfe5e5066, L:/127.0.0.1:60048 - R:localhost/127.0.0.1:50867] for POST '/session/77e18f2ed4b36170a420401ca0af872d/element/cf9e71f4-8712-4575-8aa2-833369d615d4/click'
17:24:17.514 [AsyncHttpClient-1-5] DEBUG org.asynchttpclient.netty.handler.HttpHandler - 

Request DefaultHttpRequest(decodeResult: success, version: HTTP/1.1)
POST /session/77e18f2ed4b36170a420401ca0af872d/element/cf9e71f4-8712-4575-8aa2-833369d615d4/click HTTP/1.1
User-Agent: selenium/4.1.2 (java windows)
Content-Length: 50
Content-Type: application/json; charset=utf-8
host: localhost:50867
accept: */*

Response DefaultHttpResponse(decodeResult: success, version: HTTP/1.1)
HTTP/1.1 200 OK
Content-Type: application/json; charset=utf-8
cache-control: no-cache
content-length: 14

17:24:17.514 [AsyncHttpClient-1-5] DEBUG org.asynchttpclient.netty.channel.ChannelManager - Adding key: http://localhost:50867 for channel [id: 0xfe5e5066, L:/127.0.0.1:60048 - R:localhost/127.0.0.1:50867]
17:24:17.532 [Forwarding screenshot on session 77e18f2ed4b36170a420401ca0af872d to remote] DEBUG org.asynchttpclient.netty.request.NettyRequestSender - Using pooled Channel '[id: 0xfe5e5066, L:/127.0.0.1:60048 - R:localhost/127.0.0.1:50867]' for 'GET' to 'http://localhost:50867/session/77e18f2ed4b36170a420401ca0af872d/screenshot'
17:24:17.532 [Forwarding screenshot on session 77e18f2ed4b36170a420401ca0af872d to remote] DEBUG org.asynchttpclient.netty.request.NettyRequestSender - Using open Channel [id: 0xfe5e5066, L:/127.0.0.1:60048 - R:localhost/127.0.0.1:50867] for GET '/session/77e18f2ed4b36170a420401ca0af872d/screenshot'
17:24:17.706 [AsyncHttpClient-1-5] DEBUG org.asynchttpclient.netty.handler.HttpHandler - 

Request DefaultFullHttpRequest(decodeResult: success, version: HTTP/1.1, content: EmptyByteBufBE)
GET /session/77e18f2ed4b36170a420401ca0af872d/screenshot HTTP/1.1
User-Agent: selenium/4.1.2 (java windows)
Cache-Control: no-cache
Content-Type: application/json; charset=utf-8
host: localhost:50867
accept: */*

Response DefaultHttpResponse(decodeResult: success, version: HTTP/1.1)
HTTP/1.1 200 OK
Content-Type: application/json; charset=utf-8
cache-control: no-cache
content-length: 97284

17:24:17.707 [AsyncHttpClient-1-5] DEBUG org.asynchttpclient.netty.channel.ChannelManager - Adding key: http://localhost:50867 for channel [id: 0xfe5e5066, L:/127.0.0.1:60048 - R:localhost/127.0.0.1:50867]
17:24:17.716 [main] DEBUG net.serenitybdd.core.photography.Darkroom - Send negative for processing for target\site\serenity\1af7d3c1fe0755432296005bae1fc477226703c7f1e3f85424c38d2c0d753f3d.png
17:24:17.716 [main] DEBUG net.thucydides.core.steps.StepInterceptor - STEP DONE: clickAddNewAppointmentButton
17:24:17.717 [Darkroom Processing Line] DEBUG net.serenitybdd.core.photography.DarkroomProcessingLine - Processing screenshot image in /var/screenshots/screenshot-10415106157189053808
17:24:17.717 [Darkroom Processing Line] DEBUG net.serenitybdd.core.photography.DarkroomProcessingLine - Saving screenshot to target\site\serenity\1af7d3c1fe0755432296005bae1fc477226703c7f1e3f85424c38d2c0d753f3d.png
  &amp#27;[32mWhen &amp#27;[0m&amp#27;[32mI click Add New Appointment&amp#27;[0m                                  &amp#27;[90m# starter.stepdefinitions.AppointmentSteps.iClickAddNewAppointment()&amp#27;[0m
17:24:17.746 [main] DEBUG net.thucydides.core.steps.StepInterceptor - STARTING STEP: AppointmentSteps.iClickNoButton - clickNoButton
17:24:17.757 [Forwarding findElement on session 77e18f2ed4b36170a420401ca0af872d to remote] DEBUG org.asynchttpclient.netty.request.NettyRequestSender - Using pooled Channel '[id: 0xfe5e5066, L:/127.0.0.1:60048 - R:localhost/127.0.0.1:50867]' for 'POST' to 'http://localhost:50867/session/77e18f2ed4b36170a420401ca0af872d/element'
17:24:17.757 [Forwarding findElement on session 77e18f2ed4b36170a420401ca0af872d to remote] DEBUG org.asynchttpclient.netty.request.NettyRequestSender - Using open Channel [id: 0xfe5e5066, L:/127.0.0.1:60048 - R:localhost/127.0.0.1:50867] for POST '/session/77e18f2ed4b36170a420401ca0af872d/element'
17:24:17.779 [AsyncHttpClient-1-5] DEBUG org.asynchttpclient.netty.handler.HttpHandler - 

Request DefaultHttpRequest(decodeResult: success, version: HTTP/1.1)
POST /session/77e18f2ed4b36170a420401ca0af872d/element HTTP/1.1
User-Agent: selenium/4.1.2 (java windows)
Content-Length: 104
Content-Type: application/json; charset=utf-8
host: localhost:50867
accept: */*

Response DefaultHttpResponse(decodeResult: success, version: HTTP/1.1)
HTTP/1.1 200 OK
Content-Type: application/json; charset=utf-8
cache-control: no-cache
content-length: 88

17:24:17.780 [AsyncHttpClient-1-5] DEBUG org.asynchttpclient.netty.channel.ChannelManager - Adding key: http://localhost:50867 for channel [id: 0xfe5e5066, L:/127.0.0.1:60048 - R:localhost/127.0.0.1:50867]
17:24:17.782 [Forwarding getElementTagName on session 77e18f2ed4b36170a420401ca0af872d to remote] DEBUG org.asynchttpclient.netty.request.NettyRequestSender - Using pooled Channel '[id: 0xfe5e5066, L:/127.0.0.1:60048 - R:localhost/127.0.0.1:50867]' for 'GET' to 'http://localhost:50867/session/77e18f2ed4b36170a420401ca0af872d/element/6e2b30e0-71bd-4197-90d2-a967ce0ab894/name'
17:24:17.782 [Forwarding getElementTagName on session 77e18f2ed4b36170a420401ca0af872d to remote] DEBUG org.asynchttpclient.netty.request.NettyRequestSender - Using open Channel [id: 0xfe5e5066, L:/127.0.0.1:60048 - R:localhost/127.0.0.1:50867] for GET '/session/77e18f2ed4b36170a420401ca0af872d/element/6e2b30e0-71bd-4197-90d2-a967ce0ab894/name'
17:24:17.788 [AsyncHttpClient-1-5] DEBUG org.asynchttpclient.netty.handler.HttpHandler - 

Request DefaultFullHttpRequest(decodeResult: success, version: HTTP/1.1, content: EmptyByteBufBE)
GET /session/77e18f2ed4b36170a420401ca0af872d/element/6e2b30e0-71bd-4197-90d2-a967ce0ab894/name HTTP/1.1
User-Agent: selenium/4.1.2 (java windows)
Cache-Control: no-cache
Content-Type: application/json; charset=utf-8
host: localhost:50867
accept: */*

Response DefaultHttpResponse(decodeResult: success, version: HTTP/1.1)
HTTP/1.1 200 OK
Content-Type: application/json; charset=utf-8
cache-control: no-cache
content-length: 18

17:24:17.788 [AsyncHttpClient-1-5] DEBUG org.asynchttpclient.netty.channel.ChannelManager - Adding key: http://localhost:50867 for channel [id: 0xfe5e5066, L:/127.0.0.1:60048 - R:localhost/127.0.0.1:50867]
17:24:17.792 [Forwarding getElementTagName on session 77e18f2ed4b36170a420401ca0af872d to remote] DEBUG org.asynchttpclient.netty.request.NettyRequestSender - Using pooled Channel '[id: 0xfe5e5066, L:/127.0.0.1:60048 - R:localhost/127.0.0.1:50867]' for 'GET' to 'http://localhost:50867/session/77e18f2ed4b36170a420401ca0af872d/element/6e2b30e0-71bd-4197-90d2-a967ce0ab894/name'
17:24:17.792 [Forwarding getElementTagName on session 77e18f2ed4b36170a420401ca0af872d to remote] DEBUG org.asynchttpclient.netty.request.NettyRequestSender - Using open Channel [id: 0xfe5e5066, L:/127.0.0.1:60048 - R:localhost/127.0.0.1:50867] for GET '/session/77e18f2ed4b36170a420401ca0af872d/element/6e2b30e0-71bd-4197-90d2-a967ce0ab894/name'
17:24:17.797 [AsyncHttpClient-1-5] DEBUG org.asynchttpclient.netty.handler.HttpHandler - 

Request DefaultFullHttpRequest(decodeResult: success, version: HTTP/1.1, content: EmptyByteBufBE)
GET /session/77e18f2ed4b36170a420401ca0af872d/element/6e2b30e0-71bd-4197-90d2-a967ce0ab894/name HTTP/1.1
User-Agent: selenium/4.1.2 (java windows)
Cache-Control: no-cache
Content-Type: application/json; charset=utf-8
host: localhost:50867
accept: */*

Response DefaultHttpResponse(decodeResult: success, version: HTTP/1.1)
HTTP/1.1 200 OK
Content-Type: application/json; charset=utf-8
cache-control: no-cache
content-length: 18

17:24:17.798 [AsyncHttpClient-1-5] DEBUG org.asynchttpclient.netty.channel.ChannelManager - Adding key: http://localhost:50867 for channel [id: 0xfe5e5066, L:/127.0.0.1:60048 - R:localhost/127.0.0.1:50867]
17:24:17.804 [Forwarding isElementEnabled on session 77e18f2ed4b36170a420401ca0af872d to remote] DEBUG org.asynchttpclient.netty.request.NettyRequestSender - Using pooled Channel '[id: 0xfe5e5066, L:/127.0.0.1:60048 - R:localhost/127.0.0.1:50867]' for 'GET' to 'http://localhost:50867/session/77e18f2ed4b36170a420401ca0af872d/element/6e2b30e0-71bd-4197-90d2-a967ce0ab894/enabled'
17:24:17.804 [Forwarding isElementEnabled on session 77e18f2ed4b36170a420401ca0af872d to remote] DEBUG org.asynchttpclient.netty.request.NettyRequestSender - Using open Channel [id: 0xfe5e5066, L:/127.0.0.1:60048 - R:localhost/127.0.0.1:50867] for GET '/session/77e18f2ed4b36170a420401ca0af872d/element/6e2b30e0-71bd-4197-90d2-a967ce0ab894/enabled'
17:24:17.819 [AsyncHttpClient-1-5] DEBUG org.asynchttpclient.netty.handler.HttpHandler - 

Request DefaultFullHttpRequest(decodeResult: success, version: HTTP/1.1, content: EmptyByteBufBE)
GET /session/77e18f2ed4b36170a420401ca0af872d/element/6e2b30e0-71bd-4197-90d2-a967ce0ab894/enabled HTTP/1.1
User-Agent: selenium/4.1.2 (java windows)
Cache-Control: no-cache
Content-Type: application/json; charset=utf-8
host: localhost:50867
accept: */*

Response DefaultHttpResponse(decodeResult: success, version: HTTP/1.1)
HTTP/1.1 200 OK
Content-Type: application/json; charset=utf-8
cache-control: no-cache
content-length: 14

17:24:17.819 [AsyncHttpClient-1-5] DEBUG org.asynchttpclient.netty.channel.ChannelManager - Adding key: http://localhost:50867 for channel [id: 0xfe5e5066, L:/127.0.0.1:60048 - R:localhost/127.0.0.1:50867]
17:24:17.823 [Forwarding isElementEnabled on session 77e18f2ed4b36170a420401ca0af872d to remote] DEBUG org.asynchttpclient.netty.request.NettyRequestSender - Using pooled Channel '[id: 0xfe5e5066, L:/127.0.0.1:60048 - R:localhost/127.0.0.1:50867]' for 'GET' to 'http://localhost:50867/session/77e18f2ed4b36170a420401ca0af872d/element/6e2b30e0-71bd-4197-90d2-a967ce0ab894/enabled'
17:24:17.823 [Forwarding isElementEnabled on session 77e18f2ed4b36170a420401ca0af872d to remote] DEBUG org.asynchttpclient.netty.request.NettyRequestSender - Using open Channel [id: 0xfe5e5066, L:/127.0.0.1:60048 - R:localhost/127.0.0.1:50867] for GET '/session/77e18f2ed4b36170a420401ca0af872d/element/6e2b30e0-71bd-4197-90d2-a967ce0ab894/enabled'
17:24:17.832 [AsyncHttpClient-1-5] DEBUG org.asynchttpclient.netty.handler.HttpHandler - 

Request DefaultFullHttpRequest(decodeResult: success, version: HTTP/1.1, content: EmptyByteBufBE)
GET /session/77e18f2ed4b36170a420401ca0af872d/element/6e2b30e0-71bd-4197-90d2-a967ce0ab894/enabled HTTP/1.1
User-Agent: selenium/4.1.2 (java windows)
Cache-Control: no-cache
Content-Type: application/json; charset=utf-8
host: localhost:50867
accept: */*

Response DefaultHttpResponse(decodeResult: success, version: HTTP/1.1)
HTTP/1.1 200 OK
Content-Type: application/json; charset=utf-8
cache-control: no-cache
content-length: 14

17:24:17.833 [AsyncHttpClient-1-5] DEBUG org.asynchttpclient.netty.channel.ChannelManager - Adding key: http://localhost:50867 for channel [id: 0xfe5e5066, L:/127.0.0.1:60048 - R:localhost/127.0.0.1:50867]
17:24:17.835 [Forwarding findElement on session 77e18f2ed4b36170a420401ca0af872d to remote] DEBUG org.asynchttpclient.netty.request.NettyRequestSender - Using pooled Channel '[id: 0xfe5e5066, L:/127.0.0.1:60048 - R:localhost/127.0.0.1:50867]' for 'POST' to 'http://localhost:50867/session/77e18f2ed4b36170a420401ca0af872d/element'
17:24:17.835 [Forwarding findElement on session 77e18f2ed4b36170a420401ca0af872d to remote] DEBUG org.asynchttpclient.netty.request.NettyRequestSender - Using open Channel [id: 0xfe5e5066, L:/127.0.0.1:60048 - R:localhost/127.0.0.1:50867] for POST '/session/77e18f2ed4b36170a420401ca0af872d/element'
17:24:17.847 [AsyncHttpClient-1-5] DEBUG org.asynchttpclient.netty.handler.HttpHandler - 

Request DefaultHttpRequest(decodeResult: success, version: HTTP/1.1)
POST /session/77e18f2ed4b36170a420401ca0af872d/element HTTP/1.1
User-Agent: selenium/4.1.2 (java windows)
Content-Length: 104
Content-Type: application/json; charset=utf-8
host: localhost:50867
accept: */*

Response DefaultHttpResponse(decodeResult: success, version: HTTP/1.1)
HTTP/1.1 200 OK
Content-Type: application/json; charset=utf-8
cache-control: no-cache
content-length: 88

17:24:17.848 [AsyncHttpClient-1-5] DEBUG org.asynchttpclient.netty.channel.ChannelManager - Adding key: http://localhost:50867 for channel [id: 0xfe5e5066, L:/127.0.0.1:60048 - R:localhost/127.0.0.1:50867]
17:24:17.850 [Forwarding clickElement on session 77e18f2ed4b36170a420401ca0af872d to remote] DEBUG org.asynchttpclient.netty.request.NettyRequestSender - Using pooled Channel '[id: 0xfe5e5066, L:/127.0.0.1:60048 - R:localhost/127.0.0.1:50867]' for 'POST' to 'http://localhost:50867/session/77e18f2ed4b36170a420401ca0af872d/element/6e2b30e0-71bd-4197-90d2-a967ce0ab894/click'
17:24:17.850 [Forwarding clickElement on session 77e18f2ed4b36170a420401ca0af872d to remote] DEBUG org.asynchttpclient.netty.request.NettyRequestSender - Using open Channel [id: 0xfe5e5066, L:/127.0.0.1:60048 - R:localhost/127.0.0.1:50867] for POST '/session/77e18f2ed4b36170a420401ca0af872d/element/6e2b30e0-71bd-4197-90d2-a967ce0ab894/click'
17:24:18.043 [AsyncHttpClient-1-1] DEBUG org.asynchttpclient.netty.channel.DefaultChannelPool - Entry count for : http://localhost:60049 : 1
17:24:18.186 [AsyncHttpClient-1-5] DEBUG org.asynchttpclient.netty.handler.HttpHandler - 

Request DefaultHttpRequest(decodeResult: success, version: HTTP/1.1)
POST /session/77e18f2ed4b36170a420401ca0af872d/element/6e2b30e0-71bd-4197-90d2-a967ce0ab894/click HTTP/1.1
User-Agent: selenium/4.1.2 (java windows)
Content-Length: 50
Content-Type: application/json; charset=utf-8
host: localhost:50867
accept: */*

Response DefaultHttpResponse(decodeResult: success, version: HTTP/1.1)
HTTP/1.1 200 OK
Content-Type: application/json; charset=utf-8
cache-control: no-cache
content-length: 14

17:24:18.186 [AsyncHttpClient-1-5] DEBUG org.asynchttpclient.netty.channel.ChannelManager - Adding key: http://localhost:50867 for channel [id: 0xfe5e5066, L:/127.0.0.1:60048 - R:localhost/127.0.0.1:50867]
17:24:18.197 [Forwarding screenshot on session 77e18f2ed4b36170a420401ca0af872d to remote] DEBUG org.asynchttpclient.netty.request.NettyRequestSender - Using pooled Channel '[id: 0xfe5e5066, L:/127.0.0.1:60048 - R:localhost/127.0.0.1:50867]' for 'GET' to 'http://localhost:50867/session/77e18f2ed4b36170a420401ca0af872d/screenshot'
17:24:18.197 [Forwarding screenshot on session 77e18f2ed4b36170a420401ca0af872d to remote] DEBUG org.asynchttpclient.netty.request.NettyRequestSender - Using open Channel [id: 0xfe5e5066, L:/127.0.0.1:60048 - R:localhost/127.0.0.1:50867] for GET '/session/77e18f2ed4b36170a420401ca0af872d/screenshot'
17:24:18.305 [AsyncHttpClient-1-5] DEBUG org.asynchttpclient.netty.handler.HttpHandler - 

Request DefaultFullHttpRequest(decodeResult: success, version: HTTP/1.1, content: EmptyByteBufBE)
GET /session/77e18f2ed4b36170a420401ca0af872d/screenshot HTTP/1.1
User-Agent: selenium/4.1.2 (java windows)
Cache-Control: no-cache
Content-Type: application/json; charset=utf-8
host: localhost:50867
accept: */*

Response DefaultHttpResponse(decodeResult: success, version: HTTP/1.1)
HTTP/1.1 200 OK
Content-Type: application/json; charset=utf-8
cache-control: no-cache
content-length: 55320

17:24:18.306 [AsyncHttpClient-1-5] DEBUG org.asynchttpclient.netty.channel.ChannelManager - Adding key: http://localhost:50867 for channel [id: 0xfe5e5066, L:/127.0.0.1:60048 - R:localhost/127.0.0.1:50867]
17:24:18.309 [main] DEBUG net.serenitybdd.core.photography.Darkroom - Send negative for processing for target\site\serenity\978450d06eb86eb735175521c4a06999507a96991efadce5993bd088de144875.png
17:24:18.310 [main] DEBUG net.thucydides.core.steps.StepInterceptor - STEP DONE: clickNoButton
  &amp#27;[32mAnd &amp#27;[0m&amp#27;[32mI click no button&amp#27;[0m                                             &amp#27;[90m# starter.stepdefinitions.AppointmentSteps.iClickNoButton()&amp#27;[0m
17:24:18.310 [Darkroom Processing Line] DEBUG net.serenitybdd.core.photography.DarkroomProcessingLine - Processing screenshot image in /var/screenshots/screenshot-13502863376015124604
17:24:18.310 [Darkroom Processing Line] DEBUG net.serenitybdd.core.photography.DarkroomProcessingLine - Saving screenshot to target\site\serenity\978450d06eb86eb735175521c4a06999507a96991efadce5993bd088de144875.png
17:24:18.660 [Forwarding findElement on session 77e18f2ed4b36170a420401ca0af872d to remote] DEBUG org.asynchttpclient.netty.request.NettyRequestSender - Using pooled Channel '[id: 0xfe5e5066, L:/127.0.0.1:60048 - R:localhost/127.0.0.1:50867]' for 'POST' to 'http://localhost:50867/session/77e18f2ed4b36170a420401ca0af872d/element'
17:24:18.660 [Forwarding findElement on session 77e18f2ed4b36170a420401ca0af872d to remote] DEBUG org.asynchttpclient.netty.request.NettyRequestSender - Using open Channel [id: 0xfe5e5066, L:/127.0.0.1:60048 - R:localhost/127.0.0.1:50867] for POST '/session/77e18f2ed4b36170a420401ca0af872d/element'
17:24:18.680 [AsyncHttpClient-1-5] DEBUG org.asynchttpclient.netty.handler.HttpHandler - 

Request DefaultHttpRequest(decodeResult: success, version: HTTP/1.1)
POST /session/77e18f2ed4b36170a420401ca0af872d/element HTTP/1.1
User-Agent: selenium/4.1.2 (java windows)
Content-Length: 79
Content-Type: application/json; charset=utf-8
host: localhost:50867
accept: */*

Response DefaultHttpResponse(decodeResult: success, version: HTTP/1.1)
HTTP/1.1 200 OK
Content-Type: application/json; charset=utf-8
cache-control: no-cache
content-length: 88

17:24:18.680 [AsyncHttpClient-1-5] DEBUG org.asynchttpclient.netty.channel.ChannelManager - Adding key: http://localhost:50867 for channel [id: 0xfe5e5066, L:/127.0.0.1:60048 - R:localhost/127.0.0.1:50867]
17:24:18.686 [Forwarding isElementDisplayed on session 77e18f2ed4b36170a420401ca0af872d to remote] DEBUG org.asynchttpclient.netty.request.NettyRequestSender - Using pooled Channel '[id: 0xfe5e5066, L:/127.0.0.1:60048 - R:localhost/127.0.0.1:50867]' for 'POST' to 'http://localhost:50867/session/77e18f2ed4b36170a420401ca0af872d/execute/sync'
17:24:18.686 [Forwarding isElementDisplayed on session 77e18f2ed4b36170a420401ca0af872d to remote] DEBUG org.asynchttpclient.netty.request.NettyRequestSender - Using open Channel [id: 0xfe5e5066, L:/127.0.0.1:60048 - R:localhost/127.0.0.1:50867] for POST '/session/77e18f2ed4b36170a420401ca0af872d/execute/sync'
17:24:18.711 [AsyncHttpClient-1-5] DEBUG org.asynchttpclient.netty.handler.HttpHandler - 

Request DefaultHttpRequest(decodeResult: success, version: HTTP/1.1)
POST /session/77e18f2ed4b36170a420401ca0af872d/execute/sync HTTP/1.1
User-Agent: selenium/4.1.2 (java windows)
Content-Length: 48780
Content-Type: application/json; charset=utf-8
host: localhost:50867
accept: */*

Response DefaultHttpResponse(decodeResult: success, version: HTTP/1.1)
HTTP/1.1 200 OK
Content-Type: application/json; charset=utf-8
cache-control: no-cache
content-length: 14

17:24:18.711 [AsyncHttpClient-1-5] DEBUG org.asynchttpclient.netty.channel.ChannelManager - Adding key: http://localhost:50867 for channel [id: 0xfe5e5066, L:/127.0.0.1:60048 - R:localhost/127.0.0.1:50867]
  &amp#27;[32mThen &amp#27;[0m&amp#27;[32mI redirected to patient page&amp#27;[0m                                 &amp#27;[90m# starter.stepdefinitions.PatientSteps.iRedirectedToPatientPage()&amp#27;[0m
17:24:18.720 [Forwarding screenshot on session 77e18f2ed4b36170a420401ca0af872d to remote] DEBUG org.asynchttpclient.netty.request.NettyRequestSender - Using pooled Channel '[id: 0xfe5e5066, L:/127.0.0.1:60048 - R:localhost/127.0.0.1:50867]' for 'GET' to 'http://localhost:50867/session/77e18f2ed4b36170a420401ca0af872d/screenshot'
17:24:18.724 [Forwarding screenshot on session 77e18f2ed4b36170a420401ca0af872d to remote] DEBUG org.asynchttpclient.netty.request.NettyRequestSender - Using open Channel [id: 0xfe5e5066, L:/127.0.0.1:60048 - R:localhost/127.0.0.1:50867] for GET '/session/77e18f2ed4b36170a420401ca0af872d/screenshot'
17:24:18.855 [AsyncHttpClient-1-5] DEBUG org.asynchttpclient.netty.handler.HttpHandler - 

Request DefaultFullHttpRequest(decodeResult: success, version: HTTP/1.1, content: EmptyByteBufBE)
GET /session/77e18f2ed4b36170a420401ca0af872d/screenshot HTTP/1.1
User-Agent: selenium/4.1.2 (java windows)
Cache-Control: no-cache
Content-Type: application/json; charset=utf-8
host: localhost:50867
accept: */*

Response DefaultHttpResponse(decodeResult: success, version: HTTP/1.1)
HTTP/1.1 200 OK
Content-Type: application/json; charset=utf-8
cache-control: no-cache
content-length: 66984

17:24:18.856 [AsyncHttpClient-1-5] DEBUG org.asynchttpclient.netty.channel.ChannelManager - Adding key: http://localhost:50867 for channel [id: 0xfe5e5066, L:/127.0.0.1:60048 - R:localhost/127.0.0.1:50867]
17:24:18.862 [main] DEBUG net.serenitybdd.core.photography.Darkroom - Send negative for processing for target\site\serenity\decfa4ac2ccd197d8f92fb388731eafef05584f24825728887333ee5fb38cca8.png
17:24:18.863 [Darkroom Processing Line] DEBUG net.serenitybdd.core.photography.DarkroomProcessingLine - Processing screenshot image in /var/screenshots/screenshot-7630721140657747370
17:24:18.863 [Darkroom Processing Line] DEBUG net.serenitybdd.core.photography.DarkroomProcessingLine - Saving screenshot to target\site\serenity\decfa4ac2ccd197d8f92fb388731eafef05584f24825728887333ee5fb38cca8.png
17:24:18.864 [main] INFO  - 
  _____   ___   ___   _____     ___     _     ___   ___   ___   ___  
 |_   _| | __| / __| |_   _|   | _ \   /_\   / __| / __| | __| |   \ 
   | |   | _|  \__ \   | |     |  _/  / _ \  \__ \ \__ \ | _|  | |) |
   |_|   |___| |___/   |_|     |_|   /_/ \_\ |___/ |___/ |___| |___/ 

Create New Appointment With Unregistered Patient Scenario
----------------------------------------------------------------------
17:24:18.868 [AsyncHttpClient-1-7] DEBUG org.asynchttpclient.netty.handler.WebSocketHandler - Channel Closed: [id: 0x4202923f, L:/127.0.0.1:60056 ! R:localhost/127.0.0.1:60049] with attribute NettyResponseFuture{currentRetry=5,
	isDone=1,
	isCancelled=0,
	asyncHandler=org.asynchttpclient.ws.WebSocketUpgradeHandler@101b8109,
	nettyRequest=org.asynchttpclient.netty.request.NettyRequest@55190d6e,
	future=java.util.concurrent.CompletableFuture@502c9596[Completed normally],
	uri=ws://localhost:60049/devtools/browser/6d28539b-c233-49fb-9d4c-736272118c64,
	keepAlive=true,
	redirectCount=0,
	timeoutsHolder=null,
	inAuth=0,
	touch=1655375036976}
17:24:18.868 [AsyncHttpClient-1-7] DEBUG org.asynchttpclient.netty.channel.ChannelManager - Closing Channel [id: 0x4202923f, L:/127.0.0.1:60056 ! R:localhost/127.0.0.1:60049] 
17:24:18.870 [Driver Command Executor] DEBUG org.asynchttpclient.netty.request.NettyRequestSender - Using pooled Channel '[id: 0xfe5e5066, L:/127.0.0.1:60048 - R:localhost/127.0.0.1:50867]' for 'DELETE' to 'http://localhost:50867/session/77e18f2ed4b36170a420401ca0af872d'
17:24:18.870 [Driver Command Executor] DEBUG org.asynchttpclient.netty.request.NettyRequestSender - Using open Channel [id: 0xfe5e5066, L:/127.0.0.1:60048 - R:localhost/127.0.0.1:50867] for DELETE '/session/77e18f2ed4b36170a420401ca0af872d'
17:24:19.142 [AsyncHttpClient-1-1] DEBUG org.asynchttpclient.netty.channel.DefaultChannelPool - Entry count for : http://localhost:60049 : 1
17:24:19.742 [AsyncHttpClient-1-6] DEBUG org.asynchttpclient.netty.handler.HttpHandler - Unexpected I/O exception on channel [id: 0xc4ab5690, L:/127.0.0.1:60055 - R:localhost/127.0.0.1:60049]
java.net.SocketException: Connection reset
	at java.base/sun.nio.ch.SocketChannelImpl.throwConnectionReset(SocketChannelImpl.java:367)
	at java.base/sun.nio.ch.SocketChannelImpl.read(SocketChannelImpl.java:398)
	at io.netty.buffer.PooledByteBuf.setBytes(PooledByteBuf.java:258)
	at io.netty.buffer.AbstractByteBuf.writeBytes(AbstractByteBuf.java:1132)
	at io.netty.channel.socket.nio.NioSocketChannel.doReadBytes(NioSocketChannel.java:350)
	at io.netty.channel.nio.AbstractNioByteChannel$NioByteUnsafe.read(AbstractNioByteChannel.java:151)
	at io.netty.channel.nio.NioEventLoop.processSelectedKey(NioEventLoop.java:722)
	at io.netty.channel.nio.NioEventLoop.processSelectedKeysOptimized(NioEventLoop.java:658)
	at io.netty.channel.nio.NioEventLoop.processSelectedKeys(NioEventLoop.java:584)
	at io.netty.channel.nio.NioEventLoop.run(NioEventLoop.java:496)
	at io.netty.util.concurrent.SingleThreadEventExecutor$4.run(SingleThreadEventExecutor.java:986)
	at io.netty.util.internal.ThreadExecutorMap$2.run(ThreadExecutorMap.java:74)
	at io.netty.util.concurrent.FastThreadLocalRunnable.run(FastThreadLocalRunnable.java:30)
	at java.base/java.lang.Thread.run(Thread.java:832)
17:24:19.743 [AsyncHttpClient-1-6] DEBUG org.asynchttpclient.netty.channel.ChannelManager - Closing Channel [id: 0xc4ab5690, L:/127.0.0.1:60055 - R:localhost/127.0.0.1:60049] 
17:24:19.743 [AsyncHttpClient-1-6] DEBUG org.asynchttpclient.netty.handler.HttpHandler - Channel Closed: [id: 0xc4ab5690, L:/127.0.0.1:60055 ! R:localhost/127.0.0.1:60049] with attribute DISCARD
17:24:19.761 [AsyncHttpClient-1-5] DEBUG org.asynchttpclient.netty.handler.HttpHandler - 

Request DefaultFullHttpRequest(decodeResult: success, version: HTTP/1.1, content: EmptyByteBufBE)
DELETE /session/77e18f2ed4b36170a420401ca0af872d HTTP/1.1
User-Agent: selenium/4.1.2 (java windows)
Content-Type: application/json; charset=utf-8
host: localhost:50867
accept: */*

Response DefaultHttpResponse(decodeResult: success, version: HTTP/1.1)
HTTP/1.1 200 OK
Content-Type: application/json; charset=utf-8
cache-control: no-cache
content-length: 14

17:24:19.761 [AsyncHttpClient-1-5] DEBUG org.asynchttpclient.netty.channel.ChannelManager - Adding key: http://localhost:50867 for channel [id: 0xfe5e5066, L:/127.0.0.1:60048 - R:localhost/127.0.0.1:50867]
17:24:19.933 [AsyncHttpClient-1-5] DEBUG org.asynchttpclient.netty.handler.HttpHandler - Channel Closed: [id: 0xfe5e5066, L:/127.0.0.1:60048 ! R:localhost/127.0.0.1:50867] with attribute DISCARD
17:24:20.243 [AsyncHttpClient-1-1] DEBUG org.asynchttpclient.netty.channel.DefaultChannelPool - Entry count for : http://localhost:50867 : 1
17:24:20.243 [AsyncHttpClient-1-1] DEBUG org.asynchttpclient.netty.channel.DefaultChannelPool - Entry count for : http://localhost:60049 : 1
17:24:20.243 [AsyncHttpClient-1-1] DEBUG org.asynchttpclient.netty.channel.DefaultChannelPool - Adding Candidate expired Channel [id: 0xfe5e5066, L:/127.0.0.1:60048 ! R:localhost/127.0.0.1:50867] isIdleTimeoutExpired=false isRemotelyClosed=true isTtlExpired=false
17:24:20.243 [AsyncHttpClient-1-1] DEBUG org.asynchttpclient.netty.channel.DefaultChannelPool - Closing Idle Channel [id: 0xfe5e5066, L:/127.0.0.1:60048 ! R:localhost/127.0.0.1:50867]
17:24:20.243 [AsyncHttpClient-1-1] DEBUG org.asynchttpclient.netty.channel.DefaultChannelPool - Adding Candidate expired Channel [id: 0xc4ab5690, L:/127.0.0.1:60055 ! R:localhost/127.0.0.1:60049] isIdleTimeoutExpired=false isRemotelyClosed=true isTtlExpired=false
17:24:20.243 [AsyncHttpClient-1-1] DEBUG org.asynchttpclient.netty.channel.DefaultChannelPool - Closing Idle Channel [id: 0xc4ab5690, L:/127.0.0.1:60055 ! R:localhost/127.0.0.1:60049]
17:24:20.243 [AsyncHttpClient-1-1] DEBUG org.asynchttpclient.netty.channel.DefaultChannelPool - Closed 2 connections out of 2 in 0 ms
]]></system-out>
    <system-err><![CDATA[Starting ChromeDriver 102.0.5005.61 (0e59bcc00cc4985ce39ad31c150065f159d95ad3-refs/branch-heads/5005@{#819}) on port 50867
Only local connections are allowed.
Please see https://chromedriver.chromium.org/security-considerations for suggestions on keeping ChromeDriver safe.
ChromeDriver was started successfully.
Jun 16, 2022 5:23:56 PM org.openqa.selenium.remote.ProtocolHandshake createSession
INFO: Detected dialect: W3C
Jun 16, 2022 5:23:56 PM org.openqa.selenium.devtools.CdpVersionFinder findNearestMatch
WARNING: Unable to find an exact match for CDP version 102, so returning the closest version found: a no-op implementation
Jun 16, 2022 5:23:56 PM org.openqa.selenium.devtools.CdpVersionFinder findNearestMatch
INFO: Unable to find CDP implementation matching 102.
Jun 16, 2022 5:23:56 PM org.openqa.selenium.chromium.ChromiumDriver lambda$new$3
WARNING: Unable to find version of CDP to use for . You may need to include a dependency on a specific version of the CDP using something similar to `org.seleniumhq.selenium:selenium-devtools-v86:4.1.2` where the version ("v86") matches the version of the chromium-based browser you're using and the version number of the artifact is the same as Selenium's.
]]></system-err>
  </testcase>
  <testcase name="Cancel Create New Appointment Scenario" classname="Appointment" time="20.258">
    <system-out><![CDATA[
@Appointment
Scenario: Cancel Create New Appointment Scenario &amp#27;[90m# src/test/resources/features/1.Appointment.feature:23&amp#27;[0m
17:24:20.490 [main] INFO io.cucumber.core.plugin.SerenityReporter - Running feature from file:///E:/My%20Documents/File%20Difa/TI%20Semester%206%20Kampus%20Merdeka%20Alterra/Tugas/CAPSTONE%20Project/Capstone-Project-Website/src/test/resources/features/1.Appointment.feature
17:24:20.498 [main] INFO  - 
  _____   ___   ___   _____     ___   _____     _     ___   _____   ___   ___  
 |_   _| | __| / __| |_   _|   / __| |_   _|   /_\   | _ \ |_   _| | __| |   \ 
   | |   | _|  \__ \   | |     \__ \   | |    / _ \  |   /   | |   | _|  | |) |
   |_|   |___| |___/   |_|     |___/   |_|   /_/ \_\ |_|_\   |_|   |___| |___/ 

Cancel Create New Appointment Scenario(appointment;cancel-create-new-appointment-scenario)
--------------------------------------------------------------------------------
17:24:20.537 [main] DEBUG net.thucydides.core.steps.StepInterceptor - STARTING STEP: DashboardSteps.iAmOnTheDashboardPage - openUrl
17:24:20.540 [main] INFO net.serenitybdd.core.webdriver.driverproviders.ChromeDriverProvider - Using automatically driver download
17:24:21.090 [main] DEBUG io.github.bonigarcia.wdm.cache.ResolutionCache - Resolution chrome=102 in cache (valid until 18:07:22 16/06/2022 ICT)
17:24:21.098 [main] DEBUG io.github.bonigarcia.wdm.cache.ResolutionCache - Resolution chrome102=102.0.5005.61 in cache (valid until 15:56:01 17/06/2022 ICT)
17:24:21.101 [main] INFO io.github.bonigarcia.wdm.WebDriverManager - Using chromedriver 102.0.5005.61 (resolved driver for Chrome 102)
17:24:21.122 [main] DEBUG io.github.bonigarcia.wdm.WebDriverManager - Driver chromedriver 102.0.5005.61 found in cache
17:24:21.123 [main] INFO io.github.bonigarcia.wdm.WebDriverManager - Exporting webdriver.chrome.driver as C:\Users\USER\.cache\selenium\chromedriver\win32\102.0.5005.61\chromedriver.exe
17:24:21.298 [main] DEBUG net.serenitybdd.core.webdriver.driverproviders.ProvideNewDriver - Instantiating driver
17:24:21.298 [main] DEBUG net.serenitybdd.core.webdriver.driverproviders.ProvideNewDriver - Driver capabilities: Capabilities {acceptInsecureCerts: false, base.url: https://hospital-management..., browserName: chrome, chrome.driver: src/test/resources/webdrive..., driver: chrome, goog:chromeOptions: {args: [], extensions: []}}
17:24:22.348 [AsyncHttpClient-1-8] DEBUG org.asynchttpclient.netty.channel.NettyConnectListener - Using new Channel '[id: 0x68358ee2, L:/127.0.0.1:60077 - R:localhost/127.0.0.1:63137]' for 'POST' to '/session'
17:24:24.855 [AsyncHttpClient-1-8] DEBUG org.asynchttpclient.netty.handler.HttpHandler - 

Request DefaultHttpRequest(decodeResult: success, version: HTTP/1.1)
POST /session HTTP/1.1
User-Agent: selenium/4.1.2 (java windows)
Content-Length: 621
Content-Type: application/json; charset=utf-8
host: localhost:63137
accept: */*

Response DefaultHttpResponse(decodeResult: success, version: HTTP/1.1)
HTTP/1.1 200 OK
Content-Type: application/json; charset=utf-8
cache-control: no-cache
content-length: 789

17:24:24.855 [AsyncHttpClient-1-8] DEBUG org.asynchttpclient.netty.channel.ChannelManager - Adding key: http://localhost:63137 for channel [id: 0x68358ee2, L:/127.0.0.1:60077 - R:localhost/127.0.0.1:63137]
17:24:24.881 [AsyncHttpClient-1-9] DEBUG org.asynchttpclient.netty.channel.NettyConnectListener - Using new Channel '[id: 0x4a7ad7e1, L:/127.0.0.1:60083 - R:localhost/127.0.0.1:60078]' for 'GET' to '/json/version'
17:24:24.895 [AsyncHttpClient-1-9] DEBUG org.asynchttpclient.netty.handler.HttpHandler - 

Request DefaultFullHttpRequest(decodeResult: success, version: HTTP/1.1, content: EmptyByteBufBE)
GET /json/version HTTP/1.1
User-Agent: selenium/4.1.2 (java windows)
host: localhost:60078
accept: */*

Response DefaultHttpResponse(decodeResult: success, version: HTTP/1.1)
HTTP/1.1 200 OK
Content-Type: application/json; charset=UTF-8
content-length: 427

17:24:24.896 [AsyncHttpClient-1-9] DEBUG org.asynchttpclient.netty.channel.ChannelManager - Adding key: http://localhost:60078 for channel [id: 0x4a7ad7e1, L:/127.0.0.1:60083 - R:localhost/127.0.0.1:60078]
17:24:24.899 [AsyncHttpClient-1-2] DEBUG org.asynchttpclient.netty.channel.NettyConnectListener - Using new Channel '[id: 0x0799fe25, L:/127.0.0.1:60084 - R:localhost/127.0.0.1:60078]' for 'GET' to '/devtools/browser/229feab6-e87a-4860-af74-61b7a61d3d72'
17:24:24.901 [AsyncHttpClient-1-2] DEBUG org.asynchttpclient.netty.handler.WebSocketHandler - 

Request DefaultFullHttpRequest(decodeResult: success, version: HTTP/1.1, content: EmptyByteBufBE)
GET /devtools/browser/229feab6-e87a-4860-af74-61b7a61d3d72 HTTP/1.1
upgrade: websocket
connection: upgrade
sec-websocket-key: Orq7GbHKL5QUuZZUgPIAFw==
sec-websocket-version: 13
origin: http://localhost:60078
host: localhost:60078
accept: */*
user-agent: AHC/2.1

Response DefaultHttpResponse(decodeResult: success, version: HTTP/1.1)
HTTP/1.1 101 WebSocket Protocol Handshake
Upgrade: WebSocket
Connection: Upgrade
Sec-WebSocket-Accept: OgHmoniSUc5N+7zlYBjqlzyU3RQ=

17:24:24.911 [Forwarding maximizeCurrentWindow on session 651ff4951b5d87c03411b696ee8a910d to remote] DEBUG org.asynchttpclient.netty.request.NettyRequestSender - Using pooled Channel '[id: 0x68358ee2, L:/127.0.0.1:60077 - R:localhost/127.0.0.1:63137]' for 'POST' to 'http://localhost:63137/session/651ff4951b5d87c03411b696ee8a910d/window/maximize'
17:24:24.911 [Forwarding maximizeCurrentWindow on session 651ff4951b5d87c03411b696ee8a910d to remote] DEBUG org.asynchttpclient.netty.request.NettyRequestSender - Using open Channel [id: 0x68358ee2, L:/127.0.0.1:60077 - R:localhost/127.0.0.1:63137] for POST '/session/651ff4951b5d87c03411b696ee8a910d/window/maximize'
17:24:25.027 [AsyncHttpClient-1-8] DEBUG org.asynchttpclient.netty.handler.HttpHandler - 

Request DefaultHttpRequest(decodeResult: success, version: HTTP/1.1)
POST /session/651ff4951b5d87c03411b696ee8a910d/window/maximize HTTP/1.1
User-Agent: selenium/4.1.2 (java windows)
Content-Length: 3
Content-Type: application/json; charset=utf-8
host: localhost:63137
accept: */*

Response DefaultHttpResponse(decodeResult: success, version: HTTP/1.1)
HTTP/1.1 200 OK
Content-Type: application/json; charset=utf-8
cache-control: no-cache
content-length: 51

17:24:25.027 [AsyncHttpClient-1-8] DEBUG org.asynchttpclient.netty.channel.ChannelManager - Adding key: http://localhost:63137 for channel [id: 0x68358ee2, L:/127.0.0.1:60077 - R:localhost/127.0.0.1:63137]
17:24:25.029 [Forwarding get on session 651ff4951b5d87c03411b696ee8a910d to remote] DEBUG org.asynchttpclient.netty.request.NettyRequestSender - Using pooled Channel '[id: 0x68358ee2, L:/127.0.0.1:60077 - R:localhost/127.0.0.1:63137]' for 'POST' to 'http://localhost:63137/session/651ff4951b5d87c03411b696ee8a910d/url'
17:24:25.029 [Forwarding get on session 651ff4951b5d87c03411b696ee8a910d to remote] DEBUG org.asynchttpclient.netty.request.NettyRequestSender - Using open Channel [id: 0x68358ee2, L:/127.0.0.1:60077 - R:localhost/127.0.0.1:63137] for POST '/session/651ff4951b5d87c03411b696ee8a910d/url'
17:24:25.742 [AsyncHttpClient-1-1] DEBUG org.asynchttpclient.netty.channel.DefaultChannelPool - Entry count for : http://localhost:60078 : 1
17:24:26.842 [AsyncHttpClient-1-1] DEBUG org.asynchttpclient.netty.channel.DefaultChannelPool - Entry count for : http://localhost:60078 : 1
17:24:27.941 [AsyncHttpClient-1-1] DEBUG org.asynchttpclient.netty.channel.DefaultChannelPool - Entry count for : http://localhost:60078 : 1
17:24:29.041 [AsyncHttpClient-1-1] DEBUG org.asynchttpclient.netty.channel.DefaultChannelPool - Entry count for : http://localhost:60078 : 1
17:24:30.143 [AsyncHttpClient-1-1] DEBUG org.asynchttpclient.netty.channel.DefaultChannelPool - Entry count for : http://localhost:60078 : 1
17:24:31.243 [AsyncHttpClient-1-1] DEBUG org.asynchttpclient.netty.channel.DefaultChannelPool - Entry count for : http://localhost:60078 : 1
17:24:31.858 [AsyncHttpClient-1-8] DEBUG org.asynchttpclient.netty.handler.HttpHandler - 

Request DefaultHttpRequest(decodeResult: success, version: HTTP/1.1)
POST /session/651ff4951b5d87c03411b696ee8a910d/url HTTP/1.1
User-Agent: selenium/4.1.2 (java windows)
Content-Length: 65
Content-Type: application/json; charset=utf-8
host: localhost:63137
accept: */*

Response DefaultHttpResponse(decodeResult: success, version: HTTP/1.1)
HTTP/1.1 200 OK
Content-Type: application/json; charset=utf-8
cache-control: no-cache
content-length: 14

17:24:31.859 [AsyncHttpClient-1-8] DEBUG org.asynchttpclient.netty.channel.ChannelManager - Adding key: http://localhost:63137 for channel [id: 0x68358ee2, L:/127.0.0.1:60077 - R:localhost/127.0.0.1:63137]
17:24:31.864 [Forwarding setTimeout on session 651ff4951b5d87c03411b696ee8a910d to remote] DEBUG org.asynchttpclient.netty.request.NettyRequestSender - Using pooled Channel '[id: 0x68358ee2, L:/127.0.0.1:60077 - R:localhost/127.0.0.1:63137]' for 'POST' to 'http://localhost:63137/session/651ff4951b5d87c03411b696ee8a910d/timeouts'
17:24:31.864 [Forwarding setTimeout on session 651ff4951b5d87c03411b696ee8a910d to remote] DEBUG org.asynchttpclient.netty.request.NettyRequestSender - Using open Channel [id: 0x68358ee2, L:/127.0.0.1:60077 - R:localhost/127.0.0.1:63137] for POST '/session/651ff4951b5d87c03411b696ee8a910d/timeouts'
17:24:31.867 [AsyncHttpClient-1-8] DEBUG org.asynchttpclient.netty.handler.HttpHandler - 

Request DefaultHttpRequest(decodeResult: success, version: HTTP/1.1)
POST /session/651ff4951b5d87c03411b696ee8a910d/timeouts HTTP/1.1
User-Agent: selenium/4.1.2 (java windows)
Content-Length: 22
Content-Type: application/json; charset=utf-8
host: localhost:63137
accept: */*

Response DefaultHttpResponse(decodeResult: success, version: HTTP/1.1)
HTTP/1.1 200 OK
Content-Type: application/json; charset=utf-8
cache-control: no-cache
content-length: 14

17:24:31.867 [AsyncHttpClient-1-8] DEBUG org.asynchttpclient.netty.channel.ChannelManager - Adding key: http://localhost:63137 for channel [id: 0x68358ee2, L:/127.0.0.1:60077 - R:localhost/127.0.0.1:63137]
17:24:31.875 [Forwarding getCurrentUrl on session 651ff4951b5d87c03411b696ee8a910d to remote] DEBUG org.asynchttpclient.netty.request.NettyRequestSender - Using pooled Channel '[id: 0x68358ee2, L:/127.0.0.1:60077 - R:localhost/127.0.0.1:63137]' for 'GET' to 'http://localhost:63137/session/651ff4951b5d87c03411b696ee8a910d/url'
17:24:31.875 [Forwarding getCurrentUrl on session 651ff4951b5d87c03411b696ee8a910d to remote] DEBUG org.asynchttpclient.netty.request.NettyRequestSender - Using open Channel [id: 0x68358ee2, L:/127.0.0.1:60077 - R:localhost/127.0.0.1:63137] for GET '/session/651ff4951b5d87c03411b696ee8a910d/url'
17:24:31.948 [AsyncHttpClient-1-8] DEBUG org.asynchttpclient.netty.handler.HttpHandler - 

Request DefaultFullHttpRequest(decodeResult: success, version: HTTP/1.1, content: EmptyByteBufBE)
GET /session/651ff4951b5d87c03411b696ee8a910d/url HTTP/1.1
User-Agent: selenium/4.1.2 (java windows)
Cache-Control: no-cache
Content-Type: application/json; charset=utf-8
host: localhost:63137
accept: */*

Response DefaultHttpResponse(decodeResult: success, version: HTTP/1.1)
HTTP/1.1 200 OK
Content-Type: application/json; charset=utf-8
cache-control: no-cache
content-length: 53

17:24:31.949 [AsyncHttpClient-1-8] DEBUG org.asynchttpclient.netty.channel.ChannelManager - Adding key: http://localhost:63137 for channel [id: 0x68358ee2, L:/127.0.0.1:60077 - R:localhost/127.0.0.1:63137]
17:24:31.956 [Forwarding getCurrentUrl on session 651ff4951b5d87c03411b696ee8a910d to remote] DEBUG org.asynchttpclient.netty.request.NettyRequestSender - Using pooled Channel '[id: 0x68358ee2, L:/127.0.0.1:60077 - R:localhost/127.0.0.1:63137]' for 'GET' to 'http://localhost:63137/session/651ff4951b5d87c03411b696ee8a910d/url'
17:24:31.956 [Forwarding getCurrentUrl on session 651ff4951b5d87c03411b696ee8a910d to remote] DEBUG org.asynchttpclient.netty.request.NettyRequestSender - Using open Channel [id: 0x68358ee2, L:/127.0.0.1:60077 - R:localhost/127.0.0.1:63137] for GET '/session/651ff4951b5d87c03411b696ee8a910d/url'
17:24:31.960 [AsyncHttpClient-1-8] DEBUG org.asynchttpclient.netty.handler.HttpHandler - 

Request DefaultFullHttpRequest(decodeResult: success, version: HTTP/1.1, content: EmptyByteBufBE)
GET /session/651ff4951b5d87c03411b696ee8a910d/url HTTP/1.1
User-Agent: selenium/4.1.2 (java windows)
Cache-Control: no-cache
Content-Type: application/json; charset=utf-8
host: localhost:63137
accept: */*

Response DefaultHttpResponse(decodeResult: success, version: HTTP/1.1)
HTTP/1.1 200 OK
Content-Type: application/json; charset=utf-8
cache-control: no-cache
content-length: 53

17:24:31.960 [AsyncHttpClient-1-8] DEBUG org.asynchttpclient.netty.channel.ChannelManager - Adding key: http://localhost:63137 for channel [id: 0x68358ee2, L:/127.0.0.1:60077 - R:localhost/127.0.0.1:63137]
17:24:31.967 [Forwarding screenshot on session 651ff4951b5d87c03411b696ee8a910d to remote] DEBUG org.asynchttpclient.netty.request.NettyRequestSender - Using pooled Channel '[id: 0x68358ee2, L:/127.0.0.1:60077 - R:localhost/127.0.0.1:63137]' for 'GET' to 'http://localhost:63137/session/651ff4951b5d87c03411b696ee8a910d/screenshot'
17:24:31.967 [Forwarding screenshot on session 651ff4951b5d87c03411b696ee8a910d to remote] DEBUG org.asynchttpclient.netty.request.NettyRequestSender - Using open Channel [id: 0x68358ee2, L:/127.0.0.1:60077 - R:localhost/127.0.0.1:63137] for GET '/session/651ff4951b5d87c03411b696ee8a910d/screenshot'
17:24:32.342 [AsyncHttpClient-1-1] DEBUG org.asynchttpclient.netty.channel.DefaultChannelPool - Entry count for : http://localhost:60078 : 1
17:24:32.410 [AsyncHttpClient-1-8] DEBUG org.asynchttpclient.netty.handler.HttpHandler - 

Request DefaultFullHttpRequest(decodeResult: success, version: HTTP/1.1, content: EmptyByteBufBE)
GET /session/651ff4951b5d87c03411b696ee8a910d/screenshot HTTP/1.1
User-Agent: selenium/4.1.2 (java windows)
Cache-Control: no-cache
Content-Type: application/json; charset=utf-8
host: localhost:63137
accept: */*

Response DefaultHttpResponse(decodeResult: success, version: HTTP/1.1)
HTTP/1.1 200 OK
Content-Type: application/json; charset=utf-8
cache-control: no-cache
content-length: 307308

17:24:32.415 [AsyncHttpClient-1-8] DEBUG org.asynchttpclient.netty.channel.ChannelManager - Adding key: http://localhost:63137 for channel [id: 0x68358ee2, L:/127.0.0.1:60077 - R:localhost/127.0.0.1:63137]
17:24:32.437 [main] DEBUG net.serenitybdd.core.photography.Darkroom - Send negative for processing for target\site\serenity\ae55fd86eb338e8caecbc45d9ca256bb37104f60db60220ac595dd090025f588.png
17:24:32.438 [main] DEBUG net.thucydides.core.steps.StepInterceptor - STEP DONE: openUrl
17:24:32.438 [Darkroom Processing Line] DEBUG net.serenitybdd.core.photography.DarkroomProcessingLine - Processing screenshot image in /var/screenshots/screenshot-1009551669881709341
17:24:32.438 [Darkroom Processing Line] DEBUG net.serenitybdd.core.photography.DarkroomProcessingLine - Saving screenshot to target\site\serenity\ae55fd86eb338e8caecbc45d9ca256bb37104f60db60220ac595dd090025f588.png
17:24:32.449 [main] DEBUG net.thucydides.core.steps.StepInterceptor - STARTING STEP: DashboardSteps.iAmOnTheDashboardPage - validateOnDashboardPage
17:24:32.452 [Forwarding findElement on session 651ff4951b5d87c03411b696ee8a910d to remote] DEBUG org.asynchttpclient.netty.request.NettyRequestSender - Using pooled Channel '[id: 0x68358ee2, L:/127.0.0.1:60077 - R:localhost/127.0.0.1:63137]' for 'POST' to 'http://localhost:63137/session/651ff4951b5d87c03411b696ee8a910d/element'
17:24:32.452 [Forwarding findElement on session 651ff4951b5d87c03411b696ee8a910d to remote] DEBUG org.asynchttpclient.netty.request.NettyRequestSender - Using open Channel [id: 0x68358ee2, L:/127.0.0.1:60077 - R:localhost/127.0.0.1:63137] for POST '/session/651ff4951b5d87c03411b696ee8a910d/element'
17:24:32.468 [AsyncHttpClient-1-8] DEBUG org.asynchttpclient.netty.handler.HttpHandler - 

Request DefaultHttpRequest(decodeResult: success, version: HTTP/1.1)
POST /session/651ff4951b5d87c03411b696ee8a910d/element HTTP/1.1
User-Agent: selenium/4.1.2 (java windows)
Content-Length: 81
Content-Type: application/json; charset=utf-8
host: localhost:63137
accept: */*

Response DefaultHttpResponse(decodeResult: success, version: HTTP/1.1)
HTTP/1.1 200 OK
Content-Type: application/json; charset=utf-8
cache-control: no-cache
content-length: 88

17:24:32.468 [AsyncHttpClient-1-8] DEBUG org.asynchttpclient.netty.channel.ChannelManager - Adding key: http://localhost:63137 for channel [id: 0x68358ee2, L:/127.0.0.1:60077 - R:localhost/127.0.0.1:63137]
17:24:32.475 [Forwarding isElementDisplayed on session 651ff4951b5d87c03411b696ee8a910d to remote] DEBUG org.asynchttpclient.netty.request.NettyRequestSender - Using pooled Channel '[id: 0x68358ee2, L:/127.0.0.1:60077 - R:localhost/127.0.0.1:63137]' for 'POST' to 'http://localhost:63137/session/651ff4951b5d87c03411b696ee8a910d/execute/sync'
17:24:32.475 [Forwarding isElementDisplayed on session 651ff4951b5d87c03411b696ee8a910d to remote] DEBUG org.asynchttpclient.netty.request.NettyRequestSender - Using open Channel [id: 0x68358ee2, L:/127.0.0.1:60077 - R:localhost/127.0.0.1:63137] for POST '/session/651ff4951b5d87c03411b696ee8a910d/execute/sync'
17:24:32.495 [AsyncHttpClient-1-8] DEBUG org.asynchttpclient.netty.handler.HttpHandler - 

Request DefaultHttpRequest(decodeResult: success, version: HTTP/1.1)
POST /session/651ff4951b5d87c03411b696ee8a910d/execute/sync HTTP/1.1
User-Agent: selenium/4.1.2 (java windows)
Content-Length: 48780
Content-Type: application/json; charset=utf-8
host: localhost:63137
accept: */*

Response DefaultHttpResponse(decodeResult: success, version: HTTP/1.1)
HTTP/1.1 200 OK
Content-Type: application/json; charset=utf-8
cache-control: no-cache
content-length: 14

17:24:32.496 [AsyncHttpClient-1-8] DEBUG org.asynchttpclient.netty.channel.ChannelManager - Adding key: http://localhost:63137 for channel [id: 0x68358ee2, L:/127.0.0.1:60077 - R:localhost/127.0.0.1:63137]
17:24:32.509 [Forwarding screenshot on session 651ff4951b5d87c03411b696ee8a910d to remote] DEBUG org.asynchttpclient.netty.request.NettyRequestSender - Using pooled Channel '[id: 0x68358ee2, L:/127.0.0.1:60077 - R:localhost/127.0.0.1:63137]' for 'GET' to 'http://localhost:63137/session/651ff4951b5d87c03411b696ee8a910d/screenshot'
17:24:32.509 [Forwarding screenshot on session 651ff4951b5d87c03411b696ee8a910d to remote] DEBUG org.asynchttpclient.netty.request.NettyRequestSender - Using open Channel [id: 0x68358ee2, L:/127.0.0.1:60077 - R:localhost/127.0.0.1:63137] for GET '/session/651ff4951b5d87c03411b696ee8a910d/screenshot'
17:24:32.760 [AsyncHttpClient-1-8] DEBUG org.asynchttpclient.netty.handler.HttpHandler - 

Request DefaultFullHttpRequest(decodeResult: success, version: HTTP/1.1, content: EmptyByteBufBE)
GET /session/651ff4951b5d87c03411b696ee8a910d/screenshot HTTP/1.1
User-Agent: selenium/4.1.2 (java windows)
Cache-Control: no-cache
Content-Type: application/json; charset=utf-8
host: localhost:63137
accept: */*

Response DefaultHttpResponse(decodeResult: success, version: HTTP/1.1)
HTTP/1.1 200 OK
Content-Type: application/json; charset=utf-8
cache-control: no-cache
content-length: 307308

17:24:32.763 [AsyncHttpClient-1-8] DEBUG org.asynchttpclient.netty.channel.ChannelManager - Adding key: http://localhost:63137 for channel [id: 0x68358ee2, L:/127.0.0.1:60077 - R:localhost/127.0.0.1:63137]
17:24:32.784 [main] DEBUG net.serenitybdd.core.photography.Darkroom - Send negative for processing for target\site\serenity\ae55fd86eb338e8caecbc45d9ca256bb37104f60db60220ac595dd090025f588.png
17:24:32.784 [main] DEBUG net.thucydides.core.steps.StepInterceptor - STEP DONE: validateOnDashboardPage
  &amp#27;[32mGiven &amp#27;[0m&amp#27;[32mI am on the dashboard page&amp#27;[0m               &amp#27;[90m# starter.stepdefinitions.DashboardSteps.iAmOnTheDashboardPage()&amp#27;[0m
17:24:32.830 [main] DEBUG net.thucydides.core.steps.StepInterceptor - STARTING STEP: AppointmentSteps.iClickMenuAppointment - clickMenuAppointmentButton
17:24:32.838 [Forwarding findElement on session 651ff4951b5d87c03411b696ee8a910d to remote] DEBUG org.asynchttpclient.netty.request.NettyRequestSender - Using pooled Channel '[id: 0x68358ee2, L:/127.0.0.1:60077 - R:localhost/127.0.0.1:63137]' for 'POST' to 'http://localhost:63137/session/651ff4951b5d87c03411b696ee8a910d/element'
17:24:32.838 [Forwarding findElement on session 651ff4951b5d87c03411b696ee8a910d to remote] DEBUG org.asynchttpclient.netty.request.NettyRequestSender - Using open Channel [id: 0x68358ee2, L:/127.0.0.1:60077 - R:localhost/127.0.0.1:63137] for POST '/session/651ff4951b5d87c03411b696ee8a910d/element'
17:24:32.970 [AsyncHttpClient-1-8] DEBUG org.asynchttpclient.netty.handler.HttpHandler - 

Request DefaultHttpRequest(decodeResult: success, version: HTTP/1.1)
POST /session/651ff4951b5d87c03411b696ee8a910d/element HTTP/1.1
User-Agent: selenium/4.1.2 (java windows)
Content-Length: 84
Content-Type: application/json; charset=utf-8
host: localhost:63137
accept: */*

Response DefaultHttpResponse(decodeResult: success, version: HTTP/1.1)
HTTP/1.1 200 OK
Content-Type: application/json; charset=utf-8
cache-control: no-cache
content-length: 88

17:24:32.971 [AsyncHttpClient-1-8] DEBUG org.asynchttpclient.netty.channel.ChannelManager - Adding key: http://localhost:63137 for channel [id: 0x68358ee2, L:/127.0.0.1:60077 - R:localhost/127.0.0.1:63137]
17:24:32.974 [Forwarding getElementTagName on session 651ff4951b5d87c03411b696ee8a910d to remote] DEBUG org.asynchttpclient.netty.request.NettyRequestSender - Using pooled Channel '[id: 0x68358ee2, L:/127.0.0.1:60077 - R:localhost/127.0.0.1:63137]' for 'GET' to 'http://localhost:63137/session/651ff4951b5d87c03411b696ee8a910d/element/673197e2-1ee3-445a-b55b-c145343bae92/name'
17:24:32.974 [Forwarding getElementTagName on session 651ff4951b5d87c03411b696ee8a910d to remote] DEBUG org.asynchttpclient.netty.request.NettyRequestSender - Using open Channel [id: 0x68358ee2, L:/127.0.0.1:60077 - R:localhost/127.0.0.1:63137] for GET '/session/651ff4951b5d87c03411b696ee8a910d/element/673197e2-1ee3-445a-b55b-c145343bae92/name'
17:24:32.980 [AsyncHttpClient-1-8] DEBUG org.asynchttpclient.netty.handler.HttpHandler - 

Request DefaultFullHttpRequest(decodeResult: success, version: HTTP/1.1, content: EmptyByteBufBE)
GET /session/651ff4951b5d87c03411b696ee8a910d/element/673197e2-1ee3-445a-b55b-c145343bae92/name HTTP/1.1
User-Agent: selenium/4.1.2 (java windows)
Cache-Control: no-cache
Content-Type: application/json; charset=utf-8
host: localhost:63137
accept: */*

Response DefaultHttpResponse(decodeResult: success, version: HTTP/1.1)
HTTP/1.1 200 OK
Content-Type: application/json; charset=utf-8
cache-control: no-cache
content-length: 15

17:24:32.981 [AsyncHttpClient-1-8] DEBUG org.asynchttpclient.netty.channel.ChannelManager - Adding key: http://localhost:63137 for channel [id: 0x68358ee2, L:/127.0.0.1:60077 - R:localhost/127.0.0.1:63137]
17:24:32.983 [Forwarding getElementTagName on session 651ff4951b5d87c03411b696ee8a910d to remote] DEBUG org.asynchttpclient.netty.request.NettyRequestSender - Using pooled Channel '[id: 0x68358ee2, L:/127.0.0.1:60077 - R:localhost/127.0.0.1:63137]' for 'GET' to 'http://localhost:63137/session/651ff4951b5d87c03411b696ee8a910d/element/673197e2-1ee3-445a-b55b-c145343bae92/name'
17:24:32.984 [Forwarding getElementTagName on session 651ff4951b5d87c03411b696ee8a910d to remote] DEBUG org.asynchttpclient.netty.request.NettyRequestSender - Using open Channel [id: 0x68358ee2, L:/127.0.0.1:60077 - R:localhost/127.0.0.1:63137] for GET '/session/651ff4951b5d87c03411b696ee8a910d/element/673197e2-1ee3-445a-b55b-c145343bae92/name'
17:24:32.988 [AsyncHttpClient-1-8] DEBUG org.asynchttpclient.netty.handler.HttpHandler - 

Request DefaultFullHttpRequest(decodeResult: success, version: HTTP/1.1, content: EmptyByteBufBE)
GET /session/651ff4951b5d87c03411b696ee8a910d/element/673197e2-1ee3-445a-b55b-c145343bae92/name HTTP/1.1
User-Agent: selenium/4.1.2 (java windows)
Cache-Control: no-cache
Content-Type: application/json; charset=utf-8
host: localhost:63137
accept: */*

Response DefaultHttpResponse(decodeResult: success, version: HTTP/1.1)
HTTP/1.1 200 OK
Content-Type: application/json; charset=utf-8
cache-control: no-cache
content-length: 15

17:24:32.988 [AsyncHttpClient-1-8] DEBUG org.asynchttpclient.netty.channel.ChannelManager - Adding key: http://localhost:63137 for channel [id: 0x68358ee2, L:/127.0.0.1:60077 - R:localhost/127.0.0.1:63137]
17:24:32.993 [Forwarding findElement on session 651ff4951b5d87c03411b696ee8a910d to remote] DEBUG org.asynchttpclient.netty.request.NettyRequestSender - Using pooled Channel '[id: 0x68358ee2, L:/127.0.0.1:60077 - R:localhost/127.0.0.1:63137]' for 'POST' to 'http://localhost:63137/session/651ff4951b5d87c03411b696ee8a910d/element'
17:24:32.993 [Forwarding findElement on session 651ff4951b5d87c03411b696ee8a910d to remote] DEBUG org.asynchttpclient.netty.request.NettyRequestSender - Using open Channel [id: 0x68358ee2, L:/127.0.0.1:60077 - R:localhost/127.0.0.1:63137] for POST '/session/651ff4951b5d87c03411b696ee8a910d/element'
17:24:33.003 [AsyncHttpClient-1-8] DEBUG org.asynchttpclient.netty.handler.HttpHandler - 

Request DefaultHttpRequest(decodeResult: success, version: HTTP/1.1)
POST /session/651ff4951b5d87c03411b696ee8a910d/element HTTP/1.1
User-Agent: selenium/4.1.2 (java windows)
Content-Length: 84
Content-Type: application/json; charset=utf-8
host: localhost:63137
accept: */*

Response DefaultHttpResponse(decodeResult: success, version: HTTP/1.1)
HTTP/1.1 200 OK
Content-Type: application/json; charset=utf-8
cache-control: no-cache
content-length: 88

17:24:33.003 [AsyncHttpClient-1-8] DEBUG org.asynchttpclient.netty.channel.ChannelManager - Adding key: http://localhost:63137 for channel [id: 0x68358ee2, L:/127.0.0.1:60077 - R:localhost/127.0.0.1:63137]
17:24:33.006 [Forwarding clickElement on session 651ff4951b5d87c03411b696ee8a910d to remote] DEBUG org.asynchttpclient.netty.request.NettyRequestSender - Using pooled Channel '[id: 0x68358ee2, L:/127.0.0.1:60077 - R:localhost/127.0.0.1:63137]' for 'POST' to 'http://localhost:63137/session/651ff4951b5d87c03411b696ee8a910d/element/673197e2-1ee3-445a-b55b-c145343bae92/click'
17:24:33.006 [Forwarding clickElement on session 651ff4951b5d87c03411b696ee8a910d to remote] DEBUG org.asynchttpclient.netty.request.NettyRequestSender - Using open Channel [id: 0x68358ee2, L:/127.0.0.1:60077 - R:localhost/127.0.0.1:63137] for POST '/session/651ff4951b5d87c03411b696ee8a910d/element/673197e2-1ee3-445a-b55b-c145343bae92/click'
17:24:33.445 [AsyncHttpClient-1-1] DEBUG org.asynchttpclient.netty.channel.DefaultChannelPool - Entry count for : http://localhost:60078 : 1
17:24:34.542 [AsyncHttpClient-1-1] DEBUG org.asynchttpclient.netty.channel.DefaultChannelPool - Entry count for : http://localhost:60078 : 1
17:24:35.264 [AsyncHttpClient-1-8] DEBUG org.asynchttpclient.netty.handler.HttpHandler - 

Request DefaultHttpRequest(decodeResult: success, version: HTTP/1.1)
POST /session/651ff4951b5d87c03411b696ee8a910d/element/673197e2-1ee3-445a-b55b-c145343bae92/click HTTP/1.1
User-Agent: selenium/4.1.2 (java windows)
Content-Length: 50
Content-Type: application/json; charset=utf-8
host: localhost:63137
accept: */*

Response DefaultHttpResponse(decodeResult: success, version: HTTP/1.1)
HTTP/1.1 200 OK
Content-Type: application/json; charset=utf-8
cache-control: no-cache
content-length: 14

17:24:35.265 [AsyncHttpClient-1-8] DEBUG org.asynchttpclient.netty.channel.ChannelManager - Adding key: http://localhost:63137 for channel [id: 0x68358ee2, L:/127.0.0.1:60077 - R:localhost/127.0.0.1:63137]
17:24:35.294 [Forwarding screenshot on session 651ff4951b5d87c03411b696ee8a910d to remote] DEBUG org.asynchttpclient.netty.request.NettyRequestSender - Using pooled Channel '[id: 0x68358ee2, L:/127.0.0.1:60077 - R:localhost/127.0.0.1:63137]' for 'GET' to 'http://localhost:63137/session/651ff4951b5d87c03411b696ee8a910d/screenshot'
17:24:35.294 [Forwarding screenshot on session 651ff4951b5d87c03411b696ee8a910d to remote] DEBUG org.asynchttpclient.netty.request.NettyRequestSender - Using open Channel [id: 0x68358ee2, L:/127.0.0.1:60077 - R:localhost/127.0.0.1:63137] for GET '/session/651ff4951b5d87c03411b696ee8a910d/screenshot'
17:24:35.643 [AsyncHttpClient-1-1] DEBUG org.asynchttpclient.netty.channel.DefaultChannelPool - Entry count for : http://localhost:60078 : 1
17:24:36.471 [AsyncHttpClient-1-8] DEBUG org.asynchttpclient.netty.handler.HttpHandler - 

Request DefaultFullHttpRequest(decodeResult: success, version: HTTP/1.1, content: EmptyByteBufBE)
GET /session/651ff4951b5d87c03411b696ee8a910d/screenshot HTTP/1.1
User-Agent: selenium/4.1.2 (java windows)
Cache-Control: no-cache
Content-Type: application/json; charset=utf-8
host: localhost:63137
accept: */*

Response DefaultHttpResponse(decodeResult: success, version: HTTP/1.1)
HTTP/1.1 200 OK
Content-Type: application/json; charset=utf-8
cache-control: no-cache
content-length: 87236

17:24:36.473 [AsyncHttpClient-1-8] DEBUG org.asynchttpclient.netty.channel.ChannelManager - Adding key: http://localhost:63137 for channel [id: 0x68358ee2, L:/127.0.0.1:60077 - R:localhost/127.0.0.1:63137]
17:24:36.481 [main] DEBUG net.serenitybdd.core.photography.Darkroom - Send negative for processing for target\site\serenity\f67852c6a05b4d4cf036a099aa3d3b5f481e5dc4a3d10ccd5787ea4cda4953ba.png
17:24:36.481 [main] DEBUG net.thucydides.core.steps.StepInterceptor - STEP DONE: clickMenuAppointmentButton
  &amp#27;[32mAnd &amp#27;[0m&amp#27;[32mI click menu Appointment&amp#27;[0m                   &amp#27;[90m# starter.stepdefinitions.AppointmentSteps.iClickMenuAppointment()&amp#27;[0m
17:24:36.482 [Darkroom Processing Line] DEBUG net.serenitybdd.core.photography.DarkroomProcessingLine - Processing screenshot image in /var/screenshots/screenshot-5407519357097616586
17:24:36.487 [Darkroom Processing Line] DEBUG net.serenitybdd.core.photography.DarkroomProcessingLine - Saving screenshot to target\site\serenity\f67852c6a05b4d4cf036a099aa3d3b5f481e5dc4a3d10ccd5787ea4cda4953ba.png
17:24:36.525 [main] DEBUG net.thucydides.core.steps.StepInterceptor - STARTING STEP: AppointmentSteps.iClickAddNewAppointment - clickAddNewAppointmentButton
17:24:36.532 [Forwarding findElement on session 651ff4951b5d87c03411b696ee8a910d to remote] DEBUG org.asynchttpclient.netty.request.NettyRequestSender - Using pooled Channel '[id: 0x68358ee2, L:/127.0.0.1:60077 - R:localhost/127.0.0.1:63137]' for 'POST' to 'http://localhost:63137/session/651ff4951b5d87c03411b696ee8a910d/element'
17:24:36.532 [Forwarding findElement on session 651ff4951b5d87c03411b696ee8a910d to remote] DEBUG org.asynchttpclient.netty.request.NettyRequestSender - Using open Channel [id: 0x68358ee2, L:/127.0.0.1:60077 - R:localhost/127.0.0.1:63137] for POST '/session/651ff4951b5d87c03411b696ee8a910d/element'
17:24:36.571 [AsyncHttpClient-1-8] DEBUG org.asynchttpclient.netty.handler.HttpHandler - 

Request DefaultHttpRequest(decodeResult: success, version: HTTP/1.1)
POST /session/651ff4951b5d87c03411b696ee8a910d/element HTTP/1.1
User-Agent: selenium/4.1.2 (java windows)
Content-Length: 149
Content-Type: application/json; charset=utf-8
host: localhost:63137
accept: */*

Response DefaultHttpResponse(decodeResult: success, version: HTTP/1.1)
HTTP/1.1 200 OK
Content-Type: application/json; charset=utf-8
cache-control: no-cache
content-length: 88

17:24:36.571 [AsyncHttpClient-1-8] DEBUG org.asynchttpclient.netty.channel.ChannelManager - Adding key: http://localhost:63137 for channel [id: 0x68358ee2, L:/127.0.0.1:60077 - R:localhost/127.0.0.1:63137]
17:24:36.574 [Forwarding getElementTagName on session 651ff4951b5d87c03411b696ee8a910d to remote] DEBUG org.asynchttpclient.netty.request.NettyRequestSender - Using pooled Channel '[id: 0x68358ee2, L:/127.0.0.1:60077 - R:localhost/127.0.0.1:63137]' for 'GET' to 'http://localhost:63137/session/651ff4951b5d87c03411b696ee8a910d/element/3fe15557-fe22-4e1a-9207-edc97bfc6685/name'
17:24:36.574 [Forwarding getElementTagName on session 651ff4951b5d87c03411b696ee8a910d to remote] DEBUG org.asynchttpclient.netty.request.NettyRequestSender - Using open Channel [id: 0x68358ee2, L:/127.0.0.1:60077 - R:localhost/127.0.0.1:63137] for GET '/session/651ff4951b5d87c03411b696ee8a910d/element/3fe15557-fe22-4e1a-9207-edc97bfc6685/name'
17:24:36.580 [AsyncHttpClient-1-8] DEBUG org.asynchttpclient.netty.handler.HttpHandler - 

Request DefaultFullHttpRequest(decodeResult: success, version: HTTP/1.1, content: EmptyByteBufBE)
GET /session/651ff4951b5d87c03411b696ee8a910d/element/3fe15557-fe22-4e1a-9207-edc97bfc6685/name HTTP/1.1
User-Agent: selenium/4.1.2 (java windows)
Cache-Control: no-cache
Content-Type: application/json; charset=utf-8
host: localhost:63137
accept: */*

Response DefaultHttpResponse(decodeResult: success, version: HTTP/1.1)
HTTP/1.1 200 OK
Content-Type: application/json; charset=utf-8
cache-control: no-cache
content-length: 18

17:24:36.580 [AsyncHttpClient-1-8] DEBUG org.asynchttpclient.netty.channel.ChannelManager - Adding key: http://localhost:63137 for channel [id: 0x68358ee2, L:/127.0.0.1:60077 - R:localhost/127.0.0.1:63137]
17:24:36.582 [Forwarding getElementTagName on session 651ff4951b5d87c03411b696ee8a910d to remote] DEBUG org.asynchttpclient.netty.request.NettyRequestSender - Using pooled Channel '[id: 0x68358ee2, L:/127.0.0.1:60077 - R:localhost/127.0.0.1:63137]' for 'GET' to 'http://localhost:63137/session/651ff4951b5d87c03411b696ee8a910d/element/3fe15557-fe22-4e1a-9207-edc97bfc6685/name'
17:24:36.582 [Forwarding getElementTagName on session 651ff4951b5d87c03411b696ee8a910d to remote] DEBUG org.asynchttpclient.netty.request.NettyRequestSender - Using open Channel [id: 0x68358ee2, L:/127.0.0.1:60077 - R:localhost/127.0.0.1:63137] for GET '/session/651ff4951b5d87c03411b696ee8a910d/element/3fe15557-fe22-4e1a-9207-edc97bfc6685/name'
17:24:36.586 [AsyncHttpClient-1-8] DEBUG org.asynchttpclient.netty.handler.HttpHandler - 

Request DefaultFullHttpRequest(decodeResult: success, version: HTTP/1.1, content: EmptyByteBufBE)
GET /session/651ff4951b5d87c03411b696ee8a910d/element/3fe15557-fe22-4e1a-9207-edc97bfc6685/name HTTP/1.1
User-Agent: selenium/4.1.2 (java windows)
Cache-Control: no-cache
Content-Type: application/json; charset=utf-8
host: localhost:63137
accept: */*

Response DefaultHttpResponse(decodeResult: success, version: HTTP/1.1)
HTTP/1.1 200 OK
Content-Type: application/json; charset=utf-8
cache-control: no-cache
content-length: 18

17:24:36.587 [AsyncHttpClient-1-8] DEBUG org.asynchttpclient.netty.channel.ChannelManager - Adding key: http://localhost:63137 for channel [id: 0x68358ee2, L:/127.0.0.1:60077 - R:localhost/127.0.0.1:63137]
17:24:36.590 [Forwarding isElementEnabled on session 651ff4951b5d87c03411b696ee8a910d to remote] DEBUG org.asynchttpclient.netty.request.NettyRequestSender - Using pooled Channel '[id: 0x68358ee2, L:/127.0.0.1:60077 - R:localhost/127.0.0.1:63137]' for 'GET' to 'http://localhost:63137/session/651ff4951b5d87c03411b696ee8a910d/element/3fe15557-fe22-4e1a-9207-edc97bfc6685/enabled'
17:24:36.590 [Forwarding isElementEnabled on session 651ff4951b5d87c03411b696ee8a910d to remote] DEBUG org.asynchttpclient.netty.request.NettyRequestSender - Using open Channel [id: 0x68358ee2, L:/127.0.0.1:60077 - R:localhost/127.0.0.1:63137] for GET '/session/651ff4951b5d87c03411b696ee8a910d/element/3fe15557-fe22-4e1a-9207-edc97bfc6685/enabled'
17:24:36.743 [AsyncHttpClient-1-8] DEBUG org.asynchttpclient.netty.handler.HttpHandler - 

Request DefaultFullHttpRequest(decodeResult: success, version: HTTP/1.1, content: EmptyByteBufBE)
GET /session/651ff4951b5d87c03411b696ee8a910d/element/3fe15557-fe22-4e1a-9207-edc97bfc6685/enabled HTTP/1.1
User-Agent: selenium/4.1.2 (java windows)
Cache-Control: no-cache
Content-Type: application/json; charset=utf-8
host: localhost:63137
accept: */*

Response DefaultHttpResponse(decodeResult: success, version: HTTP/1.1)
HTTP/1.1 200 OK
Content-Type: application/json; charset=utf-8
cache-control: no-cache
content-length: 14

17:24:36.743 [AsyncHttpClient-1-8] DEBUG org.asynchttpclient.netty.channel.ChannelManager - Adding key: http://localhost:63137 for channel [id: 0x68358ee2, L:/127.0.0.1:60077 - R:localhost/127.0.0.1:63137]
17:24:36.744 [AsyncHttpClient-1-1] DEBUG org.asynchttpclient.netty.channel.DefaultChannelPool - Entry count for : http://localhost:63137 : 1
17:24:36.744 [AsyncHttpClient-1-1] DEBUG org.asynchttpclient.netty.channel.DefaultChannelPool - Entry count for : http://localhost:60078 : 1
17:24:36.746 [Forwarding isElementEnabled on session 651ff4951b5d87c03411b696ee8a910d to remote] DEBUG org.asynchttpclient.netty.request.NettyRequestSender - Using pooled Channel '[id: 0x68358ee2, L:/127.0.0.1:60077 - R:localhost/127.0.0.1:63137]' for 'GET' to 'http://localhost:63137/session/651ff4951b5d87c03411b696ee8a910d/element/3fe15557-fe22-4e1a-9207-edc97bfc6685/enabled'
17:24:36.747 [Forwarding isElementEnabled on session 651ff4951b5d87c03411b696ee8a910d to remote] DEBUG org.asynchttpclient.netty.request.NettyRequestSender - Using open Channel [id: 0x68358ee2, L:/127.0.0.1:60077 - R:localhost/127.0.0.1:63137] for GET '/session/651ff4951b5d87c03411b696ee8a910d/element/3fe15557-fe22-4e1a-9207-edc97bfc6685/enabled'
17:24:36.757 [AsyncHttpClient-1-8] DEBUG org.asynchttpclient.netty.handler.HttpHandler - 

Request DefaultFullHttpRequest(decodeResult: success, version: HTTP/1.1, content: EmptyByteBufBE)
GET /session/651ff4951b5d87c03411b696ee8a910d/element/3fe15557-fe22-4e1a-9207-edc97bfc6685/enabled HTTP/1.1
User-Agent: selenium/4.1.2 (java windows)
Cache-Control: no-cache
Content-Type: application/json; charset=utf-8
host: localhost:63137
accept: */*

Response DefaultHttpResponse(decodeResult: success, version: HTTP/1.1)
HTTP/1.1 200 OK
Content-Type: application/json; charset=utf-8
cache-control: no-cache
content-length: 14

17:24:36.757 [AsyncHttpClient-1-8] DEBUG org.asynchttpclient.netty.channel.ChannelManager - Adding key: http://localhost:63137 for channel [id: 0x68358ee2, L:/127.0.0.1:60077 - R:localhost/127.0.0.1:63137]
17:24:36.761 [Forwarding findElement on session 651ff4951b5d87c03411b696ee8a910d to remote] DEBUG org.asynchttpclient.netty.request.NettyRequestSender - Using pooled Channel '[id: 0x68358ee2, L:/127.0.0.1:60077 - R:localhost/127.0.0.1:63137]' for 'POST' to 'http://localhost:63137/session/651ff4951b5d87c03411b696ee8a910d/element'
17:24:36.761 [Forwarding findElement on session 651ff4951b5d87c03411b696ee8a910d to remote] DEBUG org.asynchttpclient.netty.request.NettyRequestSender - Using open Channel [id: 0x68358ee2, L:/127.0.0.1:60077 - R:localhost/127.0.0.1:63137] for POST '/session/651ff4951b5d87c03411b696ee8a910d/element'
17:24:36.774 [AsyncHttpClient-1-8] DEBUG org.asynchttpclient.netty.handler.HttpHandler - 

Request DefaultHttpRequest(decodeResult: success, version: HTTP/1.1)
POST /session/651ff4951b5d87c03411b696ee8a910d/element HTTP/1.1
User-Agent: selenium/4.1.2 (java windows)
Content-Length: 149
Content-Type: application/json; charset=utf-8
host: localhost:63137
accept: */*

Response DefaultHttpResponse(decodeResult: success, version: HTTP/1.1)
HTTP/1.1 200 OK
Content-Type: application/json; charset=utf-8
cache-control: no-cache
content-length: 88

17:24:36.774 [AsyncHttpClient-1-8] DEBUG org.asynchttpclient.netty.channel.ChannelManager - Adding key: http://localhost:63137 for channel [id: 0x68358ee2, L:/127.0.0.1:60077 - R:localhost/127.0.0.1:63137]
17:24:36.777 [Forwarding clickElement on session 651ff4951b5d87c03411b696ee8a910d to remote] DEBUG org.asynchttpclient.netty.request.NettyRequestSender - Using pooled Channel '[id: 0x68358ee2, L:/127.0.0.1:60077 - R:localhost/127.0.0.1:63137]' for 'POST' to 'http://localhost:63137/session/651ff4951b5d87c03411b696ee8a910d/element/3fe15557-fe22-4e1a-9207-edc97bfc6685/click'
17:24:36.777 [Forwarding clickElement on session 651ff4951b5d87c03411b696ee8a910d to remote] DEBUG org.asynchttpclient.netty.request.NettyRequestSender - Using open Channel [id: 0x68358ee2, L:/127.0.0.1:60077 - R:localhost/127.0.0.1:63137] for POST '/session/651ff4951b5d87c03411b696ee8a910d/element/3fe15557-fe22-4e1a-9207-edc97bfc6685/click'
17:24:37.009 [AsyncHttpClient-1-8] DEBUG org.asynchttpclient.netty.handler.HttpHandler - 

Request DefaultHttpRequest(decodeResult: success, version: HTTP/1.1)
POST /session/651ff4951b5d87c03411b696ee8a910d/element/3fe15557-fe22-4e1a-9207-edc97bfc6685/click HTTP/1.1
User-Agent: selenium/4.1.2 (java windows)
Content-Length: 50
Content-Type: application/json; charset=utf-8
host: localhost:63137
accept: */*

Response DefaultHttpResponse(decodeResult: success, version: HTTP/1.1)
HTTP/1.1 200 OK
Content-Type: application/json; charset=utf-8
cache-control: no-cache
content-length: 14

17:24:37.009 [AsyncHttpClient-1-8] DEBUG org.asynchttpclient.netty.channel.ChannelManager - Adding key: http://localhost:63137 for channel [id: 0x68358ee2, L:/127.0.0.1:60077 - R:localhost/127.0.0.1:63137]
17:24:37.021 [Forwarding screenshot on session 651ff4951b5d87c03411b696ee8a910d to remote] DEBUG org.asynchttpclient.netty.request.NettyRequestSender - Using pooled Channel '[id: 0x68358ee2, L:/127.0.0.1:60077 - R:localhost/127.0.0.1:63137]' for 'GET' to 'http://localhost:63137/session/651ff4951b5d87c03411b696ee8a910d/screenshot'
17:24:37.022 [Forwarding screenshot on session 651ff4951b5d87c03411b696ee8a910d to remote] DEBUG org.asynchttpclient.netty.request.NettyRequestSender - Using open Channel [id: 0x68358ee2, L:/127.0.0.1:60077 - R:localhost/127.0.0.1:63137] for GET '/session/651ff4951b5d87c03411b696ee8a910d/screenshot'
17:24:37.157 [AsyncHttpClient-1-8] DEBUG org.asynchttpclient.netty.handler.HttpHandler - 

Request DefaultFullHttpRequest(decodeResult: success, version: HTTP/1.1, content: EmptyByteBufBE)
GET /session/651ff4951b5d87c03411b696ee8a910d/screenshot HTTP/1.1
User-Agent: selenium/4.1.2 (java windows)
Cache-Control: no-cache
Content-Type: application/json; charset=utf-8
host: localhost:63137
accept: */*

Response DefaultHttpResponse(decodeResult: success, version: HTTP/1.1)
HTTP/1.1 200 OK
Content-Type: application/json; charset=utf-8
cache-control: no-cache
content-length: 109772

17:24:37.160 [AsyncHttpClient-1-8] DEBUG org.asynchttpclient.netty.channel.ChannelManager - Adding key: http://localhost:63137 for channel [id: 0x68358ee2, L:/127.0.0.1:60077 - R:localhost/127.0.0.1:63137]
17:24:37.167 [main] DEBUG net.serenitybdd.core.photography.Darkroom - Send negative for processing for target\site\serenity\840844e17903438b65b64d1cf4d89d4eb5e8f2a9efe27b18aa8bc003b4e8991c.png
17:24:37.168 [main] DEBUG net.thucydides.core.steps.StepInterceptor - STEP DONE: clickAddNewAppointmentButton
17:24:37.168 [Darkroom Processing Line] DEBUG net.serenitybdd.core.photography.DarkroomProcessingLine - Processing screenshot image in /var/screenshots/screenshot-18042116012997513611
  &amp#27;[32mWhen &amp#27;[0m&amp#27;[32mI click Add New Appointment&amp#27;[0m               &amp#27;[90m# starter.stepdefinitions.AppointmentSteps.iClickAddNewAppointment()&amp#27;[0m
17:24:37.168 [Darkroom Processing Line] DEBUG net.serenitybdd.core.photography.DarkroomProcessingLine - Saving screenshot to target\site\serenity\840844e17903438b65b64d1cf4d89d4eb5e8f2a9efe27b18aa8bc003b4e8991c.png
17:24:37.191 [main] DEBUG net.thucydides.core.steps.StepInterceptor - STARTING STEP: AppointmentSteps.iClickYesButton - clickYesButton
17:24:37.194 [Forwarding findElement on session 651ff4951b5d87c03411b696ee8a910d to remote] DEBUG org.asynchttpclient.netty.request.NettyRequestSender - Using pooled Channel '[id: 0x68358ee2, L:/127.0.0.1:60077 - R:localhost/127.0.0.1:63137]' for 'POST' to 'http://localhost:63137/session/651ff4951b5d87c03411b696ee8a910d/element'
17:24:37.195 [Forwarding findElement on session 651ff4951b5d87c03411b696ee8a910d to remote] DEBUG org.asynchttpclient.netty.request.NettyRequestSender - Using open Channel [id: 0x68358ee2, L:/127.0.0.1:60077 - R:localhost/127.0.0.1:63137] for POST '/session/651ff4951b5d87c03411b696ee8a910d/element'
17:24:37.213 [AsyncHttpClient-1-8] DEBUG org.asynchttpclient.netty.handler.HttpHandler - 

Request DefaultHttpRequest(decodeResult: success, version: HTTP/1.1)
POST /session/651ff4951b5d87c03411b696ee8a910d/element HTTP/1.1
User-Agent: selenium/4.1.2 (java windows)
Content-Length: 104
Content-Type: application/json; charset=utf-8
host: localhost:63137
accept: */*

Response DefaultHttpResponse(decodeResult: success, version: HTTP/1.1)
HTTP/1.1 200 OK
Content-Type: application/json; charset=utf-8
cache-control: no-cache
content-length: 88

17:24:37.213 [AsyncHttpClient-1-8] DEBUG org.asynchttpclient.netty.channel.ChannelManager - Adding key: http://localhost:63137 for channel [id: 0x68358ee2, L:/127.0.0.1:60077 - R:localhost/127.0.0.1:63137]
17:24:37.222 [Forwarding getElementTagName on session 651ff4951b5d87c03411b696ee8a910d to remote] DEBUG org.asynchttpclient.netty.request.NettyRequestSender - Using pooled Channel '[id: 0x68358ee2, L:/127.0.0.1:60077 - R:localhost/127.0.0.1:63137]' for 'GET' to 'http://localhost:63137/session/651ff4951b5d87c03411b696ee8a910d/element/fbf4256d-ce94-42a8-9734-dfa7909d5620/name'
17:24:37.222 [Forwarding getElementTagName on session 651ff4951b5d87c03411b696ee8a910d to remote] DEBUG org.asynchttpclient.netty.request.NettyRequestSender - Using open Channel [id: 0x68358ee2, L:/127.0.0.1:60077 - R:localhost/127.0.0.1:63137] for GET '/session/651ff4951b5d87c03411b696ee8a910d/element/fbf4256d-ce94-42a8-9734-dfa7909d5620/name'
17:24:37.312 [AsyncHttpClient-1-8] DEBUG org.asynchttpclient.netty.handler.HttpHandler - 

Request DefaultFullHttpRequest(decodeResult: success, version: HTTP/1.1, content: EmptyByteBufBE)
GET /session/651ff4951b5d87c03411b696ee8a910d/element/fbf4256d-ce94-42a8-9734-dfa7909d5620/name HTTP/1.1
User-Agent: selenium/4.1.2 (java windows)
Cache-Control: no-cache
Content-Type: application/json; charset=utf-8
host: localhost:63137
accept: */*

Response DefaultHttpResponse(decodeResult: success, version: HTTP/1.1)
HTTP/1.1 200 OK
Content-Type: application/json; charset=utf-8
cache-control: no-cache
content-length: 18

17:24:37.313 [AsyncHttpClient-1-8] DEBUG org.asynchttpclient.netty.channel.ChannelManager - Adding key: http://localhost:63137 for channel [id: 0x68358ee2, L:/127.0.0.1:60077 - R:localhost/127.0.0.1:63137]
17:24:37.315 [Forwarding getElementTagName on session 651ff4951b5d87c03411b696ee8a910d to remote] DEBUG org.asynchttpclient.netty.request.NettyRequestSender - Using pooled Channel '[id: 0x68358ee2, L:/127.0.0.1:60077 - R:localhost/127.0.0.1:63137]' for 'GET' to 'http://localhost:63137/session/651ff4951b5d87c03411b696ee8a910d/element/fbf4256d-ce94-42a8-9734-dfa7909d5620/name'
17:24:37.315 [Forwarding getElementTagName on session 651ff4951b5d87c03411b696ee8a910d to remote] DEBUG org.asynchttpclient.netty.request.NettyRequestSender - Using open Channel [id: 0x68358ee2, L:/127.0.0.1:60077 - R:localhost/127.0.0.1:63137] for GET '/session/651ff4951b5d87c03411b696ee8a910d/element/fbf4256d-ce94-42a8-9734-dfa7909d5620/name'
17:24:37.331 [AsyncHttpClient-1-8] DEBUG org.asynchttpclient.netty.handler.HttpHandler - 

Request DefaultFullHttpRequest(decodeResult: success, version: HTTP/1.1, content: EmptyByteBufBE)
GET /session/651ff4951b5d87c03411b696ee8a910d/element/fbf4256d-ce94-42a8-9734-dfa7909d5620/name HTTP/1.1
User-Agent: selenium/4.1.2 (java windows)
Cache-Control: no-cache
Content-Type: application/json; charset=utf-8
host: localhost:63137
accept: */*

Response DefaultHttpResponse(decodeResult: success, version: HTTP/1.1)
HTTP/1.1 200 OK
Content-Type: application/json; charset=utf-8
cache-control: no-cache
content-length: 18

17:24:37.331 [AsyncHttpClient-1-8] DEBUG org.asynchttpclient.netty.channel.ChannelManager - Adding key: http://localhost:63137 for channel [id: 0x68358ee2, L:/127.0.0.1:60077 - R:localhost/127.0.0.1:63137]
17:24:37.335 [Forwarding isElementEnabled on session 651ff4951b5d87c03411b696ee8a910d to remote] DEBUG org.asynchttpclient.netty.request.NettyRequestSender - Using pooled Channel '[id: 0x68358ee2, L:/127.0.0.1:60077 - R:localhost/127.0.0.1:63137]' for 'GET' to 'http://localhost:63137/session/651ff4951b5d87c03411b696ee8a910d/element/fbf4256d-ce94-42a8-9734-dfa7909d5620/enabled'
17:24:37.335 [Forwarding isElementEnabled on session 651ff4951b5d87c03411b696ee8a910d to remote] DEBUG org.asynchttpclient.netty.request.NettyRequestSender - Using open Channel [id: 0x68358ee2, L:/127.0.0.1:60077 - R:localhost/127.0.0.1:63137] for GET '/session/651ff4951b5d87c03411b696ee8a910d/element/fbf4256d-ce94-42a8-9734-dfa7909d5620/enabled'
17:24:37.349 [AsyncHttpClient-1-8] DEBUG org.asynchttpclient.netty.handler.HttpHandler - 

Request DefaultFullHttpRequest(decodeResult: success, version: HTTP/1.1, content: EmptyByteBufBE)
GET /session/651ff4951b5d87c03411b696ee8a910d/element/fbf4256d-ce94-42a8-9734-dfa7909d5620/enabled HTTP/1.1
User-Agent: selenium/4.1.2 (java windows)
Cache-Control: no-cache
Content-Type: application/json; charset=utf-8
host: localhost:63137
accept: */*

Response DefaultHttpResponse(decodeResult: success, version: HTTP/1.1)
HTTP/1.1 200 OK
Content-Type: application/json; charset=utf-8
cache-control: no-cache
content-length: 14

17:24:37.349 [AsyncHttpClient-1-8] DEBUG org.asynchttpclient.netty.channel.ChannelManager - Adding key: http://localhost:63137 for channel [id: 0x68358ee2, L:/127.0.0.1:60077 - R:localhost/127.0.0.1:63137]
17:24:37.351 [Forwarding isElementEnabled on session 651ff4951b5d87c03411b696ee8a910d to remote] DEBUG org.asynchttpclient.netty.request.NettyRequestSender - Using pooled Channel '[id: 0x68358ee2, L:/127.0.0.1:60077 - R:localhost/127.0.0.1:63137]' for 'GET' to 'http://localhost:63137/session/651ff4951b5d87c03411b696ee8a910d/element/fbf4256d-ce94-42a8-9734-dfa7909d5620/enabled'
17:24:37.352 [Forwarding isElementEnabled on session 651ff4951b5d87c03411b696ee8a910d to remote] DEBUG org.asynchttpclient.netty.request.NettyRequestSender - Using open Channel [id: 0x68358ee2, L:/127.0.0.1:60077 - R:localhost/127.0.0.1:63137] for GET '/session/651ff4951b5d87c03411b696ee8a910d/element/fbf4256d-ce94-42a8-9734-dfa7909d5620/enabled'
17:24:37.363 [AsyncHttpClient-1-8] DEBUG org.asynchttpclient.netty.handler.HttpHandler - 

Request DefaultFullHttpRequest(decodeResult: success, version: HTTP/1.1, content: EmptyByteBufBE)
GET /session/651ff4951b5d87c03411b696ee8a910d/element/fbf4256d-ce94-42a8-9734-dfa7909d5620/enabled HTTP/1.1
User-Agent: selenium/4.1.2 (java windows)
Cache-Control: no-cache
Content-Type: application/json; charset=utf-8
host: localhost:63137
accept: */*

Response DefaultHttpResponse(decodeResult: success, version: HTTP/1.1)
HTTP/1.1 200 OK
Content-Type: application/json; charset=utf-8
cache-control: no-cache
content-length: 14

17:24:37.363 [AsyncHttpClient-1-8] DEBUG org.asynchttpclient.netty.channel.ChannelManager - Adding key: http://localhost:63137 for channel [id: 0x68358ee2, L:/127.0.0.1:60077 - R:localhost/127.0.0.1:63137]
17:24:37.366 [Forwarding findElement on session 651ff4951b5d87c03411b696ee8a910d to remote] DEBUG org.asynchttpclient.netty.request.NettyRequestSender - Using pooled Channel '[id: 0x68358ee2, L:/127.0.0.1:60077 - R:localhost/127.0.0.1:63137]' for 'POST' to 'http://localhost:63137/session/651ff4951b5d87c03411b696ee8a910d/element'
17:24:37.366 [Forwarding findElement on session 651ff4951b5d87c03411b696ee8a910d to remote] DEBUG org.asynchttpclient.netty.request.NettyRequestSender - Using open Channel [id: 0x68358ee2, L:/127.0.0.1:60077 - R:localhost/127.0.0.1:63137] for POST '/session/651ff4951b5d87c03411b696ee8a910d/element'
17:24:37.379 [AsyncHttpClient-1-8] DEBUG org.asynchttpclient.netty.handler.HttpHandler - 

Request DefaultHttpRequest(decodeResult: success, version: HTTP/1.1)
POST /session/651ff4951b5d87c03411b696ee8a910d/element HTTP/1.1
User-Agent: selenium/4.1.2 (java windows)
Content-Length: 104
Content-Type: application/json; charset=utf-8
host: localhost:63137
accept: */*

Response DefaultHttpResponse(decodeResult: success, version: HTTP/1.1)
HTTP/1.1 200 OK
Content-Type: application/json; charset=utf-8
cache-control: no-cache
content-length: 88

17:24:37.379 [AsyncHttpClient-1-8] DEBUG org.asynchttpclient.netty.channel.ChannelManager - Adding key: http://localhost:63137 for channel [id: 0x68358ee2, L:/127.0.0.1:60077 - R:localhost/127.0.0.1:63137]
17:24:37.381 [Forwarding clickElement on session 651ff4951b5d87c03411b696ee8a910d to remote] DEBUG org.asynchttpclient.netty.request.NettyRequestSender - Using pooled Channel '[id: 0x68358ee2, L:/127.0.0.1:60077 - R:localhost/127.0.0.1:63137]' for 'POST' to 'http://localhost:63137/session/651ff4951b5d87c03411b696ee8a910d/element/fbf4256d-ce94-42a8-9734-dfa7909d5620/click'
17:24:37.381 [Forwarding clickElement on session 651ff4951b5d87c03411b696ee8a910d to remote] DEBUG org.asynchttpclient.netty.request.NettyRequestSender - Using open Channel [id: 0x68358ee2, L:/127.0.0.1:60077 - R:localhost/127.0.0.1:63137] for POST '/session/651ff4951b5d87c03411b696ee8a910d/element/fbf4256d-ce94-42a8-9734-dfa7909d5620/click'
17:24:37.844 [AsyncHttpClient-1-1] DEBUG org.asynchttpclient.netty.channel.DefaultChannelPool - Entry count for : http://localhost:60078 : 1
17:24:37.912 [AsyncHttpClient-1-8] DEBUG org.asynchttpclient.netty.handler.HttpHandler - 

Request DefaultHttpRequest(decodeResult: success, version: HTTP/1.1)
POST /session/651ff4951b5d87c03411b696ee8a910d/element/fbf4256d-ce94-42a8-9734-dfa7909d5620/click HTTP/1.1
User-Agent: selenium/4.1.2 (java windows)
Content-Length: 50
Content-Type: application/json; charset=utf-8
host: localhost:63137
accept: */*

Response DefaultHttpResponse(decodeResult: success, version: HTTP/1.1)
HTTP/1.1 200 OK
Content-Type: application/json; charset=utf-8
cache-control: no-cache
content-length: 14

17:24:37.912 [AsyncHttpClient-1-8] DEBUG org.asynchttpclient.netty.channel.ChannelManager - Adding key: http://localhost:63137 for channel [id: 0x68358ee2, L:/127.0.0.1:60077 - R:localhost/127.0.0.1:63137]
17:24:37.925 [Forwarding screenshot on session 651ff4951b5d87c03411b696ee8a910d to remote] DEBUG org.asynchttpclient.netty.request.NettyRequestSender - Using pooled Channel '[id: 0x68358ee2, L:/127.0.0.1:60077 - R:localhost/127.0.0.1:63137]' for 'GET' to 'http://localhost:63137/session/651ff4951b5d87c03411b696ee8a910d/screenshot'
17:24:37.925 [Forwarding screenshot on session 651ff4951b5d87c03411b696ee8a910d to remote] DEBUG org.asynchttpclient.netty.request.NettyRequestSender - Using open Channel [id: 0x68358ee2, L:/127.0.0.1:60077 - R:localhost/127.0.0.1:63137] for GET '/session/651ff4951b5d87c03411b696ee8a910d/screenshot'
17:24:38.124 [AsyncHttpClient-1-8] DEBUG org.asynchttpclient.netty.handler.HttpHandler - 

Request DefaultFullHttpRequest(decodeResult: success, version: HTTP/1.1, content: EmptyByteBufBE)
GET /session/651ff4951b5d87c03411b696ee8a910d/screenshot HTTP/1.1
User-Agent: selenium/4.1.2 (java windows)
Cache-Control: no-cache
Content-Type: application/json; charset=utf-8
host: localhost:63137
accept: */*

Response DefaultHttpResponse(decodeResult: success, version: HTTP/1.1)
HTTP/1.1 200 OK
Content-Type: application/json; charset=utf-8
cache-control: no-cache
content-length: 116308

17:24:38.127 [AsyncHttpClient-1-8] DEBUG org.asynchttpclient.netty.channel.ChannelManager - Adding key: http://localhost:63137 for channel [id: 0x68358ee2, L:/127.0.0.1:60077 - R:localhost/127.0.0.1:63137]
17:24:38.136 [main] DEBUG net.serenitybdd.core.photography.Darkroom - Send negative for processing for target\site\serenity\6051ceb120f26666e55566a366673d24a3ec59d467cfc1c7ae1c90700a4b4098.png
17:24:38.137 [main] DEBUG net.thucydides.core.steps.StepInterceptor - STEP DONE: clickYesButton
17:24:38.137 [Darkroom Processing Line] DEBUG net.serenitybdd.core.photography.DarkroomProcessingLine - Processing screenshot image in /var/screenshots/screenshot-9853776688303979952
  &amp#27;[32mAnd &amp#27;[0m&amp#27;[32mI click yes button&amp#27;[0m                         &amp#27;[90m# starter.stepdefinitions.AppointmentSteps.iClickYesButton()&amp#27;[0m
17:24:38.137 [Darkroom Processing Line] DEBUG net.serenitybdd.core.photography.DarkroomProcessingLine - Saving screenshot to target\site\serenity\6051ceb120f26666e55566a366673d24a3ec59d467cfc1c7ae1c90700a4b4098.png
17:24:38.161 [main] DEBUG net.thucydides.core.steps.StepInterceptor - STARTING STEP: AppointmentSteps.iClickXIcon - clickXIcon
17:24:38.165 [Forwarding findElement on session 651ff4951b5d87c03411b696ee8a910d to remote] DEBUG org.asynchttpclient.netty.request.NettyRequestSender - Using pooled Channel '[id: 0x68358ee2, L:/127.0.0.1:60077 - R:localhost/127.0.0.1:63137]' for 'POST' to 'http://localhost:63137/session/651ff4951b5d87c03411b696ee8a910d/element'
17:24:38.165 [Forwarding findElement on session 651ff4951b5d87c03411b696ee8a910d to remote] DEBUG org.asynchttpclient.netty.request.NettyRequestSender - Using open Channel [id: 0x68358ee2, L:/127.0.0.1:60077 - R:localhost/127.0.0.1:63137] for POST '/session/651ff4951b5d87c03411b696ee8a910d/element'
17:24:38.190 [AsyncHttpClient-1-8] DEBUG org.asynchttpclient.netty.handler.HttpHandler - 

Request DefaultHttpRequest(decodeResult: success, version: HTTP/1.1)
POST /session/651ff4951b5d87c03411b696ee8a910d/element HTTP/1.1
User-Agent: selenium/4.1.2 (java windows)
Content-Length: 104
Content-Type: application/json; charset=utf-8
host: localhost:63137
accept: */*

Response DefaultHttpResponse(decodeResult: success, version: HTTP/1.1)
HTTP/1.1 200 OK
Content-Type: application/json; charset=utf-8
cache-control: no-cache
content-length: 88

17:24:38.191 [AsyncHttpClient-1-8] DEBUG org.asynchttpclient.netty.channel.ChannelManager - Adding key: http://localhost:63137 for channel [id: 0x68358ee2, L:/127.0.0.1:60077 - R:localhost/127.0.0.1:63137]
17:24:38.194 [Forwarding getElementTagName on session 651ff4951b5d87c03411b696ee8a910d to remote] DEBUG org.asynchttpclient.netty.request.NettyRequestSender - Using pooled Channel '[id: 0x68358ee2, L:/127.0.0.1:60077 - R:localhost/127.0.0.1:63137]' for 'GET' to 'http://localhost:63137/session/651ff4951b5d87c03411b696ee8a910d/element/a7e75160-e0d9-42ff-93d2-b6194a14e221/name'
17:24:38.194 [Forwarding getElementTagName on session 651ff4951b5d87c03411b696ee8a910d to remote] DEBUG org.asynchttpclient.netty.request.NettyRequestSender - Using open Channel [id: 0x68358ee2, L:/127.0.0.1:60077 - R:localhost/127.0.0.1:63137] for GET '/session/651ff4951b5d87c03411b696ee8a910d/element/a7e75160-e0d9-42ff-93d2-b6194a14e221/name'
17:24:38.201 [AsyncHttpClient-1-8] DEBUG org.asynchttpclient.netty.handler.HttpHandler - 

Request DefaultFullHttpRequest(decodeResult: success, version: HTTP/1.1, content: EmptyByteBufBE)
GET /session/651ff4951b5d87c03411b696ee8a910d/element/a7e75160-e0d9-42ff-93d2-b6194a14e221/name HTTP/1.1
User-Agent: selenium/4.1.2 (java windows)
Cache-Control: no-cache
Content-Type: application/json; charset=utf-8
host: localhost:63137
accept: */*

Response DefaultHttpResponse(decodeResult: success, version: HTTP/1.1)
HTTP/1.1 200 OK
Content-Type: application/json; charset=utf-8
cache-control: no-cache
content-length: 18

17:24:38.201 [AsyncHttpClient-1-8] DEBUG org.asynchttpclient.netty.channel.ChannelManager - Adding key: http://localhost:63137 for channel [id: 0x68358ee2, L:/127.0.0.1:60077 - R:localhost/127.0.0.1:63137]
17:24:38.205 [Forwarding getElementTagName on session 651ff4951b5d87c03411b696ee8a910d to remote] DEBUG org.asynchttpclient.netty.request.NettyRequestSender - Using pooled Channel '[id: 0x68358ee2, L:/127.0.0.1:60077 - R:localhost/127.0.0.1:63137]' for 'GET' to 'http://localhost:63137/session/651ff4951b5d87c03411b696ee8a910d/element/a7e75160-e0d9-42ff-93d2-b6194a14e221/name'
17:24:38.205 [Forwarding getElementTagName on session 651ff4951b5d87c03411b696ee8a910d to remote] DEBUG org.asynchttpclient.netty.request.NettyRequestSender - Using open Channel [id: 0x68358ee2, L:/127.0.0.1:60077 - R:localhost/127.0.0.1:63137] for GET '/session/651ff4951b5d87c03411b696ee8a910d/element/a7e75160-e0d9-42ff-93d2-b6194a14e221/name'
17:24:38.210 [AsyncHttpClient-1-8] DEBUG org.asynchttpclient.netty.handler.HttpHandler - 

Request DefaultFullHttpRequest(decodeResult: success, version: HTTP/1.1, content: EmptyByteBufBE)
GET /session/651ff4951b5d87c03411b696ee8a910d/element/a7e75160-e0d9-42ff-93d2-b6194a14e221/name HTTP/1.1
User-Agent: selenium/4.1.2 (java windows)
Cache-Control: no-cache
Content-Type: application/json; charset=utf-8
host: localhost:63137
accept: */*

Response DefaultHttpResponse(decodeResult: success, version: HTTP/1.1)
HTTP/1.1 200 OK
Content-Type: application/json; charset=utf-8
cache-control: no-cache
content-length: 18

17:24:38.210 [AsyncHttpClient-1-8] DEBUG org.asynchttpclient.netty.channel.ChannelManager - Adding key: http://localhost:63137 for channel [id: 0x68358ee2, L:/127.0.0.1:60077 - R:localhost/127.0.0.1:63137]
17:24:38.215 [Forwarding isElementEnabled on session 651ff4951b5d87c03411b696ee8a910d to remote] DEBUG org.asynchttpclient.netty.request.NettyRequestSender - Using pooled Channel '[id: 0x68358ee2, L:/127.0.0.1:60077 - R:localhost/127.0.0.1:63137]' for 'GET' to 'http://localhost:63137/session/651ff4951b5d87c03411b696ee8a910d/element/a7e75160-e0d9-42ff-93d2-b6194a14e221/enabled'
17:24:38.216 [Forwarding isElementEnabled on session 651ff4951b5d87c03411b696ee8a910d to remote] DEBUG org.asynchttpclient.netty.request.NettyRequestSender - Using open Channel [id: 0x68358ee2, L:/127.0.0.1:60077 - R:localhost/127.0.0.1:63137] for GET '/session/651ff4951b5d87c03411b696ee8a910d/element/a7e75160-e0d9-42ff-93d2-b6194a14e221/enabled'
17:24:38.234 [AsyncHttpClient-1-8] DEBUG org.asynchttpclient.netty.handler.HttpHandler - 

Request DefaultFullHttpRequest(decodeResult: success, version: HTTP/1.1, content: EmptyByteBufBE)
GET /session/651ff4951b5d87c03411b696ee8a910d/element/a7e75160-e0d9-42ff-93d2-b6194a14e221/enabled HTTP/1.1
User-Agent: selenium/4.1.2 (java windows)
Cache-Control: no-cache
Content-Type: application/json; charset=utf-8
host: localhost:63137
accept: */*

Response DefaultHttpResponse(decodeResult: success, version: HTTP/1.1)
HTTP/1.1 200 OK
Content-Type: application/json; charset=utf-8
cache-control: no-cache
content-length: 14

17:24:38.234 [AsyncHttpClient-1-8] DEBUG org.asynchttpclient.netty.channel.ChannelManager - Adding key: http://localhost:63137 for channel [id: 0x68358ee2, L:/127.0.0.1:60077 - R:localhost/127.0.0.1:63137]
17:24:38.237 [Forwarding isElementEnabled on session 651ff4951b5d87c03411b696ee8a910d to remote] DEBUG org.asynchttpclient.netty.request.NettyRequestSender - Using pooled Channel '[id: 0x68358ee2, L:/127.0.0.1:60077 - R:localhost/127.0.0.1:63137]' for 'GET' to 'http://localhost:63137/session/651ff4951b5d87c03411b696ee8a910d/element/a7e75160-e0d9-42ff-93d2-b6194a14e221/enabled'
17:24:38.237 [Forwarding isElementEnabled on session 651ff4951b5d87c03411b696ee8a910d to remote] DEBUG org.asynchttpclient.netty.request.NettyRequestSender - Using open Channel [id: 0x68358ee2, L:/127.0.0.1:60077 - R:localhost/127.0.0.1:63137] for GET '/session/651ff4951b5d87c03411b696ee8a910d/element/a7e75160-e0d9-42ff-93d2-b6194a14e221/enabled'
17:24:38.245 [AsyncHttpClient-1-8] DEBUG org.asynchttpclient.netty.handler.HttpHandler - 

Request DefaultFullHttpRequest(decodeResult: success, version: HTTP/1.1, content: EmptyByteBufBE)
GET /session/651ff4951b5d87c03411b696ee8a910d/element/a7e75160-e0d9-42ff-93d2-b6194a14e221/enabled HTTP/1.1
User-Agent: selenium/4.1.2 (java windows)
Cache-Control: no-cache
Content-Type: application/json; charset=utf-8
host: localhost:63137
accept: */*

Response DefaultHttpResponse(decodeResult: success, version: HTTP/1.1)
HTTP/1.1 200 OK
Content-Type: application/json; charset=utf-8
cache-control: no-cache
content-length: 14

17:24:38.245 [AsyncHttpClient-1-8] DEBUG org.asynchttpclient.netty.channel.ChannelManager - Adding key: http://localhost:63137 for channel [id: 0x68358ee2, L:/127.0.0.1:60077 - R:localhost/127.0.0.1:63137]
17:24:38.249 [Forwarding findElement on session 651ff4951b5d87c03411b696ee8a910d to remote] DEBUG org.asynchttpclient.netty.request.NettyRequestSender - Using pooled Channel '[id: 0x68358ee2, L:/127.0.0.1:60077 - R:localhost/127.0.0.1:63137]' for 'POST' to 'http://localhost:63137/session/651ff4951b5d87c03411b696ee8a910d/element'
17:24:38.249 [Forwarding findElement on session 651ff4951b5d87c03411b696ee8a910d to remote] DEBUG org.asynchttpclient.netty.request.NettyRequestSender - Using open Channel [id: 0x68358ee2, L:/127.0.0.1:60077 - R:localhost/127.0.0.1:63137] for POST '/session/651ff4951b5d87c03411b696ee8a910d/element'
17:24:38.257 [AsyncHttpClient-1-8] DEBUG org.asynchttpclient.netty.handler.HttpHandler - 

Request DefaultHttpRequest(decodeResult: success, version: HTTP/1.1)
POST /session/651ff4951b5d87c03411b696ee8a910d/element HTTP/1.1
User-Agent: selenium/4.1.2 (java windows)
Content-Length: 104
Content-Type: application/json; charset=utf-8
host: localhost:63137
accept: */*

Response DefaultHttpResponse(decodeResult: success, version: HTTP/1.1)
HTTP/1.1 200 OK
Content-Type: application/json; charset=utf-8
cache-control: no-cache
content-length: 88

17:24:38.258 [AsyncHttpClient-1-8] DEBUG org.asynchttpclient.netty.channel.ChannelManager - Adding key: http://localhost:63137 for channel [id: 0x68358ee2, L:/127.0.0.1:60077 - R:localhost/127.0.0.1:63137]
17:24:38.261 [Forwarding clickElement on session 651ff4951b5d87c03411b696ee8a910d to remote] DEBUG org.asynchttpclient.netty.request.NettyRequestSender - Using pooled Channel '[id: 0x68358ee2, L:/127.0.0.1:60077 - R:localhost/127.0.0.1:63137]' for 'POST' to 'http://localhost:63137/session/651ff4951b5d87c03411b696ee8a910d/element/a7e75160-e0d9-42ff-93d2-b6194a14e221/click'
17:24:38.263 [Forwarding clickElement on session 651ff4951b5d87c03411b696ee8a910d to remote] DEBUG org.asynchttpclient.netty.request.NettyRequestSender - Using open Channel [id: 0x68358ee2, L:/127.0.0.1:60077 - R:localhost/127.0.0.1:63137] for POST '/session/651ff4951b5d87c03411b696ee8a910d/element/a7e75160-e0d9-42ff-93d2-b6194a14e221/click'
17:24:38.445 [AsyncHttpClient-1-8] DEBUG org.asynchttpclient.netty.handler.HttpHandler - 

Request DefaultHttpRequest(decodeResult: success, version: HTTP/1.1)
POST /session/651ff4951b5d87c03411b696ee8a910d/element/a7e75160-e0d9-42ff-93d2-b6194a14e221/click HTTP/1.1
User-Agent: selenium/4.1.2 (java windows)
Content-Length: 50
Content-Type: application/json; charset=utf-8
host: localhost:63137
accept: */*

Response DefaultHttpResponse(decodeResult: success, version: HTTP/1.1)
HTTP/1.1 200 OK
Content-Type: application/json; charset=utf-8
cache-control: no-cache
content-length: 14

17:24:38.446 [AsyncHttpClient-1-8] DEBUG org.asynchttpclient.netty.channel.ChannelManager - Adding key: http://localhost:63137 for channel [id: 0x68358ee2, L:/127.0.0.1:60077 - R:localhost/127.0.0.1:63137]
17:24:38.461 [Forwarding screenshot on session 651ff4951b5d87c03411b696ee8a910d to remote] DEBUG org.asynchttpclient.netty.request.NettyRequestSender - Using pooled Channel '[id: 0x68358ee2, L:/127.0.0.1:60077 - R:localhost/127.0.0.1:63137]' for 'GET' to 'http://localhost:63137/session/651ff4951b5d87c03411b696ee8a910d/screenshot'
17:24:38.461 [Forwarding screenshot on session 651ff4951b5d87c03411b696ee8a910d to remote] DEBUG org.asynchttpclient.netty.request.NettyRequestSender - Using open Channel [id: 0x68358ee2, L:/127.0.0.1:60077 - R:localhost/127.0.0.1:63137] for GET '/session/651ff4951b5d87c03411b696ee8a910d/screenshot'
17:24:38.650 [AsyncHttpClient-1-8] DEBUG org.asynchttpclient.netty.handler.HttpHandler - 

Request DefaultFullHttpRequest(decodeResult: success, version: HTTP/1.1, content: EmptyByteBufBE)
GET /session/651ff4951b5d87c03411b696ee8a910d/screenshot HTTP/1.1
User-Agent: selenium/4.1.2 (java windows)
Cache-Control: no-cache
Content-Type: application/json; charset=utf-8
host: localhost:63137
accept: */*

Response DefaultHttpResponse(decodeResult: success, version: HTTP/1.1)
HTTP/1.1 200 OK
Content-Type: application/json; charset=utf-8
cache-control: no-cache
content-length: 125036

17:24:38.651 [AsyncHttpClient-1-8] DEBUG org.asynchttpclient.netty.channel.ChannelManager - Adding key: http://localhost:63137 for channel [id: 0x68358ee2, L:/127.0.0.1:60077 - R:localhost/127.0.0.1:63137]
17:24:38.658 [main] DEBUG net.serenitybdd.core.photography.Darkroom - Send negative for processing for target\site\serenity\61f61f8afb668bd007750671a0929e0a4ab42ad8642961700c8de15dd4fe987f.png
17:24:38.668 [main] DEBUG net.thucydides.core.steps.StepInterceptor - STEP DONE: clickXIcon
17:24:38.668 [Darkroom Processing Line] DEBUG net.serenitybdd.core.photography.DarkroomProcessingLine - Processing screenshot image in /var/screenshots/screenshot-1739618803215959873
17:24:38.668 [Darkroom Processing Line] DEBUG net.serenitybdd.core.photography.DarkroomProcessingLine - Saving screenshot to target\site\serenity\61f61f8afb668bd007750671a0929e0a4ab42ad8642961700c8de15dd4fe987f.png
  &amp#27;[32mAnd &amp#27;[0m&amp#27;[32mI click x icon&amp#27;[0m                             &amp#27;[90m# starter.stepdefinitions.AppointmentSteps.iClickXIcon()&amp#27;[0m
17:24:38.685 [main] DEBUG net.thucydides.core.steps.StepInterceptor - STARTING STEP: AppointmentSteps.iExitFromAppointmentForm - newAppointmentCancel
17:24:38.687 [Forwarding findElement on session 651ff4951b5d87c03411b696ee8a910d to remote] DEBUG org.asynchttpclient.netty.request.NettyRequestSender - Using pooled Channel '[id: 0x68358ee2, L:/127.0.0.1:60077 - R:localhost/127.0.0.1:63137]' for 'POST' to 'http://localhost:63137/session/651ff4951b5d87c03411b696ee8a910d/element'
17:24:38.687 [Forwarding findElement on session 651ff4951b5d87c03411b696ee8a910d to remote] DEBUG org.asynchttpclient.netty.request.NettyRequestSender - Using open Channel [id: 0x68358ee2, L:/127.0.0.1:60077 - R:localhost/127.0.0.1:63137] for POST '/session/651ff4951b5d87c03411b696ee8a910d/element'
17:24:38.702 [AsyncHttpClient-1-8] DEBUG org.asynchttpclient.netty.handler.HttpHandler - 

Request DefaultHttpRequest(decodeResult: success, version: HTTP/1.1)
POST /session/651ff4951b5d87c03411b696ee8a910d/element HTTP/1.1
User-Agent: selenium/4.1.2 (java windows)
Content-Length: 83
Content-Type: application/json; charset=utf-8
host: localhost:63137
accept: */*

Response DefaultHttpResponse(decodeResult: success, version: HTTP/1.1)
HTTP/1.1 200 OK
Content-Type: application/json; charset=utf-8
cache-control: no-cache
content-length: 88

17:24:38.702 [AsyncHttpClient-1-8] DEBUG org.asynchttpclient.netty.channel.ChannelManager - Adding key: http://localhost:63137 for channel [id: 0x68358ee2, L:/127.0.0.1:60077 - R:localhost/127.0.0.1:63137]
17:24:38.708 [Forwarding isElementDisplayed on session 651ff4951b5d87c03411b696ee8a910d to remote] DEBUG org.asynchttpclient.netty.request.NettyRequestSender - Using pooled Channel '[id: 0x68358ee2, L:/127.0.0.1:60077 - R:localhost/127.0.0.1:63137]' for 'POST' to 'http://localhost:63137/session/651ff4951b5d87c03411b696ee8a910d/execute/sync'
17:24:38.708 [Forwarding isElementDisplayed on session 651ff4951b5d87c03411b696ee8a910d to remote] DEBUG org.asynchttpclient.netty.request.NettyRequestSender - Using open Channel [id: 0x68358ee2, L:/127.0.0.1:60077 - R:localhost/127.0.0.1:63137] for POST '/session/651ff4951b5d87c03411b696ee8a910d/execute/sync'
17:24:38.747 [AsyncHttpClient-1-8] DEBUG org.asynchttpclient.netty.handler.HttpHandler - 

Request DefaultHttpRequest(decodeResult: success, version: HTTP/1.1)
POST /session/651ff4951b5d87c03411b696ee8a910d/execute/sync HTTP/1.1
User-Agent: selenium/4.1.2 (java windows)
Content-Length: 48780
Content-Type: application/json; charset=utf-8
host: localhost:63137
accept: */*

Response DefaultHttpResponse(decodeResult: success, version: HTTP/1.1)
HTTP/1.1 200 OK
Content-Type: application/json; charset=utf-8
cache-control: no-cache
content-length: 14

17:24:38.748 [AsyncHttpClient-1-8] DEBUG org.asynchttpclient.netty.channel.ChannelManager - Adding key: http://localhost:63137 for channel [id: 0x68358ee2, L:/127.0.0.1:60077 - R:localhost/127.0.0.1:63137]
17:24:38.753 [Forwarding screenshot on session 651ff4951b5d87c03411b696ee8a910d to remote] DEBUG org.asynchttpclient.netty.request.NettyRequestSender - Using pooled Channel '[id: 0x68358ee2, L:/127.0.0.1:60077 - R:localhost/127.0.0.1:63137]' for 'GET' to 'http://localhost:63137/session/651ff4951b5d87c03411b696ee8a910d/screenshot'
17:24:38.942 [AsyncHttpClient-1-1] DEBUG org.asynchttpclient.netty.channel.DefaultChannelPool - Entry count for : http://localhost:60078 : 1
17:24:39.660 [Forwarding screenshot on session 651ff4951b5d87c03411b696ee8a910d to remote] DEBUG org.asynchttpclient.netty.request.NettyRequestSender - Using open Channel [id: 0x68358ee2, L:/127.0.0.1:60077 - R:localhost/127.0.0.1:63137] for GET '/session/651ff4951b5d87c03411b696ee8a910d/screenshot'
17:24:39.828 [AsyncHttpClient-1-8] DEBUG org.asynchttpclient.netty.handler.HttpHandler - 

Request DefaultFullHttpRequest(decodeResult: success, version: HTTP/1.1, content: EmptyByteBufBE)
GET /session/651ff4951b5d87c03411b696ee8a910d/screenshot HTTP/1.1
User-Agent: selenium/4.1.2 (java windows)
Cache-Control: no-cache
Content-Type: application/json; charset=utf-8
host: localhost:63137
accept: */*

Response DefaultHttpResponse(decodeResult: success, version: HTTP/1.1)
HTTP/1.1 200 OK
Content-Type: application/json; charset=utf-8
cache-control: no-cache
content-length: 94340

17:24:39.829 [AsyncHttpClient-1-8] DEBUG org.asynchttpclient.netty.channel.ChannelManager - Adding key: http://localhost:63137 for channel [id: 0x68358ee2, L:/127.0.0.1:60077 - R:localhost/127.0.0.1:63137]
17:24:39.838 [main] DEBUG net.serenitybdd.core.photography.Darkroom - Send negative for processing for target\site\serenity\f39e6e4ff19dc45649288efcebd2e6801b34da6a3577481c2eebdec552c46e0b.png
17:24:39.838 [main] DEBUG net.thucydides.core.steps.StepInterceptor - STEP DONE: newAppointmentCancel
  &amp#27;[32mThen &amp#27;[0m&amp#27;[32mI exit from Appointment form&amp#27;[0m              &amp#27;[90m# starter.stepdefinitions.AppointmentSteps.iExitFromAppointmentForm()&amp#27;[0m
17:24:39.839 [Darkroom Processing Line] DEBUG net.serenitybdd.core.photography.DarkroomProcessingLine - Processing screenshot image in /var/screenshots/screenshot-1240194393609193
17:24:39.839 [Darkroom Processing Line] DEBUG net.serenitybdd.core.photography.DarkroomProcessingLine - Saving screenshot to target\site\serenity\f39e6e4ff19dc45649288efcebd2e6801b34da6a3577481c2eebdec552c46e0b.png
17:24:39.850 [main] INFO  - 
  _____   ___   ___   _____     ___     _     ___   ___   ___   ___  
 |_   _| | __| / __| |_   _|   | _ \   /_\   / __| / __| | __| |   \ 
   | |   | _|  \__ \   | |     |  _/  / _ \  \__ \ \__ \ | _|  | |) |
   |_|   |___| |___/   |_|     |_|   /_/ \_\ |___/ |___/ |___| |___/ 

Cancel Create New Appointment Scenario
----------------------------------------------------------------------
17:24:39.852 [AsyncHttpClient-1-2] DEBUG org.asynchttpclient.netty.handler.WebSocketHandler - Channel Closed: [id: 0x0799fe25, L:/127.0.0.1:60084 ! R:localhost/127.0.0.1:60078] with attribute NettyResponseFuture{currentRetry=5,
	isDone=1,
	isCancelled=0,
	asyncHandler=org.asynchttpclient.ws.WebSocketUpgradeHandler@5bcff650,
	nettyRequest=org.asynchttpclient.netty.request.NettyRequest@30c2122,
	future=java.util.concurrent.CompletableFuture@1e22c72[Completed normally],
	uri=ws://localhost:60078/devtools/browser/229feab6-e87a-4860-af74-61b7a61d3d72,
	keepAlive=true,
	redirectCount=0,
	timeoutsHolder=null,
	inAuth=0,
	touch=1655375064902}
17:24:39.853 [AsyncHttpClient-1-2] DEBUG org.asynchttpclient.netty.channel.ChannelManager - Closing Channel [id: 0x0799fe25, L:/127.0.0.1:60084 ! R:localhost/127.0.0.1:60078] 
17:24:39.857 [Driver Command Executor] DEBUG org.asynchttpclient.netty.request.NettyRequestSender - Using pooled Channel '[id: 0x68358ee2, L:/127.0.0.1:60077 - R:localhost/127.0.0.1:63137]' for 'DELETE' to 'http://localhost:63137/session/651ff4951b5d87c03411b696ee8a910d'
17:24:39.857 [Driver Command Executor] DEBUG org.asynchttpclient.netty.request.NettyRequestSender - Using open Channel [id: 0x68358ee2, L:/127.0.0.1:60077 - R:localhost/127.0.0.1:63137] for DELETE '/session/651ff4951b5d87c03411b696ee8a910d'
17:24:39.910 [AsyncHttpClient-1-9] DEBUG org.asynchttpclient.netty.handler.HttpHandler - Unexpected I/O exception on channel [id: 0x4a7ad7e1, L:/127.0.0.1:60083 - R:localhost/127.0.0.1:60078]
java.net.SocketException: Connection reset
	at java.base/sun.nio.ch.SocketChannelImpl.throwConnectionReset(SocketChannelImpl.java:367)
	at java.base/sun.nio.ch.SocketChannelImpl.read(SocketChannelImpl.java:398)
	at io.netty.buffer.PooledByteBuf.setBytes(PooledByteBuf.java:258)
	at io.netty.buffer.AbstractByteBuf.writeBytes(AbstractByteBuf.java:1132)
	at io.netty.channel.socket.nio.NioSocketChannel.doReadBytes(NioSocketChannel.java:350)
	at io.netty.channel.nio.AbstractNioByteChannel$NioByteUnsafe.read(AbstractNioByteChannel.java:151)
	at io.netty.channel.nio.NioEventLoop.processSelectedKey(NioEventLoop.java:722)
	at io.netty.channel.nio.NioEventLoop.processSelectedKeysOptimized(NioEventLoop.java:658)
	at io.netty.channel.nio.NioEventLoop.processSelectedKeys(NioEventLoop.java:584)
	at io.netty.channel.nio.NioEventLoop.run(NioEventLoop.java:496)
	at io.netty.util.concurrent.SingleThreadEventExecutor$4.run(SingleThreadEventExecutor.java:986)
	at io.netty.util.internal.ThreadExecutorMap$2.run(ThreadExecutorMap.java:74)
	at io.netty.util.concurrent.FastThreadLocalRunnable.run(FastThreadLocalRunnable.java:30)
	at java.base/java.lang.Thread.run(Thread.java:832)
17:24:39.910 [AsyncHttpClient-1-9] DEBUG org.asynchttpclient.netty.channel.ChannelManager - Closing Channel [id: 0x4a7ad7e1, L:/127.0.0.1:60083 - R:localhost/127.0.0.1:60078] 
17:24:39.911 [AsyncHttpClient-1-9] DEBUG org.asynchttpclient.netty.handler.HttpHandler - Channel Closed: [id: 0x4a7ad7e1, L:/127.0.0.1:60083 ! R:localhost/127.0.0.1:60078] with attribute DISCARD
17:24:39.950 [AsyncHttpClient-1-8] DEBUG org.asynchttpclient.netty.handler.HttpHandler - 

Request DefaultFullHttpRequest(decodeResult: success, version: HTTP/1.1, content: EmptyByteBufBE)
DELETE /session/651ff4951b5d87c03411b696ee8a910d HTTP/1.1
User-Agent: selenium/4.1.2 (java windows)
Content-Type: application/json; charset=utf-8
host: localhost:63137
accept: */*

Response DefaultHttpResponse(decodeResult: success, version: HTTP/1.1)
HTTP/1.1 200 OK
Content-Type: application/json; charset=utf-8
cache-control: no-cache
content-length: 14

17:24:39.950 [AsyncHttpClient-1-8] DEBUG org.asynchttpclient.netty.channel.ChannelManager - Adding key: http://localhost:63137 for channel [id: 0x68358ee2, L:/127.0.0.1:60077 - R:localhost/127.0.0.1:63137]
17:24:40.194 [AsyncHttpClient-1-8] DEBUG org.asynchttpclient.netty.handler.HttpHandler - Channel Closed: [id: 0x68358ee2, L:/127.0.0.1:60077 ! R:localhost/127.0.0.1:63137] with attribute DISCARD
]]></system-out>
    <system-err><![CDATA[Starting ChromeDriver 102.0.5005.61 (0e59bcc00cc4985ce39ad31c150065f159d95ad3-refs/branch-heads/5005@{#819}) on port 63137
Only local connections are allowed.
Please see https://chromedriver.chromium.org/security-considerations for suggestions on keeping ChromeDriver safe.
ChromeDriver was started successfully.
Jun 16, 2022 5:24:24 PM org.openqa.selenium.remote.ProtocolHandshake createSession
INFO: Detected dialect: W3C
Jun 16, 2022 5:24:24 PM org.openqa.selenium.devtools.CdpVersionFinder findNearestMatch
WARNING: Unable to find an exact match for CDP version 102, so returning the closest version found: a no-op implementation
Jun 16, 2022 5:24:24 PM org.openqa.selenium.devtools.CdpVersionFinder findNearestMatch
INFO: Unable to find CDP implementation matching 102.
Jun 16, 2022 5:24:24 PM org.openqa.selenium.chromium.ChromiumDriver lambda$new$3
WARNING: Unable to find version of CDP to use for . You may need to include a dependency on a specific version of the CDP using something similar to `org.seleniumhq.selenium:selenium-devtools-v86:4.1.2` where the version ("v86") matches the version of the chromium-based browser you're using and the version number of the artifact is the same as Selenium's.
]]></system-err>
  </testcase>
  <testcase name="Edit Existing Appointment Data Scenario" classname="Appointment" time="20.549">
    <system-out><![CDATA[17:24:40.742 [AsyncHttpClient-1-1] DEBUG org.asynchttpclient.netty.channel.DefaultChannelPool - Entry count for : http://localhost:63137 : 1
17:24:40.753 [AsyncHttpClient-1-1] DEBUG org.asynchttpclient.netty.channel.DefaultChannelPool - Entry count for : http://localhost:60078 : 1
17:24:40.754 [AsyncHttpClient-1-1] DEBUG org.asynchttpclient.netty.channel.DefaultChannelPool - Adding Candidate expired Channel [id: 0x68358ee2, L:/127.0.0.1:60077 ! R:localhost/127.0.0.1:63137] isIdleTimeoutExpired=false isRemotelyClosed=true isTtlExpired=false
17:24:40.754 [AsyncHttpClient-1-1] DEBUG org.asynchttpclient.netty.channel.DefaultChannelPool - Closing Idle Channel [id: 0x68358ee2, L:/127.0.0.1:60077 ! R:localhost/127.0.0.1:63137]
17:24:40.754 [AsyncHttpClient-1-1] DEBUG org.asynchttpclient.netty.channel.DefaultChannelPool - Adding Candidate expired Channel [id: 0x4a7ad7e1, L:/127.0.0.1:60083 ! R:localhost/127.0.0.1:60078] isIdleTimeoutExpired=false isRemotelyClosed=true isTtlExpired=false
17:24:40.754 [AsyncHttpClient-1-1] DEBUG org.asynchttpclient.netty.channel.DefaultChannelPool - Closing Idle Channel [id: 0x4a7ad7e1, L:/127.0.0.1:60083 ! R:localhost/127.0.0.1:60078]
17:24:40.755 [AsyncHttpClient-1-1] DEBUG org.asynchttpclient.netty.channel.DefaultChannelPool - Closed 2 connections out of 2 in 1 ms

@Appointment
Scenario: Edit Existing Appointment Data Scenario   &amp#27;[90m# src/test/resources/features/1.Appointment.feature:31&amp#27;[0m
17:24:40.762 [main] INFO io.cucumber.core.plugin.SerenityReporter - Running feature from file:///E:/My%20Documents/File%20Difa/TI%20Semester%206%20Kampus%20Merdeka%20Alterra/Tugas/CAPSTONE%20Project/Capstone-Project-Website/src/test/resources/features/1.Appointment.feature
17:24:40.767 [main] INFO  - 
  _____   ___   ___   _____     ___   _____     _     ___   _____   ___   ___  
 |_   _| | __| / __| |_   _|   / __| |_   _|   /_\   | _ \ |_   _| | __| |   \ 
   | |   | _|  \__ \   | |     \__ \   | |    / _ \  |   /   | |   | _|  | |) |
   |_|   |___| |___/   |_|     |___/   |_|   /_/ \_\ |_|_\   |_|   |___| |___/ 

Edit Existing Appointment Data Scenario(appointment;edit-existing-appointment-data-scenario)
--------------------------------------------------------------------------------
17:24:40.796 [main] DEBUG net.thucydides.core.steps.StepInterceptor - STARTING STEP: DashboardSteps.iAmOnTheDashboardPage - openUrl
17:24:40.799 [main] INFO net.serenitybdd.core.webdriver.driverproviders.ChromeDriverProvider - Using automatically driver download
17:24:41.214 [main] DEBUG io.github.bonigarcia.wdm.cache.ResolutionCache - Resolution chrome=102 in cache (valid until 18:07:22 16/06/2022 ICT)
17:24:41.221 [main] DEBUG io.github.bonigarcia.wdm.cache.ResolutionCache - Resolution chrome102=102.0.5005.61 in cache (valid until 15:56:01 17/06/2022 ICT)
17:24:41.224 [main] INFO io.github.bonigarcia.wdm.WebDriverManager - Using chromedriver 102.0.5005.61 (resolved driver for Chrome 102)
17:24:41.240 [main] DEBUG io.github.bonigarcia.wdm.WebDriverManager - Driver chromedriver 102.0.5005.61 found in cache
17:24:41.240 [main] INFO io.github.bonigarcia.wdm.WebDriverManager - Exporting webdriver.chrome.driver as C:\Users\USER\.cache\selenium\chromedriver\win32\102.0.5005.61\chromedriver.exe
17:24:41.443 [main] DEBUG net.serenitybdd.core.webdriver.driverproviders.ProvideNewDriver - Instantiating driver
17:24:41.443 [main] DEBUG net.serenitybdd.core.webdriver.driverproviders.ProvideNewDriver - Driver capabilities: Capabilities {acceptInsecureCerts: false, base.url: https://hospital-management..., browserName: chrome, chrome.driver: src/test/resources/webdrive..., driver: chrome, goog:chromeOptions: {args: [], extensions: []}}
17:24:42.517 [AsyncHttpClient-1-3] DEBUG org.asynchttpclient.netty.channel.NettyConnectListener - Using new Channel '[id: 0x088ff4ef, L:/127.0.0.1:60101 - R:localhost/127.0.0.1:61265]' for 'POST' to '/session'
17:24:44.584 [AsyncHttpClient-1-3] DEBUG org.asynchttpclient.netty.handler.HttpHandler - 

Request DefaultHttpRequest(decodeResult: success, version: HTTP/1.1)
POST /session HTTP/1.1
User-Agent: selenium/4.1.2 (java windows)
Content-Length: 621
Content-Type: application/json; charset=utf-8
host: localhost:61265
accept: */*

Response DefaultHttpResponse(decodeResult: success, version: HTTP/1.1)
HTTP/1.1 200 OK
Content-Type: application/json; charset=utf-8
cache-control: no-cache
content-length: 788

17:24:44.584 [AsyncHttpClient-1-3] DEBUG org.asynchttpclient.netty.channel.ChannelManager - Adding key: http://localhost:61265 for channel [id: 0x088ff4ef, L:/127.0.0.1:60101 - R:localhost/127.0.0.1:61265]
17:24:44.597 [AsyncHttpClient-1-4] DEBUG org.asynchttpclient.netty.channel.NettyConnectListener - Using new Channel '[id: 0x07a1a24d, L:/127.0.0.1:60107 - R:localhost/127.0.0.1:60102]' for 'GET' to '/json/version'
17:24:44.598 [AsyncHttpClient-1-4] DEBUG org.asynchttpclient.netty.handler.HttpHandler - 

Request DefaultFullHttpRequest(decodeResult: success, version: HTTP/1.1, content: EmptyByteBufBE)
GET /json/version HTTP/1.1
User-Agent: selenium/4.1.2 (java windows)
host: localhost:60102
accept: */*

Response DefaultHttpResponse(decodeResult: success, version: HTTP/1.1)
HTTP/1.1 200 OK
Content-Type: application/json; charset=UTF-8
content-length: 427

17:24:44.598 [AsyncHttpClient-1-4] DEBUG org.asynchttpclient.netty.channel.ChannelManager - Adding key: http://localhost:60102 for channel [id: 0x07a1a24d, L:/127.0.0.1:60107 - R:localhost/127.0.0.1:60102]
17:24:44.600 [AsyncHttpClient-1-5] DEBUG org.asynchttpclient.netty.channel.NettyConnectListener - Using new Channel '[id: 0x2b656b00, L:/127.0.0.1:60108 - R:localhost/127.0.0.1:60102]' for 'GET' to '/devtools/browser/2995cefc-68ea-447f-a96c-6f669621150a'
17:24:44.601 [AsyncHttpClient-1-5] DEBUG org.asynchttpclient.netty.handler.WebSocketHandler - 

Request DefaultFullHttpRequest(decodeResult: success, version: HTTP/1.1, content: EmptyByteBufBE)
GET /devtools/browser/2995cefc-68ea-447f-a96c-6f669621150a HTTP/1.1
upgrade: websocket
connection: upgrade
sec-websocket-key: Holrefjq/mdPBoQejrSDdg==
sec-websocket-version: 13
origin: http://localhost:60102
host: localhost:60102
accept: */*
user-agent: AHC/2.1

Response DefaultHttpResponse(decodeResult: success, version: HTTP/1.1)
HTTP/1.1 101 WebSocket Protocol Handshake
Upgrade: WebSocket
Connection: Upgrade
Sec-WebSocket-Accept: /gFTVmI7dwMfXAA3LvLDYWyAu8I=

17:24:44.606 [Forwarding maximizeCurrentWindow on session a9c39c38359817eb74514280ace43d2e to remote] DEBUG org.asynchttpclient.netty.request.NettyRequestSender - Using pooled Channel '[id: 0x088ff4ef, L:/127.0.0.1:60101 - R:localhost/127.0.0.1:61265]' for 'POST' to 'http://localhost:61265/session/a9c39c38359817eb74514280ace43d2e/window/maximize'
17:24:44.606 [Forwarding maximizeCurrentWindow on session a9c39c38359817eb74514280ace43d2e to remote] DEBUG org.asynchttpclient.netty.request.NettyRequestSender - Using open Channel [id: 0x088ff4ef, L:/127.0.0.1:60101 - R:localhost/127.0.0.1:61265] for POST '/session/a9c39c38359817eb74514280ace43d2e/window/maximize'
17:24:44.721 [AsyncHttpClient-1-3] DEBUG org.asynchttpclient.netty.handler.HttpHandler - 

Request DefaultHttpRequest(decodeResult: success, version: HTTP/1.1)
POST /session/a9c39c38359817eb74514280ace43d2e/window/maximize HTTP/1.1
User-Agent: selenium/4.1.2 (java windows)
Content-Length: 3
Content-Type: application/json; charset=utf-8
host: localhost:61265
accept: */*

Response DefaultHttpResponse(decodeResult: success, version: HTTP/1.1)
HTTP/1.1 200 OK
Content-Type: application/json; charset=utf-8
cache-control: no-cache
content-length: 51

17:24:44.721 [AsyncHttpClient-1-3] DEBUG org.asynchttpclient.netty.channel.ChannelManager - Adding key: http://localhost:61265 for channel [id: 0x088ff4ef, L:/127.0.0.1:60101 - R:localhost/127.0.0.1:61265]
17:24:44.723 [Forwarding get on session a9c39c38359817eb74514280ace43d2e to remote] DEBUG org.asynchttpclient.netty.request.NettyRequestSender - Using pooled Channel '[id: 0x088ff4ef, L:/127.0.0.1:60101 - R:localhost/127.0.0.1:61265]' for 'POST' to 'http://localhost:61265/session/a9c39c38359817eb74514280ace43d2e/url'
17:24:44.723 [Forwarding get on session a9c39c38359817eb74514280ace43d2e to remote] DEBUG org.asynchttpclient.netty.request.NettyRequestSender - Using open Channel [id: 0x088ff4ef, L:/127.0.0.1:60101 - R:localhost/127.0.0.1:61265] for POST '/session/a9c39c38359817eb74514280ace43d2e/url'
17:24:45.143 [AsyncHttpClient-1-1] DEBUG org.asynchttpclient.netty.channel.DefaultChannelPool - Entry count for : http://localhost:60102 : 1
17:24:46.242 [AsyncHttpClient-1-1] DEBUG org.asynchttpclient.netty.channel.DefaultChannelPool - Entry count for : http://localhost:60102 : 1
17:24:47.346 [AsyncHttpClient-1-1] DEBUG org.asynchttpclient.netty.channel.DefaultChannelPool - Entry count for : http://localhost:60102 : 1
17:24:47.635 [AsyncHttpClient-1-3] DEBUG org.asynchttpclient.netty.handler.HttpHandler - 

Request DefaultHttpRequest(decodeResult: success, version: HTTP/1.1)
POST /session/a9c39c38359817eb74514280ace43d2e/url HTTP/1.1
User-Agent: selenium/4.1.2 (java windows)
Content-Length: 65
Content-Type: application/json; charset=utf-8
host: localhost:61265
accept: */*

Response DefaultHttpResponse(decodeResult: success, version: HTTP/1.1)
HTTP/1.1 200 OK
Content-Type: application/json; charset=utf-8
cache-control: no-cache
content-length: 14

17:24:47.636 [AsyncHttpClient-1-3] DEBUG org.asynchttpclient.netty.channel.ChannelManager - Adding key: http://localhost:61265 for channel [id: 0x088ff4ef, L:/127.0.0.1:60101 - R:localhost/127.0.0.1:61265]
17:24:47.639 [Forwarding setTimeout on session a9c39c38359817eb74514280ace43d2e to remote] DEBUG org.asynchttpclient.netty.request.NettyRequestSender - Using pooled Channel '[id: 0x088ff4ef, L:/127.0.0.1:60101 - R:localhost/127.0.0.1:61265]' for 'POST' to 'http://localhost:61265/session/a9c39c38359817eb74514280ace43d2e/timeouts'
17:24:47.639 [Forwarding setTimeout on session a9c39c38359817eb74514280ace43d2e to remote] DEBUG org.asynchttpclient.netty.request.NettyRequestSender - Using open Channel [id: 0x088ff4ef, L:/127.0.0.1:60101 - R:localhost/127.0.0.1:61265] for POST '/session/a9c39c38359817eb74514280ace43d2e/timeouts'
17:24:47.642 [AsyncHttpClient-1-3] DEBUG org.asynchttpclient.netty.handler.HttpHandler - 

Request DefaultHttpRequest(decodeResult: success, version: HTTP/1.1)
POST /session/a9c39c38359817eb74514280ace43d2e/timeouts HTTP/1.1
User-Agent: selenium/4.1.2 (java windows)
Content-Length: 22
Content-Type: application/json; charset=utf-8
host: localhost:61265
accept: */*

Response DefaultHttpResponse(decodeResult: success, version: HTTP/1.1)
HTTP/1.1 200 OK
Content-Type: application/json; charset=utf-8
cache-control: no-cache
content-length: 14

17:24:47.642 [AsyncHttpClient-1-3] DEBUG org.asynchttpclient.netty.channel.ChannelManager - Adding key: http://localhost:61265 for channel [id: 0x088ff4ef, L:/127.0.0.1:60101 - R:localhost/127.0.0.1:61265]
17:24:47.650 [Forwarding getCurrentUrl on session a9c39c38359817eb74514280ace43d2e to remote] DEBUG org.asynchttpclient.netty.request.NettyRequestSender - Using pooled Channel '[id: 0x088ff4ef, L:/127.0.0.1:60101 - R:localhost/127.0.0.1:61265]' for 'GET' to 'http://localhost:61265/session/a9c39c38359817eb74514280ace43d2e/url'
17:24:47.650 [Forwarding getCurrentUrl on session a9c39c38359817eb74514280ace43d2e to remote] DEBUG org.asynchttpclient.netty.request.NettyRequestSender - Using open Channel [id: 0x088ff4ef, L:/127.0.0.1:60101 - R:localhost/127.0.0.1:61265] for GET '/session/a9c39c38359817eb74514280ace43d2e/url'
17:24:47.771 [AsyncHttpClient-1-3] DEBUG org.asynchttpclient.netty.handler.HttpHandler - 

Request DefaultFullHttpRequest(decodeResult: success, version: HTTP/1.1, content: EmptyByteBufBE)
GET /session/a9c39c38359817eb74514280ace43d2e/url HTTP/1.1
User-Agent: selenium/4.1.2 (java windows)
Cache-Control: no-cache
Content-Type: application/json; charset=utf-8
host: localhost:61265
accept: */*

Response DefaultHttpResponse(decodeResult: success, version: HTTP/1.1)
HTTP/1.1 200 OK
Content-Type: application/json; charset=utf-8
cache-control: no-cache
content-length: 53

17:24:47.771 [AsyncHttpClient-1-3] DEBUG org.asynchttpclient.netty.channel.ChannelManager - Adding key: http://localhost:61265 for channel [id: 0x088ff4ef, L:/127.0.0.1:60101 - R:localhost/127.0.0.1:61265]
17:24:47.775 [Forwarding getCurrentUrl on session a9c39c38359817eb74514280ace43d2e to remote] DEBUG org.asynchttpclient.netty.request.NettyRequestSender - Using pooled Channel '[id: 0x088ff4ef, L:/127.0.0.1:60101 - R:localhost/127.0.0.1:61265]' for 'GET' to 'http://localhost:61265/session/a9c39c38359817eb74514280ace43d2e/url'
17:24:47.776 [Forwarding getCurrentUrl on session a9c39c38359817eb74514280ace43d2e to remote] DEBUG org.asynchttpclient.netty.request.NettyRequestSender - Using open Channel [id: 0x088ff4ef, L:/127.0.0.1:60101 - R:localhost/127.0.0.1:61265] for GET '/session/a9c39c38359817eb74514280ace43d2e/url'
17:24:47.781 [AsyncHttpClient-1-3] DEBUG org.asynchttpclient.netty.handler.HttpHandler - 

Request DefaultFullHttpRequest(decodeResult: success, version: HTTP/1.1, content: EmptyByteBufBE)
GET /session/a9c39c38359817eb74514280ace43d2e/url HTTP/1.1
User-Agent: selenium/4.1.2 (java windows)
Cache-Control: no-cache
Content-Type: application/json; charset=utf-8
host: localhost:61265
accept: */*

Response DefaultHttpResponse(decodeResult: success, version: HTTP/1.1)
HTTP/1.1 200 OK
Content-Type: application/json; charset=utf-8
cache-control: no-cache
content-length: 53

17:24:47.782 [AsyncHttpClient-1-3] DEBUG org.asynchttpclient.netty.channel.ChannelManager - Adding key: http://localhost:61265 for channel [id: 0x088ff4ef, L:/127.0.0.1:60101 - R:localhost/127.0.0.1:61265]
17:24:47.788 [Forwarding screenshot on session a9c39c38359817eb74514280ace43d2e to remote] DEBUG org.asynchttpclient.netty.request.NettyRequestSender - Using pooled Channel '[id: 0x088ff4ef, L:/127.0.0.1:60101 - R:localhost/127.0.0.1:61265]' for 'GET' to 'http://localhost:61265/session/a9c39c38359817eb74514280ace43d2e/screenshot'
17:24:47.789 [Forwarding screenshot on session a9c39c38359817eb74514280ace43d2e to remote] DEBUG org.asynchttpclient.netty.request.NettyRequestSender - Using open Channel [id: 0x088ff4ef, L:/127.0.0.1:60101 - R:localhost/127.0.0.1:61265] for GET '/session/a9c39c38359817eb74514280ace43d2e/screenshot'
17:24:48.033 [AsyncHttpClient-1-3] DEBUG org.asynchttpclient.netty.handler.HttpHandler - 

Request DefaultFullHttpRequest(decodeResult: success, version: HTTP/1.1, content: EmptyByteBufBE)
GET /session/a9c39c38359817eb74514280ace43d2e/screenshot HTTP/1.1
User-Agent: selenium/4.1.2 (java windows)
Cache-Control: no-cache
Content-Type: application/json; charset=utf-8
host: localhost:61265
accept: */*

Response DefaultHttpResponse(decodeResult: success, version: HTTP/1.1)
HTTP/1.1 200 OK
Content-Type: application/json; charset=utf-8
cache-control: no-cache
content-length: 324684

17:24:48.036 [AsyncHttpClient-1-3] DEBUG org.asynchttpclient.netty.channel.ChannelManager - Adding key: http://localhost:61265 for channel [id: 0x088ff4ef, L:/127.0.0.1:60101 - R:localhost/127.0.0.1:61265]
17:24:48.056 [main] DEBUG net.serenitybdd.core.photography.Darkroom - Send negative for processing for target\site\serenity\703dc9c6f2407a125ee249d32232e27a26479e8a3e0b794d380b0ca5674ffa58.png
17:24:48.057 [main] DEBUG net.thucydides.core.steps.StepInterceptor - STEP DONE: openUrl
17:24:48.057 [Darkroom Processing Line] DEBUG net.serenitybdd.core.photography.DarkroomProcessingLine - Processing screenshot image in /var/screenshots/screenshot-1193390192619212171
17:24:48.057 [Darkroom Processing Line] DEBUG net.serenitybdd.core.photography.DarkroomProcessingLine - Saving screenshot to target\site\serenity\703dc9c6f2407a125ee249d32232e27a26479e8a3e0b794d380b0ca5674ffa58.png
17:24:48.066 [main] DEBUG net.thucydides.core.steps.StepInterceptor - STARTING STEP: DashboardSteps.iAmOnTheDashboardPage - validateOnDashboardPage
17:24:48.069 [Forwarding findElement on session a9c39c38359817eb74514280ace43d2e to remote] DEBUG org.asynchttpclient.netty.request.NettyRequestSender - Using pooled Channel '[id: 0x088ff4ef, L:/127.0.0.1:60101 - R:localhost/127.0.0.1:61265]' for 'POST' to 'http://localhost:61265/session/a9c39c38359817eb74514280ace43d2e/element'
17:24:48.069 [Forwarding findElement on session a9c39c38359817eb74514280ace43d2e to remote] DEBUG org.asynchttpclient.netty.request.NettyRequestSender - Using open Channel [id: 0x088ff4ef, L:/127.0.0.1:60101 - R:localhost/127.0.0.1:61265] for POST '/session/a9c39c38359817eb74514280ace43d2e/element'
17:24:48.086 [AsyncHttpClient-1-3] DEBUG org.asynchttpclient.netty.handler.HttpHandler - 

Request DefaultHttpRequest(decodeResult: success, version: HTTP/1.1)
POST /session/a9c39c38359817eb74514280ace43d2e/element HTTP/1.1
User-Agent: selenium/4.1.2 (java windows)
Content-Length: 81
Content-Type: application/json; charset=utf-8
host: localhost:61265
accept: */*

Response DefaultHttpResponse(decodeResult: success, version: HTTP/1.1)
HTTP/1.1 200 OK
Content-Type: application/json; charset=utf-8
cache-control: no-cache
content-length: 88

17:24:48.086 [AsyncHttpClient-1-3] DEBUG org.asynchttpclient.netty.channel.ChannelManager - Adding key: http://localhost:61265 for channel [id: 0x088ff4ef, L:/127.0.0.1:60101 - R:localhost/127.0.0.1:61265]
17:24:48.093 [Forwarding isElementDisplayed on session a9c39c38359817eb74514280ace43d2e to remote] DEBUG org.asynchttpclient.netty.request.NettyRequestSender - Using pooled Channel '[id: 0x088ff4ef, L:/127.0.0.1:60101 - R:localhost/127.0.0.1:61265]' for 'POST' to 'http://localhost:61265/session/a9c39c38359817eb74514280ace43d2e/execute/sync'
17:24:48.093 [Forwarding isElementDisplayed on session a9c39c38359817eb74514280ace43d2e to remote] DEBUG org.asynchttpclient.netty.request.NettyRequestSender - Using open Channel [id: 0x088ff4ef, L:/127.0.0.1:60101 - R:localhost/127.0.0.1:61265] for POST '/session/a9c39c38359817eb74514280ace43d2e/execute/sync'
17:24:48.113 [AsyncHttpClient-1-3] DEBUG org.asynchttpclient.netty.handler.HttpHandler - 

Request DefaultHttpRequest(decodeResult: success, version: HTTP/1.1)
POST /session/a9c39c38359817eb74514280ace43d2e/execute/sync HTTP/1.1
User-Agent: selenium/4.1.2 (java windows)
Content-Length: 48780
Content-Type: application/json; charset=utf-8
host: localhost:61265
accept: */*

Response DefaultHttpResponse(decodeResult: success, version: HTTP/1.1)
HTTP/1.1 200 OK
Content-Type: application/json; charset=utf-8
cache-control: no-cache
content-length: 14

17:24:48.113 [AsyncHttpClient-1-3] DEBUG org.asynchttpclient.netty.channel.ChannelManager - Adding key: http://localhost:61265 for channel [id: 0x088ff4ef, L:/127.0.0.1:60101 - R:localhost/127.0.0.1:61265]
17:24:48.119 [Forwarding screenshot on session a9c39c38359817eb74514280ace43d2e to remote] DEBUG org.asynchttpclient.netty.request.NettyRequestSender - Using pooled Channel '[id: 0x088ff4ef, L:/127.0.0.1:60101 - R:localhost/127.0.0.1:61265]' for 'GET' to 'http://localhost:61265/session/a9c39c38359817eb74514280ace43d2e/screenshot'
17:24:48.119 [Forwarding screenshot on session a9c39c38359817eb74514280ace43d2e to remote] DEBUG org.asynchttpclient.netty.request.NettyRequestSender - Using open Channel [id: 0x088ff4ef, L:/127.0.0.1:60101 - R:localhost/127.0.0.1:61265] for GET '/session/a9c39c38359817eb74514280ace43d2e/screenshot'
17:24:48.369 [AsyncHttpClient-1-3] DEBUG org.asynchttpclient.netty.handler.HttpHandler - 

Request DefaultFullHttpRequest(decodeResult: success, version: HTTP/1.1, content: EmptyByteBufBE)
GET /session/a9c39c38359817eb74514280ace43d2e/screenshot HTTP/1.1
User-Agent: selenium/4.1.2 (java windows)
Cache-Control: no-cache
Content-Type: application/json; charset=utf-8
host: localhost:61265
accept: */*

Response DefaultHttpResponse(decodeResult: success, version: HTTP/1.1)
HTTP/1.1 200 OK
Content-Type: application/json; charset=utf-8
cache-control: no-cache
content-length: 324684

17:24:48.371 [AsyncHttpClient-1-3] DEBUG org.asynchttpclient.netty.channel.ChannelManager - Adding key: http://localhost:61265 for channel [id: 0x088ff4ef, L:/127.0.0.1:60101 - R:localhost/127.0.0.1:61265]
17:24:48.391 [main] DEBUG net.serenitybdd.core.photography.Darkroom - Send negative for processing for target\site\serenity\703dc9c6f2407a125ee249d32232e27a26479e8a3e0b794d380b0ca5674ffa58.png
17:24:48.391 [main] DEBUG net.thucydides.core.steps.StepInterceptor - STEP DONE: validateOnDashboardPage
  &amp#27;[32mGiven &amp#27;[0m&amp#27;[32mI am on the dashboard page&amp#27;[0m                  &amp#27;[90m# starter.stepdefinitions.DashboardSteps.iAmOnTheDashboardPage()&amp#27;[0m
17:24:48.427 [main] DEBUG net.thucydides.core.steps.StepInterceptor - STARTING STEP: AppointmentSteps.iClickMenuAppointment - clickMenuAppointmentButton
17:24:48.433 [Forwarding findElement on session a9c39c38359817eb74514280ace43d2e to remote] DEBUG org.asynchttpclient.netty.request.NettyRequestSender - Using pooled Channel '[id: 0x088ff4ef, L:/127.0.0.1:60101 - R:localhost/127.0.0.1:61265]' for 'POST' to 'http://localhost:61265/session/a9c39c38359817eb74514280ace43d2e/element'
17:24:48.433 [Forwarding findElement on session a9c39c38359817eb74514280ace43d2e to remote] DEBUG org.asynchttpclient.netty.request.NettyRequestSender - Using open Channel [id: 0x088ff4ef, L:/127.0.0.1:60101 - R:localhost/127.0.0.1:61265] for POST '/session/a9c39c38359817eb74514280ace43d2e/element'
17:24:48.448 [AsyncHttpClient-1-1] DEBUG org.asynchttpclient.netty.channel.DefaultChannelPool - Entry count for : http://localhost:60102 : 1
17:24:48.456 [AsyncHttpClient-1-3] DEBUG org.asynchttpclient.netty.handler.HttpHandler - 

Request DefaultHttpRequest(decodeResult: success, version: HTTP/1.1)
POST /session/a9c39c38359817eb74514280ace43d2e/element HTTP/1.1
User-Agent: selenium/4.1.2 (java windows)
Content-Length: 84
Content-Type: application/json; charset=utf-8
host: localhost:61265
accept: */*

Response DefaultHttpResponse(decodeResult: success, version: HTTP/1.1)
HTTP/1.1 200 OK
Content-Type: application/json; charset=utf-8
cache-control: no-cache
content-length: 88

17:24:48.456 [AsyncHttpClient-1-3] DEBUG org.asynchttpclient.netty.channel.ChannelManager - Adding key: http://localhost:61265 for channel [id: 0x088ff4ef, L:/127.0.0.1:60101 - R:localhost/127.0.0.1:61265]
17:24:48.459 [Forwarding getElementTagName on session a9c39c38359817eb74514280ace43d2e to remote] DEBUG org.asynchttpclient.netty.request.NettyRequestSender - Using pooled Channel '[id: 0x088ff4ef, L:/127.0.0.1:60101 - R:localhost/127.0.0.1:61265]' for 'GET' to 'http://localhost:61265/session/a9c39c38359817eb74514280ace43d2e/element/50ad83a6-7de0-447b-be9a-84d32d6385f0/name'
17:24:48.459 [Forwarding getElementTagName on session a9c39c38359817eb74514280ace43d2e to remote] DEBUG org.asynchttpclient.netty.request.NettyRequestSender - Using open Channel [id: 0x088ff4ef, L:/127.0.0.1:60101 - R:localhost/127.0.0.1:61265] for GET '/session/a9c39c38359817eb74514280ace43d2e/element/50ad83a6-7de0-447b-be9a-84d32d6385f0/name'
17:24:48.466 [AsyncHttpClient-1-3] DEBUG org.asynchttpclient.netty.handler.HttpHandler - 

Request DefaultFullHttpRequest(decodeResult: success, version: HTTP/1.1, content: EmptyByteBufBE)
GET /session/a9c39c38359817eb74514280ace43d2e/element/50ad83a6-7de0-447b-be9a-84d32d6385f0/name HTTP/1.1
User-Agent: selenium/4.1.2 (java windows)
Cache-Control: no-cache
Content-Type: application/json; charset=utf-8
host: localhost:61265
accept: */*

Response DefaultHttpResponse(decodeResult: success, version: HTTP/1.1)
HTTP/1.1 200 OK
Content-Type: application/json; charset=utf-8
cache-control: no-cache
content-length: 15

17:24:48.467 [AsyncHttpClient-1-3] DEBUG org.asynchttpclient.netty.channel.ChannelManager - Adding key: http://localhost:61265 for channel [id: 0x088ff4ef, L:/127.0.0.1:60101 - R:localhost/127.0.0.1:61265]
17:24:48.477 [Forwarding getElementTagName on session a9c39c38359817eb74514280ace43d2e to remote] DEBUG org.asynchttpclient.netty.request.NettyRequestSender - Using pooled Channel '[id: 0x088ff4ef, L:/127.0.0.1:60101 - R:localhost/127.0.0.1:61265]' for 'GET' to 'http://localhost:61265/session/a9c39c38359817eb74514280ace43d2e/element/50ad83a6-7de0-447b-be9a-84d32d6385f0/name'
17:24:48.477 [Forwarding getElementTagName on session a9c39c38359817eb74514280ace43d2e to remote] DEBUG org.asynchttpclient.netty.request.NettyRequestSender - Using open Channel [id: 0x088ff4ef, L:/127.0.0.1:60101 - R:localhost/127.0.0.1:61265] for GET '/session/a9c39c38359817eb74514280ace43d2e/element/50ad83a6-7de0-447b-be9a-84d32d6385f0/name'
17:24:48.482 [AsyncHttpClient-1-3] DEBUG org.asynchttpclient.netty.handler.HttpHandler - 

Request DefaultFullHttpRequest(decodeResult: success, version: HTTP/1.1, content: EmptyByteBufBE)
GET /session/a9c39c38359817eb74514280ace43d2e/element/50ad83a6-7de0-447b-be9a-84d32d6385f0/name HTTP/1.1
User-Agent: selenium/4.1.2 (java windows)
Cache-Control: no-cache
Content-Type: application/json; charset=utf-8
host: localhost:61265
accept: */*

Response DefaultHttpResponse(decodeResult: success, version: HTTP/1.1)
HTTP/1.1 200 OK
Content-Type: application/json; charset=utf-8
cache-control: no-cache
content-length: 15

17:24:48.483 [AsyncHttpClient-1-3] DEBUG org.asynchttpclient.netty.channel.ChannelManager - Adding key: http://localhost:61265 for channel [id: 0x088ff4ef, L:/127.0.0.1:60101 - R:localhost/127.0.0.1:61265]
17:24:48.487 [Forwarding findElement on session a9c39c38359817eb74514280ace43d2e to remote] DEBUG org.asynchttpclient.netty.request.NettyRequestSender - Using pooled Channel '[id: 0x088ff4ef, L:/127.0.0.1:60101 - R:localhost/127.0.0.1:61265]' for 'POST' to 'http://localhost:61265/session/a9c39c38359817eb74514280ace43d2e/element'
17:24:48.487 [Forwarding findElement on session a9c39c38359817eb74514280ace43d2e to remote] DEBUG org.asynchttpclient.netty.request.NettyRequestSender - Using open Channel [id: 0x088ff4ef, L:/127.0.0.1:60101 - R:localhost/127.0.0.1:61265] for POST '/session/a9c39c38359817eb74514280ace43d2e/element'
17:24:48.498 [AsyncHttpClient-1-3] DEBUG org.asynchttpclient.netty.handler.HttpHandler - 

Request DefaultHttpRequest(decodeResult: success, version: HTTP/1.1)
POST /session/a9c39c38359817eb74514280ace43d2e/element HTTP/1.1
User-Agent: selenium/4.1.2 (java windows)
Content-Length: 84
Content-Type: application/json; charset=utf-8
host: localhost:61265
accept: */*

Response DefaultHttpResponse(decodeResult: success, version: HTTP/1.1)
HTTP/1.1 200 OK
Content-Type: application/json; charset=utf-8
cache-control: no-cache
content-length: 88

17:24:48.498 [AsyncHttpClient-1-3] DEBUG org.asynchttpclient.netty.channel.ChannelManager - Adding key: http://localhost:61265 for channel [id: 0x088ff4ef, L:/127.0.0.1:60101 - R:localhost/127.0.0.1:61265]
17:24:48.500 [Forwarding clickElement on session a9c39c38359817eb74514280ace43d2e to remote] DEBUG org.asynchttpclient.netty.request.NettyRequestSender - Using pooled Channel '[id: 0x088ff4ef, L:/127.0.0.1:60101 - R:localhost/127.0.0.1:61265]' for 'POST' to 'http://localhost:61265/session/a9c39c38359817eb74514280ace43d2e/element/50ad83a6-7de0-447b-be9a-84d32d6385f0/click'
17:24:48.500 [Forwarding clickElement on session a9c39c38359817eb74514280ace43d2e to remote] DEBUG org.asynchttpclient.netty.request.NettyRequestSender - Using open Channel [id: 0x088ff4ef, L:/127.0.0.1:60101 - R:localhost/127.0.0.1:61265] for POST '/session/a9c39c38359817eb74514280ace43d2e/element/50ad83a6-7de0-447b-be9a-84d32d6385f0/click'
17:24:49.200 [AsyncHttpClient-1-3] DEBUG org.asynchttpclient.netty.handler.HttpHandler - 

Request DefaultHttpRequest(decodeResult: success, version: HTTP/1.1)
POST /session/a9c39c38359817eb74514280ace43d2e/element/50ad83a6-7de0-447b-be9a-84d32d6385f0/click HTTP/1.1
User-Agent: selenium/4.1.2 (java windows)
Content-Length: 50
Content-Type: application/json; charset=utf-8
host: localhost:61265
accept: */*

Response DefaultHttpResponse(decodeResult: success, version: HTTP/1.1)
HTTP/1.1 200 OK
Content-Type: application/json; charset=utf-8
cache-control: no-cache
content-length: 14

17:24:49.201 [AsyncHttpClient-1-3] DEBUG org.asynchttpclient.netty.channel.ChannelManager - Adding key: http://localhost:61265 for channel [id: 0x088ff4ef, L:/127.0.0.1:60101 - R:localhost/127.0.0.1:61265]
17:24:49.214 [Forwarding screenshot on session a9c39c38359817eb74514280ace43d2e to remote] DEBUG org.asynchttpclient.netty.request.NettyRequestSender - Using pooled Channel '[id: 0x088ff4ef, L:/127.0.0.1:60101 - R:localhost/127.0.0.1:61265]' for 'GET' to 'http://localhost:61265/session/a9c39c38359817eb74514280ace43d2e/screenshot'
17:24:49.214 [Forwarding screenshot on session a9c39c38359817eb74514280ace43d2e to remote] DEBUG org.asynchttpclient.netty.request.NettyRequestSender - Using open Channel [id: 0x088ff4ef, L:/127.0.0.1:60101 - R:localhost/127.0.0.1:61265] for GET '/session/a9c39c38359817eb74514280ace43d2e/screenshot'
17:24:49.325 [AsyncHttpClient-1-3] DEBUG org.asynchttpclient.netty.handler.HttpHandler - 

Request DefaultFullHttpRequest(decodeResult: success, version: HTTP/1.1, content: EmptyByteBufBE)
GET /session/a9c39c38359817eb74514280ace43d2e/screenshot HTTP/1.1
User-Agent: selenium/4.1.2 (java windows)
Cache-Control: no-cache
Content-Type: application/json; charset=utf-8
host: localhost:61265
accept: */*

Response DefaultHttpResponse(decodeResult: success, version: HTTP/1.1)
HTTP/1.1 200 OK
Content-Type: application/json; charset=utf-8
cache-control: no-cache
content-length: 55200

17:24:49.326 [AsyncHttpClient-1-3] DEBUG org.asynchttpclient.netty.channel.ChannelManager - Adding key: http://localhost:61265 for channel [id: 0x088ff4ef, L:/127.0.0.1:60101 - R:localhost/127.0.0.1:61265]
17:24:49.331 [main] DEBUG net.serenitybdd.core.photography.Darkroom - Send negative for processing for target\site\serenity\77f40bde4a6f42c824b3af4af184e2e7f1347eff52c52220655f63307bc12d17.png
17:24:49.331 [main] DEBUG net.thucydides.core.steps.StepInterceptor - STEP DONE: clickMenuAppointmentButton
  &amp#27;[32mAnd &amp#27;[0m&amp#27;[32mI click menu Appointment&amp#27;[0m                      &amp#27;[90m# starter.stepdefinitions.AppointmentSteps.iClickMenuAppointment()&amp#27;[0m
17:24:49.331 [Darkroom Processing Line] DEBUG net.serenitybdd.core.photography.DarkroomProcessingLine - Processing screenshot image in /var/screenshots/screenshot-8246372001173144783
17:24:49.331 [Darkroom Processing Line] DEBUG net.serenitybdd.core.photography.DarkroomProcessingLine - Saving screenshot to target\site\serenity\77f40bde4a6f42c824b3af4af184e2e7f1347eff52c52220655f63307bc12d17.png
17:24:49.353 [main] DEBUG net.thucydides.core.steps.StepInterceptor - STARTING STEP: AppointmentSteps.iClickEditAppointmentIcon - clickEditAppointmentIcon
17:24:49.360 [Forwarding findElement on session a9c39c38359817eb74514280ace43d2e to remote] DEBUG org.asynchttpclient.netty.request.NettyRequestSender - Using pooled Channel '[id: 0x088ff4ef, L:/127.0.0.1:60101 - R:localhost/127.0.0.1:61265]' for 'POST' to 'http://localhost:61265/session/a9c39c38359817eb74514280ace43d2e/element'
17:24:49.360 [Forwarding findElement on session a9c39c38359817eb74514280ace43d2e to remote] DEBUG org.asynchttpclient.netty.request.NettyRequestSender - Using open Channel [id: 0x088ff4ef, L:/127.0.0.1:60101 - R:localhost/127.0.0.1:61265] for POST '/session/a9c39c38359817eb74514280ace43d2e/element'
17:24:49.542 [AsyncHttpClient-1-1] DEBUG org.asynchttpclient.netty.channel.DefaultChannelPool - Entry count for : http://localhost:60102 : 1
17:24:50.643 [AsyncHttpClient-1-1] DEBUG org.asynchttpclient.netty.channel.DefaultChannelPool - Entry count for : http://localhost:60102 : 1
17:24:51.742 [AsyncHttpClient-1-1] DEBUG org.asynchttpclient.netty.channel.DefaultChannelPool - Entry count for : http://localhost:60102 : 1
17:24:52.842 [AsyncHttpClient-1-1] DEBUG org.asynchttpclient.netty.channel.DefaultChannelPool - Entry count for : http://localhost:60102 : 1
17:24:53.942 [AsyncHttpClient-1-1] DEBUG org.asynchttpclient.netty.channel.DefaultChannelPool - Entry count for : http://localhost:60102 : 1
17:24:54.238 [AsyncHttpClient-1-3] DEBUG org.asynchttpclient.netty.handler.HttpHandler - 

Request DefaultHttpRequest(decodeResult: success, version: HTTP/1.1)
POST /session/a9c39c38359817eb74514280ace43d2e/element HTTP/1.1
User-Agent: selenium/4.1.2 (java windows)
Content-Length: 91
Content-Type: application/json; charset=utf-8
host: localhost:61265
accept: */*

Response DefaultHttpResponse(decodeResult: success, version: HTTP/1.1)
HTTP/1.1 200 OK
Content-Type: application/json; charset=utf-8
cache-control: no-cache
content-length: 88

17:24:54.239 [AsyncHttpClient-1-3] DEBUG org.asynchttpclient.netty.channel.ChannelManager - Adding key: http://localhost:61265 for channel [id: 0x088ff4ef, L:/127.0.0.1:60101 - R:localhost/127.0.0.1:61265]
17:24:54.241 [Forwarding getElementTagName on session a9c39c38359817eb74514280ace43d2e to remote] DEBUG org.asynchttpclient.netty.request.NettyRequestSender - Using pooled Channel '[id: 0x088ff4ef, L:/127.0.0.1:60101 - R:localhost/127.0.0.1:61265]' for 'GET' to 'http://localhost:61265/session/a9c39c38359817eb74514280ace43d2e/element/c2a8729f-fa5b-4a5d-a292-169fef0c8d18/name'
17:24:54.241 [Forwarding getElementTagName on session a9c39c38359817eb74514280ace43d2e to remote] DEBUG org.asynchttpclient.netty.request.NettyRequestSender - Using open Channel [id: 0x088ff4ef, L:/127.0.0.1:60101 - R:localhost/127.0.0.1:61265] for GET '/session/a9c39c38359817eb74514280ace43d2e/element/c2a8729f-fa5b-4a5d-a292-169fef0c8d18/name'
17:24:54.249 [AsyncHttpClient-1-3] DEBUG org.asynchttpclient.netty.handler.HttpHandler - 

Request DefaultFullHttpRequest(decodeResult: success, version: HTTP/1.1, content: EmptyByteBufBE)
GET /session/a9c39c38359817eb74514280ace43d2e/element/c2a8729f-fa5b-4a5d-a292-169fef0c8d18/name HTTP/1.1
User-Agent: selenium/4.1.2 (java windows)
Cache-Control: no-cache
Content-Type: application/json; charset=utf-8
host: localhost:61265
accept: */*

Response DefaultHttpResponse(decodeResult: success, version: HTTP/1.1)
HTTP/1.1 200 OK
Content-Type: application/json; charset=utf-8
cache-control: no-cache
content-length: 18

17:24:54.249 [AsyncHttpClient-1-3] DEBUG org.asynchttpclient.netty.channel.ChannelManager - Adding key: http://localhost:61265 for channel [id: 0x088ff4ef, L:/127.0.0.1:60101 - R:localhost/127.0.0.1:61265]
17:24:54.251 [Forwarding getElementTagName on session a9c39c38359817eb74514280ace43d2e to remote] DEBUG org.asynchttpclient.netty.request.NettyRequestSender - Using pooled Channel '[id: 0x088ff4ef, L:/127.0.0.1:60101 - R:localhost/127.0.0.1:61265]' for 'GET' to 'http://localhost:61265/session/a9c39c38359817eb74514280ace43d2e/element/c2a8729f-fa5b-4a5d-a292-169fef0c8d18/name'
17:24:54.251 [Forwarding getElementTagName on session a9c39c38359817eb74514280ace43d2e to remote] DEBUG org.asynchttpclient.netty.request.NettyRequestSender - Using open Channel [id: 0x088ff4ef, L:/127.0.0.1:60101 - R:localhost/127.0.0.1:61265] for GET '/session/a9c39c38359817eb74514280ace43d2e/element/c2a8729f-fa5b-4a5d-a292-169fef0c8d18/name'
17:24:54.255 [AsyncHttpClient-1-3] DEBUG org.asynchttpclient.netty.handler.HttpHandler - 

Request DefaultFullHttpRequest(decodeResult: success, version: HTTP/1.1, content: EmptyByteBufBE)
GET /session/a9c39c38359817eb74514280ace43d2e/element/c2a8729f-fa5b-4a5d-a292-169fef0c8d18/name HTTP/1.1
User-Agent: selenium/4.1.2 (java windows)
Cache-Control: no-cache
Content-Type: application/json; charset=utf-8
host: localhost:61265
accept: */*

Response DefaultHttpResponse(decodeResult: success, version: HTTP/1.1)
HTTP/1.1 200 OK
Content-Type: application/json; charset=utf-8
cache-control: no-cache
content-length: 18

17:24:54.256 [AsyncHttpClient-1-3] DEBUG org.asynchttpclient.netty.channel.ChannelManager - Adding key: http://localhost:61265 for channel [id: 0x088ff4ef, L:/127.0.0.1:60101 - R:localhost/127.0.0.1:61265]
17:24:54.258 [Forwarding isElementEnabled on session a9c39c38359817eb74514280ace43d2e to remote] DEBUG org.asynchttpclient.netty.request.NettyRequestSender - Using pooled Channel '[id: 0x088ff4ef, L:/127.0.0.1:60101 - R:localhost/127.0.0.1:61265]' for 'GET' to 'http://localhost:61265/session/a9c39c38359817eb74514280ace43d2e/element/c2a8729f-fa5b-4a5d-a292-169fef0c8d18/enabled'
17:24:54.258 [Forwarding isElementEnabled on session a9c39c38359817eb74514280ace43d2e to remote] DEBUG org.asynchttpclient.netty.request.NettyRequestSender - Using open Channel [id: 0x088ff4ef, L:/127.0.0.1:60101 - R:localhost/127.0.0.1:61265] for GET '/session/a9c39c38359817eb74514280ace43d2e/element/c2a8729f-fa5b-4a5d-a292-169fef0c8d18/enabled'
17:24:54.269 [AsyncHttpClient-1-3] DEBUG org.asynchttpclient.netty.handler.HttpHandler - 

Request DefaultFullHttpRequest(decodeResult: success, version: HTTP/1.1, content: EmptyByteBufBE)
GET /session/a9c39c38359817eb74514280ace43d2e/element/c2a8729f-fa5b-4a5d-a292-169fef0c8d18/enabled HTTP/1.1
User-Agent: selenium/4.1.2 (java windows)
Cache-Control: no-cache
Content-Type: application/json; charset=utf-8
host: localhost:61265
accept: */*

Response DefaultHttpResponse(decodeResult: success, version: HTTP/1.1)
HTTP/1.1 200 OK
Content-Type: application/json; charset=utf-8
cache-control: no-cache
content-length: 14

17:24:54.270 [AsyncHttpClient-1-3] DEBUG org.asynchttpclient.netty.channel.ChannelManager - Adding key: http://localhost:61265 for channel [id: 0x088ff4ef, L:/127.0.0.1:60101 - R:localhost/127.0.0.1:61265]
17:24:54.271 [Forwarding isElementEnabled on session a9c39c38359817eb74514280ace43d2e to remote] DEBUG org.asynchttpclient.netty.request.NettyRequestSender - Using pooled Channel '[id: 0x088ff4ef, L:/127.0.0.1:60101 - R:localhost/127.0.0.1:61265]' for 'GET' to 'http://localhost:61265/session/a9c39c38359817eb74514280ace43d2e/element/c2a8729f-fa5b-4a5d-a292-169fef0c8d18/enabled'
17:24:54.272 [Forwarding isElementEnabled on session a9c39c38359817eb74514280ace43d2e to remote] DEBUG org.asynchttpclient.netty.request.NettyRequestSender - Using open Channel [id: 0x088ff4ef, L:/127.0.0.1:60101 - R:localhost/127.0.0.1:61265] for GET '/session/a9c39c38359817eb74514280ace43d2e/element/c2a8729f-fa5b-4a5d-a292-169fef0c8d18/enabled'
17:24:54.279 [AsyncHttpClient-1-3] DEBUG org.asynchttpclient.netty.handler.HttpHandler - 

Request DefaultFullHttpRequest(decodeResult: success, version: HTTP/1.1, content: EmptyByteBufBE)
GET /session/a9c39c38359817eb74514280ace43d2e/element/c2a8729f-fa5b-4a5d-a292-169fef0c8d18/enabled HTTP/1.1
User-Agent: selenium/4.1.2 (java windows)
Cache-Control: no-cache
Content-Type: application/json; charset=utf-8
host: localhost:61265
accept: */*

Response DefaultHttpResponse(decodeResult: success, version: HTTP/1.1)
HTTP/1.1 200 OK
Content-Type: application/json; charset=utf-8
cache-control: no-cache
content-length: 14

17:24:54.279 [AsyncHttpClient-1-3] DEBUG org.asynchttpclient.netty.channel.ChannelManager - Adding key: http://localhost:61265 for channel [id: 0x088ff4ef, L:/127.0.0.1:60101 - R:localhost/127.0.0.1:61265]
17:24:54.282 [Forwarding findElement on session a9c39c38359817eb74514280ace43d2e to remote] DEBUG org.asynchttpclient.netty.request.NettyRequestSender - Using pooled Channel '[id: 0x088ff4ef, L:/127.0.0.1:60101 - R:localhost/127.0.0.1:61265]' for 'POST' to 'http://localhost:61265/session/a9c39c38359817eb74514280ace43d2e/element'
17:24:54.282 [Forwarding findElement on session a9c39c38359817eb74514280ace43d2e to remote] DEBUG org.asynchttpclient.netty.request.NettyRequestSender - Using open Channel [id: 0x088ff4ef, L:/127.0.0.1:60101 - R:localhost/127.0.0.1:61265] for POST '/session/a9c39c38359817eb74514280ace43d2e/element'
17:24:54.291 [AsyncHttpClient-1-3] DEBUG org.asynchttpclient.netty.handler.HttpHandler - 

Request DefaultHttpRequest(decodeResult: success, version: HTTP/1.1)
POST /session/a9c39c38359817eb74514280ace43d2e/element HTTP/1.1
User-Agent: selenium/4.1.2 (java windows)
Content-Length: 91
Content-Type: application/json; charset=utf-8
host: localhost:61265
accept: */*

Response DefaultHttpResponse(decodeResult: success, version: HTTP/1.1)
HTTP/1.1 200 OK
Content-Type: application/json; charset=utf-8
cache-control: no-cache
content-length: 88

17:24:54.291 [AsyncHttpClient-1-3] DEBUG org.asynchttpclient.netty.channel.ChannelManager - Adding key: http://localhost:61265 for channel [id: 0x088ff4ef, L:/127.0.0.1:60101 - R:localhost/127.0.0.1:61265]
17:24:54.293 [Forwarding clickElement on session a9c39c38359817eb74514280ace43d2e to remote] DEBUG org.asynchttpclient.netty.request.NettyRequestSender - Using pooled Channel '[id: 0x088ff4ef, L:/127.0.0.1:60101 - R:localhost/127.0.0.1:61265]' for 'POST' to 'http://localhost:61265/session/a9c39c38359817eb74514280ace43d2e/element/c2a8729f-fa5b-4a5d-a292-169fef0c8d18/click'
17:24:54.293 [Forwarding clickElement on session a9c39c38359817eb74514280ace43d2e to remote] DEBUG org.asynchttpclient.netty.request.NettyRequestSender - Using open Channel [id: 0x088ff4ef, L:/127.0.0.1:60101 - R:localhost/127.0.0.1:61265] for POST '/session/a9c39c38359817eb74514280ace43d2e/element/c2a8729f-fa5b-4a5d-a292-169fef0c8d18/click'
17:24:54.788 [AsyncHttpClient-1-3] DEBUG org.asynchttpclient.netty.handler.HttpHandler - 

Request DefaultHttpRequest(decodeResult: success, version: HTTP/1.1)
POST /session/a9c39c38359817eb74514280ace43d2e/element/c2a8729f-fa5b-4a5d-a292-169fef0c8d18/click HTTP/1.1
User-Agent: selenium/4.1.2 (java windows)
Content-Length: 50
Content-Type: application/json; charset=utf-8
host: localhost:61265
accept: */*

Response DefaultHttpResponse(decodeResult: success, version: HTTP/1.1)
HTTP/1.1 200 OK
Content-Type: application/json; charset=utf-8
cache-control: no-cache
content-length: 14

17:24:54.788 [AsyncHttpClient-1-3] DEBUG org.asynchttpclient.netty.channel.ChannelManager - Adding key: http://localhost:61265 for channel [id: 0x088ff4ef, L:/127.0.0.1:60101 - R:localhost/127.0.0.1:61265]
17:24:54.797 [Forwarding screenshot on session a9c39c38359817eb74514280ace43d2e to remote] DEBUG org.asynchttpclient.netty.request.NettyRequestSender - Using pooled Channel '[id: 0x088ff4ef, L:/127.0.0.1:60101 - R:localhost/127.0.0.1:61265]' for 'GET' to 'http://localhost:61265/session/a9c39c38359817eb74514280ace43d2e/screenshot'
17:24:54.797 [Forwarding screenshot on session a9c39c38359817eb74514280ace43d2e to remote] DEBUG org.asynchttpclient.netty.request.NettyRequestSender - Using open Channel [id: 0x088ff4ef, L:/127.0.0.1:60101 - R:localhost/127.0.0.1:61265] for GET '/session/a9c39c38359817eb74514280ace43d2e/screenshot'
17:24:55.043 [AsyncHttpClient-1-1] DEBUG org.asynchttpclient.netty.channel.DefaultChannelPool - Entry count for : http://localhost:60102 : 1
17:24:55.476 [AsyncHttpClient-1-3] DEBUG org.asynchttpclient.netty.handler.HttpHandler - 

Request DefaultFullHttpRequest(decodeResult: success, version: HTTP/1.1, content: EmptyByteBufBE)
GET /session/a9c39c38359817eb74514280ace43d2e/screenshot HTTP/1.1
User-Agent: selenium/4.1.2 (java windows)
Cache-Control: no-cache
Content-Type: application/json; charset=utf-8
host: localhost:61265
accept: */*

Response DefaultHttpResponse(decodeResult: success, version: HTTP/1.1)
HTTP/1.1 200 OK
Content-Type: application/json; charset=utf-8
cache-control: no-cache
content-length: 80672

17:24:55.479 [AsyncHttpClient-1-3] DEBUG org.asynchttpclient.netty.channel.ChannelManager - Adding key: http://localhost:61265 for channel [id: 0x088ff4ef, L:/127.0.0.1:60101 - R:localhost/127.0.0.1:61265]
17:24:55.488 [main] DEBUG net.serenitybdd.core.photography.Darkroom - Send negative for processing for target\site\serenity\59822a982188dd49676d34ae95a67ba4684df6a28ba2675b7af8eeaac8bf6e27.png
17:24:55.489 [main] DEBUG net.thucydides.core.steps.StepInterceptor - STEP DONE: clickEditAppointmentIcon
  &amp#27;[32mWhen &amp#27;[0m&amp#27;[32mI click edit Appointment icon&amp#27;[0m                &amp#27;[90m# starter.stepdefinitions.AppointmentSteps.iClickEditAppointmentIcon()&amp#27;[0m
17:24:55.489 [Darkroom Processing Line] DEBUG net.serenitybdd.core.photography.DarkroomProcessingLine - Processing screenshot image in /var/screenshots/screenshot-1399365992836046199
17:24:55.489 [Darkroom Processing Line] DEBUG net.serenitybdd.core.photography.DarkroomProcessingLine - Saving screenshot to target\site\serenity\59822a982188dd49676d34ae95a67ba4684df6a28ba2675b7af8eeaac8bf6e27.png
17:24:55.516 [main] DEBUG net.thucydides.core.steps.StepInterceptor - STARTING STEP: AppointmentSteps.iEditAppointmentDataAndClickSubmit - editAppointmentReason
17:24:55.519 [Forwarding findElement on session a9c39c38359817eb74514280ace43d2e to remote] DEBUG org.asynchttpclient.netty.request.NettyRequestSender - Using pooled Channel '[id: 0x088ff4ef, L:/127.0.0.1:60101 - R:localhost/127.0.0.1:61265]' for 'POST' to 'http://localhost:61265/session/a9c39c38359817eb74514280ace43d2e/element'
17:24:55.519 [Forwarding findElement on session a9c39c38359817eb74514280ace43d2e to remote] DEBUG org.asynchttpclient.netty.request.NettyRequestSender - Using open Channel [id: 0x088ff4ef, L:/127.0.0.1:60101 - R:localhost/127.0.0.1:61265] for POST '/session/a9c39c38359817eb74514280ace43d2e/element'
17:24:55.537 [AsyncHttpClient-1-3] DEBUG org.asynchttpclient.netty.handler.HttpHandler - 

Request DefaultHttpRequest(decodeResult: success, version: HTTP/1.1)
POST /session/a9c39c38359817eb74514280ace43d2e/element HTTP/1.1
User-Agent: selenium/4.1.2 (java windows)
Content-Length: 77
Content-Type: application/json; charset=utf-8
host: localhost:61265
accept: */*

Response DefaultHttpResponse(decodeResult: success, version: HTTP/1.1)
HTTP/1.1 200 OK
Content-Type: application/json; charset=utf-8
cache-control: no-cache
content-length: 88

17:24:55.537 [AsyncHttpClient-1-3] DEBUG org.asynchttpclient.netty.channel.ChannelManager - Adding key: http://localhost:61265 for channel [id: 0x088ff4ef, L:/127.0.0.1:60101 - R:localhost/127.0.0.1:61265]
17:24:55.542 [Forwarding clearElement on session a9c39c38359817eb74514280ace43d2e to remote] DEBUG org.asynchttpclient.netty.request.NettyRequestSender - Using pooled Channel '[id: 0x088ff4ef, L:/127.0.0.1:60101 - R:localhost/127.0.0.1:61265]' for 'POST' to 'http://localhost:61265/session/a9c39c38359817eb74514280ace43d2e/element/e4642d77-1c89-4b35-bb28-425d7d9f4b5f/clear'
17:24:55.542 [Forwarding clearElement on session a9c39c38359817eb74514280ace43d2e to remote] DEBUG org.asynchttpclient.netty.request.NettyRequestSender - Using open Channel [id: 0x088ff4ef, L:/127.0.0.1:60101 - R:localhost/127.0.0.1:61265] for POST '/session/a9c39c38359817eb74514280ace43d2e/element/e4642d77-1c89-4b35-bb28-425d7d9f4b5f/clear'
17:24:56.142 [AsyncHttpClient-1-1] DEBUG org.asynchttpclient.netty.channel.DefaultChannelPool - Entry count for : http://localhost:60102 : 1
17:24:56.896 [AsyncHttpClient-1-3] DEBUG org.asynchttpclient.netty.handler.HttpHandler - 

Request DefaultHttpRequest(decodeResult: success, version: HTTP/1.1)
POST /session/a9c39c38359817eb74514280ace43d2e/element/e4642d77-1c89-4b35-bb28-425d7d9f4b5f/clear HTTP/1.1
User-Agent: selenium/4.1.2 (java windows)
Content-Length: 50
Content-Type: application/json; charset=utf-8
host: localhost:61265
accept: */*

Response DefaultHttpResponse(decodeResult: success, version: HTTP/1.1)
HTTP/1.1 200 OK
Content-Type: application/json; charset=utf-8
cache-control: no-cache
content-length: 14

17:24:56.897 [AsyncHttpClient-1-3] DEBUG org.asynchttpclient.netty.channel.ChannelManager - Adding key: http://localhost:61265 for channel [id: 0x088ff4ef, L:/127.0.0.1:60101 - R:localhost/127.0.0.1:61265]
17:24:56.908 [Forwarding findElement on session a9c39c38359817eb74514280ace43d2e to remote] DEBUG org.asynchttpclient.netty.request.NettyRequestSender - Using pooled Channel '[id: 0x088ff4ef, L:/127.0.0.1:60101 - R:localhost/127.0.0.1:61265]' for 'POST' to 'http://localhost:61265/session/a9c39c38359817eb74514280ace43d2e/element'
17:24:56.908 [Forwarding findElement on session a9c39c38359817eb74514280ace43d2e to remote] DEBUG org.asynchttpclient.netty.request.NettyRequestSender - Using open Channel [id: 0x088ff4ef, L:/127.0.0.1:60101 - R:localhost/127.0.0.1:61265] for POST '/session/a9c39c38359817eb74514280ace43d2e/element'
17:24:57.104 [AsyncHttpClient-1-3] DEBUG org.asynchttpclient.netty.handler.HttpHandler - 

Request DefaultHttpRequest(decodeResult: success, version: HTTP/1.1)
POST /session/a9c39c38359817eb74514280ace43d2e/element HTTP/1.1
User-Agent: selenium/4.1.2 (java windows)
Content-Length: 77
Content-Type: application/json; charset=utf-8
host: localhost:61265
accept: */*

Response DefaultHttpResponse(decodeResult: success, version: HTTP/1.1)
HTTP/1.1 200 OK
Content-Type: application/json; charset=utf-8
cache-control: no-cache
content-length: 88

17:24:57.104 [AsyncHttpClient-1-3] DEBUG org.asynchttpclient.netty.channel.ChannelManager - Adding key: http://localhost:61265 for channel [id: 0x088ff4ef, L:/127.0.0.1:60101 - R:localhost/127.0.0.1:61265]
17:24:57.108 [Forwarding clearElement on session a9c39c38359817eb74514280ace43d2e to remote] DEBUG org.asynchttpclient.netty.request.NettyRequestSender - Using pooled Channel '[id: 0x088ff4ef, L:/127.0.0.1:60101 - R:localhost/127.0.0.1:61265]' for 'POST' to 'http://localhost:61265/session/a9c39c38359817eb74514280ace43d2e/element/e4642d77-1c89-4b35-bb28-425d7d9f4b5f/clear'
17:24:57.108 [Forwarding clearElement on session a9c39c38359817eb74514280ace43d2e to remote] DEBUG org.asynchttpclient.netty.request.NettyRequestSender - Using open Channel [id: 0x088ff4ef, L:/127.0.0.1:60101 - R:localhost/127.0.0.1:61265] for POST '/session/a9c39c38359817eb74514280ace43d2e/element/e4642d77-1c89-4b35-bb28-425d7d9f4b5f/clear'
17:24:57.159 [AsyncHttpClient-1-3] DEBUG org.asynchttpclient.netty.handler.HttpHandler - 

Request DefaultHttpRequest(decodeResult: success, version: HTTP/1.1)
POST /session/a9c39c38359817eb74514280ace43d2e/element/e4642d77-1c89-4b35-bb28-425d7d9f4b5f/clear HTTP/1.1
User-Agent: selenium/4.1.2 (java windows)
Content-Length: 50
Content-Type: application/json; charset=utf-8
host: localhost:61265
accept: */*

Response DefaultHttpResponse(decodeResult: success, version: HTTP/1.1)
HTTP/1.1 200 OK
Content-Type: application/json; charset=utf-8
cache-control: no-cache
content-length: 14

17:24:57.159 [AsyncHttpClient-1-3] DEBUG org.asynchttpclient.netty.channel.ChannelManager - Adding key: http://localhost:61265 for channel [id: 0x088ff4ef, L:/127.0.0.1:60101 - R:localhost/127.0.0.1:61265]
17:24:57.166 [Forwarding sendKeysToElement on session a9c39c38359817eb74514280ace43d2e to remote] DEBUG org.asynchttpclient.netty.request.NettyRequestSender - Using pooled Channel '[id: 0x088ff4ef, L:/127.0.0.1:60101 - R:localhost/127.0.0.1:61265]' for 'POST' to 'http://localhost:61265/session/a9c39c38359817eb74514280ace43d2e/element/e4642d77-1c89-4b35-bb28-425d7d9f4b5f/value'
17:24:57.167 [Forwarding sendKeysToElement on session a9c39c38359817eb74514280ace43d2e to remote] DEBUG org.asynchttpclient.netty.request.NettyRequestSender - Using open Channel [id: 0x088ff4ef, L:/127.0.0.1:60101 - R:localhost/127.0.0.1:61265] for POST '/session/a9c39c38359817eb74514280ace43d2e/element/e4642d77-1c89-4b35-bb28-425d7d9f4b5f/value'
17:24:57.243 [AsyncHttpClient-1-1] DEBUG org.asynchttpclient.netty.channel.DefaultChannelPool - Entry count for : http://localhost:60102 : 1
17:24:58.344 [AsyncHttpClient-1-1] DEBUG org.asynchttpclient.netty.channel.DefaultChannelPool - Entry count for : http://localhost:60102 : 1
17:24:58.347 [AsyncHttpClient-1-3] DEBUG org.asynchttpclient.netty.handler.HttpHandler - 

Request DefaultHttpRequest(decodeResult: success, version: HTTP/1.1)
POST /session/a9c39c38359817eb74514280ace43d2e/element/e4642d77-1c89-4b35-bb28-425d7d9f4b5f/value HTTP/1.1
User-Agent: selenium/4.1.2 (java windows)
Content-Length: 341
Content-Type: application/json; charset=utf-8
host: localhost:61265
accept: */*

Response DefaultHttpResponse(decodeResult: success, version: HTTP/1.1)
HTTP/1.1 200 OK
Content-Type: application/json; charset=utf-8
cache-control: no-cache
content-length: 14

17:24:58.348 [AsyncHttpClient-1-3] DEBUG org.asynchttpclient.netty.channel.ChannelManager - Adding key: http://localhost:61265 for channel [id: 0x088ff4ef, L:/127.0.0.1:60101 - R:localhost/127.0.0.1:61265]
17:24:58.359 [Forwarding screenshot on session a9c39c38359817eb74514280ace43d2e to remote] DEBUG org.asynchttpclient.netty.request.NettyRequestSender - Using pooled Channel '[id: 0x088ff4ef, L:/127.0.0.1:60101 - R:localhost/127.0.0.1:61265]' for 'GET' to 'http://localhost:61265/session/a9c39c38359817eb74514280ace43d2e/screenshot'
17:24:58.359 [Forwarding screenshot on session a9c39c38359817eb74514280ace43d2e to remote] DEBUG org.asynchttpclient.netty.request.NettyRequestSender - Using open Channel [id: 0x088ff4ef, L:/127.0.0.1:60101 - R:localhost/127.0.0.1:61265] for GET '/session/a9c39c38359817eb74514280ace43d2e/screenshot'
17:24:58.462 [AsyncHttpClient-1-3] DEBUG org.asynchttpclient.netty.handler.HttpHandler - 

Request DefaultFullHttpRequest(decodeResult: success, version: HTTP/1.1, content: EmptyByteBufBE)
GET /session/a9c39c38359817eb74514280ace43d2e/screenshot HTTP/1.1
User-Agent: selenium/4.1.2 (java windows)
Cache-Control: no-cache
Content-Type: application/json; charset=utf-8
host: localhost:61265
accept: */*

Response DefaultHttpResponse(decodeResult: success, version: HTTP/1.1)
HTTP/1.1 200 OK
Content-Type: application/json; charset=utf-8
cache-control: no-cache
content-length: 85892

17:24:58.463 [AsyncHttpClient-1-3] DEBUG org.asynchttpclient.netty.channel.ChannelManager - Adding key: http://localhost:61265 for channel [id: 0x088ff4ef, L:/127.0.0.1:60101 - R:localhost/127.0.0.1:61265]
17:24:58.470 [main] DEBUG net.serenitybdd.core.photography.Darkroom - Send negative for processing for target\site\serenity\d4a1b6753f54dc44bdbdf4678318115eff6e987e8f5ac6d5642cbc7f70baf24a.png
17:24:58.470 [main] DEBUG net.thucydides.core.steps.StepInterceptor - STEP DONE: editAppointmentReason
17:24:58.470 [Darkroom Processing Line] DEBUG net.serenitybdd.core.photography.DarkroomProcessingLine - Processing screenshot image in /var/screenshots/screenshot-9108047190390377230
17:24:58.470 [Darkroom Processing Line] DEBUG net.serenitybdd.core.photography.DarkroomProcessingLine - Saving screenshot to target\site\serenity\d4a1b6753f54dc44bdbdf4678318115eff6e987e8f5ac6d5642cbc7f70baf24a.png
17:24:58.481 [main] DEBUG net.thucydides.core.steps.StepInterceptor - STARTING STEP: AppointmentSteps.iEditAppointmentDataAndClickSubmit - clickEditSubmitButton
17:24:58.486 [Forwarding findElement on session a9c39c38359817eb74514280ace43d2e to remote] DEBUG org.asynchttpclient.netty.request.NettyRequestSender - Using pooled Channel '[id: 0x088ff4ef, L:/127.0.0.1:60101 - R:localhost/127.0.0.1:61265]' for 'POST' to 'http://localhost:61265/session/a9c39c38359817eb74514280ace43d2e/element'
17:24:58.486 [Forwarding findElement on session a9c39c38359817eb74514280ace43d2e to remote] DEBUG org.asynchttpclient.netty.request.NettyRequestSender - Using open Channel [id: 0x088ff4ef, L:/127.0.0.1:60101 - R:localhost/127.0.0.1:61265] for POST '/session/a9c39c38359817eb74514280ace43d2e/element'
17:24:58.510 [AsyncHttpClient-1-3] DEBUG org.asynchttpclient.netty.handler.HttpHandler - 

Request DefaultHttpRequest(decodeResult: success, version: HTTP/1.1)
POST /session/a9c39c38359817eb74514280ace43d2e/element HTTP/1.1
User-Agent: selenium/4.1.2 (java windows)
Content-Length: 116
Content-Type: application/json; charset=utf-8
host: localhost:61265
accept: */*

Response DefaultHttpResponse(decodeResult: success, version: HTTP/1.1)
HTTP/1.1 200 OK
Content-Type: application/json; charset=utf-8
cache-control: no-cache
content-length: 88

17:24:58.510 [AsyncHttpClient-1-3] DEBUG org.asynchttpclient.netty.channel.ChannelManager - Adding key: http://localhost:61265 for channel [id: 0x088ff4ef, L:/127.0.0.1:60101 - R:localhost/127.0.0.1:61265]
17:24:58.512 [Forwarding getElementTagName on session a9c39c38359817eb74514280ace43d2e to remote] DEBUG org.asynchttpclient.netty.request.NettyRequestSender - Using pooled Channel '[id: 0x088ff4ef, L:/127.0.0.1:60101 - R:localhost/127.0.0.1:61265]' for 'GET' to 'http://localhost:61265/session/a9c39c38359817eb74514280ace43d2e/element/df1f5ede-ec8f-4792-b089-281e26d81cee/name'
17:24:58.512 [Forwarding getElementTagName on session a9c39c38359817eb74514280ace43d2e to remote] DEBUG org.asynchttpclient.netty.request.NettyRequestSender - Using open Channel [id: 0x088ff4ef, L:/127.0.0.1:60101 - R:localhost/127.0.0.1:61265] for GET '/session/a9c39c38359817eb74514280ace43d2e/element/df1f5ede-ec8f-4792-b089-281e26d81cee/name'
17:24:58.517 [AsyncHttpClient-1-3] DEBUG org.asynchttpclient.netty.handler.HttpHandler - 

Request DefaultFullHttpRequest(decodeResult: success, version: HTTP/1.1, content: EmptyByteBufBE)
GET /session/a9c39c38359817eb74514280ace43d2e/element/df1f5ede-ec8f-4792-b089-281e26d81cee/name HTTP/1.1
User-Agent: selenium/4.1.2 (java windows)
Cache-Control: no-cache
Content-Type: application/json; charset=utf-8
host: localhost:61265
accept: */*

Response DefaultHttpResponse(decodeResult: success, version: HTTP/1.1)
HTTP/1.1 200 OK
Content-Type: application/json; charset=utf-8
cache-control: no-cache
content-length: 18

17:24:58.517 [AsyncHttpClient-1-3] DEBUG org.asynchttpclient.netty.channel.ChannelManager - Adding key: http://localhost:61265 for channel [id: 0x088ff4ef, L:/127.0.0.1:60101 - R:localhost/127.0.0.1:61265]
17:24:58.519 [Forwarding getElementTagName on session a9c39c38359817eb74514280ace43d2e to remote] DEBUG org.asynchttpclient.netty.request.NettyRequestSender - Using pooled Channel '[id: 0x088ff4ef, L:/127.0.0.1:60101 - R:localhost/127.0.0.1:61265]' for 'GET' to 'http://localhost:61265/session/a9c39c38359817eb74514280ace43d2e/element/df1f5ede-ec8f-4792-b089-281e26d81cee/name'
17:24:58.519 [Forwarding getElementTagName on session a9c39c38359817eb74514280ace43d2e to remote] DEBUG org.asynchttpclient.netty.request.NettyRequestSender - Using open Channel [id: 0x088ff4ef, L:/127.0.0.1:60101 - R:localhost/127.0.0.1:61265] for GET '/session/a9c39c38359817eb74514280ace43d2e/element/df1f5ede-ec8f-4792-b089-281e26d81cee/name'
17:24:58.523 [AsyncHttpClient-1-3] DEBUG org.asynchttpclient.netty.handler.HttpHandler - 

Request DefaultFullHttpRequest(decodeResult: success, version: HTTP/1.1, content: EmptyByteBufBE)
GET /session/a9c39c38359817eb74514280ace43d2e/element/df1f5ede-ec8f-4792-b089-281e26d81cee/name HTTP/1.1
User-Agent: selenium/4.1.2 (java windows)
Cache-Control: no-cache
Content-Type: application/json; charset=utf-8
host: localhost:61265
accept: */*

Response DefaultHttpResponse(decodeResult: success, version: HTTP/1.1)
HTTP/1.1 200 OK
Content-Type: application/json; charset=utf-8
cache-control: no-cache
content-length: 18

17:24:58.523 [AsyncHttpClient-1-3] DEBUG org.asynchttpclient.netty.channel.ChannelManager - Adding key: http://localhost:61265 for channel [id: 0x088ff4ef, L:/127.0.0.1:60101 - R:localhost/127.0.0.1:61265]
17:24:58.525 [Forwarding isElementEnabled on session a9c39c38359817eb74514280ace43d2e to remote] DEBUG org.asynchttpclient.netty.request.NettyRequestSender - Using pooled Channel '[id: 0x088ff4ef, L:/127.0.0.1:60101 - R:localhost/127.0.0.1:61265]' for 'GET' to 'http://localhost:61265/session/a9c39c38359817eb74514280ace43d2e/element/df1f5ede-ec8f-4792-b089-281e26d81cee/enabled'
17:24:58.525 [Forwarding isElementEnabled on session a9c39c38359817eb74514280ace43d2e to remote] DEBUG org.asynchttpclient.netty.request.NettyRequestSender - Using open Channel [id: 0x088ff4ef, L:/127.0.0.1:60101 - R:localhost/127.0.0.1:61265] for GET '/session/a9c39c38359817eb74514280ace43d2e/element/df1f5ede-ec8f-4792-b089-281e26d81cee/enabled'
17:24:58.535 [AsyncHttpClient-1-3] DEBUG org.asynchttpclient.netty.handler.HttpHandler - 

Request DefaultFullHttpRequest(decodeResult: success, version: HTTP/1.1, content: EmptyByteBufBE)
GET /session/a9c39c38359817eb74514280ace43d2e/element/df1f5ede-ec8f-4792-b089-281e26d81cee/enabled HTTP/1.1
User-Agent: selenium/4.1.2 (java windows)
Cache-Control: no-cache
Content-Type: application/json; charset=utf-8
host: localhost:61265
accept: */*

Response DefaultHttpResponse(decodeResult: success, version: HTTP/1.1)
HTTP/1.1 200 OK
Content-Type: application/json; charset=utf-8
cache-control: no-cache
content-length: 14

17:24:58.535 [AsyncHttpClient-1-3] DEBUG org.asynchttpclient.netty.channel.ChannelManager - Adding key: http://localhost:61265 for channel [id: 0x088ff4ef, L:/127.0.0.1:60101 - R:localhost/127.0.0.1:61265]
17:24:58.537 [Forwarding isElementEnabled on session a9c39c38359817eb74514280ace43d2e to remote] DEBUG org.asynchttpclient.netty.request.NettyRequestSender - Using pooled Channel '[id: 0x088ff4ef, L:/127.0.0.1:60101 - R:localhost/127.0.0.1:61265]' for 'GET' to 'http://localhost:61265/session/a9c39c38359817eb74514280ace43d2e/element/df1f5ede-ec8f-4792-b089-281e26d81cee/enabled'
17:24:58.537 [Forwarding isElementEnabled on session a9c39c38359817eb74514280ace43d2e to remote] DEBUG org.asynchttpclient.netty.request.NettyRequestSender - Using open Channel [id: 0x088ff4ef, L:/127.0.0.1:60101 - R:localhost/127.0.0.1:61265] for GET '/session/a9c39c38359817eb74514280ace43d2e/element/df1f5ede-ec8f-4792-b089-281e26d81cee/enabled'
17:24:58.543 [AsyncHttpClient-1-3] DEBUG org.asynchttpclient.netty.handler.HttpHandler - 

Request DefaultFullHttpRequest(decodeResult: success, version: HTTP/1.1, content: EmptyByteBufBE)
GET /session/a9c39c38359817eb74514280ace43d2e/element/df1f5ede-ec8f-4792-b089-281e26d81cee/enabled HTTP/1.1
User-Agent: selenium/4.1.2 (java windows)
Cache-Control: no-cache
Content-Type: application/json; charset=utf-8
host: localhost:61265
accept: */*

Response DefaultHttpResponse(decodeResult: success, version: HTTP/1.1)
HTTP/1.1 200 OK
Content-Type: application/json; charset=utf-8
cache-control: no-cache
content-length: 14

17:24:58.543 [AsyncHttpClient-1-3] DEBUG org.asynchttpclient.netty.channel.ChannelManager - Adding key: http://localhost:61265 for channel [id: 0x088ff4ef, L:/127.0.0.1:60101 - R:localhost/127.0.0.1:61265]
17:24:58.546 [Forwarding findElement on session a9c39c38359817eb74514280ace43d2e to remote] DEBUG org.asynchttpclient.netty.request.NettyRequestSender - Using pooled Channel '[id: 0x088ff4ef, L:/127.0.0.1:60101 - R:localhost/127.0.0.1:61265]' for 'POST' to 'http://localhost:61265/session/a9c39c38359817eb74514280ace43d2e/element'
17:24:58.546 [Forwarding findElement on session a9c39c38359817eb74514280ace43d2e to remote] DEBUG org.asynchttpclient.netty.request.NettyRequestSender - Using open Channel [id: 0x088ff4ef, L:/127.0.0.1:60101 - R:localhost/127.0.0.1:61265] for POST '/session/a9c39c38359817eb74514280ace43d2e/element'
17:24:58.554 [AsyncHttpClient-1-3] DEBUG org.asynchttpclient.netty.handler.HttpHandler - 

Request DefaultHttpRequest(decodeResult: success, version: HTTP/1.1)
POST /session/a9c39c38359817eb74514280ace43d2e/element HTTP/1.1
User-Agent: selenium/4.1.2 (java windows)
Content-Length: 116
Content-Type: application/json; charset=utf-8
host: localhost:61265
accept: */*

Response DefaultHttpResponse(decodeResult: success, version: HTTP/1.1)
HTTP/1.1 200 OK
Content-Type: application/json; charset=utf-8
cache-control: no-cache
content-length: 88

17:24:58.555 [AsyncHttpClient-1-3] DEBUG org.asynchttpclient.netty.channel.ChannelManager - Adding key: http://localhost:61265 for channel [id: 0x088ff4ef, L:/127.0.0.1:60101 - R:localhost/127.0.0.1:61265]
17:24:58.556 [Forwarding clickElement on session a9c39c38359817eb74514280ace43d2e to remote] DEBUG org.asynchttpclient.netty.request.NettyRequestSender - Using pooled Channel '[id: 0x088ff4ef, L:/127.0.0.1:60101 - R:localhost/127.0.0.1:61265]' for 'POST' to 'http://localhost:61265/session/a9c39c38359817eb74514280ace43d2e/element/df1f5ede-ec8f-4792-b089-281e26d81cee/click'
17:24:58.557 [Forwarding clickElement on session a9c39c38359817eb74514280ace43d2e to remote] DEBUG org.asynchttpclient.netty.request.NettyRequestSender - Using open Channel [id: 0x088ff4ef, L:/127.0.0.1:60101 - R:localhost/127.0.0.1:61265] for POST '/session/a9c39c38359817eb74514280ace43d2e/element/df1f5ede-ec8f-4792-b089-281e26d81cee/click'
17:24:58.665 [AsyncHttpClient-1-3] DEBUG org.asynchttpclient.netty.handler.HttpHandler - 

Request DefaultHttpRequest(decodeResult: success, version: HTTP/1.1)
POST /session/a9c39c38359817eb74514280ace43d2e/element/df1f5ede-ec8f-4792-b089-281e26d81cee/click HTTP/1.1
User-Agent: selenium/4.1.2 (java windows)
Content-Length: 50
Content-Type: application/json; charset=utf-8
host: localhost:61265
accept: */*

Response DefaultHttpResponse(decodeResult: success, version: HTTP/1.1)
HTTP/1.1 200 OK
Content-Type: application/json; charset=utf-8
cache-control: no-cache
content-length: 14

17:24:58.666 [AsyncHttpClient-1-3] DEBUG org.asynchttpclient.netty.channel.ChannelManager - Adding key: http://localhost:61265 for channel [id: 0x088ff4ef, L:/127.0.0.1:60101 - R:localhost/127.0.0.1:61265]
17:24:58.672 [Forwarding screenshot on session a9c39c38359817eb74514280ace43d2e to remote] DEBUG org.asynchttpclient.netty.request.NettyRequestSender - Using pooled Channel '[id: 0x088ff4ef, L:/127.0.0.1:60101 - R:localhost/127.0.0.1:61265]' for 'GET' to 'http://localhost:61265/session/a9c39c38359817eb74514280ace43d2e/screenshot'
17:24:58.673 [Forwarding screenshot on session a9c39c38359817eb74514280ace43d2e to remote] DEBUG org.asynchttpclient.netty.request.NettyRequestSender - Using open Channel [id: 0x088ff4ef, L:/127.0.0.1:60101 - R:localhost/127.0.0.1:61265] for GET '/session/a9c39c38359817eb74514280ace43d2e/screenshot'
17:24:58.810 [AsyncHttpClient-1-3] DEBUG org.asynchttpclient.netty.handler.HttpHandler - 

Request DefaultFullHttpRequest(decodeResult: success, version: HTTP/1.1, content: EmptyByteBufBE)
GET /session/a9c39c38359817eb74514280ace43d2e/screenshot HTTP/1.1
User-Agent: selenium/4.1.2 (java windows)
Cache-Control: no-cache
Content-Type: application/json; charset=utf-8
host: localhost:61265
accept: */*

Response DefaultHttpResponse(decodeResult: success, version: HTTP/1.1)
HTTP/1.1 200 OK
Content-Type: application/json; charset=utf-8
cache-control: no-cache
content-length: 85884

17:24:58.811 [AsyncHttpClient-1-3] DEBUG org.asynchttpclient.netty.channel.ChannelManager - Adding key: http://localhost:61265 for channel [id: 0x088ff4ef, L:/127.0.0.1:60101 - R:localhost/127.0.0.1:61265]
17:24:58.815 [main] DEBUG net.serenitybdd.core.photography.Darkroom - Send negative for processing for target\site\serenity\103bcba7a6377a23514b6ce2831be45777b99ac60303333ca6e97a96e9c115c3.png
17:24:58.816 [main] DEBUG net.thucydides.core.steps.StepInterceptor - STEP DONE: clickEditSubmitButton
17:24:58.816 [Darkroom Processing Line] DEBUG net.serenitybdd.core.photography.DarkroomProcessingLine - Processing screenshot image in /var/screenshots/screenshot-7900298694206768142
  &amp#27;[32mAnd &amp#27;[0m&amp#27;[32mI edit Appointment data and click submit&amp#27;[0m      &amp#27;[90m# starter.stepdefinitions.AppointmentSteps.iEditAppointmentDataAndClickSubmit()&amp#27;[0m
17:24:58.816 [Darkroom Processing Line] DEBUG net.serenitybdd.core.photography.DarkroomProcessingLine - Saving screenshot to target\site\serenity\103bcba7a6377a23514b6ce2831be45777b99ac60303333ca6e97a96e9c115c3.png
17:24:58.835 [main] DEBUG net.thucydides.core.steps.StepInterceptor - STARTING STEP: AppointmentSteps.iGetEditAppointmentHasBeenAddedResult - editAppointmentAdded
17:24:58.839 [Forwarding findElement on session a9c39c38359817eb74514280ace43d2e to remote] DEBUG org.asynchttpclient.netty.request.NettyRequestSender - Using pooled Channel '[id: 0x088ff4ef, L:/127.0.0.1:60101 - R:localhost/127.0.0.1:61265]' for 'POST' to 'http://localhost:61265/session/a9c39c38359817eb74514280ace43d2e/element'
17:24:58.839 [Forwarding findElement on session a9c39c38359817eb74514280ace43d2e to remote] DEBUG org.asynchttpclient.netty.request.NettyRequestSender - Using open Channel [id: 0x088ff4ef, L:/127.0.0.1:60101 - R:localhost/127.0.0.1:61265] for POST '/session/a9c39c38359817eb74514280ace43d2e/element'
17:24:59.370 [AsyncHttpClient-1-3] DEBUG org.asynchttpclient.netty.handler.HttpHandler - 

Request DefaultHttpRequest(decodeResult: success, version: HTTP/1.1)
POST /session/a9c39c38359817eb74514280ace43d2e/element HTTP/1.1
User-Agent: selenium/4.1.2 (java windows)
Content-Length: 74
Content-Type: application/json; charset=utf-8
host: localhost:61265
accept: */*

Response DefaultHttpResponse(decodeResult: success, version: HTTP/1.1)
HTTP/1.1 200 OK
Content-Type: application/json; charset=utf-8
cache-control: no-cache
content-length: 88

17:24:59.371 [AsyncHttpClient-1-3] DEBUG org.asynchttpclient.netty.channel.ChannelManager - Adding key: http://localhost:61265 for channel [id: 0x088ff4ef, L:/127.0.0.1:60101 - R:localhost/127.0.0.1:61265]
17:24:59.379 [Forwarding isElementDisplayed on session a9c39c38359817eb74514280ace43d2e to remote] DEBUG org.asynchttpclient.netty.request.NettyRequestSender - Using pooled Channel '[id: 0x088ff4ef, L:/127.0.0.1:60101 - R:localhost/127.0.0.1:61265]' for 'POST' to 'http://localhost:61265/session/a9c39c38359817eb74514280ace43d2e/execute/sync'
17:24:59.379 [Forwarding isElementDisplayed on session a9c39c38359817eb74514280ace43d2e to remote] DEBUG org.asynchttpclient.netty.request.NettyRequestSender - Using open Channel [id: 0x088ff4ef, L:/127.0.0.1:60101 - R:localhost/127.0.0.1:61265] for POST '/session/a9c39c38359817eb74514280ace43d2e/execute/sync'
17:24:59.409 [AsyncHttpClient-1-3] DEBUG org.asynchttpclient.netty.handler.HttpHandler - 

Request DefaultHttpRequest(decodeResult: success, version: HTTP/1.1)
POST /session/a9c39c38359817eb74514280ace43d2e/execute/sync HTTP/1.1
User-Agent: selenium/4.1.2 (java windows)
Content-Length: 48780
Content-Type: application/json; charset=utf-8
host: localhost:61265
accept: */*

Response DefaultHttpResponse(decodeResult: success, version: HTTP/1.1)
HTTP/1.1 200 OK
Content-Type: application/json; charset=utf-8
cache-control: no-cache
content-length: 14

17:24:59.409 [AsyncHttpClient-1-3] DEBUG org.asynchttpclient.netty.channel.ChannelManager - Adding key: http://localhost:61265 for channel [id: 0x088ff4ef, L:/127.0.0.1:60101 - R:localhost/127.0.0.1:61265]
17:24:59.416 [Forwarding screenshot on session a9c39c38359817eb74514280ace43d2e to remote] DEBUG org.asynchttpclient.netty.request.NettyRequestSender - Using pooled Channel '[id: 0x088ff4ef, L:/127.0.0.1:60101 - R:localhost/127.0.0.1:61265]' for 'GET' to 'http://localhost:61265/session/a9c39c38359817eb74514280ace43d2e/screenshot'
17:24:59.417 [Forwarding screenshot on session a9c39c38359817eb74514280ace43d2e to remote] DEBUG org.asynchttpclient.netty.request.NettyRequestSender - Using open Channel [id: 0x088ff4ef, L:/127.0.0.1:60101 - R:localhost/127.0.0.1:61265] for GET '/session/a9c39c38359817eb74514280ace43d2e/screenshot'
17:24:59.441 [AsyncHttpClient-1-1] DEBUG org.asynchttpclient.netty.channel.DefaultChannelPool - Entry count for : http://localhost:60102 : 1
17:24:59.653 [AsyncHttpClient-1-3] DEBUG org.asynchttpclient.netty.handler.HttpHandler - 

Request DefaultFullHttpRequest(decodeResult: success, version: HTTP/1.1, content: EmptyByteBufBE)
GET /session/a9c39c38359817eb74514280ace43d2e/screenshot HTTP/1.1
User-Agent: selenium/4.1.2 (java windows)
Cache-Control: no-cache
Content-Type: application/json; charset=utf-8
host: localhost:61265
accept: */*

Response DefaultHttpResponse(decodeResult: success, version: HTTP/1.1)
HTTP/1.1 200 OK
Content-Type: application/json; charset=utf-8
cache-control: no-cache
content-length: 106824

17:24:59.655 [AsyncHttpClient-1-3] DEBUG org.asynchttpclient.netty.channel.ChannelManager - Adding key: http://localhost:61265 for channel [id: 0x088ff4ef, L:/127.0.0.1:60101 - R:localhost/127.0.0.1:61265]
17:24:59.663 [main] DEBUG net.serenitybdd.core.photography.Darkroom - Send negative for processing for target\site\serenity\ffdbfc070dbba4aed4f3167d368834fd0fbb1590d43ca08643f17cb00566ecd8.png
17:24:59.663 [main] DEBUG net.thucydides.core.steps.StepInterceptor - STEP DONE: editAppointmentAdded
17:24:59.664 [Darkroom Processing Line] DEBUG net.serenitybdd.core.photography.DarkroomProcessingLine - Processing screenshot image in /var/screenshots/screenshot-8717424562705187751
17:24:59.664 [Darkroom Processing Line] DEBUG net.serenitybdd.core.photography.DarkroomProcessingLine - Saving screenshot to target\site\serenity\ffdbfc070dbba4aed4f3167d368834fd0fbb1590d43ca08643f17cb00566ecd8.png
  &amp#27;[32mThen &amp#27;[0m&amp#27;[32mI get Edit Appointment has been added result&amp#27;[0m &amp#27;[90m# starter.stepdefinitions.AppointmentSteps.iGetEditAppointmentHasBeenAddedResult()&amp#27;[0m
17:24:59.676 [main] INFO  - 
  _____   ___   ___   _____     ___     _     ___   ___   ___   ___  
 |_   _| | __| / __| |_   _|   | _ \   /_\   / __| / __| | __| |   \ 
   | |   | _|  \__ \   | |     |  _/  / _ \  \__ \ \__ \ | _|  | |) |
   |_|   |___| |___/   |_|     |_|   /_/ \_\ |___/ |___/ |___| |___/ 

Edit Existing Appointment Data Scenario
----------------------------------------------------------------------
17:24:59.678 [AsyncHttpClient-1-5] DEBUG org.asynchttpclient.netty.handler.WebSocketHandler - Channel Closed: [id: 0x2b656b00, L:/127.0.0.1:60108 ! R:localhost/127.0.0.1:60102] with attribute NettyResponseFuture{currentRetry=5,
	isDone=1,
	isCancelled=0,
	asyncHandler=org.asynchttpclient.ws.WebSocketUpgradeHandler@362cf535,
	nettyRequest=org.asynchttpclient.netty.request.NettyRequest@3a8ef4fe,
	future=java.util.concurrent.CompletableFuture@3ff0f924[Completed normally],
	uri=ws://localhost:60102/devtools/browser/2995cefc-68ea-447f-a96c-6f669621150a,
	keepAlive=true,
	redirectCount=0,
	timeoutsHolder=null,
	inAuth=0,
	touch=1655375084602}
17:24:59.678 [AsyncHttpClient-1-5] DEBUG org.asynchttpclient.netty.channel.ChannelManager - Closing Channel [id: 0x2b656b00, L:/127.0.0.1:60108 ! R:localhost/127.0.0.1:60102] 
17:24:59.678 [Driver Command Executor] DEBUG org.asynchttpclient.netty.request.NettyRequestSender - Using pooled Channel '[id: 0x088ff4ef, L:/127.0.0.1:60101 - R:localhost/127.0.0.1:61265]' for 'DELETE' to 'http://localhost:61265/session/a9c39c38359817eb74514280ace43d2e'
17:24:59.678 [Driver Command Executor] DEBUG org.asynchttpclient.netty.request.NettyRequestSender - Using open Channel [id: 0x088ff4ef, L:/127.0.0.1:60101 - R:localhost/127.0.0.1:61265] for DELETE '/session/a9c39c38359817eb74514280ace43d2e'
17:25:00.350 [AsyncHttpClient-1-4] DEBUG org.asynchttpclient.netty.handler.HttpHandler - Unexpected I/O exception on channel [id: 0x07a1a24d, L:/127.0.0.1:60107 - R:localhost/127.0.0.1:60102]
java.net.SocketException: Connection reset
	at java.base/sun.nio.ch.SocketChannelImpl.throwConnectionReset(SocketChannelImpl.java:367)
	at java.base/sun.nio.ch.SocketChannelImpl.read(SocketChannelImpl.java:398)
	at io.netty.buffer.PooledByteBuf.setBytes(PooledByteBuf.java:258)
	at io.netty.buffer.AbstractByteBuf.writeBytes(AbstractByteBuf.java:1132)
	at io.netty.channel.socket.nio.NioSocketChannel.doReadBytes(NioSocketChannel.java:350)
	at io.netty.channel.nio.AbstractNioByteChannel$NioByteUnsafe.read(AbstractNioByteChannel.java:151)
	at io.netty.channel.nio.NioEventLoop.processSelectedKey(NioEventLoop.java:722)
	at io.netty.channel.nio.NioEventLoop.processSelectedKeysOptimized(NioEventLoop.java:658)
	at io.netty.channel.nio.NioEventLoop.processSelectedKeys(NioEventLoop.java:584)
	at io.netty.channel.nio.NioEventLoop.run(NioEventLoop.java:496)
	at io.netty.util.concurrent.SingleThreadEventExecutor$4.run(SingleThreadEventExecutor.java:986)
	at io.netty.util.internal.ThreadExecutorMap$2.run(ThreadExecutorMap.java:74)
	at io.netty.util.concurrent.FastThreadLocalRunnable.run(FastThreadLocalRunnable.java:30)
	at java.base/java.lang.Thread.run(Thread.java:832)
17:25:00.351 [AsyncHttpClient-1-4] DEBUG org.asynchttpclient.netty.channel.ChannelManager - Closing Channel [id: 0x07a1a24d, L:/127.0.0.1:60107 - R:localhost/127.0.0.1:60102] 
17:25:00.352 [AsyncHttpClient-1-4] DEBUG org.asynchttpclient.netty.handler.HttpHandler - Channel Closed: [id: 0x07a1a24d, L:/127.0.0.1:60107 ! R:localhost/127.0.0.1:60102] with attribute DISCARD
17:25:00.542 [AsyncHttpClient-1-1] DEBUG org.asynchttpclient.netty.channel.DefaultChannelPool - Entry count for : http://localhost:60102 : 1
17:25:00.542 [AsyncHttpClient-1-1] DEBUG org.asynchttpclient.netty.channel.DefaultChannelPool - Adding Candidate expired Channel [id: 0x07a1a24d, L:/127.0.0.1:60107 ! R:localhost/127.0.0.1:60102] isIdleTimeoutExpired=false isRemotelyClosed=true isTtlExpired=false
17:25:00.543 [AsyncHttpClient-1-1] DEBUG org.asynchttpclient.netty.channel.DefaultChannelPool - Closing Idle Channel [id: 0x07a1a24d, L:/127.0.0.1:60107 ! R:localhost/127.0.0.1:60102]
17:25:00.543 [AsyncHttpClient-1-1] DEBUG org.asynchttpclient.netty.channel.DefaultChannelPool - Closed 1 connections out of 1 in 1 ms
17:25:00.676 [AsyncHttpClient-1-3] DEBUG org.asynchttpclient.netty.handler.HttpHandler - 

Request DefaultFullHttpRequest(decodeResult: success, version: HTTP/1.1, content: EmptyByteBufBE)
DELETE /session/a9c39c38359817eb74514280ace43d2e HTTP/1.1
User-Agent: selenium/4.1.2 (java windows)
Content-Type: application/json; charset=utf-8
host: localhost:61265
accept: */*

Response DefaultHttpResponse(decodeResult: success, version: HTTP/1.1)
HTTP/1.1 200 OK
Content-Type: application/json; charset=utf-8
cache-control: no-cache
content-length: 14

17:25:00.677 [AsyncHttpClient-1-3] DEBUG org.asynchttpclient.netty.channel.ChannelManager - Adding key: http://localhost:61265 for channel [id: 0x088ff4ef, L:/127.0.0.1:60101 - R:localhost/127.0.0.1:61265]
17:25:00.749 [AsyncHttpClient-1-3] DEBUG org.asynchttpclient.netty.handler.HttpHandler - Channel Closed: [id: 0x088ff4ef, L:/127.0.0.1:60101 ! R:localhost/127.0.0.1:61265] with attribute DISCARD
]]></system-out>
    <system-err><![CDATA[Starting ChromeDriver 102.0.5005.61 (0e59bcc00cc4985ce39ad31c150065f159d95ad3-refs/branch-heads/5005@{#819}) on port 61265
Only local connections are allowed.
Please see https://chromedriver.chromium.org/security-considerations for suggestions on keeping ChromeDriver safe.
ChromeDriver was started successfully.
Jun 16, 2022 5:24:44 PM org.openqa.selenium.remote.ProtocolHandshake createSession
INFO: Detected dialect: W3C
Jun 16, 2022 5:24:44 PM org.openqa.selenium.devtools.CdpVersionFinder findNearestMatch
WARNING: Unable to find an exact match for CDP version 102, so returning the closest version found: a no-op implementation
Jun 16, 2022 5:24:44 PM org.openqa.selenium.devtools.CdpVersionFinder findNearestMatch
INFO: Unable to find CDP implementation matching 102.
Jun 16, 2022 5:24:44 PM org.openqa.selenium.chromium.ChromiumDriver lambda$new$3
WARNING: Unable to find version of CDP to use for . You may need to include a dependency on a specific version of the CDP using something similar to `org.seleniumhq.selenium:selenium-devtools-v86:4.1.2` where the version ("v86") matches the version of the chromium-based browser you're using and the version number of the artifact is the same as Selenium's.
]]></system-err>
  </testcase>
  <testcase name="Cancel Edit Existing Appointment Data Scenario" classname="Appointment" time="15.454">
    <system-out><![CDATA[
@Appointment
Scenario: Cancel Edit Existing Appointment Data Scenario &amp#27;[90m# src/test/resources/features/1.Appointment.feature:38&amp#27;[0m
17:25:01.298 [main] INFO io.cucumber.core.plugin.SerenityReporter - Running feature from file:///E:/My%20Documents/File%20Difa/TI%20Semester%206%20Kampus%20Merdeka%20Alterra/Tugas/CAPSTONE%20Project/Capstone-Project-Website/src/test/resources/features/1.Appointment.feature
17:25:01.308 [main] INFO  - 
  _____   ___   ___   _____     ___   _____     _     ___   _____   ___   ___  
 |_   _| | __| / __| |_   _|   / __| |_   _|   /_\   | _ \ |_   _| | __| |   \ 
   | |   | _|  \__ \   | |     \__ \   | |    / _ \  |   /   | |   | _|  | |) |
   |_|   |___| |___/   |_|     |___/   |_|   /_/ \_\ |_|_\   |_|   |___| |___/ 

Cancel Edit Existing Appointment Data Scenario(appointment;cancel-edit-existing-appointment-data-scenario)
--------------------------------------------------------------------------------
17:25:01.332 [main] DEBUG net.thucydides.core.steps.StepInterceptor - STARTING STEP: DashboardSteps.iAmOnTheDashboardPage - openUrl
17:25:01.335 [main] INFO net.serenitybdd.core.webdriver.driverproviders.ChromeDriverProvider - Using automatically driver download
17:25:01.526 [main] DEBUG io.github.bonigarcia.wdm.cache.ResolutionCache - Resolution chrome=102 in cache (valid until 18:07:22 16/06/2022 ICT)
17:25:01.532 [main] DEBUG io.github.bonigarcia.wdm.cache.ResolutionCache - Resolution chrome102=102.0.5005.61 in cache (valid until 15:56:01 17/06/2022 ICT)
17:25:01.534 [main] INFO io.github.bonigarcia.wdm.WebDriverManager - Using chromedriver 102.0.5005.61 (resolved driver for Chrome 102)
17:25:01.547 [main] DEBUG io.github.bonigarcia.wdm.WebDriverManager - Driver chromedriver 102.0.5005.61 found in cache
17:25:01.548 [main] INFO io.github.bonigarcia.wdm.WebDriverManager - Exporting webdriver.chrome.driver as C:\Users\USER\.cache\selenium\chromedriver\win32\102.0.5005.61\chromedriver.exe
17:25:01.642 [AsyncHttpClient-1-1] DEBUG org.asynchttpclient.netty.channel.DefaultChannelPool - Entry count for : http://localhost:61265 : 1
17:25:01.642 [AsyncHttpClient-1-1] DEBUG org.asynchttpclient.netty.channel.DefaultChannelPool - Adding Candidate expired Channel [id: 0x088ff4ef, L:/127.0.0.1:60101 ! R:localhost/127.0.0.1:61265] isIdleTimeoutExpired=false isRemotelyClosed=true isTtlExpired=false
17:25:01.642 [AsyncHttpClient-1-1] DEBUG org.asynchttpclient.netty.channel.DefaultChannelPool - Closing Idle Channel [id: 0x088ff4ef, L:/127.0.0.1:60101 ! R:localhost/127.0.0.1:61265]
17:25:01.642 [AsyncHttpClient-1-1] DEBUG org.asynchttpclient.netty.channel.DefaultChannelPool - Closed 1 connections out of 1 in 0 ms
17:25:01.700 [main] DEBUG net.serenitybdd.core.webdriver.driverproviders.ProvideNewDriver - Instantiating driver
17:25:01.701 [main] DEBUG net.serenitybdd.core.webdriver.driverproviders.ProvideNewDriver - Driver capabilities: Capabilities {acceptInsecureCerts: false, base.url: https://hospital-management..., browserName: chrome, chrome.driver: src/test/resources/webdrive..., driver: chrome, goog:chromeOptions: {args: [], extensions: []}}
17:25:02.247 [AsyncHttpClient-1-6] DEBUG org.asynchttpclient.netty.channel.NettyConnectListener - Using new Channel '[id: 0x6c48256b, L:/127.0.0.1:60127 - R:localhost/127.0.0.1:61371]' for 'POST' to '/session'
17:25:04.273 [AsyncHttpClient-1-6] DEBUG org.asynchttpclient.netty.handler.HttpHandler - 

Request DefaultHttpRequest(decodeResult: success, version: HTTP/1.1)
POST /session HTTP/1.1
User-Agent: selenium/4.1.2 (java windows)
Content-Length: 621
Content-Type: application/json; charset=utf-8
host: localhost:61371
accept: */*

Response DefaultHttpResponse(decodeResult: success, version: HTTP/1.1)
HTTP/1.1 200 OK
Content-Type: application/json; charset=utf-8
cache-control: no-cache
content-length: 789

17:25:04.274 [AsyncHttpClient-1-6] DEBUG org.asynchttpclient.netty.channel.ChannelManager - Adding key: http://localhost:61371 for channel [id: 0x6c48256b, L:/127.0.0.1:60127 - R:localhost/127.0.0.1:61371]
17:25:04.284 [AsyncHttpClient-1-7] DEBUG org.asynchttpclient.netty.channel.NettyConnectListener - Using new Channel '[id: 0xef663af4, L:/127.0.0.1:60133 - R:localhost/127.0.0.1:60128]' for 'GET' to '/json/version'
17:25:04.285 [AsyncHttpClient-1-7] DEBUG org.asynchttpclient.netty.handler.HttpHandler - 

Request DefaultFullHttpRequest(decodeResult: success, version: HTTP/1.1, content: EmptyByteBufBE)
GET /json/version HTTP/1.1
User-Agent: selenium/4.1.2 (java windows)
host: localhost:60128
accept: */*

Response DefaultHttpResponse(decodeResult: success, version: HTTP/1.1)
HTTP/1.1 200 OK
Content-Type: application/json; charset=UTF-8
content-length: 427

17:25:04.285 [AsyncHttpClient-1-7] DEBUG org.asynchttpclient.netty.channel.ChannelManager - Adding key: http://localhost:60128 for channel [id: 0xef663af4, L:/127.0.0.1:60133 - R:localhost/127.0.0.1:60128]
17:25:04.287 [AsyncHttpClient-1-8] DEBUG org.asynchttpclient.netty.channel.NettyConnectListener - Using new Channel '[id: 0x3b0a1aa0, L:/127.0.0.1:60134 - R:localhost/127.0.0.1:60128]' for 'GET' to '/devtools/browser/f165f8aa-f2f3-4140-92f2-bd31380cb4aa'
17:25:04.288 [AsyncHttpClient-1-8] DEBUG org.asynchttpclient.netty.handler.WebSocketHandler - 

Request DefaultFullHttpRequest(decodeResult: success, version: HTTP/1.1, content: EmptyByteBufBE)
GET /devtools/browser/f165f8aa-f2f3-4140-92f2-bd31380cb4aa HTTP/1.1
upgrade: websocket
connection: upgrade
sec-websocket-key: rntVjS+2DJW4ze3xDbOcsQ==
sec-websocket-version: 13
origin: http://localhost:60128
host: localhost:60128
accept: */*
user-agent: AHC/2.1

Response DefaultHttpResponse(decodeResult: success, version: HTTP/1.1)
HTTP/1.1 101 WebSocket Protocol Handshake
Upgrade: WebSocket
Connection: Upgrade
Sec-WebSocket-Accept: Vj0N1er6t8l1G95Nvh3au0fQmVI=

17:25:04.295 [Forwarding maximizeCurrentWindow on session c5eeb0292a490ab6bf8d8d9c02337a9e to remote] DEBUG org.asynchttpclient.netty.request.NettyRequestSender - Using pooled Channel '[id: 0x6c48256b, L:/127.0.0.1:60127 - R:localhost/127.0.0.1:61371]' for 'POST' to 'http://localhost:61371/session/c5eeb0292a490ab6bf8d8d9c02337a9e/window/maximize'
17:25:04.295 [Forwarding maximizeCurrentWindow on session c5eeb0292a490ab6bf8d8d9c02337a9e to remote] DEBUG org.asynchttpclient.netty.request.NettyRequestSender - Using open Channel [id: 0x6c48256b, L:/127.0.0.1:60127 - R:localhost/127.0.0.1:61371] for POST '/session/c5eeb0292a490ab6bf8d8d9c02337a9e/window/maximize'
17:25:04.411 [AsyncHttpClient-1-6] DEBUG org.asynchttpclient.netty.handler.HttpHandler - 

Request DefaultHttpRequest(decodeResult: success, version: HTTP/1.1)
POST /session/c5eeb0292a490ab6bf8d8d9c02337a9e/window/maximize HTTP/1.1
User-Agent: selenium/4.1.2 (java windows)
Content-Length: 3
Content-Type: application/json; charset=utf-8
host: localhost:61371
accept: */*

Response DefaultHttpResponse(decodeResult: success, version: HTTP/1.1)
HTTP/1.1 200 OK
Content-Type: application/json; charset=utf-8
cache-control: no-cache
content-length: 51

17:25:04.411 [AsyncHttpClient-1-6] DEBUG org.asynchttpclient.netty.channel.ChannelManager - Adding key: http://localhost:61371 for channel [id: 0x6c48256b, L:/127.0.0.1:60127 - R:localhost/127.0.0.1:61371]
17:25:04.413 [Forwarding get on session c5eeb0292a490ab6bf8d8d9c02337a9e to remote] DEBUG org.asynchttpclient.netty.request.NettyRequestSender - Using pooled Channel '[id: 0x6c48256b, L:/127.0.0.1:60127 - R:localhost/127.0.0.1:61371]' for 'POST' to 'http://localhost:61371/session/c5eeb0292a490ab6bf8d8d9c02337a9e/url'
17:25:04.413 [Forwarding get on session c5eeb0292a490ab6bf8d8d9c02337a9e to remote] DEBUG org.asynchttpclient.netty.request.NettyRequestSender - Using open Channel [id: 0x6c48256b, L:/127.0.0.1:60127 - R:localhost/127.0.0.1:61371] for POST '/session/c5eeb0292a490ab6bf8d8d9c02337a9e/url'
17:25:04.942 [AsyncHttpClient-1-1] DEBUG org.asynchttpclient.netty.channel.DefaultChannelPool - Entry count for : http://localhost:60128 : 1
17:25:06.043 [AsyncHttpClient-1-1] DEBUG org.asynchttpclient.netty.channel.DefaultChannelPool - Entry count for : http://localhost:60128 : 1
17:25:07.109 [AsyncHttpClient-1-6] DEBUG org.asynchttpclient.netty.handler.HttpHandler - 

Request DefaultHttpRequest(decodeResult: success, version: HTTP/1.1)
POST /session/c5eeb0292a490ab6bf8d8d9c02337a9e/url HTTP/1.1
User-Agent: selenium/4.1.2 (java windows)
Content-Length: 65
Content-Type: application/json; charset=utf-8
host: localhost:61371
accept: */*

Response DefaultHttpResponse(decodeResult: success, version: HTTP/1.1)
HTTP/1.1 200 OK
Content-Type: application/json; charset=utf-8
cache-control: no-cache
content-length: 14

17:25:07.109 [AsyncHttpClient-1-6] DEBUG org.asynchttpclient.netty.channel.ChannelManager - Adding key: http://localhost:61371 for channel [id: 0x6c48256b, L:/127.0.0.1:60127 - R:localhost/127.0.0.1:61371]
17:25:07.115 [Forwarding setTimeout on session c5eeb0292a490ab6bf8d8d9c02337a9e to remote] DEBUG org.asynchttpclient.netty.request.NettyRequestSender - Using pooled Channel '[id: 0x6c48256b, L:/127.0.0.1:60127 - R:localhost/127.0.0.1:61371]' for 'POST' to 'http://localhost:61371/session/c5eeb0292a490ab6bf8d8d9c02337a9e/timeouts'
17:25:07.115 [Forwarding setTimeout on session c5eeb0292a490ab6bf8d8d9c02337a9e to remote] DEBUG org.asynchttpclient.netty.request.NettyRequestSender - Using open Channel [id: 0x6c48256b, L:/127.0.0.1:60127 - R:localhost/127.0.0.1:61371] for POST '/session/c5eeb0292a490ab6bf8d8d9c02337a9e/timeouts'
17:25:07.117 [AsyncHttpClient-1-6] DEBUG org.asynchttpclient.netty.handler.HttpHandler - 

Request DefaultHttpRequest(decodeResult: success, version: HTTP/1.1)
POST /session/c5eeb0292a490ab6bf8d8d9c02337a9e/timeouts HTTP/1.1
User-Agent: selenium/4.1.2 (java windows)
Content-Length: 22
Content-Type: application/json; charset=utf-8
host: localhost:61371
accept: */*

Response DefaultHttpResponse(decodeResult: success, version: HTTP/1.1)
HTTP/1.1 200 OK
Content-Type: application/json; charset=utf-8
cache-control: no-cache
content-length: 14

17:25:07.117 [AsyncHttpClient-1-6] DEBUG org.asynchttpclient.netty.channel.ChannelManager - Adding key: http://localhost:61371 for channel [id: 0x6c48256b, L:/127.0.0.1:60127 - R:localhost/127.0.0.1:61371]
17:25:07.124 [Forwarding getCurrentUrl on session c5eeb0292a490ab6bf8d8d9c02337a9e to remote] DEBUG org.asynchttpclient.netty.request.NettyRequestSender - Using pooled Channel '[id: 0x6c48256b, L:/127.0.0.1:60127 - R:localhost/127.0.0.1:61371]' for 'GET' to 'http://localhost:61371/session/c5eeb0292a490ab6bf8d8d9c02337a9e/url'
17:25:07.124 [Forwarding getCurrentUrl on session c5eeb0292a490ab6bf8d8d9c02337a9e to remote] DEBUG org.asynchttpclient.netty.request.NettyRequestSender - Using open Channel [id: 0x6c48256b, L:/127.0.0.1:60127 - R:localhost/127.0.0.1:61371] for GET '/session/c5eeb0292a490ab6bf8d8d9c02337a9e/url'
17:25:07.142 [AsyncHttpClient-1-1] DEBUG org.asynchttpclient.netty.channel.DefaultChannelPool - Entry count for : http://localhost:60128 : 1
17:25:07.216 [AsyncHttpClient-1-6] DEBUG org.asynchttpclient.netty.handler.HttpHandler - 

Request DefaultFullHttpRequest(decodeResult: success, version: HTTP/1.1, content: EmptyByteBufBE)
GET /session/c5eeb0292a490ab6bf8d8d9c02337a9e/url HTTP/1.1
User-Agent: selenium/4.1.2 (java windows)
Cache-Control: no-cache
Content-Type: application/json; charset=utf-8
host: localhost:61371
accept: */*

Response DefaultHttpResponse(decodeResult: success, version: HTTP/1.1)
HTTP/1.1 200 OK
Content-Type: application/json; charset=utf-8
cache-control: no-cache
content-length: 53

17:25:07.216 [AsyncHttpClient-1-6] DEBUG org.asynchttpclient.netty.channel.ChannelManager - Adding key: http://localhost:61371 for channel [id: 0x6c48256b, L:/127.0.0.1:60127 - R:localhost/127.0.0.1:61371]
17:25:07.219 [Forwarding getCurrentUrl on session c5eeb0292a490ab6bf8d8d9c02337a9e to remote] DEBUG org.asynchttpclient.netty.request.NettyRequestSender - Using pooled Channel '[id: 0x6c48256b, L:/127.0.0.1:60127 - R:localhost/127.0.0.1:61371]' for 'GET' to 'http://localhost:61371/session/c5eeb0292a490ab6bf8d8d9c02337a9e/url'
17:25:07.220 [Forwarding getCurrentUrl on session c5eeb0292a490ab6bf8d8d9c02337a9e to remote] DEBUG org.asynchttpclient.netty.request.NettyRequestSender - Using open Channel [id: 0x6c48256b, L:/127.0.0.1:60127 - R:localhost/127.0.0.1:61371] for GET '/session/c5eeb0292a490ab6bf8d8d9c02337a9e/url'
17:25:07.224 [AsyncHttpClient-1-6] DEBUG org.asynchttpclient.netty.handler.HttpHandler - 

Request DefaultFullHttpRequest(decodeResult: success, version: HTTP/1.1, content: EmptyByteBufBE)
GET /session/c5eeb0292a490ab6bf8d8d9c02337a9e/url HTTP/1.1
User-Agent: selenium/4.1.2 (java windows)
Cache-Control: no-cache
Content-Type: application/json; charset=utf-8
host: localhost:61371
accept: */*

Response DefaultHttpResponse(decodeResult: success, version: HTTP/1.1)
HTTP/1.1 200 OK
Content-Type: application/json; charset=utf-8
cache-control: no-cache
content-length: 53

17:25:07.224 [AsyncHttpClient-1-6] DEBUG org.asynchttpclient.netty.channel.ChannelManager - Adding key: http://localhost:61371 for channel [id: 0x6c48256b, L:/127.0.0.1:60127 - R:localhost/127.0.0.1:61371]
17:25:07.234 [Forwarding screenshot on session c5eeb0292a490ab6bf8d8d9c02337a9e to remote] DEBUG org.asynchttpclient.netty.request.NettyRequestSender - Using pooled Channel '[id: 0x6c48256b, L:/127.0.0.1:60127 - R:localhost/127.0.0.1:61371]' for 'GET' to 'http://localhost:61371/session/c5eeb0292a490ab6bf8d8d9c02337a9e/screenshot'
17:25:07.234 [Forwarding screenshot on session c5eeb0292a490ab6bf8d8d9c02337a9e to remote] DEBUG org.asynchttpclient.netty.request.NettyRequestSender - Using open Channel [id: 0x6c48256b, L:/127.0.0.1:60127 - R:localhost/127.0.0.1:61371] for GET '/session/c5eeb0292a490ab6bf8d8d9c02337a9e/screenshot'
17:25:07.486 [AsyncHttpClient-1-6] DEBUG org.asynchttpclient.netty.handler.HttpHandler - 

Request DefaultFullHttpRequest(decodeResult: success, version: HTTP/1.1, content: EmptyByteBufBE)
GET /session/c5eeb0292a490ab6bf8d8d9c02337a9e/screenshot HTTP/1.1
User-Agent: selenium/4.1.2 (java windows)
Cache-Control: no-cache
Content-Type: application/json; charset=utf-8
host: localhost:61371
accept: */*

Response DefaultHttpResponse(decodeResult: success, version: HTTP/1.1)
HTTP/1.1 200 OK
Content-Type: application/json; charset=utf-8
cache-control: no-cache
content-length: 316684

17:25:07.488 [AsyncHttpClient-1-6] DEBUG org.asynchttpclient.netty.channel.ChannelManager - Adding key: http://localhost:61371 for channel [id: 0x6c48256b, L:/127.0.0.1:60127 - R:localhost/127.0.0.1:61371]
17:25:07.510 [main] DEBUG net.serenitybdd.core.photography.Darkroom - Send negative for processing for target\site\serenity\e15fb001efa6057257bd9ed646732332cd4489a364a48db3317974eb65b65377.png
17:25:07.510 [main] DEBUG net.thucydides.core.steps.StepInterceptor - STEP DONE: openUrl
17:25:07.511 [Darkroom Processing Line] DEBUG net.serenitybdd.core.photography.DarkroomProcessingLine - Processing screenshot image in /var/screenshots/screenshot-14164491140452593709
17:25:07.511 [Darkroom Processing Line] DEBUG net.serenitybdd.core.photography.DarkroomProcessingLine - Saving screenshot to target\site\serenity\e15fb001efa6057257bd9ed646732332cd4489a364a48db3317974eb65b65377.png
17:25:07.523 [main] DEBUG net.thucydides.core.steps.StepInterceptor - STARTING STEP: DashboardSteps.iAmOnTheDashboardPage - validateOnDashboardPage
17:25:07.527 [Forwarding findElement on session c5eeb0292a490ab6bf8d8d9c02337a9e to remote] DEBUG org.asynchttpclient.netty.request.NettyRequestSender - Using pooled Channel '[id: 0x6c48256b, L:/127.0.0.1:60127 - R:localhost/127.0.0.1:61371]' for 'POST' to 'http://localhost:61371/session/c5eeb0292a490ab6bf8d8d9c02337a9e/element'
17:25:07.527 [Forwarding findElement on session c5eeb0292a490ab6bf8d8d9c02337a9e to remote] DEBUG org.asynchttpclient.netty.request.NettyRequestSender - Using open Channel [id: 0x6c48256b, L:/127.0.0.1:60127 - R:localhost/127.0.0.1:61371] for POST '/session/c5eeb0292a490ab6bf8d8d9c02337a9e/element'
17:25:07.546 [AsyncHttpClient-1-6] DEBUG org.asynchttpclient.netty.handler.HttpHandler - 

Request DefaultHttpRequest(decodeResult: success, version: HTTP/1.1)
POST /session/c5eeb0292a490ab6bf8d8d9c02337a9e/element HTTP/1.1
User-Agent: selenium/4.1.2 (java windows)
Content-Length: 81
Content-Type: application/json; charset=utf-8
host: localhost:61371
accept: */*

Response DefaultHttpResponse(decodeResult: success, version: HTTP/1.1)
HTTP/1.1 200 OK
Content-Type: application/json; charset=utf-8
cache-control: no-cache
content-length: 88

17:25:07.546 [AsyncHttpClient-1-6] DEBUG org.asynchttpclient.netty.channel.ChannelManager - Adding key: http://localhost:61371 for channel [id: 0x6c48256b, L:/127.0.0.1:60127 - R:localhost/127.0.0.1:61371]
17:25:07.550 [Forwarding isElementDisplayed on session c5eeb0292a490ab6bf8d8d9c02337a9e to remote] DEBUG org.asynchttpclient.netty.request.NettyRequestSender - Using pooled Channel '[id: 0x6c48256b, L:/127.0.0.1:60127 - R:localhost/127.0.0.1:61371]' for 'POST' to 'http://localhost:61371/session/c5eeb0292a490ab6bf8d8d9c02337a9e/execute/sync'
17:25:07.550 [Forwarding isElementDisplayed on session c5eeb0292a490ab6bf8d8d9c02337a9e to remote] DEBUG org.asynchttpclient.netty.request.NettyRequestSender - Using open Channel [id: 0x6c48256b, L:/127.0.0.1:60127 - R:localhost/127.0.0.1:61371] for POST '/session/c5eeb0292a490ab6bf8d8d9c02337a9e/execute/sync'
17:25:07.572 [AsyncHttpClient-1-6] DEBUG org.asynchttpclient.netty.handler.HttpHandler - 

Request DefaultHttpRequest(decodeResult: success, version: HTTP/1.1)
POST /session/c5eeb0292a490ab6bf8d8d9c02337a9e/execute/sync HTTP/1.1
User-Agent: selenium/4.1.2 (java windows)
Content-Length: 48780
Content-Type: application/json; charset=utf-8
host: localhost:61371
accept: */*

Response DefaultHttpResponse(decodeResult: success, version: HTTP/1.1)
HTTP/1.1 200 OK
Content-Type: application/json; charset=utf-8
cache-control: no-cache
content-length: 14

17:25:07.572 [AsyncHttpClient-1-6] DEBUG org.asynchttpclient.netty.channel.ChannelManager - Adding key: http://localhost:61371 for channel [id: 0x6c48256b, L:/127.0.0.1:60127 - R:localhost/127.0.0.1:61371]
17:25:07.579 [Forwarding screenshot on session c5eeb0292a490ab6bf8d8d9c02337a9e to remote] DEBUG org.asynchttpclient.netty.request.NettyRequestSender - Using pooled Channel '[id: 0x6c48256b, L:/127.0.0.1:60127 - R:localhost/127.0.0.1:61371]' for 'GET' to 'http://localhost:61371/session/c5eeb0292a490ab6bf8d8d9c02337a9e/screenshot'
17:25:07.579 [Forwarding screenshot on session c5eeb0292a490ab6bf8d8d9c02337a9e to remote] DEBUG org.asynchttpclient.netty.request.NettyRequestSender - Using open Channel [id: 0x6c48256b, L:/127.0.0.1:60127 - R:localhost/127.0.0.1:61371] for GET '/session/c5eeb0292a490ab6bf8d8d9c02337a9e/screenshot'
17:25:07.835 [AsyncHttpClient-1-6] DEBUG org.asynchttpclient.netty.handler.HttpHandler - 

Request DefaultFullHttpRequest(decodeResult: success, version: HTTP/1.1, content: EmptyByteBufBE)
GET /session/c5eeb0292a490ab6bf8d8d9c02337a9e/screenshot HTTP/1.1
User-Agent: selenium/4.1.2 (java windows)
Cache-Control: no-cache
Content-Type: application/json; charset=utf-8
host: localhost:61371
accept: */*

Response DefaultHttpResponse(decodeResult: success, version: HTTP/1.1)
HTTP/1.1 200 OK
Content-Type: application/json; charset=utf-8
cache-control: no-cache
content-length: 316684

17:25:07.837 [AsyncHttpClient-1-6] DEBUG org.asynchttpclient.netty.channel.ChannelManager - Adding key: http://localhost:61371 for channel [id: 0x6c48256b, L:/127.0.0.1:60127 - R:localhost/127.0.0.1:61371]
17:25:07.862 [main] DEBUG net.serenitybdd.core.photography.Darkroom - Send negative for processing for target\site\serenity\e15fb001efa6057257bd9ed646732332cd4489a364a48db3317974eb65b65377.png
17:25:07.862 [main] DEBUG net.thucydides.core.steps.StepInterceptor - STEP DONE: validateOnDashboardPage
  &amp#27;[32mGiven &amp#27;[0m&amp#27;[32mI am on the dashboard page&amp#27;[0m                       &amp#27;[90m# starter.stepdefinitions.DashboardSteps.iAmOnTheDashboardPage()&amp#27;[0m
17:25:07.893 [main] DEBUG net.thucydides.core.steps.StepInterceptor - STARTING STEP: AppointmentSteps.iClickMenuAppointment - clickMenuAppointmentButton
17:25:07.897 [Forwarding findElement on session c5eeb0292a490ab6bf8d8d9c02337a9e to remote] DEBUG org.asynchttpclient.netty.request.NettyRequestSender - Using pooled Channel '[id: 0x6c48256b, L:/127.0.0.1:60127 - R:localhost/127.0.0.1:61371]' for 'POST' to 'http://localhost:61371/session/c5eeb0292a490ab6bf8d8d9c02337a9e/element'
17:25:07.897 [Forwarding findElement on session c5eeb0292a490ab6bf8d8d9c02337a9e to remote] DEBUG org.asynchttpclient.netty.request.NettyRequestSender - Using open Channel [id: 0x6c48256b, L:/127.0.0.1:60127 - R:localhost/127.0.0.1:61371] for POST '/session/c5eeb0292a490ab6bf8d8d9c02337a9e/element'
17:25:07.912 [AsyncHttpClient-1-6] DEBUG org.asynchttpclient.netty.handler.HttpHandler - 

Request DefaultHttpRequest(decodeResult: success, version: HTTP/1.1)
POST /session/c5eeb0292a490ab6bf8d8d9c02337a9e/element HTTP/1.1
User-Agent: selenium/4.1.2 (java windows)
Content-Length: 84
Content-Type: application/json; charset=utf-8
host: localhost:61371
accept: */*

Response DefaultHttpResponse(decodeResult: success, version: HTTP/1.1)
HTTP/1.1 200 OK
Content-Type: application/json; charset=utf-8
cache-control: no-cache
content-length: 88

17:25:07.912 [AsyncHttpClient-1-6] DEBUG org.asynchttpclient.netty.channel.ChannelManager - Adding key: http://localhost:61371 for channel [id: 0x6c48256b, L:/127.0.0.1:60127 - R:localhost/127.0.0.1:61371]
17:25:07.914 [Forwarding getElementTagName on session c5eeb0292a490ab6bf8d8d9c02337a9e to remote] DEBUG org.asynchttpclient.netty.request.NettyRequestSender - Using pooled Channel '[id: 0x6c48256b, L:/127.0.0.1:60127 - R:localhost/127.0.0.1:61371]' for 'GET' to 'http://localhost:61371/session/c5eeb0292a490ab6bf8d8d9c02337a9e/element/4ace34e5-f56e-49fd-9b68-cf6eddf098d2/name'
17:25:07.914 [Forwarding getElementTagName on session c5eeb0292a490ab6bf8d8d9c02337a9e to remote] DEBUG org.asynchttpclient.netty.request.NettyRequestSender - Using open Channel [id: 0x6c48256b, L:/127.0.0.1:60127 - R:localhost/127.0.0.1:61371] for GET '/session/c5eeb0292a490ab6bf8d8d9c02337a9e/element/4ace34e5-f56e-49fd-9b68-cf6eddf098d2/name'
17:25:07.919 [AsyncHttpClient-1-6] DEBUG org.asynchttpclient.netty.handler.HttpHandler - 

Request DefaultFullHttpRequest(decodeResult: success, version: HTTP/1.1, content: EmptyByteBufBE)
GET /session/c5eeb0292a490ab6bf8d8d9c02337a9e/element/4ace34e5-f56e-49fd-9b68-cf6eddf098d2/name HTTP/1.1
User-Agent: selenium/4.1.2 (java windows)
Cache-Control: no-cache
Content-Type: application/json; charset=utf-8
host: localhost:61371
accept: */*

Response DefaultHttpResponse(decodeResult: success, version: HTTP/1.1)
HTTP/1.1 200 OK
Content-Type: application/json; charset=utf-8
cache-control: no-cache
content-length: 15

17:25:07.919 [AsyncHttpClient-1-6] DEBUG org.asynchttpclient.netty.channel.ChannelManager - Adding key: http://localhost:61371 for channel [id: 0x6c48256b, L:/127.0.0.1:60127 - R:localhost/127.0.0.1:61371]
17:25:07.922 [Forwarding getElementTagName on session c5eeb0292a490ab6bf8d8d9c02337a9e to remote] DEBUG org.asynchttpclient.netty.request.NettyRequestSender - Using pooled Channel '[id: 0x6c48256b, L:/127.0.0.1:60127 - R:localhost/127.0.0.1:61371]' for 'GET' to 'http://localhost:61371/session/c5eeb0292a490ab6bf8d8d9c02337a9e/element/4ace34e5-f56e-49fd-9b68-cf6eddf098d2/name'
17:25:07.922 [Forwarding getElementTagName on session c5eeb0292a490ab6bf8d8d9c02337a9e to remote] DEBUG org.asynchttpclient.netty.request.NettyRequestSender - Using open Channel [id: 0x6c48256b, L:/127.0.0.1:60127 - R:localhost/127.0.0.1:61371] for GET '/session/c5eeb0292a490ab6bf8d8d9c02337a9e/element/4ace34e5-f56e-49fd-9b68-cf6eddf098d2/name'
17:25:07.926 [AsyncHttpClient-1-6] DEBUG org.asynchttpclient.netty.handler.HttpHandler - 

Request DefaultFullHttpRequest(decodeResult: success, version: HTTP/1.1, content: EmptyByteBufBE)
GET /session/c5eeb0292a490ab6bf8d8d9c02337a9e/element/4ace34e5-f56e-49fd-9b68-cf6eddf098d2/name HTTP/1.1
User-Agent: selenium/4.1.2 (java windows)
Cache-Control: no-cache
Content-Type: application/json; charset=utf-8
host: localhost:61371
accept: */*

Response DefaultHttpResponse(decodeResult: success, version: HTTP/1.1)
HTTP/1.1 200 OK
Content-Type: application/json; charset=utf-8
cache-control: no-cache
content-length: 15

17:25:07.926 [AsyncHttpClient-1-6] DEBUG org.asynchttpclient.netty.channel.ChannelManager - Adding key: http://localhost:61371 for channel [id: 0x6c48256b, L:/127.0.0.1:60127 - R:localhost/127.0.0.1:61371]
17:25:07.935 [Forwarding findElement on session c5eeb0292a490ab6bf8d8d9c02337a9e to remote] DEBUG org.asynchttpclient.netty.request.NettyRequestSender - Using pooled Channel '[id: 0x6c48256b, L:/127.0.0.1:60127 - R:localhost/127.0.0.1:61371]' for 'POST' to 'http://localhost:61371/session/c5eeb0292a490ab6bf8d8d9c02337a9e/element'
17:25:07.935 [Forwarding findElement on session c5eeb0292a490ab6bf8d8d9c02337a9e to remote] DEBUG org.asynchttpclient.netty.request.NettyRequestSender - Using open Channel [id: 0x6c48256b, L:/127.0.0.1:60127 - R:localhost/127.0.0.1:61371] for POST '/session/c5eeb0292a490ab6bf8d8d9c02337a9e/element'
17:25:07.948 [AsyncHttpClient-1-6] DEBUG org.asynchttpclient.netty.handler.HttpHandler - 

Request DefaultHttpRequest(decodeResult: success, version: HTTP/1.1)
POST /session/c5eeb0292a490ab6bf8d8d9c02337a9e/element HTTP/1.1
User-Agent: selenium/4.1.2 (java windows)
Content-Length: 84
Content-Type: application/json; charset=utf-8
host: localhost:61371
accept: */*

Response DefaultHttpResponse(decodeResult: success, version: HTTP/1.1)
HTTP/1.1 200 OK
Content-Type: application/json; charset=utf-8
cache-control: no-cache
content-length: 88

17:25:07.948 [AsyncHttpClient-1-6] DEBUG org.asynchttpclient.netty.channel.ChannelManager - Adding key: http://localhost:61371 for channel [id: 0x6c48256b, L:/127.0.0.1:60127 - R:localhost/127.0.0.1:61371]
17:25:07.953 [Forwarding clickElement on session c5eeb0292a490ab6bf8d8d9c02337a9e to remote] DEBUG org.asynchttpclient.netty.request.NettyRequestSender - Using pooled Channel '[id: 0x6c48256b, L:/127.0.0.1:60127 - R:localhost/127.0.0.1:61371]' for 'POST' to 'http://localhost:61371/session/c5eeb0292a490ab6bf8d8d9c02337a9e/element/4ace34e5-f56e-49fd-9b68-cf6eddf098d2/click'
17:25:07.953 [Forwarding clickElement on session c5eeb0292a490ab6bf8d8d9c02337a9e to remote] DEBUG org.asynchttpclient.netty.request.NettyRequestSender - Using open Channel [id: 0x6c48256b, L:/127.0.0.1:60127 - R:localhost/127.0.0.1:61371] for POST '/session/c5eeb0292a490ab6bf8d8d9c02337a9e/element/4ace34e5-f56e-49fd-9b68-cf6eddf098d2/click'
17:25:08.169 [AsyncHttpClient-1-6] DEBUG org.asynchttpclient.netty.handler.HttpHandler - 

Request DefaultHttpRequest(decodeResult: success, version: HTTP/1.1)
POST /session/c5eeb0292a490ab6bf8d8d9c02337a9e/element/4ace34e5-f56e-49fd-9b68-cf6eddf098d2/click HTTP/1.1
User-Agent: selenium/4.1.2 (java windows)
Content-Length: 50
Content-Type: application/json; charset=utf-8
host: localhost:61371
accept: */*

Response DefaultHttpResponse(decodeResult: success, version: HTTP/1.1)
HTTP/1.1 200 OK
Content-Type: application/json; charset=utf-8
cache-control: no-cache
content-length: 14

17:25:08.170 [AsyncHttpClient-1-6] DEBUG org.asynchttpclient.netty.channel.ChannelManager - Adding key: http://localhost:61371 for channel [id: 0x6c48256b, L:/127.0.0.1:60127 - R:localhost/127.0.0.1:61371]
17:25:08.180 [Forwarding screenshot on session c5eeb0292a490ab6bf8d8d9c02337a9e to remote] DEBUG org.asynchttpclient.netty.request.NettyRequestSender - Using pooled Channel '[id: 0x6c48256b, L:/127.0.0.1:60127 - R:localhost/127.0.0.1:61371]' for 'GET' to 'http://localhost:61371/session/c5eeb0292a490ab6bf8d8d9c02337a9e/screenshot'
17:25:08.180 [Forwarding screenshot on session c5eeb0292a490ab6bf8d8d9c02337a9e to remote] DEBUG org.asynchttpclient.netty.request.NettyRequestSender - Using open Channel [id: 0x6c48256b, L:/127.0.0.1:60127 - R:localhost/127.0.0.1:61371] for GET '/session/c5eeb0292a490ab6bf8d8d9c02337a9e/screenshot'
17:25:08.242 [AsyncHttpClient-1-1] DEBUG org.asynchttpclient.netty.channel.DefaultChannelPool - Entry count for : http://localhost:60128 : 1
17:25:08.292 [AsyncHttpClient-1-6] DEBUG org.asynchttpclient.netty.handler.HttpHandler - 

Request DefaultFullHttpRequest(decodeResult: success, version: HTTP/1.1, content: EmptyByteBufBE)
GET /session/c5eeb0292a490ab6bf8d8d9c02337a9e/screenshot HTTP/1.1
User-Agent: selenium/4.1.2 (java windows)
Cache-Control: no-cache
Content-Type: application/json; charset=utf-8
host: localhost:61371
accept: */*

Response DefaultHttpResponse(decodeResult: success, version: HTTP/1.1)
HTTP/1.1 200 OK
Content-Type: application/json; charset=utf-8
cache-control: no-cache
content-length: 55200

17:25:08.292 [AsyncHttpClient-1-6] DEBUG org.asynchttpclient.netty.channel.ChannelManager - Adding key: http://localhost:61371 for channel [id: 0x6c48256b, L:/127.0.0.1:60127 - R:localhost/127.0.0.1:61371]
17:25:08.296 [main] DEBUG net.serenitybdd.core.photography.Darkroom - Send negative for processing for target\site\serenity\77f40bde4a6f42c824b3af4af184e2e7f1347eff52c52220655f63307bc12d17.png
17:25:08.296 [main] DEBUG net.thucydides.core.steps.StepInterceptor - STEP DONE: clickMenuAppointmentButton
  &amp#27;[32mAnd &amp#27;[0m&amp#27;[32mI click menu Appointment&amp#27;[0m                           &amp#27;[90m# starter.stepdefinitions.AppointmentSteps.iClickMenuAppointment()&amp#27;[0m
17:25:08.315 [main] DEBUG net.thucydides.core.steps.StepInterceptor - STARTING STEP: AppointmentSteps.iClickEditAppointmentIcon - clickEditAppointmentIcon
17:25:08.322 [Forwarding findElement on session c5eeb0292a490ab6bf8d8d9c02337a9e to remote] DEBUG org.asynchttpclient.netty.request.NettyRequestSender - Using pooled Channel '[id: 0x6c48256b, L:/127.0.0.1:60127 - R:localhost/127.0.0.1:61371]' for 'POST' to 'http://localhost:61371/session/c5eeb0292a490ab6bf8d8d9c02337a9e/element'
17:25:08.322 [Forwarding findElement on session c5eeb0292a490ab6bf8d8d9c02337a9e to remote] DEBUG org.asynchttpclient.netty.request.NettyRequestSender - Using open Channel [id: 0x6c48256b, L:/127.0.0.1:60127 - R:localhost/127.0.0.1:61371] for POST '/session/c5eeb0292a490ab6bf8d8d9c02337a9e/element'
17:25:09.342 [AsyncHttpClient-1-1] DEBUG org.asynchttpclient.netty.channel.DefaultChannelPool - Entry count for : http://localhost:60128 : 1
17:25:10.444 [AsyncHttpClient-1-1] DEBUG org.asynchttpclient.netty.channel.DefaultChannelPool - Entry count for : http://localhost:60128 : 1
17:25:11.246 [AsyncHttpClient-1-6] DEBUG org.asynchttpclient.netty.handler.HttpHandler - 

Request DefaultHttpRequest(decodeResult: success, version: HTTP/1.1)
POST /session/c5eeb0292a490ab6bf8d8d9c02337a9e/element HTTP/1.1
User-Agent: selenium/4.1.2 (java windows)
Content-Length: 91
Content-Type: application/json; charset=utf-8
host: localhost:61371
accept: */*

Response DefaultHttpResponse(decodeResult: success, version: HTTP/1.1)
HTTP/1.1 200 OK
Content-Type: application/json; charset=utf-8
cache-control: no-cache
content-length: 88

17:25:11.247 [AsyncHttpClient-1-6] DEBUG org.asynchttpclient.netty.channel.ChannelManager - Adding key: http://localhost:61371 for channel [id: 0x6c48256b, L:/127.0.0.1:60127 - R:localhost/127.0.0.1:61371]
17:25:11.250 [Forwarding getElementTagName on session c5eeb0292a490ab6bf8d8d9c02337a9e to remote] DEBUG org.asynchttpclient.netty.request.NettyRequestSender - Using pooled Channel '[id: 0x6c48256b, L:/127.0.0.1:60127 - R:localhost/127.0.0.1:61371]' for 'GET' to 'http://localhost:61371/session/c5eeb0292a490ab6bf8d8d9c02337a9e/element/7cc6c2c5-8c52-4503-996e-c3053f97019c/name'
17:25:11.250 [Forwarding getElementTagName on session c5eeb0292a490ab6bf8d8d9c02337a9e to remote] DEBUG org.asynchttpclient.netty.request.NettyRequestSender - Using open Channel [id: 0x6c48256b, L:/127.0.0.1:60127 - R:localhost/127.0.0.1:61371] for GET '/session/c5eeb0292a490ab6bf8d8d9c02337a9e/element/7cc6c2c5-8c52-4503-996e-c3053f97019c/name'
17:25:11.258 [AsyncHttpClient-1-6] DEBUG org.asynchttpclient.netty.handler.HttpHandler - 

Request DefaultFullHttpRequest(decodeResult: success, version: HTTP/1.1, content: EmptyByteBufBE)
GET /session/c5eeb0292a490ab6bf8d8d9c02337a9e/element/7cc6c2c5-8c52-4503-996e-c3053f97019c/name HTTP/1.1
User-Agent: selenium/4.1.2 (java windows)
Cache-Control: no-cache
Content-Type: application/json; charset=utf-8
host: localhost:61371
accept: */*

Response DefaultHttpResponse(decodeResult: success, version: HTTP/1.1)
HTTP/1.1 200 OK
Content-Type: application/json; charset=utf-8
cache-control: no-cache
content-length: 18

17:25:11.258 [AsyncHttpClient-1-6] DEBUG org.asynchttpclient.netty.channel.ChannelManager - Adding key: http://localhost:61371 for channel [id: 0x6c48256b, L:/127.0.0.1:60127 - R:localhost/127.0.0.1:61371]
17:25:11.259 [Forwarding getElementTagName on session c5eeb0292a490ab6bf8d8d9c02337a9e to remote] DEBUG org.asynchttpclient.netty.request.NettyRequestSender - Using pooled Channel '[id: 0x6c48256b, L:/127.0.0.1:60127 - R:localhost/127.0.0.1:61371]' for 'GET' to 'http://localhost:61371/session/c5eeb0292a490ab6bf8d8d9c02337a9e/element/7cc6c2c5-8c52-4503-996e-c3053f97019c/name'
17:25:11.260 [Forwarding getElementTagName on session c5eeb0292a490ab6bf8d8d9c02337a9e to remote] DEBUG org.asynchttpclient.netty.request.NettyRequestSender - Using open Channel [id: 0x6c48256b, L:/127.0.0.1:60127 - R:localhost/127.0.0.1:61371] for GET '/session/c5eeb0292a490ab6bf8d8d9c02337a9e/element/7cc6c2c5-8c52-4503-996e-c3053f97019c/name'
17:25:11.264 [AsyncHttpClient-1-6] DEBUG org.asynchttpclient.netty.handler.HttpHandler - 

Request DefaultFullHttpRequest(decodeResult: success, version: HTTP/1.1, content: EmptyByteBufBE)
GET /session/c5eeb0292a490ab6bf8d8d9c02337a9e/element/7cc6c2c5-8c52-4503-996e-c3053f97019c/name HTTP/1.1
User-Agent: selenium/4.1.2 (java windows)
Cache-Control: no-cache
Content-Type: application/json; charset=utf-8
host: localhost:61371
accept: */*

Response DefaultHttpResponse(decodeResult: success, version: HTTP/1.1)
HTTP/1.1 200 OK
Content-Type: application/json; charset=utf-8
cache-control: no-cache
content-length: 18

17:25:11.265 [AsyncHttpClient-1-6] DEBUG org.asynchttpclient.netty.channel.ChannelManager - Adding key: http://localhost:61371 for channel [id: 0x6c48256b, L:/127.0.0.1:60127 - R:localhost/127.0.0.1:61371]
17:25:11.267 [Forwarding isElementEnabled on session c5eeb0292a490ab6bf8d8d9c02337a9e to remote] DEBUG org.asynchttpclient.netty.request.NettyRequestSender - Using pooled Channel '[id: 0x6c48256b, L:/127.0.0.1:60127 - R:localhost/127.0.0.1:61371]' for 'GET' to 'http://localhost:61371/session/c5eeb0292a490ab6bf8d8d9c02337a9e/element/7cc6c2c5-8c52-4503-996e-c3053f97019c/enabled'
17:25:11.267 [Forwarding isElementEnabled on session c5eeb0292a490ab6bf8d8d9c02337a9e to remote] DEBUG org.asynchttpclient.netty.request.NettyRequestSender - Using open Channel [id: 0x6c48256b, L:/127.0.0.1:60127 - R:localhost/127.0.0.1:61371] for GET '/session/c5eeb0292a490ab6bf8d8d9c02337a9e/element/7cc6c2c5-8c52-4503-996e-c3053f97019c/enabled'
17:25:11.278 [AsyncHttpClient-1-6] DEBUG org.asynchttpclient.netty.handler.HttpHandler - 

Request DefaultFullHttpRequest(decodeResult: success, version: HTTP/1.1, content: EmptyByteBufBE)
GET /session/c5eeb0292a490ab6bf8d8d9c02337a9e/element/7cc6c2c5-8c52-4503-996e-c3053f97019c/enabled HTTP/1.1
User-Agent: selenium/4.1.2 (java windows)
Cache-Control: no-cache
Content-Type: application/json; charset=utf-8
host: localhost:61371
accept: */*

Response DefaultHttpResponse(decodeResult: success, version: HTTP/1.1)
HTTP/1.1 200 OK
Content-Type: application/json; charset=utf-8
cache-control: no-cache
content-length: 14

17:25:11.278 [AsyncHttpClient-1-6] DEBUG org.asynchttpclient.netty.channel.ChannelManager - Adding key: http://localhost:61371 for channel [id: 0x6c48256b, L:/127.0.0.1:60127 - R:localhost/127.0.0.1:61371]
17:25:11.280 [Forwarding isElementEnabled on session c5eeb0292a490ab6bf8d8d9c02337a9e to remote] DEBUG org.asynchttpclient.netty.request.NettyRequestSender - Using pooled Channel '[id: 0x6c48256b, L:/127.0.0.1:60127 - R:localhost/127.0.0.1:61371]' for 'GET' to 'http://localhost:61371/session/c5eeb0292a490ab6bf8d8d9c02337a9e/element/7cc6c2c5-8c52-4503-996e-c3053f97019c/enabled'
17:25:11.280 [Forwarding isElementEnabled on session c5eeb0292a490ab6bf8d8d9c02337a9e to remote] DEBUG org.asynchttpclient.netty.request.NettyRequestSender - Using open Channel [id: 0x6c48256b, L:/127.0.0.1:60127 - R:localhost/127.0.0.1:61371] for GET '/session/c5eeb0292a490ab6bf8d8d9c02337a9e/element/7cc6c2c5-8c52-4503-996e-c3053f97019c/enabled'
17:25:11.287 [AsyncHttpClient-1-6] DEBUG org.asynchttpclient.netty.handler.HttpHandler - 

Request DefaultFullHttpRequest(decodeResult: success, version: HTTP/1.1, content: EmptyByteBufBE)
GET /session/c5eeb0292a490ab6bf8d8d9c02337a9e/element/7cc6c2c5-8c52-4503-996e-c3053f97019c/enabled HTTP/1.1
User-Agent: selenium/4.1.2 (java windows)
Cache-Control: no-cache
Content-Type: application/json; charset=utf-8
host: localhost:61371
accept: */*

Response DefaultHttpResponse(decodeResult: success, version: HTTP/1.1)
HTTP/1.1 200 OK
Content-Type: application/json; charset=utf-8
cache-control: no-cache
content-length: 14

17:25:11.287 [AsyncHttpClient-1-6] DEBUG org.asynchttpclient.netty.channel.ChannelManager - Adding key: http://localhost:61371 for channel [id: 0x6c48256b, L:/127.0.0.1:60127 - R:localhost/127.0.0.1:61371]
17:25:11.291 [Forwarding findElement on session c5eeb0292a490ab6bf8d8d9c02337a9e to remote] DEBUG org.asynchttpclient.netty.request.NettyRequestSender - Using pooled Channel '[id: 0x6c48256b, L:/127.0.0.1:60127 - R:localhost/127.0.0.1:61371]' for 'POST' to 'http://localhost:61371/session/c5eeb0292a490ab6bf8d8d9c02337a9e/element'
17:25:11.291 [Forwarding findElement on session c5eeb0292a490ab6bf8d8d9c02337a9e to remote] DEBUG org.asynchttpclient.netty.request.NettyRequestSender - Using open Channel [id: 0x6c48256b, L:/127.0.0.1:60127 - R:localhost/127.0.0.1:61371] for POST '/session/c5eeb0292a490ab6bf8d8d9c02337a9e/element'
17:25:11.299 [AsyncHttpClient-1-6] DEBUG org.asynchttpclient.netty.handler.HttpHandler - 

Request DefaultHttpRequest(decodeResult: success, version: HTTP/1.1)
POST /session/c5eeb0292a490ab6bf8d8d9c02337a9e/element HTTP/1.1
User-Agent: selenium/4.1.2 (java windows)
Content-Length: 91
Content-Type: application/json; charset=utf-8
host: localhost:61371
accept: */*

Response DefaultHttpResponse(decodeResult: success, version: HTTP/1.1)
HTTP/1.1 200 OK
Content-Type: application/json; charset=utf-8
cache-control: no-cache
content-length: 88

17:25:11.299 [AsyncHttpClient-1-6] DEBUG org.asynchttpclient.netty.channel.ChannelManager - Adding key: http://localhost:61371 for channel [id: 0x6c48256b, L:/127.0.0.1:60127 - R:localhost/127.0.0.1:61371]
17:25:11.301 [Forwarding clickElement on session c5eeb0292a490ab6bf8d8d9c02337a9e to remote] DEBUG org.asynchttpclient.netty.request.NettyRequestSender - Using pooled Channel '[id: 0x6c48256b, L:/127.0.0.1:60127 - R:localhost/127.0.0.1:61371]' for 'POST' to 'http://localhost:61371/session/c5eeb0292a490ab6bf8d8d9c02337a9e/element/7cc6c2c5-8c52-4503-996e-c3053f97019c/click'
17:25:11.301 [Forwarding clickElement on session c5eeb0292a490ab6bf8d8d9c02337a9e to remote] DEBUG org.asynchttpclient.netty.request.NettyRequestSender - Using open Channel [id: 0x6c48256b, L:/127.0.0.1:60127 - R:localhost/127.0.0.1:61371] for POST '/session/c5eeb0292a490ab6bf8d8d9c02337a9e/element/7cc6c2c5-8c52-4503-996e-c3053f97019c/click'
17:25:11.505 [AsyncHttpClient-1-6] DEBUG org.asynchttpclient.netty.handler.HttpHandler - 

Request DefaultHttpRequest(decodeResult: success, version: HTTP/1.1)
POST /session/c5eeb0292a490ab6bf8d8d9c02337a9e/element/7cc6c2c5-8c52-4503-996e-c3053f97019c/click HTTP/1.1
User-Agent: selenium/4.1.2 (java windows)
Content-Length: 50
Content-Type: application/json; charset=utf-8
host: localhost:61371
accept: */*

Response DefaultHttpResponse(decodeResult: success, version: HTTP/1.1)
HTTP/1.1 200 OK
Content-Type: application/json; charset=utf-8
cache-control: no-cache
content-length: 14

17:25:11.506 [AsyncHttpClient-1-6] DEBUG org.asynchttpclient.netty.channel.ChannelManager - Adding key: http://localhost:61371 for channel [id: 0x6c48256b, L:/127.0.0.1:60127 - R:localhost/127.0.0.1:61371]
17:25:11.520 [Forwarding screenshot on session c5eeb0292a490ab6bf8d8d9c02337a9e to remote] DEBUG org.asynchttpclient.netty.request.NettyRequestSender - Using pooled Channel '[id: 0x6c48256b, L:/127.0.0.1:60127 - R:localhost/127.0.0.1:61371]' for 'GET' to 'http://localhost:61371/session/c5eeb0292a490ab6bf8d8d9c02337a9e/screenshot'
17:25:11.520 [Forwarding screenshot on session c5eeb0292a490ab6bf8d8d9c02337a9e to remote] DEBUG org.asynchttpclient.netty.request.NettyRequestSender - Using open Channel [id: 0x6c48256b, L:/127.0.0.1:60127 - R:localhost/127.0.0.1:61371] for GET '/session/c5eeb0292a490ab6bf8d8d9c02337a9e/screenshot'
17:25:11.541 [AsyncHttpClient-1-1] DEBUG org.asynchttpclient.netty.channel.DefaultChannelPool - Entry count for : http://localhost:60128 : 1
17:25:11.865 [AsyncHttpClient-1-6] DEBUG org.asynchttpclient.netty.handler.HttpHandler - 

Request DefaultFullHttpRequest(decodeResult: success, version: HTTP/1.1, content: EmptyByteBufBE)
GET /session/c5eeb0292a490ab6bf8d8d9c02337a9e/screenshot HTTP/1.1
User-Agent: selenium/4.1.2 (java windows)
Cache-Control: no-cache
Content-Type: application/json; charset=utf-8
host: localhost:61371
accept: */*

Response DefaultHttpResponse(decodeResult: success, version: HTTP/1.1)
HTTP/1.1 200 OK
Content-Type: application/json; charset=utf-8
cache-control: no-cache
content-length: 77028

17:25:11.865 [AsyncHttpClient-1-6] DEBUG org.asynchttpclient.netty.channel.ChannelManager - Adding key: http://localhost:61371 for channel [id: 0x6c48256b, L:/127.0.0.1:60127 - R:localhost/127.0.0.1:61371]
17:25:11.872 [main] DEBUG net.serenitybdd.core.photography.Darkroom - Send negative for processing for target\site\serenity\25d73080d57b83e9c322c197eae38026a26320ac45b72196a9c2da1527fa51d2.png
17:25:11.872 [main] DEBUG net.thucydides.core.steps.StepInterceptor - STEP DONE: clickEditAppointmentIcon
  &amp#27;[32mWhen &amp#27;[0m&amp#27;[32mI click edit Appointment icon&amp#27;[0m                     &amp#27;[90m# starter.stepdefinitions.AppointmentSteps.iClickEditAppointmentIcon()&amp#27;[0m
17:25:11.873 [Darkroom Processing Line] DEBUG net.serenitybdd.core.photography.DarkroomProcessingLine - Processing screenshot image in /var/screenshots/screenshot-7990894709193454974
17:25:11.873 [Darkroom Processing Line] DEBUG net.serenitybdd.core.photography.DarkroomProcessingLine - Saving screenshot to target\site\serenity\25d73080d57b83e9c322c197eae38026a26320ac45b72196a9c2da1527fa51d2.png
17:25:11.896 [main] DEBUG net.thucydides.core.steps.StepInterceptor - STARTING STEP: AppointmentSteps.iClickTheXButton - clickTheXIcon
17:25:11.901 [Forwarding findElement on session c5eeb0292a490ab6bf8d8d9c02337a9e to remote] DEBUG org.asynchttpclient.netty.request.NettyRequestSender - Using pooled Channel '[id: 0x6c48256b, L:/127.0.0.1:60127 - R:localhost/127.0.0.1:61371]' for 'POST' to 'http://localhost:61371/session/c5eeb0292a490ab6bf8d8d9c02337a9e/element'
17:25:11.902 [Forwarding findElement on session c5eeb0292a490ab6bf8d8d9c02337a9e to remote] DEBUG org.asynchttpclient.netty.request.NettyRequestSender - Using open Channel [id: 0x6c48256b, L:/127.0.0.1:60127 - R:localhost/127.0.0.1:61371] for POST '/session/c5eeb0292a490ab6bf8d8d9c02337a9e/element'
17:25:11.923 [AsyncHttpClient-1-6] DEBUG org.asynchttpclient.netty.handler.HttpHandler - 

Request DefaultHttpRequest(decodeResult: success, version: HTTP/1.1)
POST /session/c5eeb0292a490ab6bf8d8d9c02337a9e/element HTTP/1.1
User-Agent: selenium/4.1.2 (java windows)
Content-Length: 104
Content-Type: application/json; charset=utf-8
host: localhost:61371
accept: */*

Response DefaultHttpResponse(decodeResult: success, version: HTTP/1.1)
HTTP/1.1 200 OK
Content-Type: application/json; charset=utf-8
cache-control: no-cache
content-length: 88

17:25:11.923 [AsyncHttpClient-1-6] DEBUG org.asynchttpclient.netty.channel.ChannelManager - Adding key: http://localhost:61371 for channel [id: 0x6c48256b, L:/127.0.0.1:60127 - R:localhost/127.0.0.1:61371]
17:25:11.925 [Forwarding getElementTagName on session c5eeb0292a490ab6bf8d8d9c02337a9e to remote] DEBUG org.asynchttpclient.netty.request.NettyRequestSender - Using pooled Channel '[id: 0x6c48256b, L:/127.0.0.1:60127 - R:localhost/127.0.0.1:61371]' for 'GET' to 'http://localhost:61371/session/c5eeb0292a490ab6bf8d8d9c02337a9e/element/44c5c20b-8da3-4c46-82c3-8909d2a24d1c/name'
17:25:11.925 [Forwarding getElementTagName on session c5eeb0292a490ab6bf8d8d9c02337a9e to remote] DEBUG org.asynchttpclient.netty.request.NettyRequestSender - Using open Channel [id: 0x6c48256b, L:/127.0.0.1:60127 - R:localhost/127.0.0.1:61371] for GET '/session/c5eeb0292a490ab6bf8d8d9c02337a9e/element/44c5c20b-8da3-4c46-82c3-8909d2a24d1c/name'
17:25:11.932 [AsyncHttpClient-1-6] DEBUG org.asynchttpclient.netty.handler.HttpHandler - 

Request DefaultFullHttpRequest(decodeResult: success, version: HTTP/1.1, content: EmptyByteBufBE)
GET /session/c5eeb0292a490ab6bf8d8d9c02337a9e/element/44c5c20b-8da3-4c46-82c3-8909d2a24d1c/name HTTP/1.1
User-Agent: selenium/4.1.2 (java windows)
Cache-Control: no-cache
Content-Type: application/json; charset=utf-8
host: localhost:61371
accept: */*

Response DefaultHttpResponse(decodeResult: success, version: HTTP/1.1)
HTTP/1.1 200 OK
Content-Type: application/json; charset=utf-8
cache-control: no-cache
content-length: 18

17:25:11.932 [AsyncHttpClient-1-6] DEBUG org.asynchttpclient.netty.channel.ChannelManager - Adding key: http://localhost:61371 for channel [id: 0x6c48256b, L:/127.0.0.1:60127 - R:localhost/127.0.0.1:61371]
17:25:11.938 [Forwarding getElementTagName on session c5eeb0292a490ab6bf8d8d9c02337a9e to remote] DEBUG org.asynchttpclient.netty.request.NettyRequestSender - Using pooled Channel '[id: 0x6c48256b, L:/127.0.0.1:60127 - R:localhost/127.0.0.1:61371]' for 'GET' to 'http://localhost:61371/session/c5eeb0292a490ab6bf8d8d9c02337a9e/element/44c5c20b-8da3-4c46-82c3-8909d2a24d1c/name'
17:25:11.938 [Forwarding getElementTagName on session c5eeb0292a490ab6bf8d8d9c02337a9e to remote] DEBUG org.asynchttpclient.netty.request.NettyRequestSender - Using open Channel [id: 0x6c48256b, L:/127.0.0.1:60127 - R:localhost/127.0.0.1:61371] for GET '/session/c5eeb0292a490ab6bf8d8d9c02337a9e/element/44c5c20b-8da3-4c46-82c3-8909d2a24d1c/name'
17:25:11.942 [AsyncHttpClient-1-6] DEBUG org.asynchttpclient.netty.handler.HttpHandler - 

Request DefaultFullHttpRequest(decodeResult: success, version: HTTP/1.1, content: EmptyByteBufBE)
GET /session/c5eeb0292a490ab6bf8d8d9c02337a9e/element/44c5c20b-8da3-4c46-82c3-8909d2a24d1c/name HTTP/1.1
User-Agent: selenium/4.1.2 (java windows)
Cache-Control: no-cache
Content-Type: application/json; charset=utf-8
host: localhost:61371
accept: */*

Response DefaultHttpResponse(decodeResult: success, version: HTTP/1.1)
HTTP/1.1 200 OK
Content-Type: application/json; charset=utf-8
cache-control: no-cache
content-length: 18

17:25:11.942 [AsyncHttpClient-1-6] DEBUG org.asynchttpclient.netty.channel.ChannelManager - Adding key: http://localhost:61371 for channel [id: 0x6c48256b, L:/127.0.0.1:60127 - R:localhost/127.0.0.1:61371]
17:25:11.945 [Forwarding isElementEnabled on session c5eeb0292a490ab6bf8d8d9c02337a9e to remote] DEBUG org.asynchttpclient.netty.request.NettyRequestSender - Using pooled Channel '[id: 0x6c48256b, L:/127.0.0.1:60127 - R:localhost/127.0.0.1:61371]' for 'GET' to 'http://localhost:61371/session/c5eeb0292a490ab6bf8d8d9c02337a9e/element/44c5c20b-8da3-4c46-82c3-8909d2a24d1c/enabled'
17:25:11.945 [Forwarding isElementEnabled on session c5eeb0292a490ab6bf8d8d9c02337a9e to remote] DEBUG org.asynchttpclient.netty.request.NettyRequestSender - Using open Channel [id: 0x6c48256b, L:/127.0.0.1:60127 - R:localhost/127.0.0.1:61371] for GET '/session/c5eeb0292a490ab6bf8d8d9c02337a9e/element/44c5c20b-8da3-4c46-82c3-8909d2a24d1c/enabled'
17:25:11.959 [AsyncHttpClient-1-6] DEBUG org.asynchttpclient.netty.handler.HttpHandler - 

Request DefaultFullHttpRequest(decodeResult: success, version: HTTP/1.1, content: EmptyByteBufBE)
GET /session/c5eeb0292a490ab6bf8d8d9c02337a9e/element/44c5c20b-8da3-4c46-82c3-8909d2a24d1c/enabled HTTP/1.1
User-Agent: selenium/4.1.2 (java windows)
Cache-Control: no-cache
Content-Type: application/json; charset=utf-8
host: localhost:61371
accept: */*

Response DefaultHttpResponse(decodeResult: success, version: HTTP/1.1)
HTTP/1.1 200 OK
Content-Type: application/json; charset=utf-8
cache-control: no-cache
content-length: 14

17:25:11.959 [AsyncHttpClient-1-6] DEBUG org.asynchttpclient.netty.channel.ChannelManager - Adding key: http://localhost:61371 for channel [id: 0x6c48256b, L:/127.0.0.1:60127 - R:localhost/127.0.0.1:61371]
17:25:11.962 [Forwarding isElementEnabled on session c5eeb0292a490ab6bf8d8d9c02337a9e to remote] DEBUG org.asynchttpclient.netty.request.NettyRequestSender - Using pooled Channel '[id: 0x6c48256b, L:/127.0.0.1:60127 - R:localhost/127.0.0.1:61371]' for 'GET' to 'http://localhost:61371/session/c5eeb0292a490ab6bf8d8d9c02337a9e/element/44c5c20b-8da3-4c46-82c3-8909d2a24d1c/enabled'
17:25:11.962 [Forwarding isElementEnabled on session c5eeb0292a490ab6bf8d8d9c02337a9e to remote] DEBUG org.asynchttpclient.netty.request.NettyRequestSender - Using open Channel [id: 0x6c48256b, L:/127.0.0.1:60127 - R:localhost/127.0.0.1:61371] for GET '/session/c5eeb0292a490ab6bf8d8d9c02337a9e/element/44c5c20b-8da3-4c46-82c3-8909d2a24d1c/enabled'
17:25:11.974 [AsyncHttpClient-1-6] DEBUG org.asynchttpclient.netty.handler.HttpHandler - 

Request DefaultFullHttpRequest(decodeResult: success, version: HTTP/1.1, content: EmptyByteBufBE)
GET /session/c5eeb0292a490ab6bf8d8d9c02337a9e/element/44c5c20b-8da3-4c46-82c3-8909d2a24d1c/enabled HTTP/1.1
User-Agent: selenium/4.1.2 (java windows)
Cache-Control: no-cache
Content-Type: application/json; charset=utf-8
host: localhost:61371
accept: */*

Response DefaultHttpResponse(decodeResult: success, version: HTTP/1.1)
HTTP/1.1 200 OK
Content-Type: application/json; charset=utf-8
cache-control: no-cache
content-length: 14

17:25:11.974 [AsyncHttpClient-1-6] DEBUG org.asynchttpclient.netty.channel.ChannelManager - Adding key: http://localhost:61371 for channel [id: 0x6c48256b, L:/127.0.0.1:60127 - R:localhost/127.0.0.1:61371]
17:25:11.977 [Forwarding findElement on session c5eeb0292a490ab6bf8d8d9c02337a9e to remote] DEBUG org.asynchttpclient.netty.request.NettyRequestSender - Using pooled Channel '[id: 0x6c48256b, L:/127.0.0.1:60127 - R:localhost/127.0.0.1:61371]' for 'POST' to 'http://localhost:61371/session/c5eeb0292a490ab6bf8d8d9c02337a9e/element'
17:25:11.977 [Forwarding findElement on session c5eeb0292a490ab6bf8d8d9c02337a9e to remote] DEBUG org.asynchttpclient.netty.request.NettyRequestSender - Using open Channel [id: 0x6c48256b, L:/127.0.0.1:60127 - R:localhost/127.0.0.1:61371] for POST '/session/c5eeb0292a490ab6bf8d8d9c02337a9e/element'
17:25:11.991 [AsyncHttpClient-1-6] DEBUG org.asynchttpclient.netty.handler.HttpHandler - 

Request DefaultHttpRequest(decodeResult: success, version: HTTP/1.1)
POST /session/c5eeb0292a490ab6bf8d8d9c02337a9e/element HTTP/1.1
User-Agent: selenium/4.1.2 (java windows)
Content-Length: 104
Content-Type: application/json; charset=utf-8
host: localhost:61371
accept: */*

Response DefaultHttpResponse(decodeResult: success, version: HTTP/1.1)
HTTP/1.1 200 OK
Content-Type: application/json; charset=utf-8
cache-control: no-cache
content-length: 88

17:25:11.991 [AsyncHttpClient-1-6] DEBUG org.asynchttpclient.netty.channel.ChannelManager - Adding key: http://localhost:61371 for channel [id: 0x6c48256b, L:/127.0.0.1:60127 - R:localhost/127.0.0.1:61371]
17:25:11.992 [Forwarding clickElement on session c5eeb0292a490ab6bf8d8d9c02337a9e to remote] DEBUG org.asynchttpclient.netty.request.NettyRequestSender - Using pooled Channel '[id: 0x6c48256b, L:/127.0.0.1:60127 - R:localhost/127.0.0.1:61371]' for 'POST' to 'http://localhost:61371/session/c5eeb0292a490ab6bf8d8d9c02337a9e/element/44c5c20b-8da3-4c46-82c3-8909d2a24d1c/click'
17:25:11.993 [Forwarding clickElement on session c5eeb0292a490ab6bf8d8d9c02337a9e to remote] DEBUG org.asynchttpclient.netty.request.NettyRequestSender - Using open Channel [id: 0x6c48256b, L:/127.0.0.1:60127 - R:localhost/127.0.0.1:61371] for POST '/session/c5eeb0292a490ab6bf8d8d9c02337a9e/element/44c5c20b-8da3-4c46-82c3-8909d2a24d1c/click'
17:25:12.445 [AsyncHttpClient-1-6] DEBUG org.asynchttpclient.netty.handler.HttpHandler - 

Request DefaultHttpRequest(decodeResult: success, version: HTTP/1.1)
POST /session/c5eeb0292a490ab6bf8d8d9c02337a9e/element/44c5c20b-8da3-4c46-82c3-8909d2a24d1c/click HTTP/1.1
User-Agent: selenium/4.1.2 (java windows)
Content-Length: 50
Content-Type: application/json; charset=utf-8
host: localhost:61371
accept: */*

Response DefaultHttpResponse(decodeResult: success, version: HTTP/1.1)
HTTP/1.1 200 OK
Content-Type: application/json; charset=utf-8
cache-control: no-cache
content-length: 14

17:25:12.446 [AsyncHttpClient-1-6] DEBUG org.asynchttpclient.netty.channel.ChannelManager - Adding key: http://localhost:61371 for channel [id: 0x6c48256b, L:/127.0.0.1:60127 - R:localhost/127.0.0.1:61371]
17:25:12.480 [Forwarding screenshot on session c5eeb0292a490ab6bf8d8d9c02337a9e to remote] DEBUG org.asynchttpclient.netty.request.NettyRequestSender - Using pooled Channel '[id: 0x6c48256b, L:/127.0.0.1:60127 - R:localhost/127.0.0.1:61371]' for 'GET' to 'http://localhost:61371/session/c5eeb0292a490ab6bf8d8d9c02337a9e/screenshot'
17:25:12.480 [Forwarding screenshot on session c5eeb0292a490ab6bf8d8d9c02337a9e to remote] DEBUG org.asynchttpclient.netty.request.NettyRequestSender - Using open Channel [id: 0x6c48256b, L:/127.0.0.1:60127 - R:localhost/127.0.0.1:61371] for GET '/session/c5eeb0292a490ab6bf8d8d9c02337a9e/screenshot'
17:25:12.601 [AsyncHttpClient-1-6] DEBUG org.asynchttpclient.netty.handler.HttpHandler - 

Request DefaultFullHttpRequest(decodeResult: success, version: HTTP/1.1, content: EmptyByteBufBE)
GET /session/c5eeb0292a490ab6bf8d8d9c02337a9e/screenshot HTTP/1.1
User-Agent: selenium/4.1.2 (java windows)
Cache-Control: no-cache
Content-Type: application/json; charset=utf-8
host: localhost:61371
accept: */*

Response DefaultHttpResponse(decodeResult: success, version: HTTP/1.1)
HTTP/1.1 200 OK
Content-Type: application/json; charset=utf-8
cache-control: no-cache
content-length: 87116

17:25:12.602 [AsyncHttpClient-1-6] DEBUG org.asynchttpclient.netty.channel.ChannelManager - Adding key: http://localhost:61371 for channel [id: 0x6c48256b, L:/127.0.0.1:60127 - R:localhost/127.0.0.1:61371]
17:25:12.607 [main] DEBUG net.serenitybdd.core.photography.Darkroom - Send negative for processing for target\site\serenity\deb1717ce590c0d5bac628e17275c7de4919b2dd8b292dbaa297e90c348d270e.png
17:25:12.608 [main] DEBUG net.thucydides.core.steps.StepInterceptor - STEP DONE: clickTheXIcon
17:25:12.608 [Darkroom Processing Line] DEBUG net.serenitybdd.core.photography.DarkroomProcessingLine - Processing screenshot image in /var/screenshots/screenshot-12318364380217220687
17:25:12.608 [Darkroom Processing Line] DEBUG net.serenitybdd.core.photography.DarkroomProcessingLine - Saving screenshot to target\site\serenity\deb1717ce590c0d5bac628e17275c7de4919b2dd8b292dbaa297e90c348d270e.png
  &amp#27;[32mAnd &amp#27;[0m&amp#27;[32mI click the x button&amp#27;[0m                               &amp#27;[90m# starter.stepdefinitions.AppointmentSteps.iClickTheXButton()&amp#27;[0m
17:25:12.632 [main] DEBUG net.thucydides.core.steps.StepInterceptor - STARTING STEP: AppointmentSteps.iExitEditAppointmentForm - exitEditAppointmentForm
17:25:12.636 [Forwarding findElement on session c5eeb0292a490ab6bf8d8d9c02337a9e to remote] DEBUG org.asynchttpclient.netty.request.NettyRequestSender - Using pooled Channel '[id: 0x6c48256b, L:/127.0.0.1:60127 - R:localhost/127.0.0.1:61371]' for 'POST' to 'http://localhost:61371/session/c5eeb0292a490ab6bf8d8d9c02337a9e/element'
17:25:12.636 [Forwarding findElement on session c5eeb0292a490ab6bf8d8d9c02337a9e to remote] DEBUG org.asynchttpclient.netty.request.NettyRequestSender - Using open Channel [id: 0x6c48256b, L:/127.0.0.1:60127 - R:localhost/127.0.0.1:61371] for POST '/session/c5eeb0292a490ab6bf8d8d9c02337a9e/element'
17:25:12.643 [AsyncHttpClient-1-1] DEBUG org.asynchttpclient.netty.channel.DefaultChannelPool - Entry count for : http://localhost:60128 : 1
17:25:12.650 [AsyncHttpClient-1-6] DEBUG org.asynchttpclient.netty.handler.HttpHandler - 

Request DefaultHttpRequest(decodeResult: success, version: HTTP/1.1)
POST /session/c5eeb0292a490ab6bf8d8d9c02337a9e/element HTTP/1.1
User-Agent: selenium/4.1.2 (java windows)
Content-Length: 83
Content-Type: application/json; charset=utf-8
host: localhost:61371
accept: */*

Response DefaultHttpResponse(decodeResult: success, version: HTTP/1.1)
HTTP/1.1 200 OK
Content-Type: application/json; charset=utf-8
cache-control: no-cache
content-length: 88

17:25:12.651 [AsyncHttpClient-1-6] DEBUG org.asynchttpclient.netty.channel.ChannelManager - Adding key: http://localhost:61371 for channel [id: 0x6c48256b, L:/127.0.0.1:60127 - R:localhost/127.0.0.1:61371]
17:25:12.655 [Forwarding isElementDisplayed on session c5eeb0292a490ab6bf8d8d9c02337a9e to remote] DEBUG org.asynchttpclient.netty.request.NettyRequestSender - Using pooled Channel '[id: 0x6c48256b, L:/127.0.0.1:60127 - R:localhost/127.0.0.1:61371]' for 'POST' to 'http://localhost:61371/session/c5eeb0292a490ab6bf8d8d9c02337a9e/execute/sync'
17:25:12.655 [Forwarding isElementDisplayed on session c5eeb0292a490ab6bf8d8d9c02337a9e to remote] DEBUG org.asynchttpclient.netty.request.NettyRequestSender - Using open Channel [id: 0x6c48256b, L:/127.0.0.1:60127 - R:localhost/127.0.0.1:61371] for POST '/session/c5eeb0292a490ab6bf8d8d9c02337a9e/execute/sync'
17:25:12.672 [AsyncHttpClient-1-6] DEBUG org.asynchttpclient.netty.handler.HttpHandler - 

Request DefaultHttpRequest(decodeResult: success, version: HTTP/1.1)
POST /session/c5eeb0292a490ab6bf8d8d9c02337a9e/execute/sync HTTP/1.1
User-Agent: selenium/4.1.2 (java windows)
Content-Length: 48780
Content-Type: application/json; charset=utf-8
host: localhost:61371
accept: */*

Response DefaultHttpResponse(decodeResult: success, version: HTTP/1.1)
HTTP/1.1 200 OK
Content-Type: application/json; charset=utf-8
cache-control: no-cache
content-length: 14

17:25:12.672 [AsyncHttpClient-1-6] DEBUG org.asynchttpclient.netty.channel.ChannelManager - Adding key: http://localhost:61371 for channel [id: 0x6c48256b, L:/127.0.0.1:60127 - R:localhost/127.0.0.1:61371]
17:25:12.678 [Forwarding screenshot on session c5eeb0292a490ab6bf8d8d9c02337a9e to remote] DEBUG org.asynchttpclient.netty.request.NettyRequestSender - Using pooled Channel '[id: 0x6c48256b, L:/127.0.0.1:60127 - R:localhost/127.0.0.1:61371]' for 'GET' to 'http://localhost:61371/session/c5eeb0292a490ab6bf8d8d9c02337a9e/screenshot'
17:25:12.678 [Forwarding screenshot on session c5eeb0292a490ab6bf8d8d9c02337a9e to remote] DEBUG org.asynchttpclient.netty.request.NettyRequestSender - Using open Channel [id: 0x6c48256b, L:/127.0.0.1:60127 - R:localhost/127.0.0.1:61371] for GET '/session/c5eeb0292a490ab6bf8d8d9c02337a9e/screenshot'
17:25:12.775 [AsyncHttpClient-1-6] DEBUG org.asynchttpclient.netty.handler.HttpHandler - 

Request DefaultFullHttpRequest(decodeResult: success, version: HTTP/1.1, content: EmptyByteBufBE)
GET /session/c5eeb0292a490ab6bf8d8d9c02337a9e/screenshot HTTP/1.1
User-Agent: selenium/4.1.2 (java windows)
Cache-Control: no-cache
Content-Type: application/json; charset=utf-8
host: localhost:61371
accept: */*

Response DefaultHttpResponse(decodeResult: success, version: HTTP/1.1)
HTTP/1.1 200 OK
Content-Type: application/json; charset=utf-8
cache-control: no-cache
content-length: 87116

17:25:12.776 [AsyncHttpClient-1-6] DEBUG org.asynchttpclient.netty.channel.ChannelManager - Adding key: http://localhost:61371 for channel [id: 0x6c48256b, L:/127.0.0.1:60127 - R:localhost/127.0.0.1:61371]
17:25:12.781 [main] DEBUG net.serenitybdd.core.photography.Darkroom - Send negative for processing for target\site\serenity\deb1717ce590c0d5bac628e17275c7de4919b2dd8b292dbaa297e90c348d270e.png
17:25:12.885 [main] DEBUG net.thucydides.core.steps.StepInterceptor - STEP DONE: exitEditAppointmentForm
  &amp#27;[32mThen &amp#27;[0m&amp#27;[32mI exit edit Appointment form&amp#27;[0m                      &amp#27;[90m# starter.stepdefinitions.AppointmentSteps.iExitEditAppointmentForm()&amp#27;[0m
17:25:12.892 [main] INFO  - 
  _____   ___   ___   _____     ___     _     ___   ___   ___   ___  
 |_   _| | __| / __| |_   _|   | _ \   /_\   / __| / __| | __| |   \ 
   | |   | _|  \__ \   | |     |  _/  / _ \  \__ \ \__ \ | _|  | |) |
   |_|   |___| |___/   |_|     |_|   /_/ \_\ |___/ |___/ |___| |___/ 

Cancel Edit Existing Appointment Data Scenario
----------------------------------------------------------------------
17:25:12.894 [AsyncHttpClient-1-8] DEBUG org.asynchttpclient.netty.handler.WebSocketHandler - Channel Closed: [id: 0x3b0a1aa0, L:/127.0.0.1:60134 ! R:localhost/127.0.0.1:60128] with attribute NettyResponseFuture{currentRetry=5,
	isDone=1,
	isCancelled=0,
	asyncHandler=org.asynchttpclient.ws.WebSocketUpgradeHandler@5dec8540,
	nettyRequest=org.asynchttpclient.netty.request.NettyRequest@8485d8d,
	future=java.util.concurrent.CompletableFuture@c71e231[Completed normally],
	uri=ws://localhost:60128/devtools/browser/f165f8aa-f2f3-4140-92f2-bd31380cb4aa,
	keepAlive=true,
	redirectCount=0,
	timeoutsHolder=null,
	inAuth=0,
	touch=1655375104288}
17:25:12.895 [AsyncHttpClient-1-8] DEBUG org.asynchttpclient.netty.channel.ChannelManager - Closing Channel [id: 0x3b0a1aa0, L:/127.0.0.1:60134 ! R:localhost/127.0.0.1:60128] 
17:25:12.895 [Driver Command Executor] DEBUG org.asynchttpclient.netty.request.NettyRequestSender - Using pooled Channel '[id: 0x6c48256b, L:/127.0.0.1:60127 - R:localhost/127.0.0.1:61371]' for 'DELETE' to 'http://localhost:61371/session/c5eeb0292a490ab6bf8d8d9c02337a9e'
17:25:12.895 [Driver Command Executor] DEBUG org.asynchttpclient.netty.request.NettyRequestSender - Using open Channel [id: 0x6c48256b, L:/127.0.0.1:60127 - R:localhost/127.0.0.1:61371] for DELETE '/session/c5eeb0292a490ab6bf8d8d9c02337a9e'
17:25:13.743 [AsyncHttpClient-1-1] DEBUG org.asynchttpclient.netty.channel.DefaultChannelPool - Entry count for : http://localhost:60128 : 1
17:25:14.844 [AsyncHttpClient-1-1] DEBUG org.asynchttpclient.netty.channel.DefaultChannelPool - Entry count for : http://localhost:60128 : 1
17:25:15.827 [AsyncHttpClient-1-7] DEBUG org.asynchttpclient.netty.handler.HttpHandler - Unexpected I/O exception on channel [id: 0xef663af4, L:/127.0.0.1:60133 - R:localhost/127.0.0.1:60128]
java.net.SocketException: Connection reset
	at java.base/sun.nio.ch.SocketChannelImpl.throwConnectionReset(SocketChannelImpl.java:367)
	at java.base/sun.nio.ch.SocketChannelImpl.read(SocketChannelImpl.java:398)
	at io.netty.buffer.PooledByteBuf.setBytes(PooledByteBuf.java:258)
	at io.netty.buffer.AbstractByteBuf.writeBytes(AbstractByteBuf.java:1132)
	at io.netty.channel.socket.nio.NioSocketChannel.doReadBytes(NioSocketChannel.java:350)
	at io.netty.channel.nio.AbstractNioByteChannel$NioByteUnsafe.read(AbstractNioByteChannel.java:151)
	at io.netty.channel.nio.NioEventLoop.processSelectedKey(NioEventLoop.java:722)
	at io.netty.channel.nio.NioEventLoop.processSelectedKeysOptimized(NioEventLoop.java:658)
	at io.netty.channel.nio.NioEventLoop.processSelectedKeys(NioEventLoop.java:584)
	at io.netty.channel.nio.NioEventLoop.run(NioEventLoop.java:496)
	at io.netty.util.concurrent.SingleThreadEventExecutor$4.run(SingleThreadEventExecutor.java:986)
	at io.netty.util.internal.ThreadExecutorMap$2.run(ThreadExecutorMap.java:74)
	at io.netty.util.concurrent.FastThreadLocalRunnable.run(FastThreadLocalRunnable.java:30)
	at java.base/java.lang.Thread.run(Thread.java:832)
17:25:15.827 [AsyncHttpClient-1-7] DEBUG org.asynchttpclient.netty.channel.ChannelManager - Closing Channel [id: 0xef663af4, L:/127.0.0.1:60133 - R:localhost/127.0.0.1:60128] 
17:25:15.828 [AsyncHttpClient-1-7] DEBUG org.asynchttpclient.netty.handler.HttpHandler - Channel Closed: [id: 0xef663af4, L:/127.0.0.1:60133 ! R:localhost/127.0.0.1:60128] with attribute DISCARD
17:25:15.943 [AsyncHttpClient-1-1] DEBUG org.asynchttpclient.netty.channel.DefaultChannelPool - Entry count for : http://localhost:60128 : 1
17:25:15.943 [AsyncHttpClient-1-1] DEBUG org.asynchttpclient.netty.channel.DefaultChannelPool - Adding Candidate expired Channel [id: 0xef663af4, L:/127.0.0.1:60133 ! R:localhost/127.0.0.1:60128] isIdleTimeoutExpired=false isRemotelyClosed=true isTtlExpired=false
17:25:15.943 [AsyncHttpClient-1-1] DEBUG org.asynchttpclient.netty.channel.DefaultChannelPool - Closing Idle Channel [id: 0xef663af4, L:/127.0.0.1:60133 ! R:localhost/127.0.0.1:60128]
17:25:15.943 [AsyncHttpClient-1-1] DEBUG org.asynchttpclient.netty.channel.DefaultChannelPool - Closed 1 connections out of 1 in 0 ms
17:25:16.130 [AsyncHttpClient-1-6] DEBUG org.asynchttpclient.netty.handler.HttpHandler - 

Request DefaultFullHttpRequest(decodeResult: success, version: HTTP/1.1, content: EmptyByteBufBE)
DELETE /session/c5eeb0292a490ab6bf8d8d9c02337a9e HTTP/1.1
User-Agent: selenium/4.1.2 (java windows)
Content-Type: application/json; charset=utf-8
host: localhost:61371
accept: */*

Response DefaultHttpResponse(decodeResult: success, version: HTTP/1.1)
HTTP/1.1 200 OK
Content-Type: application/json; charset=utf-8
cache-control: no-cache
content-length: 14

17:25:16.130 [AsyncHttpClient-1-6] DEBUG org.asynchttpclient.netty.channel.ChannelManager - Adding key: http://localhost:61371 for channel [id: 0x6c48256b, L:/127.0.0.1:60127 - R:localhost/127.0.0.1:61371]
17:25:16.204 [AsyncHttpClient-1-6] DEBUG org.asynchttpclient.netty.handler.HttpHandler - Channel Closed: [id: 0x6c48256b, L:/127.0.0.1:60127 ! R:localhost/127.0.0.1:61371] with attribute DISCARD
]]></system-out>
    <system-err><![CDATA[Starting ChromeDriver 102.0.5005.61 (0e59bcc00cc4985ce39ad31c150065f159d95ad3-refs/branch-heads/5005@{#819}) on port 61371
Only local connections are allowed.
Please see https://chromedriver.chromium.org/security-considerations for suggestions on keeping ChromeDriver safe.
ChromeDriver was started successfully.
Jun 16, 2022 5:25:04 PM org.openqa.selenium.remote.ProtocolHandshake createSession
INFO: Detected dialect: W3C
Jun 16, 2022 5:25:04 PM org.openqa.selenium.devtools.CdpVersionFinder findNearestMatch
WARNING: Unable to find an exact match for CDP version 102, so returning the closest version found: a no-op implementation
Jun 16, 2022 5:25:04 PM org.openqa.selenium.devtools.CdpVersionFinder findNearestMatch
INFO: Unable to find CDP implementation matching 102.
Jun 16, 2022 5:25:04 PM org.openqa.selenium.chromium.ChromiumDriver lambda$new$3
WARNING: Unable to find version of CDP to use for . You may need to include a dependency on a specific version of the CDP using something similar to `org.seleniumhq.selenium:selenium-devtools-v86:4.1.2` where the version ("v86") matches the version of the chromium-based browser you're using and the version number of the artifact is the same as Selenium's.
]]></system-err>
  </testcase>
  <testcase name="Delete Appointment Data Scenario" classname="Appointment" time="11.444">
    <system-out><![CDATA[
@Appointment
Scenario: Delete Appointment Data Scenario    &amp#27;[90m# src/test/resources/features/1.Appointment.feature:45&amp#27;[0m
17:25:16.758 [main] INFO io.cucumber.core.plugin.SerenityReporter - Running feature from file:///E:/My%20Documents/File%20Difa/TI%20Semester%206%20Kampus%20Merdeka%20Alterra/Tugas/CAPSTONE%20Project/Capstone-Project-Website/src/test/resources/features/1.Appointment.feature
17:25:16.761 [main] INFO  - 
  _____   ___   ___   _____     ___   _____     _     ___   _____   ___   ___  
 |_   _| | __| / __| |_   _|   / __| |_   _|   /_\   | _ \ |_   _| | __| |   \ 
   | |   | _|  \__ \   | |     \__ \   | |    / _ \  |   /   | |   | _|  | |) |
   |_|   |___| |___/   |_|     |___/   |_|   /_/ \_\ |_|_\   |_|   |___| |___/ 

Delete Appointment Data Scenario(appointment;delete-appointment-data-scenario)
--------------------------------------------------------------------------------
17:25:16.783 [main] DEBUG net.thucydides.core.steps.StepInterceptor - STARTING STEP: DashboardSteps.iAmOnTheDashboardPage - openUrl
17:25:16.785 [main] INFO net.serenitybdd.core.webdriver.driverproviders.ChromeDriverProvider - Using automatically driver download
17:25:16.993 [main] DEBUG io.github.bonigarcia.wdm.cache.ResolutionCache - Resolution chrome=102 in cache (valid until 18:07:22 16/06/2022 ICT)
17:25:16.999 [main] DEBUG io.github.bonigarcia.wdm.cache.ResolutionCache - Resolution chrome102=102.0.5005.61 in cache (valid until 15:56:01 17/06/2022 ICT)
17:25:17.001 [main] INFO io.github.bonigarcia.wdm.WebDriverManager - Using chromedriver 102.0.5005.61 (resolved driver for Chrome 102)
17:25:17.014 [main] DEBUG io.github.bonigarcia.wdm.WebDriverManager - Driver chromedriver 102.0.5005.61 found in cache
17:25:17.015 [main] INFO io.github.bonigarcia.wdm.WebDriverManager - Exporting webdriver.chrome.driver as C:\Users\USER\.cache\selenium\chromedriver\win32\102.0.5005.61\chromedriver.exe
17:25:17.042 [AsyncHttpClient-1-1] DEBUG org.asynchttpclient.netty.channel.DefaultChannelPool - Entry count for : http://localhost:61371 : 1
17:25:17.042 [AsyncHttpClient-1-1] DEBUG org.asynchttpclient.netty.channel.DefaultChannelPool - Adding Candidate expired Channel [id: 0x6c48256b, L:/127.0.0.1:60127 ! R:localhost/127.0.0.1:61371] isIdleTimeoutExpired=false isRemotelyClosed=true isTtlExpired=false
17:25:17.042 [AsyncHttpClient-1-1] DEBUG org.asynchttpclient.netty.channel.DefaultChannelPool - Closing Idle Channel [id: 0x6c48256b, L:/127.0.0.1:60127 ! R:localhost/127.0.0.1:61371]
17:25:17.042 [AsyncHttpClient-1-1] DEBUG org.asynchttpclient.netty.channel.DefaultChannelPool - Closed 1 connections out of 1 in 0 ms
17:25:17.160 [main] DEBUG net.serenitybdd.core.webdriver.driverproviders.ProvideNewDriver - Instantiating driver
17:25:17.160 [main] DEBUG net.serenitybdd.core.webdriver.driverproviders.ProvideNewDriver - Driver capabilities: Capabilities {acceptInsecureCerts: false, base.url: https://hospital-management..., browserName: chrome, chrome.driver: src/test/resources/webdrive..., driver: chrome, goog:chromeOptions: {args: [], extensions: []}}
17:25:17.703 [AsyncHttpClient-1-9] DEBUG org.asynchttpclient.netty.channel.NettyConnectListener - Using new Channel '[id: 0xdcb9f535, L:/127.0.0.1:60151 - R:localhost/127.0.0.1:62985]' for 'POST' to '/session'
17:25:19.818 [AsyncHttpClient-1-9] DEBUG org.asynchttpclient.netty.handler.HttpHandler - 

Request DefaultHttpRequest(decodeResult: success, version: HTTP/1.1)
POST /session HTTP/1.1
User-Agent: selenium/4.1.2 (java windows)
Content-Length: 621
Content-Type: application/json; charset=utf-8
host: localhost:62985
accept: */*

Response DefaultHttpResponse(decodeResult: success, version: HTTP/1.1)
HTTP/1.1 200 OK
Content-Type: application/json; charset=utf-8
cache-control: no-cache
content-length: 788

17:25:19.819 [AsyncHttpClient-1-9] DEBUG org.asynchttpclient.netty.channel.ChannelManager - Adding key: http://localhost:62985 for channel [id: 0xdcb9f535, L:/127.0.0.1:60151 - R:localhost/127.0.0.1:62985]
17:25:19.845 [AsyncHttpClient-1-2] DEBUG org.asynchttpclient.netty.channel.NettyConnectListener - Using new Channel '[id: 0x5bf82166, L:/127.0.0.1:60157 - R:localhost/127.0.0.1:60152]' for 'GET' to '/json/version'
17:25:19.850 [AsyncHttpClient-1-2] DEBUG org.asynchttpclient.netty.handler.HttpHandler - 

Request DefaultFullHttpRequest(decodeResult: success, version: HTTP/1.1, content: EmptyByteBufBE)
GET /json/version HTTP/1.1
User-Agent: selenium/4.1.2 (java windows)
host: localhost:60152
accept: */*

Response DefaultHttpResponse(decodeResult: success, version: HTTP/1.1)
HTTP/1.1 200 OK
Content-Type: application/json; charset=UTF-8
content-length: 427

17:25:19.851 [AsyncHttpClient-1-2] DEBUG org.asynchttpclient.netty.channel.ChannelManager - Adding key: http://localhost:60152 for channel [id: 0x5bf82166, L:/127.0.0.1:60157 - R:localhost/127.0.0.1:60152]
17:25:19.857 [AsyncHttpClient-1-3] DEBUG org.asynchttpclient.netty.channel.NettyConnectListener - Using new Channel '[id: 0x6989d017, L:/127.0.0.1:60158 - R:localhost/127.0.0.1:60152]' for 'GET' to '/devtools/browser/4622ff43-d157-40e8-9e23-4ec46d2fedc9'
17:25:19.860 [AsyncHttpClient-1-3] DEBUG org.asynchttpclient.netty.handler.WebSocketHandler - 

Request DefaultFullHttpRequest(decodeResult: success, version: HTTP/1.1, content: EmptyByteBufBE)
GET /devtools/browser/4622ff43-d157-40e8-9e23-4ec46d2fedc9 HTTP/1.1
upgrade: websocket
connection: upgrade
sec-websocket-key: f9uYRucSGOR6cfJNgSwBbA==
sec-websocket-version: 13
origin: http://localhost:60152
host: localhost:60152
accept: */*
user-agent: AHC/2.1

Response DefaultHttpResponse(decodeResult: success, version: HTTP/1.1)
HTTP/1.1 101 WebSocket Protocol Handshake
Upgrade: WebSocket
Connection: Upgrade
Sec-WebSocket-Accept: gI0WqiMEdtqqxiGE1pOtMyZQTyk=

17:25:19.881 [Forwarding maximizeCurrentWindow on session 72e97709834f037792b96f66725a3b6f to remote] DEBUG org.asynchttpclient.netty.request.NettyRequestSender - Using pooled Channel '[id: 0xdcb9f535, L:/127.0.0.1:60151 - R:localhost/127.0.0.1:62985]' for 'POST' to 'http://localhost:62985/session/72e97709834f037792b96f66725a3b6f/window/maximize'
17:25:19.882 [Forwarding maximizeCurrentWindow on session 72e97709834f037792b96f66725a3b6f to remote] DEBUG org.asynchttpclient.netty.request.NettyRequestSender - Using open Channel [id: 0xdcb9f535, L:/127.0.0.1:60151 - R:localhost/127.0.0.1:62985] for POST '/session/72e97709834f037792b96f66725a3b6f/window/maximize'
17:25:20.028 [AsyncHttpClient-1-9] DEBUG org.asynchttpclient.netty.handler.HttpHandler - 

Request DefaultHttpRequest(decodeResult: success, version: HTTP/1.1)
POST /session/72e97709834f037792b96f66725a3b6f/window/maximize HTTP/1.1
User-Agent: selenium/4.1.2 (java windows)
Content-Length: 3
Content-Type: application/json; charset=utf-8
host: localhost:62985
accept: */*

Response DefaultHttpResponse(decodeResult: success, version: HTTP/1.1)
HTTP/1.1 200 OK
Content-Type: application/json; charset=utf-8
cache-control: no-cache
content-length: 51

17:25:20.028 [AsyncHttpClient-1-9] DEBUG org.asynchttpclient.netty.channel.ChannelManager - Adding key: http://localhost:62985 for channel [id: 0xdcb9f535, L:/127.0.0.1:60151 - R:localhost/127.0.0.1:62985]
17:25:20.030 [Forwarding get on session 72e97709834f037792b96f66725a3b6f to remote] DEBUG org.asynchttpclient.netty.request.NettyRequestSender - Using pooled Channel '[id: 0xdcb9f535, L:/127.0.0.1:60151 - R:localhost/127.0.0.1:62985]' for 'POST' to 'http://localhost:62985/session/72e97709834f037792b96f66725a3b6f/url'
17:25:20.030 [Forwarding get on session 72e97709834f037792b96f66725a3b6f to remote] DEBUG org.asynchttpclient.netty.request.NettyRequestSender - Using open Channel [id: 0xdcb9f535, L:/127.0.0.1:60151 - R:localhost/127.0.0.1:62985] for POST '/session/72e97709834f037792b96f66725a3b6f/url'
17:25:20.343 [AsyncHttpClient-1-1] DEBUG org.asynchttpclient.netty.channel.DefaultChannelPool - Entry count for : http://localhost:60152 : 1
17:25:21.442 [AsyncHttpClient-1-1] DEBUG org.asynchttpclient.netty.channel.DefaultChannelPool - Entry count for : http://localhost:60152 : 1
17:25:22.542 [AsyncHttpClient-1-1] DEBUG org.asynchttpclient.netty.channel.DefaultChannelPool - Entry count for : http://localhost:60152 : 1
17:25:23.642 [AsyncHttpClient-1-1] DEBUG org.asynchttpclient.netty.channel.DefaultChannelPool - Entry count for : http://localhost:60152 : 1
17:25:24.558 [AsyncHttpClient-1-9] DEBUG org.asynchttpclient.netty.handler.HttpHandler - 

Request DefaultHttpRequest(decodeResult: success, version: HTTP/1.1)
POST /session/72e97709834f037792b96f66725a3b6f/url HTTP/1.1
User-Agent: selenium/4.1.2 (java windows)
Content-Length: 65
Content-Type: application/json; charset=utf-8
host: localhost:62985
accept: */*

Response DefaultHttpResponse(decodeResult: success, version: HTTP/1.1)
HTTP/1.1 200 OK
Content-Type: application/json; charset=utf-8
cache-control: no-cache
content-length: 14

17:25:24.558 [AsyncHttpClient-1-9] DEBUG org.asynchttpclient.netty.channel.ChannelManager - Adding key: http://localhost:62985 for channel [id: 0xdcb9f535, L:/127.0.0.1:60151 - R:localhost/127.0.0.1:62985]
17:25:24.562 [Forwarding setTimeout on session 72e97709834f037792b96f66725a3b6f to remote] DEBUG org.asynchttpclient.netty.request.NettyRequestSender - Using pooled Channel '[id: 0xdcb9f535, L:/127.0.0.1:60151 - R:localhost/127.0.0.1:62985]' for 'POST' to 'http://localhost:62985/session/72e97709834f037792b96f66725a3b6f/timeouts'
17:25:24.562 [Forwarding setTimeout on session 72e97709834f037792b96f66725a3b6f to remote] DEBUG org.asynchttpclient.netty.request.NettyRequestSender - Using open Channel [id: 0xdcb9f535, L:/127.0.0.1:60151 - R:localhost/127.0.0.1:62985] for POST '/session/72e97709834f037792b96f66725a3b6f/timeouts'
17:25:24.565 [AsyncHttpClient-1-9] DEBUG org.asynchttpclient.netty.handler.HttpHandler - 

Request DefaultHttpRequest(decodeResult: success, version: HTTP/1.1)
POST /session/72e97709834f037792b96f66725a3b6f/timeouts HTTP/1.1
User-Agent: selenium/4.1.2 (java windows)
Content-Length: 22
Content-Type: application/json; charset=utf-8
host: localhost:62985
accept: */*

Response DefaultHttpResponse(decodeResult: success, version: HTTP/1.1)
HTTP/1.1 200 OK
Content-Type: application/json; charset=utf-8
cache-control: no-cache
content-length: 14

17:25:24.565 [AsyncHttpClient-1-9] DEBUG org.asynchttpclient.netty.channel.ChannelManager - Adding key: http://localhost:62985 for channel [id: 0xdcb9f535, L:/127.0.0.1:60151 - R:localhost/127.0.0.1:62985]
17:25:24.571 [Forwarding getCurrentUrl on session 72e97709834f037792b96f66725a3b6f to remote] DEBUG org.asynchttpclient.netty.request.NettyRequestSender - Using pooled Channel '[id: 0xdcb9f535, L:/127.0.0.1:60151 - R:localhost/127.0.0.1:62985]' for 'GET' to 'http://localhost:62985/session/72e97709834f037792b96f66725a3b6f/url'
17:25:24.571 [Forwarding getCurrentUrl on session 72e97709834f037792b96f66725a3b6f to remote] DEBUG org.asynchttpclient.netty.request.NettyRequestSender - Using open Channel [id: 0xdcb9f535, L:/127.0.0.1:60151 - R:localhost/127.0.0.1:62985] for GET '/session/72e97709834f037792b96f66725a3b6f/url'
17:25:24.687 [AsyncHttpClient-1-9] DEBUG org.asynchttpclient.netty.handler.HttpHandler - 

Request DefaultFullHttpRequest(decodeResult: success, version: HTTP/1.1, content: EmptyByteBufBE)
GET /session/72e97709834f037792b96f66725a3b6f/url HTTP/1.1
User-Agent: selenium/4.1.2 (java windows)
Cache-Control: no-cache
Content-Type: application/json; charset=utf-8
host: localhost:62985
accept: */*

Response DefaultHttpResponse(decodeResult: success, version: HTTP/1.1)
HTTP/1.1 200 OK
Content-Type: application/json; charset=utf-8
cache-control: no-cache
content-length: 53

17:25:24.687 [AsyncHttpClient-1-9] DEBUG org.asynchttpclient.netty.channel.ChannelManager - Adding key: http://localhost:62985 for channel [id: 0xdcb9f535, L:/127.0.0.1:60151 - R:localhost/127.0.0.1:62985]
17:25:24.692 [Forwarding getCurrentUrl on session 72e97709834f037792b96f66725a3b6f to remote] DEBUG org.asynchttpclient.netty.request.NettyRequestSender - Using pooled Channel '[id: 0xdcb9f535, L:/127.0.0.1:60151 - R:localhost/127.0.0.1:62985]' for 'GET' to 'http://localhost:62985/session/72e97709834f037792b96f66725a3b6f/url'
17:25:24.692 [Forwarding getCurrentUrl on session 72e97709834f037792b96f66725a3b6f to remote] DEBUG org.asynchttpclient.netty.request.NettyRequestSender - Using open Channel [id: 0xdcb9f535, L:/127.0.0.1:60151 - R:localhost/127.0.0.1:62985] for GET '/session/72e97709834f037792b96f66725a3b6f/url'
17:25:24.698 [AsyncHttpClient-1-9] DEBUG org.asynchttpclient.netty.handler.HttpHandler - 

Request DefaultFullHttpRequest(decodeResult: success, version: HTTP/1.1, content: EmptyByteBufBE)
GET /session/72e97709834f037792b96f66725a3b6f/url HTTP/1.1
User-Agent: selenium/4.1.2 (java windows)
Cache-Control: no-cache
Content-Type: application/json; charset=utf-8
host: localhost:62985
accept: */*

Response DefaultHttpResponse(decodeResult: success, version: HTTP/1.1)
HTTP/1.1 200 OK
Content-Type: application/json; charset=utf-8
cache-control: no-cache
content-length: 53

17:25:24.699 [AsyncHttpClient-1-9] DEBUG org.asynchttpclient.netty.channel.ChannelManager - Adding key: http://localhost:62985 for channel [id: 0xdcb9f535, L:/127.0.0.1:60151 - R:localhost/127.0.0.1:62985]
17:25:24.708 [Forwarding screenshot on session 72e97709834f037792b96f66725a3b6f to remote] DEBUG org.asynchttpclient.netty.request.NettyRequestSender - Using pooled Channel '[id: 0xdcb9f535, L:/127.0.0.1:60151 - R:localhost/127.0.0.1:62985]' for 'GET' to 'http://localhost:62985/session/72e97709834f037792b96f66725a3b6f/screenshot'
17:25:24.708 [Forwarding screenshot on session 72e97709834f037792b96f66725a3b6f to remote] DEBUG org.asynchttpclient.netty.request.NettyRequestSender - Using open Channel [id: 0xdcb9f535, L:/127.0.0.1:60151 - R:localhost/127.0.0.1:62985] for GET '/session/72e97709834f037792b96f66725a3b6f/screenshot'
17:25:24.742 [AsyncHttpClient-1-1] DEBUG org.asynchttpclient.netty.channel.DefaultChannelPool - Entry count for : http://localhost:60152 : 1
17:25:24.960 [AsyncHttpClient-1-9] DEBUG org.asynchttpclient.netty.handler.HttpHandler - 

Request DefaultFullHttpRequest(decodeResult: success, version: HTTP/1.1, content: EmptyByteBufBE)
GET /session/72e97709834f037792b96f66725a3b6f/screenshot HTTP/1.1
User-Agent: selenium/4.1.2 (java windows)
Cache-Control: no-cache
Content-Type: application/json; charset=utf-8
host: localhost:62985
accept: */*

Response DefaultHttpResponse(decodeResult: success, version: HTTP/1.1)
HTTP/1.1 200 OK
Content-Type: application/json; charset=utf-8
cache-control: no-cache
content-length: 351816

17:25:24.963 [AsyncHttpClient-1-9] DEBUG org.asynchttpclient.netty.channel.ChannelManager - Adding key: http://localhost:62985 for channel [id: 0xdcb9f535, L:/127.0.0.1:60151 - R:localhost/127.0.0.1:62985]
17:25:24.990 [main] DEBUG net.serenitybdd.core.photography.Darkroom - Send negative for processing for target\site\serenity\20277f1d76f1b925628464fcd1ece5de77a814679d1be3fdcf836a7ddadfed60.png
17:25:24.990 [main] DEBUG net.thucydides.core.steps.StepInterceptor - STEP DONE: openUrl
17:25:24.999 [main] DEBUG net.thucydides.core.steps.StepInterceptor - STARTING STEP: DashboardSteps.iAmOnTheDashboardPage - validateOnDashboardPage
17:25:25.002 [Forwarding findElement on session 72e97709834f037792b96f66725a3b6f to remote] DEBUG org.asynchttpclient.netty.request.NettyRequestSender - Using pooled Channel '[id: 0xdcb9f535, L:/127.0.0.1:60151 - R:localhost/127.0.0.1:62985]' for 'POST' to 'http://localhost:62985/session/72e97709834f037792b96f66725a3b6f/element'
17:25:25.002 [Forwarding findElement on session 72e97709834f037792b96f66725a3b6f to remote] DEBUG org.asynchttpclient.netty.request.NettyRequestSender - Using open Channel [id: 0xdcb9f535, L:/127.0.0.1:60151 - R:localhost/127.0.0.1:62985] for POST '/session/72e97709834f037792b96f66725a3b6f/element'
17:25:25.023 [AsyncHttpClient-1-9] DEBUG org.asynchttpclient.netty.handler.HttpHandler - 

Request DefaultHttpRequest(decodeResult: success, version: HTTP/1.1)
POST /session/72e97709834f037792b96f66725a3b6f/element HTTP/1.1
User-Agent: selenium/4.1.2 (java windows)
Content-Length: 81
Content-Type: application/json; charset=utf-8
host: localhost:62985
accept: */*

Response DefaultHttpResponse(decodeResult: success, version: HTTP/1.1)
HTTP/1.1 200 OK
Content-Type: application/json; charset=utf-8
cache-control: no-cache
content-length: 88

17:25:25.023 [AsyncHttpClient-1-9] DEBUG org.asynchttpclient.netty.channel.ChannelManager - Adding key: http://localhost:62985 for channel [id: 0xdcb9f535, L:/127.0.0.1:60151 - R:localhost/127.0.0.1:62985]
17:25:25.030 [Forwarding isElementDisplayed on session 72e97709834f037792b96f66725a3b6f to remote] DEBUG org.asynchttpclient.netty.request.NettyRequestSender - Using pooled Channel '[id: 0xdcb9f535, L:/127.0.0.1:60151 - R:localhost/127.0.0.1:62985]' for 'POST' to 'http://localhost:62985/session/72e97709834f037792b96f66725a3b6f/execute/sync'
17:25:25.030 [Forwarding isElementDisplayed on session 72e97709834f037792b96f66725a3b6f to remote] DEBUG org.asynchttpclient.netty.request.NettyRequestSender - Using open Channel [id: 0xdcb9f535, L:/127.0.0.1:60151 - R:localhost/127.0.0.1:62985] for POST '/session/72e97709834f037792b96f66725a3b6f/execute/sync'
17:25:25.078 [AsyncHttpClient-1-9] DEBUG org.asynchttpclient.netty.handler.HttpHandler - 

Request DefaultHttpRequest(decodeResult: success, version: HTTP/1.1)
POST /session/72e97709834f037792b96f66725a3b6f/execute/sync HTTP/1.1
User-Agent: selenium/4.1.2 (java windows)
Content-Length: 48780
Content-Type: application/json; charset=utf-8
host: localhost:62985
accept: */*

Response DefaultHttpResponse(decodeResult: success, version: HTTP/1.1)
HTTP/1.1 200 OK
Content-Type: application/json; charset=utf-8
cache-control: no-cache
content-length: 14

17:25:25.078 [AsyncHttpClient-1-9] DEBUG org.asynchttpclient.netty.channel.ChannelManager - Adding key: http://localhost:62985 for channel [id: 0xdcb9f535, L:/127.0.0.1:60151 - R:localhost/127.0.0.1:62985]
17:25:25.085 [Forwarding screenshot on session 72e97709834f037792b96f66725a3b6f to remote] DEBUG org.asynchttpclient.netty.request.NettyRequestSender - Using pooled Channel '[id: 0xdcb9f535, L:/127.0.0.1:60151 - R:localhost/127.0.0.1:62985]' for 'GET' to 'http://localhost:62985/session/72e97709834f037792b96f66725a3b6f/screenshot'
17:25:25.085 [Forwarding screenshot on session 72e97709834f037792b96f66725a3b6f to remote] DEBUG org.asynchttpclient.netty.request.NettyRequestSender - Using open Channel [id: 0xdcb9f535, L:/127.0.0.1:60151 - R:localhost/127.0.0.1:62985] for GET '/session/72e97709834f037792b96f66725a3b6f/screenshot'
17:25:25.331 [AsyncHttpClient-1-9] DEBUG org.asynchttpclient.netty.handler.HttpHandler - 

Request DefaultFullHttpRequest(decodeResult: success, version: HTTP/1.1, content: EmptyByteBufBE)
GET /session/72e97709834f037792b96f66725a3b6f/screenshot HTTP/1.1
User-Agent: selenium/4.1.2 (java windows)
Cache-Control: no-cache
Content-Type: application/json; charset=utf-8
host: localhost:62985
accept: */*

Response DefaultHttpResponse(decodeResult: success, version: HTTP/1.1)
HTTP/1.1 200 OK
Content-Type: application/json; charset=utf-8
cache-control: no-cache
content-length: 351816

17:25:25.334 [AsyncHttpClient-1-9] DEBUG org.asynchttpclient.netty.channel.ChannelManager - Adding key: http://localhost:62985 for channel [id: 0xdcb9f535, L:/127.0.0.1:60151 - R:localhost/127.0.0.1:62985]
17:25:25.355 [main] DEBUG net.serenitybdd.core.photography.Darkroom - Send negative for processing for target\site\serenity\20277f1d76f1b925628464fcd1ece5de77a814679d1be3fdcf836a7ddadfed60.png
17:25:25.355 [main] DEBUG net.thucydides.core.steps.StepInterceptor - STEP DONE: validateOnDashboardPage
  &amp#27;[32mGiven &amp#27;[0m&amp#27;[32mI am on the dashboard page&amp#27;[0m            &amp#27;[90m# starter.stepdefinitions.DashboardSteps.iAmOnTheDashboardPage()&amp#27;[0m
17:25:25.383 [main] DEBUG net.thucydides.core.steps.StepInterceptor - STARTING STEP: AppointmentSteps.iClickMenuAppointment - clickMenuAppointmentButton
17:25:25.388 [Forwarding findElement on session 72e97709834f037792b96f66725a3b6f to remote] DEBUG org.asynchttpclient.netty.request.NettyRequestSender - Using pooled Channel '[id: 0xdcb9f535, L:/127.0.0.1:60151 - R:localhost/127.0.0.1:62985]' for 'POST' to 'http://localhost:62985/session/72e97709834f037792b96f66725a3b6f/element'
17:25:25.388 [Forwarding findElement on session 72e97709834f037792b96f66725a3b6f to remote] DEBUG org.asynchttpclient.netty.request.NettyRequestSender - Using open Channel [id: 0xdcb9f535, L:/127.0.0.1:60151 - R:localhost/127.0.0.1:62985] for POST '/session/72e97709834f037792b96f66725a3b6f/element'
17:25:25.406 [AsyncHttpClient-1-9] DEBUG org.asynchttpclient.netty.handler.HttpHandler - 

Request DefaultHttpRequest(decodeResult: success, version: HTTP/1.1)
POST /session/72e97709834f037792b96f66725a3b6f/element HTTP/1.1
User-Agent: selenium/4.1.2 (java windows)
Content-Length: 84
Content-Type: application/json; charset=utf-8
host: localhost:62985
accept: */*

Response DefaultHttpResponse(decodeResult: success, version: HTTP/1.1)
HTTP/1.1 200 OK
Content-Type: application/json; charset=utf-8
cache-control: no-cache
content-length: 88

17:25:25.406 [AsyncHttpClient-1-9] DEBUG org.asynchttpclient.netty.channel.ChannelManager - Adding key: http://localhost:62985 for channel [id: 0xdcb9f535, L:/127.0.0.1:60151 - R:localhost/127.0.0.1:62985]
17:25:25.409 [Forwarding getElementTagName on session 72e97709834f037792b96f66725a3b6f to remote] DEBUG org.asynchttpclient.netty.request.NettyRequestSender - Using pooled Channel '[id: 0xdcb9f535, L:/127.0.0.1:60151 - R:localhost/127.0.0.1:62985]' for 'GET' to 'http://localhost:62985/session/72e97709834f037792b96f66725a3b6f/element/f35ad496-a0a3-4581-9d73-fbbabab91573/name'
17:25:25.409 [Forwarding getElementTagName on session 72e97709834f037792b96f66725a3b6f to remote] DEBUG org.asynchttpclient.netty.request.NettyRequestSender - Using open Channel [id: 0xdcb9f535, L:/127.0.0.1:60151 - R:localhost/127.0.0.1:62985] for GET '/session/72e97709834f037792b96f66725a3b6f/element/f35ad496-a0a3-4581-9d73-fbbabab91573/name'
17:25:25.415 [AsyncHttpClient-1-9] DEBUG org.asynchttpclient.netty.handler.HttpHandler - 

Request DefaultFullHttpRequest(decodeResult: success, version: HTTP/1.1, content: EmptyByteBufBE)
GET /session/72e97709834f037792b96f66725a3b6f/element/f35ad496-a0a3-4581-9d73-fbbabab91573/name HTTP/1.1
User-Agent: selenium/4.1.2 (java windows)
Cache-Control: no-cache
Content-Type: application/json; charset=utf-8
host: localhost:62985
accept: */*

Response DefaultHttpResponse(decodeResult: success, version: HTTP/1.1)
HTTP/1.1 200 OK
Content-Type: application/json; charset=utf-8
cache-control: no-cache
content-length: 15

17:25:25.415 [AsyncHttpClient-1-9] DEBUG org.asynchttpclient.netty.channel.ChannelManager - Adding key: http://localhost:62985 for channel [id: 0xdcb9f535, L:/127.0.0.1:60151 - R:localhost/127.0.0.1:62985]
17:25:25.417 [Forwarding getElementTagName on session 72e97709834f037792b96f66725a3b6f to remote] DEBUG org.asynchttpclient.netty.request.NettyRequestSender - Using pooled Channel '[id: 0xdcb9f535, L:/127.0.0.1:60151 - R:localhost/127.0.0.1:62985]' for 'GET' to 'http://localhost:62985/session/72e97709834f037792b96f66725a3b6f/element/f35ad496-a0a3-4581-9d73-fbbabab91573/name'
17:25:25.417 [Forwarding getElementTagName on session 72e97709834f037792b96f66725a3b6f to remote] DEBUG org.asynchttpclient.netty.request.NettyRequestSender - Using open Channel [id: 0xdcb9f535, L:/127.0.0.1:60151 - R:localhost/127.0.0.1:62985] for GET '/session/72e97709834f037792b96f66725a3b6f/element/f35ad496-a0a3-4581-9d73-fbbabab91573/name'
17:25:25.422 [AsyncHttpClient-1-9] DEBUG org.asynchttpclient.netty.handler.HttpHandler - 

Request DefaultFullHttpRequest(decodeResult: success, version: HTTP/1.1, content: EmptyByteBufBE)
GET /session/72e97709834f037792b96f66725a3b6f/element/f35ad496-a0a3-4581-9d73-fbbabab91573/name HTTP/1.1
User-Agent: selenium/4.1.2 (java windows)
Cache-Control: no-cache
Content-Type: application/json; charset=utf-8
host: localhost:62985
accept: */*

Response DefaultHttpResponse(decodeResult: success, version: HTTP/1.1)
HTTP/1.1 200 OK
Content-Type: application/json; charset=utf-8
cache-control: no-cache
content-length: 15

17:25:25.422 [AsyncHttpClient-1-9] DEBUG org.asynchttpclient.netty.channel.ChannelManager - Adding key: http://localhost:62985 for channel [id: 0xdcb9f535, L:/127.0.0.1:60151 - R:localhost/127.0.0.1:62985]
17:25:25.436 [Forwarding findElement on session 72e97709834f037792b96f66725a3b6f to remote] DEBUG org.asynchttpclient.netty.request.NettyRequestSender - Using pooled Channel '[id: 0xdcb9f535, L:/127.0.0.1:60151 - R:localhost/127.0.0.1:62985]' for 'POST' to 'http://localhost:62985/session/72e97709834f037792b96f66725a3b6f/element'
17:25:25.436 [Forwarding findElement on session 72e97709834f037792b96f66725a3b6f to remote] DEBUG org.asynchttpclient.netty.request.NettyRequestSender - Using open Channel [id: 0xdcb9f535, L:/127.0.0.1:60151 - R:localhost/127.0.0.1:62985] for POST '/session/72e97709834f037792b96f66725a3b6f/element'
17:25:25.452 [AsyncHttpClient-1-9] DEBUG org.asynchttpclient.netty.handler.HttpHandler - 

Request DefaultHttpRequest(decodeResult: success, version: HTTP/1.1)
POST /session/72e97709834f037792b96f66725a3b6f/element HTTP/1.1
User-Agent: selenium/4.1.2 (java windows)
Content-Length: 84
Content-Type: application/json; charset=utf-8
host: localhost:62985
accept: */*

Response DefaultHttpResponse(decodeResult: success, version: HTTP/1.1)
HTTP/1.1 200 OK
Content-Type: application/json; charset=utf-8
cache-control: no-cache
content-length: 88

17:25:25.452 [AsyncHttpClient-1-9] DEBUG org.asynchttpclient.netty.channel.ChannelManager - Adding key: http://localhost:62985 for channel [id: 0xdcb9f535, L:/127.0.0.1:60151 - R:localhost/127.0.0.1:62985]
17:25:25.454 [Forwarding clickElement on session 72e97709834f037792b96f66725a3b6f to remote] DEBUG org.asynchttpclient.netty.request.NettyRequestSender - Using pooled Channel '[id: 0xdcb9f535, L:/127.0.0.1:60151 - R:localhost/127.0.0.1:62985]' for 'POST' to 'http://localhost:62985/session/72e97709834f037792b96f66725a3b6f/element/f35ad496-a0a3-4581-9d73-fbbabab91573/click'
17:25:25.454 [Forwarding clickElement on session 72e97709834f037792b96f66725a3b6f to remote] DEBUG org.asynchttpclient.netty.request.NettyRequestSender - Using open Channel [id: 0xdcb9f535, L:/127.0.0.1:60151 - R:localhost/127.0.0.1:62985] for POST '/session/72e97709834f037792b96f66725a3b6f/element/f35ad496-a0a3-4581-9d73-fbbabab91573/click'
17:25:25.695 [AsyncHttpClient-1-9] DEBUG org.asynchttpclient.netty.handler.HttpHandler - 

Request DefaultHttpRequest(decodeResult: success, version: HTTP/1.1)
POST /session/72e97709834f037792b96f66725a3b6f/element/f35ad496-a0a3-4581-9d73-fbbabab91573/click HTTP/1.1
User-Agent: selenium/4.1.2 (java windows)
Content-Length: 50
Content-Type: application/json; charset=utf-8
host: localhost:62985
accept: */*

Response DefaultHttpResponse(decodeResult: success, version: HTTP/1.1)
HTTP/1.1 200 OK
Content-Type: application/json; charset=utf-8
cache-control: no-cache
content-length: 14

17:25:25.695 [AsyncHttpClient-1-9] DEBUG org.asynchttpclient.netty.channel.ChannelManager - Adding key: http://localhost:62985 for channel [id: 0xdcb9f535, L:/127.0.0.1:60151 - R:localhost/127.0.0.1:62985]
17:25:25.703 [Forwarding screenshot on session 72e97709834f037792b96f66725a3b6f to remote] DEBUG org.asynchttpclient.netty.request.NettyRequestSender - Using pooled Channel '[id: 0xdcb9f535, L:/127.0.0.1:60151 - R:localhost/127.0.0.1:62985]' for 'GET' to 'http://localhost:62985/session/72e97709834f037792b96f66725a3b6f/screenshot'
17:25:25.704 [Forwarding screenshot on session 72e97709834f037792b96f66725a3b6f to remote] DEBUG org.asynchttpclient.netty.request.NettyRequestSender - Using open Channel [id: 0xdcb9f535, L:/127.0.0.1:60151 - R:localhost/127.0.0.1:62985] for GET '/session/72e97709834f037792b96f66725a3b6f/screenshot'
17:25:25.816 [AsyncHttpClient-1-9] DEBUG org.asynchttpclient.netty.handler.HttpHandler - 

Request DefaultFullHttpRequest(decodeResult: success, version: HTTP/1.1, content: EmptyByteBufBE)
GET /session/72e97709834f037792b96f66725a3b6f/screenshot HTTP/1.1
User-Agent: selenium/4.1.2 (java windows)
Cache-Control: no-cache
Content-Type: application/json; charset=utf-8
host: localhost:62985
accept: */*

Response DefaultHttpResponse(decodeResult: success, version: HTTP/1.1)
HTTP/1.1 200 OK
Content-Type: application/json; charset=utf-8
cache-control: no-cache
content-length: 77776

17:25:25.817 [AsyncHttpClient-1-9] DEBUG org.asynchttpclient.netty.channel.ChannelManager - Adding key: http://localhost:62985 for channel [id: 0xdcb9f535, L:/127.0.0.1:60151 - R:localhost/127.0.0.1:62985]
17:25:25.822 [main] DEBUG net.serenitybdd.core.photography.Darkroom - Send negative for processing for target\site\serenity\dde6ee49eef829c4844cc40a8aaa4d6e912eaee4e88eb74d4e912a38905c5f6b.png
17:25:25.822 [main] DEBUG net.thucydides.core.steps.StepInterceptor - STEP DONE: clickMenuAppointmentButton
  &amp#27;[32mAnd &amp#27;[0m&amp#27;[32mI click menu Appointment&amp#27;[0m                &amp#27;[90m# starter.stepdefinitions.AppointmentSteps.iClickMenuAppointment()&amp#27;[0m
17:25:25.822 [Darkroom Processing Line] DEBUG net.serenitybdd.core.photography.DarkroomProcessingLine - Processing screenshot image in /var/screenshots/screenshot-338568257357755585
17:25:25.822 [Darkroom Processing Line] DEBUG net.serenitybdd.core.photography.DarkroomProcessingLine - Saving screenshot to target\site\serenity\dde6ee49eef829c4844cc40a8aaa4d6e912eaee4e88eb74d4e912a38905c5f6b.png
17:25:25.842 [AsyncHttpClient-1-1] DEBUG org.asynchttpclient.netty.channel.DefaultChannelPool - Entry count for : http://localhost:60152 : 1
17:25:25.842 [AsyncHttpClient-1-1] DEBUG org.asynchttpclient.netty.channel.DefaultChannelPool - Entry count for : http://localhost:62985 : 1
17:25:25.842 [main] DEBUG net.thucydides.core.steps.StepInterceptor - STARTING STEP: AppointmentSteps.iClickDeleteAppointmentIcon - clickDeleteAppointmentIcon
17:25:25.846 [Forwarding findElement on session 72e97709834f037792b96f66725a3b6f to remote] DEBUG org.asynchttpclient.netty.request.NettyRequestSender - Using pooled Channel '[id: 0xdcb9f535, L:/127.0.0.1:60151 - R:localhost/127.0.0.1:62985]' for 'POST' to 'http://localhost:62985/session/72e97709834f037792b96f66725a3b6f/element'
17:25:25.846 [Forwarding findElement on session 72e97709834f037792b96f66725a3b6f to remote] DEBUG org.asynchttpclient.netty.request.NettyRequestSender - Using open Channel [id: 0xdcb9f535, L:/127.0.0.1:60151 - R:localhost/127.0.0.1:62985] for POST '/session/72e97709834f037792b96f66725a3b6f/element'
17:25:26.507 [AsyncHttpClient-1-9] DEBUG org.asynchttpclient.netty.handler.HttpHandler - 

Request DefaultHttpRequest(decodeResult: success, version: HTTP/1.1)
POST /session/72e97709834f037792b96f66725a3b6f/element HTTP/1.1
User-Agent: selenium/4.1.2 (java windows)
Content-Length: 91
Content-Type: application/json; charset=utf-8
host: localhost:62985
accept: */*

Response DefaultHttpResponse(decodeResult: success, version: HTTP/1.1)
HTTP/1.1 200 OK
Content-Type: application/json; charset=utf-8
cache-control: no-cache
content-length: 88

17:25:26.507 [AsyncHttpClient-1-9] DEBUG org.asynchttpclient.netty.channel.ChannelManager - Adding key: http://localhost:62985 for channel [id: 0xdcb9f535, L:/127.0.0.1:60151 - R:localhost/127.0.0.1:62985]
17:25:26.511 [Forwarding getElementTagName on session 72e97709834f037792b96f66725a3b6f to remote] DEBUG org.asynchttpclient.netty.request.NettyRequestSender - Using pooled Channel '[id: 0xdcb9f535, L:/127.0.0.1:60151 - R:localhost/127.0.0.1:62985]' for 'GET' to 'http://localhost:62985/session/72e97709834f037792b96f66725a3b6f/element/b2092eab-8c3d-4878-bb77-f7833a04c38e/name'
17:25:26.511 [Forwarding getElementTagName on session 72e97709834f037792b96f66725a3b6f to remote] DEBUG org.asynchttpclient.netty.request.NettyRequestSender - Using open Channel [id: 0xdcb9f535, L:/127.0.0.1:60151 - R:localhost/127.0.0.1:62985] for GET '/session/72e97709834f037792b96f66725a3b6f/element/b2092eab-8c3d-4878-bb77-f7833a04c38e/name'
17:25:26.521 [AsyncHttpClient-1-9] DEBUG org.asynchttpclient.netty.handler.HttpHandler - 

Request DefaultFullHttpRequest(decodeResult: success, version: HTTP/1.1, content: EmptyByteBufBE)
GET /session/72e97709834f037792b96f66725a3b6f/element/b2092eab-8c3d-4878-bb77-f7833a04c38e/name HTTP/1.1
User-Agent: selenium/4.1.2 (java windows)
Cache-Control: no-cache
Content-Type: application/json; charset=utf-8
host: localhost:62985
accept: */*

Response DefaultHttpResponse(decodeResult: success, version: HTTP/1.1)
HTTP/1.1 200 OK
Content-Type: application/json; charset=utf-8
cache-control: no-cache
content-length: 18

17:25:26.522 [AsyncHttpClient-1-9] DEBUG org.asynchttpclient.netty.channel.ChannelManager - Adding key: http://localhost:62985 for channel [id: 0xdcb9f535, L:/127.0.0.1:60151 - R:localhost/127.0.0.1:62985]
17:25:26.524 [Forwarding getElementTagName on session 72e97709834f037792b96f66725a3b6f to remote] DEBUG org.asynchttpclient.netty.request.NettyRequestSender - Using pooled Channel '[id: 0xdcb9f535, L:/127.0.0.1:60151 - R:localhost/127.0.0.1:62985]' for 'GET' to 'http://localhost:62985/session/72e97709834f037792b96f66725a3b6f/element/b2092eab-8c3d-4878-bb77-f7833a04c38e/name'
17:25:26.524 [Forwarding getElementTagName on session 72e97709834f037792b96f66725a3b6f to remote] DEBUG org.asynchttpclient.netty.request.NettyRequestSender - Using open Channel [id: 0xdcb9f535, L:/127.0.0.1:60151 - R:localhost/127.0.0.1:62985] for GET '/session/72e97709834f037792b96f66725a3b6f/element/b2092eab-8c3d-4878-bb77-f7833a04c38e/name'
17:25:26.529 [AsyncHttpClient-1-9] DEBUG org.asynchttpclient.netty.handler.HttpHandler - 

Request DefaultFullHttpRequest(decodeResult: success, version: HTTP/1.1, content: EmptyByteBufBE)
GET /session/72e97709834f037792b96f66725a3b6f/element/b2092eab-8c3d-4878-bb77-f7833a04c38e/name HTTP/1.1
User-Agent: selenium/4.1.2 (java windows)
Cache-Control: no-cache
Content-Type: application/json; charset=utf-8
host: localhost:62985
accept: */*

Response DefaultHttpResponse(decodeResult: success, version: HTTP/1.1)
HTTP/1.1 200 OK
Content-Type: application/json; charset=utf-8
cache-control: no-cache
content-length: 18

17:25:26.530 [AsyncHttpClient-1-9] DEBUG org.asynchttpclient.netty.channel.ChannelManager - Adding key: http://localhost:62985 for channel [id: 0xdcb9f535, L:/127.0.0.1:60151 - R:localhost/127.0.0.1:62985]
17:25:26.533 [Forwarding isElementEnabled on session 72e97709834f037792b96f66725a3b6f to remote] DEBUG org.asynchttpclient.netty.request.NettyRequestSender - Using pooled Channel '[id: 0xdcb9f535, L:/127.0.0.1:60151 - R:localhost/127.0.0.1:62985]' for 'GET' to 'http://localhost:62985/session/72e97709834f037792b96f66725a3b6f/element/b2092eab-8c3d-4878-bb77-f7833a04c38e/enabled'
17:25:26.533 [Forwarding isElementEnabled on session 72e97709834f037792b96f66725a3b6f to remote] DEBUG org.asynchttpclient.netty.request.NettyRequestSender - Using open Channel [id: 0xdcb9f535, L:/127.0.0.1:60151 - R:localhost/127.0.0.1:62985] for GET '/session/72e97709834f037792b96f66725a3b6f/element/b2092eab-8c3d-4878-bb77-f7833a04c38e/enabled'
17:25:26.550 [AsyncHttpClient-1-9] DEBUG org.asynchttpclient.netty.handler.HttpHandler - 

Request DefaultFullHttpRequest(decodeResult: success, version: HTTP/1.1, content: EmptyByteBufBE)
GET /session/72e97709834f037792b96f66725a3b6f/element/b2092eab-8c3d-4878-bb77-f7833a04c38e/enabled HTTP/1.1
User-Agent: selenium/4.1.2 (java windows)
Cache-Control: no-cache
Content-Type: application/json; charset=utf-8
host: localhost:62985
accept: */*

Response DefaultHttpResponse(decodeResult: success, version: HTTP/1.1)
HTTP/1.1 200 OK
Content-Type: application/json; charset=utf-8
cache-control: no-cache
content-length: 14

17:25:26.550 [AsyncHttpClient-1-9] DEBUG org.asynchttpclient.netty.channel.ChannelManager - Adding key: http://localhost:62985 for channel [id: 0xdcb9f535, L:/127.0.0.1:60151 - R:localhost/127.0.0.1:62985]
17:25:26.552 [Forwarding isElementEnabled on session 72e97709834f037792b96f66725a3b6f to remote] DEBUG org.asynchttpclient.netty.request.NettyRequestSender - Using pooled Channel '[id: 0xdcb9f535, L:/127.0.0.1:60151 - R:localhost/127.0.0.1:62985]' for 'GET' to 'http://localhost:62985/session/72e97709834f037792b96f66725a3b6f/element/b2092eab-8c3d-4878-bb77-f7833a04c38e/enabled'
17:25:26.552 [Forwarding isElementEnabled on session 72e97709834f037792b96f66725a3b6f to remote] DEBUG org.asynchttpclient.netty.request.NettyRequestSender - Using open Channel [id: 0xdcb9f535, L:/127.0.0.1:60151 - R:localhost/127.0.0.1:62985] for GET '/session/72e97709834f037792b96f66725a3b6f/element/b2092eab-8c3d-4878-bb77-f7833a04c38e/enabled'
17:25:26.559 [AsyncHttpClient-1-9] DEBUG org.asynchttpclient.netty.handler.HttpHandler - 

Request DefaultFullHttpRequest(decodeResult: success, version: HTTP/1.1, content: EmptyByteBufBE)
GET /session/72e97709834f037792b96f66725a3b6f/element/b2092eab-8c3d-4878-bb77-f7833a04c38e/enabled HTTP/1.1
User-Agent: selenium/4.1.2 (java windows)
Cache-Control: no-cache
Content-Type: application/json; charset=utf-8
host: localhost:62985
accept: */*

Response DefaultHttpResponse(decodeResult: success, version: HTTP/1.1)
HTTP/1.1 200 OK
Content-Type: application/json; charset=utf-8
cache-control: no-cache
content-length: 14

17:25:26.559 [AsyncHttpClient-1-9] DEBUG org.asynchttpclient.netty.channel.ChannelManager - Adding key: http://localhost:62985 for channel [id: 0xdcb9f535, L:/127.0.0.1:60151 - R:localhost/127.0.0.1:62985]
17:25:26.561 [Forwarding findElement on session 72e97709834f037792b96f66725a3b6f to remote] DEBUG org.asynchttpclient.netty.request.NettyRequestSender - Using pooled Channel '[id: 0xdcb9f535, L:/127.0.0.1:60151 - R:localhost/127.0.0.1:62985]' for 'POST' to 'http://localhost:62985/session/72e97709834f037792b96f66725a3b6f/element'
17:25:26.561 [Forwarding findElement on session 72e97709834f037792b96f66725a3b6f to remote] DEBUG org.asynchttpclient.netty.request.NettyRequestSender - Using open Channel [id: 0xdcb9f535, L:/127.0.0.1:60151 - R:localhost/127.0.0.1:62985] for POST '/session/72e97709834f037792b96f66725a3b6f/element'
17:25:26.575 [AsyncHttpClient-1-9] DEBUG org.asynchttpclient.netty.handler.HttpHandler - 

Request DefaultHttpRequest(decodeResult: success, version: HTTP/1.1)
POST /session/72e97709834f037792b96f66725a3b6f/element HTTP/1.1
User-Agent: selenium/4.1.2 (java windows)
Content-Length: 91
Content-Type: application/json; charset=utf-8
host: localhost:62985
accept: */*

Response DefaultHttpResponse(decodeResult: success, version: HTTP/1.1)
HTTP/1.1 200 OK
Content-Type: application/json; charset=utf-8
cache-control: no-cache
content-length: 88

17:25:26.575 [AsyncHttpClient-1-9] DEBUG org.asynchttpclient.netty.channel.ChannelManager - Adding key: http://localhost:62985 for channel [id: 0xdcb9f535, L:/127.0.0.1:60151 - R:localhost/127.0.0.1:62985]
17:25:26.576 [Forwarding clickElement on session 72e97709834f037792b96f66725a3b6f to remote] DEBUG org.asynchttpclient.netty.request.NettyRequestSender - Using pooled Channel '[id: 0xdcb9f535, L:/127.0.0.1:60151 - R:localhost/127.0.0.1:62985]' for 'POST' to 'http://localhost:62985/session/72e97709834f037792b96f66725a3b6f/element/b2092eab-8c3d-4878-bb77-f7833a04c38e/click'
17:25:26.576 [Forwarding clickElement on session 72e97709834f037792b96f66725a3b6f to remote] DEBUG org.asynchttpclient.netty.request.NettyRequestSender - Using open Channel [id: 0xdcb9f535, L:/127.0.0.1:60151 - R:localhost/127.0.0.1:62985] for POST '/session/72e97709834f037792b96f66725a3b6f/element/b2092eab-8c3d-4878-bb77-f7833a04c38e/click'
17:25:26.678 [AsyncHttpClient-1-9] DEBUG org.asynchttpclient.netty.handler.HttpHandler - 

Request DefaultHttpRequest(decodeResult: success, version: HTTP/1.1)
POST /session/72e97709834f037792b96f66725a3b6f/element/b2092eab-8c3d-4878-bb77-f7833a04c38e/click HTTP/1.1
User-Agent: selenium/4.1.2 (java windows)
Content-Length: 50
Content-Type: application/json; charset=utf-8
host: localhost:62985
accept: */*

Response DefaultHttpResponse(decodeResult: success, version: HTTP/1.1)
HTTP/1.1 200 OK
Content-Type: application/json; charset=utf-8
cache-control: no-cache
content-length: 14

17:25:26.678 [AsyncHttpClient-1-9] DEBUG org.asynchttpclient.netty.channel.ChannelManager - Adding key: http://localhost:62985 for channel [id: 0xdcb9f535, L:/127.0.0.1:60151 - R:localhost/127.0.0.1:62985]
17:25:26.690 [Forwarding screenshot on session 72e97709834f037792b96f66725a3b6f to remote] DEBUG org.asynchttpclient.netty.request.NettyRequestSender - Using pooled Channel '[id: 0xdcb9f535, L:/127.0.0.1:60151 - R:localhost/127.0.0.1:62985]' for 'GET' to 'http://localhost:62985/session/72e97709834f037792b96f66725a3b6f/screenshot'
17:25:26.690 [Forwarding screenshot on session 72e97709834f037792b96f66725a3b6f to remote] DEBUG org.asynchttpclient.netty.request.NettyRequestSender - Using open Channel [id: 0xdcb9f535, L:/127.0.0.1:60151 - R:localhost/127.0.0.1:62985] for GET '/session/72e97709834f037792b96f66725a3b6f/screenshot'
17:25:26.814 [AsyncHttpClient-1-9] DEBUG org.asynchttpclient.netty.handler.HttpHandler - 

Request DefaultFullHttpRequest(decodeResult: success, version: HTTP/1.1, content: EmptyByteBufBE)
GET /session/72e97709834f037792b96f66725a3b6f/screenshot HTTP/1.1
User-Agent: selenium/4.1.2 (java windows)
Cache-Control: no-cache
Content-Type: application/json; charset=utf-8
host: localhost:62985
accept: */*

Response DefaultHttpResponse(decodeResult: success, version: HTTP/1.1)
HTTP/1.1 200 OK
Content-Type: application/json; charset=utf-8
cache-control: no-cache
content-length: 107696

17:25:26.815 [AsyncHttpClient-1-9] DEBUG org.asynchttpclient.netty.channel.ChannelManager - Adding key: http://localhost:62985 for channel [id: 0xdcb9f535, L:/127.0.0.1:60151 - R:localhost/127.0.0.1:62985]
17:25:26.822 [main] DEBUG net.serenitybdd.core.photography.Darkroom - Send negative for processing for target\site\serenity\43f4e9ab2b6cc8361fd4ae83dbaf02aa3a48a907868311d8d096b87fd8387f25.png
17:25:26.823 [main] DEBUG net.thucydides.core.steps.StepInterceptor - STEP DONE: clickDeleteAppointmentIcon
  &amp#27;[32mWhen &amp#27;[0m&amp#27;[32mI click delete Appointment icon&amp#27;[0m        &amp#27;[90m# starter.stepdefinitions.AppointmentSteps.iClickDeleteAppointmentIcon()&amp#27;[0m
17:25:26.823 [Darkroom Processing Line] DEBUG net.serenitybdd.core.photography.DarkroomProcessingLine - Processing screenshot image in /var/screenshots/screenshot-2927773453136217444
17:25:26.823 [Darkroom Processing Line] DEBUG net.serenitybdd.core.photography.DarkroomProcessingLine - Saving screenshot to target\site\serenity\43f4e9ab2b6cc8361fd4ae83dbaf02aa3a48a907868311d8d096b87fd8387f25.png
17:25:26.845 [main] DEBUG net.thucydides.core.steps.StepInterceptor - STARTING STEP: AppointmentSteps.iClickTheDeleteButton - clickDeleteAppointmentButton
17:25:26.849 [Forwarding findElement on session 72e97709834f037792b96f66725a3b6f to remote] DEBUG org.asynchttpclient.netty.request.NettyRequestSender - Using pooled Channel '[id: 0xdcb9f535, L:/127.0.0.1:60151 - R:localhost/127.0.0.1:62985]' for 'POST' to 'http://localhost:62985/session/72e97709834f037792b96f66725a3b6f/element'
17:25:26.849 [Forwarding findElement on session 72e97709834f037792b96f66725a3b6f to remote] DEBUG org.asynchttpclient.netty.request.NettyRequestSender - Using open Channel [id: 0xdcb9f535, L:/127.0.0.1:60151 - R:localhost/127.0.0.1:62985] for POST '/session/72e97709834f037792b96f66725a3b6f/element'
17:25:26.869 [AsyncHttpClient-1-9] DEBUG org.asynchttpclient.netty.handler.HttpHandler - 

Request DefaultHttpRequest(decodeResult: success, version: HTTP/1.1)
POST /session/72e97709834f037792b96f66725a3b6f/element HTTP/1.1
User-Agent: selenium/4.1.2 (java windows)
Content-Length: 104
Content-Type: application/json; charset=utf-8
host: localhost:62985
accept: */*

Response DefaultHttpResponse(decodeResult: success, version: HTTP/1.1)
HTTP/1.1 200 OK
Content-Type: application/json; charset=utf-8
cache-control: no-cache
content-length: 88

17:25:26.869 [AsyncHttpClient-1-9] DEBUG org.asynchttpclient.netty.channel.ChannelManager - Adding key: http://localhost:62985 for channel [id: 0xdcb9f535, L:/127.0.0.1:60151 - R:localhost/127.0.0.1:62985]
17:25:26.872 [Forwarding getElementTagName on session 72e97709834f037792b96f66725a3b6f to remote] DEBUG org.asynchttpclient.netty.request.NettyRequestSender - Using pooled Channel '[id: 0xdcb9f535, L:/127.0.0.1:60151 - R:localhost/127.0.0.1:62985]' for 'GET' to 'http://localhost:62985/session/72e97709834f037792b96f66725a3b6f/element/232c2472-a12d-45ef-a38d-6b9ef6c41002/name'
17:25:26.872 [Forwarding getElementTagName on session 72e97709834f037792b96f66725a3b6f to remote] DEBUG org.asynchttpclient.netty.request.NettyRequestSender - Using open Channel [id: 0xdcb9f535, L:/127.0.0.1:60151 - R:localhost/127.0.0.1:62985] for GET '/session/72e97709834f037792b96f66725a3b6f/element/232c2472-a12d-45ef-a38d-6b9ef6c41002/name'
17:25:26.877 [AsyncHttpClient-1-9] DEBUG org.asynchttpclient.netty.handler.HttpHandler - 

Request DefaultFullHttpRequest(decodeResult: success, version: HTTP/1.1, content: EmptyByteBufBE)
GET /session/72e97709834f037792b96f66725a3b6f/element/232c2472-a12d-45ef-a38d-6b9ef6c41002/name HTTP/1.1
User-Agent: selenium/4.1.2 (java windows)
Cache-Control: no-cache
Content-Type: application/json; charset=utf-8
host: localhost:62985
accept: */*

Response DefaultHttpResponse(decodeResult: success, version: HTTP/1.1)
HTTP/1.1 200 OK
Content-Type: application/json; charset=utf-8
cache-control: no-cache
content-length: 18

17:25:26.878 [AsyncHttpClient-1-9] DEBUG org.asynchttpclient.netty.channel.ChannelManager - Adding key: http://localhost:62985 for channel [id: 0xdcb9f535, L:/127.0.0.1:60151 - R:localhost/127.0.0.1:62985]
17:25:26.880 [Forwarding getElementTagName on session 72e97709834f037792b96f66725a3b6f to remote] DEBUG org.asynchttpclient.netty.request.NettyRequestSender - Using pooled Channel '[id: 0xdcb9f535, L:/127.0.0.1:60151 - R:localhost/127.0.0.1:62985]' for 'GET' to 'http://localhost:62985/session/72e97709834f037792b96f66725a3b6f/element/232c2472-a12d-45ef-a38d-6b9ef6c41002/name'
17:25:26.880 [Forwarding getElementTagName on session 72e97709834f037792b96f66725a3b6f to remote] DEBUG org.asynchttpclient.netty.request.NettyRequestSender - Using open Channel [id: 0xdcb9f535, L:/127.0.0.1:60151 - R:localhost/127.0.0.1:62985] for GET '/session/72e97709834f037792b96f66725a3b6f/element/232c2472-a12d-45ef-a38d-6b9ef6c41002/name'
17:25:26.885 [AsyncHttpClient-1-9] DEBUG org.asynchttpclient.netty.handler.HttpHandler - 

Request DefaultFullHttpRequest(decodeResult: success, version: HTTP/1.1, content: EmptyByteBufBE)
GET /session/72e97709834f037792b96f66725a3b6f/element/232c2472-a12d-45ef-a38d-6b9ef6c41002/name HTTP/1.1
User-Agent: selenium/4.1.2 (java windows)
Cache-Control: no-cache
Content-Type: application/json; charset=utf-8
host: localhost:62985
accept: */*

Response DefaultHttpResponse(decodeResult: success, version: HTTP/1.1)
HTTP/1.1 200 OK
Content-Type: application/json; charset=utf-8
cache-control: no-cache
content-length: 18

17:25:26.886 [AsyncHttpClient-1-9] DEBUG org.asynchttpclient.netty.channel.ChannelManager - Adding key: http://localhost:62985 for channel [id: 0xdcb9f535, L:/127.0.0.1:60151 - R:localhost/127.0.0.1:62985]
17:25:26.889 [Forwarding isElementEnabled on session 72e97709834f037792b96f66725a3b6f to remote] DEBUG org.asynchttpclient.netty.request.NettyRequestSender - Using pooled Channel '[id: 0xdcb9f535, L:/127.0.0.1:60151 - R:localhost/127.0.0.1:62985]' for 'GET' to 'http://localhost:62985/session/72e97709834f037792b96f66725a3b6f/element/232c2472-a12d-45ef-a38d-6b9ef6c41002/enabled'
17:25:26.889 [Forwarding isElementEnabled on session 72e97709834f037792b96f66725a3b6f to remote] DEBUG org.asynchttpclient.netty.request.NettyRequestSender - Using open Channel [id: 0xdcb9f535, L:/127.0.0.1:60151 - R:localhost/127.0.0.1:62985] for GET '/session/72e97709834f037792b96f66725a3b6f/element/232c2472-a12d-45ef-a38d-6b9ef6c41002/enabled'
17:25:26.900 [AsyncHttpClient-1-9] DEBUG org.asynchttpclient.netty.handler.HttpHandler - 

Request DefaultFullHttpRequest(decodeResult: success, version: HTTP/1.1, content: EmptyByteBufBE)
GET /session/72e97709834f037792b96f66725a3b6f/element/232c2472-a12d-45ef-a38d-6b9ef6c41002/enabled HTTP/1.1
User-Agent: selenium/4.1.2 (java windows)
Cache-Control: no-cache
Content-Type: application/json; charset=utf-8
host: localhost:62985
accept: */*

Response DefaultHttpResponse(decodeResult: success, version: HTTP/1.1)
HTTP/1.1 200 OK
Content-Type: application/json; charset=utf-8
cache-control: no-cache
content-length: 14

17:25:26.901 [AsyncHttpClient-1-9] DEBUG org.asynchttpclient.netty.channel.ChannelManager - Adding key: http://localhost:62985 for channel [id: 0xdcb9f535, L:/127.0.0.1:60151 - R:localhost/127.0.0.1:62985]
17:25:26.902 [Forwarding isElementEnabled on session 72e97709834f037792b96f66725a3b6f to remote] DEBUG org.asynchttpclient.netty.request.NettyRequestSender - Using pooled Channel '[id: 0xdcb9f535, L:/127.0.0.1:60151 - R:localhost/127.0.0.1:62985]' for 'GET' to 'http://localhost:62985/session/72e97709834f037792b96f66725a3b6f/element/232c2472-a12d-45ef-a38d-6b9ef6c41002/enabled'
17:25:26.902 [Forwarding isElementEnabled on session 72e97709834f037792b96f66725a3b6f to remote] DEBUG org.asynchttpclient.netty.request.NettyRequestSender - Using open Channel [id: 0xdcb9f535, L:/127.0.0.1:60151 - R:localhost/127.0.0.1:62985] for GET '/session/72e97709834f037792b96f66725a3b6f/element/232c2472-a12d-45ef-a38d-6b9ef6c41002/enabled'
17:25:26.911 [AsyncHttpClient-1-9] DEBUG org.asynchttpclient.netty.handler.HttpHandler - 

Request DefaultFullHttpRequest(decodeResult: success, version: HTTP/1.1, content: EmptyByteBufBE)
GET /session/72e97709834f037792b96f66725a3b6f/element/232c2472-a12d-45ef-a38d-6b9ef6c41002/enabled HTTP/1.1
User-Agent: selenium/4.1.2 (java windows)
Cache-Control: no-cache
Content-Type: application/json; charset=utf-8
host: localhost:62985
accept: */*

Response DefaultHttpResponse(decodeResult: success, version: HTTP/1.1)
HTTP/1.1 200 OK
Content-Type: application/json; charset=utf-8
cache-control: no-cache
content-length: 14

17:25:26.911 [AsyncHttpClient-1-9] DEBUG org.asynchttpclient.netty.channel.ChannelManager - Adding key: http://localhost:62985 for channel [id: 0xdcb9f535, L:/127.0.0.1:60151 - R:localhost/127.0.0.1:62985]
17:25:26.915 [Forwarding findElement on session 72e97709834f037792b96f66725a3b6f to remote] DEBUG org.asynchttpclient.netty.request.NettyRequestSender - Using pooled Channel '[id: 0xdcb9f535, L:/127.0.0.1:60151 - R:localhost/127.0.0.1:62985]' for 'POST' to 'http://localhost:62985/session/72e97709834f037792b96f66725a3b6f/element'
17:25:26.916 [Forwarding findElement on session 72e97709834f037792b96f66725a3b6f to remote] DEBUG org.asynchttpclient.netty.request.NettyRequestSender - Using open Channel [id: 0xdcb9f535, L:/127.0.0.1:60151 - R:localhost/127.0.0.1:62985] for POST '/session/72e97709834f037792b96f66725a3b6f/element'
17:25:26.927 [AsyncHttpClient-1-9] DEBUG org.asynchttpclient.netty.handler.HttpHandler - 

Request DefaultHttpRequest(decodeResult: success, version: HTTP/1.1)
POST /session/72e97709834f037792b96f66725a3b6f/element HTTP/1.1
User-Agent: selenium/4.1.2 (java windows)
Content-Length: 104
Content-Type: application/json; charset=utf-8
host: localhost:62985
accept: */*

Response DefaultHttpResponse(decodeResult: success, version: HTTP/1.1)
HTTP/1.1 200 OK
Content-Type: application/json; charset=utf-8
cache-control: no-cache
content-length: 88

17:25:26.927 [AsyncHttpClient-1-9] DEBUG org.asynchttpclient.netty.channel.ChannelManager - Adding key: http://localhost:62985 for channel [id: 0xdcb9f535, L:/127.0.0.1:60151 - R:localhost/127.0.0.1:62985]
17:25:26.928 [Forwarding clickElement on session 72e97709834f037792b96f66725a3b6f to remote] DEBUG org.asynchttpclient.netty.request.NettyRequestSender - Using pooled Channel '[id: 0xdcb9f535, L:/127.0.0.1:60151 - R:localhost/127.0.0.1:62985]' for 'POST' to 'http://localhost:62985/session/72e97709834f037792b96f66725a3b6f/element/232c2472-a12d-45ef-a38d-6b9ef6c41002/click'
17:25:26.928 [Forwarding clickElement on session 72e97709834f037792b96f66725a3b6f to remote] DEBUG org.asynchttpclient.netty.request.NettyRequestSender - Using open Channel [id: 0xdcb9f535, L:/127.0.0.1:60151 - R:localhost/127.0.0.1:62985] for POST '/session/72e97709834f037792b96f66725a3b6f/element/232c2472-a12d-45ef-a38d-6b9ef6c41002/click'
17:25:26.945 [AsyncHttpClient-1-1] DEBUG org.asynchttpclient.netty.channel.DefaultChannelPool - Entry count for : http://localhost:60152 : 1
17:25:27.010 [AsyncHttpClient-1-9] DEBUG org.asynchttpclient.netty.handler.HttpHandler - 

Request DefaultHttpRequest(decodeResult: success, version: HTTP/1.1)
POST /session/72e97709834f037792b96f66725a3b6f/element/232c2472-a12d-45ef-a38d-6b9ef6c41002/click HTTP/1.1
User-Agent: selenium/4.1.2 (java windows)
Content-Length: 50
Content-Type: application/json; charset=utf-8
host: localhost:62985
accept: */*

Response DefaultHttpResponse(decodeResult: success, version: HTTP/1.1)
HTTP/1.1 200 OK
Content-Type: application/json; charset=utf-8
cache-control: no-cache
content-length: 14

17:25:27.011 [AsyncHttpClient-1-9] DEBUG org.asynchttpclient.netty.channel.ChannelManager - Adding key: http://localhost:62985 for channel [id: 0xdcb9f535, L:/127.0.0.1:60151 - R:localhost/127.0.0.1:62985]
17:25:27.020 [Forwarding screenshot on session 72e97709834f037792b96f66725a3b6f to remote] DEBUG org.asynchttpclient.netty.request.NettyRequestSender - Using pooled Channel '[id: 0xdcb9f535, L:/127.0.0.1:60151 - R:localhost/127.0.0.1:62985]' for 'GET' to 'http://localhost:62985/session/72e97709834f037792b96f66725a3b6f/screenshot'
17:25:27.020 [Forwarding screenshot on session 72e97709834f037792b96f66725a3b6f to remote] DEBUG org.asynchttpclient.netty.request.NettyRequestSender - Using open Channel [id: 0xdcb9f535, L:/127.0.0.1:60151 - R:localhost/127.0.0.1:62985] for GET '/session/72e97709834f037792b96f66725a3b6f/screenshot'
17:25:27.175 [AsyncHttpClient-1-9] DEBUG org.asynchttpclient.netty.handler.HttpHandler - 

Request DefaultFullHttpRequest(decodeResult: success, version: HTTP/1.1, content: EmptyByteBufBE)
GET /session/72e97709834f037792b96f66725a3b6f/screenshot HTTP/1.1
User-Agent: selenium/4.1.2 (java windows)
Cache-Control: no-cache
Content-Type: application/json; charset=utf-8
host: localhost:62985
accept: */*

Response DefaultHttpResponse(decodeResult: success, version: HTTP/1.1)
HTTP/1.1 200 OK
Content-Type: application/json; charset=utf-8
cache-control: no-cache
content-length: 98660

17:25:27.176 [AsyncHttpClient-1-9] DEBUG org.asynchttpclient.netty.channel.ChannelManager - Adding key: http://localhost:62985 for channel [id: 0xdcb9f535, L:/127.0.0.1:60151 - R:localhost/127.0.0.1:62985]
17:25:27.184 [main] DEBUG net.serenitybdd.core.photography.Darkroom - Send negative for processing for target\site\serenity\f83888fe4f63f841e58feb00643d469b0167ce0596e31f40d7cc81532e7ae571.png
17:25:27.185 [main] DEBUG net.thucydides.core.steps.StepInterceptor - STEP DONE: clickDeleteAppointmentButton
  &amp#27;[32mAnd &amp#27;[0m&amp#27;[32mI click the Appointment delete button&amp#27;[0m   &amp#27;[90m# starter.stepdefinitions.AppointmentSteps.iClickTheDeleteButton()&amp#27;[0m
17:25:27.185 [Darkroom Processing Line] DEBUG net.serenitybdd.core.photography.DarkroomProcessingLine - Processing screenshot image in /var/screenshots/screenshot-13143055360182228086
17:25:27.185 [Darkroom Processing Line] DEBUG net.serenitybdd.core.photography.DarkroomProcessingLine - Saving screenshot to target\site\serenity\f83888fe4f63f841e58feb00643d469b0167ce0596e31f40d7cc81532e7ae571.png
17:25:27.202 [main] DEBUG net.thucydides.core.steps.StepInterceptor - STARTING STEP: AppointmentSteps.iValidateAppointmentSuccessDeleted - appointmentDeleted
17:25:27.204 [Forwarding findElement on session 72e97709834f037792b96f66725a3b6f to remote] DEBUG org.asynchttpclient.netty.request.NettyRequestSender - Using pooled Channel '[id: 0xdcb9f535, L:/127.0.0.1:60151 - R:localhost/127.0.0.1:62985]' for 'POST' to 'http://localhost:62985/session/72e97709834f037792b96f66725a3b6f/element'
17:25:27.205 [Forwarding findElement on session 72e97709834f037792b96f66725a3b6f to remote] DEBUG org.asynchttpclient.netty.request.NettyRequestSender - Using open Channel [id: 0xdcb9f535, L:/127.0.0.1:60151 - R:localhost/127.0.0.1:62985] for POST '/session/72e97709834f037792b96f66725a3b6f/element'
17:25:27.224 [AsyncHttpClient-1-9] DEBUG org.asynchttpclient.netty.handler.HttpHandler - 

Request DefaultHttpRequest(decodeResult: success, version: HTTP/1.1)
POST /session/72e97709834f037792b96f66725a3b6f/element HTTP/1.1
User-Agent: selenium/4.1.2 (java windows)
Content-Length: 89
Content-Type: application/json; charset=utf-8
host: localhost:62985
accept: */*

Response DefaultHttpResponse(decodeResult: success, version: HTTP/1.1)
HTTP/1.1 200 OK
Content-Type: application/json; charset=utf-8
cache-control: no-cache
content-length: 88

17:25:27.224 [AsyncHttpClient-1-9] DEBUG org.asynchttpclient.netty.channel.ChannelManager - Adding key: http://localhost:62985 for channel [id: 0xdcb9f535, L:/127.0.0.1:60151 - R:localhost/127.0.0.1:62985]
17:25:27.232 [Forwarding isElementDisplayed on session 72e97709834f037792b96f66725a3b6f to remote] DEBUG org.asynchttpclient.netty.request.NettyRequestSender - Using pooled Channel '[id: 0xdcb9f535, L:/127.0.0.1:60151 - R:localhost/127.0.0.1:62985]' for 'POST' to 'http://localhost:62985/session/72e97709834f037792b96f66725a3b6f/execute/sync'
17:25:27.232 [Forwarding isElementDisplayed on session 72e97709834f037792b96f66725a3b6f to remote] DEBUG org.asynchttpclient.netty.request.NettyRequestSender - Using open Channel [id: 0xdcb9f535, L:/127.0.0.1:60151 - R:localhost/127.0.0.1:62985] for POST '/session/72e97709834f037792b96f66725a3b6f/execute/sync'
17:25:27.256 [AsyncHttpClient-1-9] DEBUG org.asynchttpclient.netty.handler.HttpHandler - 

Request DefaultHttpRequest(decodeResult: success, version: HTTP/1.1)
POST /session/72e97709834f037792b96f66725a3b6f/execute/sync HTTP/1.1
User-Agent: selenium/4.1.2 (java windows)
Content-Length: 48780
Content-Type: application/json; charset=utf-8
host: localhost:62985
accept: */*

Response DefaultHttpResponse(decodeResult: success, version: HTTP/1.1)
HTTP/1.1 200 OK
Content-Type: application/json; charset=utf-8
cache-control: no-cache
content-length: 14

17:25:27.256 [AsyncHttpClient-1-9] DEBUG org.asynchttpclient.netty.channel.ChannelManager - Adding key: http://localhost:62985 for channel [id: 0xdcb9f535, L:/127.0.0.1:60151 - R:localhost/127.0.0.1:62985]
17:25:27.262 [Forwarding screenshot on session 72e97709834f037792b96f66725a3b6f to remote] DEBUG org.asynchttpclient.netty.request.NettyRequestSender - Using pooled Channel '[id: 0xdcb9f535, L:/127.0.0.1:60151 - R:localhost/127.0.0.1:62985]' for 'GET' to 'http://localhost:62985/session/72e97709834f037792b96f66725a3b6f/screenshot'
17:25:27.263 [Forwarding screenshot on session 72e97709834f037792b96f66725a3b6f to remote] DEBUG org.asynchttpclient.netty.request.NettyRequestSender - Using open Channel [id: 0xdcb9f535, L:/127.0.0.1:60151 - R:localhost/127.0.0.1:62985] for GET '/session/72e97709834f037792b96f66725a3b6f/screenshot'
17:25:27.393 [AsyncHttpClient-1-9] DEBUG org.asynchttpclient.netty.handler.HttpHandler - 

Request DefaultFullHttpRequest(decodeResult: success, version: HTTP/1.1, content: EmptyByteBufBE)
GET /session/72e97709834f037792b96f66725a3b6f/screenshot HTTP/1.1
User-Agent: selenium/4.1.2 (java windows)
Cache-Control: no-cache
Content-Type: application/json; charset=utf-8
host: localhost:62985
accept: */*

Response DefaultHttpResponse(decodeResult: success, version: HTTP/1.1)
HTTP/1.1 200 OK
Content-Type: application/json; charset=utf-8
cache-control: no-cache
content-length: 98872

17:25:27.394 [AsyncHttpClient-1-9] DEBUG org.asynchttpclient.netty.channel.ChannelManager - Adding key: http://localhost:62985 for channel [id: 0xdcb9f535, L:/127.0.0.1:60151 - R:localhost/127.0.0.1:62985]
17:25:27.399 [main] DEBUG net.serenitybdd.core.photography.Darkroom - Send negative for processing for target\site\serenity\64cc7f7afb9a4977d5d831feda3bd215161856edad5edfdecd1ab54a93811fc1.png
17:25:27.399 [main] DEBUG net.thucydides.core.steps.StepInterceptor - STEP DONE: appointmentDeleted
  &amp#27;[32mThen &amp#27;[0m&amp#27;[32mI validate Appointment success deleted&amp#27;[0m &amp#27;[90m# starter.stepdefinitions.AppointmentSteps.iValidateAppointmentSuccessDeleted()&amp#27;[0m
17:25:27.399 [Darkroom Processing Line] DEBUG net.serenitybdd.core.photography.DarkroomProcessingLine - Processing screenshot image in /var/screenshots/screenshot-5026640461306814661
17:25:27.400 [Darkroom Processing Line] DEBUG net.serenitybdd.core.photography.DarkroomProcessingLine - Saving screenshot to target\site\serenity\64cc7f7afb9a4977d5d831feda3bd215161856edad5edfdecd1ab54a93811fc1.png
17:25:27.406 [main] INFO  - 
  _____   ___   ___   _____     ___     _     ___   ___   ___   ___  
 |_   _| | __| / __| |_   _|   | _ \   /_\   / __| / __| | __| |   \ 
   | |   | _|  \__ \   | |     |  _/  / _ \  \__ \ \__ \ | _|  | |) |
   |_|   |___| |___/   |_|     |_|   /_/ \_\ |___/ |___/ |___| |___/ 

Delete Appointment Data Scenario
----------------------------------------------------------------------
17:25:27.408 [AsyncHttpClient-1-3] DEBUG org.asynchttpclient.netty.handler.WebSocketHandler - Channel Closed: [id: 0x6989d017, L:/127.0.0.1:60158 ! R:localhost/127.0.0.1:60152] with attribute NettyResponseFuture{currentRetry=5,
	isDone=1,
	isCancelled=0,
	asyncHandler=org.asynchttpclient.ws.WebSocketUpgradeHandler@2568b42c,
	nettyRequest=org.asynchttpclient.netty.request.NettyRequest@16744142,
	future=java.util.concurrent.CompletableFuture@4b5d2084[Completed normally],
	uri=ws://localhost:60152/devtools/browser/4622ff43-d157-40e8-9e23-4ec46d2fedc9,
	keepAlive=true,
	redirectCount=0,
	timeoutsHolder=null,
	inAuth=0,
	touch=1655375119862}
17:25:27.408 [AsyncHttpClient-1-3] DEBUG org.asynchttpclient.netty.channel.ChannelManager - Closing Channel [id: 0x6989d017, L:/127.0.0.1:60158 ! R:localhost/127.0.0.1:60152] 
17:25:27.409 [Driver Command Executor] DEBUG org.asynchttpclient.netty.request.NettyRequestSender - Using pooled Channel '[id: 0xdcb9f535, L:/127.0.0.1:60151 - R:localhost/127.0.0.1:62985]' for 'DELETE' to 'http://localhost:62985/session/72e97709834f037792b96f66725a3b6f'
17:25:27.409 [Driver Command Executor] DEBUG org.asynchttpclient.netty.request.NettyRequestSender - Using open Channel [id: 0xdcb9f535, L:/127.0.0.1:60151 - R:localhost/127.0.0.1:62985] for DELETE '/session/72e97709834f037792b96f66725a3b6f'
17:25:27.441 [AsyncHttpClient-1-2] DEBUG org.asynchttpclient.netty.handler.HttpHandler - Unexpected I/O exception on channel [id: 0x5bf82166, L:/127.0.0.1:60157 - R:localhost/127.0.0.1:60152]
java.net.SocketException: Connection reset
	at java.base/sun.nio.ch.SocketChannelImpl.throwConnectionReset(SocketChannelImpl.java:367)
	at java.base/sun.nio.ch.SocketChannelImpl.read(SocketChannelImpl.java:398)
	at io.netty.buffer.PooledByteBuf.setBytes(PooledByteBuf.java:258)
	at io.netty.buffer.AbstractByteBuf.writeBytes(AbstractByteBuf.java:1132)
	at io.netty.channel.socket.nio.NioSocketChannel.doReadBytes(NioSocketChannel.java:350)
	at io.netty.channel.nio.AbstractNioByteChannel$NioByteUnsafe.read(AbstractNioByteChannel.java:151)
	at io.netty.channel.nio.NioEventLoop.processSelectedKey(NioEventLoop.java:722)
	at io.netty.channel.nio.NioEventLoop.processSelectedKeysOptimized(NioEventLoop.java:658)
	at io.netty.channel.nio.NioEventLoop.processSelectedKeys(NioEventLoop.java:584)
	at io.netty.channel.nio.NioEventLoop.run(NioEventLoop.java:496)
	at io.netty.util.concurrent.SingleThreadEventExecutor$4.run(SingleThreadEventExecutor.java:986)
	at io.netty.util.internal.ThreadExecutorMap$2.run(ThreadExecutorMap.java:74)
	at io.netty.util.concurrent.FastThreadLocalRunnable.run(FastThreadLocalRunnable.java:30)
	at java.base/java.lang.Thread.run(Thread.java:832)
17:25:27.441 [AsyncHttpClient-1-2] DEBUG org.asynchttpclient.netty.channel.ChannelManager - Closing Channel [id: 0x5bf82166, L:/127.0.0.1:60157 - R:localhost/127.0.0.1:60152] 
17:25:27.442 [AsyncHttpClient-1-2] DEBUG org.asynchttpclient.netty.handler.HttpHandler - Channel Closed: [id: 0x5bf82166, L:/127.0.0.1:60157 ! R:localhost/127.0.0.1:60152] with attribute DISCARD
17:25:27.488 [AsyncHttpClient-1-9] DEBUG org.asynchttpclient.netty.handler.HttpHandler - 

Request DefaultFullHttpRequest(decodeResult: success, version: HTTP/1.1, content: EmptyByteBufBE)
DELETE /session/72e97709834f037792b96f66725a3b6f HTTP/1.1
User-Agent: selenium/4.1.2 (java windows)
Content-Type: application/json; charset=utf-8
host: localhost:62985
accept: */*

Response DefaultHttpResponse(decodeResult: success, version: HTTP/1.1)
HTTP/1.1 200 OK
Content-Type: application/json; charset=utf-8
cache-control: no-cache
content-length: 14

17:25:27.489 [AsyncHttpClient-1-9] DEBUG org.asynchttpclient.netty.channel.ChannelManager - Adding key: http://localhost:62985 for channel [id: 0xdcb9f535, L:/127.0.0.1:60151 - R:localhost/127.0.0.1:62985]
17:25:27.651 [AsyncHttpClient-1-9] DEBUG org.asynchttpclient.netty.handler.HttpHandler - Channel Closed: [id: 0xdcb9f535, L:/127.0.0.1:60151 ! R:localhost/127.0.0.1:62985] with attribute DISCARD
17:25:28.042 [AsyncHttpClient-1-1] DEBUG org.asynchttpclient.netty.channel.DefaultChannelPool - Entry count for : http://localhost:60152 : 1
17:25:28.042 [AsyncHttpClient-1-1] DEBUG org.asynchttpclient.netty.channel.DefaultChannelPool - Entry count for : http://localhost:62985 : 1
17:25:28.042 [AsyncHttpClient-1-1] DEBUG org.asynchttpclient.netty.channel.DefaultChannelPool - Adding Candidate expired Channel [id: 0x5bf82166, L:/127.0.0.1:60157 ! R:localhost/127.0.0.1:60152] isIdleTimeoutExpired=false isRemotelyClosed=true isTtlExpired=false
17:25:28.042 [AsyncHttpClient-1-1] DEBUG org.asynchttpclient.netty.channel.DefaultChannelPool - Closing Idle Channel [id: 0x5bf82166, L:/127.0.0.1:60157 ! R:localhost/127.0.0.1:60152]
17:25:28.042 [AsyncHttpClient-1-1] DEBUG org.asynchttpclient.netty.channel.DefaultChannelPool - Adding Candidate expired Channel [id: 0xdcb9f535, L:/127.0.0.1:60151 ! R:localhost/127.0.0.1:62985] isIdleTimeoutExpired=false isRemotelyClosed=true isTtlExpired=false
17:25:28.042 [AsyncHttpClient-1-1] DEBUG org.asynchttpclient.netty.channel.DefaultChannelPool - Closing Idle Channel [id: 0xdcb9f535, L:/127.0.0.1:60151 ! R:localhost/127.0.0.1:62985]
17:25:28.042 [AsyncHttpClient-1-1] DEBUG org.asynchttpclient.netty.channel.DefaultChannelPool - Closed 2 connections out of 2 in 0 ms
]]></system-out>
    <system-err><![CDATA[Starting ChromeDriver 102.0.5005.61 (0e59bcc00cc4985ce39ad31c150065f159d95ad3-refs/branch-heads/5005@{#819}) on port 62985
Only local connections are allowed.
Please see https://chromedriver.chromium.org/security-considerations for suggestions on keeping ChromeDriver safe.
ChromeDriver was started successfully.
Jun 16, 2022 5:25:19 PM org.openqa.selenium.remote.ProtocolHandshake createSession
INFO: Detected dialect: W3C
Jun 16, 2022 5:25:19 PM org.openqa.selenium.devtools.CdpVersionFinder findNearestMatch
WARNING: Unable to find an exact match for CDP version 102, so returning the closest version found: a no-op implementation
Jun 16, 2022 5:25:19 PM org.openqa.selenium.devtools.CdpVersionFinder findNearestMatch
INFO: Unable to find CDP implementation matching 102.
Jun 16, 2022 5:25:19 PM org.openqa.selenium.chromium.ChromiumDriver lambda$new$3
WARNING: Unable to find version of CDP to use for . You may need to include a dependency on a specific version of the CDP using something similar to `org.seleniumhq.selenium:selenium-devtools-v86:4.1.2` where the version ("v86") matches the version of the chromium-based browser you're using and the version number of the artifact is the same as Selenium's.
]]></system-err>
  </testcase>
  <testcase name="Cancel Delete Appointment Data Scenario" classname="Appointment" time="13.8">
    <system-out><![CDATA[
@Appointment
Scenario: Cancel Delete Appointment Data Scenario &amp#27;[90m# src/test/resources/features/1.Appointment.feature:52&amp#27;[0m
17:25:28.194 [main] INFO io.cucumber.core.plugin.SerenityReporter - Running feature from file:///E:/My%20Documents/File%20Difa/TI%20Semester%206%20Kampus%20Merdeka%20Alterra/Tugas/CAPSTONE%20Project/Capstone-Project-Website/src/test/resources/features/1.Appointment.feature
17:25:28.199 [main] INFO  - 
  _____   ___   ___   _____     ___   _____     _     ___   _____   ___   ___  
 |_   _| | __| / __| |_   _|   / __| |_   _|   /_\   | _ \ |_   _| | __| |   \ 
   | |   | _|  \__ \   | |     \__ \   | |    / _ \  |   /   | |   | _|  | |) |
   |_|   |___| |___/   |_|     |___/   |_|   /_/ \_\ |_|_\   |_|   |___| |___/ 

Cancel Delete Appointment Data Scenario(appointment;cancel-delete-appointment-data-scenario)
--------------------------------------------------------------------------------
17:25:28.224 [main] DEBUG net.thucydides.core.steps.StepInterceptor - STARTING STEP: DashboardSteps.iAmOnTheDashboardPage - openUrl
17:25:28.227 [main] INFO net.serenitybdd.core.webdriver.driverproviders.ChromeDriverProvider - Using automatically driver download
17:25:28.408 [main] DEBUG io.github.bonigarcia.wdm.cache.ResolutionCache - Resolution chrome=102 in cache (valid until 18:07:22 16/06/2022 ICT)
17:25:28.411 [main] DEBUG io.github.bonigarcia.wdm.cache.ResolutionCache - Resolution chrome102=102.0.5005.61 in cache (valid until 15:56:01 17/06/2022 ICT)
17:25:28.413 [main] INFO io.github.bonigarcia.wdm.WebDriverManager - Using chromedriver 102.0.5005.61 (resolved driver for Chrome 102)
17:25:28.424 [main] DEBUG io.github.bonigarcia.wdm.WebDriverManager - Driver chromedriver 102.0.5005.61 found in cache
17:25:28.425 [main] INFO io.github.bonigarcia.wdm.WebDriverManager - Exporting webdriver.chrome.driver as C:\Users\USER\.cache\selenium\chromedriver\win32\102.0.5005.61\chromedriver.exe
17:25:28.575 [main] DEBUG net.serenitybdd.core.webdriver.driverproviders.ProvideNewDriver - Instantiating driver
17:25:28.576 [main] DEBUG net.serenitybdd.core.webdriver.driverproviders.ProvideNewDriver - Driver capabilities: Capabilities {acceptInsecureCerts: false, base.url: https://hospital-management..., browserName: chrome, chrome.driver: src/test/resources/webdrive..., driver: chrome, goog:chromeOptions: {args: [], extensions: []}}
17:25:29.118 [AsyncHttpClient-1-4] DEBUG org.asynchttpclient.netty.channel.NettyConnectListener - Using new Channel '[id: 0xabca1d4f, L:/127.0.0.1:60176 - R:localhost/127.0.0.1:59259]' for 'POST' to '/session'
17:25:30.599 [AsyncHttpClient-1-4] DEBUG org.asynchttpclient.netty.handler.HttpHandler - 

Request DefaultHttpRequest(decodeResult: success, version: HTTP/1.1)
POST /session HTTP/1.1
User-Agent: selenium/4.1.2 (java windows)
Content-Length: 621
Content-Type: application/json; charset=utf-8
host: localhost:59259
accept: */*

Response DefaultHttpResponse(decodeResult: success, version: HTTP/1.1)
HTTP/1.1 200 OK
Content-Type: application/json; charset=utf-8
cache-control: no-cache
content-length: 788

17:25:30.600 [AsyncHttpClient-1-4] DEBUG org.asynchttpclient.netty.channel.ChannelManager - Adding key: http://localhost:59259 for channel [id: 0xabca1d4f, L:/127.0.0.1:60176 - R:localhost/127.0.0.1:59259]
17:25:30.610 [AsyncHttpClient-1-5] DEBUG org.asynchttpclient.netty.channel.NettyConnectListener - Using new Channel '[id: 0x0f7d4e04, L:/127.0.0.1:60182 - R:localhost/127.0.0.1:60177]' for 'GET' to '/json/version'
17:25:30.611 [AsyncHttpClient-1-5] DEBUG org.asynchttpclient.netty.handler.HttpHandler - 

Request DefaultFullHttpRequest(decodeResult: success, version: HTTP/1.1, content: EmptyByteBufBE)
GET /json/version HTTP/1.1
User-Agent: selenium/4.1.2 (java windows)
host: localhost:60177
accept: */*

Response DefaultHttpResponse(decodeResult: success, version: HTTP/1.1)
HTTP/1.1 200 OK
Content-Type: application/json; charset=UTF-8
content-length: 427

17:25:30.611 [AsyncHttpClient-1-5] DEBUG org.asynchttpclient.netty.channel.ChannelManager - Adding key: http://localhost:60177 for channel [id: 0x0f7d4e04, L:/127.0.0.1:60182 - R:localhost/127.0.0.1:60177]
17:25:30.613 [AsyncHttpClient-1-6] DEBUG org.asynchttpclient.netty.channel.NettyConnectListener - Using new Channel '[id: 0x7b1f7ea4, L:/127.0.0.1:60183 - R:localhost/127.0.0.1:60177]' for 'GET' to '/devtools/browser/53b84b20-3146-4d24-a4bf-c2e44e4c4e4d'
17:25:30.616 [AsyncHttpClient-1-6] DEBUG org.asynchttpclient.netty.handler.WebSocketHandler - 

Request DefaultFullHttpRequest(decodeResult: success, version: HTTP/1.1, content: EmptyByteBufBE)
GET /devtools/browser/53b84b20-3146-4d24-a4bf-c2e44e4c4e4d HTTP/1.1
upgrade: websocket
connection: upgrade
sec-websocket-key: J9MQNap/ohfycYdnV3d9fA==
sec-websocket-version: 13
origin: http://localhost:60177
host: localhost:60177
accept: */*
user-agent: AHC/2.1

Response DefaultHttpResponse(decodeResult: success, version: HTTP/1.1)
HTTP/1.1 101 WebSocket Protocol Handshake
Upgrade: WebSocket
Connection: Upgrade
Sec-WebSocket-Accept: 0b30cbM9hDRa+IXWYoRAz0j5o5A=

17:25:30.621 [Forwarding maximizeCurrentWindow on session 77c133e2a5fff6d29220adfdcc43e4b2 to remote] DEBUG org.asynchttpclient.netty.request.NettyRequestSender - Using pooled Channel '[id: 0xabca1d4f, L:/127.0.0.1:60176 - R:localhost/127.0.0.1:59259]' for 'POST' to 'http://localhost:59259/session/77c133e2a5fff6d29220adfdcc43e4b2/window/maximize'
17:25:30.621 [Forwarding maximizeCurrentWindow on session 77c133e2a5fff6d29220adfdcc43e4b2 to remote] DEBUG org.asynchttpclient.netty.request.NettyRequestSender - Using open Channel [id: 0xabca1d4f, L:/127.0.0.1:60176 - R:localhost/127.0.0.1:59259] for POST '/session/77c133e2a5fff6d29220adfdcc43e4b2/window/maximize'
17:25:30.737 [AsyncHttpClient-1-4] DEBUG org.asynchttpclient.netty.handler.HttpHandler - 

Request DefaultHttpRequest(decodeResult: success, version: HTTP/1.1)
POST /session/77c133e2a5fff6d29220adfdcc43e4b2/window/maximize HTTP/1.1
User-Agent: selenium/4.1.2 (java windows)
Content-Length: 3
Content-Type: application/json; charset=utf-8
host: localhost:59259
accept: */*

Response DefaultHttpResponse(decodeResult: success, version: HTTP/1.1)
HTTP/1.1 200 OK
Content-Type: application/json; charset=utf-8
cache-control: no-cache
content-length: 51

17:25:30.737 [AsyncHttpClient-1-4] DEBUG org.asynchttpclient.netty.channel.ChannelManager - Adding key: http://localhost:59259 for channel [id: 0xabca1d4f, L:/127.0.0.1:60176 - R:localhost/127.0.0.1:59259]
17:25:30.738 [Forwarding get on session 77c133e2a5fff6d29220adfdcc43e4b2 to remote] DEBUG org.asynchttpclient.netty.request.NettyRequestSender - Using pooled Channel '[id: 0xabca1d4f, L:/127.0.0.1:60176 - R:localhost/127.0.0.1:59259]' for 'POST' to 'http://localhost:59259/session/77c133e2a5fff6d29220adfdcc43e4b2/url'
17:25:30.738 [Forwarding get on session 77c133e2a5fff6d29220adfdcc43e4b2 to remote] DEBUG org.asynchttpclient.netty.request.NettyRequestSender - Using open Channel [id: 0xabca1d4f, L:/127.0.0.1:60176 - R:localhost/127.0.0.1:59259] for POST '/session/77c133e2a5fff6d29220adfdcc43e4b2/url'
17:25:31.342 [AsyncHttpClient-1-1] DEBUG org.asynchttpclient.netty.channel.DefaultChannelPool - Entry count for : http://localhost:60177 : 1
17:25:32.443 [AsyncHttpClient-1-1] DEBUG org.asynchttpclient.netty.channel.DefaultChannelPool - Entry count for : http://localhost:60177 : 1
17:25:33.544 [AsyncHttpClient-1-1] DEBUG org.asynchttpclient.netty.channel.DefaultChannelPool - Entry count for : http://localhost:60177 : 1
17:25:34.643 [AsyncHttpClient-1-1] DEBUG org.asynchttpclient.netty.channel.DefaultChannelPool - Entry count for : http://localhost:60177 : 1
17:25:35.742 [AsyncHttpClient-1-1] DEBUG org.asynchttpclient.netty.channel.DefaultChannelPool - Entry count for : http://localhost:60177 : 1
17:25:36.736 [AsyncHttpClient-1-4] DEBUG org.asynchttpclient.netty.handler.HttpHandler - 

Request DefaultHttpRequest(decodeResult: success, version: HTTP/1.1)
POST /session/77c133e2a5fff6d29220adfdcc43e4b2/url HTTP/1.1
User-Agent: selenium/4.1.2 (java windows)
Content-Length: 65
Content-Type: application/json; charset=utf-8
host: localhost:59259
accept: */*

Response DefaultHttpResponse(decodeResult: success, version: HTTP/1.1)
HTTP/1.1 200 OK
Content-Type: application/json; charset=utf-8
cache-control: no-cache
content-length: 14

17:25:36.736 [AsyncHttpClient-1-4] DEBUG org.asynchttpclient.netty.channel.ChannelManager - Adding key: http://localhost:59259 for channel [id: 0xabca1d4f, L:/127.0.0.1:60176 - R:localhost/127.0.0.1:59259]
17:25:36.738 [Forwarding setTimeout on session 77c133e2a5fff6d29220adfdcc43e4b2 to remote] DEBUG org.asynchttpclient.netty.request.NettyRequestSender - Using pooled Channel '[id: 0xabca1d4f, L:/127.0.0.1:60176 - R:localhost/127.0.0.1:59259]' for 'POST' to 'http://localhost:59259/session/77c133e2a5fff6d29220adfdcc43e4b2/timeouts'
17:25:36.739 [Forwarding setTimeout on session 77c133e2a5fff6d29220adfdcc43e4b2 to remote] DEBUG org.asynchttpclient.netty.request.NettyRequestSender - Using open Channel [id: 0xabca1d4f, L:/127.0.0.1:60176 - R:localhost/127.0.0.1:59259] for POST '/session/77c133e2a5fff6d29220adfdcc43e4b2/timeouts'
17:25:36.740 [AsyncHttpClient-1-4] DEBUG org.asynchttpclient.netty.handler.HttpHandler - 

Request DefaultHttpRequest(decodeResult: success, version: HTTP/1.1)
POST /session/77c133e2a5fff6d29220adfdcc43e4b2/timeouts HTTP/1.1
User-Agent: selenium/4.1.2 (java windows)
Content-Length: 22
Content-Type: application/json; charset=utf-8
host: localhost:59259
accept: */*

Response DefaultHttpResponse(decodeResult: success, version: HTTP/1.1)
HTTP/1.1 200 OK
Content-Type: application/json; charset=utf-8
cache-control: no-cache
content-length: 14

17:25:36.740 [AsyncHttpClient-1-4] DEBUG org.asynchttpclient.netty.channel.ChannelManager - Adding key: http://localhost:59259 for channel [id: 0xabca1d4f, L:/127.0.0.1:60176 - R:localhost/127.0.0.1:59259]
17:25:36.746 [Forwarding getCurrentUrl on session 77c133e2a5fff6d29220adfdcc43e4b2 to remote] DEBUG org.asynchttpclient.netty.request.NettyRequestSender - Using pooled Channel '[id: 0xabca1d4f, L:/127.0.0.1:60176 - R:localhost/127.0.0.1:59259]' for 'GET' to 'http://localhost:59259/session/77c133e2a5fff6d29220adfdcc43e4b2/url'
17:25:36.746 [Forwarding getCurrentUrl on session 77c133e2a5fff6d29220adfdcc43e4b2 to remote] DEBUG org.asynchttpclient.netty.request.NettyRequestSender - Using open Channel [id: 0xabca1d4f, L:/127.0.0.1:60176 - R:localhost/127.0.0.1:59259] for GET '/session/77c133e2a5fff6d29220adfdcc43e4b2/url'
17:25:36.753 [AsyncHttpClient-1-4] DEBUG org.asynchttpclient.netty.handler.HttpHandler - 

Request DefaultFullHttpRequest(decodeResult: success, version: HTTP/1.1, content: EmptyByteBufBE)
GET /session/77c133e2a5fff6d29220adfdcc43e4b2/url HTTP/1.1
User-Agent: selenium/4.1.2 (java windows)
Cache-Control: no-cache
Content-Type: application/json; charset=utf-8
host: localhost:59259
accept: */*

Response DefaultHttpResponse(decodeResult: success, version: HTTP/1.1)
HTTP/1.1 200 OK
Content-Type: application/json; charset=utf-8
cache-control: no-cache
content-length: 53

17:25:36.753 [AsyncHttpClient-1-4] DEBUG org.asynchttpclient.netty.channel.ChannelManager - Adding key: http://localhost:59259 for channel [id: 0xabca1d4f, L:/127.0.0.1:60176 - R:localhost/127.0.0.1:59259]
17:25:36.756 [Forwarding getCurrentUrl on session 77c133e2a5fff6d29220adfdcc43e4b2 to remote] DEBUG org.asynchttpclient.netty.request.NettyRequestSender - Using pooled Channel '[id: 0xabca1d4f, L:/127.0.0.1:60176 - R:localhost/127.0.0.1:59259]' for 'GET' to 'http://localhost:59259/session/77c133e2a5fff6d29220adfdcc43e4b2/url'
17:25:36.756 [Forwarding getCurrentUrl on session 77c133e2a5fff6d29220adfdcc43e4b2 to remote] DEBUG org.asynchttpclient.netty.request.NettyRequestSender - Using open Channel [id: 0xabca1d4f, L:/127.0.0.1:60176 - R:localhost/127.0.0.1:59259] for GET '/session/77c133e2a5fff6d29220adfdcc43e4b2/url'
17:25:36.761 [AsyncHttpClient-1-4] DEBUG org.asynchttpclient.netty.handler.HttpHandler - 

Request DefaultFullHttpRequest(decodeResult: success, version: HTTP/1.1, content: EmptyByteBufBE)
GET /session/77c133e2a5fff6d29220adfdcc43e4b2/url HTTP/1.1
User-Agent: selenium/4.1.2 (java windows)
Cache-Control: no-cache
Content-Type: application/json; charset=utf-8
host: localhost:59259
accept: */*

Response DefaultHttpResponse(decodeResult: success, version: HTTP/1.1)
HTTP/1.1 200 OK
Content-Type: application/json; charset=utf-8
cache-control: no-cache
content-length: 53

17:25:36.761 [AsyncHttpClient-1-4] DEBUG org.asynchttpclient.netty.channel.ChannelManager - Adding key: http://localhost:59259 for channel [id: 0xabca1d4f, L:/127.0.0.1:60176 - R:localhost/127.0.0.1:59259]
17:25:36.768 [Forwarding screenshot on session 77c133e2a5fff6d29220adfdcc43e4b2 to remote] DEBUG org.asynchttpclient.netty.request.NettyRequestSender - Using pooled Channel '[id: 0xabca1d4f, L:/127.0.0.1:60176 - R:localhost/127.0.0.1:59259]' for 'GET' to 'http://localhost:59259/session/77c133e2a5fff6d29220adfdcc43e4b2/screenshot'
17:25:36.768 [Forwarding screenshot on session 77c133e2a5fff6d29220adfdcc43e4b2 to remote] DEBUG org.asynchttpclient.netty.request.NettyRequestSender - Using open Channel [id: 0xabca1d4f, L:/127.0.0.1:60176 - R:localhost/127.0.0.1:59259] for GET '/session/77c133e2a5fff6d29220adfdcc43e4b2/screenshot'
17:25:36.841 [AsyncHttpClient-1-1] DEBUG org.asynchttpclient.netty.channel.DefaultChannelPool - Entry count for : http://localhost:60177 : 1
17:25:37.022 [AsyncHttpClient-1-4] DEBUG org.asynchttpclient.netty.handler.HttpHandler - 

Request DefaultFullHttpRequest(decodeResult: success, version: HTTP/1.1, content: EmptyByteBufBE)
GET /session/77c133e2a5fff6d29220adfdcc43e4b2/screenshot HTTP/1.1
User-Agent: selenium/4.1.2 (java windows)
Cache-Control: no-cache
Content-Type: application/json; charset=utf-8
host: localhost:59259
accept: */*

Response DefaultHttpResponse(decodeResult: success, version: HTTP/1.1)
HTTP/1.1 200 OK
Content-Type: application/json; charset=utf-8
cache-control: no-cache
content-length: 385992

17:25:37.025 [AsyncHttpClient-1-4] DEBUG org.asynchttpclient.netty.channel.ChannelManager - Adding key: http://localhost:59259 for channel [id: 0xabca1d4f, L:/127.0.0.1:60176 - R:localhost/127.0.0.1:59259]
17:25:37.048 [main] DEBUG net.serenitybdd.core.photography.Darkroom - Send negative for processing for target\site\serenity\6ad70e3c6fcac4d1a84ff8b96fd6dc44767ee738a552abb891dcc80c568c3460.png
17:25:37.048 [main] DEBUG net.thucydides.core.steps.StepInterceptor - STEP DONE: openUrl
17:25:37.048 [Darkroom Processing Line] DEBUG net.serenitybdd.core.photography.DarkroomProcessingLine - Processing screenshot image in /var/screenshots/screenshot-11538978430949584150
17:25:37.049 [Darkroom Processing Line] DEBUG net.serenitybdd.core.photography.DarkroomProcessingLine - Saving screenshot to target\site\serenity\6ad70e3c6fcac4d1a84ff8b96fd6dc44767ee738a552abb891dcc80c568c3460.png
17:25:37.057 [main] DEBUG net.thucydides.core.steps.StepInterceptor - STARTING STEP: DashboardSteps.iAmOnTheDashboardPage - validateOnDashboardPage
17:25:37.060 [Forwarding findElement on session 77c133e2a5fff6d29220adfdcc43e4b2 to remote] DEBUG org.asynchttpclient.netty.request.NettyRequestSender - Using pooled Channel '[id: 0xabca1d4f, L:/127.0.0.1:60176 - R:localhost/127.0.0.1:59259]' for 'POST' to 'http://localhost:59259/session/77c133e2a5fff6d29220adfdcc43e4b2/element'
17:25:37.060 [Forwarding findElement on session 77c133e2a5fff6d29220adfdcc43e4b2 to remote] DEBUG org.asynchttpclient.netty.request.NettyRequestSender - Using open Channel [id: 0xabca1d4f, L:/127.0.0.1:60176 - R:localhost/127.0.0.1:59259] for POST '/session/77c133e2a5fff6d29220adfdcc43e4b2/element'
17:25:37.077 [AsyncHttpClient-1-4] DEBUG org.asynchttpclient.netty.handler.HttpHandler - 

Request DefaultHttpRequest(decodeResult: success, version: HTTP/1.1)
POST /session/77c133e2a5fff6d29220adfdcc43e4b2/element HTTP/1.1
User-Agent: selenium/4.1.2 (java windows)
Content-Length: 81
Content-Type: application/json; charset=utf-8
host: localhost:59259
accept: */*

Response DefaultHttpResponse(decodeResult: success, version: HTTP/1.1)
HTTP/1.1 200 OK
Content-Type: application/json; charset=utf-8
cache-control: no-cache
content-length: 88

17:25:37.077 [AsyncHttpClient-1-4] DEBUG org.asynchttpclient.netty.channel.ChannelManager - Adding key: http://localhost:59259 for channel [id: 0xabca1d4f, L:/127.0.0.1:60176 - R:localhost/127.0.0.1:59259]
17:25:37.083 [Forwarding isElementDisplayed on session 77c133e2a5fff6d29220adfdcc43e4b2 to remote] DEBUG org.asynchttpclient.netty.request.NettyRequestSender - Using pooled Channel '[id: 0xabca1d4f, L:/127.0.0.1:60176 - R:localhost/127.0.0.1:59259]' for 'POST' to 'http://localhost:59259/session/77c133e2a5fff6d29220adfdcc43e4b2/execute/sync'
17:25:37.083 [Forwarding isElementDisplayed on session 77c133e2a5fff6d29220adfdcc43e4b2 to remote] DEBUG org.asynchttpclient.netty.request.NettyRequestSender - Using open Channel [id: 0xabca1d4f, L:/127.0.0.1:60176 - R:localhost/127.0.0.1:59259] for POST '/session/77c133e2a5fff6d29220adfdcc43e4b2/execute/sync'
17:25:37.105 [AsyncHttpClient-1-4] DEBUG org.asynchttpclient.netty.handler.HttpHandler - 

Request DefaultHttpRequest(decodeResult: success, version: HTTP/1.1)
POST /session/77c133e2a5fff6d29220adfdcc43e4b2/execute/sync HTTP/1.1
User-Agent: selenium/4.1.2 (java windows)
Content-Length: 48780
Content-Type: application/json; charset=utf-8
host: localhost:59259
accept: */*

Response DefaultHttpResponse(decodeResult: success, version: HTTP/1.1)
HTTP/1.1 200 OK
Content-Type: application/json; charset=utf-8
cache-control: no-cache
content-length: 14

17:25:37.105 [AsyncHttpClient-1-4] DEBUG org.asynchttpclient.netty.channel.ChannelManager - Adding key: http://localhost:59259 for channel [id: 0xabca1d4f, L:/127.0.0.1:60176 - R:localhost/127.0.0.1:59259]
17:25:37.110 [Forwarding screenshot on session 77c133e2a5fff6d29220adfdcc43e4b2 to remote] DEBUG org.asynchttpclient.netty.request.NettyRequestSender - Using pooled Channel '[id: 0xabca1d4f, L:/127.0.0.1:60176 - R:localhost/127.0.0.1:59259]' for 'GET' to 'http://localhost:59259/session/77c133e2a5fff6d29220adfdcc43e4b2/screenshot'
17:25:37.110 [Forwarding screenshot on session 77c133e2a5fff6d29220adfdcc43e4b2 to remote] DEBUG org.asynchttpclient.netty.request.NettyRequestSender - Using open Channel [id: 0xabca1d4f, L:/127.0.0.1:60176 - R:localhost/127.0.0.1:59259] for GET '/session/77c133e2a5fff6d29220adfdcc43e4b2/screenshot'
17:25:37.360 [AsyncHttpClient-1-4] DEBUG org.asynchttpclient.netty.handler.HttpHandler - 

Request DefaultFullHttpRequest(decodeResult: success, version: HTTP/1.1, content: EmptyByteBufBE)
GET /session/77c133e2a5fff6d29220adfdcc43e4b2/screenshot HTTP/1.1
User-Agent: selenium/4.1.2 (java windows)
Cache-Control: no-cache
Content-Type: application/json; charset=utf-8
host: localhost:59259
accept: */*

Response DefaultHttpResponse(decodeResult: success, version: HTTP/1.1)
HTTP/1.1 200 OK
Content-Type: application/json; charset=utf-8
cache-control: no-cache
content-length: 385992

17:25:37.363 [AsyncHttpClient-1-4] DEBUG org.asynchttpclient.netty.channel.ChannelManager - Adding key: http://localhost:59259 for channel [id: 0xabca1d4f, L:/127.0.0.1:60176 - R:localhost/127.0.0.1:59259]
17:25:37.384 [main] DEBUG net.serenitybdd.core.photography.Darkroom - Send negative for processing for target\site\serenity\6ad70e3c6fcac4d1a84ff8b96fd6dc44767ee738a552abb891dcc80c568c3460.png
17:25:37.384 [main] DEBUG net.thucydides.core.steps.StepInterceptor - STEP DONE: validateOnDashboardPage
  &amp#27;[32mGiven &amp#27;[0m&amp#27;[32mI am on the dashboard page&amp#27;[0m                &amp#27;[90m# starter.stepdefinitions.DashboardSteps.iAmOnTheDashboardPage()&amp#27;[0m
17:25:37.411 [main] DEBUG net.thucydides.core.steps.StepInterceptor - STARTING STEP: AppointmentSteps.iClickMenuAppointment - clickMenuAppointmentButton
17:25:37.415 [Forwarding findElement on session 77c133e2a5fff6d29220adfdcc43e4b2 to remote] DEBUG org.asynchttpclient.netty.request.NettyRequestSender - Using pooled Channel '[id: 0xabca1d4f, L:/127.0.0.1:60176 - R:localhost/127.0.0.1:59259]' for 'POST' to 'http://localhost:59259/session/77c133e2a5fff6d29220adfdcc43e4b2/element'
17:25:37.415 [Forwarding findElement on session 77c133e2a5fff6d29220adfdcc43e4b2 to remote] DEBUG org.asynchttpclient.netty.request.NettyRequestSender - Using open Channel [id: 0xabca1d4f, L:/127.0.0.1:60176 - R:localhost/127.0.0.1:59259] for POST '/session/77c133e2a5fff6d29220adfdcc43e4b2/element'
17:25:37.434 [AsyncHttpClient-1-4] DEBUG org.asynchttpclient.netty.handler.HttpHandler - 

Request DefaultHttpRequest(decodeResult: success, version: HTTP/1.1)
POST /session/77c133e2a5fff6d29220adfdcc43e4b2/element HTTP/1.1
User-Agent: selenium/4.1.2 (java windows)
Content-Length: 84
Content-Type: application/json; charset=utf-8
host: localhost:59259
accept: */*

Response DefaultHttpResponse(decodeResult: success, version: HTTP/1.1)
HTTP/1.1 200 OK
Content-Type: application/json; charset=utf-8
cache-control: no-cache
content-length: 88

17:25:37.434 [AsyncHttpClient-1-4] DEBUG org.asynchttpclient.netty.channel.ChannelManager - Adding key: http://localhost:59259 for channel [id: 0xabca1d4f, L:/127.0.0.1:60176 - R:localhost/127.0.0.1:59259]
17:25:37.436 [Forwarding getElementTagName on session 77c133e2a5fff6d29220adfdcc43e4b2 to remote] DEBUG org.asynchttpclient.netty.request.NettyRequestSender - Using pooled Channel '[id: 0xabca1d4f, L:/127.0.0.1:60176 - R:localhost/127.0.0.1:59259]' for 'GET' to 'http://localhost:59259/session/77c133e2a5fff6d29220adfdcc43e4b2/element/6a46dd55-7615-47ce-a582-0126afbfe699/name'
17:25:37.436 [Forwarding getElementTagName on session 77c133e2a5fff6d29220adfdcc43e4b2 to remote] DEBUG org.asynchttpclient.netty.request.NettyRequestSender - Using open Channel [id: 0xabca1d4f, L:/127.0.0.1:60176 - R:localhost/127.0.0.1:59259] for GET '/session/77c133e2a5fff6d29220adfdcc43e4b2/element/6a46dd55-7615-47ce-a582-0126afbfe699/name'
17:25:37.441 [AsyncHttpClient-1-4] DEBUG org.asynchttpclient.netty.handler.HttpHandler - 

Request DefaultFullHttpRequest(decodeResult: success, version: HTTP/1.1, content: EmptyByteBufBE)
GET /session/77c133e2a5fff6d29220adfdcc43e4b2/element/6a46dd55-7615-47ce-a582-0126afbfe699/name HTTP/1.1
User-Agent: selenium/4.1.2 (java windows)
Cache-Control: no-cache
Content-Type: application/json; charset=utf-8
host: localhost:59259
accept: */*

Response DefaultHttpResponse(decodeResult: success, version: HTTP/1.1)
HTTP/1.1 200 OK
Content-Type: application/json; charset=utf-8
cache-control: no-cache
content-length: 15

17:25:37.441 [AsyncHttpClient-1-4] DEBUG org.asynchttpclient.netty.channel.ChannelManager - Adding key: http://localhost:59259 for channel [id: 0xabca1d4f, L:/127.0.0.1:60176 - R:localhost/127.0.0.1:59259]
17:25:37.443 [Forwarding getElementTagName on session 77c133e2a5fff6d29220adfdcc43e4b2 to remote] DEBUG org.asynchttpclient.netty.request.NettyRequestSender - Using pooled Channel '[id: 0xabca1d4f, L:/127.0.0.1:60176 - R:localhost/127.0.0.1:59259]' for 'GET' to 'http://localhost:59259/session/77c133e2a5fff6d29220adfdcc43e4b2/element/6a46dd55-7615-47ce-a582-0126afbfe699/name'
17:25:37.443 [Forwarding getElementTagName on session 77c133e2a5fff6d29220adfdcc43e4b2 to remote] DEBUG org.asynchttpclient.netty.request.NettyRequestSender - Using open Channel [id: 0xabca1d4f, L:/127.0.0.1:60176 - R:localhost/127.0.0.1:59259] for GET '/session/77c133e2a5fff6d29220adfdcc43e4b2/element/6a46dd55-7615-47ce-a582-0126afbfe699/name'
17:25:37.447 [AsyncHttpClient-1-4] DEBUG org.asynchttpclient.netty.handler.HttpHandler - 

Request DefaultFullHttpRequest(decodeResult: success, version: HTTP/1.1, content: EmptyByteBufBE)
GET /session/77c133e2a5fff6d29220adfdcc43e4b2/element/6a46dd55-7615-47ce-a582-0126afbfe699/name HTTP/1.1
User-Agent: selenium/4.1.2 (java windows)
Cache-Control: no-cache
Content-Type: application/json; charset=utf-8
host: localhost:59259
accept: */*

Response DefaultHttpResponse(decodeResult: success, version: HTTP/1.1)
HTTP/1.1 200 OK
Content-Type: application/json; charset=utf-8
cache-control: no-cache
content-length: 15

17:25:37.448 [AsyncHttpClient-1-4] DEBUG org.asynchttpclient.netty.channel.ChannelManager - Adding key: http://localhost:59259 for channel [id: 0xabca1d4f, L:/127.0.0.1:60176 - R:localhost/127.0.0.1:59259]
17:25:37.451 [Forwarding findElement on session 77c133e2a5fff6d29220adfdcc43e4b2 to remote] DEBUG org.asynchttpclient.netty.request.NettyRequestSender - Using pooled Channel '[id: 0xabca1d4f, L:/127.0.0.1:60176 - R:localhost/127.0.0.1:59259]' for 'POST' to 'http://localhost:59259/session/77c133e2a5fff6d29220adfdcc43e4b2/element'
17:25:37.452 [Forwarding findElement on session 77c133e2a5fff6d29220adfdcc43e4b2 to remote] DEBUG org.asynchttpclient.netty.request.NettyRequestSender - Using open Channel [id: 0xabca1d4f, L:/127.0.0.1:60176 - R:localhost/127.0.0.1:59259] for POST '/session/77c133e2a5fff6d29220adfdcc43e4b2/element'
17:25:37.483 [AsyncHttpClient-1-4] DEBUG org.asynchttpclient.netty.handler.HttpHandler - 

Request DefaultHttpRequest(decodeResult: success, version: HTTP/1.1)
POST /session/77c133e2a5fff6d29220adfdcc43e4b2/element HTTP/1.1
User-Agent: selenium/4.1.2 (java windows)
Content-Length: 84
Content-Type: application/json; charset=utf-8
host: localhost:59259
accept: */*

Response DefaultHttpResponse(decodeResult: success, version: HTTP/1.1)
HTTP/1.1 200 OK
Content-Type: application/json; charset=utf-8
cache-control: no-cache
content-length: 88

17:25:37.484 [AsyncHttpClient-1-4] DEBUG org.asynchttpclient.netty.channel.ChannelManager - Adding key: http://localhost:59259 for channel [id: 0xabca1d4f, L:/127.0.0.1:60176 - R:localhost/127.0.0.1:59259]
17:25:37.491 [Forwarding clickElement on session 77c133e2a5fff6d29220adfdcc43e4b2 to remote] DEBUG org.asynchttpclient.netty.request.NettyRequestSender - Using pooled Channel '[id: 0xabca1d4f, L:/127.0.0.1:60176 - R:localhost/127.0.0.1:59259]' for 'POST' to 'http://localhost:59259/session/77c133e2a5fff6d29220adfdcc43e4b2/element/6a46dd55-7615-47ce-a582-0126afbfe699/click'
17:25:37.492 [Forwarding clickElement on session 77c133e2a5fff6d29220adfdcc43e4b2 to remote] DEBUG org.asynchttpclient.netty.request.NettyRequestSender - Using open Channel [id: 0xabca1d4f, L:/127.0.0.1:60176 - R:localhost/127.0.0.1:59259] for POST '/session/77c133e2a5fff6d29220adfdcc43e4b2/element/6a46dd55-7615-47ce-a582-0126afbfe699/click'
17:25:37.783 [AsyncHttpClient-1-4] DEBUG org.asynchttpclient.netty.handler.HttpHandler - 

Request DefaultHttpRequest(decodeResult: success, version: HTTP/1.1)
POST /session/77c133e2a5fff6d29220adfdcc43e4b2/element/6a46dd55-7615-47ce-a582-0126afbfe699/click HTTP/1.1
User-Agent: selenium/4.1.2 (java windows)
Content-Length: 50
Content-Type: application/json; charset=utf-8
host: localhost:59259
accept: */*

Response DefaultHttpResponse(decodeResult: success, version: HTTP/1.1)
HTTP/1.1 200 OK
Content-Type: application/json; charset=utf-8
cache-control: no-cache
content-length: 14

17:25:37.783 [AsyncHttpClient-1-4] DEBUG org.asynchttpclient.netty.channel.ChannelManager - Adding key: http://localhost:59259 for channel [id: 0xabca1d4f, L:/127.0.0.1:60176 - R:localhost/127.0.0.1:59259]
17:25:37.794 [Forwarding screenshot on session 77c133e2a5fff6d29220adfdcc43e4b2 to remote] DEBUG org.asynchttpclient.netty.request.NettyRequestSender - Using pooled Channel '[id: 0xabca1d4f, L:/127.0.0.1:60176 - R:localhost/127.0.0.1:59259]' for 'GET' to 'http://localhost:59259/session/77c133e2a5fff6d29220adfdcc43e4b2/screenshot'
17:25:37.794 [Forwarding screenshot on session 77c133e2a5fff6d29220adfdcc43e4b2 to remote] DEBUG org.asynchttpclient.netty.request.NettyRequestSender - Using open Channel [id: 0xabca1d4f, L:/127.0.0.1:60176 - R:localhost/127.0.0.1:59259] for GET '/session/77c133e2a5fff6d29220adfdcc43e4b2/screenshot'
17:25:37.910 [AsyncHttpClient-1-4] DEBUG org.asynchttpclient.netty.handler.HttpHandler - 

Request DefaultFullHttpRequest(decodeResult: success, version: HTTP/1.1, content: EmptyByteBufBE)
GET /session/77c133e2a5fff6d29220adfdcc43e4b2/screenshot HTTP/1.1
User-Agent: selenium/4.1.2 (java windows)
Cache-Control: no-cache
Content-Type: application/json; charset=utf-8
host: localhost:59259
accept: */*

Response DefaultHttpResponse(decodeResult: success, version: HTTP/1.1)
HTTP/1.1 200 OK
Content-Type: application/json; charset=utf-8
cache-control: no-cache
content-length: 77776

17:25:37.911 [AsyncHttpClient-1-4] DEBUG org.asynchttpclient.netty.channel.ChannelManager - Adding key: http://localhost:59259 for channel [id: 0xabca1d4f, L:/127.0.0.1:60176 - R:localhost/127.0.0.1:59259]
17:25:37.915 [main] DEBUG net.serenitybdd.core.photography.Darkroom - Send negative for processing for target\site\serenity\dde6ee49eef829c4844cc40a8aaa4d6e912eaee4e88eb74d4e912a38905c5f6b.png
17:25:37.915 [main] DEBUG net.thucydides.core.steps.StepInterceptor - STEP DONE: clickMenuAppointmentButton
  &amp#27;[32mAnd &amp#27;[0m&amp#27;[32mI click menu Appointment&amp#27;[0m                    &amp#27;[90m# starter.stepdefinitions.AppointmentSteps.iClickMenuAppointment()&amp#27;[0m
17:25:37.932 [main] DEBUG net.thucydides.core.steps.StepInterceptor - STARTING STEP: AppointmentSteps.iClickTheDeleteAppointmentIcon - clickTheDeleteAppointmentIcon
17:25:37.937 [Forwarding findElement on session 77c133e2a5fff6d29220adfdcc43e4b2 to remote] DEBUG org.asynchttpclient.netty.request.NettyRequestSender - Using pooled Channel '[id: 0xabca1d4f, L:/127.0.0.1:60176 - R:localhost/127.0.0.1:59259]' for 'POST' to 'http://localhost:59259/session/77c133e2a5fff6d29220adfdcc43e4b2/element'
17:25:37.937 [Forwarding findElement on session 77c133e2a5fff6d29220adfdcc43e4b2 to remote] DEBUG org.asynchttpclient.netty.request.NettyRequestSender - Using open Channel [id: 0xabca1d4f, L:/127.0.0.1:60176 - R:localhost/127.0.0.1:59259] for POST '/session/77c133e2a5fff6d29220adfdcc43e4b2/element'
17:25:37.942 [AsyncHttpClient-1-1] DEBUG org.asynchttpclient.netty.channel.DefaultChannelPool - Entry count for : http://localhost:60177 : 1
17:25:39.042 [AsyncHttpClient-1-1] DEBUG org.asynchttpclient.netty.channel.DefaultChannelPool - Entry count for : http://localhost:60177 : 1
17:25:40.031 [AsyncHttpClient-1-4] DEBUG org.asynchttpclient.netty.handler.HttpHandler - 

Request DefaultHttpRequest(decodeResult: success, version: HTTP/1.1)
POST /session/77c133e2a5fff6d29220adfdcc43e4b2/element HTTP/1.1
User-Agent: selenium/4.1.2 (java windows)
Content-Length: 205
Content-Type: application/json; charset=utf-8
host: localhost:59259
accept: */*

Response DefaultHttpResponse(decodeResult: success, version: HTTP/1.1)
HTTP/1.1 200 OK
Content-Type: application/json; charset=utf-8
cache-control: no-cache
content-length: 88

17:25:40.031 [AsyncHttpClient-1-4] DEBUG org.asynchttpclient.netty.channel.ChannelManager - Adding key: http://localhost:59259 for channel [id: 0xabca1d4f, L:/127.0.0.1:60176 - R:localhost/127.0.0.1:59259]
17:25:40.035 [Forwarding getElementTagName on session 77c133e2a5fff6d29220adfdcc43e4b2 to remote] DEBUG org.asynchttpclient.netty.request.NettyRequestSender - Using pooled Channel '[id: 0xabca1d4f, L:/127.0.0.1:60176 - R:localhost/127.0.0.1:59259]' for 'GET' to 'http://localhost:59259/session/77c133e2a5fff6d29220adfdcc43e4b2/element/52ca28d0-8339-42d3-9455-5745b1f7265f/name'
17:25:40.035 [Forwarding getElementTagName on session 77c133e2a5fff6d29220adfdcc43e4b2 to remote] DEBUG org.asynchttpclient.netty.request.NettyRequestSender - Using open Channel [id: 0xabca1d4f, L:/127.0.0.1:60176 - R:localhost/127.0.0.1:59259] for GET '/session/77c133e2a5fff6d29220adfdcc43e4b2/element/52ca28d0-8339-42d3-9455-5745b1f7265f/name'
17:25:40.043 [AsyncHttpClient-1-4] DEBUG org.asynchttpclient.netty.handler.HttpHandler - 

Request DefaultFullHttpRequest(decodeResult: success, version: HTTP/1.1, content: EmptyByteBufBE)
GET /session/77c133e2a5fff6d29220adfdcc43e4b2/element/52ca28d0-8339-42d3-9455-5745b1f7265f/name HTTP/1.1
User-Agent: selenium/4.1.2 (java windows)
Cache-Control: no-cache
Content-Type: application/json; charset=utf-8
host: localhost:59259
accept: */*

Response DefaultHttpResponse(decodeResult: success, version: HTTP/1.1)
HTTP/1.1 200 OK
Content-Type: application/json; charset=utf-8
cache-control: no-cache
content-length: 18

17:25:40.044 [AsyncHttpClient-1-4] DEBUG org.asynchttpclient.netty.channel.ChannelManager - Adding key: http://localhost:59259 for channel [id: 0xabca1d4f, L:/127.0.0.1:60176 - R:localhost/127.0.0.1:59259]
17:25:40.045 [Forwarding getElementTagName on session 77c133e2a5fff6d29220adfdcc43e4b2 to remote] DEBUG org.asynchttpclient.netty.request.NettyRequestSender - Using pooled Channel '[id: 0xabca1d4f, L:/127.0.0.1:60176 - R:localhost/127.0.0.1:59259]' for 'GET' to 'http://localhost:59259/session/77c133e2a5fff6d29220adfdcc43e4b2/element/52ca28d0-8339-42d3-9455-5745b1f7265f/name'
17:25:40.045 [Forwarding getElementTagName on session 77c133e2a5fff6d29220adfdcc43e4b2 to remote] DEBUG org.asynchttpclient.netty.request.NettyRequestSender - Using open Channel [id: 0xabca1d4f, L:/127.0.0.1:60176 - R:localhost/127.0.0.1:59259] for GET '/session/77c133e2a5fff6d29220adfdcc43e4b2/element/52ca28d0-8339-42d3-9455-5745b1f7265f/name'
17:25:40.049 [AsyncHttpClient-1-4] DEBUG org.asynchttpclient.netty.handler.HttpHandler - 

Request DefaultFullHttpRequest(decodeResult: success, version: HTTP/1.1, content: EmptyByteBufBE)
GET /session/77c133e2a5fff6d29220adfdcc43e4b2/element/52ca28d0-8339-42d3-9455-5745b1f7265f/name HTTP/1.1
User-Agent: selenium/4.1.2 (java windows)
Cache-Control: no-cache
Content-Type: application/json; charset=utf-8
host: localhost:59259
accept: */*

Response DefaultHttpResponse(decodeResult: success, version: HTTP/1.1)
HTTP/1.1 200 OK
Content-Type: application/json; charset=utf-8
cache-control: no-cache
content-length: 18

17:25:40.049 [AsyncHttpClient-1-4] DEBUG org.asynchttpclient.netty.channel.ChannelManager - Adding key: http://localhost:59259 for channel [id: 0xabca1d4f, L:/127.0.0.1:60176 - R:localhost/127.0.0.1:59259]
17:25:40.052 [Forwarding isElementEnabled on session 77c133e2a5fff6d29220adfdcc43e4b2 to remote] DEBUG org.asynchttpclient.netty.request.NettyRequestSender - Using pooled Channel '[id: 0xabca1d4f, L:/127.0.0.1:60176 - R:localhost/127.0.0.1:59259]' for 'GET' to 'http://localhost:59259/session/77c133e2a5fff6d29220adfdcc43e4b2/element/52ca28d0-8339-42d3-9455-5745b1f7265f/enabled'
17:25:40.052 [Forwarding isElementEnabled on session 77c133e2a5fff6d29220adfdcc43e4b2 to remote] DEBUG org.asynchttpclient.netty.request.NettyRequestSender - Using open Channel [id: 0xabca1d4f, L:/127.0.0.1:60176 - R:localhost/127.0.0.1:59259] for GET '/session/77c133e2a5fff6d29220adfdcc43e4b2/element/52ca28d0-8339-42d3-9455-5745b1f7265f/enabled'
17:25:40.062 [AsyncHttpClient-1-4] DEBUG org.asynchttpclient.netty.handler.HttpHandler - 

Request DefaultFullHttpRequest(decodeResult: success, version: HTTP/1.1, content: EmptyByteBufBE)
GET /session/77c133e2a5fff6d29220adfdcc43e4b2/element/52ca28d0-8339-42d3-9455-5745b1f7265f/enabled HTTP/1.1
User-Agent: selenium/4.1.2 (java windows)
Cache-Control: no-cache
Content-Type: application/json; charset=utf-8
host: localhost:59259
accept: */*

Response DefaultHttpResponse(decodeResult: success, version: HTTP/1.1)
HTTP/1.1 200 OK
Content-Type: application/json; charset=utf-8
cache-control: no-cache
content-length: 14

17:25:40.062 [AsyncHttpClient-1-4] DEBUG org.asynchttpclient.netty.channel.ChannelManager - Adding key: http://localhost:59259 for channel [id: 0xabca1d4f, L:/127.0.0.1:60176 - R:localhost/127.0.0.1:59259]
17:25:40.064 [Forwarding isElementEnabled on session 77c133e2a5fff6d29220adfdcc43e4b2 to remote] DEBUG org.asynchttpclient.netty.request.NettyRequestSender - Using pooled Channel '[id: 0xabca1d4f, L:/127.0.0.1:60176 - R:localhost/127.0.0.1:59259]' for 'GET' to 'http://localhost:59259/session/77c133e2a5fff6d29220adfdcc43e4b2/element/52ca28d0-8339-42d3-9455-5745b1f7265f/enabled'
17:25:40.064 [Forwarding isElementEnabled on session 77c133e2a5fff6d29220adfdcc43e4b2 to remote] DEBUG org.asynchttpclient.netty.request.NettyRequestSender - Using open Channel [id: 0xabca1d4f, L:/127.0.0.1:60176 - R:localhost/127.0.0.1:59259] for GET '/session/77c133e2a5fff6d29220adfdcc43e4b2/element/52ca28d0-8339-42d3-9455-5745b1f7265f/enabled'
17:25:40.071 [AsyncHttpClient-1-4] DEBUG org.asynchttpclient.netty.handler.HttpHandler - 

Request DefaultFullHttpRequest(decodeResult: success, version: HTTP/1.1, content: EmptyByteBufBE)
GET /session/77c133e2a5fff6d29220adfdcc43e4b2/element/52ca28d0-8339-42d3-9455-5745b1f7265f/enabled HTTP/1.1
User-Agent: selenium/4.1.2 (java windows)
Cache-Control: no-cache
Content-Type: application/json; charset=utf-8
host: localhost:59259
accept: */*

Response DefaultHttpResponse(decodeResult: success, version: HTTP/1.1)
HTTP/1.1 200 OK
Content-Type: application/json; charset=utf-8
cache-control: no-cache
content-length: 14

17:25:40.071 [AsyncHttpClient-1-4] DEBUG org.asynchttpclient.netty.channel.ChannelManager - Adding key: http://localhost:59259 for channel [id: 0xabca1d4f, L:/127.0.0.1:60176 - R:localhost/127.0.0.1:59259]
17:25:40.073 [Forwarding findElement on session 77c133e2a5fff6d29220adfdcc43e4b2 to remote] DEBUG org.asynchttpclient.netty.request.NettyRequestSender - Using pooled Channel '[id: 0xabca1d4f, L:/127.0.0.1:60176 - R:localhost/127.0.0.1:59259]' for 'POST' to 'http://localhost:59259/session/77c133e2a5fff6d29220adfdcc43e4b2/element'
17:25:40.073 [Forwarding findElement on session 77c133e2a5fff6d29220adfdcc43e4b2 to remote] DEBUG org.asynchttpclient.netty.request.NettyRequestSender - Using open Channel [id: 0xabca1d4f, L:/127.0.0.1:60176 - R:localhost/127.0.0.1:59259] for POST '/session/77c133e2a5fff6d29220adfdcc43e4b2/element'
17:25:40.083 [AsyncHttpClient-1-4] DEBUG org.asynchttpclient.netty.handler.HttpHandler - 

Request DefaultHttpRequest(decodeResult: success, version: HTTP/1.1)
POST /session/77c133e2a5fff6d29220adfdcc43e4b2/element HTTP/1.1
User-Agent: selenium/4.1.2 (java windows)
Content-Length: 205
Content-Type: application/json; charset=utf-8
host: localhost:59259
accept: */*

Response DefaultHttpResponse(decodeResult: success, version: HTTP/1.1)
HTTP/1.1 200 OK
Content-Type: application/json; charset=utf-8
cache-control: no-cache
content-length: 88

17:25:40.083 [AsyncHttpClient-1-4] DEBUG org.asynchttpclient.netty.channel.ChannelManager - Adding key: http://localhost:59259 for channel [id: 0xabca1d4f, L:/127.0.0.1:60176 - R:localhost/127.0.0.1:59259]
17:25:40.085 [Forwarding clickElement on session 77c133e2a5fff6d29220adfdcc43e4b2 to remote] DEBUG org.asynchttpclient.netty.request.NettyRequestSender - Using pooled Channel '[id: 0xabca1d4f, L:/127.0.0.1:60176 - R:localhost/127.0.0.1:59259]' for 'POST' to 'http://localhost:59259/session/77c133e2a5fff6d29220adfdcc43e4b2/element/52ca28d0-8339-42d3-9455-5745b1f7265f/click'
17:25:40.085 [Forwarding clickElement on session 77c133e2a5fff6d29220adfdcc43e4b2 to remote] DEBUG org.asynchttpclient.netty.request.NettyRequestSender - Using open Channel [id: 0xabca1d4f, L:/127.0.0.1:60176 - R:localhost/127.0.0.1:59259] for POST '/session/77c133e2a5fff6d29220adfdcc43e4b2/element/52ca28d0-8339-42d3-9455-5745b1f7265f/click'
17:25:40.143 [AsyncHttpClient-1-1] DEBUG org.asynchttpclient.netty.channel.DefaultChannelPool - Entry count for : http://localhost:60177 : 1
17:25:40.196 [AsyncHttpClient-1-4] DEBUG org.asynchttpclient.netty.handler.HttpHandler - 

Request DefaultHttpRequest(decodeResult: success, version: HTTP/1.1)
POST /session/77c133e2a5fff6d29220adfdcc43e4b2/element/52ca28d0-8339-42d3-9455-5745b1f7265f/click HTTP/1.1
User-Agent: selenium/4.1.2 (java windows)
Content-Length: 50
Content-Type: application/json; charset=utf-8
host: localhost:59259
accept: */*

Response DefaultHttpResponse(decodeResult: success, version: HTTP/1.1)
HTTP/1.1 200 OK
Content-Type: application/json; charset=utf-8
cache-control: no-cache
content-length: 14

17:25:40.196 [AsyncHttpClient-1-4] DEBUG org.asynchttpclient.netty.channel.ChannelManager - Adding key: http://localhost:59259 for channel [id: 0xabca1d4f, L:/127.0.0.1:60176 - R:localhost/127.0.0.1:59259]
17:25:40.204 [Forwarding screenshot on session 77c133e2a5fff6d29220adfdcc43e4b2 to remote] DEBUG org.asynchttpclient.netty.request.NettyRequestSender - Using pooled Channel '[id: 0xabca1d4f, L:/127.0.0.1:60176 - R:localhost/127.0.0.1:59259]' for 'GET' to 'http://localhost:59259/session/77c133e2a5fff6d29220adfdcc43e4b2/screenshot'
17:25:40.204 [Forwarding screenshot on session 77c133e2a5fff6d29220adfdcc43e4b2 to remote] DEBUG org.asynchttpclient.netty.request.NettyRequestSender - Using open Channel [id: 0xabca1d4f, L:/127.0.0.1:60176 - R:localhost/127.0.0.1:59259] for GET '/session/77c133e2a5fff6d29220adfdcc43e4b2/screenshot'
17:25:40.325 [AsyncHttpClient-1-4] DEBUG org.asynchttpclient.netty.handler.HttpHandler - 

Request DefaultFullHttpRequest(decodeResult: success, version: HTTP/1.1, content: EmptyByteBufBE)
GET /session/77c133e2a5fff6d29220adfdcc43e4b2/screenshot HTTP/1.1
User-Agent: selenium/4.1.2 (java windows)
Cache-Control: no-cache
Content-Type: application/json; charset=utf-8
host: localhost:59259
accept: */*

Response DefaultHttpResponse(decodeResult: success, version: HTTP/1.1)
HTTP/1.1 200 OK
Content-Type: application/json; charset=utf-8
cache-control: no-cache
content-length: 109304

17:25:40.327 [AsyncHttpClient-1-4] DEBUG org.asynchttpclient.netty.channel.ChannelManager - Adding key: http://localhost:59259 for channel [id: 0xabca1d4f, L:/127.0.0.1:60176 - R:localhost/127.0.0.1:59259]
17:25:40.333 [main] DEBUG net.serenitybdd.core.photography.Darkroom - Send negative for processing for target\site\serenity\9c2dd2fcde670e8031dbf5aaf2b490186306526c06d8b43e8645aed98d5071e7.png
17:25:40.333 [main] DEBUG net.thucydides.core.steps.StepInterceptor - STEP DONE: clickTheDeleteAppointmentIcon
  &amp#27;[32mWhen &amp#27;[0m&amp#27;[32mI click the delete Appointment icon&amp#27;[0m        &amp#27;[90m# starter.stepdefinitions.AppointmentSteps.iClickTheDeleteAppointmentIcon()&amp#27;[0m
17:25:40.333 [Darkroom Processing Line] DEBUG net.serenitybdd.core.photography.DarkroomProcessingLine - Processing screenshot image in /var/screenshots/screenshot-2885824584805800614
17:25:40.334 [Darkroom Processing Line] DEBUG net.serenitybdd.core.photography.DarkroomProcessingLine - Saving screenshot to target\site\serenity\9c2dd2fcde670e8031dbf5aaf2b490186306526c06d8b43e8645aed98d5071e7.png
17:25:40.360 [main] DEBUG net.thucydides.core.steps.StepInterceptor - STARTING STEP: AppointmentSteps.iClickTheAppointmentCancelButton - clickTheCancelDeleteAppointmentButton
17:25:40.364 [Forwarding findElement on session 77c133e2a5fff6d29220adfdcc43e4b2 to remote] DEBUG org.asynchttpclient.netty.request.NettyRequestSender - Using pooled Channel '[id: 0xabca1d4f, L:/127.0.0.1:60176 - R:localhost/127.0.0.1:59259]' for 'POST' to 'http://localhost:59259/session/77c133e2a5fff6d29220adfdcc43e4b2/element'
17:25:40.364 [Forwarding findElement on session 77c133e2a5fff6d29220adfdcc43e4b2 to remote] DEBUG org.asynchttpclient.netty.request.NettyRequestSender - Using open Channel [id: 0xabca1d4f, L:/127.0.0.1:60176 - R:localhost/127.0.0.1:59259] for POST '/session/77c133e2a5fff6d29220adfdcc43e4b2/element'
17:25:40.381 [AsyncHttpClient-1-4] DEBUG org.asynchttpclient.netty.handler.HttpHandler - 

Request DefaultHttpRequest(decodeResult: success, version: HTTP/1.1)
POST /session/77c133e2a5fff6d29220adfdcc43e4b2/element HTTP/1.1
User-Agent: selenium/4.1.2 (java windows)
Content-Length: 104
Content-Type: application/json; charset=utf-8
host: localhost:59259
accept: */*

Response DefaultHttpResponse(decodeResult: success, version: HTTP/1.1)
HTTP/1.1 200 OK
Content-Type: application/json; charset=utf-8
cache-control: no-cache
content-length: 88

17:25:40.381 [AsyncHttpClient-1-4] DEBUG org.asynchttpclient.netty.channel.ChannelManager - Adding key: http://localhost:59259 for channel [id: 0xabca1d4f, L:/127.0.0.1:60176 - R:localhost/127.0.0.1:59259]
17:25:40.382 [Forwarding getElementTagName on session 77c133e2a5fff6d29220adfdcc43e4b2 to remote] DEBUG org.asynchttpclient.netty.request.NettyRequestSender - Using pooled Channel '[id: 0xabca1d4f, L:/127.0.0.1:60176 - R:localhost/127.0.0.1:59259]' for 'GET' to 'http://localhost:59259/session/77c133e2a5fff6d29220adfdcc43e4b2/element/f05e8805-5e3b-434d-a8a5-6241e2501436/name'
17:25:40.382 [Forwarding getElementTagName on session 77c133e2a5fff6d29220adfdcc43e4b2 to remote] DEBUG org.asynchttpclient.netty.request.NettyRequestSender - Using open Channel [id: 0xabca1d4f, L:/127.0.0.1:60176 - R:localhost/127.0.0.1:59259] for GET '/session/77c133e2a5fff6d29220adfdcc43e4b2/element/f05e8805-5e3b-434d-a8a5-6241e2501436/name'
17:25:40.390 [AsyncHttpClient-1-4] DEBUG org.asynchttpclient.netty.handler.HttpHandler - 

Request DefaultFullHttpRequest(decodeResult: success, version: HTTP/1.1, content: EmptyByteBufBE)
GET /session/77c133e2a5fff6d29220adfdcc43e4b2/element/f05e8805-5e3b-434d-a8a5-6241e2501436/name HTTP/1.1
User-Agent: selenium/4.1.2 (java windows)
Cache-Control: no-cache
Content-Type: application/json; charset=utf-8
host: localhost:59259
accept: */*

Response DefaultHttpResponse(decodeResult: success, version: HTTP/1.1)
HTTP/1.1 200 OK
Content-Type: application/json; charset=utf-8
cache-control: no-cache
content-length: 18

17:25:40.390 [AsyncHttpClient-1-4] DEBUG org.asynchttpclient.netty.channel.ChannelManager - Adding key: http://localhost:59259 for channel [id: 0xabca1d4f, L:/127.0.0.1:60176 - R:localhost/127.0.0.1:59259]
17:25:40.392 [Forwarding getElementTagName on session 77c133e2a5fff6d29220adfdcc43e4b2 to remote] DEBUG org.asynchttpclient.netty.request.NettyRequestSender - Using pooled Channel '[id: 0xabca1d4f, L:/127.0.0.1:60176 - R:localhost/127.0.0.1:59259]' for 'GET' to 'http://localhost:59259/session/77c133e2a5fff6d29220adfdcc43e4b2/element/f05e8805-5e3b-434d-a8a5-6241e2501436/name'
17:25:40.392 [Forwarding getElementTagName on session 77c133e2a5fff6d29220adfdcc43e4b2 to remote] DEBUG org.asynchttpclient.netty.request.NettyRequestSender - Using open Channel [id: 0xabca1d4f, L:/127.0.0.1:60176 - R:localhost/127.0.0.1:59259] for GET '/session/77c133e2a5fff6d29220adfdcc43e4b2/element/f05e8805-5e3b-434d-a8a5-6241e2501436/name'
17:25:40.397 [AsyncHttpClient-1-4] DEBUG org.asynchttpclient.netty.handler.HttpHandler - 

Request DefaultFullHttpRequest(decodeResult: success, version: HTTP/1.1, content: EmptyByteBufBE)
GET /session/77c133e2a5fff6d29220adfdcc43e4b2/element/f05e8805-5e3b-434d-a8a5-6241e2501436/name HTTP/1.1
User-Agent: selenium/4.1.2 (java windows)
Cache-Control: no-cache
Content-Type: application/json; charset=utf-8
host: localhost:59259
accept: */*

Response DefaultHttpResponse(decodeResult: success, version: HTTP/1.1)
HTTP/1.1 200 OK
Content-Type: application/json; charset=utf-8
cache-control: no-cache
content-length: 18

17:25:40.398 [AsyncHttpClient-1-4] DEBUG org.asynchttpclient.netty.channel.ChannelManager - Adding key: http://localhost:59259 for channel [id: 0xabca1d4f, L:/127.0.0.1:60176 - R:localhost/127.0.0.1:59259]
17:25:40.402 [Forwarding isElementEnabled on session 77c133e2a5fff6d29220adfdcc43e4b2 to remote] DEBUG org.asynchttpclient.netty.request.NettyRequestSender - Using pooled Channel '[id: 0xabca1d4f, L:/127.0.0.1:60176 - R:localhost/127.0.0.1:59259]' for 'GET' to 'http://localhost:59259/session/77c133e2a5fff6d29220adfdcc43e4b2/element/f05e8805-5e3b-434d-a8a5-6241e2501436/enabled'
17:25:40.402 [Forwarding isElementEnabled on session 77c133e2a5fff6d29220adfdcc43e4b2 to remote] DEBUG org.asynchttpclient.netty.request.NettyRequestSender - Using open Channel [id: 0xabca1d4f, L:/127.0.0.1:60176 - R:localhost/127.0.0.1:59259] for GET '/session/77c133e2a5fff6d29220adfdcc43e4b2/element/f05e8805-5e3b-434d-a8a5-6241e2501436/enabled'
17:25:40.413 [AsyncHttpClient-1-4] DEBUG org.asynchttpclient.netty.handler.HttpHandler - 

Request DefaultFullHttpRequest(decodeResult: success, version: HTTP/1.1, content: EmptyByteBufBE)
GET /session/77c133e2a5fff6d29220adfdcc43e4b2/element/f05e8805-5e3b-434d-a8a5-6241e2501436/enabled HTTP/1.1
User-Agent: selenium/4.1.2 (java windows)
Cache-Control: no-cache
Content-Type: application/json; charset=utf-8
host: localhost:59259
accept: */*

Response DefaultHttpResponse(decodeResult: success, version: HTTP/1.1)
HTTP/1.1 200 OK
Content-Type: application/json; charset=utf-8
cache-control: no-cache
content-length: 14

17:25:40.413 [AsyncHttpClient-1-4] DEBUG org.asynchttpclient.netty.channel.ChannelManager - Adding key: http://localhost:59259 for channel [id: 0xabca1d4f, L:/127.0.0.1:60176 - R:localhost/127.0.0.1:59259]
17:25:40.416 [Forwarding isElementEnabled on session 77c133e2a5fff6d29220adfdcc43e4b2 to remote] DEBUG org.asynchttpclient.netty.request.NettyRequestSender - Using pooled Channel '[id: 0xabca1d4f, L:/127.0.0.1:60176 - R:localhost/127.0.0.1:59259]' for 'GET' to 'http://localhost:59259/session/77c133e2a5fff6d29220adfdcc43e4b2/element/f05e8805-5e3b-434d-a8a5-6241e2501436/enabled'
17:25:40.416 [Forwarding isElementEnabled on session 77c133e2a5fff6d29220adfdcc43e4b2 to remote] DEBUG org.asynchttpclient.netty.request.NettyRequestSender - Using open Channel [id: 0xabca1d4f, L:/127.0.0.1:60176 - R:localhost/127.0.0.1:59259] for GET '/session/77c133e2a5fff6d29220adfdcc43e4b2/element/f05e8805-5e3b-434d-a8a5-6241e2501436/enabled'
17:25:40.424 [AsyncHttpClient-1-4] DEBUG org.asynchttpclient.netty.handler.HttpHandler - 

Request DefaultFullHttpRequest(decodeResult: success, version: HTTP/1.1, content: EmptyByteBufBE)
GET /session/77c133e2a5fff6d29220adfdcc43e4b2/element/f05e8805-5e3b-434d-a8a5-6241e2501436/enabled HTTP/1.1
User-Agent: selenium/4.1.2 (java windows)
Cache-Control: no-cache
Content-Type: application/json; charset=utf-8
host: localhost:59259
accept: */*

Response DefaultHttpResponse(decodeResult: success, version: HTTP/1.1)
HTTP/1.1 200 OK
Content-Type: application/json; charset=utf-8
cache-control: no-cache
content-length: 14

17:25:40.424 [AsyncHttpClient-1-4] DEBUG org.asynchttpclient.netty.channel.ChannelManager - Adding key: http://localhost:59259 for channel [id: 0xabca1d4f, L:/127.0.0.1:60176 - R:localhost/127.0.0.1:59259]
17:25:40.432 [Forwarding findElement on session 77c133e2a5fff6d29220adfdcc43e4b2 to remote] DEBUG org.asynchttpclient.netty.request.NettyRequestSender - Using pooled Channel '[id: 0xabca1d4f, L:/127.0.0.1:60176 - R:localhost/127.0.0.1:59259]' for 'POST' to 'http://localhost:59259/session/77c133e2a5fff6d29220adfdcc43e4b2/element'
17:25:40.432 [Forwarding findElement on session 77c133e2a5fff6d29220adfdcc43e4b2 to remote] DEBUG org.asynchttpclient.netty.request.NettyRequestSender - Using open Channel [id: 0xabca1d4f, L:/127.0.0.1:60176 - R:localhost/127.0.0.1:59259] for POST '/session/77c133e2a5fff6d29220adfdcc43e4b2/element'
17:25:40.446 [AsyncHttpClient-1-4] DEBUG org.asynchttpclient.netty.handler.HttpHandler - 

Request DefaultHttpRequest(decodeResult: success, version: HTTP/1.1)
POST /session/77c133e2a5fff6d29220adfdcc43e4b2/element HTTP/1.1
User-Agent: selenium/4.1.2 (java windows)
Content-Length: 104
Content-Type: application/json; charset=utf-8
host: localhost:59259
accept: */*

Response DefaultHttpResponse(decodeResult: success, version: HTTP/1.1)
HTTP/1.1 200 OK
Content-Type: application/json; charset=utf-8
cache-control: no-cache
content-length: 88

17:25:40.446 [AsyncHttpClient-1-4] DEBUG org.asynchttpclient.netty.channel.ChannelManager - Adding key: http://localhost:59259 for channel [id: 0xabca1d4f, L:/127.0.0.1:60176 - R:localhost/127.0.0.1:59259]
17:25:40.450 [Forwarding clickElement on session 77c133e2a5fff6d29220adfdcc43e4b2 to remote] DEBUG org.asynchttpclient.netty.request.NettyRequestSender - Using pooled Channel '[id: 0xabca1d4f, L:/127.0.0.1:60176 - R:localhost/127.0.0.1:59259]' for 'POST' to 'http://localhost:59259/session/77c133e2a5fff6d29220adfdcc43e4b2/element/f05e8805-5e3b-434d-a8a5-6241e2501436/click'
17:25:40.450 [Forwarding clickElement on session 77c133e2a5fff6d29220adfdcc43e4b2 to remote] DEBUG org.asynchttpclient.netty.request.NettyRequestSender - Using open Channel [id: 0xabca1d4f, L:/127.0.0.1:60176 - R:localhost/127.0.0.1:59259] for POST '/session/77c133e2a5fff6d29220adfdcc43e4b2/element/f05e8805-5e3b-434d-a8a5-6241e2501436/click'
17:25:40.533 [AsyncHttpClient-1-4] DEBUG org.asynchttpclient.netty.handler.HttpHandler - 

Request DefaultHttpRequest(decodeResult: success, version: HTTP/1.1)
POST /session/77c133e2a5fff6d29220adfdcc43e4b2/element/f05e8805-5e3b-434d-a8a5-6241e2501436/click HTTP/1.1
User-Agent: selenium/4.1.2 (java windows)
Content-Length: 50
Content-Type: application/json; charset=utf-8
host: localhost:59259
accept: */*

Response DefaultHttpResponse(decodeResult: success, version: HTTP/1.1)
HTTP/1.1 200 OK
Content-Type: application/json; charset=utf-8
cache-control: no-cache
content-length: 14

17:25:40.533 [AsyncHttpClient-1-4] DEBUG org.asynchttpclient.netty.channel.ChannelManager - Adding key: http://localhost:59259 for channel [id: 0xabca1d4f, L:/127.0.0.1:60176 - R:localhost/127.0.0.1:59259]
17:25:40.543 [Forwarding screenshot on session 77c133e2a5fff6d29220adfdcc43e4b2 to remote] DEBUG org.asynchttpclient.netty.request.NettyRequestSender - Using pooled Channel '[id: 0xabca1d4f, L:/127.0.0.1:60176 - R:localhost/127.0.0.1:59259]' for 'GET' to 'http://localhost:59259/session/77c133e2a5fff6d29220adfdcc43e4b2/screenshot'
17:25:40.543 [Forwarding screenshot on session 77c133e2a5fff6d29220adfdcc43e4b2 to remote] DEBUG org.asynchttpclient.netty.request.NettyRequestSender - Using open Channel [id: 0xabca1d4f, L:/127.0.0.1:60176 - R:localhost/127.0.0.1:59259] for GET '/session/77c133e2a5fff6d29220adfdcc43e4b2/screenshot'
17:25:40.656 [AsyncHttpClient-1-4] DEBUG org.asynchttpclient.netty.handler.HttpHandler - 

Request DefaultFullHttpRequest(decodeResult: success, version: HTTP/1.1, content: EmptyByteBufBE)
GET /session/77c133e2a5fff6d29220adfdcc43e4b2/screenshot HTTP/1.1
User-Agent: selenium/4.1.2 (java windows)
Cache-Control: no-cache
Content-Type: application/json; charset=utf-8
host: localhost:59259
accept: */*

Response DefaultHttpResponse(decodeResult: success, version: HTTP/1.1)
HTTP/1.1 200 OK
Content-Type: application/json; charset=utf-8
cache-control: no-cache
content-length: 96196

17:25:40.656 [AsyncHttpClient-1-4] DEBUG org.asynchttpclient.netty.channel.ChannelManager - Adding key: http://localhost:59259 for channel [id: 0xabca1d4f, L:/127.0.0.1:60176 - R:localhost/127.0.0.1:59259]
17:25:40.661 [main] DEBUG net.serenitybdd.core.photography.Darkroom - Send negative for processing for target\site\serenity\6c283cf1b4f36434b82b4b8b7313e8ab1a8476ccdfd92791b02f20c2b0844171.png
17:25:40.661 [main] DEBUG net.thucydides.core.steps.StepInterceptor - STEP DONE: clickTheCancelDeleteAppointmentButton
  &amp#27;[32mAnd &amp#27;[0m&amp#27;[32mI click the Appointment cancel button&amp#27;[0m       &amp#27;[90m# starter.stepdefinitions.AppointmentSteps.iClickTheAppointmentCancelButton()&amp#27;[0m
17:25:40.662 [Darkroom Processing Line] DEBUG net.serenitybdd.core.photography.DarkroomProcessingLine - Processing screenshot image in /var/screenshots/screenshot-12050327483535234933
17:25:40.662 [Darkroom Processing Line] DEBUG net.serenitybdd.core.photography.DarkroomProcessingLine - Saving screenshot to target\site\serenity\6c283cf1b4f36434b82b4b8b7313e8ab1a8476ccdfd92791b02f20c2b0844171.png
17:25:40.677 [main] DEBUG net.thucydides.core.steps.StepInterceptor - STARTING STEP: AppointmentSteps.iExitDeleteAppointmentOptionMessage - exitDeleteAppointmentMessage
17:25:40.680 [Forwarding findElement on session 77c133e2a5fff6d29220adfdcc43e4b2 to remote] DEBUG org.asynchttpclient.netty.request.NettyRequestSender - Using pooled Channel '[id: 0xabca1d4f, L:/127.0.0.1:60176 - R:localhost/127.0.0.1:59259]' for 'POST' to 'http://localhost:59259/session/77c133e2a5fff6d29220adfdcc43e4b2/element'
17:25:40.680 [Forwarding findElement on session 77c133e2a5fff6d29220adfdcc43e4b2 to remote] DEBUG org.asynchttpclient.netty.request.NettyRequestSender - Using open Channel [id: 0xabca1d4f, L:/127.0.0.1:60176 - R:localhost/127.0.0.1:59259] for POST '/session/77c133e2a5fff6d29220adfdcc43e4b2/element'
17:25:40.703 [AsyncHttpClient-1-4] DEBUG org.asynchttpclient.netty.handler.HttpHandler - 

Request DefaultHttpRequest(decodeResult: success, version: HTTP/1.1)
POST /session/77c133e2a5fff6d29220adfdcc43e4b2/element HTTP/1.1
User-Agent: selenium/4.1.2 (java windows)
Content-Length: 89
Content-Type: application/json; charset=utf-8
host: localhost:59259
accept: */*

Response DefaultHttpResponse(decodeResult: success, version: HTTP/1.1)
HTTP/1.1 200 OK
Content-Type: application/json; charset=utf-8
cache-control: no-cache
content-length: 88

17:25:40.703 [AsyncHttpClient-1-4] DEBUG org.asynchttpclient.netty.channel.ChannelManager - Adding key: http://localhost:59259 for channel [id: 0xabca1d4f, L:/127.0.0.1:60176 - R:localhost/127.0.0.1:59259]
17:25:40.707 [Forwarding isElementDisplayed on session 77c133e2a5fff6d29220adfdcc43e4b2 to remote] DEBUG org.asynchttpclient.netty.request.NettyRequestSender - Using pooled Channel '[id: 0xabca1d4f, L:/127.0.0.1:60176 - R:localhost/127.0.0.1:59259]' for 'POST' to 'http://localhost:59259/session/77c133e2a5fff6d29220adfdcc43e4b2/execute/sync'
17:25:40.707 [Forwarding isElementDisplayed on session 77c133e2a5fff6d29220adfdcc43e4b2 to remote] DEBUG org.asynchttpclient.netty.request.NettyRequestSender - Using open Channel [id: 0xabca1d4f, L:/127.0.0.1:60176 - R:localhost/127.0.0.1:59259] for POST '/session/77c133e2a5fff6d29220adfdcc43e4b2/execute/sync'
17:25:40.728 [AsyncHttpClient-1-4] DEBUG org.asynchttpclient.netty.handler.HttpHandler - 

Request DefaultHttpRequest(decodeResult: success, version: HTTP/1.1)
POST /session/77c133e2a5fff6d29220adfdcc43e4b2/execute/sync HTTP/1.1
User-Agent: selenium/4.1.2 (java windows)
Content-Length: 48780
Content-Type: application/json; charset=utf-8
host: localhost:59259
accept: */*

Response DefaultHttpResponse(decodeResult: success, version: HTTP/1.1)
HTTP/1.1 200 OK
Content-Type: application/json; charset=utf-8
cache-control: no-cache
content-length: 14

17:25:40.728 [AsyncHttpClient-1-4] DEBUG org.asynchttpclient.netty.channel.ChannelManager - Adding key: http://localhost:59259 for channel [id: 0xabca1d4f, L:/127.0.0.1:60176 - R:localhost/127.0.0.1:59259]
17:25:40.734 [Forwarding screenshot on session 77c133e2a5fff6d29220adfdcc43e4b2 to remote] DEBUG org.asynchttpclient.netty.request.NettyRequestSender - Using pooled Channel '[id: 0xabca1d4f, L:/127.0.0.1:60176 - R:localhost/127.0.0.1:59259]' for 'GET' to 'http://localhost:59259/session/77c133e2a5fff6d29220adfdcc43e4b2/screenshot'
17:25:40.734 [Forwarding screenshot on session 77c133e2a5fff6d29220adfdcc43e4b2 to remote] DEBUG org.asynchttpclient.netty.request.NettyRequestSender - Using open Channel [id: 0xabca1d4f, L:/127.0.0.1:60176 - R:localhost/127.0.0.1:59259] for GET '/session/77c133e2a5fff6d29220adfdcc43e4b2/screenshot'
17:25:40.830 [AsyncHttpClient-1-4] DEBUG org.asynchttpclient.netty.handler.HttpHandler - 

Request DefaultFullHttpRequest(decodeResult: success, version: HTTP/1.1, content: EmptyByteBufBE)
GET /session/77c133e2a5fff6d29220adfdcc43e4b2/screenshot HTTP/1.1
User-Agent: selenium/4.1.2 (java windows)
Cache-Control: no-cache
Content-Type: application/json; charset=utf-8
host: localhost:59259
accept: */*

Response DefaultHttpResponse(decodeResult: success, version: HTTP/1.1)
HTTP/1.1 200 OK
Content-Type: application/json; charset=utf-8
cache-control: no-cache
content-length: 95840

17:25:40.830 [AsyncHttpClient-1-4] DEBUG org.asynchttpclient.netty.channel.ChannelManager - Adding key: http://localhost:59259 for channel [id: 0xabca1d4f, L:/127.0.0.1:60176 - R:localhost/127.0.0.1:59259]
17:25:40.835 [main] DEBUG net.serenitybdd.core.photography.Darkroom - Send negative for processing for target\site\serenity\b190571a215daa9ec6087b63f735eb5494c9073df8969cbb36964bdb9ea3952c.png
17:25:40.836 [main] DEBUG net.thucydides.core.steps.StepInterceptor - STEP DONE: exitDeleteAppointmentMessage
  &amp#27;[32mThen &amp#27;[0m&amp#27;[32mI exit delete Appointment option message&amp#27;[0m   &amp#27;[90m# starter.stepdefinitions.AppointmentSteps.iExitDeleteAppointmentOptionMessage()&amp#27;[0m
17:25:40.836 [Darkroom Processing Line] DEBUG net.serenitybdd.core.photography.DarkroomProcessingLine - Processing screenshot image in /var/screenshots/screenshot-13032673196395231916
17:25:40.836 [Darkroom Processing Line] DEBUG net.serenitybdd.core.photography.DarkroomProcessingLine - Saving screenshot to target\site\serenity\b190571a215daa9ec6087b63f735eb5494c9073df8969cbb36964bdb9ea3952c.png
17:25:40.845 [main] INFO  - 
  _____   ___   ___   _____     ___     _     ___   ___   ___   ___  
 |_   _| | __| / __| |_   _|   | _ \   /_\   / __| / __| | __| |   \ 
   | |   | _|  \__ \   | |     |  _/  / _ \  \__ \ \__ \ | _|  | |) |
   |_|   |___| |___/   |_|     |_|   /_/ \_\ |___/ |___/ |___| |___/ 

Cancel Delete Appointment Data Scenario
----------------------------------------------------------------------
17:25:40.848 [AsyncHttpClient-1-6] DEBUG org.asynchttpclient.netty.handler.WebSocketHandler - Channel Closed: [id: 0x7b1f7ea4, L:/127.0.0.1:60183 ! R:localhost/127.0.0.1:60177] with attribute NettyResponseFuture{currentRetry=5,
	isDone=1,
	isCancelled=0,
	asyncHandler=org.asynchttpclient.ws.WebSocketUpgradeHandler@48ad9fe0,
	nettyRequest=org.asynchttpclient.netty.request.NettyRequest@1e91d69,
	future=java.util.concurrent.CompletableFuture@75072c52[Completed normally],
	uri=ws://localhost:60177/devtools/browser/53b84b20-3146-4d24-a4bf-c2e44e4c4e4d,
	keepAlive=true,
	redirectCount=0,
	timeoutsHolder=null,
	inAuth=0,
	touch=1655375130616}
17:25:40.848 [AsyncHttpClient-1-6] DEBUG org.asynchttpclient.netty.channel.ChannelManager - Closing Channel [id: 0x7b1f7ea4, L:/127.0.0.1:60183 ! R:localhost/127.0.0.1:60177] 
17:25:40.849 [Driver Command Executor] DEBUG org.asynchttpclient.netty.request.NettyRequestSender - Using pooled Channel '[id: 0xabca1d4f, L:/127.0.0.1:60176 - R:localhost/127.0.0.1:59259]' for 'DELETE' to 'http://localhost:59259/session/77c133e2a5fff6d29220adfdcc43e4b2'
17:25:40.849 [Driver Command Executor] DEBUG org.asynchttpclient.netty.request.NettyRequestSender - Using open Channel [id: 0xabca1d4f, L:/127.0.0.1:60176 - R:localhost/127.0.0.1:59259] for DELETE '/session/77c133e2a5fff6d29220adfdcc43e4b2'
17:25:40.931 [AsyncHttpClient-1-5] DEBUG org.asynchttpclient.netty.handler.HttpHandler - Unexpected I/O exception on channel [id: 0x0f7d4e04, L:/127.0.0.1:60182 - R:localhost/127.0.0.1:60177]
java.net.SocketException: Connection reset
	at java.base/sun.nio.ch.SocketChannelImpl.throwConnectionReset(SocketChannelImpl.java:367)
	at java.base/sun.nio.ch.SocketChannelImpl.read(SocketChannelImpl.java:398)
	at io.netty.buffer.PooledByteBuf.setBytes(PooledByteBuf.java:258)
	at io.netty.buffer.AbstractByteBuf.writeBytes(AbstractByteBuf.java:1132)
	at io.netty.channel.socket.nio.NioSocketChannel.doReadBytes(NioSocketChannel.java:350)
	at io.netty.channel.nio.AbstractNioByteChannel$NioByteUnsafe.read(AbstractNioByteChannel.java:151)
	at io.netty.channel.nio.NioEventLoop.processSelectedKey(NioEventLoop.java:722)
	at io.netty.channel.nio.NioEventLoop.processSelectedKeysOptimized(NioEventLoop.java:658)
	at io.netty.channel.nio.NioEventLoop.processSelectedKeys(NioEventLoop.java:584)
	at io.netty.channel.nio.NioEventLoop.run(NioEventLoop.java:496)
	at io.netty.util.concurrent.SingleThreadEventExecutor$4.run(SingleThreadEventExecutor.java:986)
	at io.netty.util.internal.ThreadExecutorMap$2.run(ThreadExecutorMap.java:74)
	at io.netty.util.concurrent.FastThreadLocalRunnable.run(FastThreadLocalRunnable.java:30)
	at java.base/java.lang.Thread.run(Thread.java:832)
17:25:40.931 [AsyncHttpClient-1-5] DEBUG org.asynchttpclient.netty.channel.ChannelManager - Closing Channel [id: 0x0f7d4e04, L:/127.0.0.1:60182 - R:localhost/127.0.0.1:60177] 
17:25:40.931 [AsyncHttpClient-1-5] DEBUG org.asynchttpclient.netty.handler.HttpHandler - Channel Closed: [id: 0x0f7d4e04, L:/127.0.0.1:60182 ! R:localhost/127.0.0.1:60177] with attribute DISCARD
17:25:40.949 [AsyncHttpClient-1-4] DEBUG org.asynchttpclient.netty.handler.HttpHandler - 

Request DefaultFullHttpRequest(decodeResult: success, version: HTTP/1.1, content: EmptyByteBufBE)
DELETE /session/77c133e2a5fff6d29220adfdcc43e4b2 HTTP/1.1
User-Agent: selenium/4.1.2 (java windows)
Content-Type: application/json; charset=utf-8
host: localhost:59259
accept: */*

Response DefaultHttpResponse(decodeResult: success, version: HTTP/1.1)
HTTP/1.1 200 OK
Content-Type: application/json; charset=utf-8
cache-control: no-cache
content-length: 14

17:25:40.950 [AsyncHttpClient-1-4] DEBUG org.asynchttpclient.netty.channel.ChannelManager - Adding key: http://localhost:59259 for channel [id: 0xabca1d4f, L:/127.0.0.1:60176 - R:localhost/127.0.0.1:59259]
17:25:41.242 [AsyncHttpClient-1-1] DEBUG org.asynchttpclient.netty.channel.DefaultChannelPool - Entry count for : http://localhost:60177 : 1
17:25:41.242 [AsyncHttpClient-1-1] DEBUG org.asynchttpclient.netty.channel.DefaultChannelPool - Entry count for : http://localhost:59259 : 1
17:25:41.242 [AsyncHttpClient-1-1] DEBUG org.asynchttpclient.netty.channel.DefaultChannelPool - Adding Candidate expired Channel [id: 0x0f7d4e04, L:/127.0.0.1:60182 ! R:localhost/127.0.0.1:60177] isIdleTimeoutExpired=false isRemotelyClosed=true isTtlExpired=false
17:25:41.242 [AsyncHttpClient-1-1] DEBUG org.asynchttpclient.netty.channel.DefaultChannelPool - Closing Idle Channel [id: 0x0f7d4e04, L:/127.0.0.1:60182 ! R:localhost/127.0.0.1:60177]
17:25:41.242 [AsyncHttpClient-1-1] DEBUG org.asynchttpclient.netty.channel.DefaultChannelPool - Closed 1 connections out of 2 in 0 ms
17:25:41.454 [AsyncHttpClient-1-4] DEBUG org.asynchttpclient.netty.handler.HttpHandler - Channel Closed: [id: 0xabca1d4f, L:/127.0.0.1:60176 ! R:localhost/127.0.0.1:59259] with attribute DISCARD
]]></system-out>
    <system-err><![CDATA[Starting ChromeDriver 102.0.5005.61 (0e59bcc00cc4985ce39ad31c150065f159d95ad3-refs/branch-heads/5005@{#819}) on port 59259
Only local connections are allowed.
Please see https://chromedriver.chromium.org/security-considerations for suggestions on keeping ChromeDriver safe.
ChromeDriver was started successfully.
Jun 16, 2022 5:25:30 PM org.openqa.selenium.remote.ProtocolHandshake createSession
INFO: Detected dialect: W3C
Jun 16, 2022 5:25:30 PM org.openqa.selenium.devtools.CdpVersionFinder findNearestMatch
WARNING: Unable to find an exact match for CDP version 102, so returning the closest version found: a no-op implementation
Jun 16, 2022 5:25:30 PM org.openqa.selenium.devtools.CdpVersionFinder findNearestMatch
INFO: Unable to find CDP implementation matching 102.
Jun 16, 2022 5:25:30 PM org.openqa.selenium.chromium.ChromiumDriver lambda$new$3
WARNING: Unable to find version of CDP to use for . You may need to include a dependency on a specific version of the CDP using something similar to `org.seleniumhq.selenium:selenium-devtools-v86:4.1.2` where the version ("v86") matches the version of the chromium-based browser you're using and the version number of the artifact is the same as Selenium's.
]]></system-err>
  </testcase>
  <testcase name="Create New Patient Scenario" classname="Patient" time="48.542">
    <system-out><![CDATA[17:25:41.974 [main] INFO io.cucumber.core.plugin.SerenityReporter - Running feature from file:///E:/My%20Documents/File%20Difa/TI%20Semester%206%20Kampus%20Merdeka%20Alterra/Tugas/CAPSTONE%20Project/Capstone-Project-Website/src/test/resources/features/2.Patient.feature
17:25:41.983 [main] DEBUG net.thucydides.core.steps.StepEventBus - Test suite started for story net.thucydides.core.model.Story@ccc708cc
17:25:41.984 [main] INFO  - Test Suite Started: Patient

@Patient @Create
Scenario: Create New Patient Scenario             &amp#27;[90m# src/test/resources/features/2.Patient.feature:8&amp#27;[0m
17:25:42.019 [main] INFO io.cucumber.core.plugin.SerenityReporter - Running feature from file:///E:/My%20Documents/File%20Difa/TI%20Semester%206%20Kampus%20Merdeka%20Alterra/Tugas/CAPSTONE%20Project/Capstone-Project-Website/src/test/resources/features/2.Patient.feature
17:25:42.022 [main] INFO  - 
  _____   ___   ___   _____     ___   _____     _     ___   _____   ___   ___  
 |_   _| | __| / __| |_   _|   / __| |_   _|   /_\   | _ \ |_   _| | __| |   \ 
   | |   | _|  \__ \   | |     \__ \   | |    / _ \  |   /   | |   | _|  | |) |
   |_|   |___| |___/   |_|     |___/   |_|   /_/ \_\ |_|_\   |_|   |___| |___/ 

Create New Patient Scenario(patient;create-new-patient-scenario)
--------------------------------------------------------------------------------
17:25:42.050 [main] DEBUG net.thucydides.core.steps.StepInterceptor - STARTING STEP: PatientSteps.iAmAtTheDashboardPage - openUrl
17:25:42.051 [main] INFO net.serenitybdd.core.webdriver.driverproviders.ChromeDriverProvider - Using automatically driver download
17:25:42.231 [main] DEBUG io.github.bonigarcia.wdm.cache.ResolutionCache - Resolution chrome=102 in cache (valid until 18:07:22 16/06/2022 ICT)
17:25:42.237 [main] DEBUG io.github.bonigarcia.wdm.cache.ResolutionCache - Resolution chrome102=102.0.5005.61 in cache (valid until 15:56:01 17/06/2022 ICT)
17:25:42.238 [main] INFO io.github.bonigarcia.wdm.WebDriverManager - Using chromedriver 102.0.5005.61 (resolved driver for Chrome 102)
17:25:42.256 [main] DEBUG io.github.bonigarcia.wdm.WebDriverManager - Driver chromedriver 102.0.5005.61 found in cache
17:25:42.257 [main] INFO io.github.bonigarcia.wdm.WebDriverManager - Exporting webdriver.chrome.driver as C:\Users\USER\.cache\selenium\chromedriver\win32\102.0.5005.61\chromedriver.exe
17:25:42.342 [AsyncHttpClient-1-1] DEBUG org.asynchttpclient.netty.channel.DefaultChannelPool - Entry count for : http://localhost:59259 : 1
17:25:42.342 [AsyncHttpClient-1-1] DEBUG org.asynchttpclient.netty.channel.DefaultChannelPool - Adding Candidate expired Channel [id: 0xabca1d4f, L:/127.0.0.1:60176 ! R:localhost/127.0.0.1:59259] isIdleTimeoutExpired=false isRemotelyClosed=true isTtlExpired=false
17:25:42.342 [AsyncHttpClient-1-1] DEBUG org.asynchttpclient.netty.channel.DefaultChannelPool - Closing Idle Channel [id: 0xabca1d4f, L:/127.0.0.1:60176 ! R:localhost/127.0.0.1:59259]
17:25:42.342 [AsyncHttpClient-1-1] DEBUG org.asynchttpclient.netty.channel.DefaultChannelPool - Closed 1 connections out of 1 in 0 ms
17:25:42.419 [main] DEBUG net.serenitybdd.core.webdriver.driverproviders.ProvideNewDriver - Instantiating driver
17:25:42.419 [main] DEBUG net.serenitybdd.core.webdriver.driverproviders.ProvideNewDriver - Driver capabilities: Capabilities {acceptInsecureCerts: false, base.url: https://hospital-management..., browserName: chrome, chrome.driver: src/test/resources/webdrive..., driver: chrome, goog:chromeOptions: {args: [], extensions: []}}
17:25:44.028 [AsyncHttpClient-1-7] DEBUG org.asynchttpclient.netty.channel.NettyConnectListener - Using new Channel '[id: 0xee6af73c, L:/127.0.0.1:60201 - R:localhost/127.0.0.1:64127]' for 'POST' to '/session'
17:25:46.110 [AsyncHttpClient-1-7] DEBUG org.asynchttpclient.netty.handler.HttpHandler - 

Request DefaultHttpRequest(decodeResult: success, version: HTTP/1.1)
POST /session HTTP/1.1
User-Agent: selenium/4.1.2 (java windows)
Content-Length: 621
Content-Type: application/json; charset=utf-8
host: localhost:64127
accept: */*

Response DefaultHttpResponse(decodeResult: success, version: HTTP/1.1)
HTTP/1.1 200 OK
Content-Type: application/json; charset=utf-8
cache-control: no-cache
content-length: 788

17:25:46.111 [AsyncHttpClient-1-7] DEBUG org.asynchttpclient.netty.channel.ChannelManager - Adding key: http://localhost:64127 for channel [id: 0xee6af73c, L:/127.0.0.1:60201 - R:localhost/127.0.0.1:64127]
17:25:46.120 [AsyncHttpClient-1-8] DEBUG org.asynchttpclient.netty.channel.NettyConnectListener - Using new Channel '[id: 0xec6a601a, L:/127.0.0.1:60208 - R:localhost/127.0.0.1:60202]' for 'GET' to '/json/version'
17:25:46.121 [AsyncHttpClient-1-8] DEBUG org.asynchttpclient.netty.handler.HttpHandler - 

Request DefaultFullHttpRequest(decodeResult: success, version: HTTP/1.1, content: EmptyByteBufBE)
GET /json/version HTTP/1.1
User-Agent: selenium/4.1.2 (java windows)
host: localhost:60202
accept: */*

Response DefaultHttpResponse(decodeResult: success, version: HTTP/1.1)
HTTP/1.1 200 OK
Content-Type: application/json; charset=UTF-8
content-length: 427

17:25:46.121 [AsyncHttpClient-1-8] DEBUG org.asynchttpclient.netty.channel.ChannelManager - Adding key: http://localhost:60202 for channel [id: 0xec6a601a, L:/127.0.0.1:60208 - R:localhost/127.0.0.1:60202]
17:25:46.123 [AsyncHttpClient-1-9] DEBUG org.asynchttpclient.netty.channel.NettyConnectListener - Using new Channel '[id: 0x3f333b0a, L:/127.0.0.1:60209 - R:localhost/127.0.0.1:60202]' for 'GET' to '/devtools/browser/8d6b0307-054b-4341-ba39-a54250424c43'
17:25:46.124 [AsyncHttpClient-1-9] DEBUG org.asynchttpclient.netty.handler.WebSocketHandler - 

Request DefaultFullHttpRequest(decodeResult: success, version: HTTP/1.1, content: EmptyByteBufBE)
GET /devtools/browser/8d6b0307-054b-4341-ba39-a54250424c43 HTTP/1.1
upgrade: websocket
connection: upgrade
sec-websocket-key: ZhujS7H3ilmb9Uw7tfx6cQ==
sec-websocket-version: 13
origin: http://localhost:60202
host: localhost:60202
accept: */*
user-agent: AHC/2.1

Response DefaultHttpResponse(decodeResult: success, version: HTTP/1.1)
HTTP/1.1 101 WebSocket Protocol Handshake
Upgrade: WebSocket
Connection: Upgrade
Sec-WebSocket-Accept: wC07j1nbVFdvF2H8D2+BvnjCXsQ=

17:25:46.128 [Forwarding maximizeCurrentWindow on session 2a93e206230408e83df6b6d06887a47a to remote] DEBUG org.asynchttpclient.netty.request.NettyRequestSender - Using pooled Channel '[id: 0xee6af73c, L:/127.0.0.1:60201 - R:localhost/127.0.0.1:64127]' for 'POST' to 'http://localhost:64127/session/2a93e206230408e83df6b6d06887a47a/window/maximize'
17:25:46.128 [Forwarding maximizeCurrentWindow on session 2a93e206230408e83df6b6d06887a47a to remote] DEBUG org.asynchttpclient.netty.request.NettyRequestSender - Using open Channel [id: 0xee6af73c, L:/127.0.0.1:60201 - R:localhost/127.0.0.1:64127] for POST '/session/2a93e206230408e83df6b6d06887a47a/window/maximize'
17:25:46.245 [AsyncHttpClient-1-7] DEBUG org.asynchttpclient.netty.handler.HttpHandler - 

Request DefaultHttpRequest(decodeResult: success, version: HTTP/1.1)
POST /session/2a93e206230408e83df6b6d06887a47a/window/maximize HTTP/1.1
User-Agent: selenium/4.1.2 (java windows)
Content-Length: 3
Content-Type: application/json; charset=utf-8
host: localhost:64127
accept: */*

Response DefaultHttpResponse(decodeResult: success, version: HTTP/1.1)
HTTP/1.1 200 OK
Content-Type: application/json; charset=utf-8
cache-control: no-cache
content-length: 51

17:25:46.245 [AsyncHttpClient-1-7] DEBUG org.asynchttpclient.netty.channel.ChannelManager - Adding key: http://localhost:64127 for channel [id: 0xee6af73c, L:/127.0.0.1:60201 - R:localhost/127.0.0.1:64127]
17:25:46.247 [Forwarding get on session 2a93e206230408e83df6b6d06887a47a to remote] DEBUG org.asynchttpclient.netty.request.NettyRequestSender - Using pooled Channel '[id: 0xee6af73c, L:/127.0.0.1:60201 - R:localhost/127.0.0.1:64127]' for 'POST' to 'http://localhost:64127/session/2a93e206230408e83df6b6d06887a47a/url'
17:25:46.247 [Forwarding get on session 2a93e206230408e83df6b6d06887a47a to remote] DEBUG org.asynchttpclient.netty.request.NettyRequestSender - Using open Channel [id: 0xee6af73c, L:/127.0.0.1:60201 - R:localhost/127.0.0.1:64127] for POST '/session/2a93e206230408e83df6b6d06887a47a/url'
17:25:46.744 [AsyncHttpClient-1-1] DEBUG org.asynchttpclient.netty.channel.DefaultChannelPool - Entry count for : http://localhost:60202 : 1
17:25:47.842 [AsyncHttpClient-1-1] DEBUG org.asynchttpclient.netty.channel.DefaultChannelPool - Entry count for : http://localhost:60202 : 1
17:25:48.942 [AsyncHttpClient-1-1] DEBUG org.asynchttpclient.netty.channel.DefaultChannelPool - Entry count for : http://localhost:60202 : 1
17:25:50.042 [AsyncHttpClient-1-1] DEBUG org.asynchttpclient.netty.channel.DefaultChannelPool - Entry count for : http://localhost:60202 : 1
17:25:51.143 [AsyncHttpClient-1-1] DEBUG org.asynchttpclient.netty.channel.DefaultChannelPool - Entry count for : http://localhost:60202 : 1
17:25:52.242 [AsyncHttpClient-1-1] DEBUG org.asynchttpclient.netty.channel.DefaultChannelPool - Entry count for : http://localhost:60202 : 1
17:25:53.342 [AsyncHttpClient-1-1] DEBUG org.asynchttpclient.netty.channel.DefaultChannelPool - Entry count for : http://localhost:60202 : 1
17:25:54.443 [AsyncHttpClient-1-1] DEBUG org.asynchttpclient.netty.channel.DefaultChannelPool - Entry count for : http://localhost:60202 : 1
17:25:55.542 [AsyncHttpClient-1-1] DEBUG org.asynchttpclient.netty.channel.DefaultChannelPool - Entry count for : http://localhost:60202 : 1
17:25:56.642 [AsyncHttpClient-1-1] DEBUG org.asynchttpclient.netty.channel.DefaultChannelPool - Entry count for : http://localhost:60202 : 1
17:25:57.743 [AsyncHttpClient-1-1] DEBUG org.asynchttpclient.netty.channel.DefaultChannelPool - Entry count for : http://localhost:60202 : 1
17:25:58.842 [AsyncHttpClient-1-1] DEBUG org.asynchttpclient.netty.channel.DefaultChannelPool - Entry count for : http://localhost:60202 : 1
17:25:59.943 [AsyncHttpClient-1-1] DEBUG org.asynchttpclient.netty.channel.DefaultChannelPool - Entry count for : http://localhost:60202 : 1
17:26:01.042 [AsyncHttpClient-1-1] DEBUG org.asynchttpclient.netty.channel.DefaultChannelPool - Entry count for : http://localhost:60202 : 1
17:26:02.142 [AsyncHttpClient-1-1] DEBUG org.asynchttpclient.netty.channel.DefaultChannelPool - Entry count for : http://localhost:60202 : 1
17:26:03.242 [AsyncHttpClient-1-1] DEBUG org.asynchttpclient.netty.channel.DefaultChannelPool - Entry count for : http://localhost:60202 : 1
17:26:04.342 [AsyncHttpClient-1-1] DEBUG org.asynchttpclient.netty.channel.DefaultChannelPool - Entry count for : http://localhost:60202 : 1
17:26:05.442 [AsyncHttpClient-1-1] DEBUG org.asynchttpclient.netty.channel.DefaultChannelPool - Entry count for : http://localhost:60202 : 1
17:26:06.542 [AsyncHttpClient-1-1] DEBUG org.asynchttpclient.netty.channel.DefaultChannelPool - Entry count for : http://localhost:60202 : 1
17:26:07.642 [AsyncHttpClient-1-1] DEBUG org.asynchttpclient.netty.channel.DefaultChannelPool - Entry count for : http://localhost:60202 : 1
17:26:08.742 [AsyncHttpClient-1-1] DEBUG org.asynchttpclient.netty.channel.DefaultChannelPool - Entry count for : http://localhost:60202 : 1
17:26:09.843 [AsyncHttpClient-1-1] DEBUG org.asynchttpclient.netty.channel.DefaultChannelPool - Entry count for : http://localhost:60202 : 1
17:26:10.944 [AsyncHttpClient-1-1] DEBUG org.asynchttpclient.netty.channel.DefaultChannelPool - Entry count for : http://localhost:60202 : 1
17:26:12.042 [AsyncHttpClient-1-1] DEBUG org.asynchttpclient.netty.channel.DefaultChannelPool - Entry count for : http://localhost:60202 : 1
17:26:13.142 [AsyncHttpClient-1-1] DEBUG org.asynchttpclient.netty.channel.DefaultChannelPool - Entry count for : http://localhost:60202 : 1
17:26:14.243 [AsyncHttpClient-1-1] DEBUG org.asynchttpclient.netty.channel.DefaultChannelPool - Entry count for : http://localhost:60202 : 1
17:26:15.342 [AsyncHttpClient-1-1] DEBUG org.asynchttpclient.netty.channel.DefaultChannelPool - Entry count for : http://localhost:60202 : 1
17:26:16.442 [AsyncHttpClient-1-1] DEBUG org.asynchttpclient.netty.channel.DefaultChannelPool - Entry count for : http://localhost:60202 : 1
17:26:17.542 [AsyncHttpClient-1-1] DEBUG org.asynchttpclient.netty.channel.DefaultChannelPool - Entry count for : http://localhost:60202 : 1
17:26:18.642 [AsyncHttpClient-1-1] DEBUG org.asynchttpclient.netty.channel.DefaultChannelPool - Entry count for : http://localhost:60202 : 1
17:26:19.742 [AsyncHttpClient-1-1] DEBUG org.asynchttpclient.netty.channel.DefaultChannelPool - Entry count for : http://localhost:60202 : 1
17:26:19.777 [AsyncHttpClient-1-7] DEBUG org.asynchttpclient.netty.handler.HttpHandler - 

Request DefaultHttpRequest(decodeResult: success, version: HTTP/1.1)
POST /session/2a93e206230408e83df6b6d06887a47a/url HTTP/1.1
User-Agent: selenium/4.1.2 (java windows)
Content-Length: 65
Content-Type: application/json; charset=utf-8
host: localhost:64127
accept: */*

Response DefaultHttpResponse(decodeResult: success, version: HTTP/1.1)
HTTP/1.1 200 OK
Content-Type: application/json; charset=utf-8
cache-control: no-cache
content-length: 14

17:26:19.777 [AsyncHttpClient-1-7] DEBUG org.asynchttpclient.netty.channel.ChannelManager - Adding key: http://localhost:64127 for channel [id: 0xee6af73c, L:/127.0.0.1:60201 - R:localhost/127.0.0.1:64127]
17:26:19.781 [Forwarding setTimeout on session 2a93e206230408e83df6b6d06887a47a to remote] DEBUG org.asynchttpclient.netty.request.NettyRequestSender - Using pooled Channel '[id: 0xee6af73c, L:/127.0.0.1:60201 - R:localhost/127.0.0.1:64127]' for 'POST' to 'http://localhost:64127/session/2a93e206230408e83df6b6d06887a47a/timeouts'
17:26:19.781 [Forwarding setTimeout on session 2a93e206230408e83df6b6d06887a47a to remote] DEBUG org.asynchttpclient.netty.request.NettyRequestSender - Using open Channel [id: 0xee6af73c, L:/127.0.0.1:60201 - R:localhost/127.0.0.1:64127] for POST '/session/2a93e206230408e83df6b6d06887a47a/timeouts'
17:26:19.782 [AsyncHttpClient-1-7] DEBUG org.asynchttpclient.netty.handler.HttpHandler - 

Request DefaultHttpRequest(decodeResult: success, version: HTTP/1.1)
POST /session/2a93e206230408e83df6b6d06887a47a/timeouts HTTP/1.1
User-Agent: selenium/4.1.2 (java windows)
Content-Length: 22
Content-Type: application/json; charset=utf-8
host: localhost:64127
accept: */*

Response DefaultHttpResponse(decodeResult: success, version: HTTP/1.1)
HTTP/1.1 200 OK
Content-Type: application/json; charset=utf-8
cache-control: no-cache
content-length: 14

17:26:19.782 [AsyncHttpClient-1-7] DEBUG org.asynchttpclient.netty.channel.ChannelManager - Adding key: http://localhost:64127 for channel [id: 0xee6af73c, L:/127.0.0.1:60201 - R:localhost/127.0.0.1:64127]
17:26:19.787 [Forwarding getCurrentUrl on session 2a93e206230408e83df6b6d06887a47a to remote] DEBUG org.asynchttpclient.netty.request.NettyRequestSender - Using pooled Channel '[id: 0xee6af73c, L:/127.0.0.1:60201 - R:localhost/127.0.0.1:64127]' for 'GET' to 'http://localhost:64127/session/2a93e206230408e83df6b6d06887a47a/url'
17:26:19.787 [Forwarding getCurrentUrl on session 2a93e206230408e83df6b6d06887a47a to remote] DEBUG org.asynchttpclient.netty.request.NettyRequestSender - Using open Channel [id: 0xee6af73c, L:/127.0.0.1:60201 - R:localhost/127.0.0.1:64127] for GET '/session/2a93e206230408e83df6b6d06887a47a/url'
17:26:19.874 [AsyncHttpClient-1-7] DEBUG org.asynchttpclient.netty.handler.HttpHandler - 

Request DefaultFullHttpRequest(decodeResult: success, version: HTTP/1.1, content: EmptyByteBufBE)
GET /session/2a93e206230408e83df6b6d06887a47a/url HTTP/1.1
User-Agent: selenium/4.1.2 (java windows)
Cache-Control: no-cache
Content-Type: application/json; charset=utf-8
host: localhost:64127
accept: */*

Response DefaultHttpResponse(decodeResult: success, version: HTTP/1.1)
HTTP/1.1 200 OK
Content-Type: application/json; charset=utf-8
cache-control: no-cache
content-length: 53

17:26:19.874 [AsyncHttpClient-1-7] DEBUG org.asynchttpclient.netty.channel.ChannelManager - Adding key: http://localhost:64127 for channel [id: 0xee6af73c, L:/127.0.0.1:60201 - R:localhost/127.0.0.1:64127]
17:26:19.878 [Forwarding getCurrentUrl on session 2a93e206230408e83df6b6d06887a47a to remote] DEBUG org.asynchttpclient.netty.request.NettyRequestSender - Using pooled Channel '[id: 0xee6af73c, L:/127.0.0.1:60201 - R:localhost/127.0.0.1:64127]' for 'GET' to 'http://localhost:64127/session/2a93e206230408e83df6b6d06887a47a/url'
17:26:19.878 [Forwarding getCurrentUrl on session 2a93e206230408e83df6b6d06887a47a to remote] DEBUG org.asynchttpclient.netty.request.NettyRequestSender - Using open Channel [id: 0xee6af73c, L:/127.0.0.1:60201 - R:localhost/127.0.0.1:64127] for GET '/session/2a93e206230408e83df6b6d06887a47a/url'
17:26:19.883 [AsyncHttpClient-1-7] DEBUG org.asynchttpclient.netty.handler.HttpHandler - 

Request DefaultFullHttpRequest(decodeResult: success, version: HTTP/1.1, content: EmptyByteBufBE)
GET /session/2a93e206230408e83df6b6d06887a47a/url HTTP/1.1
User-Agent: selenium/4.1.2 (java windows)
Cache-Control: no-cache
Content-Type: application/json; charset=utf-8
host: localhost:64127
accept: */*

Response DefaultHttpResponse(decodeResult: success, version: HTTP/1.1)
HTTP/1.1 200 OK
Content-Type: application/json; charset=utf-8
cache-control: no-cache
content-length: 53

17:26:19.883 [AsyncHttpClient-1-7] DEBUG org.asynchttpclient.netty.channel.ChannelManager - Adding key: http://localhost:64127 for channel [id: 0xee6af73c, L:/127.0.0.1:60201 - R:localhost/127.0.0.1:64127]
17:26:19.890 [main] DEBUG net.serenitybdd.core.photography.Darkroom - Opening darkroom
17:26:19.890 [Darkroom Processing Line] DEBUG net.serenitybdd.core.photography.DarkroomProcessingLine - Darkroom processing line starting up
17:26:19.890 [Forwarding screenshot on session 2a93e206230408e83df6b6d06887a47a to remote] DEBUG org.asynchttpclient.netty.request.NettyRequestSender - Using pooled Channel '[id: 0xee6af73c, L:/127.0.0.1:60201 - R:localhost/127.0.0.1:64127]' for 'GET' to 'http://localhost:64127/session/2a93e206230408e83df6b6d06887a47a/screenshot'
17:26:19.890 [Forwarding screenshot on session 2a93e206230408e83df6b6d06887a47a to remote] DEBUG org.asynchttpclient.netty.request.NettyRequestSender - Using open Channel [id: 0xee6af73c, L:/127.0.0.1:60201 - R:localhost/127.0.0.1:64127] for GET '/session/2a93e206230408e83df6b6d06887a47a/screenshot'
17:26:20.210 [AsyncHttpClient-1-7] DEBUG org.asynchttpclient.netty.handler.HttpHandler - 

Request DefaultFullHttpRequest(decodeResult: success, version: HTTP/1.1, content: EmptyByteBufBE)
GET /session/2a93e206230408e83df6b6d06887a47a/screenshot HTTP/1.1
User-Agent: selenium/4.1.2 (java windows)
Cache-Control: no-cache
Content-Type: application/json; charset=utf-8
host: localhost:64127
accept: */*

Response DefaultHttpResponse(decodeResult: success, version: HTTP/1.1)
HTTP/1.1 200 OK
Content-Type: application/json; charset=utf-8
cache-control: no-cache
content-length: 351816

17:26:20.212 [AsyncHttpClient-1-7] DEBUG org.asynchttpclient.netty.channel.ChannelManager - Adding key: http://localhost:64127 for channel [id: 0xee6af73c, L:/127.0.0.1:60201 - R:localhost/127.0.0.1:64127]
17:26:20.237 [main] DEBUG net.serenitybdd.core.photography.Darkroom - Send negative for processing for target\site\serenity\20277f1d76f1b925628464fcd1ece5de77a814679d1be3fdcf836a7ddadfed60.png
17:26:20.237 [main] DEBUG net.thucydides.core.steps.StepInterceptor - STEP DONE: openUrl
17:26:20.247 [main] DEBUG net.thucydides.core.steps.StepInterceptor - STARTING STEP: PatientSteps.iAmAtTheDashboardPage - validateOnDashboardPage
17:26:20.250 [Forwarding findElement on session 2a93e206230408e83df6b6d06887a47a to remote] DEBUG org.asynchttpclient.netty.request.NettyRequestSender - Using pooled Channel '[id: 0xee6af73c, L:/127.0.0.1:60201 - R:localhost/127.0.0.1:64127]' for 'POST' to 'http://localhost:64127/session/2a93e206230408e83df6b6d06887a47a/element'
17:26:20.250 [Forwarding findElement on session 2a93e206230408e83df6b6d06887a47a to remote] DEBUG org.asynchttpclient.netty.request.NettyRequestSender - Using open Channel [id: 0xee6af73c, L:/127.0.0.1:60201 - R:localhost/127.0.0.1:64127] for POST '/session/2a93e206230408e83df6b6d06887a47a/element'
17:26:20.280 [AsyncHttpClient-1-7] DEBUG org.asynchttpclient.netty.handler.HttpHandler - 

Request DefaultHttpRequest(decodeResult: success, version: HTTP/1.1)
POST /session/2a93e206230408e83df6b6d06887a47a/element HTTP/1.1
User-Agent: selenium/4.1.2 (java windows)
Content-Length: 81
Content-Type: application/json; charset=utf-8
host: localhost:64127
accept: */*

Response DefaultHttpResponse(decodeResult: success, version: HTTP/1.1)
HTTP/1.1 200 OK
Content-Type: application/json; charset=utf-8
cache-control: no-cache
content-length: 88

17:26:20.280 [AsyncHttpClient-1-7] DEBUG org.asynchttpclient.netty.channel.ChannelManager - Adding key: http://localhost:64127 for channel [id: 0xee6af73c, L:/127.0.0.1:60201 - R:localhost/127.0.0.1:64127]
17:26:20.468 [Forwarding isElementDisplayed on session 2a93e206230408e83df6b6d06887a47a to remote] DEBUG org.asynchttpclient.netty.request.NettyRequestSender - Using pooled Channel '[id: 0xee6af73c, L:/127.0.0.1:60201 - R:localhost/127.0.0.1:64127]' for 'POST' to 'http://localhost:64127/session/2a93e206230408e83df6b6d06887a47a/execute/sync'
17:26:20.468 [Forwarding isElementDisplayed on session 2a93e206230408e83df6b6d06887a47a to remote] DEBUG org.asynchttpclient.netty.request.NettyRequestSender - Using open Channel [id: 0xee6af73c, L:/127.0.0.1:60201 - R:localhost/127.0.0.1:64127] for POST '/session/2a93e206230408e83df6b6d06887a47a/execute/sync'
17:26:20.516 [AsyncHttpClient-1-7] DEBUG org.asynchttpclient.netty.handler.HttpHandler - 

Request DefaultHttpRequest(decodeResult: success, version: HTTP/1.1)
POST /session/2a93e206230408e83df6b6d06887a47a/execute/sync HTTP/1.1
User-Agent: selenium/4.1.2 (java windows)
Content-Length: 48780
Content-Type: application/json; charset=utf-8
host: localhost:64127
accept: */*

Response DefaultHttpResponse(decodeResult: success, version: HTTP/1.1)
HTTP/1.1 200 OK
Content-Type: application/json; charset=utf-8
cache-control: no-cache
content-length: 14

17:26:20.516 [AsyncHttpClient-1-7] DEBUG org.asynchttpclient.netty.channel.ChannelManager - Adding key: http://localhost:64127 for channel [id: 0xee6af73c, L:/127.0.0.1:60201 - R:localhost/127.0.0.1:64127]
17:26:20.523 [Forwarding screenshot on session 2a93e206230408e83df6b6d06887a47a to remote] DEBUG org.asynchttpclient.netty.request.NettyRequestSender - Using pooled Channel '[id: 0xee6af73c, L:/127.0.0.1:60201 - R:localhost/127.0.0.1:64127]' for 'GET' to 'http://localhost:64127/session/2a93e206230408e83df6b6d06887a47a/screenshot'
17:26:20.523 [Forwarding screenshot on session 2a93e206230408e83df6b6d06887a47a to remote] DEBUG org.asynchttpclient.netty.request.NettyRequestSender - Using open Channel [id: 0xee6af73c, L:/127.0.0.1:60201 - R:localhost/127.0.0.1:64127] for GET '/session/2a93e206230408e83df6b6d06887a47a/screenshot'
17:26:20.768 [AsyncHttpClient-1-7] DEBUG org.asynchttpclient.netty.handler.HttpHandler - 

Request DefaultFullHttpRequest(decodeResult: success, version: HTTP/1.1, content: EmptyByteBufBE)
GET /session/2a93e206230408e83df6b6d06887a47a/screenshot HTTP/1.1
User-Agent: selenium/4.1.2 (java windows)
Cache-Control: no-cache
Content-Type: application/json; charset=utf-8
host: localhost:64127
accept: */*

Response DefaultHttpResponse(decodeResult: success, version: HTTP/1.1)
HTTP/1.1 200 OK
Content-Type: application/json; charset=utf-8
cache-control: no-cache
content-length: 351816

17:26:20.772 [AsyncHttpClient-1-7] DEBUG org.asynchttpclient.netty.channel.ChannelManager - Adding key: http://localhost:64127 for channel [id: 0xee6af73c, L:/127.0.0.1:60201 - R:localhost/127.0.0.1:64127]
17:26:20.792 [main] DEBUG net.serenitybdd.core.photography.Darkroom - Send negative for processing for target\site\serenity\20277f1d76f1b925628464fcd1ece5de77a814679d1be3fdcf836a7ddadfed60.png
17:26:20.793 [main] DEBUG net.thucydides.core.steps.StepInterceptor - STEP DONE: validateOnDashboardPage
  &amp#27;[32mGiven &amp#27;[0m&amp#27;[32mI am at the dashboard page&amp#27;[0m                &amp#27;[90m# starter.stepdefinitions.PatientSteps.iAmAtTheDashboardPage()&amp#27;[0m
17:26:20.837 [main] DEBUG net.thucydides.core.steps.StepInterceptor - STARTING STEP: PatientSteps.iClickMenuPatient - clickMenuPatientButton
17:26:20.841 [Forwarding findElement on session 2a93e206230408e83df6b6d06887a47a to remote] DEBUG org.asynchttpclient.netty.request.NettyRequestSender - Using pooled Channel '[id: 0xee6af73c, L:/127.0.0.1:60201 - R:localhost/127.0.0.1:64127]' for 'POST' to 'http://localhost:64127/session/2a93e206230408e83df6b6d06887a47a/element'
17:26:20.841 [Forwarding findElement on session 2a93e206230408e83df6b6d06887a47a to remote] DEBUG org.asynchttpclient.netty.request.NettyRequestSender - Using open Channel [id: 0xee6af73c, L:/127.0.0.1:60201 - R:localhost/127.0.0.1:64127] for POST '/session/2a93e206230408e83df6b6d06887a47a/element'
17:26:20.842 [AsyncHttpClient-1-1] DEBUG org.asynchttpclient.netty.channel.DefaultChannelPool - Entry count for : http://localhost:60202 : 1
17:26:20.860 [AsyncHttpClient-1-7] DEBUG org.asynchttpclient.netty.handler.HttpHandler - 

Request DefaultHttpRequest(decodeResult: success, version: HTTP/1.1)
POST /session/2a93e206230408e83df6b6d06887a47a/element HTTP/1.1
User-Agent: selenium/4.1.2 (java windows)
Content-Length: 80
Content-Type: application/json; charset=utf-8
host: localhost:64127
accept: */*

Response DefaultHttpResponse(decodeResult: success, version: HTTP/1.1)
HTTP/1.1 200 OK
Content-Type: application/json; charset=utf-8
cache-control: no-cache
content-length: 88

17:26:20.860 [AsyncHttpClient-1-7] DEBUG org.asynchttpclient.netty.channel.ChannelManager - Adding key: http://localhost:64127 for channel [id: 0xee6af73c, L:/127.0.0.1:60201 - R:localhost/127.0.0.1:64127]
17:26:20.863 [Forwarding getElementTagName on session 2a93e206230408e83df6b6d06887a47a to remote] DEBUG org.asynchttpclient.netty.request.NettyRequestSender - Using pooled Channel '[id: 0xee6af73c, L:/127.0.0.1:60201 - R:localhost/127.0.0.1:64127]' for 'GET' to 'http://localhost:64127/session/2a93e206230408e83df6b6d06887a47a/element/5b59131c-d6f9-465c-9203-b3b39a0bc377/name'
17:26:20.863 [Forwarding getElementTagName on session 2a93e206230408e83df6b6d06887a47a to remote] DEBUG org.asynchttpclient.netty.request.NettyRequestSender - Using open Channel [id: 0xee6af73c, L:/127.0.0.1:60201 - R:localhost/127.0.0.1:64127] for GET '/session/2a93e206230408e83df6b6d06887a47a/element/5b59131c-d6f9-465c-9203-b3b39a0bc377/name'
17:26:20.871 [AsyncHttpClient-1-7] DEBUG org.asynchttpclient.netty.handler.HttpHandler - 

Request DefaultFullHttpRequest(decodeResult: success, version: HTTP/1.1, content: EmptyByteBufBE)
GET /session/2a93e206230408e83df6b6d06887a47a/element/5b59131c-d6f9-465c-9203-b3b39a0bc377/name HTTP/1.1
User-Agent: selenium/4.1.2 (java windows)
Cache-Control: no-cache
Content-Type: application/json; charset=utf-8
host: localhost:64127
accept: */*

Response DefaultHttpResponse(decodeResult: success, version: HTTP/1.1)
HTTP/1.1 200 OK
Content-Type: application/json; charset=utf-8
cache-control: no-cache
content-length: 15

17:26:20.871 [AsyncHttpClient-1-7] DEBUG org.asynchttpclient.netty.channel.ChannelManager - Adding key: http://localhost:64127 for channel [id: 0xee6af73c, L:/127.0.0.1:60201 - R:localhost/127.0.0.1:64127]
17:26:20.874 [Forwarding getElementTagName on session 2a93e206230408e83df6b6d06887a47a to remote] DEBUG org.asynchttpclient.netty.request.NettyRequestSender - Using pooled Channel '[id: 0xee6af73c, L:/127.0.0.1:60201 - R:localhost/127.0.0.1:64127]' for 'GET' to 'http://localhost:64127/session/2a93e206230408e83df6b6d06887a47a/element/5b59131c-d6f9-465c-9203-b3b39a0bc377/name'
17:26:20.874 [Forwarding getElementTagName on session 2a93e206230408e83df6b6d06887a47a to remote] DEBUG org.asynchttpclient.netty.request.NettyRequestSender - Using open Channel [id: 0xee6af73c, L:/127.0.0.1:60201 - R:localhost/127.0.0.1:64127] for GET '/session/2a93e206230408e83df6b6d06887a47a/element/5b59131c-d6f9-465c-9203-b3b39a0bc377/name'
17:26:20.886 [AsyncHttpClient-1-7] DEBUG org.asynchttpclient.netty.handler.HttpHandler - 

Request DefaultFullHttpRequest(decodeResult: success, version: HTTP/1.1, content: EmptyByteBufBE)
GET /session/2a93e206230408e83df6b6d06887a47a/element/5b59131c-d6f9-465c-9203-b3b39a0bc377/name HTTP/1.1
User-Agent: selenium/4.1.2 (java windows)
Cache-Control: no-cache
Content-Type: application/json; charset=utf-8
host: localhost:64127
accept: */*

Response DefaultHttpResponse(decodeResult: success, version: HTTP/1.1)
HTTP/1.1 200 OK
Content-Type: application/json; charset=utf-8
cache-control: no-cache
content-length: 15

17:26:20.887 [AsyncHttpClient-1-7] DEBUG org.asynchttpclient.netty.channel.ChannelManager - Adding key: http://localhost:64127 for channel [id: 0xee6af73c, L:/127.0.0.1:60201 - R:localhost/127.0.0.1:64127]
17:26:20.892 [Forwarding findElement on session 2a93e206230408e83df6b6d06887a47a to remote] DEBUG org.asynchttpclient.netty.request.NettyRequestSender - Using pooled Channel '[id: 0xee6af73c, L:/127.0.0.1:60201 - R:localhost/127.0.0.1:64127]' for 'POST' to 'http://localhost:64127/session/2a93e206230408e83df6b6d06887a47a/element'
17:26:20.892 [Forwarding findElement on session 2a93e206230408e83df6b6d06887a47a to remote] DEBUG org.asynchttpclient.netty.request.NettyRequestSender - Using open Channel [id: 0xee6af73c, L:/127.0.0.1:60201 - R:localhost/127.0.0.1:64127] for POST '/session/2a93e206230408e83df6b6d06887a47a/element'
17:26:20.910 [AsyncHttpClient-1-7] DEBUG org.asynchttpclient.netty.handler.HttpHandler - 

Request DefaultHttpRequest(decodeResult: success, version: HTTP/1.1)
POST /session/2a93e206230408e83df6b6d06887a47a/element HTTP/1.1
User-Agent: selenium/4.1.2 (java windows)
Content-Length: 80
Content-Type: application/json; charset=utf-8
host: localhost:64127
accept: */*

Response DefaultHttpResponse(decodeResult: success, version: HTTP/1.1)
HTTP/1.1 200 OK
Content-Type: application/json; charset=utf-8
cache-control: no-cache
content-length: 88

17:26:20.910 [AsyncHttpClient-1-7] DEBUG org.asynchttpclient.netty.channel.ChannelManager - Adding key: http://localhost:64127 for channel [id: 0xee6af73c, L:/127.0.0.1:60201 - R:localhost/127.0.0.1:64127]
17:26:20.916 [Forwarding clickElement on session 2a93e206230408e83df6b6d06887a47a to remote] DEBUG org.asynchttpclient.netty.request.NettyRequestSender - Using pooled Channel '[id: 0xee6af73c, L:/127.0.0.1:60201 - R:localhost/127.0.0.1:64127]' for 'POST' to 'http://localhost:64127/session/2a93e206230408e83df6b6d06887a47a/element/5b59131c-d6f9-465c-9203-b3b39a0bc377/click'
17:26:20.916 [Forwarding clickElement on session 2a93e206230408e83df6b6d06887a47a to remote] DEBUG org.asynchttpclient.netty.request.NettyRequestSender - Using open Channel [id: 0xee6af73c, L:/127.0.0.1:60201 - R:localhost/127.0.0.1:64127] for POST '/session/2a93e206230408e83df6b6d06887a47a/element/5b59131c-d6f9-465c-9203-b3b39a0bc377/click'
17:26:21.941 [AsyncHttpClient-1-1] DEBUG org.asynchttpclient.netty.channel.DefaultChannelPool - Entry count for : http://localhost:60202 : 1
17:26:22.420 [AsyncHttpClient-1-7] DEBUG org.asynchttpclient.netty.handler.HttpHandler - 

Request DefaultHttpRequest(decodeResult: success, version: HTTP/1.1)
POST /session/2a93e206230408e83df6b6d06887a47a/element/5b59131c-d6f9-465c-9203-b3b39a0bc377/click HTTP/1.1
User-Agent: selenium/4.1.2 (java windows)
Content-Length: 50
Content-Type: application/json; charset=utf-8
host: localhost:64127
accept: */*

Response DefaultHttpResponse(decodeResult: success, version: HTTP/1.1)
HTTP/1.1 200 OK
Content-Type: application/json; charset=utf-8
cache-control: no-cache
content-length: 14

17:26:22.420 [AsyncHttpClient-1-7] DEBUG org.asynchttpclient.netty.channel.ChannelManager - Adding key: http://localhost:64127 for channel [id: 0xee6af73c, L:/127.0.0.1:60201 - R:localhost/127.0.0.1:64127]
17:26:22.427 [Forwarding screenshot on session 2a93e206230408e83df6b6d06887a47a to remote] DEBUG org.asynchttpclient.netty.request.NettyRequestSender - Using pooled Channel '[id: 0xee6af73c, L:/127.0.0.1:60201 - R:localhost/127.0.0.1:64127]' for 'GET' to 'http://localhost:64127/session/2a93e206230408e83df6b6d06887a47a/screenshot'
17:26:22.427 [Forwarding screenshot on session 2a93e206230408e83df6b6d06887a47a to remote] DEBUG org.asynchttpclient.netty.request.NettyRequestSender - Using open Channel [id: 0xee6af73c, L:/127.0.0.1:60201 - R:localhost/127.0.0.1:64127] for GET '/session/2a93e206230408e83df6b6d06887a47a/screenshot'
17:26:22.554 [AsyncHttpClient-1-7] DEBUG org.asynchttpclient.netty.handler.HttpHandler - 

Request DefaultFullHttpRequest(decodeResult: success, version: HTTP/1.1, content: EmptyByteBufBE)
GET /session/2a93e206230408e83df6b6d06887a47a/screenshot HTTP/1.1
User-Agent: selenium/4.1.2 (java windows)
Cache-Control: no-cache
Content-Type: application/json; charset=utf-8
host: localhost:64127
accept: */*

Response DefaultHttpResponse(decodeResult: success, version: HTTP/1.1)
HTTP/1.1 200 OK
Content-Type: application/json; charset=utf-8
cache-control: no-cache
content-length: 55356

17:26:22.555 [AsyncHttpClient-1-7] DEBUG org.asynchttpclient.netty.channel.ChannelManager - Adding key: http://localhost:64127 for channel [id: 0xee6af73c, L:/127.0.0.1:60201 - R:localhost/127.0.0.1:64127]
17:26:22.558 [main] DEBUG net.serenitybdd.core.photography.Darkroom - Send negative for processing for target\site\serenity\ba5e98368b8b80bc67dec291e300f29f857b0a624580ce977aa7580a9f0871db.png
17:26:22.559 [main] DEBUG net.thucydides.core.steps.StepInterceptor - STEP DONE: clickMenuPatientButton
  &amp#27;[32mAnd &amp#27;[0m&amp#27;[32mI click menu patient&amp#27;[0m                        &amp#27;[90m# starter.stepdefinitions.PatientSteps.iClickMenuPatient()&amp#27;[0m
17:26:22.559 [Darkroom Processing Line] DEBUG net.serenitybdd.core.photography.DarkroomProcessingLine - Processing screenshot image in /var/screenshots/screenshot-9778149733160486730
17:26:22.559 [Darkroom Processing Line] DEBUG net.serenitybdd.core.photography.DarkroomProcessingLine - Saving screenshot to target\site\serenity\ba5e98368b8b80bc67dec291e300f29f857b0a624580ce977aa7580a9f0871db.png
17:26:22.584 [main] DEBUG net.thucydides.core.steps.StepInterceptor - STARTING STEP: PatientSteps.iClickAddNewPatient - clickAddNewPatientButton
17:26:22.588 [Forwarding findElement on session 2a93e206230408e83df6b6d06887a47a to remote] DEBUG org.asynchttpclient.netty.request.NettyRequestSender - Using pooled Channel '[id: 0xee6af73c, L:/127.0.0.1:60201 - R:localhost/127.0.0.1:64127]' for 'POST' to 'http://localhost:64127/session/2a93e206230408e83df6b6d06887a47a/element'
17:26:22.588 [Forwarding findElement on session 2a93e206230408e83df6b6d06887a47a to remote] DEBUG org.asynchttpclient.netty.request.NettyRequestSender - Using open Channel [id: 0xee6af73c, L:/127.0.0.1:60201 - R:localhost/127.0.0.1:64127] for POST '/session/2a93e206230408e83df6b6d06887a47a/element'
17:26:22.604 [AsyncHttpClient-1-7] DEBUG org.asynchttpclient.netty.handler.HttpHandler - 

Request DefaultHttpRequest(decodeResult: success, version: HTTP/1.1)
POST /session/2a93e206230408e83df6b6d06887a47a/element HTTP/1.1
User-Agent: selenium/4.1.2 (java windows)
Content-Length: 149
Content-Type: application/json; charset=utf-8
host: localhost:64127
accept: */*

Response DefaultHttpResponse(decodeResult: success, version: HTTP/1.1)
HTTP/1.1 200 OK
Content-Type: application/json; charset=utf-8
cache-control: no-cache
content-length: 88

17:26:22.605 [AsyncHttpClient-1-7] DEBUG org.asynchttpclient.netty.channel.ChannelManager - Adding key: http://localhost:64127 for channel [id: 0xee6af73c, L:/127.0.0.1:60201 - R:localhost/127.0.0.1:64127]
17:26:22.606 [Forwarding getElementTagName on session 2a93e206230408e83df6b6d06887a47a to remote] DEBUG org.asynchttpclient.netty.request.NettyRequestSender - Using pooled Channel '[id: 0xee6af73c, L:/127.0.0.1:60201 - R:localhost/127.0.0.1:64127]' for 'GET' to 'http://localhost:64127/session/2a93e206230408e83df6b6d06887a47a/element/5dc80375-73fb-49f7-b4a5-562907bb5b18/name'
17:26:22.606 [Forwarding getElementTagName on session 2a93e206230408e83df6b6d06887a47a to remote] DEBUG org.asynchttpclient.netty.request.NettyRequestSender - Using open Channel [id: 0xee6af73c, L:/127.0.0.1:60201 - R:localhost/127.0.0.1:64127] for GET '/session/2a93e206230408e83df6b6d06887a47a/element/5dc80375-73fb-49f7-b4a5-562907bb5b18/name'
17:26:22.612 [AsyncHttpClient-1-7] DEBUG org.asynchttpclient.netty.handler.HttpHandler - 

Request DefaultFullHttpRequest(decodeResult: success, version: HTTP/1.1, content: EmptyByteBufBE)
GET /session/2a93e206230408e83df6b6d06887a47a/element/5dc80375-73fb-49f7-b4a5-562907bb5b18/name HTTP/1.1
User-Agent: selenium/4.1.2 (java windows)
Cache-Control: no-cache
Content-Type: application/json; charset=utf-8
host: localhost:64127
accept: */*

Response DefaultHttpResponse(decodeResult: success, version: HTTP/1.1)
HTTP/1.1 200 OK
Content-Type: application/json; charset=utf-8
cache-control: no-cache
content-length: 18

17:26:22.612 [AsyncHttpClient-1-7] DEBUG org.asynchttpclient.netty.channel.ChannelManager - Adding key: http://localhost:64127 for channel [id: 0xee6af73c, L:/127.0.0.1:60201 - R:localhost/127.0.0.1:64127]
17:26:22.614 [Forwarding getElementTagName on session 2a93e206230408e83df6b6d06887a47a to remote] DEBUG org.asynchttpclient.netty.request.NettyRequestSender - Using pooled Channel '[id: 0xee6af73c, L:/127.0.0.1:60201 - R:localhost/127.0.0.1:64127]' for 'GET' to 'http://localhost:64127/session/2a93e206230408e83df6b6d06887a47a/element/5dc80375-73fb-49f7-b4a5-562907bb5b18/name'
17:26:22.614 [Forwarding getElementTagName on session 2a93e206230408e83df6b6d06887a47a to remote] DEBUG org.asynchttpclient.netty.request.NettyRequestSender - Using open Channel [id: 0xee6af73c, L:/127.0.0.1:60201 - R:localhost/127.0.0.1:64127] for GET '/session/2a93e206230408e83df6b6d06887a47a/element/5dc80375-73fb-49f7-b4a5-562907bb5b18/name'
17:26:22.618 [AsyncHttpClient-1-7] DEBUG org.asynchttpclient.netty.handler.HttpHandler - 

Request DefaultFullHttpRequest(decodeResult: success, version: HTTP/1.1, content: EmptyByteBufBE)
GET /session/2a93e206230408e83df6b6d06887a47a/element/5dc80375-73fb-49f7-b4a5-562907bb5b18/name HTTP/1.1
User-Agent: selenium/4.1.2 (java windows)
Cache-Control: no-cache
Content-Type: application/json; charset=utf-8
host: localhost:64127
accept: */*

Response DefaultHttpResponse(decodeResult: success, version: HTTP/1.1)
HTTP/1.1 200 OK
Content-Type: application/json; charset=utf-8
cache-control: no-cache
content-length: 18

17:26:22.618 [AsyncHttpClient-1-7] DEBUG org.asynchttpclient.netty.channel.ChannelManager - Adding key: http://localhost:64127 for channel [id: 0xee6af73c, L:/127.0.0.1:60201 - R:localhost/127.0.0.1:64127]
17:26:22.621 [Forwarding isElementEnabled on session 2a93e206230408e83df6b6d06887a47a to remote] DEBUG org.asynchttpclient.netty.request.NettyRequestSender - Using pooled Channel '[id: 0xee6af73c, L:/127.0.0.1:60201 - R:localhost/127.0.0.1:64127]' for 'GET' to 'http://localhost:64127/session/2a93e206230408e83df6b6d06887a47a/element/5dc80375-73fb-49f7-b4a5-562907bb5b18/enabled'
17:26:22.621 [Forwarding isElementEnabled on session 2a93e206230408e83df6b6d06887a47a to remote] DEBUG org.asynchttpclient.netty.request.NettyRequestSender - Using open Channel [id: 0xee6af73c, L:/127.0.0.1:60201 - R:localhost/127.0.0.1:64127] for GET '/session/2a93e206230408e83df6b6d06887a47a/element/5dc80375-73fb-49f7-b4a5-562907bb5b18/enabled'
17:26:22.890 [AsyncHttpClient-1-7] DEBUG org.asynchttpclient.netty.handler.HttpHandler - 

Request DefaultFullHttpRequest(decodeResult: success, version: HTTP/1.1, content: EmptyByteBufBE)
GET /session/2a93e206230408e83df6b6d06887a47a/element/5dc80375-73fb-49f7-b4a5-562907bb5b18/enabled HTTP/1.1
User-Agent: selenium/4.1.2 (java windows)
Cache-Control: no-cache
Content-Type: application/json; charset=utf-8
host: localhost:64127
accept: */*

Response DefaultHttpResponse(decodeResult: success, version: HTTP/1.1)
HTTP/1.1 200 OK
Content-Type: application/json; charset=utf-8
cache-control: no-cache
content-length: 14

17:26:22.891 [AsyncHttpClient-1-7] DEBUG org.asynchttpclient.netty.channel.ChannelManager - Adding key: http://localhost:64127 for channel [id: 0xee6af73c, L:/127.0.0.1:60201 - R:localhost/127.0.0.1:64127]
17:26:22.895 [Forwarding isElementEnabled on session 2a93e206230408e83df6b6d06887a47a to remote] DEBUG org.asynchttpclient.netty.request.NettyRequestSender - Using pooled Channel '[id: 0xee6af73c, L:/127.0.0.1:60201 - R:localhost/127.0.0.1:64127]' for 'GET' to 'http://localhost:64127/session/2a93e206230408e83df6b6d06887a47a/element/5dc80375-73fb-49f7-b4a5-562907bb5b18/enabled'
17:26:22.896 [Forwarding isElementEnabled on session 2a93e206230408e83df6b6d06887a47a to remote] DEBUG org.asynchttpclient.netty.request.NettyRequestSender - Using open Channel [id: 0xee6af73c, L:/127.0.0.1:60201 - R:localhost/127.0.0.1:64127] for GET '/session/2a93e206230408e83df6b6d06887a47a/element/5dc80375-73fb-49f7-b4a5-562907bb5b18/enabled'
17:26:22.910 [AsyncHttpClient-1-7] DEBUG org.asynchttpclient.netty.handler.HttpHandler - 

Request DefaultFullHttpRequest(decodeResult: success, version: HTTP/1.1, content: EmptyByteBufBE)
GET /session/2a93e206230408e83df6b6d06887a47a/element/5dc80375-73fb-49f7-b4a5-562907bb5b18/enabled HTTP/1.1
User-Agent: selenium/4.1.2 (java windows)
Cache-Control: no-cache
Content-Type: application/json; charset=utf-8
host: localhost:64127
accept: */*

Response DefaultHttpResponse(decodeResult: success, version: HTTP/1.1)
HTTP/1.1 200 OK
Content-Type: application/json; charset=utf-8
cache-control: no-cache
content-length: 14

17:26:22.911 [AsyncHttpClient-1-7] DEBUG org.asynchttpclient.netty.channel.ChannelManager - Adding key: http://localhost:64127 for channel [id: 0xee6af73c, L:/127.0.0.1:60201 - R:localhost/127.0.0.1:64127]
17:26:22.913 [Forwarding findElement on session 2a93e206230408e83df6b6d06887a47a to remote] DEBUG org.asynchttpclient.netty.request.NettyRequestSender - Using pooled Channel '[id: 0xee6af73c, L:/127.0.0.1:60201 - R:localhost/127.0.0.1:64127]' for 'POST' to 'http://localhost:64127/session/2a93e206230408e83df6b6d06887a47a/element'
17:26:22.913 [Forwarding findElement on session 2a93e206230408e83df6b6d06887a47a to remote] DEBUG org.asynchttpclient.netty.request.NettyRequestSender - Using open Channel [id: 0xee6af73c, L:/127.0.0.1:60201 - R:localhost/127.0.0.1:64127] for POST '/session/2a93e206230408e83df6b6d06887a47a/element'
17:26:22.925 [AsyncHttpClient-1-7] DEBUG org.asynchttpclient.netty.handler.HttpHandler - 

Request DefaultHttpRequest(decodeResult: success, version: HTTP/1.1)
POST /session/2a93e206230408e83df6b6d06887a47a/element HTTP/1.1
User-Agent: selenium/4.1.2 (java windows)
Content-Length: 149
Content-Type: application/json; charset=utf-8
host: localhost:64127
accept: */*

Response DefaultHttpResponse(decodeResult: success, version: HTTP/1.1)
HTTP/1.1 200 OK
Content-Type: application/json; charset=utf-8
cache-control: no-cache
content-length: 88

17:26:22.925 [AsyncHttpClient-1-7] DEBUG org.asynchttpclient.netty.channel.ChannelManager - Adding key: http://localhost:64127 for channel [id: 0xee6af73c, L:/127.0.0.1:60201 - R:localhost/127.0.0.1:64127]
17:26:22.927 [Forwarding clickElement on session 2a93e206230408e83df6b6d06887a47a to remote] DEBUG org.asynchttpclient.netty.request.NettyRequestSender - Using pooled Channel '[id: 0xee6af73c, L:/127.0.0.1:60201 - R:localhost/127.0.0.1:64127]' for 'POST' to 'http://localhost:64127/session/2a93e206230408e83df6b6d06887a47a/element/5dc80375-73fb-49f7-b4a5-562907bb5b18/click'
17:26:22.927 [Forwarding clickElement on session 2a93e206230408e83df6b6d06887a47a to remote] DEBUG org.asynchttpclient.netty.request.NettyRequestSender - Using open Channel [id: 0xee6af73c, L:/127.0.0.1:60201 - R:localhost/127.0.0.1:64127] for POST '/session/2a93e206230408e83df6b6d06887a47a/element/5dc80375-73fb-49f7-b4a5-562907bb5b18/click'
17:26:23.045 [AsyncHttpClient-1-1] DEBUG org.asynchttpclient.netty.channel.DefaultChannelPool - Entry count for : http://localhost:60202 : 1
17:26:23.115 [AsyncHttpClient-1-7] DEBUG org.asynchttpclient.netty.handler.HttpHandler - 

Request DefaultHttpRequest(decodeResult: success, version: HTTP/1.1)
POST /session/2a93e206230408e83df6b6d06887a47a/element/5dc80375-73fb-49f7-b4a5-562907bb5b18/click HTTP/1.1
User-Agent: selenium/4.1.2 (java windows)
Content-Length: 50
Content-Type: application/json; charset=utf-8
host: localhost:64127
accept: */*

Response DefaultHttpResponse(decodeResult: success, version: HTTP/1.1)
HTTP/1.1 200 OK
Content-Type: application/json; charset=utf-8
cache-control: no-cache
content-length: 14

17:26:23.116 [AsyncHttpClient-1-7] DEBUG org.asynchttpclient.netty.channel.ChannelManager - Adding key: http://localhost:64127 for channel [id: 0xee6af73c, L:/127.0.0.1:60201 - R:localhost/127.0.0.1:64127]
17:26:23.125 [Forwarding screenshot on session 2a93e206230408e83df6b6d06887a47a to remote] DEBUG org.asynchttpclient.netty.request.NettyRequestSender - Using pooled Channel '[id: 0xee6af73c, L:/127.0.0.1:60201 - R:localhost/127.0.0.1:64127]' for 'GET' to 'http://localhost:64127/session/2a93e206230408e83df6b6d06887a47a/screenshot'
17:26:23.125 [Forwarding screenshot on session 2a93e206230408e83df6b6d06887a47a to remote] DEBUG org.asynchttpclient.netty.request.NettyRequestSender - Using open Channel [id: 0xee6af73c, L:/127.0.0.1:60201 - R:localhost/127.0.0.1:64127] for GET '/session/2a93e206230408e83df6b6d06887a47a/screenshot'
17:26:23.362 [AsyncHttpClient-1-7] DEBUG org.asynchttpclient.netty.handler.HttpHandler - 

Request DefaultFullHttpRequest(decodeResult: success, version: HTTP/1.1, content: EmptyByteBufBE)
GET /session/2a93e206230408e83df6b6d06887a47a/screenshot HTTP/1.1
User-Agent: selenium/4.1.2 (java windows)
Cache-Control: no-cache
Content-Type: application/json; charset=utf-8
host: localhost:64127
accept: */*

Response DefaultHttpResponse(decodeResult: success, version: HTTP/1.1)
HTTP/1.1 200 OK
Content-Type: application/json; charset=utf-8
cache-control: no-cache
content-length: 80528

17:26:23.363 [AsyncHttpClient-1-7] DEBUG org.asynchttpclient.netty.channel.ChannelManager - Adding key: http://localhost:64127 for channel [id: 0xee6af73c, L:/127.0.0.1:60201 - R:localhost/127.0.0.1:64127]
17:26:23.369 [main] DEBUG net.serenitybdd.core.photography.Darkroom - Send negative for processing for target\site\serenity\17a61ba5ed410f9ed21a4c5309597a8281f11cac945893e77a1147ead30b8af0.png
17:26:23.370 [main] DEBUG net.thucydides.core.steps.StepInterceptor - STEP DONE: clickAddNewPatientButton
17:26:23.370 [Darkroom Processing Line] DEBUG net.serenitybdd.core.photography.DarkroomProcessingLine - Processing screenshot image in /var/screenshots/screenshot-4708206614391900713
  &amp#27;[32mWhen &amp#27;[0m&amp#27;[32mI click Add New Patient&amp#27;[0m                    &amp#27;[90m# starter.stepdefinitions.PatientSteps.iClickAddNewPatient()&amp#27;[0m
17:26:23.372 [Darkroom Processing Line] DEBUG net.serenitybdd.core.photography.DarkroomProcessingLine - Saving screenshot to target\site\serenity\17a61ba5ed410f9ed21a4c5309597a8281f11cac945893e77a1147ead30b8af0.png
17:26:23.397 [main] DEBUG net.thucydides.core.steps.StepInterceptor - STARTING STEP: PatientSteps.iInputValidDataPatientAndClickSubmit - inputName
17:26:23.406 [Forwarding findElement on session 2a93e206230408e83df6b6d06887a47a to remote] DEBUG org.asynchttpclient.netty.request.NettyRequestSender - Using pooled Channel '[id: 0xee6af73c, L:/127.0.0.1:60201 - R:localhost/127.0.0.1:64127]' for 'POST' to 'http://localhost:64127/session/2a93e206230408e83df6b6d06887a47a/element'
17:26:23.406 [Forwarding findElement on session 2a93e206230408e83df6b6d06887a47a to remote] DEBUG org.asynchttpclient.netty.request.NettyRequestSender - Using open Channel [id: 0xee6af73c, L:/127.0.0.1:60201 - R:localhost/127.0.0.1:64127] for POST '/session/2a93e206230408e83df6b6d06887a47a/element'
17:26:23.436 [AsyncHttpClient-1-7] DEBUG org.asynchttpclient.netty.handler.HttpHandler - 

Request DefaultHttpRequest(decodeResult: success, version: HTTP/1.1)
POST /session/2a93e206230408e83df6b6d06887a47a/element HTTP/1.1
User-Agent: selenium/4.1.2 (java windows)
Content-Length: 139
Content-Type: application/json; charset=utf-8
host: localhost:64127
accept: */*

Response DefaultHttpResponse(decodeResult: success, version: HTTP/1.1)
HTTP/1.1 200 OK
Content-Type: application/json; charset=utf-8
cache-control: no-cache
content-length: 88

17:26:23.436 [AsyncHttpClient-1-7] DEBUG org.asynchttpclient.netty.channel.ChannelManager - Adding key: http://localhost:64127 for channel [id: 0xee6af73c, L:/127.0.0.1:60201 - R:localhost/127.0.0.1:64127]
17:26:23.439 [Forwarding clearElement on session 2a93e206230408e83df6b6d06887a47a to remote] DEBUG org.asynchttpclient.netty.request.NettyRequestSender - Using pooled Channel '[id: 0xee6af73c, L:/127.0.0.1:60201 - R:localhost/127.0.0.1:64127]' for 'POST' to 'http://localhost:64127/session/2a93e206230408e83df6b6d06887a47a/element/3df4d9fc-d4b0-4699-b8cb-2289609bd2d2/clear'
17:26:23.439 [Forwarding clearElement on session 2a93e206230408e83df6b6d06887a47a to remote] DEBUG org.asynchttpclient.netty.request.NettyRequestSender - Using open Channel [id: 0xee6af73c, L:/127.0.0.1:60201 - R:localhost/127.0.0.1:64127] for POST '/session/2a93e206230408e83df6b6d06887a47a/element/3df4d9fc-d4b0-4699-b8cb-2289609bd2d2/clear'
17:26:23.568 [AsyncHttpClient-1-7] DEBUG org.asynchttpclient.netty.handler.HttpHandler - 

Request DefaultHttpRequest(decodeResult: success, version: HTTP/1.1)
POST /session/2a93e206230408e83df6b6d06887a47a/element/3df4d9fc-d4b0-4699-b8cb-2289609bd2d2/clear HTTP/1.1
User-Agent: selenium/4.1.2 (java windows)
Content-Length: 50
Content-Type: application/json; charset=utf-8
host: localhost:64127
accept: */*

Response DefaultHttpResponse(decodeResult: success, version: HTTP/1.1)
HTTP/1.1 200 OK
Content-Type: application/json; charset=utf-8
cache-control: no-cache
content-length: 14

17:26:23.568 [AsyncHttpClient-1-7] DEBUG org.asynchttpclient.netty.channel.ChannelManager - Adding key: http://localhost:64127 for channel [id: 0xee6af73c, L:/127.0.0.1:60201 - R:localhost/127.0.0.1:64127]
17:26:23.572 [Forwarding sendKeysToElement on session 2a93e206230408e83df6b6d06887a47a to remote] DEBUG org.asynchttpclient.netty.request.NettyRequestSender - Using pooled Channel '[id: 0xee6af73c, L:/127.0.0.1:60201 - R:localhost/127.0.0.1:64127]' for 'POST' to 'http://localhost:64127/session/2a93e206230408e83df6b6d06887a47a/element/3df4d9fc-d4b0-4699-b8cb-2289609bd2d2/value'
17:26:23.572 [Forwarding sendKeysToElement on session 2a93e206230408e83df6b6d06887a47a to remote] DEBUG org.asynchttpclient.netty.request.NettyRequestSender - Using open Channel [id: 0xee6af73c, L:/127.0.0.1:60201 - R:localhost/127.0.0.1:64127] for POST '/session/2a93e206230408e83df6b6d06887a47a/element/3df4d9fc-d4b0-4699-b8cb-2289609bd2d2/value'
17:26:23.880 [AsyncHttpClient-1-7] DEBUG org.asynchttpclient.netty.handler.HttpHandler - 

Request DefaultHttpRequest(decodeResult: success, version: HTTP/1.1)
POST /session/2a93e206230408e83df6b6d06887a47a/element/3df4d9fc-d4b0-4699-b8cb-2289609bd2d2/value HTTP/1.1
User-Agent: selenium/4.1.2 (java windows)
Content-Length: 101
Content-Type: application/json; charset=utf-8
host: localhost:64127
accept: */*

Response DefaultHttpResponse(decodeResult: success, version: HTTP/1.1)
HTTP/1.1 200 OK
Content-Type: application/json; charset=utf-8
cache-control: no-cache
content-length: 14

17:26:23.880 [AsyncHttpClient-1-7] DEBUG org.asynchttpclient.netty.channel.ChannelManager - Adding key: http://localhost:64127 for channel [id: 0xee6af73c, L:/127.0.0.1:60201 - R:localhost/127.0.0.1:64127]
17:26:23.887 [Forwarding screenshot on session 2a93e206230408e83df6b6d06887a47a to remote] DEBUG org.asynchttpclient.netty.request.NettyRequestSender - Using pooled Channel '[id: 0xee6af73c, L:/127.0.0.1:60201 - R:localhost/127.0.0.1:64127]' for 'GET' to 'http://localhost:64127/session/2a93e206230408e83df6b6d06887a47a/screenshot'
17:26:23.887 [Forwarding screenshot on session 2a93e206230408e83df6b6d06887a47a to remote] DEBUG org.asynchttpclient.netty.request.NettyRequestSender - Using open Channel [id: 0xee6af73c, L:/127.0.0.1:60201 - R:localhost/127.0.0.1:64127] for GET '/session/2a93e206230408e83df6b6d06887a47a/screenshot'
17:26:24.000 [AsyncHttpClient-1-7] DEBUG org.asynchttpclient.netty.handler.HttpHandler - 

Request DefaultFullHttpRequest(decodeResult: success, version: HTTP/1.1, content: EmptyByteBufBE)
GET /session/2a93e206230408e83df6b6d06887a47a/screenshot HTTP/1.1
User-Agent: selenium/4.1.2 (java windows)
Cache-Control: no-cache
Content-Type: application/json; charset=utf-8
host: localhost:64127
accept: */*

Response DefaultHttpResponse(decodeResult: success, version: HTTP/1.1)
HTTP/1.1 200 OK
Content-Type: application/json; charset=utf-8
cache-control: no-cache
content-length: 68448

17:26:24.001 [AsyncHttpClient-1-7] DEBUG org.asynchttpclient.netty.channel.ChannelManager - Adding key: http://localhost:64127 for channel [id: 0xee6af73c, L:/127.0.0.1:60201 - R:localhost/127.0.0.1:64127]
17:26:24.005 [main] DEBUG net.serenitybdd.core.photography.Darkroom - Send negative for processing for target\site\serenity\667e89a4ee7a6726cb5f99a6bb2c01df22f1cb70acee9cf688d3cd7b80ed7538.png
17:26:24.005 [main] DEBUG net.thucydides.core.steps.StepInterceptor - STEP DONE: inputName
17:26:24.011 [main] DEBUG net.thucydides.core.steps.StepInterceptor - STARTING STEP: PatientSteps.iInputValidDataPatientAndClickSubmit - inputDateOfBirth
17:26:24.014 [Forwarding findElement on session 2a93e206230408e83df6b6d06887a47a to remote] DEBUG org.asynchttpclient.netty.request.NettyRequestSender - Using pooled Channel '[id: 0xee6af73c, L:/127.0.0.1:60201 - R:localhost/127.0.0.1:64127]' for 'POST' to 'http://localhost:64127/session/2a93e206230408e83df6b6d06887a47a/element'
17:26:24.014 [Forwarding findElement on session 2a93e206230408e83df6b6d06887a47a to remote] DEBUG org.asynchttpclient.netty.request.NettyRequestSender - Using open Channel [id: 0xee6af73c, L:/127.0.0.1:60201 - R:localhost/127.0.0.1:64127] for POST '/session/2a93e206230408e83df6b6d06887a47a/element'
17:26:24.029 [AsyncHttpClient-1-7] DEBUG org.asynchttpclient.netty.handler.HttpHandler - 

Request DefaultHttpRequest(decodeResult: success, version: HTTP/1.1)
POST /session/2a93e206230408e83df6b6d06887a47a/element HTTP/1.1
User-Agent: selenium/4.1.2 (java windows)
Content-Length: 139
Content-Type: application/json; charset=utf-8
host: localhost:64127
accept: */*

Response DefaultHttpResponse(decodeResult: success, version: HTTP/1.1)
HTTP/1.1 200 OK
Content-Type: application/json; charset=utf-8
cache-control: no-cache
content-length: 88

17:26:24.029 [AsyncHttpClient-1-7] DEBUG org.asynchttpclient.netty.channel.ChannelManager - Adding key: http://localhost:64127 for channel [id: 0xee6af73c, L:/127.0.0.1:60201 - R:localhost/127.0.0.1:64127]
17:26:24.030 [Forwarding clearElement on session 2a93e206230408e83df6b6d06887a47a to remote] DEBUG org.asynchttpclient.netty.request.NettyRequestSender - Using pooled Channel '[id: 0xee6af73c, L:/127.0.0.1:60201 - R:localhost/127.0.0.1:64127]' for 'POST' to 'http://localhost:64127/session/2a93e206230408e83df6b6d06887a47a/element/ab4916cc-634e-45ed-9571-9ddedb9a81ec/clear'
17:26:24.030 [Forwarding clearElement on session 2a93e206230408e83df6b6d06887a47a to remote] DEBUG org.asynchttpclient.netty.request.NettyRequestSender - Using open Channel [id: 0xee6af73c, L:/127.0.0.1:60201 - R:localhost/127.0.0.1:64127] for POST '/session/2a93e206230408e83df6b6d06887a47a/element/ab4916cc-634e-45ed-9571-9ddedb9a81ec/clear'
17:26:24.031 [Darkroom Processing Line] DEBUG net.serenitybdd.core.photography.DarkroomProcessingLine - Processing screenshot image in /var/screenshots/screenshot-5372262021208495788
17:26:24.031 [Darkroom Processing Line] DEBUG net.serenitybdd.core.photography.DarkroomProcessingLine - Saving screenshot to target\site\serenity\667e89a4ee7a6726cb5f99a6bb2c01df22f1cb70acee9cf688d3cd7b80ed7538.png
17:26:24.072 [AsyncHttpClient-1-7] DEBUG org.asynchttpclient.netty.handler.HttpHandler - 

Request DefaultHttpRequest(decodeResult: success, version: HTTP/1.1)
POST /session/2a93e206230408e83df6b6d06887a47a/element/ab4916cc-634e-45ed-9571-9ddedb9a81ec/clear HTTP/1.1
User-Agent: selenium/4.1.2 (java windows)
Content-Length: 50
Content-Type: application/json; charset=utf-8
host: localhost:64127
accept: */*

Response DefaultHttpResponse(decodeResult: success, version: HTTP/1.1)
HTTP/1.1 200 OK
Content-Type: application/json; charset=utf-8
cache-control: no-cache
content-length: 14

17:26:24.072 [AsyncHttpClient-1-7] DEBUG org.asynchttpclient.netty.channel.ChannelManager - Adding key: http://localhost:64127 for channel [id: 0xee6af73c, L:/127.0.0.1:60201 - R:localhost/127.0.0.1:64127]
17:26:24.074 [Forwarding sendKeysToElement on session 2a93e206230408e83df6b6d06887a47a to remote] DEBUG org.asynchttpclient.netty.request.NettyRequestSender - Using pooled Channel '[id: 0xee6af73c, L:/127.0.0.1:60201 - R:localhost/127.0.0.1:64127]' for 'POST' to 'http://localhost:64127/session/2a93e206230408e83df6b6d06887a47a/element/ab4916cc-634e-45ed-9571-9ddedb9a81ec/value'
17:26:24.074 [Forwarding sendKeysToElement on session 2a93e206230408e83df6b6d06887a47a to remote] DEBUG org.asynchttpclient.netty.request.NettyRequestSender - Using open Channel [id: 0xee6af73c, L:/127.0.0.1:60201 - R:localhost/127.0.0.1:64127] for POST '/session/2a93e206230408e83df6b6d06887a47a/element/ab4916cc-634e-45ed-9571-9ddedb9a81ec/value'
17:26:24.144 [AsyncHttpClient-1-1] DEBUG org.asynchttpclient.netty.channel.DefaultChannelPool - Entry count for : http://localhost:60202 : 1
17:26:24.238 [AsyncHttpClient-1-7] DEBUG org.asynchttpclient.netty.handler.HttpHandler - 

Request DefaultHttpRequest(decodeResult: success, version: HTTP/1.1)
POST /session/2a93e206230408e83df6b6d06887a47a/element/ab4916cc-634e-45ed-9571-9ddedb9a81ec/value HTTP/1.1
User-Agent: selenium/4.1.2 (java windows)
Content-Length: 161
Content-Type: application/json; charset=utf-8
host: localhost:64127
accept: */*

Response DefaultHttpResponse(decodeResult: success, version: HTTP/1.1)
HTTP/1.1 200 OK
Content-Type: application/json; charset=utf-8
cache-control: no-cache
content-length: 14

17:26:24.239 [AsyncHttpClient-1-7] DEBUG org.asynchttpclient.netty.channel.ChannelManager - Adding key: http://localhost:64127 for channel [id: 0xee6af73c, L:/127.0.0.1:60201 - R:localhost/127.0.0.1:64127]
17:26:24.248 [Forwarding screenshot on session 2a93e206230408e83df6b6d06887a47a to remote] DEBUG org.asynchttpclient.netty.request.NettyRequestSender - Using pooled Channel '[id: 0xee6af73c, L:/127.0.0.1:60201 - R:localhost/127.0.0.1:64127]' for 'GET' to 'http://localhost:64127/session/2a93e206230408e83df6b6d06887a47a/screenshot'
17:26:24.248 [Forwarding screenshot on session 2a93e206230408e83df6b6d06887a47a to remote] DEBUG org.asynchttpclient.netty.request.NettyRequestSender - Using open Channel [id: 0xee6af73c, L:/127.0.0.1:60201 - R:localhost/127.0.0.1:64127] for GET '/session/2a93e206230408e83df6b6d06887a47a/screenshot'
17:26:24.379 [AsyncHttpClient-1-7] DEBUG org.asynchttpclient.netty.handler.HttpHandler - 

Request DefaultFullHttpRequest(decodeResult: success, version: HTTP/1.1, content: EmptyByteBufBE)
GET /session/2a93e206230408e83df6b6d06887a47a/screenshot HTTP/1.1
User-Agent: selenium/4.1.2 (java windows)
Cache-Control: no-cache
Content-Type: application/json; charset=utf-8
host: localhost:64127
accept: */*

Response DefaultHttpResponse(decodeResult: success, version: HTTP/1.1)
HTTP/1.1 200 OK
Content-Type: application/json; charset=utf-8
cache-control: no-cache
content-length: 68672

17:26:24.380 [AsyncHttpClient-1-7] DEBUG org.asynchttpclient.netty.channel.ChannelManager - Adding key: http://localhost:64127 for channel [id: 0xee6af73c, L:/127.0.0.1:60201 - R:localhost/127.0.0.1:64127]
17:26:24.384 [main] DEBUG net.serenitybdd.core.photography.Darkroom - Send negative for processing for target\site\serenity\7e2e152c2ce972c3ce1916fed5d7df6f75046ac8167bfc4c2541ceb2a6a7ba0d.png
17:26:24.385 [main] DEBUG net.thucydides.core.steps.StepInterceptor - STEP DONE: inputDateOfBirth
17:26:24.395 [main] DEBUG net.thucydides.core.steps.StepInterceptor - STARTING STEP: PatientSteps.iInputValidDataPatientAndClickSubmit - clickGenderType
17:26:24.396 [Darkroom Processing Line] DEBUG net.serenitybdd.core.photography.DarkroomProcessingLine - Processing screenshot image in /var/screenshots/screenshot-1776945789455249615
17:26:24.397 [Darkroom Processing Line] DEBUG net.serenitybdd.core.photography.DarkroomProcessingLine - Saving screenshot to target\site\serenity\7e2e152c2ce972c3ce1916fed5d7df6f75046ac8167bfc4c2541ceb2a6a7ba0d.png
17:26:24.403 [Forwarding findElement on session 2a93e206230408e83df6b6d06887a47a to remote] DEBUG org.asynchttpclient.netty.request.NettyRequestSender - Using pooled Channel '[id: 0xee6af73c, L:/127.0.0.1:60201 - R:localhost/127.0.0.1:64127]' for 'POST' to 'http://localhost:64127/session/2a93e206230408e83df6b6d06887a47a/element'
17:26:24.403 [Forwarding findElement on session 2a93e206230408e83df6b6d06887a47a to remote] DEBUG org.asynchttpclient.netty.request.NettyRequestSender - Using open Channel [id: 0xee6af73c, L:/127.0.0.1:60201 - R:localhost/127.0.0.1:64127] for POST '/session/2a93e206230408e83df6b6d06887a47a/element'
17:26:24.424 [AsyncHttpClient-1-7] DEBUG org.asynchttpclient.netty.handler.HttpHandler - 

Request DefaultHttpRequest(decodeResult: success, version: HTTP/1.1)
POST /session/2a93e206230408e83df6b6d06887a47a/element HTTP/1.1
User-Agent: selenium/4.1.2 (java windows)
Content-Length: 154
Content-Type: application/json; charset=utf-8
host: localhost:64127
accept: */*

Response DefaultHttpResponse(decodeResult: success, version: HTTP/1.1)
HTTP/1.1 200 OK
Content-Type: application/json; charset=utf-8
cache-control: no-cache
content-length: 88

17:26:24.424 [AsyncHttpClient-1-7] DEBUG org.asynchttpclient.netty.channel.ChannelManager - Adding key: http://localhost:64127 for channel [id: 0xee6af73c, L:/127.0.0.1:60201 - R:localhost/127.0.0.1:64127]
17:26:24.426 [Forwarding getElementTagName on session 2a93e206230408e83df6b6d06887a47a to remote] DEBUG org.asynchttpclient.netty.request.NettyRequestSender - Using pooled Channel '[id: 0xee6af73c, L:/127.0.0.1:60201 - R:localhost/127.0.0.1:64127]' for 'GET' to 'http://localhost:64127/session/2a93e206230408e83df6b6d06887a47a/element/22bb38be-11b6-4dad-a291-3b855e015bf4/name'
17:26:24.426 [Forwarding getElementTagName on session 2a93e206230408e83df6b6d06887a47a to remote] DEBUG org.asynchttpclient.netty.request.NettyRequestSender - Using open Channel [id: 0xee6af73c, L:/127.0.0.1:60201 - R:localhost/127.0.0.1:64127] for GET '/session/2a93e206230408e83df6b6d06887a47a/element/22bb38be-11b6-4dad-a291-3b855e015bf4/name'
17:26:24.436 [AsyncHttpClient-1-7] DEBUG org.asynchttpclient.netty.handler.HttpHandler - 

Request DefaultFullHttpRequest(decodeResult: success, version: HTTP/1.1, content: EmptyByteBufBE)
GET /session/2a93e206230408e83df6b6d06887a47a/element/22bb38be-11b6-4dad-a291-3b855e015bf4/name HTTP/1.1
User-Agent: selenium/4.1.2 (java windows)
Cache-Control: no-cache
Content-Type: application/json; charset=utf-8
host: localhost:64127
accept: */*

Response DefaultHttpResponse(decodeResult: success, version: HTTP/1.1)
HTTP/1.1 200 OK
Content-Type: application/json; charset=utf-8
cache-control: no-cache
content-length: 17

17:26:24.436 [AsyncHttpClient-1-7] DEBUG org.asynchttpclient.netty.channel.ChannelManager - Adding key: http://localhost:64127 for channel [id: 0xee6af73c, L:/127.0.0.1:60201 - R:localhost/127.0.0.1:64127]
17:26:24.438 [Forwarding getElementTagName on session 2a93e206230408e83df6b6d06887a47a to remote] DEBUG org.asynchttpclient.netty.request.NettyRequestSender - Using pooled Channel '[id: 0xee6af73c, L:/127.0.0.1:60201 - R:localhost/127.0.0.1:64127]' for 'GET' to 'http://localhost:64127/session/2a93e206230408e83df6b6d06887a47a/element/22bb38be-11b6-4dad-a291-3b855e015bf4/name'
17:26:24.439 [Forwarding getElementTagName on session 2a93e206230408e83df6b6d06887a47a to remote] DEBUG org.asynchttpclient.netty.request.NettyRequestSender - Using open Channel [id: 0xee6af73c, L:/127.0.0.1:60201 - R:localhost/127.0.0.1:64127] for GET '/session/2a93e206230408e83df6b6d06887a47a/element/22bb38be-11b6-4dad-a291-3b855e015bf4/name'
17:26:24.443 [AsyncHttpClient-1-7] DEBUG org.asynchttpclient.netty.handler.HttpHandler - 

Request DefaultFullHttpRequest(decodeResult: success, version: HTTP/1.1, content: EmptyByteBufBE)
GET /session/2a93e206230408e83df6b6d06887a47a/element/22bb38be-11b6-4dad-a291-3b855e015bf4/name HTTP/1.1
User-Agent: selenium/4.1.2 (java windows)
Cache-Control: no-cache
Content-Type: application/json; charset=utf-8
host: localhost:64127
accept: */*

Response DefaultHttpResponse(decodeResult: success, version: HTTP/1.1)
HTTP/1.1 200 OK
Content-Type: application/json; charset=utf-8
cache-control: no-cache
content-length: 17

17:26:24.443 [AsyncHttpClient-1-7] DEBUG org.asynchttpclient.netty.channel.ChannelManager - Adding key: http://localhost:64127 for channel [id: 0xee6af73c, L:/127.0.0.1:60201 - R:localhost/127.0.0.1:64127]
17:26:24.448 [Forwarding isElementEnabled on session 2a93e206230408e83df6b6d06887a47a to remote] DEBUG org.asynchttpclient.netty.request.NettyRequestSender - Using pooled Channel '[id: 0xee6af73c, L:/127.0.0.1:60201 - R:localhost/127.0.0.1:64127]' for 'GET' to 'http://localhost:64127/session/2a93e206230408e83df6b6d06887a47a/element/22bb38be-11b6-4dad-a291-3b855e015bf4/enabled'
17:26:24.448 [Forwarding isElementEnabled on session 2a93e206230408e83df6b6d06887a47a to remote] DEBUG org.asynchttpclient.netty.request.NettyRequestSender - Using open Channel [id: 0xee6af73c, L:/127.0.0.1:60201 - R:localhost/127.0.0.1:64127] for GET '/session/2a93e206230408e83df6b6d06887a47a/element/22bb38be-11b6-4dad-a291-3b855e015bf4/enabled'
17:26:24.460 [AsyncHttpClient-1-7] DEBUG org.asynchttpclient.netty.handler.HttpHandler - 

Request DefaultFullHttpRequest(decodeResult: success, version: HTTP/1.1, content: EmptyByteBufBE)
GET /session/2a93e206230408e83df6b6d06887a47a/element/22bb38be-11b6-4dad-a291-3b855e015bf4/enabled HTTP/1.1
User-Agent: selenium/4.1.2 (java windows)
Cache-Control: no-cache
Content-Type: application/json; charset=utf-8
host: localhost:64127
accept: */*

Response DefaultHttpResponse(decodeResult: success, version: HTTP/1.1)
HTTP/1.1 200 OK
Content-Type: application/json; charset=utf-8
cache-control: no-cache
content-length: 14

17:26:24.460 [AsyncHttpClient-1-7] DEBUG org.asynchttpclient.netty.channel.ChannelManager - Adding key: http://localhost:64127 for channel [id: 0xee6af73c, L:/127.0.0.1:60201 - R:localhost/127.0.0.1:64127]
17:26:24.463 [Forwarding isElementEnabled on session 2a93e206230408e83df6b6d06887a47a to remote] DEBUG org.asynchttpclient.netty.request.NettyRequestSender - Using pooled Channel '[id: 0xee6af73c, L:/127.0.0.1:60201 - R:localhost/127.0.0.1:64127]' for 'GET' to 'http://localhost:64127/session/2a93e206230408e83df6b6d06887a47a/element/22bb38be-11b6-4dad-a291-3b855e015bf4/enabled'
17:26:24.463 [Forwarding isElementEnabled on session 2a93e206230408e83df6b6d06887a47a to remote] DEBUG org.asynchttpclient.netty.request.NettyRequestSender - Using open Channel [id: 0xee6af73c, L:/127.0.0.1:60201 - R:localhost/127.0.0.1:64127] for GET '/session/2a93e206230408e83df6b6d06887a47a/element/22bb38be-11b6-4dad-a291-3b855e015bf4/enabled'
17:26:24.472 [AsyncHttpClient-1-7] DEBUG org.asynchttpclient.netty.handler.HttpHandler - 

Request DefaultFullHttpRequest(decodeResult: success, version: HTTP/1.1, content: EmptyByteBufBE)
GET /session/2a93e206230408e83df6b6d06887a47a/element/22bb38be-11b6-4dad-a291-3b855e015bf4/enabled HTTP/1.1
User-Agent: selenium/4.1.2 (java windows)
Cache-Control: no-cache
Content-Type: application/json; charset=utf-8
host: localhost:64127
accept: */*

Response DefaultHttpResponse(decodeResult: success, version: HTTP/1.1)
HTTP/1.1 200 OK
Content-Type: application/json; charset=utf-8
cache-control: no-cache
content-length: 14

17:26:24.472 [AsyncHttpClient-1-7] DEBUG org.asynchttpclient.netty.channel.ChannelManager - Adding key: http://localhost:64127 for channel [id: 0xee6af73c, L:/127.0.0.1:60201 - R:localhost/127.0.0.1:64127]
17:26:24.475 [Forwarding findElement on session 2a93e206230408e83df6b6d06887a47a to remote] DEBUG org.asynchttpclient.netty.request.NettyRequestSender - Using pooled Channel '[id: 0xee6af73c, L:/127.0.0.1:60201 - R:localhost/127.0.0.1:64127]' for 'POST' to 'http://localhost:64127/session/2a93e206230408e83df6b6d06887a47a/element'
17:26:24.475 [Forwarding findElement on session 2a93e206230408e83df6b6d06887a47a to remote] DEBUG org.asynchttpclient.netty.request.NettyRequestSender - Using open Channel [id: 0xee6af73c, L:/127.0.0.1:60201 - R:localhost/127.0.0.1:64127] for POST '/session/2a93e206230408e83df6b6d06887a47a/element'
17:26:24.485 [AsyncHttpClient-1-7] DEBUG org.asynchttpclient.netty.handler.HttpHandler - 

Request DefaultHttpRequest(decodeResult: success, version: HTTP/1.1)
POST /session/2a93e206230408e83df6b6d06887a47a/element HTTP/1.1
User-Agent: selenium/4.1.2 (java windows)
Content-Length: 154
Content-Type: application/json; charset=utf-8
host: localhost:64127
accept: */*

Response DefaultHttpResponse(decodeResult: success, version: HTTP/1.1)
HTTP/1.1 200 OK
Content-Type: application/json; charset=utf-8
cache-control: no-cache
content-length: 88

17:26:24.486 [AsyncHttpClient-1-7] DEBUG org.asynchttpclient.netty.channel.ChannelManager - Adding key: http://localhost:64127 for channel [id: 0xee6af73c, L:/127.0.0.1:60201 - R:localhost/127.0.0.1:64127]
17:26:24.488 [Forwarding clickElement on session 2a93e206230408e83df6b6d06887a47a to remote] DEBUG org.asynchttpclient.netty.request.NettyRequestSender - Using pooled Channel '[id: 0xee6af73c, L:/127.0.0.1:60201 - R:localhost/127.0.0.1:64127]' for 'POST' to 'http://localhost:64127/session/2a93e206230408e83df6b6d06887a47a/element/22bb38be-11b6-4dad-a291-3b855e015bf4/click'
17:26:24.488 [Forwarding clickElement on session 2a93e206230408e83df6b6d06887a47a to remote] DEBUG org.asynchttpclient.netty.request.NettyRequestSender - Using open Channel [id: 0xee6af73c, L:/127.0.0.1:60201 - R:localhost/127.0.0.1:64127] for POST '/session/2a93e206230408e83df6b6d06887a47a/element/22bb38be-11b6-4dad-a291-3b855e015bf4/click'
17:26:24.618 [AsyncHttpClient-1-7] DEBUG org.asynchttpclient.netty.handler.HttpHandler - 

Request DefaultHttpRequest(decodeResult: success, version: HTTP/1.1)
POST /session/2a93e206230408e83df6b6d06887a47a/element/22bb38be-11b6-4dad-a291-3b855e015bf4/click HTTP/1.1
User-Agent: selenium/4.1.2 (java windows)
Content-Length: 50
Content-Type: application/json; charset=utf-8
host: localhost:64127
accept: */*

Response DefaultHttpResponse(decodeResult: success, version: HTTP/1.1)
HTTP/1.1 200 OK
Content-Type: application/json; charset=utf-8
cache-control: no-cache
content-length: 14

17:26:24.619 [AsyncHttpClient-1-7] DEBUG org.asynchttpclient.netty.channel.ChannelManager - Adding key: http://localhost:64127 for channel [id: 0xee6af73c, L:/127.0.0.1:60201 - R:localhost/127.0.0.1:64127]
17:26:24.629 [Forwarding screenshot on session 2a93e206230408e83df6b6d06887a47a to remote] DEBUG org.asynchttpclient.netty.request.NettyRequestSender - Using pooled Channel '[id: 0xee6af73c, L:/127.0.0.1:60201 - R:localhost/127.0.0.1:64127]' for 'GET' to 'http://localhost:64127/session/2a93e206230408e83df6b6d06887a47a/screenshot'
17:26:24.630 [Forwarding screenshot on session 2a93e206230408e83df6b6d06887a47a to remote] DEBUG org.asynchttpclient.netty.request.NettyRequestSender - Using open Channel [id: 0xee6af73c, L:/127.0.0.1:60201 - R:localhost/127.0.0.1:64127] for GET '/session/2a93e206230408e83df6b6d06887a47a/screenshot'
17:26:24.770 [AsyncHttpClient-1-7] DEBUG org.asynchttpclient.netty.handler.HttpHandler - 

Request DefaultFullHttpRequest(decodeResult: success, version: HTTP/1.1, content: EmptyByteBufBE)
GET /session/2a93e206230408e83df6b6d06887a47a/screenshot HTTP/1.1
User-Agent: selenium/4.1.2 (java windows)
Cache-Control: no-cache
Content-Type: application/json; charset=utf-8
host: localhost:64127
accept: */*

Response DefaultHttpResponse(decodeResult: success, version: HTTP/1.1)
HTTP/1.1 200 OK
Content-Type: application/json; charset=utf-8
cache-control: no-cache
content-length: 69724

17:26:24.771 [AsyncHttpClient-1-7] DEBUG org.asynchttpclient.netty.channel.ChannelManager - Adding key: http://localhost:64127 for channel [id: 0xee6af73c, L:/127.0.0.1:60201 - R:localhost/127.0.0.1:64127]
17:26:24.775 [main] DEBUG net.serenitybdd.core.photography.Darkroom - Send negative for processing for target\site\serenity\744a5baad79d1708b4b552285ad55bb0e6252d004eebac00319eefccdd7c707d.png
17:26:24.776 [main] DEBUG net.thucydides.core.steps.StepInterceptor - STEP DONE: clickGenderType
17:26:24.777 [Darkroom Processing Line] DEBUG net.serenitybdd.core.photography.DarkroomProcessingLine - Processing screenshot image in /var/screenshots/screenshot-12045000669778723183
17:26:24.777 [Darkroom Processing Line] DEBUG net.serenitybdd.core.photography.DarkroomProcessingLine - Saving screenshot to target\site\serenity\744a5baad79d1708b4b552285ad55bb0e6252d004eebac00319eefccdd7c707d.png
17:26:24.786 [main] DEBUG net.thucydides.core.steps.StepInterceptor - STARTING STEP: PatientSteps.iInputValidDataPatientAndClickSubmit - inputPhoneNumber
17:26:24.789 [Forwarding findElement on session 2a93e206230408e83df6b6d06887a47a to remote] DEBUG org.asynchttpclient.netty.request.NettyRequestSender - Using pooled Channel '[id: 0xee6af73c, L:/127.0.0.1:60201 - R:localhost/127.0.0.1:64127]' for 'POST' to 'http://localhost:64127/session/2a93e206230408e83df6b6d06887a47a/element'
17:26:24.789 [Forwarding findElement on session 2a93e206230408e83df6b6d06887a47a to remote] DEBUG org.asynchttpclient.netty.request.NettyRequestSender - Using open Channel [id: 0xee6af73c, L:/127.0.0.1:60201 - R:localhost/127.0.0.1:64127] for POST '/session/2a93e206230408e83df6b6d06887a47a/element'
17:26:24.811 [AsyncHttpClient-1-7] DEBUG org.asynchttpclient.netty.handler.HttpHandler - 

Request DefaultHttpRequest(decodeResult: success, version: HTTP/1.1)
POST /session/2a93e206230408e83df6b6d06887a47a/element HTTP/1.1
User-Agent: selenium/4.1.2 (java windows)
Content-Length: 139
Content-Type: application/json; charset=utf-8
host: localhost:64127
accept: */*

Response DefaultHttpResponse(decodeResult: success, version: HTTP/1.1)
HTTP/1.1 200 OK
Content-Type: application/json; charset=utf-8
cache-control: no-cache
content-length: 88

17:26:24.811 [AsyncHttpClient-1-7] DEBUG org.asynchttpclient.netty.channel.ChannelManager - Adding key: http://localhost:64127 for channel [id: 0xee6af73c, L:/127.0.0.1:60201 - R:localhost/127.0.0.1:64127]
17:26:24.814 [Forwarding clearElement on session 2a93e206230408e83df6b6d06887a47a to remote] DEBUG org.asynchttpclient.netty.request.NettyRequestSender - Using pooled Channel '[id: 0xee6af73c, L:/127.0.0.1:60201 - R:localhost/127.0.0.1:64127]' for 'POST' to 'http://localhost:64127/session/2a93e206230408e83df6b6d06887a47a/element/b8c8d9f0-7dbb-4f1c-a7ec-f8731b4efdda/clear'
17:26:24.814 [Forwarding clearElement on session 2a93e206230408e83df6b6d06887a47a to remote] DEBUG org.asynchttpclient.netty.request.NettyRequestSender - Using open Channel [id: 0xee6af73c, L:/127.0.0.1:60201 - R:localhost/127.0.0.1:64127] for POST '/session/2a93e206230408e83df6b6d06887a47a/element/b8c8d9f0-7dbb-4f1c-a7ec-f8731b4efdda/clear'
17:26:24.867 [AsyncHttpClient-1-7] DEBUG org.asynchttpclient.netty.handler.HttpHandler - 

Request DefaultHttpRequest(decodeResult: success, version: HTTP/1.1)
POST /session/2a93e206230408e83df6b6d06887a47a/element/b8c8d9f0-7dbb-4f1c-a7ec-f8731b4efdda/clear HTTP/1.1
User-Agent: selenium/4.1.2 (java windows)
Content-Length: 50
Content-Type: application/json; charset=utf-8
host: localhost:64127
accept: */*

Response DefaultHttpResponse(decodeResult: success, version: HTTP/1.1)
HTTP/1.1 200 OK
Content-Type: application/json; charset=utf-8
cache-control: no-cache
content-length: 14

17:26:24.867 [AsyncHttpClient-1-7] DEBUG org.asynchttpclient.netty.channel.ChannelManager - Adding key: http://localhost:64127 for channel [id: 0xee6af73c, L:/127.0.0.1:60201 - R:localhost/127.0.0.1:64127]
17:26:24.872 [Forwarding sendKeysToElement on session 2a93e206230408e83df6b6d06887a47a to remote] DEBUG org.asynchttpclient.netty.request.NettyRequestSender - Using pooled Channel '[id: 0xee6af73c, L:/127.0.0.1:60201 - R:localhost/127.0.0.1:64127]' for 'POST' to 'http://localhost:64127/session/2a93e206230408e83df6b6d06887a47a/element/b8c8d9f0-7dbb-4f1c-a7ec-f8731b4efdda/value'
17:26:24.872 [Forwarding sendKeysToElement on session 2a93e206230408e83df6b6d06887a47a to remote] DEBUG org.asynchttpclient.netty.request.NettyRequestSender - Using open Channel [id: 0xee6af73c, L:/127.0.0.1:60201 - R:localhost/127.0.0.1:64127] for POST '/session/2a93e206230408e83df6b6d06887a47a/element/b8c8d9f0-7dbb-4f1c-a7ec-f8731b4efdda/value'
17:26:25.201 [AsyncHttpClient-1-7] DEBUG org.asynchttpclient.netty.handler.HttpHandler - 

Request DefaultHttpRequest(decodeResult: success, version: HTTP/1.1)
POST /session/2a93e206230408e83df6b6d06887a47a/element/b8c8d9f0-7dbb-4f1c-a7ec-f8731b4efdda/value HTTP/1.1
User-Agent: selenium/4.1.2 (java windows)
Content-Length: 211
Content-Type: application/json; charset=utf-8
host: localhost:64127
accept: */*

Response DefaultHttpResponse(decodeResult: success, version: HTTP/1.1)
HTTP/1.1 200 OK
Content-Type: application/json; charset=utf-8
cache-control: no-cache
content-length: 14

17:26:25.201 [AsyncHttpClient-1-7] DEBUG org.asynchttpclient.netty.channel.ChannelManager - Adding key: http://localhost:64127 for channel [id: 0xee6af73c, L:/127.0.0.1:60201 - R:localhost/127.0.0.1:64127]
17:26:25.208 [Forwarding screenshot on session 2a93e206230408e83df6b6d06887a47a to remote] DEBUG org.asynchttpclient.netty.request.NettyRequestSender - Using pooled Channel '[id: 0xee6af73c, L:/127.0.0.1:60201 - R:localhost/127.0.0.1:64127]' for 'GET' to 'http://localhost:64127/session/2a93e206230408e83df6b6d06887a47a/screenshot'
17:26:25.208 [Forwarding screenshot on session 2a93e206230408e83df6b6d06887a47a to remote] DEBUG org.asynchttpclient.netty.request.NettyRequestSender - Using open Channel [id: 0xee6af73c, L:/127.0.0.1:60201 - R:localhost/127.0.0.1:64127] for GET '/session/2a93e206230408e83df6b6d06887a47a/screenshot'
17:26:25.242 [AsyncHttpClient-1-1] DEBUG org.asynchttpclient.netty.channel.DefaultChannelPool - Entry count for : http://localhost:60202 : 1
17:26:25.563 [AsyncHttpClient-1-7] DEBUG org.asynchttpclient.netty.handler.HttpHandler - 

Request DefaultFullHttpRequest(decodeResult: success, version: HTTP/1.1, content: EmptyByteBufBE)
GET /session/2a93e206230408e83df6b6d06887a47a/screenshot HTTP/1.1
User-Agent: selenium/4.1.2 (java windows)
Cache-Control: no-cache
Content-Type: application/json; charset=utf-8
host: localhost:64127
accept: */*

Response DefaultHttpResponse(decodeResult: success, version: HTTP/1.1)
HTTP/1.1 200 OK
Content-Type: application/json; charset=utf-8
cache-control: no-cache
content-length: 90808

17:26:25.563 [AsyncHttpClient-1-7] DEBUG org.asynchttpclient.netty.channel.ChannelManager - Adding key: http://localhost:64127 for channel [id: 0xee6af73c, L:/127.0.0.1:60201 - R:localhost/127.0.0.1:64127]
17:26:25.568 [main] DEBUG net.serenitybdd.core.photography.Darkroom - Send negative for processing for target\site\serenity\5a3937f170b197fb81215945df7a72b0e6b9ce430eeb518e17f839a85f81e52b.png
17:26:25.568 [main] DEBUG net.thucydides.core.steps.StepInterceptor - STEP DONE: inputPhoneNumber
17:26:25.569 [Darkroom Processing Line] DEBUG net.serenitybdd.core.photography.DarkroomProcessingLine - Processing screenshot image in /var/screenshots/screenshot-16589081757544893436
17:26:25.569 [Darkroom Processing Line] DEBUG net.serenitybdd.core.photography.DarkroomProcessingLine - Saving screenshot to target\site\serenity\5a3937f170b197fb81215945df7a72b0e6b9ce430eeb518e17f839a85f81e52b.png
17:26:25.575 [main] DEBUG net.thucydides.core.steps.StepInterceptor - STARTING STEP: PatientSteps.iInputValidDataPatientAndClickSubmit - clickBlodeTypeDropdown
17:26:25.579 [Forwarding findElement on session 2a93e206230408e83df6b6d06887a47a to remote] DEBUG org.asynchttpclient.netty.request.NettyRequestSender - Using pooled Channel '[id: 0xee6af73c, L:/127.0.0.1:60201 - R:localhost/127.0.0.1:64127]' for 'POST' to 'http://localhost:64127/session/2a93e206230408e83df6b6d06887a47a/element'
17:26:25.579 [Forwarding findElement on session 2a93e206230408e83df6b6d06887a47a to remote] DEBUG org.asynchttpclient.netty.request.NettyRequestSender - Using open Channel [id: 0xee6af73c, L:/127.0.0.1:60201 - R:localhost/127.0.0.1:64127] for POST '/session/2a93e206230408e83df6b6d06887a47a/element'
17:26:25.595 [AsyncHttpClient-1-7] DEBUG org.asynchttpclient.netty.handler.HttpHandler - 

Request DefaultHttpRequest(decodeResult: success, version: HTTP/1.1)
POST /session/2a93e206230408e83df6b6d06887a47a/element HTTP/1.1
User-Agent: selenium/4.1.2 (java windows)
Content-Length: 82
Content-Type: application/json; charset=utf-8
host: localhost:64127
accept: */*

Response DefaultHttpResponse(decodeResult: success, version: HTTP/1.1)
HTTP/1.1 200 OK
Content-Type: application/json; charset=utf-8
cache-control: no-cache
content-length: 88

17:26:25.595 [AsyncHttpClient-1-7] DEBUG org.asynchttpclient.netty.channel.ChannelManager - Adding key: http://localhost:64127 for channel [id: 0xee6af73c, L:/127.0.0.1:60201 - R:localhost/127.0.0.1:64127]
17:26:25.598 [Forwarding getElementTagName on session 2a93e206230408e83df6b6d06887a47a to remote] DEBUG org.asynchttpclient.netty.request.NettyRequestSender - Using pooled Channel '[id: 0xee6af73c, L:/127.0.0.1:60201 - R:localhost/127.0.0.1:64127]' for 'GET' to 'http://localhost:64127/session/2a93e206230408e83df6b6d06887a47a/element/38ca2f8b-3bf5-4914-b07a-937ea7424502/name'
17:26:25.598 [Forwarding getElementTagName on session 2a93e206230408e83df6b6d06887a47a to remote] DEBUG org.asynchttpclient.netty.request.NettyRequestSender - Using open Channel [id: 0xee6af73c, L:/127.0.0.1:60201 - R:localhost/127.0.0.1:64127] for GET '/session/2a93e206230408e83df6b6d06887a47a/element/38ca2f8b-3bf5-4914-b07a-937ea7424502/name'
17:26:25.604 [AsyncHttpClient-1-7] DEBUG org.asynchttpclient.netty.handler.HttpHandler - 

Request DefaultFullHttpRequest(decodeResult: success, version: HTTP/1.1, content: EmptyByteBufBE)
GET /session/2a93e206230408e83df6b6d06887a47a/element/38ca2f8b-3bf5-4914-b07a-937ea7424502/name HTTP/1.1
User-Agent: selenium/4.1.2 (java windows)
Cache-Control: no-cache
Content-Type: application/json; charset=utf-8
host: localhost:64127
accept: */*

Response DefaultHttpResponse(decodeResult: success, version: HTTP/1.1)
HTTP/1.1 200 OK
Content-Type: application/json; charset=utf-8
cache-control: no-cache
content-length: 15

17:26:25.604 [AsyncHttpClient-1-7] DEBUG org.asynchttpclient.netty.channel.ChannelManager - Adding key: http://localhost:64127 for channel [id: 0xee6af73c, L:/127.0.0.1:60201 - R:localhost/127.0.0.1:64127]
17:26:25.606 [Forwarding getElementTagName on session 2a93e206230408e83df6b6d06887a47a to remote] DEBUG org.asynchttpclient.netty.request.NettyRequestSender - Using pooled Channel '[id: 0xee6af73c, L:/127.0.0.1:60201 - R:localhost/127.0.0.1:64127]' for 'GET' to 'http://localhost:64127/session/2a93e206230408e83df6b6d06887a47a/element/38ca2f8b-3bf5-4914-b07a-937ea7424502/name'
17:26:25.606 [Forwarding getElementTagName on session 2a93e206230408e83df6b6d06887a47a to remote] DEBUG org.asynchttpclient.netty.request.NettyRequestSender - Using open Channel [id: 0xee6af73c, L:/127.0.0.1:60201 - R:localhost/127.0.0.1:64127] for GET '/session/2a93e206230408e83df6b6d06887a47a/element/38ca2f8b-3bf5-4914-b07a-937ea7424502/name'
17:26:25.612 [AsyncHttpClient-1-7] DEBUG org.asynchttpclient.netty.handler.HttpHandler - 

Request DefaultFullHttpRequest(decodeResult: success, version: HTTP/1.1, content: EmptyByteBufBE)
GET /session/2a93e206230408e83df6b6d06887a47a/element/38ca2f8b-3bf5-4914-b07a-937ea7424502/name HTTP/1.1
User-Agent: selenium/4.1.2 (java windows)
Cache-Control: no-cache
Content-Type: application/json; charset=utf-8
host: localhost:64127
accept: */*

Response DefaultHttpResponse(decodeResult: success, version: HTTP/1.1)
HTTP/1.1 200 OK
Content-Type: application/json; charset=utf-8
cache-control: no-cache
content-length: 15

17:26:25.612 [AsyncHttpClient-1-7] DEBUG org.asynchttpclient.netty.channel.ChannelManager - Adding key: http://localhost:64127 for channel [id: 0xee6af73c, L:/127.0.0.1:60201 - R:localhost/127.0.0.1:64127]
17:26:25.616 [Forwarding findElement on session 2a93e206230408e83df6b6d06887a47a to remote] DEBUG org.asynchttpclient.netty.request.NettyRequestSender - Using pooled Channel '[id: 0xee6af73c, L:/127.0.0.1:60201 - R:localhost/127.0.0.1:64127]' for 'POST' to 'http://localhost:64127/session/2a93e206230408e83df6b6d06887a47a/element'
17:26:25.616 [Forwarding findElement on session 2a93e206230408e83df6b6d06887a47a to remote] DEBUG org.asynchttpclient.netty.request.NettyRequestSender - Using open Channel [id: 0xee6af73c, L:/127.0.0.1:60201 - R:localhost/127.0.0.1:64127] for POST '/session/2a93e206230408e83df6b6d06887a47a/element'
17:26:25.625 [AsyncHttpClient-1-7] DEBUG org.asynchttpclient.netty.handler.HttpHandler - 

Request DefaultHttpRequest(decodeResult: success, version: HTTP/1.1)
POST /session/2a93e206230408e83df6b6d06887a47a/element HTTP/1.1
User-Agent: selenium/4.1.2 (java windows)
Content-Length: 82
Content-Type: application/json; charset=utf-8
host: localhost:64127
accept: */*

Response DefaultHttpResponse(decodeResult: success, version: HTTP/1.1)
HTTP/1.1 200 OK
Content-Type: application/json; charset=utf-8
cache-control: no-cache
content-length: 88

17:26:25.626 [AsyncHttpClient-1-7] DEBUG org.asynchttpclient.netty.channel.ChannelManager - Adding key: http://localhost:64127 for channel [id: 0xee6af73c, L:/127.0.0.1:60201 - R:localhost/127.0.0.1:64127]
17:26:25.627 [Forwarding clickElement on session 2a93e206230408e83df6b6d06887a47a to remote] DEBUG org.asynchttpclient.netty.request.NettyRequestSender - Using pooled Channel '[id: 0xee6af73c, L:/127.0.0.1:60201 - R:localhost/127.0.0.1:64127]' for 'POST' to 'http://localhost:64127/session/2a93e206230408e83df6b6d06887a47a/element/38ca2f8b-3bf5-4914-b07a-937ea7424502/click'
17:26:25.627 [Forwarding clickElement on session 2a93e206230408e83df6b6d06887a47a to remote] DEBUG org.asynchttpclient.netty.request.NettyRequestSender - Using open Channel [id: 0xee6af73c, L:/127.0.0.1:60201 - R:localhost/127.0.0.1:64127] for POST '/session/2a93e206230408e83df6b6d06887a47a/element/38ca2f8b-3bf5-4914-b07a-937ea7424502/click'
17:26:25.729 [AsyncHttpClient-1-7] DEBUG org.asynchttpclient.netty.handler.HttpHandler - 

Request DefaultHttpRequest(decodeResult: success, version: HTTP/1.1)
POST /session/2a93e206230408e83df6b6d06887a47a/element/38ca2f8b-3bf5-4914-b07a-937ea7424502/click HTTP/1.1
User-Agent: selenium/4.1.2 (java windows)
Content-Length: 50
Content-Type: application/json; charset=utf-8
host: localhost:64127
accept: */*

Response DefaultHttpResponse(decodeResult: success, version: HTTP/1.1)
HTTP/1.1 200 OK
Content-Type: application/json; charset=utf-8
cache-control: no-cache
content-length: 14

17:26:25.729 [AsyncHttpClient-1-7] DEBUG org.asynchttpclient.netty.channel.ChannelManager - Adding key: http://localhost:64127 for channel [id: 0xee6af73c, L:/127.0.0.1:60201 - R:localhost/127.0.0.1:64127]
17:26:25.738 [Forwarding screenshot on session 2a93e206230408e83df6b6d06887a47a to remote] DEBUG org.asynchttpclient.netty.request.NettyRequestSender - Using pooled Channel '[id: 0xee6af73c, L:/127.0.0.1:60201 - R:localhost/127.0.0.1:64127]' for 'GET' to 'http://localhost:64127/session/2a93e206230408e83df6b6d06887a47a/screenshot'
17:26:25.738 [Forwarding screenshot on session 2a93e206230408e83df6b6d06887a47a to remote] DEBUG org.asynchttpclient.netty.request.NettyRequestSender - Using open Channel [id: 0xee6af73c, L:/127.0.0.1:60201 - R:localhost/127.0.0.1:64127] for GET '/session/2a93e206230408e83df6b6d06887a47a/screenshot'
17:26:25.877 [AsyncHttpClient-1-7] DEBUG org.asynchttpclient.netty.handler.HttpHandler - 

Request DefaultFullHttpRequest(decodeResult: success, version: HTTP/1.1, content: EmptyByteBufBE)
GET /session/2a93e206230408e83df6b6d06887a47a/screenshot HTTP/1.1
User-Agent: selenium/4.1.2 (java windows)
Cache-Control: no-cache
Content-Type: application/json; charset=utf-8
host: localhost:64127
accept: */*

Response DefaultHttpResponse(decodeResult: success, version: HTTP/1.1)
HTTP/1.1 200 OK
Content-Type: application/json; charset=utf-8
cache-control: no-cache
content-length: 93608

17:26:25.878 [AsyncHttpClient-1-7] DEBUG org.asynchttpclient.netty.channel.ChannelManager - Adding key: http://localhost:64127 for channel [id: 0xee6af73c, L:/127.0.0.1:60201 - R:localhost/127.0.0.1:64127]
17:26:25.883 [main] DEBUG net.serenitybdd.core.photography.Darkroom - Send negative for processing for target\site\serenity\df7c6024345269e5eda618ba3ed42f2ea0db28ffc0631e03bda10d995bd28655.png
17:26:25.883 [main] DEBUG net.thucydides.core.steps.StepInterceptor - STEP DONE: clickBlodeTypeDropdown
17:26:25.884 [Darkroom Processing Line] DEBUG net.serenitybdd.core.photography.DarkroomProcessingLine - Processing screenshot image in /var/screenshots/screenshot-12670524884224510428
17:26:25.885 [Darkroom Processing Line] DEBUG net.serenitybdd.core.photography.DarkroomProcessingLine - Saving screenshot to target\site\serenity\df7c6024345269e5eda618ba3ed42f2ea0db28ffc0631e03bda10d995bd28655.png
17:26:25.892 [main] DEBUG net.thucydides.core.steps.StepInterceptor - STARTING STEP: PatientSteps.iInputValidDataPatientAndClickSubmit - clickBlodeTypeOption
17:26:25.895 [Forwarding findElement on session 2a93e206230408e83df6b6d06887a47a to remote] DEBUG org.asynchttpclient.netty.request.NettyRequestSender - Using pooled Channel '[id: 0xee6af73c, L:/127.0.0.1:60201 - R:localhost/127.0.0.1:64127]' for 'POST' to 'http://localhost:64127/session/2a93e206230408e83df6b6d06887a47a/element'
17:26:25.895 [Forwarding findElement on session 2a93e206230408e83df6b6d06887a47a to remote] DEBUG org.asynchttpclient.netty.request.NettyRequestSender - Using open Channel [id: 0xee6af73c, L:/127.0.0.1:60201 - R:localhost/127.0.0.1:64127] for POST '/session/2a93e206230408e83df6b6d06887a47a/element'
17:26:25.911 [AsyncHttpClient-1-7] DEBUG org.asynchttpclient.netty.handler.HttpHandler - 

Request DefaultHttpRequest(decodeResult: success, version: HTTP/1.1)
POST /session/2a93e206230408e83df6b6d06887a47a/element HTTP/1.1
User-Agent: selenium/4.1.2 (java windows)
Content-Length: 119
Content-Type: application/json; charset=utf-8
host: localhost:64127
accept: */*

Response DefaultHttpResponse(decodeResult: success, version: HTTP/1.1)
HTTP/1.1 200 OK
Content-Type: application/json; charset=utf-8
cache-control: no-cache
content-length: 88

17:26:25.911 [AsyncHttpClient-1-7] DEBUG org.asynchttpclient.netty.channel.ChannelManager - Adding key: http://localhost:64127 for channel [id: 0xee6af73c, L:/127.0.0.1:60201 - R:localhost/127.0.0.1:64127]
17:26:25.913 [Forwarding getElementTagName on session 2a93e206230408e83df6b6d06887a47a to remote] DEBUG org.asynchttpclient.netty.request.NettyRequestSender - Using pooled Channel '[id: 0xee6af73c, L:/127.0.0.1:60201 - R:localhost/127.0.0.1:64127]' for 'GET' to 'http://localhost:64127/session/2a93e206230408e83df6b6d06887a47a/element/d932b990-b480-471c-aa24-23bce98973d5/name'
17:26:25.913 [Forwarding getElementTagName on session 2a93e206230408e83df6b6d06887a47a to remote] DEBUG org.asynchttpclient.netty.request.NettyRequestSender - Using open Channel [id: 0xee6af73c, L:/127.0.0.1:60201 - R:localhost/127.0.0.1:64127] for GET '/session/2a93e206230408e83df6b6d06887a47a/element/d932b990-b480-471c-aa24-23bce98973d5/name'
17:26:25.920 [AsyncHttpClient-1-7] DEBUG org.asynchttpclient.netty.handler.HttpHandler - 

Request DefaultFullHttpRequest(decodeResult: success, version: HTTP/1.1, content: EmptyByteBufBE)
GET /session/2a93e206230408e83df6b6d06887a47a/element/d932b990-b480-471c-aa24-23bce98973d5/name HTTP/1.1
User-Agent: selenium/4.1.2 (java windows)
Cache-Control: no-cache
Content-Type: application/json; charset=utf-8
host: localhost:64127
accept: */*

Response DefaultHttpResponse(decodeResult: success, version: HTTP/1.1)
HTTP/1.1 200 OK
Content-Type: application/json; charset=utf-8
cache-control: no-cache
content-length: 14

17:26:25.920 [AsyncHttpClient-1-7] DEBUG org.asynchttpclient.netty.channel.ChannelManager - Adding key: http://localhost:64127 for channel [id: 0xee6af73c, L:/127.0.0.1:60201 - R:localhost/127.0.0.1:64127]
17:26:25.922 [Forwarding getElementTagName on session 2a93e206230408e83df6b6d06887a47a to remote] DEBUG org.asynchttpclient.netty.request.NettyRequestSender - Using pooled Channel '[id: 0xee6af73c, L:/127.0.0.1:60201 - R:localhost/127.0.0.1:64127]' for 'GET' to 'http://localhost:64127/session/2a93e206230408e83df6b6d06887a47a/element/d932b990-b480-471c-aa24-23bce98973d5/name'
17:26:25.922 [Forwarding getElementTagName on session 2a93e206230408e83df6b6d06887a47a to remote] DEBUG org.asynchttpclient.netty.request.NettyRequestSender - Using open Channel [id: 0xee6af73c, L:/127.0.0.1:60201 - R:localhost/127.0.0.1:64127] for GET '/session/2a93e206230408e83df6b6d06887a47a/element/d932b990-b480-471c-aa24-23bce98973d5/name'
17:26:25.925 [AsyncHttpClient-1-7] DEBUG org.asynchttpclient.netty.handler.HttpHandler - 

Request DefaultFullHttpRequest(decodeResult: success, version: HTTP/1.1, content: EmptyByteBufBE)
GET /session/2a93e206230408e83df6b6d06887a47a/element/d932b990-b480-471c-aa24-23bce98973d5/name HTTP/1.1
User-Agent: selenium/4.1.2 (java windows)
Cache-Control: no-cache
Content-Type: application/json; charset=utf-8
host: localhost:64127
accept: */*

Response DefaultHttpResponse(decodeResult: success, version: HTTP/1.1)
HTTP/1.1 200 OK
Content-Type: application/json; charset=utf-8
cache-control: no-cache
content-length: 14

17:26:25.926 [AsyncHttpClient-1-7] DEBUG org.asynchttpclient.netty.channel.ChannelManager - Adding key: http://localhost:64127 for channel [id: 0xee6af73c, L:/127.0.0.1:60201 - R:localhost/127.0.0.1:64127]
17:26:25.928 [Forwarding findElement on session 2a93e206230408e83df6b6d06887a47a to remote] DEBUG org.asynchttpclient.netty.request.NettyRequestSender - Using pooled Channel '[id: 0xee6af73c, L:/127.0.0.1:60201 - R:localhost/127.0.0.1:64127]' for 'POST' to 'http://localhost:64127/session/2a93e206230408e83df6b6d06887a47a/element'
17:26:25.928 [Forwarding findElement on session 2a93e206230408e83df6b6d06887a47a to remote] DEBUG org.asynchttpclient.netty.request.NettyRequestSender - Using open Channel [id: 0xee6af73c, L:/127.0.0.1:60201 - R:localhost/127.0.0.1:64127] for POST '/session/2a93e206230408e83df6b6d06887a47a/element'
17:26:25.940 [AsyncHttpClient-1-7] DEBUG org.asynchttpclient.netty.handler.HttpHandler - 

Request DefaultHttpRequest(decodeResult: success, version: HTTP/1.1)
POST /session/2a93e206230408e83df6b6d06887a47a/element HTTP/1.1
User-Agent: selenium/4.1.2 (java windows)
Content-Length: 119
Content-Type: application/json; charset=utf-8
host: localhost:64127
accept: */*

Response DefaultHttpResponse(decodeResult: success, version: HTTP/1.1)
HTTP/1.1 200 OK
Content-Type: application/json; charset=utf-8
cache-control: no-cache
content-length: 88

17:26:25.940 [AsyncHttpClient-1-7] DEBUG org.asynchttpclient.netty.channel.ChannelManager - Adding key: http://localhost:64127 for channel [id: 0xee6af73c, L:/127.0.0.1:60201 - R:localhost/127.0.0.1:64127]
17:26:25.942 [Forwarding clickElement on session 2a93e206230408e83df6b6d06887a47a to remote] DEBUG org.asynchttpclient.netty.request.NettyRequestSender - Using pooled Channel '[id: 0xee6af73c, L:/127.0.0.1:60201 - R:localhost/127.0.0.1:64127]' for 'POST' to 'http://localhost:64127/session/2a93e206230408e83df6b6d06887a47a/element/d932b990-b480-471c-aa24-23bce98973d5/click'
17:26:25.942 [Forwarding clickElement on session 2a93e206230408e83df6b6d06887a47a to remote] DEBUG org.asynchttpclient.netty.request.NettyRequestSender - Using open Channel [id: 0xee6af73c, L:/127.0.0.1:60201 - R:localhost/127.0.0.1:64127] for POST '/session/2a93e206230408e83df6b6d06887a47a/element/d932b990-b480-471c-aa24-23bce98973d5/click'
17:26:26.082 [AsyncHttpClient-1-7] DEBUG org.asynchttpclient.netty.handler.HttpHandler - 

Request DefaultHttpRequest(decodeResult: success, version: HTTP/1.1)
POST /session/2a93e206230408e83df6b6d06887a47a/element/d932b990-b480-471c-aa24-23bce98973d5/click HTTP/1.1
User-Agent: selenium/4.1.2 (java windows)
Content-Length: 50
Content-Type: application/json; charset=utf-8
host: localhost:64127
accept: */*

Response DefaultHttpResponse(decodeResult: success, version: HTTP/1.1)
HTTP/1.1 200 OK
Content-Type: application/json; charset=utf-8
cache-control: no-cache
content-length: 14

17:26:26.082 [AsyncHttpClient-1-7] DEBUG org.asynchttpclient.netty.channel.ChannelManager - Adding key: http://localhost:64127 for channel [id: 0xee6af73c, L:/127.0.0.1:60201 - R:localhost/127.0.0.1:64127]
17:26:26.095 [Forwarding screenshot on session 2a93e206230408e83df6b6d06887a47a to remote] DEBUG org.asynchttpclient.netty.request.NettyRequestSender - Using pooled Channel '[id: 0xee6af73c, L:/127.0.0.1:60201 - R:localhost/127.0.0.1:64127]' for 'GET' to 'http://localhost:64127/session/2a93e206230408e83df6b6d06887a47a/screenshot'
17:26:26.095 [Forwarding screenshot on session 2a93e206230408e83df6b6d06887a47a to remote] DEBUG org.asynchttpclient.netty.request.NettyRequestSender - Using open Channel [id: 0xee6af73c, L:/127.0.0.1:60201 - R:localhost/127.0.0.1:64127] for GET '/session/2a93e206230408e83df6b6d06887a47a/screenshot'
17:26:26.214 [AsyncHttpClient-1-7] DEBUG org.asynchttpclient.netty.handler.HttpHandler - 

Request DefaultFullHttpRequest(decodeResult: success, version: HTTP/1.1, content: EmptyByteBufBE)
GET /session/2a93e206230408e83df6b6d06887a47a/screenshot HTTP/1.1
User-Agent: selenium/4.1.2 (java windows)
Cache-Control: no-cache
Content-Type: application/json; charset=utf-8
host: localhost:64127
accept: */*

Response DefaultHttpResponse(decodeResult: success, version: HTTP/1.1)
HTTP/1.1 200 OK
Content-Type: application/json; charset=utf-8
cache-control: no-cache
content-length: 95860

17:26:26.216 [AsyncHttpClient-1-7] DEBUG org.asynchttpclient.netty.channel.ChannelManager - Adding key: http://localhost:64127 for channel [id: 0xee6af73c, L:/127.0.0.1:60201 - R:localhost/127.0.0.1:64127]
17:26:26.221 [main] DEBUG net.serenitybdd.core.photography.Darkroom - Send negative for processing for target\site\serenity\993cb8689f3ecb160f30a0474f24d9355ec76a8ce10bc5af22fc12159baffe79.png
17:26:26.221 [main] DEBUG net.thucydides.core.steps.StepInterceptor - STEP DONE: clickBlodeTypeOption
17:26:26.221 [Darkroom Processing Line] DEBUG net.serenitybdd.core.photography.DarkroomProcessingLine - Processing screenshot image in /var/screenshots/screenshot-13299025388345152913
17:26:26.222 [Darkroom Processing Line] DEBUG net.serenitybdd.core.photography.DarkroomProcessingLine - Saving screenshot to target\site\serenity\993cb8689f3ecb160f30a0474f24d9355ec76a8ce10bc5af22fc12159baffe79.png
17:26:26.231 [main] DEBUG net.thucydides.core.steps.StepInterceptor - STARTING STEP: PatientSteps.iInputValidDataPatientAndClickSubmit - inputCity
17:26:26.234 [Forwarding findElement on session 2a93e206230408e83df6b6d06887a47a to remote] DEBUG org.asynchttpclient.netty.request.NettyRequestSender - Using pooled Channel '[id: 0xee6af73c, L:/127.0.0.1:60201 - R:localhost/127.0.0.1:64127]' for 'POST' to 'http://localhost:64127/session/2a93e206230408e83df6b6d06887a47a/element'
17:26:26.234 [Forwarding findElement on session 2a93e206230408e83df6b6d06887a47a to remote] DEBUG org.asynchttpclient.netty.request.NettyRequestSender - Using open Channel [id: 0xee6af73c, L:/127.0.0.1:60201 - R:localhost/127.0.0.1:64127] for POST '/session/2a93e206230408e83df6b6d06887a47a/element'
17:26:26.249 [AsyncHttpClient-1-7] DEBUG org.asynchttpclient.netty.handler.HttpHandler - 

Request DefaultHttpRequest(decodeResult: success, version: HTTP/1.1)
POST /session/2a93e206230408e83df6b6d06887a47a/element HTTP/1.1
User-Agent: selenium/4.1.2 (java windows)
Content-Length: 139
Content-Type: application/json; charset=utf-8
host: localhost:64127
accept: */*

Response DefaultHttpResponse(decodeResult: success, version: HTTP/1.1)
HTTP/1.1 200 OK
Content-Type: application/json; charset=utf-8
cache-control: no-cache
content-length: 88

17:26:26.250 [AsyncHttpClient-1-7] DEBUG org.asynchttpclient.netty.channel.ChannelManager - Adding key: http://localhost:64127 for channel [id: 0xee6af73c, L:/127.0.0.1:60201 - R:localhost/127.0.0.1:64127]
17:26:26.251 [Forwarding clearElement on session 2a93e206230408e83df6b6d06887a47a to remote] DEBUG org.asynchttpclient.netty.request.NettyRequestSender - Using pooled Channel '[id: 0xee6af73c, L:/127.0.0.1:60201 - R:localhost/127.0.0.1:64127]' for 'POST' to 'http://localhost:64127/session/2a93e206230408e83df6b6d06887a47a/element/3fdda7f8-051d-4f92-8498-7a55a0ad286b/clear'
17:26:26.251 [Forwarding clearElement on session 2a93e206230408e83df6b6d06887a47a to remote] DEBUG org.asynchttpclient.netty.request.NettyRequestSender - Using open Channel [id: 0xee6af73c, L:/127.0.0.1:60201 - R:localhost/127.0.0.1:64127] for POST '/session/2a93e206230408e83df6b6d06887a47a/element/3fdda7f8-051d-4f92-8498-7a55a0ad286b/clear'
17:26:26.298 [AsyncHttpClient-1-7] DEBUG org.asynchttpclient.netty.handler.HttpHandler - 

Request DefaultHttpRequest(decodeResult: success, version: HTTP/1.1)
POST /session/2a93e206230408e83df6b6d06887a47a/element/3fdda7f8-051d-4f92-8498-7a55a0ad286b/clear HTTP/1.1
User-Agent: selenium/4.1.2 (java windows)
Content-Length: 50
Content-Type: application/json; charset=utf-8
host: localhost:64127
accept: */*

Response DefaultHttpResponse(decodeResult: success, version: HTTP/1.1)
HTTP/1.1 200 OK
Content-Type: application/json; charset=utf-8
cache-control: no-cache
content-length: 14

17:26:26.298 [AsyncHttpClient-1-7] DEBUG org.asynchttpclient.netty.channel.ChannelManager - Adding key: http://localhost:64127 for channel [id: 0xee6af73c, L:/127.0.0.1:60201 - R:localhost/127.0.0.1:64127]
17:26:26.300 [Forwarding sendKeysToElement on session 2a93e206230408e83df6b6d06887a47a to remote] DEBUG org.asynchttpclient.netty.request.NettyRequestSender - Using pooled Channel '[id: 0xee6af73c, L:/127.0.0.1:60201 - R:localhost/127.0.0.1:64127]' for 'POST' to 'http://localhost:64127/session/2a93e206230408e83df6b6d06887a47a/element/3fdda7f8-051d-4f92-8498-7a55a0ad286b/value'
17:26:26.300 [Forwarding sendKeysToElement on session 2a93e206230408e83df6b6d06887a47a to remote] DEBUG org.asynchttpclient.netty.request.NettyRequestSender - Using open Channel [id: 0xee6af73c, L:/127.0.0.1:60201 - R:localhost/127.0.0.1:64127] for POST '/session/2a93e206230408e83df6b6d06887a47a/element/3fdda7f8-051d-4f92-8498-7a55a0ad286b/value'
17:26:26.345 [AsyncHttpClient-1-1] DEBUG org.asynchttpclient.netty.channel.DefaultChannelPool - Entry count for : http://localhost:60202 : 1
17:26:26.567 [AsyncHttpClient-1-7] DEBUG org.asynchttpclient.netty.handler.HttpHandler - 

Request DefaultHttpRequest(decodeResult: success, version: HTTP/1.1)
POST /session/2a93e206230408e83df6b6d06887a47a/element/3fdda7f8-051d-4f92-8498-7a55a0ad286b/value HTTP/1.1
User-Agent: selenium/4.1.2 (java windows)
Content-Length: 191
Content-Type: application/json; charset=utf-8
host: localhost:64127
accept: */*

Response DefaultHttpResponse(decodeResult: success, version: HTTP/1.1)
HTTP/1.1 200 OK
Content-Type: application/json; charset=utf-8
cache-control: no-cache
content-length: 14

17:26:26.567 [AsyncHttpClient-1-7] DEBUG org.asynchttpclient.netty.channel.ChannelManager - Adding key: http://localhost:64127 for channel [id: 0xee6af73c, L:/127.0.0.1:60201 - R:localhost/127.0.0.1:64127]
17:26:26.575 [Forwarding screenshot on session 2a93e206230408e83df6b6d06887a47a to remote] DEBUG org.asynchttpclient.netty.request.NettyRequestSender - Using pooled Channel '[id: 0xee6af73c, L:/127.0.0.1:60201 - R:localhost/127.0.0.1:64127]' for 'GET' to 'http://localhost:64127/session/2a93e206230408e83df6b6d06887a47a/screenshot'
17:26:26.575 [Forwarding screenshot on session 2a93e206230408e83df6b6d06887a47a to remote] DEBUG org.asynchttpclient.netty.request.NettyRequestSender - Using open Channel [id: 0xee6af73c, L:/127.0.0.1:60201 - R:localhost/127.0.0.1:64127] for GET '/session/2a93e206230408e83df6b6d06887a47a/screenshot'
17:26:26.712 [AsyncHttpClient-1-7] DEBUG org.asynchttpclient.netty.handler.HttpHandler - 

Request DefaultFullHttpRequest(decodeResult: success, version: HTTP/1.1, content: EmptyByteBufBE)
GET /session/2a93e206230408e83df6b6d06887a47a/screenshot HTTP/1.1
User-Agent: selenium/4.1.2 (java windows)
Cache-Control: no-cache
Content-Type: application/json; charset=utf-8
host: localhost:64127
accept: */*

Response DefaultHttpResponse(decodeResult: success, version: HTTP/1.1)
HTTP/1.1 200 OK
Content-Type: application/json; charset=utf-8
cache-control: no-cache
content-length: 82696

17:26:26.713 [AsyncHttpClient-1-7] DEBUG org.asynchttpclient.netty.channel.ChannelManager - Adding key: http://localhost:64127 for channel [id: 0xee6af73c, L:/127.0.0.1:60201 - R:localhost/127.0.0.1:64127]
17:26:26.718 [main] DEBUG net.serenitybdd.core.photography.Darkroom - Send negative for processing for target\site\serenity\b4d5a1a6c33dbe75b204b455c1e61ca270ce8c055bc298bd8e68718b65adcb13.png
17:26:26.718 [main] DEBUG net.thucydides.core.steps.StepInterceptor - STEP DONE: inputCity
17:26:26.718 [Darkroom Processing Line] DEBUG net.serenitybdd.core.photography.DarkroomProcessingLine - Processing screenshot image in /var/screenshots/screenshot-7482870288875251152
17:26:26.718 [Darkroom Processing Line] DEBUG net.serenitybdd.core.photography.DarkroomProcessingLine - Saving screenshot to target\site\serenity\b4d5a1a6c33dbe75b204b455c1e61ca270ce8c055bc298bd8e68718b65adcb13.png
17:26:26.728 [main] DEBUG net.thucydides.core.steps.StepInterceptor - STARTING STEP: PatientSteps.iInputValidDataPatientAndClickSubmit - inputAddress
17:26:26.731 [Forwarding findElement on session 2a93e206230408e83df6b6d06887a47a to remote] DEBUG org.asynchttpclient.netty.request.NettyRequestSender - Using pooled Channel '[id: 0xee6af73c, L:/127.0.0.1:60201 - R:localhost/127.0.0.1:64127]' for 'POST' to 'http://localhost:64127/session/2a93e206230408e83df6b6d06887a47a/element'
17:26:26.731 [Forwarding findElement on session 2a93e206230408e83df6b6d06887a47a to remote] DEBUG org.asynchttpclient.netty.request.NettyRequestSender - Using open Channel [id: 0xee6af73c, L:/127.0.0.1:60201 - R:localhost/127.0.0.1:64127] for POST '/session/2a93e206230408e83df6b6d06887a47a/element'
17:26:26.748 [AsyncHttpClient-1-7] DEBUG org.asynchttpclient.netty.handler.HttpHandler - 

Request DefaultHttpRequest(decodeResult: success, version: HTTP/1.1)
POST /session/2a93e206230408e83df6b6d06887a47a/element HTTP/1.1
User-Agent: selenium/4.1.2 (java windows)
Content-Length: 139
Content-Type: application/json; charset=utf-8
host: localhost:64127
accept: */*

Response DefaultHttpResponse(decodeResult: success, version: HTTP/1.1)
HTTP/1.1 200 OK
Content-Type: application/json; charset=utf-8
cache-control: no-cache
content-length: 88

17:26:26.748 [AsyncHttpClient-1-7] DEBUG org.asynchttpclient.netty.channel.ChannelManager - Adding key: http://localhost:64127 for channel [id: 0xee6af73c, L:/127.0.0.1:60201 - R:localhost/127.0.0.1:64127]
17:26:26.750 [Forwarding clearElement on session 2a93e206230408e83df6b6d06887a47a to remote] DEBUG org.asynchttpclient.netty.request.NettyRequestSender - Using pooled Channel '[id: 0xee6af73c, L:/127.0.0.1:60201 - R:localhost/127.0.0.1:64127]' for 'POST' to 'http://localhost:64127/session/2a93e206230408e83df6b6d06887a47a/element/15335f1d-e885-432c-acc3-434c8c68e50d/clear'
17:26:26.750 [Forwarding clearElement on session 2a93e206230408e83df6b6d06887a47a to remote] DEBUG org.asynchttpclient.netty.request.NettyRequestSender - Using open Channel [id: 0xee6af73c, L:/127.0.0.1:60201 - R:localhost/127.0.0.1:64127] for POST '/session/2a93e206230408e83df6b6d06887a47a/element/15335f1d-e885-432c-acc3-434c8c68e50d/clear'
17:26:26.798 [AsyncHttpClient-1-7] DEBUG org.asynchttpclient.netty.handler.HttpHandler - 

Request DefaultHttpRequest(decodeResult: success, version: HTTP/1.1)
POST /session/2a93e206230408e83df6b6d06887a47a/element/15335f1d-e885-432c-acc3-434c8c68e50d/clear HTTP/1.1
User-Agent: selenium/4.1.2 (java windows)
Content-Length: 50
Content-Type: application/json; charset=utf-8
host: localhost:64127
accept: */*

Response DefaultHttpResponse(decodeResult: success, version: HTTP/1.1)
HTTP/1.1 200 OK
Content-Type: application/json; charset=utf-8
cache-control: no-cache
content-length: 14

17:26:26.798 [AsyncHttpClient-1-7] DEBUG org.asynchttpclient.netty.channel.ChannelManager - Adding key: http://localhost:64127 for channel [id: 0xee6af73c, L:/127.0.0.1:60201 - R:localhost/127.0.0.1:64127]
17:26:26.800 [Forwarding sendKeysToElement on session 2a93e206230408e83df6b6d06887a47a to remote] DEBUG org.asynchttpclient.netty.request.NettyRequestSender - Using pooled Channel '[id: 0xee6af73c, L:/127.0.0.1:60201 - R:localhost/127.0.0.1:64127]' for 'POST' to 'http://localhost:64127/session/2a93e206230408e83df6b6d06887a47a/element/15335f1d-e885-432c-acc3-434c8c68e50d/value'
17:26:26.800 [Forwarding sendKeysToElement on session 2a93e206230408e83df6b6d06887a47a to remote] DEBUG org.asynchttpclient.netty.request.NettyRequestSender - Using open Channel [id: 0xee6af73c, L:/127.0.0.1:60201 - R:localhost/127.0.0.1:64127] for POST '/session/2a93e206230408e83df6b6d06887a47a/element/15335f1d-e885-432c-acc3-434c8c68e50d/value'
17:26:26.958 [AsyncHttpClient-1-7] DEBUG org.asynchttpclient.netty.handler.HttpHandler - 

Request DefaultHttpRequest(decodeResult: success, version: HTTP/1.1)
POST /session/2a93e206230408e83df6b6d06887a47a/element/15335f1d-e885-432c-acc3-434c8c68e50d/value HTTP/1.1
User-Agent: selenium/4.1.2 (java windows)
Content-Length: 151
Content-Type: application/json; charset=utf-8
host: localhost:64127
accept: */*

Response DefaultHttpResponse(decodeResult: success, version: HTTP/1.1)
HTTP/1.1 200 OK
Content-Type: application/json; charset=utf-8
cache-control: no-cache
content-length: 14

17:26:26.958 [AsyncHttpClient-1-7] DEBUG org.asynchttpclient.netty.channel.ChannelManager - Adding key: http://localhost:64127 for channel [id: 0xee6af73c, L:/127.0.0.1:60201 - R:localhost/127.0.0.1:64127]
17:26:26.966 [Forwarding screenshot on session 2a93e206230408e83df6b6d06887a47a to remote] DEBUG org.asynchttpclient.netty.request.NettyRequestSender - Using pooled Channel '[id: 0xee6af73c, L:/127.0.0.1:60201 - R:localhost/127.0.0.1:64127]' for 'GET' to 'http://localhost:64127/session/2a93e206230408e83df6b6d06887a47a/screenshot'
17:26:26.967 [Forwarding screenshot on session 2a93e206230408e83df6b6d06887a47a to remote] DEBUG org.asynchttpclient.netty.request.NettyRequestSender - Using open Channel [id: 0xee6af73c, L:/127.0.0.1:60201 - R:localhost/127.0.0.1:64127] for GET '/session/2a93e206230408e83df6b6d06887a47a/screenshot'
17:26:27.088 [AsyncHttpClient-1-7] DEBUG org.asynchttpclient.netty.handler.HttpHandler - 

Request DefaultFullHttpRequest(decodeResult: success, version: HTTP/1.1, content: EmptyByteBufBE)
GET /session/2a93e206230408e83df6b6d06887a47a/screenshot HTTP/1.1
User-Agent: selenium/4.1.2 (java windows)
Cache-Control: no-cache
Content-Type: application/json; charset=utf-8
host: localhost:64127
accept: */*

Response DefaultHttpResponse(decodeResult: success, version: HTTP/1.1)
HTTP/1.1 200 OK
Content-Type: application/json; charset=utf-8
cache-control: no-cache
content-length: 84256

17:26:27.089 [AsyncHttpClient-1-7] DEBUG org.asynchttpclient.netty.channel.ChannelManager - Adding key: http://localhost:64127 for channel [id: 0xee6af73c, L:/127.0.0.1:60201 - R:localhost/127.0.0.1:64127]
17:26:27.093 [main] DEBUG net.serenitybdd.core.photography.Darkroom - Send negative for processing for target\site\serenity\94c27ebf68fefe288d6484989a77096caa22aaf10751d4f08b335ca65ecf4450.png
17:26:27.094 [main] DEBUG net.thucydides.core.steps.StepInterceptor - STEP DONE: inputAddress
17:26:27.094 [Darkroom Processing Line] DEBUG net.serenitybdd.core.photography.DarkroomProcessingLine - Processing screenshot image in /var/screenshots/screenshot-8009157783878928857
17:26:27.094 [Darkroom Processing Line] DEBUG net.serenitybdd.core.photography.DarkroomProcessingLine - Saving screenshot to target\site\serenity\94c27ebf68fefe288d6484989a77096caa22aaf10751d4f08b335ca65ecf4450.png
17:26:27.100 [main] DEBUG net.thucydides.core.steps.StepInterceptor - STARTING STEP: PatientSteps.iInputValidDataPatientAndClickSubmit - clickSubmitButton
17:26:27.105 [Forwarding findElement on session 2a93e206230408e83df6b6d06887a47a to remote] DEBUG org.asynchttpclient.netty.request.NettyRequestSender - Using pooled Channel '[id: 0xee6af73c, L:/127.0.0.1:60201 - R:localhost/127.0.0.1:64127]' for 'POST' to 'http://localhost:64127/session/2a93e206230408e83df6b6d06887a47a/element'
17:26:27.105 [Forwarding findElement on session 2a93e206230408e83df6b6d06887a47a to remote] DEBUG org.asynchttpclient.netty.request.NettyRequestSender - Using open Channel [id: 0xee6af73c, L:/127.0.0.1:60201 - R:localhost/127.0.0.1:64127] for POST '/session/2a93e206230408e83df6b6d06887a47a/element'
17:26:27.121 [AsyncHttpClient-1-7] DEBUG org.asynchttpclient.netty.handler.HttpHandler - 

Request DefaultHttpRequest(decodeResult: success, version: HTTP/1.1)
POST /session/2a93e206230408e83df6b6d06887a47a/element HTTP/1.1
User-Agent: selenium/4.1.2 (java windows)
Content-Length: 116
Content-Type: application/json; charset=utf-8
host: localhost:64127
accept: */*

Response DefaultHttpResponse(decodeResult: success, version: HTTP/1.1)
HTTP/1.1 200 OK
Content-Type: application/json; charset=utf-8
cache-control: no-cache
content-length: 88

17:26:27.121 [AsyncHttpClient-1-7] DEBUG org.asynchttpclient.netty.channel.ChannelManager - Adding key: http://localhost:64127 for channel [id: 0xee6af73c, L:/127.0.0.1:60201 - R:localhost/127.0.0.1:64127]
17:26:27.123 [Forwarding getElementTagName on session 2a93e206230408e83df6b6d06887a47a to remote] DEBUG org.asynchttpclient.netty.request.NettyRequestSender - Using pooled Channel '[id: 0xee6af73c, L:/127.0.0.1:60201 - R:localhost/127.0.0.1:64127]' for 'GET' to 'http://localhost:64127/session/2a93e206230408e83df6b6d06887a47a/element/c7017e43-254d-400f-80cd-47aa62095c7d/name'
17:26:27.123 [Forwarding getElementTagName on session 2a93e206230408e83df6b6d06887a47a to remote] DEBUG org.asynchttpclient.netty.request.NettyRequestSender - Using open Channel [id: 0xee6af73c, L:/127.0.0.1:60201 - R:localhost/127.0.0.1:64127] for GET '/session/2a93e206230408e83df6b6d06887a47a/element/c7017e43-254d-400f-80cd-47aa62095c7d/name'
17:26:27.131 [AsyncHttpClient-1-7] DEBUG org.asynchttpclient.netty.handler.HttpHandler - 

Request DefaultFullHttpRequest(decodeResult: success, version: HTTP/1.1, content: EmptyByteBufBE)
GET /session/2a93e206230408e83df6b6d06887a47a/element/c7017e43-254d-400f-80cd-47aa62095c7d/name HTTP/1.1
User-Agent: selenium/4.1.2 (java windows)
Cache-Control: no-cache
Content-Type: application/json; charset=utf-8
host: localhost:64127
accept: */*

Response DefaultHttpResponse(decodeResult: success, version: HTTP/1.1)
HTTP/1.1 200 OK
Content-Type: application/json; charset=utf-8
cache-control: no-cache
content-length: 18

17:26:27.131 [AsyncHttpClient-1-7] DEBUG org.asynchttpclient.netty.channel.ChannelManager - Adding key: http://localhost:64127 for channel [id: 0xee6af73c, L:/127.0.0.1:60201 - R:localhost/127.0.0.1:64127]
17:26:27.133 [Forwarding getElementTagName on session 2a93e206230408e83df6b6d06887a47a to remote] DEBUG org.asynchttpclient.netty.request.NettyRequestSender - Using pooled Channel '[id: 0xee6af73c, L:/127.0.0.1:60201 - R:localhost/127.0.0.1:64127]' for 'GET' to 'http://localhost:64127/session/2a93e206230408e83df6b6d06887a47a/element/c7017e43-254d-400f-80cd-47aa62095c7d/name'
17:26:27.133 [Forwarding getElementTagName on session 2a93e206230408e83df6b6d06887a47a to remote] DEBUG org.asynchttpclient.netty.request.NettyRequestSender - Using open Channel [id: 0xee6af73c, L:/127.0.0.1:60201 - R:localhost/127.0.0.1:64127] for GET '/session/2a93e206230408e83df6b6d06887a47a/element/c7017e43-254d-400f-80cd-47aa62095c7d/name'
17:26:27.139 [AsyncHttpClient-1-7] DEBUG org.asynchttpclient.netty.handler.HttpHandler - 

Request DefaultFullHttpRequest(decodeResult: success, version: HTTP/1.1, content: EmptyByteBufBE)
GET /session/2a93e206230408e83df6b6d06887a47a/element/c7017e43-254d-400f-80cd-47aa62095c7d/name HTTP/1.1
User-Agent: selenium/4.1.2 (java windows)
Cache-Control: no-cache
Content-Type: application/json; charset=utf-8
host: localhost:64127
accept: */*

Response DefaultHttpResponse(decodeResult: success, version: HTTP/1.1)
HTTP/1.1 200 OK
Content-Type: application/json; charset=utf-8
cache-control: no-cache
content-length: 18

17:26:27.139 [AsyncHttpClient-1-7] DEBUG org.asynchttpclient.netty.channel.ChannelManager - Adding key: http://localhost:64127 for channel [id: 0xee6af73c, L:/127.0.0.1:60201 - R:localhost/127.0.0.1:64127]
17:26:27.143 [Forwarding isElementEnabled on session 2a93e206230408e83df6b6d06887a47a to remote] DEBUG org.asynchttpclient.netty.request.NettyRequestSender - Using pooled Channel '[id: 0xee6af73c, L:/127.0.0.1:60201 - R:localhost/127.0.0.1:64127]' for 'GET' to 'http://localhost:64127/session/2a93e206230408e83df6b6d06887a47a/element/c7017e43-254d-400f-80cd-47aa62095c7d/enabled'
17:26:27.143 [Forwarding isElementEnabled on session 2a93e206230408e83df6b6d06887a47a to remote] DEBUG org.asynchttpclient.netty.request.NettyRequestSender - Using open Channel [id: 0xee6af73c, L:/127.0.0.1:60201 - R:localhost/127.0.0.1:64127] for GET '/session/2a93e206230408e83df6b6d06887a47a/element/c7017e43-254d-400f-80cd-47aa62095c7d/enabled'
17:26:27.159 [AsyncHttpClient-1-7] DEBUG org.asynchttpclient.netty.handler.HttpHandler - 

Request DefaultFullHttpRequest(decodeResult: success, version: HTTP/1.1, content: EmptyByteBufBE)
GET /session/2a93e206230408e83df6b6d06887a47a/element/c7017e43-254d-400f-80cd-47aa62095c7d/enabled HTTP/1.1
User-Agent: selenium/4.1.2 (java windows)
Cache-Control: no-cache
Content-Type: application/json; charset=utf-8
host: localhost:64127
accept: */*

Response DefaultHttpResponse(decodeResult: success, version: HTTP/1.1)
HTTP/1.1 200 OK
Content-Type: application/json; charset=utf-8
cache-control: no-cache
content-length: 14

17:26:27.159 [AsyncHttpClient-1-7] DEBUG org.asynchttpclient.netty.channel.ChannelManager - Adding key: http://localhost:64127 for channel [id: 0xee6af73c, L:/127.0.0.1:60201 - R:localhost/127.0.0.1:64127]
17:26:27.160 [Forwarding isElementEnabled on session 2a93e206230408e83df6b6d06887a47a to remote] DEBUG org.asynchttpclient.netty.request.NettyRequestSender - Using pooled Channel '[id: 0xee6af73c, L:/127.0.0.1:60201 - R:localhost/127.0.0.1:64127]' for 'GET' to 'http://localhost:64127/session/2a93e206230408e83df6b6d06887a47a/element/c7017e43-254d-400f-80cd-47aa62095c7d/enabled'
17:26:27.160 [Forwarding isElementEnabled on session 2a93e206230408e83df6b6d06887a47a to remote] DEBUG org.asynchttpclient.netty.request.NettyRequestSender - Using open Channel [id: 0xee6af73c, L:/127.0.0.1:60201 - R:localhost/127.0.0.1:64127] for GET '/session/2a93e206230408e83df6b6d06887a47a/element/c7017e43-254d-400f-80cd-47aa62095c7d/enabled'
17:26:27.169 [AsyncHttpClient-1-7] DEBUG org.asynchttpclient.netty.handler.HttpHandler - 

Request DefaultFullHttpRequest(decodeResult: success, version: HTTP/1.1, content: EmptyByteBufBE)
GET /session/2a93e206230408e83df6b6d06887a47a/element/c7017e43-254d-400f-80cd-47aa62095c7d/enabled HTTP/1.1
User-Agent: selenium/4.1.2 (java windows)
Cache-Control: no-cache
Content-Type: application/json; charset=utf-8
host: localhost:64127
accept: */*

Response DefaultHttpResponse(decodeResult: success, version: HTTP/1.1)
HTTP/1.1 200 OK
Content-Type: application/json; charset=utf-8
cache-control: no-cache
content-length: 14

17:26:27.169 [AsyncHttpClient-1-7] DEBUG org.asynchttpclient.netty.channel.ChannelManager - Adding key: http://localhost:64127 for channel [id: 0xee6af73c, L:/127.0.0.1:60201 - R:localhost/127.0.0.1:64127]
17:26:27.171 [Forwarding findElement on session 2a93e206230408e83df6b6d06887a47a to remote] DEBUG org.asynchttpclient.netty.request.NettyRequestSender - Using pooled Channel '[id: 0xee6af73c, L:/127.0.0.1:60201 - R:localhost/127.0.0.1:64127]' for 'POST' to 'http://localhost:64127/session/2a93e206230408e83df6b6d06887a47a/element'
17:26:27.171 [Forwarding findElement on session 2a93e206230408e83df6b6d06887a47a to remote] DEBUG org.asynchttpclient.netty.request.NettyRequestSender - Using open Channel [id: 0xee6af73c, L:/127.0.0.1:60201 - R:localhost/127.0.0.1:64127] for POST '/session/2a93e206230408e83df6b6d06887a47a/element'
17:26:27.181 [AsyncHttpClient-1-7] DEBUG org.asynchttpclient.netty.handler.HttpHandler - 

Request DefaultHttpRequest(decodeResult: success, version: HTTP/1.1)
POST /session/2a93e206230408e83df6b6d06887a47a/element HTTP/1.1
User-Agent: selenium/4.1.2 (java windows)
Content-Length: 116
Content-Type: application/json; charset=utf-8
host: localhost:64127
accept: */*

Response DefaultHttpResponse(decodeResult: success, version: HTTP/1.1)
HTTP/1.1 200 OK
Content-Type: application/json; charset=utf-8
cache-control: no-cache
content-length: 88

17:26:27.181 [AsyncHttpClient-1-7] DEBUG org.asynchttpclient.netty.channel.ChannelManager - Adding key: http://localhost:64127 for channel [id: 0xee6af73c, L:/127.0.0.1:60201 - R:localhost/127.0.0.1:64127]
17:26:27.183 [Forwarding clickElement on session 2a93e206230408e83df6b6d06887a47a to remote] DEBUG org.asynchttpclient.netty.request.NettyRequestSender - Using pooled Channel '[id: 0xee6af73c, L:/127.0.0.1:60201 - R:localhost/127.0.0.1:64127]' for 'POST' to 'http://localhost:64127/session/2a93e206230408e83df6b6d06887a47a/element/c7017e43-254d-400f-80cd-47aa62095c7d/click'
17:26:27.183 [Forwarding clickElement on session 2a93e206230408e83df6b6d06887a47a to remote] DEBUG org.asynchttpclient.netty.request.NettyRequestSender - Using open Channel [id: 0xee6af73c, L:/127.0.0.1:60201 - R:localhost/127.0.0.1:64127] for POST '/session/2a93e206230408e83df6b6d06887a47a/element/c7017e43-254d-400f-80cd-47aa62095c7d/click'
17:26:27.268 [AsyncHttpClient-1-7] DEBUG org.asynchttpclient.netty.handler.HttpHandler - 

Request DefaultHttpRequest(decodeResult: success, version: HTTP/1.1)
POST /session/2a93e206230408e83df6b6d06887a47a/element/c7017e43-254d-400f-80cd-47aa62095c7d/click HTTP/1.1
User-Agent: selenium/4.1.2 (java windows)
Content-Length: 50
Content-Type: application/json; charset=utf-8
host: localhost:64127
accept: */*

Response DefaultHttpResponse(decodeResult: success, version: HTTP/1.1)
HTTP/1.1 200 OK
Content-Type: application/json; charset=utf-8
cache-control: no-cache
content-length: 14

17:26:27.268 [AsyncHttpClient-1-7] DEBUG org.asynchttpclient.netty.channel.ChannelManager - Adding key: http://localhost:64127 for channel [id: 0xee6af73c, L:/127.0.0.1:60201 - R:localhost/127.0.0.1:64127]
17:26:27.278 [Forwarding screenshot on session 2a93e206230408e83df6b6d06887a47a to remote] DEBUG org.asynchttpclient.netty.request.NettyRequestSender - Using pooled Channel '[id: 0xee6af73c, L:/127.0.0.1:60201 - R:localhost/127.0.0.1:64127]' for 'GET' to 'http://localhost:64127/session/2a93e206230408e83df6b6d06887a47a/screenshot'
17:26:27.278 [Forwarding screenshot on session 2a93e206230408e83df6b6d06887a47a to remote] DEBUG org.asynchttpclient.netty.request.NettyRequestSender - Using open Channel [id: 0xee6af73c, L:/127.0.0.1:60201 - R:localhost/127.0.0.1:64127] for GET '/session/2a93e206230408e83df6b6d06887a47a/screenshot'
17:26:27.432 [AsyncHttpClient-1-7] DEBUG org.asynchttpclient.netty.handler.HttpHandler - 

Request DefaultFullHttpRequest(decodeResult: success, version: HTTP/1.1, content: EmptyByteBufBE)
GET /session/2a93e206230408e83df6b6d06887a47a/screenshot HTTP/1.1
User-Agent: selenium/4.1.2 (java windows)
Cache-Control: no-cache
Content-Type: application/json; charset=utf-8
host: localhost:64127
accept: */*

Response DefaultHttpResponse(decodeResult: success, version: HTTP/1.1)
HTTP/1.1 200 OK
Content-Type: application/json; charset=utf-8
cache-control: no-cache
content-length: 84020

17:26:27.433 [AsyncHttpClient-1-7] DEBUG org.asynchttpclient.netty.channel.ChannelManager - Adding key: http://localhost:64127 for channel [id: 0xee6af73c, L:/127.0.0.1:60201 - R:localhost/127.0.0.1:64127]
17:26:27.439 [main] DEBUG net.serenitybdd.core.photography.Darkroom - Send negative for processing for target\site\serenity\bf187cd3a4c0ca2131365d02223a90be724604790394998f1b7391268eb0f4d8.png
17:26:27.439 [main] DEBUG net.thucydides.core.steps.StepInterceptor - STEP DONE: clickSubmitButton
  &amp#27;[32mAnd &amp#27;[0m&amp#27;[32mI input valid data patient and click submit&amp#27;[0m &amp#27;[90m# starter.stepdefinitions.PatientSteps.iInputValidDataPatientAndClickSubmit()&amp#27;[0m
17:26:27.440 [Darkroom Processing Line] DEBUG net.serenitybdd.core.photography.DarkroomProcessingLine - Processing screenshot image in /var/screenshots/screenshot-12792801385635978870
17:26:27.440 [Darkroom Processing Line] DEBUG net.serenitybdd.core.photography.DarkroomProcessingLine - Saving screenshot to target\site\serenity\bf187cd3a4c0ca2131365d02223a90be724604790394998f1b7391268eb0f4d8.png
17:26:27.442 [AsyncHttpClient-1-1] DEBUG org.asynchttpclient.netty.channel.DefaultChannelPool - Entry count for : http://localhost:64127 : 1
17:26:27.442 [AsyncHttpClient-1-1] DEBUG org.asynchttpclient.netty.channel.DefaultChannelPool - Entry count for : http://localhost:60202 : 1
17:26:27.467 [main] DEBUG net.thucydides.core.steps.StepInterceptor - STARTING STEP: PatientSteps.iGetNewPatientHasBeenAddedResult - newPatientAdded
17:26:27.472 [Forwarding findElement on session 2a93e206230408e83df6b6d06887a47a to remote] DEBUG org.asynchttpclient.netty.request.NettyRequestSender - Using pooled Channel '[id: 0xee6af73c, L:/127.0.0.1:60201 - R:localhost/127.0.0.1:64127]' for 'POST' to 'http://localhost:64127/session/2a93e206230408e83df6b6d06887a47a/element'
17:26:27.472 [Forwarding findElement on session 2a93e206230408e83df6b6d06887a47a to remote] DEBUG org.asynchttpclient.netty.request.NettyRequestSender - Using open Channel [id: 0xee6af73c, L:/127.0.0.1:60201 - R:localhost/127.0.0.1:64127] for POST '/session/2a93e206230408e83df6b6d06887a47a/element'
17:26:28.550 [AsyncHttpClient-1-1] DEBUG org.asynchttpclient.netty.channel.DefaultChannelPool - Entry count for : http://localhost:60202 : 1
17:26:28.618 [AsyncHttpClient-1-7] DEBUG org.asynchttpclient.netty.handler.HttpHandler - 

Request DefaultHttpRequest(decodeResult: success, version: HTTP/1.1)
POST /session/2a93e206230408e83df6b6d06887a47a/element HTTP/1.1
User-Agent: selenium/4.1.2 (java windows)
Content-Length: 74
Content-Type: application/json; charset=utf-8
host: localhost:64127
accept: */*

Response DefaultHttpResponse(decodeResult: success, version: HTTP/1.1)
HTTP/1.1 200 OK
Content-Type: application/json; charset=utf-8
cache-control: no-cache
content-length: 88

17:26:28.618 [AsyncHttpClient-1-7] DEBUG org.asynchttpclient.netty.channel.ChannelManager - Adding key: http://localhost:64127 for channel [id: 0xee6af73c, L:/127.0.0.1:60201 - R:localhost/127.0.0.1:64127]
17:26:28.625 [Forwarding isElementDisplayed on session 2a93e206230408e83df6b6d06887a47a to remote] DEBUG org.asynchttpclient.netty.request.NettyRequestSender - Using pooled Channel '[id: 0xee6af73c, L:/127.0.0.1:60201 - R:localhost/127.0.0.1:64127]' for 'POST' to 'http://localhost:64127/session/2a93e206230408e83df6b6d06887a47a/execute/sync'
17:26:28.625 [Forwarding isElementDisplayed on session 2a93e206230408e83df6b6d06887a47a to remote] DEBUG org.asynchttpclient.netty.request.NettyRequestSender - Using open Channel [id: 0xee6af73c, L:/127.0.0.1:60201 - R:localhost/127.0.0.1:64127] for POST '/session/2a93e206230408e83df6b6d06887a47a/execute/sync'
17:26:28.672 [AsyncHttpClient-1-7] DEBUG org.asynchttpclient.netty.handler.HttpHandler - 

Request DefaultHttpRequest(decodeResult: success, version: HTTP/1.1)
POST /session/2a93e206230408e83df6b6d06887a47a/execute/sync HTTP/1.1
User-Agent: selenium/4.1.2 (java windows)
Content-Length: 48780
Content-Type: application/json; charset=utf-8
host: localhost:64127
accept: */*

Response DefaultHttpResponse(decodeResult: success, version: HTTP/1.1)
HTTP/1.1 200 OK
Content-Type: application/json; charset=utf-8
cache-control: no-cache
content-length: 14

17:26:28.678 [AsyncHttpClient-1-7] DEBUG org.asynchttpclient.netty.channel.ChannelManager - Adding key: http://localhost:64127 for channel [id: 0xee6af73c, L:/127.0.0.1:60201 - R:localhost/127.0.0.1:64127]
17:26:28.695 [Forwarding screenshot on session 2a93e206230408e83df6b6d06887a47a to remote] DEBUG org.asynchttpclient.netty.request.NettyRequestSender - Using pooled Channel '[id: 0xee6af73c, L:/127.0.0.1:60201 - R:localhost/127.0.0.1:64127]' for 'GET' to 'http://localhost:64127/session/2a93e206230408e83df6b6d06887a47a/screenshot'
17:26:28.695 [Forwarding screenshot on session 2a93e206230408e83df6b6d06887a47a to remote] DEBUG org.asynchttpclient.netty.request.NettyRequestSender - Using open Channel [id: 0xee6af73c, L:/127.0.0.1:60201 - R:localhost/127.0.0.1:64127] for GET '/session/2a93e206230408e83df6b6d06887a47a/screenshot'
17:26:28.913 [AsyncHttpClient-1-7] DEBUG org.asynchttpclient.netty.handler.HttpHandler - 

Request DefaultFullHttpRequest(decodeResult: success, version: HTTP/1.1, content: EmptyByteBufBE)
GET /session/2a93e206230408e83df6b6d06887a47a/screenshot HTTP/1.1
User-Agent: selenium/4.1.2 (java windows)
Cache-Control: no-cache
Content-Type: application/json; charset=utf-8
host: localhost:64127
accept: */*

Response DefaultHttpResponse(decodeResult: success, version: HTTP/1.1)
HTTP/1.1 200 OK
Content-Type: application/json; charset=utf-8
cache-control: no-cache
content-length: 103116

17:26:28.913 [AsyncHttpClient-1-7] DEBUG org.asynchttpclient.netty.channel.ChannelManager - Adding key: http://localhost:64127 for channel [id: 0xee6af73c, L:/127.0.0.1:60201 - R:localhost/127.0.0.1:64127]
17:26:28.920 [main] DEBUG net.serenitybdd.core.photography.Darkroom - Send negative for processing for target\site\serenity\a24afc540ca15fc587a1ddaddcc864bb16f62ab5dde255c9c46fdb66cc4ac9a3.png
17:26:28.921 [main] DEBUG net.thucydides.core.steps.StepInterceptor - STEP DONE: newPatientAdded
  &amp#27;[32mThen &amp#27;[0m&amp#27;[32mI get New Patient has been added result&amp#27;[0m    &amp#27;[90m# starter.stepdefinitions.PatientSteps.iGetNewPatientHasBeenAddedResult()&amp#27;[0m
17:26:28.921 [Darkroom Processing Line] DEBUG net.serenitybdd.core.photography.DarkroomProcessingLine - Processing screenshot image in /var/screenshots/screenshot-5159092293362852656
17:26:28.921 [Darkroom Processing Line] DEBUG net.serenitybdd.core.photography.DarkroomProcessingLine - Saving screenshot to target\site\serenity\a24afc540ca15fc587a1ddaddcc864bb16f62ab5dde255c9c46fdb66cc4ac9a3.png
17:26:28.932 [main] INFO  - 
  _____   ___   ___   _____     ___     _     ___   ___   ___   ___  
 |_   _| | __| / __| |_   _|   | _ \   /_\   / __| / __| | __| |   \ 
   | |   | _|  \__ \   | |     |  _/  / _ \  \__ \ \__ \ | _|  | |) |
   |_|   |___| |___/   |_|     |_|   /_/ \_\ |___/ |___/ |___| |___/ 

Create New Patient Scenario
----------------------------------------------------------------------
17:26:28.935 [AsyncHttpClient-1-9] DEBUG org.asynchttpclient.netty.handler.WebSocketHandler - Channel Closed: [id: 0x3f333b0a, L:/127.0.0.1:60209 ! R:localhost/127.0.0.1:60202] with attribute NettyResponseFuture{currentRetry=5,
	isDone=1,
	isCancelled=0,
	asyncHandler=org.asynchttpclient.ws.WebSocketUpgradeHandler@7fb6ccf8,
	nettyRequest=org.asynchttpclient.netty.request.NettyRequest@3d6fbbee,
	future=java.util.concurrent.CompletableFuture@5740f9e9[Completed normally],
	uri=ws://localhost:60202/devtools/browser/8d6b0307-054b-4341-ba39-a54250424c43,
	keepAlive=true,
	redirectCount=0,
	timeoutsHolder=null,
	inAuth=0,
	touch=1655375146124}
17:26:28.936 [AsyncHttpClient-1-9] DEBUG org.asynchttpclient.netty.channel.ChannelManager - Closing Channel [id: 0x3f333b0a, L:/127.0.0.1:60209 ! R:localhost/127.0.0.1:60202] 
17:26:28.936 [Driver Command Executor] DEBUG org.asynchttpclient.netty.request.NettyRequestSender - Using pooled Channel '[id: 0xee6af73c, L:/127.0.0.1:60201 - R:localhost/127.0.0.1:64127]' for 'DELETE' to 'http://localhost:64127/session/2a93e206230408e83df6b6d06887a47a'
17:26:28.936 [Driver Command Executor] DEBUG org.asynchttpclient.netty.request.NettyRequestSender - Using open Channel [id: 0xee6af73c, L:/127.0.0.1:60201 - R:localhost/127.0.0.1:64127] for DELETE '/session/2a93e206230408e83df6b6d06887a47a'
17:26:29.440 [AsyncHttpClient-1-8] DEBUG org.asynchttpclient.netty.handler.HttpHandler - Unexpected I/O exception on channel [id: 0xec6a601a, L:/127.0.0.1:60208 - R:localhost/127.0.0.1:60202]
java.net.SocketException: Connection reset
	at java.base/sun.nio.ch.SocketChannelImpl.throwConnectionReset(SocketChannelImpl.java:367)
	at java.base/sun.nio.ch.SocketChannelImpl.read(SocketChannelImpl.java:398)
	at io.netty.buffer.PooledByteBuf.setBytes(PooledByteBuf.java:258)
	at io.netty.buffer.AbstractByteBuf.writeBytes(AbstractByteBuf.java:1132)
	at io.netty.channel.socket.nio.NioSocketChannel.doReadBytes(NioSocketChannel.java:350)
	at io.netty.channel.nio.AbstractNioByteChannel$NioByteUnsafe.read(AbstractNioByteChannel.java:151)
	at io.netty.channel.nio.NioEventLoop.processSelectedKey(NioEventLoop.java:722)
	at io.netty.channel.nio.NioEventLoop.processSelectedKeysOptimized(NioEventLoop.java:658)
	at io.netty.channel.nio.NioEventLoop.processSelectedKeys(NioEventLoop.java:584)
	at io.netty.channel.nio.NioEventLoop.run(NioEventLoop.java:496)
	at io.netty.util.concurrent.SingleThreadEventExecutor$4.run(SingleThreadEventExecutor.java:986)
	at io.netty.util.internal.ThreadExecutorMap$2.run(ThreadExecutorMap.java:74)
	at io.netty.util.concurrent.FastThreadLocalRunnable.run(FastThreadLocalRunnable.java:30)
	at java.base/java.lang.Thread.run(Thread.java:832)
17:26:29.441 [AsyncHttpClient-1-8] DEBUG org.asynchttpclient.netty.channel.ChannelManager - Closing Channel [id: 0xec6a601a, L:/127.0.0.1:60208 - R:localhost/127.0.0.1:60202] 
17:26:29.441 [AsyncHttpClient-1-8] DEBUG org.asynchttpclient.netty.handler.HttpHandler - Channel Closed: [id: 0xec6a601a, L:/127.0.0.1:60208 ! R:localhost/127.0.0.1:60202] with attribute DISCARD
17:26:29.466 [AsyncHttpClient-1-7] DEBUG org.asynchttpclient.netty.handler.HttpHandler - 

Request DefaultFullHttpRequest(decodeResult: success, version: HTTP/1.1, content: EmptyByteBufBE)
DELETE /session/2a93e206230408e83df6b6d06887a47a HTTP/1.1
User-Agent: selenium/4.1.2 (java windows)
Content-Type: application/json; charset=utf-8
host: localhost:64127
accept: */*

Response DefaultHttpResponse(decodeResult: success, version: HTTP/1.1)
HTTP/1.1 200 OK
Content-Type: application/json; charset=utf-8
cache-control: no-cache
content-length: 14

17:26:29.466 [AsyncHttpClient-1-7] DEBUG org.asynchttpclient.netty.channel.ChannelManager - Adding key: http://localhost:64127 for channel [id: 0xee6af73c, L:/127.0.0.1:60201 - R:localhost/127.0.0.1:64127]
17:26:29.642 [AsyncHttpClient-1-1] DEBUG org.asynchttpclient.netty.channel.DefaultChannelPool - Entry count for : http://localhost:64127 : 1
17:26:29.642 [AsyncHttpClient-1-1] DEBUG org.asynchttpclient.netty.channel.DefaultChannelPool - Entry count for : http://localhost:60202 : 1
17:26:29.642 [AsyncHttpClient-1-1] DEBUG org.asynchttpclient.netty.channel.DefaultChannelPool - Adding Candidate expired Channel [id: 0xec6a601a, L:/127.0.0.1:60208 ! R:localhost/127.0.0.1:60202] isIdleTimeoutExpired=false isRemotelyClosed=true isTtlExpired=false
17:26:29.642 [AsyncHttpClient-1-1] DEBUG org.asynchttpclient.netty.channel.DefaultChannelPool - Closing Idle Channel [id: 0xec6a601a, L:/127.0.0.1:60208 ! R:localhost/127.0.0.1:60202]
17:26:29.642 [AsyncHttpClient-1-1] DEBUG org.asynchttpclient.netty.channel.DefaultChannelPool - Closed 1 connections out of 2 in 0 ms
17:26:30.485 [AsyncHttpClient-1-7] DEBUG org.asynchttpclient.netty.handler.HttpHandler - Unexpected I/O exception on channel [id: 0xee6af73c, L:/127.0.0.1:60201 - R:localhost/127.0.0.1:64127]
java.net.SocketException: Connection reset
	at java.base/sun.nio.ch.SocketChannelImpl.throwConnectionReset(SocketChannelImpl.java:367)
	at java.base/sun.nio.ch.SocketChannelImpl.read(SocketChannelImpl.java:398)
	at io.netty.buffer.PooledByteBuf.setBytes(PooledByteBuf.java:258)
	at io.netty.buffer.AbstractByteBuf.writeBytes(AbstractByteBuf.java:1132)
	at io.netty.channel.socket.nio.NioSocketChannel.doReadBytes(NioSocketChannel.java:350)
	at io.netty.channel.nio.AbstractNioByteChannel$NioByteUnsafe.read(AbstractNioByteChannel.java:151)
	at io.netty.channel.nio.NioEventLoop.processSelectedKey(NioEventLoop.java:722)
	at io.netty.channel.nio.NioEventLoop.processSelectedKeysOptimized(NioEventLoop.java:658)
	at io.netty.channel.nio.NioEventLoop.processSelectedKeys(NioEventLoop.java:584)
	at io.netty.channel.nio.NioEventLoop.run(NioEventLoop.java:496)
	at io.netty.util.concurrent.SingleThreadEventExecutor$4.run(SingleThreadEventExecutor.java:986)
	at io.netty.util.internal.ThreadExecutorMap$2.run(ThreadExecutorMap.java:74)
	at io.netty.util.concurrent.FastThreadLocalRunnable.run(FastThreadLocalRunnable.java:30)
	at java.base/java.lang.Thread.run(Thread.java:832)
17:26:30.486 [AsyncHttpClient-1-7] DEBUG org.asynchttpclient.netty.channel.ChannelManager - Closing Channel [id: 0xee6af73c, L:/127.0.0.1:60201 - R:localhost/127.0.0.1:64127] 
17:26:30.486 [AsyncHttpClient-1-7] DEBUG org.asynchttpclient.netty.handler.HttpHandler - Channel Closed: [id: 0xee6af73c, L:/127.0.0.1:60201 ! R:localhost/127.0.0.1:64127] with attribute DISCARD
]]></system-out>
    <system-err><![CDATA[Starting ChromeDriver 102.0.5005.61 (0e59bcc00cc4985ce39ad31c150065f159d95ad3-refs/branch-heads/5005@{#819}) on port 64127
Only local connections are allowed.
Please see https://chromedriver.chromium.org/security-considerations for suggestions on keeping ChromeDriver safe.
ChromeDriver was started successfully.
Jun 16, 2022 5:25:46 PM org.openqa.selenium.remote.ProtocolHandshake createSession
INFO: Detected dialect: W3C
Jun 16, 2022 5:25:46 PM org.openqa.selenium.devtools.CdpVersionFinder findNearestMatch
WARNING: Unable to find an exact match for CDP version 102, so returning the closest version found: a no-op implementation
Jun 16, 2022 5:25:46 PM org.openqa.selenium.devtools.CdpVersionFinder findNearestMatch
INFO: Unable to find CDP implementation matching 102.
Jun 16, 2022 5:25:46 PM org.openqa.selenium.chromium.ChromiumDriver lambda$new$3
WARNING: Unable to find version of CDP to use for . You may need to include a dependency on a specific version of the CDP using something similar to `org.seleniumhq.selenium:selenium-devtools-v86:4.1.2` where the version ("v86") matches the version of the chromium-based browser you're using and the version number of the artifact is the same as Selenium's.
]]></system-err>
  </testcase>
  <testcase name="Cancel Create New Patient Scenario" classname="Patient" time="18.428">
    <system-out><![CDATA[
@Patient
Scenario: Cancel Create New Patient Scenario &amp#27;[90m# src/test/resources/features/2.Patient.feature:15&amp#27;[0m
17:26:30.544 [main] INFO io.cucumber.core.plugin.SerenityReporter - Running feature from file:///E:/My%20Documents/File%20Difa/TI%20Semester%206%20Kampus%20Merdeka%20Alterra/Tugas/CAPSTONE%20Project/Capstone-Project-Website/src/test/resources/features/2.Patient.feature
17:26:30.546 [main] INFO  - 
  _____   ___   ___   _____     ___   _____     _     ___   _____   ___   ___  
 |_   _| | __| / __| |_   _|   / __| |_   _|   /_\   | _ \ |_   _| | __| |   \ 
   | |   | _|  \__ \   | |     \__ \   | |    / _ \  |   /   | |   | _|  | |) |
   |_|   |___| |___/   |_|     |___/   |_|   /_/ \_\ |_|_\   |_|   |___| |___/ 

Cancel Create New Patient Scenario(patient;cancel-create-new-patient-scenario)
--------------------------------------------------------------------------------
17:26:30.572 [main] DEBUG net.thucydides.core.steps.StepInterceptor - STARTING STEP: PatientSteps.iAmAtTheDashboardPage - openUrl
17:26:30.574 [main] INFO net.serenitybdd.core.webdriver.driverproviders.ChromeDriverProvider - Using automatically driver download
17:26:30.742 [AsyncHttpClient-1-1] DEBUG org.asynchttpclient.netty.channel.DefaultChannelPool - Entry count for : http://localhost:64127 : 1
17:26:30.742 [AsyncHttpClient-1-1] DEBUG org.asynchttpclient.netty.channel.DefaultChannelPool - Adding Candidate expired Channel [id: 0xee6af73c, L:/127.0.0.1:60201 ! R:localhost/127.0.0.1:64127] isIdleTimeoutExpired=false isRemotelyClosed=true isTtlExpired=false
17:26:30.742 [AsyncHttpClient-1-1] DEBUG org.asynchttpclient.netty.channel.DefaultChannelPool - Closing Idle Channel [id: 0xee6af73c, L:/127.0.0.1:60201 ! R:localhost/127.0.0.1:64127]
17:26:30.742 [AsyncHttpClient-1-1] DEBUG org.asynchttpclient.netty.channel.DefaultChannelPool - Closed 1 connections out of 1 in 0 ms
17:26:31.414 [main] DEBUG io.github.bonigarcia.wdm.cache.ResolutionCache - Resolution chrome=102 in cache (valid until 18:07:22 16/06/2022 ICT)
17:26:31.418 [main] DEBUG io.github.bonigarcia.wdm.cache.ResolutionCache - Resolution chrome102=102.0.5005.61 in cache (valid until 15:56:01 17/06/2022 ICT)
17:26:31.419 [main] INFO io.github.bonigarcia.wdm.WebDriverManager - Using chromedriver 102.0.5005.61 (resolved driver for Chrome 102)
17:26:31.430 [main] DEBUG io.github.bonigarcia.wdm.WebDriverManager - Driver chromedriver 102.0.5005.61 found in cache
17:26:31.430 [main] INFO io.github.bonigarcia.wdm.WebDriverManager - Exporting webdriver.chrome.driver as C:\Users\USER\.cache\selenium\chromedriver\win32\102.0.5005.61\chromedriver.exe
17:26:31.584 [main] DEBUG net.serenitybdd.core.webdriver.driverproviders.ProvideNewDriver - Instantiating driver
17:26:31.584 [main] DEBUG net.serenitybdd.core.webdriver.driverproviders.ProvideNewDriver - Driver capabilities: Capabilities {acceptInsecureCerts: false, base.url: https://hospital-management..., browserName: chrome, chrome.driver: src/test/resources/webdrive..., driver: chrome, goog:chromeOptions: {args: [], extensions: []}}
17:26:32.628 [AsyncHttpClient-1-2] DEBUG org.asynchttpclient.netty.channel.NettyConnectListener - Using new Channel '[id: 0x12269ec9, L:/127.0.0.1:60235 - R:localhost/127.0.0.1:65083]' for 'POST' to '/session'
17:26:37.218 [AsyncHttpClient-1-2] DEBUG org.asynchttpclient.netty.handler.HttpHandler - 

Request DefaultHttpRequest(decodeResult: success, version: HTTP/1.1)
POST /session HTTP/1.1
User-Agent: selenium/4.1.2 (java windows)
Content-Length: 621
Content-Type: application/json; charset=utf-8
host: localhost:65083
accept: */*

Response DefaultHttpResponse(decodeResult: success, version: HTTP/1.1)
HTTP/1.1 200 OK
Content-Type: application/json; charset=utf-8
cache-control: no-cache
content-length: 789

17:26:37.218 [AsyncHttpClient-1-2] DEBUG org.asynchttpclient.netty.channel.ChannelManager - Adding key: http://localhost:65083 for channel [id: 0x12269ec9, L:/127.0.0.1:60235 - R:localhost/127.0.0.1:65083]
17:26:37.227 [AsyncHttpClient-1-3] DEBUG org.asynchttpclient.netty.channel.NettyConnectListener - Using new Channel '[id: 0x96896e62, L:/127.0.0.1:60243 - R:localhost/127.0.0.1:60236]' for 'GET' to '/json/version'
17:26:37.228 [AsyncHttpClient-1-3] DEBUG org.asynchttpclient.netty.handler.HttpHandler - 

Request DefaultFullHttpRequest(decodeResult: success, version: HTTP/1.1, content: EmptyByteBufBE)
GET /json/version HTTP/1.1
User-Agent: selenium/4.1.2 (java windows)
host: localhost:60236
accept: */*

Response DefaultHttpResponse(decodeResult: success, version: HTTP/1.1)
HTTP/1.1 200 OK
Content-Type: application/json; charset=UTF-8
content-length: 427

17:26:37.228 [AsyncHttpClient-1-3] DEBUG org.asynchttpclient.netty.channel.ChannelManager - Adding key: http://localhost:60236 for channel [id: 0x96896e62, L:/127.0.0.1:60243 - R:localhost/127.0.0.1:60236]
17:26:37.231 [AsyncHttpClient-1-4] DEBUG org.asynchttpclient.netty.channel.NettyConnectListener - Using new Channel '[id: 0xbb494467, L:/127.0.0.1:60244 - R:localhost/127.0.0.1:60236]' for 'GET' to '/devtools/browser/421bda98-11ce-4170-a901-debcf0f0d64e'
17:26:37.232 [AsyncHttpClient-1-4] DEBUG org.asynchttpclient.netty.handler.WebSocketHandler - 

Request DefaultFullHttpRequest(decodeResult: success, version: HTTP/1.1, content: EmptyByteBufBE)
GET /devtools/browser/421bda98-11ce-4170-a901-debcf0f0d64e HTTP/1.1
upgrade: websocket
connection: upgrade
sec-websocket-key: 8qepK8FeHgXFQM+07F/U7w==
sec-websocket-version: 13
origin: http://localhost:60236
host: localhost:60236
accept: */*
user-agent: AHC/2.1

Response DefaultHttpResponse(decodeResult: success, version: HTTP/1.1)
HTTP/1.1 101 WebSocket Protocol Handshake
Upgrade: WebSocket
Connection: Upgrade
Sec-WebSocket-Accept: rq/yuJHv4P/Bo1Q4O7Ij1GCsrdM=

17:26:37.237 [Forwarding maximizeCurrentWindow on session c98adb70ba49c52936410cde8a3d0a56 to remote] DEBUG org.asynchttpclient.netty.request.NettyRequestSender - Using pooled Channel '[id: 0x12269ec9, L:/127.0.0.1:60235 - R:localhost/127.0.0.1:65083]' for 'POST' to 'http://localhost:65083/session/c98adb70ba49c52936410cde8a3d0a56/window/maximize'
17:26:37.237 [Forwarding maximizeCurrentWindow on session c98adb70ba49c52936410cde8a3d0a56 to remote] DEBUG org.asynchttpclient.netty.request.NettyRequestSender - Using open Channel [id: 0x12269ec9, L:/127.0.0.1:60235 - R:localhost/127.0.0.1:65083] for POST '/session/c98adb70ba49c52936410cde8a3d0a56/window/maximize'
17:26:37.342 [AsyncHttpClient-1-1] DEBUG org.asynchttpclient.netty.channel.DefaultChannelPool - Entry count for : http://localhost:60236 : 1
17:26:37.353 [AsyncHttpClient-1-2] DEBUG org.asynchttpclient.netty.handler.HttpHandler - 

Request DefaultHttpRequest(decodeResult: success, version: HTTP/1.1)
POST /session/c98adb70ba49c52936410cde8a3d0a56/window/maximize HTTP/1.1
User-Agent: selenium/4.1.2 (java windows)
Content-Length: 3
Content-Type: application/json; charset=utf-8
host: localhost:65083
accept: */*

Response DefaultHttpResponse(decodeResult: success, version: HTTP/1.1)
HTTP/1.1 200 OK
Content-Type: application/json; charset=utf-8
cache-control: no-cache
content-length: 51

17:26:37.353 [AsyncHttpClient-1-2] DEBUG org.asynchttpclient.netty.channel.ChannelManager - Adding key: http://localhost:65083 for channel [id: 0x12269ec9, L:/127.0.0.1:60235 - R:localhost/127.0.0.1:65083]
17:26:37.355 [Forwarding get on session c98adb70ba49c52936410cde8a3d0a56 to remote] DEBUG org.asynchttpclient.netty.request.NettyRequestSender - Using pooled Channel '[id: 0x12269ec9, L:/127.0.0.1:60235 - R:localhost/127.0.0.1:65083]' for 'POST' to 'http://localhost:65083/session/c98adb70ba49c52936410cde8a3d0a56/url'
17:26:37.355 [Forwarding get on session c98adb70ba49c52936410cde8a3d0a56 to remote] DEBUG org.asynchttpclient.netty.request.NettyRequestSender - Using open Channel [id: 0x12269ec9, L:/127.0.0.1:60235 - R:localhost/127.0.0.1:65083] for POST '/session/c98adb70ba49c52936410cde8a3d0a56/url'
17:26:38.443 [AsyncHttpClient-1-1] DEBUG org.asynchttpclient.netty.channel.DefaultChannelPool - Entry count for : http://localhost:60236 : 1
17:26:39.542 [AsyncHttpClient-1-1] DEBUG org.asynchttpclient.netty.channel.DefaultChannelPool - Entry count for : http://localhost:60236 : 1
17:26:40.643 [AsyncHttpClient-1-1] DEBUG org.asynchttpclient.netty.channel.DefaultChannelPool - Entry count for : http://localhost:60236 : 1
17:26:41.742 [AsyncHttpClient-1-1] DEBUG org.asynchttpclient.netty.channel.DefaultChannelPool - Entry count for : http://localhost:60236 : 1
17:26:42.843 [AsyncHttpClient-1-1] DEBUG org.asynchttpclient.netty.channel.DefaultChannelPool - Entry count for : http://localhost:60236 : 1
17:26:43.942 [AsyncHttpClient-1-1] DEBUG org.asynchttpclient.netty.channel.DefaultChannelPool - Entry count for : http://localhost:60236 : 1
17:26:44.810 [AsyncHttpClient-1-2] DEBUG org.asynchttpclient.netty.handler.HttpHandler - 

Request DefaultHttpRequest(decodeResult: success, version: HTTP/1.1)
POST /session/c98adb70ba49c52936410cde8a3d0a56/url HTTP/1.1
User-Agent: selenium/4.1.2 (java windows)
Content-Length: 65
Content-Type: application/json; charset=utf-8
host: localhost:65083
accept: */*

Response DefaultHttpResponse(decodeResult: success, version: HTTP/1.1)
HTTP/1.1 200 OK
Content-Type: application/json; charset=utf-8
cache-control: no-cache
content-length: 14

17:26:44.810 [AsyncHttpClient-1-2] DEBUG org.asynchttpclient.netty.channel.ChannelManager - Adding key: http://localhost:65083 for channel [id: 0x12269ec9, L:/127.0.0.1:60235 - R:localhost/127.0.0.1:65083]
17:26:44.813 [Forwarding setTimeout on session c98adb70ba49c52936410cde8a3d0a56 to remote] DEBUG org.asynchttpclient.netty.request.NettyRequestSender - Using pooled Channel '[id: 0x12269ec9, L:/127.0.0.1:60235 - R:localhost/127.0.0.1:65083]' for 'POST' to 'http://localhost:65083/session/c98adb70ba49c52936410cde8a3d0a56/timeouts'
17:26:44.814 [Forwarding setTimeout on session c98adb70ba49c52936410cde8a3d0a56 to remote] DEBUG org.asynchttpclient.netty.request.NettyRequestSender - Using open Channel [id: 0x12269ec9, L:/127.0.0.1:60235 - R:localhost/127.0.0.1:65083] for POST '/session/c98adb70ba49c52936410cde8a3d0a56/timeouts'
17:26:44.816 [AsyncHttpClient-1-2] DEBUG org.asynchttpclient.netty.handler.HttpHandler - 

Request DefaultHttpRequest(decodeResult: success, version: HTTP/1.1)
POST /session/c98adb70ba49c52936410cde8a3d0a56/timeouts HTTP/1.1
User-Agent: selenium/4.1.2 (java windows)
Content-Length: 22
Content-Type: application/json; charset=utf-8
host: localhost:65083
accept: */*

Response DefaultHttpResponse(decodeResult: success, version: HTTP/1.1)
HTTP/1.1 200 OK
Content-Type: application/json; charset=utf-8
cache-control: no-cache
content-length: 14

17:26:44.816 [AsyncHttpClient-1-2] DEBUG org.asynchttpclient.netty.channel.ChannelManager - Adding key: http://localhost:65083 for channel [id: 0x12269ec9, L:/127.0.0.1:60235 - R:localhost/127.0.0.1:65083]
17:26:44.833 [Forwarding getCurrentUrl on session c98adb70ba49c52936410cde8a3d0a56 to remote] DEBUG org.asynchttpclient.netty.request.NettyRequestSender - Using pooled Channel '[id: 0x12269ec9, L:/127.0.0.1:60235 - R:localhost/127.0.0.1:65083]' for 'GET' to 'http://localhost:65083/session/c98adb70ba49c52936410cde8a3d0a56/url'
17:26:44.833 [Forwarding getCurrentUrl on session c98adb70ba49c52936410cde8a3d0a56 to remote] DEBUG org.asynchttpclient.netty.request.NettyRequestSender - Using open Channel [id: 0x12269ec9, L:/127.0.0.1:60235 - R:localhost/127.0.0.1:65083] for GET '/session/c98adb70ba49c52936410cde8a3d0a56/url'
17:26:44.856 [AsyncHttpClient-1-2] DEBUG org.asynchttpclient.netty.handler.HttpHandler - 

Request DefaultFullHttpRequest(decodeResult: success, version: HTTP/1.1, content: EmptyByteBufBE)
GET /session/c98adb70ba49c52936410cde8a3d0a56/url HTTP/1.1
User-Agent: selenium/4.1.2 (java windows)
Cache-Control: no-cache
Content-Type: application/json; charset=utf-8
host: localhost:65083
accept: */*

Response DefaultHttpResponse(decodeResult: success, version: HTTP/1.1)
HTTP/1.1 200 OK
Content-Type: application/json; charset=utf-8
cache-control: no-cache
content-length: 53

17:26:44.856 [AsyncHttpClient-1-2] DEBUG org.asynchttpclient.netty.channel.ChannelManager - Adding key: http://localhost:65083 for channel [id: 0x12269ec9, L:/127.0.0.1:60235 - R:localhost/127.0.0.1:65083]
17:26:44.859 [Forwarding getCurrentUrl on session c98adb70ba49c52936410cde8a3d0a56 to remote] DEBUG org.asynchttpclient.netty.request.NettyRequestSender - Using pooled Channel '[id: 0x12269ec9, L:/127.0.0.1:60235 - R:localhost/127.0.0.1:65083]' for 'GET' to 'http://localhost:65083/session/c98adb70ba49c52936410cde8a3d0a56/url'
17:26:44.859 [Forwarding getCurrentUrl on session c98adb70ba49c52936410cde8a3d0a56 to remote] DEBUG org.asynchttpclient.netty.request.NettyRequestSender - Using open Channel [id: 0x12269ec9, L:/127.0.0.1:60235 - R:localhost/127.0.0.1:65083] for GET '/session/c98adb70ba49c52936410cde8a3d0a56/url'
17:26:44.863 [AsyncHttpClient-1-2] DEBUG org.asynchttpclient.netty.handler.HttpHandler - 

Request DefaultFullHttpRequest(decodeResult: success, version: HTTP/1.1, content: EmptyByteBufBE)
GET /session/c98adb70ba49c52936410cde8a3d0a56/url HTTP/1.1
User-Agent: selenium/4.1.2 (java windows)
Cache-Control: no-cache
Content-Type: application/json; charset=utf-8
host: localhost:65083
accept: */*

Response DefaultHttpResponse(decodeResult: success, version: HTTP/1.1)
HTTP/1.1 200 OK
Content-Type: application/json; charset=utf-8
cache-control: no-cache
content-length: 53

17:26:44.863 [AsyncHttpClient-1-2] DEBUG org.asynchttpclient.netty.channel.ChannelManager - Adding key: http://localhost:65083 for channel [id: 0x12269ec9, L:/127.0.0.1:60235 - R:localhost/127.0.0.1:65083]
17:26:44.869 [Forwarding screenshot on session c98adb70ba49c52936410cde8a3d0a56 to remote] DEBUG org.asynchttpclient.netty.request.NettyRequestSender - Using pooled Channel '[id: 0x12269ec9, L:/127.0.0.1:60235 - R:localhost/127.0.0.1:65083]' for 'GET' to 'http://localhost:65083/session/c98adb70ba49c52936410cde8a3d0a56/screenshot'
17:26:44.869 [Forwarding screenshot on session c98adb70ba49c52936410cde8a3d0a56 to remote] DEBUG org.asynchttpclient.netty.request.NettyRequestSender - Using open Channel [id: 0x12269ec9, L:/127.0.0.1:60235 - R:localhost/127.0.0.1:65083] for GET '/session/c98adb70ba49c52936410cde8a3d0a56/screenshot'
17:26:44.995 [AsyncHttpClient-1-2] DEBUG org.asynchttpclient.netty.handler.HttpHandler - 

Request DefaultFullHttpRequest(decodeResult: success, version: HTTP/1.1, content: EmptyByteBufBE)
GET /session/c98adb70ba49c52936410cde8a3d0a56/screenshot HTTP/1.1
User-Agent: selenium/4.1.2 (java windows)
Cache-Control: no-cache
Content-Type: application/json; charset=utf-8
host: localhost:65083
accept: */*

Response DefaultHttpResponse(decodeResult: success, version: HTTP/1.1)
HTTP/1.1 200 OK
Content-Type: application/json; charset=utf-8
cache-control: no-cache
content-length: 111060

17:26:44.996 [AsyncHttpClient-1-2] DEBUG org.asynchttpclient.netty.channel.ChannelManager - Adding key: http://localhost:65083 for channel [id: 0x12269ec9, L:/127.0.0.1:60235 - R:localhost/127.0.0.1:65083]
17:26:45.001 [main] DEBUG net.serenitybdd.core.photography.Darkroom - Send negative for processing for target\site\serenity\228c4755822203dc817ff0c94f98f9d2ce2574e5da9e238e81c6dfd914bbab08.png
17:26:45.002 [main] DEBUG net.thucydides.core.steps.StepInterceptor - STEP DONE: openUrl
17:26:45.009 [main] DEBUG net.thucydides.core.steps.StepInterceptor - STARTING STEP: PatientSteps.iAmAtTheDashboardPage - validateOnDashboardPage
17:26:45.011 [Forwarding findElement on session c98adb70ba49c52936410cde8a3d0a56 to remote] DEBUG org.asynchttpclient.netty.request.NettyRequestSender - Using pooled Channel '[id: 0x12269ec9, L:/127.0.0.1:60235 - R:localhost/127.0.0.1:65083]' for 'POST' to 'http://localhost:65083/session/c98adb70ba49c52936410cde8a3d0a56/element'
17:26:45.011 [Forwarding findElement on session c98adb70ba49c52936410cde8a3d0a56 to remote] DEBUG org.asynchttpclient.netty.request.NettyRequestSender - Using open Channel [id: 0x12269ec9, L:/127.0.0.1:60235 - R:localhost/127.0.0.1:65083] for POST '/session/c98adb70ba49c52936410cde8a3d0a56/element'
17:26:45.026 [AsyncHttpClient-1-2] DEBUG org.asynchttpclient.netty.handler.HttpHandler - 

Request DefaultHttpRequest(decodeResult: success, version: HTTP/1.1)
POST /session/c98adb70ba49c52936410cde8a3d0a56/element HTTP/1.1
User-Agent: selenium/4.1.2 (java windows)
Content-Length: 81
Content-Type: application/json; charset=utf-8
host: localhost:65083
accept: */*

Response DefaultHttpResponse(decodeResult: success, version: HTTP/1.1)
HTTP/1.1 200 OK
Content-Type: application/json; charset=utf-8
cache-control: no-cache
content-length: 88

17:26:45.026 [AsyncHttpClient-1-2] DEBUG org.asynchttpclient.netty.channel.ChannelManager - Adding key: http://localhost:65083 for channel [id: 0x12269ec9, L:/127.0.0.1:60235 - R:localhost/127.0.0.1:65083]
17:26:45.030 [Forwarding isElementDisplayed on session c98adb70ba49c52936410cde8a3d0a56 to remote] DEBUG org.asynchttpclient.netty.request.NettyRequestSender - Using pooled Channel '[id: 0x12269ec9, L:/127.0.0.1:60235 - R:localhost/127.0.0.1:65083]' for 'POST' to 'http://localhost:65083/session/c98adb70ba49c52936410cde8a3d0a56/execute/sync'
17:26:45.030 [Forwarding isElementDisplayed on session c98adb70ba49c52936410cde8a3d0a56 to remote] DEBUG org.asynchttpclient.netty.request.NettyRequestSender - Using open Channel [id: 0x12269ec9, L:/127.0.0.1:60235 - R:localhost/127.0.0.1:65083] for POST '/session/c98adb70ba49c52936410cde8a3d0a56/execute/sync'
17:26:45.041 [AsyncHttpClient-1-1] DEBUG org.asynchttpclient.netty.channel.DefaultChannelPool - Entry count for : http://localhost:60236 : 1
17:26:45.048 [AsyncHttpClient-1-2] DEBUG org.asynchttpclient.netty.handler.HttpHandler - 

Request DefaultHttpRequest(decodeResult: success, version: HTTP/1.1)
POST /session/c98adb70ba49c52936410cde8a3d0a56/execute/sync HTTP/1.1
User-Agent: selenium/4.1.2 (java windows)
Content-Length: 48780
Content-Type: application/json; charset=utf-8
host: localhost:65083
accept: */*

Response DefaultHttpResponse(decodeResult: success, version: HTTP/1.1)
HTTP/1.1 200 OK
Content-Type: application/json; charset=utf-8
cache-control: no-cache
content-length: 14

17:26:45.048 [AsyncHttpClient-1-2] DEBUG org.asynchttpclient.netty.channel.ChannelManager - Adding key: http://localhost:65083 for channel [id: 0x12269ec9, L:/127.0.0.1:60235 - R:localhost/127.0.0.1:65083]
17:26:45.053 [Forwarding screenshot on session c98adb70ba49c52936410cde8a3d0a56 to remote] DEBUG org.asynchttpclient.netty.request.NettyRequestSender - Using pooled Channel '[id: 0x12269ec9, L:/127.0.0.1:60235 - R:localhost/127.0.0.1:65083]' for 'GET' to 'http://localhost:65083/session/c98adb70ba49c52936410cde8a3d0a56/screenshot'
17:26:45.054 [Forwarding screenshot on session c98adb70ba49c52936410cde8a3d0a56 to remote] DEBUG org.asynchttpclient.netty.request.NettyRequestSender - Using open Channel [id: 0x12269ec9, L:/127.0.0.1:60235 - R:localhost/127.0.0.1:65083] for GET '/session/c98adb70ba49c52936410cde8a3d0a56/screenshot'
17:26:45.183 [AsyncHttpClient-1-2] DEBUG org.asynchttpclient.netty.handler.HttpHandler - 

Request DefaultFullHttpRequest(decodeResult: success, version: HTTP/1.1, content: EmptyByteBufBE)
GET /session/c98adb70ba49c52936410cde8a3d0a56/screenshot HTTP/1.1
User-Agent: selenium/4.1.2 (java windows)
Cache-Control: no-cache
Content-Type: application/json; charset=utf-8
host: localhost:65083
accept: */*

Response DefaultHttpResponse(decodeResult: success, version: HTTP/1.1)
HTTP/1.1 200 OK
Content-Type: application/json; charset=utf-8
cache-control: no-cache
content-length: 111060

17:26:45.184 [AsyncHttpClient-1-2] DEBUG org.asynchttpclient.netty.channel.ChannelManager - Adding key: http://localhost:65083 for channel [id: 0x12269ec9, L:/127.0.0.1:60235 - R:localhost/127.0.0.1:65083]
17:26:45.189 [main] DEBUG net.serenitybdd.core.photography.Darkroom - Send negative for processing for target\site\serenity\228c4755822203dc817ff0c94f98f9d2ce2574e5da9e238e81c6dfd914bbab08.png
17:26:45.189 [main] DEBUG net.thucydides.core.steps.StepInterceptor - STEP DONE: validateOnDashboardPage
  &amp#27;[32mGiven &amp#27;[0m&amp#27;[32mI am at the dashboard page&amp#27;[0m           &amp#27;[90m# starter.stepdefinitions.PatientSteps.iAmAtTheDashboardPage()&amp#27;[0m
17:26:45.204 [main] DEBUG net.thucydides.core.steps.StepInterceptor - STARTING STEP: PatientSteps.iClickMenuPatient - clickMenuPatientButton
17:26:45.207 [Forwarding findElement on session c98adb70ba49c52936410cde8a3d0a56 to remote] DEBUG org.asynchttpclient.netty.request.NettyRequestSender - Using pooled Channel '[id: 0x12269ec9, L:/127.0.0.1:60235 - R:localhost/127.0.0.1:65083]' for 'POST' to 'http://localhost:65083/session/c98adb70ba49c52936410cde8a3d0a56/element'
17:26:45.208 [Forwarding findElement on session c98adb70ba49c52936410cde8a3d0a56 to remote] DEBUG org.asynchttpclient.netty.request.NettyRequestSender - Using open Channel [id: 0x12269ec9, L:/127.0.0.1:60235 - R:localhost/127.0.0.1:65083] for POST '/session/c98adb70ba49c52936410cde8a3d0a56/element'
17:26:45.223 [AsyncHttpClient-1-2] DEBUG org.asynchttpclient.netty.handler.HttpHandler - 

Request DefaultHttpRequest(decodeResult: success, version: HTTP/1.1)
POST /session/c98adb70ba49c52936410cde8a3d0a56/element HTTP/1.1
User-Agent: selenium/4.1.2 (java windows)
Content-Length: 80
Content-Type: application/json; charset=utf-8
host: localhost:65083
accept: */*

Response DefaultHttpResponse(decodeResult: success, version: HTTP/1.1)
HTTP/1.1 200 OK
Content-Type: application/json; charset=utf-8
cache-control: no-cache
content-length: 88

17:26:45.224 [AsyncHttpClient-1-2] DEBUG org.asynchttpclient.netty.channel.ChannelManager - Adding key: http://localhost:65083 for channel [id: 0x12269ec9, L:/127.0.0.1:60235 - R:localhost/127.0.0.1:65083]
17:26:45.225 [Forwarding getElementTagName on session c98adb70ba49c52936410cde8a3d0a56 to remote] DEBUG org.asynchttpclient.netty.request.NettyRequestSender - Using pooled Channel '[id: 0x12269ec9, L:/127.0.0.1:60235 - R:localhost/127.0.0.1:65083]' for 'GET' to 'http://localhost:65083/session/c98adb70ba49c52936410cde8a3d0a56/element/6b6d706b-d874-499d-bd50-3a756affe9a2/name'
17:26:45.225 [Forwarding getElementTagName on session c98adb70ba49c52936410cde8a3d0a56 to remote] DEBUG org.asynchttpclient.netty.request.NettyRequestSender - Using open Channel [id: 0x12269ec9, L:/127.0.0.1:60235 - R:localhost/127.0.0.1:65083] for GET '/session/c98adb70ba49c52936410cde8a3d0a56/element/6b6d706b-d874-499d-bd50-3a756affe9a2/name'
17:26:45.230 [AsyncHttpClient-1-2] DEBUG org.asynchttpclient.netty.handler.HttpHandler - 

Request DefaultFullHttpRequest(decodeResult: success, version: HTTP/1.1, content: EmptyByteBufBE)
GET /session/c98adb70ba49c52936410cde8a3d0a56/element/6b6d706b-d874-499d-bd50-3a756affe9a2/name HTTP/1.1
User-Agent: selenium/4.1.2 (java windows)
Cache-Control: no-cache
Content-Type: application/json; charset=utf-8
host: localhost:65083
accept: */*

Response DefaultHttpResponse(decodeResult: success, version: HTTP/1.1)
HTTP/1.1 200 OK
Content-Type: application/json; charset=utf-8
cache-control: no-cache
content-length: 15

17:26:45.230 [AsyncHttpClient-1-2] DEBUG org.asynchttpclient.netty.channel.ChannelManager - Adding key: http://localhost:65083 for channel [id: 0x12269ec9, L:/127.0.0.1:60235 - R:localhost/127.0.0.1:65083]
17:26:45.232 [Forwarding getElementTagName on session c98adb70ba49c52936410cde8a3d0a56 to remote] DEBUG org.asynchttpclient.netty.request.NettyRequestSender - Using pooled Channel '[id: 0x12269ec9, L:/127.0.0.1:60235 - R:localhost/127.0.0.1:65083]' for 'GET' to 'http://localhost:65083/session/c98adb70ba49c52936410cde8a3d0a56/element/6b6d706b-d874-499d-bd50-3a756affe9a2/name'
17:26:45.232 [Forwarding getElementTagName on session c98adb70ba49c52936410cde8a3d0a56 to remote] DEBUG org.asynchttpclient.netty.request.NettyRequestSender - Using open Channel [id: 0x12269ec9, L:/127.0.0.1:60235 - R:localhost/127.0.0.1:65083] for GET '/session/c98adb70ba49c52936410cde8a3d0a56/element/6b6d706b-d874-499d-bd50-3a756affe9a2/name'
17:26:45.236 [AsyncHttpClient-1-2] DEBUG org.asynchttpclient.netty.handler.HttpHandler - 

Request DefaultFullHttpRequest(decodeResult: success, version: HTTP/1.1, content: EmptyByteBufBE)
GET /session/c98adb70ba49c52936410cde8a3d0a56/element/6b6d706b-d874-499d-bd50-3a756affe9a2/name HTTP/1.1
User-Agent: selenium/4.1.2 (java windows)
Cache-Control: no-cache
Content-Type: application/json; charset=utf-8
host: localhost:65083
accept: */*

Response DefaultHttpResponse(decodeResult: success, version: HTTP/1.1)
HTTP/1.1 200 OK
Content-Type: application/json; charset=utf-8
cache-control: no-cache
content-length: 15

17:26:45.236 [AsyncHttpClient-1-2] DEBUG org.asynchttpclient.netty.channel.ChannelManager - Adding key: http://localhost:65083 for channel [id: 0x12269ec9, L:/127.0.0.1:60235 - R:localhost/127.0.0.1:65083]
17:26:45.238 [Forwarding findElement on session c98adb70ba49c52936410cde8a3d0a56 to remote] DEBUG org.asynchttpclient.netty.request.NettyRequestSender - Using pooled Channel '[id: 0x12269ec9, L:/127.0.0.1:60235 - R:localhost/127.0.0.1:65083]' for 'POST' to 'http://localhost:65083/session/c98adb70ba49c52936410cde8a3d0a56/element'
17:26:45.238 [Forwarding findElement on session c98adb70ba49c52936410cde8a3d0a56 to remote] DEBUG org.asynchttpclient.netty.request.NettyRequestSender - Using open Channel [id: 0x12269ec9, L:/127.0.0.1:60235 - R:localhost/127.0.0.1:65083] for POST '/session/c98adb70ba49c52936410cde8a3d0a56/element'
17:26:45.247 [AsyncHttpClient-1-2] DEBUG org.asynchttpclient.netty.handler.HttpHandler - 

Request DefaultHttpRequest(decodeResult: success, version: HTTP/1.1)
POST /session/c98adb70ba49c52936410cde8a3d0a56/element HTTP/1.1
User-Agent: selenium/4.1.2 (java windows)
Content-Length: 80
Content-Type: application/json; charset=utf-8
host: localhost:65083
accept: */*

Response DefaultHttpResponse(decodeResult: success, version: HTTP/1.1)
HTTP/1.1 200 OK
Content-Type: application/json; charset=utf-8
cache-control: no-cache
content-length: 88

17:26:45.247 [AsyncHttpClient-1-2] DEBUG org.asynchttpclient.netty.channel.ChannelManager - Adding key: http://localhost:65083 for channel [id: 0x12269ec9, L:/127.0.0.1:60235 - R:localhost/127.0.0.1:65083]
17:26:45.248 [Forwarding clickElement on session c98adb70ba49c52936410cde8a3d0a56 to remote] DEBUG org.asynchttpclient.netty.request.NettyRequestSender - Using pooled Channel '[id: 0x12269ec9, L:/127.0.0.1:60235 - R:localhost/127.0.0.1:65083]' for 'POST' to 'http://localhost:65083/session/c98adb70ba49c52936410cde8a3d0a56/element/6b6d706b-d874-499d-bd50-3a756affe9a2/click'
17:26:45.248 [Forwarding clickElement on session c98adb70ba49c52936410cde8a3d0a56 to remote] DEBUG org.asynchttpclient.netty.request.NettyRequestSender - Using open Channel [id: 0x12269ec9, L:/127.0.0.1:60235 - R:localhost/127.0.0.1:65083] for POST '/session/c98adb70ba49c52936410cde8a3d0a56/element/6b6d706b-d874-499d-bd50-3a756affe9a2/click'
17:26:45.463 [AsyncHttpClient-1-2] DEBUG org.asynchttpclient.netty.handler.HttpHandler - 

Request DefaultHttpRequest(decodeResult: success, version: HTTP/1.1)
POST /session/c98adb70ba49c52936410cde8a3d0a56/element/6b6d706b-d874-499d-bd50-3a756affe9a2/click HTTP/1.1
User-Agent: selenium/4.1.2 (java windows)
Content-Length: 50
Content-Type: application/json; charset=utf-8
host: localhost:65083
accept: */*

Response DefaultHttpResponse(decodeResult: success, version: HTTP/1.1)
HTTP/1.1 200 OK
Content-Type: application/json; charset=utf-8
cache-control: no-cache
content-length: 14

17:26:45.463 [AsyncHttpClient-1-2] DEBUG org.asynchttpclient.netty.channel.ChannelManager - Adding key: http://localhost:65083 for channel [id: 0x12269ec9, L:/127.0.0.1:60235 - R:localhost/127.0.0.1:65083]
17:26:45.470 [Forwarding screenshot on session c98adb70ba49c52936410cde8a3d0a56 to remote] DEBUG org.asynchttpclient.netty.request.NettyRequestSender - Using pooled Channel '[id: 0x12269ec9, L:/127.0.0.1:60235 - R:localhost/127.0.0.1:65083]' for 'GET' to 'http://localhost:65083/session/c98adb70ba49c52936410cde8a3d0a56/screenshot'
17:26:45.470 [Forwarding screenshot on session c98adb70ba49c52936410cde8a3d0a56 to remote] DEBUG org.asynchttpclient.netty.request.NettyRequestSender - Using open Channel [id: 0x12269ec9, L:/127.0.0.1:60235 - R:localhost/127.0.0.1:65083] for GET '/session/c98adb70ba49c52936410cde8a3d0a56/screenshot'
17:26:45.581 [AsyncHttpClient-1-2] DEBUG org.asynchttpclient.netty.handler.HttpHandler - 

Request DefaultFullHttpRequest(decodeResult: success, version: HTTP/1.1, content: EmptyByteBufBE)
GET /session/c98adb70ba49c52936410cde8a3d0a56/screenshot HTTP/1.1
User-Agent: selenium/4.1.2 (java windows)
Cache-Control: no-cache
Content-Type: application/json; charset=utf-8
host: localhost:65083
accept: */*

Response DefaultHttpResponse(decodeResult: success, version: HTTP/1.1)
HTTP/1.1 200 OK
Content-Type: application/json; charset=utf-8
cache-control: no-cache
content-length: 35012

17:26:45.581 [AsyncHttpClient-1-2] DEBUG org.asynchttpclient.netty.channel.ChannelManager - Adding key: http://localhost:65083 for channel [id: 0x12269ec9, L:/127.0.0.1:60235 - R:localhost/127.0.0.1:65083]
17:26:45.585 [main] DEBUG net.serenitybdd.core.photography.Darkroom - Send negative for processing for target\site\serenity\f2eeaad0d4a0fcff3f40f79cb029aaac68dd7a1dbb4e8ef7e47abd30440e6f9c.png
17:26:45.585 [main] DEBUG net.thucydides.core.steps.StepInterceptor - STEP DONE: clickMenuPatientButton
  &amp#27;[32mAnd &amp#27;[0m&amp#27;[32mI click menu patient&amp#27;[0m                   &amp#27;[90m# starter.stepdefinitions.PatientSteps.iClickMenuPatient()&amp#27;[0m
17:26:45.609 [main] DEBUG net.thucydides.core.steps.StepInterceptor - STARTING STEP: PatientSteps.iClickAddNewPatient - clickAddNewPatientButton
17:26:45.612 [Forwarding findElement on session c98adb70ba49c52936410cde8a3d0a56 to remote] DEBUG org.asynchttpclient.netty.request.NettyRequestSender - Using pooled Channel '[id: 0x12269ec9, L:/127.0.0.1:60235 - R:localhost/127.0.0.1:65083]' for 'POST' to 'http://localhost:65083/session/c98adb70ba49c52936410cde8a3d0a56/element'
17:26:45.612 [Forwarding findElement on session c98adb70ba49c52936410cde8a3d0a56 to remote] DEBUG org.asynchttpclient.netty.request.NettyRequestSender - Using open Channel [id: 0x12269ec9, L:/127.0.0.1:60235 - R:localhost/127.0.0.1:65083] for POST '/session/c98adb70ba49c52936410cde8a3d0a56/element'
17:26:45.616 [Darkroom Processing Line] DEBUG net.serenitybdd.core.photography.DarkroomProcessingLine - Processing screenshot image in /var/screenshots/screenshot-12776822870108507521
17:26:45.616 [Darkroom Processing Line] DEBUG net.serenitybdd.core.photography.DarkroomProcessingLine - Saving screenshot to target\site\serenity\f2eeaad0d4a0fcff3f40f79cb029aaac68dd7a1dbb4e8ef7e47abd30440e6f9c.png
17:26:45.627 [AsyncHttpClient-1-2] DEBUG org.asynchttpclient.netty.handler.HttpHandler - 

Request DefaultHttpRequest(decodeResult: success, version: HTTP/1.1)
POST /session/c98adb70ba49c52936410cde8a3d0a56/element HTTP/1.1
User-Agent: selenium/4.1.2 (java windows)
Content-Length: 149
Content-Type: application/json; charset=utf-8
host: localhost:65083
accept: */*

Response DefaultHttpResponse(decodeResult: success, version: HTTP/1.1)
HTTP/1.1 200 OK
Content-Type: application/json; charset=utf-8
cache-control: no-cache
content-length: 88

17:26:45.628 [AsyncHttpClient-1-2] DEBUG org.asynchttpclient.netty.channel.ChannelManager - Adding key: http://localhost:65083 for channel [id: 0x12269ec9, L:/127.0.0.1:60235 - R:localhost/127.0.0.1:65083]
17:26:45.629 [Forwarding getElementTagName on session c98adb70ba49c52936410cde8a3d0a56 to remote] DEBUG org.asynchttpclient.netty.request.NettyRequestSender - Using pooled Channel '[id: 0x12269ec9, L:/127.0.0.1:60235 - R:localhost/127.0.0.1:65083]' for 'GET' to 'http://localhost:65083/session/c98adb70ba49c52936410cde8a3d0a56/element/3cfce852-5ebe-48ba-9692-768a025ef53a/name'
17:26:45.629 [Forwarding getElementTagName on session c98adb70ba49c52936410cde8a3d0a56 to remote] DEBUG org.asynchttpclient.netty.request.NettyRequestSender - Using open Channel [id: 0x12269ec9, L:/127.0.0.1:60235 - R:localhost/127.0.0.1:65083] for GET '/session/c98adb70ba49c52936410cde8a3d0a56/element/3cfce852-5ebe-48ba-9692-768a025ef53a/name'
17:26:45.637 [AsyncHttpClient-1-2] DEBUG org.asynchttpclient.netty.handler.HttpHandler - 

Request DefaultFullHttpRequest(decodeResult: success, version: HTTP/1.1, content: EmptyByteBufBE)
GET /session/c98adb70ba49c52936410cde8a3d0a56/element/3cfce852-5ebe-48ba-9692-768a025ef53a/name HTTP/1.1
User-Agent: selenium/4.1.2 (java windows)
Cache-Control: no-cache
Content-Type: application/json; charset=utf-8
host: localhost:65083
accept: */*

Response DefaultHttpResponse(decodeResult: success, version: HTTP/1.1)
HTTP/1.1 200 OK
Content-Type: application/json; charset=utf-8
cache-control: no-cache
content-length: 18

17:26:45.637 [AsyncHttpClient-1-2] DEBUG org.asynchttpclient.netty.channel.ChannelManager - Adding key: http://localhost:65083 for channel [id: 0x12269ec9, L:/127.0.0.1:60235 - R:localhost/127.0.0.1:65083]
17:26:45.638 [Forwarding getElementTagName on session c98adb70ba49c52936410cde8a3d0a56 to remote] DEBUG org.asynchttpclient.netty.request.NettyRequestSender - Using pooled Channel '[id: 0x12269ec9, L:/127.0.0.1:60235 - R:localhost/127.0.0.1:65083]' for 'GET' to 'http://localhost:65083/session/c98adb70ba49c52936410cde8a3d0a56/element/3cfce852-5ebe-48ba-9692-768a025ef53a/name'
17:26:45.638 [Forwarding getElementTagName on session c98adb70ba49c52936410cde8a3d0a56 to remote] DEBUG org.asynchttpclient.netty.request.NettyRequestSender - Using open Channel [id: 0x12269ec9, L:/127.0.0.1:60235 - R:localhost/127.0.0.1:65083] for GET '/session/c98adb70ba49c52936410cde8a3d0a56/element/3cfce852-5ebe-48ba-9692-768a025ef53a/name'
17:26:45.643 [AsyncHttpClient-1-2] DEBUG org.asynchttpclient.netty.handler.HttpHandler - 

Request DefaultFullHttpRequest(decodeResult: success, version: HTTP/1.1, content: EmptyByteBufBE)
GET /session/c98adb70ba49c52936410cde8a3d0a56/element/3cfce852-5ebe-48ba-9692-768a025ef53a/name HTTP/1.1
User-Agent: selenium/4.1.2 (java windows)
Cache-Control: no-cache
Content-Type: application/json; charset=utf-8
host: localhost:65083
accept: */*

Response DefaultHttpResponse(decodeResult: success, version: HTTP/1.1)
HTTP/1.1 200 OK
Content-Type: application/json; charset=utf-8
cache-control: no-cache
content-length: 18

17:26:45.644 [AsyncHttpClient-1-2] DEBUG org.asynchttpclient.netty.channel.ChannelManager - Adding key: http://localhost:65083 for channel [id: 0x12269ec9, L:/127.0.0.1:60235 - R:localhost/127.0.0.1:65083]
17:26:45.646 [Forwarding isElementEnabled on session c98adb70ba49c52936410cde8a3d0a56 to remote] DEBUG org.asynchttpclient.netty.request.NettyRequestSender - Using pooled Channel '[id: 0x12269ec9, L:/127.0.0.1:60235 - R:localhost/127.0.0.1:65083]' for 'GET' to 'http://localhost:65083/session/c98adb70ba49c52936410cde8a3d0a56/element/3cfce852-5ebe-48ba-9692-768a025ef53a/enabled'
17:26:45.647 [Forwarding isElementEnabled on session c98adb70ba49c52936410cde8a3d0a56 to remote] DEBUG org.asynchttpclient.netty.request.NettyRequestSender - Using open Channel [id: 0x12269ec9, L:/127.0.0.1:60235 - R:localhost/127.0.0.1:65083] for GET '/session/c98adb70ba49c52936410cde8a3d0a56/element/3cfce852-5ebe-48ba-9692-768a025ef53a/enabled'
17:26:45.658 [AsyncHttpClient-1-2] DEBUG org.asynchttpclient.netty.handler.HttpHandler - 

Request DefaultFullHttpRequest(decodeResult: success, version: HTTP/1.1, content: EmptyByteBufBE)
GET /session/c98adb70ba49c52936410cde8a3d0a56/element/3cfce852-5ebe-48ba-9692-768a025ef53a/enabled HTTP/1.1
User-Agent: selenium/4.1.2 (java windows)
Cache-Control: no-cache
Content-Type: application/json; charset=utf-8
host: localhost:65083
accept: */*

Response DefaultHttpResponse(decodeResult: success, version: HTTP/1.1)
HTTP/1.1 200 OK
Content-Type: application/json; charset=utf-8
cache-control: no-cache
content-length: 14

17:26:45.658 [AsyncHttpClient-1-2] DEBUG org.asynchttpclient.netty.channel.ChannelManager - Adding key: http://localhost:65083 for channel [id: 0x12269ec9, L:/127.0.0.1:60235 - R:localhost/127.0.0.1:65083]
17:26:45.659 [Forwarding isElementEnabled on session c98adb70ba49c52936410cde8a3d0a56 to remote] DEBUG org.asynchttpclient.netty.request.NettyRequestSender - Using pooled Channel '[id: 0x12269ec9, L:/127.0.0.1:60235 - R:localhost/127.0.0.1:65083]' for 'GET' to 'http://localhost:65083/session/c98adb70ba49c52936410cde8a3d0a56/element/3cfce852-5ebe-48ba-9692-768a025ef53a/enabled'
17:26:45.659 [Forwarding isElementEnabled on session c98adb70ba49c52936410cde8a3d0a56 to remote] DEBUG org.asynchttpclient.netty.request.NettyRequestSender - Using open Channel [id: 0x12269ec9, L:/127.0.0.1:60235 - R:localhost/127.0.0.1:65083] for GET '/session/c98adb70ba49c52936410cde8a3d0a56/element/3cfce852-5ebe-48ba-9692-768a025ef53a/enabled'
17:26:45.667 [AsyncHttpClient-1-2] DEBUG org.asynchttpclient.netty.handler.HttpHandler - 

Request DefaultFullHttpRequest(decodeResult: success, version: HTTP/1.1, content: EmptyByteBufBE)
GET /session/c98adb70ba49c52936410cde8a3d0a56/element/3cfce852-5ebe-48ba-9692-768a025ef53a/enabled HTTP/1.1
User-Agent: selenium/4.1.2 (java windows)
Cache-Control: no-cache
Content-Type: application/json; charset=utf-8
host: localhost:65083
accept: */*

Response DefaultHttpResponse(decodeResult: success, version: HTTP/1.1)
HTTP/1.1 200 OK
Content-Type: application/json; charset=utf-8
cache-control: no-cache
content-length: 14

17:26:45.667 [AsyncHttpClient-1-2] DEBUG org.asynchttpclient.netty.channel.ChannelManager - Adding key: http://localhost:65083 for channel [id: 0x12269ec9, L:/127.0.0.1:60235 - R:localhost/127.0.0.1:65083]
17:26:45.669 [Forwarding findElement on session c98adb70ba49c52936410cde8a3d0a56 to remote] DEBUG org.asynchttpclient.netty.request.NettyRequestSender - Using pooled Channel '[id: 0x12269ec9, L:/127.0.0.1:60235 - R:localhost/127.0.0.1:65083]' for 'POST' to 'http://localhost:65083/session/c98adb70ba49c52936410cde8a3d0a56/element'
17:26:45.669 [Forwarding findElement on session c98adb70ba49c52936410cde8a3d0a56 to remote] DEBUG org.asynchttpclient.netty.request.NettyRequestSender - Using open Channel [id: 0x12269ec9, L:/127.0.0.1:60235 - R:localhost/127.0.0.1:65083] for POST '/session/c98adb70ba49c52936410cde8a3d0a56/element'
17:26:45.677 [AsyncHttpClient-1-2] DEBUG org.asynchttpclient.netty.handler.HttpHandler - 

Request DefaultHttpRequest(decodeResult: success, version: HTTP/1.1)
POST /session/c98adb70ba49c52936410cde8a3d0a56/element HTTP/1.1
User-Agent: selenium/4.1.2 (java windows)
Content-Length: 149
Content-Type: application/json; charset=utf-8
host: localhost:65083
accept: */*

Response DefaultHttpResponse(decodeResult: success, version: HTTP/1.1)
HTTP/1.1 200 OK
Content-Type: application/json; charset=utf-8
cache-control: no-cache
content-length: 88

17:26:45.678 [AsyncHttpClient-1-2] DEBUG org.asynchttpclient.netty.channel.ChannelManager - Adding key: http://localhost:65083 for channel [id: 0x12269ec9, L:/127.0.0.1:60235 - R:localhost/127.0.0.1:65083]
17:26:45.679 [Forwarding clickElement on session c98adb70ba49c52936410cde8a3d0a56 to remote] DEBUG org.asynchttpclient.netty.request.NettyRequestSender - Using pooled Channel '[id: 0x12269ec9, L:/127.0.0.1:60235 - R:localhost/127.0.0.1:65083]' for 'POST' to 'http://localhost:65083/session/c98adb70ba49c52936410cde8a3d0a56/element/3cfce852-5ebe-48ba-9692-768a025ef53a/click'
17:26:45.679 [Forwarding clickElement on session c98adb70ba49c52936410cde8a3d0a56 to remote] DEBUG org.asynchttpclient.netty.request.NettyRequestSender - Using open Channel [id: 0x12269ec9, L:/127.0.0.1:60235 - R:localhost/127.0.0.1:65083] for POST '/session/c98adb70ba49c52936410cde8a3d0a56/element/3cfce852-5ebe-48ba-9692-768a025ef53a/click'
17:26:45.900 [AsyncHttpClient-1-2] DEBUG org.asynchttpclient.netty.handler.HttpHandler - 

Request DefaultHttpRequest(decodeResult: success, version: HTTP/1.1)
POST /session/c98adb70ba49c52936410cde8a3d0a56/element/3cfce852-5ebe-48ba-9692-768a025ef53a/click HTTP/1.1
User-Agent: selenium/4.1.2 (java windows)
Content-Length: 50
Content-Type: application/json; charset=utf-8
host: localhost:65083
accept: */*

Response DefaultHttpResponse(decodeResult: success, version: HTTP/1.1)
HTTP/1.1 200 OK
Content-Type: application/json; charset=utf-8
cache-control: no-cache
content-length: 14

17:26:45.901 [AsyncHttpClient-1-2] DEBUG org.asynchttpclient.netty.channel.ChannelManager - Adding key: http://localhost:65083 for channel [id: 0x12269ec9, L:/127.0.0.1:60235 - R:localhost/127.0.0.1:65083]
17:26:45.918 [Forwarding screenshot on session c98adb70ba49c52936410cde8a3d0a56 to remote] DEBUG org.asynchttpclient.netty.request.NettyRequestSender - Using pooled Channel '[id: 0x12269ec9, L:/127.0.0.1:60235 - R:localhost/127.0.0.1:65083]' for 'GET' to 'http://localhost:65083/session/c98adb70ba49c52936410cde8a3d0a56/screenshot'
17:26:45.918 [Forwarding screenshot on session c98adb70ba49c52936410cde8a3d0a56 to remote] DEBUG org.asynchttpclient.netty.request.NettyRequestSender - Using open Channel [id: 0x12269ec9, L:/127.0.0.1:60235 - R:localhost/127.0.0.1:65083] for GET '/session/c98adb70ba49c52936410cde8a3d0a56/screenshot'
17:26:46.053 [AsyncHttpClient-1-2] DEBUG org.asynchttpclient.netty.handler.HttpHandler - 

Request DefaultFullHttpRequest(decodeResult: success, version: HTTP/1.1, content: EmptyByteBufBE)
GET /session/c98adb70ba49c52936410cde8a3d0a56/screenshot HTTP/1.1
User-Agent: selenium/4.1.2 (java windows)
Cache-Control: no-cache
Content-Type: application/json; charset=utf-8
host: localhost:65083
accept: */*

Response DefaultHttpResponse(decodeResult: success, version: HTTP/1.1)
HTTP/1.1 200 OK
Content-Type: application/json; charset=utf-8
cache-control: no-cache
content-length: 54632

17:26:46.053 [AsyncHttpClient-1-2] DEBUG org.asynchttpclient.netty.channel.ChannelManager - Adding key: http://localhost:65083 for channel [id: 0x12269ec9, L:/127.0.0.1:60235 - R:localhost/127.0.0.1:65083]
17:26:46.060 [main] DEBUG net.serenitybdd.core.photography.Darkroom - Send negative for processing for target\site\serenity\fcd7baab00a562a01d31970ec20e335a63407e7ff5d3e972e9e33ae209557913.png
17:26:46.061 [main] DEBUG net.thucydides.core.steps.StepInterceptor - STEP DONE: clickAddNewPatientButton
  &amp#27;[32mWhen &amp#27;[0m&amp#27;[32mI click Add New Patient&amp#27;[0m               &amp#27;[90m# starter.stepdefinitions.PatientSteps.iClickAddNewPatient()&amp#27;[0m
17:26:46.061 [Darkroom Processing Line] DEBUG net.serenitybdd.core.photography.DarkroomProcessingLine - Processing screenshot image in /var/screenshots/screenshot-12133712192537635722
17:26:46.061 [Darkroom Processing Line] DEBUG net.serenitybdd.core.photography.DarkroomProcessingLine - Saving screenshot to target\site\serenity\fcd7baab00a562a01d31970ec20e335a63407e7ff5d3e972e9e33ae209557913.png
17:26:46.114 [Forwarding screenshot on session c98adb70ba49c52936410cde8a3d0a56 to remote] DEBUG org.asynchttpclient.netty.request.NettyRequestSender - Using pooled Channel '[id: 0x12269ec9, L:/127.0.0.1:60235 - R:localhost/127.0.0.1:65083]' for 'GET' to 'http://localhost:65083/session/c98adb70ba49c52936410cde8a3d0a56/screenshot'
17:26:46.115 [Forwarding screenshot on session c98adb70ba49c52936410cde8a3d0a56 to remote] DEBUG org.asynchttpclient.netty.request.NettyRequestSender - Using open Channel [id: 0x12269ec9, L:/127.0.0.1:60235 - R:localhost/127.0.0.1:65083] for GET '/session/c98adb70ba49c52936410cde8a3d0a56/screenshot'
17:26:46.144 [AsyncHttpClient-1-1] DEBUG org.asynchttpclient.netty.channel.DefaultChannelPool - Entry count for : http://localhost:60236 : 1
17:26:46.315 [AsyncHttpClient-1-2] DEBUG org.asynchttpclient.netty.handler.HttpHandler - 

Request DefaultFullHttpRequest(decodeResult: success, version: HTTP/1.1, content: EmptyByteBufBE)
GET /session/c98adb70ba49c52936410cde8a3d0a56/screenshot HTTP/1.1
User-Agent: selenium/4.1.2 (java windows)
Cache-Control: no-cache
Content-Type: application/json; charset=utf-8
host: localhost:65083
accept: */*

Response DefaultHttpResponse(decodeResult: success, version: HTTP/1.1)
HTTP/1.1 200 OK
Content-Type: application/json; charset=utf-8
cache-control: no-cache
content-length: 50300

17:26:46.316 [AsyncHttpClient-1-2] DEBUG org.asynchttpclient.netty.channel.ChannelManager - Adding key: http://localhost:65083 for channel [id: 0x12269ec9, L:/127.0.0.1:60235 - R:localhost/127.0.0.1:65083]
17:26:46.319 [main] DEBUG net.serenitybdd.core.photography.Darkroom - Send negative for processing for target\site\serenity\9d3ba9b07da68d2aeb6ba894321b956b422d0f2048ef47a4e7b069fb32a52bd9.png
17:26:46.319 [main] DEBUG net.thucydides.core.steps.StepInterceptor - STARTING STEP: PatientSteps.iClickNewPatientFormXButton - clickNewPatientXButton
17:26:46.319 [Darkroom Processing Line] DEBUG net.serenitybdd.core.photography.DarkroomProcessingLine - Processing screenshot image in /var/screenshots/screenshot-525058754642413947
17:26:46.319 [Darkroom Processing Line] DEBUG net.serenitybdd.core.photography.DarkroomProcessingLine - Saving screenshot to target\site\serenity\9d3ba9b07da68d2aeb6ba894321b956b422d0f2048ef47a4e7b069fb32a52bd9.png
17:26:46.325 [Forwarding findElement on session c98adb70ba49c52936410cde8a3d0a56 to remote] DEBUG org.asynchttpclient.netty.request.NettyRequestSender - Using pooled Channel '[id: 0x12269ec9, L:/127.0.0.1:60235 - R:localhost/127.0.0.1:65083]' for 'POST' to 'http://localhost:65083/session/c98adb70ba49c52936410cde8a3d0a56/element'
17:26:46.326 [Forwarding findElement on session c98adb70ba49c52936410cde8a3d0a56 to remote] DEBUG org.asynchttpclient.netty.request.NettyRequestSender - Using open Channel [id: 0x12269ec9, L:/127.0.0.1:60235 - R:localhost/127.0.0.1:65083] for POST '/session/c98adb70ba49c52936410cde8a3d0a56/element'
17:26:46.347 [AsyncHttpClient-1-2] DEBUG org.asynchttpclient.netty.handler.HttpHandler - 

Request DefaultHttpRequest(decodeResult: success, version: HTTP/1.1)
POST /session/c98adb70ba49c52936410cde8a3d0a56/element HTTP/1.1
User-Agent: selenium/4.1.2 (java windows)
Content-Length: 104
Content-Type: application/json; charset=utf-8
host: localhost:65083
accept: */*

Response DefaultHttpResponse(decodeResult: success, version: HTTP/1.1)
HTTP/1.1 200 OK
Content-Type: application/json; charset=utf-8
cache-control: no-cache
content-length: 88

17:26:46.348 [AsyncHttpClient-1-2] DEBUG org.asynchttpclient.netty.channel.ChannelManager - Adding key: http://localhost:65083 for channel [id: 0x12269ec9, L:/127.0.0.1:60235 - R:localhost/127.0.0.1:65083]
17:26:46.349 [Forwarding getElementTagName on session c98adb70ba49c52936410cde8a3d0a56 to remote] DEBUG org.asynchttpclient.netty.request.NettyRequestSender - Using pooled Channel '[id: 0x12269ec9, L:/127.0.0.1:60235 - R:localhost/127.0.0.1:65083]' for 'GET' to 'http://localhost:65083/session/c98adb70ba49c52936410cde8a3d0a56/element/3d53ff93-fd8d-4dec-b740-43951ac59918/name'
17:26:46.349 [Forwarding getElementTagName on session c98adb70ba49c52936410cde8a3d0a56 to remote] DEBUG org.asynchttpclient.netty.request.NettyRequestSender - Using open Channel [id: 0x12269ec9, L:/127.0.0.1:60235 - R:localhost/127.0.0.1:65083] for GET '/session/c98adb70ba49c52936410cde8a3d0a56/element/3d53ff93-fd8d-4dec-b740-43951ac59918/name'
17:26:46.355 [AsyncHttpClient-1-2] DEBUG org.asynchttpclient.netty.handler.HttpHandler - 

Request DefaultFullHttpRequest(decodeResult: success, version: HTTP/1.1, content: EmptyByteBufBE)
GET /session/c98adb70ba49c52936410cde8a3d0a56/element/3d53ff93-fd8d-4dec-b740-43951ac59918/name HTTP/1.1
User-Agent: selenium/4.1.2 (java windows)
Cache-Control: no-cache
Content-Type: application/json; charset=utf-8
host: localhost:65083
accept: */*

Response DefaultHttpResponse(decodeResult: success, version: HTTP/1.1)
HTTP/1.1 200 OK
Content-Type: application/json; charset=utf-8
cache-control: no-cache
content-length: 18

17:26:46.356 [AsyncHttpClient-1-2] DEBUG org.asynchttpclient.netty.channel.ChannelManager - Adding key: http://localhost:65083 for channel [id: 0x12269ec9, L:/127.0.0.1:60235 - R:localhost/127.0.0.1:65083]
17:26:46.361 [Forwarding getElementTagName on session c98adb70ba49c52936410cde8a3d0a56 to remote] DEBUG org.asynchttpclient.netty.request.NettyRequestSender - Using pooled Channel '[id: 0x12269ec9, L:/127.0.0.1:60235 - R:localhost/127.0.0.1:65083]' for 'GET' to 'http://localhost:65083/session/c98adb70ba49c52936410cde8a3d0a56/element/3d53ff93-fd8d-4dec-b740-43951ac59918/name'
17:26:46.361 [Forwarding getElementTagName on session c98adb70ba49c52936410cde8a3d0a56 to remote] DEBUG org.asynchttpclient.netty.request.NettyRequestSender - Using open Channel [id: 0x12269ec9, L:/127.0.0.1:60235 - R:localhost/127.0.0.1:65083] for GET '/session/c98adb70ba49c52936410cde8a3d0a56/element/3d53ff93-fd8d-4dec-b740-43951ac59918/name'
17:26:46.364 [AsyncHttpClient-1-2] DEBUG org.asynchttpclient.netty.handler.HttpHandler - 

Request DefaultFullHttpRequest(decodeResult: success, version: HTTP/1.1, content: EmptyByteBufBE)
GET /session/c98adb70ba49c52936410cde8a3d0a56/element/3d53ff93-fd8d-4dec-b740-43951ac59918/name HTTP/1.1
User-Agent: selenium/4.1.2 (java windows)
Cache-Control: no-cache
Content-Type: application/json; charset=utf-8
host: localhost:65083
accept: */*

Response DefaultHttpResponse(decodeResult: success, version: HTTP/1.1)
HTTP/1.1 200 OK
Content-Type: application/json; charset=utf-8
cache-control: no-cache
content-length: 18

17:26:46.364 [AsyncHttpClient-1-2] DEBUG org.asynchttpclient.netty.channel.ChannelManager - Adding key: http://localhost:65083 for channel [id: 0x12269ec9, L:/127.0.0.1:60235 - R:localhost/127.0.0.1:65083]
17:26:46.367 [Forwarding isElementEnabled on session c98adb70ba49c52936410cde8a3d0a56 to remote] DEBUG org.asynchttpclient.netty.request.NettyRequestSender - Using pooled Channel '[id: 0x12269ec9, L:/127.0.0.1:60235 - R:localhost/127.0.0.1:65083]' for 'GET' to 'http://localhost:65083/session/c98adb70ba49c52936410cde8a3d0a56/element/3d53ff93-fd8d-4dec-b740-43951ac59918/enabled'
17:26:46.368 [Forwarding isElementEnabled on session c98adb70ba49c52936410cde8a3d0a56 to remote] DEBUG org.asynchttpclient.netty.request.NettyRequestSender - Using open Channel [id: 0x12269ec9, L:/127.0.0.1:60235 - R:localhost/127.0.0.1:65083] for GET '/session/c98adb70ba49c52936410cde8a3d0a56/element/3d53ff93-fd8d-4dec-b740-43951ac59918/enabled'
17:26:46.392 [AsyncHttpClient-1-2] DEBUG org.asynchttpclient.netty.handler.HttpHandler - 

Request DefaultFullHttpRequest(decodeResult: success, version: HTTP/1.1, content: EmptyByteBufBE)
GET /session/c98adb70ba49c52936410cde8a3d0a56/element/3d53ff93-fd8d-4dec-b740-43951ac59918/enabled HTTP/1.1
User-Agent: selenium/4.1.2 (java windows)
Cache-Control: no-cache
Content-Type: application/json; charset=utf-8
host: localhost:65083
accept: */*

Response DefaultHttpResponse(decodeResult: success, version: HTTP/1.1)
HTTP/1.1 200 OK
Content-Type: application/json; charset=utf-8
cache-control: no-cache
content-length: 14

17:26:46.392 [AsyncHttpClient-1-2] DEBUG org.asynchttpclient.netty.channel.ChannelManager - Adding key: http://localhost:65083 for channel [id: 0x12269ec9, L:/127.0.0.1:60235 - R:localhost/127.0.0.1:65083]
17:26:46.395 [Forwarding isElementEnabled on session c98adb70ba49c52936410cde8a3d0a56 to remote] DEBUG org.asynchttpclient.netty.request.NettyRequestSender - Using pooled Channel '[id: 0x12269ec9, L:/127.0.0.1:60235 - R:localhost/127.0.0.1:65083]' for 'GET' to 'http://localhost:65083/session/c98adb70ba49c52936410cde8a3d0a56/element/3d53ff93-fd8d-4dec-b740-43951ac59918/enabled'
17:26:46.395 [Forwarding isElementEnabled on session c98adb70ba49c52936410cde8a3d0a56 to remote] DEBUG org.asynchttpclient.netty.request.NettyRequestSender - Using open Channel [id: 0x12269ec9, L:/127.0.0.1:60235 - R:localhost/127.0.0.1:65083] for GET '/session/c98adb70ba49c52936410cde8a3d0a56/element/3d53ff93-fd8d-4dec-b740-43951ac59918/enabled'
17:26:46.405 [AsyncHttpClient-1-2] DEBUG org.asynchttpclient.netty.handler.HttpHandler - 

Request DefaultFullHttpRequest(decodeResult: success, version: HTTP/1.1, content: EmptyByteBufBE)
GET /session/c98adb70ba49c52936410cde8a3d0a56/element/3d53ff93-fd8d-4dec-b740-43951ac59918/enabled HTTP/1.1
User-Agent: selenium/4.1.2 (java windows)
Cache-Control: no-cache
Content-Type: application/json; charset=utf-8
host: localhost:65083
accept: */*

Response DefaultHttpResponse(decodeResult: success, version: HTTP/1.1)
HTTP/1.1 200 OK
Content-Type: application/json; charset=utf-8
cache-control: no-cache
content-length: 14

17:26:46.405 [AsyncHttpClient-1-2] DEBUG org.asynchttpclient.netty.channel.ChannelManager - Adding key: http://localhost:65083 for channel [id: 0x12269ec9, L:/127.0.0.1:60235 - R:localhost/127.0.0.1:65083]
17:26:46.408 [Forwarding findElement on session c98adb70ba49c52936410cde8a3d0a56 to remote] DEBUG org.asynchttpclient.netty.request.NettyRequestSender - Using pooled Channel '[id: 0x12269ec9, L:/127.0.0.1:60235 - R:localhost/127.0.0.1:65083]' for 'POST' to 'http://localhost:65083/session/c98adb70ba49c52936410cde8a3d0a56/element'
17:26:46.408 [Forwarding findElement on session c98adb70ba49c52936410cde8a3d0a56 to remote] DEBUG org.asynchttpclient.netty.request.NettyRequestSender - Using open Channel [id: 0x12269ec9, L:/127.0.0.1:60235 - R:localhost/127.0.0.1:65083] for POST '/session/c98adb70ba49c52936410cde8a3d0a56/element'
17:26:46.422 [AsyncHttpClient-1-2] DEBUG org.asynchttpclient.netty.handler.HttpHandler - 

Request DefaultHttpRequest(decodeResult: success, version: HTTP/1.1)
POST /session/c98adb70ba49c52936410cde8a3d0a56/element HTTP/1.1
User-Agent: selenium/4.1.2 (java windows)
Content-Length: 104
Content-Type: application/json; charset=utf-8
host: localhost:65083
accept: */*

Response DefaultHttpResponse(decodeResult: success, version: HTTP/1.1)
HTTP/1.1 200 OK
Content-Type: application/json; charset=utf-8
cache-control: no-cache
content-length: 88

17:26:46.422 [AsyncHttpClient-1-2] DEBUG org.asynchttpclient.netty.channel.ChannelManager - Adding key: http://localhost:65083 for channel [id: 0x12269ec9, L:/127.0.0.1:60235 - R:localhost/127.0.0.1:65083]
17:26:46.423 [Forwarding clickElement on session c98adb70ba49c52936410cde8a3d0a56 to remote] DEBUG org.asynchttpclient.netty.request.NettyRequestSender - Using pooled Channel '[id: 0x12269ec9, L:/127.0.0.1:60235 - R:localhost/127.0.0.1:65083]' for 'POST' to 'http://localhost:65083/session/c98adb70ba49c52936410cde8a3d0a56/element/3d53ff93-fd8d-4dec-b740-43951ac59918/click'
17:26:46.423 [Forwarding clickElement on session c98adb70ba49c52936410cde8a3d0a56 to remote] DEBUG org.asynchttpclient.netty.request.NettyRequestSender - Using open Channel [id: 0x12269ec9, L:/127.0.0.1:60235 - R:localhost/127.0.0.1:65083] for POST '/session/c98adb70ba49c52936410cde8a3d0a56/element/3d53ff93-fd8d-4dec-b740-43951ac59918/click'
17:26:46.557 [AsyncHttpClient-1-2] DEBUG org.asynchttpclient.netty.handler.HttpHandler - 

Request DefaultHttpRequest(decodeResult: success, version: HTTP/1.1)
POST /session/c98adb70ba49c52936410cde8a3d0a56/element/3d53ff93-fd8d-4dec-b740-43951ac59918/click HTTP/1.1
User-Agent: selenium/4.1.2 (java windows)
Content-Length: 50
Content-Type: application/json; charset=utf-8
host: localhost:65083
accept: */*

Response DefaultHttpResponse(decodeResult: success, version: HTTP/1.1)
HTTP/1.1 200 OK
Content-Type: application/json; charset=utf-8
cache-control: no-cache
content-length: 14

17:26:46.557 [AsyncHttpClient-1-2] DEBUG org.asynchttpclient.netty.channel.ChannelManager - Adding key: http://localhost:65083 for channel [id: 0x12269ec9, L:/127.0.0.1:60235 - R:localhost/127.0.0.1:65083]
17:26:46.565 [Forwarding screenshot on session c98adb70ba49c52936410cde8a3d0a56 to remote] DEBUG org.asynchttpclient.netty.request.NettyRequestSender - Using pooled Channel '[id: 0x12269ec9, L:/127.0.0.1:60235 - R:localhost/127.0.0.1:65083]' for 'GET' to 'http://localhost:65083/session/c98adb70ba49c52936410cde8a3d0a56/screenshot'
17:26:46.565 [Forwarding screenshot on session c98adb70ba49c52936410cde8a3d0a56 to remote] DEBUG org.asynchttpclient.netty.request.NettyRequestSender - Using open Channel [id: 0x12269ec9, L:/127.0.0.1:60235 - R:localhost/127.0.0.1:65083] for GET '/session/c98adb70ba49c52936410cde8a3d0a56/screenshot'
17:26:46.721 [AsyncHttpClient-1-2] DEBUG org.asynchttpclient.netty.handler.HttpHandler - 

Request DefaultFullHttpRequest(decodeResult: success, version: HTTP/1.1, content: EmptyByteBufBE)
GET /session/c98adb70ba49c52936410cde8a3d0a56/screenshot HTTP/1.1
User-Agent: selenium/4.1.2 (java windows)
Cache-Control: no-cache
Content-Type: application/json; charset=utf-8
host: localhost:65083
accept: */*

Response DefaultHttpResponse(decodeResult: success, version: HTTP/1.1)
HTTP/1.1 200 OK
Content-Type: application/json; charset=utf-8
cache-control: no-cache
content-length: 62896

17:26:46.722 [AsyncHttpClient-1-2] DEBUG org.asynchttpclient.netty.channel.ChannelManager - Adding key: http://localhost:65083 for channel [id: 0x12269ec9, L:/127.0.0.1:60235 - R:localhost/127.0.0.1:65083]
17:26:46.728 [main] DEBUG net.serenitybdd.core.photography.Darkroom - Send negative for processing for target\site\serenity\44a52ac805f4aeddece2a0b51d39cc081880dba03828d32564a6f256a8b0dc5a.png
17:26:46.728 [main] DEBUG net.thucydides.core.steps.StepInterceptor - STEP DONE: clickNewPatientXButton
  &amp#27;[32mThen &amp#27;[0m&amp#27;[32mI click new patient form x button&amp#27;[0m     &amp#27;[90m# starter.stepdefinitions.PatientSteps.iClickNewPatientFormXButton()&amp#27;[0m
17:26:46.728 [Darkroom Processing Line] DEBUG net.serenitybdd.core.photography.DarkroomProcessingLine - Processing screenshot image in /var/screenshots/screenshot-5996302625219566127
17:26:46.728 [Darkroom Processing Line] DEBUG net.serenitybdd.core.photography.DarkroomProcessingLine - Saving screenshot to target\site\serenity\44a52ac805f4aeddece2a0b51d39cc081880dba03828d32564a6f256a8b0dc5a.png
17:26:46.743 [main] INFO  - 
  _____   ___   ___   _____     ___     _     ___   ___   ___   ___  
 |_   _| | __| / __| |_   _|   | _ \   /_\   / __| / __| | __| |   \ 
   | |   | _|  \__ \   | |     |  _/  / _ \  \__ \ \__ \ | _|  | |) |
   |_|   |___| |___/   |_|     |_|   /_/ \_\ |___/ |___/ |___| |___/ 

Cancel Create New Patient Scenario
----------------------------------------------------------------------
17:26:46.747 [AsyncHttpClient-1-4] DEBUG org.asynchttpclient.netty.handler.WebSocketHandler - Channel Closed: [id: 0xbb494467, L:/127.0.0.1:60244 ! R:localhost/127.0.0.1:60236] with attribute NettyResponseFuture{currentRetry=5,
	isDone=1,
	isCancelled=0,
	asyncHandler=org.asynchttpclient.ws.WebSocketUpgradeHandler@3a534d59,
	nettyRequest=org.asynchttpclient.netty.request.NettyRequest@3810c610,
	future=java.util.concurrent.CompletableFuture@6040803a[Completed normally],
	uri=ws://localhost:60236/devtools/browser/421bda98-11ce-4170-a901-debcf0f0d64e,
	keepAlive=true,
	redirectCount=0,
	timeoutsHolder=null,
	inAuth=0,
	touch=1655375197232}
17:26:46.747 [AsyncHttpClient-1-4] DEBUG org.asynchttpclient.netty.channel.ChannelManager - Closing Channel [id: 0xbb494467, L:/127.0.0.1:60244 ! R:localhost/127.0.0.1:60236] 
17:26:46.749 [Driver Command Executor] DEBUG org.asynchttpclient.netty.request.NettyRequestSender - Using pooled Channel '[id: 0x12269ec9, L:/127.0.0.1:60235 - R:localhost/127.0.0.1:65083]' for 'DELETE' to 'http://localhost:65083/session/c98adb70ba49c52936410cde8a3d0a56'
17:26:46.749 [Driver Command Executor] DEBUG org.asynchttpclient.netty.request.NettyRequestSender - Using open Channel [id: 0x12269ec9, L:/127.0.0.1:60235 - R:localhost/127.0.0.1:65083] for DELETE '/session/c98adb70ba49c52936410cde8a3d0a56'
17:26:47.242 [AsyncHttpClient-1-1] DEBUG org.asynchttpclient.netty.channel.DefaultChannelPool - Entry count for : http://localhost:60236 : 1
17:26:47.594 [AsyncHttpClient-1-3] DEBUG org.asynchttpclient.netty.handler.HttpHandler - Unexpected I/O exception on channel [id: 0x96896e62, L:/127.0.0.1:60243 - R:localhost/127.0.0.1:60236]
java.net.SocketException: Connection reset
	at java.base/sun.nio.ch.SocketChannelImpl.throwConnectionReset(SocketChannelImpl.java:367)
	at java.base/sun.nio.ch.SocketChannelImpl.read(SocketChannelImpl.java:398)
	at io.netty.buffer.PooledByteBuf.setBytes(PooledByteBuf.java:258)
	at io.netty.buffer.AbstractByteBuf.writeBytes(AbstractByteBuf.java:1132)
	at io.netty.channel.socket.nio.NioSocketChannel.doReadBytes(NioSocketChannel.java:350)
	at io.netty.channel.nio.AbstractNioByteChannel$NioByteUnsafe.read(AbstractNioByteChannel.java:151)
	at io.netty.channel.nio.NioEventLoop.processSelectedKey(NioEventLoop.java:722)
	at io.netty.channel.nio.NioEventLoop.processSelectedKeysOptimized(NioEventLoop.java:658)
	at io.netty.channel.nio.NioEventLoop.processSelectedKeys(NioEventLoop.java:584)
	at io.netty.channel.nio.NioEventLoop.run(NioEventLoop.java:496)
	at io.netty.util.concurrent.SingleThreadEventExecutor$4.run(SingleThreadEventExecutor.java:986)
	at io.netty.util.internal.ThreadExecutorMap$2.run(ThreadExecutorMap.java:74)
	at io.netty.util.concurrent.FastThreadLocalRunnable.run(FastThreadLocalRunnable.java:30)
	at java.base/java.lang.Thread.run(Thread.java:832)
17:26:47.595 [AsyncHttpClient-1-3] DEBUG org.asynchttpclient.netty.channel.ChannelManager - Closing Channel [id: 0x96896e62, L:/127.0.0.1:60243 - R:localhost/127.0.0.1:60236] 
17:26:47.595 [AsyncHttpClient-1-3] DEBUG org.asynchttpclient.netty.handler.HttpHandler - Channel Closed: [id: 0x96896e62, L:/127.0.0.1:60243 ! R:localhost/127.0.0.1:60236] with attribute DISCARD
17:26:48.318 [AsyncHttpClient-1-2] DEBUG org.asynchttpclient.netty.handler.HttpHandler - 

Request DefaultFullHttpRequest(decodeResult: success, version: HTTP/1.1, content: EmptyByteBufBE)
DELETE /session/c98adb70ba49c52936410cde8a3d0a56 HTTP/1.1
User-Agent: selenium/4.1.2 (java windows)
Content-Type: application/json; charset=utf-8
host: localhost:65083
accept: */*

Response DefaultHttpResponse(decodeResult: success, version: HTTP/1.1)
HTTP/1.1 200 OK
Content-Type: application/json; charset=utf-8
cache-control: no-cache
content-length: 14

17:26:48.318 [AsyncHttpClient-1-2] DEBUG org.asynchttpclient.netty.channel.ChannelManager - Adding key: http://localhost:65083 for channel [id: 0x12269ec9, L:/127.0.0.1:60235 - R:localhost/127.0.0.1:65083]
17:26:48.343 [AsyncHttpClient-1-1] DEBUG org.asynchttpclient.netty.channel.DefaultChannelPool - Entry count for : http://localhost:65083 : 1
17:26:48.343 [AsyncHttpClient-1-1] DEBUG org.asynchttpclient.netty.channel.DefaultChannelPool - Entry count for : http://localhost:60236 : 1
17:26:48.343 [AsyncHttpClient-1-1] DEBUG org.asynchttpclient.netty.channel.DefaultChannelPool - Adding Candidate expired Channel [id: 0x96896e62, L:/127.0.0.1:60243 ! R:localhost/127.0.0.1:60236] isIdleTimeoutExpired=false isRemotelyClosed=true isTtlExpired=false
17:26:48.343 [AsyncHttpClient-1-1] DEBUG org.asynchttpclient.netty.channel.DefaultChannelPool - Closing Idle Channel [id: 0x96896e62, L:/127.0.0.1:60243 ! R:localhost/127.0.0.1:60236]
17:26:48.343 [AsyncHttpClient-1-1] DEBUG org.asynchttpclient.netty.channel.DefaultChannelPool - Closed 1 connections out of 2 in 0 ms
17:26:48.447 [AsyncHttpClient-1-2] DEBUG org.asynchttpclient.netty.handler.HttpHandler - Channel Closed: [id: 0x12269ec9, L:/127.0.0.1:60235 ! R:localhost/127.0.0.1:65083] with attribute DISCARD
]]></system-out>
    <system-err><![CDATA[Starting ChromeDriver 102.0.5005.61 (0e59bcc00cc4985ce39ad31c150065f159d95ad3-refs/branch-heads/5005@{#819}) on port 65083
Only local connections are allowed.
Please see https://chromedriver.chromium.org/security-considerations for suggestions on keeping ChromeDriver safe.
ChromeDriver was started successfully.
Jun 16, 2022 5:26:37 PM org.openqa.selenium.remote.ProtocolHandshake createSession
INFO: Detected dialect: W3C
Jun 16, 2022 5:26:37 PM org.openqa.selenium.devtools.CdpVersionFinder findNearestMatch
WARNING: Unable to find an exact match for CDP version 102, so returning the closest version found: a no-op implementation
Jun 16, 2022 5:26:37 PM org.openqa.selenium.devtools.CdpVersionFinder findNearestMatch
INFO: Unable to find CDP implementation matching 102.
Jun 16, 2022 5:26:37 PM org.openqa.selenium.chromium.ChromiumDriver lambda$new$3
WARNING: Unable to find version of CDP to use for . You may need to include a dependency on a specific version of the CDP using something similar to `org.seleniumhq.selenium:selenium-devtools-v86:4.1.2` where the version ("v86") matches the version of the chromium-based browser you're using and the version number of the artifact is the same as Selenium's.
]]></system-err>
  </testcase>
  <testcase name="Edit Patient Data Scenario" classname="Patient" time="19.425">
    <system-out><![CDATA[
@Patient
Scenario: Edit Patient Data Scenario            &amp#27;[90m# src/test/resources/features/2.Patient.feature:21&amp#27;[0m
17:26:48.992 [main] INFO io.cucumber.core.plugin.SerenityReporter - Running feature from file:///E:/My%20Documents/File%20Difa/TI%20Semester%206%20Kampus%20Merdeka%20Alterra/Tugas/CAPSTONE%20Project/Capstone-Project-Website/src/test/resources/features/2.Patient.feature
17:26:48.999 [main] INFO  - 
  _____   ___   ___   _____     ___   _____     _     ___   _____   ___   ___  
 |_   _| | __| / __| |_   _|   / __| |_   _|   /_\   | _ \ |_   _| | __| |   \ 
   | |   | _|  \__ \   | |     \__ \   | |    / _ \  |   /   | |   | _|  | |) |
   |_|   |___| |___/   |_|     |___/   |_|   /_/ \_\ |_|_\   |_|   |___| |___/ 

Edit Patient Data Scenario(patient;edit-patient-data-scenario)
--------------------------------------------------------------------------------
17:26:49.035 [main] DEBUG net.thucydides.core.steps.StepInterceptor - STARTING STEP: PatientSteps.iAmAtTheDashboardPage - openUrl
17:26:49.036 [main] INFO net.serenitybdd.core.webdriver.driverproviders.ChromeDriverProvider - Using automatically driver download
17:26:49.188 [main] DEBUG io.github.bonigarcia.wdm.cache.ResolutionCache - Resolution chrome=102 in cache (valid until 18:07:22 16/06/2022 ICT)
17:26:49.192 [main] DEBUG io.github.bonigarcia.wdm.cache.ResolutionCache - Resolution chrome102=102.0.5005.61 in cache (valid until 15:56:01 17/06/2022 ICT)
17:26:49.193 [main] INFO io.github.bonigarcia.wdm.WebDriverManager - Using chromedriver 102.0.5005.61 (resolved driver for Chrome 102)
17:26:49.205 [main] DEBUG io.github.bonigarcia.wdm.WebDriverManager - Driver chromedriver 102.0.5005.61 found in cache
17:26:49.206 [main] INFO io.github.bonigarcia.wdm.WebDriverManager - Exporting webdriver.chrome.driver as C:\Users\USER\.cache\selenium\chromedriver\win32\102.0.5005.61\chromedriver.exe
17:26:49.412 [main] DEBUG net.serenitybdd.core.webdriver.driverproviders.ProvideNewDriver - Instantiating driver
17:26:49.412 [main] DEBUG net.serenitybdd.core.webdriver.driverproviders.ProvideNewDriver - Driver capabilities: Capabilities {acceptInsecureCerts: false, base.url: https://hospital-management..., browserName: chrome, chrome.driver: src/test/resources/webdrive..., driver: chrome, goog:chromeOptions: {args: [], extensions: []}}
17:26:49.443 [AsyncHttpClient-1-1] DEBUG org.asynchttpclient.netty.channel.DefaultChannelPool - Entry count for : http://localhost:65083 : 1
17:26:49.443 [AsyncHttpClient-1-1] DEBUG org.asynchttpclient.netty.channel.DefaultChannelPool - Adding Candidate expired Channel [id: 0x12269ec9, L:/127.0.0.1:60235 ! R:localhost/127.0.0.1:65083] isIdleTimeoutExpired=false isRemotelyClosed=true isTtlExpired=false
17:26:49.443 [AsyncHttpClient-1-1] DEBUG org.asynchttpclient.netty.channel.DefaultChannelPool - Closing Idle Channel [id: 0x12269ec9, L:/127.0.0.1:60235 ! R:localhost/127.0.0.1:65083]
17:26:49.443 [AsyncHttpClient-1-1] DEBUG org.asynchttpclient.netty.channel.DefaultChannelPool - Closed 1 connections out of 1 in 0 ms
17:26:49.948 [AsyncHttpClient-1-5] DEBUG org.asynchttpclient.netty.channel.NettyConnectListener - Using new Channel '[id: 0xcd8c1551, L:/127.0.0.1:60261 - R:localhost/127.0.0.1:49389]' for 'POST' to '/session'
17:26:50.961 [AsyncHttpClient-1-5] DEBUG org.asynchttpclient.netty.handler.HttpHandler - 

Request DefaultHttpRequest(decodeResult: success, version: HTTP/1.1)
POST /session HTTP/1.1
User-Agent: selenium/4.1.2 (java windows)
Content-Length: 621
Content-Type: application/json; charset=utf-8
host: localhost:49389
accept: */*

Response DefaultHttpResponse(decodeResult: success, version: HTTP/1.1)
HTTP/1.1 200 OK
Content-Type: application/json; charset=utf-8
cache-control: no-cache
content-length: 788

17:26:50.961 [AsyncHttpClient-1-5] DEBUG org.asynchttpclient.netty.channel.ChannelManager - Adding key: http://localhost:49389 for channel [id: 0xcd8c1551, L:/127.0.0.1:60261 - R:localhost/127.0.0.1:49389]
17:26:50.970 [AsyncHttpClient-1-6] DEBUG org.asynchttpclient.netty.channel.NettyConnectListener - Using new Channel '[id: 0x09083b70, L:/127.0.0.1:60267 - R:localhost/127.0.0.1:60262]' for 'GET' to '/json/version'
17:26:50.971 [AsyncHttpClient-1-6] DEBUG org.asynchttpclient.netty.handler.HttpHandler - 

Request DefaultFullHttpRequest(decodeResult: success, version: HTTP/1.1, content: EmptyByteBufBE)
GET /json/version HTTP/1.1
User-Agent: selenium/4.1.2 (java windows)
host: localhost:60262
accept: */*

Response DefaultHttpResponse(decodeResult: success, version: HTTP/1.1)
HTTP/1.1 200 OK
Content-Type: application/json; charset=UTF-8
content-length: 427

17:26:50.971 [AsyncHttpClient-1-6] DEBUG org.asynchttpclient.netty.channel.ChannelManager - Adding key: http://localhost:60262 for channel [id: 0x09083b70, L:/127.0.0.1:60267 - R:localhost/127.0.0.1:60262]
17:26:50.974 [AsyncHttpClient-1-7] DEBUG org.asynchttpclient.netty.channel.NettyConnectListener - Using new Channel '[id: 0xe503478b, L:/127.0.0.1:60268 - R:localhost/127.0.0.1:60262]' for 'GET' to '/devtools/browser/88f13dac-5694-46a5-beaa-7a3e1180cac6'
17:26:50.975 [AsyncHttpClient-1-7] DEBUG org.asynchttpclient.netty.handler.WebSocketHandler - 

Request DefaultFullHttpRequest(decodeResult: success, version: HTTP/1.1, content: EmptyByteBufBE)
GET /devtools/browser/88f13dac-5694-46a5-beaa-7a3e1180cac6 HTTP/1.1
upgrade: websocket
connection: upgrade
sec-websocket-key: OvyGVzOLsvGeYVG9o3wXeQ==
sec-websocket-version: 13
origin: http://localhost:60262
host: localhost:60262
accept: */*
user-agent: AHC/2.1

Response DefaultHttpResponse(decodeResult: success, version: HTTP/1.1)
HTTP/1.1 101 WebSocket Protocol Handshake
Upgrade: WebSocket
Connection: Upgrade
Sec-WebSocket-Accept: vgXAMwCcQpzZxf3j82mJsgsff8A=

17:26:50.980 [Forwarding maximizeCurrentWindow on session 41c573b1d9731ce61cdb0630738be20a to remote] DEBUG org.asynchttpclient.netty.request.NettyRequestSender - Using pooled Channel '[id: 0xcd8c1551, L:/127.0.0.1:60261 - R:localhost/127.0.0.1:49389]' for 'POST' to 'http://localhost:49389/session/41c573b1d9731ce61cdb0630738be20a/window/maximize'
17:26:50.980 [Forwarding maximizeCurrentWindow on session 41c573b1d9731ce61cdb0630738be20a to remote] DEBUG org.asynchttpclient.netty.request.NettyRequestSender - Using open Channel [id: 0xcd8c1551, L:/127.0.0.1:60261 - R:localhost/127.0.0.1:49389] for POST '/session/41c573b1d9731ce61cdb0630738be20a/window/maximize'
17:26:51.098 [AsyncHttpClient-1-5] DEBUG org.asynchttpclient.netty.handler.HttpHandler - 

Request DefaultHttpRequest(decodeResult: success, version: HTTP/1.1)
POST /session/41c573b1d9731ce61cdb0630738be20a/window/maximize HTTP/1.1
User-Agent: selenium/4.1.2 (java windows)
Content-Length: 3
Content-Type: application/json; charset=utf-8
host: localhost:49389
accept: */*

Response DefaultHttpResponse(decodeResult: success, version: HTTP/1.1)
HTTP/1.1 200 OK
Content-Type: application/json; charset=utf-8
cache-control: no-cache
content-length: 51

17:26:51.098 [AsyncHttpClient-1-5] DEBUG org.asynchttpclient.netty.channel.ChannelManager - Adding key: http://localhost:49389 for channel [id: 0xcd8c1551, L:/127.0.0.1:60261 - R:localhost/127.0.0.1:49389]
17:26:51.100 [Forwarding get on session 41c573b1d9731ce61cdb0630738be20a to remote] DEBUG org.asynchttpclient.netty.request.NettyRequestSender - Using pooled Channel '[id: 0xcd8c1551, L:/127.0.0.1:60261 - R:localhost/127.0.0.1:49389]' for 'POST' to 'http://localhost:49389/session/41c573b1d9731ce61cdb0630738be20a/url'
17:26:51.100 [Forwarding get on session 41c573b1d9731ce61cdb0630738be20a to remote] DEBUG org.asynchttpclient.netty.request.NettyRequestSender - Using open Channel [id: 0xcd8c1551, L:/127.0.0.1:60261 - R:localhost/127.0.0.1:49389] for POST '/session/41c573b1d9731ce61cdb0630738be20a/url'
17:26:51.642 [AsyncHttpClient-1-1] DEBUG org.asynchttpclient.netty.channel.DefaultChannelPool - Entry count for : http://localhost:60262 : 1
17:26:52.743 [AsyncHttpClient-1-1] DEBUG org.asynchttpclient.netty.channel.DefaultChannelPool - Entry count for : http://localhost:60262 : 1
17:26:53.842 [AsyncHttpClient-1-1] DEBUG org.asynchttpclient.netty.channel.DefaultChannelPool - Entry count for : http://localhost:60262 : 1
17:26:54.942 [AsyncHttpClient-1-1] DEBUG org.asynchttpclient.netty.channel.DefaultChannelPool - Entry count for : http://localhost:60262 : 1
17:26:56.042 [AsyncHttpClient-1-1] DEBUG org.asynchttpclient.netty.channel.DefaultChannelPool - Entry count for : http://localhost:60262 : 1
17:26:57.142 [AsyncHttpClient-1-1] DEBUG org.asynchttpclient.netty.channel.DefaultChannelPool - Entry count for : http://localhost:60262 : 1
17:26:58.243 [AsyncHttpClient-1-1] DEBUG org.asynchttpclient.netty.channel.DefaultChannelPool - Entry count for : http://localhost:60262 : 1
17:26:59.343 [AsyncHttpClient-1-1] DEBUG org.asynchttpclient.netty.channel.DefaultChannelPool - Entry count for : http://localhost:60262 : 1
17:27:00.442 [AsyncHttpClient-1-1] DEBUG org.asynchttpclient.netty.channel.DefaultChannelPool - Entry count for : http://localhost:60262 : 1
17:27:01.457 [AsyncHttpClient-1-5] DEBUG org.asynchttpclient.netty.handler.HttpHandler - 

Request DefaultHttpRequest(decodeResult: success, version: HTTP/1.1)
POST /session/41c573b1d9731ce61cdb0630738be20a/url HTTP/1.1
User-Agent: selenium/4.1.2 (java windows)
Content-Length: 65
Content-Type: application/json; charset=utf-8
host: localhost:49389
accept: */*

Response DefaultHttpResponse(decodeResult: success, version: HTTP/1.1)
HTTP/1.1 200 OK
Content-Type: application/json; charset=utf-8
cache-control: no-cache
content-length: 14

17:27:01.458 [AsyncHttpClient-1-5] DEBUG org.asynchttpclient.netty.channel.ChannelManager - Adding key: http://localhost:49389 for channel [id: 0xcd8c1551, L:/127.0.0.1:60261 - R:localhost/127.0.0.1:49389]
17:27:01.461 [Forwarding setTimeout on session 41c573b1d9731ce61cdb0630738be20a to remote] DEBUG org.asynchttpclient.netty.request.NettyRequestSender - Using pooled Channel '[id: 0xcd8c1551, L:/127.0.0.1:60261 - R:localhost/127.0.0.1:49389]' for 'POST' to 'http://localhost:49389/session/41c573b1d9731ce61cdb0630738be20a/timeouts'
17:27:01.461 [Forwarding setTimeout on session 41c573b1d9731ce61cdb0630738be20a to remote] DEBUG org.asynchttpclient.netty.request.NettyRequestSender - Using open Channel [id: 0xcd8c1551, L:/127.0.0.1:60261 - R:localhost/127.0.0.1:49389] for POST '/session/41c573b1d9731ce61cdb0630738be20a/timeouts'
17:27:01.462 [AsyncHttpClient-1-5] DEBUG org.asynchttpclient.netty.handler.HttpHandler - 

Request DefaultHttpRequest(decodeResult: success, version: HTTP/1.1)
POST /session/41c573b1d9731ce61cdb0630738be20a/timeouts HTTP/1.1
User-Agent: selenium/4.1.2 (java windows)
Content-Length: 22
Content-Type: application/json; charset=utf-8
host: localhost:49389
accept: */*

Response DefaultHttpResponse(decodeResult: success, version: HTTP/1.1)
HTTP/1.1 200 OK
Content-Type: application/json; charset=utf-8
cache-control: no-cache
content-length: 14

17:27:01.463 [AsyncHttpClient-1-5] DEBUG org.asynchttpclient.netty.channel.ChannelManager - Adding key: http://localhost:49389 for channel [id: 0xcd8c1551, L:/127.0.0.1:60261 - R:localhost/127.0.0.1:49389]
17:27:01.467 [Forwarding getCurrentUrl on session 41c573b1d9731ce61cdb0630738be20a to remote] DEBUG org.asynchttpclient.netty.request.NettyRequestSender - Using pooled Channel '[id: 0xcd8c1551, L:/127.0.0.1:60261 - R:localhost/127.0.0.1:49389]' for 'GET' to 'http://localhost:49389/session/41c573b1d9731ce61cdb0630738be20a/url'
17:27:01.467 [Forwarding getCurrentUrl on session 41c573b1d9731ce61cdb0630738be20a to remote] DEBUG org.asynchttpclient.netty.request.NettyRequestSender - Using open Channel [id: 0xcd8c1551, L:/127.0.0.1:60261 - R:localhost/127.0.0.1:49389] for GET '/session/41c573b1d9731ce61cdb0630738be20a/url'
17:27:01.475 [AsyncHttpClient-1-5] DEBUG org.asynchttpclient.netty.handler.HttpHandler - 

Request DefaultFullHttpRequest(decodeResult: success, version: HTTP/1.1, content: EmptyByteBufBE)
GET /session/41c573b1d9731ce61cdb0630738be20a/url HTTP/1.1
User-Agent: selenium/4.1.2 (java windows)
Cache-Control: no-cache
Content-Type: application/json; charset=utf-8
host: localhost:49389
accept: */*

Response DefaultHttpResponse(decodeResult: success, version: HTTP/1.1)
HTTP/1.1 200 OK
Content-Type: application/json; charset=utf-8
cache-control: no-cache
content-length: 53

17:27:01.475 [AsyncHttpClient-1-5] DEBUG org.asynchttpclient.netty.channel.ChannelManager - Adding key: http://localhost:49389 for channel [id: 0xcd8c1551, L:/127.0.0.1:60261 - R:localhost/127.0.0.1:49389]
17:27:01.480 [Forwarding getCurrentUrl on session 41c573b1d9731ce61cdb0630738be20a to remote] DEBUG org.asynchttpclient.netty.request.NettyRequestSender - Using pooled Channel '[id: 0xcd8c1551, L:/127.0.0.1:60261 - R:localhost/127.0.0.1:49389]' for 'GET' to 'http://localhost:49389/session/41c573b1d9731ce61cdb0630738be20a/url'
17:27:01.480 [Forwarding getCurrentUrl on session 41c573b1d9731ce61cdb0630738be20a to remote] DEBUG org.asynchttpclient.netty.request.NettyRequestSender - Using open Channel [id: 0xcd8c1551, L:/127.0.0.1:60261 - R:localhost/127.0.0.1:49389] for GET '/session/41c573b1d9731ce61cdb0630738be20a/url'
17:27:01.485 [AsyncHttpClient-1-5] DEBUG org.asynchttpclient.netty.handler.HttpHandler - 

Request DefaultFullHttpRequest(decodeResult: success, version: HTTP/1.1, content: EmptyByteBufBE)
GET /session/41c573b1d9731ce61cdb0630738be20a/url HTTP/1.1
User-Agent: selenium/4.1.2 (java windows)
Cache-Control: no-cache
Content-Type: application/json; charset=utf-8
host: localhost:49389
accept: */*

Response DefaultHttpResponse(decodeResult: success, version: HTTP/1.1)
HTTP/1.1 200 OK
Content-Type: application/json; charset=utf-8
cache-control: no-cache
content-length: 53

17:27:01.485 [AsyncHttpClient-1-5] DEBUG org.asynchttpclient.netty.channel.ChannelManager - Adding key: http://localhost:49389 for channel [id: 0xcd8c1551, L:/127.0.0.1:60261 - R:localhost/127.0.0.1:49389]
17:27:01.494 [Forwarding screenshot on session 41c573b1d9731ce61cdb0630738be20a to remote] DEBUG org.asynchttpclient.netty.request.NettyRequestSender - Using pooled Channel '[id: 0xcd8c1551, L:/127.0.0.1:60261 - R:localhost/127.0.0.1:49389]' for 'GET' to 'http://localhost:49389/session/41c573b1d9731ce61cdb0630738be20a/screenshot'
17:27:01.494 [Forwarding screenshot on session 41c573b1d9731ce61cdb0630738be20a to remote] DEBUG org.asynchttpclient.netty.request.NettyRequestSender - Using open Channel [id: 0xcd8c1551, L:/127.0.0.1:60261 - R:localhost/127.0.0.1:49389] for GET '/session/41c573b1d9731ce61cdb0630738be20a/screenshot'
17:27:01.542 [AsyncHttpClient-1-1] DEBUG org.asynchttpclient.netty.channel.DefaultChannelPool - Entry count for : http://localhost:60262 : 1
17:27:01.747 [AsyncHttpClient-1-5] DEBUG org.asynchttpclient.netty.handler.HttpHandler - 

Request DefaultFullHttpRequest(decodeResult: success, version: HTTP/1.1, content: EmptyByteBufBE)
GET /session/41c573b1d9731ce61cdb0630738be20a/screenshot HTTP/1.1
User-Agent: selenium/4.1.2 (java windows)
Cache-Control: no-cache
Content-Type: application/json; charset=utf-8
host: localhost:49389
accept: */*

Response DefaultHttpResponse(decodeResult: success, version: HTTP/1.1)
HTTP/1.1 200 OK
Content-Type: application/json; charset=utf-8
cache-control: no-cache
content-length: 351816

17:27:01.749 [AsyncHttpClient-1-5] DEBUG org.asynchttpclient.netty.channel.ChannelManager - Adding key: http://localhost:49389 for channel [id: 0xcd8c1551, L:/127.0.0.1:60261 - R:localhost/127.0.0.1:49389]
17:27:01.771 [main] DEBUG net.serenitybdd.core.photography.Darkroom - Send negative for processing for target\site\serenity\20277f1d76f1b925628464fcd1ece5de77a814679d1be3fdcf836a7ddadfed60.png
17:27:01.771 [main] DEBUG net.thucydides.core.steps.StepInterceptor - STEP DONE: openUrl
17:27:01.781 [main] DEBUG net.thucydides.core.steps.StepInterceptor - STARTING STEP: PatientSteps.iAmAtTheDashboardPage - validateOnDashboardPage
17:27:01.783 [Forwarding findElement on session 41c573b1d9731ce61cdb0630738be20a to remote] DEBUG org.asynchttpclient.netty.request.NettyRequestSender - Using pooled Channel '[id: 0xcd8c1551, L:/127.0.0.1:60261 - R:localhost/127.0.0.1:49389]' for 'POST' to 'http://localhost:49389/session/41c573b1d9731ce61cdb0630738be20a/element'
17:27:01.783 [Forwarding findElement on session 41c573b1d9731ce61cdb0630738be20a to remote] DEBUG org.asynchttpclient.netty.request.NettyRequestSender - Using open Channel [id: 0xcd8c1551, L:/127.0.0.1:60261 - R:localhost/127.0.0.1:49389] for POST '/session/41c573b1d9731ce61cdb0630738be20a/element'
17:27:01.800 [AsyncHttpClient-1-5] DEBUG org.asynchttpclient.netty.handler.HttpHandler - 

Request DefaultHttpRequest(decodeResult: success, version: HTTP/1.1)
POST /session/41c573b1d9731ce61cdb0630738be20a/element HTTP/1.1
User-Agent: selenium/4.1.2 (java windows)
Content-Length: 81
Content-Type: application/json; charset=utf-8
host: localhost:49389
accept: */*

Response DefaultHttpResponse(decodeResult: success, version: HTTP/1.1)
HTTP/1.1 200 OK
Content-Type: application/json; charset=utf-8
cache-control: no-cache
content-length: 88

17:27:01.800 [AsyncHttpClient-1-5] DEBUG org.asynchttpclient.netty.channel.ChannelManager - Adding key: http://localhost:49389 for channel [id: 0xcd8c1551, L:/127.0.0.1:60261 - R:localhost/127.0.0.1:49389]
17:27:01.805 [Forwarding isElementDisplayed on session 41c573b1d9731ce61cdb0630738be20a to remote] DEBUG org.asynchttpclient.netty.request.NettyRequestSender - Using pooled Channel '[id: 0xcd8c1551, L:/127.0.0.1:60261 - R:localhost/127.0.0.1:49389]' for 'POST' to 'http://localhost:49389/session/41c573b1d9731ce61cdb0630738be20a/execute/sync'
17:27:01.805 [Forwarding isElementDisplayed on session 41c573b1d9731ce61cdb0630738be20a to remote] DEBUG org.asynchttpclient.netty.request.NettyRequestSender - Using open Channel [id: 0xcd8c1551, L:/127.0.0.1:60261 - R:localhost/127.0.0.1:49389] for POST '/session/41c573b1d9731ce61cdb0630738be20a/execute/sync'
17:27:01.824 [AsyncHttpClient-1-5] DEBUG org.asynchttpclient.netty.handler.HttpHandler - 

Request DefaultHttpRequest(decodeResult: success, version: HTTP/1.1)
POST /session/41c573b1d9731ce61cdb0630738be20a/execute/sync HTTP/1.1
User-Agent: selenium/4.1.2 (java windows)
Content-Length: 48780
Content-Type: application/json; charset=utf-8
host: localhost:49389
accept: */*

Response DefaultHttpResponse(decodeResult: success, version: HTTP/1.1)
HTTP/1.1 200 OK
Content-Type: application/json; charset=utf-8
cache-control: no-cache
content-length: 14

17:27:01.824 [AsyncHttpClient-1-5] DEBUG org.asynchttpclient.netty.channel.ChannelManager - Adding key: http://localhost:49389 for channel [id: 0xcd8c1551, L:/127.0.0.1:60261 - R:localhost/127.0.0.1:49389]
17:27:01.830 [Forwarding screenshot on session 41c573b1d9731ce61cdb0630738be20a to remote] DEBUG org.asynchttpclient.netty.request.NettyRequestSender - Using pooled Channel '[id: 0xcd8c1551, L:/127.0.0.1:60261 - R:localhost/127.0.0.1:49389]' for 'GET' to 'http://localhost:49389/session/41c573b1d9731ce61cdb0630738be20a/screenshot'
17:27:01.830 [Forwarding screenshot on session 41c573b1d9731ce61cdb0630738be20a to remote] DEBUG org.asynchttpclient.netty.request.NettyRequestSender - Using open Channel [id: 0xcd8c1551, L:/127.0.0.1:60261 - R:localhost/127.0.0.1:49389] for GET '/session/41c573b1d9731ce61cdb0630738be20a/screenshot'
17:27:02.087 [AsyncHttpClient-1-5] DEBUG org.asynchttpclient.netty.handler.HttpHandler - 

Request DefaultFullHttpRequest(decodeResult: success, version: HTTP/1.1, content: EmptyByteBufBE)
GET /session/41c573b1d9731ce61cdb0630738be20a/screenshot HTTP/1.1
User-Agent: selenium/4.1.2 (java windows)
Cache-Control: no-cache
Content-Type: application/json; charset=utf-8
host: localhost:49389
accept: */*

Response DefaultHttpResponse(decodeResult: success, version: HTTP/1.1)
HTTP/1.1 200 OK
Content-Type: application/json; charset=utf-8
cache-control: no-cache
content-length: 351816

17:27:02.089 [AsyncHttpClient-1-5] DEBUG org.asynchttpclient.netty.channel.ChannelManager - Adding key: http://localhost:49389 for channel [id: 0xcd8c1551, L:/127.0.0.1:60261 - R:localhost/127.0.0.1:49389]
17:27:02.113 [main] DEBUG net.serenitybdd.core.photography.Darkroom - Send negative for processing for target\site\serenity\20277f1d76f1b925628464fcd1ece5de77a814679d1be3fdcf836a7ddadfed60.png
17:27:02.113 [main] DEBUG net.thucydides.core.steps.StepInterceptor - STEP DONE: validateOnDashboardPage
  &amp#27;[32mGiven &amp#27;[0m&amp#27;[32mI am at the dashboard page&amp#27;[0m              &amp#27;[90m# starter.stepdefinitions.PatientSteps.iAmAtTheDashboardPage()&amp#27;[0m
17:27:02.144 [main] DEBUG net.thucydides.core.steps.StepInterceptor - STARTING STEP: PatientSteps.iClickMenuPatient - clickMenuPatientButton
17:27:02.149 [Forwarding findElement on session 41c573b1d9731ce61cdb0630738be20a to remote] DEBUG org.asynchttpclient.netty.request.NettyRequestSender - Using pooled Channel '[id: 0xcd8c1551, L:/127.0.0.1:60261 - R:localhost/127.0.0.1:49389]' for 'POST' to 'http://localhost:49389/session/41c573b1d9731ce61cdb0630738be20a/element'
17:27:02.149 [Forwarding findElement on session 41c573b1d9731ce61cdb0630738be20a to remote] DEBUG org.asynchttpclient.netty.request.NettyRequestSender - Using open Channel [id: 0xcd8c1551, L:/127.0.0.1:60261 - R:localhost/127.0.0.1:49389] for POST '/session/41c573b1d9731ce61cdb0630738be20a/element'
17:27:02.164 [AsyncHttpClient-1-5] DEBUG org.asynchttpclient.netty.handler.HttpHandler - 

Request DefaultHttpRequest(decodeResult: success, version: HTTP/1.1)
POST /session/41c573b1d9731ce61cdb0630738be20a/element HTTP/1.1
User-Agent: selenium/4.1.2 (java windows)
Content-Length: 80
Content-Type: application/json; charset=utf-8
host: localhost:49389
accept: */*

Response DefaultHttpResponse(decodeResult: success, version: HTTP/1.1)
HTTP/1.1 200 OK
Content-Type: application/json; charset=utf-8
cache-control: no-cache
content-length: 88

17:27:02.165 [AsyncHttpClient-1-5] DEBUG org.asynchttpclient.netty.channel.ChannelManager - Adding key: http://localhost:49389 for channel [id: 0xcd8c1551, L:/127.0.0.1:60261 - R:localhost/127.0.0.1:49389]
17:27:02.166 [Forwarding getElementTagName on session 41c573b1d9731ce61cdb0630738be20a to remote] DEBUG org.asynchttpclient.netty.request.NettyRequestSender - Using pooled Channel '[id: 0xcd8c1551, L:/127.0.0.1:60261 - R:localhost/127.0.0.1:49389]' for 'GET' to 'http://localhost:49389/session/41c573b1d9731ce61cdb0630738be20a/element/771fc746-943f-42c5-9883-9cd92c0ef86f/name'
17:27:02.166 [Forwarding getElementTagName on session 41c573b1d9731ce61cdb0630738be20a to remote] DEBUG org.asynchttpclient.netty.request.NettyRequestSender - Using open Channel [id: 0xcd8c1551, L:/127.0.0.1:60261 - R:localhost/127.0.0.1:49389] for GET '/session/41c573b1d9731ce61cdb0630738be20a/element/771fc746-943f-42c5-9883-9cd92c0ef86f/name'
17:27:02.171 [AsyncHttpClient-1-5] DEBUG org.asynchttpclient.netty.handler.HttpHandler - 

Request DefaultFullHttpRequest(decodeResult: success, version: HTTP/1.1, content: EmptyByteBufBE)
GET /session/41c573b1d9731ce61cdb0630738be20a/element/771fc746-943f-42c5-9883-9cd92c0ef86f/name HTTP/1.1
User-Agent: selenium/4.1.2 (java windows)
Cache-Control: no-cache
Content-Type: application/json; charset=utf-8
host: localhost:49389
accept: */*

Response DefaultHttpResponse(decodeResult: success, version: HTTP/1.1)
HTTP/1.1 200 OK
Content-Type: application/json; charset=utf-8
cache-control: no-cache
content-length: 15

17:27:02.171 [AsyncHttpClient-1-5] DEBUG org.asynchttpclient.netty.channel.ChannelManager - Adding key: http://localhost:49389 for channel [id: 0xcd8c1551, L:/127.0.0.1:60261 - R:localhost/127.0.0.1:49389]
17:27:02.172 [Forwarding getElementTagName on session 41c573b1d9731ce61cdb0630738be20a to remote] DEBUG org.asynchttpclient.netty.request.NettyRequestSender - Using pooled Channel '[id: 0xcd8c1551, L:/127.0.0.1:60261 - R:localhost/127.0.0.1:49389]' for 'GET' to 'http://localhost:49389/session/41c573b1d9731ce61cdb0630738be20a/element/771fc746-943f-42c5-9883-9cd92c0ef86f/name'
17:27:02.172 [Forwarding getElementTagName on session 41c573b1d9731ce61cdb0630738be20a to remote] DEBUG org.asynchttpclient.netty.request.NettyRequestSender - Using open Channel [id: 0xcd8c1551, L:/127.0.0.1:60261 - R:localhost/127.0.0.1:49389] for GET '/session/41c573b1d9731ce61cdb0630738be20a/element/771fc746-943f-42c5-9883-9cd92c0ef86f/name'
17:27:02.176 [AsyncHttpClient-1-5] DEBUG org.asynchttpclient.netty.handler.HttpHandler - 

Request DefaultFullHttpRequest(decodeResult: success, version: HTTP/1.1, content: EmptyByteBufBE)
GET /session/41c573b1d9731ce61cdb0630738be20a/element/771fc746-943f-42c5-9883-9cd92c0ef86f/name HTTP/1.1
User-Agent: selenium/4.1.2 (java windows)
Cache-Control: no-cache
Content-Type: application/json; charset=utf-8
host: localhost:49389
accept: */*

Response DefaultHttpResponse(decodeResult: success, version: HTTP/1.1)
HTTP/1.1 200 OK
Content-Type: application/json; charset=utf-8
cache-control: no-cache
content-length: 15

17:27:02.177 [AsyncHttpClient-1-5] DEBUG org.asynchttpclient.netty.channel.ChannelManager - Adding key: http://localhost:49389 for channel [id: 0xcd8c1551, L:/127.0.0.1:60261 - R:localhost/127.0.0.1:49389]
17:27:02.179 [Forwarding findElement on session 41c573b1d9731ce61cdb0630738be20a to remote] DEBUG org.asynchttpclient.netty.request.NettyRequestSender - Using pooled Channel '[id: 0xcd8c1551, L:/127.0.0.1:60261 - R:localhost/127.0.0.1:49389]' for 'POST' to 'http://localhost:49389/session/41c573b1d9731ce61cdb0630738be20a/element'
17:27:02.179 [Forwarding findElement on session 41c573b1d9731ce61cdb0630738be20a to remote] DEBUG org.asynchttpclient.netty.request.NettyRequestSender - Using open Channel [id: 0xcd8c1551, L:/127.0.0.1:60261 - R:localhost/127.0.0.1:49389] for POST '/session/41c573b1d9731ce61cdb0630738be20a/element'
17:27:02.188 [AsyncHttpClient-1-5] DEBUG org.asynchttpclient.netty.handler.HttpHandler - 

Request DefaultHttpRequest(decodeResult: success, version: HTTP/1.1)
POST /session/41c573b1d9731ce61cdb0630738be20a/element HTTP/1.1
User-Agent: selenium/4.1.2 (java windows)
Content-Length: 80
Content-Type: application/json; charset=utf-8
host: localhost:49389
accept: */*

Response DefaultHttpResponse(decodeResult: success, version: HTTP/1.1)
HTTP/1.1 200 OK
Content-Type: application/json; charset=utf-8
cache-control: no-cache
content-length: 88

17:27:02.188 [AsyncHttpClient-1-5] DEBUG org.asynchttpclient.netty.channel.ChannelManager - Adding key: http://localhost:49389 for channel [id: 0xcd8c1551, L:/127.0.0.1:60261 - R:localhost/127.0.0.1:49389]
17:27:02.189 [Forwarding clickElement on session 41c573b1d9731ce61cdb0630738be20a to remote] DEBUG org.asynchttpclient.netty.request.NettyRequestSender - Using pooled Channel '[id: 0xcd8c1551, L:/127.0.0.1:60261 - R:localhost/127.0.0.1:49389]' for 'POST' to 'http://localhost:49389/session/41c573b1d9731ce61cdb0630738be20a/element/771fc746-943f-42c5-9883-9cd92c0ef86f/click'
17:27:02.189 [Forwarding clickElement on session 41c573b1d9731ce61cdb0630738be20a to remote] DEBUG org.asynchttpclient.netty.request.NettyRequestSender - Using open Channel [id: 0xcd8c1551, L:/127.0.0.1:60261 - R:localhost/127.0.0.1:49389] for POST '/session/41c573b1d9731ce61cdb0630738be20a/element/771fc746-943f-42c5-9883-9cd92c0ef86f/click'
17:27:02.430 [AsyncHttpClient-1-5] DEBUG org.asynchttpclient.netty.handler.HttpHandler - 

Request DefaultHttpRequest(decodeResult: success, version: HTTP/1.1)
POST /session/41c573b1d9731ce61cdb0630738be20a/element/771fc746-943f-42c5-9883-9cd92c0ef86f/click HTTP/1.1
User-Agent: selenium/4.1.2 (java windows)
Content-Length: 50
Content-Type: application/json; charset=utf-8
host: localhost:49389
accept: */*

Response DefaultHttpResponse(decodeResult: success, version: HTTP/1.1)
HTTP/1.1 200 OK
Content-Type: application/json; charset=utf-8
cache-control: no-cache
content-length: 14

17:27:02.430 [AsyncHttpClient-1-5] DEBUG org.asynchttpclient.netty.channel.ChannelManager - Adding key: http://localhost:49389 for channel [id: 0xcd8c1551, L:/127.0.0.1:60261 - R:localhost/127.0.0.1:49389]
17:27:02.441 [Forwarding screenshot on session 41c573b1d9731ce61cdb0630738be20a to remote] DEBUG org.asynchttpclient.netty.request.NettyRequestSender - Using pooled Channel '[id: 0xcd8c1551, L:/127.0.0.1:60261 - R:localhost/127.0.0.1:49389]' for 'GET' to 'http://localhost:49389/session/41c573b1d9731ce61cdb0630738be20a/screenshot'
17:27:02.441 [Forwarding screenshot on session 41c573b1d9731ce61cdb0630738be20a to remote] DEBUG org.asynchttpclient.netty.request.NettyRequestSender - Using open Channel [id: 0xcd8c1551, L:/127.0.0.1:60261 - R:localhost/127.0.0.1:49389] for GET '/session/41c573b1d9731ce61cdb0630738be20a/screenshot'
17:27:02.544 [AsyncHttpClient-1-5] DEBUG org.asynchttpclient.netty.handler.HttpHandler - 

Request DefaultFullHttpRequest(decodeResult: success, version: HTTP/1.1, content: EmptyByteBufBE)
GET /session/41c573b1d9731ce61cdb0630738be20a/screenshot HTTP/1.1
User-Agent: selenium/4.1.2 (java windows)
Cache-Control: no-cache
Content-Type: application/json; charset=utf-8
host: localhost:49389
accept: */*

Response DefaultHttpResponse(decodeResult: success, version: HTTP/1.1)
HTTP/1.1 200 OK
Content-Type: application/json; charset=utf-8
cache-control: no-cache
content-length: 55356

17:27:02.544 [AsyncHttpClient-1-5] DEBUG org.asynchttpclient.netty.channel.ChannelManager - Adding key: http://localhost:49389 for channel [id: 0xcd8c1551, L:/127.0.0.1:60261 - R:localhost/127.0.0.1:49389]
17:27:02.549 [main] DEBUG net.serenitybdd.core.photography.Darkroom - Send negative for processing for target\site\serenity\ba5e98368b8b80bc67dec291e300f29f857b0a624580ce977aa7580a9f0871db.png
17:27:02.549 [main] DEBUG net.thucydides.core.steps.StepInterceptor - STEP DONE: clickMenuPatientButton
  &amp#27;[32mAnd &amp#27;[0m&amp#27;[32mI click menu patient&amp#27;[0m                      &amp#27;[90m# starter.stepdefinitions.PatientSteps.iClickMenuPatient()&amp#27;[0m
17:27:02.566 [main] DEBUG net.thucydides.core.steps.StepInterceptor - STARTING STEP: PatientSteps.iClickEditPatientButton - clickEditPatientButton
17:27:02.569 [Forwarding findElement on session 41c573b1d9731ce61cdb0630738be20a to remote] DEBUG org.asynchttpclient.netty.request.NettyRequestSender - Using pooled Channel '[id: 0xcd8c1551, L:/127.0.0.1:60261 - R:localhost/127.0.0.1:49389]' for 'POST' to 'http://localhost:49389/session/41c573b1d9731ce61cdb0630738be20a/element'
17:27:02.569 [Forwarding findElement on session 41c573b1d9731ce61cdb0630738be20a to remote] DEBUG org.asynchttpclient.netty.request.NettyRequestSender - Using open Channel [id: 0xcd8c1551, L:/127.0.0.1:60261 - R:localhost/127.0.0.1:49389] for POST '/session/41c573b1d9731ce61cdb0630738be20a/element'
17:27:02.642 [AsyncHttpClient-1-1] DEBUG org.asynchttpclient.netty.channel.DefaultChannelPool - Entry count for : http://localhost:60262 : 1
17:27:03.743 [AsyncHttpClient-1-1] DEBUG org.asynchttpclient.netty.channel.DefaultChannelPool - Entry count for : http://localhost:60262 : 1
17:27:04.398 [AsyncHttpClient-1-5] DEBUG org.asynchttpclient.netty.handler.HttpHandler - 

Request DefaultHttpRequest(decodeResult: success, version: HTTP/1.1)
POST /session/41c573b1d9731ce61cdb0630738be20a/element HTTP/1.1
User-Agent: selenium/4.1.2 (java windows)
Content-Length: 91
Content-Type: application/json; charset=utf-8
host: localhost:49389
accept: */*

Response DefaultHttpResponse(decodeResult: success, version: HTTP/1.1)
HTTP/1.1 200 OK
Content-Type: application/json; charset=utf-8
cache-control: no-cache
content-length: 88

17:27:04.398 [AsyncHttpClient-1-5] DEBUG org.asynchttpclient.netty.channel.ChannelManager - Adding key: http://localhost:49389 for channel [id: 0xcd8c1551, L:/127.0.0.1:60261 - R:localhost/127.0.0.1:49389]
17:27:04.400 [Forwarding getElementTagName on session 41c573b1d9731ce61cdb0630738be20a to remote] DEBUG org.asynchttpclient.netty.request.NettyRequestSender - Using pooled Channel '[id: 0xcd8c1551, L:/127.0.0.1:60261 - R:localhost/127.0.0.1:49389]' for 'GET' to 'http://localhost:49389/session/41c573b1d9731ce61cdb0630738be20a/element/36c33036-16f8-4c23-8273-845aff0906aa/name'
17:27:04.400 [Forwarding getElementTagName on session 41c573b1d9731ce61cdb0630738be20a to remote] DEBUG org.asynchttpclient.netty.request.NettyRequestSender - Using open Channel [id: 0xcd8c1551, L:/127.0.0.1:60261 - R:localhost/127.0.0.1:49389] for GET '/session/41c573b1d9731ce61cdb0630738be20a/element/36c33036-16f8-4c23-8273-845aff0906aa/name'
17:27:04.435 [AsyncHttpClient-1-5] DEBUG org.asynchttpclient.netty.handler.HttpHandler - 

Request DefaultFullHttpRequest(decodeResult: success, version: HTTP/1.1, content: EmptyByteBufBE)
GET /session/41c573b1d9731ce61cdb0630738be20a/element/36c33036-16f8-4c23-8273-845aff0906aa/name HTTP/1.1
User-Agent: selenium/4.1.2 (java windows)
Cache-Control: no-cache
Content-Type: application/json; charset=utf-8
host: localhost:49389
accept: */*

Response DefaultHttpResponse(decodeResult: success, version: HTTP/1.1)
HTTP/1.1 200 OK
Content-Type: application/json; charset=utf-8
cache-control: no-cache
content-length: 18

17:27:04.435 [AsyncHttpClient-1-5] DEBUG org.asynchttpclient.netty.channel.ChannelManager - Adding key: http://localhost:49389 for channel [id: 0xcd8c1551, L:/127.0.0.1:60261 - R:localhost/127.0.0.1:49389]
17:27:04.437 [Forwarding getElementTagName on session 41c573b1d9731ce61cdb0630738be20a to remote] DEBUG org.asynchttpclient.netty.request.NettyRequestSender - Using pooled Channel '[id: 0xcd8c1551, L:/127.0.0.1:60261 - R:localhost/127.0.0.1:49389]' for 'GET' to 'http://localhost:49389/session/41c573b1d9731ce61cdb0630738be20a/element/36c33036-16f8-4c23-8273-845aff0906aa/name'
17:27:04.437 [Forwarding getElementTagName on session 41c573b1d9731ce61cdb0630738be20a to remote] DEBUG org.asynchttpclient.netty.request.NettyRequestSender - Using open Channel [id: 0xcd8c1551, L:/127.0.0.1:60261 - R:localhost/127.0.0.1:49389] for GET '/session/41c573b1d9731ce61cdb0630738be20a/element/36c33036-16f8-4c23-8273-845aff0906aa/name'
17:27:04.444 [AsyncHttpClient-1-5] DEBUG org.asynchttpclient.netty.handler.HttpHandler - 

Request DefaultFullHttpRequest(decodeResult: success, version: HTTP/1.1, content: EmptyByteBufBE)
GET /session/41c573b1d9731ce61cdb0630738be20a/element/36c33036-16f8-4c23-8273-845aff0906aa/name HTTP/1.1
User-Agent: selenium/4.1.2 (java windows)
Cache-Control: no-cache
Content-Type: application/json; charset=utf-8
host: localhost:49389
accept: */*

Response DefaultHttpResponse(decodeResult: success, version: HTTP/1.1)
HTTP/1.1 200 OK
Content-Type: application/json; charset=utf-8
cache-control: no-cache
content-length: 18

17:27:04.444 [AsyncHttpClient-1-5] DEBUG org.asynchttpclient.netty.channel.ChannelManager - Adding key: http://localhost:49389 for channel [id: 0xcd8c1551, L:/127.0.0.1:60261 - R:localhost/127.0.0.1:49389]
17:27:04.446 [Forwarding isElementEnabled on session 41c573b1d9731ce61cdb0630738be20a to remote] DEBUG org.asynchttpclient.netty.request.NettyRequestSender - Using pooled Channel '[id: 0xcd8c1551, L:/127.0.0.1:60261 - R:localhost/127.0.0.1:49389]' for 'GET' to 'http://localhost:49389/session/41c573b1d9731ce61cdb0630738be20a/element/36c33036-16f8-4c23-8273-845aff0906aa/enabled'
17:27:04.446 [Forwarding isElementEnabled on session 41c573b1d9731ce61cdb0630738be20a to remote] DEBUG org.asynchttpclient.netty.request.NettyRequestSender - Using open Channel [id: 0xcd8c1551, L:/127.0.0.1:60261 - R:localhost/127.0.0.1:49389] for GET '/session/41c573b1d9731ce61cdb0630738be20a/element/36c33036-16f8-4c23-8273-845aff0906aa/enabled'
17:27:04.458 [AsyncHttpClient-1-5] DEBUG org.asynchttpclient.netty.handler.HttpHandler - 

Request DefaultFullHttpRequest(decodeResult: success, version: HTTP/1.1, content: EmptyByteBufBE)
GET /session/41c573b1d9731ce61cdb0630738be20a/element/36c33036-16f8-4c23-8273-845aff0906aa/enabled HTTP/1.1
User-Agent: selenium/4.1.2 (java windows)
Cache-Control: no-cache
Content-Type: application/json; charset=utf-8
host: localhost:49389
accept: */*

Response DefaultHttpResponse(decodeResult: success, version: HTTP/1.1)
HTTP/1.1 200 OK
Content-Type: application/json; charset=utf-8
cache-control: no-cache
content-length: 14

17:27:04.458 [AsyncHttpClient-1-5] DEBUG org.asynchttpclient.netty.channel.ChannelManager - Adding key: http://localhost:49389 for channel [id: 0xcd8c1551, L:/127.0.0.1:60261 - R:localhost/127.0.0.1:49389]
17:27:04.459 [Forwarding isElementEnabled on session 41c573b1d9731ce61cdb0630738be20a to remote] DEBUG org.asynchttpclient.netty.request.NettyRequestSender - Using pooled Channel '[id: 0xcd8c1551, L:/127.0.0.1:60261 - R:localhost/127.0.0.1:49389]' for 'GET' to 'http://localhost:49389/session/41c573b1d9731ce61cdb0630738be20a/element/36c33036-16f8-4c23-8273-845aff0906aa/enabled'
17:27:04.459 [Forwarding isElementEnabled on session 41c573b1d9731ce61cdb0630738be20a to remote] DEBUG org.asynchttpclient.netty.request.NettyRequestSender - Using open Channel [id: 0xcd8c1551, L:/127.0.0.1:60261 - R:localhost/127.0.0.1:49389] for GET '/session/41c573b1d9731ce61cdb0630738be20a/element/36c33036-16f8-4c23-8273-845aff0906aa/enabled'
17:27:04.466 [AsyncHttpClient-1-5] DEBUG org.asynchttpclient.netty.handler.HttpHandler - 

Request DefaultFullHttpRequest(decodeResult: success, version: HTTP/1.1, content: EmptyByteBufBE)
GET /session/41c573b1d9731ce61cdb0630738be20a/element/36c33036-16f8-4c23-8273-845aff0906aa/enabled HTTP/1.1
User-Agent: selenium/4.1.2 (java windows)
Cache-Control: no-cache
Content-Type: application/json; charset=utf-8
host: localhost:49389
accept: */*

Response DefaultHttpResponse(decodeResult: success, version: HTTP/1.1)
HTTP/1.1 200 OK
Content-Type: application/json; charset=utf-8
cache-control: no-cache
content-length: 14

17:27:04.466 [AsyncHttpClient-1-5] DEBUG org.asynchttpclient.netty.channel.ChannelManager - Adding key: http://localhost:49389 for channel [id: 0xcd8c1551, L:/127.0.0.1:60261 - R:localhost/127.0.0.1:49389]
17:27:04.468 [Forwarding findElement on session 41c573b1d9731ce61cdb0630738be20a to remote] DEBUG org.asynchttpclient.netty.request.NettyRequestSender - Using pooled Channel '[id: 0xcd8c1551, L:/127.0.0.1:60261 - R:localhost/127.0.0.1:49389]' for 'POST' to 'http://localhost:49389/session/41c573b1d9731ce61cdb0630738be20a/element'
17:27:04.468 [Forwarding findElement on session 41c573b1d9731ce61cdb0630738be20a to remote] DEBUG org.asynchttpclient.netty.request.NettyRequestSender - Using open Channel [id: 0xcd8c1551, L:/127.0.0.1:60261 - R:localhost/127.0.0.1:49389] for POST '/session/41c573b1d9731ce61cdb0630738be20a/element'
17:27:04.477 [AsyncHttpClient-1-5] DEBUG org.asynchttpclient.netty.handler.HttpHandler - 

Request DefaultHttpRequest(decodeResult: success, version: HTTP/1.1)
POST /session/41c573b1d9731ce61cdb0630738be20a/element HTTP/1.1
User-Agent: selenium/4.1.2 (java windows)
Content-Length: 91
Content-Type: application/json; charset=utf-8
host: localhost:49389
accept: */*

Response DefaultHttpResponse(decodeResult: success, version: HTTP/1.1)
HTTP/1.1 200 OK
Content-Type: application/json; charset=utf-8
cache-control: no-cache
content-length: 88

17:27:04.477 [AsyncHttpClient-1-5] DEBUG org.asynchttpclient.netty.channel.ChannelManager - Adding key: http://localhost:49389 for channel [id: 0xcd8c1551, L:/127.0.0.1:60261 - R:localhost/127.0.0.1:49389]
17:27:04.478 [Forwarding clickElement on session 41c573b1d9731ce61cdb0630738be20a to remote] DEBUG org.asynchttpclient.netty.request.NettyRequestSender - Using pooled Channel '[id: 0xcd8c1551, L:/127.0.0.1:60261 - R:localhost/127.0.0.1:49389]' for 'POST' to 'http://localhost:49389/session/41c573b1d9731ce61cdb0630738be20a/element/36c33036-16f8-4c23-8273-845aff0906aa/click'
17:27:04.478 [Forwarding clickElement on session 41c573b1d9731ce61cdb0630738be20a to remote] DEBUG org.asynchttpclient.netty.request.NettyRequestSender - Using open Channel [id: 0xcd8c1551, L:/127.0.0.1:60261 - R:localhost/127.0.0.1:49389] for POST '/session/41c573b1d9731ce61cdb0630738be20a/element/36c33036-16f8-4c23-8273-845aff0906aa/click'
17:27:04.811 [AsyncHttpClient-1-5] DEBUG org.asynchttpclient.netty.handler.HttpHandler - 

Request DefaultHttpRequest(decodeResult: success, version: HTTP/1.1)
POST /session/41c573b1d9731ce61cdb0630738be20a/element/36c33036-16f8-4c23-8273-845aff0906aa/click HTTP/1.1
User-Agent: selenium/4.1.2 (java windows)
Content-Length: 50
Content-Type: application/json; charset=utf-8
host: localhost:49389
accept: */*

Response DefaultHttpResponse(decodeResult: success, version: HTTP/1.1)
HTTP/1.1 200 OK
Content-Type: application/json; charset=utf-8
cache-control: no-cache
content-length: 14

17:27:04.811 [AsyncHttpClient-1-5] DEBUG org.asynchttpclient.netty.channel.ChannelManager - Adding key: http://localhost:49389 for channel [id: 0xcd8c1551, L:/127.0.0.1:60261 - R:localhost/127.0.0.1:49389]
17:27:04.827 [Forwarding screenshot on session 41c573b1d9731ce61cdb0630738be20a to remote] DEBUG org.asynchttpclient.netty.request.NettyRequestSender - Using pooled Channel '[id: 0xcd8c1551, L:/127.0.0.1:60261 - R:localhost/127.0.0.1:49389]' for 'GET' to 'http://localhost:49389/session/41c573b1d9731ce61cdb0630738be20a/screenshot'
17:27:04.827 [Forwarding screenshot on session 41c573b1d9731ce61cdb0630738be20a to remote] DEBUG org.asynchttpclient.netty.request.NettyRequestSender - Using open Channel [id: 0xcd8c1551, L:/127.0.0.1:60261 - R:localhost/127.0.0.1:49389] for GET '/session/41c573b1d9731ce61cdb0630738be20a/screenshot'
17:27:04.842 [AsyncHttpClient-1-1] DEBUG org.asynchttpclient.netty.channel.DefaultChannelPool - Entry count for : http://localhost:60262 : 1
17:27:04.984 [AsyncHttpClient-1-5] DEBUG org.asynchttpclient.netty.handler.HttpHandler - 

Request DefaultFullHttpRequest(decodeResult: success, version: HTTP/1.1, content: EmptyByteBufBE)
GET /session/41c573b1d9731ce61cdb0630738be20a/screenshot HTTP/1.1
User-Agent: selenium/4.1.2 (java windows)
Cache-Control: no-cache
Content-Type: application/json; charset=utf-8
host: localhost:49389
accept: */*

Response DefaultHttpResponse(decodeResult: success, version: HTTP/1.1)
HTTP/1.1 200 OK
Content-Type: application/json; charset=utf-8
cache-control: no-cache
content-length: 101840

17:27:04.985 [AsyncHttpClient-1-5] DEBUG org.asynchttpclient.netty.channel.ChannelManager - Adding key: http://localhost:49389 for channel [id: 0xcd8c1551, L:/127.0.0.1:60261 - R:localhost/127.0.0.1:49389]
17:27:04.990 [main] DEBUG net.serenitybdd.core.photography.Darkroom - Send negative for processing for target\site\serenity\be877209aa13a4e4ab1b70e8de7555b8d0a685e78b88d7371dcb7ac52b7c84aa.png
17:27:04.991 [main] DEBUG net.thucydides.core.steps.StepInterceptor - STEP DONE: clickEditPatientButton
  &amp#27;[32mWhen &amp#27;[0m&amp#27;[32mI click Edit Patient button&amp#27;[0m              &amp#27;[90m# starter.stepdefinitions.PatientSteps.iClickEditPatientButton()&amp#27;[0m
17:27:04.991 [Darkroom Processing Line] DEBUG net.serenitybdd.core.photography.DarkroomProcessingLine - Processing screenshot image in /var/screenshots/screenshot-9684561852977756965
17:27:04.991 [Darkroom Processing Line] DEBUG net.serenitybdd.core.photography.DarkroomProcessingLine - Saving screenshot to target\site\serenity\be877209aa13a4e4ab1b70e8de7555b8d0a685e78b88d7371dcb7ac52b7c84aa.png
17:27:05.017 [main] DEBUG net.thucydides.core.steps.StepInterceptor - STARTING STEP: PatientSteps.iChangePatientData - clickBlodeTypeDropdown
17:27:05.022 [Forwarding findElement on session 41c573b1d9731ce61cdb0630738be20a to remote] DEBUG org.asynchttpclient.netty.request.NettyRequestSender - Using pooled Channel '[id: 0xcd8c1551, L:/127.0.0.1:60261 - R:localhost/127.0.0.1:49389]' for 'POST' to 'http://localhost:49389/session/41c573b1d9731ce61cdb0630738be20a/element'
17:27:05.022 [Forwarding findElement on session 41c573b1d9731ce61cdb0630738be20a to remote] DEBUG org.asynchttpclient.netty.request.NettyRequestSender - Using open Channel [id: 0xcd8c1551, L:/127.0.0.1:60261 - R:localhost/127.0.0.1:49389] for POST '/session/41c573b1d9731ce61cdb0630738be20a/element'
17:27:05.039 [AsyncHttpClient-1-5] DEBUG org.asynchttpclient.netty.handler.HttpHandler - 

Request DefaultHttpRequest(decodeResult: success, version: HTTP/1.1)
POST /session/41c573b1d9731ce61cdb0630738be20a/element HTTP/1.1
User-Agent: selenium/4.1.2 (java windows)
Content-Length: 82
Content-Type: application/json; charset=utf-8
host: localhost:49389
accept: */*

Response DefaultHttpResponse(decodeResult: success, version: HTTP/1.1)
HTTP/1.1 200 OK
Content-Type: application/json; charset=utf-8
cache-control: no-cache
content-length: 88

17:27:05.039 [AsyncHttpClient-1-5] DEBUG org.asynchttpclient.netty.channel.ChannelManager - Adding key: http://localhost:49389 for channel [id: 0xcd8c1551, L:/127.0.0.1:60261 - R:localhost/127.0.0.1:49389]
17:27:05.044 [Forwarding getElementTagName on session 41c573b1d9731ce61cdb0630738be20a to remote] DEBUG org.asynchttpclient.netty.request.NettyRequestSender - Using pooled Channel '[id: 0xcd8c1551, L:/127.0.0.1:60261 - R:localhost/127.0.0.1:49389]' for 'GET' to 'http://localhost:49389/session/41c573b1d9731ce61cdb0630738be20a/element/c350a123-af43-414a-a256-95eef3e8647d/name'
17:27:05.044 [Forwarding getElementTagName on session 41c573b1d9731ce61cdb0630738be20a to remote] DEBUG org.asynchttpclient.netty.request.NettyRequestSender - Using open Channel [id: 0xcd8c1551, L:/127.0.0.1:60261 - R:localhost/127.0.0.1:49389] for GET '/session/41c573b1d9731ce61cdb0630738be20a/element/c350a123-af43-414a-a256-95eef3e8647d/name'
17:27:05.051 [AsyncHttpClient-1-5] DEBUG org.asynchttpclient.netty.handler.HttpHandler - 

Request DefaultFullHttpRequest(decodeResult: success, version: HTTP/1.1, content: EmptyByteBufBE)
GET /session/41c573b1d9731ce61cdb0630738be20a/element/c350a123-af43-414a-a256-95eef3e8647d/name HTTP/1.1
User-Agent: selenium/4.1.2 (java windows)
Cache-Control: no-cache
Content-Type: application/json; charset=utf-8
host: localhost:49389
accept: */*

Response DefaultHttpResponse(decodeResult: success, version: HTTP/1.1)
HTTP/1.1 200 OK
Content-Type: application/json; charset=utf-8
cache-control: no-cache
content-length: 15

17:27:05.051 [AsyncHttpClient-1-5] DEBUG org.asynchttpclient.netty.channel.ChannelManager - Adding key: http://localhost:49389 for channel [id: 0xcd8c1551, L:/127.0.0.1:60261 - R:localhost/127.0.0.1:49389]
17:27:05.052 [Forwarding getElementTagName on session 41c573b1d9731ce61cdb0630738be20a to remote] DEBUG org.asynchttpclient.netty.request.NettyRequestSender - Using pooled Channel '[id: 0xcd8c1551, L:/127.0.0.1:60261 - R:localhost/127.0.0.1:49389]' for 'GET' to 'http://localhost:49389/session/41c573b1d9731ce61cdb0630738be20a/element/c350a123-af43-414a-a256-95eef3e8647d/name'
17:27:05.052 [Forwarding getElementTagName on session 41c573b1d9731ce61cdb0630738be20a to remote] DEBUG org.asynchttpclient.netty.request.NettyRequestSender - Using open Channel [id: 0xcd8c1551, L:/127.0.0.1:60261 - R:localhost/127.0.0.1:49389] for GET '/session/41c573b1d9731ce61cdb0630738be20a/element/c350a123-af43-414a-a256-95eef3e8647d/name'
17:27:05.062 [AsyncHttpClient-1-5] DEBUG org.asynchttpclient.netty.handler.HttpHandler - 

Request DefaultFullHttpRequest(decodeResult: success, version: HTTP/1.1, content: EmptyByteBufBE)
GET /session/41c573b1d9731ce61cdb0630738be20a/element/c350a123-af43-414a-a256-95eef3e8647d/name HTTP/1.1
User-Agent: selenium/4.1.2 (java windows)
Cache-Control: no-cache
Content-Type: application/json; charset=utf-8
host: localhost:49389
accept: */*

Response DefaultHttpResponse(decodeResult: success, version: HTTP/1.1)
HTTP/1.1 200 OK
Content-Type: application/json; charset=utf-8
cache-control: no-cache
content-length: 15

17:27:05.062 [AsyncHttpClient-1-5] DEBUG org.asynchttpclient.netty.channel.ChannelManager - Adding key: http://localhost:49389 for channel [id: 0xcd8c1551, L:/127.0.0.1:60261 - R:localhost/127.0.0.1:49389]
17:27:05.065 [Forwarding findElement on session 41c573b1d9731ce61cdb0630738be20a to remote] DEBUG org.asynchttpclient.netty.request.NettyRequestSender - Using pooled Channel '[id: 0xcd8c1551, L:/127.0.0.1:60261 - R:localhost/127.0.0.1:49389]' for 'POST' to 'http://localhost:49389/session/41c573b1d9731ce61cdb0630738be20a/element'
17:27:05.065 [Forwarding findElement on session 41c573b1d9731ce61cdb0630738be20a to remote] DEBUG org.asynchttpclient.netty.request.NettyRequestSender - Using open Channel [id: 0xcd8c1551, L:/127.0.0.1:60261 - R:localhost/127.0.0.1:49389] for POST '/session/41c573b1d9731ce61cdb0630738be20a/element'
17:27:05.084 [AsyncHttpClient-1-5] DEBUG org.asynchttpclient.netty.handler.HttpHandler - 

Request DefaultHttpRequest(decodeResult: success, version: HTTP/1.1)
POST /session/41c573b1d9731ce61cdb0630738be20a/element HTTP/1.1
User-Agent: selenium/4.1.2 (java windows)
Content-Length: 82
Content-Type: application/json; charset=utf-8
host: localhost:49389
accept: */*

Response DefaultHttpResponse(decodeResult: success, version: HTTP/1.1)
HTTP/1.1 200 OK
Content-Type: application/json; charset=utf-8
cache-control: no-cache
content-length: 88

17:27:05.084 [AsyncHttpClient-1-5] DEBUG org.asynchttpclient.netty.channel.ChannelManager - Adding key: http://localhost:49389 for channel [id: 0xcd8c1551, L:/127.0.0.1:60261 - R:localhost/127.0.0.1:49389]
17:27:05.089 [Forwarding clickElement on session 41c573b1d9731ce61cdb0630738be20a to remote] DEBUG org.asynchttpclient.netty.request.NettyRequestSender - Using pooled Channel '[id: 0xcd8c1551, L:/127.0.0.1:60261 - R:localhost/127.0.0.1:49389]' for 'POST' to 'http://localhost:49389/session/41c573b1d9731ce61cdb0630738be20a/element/c350a123-af43-414a-a256-95eef3e8647d/click'
17:27:05.089 [Forwarding clickElement on session 41c573b1d9731ce61cdb0630738be20a to remote] DEBUG org.asynchttpclient.netty.request.NettyRequestSender - Using open Channel [id: 0xcd8c1551, L:/127.0.0.1:60261 - R:localhost/127.0.0.1:49389] for POST '/session/41c573b1d9731ce61cdb0630738be20a/element/c350a123-af43-414a-a256-95eef3e8647d/click'
17:27:05.218 [AsyncHttpClient-1-5] DEBUG org.asynchttpclient.netty.handler.HttpHandler - 

Request DefaultHttpRequest(decodeResult: success, version: HTTP/1.1)
POST /session/41c573b1d9731ce61cdb0630738be20a/element/c350a123-af43-414a-a256-95eef3e8647d/click HTTP/1.1
User-Agent: selenium/4.1.2 (java windows)
Content-Length: 50
Content-Type: application/json; charset=utf-8
host: localhost:49389
accept: */*

Response DefaultHttpResponse(decodeResult: success, version: HTTP/1.1)
HTTP/1.1 200 OK
Content-Type: application/json; charset=utf-8
cache-control: no-cache
content-length: 14

17:27:05.218 [AsyncHttpClient-1-5] DEBUG org.asynchttpclient.netty.channel.ChannelManager - Adding key: http://localhost:49389 for channel [id: 0xcd8c1551, L:/127.0.0.1:60261 - R:localhost/127.0.0.1:49389]
17:27:05.228 [Forwarding screenshot on session 41c573b1d9731ce61cdb0630738be20a to remote] DEBUG org.asynchttpclient.netty.request.NettyRequestSender - Using pooled Channel '[id: 0xcd8c1551, L:/127.0.0.1:60261 - R:localhost/127.0.0.1:49389]' for 'GET' to 'http://localhost:49389/session/41c573b1d9731ce61cdb0630738be20a/screenshot'
17:27:05.228 [Forwarding screenshot on session 41c573b1d9731ce61cdb0630738be20a to remote] DEBUG org.asynchttpclient.netty.request.NettyRequestSender - Using open Channel [id: 0xcd8c1551, L:/127.0.0.1:60261 - R:localhost/127.0.0.1:49389] for GET '/session/41c573b1d9731ce61cdb0630738be20a/screenshot'
17:27:05.403 [AsyncHttpClient-1-5] DEBUG org.asynchttpclient.netty.handler.HttpHandler - 

Request DefaultFullHttpRequest(decodeResult: success, version: HTTP/1.1, content: EmptyByteBufBE)
GET /session/41c573b1d9731ce61cdb0630738be20a/screenshot HTTP/1.1
User-Agent: selenium/4.1.2 (java windows)
Cache-Control: no-cache
Content-Type: application/json; charset=utf-8
host: localhost:49389
accept: */*

Response DefaultHttpResponse(decodeResult: success, version: HTTP/1.1)
HTTP/1.1 200 OK
Content-Type: application/json; charset=utf-8
cache-control: no-cache
content-length: 82756

17:27:05.404 [AsyncHttpClient-1-5] DEBUG org.asynchttpclient.netty.channel.ChannelManager - Adding key: http://localhost:49389 for channel [id: 0xcd8c1551, L:/127.0.0.1:60261 - R:localhost/127.0.0.1:49389]
17:27:05.408 [main] DEBUG net.serenitybdd.core.photography.Darkroom - Send negative for processing for target\site\serenity\e70e6a770c837b64b084e186d46b79fe081b6d59391b2cbe136a0c77c3706799.png
17:27:05.408 [main] DEBUG net.thucydides.core.steps.StepInterceptor - STEP DONE: clickBlodeTypeDropdown
17:27:05.408 [Darkroom Processing Line] DEBUG net.serenitybdd.core.photography.DarkroomProcessingLine - Processing screenshot image in /var/screenshots/screenshot-17725641341943243558
17:27:05.408 [Darkroom Processing Line] DEBUG net.serenitybdd.core.photography.DarkroomProcessingLine - Saving screenshot to target\site\serenity\e70e6a770c837b64b084e186d46b79fe081b6d59391b2cbe136a0c77c3706799.png
17:27:05.419 [main] DEBUG net.thucydides.core.steps.StepInterceptor - STARTING STEP: PatientSteps.iChangePatientData - clickBlodeTypeOption
17:27:05.422 [Forwarding findElement on session 41c573b1d9731ce61cdb0630738be20a to remote] DEBUG org.asynchttpclient.netty.request.NettyRequestSender - Using pooled Channel '[id: 0xcd8c1551, L:/127.0.0.1:60261 - R:localhost/127.0.0.1:49389]' for 'POST' to 'http://localhost:49389/session/41c573b1d9731ce61cdb0630738be20a/element'
17:27:05.422 [Forwarding findElement on session 41c573b1d9731ce61cdb0630738be20a to remote] DEBUG org.asynchttpclient.netty.request.NettyRequestSender - Using open Channel [id: 0xcd8c1551, L:/127.0.0.1:60261 - R:localhost/127.0.0.1:49389] for POST '/session/41c573b1d9731ce61cdb0630738be20a/element'
17:27:05.442 [AsyncHttpClient-1-5] DEBUG org.asynchttpclient.netty.handler.HttpHandler - 

Request DefaultHttpRequest(decodeResult: success, version: HTTP/1.1)
POST /session/41c573b1d9731ce61cdb0630738be20a/element HTTP/1.1
User-Agent: selenium/4.1.2 (java windows)
Content-Length: 119
Content-Type: application/json; charset=utf-8
host: localhost:49389
accept: */*

Response DefaultHttpResponse(decodeResult: success, version: HTTP/1.1)
HTTP/1.1 200 OK
Content-Type: application/json; charset=utf-8
cache-control: no-cache
content-length: 88

17:27:05.442 [AsyncHttpClient-1-5] DEBUG org.asynchttpclient.netty.channel.ChannelManager - Adding key: http://localhost:49389 for channel [id: 0xcd8c1551, L:/127.0.0.1:60261 - R:localhost/127.0.0.1:49389]
17:27:05.444 [Forwarding getElementTagName on session 41c573b1d9731ce61cdb0630738be20a to remote] DEBUG org.asynchttpclient.netty.request.NettyRequestSender - Using pooled Channel '[id: 0xcd8c1551, L:/127.0.0.1:60261 - R:localhost/127.0.0.1:49389]' for 'GET' to 'http://localhost:49389/session/41c573b1d9731ce61cdb0630738be20a/element/3848377e-3bc8-4cc5-a578-b1f5bc6a3259/name'
17:27:05.444 [Forwarding getElementTagName on session 41c573b1d9731ce61cdb0630738be20a to remote] DEBUG org.asynchttpclient.netty.request.NettyRequestSender - Using open Channel [id: 0xcd8c1551, L:/127.0.0.1:60261 - R:localhost/127.0.0.1:49389] for GET '/session/41c573b1d9731ce61cdb0630738be20a/element/3848377e-3bc8-4cc5-a578-b1f5bc6a3259/name'
17:27:05.455 [AsyncHttpClient-1-5] DEBUG org.asynchttpclient.netty.handler.HttpHandler - 

Request DefaultFullHttpRequest(decodeResult: success, version: HTTP/1.1, content: EmptyByteBufBE)
GET /session/41c573b1d9731ce61cdb0630738be20a/element/3848377e-3bc8-4cc5-a578-b1f5bc6a3259/name HTTP/1.1
User-Agent: selenium/4.1.2 (java windows)
Cache-Control: no-cache
Content-Type: application/json; charset=utf-8
host: localhost:49389
accept: */*

Response DefaultHttpResponse(decodeResult: success, version: HTTP/1.1)
HTTP/1.1 200 OK
Content-Type: application/json; charset=utf-8
cache-control: no-cache
content-length: 14

17:27:05.456 [AsyncHttpClient-1-5] DEBUG org.asynchttpclient.netty.channel.ChannelManager - Adding key: http://localhost:49389 for channel [id: 0xcd8c1551, L:/127.0.0.1:60261 - R:localhost/127.0.0.1:49389]
17:27:05.457 [Forwarding getElementTagName on session 41c573b1d9731ce61cdb0630738be20a to remote] DEBUG org.asynchttpclient.netty.request.NettyRequestSender - Using pooled Channel '[id: 0xcd8c1551, L:/127.0.0.1:60261 - R:localhost/127.0.0.1:49389]' for 'GET' to 'http://localhost:49389/session/41c573b1d9731ce61cdb0630738be20a/element/3848377e-3bc8-4cc5-a578-b1f5bc6a3259/name'
17:27:05.457 [Forwarding getElementTagName on session 41c573b1d9731ce61cdb0630738be20a to remote] DEBUG org.asynchttpclient.netty.request.NettyRequestSender - Using open Channel [id: 0xcd8c1551, L:/127.0.0.1:60261 - R:localhost/127.0.0.1:49389] for GET '/session/41c573b1d9731ce61cdb0630738be20a/element/3848377e-3bc8-4cc5-a578-b1f5bc6a3259/name'
17:27:05.463 [AsyncHttpClient-1-5] DEBUG org.asynchttpclient.netty.handler.HttpHandler - 

Request DefaultFullHttpRequest(decodeResult: success, version: HTTP/1.1, content: EmptyByteBufBE)
GET /session/41c573b1d9731ce61cdb0630738be20a/element/3848377e-3bc8-4cc5-a578-b1f5bc6a3259/name HTTP/1.1
User-Agent: selenium/4.1.2 (java windows)
Cache-Control: no-cache
Content-Type: application/json; charset=utf-8
host: localhost:49389
accept: */*

Response DefaultHttpResponse(decodeResult: success, version: HTTP/1.1)
HTTP/1.1 200 OK
Content-Type: application/json; charset=utf-8
cache-control: no-cache
content-length: 14

17:27:05.464 [AsyncHttpClient-1-5] DEBUG org.asynchttpclient.netty.channel.ChannelManager - Adding key: http://localhost:49389 for channel [id: 0xcd8c1551, L:/127.0.0.1:60261 - R:localhost/127.0.0.1:49389]
17:27:05.466 [Forwarding findElement on session 41c573b1d9731ce61cdb0630738be20a to remote] DEBUG org.asynchttpclient.netty.request.NettyRequestSender - Using pooled Channel '[id: 0xcd8c1551, L:/127.0.0.1:60261 - R:localhost/127.0.0.1:49389]' for 'POST' to 'http://localhost:49389/session/41c573b1d9731ce61cdb0630738be20a/element'
17:27:05.466 [Forwarding findElement on session 41c573b1d9731ce61cdb0630738be20a to remote] DEBUG org.asynchttpclient.netty.request.NettyRequestSender - Using open Channel [id: 0xcd8c1551, L:/127.0.0.1:60261 - R:localhost/127.0.0.1:49389] for POST '/session/41c573b1d9731ce61cdb0630738be20a/element'
17:27:05.475 [AsyncHttpClient-1-5] DEBUG org.asynchttpclient.netty.handler.HttpHandler - 

Request DefaultHttpRequest(decodeResult: success, version: HTTP/1.1)
POST /session/41c573b1d9731ce61cdb0630738be20a/element HTTP/1.1
User-Agent: selenium/4.1.2 (java windows)
Content-Length: 119
Content-Type: application/json; charset=utf-8
host: localhost:49389
accept: */*

Response DefaultHttpResponse(decodeResult: success, version: HTTP/1.1)
HTTP/1.1 200 OK
Content-Type: application/json; charset=utf-8
cache-control: no-cache
content-length: 88

17:27:05.475 [AsyncHttpClient-1-5] DEBUG org.asynchttpclient.netty.channel.ChannelManager - Adding key: http://localhost:49389 for channel [id: 0xcd8c1551, L:/127.0.0.1:60261 - R:localhost/127.0.0.1:49389]
17:27:05.477 [Forwarding clickElement on session 41c573b1d9731ce61cdb0630738be20a to remote] DEBUG org.asynchttpclient.netty.request.NettyRequestSender - Using pooled Channel '[id: 0xcd8c1551, L:/127.0.0.1:60261 - R:localhost/127.0.0.1:49389]' for 'POST' to 'http://localhost:49389/session/41c573b1d9731ce61cdb0630738be20a/element/3848377e-3bc8-4cc5-a578-b1f5bc6a3259/click'
17:27:05.477 [Forwarding clickElement on session 41c573b1d9731ce61cdb0630738be20a to remote] DEBUG org.asynchttpclient.netty.request.NettyRequestSender - Using open Channel [id: 0xcd8c1551, L:/127.0.0.1:60261 - R:localhost/127.0.0.1:49389] for POST '/session/41c573b1d9731ce61cdb0630738be20a/element/3848377e-3bc8-4cc5-a578-b1f5bc6a3259/click'
17:27:05.554 [AsyncHttpClient-1-5] DEBUG org.asynchttpclient.netty.handler.HttpHandler - 

Request DefaultHttpRequest(decodeResult: success, version: HTTP/1.1)
POST /session/41c573b1d9731ce61cdb0630738be20a/element/3848377e-3bc8-4cc5-a578-b1f5bc6a3259/click HTTP/1.1
User-Agent: selenium/4.1.2 (java windows)
Content-Length: 50
Content-Type: application/json; charset=utf-8
host: localhost:49389
accept: */*

Response DefaultHttpResponse(decodeResult: success, version: HTTP/1.1)
HTTP/1.1 200 OK
Content-Type: application/json; charset=utf-8
cache-control: no-cache
content-length: 14

17:27:05.554 [AsyncHttpClient-1-5] DEBUG org.asynchttpclient.netty.channel.ChannelManager - Adding key: http://localhost:49389 for channel [id: 0xcd8c1551, L:/127.0.0.1:60261 - R:localhost/127.0.0.1:49389]
17:27:05.562 [Forwarding screenshot on session 41c573b1d9731ce61cdb0630738be20a to remote] DEBUG org.asynchttpclient.netty.request.NettyRequestSender - Using pooled Channel '[id: 0xcd8c1551, L:/127.0.0.1:60261 - R:localhost/127.0.0.1:49389]' for 'GET' to 'http://localhost:49389/session/41c573b1d9731ce61cdb0630738be20a/screenshot'
17:27:05.562 [Forwarding screenshot on session 41c573b1d9731ce61cdb0630738be20a to remote] DEBUG org.asynchttpclient.netty.request.NettyRequestSender - Using open Channel [id: 0xcd8c1551, L:/127.0.0.1:60261 - R:localhost/127.0.0.1:49389] for GET '/session/41c573b1d9731ce61cdb0630738be20a/screenshot'
17:27:05.698 [AsyncHttpClient-1-5] DEBUG org.asynchttpclient.netty.handler.HttpHandler - 

Request DefaultFullHttpRequest(decodeResult: success, version: HTTP/1.1, content: EmptyByteBufBE)
GET /session/41c573b1d9731ce61cdb0630738be20a/screenshot HTTP/1.1
User-Agent: selenium/4.1.2 (java windows)
Cache-Control: no-cache
Content-Type: application/json; charset=utf-8
host: localhost:49389
accept: */*

Response DefaultHttpResponse(decodeResult: success, version: HTTP/1.1)
HTTP/1.1 200 OK
Content-Type: application/json; charset=utf-8
cache-control: no-cache
content-length: 83172

17:27:05.699 [AsyncHttpClient-1-5] DEBUG org.asynchttpclient.netty.channel.ChannelManager - Adding key: http://localhost:49389 for channel [id: 0xcd8c1551, L:/127.0.0.1:60261 - R:localhost/127.0.0.1:49389]
17:27:05.704 [main] DEBUG net.serenitybdd.core.photography.Darkroom - Send negative for processing for target\site\serenity\c7f6935a520947c50a41bf17dfec7d5ae8a9286ddfa23bcd50a4591805d6f520.png
17:27:05.704 [main] DEBUG net.thucydides.core.steps.StepInterceptor - STEP DONE: clickBlodeTypeOption
17:27:05.704 [Darkroom Processing Line] DEBUG net.serenitybdd.core.photography.DarkroomProcessingLine - Processing screenshot image in /var/screenshots/screenshot-2346474711043198893
17:27:05.704 [Darkroom Processing Line] DEBUG net.serenitybdd.core.photography.DarkroomProcessingLine - Saving screenshot to target\site\serenity\c7f6935a520947c50a41bf17dfec7d5ae8a9286ddfa23bcd50a4591805d6f520.png
17:27:05.713 [main] DEBUG net.thucydides.core.steps.StepInterceptor - STARTING STEP: PatientSteps.iChangePatientData - clickSubmitButton
17:27:05.717 [Forwarding findElement on session 41c573b1d9731ce61cdb0630738be20a to remote] DEBUG org.asynchttpclient.netty.request.NettyRequestSender - Using pooled Channel '[id: 0xcd8c1551, L:/127.0.0.1:60261 - R:localhost/127.0.0.1:49389]' for 'POST' to 'http://localhost:49389/session/41c573b1d9731ce61cdb0630738be20a/element'
17:27:05.717 [Forwarding findElement on session 41c573b1d9731ce61cdb0630738be20a to remote] DEBUG org.asynchttpclient.netty.request.NettyRequestSender - Using open Channel [id: 0xcd8c1551, L:/127.0.0.1:60261 - R:localhost/127.0.0.1:49389] for POST '/session/41c573b1d9731ce61cdb0630738be20a/element'
17:27:05.732 [AsyncHttpClient-1-5] DEBUG org.asynchttpclient.netty.handler.HttpHandler - 

Request DefaultHttpRequest(decodeResult: success, version: HTTP/1.1)
POST /session/41c573b1d9731ce61cdb0630738be20a/element HTTP/1.1
User-Agent: selenium/4.1.2 (java windows)
Content-Length: 116
Content-Type: application/json; charset=utf-8
host: localhost:49389
accept: */*

Response DefaultHttpResponse(decodeResult: success, version: HTTP/1.1)
HTTP/1.1 200 OK
Content-Type: application/json; charset=utf-8
cache-control: no-cache
content-length: 88

17:27:05.732 [AsyncHttpClient-1-5] DEBUG org.asynchttpclient.netty.channel.ChannelManager - Adding key: http://localhost:49389 for channel [id: 0xcd8c1551, L:/127.0.0.1:60261 - R:localhost/127.0.0.1:49389]
17:27:05.734 [Forwarding getElementTagName on session 41c573b1d9731ce61cdb0630738be20a to remote] DEBUG org.asynchttpclient.netty.request.NettyRequestSender - Using pooled Channel '[id: 0xcd8c1551, L:/127.0.0.1:60261 - R:localhost/127.0.0.1:49389]' for 'GET' to 'http://localhost:49389/session/41c573b1d9731ce61cdb0630738be20a/element/1d44c9ca-f665-4adb-9c04-79305257ae9c/name'
17:27:05.734 [Forwarding getElementTagName on session 41c573b1d9731ce61cdb0630738be20a to remote] DEBUG org.asynchttpclient.netty.request.NettyRequestSender - Using open Channel [id: 0xcd8c1551, L:/127.0.0.1:60261 - R:localhost/127.0.0.1:49389] for GET '/session/41c573b1d9731ce61cdb0630738be20a/element/1d44c9ca-f665-4adb-9c04-79305257ae9c/name'
17:27:05.740 [AsyncHttpClient-1-5] DEBUG org.asynchttpclient.netty.handler.HttpHandler - 

Request DefaultFullHttpRequest(decodeResult: success, version: HTTP/1.1, content: EmptyByteBufBE)
GET /session/41c573b1d9731ce61cdb0630738be20a/element/1d44c9ca-f665-4adb-9c04-79305257ae9c/name HTTP/1.1
User-Agent: selenium/4.1.2 (java windows)
Cache-Control: no-cache
Content-Type: application/json; charset=utf-8
host: localhost:49389
accept: */*

Response DefaultHttpResponse(decodeResult: success, version: HTTP/1.1)
HTTP/1.1 200 OK
Content-Type: application/json; charset=utf-8
cache-control: no-cache
content-length: 18

17:27:05.740 [AsyncHttpClient-1-5] DEBUG org.asynchttpclient.netty.channel.ChannelManager - Adding key: http://localhost:49389 for channel [id: 0xcd8c1551, L:/127.0.0.1:60261 - R:localhost/127.0.0.1:49389]
17:27:05.741 [Forwarding getElementTagName on session 41c573b1d9731ce61cdb0630738be20a to remote] DEBUG org.asynchttpclient.netty.request.NettyRequestSender - Using pooled Channel '[id: 0xcd8c1551, L:/127.0.0.1:60261 - R:localhost/127.0.0.1:49389]' for 'GET' to 'http://localhost:49389/session/41c573b1d9731ce61cdb0630738be20a/element/1d44c9ca-f665-4adb-9c04-79305257ae9c/name'
17:27:05.741 [Forwarding getElementTagName on session 41c573b1d9731ce61cdb0630738be20a to remote] DEBUG org.asynchttpclient.netty.request.NettyRequestSender - Using open Channel [id: 0xcd8c1551, L:/127.0.0.1:60261 - R:localhost/127.0.0.1:49389] for GET '/session/41c573b1d9731ce61cdb0630738be20a/element/1d44c9ca-f665-4adb-9c04-79305257ae9c/name'
17:27:05.748 [AsyncHttpClient-1-5] DEBUG org.asynchttpclient.netty.handler.HttpHandler - 

Request DefaultFullHttpRequest(decodeResult: success, version: HTTP/1.1, content: EmptyByteBufBE)
GET /session/41c573b1d9731ce61cdb0630738be20a/element/1d44c9ca-f665-4adb-9c04-79305257ae9c/name HTTP/1.1
User-Agent: selenium/4.1.2 (java windows)
Cache-Control: no-cache
Content-Type: application/json; charset=utf-8
host: localhost:49389
accept: */*

Response DefaultHttpResponse(decodeResult: success, version: HTTP/1.1)
HTTP/1.1 200 OK
Content-Type: application/json; charset=utf-8
cache-control: no-cache
content-length: 18

17:27:05.748 [AsyncHttpClient-1-5] DEBUG org.asynchttpclient.netty.channel.ChannelManager - Adding key: http://localhost:49389 for channel [id: 0xcd8c1551, L:/127.0.0.1:60261 - R:localhost/127.0.0.1:49389]
17:27:05.750 [Forwarding isElementEnabled on session 41c573b1d9731ce61cdb0630738be20a to remote] DEBUG org.asynchttpclient.netty.request.NettyRequestSender - Using pooled Channel '[id: 0xcd8c1551, L:/127.0.0.1:60261 - R:localhost/127.0.0.1:49389]' for 'GET' to 'http://localhost:49389/session/41c573b1d9731ce61cdb0630738be20a/element/1d44c9ca-f665-4adb-9c04-79305257ae9c/enabled'
17:27:05.750 [Forwarding isElementEnabled on session 41c573b1d9731ce61cdb0630738be20a to remote] DEBUG org.asynchttpclient.netty.request.NettyRequestSender - Using open Channel [id: 0xcd8c1551, L:/127.0.0.1:60261 - R:localhost/127.0.0.1:49389] for GET '/session/41c573b1d9731ce61cdb0630738be20a/element/1d44c9ca-f665-4adb-9c04-79305257ae9c/enabled'
17:27:05.761 [AsyncHttpClient-1-5] DEBUG org.asynchttpclient.netty.handler.HttpHandler - 

Request DefaultFullHttpRequest(decodeResult: success, version: HTTP/1.1, content: EmptyByteBufBE)
GET /session/41c573b1d9731ce61cdb0630738be20a/element/1d44c9ca-f665-4adb-9c04-79305257ae9c/enabled HTTP/1.1
User-Agent: selenium/4.1.2 (java windows)
Cache-Control: no-cache
Content-Type: application/json; charset=utf-8
host: localhost:49389
accept: */*

Response DefaultHttpResponse(decodeResult: success, version: HTTP/1.1)
HTTP/1.1 200 OK
Content-Type: application/json; charset=utf-8
cache-control: no-cache
content-length: 14

17:27:05.761 [AsyncHttpClient-1-5] DEBUG org.asynchttpclient.netty.channel.ChannelManager - Adding key: http://localhost:49389 for channel [id: 0xcd8c1551, L:/127.0.0.1:60261 - R:localhost/127.0.0.1:49389]
17:27:05.763 [Forwarding isElementEnabled on session 41c573b1d9731ce61cdb0630738be20a to remote] DEBUG org.asynchttpclient.netty.request.NettyRequestSender - Using pooled Channel '[id: 0xcd8c1551, L:/127.0.0.1:60261 - R:localhost/127.0.0.1:49389]' for 'GET' to 'http://localhost:49389/session/41c573b1d9731ce61cdb0630738be20a/element/1d44c9ca-f665-4adb-9c04-79305257ae9c/enabled'
17:27:05.763 [Forwarding isElementEnabled on session 41c573b1d9731ce61cdb0630738be20a to remote] DEBUG org.asynchttpclient.netty.request.NettyRequestSender - Using open Channel [id: 0xcd8c1551, L:/127.0.0.1:60261 - R:localhost/127.0.0.1:49389] for GET '/session/41c573b1d9731ce61cdb0630738be20a/element/1d44c9ca-f665-4adb-9c04-79305257ae9c/enabled'
17:27:05.770 [AsyncHttpClient-1-5] DEBUG org.asynchttpclient.netty.handler.HttpHandler - 

Request DefaultFullHttpRequest(decodeResult: success, version: HTTP/1.1, content: EmptyByteBufBE)
GET /session/41c573b1d9731ce61cdb0630738be20a/element/1d44c9ca-f665-4adb-9c04-79305257ae9c/enabled HTTP/1.1
User-Agent: selenium/4.1.2 (java windows)
Cache-Control: no-cache
Content-Type: application/json; charset=utf-8
host: localhost:49389
accept: */*

Response DefaultHttpResponse(decodeResult: success, version: HTTP/1.1)
HTTP/1.1 200 OK
Content-Type: application/json; charset=utf-8
cache-control: no-cache
content-length: 14

17:27:05.770 [AsyncHttpClient-1-5] DEBUG org.asynchttpclient.netty.channel.ChannelManager - Adding key: http://localhost:49389 for channel [id: 0xcd8c1551, L:/127.0.0.1:60261 - R:localhost/127.0.0.1:49389]
17:27:05.772 [Forwarding findElement on session 41c573b1d9731ce61cdb0630738be20a to remote] DEBUG org.asynchttpclient.netty.request.NettyRequestSender - Using pooled Channel '[id: 0xcd8c1551, L:/127.0.0.1:60261 - R:localhost/127.0.0.1:49389]' for 'POST' to 'http://localhost:49389/session/41c573b1d9731ce61cdb0630738be20a/element'
17:27:05.772 [Forwarding findElement on session 41c573b1d9731ce61cdb0630738be20a to remote] DEBUG org.asynchttpclient.netty.request.NettyRequestSender - Using open Channel [id: 0xcd8c1551, L:/127.0.0.1:60261 - R:localhost/127.0.0.1:49389] for POST '/session/41c573b1d9731ce61cdb0630738be20a/element'
17:27:05.781 [AsyncHttpClient-1-5] DEBUG org.asynchttpclient.netty.handler.HttpHandler - 

Request DefaultHttpRequest(decodeResult: success, version: HTTP/1.1)
POST /session/41c573b1d9731ce61cdb0630738be20a/element HTTP/1.1
User-Agent: selenium/4.1.2 (java windows)
Content-Length: 116
Content-Type: application/json; charset=utf-8
host: localhost:49389
accept: */*

Response DefaultHttpResponse(decodeResult: success, version: HTTP/1.1)
HTTP/1.1 200 OK
Content-Type: application/json; charset=utf-8
cache-control: no-cache
content-length: 88

17:27:05.782 [AsyncHttpClient-1-5] DEBUG org.asynchttpclient.netty.channel.ChannelManager - Adding key: http://localhost:49389 for channel [id: 0xcd8c1551, L:/127.0.0.1:60261 - R:localhost/127.0.0.1:49389]
17:27:05.783 [Forwarding clickElement on session 41c573b1d9731ce61cdb0630738be20a to remote] DEBUG org.asynchttpclient.netty.request.NettyRequestSender - Using pooled Channel '[id: 0xcd8c1551, L:/127.0.0.1:60261 - R:localhost/127.0.0.1:49389]' for 'POST' to 'http://localhost:49389/session/41c573b1d9731ce61cdb0630738be20a/element/1d44c9ca-f665-4adb-9c04-79305257ae9c/click'
17:27:05.783 [Forwarding clickElement on session 41c573b1d9731ce61cdb0630738be20a to remote] DEBUG org.asynchttpclient.netty.request.NettyRequestSender - Using open Channel [id: 0xcd8c1551, L:/127.0.0.1:60261 - R:localhost/127.0.0.1:49389] for POST '/session/41c573b1d9731ce61cdb0630738be20a/element/1d44c9ca-f665-4adb-9c04-79305257ae9c/click'
17:27:05.943 [AsyncHttpClient-1-1] DEBUG org.asynchttpclient.netty.channel.DefaultChannelPool - Entry count for : http://localhost:60262 : 1
17:27:06.035 [AsyncHttpClient-1-5] DEBUG org.asynchttpclient.netty.handler.HttpHandler - 

Request DefaultHttpRequest(decodeResult: success, version: HTTP/1.1)
POST /session/41c573b1d9731ce61cdb0630738be20a/element/1d44c9ca-f665-4adb-9c04-79305257ae9c/click HTTP/1.1
User-Agent: selenium/4.1.2 (java windows)
Content-Length: 50
Content-Type: application/json; charset=utf-8
host: localhost:49389
accept: */*

Response DefaultHttpResponse(decodeResult: success, version: HTTP/1.1)
HTTP/1.1 200 OK
Content-Type: application/json; charset=utf-8
cache-control: no-cache
content-length: 14

17:27:06.035 [AsyncHttpClient-1-5] DEBUG org.asynchttpclient.netty.channel.ChannelManager - Adding key: http://localhost:49389 for channel [id: 0xcd8c1551, L:/127.0.0.1:60261 - R:localhost/127.0.0.1:49389]
17:27:06.045 [Forwarding screenshot on session 41c573b1d9731ce61cdb0630738be20a to remote] DEBUG org.asynchttpclient.netty.request.NettyRequestSender - Using pooled Channel '[id: 0xcd8c1551, L:/127.0.0.1:60261 - R:localhost/127.0.0.1:49389]' for 'GET' to 'http://localhost:49389/session/41c573b1d9731ce61cdb0630738be20a/screenshot'
17:27:06.045 [Forwarding screenshot on session 41c573b1d9731ce61cdb0630738be20a to remote] DEBUG org.asynchttpclient.netty.request.NettyRequestSender - Using open Channel [id: 0xcd8c1551, L:/127.0.0.1:60261 - R:localhost/127.0.0.1:49389] for GET '/session/41c573b1d9731ce61cdb0630738be20a/screenshot'
17:27:06.175 [AsyncHttpClient-1-5] DEBUG org.asynchttpclient.netty.handler.HttpHandler - 

Request DefaultFullHttpRequest(decodeResult: success, version: HTTP/1.1, content: EmptyByteBufBE)
GET /session/41c573b1d9731ce61cdb0630738be20a/screenshot HTTP/1.1
User-Agent: selenium/4.1.2 (java windows)
Cache-Control: no-cache
Content-Type: application/json; charset=utf-8
host: localhost:49389
accept: */*

Response DefaultHttpResponse(decodeResult: success, version: HTTP/1.1)
HTTP/1.1 200 OK
Content-Type: application/json; charset=utf-8
cache-control: no-cache
content-length: 77368

17:27:06.176 [AsyncHttpClient-1-5] DEBUG org.asynchttpclient.netty.channel.ChannelManager - Adding key: http://localhost:49389 for channel [id: 0xcd8c1551, L:/127.0.0.1:60261 - R:localhost/127.0.0.1:49389]
17:27:06.181 [main] DEBUG net.serenitybdd.core.photography.Darkroom - Send negative for processing for target\site\serenity\839a7144d1c8ab8a043d31fe64b4db5418dd2ad2274f897760c559652b6facd6.png
17:27:06.181 [main] DEBUG net.thucydides.core.steps.StepInterceptor - STEP DONE: clickSubmitButton
  &amp#27;[32mAnd &amp#27;[0m&amp#27;[32mI change patient data&amp#27;[0m                     &amp#27;[90m# starter.stepdefinitions.PatientSteps.iChangePatientData()&amp#27;[0m
17:27:06.183 [Darkroom Processing Line] DEBUG net.serenitybdd.core.photography.DarkroomProcessingLine - Processing screenshot image in /var/screenshots/screenshot-2880016191273527152
17:27:06.183 [Darkroom Processing Line] DEBUG net.serenitybdd.core.photography.DarkroomProcessingLine - Saving screenshot to target\site\serenity\839a7144d1c8ab8a043d31fe64b4db5418dd2ad2274f897760c559652b6facd6.png
17:27:06.194 [Forwarding findElement on session 41c573b1d9731ce61cdb0630738be20a to remote] DEBUG org.asynchttpclient.netty.request.NettyRequestSender - Using pooled Channel '[id: 0xcd8c1551, L:/127.0.0.1:60261 - R:localhost/127.0.0.1:49389]' for 'POST' to 'http://localhost:49389/session/41c573b1d9731ce61cdb0630738be20a/element'
17:27:06.194 [Forwarding findElement on session 41c573b1d9731ce61cdb0630738be20a to remote] DEBUG org.asynchttpclient.netty.request.NettyRequestSender - Using open Channel [id: 0xcd8c1551, L:/127.0.0.1:60261 - R:localhost/127.0.0.1:49389] for POST '/session/41c573b1d9731ce61cdb0630738be20a/element'
17:27:07.042 [AsyncHttpClient-1-1] DEBUG org.asynchttpclient.netty.channel.DefaultChannelPool - Entry count for : http://localhost:60262 : 1
17:27:07.269 [AsyncHttpClient-1-5] DEBUG org.asynchttpclient.netty.handler.HttpHandler - 

Request DefaultHttpRequest(decodeResult: success, version: HTTP/1.1)
POST /session/41c573b1d9731ce61cdb0630738be20a/element HTTP/1.1
User-Agent: selenium/4.1.2 (java windows)
Content-Length: 74
Content-Type: application/json; charset=utf-8
host: localhost:49389
accept: */*

Response DefaultHttpResponse(decodeResult: success, version: HTTP/1.1)
HTTP/1.1 200 OK
Content-Type: application/json; charset=utf-8
cache-control: no-cache
content-length: 88

17:27:07.269 [AsyncHttpClient-1-5] DEBUG org.asynchttpclient.netty.channel.ChannelManager - Adding key: http://localhost:49389 for channel [id: 0xcd8c1551, L:/127.0.0.1:60261 - R:localhost/127.0.0.1:49389]
17:27:07.276 [Forwarding isElementDisplayed on session 41c573b1d9731ce61cdb0630738be20a to remote] DEBUG org.asynchttpclient.netty.request.NettyRequestSender - Using pooled Channel '[id: 0xcd8c1551, L:/127.0.0.1:60261 - R:localhost/127.0.0.1:49389]' for 'POST' to 'http://localhost:49389/session/41c573b1d9731ce61cdb0630738be20a/execute/sync'
17:27:07.276 [Forwarding isElementDisplayed on session 41c573b1d9731ce61cdb0630738be20a to remote] DEBUG org.asynchttpclient.netty.request.NettyRequestSender - Using open Channel [id: 0xcd8c1551, L:/127.0.0.1:60261 - R:localhost/127.0.0.1:49389] for POST '/session/41c573b1d9731ce61cdb0630738be20a/execute/sync'
17:27:07.303 [AsyncHttpClient-1-5] DEBUG org.asynchttpclient.netty.handler.HttpHandler - 

Request DefaultHttpRequest(decodeResult: success, version: HTTP/1.1)
POST /session/41c573b1d9731ce61cdb0630738be20a/execute/sync HTTP/1.1
User-Agent: selenium/4.1.2 (java windows)
Content-Length: 48780
Content-Type: application/json; charset=utf-8
host: localhost:49389
accept: */*

Response DefaultHttpResponse(decodeResult: success, version: HTTP/1.1)
HTTP/1.1 200 OK
Content-Type: application/json; charset=utf-8
cache-control: no-cache
content-length: 14

17:27:07.303 [AsyncHttpClient-1-5] DEBUG org.asynchttpclient.netty.channel.ChannelManager - Adding key: http://localhost:49389 for channel [id: 0xcd8c1551, L:/127.0.0.1:60261 - R:localhost/127.0.0.1:49389]
  &amp#27;[32mThen &amp#27;[0m&amp#27;[32mI get Edit Patient has been added result&amp#27;[0m &amp#27;[90m# starter.stepdefinitions.PatientSteps.iGetEditPatientHasBeenAddedResult()&amp#27;[0m
17:27:07.324 [Forwarding screenshot on session 41c573b1d9731ce61cdb0630738be20a to remote] DEBUG org.asynchttpclient.netty.request.NettyRequestSender - Using pooled Channel '[id: 0xcd8c1551, L:/127.0.0.1:60261 - R:localhost/127.0.0.1:49389]' for 'GET' to 'http://localhost:49389/session/41c573b1d9731ce61cdb0630738be20a/screenshot'
17:27:07.324 [Forwarding screenshot on session 41c573b1d9731ce61cdb0630738be20a to remote] DEBUG org.asynchttpclient.netty.request.NettyRequestSender - Using open Channel [id: 0xcd8c1551, L:/127.0.0.1:60261 - R:localhost/127.0.0.1:49389] for GET '/session/41c573b1d9731ce61cdb0630738be20a/screenshot'
17:27:07.497 [AsyncHttpClient-1-5] DEBUG org.asynchttpclient.netty.handler.HttpHandler - 

Request DefaultFullHttpRequest(decodeResult: success, version: HTTP/1.1, content: EmptyByteBufBE)
GET /session/41c573b1d9731ce61cdb0630738be20a/screenshot HTTP/1.1
User-Agent: selenium/4.1.2 (java windows)
Cache-Control: no-cache
Content-Type: application/json; charset=utf-8
host: localhost:49389
accept: */*

Response DefaultHttpResponse(decodeResult: success, version: HTTP/1.1)
HTTP/1.1 200 OK
Content-Type: application/json; charset=utf-8
cache-control: no-cache
content-length: 94124

17:27:07.498 [AsyncHttpClient-1-5] DEBUG org.asynchttpclient.netty.channel.ChannelManager - Adding key: http://localhost:49389 for channel [id: 0xcd8c1551, L:/127.0.0.1:60261 - R:localhost/127.0.0.1:49389]
17:27:07.508 [main] DEBUG net.serenitybdd.core.photography.Darkroom - Send negative for processing for target\site\serenity\95d5e2532b44ae63e1f8fbbb9fa087f747b05443c6eb8c44daacc000fd43837e.png
17:27:07.509 [Darkroom Processing Line] DEBUG net.serenitybdd.core.photography.DarkroomProcessingLine - Processing screenshot image in /var/screenshots/screenshot-4997737907399466644
17:27:07.509 [Darkroom Processing Line] DEBUG net.serenitybdd.core.photography.DarkroomProcessingLine - Saving screenshot to target\site\serenity\95d5e2532b44ae63e1f8fbbb9fa087f747b05443c6eb8c44daacc000fd43837e.png
17:27:07.510 [main] INFO  - 
  _____   ___   ___   _____     ___     _     ___   ___   ___   ___  
 |_   _| | __| / __| |_   _|   | _ \   /_\   / __| / __| | __| |   \ 
   | |   | _|  \__ \   | |     |  _/  / _ \  \__ \ \__ \ | _|  | |) |
   |_|   |___| |___/   |_|     |_|   /_/ \_\ |___/ |___/ |___| |___/ 

Edit Patient Data Scenario
----------------------------------------------------------------------
17:27:07.514 [AsyncHttpClient-1-7] DEBUG org.asynchttpclient.netty.handler.WebSocketHandler - Channel Closed: [id: 0xe503478b, L:/127.0.0.1:60268 ! R:localhost/127.0.0.1:60262] with attribute NettyResponseFuture{currentRetry=5,
	isDone=1,
	isCancelled=0,
	asyncHandler=org.asynchttpclient.ws.WebSocketUpgradeHandler@31782bb6,
	nettyRequest=org.asynchttpclient.netty.request.NettyRequest@2260c74c,
	future=java.util.concurrent.CompletableFuture@60906b91[Completed normally],
	uri=ws://localhost:60262/devtools/browser/88f13dac-5694-46a5-beaa-7a3e1180cac6,
	keepAlive=true,
	redirectCount=0,
	timeoutsHolder=null,
	inAuth=0,
	touch=1655375210975}
17:27:07.514 [AsyncHttpClient-1-7] DEBUG org.asynchttpclient.netty.channel.ChannelManager - Closing Channel [id: 0xe503478b, L:/127.0.0.1:60268 ! R:localhost/127.0.0.1:60262] 
17:27:07.514 [Driver Command Executor] DEBUG org.asynchttpclient.netty.request.NettyRequestSender - Using pooled Channel '[id: 0xcd8c1551, L:/127.0.0.1:60261 - R:localhost/127.0.0.1:49389]' for 'DELETE' to 'http://localhost:49389/session/41c573b1d9731ce61cdb0630738be20a'
17:27:07.515 [Driver Command Executor] DEBUG org.asynchttpclient.netty.request.NettyRequestSender - Using open Channel [id: 0xcd8c1551, L:/127.0.0.1:60261 - R:localhost/127.0.0.1:49389] for DELETE '/session/41c573b1d9731ce61cdb0630738be20a'
17:27:07.766 [AsyncHttpClient-1-6] DEBUG org.asynchttpclient.netty.handler.HttpHandler - Unexpected I/O exception on channel [id: 0x09083b70, L:/127.0.0.1:60267 - R:localhost/127.0.0.1:60262]
java.net.SocketException: Connection reset
	at java.base/sun.nio.ch.SocketChannelImpl.throwConnectionReset(SocketChannelImpl.java:367)
	at java.base/sun.nio.ch.SocketChannelImpl.read(SocketChannelImpl.java:398)
	at io.netty.buffer.PooledByteBuf.setBytes(PooledByteBuf.java:258)
	at io.netty.buffer.AbstractByteBuf.writeBytes(AbstractByteBuf.java:1132)
	at io.netty.channel.socket.nio.NioSocketChannel.doReadBytes(NioSocketChannel.java:350)
	at io.netty.channel.nio.AbstractNioByteChannel$NioByteUnsafe.read(AbstractNioByteChannel.java:151)
	at io.netty.channel.nio.NioEventLoop.processSelectedKey(NioEventLoop.java:722)
	at io.netty.channel.nio.NioEventLoop.processSelectedKeysOptimized(NioEventLoop.java:658)
	at io.netty.channel.nio.NioEventLoop.processSelectedKeys(NioEventLoop.java:584)
	at io.netty.channel.nio.NioEventLoop.run(NioEventLoop.java:496)
	at io.netty.util.concurrent.SingleThreadEventExecutor$4.run(SingleThreadEventExecutor.java:986)
	at io.netty.util.internal.ThreadExecutorMap$2.run(ThreadExecutorMap.java:74)
	at io.netty.util.concurrent.FastThreadLocalRunnable.run(FastThreadLocalRunnable.java:30)
	at java.base/java.lang.Thread.run(Thread.java:832)
17:27:07.766 [AsyncHttpClient-1-6] DEBUG org.asynchttpclient.netty.channel.ChannelManager - Closing Channel [id: 0x09083b70, L:/127.0.0.1:60267 - R:localhost/127.0.0.1:60262] 
17:27:07.766 [AsyncHttpClient-1-6] DEBUG org.asynchttpclient.netty.handler.HttpHandler - Channel Closed: [id: 0x09083b70, L:/127.0.0.1:60267 ! R:localhost/127.0.0.1:60262] with attribute DISCARD
17:27:07.791 [AsyncHttpClient-1-5] DEBUG org.asynchttpclient.netty.handler.HttpHandler - 

Request DefaultFullHttpRequest(decodeResult: success, version: HTTP/1.1, content: EmptyByteBufBE)
DELETE /session/41c573b1d9731ce61cdb0630738be20a HTTP/1.1
User-Agent: selenium/4.1.2 (java windows)
Content-Type: application/json; charset=utf-8
host: localhost:49389
accept: */*

Response DefaultHttpResponse(decodeResult: success, version: HTTP/1.1)
HTTP/1.1 200 OK
Content-Type: application/json; charset=utf-8
cache-control: no-cache
content-length: 14

17:27:07.791 [AsyncHttpClient-1-5] DEBUG org.asynchttpclient.netty.channel.ChannelManager - Adding key: http://localhost:49389 for channel [id: 0xcd8c1551, L:/127.0.0.1:60261 - R:localhost/127.0.0.1:49389]
17:27:07.869 [AsyncHttpClient-1-5] DEBUG org.asynchttpclient.netty.handler.HttpHandler - Channel Closed: [id: 0xcd8c1551, L:/127.0.0.1:60261 ! R:localhost/127.0.0.1:49389] with attribute DISCARD
17:27:08.142 [AsyncHttpClient-1-1] DEBUG org.asynchttpclient.netty.channel.DefaultChannelPool - Entry count for : http://localhost:60262 : 1
17:27:08.142 [AsyncHttpClient-1-1] DEBUG org.asynchttpclient.netty.channel.DefaultChannelPool - Entry count for : http://localhost:49389 : 1
17:27:08.142 [AsyncHttpClient-1-1] DEBUG org.asynchttpclient.netty.channel.DefaultChannelPool - Adding Candidate expired Channel [id: 0x09083b70, L:/127.0.0.1:60267 ! R:localhost/127.0.0.1:60262] isIdleTimeoutExpired=false isRemotelyClosed=true isTtlExpired=false
17:27:08.142 [AsyncHttpClient-1-1] DEBUG org.asynchttpclient.netty.channel.DefaultChannelPool - Closing Idle Channel [id: 0x09083b70, L:/127.0.0.1:60267 ! R:localhost/127.0.0.1:60262]
17:27:08.142 [AsyncHttpClient-1-1] DEBUG org.asynchttpclient.netty.channel.DefaultChannelPool - Adding Candidate expired Channel [id: 0xcd8c1551, L:/127.0.0.1:60261 ! R:localhost/127.0.0.1:49389] isIdleTimeoutExpired=false isRemotelyClosed=true isTtlExpired=false
17:27:08.142 [AsyncHttpClient-1-1] DEBUG org.asynchttpclient.netty.channel.DefaultChannelPool - Closing Idle Channel [id: 0xcd8c1551, L:/127.0.0.1:60261 ! R:localhost/127.0.0.1:49389]
17:27:08.142 [AsyncHttpClient-1-1] DEBUG org.asynchttpclient.netty.channel.DefaultChannelPool - Closed 2 connections out of 2 in 0 ms
]]></system-out>
    <system-err><![CDATA[Starting ChromeDriver 102.0.5005.61 (0e59bcc00cc4985ce39ad31c150065f159d95ad3-refs/branch-heads/5005@{#819}) on port 49389
Only local connections are allowed.
Please see https://chromedriver.chromium.org/security-considerations for suggestions on keeping ChromeDriver safe.
ChromeDriver was started successfully.
Jun 16, 2022 5:26:50 PM org.openqa.selenium.remote.ProtocolHandshake createSession
INFO: Detected dialect: W3C
Jun 16, 2022 5:26:50 PM org.openqa.selenium.devtools.CdpVersionFinder findNearestMatch
WARNING: Unable to find an exact match for CDP version 102, so returning the closest version found: a no-op implementation
Jun 16, 2022 5:26:50 PM org.openqa.selenium.devtools.CdpVersionFinder findNearestMatch
INFO: Unable to find CDP implementation matching 102.
Jun 16, 2022 5:26:50 PM org.openqa.selenium.chromium.ChromiumDriver lambda$new$3
WARNING: Unable to find version of CDP to use for . You may need to include a dependency on a specific version of the CDP using something similar to `org.seleniumhq.selenium:selenium-devtools-v86:4.1.2` where the version ("v86") matches the version of the chromium-based browser you're using and the version number of the artifact is the same as Selenium's.
]]></system-err>
  </testcase>
  <testcase name="Cancel Edit Patient Data Scenario" classname="Patient" time="16.821">
    <system-out><![CDATA[
@Patient
Scenario: Cancel Edit Patient Data Scenario &amp#27;[90m# src/test/resources/features/2.Patient.feature:28&amp#27;[0m
17:27:08.417 [main] INFO io.cucumber.core.plugin.SerenityReporter - Running feature from file:///E:/My%20Documents/File%20Difa/TI%20Semester%206%20Kampus%20Merdeka%20Alterra/Tugas/CAPSTONE%20Project/Capstone-Project-Website/src/test/resources/features/2.Patient.feature
17:27:08.420 [main] INFO  - 
  _____   ___   ___   _____     ___   _____     _     ___   _____   ___   ___  
 |_   _| | __| / __| |_   _|   / __| |_   _|   /_\   | _ \ |_   _| | __| |   \ 
   | |   | _|  \__ \   | |     \__ \   | |    / _ \  |   /   | |   | _|  | |) |
   |_|   |___| |___/   |_|     |___/   |_|   /_/ \_\ |_|_\   |_|   |___| |___/ 

Cancel Edit Patient Data Scenario(patient;cancel-edit-patient-data-scenario)
--------------------------------------------------------------------------------
17:27:08.453 [main] DEBUG net.thucydides.core.steps.StepInterceptor - STARTING STEP: PatientSteps.iAmAtTheDashboardPage - openUrl
17:27:08.455 [main] INFO net.serenitybdd.core.webdriver.driverproviders.ChromeDriverProvider - Using automatically driver download
17:27:08.652 [main] DEBUG io.github.bonigarcia.wdm.cache.ResolutionCache - Resolution chrome=102 in cache (valid until 18:07:22 16/06/2022 ICT)
17:27:08.655 [main] DEBUG io.github.bonigarcia.wdm.cache.ResolutionCache - Resolution chrome102=102.0.5005.61 in cache (valid until 15:56:01 17/06/2022 ICT)
17:27:08.657 [main] INFO io.github.bonigarcia.wdm.WebDriverManager - Using chromedriver 102.0.5005.61 (resolved driver for Chrome 102)
17:27:08.666 [main] DEBUG io.github.bonigarcia.wdm.WebDriverManager - Driver chromedriver 102.0.5005.61 found in cache
17:27:08.666 [main] INFO io.github.bonigarcia.wdm.WebDriverManager - Exporting webdriver.chrome.driver as C:\Users\USER\.cache\selenium\chromedriver\win32\102.0.5005.61\chromedriver.exe
17:27:08.813 [main] DEBUG net.serenitybdd.core.webdriver.driverproviders.ProvideNewDriver - Instantiating driver
17:27:08.813 [main] DEBUG net.serenitybdd.core.webdriver.driverproviders.ProvideNewDriver - Driver capabilities: Capabilities {acceptInsecureCerts: false, base.url: https://hospital-management..., browserName: chrome, chrome.driver: src/test/resources/webdrive..., driver: chrome, goog:chromeOptions: {args: [], extensions: []}}
17:27:09.358 [AsyncHttpClient-1-8] DEBUG org.asynchttpclient.netty.channel.NettyConnectListener - Using new Channel '[id: 0xd3d2b459, L:/127.0.0.1:60289 - R:localhost/127.0.0.1:58955]' for 'POST' to '/session'
17:27:11.037 [AsyncHttpClient-1-8] DEBUG org.asynchttpclient.netty.handler.HttpHandler - 

Request DefaultHttpRequest(decodeResult: success, version: HTTP/1.1)
POST /session HTTP/1.1
User-Agent: selenium/4.1.2 (java windows)
Content-Length: 621
Content-Type: application/json; charset=utf-8
host: localhost:58955
accept: */*

Response DefaultHttpResponse(decodeResult: success, version: HTTP/1.1)
HTTP/1.1 200 OK
Content-Type: application/json; charset=utf-8
cache-control: no-cache
content-length: 789

17:27:11.037 [AsyncHttpClient-1-8] DEBUG org.asynchttpclient.netty.channel.ChannelManager - Adding key: http://localhost:58955 for channel [id: 0xd3d2b459, L:/127.0.0.1:60289 - R:localhost/127.0.0.1:58955]
17:27:11.045 [AsyncHttpClient-1-9] DEBUG org.asynchttpclient.netty.channel.NettyConnectListener - Using new Channel '[id: 0x653f02af, L:/127.0.0.1:60295 - R:localhost/127.0.0.1:60290]' for 'GET' to '/json/version'
17:27:11.046 [AsyncHttpClient-1-9] DEBUG org.asynchttpclient.netty.handler.HttpHandler - 

Request DefaultFullHttpRequest(decodeResult: success, version: HTTP/1.1, content: EmptyByteBufBE)
GET /json/version HTTP/1.1
User-Agent: selenium/4.1.2 (java windows)
host: localhost:60290
accept: */*

Response DefaultHttpResponse(decodeResult: success, version: HTTP/1.1)
HTTP/1.1 200 OK
Content-Type: application/json; charset=UTF-8
content-length: 427

17:27:11.046 [AsyncHttpClient-1-9] DEBUG org.asynchttpclient.netty.channel.ChannelManager - Adding key: http://localhost:60290 for channel [id: 0x653f02af, L:/127.0.0.1:60295 - R:localhost/127.0.0.1:60290]
17:27:11.048 [AsyncHttpClient-1-2] DEBUG org.asynchttpclient.netty.channel.NettyConnectListener - Using new Channel '[id: 0x0a61a881, L:/127.0.0.1:60296 - R:localhost/127.0.0.1:60290]' for 'GET' to '/devtools/browser/bb7a8a5e-ce9b-4b8a-85c5-9846101b96c1'
17:27:11.049 [AsyncHttpClient-1-2] DEBUG org.asynchttpclient.netty.handler.WebSocketHandler - 

Request DefaultFullHttpRequest(decodeResult: success, version: HTTP/1.1, content: EmptyByteBufBE)
GET /devtools/browser/bb7a8a5e-ce9b-4b8a-85c5-9846101b96c1 HTTP/1.1
upgrade: websocket
connection: upgrade
sec-websocket-key: 3R7Isl00KHtJuZhgFR23ng==
sec-websocket-version: 13
origin: http://localhost:60290
host: localhost:60290
accept: */*
user-agent: AHC/2.1

Response DefaultHttpResponse(decodeResult: success, version: HTTP/1.1)
HTTP/1.1 101 WebSocket Protocol Handshake
Upgrade: WebSocket
Connection: Upgrade
Sec-WebSocket-Accept: gGjPXt4XHqAYRz/qXX9bEzF6Brs=

17:27:11.053 [Forwarding maximizeCurrentWindow on session 4816ec4d4d08bfdce7c5ce0c33ecb879 to remote] DEBUG org.asynchttpclient.netty.request.NettyRequestSender - Using pooled Channel '[id: 0xd3d2b459, L:/127.0.0.1:60289 - R:localhost/127.0.0.1:58955]' for 'POST' to 'http://localhost:58955/session/4816ec4d4d08bfdce7c5ce0c33ecb879/window/maximize'
17:27:11.053 [Forwarding maximizeCurrentWindow on session 4816ec4d4d08bfdce7c5ce0c33ecb879 to remote] DEBUG org.asynchttpclient.netty.request.NettyRequestSender - Using open Channel [id: 0xd3d2b459, L:/127.0.0.1:60289 - R:localhost/127.0.0.1:58955] for POST '/session/4816ec4d4d08bfdce7c5ce0c33ecb879/window/maximize'
17:27:11.168 [AsyncHttpClient-1-8] DEBUG org.asynchttpclient.netty.handler.HttpHandler - 

Request DefaultHttpRequest(decodeResult: success, version: HTTP/1.1)
POST /session/4816ec4d4d08bfdce7c5ce0c33ecb879/window/maximize HTTP/1.1
User-Agent: selenium/4.1.2 (java windows)
Content-Length: 3
Content-Type: application/json; charset=utf-8
host: localhost:58955
accept: */*

Response DefaultHttpResponse(decodeResult: success, version: HTTP/1.1)
HTTP/1.1 200 OK
Content-Type: application/json; charset=utf-8
cache-control: no-cache
content-length: 51

17:27:11.168 [AsyncHttpClient-1-8] DEBUG org.asynchttpclient.netty.channel.ChannelManager - Adding key: http://localhost:58955 for channel [id: 0xd3d2b459, L:/127.0.0.1:60289 - R:localhost/127.0.0.1:58955]
17:27:11.169 [Forwarding get on session 4816ec4d4d08bfdce7c5ce0c33ecb879 to remote] DEBUG org.asynchttpclient.netty.request.NettyRequestSender - Using pooled Channel '[id: 0xd3d2b459, L:/127.0.0.1:60289 - R:localhost/127.0.0.1:58955]' for 'POST' to 'http://localhost:58955/session/4816ec4d4d08bfdce7c5ce0c33ecb879/url'
17:27:11.169 [Forwarding get on session 4816ec4d4d08bfdce7c5ce0c33ecb879 to remote] DEBUG org.asynchttpclient.netty.request.NettyRequestSender - Using open Channel [id: 0xd3d2b459, L:/127.0.0.1:60289 - R:localhost/127.0.0.1:58955] for POST '/session/4816ec4d4d08bfdce7c5ce0c33ecb879/url'
17:27:11.443 [AsyncHttpClient-1-1] DEBUG org.asynchttpclient.netty.channel.DefaultChannelPool - Entry count for : http://localhost:60290 : 1
17:27:12.543 [AsyncHttpClient-1-1] DEBUG org.asynchttpclient.netty.channel.DefaultChannelPool - Entry count for : http://localhost:60290 : 1
17:27:13.642 [AsyncHttpClient-1-1] DEBUG org.asynchttpclient.netty.channel.DefaultChannelPool - Entry count for : http://localhost:60290 : 1
17:27:14.742 [AsyncHttpClient-1-1] DEBUG org.asynchttpclient.netty.channel.DefaultChannelPool - Entry count for : http://localhost:60290 : 1
17:27:15.843 [AsyncHttpClient-1-1] DEBUG org.asynchttpclient.netty.channel.DefaultChannelPool - Entry count for : http://localhost:60290 : 1
17:27:16.942 [AsyncHttpClient-1-1] DEBUG org.asynchttpclient.netty.channel.DefaultChannelPool - Entry count for : http://localhost:60290 : 1
17:27:17.364 [AsyncHttpClient-1-8] DEBUG org.asynchttpclient.netty.handler.HttpHandler - 

Request DefaultHttpRequest(decodeResult: success, version: HTTP/1.1)
POST /session/4816ec4d4d08bfdce7c5ce0c33ecb879/url HTTP/1.1
User-Agent: selenium/4.1.2 (java windows)
Content-Length: 65
Content-Type: application/json; charset=utf-8
host: localhost:58955
accept: */*

Response DefaultHttpResponse(decodeResult: success, version: HTTP/1.1)
HTTP/1.1 200 OK
Content-Type: application/json; charset=utf-8
cache-control: no-cache
content-length: 14

17:27:17.365 [AsyncHttpClient-1-8] DEBUG org.asynchttpclient.netty.channel.ChannelManager - Adding key: http://localhost:58955 for channel [id: 0xd3d2b459, L:/127.0.0.1:60289 - R:localhost/127.0.0.1:58955]
17:27:17.368 [Forwarding setTimeout on session 4816ec4d4d08bfdce7c5ce0c33ecb879 to remote] DEBUG org.asynchttpclient.netty.request.NettyRequestSender - Using pooled Channel '[id: 0xd3d2b459, L:/127.0.0.1:60289 - R:localhost/127.0.0.1:58955]' for 'POST' to 'http://localhost:58955/session/4816ec4d4d08bfdce7c5ce0c33ecb879/timeouts'
17:27:17.368 [Forwarding setTimeout on session 4816ec4d4d08bfdce7c5ce0c33ecb879 to remote] DEBUG org.asynchttpclient.netty.request.NettyRequestSender - Using open Channel [id: 0xd3d2b459, L:/127.0.0.1:60289 - R:localhost/127.0.0.1:58955] for POST '/session/4816ec4d4d08bfdce7c5ce0c33ecb879/timeouts'
17:27:17.370 [AsyncHttpClient-1-8] DEBUG org.asynchttpclient.netty.handler.HttpHandler - 

Request DefaultHttpRequest(decodeResult: success, version: HTTP/1.1)
POST /session/4816ec4d4d08bfdce7c5ce0c33ecb879/timeouts HTTP/1.1
User-Agent: selenium/4.1.2 (java windows)
Content-Length: 22
Content-Type: application/json; charset=utf-8
host: localhost:58955
accept: */*

Response DefaultHttpResponse(decodeResult: success, version: HTTP/1.1)
HTTP/1.1 200 OK
Content-Type: application/json; charset=utf-8
cache-control: no-cache
content-length: 14

17:27:17.371 [AsyncHttpClient-1-8] DEBUG org.asynchttpclient.netty.channel.ChannelManager - Adding key: http://localhost:58955 for channel [id: 0xd3d2b459, L:/127.0.0.1:60289 - R:localhost/127.0.0.1:58955]
17:27:17.374 [Forwarding getCurrentUrl on session 4816ec4d4d08bfdce7c5ce0c33ecb879 to remote] DEBUG org.asynchttpclient.netty.request.NettyRequestSender - Using pooled Channel '[id: 0xd3d2b459, L:/127.0.0.1:60289 - R:localhost/127.0.0.1:58955]' for 'GET' to 'http://localhost:58955/session/4816ec4d4d08bfdce7c5ce0c33ecb879/url'
17:27:17.374 [Forwarding getCurrentUrl on session 4816ec4d4d08bfdce7c5ce0c33ecb879 to remote] DEBUG org.asynchttpclient.netty.request.NettyRequestSender - Using open Channel [id: 0xd3d2b459, L:/127.0.0.1:60289 - R:localhost/127.0.0.1:58955] for GET '/session/4816ec4d4d08bfdce7c5ce0c33ecb879/url'
17:27:17.381 [AsyncHttpClient-1-8] DEBUG org.asynchttpclient.netty.handler.HttpHandler - 

Request DefaultFullHttpRequest(decodeResult: success, version: HTTP/1.1, content: EmptyByteBufBE)
GET /session/4816ec4d4d08bfdce7c5ce0c33ecb879/url HTTP/1.1
User-Agent: selenium/4.1.2 (java windows)
Cache-Control: no-cache
Content-Type: application/json; charset=utf-8
host: localhost:58955
accept: */*

Response DefaultHttpResponse(decodeResult: success, version: HTTP/1.1)
HTTP/1.1 200 OK
Content-Type: application/json; charset=utf-8
cache-control: no-cache
content-length: 53

17:27:17.381 [AsyncHttpClient-1-8] DEBUG org.asynchttpclient.netty.channel.ChannelManager - Adding key: http://localhost:58955 for channel [id: 0xd3d2b459, L:/127.0.0.1:60289 - R:localhost/127.0.0.1:58955]
17:27:17.387 [Forwarding getCurrentUrl on session 4816ec4d4d08bfdce7c5ce0c33ecb879 to remote] DEBUG org.asynchttpclient.netty.request.NettyRequestSender - Using pooled Channel '[id: 0xd3d2b459, L:/127.0.0.1:60289 - R:localhost/127.0.0.1:58955]' for 'GET' to 'http://localhost:58955/session/4816ec4d4d08bfdce7c5ce0c33ecb879/url'
17:27:17.387 [Forwarding getCurrentUrl on session 4816ec4d4d08bfdce7c5ce0c33ecb879 to remote] DEBUG org.asynchttpclient.netty.request.NettyRequestSender - Using open Channel [id: 0xd3d2b459, L:/127.0.0.1:60289 - R:localhost/127.0.0.1:58955] for GET '/session/4816ec4d4d08bfdce7c5ce0c33ecb879/url'
17:27:17.392 [AsyncHttpClient-1-8] DEBUG org.asynchttpclient.netty.handler.HttpHandler - 

Request DefaultFullHttpRequest(decodeResult: success, version: HTTP/1.1, content: EmptyByteBufBE)
GET /session/4816ec4d4d08bfdce7c5ce0c33ecb879/url HTTP/1.1
User-Agent: selenium/4.1.2 (java windows)
Cache-Control: no-cache
Content-Type: application/json; charset=utf-8
host: localhost:58955
accept: */*

Response DefaultHttpResponse(decodeResult: success, version: HTTP/1.1)
HTTP/1.1 200 OK
Content-Type: application/json; charset=utf-8
cache-control: no-cache
content-length: 53

17:27:17.392 [AsyncHttpClient-1-8] DEBUG org.asynchttpclient.netty.channel.ChannelManager - Adding key: http://localhost:58955 for channel [id: 0xd3d2b459, L:/127.0.0.1:60289 - R:localhost/127.0.0.1:58955]
17:27:17.398 [Forwarding screenshot on session 4816ec4d4d08bfdce7c5ce0c33ecb879 to remote] DEBUG org.asynchttpclient.netty.request.NettyRequestSender - Using pooled Channel '[id: 0xd3d2b459, L:/127.0.0.1:60289 - R:localhost/127.0.0.1:58955]' for 'GET' to 'http://localhost:58955/session/4816ec4d4d08bfdce7c5ce0c33ecb879/screenshot'
17:27:17.398 [Forwarding screenshot on session 4816ec4d4d08bfdce7c5ce0c33ecb879 to remote] DEBUG org.asynchttpclient.netty.request.NettyRequestSender - Using open Channel [id: 0xd3d2b459, L:/127.0.0.1:60289 - R:localhost/127.0.0.1:58955] for GET '/session/4816ec4d4d08bfdce7c5ce0c33ecb879/screenshot'
17:27:17.674 [AsyncHttpClient-1-8] DEBUG org.asynchttpclient.netty.handler.HttpHandler - 

Request DefaultFullHttpRequest(decodeResult: success, version: HTTP/1.1, content: EmptyByteBufBE)
GET /session/4816ec4d4d08bfdce7c5ce0c33ecb879/screenshot HTTP/1.1
User-Agent: selenium/4.1.2 (java windows)
Cache-Control: no-cache
Content-Type: application/json; charset=utf-8
host: localhost:58955
accept: */*

Response DefaultHttpResponse(decodeResult: success, version: HTTP/1.1)
HTTP/1.1 200 OK
Content-Type: application/json; charset=utf-8
cache-control: no-cache
content-length: 351816

17:27:17.676 [AsyncHttpClient-1-8] DEBUG org.asynchttpclient.netty.channel.ChannelManager - Adding key: http://localhost:58955 for channel [id: 0xd3d2b459, L:/127.0.0.1:60289 - R:localhost/127.0.0.1:58955]
17:27:17.698 [main] DEBUG net.serenitybdd.core.photography.Darkroom - Send negative for processing for target\site\serenity\20277f1d76f1b925628464fcd1ece5de77a814679d1be3fdcf836a7ddadfed60.png
17:27:17.698 [main] DEBUG net.thucydides.core.steps.StepInterceptor - STEP DONE: openUrl
17:27:17.709 [main] DEBUG net.thucydides.core.steps.StepInterceptor - STARTING STEP: PatientSteps.iAmAtTheDashboardPage - validateOnDashboardPage
17:27:17.712 [Forwarding findElement on session 4816ec4d4d08bfdce7c5ce0c33ecb879 to remote] DEBUG org.asynchttpclient.netty.request.NettyRequestSender - Using pooled Channel '[id: 0xd3d2b459, L:/127.0.0.1:60289 - R:localhost/127.0.0.1:58955]' for 'POST' to 'http://localhost:58955/session/4816ec4d4d08bfdce7c5ce0c33ecb879/element'
17:27:17.712 [Forwarding findElement on session 4816ec4d4d08bfdce7c5ce0c33ecb879 to remote] DEBUG org.asynchttpclient.netty.request.NettyRequestSender - Using open Channel [id: 0xd3d2b459, L:/127.0.0.1:60289 - R:localhost/127.0.0.1:58955] for POST '/session/4816ec4d4d08bfdce7c5ce0c33ecb879/element'
17:27:17.729 [AsyncHttpClient-1-8] DEBUG org.asynchttpclient.netty.handler.HttpHandler - 

Request DefaultHttpRequest(decodeResult: success, version: HTTP/1.1)
POST /session/4816ec4d4d08bfdce7c5ce0c33ecb879/element HTTP/1.1
User-Agent: selenium/4.1.2 (java windows)
Content-Length: 81
Content-Type: application/json; charset=utf-8
host: localhost:58955
accept: */*

Response DefaultHttpResponse(decodeResult: success, version: HTTP/1.1)
HTTP/1.1 200 OK
Content-Type: application/json; charset=utf-8
cache-control: no-cache
content-length: 88

17:27:17.730 [AsyncHttpClient-1-8] DEBUG org.asynchttpclient.netty.channel.ChannelManager - Adding key: http://localhost:58955 for channel [id: 0xd3d2b459, L:/127.0.0.1:60289 - R:localhost/127.0.0.1:58955]
17:27:17.734 [Forwarding isElementDisplayed on session 4816ec4d4d08bfdce7c5ce0c33ecb879 to remote] DEBUG org.asynchttpclient.netty.request.NettyRequestSender - Using pooled Channel '[id: 0xd3d2b459, L:/127.0.0.1:60289 - R:localhost/127.0.0.1:58955]' for 'POST' to 'http://localhost:58955/session/4816ec4d4d08bfdce7c5ce0c33ecb879/execute/sync'
17:27:17.734 [Forwarding isElementDisplayed on session 4816ec4d4d08bfdce7c5ce0c33ecb879 to remote] DEBUG org.asynchttpclient.netty.request.NettyRequestSender - Using open Channel [id: 0xd3d2b459, L:/127.0.0.1:60289 - R:localhost/127.0.0.1:58955] for POST '/session/4816ec4d4d08bfdce7c5ce0c33ecb879/execute/sync'
17:27:17.754 [AsyncHttpClient-1-8] DEBUG org.asynchttpclient.netty.handler.HttpHandler - 

Request DefaultHttpRequest(decodeResult: success, version: HTTP/1.1)
POST /session/4816ec4d4d08bfdce7c5ce0c33ecb879/execute/sync HTTP/1.1
User-Agent: selenium/4.1.2 (java windows)
Content-Length: 48780
Content-Type: application/json; charset=utf-8
host: localhost:58955
accept: */*

Response DefaultHttpResponse(decodeResult: success, version: HTTP/1.1)
HTTP/1.1 200 OK
Content-Type: application/json; charset=utf-8
cache-control: no-cache
content-length: 14

17:27:17.754 [AsyncHttpClient-1-8] DEBUG org.asynchttpclient.netty.channel.ChannelManager - Adding key: http://localhost:58955 for channel [id: 0xd3d2b459, L:/127.0.0.1:60289 - R:localhost/127.0.0.1:58955]
17:27:17.760 [Forwarding screenshot on session 4816ec4d4d08bfdce7c5ce0c33ecb879 to remote] DEBUG org.asynchttpclient.netty.request.NettyRequestSender - Using pooled Channel '[id: 0xd3d2b459, L:/127.0.0.1:60289 - R:localhost/127.0.0.1:58955]' for 'GET' to 'http://localhost:58955/session/4816ec4d4d08bfdce7c5ce0c33ecb879/screenshot'
17:27:17.760 [Forwarding screenshot on session 4816ec4d4d08bfdce7c5ce0c33ecb879 to remote] DEBUG org.asynchttpclient.netty.request.NettyRequestSender - Using open Channel [id: 0xd3d2b459, L:/127.0.0.1:60289 - R:localhost/127.0.0.1:58955] for GET '/session/4816ec4d4d08bfdce7c5ce0c33ecb879/screenshot'
17:27:18.022 [AsyncHttpClient-1-8] DEBUG org.asynchttpclient.netty.handler.HttpHandler - 

Request DefaultFullHttpRequest(decodeResult: success, version: HTTP/1.1, content: EmptyByteBufBE)
GET /session/4816ec4d4d08bfdce7c5ce0c33ecb879/screenshot HTTP/1.1
User-Agent: selenium/4.1.2 (java windows)
Cache-Control: no-cache
Content-Type: application/json; charset=utf-8
host: localhost:58955
accept: */*

Response DefaultHttpResponse(decodeResult: success, version: HTTP/1.1)
HTTP/1.1 200 OK
Content-Type: application/json; charset=utf-8
cache-control: no-cache
content-length: 351816

17:27:18.025 [AsyncHttpClient-1-8] DEBUG org.asynchttpclient.netty.channel.ChannelManager - Adding key: http://localhost:58955 for channel [id: 0xd3d2b459, L:/127.0.0.1:60289 - R:localhost/127.0.0.1:58955]
17:27:18.042 [AsyncHttpClient-1-1] DEBUG org.asynchttpclient.netty.channel.DefaultChannelPool - Entry count for : http://localhost:60290 : 1
17:27:18.042 [AsyncHttpClient-1-1] DEBUG org.asynchttpclient.netty.channel.DefaultChannelPool - Entry count for : http://localhost:58955 : 1
17:27:18.044 [main] DEBUG net.serenitybdd.core.photography.Darkroom - Send negative for processing for target\site\serenity\20277f1d76f1b925628464fcd1ece5de77a814679d1be3fdcf836a7ddadfed60.png
17:27:18.044 [main] DEBUG net.thucydides.core.steps.StepInterceptor - STEP DONE: validateOnDashboardPage
  &amp#27;[32mGiven &amp#27;[0m&amp#27;[32mI am at the dashboard page&amp#27;[0m          &amp#27;[90m# starter.stepdefinitions.PatientSteps.iAmAtTheDashboardPage()&amp#27;[0m
17:27:18.060 [main] DEBUG net.thucydides.core.steps.StepInterceptor - STARTING STEP: PatientSteps.iClickMenuPatient - clickMenuPatientButton
17:27:18.063 [Forwarding findElement on session 4816ec4d4d08bfdce7c5ce0c33ecb879 to remote] DEBUG org.asynchttpclient.netty.request.NettyRequestSender - Using pooled Channel '[id: 0xd3d2b459, L:/127.0.0.1:60289 - R:localhost/127.0.0.1:58955]' for 'POST' to 'http://localhost:58955/session/4816ec4d4d08bfdce7c5ce0c33ecb879/element'
17:27:18.063 [Forwarding findElement on session 4816ec4d4d08bfdce7c5ce0c33ecb879 to remote] DEBUG org.asynchttpclient.netty.request.NettyRequestSender - Using open Channel [id: 0xd3d2b459, L:/127.0.0.1:60289 - R:localhost/127.0.0.1:58955] for POST '/session/4816ec4d4d08bfdce7c5ce0c33ecb879/element'
17:27:18.082 [AsyncHttpClient-1-8] DEBUG org.asynchttpclient.netty.handler.HttpHandler - 

Request DefaultHttpRequest(decodeResult: success, version: HTTP/1.1)
POST /session/4816ec4d4d08bfdce7c5ce0c33ecb879/element HTTP/1.1
User-Agent: selenium/4.1.2 (java windows)
Content-Length: 80
Content-Type: application/json; charset=utf-8
host: localhost:58955
accept: */*

Response DefaultHttpResponse(decodeResult: success, version: HTTP/1.1)
HTTP/1.1 200 OK
Content-Type: application/json; charset=utf-8
cache-control: no-cache
content-length: 88

17:27:18.082 [AsyncHttpClient-1-8] DEBUG org.asynchttpclient.netty.channel.ChannelManager - Adding key: http://localhost:58955 for channel [id: 0xd3d2b459, L:/127.0.0.1:60289 - R:localhost/127.0.0.1:58955]
17:27:18.084 [Forwarding getElementTagName on session 4816ec4d4d08bfdce7c5ce0c33ecb879 to remote] DEBUG org.asynchttpclient.netty.request.NettyRequestSender - Using pooled Channel '[id: 0xd3d2b459, L:/127.0.0.1:60289 - R:localhost/127.0.0.1:58955]' for 'GET' to 'http://localhost:58955/session/4816ec4d4d08bfdce7c5ce0c33ecb879/element/07331462-4a56-4884-a0ac-acb2654568e6/name'
17:27:18.084 [Forwarding getElementTagName on session 4816ec4d4d08bfdce7c5ce0c33ecb879 to remote] DEBUG org.asynchttpclient.netty.request.NettyRequestSender - Using open Channel [id: 0xd3d2b459, L:/127.0.0.1:60289 - R:localhost/127.0.0.1:58955] for GET '/session/4816ec4d4d08bfdce7c5ce0c33ecb879/element/07331462-4a56-4884-a0ac-acb2654568e6/name'
17:27:18.090 [AsyncHttpClient-1-8] DEBUG org.asynchttpclient.netty.handler.HttpHandler - 

Request DefaultFullHttpRequest(decodeResult: success, version: HTTP/1.1, content: EmptyByteBufBE)
GET /session/4816ec4d4d08bfdce7c5ce0c33ecb879/element/07331462-4a56-4884-a0ac-acb2654568e6/name HTTP/1.1
User-Agent: selenium/4.1.2 (java windows)
Cache-Control: no-cache
Content-Type: application/json; charset=utf-8
host: localhost:58955
accept: */*

Response DefaultHttpResponse(decodeResult: success, version: HTTP/1.1)
HTTP/1.1 200 OK
Content-Type: application/json; charset=utf-8
cache-control: no-cache
content-length: 15

17:27:18.090 [AsyncHttpClient-1-8] DEBUG org.asynchttpclient.netty.channel.ChannelManager - Adding key: http://localhost:58955 for channel [id: 0xd3d2b459, L:/127.0.0.1:60289 - R:localhost/127.0.0.1:58955]
17:27:18.092 [Forwarding getElementTagName on session 4816ec4d4d08bfdce7c5ce0c33ecb879 to remote] DEBUG org.asynchttpclient.netty.request.NettyRequestSender - Using pooled Channel '[id: 0xd3d2b459, L:/127.0.0.1:60289 - R:localhost/127.0.0.1:58955]' for 'GET' to 'http://localhost:58955/session/4816ec4d4d08bfdce7c5ce0c33ecb879/element/07331462-4a56-4884-a0ac-acb2654568e6/name'
17:27:18.092 [Forwarding getElementTagName on session 4816ec4d4d08bfdce7c5ce0c33ecb879 to remote] DEBUG org.asynchttpclient.netty.request.NettyRequestSender - Using open Channel [id: 0xd3d2b459, L:/127.0.0.1:60289 - R:localhost/127.0.0.1:58955] for GET '/session/4816ec4d4d08bfdce7c5ce0c33ecb879/element/07331462-4a56-4884-a0ac-acb2654568e6/name'
17:27:18.096 [AsyncHttpClient-1-8] DEBUG org.asynchttpclient.netty.handler.HttpHandler - 

Request DefaultFullHttpRequest(decodeResult: success, version: HTTP/1.1, content: EmptyByteBufBE)
GET /session/4816ec4d4d08bfdce7c5ce0c33ecb879/element/07331462-4a56-4884-a0ac-acb2654568e6/name HTTP/1.1
User-Agent: selenium/4.1.2 (java windows)
Cache-Control: no-cache
Content-Type: application/json; charset=utf-8
host: localhost:58955
accept: */*

Response DefaultHttpResponse(decodeResult: success, version: HTTP/1.1)
HTTP/1.1 200 OK
Content-Type: application/json; charset=utf-8
cache-control: no-cache
content-length: 15

17:27:18.096 [AsyncHttpClient-1-8] DEBUG org.asynchttpclient.netty.channel.ChannelManager - Adding key: http://localhost:58955 for channel [id: 0xd3d2b459, L:/127.0.0.1:60289 - R:localhost/127.0.0.1:58955]
17:27:18.099 [Forwarding findElement on session 4816ec4d4d08bfdce7c5ce0c33ecb879 to remote] DEBUG org.asynchttpclient.netty.request.NettyRequestSender - Using pooled Channel '[id: 0xd3d2b459, L:/127.0.0.1:60289 - R:localhost/127.0.0.1:58955]' for 'POST' to 'http://localhost:58955/session/4816ec4d4d08bfdce7c5ce0c33ecb879/element'
17:27:18.099 [Forwarding findElement on session 4816ec4d4d08bfdce7c5ce0c33ecb879 to remote] DEBUG org.asynchttpclient.netty.request.NettyRequestSender - Using open Channel [id: 0xd3d2b459, L:/127.0.0.1:60289 - R:localhost/127.0.0.1:58955] for POST '/session/4816ec4d4d08bfdce7c5ce0c33ecb879/element'
17:27:18.109 [AsyncHttpClient-1-8] DEBUG org.asynchttpclient.netty.handler.HttpHandler - 

Request DefaultHttpRequest(decodeResult: success, version: HTTP/1.1)
POST /session/4816ec4d4d08bfdce7c5ce0c33ecb879/element HTTP/1.1
User-Agent: selenium/4.1.2 (java windows)
Content-Length: 80
Content-Type: application/json; charset=utf-8
host: localhost:58955
accept: */*

Response DefaultHttpResponse(decodeResult: success, version: HTTP/1.1)
HTTP/1.1 200 OK
Content-Type: application/json; charset=utf-8
cache-control: no-cache
content-length: 88

17:27:18.109 [AsyncHttpClient-1-8] DEBUG org.asynchttpclient.netty.channel.ChannelManager - Adding key: http://localhost:58955 for channel [id: 0xd3d2b459, L:/127.0.0.1:60289 - R:localhost/127.0.0.1:58955]
17:27:18.110 [Forwarding clickElement on session 4816ec4d4d08bfdce7c5ce0c33ecb879 to remote] DEBUG org.asynchttpclient.netty.request.NettyRequestSender - Using pooled Channel '[id: 0xd3d2b459, L:/127.0.0.1:60289 - R:localhost/127.0.0.1:58955]' for 'POST' to 'http://localhost:58955/session/4816ec4d4d08bfdce7c5ce0c33ecb879/element/07331462-4a56-4884-a0ac-acb2654568e6/click'
17:27:18.110 [Forwarding clickElement on session 4816ec4d4d08bfdce7c5ce0c33ecb879 to remote] DEBUG org.asynchttpclient.netty.request.NettyRequestSender - Using open Channel [id: 0xd3d2b459, L:/127.0.0.1:60289 - R:localhost/127.0.0.1:58955] for POST '/session/4816ec4d4d08bfdce7c5ce0c33ecb879/element/07331462-4a56-4884-a0ac-acb2654568e6/click'
17:27:18.275 [AsyncHttpClient-1-8] DEBUG org.asynchttpclient.netty.handler.HttpHandler - 

Request DefaultHttpRequest(decodeResult: success, version: HTTP/1.1)
POST /session/4816ec4d4d08bfdce7c5ce0c33ecb879/element/07331462-4a56-4884-a0ac-acb2654568e6/click HTTP/1.1
User-Agent: selenium/4.1.2 (java windows)
Content-Length: 50
Content-Type: application/json; charset=utf-8
host: localhost:58955
accept: */*

Response DefaultHttpResponse(decodeResult: success, version: HTTP/1.1)
HTTP/1.1 200 OK
Content-Type: application/json; charset=utf-8
cache-control: no-cache
content-length: 14

17:27:18.275 [AsyncHttpClient-1-8] DEBUG org.asynchttpclient.netty.channel.ChannelManager - Adding key: http://localhost:58955 for channel [id: 0xd3d2b459, L:/127.0.0.1:60289 - R:localhost/127.0.0.1:58955]
17:27:18.281 [Forwarding screenshot on session 4816ec4d4d08bfdce7c5ce0c33ecb879 to remote] DEBUG org.asynchttpclient.netty.request.NettyRequestSender - Using pooled Channel '[id: 0xd3d2b459, L:/127.0.0.1:60289 - R:localhost/127.0.0.1:58955]' for 'GET' to 'http://localhost:58955/session/4816ec4d4d08bfdce7c5ce0c33ecb879/screenshot'
17:27:18.281 [Forwarding screenshot on session 4816ec4d4d08bfdce7c5ce0c33ecb879 to remote] DEBUG org.asynchttpclient.netty.request.NettyRequestSender - Using open Channel [id: 0xd3d2b459, L:/127.0.0.1:60289 - R:localhost/127.0.0.1:58955] for GET '/session/4816ec4d4d08bfdce7c5ce0c33ecb879/screenshot'
17:27:18.390 [AsyncHttpClient-1-8] DEBUG org.asynchttpclient.netty.handler.HttpHandler - 

Request DefaultFullHttpRequest(decodeResult: success, version: HTTP/1.1, content: EmptyByteBufBE)
GET /session/4816ec4d4d08bfdce7c5ce0c33ecb879/screenshot HTTP/1.1
User-Agent: selenium/4.1.2 (java windows)
Cache-Control: no-cache
Content-Type: application/json; charset=utf-8
host: localhost:58955
accept: */*

Response DefaultHttpResponse(decodeResult: success, version: HTTP/1.1)
HTTP/1.1 200 OK
Content-Type: application/json; charset=utf-8
cache-control: no-cache
content-length: 55356

17:27:18.391 [AsyncHttpClient-1-8] DEBUG org.asynchttpclient.netty.channel.ChannelManager - Adding key: http://localhost:58955 for channel [id: 0xd3d2b459, L:/127.0.0.1:60289 - R:localhost/127.0.0.1:58955]
17:27:18.395 [main] DEBUG net.serenitybdd.core.photography.Darkroom - Send negative for processing for target\site\serenity\ba5e98368b8b80bc67dec291e300f29f857b0a624580ce977aa7580a9f0871db.png
17:27:18.395 [main] DEBUG net.thucydides.core.steps.StepInterceptor - STEP DONE: clickMenuPatientButton
  &amp#27;[32mAnd &amp#27;[0m&amp#27;[32mI click menu patient&amp#27;[0m                  &amp#27;[90m# starter.stepdefinitions.PatientSteps.iClickMenuPatient()&amp#27;[0m
17:27:18.422 [main] DEBUG net.thucydides.core.steps.StepInterceptor - STARTING STEP: PatientSteps.iClickEditPatientButton - clickEditPatientButton
17:27:18.428 [Forwarding findElement on session 4816ec4d4d08bfdce7c5ce0c33ecb879 to remote] DEBUG org.asynchttpclient.netty.request.NettyRequestSender - Using pooled Channel '[id: 0xd3d2b459, L:/127.0.0.1:60289 - R:localhost/127.0.0.1:58955]' for 'POST' to 'http://localhost:58955/session/4816ec4d4d08bfdce7c5ce0c33ecb879/element'
17:27:18.435 [Forwarding findElement on session 4816ec4d4d08bfdce7c5ce0c33ecb879 to remote] DEBUG org.asynchttpclient.netty.request.NettyRequestSender - Using open Channel [id: 0xd3d2b459, L:/127.0.0.1:60289 - R:localhost/127.0.0.1:58955] for POST '/session/4816ec4d4d08bfdce7c5ce0c33ecb879/element'
17:27:19.076 [AsyncHttpClient-1-8] DEBUG org.asynchttpclient.netty.handler.HttpHandler - 

Request DefaultHttpRequest(decodeResult: success, version: HTTP/1.1)
POST /session/4816ec4d4d08bfdce7c5ce0c33ecb879/element HTTP/1.1
User-Agent: selenium/4.1.2 (java windows)
Content-Length: 91
Content-Type: application/json; charset=utf-8
host: localhost:58955
accept: */*

Response DefaultHttpResponse(decodeResult: success, version: HTTP/1.1)
HTTP/1.1 200 OK
Content-Type: application/json; charset=utf-8
cache-control: no-cache
content-length: 88

17:27:19.077 [AsyncHttpClient-1-8] DEBUG org.asynchttpclient.netty.channel.ChannelManager - Adding key: http://localhost:58955 for channel [id: 0xd3d2b459, L:/127.0.0.1:60289 - R:localhost/127.0.0.1:58955]
17:27:19.079 [Forwarding getElementTagName on session 4816ec4d4d08bfdce7c5ce0c33ecb879 to remote] DEBUG org.asynchttpclient.netty.request.NettyRequestSender - Using pooled Channel '[id: 0xd3d2b459, L:/127.0.0.1:60289 - R:localhost/127.0.0.1:58955]' for 'GET' to 'http://localhost:58955/session/4816ec4d4d08bfdce7c5ce0c33ecb879/element/4d2d0861-ae50-4bfc-a65e-2529d37b1baa/name'
17:27:19.079 [Forwarding getElementTagName on session 4816ec4d4d08bfdce7c5ce0c33ecb879 to remote] DEBUG org.asynchttpclient.netty.request.NettyRequestSender - Using open Channel [id: 0xd3d2b459, L:/127.0.0.1:60289 - R:localhost/127.0.0.1:58955] for GET '/session/4816ec4d4d08bfdce7c5ce0c33ecb879/element/4d2d0861-ae50-4bfc-a65e-2529d37b1baa/name'
17:27:19.086 [AsyncHttpClient-1-8] DEBUG org.asynchttpclient.netty.handler.HttpHandler - 

Request DefaultFullHttpRequest(decodeResult: success, version: HTTP/1.1, content: EmptyByteBufBE)
GET /session/4816ec4d4d08bfdce7c5ce0c33ecb879/element/4d2d0861-ae50-4bfc-a65e-2529d37b1baa/name HTTP/1.1
User-Agent: selenium/4.1.2 (java windows)
Cache-Control: no-cache
Content-Type: application/json; charset=utf-8
host: localhost:58955
accept: */*

Response DefaultHttpResponse(decodeResult: success, version: HTTP/1.1)
HTTP/1.1 200 OK
Content-Type: application/json; charset=utf-8
cache-control: no-cache
content-length: 18

17:27:19.086 [AsyncHttpClient-1-8] DEBUG org.asynchttpclient.netty.channel.ChannelManager - Adding key: http://localhost:58955 for channel [id: 0xd3d2b459, L:/127.0.0.1:60289 - R:localhost/127.0.0.1:58955]
17:27:19.089 [Forwarding getElementTagName on session 4816ec4d4d08bfdce7c5ce0c33ecb879 to remote] DEBUG org.asynchttpclient.netty.request.NettyRequestSender - Using pooled Channel '[id: 0xd3d2b459, L:/127.0.0.1:60289 - R:localhost/127.0.0.1:58955]' for 'GET' to 'http://localhost:58955/session/4816ec4d4d08bfdce7c5ce0c33ecb879/element/4d2d0861-ae50-4bfc-a65e-2529d37b1baa/name'
17:27:19.089 [Forwarding getElementTagName on session 4816ec4d4d08bfdce7c5ce0c33ecb879 to remote] DEBUG org.asynchttpclient.netty.request.NettyRequestSender - Using open Channel [id: 0xd3d2b459, L:/127.0.0.1:60289 - R:localhost/127.0.0.1:58955] for GET '/session/4816ec4d4d08bfdce7c5ce0c33ecb879/element/4d2d0861-ae50-4bfc-a65e-2529d37b1baa/name'
17:27:19.094 [AsyncHttpClient-1-8] DEBUG org.asynchttpclient.netty.handler.HttpHandler - 

Request DefaultFullHttpRequest(decodeResult: success, version: HTTP/1.1, content: EmptyByteBufBE)
GET /session/4816ec4d4d08bfdce7c5ce0c33ecb879/element/4d2d0861-ae50-4bfc-a65e-2529d37b1baa/name HTTP/1.1
User-Agent: selenium/4.1.2 (java windows)
Cache-Control: no-cache
Content-Type: application/json; charset=utf-8
host: localhost:58955
accept: */*

Response DefaultHttpResponse(decodeResult: success, version: HTTP/1.1)
HTTP/1.1 200 OK
Content-Type: application/json; charset=utf-8
cache-control: no-cache
content-length: 18

17:27:19.094 [AsyncHttpClient-1-8] DEBUG org.asynchttpclient.netty.channel.ChannelManager - Adding key: http://localhost:58955 for channel [id: 0xd3d2b459, L:/127.0.0.1:60289 - R:localhost/127.0.0.1:58955]
17:27:19.096 [Forwarding isElementEnabled on session 4816ec4d4d08bfdce7c5ce0c33ecb879 to remote] DEBUG org.asynchttpclient.netty.request.NettyRequestSender - Using pooled Channel '[id: 0xd3d2b459, L:/127.0.0.1:60289 - R:localhost/127.0.0.1:58955]' for 'GET' to 'http://localhost:58955/session/4816ec4d4d08bfdce7c5ce0c33ecb879/element/4d2d0861-ae50-4bfc-a65e-2529d37b1baa/enabled'
17:27:19.096 [Forwarding isElementEnabled on session 4816ec4d4d08bfdce7c5ce0c33ecb879 to remote] DEBUG org.asynchttpclient.netty.request.NettyRequestSender - Using open Channel [id: 0xd3d2b459, L:/127.0.0.1:60289 - R:localhost/127.0.0.1:58955] for GET '/session/4816ec4d4d08bfdce7c5ce0c33ecb879/element/4d2d0861-ae50-4bfc-a65e-2529d37b1baa/enabled'
17:27:19.108 [AsyncHttpClient-1-8] DEBUG org.asynchttpclient.netty.handler.HttpHandler - 

Request DefaultFullHttpRequest(decodeResult: success, version: HTTP/1.1, content: EmptyByteBufBE)
GET /session/4816ec4d4d08bfdce7c5ce0c33ecb879/element/4d2d0861-ae50-4bfc-a65e-2529d37b1baa/enabled HTTP/1.1
User-Agent: selenium/4.1.2 (java windows)
Cache-Control: no-cache
Content-Type: application/json; charset=utf-8
host: localhost:58955
accept: */*

Response DefaultHttpResponse(decodeResult: success, version: HTTP/1.1)
HTTP/1.1 200 OK
Content-Type: application/json; charset=utf-8
cache-control: no-cache
content-length: 14

17:27:19.108 [AsyncHttpClient-1-8] DEBUG org.asynchttpclient.netty.channel.ChannelManager - Adding key: http://localhost:58955 for channel [id: 0xd3d2b459, L:/127.0.0.1:60289 - R:localhost/127.0.0.1:58955]
17:27:19.110 [Forwarding isElementEnabled on session 4816ec4d4d08bfdce7c5ce0c33ecb879 to remote] DEBUG org.asynchttpclient.netty.request.NettyRequestSender - Using pooled Channel '[id: 0xd3d2b459, L:/127.0.0.1:60289 - R:localhost/127.0.0.1:58955]' for 'GET' to 'http://localhost:58955/session/4816ec4d4d08bfdce7c5ce0c33ecb879/element/4d2d0861-ae50-4bfc-a65e-2529d37b1baa/enabled'
17:27:19.110 [Forwarding isElementEnabled on session 4816ec4d4d08bfdce7c5ce0c33ecb879 to remote] DEBUG org.asynchttpclient.netty.request.NettyRequestSender - Using open Channel [id: 0xd3d2b459, L:/127.0.0.1:60289 - R:localhost/127.0.0.1:58955] for GET '/session/4816ec4d4d08bfdce7c5ce0c33ecb879/element/4d2d0861-ae50-4bfc-a65e-2529d37b1baa/enabled'
17:27:19.118 [AsyncHttpClient-1-8] DEBUG org.asynchttpclient.netty.handler.HttpHandler - 

Request DefaultFullHttpRequest(decodeResult: success, version: HTTP/1.1, content: EmptyByteBufBE)
GET /session/4816ec4d4d08bfdce7c5ce0c33ecb879/element/4d2d0861-ae50-4bfc-a65e-2529d37b1baa/enabled HTTP/1.1
User-Agent: selenium/4.1.2 (java windows)
Cache-Control: no-cache
Content-Type: application/json; charset=utf-8
host: localhost:58955
accept: */*

Response DefaultHttpResponse(decodeResult: success, version: HTTP/1.1)
HTTP/1.1 200 OK
Content-Type: application/json; charset=utf-8
cache-control: no-cache
content-length: 14

17:27:19.118 [AsyncHttpClient-1-8] DEBUG org.asynchttpclient.netty.channel.ChannelManager - Adding key: http://localhost:58955 for channel [id: 0xd3d2b459, L:/127.0.0.1:60289 - R:localhost/127.0.0.1:58955]
17:27:19.123 [Forwarding findElement on session 4816ec4d4d08bfdce7c5ce0c33ecb879 to remote] DEBUG org.asynchttpclient.netty.request.NettyRequestSender - Using pooled Channel '[id: 0xd3d2b459, L:/127.0.0.1:60289 - R:localhost/127.0.0.1:58955]' for 'POST' to 'http://localhost:58955/session/4816ec4d4d08bfdce7c5ce0c33ecb879/element'
17:27:19.123 [Forwarding findElement on session 4816ec4d4d08bfdce7c5ce0c33ecb879 to remote] DEBUG org.asynchttpclient.netty.request.NettyRequestSender - Using open Channel [id: 0xd3d2b459, L:/127.0.0.1:60289 - R:localhost/127.0.0.1:58955] for POST '/session/4816ec4d4d08bfdce7c5ce0c33ecb879/element'
17:27:19.133 [AsyncHttpClient-1-8] DEBUG org.asynchttpclient.netty.handler.HttpHandler - 

Request DefaultHttpRequest(decodeResult: success, version: HTTP/1.1)
POST /session/4816ec4d4d08bfdce7c5ce0c33ecb879/element HTTP/1.1
User-Agent: selenium/4.1.2 (java windows)
Content-Length: 91
Content-Type: application/json; charset=utf-8
host: localhost:58955
accept: */*

Response DefaultHttpResponse(decodeResult: success, version: HTTP/1.1)
HTTP/1.1 200 OK
Content-Type: application/json; charset=utf-8
cache-control: no-cache
content-length: 88

17:27:19.134 [AsyncHttpClient-1-8] DEBUG org.asynchttpclient.netty.channel.ChannelManager - Adding key: http://localhost:58955 for channel [id: 0xd3d2b459, L:/127.0.0.1:60289 - R:localhost/127.0.0.1:58955]
17:27:19.135 [Forwarding clickElement on session 4816ec4d4d08bfdce7c5ce0c33ecb879 to remote] DEBUG org.asynchttpclient.netty.request.NettyRequestSender - Using pooled Channel '[id: 0xd3d2b459, L:/127.0.0.1:60289 - R:localhost/127.0.0.1:58955]' for 'POST' to 'http://localhost:58955/session/4816ec4d4d08bfdce7c5ce0c33ecb879/element/4d2d0861-ae50-4bfc-a65e-2529d37b1baa/click'
17:27:19.136 [Forwarding clickElement on session 4816ec4d4d08bfdce7c5ce0c33ecb879 to remote] DEBUG org.asynchttpclient.netty.request.NettyRequestSender - Using open Channel [id: 0xd3d2b459, L:/127.0.0.1:60289 - R:localhost/127.0.0.1:58955] for POST '/session/4816ec4d4d08bfdce7c5ce0c33ecb879/element/4d2d0861-ae50-4bfc-a65e-2529d37b1baa/click'
17:27:19.142 [AsyncHttpClient-1-1] DEBUG org.asynchttpclient.netty.channel.DefaultChannelPool - Entry count for : http://localhost:60290 : 1
17:27:19.338 [AsyncHttpClient-1-8] DEBUG org.asynchttpclient.netty.handler.HttpHandler - 

Request DefaultHttpRequest(decodeResult: success, version: HTTP/1.1)
POST /session/4816ec4d4d08bfdce7c5ce0c33ecb879/element/4d2d0861-ae50-4bfc-a65e-2529d37b1baa/click HTTP/1.1
User-Agent: selenium/4.1.2 (java windows)
Content-Length: 50
Content-Type: application/json; charset=utf-8
host: localhost:58955
accept: */*

Response DefaultHttpResponse(decodeResult: success, version: HTTP/1.1)
HTTP/1.1 200 OK
Content-Type: application/json; charset=utf-8
cache-control: no-cache
content-length: 14

17:27:19.338 [AsyncHttpClient-1-8] DEBUG org.asynchttpclient.netty.channel.ChannelManager - Adding key: http://localhost:58955 for channel [id: 0xd3d2b459, L:/127.0.0.1:60289 - R:localhost/127.0.0.1:58955]
17:27:19.349 [Forwarding screenshot on session 4816ec4d4d08bfdce7c5ce0c33ecb879 to remote] DEBUG org.asynchttpclient.netty.request.NettyRequestSender - Using pooled Channel '[id: 0xd3d2b459, L:/127.0.0.1:60289 - R:localhost/127.0.0.1:58955]' for 'GET' to 'http://localhost:58955/session/4816ec4d4d08bfdce7c5ce0c33ecb879/screenshot'
17:27:19.349 [Forwarding screenshot on session 4816ec4d4d08bfdce7c5ce0c33ecb879 to remote] DEBUG org.asynchttpclient.netty.request.NettyRequestSender - Using open Channel [id: 0xd3d2b459, L:/127.0.0.1:60289 - R:localhost/127.0.0.1:58955] for GET '/session/4816ec4d4d08bfdce7c5ce0c33ecb879/screenshot'
17:27:19.556 [AsyncHttpClient-1-8] DEBUG org.asynchttpclient.netty.handler.HttpHandler - 

Request DefaultFullHttpRequest(decodeResult: success, version: HTTP/1.1, content: EmptyByteBufBE)
GET /session/4816ec4d4d08bfdce7c5ce0c33ecb879/screenshot HTTP/1.1
User-Agent: selenium/4.1.2 (java windows)
Cache-Control: no-cache
Content-Type: application/json; charset=utf-8
host: localhost:58955
accept: */*

Response DefaultHttpResponse(decodeResult: success, version: HTTP/1.1)
HTTP/1.1 200 OK
Content-Type: application/json; charset=utf-8
cache-control: no-cache
content-length: 101196

17:27:19.558 [AsyncHttpClient-1-8] DEBUG org.asynchttpclient.netty.channel.ChannelManager - Adding key: http://localhost:58955 for channel [id: 0xd3d2b459, L:/127.0.0.1:60289 - R:localhost/127.0.0.1:58955]
17:27:19.566 [main] DEBUG net.serenitybdd.core.photography.Darkroom - Send negative for processing for target\site\serenity\959757b792a5ef5e76ae2e4ea1358c7880e29bb3ebb4d0d8c921901acde3d4e6.png
17:27:19.567 [main] DEBUG net.thucydides.core.steps.StepInterceptor - STEP DONE: clickEditPatientButton
17:27:19.567 [Darkroom Processing Line] DEBUG net.serenitybdd.core.photography.DarkroomProcessingLine - Processing screenshot image in /var/screenshots/screenshot-16662520314981186583
17:27:19.567 [Darkroom Processing Line] DEBUG net.serenitybdd.core.photography.DarkroomProcessingLine - Saving screenshot to target\site\serenity\959757b792a5ef5e76ae2e4ea1358c7880e29bb3ebb4d0d8c921901acde3d4e6.png
  &amp#27;[32mWhen &amp#27;[0m&amp#27;[32mI click Edit Patient button&amp#27;[0m          &amp#27;[90m# starter.stepdefinitions.PatientSteps.iClickEditPatientButton()&amp#27;[0m
17:27:19.597 [main] DEBUG net.thucydides.core.steps.StepInterceptor - STARTING STEP: PatientSteps.iClickXButton - clickXButton
17:27:19.604 [Forwarding findElement on session 4816ec4d4d08bfdce7c5ce0c33ecb879 to remote] DEBUG org.asynchttpclient.netty.request.NettyRequestSender - Using pooled Channel '[id: 0xd3d2b459, L:/127.0.0.1:60289 - R:localhost/127.0.0.1:58955]' for 'POST' to 'http://localhost:58955/session/4816ec4d4d08bfdce7c5ce0c33ecb879/element'
17:27:19.604 [Forwarding findElement on session 4816ec4d4d08bfdce7c5ce0c33ecb879 to remote] DEBUG org.asynchttpclient.netty.request.NettyRequestSender - Using open Channel [id: 0xd3d2b459, L:/127.0.0.1:60289 - R:localhost/127.0.0.1:58955] for POST '/session/4816ec4d4d08bfdce7c5ce0c33ecb879/element'
17:27:19.640 [AsyncHttpClient-1-8] DEBUG org.asynchttpclient.netty.handler.HttpHandler - 

Request DefaultHttpRequest(decodeResult: success, version: HTTP/1.1)
POST /session/4816ec4d4d08bfdce7c5ce0c33ecb879/element HTTP/1.1
User-Agent: selenium/4.1.2 (java windows)
Content-Length: 104
Content-Type: application/json; charset=utf-8
host: localhost:58955
accept: */*

Response DefaultHttpResponse(decodeResult: success, version: HTTP/1.1)
HTTP/1.1 200 OK
Content-Type: application/json; charset=utf-8
cache-control: no-cache
content-length: 88

17:27:19.640 [AsyncHttpClient-1-8] DEBUG org.asynchttpclient.netty.channel.ChannelManager - Adding key: http://localhost:58955 for channel [id: 0xd3d2b459, L:/127.0.0.1:60289 - R:localhost/127.0.0.1:58955]
17:27:19.642 [Forwarding getElementTagName on session 4816ec4d4d08bfdce7c5ce0c33ecb879 to remote] DEBUG org.asynchttpclient.netty.request.NettyRequestSender - Using pooled Channel '[id: 0xd3d2b459, L:/127.0.0.1:60289 - R:localhost/127.0.0.1:58955]' for 'GET' to 'http://localhost:58955/session/4816ec4d4d08bfdce7c5ce0c33ecb879/element/cea197b3-8d86-447d-a7de-2057209cc4f4/name'
17:27:19.642 [Forwarding getElementTagName on session 4816ec4d4d08bfdce7c5ce0c33ecb879 to remote] DEBUG org.asynchttpclient.netty.request.NettyRequestSender - Using open Channel [id: 0xd3d2b459, L:/127.0.0.1:60289 - R:localhost/127.0.0.1:58955] for GET '/session/4816ec4d4d08bfdce7c5ce0c33ecb879/element/cea197b3-8d86-447d-a7de-2057209cc4f4/name'
17:27:19.648 [AsyncHttpClient-1-8] DEBUG org.asynchttpclient.netty.handler.HttpHandler - 

Request DefaultFullHttpRequest(decodeResult: success, version: HTTP/1.1, content: EmptyByteBufBE)
GET /session/4816ec4d4d08bfdce7c5ce0c33ecb879/element/cea197b3-8d86-447d-a7de-2057209cc4f4/name HTTP/1.1
User-Agent: selenium/4.1.2 (java windows)
Cache-Control: no-cache
Content-Type: application/json; charset=utf-8
host: localhost:58955
accept: */*

Response DefaultHttpResponse(decodeResult: success, version: HTTP/1.1)
HTTP/1.1 200 OK
Content-Type: application/json; charset=utf-8
cache-control: no-cache
content-length: 18

17:27:19.648 [AsyncHttpClient-1-8] DEBUG org.asynchttpclient.netty.channel.ChannelManager - Adding key: http://localhost:58955 for channel [id: 0xd3d2b459, L:/127.0.0.1:60289 - R:localhost/127.0.0.1:58955]
17:27:19.650 [Forwarding getElementTagName on session 4816ec4d4d08bfdce7c5ce0c33ecb879 to remote] DEBUG org.asynchttpclient.netty.request.NettyRequestSender - Using pooled Channel '[id: 0xd3d2b459, L:/127.0.0.1:60289 - R:localhost/127.0.0.1:58955]' for 'GET' to 'http://localhost:58955/session/4816ec4d4d08bfdce7c5ce0c33ecb879/element/cea197b3-8d86-447d-a7de-2057209cc4f4/name'
17:27:19.650 [Forwarding getElementTagName on session 4816ec4d4d08bfdce7c5ce0c33ecb879 to remote] DEBUG org.asynchttpclient.netty.request.NettyRequestSender - Using open Channel [id: 0xd3d2b459, L:/127.0.0.1:60289 - R:localhost/127.0.0.1:58955] for GET '/session/4816ec4d4d08bfdce7c5ce0c33ecb879/element/cea197b3-8d86-447d-a7de-2057209cc4f4/name'
17:27:19.657 [AsyncHttpClient-1-8] DEBUG org.asynchttpclient.netty.handler.HttpHandler - 

Request DefaultFullHttpRequest(decodeResult: success, version: HTTP/1.1, content: EmptyByteBufBE)
GET /session/4816ec4d4d08bfdce7c5ce0c33ecb879/element/cea197b3-8d86-447d-a7de-2057209cc4f4/name HTTP/1.1
User-Agent: selenium/4.1.2 (java windows)
Cache-Control: no-cache
Content-Type: application/json; charset=utf-8
host: localhost:58955
accept: */*

Response DefaultHttpResponse(decodeResult: success, version: HTTP/1.1)
HTTP/1.1 200 OK
Content-Type: application/json; charset=utf-8
cache-control: no-cache
content-length: 18

17:27:19.657 [AsyncHttpClient-1-8] DEBUG org.asynchttpclient.netty.channel.ChannelManager - Adding key: http://localhost:58955 for channel [id: 0xd3d2b459, L:/127.0.0.1:60289 - R:localhost/127.0.0.1:58955]
17:27:19.660 [Forwarding isElementEnabled on session 4816ec4d4d08bfdce7c5ce0c33ecb879 to remote] DEBUG org.asynchttpclient.netty.request.NettyRequestSender - Using pooled Channel '[id: 0xd3d2b459, L:/127.0.0.1:60289 - R:localhost/127.0.0.1:58955]' for 'GET' to 'http://localhost:58955/session/4816ec4d4d08bfdce7c5ce0c33ecb879/element/cea197b3-8d86-447d-a7de-2057209cc4f4/enabled'
17:27:19.660 [Forwarding isElementEnabled on session 4816ec4d4d08bfdce7c5ce0c33ecb879 to remote] DEBUG org.asynchttpclient.netty.request.NettyRequestSender - Using open Channel [id: 0xd3d2b459, L:/127.0.0.1:60289 - R:localhost/127.0.0.1:58955] for GET '/session/4816ec4d4d08bfdce7c5ce0c33ecb879/element/cea197b3-8d86-447d-a7de-2057209cc4f4/enabled'
17:27:19.674 [AsyncHttpClient-1-8] DEBUG org.asynchttpclient.netty.handler.HttpHandler - 

Request DefaultFullHttpRequest(decodeResult: success, version: HTTP/1.1, content: EmptyByteBufBE)
GET /session/4816ec4d4d08bfdce7c5ce0c33ecb879/element/cea197b3-8d86-447d-a7de-2057209cc4f4/enabled HTTP/1.1
User-Agent: selenium/4.1.2 (java windows)
Cache-Control: no-cache
Content-Type: application/json; charset=utf-8
host: localhost:58955
accept: */*

Response DefaultHttpResponse(decodeResult: success, version: HTTP/1.1)
HTTP/1.1 200 OK
Content-Type: application/json; charset=utf-8
cache-control: no-cache
content-length: 14

17:27:19.674 [AsyncHttpClient-1-8] DEBUG org.asynchttpclient.netty.channel.ChannelManager - Adding key: http://localhost:58955 for channel [id: 0xd3d2b459, L:/127.0.0.1:60289 - R:localhost/127.0.0.1:58955]
17:27:19.675 [Forwarding isElementEnabled on session 4816ec4d4d08bfdce7c5ce0c33ecb879 to remote] DEBUG org.asynchttpclient.netty.request.NettyRequestSender - Using pooled Channel '[id: 0xd3d2b459, L:/127.0.0.1:60289 - R:localhost/127.0.0.1:58955]' for 'GET' to 'http://localhost:58955/session/4816ec4d4d08bfdce7c5ce0c33ecb879/element/cea197b3-8d86-447d-a7de-2057209cc4f4/enabled'
17:27:19.676 [Forwarding isElementEnabled on session 4816ec4d4d08bfdce7c5ce0c33ecb879 to remote] DEBUG org.asynchttpclient.netty.request.NettyRequestSender - Using open Channel [id: 0xd3d2b459, L:/127.0.0.1:60289 - R:localhost/127.0.0.1:58955] for GET '/session/4816ec4d4d08bfdce7c5ce0c33ecb879/element/cea197b3-8d86-447d-a7de-2057209cc4f4/enabled'
17:27:19.687 [AsyncHttpClient-1-8] DEBUG org.asynchttpclient.netty.handler.HttpHandler - 

Request DefaultFullHttpRequest(decodeResult: success, version: HTTP/1.1, content: EmptyByteBufBE)
GET /session/4816ec4d4d08bfdce7c5ce0c33ecb879/element/cea197b3-8d86-447d-a7de-2057209cc4f4/enabled HTTP/1.1
User-Agent: selenium/4.1.2 (java windows)
Cache-Control: no-cache
Content-Type: application/json; charset=utf-8
host: localhost:58955
accept: */*

Response DefaultHttpResponse(decodeResult: success, version: HTTP/1.1)
HTTP/1.1 200 OK
Content-Type: application/json; charset=utf-8
cache-control: no-cache
content-length: 14

17:27:19.687 [AsyncHttpClient-1-8] DEBUG org.asynchttpclient.netty.channel.ChannelManager - Adding key: http://localhost:58955 for channel [id: 0xd3d2b459, L:/127.0.0.1:60289 - R:localhost/127.0.0.1:58955]
17:27:19.689 [Forwarding findElement on session 4816ec4d4d08bfdce7c5ce0c33ecb879 to remote] DEBUG org.asynchttpclient.netty.request.NettyRequestSender - Using pooled Channel '[id: 0xd3d2b459, L:/127.0.0.1:60289 - R:localhost/127.0.0.1:58955]' for 'POST' to 'http://localhost:58955/session/4816ec4d4d08bfdce7c5ce0c33ecb879/element'
17:27:19.689 [Forwarding findElement on session 4816ec4d4d08bfdce7c5ce0c33ecb879 to remote] DEBUG org.asynchttpclient.netty.request.NettyRequestSender - Using open Channel [id: 0xd3d2b459, L:/127.0.0.1:60289 - R:localhost/127.0.0.1:58955] for POST '/session/4816ec4d4d08bfdce7c5ce0c33ecb879/element'
17:27:19.701 [AsyncHttpClient-1-8] DEBUG org.asynchttpclient.netty.handler.HttpHandler - 

Request DefaultHttpRequest(decodeResult: success, version: HTTP/1.1)
POST /session/4816ec4d4d08bfdce7c5ce0c33ecb879/element HTTP/1.1
User-Agent: selenium/4.1.2 (java windows)
Content-Length: 104
Content-Type: application/json; charset=utf-8
host: localhost:58955
accept: */*

Response DefaultHttpResponse(decodeResult: success, version: HTTP/1.1)
HTTP/1.1 200 OK
Content-Type: application/json; charset=utf-8
cache-control: no-cache
content-length: 88

17:27:19.702 [AsyncHttpClient-1-8] DEBUG org.asynchttpclient.netty.channel.ChannelManager - Adding key: http://localhost:58955 for channel [id: 0xd3d2b459, L:/127.0.0.1:60289 - R:localhost/127.0.0.1:58955]
17:27:19.704 [Forwarding clickElement on session 4816ec4d4d08bfdce7c5ce0c33ecb879 to remote] DEBUG org.asynchttpclient.netty.request.NettyRequestSender - Using pooled Channel '[id: 0xd3d2b459, L:/127.0.0.1:60289 - R:localhost/127.0.0.1:58955]' for 'POST' to 'http://localhost:58955/session/4816ec4d4d08bfdce7c5ce0c33ecb879/element/cea197b3-8d86-447d-a7de-2057209cc4f4/click'
17:27:19.704 [Forwarding clickElement on session 4816ec4d4d08bfdce7c5ce0c33ecb879 to remote] DEBUG org.asynchttpclient.netty.request.NettyRequestSender - Using open Channel [id: 0xd3d2b459, L:/127.0.0.1:60289 - R:localhost/127.0.0.1:58955] for POST '/session/4816ec4d4d08bfdce7c5ce0c33ecb879/element/cea197b3-8d86-447d-a7de-2057209cc4f4/click'
17:27:19.825 [AsyncHttpClient-1-8] DEBUG org.asynchttpclient.netty.handler.HttpHandler - 

Request DefaultHttpRequest(decodeResult: success, version: HTTP/1.1)
POST /session/4816ec4d4d08bfdce7c5ce0c33ecb879/element/cea197b3-8d86-447d-a7de-2057209cc4f4/click HTTP/1.1
User-Agent: selenium/4.1.2 (java windows)
Content-Length: 50
Content-Type: application/json; charset=utf-8
host: localhost:58955
accept: */*

Response DefaultHttpResponse(decodeResult: success, version: HTTP/1.1)
HTTP/1.1 200 OK
Content-Type: application/json; charset=utf-8
cache-control: no-cache
content-length: 14

17:27:19.825 [AsyncHttpClient-1-8] DEBUG org.asynchttpclient.netty.channel.ChannelManager - Adding key: http://localhost:58955 for channel [id: 0xd3d2b459, L:/127.0.0.1:60289 - R:localhost/127.0.0.1:58955]
17:27:19.835 [Forwarding screenshot on session 4816ec4d4d08bfdce7c5ce0c33ecb879 to remote] DEBUG org.asynchttpclient.netty.request.NettyRequestSender - Using pooled Channel '[id: 0xd3d2b459, L:/127.0.0.1:60289 - R:localhost/127.0.0.1:58955]' for 'GET' to 'http://localhost:58955/session/4816ec4d4d08bfdce7c5ce0c33ecb879/screenshot'
17:27:19.835 [Forwarding screenshot on session 4816ec4d4d08bfdce7c5ce0c33ecb879 to remote] DEBUG org.asynchttpclient.netty.request.NettyRequestSender - Using open Channel [id: 0xd3d2b459, L:/127.0.0.1:60289 - R:localhost/127.0.0.1:58955] for GET '/session/4816ec4d4d08bfdce7c5ce0c33ecb879/screenshot'
17:27:19.942 [AsyncHttpClient-1-8] DEBUG org.asynchttpclient.netty.handler.HttpHandler - 

Request DefaultFullHttpRequest(decodeResult: success, version: HTTP/1.1, content: EmptyByteBufBE)
GET /session/4816ec4d4d08bfdce7c5ce0c33ecb879/screenshot HTTP/1.1
User-Agent: selenium/4.1.2 (java windows)
Cache-Control: no-cache
Content-Type: application/json; charset=utf-8
host: localhost:58955
accept: */*

Response DefaultHttpResponse(decodeResult: success, version: HTTP/1.1)
HTTP/1.1 200 OK
Content-Type: application/json; charset=utf-8
cache-control: no-cache
content-length: 77724

17:27:19.943 [AsyncHttpClient-1-8] DEBUG org.asynchttpclient.netty.channel.ChannelManager - Adding key: http://localhost:58955 for channel [id: 0xd3d2b459, L:/127.0.0.1:60289 - R:localhost/127.0.0.1:58955]
17:27:19.947 [main] DEBUG net.serenitybdd.core.photography.Darkroom - Send negative for processing for target\site\serenity\f2923bbf9f7ef9678c84464009c68e2016f92c6b01100cf3efc1c4bb942c1dea.png
17:27:19.947 [main] DEBUG net.thucydides.core.steps.StepInterceptor - STEP DONE: clickXButton
  &amp#27;[32mThen &amp#27;[0m&amp#27;[32mI click x button&amp#27;[0m                     &amp#27;[90m# starter.stepdefinitions.PatientSteps.iClickXButton()&amp#27;[0m
17:27:19.947 [Darkroom Processing Line] DEBUG net.serenitybdd.core.photography.DarkroomProcessingLine - Processing screenshot image in /var/screenshots/screenshot-12164552323599455582
17:27:19.947 [Darkroom Processing Line] DEBUG net.serenitybdd.core.photography.DarkroomProcessingLine - Saving screenshot to target\site\serenity\f2923bbf9f7ef9678c84464009c68e2016f92c6b01100cf3efc1c4bb942c1dea.png
17:27:19.953 [main] INFO  - 
  _____   ___   ___   _____     ___     _     ___   ___   ___   ___  
 |_   _| | __| / __| |_   _|   | _ \   /_\   / __| / __| | __| |   \ 
   | |   | _|  \__ \   | |     |  _/  / _ \  \__ \ \__ \ | _|  | |) |
   |_|   |___| |___/   |_|     |_|   /_/ \_\ |___/ |___/ |___| |___/ 

Cancel Edit Patient Data Scenario
----------------------------------------------------------------------
17:27:19.955 [AsyncHttpClient-1-2] DEBUG org.asynchttpclient.netty.handler.WebSocketHandler - Channel Closed: [id: 0x0a61a881, L:/127.0.0.1:60296 ! R:localhost/127.0.0.1:60290] with attribute NettyResponseFuture{currentRetry=5,
	isDone=1,
	isCancelled=0,
	asyncHandler=org.asynchttpclient.ws.WebSocketUpgradeHandler@39a11356,
	nettyRequest=org.asynchttpclient.netty.request.NettyRequest@1815e01c,
	future=java.util.concurrent.CompletableFuture@6841171c[Completed normally],
	uri=ws://localhost:60290/devtools/browser/bb7a8a5e-ce9b-4b8a-85c5-9846101b96c1,
	keepAlive=true,
	redirectCount=0,
	timeoutsHolder=null,
	inAuth=0,
	touch=1655375231050}
17:27:19.955 [AsyncHttpClient-1-2] DEBUG org.asynchttpclient.netty.channel.ChannelManager - Closing Channel [id: 0x0a61a881, L:/127.0.0.1:60296 ! R:localhost/127.0.0.1:60290] 
17:27:19.955 [Driver Command Executor] DEBUG org.asynchttpclient.netty.request.NettyRequestSender - Using pooled Channel '[id: 0xd3d2b459, L:/127.0.0.1:60289 - R:localhost/127.0.0.1:58955]' for 'DELETE' to 'http://localhost:58955/session/4816ec4d4d08bfdce7c5ce0c33ecb879'
17:27:19.956 [Driver Command Executor] DEBUG org.asynchttpclient.netty.request.NettyRequestSender - Using open Channel [id: 0xd3d2b459, L:/127.0.0.1:60289 - R:localhost/127.0.0.1:58955] for DELETE '/session/4816ec4d4d08bfdce7c5ce0c33ecb879'
17:27:20.242 [AsyncHttpClient-1-1] DEBUG org.asynchttpclient.netty.channel.DefaultChannelPool - Entry count for : http://localhost:60290 : 1
17:27:21.342 [AsyncHttpClient-1-1] DEBUG org.asynchttpclient.netty.channel.DefaultChannelPool - Entry count for : http://localhost:60290 : 1
17:27:21.604 [AsyncHttpClient-1-9] DEBUG org.asynchttpclient.netty.handler.HttpHandler - Unexpected I/O exception on channel [id: 0x653f02af, L:/127.0.0.1:60295 - R:localhost/127.0.0.1:60290]
java.net.SocketException: Connection reset
	at java.base/sun.nio.ch.SocketChannelImpl.throwConnectionReset(SocketChannelImpl.java:367)
	at java.base/sun.nio.ch.SocketChannelImpl.read(SocketChannelImpl.java:398)
	at io.netty.buffer.PooledByteBuf.setBytes(PooledByteBuf.java:258)
	at io.netty.buffer.AbstractByteBuf.writeBytes(AbstractByteBuf.java:1132)
	at io.netty.channel.socket.nio.NioSocketChannel.doReadBytes(NioSocketChannel.java:350)
	at io.netty.channel.nio.AbstractNioByteChannel$NioByteUnsafe.read(AbstractNioByteChannel.java:151)
	at io.netty.channel.nio.NioEventLoop.processSelectedKey(NioEventLoop.java:722)
	at io.netty.channel.nio.NioEventLoop.processSelectedKeysOptimized(NioEventLoop.java:658)
	at io.netty.channel.nio.NioEventLoop.processSelectedKeys(NioEventLoop.java:584)
	at io.netty.channel.nio.NioEventLoop.run(NioEventLoop.java:496)
	at io.netty.util.concurrent.SingleThreadEventExecutor$4.run(SingleThreadEventExecutor.java:986)
	at io.netty.util.internal.ThreadExecutorMap$2.run(ThreadExecutorMap.java:74)
	at io.netty.util.concurrent.FastThreadLocalRunnable.run(FastThreadLocalRunnable.java:30)
	at java.base/java.lang.Thread.run(Thread.java:832)
17:27:21.604 [AsyncHttpClient-1-9] DEBUG org.asynchttpclient.netty.channel.ChannelManager - Closing Channel [id: 0x653f02af, L:/127.0.0.1:60295 - R:localhost/127.0.0.1:60290] 
17:27:21.604 [AsyncHttpClient-1-9] DEBUG org.asynchttpclient.netty.handler.HttpHandler - Channel Closed: [id: 0x653f02af, L:/127.0.0.1:60295 ! R:localhost/127.0.0.1:60290] with attribute DISCARD
17:27:22.444 [AsyncHttpClient-1-1] DEBUG org.asynchttpclient.netty.channel.DefaultChannelPool - Entry count for : http://localhost:60290 : 1
17:27:22.445 [AsyncHttpClient-1-1] DEBUG org.asynchttpclient.netty.channel.DefaultChannelPool - Adding Candidate expired Channel [id: 0x653f02af, L:/127.0.0.1:60295 ! R:localhost/127.0.0.1:60290] isIdleTimeoutExpired=false isRemotelyClosed=true isTtlExpired=false
17:27:22.445 [AsyncHttpClient-1-1] DEBUG org.asynchttpclient.netty.channel.DefaultChannelPool - Closing Idle Channel [id: 0x653f02af, L:/127.0.0.1:60295 ! R:localhost/127.0.0.1:60290]
17:27:22.445 [AsyncHttpClient-1-1] DEBUG org.asynchttpclient.netty.channel.DefaultChannelPool - Closed 1 connections out of 1 in 1 ms
17:27:24.615 [AsyncHttpClient-1-8] DEBUG org.asynchttpclient.netty.handler.HttpHandler - 

Request DefaultFullHttpRequest(decodeResult: success, version: HTTP/1.1, content: EmptyByteBufBE)
DELETE /session/4816ec4d4d08bfdce7c5ce0c33ecb879 HTTP/1.1
User-Agent: selenium/4.1.2 (java windows)
Content-Type: application/json; charset=utf-8
host: localhost:58955
accept: */*

Response DefaultHttpResponse(decodeResult: success, version: HTTP/1.1)
HTTP/1.1 200 OK
Content-Type: application/json; charset=utf-8
cache-control: no-cache
content-length: 14

17:27:24.616 [AsyncHttpClient-1-8] DEBUG org.asynchttpclient.netty.channel.ChannelManager - Adding key: http://localhost:58955 for channel [id: 0xd3d2b459, L:/127.0.0.1:60289 - R:localhost/127.0.0.1:58955]
17:27:24.642 [AsyncHttpClient-1-1] DEBUG org.asynchttpclient.netty.channel.DefaultChannelPool - Entry count for : http://localhost:58955 : 1
17:27:24.693 [AsyncHttpClient-1-8] DEBUG org.asynchttpclient.netty.handler.HttpHandler - Channel Closed: [id: 0xd3d2b459, L:/127.0.0.1:60289 ! R:localhost/127.0.0.1:58955] with attribute DISCARD
]]></system-out>
    <system-err><![CDATA[Starting ChromeDriver 102.0.5005.61 (0e59bcc00cc4985ce39ad31c150065f159d95ad3-refs/branch-heads/5005@{#819}) on port 58955
Only local connections are allowed.
Please see https://chromedriver.chromium.org/security-considerations for suggestions on keeping ChromeDriver safe.
ChromeDriver was started successfully.
Jun 16, 2022 5:27:11 PM org.openqa.selenium.remote.ProtocolHandshake createSession
INFO: Detected dialect: W3C
Jun 16, 2022 5:27:11 PM org.openqa.selenium.devtools.CdpVersionFinder findNearestMatch
WARNING: Unable to find an exact match for CDP version 102, so returning the closest version found: a no-op implementation
Jun 16, 2022 5:27:11 PM org.openqa.selenium.devtools.CdpVersionFinder findNearestMatch
INFO: Unable to find CDP implementation matching 102.
Jun 16, 2022 5:27:11 PM org.openqa.selenium.chromium.ChromiumDriver lambda$new$3
WARNING: Unable to find version of CDP to use for . You may need to include a dependency on a specific version of the CDP using something similar to `org.seleniumhq.selenium:selenium-devtools-v86:4.1.2` where the version ("v86") matches the version of the chromium-based browser you're using and the version number of the artifact is the same as Selenium's.
]]></system-err>
  </testcase>
  <testcase name="Delete Patient Data Scenario" classname="Patient" time="15.576">
    <system-out><![CDATA[
@Patient
Scenario: Delete Patient Data Scenario &amp#27;[90m# src/test/resources/features/2.Patient.feature:34&amp#27;[0m
17:27:25.240 [main] INFO io.cucumber.core.plugin.SerenityReporter - Running feature from file:///E:/My%20Documents/File%20Difa/TI%20Semester%206%20Kampus%20Merdeka%20Alterra/Tugas/CAPSTONE%20Project/Capstone-Project-Website/src/test/resources/features/2.Patient.feature
17:27:25.246 [main] INFO  - 
  _____   ___   ___   _____     ___   _____     _     ___   _____   ___   ___  
 |_   _| | __| / __| |_   _|   / __| |_   _|   /_\   | _ \ |_   _| | __| |   \ 
   | |   | _|  \__ \   | |     \__ \   | |    / _ \  |   /   | |   | _|  | |) |
   |_|   |___| |___/   |_|     |___/   |_|   /_/ \_\ |_|_\   |_|   |___| |___/ 

Delete Patient Data Scenario(patient;delete-patient-data-scenario)
--------------------------------------------------------------------------------
17:27:25.272 [main] DEBUG net.thucydides.core.steps.StepInterceptor - STARTING STEP: PatientSteps.iAmAtTheDashboardPage - openUrl
17:27:25.274 [main] INFO net.serenitybdd.core.webdriver.driverproviders.ChromeDriverProvider - Using automatically driver download
17:27:25.425 [main] DEBUG io.github.bonigarcia.wdm.cache.ResolutionCache - Resolution chrome=102 in cache (valid until 18:07:22 16/06/2022 ICT)
17:27:25.429 [main] DEBUG io.github.bonigarcia.wdm.cache.ResolutionCache - Resolution chrome102=102.0.5005.61 in cache (valid until 15:56:01 17/06/2022 ICT)
17:27:25.430 [main] INFO io.github.bonigarcia.wdm.WebDriverManager - Using chromedriver 102.0.5005.61 (resolved driver for Chrome 102)
17:27:25.439 [main] DEBUG io.github.bonigarcia.wdm.WebDriverManager - Driver chromedriver 102.0.5005.61 found in cache
17:27:25.439 [main] INFO io.github.bonigarcia.wdm.WebDriverManager - Exporting webdriver.chrome.driver as C:\Users\USER\.cache\selenium\chromedriver\win32\102.0.5005.61\chromedriver.exe
17:27:25.609 [main] DEBUG net.serenitybdd.core.webdriver.driverproviders.ProvideNewDriver - Instantiating driver
17:27:25.609 [main] DEBUG net.serenitybdd.core.webdriver.driverproviders.ProvideNewDriver - Driver capabilities: Capabilities {acceptInsecureCerts: false, base.url: https://hospital-management..., browserName: chrome, chrome.driver: src/test/resources/webdrive..., driver: chrome, goog:chromeOptions: {args: [], extensions: []}}
17:27:25.742 [AsyncHttpClient-1-1] DEBUG org.asynchttpclient.netty.channel.DefaultChannelPool - Entry count for : http://localhost:58955 : 1
17:27:25.742 [AsyncHttpClient-1-1] DEBUG org.asynchttpclient.netty.channel.DefaultChannelPool - Adding Candidate expired Channel [id: 0xd3d2b459, L:/127.0.0.1:60289 ! R:localhost/127.0.0.1:58955] isIdleTimeoutExpired=false isRemotelyClosed=true isTtlExpired=false
17:27:25.742 [AsyncHttpClient-1-1] DEBUG org.asynchttpclient.netty.channel.DefaultChannelPool - Closing Idle Channel [id: 0xd3d2b459, L:/127.0.0.1:60289 ! R:localhost/127.0.0.1:58955]
17:27:25.742 [AsyncHttpClient-1-1] DEBUG org.asynchttpclient.netty.channel.DefaultChannelPool - Closed 1 connections out of 1 in 0 ms
17:27:26.131 [AsyncHttpClient-1-3] DEBUG org.asynchttpclient.netty.channel.NettyConnectListener - Using new Channel '[id: 0x6f40ae46, L:/127.0.0.1:60314 - R:localhost/127.0.0.1:57695]' for 'POST' to '/session'
17:27:28.675 [AsyncHttpClient-1-3] DEBUG org.asynchttpclient.netty.handler.HttpHandler - 

Request DefaultHttpRequest(decodeResult: success, version: HTTP/1.1)
POST /session HTTP/1.1
User-Agent: selenium/4.1.2 (java windows)
Content-Length: 621
Content-Type: application/json; charset=utf-8
host: localhost:57695
accept: */*

Response DefaultHttpResponse(decodeResult: success, version: HTTP/1.1)
HTTP/1.1 200 OK
Content-Type: application/json; charset=utf-8
cache-control: no-cache
content-length: 789

17:27:28.675 [AsyncHttpClient-1-3] DEBUG org.asynchttpclient.netty.channel.ChannelManager - Adding key: http://localhost:57695 for channel [id: 0x6f40ae46, L:/127.0.0.1:60314 - R:localhost/127.0.0.1:57695]
17:27:28.681 [AsyncHttpClient-1-4] DEBUG org.asynchttpclient.netty.channel.NettyConnectListener - Using new Channel '[id: 0x6e38cf3d, L:/127.0.0.1:60320 - R:localhost/127.0.0.1:60315]' for 'GET' to '/json/version'
17:27:28.682 [AsyncHttpClient-1-4] DEBUG org.asynchttpclient.netty.handler.HttpHandler - 

Request DefaultFullHttpRequest(decodeResult: success, version: HTTP/1.1, content: EmptyByteBufBE)
GET /json/version HTTP/1.1
User-Agent: selenium/4.1.2 (java windows)
host: localhost:60315
accept: */*

Response DefaultHttpResponse(decodeResult: success, version: HTTP/1.1)
HTTP/1.1 200 OK
Content-Type: application/json; charset=UTF-8
content-length: 427

17:27:28.682 [AsyncHttpClient-1-4] DEBUG org.asynchttpclient.netty.channel.ChannelManager - Adding key: http://localhost:60315 for channel [id: 0x6e38cf3d, L:/127.0.0.1:60320 - R:localhost/127.0.0.1:60315]
17:27:28.684 [AsyncHttpClient-1-5] DEBUG org.asynchttpclient.netty.channel.NettyConnectListener - Using new Channel '[id: 0x5befa311, L:/127.0.0.1:60321 - R:localhost/127.0.0.1:60315]' for 'GET' to '/devtools/browser/8306861e-9270-4ccd-907e-8a7ebc2120cf'
17:27:28.685 [AsyncHttpClient-1-5] DEBUG org.asynchttpclient.netty.handler.WebSocketHandler - 

Request DefaultFullHttpRequest(decodeResult: success, version: HTTP/1.1, content: EmptyByteBufBE)
GET /devtools/browser/8306861e-9270-4ccd-907e-8a7ebc2120cf HTTP/1.1
upgrade: websocket
connection: upgrade
sec-websocket-key: tF9OD882DeYhIXBKBI8IwA==
sec-websocket-version: 13
origin: http://localhost:60315
host: localhost:60315
accept: */*
user-agent: AHC/2.1

Response DefaultHttpResponse(decodeResult: success, version: HTTP/1.1)
HTTP/1.1 101 WebSocket Protocol Handshake
Upgrade: WebSocket
Connection: Upgrade
Sec-WebSocket-Accept: htlKhcPoVr3uZxa8A9bKnf4nb0c=

17:27:28.690 [Forwarding maximizeCurrentWindow on session 456301b572696041645a7597163e557a to remote] DEBUG org.asynchttpclient.netty.request.NettyRequestSender - Using pooled Channel '[id: 0x6f40ae46, L:/127.0.0.1:60314 - R:localhost/127.0.0.1:57695]' for 'POST' to 'http://localhost:57695/session/456301b572696041645a7597163e557a/window/maximize'
17:27:28.690 [Forwarding maximizeCurrentWindow on session 456301b572696041645a7597163e557a to remote] DEBUG org.asynchttpclient.netty.request.NettyRequestSender - Using open Channel [id: 0x6f40ae46, L:/127.0.0.1:60314 - R:localhost/127.0.0.1:57695] for POST '/session/456301b572696041645a7597163e557a/window/maximize'
17:27:28.827 [AsyncHttpClient-1-3] DEBUG org.asynchttpclient.netty.handler.HttpHandler - 

Request DefaultHttpRequest(decodeResult: success, version: HTTP/1.1)
POST /session/456301b572696041645a7597163e557a/window/maximize HTTP/1.1
User-Agent: selenium/4.1.2 (java windows)
Content-Length: 3
Content-Type: application/json; charset=utf-8
host: localhost:57695
accept: */*

Response DefaultHttpResponse(decodeResult: success, version: HTTP/1.1)
HTTP/1.1 200 OK
Content-Type: application/json; charset=utf-8
cache-control: no-cache
content-length: 51

17:27:28.827 [AsyncHttpClient-1-3] DEBUG org.asynchttpclient.netty.channel.ChannelManager - Adding key: http://localhost:57695 for channel [id: 0x6f40ae46, L:/127.0.0.1:60314 - R:localhost/127.0.0.1:57695]
17:27:28.828 [Forwarding get on session 456301b572696041645a7597163e557a to remote] DEBUG org.asynchttpclient.netty.request.NettyRequestSender - Using pooled Channel '[id: 0x6f40ae46, L:/127.0.0.1:60314 - R:localhost/127.0.0.1:57695]' for 'POST' to 'http://localhost:57695/session/456301b572696041645a7597163e557a/url'
17:27:28.828 [Forwarding get on session 456301b572696041645a7597163e557a to remote] DEBUG org.asynchttpclient.netty.request.NettyRequestSender - Using open Channel [id: 0x6f40ae46, L:/127.0.0.1:60314 - R:localhost/127.0.0.1:57695] for POST '/session/456301b572696041645a7597163e557a/url'
17:27:29.045 [AsyncHttpClient-1-1] DEBUG org.asynchttpclient.netty.channel.DefaultChannelPool - Entry count for : http://localhost:60315 : 1
17:27:30.141 [AsyncHttpClient-1-1] DEBUG org.asynchttpclient.netty.channel.DefaultChannelPool - Entry count for : http://localhost:60315 : 1
17:27:31.242 [AsyncHttpClient-1-1] DEBUG org.asynchttpclient.netty.channel.DefaultChannelPool - Entry count for : http://localhost:60315 : 1
17:27:32.342 [AsyncHttpClient-1-1] DEBUG org.asynchttpclient.netty.channel.DefaultChannelPool - Entry count for : http://localhost:60315 : 1
17:27:33.443 [AsyncHttpClient-1-1] DEBUG org.asynchttpclient.netty.channel.DefaultChannelPool - Entry count for : http://localhost:60315 : 1
17:27:34.543 [AsyncHttpClient-1-1] DEBUG org.asynchttpclient.netty.channel.DefaultChannelPool - Entry count for : http://localhost:60315 : 1
17:27:35.641 [AsyncHttpClient-1-1] DEBUG org.asynchttpclient.netty.channel.DefaultChannelPool - Entry count for : http://localhost:60315 : 1
17:27:36.047 [AsyncHttpClient-1-3] DEBUG org.asynchttpclient.netty.handler.HttpHandler - 

Request DefaultHttpRequest(decodeResult: success, version: HTTP/1.1)
POST /session/456301b572696041645a7597163e557a/url HTTP/1.1
User-Agent: selenium/4.1.2 (java windows)
Content-Length: 65
Content-Type: application/json; charset=utf-8
host: localhost:57695
accept: */*

Response DefaultHttpResponse(decodeResult: success, version: HTTP/1.1)
HTTP/1.1 200 OK
Content-Type: application/json; charset=utf-8
cache-control: no-cache
content-length: 14

17:27:36.047 [AsyncHttpClient-1-3] DEBUG org.asynchttpclient.netty.channel.ChannelManager - Adding key: http://localhost:57695 for channel [id: 0x6f40ae46, L:/127.0.0.1:60314 - R:localhost/127.0.0.1:57695]
17:27:36.049 [Forwarding setTimeout on session 456301b572696041645a7597163e557a to remote] DEBUG org.asynchttpclient.netty.request.NettyRequestSender - Using pooled Channel '[id: 0x6f40ae46, L:/127.0.0.1:60314 - R:localhost/127.0.0.1:57695]' for 'POST' to 'http://localhost:57695/session/456301b572696041645a7597163e557a/timeouts'
17:27:36.049 [Forwarding setTimeout on session 456301b572696041645a7597163e557a to remote] DEBUG org.asynchttpclient.netty.request.NettyRequestSender - Using open Channel [id: 0x6f40ae46, L:/127.0.0.1:60314 - R:localhost/127.0.0.1:57695] for POST '/session/456301b572696041645a7597163e557a/timeouts'
17:27:36.051 [AsyncHttpClient-1-3] DEBUG org.asynchttpclient.netty.handler.HttpHandler - 

Request DefaultHttpRequest(decodeResult: success, version: HTTP/1.1)
POST /session/456301b572696041645a7597163e557a/timeouts HTTP/1.1
User-Agent: selenium/4.1.2 (java windows)
Content-Length: 22
Content-Type: application/json; charset=utf-8
host: localhost:57695
accept: */*

Response DefaultHttpResponse(decodeResult: success, version: HTTP/1.1)
HTTP/1.1 200 OK
Content-Type: application/json; charset=utf-8
cache-control: no-cache
content-length: 14

17:27:36.051 [AsyncHttpClient-1-3] DEBUG org.asynchttpclient.netty.channel.ChannelManager - Adding key: http://localhost:57695 for channel [id: 0x6f40ae46, L:/127.0.0.1:60314 - R:localhost/127.0.0.1:57695]
17:27:36.057 [Forwarding getCurrentUrl on session 456301b572696041645a7597163e557a to remote] DEBUG org.asynchttpclient.netty.request.NettyRequestSender - Using pooled Channel '[id: 0x6f40ae46, L:/127.0.0.1:60314 - R:localhost/127.0.0.1:57695]' for 'GET' to 'http://localhost:57695/session/456301b572696041645a7597163e557a/url'
17:27:36.057 [Forwarding getCurrentUrl on session 456301b572696041645a7597163e557a to remote] DEBUG org.asynchttpclient.netty.request.NettyRequestSender - Using open Channel [id: 0x6f40ae46, L:/127.0.0.1:60314 - R:localhost/127.0.0.1:57695] for GET '/session/456301b572696041645a7597163e557a/url'
17:27:36.170 [AsyncHttpClient-1-3] DEBUG org.asynchttpclient.netty.handler.HttpHandler - 

Request DefaultFullHttpRequest(decodeResult: success, version: HTTP/1.1, content: EmptyByteBufBE)
GET /session/456301b572696041645a7597163e557a/url HTTP/1.1
User-Agent: selenium/4.1.2 (java windows)
Cache-Control: no-cache
Content-Type: application/json; charset=utf-8
host: localhost:57695
accept: */*

Response DefaultHttpResponse(decodeResult: success, version: HTTP/1.1)
HTTP/1.1 200 OK
Content-Type: application/json; charset=utf-8
cache-control: no-cache
content-length: 53

17:27:36.170 [AsyncHttpClient-1-3] DEBUG org.asynchttpclient.netty.channel.ChannelManager - Adding key: http://localhost:57695 for channel [id: 0x6f40ae46, L:/127.0.0.1:60314 - R:localhost/127.0.0.1:57695]
17:27:36.173 [Forwarding getCurrentUrl on session 456301b572696041645a7597163e557a to remote] DEBUG org.asynchttpclient.netty.request.NettyRequestSender - Using pooled Channel '[id: 0x6f40ae46, L:/127.0.0.1:60314 - R:localhost/127.0.0.1:57695]' for 'GET' to 'http://localhost:57695/session/456301b572696041645a7597163e557a/url'
17:27:36.173 [Forwarding getCurrentUrl on session 456301b572696041645a7597163e557a to remote] DEBUG org.asynchttpclient.netty.request.NettyRequestSender - Using open Channel [id: 0x6f40ae46, L:/127.0.0.1:60314 - R:localhost/127.0.0.1:57695] for GET '/session/456301b572696041645a7597163e557a/url'
17:27:36.178 [AsyncHttpClient-1-3] DEBUG org.asynchttpclient.netty.handler.HttpHandler - 

Request DefaultFullHttpRequest(decodeResult: success, version: HTTP/1.1, content: EmptyByteBufBE)
GET /session/456301b572696041645a7597163e557a/url HTTP/1.1
User-Agent: selenium/4.1.2 (java windows)
Cache-Control: no-cache
Content-Type: application/json; charset=utf-8
host: localhost:57695
accept: */*

Response DefaultHttpResponse(decodeResult: success, version: HTTP/1.1)
HTTP/1.1 200 OK
Content-Type: application/json; charset=utf-8
cache-control: no-cache
content-length: 53

17:27:36.178 [AsyncHttpClient-1-3] DEBUG org.asynchttpclient.netty.channel.ChannelManager - Adding key: http://localhost:57695 for channel [id: 0x6f40ae46, L:/127.0.0.1:60314 - R:localhost/127.0.0.1:57695]
17:27:36.183 [Forwarding screenshot on session 456301b572696041645a7597163e557a to remote] DEBUG org.asynchttpclient.netty.request.NettyRequestSender - Using pooled Channel '[id: 0x6f40ae46, L:/127.0.0.1:60314 - R:localhost/127.0.0.1:57695]' for 'GET' to 'http://localhost:57695/session/456301b572696041645a7597163e557a/screenshot'
17:27:36.183 [Forwarding screenshot on session 456301b572696041645a7597163e557a to remote] DEBUG org.asynchttpclient.netty.request.NettyRequestSender - Using open Channel [id: 0x6f40ae46, L:/127.0.0.1:60314 - R:localhost/127.0.0.1:57695] for GET '/session/456301b572696041645a7597163e557a/screenshot'
17:27:36.451 [AsyncHttpClient-1-3] DEBUG org.asynchttpclient.netty.handler.HttpHandler - 

Request DefaultFullHttpRequest(decodeResult: success, version: HTTP/1.1, content: EmptyByteBufBE)
GET /session/456301b572696041645a7597163e557a/screenshot HTTP/1.1
User-Agent: selenium/4.1.2 (java windows)
Cache-Control: no-cache
Content-Type: application/json; charset=utf-8
host: localhost:57695
accept: */*

Response DefaultHttpResponse(decodeResult: success, version: HTTP/1.1)
HTTP/1.1 200 OK
Content-Type: application/json; charset=utf-8
cache-control: no-cache
content-length: 355488

17:27:36.453 [AsyncHttpClient-1-3] DEBUG org.asynchttpclient.netty.channel.ChannelManager - Adding key: http://localhost:57695 for channel [id: 0x6f40ae46, L:/127.0.0.1:60314 - R:localhost/127.0.0.1:57695]
17:27:36.480 [main] DEBUG net.serenitybdd.core.photography.Darkroom - Send negative for processing for target\site\serenity\a10b50d14b154c59ce68b20a4dbf22a8de5c213cdb6f20cc7f2a508819dbff67.png
17:27:36.480 [main] DEBUG net.thucydides.core.steps.StepInterceptor - STEP DONE: openUrl
17:27:36.480 [Darkroom Processing Line] DEBUG net.serenitybdd.core.photography.DarkroomProcessingLine - Processing screenshot image in /var/screenshots/screenshot-7688888232249840862
17:27:36.481 [Darkroom Processing Line] DEBUG net.serenitybdd.core.photography.DarkroomProcessingLine - Saving screenshot to target\site\serenity\a10b50d14b154c59ce68b20a4dbf22a8de5c213cdb6f20cc7f2a508819dbff67.png
17:27:36.491 [main] DEBUG net.thucydides.core.steps.StepInterceptor - STARTING STEP: PatientSteps.iAmAtTheDashboardPage - validateOnDashboardPage
17:27:36.496 [Forwarding findElement on session 456301b572696041645a7597163e557a to remote] DEBUG org.asynchttpclient.netty.request.NettyRequestSender - Using pooled Channel '[id: 0x6f40ae46, L:/127.0.0.1:60314 - R:localhost/127.0.0.1:57695]' for 'POST' to 'http://localhost:57695/session/456301b572696041645a7597163e557a/element'
17:27:36.496 [Forwarding findElement on session 456301b572696041645a7597163e557a to remote] DEBUG org.asynchttpclient.netty.request.NettyRequestSender - Using open Channel [id: 0x6f40ae46, L:/127.0.0.1:60314 - R:localhost/127.0.0.1:57695] for POST '/session/456301b572696041645a7597163e557a/element'
17:27:36.518 [AsyncHttpClient-1-3] DEBUG org.asynchttpclient.netty.handler.HttpHandler - 

Request DefaultHttpRequest(decodeResult: success, version: HTTP/1.1)
POST /session/456301b572696041645a7597163e557a/element HTTP/1.1
User-Agent: selenium/4.1.2 (java windows)
Content-Length: 81
Content-Type: application/json; charset=utf-8
host: localhost:57695
accept: */*

Response DefaultHttpResponse(decodeResult: success, version: HTTP/1.1)
HTTP/1.1 200 OK
Content-Type: application/json; charset=utf-8
cache-control: no-cache
content-length: 88

17:27:36.518 [AsyncHttpClient-1-3] DEBUG org.asynchttpclient.netty.channel.ChannelManager - Adding key: http://localhost:57695 for channel [id: 0x6f40ae46, L:/127.0.0.1:60314 - R:localhost/127.0.0.1:57695]
17:27:36.524 [Forwarding isElementDisplayed on session 456301b572696041645a7597163e557a to remote] DEBUG org.asynchttpclient.netty.request.NettyRequestSender - Using pooled Channel '[id: 0x6f40ae46, L:/127.0.0.1:60314 - R:localhost/127.0.0.1:57695]' for 'POST' to 'http://localhost:57695/session/456301b572696041645a7597163e557a/execute/sync'
17:27:36.524 [Forwarding isElementDisplayed on session 456301b572696041645a7597163e557a to remote] DEBUG org.asynchttpclient.netty.request.NettyRequestSender - Using open Channel [id: 0x6f40ae46, L:/127.0.0.1:60314 - R:localhost/127.0.0.1:57695] for POST '/session/456301b572696041645a7597163e557a/execute/sync'
17:27:36.552 [AsyncHttpClient-1-3] DEBUG org.asynchttpclient.netty.handler.HttpHandler - 

Request DefaultHttpRequest(decodeResult: success, version: HTTP/1.1)
POST /session/456301b572696041645a7597163e557a/execute/sync HTTP/1.1
User-Agent: selenium/4.1.2 (java windows)
Content-Length: 48780
Content-Type: application/json; charset=utf-8
host: localhost:57695
accept: */*

Response DefaultHttpResponse(decodeResult: success, version: HTTP/1.1)
HTTP/1.1 200 OK
Content-Type: application/json; charset=utf-8
cache-control: no-cache
content-length: 14

17:27:36.552 [AsyncHttpClient-1-3] DEBUG org.asynchttpclient.netty.channel.ChannelManager - Adding key: http://localhost:57695 for channel [id: 0x6f40ae46, L:/127.0.0.1:60314 - R:localhost/127.0.0.1:57695]
17:27:36.568 [Forwarding screenshot on session 456301b572696041645a7597163e557a to remote] DEBUG org.asynchttpclient.netty.request.NettyRequestSender - Using pooled Channel '[id: 0x6f40ae46, L:/127.0.0.1:60314 - R:localhost/127.0.0.1:57695]' for 'GET' to 'http://localhost:57695/session/456301b572696041645a7597163e557a/screenshot'
17:27:36.568 [Forwarding screenshot on session 456301b572696041645a7597163e557a to remote] DEBUG org.asynchttpclient.netty.request.NettyRequestSender - Using open Channel [id: 0x6f40ae46, L:/127.0.0.1:60314 - R:localhost/127.0.0.1:57695] for GET '/session/456301b572696041645a7597163e557a/screenshot'
17:27:36.743 [AsyncHttpClient-1-1] DEBUG org.asynchttpclient.netty.channel.DefaultChannelPool - Entry count for : http://localhost:60315 : 1
17:27:36.827 [AsyncHttpClient-1-3] DEBUG org.asynchttpclient.netty.handler.HttpHandler - 

Request DefaultFullHttpRequest(decodeResult: success, version: HTTP/1.1, content: EmptyByteBufBE)
GET /session/456301b572696041645a7597163e557a/screenshot HTTP/1.1
User-Agent: selenium/4.1.2 (java windows)
Cache-Control: no-cache
Content-Type: application/json; charset=utf-8
host: localhost:57695
accept: */*

Response DefaultHttpResponse(decodeResult: success, version: HTTP/1.1)
HTTP/1.1 200 OK
Content-Type: application/json; charset=utf-8
cache-control: no-cache
content-length: 355488

17:27:36.829 [AsyncHttpClient-1-3] DEBUG org.asynchttpclient.netty.channel.ChannelManager - Adding key: http://localhost:57695 for channel [id: 0x6f40ae46, L:/127.0.0.1:60314 - R:localhost/127.0.0.1:57695]
17:27:36.850 [main] DEBUG net.serenitybdd.core.photography.Darkroom - Send negative for processing for target\site\serenity\a10b50d14b154c59ce68b20a4dbf22a8de5c213cdb6f20cc7f2a508819dbff67.png
17:27:36.850 [main] DEBUG net.thucydides.core.steps.StepInterceptor - STEP DONE: validateOnDashboardPage
  &amp#27;[32mGiven &amp#27;[0m&amp#27;[32mI am at the dashboard page&amp#27;[0m     &amp#27;[90m# starter.stepdefinitions.PatientSteps.iAmAtTheDashboardPage()&amp#27;[0m
17:27:36.874 [main] DEBUG net.thucydides.core.steps.StepInterceptor - STARTING STEP: PatientSteps.iClickMenuPatient - clickMenuPatientButton
17:27:36.878 [Forwarding findElement on session 456301b572696041645a7597163e557a to remote] DEBUG org.asynchttpclient.netty.request.NettyRequestSender - Using pooled Channel '[id: 0x6f40ae46, L:/127.0.0.1:60314 - R:localhost/127.0.0.1:57695]' for 'POST' to 'http://localhost:57695/session/456301b572696041645a7597163e557a/element'
17:27:36.878 [Forwarding findElement on session 456301b572696041645a7597163e557a to remote] DEBUG org.asynchttpclient.netty.request.NettyRequestSender - Using open Channel [id: 0x6f40ae46, L:/127.0.0.1:60314 - R:localhost/127.0.0.1:57695] for POST '/session/456301b572696041645a7597163e557a/element'
17:27:36.894 [AsyncHttpClient-1-3] DEBUG org.asynchttpclient.netty.handler.HttpHandler - 

Request DefaultHttpRequest(decodeResult: success, version: HTTP/1.1)
POST /session/456301b572696041645a7597163e557a/element HTTP/1.1
User-Agent: selenium/4.1.2 (java windows)
Content-Length: 80
Content-Type: application/json; charset=utf-8
host: localhost:57695
accept: */*

Response DefaultHttpResponse(decodeResult: success, version: HTTP/1.1)
HTTP/1.1 200 OK
Content-Type: application/json; charset=utf-8
cache-control: no-cache
content-length: 88

17:27:36.894 [AsyncHttpClient-1-3] DEBUG org.asynchttpclient.netty.channel.ChannelManager - Adding key: http://localhost:57695 for channel [id: 0x6f40ae46, L:/127.0.0.1:60314 - R:localhost/127.0.0.1:57695]
17:27:36.896 [Forwarding getElementTagName on session 456301b572696041645a7597163e557a to remote] DEBUG org.asynchttpclient.netty.request.NettyRequestSender - Using pooled Channel '[id: 0x6f40ae46, L:/127.0.0.1:60314 - R:localhost/127.0.0.1:57695]' for 'GET' to 'http://localhost:57695/session/456301b572696041645a7597163e557a/element/5ba58b7e-de82-4d30-a389-5b72fb8cbbd5/name'
17:27:36.896 [Forwarding getElementTagName on session 456301b572696041645a7597163e557a to remote] DEBUG org.asynchttpclient.netty.request.NettyRequestSender - Using open Channel [id: 0x6f40ae46, L:/127.0.0.1:60314 - R:localhost/127.0.0.1:57695] for GET '/session/456301b572696041645a7597163e557a/element/5ba58b7e-de82-4d30-a389-5b72fb8cbbd5/name'
17:27:36.900 [AsyncHttpClient-1-3] DEBUG org.asynchttpclient.netty.handler.HttpHandler - 

Request DefaultFullHttpRequest(decodeResult: success, version: HTTP/1.1, content: EmptyByteBufBE)
GET /session/456301b572696041645a7597163e557a/element/5ba58b7e-de82-4d30-a389-5b72fb8cbbd5/name HTTP/1.1
User-Agent: selenium/4.1.2 (java windows)
Cache-Control: no-cache
Content-Type: application/json; charset=utf-8
host: localhost:57695
accept: */*

Response DefaultHttpResponse(decodeResult: success, version: HTTP/1.1)
HTTP/1.1 200 OK
Content-Type: application/json; charset=utf-8
cache-control: no-cache
content-length: 15

17:27:36.901 [AsyncHttpClient-1-3] DEBUG org.asynchttpclient.netty.channel.ChannelManager - Adding key: http://localhost:57695 for channel [id: 0x6f40ae46, L:/127.0.0.1:60314 - R:localhost/127.0.0.1:57695]
17:27:36.902 [Forwarding getElementTagName on session 456301b572696041645a7597163e557a to remote] DEBUG org.asynchttpclient.netty.request.NettyRequestSender - Using pooled Channel '[id: 0x6f40ae46, L:/127.0.0.1:60314 - R:localhost/127.0.0.1:57695]' for 'GET' to 'http://localhost:57695/session/456301b572696041645a7597163e557a/element/5ba58b7e-de82-4d30-a389-5b72fb8cbbd5/name'
17:27:36.902 [Forwarding getElementTagName on session 456301b572696041645a7597163e557a to remote] DEBUG org.asynchttpclient.netty.request.NettyRequestSender - Using open Channel [id: 0x6f40ae46, L:/127.0.0.1:60314 - R:localhost/127.0.0.1:57695] for GET '/session/456301b572696041645a7597163e557a/element/5ba58b7e-de82-4d30-a389-5b72fb8cbbd5/name'
17:27:36.906 [AsyncHttpClient-1-3] DEBUG org.asynchttpclient.netty.handler.HttpHandler - 

Request DefaultFullHttpRequest(decodeResult: success, version: HTTP/1.1, content: EmptyByteBufBE)
GET /session/456301b572696041645a7597163e557a/element/5ba58b7e-de82-4d30-a389-5b72fb8cbbd5/name HTTP/1.1
User-Agent: selenium/4.1.2 (java windows)
Cache-Control: no-cache
Content-Type: application/json; charset=utf-8
host: localhost:57695
accept: */*

Response DefaultHttpResponse(decodeResult: success, version: HTTP/1.1)
HTTP/1.1 200 OK
Content-Type: application/json; charset=utf-8
cache-control: no-cache
content-length: 15

17:27:36.906 [AsyncHttpClient-1-3] DEBUG org.asynchttpclient.netty.channel.ChannelManager - Adding key: http://localhost:57695 for channel [id: 0x6f40ae46, L:/127.0.0.1:60314 - R:localhost/127.0.0.1:57695]
17:27:36.908 [Forwarding findElement on session 456301b572696041645a7597163e557a to remote] DEBUG org.asynchttpclient.netty.request.NettyRequestSender - Using pooled Channel '[id: 0x6f40ae46, L:/127.0.0.1:60314 - R:localhost/127.0.0.1:57695]' for 'POST' to 'http://localhost:57695/session/456301b572696041645a7597163e557a/element'
17:27:36.908 [Forwarding findElement on session 456301b572696041645a7597163e557a to remote] DEBUG org.asynchttpclient.netty.request.NettyRequestSender - Using open Channel [id: 0x6f40ae46, L:/127.0.0.1:60314 - R:localhost/127.0.0.1:57695] for POST '/session/456301b572696041645a7597163e557a/element'
17:27:36.916 [AsyncHttpClient-1-3] DEBUG org.asynchttpclient.netty.handler.HttpHandler - 

Request DefaultHttpRequest(decodeResult: success, version: HTTP/1.1)
POST /session/456301b572696041645a7597163e557a/element HTTP/1.1
User-Agent: selenium/4.1.2 (java windows)
Content-Length: 80
Content-Type: application/json; charset=utf-8
host: localhost:57695
accept: */*

Response DefaultHttpResponse(decodeResult: success, version: HTTP/1.1)
HTTP/1.1 200 OK
Content-Type: application/json; charset=utf-8
cache-control: no-cache
content-length: 88

17:27:36.917 [AsyncHttpClient-1-3] DEBUG org.asynchttpclient.netty.channel.ChannelManager - Adding key: http://localhost:57695 for channel [id: 0x6f40ae46, L:/127.0.0.1:60314 - R:localhost/127.0.0.1:57695]
17:27:36.918 [Forwarding clickElement on session 456301b572696041645a7597163e557a to remote] DEBUG org.asynchttpclient.netty.request.NettyRequestSender - Using pooled Channel '[id: 0x6f40ae46, L:/127.0.0.1:60314 - R:localhost/127.0.0.1:57695]' for 'POST' to 'http://localhost:57695/session/456301b572696041645a7597163e557a/element/5ba58b7e-de82-4d30-a389-5b72fb8cbbd5/click'
17:27:36.918 [Forwarding clickElement on session 456301b572696041645a7597163e557a to remote] DEBUG org.asynchttpclient.netty.request.NettyRequestSender - Using open Channel [id: 0x6f40ae46, L:/127.0.0.1:60314 - R:localhost/127.0.0.1:57695] for POST '/session/456301b572696041645a7597163e557a/element/5ba58b7e-de82-4d30-a389-5b72fb8cbbd5/click'
17:27:37.140 [AsyncHttpClient-1-3] DEBUG org.asynchttpclient.netty.handler.HttpHandler - 

Request DefaultHttpRequest(decodeResult: success, version: HTTP/1.1)
POST /session/456301b572696041645a7597163e557a/element/5ba58b7e-de82-4d30-a389-5b72fb8cbbd5/click HTTP/1.1
User-Agent: selenium/4.1.2 (java windows)
Content-Length: 50
Content-Type: application/json; charset=utf-8
host: localhost:57695
accept: */*

Response DefaultHttpResponse(decodeResult: success, version: HTTP/1.1)
HTTP/1.1 200 OK
Content-Type: application/json; charset=utf-8
cache-control: no-cache
content-length: 14

17:27:37.141 [AsyncHttpClient-1-3] DEBUG org.asynchttpclient.netty.channel.ChannelManager - Adding key: http://localhost:57695 for channel [id: 0x6f40ae46, L:/127.0.0.1:60314 - R:localhost/127.0.0.1:57695]
17:27:37.152 [Forwarding screenshot on session 456301b572696041645a7597163e557a to remote] DEBUG org.asynchttpclient.netty.request.NettyRequestSender - Using pooled Channel '[id: 0x6f40ae46, L:/127.0.0.1:60314 - R:localhost/127.0.0.1:57695]' for 'GET' to 'http://localhost:57695/session/456301b572696041645a7597163e557a/screenshot'
17:27:37.152 [Forwarding screenshot on session 456301b572696041645a7597163e557a to remote] DEBUG org.asynchttpclient.netty.request.NettyRequestSender - Using open Channel [id: 0x6f40ae46, L:/127.0.0.1:60314 - R:localhost/127.0.0.1:57695] for GET '/session/456301b572696041645a7597163e557a/screenshot'
17:27:37.257 [AsyncHttpClient-1-3] DEBUG org.asynchttpclient.netty.handler.HttpHandler - 

Request DefaultFullHttpRequest(decodeResult: success, version: HTTP/1.1, content: EmptyByteBufBE)
GET /session/456301b572696041645a7597163e557a/screenshot HTTP/1.1
User-Agent: selenium/4.1.2 (java windows)
Cache-Control: no-cache
Content-Type: application/json; charset=utf-8
host: localhost:57695
accept: */*

Response DefaultHttpResponse(decodeResult: success, version: HTTP/1.1)
HTTP/1.1 200 OK
Content-Type: application/json; charset=utf-8
cache-control: no-cache
content-length: 37108

17:27:37.257 [AsyncHttpClient-1-3] DEBUG org.asynchttpclient.netty.channel.ChannelManager - Adding key: http://localhost:57695 for channel [id: 0x6f40ae46, L:/127.0.0.1:60314 - R:localhost/127.0.0.1:57695]
17:27:37.261 [main] DEBUG net.serenitybdd.core.photography.Darkroom - Send negative for processing for target\site\serenity\191892a91731ac9195bdb99cdcc5e2b48dec5b3983076e7a0bc1cdda6d18b5fb.png
17:27:37.261 [main] DEBUG net.thucydides.core.steps.StepInterceptor - STEP DONE: clickMenuPatientButton
  &amp#27;[32mAnd &amp#27;[0m&amp#27;[32mI click menu patient&amp#27;[0m             &amp#27;[90m# starter.stepdefinitions.PatientSteps.iClickMenuPatient()&amp#27;[0m
17:27:37.261 [Darkroom Processing Line] DEBUG net.serenitybdd.core.photography.DarkroomProcessingLine - Processing screenshot image in /var/screenshots/screenshot-18426480647315404557
17:27:37.261 [Darkroom Processing Line] DEBUG net.serenitybdd.core.photography.DarkroomProcessingLine - Saving screenshot to target\site\serenity\191892a91731ac9195bdb99cdcc5e2b48dec5b3983076e7a0bc1cdda6d18b5fb.png
17:27:37.291 [main] DEBUG net.thucydides.core.steps.StepInterceptor - STARTING STEP: PatientSteps.iClickDeletePatientButton - clickDeletePatientButton
17:27:37.297 [Forwarding findElement on session 456301b572696041645a7597163e557a to remote] DEBUG org.asynchttpclient.netty.request.NettyRequestSender - Using pooled Channel '[id: 0x6f40ae46, L:/127.0.0.1:60314 - R:localhost/127.0.0.1:57695]' for 'POST' to 'http://localhost:57695/session/456301b572696041645a7597163e557a/element'
17:27:37.297 [Forwarding findElement on session 456301b572696041645a7597163e557a to remote] DEBUG org.asynchttpclient.netty.request.NettyRequestSender - Using open Channel [id: 0x6f40ae46, L:/127.0.0.1:60314 - R:localhost/127.0.0.1:57695] for POST '/session/456301b572696041645a7597163e557a/element'
17:27:37.841 [AsyncHttpClient-1-1] DEBUG org.asynchttpclient.netty.channel.DefaultChannelPool - Entry count for : http://localhost:60315 : 1
17:27:38.943 [AsyncHttpClient-1-1] DEBUG org.asynchttpclient.netty.channel.DefaultChannelPool - Entry count for : http://localhost:60315 : 1
17:27:39.138 [AsyncHttpClient-1-3] DEBUG org.asynchttpclient.netty.handler.HttpHandler - 

Request DefaultHttpRequest(decodeResult: success, version: HTTP/1.1)
POST /session/456301b572696041645a7597163e557a/element HTTP/1.1
User-Agent: selenium/4.1.2 (java windows)
Content-Length: 91
Content-Type: application/json; charset=utf-8
host: localhost:57695
accept: */*

Response DefaultHttpResponse(decodeResult: success, version: HTTP/1.1)
HTTP/1.1 200 OK
Content-Type: application/json; charset=utf-8
cache-control: no-cache
content-length: 88

17:27:39.139 [AsyncHttpClient-1-3] DEBUG org.asynchttpclient.netty.channel.ChannelManager - Adding key: http://localhost:57695 for channel [id: 0x6f40ae46, L:/127.0.0.1:60314 - R:localhost/127.0.0.1:57695]
17:27:39.141 [Forwarding getElementTagName on session 456301b572696041645a7597163e557a to remote] DEBUG org.asynchttpclient.netty.request.NettyRequestSender - Using pooled Channel '[id: 0x6f40ae46, L:/127.0.0.1:60314 - R:localhost/127.0.0.1:57695]' for 'GET' to 'http://localhost:57695/session/456301b572696041645a7597163e557a/element/b484c6a1-f1d7-4f7e-83de-f122720f9912/name'
17:27:39.141 [Forwarding getElementTagName on session 456301b572696041645a7597163e557a to remote] DEBUG org.asynchttpclient.netty.request.NettyRequestSender - Using open Channel [id: 0x6f40ae46, L:/127.0.0.1:60314 - R:localhost/127.0.0.1:57695] for GET '/session/456301b572696041645a7597163e557a/element/b484c6a1-f1d7-4f7e-83de-f122720f9912/name'
17:27:39.147 [AsyncHttpClient-1-3] DEBUG org.asynchttpclient.netty.handler.HttpHandler - 

Request DefaultFullHttpRequest(decodeResult: success, version: HTTP/1.1, content: EmptyByteBufBE)
GET /session/456301b572696041645a7597163e557a/element/b484c6a1-f1d7-4f7e-83de-f122720f9912/name HTTP/1.1
User-Agent: selenium/4.1.2 (java windows)
Cache-Control: no-cache
Content-Type: application/json; charset=utf-8
host: localhost:57695
accept: */*

Response DefaultHttpResponse(decodeResult: success, version: HTTP/1.1)
HTTP/1.1 200 OK
Content-Type: application/json; charset=utf-8
cache-control: no-cache
content-length: 18

17:27:39.147 [AsyncHttpClient-1-3] DEBUG org.asynchttpclient.netty.channel.ChannelManager - Adding key: http://localhost:57695 for channel [id: 0x6f40ae46, L:/127.0.0.1:60314 - R:localhost/127.0.0.1:57695]
17:27:39.149 [Forwarding getElementTagName on session 456301b572696041645a7597163e557a to remote] DEBUG org.asynchttpclient.netty.request.NettyRequestSender - Using pooled Channel '[id: 0x6f40ae46, L:/127.0.0.1:60314 - R:localhost/127.0.0.1:57695]' for 'GET' to 'http://localhost:57695/session/456301b572696041645a7597163e557a/element/b484c6a1-f1d7-4f7e-83de-f122720f9912/name'
17:27:39.149 [Forwarding getElementTagName on session 456301b572696041645a7597163e557a to remote] DEBUG org.asynchttpclient.netty.request.NettyRequestSender - Using open Channel [id: 0x6f40ae46, L:/127.0.0.1:60314 - R:localhost/127.0.0.1:57695] for GET '/session/456301b572696041645a7597163e557a/element/b484c6a1-f1d7-4f7e-83de-f122720f9912/name'
17:27:39.155 [AsyncHttpClient-1-3] DEBUG org.asynchttpclient.netty.handler.HttpHandler - 

Request DefaultFullHttpRequest(decodeResult: success, version: HTTP/1.1, content: EmptyByteBufBE)
GET /session/456301b572696041645a7597163e557a/element/b484c6a1-f1d7-4f7e-83de-f122720f9912/name HTTP/1.1
User-Agent: selenium/4.1.2 (java windows)
Cache-Control: no-cache
Content-Type: application/json; charset=utf-8
host: localhost:57695
accept: */*

Response DefaultHttpResponse(decodeResult: success, version: HTTP/1.1)
HTTP/1.1 200 OK
Content-Type: application/json; charset=utf-8
cache-control: no-cache
content-length: 18

17:27:39.155 [AsyncHttpClient-1-3] DEBUG org.asynchttpclient.netty.channel.ChannelManager - Adding key: http://localhost:57695 for channel [id: 0x6f40ae46, L:/127.0.0.1:60314 - R:localhost/127.0.0.1:57695]
17:27:39.157 [Forwarding isElementEnabled on session 456301b572696041645a7597163e557a to remote] DEBUG org.asynchttpclient.netty.request.NettyRequestSender - Using pooled Channel '[id: 0x6f40ae46, L:/127.0.0.1:60314 - R:localhost/127.0.0.1:57695]' for 'GET' to 'http://localhost:57695/session/456301b572696041645a7597163e557a/element/b484c6a1-f1d7-4f7e-83de-f122720f9912/enabled'
17:27:39.157 [Forwarding isElementEnabled on session 456301b572696041645a7597163e557a to remote] DEBUG org.asynchttpclient.netty.request.NettyRequestSender - Using open Channel [id: 0x6f40ae46, L:/127.0.0.1:60314 - R:localhost/127.0.0.1:57695] for GET '/session/456301b572696041645a7597163e557a/element/b484c6a1-f1d7-4f7e-83de-f122720f9912/enabled'
17:27:39.167 [AsyncHttpClient-1-3] DEBUG org.asynchttpclient.netty.handler.HttpHandler - 

Request DefaultFullHttpRequest(decodeResult: success, version: HTTP/1.1, content: EmptyByteBufBE)
GET /session/456301b572696041645a7597163e557a/element/b484c6a1-f1d7-4f7e-83de-f122720f9912/enabled HTTP/1.1
User-Agent: selenium/4.1.2 (java windows)
Cache-Control: no-cache
Content-Type: application/json; charset=utf-8
host: localhost:57695
accept: */*

Response DefaultHttpResponse(decodeResult: success, version: HTTP/1.1)
HTTP/1.1 200 OK
Content-Type: application/json; charset=utf-8
cache-control: no-cache
content-length: 14

17:27:39.167 [AsyncHttpClient-1-3] DEBUG org.asynchttpclient.netty.channel.ChannelManager - Adding key: http://localhost:57695 for channel [id: 0x6f40ae46, L:/127.0.0.1:60314 - R:localhost/127.0.0.1:57695]
17:27:39.168 [Forwarding isElementEnabled on session 456301b572696041645a7597163e557a to remote] DEBUG org.asynchttpclient.netty.request.NettyRequestSender - Using pooled Channel '[id: 0x6f40ae46, L:/127.0.0.1:60314 - R:localhost/127.0.0.1:57695]' for 'GET' to 'http://localhost:57695/session/456301b572696041645a7597163e557a/element/b484c6a1-f1d7-4f7e-83de-f122720f9912/enabled'
17:27:39.168 [Forwarding isElementEnabled on session 456301b572696041645a7597163e557a to remote] DEBUG org.asynchttpclient.netty.request.NettyRequestSender - Using open Channel [id: 0x6f40ae46, L:/127.0.0.1:60314 - R:localhost/127.0.0.1:57695] for GET '/session/456301b572696041645a7597163e557a/element/b484c6a1-f1d7-4f7e-83de-f122720f9912/enabled'
17:27:39.178 [AsyncHttpClient-1-3] DEBUG org.asynchttpclient.netty.handler.HttpHandler - 

Request DefaultFullHttpRequest(decodeResult: success, version: HTTP/1.1, content: EmptyByteBufBE)
GET /session/456301b572696041645a7597163e557a/element/b484c6a1-f1d7-4f7e-83de-f122720f9912/enabled HTTP/1.1
User-Agent: selenium/4.1.2 (java windows)
Cache-Control: no-cache
Content-Type: application/json; charset=utf-8
host: localhost:57695
accept: */*

Response DefaultHttpResponse(decodeResult: success, version: HTTP/1.1)
HTTP/1.1 200 OK
Content-Type: application/json; charset=utf-8
cache-control: no-cache
content-length: 14

17:27:39.178 [AsyncHttpClient-1-3] DEBUG org.asynchttpclient.netty.channel.ChannelManager - Adding key: http://localhost:57695 for channel [id: 0x6f40ae46, L:/127.0.0.1:60314 - R:localhost/127.0.0.1:57695]
17:27:39.180 [Forwarding findElement on session 456301b572696041645a7597163e557a to remote] DEBUG org.asynchttpclient.netty.request.NettyRequestSender - Using pooled Channel '[id: 0x6f40ae46, L:/127.0.0.1:60314 - R:localhost/127.0.0.1:57695]' for 'POST' to 'http://localhost:57695/session/456301b572696041645a7597163e557a/element'
17:27:39.180 [Forwarding findElement on session 456301b572696041645a7597163e557a to remote] DEBUG org.asynchttpclient.netty.request.NettyRequestSender - Using open Channel [id: 0x6f40ae46, L:/127.0.0.1:60314 - R:localhost/127.0.0.1:57695] for POST '/session/456301b572696041645a7597163e557a/element'
17:27:39.188 [AsyncHttpClient-1-3] DEBUG org.asynchttpclient.netty.handler.HttpHandler - 

Request DefaultHttpRequest(decodeResult: success, version: HTTP/1.1)
POST /session/456301b572696041645a7597163e557a/element HTTP/1.1
User-Agent: selenium/4.1.2 (java windows)
Content-Length: 91
Content-Type: application/json; charset=utf-8
host: localhost:57695
accept: */*

Response DefaultHttpResponse(decodeResult: success, version: HTTP/1.1)
HTTP/1.1 200 OK
Content-Type: application/json; charset=utf-8
cache-control: no-cache
content-length: 88

17:27:39.188 [AsyncHttpClient-1-3] DEBUG org.asynchttpclient.netty.channel.ChannelManager - Adding key: http://localhost:57695 for channel [id: 0x6f40ae46, L:/127.0.0.1:60314 - R:localhost/127.0.0.1:57695]
17:27:39.189 [Forwarding clickElement on session 456301b572696041645a7597163e557a to remote] DEBUG org.asynchttpclient.netty.request.NettyRequestSender - Using pooled Channel '[id: 0x6f40ae46, L:/127.0.0.1:60314 - R:localhost/127.0.0.1:57695]' for 'POST' to 'http://localhost:57695/session/456301b572696041645a7597163e557a/element/b484c6a1-f1d7-4f7e-83de-f122720f9912/click'
17:27:39.189 [Forwarding clickElement on session 456301b572696041645a7597163e557a to remote] DEBUG org.asynchttpclient.netty.request.NettyRequestSender - Using open Channel [id: 0x6f40ae46, L:/127.0.0.1:60314 - R:localhost/127.0.0.1:57695] for POST '/session/456301b572696041645a7597163e557a/element/b484c6a1-f1d7-4f7e-83de-f122720f9912/click'
17:27:39.291 [AsyncHttpClient-1-3] DEBUG org.asynchttpclient.netty.handler.HttpHandler - 

Request DefaultHttpRequest(decodeResult: success, version: HTTP/1.1)
POST /session/456301b572696041645a7597163e557a/element/b484c6a1-f1d7-4f7e-83de-f122720f9912/click HTTP/1.1
User-Agent: selenium/4.1.2 (java windows)
Content-Length: 50
Content-Type: application/json; charset=utf-8
host: localhost:57695
accept: */*

Response DefaultHttpResponse(decodeResult: success, version: HTTP/1.1)
HTTP/1.1 200 OK
Content-Type: application/json; charset=utf-8
cache-control: no-cache
content-length: 14

17:27:39.291 [AsyncHttpClient-1-3] DEBUG org.asynchttpclient.netty.channel.ChannelManager - Adding key: http://localhost:57695 for channel [id: 0x6f40ae46, L:/127.0.0.1:60314 - R:localhost/127.0.0.1:57695]
17:27:39.298 [Forwarding screenshot on session 456301b572696041645a7597163e557a to remote] DEBUG org.asynchttpclient.netty.request.NettyRequestSender - Using pooled Channel '[id: 0x6f40ae46, L:/127.0.0.1:60314 - R:localhost/127.0.0.1:57695]' for 'GET' to 'http://localhost:57695/session/456301b572696041645a7597163e557a/screenshot'
17:27:39.298 [Forwarding screenshot on session 456301b572696041645a7597163e557a to remote] DEBUG org.asynchttpclient.netty.request.NettyRequestSender - Using open Channel [id: 0x6f40ae46, L:/127.0.0.1:60314 - R:localhost/127.0.0.1:57695] for GET '/session/456301b572696041645a7597163e557a/screenshot'
17:27:39.439 [AsyncHttpClient-1-3] DEBUG org.asynchttpclient.netty.handler.HttpHandler - 

Request DefaultFullHttpRequest(decodeResult: success, version: HTTP/1.1, content: EmptyByteBufBE)
GET /session/456301b572696041645a7597163e557a/screenshot HTTP/1.1
User-Agent: selenium/4.1.2 (java windows)
Cache-Control: no-cache
Content-Type: application/json; charset=utf-8
host: localhost:57695
accept: */*

Response DefaultHttpResponse(decodeResult: success, version: HTTP/1.1)
HTTP/1.1 200 OK
Content-Type: application/json; charset=utf-8
cache-control: no-cache
content-length: 85816

17:27:39.440 [AsyncHttpClient-1-3] DEBUG org.asynchttpclient.netty.channel.ChannelManager - Adding key: http://localhost:57695 for channel [id: 0x6f40ae46, L:/127.0.0.1:60314 - R:localhost/127.0.0.1:57695]
17:27:39.447 [main] DEBUG net.serenitybdd.core.photography.Darkroom - Send negative for processing for target\site\serenity\76cdfb649f7d34bce2241214b5a3749b6d23f708afd24f13574bdca631bb1c0e.png
17:27:39.447 [main] DEBUG net.thucydides.core.steps.StepInterceptor - STEP DONE: clickDeletePatientButton
  &amp#27;[32mWhen &amp#27;[0m&amp#27;[32mI click Delete Patient button&amp#27;[0m   &amp#27;[90m# starter.stepdefinitions.PatientSteps.iClickDeletePatientButton()&amp#27;[0m
17:27:39.447 [Darkroom Processing Line] DEBUG net.serenitybdd.core.photography.DarkroomProcessingLine - Processing screenshot image in /var/screenshots/screenshot-18262311879659353230
17:27:39.447 [Darkroom Processing Line] DEBUG net.serenitybdd.core.photography.DarkroomProcessingLine - Saving screenshot to target\site\serenity\76cdfb649f7d34bce2241214b5a3749b6d23f708afd24f13574bdca631bb1c0e.png
17:27:39.469 [main] DEBUG net.thucydides.core.steps.StepInterceptor - STARTING STEP: PatientSteps.iClickDeleteButton - clickDeleteButton
17:27:39.472 [Forwarding findElement on session 456301b572696041645a7597163e557a to remote] DEBUG org.asynchttpclient.netty.request.NettyRequestSender - Using pooled Channel '[id: 0x6f40ae46, L:/127.0.0.1:60314 - R:localhost/127.0.0.1:57695]' for 'POST' to 'http://localhost:57695/session/456301b572696041645a7597163e557a/element'
17:27:39.472 [Forwarding findElement on session 456301b572696041645a7597163e557a to remote] DEBUG org.asynchttpclient.netty.request.NettyRequestSender - Using open Channel [id: 0x6f40ae46, L:/127.0.0.1:60314 - R:localhost/127.0.0.1:57695] for POST '/session/456301b572696041645a7597163e557a/element'
17:27:39.490 [AsyncHttpClient-1-3] DEBUG org.asynchttpclient.netty.handler.HttpHandler - 

Request DefaultHttpRequest(decodeResult: success, version: HTTP/1.1)
POST /session/456301b572696041645a7597163e557a/element HTTP/1.1
User-Agent: selenium/4.1.2 (java windows)
Content-Length: 104
Content-Type: application/json; charset=utf-8
host: localhost:57695
accept: */*

Response DefaultHttpResponse(decodeResult: success, version: HTTP/1.1)
HTTP/1.1 200 OK
Content-Type: application/json; charset=utf-8
cache-control: no-cache
content-length: 88

17:27:39.490 [AsyncHttpClient-1-3] DEBUG org.asynchttpclient.netty.channel.ChannelManager - Adding key: http://localhost:57695 for channel [id: 0x6f40ae46, L:/127.0.0.1:60314 - R:localhost/127.0.0.1:57695]
17:27:39.492 [Forwarding getElementTagName on session 456301b572696041645a7597163e557a to remote] DEBUG org.asynchttpclient.netty.request.NettyRequestSender - Using pooled Channel '[id: 0x6f40ae46, L:/127.0.0.1:60314 - R:localhost/127.0.0.1:57695]' for 'GET' to 'http://localhost:57695/session/456301b572696041645a7597163e557a/element/ecaef119-d108-4498-9aec-a25243122ec4/name'
17:27:39.493 [Forwarding getElementTagName on session 456301b572696041645a7597163e557a to remote] DEBUG org.asynchttpclient.netty.request.NettyRequestSender - Using open Channel [id: 0x6f40ae46, L:/127.0.0.1:60314 - R:localhost/127.0.0.1:57695] for GET '/session/456301b572696041645a7597163e557a/element/ecaef119-d108-4498-9aec-a25243122ec4/name'
17:27:39.503 [AsyncHttpClient-1-3] DEBUG org.asynchttpclient.netty.handler.HttpHandler - 

Request DefaultFullHttpRequest(decodeResult: success, version: HTTP/1.1, content: EmptyByteBufBE)
GET /session/456301b572696041645a7597163e557a/element/ecaef119-d108-4498-9aec-a25243122ec4/name HTTP/1.1
User-Agent: selenium/4.1.2 (java windows)
Cache-Control: no-cache
Content-Type: application/json; charset=utf-8
host: localhost:57695
accept: */*

Response DefaultHttpResponse(decodeResult: success, version: HTTP/1.1)
HTTP/1.1 200 OK
Content-Type: application/json; charset=utf-8
cache-control: no-cache
content-length: 18

17:27:39.503 [AsyncHttpClient-1-3] DEBUG org.asynchttpclient.netty.channel.ChannelManager - Adding key: http://localhost:57695 for channel [id: 0x6f40ae46, L:/127.0.0.1:60314 - R:localhost/127.0.0.1:57695]
17:27:39.505 [Forwarding getElementTagName on session 456301b572696041645a7597163e557a to remote] DEBUG org.asynchttpclient.netty.request.NettyRequestSender - Using pooled Channel '[id: 0x6f40ae46, L:/127.0.0.1:60314 - R:localhost/127.0.0.1:57695]' for 'GET' to 'http://localhost:57695/session/456301b572696041645a7597163e557a/element/ecaef119-d108-4498-9aec-a25243122ec4/name'
17:27:39.505 [Forwarding getElementTagName on session 456301b572696041645a7597163e557a to remote] DEBUG org.asynchttpclient.netty.request.NettyRequestSender - Using open Channel [id: 0x6f40ae46, L:/127.0.0.1:60314 - R:localhost/127.0.0.1:57695] for GET '/session/456301b572696041645a7597163e557a/element/ecaef119-d108-4498-9aec-a25243122ec4/name'
17:27:39.512 [AsyncHttpClient-1-3] DEBUG org.asynchttpclient.netty.handler.HttpHandler - 

Request DefaultFullHttpRequest(decodeResult: success, version: HTTP/1.1, content: EmptyByteBufBE)
GET /session/456301b572696041645a7597163e557a/element/ecaef119-d108-4498-9aec-a25243122ec4/name HTTP/1.1
User-Agent: selenium/4.1.2 (java windows)
Cache-Control: no-cache
Content-Type: application/json; charset=utf-8
host: localhost:57695
accept: */*

Response DefaultHttpResponse(decodeResult: success, version: HTTP/1.1)
HTTP/1.1 200 OK
Content-Type: application/json; charset=utf-8
cache-control: no-cache
content-length: 18

17:27:39.512 [AsyncHttpClient-1-3] DEBUG org.asynchttpclient.netty.channel.ChannelManager - Adding key: http://localhost:57695 for channel [id: 0x6f40ae46, L:/127.0.0.1:60314 - R:localhost/127.0.0.1:57695]
17:27:39.515 [Forwarding isElementEnabled on session 456301b572696041645a7597163e557a to remote] DEBUG org.asynchttpclient.netty.request.NettyRequestSender - Using pooled Channel '[id: 0x6f40ae46, L:/127.0.0.1:60314 - R:localhost/127.0.0.1:57695]' for 'GET' to 'http://localhost:57695/session/456301b572696041645a7597163e557a/element/ecaef119-d108-4498-9aec-a25243122ec4/enabled'
17:27:39.515 [Forwarding isElementEnabled on session 456301b572696041645a7597163e557a to remote] DEBUG org.asynchttpclient.netty.request.NettyRequestSender - Using open Channel [id: 0x6f40ae46, L:/127.0.0.1:60314 - R:localhost/127.0.0.1:57695] for GET '/session/456301b572696041645a7597163e557a/element/ecaef119-d108-4498-9aec-a25243122ec4/enabled'
17:27:39.527 [AsyncHttpClient-1-3] DEBUG org.asynchttpclient.netty.handler.HttpHandler - 

Request DefaultFullHttpRequest(decodeResult: success, version: HTTP/1.1, content: EmptyByteBufBE)
GET /session/456301b572696041645a7597163e557a/element/ecaef119-d108-4498-9aec-a25243122ec4/enabled HTTP/1.1
User-Agent: selenium/4.1.2 (java windows)
Cache-Control: no-cache
Content-Type: application/json; charset=utf-8
host: localhost:57695
accept: */*

Response DefaultHttpResponse(decodeResult: success, version: HTTP/1.1)
HTTP/1.1 200 OK
Content-Type: application/json; charset=utf-8
cache-control: no-cache
content-length: 14

17:27:39.527 [AsyncHttpClient-1-3] DEBUG org.asynchttpclient.netty.channel.ChannelManager - Adding key: http://localhost:57695 for channel [id: 0x6f40ae46, L:/127.0.0.1:60314 - R:localhost/127.0.0.1:57695]
17:27:39.529 [Forwarding isElementEnabled on session 456301b572696041645a7597163e557a to remote] DEBUG org.asynchttpclient.netty.request.NettyRequestSender - Using pooled Channel '[id: 0x6f40ae46, L:/127.0.0.1:60314 - R:localhost/127.0.0.1:57695]' for 'GET' to 'http://localhost:57695/session/456301b572696041645a7597163e557a/element/ecaef119-d108-4498-9aec-a25243122ec4/enabled'
17:27:39.529 [Forwarding isElementEnabled on session 456301b572696041645a7597163e557a to remote] DEBUG org.asynchttpclient.netty.request.NettyRequestSender - Using open Channel [id: 0x6f40ae46, L:/127.0.0.1:60314 - R:localhost/127.0.0.1:57695] for GET '/session/456301b572696041645a7597163e557a/element/ecaef119-d108-4498-9aec-a25243122ec4/enabled'
17:27:39.541 [AsyncHttpClient-1-3] DEBUG org.asynchttpclient.netty.handler.HttpHandler - 

Request DefaultFullHttpRequest(decodeResult: success, version: HTTP/1.1, content: EmptyByteBufBE)
GET /session/456301b572696041645a7597163e557a/element/ecaef119-d108-4498-9aec-a25243122ec4/enabled HTTP/1.1
User-Agent: selenium/4.1.2 (java windows)
Cache-Control: no-cache
Content-Type: application/json; charset=utf-8
host: localhost:57695
accept: */*

Response DefaultHttpResponse(decodeResult: success, version: HTTP/1.1)
HTTP/1.1 200 OK
Content-Type: application/json; charset=utf-8
cache-control: no-cache
content-length: 14

17:27:39.541 [AsyncHttpClient-1-3] DEBUG org.asynchttpclient.netty.channel.ChannelManager - Adding key: http://localhost:57695 for channel [id: 0x6f40ae46, L:/127.0.0.1:60314 - R:localhost/127.0.0.1:57695]
17:27:39.544 [Forwarding findElement on session 456301b572696041645a7597163e557a to remote] DEBUG org.asynchttpclient.netty.request.NettyRequestSender - Using pooled Channel '[id: 0x6f40ae46, L:/127.0.0.1:60314 - R:localhost/127.0.0.1:57695]' for 'POST' to 'http://localhost:57695/session/456301b572696041645a7597163e557a/element'
17:27:39.545 [Forwarding findElement on session 456301b572696041645a7597163e557a to remote] DEBUG org.asynchttpclient.netty.request.NettyRequestSender - Using open Channel [id: 0x6f40ae46, L:/127.0.0.1:60314 - R:localhost/127.0.0.1:57695] for POST '/session/456301b572696041645a7597163e557a/element'
17:27:39.553 [AsyncHttpClient-1-3] DEBUG org.asynchttpclient.netty.handler.HttpHandler - 

Request DefaultHttpRequest(decodeResult: success, version: HTTP/1.1)
POST /session/456301b572696041645a7597163e557a/element HTTP/1.1
User-Agent: selenium/4.1.2 (java windows)
Content-Length: 104
Content-Type: application/json; charset=utf-8
host: localhost:57695
accept: */*

Response DefaultHttpResponse(decodeResult: success, version: HTTP/1.1)
HTTP/1.1 200 OK
Content-Type: application/json; charset=utf-8
cache-control: no-cache
content-length: 88

17:27:39.553 [AsyncHttpClient-1-3] DEBUG org.asynchttpclient.netty.channel.ChannelManager - Adding key: http://localhost:57695 for channel [id: 0x6f40ae46, L:/127.0.0.1:60314 - R:localhost/127.0.0.1:57695]
17:27:39.555 [Forwarding clickElement on session 456301b572696041645a7597163e557a to remote] DEBUG org.asynchttpclient.netty.request.NettyRequestSender - Using pooled Channel '[id: 0x6f40ae46, L:/127.0.0.1:60314 - R:localhost/127.0.0.1:57695]' for 'POST' to 'http://localhost:57695/session/456301b572696041645a7597163e557a/element/ecaef119-d108-4498-9aec-a25243122ec4/click'
17:27:39.555 [Forwarding clickElement on session 456301b572696041645a7597163e557a to remote] DEBUG org.asynchttpclient.netty.request.NettyRequestSender - Using open Channel [id: 0x6f40ae46, L:/127.0.0.1:60314 - R:localhost/127.0.0.1:57695] for POST '/session/456301b572696041645a7597163e557a/element/ecaef119-d108-4498-9aec-a25243122ec4/click'
17:27:39.612 [AsyncHttpClient-1-3] DEBUG org.asynchttpclient.netty.handler.HttpHandler - 

Request DefaultHttpRequest(decodeResult: success, version: HTTP/1.1)
POST /session/456301b572696041645a7597163e557a/element/ecaef119-d108-4498-9aec-a25243122ec4/click HTTP/1.1
User-Agent: selenium/4.1.2 (java windows)
Content-Length: 50
Content-Type: application/json; charset=utf-8
host: localhost:57695
accept: */*

Response DefaultHttpResponse(decodeResult: success, version: HTTP/1.1)
HTTP/1.1 200 OK
Content-Type: application/json; charset=utf-8
cache-control: no-cache
content-length: 14

17:27:39.612 [AsyncHttpClient-1-3] DEBUG org.asynchttpclient.netty.channel.ChannelManager - Adding key: http://localhost:57695 for channel [id: 0x6f40ae46, L:/127.0.0.1:60314 - R:localhost/127.0.0.1:57695]
17:27:39.624 [Forwarding screenshot on session 456301b572696041645a7597163e557a to remote] DEBUG org.asynchttpclient.netty.request.NettyRequestSender - Using pooled Channel '[id: 0x6f40ae46, L:/127.0.0.1:60314 - R:localhost/127.0.0.1:57695]' for 'GET' to 'http://localhost:57695/session/456301b572696041645a7597163e557a/screenshot'
17:27:39.624 [Forwarding screenshot on session 456301b572696041645a7597163e557a to remote] DEBUG org.asynchttpclient.netty.request.NettyRequestSender - Using open Channel [id: 0x6f40ae46, L:/127.0.0.1:60314 - R:localhost/127.0.0.1:57695] for GET '/session/456301b572696041645a7597163e557a/screenshot'
17:27:39.766 [AsyncHttpClient-1-3] DEBUG org.asynchttpclient.netty.handler.HttpHandler - 

Request DefaultFullHttpRequest(decodeResult: success, version: HTTP/1.1, content: EmptyByteBufBE)
GET /session/456301b572696041645a7597163e557a/screenshot HTTP/1.1
User-Agent: selenium/4.1.2 (java windows)
Cache-Control: no-cache
Content-Type: application/json; charset=utf-8
host: localhost:57695
accept: */*

Response DefaultHttpResponse(decodeResult: success, version: HTTP/1.1)
HTTP/1.1 200 OK
Content-Type: application/json; charset=utf-8
cache-control: no-cache
content-length: 83204

17:27:39.766 [AsyncHttpClient-1-3] DEBUG org.asynchttpclient.netty.channel.ChannelManager - Adding key: http://localhost:57695 for channel [id: 0x6f40ae46, L:/127.0.0.1:60314 - R:localhost/127.0.0.1:57695]
17:27:39.770 [main] DEBUG net.serenitybdd.core.photography.Darkroom - Send negative for processing for target\site\serenity\3bc5e39e5196ef3a86a0afc6d3b5fc3343b00b614077be32cc5f547e1fd1290b.png
17:27:39.771 [main] DEBUG net.thucydides.core.steps.StepInterceptor - STEP DONE: clickDeleteButton
  &amp#27;[32mThen &amp#27;[0m&amp#27;[32mI click Delete button&amp#27;[0m           &amp#27;[90m# starter.stepdefinitions.PatientSteps.iClickDeleteButton()&amp#27;[0m
17:27:39.771 [Darkroom Processing Line] DEBUG net.serenitybdd.core.photography.DarkroomProcessingLine - Processing screenshot image in /var/screenshots/screenshot-3502044046889206930
17:27:39.771 [Darkroom Processing Line] DEBUG net.serenitybdd.core.photography.DarkroomProcessingLine - Saving screenshot to target\site\serenity\3bc5e39e5196ef3a86a0afc6d3b5fc3343b00b614077be32cc5f547e1fd1290b.png
17:27:39.781 [main] INFO  - 
  _____   ___   ___   _____     ___     _     ___   ___   ___   ___  
 |_   _| | __| / __| |_   _|   | _ \   /_\   / __| / __| | __| |   \ 
   | |   | _|  \__ \   | |     |  _/  / _ \  \__ \ \__ \ | _|  | |) |
   |_|   |___| |___/   |_|     |_|   /_/ \_\ |___/ |___/ |___| |___/ 

Delete Patient Data Scenario
----------------------------------------------------------------------
17:27:39.782 [AsyncHttpClient-1-5] DEBUG org.asynchttpclient.netty.handler.WebSocketHandler - Channel Closed: [id: 0x5befa311, L:/127.0.0.1:60321 ! R:localhost/127.0.0.1:60315] with attribute NettyResponseFuture{currentRetry=5,
	isDone=1,
	isCancelled=0,
	asyncHandler=org.asynchttpclient.ws.WebSocketUpgradeHandler@48de7460,
	nettyRequest=org.asynchttpclient.netty.request.NettyRequest@36c9de2b,
	future=java.util.concurrent.CompletableFuture@2ffa2310[Completed normally],
	uri=ws://localhost:60315/devtools/browser/8306861e-9270-4ccd-907e-8a7ebc2120cf,
	keepAlive=true,
	redirectCount=0,
	timeoutsHolder=null,
	inAuth=0,
	touch=1655375248686}
17:27:39.782 [AsyncHttpClient-1-5] DEBUG org.asynchttpclient.netty.channel.ChannelManager - Closing Channel [id: 0x5befa311, L:/127.0.0.1:60321 ! R:localhost/127.0.0.1:60315] 
17:27:39.782 [Driver Command Executor] DEBUG org.asynchttpclient.netty.request.NettyRequestSender - Using pooled Channel '[id: 0x6f40ae46, L:/127.0.0.1:60314 - R:localhost/127.0.0.1:57695]' for 'DELETE' to 'http://localhost:57695/session/456301b572696041645a7597163e557a'
17:27:39.783 [Driver Command Executor] DEBUG org.asynchttpclient.netty.request.NettyRequestSender - Using open Channel [id: 0x6f40ae46, L:/127.0.0.1:60314 - R:localhost/127.0.0.1:57695] for DELETE '/session/456301b572696041645a7597163e557a'
17:27:40.041 [AsyncHttpClient-1-1] DEBUG org.asynchttpclient.netty.channel.DefaultChannelPool - Entry count for : http://localhost:60315 : 1
17:27:40.152 [AsyncHttpClient-1-4] DEBUG org.asynchttpclient.netty.handler.HttpHandler - Unexpected I/O exception on channel [id: 0x6e38cf3d, L:/127.0.0.1:60320 - R:localhost/127.0.0.1:60315]
java.net.SocketException: Connection reset
	at java.base/sun.nio.ch.SocketChannelImpl.throwConnectionReset(SocketChannelImpl.java:367)
	at java.base/sun.nio.ch.SocketChannelImpl.read(SocketChannelImpl.java:398)
	at io.netty.buffer.PooledByteBuf.setBytes(PooledByteBuf.java:258)
	at io.netty.buffer.AbstractByteBuf.writeBytes(AbstractByteBuf.java:1132)
	at io.netty.channel.socket.nio.NioSocketChannel.doReadBytes(NioSocketChannel.java:350)
	at io.netty.channel.nio.AbstractNioByteChannel$NioByteUnsafe.read(AbstractNioByteChannel.java:151)
	at io.netty.channel.nio.NioEventLoop.processSelectedKey(NioEventLoop.java:722)
	at io.netty.channel.nio.NioEventLoop.processSelectedKeysOptimized(NioEventLoop.java:658)
	at io.netty.channel.nio.NioEventLoop.processSelectedKeys(NioEventLoop.java:584)
	at io.netty.channel.nio.NioEventLoop.run(NioEventLoop.java:496)
	at io.netty.util.concurrent.SingleThreadEventExecutor$4.run(SingleThreadEventExecutor.java:986)
	at io.netty.util.internal.ThreadExecutorMap$2.run(ThreadExecutorMap.java:74)
	at io.netty.util.concurrent.FastThreadLocalRunnable.run(FastThreadLocalRunnable.java:30)
	at java.base/java.lang.Thread.run(Thread.java:832)
17:27:40.153 [AsyncHttpClient-1-4] DEBUG org.asynchttpclient.netty.channel.ChannelManager - Closing Channel [id: 0x6e38cf3d, L:/127.0.0.1:60320 - R:localhost/127.0.0.1:60315] 
17:27:40.153 [AsyncHttpClient-1-4] DEBUG org.asynchttpclient.netty.handler.HttpHandler - Channel Closed: [id: 0x6e38cf3d, L:/127.0.0.1:60320 ! R:localhost/127.0.0.1:60315] with attribute DISCARD
17:27:40.173 [AsyncHttpClient-1-3] DEBUG org.asynchttpclient.netty.handler.HttpHandler - 

Request DefaultFullHttpRequest(decodeResult: success, version: HTTP/1.1, content: EmptyByteBufBE)
DELETE /session/456301b572696041645a7597163e557a HTTP/1.1
User-Agent: selenium/4.1.2 (java windows)
Content-Type: application/json; charset=utf-8
host: localhost:57695
accept: */*

Response DefaultHttpResponse(decodeResult: success, version: HTTP/1.1)
HTTP/1.1 200 OK
Content-Type: application/json; charset=utf-8
cache-control: no-cache
content-length: 14

17:27:40.173 [AsyncHttpClient-1-3] DEBUG org.asynchttpclient.netty.channel.ChannelManager - Adding key: http://localhost:57695 for channel [id: 0x6f40ae46, L:/127.0.0.1:60314 - R:localhost/127.0.0.1:57695]
17:27:40.273 [AsyncHttpClient-1-3] DEBUG org.asynchttpclient.netty.handler.HttpHandler - Channel Closed: [id: 0x6f40ae46, L:/127.0.0.1:60314 ! R:localhost/127.0.0.1:57695] with attribute DISCARD
]]></system-out>
    <system-err><![CDATA[Starting ChromeDriver 102.0.5005.61 (0e59bcc00cc4985ce39ad31c150065f159d95ad3-refs/branch-heads/5005@{#819}) on port 57695
Only local connections are allowed.
Please see https://chromedriver.chromium.org/security-considerations for suggestions on keeping ChromeDriver safe.
ChromeDriver was started successfully.
Jun 16, 2022 5:27:28 PM org.openqa.selenium.remote.ProtocolHandshake createSession
INFO: Detected dialect: W3C
Jun 16, 2022 5:27:28 PM org.openqa.selenium.devtools.CdpVersionFinder findNearestMatch
WARNING: Unable to find an exact match for CDP version 102, so returning the closest version found: a no-op implementation
Jun 16, 2022 5:27:28 PM org.openqa.selenium.devtools.CdpVersionFinder findNearestMatch
INFO: Unable to find CDP implementation matching 102.
Jun 16, 2022 5:27:28 PM org.openqa.selenium.chromium.ChromiumDriver lambda$new$3
WARNING: Unable to find version of CDP to use for . You may need to include a dependency on a specific version of the CDP using something similar to `org.seleniumhq.selenium:selenium-devtools-v86:4.1.2` where the version ("v86") matches the version of the chromium-based browser you're using and the version number of the artifact is the same as Selenium's.
]]></system-err>
  </testcase>
  <testcase name="Cancel Delete Patient Data Scenario" classname="Patient" time="11.852">
    <system-out><![CDATA[
@Patient
Scenario: Cancel Delete Patient Data Scenario &amp#27;[90m# src/test/resources/features/2.Patient.feature:40&amp#27;[0m
17:27:40.817 [main] INFO io.cucumber.core.plugin.SerenityReporter - Running feature from file:///E:/My%20Documents/File%20Difa/TI%20Semester%206%20Kampus%20Merdeka%20Alterra/Tugas/CAPSTONE%20Project/Capstone-Project-Website/src/test/resources/features/2.Patient.feature
17:27:40.825 [main] INFO  - 
  _____   ___   ___   _____     ___   _____     _     ___   _____   ___   ___  
 |_   _| | __| / __| |_   _|   / __| |_   _|   /_\   | _ \ |_   _| | __| |   \ 
   | |   | _|  \__ \   | |     \__ \   | |    / _ \  |   /   | |   | _|  | |) |
   |_|   |___| |___/   |_|     |___/   |_|   /_/ \_\ |_|_\   |_|   |___| |___/ 

Cancel Delete Patient Data Scenario(patient;cancel-delete-patient-data-scenario)
--------------------------------------------------------------------------------
17:27:40.858 [main] DEBUG net.thucydides.core.steps.StepInterceptor - STARTING STEP: PatientSteps.iAmAtTheDashboardPage - openUrl
17:27:40.860 [main] INFO net.serenitybdd.core.webdriver.driverproviders.ChromeDriverProvider - Using automatically driver download
17:27:41.074 [main] DEBUG io.github.bonigarcia.wdm.cache.ResolutionCache - Resolution chrome=102 in cache (valid until 18:07:22 16/06/2022 ICT)
17:27:41.078 [main] DEBUG io.github.bonigarcia.wdm.cache.ResolutionCache - Resolution chrome102=102.0.5005.61 in cache (valid until 15:56:01 17/06/2022 ICT)
17:27:41.079 [main] INFO io.github.bonigarcia.wdm.WebDriverManager - Using chromedriver 102.0.5005.61 (resolved driver for Chrome 102)
17:27:41.090 [main] DEBUG io.github.bonigarcia.wdm.WebDriverManager - Driver chromedriver 102.0.5005.61 found in cache
17:27:41.090 [main] INFO io.github.bonigarcia.wdm.WebDriverManager - Exporting webdriver.chrome.driver as C:\Users\USER\.cache\selenium\chromedriver\win32\102.0.5005.61\chromedriver.exe
17:27:41.142 [AsyncHttpClient-1-1] DEBUG org.asynchttpclient.netty.channel.DefaultChannelPool - Entry count for : http://localhost:57695 : 1
17:27:41.142 [AsyncHttpClient-1-1] DEBUG org.asynchttpclient.netty.channel.DefaultChannelPool - Entry count for : http://localhost:60315 : 1
17:27:41.142 [AsyncHttpClient-1-1] DEBUG org.asynchttpclient.netty.channel.DefaultChannelPool - Adding Candidate expired Channel [id: 0x6f40ae46, L:/127.0.0.1:60314 ! R:localhost/127.0.0.1:57695] isIdleTimeoutExpired=false isRemotelyClosed=true isTtlExpired=false
17:27:41.142 [AsyncHttpClient-1-1] DEBUG org.asynchttpclient.netty.channel.DefaultChannelPool - Closing Idle Channel [id: 0x6f40ae46, L:/127.0.0.1:60314 ! R:localhost/127.0.0.1:57695]
17:27:41.142 [AsyncHttpClient-1-1] DEBUG org.asynchttpclient.netty.channel.DefaultChannelPool - Adding Candidate expired Channel [id: 0x6e38cf3d, L:/127.0.0.1:60320 ! R:localhost/127.0.0.1:60315] isIdleTimeoutExpired=false isRemotelyClosed=true isTtlExpired=false
17:27:41.142 [AsyncHttpClient-1-1] DEBUG org.asynchttpclient.netty.channel.DefaultChannelPool - Closing Idle Channel [id: 0x6e38cf3d, L:/127.0.0.1:60320 ! R:localhost/127.0.0.1:60315]
17:27:41.142 [AsyncHttpClient-1-1] DEBUG org.asynchttpclient.netty.channel.DefaultChannelPool - Closed 2 connections out of 2 in 0 ms
17:27:41.235 [main] DEBUG net.serenitybdd.core.webdriver.driverproviders.ProvideNewDriver - Instantiating driver
17:27:41.235 [main] DEBUG net.serenitybdd.core.webdriver.driverproviders.ProvideNewDriver - Driver capabilities: Capabilities {acceptInsecureCerts: false, base.url: https://hospital-management..., browserName: chrome, chrome.driver: src/test/resources/webdrive..., driver: chrome, goog:chromeOptions: {args: [], extensions: []}}
17:27:41.785 [AsyncHttpClient-1-6] DEBUG org.asynchttpclient.netty.channel.NettyConnectListener - Using new Channel '[id: 0xf1791be1, L:/127.0.0.1:60338 - R:localhost/127.0.0.1:65099]' for 'POST' to '/session'
17:27:44.045 [AsyncHttpClient-1-6] DEBUG org.asynchttpclient.netty.handler.HttpHandler - 

Request DefaultHttpRequest(decodeResult: success, version: HTTP/1.1)
POST /session HTTP/1.1
User-Agent: selenium/4.1.2 (java windows)
Content-Length: 621
Content-Type: application/json; charset=utf-8
host: localhost:65099
accept: */*

Response DefaultHttpResponse(decodeResult: success, version: HTTP/1.1)
HTTP/1.1 200 OK
Content-Type: application/json; charset=utf-8
cache-control: no-cache
content-length: 788

17:27:44.046 [AsyncHttpClient-1-6] DEBUG org.asynchttpclient.netty.channel.ChannelManager - Adding key: http://localhost:65099 for channel [id: 0xf1791be1, L:/127.0.0.1:60338 - R:localhost/127.0.0.1:65099]
17:27:44.059 [AsyncHttpClient-1-7] DEBUG org.asynchttpclient.netty.channel.NettyConnectListener - Using new Channel '[id: 0x36d213fd, L:/127.0.0.1:60344 - R:localhost/127.0.0.1:60339]' for 'GET' to '/json/version'
17:27:44.060 [AsyncHttpClient-1-7] DEBUG org.asynchttpclient.netty.handler.HttpHandler - 

Request DefaultFullHttpRequest(decodeResult: success, version: HTTP/1.1, content: EmptyByteBufBE)
GET /json/version HTTP/1.1
User-Agent: selenium/4.1.2 (java windows)
host: localhost:60339
accept: */*

Response DefaultHttpResponse(decodeResult: success, version: HTTP/1.1)
HTTP/1.1 200 OK
Content-Type: application/json; charset=UTF-8
content-length: 427

17:27:44.060 [AsyncHttpClient-1-7] DEBUG org.asynchttpclient.netty.channel.ChannelManager - Adding key: http://localhost:60339 for channel [id: 0x36d213fd, L:/127.0.0.1:60344 - R:localhost/127.0.0.1:60339]
17:27:44.063 [AsyncHttpClient-1-8] DEBUG org.asynchttpclient.netty.channel.NettyConnectListener - Using new Channel '[id: 0xb3cabfd7, L:/127.0.0.1:60345 - R:localhost/127.0.0.1:60339]' for 'GET' to '/devtools/browser/6493f8a3-8383-4f45-a337-88ad0aea5eaf'
17:27:44.064 [AsyncHttpClient-1-8] DEBUG org.asynchttpclient.netty.handler.WebSocketHandler - 

Request DefaultFullHttpRequest(decodeResult: success, version: HTTP/1.1, content: EmptyByteBufBE)
GET /devtools/browser/6493f8a3-8383-4f45-a337-88ad0aea5eaf HTTP/1.1
upgrade: websocket
connection: upgrade
sec-websocket-key: lGlf1SQQI9th0s1YJnbl0g==
sec-websocket-version: 13
origin: http://localhost:60339
host: localhost:60339
accept: */*
user-agent: AHC/2.1

Response DefaultHttpResponse(decodeResult: success, version: HTTP/1.1)
HTTP/1.1 101 WebSocket Protocol Handshake
Upgrade: WebSocket
Connection: Upgrade
Sec-WebSocket-Accept: BKBciDy62kOuonw3wabTkpa1kpI=

17:27:44.069 [Forwarding maximizeCurrentWindow on session 4156f9a90355880df9565b3156acb8e2 to remote] DEBUG org.asynchttpclient.netty.request.NettyRequestSender - Using pooled Channel '[id: 0xf1791be1, L:/127.0.0.1:60338 - R:localhost/127.0.0.1:65099]' for 'POST' to 'http://localhost:65099/session/4156f9a90355880df9565b3156acb8e2/window/maximize'
17:27:44.069 [Forwarding maximizeCurrentWindow on session 4156f9a90355880df9565b3156acb8e2 to remote] DEBUG org.asynchttpclient.netty.request.NettyRequestSender - Using open Channel [id: 0xf1791be1, L:/127.0.0.1:60338 - R:localhost/127.0.0.1:65099] for POST '/session/4156f9a90355880df9565b3156acb8e2/window/maximize'
17:27:44.206 [AsyncHttpClient-1-6] DEBUG org.asynchttpclient.netty.handler.HttpHandler - 

Request DefaultHttpRequest(decodeResult: success, version: HTTP/1.1)
POST /session/4156f9a90355880df9565b3156acb8e2/window/maximize HTTP/1.1
User-Agent: selenium/4.1.2 (java windows)
Content-Length: 3
Content-Type: application/json; charset=utf-8
host: localhost:65099
accept: */*

Response DefaultHttpResponse(decodeResult: success, version: HTTP/1.1)
HTTP/1.1 200 OK
Content-Type: application/json; charset=utf-8
cache-control: no-cache
content-length: 51

17:27:44.206 [AsyncHttpClient-1-6] DEBUG org.asynchttpclient.netty.channel.ChannelManager - Adding key: http://localhost:65099 for channel [id: 0xf1791be1, L:/127.0.0.1:60338 - R:localhost/127.0.0.1:65099]
17:27:44.209 [Forwarding get on session 4156f9a90355880df9565b3156acb8e2 to remote] DEBUG org.asynchttpclient.netty.request.NettyRequestSender - Using pooled Channel '[id: 0xf1791be1, L:/127.0.0.1:60338 - R:localhost/127.0.0.1:65099]' for 'POST' to 'http://localhost:65099/session/4156f9a90355880df9565b3156acb8e2/url'
17:27:44.209 [Forwarding get on session 4156f9a90355880df9565b3156acb8e2 to remote] DEBUG org.asynchttpclient.netty.request.NettyRequestSender - Using open Channel [id: 0xf1791be1, L:/127.0.0.1:60338 - R:localhost/127.0.0.1:65099] for POST '/session/4156f9a90355880df9565b3156acb8e2/url'
17:27:44.441 [AsyncHttpClient-1-1] DEBUG org.asynchttpclient.netty.channel.DefaultChannelPool - Entry count for : http://localhost:60339 : 1
17:27:45.542 [AsyncHttpClient-1-1] DEBUG org.asynchttpclient.netty.channel.DefaultChannelPool - Entry count for : http://localhost:60339 : 1
17:27:46.643 [AsyncHttpClient-1-1] DEBUG org.asynchttpclient.netty.channel.DefaultChannelPool - Entry count for : http://localhost:60339 : 1
17:27:47.743 [AsyncHttpClient-1-1] DEBUG org.asynchttpclient.netty.channel.DefaultChannelPool - Entry count for : http://localhost:60339 : 1
17:27:48.844 [AsyncHttpClient-1-1] DEBUG org.asynchttpclient.netty.channel.DefaultChannelPool - Entry count for : http://localhost:60339 : 1
17:27:49.121 [AsyncHttpClient-1-6] DEBUG org.asynchttpclient.netty.handler.HttpHandler - 

Request DefaultHttpRequest(decodeResult: success, version: HTTP/1.1)
POST /session/4156f9a90355880df9565b3156acb8e2/url HTTP/1.1
User-Agent: selenium/4.1.2 (java windows)
Content-Length: 65
Content-Type: application/json; charset=utf-8
host: localhost:65099
accept: */*

Response DefaultHttpResponse(decodeResult: success, version: HTTP/1.1)
HTTP/1.1 200 OK
Content-Type: application/json; charset=utf-8
cache-control: no-cache
content-length: 14

17:27:49.122 [AsyncHttpClient-1-6] DEBUG org.asynchttpclient.netty.channel.ChannelManager - Adding key: http://localhost:65099 for channel [id: 0xf1791be1, L:/127.0.0.1:60338 - R:localhost/127.0.0.1:65099]
17:27:49.125 [Forwarding setTimeout on session 4156f9a90355880df9565b3156acb8e2 to remote] DEBUG org.asynchttpclient.netty.request.NettyRequestSender - Using pooled Channel '[id: 0xf1791be1, L:/127.0.0.1:60338 - R:localhost/127.0.0.1:65099]' for 'POST' to 'http://localhost:65099/session/4156f9a90355880df9565b3156acb8e2/timeouts'
17:27:49.125 [Forwarding setTimeout on session 4156f9a90355880df9565b3156acb8e2 to remote] DEBUG org.asynchttpclient.netty.request.NettyRequestSender - Using open Channel [id: 0xf1791be1, L:/127.0.0.1:60338 - R:localhost/127.0.0.1:65099] for POST '/session/4156f9a90355880df9565b3156acb8e2/timeouts'
17:27:49.127 [AsyncHttpClient-1-6] DEBUG org.asynchttpclient.netty.handler.HttpHandler - 

Request DefaultHttpRequest(decodeResult: success, version: HTTP/1.1)
POST /session/4156f9a90355880df9565b3156acb8e2/timeouts HTTP/1.1
User-Agent: selenium/4.1.2 (java windows)
Content-Length: 22
Content-Type: application/json; charset=utf-8
host: localhost:65099
accept: */*

Response DefaultHttpResponse(decodeResult: success, version: HTTP/1.1)
HTTP/1.1 200 OK
Content-Type: application/json; charset=utf-8
cache-control: no-cache
content-length: 14

17:27:49.127 [AsyncHttpClient-1-6] DEBUG org.asynchttpclient.netty.channel.ChannelManager - Adding key: http://localhost:65099 for channel [id: 0xf1791be1, L:/127.0.0.1:60338 - R:localhost/127.0.0.1:65099]
17:27:49.132 [Forwarding getCurrentUrl on session 4156f9a90355880df9565b3156acb8e2 to remote] DEBUG org.asynchttpclient.netty.request.NettyRequestSender - Using pooled Channel '[id: 0xf1791be1, L:/127.0.0.1:60338 - R:localhost/127.0.0.1:65099]' for 'GET' to 'http://localhost:65099/session/4156f9a90355880df9565b3156acb8e2/url'
17:27:49.132 [Forwarding getCurrentUrl on session 4156f9a90355880df9565b3156acb8e2 to remote] DEBUG org.asynchttpclient.netty.request.NettyRequestSender - Using open Channel [id: 0xf1791be1, L:/127.0.0.1:60338 - R:localhost/127.0.0.1:65099] for GET '/session/4156f9a90355880df9565b3156acb8e2/url'
17:27:49.154 [AsyncHttpClient-1-6] DEBUG org.asynchttpclient.netty.handler.HttpHandler - 

Request DefaultFullHttpRequest(decodeResult: success, version: HTTP/1.1, content: EmptyByteBufBE)
GET /session/4156f9a90355880df9565b3156acb8e2/url HTTP/1.1
User-Agent: selenium/4.1.2 (java windows)
Cache-Control: no-cache
Content-Type: application/json; charset=utf-8
host: localhost:65099
accept: */*

Response DefaultHttpResponse(decodeResult: success, version: HTTP/1.1)
HTTP/1.1 200 OK
Content-Type: application/json; charset=utf-8
cache-control: no-cache
content-length: 53

17:27:49.154 [AsyncHttpClient-1-6] DEBUG org.asynchttpclient.netty.channel.ChannelManager - Adding key: http://localhost:65099 for channel [id: 0xf1791be1, L:/127.0.0.1:60338 - R:localhost/127.0.0.1:65099]
17:27:49.158 [Forwarding getCurrentUrl on session 4156f9a90355880df9565b3156acb8e2 to remote] DEBUG org.asynchttpclient.netty.request.NettyRequestSender - Using pooled Channel '[id: 0xf1791be1, L:/127.0.0.1:60338 - R:localhost/127.0.0.1:65099]' for 'GET' to 'http://localhost:65099/session/4156f9a90355880df9565b3156acb8e2/url'
17:27:49.158 [Forwarding getCurrentUrl on session 4156f9a90355880df9565b3156acb8e2 to remote] DEBUG org.asynchttpclient.netty.request.NettyRequestSender - Using open Channel [id: 0xf1791be1, L:/127.0.0.1:60338 - R:localhost/127.0.0.1:65099] for GET '/session/4156f9a90355880df9565b3156acb8e2/url'
17:27:49.162 [AsyncHttpClient-1-6] DEBUG org.asynchttpclient.netty.handler.HttpHandler - 

Request DefaultFullHttpRequest(decodeResult: success, version: HTTP/1.1, content: EmptyByteBufBE)
GET /session/4156f9a90355880df9565b3156acb8e2/url HTTP/1.1
User-Agent: selenium/4.1.2 (java windows)
Cache-Control: no-cache
Content-Type: application/json; charset=utf-8
host: localhost:65099
accept: */*

Response DefaultHttpResponse(decodeResult: success, version: HTTP/1.1)
HTTP/1.1 200 OK
Content-Type: application/json; charset=utf-8
cache-control: no-cache
content-length: 53

17:27:49.162 [AsyncHttpClient-1-6] DEBUG org.asynchttpclient.netty.channel.ChannelManager - Adding key: http://localhost:65099 for channel [id: 0xf1791be1, L:/127.0.0.1:60338 - R:localhost/127.0.0.1:65099]
17:27:49.169 [Forwarding screenshot on session 4156f9a90355880df9565b3156acb8e2 to remote] DEBUG org.asynchttpclient.netty.request.NettyRequestSender - Using pooled Channel '[id: 0xf1791be1, L:/127.0.0.1:60338 - R:localhost/127.0.0.1:65099]' for 'GET' to 'http://localhost:65099/session/4156f9a90355880df9565b3156acb8e2/screenshot'
17:27:49.169 [Forwarding screenshot on session 4156f9a90355880df9565b3156acb8e2 to remote] DEBUG org.asynchttpclient.netty.request.NettyRequestSender - Using open Channel [id: 0xf1791be1, L:/127.0.0.1:60338 - R:localhost/127.0.0.1:65099] for GET '/session/4156f9a90355880df9565b3156acb8e2/screenshot'
17:27:49.292 [AsyncHttpClient-1-6] DEBUG org.asynchttpclient.netty.handler.HttpHandler - 

Request DefaultFullHttpRequest(decodeResult: success, version: HTTP/1.1, content: EmptyByteBufBE)
GET /session/4156f9a90355880df9565b3156acb8e2/screenshot HTTP/1.1
User-Agent: selenium/4.1.2 (java windows)
Cache-Control: no-cache
Content-Type: application/json; charset=utf-8
host: localhost:65099
accept: */*

Response DefaultHttpResponse(decodeResult: success, version: HTTP/1.1)
HTTP/1.1 200 OK
Content-Type: application/json; charset=utf-8
cache-control: no-cache
content-length: 113236

17:27:49.293 [AsyncHttpClient-1-6] DEBUG org.asynchttpclient.netty.channel.ChannelManager - Adding key: http://localhost:65099 for channel [id: 0xf1791be1, L:/127.0.0.1:60338 - R:localhost/127.0.0.1:65099]
17:27:49.298 [main] DEBUG net.serenitybdd.core.photography.Darkroom - Send negative for processing for target\site\serenity\85992fd1dce5bd33a060017ef6e67a16a578ce48563d49babd27ce16c537516f.png
17:27:49.299 [main] DEBUG net.thucydides.core.steps.StepInterceptor - STEP DONE: openUrl
17:27:49.299 [Darkroom Processing Line] DEBUG net.serenitybdd.core.photography.DarkroomProcessingLine - Processing screenshot image in /var/screenshots/screenshot-4806706520077678525
17:27:49.299 [Darkroom Processing Line] DEBUG net.serenitybdd.core.photography.DarkroomProcessingLine - Saving screenshot to target\site\serenity\85992fd1dce5bd33a060017ef6e67a16a578ce48563d49babd27ce16c537516f.png
17:27:49.305 [main] DEBUG net.thucydides.core.steps.StepInterceptor - STARTING STEP: PatientSteps.iAmAtTheDashboardPage - validateOnDashboardPage
17:27:49.307 [Forwarding findElement on session 4156f9a90355880df9565b3156acb8e2 to remote] DEBUG org.asynchttpclient.netty.request.NettyRequestSender - Using pooled Channel '[id: 0xf1791be1, L:/127.0.0.1:60338 - R:localhost/127.0.0.1:65099]' for 'POST' to 'http://localhost:65099/session/4156f9a90355880df9565b3156acb8e2/element'
17:27:49.307 [Forwarding findElement on session 4156f9a90355880df9565b3156acb8e2 to remote] DEBUG org.asynchttpclient.netty.request.NettyRequestSender - Using open Channel [id: 0xf1791be1, L:/127.0.0.1:60338 - R:localhost/127.0.0.1:65099] for POST '/session/4156f9a90355880df9565b3156acb8e2/element'
17:27:49.323 [AsyncHttpClient-1-6] DEBUG org.asynchttpclient.netty.handler.HttpHandler - 

Request DefaultHttpRequest(decodeResult: success, version: HTTP/1.1)
POST /session/4156f9a90355880df9565b3156acb8e2/element HTTP/1.1
User-Agent: selenium/4.1.2 (java windows)
Content-Length: 81
Content-Type: application/json; charset=utf-8
host: localhost:65099
accept: */*

Response DefaultHttpResponse(decodeResult: success, version: HTTP/1.1)
HTTP/1.1 200 OK
Content-Type: application/json; charset=utf-8
cache-control: no-cache
content-length: 88

17:27:49.323 [AsyncHttpClient-1-6] DEBUG org.asynchttpclient.netty.channel.ChannelManager - Adding key: http://localhost:65099 for channel [id: 0xf1791be1, L:/127.0.0.1:60338 - R:localhost/127.0.0.1:65099]
17:27:49.327 [Forwarding isElementDisplayed on session 4156f9a90355880df9565b3156acb8e2 to remote] DEBUG org.asynchttpclient.netty.request.NettyRequestSender - Using pooled Channel '[id: 0xf1791be1, L:/127.0.0.1:60338 - R:localhost/127.0.0.1:65099]' for 'POST' to 'http://localhost:65099/session/4156f9a90355880df9565b3156acb8e2/execute/sync'
17:27:49.327 [Forwarding isElementDisplayed on session 4156f9a90355880df9565b3156acb8e2 to remote] DEBUG org.asynchttpclient.netty.request.NettyRequestSender - Using open Channel [id: 0xf1791be1, L:/127.0.0.1:60338 - R:localhost/127.0.0.1:65099] for POST '/session/4156f9a90355880df9565b3156acb8e2/execute/sync'
17:27:49.346 [AsyncHttpClient-1-6] DEBUG org.asynchttpclient.netty.handler.HttpHandler - 

Request DefaultHttpRequest(decodeResult: success, version: HTTP/1.1)
POST /session/4156f9a90355880df9565b3156acb8e2/execute/sync HTTP/1.1
User-Agent: selenium/4.1.2 (java windows)
Content-Length: 48780
Content-Type: application/json; charset=utf-8
host: localhost:65099
accept: */*

Response DefaultHttpResponse(decodeResult: success, version: HTTP/1.1)
HTTP/1.1 200 OK
Content-Type: application/json; charset=utf-8
cache-control: no-cache
content-length: 14

17:27:49.346 [AsyncHttpClient-1-6] DEBUG org.asynchttpclient.netty.channel.ChannelManager - Adding key: http://localhost:65099 for channel [id: 0xf1791be1, L:/127.0.0.1:60338 - R:localhost/127.0.0.1:65099]
17:27:49.351 [Forwarding screenshot on session 4156f9a90355880df9565b3156acb8e2 to remote] DEBUG org.asynchttpclient.netty.request.NettyRequestSender - Using pooled Channel '[id: 0xf1791be1, L:/127.0.0.1:60338 - R:localhost/127.0.0.1:65099]' for 'GET' to 'http://localhost:65099/session/4156f9a90355880df9565b3156acb8e2/screenshot'
17:27:49.351 [Forwarding screenshot on session 4156f9a90355880df9565b3156acb8e2 to remote] DEBUG org.asynchttpclient.netty.request.NettyRequestSender - Using open Channel [id: 0xf1791be1, L:/127.0.0.1:60338 - R:localhost/127.0.0.1:65099] for GET '/session/4156f9a90355880df9565b3156acb8e2/screenshot'
17:27:49.509 [AsyncHttpClient-1-6] DEBUG org.asynchttpclient.netty.handler.HttpHandler - 

Request DefaultFullHttpRequest(decodeResult: success, version: HTTP/1.1, content: EmptyByteBufBE)
GET /session/4156f9a90355880df9565b3156acb8e2/screenshot HTTP/1.1
User-Agent: selenium/4.1.2 (java windows)
Cache-Control: no-cache
Content-Type: application/json; charset=utf-8
host: localhost:65099
accept: */*

Response DefaultHttpResponse(decodeResult: success, version: HTTP/1.1)
HTTP/1.1 200 OK
Content-Type: application/json; charset=utf-8
cache-control: no-cache
content-length: 113236

17:27:49.510 [AsyncHttpClient-1-6] DEBUG org.asynchttpclient.netty.channel.ChannelManager - Adding key: http://localhost:65099 for channel [id: 0xf1791be1, L:/127.0.0.1:60338 - R:localhost/127.0.0.1:65099]
17:27:49.516 [main] DEBUG net.serenitybdd.core.photography.Darkroom - Send negative for processing for target\site\serenity\85992fd1dce5bd33a060017ef6e67a16a578ce48563d49babd27ce16c537516f.png
17:27:49.516 [main] DEBUG net.thucydides.core.steps.StepInterceptor - STEP DONE: validateOnDashboardPage
  &amp#27;[32mGiven &amp#27;[0m&amp#27;[32mI am at the dashboard page&amp#27;[0m            &amp#27;[90m# starter.stepdefinitions.PatientSteps.iAmAtTheDashboardPage()&amp#27;[0m
17:27:49.539 [main] DEBUG net.thucydides.core.steps.StepInterceptor - STARTING STEP: PatientSteps.iClickMenuPatient - clickMenuPatientButton
17:27:49.542 [Forwarding findElement on session 4156f9a90355880df9565b3156acb8e2 to remote] DEBUG org.asynchttpclient.netty.request.NettyRequestSender - Using pooled Channel '[id: 0xf1791be1, L:/127.0.0.1:60338 - R:localhost/127.0.0.1:65099]' for 'POST' to 'http://localhost:65099/session/4156f9a90355880df9565b3156acb8e2/element'
17:27:49.542 [Forwarding findElement on session 4156f9a90355880df9565b3156acb8e2 to remote] DEBUG org.asynchttpclient.netty.request.NettyRequestSender - Using open Channel [id: 0xf1791be1, L:/127.0.0.1:60338 - R:localhost/127.0.0.1:65099] for POST '/session/4156f9a90355880df9565b3156acb8e2/element'
17:27:49.561 [AsyncHttpClient-1-6] DEBUG org.asynchttpclient.netty.handler.HttpHandler - 

Request DefaultHttpRequest(decodeResult: success, version: HTTP/1.1)
POST /session/4156f9a90355880df9565b3156acb8e2/element HTTP/1.1
User-Agent: selenium/4.1.2 (java windows)
Content-Length: 80
Content-Type: application/json; charset=utf-8
host: localhost:65099
accept: */*

Response DefaultHttpResponse(decodeResult: success, version: HTTP/1.1)
HTTP/1.1 200 OK
Content-Type: application/json; charset=utf-8
cache-control: no-cache
content-length: 88

17:27:49.561 [AsyncHttpClient-1-6] DEBUG org.asynchttpclient.netty.channel.ChannelManager - Adding key: http://localhost:65099 for channel [id: 0xf1791be1, L:/127.0.0.1:60338 - R:localhost/127.0.0.1:65099]
17:27:49.562 [Forwarding getElementTagName on session 4156f9a90355880df9565b3156acb8e2 to remote] DEBUG org.asynchttpclient.netty.request.NettyRequestSender - Using pooled Channel '[id: 0xf1791be1, L:/127.0.0.1:60338 - R:localhost/127.0.0.1:65099]' for 'GET' to 'http://localhost:65099/session/4156f9a90355880df9565b3156acb8e2/element/d59c20e2-ca38-4d45-8dbf-2e5802030c45/name'
17:27:49.563 [Forwarding getElementTagName on session 4156f9a90355880df9565b3156acb8e2 to remote] DEBUG org.asynchttpclient.netty.request.NettyRequestSender - Using open Channel [id: 0xf1791be1, L:/127.0.0.1:60338 - R:localhost/127.0.0.1:65099] for GET '/session/4156f9a90355880df9565b3156acb8e2/element/d59c20e2-ca38-4d45-8dbf-2e5802030c45/name'
17:27:49.568 [AsyncHttpClient-1-6] DEBUG org.asynchttpclient.netty.handler.HttpHandler - 

Request DefaultFullHttpRequest(decodeResult: success, version: HTTP/1.1, content: EmptyByteBufBE)
GET /session/4156f9a90355880df9565b3156acb8e2/element/d59c20e2-ca38-4d45-8dbf-2e5802030c45/name HTTP/1.1
User-Agent: selenium/4.1.2 (java windows)
Cache-Control: no-cache
Content-Type: application/json; charset=utf-8
host: localhost:65099
accept: */*

Response DefaultHttpResponse(decodeResult: success, version: HTTP/1.1)
HTTP/1.1 200 OK
Content-Type: application/json; charset=utf-8
cache-control: no-cache
content-length: 15

17:27:49.568 [AsyncHttpClient-1-6] DEBUG org.asynchttpclient.netty.channel.ChannelManager - Adding key: http://localhost:65099 for channel [id: 0xf1791be1, L:/127.0.0.1:60338 - R:localhost/127.0.0.1:65099]
17:27:49.570 [Forwarding getElementTagName on session 4156f9a90355880df9565b3156acb8e2 to remote] DEBUG org.asynchttpclient.netty.request.NettyRequestSender - Using pooled Channel '[id: 0xf1791be1, L:/127.0.0.1:60338 - R:localhost/127.0.0.1:65099]' for 'GET' to 'http://localhost:65099/session/4156f9a90355880df9565b3156acb8e2/element/d59c20e2-ca38-4d45-8dbf-2e5802030c45/name'
17:27:49.570 [Forwarding getElementTagName on session 4156f9a90355880df9565b3156acb8e2 to remote] DEBUG org.asynchttpclient.netty.request.NettyRequestSender - Using open Channel [id: 0xf1791be1, L:/127.0.0.1:60338 - R:localhost/127.0.0.1:65099] for GET '/session/4156f9a90355880df9565b3156acb8e2/element/d59c20e2-ca38-4d45-8dbf-2e5802030c45/name'
17:27:49.575 [AsyncHttpClient-1-6] DEBUG org.asynchttpclient.netty.handler.HttpHandler - 

Request DefaultFullHttpRequest(decodeResult: success, version: HTTP/1.1, content: EmptyByteBufBE)
GET /session/4156f9a90355880df9565b3156acb8e2/element/d59c20e2-ca38-4d45-8dbf-2e5802030c45/name HTTP/1.1
User-Agent: selenium/4.1.2 (java windows)
Cache-Control: no-cache
Content-Type: application/json; charset=utf-8
host: localhost:65099
accept: */*

Response DefaultHttpResponse(decodeResult: success, version: HTTP/1.1)
HTTP/1.1 200 OK
Content-Type: application/json; charset=utf-8
cache-control: no-cache
content-length: 15

17:27:49.575 [AsyncHttpClient-1-6] DEBUG org.asynchttpclient.netty.channel.ChannelManager - Adding key: http://localhost:65099 for channel [id: 0xf1791be1, L:/127.0.0.1:60338 - R:localhost/127.0.0.1:65099]
17:27:49.577 [Forwarding findElement on session 4156f9a90355880df9565b3156acb8e2 to remote] DEBUG org.asynchttpclient.netty.request.NettyRequestSender - Using pooled Channel '[id: 0xf1791be1, L:/127.0.0.1:60338 - R:localhost/127.0.0.1:65099]' for 'POST' to 'http://localhost:65099/session/4156f9a90355880df9565b3156acb8e2/element'
17:27:49.577 [Forwarding findElement on session 4156f9a90355880df9565b3156acb8e2 to remote] DEBUG org.asynchttpclient.netty.request.NettyRequestSender - Using open Channel [id: 0xf1791be1, L:/127.0.0.1:60338 - R:localhost/127.0.0.1:65099] for POST '/session/4156f9a90355880df9565b3156acb8e2/element'
17:27:49.586 [AsyncHttpClient-1-6] DEBUG org.asynchttpclient.netty.handler.HttpHandler - 

Request DefaultHttpRequest(decodeResult: success, version: HTTP/1.1)
POST /session/4156f9a90355880df9565b3156acb8e2/element HTTP/1.1
User-Agent: selenium/4.1.2 (java windows)
Content-Length: 80
Content-Type: application/json; charset=utf-8
host: localhost:65099
accept: */*

Response DefaultHttpResponse(decodeResult: success, version: HTTP/1.1)
HTTP/1.1 200 OK
Content-Type: application/json; charset=utf-8
cache-control: no-cache
content-length: 88

17:27:49.586 [AsyncHttpClient-1-6] DEBUG org.asynchttpclient.netty.channel.ChannelManager - Adding key: http://localhost:65099 for channel [id: 0xf1791be1, L:/127.0.0.1:60338 - R:localhost/127.0.0.1:65099]
17:27:49.588 [Forwarding clickElement on session 4156f9a90355880df9565b3156acb8e2 to remote] DEBUG org.asynchttpclient.netty.request.NettyRequestSender - Using pooled Channel '[id: 0xf1791be1, L:/127.0.0.1:60338 - R:localhost/127.0.0.1:65099]' for 'POST' to 'http://localhost:65099/session/4156f9a90355880df9565b3156acb8e2/element/d59c20e2-ca38-4d45-8dbf-2e5802030c45/click'
17:27:49.588 [Forwarding clickElement on session 4156f9a90355880df9565b3156acb8e2 to remote] DEBUG org.asynchttpclient.netty.request.NettyRequestSender - Using open Channel [id: 0xf1791be1, L:/127.0.0.1:60338 - R:localhost/127.0.0.1:65099] for POST '/session/4156f9a90355880df9565b3156acb8e2/element/d59c20e2-ca38-4d45-8dbf-2e5802030c45/click'
17:27:49.810 [AsyncHttpClient-1-6] DEBUG org.asynchttpclient.netty.handler.HttpHandler - 

Request DefaultHttpRequest(decodeResult: success, version: HTTP/1.1)
POST /session/4156f9a90355880df9565b3156acb8e2/element/d59c20e2-ca38-4d45-8dbf-2e5802030c45/click HTTP/1.1
User-Agent: selenium/4.1.2 (java windows)
Content-Length: 50
Content-Type: application/json; charset=utf-8
host: localhost:65099
accept: */*

Response DefaultHttpResponse(decodeResult: success, version: HTTP/1.1)
HTTP/1.1 200 OK
Content-Type: application/json; charset=utf-8
cache-control: no-cache
content-length: 14

17:27:49.810 [AsyncHttpClient-1-6] DEBUG org.asynchttpclient.netty.channel.ChannelManager - Adding key: http://localhost:65099 for channel [id: 0xf1791be1, L:/127.0.0.1:60338 - R:localhost/127.0.0.1:65099]
17:27:49.819 [Forwarding screenshot on session 4156f9a90355880df9565b3156acb8e2 to remote] DEBUG org.asynchttpclient.netty.request.NettyRequestSender - Using pooled Channel '[id: 0xf1791be1, L:/127.0.0.1:60338 - R:localhost/127.0.0.1:65099]' for 'GET' to 'http://localhost:65099/session/4156f9a90355880df9565b3156acb8e2/screenshot'
17:27:49.819 [Forwarding screenshot on session 4156f9a90355880df9565b3156acb8e2 to remote] DEBUG org.asynchttpclient.netty.request.NettyRequestSender - Using open Channel [id: 0xf1791be1, L:/127.0.0.1:60338 - R:localhost/127.0.0.1:65099] for GET '/session/4156f9a90355880df9565b3156acb8e2/screenshot'
17:27:49.936 [AsyncHttpClient-1-6] DEBUG org.asynchttpclient.netty.handler.HttpHandler - 

Request DefaultFullHttpRequest(decodeResult: success, version: HTTP/1.1, content: EmptyByteBufBE)
GET /session/4156f9a90355880df9565b3156acb8e2/screenshot HTTP/1.1
User-Agent: selenium/4.1.2 (java windows)
Cache-Control: no-cache
Content-Type: application/json; charset=utf-8
host: localhost:65099
accept: */*

Response DefaultHttpResponse(decodeResult: success, version: HTTP/1.1)
HTTP/1.1 200 OK
Content-Type: application/json; charset=utf-8
cache-control: no-cache
content-length: 37108

17:27:49.937 [AsyncHttpClient-1-6] DEBUG org.asynchttpclient.netty.channel.ChannelManager - Adding key: http://localhost:65099 for channel [id: 0xf1791be1, L:/127.0.0.1:60338 - R:localhost/127.0.0.1:65099]
17:27:49.940 [main] DEBUG net.serenitybdd.core.photography.Darkroom - Send negative for processing for target\site\serenity\191892a91731ac9195bdb99cdcc5e2b48dec5b3983076e7a0bc1cdda6d18b5fb.png
17:27:49.940 [main] DEBUG net.thucydides.core.steps.StepInterceptor - STEP DONE: clickMenuPatientButton
  &amp#27;[32mAnd &amp#27;[0m&amp#27;[32mI click menu patient&amp#27;[0m                    &amp#27;[90m# starter.stepdefinitions.PatientSteps.iClickMenuPatient()&amp#27;[0m
17:27:49.944 [AsyncHttpClient-1-1] DEBUG org.asynchttpclient.netty.channel.DefaultChannelPool - Entry count for : http://localhost:60339 : 1
17:27:49.944 [AsyncHttpClient-1-1] DEBUG org.asynchttpclient.netty.channel.DefaultChannelPool - Entry count for : http://localhost:65099 : 1
17:27:49.968 [main] DEBUG net.thucydides.core.steps.StepInterceptor - STARTING STEP: PatientSteps.iClickTheDeletePatientButton - clickTheDeleteButton
17:27:49.971 [Forwarding findElement on session 4156f9a90355880df9565b3156acb8e2 to remote] DEBUG org.asynchttpclient.netty.request.NettyRequestSender - Using pooled Channel '[id: 0xf1791be1, L:/127.0.0.1:60338 - R:localhost/127.0.0.1:65099]' for 'POST' to 'http://localhost:65099/session/4156f9a90355880df9565b3156acb8e2/element'
17:27:49.971 [Forwarding findElement on session 4156f9a90355880df9565b3156acb8e2 to remote] DEBUG org.asynchttpclient.netty.request.NettyRequestSender - Using open Channel [id: 0xf1791be1, L:/127.0.0.1:60338 - R:localhost/127.0.0.1:65099] for POST '/session/4156f9a90355880df9565b3156acb8e2/element'
17:27:51.042 [AsyncHttpClient-1-1] DEBUG org.asynchttpclient.netty.channel.DefaultChannelPool - Entry count for : http://localhost:60339 : 1
17:27:51.166 [AsyncHttpClient-1-6] DEBUG org.asynchttpclient.netty.handler.HttpHandler - 

Request DefaultHttpRequest(decodeResult: success, version: HTTP/1.1)
POST /session/4156f9a90355880df9565b3156acb8e2/element HTTP/1.1
User-Agent: selenium/4.1.2 (java windows)
Content-Length: 91
Content-Type: application/json; charset=utf-8
host: localhost:65099
accept: */*

Response DefaultHttpResponse(decodeResult: success, version: HTTP/1.1)
HTTP/1.1 200 OK
Content-Type: application/json; charset=utf-8
cache-control: no-cache
content-length: 88

17:27:51.166 [AsyncHttpClient-1-6] DEBUG org.asynchttpclient.netty.channel.ChannelManager - Adding key: http://localhost:65099 for channel [id: 0xf1791be1, L:/127.0.0.1:60338 - R:localhost/127.0.0.1:65099]
17:27:51.169 [Forwarding getElementTagName on session 4156f9a90355880df9565b3156acb8e2 to remote] DEBUG org.asynchttpclient.netty.request.NettyRequestSender - Using pooled Channel '[id: 0xf1791be1, L:/127.0.0.1:60338 - R:localhost/127.0.0.1:65099]' for 'GET' to 'http://localhost:65099/session/4156f9a90355880df9565b3156acb8e2/element/f59682c3-e6b7-4c82-b151-af8a3ec598b5/name'
17:27:51.169 [Forwarding getElementTagName on session 4156f9a90355880df9565b3156acb8e2 to remote] DEBUG org.asynchttpclient.netty.request.NettyRequestSender - Using open Channel [id: 0xf1791be1, L:/127.0.0.1:60338 - R:localhost/127.0.0.1:65099] for GET '/session/4156f9a90355880df9565b3156acb8e2/element/f59682c3-e6b7-4c82-b151-af8a3ec598b5/name'
17:27:51.176 [AsyncHttpClient-1-6] DEBUG org.asynchttpclient.netty.handler.HttpHandler - 

Request DefaultFullHttpRequest(decodeResult: success, version: HTTP/1.1, content: EmptyByteBufBE)
GET /session/4156f9a90355880df9565b3156acb8e2/element/f59682c3-e6b7-4c82-b151-af8a3ec598b5/name HTTP/1.1
User-Agent: selenium/4.1.2 (java windows)
Cache-Control: no-cache
Content-Type: application/json; charset=utf-8
host: localhost:65099
accept: */*

Response DefaultHttpResponse(decodeResult: success, version: HTTP/1.1)
HTTP/1.1 200 OK
Content-Type: application/json; charset=utf-8
cache-control: no-cache
content-length: 18

17:27:51.176 [AsyncHttpClient-1-6] DEBUG org.asynchttpclient.netty.channel.ChannelManager - Adding key: http://localhost:65099 for channel [id: 0xf1791be1, L:/127.0.0.1:60338 - R:localhost/127.0.0.1:65099]
17:27:51.177 [Forwarding getElementTagName on session 4156f9a90355880df9565b3156acb8e2 to remote] DEBUG org.asynchttpclient.netty.request.NettyRequestSender - Using pooled Channel '[id: 0xf1791be1, L:/127.0.0.1:60338 - R:localhost/127.0.0.1:65099]' for 'GET' to 'http://localhost:65099/session/4156f9a90355880df9565b3156acb8e2/element/f59682c3-e6b7-4c82-b151-af8a3ec598b5/name'
17:27:51.177 [Forwarding getElementTagName on session 4156f9a90355880df9565b3156acb8e2 to remote] DEBUG org.asynchttpclient.netty.request.NettyRequestSender - Using open Channel [id: 0xf1791be1, L:/127.0.0.1:60338 - R:localhost/127.0.0.1:65099] for GET '/session/4156f9a90355880df9565b3156acb8e2/element/f59682c3-e6b7-4c82-b151-af8a3ec598b5/name'
17:27:51.182 [AsyncHttpClient-1-6] DEBUG org.asynchttpclient.netty.handler.HttpHandler - 

Request DefaultFullHttpRequest(decodeResult: success, version: HTTP/1.1, content: EmptyByteBufBE)
GET /session/4156f9a90355880df9565b3156acb8e2/element/f59682c3-e6b7-4c82-b151-af8a3ec598b5/name HTTP/1.1
User-Agent: selenium/4.1.2 (java windows)
Cache-Control: no-cache
Content-Type: application/json; charset=utf-8
host: localhost:65099
accept: */*

Response DefaultHttpResponse(decodeResult: success, version: HTTP/1.1)
HTTP/1.1 200 OK
Content-Type: application/json; charset=utf-8
cache-control: no-cache
content-length: 18

17:27:51.183 [AsyncHttpClient-1-6] DEBUG org.asynchttpclient.netty.channel.ChannelManager - Adding key: http://localhost:65099 for channel [id: 0xf1791be1, L:/127.0.0.1:60338 - R:localhost/127.0.0.1:65099]
17:27:51.185 [Forwarding isElementEnabled on session 4156f9a90355880df9565b3156acb8e2 to remote] DEBUG org.asynchttpclient.netty.request.NettyRequestSender - Using pooled Channel '[id: 0xf1791be1, L:/127.0.0.1:60338 - R:localhost/127.0.0.1:65099]' for 'GET' to 'http://localhost:65099/session/4156f9a90355880df9565b3156acb8e2/element/f59682c3-e6b7-4c82-b151-af8a3ec598b5/enabled'
17:27:51.185 [Forwarding isElementEnabled on session 4156f9a90355880df9565b3156acb8e2 to remote] DEBUG org.asynchttpclient.netty.request.NettyRequestSender - Using open Channel [id: 0xf1791be1, L:/127.0.0.1:60338 - R:localhost/127.0.0.1:65099] for GET '/session/4156f9a90355880df9565b3156acb8e2/element/f59682c3-e6b7-4c82-b151-af8a3ec598b5/enabled'
17:27:51.195 [AsyncHttpClient-1-6] DEBUG org.asynchttpclient.netty.handler.HttpHandler - 

Request DefaultFullHttpRequest(decodeResult: success, version: HTTP/1.1, content: EmptyByteBufBE)
GET /session/4156f9a90355880df9565b3156acb8e2/element/f59682c3-e6b7-4c82-b151-af8a3ec598b5/enabled HTTP/1.1
User-Agent: selenium/4.1.2 (java windows)
Cache-Control: no-cache
Content-Type: application/json; charset=utf-8
host: localhost:65099
accept: */*

Response DefaultHttpResponse(decodeResult: success, version: HTTP/1.1)
HTTP/1.1 200 OK
Content-Type: application/json; charset=utf-8
cache-control: no-cache
content-length: 14

17:27:51.196 [AsyncHttpClient-1-6] DEBUG org.asynchttpclient.netty.channel.ChannelManager - Adding key: http://localhost:65099 for channel [id: 0xf1791be1, L:/127.0.0.1:60338 - R:localhost/127.0.0.1:65099]
17:27:51.197 [Forwarding isElementEnabled on session 4156f9a90355880df9565b3156acb8e2 to remote] DEBUG org.asynchttpclient.netty.request.NettyRequestSender - Using pooled Channel '[id: 0xf1791be1, L:/127.0.0.1:60338 - R:localhost/127.0.0.1:65099]' for 'GET' to 'http://localhost:65099/session/4156f9a90355880df9565b3156acb8e2/element/f59682c3-e6b7-4c82-b151-af8a3ec598b5/enabled'
17:27:51.197 [Forwarding isElementEnabled on session 4156f9a90355880df9565b3156acb8e2 to remote] DEBUG org.asynchttpclient.netty.request.NettyRequestSender - Using open Channel [id: 0xf1791be1, L:/127.0.0.1:60338 - R:localhost/127.0.0.1:65099] for GET '/session/4156f9a90355880df9565b3156acb8e2/element/f59682c3-e6b7-4c82-b151-af8a3ec598b5/enabled'
17:27:51.204 [AsyncHttpClient-1-6] DEBUG org.asynchttpclient.netty.handler.HttpHandler - 

Request DefaultFullHttpRequest(decodeResult: success, version: HTTP/1.1, content: EmptyByteBufBE)
GET /session/4156f9a90355880df9565b3156acb8e2/element/f59682c3-e6b7-4c82-b151-af8a3ec598b5/enabled HTTP/1.1
User-Agent: selenium/4.1.2 (java windows)
Cache-Control: no-cache
Content-Type: application/json; charset=utf-8
host: localhost:65099
accept: */*

Response DefaultHttpResponse(decodeResult: success, version: HTTP/1.1)
HTTP/1.1 200 OK
Content-Type: application/json; charset=utf-8
cache-control: no-cache
content-length: 14

17:27:51.204 [AsyncHttpClient-1-6] DEBUG org.asynchttpclient.netty.channel.ChannelManager - Adding key: http://localhost:65099 for channel [id: 0xf1791be1, L:/127.0.0.1:60338 - R:localhost/127.0.0.1:65099]
17:27:51.206 [Forwarding findElement on session 4156f9a90355880df9565b3156acb8e2 to remote] DEBUG org.asynchttpclient.netty.request.NettyRequestSender - Using pooled Channel '[id: 0xf1791be1, L:/127.0.0.1:60338 - R:localhost/127.0.0.1:65099]' for 'POST' to 'http://localhost:65099/session/4156f9a90355880df9565b3156acb8e2/element'
17:27:51.206 [Forwarding findElement on session 4156f9a90355880df9565b3156acb8e2 to remote] DEBUG org.asynchttpclient.netty.request.NettyRequestSender - Using open Channel [id: 0xf1791be1, L:/127.0.0.1:60338 - R:localhost/127.0.0.1:65099] for POST '/session/4156f9a90355880df9565b3156acb8e2/element'
17:27:51.215 [AsyncHttpClient-1-6] DEBUG org.asynchttpclient.netty.handler.HttpHandler - 

Request DefaultHttpRequest(decodeResult: success, version: HTTP/1.1)
POST /session/4156f9a90355880df9565b3156acb8e2/element HTTP/1.1
User-Agent: selenium/4.1.2 (java windows)
Content-Length: 91
Content-Type: application/json; charset=utf-8
host: localhost:65099
accept: */*

Response DefaultHttpResponse(decodeResult: success, version: HTTP/1.1)
HTTP/1.1 200 OK
Content-Type: application/json; charset=utf-8
cache-control: no-cache
content-length: 88

17:27:51.216 [AsyncHttpClient-1-6] DEBUG org.asynchttpclient.netty.channel.ChannelManager - Adding key: http://localhost:65099 for channel [id: 0xf1791be1, L:/127.0.0.1:60338 - R:localhost/127.0.0.1:65099]
17:27:51.217 [Forwarding clickElement on session 4156f9a90355880df9565b3156acb8e2 to remote] DEBUG org.asynchttpclient.netty.request.NettyRequestSender - Using pooled Channel '[id: 0xf1791be1, L:/127.0.0.1:60338 - R:localhost/127.0.0.1:65099]' for 'POST' to 'http://localhost:65099/session/4156f9a90355880df9565b3156acb8e2/element/f59682c3-e6b7-4c82-b151-af8a3ec598b5/click'
17:27:51.217 [Forwarding clickElement on session 4156f9a90355880df9565b3156acb8e2 to remote] DEBUG org.asynchttpclient.netty.request.NettyRequestSender - Using open Channel [id: 0xf1791be1, L:/127.0.0.1:60338 - R:localhost/127.0.0.1:65099] for POST '/session/4156f9a90355880df9565b3156acb8e2/element/f59682c3-e6b7-4c82-b151-af8a3ec598b5/click'
17:27:51.322 [AsyncHttpClient-1-6] DEBUG org.asynchttpclient.netty.handler.HttpHandler - 

Request DefaultHttpRequest(decodeResult: success, version: HTTP/1.1)
POST /session/4156f9a90355880df9565b3156acb8e2/element/f59682c3-e6b7-4c82-b151-af8a3ec598b5/click HTTP/1.1
User-Agent: selenium/4.1.2 (java windows)
Content-Length: 50
Content-Type: application/json; charset=utf-8
host: localhost:65099
accept: */*

Response DefaultHttpResponse(decodeResult: success, version: HTTP/1.1)
HTTP/1.1 200 OK
Content-Type: application/json; charset=utf-8
cache-control: no-cache
content-length: 14

17:27:51.323 [AsyncHttpClient-1-6] DEBUG org.asynchttpclient.netty.channel.ChannelManager - Adding key: http://localhost:65099 for channel [id: 0xf1791be1, L:/127.0.0.1:60338 - R:localhost/127.0.0.1:65099]
17:27:51.331 [Forwarding screenshot on session 4156f9a90355880df9565b3156acb8e2 to remote] DEBUG org.asynchttpclient.netty.request.NettyRequestSender - Using pooled Channel '[id: 0xf1791be1, L:/127.0.0.1:60338 - R:localhost/127.0.0.1:65099]' for 'GET' to 'http://localhost:65099/session/4156f9a90355880df9565b3156acb8e2/screenshot'
17:27:51.331 [Forwarding screenshot on session 4156f9a90355880df9565b3156acb8e2 to remote] DEBUG org.asynchttpclient.netty.request.NettyRequestSender - Using open Channel [id: 0xf1791be1, L:/127.0.0.1:60338 - R:localhost/127.0.0.1:65099] for GET '/session/4156f9a90355880df9565b3156acb8e2/screenshot'
17:27:51.505 [AsyncHttpClient-1-6] DEBUG org.asynchttpclient.netty.handler.HttpHandler - 

Request DefaultFullHttpRequest(decodeResult: success, version: HTTP/1.1, content: EmptyByteBufBE)
GET /session/4156f9a90355880df9565b3156acb8e2/screenshot HTTP/1.1
User-Agent: selenium/4.1.2 (java windows)
Cache-Control: no-cache
Content-Type: application/json; charset=utf-8
host: localhost:65099
accept: */*

Response DefaultHttpResponse(decodeResult: success, version: HTTP/1.1)
HTTP/1.1 200 OK
Content-Type: application/json; charset=utf-8
cache-control: no-cache
content-length: 59824

17:27:51.506 [AsyncHttpClient-1-6] DEBUG org.asynchttpclient.netty.channel.ChannelManager - Adding key: http://localhost:65099 for channel [id: 0xf1791be1, L:/127.0.0.1:60338 - R:localhost/127.0.0.1:65099]
17:27:51.520 [main] DEBUG net.serenitybdd.core.photography.Darkroom - Send negative for processing for target\site\serenity\d46bfec8d7466bf0e33a0d92486479635bea8ede06ebcc422276fa19e73b4dbe.png
17:27:51.520 [main] DEBUG net.thucydides.core.steps.StepInterceptor - STEP DONE: clickTheDeleteButton
17:27:51.520 [Darkroom Processing Line] DEBUG net.serenitybdd.core.photography.DarkroomProcessingLine - Processing screenshot image in /var/screenshots/screenshot-15136208516201239378
  &amp#27;[32mWhen &amp#27;[0m&amp#27;[32mI click the Delete Patient button&amp#27;[0m      &amp#27;[90m# starter.stepdefinitions.PatientSteps.iClickTheDeletePatientButton()&amp#27;[0m
17:27:51.520 [Darkroom Processing Line] DEBUG net.serenitybdd.core.photography.DarkroomProcessingLine - Saving screenshot to target\site\serenity\d46bfec8d7466bf0e33a0d92486479635bea8ede06ebcc422276fa19e73b4dbe.png
17:27:51.559 [main] DEBUG net.thucydides.core.steps.StepInterceptor - STARTING STEP: PatientSteps.iClickCancelButton - clickCancelButton
17:27:51.564 [Forwarding findElement on session 4156f9a90355880df9565b3156acb8e2 to remote] DEBUG org.asynchttpclient.netty.request.NettyRequestSender - Using pooled Channel '[id: 0xf1791be1, L:/127.0.0.1:60338 - R:localhost/127.0.0.1:65099]' for 'POST' to 'http://localhost:65099/session/4156f9a90355880df9565b3156acb8e2/element'
17:27:51.564 [Forwarding findElement on session 4156f9a90355880df9565b3156acb8e2 to remote] DEBUG org.asynchttpclient.netty.request.NettyRequestSender - Using open Channel [id: 0xf1791be1, L:/127.0.0.1:60338 - R:localhost/127.0.0.1:65099] for POST '/session/4156f9a90355880df9565b3156acb8e2/element'
17:27:51.587 [AsyncHttpClient-1-6] DEBUG org.asynchttpclient.netty.handler.HttpHandler - 

Request DefaultHttpRequest(decodeResult: success, version: HTTP/1.1)
POST /session/4156f9a90355880df9565b3156acb8e2/element HTTP/1.1
User-Agent: selenium/4.1.2 (java windows)
Content-Length: 104
Content-Type: application/json; charset=utf-8
host: localhost:65099
accept: */*

Response DefaultHttpResponse(decodeResult: success, version: HTTP/1.1)
HTTP/1.1 200 OK
Content-Type: application/json; charset=utf-8
cache-control: no-cache
content-length: 88

17:27:51.587 [AsyncHttpClient-1-6] DEBUG org.asynchttpclient.netty.channel.ChannelManager - Adding key: http://localhost:65099 for channel [id: 0xf1791be1, L:/127.0.0.1:60338 - R:localhost/127.0.0.1:65099]
17:27:51.590 [Forwarding getElementTagName on session 4156f9a90355880df9565b3156acb8e2 to remote] DEBUG org.asynchttpclient.netty.request.NettyRequestSender - Using pooled Channel '[id: 0xf1791be1, L:/127.0.0.1:60338 - R:localhost/127.0.0.1:65099]' for 'GET' to 'http://localhost:65099/session/4156f9a90355880df9565b3156acb8e2/element/05ec64b9-3e43-4d31-b94a-7361f59e94c6/name'
17:27:51.590 [Forwarding getElementTagName on session 4156f9a90355880df9565b3156acb8e2 to remote] DEBUG org.asynchttpclient.netty.request.NettyRequestSender - Using open Channel [id: 0xf1791be1, L:/127.0.0.1:60338 - R:localhost/127.0.0.1:65099] for GET '/session/4156f9a90355880df9565b3156acb8e2/element/05ec64b9-3e43-4d31-b94a-7361f59e94c6/name'
17:27:51.596 [AsyncHttpClient-1-6] DEBUG org.asynchttpclient.netty.handler.HttpHandler - 

Request DefaultFullHttpRequest(decodeResult: success, version: HTTP/1.1, content: EmptyByteBufBE)
GET /session/4156f9a90355880df9565b3156acb8e2/element/05ec64b9-3e43-4d31-b94a-7361f59e94c6/name HTTP/1.1
User-Agent: selenium/4.1.2 (java windows)
Cache-Control: no-cache
Content-Type: application/json; charset=utf-8
host: localhost:65099
accept: */*

Response DefaultHttpResponse(decodeResult: success, version: HTTP/1.1)
HTTP/1.1 200 OK
Content-Type: application/json; charset=utf-8
cache-control: no-cache
content-length: 18

17:27:51.596 [AsyncHttpClient-1-6] DEBUG org.asynchttpclient.netty.channel.ChannelManager - Adding key: http://localhost:65099 for channel [id: 0xf1791be1, L:/127.0.0.1:60338 - R:localhost/127.0.0.1:65099]
17:27:51.597 [Forwarding getElementTagName on session 4156f9a90355880df9565b3156acb8e2 to remote] DEBUG org.asynchttpclient.netty.request.NettyRequestSender - Using pooled Channel '[id: 0xf1791be1, L:/127.0.0.1:60338 - R:localhost/127.0.0.1:65099]' for 'GET' to 'http://localhost:65099/session/4156f9a90355880df9565b3156acb8e2/element/05ec64b9-3e43-4d31-b94a-7361f59e94c6/name'
17:27:51.597 [Forwarding getElementTagName on session 4156f9a90355880df9565b3156acb8e2 to remote] DEBUG org.asynchttpclient.netty.request.NettyRequestSender - Using open Channel [id: 0xf1791be1, L:/127.0.0.1:60338 - R:localhost/127.0.0.1:65099] for GET '/session/4156f9a90355880df9565b3156acb8e2/element/05ec64b9-3e43-4d31-b94a-7361f59e94c6/name'
17:27:51.603 [AsyncHttpClient-1-6] DEBUG org.asynchttpclient.netty.handler.HttpHandler - 

Request DefaultFullHttpRequest(decodeResult: success, version: HTTP/1.1, content: EmptyByteBufBE)
GET /session/4156f9a90355880df9565b3156acb8e2/element/05ec64b9-3e43-4d31-b94a-7361f59e94c6/name HTTP/1.1
User-Agent: selenium/4.1.2 (java windows)
Cache-Control: no-cache
Content-Type: application/json; charset=utf-8
host: localhost:65099
accept: */*

Response DefaultHttpResponse(decodeResult: success, version: HTTP/1.1)
HTTP/1.1 200 OK
Content-Type: application/json; charset=utf-8
cache-control: no-cache
content-length: 18

17:27:51.603 [AsyncHttpClient-1-6] DEBUG org.asynchttpclient.netty.channel.ChannelManager - Adding key: http://localhost:65099 for channel [id: 0xf1791be1, L:/127.0.0.1:60338 - R:localhost/127.0.0.1:65099]
17:27:51.607 [Forwarding isElementEnabled on session 4156f9a90355880df9565b3156acb8e2 to remote] DEBUG org.asynchttpclient.netty.request.NettyRequestSender - Using pooled Channel '[id: 0xf1791be1, L:/127.0.0.1:60338 - R:localhost/127.0.0.1:65099]' for 'GET' to 'http://localhost:65099/session/4156f9a90355880df9565b3156acb8e2/element/05ec64b9-3e43-4d31-b94a-7361f59e94c6/enabled'
17:27:51.607 [Forwarding isElementEnabled on session 4156f9a90355880df9565b3156acb8e2 to remote] DEBUG org.asynchttpclient.netty.request.NettyRequestSender - Using open Channel [id: 0xf1791be1, L:/127.0.0.1:60338 - R:localhost/127.0.0.1:65099] for GET '/session/4156f9a90355880df9565b3156acb8e2/element/05ec64b9-3e43-4d31-b94a-7361f59e94c6/enabled'
17:27:51.620 [AsyncHttpClient-1-6] DEBUG org.asynchttpclient.netty.handler.HttpHandler - 

Request DefaultFullHttpRequest(decodeResult: success, version: HTTP/1.1, content: EmptyByteBufBE)
GET /session/4156f9a90355880df9565b3156acb8e2/element/05ec64b9-3e43-4d31-b94a-7361f59e94c6/enabled HTTP/1.1
User-Agent: selenium/4.1.2 (java windows)
Cache-Control: no-cache
Content-Type: application/json; charset=utf-8
host: localhost:65099
accept: */*

Response DefaultHttpResponse(decodeResult: success, version: HTTP/1.1)
HTTP/1.1 200 OK
Content-Type: application/json; charset=utf-8
cache-control: no-cache
content-length: 14

17:27:51.620 [AsyncHttpClient-1-6] DEBUG org.asynchttpclient.netty.channel.ChannelManager - Adding key: http://localhost:65099 for channel [id: 0xf1791be1, L:/127.0.0.1:60338 - R:localhost/127.0.0.1:65099]
17:27:51.622 [Forwarding isElementEnabled on session 4156f9a90355880df9565b3156acb8e2 to remote] DEBUG org.asynchttpclient.netty.request.NettyRequestSender - Using pooled Channel '[id: 0xf1791be1, L:/127.0.0.1:60338 - R:localhost/127.0.0.1:65099]' for 'GET' to 'http://localhost:65099/session/4156f9a90355880df9565b3156acb8e2/element/05ec64b9-3e43-4d31-b94a-7361f59e94c6/enabled'
17:27:51.622 [Forwarding isElementEnabled on session 4156f9a90355880df9565b3156acb8e2 to remote] DEBUG org.asynchttpclient.netty.request.NettyRequestSender - Using open Channel [id: 0xf1791be1, L:/127.0.0.1:60338 - R:localhost/127.0.0.1:65099] for GET '/session/4156f9a90355880df9565b3156acb8e2/element/05ec64b9-3e43-4d31-b94a-7361f59e94c6/enabled'
17:27:51.633 [AsyncHttpClient-1-6] DEBUG org.asynchttpclient.netty.handler.HttpHandler - 

Request DefaultFullHttpRequest(decodeResult: success, version: HTTP/1.1, content: EmptyByteBufBE)
GET /session/4156f9a90355880df9565b3156acb8e2/element/05ec64b9-3e43-4d31-b94a-7361f59e94c6/enabled HTTP/1.1
User-Agent: selenium/4.1.2 (java windows)
Cache-Control: no-cache
Content-Type: application/json; charset=utf-8
host: localhost:65099
accept: */*

Response DefaultHttpResponse(decodeResult: success, version: HTTP/1.1)
HTTP/1.1 200 OK
Content-Type: application/json; charset=utf-8
cache-control: no-cache
content-length: 14

17:27:51.633 [AsyncHttpClient-1-6] DEBUG org.asynchttpclient.netty.channel.ChannelManager - Adding key: http://localhost:65099 for channel [id: 0xf1791be1, L:/127.0.0.1:60338 - R:localhost/127.0.0.1:65099]
17:27:51.637 [Forwarding findElement on session 4156f9a90355880df9565b3156acb8e2 to remote] DEBUG org.asynchttpclient.netty.request.NettyRequestSender - Using pooled Channel '[id: 0xf1791be1, L:/127.0.0.1:60338 - R:localhost/127.0.0.1:65099]' for 'POST' to 'http://localhost:65099/session/4156f9a90355880df9565b3156acb8e2/element'
17:27:51.637 [Forwarding findElement on session 4156f9a90355880df9565b3156acb8e2 to remote] DEBUG org.asynchttpclient.netty.request.NettyRequestSender - Using open Channel [id: 0xf1791be1, L:/127.0.0.1:60338 - R:localhost/127.0.0.1:65099] for POST '/session/4156f9a90355880df9565b3156acb8e2/element'
17:27:51.650 [AsyncHttpClient-1-6] DEBUG org.asynchttpclient.netty.handler.HttpHandler - 

Request DefaultHttpRequest(decodeResult: success, version: HTTP/1.1)
POST /session/4156f9a90355880df9565b3156acb8e2/element HTTP/1.1
User-Agent: selenium/4.1.2 (java windows)
Content-Length: 104
Content-Type: application/json; charset=utf-8
host: localhost:65099
accept: */*

Response DefaultHttpResponse(decodeResult: success, version: HTTP/1.1)
HTTP/1.1 200 OK
Content-Type: application/json; charset=utf-8
cache-control: no-cache
content-length: 88

17:27:51.650 [AsyncHttpClient-1-6] DEBUG org.asynchttpclient.netty.channel.ChannelManager - Adding key: http://localhost:65099 for channel [id: 0xf1791be1, L:/127.0.0.1:60338 - R:localhost/127.0.0.1:65099]
17:27:51.652 [Forwarding clickElement on session 4156f9a90355880df9565b3156acb8e2 to remote] DEBUG org.asynchttpclient.netty.request.NettyRequestSender - Using pooled Channel '[id: 0xf1791be1, L:/127.0.0.1:60338 - R:localhost/127.0.0.1:65099]' for 'POST' to 'http://localhost:65099/session/4156f9a90355880df9565b3156acb8e2/element/05ec64b9-3e43-4d31-b94a-7361f59e94c6/click'
17:27:51.652 [Forwarding clickElement on session 4156f9a90355880df9565b3156acb8e2 to remote] DEBUG org.asynchttpclient.netty.request.NettyRequestSender - Using open Channel [id: 0xf1791be1, L:/127.0.0.1:60338 - R:localhost/127.0.0.1:65099] for POST '/session/4156f9a90355880df9565b3156acb8e2/element/05ec64b9-3e43-4d31-b94a-7361f59e94c6/click'
17:27:51.777 [AsyncHttpClient-1-6] DEBUG org.asynchttpclient.netty.handler.HttpHandler - 

Request DefaultHttpRequest(decodeResult: success, version: HTTP/1.1)
POST /session/4156f9a90355880df9565b3156acb8e2/element/05ec64b9-3e43-4d31-b94a-7361f59e94c6/click HTTP/1.1
User-Agent: selenium/4.1.2 (java windows)
Content-Length: 50
Content-Type: application/json; charset=utf-8
host: localhost:65099
accept: */*

Response DefaultHttpResponse(decodeResult: success, version: HTTP/1.1)
HTTP/1.1 200 OK
Content-Type: application/json; charset=utf-8
cache-control: no-cache
content-length: 14

17:27:51.777 [AsyncHttpClient-1-6] DEBUG org.asynchttpclient.netty.channel.ChannelManager - Adding key: http://localhost:65099 for channel [id: 0xf1791be1, L:/127.0.0.1:60338 - R:localhost/127.0.0.1:65099]
17:27:51.787 [Forwarding screenshot on session 4156f9a90355880df9565b3156acb8e2 to remote] DEBUG org.asynchttpclient.netty.request.NettyRequestSender - Using pooled Channel '[id: 0xf1791be1, L:/127.0.0.1:60338 - R:localhost/127.0.0.1:65099]' for 'GET' to 'http://localhost:65099/session/4156f9a90355880df9565b3156acb8e2/screenshot'
17:27:51.787 [Forwarding screenshot on session 4156f9a90355880df9565b3156acb8e2 to remote] DEBUG org.asynchttpclient.netty.request.NettyRequestSender - Using open Channel [id: 0xf1791be1, L:/127.0.0.1:60338 - R:localhost/127.0.0.1:65099] for GET '/session/4156f9a90355880df9565b3156acb8e2/screenshot'
17:27:51.909 [AsyncHttpClient-1-6] DEBUG org.asynchttpclient.netty.handler.HttpHandler - 

Request DefaultFullHttpRequest(decodeResult: success, version: HTTP/1.1, content: EmptyByteBufBE)
GET /session/4156f9a90355880df9565b3156acb8e2/screenshot HTTP/1.1
User-Agent: selenium/4.1.2 (java windows)
Cache-Control: no-cache
Content-Type: application/json; charset=utf-8
host: localhost:65099
accept: */*

Response DefaultHttpResponse(decodeResult: success, version: HTTP/1.1)
HTTP/1.1 200 OK
Content-Type: application/json; charset=utf-8
cache-control: no-cache
content-length: 80576

17:27:51.909 [AsyncHttpClient-1-6] DEBUG org.asynchttpclient.netty.channel.ChannelManager - Adding key: http://localhost:65099 for channel [id: 0xf1791be1, L:/127.0.0.1:60338 - R:localhost/127.0.0.1:65099]
17:27:51.914 [main] DEBUG net.serenitybdd.core.photography.Darkroom - Send negative for processing for target\site\serenity\46cf75013631469201cf052451541e308f2a52a38fea82897b33facb5ba9df43.png
17:27:51.914 [main] DEBUG net.thucydides.core.steps.StepInterceptor - STEP DONE: clickCancelButton
  &amp#27;[32mThen &amp#27;[0m&amp#27;[32mI click Cancel button&amp#27;[0m                  &amp#27;[90m# starter.stepdefinitions.PatientSteps.iClickCancelButton()&amp#27;[0m
17:27:51.914 [Darkroom Processing Line] DEBUG net.serenitybdd.core.photography.DarkroomProcessingLine - Processing screenshot image in /var/screenshots/screenshot-13114523086504318180
17:27:51.914 [Darkroom Processing Line] DEBUG net.serenitybdd.core.photography.DarkroomProcessingLine - Saving screenshot to target\site\serenity\46cf75013631469201cf052451541e308f2a52a38fea82897b33facb5ba9df43.png
17:27:51.920 [main] INFO  - 
  _____   ___   ___   _____     ___     _     ___   ___   ___   ___  
 |_   _| | __| / __| |_   _|   | _ \   /_\   / __| / __| | __| |   \ 
   | |   | _|  \__ \   | |     |  _/  / _ \  \__ \ \__ \ | _|  | |) |
   |_|   |___| |___/   |_|     |_|   /_/ \_\ |___/ |___/ |___| |___/ 

Cancel Delete Patient Data Scenario
----------------------------------------------------------------------
17:27:51.922 [AsyncHttpClient-1-8] DEBUG org.asynchttpclient.netty.handler.WebSocketHandler - Channel Closed: [id: 0xb3cabfd7, L:/127.0.0.1:60345 ! R:localhost/127.0.0.1:60339] with attribute NettyResponseFuture{currentRetry=5,
	isDone=1,
	isCancelled=0,
	asyncHandler=org.asynchttpclient.ws.WebSocketUpgradeHandler@c640327,
	nettyRequest=org.asynchttpclient.netty.request.NettyRequest@3bb7abe6,
	future=java.util.concurrent.CompletableFuture@1d816d8d[Completed normally],
	uri=ws://localhost:60339/devtools/browser/6493f8a3-8383-4f45-a337-88ad0aea5eaf,
	keepAlive=true,
	redirectCount=0,
	timeoutsHolder=null,
	inAuth=0,
	touch=1655375264065}
17:27:51.922 [AsyncHttpClient-1-8] DEBUG org.asynchttpclient.netty.channel.ChannelManager - Closing Channel [id: 0xb3cabfd7, L:/127.0.0.1:60345 ! R:localhost/127.0.0.1:60339] 
17:27:51.922 [Driver Command Executor] DEBUG org.asynchttpclient.netty.request.NettyRequestSender - Using pooled Channel '[id: 0xf1791be1, L:/127.0.0.1:60338 - R:localhost/127.0.0.1:65099]' for 'DELETE' to 'http://localhost:65099/session/4156f9a90355880df9565b3156acb8e2'
17:27:51.923 [Driver Command Executor] DEBUG org.asynchttpclient.netty.request.NettyRequestSender - Using open Channel [id: 0xf1791be1, L:/127.0.0.1:60338 - R:localhost/127.0.0.1:65099] for DELETE '/session/4156f9a90355880df9565b3156acb8e2'
17:27:51.944 [AsyncHttpClient-1-7] DEBUG org.asynchttpclient.netty.handler.HttpHandler - Unexpected I/O exception on channel [id: 0x36d213fd, L:/127.0.0.1:60344 - R:localhost/127.0.0.1:60339]
java.net.SocketException: Connection reset
	at java.base/sun.nio.ch.SocketChannelImpl.throwConnectionReset(SocketChannelImpl.java:367)
	at java.base/sun.nio.ch.SocketChannelImpl.read(SocketChannelImpl.java:398)
	at io.netty.buffer.PooledByteBuf.setBytes(PooledByteBuf.java:258)
	at io.netty.buffer.AbstractByteBuf.writeBytes(AbstractByteBuf.java:1132)
	at io.netty.channel.socket.nio.NioSocketChannel.doReadBytes(NioSocketChannel.java:350)
	at io.netty.channel.nio.AbstractNioByteChannel$NioByteUnsafe.read(AbstractNioByteChannel.java:151)
	at io.netty.channel.nio.NioEventLoop.processSelectedKey(NioEventLoop.java:722)
	at io.netty.channel.nio.NioEventLoop.processSelectedKeysOptimized(NioEventLoop.java:658)
	at io.netty.channel.nio.NioEventLoop.processSelectedKeys(NioEventLoop.java:584)
	at io.netty.channel.nio.NioEventLoop.run(NioEventLoop.java:496)
	at io.netty.util.concurrent.SingleThreadEventExecutor$4.run(SingleThreadEventExecutor.java:986)
	at io.netty.util.internal.ThreadExecutorMap$2.run(ThreadExecutorMap.java:74)
	at io.netty.util.concurrent.FastThreadLocalRunnable.run(FastThreadLocalRunnable.java:30)
	at java.base/java.lang.Thread.run(Thread.java:832)
17:27:51.945 [AsyncHttpClient-1-7] DEBUG org.asynchttpclient.netty.channel.ChannelManager - Closing Channel [id: 0x36d213fd, L:/127.0.0.1:60344 - R:localhost/127.0.0.1:60339] 
17:27:51.945 [AsyncHttpClient-1-7] DEBUG org.asynchttpclient.netty.handler.HttpHandler - Channel Closed: [id: 0x36d213fd, L:/127.0.0.1:60344 ! R:localhost/127.0.0.1:60339] with attribute DISCARD
17:27:51.976 [AsyncHttpClient-1-6] DEBUG org.asynchttpclient.netty.handler.HttpHandler - 

Request DefaultFullHttpRequest(decodeResult: success, version: HTTP/1.1, content: EmptyByteBufBE)
DELETE /session/4156f9a90355880df9565b3156acb8e2 HTTP/1.1
User-Agent: selenium/4.1.2 (java windows)
Content-Type: application/json; charset=utf-8
host: localhost:65099
accept: */*

Response DefaultHttpResponse(decodeResult: success, version: HTTP/1.1)
HTTP/1.1 200 OK
Content-Type: application/json; charset=utf-8
cache-control: no-cache
content-length: 14

17:27:51.981 [AsyncHttpClient-1-6] DEBUG org.asynchttpclient.netty.channel.ChannelManager - Adding key: http://localhost:65099 for channel [id: 0xf1791be1, L:/127.0.0.1:60338 - R:localhost/127.0.0.1:65099]
17:27:52.127 [AsyncHttpClient-1-6] DEBUG org.asynchttpclient.netty.handler.HttpHandler - Channel Closed: [id: 0xf1791be1, L:/127.0.0.1:60338 ! R:localhost/127.0.0.1:65099] with attribute DISCARD
17:27:52.143 [AsyncHttpClient-1-1] DEBUG org.asynchttpclient.netty.channel.DefaultChannelPool - Entry count for : http://localhost:60339 : 1
17:27:52.143 [AsyncHttpClient-1-1] DEBUG org.asynchttpclient.netty.channel.DefaultChannelPool - Entry count for : http://localhost:65099 : 1
17:27:52.143 [AsyncHttpClient-1-1] DEBUG org.asynchttpclient.netty.channel.DefaultChannelPool - Adding Candidate expired Channel [id: 0x36d213fd, L:/127.0.0.1:60344 ! R:localhost/127.0.0.1:60339] isIdleTimeoutExpired=false isRemotelyClosed=true isTtlExpired=false
17:27:52.143 [AsyncHttpClient-1-1] DEBUG org.asynchttpclient.netty.channel.DefaultChannelPool - Closing Idle Channel [id: 0x36d213fd, L:/127.0.0.1:60344 ! R:localhost/127.0.0.1:60339]
17:27:52.143 [AsyncHttpClient-1-1] DEBUG org.asynchttpclient.netty.channel.DefaultChannelPool - Adding Candidate expired Channel [id: 0xf1791be1, L:/127.0.0.1:60338 ! R:localhost/127.0.0.1:65099] isIdleTimeoutExpired=false isRemotelyClosed=true isTtlExpired=false
17:27:52.143 [AsyncHttpClient-1-1] DEBUG org.asynchttpclient.netty.channel.DefaultChannelPool - Closing Idle Channel [id: 0xf1791be1, L:/127.0.0.1:60338 ! R:localhost/127.0.0.1:65099]
17:27:52.143 [AsyncHttpClient-1-1] DEBUG org.asynchttpclient.netty.channel.DefaultChannelPool - Closed 2 connections out of 2 in 0 ms
]]></system-out>
    <system-err><![CDATA[Starting ChromeDriver 102.0.5005.61 (0e59bcc00cc4985ce39ad31c150065f159d95ad3-refs/branch-heads/5005@{#819}) on port 65099
Only local connections are allowed.
Please see https://chromedriver.chromium.org/security-considerations for suggestions on keeping ChromeDriver safe.
ChromeDriver was started successfully.
Jun 16, 2022 5:27:44 PM org.openqa.selenium.remote.ProtocolHandshake createSession
INFO: Detected dialect: W3C
Jun 16, 2022 5:27:44 PM org.openqa.selenium.devtools.CdpVersionFinder findNearestMatch
WARNING: Unable to find an exact match for CDP version 102, so returning the closest version found: a no-op implementation
Jun 16, 2022 5:27:44 PM org.openqa.selenium.devtools.CdpVersionFinder findNearestMatch
INFO: Unable to find CDP implementation matching 102.
Jun 16, 2022 5:27:44 PM org.openqa.selenium.chromium.ChromiumDriver lambda$new$3
WARNING: Unable to find version of CDP to use for . You may need to include a dependency on a specific version of the CDP using something similar to `org.seleniumhq.selenium:selenium-devtools-v86:4.1.2` where the version ("v86") matches the version of the chromium-based browser you're using and the version number of the artifact is the same as Selenium's.
]]></system-err>
  </testcase>
  <testcase name="Search Patient Based on Patient Name Scenario" classname="Patient" time="10.375">
    <system-out><![CDATA[
@Patient
Scenario: Search Patient Based on Patient Name Scenario &amp#27;[90m# src/test/resources/features/2.Patient.feature:46&amp#27;[0m
17:27:52.667 [main] INFO io.cucumber.core.plugin.SerenityReporter - Running feature from file:///E:/My%20Documents/File%20Difa/TI%20Semester%206%20Kampus%20Merdeka%20Alterra/Tugas/CAPSTONE%20Project/Capstone-Project-Website/src/test/resources/features/2.Patient.feature
17:27:52.670 [main] INFO  - 
  _____   ___   ___   _____     ___   _____     _     ___   _____   ___   ___  
 |_   _| | __| / __| |_   _|   / __| |_   _|   /_\   | _ \ |_   _| | __| |   \ 
   | |   | _|  \__ \   | |     \__ \   | |    / _ \  |   /   | |   | _|  | |) |
   |_|   |___| |___/   |_|     |___/   |_|   /_/ \_\ |_|_\   |_|   |___| |___/ 

Search Patient Based on Patient Name Scenario(patient;search-patient-based-on-patient-name-scenario)
--------------------------------------------------------------------------------
17:27:52.709 [main] DEBUG net.thucydides.core.steps.StepInterceptor - STARTING STEP: PatientSteps.iAmAtTheDashboardPage - openUrl
17:27:52.710 [main] INFO net.serenitybdd.core.webdriver.driverproviders.ChromeDriverProvider - Using automatically driver download
17:27:52.950 [main] DEBUG io.github.bonigarcia.wdm.cache.ResolutionCache - Resolution chrome=102 in cache (valid until 18:07:22 16/06/2022 ICT)
17:27:52.956 [main] DEBUG io.github.bonigarcia.wdm.cache.ResolutionCache - Resolution chrome102=102.0.5005.61 in cache (valid until 15:56:01 17/06/2022 ICT)
17:27:52.958 [main] INFO io.github.bonigarcia.wdm.WebDriverManager - Using chromedriver 102.0.5005.61 (resolved driver for Chrome 102)
17:27:52.976 [main] DEBUG io.github.bonigarcia.wdm.WebDriverManager - Driver chromedriver 102.0.5005.61 found in cache
17:27:52.977 [main] INFO io.github.bonigarcia.wdm.WebDriverManager - Exporting webdriver.chrome.driver as C:\Users\USER\.cache\selenium\chromedriver\win32\102.0.5005.61\chromedriver.exe
17:27:53.123 [main] DEBUG net.serenitybdd.core.webdriver.driverproviders.ProvideNewDriver - Instantiating driver
17:27:53.123 [main] DEBUG net.serenitybdd.core.webdriver.driverproviders.ProvideNewDriver - Driver capabilities: Capabilities {acceptInsecureCerts: false, base.url: https://hospital-management..., browserName: chrome, chrome.driver: src/test/resources/webdrive..., driver: chrome, goog:chromeOptions: {args: [], extensions: []}}
17:27:53.656 [AsyncHttpClient-1-9] DEBUG org.asynchttpclient.netty.channel.NettyConnectListener - Using new Channel '[id: 0xd1b1ed46, L:/127.0.0.1:60372 - R:localhost/127.0.0.1:52928]' for 'POST' to '/session'
17:27:54.370 [AsyncHttpClient-1-9] DEBUG org.asynchttpclient.netty.handler.HttpHandler - 

Request DefaultHttpRequest(decodeResult: success, version: HTTP/1.1)
POST /session HTTP/1.1
User-Agent: selenium/4.1.2 (java windows)
Content-Length: 621
Content-Type: application/json; charset=utf-8
host: localhost:52928
accept: */*

Response DefaultHttpResponse(decodeResult: success, version: HTTP/1.1)
HTTP/1.1 200 OK
Content-Type: application/json; charset=utf-8
cache-control: no-cache
content-length: 789

17:27:54.371 [AsyncHttpClient-1-9] DEBUG org.asynchttpclient.netty.channel.ChannelManager - Adding key: http://localhost:52928 for channel [id: 0xd1b1ed46, L:/127.0.0.1:60372 - R:localhost/127.0.0.1:52928]
17:27:54.395 [AsyncHttpClient-1-2] DEBUG org.asynchttpclient.netty.channel.NettyConnectListener - Using new Channel '[id: 0xc8cfdde6, L:/127.0.0.1:60378 - R:localhost/127.0.0.1:60373]' for 'GET' to '/json/version'
17:27:54.397 [AsyncHttpClient-1-2] DEBUG org.asynchttpclient.netty.handler.HttpHandler - 

Request DefaultFullHttpRequest(decodeResult: success, version: HTTP/1.1, content: EmptyByteBufBE)
GET /json/version HTTP/1.1
User-Agent: selenium/4.1.2 (java windows)
host: localhost:60373
accept: */*

Response DefaultHttpResponse(decodeResult: success, version: HTTP/1.1)
HTTP/1.1 200 OK
Content-Type: application/json; charset=UTF-8
content-length: 427

17:27:54.398 [AsyncHttpClient-1-2] DEBUG org.asynchttpclient.netty.channel.ChannelManager - Adding key: http://localhost:60373 for channel [id: 0xc8cfdde6, L:/127.0.0.1:60378 - R:localhost/127.0.0.1:60373]
17:27:54.404 [AsyncHttpClient-1-3] DEBUG org.asynchttpclient.netty.channel.NettyConnectListener - Using new Channel '[id: 0xaa62f7db, L:/127.0.0.1:60379 - R:localhost/127.0.0.1:60373]' for 'GET' to '/devtools/browser/e64fe6ec-def9-41e2-a19e-48764438fc54'
17:27:54.407 [AsyncHttpClient-1-3] DEBUG org.asynchttpclient.netty.handler.WebSocketHandler - 

Request DefaultFullHttpRequest(decodeResult: success, version: HTTP/1.1, content: EmptyByteBufBE)
GET /devtools/browser/e64fe6ec-def9-41e2-a19e-48764438fc54 HTTP/1.1
upgrade: websocket
connection: upgrade
sec-websocket-key: P1Kq62N+fxW8WcYEPZFZwQ==
sec-websocket-version: 13
origin: http://localhost:60373
host: localhost:60373
accept: */*
user-agent: AHC/2.1

Response DefaultHttpResponse(decodeResult: success, version: HTTP/1.1)
HTTP/1.1 101 WebSocket Protocol Handshake
Upgrade: WebSocket
Connection: Upgrade
Sec-WebSocket-Accept: PLQTaFD11dcaBfgUD/zhLkyCyno=

17:27:54.418 [Forwarding maximizeCurrentWindow on session ae3e0d00359a1557c2641f66c58a2447 to remote] DEBUG org.asynchttpclient.netty.request.NettyRequestSender - Using pooled Channel '[id: 0xd1b1ed46, L:/127.0.0.1:60372 - R:localhost/127.0.0.1:52928]' for 'POST' to 'http://localhost:52928/session/ae3e0d00359a1557c2641f66c58a2447/window/maximize'
17:27:54.419 [Forwarding maximizeCurrentWindow on session ae3e0d00359a1557c2641f66c58a2447 to remote] DEBUG org.asynchttpclient.netty.request.NettyRequestSender - Using open Channel [id: 0xd1b1ed46, L:/127.0.0.1:60372 - R:localhost/127.0.0.1:52928] for POST '/session/ae3e0d00359a1557c2641f66c58a2447/window/maximize'
17:27:54.553 [AsyncHttpClient-1-9] DEBUG org.asynchttpclient.netty.handler.HttpHandler - 

Request DefaultHttpRequest(decodeResult: success, version: HTTP/1.1)
POST /session/ae3e0d00359a1557c2641f66c58a2447/window/maximize HTTP/1.1
User-Agent: selenium/4.1.2 (java windows)
Content-Length: 3
Content-Type: application/json; charset=utf-8
host: localhost:52928
accept: */*

Response DefaultHttpResponse(decodeResult: success, version: HTTP/1.1)
HTTP/1.1 200 OK
Content-Type: application/json; charset=utf-8
cache-control: no-cache
content-length: 51

17:27:54.554 [AsyncHttpClient-1-9] DEBUG org.asynchttpclient.netty.channel.ChannelManager - Adding key: http://localhost:52928 for channel [id: 0xd1b1ed46, L:/127.0.0.1:60372 - R:localhost/127.0.0.1:52928]
17:27:54.558 [Forwarding get on session ae3e0d00359a1557c2641f66c58a2447 to remote] DEBUG org.asynchttpclient.netty.request.NettyRequestSender - Using pooled Channel '[id: 0xd1b1ed46, L:/127.0.0.1:60372 - R:localhost/127.0.0.1:52928]' for 'POST' to 'http://localhost:52928/session/ae3e0d00359a1557c2641f66c58a2447/url'
17:27:54.558 [Forwarding get on session ae3e0d00359a1557c2641f66c58a2447 to remote] DEBUG org.asynchttpclient.netty.request.NettyRequestSender - Using open Channel [id: 0xd1b1ed46, L:/127.0.0.1:60372 - R:localhost/127.0.0.1:52928] for POST '/session/ae3e0d00359a1557c2641f66c58a2447/url'
17:27:55.442 [AsyncHttpClient-1-1] DEBUG org.asynchttpclient.netty.channel.DefaultChannelPool - Entry count for : http://localhost:60373 : 1
17:27:56.542 [AsyncHttpClient-1-1] DEBUG org.asynchttpclient.netty.channel.DefaultChannelPool - Entry count for : http://localhost:60373 : 1
17:27:57.241 [AsyncHttpClient-1-9] DEBUG org.asynchttpclient.netty.handler.HttpHandler - 

Request DefaultHttpRequest(decodeResult: success, version: HTTP/1.1)
POST /session/ae3e0d00359a1557c2641f66c58a2447/url HTTP/1.1
User-Agent: selenium/4.1.2 (java windows)
Content-Length: 65
Content-Type: application/json; charset=utf-8
host: localhost:52928
accept: */*

Response DefaultHttpResponse(decodeResult: success, version: HTTP/1.1)
HTTP/1.1 200 OK
Content-Type: application/json; charset=utf-8
cache-control: no-cache
content-length: 14

17:27:57.241 [AsyncHttpClient-1-9] DEBUG org.asynchttpclient.netty.channel.ChannelManager - Adding key: http://localhost:52928 for channel [id: 0xd1b1ed46, L:/127.0.0.1:60372 - R:localhost/127.0.0.1:52928]
17:27:57.244 [Forwarding setTimeout on session ae3e0d00359a1557c2641f66c58a2447 to remote] DEBUG org.asynchttpclient.netty.request.NettyRequestSender - Using pooled Channel '[id: 0xd1b1ed46, L:/127.0.0.1:60372 - R:localhost/127.0.0.1:52928]' for 'POST' to 'http://localhost:52928/session/ae3e0d00359a1557c2641f66c58a2447/timeouts'
17:27:57.244 [Forwarding setTimeout on session ae3e0d00359a1557c2641f66c58a2447 to remote] DEBUG org.asynchttpclient.netty.request.NettyRequestSender - Using open Channel [id: 0xd1b1ed46, L:/127.0.0.1:60372 - R:localhost/127.0.0.1:52928] for POST '/session/ae3e0d00359a1557c2641f66c58a2447/timeouts'
17:27:57.249 [AsyncHttpClient-1-9] DEBUG org.asynchttpclient.netty.handler.HttpHandler - 

Request DefaultHttpRequest(decodeResult: success, version: HTTP/1.1)
POST /session/ae3e0d00359a1557c2641f66c58a2447/timeouts HTTP/1.1
User-Agent: selenium/4.1.2 (java windows)
Content-Length: 22
Content-Type: application/json; charset=utf-8
host: localhost:52928
accept: */*

Response DefaultHttpResponse(decodeResult: success, version: HTTP/1.1)
HTTP/1.1 200 OK
Content-Type: application/json; charset=utf-8
cache-control: no-cache
content-length: 14

17:27:57.249 [AsyncHttpClient-1-9] DEBUG org.asynchttpclient.netty.channel.ChannelManager - Adding key: http://localhost:52928 for channel [id: 0xd1b1ed46, L:/127.0.0.1:60372 - R:localhost/127.0.0.1:52928]
17:27:57.255 [Forwarding getCurrentUrl on session ae3e0d00359a1557c2641f66c58a2447 to remote] DEBUG org.asynchttpclient.netty.request.NettyRequestSender - Using pooled Channel '[id: 0xd1b1ed46, L:/127.0.0.1:60372 - R:localhost/127.0.0.1:52928]' for 'GET' to 'http://localhost:52928/session/ae3e0d00359a1557c2641f66c58a2447/url'
17:27:57.255 [Forwarding getCurrentUrl on session ae3e0d00359a1557c2641f66c58a2447 to remote] DEBUG org.asynchttpclient.netty.request.NettyRequestSender - Using open Channel [id: 0xd1b1ed46, L:/127.0.0.1:60372 - R:localhost/127.0.0.1:52928] for GET '/session/ae3e0d00359a1557c2641f66c58a2447/url'
17:27:57.355 [AsyncHttpClient-1-9] DEBUG org.asynchttpclient.netty.handler.HttpHandler - 

Request DefaultFullHttpRequest(decodeResult: success, version: HTTP/1.1, content: EmptyByteBufBE)
GET /session/ae3e0d00359a1557c2641f66c58a2447/url HTTP/1.1
User-Agent: selenium/4.1.2 (java windows)
Cache-Control: no-cache
Content-Type: application/json; charset=utf-8
host: localhost:52928
accept: */*

Response DefaultHttpResponse(decodeResult: success, version: HTTP/1.1)
HTTP/1.1 200 OK
Content-Type: application/json; charset=utf-8
cache-control: no-cache
content-length: 53

17:27:57.355 [AsyncHttpClient-1-9] DEBUG org.asynchttpclient.netty.channel.ChannelManager - Adding key: http://localhost:52928 for channel [id: 0xd1b1ed46, L:/127.0.0.1:60372 - R:localhost/127.0.0.1:52928]
17:27:57.360 [Forwarding getCurrentUrl on session ae3e0d00359a1557c2641f66c58a2447 to remote] DEBUG org.asynchttpclient.netty.request.NettyRequestSender - Using pooled Channel '[id: 0xd1b1ed46, L:/127.0.0.1:60372 - R:localhost/127.0.0.1:52928]' for 'GET' to 'http://localhost:52928/session/ae3e0d00359a1557c2641f66c58a2447/url'
17:27:57.361 [Forwarding getCurrentUrl on session ae3e0d00359a1557c2641f66c58a2447 to remote] DEBUG org.asynchttpclient.netty.request.NettyRequestSender - Using open Channel [id: 0xd1b1ed46, L:/127.0.0.1:60372 - R:localhost/127.0.0.1:52928] for GET '/session/ae3e0d00359a1557c2641f66c58a2447/url'
17:27:57.365 [AsyncHttpClient-1-9] DEBUG org.asynchttpclient.netty.handler.HttpHandler - 

Request DefaultFullHttpRequest(decodeResult: success, version: HTTP/1.1, content: EmptyByteBufBE)
GET /session/ae3e0d00359a1557c2641f66c58a2447/url HTTP/1.1
User-Agent: selenium/4.1.2 (java windows)
Cache-Control: no-cache
Content-Type: application/json; charset=utf-8
host: localhost:52928
accept: */*

Response DefaultHttpResponse(decodeResult: success, version: HTTP/1.1)
HTTP/1.1 200 OK
Content-Type: application/json; charset=utf-8
cache-control: no-cache
content-length: 53

17:27:57.365 [AsyncHttpClient-1-9] DEBUG org.asynchttpclient.netty.channel.ChannelManager - Adding key: http://localhost:52928 for channel [id: 0xd1b1ed46, L:/127.0.0.1:60372 - R:localhost/127.0.0.1:52928]
17:27:57.371 [Forwarding screenshot on session ae3e0d00359a1557c2641f66c58a2447 to remote] DEBUG org.asynchttpclient.netty.request.NettyRequestSender - Using pooled Channel '[id: 0xd1b1ed46, L:/127.0.0.1:60372 - R:localhost/127.0.0.1:52928]' for 'GET' to 'http://localhost:52928/session/ae3e0d00359a1557c2641f66c58a2447/screenshot'
17:27:57.371 [Forwarding screenshot on session ae3e0d00359a1557c2641f66c58a2447 to remote] DEBUG org.asynchttpclient.netty.request.NettyRequestSender - Using open Channel [id: 0xd1b1ed46, L:/127.0.0.1:60372 - R:localhost/127.0.0.1:52928] for GET '/session/ae3e0d00359a1557c2641f66c58a2447/screenshot'
17:27:57.644 [AsyncHttpClient-1-1] DEBUG org.asynchttpclient.netty.channel.DefaultChannelPool - Entry count for : http://localhost:60373 : 1
17:27:57.669 [AsyncHttpClient-1-9] DEBUG org.asynchttpclient.netty.handler.HttpHandler - 

Request DefaultFullHttpRequest(decodeResult: success, version: HTTP/1.1, content: EmptyByteBufBE)
GET /session/ae3e0d00359a1557c2641f66c58a2447/screenshot HTTP/1.1
User-Agent: selenium/4.1.2 (java windows)
Cache-Control: no-cache
Content-Type: application/json; charset=utf-8
host: localhost:52928
accept: */*

Response DefaultHttpResponse(decodeResult: success, version: HTTP/1.1)
HTTP/1.1 200 OK
Content-Type: application/json; charset=utf-8
cache-control: no-cache
content-length: 339220

17:27:57.673 [AsyncHttpClient-1-9] DEBUG org.asynchttpclient.netty.channel.ChannelManager - Adding key: http://localhost:52928 for channel [id: 0xd1b1ed46, L:/127.0.0.1:60372 - R:localhost/127.0.0.1:52928]
17:27:57.694 [main] DEBUG net.serenitybdd.core.photography.Darkroom - Send negative for processing for target\site\serenity\88c267691a18b892a94a45ac28f0b7108fca29ac5e6caf15edbba8b98ba8ef8c.png
17:27:57.694 [main] DEBUG net.thucydides.core.steps.StepInterceptor - STEP DONE: openUrl
17:27:57.694 [Darkroom Processing Line] DEBUG net.serenitybdd.core.photography.DarkroomProcessingLine - Processing screenshot image in /var/screenshots/screenshot-5585242086005040251
17:27:57.694 [Darkroom Processing Line] DEBUG net.serenitybdd.core.photography.DarkroomProcessingLine - Saving screenshot to target\site\serenity\88c267691a18b892a94a45ac28f0b7108fca29ac5e6caf15edbba8b98ba8ef8c.png
17:27:57.705 [main] DEBUG net.thucydides.core.steps.StepInterceptor - STARTING STEP: PatientSteps.iAmAtTheDashboardPage - validateOnDashboardPage
17:27:57.709 [Forwarding findElement on session ae3e0d00359a1557c2641f66c58a2447 to remote] DEBUG org.asynchttpclient.netty.request.NettyRequestSender - Using pooled Channel '[id: 0xd1b1ed46, L:/127.0.0.1:60372 - R:localhost/127.0.0.1:52928]' for 'POST' to 'http://localhost:52928/session/ae3e0d00359a1557c2641f66c58a2447/element'
17:27:57.709 [Forwarding findElement on session ae3e0d00359a1557c2641f66c58a2447 to remote] DEBUG org.asynchttpclient.netty.request.NettyRequestSender - Using open Channel [id: 0xd1b1ed46, L:/127.0.0.1:60372 - R:localhost/127.0.0.1:52928] for POST '/session/ae3e0d00359a1557c2641f66c58a2447/element'
17:27:57.727 [AsyncHttpClient-1-9] DEBUG org.asynchttpclient.netty.handler.HttpHandler - 

Request DefaultHttpRequest(decodeResult: success, version: HTTP/1.1)
POST /session/ae3e0d00359a1557c2641f66c58a2447/element HTTP/1.1
User-Agent: selenium/4.1.2 (java windows)
Content-Length: 81
Content-Type: application/json; charset=utf-8
host: localhost:52928
accept: */*

Response DefaultHttpResponse(decodeResult: success, version: HTTP/1.1)
HTTP/1.1 200 OK
Content-Type: application/json; charset=utf-8
cache-control: no-cache
content-length: 88

17:27:57.727 [AsyncHttpClient-1-9] DEBUG org.asynchttpclient.netty.channel.ChannelManager - Adding key: http://localhost:52928 for channel [id: 0xd1b1ed46, L:/127.0.0.1:60372 - R:localhost/127.0.0.1:52928]
17:27:57.731 [Forwarding isElementDisplayed on session ae3e0d00359a1557c2641f66c58a2447 to remote] DEBUG org.asynchttpclient.netty.request.NettyRequestSender - Using pooled Channel '[id: 0xd1b1ed46, L:/127.0.0.1:60372 - R:localhost/127.0.0.1:52928]' for 'POST' to 'http://localhost:52928/session/ae3e0d00359a1557c2641f66c58a2447/execute/sync'
17:27:57.731 [Forwarding isElementDisplayed on session ae3e0d00359a1557c2641f66c58a2447 to remote] DEBUG org.asynchttpclient.netty.request.NettyRequestSender - Using open Channel [id: 0xd1b1ed46, L:/127.0.0.1:60372 - R:localhost/127.0.0.1:52928] for POST '/session/ae3e0d00359a1557c2641f66c58a2447/execute/sync'
17:27:57.753 [AsyncHttpClient-1-9] DEBUG org.asynchttpclient.netty.handler.HttpHandler - 

Request DefaultHttpRequest(decodeResult: success, version: HTTP/1.1)
POST /session/ae3e0d00359a1557c2641f66c58a2447/execute/sync HTTP/1.1
User-Agent: selenium/4.1.2 (java windows)
Content-Length: 48780
Content-Type: application/json; charset=utf-8
host: localhost:52928
accept: */*

Response DefaultHttpResponse(decodeResult: success, version: HTTP/1.1)
HTTP/1.1 200 OK
Content-Type: application/json; charset=utf-8
cache-control: no-cache
content-length: 14

17:27:57.753 [AsyncHttpClient-1-9] DEBUG org.asynchttpclient.netty.channel.ChannelManager - Adding key: http://localhost:52928 for channel [id: 0xd1b1ed46, L:/127.0.0.1:60372 - R:localhost/127.0.0.1:52928]
17:27:57.761 [Forwarding screenshot on session ae3e0d00359a1557c2641f66c58a2447 to remote] DEBUG org.asynchttpclient.netty.request.NettyRequestSender - Using pooled Channel '[id: 0xd1b1ed46, L:/127.0.0.1:60372 - R:localhost/127.0.0.1:52928]' for 'GET' to 'http://localhost:52928/session/ae3e0d00359a1557c2641f66c58a2447/screenshot'
17:27:57.761 [Forwarding screenshot on session ae3e0d00359a1557c2641f66c58a2447 to remote] DEBUG org.asynchttpclient.netty.request.NettyRequestSender - Using open Channel [id: 0xd1b1ed46, L:/127.0.0.1:60372 - R:localhost/127.0.0.1:52928] for GET '/session/ae3e0d00359a1557c2641f66c58a2447/screenshot'
17:27:58.037 [AsyncHttpClient-1-9] DEBUG org.asynchttpclient.netty.handler.HttpHandler - 

Request DefaultFullHttpRequest(decodeResult: success, version: HTTP/1.1, content: EmptyByteBufBE)
GET /session/ae3e0d00359a1557c2641f66c58a2447/screenshot HTTP/1.1
User-Agent: selenium/4.1.2 (java windows)
Cache-Control: no-cache
Content-Type: application/json; charset=utf-8
host: localhost:52928
accept: */*

Response DefaultHttpResponse(decodeResult: success, version: HTTP/1.1)
HTTP/1.1 200 OK
Content-Type: application/json; charset=utf-8
cache-control: no-cache
content-length: 339220

17:27:58.039 [AsyncHttpClient-1-9] DEBUG org.asynchttpclient.netty.channel.ChannelManager - Adding key: http://localhost:52928 for channel [id: 0xd1b1ed46, L:/127.0.0.1:60372 - R:localhost/127.0.0.1:52928]
17:27:58.064 [main] DEBUG net.serenitybdd.core.photography.Darkroom - Send negative for processing for target\site\serenity\88c267691a18b892a94a45ac28f0b7108fca29ac5e6caf15edbba8b98ba8ef8c.png
17:27:58.064 [main] DEBUG net.thucydides.core.steps.StepInterceptor - STEP DONE: validateOnDashboardPage
  &amp#27;[32mGiven &amp#27;[0m&amp#27;[32mI am at the dashboard page&amp#27;[0m                      &amp#27;[90m# starter.stepdefinitions.PatientSteps.iAmAtTheDashboardPage()&amp#27;[0m
17:27:58.086 [main] DEBUG net.thucydides.core.steps.StepInterceptor - STARTING STEP: PatientSteps.iClickMenuPatient - clickMenuPatientButton
17:27:58.090 [Forwarding findElement on session ae3e0d00359a1557c2641f66c58a2447 to remote] DEBUG org.asynchttpclient.netty.request.NettyRequestSender - Using pooled Channel '[id: 0xd1b1ed46, L:/127.0.0.1:60372 - R:localhost/127.0.0.1:52928]' for 'POST' to 'http://localhost:52928/session/ae3e0d00359a1557c2641f66c58a2447/element'
17:27:58.090 [Forwarding findElement on session ae3e0d00359a1557c2641f66c58a2447 to remote] DEBUG org.asynchttpclient.netty.request.NettyRequestSender - Using open Channel [id: 0xd1b1ed46, L:/127.0.0.1:60372 - R:localhost/127.0.0.1:52928] for POST '/session/ae3e0d00359a1557c2641f66c58a2447/element'
17:27:58.109 [AsyncHttpClient-1-9] DEBUG org.asynchttpclient.netty.handler.HttpHandler - 

Request DefaultHttpRequest(decodeResult: success, version: HTTP/1.1)
POST /session/ae3e0d00359a1557c2641f66c58a2447/element HTTP/1.1
User-Agent: selenium/4.1.2 (java windows)
Content-Length: 80
Content-Type: application/json; charset=utf-8
host: localhost:52928
accept: */*

Response DefaultHttpResponse(decodeResult: success, version: HTTP/1.1)
HTTP/1.1 200 OK
Content-Type: application/json; charset=utf-8
cache-control: no-cache
content-length: 88

17:27:58.109 [AsyncHttpClient-1-9] DEBUG org.asynchttpclient.netty.channel.ChannelManager - Adding key: http://localhost:52928 for channel [id: 0xd1b1ed46, L:/127.0.0.1:60372 - R:localhost/127.0.0.1:52928]
17:27:58.111 [Forwarding getElementTagName on session ae3e0d00359a1557c2641f66c58a2447 to remote] DEBUG org.asynchttpclient.netty.request.NettyRequestSender - Using pooled Channel '[id: 0xd1b1ed46, L:/127.0.0.1:60372 - R:localhost/127.0.0.1:52928]' for 'GET' to 'http://localhost:52928/session/ae3e0d00359a1557c2641f66c58a2447/element/ceee31c2-1a43-4795-8b3d-d61f92b2285c/name'
17:27:58.111 [Forwarding getElementTagName on session ae3e0d00359a1557c2641f66c58a2447 to remote] DEBUG org.asynchttpclient.netty.request.NettyRequestSender - Using open Channel [id: 0xd1b1ed46, L:/127.0.0.1:60372 - R:localhost/127.0.0.1:52928] for GET '/session/ae3e0d00359a1557c2641f66c58a2447/element/ceee31c2-1a43-4795-8b3d-d61f92b2285c/name'
17:27:58.116 [AsyncHttpClient-1-9] DEBUG org.asynchttpclient.netty.handler.HttpHandler - 

Request DefaultFullHttpRequest(decodeResult: success, version: HTTP/1.1, content: EmptyByteBufBE)
GET /session/ae3e0d00359a1557c2641f66c58a2447/element/ceee31c2-1a43-4795-8b3d-d61f92b2285c/name HTTP/1.1
User-Agent: selenium/4.1.2 (java windows)
Cache-Control: no-cache
Content-Type: application/json; charset=utf-8
host: localhost:52928
accept: */*

Response DefaultHttpResponse(decodeResult: success, version: HTTP/1.1)
HTTP/1.1 200 OK
Content-Type: application/json; charset=utf-8
cache-control: no-cache
content-length: 15

17:27:58.116 [AsyncHttpClient-1-9] DEBUG org.asynchttpclient.netty.channel.ChannelManager - Adding key: http://localhost:52928 for channel [id: 0xd1b1ed46, L:/127.0.0.1:60372 - R:localhost/127.0.0.1:52928]
17:27:58.117 [Forwarding getElementTagName on session ae3e0d00359a1557c2641f66c58a2447 to remote] DEBUG org.asynchttpclient.netty.request.NettyRequestSender - Using pooled Channel '[id: 0xd1b1ed46, L:/127.0.0.1:60372 - R:localhost/127.0.0.1:52928]' for 'GET' to 'http://localhost:52928/session/ae3e0d00359a1557c2641f66c58a2447/element/ceee31c2-1a43-4795-8b3d-d61f92b2285c/name'
17:27:58.117 [Forwarding getElementTagName on session ae3e0d00359a1557c2641f66c58a2447 to remote] DEBUG org.asynchttpclient.netty.request.NettyRequestSender - Using open Channel [id: 0xd1b1ed46, L:/127.0.0.1:60372 - R:localhost/127.0.0.1:52928] for GET '/session/ae3e0d00359a1557c2641f66c58a2447/element/ceee31c2-1a43-4795-8b3d-d61f92b2285c/name'
17:27:58.121 [AsyncHttpClient-1-9] DEBUG org.asynchttpclient.netty.handler.HttpHandler - 

Request DefaultFullHttpRequest(decodeResult: success, version: HTTP/1.1, content: EmptyByteBufBE)
GET /session/ae3e0d00359a1557c2641f66c58a2447/element/ceee31c2-1a43-4795-8b3d-d61f92b2285c/name HTTP/1.1
User-Agent: selenium/4.1.2 (java windows)
Cache-Control: no-cache
Content-Type: application/json; charset=utf-8
host: localhost:52928
accept: */*

Response DefaultHttpResponse(decodeResult: success, version: HTTP/1.1)
HTTP/1.1 200 OK
Content-Type: application/json; charset=utf-8
cache-control: no-cache
content-length: 15

17:27:58.121 [AsyncHttpClient-1-9] DEBUG org.asynchttpclient.netty.channel.ChannelManager - Adding key: http://localhost:52928 for channel [id: 0xd1b1ed46, L:/127.0.0.1:60372 - R:localhost/127.0.0.1:52928]
17:27:58.123 [Forwarding findElement on session ae3e0d00359a1557c2641f66c58a2447 to remote] DEBUG org.asynchttpclient.netty.request.NettyRequestSender - Using pooled Channel '[id: 0xd1b1ed46, L:/127.0.0.1:60372 - R:localhost/127.0.0.1:52928]' for 'POST' to 'http://localhost:52928/session/ae3e0d00359a1557c2641f66c58a2447/element'
17:27:58.123 [Forwarding findElement on session ae3e0d00359a1557c2641f66c58a2447 to remote] DEBUG org.asynchttpclient.netty.request.NettyRequestSender - Using open Channel [id: 0xd1b1ed46, L:/127.0.0.1:60372 - R:localhost/127.0.0.1:52928] for POST '/session/ae3e0d00359a1557c2641f66c58a2447/element'
17:27:58.132 [AsyncHttpClient-1-9] DEBUG org.asynchttpclient.netty.handler.HttpHandler - 

Request DefaultHttpRequest(decodeResult: success, version: HTTP/1.1)
POST /session/ae3e0d00359a1557c2641f66c58a2447/element HTTP/1.1
User-Agent: selenium/4.1.2 (java windows)
Content-Length: 80
Content-Type: application/json; charset=utf-8
host: localhost:52928
accept: */*

Response DefaultHttpResponse(decodeResult: success, version: HTTP/1.1)
HTTP/1.1 200 OK
Content-Type: application/json; charset=utf-8
cache-control: no-cache
content-length: 88

17:27:58.132 [AsyncHttpClient-1-9] DEBUG org.asynchttpclient.netty.channel.ChannelManager - Adding key: http://localhost:52928 for channel [id: 0xd1b1ed46, L:/127.0.0.1:60372 - R:localhost/127.0.0.1:52928]
17:27:58.133 [Forwarding clickElement on session ae3e0d00359a1557c2641f66c58a2447 to remote] DEBUG org.asynchttpclient.netty.request.NettyRequestSender - Using pooled Channel '[id: 0xd1b1ed46, L:/127.0.0.1:60372 - R:localhost/127.0.0.1:52928]' for 'POST' to 'http://localhost:52928/session/ae3e0d00359a1557c2641f66c58a2447/element/ceee31c2-1a43-4795-8b3d-d61f92b2285c/click'
17:27:58.133 [Forwarding clickElement on session ae3e0d00359a1557c2641f66c58a2447 to remote] DEBUG org.asynchttpclient.netty.request.NettyRequestSender - Using open Channel [id: 0xd1b1ed46, L:/127.0.0.1:60372 - R:localhost/127.0.0.1:52928] for POST '/session/ae3e0d00359a1557c2641f66c58a2447/element/ceee31c2-1a43-4795-8b3d-d61f92b2285c/click'
17:27:58.357 [AsyncHttpClient-1-9] DEBUG org.asynchttpclient.netty.handler.HttpHandler - 

Request DefaultHttpRequest(decodeResult: success, version: HTTP/1.1)
POST /session/ae3e0d00359a1557c2641f66c58a2447/element/ceee31c2-1a43-4795-8b3d-d61f92b2285c/click HTTP/1.1
User-Agent: selenium/4.1.2 (java windows)
Content-Length: 50
Content-Type: application/json; charset=utf-8
host: localhost:52928
accept: */*

Response DefaultHttpResponse(decodeResult: success, version: HTTP/1.1)
HTTP/1.1 200 OK
Content-Type: application/json; charset=utf-8
cache-control: no-cache
content-length: 14

17:27:58.357 [AsyncHttpClient-1-9] DEBUG org.asynchttpclient.netty.channel.ChannelManager - Adding key: http://localhost:52928 for channel [id: 0xd1b1ed46, L:/127.0.0.1:60372 - R:localhost/127.0.0.1:52928]
17:27:58.366 [Forwarding screenshot on session ae3e0d00359a1557c2641f66c58a2447 to remote] DEBUG org.asynchttpclient.netty.request.NettyRequestSender - Using pooled Channel '[id: 0xd1b1ed46, L:/127.0.0.1:60372 - R:localhost/127.0.0.1:52928]' for 'GET' to 'http://localhost:52928/session/ae3e0d00359a1557c2641f66c58a2447/screenshot'
17:27:58.366 [Forwarding screenshot on session ae3e0d00359a1557c2641f66c58a2447 to remote] DEBUG org.asynchttpclient.netty.request.NettyRequestSender - Using open Channel [id: 0xd1b1ed46, L:/127.0.0.1:60372 - R:localhost/127.0.0.1:52928] for GET '/session/ae3e0d00359a1557c2641f66c58a2447/screenshot'
17:27:58.490 [AsyncHttpClient-1-9] DEBUG org.asynchttpclient.netty.handler.HttpHandler - 

Request DefaultFullHttpRequest(decodeResult: success, version: HTTP/1.1, content: EmptyByteBufBE)
GET /session/ae3e0d00359a1557c2641f66c58a2447/screenshot HTTP/1.1
User-Agent: selenium/4.1.2 (java windows)
Cache-Control: no-cache
Content-Type: application/json; charset=utf-8
host: localhost:52928
accept: */*

Response DefaultHttpResponse(decodeResult: success, version: HTTP/1.1)
HTTP/1.1 200 OK
Content-Type: application/json; charset=utf-8
cache-control: no-cache
content-length: 37108

17:27:58.490 [AsyncHttpClient-1-9] DEBUG org.asynchttpclient.netty.channel.ChannelManager - Adding key: http://localhost:52928 for channel [id: 0xd1b1ed46, L:/127.0.0.1:60372 - R:localhost/127.0.0.1:52928]
17:27:58.493 [main] DEBUG net.serenitybdd.core.photography.Darkroom - Send negative for processing for target\site\serenity\191892a91731ac9195bdb99cdcc5e2b48dec5b3983076e7a0bc1cdda6d18b5fb.png
17:27:58.493 [main] DEBUG net.thucydides.core.steps.StepInterceptor - STEP DONE: clickMenuPatientButton
  &amp#27;[32mAnd &amp#27;[0m&amp#27;[32mI click menu patient&amp#27;[0m                              &amp#27;[90m# starter.stepdefinitions.PatientSteps.iClickMenuPatient()&amp#27;[0m
17:27:58.508 [Forwarding findElement on session ae3e0d00359a1557c2641f66c58a2447 to remote] DEBUG org.asynchttpclient.netty.request.NettyRequestSender - Using pooled Channel '[id: 0xd1b1ed46, L:/127.0.0.1:60372 - R:localhost/127.0.0.1:52928]' for 'POST' to 'http://localhost:52928/session/ae3e0d00359a1557c2641f66c58a2447/element'
17:27:58.508 [Forwarding findElement on session ae3e0d00359a1557c2641f66c58a2447 to remote] DEBUG org.asynchttpclient.netty.request.NettyRequestSender - Using open Channel [id: 0xd1b1ed46, L:/127.0.0.1:60372 - R:localhost/127.0.0.1:52928] for POST '/session/ae3e0d00359a1557c2641f66c58a2447/element'
17:27:58.527 [AsyncHttpClient-1-9] DEBUG org.asynchttpclient.netty.handler.HttpHandler - 

Request DefaultHttpRequest(decodeResult: success, version: HTTP/1.1)
POST /session/ae3e0d00359a1557c2641f66c58a2447/element HTTP/1.1
User-Agent: selenium/4.1.2 (java windows)
Content-Length: 160
Content-Type: application/json; charset=utf-8
host: localhost:52928
accept: */*

Response DefaultHttpResponse(decodeResult: success, version: HTTP/1.1)
HTTP/1.1 200 OK
Content-Type: application/json; charset=utf-8
cache-control: no-cache
content-length: 88

17:27:58.527 [AsyncHttpClient-1-9] DEBUG org.asynchttpclient.netty.channel.ChannelManager - Adding key: http://localhost:52928 for channel [id: 0xd1b1ed46, L:/127.0.0.1:60372 - R:localhost/127.0.0.1:52928]
17:27:58.529 [Forwarding clearElement on session ae3e0d00359a1557c2641f66c58a2447 to remote] DEBUG org.asynchttpclient.netty.request.NettyRequestSender - Using pooled Channel '[id: 0xd1b1ed46, L:/127.0.0.1:60372 - R:localhost/127.0.0.1:52928]' for 'POST' to 'http://localhost:52928/session/ae3e0d00359a1557c2641f66c58a2447/element/9c8ef3d6-38d3-4845-8587-d53f663e8fbc/clear'
17:27:58.529 [Forwarding clearElement on session ae3e0d00359a1557c2641f66c58a2447 to remote] DEBUG org.asynchttpclient.netty.request.NettyRequestSender - Using open Channel [id: 0xd1b1ed46, L:/127.0.0.1:60372 - R:localhost/127.0.0.1:52928] for POST '/session/ae3e0d00359a1557c2641f66c58a2447/element/9c8ef3d6-38d3-4845-8587-d53f663e8fbc/clear'
17:27:58.743 [AsyncHttpClient-1-1] DEBUG org.asynchttpclient.netty.channel.DefaultChannelPool - Entry count for : http://localhost:60373 : 1
17:27:59.519 [AsyncHttpClient-1-9] DEBUG org.asynchttpclient.netty.handler.HttpHandler - 

Request DefaultHttpRequest(decodeResult: success, version: HTTP/1.1)
POST /session/ae3e0d00359a1557c2641f66c58a2447/element/9c8ef3d6-38d3-4845-8587-d53f663e8fbc/clear HTTP/1.1
User-Agent: selenium/4.1.2 (java windows)
Content-Length: 50
Content-Type: application/json; charset=utf-8
host: localhost:52928
accept: */*

Response DefaultHttpResponse(decodeResult: success, version: HTTP/1.1)
HTTP/1.1 200 OK
Content-Type: application/json; charset=utf-8
cache-control: no-cache
content-length: 14

17:27:59.519 [AsyncHttpClient-1-9] DEBUG org.asynchttpclient.netty.channel.ChannelManager - Adding key: http://localhost:52928 for channel [id: 0xd1b1ed46, L:/127.0.0.1:60372 - R:localhost/127.0.0.1:52928]
17:27:59.523 [Forwarding sendKeysToElement on session ae3e0d00359a1557c2641f66c58a2447 to remote] DEBUG org.asynchttpclient.netty.request.NettyRequestSender - Using pooled Channel '[id: 0xd1b1ed46, L:/127.0.0.1:60372 - R:localhost/127.0.0.1:52928]' for 'POST' to 'http://localhost:52928/session/ae3e0d00359a1557c2641f66c58a2447/element/9c8ef3d6-38d3-4845-8587-d53f663e8fbc/value'
17:27:59.523 [Forwarding sendKeysToElement on session ae3e0d00359a1557c2641f66c58a2447 to remote] DEBUG org.asynchttpclient.netty.request.NettyRequestSender - Using open Channel [id: 0xd1b1ed46, L:/127.0.0.1:60372 - R:localhost/127.0.0.1:52928] for POST '/session/ae3e0d00359a1557c2641f66c58a2447/element/9c8ef3d6-38d3-4845-8587-d53f663e8fbc/value'
17:27:59.843 [AsyncHttpClient-1-1] DEBUG org.asynchttpclient.netty.channel.DefaultChannelPool - Entry count for : http://localhost:60373 : 1
17:28:00.335 [AsyncHttpClient-1-9] DEBUG org.asynchttpclient.netty.handler.HttpHandler - 

Request DefaultHttpRequest(decodeResult: success, version: HTTP/1.1)
POST /session/ae3e0d00359a1557c2641f66c58a2447/element/9c8ef3d6-38d3-4845-8587-d53f663e8fbc/value HTTP/1.1
User-Agent: selenium/4.1.2 (java windows)
Content-Length: 211
Content-Type: application/json; charset=utf-8
host: localhost:52928
accept: */*

Response DefaultHttpResponse(decodeResult: success, version: HTTP/1.1)
HTTP/1.1 200 OK
Content-Type: application/json; charset=utf-8
cache-control: no-cache
content-length: 14

17:28:00.335 [AsyncHttpClient-1-9] DEBUG org.asynchttpclient.netty.channel.ChannelManager - Adding key: http://localhost:52928 for channel [id: 0xd1b1ed46, L:/127.0.0.1:60372 - R:localhost/127.0.0.1:52928]
17:28:00.344 [Forwarding screenshot on session ae3e0d00359a1557c2641f66c58a2447 to remote] DEBUG org.asynchttpclient.netty.request.NettyRequestSender - Using pooled Channel '[id: 0xd1b1ed46, L:/127.0.0.1:60372 - R:localhost/127.0.0.1:52928]' for 'GET' to 'http://localhost:52928/session/ae3e0d00359a1557c2641f66c58a2447/screenshot'
17:28:00.344 [Forwarding screenshot on session ae3e0d00359a1557c2641f66c58a2447 to remote] DEBUG org.asynchttpclient.netty.request.NettyRequestSender - Using open Channel [id: 0xd1b1ed46, L:/127.0.0.1:60372 - R:localhost/127.0.0.1:52928] for GET '/session/ae3e0d00359a1557c2641f66c58a2447/screenshot'
17:28:00.440 [AsyncHttpClient-1-9] DEBUG org.asynchttpclient.netty.handler.HttpHandler - 

Request DefaultFullHttpRequest(decodeResult: success, version: HTTP/1.1, content: EmptyByteBufBE)
GET /session/ae3e0d00359a1557c2641f66c58a2447/screenshot HTTP/1.1
User-Agent: selenium/4.1.2 (java windows)
Cache-Control: no-cache
Content-Type: application/json; charset=utf-8
host: localhost:52928
accept: */*

Response DefaultHttpResponse(decodeResult: success, version: HTTP/1.1)
HTTP/1.1 200 OK
Content-Type: application/json; charset=utf-8
cache-control: no-cache
content-length: 36788

17:28:00.440 [AsyncHttpClient-1-9] DEBUG org.asynchttpclient.netty.channel.ChannelManager - Adding key: http://localhost:52928 for channel [id: 0xd1b1ed46, L:/127.0.0.1:60372 - R:localhost/127.0.0.1:52928]
17:28:00.443 [main] DEBUG net.serenitybdd.core.photography.Darkroom - Send negative for processing for target\site\serenity\bc635b8591b9d99024627fb70cf57b4a22fe5d6e2aef633e5d3072106651fc8a.png
17:28:00.443 [main] DEBUG net.thucydides.core.steps.StepInterceptor - STARTING STEP: PatientSteps.iInputPatientNameAndClickSearch - clickSearchButton
17:28:00.443 [Darkroom Processing Line] DEBUG net.serenitybdd.core.photography.DarkroomProcessingLine - Processing screenshot image in /var/screenshots/screenshot-14565370968190894941
17:28:00.443 [Darkroom Processing Line] DEBUG net.serenitybdd.core.photography.DarkroomProcessingLine - Saving screenshot to target\site\serenity\bc635b8591b9d99024627fb70cf57b4a22fe5d6e2aef633e5d3072106651fc8a.png
17:28:00.449 [Forwarding findElement on session ae3e0d00359a1557c2641f66c58a2447 to remote] DEBUG org.asynchttpclient.netty.request.NettyRequestSender - Using pooled Channel '[id: 0xd1b1ed46, L:/127.0.0.1:60372 - R:localhost/127.0.0.1:52928]' for 'POST' to 'http://localhost:52928/session/ae3e0d00359a1557c2641f66c58a2447/element'
17:28:00.449 [Forwarding findElement on session ae3e0d00359a1557c2641f66c58a2447 to remote] DEBUG org.asynchttpclient.netty.request.NettyRequestSender - Using open Channel [id: 0xd1b1ed46, L:/127.0.0.1:60372 - R:localhost/127.0.0.1:52928] for POST '/session/ae3e0d00359a1557c2641f66c58a2447/element'
17:28:00.467 [AsyncHttpClient-1-9] DEBUG org.asynchttpclient.netty.handler.HttpHandler - 

Request DefaultHttpRequest(decodeResult: success, version: HTTP/1.1)
POST /session/ae3e0d00359a1557c2641f66c58a2447/element HTTP/1.1
User-Agent: selenium/4.1.2 (java windows)
Content-Length: 161
Content-Type: application/json; charset=utf-8
host: localhost:52928
accept: */*

Response DefaultHttpResponse(decodeResult: success, version: HTTP/1.1)
HTTP/1.1 200 OK
Content-Type: application/json; charset=utf-8
cache-control: no-cache
content-length: 88

17:28:00.467 [AsyncHttpClient-1-9] DEBUG org.asynchttpclient.netty.channel.ChannelManager - Adding key: http://localhost:52928 for channel [id: 0xd1b1ed46, L:/127.0.0.1:60372 - R:localhost/127.0.0.1:52928]
17:28:00.469 [Forwarding getElementTagName on session ae3e0d00359a1557c2641f66c58a2447 to remote] DEBUG org.asynchttpclient.netty.request.NettyRequestSender - Using pooled Channel '[id: 0xd1b1ed46, L:/127.0.0.1:60372 - R:localhost/127.0.0.1:52928]' for 'GET' to 'http://localhost:52928/session/ae3e0d00359a1557c2641f66c58a2447/element/f6814278-55a7-402d-9f5b-235fe6d6763a/name'
17:28:00.469 [Forwarding getElementTagName on session ae3e0d00359a1557c2641f66c58a2447 to remote] DEBUG org.asynchttpclient.netty.request.NettyRequestSender - Using open Channel [id: 0xd1b1ed46, L:/127.0.0.1:60372 - R:localhost/127.0.0.1:52928] for GET '/session/ae3e0d00359a1557c2641f66c58a2447/element/f6814278-55a7-402d-9f5b-235fe6d6763a/name'
17:28:00.479 [AsyncHttpClient-1-9] DEBUG org.asynchttpclient.netty.handler.HttpHandler - 

Request DefaultFullHttpRequest(decodeResult: success, version: HTTP/1.1, content: EmptyByteBufBE)
GET /session/ae3e0d00359a1557c2641f66c58a2447/element/f6814278-55a7-402d-9f5b-235fe6d6763a/name HTTP/1.1
User-Agent: selenium/4.1.2 (java windows)
Cache-Control: no-cache
Content-Type: application/json; charset=utf-8
host: localhost:52928
accept: */*

Response DefaultHttpResponse(decodeResult: success, version: HTTP/1.1)
HTTP/1.1 200 OK
Content-Type: application/json; charset=utf-8
cache-control: no-cache
content-length: 18

17:28:00.479 [AsyncHttpClient-1-9] DEBUG org.asynchttpclient.netty.channel.ChannelManager - Adding key: http://localhost:52928 for channel [id: 0xd1b1ed46, L:/127.0.0.1:60372 - R:localhost/127.0.0.1:52928]
17:28:00.481 [Forwarding getElementTagName on session ae3e0d00359a1557c2641f66c58a2447 to remote] DEBUG org.asynchttpclient.netty.request.NettyRequestSender - Using pooled Channel '[id: 0xd1b1ed46, L:/127.0.0.1:60372 - R:localhost/127.0.0.1:52928]' for 'GET' to 'http://localhost:52928/session/ae3e0d00359a1557c2641f66c58a2447/element/f6814278-55a7-402d-9f5b-235fe6d6763a/name'
17:28:00.481 [Forwarding getElementTagName on session ae3e0d00359a1557c2641f66c58a2447 to remote] DEBUG org.asynchttpclient.netty.request.NettyRequestSender - Using open Channel [id: 0xd1b1ed46, L:/127.0.0.1:60372 - R:localhost/127.0.0.1:52928] for GET '/session/ae3e0d00359a1557c2641f66c58a2447/element/f6814278-55a7-402d-9f5b-235fe6d6763a/name'
17:28:00.942 [AsyncHttpClient-1-1] DEBUG org.asynchttpclient.netty.channel.DefaultChannelPool - Entry count for : http://localhost:60373 : 1
17:28:01.257 [AsyncHttpClient-1-9] DEBUG org.asynchttpclient.netty.handler.HttpHandler - 

Request DefaultFullHttpRequest(decodeResult: success, version: HTTP/1.1, content: EmptyByteBufBE)
GET /session/ae3e0d00359a1557c2641f66c58a2447/element/f6814278-55a7-402d-9f5b-235fe6d6763a/name HTTP/1.1
User-Agent: selenium/4.1.2 (java windows)
Cache-Control: no-cache
Content-Type: application/json; charset=utf-8
host: localhost:52928
accept: */*

Response DefaultHttpResponse(decodeResult: success, version: HTTP/1.1)
HTTP/1.1 200 OK
Content-Type: application/json; charset=utf-8
cache-control: no-cache
content-length: 18

17:28:01.258 [AsyncHttpClient-1-9] DEBUG org.asynchttpclient.netty.channel.ChannelManager - Adding key: http://localhost:52928 for channel [id: 0xd1b1ed46, L:/127.0.0.1:60372 - R:localhost/127.0.0.1:52928]
17:28:01.262 [Forwarding isElementEnabled on session ae3e0d00359a1557c2641f66c58a2447 to remote] DEBUG org.asynchttpclient.netty.request.NettyRequestSender - Using pooled Channel '[id: 0xd1b1ed46, L:/127.0.0.1:60372 - R:localhost/127.0.0.1:52928]' for 'GET' to 'http://localhost:52928/session/ae3e0d00359a1557c2641f66c58a2447/element/f6814278-55a7-402d-9f5b-235fe6d6763a/enabled'
17:28:01.262 [Forwarding isElementEnabled on session ae3e0d00359a1557c2641f66c58a2447 to remote] DEBUG org.asynchttpclient.netty.request.NettyRequestSender - Using open Channel [id: 0xd1b1ed46, L:/127.0.0.1:60372 - R:localhost/127.0.0.1:52928] for GET '/session/ae3e0d00359a1557c2641f66c58a2447/element/f6814278-55a7-402d-9f5b-235fe6d6763a/enabled'
17:28:01.282 [AsyncHttpClient-1-9] DEBUG org.asynchttpclient.netty.handler.HttpHandler - 

Request DefaultFullHttpRequest(decodeResult: success, version: HTTP/1.1, content: EmptyByteBufBE)
GET /session/ae3e0d00359a1557c2641f66c58a2447/element/f6814278-55a7-402d-9f5b-235fe6d6763a/enabled HTTP/1.1
User-Agent: selenium/4.1.2 (java windows)
Cache-Control: no-cache
Content-Type: application/json; charset=utf-8
host: localhost:52928
accept: */*

Response DefaultHttpResponse(decodeResult: success, version: HTTP/1.1)
HTTP/1.1 200 OK
Content-Type: application/json; charset=utf-8
cache-control: no-cache
content-length: 14

17:28:01.282 [AsyncHttpClient-1-9] DEBUG org.asynchttpclient.netty.channel.ChannelManager - Adding key: http://localhost:52928 for channel [id: 0xd1b1ed46, L:/127.0.0.1:60372 - R:localhost/127.0.0.1:52928]
17:28:01.283 [Forwarding isElementEnabled on session ae3e0d00359a1557c2641f66c58a2447 to remote] DEBUG org.asynchttpclient.netty.request.NettyRequestSender - Using pooled Channel '[id: 0xd1b1ed46, L:/127.0.0.1:60372 - R:localhost/127.0.0.1:52928]' for 'GET' to 'http://localhost:52928/session/ae3e0d00359a1557c2641f66c58a2447/element/f6814278-55a7-402d-9f5b-235fe6d6763a/enabled'
17:28:01.283 [Forwarding isElementEnabled on session ae3e0d00359a1557c2641f66c58a2447 to remote] DEBUG org.asynchttpclient.netty.request.NettyRequestSender - Using open Channel [id: 0xd1b1ed46, L:/127.0.0.1:60372 - R:localhost/127.0.0.1:52928] for GET '/session/ae3e0d00359a1557c2641f66c58a2447/element/f6814278-55a7-402d-9f5b-235fe6d6763a/enabled'
17:28:01.290 [AsyncHttpClient-1-9] DEBUG org.asynchttpclient.netty.handler.HttpHandler - 

Request DefaultFullHttpRequest(decodeResult: success, version: HTTP/1.1, content: EmptyByteBufBE)
GET /session/ae3e0d00359a1557c2641f66c58a2447/element/f6814278-55a7-402d-9f5b-235fe6d6763a/enabled HTTP/1.1
User-Agent: selenium/4.1.2 (java windows)
Cache-Control: no-cache
Content-Type: application/json; charset=utf-8
host: localhost:52928
accept: */*

Response DefaultHttpResponse(decodeResult: success, version: HTTP/1.1)
HTTP/1.1 200 OK
Content-Type: application/json; charset=utf-8
cache-control: no-cache
content-length: 14

17:28:01.290 [AsyncHttpClient-1-9] DEBUG org.asynchttpclient.netty.channel.ChannelManager - Adding key: http://localhost:52928 for channel [id: 0xd1b1ed46, L:/127.0.0.1:60372 - R:localhost/127.0.0.1:52928]
17:28:01.292 [Forwarding findElement on session ae3e0d00359a1557c2641f66c58a2447 to remote] DEBUG org.asynchttpclient.netty.request.NettyRequestSender - Using pooled Channel '[id: 0xd1b1ed46, L:/127.0.0.1:60372 - R:localhost/127.0.0.1:52928]' for 'POST' to 'http://localhost:52928/session/ae3e0d00359a1557c2641f66c58a2447/element'
17:28:01.292 [Forwarding findElement on session ae3e0d00359a1557c2641f66c58a2447 to remote] DEBUG org.asynchttpclient.netty.request.NettyRequestSender - Using open Channel [id: 0xd1b1ed46, L:/127.0.0.1:60372 - R:localhost/127.0.0.1:52928] for POST '/session/ae3e0d00359a1557c2641f66c58a2447/element'
17:28:01.303 [AsyncHttpClient-1-9] DEBUG org.asynchttpclient.netty.handler.HttpHandler - 

Request DefaultHttpRequest(decodeResult: success, version: HTTP/1.1)
POST /session/ae3e0d00359a1557c2641f66c58a2447/element HTTP/1.1
User-Agent: selenium/4.1.2 (java windows)
Content-Length: 161
Content-Type: application/json; charset=utf-8
host: localhost:52928
accept: */*

Response DefaultHttpResponse(decodeResult: success, version: HTTP/1.1)
HTTP/1.1 200 OK
Content-Type: application/json; charset=utf-8
cache-control: no-cache
content-length: 88

17:28:01.303 [AsyncHttpClient-1-9] DEBUG org.asynchttpclient.netty.channel.ChannelManager - Adding key: http://localhost:52928 for channel [id: 0xd1b1ed46, L:/127.0.0.1:60372 - R:localhost/127.0.0.1:52928]
17:28:01.304 [Forwarding clickElement on session ae3e0d00359a1557c2641f66c58a2447 to remote] DEBUG org.asynchttpclient.netty.request.NettyRequestSender - Using pooled Channel '[id: 0xd1b1ed46, L:/127.0.0.1:60372 - R:localhost/127.0.0.1:52928]' for 'POST' to 'http://localhost:52928/session/ae3e0d00359a1557c2641f66c58a2447/element/f6814278-55a7-402d-9f5b-235fe6d6763a/click'
17:28:01.304 [Forwarding clickElement on session ae3e0d00359a1557c2641f66c58a2447 to remote] DEBUG org.asynchttpclient.netty.request.NettyRequestSender - Using open Channel [id: 0xd1b1ed46, L:/127.0.0.1:60372 - R:localhost/127.0.0.1:52928] for POST '/session/ae3e0d00359a1557c2641f66c58a2447/element/f6814278-55a7-402d-9f5b-235fe6d6763a/click'
17:28:01.386 [AsyncHttpClient-1-9] DEBUG org.asynchttpclient.netty.handler.HttpHandler - 

Request DefaultHttpRequest(decodeResult: success, version: HTTP/1.1)
POST /session/ae3e0d00359a1557c2641f66c58a2447/element/f6814278-55a7-402d-9f5b-235fe6d6763a/click HTTP/1.1
User-Agent: selenium/4.1.2 (java windows)
Content-Length: 50
Content-Type: application/json; charset=utf-8
host: localhost:52928
accept: */*

Response DefaultHttpResponse(decodeResult: success, version: HTTP/1.1)
HTTP/1.1 200 OK
Content-Type: application/json; charset=utf-8
cache-control: no-cache
content-length: 14

17:28:01.386 [AsyncHttpClient-1-9] DEBUG org.asynchttpclient.netty.channel.ChannelManager - Adding key: http://localhost:52928 for channel [id: 0xd1b1ed46, L:/127.0.0.1:60372 - R:localhost/127.0.0.1:52928]
17:28:01.396 [Forwarding screenshot on session ae3e0d00359a1557c2641f66c58a2447 to remote] DEBUG org.asynchttpclient.netty.request.NettyRequestSender - Using pooled Channel '[id: 0xd1b1ed46, L:/127.0.0.1:60372 - R:localhost/127.0.0.1:52928]' for 'GET' to 'http://localhost:52928/session/ae3e0d00359a1557c2641f66c58a2447/screenshot'
17:28:01.396 [Forwarding screenshot on session ae3e0d00359a1557c2641f66c58a2447 to remote] DEBUG org.asynchttpclient.netty.request.NettyRequestSender - Using open Channel [id: 0xd1b1ed46, L:/127.0.0.1:60372 - R:localhost/127.0.0.1:52928] for GET '/session/ae3e0d00359a1557c2641f66c58a2447/screenshot'
17:28:01.568 [AsyncHttpClient-1-9] DEBUG org.asynchttpclient.netty.handler.HttpHandler - 

Request DefaultFullHttpRequest(decodeResult: success, version: HTTP/1.1, content: EmptyByteBufBE)
GET /session/ae3e0d00359a1557c2641f66c58a2447/screenshot HTTP/1.1
User-Agent: selenium/4.1.2 (java windows)
Cache-Control: no-cache
Content-Type: application/json; charset=utf-8
host: localhost:52928
accept: */*

Response DefaultHttpResponse(decodeResult: success, version: HTTP/1.1)
HTTP/1.1 200 OK
Content-Type: application/json; charset=utf-8
cache-control: no-cache
content-length: 77488

17:28:01.569 [AsyncHttpClient-1-9] DEBUG org.asynchttpclient.netty.channel.ChannelManager - Adding key: http://localhost:52928 for channel [id: 0xd1b1ed46, L:/127.0.0.1:60372 - R:localhost/127.0.0.1:52928]
17:28:01.574 [main] DEBUG net.serenitybdd.core.photography.Darkroom - Send negative for processing for target\site\serenity\c1c306c9bf3e2f0de7ac16b13c593bd63182f889f45e169a0481c34457f1654a.png
17:28:01.575 [main] DEBUG net.thucydides.core.steps.StepInterceptor - STEP DONE: clickSearchButton
  &amp#27;[32mWhen &amp#27;[0m&amp#27;[32mI input patient name and click search&amp#27;[0m            &amp#27;[90m# starter.stepdefinitions.PatientSteps.iInputPatientNameAndClickSearch()&amp#27;[0m
17:28:01.575 [Darkroom Processing Line] DEBUG net.serenitybdd.core.photography.DarkroomProcessingLine - Processing screenshot image in /var/screenshots/screenshot-16732662553869628091
17:28:01.575 [Darkroom Processing Line] DEBUG net.serenitybdd.core.photography.DarkroomProcessingLine - Saving screenshot to target\site\serenity\c1c306c9bf3e2f0de7ac16b13c593bd63182f889f45e169a0481c34457f1654a.png
17:28:01.592 [Forwarding findElement on session ae3e0d00359a1557c2641f66c58a2447 to remote] DEBUG org.asynchttpclient.netty.request.NettyRequestSender - Using pooled Channel '[id: 0xd1b1ed46, L:/127.0.0.1:60372 - R:localhost/127.0.0.1:52928]' for 'POST' to 'http://localhost:52928/session/ae3e0d00359a1557c2641f66c58a2447/element'
17:28:01.592 [Forwarding findElement on session ae3e0d00359a1557c2641f66c58a2447 to remote] DEBUG org.asynchttpclient.netty.request.NettyRequestSender - Using open Channel [id: 0xd1b1ed46, L:/127.0.0.1:60372 - R:localhost/127.0.0.1:52928] for POST '/session/ae3e0d00359a1557c2641f66c58a2447/element'
17:28:01.613 [AsyncHttpClient-1-9] DEBUG org.asynchttpclient.netty.handler.HttpHandler - 

Request DefaultHttpRequest(decodeResult: success, version: HTTP/1.1)
POST /session/ae3e0d00359a1557c2641f66c58a2447/element HTTP/1.1
User-Agent: selenium/4.1.2 (java windows)
Content-Length: 85
Content-Type: application/json; charset=utf-8
host: localhost:52928
accept: */*

Response DefaultHttpResponse(decodeResult: success, version: HTTP/1.1)
HTTP/1.1 200 OK
Content-Type: application/json; charset=utf-8
cache-control: no-cache
content-length: 88

17:28:01.613 [AsyncHttpClient-1-9] DEBUG org.asynchttpclient.netty.channel.ChannelManager - Adding key: http://localhost:52928 for channel [id: 0xd1b1ed46, L:/127.0.0.1:60372 - R:localhost/127.0.0.1:52928]
17:28:01.617 [Forwarding isElementDisplayed on session ae3e0d00359a1557c2641f66c58a2447 to remote] DEBUG org.asynchttpclient.netty.request.NettyRequestSender - Using pooled Channel '[id: 0xd1b1ed46, L:/127.0.0.1:60372 - R:localhost/127.0.0.1:52928]' for 'POST' to 'http://localhost:52928/session/ae3e0d00359a1557c2641f66c58a2447/execute/sync'
17:28:01.617 [Forwarding isElementDisplayed on session ae3e0d00359a1557c2641f66c58a2447 to remote] DEBUG org.asynchttpclient.netty.request.NettyRequestSender - Using open Channel [id: 0xd1b1ed46, L:/127.0.0.1:60372 - R:localhost/127.0.0.1:52928] for POST '/session/ae3e0d00359a1557c2641f66c58a2447/execute/sync'
17:28:01.638 [AsyncHttpClient-1-9] DEBUG org.asynchttpclient.netty.handler.HttpHandler - 

Request DefaultHttpRequest(decodeResult: success, version: HTTP/1.1)
POST /session/ae3e0d00359a1557c2641f66c58a2447/execute/sync HTTP/1.1
User-Agent: selenium/4.1.2 (java windows)
Content-Length: 48780
Content-Type: application/json; charset=utf-8
host: localhost:52928
accept: */*

Response DefaultHttpResponse(decodeResult: success, version: HTTP/1.1)
HTTP/1.1 200 OK
Content-Type: application/json; charset=utf-8
cache-control: no-cache
content-length: 14

17:28:01.638 [AsyncHttpClient-1-9] DEBUG org.asynchttpclient.netty.channel.ChannelManager - Adding key: http://localhost:52928 for channel [id: 0xd1b1ed46, L:/127.0.0.1:60372 - R:localhost/127.0.0.1:52928]
  &amp#27;[32mThen &amp#27;[0m&amp#27;[32mI validate search by patient name&amp#27;[0m                &amp#27;[90m# starter.stepdefinitions.PatientSteps.iValidateSearchByPatientName()&amp#27;[0m
17:28:01.643 [Forwarding screenshot on session ae3e0d00359a1557c2641f66c58a2447 to remote] DEBUG org.asynchttpclient.netty.request.NettyRequestSender - Using pooled Channel '[id: 0xd1b1ed46, L:/127.0.0.1:60372 - R:localhost/127.0.0.1:52928]' for 'GET' to 'http://localhost:52928/session/ae3e0d00359a1557c2641f66c58a2447/screenshot'
17:28:01.643 [Forwarding screenshot on session ae3e0d00359a1557c2641f66c58a2447 to remote] DEBUG org.asynchttpclient.netty.request.NettyRequestSender - Using open Channel [id: 0xd1b1ed46, L:/127.0.0.1:60372 - R:localhost/127.0.0.1:52928] for GET '/session/ae3e0d00359a1557c2641f66c58a2447/screenshot'
17:28:01.756 [AsyncHttpClient-1-9] DEBUG org.asynchttpclient.netty.handler.HttpHandler - 

Request DefaultFullHttpRequest(decodeResult: success, version: HTTP/1.1, content: EmptyByteBufBE)
GET /session/ae3e0d00359a1557c2641f66c58a2447/screenshot HTTP/1.1
User-Agent: selenium/4.1.2 (java windows)
Cache-Control: no-cache
Content-Type: application/json; charset=utf-8
host: localhost:52928
accept: */*

Response DefaultHttpResponse(decodeResult: success, version: HTTP/1.1)
HTTP/1.1 200 OK
Content-Type: application/json; charset=utf-8
cache-control: no-cache
content-length: 81820

17:28:01.756 [AsyncHttpClient-1-9] DEBUG org.asynchttpclient.netty.channel.ChannelManager - Adding key: http://localhost:52928 for channel [id: 0xd1b1ed46, L:/127.0.0.1:60372 - R:localhost/127.0.0.1:52928]
17:28:01.761 [main] DEBUG net.serenitybdd.core.photography.Darkroom - Send negative for processing for target\site\serenity\f2380b766e3679e0dffe007c223806aefb197400acbbcfdf85162fdb1334f979.png
17:28:01.761 [Darkroom Processing Line] DEBUG net.serenitybdd.core.photography.DarkroomProcessingLine - Processing screenshot image in /var/screenshots/screenshot-11147819109014998121
17:28:01.761 [Darkroom Processing Line] DEBUG net.serenitybdd.core.photography.DarkroomProcessingLine - Saving screenshot to target\site\serenity\f2380b766e3679e0dffe007c223806aefb197400acbbcfdf85162fdb1334f979.png
17:28:01.762 [main] INFO  - 
  _____   ___   ___   _____     ___     _     ___   ___   ___   ___  
 |_   _| | __| / __| |_   _|   | _ \   /_\   / __| / __| | __| |   \ 
   | |   | _|  \__ \   | |     |  _/  / _ \  \__ \ \__ \ | _|  | |) |
   |_|   |___| |___/   |_|     |_|   /_/ \_\ |___/ |___/ |___| |___/ 

Search Patient Based on Patient Name Scenario
----------------------------------------------------------------------
17:28:01.764 [AsyncHttpClient-1-3] DEBUG org.asynchttpclient.netty.handler.WebSocketHandler - Channel Closed: [id: 0xaa62f7db, L:/127.0.0.1:60379 ! R:localhost/127.0.0.1:60373] with attribute NettyResponseFuture{currentRetry=5,
	isDone=1,
	isCancelled=0,
	asyncHandler=org.asynchttpclient.ws.WebSocketUpgradeHandler@67e6a964,
	nettyRequest=org.asynchttpclient.netty.request.NettyRequest@cffceb6,
	future=java.util.concurrent.CompletableFuture@18a500c6[Completed normally],
	uri=ws://localhost:60373/devtools/browser/e64fe6ec-def9-41e2-a19e-48764438fc54,
	keepAlive=true,
	redirectCount=0,
	timeoutsHolder=null,
	inAuth=0,
	touch=1655375274407}
17:28:01.764 [Driver Command Executor] DEBUG org.asynchttpclient.netty.request.NettyRequestSender - Using pooled Channel '[id: 0xd1b1ed46, L:/127.0.0.1:60372 - R:localhost/127.0.0.1:52928]' for 'DELETE' to 'http://localhost:52928/session/ae3e0d00359a1557c2641f66c58a2447'
17:28:01.764 [AsyncHttpClient-1-3] DEBUG org.asynchttpclient.netty.channel.ChannelManager - Closing Channel [id: 0xaa62f7db, L:/127.0.0.1:60379 ! R:localhost/127.0.0.1:60373] 
17:28:01.764 [Driver Command Executor] DEBUG org.asynchttpclient.netty.request.NettyRequestSender - Using open Channel [id: 0xd1b1ed46, L:/127.0.0.1:60372 - R:localhost/127.0.0.1:52928] for DELETE '/session/ae3e0d00359a1557c2641f66c58a2447'
17:28:01.793 [AsyncHttpClient-1-2] DEBUG org.asynchttpclient.netty.handler.HttpHandler - Unexpected I/O exception on channel [id: 0xc8cfdde6, L:/127.0.0.1:60378 - R:localhost/127.0.0.1:60373]
java.net.SocketException: Connection reset
	at java.base/sun.nio.ch.SocketChannelImpl.throwConnectionReset(SocketChannelImpl.java:367)
	at java.base/sun.nio.ch.SocketChannelImpl.read(SocketChannelImpl.java:398)
	at io.netty.buffer.PooledByteBuf.setBytes(PooledByteBuf.java:258)
	at io.netty.buffer.AbstractByteBuf.writeBytes(AbstractByteBuf.java:1132)
	at io.netty.channel.socket.nio.NioSocketChannel.doReadBytes(NioSocketChannel.java:350)
	at io.netty.channel.nio.AbstractNioByteChannel$NioByteUnsafe.read(AbstractNioByteChannel.java:151)
	at io.netty.channel.nio.NioEventLoop.processSelectedKey(NioEventLoop.java:722)
	at io.netty.channel.nio.NioEventLoop.processSelectedKeysOptimized(NioEventLoop.java:658)
	at io.netty.channel.nio.NioEventLoop.processSelectedKeys(NioEventLoop.java:584)
	at io.netty.channel.nio.NioEventLoop.run(NioEventLoop.java:496)
	at io.netty.util.concurrent.SingleThreadEventExecutor$4.run(SingleThreadEventExecutor.java:986)
	at io.netty.util.internal.ThreadExecutorMap$2.run(ThreadExecutorMap.java:74)
	at io.netty.util.concurrent.FastThreadLocalRunnable.run(FastThreadLocalRunnable.java:30)
	at java.base/java.lang.Thread.run(Thread.java:832)
17:28:01.793 [AsyncHttpClient-1-2] DEBUG org.asynchttpclient.netty.channel.ChannelManager - Closing Channel [id: 0xc8cfdde6, L:/127.0.0.1:60378 - R:localhost/127.0.0.1:60373] 
17:28:01.793 [AsyncHttpClient-1-2] DEBUG org.asynchttpclient.netty.handler.HttpHandler - Channel Closed: [id: 0xc8cfdde6, L:/127.0.0.1:60378 ! R:localhost/127.0.0.1:60373] with attribute DISCARD
17:28:01.812 [AsyncHttpClient-1-9] DEBUG org.asynchttpclient.netty.handler.HttpHandler - 

Request DefaultFullHttpRequest(decodeResult: success, version: HTTP/1.1, content: EmptyByteBufBE)
DELETE /session/ae3e0d00359a1557c2641f66c58a2447 HTTP/1.1
User-Agent: selenium/4.1.2 (java windows)
Content-Type: application/json; charset=utf-8
host: localhost:52928
accept: */*

Response DefaultHttpResponse(decodeResult: success, version: HTTP/1.1)
HTTP/1.1 200 OK
Content-Type: application/json; charset=utf-8
cache-control: no-cache
content-length: 14

17:28:01.813 [AsyncHttpClient-1-9] DEBUG org.asynchttpclient.netty.channel.ChannelManager - Adding key: http://localhost:52928 for channel [id: 0xd1b1ed46, L:/127.0.0.1:60372 - R:localhost/127.0.0.1:52928]
17:28:02.041 [AsyncHttpClient-1-1] DEBUG org.asynchttpclient.netty.channel.DefaultChannelPool - Entry count for : http://localhost:60373 : 1
17:28:02.041 [AsyncHttpClient-1-1] DEBUG org.asynchttpclient.netty.channel.DefaultChannelPool - Entry count for : http://localhost:52928 : 1
17:28:02.041 [AsyncHttpClient-1-1] DEBUG org.asynchttpclient.netty.channel.DefaultChannelPool - Adding Candidate expired Channel [id: 0xc8cfdde6, L:/127.0.0.1:60378 ! R:localhost/127.0.0.1:60373] isIdleTimeoutExpired=false isRemotelyClosed=true isTtlExpired=false
17:28:02.041 [AsyncHttpClient-1-1] DEBUG org.asynchttpclient.netty.channel.DefaultChannelPool - Closing Idle Channel [id: 0xc8cfdde6, L:/127.0.0.1:60378 ! R:localhost/127.0.0.1:60373]
17:28:02.041 [AsyncHttpClient-1-1] DEBUG org.asynchttpclient.netty.channel.DefaultChannelPool - Closed 1 connections out of 2 in 0 ms
17:28:02.502 [AsyncHttpClient-1-9] DEBUG org.asynchttpclient.netty.handler.HttpHandler - Channel Closed: [id: 0xd1b1ed46, L:/127.0.0.1:60372 ! R:localhost/127.0.0.1:52928] with attribute DISCARD
]]></system-out>
    <system-err><![CDATA[Starting ChromeDriver 102.0.5005.61 (0e59bcc00cc4985ce39ad31c150065f159d95ad3-refs/branch-heads/5005@{#819}) on port 52928
Only local connections are allowed.
Please see https://chromedriver.chromium.org/security-considerations for suggestions on keeping ChromeDriver safe.
ChromeDriver was started successfully.
Jun 16, 2022 5:27:54 PM org.openqa.selenium.remote.ProtocolHandshake createSession
INFO: Detected dialect: W3C
Jun 16, 2022 5:27:54 PM org.openqa.selenium.devtools.CdpVersionFinder findNearestMatch
WARNING: Unable to find an exact match for CDP version 102, so returning the closest version found: a no-op implementation
Jun 16, 2022 5:27:54 PM org.openqa.selenium.devtools.CdpVersionFinder findNearestMatch
INFO: Unable to find CDP implementation matching 102.
Jun 16, 2022 5:27:54 PM org.openqa.selenium.chromium.ChromiumDriver lambda$new$3
WARNING: Unable to find version of CDP to use for . You may need to include a dependency on a specific version of the CDP using something similar to `org.seleniumhq.selenium:selenium-devtools-v86:4.1.2` where the version ("v86") matches the version of the chromium-based browser you're using and the version number of the artifact is the same as Selenium's.
]]></system-err>
  </testcase>
  <testcase name="Search Patient Based on Patient Date of Birth Scenario" classname="Patient" time="29.396">
    <system-out><![CDATA[
@Patient
Scenario: Search Patient Based on Patient Date of Birth Scenario &amp#27;[90m# src/test/resources/features/2.Patient.feature:52&amp#27;[0m
17:28:03.053 [main] INFO io.cucumber.core.plugin.SerenityReporter - Running feature from file:///E:/My%20Documents/File%20Difa/TI%20Semester%206%20Kampus%20Merdeka%20Alterra/Tugas/CAPSTONE%20Project/Capstone-Project-Website/src/test/resources/features/2.Patient.feature
17:28:03.056 [main] INFO  - 
  _____   ___   ___   _____     ___   _____     _     ___   _____   ___   ___  
 |_   _| | __| / __| |_   _|   / __| |_   _|   /_\   | _ \ |_   _| | __| |   \ 
   | |   | _|  \__ \   | |     \__ \   | |    / _ \  |   /   | |   | _|  | |) |
   |_|   |___| |___/   |_|     |___/   |_|   /_/ \_\ |_|_\   |_|   |___| |___/ 

Search Patient Based on Patient Date of Birth Scenario(patient;search-patient-based-on-patient-date-of-birth-scenario)
--------------------------------------------------------------------------------
17:28:03.089 [main] DEBUG net.thucydides.core.steps.StepInterceptor - STARTING STEP: PatientSteps.iAmAtTheDashboardPage - openUrl
17:28:03.090 [main] INFO net.serenitybdd.core.webdriver.driverproviders.ChromeDriverProvider - Using automatically driver download
17:28:03.141 [AsyncHttpClient-1-1] DEBUG org.asynchttpclient.netty.channel.DefaultChannelPool - Entry count for : http://localhost:52928 : 1
17:28:03.141 [AsyncHttpClient-1-1] DEBUG org.asynchttpclient.netty.channel.DefaultChannelPool - Adding Candidate expired Channel [id: 0xd1b1ed46, L:/127.0.0.1:60372 ! R:localhost/127.0.0.1:52928] isIdleTimeoutExpired=false isRemotelyClosed=true isTtlExpired=false
17:28:03.141 [AsyncHttpClient-1-1] DEBUG org.asynchttpclient.netty.channel.DefaultChannelPool - Closing Idle Channel [id: 0xd1b1ed46, L:/127.0.0.1:60372 ! R:localhost/127.0.0.1:52928]
17:28:03.141 [AsyncHttpClient-1-1] DEBUG org.asynchttpclient.netty.channel.DefaultChannelPool - Closed 1 connections out of 1 in 0 ms
17:28:03.301 [main] DEBUG io.github.bonigarcia.wdm.cache.ResolutionCache - Resolution chrome=102 in cache (valid until 18:07:22 16/06/2022 ICT)
17:28:03.305 [main] DEBUG io.github.bonigarcia.wdm.cache.ResolutionCache - Resolution chrome102=102.0.5005.61 in cache (valid until 15:56:01 17/06/2022 ICT)
17:28:03.307 [main] INFO io.github.bonigarcia.wdm.WebDriverManager - Using chromedriver 102.0.5005.61 (resolved driver for Chrome 102)
17:28:03.320 [main] DEBUG io.github.bonigarcia.wdm.WebDriverManager - Driver chromedriver 102.0.5005.61 found in cache
17:28:03.321 [main] INFO io.github.bonigarcia.wdm.WebDriverManager - Exporting webdriver.chrome.driver as C:\Users\USER\.cache\selenium\chromedriver\win32\102.0.5005.61\chromedriver.exe
17:28:03.499 [main] DEBUG net.serenitybdd.core.webdriver.driverproviders.ProvideNewDriver - Instantiating driver
17:28:03.499 [main] DEBUG net.serenitybdd.core.webdriver.driverproviders.ProvideNewDriver - Driver capabilities: Capabilities {acceptInsecureCerts: false, base.url: https://hospital-management..., browserName: chrome, chrome.driver: src/test/resources/webdrive..., driver: chrome, goog:chromeOptions: {args: [], extensions: []}}
17:28:04.032 [AsyncHttpClient-1-4] DEBUG org.asynchttpclient.netty.channel.NettyConnectListener - Using new Channel '[id: 0x43a77f76, L:/127.0.0.1:60400 - R:localhost/127.0.0.1:55595]' for 'POST' to '/session'
17:28:12.917 [AsyncHttpClient-1-4] DEBUG org.asynchttpclient.netty.handler.HttpHandler - 

Request DefaultHttpRequest(decodeResult: success, version: HTTP/1.1)
POST /session HTTP/1.1
User-Agent: selenium/4.1.2 (java windows)
Content-Length: 621
Content-Type: application/json; charset=utf-8
host: localhost:55595
accept: */*

Response DefaultHttpResponse(decodeResult: success, version: HTTP/1.1)
HTTP/1.1 200 OK
Content-Type: application/json; charset=utf-8
cache-control: no-cache
content-length: 789

17:28:12.917 [AsyncHttpClient-1-4] DEBUG org.asynchttpclient.netty.channel.ChannelManager - Adding key: http://localhost:55595 for channel [id: 0x43a77f76, L:/127.0.0.1:60400 - R:localhost/127.0.0.1:55595]
17:28:12.929 [AsyncHttpClient-1-5] DEBUG org.asynchttpclient.netty.channel.NettyConnectListener - Using new Channel '[id: 0x242d7dee, L:/127.0.0.1:60407 - R:localhost/127.0.0.1:60401]' for 'GET' to '/json/version'
17:28:12.930 [AsyncHttpClient-1-5] DEBUG org.asynchttpclient.netty.handler.HttpHandler - 

Request DefaultFullHttpRequest(decodeResult: success, version: HTTP/1.1, content: EmptyByteBufBE)
GET /json/version HTTP/1.1
User-Agent: selenium/4.1.2 (java windows)
host: localhost:60401
accept: */*

Response DefaultHttpResponse(decodeResult: success, version: HTTP/1.1)
HTTP/1.1 200 OK
Content-Type: application/json; charset=UTF-8
content-length: 427

17:28:12.930 [AsyncHttpClient-1-5] DEBUG org.asynchttpclient.netty.channel.ChannelManager - Adding key: http://localhost:60401 for channel [id: 0x242d7dee, L:/127.0.0.1:60407 - R:localhost/127.0.0.1:60401]
17:28:12.933 [AsyncHttpClient-1-6] DEBUG org.asynchttpclient.netty.channel.NettyConnectListener - Using new Channel '[id: 0xf2da431f, L:/127.0.0.1:60408 - R:localhost/127.0.0.1:60401]' for 'GET' to '/devtools/browser/c21ac2d1-f6fb-4d60-b86d-61d7b71fd7c0'
17:28:12.934 [AsyncHttpClient-1-6] DEBUG org.asynchttpclient.netty.handler.WebSocketHandler - 

Request DefaultFullHttpRequest(decodeResult: success, version: HTTP/1.1, content: EmptyByteBufBE)
GET /devtools/browser/c21ac2d1-f6fb-4d60-b86d-61d7b71fd7c0 HTTP/1.1
upgrade: websocket
connection: upgrade
sec-websocket-key: HpuSZxmWmIO4NdLJH0HDeg==
sec-websocket-version: 13
origin: http://localhost:60401
host: localhost:60401
accept: */*
user-agent: AHC/2.1

Response DefaultHttpResponse(decodeResult: success, version: HTTP/1.1)
HTTP/1.1 101 WebSocket Protocol Handshake
Upgrade: WebSocket
Connection: Upgrade
Sec-WebSocket-Accept: bKRSlgA0gX67RvjzRtUwCc84DVU=

17:28:12.939 [Forwarding maximizeCurrentWindow on session ad4f982f9ab8b323e641ef4b1c83aa7f to remote] DEBUG org.asynchttpclient.netty.request.NettyRequestSender - Using pooled Channel '[id: 0x43a77f76, L:/127.0.0.1:60400 - R:localhost/127.0.0.1:55595]' for 'POST' to 'http://localhost:55595/session/ad4f982f9ab8b323e641ef4b1c83aa7f/window/maximize'
17:28:12.939 [Forwarding maximizeCurrentWindow on session ad4f982f9ab8b323e641ef4b1c83aa7f to remote] DEBUG org.asynchttpclient.netty.request.NettyRequestSender - Using open Channel [id: 0x43a77f76, L:/127.0.0.1:60400 - R:localhost/127.0.0.1:55595] for POST '/session/ad4f982f9ab8b323e641ef4b1c83aa7f/window/maximize'
17:28:13.042 [AsyncHttpClient-1-1] DEBUG org.asynchttpclient.netty.channel.DefaultChannelPool - Entry count for : http://localhost:60401 : 1
17:28:13.058 [AsyncHttpClient-1-4] DEBUG org.asynchttpclient.netty.handler.HttpHandler - 

Request DefaultHttpRequest(decodeResult: success, version: HTTP/1.1)
POST /session/ad4f982f9ab8b323e641ef4b1c83aa7f/window/maximize HTTP/1.1
User-Agent: selenium/4.1.2 (java windows)
Content-Length: 3
Content-Type: application/json; charset=utf-8
host: localhost:55595
accept: */*

Response DefaultHttpResponse(decodeResult: success, version: HTTP/1.1)
HTTP/1.1 200 OK
Content-Type: application/json; charset=utf-8
cache-control: no-cache
content-length: 51

17:28:13.058 [AsyncHttpClient-1-4] DEBUG org.asynchttpclient.netty.channel.ChannelManager - Adding key: http://localhost:55595 for channel [id: 0x43a77f76, L:/127.0.0.1:60400 - R:localhost/127.0.0.1:55595]
17:28:13.060 [Forwarding get on session ad4f982f9ab8b323e641ef4b1c83aa7f to remote] DEBUG org.asynchttpclient.netty.request.NettyRequestSender - Using pooled Channel '[id: 0x43a77f76, L:/127.0.0.1:60400 - R:localhost/127.0.0.1:55595]' for 'POST' to 'http://localhost:55595/session/ad4f982f9ab8b323e641ef4b1c83aa7f/url'
17:28:13.060 [Forwarding get on session ad4f982f9ab8b323e641ef4b1c83aa7f to remote] DEBUG org.asynchttpclient.netty.request.NettyRequestSender - Using open Channel [id: 0x43a77f76, L:/127.0.0.1:60400 - R:localhost/127.0.0.1:55595] for POST '/session/ad4f982f9ab8b323e641ef4b1c83aa7f/url'
17:28:14.143 [AsyncHttpClient-1-1] DEBUG org.asynchttpclient.netty.channel.DefaultChannelPool - Entry count for : http://localhost:60401 : 1
17:28:15.243 [AsyncHttpClient-1-1] DEBUG org.asynchttpclient.netty.channel.DefaultChannelPool - Entry count for : http://localhost:60401 : 1
17:28:16.343 [AsyncHttpClient-1-1] DEBUG org.asynchttpclient.netty.channel.DefaultChannelPool - Entry count for : http://localhost:60401 : 1
17:28:17.444 [AsyncHttpClient-1-1] DEBUG org.asynchttpclient.netty.channel.DefaultChannelPool - Entry count for : http://localhost:60401 : 1
17:28:18.542 [AsyncHttpClient-1-1] DEBUG org.asynchttpclient.netty.channel.DefaultChannelPool - Entry count for : http://localhost:60401 : 1
17:28:19.003 [AsyncHttpClient-1-4] DEBUG org.asynchttpclient.netty.handler.HttpHandler - 

Request DefaultHttpRequest(decodeResult: success, version: HTTP/1.1)
POST /session/ad4f982f9ab8b323e641ef4b1c83aa7f/url HTTP/1.1
User-Agent: selenium/4.1.2 (java windows)
Content-Length: 65
Content-Type: application/json; charset=utf-8
host: localhost:55595
accept: */*

Response DefaultHttpResponse(decodeResult: success, version: HTTP/1.1)
HTTP/1.1 200 OK
Content-Type: application/json; charset=utf-8
cache-control: no-cache
content-length: 14

17:28:19.004 [AsyncHttpClient-1-4] DEBUG org.asynchttpclient.netty.channel.ChannelManager - Adding key: http://localhost:55595 for channel [id: 0x43a77f76, L:/127.0.0.1:60400 - R:localhost/127.0.0.1:55595]
17:28:19.007 [Forwarding setTimeout on session ad4f982f9ab8b323e641ef4b1c83aa7f to remote] DEBUG org.asynchttpclient.netty.request.NettyRequestSender - Using pooled Channel '[id: 0x43a77f76, L:/127.0.0.1:60400 - R:localhost/127.0.0.1:55595]' for 'POST' to 'http://localhost:55595/session/ad4f982f9ab8b323e641ef4b1c83aa7f/timeouts'
17:28:19.007 [Forwarding setTimeout on session ad4f982f9ab8b323e641ef4b1c83aa7f to remote] DEBUG org.asynchttpclient.netty.request.NettyRequestSender - Using open Channel [id: 0x43a77f76, L:/127.0.0.1:60400 - R:localhost/127.0.0.1:55595] for POST '/session/ad4f982f9ab8b323e641ef4b1c83aa7f/timeouts'
17:28:19.009 [AsyncHttpClient-1-4] DEBUG org.asynchttpclient.netty.handler.HttpHandler - 

Request DefaultHttpRequest(decodeResult: success, version: HTTP/1.1)
POST /session/ad4f982f9ab8b323e641ef4b1c83aa7f/timeouts HTTP/1.1
User-Agent: selenium/4.1.2 (java windows)
Content-Length: 22
Content-Type: application/json; charset=utf-8
host: localhost:55595
accept: */*

Response DefaultHttpResponse(decodeResult: success, version: HTTP/1.1)
HTTP/1.1 200 OK
Content-Type: application/json; charset=utf-8
cache-control: no-cache
content-length: 14

17:28:19.009 [AsyncHttpClient-1-4] DEBUG org.asynchttpclient.netty.channel.ChannelManager - Adding key: http://localhost:55595 for channel [id: 0x43a77f76, L:/127.0.0.1:60400 - R:localhost/127.0.0.1:55595]
17:28:19.014 [Forwarding getCurrentUrl on session ad4f982f9ab8b323e641ef4b1c83aa7f to remote] DEBUG org.asynchttpclient.netty.request.NettyRequestSender - Using pooled Channel '[id: 0x43a77f76, L:/127.0.0.1:60400 - R:localhost/127.0.0.1:55595]' for 'GET' to 'http://localhost:55595/session/ad4f982f9ab8b323e641ef4b1c83aa7f/url'
17:28:19.014 [Forwarding getCurrentUrl on session ad4f982f9ab8b323e641ef4b1c83aa7f to remote] DEBUG org.asynchttpclient.netty.request.NettyRequestSender - Using open Channel [id: 0x43a77f76, L:/127.0.0.1:60400 - R:localhost/127.0.0.1:55595] for GET '/session/ad4f982f9ab8b323e641ef4b1c83aa7f/url'
17:28:19.131 [AsyncHttpClient-1-4] DEBUG org.asynchttpclient.netty.handler.HttpHandler - 

Request DefaultFullHttpRequest(decodeResult: success, version: HTTP/1.1, content: EmptyByteBufBE)
GET /session/ad4f982f9ab8b323e641ef4b1c83aa7f/url HTTP/1.1
User-Agent: selenium/4.1.2 (java windows)
Cache-Control: no-cache
Content-Type: application/json; charset=utf-8
host: localhost:55595
accept: */*

Response DefaultHttpResponse(decodeResult: success, version: HTTP/1.1)
HTTP/1.1 200 OK
Content-Type: application/json; charset=utf-8
cache-control: no-cache
content-length: 53

17:28:19.131 [AsyncHttpClient-1-4] DEBUG org.asynchttpclient.netty.channel.ChannelManager - Adding key: http://localhost:55595 for channel [id: 0x43a77f76, L:/127.0.0.1:60400 - R:localhost/127.0.0.1:55595]
17:28:19.134 [Forwarding getCurrentUrl on session ad4f982f9ab8b323e641ef4b1c83aa7f to remote] DEBUG org.asynchttpclient.netty.request.NettyRequestSender - Using pooled Channel '[id: 0x43a77f76, L:/127.0.0.1:60400 - R:localhost/127.0.0.1:55595]' for 'GET' to 'http://localhost:55595/session/ad4f982f9ab8b323e641ef4b1c83aa7f/url'
17:28:19.134 [Forwarding getCurrentUrl on session ad4f982f9ab8b323e641ef4b1c83aa7f to remote] DEBUG org.asynchttpclient.netty.request.NettyRequestSender - Using open Channel [id: 0x43a77f76, L:/127.0.0.1:60400 - R:localhost/127.0.0.1:55595] for GET '/session/ad4f982f9ab8b323e641ef4b1c83aa7f/url'
17:28:19.138 [AsyncHttpClient-1-4] DEBUG org.asynchttpclient.netty.handler.HttpHandler - 

Request DefaultFullHttpRequest(decodeResult: success, version: HTTP/1.1, content: EmptyByteBufBE)
GET /session/ad4f982f9ab8b323e641ef4b1c83aa7f/url HTTP/1.1
User-Agent: selenium/4.1.2 (java windows)
Cache-Control: no-cache
Content-Type: application/json; charset=utf-8
host: localhost:55595
accept: */*

Response DefaultHttpResponse(decodeResult: success, version: HTTP/1.1)
HTTP/1.1 200 OK
Content-Type: application/json; charset=utf-8
cache-control: no-cache
content-length: 53

17:28:19.138 [AsyncHttpClient-1-4] DEBUG org.asynchttpclient.netty.channel.ChannelManager - Adding key: http://localhost:55595 for channel [id: 0x43a77f76, L:/127.0.0.1:60400 - R:localhost/127.0.0.1:55595]
17:28:19.143 [Forwarding screenshot on session ad4f982f9ab8b323e641ef4b1c83aa7f to remote] DEBUG org.asynchttpclient.netty.request.NettyRequestSender - Using pooled Channel '[id: 0x43a77f76, L:/127.0.0.1:60400 - R:localhost/127.0.0.1:55595]' for 'GET' to 'http://localhost:55595/session/ad4f982f9ab8b323e641ef4b1c83aa7f/screenshot'
17:28:19.144 [Forwarding screenshot on session ad4f982f9ab8b323e641ef4b1c83aa7f to remote] DEBUG org.asynchttpclient.netty.request.NettyRequestSender - Using open Channel [id: 0x43a77f76, L:/127.0.0.1:60400 - R:localhost/127.0.0.1:55595] for GET '/session/ad4f982f9ab8b323e641ef4b1c83aa7f/screenshot'
17:28:19.642 [AsyncHttpClient-1-1] DEBUG org.asynchttpclient.netty.channel.DefaultChannelPool - Entry count for : http://localhost:60401 : 1
17:28:20.742 [AsyncHttpClient-1-1] DEBUG org.asynchttpclient.netty.channel.DefaultChannelPool - Entry count for : http://localhost:60401 : 1
17:28:21.843 [AsyncHttpClient-1-1] DEBUG org.asynchttpclient.netty.channel.DefaultChannelPool - Entry count for : http://localhost:60401 : 1
17:28:22.227 [AsyncHttpClient-1-4] DEBUG org.asynchttpclient.netty.handler.HttpHandler - 

Request DefaultFullHttpRequest(decodeResult: success, version: HTTP/1.1, content: EmptyByteBufBE)
GET /session/ad4f982f9ab8b323e641ef4b1c83aa7f/screenshot HTTP/1.1
User-Agent: selenium/4.1.2 (java windows)
Cache-Control: no-cache
Content-Type: application/json; charset=utf-8
host: localhost:55595
accept: */*

Response DefaultHttpResponse(decodeResult: success, version: HTTP/1.1)
HTTP/1.1 200 OK
Content-Type: application/json; charset=utf-8
cache-control: no-cache
content-length: 355488

17:28:22.232 [AsyncHttpClient-1-4] DEBUG org.asynchttpclient.netty.channel.ChannelManager - Adding key: http://localhost:55595 for channel [id: 0x43a77f76, L:/127.0.0.1:60400 - R:localhost/127.0.0.1:55595]
17:28:22.259 [main] DEBUG net.serenitybdd.core.photography.Darkroom - Send negative for processing for target\site\serenity\a10b50d14b154c59ce68b20a4dbf22a8de5c213cdb6f20cc7f2a508819dbff67.png
17:28:22.260 [main] DEBUG net.thucydides.core.steps.StepInterceptor - STEP DONE: openUrl
17:28:22.269 [main] DEBUG net.thucydides.core.steps.StepInterceptor - STARTING STEP: PatientSteps.iAmAtTheDashboardPage - validateOnDashboardPage
17:28:22.272 [Forwarding findElement on session ad4f982f9ab8b323e641ef4b1c83aa7f to remote] DEBUG org.asynchttpclient.netty.request.NettyRequestSender - Using pooled Channel '[id: 0x43a77f76, L:/127.0.0.1:60400 - R:localhost/127.0.0.1:55595]' for 'POST' to 'http://localhost:55595/session/ad4f982f9ab8b323e641ef4b1c83aa7f/element'
17:28:22.272 [Forwarding findElement on session ad4f982f9ab8b323e641ef4b1c83aa7f to remote] DEBUG org.asynchttpclient.netty.request.NettyRequestSender - Using open Channel [id: 0x43a77f76, L:/127.0.0.1:60400 - R:localhost/127.0.0.1:55595] for POST '/session/ad4f982f9ab8b323e641ef4b1c83aa7f/element'
17:28:22.943 [AsyncHttpClient-1-1] DEBUG org.asynchttpclient.netty.channel.DefaultChannelPool - Entry count for : http://localhost:60401 : 1
17:28:23.181 [AsyncHttpClient-1-4] DEBUG org.asynchttpclient.netty.handler.HttpHandler - 

Request DefaultHttpRequest(decodeResult: success, version: HTTP/1.1)
POST /session/ad4f982f9ab8b323e641ef4b1c83aa7f/element HTTP/1.1
User-Agent: selenium/4.1.2 (java windows)
Content-Length: 81
Content-Type: application/json; charset=utf-8
host: localhost:55595
accept: */*

Response DefaultHttpResponse(decodeResult: success, version: HTTP/1.1)
HTTP/1.1 200 OK
Content-Type: application/json; charset=utf-8
cache-control: no-cache
content-length: 88

17:28:23.181 [AsyncHttpClient-1-4] DEBUG org.asynchttpclient.netty.channel.ChannelManager - Adding key: http://localhost:55595 for channel [id: 0x43a77f76, L:/127.0.0.1:60400 - R:localhost/127.0.0.1:55595]
17:28:23.191 [Forwarding isElementDisplayed on session ad4f982f9ab8b323e641ef4b1c83aa7f to remote] DEBUG org.asynchttpclient.netty.request.NettyRequestSender - Using pooled Channel '[id: 0x43a77f76, L:/127.0.0.1:60400 - R:localhost/127.0.0.1:55595]' for 'POST' to 'http://localhost:55595/session/ad4f982f9ab8b323e641ef4b1c83aa7f/execute/sync'
17:28:23.191 [Forwarding isElementDisplayed on session ad4f982f9ab8b323e641ef4b1c83aa7f to remote] DEBUG org.asynchttpclient.netty.request.NettyRequestSender - Using open Channel [id: 0x43a77f76, L:/127.0.0.1:60400 - R:localhost/127.0.0.1:55595] for POST '/session/ad4f982f9ab8b323e641ef4b1c83aa7f/execute/sync'
17:28:23.754 [AsyncHttpClient-1-4] DEBUG org.asynchttpclient.netty.handler.HttpHandler - 

Request DefaultHttpRequest(decodeResult: success, version: HTTP/1.1)
POST /session/ad4f982f9ab8b323e641ef4b1c83aa7f/execute/sync HTTP/1.1
User-Agent: selenium/4.1.2 (java windows)
Content-Length: 48780
Content-Type: application/json; charset=utf-8
host: localhost:55595
accept: */*

Response DefaultHttpResponse(decodeResult: success, version: HTTP/1.1)
HTTP/1.1 200 OK
Content-Type: application/json; charset=utf-8
cache-control: no-cache
content-length: 14

17:28:23.755 [AsyncHttpClient-1-4] DEBUG org.asynchttpclient.netty.channel.ChannelManager - Adding key: http://localhost:55595 for channel [id: 0x43a77f76, L:/127.0.0.1:60400 - R:localhost/127.0.0.1:55595]
17:28:23.770 [Forwarding screenshot on session ad4f982f9ab8b323e641ef4b1c83aa7f to remote] DEBUG org.asynchttpclient.netty.request.NettyRequestSender - Using pooled Channel '[id: 0x43a77f76, L:/127.0.0.1:60400 - R:localhost/127.0.0.1:55595]' for 'GET' to 'http://localhost:55595/session/ad4f982f9ab8b323e641ef4b1c83aa7f/screenshot'
17:28:23.770 [Forwarding screenshot on session ad4f982f9ab8b323e641ef4b1c83aa7f to remote] DEBUG org.asynchttpclient.netty.request.NettyRequestSender - Using open Channel [id: 0x43a77f76, L:/127.0.0.1:60400 - R:localhost/127.0.0.1:55595] for GET '/session/ad4f982f9ab8b323e641ef4b1c83aa7f/screenshot'
17:28:24.042 [AsyncHttpClient-1-1] DEBUG org.asynchttpclient.netty.channel.DefaultChannelPool - Entry count for : http://localhost:60401 : 1
17:28:24.273 [AsyncHttpClient-1-4] DEBUG org.asynchttpclient.netty.handler.HttpHandler - 

Request DefaultFullHttpRequest(decodeResult: success, version: HTTP/1.1, content: EmptyByteBufBE)
GET /session/ad4f982f9ab8b323e641ef4b1c83aa7f/screenshot HTTP/1.1
User-Agent: selenium/4.1.2 (java windows)
Cache-Control: no-cache
Content-Type: application/json; charset=utf-8
host: localhost:55595
accept: */*

Response DefaultHttpResponse(decodeResult: success, version: HTTP/1.1)
HTTP/1.1 200 OK
Content-Type: application/json; charset=utf-8
cache-control: no-cache
content-length: 351816

17:28:24.276 [AsyncHttpClient-1-4] DEBUG org.asynchttpclient.netty.channel.ChannelManager - Adding key: http://localhost:55595 for channel [id: 0x43a77f76, L:/127.0.0.1:60400 - R:localhost/127.0.0.1:55595]
17:28:24.300 [main] DEBUG net.serenitybdd.core.photography.Darkroom - Send negative for processing for target\site\serenity\20277f1d76f1b925628464fcd1ece5de77a814679d1be3fdcf836a7ddadfed60.png
17:28:24.301 [main] DEBUG net.thucydides.core.steps.StepInterceptor - STEP DONE: validateOnDashboardPage
  &amp#27;[32mGiven &amp#27;[0m&amp#27;[32mI am at the dashboard page&amp#27;[0m                               &amp#27;[90m# starter.stepdefinitions.PatientSteps.iAmAtTheDashboardPage()&amp#27;[0m
17:28:24.326 [main] DEBUG net.thucydides.core.steps.StepInterceptor - STARTING STEP: PatientSteps.iClickMenuPatient - clickMenuPatientButton
17:28:24.329 [Forwarding findElement on session ad4f982f9ab8b323e641ef4b1c83aa7f to remote] DEBUG org.asynchttpclient.netty.request.NettyRequestSender - Using pooled Channel '[id: 0x43a77f76, L:/127.0.0.1:60400 - R:localhost/127.0.0.1:55595]' for 'POST' to 'http://localhost:55595/session/ad4f982f9ab8b323e641ef4b1c83aa7f/element'
17:28:24.329 [Forwarding findElement on session ad4f982f9ab8b323e641ef4b1c83aa7f to remote] DEBUG org.asynchttpclient.netty.request.NettyRequestSender - Using open Channel [id: 0x43a77f76, L:/127.0.0.1:60400 - R:localhost/127.0.0.1:55595] for POST '/session/ad4f982f9ab8b323e641ef4b1c83aa7f/element'
17:28:24.344 [AsyncHttpClient-1-4] DEBUG org.asynchttpclient.netty.handler.HttpHandler - 

Request DefaultHttpRequest(decodeResult: success, version: HTTP/1.1)
POST /session/ad4f982f9ab8b323e641ef4b1c83aa7f/element HTTP/1.1
User-Agent: selenium/4.1.2 (java windows)
Content-Length: 80
Content-Type: application/json; charset=utf-8
host: localhost:55595
accept: */*

Response DefaultHttpResponse(decodeResult: success, version: HTTP/1.1)
HTTP/1.1 200 OK
Content-Type: application/json; charset=utf-8
cache-control: no-cache
content-length: 88

17:28:24.344 [AsyncHttpClient-1-4] DEBUG org.asynchttpclient.netty.channel.ChannelManager - Adding key: http://localhost:55595 for channel [id: 0x43a77f76, L:/127.0.0.1:60400 - R:localhost/127.0.0.1:55595]
17:28:24.346 [Forwarding getElementTagName on session ad4f982f9ab8b323e641ef4b1c83aa7f to remote] DEBUG org.asynchttpclient.netty.request.NettyRequestSender - Using pooled Channel '[id: 0x43a77f76, L:/127.0.0.1:60400 - R:localhost/127.0.0.1:55595]' for 'GET' to 'http://localhost:55595/session/ad4f982f9ab8b323e641ef4b1c83aa7f/element/a61906d8-56ab-403e-be04-23d133a83bc9/name'
17:28:24.346 [Forwarding getElementTagName on session ad4f982f9ab8b323e641ef4b1c83aa7f to remote] DEBUG org.asynchttpclient.netty.request.NettyRequestSender - Using open Channel [id: 0x43a77f76, L:/127.0.0.1:60400 - R:localhost/127.0.0.1:55595] for GET '/session/ad4f982f9ab8b323e641ef4b1c83aa7f/element/a61906d8-56ab-403e-be04-23d133a83bc9/name'
17:28:24.351 [AsyncHttpClient-1-4] DEBUG org.asynchttpclient.netty.handler.HttpHandler - 

Request DefaultFullHttpRequest(decodeResult: success, version: HTTP/1.1, content: EmptyByteBufBE)
GET /session/ad4f982f9ab8b323e641ef4b1c83aa7f/element/a61906d8-56ab-403e-be04-23d133a83bc9/name HTTP/1.1
User-Agent: selenium/4.1.2 (java windows)
Cache-Control: no-cache
Content-Type: application/json; charset=utf-8
host: localhost:55595
accept: */*

Response DefaultHttpResponse(decodeResult: success, version: HTTP/1.1)
HTTP/1.1 200 OK
Content-Type: application/json; charset=utf-8
cache-control: no-cache
content-length: 15

17:28:24.351 [AsyncHttpClient-1-4] DEBUG org.asynchttpclient.netty.channel.ChannelManager - Adding key: http://localhost:55595 for channel [id: 0x43a77f76, L:/127.0.0.1:60400 - R:localhost/127.0.0.1:55595]
17:28:24.353 [Forwarding getElementTagName on session ad4f982f9ab8b323e641ef4b1c83aa7f to remote] DEBUG org.asynchttpclient.netty.request.NettyRequestSender - Using pooled Channel '[id: 0x43a77f76, L:/127.0.0.1:60400 - R:localhost/127.0.0.1:55595]' for 'GET' to 'http://localhost:55595/session/ad4f982f9ab8b323e641ef4b1c83aa7f/element/a61906d8-56ab-403e-be04-23d133a83bc9/name'
17:28:24.353 [Forwarding getElementTagName on session ad4f982f9ab8b323e641ef4b1c83aa7f to remote] DEBUG org.asynchttpclient.netty.request.NettyRequestSender - Using open Channel [id: 0x43a77f76, L:/127.0.0.1:60400 - R:localhost/127.0.0.1:55595] for GET '/session/ad4f982f9ab8b323e641ef4b1c83aa7f/element/a61906d8-56ab-403e-be04-23d133a83bc9/name'
17:28:24.357 [AsyncHttpClient-1-4] DEBUG org.asynchttpclient.netty.handler.HttpHandler - 

Request DefaultFullHttpRequest(decodeResult: success, version: HTTP/1.1, content: EmptyByteBufBE)
GET /session/ad4f982f9ab8b323e641ef4b1c83aa7f/element/a61906d8-56ab-403e-be04-23d133a83bc9/name HTTP/1.1
User-Agent: selenium/4.1.2 (java windows)
Cache-Control: no-cache
Content-Type: application/json; charset=utf-8
host: localhost:55595
accept: */*

Response DefaultHttpResponse(decodeResult: success, version: HTTP/1.1)
HTTP/1.1 200 OK
Content-Type: application/json; charset=utf-8
cache-control: no-cache
content-length: 15

17:28:24.357 [AsyncHttpClient-1-4] DEBUG org.asynchttpclient.netty.channel.ChannelManager - Adding key: http://localhost:55595 for channel [id: 0x43a77f76, L:/127.0.0.1:60400 - R:localhost/127.0.0.1:55595]
17:28:24.359 [Forwarding findElement on session ad4f982f9ab8b323e641ef4b1c83aa7f to remote] DEBUG org.asynchttpclient.netty.request.NettyRequestSender - Using pooled Channel '[id: 0x43a77f76, L:/127.0.0.1:60400 - R:localhost/127.0.0.1:55595]' for 'POST' to 'http://localhost:55595/session/ad4f982f9ab8b323e641ef4b1c83aa7f/element'
17:28:24.359 [Forwarding findElement on session ad4f982f9ab8b323e641ef4b1c83aa7f to remote] DEBUG org.asynchttpclient.netty.request.NettyRequestSender - Using open Channel [id: 0x43a77f76, L:/127.0.0.1:60400 - R:localhost/127.0.0.1:55595] for POST '/session/ad4f982f9ab8b323e641ef4b1c83aa7f/element'
17:28:24.408 [AsyncHttpClient-1-4] DEBUG org.asynchttpclient.netty.handler.HttpHandler - 

Request DefaultHttpRequest(decodeResult: success, version: HTTP/1.1)
POST /session/ad4f982f9ab8b323e641ef4b1c83aa7f/element HTTP/1.1
User-Agent: selenium/4.1.2 (java windows)
Content-Length: 80
Content-Type: application/json; charset=utf-8
host: localhost:55595
accept: */*

Response DefaultHttpResponse(decodeResult: success, version: HTTP/1.1)
HTTP/1.1 200 OK
Content-Type: application/json; charset=utf-8
cache-control: no-cache
content-length: 88

17:28:24.408 [AsyncHttpClient-1-4] DEBUG org.asynchttpclient.netty.channel.ChannelManager - Adding key: http://localhost:55595 for channel [id: 0x43a77f76, L:/127.0.0.1:60400 - R:localhost/127.0.0.1:55595]
17:28:24.410 [Forwarding clickElement on session ad4f982f9ab8b323e641ef4b1c83aa7f to remote] DEBUG org.asynchttpclient.netty.request.NettyRequestSender - Using pooled Channel '[id: 0x43a77f76, L:/127.0.0.1:60400 - R:localhost/127.0.0.1:55595]' for 'POST' to 'http://localhost:55595/session/ad4f982f9ab8b323e641ef4b1c83aa7f/element/a61906d8-56ab-403e-be04-23d133a83bc9/click'
17:28:24.410 [Forwarding clickElement on session ad4f982f9ab8b323e641ef4b1c83aa7f to remote] DEBUG org.asynchttpclient.netty.request.NettyRequestSender - Using open Channel [id: 0x43a77f76, L:/127.0.0.1:60400 - R:localhost/127.0.0.1:55595] for POST '/session/ad4f982f9ab8b323e641ef4b1c83aa7f/element/a61906d8-56ab-403e-be04-23d133a83bc9/click'
17:28:25.143 [AsyncHttpClient-1-1] DEBUG org.asynchttpclient.netty.channel.DefaultChannelPool - Entry count for : http://localhost:60401 : 1
17:28:26.243 [AsyncHttpClient-1-1] DEBUG org.asynchttpclient.netty.channel.DefaultChannelPool - Entry count for : http://localhost:60401 : 1
17:28:27.295 [AsyncHttpClient-1-4] DEBUG org.asynchttpclient.netty.handler.HttpHandler - 

Request DefaultHttpRequest(decodeResult: success, version: HTTP/1.1)
POST /session/ad4f982f9ab8b323e641ef4b1c83aa7f/element/a61906d8-56ab-403e-be04-23d133a83bc9/click HTTP/1.1
User-Agent: selenium/4.1.2 (java windows)
Content-Length: 50
Content-Type: application/json; charset=utf-8
host: localhost:55595
accept: */*

Response DefaultHttpResponse(decodeResult: success, version: HTTP/1.1)
HTTP/1.1 200 OK
Content-Type: application/json; charset=utf-8
cache-control: no-cache
content-length: 14

17:28:27.295 [AsyncHttpClient-1-4] DEBUG org.asynchttpclient.netty.channel.ChannelManager - Adding key: http://localhost:55595 for channel [id: 0x43a77f76, L:/127.0.0.1:60400 - R:localhost/127.0.0.1:55595]
17:28:27.306 [Forwarding screenshot on session ad4f982f9ab8b323e641ef4b1c83aa7f to remote] DEBUG org.asynchttpclient.netty.request.NettyRequestSender - Using pooled Channel '[id: 0x43a77f76, L:/127.0.0.1:60400 - R:localhost/127.0.0.1:55595]' for 'GET' to 'http://localhost:55595/session/ad4f982f9ab8b323e641ef4b1c83aa7f/screenshot'
17:28:27.306 [Forwarding screenshot on session ad4f982f9ab8b323e641ef4b1c83aa7f to remote] DEBUG org.asynchttpclient.netty.request.NettyRequestSender - Using open Channel [id: 0x43a77f76, L:/127.0.0.1:60400 - R:localhost/127.0.0.1:55595] for GET '/session/ad4f982f9ab8b323e641ef4b1c83aa7f/screenshot'
17:28:27.342 [AsyncHttpClient-1-1] DEBUG org.asynchttpclient.netty.channel.DefaultChannelPool - Entry count for : http://localhost:60401 : 1
17:28:27.586 [AsyncHttpClient-1-4] DEBUG org.asynchttpclient.netty.handler.HttpHandler - 

Request DefaultFullHttpRequest(decodeResult: success, version: HTTP/1.1, content: EmptyByteBufBE)
GET /session/ad4f982f9ab8b323e641ef4b1c83aa7f/screenshot HTTP/1.1
User-Agent: selenium/4.1.2 (java windows)
Cache-Control: no-cache
Content-Type: application/json; charset=utf-8
host: localhost:55595
accept: */*

Response DefaultHttpResponse(decodeResult: success, version: HTTP/1.1)
HTTP/1.1 200 OK
Content-Type: application/json; charset=utf-8
cache-control: no-cache
content-length: 55400

17:28:27.587 [AsyncHttpClient-1-4] DEBUG org.asynchttpclient.netty.channel.ChannelManager - Adding key: http://localhost:55595 for channel [id: 0x43a77f76, L:/127.0.0.1:60400 - R:localhost/127.0.0.1:55595]
17:28:27.590 [main] DEBUG net.serenitybdd.core.photography.Darkroom - Send negative for processing for target\site\serenity\91b300aefe939afd6bb731040f1bbeadeb7a0bf2b833bc96661c14353da54e82.png
17:28:27.590 [main] DEBUG net.thucydides.core.steps.StepInterceptor - STEP DONE: clickMenuPatientButton
  &amp#27;[32mAnd &amp#27;[0m&amp#27;[32mI click menu patient&amp#27;[0m                                       &amp#27;[90m# starter.stepdefinitions.PatientSteps.iClickMenuPatient()&amp#27;[0m
17:28:27.591 [Darkroom Processing Line] DEBUG net.serenitybdd.core.photography.DarkroomProcessingLine - Processing screenshot image in /var/screenshots/screenshot-5972467852190813236
17:28:27.591 [Darkroom Processing Line] DEBUG net.serenitybdd.core.photography.DarkroomProcessingLine - Saving screenshot to target\site\serenity\91b300aefe939afd6bb731040f1bbeadeb7a0bf2b833bc96661c14353da54e82.png
17:28:27.612 [Forwarding findElement on session ad4f982f9ab8b323e641ef4b1c83aa7f to remote] DEBUG org.asynchttpclient.netty.request.NettyRequestSender - Using pooled Channel '[id: 0x43a77f76, L:/127.0.0.1:60400 - R:localhost/127.0.0.1:55595]' for 'POST' to 'http://localhost:55595/session/ad4f982f9ab8b323e641ef4b1c83aa7f/element'
17:28:27.612 [Forwarding findElement on session ad4f982f9ab8b323e641ef4b1c83aa7f to remote] DEBUG org.asynchttpclient.netty.request.NettyRequestSender - Using open Channel [id: 0x43a77f76, L:/127.0.0.1:60400 - R:localhost/127.0.0.1:55595] for POST '/session/ad4f982f9ab8b323e641ef4b1c83aa7f/element'
17:28:27.628 [AsyncHttpClient-1-4] DEBUG org.asynchttpclient.netty.handler.HttpHandler - 

Request DefaultHttpRequest(decodeResult: success, version: HTTP/1.1)
POST /session/ad4f982f9ab8b323e641ef4b1c83aa7f/element HTTP/1.1
User-Agent: selenium/4.1.2 (java windows)
Content-Length: 160
Content-Type: application/json; charset=utf-8
host: localhost:55595
accept: */*

Response DefaultHttpResponse(decodeResult: success, version: HTTP/1.1)
HTTP/1.1 200 OK
Content-Type: application/json; charset=utf-8
cache-control: no-cache
content-length: 88

17:28:27.628 [AsyncHttpClient-1-4] DEBUG org.asynchttpclient.netty.channel.ChannelManager - Adding key: http://localhost:55595 for channel [id: 0x43a77f76, L:/127.0.0.1:60400 - R:localhost/127.0.0.1:55595]
17:28:27.629 [Forwarding clearElement on session ad4f982f9ab8b323e641ef4b1c83aa7f to remote] DEBUG org.asynchttpclient.netty.request.NettyRequestSender - Using pooled Channel '[id: 0x43a77f76, L:/127.0.0.1:60400 - R:localhost/127.0.0.1:55595]' for 'POST' to 'http://localhost:55595/session/ad4f982f9ab8b323e641ef4b1c83aa7f/element/1d432a21-dd8b-4112-a829-9c7f23d6e046/clear'
17:28:27.629 [Forwarding clearElement on session ad4f982f9ab8b323e641ef4b1c83aa7f to remote] DEBUG org.asynchttpclient.netty.request.NettyRequestSender - Using open Channel [id: 0x43a77f76, L:/127.0.0.1:60400 - R:localhost/127.0.0.1:55595] for POST '/session/ad4f982f9ab8b323e641ef4b1c83aa7f/element/1d432a21-dd8b-4112-a829-9c7f23d6e046/clear'
17:28:27.722 [AsyncHttpClient-1-4] DEBUG org.asynchttpclient.netty.handler.HttpHandler - 

Request DefaultHttpRequest(decodeResult: success, version: HTTP/1.1)
POST /session/ad4f982f9ab8b323e641ef4b1c83aa7f/element/1d432a21-dd8b-4112-a829-9c7f23d6e046/clear HTTP/1.1
User-Agent: selenium/4.1.2 (java windows)
Content-Length: 50
Content-Type: application/json; charset=utf-8
host: localhost:55595
accept: */*

Response DefaultHttpResponse(decodeResult: success, version: HTTP/1.1)
HTTP/1.1 200 OK
Content-Type: application/json; charset=utf-8
cache-control: no-cache
content-length: 14

17:28:27.723 [AsyncHttpClient-1-4] DEBUG org.asynchttpclient.netty.channel.ChannelManager - Adding key: http://localhost:55595 for channel [id: 0x43a77f76, L:/127.0.0.1:60400 - R:localhost/127.0.0.1:55595]
17:28:27.724 [Forwarding sendKeysToElement on session ad4f982f9ab8b323e641ef4b1c83aa7f to remote] DEBUG org.asynchttpclient.netty.request.NettyRequestSender - Using pooled Channel '[id: 0x43a77f76, L:/127.0.0.1:60400 - R:localhost/127.0.0.1:55595]' for 'POST' to 'http://localhost:55595/session/ad4f982f9ab8b323e641ef4b1c83aa7f/element/1d432a21-dd8b-4112-a829-9c7f23d6e046/value'
17:28:27.724 [Forwarding sendKeysToElement on session ad4f982f9ab8b323e641ef4b1c83aa7f to remote] DEBUG org.asynchttpclient.netty.request.NettyRequestSender - Using open Channel [id: 0x43a77f76, L:/127.0.0.1:60400 - R:localhost/127.0.0.1:55595] for POST '/session/ad4f982f9ab8b323e641ef4b1c83aa7f/element/1d432a21-dd8b-4112-a829-9c7f23d6e046/value'
17:28:28.443 [AsyncHttpClient-1-1] DEBUG org.asynchttpclient.netty.channel.DefaultChannelPool - Entry count for : http://localhost:60401 : 1
17:28:28.940 [AsyncHttpClient-1-4] DEBUG org.asynchttpclient.netty.handler.HttpHandler - 

Request DefaultHttpRequest(decodeResult: success, version: HTTP/1.1)
POST /session/ad4f982f9ab8b323e641ef4b1c83aa7f/element/1d432a21-dd8b-4112-a829-9c7f23d6e046/value HTTP/1.1
User-Agent: selenium/4.1.2 (java windows)
Content-Length: 181
Content-Type: application/json; charset=utf-8
host: localhost:55595
accept: */*

Response DefaultHttpResponse(decodeResult: success, version: HTTP/1.1)
HTTP/1.1 200 OK
Content-Type: application/json; charset=utf-8
cache-control: no-cache
content-length: 14

17:28:28.940 [AsyncHttpClient-1-4] DEBUG org.asynchttpclient.netty.channel.ChannelManager - Adding key: http://localhost:55595 for channel [id: 0x43a77f76, L:/127.0.0.1:60400 - R:localhost/127.0.0.1:55595]
17:28:28.965 [Forwarding screenshot on session ad4f982f9ab8b323e641ef4b1c83aa7f to remote] DEBUG org.asynchttpclient.netty.request.NettyRequestSender - Using pooled Channel '[id: 0x43a77f76, L:/127.0.0.1:60400 - R:localhost/127.0.0.1:55595]' for 'GET' to 'http://localhost:55595/session/ad4f982f9ab8b323e641ef4b1c83aa7f/screenshot'
17:28:28.965 [Forwarding screenshot on session ad4f982f9ab8b323e641ef4b1c83aa7f to remote] DEBUG org.asynchttpclient.netty.request.NettyRequestSender - Using open Channel [id: 0x43a77f76, L:/127.0.0.1:60400 - R:localhost/127.0.0.1:55595] for GET '/session/ad4f982f9ab8b323e641ef4b1c83aa7f/screenshot'
17:28:29.118 [AsyncHttpClient-1-4] DEBUG org.asynchttpclient.netty.handler.HttpHandler - 

Request DefaultFullHttpRequest(decodeResult: success, version: HTTP/1.1, content: EmptyByteBufBE)
GET /session/ad4f982f9ab8b323e641ef4b1c83aa7f/screenshot HTTP/1.1
User-Agent: selenium/4.1.2 (java windows)
Cache-Control: no-cache
Content-Type: application/json; charset=utf-8
host: localhost:55595
accept: */*

Response DefaultHttpResponse(decodeResult: success, version: HTTP/1.1)
HTTP/1.1 200 OK
Content-Type: application/json; charset=utf-8
cache-control: no-cache
content-length: 55024

17:28:29.118 [AsyncHttpClient-1-4] DEBUG org.asynchttpclient.netty.channel.ChannelManager - Adding key: http://localhost:55595 for channel [id: 0x43a77f76, L:/127.0.0.1:60400 - R:localhost/127.0.0.1:55595]
17:28:29.122 [main] DEBUG net.serenitybdd.core.photography.Darkroom - Send negative for processing for target\site\serenity\703b43c01c41169122c4c86e346f09541ed5383fc997b950d65aac63e16ddedd.png
17:28:29.123 [main] DEBUG net.thucydides.core.steps.StepInterceptor - STARTING STEP: PatientSteps.iInputPatientDateOfBirthAndClickSearch - clickSearchButton
17:28:29.123 [Darkroom Processing Line] DEBUG net.serenitybdd.core.photography.DarkroomProcessingLine - Processing screenshot image in /var/screenshots/screenshot-10076269857525221213
17:28:29.123 [Darkroom Processing Line] DEBUG net.serenitybdd.core.photography.DarkroomProcessingLine - Saving screenshot to target\site\serenity\703b43c01c41169122c4c86e346f09541ed5383fc997b950d65aac63e16ddedd.png
17:28:29.127 [Forwarding findElement on session ad4f982f9ab8b323e641ef4b1c83aa7f to remote] DEBUG org.asynchttpclient.netty.request.NettyRequestSender - Using pooled Channel '[id: 0x43a77f76, L:/127.0.0.1:60400 - R:localhost/127.0.0.1:55595]' for 'POST' to 'http://localhost:55595/session/ad4f982f9ab8b323e641ef4b1c83aa7f/element'
17:28:29.127 [Forwarding findElement on session ad4f982f9ab8b323e641ef4b1c83aa7f to remote] DEBUG org.asynchttpclient.netty.request.NettyRequestSender - Using open Channel [id: 0x43a77f76, L:/127.0.0.1:60400 - R:localhost/127.0.0.1:55595] for POST '/session/ad4f982f9ab8b323e641ef4b1c83aa7f/element'
17:28:29.146 [AsyncHttpClient-1-4] DEBUG org.asynchttpclient.netty.handler.HttpHandler - 

Request DefaultHttpRequest(decodeResult: success, version: HTTP/1.1)
POST /session/ad4f982f9ab8b323e641ef4b1c83aa7f/element HTTP/1.1
User-Agent: selenium/4.1.2 (java windows)
Content-Length: 161
Content-Type: application/json; charset=utf-8
host: localhost:55595
accept: */*

Response DefaultHttpResponse(decodeResult: success, version: HTTP/1.1)
HTTP/1.1 200 OK
Content-Type: application/json; charset=utf-8
cache-control: no-cache
content-length: 88

17:28:29.146 [AsyncHttpClient-1-4] DEBUG org.asynchttpclient.netty.channel.ChannelManager - Adding key: http://localhost:55595 for channel [id: 0x43a77f76, L:/127.0.0.1:60400 - R:localhost/127.0.0.1:55595]
17:28:29.147 [Forwarding getElementTagName on session ad4f982f9ab8b323e641ef4b1c83aa7f to remote] DEBUG org.asynchttpclient.netty.request.NettyRequestSender - Using pooled Channel '[id: 0x43a77f76, L:/127.0.0.1:60400 - R:localhost/127.0.0.1:55595]' for 'GET' to 'http://localhost:55595/session/ad4f982f9ab8b323e641ef4b1c83aa7f/element/69df30e1-0234-4771-946e-ba50ef84377a/name'
17:28:29.147 [Forwarding getElementTagName on session ad4f982f9ab8b323e641ef4b1c83aa7f to remote] DEBUG org.asynchttpclient.netty.request.NettyRequestSender - Using open Channel [id: 0x43a77f76, L:/127.0.0.1:60400 - R:localhost/127.0.0.1:55595] for GET '/session/ad4f982f9ab8b323e641ef4b1c83aa7f/element/69df30e1-0234-4771-946e-ba50ef84377a/name'
17:28:29.153 [AsyncHttpClient-1-4] DEBUG org.asynchttpclient.netty.handler.HttpHandler - 

Request DefaultFullHttpRequest(decodeResult: success, version: HTTP/1.1, content: EmptyByteBufBE)
GET /session/ad4f982f9ab8b323e641ef4b1c83aa7f/element/69df30e1-0234-4771-946e-ba50ef84377a/name HTTP/1.1
User-Agent: selenium/4.1.2 (java windows)
Cache-Control: no-cache
Content-Type: application/json; charset=utf-8
host: localhost:55595
accept: */*

Response DefaultHttpResponse(decodeResult: success, version: HTTP/1.1)
HTTP/1.1 200 OK
Content-Type: application/json; charset=utf-8
cache-control: no-cache
content-length: 18

17:28:29.153 [AsyncHttpClient-1-4] DEBUG org.asynchttpclient.netty.channel.ChannelManager - Adding key: http://localhost:55595 for channel [id: 0x43a77f76, L:/127.0.0.1:60400 - R:localhost/127.0.0.1:55595]
17:28:29.154 [Forwarding getElementTagName on session ad4f982f9ab8b323e641ef4b1c83aa7f to remote] DEBUG org.asynchttpclient.netty.request.NettyRequestSender - Using pooled Channel '[id: 0x43a77f76, L:/127.0.0.1:60400 - R:localhost/127.0.0.1:55595]' for 'GET' to 'http://localhost:55595/session/ad4f982f9ab8b323e641ef4b1c83aa7f/element/69df30e1-0234-4771-946e-ba50ef84377a/name'
17:28:29.154 [Forwarding getElementTagName on session ad4f982f9ab8b323e641ef4b1c83aa7f to remote] DEBUG org.asynchttpclient.netty.request.NettyRequestSender - Using open Channel [id: 0x43a77f76, L:/127.0.0.1:60400 - R:localhost/127.0.0.1:55595] for GET '/session/ad4f982f9ab8b323e641ef4b1c83aa7f/element/69df30e1-0234-4771-946e-ba50ef84377a/name'
17:28:29.158 [AsyncHttpClient-1-4] DEBUG org.asynchttpclient.netty.handler.HttpHandler - 

Request DefaultFullHttpRequest(decodeResult: success, version: HTTP/1.1, content: EmptyByteBufBE)
GET /session/ad4f982f9ab8b323e641ef4b1c83aa7f/element/69df30e1-0234-4771-946e-ba50ef84377a/name HTTP/1.1
User-Agent: selenium/4.1.2 (java windows)
Cache-Control: no-cache
Content-Type: application/json; charset=utf-8
host: localhost:55595
accept: */*

Response DefaultHttpResponse(decodeResult: success, version: HTTP/1.1)
HTTP/1.1 200 OK
Content-Type: application/json; charset=utf-8
cache-control: no-cache
content-length: 18

17:28:29.158 [AsyncHttpClient-1-4] DEBUG org.asynchttpclient.netty.channel.ChannelManager - Adding key: http://localhost:55595 for channel [id: 0x43a77f76, L:/127.0.0.1:60400 - R:localhost/127.0.0.1:55595]
17:28:29.160 [Forwarding isElementEnabled on session ad4f982f9ab8b323e641ef4b1c83aa7f to remote] DEBUG org.asynchttpclient.netty.request.NettyRequestSender - Using pooled Channel '[id: 0x43a77f76, L:/127.0.0.1:60400 - R:localhost/127.0.0.1:55595]' for 'GET' to 'http://localhost:55595/session/ad4f982f9ab8b323e641ef4b1c83aa7f/element/69df30e1-0234-4771-946e-ba50ef84377a/enabled'
17:28:29.160 [Forwarding isElementEnabled on session ad4f982f9ab8b323e641ef4b1c83aa7f to remote] DEBUG org.asynchttpclient.netty.request.NettyRequestSender - Using open Channel [id: 0x43a77f76, L:/127.0.0.1:60400 - R:localhost/127.0.0.1:55595] for GET '/session/ad4f982f9ab8b323e641ef4b1c83aa7f/element/69df30e1-0234-4771-946e-ba50ef84377a/enabled'
17:28:29.171 [AsyncHttpClient-1-4] DEBUG org.asynchttpclient.netty.handler.HttpHandler - 

Request DefaultFullHttpRequest(decodeResult: success, version: HTTP/1.1, content: EmptyByteBufBE)
GET /session/ad4f982f9ab8b323e641ef4b1c83aa7f/element/69df30e1-0234-4771-946e-ba50ef84377a/enabled HTTP/1.1
User-Agent: selenium/4.1.2 (java windows)
Cache-Control: no-cache
Content-Type: application/json; charset=utf-8
host: localhost:55595
accept: */*

Response DefaultHttpResponse(decodeResult: success, version: HTTP/1.1)
HTTP/1.1 200 OK
Content-Type: application/json; charset=utf-8
cache-control: no-cache
content-length: 14

17:28:29.171 [AsyncHttpClient-1-4] DEBUG org.asynchttpclient.netty.channel.ChannelManager - Adding key: http://localhost:55595 for channel [id: 0x43a77f76, L:/127.0.0.1:60400 - R:localhost/127.0.0.1:55595]
17:28:29.173 [Forwarding isElementEnabled on session ad4f982f9ab8b323e641ef4b1c83aa7f to remote] DEBUG org.asynchttpclient.netty.request.NettyRequestSender - Using pooled Channel '[id: 0x43a77f76, L:/127.0.0.1:60400 - R:localhost/127.0.0.1:55595]' for 'GET' to 'http://localhost:55595/session/ad4f982f9ab8b323e641ef4b1c83aa7f/element/69df30e1-0234-4771-946e-ba50ef84377a/enabled'
17:28:29.173 [Forwarding isElementEnabled on session ad4f982f9ab8b323e641ef4b1c83aa7f to remote] DEBUG org.asynchttpclient.netty.request.NettyRequestSender - Using open Channel [id: 0x43a77f76, L:/127.0.0.1:60400 - R:localhost/127.0.0.1:55595] for GET '/session/ad4f982f9ab8b323e641ef4b1c83aa7f/element/69df30e1-0234-4771-946e-ba50ef84377a/enabled'
17:28:29.446 [AsyncHttpClient-1-4] DEBUG org.asynchttpclient.netty.handler.HttpHandler - 

Request DefaultFullHttpRequest(decodeResult: success, version: HTTP/1.1, content: EmptyByteBufBE)
GET /session/ad4f982f9ab8b323e641ef4b1c83aa7f/element/69df30e1-0234-4771-946e-ba50ef84377a/enabled HTTP/1.1
User-Agent: selenium/4.1.2 (java windows)
Cache-Control: no-cache
Content-Type: application/json; charset=utf-8
host: localhost:55595
accept: */*

Response DefaultHttpResponse(decodeResult: success, version: HTTP/1.1)
HTTP/1.1 200 OK
Content-Type: application/json; charset=utf-8
cache-control: no-cache
content-length: 14

17:28:29.446 [AsyncHttpClient-1-4] DEBUG org.asynchttpclient.netty.channel.ChannelManager - Adding key: http://localhost:55595 for channel [id: 0x43a77f76, L:/127.0.0.1:60400 - R:localhost/127.0.0.1:55595]
17:28:29.448 [Forwarding findElement on session ad4f982f9ab8b323e641ef4b1c83aa7f to remote] DEBUG org.asynchttpclient.netty.request.NettyRequestSender - Using pooled Channel '[id: 0x43a77f76, L:/127.0.0.1:60400 - R:localhost/127.0.0.1:55595]' for 'POST' to 'http://localhost:55595/session/ad4f982f9ab8b323e641ef4b1c83aa7f/element'
17:28:29.448 [Forwarding findElement on session ad4f982f9ab8b323e641ef4b1c83aa7f to remote] DEBUG org.asynchttpclient.netty.request.NettyRequestSender - Using open Channel [id: 0x43a77f76, L:/127.0.0.1:60400 - R:localhost/127.0.0.1:55595] for POST '/session/ad4f982f9ab8b323e641ef4b1c83aa7f/element'
17:28:29.460 [AsyncHttpClient-1-4] DEBUG org.asynchttpclient.netty.handler.HttpHandler - 

Request DefaultHttpRequest(decodeResult: success, version: HTTP/1.1)
POST /session/ad4f982f9ab8b323e641ef4b1c83aa7f/element HTTP/1.1
User-Agent: selenium/4.1.2 (java windows)
Content-Length: 161
Content-Type: application/json; charset=utf-8
host: localhost:55595
accept: */*

Response DefaultHttpResponse(decodeResult: success, version: HTTP/1.1)
HTTP/1.1 200 OK
Content-Type: application/json; charset=utf-8
cache-control: no-cache
content-length: 88

17:28:29.460 [AsyncHttpClient-1-4] DEBUG org.asynchttpclient.netty.channel.ChannelManager - Adding key: http://localhost:55595 for channel [id: 0x43a77f76, L:/127.0.0.1:60400 - R:localhost/127.0.0.1:55595]
17:28:29.461 [Forwarding clickElement on session ad4f982f9ab8b323e641ef4b1c83aa7f to remote] DEBUG org.asynchttpclient.netty.request.NettyRequestSender - Using pooled Channel '[id: 0x43a77f76, L:/127.0.0.1:60400 - R:localhost/127.0.0.1:55595]' for 'POST' to 'http://localhost:55595/session/ad4f982f9ab8b323e641ef4b1c83aa7f/element/69df30e1-0234-4771-946e-ba50ef84377a/click'
17:28:29.461 [Forwarding clickElement on session ad4f982f9ab8b323e641ef4b1c83aa7f to remote] DEBUG org.asynchttpclient.netty.request.NettyRequestSender - Using open Channel [id: 0x43a77f76, L:/127.0.0.1:60400 - R:localhost/127.0.0.1:55595] for POST '/session/ad4f982f9ab8b323e641ef4b1c83aa7f/element/69df30e1-0234-4771-946e-ba50ef84377a/click'
17:28:29.542 [AsyncHttpClient-1-1] DEBUG org.asynchttpclient.netty.channel.DefaultChannelPool - Entry count for : http://localhost:60401 : 1
17:28:29.694 [AsyncHttpClient-1-4] DEBUG org.asynchttpclient.netty.handler.HttpHandler - 

Request DefaultHttpRequest(decodeResult: success, version: HTTP/1.1)
POST /session/ad4f982f9ab8b323e641ef4b1c83aa7f/element/69df30e1-0234-4771-946e-ba50ef84377a/click HTTP/1.1
User-Agent: selenium/4.1.2 (java windows)
Content-Length: 50
Content-Type: application/json; charset=utf-8
host: localhost:55595
accept: */*

Response DefaultHttpResponse(decodeResult: success, version: HTTP/1.1)
HTTP/1.1 200 OK
Content-Type: application/json; charset=utf-8
cache-control: no-cache
content-length: 14

17:28:29.694 [AsyncHttpClient-1-4] DEBUG org.asynchttpclient.netty.channel.ChannelManager - Adding key: http://localhost:55595 for channel [id: 0x43a77f76, L:/127.0.0.1:60400 - R:localhost/127.0.0.1:55595]
17:28:29.703 [Forwarding screenshot on session ad4f982f9ab8b323e641ef4b1c83aa7f to remote] DEBUG org.asynchttpclient.netty.request.NettyRequestSender - Using pooled Channel '[id: 0x43a77f76, L:/127.0.0.1:60400 - R:localhost/127.0.0.1:55595]' for 'GET' to 'http://localhost:55595/session/ad4f982f9ab8b323e641ef4b1c83aa7f/screenshot'
17:28:29.703 [Forwarding screenshot on session ad4f982f9ab8b323e641ef4b1c83aa7f to remote] DEBUG org.asynchttpclient.netty.request.NettyRequestSender - Using open Channel [id: 0x43a77f76, L:/127.0.0.1:60400 - R:localhost/127.0.0.1:55595] for GET '/session/ad4f982f9ab8b323e641ef4b1c83aa7f/screenshot'
17:28:29.852 [AsyncHttpClient-1-4] DEBUG org.asynchttpclient.netty.handler.HttpHandler - 

Request DefaultFullHttpRequest(decodeResult: success, version: HTTP/1.1, content: EmptyByteBufBE)
GET /session/ad4f982f9ab8b323e641ef4b1c83aa7f/screenshot HTTP/1.1
User-Agent: selenium/4.1.2 (java windows)
Cache-Control: no-cache
Content-Type: application/json; charset=utf-8
host: localhost:55595
accept: */*

Response DefaultHttpResponse(decodeResult: success, version: HTTP/1.1)
HTTP/1.1 200 OK
Content-Type: application/json; charset=utf-8
cache-control: no-cache
content-length: 88836

17:28:29.853 [AsyncHttpClient-1-4] DEBUG org.asynchttpclient.netty.channel.ChannelManager - Adding key: http://localhost:55595 for channel [id: 0x43a77f76, L:/127.0.0.1:60400 - R:localhost/127.0.0.1:55595]
17:28:29.862 [main] DEBUG net.serenitybdd.core.photography.Darkroom - Send negative for processing for target\site\serenity\1ae91da811d8486af49fe3ac8da51cb026e9768d3ba325b7e2f766676f7ffd6b.png
17:28:29.862 [main] DEBUG net.thucydides.core.steps.StepInterceptor - STEP DONE: clickSearchButton
17:28:29.863 [Darkroom Processing Line] DEBUG net.serenitybdd.core.photography.DarkroomProcessingLine - Processing screenshot image in /var/screenshots/screenshot-14897273546853452125
17:28:29.863 [Darkroom Processing Line] DEBUG net.serenitybdd.core.photography.DarkroomProcessingLine - Saving screenshot to target\site\serenity\1ae91da811d8486af49fe3ac8da51cb026e9768d3ba325b7e2f766676f7ffd6b.png
  &amp#27;[32mWhen &amp#27;[0m&amp#27;[32mI input patient date of birth and click search&amp#27;[0m            &amp#27;[90m# starter.stepdefinitions.PatientSteps.iInputPatientDateOfBirthAndClickSearch()&amp#27;[0m
17:28:29.875 [Forwarding findElement on session ad4f982f9ab8b323e641ef4b1c83aa7f to remote] DEBUG org.asynchttpclient.netty.request.NettyRequestSender - Using pooled Channel '[id: 0x43a77f76, L:/127.0.0.1:60400 - R:localhost/127.0.0.1:55595]' for 'POST' to 'http://localhost:55595/session/ad4f982f9ab8b323e641ef4b1c83aa7f/element'
17:28:29.875 [Forwarding findElement on session ad4f982f9ab8b323e641ef4b1c83aa7f to remote] DEBUG org.asynchttpclient.netty.request.NettyRequestSender - Using open Channel [id: 0x43a77f76, L:/127.0.0.1:60400 - R:localhost/127.0.0.1:55595] for POST '/session/ad4f982f9ab8b323e641ef4b1c83aa7f/element'
17:28:29.891 [AsyncHttpClient-1-4] DEBUG org.asynchttpclient.netty.handler.HttpHandler - 

Request DefaultHttpRequest(decodeResult: success, version: HTTP/1.1)
POST /session/ad4f982f9ab8b323e641ef4b1c83aa7f/element HTTP/1.1
User-Agent: selenium/4.1.2 (java windows)
Content-Length: 76
Content-Type: application/json; charset=utf-8
host: localhost:55595
accept: */*

Response DefaultHttpResponse(decodeResult: success, version: HTTP/1.1)
HTTP/1.1 200 OK
Content-Type: application/json; charset=utf-8
cache-control: no-cache
content-length: 88

17:28:29.891 [AsyncHttpClient-1-4] DEBUG org.asynchttpclient.netty.channel.ChannelManager - Adding key: http://localhost:55595 for channel [id: 0x43a77f76, L:/127.0.0.1:60400 - R:localhost/127.0.0.1:55595]
17:28:29.895 [Forwarding isElementDisplayed on session ad4f982f9ab8b323e641ef4b1c83aa7f to remote] DEBUG org.asynchttpclient.netty.request.NettyRequestSender - Using pooled Channel '[id: 0x43a77f76, L:/127.0.0.1:60400 - R:localhost/127.0.0.1:55595]' for 'POST' to 'http://localhost:55595/session/ad4f982f9ab8b323e641ef4b1c83aa7f/execute/sync'
17:28:29.895 [Forwarding isElementDisplayed on session ad4f982f9ab8b323e641ef4b1c83aa7f to remote] DEBUG org.asynchttpclient.netty.request.NettyRequestSender - Using open Channel [id: 0x43a77f76, L:/127.0.0.1:60400 - R:localhost/127.0.0.1:55595] for POST '/session/ad4f982f9ab8b323e641ef4b1c83aa7f/execute/sync'
17:28:29.913 [AsyncHttpClient-1-4] DEBUG org.asynchttpclient.netty.handler.HttpHandler - 

Request DefaultHttpRequest(decodeResult: success, version: HTTP/1.1)
POST /session/ad4f982f9ab8b323e641ef4b1c83aa7f/execute/sync HTTP/1.1
User-Agent: selenium/4.1.2 (java windows)
Content-Length: 48780
Content-Type: application/json; charset=utf-8
host: localhost:55595
accept: */*

Response DefaultHttpResponse(decodeResult: success, version: HTTP/1.1)
HTTP/1.1 200 OK
Content-Type: application/json; charset=utf-8
cache-control: no-cache
content-length: 14

17:28:29.913 [AsyncHttpClient-1-4] DEBUG org.asynchttpclient.netty.channel.ChannelManager - Adding key: http://localhost:55595 for channel [id: 0x43a77f76, L:/127.0.0.1:60400 - R:localhost/127.0.0.1:55595]
  &amp#27;[32mThen &amp#27;[0m&amp#27;[32mI validate search by patient date of birth&amp#27;[0m                &amp#27;[90m# starter.stepdefinitions.PatientSteps.iValidateSearchByPatientDateOfBirth()&amp#27;[0m
17:28:29.920 [Forwarding screenshot on session ad4f982f9ab8b323e641ef4b1c83aa7f to remote] DEBUG org.asynchttpclient.netty.request.NettyRequestSender - Using pooled Channel '[id: 0x43a77f76, L:/127.0.0.1:60400 - R:localhost/127.0.0.1:55595]' for 'GET' to 'http://localhost:55595/session/ad4f982f9ab8b323e641ef4b1c83aa7f/screenshot'
17:28:29.920 [Forwarding screenshot on session ad4f982f9ab8b323e641ef4b1c83aa7f to remote] DEBUG org.asynchttpclient.netty.request.NettyRequestSender - Using open Channel [id: 0x43a77f76, L:/127.0.0.1:60400 - R:localhost/127.0.0.1:55595] for GET '/session/ad4f982f9ab8b323e641ef4b1c83aa7f/screenshot'
17:28:30.033 [AsyncHttpClient-1-4] DEBUG org.asynchttpclient.netty.handler.HttpHandler - 

Request DefaultFullHttpRequest(decodeResult: success, version: HTTP/1.1, content: EmptyByteBufBE)
GET /session/ad4f982f9ab8b323e641ef4b1c83aa7f/screenshot HTTP/1.1
User-Agent: selenium/4.1.2 (java windows)
Cache-Control: no-cache
Content-Type: application/json; charset=utf-8
host: localhost:55595
accept: */*

Response DefaultHttpResponse(decodeResult: success, version: HTTP/1.1)
HTTP/1.1 200 OK
Content-Type: application/json; charset=utf-8
cache-control: no-cache
content-length: 89344

17:28:30.033 [AsyncHttpClient-1-4] DEBUG org.asynchttpclient.netty.channel.ChannelManager - Adding key: http://localhost:55595 for channel [id: 0x43a77f76, L:/127.0.0.1:60400 - R:localhost/127.0.0.1:55595]
17:28:30.038 [main] DEBUG net.serenitybdd.core.photography.Darkroom - Send negative for processing for target\site\serenity\09aa12d10a2c8bf315cef9521d15e3109a3d5e6dfcfa8b0c11ee87c066865e4e.png
17:28:30.039 [Darkroom Processing Line] DEBUG net.serenitybdd.core.photography.DarkroomProcessingLine - Processing screenshot image in /var/screenshots/screenshot-12093122008981873314
17:28:30.039 [Darkroom Processing Line] DEBUG net.serenitybdd.core.photography.DarkroomProcessingLine - Saving screenshot to target\site\serenity\09aa12d10a2c8bf315cef9521d15e3109a3d5e6dfcfa8b0c11ee87c066865e4e.png
17:28:30.039 [main] INFO  - 
  _____   ___   ___   _____     ___     _     ___   ___   ___   ___  
 |_   _| | __| / __| |_   _|   | _ \   /_\   / __| / __| | __| |   \ 
   | |   | _|  \__ \   | |     |  _/  / _ \  \__ \ \__ \ | _|  | |) |
   |_|   |___| |___/   |_|     |_|   /_/ \_\ |___/ |___/ |___| |___/ 

Search Patient Based on Patient Date of Birth Scenario
----------------------------------------------------------------------
17:28:30.042 [AsyncHttpClient-1-6] DEBUG org.asynchttpclient.netty.handler.WebSocketHandler - Channel Closed: [id: 0xf2da431f, L:/127.0.0.1:60408 ! R:localhost/127.0.0.1:60401] with attribute NettyResponseFuture{currentRetry=5,
	isDone=1,
	isCancelled=0,
	asyncHandler=org.asynchttpclient.ws.WebSocketUpgradeHandler@342f4469,
	nettyRequest=org.asynchttpclient.netty.request.NettyRequest@3922b726,
	future=java.util.concurrent.CompletableFuture@662c325d[Completed normally],
	uri=ws://localhost:60401/devtools/browser/c21ac2d1-f6fb-4d60-b86d-61d7b71fd7c0,
	keepAlive=true,
	redirectCount=0,
	timeoutsHolder=null,
	inAuth=0,
	touch=1655375292934}
17:28:30.042 [Driver Command Executor] DEBUG org.asynchttpclient.netty.request.NettyRequestSender - Using pooled Channel '[id: 0x43a77f76, L:/127.0.0.1:60400 - R:localhost/127.0.0.1:55595]' for 'DELETE' to 'http://localhost:55595/session/ad4f982f9ab8b323e641ef4b1c83aa7f'
17:28:30.042 [Driver Command Executor] DEBUG org.asynchttpclient.netty.request.NettyRequestSender - Using open Channel [id: 0x43a77f76, L:/127.0.0.1:60400 - R:localhost/127.0.0.1:55595] for DELETE '/session/ad4f982f9ab8b323e641ef4b1c83aa7f'
17:28:30.042 [AsyncHttpClient-1-6] DEBUG org.asynchttpclient.netty.channel.ChannelManager - Closing Channel [id: 0xf2da431f, L:/127.0.0.1:60408 ! R:localhost/127.0.0.1:60401] 
17:28:30.642 [AsyncHttpClient-1-1] DEBUG org.asynchttpclient.netty.channel.DefaultChannelPool - Entry count for : http://localhost:60401 : 1
17:28:31.662 [AsyncHttpClient-1-4] DEBUG org.asynchttpclient.netty.handler.HttpHandler - 

Request DefaultFullHttpRequest(decodeResult: success, version: HTTP/1.1, content: EmptyByteBufBE)
DELETE /session/ad4f982f9ab8b323e641ef4b1c83aa7f HTTP/1.1
User-Agent: selenium/4.1.2 (java windows)
Content-Type: application/json; charset=utf-8
host: localhost:55595
accept: */*

Response DefaultHttpResponse(decodeResult: success, version: HTTP/1.1)
HTTP/1.1 200 OK
Content-Type: application/json; charset=utf-8
cache-control: no-cache
content-length: 14

17:28:31.662 [AsyncHttpClient-1-4] DEBUG org.asynchttpclient.netty.channel.ChannelManager - Adding key: http://localhost:55595 for channel [id: 0x43a77f76, L:/127.0.0.1:60400 - R:localhost/127.0.0.1:55595]
17:28:31.703 [AsyncHttpClient-1-5] DEBUG org.asynchttpclient.netty.handler.HttpHandler - Unexpected I/O exception on channel [id: 0x242d7dee, L:/127.0.0.1:60407 - R:localhost/127.0.0.1:60401]
java.net.SocketException: Connection reset
	at java.base/sun.nio.ch.SocketChannelImpl.throwConnectionReset(SocketChannelImpl.java:367)
	at java.base/sun.nio.ch.SocketChannelImpl.read(SocketChannelImpl.java:398)
	at io.netty.buffer.PooledByteBuf.setBytes(PooledByteBuf.java:258)
	at io.netty.buffer.AbstractByteBuf.writeBytes(AbstractByteBuf.java:1132)
	at io.netty.channel.socket.nio.NioSocketChannel.doReadBytes(NioSocketChannel.java:350)
	at io.netty.channel.nio.AbstractNioByteChannel$NioByteUnsafe.read(AbstractNioByteChannel.java:151)
	at io.netty.channel.nio.NioEventLoop.processSelectedKey(NioEventLoop.java:722)
	at io.netty.channel.nio.NioEventLoop.processSelectedKeysOptimized(NioEventLoop.java:658)
	at io.netty.channel.nio.NioEventLoop.processSelectedKeys(NioEventLoop.java:584)
	at io.netty.channel.nio.NioEventLoop.run(NioEventLoop.java:496)
	at io.netty.util.concurrent.SingleThreadEventExecutor$4.run(SingleThreadEventExecutor.java:986)
	at io.netty.util.internal.ThreadExecutorMap$2.run(ThreadExecutorMap.java:74)
	at io.netty.util.concurrent.FastThreadLocalRunnable.run(FastThreadLocalRunnable.java:30)
	at java.base/java.lang.Thread.run(Thread.java:832)
17:28:31.703 [AsyncHttpClient-1-5] DEBUG org.asynchttpclient.netty.channel.ChannelManager - Closing Channel [id: 0x242d7dee, L:/127.0.0.1:60407 - R:localhost/127.0.0.1:60401] 
17:28:31.704 [AsyncHttpClient-1-5] DEBUG org.asynchttpclient.netty.handler.HttpHandler - Channel Closed: [id: 0x242d7dee, L:/127.0.0.1:60407 ! R:localhost/127.0.0.1:60401] with attribute DISCARD
17:28:31.744 [AsyncHttpClient-1-1] DEBUG org.asynchttpclient.netty.channel.DefaultChannelPool - Entry count for : http://localhost:55595 : 1
17:28:31.744 [AsyncHttpClient-1-1] DEBUG org.asynchttpclient.netty.channel.DefaultChannelPool - Entry count for : http://localhost:60401 : 1
17:28:31.744 [AsyncHttpClient-1-1] DEBUG org.asynchttpclient.netty.channel.DefaultChannelPool - Adding Candidate expired Channel [id: 0x242d7dee, L:/127.0.0.1:60407 ! R:localhost/127.0.0.1:60401] isIdleTimeoutExpired=false isRemotelyClosed=true isTtlExpired=false
17:28:31.744 [AsyncHttpClient-1-1] DEBUG org.asynchttpclient.netty.channel.DefaultChannelPool - Closing Idle Channel [id: 0x242d7dee, L:/127.0.0.1:60407 ! R:localhost/127.0.0.1:60401]
17:28:31.744 [AsyncHttpClient-1-1] DEBUG org.asynchttpclient.netty.channel.DefaultChannelPool - Closed 1 connections out of 2 in 0 ms
17:28:31.901 [AsyncHttpClient-1-4] DEBUG org.asynchttpclient.netty.handler.HttpHandler - Channel Closed: [id: 0x43a77f76, L:/127.0.0.1:60400 ! R:localhost/127.0.0.1:55595] with attribute DISCARD
]]></system-out>
    <system-err><![CDATA[Starting ChromeDriver 102.0.5005.61 (0e59bcc00cc4985ce39ad31c150065f159d95ad3-refs/branch-heads/5005@{#819}) on port 55595
Only local connections are allowed.
Please see https://chromedriver.chromium.org/security-considerations for suggestions on keeping ChromeDriver safe.
ChromeDriver was started successfully.
Jun 16, 2022 5:28:12 PM org.openqa.selenium.remote.ProtocolHandshake createSession
INFO: Detected dialect: W3C
Jun 16, 2022 5:28:12 PM org.openqa.selenium.devtools.CdpVersionFinder findNearestMatch
WARNING: Unable to find an exact match for CDP version 102, so returning the closest version found: a no-op implementation
Jun 16, 2022 5:28:12 PM org.openqa.selenium.devtools.CdpVersionFinder findNearestMatch
INFO: Unable to find CDP implementation matching 102.
Jun 16, 2022 5:28:12 PM org.openqa.selenium.chromium.ChromiumDriver lambda$new$3
WARNING: Unable to find version of CDP to use for . You may need to include a dependency on a specific version of the CDP using something similar to `org.seleniumhq.selenium:selenium-devtools-v86:4.1.2` where the version ("v86") matches the version of the chromium-based browser you're using and the version number of the artifact is the same as Selenium's.
]]></system-err>
  </testcase>
  <testcase name="Search Patient Based on Patient Gender Scenario" classname="Patient" time="18.756">
    <system-out><![CDATA[
@Patient
Scenario: Search Patient Based on Patient Gender Scenario &amp#27;[90m# src/test/resources/features/2.Patient.feature:58&amp#27;[0m
17:28:32.427 [main] INFO io.cucumber.core.plugin.SerenityReporter - Running feature from file:///E:/My%20Documents/File%20Difa/TI%20Semester%206%20Kampus%20Merdeka%20Alterra/Tugas/CAPSTONE%20Project/Capstone-Project-Website/src/test/resources/features/2.Patient.feature
17:28:32.430 [main] INFO  - 
  _____   ___   ___   _____     ___   _____     _     ___   _____   ___   ___  
 |_   _| | __| / __| |_   _|   / __| |_   _|   /_\   | _ \ |_   _| | __| |   \ 
   | |   | _|  \__ \   | |     \__ \   | |    / _ \  |   /   | |   | _|  | |) |
   |_|   |___| |___/   |_|     |___/   |_|   /_/ \_\ |_|_\   |_|   |___| |___/ 

Search Patient Based on Patient Gender Scenario(patient;search-patient-based-on-patient-gender-scenario)
--------------------------------------------------------------------------------
17:28:32.503 [main] DEBUG net.thucydides.core.steps.StepInterceptor - STARTING STEP: PatientSteps.iAmAtTheDashboardPage - openUrl
17:28:32.528 [main] INFO net.serenitybdd.core.webdriver.driverproviders.ChromeDriverProvider - Using automatically driver download
17:28:32.842 [AsyncHttpClient-1-1] DEBUG org.asynchttpclient.netty.channel.DefaultChannelPool - Entry count for : http://localhost:55595 : 1
17:28:32.842 [AsyncHttpClient-1-1] DEBUG org.asynchttpclient.netty.channel.DefaultChannelPool - Adding Candidate expired Channel [id: 0x43a77f76, L:/127.0.0.1:60400 ! R:localhost/127.0.0.1:55595] isIdleTimeoutExpired=false isRemotelyClosed=true isTtlExpired=false
17:28:32.842 [AsyncHttpClient-1-1] DEBUG org.asynchttpclient.netty.channel.DefaultChannelPool - Closing Idle Channel [id: 0x43a77f76, L:/127.0.0.1:60400 ! R:localhost/127.0.0.1:55595]
17:28:32.842 [AsyncHttpClient-1-1] DEBUG org.asynchttpclient.netty.channel.DefaultChannelPool - Closed 1 connections out of 1 in 0 ms
17:28:33.099 [main] DEBUG io.github.bonigarcia.wdm.cache.ResolutionCache - Resolution chrome=102 in cache (valid until 18:07:22 16/06/2022 ICT)
17:28:33.102 [main] DEBUG io.github.bonigarcia.wdm.cache.ResolutionCache - Resolution chrome102=102.0.5005.61 in cache (valid until 15:56:01 17/06/2022 ICT)
17:28:33.104 [main] INFO io.github.bonigarcia.wdm.WebDriverManager - Using chromedriver 102.0.5005.61 (resolved driver for Chrome 102)
17:28:33.113 [main] DEBUG io.github.bonigarcia.wdm.WebDriverManager - Driver chromedriver 102.0.5005.61 found in cache
17:28:33.114 [main] INFO io.github.bonigarcia.wdm.WebDriverManager - Exporting webdriver.chrome.driver as C:\Users\USER\.cache\selenium\chromedriver\win32\102.0.5005.61\chromedriver.exe
17:28:33.267 [main] DEBUG net.serenitybdd.core.webdriver.driverproviders.ProvideNewDriver - Instantiating driver
17:28:33.267 [main] DEBUG net.serenitybdd.core.webdriver.driverproviders.ProvideNewDriver - Driver capabilities: Capabilities {acceptInsecureCerts: false, base.url: https://hospital-management..., browserName: chrome, chrome.driver: src/test/resources/webdrive..., driver: chrome, goog:chromeOptions: {args: [], extensions: []}}
17:28:34.814 [AsyncHttpClient-1-7] DEBUG org.asynchttpclient.netty.channel.NettyConnectListener - Using new Channel '[id: 0xfce49459, L:/127.0.0.1:60427 - R:localhost/127.0.0.1:59908]' for 'POST' to '/session'
17:28:37.499 [AsyncHttpClient-1-7] DEBUG org.asynchttpclient.netty.handler.HttpHandler - 

Request DefaultHttpRequest(decodeResult: success, version: HTTP/1.1)
POST /session HTTP/1.1
User-Agent: selenium/4.1.2 (java windows)
Content-Length: 621
Content-Type: application/json; charset=utf-8
host: localhost:59908
accept: */*

Response DefaultHttpResponse(decodeResult: success, version: HTTP/1.1)
HTTP/1.1 200 OK
Content-Type: application/json; charset=utf-8
cache-control: no-cache
content-length: 788

17:28:37.500 [AsyncHttpClient-1-7] DEBUG org.asynchttpclient.netty.channel.ChannelManager - Adding key: http://localhost:59908 for channel [id: 0xfce49459, L:/127.0.0.1:60427 - R:localhost/127.0.0.1:59908]
17:28:37.823 [AsyncHttpClient-1-8] DEBUG org.asynchttpclient.netty.channel.NettyConnectListener - Using new Channel '[id: 0xb2d1f12c, L:/127.0.0.1:60434 - R:localhost/127.0.0.1:60428]' for 'GET' to '/json/version'
17:28:37.825 [AsyncHttpClient-1-8] DEBUG org.asynchttpclient.netty.handler.HttpHandler - 

Request DefaultFullHttpRequest(decodeResult: success, version: HTTP/1.1, content: EmptyByteBufBE)
GET /json/version HTTP/1.1
User-Agent: selenium/4.1.2 (java windows)
host: localhost:60428
accept: */*

Response DefaultHttpResponse(decodeResult: success, version: HTTP/1.1)
HTTP/1.1 200 OK
Content-Type: application/json; charset=UTF-8
content-length: 427

17:28:37.825 [AsyncHttpClient-1-8] DEBUG org.asynchttpclient.netty.channel.ChannelManager - Adding key: http://localhost:60428 for channel [id: 0xb2d1f12c, L:/127.0.0.1:60434 - R:localhost/127.0.0.1:60428]
17:28:37.831 [AsyncHttpClient-1-9] DEBUG org.asynchttpclient.netty.channel.NettyConnectListener - Using new Channel '[id: 0x89e10df3, L:/127.0.0.1:60435 - R:localhost/127.0.0.1:60428]' for 'GET' to '/devtools/browser/62ccc8bb-b7de-4ac0-b68f-ba6c3ff40a8d'
17:28:37.833 [AsyncHttpClient-1-9] DEBUG org.asynchttpclient.netty.handler.WebSocketHandler - 

Request DefaultFullHttpRequest(decodeResult: success, version: HTTP/1.1, content: EmptyByteBufBE)
GET /devtools/browser/62ccc8bb-b7de-4ac0-b68f-ba6c3ff40a8d HTTP/1.1
upgrade: websocket
connection: upgrade
sec-websocket-key: tVtMzbnM8XrJ6f70VQo0rQ==
sec-websocket-version: 13
origin: http://localhost:60428
host: localhost:60428
accept: */*
user-agent: AHC/2.1

Response DefaultHttpResponse(decodeResult: success, version: HTTP/1.1)
HTTP/1.1 101 WebSocket Protocol Handshake
Upgrade: WebSocket
Connection: Upgrade
Sec-WebSocket-Accept: +NYEH1Nlgd16hdpxGJjXTXybRkI=

17:28:37.880 [Forwarding maximizeCurrentWindow on session 9485f7535c6f181c8010f682acc5fe9d to remote] DEBUG org.asynchttpclient.netty.request.NettyRequestSender - Using pooled Channel '[id: 0xfce49459, L:/127.0.0.1:60427 - R:localhost/127.0.0.1:59908]' for 'POST' to 'http://localhost:59908/session/9485f7535c6f181c8010f682acc5fe9d/window/maximize'
17:28:37.880 [Forwarding maximizeCurrentWindow on session 9485f7535c6f181c8010f682acc5fe9d to remote] DEBUG org.asynchttpclient.netty.request.NettyRequestSender - Using open Channel [id: 0xfce49459, L:/127.0.0.1:60427 - R:localhost/127.0.0.1:59908] for POST '/session/9485f7535c6f181c8010f682acc5fe9d/window/maximize'
17:28:38.013 [AsyncHttpClient-1-7] DEBUG org.asynchttpclient.netty.handler.HttpHandler - 

Request DefaultHttpRequest(decodeResult: success, version: HTTP/1.1)
POST /session/9485f7535c6f181c8010f682acc5fe9d/window/maximize HTTP/1.1
User-Agent: selenium/4.1.2 (java windows)
Content-Length: 3
Content-Type: application/json; charset=utf-8
host: localhost:59908
accept: */*

Response DefaultHttpResponse(decodeResult: success, version: HTTP/1.1)
HTTP/1.1 200 OK
Content-Type: application/json; charset=utf-8
cache-control: no-cache
content-length: 51

17:28:38.013 [AsyncHttpClient-1-7] DEBUG org.asynchttpclient.netty.channel.ChannelManager - Adding key: http://localhost:59908 for channel [id: 0xfce49459, L:/127.0.0.1:60427 - R:localhost/127.0.0.1:59908]
17:28:38.016 [Forwarding get on session 9485f7535c6f181c8010f682acc5fe9d to remote] DEBUG org.asynchttpclient.netty.request.NettyRequestSender - Using pooled Channel '[id: 0xfce49459, L:/127.0.0.1:60427 - R:localhost/127.0.0.1:59908]' for 'POST' to 'http://localhost:59908/session/9485f7535c6f181c8010f682acc5fe9d/url'
17:28:38.016 [Forwarding get on session 9485f7535c6f181c8010f682acc5fe9d to remote] DEBUG org.asynchttpclient.netty.request.NettyRequestSender - Using open Channel [id: 0xfce49459, L:/127.0.0.1:60427 - R:localhost/127.0.0.1:59908] for POST '/session/9485f7535c6f181c8010f682acc5fe9d/url'
17:28:38.342 [AsyncHttpClient-1-1] DEBUG org.asynchttpclient.netty.channel.DefaultChannelPool - Entry count for : http://localhost:60428 : 1
17:28:39.442 [AsyncHttpClient-1-1] DEBUG org.asynchttpclient.netty.channel.DefaultChannelPool - Entry count for : http://localhost:60428 : 1
17:28:40.542 [AsyncHttpClient-1-1] DEBUG org.asynchttpclient.netty.channel.DefaultChannelPool - Entry count for : http://localhost:60428 : 1
17:28:41.643 [AsyncHttpClient-1-1] DEBUG org.asynchttpclient.netty.channel.DefaultChannelPool - Entry count for : http://localhost:60428 : 1
17:28:42.743 [AsyncHttpClient-1-1] DEBUG org.asynchttpclient.netty.channel.DefaultChannelPool - Entry count for : http://localhost:60428 : 1
17:28:43.842 [AsyncHttpClient-1-1] DEBUG org.asynchttpclient.netty.channel.DefaultChannelPool - Entry count for : http://localhost:60428 : 1
17:28:44.945 [AsyncHttpClient-1-1] DEBUG org.asynchttpclient.netty.channel.DefaultChannelPool - Entry count for : http://localhost:60428 : 1
17:28:46.042 [AsyncHttpClient-1-1] DEBUG org.asynchttpclient.netty.channel.DefaultChannelPool - Entry count for : http://localhost:60428 : 1
17:28:46.537 [AsyncHttpClient-1-7] DEBUG org.asynchttpclient.netty.handler.HttpHandler - 

Request DefaultHttpRequest(decodeResult: success, version: HTTP/1.1)
POST /session/9485f7535c6f181c8010f682acc5fe9d/url HTTP/1.1
User-Agent: selenium/4.1.2 (java windows)
Content-Length: 65
Content-Type: application/json; charset=utf-8
host: localhost:59908
accept: */*

Response DefaultHttpResponse(decodeResult: success, version: HTTP/1.1)
HTTP/1.1 200 OK
Content-Type: application/json; charset=utf-8
cache-control: no-cache
content-length: 14

17:28:46.537 [AsyncHttpClient-1-7] DEBUG org.asynchttpclient.netty.channel.ChannelManager - Adding key: http://localhost:59908 for channel [id: 0xfce49459, L:/127.0.0.1:60427 - R:localhost/127.0.0.1:59908]
17:28:46.540 [Forwarding setTimeout on session 9485f7535c6f181c8010f682acc5fe9d to remote] DEBUG org.asynchttpclient.netty.request.NettyRequestSender - Using pooled Channel '[id: 0xfce49459, L:/127.0.0.1:60427 - R:localhost/127.0.0.1:59908]' for 'POST' to 'http://localhost:59908/session/9485f7535c6f181c8010f682acc5fe9d/timeouts'
17:28:46.540 [Forwarding setTimeout on session 9485f7535c6f181c8010f682acc5fe9d to remote] DEBUG org.asynchttpclient.netty.request.NettyRequestSender - Using open Channel [id: 0xfce49459, L:/127.0.0.1:60427 - R:localhost/127.0.0.1:59908] for POST '/session/9485f7535c6f181c8010f682acc5fe9d/timeouts'
17:28:46.541 [AsyncHttpClient-1-7] DEBUG org.asynchttpclient.netty.handler.HttpHandler - 

Request DefaultHttpRequest(decodeResult: success, version: HTTP/1.1)
POST /session/9485f7535c6f181c8010f682acc5fe9d/timeouts HTTP/1.1
User-Agent: selenium/4.1.2 (java windows)
Content-Length: 22
Content-Type: application/json; charset=utf-8
host: localhost:59908
accept: */*

Response DefaultHttpResponse(decodeResult: success, version: HTTP/1.1)
HTTP/1.1 200 OK
Content-Type: application/json; charset=utf-8
cache-control: no-cache
content-length: 14

17:28:46.541 [AsyncHttpClient-1-7] DEBUG org.asynchttpclient.netty.channel.ChannelManager - Adding key: http://localhost:59908 for channel [id: 0xfce49459, L:/127.0.0.1:60427 - R:localhost/127.0.0.1:59908]
17:28:46.547 [Forwarding getCurrentUrl on session 9485f7535c6f181c8010f682acc5fe9d to remote] DEBUG org.asynchttpclient.netty.request.NettyRequestSender - Using pooled Channel '[id: 0xfce49459, L:/127.0.0.1:60427 - R:localhost/127.0.0.1:59908]' for 'GET' to 'http://localhost:59908/session/9485f7535c6f181c8010f682acc5fe9d/url'
17:28:46.547 [Forwarding getCurrentUrl on session 9485f7535c6f181c8010f682acc5fe9d to remote] DEBUG org.asynchttpclient.netty.request.NettyRequestSender - Using open Channel [id: 0xfce49459, L:/127.0.0.1:60427 - R:localhost/127.0.0.1:59908] for GET '/session/9485f7535c6f181c8010f682acc5fe9d/url'
17:28:46.655 [AsyncHttpClient-1-7] DEBUG org.asynchttpclient.netty.handler.HttpHandler - 

Request DefaultFullHttpRequest(decodeResult: success, version: HTTP/1.1, content: EmptyByteBufBE)
GET /session/9485f7535c6f181c8010f682acc5fe9d/url HTTP/1.1
User-Agent: selenium/4.1.2 (java windows)
Cache-Control: no-cache
Content-Type: application/json; charset=utf-8
host: localhost:59908
accept: */*

Response DefaultHttpResponse(decodeResult: success, version: HTTP/1.1)
HTTP/1.1 200 OK
Content-Type: application/json; charset=utf-8
cache-control: no-cache
content-length: 53

17:28:46.656 [AsyncHttpClient-1-7] DEBUG org.asynchttpclient.netty.channel.ChannelManager - Adding key: http://localhost:59908 for channel [id: 0xfce49459, L:/127.0.0.1:60427 - R:localhost/127.0.0.1:59908]
17:28:46.681 [Forwarding getCurrentUrl on session 9485f7535c6f181c8010f682acc5fe9d to remote] DEBUG org.asynchttpclient.netty.request.NettyRequestSender - Using pooled Channel '[id: 0xfce49459, L:/127.0.0.1:60427 - R:localhost/127.0.0.1:59908]' for 'GET' to 'http://localhost:59908/session/9485f7535c6f181c8010f682acc5fe9d/url'
17:28:46.681 [Forwarding getCurrentUrl on session 9485f7535c6f181c8010f682acc5fe9d to remote] DEBUG org.asynchttpclient.netty.request.NettyRequestSender - Using open Channel [id: 0xfce49459, L:/127.0.0.1:60427 - R:localhost/127.0.0.1:59908] for GET '/session/9485f7535c6f181c8010f682acc5fe9d/url'
17:28:46.685 [AsyncHttpClient-1-7] DEBUG org.asynchttpclient.netty.handler.HttpHandler - 

Request DefaultFullHttpRequest(decodeResult: success, version: HTTP/1.1, content: EmptyByteBufBE)
GET /session/9485f7535c6f181c8010f682acc5fe9d/url HTTP/1.1
User-Agent: selenium/4.1.2 (java windows)
Cache-Control: no-cache
Content-Type: application/json; charset=utf-8
host: localhost:59908
accept: */*

Response DefaultHttpResponse(decodeResult: success, version: HTTP/1.1)
HTTP/1.1 200 OK
Content-Type: application/json; charset=utf-8
cache-control: no-cache
content-length: 53

17:28:46.685 [AsyncHttpClient-1-7] DEBUG org.asynchttpclient.netty.channel.ChannelManager - Adding key: http://localhost:59908 for channel [id: 0xfce49459, L:/127.0.0.1:60427 - R:localhost/127.0.0.1:59908]
17:28:46.692 [Forwarding screenshot on session 9485f7535c6f181c8010f682acc5fe9d to remote] DEBUG org.asynchttpclient.netty.request.NettyRequestSender - Using pooled Channel '[id: 0xfce49459, L:/127.0.0.1:60427 - R:localhost/127.0.0.1:59908]' for 'GET' to 'http://localhost:59908/session/9485f7535c6f181c8010f682acc5fe9d/screenshot'
17:28:46.692 [Forwarding screenshot on session 9485f7535c6f181c8010f682acc5fe9d to remote] DEBUG org.asynchttpclient.netty.request.NettyRequestSender - Using open Channel [id: 0xfce49459, L:/127.0.0.1:60427 - R:localhost/127.0.0.1:59908] for GET '/session/9485f7535c6f181c8010f682acc5fe9d/screenshot'
17:28:46.963 [AsyncHttpClient-1-7] DEBUG org.asynchttpclient.netty.handler.HttpHandler - 

Request DefaultFullHttpRequest(decodeResult: success, version: HTTP/1.1, content: EmptyByteBufBE)
GET /session/9485f7535c6f181c8010f682acc5fe9d/screenshot HTTP/1.1
User-Agent: selenium/4.1.2 (java windows)
Cache-Control: no-cache
Content-Type: application/json; charset=utf-8
host: localhost:59908
accept: */*

Response DefaultHttpResponse(decodeResult: success, version: HTTP/1.1)
HTTP/1.1 200 OK
Content-Type: application/json; charset=utf-8
cache-control: no-cache
content-length: 344200

17:28:46.965 [AsyncHttpClient-1-7] DEBUG org.asynchttpclient.netty.channel.ChannelManager - Adding key: http://localhost:59908 for channel [id: 0xfce49459, L:/127.0.0.1:60427 - R:localhost/127.0.0.1:59908]
17:28:46.987 [main] DEBUG net.serenitybdd.core.photography.Darkroom - Send negative for processing for target\site\serenity\5aa192294af07afffe19b5457c7f1d86a041be58da4b6520fb0a33f0ef0be84b.png
17:28:46.988 [main] DEBUG net.thucydides.core.steps.StepInterceptor - STEP DONE: openUrl
17:28:46.988 [Darkroom Processing Line] DEBUG net.serenitybdd.core.photography.DarkroomProcessingLine - Processing screenshot image in /var/screenshots/screenshot-16615264617854213080
17:28:46.988 [Darkroom Processing Line] DEBUG net.serenitybdd.core.photography.DarkroomProcessingLine - Saving screenshot to target\site\serenity\5aa192294af07afffe19b5457c7f1d86a041be58da4b6520fb0a33f0ef0be84b.png
17:28:46.998 [main] DEBUG net.thucydides.core.steps.StepInterceptor - STARTING STEP: PatientSteps.iAmAtTheDashboardPage - validateOnDashboardPage
17:28:47.001 [Forwarding findElement on session 9485f7535c6f181c8010f682acc5fe9d to remote] DEBUG org.asynchttpclient.netty.request.NettyRequestSender - Using pooled Channel '[id: 0xfce49459, L:/127.0.0.1:60427 - R:localhost/127.0.0.1:59908]' for 'POST' to 'http://localhost:59908/session/9485f7535c6f181c8010f682acc5fe9d/element'
17:28:47.001 [Forwarding findElement on session 9485f7535c6f181c8010f682acc5fe9d to remote] DEBUG org.asynchttpclient.netty.request.NettyRequestSender - Using open Channel [id: 0xfce49459, L:/127.0.0.1:60427 - R:localhost/127.0.0.1:59908] for POST '/session/9485f7535c6f181c8010f682acc5fe9d/element'
17:28:47.017 [AsyncHttpClient-1-7] DEBUG org.asynchttpclient.netty.handler.HttpHandler - 

Request DefaultHttpRequest(decodeResult: success, version: HTTP/1.1)
POST /session/9485f7535c6f181c8010f682acc5fe9d/element HTTP/1.1
User-Agent: selenium/4.1.2 (java windows)
Content-Length: 81
Content-Type: application/json; charset=utf-8
host: localhost:59908
accept: */*

Response DefaultHttpResponse(decodeResult: success, version: HTTP/1.1)
HTTP/1.1 200 OK
Content-Type: application/json; charset=utf-8
cache-control: no-cache
content-length: 88

17:28:47.017 [AsyncHttpClient-1-7] DEBUG org.asynchttpclient.netty.channel.ChannelManager - Adding key: http://localhost:59908 for channel [id: 0xfce49459, L:/127.0.0.1:60427 - R:localhost/127.0.0.1:59908]
17:28:47.021 [Forwarding isElementDisplayed on session 9485f7535c6f181c8010f682acc5fe9d to remote] DEBUG org.asynchttpclient.netty.request.NettyRequestSender - Using pooled Channel '[id: 0xfce49459, L:/127.0.0.1:60427 - R:localhost/127.0.0.1:59908]' for 'POST' to 'http://localhost:59908/session/9485f7535c6f181c8010f682acc5fe9d/execute/sync'
17:28:47.021 [Forwarding isElementDisplayed on session 9485f7535c6f181c8010f682acc5fe9d to remote] DEBUG org.asynchttpclient.netty.request.NettyRequestSender - Using open Channel [id: 0xfce49459, L:/127.0.0.1:60427 - R:localhost/127.0.0.1:59908] for POST '/session/9485f7535c6f181c8010f682acc5fe9d/execute/sync'
17:28:47.039 [AsyncHttpClient-1-7] DEBUG org.asynchttpclient.netty.handler.HttpHandler - 

Request DefaultHttpRequest(decodeResult: success, version: HTTP/1.1)
POST /session/9485f7535c6f181c8010f682acc5fe9d/execute/sync HTTP/1.1
User-Agent: selenium/4.1.2 (java windows)
Content-Length: 48780
Content-Type: application/json; charset=utf-8
host: localhost:59908
accept: */*

Response DefaultHttpResponse(decodeResult: success, version: HTTP/1.1)
HTTP/1.1 200 OK
Content-Type: application/json; charset=utf-8
cache-control: no-cache
content-length: 14

17:28:47.039 [AsyncHttpClient-1-7] DEBUG org.asynchttpclient.netty.channel.ChannelManager - Adding key: http://localhost:59908 for channel [id: 0xfce49459, L:/127.0.0.1:60427 - R:localhost/127.0.0.1:59908]
17:28:47.044 [Forwarding screenshot on session 9485f7535c6f181c8010f682acc5fe9d to remote] DEBUG org.asynchttpclient.netty.request.NettyRequestSender - Using pooled Channel '[id: 0xfce49459, L:/127.0.0.1:60427 - R:localhost/127.0.0.1:59908]' for 'GET' to 'http://localhost:59908/session/9485f7535c6f181c8010f682acc5fe9d/screenshot'
17:28:47.044 [Forwarding screenshot on session 9485f7535c6f181c8010f682acc5fe9d to remote] DEBUG org.asynchttpclient.netty.request.NettyRequestSender - Using open Channel [id: 0xfce49459, L:/127.0.0.1:60427 - R:localhost/127.0.0.1:59908] for GET '/session/9485f7535c6f181c8010f682acc5fe9d/screenshot'
17:28:47.142 [AsyncHttpClient-1-1] DEBUG org.asynchttpclient.netty.channel.DefaultChannelPool - Entry count for : http://localhost:60428 : 1
17:28:47.296 [AsyncHttpClient-1-7] DEBUG org.asynchttpclient.netty.handler.HttpHandler - 

Request DefaultFullHttpRequest(decodeResult: success, version: HTTP/1.1, content: EmptyByteBufBE)
GET /session/9485f7535c6f181c8010f682acc5fe9d/screenshot HTTP/1.1
User-Agent: selenium/4.1.2 (java windows)
Cache-Control: no-cache
Content-Type: application/json; charset=utf-8
host: localhost:59908
accept: */*

Response DefaultHttpResponse(decodeResult: success, version: HTTP/1.1)
HTTP/1.1 200 OK
Content-Type: application/json; charset=utf-8
cache-control: no-cache
content-length: 344200

17:28:47.298 [AsyncHttpClient-1-7] DEBUG org.asynchttpclient.netty.channel.ChannelManager - Adding key: http://localhost:59908 for channel [id: 0xfce49459, L:/127.0.0.1:60427 - R:localhost/127.0.0.1:59908]
17:28:47.317 [main] DEBUG net.serenitybdd.core.photography.Darkroom - Send negative for processing for target\site\serenity\5aa192294af07afffe19b5457c7f1d86a041be58da4b6520fb0a33f0ef0be84b.png
17:28:47.318 [main] DEBUG net.thucydides.core.steps.StepInterceptor - STEP DONE: validateOnDashboardPage
  &amp#27;[32mGiven &amp#27;[0m&amp#27;[32mI am at the dashboard page&amp#27;[0m                        &amp#27;[90m# starter.stepdefinitions.PatientSteps.iAmAtTheDashboardPage()&amp#27;[0m
17:28:47.335 [main] DEBUG net.thucydides.core.steps.StepInterceptor - STARTING STEP: PatientSteps.iClickMenuPatient - clickMenuPatientButton
17:28:47.338 [Forwarding findElement on session 9485f7535c6f181c8010f682acc5fe9d to remote] DEBUG org.asynchttpclient.netty.request.NettyRequestSender - Using pooled Channel '[id: 0xfce49459, L:/127.0.0.1:60427 - R:localhost/127.0.0.1:59908]' for 'POST' to 'http://localhost:59908/session/9485f7535c6f181c8010f682acc5fe9d/element'
17:28:47.338 [Forwarding findElement on session 9485f7535c6f181c8010f682acc5fe9d to remote] DEBUG org.asynchttpclient.netty.request.NettyRequestSender - Using open Channel [id: 0xfce49459, L:/127.0.0.1:60427 - R:localhost/127.0.0.1:59908] for POST '/session/9485f7535c6f181c8010f682acc5fe9d/element'
17:28:47.353 [AsyncHttpClient-1-7] DEBUG org.asynchttpclient.netty.handler.HttpHandler - 

Request DefaultHttpRequest(decodeResult: success, version: HTTP/1.1)
POST /session/9485f7535c6f181c8010f682acc5fe9d/element HTTP/1.1
User-Agent: selenium/4.1.2 (java windows)
Content-Length: 80
Content-Type: application/json; charset=utf-8
host: localhost:59908
accept: */*

Response DefaultHttpResponse(decodeResult: success, version: HTTP/1.1)
HTTP/1.1 200 OK
Content-Type: application/json; charset=utf-8
cache-control: no-cache
content-length: 88

17:28:47.353 [AsyncHttpClient-1-7] DEBUG org.asynchttpclient.netty.channel.ChannelManager - Adding key: http://localhost:59908 for channel [id: 0xfce49459, L:/127.0.0.1:60427 - R:localhost/127.0.0.1:59908]
17:28:47.354 [Forwarding getElementTagName on session 9485f7535c6f181c8010f682acc5fe9d to remote] DEBUG org.asynchttpclient.netty.request.NettyRequestSender - Using pooled Channel '[id: 0xfce49459, L:/127.0.0.1:60427 - R:localhost/127.0.0.1:59908]' for 'GET' to 'http://localhost:59908/session/9485f7535c6f181c8010f682acc5fe9d/element/a3c2aca7-70d2-4628-95fa-7270651bd355/name'
17:28:47.354 [Forwarding getElementTagName on session 9485f7535c6f181c8010f682acc5fe9d to remote] DEBUG org.asynchttpclient.netty.request.NettyRequestSender - Using open Channel [id: 0xfce49459, L:/127.0.0.1:60427 - R:localhost/127.0.0.1:59908] for GET '/session/9485f7535c6f181c8010f682acc5fe9d/element/a3c2aca7-70d2-4628-95fa-7270651bd355/name'
17:28:47.366 [AsyncHttpClient-1-7] DEBUG org.asynchttpclient.netty.handler.HttpHandler - 

Request DefaultFullHttpRequest(decodeResult: success, version: HTTP/1.1, content: EmptyByteBufBE)
GET /session/9485f7535c6f181c8010f682acc5fe9d/element/a3c2aca7-70d2-4628-95fa-7270651bd355/name HTTP/1.1
User-Agent: selenium/4.1.2 (java windows)
Cache-Control: no-cache
Content-Type: application/json; charset=utf-8
host: localhost:59908
accept: */*

Response DefaultHttpResponse(decodeResult: success, version: HTTP/1.1)
HTTP/1.1 200 OK
Content-Type: application/json; charset=utf-8
cache-control: no-cache
content-length: 15

17:28:47.366 [AsyncHttpClient-1-7] DEBUG org.asynchttpclient.netty.channel.ChannelManager - Adding key: http://localhost:59908 for channel [id: 0xfce49459, L:/127.0.0.1:60427 - R:localhost/127.0.0.1:59908]
17:28:47.367 [Forwarding getElementTagName on session 9485f7535c6f181c8010f682acc5fe9d to remote] DEBUG org.asynchttpclient.netty.request.NettyRequestSender - Using pooled Channel '[id: 0xfce49459, L:/127.0.0.1:60427 - R:localhost/127.0.0.1:59908]' for 'GET' to 'http://localhost:59908/session/9485f7535c6f181c8010f682acc5fe9d/element/a3c2aca7-70d2-4628-95fa-7270651bd355/name'
17:28:47.367 [Forwarding getElementTagName on session 9485f7535c6f181c8010f682acc5fe9d to remote] DEBUG org.asynchttpclient.netty.request.NettyRequestSender - Using open Channel [id: 0xfce49459, L:/127.0.0.1:60427 - R:localhost/127.0.0.1:59908] for GET '/session/9485f7535c6f181c8010f682acc5fe9d/element/a3c2aca7-70d2-4628-95fa-7270651bd355/name'
17:28:47.374 [AsyncHttpClient-1-7] DEBUG org.asynchttpclient.netty.handler.HttpHandler - 

Request DefaultFullHttpRequest(decodeResult: success, version: HTTP/1.1, content: EmptyByteBufBE)
GET /session/9485f7535c6f181c8010f682acc5fe9d/element/a3c2aca7-70d2-4628-95fa-7270651bd355/name HTTP/1.1
User-Agent: selenium/4.1.2 (java windows)
Cache-Control: no-cache
Content-Type: application/json; charset=utf-8
host: localhost:59908
accept: */*

Response DefaultHttpResponse(decodeResult: success, version: HTTP/1.1)
HTTP/1.1 200 OK
Content-Type: application/json; charset=utf-8
cache-control: no-cache
content-length: 15

17:28:47.375 [AsyncHttpClient-1-7] DEBUG org.asynchttpclient.netty.channel.ChannelManager - Adding key: http://localhost:59908 for channel [id: 0xfce49459, L:/127.0.0.1:60427 - R:localhost/127.0.0.1:59908]
17:28:47.378 [Forwarding findElement on session 9485f7535c6f181c8010f682acc5fe9d to remote] DEBUG org.asynchttpclient.netty.request.NettyRequestSender - Using pooled Channel '[id: 0xfce49459, L:/127.0.0.1:60427 - R:localhost/127.0.0.1:59908]' for 'POST' to 'http://localhost:59908/session/9485f7535c6f181c8010f682acc5fe9d/element'
17:28:47.378 [Forwarding findElement on session 9485f7535c6f181c8010f682acc5fe9d to remote] DEBUG org.asynchttpclient.netty.request.NettyRequestSender - Using open Channel [id: 0xfce49459, L:/127.0.0.1:60427 - R:localhost/127.0.0.1:59908] for POST '/session/9485f7535c6f181c8010f682acc5fe9d/element'
17:28:47.387 [AsyncHttpClient-1-7] DEBUG org.asynchttpclient.netty.handler.HttpHandler - 

Request DefaultHttpRequest(decodeResult: success, version: HTTP/1.1)
POST /session/9485f7535c6f181c8010f682acc5fe9d/element HTTP/1.1
User-Agent: selenium/4.1.2 (java windows)
Content-Length: 80
Content-Type: application/json; charset=utf-8
host: localhost:59908
accept: */*

Response DefaultHttpResponse(decodeResult: success, version: HTTP/1.1)
HTTP/1.1 200 OK
Content-Type: application/json; charset=utf-8
cache-control: no-cache
content-length: 88

17:28:47.387 [AsyncHttpClient-1-7] DEBUG org.asynchttpclient.netty.channel.ChannelManager - Adding key: http://localhost:59908 for channel [id: 0xfce49459, L:/127.0.0.1:60427 - R:localhost/127.0.0.1:59908]
17:28:47.388 [Forwarding clickElement on session 9485f7535c6f181c8010f682acc5fe9d to remote] DEBUG org.asynchttpclient.netty.request.NettyRequestSender - Using pooled Channel '[id: 0xfce49459, L:/127.0.0.1:60427 - R:localhost/127.0.0.1:59908]' for 'POST' to 'http://localhost:59908/session/9485f7535c6f181c8010f682acc5fe9d/element/a3c2aca7-70d2-4628-95fa-7270651bd355/click'
17:28:47.388 [Forwarding clickElement on session 9485f7535c6f181c8010f682acc5fe9d to remote] DEBUG org.asynchttpclient.netty.request.NettyRequestSender - Using open Channel [id: 0xfce49459, L:/127.0.0.1:60427 - R:localhost/127.0.0.1:59908] for POST '/session/9485f7535c6f181c8010f682acc5fe9d/element/a3c2aca7-70d2-4628-95fa-7270651bd355/click'
17:28:47.886 [AsyncHttpClient-1-7] DEBUG org.asynchttpclient.netty.handler.HttpHandler - 

Request DefaultHttpRequest(decodeResult: success, version: HTTP/1.1)
POST /session/9485f7535c6f181c8010f682acc5fe9d/element/a3c2aca7-70d2-4628-95fa-7270651bd355/click HTTP/1.1
User-Agent: selenium/4.1.2 (java windows)
Content-Length: 50
Content-Type: application/json; charset=utf-8
host: localhost:59908
accept: */*

Response DefaultHttpResponse(decodeResult: success, version: HTTP/1.1)
HTTP/1.1 200 OK
Content-Type: application/json; charset=utf-8
cache-control: no-cache
content-length: 14

17:28:47.887 [AsyncHttpClient-1-7] DEBUG org.asynchttpclient.netty.channel.ChannelManager - Adding key: http://localhost:59908 for channel [id: 0xfce49459, L:/127.0.0.1:60427 - R:localhost/127.0.0.1:59908]
17:28:47.896 [Forwarding screenshot on session 9485f7535c6f181c8010f682acc5fe9d to remote] DEBUG org.asynchttpclient.netty.request.NettyRequestSender - Using pooled Channel '[id: 0xfce49459, L:/127.0.0.1:60427 - R:localhost/127.0.0.1:59908]' for 'GET' to 'http://localhost:59908/session/9485f7535c6f181c8010f682acc5fe9d/screenshot'
17:28:47.896 [Forwarding screenshot on session 9485f7535c6f181c8010f682acc5fe9d to remote] DEBUG org.asynchttpclient.netty.request.NettyRequestSender - Using open Channel [id: 0xfce49459, L:/127.0.0.1:60427 - R:localhost/127.0.0.1:59908] for GET '/session/9485f7535c6f181c8010f682acc5fe9d/screenshot'
17:28:48.008 [AsyncHttpClient-1-7] DEBUG org.asynchttpclient.netty.handler.HttpHandler - 

Request DefaultFullHttpRequest(decodeResult: success, version: HTTP/1.1, content: EmptyByteBufBE)
GET /session/9485f7535c6f181c8010f682acc5fe9d/screenshot HTTP/1.1
User-Agent: selenium/4.1.2 (java windows)
Cache-Control: no-cache
Content-Type: application/json; charset=utf-8
host: localhost:59908
accept: */*

Response DefaultHttpResponse(decodeResult: success, version: HTTP/1.1)
HTTP/1.1 200 OK
Content-Type: application/json; charset=utf-8
cache-control: no-cache
content-length: 37108

17:28:48.008 [AsyncHttpClient-1-7] DEBUG org.asynchttpclient.netty.channel.ChannelManager - Adding key: http://localhost:59908 for channel [id: 0xfce49459, L:/127.0.0.1:60427 - R:localhost/127.0.0.1:59908]
17:28:48.011 [main] DEBUG net.serenitybdd.core.photography.Darkroom - Send negative for processing for target\site\serenity\191892a91731ac9195bdb99cdcc5e2b48dec5b3983076e7a0bc1cdda6d18b5fb.png
17:28:48.012 [main] DEBUG net.thucydides.core.steps.StepInterceptor - STEP DONE: clickMenuPatientButton
  &amp#27;[32mAnd &amp#27;[0m&amp#27;[32mI click menu patient&amp#27;[0m                                &amp#27;[90m# starter.stepdefinitions.PatientSteps.iClickMenuPatient()&amp#27;[0m
17:28:48.031 [Forwarding findElement on session 9485f7535c6f181c8010f682acc5fe9d to remote] DEBUG org.asynchttpclient.netty.request.NettyRequestSender - Using pooled Channel '[id: 0xfce49459, L:/127.0.0.1:60427 - R:localhost/127.0.0.1:59908]' for 'POST' to 'http://localhost:59908/session/9485f7535c6f181c8010f682acc5fe9d/element'
17:28:48.031 [Forwarding findElement on session 9485f7535c6f181c8010f682acc5fe9d to remote] DEBUG org.asynchttpclient.netty.request.NettyRequestSender - Using open Channel [id: 0xfce49459, L:/127.0.0.1:60427 - R:localhost/127.0.0.1:59908] for POST '/session/9485f7535c6f181c8010f682acc5fe9d/element'
17:28:48.050 [AsyncHttpClient-1-7] DEBUG org.asynchttpclient.netty.handler.HttpHandler - 

Request DefaultHttpRequest(decodeResult: success, version: HTTP/1.1)
POST /session/9485f7535c6f181c8010f682acc5fe9d/element HTTP/1.1
User-Agent: selenium/4.1.2 (java windows)
Content-Length: 160
Content-Type: application/json; charset=utf-8
host: localhost:59908
accept: */*

Response DefaultHttpResponse(decodeResult: success, version: HTTP/1.1)
HTTP/1.1 200 OK
Content-Type: application/json; charset=utf-8
cache-control: no-cache
content-length: 88

17:28:48.050 [AsyncHttpClient-1-7] DEBUG org.asynchttpclient.netty.channel.ChannelManager - Adding key: http://localhost:59908 for channel [id: 0xfce49459, L:/127.0.0.1:60427 - R:localhost/127.0.0.1:59908]
17:28:48.051 [Forwarding clearElement on session 9485f7535c6f181c8010f682acc5fe9d to remote] DEBUG org.asynchttpclient.netty.request.NettyRequestSender - Using pooled Channel '[id: 0xfce49459, L:/127.0.0.1:60427 - R:localhost/127.0.0.1:59908]' for 'POST' to 'http://localhost:59908/session/9485f7535c6f181c8010f682acc5fe9d/element/71fef0c0-2c20-4adb-85f3-dd8f86a71a7f/clear'
17:28:48.051 [Forwarding clearElement on session 9485f7535c6f181c8010f682acc5fe9d to remote] DEBUG org.asynchttpclient.netty.request.NettyRequestSender - Using open Channel [id: 0xfce49459, L:/127.0.0.1:60427 - R:localhost/127.0.0.1:59908] for POST '/session/9485f7535c6f181c8010f682acc5fe9d/element/71fef0c0-2c20-4adb-85f3-dd8f86a71a7f/clear'
17:28:48.098 [AsyncHttpClient-1-7] DEBUG org.asynchttpclient.netty.handler.HttpHandler - 

Request DefaultHttpRequest(decodeResult: success, version: HTTP/1.1)
POST /session/9485f7535c6f181c8010f682acc5fe9d/element/71fef0c0-2c20-4adb-85f3-dd8f86a71a7f/clear HTTP/1.1
User-Agent: selenium/4.1.2 (java windows)
Content-Length: 50
Content-Type: application/json; charset=utf-8
host: localhost:59908
accept: */*

Response DefaultHttpResponse(decodeResult: success, version: HTTP/1.1)
HTTP/1.1 200 OK
Content-Type: application/json; charset=utf-8
cache-control: no-cache
content-length: 14

17:28:48.098 [AsyncHttpClient-1-7] DEBUG org.asynchttpclient.netty.channel.ChannelManager - Adding key: http://localhost:59908 for channel [id: 0xfce49459, L:/127.0.0.1:60427 - R:localhost/127.0.0.1:59908]
17:28:48.100 [Forwarding sendKeysToElement on session 9485f7535c6f181c8010f682acc5fe9d to remote] DEBUG org.asynchttpclient.netty.request.NettyRequestSender - Using pooled Channel '[id: 0xfce49459, L:/127.0.0.1:60427 - R:localhost/127.0.0.1:59908]' for 'POST' to 'http://localhost:59908/session/9485f7535c6f181c8010f682acc5fe9d/element/71fef0c0-2c20-4adb-85f3-dd8f86a71a7f/value'
17:28:48.100 [Forwarding sendKeysToElement on session 9485f7535c6f181c8010f682acc5fe9d to remote] DEBUG org.asynchttpclient.netty.request.NettyRequestSender - Using open Channel [id: 0xfce49459, L:/127.0.0.1:60427 - R:localhost/127.0.0.1:59908] for POST '/session/9485f7535c6f181c8010f682acc5fe9d/element/71fef0c0-2c20-4adb-85f3-dd8f86a71a7f/value'
17:28:48.251 [AsyncHttpClient-1-1] DEBUG org.asynchttpclient.netty.channel.DefaultChannelPool - Entry count for : http://localhost:60428 : 1
17:28:48.370 [AsyncHttpClient-1-7] DEBUG org.asynchttpclient.netty.handler.HttpHandler - 

Request DefaultHttpRequest(decodeResult: success, version: HTTP/1.1)
POST /session/9485f7535c6f181c8010f682acc5fe9d/element/71fef0c0-2c20-4adb-85f3-dd8f86a71a7f/value HTTP/1.1
User-Agent: selenium/4.1.2 (java windows)
Content-Length: 141
Content-Type: application/json; charset=utf-8
host: localhost:59908
accept: */*

Response DefaultHttpResponse(decodeResult: success, version: HTTP/1.1)
HTTP/1.1 200 OK
Content-Type: application/json; charset=utf-8
cache-control: no-cache
content-length: 14

17:28:48.370 [AsyncHttpClient-1-7] DEBUG org.asynchttpclient.netty.channel.ChannelManager - Adding key: http://localhost:59908 for channel [id: 0xfce49459, L:/127.0.0.1:60427 - R:localhost/127.0.0.1:59908]
17:28:48.381 [Forwarding screenshot on session 9485f7535c6f181c8010f682acc5fe9d to remote] DEBUG org.asynchttpclient.netty.request.NettyRequestSender - Using pooled Channel '[id: 0xfce49459, L:/127.0.0.1:60427 - R:localhost/127.0.0.1:59908]' for 'GET' to 'http://localhost:59908/session/9485f7535c6f181c8010f682acc5fe9d/screenshot'
17:28:48.381 [Forwarding screenshot on session 9485f7535c6f181c8010f682acc5fe9d to remote] DEBUG org.asynchttpclient.netty.request.NettyRequestSender - Using open Channel [id: 0xfce49459, L:/127.0.0.1:60427 - R:localhost/127.0.0.1:59908] for GET '/session/9485f7535c6f181c8010f682acc5fe9d/screenshot'
17:28:48.515 [AsyncHttpClient-1-7] DEBUG org.asynchttpclient.netty.handler.HttpHandler - 

Request DefaultFullHttpRequest(decodeResult: success, version: HTTP/1.1, content: EmptyByteBufBE)
GET /session/9485f7535c6f181c8010f682acc5fe9d/screenshot HTTP/1.1
User-Agent: selenium/4.1.2 (java windows)
Cache-Control: no-cache
Content-Type: application/json; charset=utf-8
host: localhost:59908
accept: */*

Response DefaultHttpResponse(decodeResult: success, version: HTTP/1.1)
HTTP/1.1 200 OK
Content-Type: application/json; charset=utf-8
cache-control: no-cache
content-length: 36252

17:28:48.515 [AsyncHttpClient-1-7] DEBUG org.asynchttpclient.netty.channel.ChannelManager - Adding key: http://localhost:59908 for channel [id: 0xfce49459, L:/127.0.0.1:60427 - R:localhost/127.0.0.1:59908]
17:28:48.519 [main] DEBUG net.serenitybdd.core.photography.Darkroom - Send negative for processing for target\site\serenity\23d980011d2a8e30b48b9b2dcf2bbfb214640d86ca2ecd519be2a8d4aaca35d4.png
17:28:48.520 [main] DEBUG net.thucydides.core.steps.StepInterceptor - STARTING STEP: PatientSteps.iInputPatientGenderAndClickSearch - clickSearchButton
17:28:48.521 [Darkroom Processing Line] DEBUG net.serenitybdd.core.photography.DarkroomProcessingLine - Processing screenshot image in /var/screenshots/screenshot-2139415065179559846
17:28:48.521 [Darkroom Processing Line] DEBUG net.serenitybdd.core.photography.DarkroomProcessingLine - Saving screenshot to target\site\serenity\23d980011d2a8e30b48b9b2dcf2bbfb214640d86ca2ecd519be2a8d4aaca35d4.png
17:28:48.526 [Forwarding findElement on session 9485f7535c6f181c8010f682acc5fe9d to remote] DEBUG org.asynchttpclient.netty.request.NettyRequestSender - Using pooled Channel '[id: 0xfce49459, L:/127.0.0.1:60427 - R:localhost/127.0.0.1:59908]' for 'POST' to 'http://localhost:59908/session/9485f7535c6f181c8010f682acc5fe9d/element'
17:28:48.526 [Forwarding findElement on session 9485f7535c6f181c8010f682acc5fe9d to remote] DEBUG org.asynchttpclient.netty.request.NettyRequestSender - Using open Channel [id: 0xfce49459, L:/127.0.0.1:60427 - R:localhost/127.0.0.1:59908] for POST '/session/9485f7535c6f181c8010f682acc5fe9d/element'
17:28:48.547 [AsyncHttpClient-1-7] DEBUG org.asynchttpclient.netty.handler.HttpHandler - 

Request DefaultHttpRequest(decodeResult: success, version: HTTP/1.1)
POST /session/9485f7535c6f181c8010f682acc5fe9d/element HTTP/1.1
User-Agent: selenium/4.1.2 (java windows)
Content-Length: 161
Content-Type: application/json; charset=utf-8
host: localhost:59908
accept: */*

Response DefaultHttpResponse(decodeResult: success, version: HTTP/1.1)
HTTP/1.1 200 OK
Content-Type: application/json; charset=utf-8
cache-control: no-cache
content-length: 88

17:28:48.547 [AsyncHttpClient-1-7] DEBUG org.asynchttpclient.netty.channel.ChannelManager - Adding key: http://localhost:59908 for channel [id: 0xfce49459, L:/127.0.0.1:60427 - R:localhost/127.0.0.1:59908]
17:28:48.549 [Forwarding getElementTagName on session 9485f7535c6f181c8010f682acc5fe9d to remote] DEBUG org.asynchttpclient.netty.request.NettyRequestSender - Using pooled Channel '[id: 0xfce49459, L:/127.0.0.1:60427 - R:localhost/127.0.0.1:59908]' for 'GET' to 'http://localhost:59908/session/9485f7535c6f181c8010f682acc5fe9d/element/92f0b9ff-f500-493a-afaf-0993d2012c98/name'
17:28:48.549 [Forwarding getElementTagName on session 9485f7535c6f181c8010f682acc5fe9d to remote] DEBUG org.asynchttpclient.netty.request.NettyRequestSender - Using open Channel [id: 0xfce49459, L:/127.0.0.1:60427 - R:localhost/127.0.0.1:59908] for GET '/session/9485f7535c6f181c8010f682acc5fe9d/element/92f0b9ff-f500-493a-afaf-0993d2012c98/name'
17:28:48.558 [AsyncHttpClient-1-7] DEBUG org.asynchttpclient.netty.handler.HttpHandler - 

Request DefaultFullHttpRequest(decodeResult: success, version: HTTP/1.1, content: EmptyByteBufBE)
GET /session/9485f7535c6f181c8010f682acc5fe9d/element/92f0b9ff-f500-493a-afaf-0993d2012c98/name HTTP/1.1
User-Agent: selenium/4.1.2 (java windows)
Cache-Control: no-cache
Content-Type: application/json; charset=utf-8
host: localhost:59908
accept: */*

Response DefaultHttpResponse(decodeResult: success, version: HTTP/1.1)
HTTP/1.1 200 OK
Content-Type: application/json; charset=utf-8
cache-control: no-cache
content-length: 18

17:28:48.558 [AsyncHttpClient-1-7] DEBUG org.asynchttpclient.netty.channel.ChannelManager - Adding key: http://localhost:59908 for channel [id: 0xfce49459, L:/127.0.0.1:60427 - R:localhost/127.0.0.1:59908]
17:28:48.559 [Forwarding getElementTagName on session 9485f7535c6f181c8010f682acc5fe9d to remote] DEBUG org.asynchttpclient.netty.request.NettyRequestSender - Using pooled Channel '[id: 0xfce49459, L:/127.0.0.1:60427 - R:localhost/127.0.0.1:59908]' for 'GET' to 'http://localhost:59908/session/9485f7535c6f181c8010f682acc5fe9d/element/92f0b9ff-f500-493a-afaf-0993d2012c98/name'
17:28:48.559 [Forwarding getElementTagName on session 9485f7535c6f181c8010f682acc5fe9d to remote] DEBUG org.asynchttpclient.netty.request.NettyRequestSender - Using open Channel [id: 0xfce49459, L:/127.0.0.1:60427 - R:localhost/127.0.0.1:59908] for GET '/session/9485f7535c6f181c8010f682acc5fe9d/element/92f0b9ff-f500-493a-afaf-0993d2012c98/name'
17:28:48.563 [AsyncHttpClient-1-7] DEBUG org.asynchttpclient.netty.handler.HttpHandler - 

Request DefaultFullHttpRequest(decodeResult: success, version: HTTP/1.1, content: EmptyByteBufBE)
GET /session/9485f7535c6f181c8010f682acc5fe9d/element/92f0b9ff-f500-493a-afaf-0993d2012c98/name HTTP/1.1
User-Agent: selenium/4.1.2 (java windows)
Cache-Control: no-cache
Content-Type: application/json; charset=utf-8
host: localhost:59908
accept: */*

Response DefaultHttpResponse(decodeResult: success, version: HTTP/1.1)
HTTP/1.1 200 OK
Content-Type: application/json; charset=utf-8
cache-control: no-cache
content-length: 18

17:28:48.563 [AsyncHttpClient-1-7] DEBUG org.asynchttpclient.netty.channel.ChannelManager - Adding key: http://localhost:59908 for channel [id: 0xfce49459, L:/127.0.0.1:60427 - R:localhost/127.0.0.1:59908]
17:28:48.565 [Forwarding isElementEnabled on session 9485f7535c6f181c8010f682acc5fe9d to remote] DEBUG org.asynchttpclient.netty.request.NettyRequestSender - Using pooled Channel '[id: 0xfce49459, L:/127.0.0.1:60427 - R:localhost/127.0.0.1:59908]' for 'GET' to 'http://localhost:59908/session/9485f7535c6f181c8010f682acc5fe9d/element/92f0b9ff-f500-493a-afaf-0993d2012c98/enabled'
17:28:48.565 [Forwarding isElementEnabled on session 9485f7535c6f181c8010f682acc5fe9d to remote] DEBUG org.asynchttpclient.netty.request.NettyRequestSender - Using open Channel [id: 0xfce49459, L:/127.0.0.1:60427 - R:localhost/127.0.0.1:59908] for GET '/session/9485f7535c6f181c8010f682acc5fe9d/element/92f0b9ff-f500-493a-afaf-0993d2012c98/enabled'
17:28:48.578 [AsyncHttpClient-1-7] DEBUG org.asynchttpclient.netty.handler.HttpHandler - 

Request DefaultFullHttpRequest(decodeResult: success, version: HTTP/1.1, content: EmptyByteBufBE)
GET /session/9485f7535c6f181c8010f682acc5fe9d/element/92f0b9ff-f500-493a-afaf-0993d2012c98/enabled HTTP/1.1
User-Agent: selenium/4.1.2 (java windows)
Cache-Control: no-cache
Content-Type: application/json; charset=utf-8
host: localhost:59908
accept: */*

Response DefaultHttpResponse(decodeResult: success, version: HTTP/1.1)
HTTP/1.1 200 OK
Content-Type: application/json; charset=utf-8
cache-control: no-cache
content-length: 14

17:28:48.578 [AsyncHttpClient-1-7] DEBUG org.asynchttpclient.netty.channel.ChannelManager - Adding key: http://localhost:59908 for channel [id: 0xfce49459, L:/127.0.0.1:60427 - R:localhost/127.0.0.1:59908]
17:28:48.579 [Forwarding isElementEnabled on session 9485f7535c6f181c8010f682acc5fe9d to remote] DEBUG org.asynchttpclient.netty.request.NettyRequestSender - Using pooled Channel '[id: 0xfce49459, L:/127.0.0.1:60427 - R:localhost/127.0.0.1:59908]' for 'GET' to 'http://localhost:59908/session/9485f7535c6f181c8010f682acc5fe9d/element/92f0b9ff-f500-493a-afaf-0993d2012c98/enabled'
17:28:48.579 [Forwarding isElementEnabled on session 9485f7535c6f181c8010f682acc5fe9d to remote] DEBUG org.asynchttpclient.netty.request.NettyRequestSender - Using open Channel [id: 0xfce49459, L:/127.0.0.1:60427 - R:localhost/127.0.0.1:59908] for GET '/session/9485f7535c6f181c8010f682acc5fe9d/element/92f0b9ff-f500-493a-afaf-0993d2012c98/enabled'
17:28:48.588 [AsyncHttpClient-1-7] DEBUG org.asynchttpclient.netty.handler.HttpHandler - 

Request DefaultFullHttpRequest(decodeResult: success, version: HTTP/1.1, content: EmptyByteBufBE)
GET /session/9485f7535c6f181c8010f682acc5fe9d/element/92f0b9ff-f500-493a-afaf-0993d2012c98/enabled HTTP/1.1
User-Agent: selenium/4.1.2 (java windows)
Cache-Control: no-cache
Content-Type: application/json; charset=utf-8
host: localhost:59908
accept: */*

Response DefaultHttpResponse(decodeResult: success, version: HTTP/1.1)
HTTP/1.1 200 OK
Content-Type: application/json; charset=utf-8
cache-control: no-cache
content-length: 14

17:28:48.588 [AsyncHttpClient-1-7] DEBUG org.asynchttpclient.netty.channel.ChannelManager - Adding key: http://localhost:59908 for channel [id: 0xfce49459, L:/127.0.0.1:60427 - R:localhost/127.0.0.1:59908]
17:28:48.591 [Forwarding findElement on session 9485f7535c6f181c8010f682acc5fe9d to remote] DEBUG org.asynchttpclient.netty.request.NettyRequestSender - Using pooled Channel '[id: 0xfce49459, L:/127.0.0.1:60427 - R:localhost/127.0.0.1:59908]' for 'POST' to 'http://localhost:59908/session/9485f7535c6f181c8010f682acc5fe9d/element'
17:28:48.591 [Forwarding findElement on session 9485f7535c6f181c8010f682acc5fe9d to remote] DEBUG org.asynchttpclient.netty.request.NettyRequestSender - Using open Channel [id: 0xfce49459, L:/127.0.0.1:60427 - R:localhost/127.0.0.1:59908] for POST '/session/9485f7535c6f181c8010f682acc5fe9d/element'
17:28:48.602 [AsyncHttpClient-1-7] DEBUG org.asynchttpclient.netty.handler.HttpHandler - 

Request DefaultHttpRequest(decodeResult: success, version: HTTP/1.1)
POST /session/9485f7535c6f181c8010f682acc5fe9d/element HTTP/1.1
User-Agent: selenium/4.1.2 (java windows)
Content-Length: 161
Content-Type: application/json; charset=utf-8
host: localhost:59908
accept: */*

Response DefaultHttpResponse(decodeResult: success, version: HTTP/1.1)
HTTP/1.1 200 OK
Content-Type: application/json; charset=utf-8
cache-control: no-cache
content-length: 88

17:28:48.602 [AsyncHttpClient-1-7] DEBUG org.asynchttpclient.netty.channel.ChannelManager - Adding key: http://localhost:59908 for channel [id: 0xfce49459, L:/127.0.0.1:60427 - R:localhost/127.0.0.1:59908]
17:28:48.604 [Forwarding clickElement on session 9485f7535c6f181c8010f682acc5fe9d to remote] DEBUG org.asynchttpclient.netty.request.NettyRequestSender - Using pooled Channel '[id: 0xfce49459, L:/127.0.0.1:60427 - R:localhost/127.0.0.1:59908]' for 'POST' to 'http://localhost:59908/session/9485f7535c6f181c8010f682acc5fe9d/element/92f0b9ff-f500-493a-afaf-0993d2012c98/click'
17:28:48.604 [Forwarding clickElement on session 9485f7535c6f181c8010f682acc5fe9d to remote] DEBUG org.asynchttpclient.netty.request.NettyRequestSender - Using open Channel [id: 0xfce49459, L:/127.0.0.1:60427 - R:localhost/127.0.0.1:59908] for POST '/session/9485f7535c6f181c8010f682acc5fe9d/element/92f0b9ff-f500-493a-afaf-0993d2012c98/click'
17:28:48.659 [AsyncHttpClient-1-7] DEBUG org.asynchttpclient.netty.handler.HttpHandler - 

Request DefaultHttpRequest(decodeResult: success, version: HTTP/1.1)
POST /session/9485f7535c6f181c8010f682acc5fe9d/element/92f0b9ff-f500-493a-afaf-0993d2012c98/click HTTP/1.1
User-Agent: selenium/4.1.2 (java windows)
Content-Length: 50
Content-Type: application/json; charset=utf-8
host: localhost:59908
accept: */*

Response DefaultHttpResponse(decodeResult: success, version: HTTP/1.1)
HTTP/1.1 200 OK
Content-Type: application/json; charset=utf-8
cache-control: no-cache
content-length: 14

17:28:48.659 [AsyncHttpClient-1-7] DEBUG org.asynchttpclient.netty.channel.ChannelManager - Adding key: http://localhost:59908 for channel [id: 0xfce49459, L:/127.0.0.1:60427 - R:localhost/127.0.0.1:59908]
17:28:48.667 [Forwarding screenshot on session 9485f7535c6f181c8010f682acc5fe9d to remote] DEBUG org.asynchttpclient.netty.request.NettyRequestSender - Using pooled Channel '[id: 0xfce49459, L:/127.0.0.1:60427 - R:localhost/127.0.0.1:59908]' for 'GET' to 'http://localhost:59908/session/9485f7535c6f181c8010f682acc5fe9d/screenshot'
17:28:48.667 [Forwarding screenshot on session 9485f7535c6f181c8010f682acc5fe9d to remote] DEBUG org.asynchttpclient.netty.request.NettyRequestSender - Using open Channel [id: 0xfce49459, L:/127.0.0.1:60427 - R:localhost/127.0.0.1:59908] for GET '/session/9485f7535c6f181c8010f682acc5fe9d/screenshot'
17:28:48.779 [AsyncHttpClient-1-7] DEBUG org.asynchttpclient.netty.handler.HttpHandler - 

Request DefaultFullHttpRequest(decodeResult: success, version: HTTP/1.1, content: EmptyByteBufBE)
GET /session/9485f7535c6f181c8010f682acc5fe9d/screenshot HTTP/1.1
User-Agent: selenium/4.1.2 (java windows)
Cache-Control: no-cache
Content-Type: application/json; charset=utf-8
host: localhost:59908
accept: */*

Response DefaultHttpResponse(decodeResult: success, version: HTTP/1.1)
HTTP/1.1 200 OK
Content-Type: application/json; charset=utf-8
cache-control: no-cache
content-length: 37564

17:28:48.780 [AsyncHttpClient-1-7] DEBUG org.asynchttpclient.netty.channel.ChannelManager - Adding key: http://localhost:59908 for channel [id: 0xfce49459, L:/127.0.0.1:60427 - R:localhost/127.0.0.1:59908]
17:28:48.782 [main] DEBUG net.serenitybdd.core.photography.Darkroom - Send negative for processing for target\site\serenity\b4fec2cf2e04f8a16ace188cfcde6a1ffccf1dff6d7c03475f6bf8d82bb4dc04.png
17:28:49.100 [main] DEBUG net.thucydides.core.steps.StepInterceptor - STEP DONE: clickSearchButton
17:28:49.101 [Darkroom Processing Line] DEBUG net.serenitybdd.core.photography.DarkroomProcessingLine - Processing screenshot image in /var/screenshots/screenshot-989028726217445453
17:28:49.101 [Darkroom Processing Line] DEBUG net.serenitybdd.core.photography.DarkroomProcessingLine - Saving screenshot to target\site\serenity\b4fec2cf2e04f8a16ace188cfcde6a1ffccf1dff6d7c03475f6bf8d82bb4dc04.png
  &amp#27;[32mWhen &amp#27;[0m&amp#27;[32mI input patient gender and click search&amp#27;[0m            &amp#27;[90m# starter.stepdefinitions.PatientSteps.iInputPatientGenderAndClickSearch()&amp#27;[0m
17:28:49.113 [Forwarding findElement on session 9485f7535c6f181c8010f682acc5fe9d to remote] DEBUG org.asynchttpclient.netty.request.NettyRequestSender - Using pooled Channel '[id: 0xfce49459, L:/127.0.0.1:60427 - R:localhost/127.0.0.1:59908]' for 'POST' to 'http://localhost:59908/session/9485f7535c6f181c8010f682acc5fe9d/element'
17:28:49.113 [Forwarding findElement on session 9485f7535c6f181c8010f682acc5fe9d to remote] DEBUG org.asynchttpclient.netty.request.NettyRequestSender - Using open Channel [id: 0xfce49459, L:/127.0.0.1:60427 - R:localhost/127.0.0.1:59908] for POST '/session/9485f7535c6f181c8010f682acc5fe9d/element'
17:28:49.342 [AsyncHttpClient-1-1] DEBUG org.asynchttpclient.netty.channel.DefaultChannelPool - Entry count for : http://localhost:60428 : 1
17:28:50.039 [AsyncHttpClient-1-7] DEBUG org.asynchttpclient.netty.handler.HttpHandler - 

Request DefaultHttpRequest(decodeResult: success, version: HTTP/1.1)
POST /session/9485f7535c6f181c8010f682acc5fe9d/element HTTP/1.1
User-Agent: selenium/4.1.2 (java windows)
Content-Length: 76
Content-Type: application/json; charset=utf-8
host: localhost:59908
accept: */*

Response DefaultHttpResponse(decodeResult: success, version: HTTP/1.1)
HTTP/1.1 200 OK
Content-Type: application/json; charset=utf-8
cache-control: no-cache
content-length: 88

17:28:50.039 [AsyncHttpClient-1-7] DEBUG org.asynchttpclient.netty.channel.ChannelManager - Adding key: http://localhost:59908 for channel [id: 0xfce49459, L:/127.0.0.1:60427 - R:localhost/127.0.0.1:59908]
17:28:50.049 [Forwarding isElementDisplayed on session 9485f7535c6f181c8010f682acc5fe9d to remote] DEBUG org.asynchttpclient.netty.request.NettyRequestSender - Using pooled Channel '[id: 0xfce49459, L:/127.0.0.1:60427 - R:localhost/127.0.0.1:59908]' for 'POST' to 'http://localhost:59908/session/9485f7535c6f181c8010f682acc5fe9d/execute/sync'
17:28:50.049 [Forwarding isElementDisplayed on session 9485f7535c6f181c8010f682acc5fe9d to remote] DEBUG org.asynchttpclient.netty.request.NettyRequestSender - Using open Channel [id: 0xfce49459, L:/127.0.0.1:60427 - R:localhost/127.0.0.1:59908] for POST '/session/9485f7535c6f181c8010f682acc5fe9d/execute/sync'
17:28:50.091 [AsyncHttpClient-1-7] DEBUG org.asynchttpclient.netty.handler.HttpHandler - 

Request DefaultHttpRequest(decodeResult: success, version: HTTP/1.1)
POST /session/9485f7535c6f181c8010f682acc5fe9d/execute/sync HTTP/1.1
User-Agent: selenium/4.1.2 (java windows)
Content-Length: 48780
Content-Type: application/json; charset=utf-8
host: localhost:59908
accept: */*

Response DefaultHttpResponse(decodeResult: success, version: HTTP/1.1)
HTTP/1.1 200 OK
Content-Type: application/json; charset=utf-8
cache-control: no-cache
content-length: 14

17:28:50.091 [AsyncHttpClient-1-7] DEBUG org.asynchttpclient.netty.channel.ChannelManager - Adding key: http://localhost:59908 for channel [id: 0xfce49459, L:/127.0.0.1:60427 - R:localhost/127.0.0.1:59908]
  &amp#27;[32mThen &amp#27;[0m&amp#27;[32mI validate search by patient gender&amp#27;[0m                &amp#27;[90m# starter.stepdefinitions.PatientSteps.iValidateSearchByPatientGender()&amp#27;[0m
17:28:50.097 [Forwarding screenshot on session 9485f7535c6f181c8010f682acc5fe9d to remote] DEBUG org.asynchttpclient.netty.request.NettyRequestSender - Using pooled Channel '[id: 0xfce49459, L:/127.0.0.1:60427 - R:localhost/127.0.0.1:59908]' for 'GET' to 'http://localhost:59908/session/9485f7535c6f181c8010f682acc5fe9d/screenshot'
17:28:50.097 [Forwarding screenshot on session 9485f7535c6f181c8010f682acc5fe9d to remote] DEBUG org.asynchttpclient.netty.request.NettyRequestSender - Using open Channel [id: 0xfce49459, L:/127.0.0.1:60427 - R:localhost/127.0.0.1:59908] for GET '/session/9485f7535c6f181c8010f682acc5fe9d/screenshot'
17:28:50.198 [AsyncHttpClient-1-7] DEBUG org.asynchttpclient.netty.handler.HttpHandler - 

Request DefaultFullHttpRequest(decodeResult: success, version: HTTP/1.1, content: EmptyByteBufBE)
GET /session/9485f7535c6f181c8010f682acc5fe9d/screenshot HTTP/1.1
User-Agent: selenium/4.1.2 (java windows)
Cache-Control: no-cache
Content-Type: application/json; charset=utf-8
host: localhost:59908
accept: */*

Response DefaultHttpResponse(decodeResult: success, version: HTTP/1.1)
HTTP/1.1 200 OK
Content-Type: application/json; charset=utf-8
cache-control: no-cache
content-length: 80412

17:28:50.198 [AsyncHttpClient-1-7] DEBUG org.asynchttpclient.netty.channel.ChannelManager - Adding key: http://localhost:59908 for channel [id: 0xfce49459, L:/127.0.0.1:60427 - R:localhost/127.0.0.1:59908]
17:28:50.203 [main] DEBUG net.serenitybdd.core.photography.Darkroom - Send negative for processing for target\site\serenity\ec0ee61e357a9d11e98c0b61597bce6b909bf9d515b5abd235cfe41ec174d0d4.png
17:28:50.203 [Darkroom Processing Line] DEBUG net.serenitybdd.core.photography.DarkroomProcessingLine - Processing screenshot image in /var/screenshots/screenshot-17477598870293888244
17:28:50.203 [Darkroom Processing Line] DEBUG net.serenitybdd.core.photography.DarkroomProcessingLine - Saving screenshot to target\site\serenity\ec0ee61e357a9d11e98c0b61597bce6b909bf9d515b5abd235cfe41ec174d0d4.png
17:28:50.204 [main] INFO  - 
  _____   ___   ___   _____     ___     _     ___   ___   ___   ___  
 |_   _| | __| / __| |_   _|   | _ \   /_\   / __| / __| | __| |   \ 
   | |   | _|  \__ \   | |     |  _/  / _ \  \__ \ \__ \ | _|  | |) |
   |_|   |___| |___/   |_|     |_|   /_/ \_\ |___/ |___/ |___| |___/ 

Search Patient Based on Patient Gender Scenario
----------------------------------------------------------------------
17:28:50.207 [AsyncHttpClient-1-9] DEBUG org.asynchttpclient.netty.handler.WebSocketHandler - Channel Closed: [id: 0x89e10df3, L:/127.0.0.1:60435 ! R:localhost/127.0.0.1:60428] with attribute NettyResponseFuture{currentRetry=5,
	isDone=1,
	isCancelled=0,
	asyncHandler=org.asynchttpclient.ws.WebSocketUpgradeHandler@3a266ac7,
	nettyRequest=org.asynchttpclient.netty.request.NettyRequest@77c623bc,
	future=java.util.concurrent.CompletableFuture@60f39222[Completed normally],
	uri=ws://localhost:60428/devtools/browser/62ccc8bb-b7de-4ac0-b68f-ba6c3ff40a8d,
	keepAlive=true,
	redirectCount=0,
	timeoutsHolder=null,
	inAuth=0,
	touch=1655375317834}
17:28:50.207 [AsyncHttpClient-1-9] DEBUG org.asynchttpclient.netty.channel.ChannelManager - Closing Channel [id: 0x89e10df3, L:/127.0.0.1:60435 ! R:localhost/127.0.0.1:60428] 
17:28:50.207 [Driver Command Executor] DEBUG org.asynchttpclient.netty.request.NettyRequestSender - Using pooled Channel '[id: 0xfce49459, L:/127.0.0.1:60427 - R:localhost/127.0.0.1:59908]' for 'DELETE' to 'http://localhost:59908/session/9485f7535c6f181c8010f682acc5fe9d'
17:28:50.207 [Driver Command Executor] DEBUG org.asynchttpclient.netty.request.NettyRequestSender - Using open Channel [id: 0xfce49459, L:/127.0.0.1:60427 - R:localhost/127.0.0.1:59908] for DELETE '/session/9485f7535c6f181c8010f682acc5fe9d'
17:28:50.254 [AsyncHttpClient-1-7] DEBUG org.asynchttpclient.netty.handler.HttpHandler - 

Request DefaultFullHttpRequest(decodeResult: success, version: HTTP/1.1, content: EmptyByteBufBE)
DELETE /session/9485f7535c6f181c8010f682acc5fe9d HTTP/1.1
User-Agent: selenium/4.1.2 (java windows)
Content-Type: application/json; charset=utf-8
host: localhost:59908
accept: */*

Response DefaultHttpResponse(decodeResult: success, version: HTTP/1.1)
HTTP/1.1 200 OK
Content-Type: application/json; charset=utf-8
cache-control: no-cache
content-length: 14

17:28:50.254 [AsyncHttpClient-1-7] DEBUG org.asynchttpclient.netty.channel.ChannelManager - Adding key: http://localhost:59908 for channel [id: 0xfce49459, L:/127.0.0.1:60427 - R:localhost/127.0.0.1:59908]
17:28:50.295 [AsyncHttpClient-1-8] DEBUG org.asynchttpclient.netty.handler.HttpHandler - Unexpected I/O exception on channel [id: 0xb2d1f12c, L:/127.0.0.1:60434 - R:localhost/127.0.0.1:60428]
java.net.SocketException: Connection reset
	at java.base/sun.nio.ch.SocketChannelImpl.throwConnectionReset(SocketChannelImpl.java:367)
	at java.base/sun.nio.ch.SocketChannelImpl.read(SocketChannelImpl.java:398)
	at io.netty.buffer.PooledByteBuf.setBytes(PooledByteBuf.java:258)
	at io.netty.buffer.AbstractByteBuf.writeBytes(AbstractByteBuf.java:1132)
	at io.netty.channel.socket.nio.NioSocketChannel.doReadBytes(NioSocketChannel.java:350)
	at io.netty.channel.nio.AbstractNioByteChannel$NioByteUnsafe.read(AbstractNioByteChannel.java:151)
	at io.netty.channel.nio.NioEventLoop.processSelectedKey(NioEventLoop.java:722)
	at io.netty.channel.nio.NioEventLoop.processSelectedKeysOptimized(NioEventLoop.java:658)
	at io.netty.channel.nio.NioEventLoop.processSelectedKeys(NioEventLoop.java:584)
	at io.netty.channel.nio.NioEventLoop.run(NioEventLoop.java:496)
	at io.netty.util.concurrent.SingleThreadEventExecutor$4.run(SingleThreadEventExecutor.java:986)
	at io.netty.util.internal.ThreadExecutorMap$2.run(ThreadExecutorMap.java:74)
	at io.netty.util.concurrent.FastThreadLocalRunnable.run(FastThreadLocalRunnable.java:30)
	at java.base/java.lang.Thread.run(Thread.java:832)
17:28:50.296 [AsyncHttpClient-1-8] DEBUG org.asynchttpclient.netty.channel.ChannelManager - Closing Channel [id: 0xb2d1f12c, L:/127.0.0.1:60434 - R:localhost/127.0.0.1:60428] 
17:28:50.296 [AsyncHttpClient-1-8] DEBUG org.asynchttpclient.netty.handler.HttpHandler - Channel Closed: [id: 0xb2d1f12c, L:/127.0.0.1:60434 ! R:localhost/127.0.0.1:60428] with attribute DISCARD
17:28:50.442 [AsyncHttpClient-1-1] DEBUG org.asynchttpclient.netty.channel.DefaultChannelPool - Entry count for : http://localhost:59908 : 1
17:28:50.442 [AsyncHttpClient-1-1] DEBUG org.asynchttpclient.netty.channel.DefaultChannelPool - Entry count for : http://localhost:60428 : 1
17:28:50.442 [AsyncHttpClient-1-1] DEBUG org.asynchttpclient.netty.channel.DefaultChannelPool - Adding Candidate expired Channel [id: 0xb2d1f12c, L:/127.0.0.1:60434 ! R:localhost/127.0.0.1:60428] isIdleTimeoutExpired=false isRemotelyClosed=true isTtlExpired=false
17:28:50.442 [AsyncHttpClient-1-1] DEBUG org.asynchttpclient.netty.channel.DefaultChannelPool - Closing Idle Channel [id: 0xb2d1f12c, L:/127.0.0.1:60434 ! R:localhost/127.0.0.1:60428]
17:28:50.442 [AsyncHttpClient-1-1] DEBUG org.asynchttpclient.netty.channel.DefaultChannelPool - Closed 1 connections out of 2 in 0 ms
17:28:50.659 [AsyncHttpClient-1-7] DEBUG org.asynchttpclient.netty.handler.HttpHandler - Channel Closed: [id: 0xfce49459, L:/127.0.0.1:60427 ! R:localhost/127.0.0.1:59908] with attribute DISCARD
]]></system-out>
    <system-err><![CDATA[Starting ChromeDriver 102.0.5005.61 (0e59bcc00cc4985ce39ad31c150065f159d95ad3-refs/branch-heads/5005@{#819}) on port 59908
Only local connections are allowed.
Please see https://chromedriver.chromium.org/security-considerations for suggestions on keeping ChromeDriver safe.
ChromeDriver was started successfully.
Jun 16, 2022 5:28:37 PM org.openqa.selenium.remote.ProtocolHandshake createSession
INFO: Detected dialect: W3C
Jun 16, 2022 5:28:37 PM org.openqa.selenium.devtools.CdpVersionFinder findNearestMatch
WARNING: Unable to find an exact match for CDP version 102, so returning the closest version found: a no-op implementation
Jun 16, 2022 5:28:37 PM org.openqa.selenium.devtools.CdpVersionFinder findNearestMatch
INFO: Unable to find CDP implementation matching 102.
Jun 16, 2022 5:28:37 PM org.openqa.selenium.chromium.ChromiumDriver lambda$new$3
WARNING: Unable to find version of CDP to use for . You may need to include a dependency on a specific version of the CDP using something similar to `org.seleniumhq.selenium:selenium-devtools-v86:4.1.2` where the version ("v86") matches the version of the chromium-based browser you're using and the version number of the artifact is the same as Selenium's.
]]></system-err>
  </testcase>
  <testcase name="Search Patient Based on Patient Blood Type Scenario" classname="Patient" time="51.906">
    <system-out><![CDATA[
@Patient
Scenario: Search Patient Based on Patient Blood Type Scenario &amp#27;[90m# src/test/resources/features/2.Patient.feature:64&amp#27;[0m
17:28:51.181 [main] INFO io.cucumber.core.plugin.SerenityReporter - Running feature from file:///E:/My%20Documents/File%20Difa/TI%20Semester%206%20Kampus%20Merdeka%20Alterra/Tugas/CAPSTONE%20Project/Capstone-Project-Website/src/test/resources/features/2.Patient.feature
17:28:51.183 [main] INFO  - 
  _____   ___   ___   _____     ___   _____     _     ___   _____   ___   ___  
 |_   _| | __| / __| |_   _|   / __| |_   _|   /_\   | _ \ |_   _| | __| |   \ 
   | |   | _|  \__ \   | |     \__ \   | |    / _ \  |   /   | |   | _|  | |) |
   |_|   |___| |___/   |_|     |___/   |_|   /_/ \_\ |_|_\   |_|   |___| |___/ 

Search Patient Based on Patient Blood Type Scenario(patient;search-patient-based-on-patient-blood-type-scenario)
--------------------------------------------------------------------------------
17:28:51.198 [main] DEBUG net.thucydides.core.steps.StepInterceptor - STARTING STEP: PatientSteps.iAmAtTheDashboardPage - openUrl
17:28:51.200 [main] INFO net.serenitybdd.core.webdriver.driverproviders.ChromeDriverProvider - Using automatically driver download
17:28:51.385 [main] DEBUG io.github.bonigarcia.wdm.cache.ResolutionCache - Resolution chrome=102 in cache (valid until 18:07:22 16/06/2022 ICT)
17:28:51.388 [main] DEBUG io.github.bonigarcia.wdm.cache.ResolutionCache - Resolution chrome102=102.0.5005.61 in cache (valid until 15:56:01 17/06/2022 ICT)
17:28:51.390 [main] INFO io.github.bonigarcia.wdm.WebDriverManager - Using chromedriver 102.0.5005.61 (resolved driver for Chrome 102)
17:28:51.401 [main] DEBUG io.github.bonigarcia.wdm.WebDriverManager - Driver chromedriver 102.0.5005.61 found in cache
17:28:51.401 [main] INFO io.github.bonigarcia.wdm.WebDriverManager - Exporting webdriver.chrome.driver as C:\Users\USER\.cache\selenium\chromedriver\win32\102.0.5005.61\chromedriver.exe
17:28:51.541 [AsyncHttpClient-1-1] DEBUG org.asynchttpclient.netty.channel.DefaultChannelPool - Entry count for : http://localhost:59908 : 1
17:28:51.541 [AsyncHttpClient-1-1] DEBUG org.asynchttpclient.netty.channel.DefaultChannelPool - Adding Candidate expired Channel [id: 0xfce49459, L:/127.0.0.1:60427 ! R:localhost/127.0.0.1:59908] isIdleTimeoutExpired=false isRemotelyClosed=true isTtlExpired=false
17:28:51.541 [AsyncHttpClient-1-1] DEBUG org.asynchttpclient.netty.channel.DefaultChannelPool - Closing Idle Channel [id: 0xfce49459, L:/127.0.0.1:60427 ! R:localhost/127.0.0.1:59908]
17:28:51.541 [AsyncHttpClient-1-1] DEBUG org.asynchttpclient.netty.channel.DefaultChannelPool - Closed 1 connections out of 1 in 0 ms
17:28:51.562 [main] DEBUG net.serenitybdd.core.webdriver.driverproviders.ProvideNewDriver - Instantiating driver
17:28:51.562 [main] DEBUG net.serenitybdd.core.webdriver.driverproviders.ProvideNewDriver - Driver capabilities: Capabilities {acceptInsecureCerts: false, base.url: https://hospital-management..., browserName: chrome, chrome.driver: src/test/resources/webdrive..., driver: chrome, goog:chromeOptions: {args: [], extensions: []}}
17:28:52.104 [AsyncHttpClient-1-2] DEBUG org.asynchttpclient.netty.channel.NettyConnectListener - Using new Channel '[id: 0xbc3f7e5b, L:/127.0.0.1:60453 - R:localhost/127.0.0.1:53781]' for 'POST' to '/session'
17:29:02.811 [AsyncHttpClient-1-2] DEBUG org.asynchttpclient.netty.handler.HttpHandler - 

Request DefaultHttpRequest(decodeResult: success, version: HTTP/1.1)
POST /session HTTP/1.1
User-Agent: selenium/4.1.2 (java windows)
Content-Length: 621
Content-Type: application/json; charset=utf-8
host: localhost:53781
accept: */*

Response DefaultHttpResponse(decodeResult: success, version: HTTP/1.1)
HTTP/1.1 200 OK
Content-Type: application/json; charset=utf-8
cache-control: no-cache
content-length: 789

17:29:02.811 [AsyncHttpClient-1-2] DEBUG org.asynchttpclient.netty.channel.ChannelManager - Adding key: http://localhost:53781 for channel [id: 0xbc3f7e5b, L:/127.0.0.1:60453 - R:localhost/127.0.0.1:53781]
17:29:02.819 [AsyncHttpClient-1-3] DEBUG org.asynchttpclient.netty.channel.NettyConnectListener - Using new Channel '[id: 0xa28ded41, L:/127.0.0.1:60461 - R:localhost/127.0.0.1:60455]' for 'GET' to '/json/version'
17:29:02.820 [AsyncHttpClient-1-3] DEBUG org.asynchttpclient.netty.handler.HttpHandler - 

Request DefaultFullHttpRequest(decodeResult: success, version: HTTP/1.1, content: EmptyByteBufBE)
GET /json/version HTTP/1.1
User-Agent: selenium/4.1.2 (java windows)
host: localhost:60455
accept: */*

Response DefaultHttpResponse(decodeResult: success, version: HTTP/1.1)
HTTP/1.1 200 OK
Content-Type: application/json; charset=UTF-8
content-length: 427

17:29:02.820 [AsyncHttpClient-1-3] DEBUG org.asynchttpclient.netty.channel.ChannelManager - Adding key: http://localhost:60455 for channel [id: 0xa28ded41, L:/127.0.0.1:60461 - R:localhost/127.0.0.1:60455]
17:29:02.822 [AsyncHttpClient-1-4] DEBUG org.asynchttpclient.netty.channel.NettyConnectListener - Using new Channel '[id: 0xeb6e76c1, L:/127.0.0.1:60462 - R:localhost/127.0.0.1:60455]' for 'GET' to '/devtools/browser/8ab1eaae-6d11-4924-9227-93d851380ed2'
17:29:02.823 [AsyncHttpClient-1-4] DEBUG org.asynchttpclient.netty.handler.WebSocketHandler - 

Request DefaultFullHttpRequest(decodeResult: success, version: HTTP/1.1, content: EmptyByteBufBE)
GET /devtools/browser/8ab1eaae-6d11-4924-9227-93d851380ed2 HTTP/1.1
upgrade: websocket
connection: upgrade
sec-websocket-key: +wmnyvDALK58qQleIWUPzg==
sec-websocket-version: 13
origin: http://localhost:60455
host: localhost:60455
accept: */*
user-agent: AHC/2.1

Response DefaultHttpResponse(decodeResult: success, version: HTTP/1.1)
HTTP/1.1 101 WebSocket Protocol Handshake
Upgrade: WebSocket
Connection: Upgrade
Sec-WebSocket-Accept: CyY7citehBLcKn3s1IdG5DZrpek=

17:29:02.827 [Forwarding maximizeCurrentWindow on session 0faaf1a65245fc553e387415a89fa7bd to remote] DEBUG org.asynchttpclient.netty.request.NettyRequestSender - Using pooled Channel '[id: 0xbc3f7e5b, L:/127.0.0.1:60453 - R:localhost/127.0.0.1:53781]' for 'POST' to 'http://localhost:53781/session/0faaf1a65245fc553e387415a89fa7bd/window/maximize'
17:29:02.827 [Forwarding maximizeCurrentWindow on session 0faaf1a65245fc553e387415a89fa7bd to remote] DEBUG org.asynchttpclient.netty.request.NettyRequestSender - Using open Channel [id: 0xbc3f7e5b, L:/127.0.0.1:60453 - R:localhost/127.0.0.1:53781] for POST '/session/0faaf1a65245fc553e387415a89fa7bd/window/maximize'
17:29:02.943 [AsyncHttpClient-1-2] DEBUG org.asynchttpclient.netty.handler.HttpHandler - 

Request DefaultHttpRequest(decodeResult: success, version: HTTP/1.1)
POST /session/0faaf1a65245fc553e387415a89fa7bd/window/maximize HTTP/1.1
User-Agent: selenium/4.1.2 (java windows)
Content-Length: 3
Content-Type: application/json; charset=utf-8
host: localhost:53781
accept: */*

Response DefaultHttpResponse(decodeResult: success, version: HTTP/1.1)
HTTP/1.1 200 OK
Content-Type: application/json; charset=utf-8
cache-control: no-cache
content-length: 51

17:29:02.943 [AsyncHttpClient-1-2] DEBUG org.asynchttpclient.netty.channel.ChannelManager - Adding key: http://localhost:53781 for channel [id: 0xbc3f7e5b, L:/127.0.0.1:60453 - R:localhost/127.0.0.1:53781]
17:29:02.944 [Forwarding get on session 0faaf1a65245fc553e387415a89fa7bd to remote] DEBUG org.asynchttpclient.netty.request.NettyRequestSender - Using pooled Channel '[id: 0xbc3f7e5b, L:/127.0.0.1:60453 - R:localhost/127.0.0.1:53781]' for 'POST' to 'http://localhost:53781/session/0faaf1a65245fc553e387415a89fa7bd/url'
17:29:02.944 [Forwarding get on session 0faaf1a65245fc553e387415a89fa7bd to remote] DEBUG org.asynchttpclient.netty.request.NettyRequestSender - Using open Channel [id: 0xbc3f7e5b, L:/127.0.0.1:60453 - R:localhost/127.0.0.1:53781] for POST '/session/0faaf1a65245fc553e387415a89fa7bd/url'
17:29:03.641 [AsyncHttpClient-1-1] DEBUG org.asynchttpclient.netty.channel.DefaultChannelPool - Entry count for : http://localhost:60455 : 1
17:29:04.744 [AsyncHttpClient-1-1] DEBUG org.asynchttpclient.netty.channel.DefaultChannelPool - Entry count for : http://localhost:60455 : 1
17:29:05.842 [AsyncHttpClient-1-1] DEBUG org.asynchttpclient.netty.channel.DefaultChannelPool - Entry count for : http://localhost:60455 : 1
17:29:06.943 [AsyncHttpClient-1-1] DEBUG org.asynchttpclient.netty.channel.DefaultChannelPool - Entry count for : http://localhost:60455 : 1
17:29:08.042 [AsyncHttpClient-1-1] DEBUG org.asynchttpclient.netty.channel.DefaultChannelPool - Entry count for : http://localhost:60455 : 1
17:29:09.142 [AsyncHttpClient-1-1] DEBUG org.asynchttpclient.netty.channel.DefaultChannelPool - Entry count for : http://localhost:60455 : 1
17:29:09.831 [AsyncHttpClient-1-2] DEBUG org.asynchttpclient.netty.handler.HttpHandler - 

Request DefaultHttpRequest(decodeResult: success, version: HTTP/1.1)
POST /session/0faaf1a65245fc553e387415a89fa7bd/url HTTP/1.1
User-Agent: selenium/4.1.2 (java windows)
Content-Length: 65
Content-Type: application/json; charset=utf-8
host: localhost:53781
accept: */*

Response DefaultHttpResponse(decodeResult: success, version: HTTP/1.1)
HTTP/1.1 200 OK
Content-Type: application/json; charset=utf-8
cache-control: no-cache
content-length: 14

17:29:09.832 [AsyncHttpClient-1-2] DEBUG org.asynchttpclient.netty.channel.ChannelManager - Adding key: http://localhost:53781 for channel [id: 0xbc3f7e5b, L:/127.0.0.1:60453 - R:localhost/127.0.0.1:53781]
17:29:09.833 [Forwarding setTimeout on session 0faaf1a65245fc553e387415a89fa7bd to remote] DEBUG org.asynchttpclient.netty.request.NettyRequestSender - Using pooled Channel '[id: 0xbc3f7e5b, L:/127.0.0.1:60453 - R:localhost/127.0.0.1:53781]' for 'POST' to 'http://localhost:53781/session/0faaf1a65245fc553e387415a89fa7bd/timeouts'
17:29:09.834 [Forwarding setTimeout on session 0faaf1a65245fc553e387415a89fa7bd to remote] DEBUG org.asynchttpclient.netty.request.NettyRequestSender - Using open Channel [id: 0xbc3f7e5b, L:/127.0.0.1:60453 - R:localhost/127.0.0.1:53781] for POST '/session/0faaf1a65245fc553e387415a89fa7bd/timeouts'
17:29:09.835 [AsyncHttpClient-1-2] DEBUG org.asynchttpclient.netty.handler.HttpHandler - 

Request DefaultHttpRequest(decodeResult: success, version: HTTP/1.1)
POST /session/0faaf1a65245fc553e387415a89fa7bd/timeouts HTTP/1.1
User-Agent: selenium/4.1.2 (java windows)
Content-Length: 22
Content-Type: application/json; charset=utf-8
host: localhost:53781
accept: */*

Response DefaultHttpResponse(decodeResult: success, version: HTTP/1.1)
HTTP/1.1 200 OK
Content-Type: application/json; charset=utf-8
cache-control: no-cache
content-length: 14

17:29:09.835 [AsyncHttpClient-1-2] DEBUG org.asynchttpclient.netty.channel.ChannelManager - Adding key: http://localhost:53781 for channel [id: 0xbc3f7e5b, L:/127.0.0.1:60453 - R:localhost/127.0.0.1:53781]
17:29:09.841 [Forwarding getCurrentUrl on session 0faaf1a65245fc553e387415a89fa7bd to remote] DEBUG org.asynchttpclient.netty.request.NettyRequestSender - Using pooled Channel '[id: 0xbc3f7e5b, L:/127.0.0.1:60453 - R:localhost/127.0.0.1:53781]' for 'GET' to 'http://localhost:53781/session/0faaf1a65245fc553e387415a89fa7bd/url'
17:29:09.841 [Forwarding getCurrentUrl on session 0faaf1a65245fc553e387415a89fa7bd to remote] DEBUG org.asynchttpclient.netty.request.NettyRequestSender - Using open Channel [id: 0xbc3f7e5b, L:/127.0.0.1:60453 - R:localhost/127.0.0.1:53781] for GET '/session/0faaf1a65245fc553e387415a89fa7bd/url'
17:29:10.195 [AsyncHttpClient-1-2] DEBUG org.asynchttpclient.netty.handler.HttpHandler - 

Request DefaultFullHttpRequest(decodeResult: success, version: HTTP/1.1, content: EmptyByteBufBE)
GET /session/0faaf1a65245fc553e387415a89fa7bd/url HTTP/1.1
User-Agent: selenium/4.1.2 (java windows)
Cache-Control: no-cache
Content-Type: application/json; charset=utf-8
host: localhost:53781
accept: */*

Response DefaultHttpResponse(decodeResult: success, version: HTTP/1.1)
HTTP/1.1 200 OK
Content-Type: application/json; charset=utf-8
cache-control: no-cache
content-length: 53

17:29:10.196 [AsyncHttpClient-1-2] DEBUG org.asynchttpclient.netty.channel.ChannelManager - Adding key: http://localhost:53781 for channel [id: 0xbc3f7e5b, L:/127.0.0.1:60453 - R:localhost/127.0.0.1:53781]
17:29:10.201 [Forwarding getCurrentUrl on session 0faaf1a65245fc553e387415a89fa7bd to remote] DEBUG org.asynchttpclient.netty.request.NettyRequestSender - Using pooled Channel '[id: 0xbc3f7e5b, L:/127.0.0.1:60453 - R:localhost/127.0.0.1:53781]' for 'GET' to 'http://localhost:53781/session/0faaf1a65245fc553e387415a89fa7bd/url'
17:29:10.201 [Forwarding getCurrentUrl on session 0faaf1a65245fc553e387415a89fa7bd to remote] DEBUG org.asynchttpclient.netty.request.NettyRequestSender - Using open Channel [id: 0xbc3f7e5b, L:/127.0.0.1:60453 - R:localhost/127.0.0.1:53781] for GET '/session/0faaf1a65245fc553e387415a89fa7bd/url'
17:29:10.208 [AsyncHttpClient-1-2] DEBUG org.asynchttpclient.netty.handler.HttpHandler - 

Request DefaultFullHttpRequest(decodeResult: success, version: HTTP/1.1, content: EmptyByteBufBE)
GET /session/0faaf1a65245fc553e387415a89fa7bd/url HTTP/1.1
User-Agent: selenium/4.1.2 (java windows)
Cache-Control: no-cache
Content-Type: application/json; charset=utf-8
host: localhost:53781
accept: */*

Response DefaultHttpResponse(decodeResult: success, version: HTTP/1.1)
HTTP/1.1 200 OK
Content-Type: application/json; charset=utf-8
cache-control: no-cache
content-length: 53

17:29:10.208 [AsyncHttpClient-1-2] DEBUG org.asynchttpclient.netty.channel.ChannelManager - Adding key: http://localhost:53781 for channel [id: 0xbc3f7e5b, L:/127.0.0.1:60453 - R:localhost/127.0.0.1:53781]
17:29:10.217 [Forwarding screenshot on session 0faaf1a65245fc553e387415a89fa7bd to remote] DEBUG org.asynchttpclient.netty.request.NettyRequestSender - Using pooled Channel '[id: 0xbc3f7e5b, L:/127.0.0.1:60453 - R:localhost/127.0.0.1:53781]' for 'GET' to 'http://localhost:53781/session/0faaf1a65245fc553e387415a89fa7bd/screenshot'
17:29:10.217 [Forwarding screenshot on session 0faaf1a65245fc553e387415a89fa7bd to remote] DEBUG org.asynchttpclient.netty.request.NettyRequestSender - Using open Channel [id: 0xbc3f7e5b, L:/127.0.0.1:60453 - R:localhost/127.0.0.1:53781] for GET '/session/0faaf1a65245fc553e387415a89fa7bd/screenshot'
17:29:10.242 [AsyncHttpClient-1-1] DEBUG org.asynchttpclient.netty.channel.DefaultChannelPool - Entry count for : http://localhost:60455 : 1
17:29:11.342 [AsyncHttpClient-1-1] DEBUG org.asynchttpclient.netty.channel.DefaultChannelPool - Entry count for : http://localhost:60455 : 1
17:29:12.442 [AsyncHttpClient-1-1] DEBUG org.asynchttpclient.netty.channel.DefaultChannelPool - Entry count for : http://localhost:60455 : 1
17:29:12.844 [AsyncHttpClient-1-2] DEBUG org.asynchttpclient.netty.handler.HttpHandler - 

Request DefaultFullHttpRequest(decodeResult: success, version: HTTP/1.1, content: EmptyByteBufBE)
GET /session/0faaf1a65245fc553e387415a89fa7bd/screenshot HTTP/1.1
User-Agent: selenium/4.1.2 (java windows)
Cache-Control: no-cache
Content-Type: application/json; charset=utf-8
host: localhost:53781
accept: */*

Response DefaultHttpResponse(decodeResult: success, version: HTTP/1.1)
HTTP/1.1 200 OK
Content-Type: application/json; charset=utf-8
cache-control: no-cache
content-length: 344576

17:29:12.846 [AsyncHttpClient-1-2] DEBUG org.asynchttpclient.netty.channel.ChannelManager - Adding key: http://localhost:53781 for channel [id: 0xbc3f7e5b, L:/127.0.0.1:60453 - R:localhost/127.0.0.1:53781]
17:29:12.871 [main] DEBUG net.serenitybdd.core.photography.Darkroom - Send negative for processing for target\site\serenity\ef09325d7af01e9ba52d76a42cb0dba8c9cbfbc3f5e756247e0a0e7693958a68.png
17:29:12.871 [main] DEBUG net.thucydides.core.steps.StepInterceptor - STEP DONE: openUrl
17:29:12.872 [Darkroom Processing Line] DEBUG net.serenitybdd.core.photography.DarkroomProcessingLine - Processing screenshot image in /var/screenshots/screenshot-6911340813900943586
17:29:12.872 [Darkroom Processing Line] DEBUG net.serenitybdd.core.photography.DarkroomProcessingLine - Saving screenshot to target\site\serenity\ef09325d7af01e9ba52d76a42cb0dba8c9cbfbc3f5e756247e0a0e7693958a68.png
17:29:12.882 [main] DEBUG net.thucydides.core.steps.StepInterceptor - STARTING STEP: PatientSteps.iAmAtTheDashboardPage - validateOnDashboardPage
17:29:12.885 [Forwarding findElement on session 0faaf1a65245fc553e387415a89fa7bd to remote] DEBUG org.asynchttpclient.netty.request.NettyRequestSender - Using pooled Channel '[id: 0xbc3f7e5b, L:/127.0.0.1:60453 - R:localhost/127.0.0.1:53781]' for 'POST' to 'http://localhost:53781/session/0faaf1a65245fc553e387415a89fa7bd/element'
17:29:12.885 [Forwarding findElement on session 0faaf1a65245fc553e387415a89fa7bd to remote] DEBUG org.asynchttpclient.netty.request.NettyRequestSender - Using open Channel [id: 0xbc3f7e5b, L:/127.0.0.1:60453 - R:localhost/127.0.0.1:53781] for POST '/session/0faaf1a65245fc553e387415a89fa7bd/element'
17:29:13.542 [AsyncHttpClient-1-1] DEBUG org.asynchttpclient.netty.channel.DefaultChannelPool - Entry count for : http://localhost:60455 : 1
17:29:14.643 [AsyncHttpClient-1-1] DEBUG org.asynchttpclient.netty.channel.DefaultChannelPool - Entry count for : http://localhost:60455 : 1
17:29:15.742 [AsyncHttpClient-1-1] DEBUG org.asynchttpclient.netty.channel.DefaultChannelPool - Entry count for : http://localhost:60455 : 1
17:29:16.660 [AsyncHttpClient-1-2] DEBUG org.asynchttpclient.netty.handler.HttpHandler - 

Request DefaultHttpRequest(decodeResult: success, version: HTTP/1.1)
POST /session/0faaf1a65245fc553e387415a89fa7bd/element HTTP/1.1
User-Agent: selenium/4.1.2 (java windows)
Content-Length: 81
Content-Type: application/json; charset=utf-8
host: localhost:53781
accept: */*

Response DefaultHttpResponse(decodeResult: success, version: HTTP/1.1)
HTTP/1.1 200 OK
Content-Type: application/json; charset=utf-8
cache-control: no-cache
content-length: 88

17:29:16.660 [AsyncHttpClient-1-2] DEBUG org.asynchttpclient.netty.channel.ChannelManager - Adding key: http://localhost:53781 for channel [id: 0xbc3f7e5b, L:/127.0.0.1:60453 - R:localhost/127.0.0.1:53781]
17:29:16.671 [Forwarding isElementDisplayed on session 0faaf1a65245fc553e387415a89fa7bd to remote] DEBUG org.asynchttpclient.netty.request.NettyRequestSender - Using pooled Channel '[id: 0xbc3f7e5b, L:/127.0.0.1:60453 - R:localhost/127.0.0.1:53781]' for 'POST' to 'http://localhost:53781/session/0faaf1a65245fc553e387415a89fa7bd/execute/sync'
17:29:16.671 [Forwarding isElementDisplayed on session 0faaf1a65245fc553e387415a89fa7bd to remote] DEBUG org.asynchttpclient.netty.request.NettyRequestSender - Using open Channel [id: 0xbc3f7e5b, L:/127.0.0.1:60453 - R:localhost/127.0.0.1:53781] for POST '/session/0faaf1a65245fc553e387415a89fa7bd/execute/sync'
17:29:16.842 [AsyncHttpClient-1-1] DEBUG org.asynchttpclient.netty.channel.DefaultChannelPool - Entry count for : http://localhost:60455 : 1
17:29:17.445 [AsyncHttpClient-1-2] DEBUG org.asynchttpclient.netty.handler.HttpHandler - 

Request DefaultHttpRequest(decodeResult: success, version: HTTP/1.1)
POST /session/0faaf1a65245fc553e387415a89fa7bd/execute/sync HTTP/1.1
User-Agent: selenium/4.1.2 (java windows)
Content-Length: 48780
Content-Type: application/json; charset=utf-8
host: localhost:53781
accept: */*

Response DefaultHttpResponse(decodeResult: success, version: HTTP/1.1)
HTTP/1.1 200 OK
Content-Type: application/json; charset=utf-8
cache-control: no-cache
content-length: 14

17:29:17.446 [AsyncHttpClient-1-2] DEBUG org.asynchttpclient.netty.channel.ChannelManager - Adding key: http://localhost:53781 for channel [id: 0xbc3f7e5b, L:/127.0.0.1:60453 - R:localhost/127.0.0.1:53781]
17:29:17.459 [Forwarding screenshot on session 0faaf1a65245fc553e387415a89fa7bd to remote] DEBUG org.asynchttpclient.netty.request.NettyRequestSender - Using pooled Channel '[id: 0xbc3f7e5b, L:/127.0.0.1:60453 - R:localhost/127.0.0.1:53781]' for 'GET' to 'http://localhost:53781/session/0faaf1a65245fc553e387415a89fa7bd/screenshot'
17:29:17.459 [Forwarding screenshot on session 0faaf1a65245fc553e387415a89fa7bd to remote] DEBUG org.asynchttpclient.netty.request.NettyRequestSender - Using open Channel [id: 0xbc3f7e5b, L:/127.0.0.1:60453 - R:localhost/127.0.0.1:53781] for GET '/session/0faaf1a65245fc553e387415a89fa7bd/screenshot'
17:29:17.738 [AsyncHttpClient-1-2] DEBUG org.asynchttpclient.netty.handler.HttpHandler - 

Request DefaultFullHttpRequest(decodeResult: success, version: HTTP/1.1, content: EmptyByteBufBE)
GET /session/0faaf1a65245fc553e387415a89fa7bd/screenshot HTTP/1.1
User-Agent: selenium/4.1.2 (java windows)
Cache-Control: no-cache
Content-Type: application/json; charset=utf-8
host: localhost:53781
accept: */*

Response DefaultHttpResponse(decodeResult: success, version: HTTP/1.1)
HTTP/1.1 200 OK
Content-Type: application/json; charset=utf-8
cache-control: no-cache
content-length: 351816

17:29:17.740 [AsyncHttpClient-1-2] DEBUG org.asynchttpclient.netty.channel.ChannelManager - Adding key: http://localhost:53781 for channel [id: 0xbc3f7e5b, L:/127.0.0.1:60453 - R:localhost/127.0.0.1:53781]
17:29:17.760 [main] DEBUG net.serenitybdd.core.photography.Darkroom - Send negative for processing for target\site\serenity\20277f1d76f1b925628464fcd1ece5de77a814679d1be3fdcf836a7ddadfed60.png
17:29:17.760 [main] DEBUG net.thucydides.core.steps.StepInterceptor - STEP DONE: validateOnDashboardPage
  &amp#27;[32mGiven &amp#27;[0m&amp#27;[32mI am at the dashboard page&amp#27;[0m                            &amp#27;[90m# starter.stepdefinitions.PatientSteps.iAmAtTheDashboardPage()&amp#27;[0m
17:29:18.032 [AsyncHttpClient-1-1] DEBUG org.asynchttpclient.netty.channel.DefaultChannelPool - Entry count for : http://localhost:60455 : 1
17:29:18.032 [AsyncHttpClient-1-1] DEBUG org.asynchttpclient.netty.channel.DefaultChannelPool - Entry count for : http://localhost:53781 : 1
17:29:18.220 [Forwarding screenshot on session 0faaf1a65245fc553e387415a89fa7bd to remote] DEBUG org.asynchttpclient.netty.request.NettyRequestSender - Using pooled Channel '[id: 0xbc3f7e5b, L:/127.0.0.1:60453 - R:localhost/127.0.0.1:53781]' for 'GET' to 'http://localhost:53781/session/0faaf1a65245fc553e387415a89fa7bd/screenshot'
17:29:18.220 [Forwarding screenshot on session 0faaf1a65245fc553e387415a89fa7bd to remote] DEBUG org.asynchttpclient.netty.request.NettyRequestSender - Using open Channel [id: 0xbc3f7e5b, L:/127.0.0.1:60453 - R:localhost/127.0.0.1:53781] for GET '/session/0faaf1a65245fc553e387415a89fa7bd/screenshot'
17:29:19.043 [AsyncHttpClient-1-1] DEBUG org.asynchttpclient.netty.channel.DefaultChannelPool - Entry count for : http://localhost:60455 : 1
17:29:20.143 [AsyncHttpClient-1-1] DEBUG org.asynchttpclient.netty.channel.DefaultChannelPool - Entry count for : http://localhost:60455 : 1
17:29:20.460 [AsyncHttpClient-1-2] DEBUG org.asynchttpclient.netty.handler.HttpHandler - 

Request DefaultFullHttpRequest(decodeResult: success, version: HTTP/1.1, content: EmptyByteBufBE)
GET /session/0faaf1a65245fc553e387415a89fa7bd/screenshot HTTP/1.1
User-Agent: selenium/4.1.2 (java windows)
Cache-Control: no-cache
Content-Type: application/json; charset=utf-8
host: localhost:53781
accept: */*

Response DefaultHttpResponse(decodeResult: success, version: HTTP/1.1)
HTTP/1.1 200 OK
Content-Type: application/json; charset=utf-8
cache-control: no-cache
content-length: 351816

17:29:20.461 [AsyncHttpClient-1-2] DEBUG org.asynchttpclient.netty.channel.ChannelManager - Adding key: http://localhost:53781 for channel [id: 0xbc3f7e5b, L:/127.0.0.1:60453 - R:localhost/127.0.0.1:53781]
17:29:20.482 [main] DEBUG net.serenitybdd.core.photography.Darkroom - Send negative for processing for target\site\serenity\20277f1d76f1b925628464fcd1ece5de77a814679d1be3fdcf836a7ddadfed60.png
17:29:20.496 [main] DEBUG net.thucydides.core.steps.StepInterceptor - STARTING STEP: PatientSteps.iClickMenuPatient - clickMenuPatientButton
17:29:20.500 [Forwarding findElement on session 0faaf1a65245fc553e387415a89fa7bd to remote] DEBUG org.asynchttpclient.netty.request.NettyRequestSender - Using pooled Channel '[id: 0xbc3f7e5b, L:/127.0.0.1:60453 - R:localhost/127.0.0.1:53781]' for 'POST' to 'http://localhost:53781/session/0faaf1a65245fc553e387415a89fa7bd/element'
17:29:20.500 [Forwarding findElement on session 0faaf1a65245fc553e387415a89fa7bd to remote] DEBUG org.asynchttpclient.netty.request.NettyRequestSender - Using open Channel [id: 0xbc3f7e5b, L:/127.0.0.1:60453 - R:localhost/127.0.0.1:53781] for POST '/session/0faaf1a65245fc553e387415a89fa7bd/element'
17:29:20.516 [AsyncHttpClient-1-2] DEBUG org.asynchttpclient.netty.handler.HttpHandler - 

Request DefaultHttpRequest(decodeResult: success, version: HTTP/1.1)
POST /session/0faaf1a65245fc553e387415a89fa7bd/element HTTP/1.1
User-Agent: selenium/4.1.2 (java windows)
Content-Length: 80
Content-Type: application/json; charset=utf-8
host: localhost:53781
accept: */*

Response DefaultHttpResponse(decodeResult: success, version: HTTP/1.1)
HTTP/1.1 200 OK
Content-Type: application/json; charset=utf-8
cache-control: no-cache
content-length: 88

17:29:20.516 [AsyncHttpClient-1-2] DEBUG org.asynchttpclient.netty.channel.ChannelManager - Adding key: http://localhost:53781 for channel [id: 0xbc3f7e5b, L:/127.0.0.1:60453 - R:localhost/127.0.0.1:53781]
17:29:20.517 [Forwarding getElementTagName on session 0faaf1a65245fc553e387415a89fa7bd to remote] DEBUG org.asynchttpclient.netty.request.NettyRequestSender - Using pooled Channel '[id: 0xbc3f7e5b, L:/127.0.0.1:60453 - R:localhost/127.0.0.1:53781]' for 'GET' to 'http://localhost:53781/session/0faaf1a65245fc553e387415a89fa7bd/element/581d9328-afb1-4a61-9a05-e5a7b5b1e873/name'
17:29:20.517 [Forwarding getElementTagName on session 0faaf1a65245fc553e387415a89fa7bd to remote] DEBUG org.asynchttpclient.netty.request.NettyRequestSender - Using open Channel [id: 0xbc3f7e5b, L:/127.0.0.1:60453 - R:localhost/127.0.0.1:53781] for GET '/session/0faaf1a65245fc553e387415a89fa7bd/element/581d9328-afb1-4a61-9a05-e5a7b5b1e873/name'
17:29:20.523 [AsyncHttpClient-1-2] DEBUG org.asynchttpclient.netty.handler.HttpHandler - 

Request DefaultFullHttpRequest(decodeResult: success, version: HTTP/1.1, content: EmptyByteBufBE)
GET /session/0faaf1a65245fc553e387415a89fa7bd/element/581d9328-afb1-4a61-9a05-e5a7b5b1e873/name HTTP/1.1
User-Agent: selenium/4.1.2 (java windows)
Cache-Control: no-cache
Content-Type: application/json; charset=utf-8
host: localhost:53781
accept: */*

Response DefaultHttpResponse(decodeResult: success, version: HTTP/1.1)
HTTP/1.1 200 OK
Content-Type: application/json; charset=utf-8
cache-control: no-cache
content-length: 15

17:29:20.523 [AsyncHttpClient-1-2] DEBUG org.asynchttpclient.netty.channel.ChannelManager - Adding key: http://localhost:53781 for channel [id: 0xbc3f7e5b, L:/127.0.0.1:60453 - R:localhost/127.0.0.1:53781]
17:29:20.524 [Forwarding getElementTagName on session 0faaf1a65245fc553e387415a89fa7bd to remote] DEBUG org.asynchttpclient.netty.request.NettyRequestSender - Using pooled Channel '[id: 0xbc3f7e5b, L:/127.0.0.1:60453 - R:localhost/127.0.0.1:53781]' for 'GET' to 'http://localhost:53781/session/0faaf1a65245fc553e387415a89fa7bd/element/581d9328-afb1-4a61-9a05-e5a7b5b1e873/name'
17:29:20.524 [Forwarding getElementTagName on session 0faaf1a65245fc553e387415a89fa7bd to remote] DEBUG org.asynchttpclient.netty.request.NettyRequestSender - Using open Channel [id: 0xbc3f7e5b, L:/127.0.0.1:60453 - R:localhost/127.0.0.1:53781] for GET '/session/0faaf1a65245fc553e387415a89fa7bd/element/581d9328-afb1-4a61-9a05-e5a7b5b1e873/name'
17:29:20.528 [AsyncHttpClient-1-2] DEBUG org.asynchttpclient.netty.handler.HttpHandler - 

Request DefaultFullHttpRequest(decodeResult: success, version: HTTP/1.1, content: EmptyByteBufBE)
GET /session/0faaf1a65245fc553e387415a89fa7bd/element/581d9328-afb1-4a61-9a05-e5a7b5b1e873/name HTTP/1.1
User-Agent: selenium/4.1.2 (java windows)
Cache-Control: no-cache
Content-Type: application/json; charset=utf-8
host: localhost:53781
accept: */*

Response DefaultHttpResponse(decodeResult: success, version: HTTP/1.1)
HTTP/1.1 200 OK
Content-Type: application/json; charset=utf-8
cache-control: no-cache
content-length: 15

17:29:20.529 [AsyncHttpClient-1-2] DEBUG org.asynchttpclient.netty.channel.ChannelManager - Adding key: http://localhost:53781 for channel [id: 0xbc3f7e5b, L:/127.0.0.1:60453 - R:localhost/127.0.0.1:53781]
17:29:20.531 [Forwarding findElement on session 0faaf1a65245fc553e387415a89fa7bd to remote] DEBUG org.asynchttpclient.netty.request.NettyRequestSender - Using pooled Channel '[id: 0xbc3f7e5b, L:/127.0.0.1:60453 - R:localhost/127.0.0.1:53781]' for 'POST' to 'http://localhost:53781/session/0faaf1a65245fc553e387415a89fa7bd/element'
17:29:20.531 [Forwarding findElement on session 0faaf1a65245fc553e387415a89fa7bd to remote] DEBUG org.asynchttpclient.netty.request.NettyRequestSender - Using open Channel [id: 0xbc3f7e5b, L:/127.0.0.1:60453 - R:localhost/127.0.0.1:53781] for POST '/session/0faaf1a65245fc553e387415a89fa7bd/element'
17:29:20.544 [AsyncHttpClient-1-2] DEBUG org.asynchttpclient.netty.handler.HttpHandler - 

Request DefaultHttpRequest(decodeResult: success, version: HTTP/1.1)
POST /session/0faaf1a65245fc553e387415a89fa7bd/element HTTP/1.1
User-Agent: selenium/4.1.2 (java windows)
Content-Length: 80
Content-Type: application/json; charset=utf-8
host: localhost:53781
accept: */*

Response DefaultHttpResponse(decodeResult: success, version: HTTP/1.1)
HTTP/1.1 200 OK
Content-Type: application/json; charset=utf-8
cache-control: no-cache
content-length: 88

17:29:20.544 [AsyncHttpClient-1-2] DEBUG org.asynchttpclient.netty.channel.ChannelManager - Adding key: http://localhost:53781 for channel [id: 0xbc3f7e5b, L:/127.0.0.1:60453 - R:localhost/127.0.0.1:53781]
17:29:20.545 [Forwarding clickElement on session 0faaf1a65245fc553e387415a89fa7bd to remote] DEBUG org.asynchttpclient.netty.request.NettyRequestSender - Using pooled Channel '[id: 0xbc3f7e5b, L:/127.0.0.1:60453 - R:localhost/127.0.0.1:53781]' for 'POST' to 'http://localhost:53781/session/0faaf1a65245fc553e387415a89fa7bd/element/581d9328-afb1-4a61-9a05-e5a7b5b1e873/click'
17:29:20.545 [Forwarding clickElement on session 0faaf1a65245fc553e387415a89fa7bd to remote] DEBUG org.asynchttpclient.netty.request.NettyRequestSender - Using open Channel [id: 0xbc3f7e5b, L:/127.0.0.1:60453 - R:localhost/127.0.0.1:53781] for POST '/session/0faaf1a65245fc553e387415a89fa7bd/element/581d9328-afb1-4a61-9a05-e5a7b5b1e873/click'
17:29:21.243 [AsyncHttpClient-1-1] DEBUG org.asynchttpclient.netty.channel.DefaultChannelPool - Entry count for : http://localhost:60455 : 1
17:29:22.341 [AsyncHttpClient-1-1] DEBUG org.asynchttpclient.netty.channel.DefaultChannelPool - Entry count for : http://localhost:60455 : 1
17:29:23.442 [AsyncHttpClient-1-1] DEBUG org.asynchttpclient.netty.channel.DefaultChannelPool - Entry count for : http://localhost:60455 : 1
17:29:24.543 [AsyncHttpClient-1-1] DEBUG org.asynchttpclient.netty.channel.DefaultChannelPool - Entry count for : http://localhost:60455 : 1
17:29:25.642 [AsyncHttpClient-1-1] DEBUG org.asynchttpclient.netty.channel.DefaultChannelPool - Entry count for : http://localhost:60455 : 1
17:29:26.743 [AsyncHttpClient-1-1] DEBUG org.asynchttpclient.netty.channel.DefaultChannelPool - Entry count for : http://localhost:60455 : 1
17:29:27.841 [AsyncHttpClient-1-1] DEBUG org.asynchttpclient.netty.channel.DefaultChannelPool - Entry count for : http://localhost:60455 : 1
17:29:28.422 [AsyncHttpClient-1-2] DEBUG org.asynchttpclient.netty.handler.HttpHandler - 

Request DefaultHttpRequest(decodeResult: success, version: HTTP/1.1)
POST /session/0faaf1a65245fc553e387415a89fa7bd/element/581d9328-afb1-4a61-9a05-e5a7b5b1e873/click HTTP/1.1
User-Agent: selenium/4.1.2 (java windows)
Content-Length: 50
Content-Type: application/json; charset=utf-8
host: localhost:53781
accept: */*

Response DefaultHttpResponse(decodeResult: success, version: HTTP/1.1)
HTTP/1.1 200 OK
Content-Type: application/json; charset=utf-8
cache-control: no-cache
content-length: 14

17:29:28.422 [AsyncHttpClient-1-2] DEBUG org.asynchttpclient.netty.channel.ChannelManager - Adding key: http://localhost:53781 for channel [id: 0xbc3f7e5b, L:/127.0.0.1:60453 - R:localhost/127.0.0.1:53781]
17:29:28.431 [Forwarding screenshot on session 0faaf1a65245fc553e387415a89fa7bd to remote] DEBUG org.asynchttpclient.netty.request.NettyRequestSender - Using pooled Channel '[id: 0xbc3f7e5b, L:/127.0.0.1:60453 - R:localhost/127.0.0.1:53781]' for 'GET' to 'http://localhost:53781/session/0faaf1a65245fc553e387415a89fa7bd/screenshot'
17:29:28.431 [Forwarding screenshot on session 0faaf1a65245fc553e387415a89fa7bd to remote] DEBUG org.asynchttpclient.netty.request.NettyRequestSender - Using open Channel [id: 0xbc3f7e5b, L:/127.0.0.1:60453 - R:localhost/127.0.0.1:53781] for GET '/session/0faaf1a65245fc553e387415a89fa7bd/screenshot'
17:29:28.943 [AsyncHttpClient-1-1] DEBUG org.asynchttpclient.netty.channel.DefaultChannelPool - Entry count for : http://localhost:60455 : 1
17:29:29.999 [AsyncHttpClient-1-2] DEBUG org.asynchttpclient.netty.handler.HttpHandler - 

Request DefaultFullHttpRequest(decodeResult: success, version: HTTP/1.1, content: EmptyByteBufBE)
GET /session/0faaf1a65245fc553e387415a89fa7bd/screenshot HTTP/1.1
User-Agent: selenium/4.1.2 (java windows)
Cache-Control: no-cache
Content-Type: application/json; charset=utf-8
host: localhost:53781
accept: */*

Response DefaultHttpResponse(decodeResult: success, version: HTTP/1.1)
HTTP/1.1 200 OK
Content-Type: application/json; charset=utf-8
cache-control: no-cache
content-length: 88404

17:29:29.999 [AsyncHttpClient-1-2] DEBUG org.asynchttpclient.netty.channel.ChannelManager - Adding key: http://localhost:53781 for channel [id: 0xbc3f7e5b, L:/127.0.0.1:60453 - R:localhost/127.0.0.1:53781]
17:29:30.004 [main] DEBUG net.serenitybdd.core.photography.Darkroom - Send negative for processing for target\site\serenity\32745221d46ce31ded5774f13465405f635c64e1dd2ceb8ecb0ba0f9e173a9f8.png
17:29:30.004 [main] DEBUG net.thucydides.core.steps.StepInterceptor - STEP DONE: clickMenuPatientButton
  &amp#27;[32mAnd &amp#27;[0m&amp#27;[32mI click menu patient&amp#27;[0m                                    &amp#27;[90m# starter.stepdefinitions.PatientSteps.iClickMenuPatient()&amp#27;[0m
17:29:30.004 [Darkroom Processing Line] DEBUG net.serenitybdd.core.photography.DarkroomProcessingLine - Processing screenshot image in /var/screenshots/screenshot-5175826830004991333
17:29:30.004 [Darkroom Processing Line] DEBUG net.serenitybdd.core.photography.DarkroomProcessingLine - Saving screenshot to target\site\serenity\32745221d46ce31ded5774f13465405f635c64e1dd2ceb8ecb0ba0f9e173a9f8.png
17:29:30.016 [Forwarding findElement on session 0faaf1a65245fc553e387415a89fa7bd to remote] DEBUG org.asynchttpclient.netty.request.NettyRequestSender - Using pooled Channel '[id: 0xbc3f7e5b, L:/127.0.0.1:60453 - R:localhost/127.0.0.1:53781]' for 'POST' to 'http://localhost:53781/session/0faaf1a65245fc553e387415a89fa7bd/element'
17:29:30.016 [Forwarding findElement on session 0faaf1a65245fc553e387415a89fa7bd to remote] DEBUG org.asynchttpclient.netty.request.NettyRequestSender - Using open Channel [id: 0xbc3f7e5b, L:/127.0.0.1:60453 - R:localhost/127.0.0.1:53781] for POST '/session/0faaf1a65245fc553e387415a89fa7bd/element'
17:29:30.031 [AsyncHttpClient-1-2] DEBUG org.asynchttpclient.netty.handler.HttpHandler - 

Request DefaultHttpRequest(decodeResult: success, version: HTTP/1.1)
POST /session/0faaf1a65245fc553e387415a89fa7bd/element HTTP/1.1
User-Agent: selenium/4.1.2 (java windows)
Content-Length: 160
Content-Type: application/json; charset=utf-8
host: localhost:53781
accept: */*

Response DefaultHttpResponse(decodeResult: success, version: HTTP/1.1)
HTTP/1.1 200 OK
Content-Type: application/json; charset=utf-8
cache-control: no-cache
content-length: 88

17:29:30.031 [AsyncHttpClient-1-2] DEBUG org.asynchttpclient.netty.channel.ChannelManager - Adding key: http://localhost:53781 for channel [id: 0xbc3f7e5b, L:/127.0.0.1:60453 - R:localhost/127.0.0.1:53781]
17:29:30.033 [Forwarding clearElement on session 0faaf1a65245fc553e387415a89fa7bd to remote] DEBUG org.asynchttpclient.netty.request.NettyRequestSender - Using pooled Channel '[id: 0xbc3f7e5b, L:/127.0.0.1:60453 - R:localhost/127.0.0.1:53781]' for 'POST' to 'http://localhost:53781/session/0faaf1a65245fc553e387415a89fa7bd/element/e233cca8-d258-43a0-8f33-b245144361c7/clear'
17:29:30.033 [Forwarding clearElement on session 0faaf1a65245fc553e387415a89fa7bd to remote] DEBUG org.asynchttpclient.netty.request.NettyRequestSender - Using open Channel [id: 0xbc3f7e5b, L:/127.0.0.1:60453 - R:localhost/127.0.0.1:53781] for POST '/session/0faaf1a65245fc553e387415a89fa7bd/element/e233cca8-d258-43a0-8f33-b245144361c7/clear'
17:29:30.042 [AsyncHttpClient-1-1] DEBUG org.asynchttpclient.netty.channel.DefaultChannelPool - Entry count for : http://localhost:60455 : 1
17:29:30.847 [AsyncHttpClient-1-2] DEBUG org.asynchttpclient.netty.handler.HttpHandler - 

Request DefaultHttpRequest(decodeResult: success, version: HTTP/1.1)
POST /session/0faaf1a65245fc553e387415a89fa7bd/element/e233cca8-d258-43a0-8f33-b245144361c7/clear HTTP/1.1
User-Agent: selenium/4.1.2 (java windows)
Content-Length: 50
Content-Type: application/json; charset=utf-8
host: localhost:53781
accept: */*

Response DefaultHttpResponse(decodeResult: success, version: HTTP/1.1)
HTTP/1.1 200 OK
Content-Type: application/json; charset=utf-8
cache-control: no-cache
content-length: 14

17:29:30.848 [AsyncHttpClient-1-2] DEBUG org.asynchttpclient.netty.channel.ChannelManager - Adding key: http://localhost:53781 for channel [id: 0xbc3f7e5b, L:/127.0.0.1:60453 - R:localhost/127.0.0.1:53781]
17:29:30.853 [Forwarding sendKeysToElement on session 0faaf1a65245fc553e387415a89fa7bd to remote] DEBUG org.asynchttpclient.netty.request.NettyRequestSender - Using pooled Channel '[id: 0xbc3f7e5b, L:/127.0.0.1:60453 - R:localhost/127.0.0.1:53781]' for 'POST' to 'http://localhost:53781/session/0faaf1a65245fc553e387415a89fa7bd/element/e233cca8-d258-43a0-8f33-b245144361c7/value'
17:29:30.853 [Forwarding sendKeysToElement on session 0faaf1a65245fc553e387415a89fa7bd to remote] DEBUG org.asynchttpclient.netty.request.NettyRequestSender - Using open Channel [id: 0xbc3f7e5b, L:/127.0.0.1:60453 - R:localhost/127.0.0.1:53781] for POST '/session/0faaf1a65245fc553e387415a89fa7bd/element/e233cca8-d258-43a0-8f33-b245144361c7/value'
17:29:31.142 [AsyncHttpClient-1-1] DEBUG org.asynchttpclient.netty.channel.DefaultChannelPool - Entry count for : http://localhost:60455 : 1
17:29:32.242 [AsyncHttpClient-1-1] DEBUG org.asynchttpclient.netty.channel.DefaultChannelPool - Entry count for : http://localhost:60455 : 1
17:29:33.343 [AsyncHttpClient-1-1] DEBUG org.asynchttpclient.netty.channel.DefaultChannelPool - Entry count for : http://localhost:60455 : 1
17:29:34.443 [AsyncHttpClient-1-1] DEBUG org.asynchttpclient.netty.channel.DefaultChannelPool - Entry count for : http://localhost:60455 : 1
17:29:35.543 [AsyncHttpClient-1-1] DEBUG org.asynchttpclient.netty.channel.DefaultChannelPool - Entry count for : http://localhost:60455 : 1
17:29:36.236 [AsyncHttpClient-1-2] DEBUG org.asynchttpclient.netty.handler.HttpHandler - 

Request DefaultHttpRequest(decodeResult: success, version: HTTP/1.1)
POST /session/0faaf1a65245fc553e387415a89fa7bd/element/e233cca8-d258-43a0-8f33-b245144361c7/value HTTP/1.1
User-Agent: selenium/4.1.2 (java windows)
Content-Length: 101
Content-Type: application/json; charset=utf-8
host: localhost:53781
accept: */*

Response DefaultHttpResponse(decodeResult: success, version: HTTP/1.1)
HTTP/1.1 200 OK
Content-Type: application/json; charset=utf-8
cache-control: no-cache
content-length: 14

17:29:36.237 [AsyncHttpClient-1-2] DEBUG org.asynchttpclient.netty.channel.ChannelManager - Adding key: http://localhost:53781 for channel [id: 0xbc3f7e5b, L:/127.0.0.1:60453 - R:localhost/127.0.0.1:53781]
17:29:36.261 [Forwarding screenshot on session 0faaf1a65245fc553e387415a89fa7bd to remote] DEBUG org.asynchttpclient.netty.request.NettyRequestSender - Using pooled Channel '[id: 0xbc3f7e5b, L:/127.0.0.1:60453 - R:localhost/127.0.0.1:53781]' for 'GET' to 'http://localhost:53781/session/0faaf1a65245fc553e387415a89fa7bd/screenshot'
17:29:36.261 [Forwarding screenshot on session 0faaf1a65245fc553e387415a89fa7bd to remote] DEBUG org.asynchttpclient.netty.request.NettyRequestSender - Using open Channel [id: 0xbc3f7e5b, L:/127.0.0.1:60453 - R:localhost/127.0.0.1:53781] for GET '/session/0faaf1a65245fc553e387415a89fa7bd/screenshot'
17:29:36.607 [AsyncHttpClient-1-2] DEBUG org.asynchttpclient.netty.handler.HttpHandler - 

Request DefaultFullHttpRequest(decodeResult: success, version: HTTP/1.1, content: EmptyByteBufBE)
GET /session/0faaf1a65245fc553e387415a89fa7bd/screenshot HTTP/1.1
User-Agent: selenium/4.1.2 (java windows)
Cache-Control: no-cache
Content-Type: application/json; charset=utf-8
host: localhost:53781
accept: */*

Response DefaultHttpResponse(decodeResult: success, version: HTTP/1.1)
HTTP/1.1 200 OK
Content-Type: application/json; charset=utf-8
cache-control: no-cache
content-length: 87156

17:29:36.607 [AsyncHttpClient-1-2] DEBUG org.asynchttpclient.netty.channel.ChannelManager - Adding key: http://localhost:53781 for channel [id: 0xbc3f7e5b, L:/127.0.0.1:60453 - R:localhost/127.0.0.1:53781]
17:29:36.612 [main] DEBUG net.serenitybdd.core.photography.Darkroom - Send negative for processing for target\site\serenity\077dcaede00904f17d333f07f31a5e97938e2c60555381b52de3e31f06568ede.png
17:29:36.612 [Darkroom Processing Line] DEBUG net.serenitybdd.core.photography.DarkroomProcessingLine - Processing screenshot image in /var/screenshots/screenshot-9799260317973755230
17:29:36.612 [main] DEBUG net.thucydides.core.steps.StepInterceptor - STARTING STEP: PatientSteps.iInputPatientBloodTypeAndClickSearch - clickSearchButton
17:29:36.612 [Darkroom Processing Line] DEBUG net.serenitybdd.core.photography.DarkroomProcessingLine - Saving screenshot to target\site\serenity\077dcaede00904f17d333f07f31a5e97938e2c60555381b52de3e31f06568ede.png
17:29:36.616 [Forwarding findElement on session 0faaf1a65245fc553e387415a89fa7bd to remote] DEBUG org.asynchttpclient.netty.request.NettyRequestSender - Using pooled Channel '[id: 0xbc3f7e5b, L:/127.0.0.1:60453 - R:localhost/127.0.0.1:53781]' for 'POST' to 'http://localhost:53781/session/0faaf1a65245fc553e387415a89fa7bd/element'
17:29:36.616 [Forwarding findElement on session 0faaf1a65245fc553e387415a89fa7bd to remote] DEBUG org.asynchttpclient.netty.request.NettyRequestSender - Using open Channel [id: 0xbc3f7e5b, L:/127.0.0.1:60453 - R:localhost/127.0.0.1:53781] for POST '/session/0faaf1a65245fc553e387415a89fa7bd/element'
17:29:36.631 [AsyncHttpClient-1-2] DEBUG org.asynchttpclient.netty.handler.HttpHandler - 

Request DefaultHttpRequest(decodeResult: success, version: HTTP/1.1)
POST /session/0faaf1a65245fc553e387415a89fa7bd/element HTTP/1.1
User-Agent: selenium/4.1.2 (java windows)
Content-Length: 161
Content-Type: application/json; charset=utf-8
host: localhost:53781
accept: */*

Response DefaultHttpResponse(decodeResult: success, version: HTTP/1.1)
HTTP/1.1 200 OK
Content-Type: application/json; charset=utf-8
cache-control: no-cache
content-length: 88

17:29:36.631 [AsyncHttpClient-1-2] DEBUG org.asynchttpclient.netty.channel.ChannelManager - Adding key: http://localhost:53781 for channel [id: 0xbc3f7e5b, L:/127.0.0.1:60453 - R:localhost/127.0.0.1:53781]
17:29:36.633 [Forwarding getElementTagName on session 0faaf1a65245fc553e387415a89fa7bd to remote] DEBUG org.asynchttpclient.netty.request.NettyRequestSender - Using pooled Channel '[id: 0xbc3f7e5b, L:/127.0.0.1:60453 - R:localhost/127.0.0.1:53781]' for 'GET' to 'http://localhost:53781/session/0faaf1a65245fc553e387415a89fa7bd/element/55e204bd-365f-424b-86a8-7c3326825bd6/name'
17:29:36.633 [Forwarding getElementTagName on session 0faaf1a65245fc553e387415a89fa7bd to remote] DEBUG org.asynchttpclient.netty.request.NettyRequestSender - Using open Channel [id: 0xbc3f7e5b, L:/127.0.0.1:60453 - R:localhost/127.0.0.1:53781] for GET '/session/0faaf1a65245fc553e387415a89fa7bd/element/55e204bd-365f-424b-86a8-7c3326825bd6/name'
17:29:36.638 [AsyncHttpClient-1-2] DEBUG org.asynchttpclient.netty.handler.HttpHandler - 

Request DefaultFullHttpRequest(decodeResult: success, version: HTTP/1.1, content: EmptyByteBufBE)
GET /session/0faaf1a65245fc553e387415a89fa7bd/element/55e204bd-365f-424b-86a8-7c3326825bd6/name HTTP/1.1
User-Agent: selenium/4.1.2 (java windows)
Cache-Control: no-cache
Content-Type: application/json; charset=utf-8
host: localhost:53781
accept: */*

Response DefaultHttpResponse(decodeResult: success, version: HTTP/1.1)
HTTP/1.1 200 OK
Content-Type: application/json; charset=utf-8
cache-control: no-cache
content-length: 18

17:29:36.638 [AsyncHttpClient-1-2] DEBUG org.asynchttpclient.netty.channel.ChannelManager - Adding key: http://localhost:53781 for channel [id: 0xbc3f7e5b, L:/127.0.0.1:60453 - R:localhost/127.0.0.1:53781]
17:29:36.639 [Forwarding getElementTagName on session 0faaf1a65245fc553e387415a89fa7bd to remote] DEBUG org.asynchttpclient.netty.request.NettyRequestSender - Using pooled Channel '[id: 0xbc3f7e5b, L:/127.0.0.1:60453 - R:localhost/127.0.0.1:53781]' for 'GET' to 'http://localhost:53781/session/0faaf1a65245fc553e387415a89fa7bd/element/55e204bd-365f-424b-86a8-7c3326825bd6/name'
17:29:36.639 [Forwarding getElementTagName on session 0faaf1a65245fc553e387415a89fa7bd to remote] DEBUG org.asynchttpclient.netty.request.NettyRequestSender - Using open Channel [id: 0xbc3f7e5b, L:/127.0.0.1:60453 - R:localhost/127.0.0.1:53781] for GET '/session/0faaf1a65245fc553e387415a89fa7bd/element/55e204bd-365f-424b-86a8-7c3326825bd6/name'
17:29:36.642 [AsyncHttpClient-1-1] DEBUG org.asynchttpclient.netty.channel.DefaultChannelPool - Entry count for : http://localhost:60455 : 1
17:29:36.643 [AsyncHttpClient-1-2] DEBUG org.asynchttpclient.netty.handler.HttpHandler - 

Request DefaultFullHttpRequest(decodeResult: success, version: HTTP/1.1, content: EmptyByteBufBE)
GET /session/0faaf1a65245fc553e387415a89fa7bd/element/55e204bd-365f-424b-86a8-7c3326825bd6/name HTTP/1.1
User-Agent: selenium/4.1.2 (java windows)
Cache-Control: no-cache
Content-Type: application/json; charset=utf-8
host: localhost:53781
accept: */*

Response DefaultHttpResponse(decodeResult: success, version: HTTP/1.1)
HTTP/1.1 200 OK
Content-Type: application/json; charset=utf-8
cache-control: no-cache
content-length: 18

17:29:36.643 [AsyncHttpClient-1-2] DEBUG org.asynchttpclient.netty.channel.ChannelManager - Adding key: http://localhost:53781 for channel [id: 0xbc3f7e5b, L:/127.0.0.1:60453 - R:localhost/127.0.0.1:53781]
17:29:36.849 [Forwarding isElementEnabled on session 0faaf1a65245fc553e387415a89fa7bd to remote] DEBUG org.asynchttpclient.netty.request.NettyRequestSender - Using pooled Channel '[id: 0xbc3f7e5b, L:/127.0.0.1:60453 - R:localhost/127.0.0.1:53781]' for 'GET' to 'http://localhost:53781/session/0faaf1a65245fc553e387415a89fa7bd/element/55e204bd-365f-424b-86a8-7c3326825bd6/enabled'
17:29:36.849 [Forwarding isElementEnabled on session 0faaf1a65245fc553e387415a89fa7bd to remote] DEBUG org.asynchttpclient.netty.request.NettyRequestSender - Using open Channel [id: 0xbc3f7e5b, L:/127.0.0.1:60453 - R:localhost/127.0.0.1:53781] for GET '/session/0faaf1a65245fc553e387415a89fa7bd/element/55e204bd-365f-424b-86a8-7c3326825bd6/enabled'
17:29:36.860 [AsyncHttpClient-1-2] DEBUG org.asynchttpclient.netty.handler.HttpHandler - 

Request DefaultFullHttpRequest(decodeResult: success, version: HTTP/1.1, content: EmptyByteBufBE)
GET /session/0faaf1a65245fc553e387415a89fa7bd/element/55e204bd-365f-424b-86a8-7c3326825bd6/enabled HTTP/1.1
User-Agent: selenium/4.1.2 (java windows)
Cache-Control: no-cache
Content-Type: application/json; charset=utf-8
host: localhost:53781
accept: */*

Response DefaultHttpResponse(decodeResult: success, version: HTTP/1.1)
HTTP/1.1 200 OK
Content-Type: application/json; charset=utf-8
cache-control: no-cache
content-length: 14

17:29:36.860 [AsyncHttpClient-1-2] DEBUG org.asynchttpclient.netty.channel.ChannelManager - Adding key: http://localhost:53781 for channel [id: 0xbc3f7e5b, L:/127.0.0.1:60453 - R:localhost/127.0.0.1:53781]
17:29:36.861 [Forwarding isElementEnabled on session 0faaf1a65245fc553e387415a89fa7bd to remote] DEBUG org.asynchttpclient.netty.request.NettyRequestSender - Using pooled Channel '[id: 0xbc3f7e5b, L:/127.0.0.1:60453 - R:localhost/127.0.0.1:53781]' for 'GET' to 'http://localhost:53781/session/0faaf1a65245fc553e387415a89fa7bd/element/55e204bd-365f-424b-86a8-7c3326825bd6/enabled'
17:29:36.861 [Forwarding isElementEnabled on session 0faaf1a65245fc553e387415a89fa7bd to remote] DEBUG org.asynchttpclient.netty.request.NettyRequestSender - Using open Channel [id: 0xbc3f7e5b, L:/127.0.0.1:60453 - R:localhost/127.0.0.1:53781] for GET '/session/0faaf1a65245fc553e387415a89fa7bd/element/55e204bd-365f-424b-86a8-7c3326825bd6/enabled'
17:29:36.868 [AsyncHttpClient-1-2] DEBUG org.asynchttpclient.netty.handler.HttpHandler - 

Request DefaultFullHttpRequest(decodeResult: success, version: HTTP/1.1, content: EmptyByteBufBE)
GET /session/0faaf1a65245fc553e387415a89fa7bd/element/55e204bd-365f-424b-86a8-7c3326825bd6/enabled HTTP/1.1
User-Agent: selenium/4.1.2 (java windows)
Cache-Control: no-cache
Content-Type: application/json; charset=utf-8
host: localhost:53781
accept: */*

Response DefaultHttpResponse(decodeResult: success, version: HTTP/1.1)
HTTP/1.1 200 OK
Content-Type: application/json; charset=utf-8
cache-control: no-cache
content-length: 14

17:29:36.868 [AsyncHttpClient-1-2] DEBUG org.asynchttpclient.netty.channel.ChannelManager - Adding key: http://localhost:53781 for channel [id: 0xbc3f7e5b, L:/127.0.0.1:60453 - R:localhost/127.0.0.1:53781]
17:29:36.869 [Forwarding findElement on session 0faaf1a65245fc553e387415a89fa7bd to remote] DEBUG org.asynchttpclient.netty.request.NettyRequestSender - Using pooled Channel '[id: 0xbc3f7e5b, L:/127.0.0.1:60453 - R:localhost/127.0.0.1:53781]' for 'POST' to 'http://localhost:53781/session/0faaf1a65245fc553e387415a89fa7bd/element'
17:29:36.869 [Forwarding findElement on session 0faaf1a65245fc553e387415a89fa7bd to remote] DEBUG org.asynchttpclient.netty.request.NettyRequestSender - Using open Channel [id: 0xbc3f7e5b, L:/127.0.0.1:60453 - R:localhost/127.0.0.1:53781] for POST '/session/0faaf1a65245fc553e387415a89fa7bd/element'
17:29:36.877 [AsyncHttpClient-1-2] DEBUG org.asynchttpclient.netty.handler.HttpHandler - 

Request DefaultHttpRequest(decodeResult: success, version: HTTP/1.1)
POST /session/0faaf1a65245fc553e387415a89fa7bd/element HTTP/1.1
User-Agent: selenium/4.1.2 (java windows)
Content-Length: 161
Content-Type: application/json; charset=utf-8
host: localhost:53781
accept: */*

Response DefaultHttpResponse(decodeResult: success, version: HTTP/1.1)
HTTP/1.1 200 OK
Content-Type: application/json; charset=utf-8
cache-control: no-cache
content-length: 88

17:29:36.877 [AsyncHttpClient-1-2] DEBUG org.asynchttpclient.netty.channel.ChannelManager - Adding key: http://localhost:53781 for channel [id: 0xbc3f7e5b, L:/127.0.0.1:60453 - R:localhost/127.0.0.1:53781]
17:29:36.879 [Forwarding clickElement on session 0faaf1a65245fc553e387415a89fa7bd to remote] DEBUG org.asynchttpclient.netty.request.NettyRequestSender - Using pooled Channel '[id: 0xbc3f7e5b, L:/127.0.0.1:60453 - R:localhost/127.0.0.1:53781]' for 'POST' to 'http://localhost:53781/session/0faaf1a65245fc553e387415a89fa7bd/element/55e204bd-365f-424b-86a8-7c3326825bd6/click'
17:29:36.879 [Forwarding clickElement on session 0faaf1a65245fc553e387415a89fa7bd to remote] DEBUG org.asynchttpclient.netty.request.NettyRequestSender - Using open Channel [id: 0xbc3f7e5b, L:/127.0.0.1:60453 - R:localhost/127.0.0.1:53781] for POST '/session/0faaf1a65245fc553e387415a89fa7bd/element/55e204bd-365f-424b-86a8-7c3326825bd6/click'
17:29:37.593 [AsyncHttpClient-1-2] DEBUG org.asynchttpclient.netty.handler.HttpHandler - 

Request DefaultHttpRequest(decodeResult: success, version: HTTP/1.1)
POST /session/0faaf1a65245fc553e387415a89fa7bd/element/55e204bd-365f-424b-86a8-7c3326825bd6/click HTTP/1.1
User-Agent: selenium/4.1.2 (java windows)
Content-Length: 50
Content-Type: application/json; charset=utf-8
host: localhost:53781
accept: */*

Response DefaultHttpResponse(decodeResult: success, version: HTTP/1.1)
HTTP/1.1 200 OK
Content-Type: application/json; charset=utf-8
cache-control: no-cache
content-length: 14

17:29:37.593 [AsyncHttpClient-1-2] DEBUG org.asynchttpclient.netty.channel.ChannelManager - Adding key: http://localhost:53781 for channel [id: 0xbc3f7e5b, L:/127.0.0.1:60453 - R:localhost/127.0.0.1:53781]
17:29:37.599 [Forwarding screenshot on session 0faaf1a65245fc553e387415a89fa7bd to remote] DEBUG org.asynchttpclient.netty.request.NettyRequestSender - Using pooled Channel '[id: 0xbc3f7e5b, L:/127.0.0.1:60453 - R:localhost/127.0.0.1:53781]' for 'GET' to 'http://localhost:53781/session/0faaf1a65245fc553e387415a89fa7bd/screenshot'
17:29:37.599 [Forwarding screenshot on session 0faaf1a65245fc553e387415a89fa7bd to remote] DEBUG org.asynchttpclient.netty.request.NettyRequestSender - Using open Channel [id: 0xbc3f7e5b, L:/127.0.0.1:60453 - R:localhost/127.0.0.1:53781] for GET '/session/0faaf1a65245fc553e387415a89fa7bd/screenshot'
17:29:37.729 [AsyncHttpClient-1-2] DEBUG org.asynchttpclient.netty.handler.HttpHandler - 

Request DefaultFullHttpRequest(decodeResult: success, version: HTTP/1.1, content: EmptyByteBufBE)
GET /session/0faaf1a65245fc553e387415a89fa7bd/screenshot HTTP/1.1
User-Agent: selenium/4.1.2 (java windows)
Cache-Control: no-cache
Content-Type: application/json; charset=utf-8
host: localhost:53781
accept: */*

Response DefaultHttpResponse(decodeResult: success, version: HTTP/1.1)
HTTP/1.1 200 OK
Content-Type: application/json; charset=utf-8
cache-control: no-cache
content-length: 87668

17:29:37.729 [AsyncHttpClient-1-2] DEBUG org.asynchttpclient.netty.channel.ChannelManager - Adding key: http://localhost:53781 for channel [id: 0xbc3f7e5b, L:/127.0.0.1:60453 - R:localhost/127.0.0.1:53781]
17:29:37.734 [main] DEBUG net.serenitybdd.core.photography.Darkroom - Send negative for processing for target\site\serenity\eb804be08108fdc0862abbbfc6cc485412e1d39fb21170df1b375680b65bdaeb.png
17:29:37.734 [main] DEBUG net.thucydides.core.steps.StepInterceptor - STEP DONE: clickSearchButton
  &amp#27;[32mWhen &amp#27;[0m&amp#27;[32mI input patient blood type and click search&amp#27;[0m            &amp#27;[90m# starter.stepdefinitions.PatientSteps.iInputPatientBloodTypeAndClickSearch()&amp#27;[0m
17:29:37.734 [Darkroom Processing Line] DEBUG net.serenitybdd.core.photography.DarkroomProcessingLine - Processing screenshot image in /var/screenshots/screenshot-12725902593786648026
17:29:37.734 [Darkroom Processing Line] DEBUG net.serenitybdd.core.photography.DarkroomProcessingLine - Saving screenshot to target\site\serenity\eb804be08108fdc0862abbbfc6cc485412e1d39fb21170df1b375680b65bdaeb.png
17:29:37.743 [AsyncHttpClient-1-1] DEBUG org.asynchttpclient.netty.channel.DefaultChannelPool - Entry count for : http://localhost:60455 : 1
17:29:37.743 [AsyncHttpClient-1-1] DEBUG org.asynchttpclient.netty.channel.DefaultChannelPool - Entry count for : http://localhost:53781 : 1
17:29:37.747 [Forwarding findElement on session 0faaf1a65245fc553e387415a89fa7bd to remote] DEBUG org.asynchttpclient.netty.request.NettyRequestSender - Using pooled Channel '[id: 0xbc3f7e5b, L:/127.0.0.1:60453 - R:localhost/127.0.0.1:53781]' for 'POST' to 'http://localhost:53781/session/0faaf1a65245fc553e387415a89fa7bd/element'
17:29:37.747 [Forwarding findElement on session 0faaf1a65245fc553e387415a89fa7bd to remote] DEBUG org.asynchttpclient.netty.request.NettyRequestSender - Using open Channel [id: 0xbc3f7e5b, L:/127.0.0.1:60453 - R:localhost/127.0.0.1:53781] for POST '/session/0faaf1a65245fc553e387415a89fa7bd/element'
17:29:37.762 [AsyncHttpClient-1-2] DEBUG org.asynchttpclient.netty.handler.HttpHandler - 

Request DefaultHttpRequest(decodeResult: success, version: HTTP/1.1)
POST /session/0faaf1a65245fc553e387415a89fa7bd/element HTTP/1.1
User-Agent: selenium/4.1.2 (java windows)
Content-Length: 74
Content-Type: application/json; charset=utf-8
host: localhost:53781
accept: */*

Response DefaultHttpResponse(decodeResult: success, version: HTTP/1.1)
HTTP/1.1 200 OK
Content-Type: application/json; charset=utf-8
cache-control: no-cache
content-length: 88

17:29:37.762 [AsyncHttpClient-1-2] DEBUG org.asynchttpclient.netty.channel.ChannelManager - Adding key: http://localhost:53781 for channel [id: 0xbc3f7e5b, L:/127.0.0.1:60453 - R:localhost/127.0.0.1:53781]
17:29:37.766 [Forwarding isElementDisplayed on session 0faaf1a65245fc553e387415a89fa7bd to remote] DEBUG org.asynchttpclient.netty.request.NettyRequestSender - Using pooled Channel '[id: 0xbc3f7e5b, L:/127.0.0.1:60453 - R:localhost/127.0.0.1:53781]' for 'POST' to 'http://localhost:53781/session/0faaf1a65245fc553e387415a89fa7bd/execute/sync'
17:29:37.766 [Forwarding isElementDisplayed on session 0faaf1a65245fc553e387415a89fa7bd to remote] DEBUG org.asynchttpclient.netty.request.NettyRequestSender - Using open Channel [id: 0xbc3f7e5b, L:/127.0.0.1:60453 - R:localhost/127.0.0.1:53781] for POST '/session/0faaf1a65245fc553e387415a89fa7bd/execute/sync'
17:29:37.786 [AsyncHttpClient-1-2] DEBUG org.asynchttpclient.netty.handler.HttpHandler - 

Request DefaultHttpRequest(decodeResult: success, version: HTTP/1.1)
POST /session/0faaf1a65245fc553e387415a89fa7bd/execute/sync HTTP/1.1
User-Agent: selenium/4.1.2 (java windows)
Content-Length: 48780
Content-Type: application/json; charset=utf-8
host: localhost:53781
accept: */*

Response DefaultHttpResponse(decodeResult: success, version: HTTP/1.1)
HTTP/1.1 200 OK
Content-Type: application/json; charset=utf-8
cache-control: no-cache
content-length: 14

17:29:37.786 [AsyncHttpClient-1-2] DEBUG org.asynchttpclient.netty.channel.ChannelManager - Adding key: http://localhost:53781 for channel [id: 0xbc3f7e5b, L:/127.0.0.1:60453 - R:localhost/127.0.0.1:53781]
  &amp#27;[32mThen &amp#27;[0m&amp#27;[32mI validate search by patient blood type&amp#27;[0m                &amp#27;[90m# starter.stepdefinitions.PatientSteps.iValidateSearchByPatientBloodType()&amp#27;[0m
17:29:37.792 [Forwarding screenshot on session 0faaf1a65245fc553e387415a89fa7bd to remote] DEBUG org.asynchttpclient.netty.request.NettyRequestSender - Using pooled Channel '[id: 0xbc3f7e5b, L:/127.0.0.1:60453 - R:localhost/127.0.0.1:53781]' for 'GET' to 'http://localhost:53781/session/0faaf1a65245fc553e387415a89fa7bd/screenshot'
17:29:37.792 [Forwarding screenshot on session 0faaf1a65245fc553e387415a89fa7bd to remote] DEBUG org.asynchttpclient.netty.request.NettyRequestSender - Using open Channel [id: 0xbc3f7e5b, L:/127.0.0.1:60453 - R:localhost/127.0.0.1:53781] for GET '/session/0faaf1a65245fc553e387415a89fa7bd/screenshot'
17:29:37.911 [AsyncHttpClient-1-2] DEBUG org.asynchttpclient.netty.handler.HttpHandler - 

Request DefaultFullHttpRequest(decodeResult: success, version: HTTP/1.1, content: EmptyByteBufBE)
GET /session/0faaf1a65245fc553e387415a89fa7bd/screenshot HTTP/1.1
User-Agent: selenium/4.1.2 (java windows)
Cache-Control: no-cache
Content-Type: application/json; charset=utf-8
host: localhost:53781
accept: */*

Response DefaultHttpResponse(decodeResult: success, version: HTTP/1.1)
HTTP/1.1 200 OK
Content-Type: application/json; charset=utf-8
cache-control: no-cache
content-length: 88416

17:29:37.911 [AsyncHttpClient-1-2] DEBUG org.asynchttpclient.netty.channel.ChannelManager - Adding key: http://localhost:53781 for channel [id: 0xbc3f7e5b, L:/127.0.0.1:60453 - R:localhost/127.0.0.1:53781]
17:29:37.916 [main] DEBUG net.serenitybdd.core.photography.Darkroom - Send negative for processing for target\site\serenity\db787119ee50121701ac81148202cad02255f61f401b051e1723ebee6a3b6315.png
17:29:37.916 [Darkroom Processing Line] DEBUG net.serenitybdd.core.photography.DarkroomProcessingLine - Processing screenshot image in /var/screenshots/screenshot-18043904892965395531
17:29:37.916 [Darkroom Processing Line] DEBUG net.serenitybdd.core.photography.DarkroomProcessingLine - Saving screenshot to target\site\serenity\db787119ee50121701ac81148202cad02255f61f401b051e1723ebee6a3b6315.png
17:29:37.918 [main] INFO  - 
  _____   ___   ___   _____     ___     _     ___   ___   ___   ___  
 |_   _| | __| / __| |_   _|   | _ \   /_\   / __| / __| | __| |   \ 
   | |   | _|  \__ \   | |     |  _/  / _ \  \__ \ \__ \ | _|  | |) |
   |_|   |___| |___/   |_|     |_|   /_/ \_\ |___/ |___/ |___| |___/ 

Search Patient Based on Patient Blood Type Scenario
----------------------------------------------------------------------
17:29:37.920 [AsyncHttpClient-1-4] DEBUG org.asynchttpclient.netty.handler.WebSocketHandler - Channel Closed: [id: 0xeb6e76c1, L:/127.0.0.1:60462 ! R:localhost/127.0.0.1:60455] with attribute NettyResponseFuture{currentRetry=5,
	isDone=1,
	isCancelled=0,
	asyncHandler=org.asynchttpclient.ws.WebSocketUpgradeHandler@50455970,
	nettyRequest=org.asynchttpclient.netty.request.NettyRequest@1dca6a24,
	future=java.util.concurrent.CompletableFuture@56ed5851[Completed normally],
	uri=ws://localhost:60455/devtools/browser/8ab1eaae-6d11-4924-9227-93d851380ed2,
	keepAlive=true,
	redirectCount=0,
	timeoutsHolder=null,
	inAuth=0,
	touch=1655375342823}
17:29:37.920 [AsyncHttpClient-1-4] DEBUG org.asynchttpclient.netty.channel.ChannelManager - Closing Channel [id: 0xeb6e76c1, L:/127.0.0.1:60462 ! R:localhost/127.0.0.1:60455] 
17:29:37.920 [Driver Command Executor] DEBUG org.asynchttpclient.netty.request.NettyRequestSender - Using pooled Channel '[id: 0xbc3f7e5b, L:/127.0.0.1:60453 - R:localhost/127.0.0.1:53781]' for 'DELETE' to 'http://localhost:53781/session/0faaf1a65245fc553e387415a89fa7bd'
17:29:37.920 [Driver Command Executor] DEBUG org.asynchttpclient.netty.request.NettyRequestSender - Using open Channel [id: 0xbc3f7e5b, L:/127.0.0.1:60453 - R:localhost/127.0.0.1:53781] for DELETE '/session/0faaf1a65245fc553e387415a89fa7bd'
17:29:38.843 [AsyncHttpClient-1-1] DEBUG org.asynchttpclient.netty.channel.DefaultChannelPool - Entry count for : http://localhost:60455 : 1
17:29:39.942 [AsyncHttpClient-1-1] DEBUG org.asynchttpclient.netty.channel.DefaultChannelPool - Entry count for : http://localhost:60455 : 1
17:29:41.042 [AsyncHttpClient-1-1] DEBUG org.asynchttpclient.netty.channel.DefaultChannelPool - Entry count for : http://localhost:60455 : 1
17:29:41.981 [AsyncHttpClient-1-3] DEBUG org.asynchttpclient.netty.handler.HttpHandler - Unexpected I/O exception on channel [id: 0xa28ded41, L:/127.0.0.1:60461 - R:localhost/127.0.0.1:60455]
java.net.SocketException: Connection reset
	at java.base/sun.nio.ch.SocketChannelImpl.throwConnectionReset(SocketChannelImpl.java:367)
	at java.base/sun.nio.ch.SocketChannelImpl.read(SocketChannelImpl.java:398)
	at io.netty.buffer.PooledByteBuf.setBytes(PooledByteBuf.java:258)
	at io.netty.buffer.AbstractByteBuf.writeBytes(AbstractByteBuf.java:1132)
	at io.netty.channel.socket.nio.NioSocketChannel.doReadBytes(NioSocketChannel.java:350)
	at io.netty.channel.nio.AbstractNioByteChannel$NioByteUnsafe.read(AbstractNioByteChannel.java:151)
	at io.netty.channel.nio.NioEventLoop.processSelectedKey(NioEventLoop.java:722)
	at io.netty.channel.nio.NioEventLoop.processSelectedKeysOptimized(NioEventLoop.java:658)
	at io.netty.channel.nio.NioEventLoop.processSelectedKeys(NioEventLoop.java:584)
	at io.netty.channel.nio.NioEventLoop.run(NioEventLoop.java:496)
	at io.netty.util.concurrent.SingleThreadEventExecutor$4.run(SingleThreadEventExecutor.java:986)
	at io.netty.util.internal.ThreadExecutorMap$2.run(ThreadExecutorMap.java:74)
	at io.netty.util.concurrent.FastThreadLocalRunnable.run(FastThreadLocalRunnable.java:30)
	at java.base/java.lang.Thread.run(Thread.java:832)
17:29:41.981 [AsyncHttpClient-1-3] DEBUG org.asynchttpclient.netty.channel.ChannelManager - Closing Channel [id: 0xa28ded41, L:/127.0.0.1:60461 - R:localhost/127.0.0.1:60455] 
17:29:41.981 [AsyncHttpClient-1-3] DEBUG org.asynchttpclient.netty.handler.HttpHandler - Channel Closed: [id: 0xa28ded41, L:/127.0.0.1:60461 ! R:localhost/127.0.0.1:60455] with attribute DISCARD
17:29:42.017 [AsyncHttpClient-1-2] DEBUG org.asynchttpclient.netty.handler.HttpHandler - 

Request DefaultFullHttpRequest(decodeResult: success, version: HTTP/1.1, content: EmptyByteBufBE)
DELETE /session/0faaf1a65245fc553e387415a89fa7bd HTTP/1.1
User-Agent: selenium/4.1.2 (java windows)
Content-Type: application/json; charset=utf-8
host: localhost:53781
accept: */*

Response DefaultHttpResponse(decodeResult: success, version: HTTP/1.1)
HTTP/1.1 200 OK
Content-Type: application/json; charset=utf-8
cache-control: no-cache
content-length: 14

17:29:42.017 [AsyncHttpClient-1-2] DEBUG org.asynchttpclient.netty.channel.ChannelManager - Adding key: http://localhost:53781 for channel [id: 0xbc3f7e5b, L:/127.0.0.1:60453 - R:localhost/127.0.0.1:53781]
17:29:42.142 [AsyncHttpClient-1-1] DEBUG org.asynchttpclient.netty.channel.DefaultChannelPool - Entry count for : http://localhost:60455 : 1
17:29:42.142 [AsyncHttpClient-1-1] DEBUG org.asynchttpclient.netty.channel.DefaultChannelPool - Entry count for : http://localhost:53781 : 1
17:29:42.142 [AsyncHttpClient-1-1] DEBUG org.asynchttpclient.netty.channel.DefaultChannelPool - Adding Candidate expired Channel [id: 0xa28ded41, L:/127.0.0.1:60461 ! R:localhost/127.0.0.1:60455] isIdleTimeoutExpired=false isRemotelyClosed=true isTtlExpired=false
17:29:42.142 [AsyncHttpClient-1-1] DEBUG org.asynchttpclient.netty.channel.DefaultChannelPool - Closing Idle Channel [id: 0xa28ded41, L:/127.0.0.1:60461 ! R:localhost/127.0.0.1:60455]
17:29:42.142 [AsyncHttpClient-1-1] DEBUG org.asynchttpclient.netty.channel.DefaultChannelPool - Closed 1 connections out of 2 in 0 ms
17:29:43.026 [AsyncHttpClient-1-2] DEBUG org.asynchttpclient.netty.handler.HttpHandler - Unexpected I/O exception on channel [id: 0xbc3f7e5b, L:/127.0.0.1:60453 - R:localhost/127.0.0.1:53781]
java.net.SocketException: Connection reset
	at java.base/sun.nio.ch.SocketChannelImpl.throwConnectionReset(SocketChannelImpl.java:367)
	at java.base/sun.nio.ch.SocketChannelImpl.read(SocketChannelImpl.java:398)
	at io.netty.buffer.PooledByteBuf.setBytes(PooledByteBuf.java:258)
	at io.netty.buffer.AbstractByteBuf.writeBytes(AbstractByteBuf.java:1132)
	at io.netty.channel.socket.nio.NioSocketChannel.doReadBytes(NioSocketChannel.java:350)
	at io.netty.channel.nio.AbstractNioByteChannel$NioByteUnsafe.read(AbstractNioByteChannel.java:151)
	at io.netty.channel.nio.NioEventLoop.processSelectedKey(NioEventLoop.java:722)
	at io.netty.channel.nio.NioEventLoop.processSelectedKeysOptimized(NioEventLoop.java:658)
	at io.netty.channel.nio.NioEventLoop.processSelectedKeys(NioEventLoop.java:584)
	at io.netty.channel.nio.NioEventLoop.run(NioEventLoop.java:496)
	at io.netty.util.concurrent.SingleThreadEventExecutor$4.run(SingleThreadEventExecutor.java:986)
	at io.netty.util.internal.ThreadExecutorMap$2.run(ThreadExecutorMap.java:74)
	at io.netty.util.concurrent.FastThreadLocalRunnable.run(FastThreadLocalRunnable.java:30)
	at java.base/java.lang.Thread.run(Thread.java:832)
17:29:43.026 [AsyncHttpClient-1-2] DEBUG org.asynchttpclient.netty.channel.ChannelManager - Closing Channel [id: 0xbc3f7e5b, L:/127.0.0.1:60453 - R:localhost/127.0.0.1:53781] 
17:29:43.027 [AsyncHttpClient-1-2] DEBUG org.asynchttpclient.netty.handler.HttpHandler - Channel Closed: [id: 0xbc3f7e5b, L:/127.0.0.1:60453 ! R:localhost/127.0.0.1:53781] with attribute DISCARD
]]></system-out>
    <system-err><![CDATA[Starting ChromeDriver 102.0.5005.61 (0e59bcc00cc4985ce39ad31c150065f159d95ad3-refs/branch-heads/5005@{#819}) on port 53781
Only local connections are allowed.
Please see https://chromedriver.chromium.org/security-considerations for suggestions on keeping ChromeDriver safe.
ChromeDriver was started successfully.
Jun 16, 2022 5:29:02 PM org.openqa.selenium.remote.ProtocolHandshake createSession
INFO: Detected dialect: W3C
Jun 16, 2022 5:29:02 PM org.openqa.selenium.devtools.CdpVersionFinder findNearestMatch
WARNING: Unable to find an exact match for CDP version 102, so returning the closest version found: a no-op implementation
Jun 16, 2022 5:29:02 PM org.openqa.selenium.devtools.CdpVersionFinder findNearestMatch
INFO: Unable to find CDP implementation matching 102.
Jun 16, 2022 5:29:02 PM org.openqa.selenium.chromium.ChromiumDriver lambda$new$3
WARNING: Unable to find version of CDP to use for . You may need to include a dependency on a specific version of the CDP using something similar to `org.seleniumhq.selenium:selenium-devtools-v86:4.1.2` where the version ("v86") matches the version of the chromium-based browser you're using and the version number of the artifact is the same as Selenium's.
]]></system-err>
  </testcase>
</testsuite>